<?xml version="1.0" encoding="UTF-8"?>
<testsuite name="de.tum.cit.aet.artemis.programming.ProgrammingSubmissionIntegrationTest" tests="43" skipped="0" failures="0" errors="0" timestamp="2025-02-14T23:49:05" hostname="fv-az1721-502" time="4.877">
  <properties/>
  <testcase name="triggerBuildInstructor_cannotGetLastCommitHash()" classname="de.tum.cit.aet.artemis.programming.ProgrammingSubmissionIntegrationTest" time="0.101"/>
  <testcase name="triggerFailedBuildSubmissionNotLatestButLastGradedNotFound()" classname="de.tum.cit.aet.artemis.programming.ProgrammingSubmissionIntegrationTest" time="0.11"/>
  <testcase name="triggerBuildStudentSubmissionNotFound()" classname="de.tum.cit.aet.artemis.programming.ProgrammingSubmissionIntegrationTest" time="0.098"/>
  <testcase name="getProgrammingSubmissionWithoutAssessmentDueDateNotPassedYet()" classname="de.tum.cit.aet.artemis.programming.ProgrammingSubmissionIntegrationTest" time="0.107"/>
  <testcase name="testNotifyPush_invalidParticipation()" classname="de.tum.cit.aet.artemis.programming.ProgrammingSubmissionIntegrationTest" time="0.077"/>
  <testcase name="testGetProgrammingSubmissionWithoutAssessment()" classname="de.tum.cit.aet.artemis.programming.ProgrammingSubmissionIntegrationTest" time="0.093"/>
  <testcase name="triggerBuildForParticipationsTutorForbidden()" classname="de.tum.cit.aet.artemis.programming.ProgrammingSubmissionIntegrationTest" time="0.107"/>
  <testcase name="testLockAndGetProgrammingSubmissionWithoutManualResult()" classname="de.tum.cit.aet.artemis.programming.ProgrammingSubmissionIntegrationTest" time="0.598"/>
  <testcase name="triggerBuildForExerciseStudentForbidden()" classname="de.tum.cit.aet.artemis.programming.ProgrammingSubmissionIntegrationTest" time="0.063"/>
  <testcase name="testGetProgrammingSubmissionWithoutAssessmentLockSubmission()" classname="de.tum.cit.aet.artemis.programming.ProgrammingSubmissionIntegrationTest" time="0.127"/>
  <testcase name="triggerBuildForParticipationsInstructorEmpty()" classname="de.tum.cit.aet.artemis.programming.ProgrammingSubmissionIntegrationTest" time="0.088"/>
  <testcase name="triggerBuildStudentForbidden()" classname="de.tum.cit.aet.artemis.programming.ProgrammingSubmissionIntegrationTest" time="0.065"/>
  <testcase name="getAllProgrammingSubmissionsAssessedByTutorAllSubmissionsReturned()" classname="de.tum.cit.aet.artemis.programming.ProgrammingSubmissionIntegrationTest" time="0.133"/>
  <testcase name="testLockAndGetProgrammingSubmissionLessManualResultsThanCorrectionRoundWithoutAutomaticResult()" classname="de.tum.cit.aet.artemis.programming.ProgrammingSubmissionIntegrationTest" time="0.109"/>
  <testcase name="testNotifyPush_commitIsDifferentBranch()" classname="de.tum.cit.aet.artemis.programming.ProgrammingSubmissionIntegrationTest" time="0.261"/>
  <testcase name="triggerBuildForParticipationsInstructorParticipationsEmpty()" classname="de.tum.cit.aet.artemis.programming.ProgrammingSubmissionIntegrationTest" time="0.077"/>
  <testcase name="triggerBuildInstructorStudentForbidden()" classname="de.tum.cit.aet.artemis.programming.ProgrammingSubmissionIntegrationTest" time="0.071"/>
  <testcase name="testNotifyPush_cannotGetLastCommitDetails()" classname="de.tum.cit.aet.artemis.programming.ProgrammingSubmissionIntegrationTest" time="0.096"/>
  <testcase name="triggerBuildForExerciseEditorForbidden()" classname="de.tum.cit.aet.artemis.programming.ProgrammingSubmissionIntegrationTest" time="0.072"/>
  <testcase name="testLockAndGetProgrammingSubmissionLessManualResultsThanCorrectionRoundWithAutomaticResult()" classname="de.tum.cit.aet.artemis.programming.ProgrammingSubmissionIntegrationTest" time="0.123"/>
  <testcase name="getProgrammingSubmissionWithoutAssessmentAsTutorWithOneAvailableReturnsSubmission()" classname="de.tum.cit.aet.artemis.programming.ProgrammingSubmissionIntegrationTest" time="0.089"/>
  <testcase name="testNotifyPush_studentCommitUpdatesSubmissionCount()" classname="de.tum.cit.aet.artemis.programming.ProgrammingSubmissionIntegrationTest" time="0.076"/>
  <testcase name="getAllProgrammingSubmissionsAsUserForbidden()" classname="de.tum.cit.aet.artemis.programming.ProgrammingSubmissionIntegrationTest" time="0.083"/>
  <testcase name="triggerBuildForExerciseTutorForbidden()" classname="de.tum.cit.aet.artemis.programming.ProgrammingSubmissionIntegrationTest" time="0.066"/>
  <testcase name="triggerBuildInstructor()" classname="de.tum.cit.aet.artemis.programming.ProgrammingSubmissionIntegrationTest" time="0.073"/>
  <testcase name="testGetProgrammingSubmissionWithoutAssessmentWithIndividualDueDate(boolean) [1] isIndividualDueDateInFuture=true" classname="de.tum.cit.aet.artemis.programming.ProgrammingSubmissionIntegrationTest" time="0.091"/>
  <testcase name="testGetProgrammingSubmissionWithoutAssessmentWithIndividualDueDate(boolean) [2] isIndividualDueDateInFuture=false" classname="de.tum.cit.aet.artemis.programming.ProgrammingSubmissionIntegrationTest" time="0.097"/>
  <testcase name="testGetModelSubmissionWithoutAssessmentTestLockLimit()" classname="de.tum.cit.aet.artemis.programming.ProgrammingSubmissionIntegrationTest" time="0.264"/>
  <testcase name="triggerFailedBuildEmptyLatestPendingSubmission()" classname="de.tum.cit.aet.artemis.programming.ProgrammingSubmissionIntegrationTest" time="0.069"/>
  <testcase name="testNotifyPush_isSetupCommit()" classname="de.tum.cit.aet.artemis.programming.ProgrammingSubmissionIntegrationTest" time="0.067"/>
  <testcase name="triggerFailedBuildResultPresentInCIOk()" classname="de.tum.cit.aet.artemis.programming.ProgrammingSubmissionIntegrationTest" time="0.076"/>
  <testcase name="triggerFailedBuild_CIException()" classname="de.tum.cit.aet.artemis.programming.ProgrammingSubmissionIntegrationTest" time="0.104"/>
  <testcase name="triggerBuildForParticipationsStudentForbidden()" classname="de.tum.cit.aet.artemis.programming.ProgrammingSubmissionIntegrationTest" time="0.069"/>
  <testcase name="[1] lock=true" classname="de.tum.cit.aet.artemis.programming.ProgrammingSubmissionIntegrationTest" time="0.09"/>
  <testcase name="[2] lock=false" classname="de.tum.cit.aet.artemis.programming.ProgrammingSubmissionIntegrationTest" time="0.087"/>
  <testcase name="triggerFailedBuildSubmissionNotFound()" classname="de.tum.cit.aet.artemis.programming.ProgrammingSubmissionIntegrationTest" time="0.083"/>
  <testcase name="getAllProgrammingSubmissionsAsInstructorAllSubmissionsReturned()" classname="de.tum.cit.aet.artemis.programming.ProgrammingSubmissionIntegrationTest" time="0.122"/>
  <testcase name="triggerBuildInstructorTutorForbidden()" classname="de.tum.cit.aet.artemis.programming.ProgrammingSubmissionIntegrationTest" time="0.066"/>
  <testcase name="triggerBuildStudent()" classname="de.tum.cit.aet.artemis.programming.ProgrammingSubmissionIntegrationTest" time="0.067"/>
  <testcase name="triggerBuildForParticipationsEditorForbidden()" classname="de.tum.cit.aet.artemis.programming.ProgrammingSubmissionIntegrationTest" time="0.064"/>
  <testcase name="triggerFailedBuildForbiddenParticipationAccess()" classname="de.tum.cit.aet.artemis.programming.ProgrammingSubmissionIntegrationTest" time="0.069"/>
  <testcase name="triggerBuildForExerciseAsInstructor()" classname="de.tum.cit.aet.artemis.programming.ProgrammingSubmissionIntegrationTest" time="0.172"/>
  <testcase name="testLockAndGetProgrammingSubmissionWithManualResult()" classname="de.tum.cit.aet.artemis.programming.ProgrammingSubmissionIntegrationTest" time="0.191"/>
  <system-out><![CDATA[
Starting logs for ProgrammingSubmissionIntegrationTest

  Starting logs for ProgrammingSubmissionIntegrationTest > triggerBuildInstructor_cannotGetLastCommitHash()
    23:49:05.826 | 464 ool-1-worker-228 | DEBUG | d.t.c.a.a.c.u.util.UserUtilService   : Generate 10 students...
    23:49:05.831 | 464 ool-1-worker-228 | DEBUG | d.t.c.a.a.c.u.util.UserUtilService   : 10 students generated. Generate 2 tutors...
    23:49:05.833 | 464 ool-1-worker-228 | DEBUG | d.t.c.a.a.c.u.util.UserUtilService   : 2 tutors generated. Generate 1 editors...
    23:49:05.834 | 464 ool-1-worker-228 | DEBUG | d.t.c.a.a.c.u.util.UserUtilService   : 1 editors generated. Generate 2 instructors...
    23:49:05.836 | 464 ool-1-worker-228 | DEBUG | d.t.c.a.a.c.u.util.UserUtilService   : 2 instructors generated
    23:49:05.838 | 464 ool-1-worker-228 | DEBUG | d.t.c.a.a.c.u.util.UserUtilService   : Removing 7 users from all courses...
    23:49:05.838 | 464 ool-1-worker-228 | DEBUG | d.t.c.a.a.c.u.util.UserUtilService   : Removing 7 users from all courses. Done
    23:49:05.838 | 464 ool-1-worker-228 | DEBUG | d.t.c.a.a.c.u.util.UserUtilService   : Save 15 users to database...
    23:49:05.842 | 464 ool-1-worker-228 | DEBUG | d.t.c.a.a.c.u.util.UserUtilService   : Save 15 users to database. Done
    23:49:05.907 | 464 ool-1-worker-228 | DEBUG | .c.s.m.InstanceMessageReceiveService : Received schedule participant score for exercise 3531 and participant 780 (result to be deleted: null)
    23:49:05.907 | 464 ool-1-worker-228 | DEBUG | .a.s.ParticipantScoreScheduleService : Scheduled task for exercise 3531 and participant 780 at 2025-02-14T23:49:06.007347921Z[Etc/UTC].
    23:49:05.910 | 464 ool-1-worker-228 | DEBUG | PersonalAccessTokenManagementService : Generate secure vcs access token
    23:49:05.911 | 464 ool-1-worker-228 | INFO  | i.z.t.d.l.EmbeddedDatabaseReporter   : JDBC URL to connect to 'dataSource': url='jdbc:h2:tcp://localhost:41063/mem:736625c0-cf5e-400d-aeaa-8a7eabd6262b;USER=sa', scope='ProgrammingSubmissionIntegrationTest#triggerBuildInstructor_cannotGetLastCommitHash'
    23:49:05.913 | 464 ool-1-worker-228 | DEBUG | d.t.c.a.a.c.s.f.ApiVersionFilter     : Adding Version to Request POST /api/programming-submissions/5050/trigger-build
    23:49:05.917 | 464 ool-1-worker-228 | WARN  | a.a.p.s.ProgrammingSubmissionService : Last commit hash for participation 5050 could not be retrieved due to exception: null
    23:49:05.917 | 464 ool-1-worker-228 | WARN  | o.z.p.spring.common.AdviceTraits     : Not Found: Last commit hash for participation 5050 could not be retrieved due to exception: null

  Starting logs for ProgrammingSubmissionIntegrationTest > triggerFailedBuildSubmissionNotLatestButLastGradedNotFound()
    23:49:05.929 | 464 ool-1-worker-228 | DEBUG | d.t.c.a.a.c.u.util.UserUtilService   : Generate 10 students...
    23:49:05.943 | 464 ool-1-worker-228 | DEBUG | d.t.c.a.a.c.u.util.UserUtilService   : 10 students generated. Generate 2 tutors...
    23:49:05.946 | 464 ool-1-worker-228 | DEBUG | d.t.c.a.a.c.u.util.UserUtilService   : 2 tutors generated. Generate 1 editors...
    23:49:05.948 | 464 ool-1-worker-228 | DEBUG | d.t.c.a.a.c.u.util.UserUtilService   : 1 editors generated. Generate 2 instructors...
    23:49:05.951 | 464 ool-1-worker-228 | DEBUG | d.t.c.a.a.c.u.util.UserUtilService   : 2 instructors generated
    23:49:05.952 | 464 ool-1-worker-228 | DEBUG | d.t.c.a.a.c.u.util.UserUtilService   : Removing 15 users from all courses...
    23:49:05.954 | 464 ool-1-worker-228 | DEBUG | d.t.c.a.a.c.u.util.UserUtilService   : Removing 15 users from all courses. Done
    23:49:05.954 | 464 ool-1-worker-228 | DEBUG | d.t.c.a.a.c.u.util.UserUtilService   : Save 15 users to database...
    23:49:05.971 | 464 ool-1-worker-228 | DEBUG | d.t.c.a.a.c.u.util.UserUtilService   : Save 15 users to database. Done
    23:49:06.008 | 464 ool-1-worker-228 | DEBUG | .c.s.m.InstanceMessageReceiveService : Received schedule participant score for exercise 3532 and participant 780 (result to be deleted: null)
    23:49:06.008 | 464 ool-1-worker-228 | DEBUG | .a.s.ParticipantScoreScheduleService : Scheduled task for exercise 3532 and participant 780 at 2025-02-14T23:49:06.108071194Z[Etc/UTC].
    23:49:06.010 | 464 ool-1-worker-228 | DEBUG | PersonalAccessTokenManagementService : Generate secure vcs access token
    23:49:06.012 | 464 ool-1-worker-228 | INFO  | i.z.t.d.l.EmbeddedDatabaseReporter   : JDBC URL to connect to 'dataSource': url='jdbc:h2:tcp://localhost:41063/mem:736625c0-cf5e-400d-aeaa-8a7eabd6262b;USER=sa', scope='ProgrammingSubmissionIntegrationTest#triggerFailedBuildSubmissionNotLatestButLastGradedNotFound'
    23:49:06.016 | 464 ool-1-worker-228 | DEBUG | d.t.c.a.a.c.s.f.ApiVersionFilter     : Adding Version to Request POST /api/programming-submissions/5056/trigger-failed-build
    23:49:06.028 | 464 ool-1-worker-228 | WARN  | o.z.p.spring.common.AdviceTraits     : Not Found: No latest pending programming submission found for participationId 5056

  Starting logs for ProgrammingSubmissionIntegrationTest > triggerBuildStudentSubmissionNotFound()
    23:49:06.038 | 464 ool-1-worker-228 | DEBUG | d.t.c.a.a.c.u.util.UserUtilService   : Generate 10 students...
    23:49:06.048 | 464 ool-1-worker-228 | DEBUG | d.t.c.a.a.c.u.util.UserUtilService   : 10 students generated. Generate 2 tutors...
    23:49:06.051 | 464 ool-1-worker-228 | DEBUG | d.t.c.a.a.c.u.util.UserUtilService   : 2 tutors generated. Generate 1 editors...
    23:49:06.054 | 464 ool-1-worker-228 | DEBUG | d.t.c.a.a.c.u.util.UserUtilService   : 1 editors generated. Generate 2 instructors...
    23:49:06.057 | 464 ool-1-worker-228 | DEBUG | d.t.c.a.a.c.u.util.UserUtilService   : 2 instructors generated
    23:49:06.058 | 464 ool-1-worker-228 | DEBUG | d.t.c.a.a.c.u.util.UserUtilService   : Removing 15 users from all courses...
    23:49:06.059 | 464 ool-1-worker-228 | DEBUG | d.t.c.a.a.c.u.util.UserUtilService   : Removing 15 users from all courses. Done
    23:49:06.059 | 464 ool-1-worker-228 | DEBUG | d.t.c.a.a.c.u.util.UserUtilService   : Save 15 users to database...
    23:49:06.065 | 464 ool-1-worker-228 | DEBUG | d.t.c.a.a.c.u.util.UserUtilService   : Save 15 users to database. Done
    23:49:06.099 | 464 ool-1-worker-228 | DEBUG | .c.s.m.InstanceMessageReceiveService : Received schedule participant score for exercise 3533 and participant 780 (result to be deleted: null)
    23:49:06.099 | 464 ool-1-worker-228 | DEBUG | .a.s.ParticipantScoreScheduleService : Scheduled task for exercise 3533 and participant 780 at 2025-02-14T23:49:06.199711937Z[Etc/UTC].
    23:49:06.102 | 464 ool-1-worker-228 | DEBUG | PersonalAccessTokenManagementService : Generate secure vcs access token
    23:49:06.103 | 464 ool-1-worker-228 | INFO  | i.z.t.d.l.EmbeddedDatabaseReporter   : JDBC URL to connect to 'dataSource': url='jdbc:h2:tcp://localhost:41063/mem:736625c0-cf5e-400d-aeaa-8a7eabd6262b;USER=sa', scope='ProgrammingSubmissionIntegrationTest#triggerBuildStudentSubmissionNotFound'
    23:49:06.125 | 464 ool-1-worker-228 | DEBUG | d.t.c.a.a.c.s.f.ApiVersionFilter     : Adding Version to Request POST /api/programming-submissions/5064/trigger-build
    23:49:06.126 | 464 ool-1-worker-228 | WARN  | o.z.p.spring.common.AdviceTraits     : Not Found: Participation is not a ProgrammingExerciseParticipation

  Starting logs for ProgrammingSubmissionIntegrationTest > getProgrammingSubmissionWithoutAssessmentDueDateNotPassedYet()
    23:49:06.137 | 464 ool-1-worker-228 | DEBUG | d.t.c.a.a.c.u.util.UserUtilService   : Generate 10 students...
    23:49:06.147 | 464 ool-1-worker-228 | DEBUG | d.t.c.a.a.c.u.util.UserUtilService   : 10 students generated. Generate 2 tutors...
    23:49:06.150 | 464 ool-1-worker-228 | DEBUG | d.t.c.a.a.c.u.util.UserUtilService   : 2 tutors generated. Generate 1 editors...
    23:49:06.152 | 464 ool-1-worker-228 | DEBUG | d.t.c.a.a.c.u.util.UserUtilService   : 1 editors generated. Generate 2 instructors...
    23:49:06.156 | 464 ool-1-worker-228 | DEBUG | d.t.c.a.a.c.u.util.UserUtilService   : 2 instructors generated
    23:49:06.157 | 464 ool-1-worker-228 | DEBUG | d.t.c.a.a.c.u.util.UserUtilService   : Removing 15 users from all courses...
    23:49:06.158 | 464 ool-1-worker-228 | DEBUG | d.t.c.a.a.c.u.util.UserUtilService   : Removing 15 users from all courses. Done
    23:49:06.158 | 464 ool-1-worker-228 | DEBUG | d.t.c.a.a.c.u.util.UserUtilService   : Save 15 users to database...
    23:49:06.164 | 464 ool-1-worker-228 | DEBUG | d.t.c.a.a.c.u.util.UserUtilService   : Save 15 users to database. Done
    23:49:06.198 | 464 ool-1-worker-228 | DEBUG | .c.s.m.InstanceMessageReceiveService : Received schedule participant score for exercise 3545 and participant 780 (result to be deleted: null)
    23:49:06.198 | 464 ool-1-worker-228 | DEBUG | .a.s.ParticipantScoreScheduleService : Scheduled task for exercise 3545 and participant 780 at 2025-02-14T23:49:06.298118227Z[Etc/UTC].
    23:49:06.201 | 464 ool-1-worker-228 | DEBUG | PersonalAccessTokenManagementService : Generate secure vcs access token
    23:49:06.203 | 464 ool-1-worker-228 | INFO  | i.z.t.d.l.EmbeddedDatabaseReporter   : JDBC URL to connect to 'dataSource': url='jdbc:h2:tcp://localhost:41063/mem:736625c0-cf5e-400d-aeaa-8a7eabd6262b;USER=sa', scope='ProgrammingSubmissionIntegrationTest#getProgrammingSubmissionWithoutAssessmentDueDateNotPassedYet'
    23:49:06.206 | 464 ool-1-worker-228 | DEBUG | .c.s.m.InstanceMessageReceiveService : Received schedule participant score for exercise 3545 and participant 780 (result to be deleted: null)
    23:49:06.206 | 464 ool-1-worker-228 | DEBUG | .a.s.ParticipantScoreScheduleService : Scheduled task for exercise 3545 and participant 780 at 2025-02-14T23:49:06.306779149Z[Etc/UTC].
    23:49:06.224 | 464 ool-1-worker-228 | DEBUG | .c.s.m.InstanceMessageReceiveService : Received schedule participant score for exercise 3545 and participant 780 (result to be deleted: null)
    23:49:06.224 | 464 ool-1-worker-228 | DEBUG | .a.s.ParticipantScoreScheduleService : Scheduled task for exercise 3545 and participant 780 at 2025-02-14T23:49:06.324130117Z[Etc/UTC].
    23:49:06.226 | 464 ool-1-worker-228 | DEBUG | d.t.c.a.a.c.s.f.ApiVersionFilter     : Adding Version to Request GET /api/exercises/3545/programming-submission-without-assessment
    23:49:06.227 | 464 ool-1-worker-228 | DEBUG | .a.p.w.ProgrammingSubmissionResource : REST request to get a programming submission without assessment
    23:49:06.235 | 464 ool-1-worker-228 | DEBUG | d.t.c.a.a.e.s.SubmissionService      : The due date to build and test of exercise 'Programming' has not been reached yet.
    23:49:06.235 | 464 ool-1-worker-228 | WARN  | o.z.p.spring.common.AdviceTraits     : Forbidden: The due date to build and test of exercise 'Programming' has not been reached yet.

  Starting logs for ProgrammingSubmissionIntegrationTest > testNotifyPush_invalidParticipation()
    23:49:06.245 | 464 ool-1-worker-228 | DEBUG | d.t.c.a.a.c.u.util.UserUtilService   : Generate 10 students...
    23:49:06.256 | 464 ool-1-worker-228 | DEBUG | d.t.c.a.a.c.u.util.UserUtilService   : 10 students generated. Generate 2 tutors...
    23:49:06.259 | 464 ool-1-worker-228 | DEBUG | d.t.c.a.a.c.u.util.UserUtilService   : 2 tutors generated. Generate 1 editors...
    23:49:06.261 | 464 ool-1-worker-228 | DEBUG | d.t.c.a.a.c.u.util.UserUtilService   : 1 editors generated. Generate 2 instructors...
    23:49:06.264 | 464 ool-1-worker-228 | DEBUG | d.t.c.a.a.c.u.util.UserUtilService   : 2 instructors generated
    23:49:06.266 | 464 ool-1-worker-228 | DEBUG | d.t.c.a.a.c.u.util.UserUtilService   : Removing 15 users from all courses...
    23:49:06.267 | 464 ool-1-worker-228 | DEBUG | d.t.c.a.a.c.u.util.UserUtilService   : Removing 15 users from all courses. Done
    23:49:06.267 | 464 ool-1-worker-228 | DEBUG | d.t.c.a.a.c.u.util.UserUtilService   : Save 15 users to database...
    23:49:06.273 | 464 ool-1-worker-228 | DEBUG | d.t.c.a.a.c.u.util.UserUtilService   : Save 15 users to database. Done
    23:49:06.307 | 464 ool-1-worker-228 | DEBUG | .c.s.m.InstanceMessageReceiveService : Received schedule participant score for exercise 3546 and participant 780 (result to be deleted: null)
    23:49:06.307 | 464 ool-1-worker-228 | DEBUG | .a.s.ParticipantScoreScheduleService : Scheduled task for exercise 3546 and participant 780 at 2025-02-14T23:49:06.407411981Z[Etc/UTC].
    23:49:06.310 | 464 ool-1-worker-228 | DEBUG | PersonalAccessTokenManagementService : Generate secure vcs access token
    23:49:06.311 | 464 ool-1-worker-228 | INFO  | i.z.t.d.l.EmbeddedDatabaseReporter   : JDBC URL to connect to 'dataSource': url='jdbc:h2:tcp://localhost:41063/mem:736625c0-cf5e-400d-aeaa-8a7eabd6262b;USER=sa', scope='ProgrammingSubmissionIntegrationTest#testNotifyPush_invalidParticipation'
    23:49:06.312 | 464 ool-1-worker-228 | DEBUG | d.t.c.a.a.c.s.f.ApiVersionFilter     : Adding Version to Request POST /api/public/programming-submissions/5077
    23:49:06.313 | 464 ool-1-worker-228 | DEBUG | .PublicProgrammingSubmissionResource : REST request to inform about new commit+push for participation: 5077
    23:49:06.314 | 464 ool-1-worker-228 | ERROR | .PublicProgrammingSubmissionResource : Participation with id 5077 is not a ProgrammingExerciseParticipation: processing submission failed for request body test
de.tum.cit.aet.artemis.core.exception.BadRequestAlertException: The referenced participation 5077 is not of type ProgrammingExerciseParticipation
	at de.tum.cit.aet.artemis.programming.web.open.PublicProgrammingSubmissionResource.processNewProgrammingSubmission(PublicProgrammingSubmissionResource.java:89)
	at java.base/jdk.internal.reflect.DirectMethodHandleAccessor.invoke(DirectMethodHandleAccessor.java:103)
	at java.base/java.lang.reflect.Method.invoke(Method.java:580)
	at org.springframework.aop.support.AopUtils.invokeJoinpointUsingReflection(AopUtils.java:359)
	at org.springframework.aop.framework.ReflectiveMethodInvocation.invokeJoinpoint(ReflectiveMethodInvocation.java:196)
	at org.springframework.aop.framework.ReflectiveMethodInvocation.proceed(ReflectiveMethodInvocation.java:163)
	at org.springframework.security.authorization.method.AuthorizationManagerBeforeMethodInterceptor.proceed(AuthorizationManagerBeforeMethodInterceptor.java:268)
	at org.springframework.security.authorization.method.AuthorizationManagerBeforeMethodInterceptor.attemptAuthorization(AuthorizationManagerBeforeMethodInterceptor.java:263)
	at org.springframework.security.authorization.method.AuthorizationManagerBeforeMethodInterceptor.invoke(AuthorizationManagerBeforeMethodInterceptor.java:196)
	at org.springframework.security.config.annotation.method.configuration.DeferringMethodInterceptor.invoke(DeferringMethodInterceptor.java:44)
	at org.springframework.aop.framework.ReflectiveMethodInvocation.proceed(ReflectiveMethodInvocation.java:184)
	at org.springframework.aop.framework.CglibAopProxy$DynamicAdvisedInterceptor.intercept(CglibAopProxy.java:727)
	at de.tum.cit.aet.artemis.programming.web.open.PublicProgrammingSubmissionResource$$SpringCGLIB$$0.processNewProgrammingSubmission(<generated>)
	at java.base/jdk.internal.reflect.DirectMethodHandleAccessor.invoke(DirectMethodHandleAccessor.java:103)
	at java.base/java.lang.reflect.Method.invoke(Method.java:580)
	at org.springframework.web.method.support.InvocableHandlerMethod.doInvoke(InvocableHandlerMethod.java:257)
	at org.springframework.web.method.support.InvocableHandlerMethod.invokeForRequest(InvocableHandlerMethod.java:190)
	at org.springframework.web.servlet.mvc.method.annotation.ServletInvocableHandlerMethod.invokeAndHandle(ServletInvocableHandlerMethod.java:118)
	at org.springframework.web.servlet.mvc.method.annotation.RequestMappingHandlerAdapter.invokeHandlerMethod(RequestMappingHandlerAdapter.java:986)
	at org.springframework.web.servlet.mvc.method.annotation.RequestMappingHandlerAdapter.handleInternal(RequestMappingHandlerAdapter.java:891)
	at org.springframework.web.servlet.mvc.method.AbstractHandlerMethodAdapter.handle(AbstractHandlerMethodAdapter.java:87)
	at org.springframework.web.servlet.DispatcherServlet.doDispatch(DispatcherServlet.java:1088)
	at org.springframework.web.servlet.DispatcherServlet.doService(DispatcherServlet.java:978)
	at org.springframework.web.servlet.FrameworkServlet.processRequest(FrameworkServlet.java:1014)
	at org.springframework.web.servlet.FrameworkServlet.doPost(FrameworkServlet.java:914)
	at jakarta.servlet.http.HttpServlet.service(HttpServlet.java:547)
	at org.springframework.web.servlet.FrameworkServlet.service(FrameworkServlet.java:885)
	at org.springframework.test.web.servlet.TestDispatcherServlet.service(TestDispatcherServlet.java:72)
	at jakarta.servlet.http.HttpServlet.service(HttpServlet.java:614)
	at org.springframework.mock.web.MockFilterChain$ServletFilterProxy.doFilter(MockFilterChain.java:165)
	at org.springframework.mock.web.MockFilterChain.doFilter(MockFilterChain.java:132)
	at org.springframework.web.filter.OncePerRequestFilter.doFilter(OncePerRequestFilter.java:110)
	at org.springframework.test.web.servlet.setup.MockMvcFilterDecorator.doFilter(MockMvcFilterDecorator.java:162)
	at org.springframework.mock.web.MockFilterChain.doFilter(MockFilterChain.java:132)
	at de.tum.cit.aet.artemis.core.security.filter.ApiVersionFilter.doFilter(ApiVersionFilter.java:55)
	at org.springframework.test.web.servlet.setup.MockMvcFilterDecorator.doFilter(MockMvcFilterDecorator.java:162)
	at org.springframework.mock.web.MockFilterChain.doFilter(MockFilterChain.java:132)
	at io.sentry.spring.jakarta.SentryUserFilter.doFilterInternal(SentryUserFilter.java:56)
	at org.springframework.web.filter.OncePerRequestFilter.doFilter(OncePerRequestFilter.java:116)
	at org.springframework.test.web.servlet.setup.MockMvcFilterDecorator.doFilter(MockMvcFilterDecorator.java:162)
	at org.springframework.mock.web.MockFilterChain.doFilter(MockFilterChain.java:132)
	at org.springframework.web.filter.CompositeFilter$VirtualFilterChain.doFilter(CompositeFilter.java:108)
	at org.springframework.security.web.FilterChainProxy.lambda$doFilterInternal$3(FilterChainProxy.java:231)
	at org.springframework.security.web.ObservationFilterChainDecorator$FilterObservation$SimpleFilterObservation.lambda$wrap$1(ObservationFilterChainDecorator.java:479)
	at org.springframework.security.web.ObservationFilterChainDecorator$AroundFilterObservation$SimpleAroundFilterObservation.lambda$wrap$1(ObservationFilterChainDecorator.java:340)
	at org.springframework.security.web.ObservationFilterChainDecorator.lambda$wrapSecured$0(ObservationFilterChainDecorator.java:82)
	at org.springframework.security.web.ObservationFilterChainDecorator$VirtualFilterChain.doFilter(ObservationFilterChainDecorator.java:128)
	at org.springframework.security.web.access.intercept.AuthorizationFilter.doFilter(AuthorizationFilter.java:101)
	at org.springframework.security.web.ObservationFilterChainDecorator$ObservationFilter.wrapFilter(ObservationFilterChainDecorator.java:240)
	at org.springframework.security.web.ObservationFilterChainDecorator$ObservationFilter.doFilter(ObservationFilterChainDecorator.java:227)
	at org.springframework.security.web.ObservationFilterChainDecorator$VirtualFilterChain.doFilter(ObservationFilterChainDecorator.java:137)
	at org.springframework.security.web.access.ExceptionTranslationFilter.doFilter(ExceptionTranslationFilter.java:126)
	at org.springframework.security.web.access.ExceptionTranslationFilter.doFilter(ExceptionTranslationFilter.java:120)
	at org.springframework.security.web.ObservationFilterChainDecorator$ObservationFilter.wrapFilter(ObservationFilterChainDecorator.java:240)
	at org.springframework.security.web.ObservationFilterChainDecorator$ObservationFilter.doFilter(ObservationFilterChainDecorator.java:227)
	at org.springframework.security.web.ObservationFilterChainDecorator$VirtualFilterChain.doFilter(ObservationFilterChainDecorator.java:137)
	at org.springframework.security.web.session.SessionManagementFilter.doFilter(SessionManagementFilter.java:131)
	at org.springframework.security.web.session.SessionManagementFilter.doFilter(SessionManagementFilter.java:85)
	at org.springframework.security.web.ObservationFilterChainDecorator$ObservationFilter.wrapFilter(ObservationFilterChainDecorator.java:240)
	at org.springframework.security.web.ObservationFilterChainDecorator$ObservationFilter.doFilter(ObservationFilterChainDecorator.java:227)
	at org.springframework.security.web.ObservationFilterChainDecorator$VirtualFilterChain.doFilter(ObservationFilterChainDecorator.java:137)
	at org.springframework.security.web.authentication.AnonymousAuthenticationFilter.doFilter(AnonymousAuthenticationFilter.java:100)
	at org.springframework.security.web.ObservationFilterChainDecorator$ObservationFilter.wrapFilter(ObservationFilterChainDecorator.java:240)
	at org.springframework.security.web.ObservationFilterChainDecorator$ObservationFilter.doFilter(ObservationFilterChainDecorator.java:227)
	at org.springframework.security.web.ObservationFilterChainDecorator$VirtualFilterChain.doFilter(ObservationFilterChainDecorator.java:137)
	at org.springframework.security.web.servletapi.SecurityContextHolderAwareRequestFilter.doFilter(SecurityContextHolderAwareRequestFilter.java:179)
	at org.springframework.security.web.ObservationFilterChainDecorator$ObservationFilter.wrapFilter(ObservationFilterChainDecorator.java:240)
	at org.springframework.security.web.ObservationFilterChainDecorator$ObservationFilter.doFilter(ObservationFilterChainDecorator.java:227)
	at org.springframework.security.web.ObservationFilterChainDecorator$VirtualFilterChain.doFilter(ObservationFilterChainDecorator.java:137)
	at org.springframework.security.web.savedrequest.RequestCacheAwareFilter.doFilter(RequestCacheAwareFilter.java:63)
	at org.springframework.security.web.ObservationFilterChainDecorator$ObservationFilter.wrapFilter(ObservationFilterChainDecorator.java:240)
	at org.springframework.security.web.ObservationFilterChainDecorator$ObservationFilter.doFilter(ObservationFilterChainDecorator.java:227)
	at org.springframework.security.web.ObservationFilterChainDecorator$VirtualFilterChain.doFilter(ObservationFilterChainDecorator.java:137)
	at de.tum.cit.aet.artemis.core.security.filter.SpaWebFilter.doFilterInternal(SpaWebFilter.java:23)
	at org.springframework.web.filter.OncePerRequestFilter.doFilter(OncePerRequestFilter.java:116)
	at org.springframework.security.web.ObservationFilterChainDecorator$ObservationFilter.wrapFilter(ObservationFilterChainDecorator.java:240)
	at org.springframework.security.web.ObservationFilterChainDecorator$ObservationFilter.doFilter(ObservationFilterChainDecorator.java:227)
	at org.springframework.security.web.ObservationFilterChainDecorator$VirtualFilterChain.doFilter(ObservationFilterChainDecorator.java:137)
	at org.springframework.web.filter.OncePerRequestFilter.doFilter(OncePerRequestFilter.java:110)
	at org.springframework.security.web.ObservationFilterChainDecorator$ObservationFilter.wrapFilter(ObservationFilterChainDecorator.java:240)
	at org.springframework.security.web.ObservationFilterChainDecorator$ObservationFilter.doFilter(ObservationFilterChainDecorator.java:227)
	at org.springframework.security.web.ObservationFilterChainDecorator$VirtualFilterChain.doFilter(ObservationFilterChainDecorator.java:137)
	at de.tum.cit.aet.artemis.lti.config.Lti13LaunchFilter.doFilterInternal(Lti13LaunchFilter.java:60)
	at org.springframework.web.filter.OncePerRequestFilter.doFilter(OncePerRequestFilter.java:116)
	at org.springframework.security.web.ObservationFilterChainDecorator$ObservationFilter.wrapFilter(ObservationFilterChainDecorator.java:240)
	at org.springframework.security.web.ObservationFilterChainDecorator$ObservationFilter.doFilter(ObservationFilterChainDecorator.java:227)
	at org.springframework.security.web.ObservationFilterChainDecorator$VirtualFilterChain.doFilter(ObservationFilterChainDecorator.java:137)
	at de.tum.cit.aet.artemis.core.security.jwt.JWTFilter.doFilter(JWTFilter.java:55)
	at org.springframework.security.web.ObservationFilterChainDecorator$ObservationFilter.wrapFilter(ObservationFilterChainDecorator.java:240)
	at org.springframework.security.web.ObservationFilterChainDecorator$ObservationFilter.doFilter(ObservationFilterChainDecorator.java:227)
	at org.springframework.security.web.ObservationFilterChainDecorator$VirtualFilterChain.doFilter(ObservationFilterChainDecorator.java:137)
	at de.tum.cit.aet.artemis.core.security.jwt.JWTFilter.doFilter(JWTFilter.java:55)
	at org.springframework.security.web.ObservationFilterChainDecorator$ObservationFilter.wrapFilter(ObservationFilterChainDecorator.java:240)
	at org.springframework.security.web.ObservationFilterChainDecorator$ObservationFilter.doFilter(ObservationFilterChainDecorator.java:227)
	at org.springframework.security.web.ObservationFilterChainDecorator$VirtualFilterChain.doFilter(ObservationFilterChainDecorator.java:137)
	at org.springframework.web.filter.CorsFilter.doFilterInternal(CorsFilter.java:91)
	at org.springframework.web.filter.OncePerRequestFilter.doFilter(OncePerRequestFilter.java:116)
	at org.springframework.security.web.ObservationFilterChainDecorator$ObservationFilter.wrapFilter(ObservationFilterChainDecorator.java:240)
	at org.springframework.security.web.ObservationFilterChainDecorator$ObservationFilter.doFilter(ObservationFilterChainDecorator.java:227)
	at org.springframework.security.web.ObservationFilterChainDecorator$VirtualFilterChain.doFilter(ObservationFilterChainDecorator.java:137)
	at org.springframework.web.filter.OncePerRequestFilter.doFilter(OncePerRequestFilter.java:110)
	at org.springframework.security.web.ObservationFilterChainDecorator$ObservationFilter.wrapFilter(ObservationFilterChainDecorator.java:240)
	at org.springframework.security.web.ObservationFilterChainDecorator$ObservationFilter.doFilter(ObservationFilterChainDecorator.java:227)
	at org.springframework.security.web.ObservationFilterChainDecorator$VirtualFilterChain.doFilter(ObservationFilterChainDecorator.java:137)
	at uk.ac.ox.ctl.lti13.security.oauth2.client.lti.web.OAuth2AuthorizationRequestRedirectFilter.doFilterInternal(OAuth2AuthorizationRequestRedirectFilter.java:142)
	at org.springframework.web.filter.OncePerRequestFilter.doFilter(OncePerRequestFilter.java:116)
	at org.springframework.security.web.ObservationFilterChainDecorator$ObservationFilter.wrapFilter(ObservationFilterChainDecorator.java:240)
	at org.springframework.security.web.ObservationFilterChainDecorator$ObservationFilter.doFilter(ObservationFilterChainDecorator.java:227)
	at org.springframework.security.web.ObservationFilterChainDecorator$VirtualFilterChain.doFilter(ObservationFilterChainDecorator.java:137)
	at org.springframework.security.web.authentication.logout.LogoutFilter.doFilter(LogoutFilter.java:107)
	at org.springframework.security.web.authentication.logout.LogoutFilter.doFilter(LogoutFilter.java:93)
	at org.springframework.security.web.ObservationFilterChainDecorator$ObservationFilter.wrapFilter(ObservationFilterChainDecorator.java:240)
	at org.springframework.security.web.ObservationFilterChainDecorator$ObservationFilter.doFilter(ObservationFilterChainDecorator.java:227)
	at org.springframework.security.web.ObservationFilterChainDecorator$VirtualFilterChain.doFilter(ObservationFilterChainDecorator.java:137)
	at org.springframework.security.web.header.HeaderWriterFilter.doHeadersAfter(HeaderWriterFilter.java:90)
	at org.springframework.security.web.header.HeaderWriterFilter.doFilterInternal(HeaderWriterFilter.java:75)
	at org.springframework.web.filter.OncePerRequestFilter.doFilter(OncePerRequestFilter.java:116)
	at org.springframework.security.web.ObservationFilterChainDecorator$ObservationFilter.wrapFilter(ObservationFilterChainDecorator.java:240)
	at org.springframework.security.web.ObservationFilterChainDecorator$ObservationFilter.doFilter(ObservationFilterChainDecorator.java:227)
	at org.springframework.security.web.ObservationFilterChainDecorator$VirtualFilterChain.doFilter(ObservationFilterChainDecorator.java:137)
	at org.springframework.security.web.context.SecurityContextHolderFilter.doFilter(SecurityContextHolderFilter.java:82)
	at org.springframework.security.web.context.SecurityContextHolderFilter.doFilter(SecurityContextHolderFilter.java:69)
	at org.springframework.security.web.ObservationFilterChainDecorator$ObservationFilter.wrapFilter(ObservationFilterChainDecorator.java:240)
	at org.springframework.security.web.ObservationFilterChainDecorator$ObservationFilter.doFilter(ObservationFilterChainDecorator.java:227)
	at org.springframework.security.web.ObservationFilterChainDecorator$VirtualFilterChain.doFilter(ObservationFilterChainDecorator.java:137)
	at org.springframework.security.web.context.request.async.WebAsyncManagerIntegrationFilter.doFilterInternal(WebAsyncManagerIntegrationFilter.java:62)
	at org.springframework.web.filter.OncePerRequestFilter.doFilter(OncePerRequestFilter.java:116)
	at org.springframework.security.web.ObservationFilterChainDecorator$ObservationFilter.wrapFilter(ObservationFilterChainDecorator.java:240)
	at org.springframework.security.web.ObservationFilterChainDecorator$ObservationFilter.doFilter(ObservationFilterChainDecorator.java:227)
	at org.springframework.security.web.ObservationFilterChainDecorator$VirtualFilterChain.doFilter(ObservationFilterChainDecorator.java:137)
	at org.springframework.security.web.session.DisableEncodeUrlFilter.doFilterInternal(DisableEncodeUrlFilter.java:42)
	at org.springframework.web.filter.OncePerRequestFilter.doFilter(OncePerRequestFilter.java:116)
	at org.springframework.security.web.ObservationFilterChainDecorator$ObservationFilter.wrapFilter(ObservationFilterChainDecorator.java:240)
	at org.springframework.security.web.ObservationFilterChainDecorator$AroundFilterObservation$SimpleAroundFilterObservation.lambda$wrap$0(ObservationFilterChainDecorator.java:323)
	at org.springframework.security.web.ObservationFilterChainDecorator$ObservationFilter.doFilter(ObservationFilterChainDecorator.java:224)
	at org.springframework.security.web.ObservationFilterChainDecorator$VirtualFilterChain.doFilter(ObservationFilterChainDecorator.java:137)
	at org.springframework.security.web.FilterChainProxy.doFilterInternal(FilterChainProxy.java:233)
	at org.springframework.security.web.FilterChainProxy.doFilter(FilterChainProxy.java:191)
	at org.springframework.web.filter.CompositeFilter$VirtualFilterChain.doFilter(CompositeFilter.java:113)
	at org.springframework.web.servlet.handler.HandlerMappingIntrospector.lambda$createCacheFilter$3(HandlerMappingIntrospector.java:243)
	at org.springframework.web.filter.CompositeFilter$VirtualFilterChain.doFilter(CompositeFilter.java:113)
	at org.springframework.web.filter.CompositeFilter.doFilter(CompositeFilter.java:74)
	at org.springframework.security.config.annotation.web.configuration.WebMvcSecurityConfiguration$CompositeFilterChainProxy.doFilter(WebMvcSecurityConfiguration.java:238)
	at org.springframework.web.filter.DelegatingFilterProxy.invokeDelegate(DelegatingFilterProxy.java:362)
	at org.springframework.web.filter.DelegatingFilterProxy.doFilter(DelegatingFilterProxy.java:278)
	at org.springframework.test.web.servlet.setup.MockMvcFilterDecorator.doFilter(MockMvcFilterDecorator.java:162)
	at org.springframework.mock.web.MockFilterChain.doFilter(MockFilterChain.java:132)
	at org.springframework.web.filter.RequestContextFilter.doFilterInternal(RequestContextFilter.java:100)
	at org.springframework.web.filter.OncePerRequestFilter.doFilter(OncePerRequestFilter.java:116)
	at org.springframework.test.web.servlet.setup.MockMvcFilterDecorator.doFilter(MockMvcFilterDecorator.java:162)
	at org.springframework.mock.web.MockFilterChain.doFilter(MockFilterChain.java:132)
	at org.springframework.web.filter.FormContentFilter.doFilterInternal(FormContentFilter.java:93)
	at org.springframework.web.filter.OncePerRequestFilter.doFilter(OncePerRequestFilter.java:116)
	at org.springframework.test.web.servlet.setup.MockMvcFilterDecorator.doFilter(MockMvcFilterDecorator.java:162)
	at org.springframework.mock.web.MockFilterChain.doFilter(MockFilterChain.java:132)
	at org.springframework.web.filter.ServerHttpObservationFilter.doFilterInternal(ServerHttpObservationFilter.java:114)
	at org.springframework.web.filter.OncePerRequestFilter.doFilter(OncePerRequestFilter.java:116)
	at org.springframework.test.web.servlet.setup.MockMvcFilterDecorator.doFilter(MockMvcFilterDecorator.java:162)
	at org.springframework.mock.web.MockFilterChain.doFilter(MockFilterChain.java:132)
	at io.sentry.spring.jakarta.tracing.SentryTracingFilter.doFilterInternal(SentryTracingFilter.java:91)
	at org.springframework.web.filter.OncePerRequestFilter.doFilter(OncePerRequestFilter.java:116)
	at org.springframework.test.web.servlet.setup.MockMvcFilterDecorator.doFilter(MockMvcFilterDecorator.java:162)
	at org.springframework.mock.web.MockFilterChain.doFilter(MockFilterChain.java:132)
	at org.springframework.web.filter.CharacterEncodingFilter.doFilterInternal(CharacterEncodingFilter.java:201)
	at org.springframework.web.filter.OncePerRequestFilter.doFilter(OncePerRequestFilter.java:116)
	at org.springframework.test.web.servlet.setup.MockMvcFilterDecorator.doFilter(MockMvcFilterDecorator.java:162)
	at org.springframework.mock.web.MockFilterChain.doFilter(MockFilterChain.java:132)
	at io.sentry.spring.jakarta.SentrySpringFilter.doFilterInternal(SentrySpringFilter.java:76)
	at org.springframework.web.filter.OncePerRequestFilter.doFilter(OncePerRequestFilter.java:116)
	at org.springframework.test.web.servlet.setup.MockMvcFilterDecorator.doFilter(MockMvcFilterDecorator.java:162)
	at org.springframework.mock.web.MockFilterChain.doFilter(MockFilterChain.java:132)
	at org.springframework.test.web.servlet.MockMvc.perform(MockMvc.java:201)
	at de.tum.cit.aet.artemis.core.util.RequestUtilService.performMvcRequest(RequestUtilService.java:79)
	at de.tum.cit.aet.artemis.core.util.RequestUtilService.post(RequestUtilService.java:162)
	at de.tum.cit.aet.artemis.core.util.RequestUtilService.post(RequestUtilService.java:150)
	at de.tum.cit.aet.artemis.core.util.RequestUtilService.post(RequestUtilService.java:146)
	at de.tum.cit.aet.artemis.programming.ProgrammingSubmissionIntegrationTest.testNotifyPush_invalidParticipation(ProgrammingSubmissionIntegrationTest.java:473)
	at java.base/jdk.internal.reflect.DirectMethodHandleAccessor.invoke(DirectMethodHandleAccessor.java:103)
	at java.base/java.lang.reflect.Method.invoke(Method.java:580)
	at org.junit.platform.commons.util.ReflectionUtils.invokeMethod(ReflectionUtils.java:767)
	at org.junit.jupiter.engine.execution.MethodInvocation.proceed(MethodInvocation.java:60)
	at org.junit.jupiter.engine.execution.InvocationInterceptorChain$ValidatingInvocation.proceed(InvocationInterceptorChain.java:131)
	at org.junit.jupiter.engine.extension.TimeoutExtension.intercept(TimeoutExtension.java:156)
	at org.junit.jupiter.engine.extension.TimeoutExtension.interceptTestableMethod(TimeoutExtension.java:147)
	at org.junit.jupiter.engine.extension.TimeoutExtension.interceptTestMethod(TimeoutExtension.java:86)
	at org.junit.jupiter.engine.execution.InterceptingExecutableInvoker$ReflectiveInterceptorCall.lambda$ofVoidMethod$0(InterceptingExecutableInvoker.java:103)
	at org.junit.jupiter.engine.execution.InterceptingExecutableInvoker.lambda$invoke$0(InterceptingExecutableInvoker.java:93)
	at org.junit.jupiter.engine.execution.InvocationInterceptorChain$InterceptedInvocation.proceed(InvocationInterceptorChain.java:106)
	at org.junit.jupiter.engine.execution.InvocationInterceptorChain.proceed(InvocationInterceptorChain.java:64)
	at org.junit.jupiter.engine.execution.InvocationInterceptorChain.chainAndInvoke(InvocationInterceptorChain.java:45)
	at org.junit.jupiter.engine.execution.InvocationInterceptorChain.invoke(InvocationInterceptorChain.java:37)
	at org.junit.jupiter.engine.execution.InterceptingExecutableInvoker.invoke(InterceptingExecutableInvoker.java:92)
	at org.junit.jupiter.engine.execution.InterceptingExecutableInvoker.invoke(InterceptingExecutableInvoker.java:86)
	at org.junit.jupiter.engine.descriptor.TestMethodTestDescriptor.lambda$invokeTestMethod$8(TestMethodTestDescriptor.java:217)
	at org.junit.platform.engine.support.hierarchical.ThrowableCollector.execute(ThrowableCollector.java:73)
	at org.junit.jupiter.engine.descriptor.TestMethodTestDescriptor.invokeTestMethod(TestMethodTestDescriptor.java:213)
	at org.junit.jupiter.engine.descriptor.TestMethodTestDescriptor.execute(TestMethodTestDescriptor.java:138)
	at org.junit.jupiter.engine.descriptor.TestMethodTestDescriptor.execute(TestMethodTestDescriptor.java:68)
	at org.junit.platform.engine.support.hierarchical.NodeTestTask.lambda$executeRecursively$6(NodeTestTask.java:156)
	at org.junit.platform.engine.support.hierarchical.ThrowableCollector.execute(ThrowableCollector.java:73)
	at org.junit.platform.engine.support.hierarchical.NodeTestTask.lambda$executeRecursively$8(NodeTestTask.java:146)
	at org.junit.platform.engine.support.hierarchical.Node.around(Node.java:137)
	at org.junit.platform.engine.support.hierarchical.NodeTestTask.lambda$executeRecursively$9(NodeTestTask.java:144)
	at org.junit.platform.engine.support.hierarchical.ThrowableCollector.execute(ThrowableCollector.java:73)
	at org.junit.platform.engine.support.hierarchical.NodeTestTask.executeRecursively(NodeTestTask.java:143)
	at org.junit.platform.engine.support.hierarchical.NodeTestTask.execute(NodeTestTask.java:100)
	at org.junit.platform.engine.support.hierarchical.ForkJoinPoolHierarchicalTestExecutorService$ExclusiveTask.exec(ForkJoinPoolHierarchicalTestExecutorService.java:274)
	at org.junit.platform.engine.support.hierarchical.ForkJoinPoolHierarchicalTestExecutorService$ExclusiveTask.execSync(ForkJoinPoolHierarchicalTestExecutorService.java:247)
	at org.junit.platform.engine.support.hierarchical.ForkJoinPoolHierarchicalTestExecutorService.executeSync(ForkJoinPoolHierarchicalTestExecutorService.java:194)
	at org.junit.platform.engine.support.hierarchical.ForkJoinPoolHierarchicalTestExecutorService.invokeAll(ForkJoinPoolHierarchicalTestExecutorService.java:166)
	at org.junit.platform.engine.support.hierarchical.NodeTestTask.lambda$executeRecursively$6(NodeTestTask.java:160)
	at org.junit.platform.engine.support.hierarchical.ThrowableCollector.execute(ThrowableCollector.java:73)
	at org.junit.platform.engine.support.hierarchical.NodeTestTask.lambda$executeRecursively$8(NodeTestTask.java:146)
	at org.junit.platform.engine.support.hierarchical.Node.around(Node.java:137)
	at org.junit.platform.engine.support.hierarchical.NodeTestTask.lambda$executeRecursively$9(NodeTestTask.java:144)
	at org.junit.platform.engine.support.hierarchical.ThrowableCollector.execute(ThrowableCollector.java:73)
	at org.junit.platform.engine.support.hierarchical.NodeTestTask.executeRecursively(NodeTestTask.java:143)
	at org.junit.platform.engine.support.hierarchical.NodeTestTask.execute(NodeTestTask.java:100)
	at org.junit.platform.engine.support.hierarchical.ForkJoinPoolHierarchicalTestExecutorService$ExclusiveTask.exec(ForkJoinPoolHierarchicalTestExecutorService.java:274)
	at java.base/java.util.concurrent.ForkJoinTask.doExec(ForkJoinTask.java:387)
	at java.base/java.util.concurrent.ForkJoinPool$WorkQueue.topLevelExec(ForkJoinPool.java:1312)
	at java.base/java.util.concurrent.ForkJoinPool.scan(ForkJoinPool.java:1843)
	at java.base/java.util.concurrent.ForkJoinPool.runWorker(ForkJoinPool.java:1808)
	at java.base/java.util.concurrent.ForkJoinWorkerThread.run(ForkJoinWorkerThread.java:188)
    23:49:06.314 | 464 ool-1-worker-228 | ERROR | tech.jhipster.web.util.HeaderUtil    : Entity processing failed, The referenced participation 5077 is not of type ProgrammingExerciseParticipation
    23:49:06.314 | 464 ool-1-worker-228 | WARN  | o.z.p.spring.common.AdviceTraits     : Bad Request: The referenced participation 5077 is not of type ProgrammingExerciseParticipation

  Starting logs for ProgrammingSubmissionIntegrationTest > testGetProgrammingSubmissionWithoutAssessment()
    23:49:06.324 | 464 ool-1-worker-228 | DEBUG | d.t.c.a.a.c.u.util.UserUtilService   : Generate 10 students...
    23:49:06.334 | 464 ool-1-worker-228 | DEBUG | d.t.c.a.a.c.u.util.UserUtilService   : 10 students generated. Generate 2 tutors...
    23:49:06.337 | 464 ool-1-worker-228 | DEBUG | d.t.c.a.a.c.u.util.UserUtilService   : 2 tutors generated. Generate 1 editors...
    23:49:06.339 | 464 ool-1-worker-228 | DEBUG | d.t.c.a.a.c.u.util.UserUtilService   : 1 editors generated. Generate 2 instructors...
    23:49:06.342 | 464 ool-1-worker-228 | DEBUG | d.t.c.a.a.c.u.util.UserUtilService   : 2 instructors generated
    23:49:06.344 | 464 ool-1-worker-228 | DEBUG | d.t.c.a.a.c.u.util.UserUtilService   : Removing 15 users from all courses...
    23:49:06.345 | 464 ool-1-worker-228 | DEBUG | d.t.c.a.a.c.u.util.UserUtilService   : Removing 15 users from all courses. Done
    23:49:06.345 | 464 ool-1-worker-228 | DEBUG | d.t.c.a.a.c.u.util.UserUtilService   : Save 15 users to database...
    23:49:06.351 | 464 ool-1-worker-228 | DEBUG | d.t.c.a.a.c.u.util.UserUtilService   : Save 15 users to database. Done
    23:49:06.378 | 464 ool-1-worker-228 | DEBUG | .c.s.m.InstanceMessageReceiveService : Received schedule participant score for exercise 3547 and participant 780 (result to be deleted: null)
    23:49:06.378 | 464 ool-1-worker-228 | DEBUG | .a.s.ParticipantScoreScheduleService : Scheduled task for exercise 3547 and participant 780 at 2025-02-14T23:49:06.478425313Z[Etc/UTC].
    23:49:06.381 | 464 ool-1-worker-228 | DEBUG | PersonalAccessTokenManagementService : Generate secure vcs access token
    23:49:06.383 | 464 ool-1-worker-228 | INFO  | i.z.t.d.l.EmbeddedDatabaseReporter   : JDBC URL to connect to 'dataSource': url='jdbc:h2:tcp://localhost:41063/mem:736625c0-cf5e-400d-aeaa-8a7eabd6262b;USER=sa', scope='ProgrammingSubmissionIntegrationTest#testGetProgrammingSubmissionWithoutAssessment'
    23:49:06.387 | 464 ool-1-worker-228 | DEBUG | d.t.c.a.a.c.s.f.ApiVersionFilter     : Adding Version to Request GET /api/exercises/3547/programming-submission-without-assessment
    23:49:06.388 | 464 ool-1-worker-228 | DEBUG | .a.p.w.ProgrammingSubmissionResource : REST request to get a programming submission without assessment

  Starting logs for ProgrammingSubmissionIntegrationTest > triggerBuildForParticipationsTutorForbidden()
    23:49:06.419 | 464 ool-1-worker-228 | DEBUG | d.t.c.a.a.c.u.util.UserUtilService   : Generate 10 students...
    23:49:06.433 | 464 ool-1-worker-228 | DEBUG | d.t.c.a.a.c.u.util.UserUtilService   : 10 students generated. Generate 2 tutors...
    23:49:06.437 | 464 ool-1-worker-228 | DEBUG | d.t.c.a.a.c.u.util.UserUtilService   : 2 tutors generated. Generate 1 editors...
    23:49:06.439 | 464 ool-1-worker-228 | DEBUG | d.t.c.a.a.c.u.util.UserUtilService   : 1 editors generated. Generate 2 instructors...
    23:49:06.442 | 464 ool-1-worker-228 | DEBUG | d.t.c.a.a.c.u.util.UserUtilService   : 2 instructors generated
    23:49:06.443 | 464 ool-1-worker-228 | DEBUG | d.t.c.a.a.c.u.util.UserUtilService   : Removing 15 users from all courses...
    23:49:06.445 | 464 ool-1-worker-228 | DEBUG | d.t.c.a.a.c.u.util.UserUtilService   : Removing 15 users from all courses. Done
    23:49:06.445 | 464 ool-1-worker-228 | DEBUG | d.t.c.a.a.c.u.util.UserUtilService   : Save 15 users to database...
    23:49:06.452 | 464 ool-1-worker-228 | DEBUG | d.t.c.a.a.c.u.util.UserUtilService   : Save 15 users to database. Done
    23:49:06.506 | 464 ool-1-worker-228 | DEBUG | .c.s.m.InstanceMessageReceiveService : Received schedule participant score for exercise 3548 and participant 780 (result to be deleted: null)
    23:49:06.506 | 464 ool-1-worker-228 | DEBUG | .a.s.ParticipantScoreScheduleService : Scheduled task for exercise 3548 and participant 780 at 2025-02-14T23:49:06.606943701Z[Etc/UTC].
    23:49:06.509 | 464 ool-1-worker-228 | DEBUG | PersonalAccessTokenManagementService : Generate secure vcs access token
    23:49:06.511 | 464 ool-1-worker-228 | INFO  | i.z.t.d.l.EmbeddedDatabaseReporter   : JDBC URL to connect to 'dataSource': url='jdbc:h2:tcp://localhost:41063/mem:736625c0-cf5e-400d-aeaa-8a7eabd6262b;USER=sa', scope='ProgrammingSubmissionIntegrationTest#triggerBuildForParticipationsTutorForbidden'
    23:49:06.512 | 464 ool-1-worker-228 | DEBUG | d.t.c.a.a.c.s.f.ApiVersionFilter     : Adding Version to Request POST /api/programming-exercises/1/trigger-instructor-build
    23:49:06.514 | 464 ool-1-worker-228 | WARN  | o.z.p.spring.common.AdviceTraits     : Forbidden: Access Denied

  Starting logs for ProgrammingSubmissionIntegrationTest > testLockAndGetProgrammingSubmissionWithoutManualResult()
    23:49:06.528 | 464 ool-1-worker-228 | DEBUG | d.t.c.a.a.c.u.util.UserUtilService   : Generate 10 students...
    23:49:06.542 | 464 ool-1-worker-228 | DEBUG | d.t.c.a.a.c.u.util.UserUtilService   : 10 students generated. Generate 2 tutors...
    23:49:06.546 | 464 ool-1-worker-228 | DEBUG | d.t.c.a.a.c.u.util.UserUtilService   : 2 tutors generated. Generate 1 editors...
    23:49:06.548 | 464 ool-1-worker-228 | DEBUG | d.t.c.a.a.c.u.util.UserUtilService   : 1 editors generated. Generate 2 instructors...
    23:49:06.552 | 464 ool-1-worker-228 | DEBUG | d.t.c.a.a.c.u.util.UserUtilService   : 2 instructors generated
    23:49:06.554 | 464 ool-1-worker-228 | DEBUG | d.t.c.a.a.c.u.util.UserUtilService   : Removing 15 users from all courses...
    23:49:06.556 | 464 ool-1-worker-228 | DEBUG | d.t.c.a.a.c.u.util.UserUtilService   : Removing 15 users from all courses. Done
    23:49:06.556 | 464 ool-1-worker-228 | DEBUG | d.t.c.a.a.c.u.util.UserUtilService   : Save 15 users to database...
    23:49:06.564 | 464 ool-1-worker-228 | DEBUG | d.t.c.a.a.c.u.util.UserUtilService   : Save 15 users to database. Done
    23:49:06.593 | 464 ool-1-worker-228 | DEBUG | .c.s.m.InstanceMessageReceiveService : Received schedule participant score for exercise 3549 and participant 780 (result to be deleted: null)
    23:49:06.593 | 464 ool-1-worker-228 | DEBUG | .a.s.ParticipantScoreScheduleService : Scheduled task for exercise 3549 and participant 780 at 2025-02-14T23:49:06.693739426Z[Etc/UTC].
    23:49:06.596 | 464 ool-1-worker-228 | DEBUG | PersonalAccessTokenManagementService : Generate secure vcs access token
    23:49:06.597 | 464 ool-1-worker-228 | INFO  | i.z.t.d.l.EmbeddedDatabaseReporter   : JDBC URL to connect to 'dataSource': url='jdbc:h2:tcp://localhost:41063/mem:736625c0-cf5e-400d-aeaa-8a7eabd6262b;USER=sa', scope='ProgrammingSubmissionIntegrationTest#testLockAndGetProgrammingSubmissionWithoutManualResult'
    23:49:06.598 | 464 ool-1-worker-228 | DEBUG | .c.s.m.InstanceMessageReceiveService : Received schedule participant score for exercise 3549 and participant 781 (result to be deleted: null)
    23:49:06.598 | 464 ool-1-worker-228 | DEBUG | .a.s.ParticipantScoreScheduleService : Scheduled task for exercise 3549 and participant 781 at 2025-02-14T23:49:06.698175820Z[Etc/UTC].
    23:49:06.606 | 464 ool-1-worker-228 | DEBUG | .c.s.m.InstanceMessageReceiveService : Received schedule participant score for exercise 3549 and participant 781 (result to be deleted: null)
    23:49:06.606 | 464 ool-1-worker-228 | DEBUG | .a.s.ParticipantScoreScheduleService : Scheduled task for exercise 3549 and participant 781 at 2025-02-14T23:49:06.706747084Z[Etc/UTC].
    23:49:06.621 | 464 ool-1-worker-228 | DEBUG | .c.s.m.InstanceMessageReceiveService : Received schedule participant score for exercise 3549 and participant 781 (result to be deleted: null)
    23:49:06.621 | 464 ool-1-worker-228 | DEBUG | .a.s.ParticipantScoreScheduleService : Scheduled task for exercise 3549 and participant 781 at 2025-02-14T23:49:06.721635721Z[Etc/UTC].
    23:49:06.693 | 327 taskScheduler-2  | DEBUG | .a.s.ParticipantScoreScheduleService : Processing exercise 3549 and participant 780 to update participant scores.
    23:49:06.699 | 327 taskScheduler-2  | DEBUG | .a.s.ParticipantScoreScheduleService : Updating the participant score for exercise 3549 and participant 780 took 6 ms.
    23:49:06.721 | 328 taskScheduler-3  | DEBUG | .a.s.ParticipantScoreScheduleService : Processing exercise 3549 and participant 781 to update participant scores.
    23:49:06.726 | 328 taskScheduler-3  | DEBUG | .a.s.ParticipantScoreScheduleService : Updated participant score 398.
    23:49:06.727 | 328 taskScheduler-3  | DEBUG | .a.s.ParticipantScoreScheduleService : Updating the participant score for exercise 3549 and participant 781 took 6 ms.
    23:49:07.078 | 464 ool-1-worker-228 | DEBUG | d.t.c.a.a.c.s.f.ApiVersionFilter     : Adding Version to Request GET /api/programming-submissions/1695/lock
    23:49:07.079 | 464 ool-1-worker-228 | DEBUG | .a.p.w.ProgrammingSubmissionResource : REST request to get ProgrammingSubmission with id: 1695
    23:49:07.084 | 464 ool-1-worker-228 | WARN  | o.z.p.spring.common.AdviceTraits     : Forbidden: Creating manual results is disabled for this exercise!

  Starting logs for ProgrammingSubmissionIntegrationTest > triggerBuildForExerciseStudentForbidden()
    23:49:07.125 | 464 ool-1-worker-228 | DEBUG | d.t.c.a.a.c.u.util.UserUtilService   : Generate 10 students...
    23:49:07.135 | 464 ool-1-worker-228 | DEBUG | d.t.c.a.a.c.u.util.UserUtilService   : 10 students generated. Generate 2 tutors...
    23:49:07.138 | 464 ool-1-worker-228 | DEBUG | d.t.c.a.a.c.u.util.UserUtilService   : 2 tutors generated. Generate 1 editors...
    23:49:07.140 | 464 ool-1-worker-228 | DEBUG | d.t.c.a.a.c.u.util.UserUtilService   : 1 editors generated. Generate 2 instructors...
    23:49:07.143 | 464 ool-1-worker-228 | DEBUG | d.t.c.a.a.c.u.util.UserUtilService   : 2 instructors generated
    23:49:07.144 | 464 ool-1-worker-228 | DEBUG | d.t.c.a.a.c.u.util.UserUtilService   : Removing 15 users from all courses...
    23:49:07.145 | 464 ool-1-worker-228 | DEBUG | d.t.c.a.a.c.u.util.UserUtilService   : Removing 15 users from all courses. Done
    23:49:07.145 | 464 ool-1-worker-228 | DEBUG | d.t.c.a.a.c.u.util.UserUtilService   : Save 15 users to database...
    23:49:07.150 | 464 ool-1-worker-228 | DEBUG | d.t.c.a.a.c.u.util.UserUtilService   : Save 15 users to database. Done
    23:49:07.174 | 464 ool-1-worker-228 | DEBUG | .c.s.m.InstanceMessageReceiveService : Received schedule participant score for exercise 3550 and participant 780 (result to be deleted: null)
    23:49:07.174 | 464 ool-1-worker-228 | DEBUG | .a.s.ParticipantScoreScheduleService : Scheduled task for exercise 3550 and participant 780 at 2025-02-14T23:49:07.274940439Z[Etc/UTC].
    23:49:07.177 | 464 ool-1-worker-228 | DEBUG | PersonalAccessTokenManagementService : Generate secure vcs access token
    23:49:07.178 | 464 ool-1-worker-228 | INFO  | i.z.t.d.l.EmbeddedDatabaseReporter   : JDBC URL to connect to 'dataSource': url='jdbc:h2:tcp://localhost:41063/mem:736625c0-cf5e-400d-aeaa-8a7eabd6262b;USER=sa', scope='ProgrammingSubmissionIntegrationTest#triggerBuildForExerciseStudentForbidden'
    23:49:07.179 | 464 ool-1-worker-228 | DEBUG | d.t.c.a.a.c.s.f.ApiVersionFilter     : Adding Version to Request POST /api/programming-exercises/1/trigger-instructor-build-all
    23:49:07.180 | 464 ool-1-worker-228 | WARN  | o.z.p.spring.common.AdviceTraits     : Forbidden: Access Denied

  Starting logs for ProgrammingSubmissionIntegrationTest > testGetProgrammingSubmissionWithoutAssessmentLockSubmission()
    23:49:07.189 | 464 ool-1-worker-228 | DEBUG | d.t.c.a.a.c.u.util.UserUtilService   : Generate 10 students...
    23:49:07.199 | 464 ool-1-worker-228 | DEBUG | d.t.c.a.a.c.u.util.UserUtilService   : 10 students generated. Generate 2 tutors...
    23:49:07.202 | 464 ool-1-worker-228 | DEBUG | d.t.c.a.a.c.u.util.UserUtilService   : 2 tutors generated. Generate 1 editors...
    23:49:07.204 | 464 ool-1-worker-228 | DEBUG | d.t.c.a.a.c.u.util.UserUtilService   : 1 editors generated. Generate 2 instructors...
    23:49:07.207 | 464 ool-1-worker-228 | DEBUG | d.t.c.a.a.c.u.util.UserUtilService   : 2 instructors generated
    23:49:07.208 | 464 ool-1-worker-228 | DEBUG | d.t.c.a.a.c.u.util.UserUtilService   : Removing 15 users from all courses...
    23:49:07.209 | 464 ool-1-worker-228 | DEBUG | d.t.c.a.a.c.u.util.UserUtilService   : Removing 15 users from all courses. Done
    23:49:07.209 | 464 ool-1-worker-228 | DEBUG | d.t.c.a.a.c.u.util.UserUtilService   : Save 15 users to database...
    23:49:07.214 | 464 ool-1-worker-228 | DEBUG | d.t.c.a.a.c.u.util.UserUtilService   : Save 15 users to database. Done
    23:49:07.238 | 464 ool-1-worker-228 | DEBUG | .c.s.m.InstanceMessageReceiveService : Received schedule participant score for exercise 3551 and participant 780 (result to be deleted: null)
    23:49:07.238 | 464 ool-1-worker-228 | DEBUG | .a.s.ParticipantScoreScheduleService : Scheduled task for exercise 3551 and participant 780 at 2025-02-14T23:49:07.338581565Z[Etc/UTC].
    23:49:07.241 | 464 ool-1-worker-228 | DEBUG | PersonalAccessTokenManagementService : Generate secure vcs access token
    23:49:07.242 | 464 ool-1-worker-228 | INFO  | i.z.t.d.l.EmbeddedDatabaseReporter   : JDBC URL to connect to 'dataSource': url='jdbc:h2:tcp://localhost:41063/mem:736625c0-cf5e-400d-aeaa-8a7eabd6262b;USER=sa', scope='ProgrammingSubmissionIntegrationTest#testGetProgrammingSubmissionWithoutAssessmentLockSubmission'
    23:49:07.244 | 464 ool-1-worker-228 | DEBUG | .c.s.m.InstanceMessageReceiveService : Received schedule participant score for exercise 3551 and participant 781 (result to be deleted: null)
    23:49:07.244 | 464 ool-1-worker-228 | DEBUG | .a.s.ParticipantScoreScheduleService : Scheduled task for exercise 3551 and participant 781 at 2025-02-14T23:49:07.344494392Z[Etc/UTC].
    23:49:07.252 | 464 ool-1-worker-228 | DEBUG | .c.s.m.InstanceMessageReceiveService : Received schedule participant score for exercise 3551 and participant 781 (result to be deleted: null)
    23:49:07.252 | 464 ool-1-worker-228 | DEBUG | .a.s.ParticipantScoreScheduleService : Scheduled task for exercise 3551 and participant 781 at 2025-02-14T23:49:07.352781727Z[Etc/UTC].
    23:49:07.267 | 464 ool-1-worker-228 | DEBUG | .c.s.m.InstanceMessageReceiveService : Received schedule participant score for exercise 3551 and participant 781 (result to be deleted: null)
    23:49:07.267 | 464 ool-1-worker-228 | DEBUG | .a.s.ParticipantScoreScheduleService : Scheduled task for exercise 3551 and participant 781 at 2025-02-14T23:49:07.367230633Z[Etc/UTC].
    23:49:07.269 | 464 ool-1-worker-228 | DEBUG | d.t.c.a.a.c.s.f.ApiVersionFilter     : Adding Version to Request GET /api/exercises/3551/programming-submission-without-assessment
    23:49:07.269 | 464 ool-1-worker-228 | DEBUG | .a.p.w.ProgrammingSubmissionResource : REST request to get a programming submission without assessment
    23:49:07.279 | 464 ool-1-worker-228 | DEBUG | .c.s.m.InstanceMessageReceiveService : Received schedule participant score for exercise 3551 and participant 781 (result to be deleted: null)
    23:49:07.279 | 464 ool-1-worker-228 | DEBUG | .a.s.ParticipantScoreScheduleService : Scheduled task for exercise 3551 and participant 781 at 2025-02-14T23:49:07.379664251Z[Etc/UTC].
    23:49:07.293 | 464 ool-1-worker-228 | DEBUG | .c.s.m.InstanceMessageReceiveService : Received schedule participant score for exercise 3551 and participant 781 (result to be deleted: null)
    23:49:07.293 | 464 ool-1-worker-228 | DEBUG | .a.s.ParticipantScoreScheduleService : Scheduled task for exercise 3551 and participant 781 at 2025-02-14T23:49:07.393718611Z[Etc/UTC].
    23:49:07.303 | 464 ool-1-worker-228 | DEBUG | .c.s.m.InstanceMessageReceiveService : Received schedule participant score for exercise 3551 and participant 781 (result to be deleted: null)
    23:49:07.303 | 464 ool-1-worker-228 | DEBUG | .a.s.ParticipantScoreScheduleService : Scheduled task for exercise 3551 and participant 781 at 2025-02-14T23:49:07.403453054Z[Etc/UTC].
    23:49:07.303 | 464 ool-1-worker-228 | DEBUG | a.a.p.s.ProgrammingSubmissionService : Assessment locked with result id: 989 for assessor: programmingsubmissiontutor1First programmingsubmissiontutor1Last

  Starting logs for ProgrammingSubmissionIntegrationTest > triggerBuildForParticipationsInstructorEmpty()
    23:49:07.317 | 464 ool-1-worker-228 | DEBUG | d.t.c.a.a.c.u.util.UserUtilService   : Generate 10 students...
    23:49:07.328 | 464 ool-1-worker-228 | DEBUG | d.t.c.a.a.c.u.util.UserUtilService   : 10 students generated. Generate 2 tutors...
    23:49:07.330 | 464 ool-1-worker-228 | DEBUG | d.t.c.a.a.c.u.util.UserUtilService   : 2 tutors generated. Generate 1 editors...
    23:49:07.332 | 464 ool-1-worker-228 | DEBUG | d.t.c.a.a.c.u.util.UserUtilService   : 1 editors generated. Generate 2 instructors...
    23:49:07.336 | 464 ool-1-worker-228 | DEBUG | d.t.c.a.a.c.u.util.UserUtilService   : 2 instructors generated
    23:49:07.337 | 464 ool-1-worker-228 | DEBUG | d.t.c.a.a.c.u.util.UserUtilService   : Removing 15 users from all courses...
    23:49:07.338 | 464 ool-1-worker-228 | DEBUG | d.t.c.a.a.c.u.util.UserUtilService   : Removing 15 users from all courses. Done
    23:49:07.338 | 464 ool-1-worker-228 | DEBUG | d.t.c.a.a.c.u.util.UserUtilService   : Save 15 users to database...
    23:49:07.343 | 464 ool-1-worker-228 | DEBUG | d.t.c.a.a.c.u.util.UserUtilService   : Save 15 users to database. Done
    23:49:07.368 | 464 ool-1-worker-228 | DEBUG | .c.s.m.InstanceMessageReceiveService : Received schedule participant score for exercise 3552 and participant 780 (result to be deleted: null)
    23:49:07.368 | 464 ool-1-worker-228 | DEBUG | .a.s.ParticipantScoreScheduleService : Scheduled task for exercise 3552 and participant 780 at 2025-02-14T23:49:07.468656644Z[Etc/UTC].
    23:49:07.371 | 464 ool-1-worker-228 | DEBUG | PersonalAccessTokenManagementService : Generate secure vcs access token
    23:49:07.372 | 464 ool-1-worker-228 | INFO  | i.z.t.d.l.EmbeddedDatabaseReporter   : JDBC URL to connect to 'dataSource': url='jdbc:h2:tcp://localhost:41063/mem:736625c0-cf5e-400d-aeaa-8a7eabd6262b;USER=sa', scope='ProgrammingSubmissionIntegrationTest#triggerBuildForParticipationsInstructorEmpty'
    23:49:07.376 | 464 ool-1-worker-228 | DEBUG | PersonalAccessTokenManagementService : Generate secure vcs access token
    23:49:07.377 | 464 ool-1-worker-228 | DEBUG | d.t.c.a.a.c.s.f.ApiVersionFilter     : Adding Version to Request POST /api/programming-exercises/3552/trigger-instructor-build
    23:49:07.381 | 464 ool-1-worker-228 | INFO  | .a.p.w.ProgrammingSubmissionResource : Trigger (failed) instructor build for participations [5112, 5114] in exercise Programming with id 3552
    23:49:07.382 | 464 ool-1-worker-228 | INFO  | .c.a.a.p.s.ProgrammingTriggerService : Sleep for 0s during triggerBuild
    23:49:07.388 | 464 ool-1-worker-228 | DEBUG | d.t.c.a.a.c.s.f.ApiVersionFilter     : Adding Version to Request POST /api/programming-exercises/3552/trigger-instructor-build
    23:49:07.391 | 464 ool-1-worker-228 | INFO  | .a.p.w.ProgrammingSubmissionResource : Trigger (failed) instructor build for participations [5112, 5114] in exercise Programming with id 3552
    23:49:07.391 | 464 ool-1-worker-228 | INFO  | .c.a.a.p.s.ProgrammingTriggerService : Sleep for 0s during triggerBuild

  Starting logs for ProgrammingSubmissionIntegrationTest > triggerBuildStudentForbidden()
    23:49:07.407 | 464 ool-1-worker-228 | DEBUG | d.t.c.a.a.c.u.util.UserUtilService   : Generate 10 students...
    23:49:07.417 | 464 ool-1-worker-228 | DEBUG | d.t.c.a.a.c.u.util.UserUtilService   : 10 students generated. Generate 2 tutors...
    23:49:07.420 | 464 ool-1-worker-228 | DEBUG | d.t.c.a.a.c.u.util.UserUtilService   : 2 tutors generated. Generate 1 editors...
    23:49:07.422 | 464 ool-1-worker-228 | DEBUG | d.t.c.a.a.c.u.util.UserUtilService   : 1 editors generated. Generate 2 instructors...
    23:49:07.425 | 464 ool-1-worker-228 | DEBUG | d.t.c.a.a.c.u.util.UserUtilService   : 2 instructors generated
    23:49:07.426 | 464 ool-1-worker-228 | DEBUG | d.t.c.a.a.c.u.util.UserUtilService   : Removing 15 users from all courses...
    23:49:07.427 | 464 ool-1-worker-228 | DEBUG | d.t.c.a.a.c.u.util.UserUtilService   : Removing 15 users from all courses. Done
    23:49:07.427 | 464 ool-1-worker-228 | DEBUG | d.t.c.a.a.c.u.util.UserUtilService   : Save 15 users to database...
    23:49:07.432 | 464 ool-1-worker-228 | DEBUG | d.t.c.a.a.c.u.util.UserUtilService   : Save 15 users to database. Done
    23:49:07.457 | 464 ool-1-worker-228 | DEBUG | .c.s.m.InstanceMessageReceiveService : Received schedule participant score for exercise 3553 and participant 780 (result to be deleted: null)
    23:49:07.457 | 464 ool-1-worker-228 | DEBUG | .a.s.ParticipantScoreScheduleService : Scheduled task for exercise 3553 and participant 780 at 2025-02-14T23:49:07.557269830Z[Etc/UTC].
    23:49:07.459 | 464 ool-1-worker-228 | DEBUG | PersonalAccessTokenManagementService : Generate secure vcs access token
    23:49:07.461 | 464 ool-1-worker-228 | INFO  | i.z.t.d.l.EmbeddedDatabaseReporter   : JDBC URL to connect to 'dataSource': url='jdbc:h2:tcp://localhost:41063/mem:736625c0-cf5e-400d-aeaa-8a7eabd6262b;USER=sa', scope='ProgrammingSubmissionIntegrationTest#triggerBuildStudentForbidden'
    23:49:07.462 | 464 ool-1-worker-228 | DEBUG | d.t.c.a.a.c.s.f.ApiVersionFilter     : Adding Version to Request POST /api/programming-submissions/5120/trigger-build
    23:49:07.464 | 464 ool-1-worker-228 | WARN  | o.z.p.spring.common.AdviceTraits     : Forbidden: You are not allowed to access the participation with id 5120

  Starting logs for ProgrammingSubmissionIntegrationTest > getAllProgrammingSubmissionsAssessedByTutorAllSubmissionsReturned()
    23:49:07.474 | 464 ool-1-worker-228 | DEBUG | d.t.c.a.a.c.u.util.UserUtilService   : Generate 10 students...
    23:49:07.484 | 464 ool-1-worker-228 | DEBUG | d.t.c.a.a.c.u.util.UserUtilService   : 10 students generated. Generate 2 tutors...
    23:49:07.487 | 464 ool-1-worker-228 | DEBUG | d.t.c.a.a.c.u.util.UserUtilService   : 2 tutors generated. Generate 1 editors...
    23:49:07.489 | 464 ool-1-worker-228 | DEBUG | d.t.c.a.a.c.u.util.UserUtilService   : 1 editors generated. Generate 2 instructors...
    23:49:07.492 | 464 ool-1-worker-228 | DEBUG | d.t.c.a.a.c.u.util.UserUtilService   : 2 instructors generated
    23:49:07.493 | 464 ool-1-worker-228 | DEBUG | d.t.c.a.a.c.u.util.UserUtilService   : Removing 15 users from all courses...
    23:49:07.494 | 464 ool-1-worker-228 | DEBUG | d.t.c.a.a.c.u.util.UserUtilService   : Removing 15 users from all courses. Done
    23:49:07.494 | 464 ool-1-worker-228 | DEBUG | d.t.c.a.a.c.u.util.UserUtilService   : Save 15 users to database...
    23:49:07.499 | 464 ool-1-worker-228 | DEBUG | d.t.c.a.a.c.u.util.UserUtilService   : Save 15 users to database. Done
    23:49:07.529 | 464 ool-1-worker-228 | DEBUG | .c.s.m.InstanceMessageReceiveService : Received schedule participant score for exercise 3554 and participant 780 (result to be deleted: null)
    23:49:07.529 | 464 ool-1-worker-228 | DEBUG | .a.s.ParticipantScoreScheduleService : Scheduled task for exercise 3554 and participant 780 at 2025-02-14T23:49:07.629749970Z[Etc/UTC].
    23:49:07.532 | 464 ool-1-worker-228 | DEBUG | PersonalAccessTokenManagementService : Generate secure vcs access token
    23:49:07.533 | 464 ool-1-worker-228 | INFO  | i.z.t.d.l.EmbeddedDatabaseReporter   : JDBC URL to connect to 'dataSource': url='jdbc:h2:tcp://localhost:41063/mem:736625c0-cf5e-400d-aeaa-8a7eabd6262b;USER=sa', scope='ProgrammingSubmissionIntegrationTest#getAllProgrammingSubmissionsAssessedByTutorAllSubmissionsReturned'
    23:49:07.536 | 464 ool-1-worker-228 | DEBUG | .c.s.m.InstanceMessageReceiveService : Received schedule participant score for exercise 3554 and participant 781 (result to be deleted: null)
    23:49:07.536 | 464 ool-1-worker-228 | DEBUG | .a.s.ParticipantScoreScheduleService : Scheduled task for exercise 3554 and participant 781 at 2025-02-14T23:49:07.636521799Z[Etc/UTC].
    23:49:07.551 | 464 ool-1-worker-228 | DEBUG | .c.s.m.InstanceMessageReceiveService : Received schedule participant score for exercise 3554 and participant 781 (result to be deleted: null)
    23:49:07.551 | 464 ool-1-worker-228 | DEBUG | .a.s.ParticipantScoreScheduleService : Scheduled task for exercise 3554 and participant 781 at 2025-02-14T23:49:07.651719461Z[Etc/UTC].
    23:49:07.553 | 464 ool-1-worker-228 | DEBUG | .c.s.m.InstanceMessageReceiveService : Received schedule participant score for exercise 3554 and participant 781 (result to be deleted: null)
    23:49:07.553 | 464 ool-1-worker-228 | DEBUG | .a.s.ParticipantScoreScheduleService : Scheduled task for exercise 3554 and participant 781 at 2025-02-14T23:49:07.653222935Z[Etc/UTC].
    23:49:07.567 | 464 ool-1-worker-228 | DEBUG | .c.s.m.InstanceMessageReceiveService : Received schedule participant score for exercise 3554 and participant 781 (result to be deleted: null)
    23:49:07.567 | 464 ool-1-worker-228 | DEBUG | .a.s.ParticipantScoreScheduleService : Scheduled task for exercise 3554 and participant 781 at 2025-02-14T23:49:07.667266275Z[Etc/UTC].
    23:49:07.567 | 464 ool-1-worker-228 | DEBUG | .c.s.m.InstanceMessageReceiveService : Received schedule participant score for exercise 3554 and participant 781 (result to be deleted: null)
    23:49:07.567 | 464 ool-1-worker-228 | DEBUG | .a.s.ParticipantScoreScheduleService : Scheduled task for exercise 3554 and participant 781 at 2025-02-14T23:49:07.667373284Z[Etc/UTC].
    23:49:07.568 | 464 ool-1-worker-228 | DEBUG | .c.s.m.InstanceMessageReceiveService : Received schedule participant score for exercise 3554 and participant 781 (result to be deleted: null)
    23:49:07.568 | 464 ool-1-worker-228 | DEBUG | .a.s.ParticipantScoreScheduleService : Scheduled task for exercise 3554 and participant 781 at 2025-02-14T23:49:07.668842544Z[Etc/UTC].
    23:49:07.586 | 464 ool-1-worker-228 | DEBUG | .c.s.m.InstanceMessageReceiveService : Received schedule participant score for exercise 3554 and participant 781 (result to be deleted: null)
    23:49:07.586 | 464 ool-1-worker-228 | DEBUG | .a.s.ParticipantScoreScheduleService : Scheduled task for exercise 3554 and participant 781 at 2025-02-14T23:49:07.686316161Z[Etc/UTC].
    23:49:07.586 | 464 ool-1-worker-228 | DEBUG | .c.s.m.InstanceMessageReceiveService : Received schedule participant score for exercise 3554 and participant 781 (result to be deleted: null)
    23:49:07.586 | 464 ool-1-worker-228 | DEBUG | .a.s.ParticipantScoreScheduleService : Scheduled task for exercise 3554 and participant 781 at 2025-02-14T23:49:07.686430684Z[Etc/UTC].
    23:49:07.586 | 464 ool-1-worker-228 | DEBUG | .c.s.m.InstanceMessageReceiveService : Received schedule participant score for exercise 3554 and participant 781 (result to be deleted: null)
    23:49:07.586 | 464 ool-1-worker-228 | DEBUG | .a.s.ParticipantScoreScheduleService : Scheduled task for exercise 3554 and participant 781 at 2025-02-14T23:49:07.686601323Z[Etc/UTC].
    23:49:07.589 | 464 ool-1-worker-228 | DEBUG | d.t.c.a.a.c.s.f.ApiVersionFilter     : Adding Version to Request GET /api/exercises/3554/programming-submissions
    23:49:07.590 | 464 ool-1-worker-228 | DEBUG | .a.p.w.ProgrammingSubmissionResource : REST request to get all programming submissions

  Starting logs for ProgrammingSubmissionIntegrationTest > testLockAndGetProgrammingSubmissionLessManualResultsThanCorrectionRoundWithoutAutomaticResult()
    23:49:07.609 | 464 ool-1-worker-228 | DEBUG | d.t.c.a.a.c.u.util.UserUtilService   : Generate 10 students...
    23:49:07.619 | 464 ool-1-worker-228 | DEBUG | d.t.c.a.a.c.u.util.UserUtilService   : 10 students generated. Generate 2 tutors...
    23:49:07.623 | 464 ool-1-worker-228 | DEBUG | d.t.c.a.a.c.u.util.UserUtilService   : 2 tutors generated. Generate 1 editors...
    23:49:07.625 | 464 ool-1-worker-228 | DEBUG | d.t.c.a.a.c.u.util.UserUtilService   : 1 editors generated. Generate 2 instructors...
    23:49:07.628 | 464 ool-1-worker-228 | DEBUG | d.t.c.a.a.c.u.util.UserUtilService   : 2 instructors generated
    23:49:07.629 | 464 ool-1-worker-228 | DEBUG | d.t.c.a.a.c.u.util.UserUtilService   : Removing 15 users from all courses...
    23:49:07.630 | 464 ool-1-worker-228 | DEBUG | d.t.c.a.a.c.u.util.UserUtilService   : Removing 15 users from all courses. Done
    23:49:07.630 | 464 ool-1-worker-228 | DEBUG | d.t.c.a.a.c.u.util.UserUtilService   : Save 15 users to database...
    23:49:07.635 | 464 ool-1-worker-228 | DEBUG | d.t.c.a.a.c.u.util.UserUtilService   : Save 15 users to database. Done
    23:49:07.660 | 464 ool-1-worker-228 | DEBUG | .c.s.m.InstanceMessageReceiveService : Received schedule participant score for exercise 3555 and participant 780 (result to be deleted: null)
    23:49:07.660 | 464 ool-1-worker-228 | DEBUG | .a.s.ParticipantScoreScheduleService : Scheduled task for exercise 3555 and participant 780 at 2025-02-14T23:49:07.760765593Z[Etc/UTC].
    23:49:07.663 | 464 ool-1-worker-228 | DEBUG | PersonalAccessTokenManagementService : Generate secure vcs access token
    23:49:07.664 | 464 ool-1-worker-228 | INFO  | i.z.t.d.l.EmbeddedDatabaseReporter   : JDBC URL to connect to 'dataSource': url='jdbc:h2:tcp://localhost:41063/mem:736625c0-cf5e-400d-aeaa-8a7eabd6262b;USER=sa', scope='ProgrammingSubmissionIntegrationTest#testLockAndGetProgrammingSubmissionLessManualResultsThanCorrectionRoundWithoutAutomaticResult'
    23:49:07.675 | 464 ool-1-worker-228 | DEBUG | d.t.c.a.a.c.s.f.ApiVersionFilter     : Adding Version to Request GET /api/programming-submissions/1699/lock
    23:49:07.675 | 464 ool-1-worker-228 | DEBUG | .a.p.w.ProgrammingSubmissionResource : REST request to get ProgrammingSubmission with id: 1699
    23:49:07.685 | 464 ool-1-worker-228 | DEBUG | .c.s.m.InstanceMessageReceiveService : Received schedule participant score for exercise 3555 and participant 781 (result to be deleted: null)
    23:49:07.685 | 464 ool-1-worker-228 | DEBUG | .a.s.ParticipantScoreScheduleService : Scheduled task for exercise 3555 and participant 781 at 2025-02-14T23:49:07.785978964Z[Etc/UTC].
    23:49:07.700 | 464 ool-1-worker-228 | DEBUG | .c.s.m.InstanceMessageReceiveService : Received schedule participant score for exercise 3555 and participant 781 (result to be deleted: null)
    23:49:07.700 | 464 ool-1-worker-228 | DEBUG | .a.s.ParticipantScoreScheduleService : Scheduled task for exercise 3555 and participant 781 at 2025-02-14T23:49:07.800315631Z[Etc/UTC].
    23:49:07.708 | 464 ool-1-worker-228 | DEBUG | .c.s.m.InstanceMessageReceiveService : Received schedule participant score for exercise 3555 and participant 781 (result to be deleted: null)
    23:49:07.708 | 464 ool-1-worker-228 | DEBUG | .a.s.ParticipantScoreScheduleService : Scheduled task for exercise 3555 and participant 781 at 2025-02-14T23:49:07.808341969Z[Etc/UTC].
    23:49:07.708 | 464 ool-1-worker-228 | DEBUG | a.a.p.s.ProgrammingSubmissionService : Assessment locked with result id: 997 for assessor: programmingsubmissiontutor1First programmingsubmissiontutor1Last

  Starting logs for ProgrammingSubmissionIntegrationTest > testNotifyPush_commitIsDifferentBranch()
    23:49:07.720 | 464 ool-1-worker-228 | DEBUG | d.t.c.a.a.c.u.util.UserUtilService   : Generate 10 students...
    23:49:07.730 | 464 ool-1-worker-228 | DEBUG | d.t.c.a.a.c.u.util.UserUtilService   : 10 students generated. Generate 2 tutors...
    23:49:07.733 | 464 ool-1-worker-228 | DEBUG | d.t.c.a.a.c.u.util.UserUtilService   : 2 tutors generated. Generate 1 editors...
    23:49:07.735 | 464 ool-1-worker-228 | DEBUG | d.t.c.a.a.c.u.util.UserUtilService   : 1 editors generated. Generate 2 instructors...
    23:49:07.738 | 464 ool-1-worker-228 | DEBUG | d.t.c.a.a.c.u.util.UserUtilService   : 2 instructors generated
    23:49:07.739 | 464 ool-1-worker-228 | DEBUG | d.t.c.a.a.c.u.util.UserUtilService   : Removing 15 users from all courses...
    23:49:07.740 | 464 ool-1-worker-228 | DEBUG | d.t.c.a.a.c.u.util.UserUtilService   : Removing 15 users from all courses. Done
    23:49:07.740 | 464 ool-1-worker-228 | DEBUG | d.t.c.a.a.c.u.util.UserUtilService   : Save 15 users to database...
    23:49:07.746 | 464 ool-1-worker-228 | DEBUG | d.t.c.a.a.c.u.util.UserUtilService   : Save 15 users to database. Done
    23:49:07.770 | 464 ool-1-worker-228 | DEBUG | .c.s.m.InstanceMessageReceiveService : Received schedule participant score for exercise 3556 and participant 780 (result to be deleted: null)
    23:49:07.770 | 464 ool-1-worker-228 | DEBUG | .a.s.ParticipantScoreScheduleService : Scheduled task for exercise 3556 and participant 780 at 2025-02-14T23:49:07.870544943Z[Etc/UTC].
    23:49:07.773 | 464 ool-1-worker-228 | DEBUG | PersonalAccessTokenManagementService : Generate secure vcs access token
    23:49:07.774 | 464 ool-1-worker-228 | INFO  | i.z.t.d.l.EmbeddedDatabaseReporter   : JDBC URL to connect to 'dataSource': url='jdbc:h2:tcp://localhost:41063/mem:736625c0-cf5e-400d-aeaa-8a7eabd6262b;USER=sa', scope='ProgrammingSubmissionIntegrationTest#testNotifyPush_commitIsDifferentBranch'
    23:49:07.964 | 327 taskScheduler-2  | DEBUG | .a.s.ParticipantScoreScheduleService : Processing exercise 3556 and participant 780 to update participant scores.
    23:49:07.967 | 464 ool-1-worker-228 | DEBUG | d.t.c.a.a.c.s.f.ApiVersionFilter     : Adding Version to Request POST /api/public/programming-submissions/5137
    23:49:07.967 | 464 ool-1-worker-228 | DEBUG | .PublicProgrammingSubmissionResource : REST request to inform about new commit+push for participation: 5137
    23:49:07.968 | 464 ool-1-worker-228 | INFO  | a.a.p.s.ProgrammingSubmissionService : NotifyPush invoked due to the commit null by null with null in branch another-branch
    23:49:07.970 | 464 ool-1-worker-228 | WARN  | .PublicProgrammingSubmissionResource : User committed to the wrong branch for participation 5137
    23:49:07.971 | 327 taskScheduler-2  | DEBUG | .a.s.ParticipantScoreScheduleService : Updating the participant score for exercise 3556 and participant 780 took 7 ms.

  Starting logs for ProgrammingSubmissionIntegrationTest > triggerBuildForParticipationsInstructorParticipationsEmpty()
    23:49:07.985 | 464 ool-1-worker-228 | DEBUG | d.t.c.a.a.c.u.util.UserUtilService   : Generate 10 students...
    23:49:08.000 | 464 ool-1-worker-228 | DEBUG | d.t.c.a.a.c.u.util.UserUtilService   : 10 students generated. Generate 2 tutors...
    23:49:08.004 | 464 ool-1-worker-228 | DEBUG | d.t.c.a.a.c.u.util.UserUtilService   : 2 tutors generated. Generate 1 editors...
    23:49:08.006 | 464 ool-1-worker-228 | DEBUG | d.t.c.a.a.c.u.util.UserUtilService   : 1 editors generated. Generate 2 instructors...
    23:49:08.009 | 464 ool-1-worker-228 | DEBUG | d.t.c.a.a.c.u.util.UserUtilService   : 2 instructors generated
    23:49:08.010 | 464 ool-1-worker-228 | DEBUG | d.t.c.a.a.c.u.util.UserUtilService   : Removing 15 users from all courses...
    23:49:08.011 | 464 ool-1-worker-228 | DEBUG | d.t.c.a.a.c.u.util.UserUtilService   : Removing 15 users from all courses. Done
    23:49:08.011 | 464 ool-1-worker-228 | DEBUG | d.t.c.a.a.c.u.util.UserUtilService   : Save 15 users to database...
    23:49:08.017 | 464 ool-1-worker-228 | DEBUG | d.t.c.a.a.c.u.util.UserUtilService   : Save 15 users to database. Done
    23:49:08.042 | 464 ool-1-worker-228 | DEBUG | .c.s.m.InstanceMessageReceiveService : Received schedule participant score for exercise 3557 and participant 780 (result to be deleted: null)
    23:49:08.042 | 464 ool-1-worker-228 | DEBUG | .a.s.ParticipantScoreScheduleService : Scheduled task for exercise 3557 and participant 780 at 2025-02-14T23:49:08.142636432Z[Etc/UTC].
    23:49:08.045 | 464 ool-1-worker-228 | DEBUG | PersonalAccessTokenManagementService : Generate secure vcs access token
    23:49:08.046 | 464 ool-1-worker-228 | INFO  | i.z.t.d.l.EmbeddedDatabaseReporter   : JDBC URL to connect to 'dataSource': url='jdbc:h2:tcp://localhost:41063/mem:736625c0-cf5e-400d-aeaa-8a7eabd6262b;USER=sa', scope='ProgrammingSubmissionIntegrationTest#triggerBuildForParticipationsInstructorParticipationsEmpty'
    23:49:08.047 | 464 ool-1-worker-228 | DEBUG | d.t.c.a.a.c.s.f.ApiVersionFilter     : Adding Version to Request POST /api/programming-exercises/3557/trigger-instructor-build
    23:49:08.049 | 464 ool-1-worker-228 | ERROR | tech.jhipster.web.util.HeaderUtil    : Entity processing failed, participationIds cannot be empty
    23:49:08.049 | 464 ool-1-worker-228 | WARN  | o.z.p.spring.common.AdviceTraits     : Bad Request: participationIds cannot be empty

  Starting logs for ProgrammingSubmissionIntegrationTest > triggerBuildInstructorStudentForbidden()
    23:49:08.062 | 464 ool-1-worker-228 | DEBUG | d.t.c.a.a.c.u.util.UserUtilService   : Generate 10 students...
    23:49:08.073 | 464 ool-1-worker-228 | DEBUG | d.t.c.a.a.c.u.util.UserUtilService   : 10 students generated. Generate 2 tutors...
    23:49:08.076 | 464 ool-1-worker-228 | DEBUG | d.t.c.a.a.c.u.util.UserUtilService   : 2 tutors generated. Generate 1 editors...
    23:49:08.078 | 464 ool-1-worker-228 | DEBUG | d.t.c.a.a.c.u.util.UserUtilService   : 1 editors generated. Generate 2 instructors...
    23:49:08.081 | 464 ool-1-worker-228 | DEBUG | d.t.c.a.a.c.u.util.UserUtilService   : 2 instructors generated
    23:49:08.083 | 464 ool-1-worker-228 | DEBUG | d.t.c.a.a.c.u.util.UserUtilService   : Removing 15 users from all courses...
    23:49:08.084 | 464 ool-1-worker-228 | DEBUG | d.t.c.a.a.c.u.util.UserUtilService   : Removing 15 users from all courses. Done
    23:49:08.084 | 464 ool-1-worker-228 | DEBUG | d.t.c.a.a.c.u.util.UserUtilService   : Save 15 users to database...
    23:49:08.089 | 464 ool-1-worker-228 | DEBUG | d.t.c.a.a.c.u.util.UserUtilService   : Save 15 users to database. Done
    23:49:08.115 | 464 ool-1-worker-228 | DEBUG | .c.s.m.InstanceMessageReceiveService : Received schedule participant score for exercise 3558 and participant 780 (result to be deleted: null)
    23:49:08.115 | 464 ool-1-worker-228 | DEBUG | .a.s.ParticipantScoreScheduleService : Scheduled task for exercise 3558 and participant 780 at 2025-02-14T23:49:08.215528279Z[Etc/UTC].
    23:49:08.118 | 464 ool-1-worker-228 | DEBUG | PersonalAccessTokenManagementService : Generate secure vcs access token
    23:49:08.119 | 464 ool-1-worker-228 | INFO  | i.z.t.d.l.EmbeddedDatabaseReporter   : JDBC URL to connect to 'dataSource': url='jdbc:h2:tcp://localhost:41063/mem:736625c0-cf5e-400d-aeaa-8a7eabd6262b;USER=sa', scope='ProgrammingSubmissionIntegrationTest#triggerBuildInstructorStudentForbidden'
    23:49:08.121 | 464 ool-1-worker-228 | DEBUG | d.t.c.a.a.c.s.f.ApiVersionFilter     : Adding Version to Request POST /api/programming-submissions/5149/trigger-build
    23:49:08.124 | 464 ool-1-worker-228 | WARN  | o.z.p.spring.common.AdviceTraits     : Forbidden: You are not allowed to access this resource

  Starting logs for ProgrammingSubmissionIntegrationTest > testNotifyPush_cannotGetLastCommitDetails()
    23:49:08.134 | 464 ool-1-worker-228 | DEBUG | d.t.c.a.a.c.u.util.UserUtilService   : Generate 10 students...
    23:49:08.144 | 464 ool-1-worker-228 | DEBUG | d.t.c.a.a.c.u.util.UserUtilService   : 10 students generated. Generate 2 tutors...
    23:49:08.148 | 464 ool-1-worker-228 | DEBUG | d.t.c.a.a.c.u.util.UserUtilService   : 2 tutors generated. Generate 1 editors...
    23:49:08.151 | 464 ool-1-worker-228 | DEBUG | d.t.c.a.a.c.u.util.UserUtilService   : 1 editors generated. Generate 2 instructors...
    23:49:08.155 | 464 ool-1-worker-228 | DEBUG | d.t.c.a.a.c.u.util.UserUtilService   : 2 instructors generated
    23:49:08.157 | 464 ool-1-worker-228 | DEBUG | d.t.c.a.a.c.u.util.UserUtilService   : Removing 15 users from all courses...
    23:49:08.159 | 464 ool-1-worker-228 | DEBUG | d.t.c.a.a.c.u.util.UserUtilService   : Removing 15 users from all courses. Done
    23:49:08.159 | 464 ool-1-worker-228 | DEBUG | d.t.c.a.a.c.u.util.UserUtilService   : Save 15 users to database...
    23:49:08.167 | 464 ool-1-worker-228 | DEBUG | d.t.c.a.a.c.u.util.UserUtilService   : Save 15 users to database. Done
    23:49:08.207 | 464 ool-1-worker-228 | DEBUG | .c.s.m.InstanceMessageReceiveService : Received schedule participant score for exercise 3559 and participant 780 (result to be deleted: null)
    23:49:08.207 | 464 ool-1-worker-228 | DEBUG | .a.s.ParticipantScoreScheduleService : Scheduled task for exercise 3559 and participant 780 at 2025-02-14T23:49:08.307674975Z[Etc/UTC].
    23:49:08.211 | 464 ool-1-worker-228 | DEBUG | PersonalAccessTokenManagementService : Generate secure vcs access token
    23:49:08.213 | 464 ool-1-worker-228 | INFO  | i.z.t.d.l.EmbeddedDatabaseReporter   : JDBC URL to connect to 'dataSource': url='jdbc:h2:tcp://localhost:41063/mem:736625c0-cf5e-400d-aeaa-8a7eabd6262b;USER=sa', scope='ProgrammingSubmissionIntegrationTest#testNotifyPush_cannotGetLastCommitDetails'
    23:49:08.216 | 464 ool-1-worker-228 | DEBUG | d.t.c.a.a.c.s.f.ApiVersionFilter     : Adding Version to Request POST /api/public/programming-submissions/5155
    23:49:08.216 | 464 ool-1-worker-228 | DEBUG | .PublicProgrammingSubmissionResource : REST request to inform about new commit+push for participation: 5155
    23:49:08.217 | 464 ool-1-worker-228 | ERROR | a.a.p.s.ProgrammingSubmissionService : Commit could not be parsed for submission from participation ProgrammingExerciseStudentParticipation{id=5155, repositoryUri='https://version-control.fake.fake/git/SHORTCF4A60B60991204A070BC870C1335B7B0088TSTEXC/shortcf4a60b60991204a070bc870c1335b7b0088tstexc-programmingsubmissionstudent1.git', buildPlanId='SHORTCF4A60B60991204A070BC870C1335B7B0088TSTEXC-PROGRAMMINGSUBMISSIONSTUDENT1', initializationState='INITIALIZED', initializationDate='2025-02-14T23:49:08.204371Z', individualDueDate=null', presentationScore=null}
de.tum.cit.aet.artemis.core.exception.ContinuousIntegrationException: null
    23:49:08.217 | 464 ool-1-worker-228 | ERROR | .PublicProgrammingSubmissionResource : Exception encountered when trying to extract the commit hash from the request body: processing submission for participation 5155 failed with request body test
java.lang.IllegalArgumentException: de.tum.cit.aet.artemis.core.exception.ContinuousIntegrationException
	at de.tum.cit.aet.artemis.programming.service.ProgrammingSubmissionService.processNewProgrammingSubmission(ProgrammingSubmissionService.java:164)
	at de.tum.cit.aet.artemis.programming.web.open.PublicProgrammingSubmissionResource.processNewProgrammingSubmission(PublicProgrammingSubmissionResource.java:93)
	at java.base/jdk.internal.reflect.DirectMethodHandleAccessor.invoke(DirectMethodHandleAccessor.java:103)
	at java.base/java.lang.reflect.Method.invoke(Method.java:580)
	at org.springframework.aop.support.AopUtils.invokeJoinpointUsingReflection(AopUtils.java:359)
	at org.springframework.aop.framework.ReflectiveMethodInvocation.invokeJoinpoint(ReflectiveMethodInvocation.java:196)
	at org.springframework.aop.framework.ReflectiveMethodInvocation.proceed(ReflectiveMethodInvocation.java:163)
	at org.springframework.security.authorization.method.AuthorizationManagerBeforeMethodInterceptor.proceed(AuthorizationManagerBeforeMethodInterceptor.java:268)
	at org.springframework.security.authorization.method.AuthorizationManagerBeforeMethodInterceptor.attemptAuthorization(AuthorizationManagerBeforeMethodInterceptor.java:263)
	at org.springframework.security.authorization.method.AuthorizationManagerBeforeMethodInterceptor.invoke(AuthorizationManagerBeforeMethodInterceptor.java:196)
	at org.springframework.security.config.annotation.method.configuration.DeferringMethodInterceptor.invoke(DeferringMethodInterceptor.java:44)
	at org.springframework.aop.framework.ReflectiveMethodInvocation.proceed(ReflectiveMethodInvocation.java:184)
	at org.springframework.aop.framework.CglibAopProxy$DynamicAdvisedInterceptor.intercept(CglibAopProxy.java:727)
	at de.tum.cit.aet.artemis.programming.web.open.PublicProgrammingSubmissionResource$$SpringCGLIB$$0.processNewProgrammingSubmission(<generated>)
	at java.base/jdk.internal.reflect.DirectMethodHandleAccessor.invoke(DirectMethodHandleAccessor.java:103)
	at java.base/java.lang.reflect.Method.invoke(Method.java:580)
	at org.springframework.web.method.support.InvocableHandlerMethod.doInvoke(InvocableHandlerMethod.java:257)
	at org.springframework.web.method.support.InvocableHandlerMethod.invokeForRequest(InvocableHandlerMethod.java:190)
	at org.springframework.web.servlet.mvc.method.annotation.ServletInvocableHandlerMethod.invokeAndHandle(ServletInvocableHandlerMethod.java:118)
	at org.springframework.web.servlet.mvc.method.annotation.RequestMappingHandlerAdapter.invokeHandlerMethod(RequestMappingHandlerAdapter.java:986)
	at org.springframework.web.servlet.mvc.method.annotation.RequestMappingHandlerAdapter.handleInternal(RequestMappingHandlerAdapter.java:891)
	at org.springframework.web.servlet.mvc.method.AbstractHandlerMethodAdapter.handle(AbstractHandlerMethodAdapter.java:87)
	at org.springframework.web.servlet.DispatcherServlet.doDispatch(DispatcherServlet.java:1088)
	at org.springframework.web.servlet.DispatcherServlet.doService(DispatcherServlet.java:978)
	at org.springframework.web.servlet.FrameworkServlet.processRequest(FrameworkServlet.java:1014)
	at org.springframework.web.servlet.FrameworkServlet.doPost(FrameworkServlet.java:914)
	at jakarta.servlet.http.HttpServlet.service(HttpServlet.java:547)
	at org.springframework.web.servlet.FrameworkServlet.service(FrameworkServlet.java:885)
	at org.springframework.test.web.servlet.TestDispatcherServlet.service(TestDispatcherServlet.java:72)
	at jakarta.servlet.http.HttpServlet.service(HttpServlet.java:614)
	at org.springframework.mock.web.MockFilterChain$ServletFilterProxy.doFilter(MockFilterChain.java:165)
	at org.springframework.mock.web.MockFilterChain.doFilter(MockFilterChain.java:132)
	at org.springframework.web.filter.OncePerRequestFilter.doFilter(OncePerRequestFilter.java:110)
	at org.springframework.test.web.servlet.setup.MockMvcFilterDecorator.doFilter(MockMvcFilterDecorator.java:162)
	at org.springframework.mock.web.MockFilterChain.doFilter(MockFilterChain.java:132)
	at de.tum.cit.aet.artemis.core.security.filter.ApiVersionFilter.doFilter(ApiVersionFilter.java:55)
	at org.springframework.test.web.servlet.setup.MockMvcFilterDecorator.doFilter(MockMvcFilterDecorator.java:162)
	at org.springframework.mock.web.MockFilterChain.doFilter(MockFilterChain.java:132)
	at io.sentry.spring.jakarta.SentryUserFilter.doFilterInternal(SentryUserFilter.java:56)
	at org.springframework.web.filter.OncePerRequestFilter.doFilter(OncePerRequestFilter.java:116)
	at org.springframework.test.web.servlet.setup.MockMvcFilterDecorator.doFilter(MockMvcFilterDecorator.java:162)
	at org.springframework.mock.web.MockFilterChain.doFilter(MockFilterChain.java:132)
	at org.springframework.web.filter.CompositeFilter$VirtualFilterChain.doFilter(CompositeFilter.java:108)
	at org.springframework.security.web.FilterChainProxy.lambda$doFilterInternal$3(FilterChainProxy.java:231)
	at org.springframework.security.web.ObservationFilterChainDecorator$FilterObservation$SimpleFilterObservation.lambda$wrap$1(ObservationFilterChainDecorator.java:479)
	at org.springframework.security.web.ObservationFilterChainDecorator$AroundFilterObservation$SimpleAroundFilterObservation.lambda$wrap$1(ObservationFilterChainDecorator.java:340)
	at org.springframework.security.web.ObservationFilterChainDecorator.lambda$wrapSecured$0(ObservationFilterChainDecorator.java:82)
	at org.springframework.security.web.ObservationFilterChainDecorator$VirtualFilterChain.doFilter(ObservationFilterChainDecorator.java:128)
	at org.springframework.security.web.access.intercept.AuthorizationFilter.doFilter(AuthorizationFilter.java:101)
	at org.springframework.security.web.ObservationFilterChainDecorator$ObservationFilter.wrapFilter(ObservationFilterChainDecorator.java:240)
	at org.springframework.security.web.ObservationFilterChainDecorator$ObservationFilter.doFilter(ObservationFilterChainDecorator.java:227)
	at org.springframework.security.web.ObservationFilterChainDecorator$VirtualFilterChain.doFilter(ObservationFilterChainDecorator.java:137)
	at org.springframework.security.web.access.ExceptionTranslationFilter.doFilter(ExceptionTranslationFilter.java:126)
	at org.springframework.security.web.access.ExceptionTranslationFilter.doFilter(ExceptionTranslationFilter.java:120)
	at org.springframework.security.web.ObservationFilterChainDecorator$ObservationFilter.wrapFilter(ObservationFilterChainDecorator.java:240)
	at org.springframework.security.web.ObservationFilterChainDecorator$ObservationFilter.doFilter(ObservationFilterChainDecorator.java:227)
	at org.springframework.security.web.ObservationFilterChainDecorator$VirtualFilterChain.doFilter(ObservationFilterChainDecorator.java:137)
	at org.springframework.security.web.session.SessionManagementFilter.doFilter(SessionManagementFilter.java:131)
	at org.springframework.security.web.session.SessionManagementFilter.doFilter(SessionManagementFilter.java:85)
	at org.springframework.security.web.ObservationFilterChainDecorator$ObservationFilter.wrapFilter(ObservationFilterChainDecorator.java:240)
	at org.springframework.security.web.ObservationFilterChainDecorator$ObservationFilter.doFilter(ObservationFilterChainDecorator.java:227)
	at org.springframework.security.web.ObservationFilterChainDecorator$VirtualFilterChain.doFilter(ObservationFilterChainDecorator.java:137)
	at org.springframework.security.web.authentication.AnonymousAuthenticationFilter.doFilter(AnonymousAuthenticationFilter.java:100)
	at org.springframework.security.web.ObservationFilterChainDecorator$ObservationFilter.wrapFilter(ObservationFilterChainDecorator.java:240)
	at org.springframework.security.web.ObservationFilterChainDecorator$ObservationFilter.doFilter(ObservationFilterChainDecorator.java:227)
	at org.springframework.security.web.ObservationFilterChainDecorator$VirtualFilterChain.doFilter(ObservationFilterChainDecorator.java:137)
	at org.springframework.security.web.servletapi.SecurityContextHolderAwareRequestFilter.doFilter(SecurityContextHolderAwareRequestFilter.java:179)
	at org.springframework.security.web.ObservationFilterChainDecorator$ObservationFilter.wrapFilter(ObservationFilterChainDecorator.java:240)
	at org.springframework.security.web.ObservationFilterChainDecorator$ObservationFilter.doFilter(ObservationFilterChainDecorator.java:227)
	at org.springframework.security.web.ObservationFilterChainDecorator$VirtualFilterChain.doFilter(ObservationFilterChainDecorator.java:137)
	at org.springframework.security.web.savedrequest.RequestCacheAwareFilter.doFilter(RequestCacheAwareFilter.java:63)
	at org.springframework.security.web.ObservationFilterChainDecorator$ObservationFilter.wrapFilter(ObservationFilterChainDecorator.java:240)
	at org.springframework.security.web.ObservationFilterChainDecorator$ObservationFilter.doFilter(ObservationFilterChainDecorator.java:227)
	at org.springframework.security.web.ObservationFilterChainDecorator$VirtualFilterChain.doFilter(ObservationFilterChainDecorator.java:137)
	at de.tum.cit.aet.artemis.core.security.filter.SpaWebFilter.doFilterInternal(SpaWebFilter.java:23)
	at org.springframework.web.filter.OncePerRequestFilter.doFilter(OncePerRequestFilter.java:116)
	at org.springframework.security.web.ObservationFilterChainDecorator$ObservationFilter.wrapFilter(ObservationFilterChainDecorator.java:240)
	at org.springframework.security.web.ObservationFilterChainDecorator$ObservationFilter.doFilter(ObservationFilterChainDecorator.java:227)
	at org.springframework.security.web.ObservationFilterChainDecorator$VirtualFilterChain.doFilter(ObservationFilterChainDecorator.java:137)
	at org.springframework.web.filter.OncePerRequestFilter.doFilter(OncePerRequestFilter.java:110)
	at org.springframework.security.web.ObservationFilterChainDecorator$ObservationFilter.wrapFilter(ObservationFilterChainDecorator.java:240)
	at org.springframework.security.web.ObservationFilterChainDecorator$ObservationFilter.doFilter(ObservationFilterChainDecorator.java:227)
	at org.springframework.security.web.ObservationFilterChainDecorator$VirtualFilterChain.doFilter(ObservationFilterChainDecorator.java:137)
	at de.tum.cit.aet.artemis.lti.config.Lti13LaunchFilter.doFilterInternal(Lti13LaunchFilter.java:60)
	at org.springframework.web.filter.OncePerRequestFilter.doFilter(OncePerRequestFilter.java:116)
	at org.springframework.security.web.ObservationFilterChainDecorator$ObservationFilter.wrapFilter(ObservationFilterChainDecorator.java:240)
	at org.springframework.security.web.ObservationFilterChainDecorator$ObservationFilter.doFilter(ObservationFilterChainDecorator.java:227)
	at org.springframework.security.web.ObservationFilterChainDecorator$VirtualFilterChain.doFilter(ObservationFilterChainDecorator.java:137)
	at de.tum.cit.aet.artemis.core.security.jwt.JWTFilter.doFilter(JWTFilter.java:55)
	at org.springframework.security.web.ObservationFilterChainDecorator$ObservationFilter.wrapFilter(ObservationFilterChainDecorator.java:240)
	at org.springframework.security.web.ObservationFilterChainDecorator$ObservationFilter.doFilter(ObservationFilterChainDecorator.java:227)
	at org.springframework.security.web.ObservationFilterChainDecorator$VirtualFilterChain.doFilter(ObservationFilterChainDecorator.java:137)
	at de.tum.cit.aet.artemis.core.security.jwt.JWTFilter.doFilter(JWTFilter.java:55)
	at org.springframework.security.web.ObservationFilterChainDecorator$ObservationFilter.wrapFilter(ObservationFilterChainDecorator.java:240)
	at org.springframework.security.web.ObservationFilterChainDecorator$ObservationFilter.doFilter(ObservationFilterChainDecorator.java:227)
	at org.springframework.security.web.ObservationFilterChainDecorator$VirtualFilterChain.doFilter(ObservationFilterChainDecorator.java:137)
	at org.springframework.web.filter.CorsFilter.doFilterInternal(CorsFilter.java:91)
	at org.springframework.web.filter.OncePerRequestFilter.doFilter(OncePerRequestFilter.java:116)
	at org.springframework.security.web.ObservationFilterChainDecorator$ObservationFilter.wrapFilter(ObservationFilterChainDecorator.java:240)
	at org.springframework.security.web.ObservationFilterChainDecorator$ObservationFilter.doFilter(ObservationFilterChainDecorator.java:227)
	at org.springframework.security.web.ObservationFilterChainDecorator$VirtualFilterChain.doFilter(ObservationFilterChainDecorator.java:137)
	at org.springframework.web.filter.OncePerRequestFilter.doFilter(OncePerRequestFilter.java:110)
	at org.springframework.security.web.ObservationFilterChainDecorator$ObservationFilter.wrapFilter(ObservationFilterChainDecorator.java:240)
	at org.springframework.security.web.ObservationFilterChainDecorator$ObservationFilter.doFilter(ObservationFilterChainDecorator.java:227)
	at org.springframework.security.web.ObservationFilterChainDecorator$VirtualFilterChain.doFilter(ObservationFilterChainDecorator.java:137)
	at uk.ac.ox.ctl.lti13.security.oauth2.client.lti.web.OAuth2AuthorizationRequestRedirectFilter.doFilterInternal(OAuth2AuthorizationRequestRedirectFilter.java:142)
	at org.springframework.web.filter.OncePerRequestFilter.doFilter(OncePerRequestFilter.java:116)
	at org.springframework.security.web.ObservationFilterChainDecorator$ObservationFilter.wrapFilter(ObservationFilterChainDecorator.java:240)
	at org.springframework.security.web.ObservationFilterChainDecorator$ObservationFilter.doFilter(ObservationFilterChainDecorator.java:227)
	at org.springframework.security.web.ObservationFilterChainDecorator$VirtualFilterChain.doFilter(ObservationFilterChainDecorator.java:137)
	at org.springframework.security.web.authentication.logout.LogoutFilter.doFilter(LogoutFilter.java:107)
	at org.springframework.security.web.authentication.logout.LogoutFilter.doFilter(LogoutFilter.java:93)
	at org.springframework.security.web.ObservationFilterChainDecorator$ObservationFilter.wrapFilter(ObservationFilterChainDecorator.java:240)
	at org.springframework.security.web.ObservationFilterChainDecorator$ObservationFilter.doFilter(ObservationFilterChainDecorator.java:227)
	at org.springframework.security.web.ObservationFilterChainDecorator$VirtualFilterChain.doFilter(ObservationFilterChainDecorator.java:137)
	at org.springframework.security.web.header.HeaderWriterFilter.doHeadersAfter(HeaderWriterFilter.java:90)
	at org.springframework.security.web.header.HeaderWriterFilter.doFilterInternal(HeaderWriterFilter.java:75)
	at org.springframework.web.filter.OncePerRequestFilter.doFilter(OncePerRequestFilter.java:116)
	at org.springframework.security.web.ObservationFilterChainDecorator$ObservationFilter.wrapFilter(ObservationFilterChainDecorator.java:240)
	at org.springframework.security.web.ObservationFilterChainDecorator$ObservationFilter.doFilter(ObservationFilterChainDecorator.java:227)
	at org.springframework.security.web.ObservationFilterChainDecorator$VirtualFilterChain.doFilter(ObservationFilterChainDecorator.java:137)
	at org.springframework.security.web.context.SecurityContextHolderFilter.doFilter(SecurityContextHolderFilter.java:82)
	at org.springframework.security.web.context.SecurityContextHolderFilter.doFilter(SecurityContextHolderFilter.java:69)
	at org.springframework.security.web.ObservationFilterChainDecorator$ObservationFilter.wrapFilter(ObservationFilterChainDecorator.java:240)
	at org.springframework.security.web.ObservationFilterChainDecorator$ObservationFilter.doFilter(ObservationFilterChainDecorator.java:227)
	at org.springframework.security.web.ObservationFilterChainDecorator$VirtualFilterChain.doFilter(ObservationFilterChainDecorator.java:137)
	at org.springframework.security.web.context.request.async.WebAsyncManagerIntegrationFilter.doFilterInternal(WebAsyncManagerIntegrationFilter.java:62)
	at org.springframework.web.filter.OncePerRequestFilter.doFilter(OncePerRequestFilter.java:116)
	at org.springframework.security.web.ObservationFilterChainDecorator$ObservationFilter.wrapFilter(ObservationFilterChainDecorator.java:240)
	at org.springframework.security.web.ObservationFilterChainDecorator$ObservationFilter.doFilter(ObservationFilterChainDecorator.java:227)
	at org.springframework.security.web.ObservationFilterChainDecorator$VirtualFilterChain.doFilter(ObservationFilterChainDecorator.java:137)
	at org.springframework.security.web.session.DisableEncodeUrlFilter.doFilterInternal(DisableEncodeUrlFilter.java:42)
	at org.springframework.web.filter.OncePerRequestFilter.doFilter(OncePerRequestFilter.java:116)
	at org.springframework.security.web.ObservationFilterChainDecorator$ObservationFilter.wrapFilter(ObservationFilterChainDecorator.java:240)
	at org.springframework.security.web.ObservationFilterChainDecorator$AroundFilterObservation$SimpleAroundFilterObservation.lambda$wrap$0(ObservationFilterChainDecorator.java:323)
	at org.springframework.security.web.ObservationFilterChainDecorator$ObservationFilter.doFilter(ObservationFilterChainDecorator.java:224)
	at org.springframework.security.web.ObservationFilterChainDecorator$VirtualFilterChain.doFilter(ObservationFilterChainDecorator.java:137)
	at org.springframework.security.web.FilterChainProxy.doFilterInternal(FilterChainProxy.java:233)
	at org.springframework.security.web.FilterChainProxy.doFilter(FilterChainProxy.java:191)
	at org.springframework.web.filter.CompositeFilter$VirtualFilterChain.doFilter(CompositeFilter.java:113)
	at org.springframework.web.servlet.handler.HandlerMappingIntrospector.lambda$createCacheFilter$3(HandlerMappingIntrospector.java:243)
	at org.springframework.web.filter.CompositeFilter$VirtualFilterChain.doFilter(CompositeFilter.java:113)
	at org.springframework.web.filter.CompositeFilter.doFilter(CompositeFilter.java:74)
	at org.springframework.security.config.annotation.web.configuration.WebMvcSecurityConfiguration$CompositeFilterChainProxy.doFilter(WebMvcSecurityConfiguration.java:238)
	at org.springframework.web.filter.DelegatingFilterProxy.invokeDelegate(DelegatingFilterProxy.java:362)
	at org.springframework.web.filter.DelegatingFilterProxy.doFilter(DelegatingFilterProxy.java:278)
	at org.springframework.test.web.servlet.setup.MockMvcFilterDecorator.doFilter(MockMvcFilterDecorator.java:162)
	at org.springframework.mock.web.MockFilterChain.doFilter(MockFilterChain.java:132)
	at org.springframework.web.filter.RequestContextFilter.doFilterInternal(RequestContextFilter.java:100)
	at org.springframework.web.filter.OncePerRequestFilter.doFilter(OncePerRequestFilter.java:116)
	at org.springframework.test.web.servlet.setup.MockMvcFilterDecorator.doFilter(MockMvcFilterDecorator.java:162)
	at org.springframework.mock.web.MockFilterChain.doFilter(MockFilterChain.java:132)
	at org.springframework.web.filter.FormContentFilter.doFilterInternal(FormContentFilter.java:93)
	at org.springframework.web.filter.OncePerRequestFilter.doFilter(OncePerRequestFilter.java:116)
	at org.springframework.test.web.servlet.setup.MockMvcFilterDecorator.doFilter(MockMvcFilterDecorator.java:162)
	at org.springframework.mock.web.MockFilterChain.doFilter(MockFilterChain.java:132)
	at org.springframework.web.filter.ServerHttpObservationFilter.doFilterInternal(ServerHttpObservationFilter.java:114)
	at org.springframework.web.filter.OncePerRequestFilter.doFilter(OncePerRequestFilter.java:116)
	at org.springframework.test.web.servlet.setup.MockMvcFilterDecorator.doFilter(MockMvcFilterDecorator.java:162)
	at org.springframework.mock.web.MockFilterChain.doFilter(MockFilterChain.java:132)
	at io.sentry.spring.jakarta.tracing.SentryTracingFilter.doFilterInternal(SentryTracingFilter.java:91)
	at org.springframework.web.filter.OncePerRequestFilter.doFilter(OncePerRequestFilter.java:116)
	at org.springframework.test.web.servlet.setup.MockMvcFilterDecorator.doFilter(MockMvcFilterDecorator.java:162)
	at org.springframework.mock.web.MockFilterChain.doFilter(MockFilterChain.java:132)
	at org.springframework.web.filter.CharacterEncodingFilter.doFilterInternal(CharacterEncodingFilter.java:201)
	at org.springframework.web.filter.OncePerRequestFilter.doFilter(OncePerRequestFilter.java:116)
	at org.springframework.test.web.servlet.setup.MockMvcFilterDecorator.doFilter(MockMvcFilterDecorator.java:162)
	at org.springframework.mock.web.MockFilterChain.doFilter(MockFilterChain.java:132)
	at io.sentry.spring.jakarta.SentrySpringFilter.doFilterInternal(SentrySpringFilter.java:76)
	at org.springframework.web.filter.OncePerRequestFilter.doFilter(OncePerRequestFilter.java:116)
	at org.springframework.test.web.servlet.setup.MockMvcFilterDecorator.doFilter(MockMvcFilterDecorator.java:162)
	at org.springframework.mock.web.MockFilterChain.doFilter(MockFilterChain.java:132)
	at org.springframework.test.web.servlet.MockMvc.perform(MockMvc.java:201)
	at de.tum.cit.aet.artemis.core.util.RequestUtilService.performMvcRequest(RequestUtilService.java:79)
	at de.tum.cit.aet.artemis.core.util.RequestUtilService.post(RequestUtilService.java:162)
	at de.tum.cit.aet.artemis.core.util.RequestUtilService.post(RequestUtilService.java:150)
	at de.tum.cit.aet.artemis.core.util.RequestUtilService.post(RequestUtilService.java:146)
	at de.tum.cit.aet.artemis.programming.ProgrammingSubmissionIntegrationTest.testNotifyPush_cannotGetLastCommitDetails(ProgrammingSubmissionIntegrationTest.java:482)
	at java.base/jdk.internal.reflect.DirectMethodHandleAccessor.invoke(DirectMethodHandleAccessor.java:103)
	at java.base/java.lang.reflect.Method.invoke(Method.java:580)
	at org.junit.platform.commons.util.ReflectionUtils.invokeMethod(ReflectionUtils.java:767)
	at org.junit.jupiter.engine.execution.MethodInvocation.proceed(MethodInvocation.java:60)
	at org.junit.jupiter.engine.execution.InvocationInterceptorChain$ValidatingInvocation.proceed(InvocationInterceptorChain.java:131)
	at org.junit.jupiter.engine.extension.TimeoutExtension.intercept(TimeoutExtension.java:156)
	at org.junit.jupiter.engine.extension.TimeoutExtension.interceptTestableMethod(TimeoutExtension.java:147)
	at org.junit.jupiter.engine.extension.TimeoutExtension.interceptTestMethod(TimeoutExtension.java:86)
	at org.junit.jupiter.engine.execution.InterceptingExecutableInvoker$ReflectiveInterceptorCall.lambda$ofVoidMethod$0(InterceptingExecutableInvoker.java:103)
	at org.junit.jupiter.engine.execution.InterceptingExecutableInvoker.lambda$invoke$0(InterceptingExecutableInvoker.java:93)
	at org.junit.jupiter.engine.execution.InvocationInterceptorChain$InterceptedInvocation.proceed(InvocationInterceptorChain.java:106)
	at org.junit.jupiter.engine.execution.InvocationInterceptorChain.proceed(InvocationInterceptorChain.java:64)
	at org.junit.jupiter.engine.execution.InvocationInterceptorChain.chainAndInvoke(InvocationInterceptorChain.java:45)
	at org.junit.jupiter.engine.execution.InvocationInterceptorChain.invoke(InvocationInterceptorChain.java:37)
	at org.junit.jupiter.engine.execution.InterceptingExecutableInvoker.invoke(InterceptingExecutableInvoker.java:92)
	at org.junit.jupiter.engine.execution.InterceptingExecutableInvoker.invoke(InterceptingExecutableInvoker.java:86)
	at org.junit.jupiter.engine.descriptor.TestMethodTestDescriptor.lambda$invokeTestMethod$8(TestMethodTestDescriptor.java:217)
	at org.junit.platform.engine.support.hierarchical.ThrowableCollector.execute(ThrowableCollector.java:73)
	at org.junit.jupiter.engine.descriptor.TestMethodTestDescriptor.invokeTestMethod(TestMethodTestDescriptor.java:213)
	at org.junit.jupiter.engine.descriptor.TestMethodTestDescriptor.execute(TestMethodTestDescriptor.java:138)
	at org.junit.jupiter.engine.descriptor.TestMethodTestDescriptor.execute(TestMethodTestDescriptor.java:68)
	at org.junit.platform.engine.support.hierarchical.NodeTestTask.lambda$executeRecursively$6(NodeTestTask.java:156)
	at org.junit.platform.engine.support.hierarchical.ThrowableCollector.execute(ThrowableCollector.java:73)
	at org.junit.platform.engine.support.hierarchical.NodeTestTask.lambda$executeRecursively$8(NodeTestTask.java:146)
	at org.junit.platform.engine.support.hierarchical.Node.around(Node.java:137)
	at org.junit.platform.engine.support.hierarchical.NodeTestTask.lambda$executeRecursively$9(NodeTestTask.java:144)
	at org.junit.platform.engine.support.hierarchical.ThrowableCollector.execute(ThrowableCollector.java:73)
	at org.junit.platform.engine.support.hierarchical.NodeTestTask.executeRecursively(NodeTestTask.java:143)
	at org.junit.platform.engine.support.hierarchical.NodeTestTask.execute(NodeTestTask.java:100)
	at org.junit.platform.engine.support.hierarchical.ForkJoinPoolHierarchicalTestExecutorService$ExclusiveTask.exec(ForkJoinPoolHierarchicalTestExecutorService.java:274)
	at org.junit.platform.engine.support.hierarchical.ForkJoinPoolHierarchicalTestExecutorService$ExclusiveTask.execSync(ForkJoinPoolHierarchicalTestExecutorService.java:247)
	at org.junit.platform.engine.support.hierarchical.ForkJoinPoolHierarchicalTestExecutorService.executeSync(ForkJoinPoolHierarchicalTestExecutorService.java:194)
	at org.junit.platform.engine.support.hierarchical.ForkJoinPoolHierarchicalTestExecutorService.invokeAll(ForkJoinPoolHierarchicalTestExecutorService.java:166)
	at org.junit.platform.engine.support.hierarchical.NodeTestTask.lambda$executeRecursively$6(NodeTestTask.java:160)
	at org.junit.platform.engine.support.hierarchical.ThrowableCollector.execute(ThrowableCollector.java:73)
	at org.junit.platform.engine.support.hierarchical.NodeTestTask.lambda$executeRecursively$8(NodeTestTask.java:146)
	at org.junit.platform.engine.support.hierarchical.Node.around(Node.java:137)
	at org.junit.platform.engine.support.hierarchical.NodeTestTask.lambda$executeRecursively$9(NodeTestTask.java:144)
	at org.junit.platform.engine.support.hierarchical.ThrowableCollector.execute(ThrowableCollector.java:73)
	at org.junit.platform.engine.support.hierarchical.NodeTestTask.executeRecursively(NodeTestTask.java:143)
	at org.junit.platform.engine.support.hierarchical.NodeTestTask.execute(NodeTestTask.java:100)
	at org.junit.platform.engine.support.hierarchical.ForkJoinPoolHierarchicalTestExecutorService$ExclusiveTask.exec(ForkJoinPoolHierarchicalTestExecutorService.java:274)
	at java.base/java.util.concurrent.ForkJoinTask.doExec(ForkJoinTask.java:387)
	at java.base/java.util.concurrent.ForkJoinPool$WorkQueue.topLevelExec(ForkJoinPool.java:1312)
	at java.base/java.util.concurrent.ForkJoinPool.scan(ForkJoinPool.java:1843)
	at java.base/java.util.concurrent.ForkJoinPool.runWorker(ForkJoinPool.java:1808)
	at java.base/java.util.concurrent.ForkJoinWorkerThread.run(ForkJoinWorkerThread.java:188)
Caused by: de.tum.cit.aet.artemis.core.exception.ContinuousIntegrationException: null
    23:49:08.218 | 464 ool-1-worker-228 | ERROR | tech.jhipster.web.util.HeaderUtil    : Entity processing failed, Exception encountered when trying to extract the commit hash from the request body de.tum.cit.aet.artemis.core.exception.ContinuousIntegrationException
    23:49:08.218 | 464 ool-1-worker-228 | WARN  | o.z.p.spring.common.AdviceTraits     : Bad Request: Exception encountered when trying to extract the commit hash from the request body de.tum.cit.aet.artemis.core.exception.ContinuousIntegrationException

  Starting logs for ProgrammingSubmissionIntegrationTest > triggerBuildForExerciseEditorForbidden()
    23:49:08.233 | 464 ool-1-worker-228 | DEBUG | d.t.c.a.a.c.u.util.UserUtilService   : Generate 10 students...
    23:49:08.247 | 464 ool-1-worker-228 | DEBUG | d.t.c.a.a.c.u.util.UserUtilService   : 10 students generated. Generate 2 tutors...
    23:49:08.250 | 464 ool-1-worker-228 | DEBUG | d.t.c.a.a.c.u.util.UserUtilService   : 2 tutors generated. Generate 1 editors...
    23:49:08.253 | 464 ool-1-worker-228 | DEBUG | d.t.c.a.a.c.u.util.UserUtilService   : 1 editors generated. Generate 2 instructors...
    23:49:08.256 | 464 ool-1-worker-228 | DEBUG | d.t.c.a.a.c.u.util.UserUtilService   : 2 instructors generated
    23:49:08.257 | 464 ool-1-worker-228 | DEBUG | d.t.c.a.a.c.u.util.UserUtilService   : Removing 15 users from all courses...
    23:49:08.258 | 464 ool-1-worker-228 | DEBUG | d.t.c.a.a.c.u.util.UserUtilService   : Removing 15 users from all courses. Done
    23:49:08.258 | 464 ool-1-worker-228 | DEBUG | d.t.c.a.a.c.u.util.UserUtilService   : Save 15 users to database...
    23:49:08.263 | 464 ool-1-worker-228 | DEBUG | d.t.c.a.a.c.u.util.UserUtilService   : Save 15 users to database. Done
    23:49:08.288 | 464 ool-1-worker-228 | DEBUG | .c.s.m.InstanceMessageReceiveService : Received schedule participant score for exercise 3560 and participant 780 (result to be deleted: null)
    23:49:08.288 | 464 ool-1-worker-228 | DEBUG | .a.s.ParticipantScoreScheduleService : Scheduled task for exercise 3560 and participant 780 at 2025-02-14T23:49:08.388542089Z[Etc/UTC].
    23:49:08.291 | 464 ool-1-worker-228 | DEBUG | PersonalAccessTokenManagementService : Generate secure vcs access token
    23:49:08.292 | 464 ool-1-worker-228 | INFO  | i.z.t.d.l.EmbeddedDatabaseReporter   : JDBC URL to connect to 'dataSource': url='jdbc:h2:tcp://localhost:41063/mem:736625c0-cf5e-400d-aeaa-8a7eabd6262b;USER=sa', scope='ProgrammingSubmissionIntegrationTest#triggerBuildForExerciseEditorForbidden'
    23:49:08.293 | 464 ool-1-worker-228 | DEBUG | d.t.c.a.a.c.s.f.ApiVersionFilter     : Adding Version to Request POST /api/programming-exercises/1/trigger-instructor-build-all
    23:49:08.294 | 464 ool-1-worker-228 | WARN  | o.z.p.spring.common.AdviceTraits     : Forbidden: Access Denied

  Starting logs for ProgrammingSubmissionIntegrationTest > testLockAndGetProgrammingSubmissionLessManualResultsThanCorrectionRoundWithAutomaticResult()
    23:49:08.305 | 464 ool-1-worker-228 | DEBUG | d.t.c.a.a.c.u.util.UserUtilService   : Generate 10 students...
    23:49:08.315 | 464 ool-1-worker-228 | DEBUG | d.t.c.a.a.c.u.util.UserUtilService   : 10 students generated. Generate 2 tutors...
    23:49:08.318 | 464 ool-1-worker-228 | DEBUG | d.t.c.a.a.c.u.util.UserUtilService   : 2 tutors generated. Generate 1 editors...
    23:49:08.320 | 464 ool-1-worker-228 | DEBUG | d.t.c.a.a.c.u.util.UserUtilService   : 1 editors generated. Generate 2 instructors...
    23:49:08.323 | 464 ool-1-worker-228 | DEBUG | d.t.c.a.a.c.u.util.UserUtilService   : 2 instructors generated
    23:49:08.324 | 464 ool-1-worker-228 | DEBUG | d.t.c.a.a.c.u.util.UserUtilService   : Removing 15 users from all courses...
    23:49:08.325 | 464 ool-1-worker-228 | DEBUG | d.t.c.a.a.c.u.util.UserUtilService   : Removing 15 users from all courses. Done
    23:49:08.325 | 464 ool-1-worker-228 | DEBUG | d.t.c.a.a.c.u.util.UserUtilService   : Save 15 users to database...
    23:49:08.331 | 464 ool-1-worker-228 | DEBUG | d.t.c.a.a.c.u.util.UserUtilService   : Save 15 users to database. Done
    23:49:08.355 | 464 ool-1-worker-228 | DEBUG | .c.s.m.InstanceMessageReceiveService : Received schedule participant score for exercise 3561 and participant 780 (result to be deleted: null)
    23:49:08.355 | 464 ool-1-worker-228 | DEBUG | .a.s.ParticipantScoreScheduleService : Scheduled task for exercise 3561 and participant 780 at 2025-02-14T23:49:08.455645050Z[Etc/UTC].
    23:49:08.358 | 464 ool-1-worker-228 | DEBUG | PersonalAccessTokenManagementService : Generate secure vcs access token
    23:49:08.359 | 464 ool-1-worker-228 | INFO  | i.z.t.d.l.EmbeddedDatabaseReporter   : JDBC URL to connect to 'dataSource': url='jdbc:h2:tcp://localhost:41063/mem:736625c0-cf5e-400d-aeaa-8a7eabd6262b;USER=sa', scope='ProgrammingSubmissionIntegrationTest#testLockAndGetProgrammingSubmissionLessManualResultsThanCorrectionRoundWithAutomaticResult'
    23:49:08.369 | 464 ool-1-worker-228 | DEBUG | .c.s.m.InstanceMessageReceiveService : Received schedule participant score for exercise 3561 and participant 781 (result to be deleted: null)
    23:49:08.369 | 464 ool-1-worker-228 | DEBUG | .a.s.ParticipantScoreScheduleService : Scheduled task for exercise 3561 and participant 781 at 2025-02-14T23:49:08.469649548Z[Etc/UTC].
    23:49:08.384 | 464 ool-1-worker-228 | DEBUG | .c.s.m.InstanceMessageReceiveService : Received schedule participant score for exercise 3561 and participant 781 (result to be deleted: null)
    23:49:08.384 | 464 ool-1-worker-228 | DEBUG | .a.s.ParticipantScoreScheduleService : Scheduled task for exercise 3561 and participant 781 at 2025-02-14T23:49:08.484077615Z[Etc/UTC].
    23:49:08.385 | 464 ool-1-worker-228 | DEBUG | d.t.c.a.a.c.s.f.ApiVersionFilter     : Adding Version to Request GET /api/programming-submissions/1701/lock
    23:49:08.385 | 464 ool-1-worker-228 | DEBUG | .a.p.w.ProgrammingSubmissionResource : REST request to get ProgrammingSubmission with id: 1701
    23:49:08.394 | 464 ool-1-worker-228 | DEBUG | .c.s.m.InstanceMessageReceiveService : Received schedule participant score for exercise 3561 and participant 781 (result to be deleted: null)
    23:49:08.394 | 464 ool-1-worker-228 | DEBUG | .a.s.ParticipantScoreScheduleService : Scheduled task for exercise 3561 and participant 781 at 2025-02-14T23:49:08.494407349Z[Etc/UTC].
    23:49:08.409 | 464 ool-1-worker-228 | DEBUG | .c.s.m.InstanceMessageReceiveService : Received schedule participant score for exercise 3561 and participant 781 (result to be deleted: null)
    23:49:08.409 | 464 ool-1-worker-228 | DEBUG | .a.s.ParticipantScoreScheduleService : Scheduled task for exercise 3561 and participant 781 at 2025-02-14T23:49:08.509051930Z[Etc/UTC].
    23:49:08.418 | 464 ool-1-worker-228 | DEBUG | .c.s.m.InstanceMessageReceiveService : Received schedule participant score for exercise 3561 and participant 781 (result to be deleted: null)
    23:49:08.418 | 464 ool-1-worker-228 | DEBUG | .a.s.ParticipantScoreScheduleService : Scheduled task for exercise 3561 and participant 781 at 2025-02-14T23:49:08.518131854Z[Etc/UTC].
    23:49:08.418 | 464 ool-1-worker-228 | DEBUG | a.a.p.s.ProgrammingSubmissionService : Assessment locked with result id: 1005 for assessor: programmingsubmissiontutor1First programmingsubmissiontutor1Last

  Starting logs for ProgrammingSubmissionIntegrationTest > getProgrammingSubmissionWithoutAssessmentAsTutorWithOneAvailableReturnsSubmission()
    23:49:08.430 | 464 ool-1-worker-228 | DEBUG | d.t.c.a.a.c.u.util.UserUtilService   : Generate 10 students...
    23:49:08.440 | 464 ool-1-worker-228 | DEBUG | d.t.c.a.a.c.u.util.UserUtilService   : 10 students generated. Generate 2 tutors...
    23:49:08.442 | 464 ool-1-worker-228 | DEBUG | d.t.c.a.a.c.u.util.UserUtilService   : 2 tutors generated. Generate 1 editors...
    23:49:08.444 | 464 ool-1-worker-228 | DEBUG | d.t.c.a.a.c.u.util.UserUtilService   : 1 editors generated. Generate 2 instructors...
    23:49:08.447 | 464 ool-1-worker-228 | DEBUG | d.t.c.a.a.c.u.util.UserUtilService   : 2 instructors generated
    23:49:08.449 | 464 ool-1-worker-228 | DEBUG | d.t.c.a.a.c.u.util.UserUtilService   : Removing 15 users from all courses...
    23:49:08.450 | 464 ool-1-worker-228 | DEBUG | d.t.c.a.a.c.u.util.UserUtilService   : Removing 15 users from all courses. Done
    23:49:08.450 | 464 ool-1-worker-228 | DEBUG | d.t.c.a.a.c.u.util.UserUtilService   : Save 15 users to database...
    23:49:08.455 | 464 ool-1-worker-228 | DEBUG | d.t.c.a.a.c.u.util.UserUtilService   : Save 15 users to database. Done
    23:49:08.480 | 464 ool-1-worker-228 | DEBUG | .c.s.m.InstanceMessageReceiveService : Received schedule participant score for exercise 3562 and participant 780 (result to be deleted: null)
    23:49:08.480 | 464 ool-1-worker-228 | DEBUG | .a.s.ParticipantScoreScheduleService : Scheduled task for exercise 3562 and participant 780 at 2025-02-14T23:49:08.580979409Z[Etc/UTC].
    23:49:08.483 | 464 ool-1-worker-228 | DEBUG | PersonalAccessTokenManagementService : Generate secure vcs access token
    23:49:08.484 | 464 ool-1-worker-228 | INFO  | i.z.t.d.l.EmbeddedDatabaseReporter   : JDBC URL to connect to 'dataSource': url='jdbc:h2:tcp://localhost:41063/mem:736625c0-cf5e-400d-aeaa-8a7eabd6262b;USER=sa', scope='ProgrammingSubmissionIntegrationTest#getProgrammingSubmissionWithoutAssessmentAsTutorWithOneAvailableReturnsSubmission'
    23:49:08.487 | 464 ool-1-worker-228 | DEBUG | .c.s.m.InstanceMessageReceiveService : Received schedule participant score for exercise 3562 and participant 780 (result to be deleted: null)
    23:49:08.487 | 464 ool-1-worker-228 | DEBUG | .a.s.ParticipantScoreScheduleService : Scheduled task for exercise 3562 and participant 780 at 2025-02-14T23:49:08.587144197Z[Etc/UTC].
    23:49:08.501 | 464 ool-1-worker-228 | DEBUG | .c.s.m.InstanceMessageReceiveService : Received schedule participant score for exercise 3562 and participant 780 (result to be deleted: null)
    23:49:08.501 | 464 ool-1-worker-228 | DEBUG | .a.s.ParticipantScoreScheduleService : Scheduled task for exercise 3562 and participant 780 at 2025-02-14T23:49:08.601270141Z[Etc/UTC].
    23:49:08.503 | 464 ool-1-worker-228 | DEBUG | d.t.c.a.a.c.s.f.ApiVersionFilter     : Adding Version to Request GET /api/exercises/3562/programming-submission-without-assessment
    23:49:08.503 | 464 ool-1-worker-228 | DEBUG | .a.p.w.ProgrammingSubmissionResource : REST request to get a programming submission without assessment

  Starting logs for ProgrammingSubmissionIntegrationTest > testNotifyPush_studentCommitUpdatesSubmissionCount()
    23:49:08.521 | 464 ool-1-worker-228 | DEBUG | d.t.c.a.a.c.u.util.UserUtilService   : Generate 10 students...
    23:49:08.531 | 464 ool-1-worker-228 | DEBUG | d.t.c.a.a.c.u.util.UserUtilService   : 10 students generated. Generate 2 tutors...
    23:49:08.534 | 464 ool-1-worker-228 | DEBUG | d.t.c.a.a.c.u.util.UserUtilService   : 2 tutors generated. Generate 1 editors...
    23:49:08.536 | 464 ool-1-worker-228 | DEBUG | d.t.c.a.a.c.u.util.UserUtilService   : 1 editors generated. Generate 2 instructors...
    23:49:08.539 | 464 ool-1-worker-228 | DEBUG | d.t.c.a.a.c.u.util.UserUtilService   : 2 instructors generated
    23:49:08.540 | 464 ool-1-worker-228 | DEBUG | d.t.c.a.a.c.u.util.UserUtilService   : Removing 15 users from all courses...
    23:49:08.542 | 464 ool-1-worker-228 | DEBUG | d.t.c.a.a.c.u.util.UserUtilService   : Removing 15 users from all courses. Done
    23:49:08.542 | 464 ool-1-worker-228 | DEBUG | d.t.c.a.a.c.u.util.UserUtilService   : Save 15 users to database...
    23:49:08.547 | 464 ool-1-worker-228 | DEBUG | d.t.c.a.a.c.u.util.UserUtilService   : Save 15 users to database. Done
    23:49:08.573 | 464 ool-1-worker-228 | DEBUG | .c.s.m.InstanceMessageReceiveService : Received schedule participant score for exercise 3563 and participant 780 (result to be deleted: null)
    23:49:08.573 | 464 ool-1-worker-228 | DEBUG | .a.s.ParticipantScoreScheduleService : Scheduled task for exercise 3563 and participant 780 at 2025-02-14T23:49:08.673670867Z[Etc/UTC].
    23:49:08.576 | 464 ool-1-worker-228 | DEBUG | PersonalAccessTokenManagementService : Generate secure vcs access token
    23:49:08.577 | 464 ool-1-worker-228 | INFO  | i.z.t.d.l.EmbeddedDatabaseReporter   : JDBC URL to connect to 'dataSource': url='jdbc:h2:tcp://localhost:41063/mem:736625c0-cf5e-400d-aeaa-8a7eabd6262b;USER=sa', scope='ProgrammingSubmissionIntegrationTest#testNotifyPush_studentCommitUpdatesSubmissionCount'
    23:49:08.579 | 464 ool-1-worker-228 | DEBUG | d.t.c.a.a.c.s.f.ApiVersionFilter     : Adding Version to Request POST /api/public/programming-submissions/5179
    23:49:08.580 | 464 ool-1-worker-228 | DEBUG | .PublicProgrammingSubmissionResource : REST request to inform about new commit+push for participation: 5179
    23:49:08.580 | 464 ool-1-worker-228 | INFO  | a.a.p.s.ProgrammingSubmissionService : NotifyPush invoked due to the commit hash1 by Student 1 with student@tum.de in branch default-branch
    23:49:08.582 | 464 ool-1-worker-228 | INFO  | a.a.p.s.ProgrammingSubmissionService : Create new programmingSubmission with commitHash: hash1 for participation 5179
    23:49:08.585 | 464 ool-1-worker-228 | DEBUG | d.t.c.a.a.c.s.f.ApiVersionFilter     : Adding Version to Request POST /api/public/programming-submissions/5179
    23:49:08.585 | 464 ool-1-worker-228 | DEBUG | .PublicProgrammingSubmissionResource : REST request to inform about new commit+push for participation: 5179
    23:49:08.586 | 464 ool-1-worker-228 | INFO  | a.a.p.s.ProgrammingSubmissionService : NotifyPush invoked due to the commit hash2 by Student 1 with student@tum.de in branch default-branch
    23:49:08.587 | 464 ool-1-worker-228 | INFO  | a.a.p.s.ProgrammingSubmissionService : Create new programmingSubmission with commitHash: hash2 for participation 5179

  Starting logs for ProgrammingSubmissionIntegrationTest > getAllProgrammingSubmissionsAsUserForbidden()
    23:49:08.601 | 464 ool-1-worker-228 | DEBUG | d.t.c.a.a.c.u.util.UserUtilService   : Generate 10 students...
    23:49:08.615 | 464 ool-1-worker-228 | DEBUG | d.t.c.a.a.c.u.util.UserUtilService   : 10 students generated. Generate 2 tutors...
    23:49:08.619 | 464 ool-1-worker-228 | DEBUG | d.t.c.a.a.c.u.util.UserUtilService   : 2 tutors generated. Generate 1 editors...
    23:49:08.622 | 464 ool-1-worker-228 | DEBUG | d.t.c.a.a.c.u.util.UserUtilService   : 1 editors generated. Generate 2 instructors...
    23:49:08.625 | 464 ool-1-worker-228 | DEBUG | d.t.c.a.a.c.u.util.UserUtilService   : 2 instructors generated
    23:49:08.627 | 464 ool-1-worker-228 | DEBUG | d.t.c.a.a.c.u.util.UserUtilService   : Removing 15 users from all courses...
    23:49:08.629 | 464 ool-1-worker-228 | DEBUG | d.t.c.a.a.c.u.util.UserUtilService   : Removing 15 users from all courses. Done
    23:49:08.629 | 464 ool-1-worker-228 | DEBUG | d.t.c.a.a.c.u.util.UserUtilService   : Save 15 users to database...
    23:49:08.638 | 464 ool-1-worker-228 | DEBUG | d.t.c.a.a.c.u.util.UserUtilService   : Save 15 users to database. Done
    23:49:08.668 | 464 ool-1-worker-228 | DEBUG | .c.s.m.InstanceMessageReceiveService : Received schedule participant score for exercise 3564 and participant 780 (result to be deleted: null)
    23:49:08.668 | 464 ool-1-worker-228 | DEBUG | .a.s.ParticipantScoreScheduleService : Scheduled task for exercise 3564 and participant 780 at 2025-02-14T23:49:08.768645382Z[Etc/UTC].
    23:49:08.671 | 464 ool-1-worker-228 | DEBUG | PersonalAccessTokenManagementService : Generate secure vcs access token
    23:49:08.672 | 464 ool-1-worker-228 | INFO  | i.z.t.d.l.EmbeddedDatabaseReporter   : JDBC URL to connect to 'dataSource': url='jdbc:h2:tcp://localhost:41063/mem:736625c0-cf5e-400d-aeaa-8a7eabd6262b;USER=sa', scope='ProgrammingSubmissionIntegrationTest#getAllProgrammingSubmissionsAsUserForbidden'
    23:49:08.673 | 464 ool-1-worker-228 | DEBUG | d.t.c.a.a.c.s.f.ApiVersionFilter     : Adding Version to Request GET /api/exercises/3564/programming-submissions
    23:49:08.674 | 464 ool-1-worker-228 | WARN  | o.z.p.spring.common.AdviceTraits     : Forbidden: Access Denied

  Starting logs for ProgrammingSubmissionIntegrationTest > triggerBuildForExerciseTutorForbidden()
    23:49:08.685 | 464 ool-1-worker-228 | DEBUG | d.t.c.a.a.c.u.util.UserUtilService   : Generate 10 students...
    23:49:08.695 | 464 ool-1-worker-228 | DEBUG | d.t.c.a.a.c.u.util.UserUtilService   : 10 students generated. Generate 2 tutors...
    23:49:08.698 | 464 ool-1-worker-228 | DEBUG | d.t.c.a.a.c.u.util.UserUtilService   : 2 tutors generated. Generate 1 editors...
    23:49:08.700 | 464 ool-1-worker-228 | DEBUG | d.t.c.a.a.c.u.util.UserUtilService   : 1 editors generated. Generate 2 instructors...
    23:49:08.703 | 464 ool-1-worker-228 | DEBUG | d.t.c.a.a.c.u.util.UserUtilService   : 2 instructors generated
    23:49:08.704 | 464 ool-1-worker-228 | DEBUG | d.t.c.a.a.c.u.util.UserUtilService   : Removing 15 users from all courses...
    23:49:08.706 | 464 ool-1-worker-228 | DEBUG | d.t.c.a.a.c.u.util.UserUtilService   : Removing 15 users from all courses. Done
    23:49:08.706 | 464 ool-1-worker-228 | DEBUG | d.t.c.a.a.c.u.util.UserUtilService   : Save 15 users to database...
    23:49:08.711 | 464 ool-1-worker-228 | DEBUG | d.t.c.a.a.c.u.util.UserUtilService   : Save 15 users to database. Done
    23:49:08.736 | 464 ool-1-worker-228 | DEBUG | .c.s.m.InstanceMessageReceiveService : Received schedule participant score for exercise 3565 and participant 780 (result to be deleted: null)
    23:49:08.736 | 464 ool-1-worker-228 | DEBUG | .a.s.ParticipantScoreScheduleService : Scheduled task for exercise 3565 and participant 780 at 2025-02-14T23:49:08.836723016Z[Etc/UTC].
    23:49:08.739 | 464 ool-1-worker-228 | DEBUG | PersonalAccessTokenManagementService : Generate secure vcs access token
    23:49:08.740 | 464 ool-1-worker-228 | INFO  | i.z.t.d.l.EmbeddedDatabaseReporter   : JDBC URL to connect to 'dataSource': url='jdbc:h2:tcp://localhost:41063/mem:736625c0-cf5e-400d-aeaa-8a7eabd6262b;USER=sa', scope='ProgrammingSubmissionIntegrationTest#triggerBuildForExerciseTutorForbidden'
    23:49:08.741 | 464 ool-1-worker-228 | DEBUG | d.t.c.a.a.c.s.f.ApiVersionFilter     : Adding Version to Request POST /api/programming-exercises/1/trigger-instructor-build-all
    23:49:08.742 | 464 ool-1-worker-228 | WARN  | o.z.p.spring.common.AdviceTraits     : Forbidden: Access Denied

  Starting logs for ProgrammingSubmissionIntegrationTest > triggerBuildInstructor()
    23:49:08.752 | 464 ool-1-worker-228 | DEBUG | d.t.c.a.a.c.u.util.UserUtilService   : Generate 10 students...
    23:49:08.762 | 464 ool-1-worker-228 | DEBUG | d.t.c.a.a.c.u.util.UserUtilService   : 10 students generated. Generate 2 tutors...
    23:49:08.765 | 464 ool-1-worker-228 | DEBUG | d.t.c.a.a.c.u.util.UserUtilService   : 2 tutors generated. Generate 1 editors...
    23:49:08.767 | 464 ool-1-worker-228 | DEBUG | d.t.c.a.a.c.u.util.UserUtilService   : 1 editors generated. Generate 2 instructors...
    23:49:08.770 | 464 ool-1-worker-228 | DEBUG | d.t.c.a.a.c.u.util.UserUtilService   : 2 instructors generated
    23:49:08.771 | 464 ool-1-worker-228 | DEBUG | d.t.c.a.a.c.u.util.UserUtilService   : Removing 15 users from all courses...
    23:49:08.773 | 464 ool-1-worker-228 | DEBUG | d.t.c.a.a.c.u.util.UserUtilService   : Removing 15 users from all courses. Done
    23:49:08.773 | 464 ool-1-worker-228 | DEBUG | d.t.c.a.a.c.u.util.UserUtilService   : Save 15 users to database...
    23:49:08.778 | 464 ool-1-worker-228 | DEBUG | d.t.c.a.a.c.u.util.UserUtilService   : Save 15 users to database. Done
    23:49:08.802 | 464 ool-1-worker-228 | DEBUG | .c.s.m.InstanceMessageReceiveService : Received schedule participant score for exercise 3566 and participant 780 (result to be deleted: null)
    23:49:08.802 | 464 ool-1-worker-228 | DEBUG | .a.s.ParticipantScoreScheduleService : Scheduled task for exercise 3566 and participant 780 at 2025-02-14T23:49:08.902904913Z[Etc/UTC].
    23:49:08.805 | 464 ool-1-worker-228 | DEBUG | PersonalAccessTokenManagementService : Generate secure vcs access token
    23:49:08.806 | 464 ool-1-worker-228 | INFO  | i.z.t.d.l.EmbeddedDatabaseReporter   : JDBC URL to connect to 'dataSource': url='jdbc:h2:tcp://localhost:41063/mem:736625c0-cf5e-400d-aeaa-8a7eabd6262b;USER=sa', scope='ProgrammingSubmissionIntegrationTest#triggerBuildInstructor'
    23:49:08.808 | 464 ool-1-worker-228 | DEBUG | d.t.c.a.a.c.s.f.ApiVersionFilter     : Adding Version to Request POST /api/programming-submissions/5197/trigger-build
    23:49:08.814 | 464 ool-1-worker-228 | DEBUG | d.t.c.a.a.c.s.f.ApiVersionFilter     : Adding Version to Request POST /api/programming-submissions/5197/trigger-build

  Starting logs for ProgrammingSubmissionIntegrationTest > testGetProgrammingSubmissionWithoutAssessmentWithIndividualDueDate(boolean) [1] isIndividualDueDateInFuture=true
    23:49:08.828 | 464 ool-1-worker-228 | DEBUG | d.t.c.a.a.c.u.util.UserUtilService   : Generate 10 students...
    23:49:08.839 | 464 ool-1-worker-228 | DEBUG | d.t.c.a.a.c.u.util.UserUtilService   : 10 students generated. Generate 2 tutors...
    23:49:08.842 | 464 ool-1-worker-228 | DEBUG | d.t.c.a.a.c.u.util.UserUtilService   : 2 tutors generated. Generate 1 editors...
    23:49:08.844 | 464 ool-1-worker-228 | DEBUG | d.t.c.a.a.c.u.util.UserUtilService   : 1 editors generated. Generate 2 instructors...
    23:49:08.847 | 464 ool-1-worker-228 | DEBUG | d.t.c.a.a.c.u.util.UserUtilService   : 2 instructors generated
    23:49:08.848 | 464 ool-1-worker-228 | DEBUG | d.t.c.a.a.c.u.util.UserUtilService   : Removing 15 users from all courses...
    23:49:08.849 | 464 ool-1-worker-228 | DEBUG | d.t.c.a.a.c.u.util.UserUtilService   : Removing 15 users from all courses. Done
    23:49:08.849 | 464 ool-1-worker-228 | DEBUG | d.t.c.a.a.c.u.util.UserUtilService   : Save 15 users to database...
    23:49:08.855 | 464 ool-1-worker-228 | DEBUG | d.t.c.a.a.c.u.util.UserUtilService   : Save 15 users to database. Done
    23:49:08.880 | 464 ool-1-worker-228 | DEBUG | .c.s.m.InstanceMessageReceiveService : Received schedule participant score for exercise 3567 and participant 780 (result to be deleted: null)
    23:49:08.880 | 464 ool-1-worker-228 | DEBUG | .a.s.ParticipantScoreScheduleService : Scheduled task for exercise 3567 and participant 780 at 2025-02-14T23:49:08.980848186Z[Etc/UTC].
    23:49:08.883 | 464 ool-1-worker-228 | DEBUG | PersonalAccessTokenManagementService : Generate secure vcs access token
    23:49:08.884 | 464 ool-1-worker-228 | INFO  | i.z.t.d.l.EmbeddedDatabaseReporter   : JDBC URL to connect to 'dataSource': url='jdbc:h2:tcp://localhost:41063/mem:736625c0-cf5e-400d-aeaa-8a7eabd6262b;USER=sa', scope='ProgrammingSubmissionIntegrationTest#testGetProgrammingSubmissionWithoutAssessmentWithIndividualDueDate'
    23:49:08.887 | 464 ool-1-worker-228 | DEBUG | .c.s.m.InstanceMessageReceiveService : Received schedule participant score for exercise 3567 and participant 780 (result to be deleted: null)
    23:49:08.887 | 464 ool-1-worker-228 | DEBUG | .a.s.ParticipantScoreScheduleService : Scheduled task for exercise 3567 and participant 780 at 2025-02-14T23:49:08.987733273Z[Etc/UTC].
    23:49:08.902 | 464 ool-1-worker-228 | DEBUG | .c.s.m.InstanceMessageReceiveService : Received schedule participant score for exercise 3567 and participant 780 (result to be deleted: null)
    23:49:08.902 | 464 ool-1-worker-228 | DEBUG | .a.s.ParticipantScoreScheduleService : Scheduled task for exercise 3567 and participant 780 at 2025-02-14T23:49:09.002069941Z[Etc/UTC].
    23:49:08.904 | 464 ool-1-worker-228 | DEBUG | d.t.c.a.a.c.s.f.ApiVersionFilter     : Adding Version to Request GET /api/exercises/3567/programming-submission-without-assessment
    23:49:08.904 | 464 ool-1-worker-228 | DEBUG | .a.p.w.ProgrammingSubmissionResource : REST request to get a programming submission without assessment
    23:49:08.910 | 464 ool-1-worker-228 | DEBUG | d.t.c.a.a.e.s.SubmissionService      : The due date of exercise 'Programming' has not been reached yet.
    23:49:08.911 | 464 ool-1-worker-228 | WARN  | o.z.p.spring.common.AdviceTraits     : Forbidden: The due date of exercise 'Programming' has not been reached yet.

  Starting logs for ProgrammingSubmissionIntegrationTest > testGetProgrammingSubmissionWithoutAssessmentWithIndividualDueDate(boolean) [2] isIndividualDueDateInFuture=false
    23:49:08.922 | 464 ool-1-worker-228 | DEBUG | d.t.c.a.a.c.u.util.UserUtilService   : Generate 10 students...
    23:49:08.931 | 464 ool-1-worker-228 | DEBUG | d.t.c.a.a.c.u.util.UserUtilService   : 10 students generated. Generate 2 tutors...
    23:49:08.934 | 464 ool-1-worker-228 | DEBUG | d.t.c.a.a.c.u.util.UserUtilService   : 2 tutors generated. Generate 1 editors...
    23:49:08.936 | 464 ool-1-worker-228 | DEBUG | d.t.c.a.a.c.u.util.UserUtilService   : 1 editors generated. Generate 2 instructors...
    23:49:08.939 | 464 ool-1-worker-228 | DEBUG | d.t.c.a.a.c.u.util.UserUtilService   : 2 instructors generated
    23:49:08.940 | 464 ool-1-worker-228 | DEBUG | d.t.c.a.a.c.u.util.UserUtilService   : Removing 15 users from all courses...
    23:49:08.942 | 464 ool-1-worker-228 | DEBUG | d.t.c.a.a.c.u.util.UserUtilService   : Removing 15 users from all courses. Done
    23:49:08.942 | 464 ool-1-worker-228 | DEBUG | d.t.c.a.a.c.u.util.UserUtilService   : Save 15 users to database...
    23:49:08.947 | 464 ool-1-worker-228 | DEBUG | d.t.c.a.a.c.u.util.UserUtilService   : Save 15 users to database. Done
    23:49:08.972 | 464 ool-1-worker-228 | DEBUG | .c.s.m.InstanceMessageReceiveService : Received schedule participant score for exercise 3568 and participant 780 (result to be deleted: null)
    23:49:08.972 | 464 ool-1-worker-228 | DEBUG | .a.s.ParticipantScoreScheduleService : Scheduled task for exercise 3568 and participant 780 at 2025-02-14T23:49:09.072329554Z[Etc/UTC].
    23:49:08.974 | 464 ool-1-worker-228 | DEBUG | PersonalAccessTokenManagementService : Generate secure vcs access token
    23:49:08.976 | 464 ool-1-worker-228 | INFO  | i.z.t.d.l.EmbeddedDatabaseReporter   : JDBC URL to connect to 'dataSource': url='jdbc:h2:tcp://localhost:41063/mem:736625c0-cf5e-400d-aeaa-8a7eabd6262b;USER=sa', scope='ProgrammingSubmissionIntegrationTest#testGetProgrammingSubmissionWithoutAssessmentWithIndividualDueDate'
    23:49:08.979 | 464 ool-1-worker-228 | DEBUG | .c.s.m.InstanceMessageReceiveService : Received schedule participant score for exercise 3568 and participant 780 (result to be deleted: null)
    23:49:08.979 | 464 ool-1-worker-228 | DEBUG | .a.s.ParticipantScoreScheduleService : Scheduled task for exercise 3568 and participant 780 at 2025-02-14T23:49:09.079344657Z[Etc/UTC].
    23:49:08.993 | 464 ool-1-worker-228 | DEBUG | .c.s.m.InstanceMessageReceiveService : Received schedule participant score for exercise 3568 and participant 780 (result to be deleted: null)
    23:49:08.993 | 464 ool-1-worker-228 | DEBUG | .a.s.ParticipantScoreScheduleService : Scheduled task for exercise 3568 and participant 780 at 2025-02-14T23:49:09.093958511Z[Etc/UTC].
    23:49:08.997 | 464 ool-1-worker-228 | DEBUG | d.t.c.a.a.c.s.f.ApiVersionFilter     : Adding Version to Request GET /api/exercises/3568/programming-submission-without-assessment
    23:49:08.997 | 464 ool-1-worker-228 | DEBUG | .a.p.w.ProgrammingSubmissionResource : REST request to get a programming submission without assessment

  Starting logs for ProgrammingSubmissionIntegrationTest > testGetModelSubmissionWithoutAssessmentTestLockLimit()
    23:49:09.020 | 464 ool-1-worker-228 | DEBUG | d.t.c.a.a.c.u.util.UserUtilService   : Generate 10 students...
    23:49:09.030 | 464 ool-1-worker-228 | DEBUG | d.t.c.a.a.c.u.util.UserUtilService   : 10 students generated. Generate 2 tutors...
    23:49:09.033 | 464 ool-1-worker-228 | DEBUG | d.t.c.a.a.c.u.util.UserUtilService   : 2 tutors generated. Generate 1 editors...
    23:49:09.035 | 464 ool-1-worker-228 | DEBUG | d.t.c.a.a.c.u.util.UserUtilService   : 1 editors generated. Generate 2 instructors...
    23:49:09.038 | 464 ool-1-worker-228 | DEBUG | d.t.c.a.a.c.u.util.UserUtilService   : 2 instructors generated
    23:49:09.039 | 464 ool-1-worker-228 | DEBUG | d.t.c.a.a.c.u.util.UserUtilService   : Removing 15 users from all courses...
    23:49:09.041 | 464 ool-1-worker-228 | DEBUG | d.t.c.a.a.c.u.util.UserUtilService   : Removing 15 users from all courses. Done
    23:49:09.041 | 464 ool-1-worker-228 | DEBUG | d.t.c.a.a.c.u.util.UserUtilService   : Save 15 users to database...
    23:49:09.046 | 464 ool-1-worker-228 | DEBUG | d.t.c.a.a.c.u.util.UserUtilService   : Save 15 users to database. Done
    23:49:09.072 | 464 ool-1-worker-228 | DEBUG | .c.s.m.InstanceMessageReceiveService : Received schedule participant score for exercise 3569 and participant 780 (result to be deleted: null)
    23:49:09.072 | 464 ool-1-worker-228 | DEBUG | .a.s.ParticipantScoreScheduleService : Scheduled task for exercise 3569 and participant 780 at 2025-02-14T23:49:09.172413629Z[Etc/UTC].
    23:49:09.075 | 464 ool-1-worker-228 | DEBUG | PersonalAccessTokenManagementService : Generate secure vcs access token
    23:49:09.076 | 464 ool-1-worker-228 | INFO  | i.z.t.d.l.EmbeddedDatabaseReporter   : JDBC URL to connect to 'dataSource': url='jdbc:h2:tcp://localhost:41063/mem:736625c0-cf5e-400d-aeaa-8a7eabd6262b;USER=sa', scope='ProgrammingSubmissionIntegrationTest#testGetModelSubmissionWithoutAssessmentTestLockLimit'
    23:49:09.079 | 464 ool-1-worker-228 | DEBUG | .c.s.m.InstanceMessageReceiveService : Received schedule participant score for exercise 3569 and participant 780 (result to be deleted: null)
    23:49:09.079 | 464 ool-1-worker-228 | DEBUG | .a.s.ParticipantScoreScheduleService : Scheduled task for exercise 3569 and participant 780 at 2025-02-14T23:49:09.179667678Z[Etc/UTC].
    23:49:09.094 | 464 ool-1-worker-228 | DEBUG | .c.s.m.InstanceMessageReceiveService : Received schedule participant score for exercise 3569 and participant 780 (result to be deleted: null)
    23:49:09.094 | 464 ool-1-worker-228 | DEBUG | .a.s.ParticipantScoreScheduleService : Scheduled task for exercise 3569 and participant 780 at 2025-02-14T23:49:09.194652314Z[Etc/UTC].
    23:49:09.097 | 464 ool-1-worker-228 | DEBUG | .c.s.m.InstanceMessageReceiveService : Received schedule participant score for exercise 3569 and participant 781 (result to be deleted: null)
    23:49:09.097 | 464 ool-1-worker-228 | DEBUG | .a.s.ParticipantScoreScheduleService : Scheduled task for exercise 3569 and participant 781 at 2025-02-14T23:49:09.197977485Z[Etc/UTC].
    23:49:09.112 | 464 ool-1-worker-228 | DEBUG | .c.s.m.InstanceMessageReceiveService : Received schedule participant score for exercise 3569 and participant 781 (result to be deleted: null)
    23:49:09.112 | 464 ool-1-worker-228 | DEBUG | .a.s.ParticipantScoreScheduleService : Scheduled task for exercise 3569 and participant 781 at 2025-02-14T23:49:09.212530666Z[Etc/UTC].
    23:49:09.117 | 464 ool-1-worker-228 | DEBUG | .c.s.m.InstanceMessageReceiveService : Received schedule participant score for exercise 3569 and participant 782 (result to be deleted: null)
    23:49:09.117 | 464 ool-1-worker-228 | DEBUG | .a.s.ParticipantScoreScheduleService : Scheduled task for exercise 3569 and participant 782 at 2025-02-14T23:49:09.217053281Z[Etc/UTC].
    23:49:09.131 | 464 ool-1-worker-228 | DEBUG | .c.s.m.InstanceMessageReceiveService : Received schedule participant score for exercise 3569 and participant 782 (result to be deleted: null)
    23:49:09.131 | 464 ool-1-worker-228 | DEBUG | .a.s.ParticipantScoreScheduleService : Scheduled task for exercise 3569 and participant 782 at 2025-02-14T23:49:09.231519540Z[Etc/UTC].
    23:49:09.136 | 464 ool-1-worker-228 | DEBUG | .c.s.m.InstanceMessageReceiveService : Received schedule participant score for exercise 3569 and participant 783 (result to be deleted: null)
    23:49:09.136 | 464 ool-1-worker-228 | DEBUG | .a.s.ParticipantScoreScheduleService : Scheduled task for exercise 3569 and participant 783 at 2025-02-14T23:49:09.236367782Z[Etc/UTC].
    23:49:09.151 | 464 ool-1-worker-228 | DEBUG | .c.s.m.InstanceMessageReceiveService : Received schedule participant score for exercise 3569 and participant 783 (result to be deleted: null)
    23:49:09.151 | 464 ool-1-worker-228 | DEBUG | .a.s.ParticipantScoreScheduleService : Scheduled task for exercise 3569 and participant 783 at 2025-02-14T23:49:09.251210443Z[Etc/UTC].
    23:49:09.155 | 464 ool-1-worker-228 | DEBUG | .c.s.m.InstanceMessageReceiveService : Received schedule participant score for exercise 3569 and participant 784 (result to be deleted: null)
    23:49:09.155 | 464 ool-1-worker-228 | DEBUG | .a.s.ParticipantScoreScheduleService : Scheduled task for exercise 3569 and participant 784 at 2025-02-14T23:49:09.255653279Z[Etc/UTC].
    23:49:09.169 | 464 ool-1-worker-228 | DEBUG | .c.s.m.InstanceMessageReceiveService : Received schedule participant score for exercise 3569 and participant 784 (result to be deleted: null)
    23:49:09.170 | 464 ool-1-worker-228 | DEBUG | .a.s.ParticipantScoreScheduleService : Scheduled task for exercise 3569 and participant 784 at 2025-02-14T23:49:09.270011497Z[Etc/UTC].
    23:49:09.174 | 464 ool-1-worker-228 | DEBUG | .c.s.m.InstanceMessageReceiveService : Received schedule participant score for exercise 3569 and participant 785 (result to be deleted: null)
    23:49:09.174 | 464 ool-1-worker-228 | DEBUG | .a.s.ParticipantScoreScheduleService : Scheduled task for exercise 3569 and participant 785 at 2025-02-14T23:49:09.274287231Z[Etc/UTC].
    23:49:09.188 | 464 ool-1-worker-228 | DEBUG | .c.s.m.InstanceMessageReceiveService : Received schedule participant score for exercise 3569 and participant 785 (result to be deleted: null)
    23:49:09.188 | 464 ool-1-worker-228 | DEBUG | .a.s.ParticipantScoreScheduleService : Scheduled task for exercise 3569 and participant 785 at 2025-02-14T23:49:09.288402556Z[Etc/UTC].
    23:49:09.192 | 464 ool-1-worker-228 | DEBUG | .c.s.m.InstanceMessageReceiveService : Received schedule participant score for exercise 3569 and participant 786 (result to be deleted: null)
    23:49:09.192 | 464 ool-1-worker-228 | DEBUG | .a.s.ParticipantScoreScheduleService : Scheduled task for exercise 3569 and participant 786 at 2025-02-14T23:49:09.292441769Z[Etc/UTC].
    23:49:09.194 | 326 taskScheduler-1  | DEBUG | .a.s.ParticipantScoreScheduleService : Processing exercise 3569 and participant 780 to update participant scores.
    23:49:09.198 | 326 taskScheduler-1  | DEBUG | .a.s.ParticipantScoreScheduleService : Updating the participant score for exercise 3569 and participant 780 took 4 ms.
    23:49:09.208 | 464 ool-1-worker-228 | DEBUG | .c.s.m.InstanceMessageReceiveService : Received schedule participant score for exercise 3569 and participant 786 (result to be deleted: null)
    23:49:09.208 | 464 ool-1-worker-228 | DEBUG | .a.s.ParticipantScoreScheduleService : Scheduled task for exercise 3569 and participant 786 at 2025-02-14T23:49:09.308404509Z[Etc/UTC].
    23:49:09.212 | 464 ool-1-worker-228 | DEBUG | .c.s.m.InstanceMessageReceiveService : Received schedule participant score for exercise 3569 and participant 787 (result to be deleted: null)
    23:49:09.212 | 464 ool-1-worker-228 | DEBUG | .a.s.ParticipantScoreScheduleService : Scheduled task for exercise 3569 and participant 787 at 2025-02-14T23:49:09.312590095Z[Etc/UTC].
    23:49:09.212 | 329 taskScheduler-4  | DEBUG | .a.s.ParticipantScoreScheduleService : Processing exercise 3569 and participant 781 to update participant scores.
    23:49:09.215 | 329 taskScheduler-4  | DEBUG | .a.s.ParticipantScoreScheduleService : Updating the participant score for exercise 3569 and participant 781 took 3 ms.
    23:49:09.227 | 464 ool-1-worker-228 | DEBUG | .c.s.m.InstanceMessageReceiveService : Received schedule participant score for exercise 3569 and participant 787 (result to be deleted: null)
    23:49:09.227 | 464 ool-1-worker-228 | DEBUG | .a.s.ParticipantScoreScheduleService : Scheduled task for exercise 3569 and participant 787 at 2025-02-14T23:49:09.327743997Z[Etc/UTC].
    23:49:09.231 | 328 taskScheduler-3  | DEBUG | .a.s.ParticipantScoreScheduleService : Processing exercise 3569 and participant 782 to update participant scores.
    23:49:09.231 | 464 ool-1-worker-228 | DEBUG | .c.s.m.InstanceMessageReceiveService : Received schedule participant score for exercise 3569 and participant 788 (result to be deleted: null)
    23:49:09.231 | 464 ool-1-worker-228 | DEBUG | .a.s.ParticipantScoreScheduleService : Scheduled task for exercise 3569 and participant 788 at 2025-02-14T23:49:09.331802045Z[Etc/UTC].
    23:49:09.234 | 328 taskScheduler-3  | DEBUG | .a.s.ParticipantScoreScheduleService : Updating the participant score for exercise 3569 and participant 782 took 3 ms.
    23:49:09.246 | 464 ool-1-worker-228 | DEBUG | .c.s.m.InstanceMessageReceiveService : Received schedule participant score for exercise 3569 and participant 788 (result to be deleted: null)
    23:49:09.246 | 464 ool-1-worker-228 | DEBUG | .a.s.ParticipantScoreScheduleService : Scheduled task for exercise 3569 and participant 788 at 2025-02-14T23:49:09.346826916Z[Etc/UTC].
    23:49:09.250 | 464 ool-1-worker-228 | DEBUG | .c.s.m.InstanceMessageReceiveService : Received schedule participant score for exercise 3569 and participant 789 (result to be deleted: null)
    23:49:09.250 | 464 ool-1-worker-228 | DEBUG | .a.s.ParticipantScoreScheduleService : Scheduled task for exercise 3569 and participant 789 at 2025-02-14T23:49:09.350975042Z[Etc/UTC].
    23:49:09.251 | 326 taskScheduler-1  | DEBUG | .a.s.ParticipantScoreScheduleService : Processing exercise 3569 and participant 783 to update participant scores.
    23:49:09.255 | 326 taskScheduler-1  | DEBUG | .a.s.ParticipantScoreScheduleService : Updating the participant score for exercise 3569 and participant 783 took 4 ms.
    23:49:09.267 | 464 ool-1-worker-228 | DEBUG | .c.s.m.InstanceMessageReceiveService : Received schedule participant score for exercise 3569 and participant 789 (result to be deleted: null)
    23:49:09.267 | 464 ool-1-worker-228 | DEBUG | .a.s.ParticipantScoreScheduleService : Scheduled task for exercise 3569 and participant 789 at 2025-02-14T23:49:09.367309666Z[Etc/UTC].
    23:49:09.269 | 464 ool-1-worker-228 | DEBUG | d.t.c.a.a.c.s.f.ApiVersionFilter     : Adding Version to Request GET /api/exercises/3569/programming-submission-without-assessment
    23:49:09.269 | 464 ool-1-worker-228 | DEBUG | .a.p.w.ProgrammingSubmissionResource : REST request to get a programming submission without assessment
    23:49:09.270 | 327 taskScheduler-2  | DEBUG | .a.s.ParticipantScoreScheduleService : Processing exercise 3569 and participant 784 to update participant scores.
    23:49:09.275 | 327 taskScheduler-2  | DEBUG | .a.s.ParticipantScoreScheduleService : Updating the participant score for exercise 3569 and participant 784 took 5 ms.
    23:49:09.276 | 464 ool-1-worker-228 | ERROR | tech.jhipster.web.util.HeaderUtil    : Entity processing failed, The limit of locked submissions has been reached
    23:49:09.276 | 464 ool-1-worker-228 | WARN  | o.z.p.spring.common.AdviceTraits     : Bad Request: The limit of locked submissions has been reached

  Starting logs for ProgrammingSubmissionIntegrationTest > triggerFailedBuildEmptyLatestPendingSubmission()
    23:49:09.286 | 464 ool-1-worker-228 | DEBUG | d.t.c.a.a.c.u.util.UserUtilService   : Generate 10 students...
    23:49:09.295 | 464 ool-1-worker-228 | DEBUG | d.t.c.a.a.c.u.util.UserUtilService   : 10 students generated. Generate 2 tutors...
    23:49:09.298 | 464 ool-1-worker-228 | DEBUG | d.t.c.a.a.c.u.util.UserUtilService   : 2 tutors generated. Generate 1 editors...
    23:49:09.301 | 464 ool-1-worker-228 | DEBUG | d.t.c.a.a.c.u.util.UserUtilService   : 1 editors generated. Generate 2 instructors...
    23:49:09.304 | 464 ool-1-worker-228 | DEBUG | d.t.c.a.a.c.u.util.UserUtilService   : 2 instructors generated
    23:49:09.305 | 464 ool-1-worker-228 | DEBUG | d.t.c.a.a.c.u.util.UserUtilService   : Removing 15 users from all courses...
    23:49:09.306 | 464 ool-1-worker-228 | DEBUG | d.t.c.a.a.c.u.util.UserUtilService   : Removing 15 users from all courses. Done
    23:49:09.306 | 464 ool-1-worker-228 | DEBUG | d.t.c.a.a.c.u.util.UserUtilService   : Save 15 users to database...
    23:49:09.311 | 464 ool-1-worker-228 | DEBUG | d.t.c.a.a.c.u.util.UserUtilService   : Save 15 users to database. Done
    23:49:09.336 | 464 ool-1-worker-228 | DEBUG | .c.s.m.InstanceMessageReceiveService : Received schedule participant score for exercise 3570 and participant 780 (result to be deleted: null)
    23:49:09.336 | 464 ool-1-worker-228 | DEBUG | .a.s.ParticipantScoreScheduleService : Scheduled task for exercise 3570 and participant 780 at 2025-02-14T23:49:09.436958780Z[Etc/UTC].
    23:49:09.339 | 464 ool-1-worker-228 | DEBUG | PersonalAccessTokenManagementService : Generate secure vcs access token
    23:49:09.340 | 464 ool-1-worker-228 | INFO  | i.z.t.d.l.EmbeddedDatabaseReporter   : JDBC URL to connect to 'dataSource': url='jdbc:h2:tcp://localhost:41063/mem:736625c0-cf5e-400d-aeaa-8a7eabd6262b;USER=sa', scope='ProgrammingSubmissionIntegrationTest#triggerFailedBuildEmptyLatestPendingSubmission'
    23:49:09.342 | 464 ool-1-worker-228 | DEBUG | d.t.c.a.a.c.s.f.ApiVersionFilter     : Adding Version to Request POST /api/programming-submissions/5229/trigger-failed-build
    23:49:09.345 | 464 ool-1-worker-228 | WARN  | o.z.p.spring.common.AdviceTraits     : Not Found: No latest pending programming submission found for participationId 5229

  Starting logs for ProgrammingSubmissionIntegrationTest > testNotifyPush_isSetupCommit()
    23:49:09.355 | 464 ool-1-worker-228 | DEBUG | d.t.c.a.a.c.u.util.UserUtilService   : Generate 10 students...
    23:49:09.365 | 464 ool-1-worker-228 | DEBUG | d.t.c.a.a.c.u.util.UserUtilService   : 10 students generated. Generate 2 tutors...
    23:49:09.368 | 464 ool-1-worker-228 | DEBUG | d.t.c.a.a.c.u.util.UserUtilService   : 2 tutors generated. Generate 1 editors...
    23:49:09.370 | 464 ool-1-worker-228 | DEBUG | d.t.c.a.a.c.u.util.UserUtilService   : 1 editors generated. Generate 2 instructors...
    23:49:09.373 | 464 ool-1-worker-228 | DEBUG | d.t.c.a.a.c.u.util.UserUtilService   : 2 instructors generated
    23:49:09.375 | 464 ool-1-worker-228 | DEBUG | d.t.c.a.a.c.u.util.UserUtilService   : Removing 15 users from all courses...
    23:49:09.376 | 464 ool-1-worker-228 | DEBUG | d.t.c.a.a.c.u.util.UserUtilService   : Removing 15 users from all courses. Done
    23:49:09.376 | 464 ool-1-worker-228 | DEBUG | d.t.c.a.a.c.u.util.UserUtilService   : Save 15 users to database...
    23:49:09.381 | 464 ool-1-worker-228 | DEBUG | d.t.c.a.a.c.u.util.UserUtilService   : Save 15 users to database. Done
    23:49:09.406 | 464 ool-1-worker-228 | DEBUG | .c.s.m.InstanceMessageReceiveService : Received schedule participant score for exercise 3571 and participant 780 (result to be deleted: null)
    23:49:09.407 | 464 ool-1-worker-228 | DEBUG | .a.s.ParticipantScoreScheduleService : Scheduled task for exercise 3571 and participant 780 at 2025-02-14T23:49:09.507047494Z[Etc/UTC].
    23:49:09.409 | 464 ool-1-worker-228 | DEBUG | PersonalAccessTokenManagementService : Generate secure vcs access token
    23:49:09.410 | 464 ool-1-worker-228 | INFO  | i.z.t.d.l.EmbeddedDatabaseReporter   : JDBC URL to connect to 'dataSource': url='jdbc:h2:tcp://localhost:41063/mem:736625c0-cf5e-400d-aeaa-8a7eabd6262b;USER=sa', scope='ProgrammingSubmissionIntegrationTest#testNotifyPush_isSetupCommit'
    23:49:09.412 | 464 ool-1-worker-228 | DEBUG | d.t.c.a.a.c.s.f.ApiVersionFilter     : Adding Version to Request POST /api/public/programming-submissions/5235
    23:49:09.412 | 464 ool-1-worker-228 | DEBUG | .PublicProgrammingSubmissionResource : REST request to inform about new commit+push for participation: 5235
    23:49:09.413 | 464 ool-1-worker-228 | INFO  | a.a.p.s.ProgrammingSubmissionService : NotifyPush invoked due to the commit null by Artemis with artemis@in.tum.de in branch default-branch

  Starting logs for ProgrammingSubmissionIntegrationTest > triggerFailedBuildResultPresentInCIOk()
    23:49:09.424 | 464 ool-1-worker-228 | DEBUG | d.t.c.a.a.c.u.util.UserUtilService   : Generate 10 students...
    23:49:09.433 | 464 ool-1-worker-228 | DEBUG | d.t.c.a.a.c.u.util.UserUtilService   : 10 students generated. Generate 2 tutors...
    23:49:09.436 | 464 ool-1-worker-228 | DEBUG | d.t.c.a.a.c.u.util.UserUtilService   : 2 tutors generated. Generate 1 editors...
    23:49:09.438 | 464 ool-1-worker-228 | DEBUG | d.t.c.a.a.c.u.util.UserUtilService   : 1 editors generated. Generate 2 instructors...
    23:49:09.441 | 464 ool-1-worker-228 | DEBUG | d.t.c.a.a.c.u.util.UserUtilService   : 2 instructors generated
    23:49:09.443 | 464 ool-1-worker-228 | DEBUG | d.t.c.a.a.c.u.util.UserUtilService   : Removing 15 users from all courses...
    23:49:09.444 | 464 ool-1-worker-228 | DEBUG | d.t.c.a.a.c.u.util.UserUtilService   : Removing 15 users from all courses. Done
    23:49:09.444 | 464 ool-1-worker-228 | DEBUG | d.t.c.a.a.c.u.util.UserUtilService   : Save 15 users to database...
    23:49:09.449 | 464 ool-1-worker-228 | DEBUG | d.t.c.a.a.c.u.util.UserUtilService   : Save 15 users to database. Done
    23:49:09.476 | 464 ool-1-worker-228 | DEBUG | .c.s.m.InstanceMessageReceiveService : Received schedule participant score for exercise 3572 and participant 780 (result to be deleted: null)
    23:49:09.476 | 464 ool-1-worker-228 | DEBUG | .a.s.ParticipantScoreScheduleService : Scheduled task for exercise 3572 and participant 780 at 2025-02-14T23:49:09.576144088Z[Etc/UTC].
    23:49:09.478 | 464 ool-1-worker-228 | DEBUG | PersonalAccessTokenManagementService : Generate secure vcs access token
    23:49:09.480 | 464 ool-1-worker-228 | INFO  | i.z.t.d.l.EmbeddedDatabaseReporter   : JDBC URL to connect to 'dataSource': url='jdbc:h2:tcp://localhost:41063/mem:736625c0-cf5e-400d-aeaa-8a7eabd6262b;USER=sa', scope='ProgrammingSubmissionIntegrationTest#triggerFailedBuildResultPresentInCIOk'
    23:49:09.482 | 464 ool-1-worker-228 | DEBUG | d.t.c.a.a.c.s.f.ApiVersionFilter     : Adding Version to Request POST /api/programming-submissions/5241/trigger-failed-build
    23:49:09.487 | 464 ool-1-worker-228 | DEBUG | d.t.c.a.a.c.s.f.ApiVersionFilter     : Adding Version to Request POST /api/programming-submissions/5241/trigger-failed-build

  Starting logs for ProgrammingSubmissionIntegrationTest > triggerFailedBuild_CIException()
    23:49:09.501 | 464 ool-1-worker-228 | DEBUG | d.t.c.a.a.c.u.util.UserUtilService   : Generate 10 students...
    23:49:09.511 | 464 ool-1-worker-228 | DEBUG | d.t.c.a.a.c.u.util.UserUtilService   : 10 students generated. Generate 2 tutors...
    23:49:09.514 | 464 ool-1-worker-228 | DEBUG | d.t.c.a.a.c.u.util.UserUtilService   : 2 tutors generated. Generate 1 editors...
    23:49:09.516 | 464 ool-1-worker-228 | DEBUG | d.t.c.a.a.c.u.util.UserUtilService   : 1 editors generated. Generate 2 instructors...
    23:49:09.519 | 464 ool-1-worker-228 | DEBUG | d.t.c.a.a.c.u.util.UserUtilService   : 2 instructors generated
    23:49:09.520 | 464 ool-1-worker-228 | DEBUG | d.t.c.a.a.c.u.util.UserUtilService   : Removing 15 users from all courses...
    23:49:09.521 | 464 ool-1-worker-228 | DEBUG | d.t.c.a.a.c.u.util.UserUtilService   : Removing 15 users from all courses. Done
    23:49:09.521 | 464 ool-1-worker-228 | DEBUG | d.t.c.a.a.c.u.util.UserUtilService   : Save 15 users to database...
    23:49:09.527 | 464 ool-1-worker-228 | DEBUG | d.t.c.a.a.c.u.util.UserUtilService   : Save 15 users to database. Done
    23:49:09.553 | 464 ool-1-worker-228 | DEBUG | .c.s.m.InstanceMessageReceiveService : Received schedule participant score for exercise 3573 and participant 780 (result to be deleted: null)
    23:49:09.553 | 464 ool-1-worker-228 | DEBUG | .a.s.ParticipantScoreScheduleService : Scheduled task for exercise 3573 and participant 780 at 2025-02-14T23:49:09.653750103Z[Etc/UTC].
    23:49:09.556 | 464 ool-1-worker-228 | DEBUG | PersonalAccessTokenManagementService : Generate secure vcs access token
    23:49:09.557 | 464 ool-1-worker-228 | INFO  | i.z.t.d.l.EmbeddedDatabaseReporter   : JDBC URL to connect to 'dataSource': url='jdbc:h2:tcp://localhost:41063/mem:736625c0-cf5e-400d-aeaa-8a7eabd6262b;USER=sa', scope='ProgrammingSubmissionIntegrationTest#triggerFailedBuild_CIException'
    23:49:09.562 | 464 ool-1-worker-228 | DEBUG | d.t.c.a.a.c.s.f.ApiVersionFilter     : Adding Version to Request POST /api/programming-submissions/5247/trigger-failed-build
    23:49:09.579 | 464 ool-1-worker-228 | ERROR | .a.a.p.s.j.b.JenkinsBuildPlanService : Pipeline Script not found
java.lang.IllegalArgumentException: Pipeline Script not found
	at de.tum.cit.aet.artemis.programming.service.jenkins.build_plan.JenkinsBuildPlanUtils.replaceScriptParameters(JenkinsBuildPlanUtils.java:22)
	at de.tum.cit.aet.artemis.programming.service.jenkins.build_plan.JenkinsBuildPlanService.updateBuildPlanURLs(JenkinsBuildPlanService.java:245)
	at de.tum.cit.aet.artemis.programming.service.jenkins.build_plan.JenkinsBuildPlanService.copyBuildPlan(JenkinsBuildPlanService.java:293)
	at de.tum.cit.aet.artemis.programming.service.jenkins.JenkinsService.copyBuildPlan(JenkinsService.java:128)
	at java.base/java.lang.invoke.MethodHandle.invokeWithArguments(MethodHandle.java:733)
	at org.mockito.internal.util.reflection.InstrumentationMemberAccessor$Dispatcher$ByteBuddy$oog9jsgw.invokeWithArguments(Unknown Source)
	at org.mockito.internal.util.reflection.InstrumentationMemberAccessor.invoke(InstrumentationMemberAccessor.java:251)
	at org.mockito.internal.util.reflection.ModuleMemberAccessor.invoke(ModuleMemberAccessor.java:55)
	at org.mockito.internal.creation.bytebuddy.MockMethodAdvice.tryInvoke(MockMethodAdvice.java:314)
	at org.mockito.internal.creation.bytebuddy.MockMethodAdvice$RealMethodCall.invoke(MockMethodAdvice.java:234)
	at org.mockito.internal.invocation.InterceptedInvocation.callRealMethod(InterceptedInvocation.java:142)
	at org.mockito.internal.stubbing.answers.CallsRealMethods.answer(CallsRealMethods.java:45)
	at org.mockito.Answers.answer(Answers.java:90)
	at org.mockito.internal.handler.MockHandlerImpl.handle(MockHandlerImpl.java:111)
	at org.mockito.internal.handler.NullResultGuardian.handle(NullResultGuardian.java:29)
	at org.mockito.internal.handler.InvocationNotifierHandler.handle(InvocationNotifierHandler.java:34)
	at org.mockito.internal.creation.bytebuddy.MockMethodInterceptor.doIntercept(MockMethodInterceptor.java:82)
	at org.mockito.internal.creation.bytebuddy.MockMethodAdvice.handle(MockMethodAdvice.java:134)
	at de.tum.cit.aet.artemis.programming.service.jenkins.JenkinsService.copyBuildPlan(JenkinsService.java:126)
	at de.tum.cit.aet.artemis.exercise.service.ParticipationService.copyBuildPlan(ParticipationService.java:518)
	at de.tum.cit.aet.artemis.exercise.service.ParticipationService.resumeProgrammingExercise(ParticipationService.java:443)
	at de.tum.cit.aet.artemis.programming.service.ProgrammingTriggerService.triggerBuildAndNotifyUser(ProgrammingTriggerService.java:275)
	at java.base/java.lang.invoke.MethodHandle.invokeWithArguments(MethodHandle.java:733)
	at org.mockito.internal.util.reflection.InstrumentationMemberAccessor$Dispatcher$ByteBuddy$oog9jsgw.invokeWithArguments(Unknown Source)
	at org.mockito.internal.util.reflection.InstrumentationMemberAccessor.invoke(InstrumentationMemberAccessor.java:251)
	at org.mockito.internal.util.reflection.ModuleMemberAccessor.invoke(ModuleMemberAccessor.java:55)
	at org.mockito.internal.creation.bytebuddy.MockMethodAdvice.tryInvoke(MockMethodAdvice.java:314)
	at org.mockito.internal.creation.bytebuddy.MockMethodAdvice$RealMethodCall.invoke(MockMethodAdvice.java:234)
	at org.mockito.internal.invocation.InterceptedInvocation.callRealMethod(InterceptedInvocation.java:142)
	at org.mockito.internal.stubbing.answers.CallsRealMethods.answer(CallsRealMethods.java:45)
	at org.mockito.Answers.answer(Answers.java:90)
	at org.mockito.internal.handler.MockHandlerImpl.handle(MockHandlerImpl.java:111)
	at org.mockito.internal.handler.NullResultGuardian.handle(NullResultGuardian.java:29)
	at org.mockito.internal.handler.InvocationNotifierHandler.handle(InvocationNotifierHandler.java:34)
	at org.mockito.internal.creation.bytebuddy.MockMethodInterceptor.doIntercept(MockMethodInterceptor.java:82)
	at org.mockito.internal.creation.bytebuddy.MockMethodAdvice.handle(MockMethodAdvice.java:134)
	at de.tum.cit.aet.artemis.programming.service.ProgrammingTriggerService.triggerBuildAndNotifyUser(ProgrammingTriggerService.java:269)
	at java.base/jdk.internal.reflect.DirectMethodHandleAccessor.invoke(DirectMethodHandleAccessor.java:103)
	at java.base/java.lang.reflect.Method.invoke(Method.java:580)
	at org.springframework.aop.support.AopUtils.invokeJoinpointUsingReflection(AopUtils.java:359)
	at org.springframework.aop.framework.CglibAopProxy$DynamicAdvisedInterceptor.intercept(CglibAopProxy.java:723)
	at de.tum.cit.aet.artemis.programming.service.ProgrammingTriggerService$$SpringCGLIB$$0.triggerBuildAndNotifyUser(<generated>)
	at de.tum.cit.aet.artemis.programming.web.ProgrammingSubmissionResource.triggerFailedBuild(ProgrammingSubmissionResource.java:202)
	at java.base/jdk.internal.reflect.DirectMethodHandleAccessor.invoke(DirectMethodHandleAccessor.java:103)
	at java.base/java.lang.reflect.Method.invoke(Method.java:580)
	at org.springframework.aop.support.AopUtils.invokeJoinpointUsingReflection(AopUtils.java:359)
	at org.springframework.aop.framework.ReflectiveMethodInvocation.invokeJoinpoint(ReflectiveMethodInvocation.java:196)
	at org.springframework.aop.framework.ReflectiveMethodInvocation.proceed(ReflectiveMethodInvocation.java:163)
	at org.springframework.aop.aspectj.MethodInvocationProceedingJoinPoint.proceed(MethodInvocationProceedingJoinPoint.java:89)
	at de.tum.cit.aet.artemis.core.service.feature.FeatureToggleAspect.around(FeatureToggleAspect.java:50)
	at java.base/jdk.internal.reflect.DirectMethodHandleAccessor.invoke(DirectMethodHandleAccessor.java:103)
	at java.base/java.lang.reflect.Method.invoke(Method.java:580)
	at org.springframework.aop.aspectj.AbstractAspectJAdvice.invokeAdviceMethodWithGivenArgs(AbstractAspectJAdvice.java:638)
	at org.springframework.aop.aspectj.AbstractAspectJAdvice.invokeAdviceMethod(AbstractAspectJAdvice.java:628)
	at org.springframework.aop.aspectj.AspectJAroundAdvice.invoke(AspectJAroundAdvice.java:71)
	at org.springframework.aop.framework.ReflectiveMethodInvocation.proceed(ReflectiveMethodInvocation.java:173)
	at org.springframework.security.authorization.method.AuthorizationManagerBeforeMethodInterceptor.proceed(AuthorizationManagerBeforeMethodInterceptor.java:268)
	at org.springframework.security.authorization.method.AuthorizationManagerBeforeMethodInterceptor.attemptAuthorization(AuthorizationManagerBeforeMethodInterceptor.java:263)
	at org.springframework.security.authorization.method.AuthorizationManagerBeforeMethodInterceptor.invoke(AuthorizationManagerBeforeMethodInterceptor.java:196)
	at org.springframework.security.config.annotation.method.configuration.DeferringMethodInterceptor.invoke(DeferringMethodInterceptor.java:44)
	at org.springframework.aop.framework.ReflectiveMethodInvocation.proceed(ReflectiveMethodInvocation.java:184)
	at org.springframework.aop.interceptor.ExposeInvocationInterceptor.invoke(ExposeInvocationInterceptor.java:97)
	at org.springframework.aop.framework.ReflectiveMethodInvocation.proceed(ReflectiveMethodInvocation.java:184)
	at org.springframework.aop.framework.CglibAopProxy$DynamicAdvisedInterceptor.intercept(CglibAopProxy.java:727)
	at de.tum.cit.aet.artemis.programming.web.ProgrammingSubmissionResource$$SpringCGLIB$$0.triggerFailedBuild(<generated>)
	at java.base/jdk.internal.reflect.DirectMethodHandleAccessor.invoke(DirectMethodHandleAccessor.java:103)
	at java.base/java.lang.reflect.Method.invoke(Method.java:580)
	at org.springframework.web.method.support.InvocableHandlerMethod.doInvoke(InvocableHandlerMethod.java:257)
	at org.springframework.web.method.support.InvocableHandlerMethod.invokeForRequest(InvocableHandlerMethod.java:190)
	at org.springframework.web.servlet.mvc.method.annotation.ServletInvocableHandlerMethod.invokeAndHandle(ServletInvocableHandlerMethod.java:118)
	at org.springframework.web.servlet.mvc.method.annotation.RequestMappingHandlerAdapter.invokeHandlerMethod(RequestMappingHandlerAdapter.java:986)
	at org.springframework.web.servlet.mvc.method.annotation.RequestMappingHandlerAdapter.handleInternal(RequestMappingHandlerAdapter.java:891)
	at org.springframework.web.servlet.mvc.method.AbstractHandlerMethodAdapter.handle(AbstractHandlerMethodAdapter.java:87)
	at org.springframework.web.servlet.DispatcherServlet.doDispatch(DispatcherServlet.java:1088)
	at org.springframework.web.servlet.DispatcherServlet.doService(DispatcherServlet.java:978)
	at org.springframework.web.servlet.FrameworkServlet.processRequest(FrameworkServlet.java:1014)
	at org.springframework.web.servlet.FrameworkServlet.doPost(FrameworkServlet.java:914)
	at jakarta.servlet.http.HttpServlet.service(HttpServlet.java:547)
	at org.springframework.web.servlet.FrameworkServlet.service(FrameworkServlet.java:885)
	at org.springframework.test.web.servlet.TestDispatcherServlet.service(TestDispatcherServlet.java:72)
	at jakarta.servlet.http.HttpServlet.service(HttpServlet.java:614)
	at org.springframework.mock.web.MockFilterChain$ServletFilterProxy.doFilter(MockFilterChain.java:165)
	at org.springframework.mock.web.MockFilterChain.doFilter(MockFilterChain.java:132)
	at org.springframework.web.filter.OncePerRequestFilter.doFilter(OncePerRequestFilter.java:110)
	at org.springframework.test.web.servlet.setup.MockMvcFilterDecorator.doFilter(MockMvcFilterDecorator.java:162)
	at org.springframework.mock.web.MockFilterChain.doFilter(MockFilterChain.java:132)
	at de.tum.cit.aet.artemis.core.security.filter.ApiVersionFilter.doFilter(ApiVersionFilter.java:55)
	at org.springframework.test.web.servlet.setup.MockMvcFilterDecorator.doFilter(MockMvcFilterDecorator.java:162)
	at org.springframework.mock.web.MockFilterChain.doFilter(MockFilterChain.java:132)
	at io.sentry.spring.jakarta.SentryUserFilter.doFilterInternal(SentryUserFilter.java:56)
	at org.springframework.web.filter.OncePerRequestFilter.doFilter(OncePerRequestFilter.java:116)
	at org.springframework.test.web.servlet.setup.MockMvcFilterDecorator.doFilter(MockMvcFilterDecorator.java:162)
	at org.springframework.mock.web.MockFilterChain.doFilter(MockFilterChain.java:132)
	at org.springframework.web.filter.CompositeFilter$VirtualFilterChain.doFilter(CompositeFilter.java:108)
	at org.springframework.security.web.FilterChainProxy.lambda$doFilterInternal$3(FilterChainProxy.java:231)
	at org.springframework.security.web.ObservationFilterChainDecorator$FilterObservation$SimpleFilterObservation.lambda$wrap$1(ObservationFilterChainDecorator.java:479)
	at org.springframework.security.web.ObservationFilterChainDecorator$AroundFilterObservation$SimpleAroundFilterObservation.lambda$wrap$1(ObservationFilterChainDecorator.java:340)
	at org.springframework.security.web.ObservationFilterChainDecorator.lambda$wrapSecured$0(ObservationFilterChainDecorator.java:82)
	at org.springframework.security.web.ObservationFilterChainDecorator$VirtualFilterChain.doFilter(ObservationFilterChainDecorator.java:128)
	at org.springframework.security.web.access.intercept.AuthorizationFilter.doFilter(AuthorizationFilter.java:101)
	at org.springframework.security.web.ObservationFilterChainDecorator$ObservationFilter.wrapFilter(ObservationFilterChainDecorator.java:240)
	at org.springframework.security.web.ObservationFilterChainDecorator$ObservationFilter.doFilter(ObservationFilterChainDecorator.java:227)
	at org.springframework.security.web.ObservationFilterChainDecorator$VirtualFilterChain.doFilter(ObservationFilterChainDecorator.java:137)
	at org.springframework.security.web.access.ExceptionTranslationFilter.doFilter(ExceptionTranslationFilter.java:126)
	at org.springframework.security.web.access.ExceptionTranslationFilter.doFilter(ExceptionTranslationFilter.java:120)
	at org.springframework.security.web.ObservationFilterChainDecorator$ObservationFilter.wrapFilter(ObservationFilterChainDecorator.java:240)
	at org.springframework.security.web.ObservationFilterChainDecorator$ObservationFilter.doFilter(ObservationFilterChainDecorator.java:227)
	at org.springframework.security.web.ObservationFilterChainDecorator$VirtualFilterChain.doFilter(ObservationFilterChainDecorator.java:137)
	at org.springframework.security.web.session.SessionManagementFilter.doFilter(SessionManagementFilter.java:131)
	at org.springframework.security.web.session.SessionManagementFilter.doFilter(SessionManagementFilter.java:85)
	at org.springframework.security.web.ObservationFilterChainDecorator$ObservationFilter.wrapFilter(ObservationFilterChainDecorator.java:240)
	at org.springframework.security.web.ObservationFilterChainDecorator$ObservationFilter.doFilter(ObservationFilterChainDecorator.java:227)
	at org.springframework.security.web.ObservationFilterChainDecorator$VirtualFilterChain.doFilter(ObservationFilterChainDecorator.java:137)
	at org.springframework.security.web.authentication.AnonymousAuthenticationFilter.doFilter(AnonymousAuthenticationFilter.java:100)
	at org.springframework.security.web.ObservationFilterChainDecorator$ObservationFilter.wrapFilter(ObservationFilterChainDecorator.java:240)
	at org.springframework.security.web.ObservationFilterChainDecorator$ObservationFilter.doFilter(ObservationFilterChainDecorator.java:227)
	at org.springframework.security.web.ObservationFilterChainDecorator$VirtualFilterChain.doFilter(ObservationFilterChainDecorator.java:137)
	at org.springframework.security.web.servletapi.SecurityContextHolderAwareRequestFilter.doFilter(SecurityContextHolderAwareRequestFilter.java:179)
	at org.springframework.security.web.ObservationFilterChainDecorator$ObservationFilter.wrapFilter(ObservationFilterChainDecorator.java:240)
	at org.springframework.security.web.ObservationFilterChainDecorator$ObservationFilter.doFilter(ObservationFilterChainDecorator.java:227)
	at org.springframework.security.web.ObservationFilterChainDecorator$VirtualFilterChain.doFilter(ObservationFilterChainDecorator.java:137)
	at org.springframework.security.web.savedrequest.RequestCacheAwareFilter.doFilter(RequestCacheAwareFilter.java:63)
	at org.springframework.security.web.ObservationFilterChainDecorator$ObservationFilter.wrapFilter(ObservationFilterChainDecorator.java:240)
	at org.springframework.security.web.ObservationFilterChainDecorator$ObservationFilter.doFilter(ObservationFilterChainDecorator.java:227)
	at org.springframework.security.web.ObservationFilterChainDecorator$VirtualFilterChain.doFilter(ObservationFilterChainDecorator.java:137)
	at de.tum.cit.aet.artemis.core.security.filter.SpaWebFilter.doFilterInternal(SpaWebFilter.java:23)
	at org.springframework.web.filter.OncePerRequestFilter.doFilter(OncePerRequestFilter.java:116)
	at org.springframework.security.web.ObservationFilterChainDecorator$ObservationFilter.wrapFilter(ObservationFilterChainDecorator.java:240)
	at org.springframework.security.web.ObservationFilterChainDecorator$ObservationFilter.doFilter(ObservationFilterChainDecorator.java:227)
	at org.springframework.security.web.ObservationFilterChainDecorator$VirtualFilterChain.doFilter(ObservationFilterChainDecorator.java:137)
	at org.springframework.web.filter.OncePerRequestFilter.doFilter(OncePerRequestFilter.java:110)
	at org.springframework.security.web.ObservationFilterChainDecorator$ObservationFilter.wrapFilter(ObservationFilterChainDecorator.java:240)
	at org.springframework.security.web.ObservationFilterChainDecorator$ObservationFilter.doFilter(ObservationFilterChainDecorator.java:227)
	at org.springframework.security.web.ObservationFilterChainDecorator$VirtualFilterChain.doFilter(ObservationFilterChainDecorator.java:137)
	at de.tum.cit.aet.artemis.lti.config.Lti13LaunchFilter.doFilterInternal(Lti13LaunchFilter.java:60)
	at org.springframework.web.filter.OncePerRequestFilter.doFilter(OncePerRequestFilter.java:116)
	at org.springframework.security.web.ObservationFilterChainDecorator$ObservationFilter.wrapFilter(ObservationFilterChainDecorator.java:240)
	at org.springframework.security.web.ObservationFilterChainDecorator$ObservationFilter.doFilter(ObservationFilterChainDecorator.java:227)
	at org.springframework.security.web.ObservationFilterChainDecorator$VirtualFilterChain.doFilter(ObservationFilterChainDecorator.java:137)
	at de.tum.cit.aet.artemis.core.security.jwt.JWTFilter.doFilter(JWTFilter.java:55)
	at org.springframework.security.web.ObservationFilterChainDecorator$ObservationFilter.wrapFilter(ObservationFilterChainDecorator.java:240)
	at org.springframework.security.web.ObservationFilterChainDecorator$ObservationFilter.doFilter(ObservationFilterChainDecorator.java:227)
	at org.springframework.security.web.ObservationFilterChainDecorator$VirtualFilterChain.doFilter(ObservationFilterChainDecorator.java:137)
	at de.tum.cit.aet.artemis.core.security.jwt.JWTFilter.doFilter(JWTFilter.java:55)
	at org.springframework.security.web.ObservationFilterChainDecorator$ObservationFilter.wrapFilter(ObservationFilterChainDecorator.java:240)
	at org.springframework.security.web.ObservationFilterChainDecorator$ObservationFilter.doFilter(ObservationFilterChainDecorator.java:227)
	at org.springframework.security.web.ObservationFilterChainDecorator$VirtualFilterChain.doFilter(ObservationFilterChainDecorator.java:137)
	at org.springframework.web.filter.CorsFilter.doFilterInternal(CorsFilter.java:91)
	at org.springframework.web.filter.OncePerRequestFilter.doFilter(OncePerRequestFilter.java:116)
	at org.springframework.security.web.ObservationFilterChainDecorator$ObservationFilter.wrapFilter(ObservationFilterChainDecorator.java:240)
	at org.springframework.security.web.ObservationFilterChainDecorator$ObservationFilter.doFilter(ObservationFilterChainDecorator.java:227)
	at org.springframework.security.web.ObservationFilterChainDecorator$VirtualFilterChain.doFilter(ObservationFilterChainDecorator.java:137)
	at org.springframework.web.filter.OncePerRequestFilter.doFilter(OncePerRequestFilter.java:110)
	at org.springframework.security.web.ObservationFilterChainDecorator$ObservationFilter.wrapFilter(ObservationFilterChainDecorator.java:240)
	at org.springframework.security.web.ObservationFilterChainDecorator$ObservationFilter.doFilter(ObservationFilterChainDecorator.java:227)
	at org.springframework.security.web.ObservationFilterChainDecorator$VirtualFilterChain.doFilter(ObservationFilterChainDecorator.java:137)
	at uk.ac.ox.ctl.lti13.security.oauth2.client.lti.web.OAuth2AuthorizationRequestRedirectFilter.doFilterInternal(OAuth2AuthorizationRequestRedirectFilter.java:142)
	at org.springframework.web.filter.OncePerRequestFilter.doFilter(OncePerRequestFilter.java:116)
	at org.springframework.security.web.ObservationFilterChainDecorator$ObservationFilter.wrapFilter(ObservationFilterChainDecorator.java:240)
	at org.springframework.security.web.ObservationFilterChainDecorator$ObservationFilter.doFilter(ObservationFilterChainDecorator.java:227)
	at org.springframework.security.web.ObservationFilterChainDecorator$VirtualFilterChain.doFilter(ObservationFilterChainDecorator.java:137)
	at org.springframework.security.web.authentication.logout.LogoutFilter.doFilter(LogoutFilter.java:107)
	at org.springframework.security.web.authentication.logout.LogoutFilter.doFilter(LogoutFilter.java:93)
	at org.springframework.security.web.ObservationFilterChainDecorator$ObservationFilter.wrapFilter(ObservationFilterChainDecorator.java:240)
	at org.springframework.security.web.ObservationFilterChainDecorator$ObservationFilter.doFilter(ObservationFilterChainDecorator.java:227)
	at org.springframework.security.web.ObservationFilterChainDecorator$VirtualFilterChain.doFilter(ObservationFilterChainDecorator.java:137)
	at org.springframework.security.web.header.HeaderWriterFilter.doHeadersAfter(HeaderWriterFilter.java:90)
	at org.springframework.security.web.header.HeaderWriterFilter.doFilterInternal(HeaderWriterFilter.java:75)
	at org.springframework.web.filter.OncePerRequestFilter.doFilter(OncePerRequestFilter.java:116)
	at org.springframework.security.web.ObservationFilterChainDecorator$ObservationFilter.wrapFilter(ObservationFilterChainDecorator.java:240)
	at org.springframework.security.web.ObservationFilterChainDecorator$ObservationFilter.doFilter(ObservationFilterChainDecorator.java:227)
	at org.springframework.security.web.ObservationFilterChainDecorator$VirtualFilterChain.doFilter(ObservationFilterChainDecorator.java:137)
	at org.springframework.security.web.context.SecurityContextHolderFilter.doFilter(SecurityContextHolderFilter.java:82)
	at org.springframework.security.web.context.SecurityContextHolderFilter.doFilter(SecurityContextHolderFilter.java:69)
	at org.springframework.security.web.ObservationFilterChainDecorator$ObservationFilter.wrapFilter(ObservationFilterChainDecorator.java:240)
	at org.springframework.security.web.ObservationFilterChainDecorator$ObservationFilter.doFilter(ObservationFilterChainDecorator.java:227)
	at org.springframework.security.web.ObservationFilterChainDecorator$VirtualFilterChain.doFilter(ObservationFilterChainDecorator.java:137)
	at org.springframework.security.web.context.request.async.WebAsyncManagerIntegrationFilter.doFilterInternal(WebAsyncManagerIntegrationFilter.java:62)
	at org.springframework.web.filter.OncePerRequestFilter.doFilter(OncePerRequestFilter.java:116)
	at org.springframework.security.web.ObservationFilterChainDecorator$ObservationFilter.wrapFilter(ObservationFilterChainDecorator.java:240)
	at org.springframework.security.web.ObservationFilterChainDecorator$ObservationFilter.doFilter(ObservationFilterChainDecorator.java:227)
	at org.springframework.security.web.ObservationFilterChainDecorator$VirtualFilterChain.doFilter(ObservationFilterChainDecorator.java:137)
	at org.springframework.security.web.session.DisableEncodeUrlFilter.doFilterInternal(DisableEncodeUrlFilter.java:42)
	at org.springframework.web.filter.OncePerRequestFilter.doFilter(OncePerRequestFilter.java:116)
	at org.springframework.security.web.ObservationFilterChainDecorator$ObservationFilter.wrapFilter(ObservationFilterChainDecorator.java:240)
	at org.springframework.security.web.ObservationFilterChainDecorator$AroundFilterObservation$SimpleAroundFilterObservation.lambda$wrap$0(ObservationFilterChainDecorator.java:323)
	at org.springframework.security.web.ObservationFilterChainDecorator$ObservationFilter.doFilter(ObservationFilterChainDecorator.java:224)
	at org.springframework.security.web.ObservationFilterChainDecorator$VirtualFilterChain.doFilter(ObservationFilterChainDecorator.java:137)
	at org.springframework.security.web.FilterChainProxy.doFilterInternal(FilterChainProxy.java:233)
	at org.springframework.security.web.FilterChainProxy.doFilter(FilterChainProxy.java:191)
	at org.springframework.web.filter.CompositeFilter$VirtualFilterChain.doFilter(CompositeFilter.java:113)
	at org.springframework.web.servlet.handler.HandlerMappingIntrospector.lambda$createCacheFilter$3(HandlerMappingIntrospector.java:243)
	at org.springframework.web.filter.CompositeFilter$VirtualFilterChain.doFilter(CompositeFilter.java:113)
	at org.springframework.web.filter.CompositeFilter.doFilter(CompositeFilter.java:74)
	at org.springframework.security.config.annotation.web.configuration.WebMvcSecurityConfiguration$CompositeFilterChainProxy.doFilter(WebMvcSecurityConfiguration.java:238)
	at org.springframework.web.filter.DelegatingFilterProxy.invokeDelegate(DelegatingFilterProxy.java:362)
	at org.springframework.web.filter.DelegatingFilterProxy.doFilter(DelegatingFilterProxy.java:278)
	at org.springframework.test.web.servlet.setup.MockMvcFilterDecorator.doFilter(MockMvcFilterDecorator.java:162)
	at org.springframework.mock.web.MockFilterChain.doFilter(MockFilterChain.java:132)
	at org.springframework.web.filter.RequestContextFilter.doFilterInternal(RequestContextFilter.java:100)
	at org.springframework.web.filter.OncePerRequestFilter.doFilter(OncePerRequestFilter.java:116)
	at org.springframework.test.web.servlet.setup.MockMvcFilterDecorator.doFilter(MockMvcFilterDecorator.java:162)
	at org.springframework.mock.web.MockFilterChain.doFilter(MockFilterChain.java:132)
	at org.springframework.web.filter.FormContentFilter.doFilterInternal(FormContentFilter.java:93)
	at org.springframework.web.filter.OncePerRequestFilter.doFilter(OncePerRequestFilter.java:116)
	at org.springframework.test.web.servlet.setup.MockMvcFilterDecorator.doFilter(MockMvcFilterDecorator.java:162)
	at org.springframework.mock.web.MockFilterChain.doFilter(MockFilterChain.java:132)
	at org.springframework.web.filter.ServerHttpObservationFilter.doFilterInternal(ServerHttpObservationFilter.java:114)
	at org.springframework.web.filter.OncePerRequestFilter.doFilter(OncePerRequestFilter.java:116)
	at org.springframework.test.web.servlet.setup.MockMvcFilterDecorator.doFilter(MockMvcFilterDecorator.java:162)
	at org.springframework.mock.web.MockFilterChain.doFilter(MockFilterChain.java:132)
	at io.sentry.spring.jakarta.tracing.SentryTracingFilter.doFilterInternal(SentryTracingFilter.java:91)
	at org.springframework.web.filter.OncePerRequestFilter.doFilter(OncePerRequestFilter.java:116)
	at org.springframework.test.web.servlet.setup.MockMvcFilterDecorator.doFilter(MockMvcFilterDecorator.java:162)
	at org.springframework.mock.web.MockFilterChain.doFilter(MockFilterChain.java:132)
	at org.springframework.web.filter.CharacterEncodingFilter.doFilterInternal(CharacterEncodingFilter.java:201)
	at org.springframework.web.filter.OncePerRequestFilter.doFilter(OncePerRequestFilter.java:116)
	at org.springframework.test.web.servlet.setup.MockMvcFilterDecorator.doFilter(MockMvcFilterDecorator.java:162)
	at org.springframework.mock.web.MockFilterChain.doFilter(MockFilterChain.java:132)
	at io.sentry.spring.jakarta.SentrySpringFilter.doFilterInternal(SentrySpringFilter.java:76)
	at org.springframework.web.filter.OncePerRequestFilter.doFilter(OncePerRequestFilter.java:116)
	at org.springframework.test.web.servlet.setup.MockMvcFilterDecorator.doFilter(MockMvcFilterDecorator.java:162)
	at org.springframework.mock.web.MockFilterChain.doFilter(MockFilterChain.java:132)
	at org.springframework.test.web.servlet.MockMvc.perform(MockMvc.java:201)
	at de.tum.cit.aet.artemis.core.util.RequestUtilService.performMvcRequest(RequestUtilService.java:79)
	at de.tum.cit.aet.artemis.core.util.RequestUtilService.postWithoutLocation(RequestUtilService.java:213)
	at de.tum.cit.aet.artemis.core.util.RequestUtilService.postWithoutLocation(RequestUtilService.java:199)
	at de.tum.cit.aet.artemis.programming.ProgrammingSubmissionIntegrationTest.triggerFailedBuild_CIException(ProgrammingSubmissionIntegrationTest.java:402)
	at java.base/jdk.internal.reflect.DirectMethodHandleAccessor.invoke(DirectMethodHandleAccessor.java:103)
	at java.base/java.lang.reflect.Method.invoke(Method.java:580)
	at org.junit.platform.commons.util.ReflectionUtils.invokeMethod(ReflectionUtils.java:767)
	at org.junit.jupiter.engine.execution.MethodInvocation.proceed(MethodInvocation.java:60)
	at org.junit.jupiter.engine.execution.InvocationInterceptorChain$ValidatingInvocation.proceed(InvocationInterceptorChain.java:131)
	at org.junit.jupiter.engine.extension.TimeoutExtension.intercept(TimeoutExtension.java:156)
	at org.junit.jupiter.engine.extension.TimeoutExtension.interceptTestableMethod(TimeoutExtension.java:147)
	at org.junit.jupiter.engine.extension.TimeoutExtension.interceptTestMethod(TimeoutExtension.java:86)
	at org.junit.jupiter.engine.execution.InterceptingExecutableInvoker$ReflectiveInterceptorCall.lambda$ofVoidMethod$0(InterceptingExecutableInvoker.java:103)
	at org.junit.jupiter.engine.execution.InterceptingExecutableInvoker.lambda$invoke$0(InterceptingExecutableInvoker.java:93)
	at org.junit.jupiter.engine.execution.InvocationInterceptorChain$InterceptedInvocation.proceed(InvocationInterceptorChain.java:106)
	at org.junit.jupiter.engine.execution.InvocationInterceptorChain.proceed(InvocationInterceptorChain.java:64)
	at org.junit.jupiter.engine.execution.InvocationInterceptorChain.chainAndInvoke(InvocationInterceptorChain.java:45)
	at org.junit.jupiter.engine.execution.InvocationInterceptorChain.invoke(InvocationInterceptorChain.java:37)
	at org.junit.jupiter.engine.execution.InterceptingExecutableInvoker.invoke(InterceptingExecutableInvoker.java:92)
	at org.junit.jupiter.engine.execution.InterceptingExecutableInvoker.invoke(InterceptingExecutableInvoker.java:86)
	at org.junit.jupiter.engine.descriptor.TestMethodTestDescriptor.lambda$invokeTestMethod$8(TestMethodTestDescriptor.java:217)
	at org.junit.platform.engine.support.hierarchical.ThrowableCollector.execute(ThrowableCollector.java:73)
	at org.junit.jupiter.engine.descriptor.TestMethodTestDescriptor.invokeTestMethod(TestMethodTestDescriptor.java:213)
	at org.junit.jupiter.engine.descriptor.TestMethodTestDescriptor.execute(TestMethodTestDescriptor.java:138)
	at org.junit.jupiter.engine.descriptor.TestMethodTestDescriptor.execute(TestMethodTestDescriptor.java:68)
	at org.junit.platform.engine.support.hierarchical.NodeTestTask.lambda$executeRecursively$6(NodeTestTask.java:156)
	at org.junit.platform.engine.support.hierarchical.ThrowableCollector.execute(ThrowableCollector.java:73)
	at org.junit.platform.engine.support.hierarchical.NodeTestTask.lambda$executeRecursively$8(NodeTestTask.java:146)
	at org.junit.platform.engine.support.hierarchical.Node.around(Node.java:137)
	at org.junit.platform.engine.support.hierarchical.NodeTestTask.lambda$executeRecursively$9(NodeTestTask.java:144)
	at org.junit.platform.engine.support.hierarchical.ThrowableCollector.execute(ThrowableCollector.java:73)
	at org.junit.platform.engine.support.hierarchical.NodeTestTask.executeRecursively(NodeTestTask.java:143)
	at org.junit.platform.engine.support.hierarchical.NodeTestTask.execute(NodeTestTask.java:100)
	at org.junit.platform.engine.support.hierarchical.ForkJoinPoolHierarchicalTestExecutorService$ExclusiveTask.exec(ForkJoinPoolHierarchicalTestExecutorService.java:274)
	at org.junit.platform.engine.support.hierarchical.ForkJoinPoolHierarchicalTestExecutorService$ExclusiveTask.execSync(ForkJoinPoolHierarchicalTestExecutorService.java:247)
	at org.junit.platform.engine.support.hierarchical.ForkJoinPoolHierarchicalTestExecutorService.executeSync(ForkJoinPoolHierarchicalTestExecutorService.java:194)
	at org.junit.platform.engine.support.hierarchical.ForkJoinPoolHierarchicalTestExecutorService.invokeAll(ForkJoinPoolHierarchicalTestExecutorService.java:166)
	at org.junit.platform.engine.support.hierarchical.NodeTestTask.lambda$executeRecursively$6(NodeTestTask.java:160)
	at org.junit.platform.engine.support.hierarchical.ThrowableCollector.execute(ThrowableCollector.java:73)
	at org.junit.platform.engine.support.hierarchical.NodeTestTask.lambda$executeRecursively$8(NodeTestTask.java:146)
	at org.junit.platform.engine.support.hierarchical.Node.around(Node.java:137)
	at org.junit.platform.engine.support.hierarchical.NodeTestTask.lambda$executeRecursively$9(NodeTestTask.java:144)
	at org.junit.platform.engine.support.hierarchical.ThrowableCollector.execute(ThrowableCollector.java:73)
	at org.junit.platform.engine.support.hierarchical.NodeTestTask.executeRecursively(NodeTestTask.java:143)
	at org.junit.platform.engine.support.hierarchical.NodeTestTask.execute(NodeTestTask.java:100)
	at org.junit.platform.engine.support.hierarchical.ForkJoinPoolHierarchicalTestExecutorService$ExclusiveTask.exec(ForkJoinPoolHierarchicalTestExecutorService.java:274)
	at java.base/java.util.concurrent.ForkJoinTask.doExec(ForkJoinTask.java:387)
	at java.base/java.util.concurrent.ForkJoinPool$WorkQueue.topLevelExec(ForkJoinPool.java:1312)
	at java.base/java.util.concurrent.ForkJoinPool.scan(ForkJoinPool.java:1843)
	at java.base/java.util.concurrent.ForkJoinPool.runWorker(ForkJoinPool.java:1808)
	at java.base/java.util.concurrent.ForkJoinWorkerThread.run(ForkJoinWorkerThread.java:188)
    23:49:09.587 | 464 ool-1-worker-228 | ERROR | .a.a.p.s.j.b.JenkinsBuildPlanService : Pipeline Script not found
java.lang.IllegalArgumentException: Pipeline Script not found
	at de.tum.cit.aet.artemis.programming.service.jenkins.build_plan.JenkinsBuildPlanUtils.replaceScriptParameters(JenkinsBuildPlanUtils.java:29)
	at de.tum.cit.aet.artemis.programming.service.jenkins.build_plan.JenkinsBuildPlanService.updateBuildPlanRepositories(JenkinsBuildPlanService.java:219)
	at de.tum.cit.aet.artemis.programming.service.jenkins.build_plan.JenkinsBuildPlanService.configureBuildPlanForParticipation(JenkinsBuildPlanService.java:196)
	at de.tum.cit.aet.artemis.programming.service.jenkins.JenkinsService.configureBuildPlan(JenkinsService.java:138)
	at java.base/java.lang.invoke.MethodHandle.invokeWithArguments(MethodHandle.java:733)
	at org.mockito.internal.util.reflection.InstrumentationMemberAccessor$Dispatcher$ByteBuddy$oog9jsgw.invokeWithArguments(Unknown Source)
	at org.mockito.internal.util.reflection.InstrumentationMemberAccessor.invoke(InstrumentationMemberAccessor.java:251)
	at org.mockito.internal.util.reflection.ModuleMemberAccessor.invoke(ModuleMemberAccessor.java:55)
	at org.mockito.internal.creation.bytebuddy.MockMethodAdvice.tryInvoke(MockMethodAdvice.java:314)
	at org.mockito.internal.creation.bytebuddy.MockMethodAdvice$RealMethodCall.invoke(MockMethodAdvice.java:234)
	at org.mockito.internal.invocation.InterceptedInvocation.callRealMethod(InterceptedInvocation.java:142)
	at org.mockito.internal.stubbing.answers.CallsRealMethods.answer(CallsRealMethods.java:45)
	at org.mockito.Answers.answer(Answers.java:90)
	at org.mockito.internal.handler.MockHandlerImpl.handle(MockHandlerImpl.java:111)
	at org.mockito.internal.handler.NullResultGuardian.handle(NullResultGuardian.java:29)
	at org.mockito.internal.handler.InvocationNotifierHandler.handle(InvocationNotifierHandler.java:34)
	at org.mockito.internal.creation.bytebuddy.MockMethodInterceptor.doIntercept(MockMethodInterceptor.java:82)
	at org.mockito.internal.creation.bytebuddy.MockMethodAdvice.handle(MockMethodAdvice.java:134)
	at de.tum.cit.aet.artemis.programming.service.jenkins.JenkinsService.configureBuildPlan(JenkinsService.java:138)
	at de.tum.cit.aet.artemis.exercise.service.ParticipationService.configureBuildPlan(ParticipationService.java:532)
	at de.tum.cit.aet.artemis.exercise.service.ParticipationService.resumeProgrammingExercise(ParticipationService.java:445)
	at de.tum.cit.aet.artemis.programming.service.ProgrammingTriggerService.triggerBuildAndNotifyUser(ProgrammingTriggerService.java:275)
	at java.base/java.lang.invoke.MethodHandle.invokeWithArguments(MethodHandle.java:733)
	at org.mockito.internal.util.reflection.InstrumentationMemberAccessor$Dispatcher$ByteBuddy$oog9jsgw.invokeWithArguments(Unknown Source)
	at org.mockito.internal.util.reflection.InstrumentationMemberAccessor.invoke(InstrumentationMemberAccessor.java:251)
	at org.mockito.internal.util.reflection.ModuleMemberAccessor.invoke(ModuleMemberAccessor.java:55)
	at org.mockito.internal.creation.bytebuddy.MockMethodAdvice.tryInvoke(MockMethodAdvice.java:314)
	at org.mockito.internal.creation.bytebuddy.MockMethodAdvice$RealMethodCall.invoke(MockMethodAdvice.java:234)
	at org.mockito.internal.invocation.InterceptedInvocation.callRealMethod(InterceptedInvocation.java:142)
	at org.mockito.internal.stubbing.answers.CallsRealMethods.answer(CallsRealMethods.java:45)
	at org.mockito.Answers.answer(Answers.java:90)
	at org.mockito.internal.handler.MockHandlerImpl.handle(MockHandlerImpl.java:111)
	at org.mockito.internal.handler.NullResultGuardian.handle(NullResultGuardian.java:29)
	at org.mockito.internal.handler.InvocationNotifierHandler.handle(InvocationNotifierHandler.java:34)
	at org.mockito.internal.creation.bytebuddy.MockMethodInterceptor.doIntercept(MockMethodInterceptor.java:82)
	at org.mockito.internal.creation.bytebuddy.MockMethodAdvice.handle(MockMethodAdvice.java:134)
	at de.tum.cit.aet.artemis.programming.service.ProgrammingTriggerService.triggerBuildAndNotifyUser(ProgrammingTriggerService.java:269)
	at java.base/jdk.internal.reflect.DirectMethodHandleAccessor.invoke(DirectMethodHandleAccessor.java:103)
	at java.base/java.lang.reflect.Method.invoke(Method.java:580)
	at org.springframework.aop.support.AopUtils.invokeJoinpointUsingReflection(AopUtils.java:359)
	at org.springframework.aop.framework.CglibAopProxy$DynamicAdvisedInterceptor.intercept(CglibAopProxy.java:723)
	at de.tum.cit.aet.artemis.programming.service.ProgrammingTriggerService$$SpringCGLIB$$0.triggerBuildAndNotifyUser(<generated>)
	at de.tum.cit.aet.artemis.programming.web.ProgrammingSubmissionResource.triggerFailedBuild(ProgrammingSubmissionResource.java:202)
	at java.base/jdk.internal.reflect.DirectMethodHandleAccessor.invoke(DirectMethodHandleAccessor.java:103)
	at java.base/java.lang.reflect.Method.invoke(Method.java:580)
	at org.springframework.aop.support.AopUtils.invokeJoinpointUsingReflection(AopUtils.java:359)
	at org.springframework.aop.framework.ReflectiveMethodInvocation.invokeJoinpoint(ReflectiveMethodInvocation.java:196)
	at org.springframework.aop.framework.ReflectiveMethodInvocation.proceed(ReflectiveMethodInvocation.java:163)
	at org.springframework.aop.aspectj.MethodInvocationProceedingJoinPoint.proceed(MethodInvocationProceedingJoinPoint.java:89)
	at de.tum.cit.aet.artemis.core.service.feature.FeatureToggleAspect.around(FeatureToggleAspect.java:50)
	at java.base/jdk.internal.reflect.DirectMethodHandleAccessor.invoke(DirectMethodHandleAccessor.java:103)
	at java.base/java.lang.reflect.Method.invoke(Method.java:580)
	at org.springframework.aop.aspectj.AbstractAspectJAdvice.invokeAdviceMethodWithGivenArgs(AbstractAspectJAdvice.java:638)
	at org.springframework.aop.aspectj.AbstractAspectJAdvice.invokeAdviceMethod(AbstractAspectJAdvice.java:628)
	at org.springframework.aop.aspectj.AspectJAroundAdvice.invoke(AspectJAroundAdvice.java:71)
	at org.springframework.aop.framework.ReflectiveMethodInvocation.proceed(ReflectiveMethodInvocation.java:173)
	at org.springframework.security.authorization.method.AuthorizationManagerBeforeMethodInterceptor.proceed(AuthorizationManagerBeforeMethodInterceptor.java:268)
	at org.springframework.security.authorization.method.AuthorizationManagerBeforeMethodInterceptor.attemptAuthorization(AuthorizationManagerBeforeMethodInterceptor.java:263)
	at org.springframework.security.authorization.method.AuthorizationManagerBeforeMethodInterceptor.invoke(AuthorizationManagerBeforeMethodInterceptor.java:196)
	at org.springframework.security.config.annotation.method.configuration.DeferringMethodInterceptor.invoke(DeferringMethodInterceptor.java:44)
	at org.springframework.aop.framework.ReflectiveMethodInvocation.proceed(ReflectiveMethodInvocation.java:184)
	at org.springframework.aop.interceptor.ExposeInvocationInterceptor.invoke(ExposeInvocationInterceptor.java:97)
	at org.springframework.aop.framework.ReflectiveMethodInvocation.proceed(ReflectiveMethodInvocation.java:184)
	at org.springframework.aop.framework.CglibAopProxy$DynamicAdvisedInterceptor.intercept(CglibAopProxy.java:727)
	at de.tum.cit.aet.artemis.programming.web.ProgrammingSubmissionResource$$SpringCGLIB$$0.triggerFailedBuild(<generated>)
	at java.base/jdk.internal.reflect.DirectMethodHandleAccessor.invoke(DirectMethodHandleAccessor.java:103)
	at java.base/java.lang.reflect.Method.invoke(Method.java:580)
	at org.springframework.web.method.support.InvocableHandlerMethod.doInvoke(InvocableHandlerMethod.java:257)
	at org.springframework.web.method.support.InvocableHandlerMethod.invokeForRequest(InvocableHandlerMethod.java:190)
	at org.springframework.web.servlet.mvc.method.annotation.ServletInvocableHandlerMethod.invokeAndHandle(ServletInvocableHandlerMethod.java:118)
	at org.springframework.web.servlet.mvc.method.annotation.RequestMappingHandlerAdapter.invokeHandlerMethod(RequestMappingHandlerAdapter.java:986)
	at org.springframework.web.servlet.mvc.method.annotation.RequestMappingHandlerAdapter.handleInternal(RequestMappingHandlerAdapter.java:891)
	at org.springframework.web.servlet.mvc.method.AbstractHandlerMethodAdapter.handle(AbstractHandlerMethodAdapter.java:87)
	at org.springframework.web.servlet.DispatcherServlet.doDispatch(DispatcherServlet.java:1088)
	at org.springframework.web.servlet.DispatcherServlet.doService(DispatcherServlet.java:978)
	at org.springframework.web.servlet.FrameworkServlet.processRequest(FrameworkServlet.java:1014)
	at org.springframework.web.servlet.FrameworkServlet.doPost(FrameworkServlet.java:914)
	at jakarta.servlet.http.HttpServlet.service(HttpServlet.java:547)
	at org.springframework.web.servlet.FrameworkServlet.service(FrameworkServlet.java:885)
	at org.springframework.test.web.servlet.TestDispatcherServlet.service(TestDispatcherServlet.java:72)
	at jakarta.servlet.http.HttpServlet.service(HttpServlet.java:614)
	at org.springframework.mock.web.MockFilterChain$ServletFilterProxy.doFilter(MockFilterChain.java:165)
	at org.springframework.mock.web.MockFilterChain.doFilter(MockFilterChain.java:132)
	at org.springframework.web.filter.OncePerRequestFilter.doFilter(OncePerRequestFilter.java:110)
	at org.springframework.test.web.servlet.setup.MockMvcFilterDecorator.doFilter(MockMvcFilterDecorator.java:162)
	at org.springframework.mock.web.MockFilterChain.doFilter(MockFilterChain.java:132)
	at de.tum.cit.aet.artemis.core.security.filter.ApiVersionFilter.doFilter(ApiVersionFilter.java:55)
	at org.springframework.test.web.servlet.setup.MockMvcFilterDecorator.doFilter(MockMvcFilterDecorator.java:162)
	at org.springframework.mock.web.MockFilterChain.doFilter(MockFilterChain.java:132)
	at io.sentry.spring.jakarta.SentryUserFilter.doFilterInternal(SentryUserFilter.java:56)
	at org.springframework.web.filter.OncePerRequestFilter.doFilter(OncePerRequestFilter.java:116)
	at org.springframework.test.web.servlet.setup.MockMvcFilterDecorator.doFilter(MockMvcFilterDecorator.java:162)
	at org.springframework.mock.web.MockFilterChain.doFilter(MockFilterChain.java:132)
	at org.springframework.web.filter.CompositeFilter$VirtualFilterChain.doFilter(CompositeFilter.java:108)
	at org.springframework.security.web.FilterChainProxy.lambda$doFilterInternal$3(FilterChainProxy.java:231)
	at org.springframework.security.web.ObservationFilterChainDecorator$FilterObservation$SimpleFilterObservation.lambda$wrap$1(ObservationFilterChainDecorator.java:479)
	at org.springframework.security.web.ObservationFilterChainDecorator$AroundFilterObservation$SimpleAroundFilterObservation.lambda$wrap$1(ObservationFilterChainDecorator.java:340)
	at org.springframework.security.web.ObservationFilterChainDecorator.lambda$wrapSecured$0(ObservationFilterChainDecorator.java:82)
	at org.springframework.security.web.ObservationFilterChainDecorator$VirtualFilterChain.doFilter(ObservationFilterChainDecorator.java:128)
	at org.springframework.security.web.access.intercept.AuthorizationFilter.doFilter(AuthorizationFilter.java:101)
	at org.springframework.security.web.ObservationFilterChainDecorator$ObservationFilter.wrapFilter(ObservationFilterChainDecorator.java:240)
	at org.springframework.security.web.ObservationFilterChainDecorator$ObservationFilter.doFilter(ObservationFilterChainDecorator.java:227)
	at org.springframework.security.web.ObservationFilterChainDecorator$VirtualFilterChain.doFilter(ObservationFilterChainDecorator.java:137)
	at org.springframework.security.web.access.ExceptionTranslationFilter.doFilter(ExceptionTranslationFilter.java:126)
	at org.springframework.security.web.access.ExceptionTranslationFilter.doFilter(ExceptionTranslationFilter.java:120)
	at org.springframework.security.web.ObservationFilterChainDecorator$ObservationFilter.wrapFilter(ObservationFilterChainDecorator.java:240)
	at org.springframework.security.web.ObservationFilterChainDecorator$ObservationFilter.doFilter(ObservationFilterChainDecorator.java:227)
	at org.springframework.security.web.ObservationFilterChainDecorator$VirtualFilterChain.doFilter(ObservationFilterChainDecorator.java:137)
	at org.springframework.security.web.session.SessionManagementFilter.doFilter(SessionManagementFilter.java:131)
	at org.springframework.security.web.session.SessionManagementFilter.doFilter(SessionManagementFilter.java:85)
	at org.springframework.security.web.ObservationFilterChainDecorator$ObservationFilter.wrapFilter(ObservationFilterChainDecorator.java:240)
	at org.springframework.security.web.ObservationFilterChainDecorator$ObservationFilter.doFilter(ObservationFilterChainDecorator.java:227)
	at org.springframework.security.web.ObservationFilterChainDecorator$VirtualFilterChain.doFilter(ObservationFilterChainDecorator.java:137)
	at org.springframework.security.web.authentication.AnonymousAuthenticationFilter.doFilter(AnonymousAuthenticationFilter.java:100)
	at org.springframework.security.web.ObservationFilterChainDecorator$ObservationFilter.wrapFilter(ObservationFilterChainDecorator.java:240)
	at org.springframework.security.web.ObservationFilterChainDecorator$ObservationFilter.doFilter(ObservationFilterChainDecorator.java:227)
	at org.springframework.security.web.ObservationFilterChainDecorator$VirtualFilterChain.doFilter(ObservationFilterChainDecorator.java:137)
	at org.springframework.security.web.servletapi.SecurityContextHolderAwareRequestFilter.doFilter(SecurityContextHolderAwareRequestFilter.java:179)
	at org.springframework.security.web.ObservationFilterChainDecorator$ObservationFilter.wrapFilter(ObservationFilterChainDecorator.java:240)
	at org.springframework.security.web.ObservationFilterChainDecorator$ObservationFilter.doFilter(ObservationFilterChainDecorator.java:227)
	at org.springframework.security.web.ObservationFilterChainDecorator$VirtualFilterChain.doFilter(ObservationFilterChainDecorator.java:137)
	at org.springframework.security.web.savedrequest.RequestCacheAwareFilter.doFilter(RequestCacheAwareFilter.java:63)
	at org.springframework.security.web.ObservationFilterChainDecorator$ObservationFilter.wrapFilter(ObservationFilterChainDecorator.java:240)
	at org.springframework.security.web.ObservationFilterChainDecorator$ObservationFilter.doFilter(ObservationFilterChainDecorator.java:227)
	at org.springframework.security.web.ObservationFilterChainDecorator$VirtualFilterChain.doFilter(ObservationFilterChainDecorator.java:137)
	at de.tum.cit.aet.artemis.core.security.filter.SpaWebFilter.doFilterInternal(SpaWebFilter.java:23)
	at org.springframework.web.filter.OncePerRequestFilter.doFilter(OncePerRequestFilter.java:116)
	at org.springframework.security.web.ObservationFilterChainDecorator$ObservationFilter.wrapFilter(ObservationFilterChainDecorator.java:240)
	at org.springframework.security.web.ObservationFilterChainDecorator$ObservationFilter.doFilter(ObservationFilterChainDecorator.java:227)
	at org.springframework.security.web.ObservationFilterChainDecorator$VirtualFilterChain.doFilter(ObservationFilterChainDecorator.java:137)
	at org.springframework.web.filter.OncePerRequestFilter.doFilter(OncePerRequestFilter.java:110)
	at org.springframework.security.web.ObservationFilterChainDecorator$ObservationFilter.wrapFilter(ObservationFilterChainDecorator.java:240)
	at org.springframework.security.web.ObservationFilterChainDecorator$ObservationFilter.doFilter(ObservationFilterChainDecorator.java:227)
	at org.springframework.security.web.ObservationFilterChainDecorator$VirtualFilterChain.doFilter(ObservationFilterChainDecorator.java:137)
	at de.tum.cit.aet.artemis.lti.config.Lti13LaunchFilter.doFilterInternal(Lti13LaunchFilter.java:60)
	at org.springframework.web.filter.OncePerRequestFilter.doFilter(OncePerRequestFilter.java:116)
	at org.springframework.security.web.ObservationFilterChainDecorator$ObservationFilter.wrapFilter(ObservationFilterChainDecorator.java:240)
	at org.springframework.security.web.ObservationFilterChainDecorator$ObservationFilter.doFilter(ObservationFilterChainDecorator.java:227)
	at org.springframework.security.web.ObservationFilterChainDecorator$VirtualFilterChain.doFilter(ObservationFilterChainDecorator.java:137)
	at de.tum.cit.aet.artemis.core.security.jwt.JWTFilter.doFilter(JWTFilter.java:55)
	at org.springframework.security.web.ObservationFilterChainDecorator$ObservationFilter.wrapFilter(ObservationFilterChainDecorator.java:240)
	at org.springframework.security.web.ObservationFilterChainDecorator$ObservationFilter.doFilter(ObservationFilterChainDecorator.java:227)
	at org.springframework.security.web.ObservationFilterChainDecorator$VirtualFilterChain.doFilter(ObservationFilterChainDecorator.java:137)
	at de.tum.cit.aet.artemis.core.security.jwt.JWTFilter.doFilter(JWTFilter.java:55)
	at org.springframework.security.web.ObservationFilterChainDecorator$ObservationFilter.wrapFilter(ObservationFilterChainDecorator.java:240)
	at org.springframework.security.web.ObservationFilterChainDecorator$ObservationFilter.doFilter(ObservationFilterChainDecorator.java:227)
	at org.springframework.security.web.ObservationFilterChainDecorator$VirtualFilterChain.doFilter(ObservationFilterChainDecorator.java:137)
	at org.springframework.web.filter.CorsFilter.doFilterInternal(CorsFilter.java:91)
	at org.springframework.web.filter.OncePerRequestFilter.doFilter(OncePerRequestFilter.java:116)
	at org.springframework.security.web.ObservationFilterChainDecorator$ObservationFilter.wrapFilter(ObservationFilterChainDecorator.java:240)
	at org.springframework.security.web.ObservationFilterChainDecorator$ObservationFilter.doFilter(ObservationFilterChainDecorator.java:227)
	at org.springframework.security.web.ObservationFilterChainDecorator$VirtualFilterChain.doFilter(ObservationFilterChainDecorator.java:137)
	at org.springframework.web.filter.OncePerRequestFilter.doFilter(OncePerRequestFilter.java:110)
	at org.springframework.security.web.ObservationFilterChainDecorator$ObservationFilter.wrapFilter(ObservationFilterChainDecorator.java:240)
	at org.springframework.security.web.ObservationFilterChainDecorator$ObservationFilter.doFilter(ObservationFilterChainDecorator.java:227)
	at org.springframework.security.web.ObservationFilterChainDecorator$VirtualFilterChain.doFilter(ObservationFilterChainDecorator.java:137)
	at uk.ac.ox.ctl.lti13.security.oauth2.client.lti.web.OAuth2AuthorizationRequestRedirectFilter.doFilterInternal(OAuth2AuthorizationRequestRedirectFilter.java:142)
	at org.springframework.web.filter.OncePerRequestFilter.doFilter(OncePerRequestFilter.java:116)
	at org.springframework.security.web.ObservationFilterChainDecorator$ObservationFilter.wrapFilter(ObservationFilterChainDecorator.java:240)
	at org.springframework.security.web.ObservationFilterChainDecorator$ObservationFilter.doFilter(ObservationFilterChainDecorator.java:227)
	at org.springframework.security.web.ObservationFilterChainDecorator$VirtualFilterChain.doFilter(ObservationFilterChainDecorator.java:137)
	at org.springframework.security.web.authentication.logout.LogoutFilter.doFilter(LogoutFilter.java:107)
	at org.springframework.security.web.authentication.logout.LogoutFilter.doFilter(LogoutFilter.java:93)
	at org.springframework.security.web.ObservationFilterChainDecorator$ObservationFilter.wrapFilter(ObservationFilterChainDecorator.java:240)
	at org.springframework.security.web.ObservationFilterChainDecorator$ObservationFilter.doFilter(ObservationFilterChainDecorator.java:227)
	at org.springframework.security.web.ObservationFilterChainDecorator$VirtualFilterChain.doFilter(ObservationFilterChainDecorator.java:137)
	at org.springframework.security.web.header.HeaderWriterFilter.doHeadersAfter(HeaderWriterFilter.java:90)
	at org.springframework.security.web.header.HeaderWriterFilter.doFilterInternal(HeaderWriterFilter.java:75)
	at org.springframework.web.filter.OncePerRequestFilter.doFilter(OncePerRequestFilter.java:116)
	at org.springframework.security.web.ObservationFilterChainDecorator$ObservationFilter.wrapFilter(ObservationFilterChainDecorator.java:240)
	at org.springframework.security.web.ObservationFilterChainDecorator$ObservationFilter.doFilter(ObservationFilterChainDecorator.java:227)
	at org.springframework.security.web.ObservationFilterChainDecorator$VirtualFilterChain.doFilter(ObservationFilterChainDecorator.java:137)
	at org.springframework.security.web.context.SecurityContextHolderFilter.doFilter(SecurityContextHolderFilter.java:82)
	at org.springframework.security.web.context.SecurityContextHolderFilter.doFilter(SecurityContextHolderFilter.java:69)
	at org.springframework.security.web.ObservationFilterChainDecorator$ObservationFilter.wrapFilter(ObservationFilterChainDecorator.java:240)
	at org.springframework.security.web.ObservationFilterChainDecorator$ObservationFilter.doFilter(ObservationFilterChainDecorator.java:227)
	at org.springframework.security.web.ObservationFilterChainDecorator$VirtualFilterChain.doFilter(ObservationFilterChainDecorator.java:137)
	at org.springframework.security.web.context.request.async.WebAsyncManagerIntegrationFilter.doFilterInternal(WebAsyncManagerIntegrationFilter.java:62)
	at org.springframework.web.filter.OncePerRequestFilter.doFilter(OncePerRequestFilter.java:116)
	at org.springframework.security.web.ObservationFilterChainDecorator$ObservationFilter.wrapFilter(ObservationFilterChainDecorator.java:240)
	at org.springframework.security.web.ObservationFilterChainDecorator$ObservationFilter.doFilter(ObservationFilterChainDecorator.java:227)
	at org.springframework.security.web.ObservationFilterChainDecorator$VirtualFilterChain.doFilter(ObservationFilterChainDecorator.java:137)
	at org.springframework.security.web.session.DisableEncodeUrlFilter.doFilterInternal(DisableEncodeUrlFilter.java:42)
	at org.springframework.web.filter.OncePerRequestFilter.doFilter(OncePerRequestFilter.java:116)
	at org.springframework.security.web.ObservationFilterChainDecorator$ObservationFilter.wrapFilter(ObservationFilterChainDecorator.java:240)
	at org.springframework.security.web.ObservationFilterChainDecorator$AroundFilterObservation$SimpleAroundFilterObservation.lambda$wrap$0(ObservationFilterChainDecorator.java:323)
	at org.springframework.security.web.ObservationFilterChainDecorator$ObservationFilter.doFilter(ObservationFilterChainDecorator.java:224)
	at org.springframework.security.web.ObservationFilterChainDecorator$VirtualFilterChain.doFilter(ObservationFilterChainDecorator.java:137)
	at org.springframework.security.web.FilterChainProxy.doFilterInternal(FilterChainProxy.java:233)
	at org.springframework.security.web.FilterChainProxy.doFilter(FilterChainProxy.java:191)
	at org.springframework.web.filter.CompositeFilter$VirtualFilterChain.doFilter(CompositeFilter.java:113)
	at org.springframework.web.servlet.handler.HandlerMappingIntrospector.lambda$createCacheFilter$3(HandlerMappingIntrospector.java:243)
	at org.springframework.web.filter.CompositeFilter$VirtualFilterChain.doFilter(CompositeFilter.java:113)
	at org.springframework.web.filter.CompositeFilter.doFilter(CompositeFilter.java:74)
	at org.springframework.security.config.annotation.web.configuration.WebMvcSecurityConfiguration$CompositeFilterChainProxy.doFilter(WebMvcSecurityConfiguration.java:238)
	at org.springframework.web.filter.DelegatingFilterProxy.invokeDelegate(DelegatingFilterProxy.java:362)
	at org.springframework.web.filter.DelegatingFilterProxy.doFilter(DelegatingFilterProxy.java:278)
	at org.springframework.test.web.servlet.setup.MockMvcFilterDecorator.doFilter(MockMvcFilterDecorator.java:162)
	at org.springframework.mock.web.MockFilterChain.doFilter(MockFilterChain.java:132)
	at org.springframework.web.filter.RequestContextFilter.doFilterInternal(RequestContextFilter.java:100)
	at org.springframework.web.filter.OncePerRequestFilter.doFilter(OncePerRequestFilter.java:116)
	at org.springframework.test.web.servlet.setup.MockMvcFilterDecorator.doFilter(MockMvcFilterDecorator.java:162)
	at org.springframework.mock.web.MockFilterChain.doFilter(MockFilterChain.java:132)
	at org.springframework.web.filter.FormContentFilter.doFilterInternal(FormContentFilter.java:93)
	at org.springframework.web.filter.OncePerRequestFilter.doFilter(OncePerRequestFilter.java:116)
	at org.springframework.test.web.servlet.setup.MockMvcFilterDecorator.doFilter(MockMvcFilterDecorator.java:162)
	at org.springframework.mock.web.MockFilterChain.doFilter(MockFilterChain.java:132)
	at org.springframework.web.filter.ServerHttpObservationFilter.doFilterInternal(ServerHttpObservationFilter.java:114)
	at org.springframework.web.filter.OncePerRequestFilter.doFilter(OncePerRequestFilter.java:116)
	at org.springframework.test.web.servlet.setup.MockMvcFilterDecorator.doFilter(MockMvcFilterDecorator.java:162)
	at org.springframework.mock.web.MockFilterChain.doFilter(MockFilterChain.java:132)
	at io.sentry.spring.jakarta.tracing.SentryTracingFilter.doFilterInternal(SentryTracingFilter.java:91)
	at org.springframework.web.filter.OncePerRequestFilter.doFilter(OncePerRequestFilter.java:116)
	at org.springframework.test.web.servlet.setup.MockMvcFilterDecorator.doFilter(MockMvcFilterDecorator.java:162)
	at org.springframework.mock.web.MockFilterChain.doFilter(MockFilterChain.java:132)
	at org.springframework.web.filter.CharacterEncodingFilter.doFilterInternal(CharacterEncodingFilter.java:201)
	at org.springframework.web.filter.OncePerRequestFilter.doFilter(OncePerRequestFilter.java:116)
	at org.springframework.test.web.servlet.setup.MockMvcFilterDecorator.doFilter(MockMvcFilterDecorator.java:162)
	at org.springframework.mock.web.MockFilterChain.doFilter(MockFilterChain.java:132)
	at io.sentry.spring.jakarta.SentrySpringFilter.doFilterInternal(SentrySpringFilter.java:76)
	at org.springframework.web.filter.OncePerRequestFilter.doFilter(OncePerRequestFilter.java:116)
	at org.springframework.test.web.servlet.setup.MockMvcFilterDecorator.doFilter(MockMvcFilterDecorator.java:162)
	at org.springframework.mock.web.MockFilterChain.doFilter(MockFilterChain.java:132)
	at org.springframework.test.web.servlet.MockMvc.perform(MockMvc.java:201)
	at de.tum.cit.aet.artemis.core.util.RequestUtilService.performMvcRequest(RequestUtilService.java:79)
	at de.tum.cit.aet.artemis.core.util.RequestUtilService.postWithoutLocation(RequestUtilService.java:213)
	at de.tum.cit.aet.artemis.core.util.RequestUtilService.postWithoutLocation(RequestUtilService.java:199)
	at de.tum.cit.aet.artemis.programming.ProgrammingSubmissionIntegrationTest.triggerFailedBuild_CIException(ProgrammingSubmissionIntegrationTest.java:402)
	at java.base/jdk.internal.reflect.DirectMethodHandleAccessor.invoke(DirectMethodHandleAccessor.java:103)
	at java.base/java.lang.reflect.Method.invoke(Method.java:580)
	at org.junit.platform.commons.util.ReflectionUtils.invokeMethod(ReflectionUtils.java:767)
	at org.junit.jupiter.engine.execution.MethodInvocation.proceed(MethodInvocation.java:60)
	at org.junit.jupiter.engine.execution.InvocationInterceptorChain$ValidatingInvocation.proceed(InvocationInterceptorChain.java:131)
	at org.junit.jupiter.engine.extension.TimeoutExtension.intercept(TimeoutExtension.java:156)
	at org.junit.jupiter.engine.extension.TimeoutExtension.interceptTestableMethod(TimeoutExtension.java:147)
	at org.junit.jupiter.engine.extension.TimeoutExtension.interceptTestMethod(TimeoutExtension.java:86)
	at org.junit.jupiter.engine.execution.InterceptingExecutableInvoker$ReflectiveInterceptorCall.lambda$ofVoidMethod$0(InterceptingExecutableInvoker.java:103)
	at org.junit.jupiter.engine.execution.InterceptingExecutableInvoker.lambda$invoke$0(InterceptingExecutableInvoker.java:93)
	at org.junit.jupiter.engine.execution.InvocationInterceptorChain$InterceptedInvocation.proceed(InvocationInterceptorChain.java:106)
	at org.junit.jupiter.engine.execution.InvocationInterceptorChain.proceed(InvocationInterceptorChain.java:64)
	at org.junit.jupiter.engine.execution.InvocationInterceptorChain.chainAndInvoke(InvocationInterceptorChain.java:45)
	at org.junit.jupiter.engine.execution.InvocationInterceptorChain.invoke(InvocationInterceptorChain.java:37)
	at org.junit.jupiter.engine.execution.InterceptingExecutableInvoker.invoke(InterceptingExecutableInvoker.java:92)
	at org.junit.jupiter.engine.execution.InterceptingExecutableInvoker.invoke(InterceptingExecutableInvoker.java:86)
	at org.junit.jupiter.engine.descriptor.TestMethodTestDescriptor.lambda$invokeTestMethod$8(TestMethodTestDescriptor.java:217)
	at org.junit.platform.engine.support.hierarchical.ThrowableCollector.execute(ThrowableCollector.java:73)
	at org.junit.jupiter.engine.descriptor.TestMethodTestDescriptor.invokeTestMethod(TestMethodTestDescriptor.java:213)
	at org.junit.jupiter.engine.descriptor.TestMethodTestDescriptor.execute(TestMethodTestDescriptor.java:138)
	at org.junit.jupiter.engine.descriptor.TestMethodTestDescriptor.execute(TestMethodTestDescriptor.java:68)
	at org.junit.platform.engine.support.hierarchical.NodeTestTask.lambda$executeRecursively$6(NodeTestTask.java:156)
	at org.junit.platform.engine.support.hierarchical.ThrowableCollector.execute(ThrowableCollector.java:73)
	at org.junit.platform.engine.support.hierarchical.NodeTestTask.lambda$executeRecursively$8(NodeTestTask.java:146)
	at org.junit.platform.engine.support.hierarchical.Node.around(Node.java:137)
	at org.junit.platform.engine.support.hierarchical.NodeTestTask.lambda$executeRecursively$9(NodeTestTask.java:144)
	at org.junit.platform.engine.support.hierarchical.ThrowableCollector.execute(ThrowableCollector.java:73)
	at org.junit.platform.engine.support.hierarchical.NodeTestTask.executeRecursively(NodeTestTask.java:143)
	at org.junit.platform.engine.support.hierarchical.NodeTestTask.execute(NodeTestTask.java:100)
	at org.junit.platform.engine.support.hierarchical.ForkJoinPoolHierarchicalTestExecutorService$ExclusiveTask.exec(ForkJoinPoolHierarchicalTestExecutorService.java:274)
	at org.junit.platform.engine.support.hierarchical.ForkJoinPoolHierarchicalTestExecutorService$ExclusiveTask.execSync(ForkJoinPoolHierarchicalTestExecutorService.java:247)
	at org.junit.platform.engine.support.hierarchical.ForkJoinPoolHierarchicalTestExecutorService.executeSync(ForkJoinPoolHierarchicalTestExecutorService.java:194)
	at org.junit.platform.engine.support.hierarchical.ForkJoinPoolHierarchicalTestExecutorService.invokeAll(ForkJoinPoolHierarchicalTestExecutorService.java:166)
	at org.junit.platform.engine.support.hierarchical.NodeTestTask.lambda$executeRecursively$6(NodeTestTask.java:160)
	at org.junit.platform.engine.support.hierarchical.ThrowableCollector.execute(ThrowableCollector.java:73)
	at org.junit.platform.engine.support.hierarchical.NodeTestTask.lambda$executeRecursively$8(NodeTestTask.java:146)
	at org.junit.platform.engine.support.hierarchical.Node.around(Node.java:137)
	at org.junit.platform.engine.support.hierarchical.NodeTestTask.lambda$executeRecursively$9(NodeTestTask.java:144)
	at org.junit.platform.engine.support.hierarchical.ThrowableCollector.execute(ThrowableCollector.java:73)
	at org.junit.platform.engine.support.hierarchical.NodeTestTask.executeRecursively(NodeTestTask.java:143)
	at org.junit.platform.engine.support.hierarchical.NodeTestTask.execute(NodeTestTask.java:100)
	at org.junit.platform.engine.support.hierarchical.ForkJoinPoolHierarchicalTestExecutorService$ExclusiveTask.exec(ForkJoinPoolHierarchicalTestExecutorService.java:274)
	at java.base/java.util.concurrent.ForkJoinTask.doExec(ForkJoinTask.java:387)
	at java.base/java.util.concurrent.ForkJoinPool$WorkQueue.topLevelExec(ForkJoinPool.java:1312)
	at java.base/java.util.concurrent.ForkJoinPool.scan(ForkJoinPool.java:1843)
	at java.base/java.util.concurrent.ForkJoinPool.runWorker(ForkJoinPool.java:1808)
	at java.base/java.util.concurrent.ForkJoinWorkerThread.run(ForkJoinWorkerThread.java:188)

  Starting logs for ProgrammingSubmissionIntegrationTest > triggerBuildForParticipationsStudentForbidden()
    23:49:09.608 | 464 ool-1-worker-228 | DEBUG | d.t.c.a.a.c.u.util.UserUtilService   : Generate 10 students...
    23:49:09.620 | 464 ool-1-worker-228 | DEBUG | d.t.c.a.a.c.u.util.UserUtilService   : 10 students generated. Generate 2 tutors...
    23:49:09.624 | 464 ool-1-worker-228 | DEBUG | d.t.c.a.a.c.u.util.UserUtilService   : 2 tutors generated. Generate 1 editors...
    23:49:09.626 | 464 ool-1-worker-228 | DEBUG | d.t.c.a.a.c.u.util.UserUtilService   : 1 editors generated. Generate 2 instructors...
    23:49:09.629 | 464 ool-1-worker-228 | DEBUG | d.t.c.a.a.c.u.util.UserUtilService   : 2 instructors generated
    23:49:09.631 | 464 ool-1-worker-228 | DEBUG | d.t.c.a.a.c.u.util.UserUtilService   : Removing 15 users from all courses...
    23:49:09.632 | 464 ool-1-worker-228 | DEBUG | d.t.c.a.a.c.u.util.UserUtilService   : Removing 15 users from all courses. Done
    23:49:09.632 | 464 ool-1-worker-228 | DEBUG | d.t.c.a.a.c.u.util.UserUtilService   : Save 15 users to database...
    23:49:09.637 | 464 ool-1-worker-228 | DEBUG | d.t.c.a.a.c.u.util.UserUtilService   : Save 15 users to database. Done
    23:49:09.661 | 464 ool-1-worker-228 | DEBUG | .c.s.m.InstanceMessageReceiveService : Received schedule participant score for exercise 3574 and participant 780 (result to be deleted: null)
    23:49:09.662 | 464 ool-1-worker-228 | DEBUG | .a.s.ParticipantScoreScheduleService : Scheduled task for exercise 3574 and participant 780 at 2025-02-14T23:49:09.761998574Z[Etc/UTC].
    23:49:09.664 | 464 ool-1-worker-228 | DEBUG | PersonalAccessTokenManagementService : Generate secure vcs access token
    23:49:09.665 | 464 ool-1-worker-228 | INFO  | i.z.t.d.l.EmbeddedDatabaseReporter   : JDBC URL to connect to 'dataSource': url='jdbc:h2:tcp://localhost:41063/mem:736625c0-cf5e-400d-aeaa-8a7eabd6262b;USER=sa', scope='ProgrammingSubmissionIntegrationTest#triggerBuildForParticipationsStudentForbidden'
    23:49:09.666 | 464 ool-1-worker-228 | DEBUG | d.t.c.a.a.c.s.f.ApiVersionFilter     : Adding Version to Request POST /api/programming-exercises/1/trigger-instructor-build
    23:49:09.667 | 464 ool-1-worker-228 | WARN  | o.z.p.spring.common.AdviceTraits     : Forbidden: Access Denied

  Starting logs for ProgrammingSubmissionIntegrationTest > [1] lock=true
    23:49:09.678 | 464 ool-1-worker-228 | DEBUG | d.t.c.a.a.c.u.util.UserUtilService   : Generate 10 students...
    23:49:09.688 | 464 ool-1-worker-228 | DEBUG | d.t.c.a.a.c.u.util.UserUtilService   : 10 students generated. Generate 2 tutors...
    23:49:09.691 | 464 ool-1-worker-228 | DEBUG | d.t.c.a.a.c.u.util.UserUtilService   : 2 tutors generated. Generate 1 editors...
    23:49:09.693 | 464 ool-1-worker-228 | DEBUG | d.t.c.a.a.c.u.util.UserUtilService   : 1 editors generated. Generate 2 instructors...
    23:49:09.696 | 464 ool-1-worker-228 | DEBUG | d.t.c.a.a.c.u.util.UserUtilService   : 2 instructors generated
    23:49:09.697 | 464 ool-1-worker-228 | DEBUG | d.t.c.a.a.c.u.util.UserUtilService   : Removing 15 users from all courses...
    23:49:09.699 | 464 ool-1-worker-228 | DEBUG | d.t.c.a.a.c.u.util.UserUtilService   : Removing 15 users from all courses. Done
    23:49:09.699 | 464 ool-1-worker-228 | DEBUG | d.t.c.a.a.c.u.util.UserUtilService   : Save 15 users to database...
    23:49:09.704 | 464 ool-1-worker-228 | DEBUG | d.t.c.a.a.c.u.util.UserUtilService   : Save 15 users to database. Done
    23:49:09.729 | 464 ool-1-worker-228 | DEBUG | .c.s.m.InstanceMessageReceiveService : Received schedule participant score for exercise 3575 and participant 780 (result to be deleted: null)
    23:49:09.729 | 464 ool-1-worker-228 | DEBUG | .a.s.ParticipantScoreScheduleService : Scheduled task for exercise 3575 and participant 780 at 2025-02-14T23:49:09.829812884Z[Etc/UTC].
    23:49:09.732 | 464 ool-1-worker-228 | DEBUG | PersonalAccessTokenManagementService : Generate secure vcs access token
    23:49:09.733 | 464 ool-1-worker-228 | INFO  | i.z.t.d.l.EmbeddedDatabaseReporter   : JDBC URL to connect to 'dataSource': url='jdbc:h2:tcp://localhost:41063/mem:736625c0-cf5e-400d-aeaa-8a7eabd6262b;USER=sa', scope='ProgrammingSubmissionIntegrationTest#testGetProgrammingSubmissionWithoutAssessmentNothingAvailable'
    23:49:09.736 | 464 ool-1-worker-228 | DEBUG | .c.s.m.InstanceMessageReceiveService : Received schedule participant score for exercise 3575 and participant 780 (result to be deleted: null)
    23:49:09.736 | 464 ool-1-worker-228 | DEBUG | .a.s.ParticipantScoreScheduleService : Scheduled task for exercise 3575 and participant 780 at 2025-02-14T23:49:09.836499024Z[Etc/UTC].
    23:49:09.750 | 464 ool-1-worker-228 | DEBUG | .c.s.m.InstanceMessageReceiveService : Received schedule participant score for exercise 3575 and participant 780 (result to be deleted: null)
    23:49:09.750 | 464 ool-1-worker-228 | DEBUG | .a.s.ParticipantScoreScheduleService : Scheduled task for exercise 3575 and participant 780 at 2025-02-14T23:49:09.850810194Z[Etc/UTC].
    23:49:09.752 | 464 ool-1-worker-228 | DEBUG | d.t.c.a.a.c.s.f.ApiVersionFilter     : Adding Version to Request GET /api/exercises/3575/programming-submission-without-assessment
    23:49:09.753 | 464 ool-1-worker-228 | DEBUG | .a.p.w.ProgrammingSubmissionResource : REST request to get a programming submission without assessment

  Starting logs for ProgrammingSubmissionIntegrationTest > [2] lock=false
    23:49:09.769 | 464 ool-1-worker-228 | DEBUG | d.t.c.a.a.c.u.util.UserUtilService   : Generate 10 students...
    23:49:09.778 | 464 ool-1-worker-228 | DEBUG | d.t.c.a.a.c.u.util.UserUtilService   : 10 students generated. Generate 2 tutors...
    23:49:09.781 | 464 ool-1-worker-228 | DEBUG | d.t.c.a.a.c.u.util.UserUtilService   : 2 tutors generated. Generate 1 editors...
    23:49:09.783 | 464 ool-1-worker-228 | DEBUG | d.t.c.a.a.c.u.util.UserUtilService   : 1 editors generated. Generate 2 instructors...
    23:49:09.786 | 464 ool-1-worker-228 | DEBUG | d.t.c.a.a.c.u.util.UserUtilService   : 2 instructors generated
    23:49:09.788 | 464 ool-1-worker-228 | DEBUG | d.t.c.a.a.c.u.util.UserUtilService   : Removing 15 users from all courses...
    23:49:09.789 | 464 ool-1-worker-228 | DEBUG | d.t.c.a.a.c.u.util.UserUtilService   : Removing 15 users from all courses. Done
    23:49:09.789 | 464 ool-1-worker-228 | DEBUG | d.t.c.a.a.c.u.util.UserUtilService   : Save 15 users to database...
    23:49:09.794 | 464 ool-1-worker-228 | DEBUG | d.t.c.a.a.c.u.util.UserUtilService   : Save 15 users to database. Done
    23:49:09.818 | 464 ool-1-worker-228 | DEBUG | .c.s.m.InstanceMessageReceiveService : Received schedule participant score for exercise 3576 and participant 780 (result to be deleted: null)
    23:49:09.818 | 464 ool-1-worker-228 | DEBUG | .a.s.ParticipantScoreScheduleService : Scheduled task for exercise 3576 and participant 780 at 2025-02-14T23:49:09.918666354Z[Etc/UTC].
    23:49:09.821 | 464 ool-1-worker-228 | DEBUG | PersonalAccessTokenManagementService : Generate secure vcs access token
    23:49:09.822 | 464 ool-1-worker-228 | INFO  | i.z.t.d.l.EmbeddedDatabaseReporter   : JDBC URL to connect to 'dataSource': url='jdbc:h2:tcp://localhost:41063/mem:736625c0-cf5e-400d-aeaa-8a7eabd6262b;USER=sa', scope='ProgrammingSubmissionIntegrationTest#testGetProgrammingSubmissionWithoutAssessmentNothingAvailable'
    23:49:09.825 | 464 ool-1-worker-228 | DEBUG | .c.s.m.InstanceMessageReceiveService : Received schedule participant score for exercise 3576 and participant 780 (result to be deleted: null)
    23:49:09.825 | 464 ool-1-worker-228 | DEBUG | .a.s.ParticipantScoreScheduleService : Scheduled task for exercise 3576 and participant 780 at 2025-02-14T23:49:09.925246335Z[Etc/UTC].
    23:49:09.839 | 464 ool-1-worker-228 | DEBUG | .c.s.m.InstanceMessageReceiveService : Received schedule participant score for exercise 3576 and participant 780 (result to be deleted: null)
    23:49:09.839 | 464 ool-1-worker-228 | DEBUG | .a.s.ParticipantScoreScheduleService : Scheduled task for exercise 3576 and participant 780 at 2025-02-14T23:49:09.939272003Z[Etc/UTC].
    23:49:09.841 | 464 ool-1-worker-228 | DEBUG | d.t.c.a.a.c.s.f.ApiVersionFilter     : Adding Version to Request GET /api/exercises/3576/programming-submission-without-assessment
    23:49:09.841 | 464 ool-1-worker-228 | DEBUG | .a.p.w.ProgrammingSubmissionResource : REST request to get a programming submission without assessment

  Starting logs for ProgrammingSubmissionIntegrationTest > triggerFailedBuildSubmissionNotFound()
    23:49:09.857 | 464 ool-1-worker-228 | DEBUG | d.t.c.a.a.c.u.util.UserUtilService   : Generate 10 students...
    23:49:09.866 | 464 ool-1-worker-228 | DEBUG | d.t.c.a.a.c.u.util.UserUtilService   : 10 students generated. Generate 2 tutors...
    23:49:09.869 | 464 ool-1-worker-228 | DEBUG | d.t.c.a.a.c.u.util.UserUtilService   : 2 tutors generated. Generate 1 editors...
    23:49:09.871 | 464 ool-1-worker-228 | DEBUG | d.t.c.a.a.c.u.util.UserUtilService   : 1 editors generated. Generate 2 instructors...
    23:49:09.874 | 464 ool-1-worker-228 | DEBUG | d.t.c.a.a.c.u.util.UserUtilService   : 2 instructors generated
    23:49:09.875 | 464 ool-1-worker-228 | DEBUG | d.t.c.a.a.c.u.util.UserUtilService   : Removing 15 users from all courses...
    23:49:09.877 | 464 ool-1-worker-228 | DEBUG | d.t.c.a.a.c.u.util.UserUtilService   : Removing 15 users from all courses. Done
    23:49:09.877 | 464 ool-1-worker-228 | DEBUG | d.t.c.a.a.c.u.util.UserUtilService   : Save 15 users to database...
    23:49:09.882 | 464 ool-1-worker-228 | DEBUG | d.t.c.a.a.c.u.util.UserUtilService   : Save 15 users to database. Done
    23:49:09.908 | 464 ool-1-worker-228 | DEBUG | .c.s.m.InstanceMessageReceiveService : Received schedule participant score for exercise 3577 and participant 780 (result to be deleted: null)
    23:49:09.908 | 464 ool-1-worker-228 | DEBUG | .a.s.ParticipantScoreScheduleService : Scheduled task for exercise 3577 and participant 780 at 2025-02-14T23:49:10.008327770Z[Etc/UTC].
    23:49:09.910 | 464 ool-1-worker-228 | DEBUG | PersonalAccessTokenManagementService : Generate secure vcs access token
    23:49:09.912 | 464 ool-1-worker-228 | INFO  | i.z.t.d.l.EmbeddedDatabaseReporter   : JDBC URL to connect to 'dataSource': url='jdbc:h2:tcp://localhost:41063/mem:736625c0-cf5e-400d-aeaa-8a7eabd6262b;USER=sa', scope='ProgrammingSubmissionIntegrationTest#triggerFailedBuildSubmissionNotFound'
    23:49:09.931 | 464 ool-1-worker-228 | DEBUG | d.t.c.a.a.c.s.f.ApiVersionFilter     : Adding Version to Request POST /api/programming-submissions/5273/trigger-failed-build
    23:49:09.932 | 464 ool-1-worker-228 | WARN  | o.z.p.spring.common.AdviceTraits     : Not Found: Participation is not a ProgrammingExerciseParticipation

  Starting logs for ProgrammingSubmissionIntegrationTest > getAllProgrammingSubmissionsAsInstructorAllSubmissionsReturned()
    23:49:09.942 | 464 ool-1-worker-228 | DEBUG | d.t.c.a.a.c.u.util.UserUtilService   : Generate 10 students...
    23:49:10.002 | 464 ool-1-worker-228 | DEBUG | d.t.c.a.a.c.u.util.UserUtilService   : 10 students generated. Generate 2 tutors...
    23:49:10.004 | 464 ool-1-worker-228 | DEBUG | d.t.c.a.a.c.u.util.UserUtilService   : 2 tutors generated. Generate 1 editors...
    23:49:10.006 | 464 ool-1-worker-228 | DEBUG | d.t.c.a.a.c.u.util.UserUtilService   : 1 editors generated. Generate 2 instructors...
    23:49:10.009 | 464 ool-1-worker-228 | DEBUG | d.t.c.a.a.c.u.util.UserUtilService   : 2 instructors generated
    23:49:10.011 | 464 ool-1-worker-228 | DEBUG | d.t.c.a.a.c.u.util.UserUtilService   : Removing 15 users from all courses...
    23:49:10.012 | 464 ool-1-worker-228 | DEBUG | d.t.c.a.a.c.u.util.UserUtilService   : Removing 15 users from all courses. Done
    23:49:10.012 | 464 ool-1-worker-228 | DEBUG | d.t.c.a.a.c.u.util.UserUtilService   : Save 15 users to database...
    23:49:10.017 | 464 ool-1-worker-228 | DEBUG | d.t.c.a.a.c.u.util.UserUtilService   : Save 15 users to database. Done
    23:49:10.041 | 464 ool-1-worker-228 | DEBUG | .c.s.m.InstanceMessageReceiveService : Received schedule participant score for exercise 3589 and participant 780 (result to be deleted: null)
    23:49:10.041 | 464 ool-1-worker-228 | DEBUG | .a.s.ParticipantScoreScheduleService : Scheduled task for exercise 3589 and participant 780 at 2025-02-14T23:49:10.141445973Z[Etc/UTC].
    23:49:10.043 | 464 ool-1-worker-228 | DEBUG | PersonalAccessTokenManagementService : Generate secure vcs access token
    23:49:10.045 | 464 ool-1-worker-228 | INFO  | i.z.t.d.l.EmbeddedDatabaseReporter   : JDBC URL to connect to 'dataSource': url='jdbc:h2:tcp://localhost:41063/mem:736625c0-cf5e-400d-aeaa-8a7eabd6262b;USER=sa', scope='ProgrammingSubmissionIntegrationTest#getAllProgrammingSubmissionsAsInstructorAllSubmissionsReturned'
    23:49:10.048 | 464 ool-1-worker-228 | DEBUG | PersonalAccessTokenManagementService : Generate secure vcs access token
    23:49:10.050 | 464 ool-1-worker-228 | DEBUG | d.t.c.a.a.c.s.f.ApiVersionFilter     : Adding Version to Request GET /api/exercises/3589/programming-submissions
    23:49:10.051 | 464 ool-1-worker-228 | DEBUG | .a.p.w.ProgrammingSubmissionResource : REST request to get all programming submissions

  Starting logs for ProgrammingSubmissionIntegrationTest > triggerBuildInstructorTutorForbidden()
    23:49:10.065 | 464 ool-1-worker-228 | DEBUG | d.t.c.a.a.c.u.util.UserUtilService   : Generate 10 students...
    23:49:10.075 | 464 ool-1-worker-228 | DEBUG | d.t.c.a.a.c.u.util.UserUtilService   : 10 students generated. Generate 2 tutors...
    23:49:10.078 | 464 ool-1-worker-228 | DEBUG | d.t.c.a.a.c.u.util.UserUtilService   : 2 tutors generated. Generate 1 editors...
    23:49:10.080 | 464 ool-1-worker-228 | DEBUG | d.t.c.a.a.c.u.util.UserUtilService   : 1 editors generated. Generate 2 instructors...
    23:49:10.083 | 464 ool-1-worker-228 | DEBUG | d.t.c.a.a.c.u.util.UserUtilService   : 2 instructors generated
    23:49:10.084 | 464 ool-1-worker-228 | DEBUG | d.t.c.a.a.c.u.util.UserUtilService   : Removing 15 users from all courses...
    23:49:10.085 | 464 ool-1-worker-228 | DEBUG | d.t.c.a.a.c.u.util.UserUtilService   : Removing 15 users from all courses. Done
    23:49:10.085 | 464 ool-1-worker-228 | DEBUG | d.t.c.a.a.c.u.util.UserUtilService   : Save 15 users to database...
    23:49:10.090 | 464 ool-1-worker-228 | DEBUG | d.t.c.a.a.c.u.util.UserUtilService   : Save 15 users to database. Done
    23:49:10.114 | 464 ool-1-worker-228 | DEBUG | .c.s.m.InstanceMessageReceiveService : Received schedule participant score for exercise 3590 and participant 780 (result to be deleted: null)
    23:49:10.114 | 464 ool-1-worker-228 | DEBUG | .a.s.ParticipantScoreScheduleService : Scheduled task for exercise 3590 and participant 780 at 2025-02-14T23:49:10.214752721Z[Etc/UTC].
    23:49:10.117 | 464 ool-1-worker-228 | DEBUG | PersonalAccessTokenManagementService : Generate secure vcs access token
    23:49:10.118 | 464 ool-1-worker-228 | INFO  | i.z.t.d.l.EmbeddedDatabaseReporter   : JDBC URL to connect to 'dataSource': url='jdbc:h2:tcp://localhost:41063/mem:736625c0-cf5e-400d-aeaa-8a7eabd6262b;USER=sa', scope='ProgrammingSubmissionIntegrationTest#triggerBuildInstructorTutorForbidden'
    23:49:10.120 | 464 ool-1-worker-228 | DEBUG | d.t.c.a.a.c.s.f.ApiVersionFilter     : Adding Version to Request POST /api/programming-submissions/5285/trigger-build
    23:49:10.123 | 464 ool-1-worker-228 | WARN  | o.z.p.spring.common.AdviceTraits     : Forbidden: You are not allowed to access this resource

  Starting logs for ProgrammingSubmissionIntegrationTest > triggerBuildStudent()
    23:49:10.132 | 464 ool-1-worker-228 | DEBUG | d.t.c.a.a.c.u.util.UserUtilService   : Generate 10 students...
    23:49:10.142 | 464 ool-1-worker-228 | DEBUG | d.t.c.a.a.c.u.util.UserUtilService   : 10 students generated. Generate 2 tutors...
    23:49:10.145 | 464 ool-1-worker-228 | DEBUG | d.t.c.a.a.c.u.util.UserUtilService   : 2 tutors generated. Generate 1 editors...
    23:49:10.147 | 464 ool-1-worker-228 | DEBUG | d.t.c.a.a.c.u.util.UserUtilService   : 1 editors generated. Generate 2 instructors...
    23:49:10.150 | 464 ool-1-worker-228 | DEBUG | d.t.c.a.a.c.u.util.UserUtilService   : 2 instructors generated
    23:49:10.151 | 464 ool-1-worker-228 | DEBUG | d.t.c.a.a.c.u.util.UserUtilService   : Removing 15 users from all courses...
    23:49:10.153 | 464 ool-1-worker-228 | DEBUG | d.t.c.a.a.c.u.util.UserUtilService   : Removing 15 users from all courses. Done
    23:49:10.153 | 464 ool-1-worker-228 | DEBUG | d.t.c.a.a.c.u.util.UserUtilService   : Save 15 users to database...
    23:49:10.158 | 464 ool-1-worker-228 | DEBUG | d.t.c.a.a.c.u.util.UserUtilService   : Save 15 users to database. Done
    23:49:10.182 | 464 ool-1-worker-228 | DEBUG | .c.s.m.InstanceMessageReceiveService : Received schedule participant score for exercise 3591 and participant 780 (result to be deleted: null)
    23:49:10.182 | 464 ool-1-worker-228 | DEBUG | .a.s.ParticipantScoreScheduleService : Scheduled task for exercise 3591 and participant 780 at 2025-02-14T23:49:10.282563193Z[Etc/UTC].
    23:49:10.184 | 464 ool-1-worker-228 | DEBUG | PersonalAccessTokenManagementService : Generate secure vcs access token
    23:49:10.186 | 464 ool-1-worker-228 | INFO  | i.z.t.d.l.EmbeddedDatabaseReporter   : JDBC URL to connect to 'dataSource': url='jdbc:h2:tcp://localhost:41063/mem:736625c0-cf5e-400d-aeaa-8a7eabd6262b;USER=sa', scope='ProgrammingSubmissionIntegrationTest#triggerBuildStudent'
    23:49:10.187 | 464 ool-1-worker-228 | DEBUG | d.t.c.a.a.c.s.f.ApiVersionFilter     : Adding Version to Request POST /api/programming-submissions/5291/trigger-build

  Starting logs for ProgrammingSubmissionIntegrationTest > triggerBuildForParticipationsEditorForbidden()
    23:49:10.201 | 464 ool-1-worker-228 | DEBUG | d.t.c.a.a.c.u.util.UserUtilService   : Generate 10 students...
    23:49:10.211 | 464 ool-1-worker-228 | DEBUG | d.t.c.a.a.c.u.util.UserUtilService   : 10 students generated. Generate 2 tutors...
    23:49:10.214 | 464 ool-1-worker-228 | DEBUG | d.t.c.a.a.c.u.util.UserUtilService   : 2 tutors generated. Generate 1 editors...
    23:49:10.216 | 464 ool-1-worker-228 | DEBUG | d.t.c.a.a.c.u.util.UserUtilService   : 1 editors generated. Generate 2 instructors...
    23:49:10.219 | 464 ool-1-worker-228 | DEBUG | d.t.c.a.a.c.u.util.UserUtilService   : 2 instructors generated
    23:49:10.220 | 464 ool-1-worker-228 | DEBUG | d.t.c.a.a.c.u.util.UserUtilService   : Removing 15 users from all courses...
    23:49:10.221 | 464 ool-1-worker-228 | DEBUG | d.t.c.a.a.c.u.util.UserUtilService   : Removing 15 users from all courses. Done
    23:49:10.221 | 464 ool-1-worker-228 | DEBUG | d.t.c.a.a.c.u.util.UserUtilService   : Save 15 users to database...
    23:49:10.226 | 464 ool-1-worker-228 | DEBUG | d.t.c.a.a.c.u.util.UserUtilService   : Save 15 users to database. Done
    23:49:10.251 | 464 ool-1-worker-228 | DEBUG | .c.s.m.InstanceMessageReceiveService : Received schedule participant score for exercise 3592 and participant 780 (result to be deleted: null)
    23:49:10.251 | 464 ool-1-worker-228 | DEBUG | .a.s.ParticipantScoreScheduleService : Scheduled task for exercise 3592 and participant 780 at 2025-02-14T23:49:10.351060249Z[Etc/UTC].
    23:49:10.253 | 464 ool-1-worker-228 | DEBUG | PersonalAccessTokenManagementService : Generate secure vcs access token
    23:49:10.254 | 464 ool-1-worker-228 | INFO  | i.z.t.d.l.EmbeddedDatabaseReporter   : JDBC URL to connect to 'dataSource': url='jdbc:h2:tcp://localhost:41063/mem:736625c0-cf5e-400d-aeaa-8a7eabd6262b;USER=sa', scope='ProgrammingSubmissionIntegrationTest#triggerBuildForParticipationsEditorForbidden'
    23:49:10.255 | 464 ool-1-worker-228 | DEBUG | d.t.c.a.a.c.s.f.ApiVersionFilter     : Adding Version to Request POST /api/programming-exercises/1/trigger-instructor-build
    23:49:10.256 | 464 ool-1-worker-228 | WARN  | o.z.p.spring.common.AdviceTraits     : Forbidden: Access Denied

  Starting logs for ProgrammingSubmissionIntegrationTest > triggerFailedBuildForbiddenParticipationAccess()
    23:49:10.268 | 464 ool-1-worker-228 | DEBUG | d.t.c.a.a.c.u.util.UserUtilService   : Generate 10 students...
    23:49:10.280 | 464 ool-1-worker-228 | DEBUG | d.t.c.a.a.c.u.util.UserUtilService   : 10 students generated. Generate 2 tutors...
    23:49:10.283 | 464 ool-1-worker-228 | DEBUG | d.t.c.a.a.c.u.util.UserUtilService   : 2 tutors generated. Generate 1 editors...
    23:49:10.285 | 464 ool-1-worker-228 | DEBUG | d.t.c.a.a.c.u.util.UserUtilService   : 1 editors generated. Generate 2 instructors...
    23:49:10.288 | 464 ool-1-worker-228 | DEBUG | d.t.c.a.a.c.u.util.UserUtilService   : 2 instructors generated
    23:49:10.289 | 464 ool-1-worker-228 | DEBUG | d.t.c.a.a.c.u.util.UserUtilService   : Removing 15 users from all courses...
    23:49:10.290 | 464 ool-1-worker-228 | DEBUG | d.t.c.a.a.c.u.util.UserUtilService   : Removing 15 users from all courses. Done
    23:49:10.290 | 464 ool-1-worker-228 | DEBUG | d.t.c.a.a.c.u.util.UserUtilService   : Save 15 users to database...
    23:49:10.295 | 464 ool-1-worker-228 | DEBUG | d.t.c.a.a.c.u.util.UserUtilService   : Save 15 users to database. Done
    23:49:10.319 | 464 ool-1-worker-228 | DEBUG | .c.s.m.InstanceMessageReceiveService : Received schedule participant score for exercise 3593 and participant 780 (result to be deleted: null)
    23:49:10.319 | 464 ool-1-worker-228 | DEBUG | .a.s.ParticipantScoreScheduleService : Scheduled task for exercise 3593 and participant 780 at 2025-02-14T23:49:10.419909962Z[Etc/UTC].
    23:49:10.322 | 464 ool-1-worker-228 | DEBUG | PersonalAccessTokenManagementService : Generate secure vcs access token
    23:49:10.323 | 464 ool-1-worker-228 | INFO  | i.z.t.d.l.EmbeddedDatabaseReporter   : JDBC URL to connect to 'dataSource': url='jdbc:h2:tcp://localhost:41063/mem:736625c0-cf5e-400d-aeaa-8a7eabd6262b;USER=sa', scope='ProgrammingSubmissionIntegrationTest#triggerFailedBuildForbiddenParticipationAccess'
    23:49:10.325 | 464 ool-1-worker-228 | DEBUG | d.t.c.a.a.c.s.f.ApiVersionFilter     : Adding Version to Request POST /api/programming-submissions/5304/trigger-failed-build
    23:49:10.327 | 464 ool-1-worker-228 | WARN  | o.z.p.spring.common.AdviceTraits     : Forbidden: You are not allowed to access the participation with id 5304

  Starting logs for ProgrammingSubmissionIntegrationTest > triggerBuildForExerciseAsInstructor()
    23:49:10.337 | 464 ool-1-worker-228 | DEBUG | d.t.c.a.a.c.u.util.UserUtilService   : Generate 10 students...
    23:49:10.347 | 464 ool-1-worker-228 | DEBUG | d.t.c.a.a.c.u.util.UserUtilService   : 10 students generated. Generate 2 tutors...
    23:49:10.350 | 464 ool-1-worker-228 | DEBUG | d.t.c.a.a.c.u.util.UserUtilService   : 2 tutors generated. Generate 1 editors...
    23:49:10.352 | 464 ool-1-worker-228 | DEBUG | d.t.c.a.a.c.u.util.UserUtilService   : 1 editors generated. Generate 2 instructors...
    23:49:10.355 | 464 ool-1-worker-228 | DEBUG | d.t.c.a.a.c.u.util.UserUtilService   : 2 instructors generated
    23:49:10.356 | 464 ool-1-worker-228 | DEBUG | d.t.c.a.a.c.u.util.UserUtilService   : Removing 15 users from all courses...
    23:49:10.357 | 464 ool-1-worker-228 | DEBUG | d.t.c.a.a.c.u.util.UserUtilService   : Removing 15 users from all courses. Done
    23:49:10.357 | 464 ool-1-worker-228 | DEBUG | d.t.c.a.a.c.u.util.UserUtilService   : Save 15 users to database...
    23:49:10.362 | 464 ool-1-worker-228 | DEBUG | d.t.c.a.a.c.u.util.UserUtilService   : Save 15 users to database. Done
    23:49:10.387 | 464 ool-1-worker-228 | DEBUG | .c.s.m.InstanceMessageReceiveService : Received schedule participant score for exercise 3594 and participant 780 (result to be deleted: null)
    23:49:10.387 | 464 ool-1-worker-228 | DEBUG | .a.s.ParticipantScoreScheduleService : Scheduled task for exercise 3594 and participant 780 at 2025-02-14T23:49:10.487502210Z[Etc/UTC].
    23:49:10.390 | 464 ool-1-worker-228 | DEBUG | PersonalAccessTokenManagementService : Generate secure vcs access token
    23:49:10.391 | 464 ool-1-worker-228 | INFO  | i.z.t.d.l.EmbeddedDatabaseReporter   : JDBC URL to connect to 'dataSource': url='jdbc:h2:tcp://localhost:41063/mem:736625c0-cf5e-400d-aeaa-8a7eabd6262b;USER=sa', scope='ProgrammingSubmissionIntegrationTest#triggerBuildForExerciseAsInstructor'
    23:49:10.394 | 464 ool-1-worker-228 | DEBUG | PersonalAccessTokenManagementService : Generate secure vcs access token
    23:49:10.396 | 464 ool-1-worker-228 | DEBUG | d.t.c.a.a.c.s.f.ApiVersionFilter     : Adding Version to Request POST /api/programming-exercises/3594/trigger-instructor-build-all
    23:49:10.399 | 464 ool-1-worker-228 | INFO  | .c.a.a.p.s.ProgrammingTriggerService : User programmingsubmissioninstructor1 triggered an instructor build for all participations in exercise Programming with id 3594
    23:49:10.402 |  68 artemis-task-1   | INFO  | .c.a.a.p.s.ProgrammingTriggerService : Sleep for 0s during triggerBuild
    23:49:10.407 |  68 artemis-task-1   | INFO  | .c.a.a.p.s.ProgrammingTriggerService : Sleep for 0s during triggerBuild
    23:49:10.487 | 326 taskScheduler-1  | DEBUG | .a.s.ParticipantScoreScheduleService : Processing exercise 3594 and participant 780 to update participant scores.
    23:49:10.491 | 326 taskScheduler-1  | DEBUG | .a.s.ParticipantScoreScheduleService : Updating the participant score for exercise 3594 and participant 780 took 4 ms.

  Starting logs for ProgrammingSubmissionIntegrationTest > testLockAndGetProgrammingSubmissionWithManualResult()
    23:49:10.510 | 464 ool-1-worker-228 | DEBUG | d.t.c.a.a.c.u.util.UserUtilService   : Generate 10 students...
    23:49:10.519 | 464 ool-1-worker-228 | DEBUG | d.t.c.a.a.c.u.util.UserUtilService   : 10 students generated. Generate 2 tutors...
    23:49:10.522 | 464 ool-1-worker-228 | DEBUG | d.t.c.a.a.c.u.util.UserUtilService   : 2 tutors generated. Generate 1 editors...
    23:49:10.524 | 464 ool-1-worker-228 | DEBUG | d.t.c.a.a.c.u.util.UserUtilService   : 1 editors generated. Generate 2 instructors...
    23:49:10.527 | 464 ool-1-worker-228 | DEBUG | d.t.c.a.a.c.u.util.UserUtilService   : 2 instructors generated
    23:49:10.528 | 464 ool-1-worker-228 | DEBUG | d.t.c.a.a.c.u.util.UserUtilService   : Removing 15 users from all courses...
    23:49:10.530 | 464 ool-1-worker-228 | DEBUG | d.t.c.a.a.c.u.util.UserUtilService   : Removing 15 users from all courses. Done
    23:49:10.530 | 464 ool-1-worker-228 | DEBUG | d.t.c.a.a.c.u.util.UserUtilService   : Save 15 users to database...
    23:49:10.535 | 464 ool-1-worker-228 | DEBUG | d.t.c.a.a.c.u.util.UserUtilService   : Save 15 users to database. Done
    23:49:10.559 | 464 ool-1-worker-228 | DEBUG | .c.s.m.InstanceMessageReceiveService : Received schedule participant score for exercise 3595 and participant 780 (result to be deleted: null)
    23:49:10.559 | 464 ool-1-worker-228 | DEBUG | .a.s.ParticipantScoreScheduleService : Scheduled task for exercise 3595 and participant 780 at 2025-02-14T23:49:10.659221583Z[Etc/UTC].
    23:49:10.561 | 464 ool-1-worker-228 | DEBUG | PersonalAccessTokenManagementService : Generate secure vcs access token
    23:49:10.562 | 464 ool-1-worker-228 | INFO  | i.z.t.d.l.EmbeddedDatabaseReporter   : JDBC URL to connect to 'dataSource': url='jdbc:h2:tcp://localhost:41063/mem:736625c0-cf5e-400d-aeaa-8a7eabd6262b;USER=sa', scope='ProgrammingSubmissionIntegrationTest#testLockAndGetProgrammingSubmissionWithManualResult'
    23:49:10.568 | 464 ool-1-worker-228 | DEBUG | .c.s.m.InstanceMessageReceiveService : Received schedule participant score for exercise 3595 and participant 781 (result to be deleted: null)
    23:49:10.568 | 464 ool-1-worker-228 | DEBUG | .a.s.ParticipantScoreScheduleService : Scheduled task for exercise 3595 and participant 781 at 2025-02-14T23:49:10.668409698Z[Etc/UTC].
    23:49:10.583 | 464 ool-1-worker-228 | DEBUG | .c.s.m.InstanceMessageReceiveService : Received schedule participant score for exercise 3595 and participant 781 (result to be deleted: null)
    23:49:10.583 | 464 ool-1-worker-228 | DEBUG | .a.s.ParticipantScoreScheduleService : Scheduled task for exercise 3595 and participant 781 at 2025-02-14T23:49:10.683395967Z[Etc/UTC].
    23:49:10.627 | 464 ool-1-worker-228 | DEBUG | d.t.c.a.a.c.s.f.ApiVersionFilter     : Adding Version to Request GET /api/programming-submissions/1728/lock
    23:49:10.628 | 464 ool-1-worker-228 | DEBUG | .a.p.w.ProgrammingSubmissionResource : REST request to get ProgrammingSubmission with id: 1728
    23:49:10.659 | 327 taskScheduler-2  | DEBUG | .a.s.ParticipantScoreScheduleService : Processing exercise 3595 and participant 780 to update participant scores.
    23:49:10.663 | 327 taskScheduler-2  | DEBUG | .a.s.ParticipantScoreScheduleService : Updating the participant score for exercise 3595 and participant 780 took 4 ms.
    23:49:10.683 | 329 taskScheduler-4  | DEBUG | .a.s.ParticipantScoreScheduleService : Processing exercise 3595 and participant 781 to update participant scores.
    23:49:10.686 | 329 taskScheduler-4  | DEBUG | .a.s.ParticipantScoreScheduleService : Updated participant score 399.
    23:49:10.687 | 329 taskScheduler-4  | DEBUG | .a.s.ParticipantScoreScheduleService : Updating the participant score for exercise 3595 and participant 781 took 4 ms.

Finished logs for ProgrammingSubmissionIntegrationTest
]]></system-out>
  <system-err><![CDATA[]]></system-err>
</testsuite>
