<?xml version="1.0" encoding="UTF-8"?>
<testsuite name="de.tum.cit.aet.artemis.text.TextSubmissionIntegrationTest" tests="31" skipped="0" failures="0" errors="0" timestamp="2025-02-14T23:48:29" hostname="fv-az1721-502" time="2.02">
  <properties/>
  <testcase name="getTextSubmissionWithResult()" classname="de.tum.cit.aet.artemis.text.TextSubmissionIntegrationTest" time="0.074"/>
  <testcase name="getTextSubmissionWithResult_involved_allowed()" classname="de.tum.cit.aet.artemis.text.TextSubmissionIntegrationTest" time="0.059"/>
  <testcase name="submitExercise_afterDueDate_forbidden()" classname="de.tum.cit.aet.artemis.text.TextSubmissionIntegrationTest" time="0.045"/>
  <testcase name="saveExercise_beforeDueDate()" classname="de.tum.cit.aet.artemis.text.TextSubmissionIntegrationTest" time="0.049"/>
  <testcase name="submitExercise_beforeDueDate_isTeamMode()" classname="de.tum.cit.aet.artemis.text.TextSubmissionIntegrationTest" time="0.133"/>
  <testcase name="getAllTextSubmissions_studentVisibleForInstructor()" classname="de.tum.cit.aet.artemis.text.TextSubmissionIntegrationTest" time="0.049"/>
  <testcase name="getTextSubmissionWithoutAssessment_lockSubmission()" classname="de.tum.cit.aet.artemis.text.TextSubmissionIntegrationTest" time="0.078"/>
  <testcase name="getTextSubmissionWithResult_notInvolved_notAllowed()" classname="de.tum.cit.aet.artemis.text.TextSubmissionIntegrationTest" time="0.052"/>
  <testcase name="submitExercise_beforeDueDateWithTwoSubmissions_allowed()" classname="de.tum.cit.aet.artemis.text.TextSubmissionIntegrationTest" time="0.066"/>
  <testcase name="getAllTextSubmissions_notAssessedByTutorForTutor()" classname="de.tum.cit.aet.artemis.text.TextSubmissionIntegrationTest" time="0.043"/>
  <testcase name="getTextSubmissionWithoutAssessment_notTutorInExercise()" classname="de.tum.cit.aet.artemis.text.TextSubmissionIntegrationTest" time="0.051"/>
  <testcase name="getTextSubmissionWithoutAssessment_studentHidden()" classname="de.tum.cit.aet.artemis.text.TextSubmissionIntegrationTest" time="0.047"/>
  <testcase name="submitExercise_notStudentInCourse()" classname="de.tum.cit.aet.artemis.text.TextSubmissionIntegrationTest" time="0.038"/>
  <testcase name="submitExercise_afterDueDateWithParticipationStartAfterDueDate_allowed()" classname="de.tum.cit.aet.artemis.text.TextSubmissionIntegrationTest" time="0.04"/>
  <testcase name="saveExercise_afterDueDateWithParticipationStartAfterDueDate()" classname="de.tum.cit.aet.artemis.text.TextSubmissionIntegrationTest" time="0.05"/>
  <testcase name="getResultsForCurrentStudent_assessorHiddenForStudent()" classname="de.tum.cit.aet.artemis.text.TextSubmissionIntegrationTest" time="0.096"/>
  <testcase name="getTextSubmissionWithResult_notOwner_beforeDueDate_notAllowed()" classname="de.tum.cit.aet.artemis.text.TextSubmissionIntegrationTest" time="0.047"/>
  <testcase name="getTextSubmissionWithoutAssessment_selectInTime()" classname="de.tum.cit.aet.artemis.text.TextSubmissionIntegrationTest" time="0.07"/>
  <testcase name="getTextSubmissionWithoutAssessment_noSubmittedSubmission_null()" classname="de.tum.cit.aet.artemis.text.TextSubmissionIntegrationTest" time="0.055"/>
  <testcase name="testRepositoryMethods()" classname="de.tum.cit.aet.artemis.text.TextSubmissionIntegrationTest" time="0.059"/>
  <testcase name="saveAndSubmitTextSubmission_tooLarge()" classname="de.tum.cit.aet.artemis.text.TextSubmissionIntegrationTest" time="0.075"/>
  <testcase name="submitExercise_submissionIsAlreadyCreated_badRequest()" classname="de.tum.cit.aet.artemis.text.TextSubmissionIntegrationTest" time="0.055"/>
  <testcase name="deleteTextSubmissionWithTextBlocks()" classname="de.tum.cit.aet.artemis.text.TextSubmissionIntegrationTest" time="0.07"/>
  <testcase name="getDataForTextEditorWithResult()" classname="de.tum.cit.aet.artemis.text.TextSubmissionIntegrationTest" time="0.122"/>
  <testcase name="getAllTextSubmissions_assessedByTutorForStudent()" classname="de.tum.cit.aet.artemis.text.TextSubmissionIntegrationTest" time="0.059"/>
  <testcase name="getTextSubmissionWithoutAssessment_dueDateNotOver()" classname="de.tum.cit.aet.artemis.text.TextSubmissionIntegrationTest" time="0.057"/>
  <testcase name="getTextSubmissionWithoutAssessment_asStudent_forbidden()" classname="de.tum.cit.aet.artemis.text.TextSubmissionIntegrationTest" time="0.054"/>
  <testcase name="getAllTextSubmission_notTutorInExercise()" classname="de.tum.cit.aet.artemis.text.TextSubmissionIntegrationTest" time="0.054"/>
  <testcase name="submitExercise_noExercise_badRequest()" classname="de.tum.cit.aet.artemis.text.TextSubmissionIntegrationTest" time="0.052"/>
  <testcase name="submitExercise_beforeDueDate_allowed()" classname="de.tum.cit.aet.artemis.text.TextSubmissionIntegrationTest" time="0.057"/>
  <testcase name="getAllTextSubmissions_studentHiddenForTutor()" classname="de.tum.cit.aet.artemis.text.TextSubmissionIntegrationTest" time="0.124"/>
  <system-out><![CDATA[[DEBUG] [main] Validated build configuration regarding trusted package rules, 0 are missing.
[INFO] [main] Request install with ASC-Impl [testMethod=Optional[void de.test.SortingExampleBehaviorTest.testMergeSort()], executionPath=/tmp/testLocalRepo13374008195217252544, whitelistedPaths=Optional[[PathRule["target" (STARTS_WITH) in WHITELIST; level READ]]], blacklistedPaths=[PathRule["target/test-classes" (STARTS_WITH) in BLACKLIST; level READ]], allowedLocalPorts=[], trustedPackages=[]]
[INFO] [main] Request whitelisting: Thread[ajts-to-7,5,Test-Threadgroup] []
[INFO] [main] Thread whitelisted: Thread[ajts-to-7,5,Test-Threadgroup]
[INFO] [main] Request uninstall
[DEBUG] [main] Validated build configuration regarding trusted package rules, 0 are missing.
[INFO] [main] Request install with ASC-Impl [testMethod=Optional[void de.test.SortingExampleBehaviorTest.testMergeSort()], executionPath=/tmp/testLocalRepo13374008195217252544, whitelistedPaths=Optional[[PathRule["target" (STARTS_WITH) in WHITELIST; level READ]]], blacklistedPaths=[PathRule["target/test-classes" (STARTS_WITH) in BLACKLIST; level READ]], allowedLocalPorts=[], trustedPackages=[]]
[INFO] [main] Request whitelisting: Thread[ajts-to-8,5,Test-Threadgroup] []
[INFO] [main] Thread whitelisted: Thread[ajts-to-8,5,Test-Threadgroup]
[INFO] [main] Request uninstall
[DEBUG] [main] Validated build configuration regarding trusted package rules, 0 are missing.
[INFO] [main] Request install with ASC-Impl [testMethod=Optional.empty, executionPath=/tmp/testLocalRepo13374008195217252544, whitelistedPaths=Optional[[PathRule["target" (STARTS_WITH) in WHITELIST; level READ]]], blacklistedPaths=[PathRule["target/test-classes" (STARTS_WITH) in BLACKLIST; level READ]], allowedLocalPorts=[], trustedPackages=[]]
[INFO] [main] Request uninstall
[DEBUG] [main] Validated build configuration regarding trusted package rules, 0 are missing.
[INFO] [main] Request install with ASC-Impl [testMethod=Optional[void de.test.SortingExampleBehaviorTest.testUseBubbleSortForSmallList() throws java.lang.ReflectiveOperationException], executionPath=/tmp/testLocalRepo13374008195217252544, whitelistedPaths=Optional[[PathRule["target" (STARTS_WITH) in WHITELIST; level READ]]], blacklistedPaths=[PathRule["target/test-classes" (STARTS_WITH) in BLACKLIST; level READ]], allowedLocalPorts=[], trustedPackages=[]]
[INFO] [main] Request whitelisting: Thread[ajts-to-9,5,Test-Threadgroup] []
[INFO] [main] Thread whitelisted: Thread[ajts-to-9,5,Test-Threadgroup]
[INFO] [main] Request uninstall
[DEBUG] [main] Validated build configuration regarding trusted package rules, 0 are missing.
[INFO] [main] Request install with ASC-Impl [testMethod=Optional[void de.test.SortingExampleBehaviorTest.testUseBubbleSortForSmallList() throws java.lang.ReflectiveOperationException], executionPath=/tmp/testLocalRepo13374008195217252544, whitelistedPaths=Optional[[PathRule["target" (STARTS_WITH) in WHITELIST; level READ]]], blacklistedPaths=[PathRule["target/test-classes" (STARTS_WITH) in BLACKLIST; level READ]], allowedLocalPorts=[], trustedPackages=[]]
[INFO] [main] Request whitelisting: Thread[ajts-to-10,5,Test-Threadgroup] []
[INFO] [main] Thread whitelisted: Thread[ajts-to-10,5,Test-Threadgroup]
[INFO] [main] Request uninstall
[DEBUG] [main] Validated build configuration regarding trusted package rules, 0 are missing.
[INFO] [main] Request install with ASC-Impl [testMethod=Optional.empty, executionPath=/tmp/testLocalRepo13374008195217252544, whitelistedPaths=Optional[[PathRule["target" (STARTS_WITH) in WHITELIST; level READ]]], blacklistedPaths=[PathRule["target/test-classes" (STARTS_WITH) in BLACKLIST; level READ]], allowedLocalPorts=[], trustedPackages=[]]
[INFO] [main] Request uninstall
[DEBUG] [main] Validated build configuration regarding trusted package rules, 0 are missing.
[INFO] [main] Request install with ASC-Impl [testMethod=Optional[void de.test.SortingExampleBehaviorTest.testBubbleSort()], executionPath=/tmp/testLocalRepo13374008195217252544, whitelistedPaths=Optional[[PathRule["target" (STARTS_WITH) in WHITELIST; level READ]]], blacklistedPaths=[PathRule["target/test-classes" (STARTS_WITH) in BLACKLIST; level READ]], allowedLocalPorts=[], trustedPackages=[]]
[INFO] [main] Request whitelisting: Thread[ajts-to-11,5,Test-Threadgroup] []
[INFO] [main] Thread whitelisted: Thread[ajts-to-11,5,Test-Threadgroup]
[INFO] [main] Request uninstall
[DEBUG] [main] Validated build configuration regarding trusted package rules, 0 are missing.
[INFO] [main] Request install with ASC-Impl [testMethod=Optional[void de.test.SortingExampleBehaviorTest.testBubbleSort()], executionPath=/tmp/testLocalRepo13374008195217252544, whitelistedPaths=Optional[[PathRule["target" (STARTS_WITH) in WHITELIST; level READ]]], blacklistedPaths=[PathRule["target/test-classes" (STARTS_WITH) in BLACKLIST; level READ]], allowedLocalPorts=[], trustedPackages=[]]
[INFO] [main] Request whitelisting: Thread[ajts-to-12,5,Test-Threadgroup] []
[INFO] [main] Thread whitelisted: Thread[ajts-to-12,5,Test-Threadgroup]
[INFO] [main] Request uninstall
[DEBUG] [main] Validated build configuration regarding trusted package rules, 0 are missing.
[INFO] [main] Request install with ASC-Impl [testMethod=Optional.empty, executionPath=/tmp/testLocalRepo13374008195217252544, whitelistedPaths=Optional[[PathRule["target" (STARTS_WITH) in WHITELIST; level READ]]], blacklistedPaths=[PathRule["target/test-classes" (STARTS_WITH) in BLACKLIST; level READ]], allowedLocalPorts=[], trustedPackages=[]]
[INFO] [main] Request uninstall
[DEBUG] [main] Validated build configuration regarding trusted package rules, 0 are missing.
[INFO] [main] Request install with ASC-Impl [testMethod=Optional[void de.test.SortingExampleBehaviorTest.testUseMergeSortForBigList() throws java.lang.ReflectiveOperationException], executionPath=/tmp/testLocalRepo13374008195217252544, whitelistedPaths=Optional[[PathRule["target" (STARTS_WITH) in WHITELIST; level READ]]], blacklistedPaths=[PathRule["target/test-classes" (STARTS_WITH) in BLACKLIST; level READ]], allowedLocalPorts=[], trustedPackages=[]]
[INFO] [main] Request whitelisting: Thread[ajts-to-13,5,Test-Threadgroup] []
[INFO] [main] Thread whitelisted: Thread[ajts-to-13,5,Test-Threadgroup]
[INFO] [main] Request uninstall
[DEBUG] [main] Validated build configuration regarding trusted package rules, 0 are missing.
[INFO] [main] Request install with ASC-Impl [testMethod=Optional[void de.test.SortingExampleBehaviorTest.testUseMergeSortForBigList() throws java.lang.ReflectiveOperationException], executionPath=/tmp/testLocalRepo13374008195217252544, whitelistedPaths=Optional[[PathRule["target" (STARTS_WITH) in WHITELIST; level READ]]], blacklistedPaths=[PathRule["target/test-classes" (STARTS_WITH) in BLACKLIST; level READ]], allowedLocalPorts=[], trustedPackages=[]]
[INFO] [main] Request whitelisting: Thread[ajts-to-14,5,Test-Threadgroup] []
[INFO] [main] Thread whitelisted: Thread[ajts-to-14,5,Test-Threadgroup]
[INFO] [main] Request uninstall
[ERROR] Tests run: 4, Failures: 4, Errors: 0, Skipped: 0, Time elapsed: 0.411 s <<< FAILURE! -- in de.test.SortingExampleBehaviorTest
[ERROR] de.test.SortingExampleBehaviorTest.testMergeSort -- Time elapsed: 0.124 s <<< FAILURE!
org.opentest4j.AssertionFailedError: MergeSort does not sort correctly
	at org.junit.jupiter.api.AssertionUtils.fail(AssertionUtils.java:38)
	at org.junit.jupiter.api.Assertions.fail(Assertions.java:134)
	at de.test.SortingExampleBehaviorTest.testMergeSort(SortingExampleBehaviorTest.java:58)
	at java.base/java.lang.reflect.Method.invoke(Method.java:569)
	at de.tum.in.test.api.internal.TimeoutUtils.rethrowThrowableSafe(TimeoutUtils.java:47)
	at de.tum.in.test.api.internal.TimeoutUtils.lambda$performTimeoutExecution$1(TimeoutUtils.java:42)
	at java.base/java.util.concurrent.FutureTask.run(FutureTask.java:264)
	at java.base/java.util.concurrent.ThreadPoolExecutor.runWorker(ThreadPoolExecutor.java:1136)
	at java.base/java.util.concurrent.ThreadPoolExecutor$Worker.run(ThreadPoolExecutor.java:635)
	at java.base/java.lang.Thread.run(Thread.java:840)

[ERROR] de.test.SortingExampleBehaviorTest.testUseBubbleSortForSmallList -- Time elapsed: 0.071 s <<< FAILURE!
org.opentest4j.AssertionFailedError: The class 'Context' was not found within the submission. Make sure to implement it properly.
	at de.tum.in.test.api.localization.Messages.localizedFailure(Messages.java:34)
	at de.tum.in.test.api.util.ReflectionTestUtils.getClazz(ReflectionTestUtils.java:55)
	at de.tum.in.test.api.util.ReflectionTestUtils.newInstance(ReflectionTestUtils.java:77)
	at de.test.SortingExampleBehaviorTest.configurePolicyAndContext(SortingExampleBehaviorTest.java:89)
	at de.test.SortingExampleBehaviorTest.testUseBubbleSortForSmallList(SortingExampleBehaviorTest.java:82)
	at java.base/java.lang.reflect.Method.invoke(Method.java:569)
	at de.tum.in.test.api.internal.TimeoutUtils.rethrowThrowableSafe(TimeoutUtils.java:47)
	at de.tum.in.test.api.internal.TimeoutUtils.lambda$performTimeoutExecution$1(TimeoutUtils.java:42)
	at java.base/java.util.concurrent.FutureTask.run(FutureTask.java:264)
	at java.base/java.util.concurrent.ThreadPoolExecutor.runWorker(ThreadPoolExecutor.java:1136)
	at java.base/java.util.concurrent.ThreadPoolExecutor$Worker.run(ThreadPoolExecutor.java:635)
	at java.base/java.lang.Thread.run(Thread.java:840)

[ERROR] de.test.SortingExampleBehaviorTest.testBubbleSort -- Time elapsed: 0.057 s <<< FAILURE!
org.opentest4j.AssertionFailedError: BubbleSort does not sort correctly
	at org.junit.jupiter.api.AssertionUtils.fail(AssertionUtils.java:38)
	at org.junit.jupiter.api.Assertions.fail(Assertions.java:134)
	at de.test.SortingExampleBehaviorTest.testBubbleSort(SortingExampleBehaviorTest.java:48)
	at java.base/java.lang.reflect.Method.invoke(Method.java:569)
	at de.tum.in.test.api.internal.TimeoutUtils.rethrowThrowableSafe(TimeoutUtils.java:47)
	at de.tum.in.test.api.internal.TimeoutUtils.lambda$performTimeoutExecution$1(TimeoutUtils.java:42)
	at java.base/java.util.concurrent.FutureTask.run(FutureTask.java:264)
	at java.base/java.util.concurrent.ThreadPoolExecutor.runWorker(ThreadPoolExecutor.java:1136)
	at java.base/java.util.concurrent.ThreadPoolExecutor$Worker.run(ThreadPoolExecutor.java:635)
	at java.base/java.lang.Thread.run(Thread.java:840)

[ERROR] de.test.SortingExampleBehaviorTest.testUseMergeSortForBigList -- Time elapsed: 0.043 s <<< FAILURE!
org.opentest4j.AssertionFailedError: The class 'Context' was not found within the submission. Make sure to implement it properly.
	at de.tum.in.test.api.localization.Messages.localizedFailure(Messages.java:34)
	at de.tum.in.test.api.util.ReflectionTestUtils.getClazz(ReflectionTestUtils.java:55)
	at de.tum.in.test.api.util.ReflectionTestUtils.newInstance(ReflectionTestUtils.java:77)
	at de.test.SortingExampleBehaviorTest.configurePolicyAndContext(SortingExampleBehaviorTest.java:89)
	at de.test.SortingExampleBehaviorTest.testUseMergeSortForBigList(SortingExampleBehaviorTest.java:69)
	at java.base/java.lang.reflect.Method.invoke(Method.java:569)
	at de.tum.in.test.api.internal.TimeoutUtils.rethrowThrowableSafe(TimeoutUtils.java:47)
	at de.tum.in.test.api.internal.TimeoutUtils.lambda$performTimeoutExecution$1(TimeoutUtils.java:42)
	at java.base/java.util.concurrent.FutureTask.run(FutureTask.java:264)
	at java.base/java.util.concurrent.ThreadPoolExecutor.runWorker(ThreadPoolExecutor.java:1136)
	at java.base/java.util.concurrent.ThreadPoolExecutor$Worker.run(ThreadPoolExecutor.java:635)
	at java.base/java.lang.Thread.run(Thread.java:840)

[INFO] Running de.test.ClassTest
[DEBUG] [main] Validated build configuration regarding trusted package rules, 0 are missing.
[INFO] [main] Request install with ASC-Impl [testMethod=Optional.empty, executionPath=/tmp/testLocalRepo13374008195217252544, whitelistedPaths=Optional[[PathRule["target" (STARTS_WITH) in WHITELIST; level READ]]], blacklistedPaths=[PathRule["target/test-classes" (STARTS_WITH) in BLACKLIST; level READ]], allowedLocalPorts=[], trustedPackages=[]]
[INFO] [main] Request uninstall
[DEBUG] [main] Validated build configuration regarding trusted package rules, 0 are missing.
[INFO] [main] Request install with ASC-Impl [testMethod=Optional[protected org.junit.jupiter.api.DynamicContainer de.test.ClassTest.generateTestsForAllClasses() throws java.net.URISyntaxException], executionPath=/tmp/testLocalRepo13374008195217252544, whitelistedPaths=Optional[[PathRule["target" (STARTS_WITH) in WHITELIST; level READ]]], blacklistedPaths=[PathRule["target/test-classes" (STARTS_WITH) in BLACKLIST; level READ]], allowedLocalPorts=[], trustedPackages=[]]
[INFO] [main] Request whitelisting: Thread[ajts-to-15,5,Test-Threadgroup] []
[INFO] [main] Thread whitelisted: Thread[ajts-to-15,5,Test-Threadgroup]
[INFO] [main] Request uninstall
[DEBUG] [main] Validated build configuration regarding trusted package rules, 0 are missing.
[INFO] [main] Request install with ASC-Impl [testMethod=Optional[protected org.junit.jupiter.api.DynamicContainer de.test.ClassTest.generateTestsForAllClasses() throws java.net.URISyntaxException], executionPath=/tmp/testLocalRepo13374008195217252544, whitelistedPaths=Optional[[PathRule["target" (STARTS_WITH) in WHITELIST; level READ]]], blacklistedPaths=[PathRule["target/test-classes" (STARTS_WITH) in BLACKLIST; level READ]], allowedLocalPorts=[], trustedPackages=[]]
[INFO] [main] Request whitelisting: Thread[ajts-to-16,5,Test-Threadgroup] []
[INFO] [main] Thread whitelisted: Thread[ajts-to-16,5,Test-Threadgroup]
[INFO] [main] Request uninstall
[DEBUG] [main] Validated build configuration regarding trusted package rules, 0 are missing.
[INFO] [main] Request install with ASC-Impl [testMethod=Optional[protected org.junit.jupiter.api.DynamicContainer de.test.ClassTest.generateTestsForAllClasses() throws java.net.URISyntaxException], executionPath=/tmp/testLocalRepo13374008195217252544, whitelistedPaths=Optional[[PathRule["target" (STARTS_WITH) in WHITELIST; level READ]]], blacklistedPaths=[PathRule["target/test-classes" (STARTS_WITH) in BLACKLIST; level READ]], allowedLocalPorts=[], trustedPackages=[]]
[INFO] [main] Request whitelisting: Thread[ajts-to-17,5,Test-Threadgroup] []
[INFO] [main] Thread whitelisted: Thread[ajts-to-17,5,Test-Threadgroup]
[INFO] [main] Request uninstall
[DEBUG] [main] Validated build configuration regarding trusted package rules, 0 are missing.
[INFO] [main] Request install with ASC-Impl [testMethod=Optional[protected org.junit.jupiter.api.DynamicContainer de.test.ClassTest.generateTestsForAllClasses() throws java.net.URISyntaxException], executionPath=/tmp/testLocalRepo13374008195217252544, whitelistedPaths=Optional[[PathRule["target" (STARTS_WITH) in WHITELIST; level READ]]], blacklistedPaths=[PathRule["target/test-classes" (STARTS_WITH) in BLACKLIST; level READ]], allowedLocalPorts=[], trustedPackages=[]]
[INFO] [main] Request whitelisting: Thread[ajts-to-18,5,Test-Threadgroup] []
[INFO] [main] Thread whitelisted: Thread[ajts-to-18,5,Test-Threadgroup]
[INFO] [main] Request uninstall
[ERROR] Tests run: 3, Failures: 3, Errors: 0, Skipped: 0, Time elapsed: 0.163 s <<< FAILURE! -- in de.test.ClassTest
[ERROR] de.test.ClassTest.testClass[MergeSort] -- Time elapsed: 0.040 s <<< FAILURE!
org.opentest4j.AssertionFailedError: The class 'MergeSort' does not implement the interface 'SortStrategy' as expected. Implement the interface and its methods.
	at de.tum.in.test.api.localization.Messages.localizedFailure(Messages.java:34)
	at de.tum.in.test.api.structural.ClassTestProvider.checkInterfaces(ClassTestProvider.java:150)
	at de.tum.in.test.api.structural.ClassTestProvider.testClass(ClassTestProvider.java:91)
	at de.tum.in.test.api.structural.ClassTestProvider.lambda$generateTestsForAllClasses$0(ClassTestProvider.java:57)
	at de.tum.in.test.api.internal.TimeoutUtils.rethrowThrowableSafe(TimeoutUtils.java:47)
	at de.tum.in.test.api.internal.TimeoutUtils.lambda$performTimeoutExecution$1(TimeoutUtils.java:42)
	at java.base/java.util.concurrent.FutureTask.run(FutureTask.java:264)
	at java.base/java.util.concurrent.ThreadPoolExecutor.runWorker(ThreadPoolExecutor.java:1136)
	at java.base/java.util.concurrent.ThreadPoolExecutor$Worker.run(ThreadPoolExecutor.java:635)
	at java.base/java.lang.Thread.run(Thread.java:840)

[ERROR] de.test.ClassTest.testClass[SortStrategy] -- Time elapsed: 0.031 s <<< FAILURE!
org.opentest4j.AssertionFailedError: The exercise expects a class with the name SortStrategy in the package de.test. You did not implement the class in the exercise.
	at de.tum.in.test.api.structural.StructuralTestProvider.failure(StructuralTestProvider.java:423)
	at de.tum.in.test.api.structural.StructuralTestProvider.findClassForTestType(StructuralTestProvider.java:105)
	at de.tum.in.test.api.structural.ClassTestProvider.testClass(ClassTestProvider.java:87)
	at de.tum.in.test.api.structural.ClassTestProvider.lambda$generateTestsForAllClasses$0(ClassTestProvider.java:57)
	at de.tum.in.test.api.internal.TimeoutUtils.rethrowThrowableSafe(TimeoutUtils.java:47)
	at de.tum.in.test.api.internal.TimeoutUtils.lambda$performTimeoutExecution$1(TimeoutUtils.java:42)
	at java.base/java.util.concurrent.FutureTask.run(FutureTask.java:264)
	at java.base/java.util.concurrent.ThreadPoolExecutor.runWorker(ThreadPoolExecutor.java:1136)
	at java.base/java.util.concurrent.ThreadPoolExecutor$Worker.run(ThreadPoolExecutor.java:635)
	at java.base/java.lang.Thread.run(Thread.java:840)

[ERROR] de.test.ClassTest.testClass[BubbleSort] -- Time elapsed: 0.028 s <<< FAILURE!
org.opentest4j.AssertionFailedError: The class 'BubbleSort' does not implement the interface 'SortStrategy' as expected. Implement the interface and its methods.
	at de.tum.in.test.api.localization.Messages.localizedFailure(Messages.java:34)
	at de.tum.in.test.api.structural.ClassTestProvider.checkInterfaces(ClassTestProvider.java:150)
	at de.tum.in.test.api.structural.ClassTestProvider.testClass(ClassTestProvider.java:91)
	at de.tum.in.test.api.structural.ClassTestProvider.lambda$generateTestsForAllClasses$0(ClassTestProvider.java:57)
	at de.tum.in.test.api.internal.TimeoutUtils.rethrowThrowableSafe(TimeoutUtils.java:47)
	at de.tum.in.test.api.internal.TimeoutUtils.lambda$performTimeoutExecution$1(TimeoutUtils.java:42)
	at java.base/java.util.concurrent.FutureTask.run(FutureTask.java:264)
	at java.base/java.util.concurrent.ThreadPoolExecutor.runWorker(ThreadPoolExecutor.java:1136)
	at java.base/java.util.concurrent.ThreadPoolExecutor$Worker.run(ThreadPoolExecutor.java:635)
	at java.base/java.lang.Thread.run(Thread.java:840)

[INFO] Running de.test.AttributeTest
[DEBUG] [main] Validated build configuration regarding trusted package rules, 0 are missing.
[INFO] [main] Request install with ASC-Impl [testMethod=Optional.empty, executionPath=/tmp/testLocalRepo13374008195217252544, whitelistedPaths=Optional[[PathRule["target" (STARTS_WITH) in WHITELIST; level READ]]], blacklistedPaths=[PathRule["target/test-classes" (STARTS_WITH) in BLACKLIST; level READ]], allowedLocalPorts=[], trustedPackages=[]]
[INFO] [main] Request uninstall
[DEBUG] [main] Validated build configuration regarding trusted package rules, 0 are missing.
[INFO] [main] Request install with ASC-Impl [testMethod=Optional[protected org.junit.jupiter.api.DynamicContainer de.test.AttributeTest.generateTestsForAllClasses() throws java.net.URISyntaxException], executionPath=/tmp/testLocalRepo13374008195217252544, whitelistedPaths=Optional[[PathRule["target" (STARTS_WITH) in WHITELIST; level READ]]], blacklistedPaths=[PathRule["target/test-classes" (STARTS_WITH) in BLACKLIST; level READ]], allowedLocalPorts=[], trustedPackages=[]]
[INFO] [main] Request whitelisting: Thread[ajts-to-19,5,Test-Threadgroup] []
[INFO] [main] Thread whitelisted: Thread[ajts-to-19,5,Test-Threadgroup]
[INFO] [main] Request uninstall
[DEBUG] [main] Validated build configuration regarding trusted package rules, 0 are missing.
[INFO] [main] Request install with ASC-Impl [testMethod=Optional[protected org.junit.jupiter.api.DynamicContainer de.test.AttributeTest.generateTestsForAllClasses() throws java.net.URISyntaxException], executionPath=/tmp/testLocalRepo13374008195217252544, whitelistedPaths=Optional[[PathRule["target" (STARTS_WITH) in WHITELIST; level READ]]], blacklistedPaths=[PathRule["target/test-classes" (STARTS_WITH) in BLACKLIST; level READ]], allowedLocalPorts=[], trustedPackages=[]]
[INFO] [main] Request whitelisting: Thread[ajts-to-20,5,Test-Threadgroup] []
[INFO] [main] Thread whitelisted: Thread[ajts-to-20,5,Test-Threadgroup]
[INFO] [main] Request uninstall
[DEBUG] [main] Validated build configuration regarding trusted package rules, 0 are missing.
[INFO] [main] Request install with ASC-Impl [testMethod=Optional[protected org.junit.jupiter.api.DynamicContainer de.test.AttributeTest.generateTestsForAllClasses() throws java.net.URISyntaxException], executionPath=/tmp/testLocalRepo13374008195217252544, whitelistedPaths=Optional[[PathRule["target" (STARTS_WITH) in WHITELIST; level READ]]], blacklistedPaths=[PathRule["target/test-classes" (STARTS_WITH) in BLACKLIST; level READ]], allowedLocalPorts=[], trustedPackages=[]]
[INFO] [main] Request whitelisting: Thread[ajts-to-21,5,Test-Threadgroup] []
[INFO] [main] Thread whitelisted: Thread[ajts-to-21,5,Test-Threadgroup]
[INFO] [main] Request uninstall
[ERROR] Tests run: 2, Failures: 2, Errors: 0, Skipped: 0, Time elapsed: 0.117 s <<< FAILURE! -- in de.test.AttributeTest
[ERROR] de.test.AttributeTest.testAttributes[Context] -- Time elapsed: 0.034 s <<< FAILURE!
org.opentest4j.AssertionFailedError: The exercise expects a class with the name Context in the package de.test. You did not implement the class in the exercise.
	at de.tum.in.test.api.structural.StructuralTestProvider.failure(StructuralTestProvider.java:423)
	at de.tum.in.test.api.structural.StructuralTestProvider.findClassForTestType(StructuralTestProvider.java:105)
	at de.tum.in.test.api.structural.AttributeTestProvider.testAttributes(AttributeTestProvider.java:79)
	at de.tum.in.test.api.structural.AttributeTestProvider.lambda$generateTestsForAllClasses$0(AttributeTestProvider.java:56)
	at de.tum.in.test.api.internal.TimeoutUtils.rethrowThrowableSafe(TimeoutUtils.java:47)
	at de.tum.in.test.api.internal.TimeoutUtils.lambda$performTimeoutExecution$1(TimeoutUtils.java:42)
	at java.base/java.util.concurrent.FutureTask.run(FutureTask.java:264)
	at java.base/java.util.concurrent.ThreadPoolExecutor.runWorker(ThreadPoolExecutor.java:1136)
	at java.base/java.util.concurrent.ThreadPoolExecutor$Worker.run(ThreadPoolExecutor.java:635)
	at java.base/java.lang.Thread.run(Thread.java:840)

[ERROR] de.test.AttributeTest.testAttributes[Policy] -- Time elapsed: 0.033 s <<< FAILURE!
org.opentest4j.AssertionFailedError: The exercise expects a class with the name Policy in the package de.test. You did not implement the class in the exercise.
	at de.tum.in.test.api.structural.StructuralTestProvider.failure(StructuralTestProvider.java:423)
	at de.tum.in.test.api.structural.StructuralTestProvider.findClassForTestType(StructuralTestProvider.java:105)
	at de.tum.in.test.api.structural.AttributeTestProvider.testAttributes(AttributeTestProvider.java:79)
	at de.tum.in.test.api.structural.AttributeTestProvider.lambda$generateTestsForAllClasses$0(AttributeTestProvider.java:56)
	at de.tum.in.test.api.internal.TimeoutUtils.rethrowThrowableSafe(TimeoutUtils.java:47)
	at de.tum.in.test.api.internal.TimeoutUtils.lambda$performTimeoutExecution$1(TimeoutUtils.java:42)
	at java.base/java.util.concurrent.FutureTask.run(FutureTask.java:264)
	at java.base/java.util.concurrent.ThreadPoolExecutor.runWorker(ThreadPoolExecutor.java:1136)
	at java.base/java.util.concurrent.ThreadPoolExecutor$Worker.run(ThreadPoolExecutor.java:635)
	at java.base/java.lang.Thread.run(Thread.java:840)

[INFO] 
[INFO] Results:
[INFO] 
[ERROR] Failures: 
[ERROR]   AttributeTest>AttributeTestProvider.lambda$generateTestsForAllClasses$0:56->AttributeTestProvider.testAttributes:79->StructuralTestProvider.findClassForTestType:105->StructuralTestProvider.failure:423 The exercise expects a class with the name Context in the package de.test. You did not implement the class in the exercise.
[ERROR]   AttributeTest>AttributeTestProvider.lambda$generateTestsForAllClasses$0:56->AttributeTestProvider.testAttributes:79->StructuralTestProvider.findClassForTestType:105->StructuralTestProvider.failure:423 The exercise expects a class with the name Policy in the package de.test. You did not implement the class in the exercise.
[ERROR]   ClassTest>ClassTestProvider.lambda$generateTestsForAllClasses$0:57->ClassTestProvider.testClass:91->ClassTestProvider.checkInterfaces:150 The class 'BubbleSort' does not implement the interface 'SortStrategy' as expected. Implement the interface and its methods.
[ERROR]   ClassTest>ClassTestProvider.lambda$generateTestsForAllClasses$0:57->ClassTestProvider.testClass:91->ClassTestProvider.checkInterfaces:150 The class 'MergeSort' does not implement the interface 'SortStrategy' as expected. Implement the interface and its methods.
[ERROR]   ClassTest>ClassTestProvider.lambda$generateTestsForAllClasses$0:57->ClassTestProvider.testClass:87->StructuralTestProvider.findClassForTestType:105->StructuralTestProvider.failure:423 The exercise expects a class with the name SortStrategy in the package de.test. You did not implement the class in the exercise.
[ERROR]   ConstructorTest>ConstructorTestProvider.lambda$generateTestsForAllClasses$0:53->ConstructorTestProvider.testConstructors:76->StructuralTestProvider.findClassForTestType:105->StructuralTestProvider.failure:423 The exercise expects a class with the name Policy in the package de.test. You did not implement the class in the exercise.
[ERROR]   MethodTest>MethodTestProvider.lambda$generateTestsForAllClasses$0:53->MethodTestProvider.testMethods:76->StructuralTestProvider.findClassForTestType:105->StructuralTestProvider.failure:423 The exercise expects a class with the name Context in the package de.test. You did not implement the class in the exercise.
[ERROR]   MethodTest>MethodTestProvider.lambda$generateTestsForAllClasses$0:53->MethodTestProvider.testMethods:76->StructuralTestProvider.findClassForTestType:105->StructuralTestProvider.failure:423 The exercise expects a class with the name Policy in the package de.test. You did not implement the class in the exercise.
[ERROR]   MethodTest>MethodTestProvider.lambda$generateTestsForAllClasses$0:53->MethodTestProvider.testMethods:76->StructuralTestProvider.findClassForTestType:105->StructuralTestProvider.failure:423 The exercise expects a class with the name SortStrategy in the package de.test. You did not implement the class in the exercise.
[ERROR]   SortingExampleBehaviorTest.testBubbleSort:48 BubbleSort does not sort correctly
[ERROR]   SortingExampleBehaviorTest.testMergeSort:58 MergeSort does not sort correctly
[ERROR]   SortingExampleBehaviorTest.testUseBubbleSortForSmallList:82->configurePolicyAndContext:89 The class 'Context' was not found within the submission. Make sure to implement it properly.
[ERROR]   SortingExampleBehaviorTest.testUseMergeSortForBigList:69->configurePolicyAndContext:89 The class 'Context' was not found within the submission. Make sure to implement it properly.
[INFO] 
[ERROR] Tests run: 13, Failures: 13, Errors: 0, Skipped: 0
[INFO] 
[INFO] ------------------------------------------------------------------------
[INFO] BUILD FAILURE
[INFO] ------------------------------------------------------------------------
[INFO] Total time:  4.717 s
[INFO] Finished at: 2025-02-14T23:48:30Z
[INFO] ------------------------------------------------------------------------
[ERROR] Failed to execute goal org.apache.maven.plugins:maven-surefire-plugin:3.2.5:test (default-test) on project 003b52f8-ec0e-4486-b6f0-65015cc33bbf-Tests: There are test failures.
[ERROR] 
[ERROR] Please refer to /tmp/testLocalRepo13374008195217252544/target/surefire-reports for the individual test results.
[ERROR] Please refer to dump files (if any exist) [date].dump, [date]-jvmRun[N].dump and [date].dumpstream.
[ERROR] -> [Help 1]
[ERROR] 
[ERROR] To see the full stack trace of the errors, re-run Maven with the -e switch.
[ERROR] Re-run Maven using the -X switch to enable full debug logging.
[ERROR] 
[ERROR] For more information about the errors and possible solutions, please read the following articles:
[ERROR] [Help 1] http://cwiki.apache.org/confluence/display/MAVEN/MojoFailureException
[WARN] Maven will be executed in interactive mode, but no input stream has been configured for this MavenInvoker instance.
Apache Maven 3.9.9 (8e8579a9e76f7d015ee5ec7bfcdc97d260186937)
Maven home: /usr/share/apache-maven-3.9.9
Java version: 17.0.14, vendor: Eclipse Adoptium, runtime: /usr/lib/jvm/temurin-17-jdk-amd64
Default locale: en, platform encoding: UTF-8
OS name: "linux", version: "6.8.0-1021-azure", arch: "amd64", family: "unix"

Starting logs for TextSubmissionIntegrationTest

  Starting logs for TextSubmissionIntegrationTest > getTextSubmissionWithResult()
    23:48:29.592 |  37 Pool-1-worker-11 | DEBUG | d.t.c.a.a.c.u.util.UserUtilService   : Generate 2 students...
    23:48:29.596 |  37 Pool-1-worker-11 | DEBUG | d.t.c.a.a.c.u.util.UserUtilService   : 2 students generated. Generate 1 tutors...
    23:48:29.598 |  37 Pool-1-worker-11 | DEBUG | d.t.c.a.a.c.u.util.UserUtilService   : 1 tutors generated. Generate 0 editors...
    23:48:29.599 |  37 Pool-1-worker-11 | DEBUG | d.t.c.a.a.c.u.util.UserUtilService   : 0 editors generated. Generate 1 instructors...
    23:48:29.601 |  37 Pool-1-worker-11 | DEBUG | d.t.c.a.a.c.u.util.UserUtilService   : 1 instructors generated
    23:48:29.603 |  37 Pool-1-worker-11 | DEBUG | d.t.c.a.a.c.u.util.UserUtilService   : Removing 5 users from all courses...
    23:48:29.604 |  37 Pool-1-worker-11 | DEBUG | d.t.c.a.a.c.u.util.UserUtilService   : Removing 5 users from all courses. Done
    23:48:29.604 |  37 Pool-1-worker-11 | DEBUG | d.t.c.a.a.c.u.util.UserUtilService   : Save 4 users to database...
    23:48:29.607 |  37 Pool-1-worker-11 | DEBUG | d.t.c.a.a.c.u.util.UserUtilService   : Save 4 users to database. Done
    23:48:29.621 |  37 Pool-1-worker-11 | INFO  | i.z.t.d.l.EmbeddedDatabaseReporter   : JDBC URL to connect to 'dataSource': url='jdbc:h2:tcp://localhost:41063/mem:df70fc46-7e57-4cb5-9cd0-c1d90c14afa7;USER=sa', scope='TextSubmissionIntegrationTest#getTextSubmissionWithResult'
    23:48:29.624 |  37 Pool-1-worker-11 | DEBUG | .c.s.m.InstanceMessageReceiveService : Received schedule participant score for exercise 3985 and participant 745 (result to be deleted: null)
    23:48:29.624 |  37 Pool-1-worker-11 | DEBUG | .a.s.ParticipantScoreScheduleService : Scheduled task for exercise 3985 and participant 745 at 2025-02-14T23:48:29.724260668Z[Etc/UTC].
    23:48:29.642 |  37 Pool-1-worker-11 | DEBUG | .c.s.m.InstanceMessageReceiveService : Received schedule participant score for exercise 3985 and participant 745 (result to be deleted: null)
    23:48:29.642 |  37 Pool-1-worker-11 | DEBUG | .a.s.ParticipantScoreScheduleService : Scheduled task for exercise 3985 and participant 745 at 2025-02-14T23:48:29.742850699Z[Etc/UTC].
    23:48:29.646 |  37 Pool-1-worker-11 | DEBUG | d.t.c.a.a.c.s.f.ApiVersionFilter     : Adding Version to Request GET /api/text-submissions/1955
    23:48:29.647 |  37 Pool-1-worker-11 | DEBUG | d.t.c.a.a.t.w.TextSubmissionResource : REST request to get text submission: 1955

  Starting logs for TextSubmissionIntegrationTest > getTextSubmissionWithResult_involved_allowed()
    23:48:29.664 |  37 Pool-1-worker-11 | DEBUG | d.t.c.a.a.c.u.util.UserUtilService   : Generate 2 students...
    23:48:29.668 |  37 Pool-1-worker-11 | DEBUG | d.t.c.a.a.c.u.util.UserUtilService   : 2 students generated. Generate 1 tutors...
    23:48:29.670 |  37 Pool-1-worker-11 | DEBUG | d.t.c.a.a.c.u.util.UserUtilService   : 1 tutors generated. Generate 0 editors...
    23:48:29.671 |  37 Pool-1-worker-11 | DEBUG | d.t.c.a.a.c.u.util.UserUtilService   : 0 editors generated. Generate 1 instructors...
    23:48:29.673 |  37 Pool-1-worker-11 | DEBUG | d.t.c.a.a.c.u.util.UserUtilService   : 1 instructors generated
    23:48:29.675 |  37 Pool-1-worker-11 | DEBUG | d.t.c.a.a.c.u.util.UserUtilService   : Removing 4 users from all courses...
    23:48:29.675 |  37 Pool-1-worker-11 | DEBUG | d.t.c.a.a.c.u.util.UserUtilService   : Removing 4 users from all courses. Done
    23:48:29.675 |  37 Pool-1-worker-11 | DEBUG | d.t.c.a.a.c.u.util.UserUtilService   : Save 4 users to database...
    23:48:29.683 |  37 Pool-1-worker-11 | DEBUG | d.t.c.a.a.c.u.util.UserUtilService   : Save 4 users to database. Done
    23:48:29.702 |  37 Pool-1-worker-11 | INFO  | i.z.t.d.l.EmbeddedDatabaseReporter   : JDBC URL to connect to 'dataSource': url='jdbc:h2:tcp://localhost:41063/mem:df70fc46-7e57-4cb5-9cd0-c1d90c14afa7;USER=sa', scope='TextSubmissionIntegrationTest#getTextSubmissionWithResult_involved_allowed'
    23:48:29.706 |  37 Pool-1-worker-11 | DEBUG | d.t.c.a.a.c.s.f.ApiVersionFilter     : Adding Version to Request GET /api/text-submissions/1956
    23:48:29.707 |  37 Pool-1-worker-11 | DEBUG | d.t.c.a.a.t.w.TextSubmissionResource : REST request to get text submission: 1956

  Starting logs for TextSubmissionIntegrationTest > submitExercise_afterDueDate_forbidden()
    23:48:29.724 |  37 Pool-1-worker-11 | DEBUG | d.t.c.a.a.c.u.util.UserUtilService   : Generate 2 students...
    23:48:29.729 |  37 Pool-1-worker-11 | DEBUG | d.t.c.a.a.c.u.util.UserUtilService   : 2 students generated. Generate 1 tutors...
    23:48:29.731 |  37 Pool-1-worker-11 | DEBUG | d.t.c.a.a.c.u.util.UserUtilService   : 1 tutors generated. Generate 0 editors...
    23:48:29.732 |  37 Pool-1-worker-11 | DEBUG | d.t.c.a.a.c.u.util.UserUtilService   : 0 editors generated. Generate 1 instructors...
    23:48:29.734 |  37 Pool-1-worker-11 | DEBUG | d.t.c.a.a.c.u.util.UserUtilService   : 1 instructors generated
    23:48:29.736 |  37 Pool-1-worker-11 | DEBUG | d.t.c.a.a.c.u.util.UserUtilService   : Removing 4 users from all courses...
    23:48:29.736 |  37 Pool-1-worker-11 | DEBUG | d.t.c.a.a.c.u.util.UserUtilService   : Removing 4 users from all courses. Done
    23:48:29.736 |  37 Pool-1-worker-11 | DEBUG | d.t.c.a.a.c.u.util.UserUtilService   : Save 4 users to database...
    23:48:29.739 |  37 Pool-1-worker-11 | DEBUG | d.t.c.a.a.c.u.util.UserUtilService   : Save 4 users to database. Done
    23:48:29.754 |  37 Pool-1-worker-11 | INFO  | i.z.t.d.l.EmbeddedDatabaseReporter   : JDBC URL to connect to 'dataSource': url='jdbc:h2:tcp://localhost:41063/mem:df70fc46-7e57-4cb5-9cd0-c1d90c14afa7;USER=sa', scope='TextSubmissionIntegrationTest#submitExercise_afterDueDate_forbidden'
    23:48:29.756 |  37 Pool-1-worker-11 | DEBUG | d.t.c.a.a.c.s.f.ApiVersionFilter     : Adding Version to Request PUT /api/exercises/3989/text-submissions
    23:48:29.757 |  37 Pool-1-worker-11 | DEBUG | d.t.c.a.a.t.w.TextSubmissionResource : REST request to update text submission: TextSubmission{id=null, text='example text', language='ENGLISH'}
    23:48:29.757 |  37 Pool-1-worker-11 | DEBUG | d.t.c.a.a.t.w.TextSubmissionResource : REST request to save text submission : TextSubmission{id=null, text='example text', language='ENGLISH'}
    23:48:29.760 |  37 Pool-1-worker-11 | WARN  | o.z.p.spring.common.AdviceTraits     : Forbidden: You are not allowed to access this resource

  Starting logs for TextSubmissionIntegrationTest > saveExercise_beforeDueDate()
    23:48:29.769 |  37 Pool-1-worker-11 | DEBUG | d.t.c.a.a.c.u.util.UserUtilService   : Generate 2 students...
    23:48:29.773 |  37 Pool-1-worker-11 | DEBUG | d.t.c.a.a.c.u.util.UserUtilService   : 2 students generated. Generate 1 tutors...
    23:48:29.777 |  37 Pool-1-worker-11 | DEBUG | d.t.c.a.a.c.u.util.UserUtilService   : 1 tutors generated. Generate 0 editors...
    23:48:29.779 |  37 Pool-1-worker-11 | DEBUG | d.t.c.a.a.c.u.util.UserUtilService   : 0 editors generated. Generate 1 instructors...
    23:48:29.781 |  37 Pool-1-worker-11 | DEBUG | d.t.c.a.a.c.u.util.UserUtilService   : 1 instructors generated
    23:48:29.784 |  37 Pool-1-worker-11 | DEBUG | d.t.c.a.a.c.u.util.UserUtilService   : Removing 4 users from all courses...
    23:48:29.785 |  37 Pool-1-worker-11 | DEBUG | d.t.c.a.a.c.u.util.UserUtilService   : Removing 4 users from all courses. Done
    23:48:29.785 |  37 Pool-1-worker-11 | DEBUG | d.t.c.a.a.c.u.util.UserUtilService   : Save 4 users to database...
    23:48:29.787 |  37 Pool-1-worker-11 | DEBUG | d.t.c.a.a.c.u.util.UserUtilService   : Save 4 users to database. Done
    23:48:29.800 |  37 Pool-1-worker-11 | INFO  | i.z.t.d.l.EmbeddedDatabaseReporter   : JDBC URL to connect to 'dataSource': url='jdbc:h2:tcp://localhost:41063/mem:df70fc46-7e57-4cb5-9cd0-c1d90c14afa7;USER=sa', scope='TextSubmissionIntegrationTest#saveExercise_beforeDueDate'
    23:48:29.801 |  37 Pool-1-worker-11 | DEBUG | d.t.c.a.a.c.s.f.ApiVersionFilter     : Adding Version to Request PUT /api/exercises/3990/text-submissions
    23:48:29.802 |  37 Pool-1-worker-11 | DEBUG | d.t.c.a.a.t.w.TextSubmissionResource : REST request to update text submission: TextSubmission{id=null, text='example text 2', language='ENGLISH'}
    23:48:29.802 |  37 Pool-1-worker-11 | DEBUG | d.t.c.a.a.t.w.TextSubmissionResource : REST request to save text submission : TextSubmission{id=null, text='example text 2', language='ENGLISH'}
    23:48:29.806 |  37 Pool-1-worker-11 | INFO  | d.t.c.a.a.t.w.TextSubmissionResource : handleTextSubmission took 4ms for exercise 3990 and user textsubmissionintegrationstudent1

  Starting logs for TextSubmissionIntegrationTest > submitExercise_beforeDueDate_isTeamMode()
    23:48:29.819 |  37 Pool-1-worker-11 | DEBUG | d.t.c.a.a.c.u.util.UserUtilService   : Generate 2 students...
    23:48:29.823 |  37 Pool-1-worker-11 | DEBUG | d.t.c.a.a.c.u.util.UserUtilService   : 2 students generated. Generate 1 tutors...
    23:48:29.825 |  37 Pool-1-worker-11 | DEBUG | d.t.c.a.a.c.u.util.UserUtilService   : 1 tutors generated. Generate 0 editors...
    23:48:29.826 |  37 Pool-1-worker-11 | DEBUG | d.t.c.a.a.c.u.util.UserUtilService   : 0 editors generated. Generate 1 instructors...
    23:48:29.829 |  37 Pool-1-worker-11 | DEBUG | d.t.c.a.a.c.u.util.UserUtilService   : 1 instructors generated
    23:48:29.831 |  37 Pool-1-worker-11 | DEBUG | d.t.c.a.a.c.u.util.UserUtilService   : Removing 4 users from all courses...
    23:48:29.832 |  37 Pool-1-worker-11 | DEBUG | d.t.c.a.a.c.u.util.UserUtilService   : Removing 4 users from all courses. Done
    23:48:29.832 |  37 Pool-1-worker-11 | DEBUG | d.t.c.a.a.c.u.util.UserUtilService   : Save 4 users to database...
    23:48:29.835 |  37 Pool-1-worker-11 | DEBUG | d.t.c.a.a.c.u.util.UserUtilService   : Save 4 users to database. Done
    23:48:29.848 |  37 Pool-1-worker-11 | INFO  | i.z.t.d.l.EmbeddedDatabaseReporter   : JDBC URL to connect to 'dataSource': url='jdbc:h2:tcp://localhost:41063/mem:df70fc46-7e57-4cb5-9cd0-c1d90c14afa7;USER=sa', scope='TextSubmissionIntegrationTest#submitExercise_beforeDueDate_isTeamMode'
    23:48:29.866 |  37 Pool-1-worker-11 | DEBUG | d.t.c.a.a.c.s.f.ApiVersionFilter     : Adding Version to Request PUT /api/exercises/3992/text-submissions
    23:48:29.867 |  37 Pool-1-worker-11 | DEBUG | d.t.c.a.a.t.w.TextSubmissionResource : REST request to update text submission: TextSubmission{id=null, text='example text', language='ENGLISH'}
    23:48:29.867 |  37 Pool-1-worker-11 | DEBUG | d.t.c.a.a.t.w.TextSubmissionResource : REST request to save text submission : TextSubmission{id=null, text='example text', language='ENGLISH'}
    23:48:29.872 |  37 Pool-1-worker-11 | INFO  | d.t.c.a.a.t.w.TextSubmissionResource : handleTextSubmission took 5ms for exercise 3992 and user textsubmissionintegrationstudent1
    23:48:29.885 |  37 Pool-1-worker-11 | DEBUG | d.t.c.a.a.c.s.f.ApiVersionFilter     : Adding Version to Request PUT /api/exercises/3992/text-submissions
    23:48:29.886 |  37 Pool-1-worker-11 | DEBUG | d.t.c.a.a.t.w.TextSubmissionResource : REST request to update text submission: TextSubmission{id=1958, text='example text Extra contribution.', language='ENGLISH'}
    23:48:29.902 |  37 Pool-1-worker-11 | INFO  | d.t.c.a.a.t.w.TextSubmissionResource : handleTextSubmission took 16ms for exercise 3992 and user textsubmissionintegrationstudent2
    23:48:29.905 |  37 Pool-1-worker-11 | DEBUG | d.t.c.a.a.c.s.f.ApiVersionFilter     : Adding Version to Request PUT /api/exercises/3992/text-submissions
    23:48:29.906 |  37 Pool-1-worker-11 | DEBUG | d.t.c.a.a.t.w.TextSubmissionResource : REST request to update text submission: TextSubmission{id=null, text='example text', language='ENGLISH'}
    23:48:29.906 |  37 Pool-1-worker-11 | DEBUG | d.t.c.a.a.t.w.TextSubmissionResource : REST request to save text submission : TextSubmission{id=null, text='example text', language='ENGLISH'}
    23:48:29.910 |  37 Pool-1-worker-11 | INFO  | d.t.c.a.a.t.w.TextSubmissionResource : handleTextSubmission took 4ms for exercise 3992 and user textsubmissionintegrationstudent2
    23:48:29.915 |  37 Pool-1-worker-11 | DEBUG | d.t.c.a.a.c.s.f.ApiVersionFilter     : Adding Version to Request PUT /api/exercises/3992/text-submissions
    23:48:29.916 |  37 Pool-1-worker-11 | DEBUG | d.t.c.a.a.t.w.TextSubmissionResource : REST request to update text submission: TextSubmission{id=1958, text='example text Extra contribution. Even more.', language='ENGLISH'}
    23:48:29.938 |  37 Pool-1-worker-11 | INFO  | d.t.c.a.a.t.w.TextSubmissionResource : handleTextSubmission took 22ms for exercise 3992 and user textsubmissionintegrationstudent2

  Starting logs for TextSubmissionIntegrationTest > getAllTextSubmissions_studentVisibleForInstructor()
    23:48:29.955 |  37 Pool-1-worker-11 | DEBUG | d.t.c.a.a.c.u.util.UserUtilService   : Generate 2 students...
    23:48:29.959 |  37 Pool-1-worker-11 | DEBUG | d.t.c.a.a.c.u.util.UserUtilService   : 2 students generated. Generate 1 tutors...
    23:48:29.962 |  37 Pool-1-worker-11 | DEBUG | d.t.c.a.a.c.u.util.UserUtilService   : 1 tutors generated. Generate 0 editors...
    23:48:29.964 |  37 Pool-1-worker-11 | DEBUG | d.t.c.a.a.c.u.util.UserUtilService   : 0 editors generated. Generate 1 instructors...
    23:48:29.966 |  37 Pool-1-worker-11 | DEBUG | d.t.c.a.a.c.u.util.UserUtilService   : 1 instructors generated
    23:48:29.969 |  37 Pool-1-worker-11 | DEBUG | d.t.c.a.a.c.u.util.UserUtilService   : Removing 4 users from all courses...
    23:48:29.970 |  37 Pool-1-worker-11 | DEBUG | d.t.c.a.a.c.u.util.UserUtilService   : Removing 4 users from all courses. Done
    23:48:29.970 |  37 Pool-1-worker-11 | DEBUG | d.t.c.a.a.c.u.util.UserUtilService   : Save 4 users to database...
    23:48:29.973 |  37 Pool-1-worker-11 | DEBUG | d.t.c.a.a.c.u.util.UserUtilService   : Save 4 users to database. Done
    23:48:29.986 |  37 Pool-1-worker-11 | INFO  | i.z.t.d.l.EmbeddedDatabaseReporter   : JDBC URL to connect to 'dataSource': url='jdbc:h2:tcp://localhost:41063/mem:df70fc46-7e57-4cb5-9cd0-c1d90c14afa7;USER=sa', scope='TextSubmissionIntegrationTest#getAllTextSubmissions_studentVisibleForInstructor'
    23:48:29.989 |  37 Pool-1-worker-11 | DEBUG | d.t.c.a.a.c.s.f.ApiVersionFilter     : Adding Version to Request GET /api/exercises/3995/text-submissions
    23:48:29.990 |  37 Pool-1-worker-11 | DEBUG | d.t.c.a.a.t.w.TextSubmissionResource : REST request to get all TextSubmissions

  Starting logs for TextSubmissionIntegrationTest > getTextSubmissionWithoutAssessment_lockSubmission()
    23:48:30.005 |  37 Pool-1-worker-11 | DEBUG | d.t.c.a.a.c.u.util.UserUtilService   : Generate 2 students...
    23:48:30.009 |  37 Pool-1-worker-11 | DEBUG | d.t.c.a.a.c.u.util.UserUtilService   : 2 students generated. Generate 1 tutors...
    23:48:30.011 |  37 Pool-1-worker-11 | DEBUG | d.t.c.a.a.c.u.util.UserUtilService   : 1 tutors generated. Generate 0 editors...
    23:48:30.012 |  37 Pool-1-worker-11 | DEBUG | d.t.c.a.a.c.u.util.UserUtilService   : 0 editors generated. Generate 1 instructors...
    23:48:30.014 |  37 Pool-1-worker-11 | DEBUG | d.t.c.a.a.c.u.util.UserUtilService   : 1 instructors generated
    23:48:30.016 |  37 Pool-1-worker-11 | DEBUG | d.t.c.a.a.c.u.util.UserUtilService   : Removing 4 users from all courses...
    23:48:30.016 |  37 Pool-1-worker-11 | DEBUG | d.t.c.a.a.c.u.util.UserUtilService   : Removing 4 users from all courses. Done
    23:48:30.016 |  37 Pool-1-worker-11 | DEBUG | d.t.c.a.a.c.u.util.UserUtilService   : Save 4 users to database...
    23:48:30.020 |  37 Pool-1-worker-11 | DEBUG | d.t.c.a.a.c.u.util.UserUtilService   : Save 4 users to database. Done
    23:48:30.038 |  37 Pool-1-worker-11 | INFO  | i.z.t.d.l.EmbeddedDatabaseReporter   : JDBC URL to connect to 'dataSource': url='jdbc:h2:tcp://localhost:41063/mem:df70fc46-7e57-4cb5-9cd0-c1d90c14afa7;USER=sa', scope='TextSubmissionIntegrationTest#getTextSubmissionWithoutAssessment_lockSubmission'
    23:48:30.042 |  37 Pool-1-worker-11 | DEBUG | d.t.c.a.a.c.s.f.ApiVersionFilter     : Adding Version to Request GET /api/exercises/3997/text-submission-without-assessment
    23:48:30.042 |  37 Pool-1-worker-11 | DEBUG | d.t.c.a.a.t.w.TextSubmissionResource : REST request to get a text submission without assessment
    23:48:30.051 |  37 Pool-1-worker-11 | DEBUG | .c.s.m.InstanceMessageReceiveService : Received schedule participant score for exercise 3997 and participant 745 (result to be deleted: null)
    23:48:30.051 |  37 Pool-1-worker-11 | DEBUG | .a.s.ParticipantScoreScheduleService : Scheduled task for exercise 3997 and participant 745 at 2025-02-14T23:48:30.151310203Z[Etc/UTC].
    23:48:30.059 |  37 Pool-1-worker-11 | DEBUG | .c.s.m.InstanceMessageReceiveService : Received schedule participant score for exercise 3997 and participant 745 (result to be deleted: null)
    23:48:30.059 |  37 Pool-1-worker-11 | DEBUG | .a.s.ParticipantScoreScheduleService : Scheduled task for exercise 3997 and participant 745 at 2025-02-14T23:48:30.159485387Z[Etc/UTC].
    23:48:30.067 |  37 Pool-1-worker-11 | DEBUG | .c.s.m.InstanceMessageReceiveService : Received schedule participant score for exercise 3997 and participant 745 (result to be deleted: null)
    23:48:30.068 |  37 Pool-1-worker-11 | DEBUG | .a.s.ParticipantScoreScheduleService : Scheduled task for exercise 3997 and participant 745 at 2025-02-14T23:48:30.168031645Z[Etc/UTC].

  Starting logs for TextSubmissionIntegrationTest > getTextSubmissionWithResult_notInvolved_notAllowed()
    23:48:30.087 |  37 Pool-1-worker-11 | DEBUG | d.t.c.a.a.c.u.util.UserUtilService   : Generate 2 students...
    23:48:30.092 |  37 Pool-1-worker-11 | DEBUG | d.t.c.a.a.c.u.util.UserUtilService   : 2 students generated. Generate 1 tutors...
    23:48:30.095 |  37 Pool-1-worker-11 | DEBUG | d.t.c.a.a.c.u.util.UserUtilService   : 1 tutors generated. Generate 0 editors...
    23:48:30.096 |  37 Pool-1-worker-11 | DEBUG | d.t.c.a.a.c.u.util.UserUtilService   : 0 editors generated. Generate 1 instructors...
    23:48:30.098 |  37 Pool-1-worker-11 | DEBUG | d.t.c.a.a.c.u.util.UserUtilService   : 1 instructors generated
    23:48:30.100 |  37 Pool-1-worker-11 | DEBUG | d.t.c.a.a.c.u.util.UserUtilService   : Removing 4 users from all courses...
    23:48:30.100 |  37 Pool-1-worker-11 | DEBUG | d.t.c.a.a.c.u.util.UserUtilService   : Removing 4 users from all courses. Done
    23:48:30.100 |  37 Pool-1-worker-11 | DEBUG | d.t.c.a.a.c.u.util.UserUtilService   : Save 4 users to database...
    23:48:30.103 |  37 Pool-1-worker-11 | DEBUG | d.t.c.a.a.c.u.util.UserUtilService   : Save 4 users to database. Done
    23:48:30.118 |  37 Pool-1-worker-11 | INFO  | i.z.t.d.l.EmbeddedDatabaseReporter   : JDBC URL to connect to 'dataSource': url='jdbc:h2:tcp://localhost:41063/mem:df70fc46-7e57-4cb5-9cd0-c1d90c14afa7;USER=sa', scope='TextSubmissionIntegrationTest#getTextSubmissionWithResult_notInvolved_notAllowed'
    23:48:30.122 |  37 Pool-1-worker-11 | DEBUG | d.t.c.a.a.c.s.f.ApiVersionFilter     : Adding Version to Request GET /api/text-submissions/1962
    23:48:30.122 |  37 Pool-1-worker-11 | DEBUG | d.t.c.a.a.t.w.TextSubmissionResource : REST request to get text submission: 1962
    23:48:30.128 |  37 Pool-1-worker-11 | WARN  | o.z.p.spring.common.AdviceTraits     : Forbidden: This plagiarism submission is not related to the requesting user or the user has not been notified yet.

  Starting logs for TextSubmissionIntegrationTest > submitExercise_beforeDueDateWithTwoSubmissions_allowed()
    23:48:30.138 |  37 Pool-1-worker-11 | DEBUG | d.t.c.a.a.c.u.util.UserUtilService   : Generate 2 students...
    23:48:30.141 |  37 Pool-1-worker-11 | DEBUG | d.t.c.a.a.c.u.util.UserUtilService   : 2 students generated. Generate 1 tutors...
    23:48:30.144 |  37 Pool-1-worker-11 | DEBUG | d.t.c.a.a.c.u.util.UserUtilService   : 1 tutors generated. Generate 0 editors...
    23:48:30.145 |  37 Pool-1-worker-11 | DEBUG | d.t.c.a.a.c.u.util.UserUtilService   : 0 editors generated. Generate 1 instructors...
    23:48:30.147 |  37 Pool-1-worker-11 | DEBUG | d.t.c.a.a.c.u.util.UserUtilService   : 1 instructors generated
    23:48:30.150 |  37 Pool-1-worker-11 | DEBUG | d.t.c.a.a.c.u.util.UserUtilService   : Removing 4 users from all courses...
    23:48:30.151 |  37 Pool-1-worker-11 | DEBUG | d.t.c.a.a.c.u.util.UserUtilService   : Removing 4 users from all courses. Done
    23:48:30.151 |  37 Pool-1-worker-11 | DEBUG | d.t.c.a.a.c.u.util.UserUtilService   : Save 4 users to database...
    23:48:30.155 |  37 Pool-1-worker-11 | DEBUG | d.t.c.a.a.c.u.util.UserUtilService   : Save 4 users to database. Done
    23:48:30.174 |  37 Pool-1-worker-11 | INFO  | i.z.t.d.l.EmbeddedDatabaseReporter   : JDBC URL to connect to 'dataSource': url='jdbc:h2:tcp://localhost:41063/mem:df70fc46-7e57-4cb5-9cd0-c1d90c14afa7;USER=sa', scope='TextSubmissionIntegrationTest#submitExercise_beforeDueDateWithTwoSubmissions_allowed'
    23:48:30.175 |  37 Pool-1-worker-11 | DEBUG | d.t.c.a.a.c.s.f.ApiVersionFilter     : Adding Version to Request PUT /api/exercises/4000/text-submissions
    23:48:30.175 |  37 Pool-1-worker-11 | DEBUG | d.t.c.a.a.t.w.TextSubmissionResource : REST request to update text submission: TextSubmission{id=null, text='example text', language='ENGLISH'}
    23:48:30.175 |  37 Pool-1-worker-11 | DEBUG | d.t.c.a.a.t.w.TextSubmissionResource : REST request to save text submission : TextSubmission{id=null, text='example text', language='ENGLISH'}
    23:48:30.179 |  37 Pool-1-worker-11 | INFO  | d.t.c.a.a.t.w.TextSubmissionResource : handleTextSubmission took 4ms for exercise 4000 and user textsubmissionintegrationstudent1
    23:48:30.181 |  37 Pool-1-worker-11 | DEBUG | d.t.c.a.a.c.s.f.ApiVersionFilter     : Adding Version to Request PUT /api/exercises/4000/text-submissions
    23:48:30.182 |  37 Pool-1-worker-11 | DEBUG | d.t.c.a.a.t.w.TextSubmissionResource : REST request to update text submission: TextSubmission{id=1963, text='Some other test text', language='ENGLISH'}
    23:48:30.190 |  37 Pool-1-worker-11 | INFO  | d.t.c.a.a.t.w.TextSubmissionResource : handleTextSubmission took 8ms for exercise 4000 and user textsubmissionintegrationstudent1

  Starting logs for TextSubmissionIntegrationTest > getAllTextSubmissions_notAssessedByTutorForTutor()
    23:48:30.206 |  37 Pool-1-worker-11 | DEBUG | d.t.c.a.a.c.u.util.UserUtilService   : Generate 2 students...
    23:48:30.211 |  37 Pool-1-worker-11 | DEBUG | d.t.c.a.a.c.u.util.UserUtilService   : 2 students generated. Generate 1 tutors...
    23:48:30.213 |  37 Pool-1-worker-11 | DEBUG | d.t.c.a.a.c.u.util.UserUtilService   : 1 tutors generated. Generate 0 editors...
    23:48:30.215 |  37 Pool-1-worker-11 | DEBUG | d.t.c.a.a.c.u.util.UserUtilService   : 0 editors generated. Generate 1 instructors...
    23:48:30.217 |  37 Pool-1-worker-11 | DEBUG | d.t.c.a.a.c.u.util.UserUtilService   : 1 instructors generated
    23:48:30.218 |  37 Pool-1-worker-11 | DEBUG | d.t.c.a.a.c.u.util.UserUtilService   : Removing 4 users from all courses...
    23:48:30.219 |  37 Pool-1-worker-11 | DEBUG | d.t.c.a.a.c.u.util.UserUtilService   : Removing 4 users from all courses. Done
    23:48:30.219 |  37 Pool-1-worker-11 | DEBUG | d.t.c.a.a.c.u.util.UserUtilService   : Save 4 users to database...
    23:48:30.221 |  37 Pool-1-worker-11 | DEBUG | d.t.c.a.a.c.u.util.UserUtilService   : Save 4 users to database. Done
    23:48:30.233 |  37 Pool-1-worker-11 | INFO  | i.z.t.d.l.EmbeddedDatabaseReporter   : JDBC URL to connect to 'dataSource': url='jdbc:h2:tcp://localhost:41063/mem:df70fc46-7e57-4cb5-9cd0-c1d90c14afa7;USER=sa', scope='TextSubmissionIntegrationTest#getAllTextSubmissions_notAssessedByTutorForTutor'
    23:48:30.236 |  37 Pool-1-worker-11 | DEBUG | d.t.c.a.a.c.s.f.ApiVersionFilter     : Adding Version to Request GET /api/exercises/4003/text-submissions
    23:48:30.236 |  37 Pool-1-worker-11 | DEBUG | d.t.c.a.a.t.w.TextSubmissionResource : REST request to get all TextSubmissions
    23:48:30.237 |  37 Pool-1-worker-11 | WARN  | o.z.p.spring.common.AdviceTraits     : Forbidden: You are not allowed to access the Course with id 3213

  Starting logs for TextSubmissionIntegrationTest > getTextSubmissionWithoutAssessment_notTutorInExercise()
    23:48:30.250 |  37 Pool-1-worker-11 | DEBUG | d.t.c.a.a.c.u.util.UserUtilService   : Generate 2 students...
    23:48:30.255 |  37 Pool-1-worker-11 | DEBUG | d.t.c.a.a.c.u.util.UserUtilService   : 2 students generated. Generate 1 tutors...
    23:48:30.257 |  37 Pool-1-worker-11 | DEBUG | d.t.c.a.a.c.u.util.UserUtilService   : 1 tutors generated. Generate 0 editors...
    23:48:30.258 |  37 Pool-1-worker-11 | DEBUG | d.t.c.a.a.c.u.util.UserUtilService   : 0 editors generated. Generate 1 instructors...
    23:48:30.261 |  37 Pool-1-worker-11 | DEBUG | d.t.c.a.a.c.u.util.UserUtilService   : 1 instructors generated
    23:48:30.263 |  37 Pool-1-worker-11 | DEBUG | d.t.c.a.a.c.u.util.UserUtilService   : Removing 4 users from all courses...
    23:48:30.264 |  37 Pool-1-worker-11 | DEBUG | d.t.c.a.a.c.u.util.UserUtilService   : Removing 4 users from all courses. Done
    23:48:30.264 |  37 Pool-1-worker-11 | DEBUG | d.t.c.a.a.c.u.util.UserUtilService   : Save 4 users to database...
    23:48:30.268 |  37 Pool-1-worker-11 | DEBUG | d.t.c.a.a.c.u.util.UserUtilService   : Save 4 users to database. Done
    23:48:30.285 |  37 Pool-1-worker-11 | INFO  | i.z.t.d.l.EmbeddedDatabaseReporter   : JDBC URL to connect to 'dataSource': url='jdbc:h2:tcp://localhost:41063/mem:df70fc46-7e57-4cb5-9cd0-c1d90c14afa7;USER=sa', scope='TextSubmissionIntegrationTest#getTextSubmissionWithoutAssessment_notTutorInExercise'
    23:48:30.289 |  37 Pool-1-worker-11 | DEBUG | d.t.c.a.a.c.s.f.ApiVersionFilter     : Adding Version to Request GET /api/exercises/4005/text-submission-without-assessment
    23:48:30.289 |  37 Pool-1-worker-11 | DEBUG | d.t.c.a.a.t.w.TextSubmissionResource : REST request to get a text submission without assessment
    23:48:30.291 |  37 Pool-1-worker-11 | WARN  | o.z.p.spring.common.AdviceTraits     : Forbidden: You are not allowed to access the Course with id 3215

  Starting logs for TextSubmissionIntegrationTest > getTextSubmissionWithoutAssessment_studentHidden()
    23:48:30.302 |  37 Pool-1-worker-11 | DEBUG | d.t.c.a.a.c.u.util.UserUtilService   : Generate 2 students...
    23:48:30.306 |  37 Pool-1-worker-11 | DEBUG | d.t.c.a.a.c.u.util.UserUtilService   : 2 students generated. Generate 1 tutors...
    23:48:30.308 |  37 Pool-1-worker-11 | DEBUG | d.t.c.a.a.c.u.util.UserUtilService   : 1 tutors generated. Generate 0 editors...
    23:48:30.309 |  37 Pool-1-worker-11 | DEBUG | d.t.c.a.a.c.u.util.UserUtilService   : 0 editors generated. Generate 1 instructors...
    23:48:30.311 |  37 Pool-1-worker-11 | DEBUG | d.t.c.a.a.c.u.util.UserUtilService   : 1 instructors generated
    23:48:30.313 |  37 Pool-1-worker-11 | DEBUG | d.t.c.a.a.c.u.util.UserUtilService   : Removing 4 users from all courses...
    23:48:30.313 |  37 Pool-1-worker-11 | DEBUG | d.t.c.a.a.c.u.util.UserUtilService   : Removing 4 users from all courses. Done
    23:48:30.313 |  37 Pool-1-worker-11 | DEBUG | d.t.c.a.a.c.u.util.UserUtilService   : Save 4 users to database...
    23:48:30.316 |  37 Pool-1-worker-11 | DEBUG | d.t.c.a.a.c.u.util.UserUtilService   : Save 4 users to database. Done
    23:48:30.328 |  37 Pool-1-worker-11 | INFO  | i.z.t.d.l.EmbeddedDatabaseReporter   : JDBC URL to connect to 'dataSource': url='jdbc:h2:tcp://localhost:41063/mem:df70fc46-7e57-4cb5-9cd0-c1d90c14afa7;USER=sa', scope='TextSubmissionIntegrationTest#getTextSubmissionWithoutAssessment_studentHidden'
    23:48:30.330 |  37 Pool-1-worker-11 | DEBUG | d.t.c.a.a.c.s.f.ApiVersionFilter     : Adding Version to Request GET /api/exercises/4007/text-submission-without-assessment
    23:48:30.331 |  37 Pool-1-worker-11 | DEBUG | d.t.c.a.a.t.w.TextSubmissionResource : REST request to get a text submission without assessment

  Starting logs for TextSubmissionIntegrationTest > submitExercise_notStudentInCourse()
    23:48:30.349 |  37 Pool-1-worker-11 | DEBUG | d.t.c.a.a.c.u.util.UserUtilService   : Generate 2 students...
    23:48:30.352 |  37 Pool-1-worker-11 | DEBUG | d.t.c.a.a.c.u.util.UserUtilService   : 2 students generated. Generate 1 tutors...
    23:48:30.354 |  37 Pool-1-worker-11 | DEBUG | d.t.c.a.a.c.u.util.UserUtilService   : 1 tutors generated. Generate 0 editors...
    23:48:30.355 |  37 Pool-1-worker-11 | DEBUG | d.t.c.a.a.c.u.util.UserUtilService   : 0 editors generated. Generate 1 instructors...
    23:48:30.357 |  37 Pool-1-worker-11 | DEBUG | d.t.c.a.a.c.u.util.UserUtilService   : 1 instructors generated
    23:48:30.359 |  37 Pool-1-worker-11 | DEBUG | d.t.c.a.a.c.u.util.UserUtilService   : Removing 4 users from all courses...
    23:48:30.360 |  37 Pool-1-worker-11 | DEBUG | d.t.c.a.a.c.u.util.UserUtilService   : Removing 4 users from all courses. Done
    23:48:30.360 |  37 Pool-1-worker-11 | DEBUG | d.t.c.a.a.c.u.util.UserUtilService   : Save 4 users to database...
    23:48:30.362 |  37 Pool-1-worker-11 | DEBUG | d.t.c.a.a.c.u.util.UserUtilService   : Save 4 users to database. Done
    23:48:30.374 |  37 Pool-1-worker-11 | INFO  | i.z.t.d.l.EmbeddedDatabaseReporter   : JDBC URL to connect to 'dataSource': url='jdbc:h2:tcp://localhost:41063/mem:df70fc46-7e57-4cb5-9cd0-c1d90c14afa7;USER=sa', scope='TextSubmissionIntegrationTest#submitExercise_notStudentInCourse'
    23:48:30.376 |  37 Pool-1-worker-11 | DEBUG | d.t.c.a.a.c.s.f.ApiVersionFilter     : Adding Version to Request POST /api/exercises/4008/text-submissions
    23:48:30.376 |  37 Pool-1-worker-11 | DEBUG | d.t.c.a.a.t.w.TextSubmissionResource : REST request to save text submission : TextSubmission{id=null, text='example text', language='ENGLISH'}
    23:48:30.378 |  37 Pool-1-worker-11 | WARN  | o.z.p.spring.common.AdviceTraits     : Forbidden: You are not allowed to access this resource

  Starting logs for TextSubmissionIntegrationTest > submitExercise_afterDueDateWithParticipationStartAfterDueDate_allowed()
    23:48:30.388 |  37 Pool-1-worker-11 | DEBUG | d.t.c.a.a.c.u.util.UserUtilService   : Generate 2 students...
    23:48:30.391 |  37 Pool-1-worker-11 | DEBUG | d.t.c.a.a.c.u.util.UserUtilService   : 2 students generated. Generate 1 tutors...
    23:48:30.393 |  37 Pool-1-worker-11 | DEBUG | d.t.c.a.a.c.u.util.UserUtilService   : 1 tutors generated. Generate 0 editors...
    23:48:30.395 |  37 Pool-1-worker-11 | DEBUG | d.t.c.a.a.c.u.util.UserUtilService   : 0 editors generated. Generate 1 instructors...
    23:48:30.397 |  37 Pool-1-worker-11 | DEBUG | d.t.c.a.a.c.u.util.UserUtilService   : 1 instructors generated
    23:48:30.398 |  37 Pool-1-worker-11 | DEBUG | d.t.c.a.a.c.u.util.UserUtilService   : Removing 4 users from all courses...
    23:48:30.399 |  37 Pool-1-worker-11 | DEBUG | d.t.c.a.a.c.u.util.UserUtilService   : Removing 4 users from all courses. Done
    23:48:30.399 |  37 Pool-1-worker-11 | DEBUG | d.t.c.a.a.c.u.util.UserUtilService   : Save 4 users to database...
    23:48:30.401 |  37 Pool-1-worker-11 | DEBUG | d.t.c.a.a.c.u.util.UserUtilService   : Save 4 users to database. Done
    23:48:30.414 |  37 Pool-1-worker-11 | INFO  | i.z.t.d.l.EmbeddedDatabaseReporter   : JDBC URL to connect to 'dataSource': url='jdbc:h2:tcp://localhost:41063/mem:df70fc46-7e57-4cb5-9cd0-c1d90c14afa7;USER=sa', scope='TextSubmissionIntegrationTest#submitExercise_afterDueDateWithParticipationStartAfterDueDate_allowed'
    23:48:30.416 |  37 Pool-1-worker-11 | DEBUG | d.t.c.a.a.c.s.f.ApiVersionFilter     : Adding Version to Request PUT /api/exercises/4010/text-submissions
    23:48:30.416 |  37 Pool-1-worker-11 | DEBUG | d.t.c.a.a.t.w.TextSubmissionResource : REST request to update text submission: TextSubmission{id=null, text='example text', language='ENGLISH'}
    23:48:30.416 |  37 Pool-1-worker-11 | DEBUG | d.t.c.a.a.t.w.TextSubmissionResource : REST request to save text submission : TextSubmission{id=null, text='example text', language='ENGLISH'}
    23:48:30.419 |  37 Pool-1-worker-11 | INFO  | d.t.c.a.a.t.w.TextSubmissionResource : handleTextSubmission took 3ms for exercise 4010 and user textsubmissionintegrationstudent1

  Starting logs for TextSubmissionIntegrationTest > saveExercise_afterDueDateWithParticipationStartAfterDueDate()
    23:48:30.429 |  37 Pool-1-worker-11 | DEBUG | d.t.c.a.a.c.u.util.UserUtilService   : Generate 2 students...
    23:48:30.432 |  37 Pool-1-worker-11 | DEBUG | d.t.c.a.a.c.u.util.UserUtilService   : 2 students generated. Generate 1 tutors...
    23:48:30.434 |  37 Pool-1-worker-11 | DEBUG | d.t.c.a.a.c.u.util.UserUtilService   : 1 tutors generated. Generate 0 editors...
    23:48:30.436 |  37 Pool-1-worker-11 | DEBUG | d.t.c.a.a.c.u.util.UserUtilService   : 0 editors generated. Generate 1 instructors...
    23:48:30.438 |  37 Pool-1-worker-11 | DEBUG | d.t.c.a.a.c.u.util.UserUtilService   : 1 instructors generated
    23:48:30.439 |  37 Pool-1-worker-11 | DEBUG | d.t.c.a.a.c.u.util.UserUtilService   : Removing 4 users from all courses...
    23:48:30.440 |  37 Pool-1-worker-11 | DEBUG | d.t.c.a.a.c.u.util.UserUtilService   : Removing 4 users from all courses. Done
    23:48:30.440 |  37 Pool-1-worker-11 | DEBUG | d.t.c.a.a.c.u.util.UserUtilService   : Save 4 users to database...
    23:48:30.442 |  37 Pool-1-worker-11 | DEBUG | d.t.c.a.a.c.u.util.UserUtilService   : Save 4 users to database. Done
    23:48:30.457 |  37 Pool-1-worker-11 | INFO  | i.z.t.d.l.EmbeddedDatabaseReporter   : JDBC URL to connect to 'dataSource': url='jdbc:h2:tcp://localhost:41063/mem:df70fc46-7e57-4cb5-9cd0-c1d90c14afa7;USER=sa', scope='TextSubmissionIntegrationTest#saveExercise_afterDueDateWithParticipationStartAfterDueDate'
    23:48:30.461 |  37 Pool-1-worker-11 | DEBUG | d.t.c.a.a.c.s.f.ApiVersionFilter     : Adding Version to Request PUT /api/exercises/4012/text-submissions
    23:48:30.462 |  37 Pool-1-worker-11 | DEBUG | d.t.c.a.a.t.w.TextSubmissionResource : REST request to update text submission: TextSubmission{id=null, text='example text 2', language='ENGLISH'}
    23:48:30.462 |  37 Pool-1-worker-11 | DEBUG | d.t.c.a.a.t.w.TextSubmissionResource : REST request to save text submission : TextSubmission{id=null, text='example text 2', language='ENGLISH'}
    23:48:30.466 |  37 Pool-1-worker-11 | INFO  | d.t.c.a.a.t.w.TextSubmissionResource : handleTextSubmission took 4ms for exercise 4012 and user textsubmissionintegrationstudent1

  Starting logs for TextSubmissionIntegrationTest > getResultsForCurrentStudent_assessorHiddenForStudent()
    23:48:30.481 |  37 Pool-1-worker-11 | DEBUG | d.t.c.a.a.c.u.util.UserUtilService   : Generate 2 students...
    23:48:30.485 |  37 Pool-1-worker-11 | DEBUG | d.t.c.a.a.c.u.util.UserUtilService   : 2 students generated. Generate 1 tutors...
    23:48:30.488 |  37 Pool-1-worker-11 | DEBUG | d.t.c.a.a.c.u.util.UserUtilService   : 1 tutors generated. Generate 0 editors...
    23:48:30.489 |  37 Pool-1-worker-11 | DEBUG | d.t.c.a.a.c.u.util.UserUtilService   : 0 editors generated. Generate 1 instructors...
    23:48:30.492 |  37 Pool-1-worker-11 | DEBUG | d.t.c.a.a.c.u.util.UserUtilService   : 1 instructors generated
    23:48:30.494 |  37 Pool-1-worker-11 | DEBUG | d.t.c.a.a.c.u.util.UserUtilService   : Removing 4 users from all courses...
    23:48:30.495 |  37 Pool-1-worker-11 | DEBUG | d.t.c.a.a.c.u.util.UserUtilService   : Removing 4 users from all courses. Done
    23:48:30.495 |  37 Pool-1-worker-11 | DEBUG | d.t.c.a.a.c.u.util.UserUtilService   : Save 4 users to database...
    23:48:30.498 |  37 Pool-1-worker-11 | DEBUG | d.t.c.a.a.c.u.util.UserUtilService   : Save 4 users to database. Done
    23:48:30.514 |  37 Pool-1-worker-11 | INFO  | i.z.t.d.l.EmbeddedDatabaseReporter   : JDBC URL to connect to 'dataSource': url='jdbc:h2:tcp://localhost:41063/mem:df70fc46-7e57-4cb5-9cd0-c1d90c14afa7;USER=sa', scope='TextSubmissionIntegrationTest#getResultsForCurrentStudent_assessorHiddenForStudent'
    23:48:30.527 |  37 Pool-1-worker-11 | DEBUG | .c.s.m.InstanceMessageReceiveService : Received schedule participant score for exercise 4015 and participant 745 (result to be deleted: null)
    23:48:30.527 |  37 Pool-1-worker-11 | DEBUG | .a.s.ParticipantScoreScheduleService : Scheduled task for exercise 4015 and participant 745 at 2025-02-14T23:48:30.627582837Z[Etc/UTC].
    23:48:30.533 |  37 Pool-1-worker-11 | DEBUG | .c.s.m.InstanceMessageReceiveService : Received schedule participant score for exercise 4015 and participant 745 (result to be deleted: null)
    23:48:30.533 |  37 Pool-1-worker-11 | DEBUG | .a.s.ParticipantScoreScheduleService : Scheduled task for exercise 4015 and participant 745 at 2025-02-14T23:48:30.633899738Z[Etc/UTC].
    23:48:30.555 |  37 Pool-1-worker-11 | DEBUG | .c.s.m.InstanceMessageReceiveService : Received schedule participant score for exercise 4015 and participant 745 (result to be deleted: null)
    23:48:30.555 |  37 Pool-1-worker-11 | DEBUG | .a.s.ParticipantScoreScheduleService : Scheduled task for exercise 4015 and participant 745 at 2025-02-14T23:48:30.655219829Z[Etc/UTC].
    23:48:30.556 |  37 Pool-1-worker-11 | DEBUG | d.t.c.a.a.c.s.f.ApiVersionFilter     : Adding Version to Request GET /api/exercises/4015/details

  Starting logs for TextSubmissionIntegrationTest > getTextSubmissionWithResult_notOwner_beforeDueDate_notAllowed()
    23:48:30.577 |  37 Pool-1-worker-11 | DEBUG | d.t.c.a.a.c.u.util.UserUtilService   : Generate 2 students...
    23:48:30.581 |  37 Pool-1-worker-11 | DEBUG | d.t.c.a.a.c.u.util.UserUtilService   : 2 students generated. Generate 1 tutors...
    23:48:30.583 |  37 Pool-1-worker-11 | DEBUG | d.t.c.a.a.c.u.util.UserUtilService   : 1 tutors generated. Generate 0 editors...
    23:48:30.584 |  37 Pool-1-worker-11 | DEBUG | d.t.c.a.a.c.u.util.UserUtilService   : 0 editors generated. Generate 1 instructors...
    23:48:30.586 |  37 Pool-1-worker-11 | DEBUG | d.t.c.a.a.c.u.util.UserUtilService   : 1 instructors generated
    23:48:30.588 |  37 Pool-1-worker-11 | DEBUG | d.t.c.a.a.c.u.util.UserUtilService   : Removing 4 users from all courses...
    23:48:30.589 |  37 Pool-1-worker-11 | DEBUG | d.t.c.a.a.c.u.util.UserUtilService   : Removing 4 users from all courses. Done
    23:48:30.589 |  37 Pool-1-worker-11 | DEBUG | d.t.c.a.a.c.u.util.UserUtilService   : Save 4 users to database...
    23:48:30.592 |  37 Pool-1-worker-11 | DEBUG | d.t.c.a.a.c.u.util.UserUtilService   : Save 4 users to database. Done
    23:48:30.604 |  37 Pool-1-worker-11 | INFO  | i.z.t.d.l.EmbeddedDatabaseReporter   : JDBC URL to connect to 'dataSource': url='jdbc:h2:tcp://localhost:41063/mem:df70fc46-7e57-4cb5-9cd0-c1d90c14afa7;USER=sa', scope='TextSubmissionIntegrationTest#getTextSubmissionWithResult_notOwner_beforeDueDate_notAllowed'
    23:48:30.607 |  37 Pool-1-worker-11 | DEBUG | d.t.c.a.a.c.s.f.ApiVersionFilter     : Adding Version to Request GET /api/text-submissions/1970
    23:48:30.607 |  37 Pool-1-worker-11 | DEBUG | d.t.c.a.a.t.w.TextSubmissionResource : REST request to get text submission: 1970
    23:48:30.613 |  37 Pool-1-worker-11 | WARN  | o.z.p.spring.common.AdviceTraits     : Forbidden: This plagiarism submission is not related to the requesting user or the user has not been notified yet.

  Starting logs for TextSubmissionIntegrationTest > getTextSubmissionWithoutAssessment_selectInTime()
    23:48:30.627 |  37 Pool-1-worker-11 | DEBUG | d.t.c.a.a.c.u.util.UserUtilService   : Generate 2 students...
    23:48:30.631 |  37 Pool-1-worker-11 | DEBUG | d.t.c.a.a.c.u.util.UserUtilService   : 2 students generated. Generate 1 tutors...
    23:48:30.634 |  37 Pool-1-worker-11 | DEBUG | d.t.c.a.a.c.u.util.UserUtilService   : 1 tutors generated. Generate 0 editors...
    23:48:30.635 |  37 Pool-1-worker-11 | DEBUG | d.t.c.a.a.c.u.util.UserUtilService   : 0 editors generated. Generate 1 instructors...
    23:48:30.638 |  37 Pool-1-worker-11 | DEBUG | d.t.c.a.a.c.u.util.UserUtilService   : 1 instructors generated
    23:48:30.640 |  37 Pool-1-worker-11 | DEBUG | d.t.c.a.a.c.u.util.UserUtilService   : Removing 4 users from all courses...
    23:48:30.641 |  37 Pool-1-worker-11 | DEBUG | d.t.c.a.a.c.u.util.UserUtilService   : Removing 4 users from all courses. Done
    23:48:30.641 |  37 Pool-1-worker-11 | DEBUG | d.t.c.a.a.c.u.util.UserUtilService   : Save 4 users to database...
    23:48:30.644 |  37 Pool-1-worker-11 | DEBUG | d.t.c.a.a.c.u.util.UserUtilService   : Save 4 users to database. Done
    23:48:30.663 |  37 Pool-1-worker-11 | INFO  | i.z.t.d.l.EmbeddedDatabaseReporter   : JDBC URL to connect to 'dataSource': url='jdbc:h2:tcp://localhost:41063/mem:df70fc46-7e57-4cb5-9cd0-c1d90c14afa7;USER=sa', scope='TextSubmissionIntegrationTest#getTextSubmissionWithoutAssessment_selectInTime'
    23:48:30.671 |  37 Pool-1-worker-11 | DEBUG | d.t.c.a.a.c.s.f.ApiVersionFilter     : Adding Version to Request GET /api/exercises/4019/text-submission-without-assessment
    23:48:30.672 |  37 Pool-1-worker-11 | DEBUG | d.t.c.a.a.t.w.TextSubmissionResource : REST request to get a text submission without assessment

  Starting logs for TextSubmissionIntegrationTest > getTextSubmissionWithoutAssessment_noSubmittedSubmission_null()
    23:48:30.697 |  37 Pool-1-worker-11 | DEBUG | d.t.c.a.a.c.u.util.UserUtilService   : Generate 2 students...
    23:48:30.701 |  37 Pool-1-worker-11 | DEBUG | d.t.c.a.a.c.u.util.UserUtilService   : 2 students generated. Generate 1 tutors...
    23:48:30.703 |  37 Pool-1-worker-11 | DEBUG | d.t.c.a.a.c.u.util.UserUtilService   : 1 tutors generated. Generate 0 editors...
    23:48:30.704 |  37 Pool-1-worker-11 | DEBUG | d.t.c.a.a.c.u.util.UserUtilService   : 0 editors generated. Generate 1 instructors...
    23:48:30.707 |  37 Pool-1-worker-11 | DEBUG | d.t.c.a.a.c.u.util.UserUtilService   : 1 instructors generated
    23:48:30.710 |  37 Pool-1-worker-11 | DEBUG | d.t.c.a.a.c.u.util.UserUtilService   : Removing 4 users from all courses...
    23:48:30.710 |  37 Pool-1-worker-11 | DEBUG | d.t.c.a.a.c.u.util.UserUtilService   : Removing 4 users from all courses. Done
    23:48:30.710 |  37 Pool-1-worker-11 | DEBUG | d.t.c.a.a.c.u.util.UserUtilService   : Save 4 users to database...
    23:48:30.714 |  37 Pool-1-worker-11 | DEBUG | d.t.c.a.a.c.u.util.UserUtilService   : Save 4 users to database. Done
    23:48:30.728 |  37 Pool-1-worker-11 | INFO  | i.z.t.d.l.EmbeddedDatabaseReporter   : JDBC URL to connect to 'dataSource': url='jdbc:h2:tcp://localhost:41063/mem:df70fc46-7e57-4cb5-9cd0-c1d90c14afa7;USER=sa', scope='TextSubmissionIntegrationTest#getTextSubmissionWithoutAssessment_noSubmittedSubmission_null'
    23:48:30.731 |  37 Pool-1-worker-11 | DEBUG | d.t.c.a.a.c.s.f.ApiVersionFilter     : Adding Version to Request GET /api/exercises/4021/text-submission-without-assessment
    23:48:30.732 |  37 Pool-1-worker-11 | DEBUG | d.t.c.a.a.t.w.TextSubmissionResource : REST request to get a text submission without assessment

  Starting logs for TextSubmissionIntegrationTest > testRepositoryMethods()
    23:48:30.753 |  37 Pool-1-worker-11 | DEBUG | d.t.c.a.a.c.u.util.UserUtilService   : Generate 2 students...
    23:48:30.757 |  37 Pool-1-worker-11 | DEBUG | d.t.c.a.a.c.u.util.UserUtilService   : 2 students generated. Generate 1 tutors...
    23:48:30.759 |  37 Pool-1-worker-11 | DEBUG | d.t.c.a.a.c.u.util.UserUtilService   : 1 tutors generated. Generate 0 editors...
    23:48:30.761 |  37 Pool-1-worker-11 | DEBUG | d.t.c.a.a.c.u.util.UserUtilService   : 0 editors generated. Generate 1 instructors...
    23:48:30.763 |  37 Pool-1-worker-11 | DEBUG | d.t.c.a.a.c.u.util.UserUtilService   : 1 instructors generated
    23:48:30.764 |  37 Pool-1-worker-11 | DEBUG | d.t.c.a.a.c.u.util.UserUtilService   : Removing 4 users from all courses...
    23:48:30.765 |  37 Pool-1-worker-11 | DEBUG | d.t.c.a.a.c.u.util.UserUtilService   : Removing 4 users from all courses. Done
    23:48:30.765 |  37 Pool-1-worker-11 | DEBUG | d.t.c.a.a.c.u.util.UserUtilService   : Save 4 users to database...
    23:48:30.768 |  37 Pool-1-worker-11 | DEBUG | d.t.c.a.a.c.u.util.UserUtilService   : Save 4 users to database. Done
    23:48:30.788 |  37 Pool-1-worker-11 | INFO  | i.z.t.d.l.EmbeddedDatabaseReporter   : JDBC URL to connect to 'dataSource': url='jdbc:h2:tcp://localhost:41063/mem:df70fc46-7e57-4cb5-9cd0-c1d90c14afa7;USER=sa', scope='TextSubmissionIntegrationTest#testRepositoryMethods'

  Starting logs for TextSubmissionIntegrationTest > saveAndSubmitTextSubmission_tooLarge()
    23:48:30.816 |  37 Pool-1-worker-11 | DEBUG | d.t.c.a.a.c.u.util.UserUtilService   : Generate 2 students...
    23:48:30.821 |  37 Pool-1-worker-11 | DEBUG | d.t.c.a.a.c.u.util.UserUtilService   : 2 students generated. Generate 1 tutors...
    23:48:30.823 |  37 Pool-1-worker-11 | DEBUG | d.t.c.a.a.c.u.util.UserUtilService   : 1 tutors generated. Generate 0 editors...
    23:48:30.825 |  37 Pool-1-worker-11 | DEBUG | d.t.c.a.a.c.u.util.UserUtilService   : 0 editors generated. Generate 1 instructors...
    23:48:30.828 |  37 Pool-1-worker-11 | DEBUG | d.t.c.a.a.c.u.util.UserUtilService   : 1 instructors generated
    23:48:30.830 |  37 Pool-1-worker-11 | DEBUG | d.t.c.a.a.c.u.util.UserUtilService   : Removing 4 users from all courses...
    23:48:30.831 |  37 Pool-1-worker-11 | DEBUG | d.t.c.a.a.c.u.util.UserUtilService   : Removing 4 users from all courses. Done
    23:48:30.831 |  37 Pool-1-worker-11 | DEBUG | d.t.c.a.a.c.u.util.UserUtilService   : Save 4 users to database...
    23:48:30.835 |  37 Pool-1-worker-11 | DEBUG | d.t.c.a.a.c.u.util.UserUtilService   : Save 4 users to database. Done
    23:48:30.853 |  37 Pool-1-worker-11 | INFO  | i.z.t.d.l.EmbeddedDatabaseReporter   : JDBC URL to connect to 'dataSource': url='jdbc:h2:tcp://localhost:41063/mem:df70fc46-7e57-4cb5-9cd0-c1d90c14afa7;USER=sa', scope='TextSubmissionIntegrationTest#saveAndSubmitTextSubmission_tooLarge'
    23:48:30.855 |  37 Pool-1-worker-11 | DEBUG | d.t.c.a.a.c.s.f.ApiVersionFilter     : Adding Version to Request POST /api/exercises/4024/text-submissions
    23:48:30.856 |  37 Pool-1-worker-11 | DEBUG | d.t.c.a.a.t.w.TextSubmissionResource : REST request to save text submission : TextSubmission{id=null, text='aaaaaaaaaaaaaaaaaaaaaaaaaaaaaaaaaaaaaaaaaaaaaaaaaaaaaaaaaaaaaaaaaaaaaaaaaaaaaaaaaaaaaaaaaaaaaaaaaaaa ...', language='ENGLISH'}
    23:48:30.860 |  37 Pool-1-worker-11 | INFO  | d.t.c.a.a.t.w.TextSubmissionResource : handleTextSubmission took 4ms for exercise 4024 and user textsubmissionintegrationstudent1
    23:48:30.870 |  37 Pool-1-worker-11 | DEBUG | d.t.c.a.a.c.s.f.ApiVersionFilter     : Adding Version to Request PUT /api/exercises/4024/text-submissions
    23:48:30.872 |  37 Pool-1-worker-11 | WARN  | o.z.p.spring.common.AdviceTraits     : Bad Request: Validation failed for argument [1] in public org.springframework.http.ResponseEntity<de.tum.cit.aet.artemis.text.domain.TextSubmission> de.tum.cit.aet.artemis.text.web.TextSubmissionResource.updateTextSubmission(long,de.tum.cit.aet.artemis.text.domain.TextSubmission): [Field error in object 'textSubmission' on field 'text': rejected value [aaaaaaaaaaaaaaaaaaaaaaaaaaaaaaaaaaaaaaaaaaaaaaaaaaaaaaaaaaaaaaaaaaaaaaaaaaaaaaaaaaaaaaaaaaaaaaaaaaaaaaaaaaaaaaaaaaaaaaaaaaaaaaaaaaaaaaaaaaaaaaaaaaaaaaaaaaaaaaaaaaaaaaaaaaaaaaaaaaaaaaaaaaaaaaaaaaaaaaaaaaaaaaaaaaaaaaaaaaaaaaaaaaaaaaaaaaaaaaaaaaaaaaaaaaaaaaaaaaaaaaaaaaaaaaaaaaaaaaaaaaaaaaaaaaaaaaaaaaaaaaaaaaaaaaaaaaaaaaaaaaaaaaaaaaaaaaaaaaaaaaaaaaaaaaaaaaaaaaaaaaaaaaaaaaaaaaaaaaaaaaaaaaaaaaaaaaaaaaaaaaaaaaaaaaaaaaaaaaaaaaaaaaaaaaaaaaaaaaaaaaaaaaaaaaaaaaaaaaaaaaaaaaaaaaaaaaaaaaaaaaaaaaaaaaaaaaaaaaaaaaaaaaaaaaaaaaaaaaaaaaaaaaaaaaaaaaaaaaaaaaaaaaaaaaaaaaaaaaaaaaaaaaaaaaaaaaaaaaaaaaaaaaaaaaaaaaaaaaaaaaaaaaaaaaaaaaaaaaaaaaaaaaaaaaaaaaaaaaaaaaaaaaaaaaaaaaaaaaaaaaaaaaaaaaaaaaaaaaaaaaaaaaaaaaaaaaaaaaaaaaaaaaaaaaaaaaaaaaaaaaaaaaaaaaaaaaaaaaaaaaaaaaaaaaaaaaaaaaaaaaaaaaaaaaaaaaaaaaaaaaaaaaaaaaaaaaaaaaaaaaaaaaaaaaaaaaaaaaaaaaaaaaaaaaaaaaaaaaaaaaaaaaaaaaaaaaaaaaaaaaaaaaaaaaaaaaaaaaaaaaaaaaaaaaaaaaaaaaaaaaaaaaaaaaaaaaaaaaaaaaaaaaaaaaaaaaaaaaaaaaaaaaaaaaaaaaaaaaaaaaaaaaaaaaaaaaaaaaaaaaaaaaaaaaaaaaaaaaaaaaaaaaaaaaaaaaaaaaaaaaaaaaaaaaaaaaaaaaaaaaaaaaaaaaaaaaaaaaaaaaaaaaaaaaaaaaaaaaaaaaaaaaaaaaaaaaaaaaaaaaaaaaaaaaaaaaaaaaaaaaaaaaaaaaaaaaaaaaaaaaaaaaaaaaaaaaaaaaaaaaaaaaaaaaaaaaaaaaaaaaaaaaaaaaaaaaaaaaaaaaaaaaaaaaaaaaaaaaaaaaaaaaaaaaaaaaaaaaaaaaaaaaaaaaaaaaaaaaaaaaaaaaaaaaaaaaaaaaaaaaaaaaaaaaaaaaaaaaaaaaaaaaaaaaaaaaaaaaaaaaaaaaaaaaaaaaaaaaaaaaaaaaaaaaaaaaaaaaaaaaaaaaaaaaaaaaaaaaaaaaaaaaaaaaaaaaaaaaaaaaaaaaaaaaaaaaaaaaaaaaaaaaaaaaaaaaaaaaaaaaaaaaaaaaaaaaaaaaaaaaaaaaaaaaaaaaaaaaaaaaaaaaaaaaaaaaaaaaaaaaaaaaaaaaaaaaaaaaaaaaaaaaaaaaaaaaaaaaaaaaaaaaaaaaaaaaaaaaaaaaaaaaaaaaaaaaaaaaaaaaaaaaaaaaaaaaaaaaaaaaaaaaaaaaaaaaaaaaaaaaaaaaaaaaaaaaaaaaaaaaaaaaaaaaaaaaaaaaaaaaaaaaaaaaaaaaaaaaaaaaaaaaaaaaaaaaaaaaaaaaaaaaaaaaaaaaaaaaaaaaaaaaaaaaaaaaaaaaaaaaaaaaaaaaaaaaaaaaaaaaaaaaaaaaaaaaaaaaaaaaaaaaaaaaaaaaaaaaaaaaaaaaaaaaaaaaaaaaaaaaaaaaaaaaaaaaaaaaaaaaaaaaaaaaaaaaaaaaaaaaaaaaaaaaaaaaaaaaaaaaaaaaaaaaaaaaaaaaaaaaaaaaaaaaaaaaaaaaaaaaaaaaaaaaaaaaaaaaaaaaaaaaaaaaaaaaaaaaaaaaaaaaaaaaaaaaaaaaaaaaaaaaaaaaaaaaaaaaaaaaaaaaaaaaaaaaaaaaaaaaaaaaaaaaaaaaaaaaaaaaaaaaaaaaaaaaaaaaaaaaaaaaaaaaaaaaaaaaaaaaaaaaaaaaaaaaaaaaaaaaaaaaaaaaaaaaaaaaaaaaaaaaaaaaaaaaaaaaaaaaaaaaaaaaaaaaaaaaaaaaaaaaaaaaaaaaaaaaaaaaaaaaaaaaaaaaaaaaaaaaaaaaaaaaaaaaaaaaaaaaaaaaaaaaaaaaaaaaaaaaaaaaaaaaaaaaaaaaaaaaaaaaaaaaaaaaaaaaaaaaaaaaaaaaaaaaaaaaaaaaaaaaaaaaaaaaaaaaaaaaaaaaaaaaaaaaaaaaaaaaaaaaaaaaaaaaaaaaaaaaaaaaaaaaaaaaaaaaaaaaaaaaaaaaaaaaaaaaaaaaaaaaaaaaaaaaaaaaaaaaaaaaaaaaaaaaaaaaaaaaaaaaaaaaaaaaaaaaaaaaaaaaaaaaaaaaaaaaaaaaaaaaaaaaaaaaaaaaaaaaaaaaaaaaaaaaaaaaaaaaaaaaaaaaaaaaaaaaaaaaaaaaaaaaaaaaaaaaaaaaaaaaaaaaaaaaaaaaaaaaaaaaaaaaaaaaaaaaaaaaaaaaaaaaaaaaaaaaaaaaaaaaaaaaaaaaaaaaaaaaaaaaaaaaaaaaaaaaaaaaaaaaaaaaaaaaaaaaaaaaaaaaaaaaaaaaaaaaaaaaaaaaaaaaaaaaaaaaaaaaaaaaaaaaaaaaaaaaaaaaaaaaaaaaaaaaaaaaaaaaaaaaaaaaaaaaaaaaaaaaaaaaaaaaaaaaaaaaaaaaaaaaaaaaaaaaaaaaaaaaaaaaaaaaaaaaaaaaaaaaaaaaaaaaaaaaaaaaaaaaaaaaaaaaaaaaaaaaaaaaaaaaaaaaaaaaaaaaaaaaaaaaaaaaaaaaaaaaaaaaaaaaaaaaaaaaaaaaaaaaaaaaaaaaaaaaaaaaaaaaaaaaaaaaaaaaaaaaaaaaaaaaaaaaaaaaaaaaaaaaaaaaaaaaaaaaaaaaaaaaaaaaaaaaaaaaaaaaaaaaaaaaaaaaaaaaaaaaaaaaaaaaaaaaaaaaaaaaaaaaaaaaaaaaaaaaaaaaaaaaaaaaaaaaaaaaaaaaaaaaaaaaaaaaaaaaaaaaaaaaaaaaaaaaaaaaaaaaaaaaaaaaaaaaaaaaaaaaaaaaaaaaaaaaaaaaaaaaaaaaaaaaaaaaaaaaaaaaaaaaaaaaaaaaaaaaaaaaaaaaaaaaaaaaaaaaaaaaaaaaaaaaaaaaaaaaaaaaaaaaaaaaaaaaaaaaaaaaaaaaaaaaaaaaaaaaaaaaaaaaaaaaaaaaaaaaaaaaaaaaaaaaaaaaaaaaaaaaaaaaaaaaaaaaaaaaaaaaaaaaaaaaaaaaaaaaaaaaaaaaaaaaaaaaaaaaaaaaaaaaaaaaaaaaaaaaaaaaaaaaaaaaaaaaaaaaaaaaaaaaaaaaaaaaaaaaaaaaaaaaaaaaaaaaaaaaaaaaaaaaaaaaaaaaaaaaaaaaaaaaaaaaaaaaaaaaaaaaaaaaaaaaaaaaaaaaaaaaaaaaaaaaaaaaaaaaaaaaaaaaaaaaaaaaaaaaaaaaaaaaaaaaaaaaaaaaaaaaaaaaaaaaaaaaaaaaaaaaaaaaaaaaaaaaaaaaaaaaaaaaaaaaaaaaaaaaaaaaaaaaaaaaaaaaaaaaaaaaaaaaaaaaaaaaaaaaaaaaaaaaaaaaaaaaaaaaaaaaaaaaaaaaaaaaaaaaaaaaaaaaaaaaaaaaaaaaaaaaaaaaaaaaaaaaaaaaaaaaaaaaaaaaaaaaaaaaaaaaaaaaaaaaaaaaaaaaaaaaaaaaaaaaaaaaaaaaaaaaaaaaaaaaaaaaaaaaaaaaaaaaaaaaaaaaaaaaaaaaaaaaaaaaaaaaaaaaaaaaaaaaaaaaaaaaaaaaaaaaaaaaaaaaaaaaaaaaaaaaaaaaaaaaaaaaaaaaaaaaaaaaaaaaaaaaaaaaaaaaaaaaaaaaaaaaaaaaaaaaaaaaaaaaaaaaaaaaaaaaaaaaaaaaaaaaaaaaaaaaaaaaaaaaaaaaaaaaaaaaaaaaaaaaaaaaaaaaaaaaaaaaaaaaaaaaaaaaaaaaaaaaaaaaaaaaaaaaaaaaaaaaaaaaaaaaaaaaaaaaaaaaaaaaaaaaaaaaaaaaaaaaaaaaaaaaaaaaaaaaaaaaaaaaaaaaaaaaaaaaaaaaaaaaaaaaaaaaaaaaaaaaaaaaaaaaaaaaaaaaaaaaaaaaaaaaaaaaaaaaaaaaaaaaaaaaaaaaaaaaaaaaaaaaaaaaaaaaaaaaaaaaaaaaaaaaaaaaaaaaaaaaaaaaaaaaaaaaaaaaaaaaaaaaaaaaaaaaaaaaaaaaaaaaaaaaaaaaaaaaaaaaaaaaaaaaaaaaaaaaaaaaaaaaaaaaaaaaaaaaaaaaaaaaaaaaaaaaaaaaaaaaaaaaaaaaaaaaaaaaaaaaaaaaaaaaaaaaaaaaaaaaaaaaaaaaaaaaaaaaaaaaaaaaaaaaaaaaaaaaaaaaaaaaaaaaaaaaaaaaaaaaaaaaaaaaaaaaaaaaaaaaaaaaaaaaaaaaaaaaaaaaaaaaaaaaaaaaaaaaaaaaaaaaaaaaaaaaaaaaaaaaaaaaaaaaaaaaaaaaaaaaaaaaaaaaaaaaaaaaaaaaaaaaaaaaaaaaaaaaaaaaaaaaaaaaaaaaaaaaaaaaaaaaaaaaaaaaaaaaaaaaaaaaaaaaaaaaaaaaaaaaaaaaaaaaaaaaaaaaaaaaaaaaaaaaaaaaaaaaaaaaaaaaaaaaaaaaaaaaaaaaaaaaaaaaaaaaaaaaaaaaaaaaaaaaaaaaaaaaaaaaaaaaaaaaaaaaaaaaaaaaaaaaaaaaaaaaaaaaaaaaaaaaaaaaaaaaaaaaaaaaaaaaaaaaaaaaaaaaaaaaaaaaaaaaaaaaaaaaaaaaaaaaaaaaaaaaaaaaaaaaaaaaaaaaaaaaaaaaaaaaaaaaaaaaaaaaaaaaaaaaaaaaaaaaaaaaaaaaaaaaaaaaaaaaaaaaaaaaaaaaaaaaaaaaaaaaaaaaaaaaaaaaaaaaaaaaaaaaaaaaaaaaaaaaaaaaaaaaaaaaaaaaaaaaaaaaaaaaaaaaaaaaaaaaaaaaaaaaaaaaaaaaaaaaaaaaaaaaaaaaaaaaaaaaaaaaaaaaaaaaaaaaaaaaaaaaaaaaaaaaaaaaaaaaaaaaaaaaaaaaaaaaaaaaaaaaaaaaaaaaaaaaaaaaaaaaaaaaaaaaaaaaaaaaaaaaaaaaaaaaaaaaaaaaaaaaaaaaaaaaaaaaaaaaaaaaaaaaaaaaaaaaaaaaaaaaaaaaaaaaaaaaaaaaaaaaaaaaaaaaaaaaaaaaaaaaaaaaaaaaaaaaaaaaaaaaaaaaaaaaaaaaaaaaaaaaaaaaaaaaaaaaaaaaaaaaaaaaaaaaaaaaaaaaaaaaaaaaaaaaaaaaaaaaaaaaaaaaaaaaaaaaaaaaaaaaaaaaaaaaaaaaaaaaaaaaaaaaaaaaaaaaaaaaaaaaaaaaaaaaaaaaaaaaaaaaaaaaaaaaaaaaaaaaaaaaaaaaaaaaaaaaaaaaaaaaaaaaaaaaaaaaaaaaaaaaaaaaaaaaaaaaaaaaaaaaaaaaaaaaaaaaaaaaaaaaaaaaaaaaaaaaaaaaaaaaaaaaaaaaaaaaaaaaaaaaaaaaaaaaaaaaaaaaaaaaaaaaaaaaaaaaaaaaaaaaaaaaaaaaaaaaaaaaaaaaaaaaaaaaaaaaaaaaaaaaaaaaaaaaaaaaaaaaaaaaaaaaaaaaaaaaaaaaaaaaaaaaaaaaaaaaaaaaaaaaaaaaaaaaaaaaaaaaaaaaaaaaaaaaaaaaaaaaaaaaaaaaaaaaaaaaaaaaaaaaaaaaaaaaaaaaaaaaaaaaaaaaaaaaaaaaaaaaaaaaaaaaaaaaaaaaaaaaaaaaaaaaaaaaaaaaaaaaaaaaaaaaaaaaaaaaaaaaaaaaaaaaaaaaaaaaaaaaaaaaaaaaaaaaaaaaaaaaaaaaaaaaaaaaaaaaaaaaaaaaaaaaaaaaaaaaaaaaaaaaaaaaaaaaaaaaaaaaaaaaaaaaaaaaaaaaaaaaaaaaaaaaaaaaaaaaaaaaaaaaaaaaaaaaaaaaaaaaaaaaaaaaaaaaaaaaaaaaaaaaaaaaaaaaaaaaaaaaaaaaaaaaaaaaaaaaaaaaaaaaaaaaaaaaaaaaaaaaaaaaaaaaaaaaaaaaaaaaaaaaaaaaaaaaaaaaaaaaaaaaaaaaaaaaaaaaaaaaaaaaaaaaaaaaaaaaaaaaaaaaaaaaaaaaaaaaaaaaaaaaaaaaaaaaaaaaaaaaaaaaaaaaaaaaaaaaaaaaaaaaaaaaaaaaaaaaaaaaaaaaaaaaaaaaaaaaaaaaaaaaaaaaaaaaaaaaaaaaaaaaaaaaaaaaaaaaaaaaaaaaaaaaaaaaaaaaaaaaaaaaaaaaaaaaaaaaaaaaaaaaaaaaaaaaaaaaaaaaaaaaaaaaaaaaaaaaaaaaaaaaaaaaaaaaaaaaaaaaaaaaaaaaaaaaaaaaaaaaaaaaaaaaaaaaaaaaaaaaaaaaaaaaaaaaaaaaaaaaaaaaaaaaaaaaaaaaaaaaaaaaaaaaaaaaaaaaaaaaaaaaaaaaaaaaaaaaaaaaaaaaaaaaaaaaaaaaaaaaaaaaaaaaaaaaaaaaaaaaaaaaaaaaaaaaaaaaaaaaaaaaaaaaaaaaaaaaaaaaaaaaaaaaaaaaaaaaaaaaaaaaaaaaaaaaaaaaaaaaaaaaaaaaaaaaaaaaaaaaaaaaaaaaaaaaaaaaaaaaaaaaaaaaaaaaaaaaaaaaaaaaaaaaaaaaaaaaaaaaaaaaaaaaaaaaaaaaaaaaaaaaaaaaaaaaaaaaaaaaaaaaaaaaaaaaaaaaaaaaaaaaaaaaaaaaaaaaaaaaaaaaaaaaaaaaaaaaaaaaaaaaaaaaaaaaaaaaaaaaaaaaaaaaaaaaaaaaaaaaaaaaaaaaaaaaaaaaaaaaaaaaaaaaaaaaaaaaaaaaaaaaaaaaaaaaaaaaaaaaaaaaaaaaaaaaaaaaaaaaaaaaaaaaaaaaaaaaaaaaaaaaaaaaaaaaaaaaaaaaaaaaaaaaaaaaaaaaaaaaaaaaaaaaaaaaaaaaaaaaaaaaaaaaaaaaaaaaaaaaaaaaaaaaaaaaaaaaaaaaaaaaaaaaaaaaaaaaaaaaaaaaaaaaaaaaaaaaaaaaaaaaaaaaaaaaaaaaaaaaaaaaaaaaaaaaaaaaaaaaaaaaaaaaaaaaaaaaaaaaaaaaaaaaaaaaaaaaaaaaaaaaaaaaaaaaaaaaaaaaaaaaaaaaaaaaaaaaaaaaaaaaaaaaaaaaaaaaaaaaaaaaaaaaaaaaaaaaaaaaaaaaaaaaaaaaaaaaaaaaaaaaaaaaaaaaaaaaaaaaaaaaaaaaaaaaaaaaaaaaaaaaaaaaaaaaaaaaaaaaaaaaaaaaaaaaaaaaaaaaaaaaaaaaaaaaaaaaaaaaaaaaaaaaaaaaaaaaaaaaaaaaaaaaaaaaaaaaaaaaaaaaaaaaaaaaaaaaaaaaaaaaaaaaaaaaaaaaaaaaaaaaaaaaaaaaaaaaaaaaaaaaaaaaaaaaaaaaaaaaaaaaaaaaaaaaaaaaaaaaaaaaaaaaaaaaaaaaaaaaaaaaaaaaaaaaaaaaaaaaaaaaaaaaaaaaaaaaaaaaaaaaaaaaaaaaaaaaaaaaaaaaaaaaaaaaaaaaaaaaaaaaaaaaaaaaaaaaaaaaaaaaaaaaaaaaaaaaaaaaaaaaaaaaaaaaaaaaaaaaaaaaaaaaaaaaaaaaaaaaaaaaaaaaaaaaaaaaaaaaaaaaaaaaaaaaaaaaaaaaaaaaaaaaaaaaaaaaaaaaaaaaaaaaaaaaaaaaaaaaaaaaaaaaaaaaaaaaaaaaaaaaaaaaaaaaaaaaaaaaaaaaaaaaaaaaaaaaaaaaaaaaaaaaaaaaaaaaaaaaaaaaaaaaaaaaaaaaaaaaaaaaaaaaaaaaaaaaaaaaaaaaaaaaaaaaaaaaaaaaaaaaaaaaaaaaaaaaaaaaaaaaaaaaaaaaaaaaaaaaaaaaaaaaaaaaaaaaaaaaaaaaaaaaaaaaaaaaaaaaaaaaaaaaaaaaaaaaaaaaaaaaaaaaaaaaaaaaaaaaaaaaaaaaaaaaaaaaaaaaaaaaaaaaaaaaaaaaaaaaaaaaaaaaaaaaaaaaaaaaaaaaaaaaaaaaaaaaaaaaaaaaaaaaaaaaaaaaaaaaaaaaaaaaaaaaaaaaaaaaaaaaaaaaaaaaaaaaaaaaaaaaaaaaaaaaaaaaaaaaaaaaaaaaaaaaaaaaaaaaaaaaaaaaaaaaaaaaaaaaaaaaaaaaaaaaaaaaaaaaaaaaaaaaaaaaaaaaaaaaaaaaaaaaaaaaaaaaaaaaaaaaaaaaaaaaaaaaaaaaaaaaaaaaaaaaaaaaaaaaaaaaaaaaaaaaaaaaaaaaaaaaaaaaaaaaaaaaaaaaaaaaaaaaaaaaaaaaaaaaaaaaaaaaaaaaaaaaaaaaaaaaaaaaaaaaaaaaaaaaaaaaaaaaaaaaaaaaaaaaaaaaaaaaaaaaaaaaaaaaaaaaaaaaaaaaaaaaaaaaaaaaaaaaaaaaaaaaaaaaaaaaaaaaaaaaaaaaaaaaaaaaaaaaaaaaaaaaaaaaaaaaaaaaaaaaaaaaaaaaaaaaaaaaaaaaaaaaaaaaaaaaaaaaaaaaaaaaaaaaaaaaaaaaaaaaaaaaaaaaaaaaaaaaaaaaaaaaaaaaaaaaaaaaaaaaaaaaaaaaaaaaaaaaaaaaaaaaaaaaaaaaaaaaaaaaaaaaaaaaaaaaaaaaaaaaaaaaaaaaaaaaaaaaaaaaaaaaaaaaaaaaaaaaaaaaaaaaaaaaaaaaaaaaaaaaaaaaaaaaaaaaaaaaaaaaaaaaaaaaaaaaaaaaaaaaaaaaaaaaaaaaaaaaaaaaaaaaaaaaaaaaaaaaaaaaaaaaaaaaaaaaaaaaaaaaaaaaaaaaaaaaaaaaaaaaaaaaaaaaaaaaaaaaaaaaaaaaaaaaaaaaaaaaaaaaaaaaaaaaaaaaaaaaaaaaaaaaaaaaaaaaaaaaaaaaaaaaaaaaaaaaaaaaaaaaaaaaaaaaaaaaaaaaaaaaaaaaaaaaaaaaaaaaaaaaaaaaaaaaaaaaaaaaaaaaaaaaaaaaaaaaaaaaaaaaaaaaaaaaaaaaaaaaaaaaaaaaaaaaaaaaaaaaaaaaaaaaaaaaaaaaaaaaaaaaaaaaaaaaaaaaaaaaaaaaaaaaaaaaaaaaaaaaaaaaaaaaaaaaaaaaaaaaaaaaaaaaaaaaaaaaaaaaaaaaaaaaaaaaaaaaaaaaaaaaaaaaaaaaaaaaaaaaaaaaaaaaaaaaaaaaaaaaaaaaaaaaaaaaaaaaaaaaaaaaaaaaaaaaaaaaaaaaaaaaaaaaaaaaaaaaaaaaaaaaaaaaaaaaaaaaaaaaaaaaaaaaaaaaaaaaaaaaaaaaaaaaaaaaaaaaaaaaaaaaaaaaaaaaaaaaaaaaaaaaaaaaaaaaaaaaaaaaaaaaaaaaaaaaaaaaaaaaaaaaaaaaaaaaaaaaaaaaaaaaaaaaaaaaaaaaaaaaaaaaaaaaaaaaaaaaaaaaaaaaaaaaaaaaaaaaaaaaaaaaaaaaaaaaaaaaaaaaaaaaaaaaaaaaaaaaaaaaaaaaaaaaaaaaaaaaaaaaaaaaaaaaaaaaaaaaaaaaaaaaaaaaaaaaaaaaaaaaaaaaaaaaaaaaaaaaaaaaaaaaaaaaaaaaaaaaaaaaaaaaaaaaaaaaaaaaaaaaaaaaaaaaaaaaaaaaaaaaaaaaaaaaaaaaaaaaaaaaaaaaaaaaaaaaaaaaaaaaaaaaaaaaaaaaaaaaaaaaaaaaaaaaaaaaaaaaaaaaaaaaaaaaaaaaaaaaaaaaaaaaaaaaaaaaaaaaaaaaaaaaaaaaaaaaaaaaaaaaaaaaaaaaaaaaaaaaaaaaaaaaaaaaaaaaaaaaaaaaaaaaaaaaaaaaaaaaaaaaaaaaaaaaaaaaaaaaaaaaaaaaaaaaaaaaaaaaaaaaaaaaaaaaaaaaaaaaaaaaaaaaaaaaaaaaaaaaaaaaaaaaaaaaaaaaaaaaaaaaaaaaaaaaaaaaaaaaaaaaaaaaaaaaaaaaaaaaaaaaaaaaaaaaaaaaaaaaaaaaaaaaaaaaaaaaaaaaaaaaaaaaaaaaaaaaaaaaaaaaaaaaaaaaaaaaaaaaaaaaaaaaaaaaaaaaaaaaaaaaaaaaaaaaaaaaaaaaaaaaaaaaaaaaaaaaaaaaaaaaaaaaaaaaaaaaaaaaaaaaaaaaaaaaaaaaaaaaaaaaaaaaaaaaaaaaaaaaaaaaaaaaaaaaaaaaaaaaaaaaaaaaaaaaaaaaaaaaaaaaaaaaaaaaaaaaaaaaaaaaaaaaaaaaaaaaaaaaaaaaaaaaaaaaaaaaaaaaaaaaaaaaaaaaaaaaaaaaaaaaaaaaaaaaaaaaaaaaaaaaaaaaaaaaaaaaaaaaaaaaaaaaaaaaaaaaaaaaaaaaaaaaaaaaaaaaaaaaaaaaaaaaaaaaaaaaaaaaaaaaaaaaaaaaaaaaaaaaaaaaaaaaaaaaaaaaaaaaaaaaaaaaaaaaaaaaaaaaaaaaaaaaaaaaaaaaaaaaaaaaaaaaaaaaaaaaaaaaaaaaaaaaaaaaaaaaaaaaaaaaaaaaaaaaaaaaaaaaaaaaaaaaaaaaaaaaaaaaaaaaaaaaaaaaaaaaaaaaaaaaaaaaaaaaaaaaaaaaaaaaaaaaaaaaaaaaaaaaaaaaaaaaaaaaaaaaaaaaaaaaaaaaaaaaaaaaaaaaaaaaaaaaaaaaaaaaaaaaaaaaaaaaaaaaaaaaaaaaaaaaaaaaaaaaaaaaaaaaaaaaaaaaaaaaaaaaaaaaaaaaaaaaaaaaaaaaaaaaaaaaaaaaaaaaaaaaaaaaaaaaaaaaaaaaaaaaaaaaaaaaaaaaaaaaaaaaaaaaaaaaaaaaaaaaaaaaaaaaaaaaaaaaaaaaaaaaaaaaaaaaaaaaaaaaaaaaaaaaaaaaaaaaaaaaaaaaaaaaaaaaaaaaaaaaaaaaaaaaaaaaaaaaaaaaaaaaaaaaaaaaaaaaaaaaaaaaaaaaaaaaaaaaaaaaaaaaaaaaaaaaaaaaaaaaaaaaaaaaaaaaaaaaaaaaaaaaaaaaaaaaaaaaaaaaaaaaaaaaaaaaaaaaaaaaaaaaaaaaaaaaaaaaaaaaaaaaaaaaaaaaaaaaaaaaaaaaaaaaaaaaaaaaaaaaaaaaaaaaaaaaaaaaaaaaaaaaaaaaaaaaaaaaaaaaaaaaaaaaaaaaaaaaaaaaaaaaaaaaaaaaaaaaaaaaaaaaaaaaaaaaaaaaaaaaaaaaaaaaaaaaaaaaaaaaaaaaaaaaaaaaaaaaaaaaaaaaaaaaaaaaaaaaaaaaaaaaaaaaaaaaaaaaaaaaaaaaaaaaaaaaaaaaaaaaaaaaaaaaaaaaaaaaaaaaaaaaaaaaaaaaaaaaaaaaaaaaaaaaaaaaaaaaaaaaaaaaaaaaaaaaaaaaaaaaaaaaaaaaaaaaaaaaaaaaaaaaaaaaaaaaaaaaaaaaaaaaaaaaaaaaaaaaaaaaaaaaaaaaaaaaaaaaaaaaaaaaaaaaaaaaaaaaaaaaaaaaaaaaaaaaaaaaaaaaaaaaaaaaaaaaaaaaaaaaaaaaaaaaaaaaaaaaaaaaaaaaaaaaaaaaaaaaaaaaaaaaaaaaaaaaaaaaaaaaaaaaaaaaaaaaaaaaaaaaaaaaaaaaaaaaaaaaaaaaaaaaaaaaaaaaaaaaaaaaaaaaaaaaaaaaaaaaaaaaaaaaaaaaaaaaaaaaaaaaaaaaaaaaaaaaaaaaaaaaaaaaaaaaaaaaaaaaaaaaaaaaaaaaaaaaaaaaaaaaaaaaaaaaaaaaaaaaaaaaaaaaaaaaaaaaaaaaaaaaaaaaaaaaaaaaaaaaaaaaaaaaaaaaaaaaaaaaaaaaaaaaaaaaaaaaaaaaaaaaaaaaaaaaaaaaaaaaaaaaaaaaaaaaaaaaaaaaaaaaaaaaaaaaaaaaaaaaaaaaaaaaaaaaaaaaaaaaaaaaaaaaaaaaaaaaaaaaaaaaaaaaaaaaaaaaaaaaaaaaaaaaaaaaaaaaaaaaaaaaaaaaaaaaaaaaaaaaaaaaaaaaaaaaaaaaaaaaaaaaaaaaaaaaaaaaaaaaaaaaaaaaaaaaaaaaaaaaaaaaaaaaaaaaaaaaaaaaaaaaaaaaaaaaaaaaaaaaaaaaaaaaaaaaaaaaaaaaaaaaaaaaaaaaaaaaaaaaaaaaaaaaaaaaaaaaaaaaaaaaaaaaaaaaaaaaaaaaaaaaaaaaaaaaaaaaaaaaaaaaaaaaaaaaaaaaaaaaaaaaaaaaaaaaaaaaaaaaaaaaaaaaaaaaaaaaaaaaaaaaaaaaaaaaaaaaaaaaaaaaaaaaaaaaaaaaaaaaaaaaaaaaaaaaaaaaaaaaaaaaaaaaaaaaaaaaaaaaaaaaaaaaaaaaaaaaaaaaaaaaaaaaaaaaaaaaaaaaaaaaaaaaaaaaaaaaaaaaaaaaaaaaaaaaaaaaaaaaaaaaaaaaaaaaaaaaaaaaaaaaaaaaaaaaaaaaaaaaaaaaaaaaaaaaaaaaaaaaaaaaaaaaaaaaaaaaaaaaaaaaaaaaaaaaaaaaaaaaaaaaaaaaaaaaaaaaaaaaaaaaaaaaaaaaaaaaaaaaaaaaaaaaaaaaaaaaaaaaaaaaaaaaaaaaaaaaaaaaaaaaaaaaaaaaaaaaaaaaaaaaaaaaaaaaaaaaaaaaaaaaaaaaaaaaaaaaaaaaaaaaaaaaaaaaaaaaaaaaaaaaaaaaaaaaaaaaaaaaaaaaaaaaaaaaaaaaaaaaaaaaaaaaaaaaaaaaaaaaaaaaaaaaaaaaaaaaaaaaaaaaaaaaaaaaaaaaaaaaaaaaaaaaaaaaaaaaaaaaaaaaaaaaaaaaaaaaaaaaaaaaaaaaaaaaaaaaaaaaaaaaaaaaaaaaaaaaaaaaaaaaaaaaaaaaaaaaaaaaaaaaaaaaaaaaaaaaaaaaaaaaaaaaaaaaaaaaaaaaaaaaaaaaaaaaaaaaaaaaaaaaaaaaaaaaaaaaaaaaaaaaaaaaaaaaaaaaaaaaaaaaaaaaaaaaaaaaaaaaaaaaaaaaaaaaaaaaaaaaaaaaaaaaaaaaaaaaaaaaaaaaaaaaaaaaaaaaaaaaaaaaaaaaaaaaaaaaaaaaaaaaaaaaaaaaaaaaaaaaaaaaaaaaaaaaaaaaaaaaaaaaaaaaaaaaaaaaaaaaaaaaaaaaaaaaaaaaaaaaaaaaaaaaaaaaaaaaaaaaaaaaaaaaaaaaaaaaaaaaaaaaaaaaaaaaaaaaaaaaaaaaaaaaaaaaaaaaaaaaaaaaaaaaaaaaaaaaaaaaaaaaaaaaaaaaaaaaaaaaaaaaaaaaaaaaaaaaaaaaaaaaaaaaaaaaaaaaaaaaaaaaaaaaaaaaaaaaaaaaaaaaaaaaaaaaaaaaaaaaaaaaaaaaaaaaaaaaaaaaaaaaaaaaaaaaaaaaaaaaaaaaaaaaaaaaaaaaaaaaaaaaaaaaaaaaaaaaaaaaaaaaaaaaaaaaaaaaaaaaaaaaaaaaaaaaaaaaaaaaaaaaaaaaaaaaaaaaaaaaaaaaaaaaaaaaaaaaaaaaaaaaaaaaaaaaaaaaaaaaaaaaaaaaaaaaaaaaaaaaaaaaaaaaaaaaaaaaaaaaaaaaaaaaaaaaaaaaaaaaaaaaaaaaaaaaaaaaaaaaaaaaaaaaaaaaaaaaaaaaaaaaaaaaaaaaaaaaaaaaaaaaaaaaaaaaaaaaaaaaaaaaaaaaaaaaaaaaaaaaaaaaaaaaaaaaaaaaaaaaaaaaaaaaaaaaaaaaaaaaaaaaaaaaaaaaaaaaaaaaaaaaaaaaaaaaaaaaaaaaaaaaaaaaaaaaaaaaaaaaaaaaaaaaaaaaaaaaaaaaaaaaaaaaaaaaaaaaaaaaaaaaaaaaaaaaaaaaaaaaaaaaaaaaaaaaaaaaaaaaaaaaaaaaaaaaaaaaaaaaaaaaaaaaaaaaaaaaaaaaaaaaaaaaaaaaaaaaaaaaaaaaaaaaaaaaaaaaaaaaaaaaaaaaaaaaaaaaaaaaaaaaaaaaaaaaaaaaaaaaaaaaaaaaaaaaaaaaaaaaaaaaaaaaaaaaaaaaaaaaaaaaaaaaaaaaaaaaaaaaaaaaaaaaaaaaaaaaaaaaaaaaaaaaaaaaaaaaaaaaaaaaaaaaaaaaaaaaaaaaaaaaaaaaaaaaaaaaaaaaaaaaaaaaaaaaaaaaaaaaaaaaaaaaaaaaaaaaaaaaaaaaaaaaaaaaaaaaaaaaaaaaaaaaaaaaaaaaaaaaaaaaaaaaaaaaaaaaaaaaaaaaaaaaaaaaaaaaaaaaaaaaaaaaaaaaaaaaaaaaaaaaaaaaaaaaaaaaaaaaaaaaaaaaaaaaaaaaaaaaaaaaaaaaaaaaaaaaaaaaaaaaaaaaaaaaaaaaaaaaaaaaaaaaaaaaaaaaaaaaaaaaaaaaaaaaaaaaaaaaaaaaaaaaaaaaaaaaaaaaaaaaaaaaaaaaaaaaaaaaaaaaaaaaaaaaaaaaaaaaaaaaaaaaaaaaaaaaaaaaaaaaaaaaaaaaaaaaaaaaaaaaaaaaaaaaaaaaaaaaaaaaaaaaaaaaaaaaaaaaaaaaaaaaaaaaaaaaaaaaaaaaaaaaaaaaaaaaaaaaaaaaaaaaaaaaaaaaaaaaaaaaaaaaaaaaaaaaaaaaaaaaaaaaaaaaaaaaaaaaaaaaaaaaaaaaaaaaaaaaaaaaaaaaaaaaaaaaaaaaaaaaaaaaaaaaaaaaaaaaaaaaaaaaaaaaaaaaaaaaaaaaaaaaaaaaaaaaaaaaaaaaaaaaaaaaaaaaaaaaaaaaaaaaaaaaaaaaaaaaaaaaaaaaaaaaaaaaaaaaaaaaaaaaaaaaaaaaaaaaaaaaaaaaaaaaaaaaaaaaaaaaaaaaaaaaaaaaaaaaaaaaaaaaaaaaaaaaaaaaaaaaaaaaaaaaaaaaaaaaaaaaaaaaaaaaaaaaaaaaaaaaaaaaaaaaaaaaaaaaaaaaaaaaaaaaaaaaaaaaaaaaaaaaaaaaaaaaaaaaaaaaaaaaaaaaaaaaaaaaaaaaaaaaaaaaaaaaaaaaaaaaaaaaaaaaaaaaaaaaaaaaaaaaaaaaaaaaaaaaaaaaaaaaaaaaaaaaaaaaaaaaaaaaaaaaaaaaaaaaaaaaaaaaaaaaaaaaaaaaaaaaaaaaaaaaaaaaaaaaaaaaaaaaaaaaaaaaaaaaaaaaaaaaaaaaaaaaaaaaaaaaaaaaaaaaaaaaaaaaaaaaaaaaaaaaaaaaaaaaaaaaaaaaaaaaaaaaaaaaaaaaaaaaaaaaaaaaaaaaaaaaaaaaaaaaaaaaaaaaaaaaaaaaaaaaaaaaaaaaaaaaaaaaaaaaaaaaaaaaaaaaaaaaaaaaaaaaaaaaaaaaaaaaaaaaaaaaaaaaaaaaaaaaaaaaaaaaaaaaaaaaaaaaaaaaaaaaaaaaaaaaaaaaaaaaaaaaaaaaaaaaaaaaaaaaaaaaaaaaaaaaaaaaaaaaaaaaaaaaaaaaaaaaaaaaaaaaaaaaaaaaaaaaaaaaaaaaaaaaaaaaaaaaaaaaaaaaaaaaaaaaaaaaaaaaaaaaaaaaaaaaaaaaaaaaaaaaaaaaaaaaaaaaaaaaaaaaaaaaaaaaaaaaaaaaaaaaaaaaaaaaaaaaaaaaaaaaaaaaaaaaaaaaaaaaaaaaaaaaaaaaaaaaaaaaaaaaaaaaaaaaaaaaaaaaaaaaaaaaaaaaaaaaaaaaaaaaaaaaaaaaaaaaaaaaaaaaaaaaaaaaaaaaaaaaaaaaaaaaaaaaaaaaaaaaaaaaaaaaaaaaaaaaaaaaaaaaaaaaaaaaaaaaaaaaaaaaaaaaaaaaaaaaaaaaaaaaaaaaaaaaaaaaaaaaaaaaaaaaaaaaaaaaaaaaaaaaaaaaaaaaaaaaaaaaaaaaaaaaaaaaaaaaaaaaaaaaaaaaaaaaaaaaaaaaaaaaaaaaaaaaaaaaaaaaaaaaaaaaaaaaaaaaaaaaaaaaaaaaaaaaaaaaaaaaaaaaaaaaaaaaaaaaaaaaaaaaaaaaaaaaaaaaaaaaaaaaaaaaaaaaaaaaaaaaaaaaaaaaaaaaaaaaaaaaaaaaaaaaaaaaaaaaaaaaaaaaaaaaaaaaaaaaaaaaaaaaaaaaaaaaaaaaaaaaaaaaaaaaaaaaaaaaaaaaaaaaaaaaaaaaaaaaaaaaaaaaaaaaaaaaaaaaaaaaaaaaaaaaaaaaaaaaaaaaaaaaaaaaaaaaaaaaaaaaaaaaaaaaaaaaaaaaaaaaaaaaaaaaaaaaaaaaaaaaaaaaaaaaaaaaaaaaaaaaaaaaaaaaaaaaaaaaaaaaaaaaaaaaaaaaaaaaaaaaaaaaaaaaaaaaaaaaaaaaaaaaaaaaaaaaaaaaaaaaaaaaaaaaaaaaaaaaaaaaaaaaaaaaaaaaaaaaaaaaaaaaaaaaaaaaaaaaaaaaaaaaaaaaaaaaaaaaaaaaaaaaaaaaaaaaaaaaaaaaaaaaaaaaaaaaaaaaaaaaaaaaaaaaaaaaaaaaaaaaaaaaaaaaaaaaaaaaaaaaaaaaaaaaaaaaaaaaaaaaaaaaaaaaaaaaaaaaaaaaaaaaaaaaaaaaaaaaaaaaaaaaaaaaaaaaaaaaaaaaaaaaaaaaaaaaaaaaaaaaaaaaaaaaaaaaaaaaaaaaaaaaaaaaaaaaaaaaaaaaaaaaaaaaaaaaaaaaaaaaaaaaaaaaaaaaaaaaaaaaaaaaaaaaaaaaaaaaaaaaaaaaaaaaaaaaaaaaaaaaaaaaaaaaaaaaaaaaaaaaaaaaaaaaaaaaaaaaaaaaaaaaaaaaaaaaaaaaaaaaaaaaaaaaaaaaaaaaaaaaaaaaaaaaaaaaaaaaaaaaaaaaaaaaaaaaaaaaaaaaaaaaaaaaaaaaaaaaaaaaaaaaaaaaaaaaaaaaaaaaaaaaaaaaaaaaaaaaaaaaaaaaaaaaaaaaaaaaaaaaaaaaaaaaaaaaaaaaaaaaaaaaaaaaaaaaaaaaaaaaaaaaaaaaaaaaaaaaaaaaaaaaaaaaaaaaaaaaaaaaaaaaaaaaaaaaaaaaaaaaaaaaaaaaaaaaaaaaaaaaaaaaaaaaaaaaaaaaaaaaaaaaaaaaaaaaaaaaaaaaaaaaaaaaaaaaaaaaaaaaaaaaaaaaaaaaaaaaaaaaaaaaaaaaaaaaaaaaaaaaaaaaaaaaaaaaaaaaaaaaaaaaaaaaaaaaaaaaaaaaaaaaaaaaaaaaaaaaaaaaaaaaaaaaaaaaaaaaaaaaaaaaaaaaaaaaaaaaaaaaaaaaaaaaaaaaaaaaaaaaaaaaaaaaaaaaaaaaaaaaaaaaaaaaaaaaaaaaaaaaaaaaaaaaaaaaaaaaaaaaaaaaaaaaaaaaaaaaaaaaaaaaaaaaaaaaaaaaaaaaaaaaaaaaaaaaaaaaaaaaaaaaaaaaaaaaaaaaaaaaaaaaaaaaaaaaaaaaaaaaaaaaaaaaaaaaaaaaaaaaaaaaaaaaaaaaaaaaaaaaaaaaaaaaaaaaaaaaaaaaaaaaaaaaaaaaaaaaaaaaaaaaaaaaaaaaaaaaaaaaaaaaaaaaaaaaaaaaaaaaaaaaaaaaaaaaaaaaaaaaaaaaaaaaaaaaaaaaaaaaaaaaaaaaaaaaaaaaaaaaaaaaaaaaaaaaaaaaaaaaaaaaaaaaaaaaaaaaaaaaaaaaaaaaaaaaaaaaaaaaaaaaaaaaaaaaaaaaaaaaaaaaaaaaaaaaaaaaaaaaaaaaaaaaaaaaaaaaaaaaaaaaaaaaaaaaaaaaaaaaaaaaaaaaaaaaaaaaaaaaaaaaaaaaaaaaaaaaaaaaaaaaaaaaaaaaaaaaaaaaaaaaaaaaaaaaaaaaaaaaaaaaaaaaaaaaaaaaaaaaaaaaaaaaaaaaaaaaaaaaaaaaaaaaaaaaaaaaaaaaaaaaaaaaaaaaaaaaaaaaaaaaaaaaaaaaaaaaaaaaaaaaaaaaaaaaaaaaaaaaaaaaaaaaaaaaaaaaaaaaaaaaaaaaaaaaaaaaaaaaaaaaaaaaaaaaaaaaaaaaaaaaaaaaaaaaaaaaaaaaaaaaaaaaaaaaaaaaaaaaaaaaaaaaaaaaaaaaaaaaaaaaaaaaaaaaaaaaaaaaaaaaaaaaaaaaaaaaaaaaaaaaaaaaaaaaaaaaaaaaaaaaaaaaaaaaaaaaaaaaaaaaaaaaaaaaaaaaaaaaaaaaaaaaaaaaaaaaaaaaaaaaaaaaaaaaaaaaaaaaaaaaaaaaaaaaaaaaaaaaaaaaaaaaaaaaaaaaaaaaaaaaaaaaaaaaaaaaaaaaaaaaaaaaaaaaaaaaaaaaaaaaaaaaaaaaaaaaaaaaaaaaaaaaaaaaaaaaaaaaaaaaaaaaaaaaaaaaaaaaaaaaaaaaaaaaaaaaaaaaaaaaaaaaaaaaaaaaaaaaaaaaaaaaaaaaaaaaaaaaaaaaaaaaaaaaaaaaaaaaaaaaaaaaaaaaaaaaaaaaaaaaaaaaaaaaaaaaaaaaaaaaaaaaaaaaaaaaaaaaaaaaaaaaaaaaaaaaaaaaaaaaaaaaaaaaaaaaaaaaaaaaaaaaaaaaaaaaaaaaaaaaaaaaaaaaaaaaaaaaaaaaaaaaaaaaaaaaaaaaaaaaaaaaaaaaaaaaaaaaaaaaaaaaaaaaaaaaaaaaaaaaaaaaaaaaaaaaaaaaaaaaaaaaaaaaaaaaaaaaaaaaaaaaaaaaaaaaaaaaaaaaaaaaaaaaaaaaaaaaaaaaaaaaaaaaaaaaaaaaaaaaaaaaaaaaaaaaaaaaaaaaaaaaaaaaaaaaaaaaaaaaaaaaaaaaaaaaaaaaaaaaaaaaaaaaaaaaaaaaaaaaaaaaaaaaaaaaaaaaaaaaaaaaaaaaaaaaaaaaaaaaaaaaaaaaaaaaaaaaaaaaaaaaaaaaaaaaaaaaaaaaaaaaaaaaaaaaaaaaaaaaaaaaaaaaaaaaaaaaaaaaaaaaaaaaaaaaaaaaaaaaaaaaaaaaaaaaaaaaaaaaaaaaaaaaaaaaaaaaaaaaaaaaaaaaaaaaaaaaaaaaaaaaaaaaaaaaaaaaaaaaaaaaaaaaaaaaaaaaaaaaaaaaaaaaaaaaaaaaaaaaaaaaaaaaaaaaaaaaaaaaaaaaaaaaaaaaaaaaaaaaaaaaaaaaaaaaaaaaaaaaaaaaaaaaaaaaaaaaaaaaaaaaaaaaaaaaaaaaaaaaaaaaaaaaaaaaaaaaaaaaaaaaaaaaaaaaaaaaaaaaaaaaaaaaaaaaaaaaaaaaaaaaaaaaaaaaaaaaaaaaaaaaaaaaaaaaaaaaaaaaaaaaaaaaaaaaaaaaaaaaaaaaaaaaaaaaaaaaaaaaaaaaaaaaaaaaaaaaaaaaaaaaaaaaaaaaaaaaaaaaaaaaaaaaaaaaaaaaaaaaaaaaaaaaaaaaaaaaaaaaaaaaaaaaaaaaaaaaaaaaaaaaaaaaaaaaaaaaaaaaaaaaaaaaaaaaaaaaaaaaaaaaaaaaaaaaaaaaaaaaaaaaaaaaaaaaaaaaaaaaaaaaaaaaaaaaaaaaaaaaaaaaaaaaaaaaaaaaaaaaaaaaaaaaaaaaaaaaaaaaaaaaaaaaaaaaaaaaaaaaaaaaaaaaaaaaaaaaaaaaaaaaaaaaaaaaaaaaaaaaaaaaaaaaaaaaaaaaaaaaaaaaaaaaaaaaaaaaaaaaaaaaaaaaaaaaaaaaaaaaaaaaaaaaaaaaaaaaaaaaaaaaaaaaaaaaaaaaaaaaaaaaaaaaaaaaaaaaaaaaaaaaaaaaaaaaaaaaaaaaaaaaaaaaaaaaaaaaaaaaaaaaaaaaaaaaaaaaaaaaaaaaaaaaaaaaaaaaaaaaaaaaaaaaaaaaaaaaaaaaaaaaaaaaaaaaaaaaaaaaaaaaaaaaaaaaaaaaaaaaaaaaaaaaaaaaaaaaaaaaaaaaaaaaaaaaaaaaaaaaaaaaaaaaaaaaaaaaaaaaaaaaaaaaaaaaaaaaaaaaaaaaaaaaaaaaaaaaaaaaaaaaaaaaaaaaaaaaaaaaaaaaaaaaaaaaaaaaaaaaaaaaaaaaaaaaaaaaaaaaaaaaaaaaaaaaaaaaaaaaaaaaaaaaaaaaaaaaaaaaaaaaaaaaaaaaaaaaaaaaaaaaaaaaaaaaaaaaaaaaaaaaaaaaaaaaaaaaaaaaaaaaaaaaaaaaaaaaaaaaaaaaaaaaaaaaaaaaaaaaaaaaaaaaaaaaaaaaaaaaaaaaaaaaaaaaaaaaaaaaaaaaaaaaaaaaaaaaaaaaaaaaaaaaaaaaaaaaaaaaaaaaaaaaaaaaaaaaaaaaaaaaaaaaaaaaaaaaaaaaaaaaaaaaaaaaaaaaaaaaaaaaaaaaaaaaaaaaaaaaaaaaaaaaaaaaaaaaaaaaaaaaaaaaaaaaaaaaaaaaaaaaaaaaaaaaaaaaaaaaaaaaaaaaaaaaaaaaaaaaaaaaaaaaaaaaaaaaaaaaaaaaaaaaaaaaaaaaaaaaaaaaaaaaaaaaaaaaaaaaaaaaaaaaaaaaaaaaaaaaaaaaaaaaaaaaaaaaaaaaaaaaaaaaaaaaaaaaaaaaaaaaaaaaaaaaaaaaaaaaaaaaaaaaaaaaaaaaaaaaaaaaaaaaaaaaaaaaaaaaaaaaaaaaaaaaaaaaaaaaaaaaaaaaaaaaaaaaaaaaaaaaaaaaaaaaaaaaaaaaaaaaaaaaaaaaaaaaaaaaaaaaaaaaaaaaaaaaaaaaaaaaaaaaaaaaaaaaaaaaaaaaaaaaaaaaaaaaaaaaaaaaaaaaaaaaaaaaaaaaaaaaaaaaaaaaaaaaaaaaaaaaaaaaaaaaaaaaaaaaaaaaaaaaaaaaaaaaaaaaaaaaaaaaaaaaaaaaaaaaaaaaaaaaaaaaaaaaaaaaaaaaaaaaaaaaaaaaaaaaaaaaaaaaaaaaaaaaaaaaaaaaaaaaaaaaaaaaaaaaaaaaaaaaaaaaaaaaaaaaaaaaaaaaaaaaaaaaaaaaaaaaaaaaaaaaaaaaaaaaaaaaaaaaaaaaaaaaaaaaaaaaaaaaaaaaaaaaaaaaaaaaaaaaaaaaaaaaaaaaaaaaaaaaaaaaaaaaaaaaaaaaaaaaaaaaaaaaaaaaaaaaaaaaaaaaaaaaaaaaaaaaaaaaaaaaaaaaaaaaaaaaaaaaaaaaaaaaaaaaaaaaaaaaaaaaaaaaaaaaaaaaaaaaaaaaaaaaaaaaaaaaaaaaaaaaaaaaaaaaaaaaaaaaaaaaaaaaaaaaaaaaaaaaaaaaaaaaaaaaaaaaaaaaaaaaaaaaaaaaaaaaaaaaaaaaaaaaaaaaaaaaaaaaaaaaaaaaaaaaaaaaaaaaaaaaaaaaaaaaaaaaaaaaaaaaaaaaaaaaaaaaaaaaaaaaaaaaaaaaaaaaaaaaaaaaaaaaaaaaaaaaaaaaaaaaaaaaaaaaaaaaaaaaaaaaaaaaaaaaaaaaaaaaaaaaaaaaaaaaaaaaaaaaaaaaaaaaaaaaaaaaaaaaaaaaaaaaaaaaaaaaaaaaaaaaaaaaaaaaaaaaaaaaaaaaaaaaaaaaaaaaaaaaaaaaaaaaaaaaaaaaaaaaaaaaaaaaaaaaaaaaaaaaaaaaaaaaaaaaaaaaaaaaaaaaaaaaaaaaaaaaaaaaaaaaaaaaaaaaaaaaaaaaaaaaaaaaaaaaaaaaaaaaaaaaaaaaaaaaaaaaaaaaaaaaaaaaaaaaaaaaaaaaaaaaaaaaaaaaaaaaaaaaaaaaaaaaaaaaaaaaaaaaaaaaaaaaaaaaaaaaaaaaaaaaaaaaaaaaaaaaaaaaaaaaaaaaaaaaaaaaaaaaaaaaaaaaaaaaaaaaaaaaaaaaaaaaaaaaaaaaaaaaaaaaaaaaaaaaaaaaaaaaaaaaaaaaaaaaaaaaaaaaaaaaaaaaaaaaaaaaaaaaaaaaaaaaaaaaaaaaaaaaaaaaaaaaaaaaaaaaaaaaaaaaaaaaaaaaaaaaaaaaaaaaaaaaaaaaaaaaaaaaaaaaaaaaaaaaaaaaaaaaaaaaaaaaaaaaaaaaaaaaaaaaaaaaaaaaaaaaaaaaaaaaaaaaaaaaaaaaaaaaaaaaaaaaaaaaaaaaaaaaaaaaaaaaaaaaaaaaaaaaaaaaaaaaaaaaaaaaaaaaaaaaaaaaaaaaaaaaaaaaaaaaaaaaaaaaaaaaaaaaaaaaaaaaaaaaaaaaaaaaaaaaaaaaaaaaaaaaaaaaaaaaaaaaaaaaaaaaaaaaaaaaaaaaaaaaaaaaaaaaaaaaaaaaaaaaaaaaaaaaaaaaaaaaaaaaaaaaaaaaaaaaaaaaaaaaaaaaaaaaaaaaaaaaaaaaaaaaaaaaaaaaaaaaaaaaaaaaaaaaaaaaaaaaaaaaaaaaaaaaaaaaaaaaaaaaaaaaaaaaaaaaaaaaaaaaaaaaaaaaaaaaaaaaaaaaaaaaaaaaaaaaaaaaaaaaaaaaaaaaaaaaaaaaaaaaaaaaaaaaaaaaaaaaaaaaaaaaaaaaaaaaaaaaaaaaaaaaaaaaaaaaaaaaaaaaaaaaaaaaaaaaaaaaaaaaaaaaaaaaaaaaaaaaaaaaaaaaaaaaaaaaaaaaaaaaaaaaaaaaaaaaaaaaaaaaaaaaaaaaaaaaaaaaaaaaaaaaaaaaaaaaaaaaaaaaaaaaaaaaaaaaaaaaaaaaaaaaaaaaaaaaaaaaaaaaaaaaaaaaaaaaaaaaaaaaaaaaaaaaaaaaaaaaaaaaaaaaaaaaaaaaaaaaaaaaaaaaaaaaaaaaaaaaaaaaaaaaaaaaaaaaaaaaaaaaaaaaaaaaaaaaaaaaaaaaaaaaaaaaaaaaaaaaaaaaaaaaaaaaaaaaaaaaaaaaaaaaaaaaaaaaaaaaaaaaaaaaaaaaaaaaaaaaaaaaaaaaaaaaaaaaaaaaaaaaaaaaaaaaaaaaaaaaaaaaaaaaaaaaaaaaaaaaaaaaaaaaaaaaaaaaaaaaaaaaaaaaaaaaaaaaaaaaaaaaaaaaaaaaaaaaaaaaaaaaaaaaaaaaaaaaaaaaaaaaaaaaaaaaaaaaaaaaaaaaaaaaaaaaaaaaaaaaaaaaaaaaaaaaaaaaaaaaaaaaaaaaaaaaaaaaaaaaaaaaaaaaaaaaaaaaaaaaaaaaaaaaaaaaaaaaaaaaaaaaaaaaaaaaaaaaaaaaaaaaaaaaaaaaaaaaaaaaaaaaaaaaaaaaaaaaaaaaaaaaaaaaaaaaaaaaaaaaaaaaaaaaaaaaaaaaaaaaaaaaaaaaaaaaaaaaaaaaaaaaaaaaaaaaaaaaaaaaaaaaaaaaaaaaaaaaaaaaaaaaaaaaaaaaaaaaaaaaaaaaaaaaaaaaaaaaaaaaaaaaaaaaaaaaaaaaaaaaaaaaaaaaaaaaaaaaaaaaaaaaaaaaaaaaaaaaaaaaaaaaaaaaaaaaaaaaaaaaaaaaaaaaaaaaaaaaaaaaaaaaaaaaaaaaaaaaaaaaaaaaaaaaaaaaaaaaaaaaaaaaaaaaaaaaaaaaaaaaaaaaaaaaaaaaaaaaaaaaaaaaaaaaaaaaaaaaaaaaaaaaaaaaaaaaaaaaaaaaaaaaaaaaaaaaaaaaaaaaaaaaaaaaaaaaaaaaaaaaaaaaaaaaaaaaaaaaaaaaaaaaaaaaaaaaaaaaaaaaaaaaaaaaaaaaaaaaaaaaaaaaaaaaaaaaaaaaaaaaaaaaaaaaaaaaaaaaaaaaaaaaaaaaaaaaaaaaaaaaaaaaaaaaaaaaaaaaaaaaaaaaaaaaaaaaaaaaaaaaaaaaaaaaaaaaaaaaaaaaaaaaaaaaaaaaaaaaaaaaaaaaaaaaaaaaaaaaaaaaaaaaaaaaaaaaaaaaaaaaaaaaaaaaaaaaaaaaaaaaaaaaaaaaaaaaaaaaaaaaaaaaaaaaaaaaaaaaaaaaaaaaaaaaaaaaaaaaaaaaaaaaaaaaaaaaaaaaaaaaaaaaaaaaaaaaaaaaaaaaaaaaaaaaaaaaaaaaaaaaaaaaaaaaaaaaaaaaaaaaaaaaaaaaaaaaaaaaaaaaaaaaaaaaaaaaaaaaaaaaaaaaaaaaaaaaaaaaaaaaaaaaaaaaaaaaaaaaaaaaaaaaaaaaaaaaaaaaaaaaaaaaaaaaaaaaaaaaaaaaaaaaaaaaaaaaaaaaaaaaaaaaaaaaaaaaaaaaaaaaaaaaaaaaaaaaaaaaaaaaaaaaaaaaaaaaaaaaaaaaaaaaaaaaaaaaaaaaaaaaaaaaaaaaaaaaaaaaaaaaaaaaaaaaaaaaaaaaaaaaaaaaaaaaaaaaaaaaaaaaaaaaaaaaaaaaaaaaaaaaaaaaaaaaaaaaaaaaaaaaaaaaaaaaaaaaaaaaaaaaaaaaaaaaaaaaaaaaaaaaaaaaaaaaaaaaaaaaaaaaaaaaaaaaaaaaaaaaaaaaaaaaaaaaaaaaaaaaaaaaaaaaaaaaaaaaaaaaaaaaaaaaaaaaaaaaaaaaaaaaaaaaaaaaaaaaaaaaaaaaaaaaaaaaaaaaaaaaaaaaaaaaaaaaaaaaaaaaaaaaaaaaaaaaaaaaaaaaaaaaaaaaaaaaaaaaaaaaaaaaaaaaaaaaaaaaaaaaaaaaaaaaaaaaaaaaaaaaaaaaaaaaaaaaaaaaaaaaaaaaaaaaaaaaaaaaaaaaaaaaaaaaaaaaaaaaaaaaaaaaaaaaaaaaaaaaaaaaaaaaaaaaaaaaaaaaaaaaaaaaaaaaaaaaaaaaaaaaaaaaaaaaaaaaaaaaaaaaaaaaaaaaaaaaaaaaaaaaaaaaaaaaaaaaaaaaaaaaaaaaaaaaaaaaaaaaaaaaaaaaaaaaaaaaaaaaaaaaaaaaaaaaaaaaaaaaaaaaaaaaaaaaaaaaaaaaaaaaaaaaaaaaaaaaaaaaaaaaaaaaaaaaaaaaaaaaaaaaaaaaaaaaaaaaaaaaaaaaaaaaaaaaaaaaaaaaaaaaaaaaaaaaaaaaaaaaaaaaaaaaaaaaaaaaaaaaaaaaaaaaaaaaaaaaaaaaaaaaaaaaaaaaaaaaaaaaaaaaaaaaaaaaaaaaaaaaaaaaaaaaaaaaaaaaaaaaaaaaaaaaaaaaaaaaaaaaaaaaaaaaaaaaaaaaaaaaaaaaaaaaaaaaaaaaaaaaaaaaaaaaaaaaaaaaaaaaaaaaaaaaaaaaaaaaaaaaaaaaaaaaaaaaaaaaaaaaaaaaaaaaaaaaaaaaaaaaaaaaaaaaaaaaaaaaaaaaaaaaaaaaaaaaaaaaaaaaaaaaaaaaaaaaaaaaaaaaaaaaaaaaaaaaaaaaaaaaaaaaaaaaaaaaaaaaaaaaaaaaaaaaaaaaaaaaaaaaaaaaaaaaaaaaaaaaaaaaaaaaaaaaaaaaaaaaaaaaaaaaaaaaaaaaaaaaaaaaaaaaaaaaaaaaaaaaaaaaaaaaaaaaaaaaaaaaaaaaaaaaaaaaaaaaaaaaaaaaaaaaaaaaaaaaaaaaaaaaaaaaaaaaaaaaaaaaaaaaaaaaaaaaaaaaaaaaaaaaaaaaaaaaaaaaaaaaaaaaaaaaaaaaaaaaaaaaaaaaaaaaaaaaaaaaaaaaaaaaaaaaaaaaaaaaaaaaaaaaaaaaaaaaaaaaaaaaaaaaaaaaaaaaaaaaaaaaaaaaaaaaaaaaaaaaaaaaaaaaaaaaaaaaaaaaaaaaaaaaaaaaaaaaaaaaaaaaaaaaaaaaaaaaaaaaaaaaaaaaaaaaaaaaaaaaaaaaaaaaaaaaaaaaaaaaaaaaaaaaaaaaaaaaaaaaaaaaaaaaaaaaaaaaaaaaaaaaaaaaaaaaaaaaaaaaaaaaaaaaaaaaaaaaaaaaaaaaaaaaaaaaaaaaaaaaaaaaaaaaaaaaaaaaaaaaaaaaaaaaaaaaaaaaaaaaaaaaaaaaaaaaaaaaaaaaaaaaaaaaaaaaaaaaaaaaaaaaaaaaaaaaaaaaaaaaaaaaaaaaaaaaaaaaaaaaaaaaaaaaaaaaaaaaaaaaaaaaaaaaaaaaaaaaaaaaaaaaaaaaaaaaaaaaaaaaaaaaaaaaaaaaaaaaaaaaaaaaaaaaaaaaaaaaaaaaaaaaaaaaaaaaaaaaaaaaaaaaaaaaaaaaaaaaaaaaaaaaaaaaaaaaaaaaaaaaaaaaaaaaaaaaaaaaaaaaaaaaaaaaaaaaaaaaaaaaaaaaaaaaaaaaaaaaaaaaaaaaaaaaaaaaaaaaaaaaaaaaaaaaaaaaaaaaaaaaaaaaaaaaaaaaaaaaaaaaaaaaaaaaaaaaaaaaaaaaaaaaaaaaaaaaaaaaaaaaaaaaaaaaaaaaaaaaaaaaaaaaaaaaaaaaaaaaaaaaaaaaaaaaaaaaaaaaaaaaaaaaaaaaaaaaaaaaaaaaaaaaaaaaaaaaaaaaaaaaaaaaaaaaaaaaaaaaaaaaaaaaaaaaaaaaaaaaaaaaaaaaaaaaaaaaaaaaaaaaaaaaaaaaaaaaaaaaaaaaaaaaaaaaaaaaaaaaaaaaaaaaaaaaaaaaaaaaaaaaaaaaaaaaaaaaaaaaaaaaaaaaaaaaaaaaaaaaaaaaaaaaaaaaaaaaaaaaaaaaaaaaaaaaaaaaaaaaaaaaaaaaaaaaaaaaaaaaaaaaaaaaaaaaaaaaaaaaaaaaaaaaaaaaaaaaaaaaaaaaaaaaaaaaaaaaaaaaaaaaaaaaaaaaaaaaaaaaaaaaaaaaaaaaaaaaaaaaaaaaaaaaaaaaaaaaaaaaaaaaaaaaaaaaaaaaaaaaaaaaaaaaaaaaaaaaaaaaaaaaaaaaaaaaaaaaaaaaaaaaaaaaaaaaaaaaaaaaaaaaaaaaaaaaaaaaaaaaaaaaaaaaaaaaaaaaaaaaaaaaaaaaaaaaaaaaaaaaaaaaaaaaaaaaaaaaaaaaaaaaaaaaaaaaaaaaaaaaaaaaaaaaaaaaaaaaaaaaaaaaaaaaaaaaaaaaaaaaaaaaaaaaaaaaaaaaaaaaaaaaaaaaaaaaaaaaaaaaaaaaaaaaaaaaaaaaaaaaaaaaaaaaaaaaaaaaaaaaaaaaaaaaaaaaaaaaaaaaaaaaaaaaaaaaaaaaaaaaaaaaaaaaaaaaaaaaaaaaaaaaaaaaaaaaaaaaaaaaaaaaaaaaaaaaaaaaaaaaaaaaaaaaaaaaaaaaaaaaaaaaaaaaaaaaaaaaaaaaaaaaaaaaaaaaaaaaaaaaaaaaaaaaaaaaaaaaaaaaaaaaaaaaaaaaaaaaaaaaaaaaaaaaaaaaaaaaaaaaaaaaaaaaaaaaaaaaaaaaaaaaaaaaaaaaaaaaaaaaaaaaaaaaaaaaaaaaaaaaaaaaaaaaaaaaaaaaaaaaaaaaaaaaaaaaaaaaaaaaaaaaaaaaaaaaaaaaaaaaaaaaaaaaaaaaaaaaaaaaaaaaaaaaaaaaaaaaaaaaaaaaaaaaaaaaaaaaaaaaaaaaaaaaaaaaaaaaaaaaaaaaaaaaaaaaaaaaaaaaaaaaaaaaaaaaaaaaaaaaaaaaaaaaaaaaaaaaaaaaaaaaaaaaaaaaaaaaaaaaaaaaaaaaaaaaaaaaaaaaaaaaaaaaaaaaaaaaaaaaaaaaaaaaaaaaaaaaaaaaaaaaaaaaaaaaaaaaaaaaaaaaaaaaaaaaaaaaaaaaaaaaaaaaaaaaaaaaaaaaaaaaaaaaaaaaaaaaaaaaaaaaaaaaaaaaaaaaaaaaaaaaaaaaaaaaaaaaaaaaaaaaaaaaaaaaaaaaaaaaaaaaaaaaaaaaaaaaaaaaaaaaaaaaaaaaaaaaaaaaaaaaaaaaaaaaaaaaaaaaaaaaaaaaaaaaaaaaaaaaaaaaaaaaaaaaaaaaaaaaaaaaaaaaaaaaaaaaaaaaaaaaaaaaaaaaaaaaaaaaaaaaaaaaaaaaaaaaaaaaaaaaaaaaaaaaaaaaaaaaaaaaaaaaaaaaaaaaaaaaaaaaaaaaaaaaaaaaaaaaaaaaaaaaaaaaaaaaaaaaaaaaaaaaaaaaaaaaaaaaaaaaaaaaaaaaaaaaaaaaaaaaaaaaaaaaaaaaaaaaaaaaaaaaaaaaaaaaaaaaaaaaaaaaaaaaaaaaaaaaaaaaaaaaaaaaaaaaaaaaaaaaaaaaaaaaaaaaaaaaaaaaaaaaaaaaaaaaaaaaaaaaaaaaaaaaaaaaaaaaaaaaaaaaaaaaaaaaaaaaaaaaaaaaaaaaaaaaaaaaaaaaaaaaaaaaaaaaaaaaaaaaaaaaaaaaaaaaaaaaaaaaaaaaaaaaaaaaaaaaaaaaaaaaaaaaaaaaaaaaaaaaaaaaaaaaaaaaaaaaaaaaaaaaaaaaaaaaaaaaaaaaaaaaaaaaaaaaaaaaaaaaaaaaaaaaaaaaaaaaaaaaaaaaaaaaaaaaaaaaaaaaaaaaaaaaaaaaaaaaaaaaaaaaaaaaaaaaaaaaaaaaaaaaaaaaaaaaaaaaaaaaaaaaaaaaaaaaaaaaaaaaaaaaaaaaaaaaaaaaaaaaaaaaaaaaaaaaaaaaaaaaaaaaaaaaaaaaaaaaaaaaaaaaaaaaaaaaaaaaaaaaaaaaaaaaaaaaaaaaaaaaaaaaaaaaaaaaaaaaaaaaaaaaaaaaaaaaaaaaaaaaaaaaaaaaaaaaaaaaaaaaaaaaaaaaaaaaaaaaaaaaaaaaaaaaaaaaaaaaaaaaaaaaaaaaaaaaaaaaaaaaaaaaaaaaaaaaaaaaaaaaaaaaaaaaaaaaaaaaaaaaaaaaaaaaaaaaaaaaaaaaaaaaaaaaaaaaaaaaaaaaaaaaaaaaaaaaaaaaaaaaaaaaaaaaaaaaaaaaaaaaaaaaaaaaaaaaaaaaaaaaaaaaaaaaaaaaaaaaaaaaaaaaaaaaaaaaaaaaaaaaaaaaaaaaaaaaaaaaaaaaaaaaaaaaaaaaaaaaaaaaaaaaaaaaaaaaaaaaaaaaaaaaaaaaaaaaaaaaaaaaaaaaaaaaaaaaaaaaaaaaaaaaaaaaaaaaaaaaaaaaaaaaaaaaaaaaaaaaaaaaaaaaaaaaaaaaaaaaaaaaaaaaaaaaaaaaaaaaaaaaaaaaaaaaaaaaaaaaaaaaaaaaaaaaaaaaaaaaaaaaaaaaaaaaaaaaaaaaaaaaaaaaaaaaaaaaaaaaaaaaaaaaaaaaaaaaaaaaaaaaaaaaaaaaaaaaaaaaaaaaaaaaaaaaaaaaaaaaaaaaaaaaaaaaaaaaaaaaaaaaaaaaaaaaaaaaaaaaaaaaaaaaaaaaaaaaaaaaaaaaaaaaaaaaaaaaaaaaaaaaaaaaaaaaaaaaaaaaaaaaaaaaaaaaaaaaaaaaaaaaaaaaaaaaaaaaaaaaaaaaaaaaaaaaaaaaaaaaaaaaaaaaaaaaaaaaaaaaaaaaaaaaaaaaaaaaaaaaaaaaaaaaaaaaaaaaaaaaaaaaaaaaaaaaaaaaaaaaaaaaaaaaaaaaaaaaaaaaaaaaaaaaaaaaaaaaaaaaaaaaaaaaaaaaaaaaaaaaaaaaaaaaaaaaaaaaaaaaaaaaaaaaaaaaaaaaaaaaaaaaaaaaaaaaaaaaaaaaaaaaaaaaaaaaaaaaaaaaaaaaaaaaaaaaaaaaaaaaaaaaaaaaaaaaaaaaaaaaaaaaaaaaaaaaaaaaaaaaaaaaaaaaaaaaaaaaaaaaaaaaaaaaaaaaaaaaaaaaaaaaaaaaaaaaaaaaaaaaaaaaaaaaaaaaaaaaaaaaaaaaaaaaaaaaaaaaaaaaaaaaaaaaaaaaaaaaaaaaaaaaaaaaaaaaaaaaaaaaaaaaaaaaaaaaaaaaaaaaaaaaaaaaaaaaaaaaaaaaaaaaaaa]; codes [Size.textSubmission.text,Size.text,Size.java.lang.String,Size]; arguments [org.springframework.context.support.DefaultMessageSourceResolvable: codes [textSubmission.text,text]; arguments []; default message [text],30000,0]; default message [The text submission is too large.]] 

  Starting logs for TextSubmissionIntegrationTest > submitExercise_submissionIsAlreadyCreated_badRequest()
    23:48:30.892 |  37 Pool-1-worker-11 | DEBUG | d.t.c.a.a.c.u.util.UserUtilService   : Generate 2 students...
    23:48:30.897 |  37 Pool-1-worker-11 | DEBUG | d.t.c.a.a.c.u.util.UserUtilService   : 2 students generated. Generate 1 tutors...
    23:48:30.900 |  37 Pool-1-worker-11 | DEBUG | d.t.c.a.a.c.u.util.UserUtilService   : 1 tutors generated. Generate 0 editors...
    23:48:30.901 |  37 Pool-1-worker-11 | DEBUG | d.t.c.a.a.c.u.util.UserUtilService   : 0 editors generated. Generate 1 instructors...
    23:48:30.904 |  37 Pool-1-worker-11 | DEBUG | d.t.c.a.a.c.u.util.UserUtilService   : 1 instructors generated
    23:48:30.907 |  37 Pool-1-worker-11 | DEBUG | d.t.c.a.a.c.u.util.UserUtilService   : Removing 4 users from all courses...
    23:48:30.908 |  37 Pool-1-worker-11 | DEBUG | d.t.c.a.a.c.u.util.UserUtilService   : Removing 4 users from all courses. Done
    23:48:30.908 |  37 Pool-1-worker-11 | DEBUG | d.t.c.a.a.c.u.util.UserUtilService   : Save 4 users to database...
    23:48:30.911 |  37 Pool-1-worker-11 | DEBUG | d.t.c.a.a.c.u.util.UserUtilService   : Save 4 users to database. Done
    23:48:30.931 |  37 Pool-1-worker-11 | INFO  | i.z.t.d.l.EmbeddedDatabaseReporter   : JDBC URL to connect to 'dataSource': url='jdbc:h2:tcp://localhost:41063/mem:df70fc46-7e57-4cb5-9cd0-c1d90c14afa7;USER=sa', scope='TextSubmissionIntegrationTest#submitExercise_submissionIsAlreadyCreated_badRequest'
    23:48:30.933 |  37 Pool-1-worker-11 | DEBUG | d.t.c.a.a.c.s.f.ApiVersionFilter     : Adding Version to Request POST /api/exercises/4026/text-submissions
    23:48:30.933 |  37 Pool-1-worker-11 | DEBUG | d.t.c.a.a.t.w.TextSubmissionResource : REST request to save text submission : TextSubmission{id=1975, text='example text', language='ENGLISH'}
    23:48:30.934 |  37 Pool-1-worker-11 | ERROR | tech.jhipster.web.util.HeaderUtil    : Entity processing failed, A new text submission cannot already have an ID
    23:48:30.934 |  37 Pool-1-worker-11 | WARN  | o.z.p.spring.common.AdviceTraits     : Bad Request: A new text submission cannot already have an ID

  Starting logs for TextSubmissionIntegrationTest > deleteTextSubmissionWithTextBlocks()
    23:48:30.948 |  37 Pool-1-worker-11 | DEBUG | d.t.c.a.a.c.u.util.UserUtilService   : Generate 2 students...
    23:48:30.953 |  37 Pool-1-worker-11 | DEBUG | d.t.c.a.a.c.u.util.UserUtilService   : 2 students generated. Generate 1 tutors...
    23:48:30.956 |  37 Pool-1-worker-11 | DEBUG | d.t.c.a.a.c.u.util.UserUtilService   : 1 tutors generated. Generate 0 editors...
    23:48:30.957 |  37 Pool-1-worker-11 | DEBUG | d.t.c.a.a.c.u.util.UserUtilService   : 0 editors generated. Generate 1 instructors...
    23:48:30.960 |  37 Pool-1-worker-11 | DEBUG | d.t.c.a.a.c.u.util.UserUtilService   : 1 instructors generated
    23:48:30.962 |  37 Pool-1-worker-11 | DEBUG | d.t.c.a.a.c.u.util.UserUtilService   : Removing 4 users from all courses...
    23:48:30.963 |  37 Pool-1-worker-11 | DEBUG | d.t.c.a.a.c.u.util.UserUtilService   : Removing 4 users from all courses. Done
    23:48:30.963 |  37 Pool-1-worker-11 | DEBUG | d.t.c.a.a.c.u.util.UserUtilService   : Save 4 users to database...
    23:48:30.967 |  37 Pool-1-worker-11 | DEBUG | d.t.c.a.a.c.u.util.UserUtilService   : Save 4 users to database. Done
    23:48:30.986 |  37 Pool-1-worker-11 | INFO  | i.z.t.d.l.EmbeddedDatabaseReporter   : JDBC URL to connect to 'dataSource': url='jdbc:h2:tcp://localhost:41063/mem:df70fc46-7e57-4cb5-9cd0-c1d90c14afa7;USER=sa', scope='TextSubmissionIntegrationTest#deleteTextSubmissionWithTextBlocks'
    23:48:31.001 |  37 Pool-1-worker-11 | DEBUG | d.t.c.a.a.c.s.f.ApiVersionFilter     : Adding Version to Request DELETE /api/submissions/1976
    23:48:31.001 |  37 Pool-1-worker-11 | DEBUG | d.t.c.a.a.e.web.SubmissionResource   : REST request to delete Submission : 1976

  Starting logs for TextSubmissionIntegrationTest > getDataForTextEditorWithResult()
    23:48:31.020 |  37 Pool-1-worker-11 | DEBUG | d.t.c.a.a.c.u.util.UserUtilService   : Generate 2 students...
    23:48:31.025 |  37 Pool-1-worker-11 | DEBUG | d.t.c.a.a.c.u.util.UserUtilService   : 2 students generated. Generate 1 tutors...
    23:48:31.028 |  37 Pool-1-worker-11 | DEBUG | d.t.c.a.a.c.u.util.UserUtilService   : 1 tutors generated. Generate 0 editors...
    23:48:31.029 |  37 Pool-1-worker-11 | DEBUG | d.t.c.a.a.c.u.util.UserUtilService   : 0 editors generated. Generate 1 instructors...
    23:48:31.032 |  37 Pool-1-worker-11 | DEBUG | d.t.c.a.a.c.u.util.UserUtilService   : 1 instructors generated
    23:48:31.034 |  37 Pool-1-worker-11 | DEBUG | d.t.c.a.a.c.u.util.UserUtilService   : Removing 4 users from all courses...
    23:48:31.035 |  37 Pool-1-worker-11 | DEBUG | d.t.c.a.a.c.u.util.UserUtilService   : Removing 4 users from all courses. Done
    23:48:31.035 |  37 Pool-1-worker-11 | DEBUG | d.t.c.a.a.c.u.util.UserUtilService   : Save 4 users to database...
    23:48:31.039 |  37 Pool-1-worker-11 | DEBUG | d.t.c.a.a.c.u.util.UserUtilService   : Save 4 users to database. Done
    23:48:31.059 |  37 Pool-1-worker-11 | INFO  | i.z.t.d.l.EmbeddedDatabaseReporter   : JDBC URL to connect to 'dataSource': url='jdbc:h2:tcp://localhost:41063/mem:df70fc46-7e57-4cb5-9cd0-c1d90c14afa7;USER=sa', scope='TextSubmissionIntegrationTest#getDataForTextEditorWithResult'
    23:48:31.082 |  37 Pool-1-worker-11 | DEBUG | .c.s.m.InstanceMessageReceiveService : Received schedule participant score for exercise 4031 and participant 745 (result to be deleted: null)
    23:48:31.082 |  37 Pool-1-worker-11 | DEBUG | .a.s.ParticipantScoreScheduleService : Scheduled task for exercise 4031 and participant 745 at 2025-02-14T23:48:31.182605499Z[Etc/UTC].
    23:48:31.093 |  37 Pool-1-worker-11 | DEBUG | .c.s.m.InstanceMessageReceiveService : Received schedule participant score for exercise 4031 and participant 745 (result to be deleted: null)
    23:48:31.093 |  37 Pool-1-worker-11 | DEBUG | .a.s.ParticipantScoreScheduleService : Scheduled task for exercise 4031 and participant 745 at 2025-02-14T23:48:31.193761936Z[Etc/UTC].
    23:48:31.122 |  37 Pool-1-worker-11 | DEBUG | .c.s.m.InstanceMessageReceiveService : Received schedule participant score for exercise 4031 and participant 745 (result to be deleted: null)
    23:48:31.122 |  37 Pool-1-worker-11 | DEBUG | .a.s.ParticipantScoreScheduleService : Scheduled task for exercise 4031 and participant 745 at 2025-02-14T23:48:31.222070231Z[Etc/UTC].
    23:48:31.123 |  37 Pool-1-worker-11 | DEBUG | d.t.c.a.a.c.s.f.ApiVersionFilter     : Adding Version to Request GET /api/text-editor/3465

  Starting logs for TextSubmissionIntegrationTest > getAllTextSubmissions_assessedByTutorForStudent()
    23:48:31.145 |  37 Pool-1-worker-11 | DEBUG | d.t.c.a.a.c.u.util.UserUtilService   : Generate 2 students...
    23:48:31.150 |  37 Pool-1-worker-11 | DEBUG | d.t.c.a.a.c.u.util.UserUtilService   : 2 students generated. Generate 1 tutors...
    23:48:31.152 |  37 Pool-1-worker-11 | DEBUG | d.t.c.a.a.c.u.util.UserUtilService   : 1 tutors generated. Generate 0 editors...
    23:48:31.154 |  37 Pool-1-worker-11 | DEBUG | d.t.c.a.a.c.u.util.UserUtilService   : 0 editors generated. Generate 1 instructors...
    23:48:31.156 |  37 Pool-1-worker-11 | DEBUG | d.t.c.a.a.c.u.util.UserUtilService   : 1 instructors generated
    23:48:31.159 |  37 Pool-1-worker-11 | DEBUG | d.t.c.a.a.c.u.util.UserUtilService   : Removing 4 users from all courses...
    23:48:31.160 |  37 Pool-1-worker-11 | DEBUG | d.t.c.a.a.c.u.util.UserUtilService   : Removing 4 users from all courses. Done
    23:48:31.160 |  37 Pool-1-worker-11 | DEBUG | d.t.c.a.a.c.u.util.UserUtilService   : Save 4 users to database...
    23:48:31.164 |  37 Pool-1-worker-11 | DEBUG | d.t.c.a.a.c.u.util.UserUtilService   : Save 4 users to database. Done
    23:48:31.186 |  37 Pool-1-worker-11 | INFO  | i.z.t.d.l.EmbeddedDatabaseReporter   : JDBC URL to connect to 'dataSource': url='jdbc:h2:tcp://localhost:41063/mem:df70fc46-7e57-4cb5-9cd0-c1d90c14afa7;USER=sa', scope='TextSubmissionIntegrationTest#getAllTextSubmissions_assessedByTutorForStudent'
    23:48:31.189 |  37 Pool-1-worker-11 | DEBUG | d.t.c.a.a.c.s.f.ApiVersionFilter     : Adding Version to Request GET /api/exercises/4033/text-submissions
    23:48:31.191 |  37 Pool-1-worker-11 | WARN  | o.z.p.spring.common.AdviceTraits     : Forbidden: Access Denied

  Starting logs for TextSubmissionIntegrationTest > getTextSubmissionWithoutAssessment_dueDateNotOver()
    23:48:31.206 |  37 Pool-1-worker-11 | DEBUG | d.t.c.a.a.c.u.util.UserUtilService   : Generate 2 students...
    23:48:31.210 |  37 Pool-1-worker-11 | DEBUG | d.t.c.a.a.c.u.util.UserUtilService   : 2 students generated. Generate 1 tutors...
    23:48:31.213 |  37 Pool-1-worker-11 | DEBUG | d.t.c.a.a.c.u.util.UserUtilService   : 1 tutors generated. Generate 0 editors...
    23:48:31.214 |  37 Pool-1-worker-11 | DEBUG | d.t.c.a.a.c.u.util.UserUtilService   : 0 editors generated. Generate 1 instructors...
    23:48:31.216 |  37 Pool-1-worker-11 | DEBUG | d.t.c.a.a.c.u.util.UserUtilService   : 1 instructors generated
    23:48:31.218 |  37 Pool-1-worker-11 | DEBUG | d.t.c.a.a.c.u.util.UserUtilService   : Removing 4 users from all courses...
    23:48:31.219 |  37 Pool-1-worker-11 | DEBUG | d.t.c.a.a.c.u.util.UserUtilService   : Removing 4 users from all courses. Done
    23:48:31.219 |  37 Pool-1-worker-11 | DEBUG | d.t.c.a.a.c.u.util.UserUtilService   : Save 4 users to database...
    23:48:31.223 |  37 Pool-1-worker-11 | DEBUG | d.t.c.a.a.c.u.util.UserUtilService   : Save 4 users to database. Done
    23:48:31.242 |  37 Pool-1-worker-11 | INFO  | i.z.t.d.l.EmbeddedDatabaseReporter   : JDBC URL to connect to 'dataSource': url='jdbc:h2:tcp://localhost:41063/mem:df70fc46-7e57-4cb5-9cd0-c1d90c14afa7;USER=sa', scope='TextSubmissionIntegrationTest#getTextSubmissionWithoutAssessment_dueDateNotOver'
    23:48:31.246 |  37 Pool-1-worker-11 | DEBUG | d.t.c.a.a.c.s.f.ApiVersionFilter     : Adding Version to Request GET /api/exercises/4034/text-submission-without-assessment
    23:48:31.247 |  37 Pool-1-worker-11 | DEBUG | d.t.c.a.a.t.w.TextSubmissionResource : REST request to get a text submission without assessment
    23:48:31.248 |  37 Pool-1-worker-11 | DEBUG | d.t.c.a.a.e.s.SubmissionService      : The due date of exercise 'Text' has not been reached yet.
    23:48:31.249 |  37 Pool-1-worker-11 | WARN  | o.z.p.spring.common.AdviceTraits     : Forbidden: The due date of exercise 'Text' has not been reached yet.

  Starting logs for TextSubmissionIntegrationTest > getTextSubmissionWithoutAssessment_asStudent_forbidden()
    23:48:31.264 |  37 Pool-1-worker-11 | DEBUG | d.t.c.a.a.c.u.util.UserUtilService   : Generate 2 students...
    23:48:31.269 |  37 Pool-1-worker-11 | DEBUG | d.t.c.a.a.c.u.util.UserUtilService   : 2 students generated. Generate 1 tutors...
    23:48:31.272 |  37 Pool-1-worker-11 | DEBUG | d.t.c.a.a.c.u.util.UserUtilService   : 1 tutors generated. Generate 0 editors...
    23:48:31.273 |  37 Pool-1-worker-11 | DEBUG | d.t.c.a.a.c.u.util.UserUtilService   : 0 editors generated. Generate 1 instructors...
    23:48:31.275 |  37 Pool-1-worker-11 | DEBUG | d.t.c.a.a.c.u.util.UserUtilService   : 1 instructors generated
    23:48:31.278 |  37 Pool-1-worker-11 | DEBUG | d.t.c.a.a.c.u.util.UserUtilService   : Removing 4 users from all courses...
    23:48:31.279 |  37 Pool-1-worker-11 | DEBUG | d.t.c.a.a.c.u.util.UserUtilService   : Removing 4 users from all courses. Done
    23:48:31.279 |  37 Pool-1-worker-11 | DEBUG | d.t.c.a.a.c.u.util.UserUtilService   : Save 4 users to database...
    23:48:31.282 |  37 Pool-1-worker-11 | DEBUG | d.t.c.a.a.c.u.util.UserUtilService   : Save 4 users to database. Done
    23:48:31.301 |  37 Pool-1-worker-11 | INFO  | i.z.t.d.l.EmbeddedDatabaseReporter   : JDBC URL to connect to 'dataSource': url='jdbc:h2:tcp://localhost:41063/mem:df70fc46-7e57-4cb5-9cd0-c1d90c14afa7;USER=sa', scope='TextSubmissionIntegrationTest#getTextSubmissionWithoutAssessment_asStudent_forbidden'
    23:48:31.304 |  37 Pool-1-worker-11 | DEBUG | d.t.c.a.a.c.s.f.ApiVersionFilter     : Adding Version to Request GET /api/exercises/4037/text-submission-without-assessment
    23:48:31.305 |  37 Pool-1-worker-11 | WARN  | o.z.p.spring.common.AdviceTraits     : Forbidden: Access Denied

  Starting logs for TextSubmissionIntegrationTest > getAllTextSubmission_notTutorInExercise()
    23:48:31.319 |  37 Pool-1-worker-11 | DEBUG | d.t.c.a.a.c.u.util.UserUtilService   : Generate 2 students...
    23:48:31.323 |  37 Pool-1-worker-11 | DEBUG | d.t.c.a.a.c.u.util.UserUtilService   : 2 students generated. Generate 1 tutors...
    23:48:31.326 |  37 Pool-1-worker-11 | DEBUG | d.t.c.a.a.c.u.util.UserUtilService   : 1 tutors generated. Generate 0 editors...
    23:48:31.327 |  37 Pool-1-worker-11 | DEBUG | d.t.c.a.a.c.u.util.UserUtilService   : 0 editors generated. Generate 1 instructors...
    23:48:31.330 |  37 Pool-1-worker-11 | DEBUG | d.t.c.a.a.c.u.util.UserUtilService   : 1 instructors generated
    23:48:31.333 |  37 Pool-1-worker-11 | DEBUG | d.t.c.a.a.c.u.util.UserUtilService   : Removing 4 users from all courses...
    23:48:31.334 |  37 Pool-1-worker-11 | DEBUG | d.t.c.a.a.c.u.util.UserUtilService   : Removing 4 users from all courses. Done
    23:48:31.334 |  37 Pool-1-worker-11 | DEBUG | d.t.c.a.a.c.u.util.UserUtilService   : Save 4 users to database...
    23:48:31.337 |  37 Pool-1-worker-11 | DEBUG | d.t.c.a.a.c.u.util.UserUtilService   : Save 4 users to database. Done
    23:48:31.355 |  37 Pool-1-worker-11 | INFO  | i.z.t.d.l.EmbeddedDatabaseReporter   : JDBC URL to connect to 'dataSource': url='jdbc:h2:tcp://localhost:41063/mem:df70fc46-7e57-4cb5-9cd0-c1d90c14afa7;USER=sa', scope='TextSubmissionIntegrationTest#getAllTextSubmission_notTutorInExercise'
    23:48:31.359 |  37 Pool-1-worker-11 | DEBUG | d.t.c.a.a.c.s.f.ApiVersionFilter     : Adding Version to Request GET /api/exercises/4039/text-submissions
    23:48:31.359 |  37 Pool-1-worker-11 | DEBUG | d.t.c.a.a.t.w.TextSubmissionResource : REST request to get all TextSubmissions
    23:48:31.361 |  37 Pool-1-worker-11 | WARN  | o.z.p.spring.common.AdviceTraits     : Forbidden: You are not allowed to access the Course with id 3249

  Starting logs for TextSubmissionIntegrationTest > submitExercise_noExercise_badRequest()
    23:48:31.375 |  37 Pool-1-worker-11 | DEBUG | d.t.c.a.a.c.u.util.UserUtilService   : Generate 2 students...
    23:48:31.379 |  37 Pool-1-worker-11 | DEBUG | d.t.c.a.a.c.u.util.UserUtilService   : 2 students generated. Generate 1 tutors...
    23:48:31.381 |  37 Pool-1-worker-11 | DEBUG | d.t.c.a.a.c.u.util.UserUtilService   : 1 tutors generated. Generate 0 editors...
    23:48:31.383 |  37 Pool-1-worker-11 | DEBUG | d.t.c.a.a.c.u.util.UserUtilService   : 0 editors generated. Generate 1 instructors...
    23:48:31.385 |  37 Pool-1-worker-11 | DEBUG | d.t.c.a.a.c.u.util.UserUtilService   : 1 instructors generated
    23:48:31.388 |  37 Pool-1-worker-11 | DEBUG | d.t.c.a.a.c.u.util.UserUtilService   : Removing 4 users from all courses...
    23:48:31.389 |  37 Pool-1-worker-11 | DEBUG | d.t.c.a.a.c.u.util.UserUtilService   : Removing 4 users from all courses. Done
    23:48:31.389 |  37 Pool-1-worker-11 | DEBUG | d.t.c.a.a.c.u.util.UserUtilService   : Save 4 users to database...
    23:48:31.393 |  37 Pool-1-worker-11 | DEBUG | d.t.c.a.a.c.u.util.UserUtilService   : Save 4 users to database. Done
    23:48:31.411 |  37 Pool-1-worker-11 | INFO  | i.z.t.d.l.EmbeddedDatabaseReporter   : JDBC URL to connect to 'dataSource': url='jdbc:h2:tcp://localhost:41063/mem:df70fc46-7e57-4cb5-9cd0-c1d90c14afa7;USER=sa', scope='TextSubmissionIntegrationTest#submitExercise_noExercise_badRequest'
    23:48:31.412 |  37 Pool-1-worker-11 | DEBUG | d.t.c.a.a.c.s.f.ApiVersionFilter     : Adding Version to Request POST /api/exercises/4140/text-submissions
    23:48:31.412 |  37 Pool-1-worker-11 | DEBUG | d.t.c.a.a.t.w.TextSubmissionResource : REST request to save text submission : TextSubmission{id=null, text='example text', language='ENGLISH'}
    23:48:31.415 |  37 Pool-1-worker-11 | WARN  | o.z.p.spring.common.AdviceTraits     : Not Found: TextExercise with identifier: "4140" does not exist

  Starting logs for TextSubmissionIntegrationTest > submitExercise_beforeDueDate_allowed()
    23:48:31.428 |  37 Pool-1-worker-11 | DEBUG | d.t.c.a.a.c.u.util.UserUtilService   : Generate 2 students...
    23:48:31.433 |  37 Pool-1-worker-11 | DEBUG | d.t.c.a.a.c.u.util.UserUtilService   : 2 students generated. Generate 1 tutors...
    23:48:31.435 |  37 Pool-1-worker-11 | DEBUG | d.t.c.a.a.c.u.util.UserUtilService   : 1 tutors generated. Generate 0 editors...
    23:48:31.437 |  37 Pool-1-worker-11 | DEBUG | d.t.c.a.a.c.u.util.UserUtilService   : 0 editors generated. Generate 1 instructors...
    23:48:31.439 |  37 Pool-1-worker-11 | DEBUG | d.t.c.a.a.c.u.util.UserUtilService   : 1 instructors generated
    23:48:31.441 |  37 Pool-1-worker-11 | DEBUG | d.t.c.a.a.c.u.util.UserUtilService   : Removing 4 users from all courses...
    23:48:31.442 |  37 Pool-1-worker-11 | DEBUG | d.t.c.a.a.c.u.util.UserUtilService   : Removing 4 users from all courses. Done
    23:48:31.442 |  37 Pool-1-worker-11 | DEBUG | d.t.c.a.a.c.u.util.UserUtilService   : Save 4 users to database...
    23:48:31.446 |  37 Pool-1-worker-11 | DEBUG | d.t.c.a.a.c.u.util.UserUtilService   : Save 4 users to database. Done
    23:48:31.464 |  37 Pool-1-worker-11 | INFO  | i.z.t.d.l.EmbeddedDatabaseReporter   : JDBC URL to connect to 'dataSource': url='jdbc:h2:tcp://localhost:41063/mem:df70fc46-7e57-4cb5-9cd0-c1d90c14afa7;USER=sa', scope='TextSubmissionIntegrationTest#submitExercise_beforeDueDate_allowed'
    23:48:31.465 |  37 Pool-1-worker-11 | DEBUG | d.t.c.a.a.c.s.f.ApiVersionFilter     : Adding Version to Request PUT /api/exercises/4042/text-submissions
    23:48:31.466 |  37 Pool-1-worker-11 | DEBUG | d.t.c.a.a.t.w.TextSubmissionResource : REST request to update text submission: TextSubmission{id=null, text='example text', language='ENGLISH'}
    23:48:31.466 |  37 Pool-1-worker-11 | DEBUG | d.t.c.a.a.t.w.TextSubmissionResource : REST request to save text submission : TextSubmission{id=null, text='example text', language='ENGLISH'}
    23:48:31.469 |  37 Pool-1-worker-11 | INFO  | d.t.c.a.a.t.w.TextSubmissionResource : handleTextSubmission took 3ms for exercise 4042 and user textsubmissionintegrationstudent1

  Starting logs for TextSubmissionIntegrationTest > getAllTextSubmissions_studentHiddenForTutor()
    23:48:31.486 |  37 Pool-1-worker-11 | DEBUG | d.t.c.a.a.c.u.util.UserUtilService   : Generate 2 students...
    23:48:31.491 |  37 Pool-1-worker-11 | DEBUG | d.t.c.a.a.c.u.util.UserUtilService   : 2 students generated. Generate 1 tutors...
    23:48:31.493 |  37 Pool-1-worker-11 | DEBUG | d.t.c.a.a.c.u.util.UserUtilService   : 1 tutors generated. Generate 0 editors...
    23:48:31.494 |  37 Pool-1-worker-11 | DEBUG | d.t.c.a.a.c.u.util.UserUtilService   : 0 editors generated. Generate 1 instructors...
    23:48:31.496 |  37 Pool-1-worker-11 | DEBUG | d.t.c.a.a.c.u.util.UserUtilService   : 1 instructors generated
    23:48:31.498 |  37 Pool-1-worker-11 | DEBUG | d.t.c.a.a.c.u.util.UserUtilService   : Removing 4 users from all courses...
    23:48:31.499 |  37 Pool-1-worker-11 | DEBUG | d.t.c.a.a.c.u.util.UserUtilService   : Removing 4 users from all courses. Done
    23:48:31.499 |  37 Pool-1-worker-11 | DEBUG | d.t.c.a.a.c.u.util.UserUtilService   : Save 4 users to database...
    23:48:31.503 |  37 Pool-1-worker-11 | DEBUG | d.t.c.a.a.c.u.util.UserUtilService   : Save 4 users to database. Done
    23:48:31.523 |  37 Pool-1-worker-11 | INFO  | i.z.t.d.l.EmbeddedDatabaseReporter   : JDBC URL to connect to 'dataSource': url='jdbc:h2:tcp://localhost:41063/mem:df70fc46-7e57-4cb5-9cd0-c1d90c14afa7;USER=sa', scope='TextSubmissionIntegrationTest#getAllTextSubmissions_studentHiddenForTutor'
    23:48:31.546 |  37 Pool-1-worker-11 | DEBUG | .c.s.m.InstanceMessageReceiveService : Received schedule participant score for exercise 4045 and participant 745 (result to be deleted: null)
    23:48:31.546 |  37 Pool-1-worker-11 | DEBUG | .a.s.ParticipantScoreScheduleService : Scheduled task for exercise 4045 and participant 745 at 2025-02-14T23:48:31.646420559Z[Etc/UTC].
    23:48:31.557 |  37 Pool-1-worker-11 | DEBUG | .c.s.m.InstanceMessageReceiveService : Received schedule participant score for exercise 4045 and participant 745 (result to be deleted: null)
    23:48:31.557 |  37 Pool-1-worker-11 | DEBUG | .a.s.ParticipantScoreScheduleService : Scheduled task for exercise 4045 and participant 745 at 2025-02-14T23:48:31.657075661Z[Etc/UTC].
    23:48:31.583 |  37 Pool-1-worker-11 | DEBUG | .c.s.m.InstanceMessageReceiveService : Received schedule participant score for exercise 4045 and participant 745 (result to be deleted: null)
    23:48:31.583 |  37 Pool-1-worker-11 | DEBUG | .a.s.ParticipantScoreScheduleService : Scheduled task for exercise 4045 and participant 745 at 2025-02-14T23:48:31.683678638Z[Etc/UTC].
    23:48:31.585 |  37 Pool-1-worker-11 | DEBUG | d.t.c.a.a.c.s.f.ApiVersionFilter     : Adding Version to Request GET /api/exercises/4045/text-submissions
    23:48:31.586 |  37 Pool-1-worker-11 | DEBUG | d.t.c.a.a.t.w.TextSubmissionResource : REST request to get all TextSubmissions

Finished logs for TextSubmissionIntegrationTest
]]></system-out>
  <system-err><![CDATA[]]></system-err>
</testsuite>
