<?xml version="1.0" encoding="UTF-8"?>
<testsuite name="de.tum.cit.aet.artemis.lecture.architecture.LectureCodeStyleArchitectureTest" tests="1" skipped="0" failures="0" errors="0" timestamp="2025-02-14T23:39:58" hostname="fv-az1721-502" time="0.005">
  <properties/>
  <testcase name="testDTOImplementations()" classname="de.tum.cit.aet.artemis.lecture.architecture.LectureCodeStyleArchitectureTest" time="0.005"/>
  <system-out><![CDATA[
Starting logs for LectureCodeStyleArchitectureTest

  Starting logs for LectureCodeStyleArchitectureTest > testDTOImplementations()
    23:39:58.785 |  27 nPool-1-worker-1 | INFO  | .a.s.a.m.AbstractModuleCodeStyleTest : Current number of DTO classes: 0
    23:39:58.785 |  27 nPool-1-worker-1 | INFO  | .a.s.a.m.AbstractModuleCodeStyleTest : Current DTO classes: []
    23:39:58.787 |  27 nPool-1-worker-1 | INFO  | .a.s.a.m.AbstractModuleCodeStyleTest : Current number of DTOs that do not end with "DTO": 0
    23:39:58.787 |  27 nPool-1-worker-1 | INFO  | .a.s.a.m.AbstractModuleCodeStyleTest : Current DTOs that do not end with "DTO": []

Finished logs for LectureCodeStyleArchitectureTest
]]></system-out>
  <system-err><![CDATA[]]></system-err>
</testsuite>
