<?xml version="1.0" encoding="UTF-8"?>
<testsuite name="de.tum.cit.aet.artemis.core.service.CourseServiceTest" tests="70" skipped="0" failures="0" errors="0" timestamp="2025-02-14T23:43:32" hostname="fv-az1721-502" time="4.782">
  <properties/>
  <testcase name="testGetOverviewAsStudent()" classname="de.tum.cit.aet.artemis.core.service.CourseServiceTest" time="0.096"/>
  <testcase name="testGetOverviewAsInstructor()" classname="de.tum.cit.aet.artemis.core.service.CourseServiceTest" time="0.126"/>
  <testcase name="testGetOverviewAsAdmin()" classname="de.tum.cit.aet.artemis.core.service.CourseServiceTest" time="0.06"/>
  <testcase name="testFindEnrollableForStudent()" classname="de.tum.cit.aet.artemis.core.service.CourseServiceTest" time="0.061"/>
  <testcase name="testRegisterLDAPUsersInCourse(String) [1]" classname="de.tum.cit.aet.artemis.core.service.CourseServiceTest" time="0.117"/>
  <testcase name="testRegisterLDAPUsersInCourse(String) [2]" classname="de.tum.cit.aet.artemis.core.service.CourseServiceTest" time="0.108"/>
  <testcase name="testRegisterLDAPUsersInCourse(String) [3]" classname="de.tum.cit.aet.artemis.core.service.CourseServiceTest" time="0.113"/>
  <testcase name="testRegisterLDAPUsersInCourse(String) [4]" classname="de.tum.cit.aet.artemis.core.service.CourseServiceTest" time="0.083"/>
  <testcase name="testGetActiveStudents_UTCConversion()" classname="de.tum.cit.aet.artemis.core.service.CourseServiceTest" time="0.065"/>
  <testcase name="testGetActiveStudents(long) [1] weeks=0" classname="de.tum.cit.aet.artemis.core.service.CourseServiceTest" time="0.036"/>
  <testcase name="testGetActiveStudents(long) [2] weeks=1" classname="de.tum.cit.aet.artemis.core.service.CourseServiceTest" time="0.056"/>
  <testcase name="testGetActiveStudents(long) [3] weeks=2" classname="de.tum.cit.aet.artemis.core.service.CourseServiceTest" time="0.052"/>
  <testcase name="testGetActiveStudents(long) [4] weeks=3" classname="de.tum.cit.aet.artemis.core.service.CourseServiceTest" time="0.037"/>
  <testcase name="testGetActiveStudents(long) [5] weeks=4" classname="de.tum.cit.aet.artemis.core.service.CourseServiceTest" time="0.054"/>
  <testcase name="testGetActiveStudents(long) [6] weeks=5" classname="de.tum.cit.aet.artemis.core.service.CourseServiceTest" time="0.077"/>
  <testcase name="testGetActiveStudents(long) [7] weeks=6" classname="de.tum.cit.aet.artemis.core.service.CourseServiceTest" time="0.081"/>
  <testcase name="testGetActiveStudents(long) [8] weeks=7" classname="de.tum.cit.aet.artemis.core.service.CourseServiceTest" time="0.053"/>
  <testcase name="testGetActiveStudents(long) [9] weeks=8" classname="de.tum.cit.aet.artemis.core.service.CourseServiceTest" time="0.06"/>
  <testcase name="testGetActiveStudents(long) [10] weeks=9" classname="de.tum.cit.aet.artemis.core.service.CourseServiceTest" time="0.045"/>
  <testcase name="testGetActiveStudents(long) [11] weeks=10" classname="de.tum.cit.aet.artemis.core.service.CourseServiceTest" time="0.055"/>
  <testcase name="testGetActiveStudents(long) [12] weeks=11" classname="de.tum.cit.aet.artemis.core.service.CourseServiceTest" time="0.078"/>
  <testcase name="testGetActiveStudents(long) [13] weeks=12" classname="de.tum.cit.aet.artemis.core.service.CourseServiceTest" time="0.059"/>
  <testcase name="testGetActiveStudents(long) [14] weeks=13" classname="de.tum.cit.aet.artemis.core.service.CourseServiceTest" time="0.05"/>
  <testcase name="testGetActiveStudents(long) [15] weeks=14" classname="de.tum.cit.aet.artemis.core.service.CourseServiceTest" time="0.07"/>
  <testcase name="testGetActiveStudents(long) [16] weeks=15" classname="de.tum.cit.aet.artemis.core.service.CourseServiceTest" time="0.08"/>
  <testcase name="testGetActiveStudents(long) [17] weeks=16" classname="de.tum.cit.aet.artemis.core.service.CourseServiceTest" time="0.08"/>
  <testcase name="testGetActiveStudents(long) [18] weeks=17" classname="de.tum.cit.aet.artemis.core.service.CourseServiceTest" time="0.075"/>
  <testcase name="testGetActiveStudents(long) [19] weeks=18" classname="de.tum.cit.aet.artemis.core.service.CourseServiceTest" time="0.047"/>
  <testcase name="testGetActiveStudents(long) [20] weeks=19" classname="de.tum.cit.aet.artemis.core.service.CourseServiceTest" time="0.048"/>
  <testcase name="testGetActiveStudents(long) [21] weeks=20" classname="de.tum.cit.aet.artemis.core.service.CourseServiceTest" time="0.085"/>
  <testcase name="testGetActiveStudents(long) [22] weeks=21" classname="de.tum.cit.aet.artemis.core.service.CourseServiceTest" time="0.089"/>
  <testcase name="testGetActiveStudents(long) [23] weeks=22" classname="de.tum.cit.aet.artemis.core.service.CourseServiceTest" time="0.079"/>
  <testcase name="testGetActiveStudents(long) [24] weeks=23" classname="de.tum.cit.aet.artemis.core.service.CourseServiceTest" time="0.051"/>
  <testcase name="testGetActiveStudents(long) [25] weeks=24" classname="de.tum.cit.aet.artemis.core.service.CourseServiceTest" time="0.053"/>
  <testcase name="testGetActiveStudents(long) [26] weeks=25" classname="de.tum.cit.aet.artemis.core.service.CourseServiceTest" time="0.092"/>
  <testcase name="testGetActiveStudents(long) [27] weeks=26" classname="de.tum.cit.aet.artemis.core.service.CourseServiceTest" time="0.038"/>
  <testcase name="testGetActiveStudents(long) [28] weeks=27" classname="de.tum.cit.aet.artemis.core.service.CourseServiceTest" time="0.053"/>
  <testcase name="testGetActiveStudents(long) [29] weeks=28" classname="de.tum.cit.aet.artemis.core.service.CourseServiceTest" time="0.093"/>
  <testcase name="testGetActiveStudents(long) [30] weeks=29" classname="de.tum.cit.aet.artemis.core.service.CourseServiceTest" time="0.081"/>
  <testcase name="testGetActiveStudents(long) [31] weeks=30" classname="de.tum.cit.aet.artemis.core.service.CourseServiceTest" time="0.081"/>
  <testcase name="testGetActiveStudents(long) [32] weeks=31" classname="de.tum.cit.aet.artemis.core.service.CourseServiceTest" time="0.123"/>
  <testcase name="testGetActiveStudents(long) [33] weeks=32" classname="de.tum.cit.aet.artemis.core.service.CourseServiceTest" time="0.067"/>
  <testcase name="testGetActiveStudents(long) [34] weeks=33" classname="de.tum.cit.aet.artemis.core.service.CourseServiceTest" time="0.036"/>
  <testcase name="testGetActiveStudents(long) [35] weeks=34" classname="de.tum.cit.aet.artemis.core.service.CourseServiceTest" time="0.035"/>
  <testcase name="testGetActiveStudents(long) [36] weeks=35" classname="de.tum.cit.aet.artemis.core.service.CourseServiceTest" time="0.045"/>
  <testcase name="testGetActiveStudents(long) [37] weeks=36" classname="de.tum.cit.aet.artemis.core.service.CourseServiceTest" time="0.038"/>
  <testcase name="testGetActiveStudents(long) [38] weeks=37" classname="de.tum.cit.aet.artemis.core.service.CourseServiceTest" time="0.043"/>
  <testcase name="testGetActiveStudents(long) [39] weeks=38" classname="de.tum.cit.aet.artemis.core.service.CourseServiceTest" time="0.039"/>
  <testcase name="testGetActiveStudents(long) [40] weeks=39" classname="de.tum.cit.aet.artemis.core.service.CourseServiceTest" time="0.034"/>
  <testcase name="testGetActiveStudents(long) [41] weeks=40" classname="de.tum.cit.aet.artemis.core.service.CourseServiceTest" time="0.039"/>
  <testcase name="testGetActiveStudents(long) [42] weeks=41" classname="de.tum.cit.aet.artemis.core.service.CourseServiceTest" time="0.043"/>
  <testcase name="testGetActiveStudents(long) [43] weeks=42" classname="de.tum.cit.aet.artemis.core.service.CourseServiceTest" time="0.07"/>
  <testcase name="testGetActiveStudents(long) [44] weeks=43" classname="de.tum.cit.aet.artemis.core.service.CourseServiceTest" time="0.073"/>
  <testcase name="testGetActiveStudents(long) [45] weeks=44" classname="de.tum.cit.aet.artemis.core.service.CourseServiceTest" time="0.062"/>
  <testcase name="testGetActiveStudents(long) [46] weeks=45" classname="de.tum.cit.aet.artemis.core.service.CourseServiceTest" time="0.033"/>
  <testcase name="testGetActiveStudents(long) [47] weeks=46" classname="de.tum.cit.aet.artemis.core.service.CourseServiceTest" time="0.032"/>
  <testcase name="testGetActiveStudents(long) [48] weeks=47" classname="de.tum.cit.aet.artemis.core.service.CourseServiceTest" time="0.074"/>
  <testcase name="testGetActiveStudents(long) [49] weeks=48" classname="de.tum.cit.aet.artemis.core.service.CourseServiceTest" time="0.083"/>
  <testcase name="testGetActiveStudents(long) [50] weeks=49" classname="de.tum.cit.aet.artemis.core.service.CourseServiceTest" time="0.078"/>
  <testcase name="testGetActiveStudents(long) [51] weeks=50" classname="de.tum.cit.aet.artemis.core.service.CourseServiceTest" time="0.086"/>
  <testcase name="testGetActiveStudents(long) [52] weeks=51" classname="de.tum.cit.aet.artemis.core.service.CourseServiceTest" time="0.066"/>
  <testcase name="testGetActiveStudents(long) [53] weeks=52" classname="de.tum.cit.aet.artemis.core.service.CourseServiceTest" time="0.046"/>
  <testcase name="testGetActiveStudents(long) [54] weeks=53" classname="de.tum.cit.aet.artemis.core.service.CourseServiceTest" time="0.048"/>
  <testcase name="testGetActiveStudents(long) [55] weeks=54" classname="de.tum.cit.aet.artemis.core.service.CourseServiceTest" time="0.064"/>
  <testcase name="testGetActiveStudents(long) [56] weeks=55" classname="de.tum.cit.aet.artemis.core.service.CourseServiceTest" time="0.069"/>
  <testcase name="testGetActiveStudents(long) [57] weeks=56" classname="de.tum.cit.aet.artemis.core.service.CourseServiceTest" time="0.049"/>
  <testcase name="testGetActiveStudents(long) [58] weeks=57" classname="de.tum.cit.aet.artemis.core.service.CourseServiceTest" time="0.035"/>
  <testcase name="testGetActiveStudents(long) [59] weeks=58" classname="de.tum.cit.aet.artemis.core.service.CourseServiceTest" time="0.035"/>
  <testcase name="testGetActiveStudents(long) [60] weeks=59" classname="de.tum.cit.aet.artemis.core.service.CourseServiceTest" time="0.034"/>
  <testcase name="testDeletionSummary()" classname="de.tum.cit.aet.artemis.core.service.CourseServiceTest" time="0.113"/>
  <system-out><![CDATA[
Starting logs for CourseServiceTest

  Starting logs for CourseServiceTest > testGetOverviewAsStudent()
    23:43:32.708 | 346 ool-1-worker-110 | DEBUG | d.t.c.a.a.c.u.util.UserUtilService   : Generate 2 students...
    23:43:32.713 | 346 ool-1-worker-110 | DEBUG | d.t.c.a.a.c.u.util.UserUtilService   : 2 students generated. Generate 0 tutors...
    23:43:32.714 | 346 ool-1-worker-110 | DEBUG | d.t.c.a.a.c.u.util.UserUtilService   : 0 tutors generated. Generate 0 editors...
    23:43:32.718 | 346 ool-1-worker-110 | DEBUG | d.t.c.a.a.c.u.util.UserUtilService   : 0 editors generated. Generate 1 instructors...
    23:43:32.723 | 346 ool-1-worker-110 | DEBUG | d.t.c.a.a.c.u.util.UserUtilService   : 1 instructors generated
    23:43:32.725 | 346 ool-1-worker-110 | DEBUG | d.t.c.a.a.c.u.util.UserUtilService   : Removing 1 users from all courses...
    23:43:32.725 | 346 ool-1-worker-110 | DEBUG | d.t.c.a.a.c.u.util.UserUtilService   : Removing 1 users from all courses. Done
    23:43:32.725 | 346 ool-1-worker-110 | DEBUG | d.t.c.a.a.c.u.util.UserUtilService   : Save 3 users to database...
    23:43:32.729 | 346 ool-1-worker-110 | DEBUG | d.t.c.a.a.c.u.util.UserUtilService   : Save 3 users to database. Done
    23:43:32.729 | 346 ool-1-worker-110 | INFO  | i.z.t.d.l.EmbeddedDatabaseReporter   : JDBC URL to connect to 'dataSource': url='jdbc:h2:tcp://localhost:41063/mem:f240edcd-27ce-47a3-b4ab-a6a00c154135;USER=sa', scope='CourseServiceTest#testGetOverviewAsStudent'

  Starting logs for CourseServiceTest > testGetOverviewAsInstructor()
    23:43:32.806 | 346 ool-1-worker-110 | DEBUG | d.t.c.a.a.c.u.util.UserUtilService   : Generate 2 students...
    23:43:32.818 | 346 ool-1-worker-110 | DEBUG | d.t.c.a.a.c.u.util.UserUtilService   : 2 students generated. Generate 0 tutors...
    23:43:32.819 | 346 ool-1-worker-110 | DEBUG | d.t.c.a.a.c.u.util.UserUtilService   : 0 tutors generated. Generate 0 editors...
    23:43:32.824 | 346 ool-1-worker-110 | DEBUG | d.t.c.a.a.c.u.util.UserUtilService   : 0 editors generated. Generate 1 instructors...
    23:43:32.828 | 346 ool-1-worker-110 | DEBUG | d.t.c.a.a.c.u.util.UserUtilService   : 1 instructors generated
    23:43:32.830 | 346 ool-1-worker-110 | DEBUG | d.t.c.a.a.c.u.util.UserUtilService   : Removing 3 users from all courses...
    23:43:32.831 | 346 ool-1-worker-110 | DEBUG | d.t.c.a.a.c.u.util.UserUtilService   : Removing 3 users from all courses. Done
    23:43:32.831 | 346 ool-1-worker-110 | DEBUG | d.t.c.a.a.c.u.util.UserUtilService   : Save 3 users to database...
    23:43:32.849 | 346 ool-1-worker-110 | DEBUG | d.t.c.a.a.c.u.util.UserUtilService   : Save 3 users to database. Done
    23:43:32.849 | 346 ool-1-worker-110 | INFO  | i.z.t.d.l.EmbeddedDatabaseReporter   : JDBC URL to connect to 'dataSource': url='jdbc:h2:tcp://localhost:41063/mem:f240edcd-27ce-47a3-b4ab-a6a00c154135;USER=sa', scope='CourseServiceTest#testGetOverviewAsInstructor'

  Starting logs for CourseServiceTest > testGetOverviewAsAdmin()
    23:43:32.933 | 346 ool-1-worker-110 | DEBUG | d.t.c.a.a.c.u.util.UserUtilService   : Generate 2 students...
    23:43:32.937 | 346 ool-1-worker-110 | DEBUG | d.t.c.a.a.c.u.util.UserUtilService   : 2 students generated. Generate 0 tutors...
    23:43:32.938 | 346 ool-1-worker-110 | DEBUG | d.t.c.a.a.c.u.util.UserUtilService   : 0 tutors generated. Generate 0 editors...
    23:43:32.940 | 346 ool-1-worker-110 | DEBUG | d.t.c.a.a.c.u.util.UserUtilService   : 0 editors generated. Generate 1 instructors...
    23:43:32.942 | 346 ool-1-worker-110 | DEBUG | d.t.c.a.a.c.u.util.UserUtilService   : 1 instructors generated
    23:43:32.944 | 346 ool-1-worker-110 | DEBUG | d.t.c.a.a.c.u.util.UserUtilService   : Removing 3 users from all courses...
    23:43:32.944 | 346 ool-1-worker-110 | DEBUG | d.t.c.a.a.c.u.util.UserUtilService   : Removing 3 users from all courses. Done
    23:43:32.944 | 346 ool-1-worker-110 | DEBUG | d.t.c.a.a.c.u.util.UserUtilService   : Save 3 users to database...
    23:43:32.948 | 346 ool-1-worker-110 | DEBUG | d.t.c.a.a.c.u.util.UserUtilService   : Save 3 users to database. Done
    23:43:32.948 | 346 ool-1-worker-110 | INFO  | i.z.t.d.l.EmbeddedDatabaseReporter   : JDBC URL to connect to 'dataSource': url='jdbc:h2:tcp://localhost:41063/mem:f240edcd-27ce-47a3-b4ab-a6a00c154135;USER=sa', scope='CourseServiceTest#testGetOverviewAsAdmin'

  Starting logs for CourseServiceTest > testFindEnrollableForStudent()
    23:43:32.994 | 346 ool-1-worker-110 | DEBUG | d.t.c.a.a.c.u.util.UserUtilService   : Generate 2 students...
    23:43:32.998 | 346 ool-1-worker-110 | DEBUG | d.t.c.a.a.c.u.util.UserUtilService   : 2 students generated. Generate 0 tutors...
    23:43:33.000 | 346 ool-1-worker-110 | DEBUG | d.t.c.a.a.c.u.util.UserUtilService   : 0 tutors generated. Generate 0 editors...
    23:43:33.001 | 346 ool-1-worker-110 | DEBUG | d.t.c.a.a.c.u.util.UserUtilService   : 0 editors generated. Generate 1 instructors...
    23:43:33.004 | 346 ool-1-worker-110 | DEBUG | d.t.c.a.a.c.u.util.UserUtilService   : 1 instructors generated
    23:43:33.005 | 346 ool-1-worker-110 | DEBUG | d.t.c.a.a.c.u.util.UserUtilService   : Removing 3 users from all courses...
    23:43:33.006 | 346 ool-1-worker-110 | DEBUG | d.t.c.a.a.c.u.util.UserUtilService   : Removing 3 users from all courses. Done
    23:43:33.006 | 346 ool-1-worker-110 | DEBUG | d.t.c.a.a.c.u.util.UserUtilService   : Save 3 users to database...
    23:43:33.009 | 346 ool-1-worker-110 | DEBUG | d.t.c.a.a.c.u.util.UserUtilService   : Save 3 users to database. Done
    23:43:33.009 | 346 ool-1-worker-110 | INFO  | i.z.t.d.l.EmbeddedDatabaseReporter   : JDBC URL to connect to 'dataSource': url='jdbc:h2:tcp://localhost:41063/mem:f240edcd-27ce-47a3-b4ab-a6a00c154135;USER=sa', scope='CourseServiceTest#testFindEnrollableForStudent'

  Starting logs for CourseServiceTest > testRegisterLDAPUsersInCourse(String) [1]
    23:43:33.071 | 346 ool-1-worker-110 | DEBUG | d.t.c.a.a.c.u.util.UserUtilService   : Generate 2 students...
    23:43:33.078 | 346 ool-1-worker-110 | DEBUG | d.t.c.a.a.c.u.util.UserUtilService   : 2 students generated. Generate 0 tutors...
    23:43:33.083 | 346 ool-1-worker-110 | DEBUG | d.t.c.a.a.c.u.util.UserUtilService   : 0 tutors generated. Generate 0 editors...
    23:43:33.084 | 346 ool-1-worker-110 | DEBUG | d.t.c.a.a.c.u.util.UserUtilService   : 0 editors generated. Generate 1 instructors...
    23:43:33.091 | 346 ool-1-worker-110 | DEBUG | d.t.c.a.a.c.u.util.UserUtilService   : 1 instructors generated
    23:43:33.093 | 346 ool-1-worker-110 | DEBUG | d.t.c.a.a.c.u.util.UserUtilService   : Removing 3 users from all courses...
    23:43:33.094 | 346 ool-1-worker-110 | DEBUG | d.t.c.a.a.c.u.util.UserUtilService   : Removing 3 users from all courses. Done
    23:43:33.094 | 346 ool-1-worker-110 | DEBUG | d.t.c.a.a.c.u.util.UserUtilService   : Save 3 users to database...
    23:43:33.101 | 346 ool-1-worker-110 | DEBUG | d.t.c.a.a.c.u.util.UserUtilService   : Save 3 users to database. Done
    23:43:33.101 | 346 ool-1-worker-110 | INFO  | i.z.t.d.l.EmbeddedDatabaseReporter   : JDBC URL to connect to 'dataSource': url='jdbc:h2:tcp://localhost:41063/mem:f240edcd-27ce-47a3-b4ab-a6a00c154135;USER=sa', scope='CourseServiceTest#testRegisterLDAPUsersInCourse'
    23:43:33.118 | 346 ool-1-worker-110 | DEBUG | d.t.c.a.a.c.s.f.ApiVersionFilter     : Adding Version to Request POST /api/courses/179/students
    23:43:33.129 | 346 ool-1-worker-110 | DEBUG | d.t.c.a.a.core.web.CourseResource    : REST request to add [StudentDTO[login=courseservicestudent100, firstName=courseservicestudent100, lastName=courseservicestudent100, registrationNumber=1000002, email=courseservicestudent100@tum.de], StudentDTO[login=null, firstName=null, lastName=null, registrationNumber=null, email=null]] as students to course 179
    23:43:33.137 | 346 ool-1-worker-110 | INFO  | d.t.c.a.a.c.service.user.UserService : Ldap User courseservicestudent100 courseservicestudent100 has login: courseservicestudent100
    23:43:33.139 | 346 ool-1-worker-110 | DEBUG | d.t.c.a.a.c.s.u.UserCreationService  : Save user User{login='courseservicestudent100', firstName='courseservicestudent100', lastName='courseservicestudent100', email='courseservicestudent100@tum.de', imageUrl='null', activated='false', langKey='en', activationKey='i7Cg5KvevtXr8MGn1axB'}
    23:43:33.148 | 346 ool-1-worker-110 | DEBUG | d.t.c.a.a.c.s.u.UserCreationService  : Created user: User{login='courseservicestudent100', firstName='courseservicestudent100', lastName='courseservicestudent100', email='courseservicestudent100@tum.de', imageUrl='null', activated='false', langKey='en', activationKey='i7Cg5KvevtXr8MGn1axB'}
    23:43:33.148 | 346 ool-1-worker-110 | DEBUG | d.t.c.a.a.c.service.user.UserService : Add user courseservicestudent100 to group student
    23:43:33.152 | 346 ool-1-worker-110 | DEBUG | d.t.c.a.a.c.service.user.UserService : Save user User{login='courseservicestudent100', firstName='courseservicestudent100', lastName='courseservicestudent100', email='courseservicestudent100@tum.de', imageUrl='null', activated='false', langKey='en', activationKey='i7Cg5KvevtXr8MGn1axB'}

  Starting logs for CourseServiceTest > testRegisterLDAPUsersInCourse(String) [2]
    23:43:33.193 | 346 ool-1-worker-110 | DEBUG | d.t.c.a.a.c.u.util.UserUtilService   : Generate 2 students...
    23:43:33.203 | 346 ool-1-worker-110 | DEBUG | d.t.c.a.a.c.u.util.UserUtilService   : 2 students generated. Generate 0 tutors...
    23:43:33.204 | 346 ool-1-worker-110 | DEBUG | d.t.c.a.a.c.u.util.UserUtilService   : 0 tutors generated. Generate 0 editors...
    23:43:33.205 | 346 ool-1-worker-110 | DEBUG | d.t.c.a.a.c.u.util.UserUtilService   : 0 editors generated. Generate 1 instructors...
    23:43:33.212 | 346 ool-1-worker-110 | DEBUG | d.t.c.a.a.c.u.util.UserUtilService   : 1 instructors generated
    23:43:33.216 | 346 ool-1-worker-110 | DEBUG | d.t.c.a.a.c.u.util.UserUtilService   : Removing 4 users from all courses...
    23:43:33.216 | 346 ool-1-worker-110 | DEBUG | d.t.c.a.a.c.u.util.UserUtilService   : Removing 4 users from all courses. Done
    23:43:33.216 | 346 ool-1-worker-110 | DEBUG | d.t.c.a.a.c.u.util.UserUtilService   : Save 3 users to database...
    23:43:33.223 | 346 ool-1-worker-110 | DEBUG | d.t.c.a.a.c.u.util.UserUtilService   : Save 3 users to database. Done
    23:43:33.223 | 346 ool-1-worker-110 | INFO  | i.z.t.d.l.EmbeddedDatabaseReporter   : JDBC URL to connect to 'dataSource': url='jdbc:h2:tcp://localhost:41063/mem:f240edcd-27ce-47a3-b4ab-a6a00c154135;USER=sa', scope='CourseServiceTest#testRegisterLDAPUsersInCourse'
    23:43:33.239 | 346 ool-1-worker-110 | DEBUG | d.t.c.a.a.c.s.f.ApiVersionFilter     : Adding Version to Request POST /api/courses/180/tutors
    23:43:33.241 | 346 ool-1-worker-110 | DEBUG | d.t.c.a.a.core.web.CourseResource    : REST request to add [StudentDTO[login=null, firstName=courseservicetutor100, lastName=courseservicetutor100, registrationNumber=1000001, email=null], StudentDTO[login=null, firstName=null, lastName=null, registrationNumber=null, email=null]] as tutors to course 180
    23:43:33.245 | 346 ool-1-worker-110 | INFO  | d.t.c.a.a.c.service.user.UserService : Ldap User courseservicetutor100 courseservicetutor100 has login: courseservicetutor100
    23:43:33.249 | 346 ool-1-worker-110 | DEBUG | d.t.c.a.a.c.s.u.UserCreationService  : Save user User{login='courseservicetutor100', firstName='courseservicetutor100', lastName='courseservicetutor100', email='courseservicetutor100@tum.de', imageUrl='null', activated='false', langKey='en', activationKey='XxqbZL2r2StN7exwpCva'}
    23:43:33.259 | 346 ool-1-worker-110 | DEBUG | d.t.c.a.a.c.s.u.UserCreationService  : Created user: User{login='courseservicetutor100', firstName='courseservicetutor100', lastName='courseservicetutor100', email='courseservicetutor100@tum.de', imageUrl='null', activated='false', langKey='en', activationKey='XxqbZL2r2StN7exwpCva'}
    23:43:33.259 | 346 ool-1-worker-110 | DEBUG | d.t.c.a.a.c.service.user.UserService : Add user courseservicetutor100 to group tutor
    23:43:33.260 | 346 ool-1-worker-110 | DEBUG | d.t.c.a.a.c.service.user.UserService : Save user User{login='courseservicetutor100', firstName='courseservicetutor100', lastName='courseservicetutor100', email='courseservicetutor100@tum.de', imageUrl='null', activated='false', langKey='en', activationKey='XxqbZL2r2StN7exwpCva'}

  Starting logs for CourseServiceTest > testRegisterLDAPUsersInCourse(String) [3]
    23:43:33.304 | 346 ool-1-worker-110 | DEBUG | d.t.c.a.a.c.u.util.UserUtilService   : Generate 2 students...
    23:43:33.315 | 346 ool-1-worker-110 | DEBUG | d.t.c.a.a.c.u.util.UserUtilService   : 2 students generated. Generate 0 tutors...
    23:43:33.316 | 346 ool-1-worker-110 | DEBUG | d.t.c.a.a.c.u.util.UserUtilService   : 0 tutors generated. Generate 0 editors...
    23:43:33.321 | 346 ool-1-worker-110 | DEBUG | d.t.c.a.a.c.u.util.UserUtilService   : 0 editors generated. Generate 1 instructors...
    23:43:33.327 | 346 ool-1-worker-110 | DEBUG | d.t.c.a.a.c.u.util.UserUtilService   : 1 instructors generated
    23:43:33.328 | 346 ool-1-worker-110 | DEBUG | d.t.c.a.a.c.u.util.UserUtilService   : Removing 4 users from all courses...
    23:43:33.329 | 346 ool-1-worker-110 | DEBUG | d.t.c.a.a.c.u.util.UserUtilService   : Removing 4 users from all courses. Done
    23:43:33.329 | 346 ool-1-worker-110 | DEBUG | d.t.c.a.a.c.u.util.UserUtilService   : Save 3 users to database...
    23:43:33.338 | 346 ool-1-worker-110 | DEBUG | d.t.c.a.a.c.u.util.UserUtilService   : Save 3 users to database. Done
    23:43:33.338 | 346 ool-1-worker-110 | INFO  | i.z.t.d.l.EmbeddedDatabaseReporter   : JDBC URL to connect to 'dataSource': url='jdbc:h2:tcp://localhost:41063/mem:f240edcd-27ce-47a3-b4ab-a6a00c154135;USER=sa', scope='CourseServiceTest#testRegisterLDAPUsersInCourse'
    23:43:33.357 | 346 ool-1-worker-110 | DEBUG | d.t.c.a.a.c.s.f.ApiVersionFilter     : Adding Version to Request POST /api/courses/181/editors
    23:43:33.361 | 346 ool-1-worker-110 | DEBUG | d.t.c.a.a.core.web.CourseResource    : REST request to add [StudentDTO[login=null, firstName=courseserviceeditor100, lastName=courseserviceeditor100, registrationNumber=null, email=courseserviceeditor100@tum.de], StudentDTO[login=null, firstName=null, lastName=null, registrationNumber=null, email=null]] as editors to course 181
    23:43:33.366 | 346 ool-1-worker-110 | INFO  | d.t.c.a.a.c.service.user.UserService : Ldap User courseserviceeditor100 courseserviceeditor100 has login: courseserviceeditor100
    23:43:33.371 | 346 ool-1-worker-110 | DEBUG | d.t.c.a.a.c.s.u.UserCreationService  : Save user User{login='courseserviceeditor100', firstName='courseserviceeditor100', lastName='courseserviceeditor100', email='courseserviceeditor100@tum.de', imageUrl='null', activated='false', langKey='en', activationKey='xaHwK8JfNKBha9H0DBWx'}
    23:43:33.376 | 346 ool-1-worker-110 | DEBUG | d.t.c.a.a.c.s.u.UserCreationService  : Created user: User{login='courseserviceeditor100', firstName='courseserviceeditor100', lastName='courseserviceeditor100', email='courseserviceeditor100@tum.de', imageUrl='null', activated='false', langKey='en', activationKey='xaHwK8JfNKBha9H0DBWx'}
    23:43:33.376 | 346 ool-1-worker-110 | DEBUG | d.t.c.a.a.c.service.user.UserService : Add user courseserviceeditor100 to group editor
    23:43:33.380 | 346 ool-1-worker-110 | DEBUG | d.t.c.a.a.c.service.user.UserService : Save user User{login='courseserviceeditor100', firstName='courseserviceeditor100', lastName='courseserviceeditor100', email='courseserviceeditor100@tum.de', imageUrl='null', activated='false', langKey='en', activationKey='xaHwK8JfNKBha9H0DBWx'}

  Starting logs for CourseServiceTest > testRegisterLDAPUsersInCourse(String) [4]
    23:43:33.423 | 346 ool-1-worker-110 | DEBUG | d.t.c.a.a.c.u.util.UserUtilService   : Generate 2 students...
    23:43:33.430 | 346 ool-1-worker-110 | DEBUG | d.t.c.a.a.c.u.util.UserUtilService   : 2 students generated. Generate 0 tutors...
    23:43:33.431 | 346 ool-1-worker-110 | DEBUG | d.t.c.a.a.c.u.util.UserUtilService   : 0 tutors generated. Generate 0 editors...
    23:43:33.432 | 346 ool-1-worker-110 | DEBUG | d.t.c.a.a.c.u.util.UserUtilService   : 0 editors generated. Generate 1 instructors...
    23:43:33.435 | 346 ool-1-worker-110 | DEBUG | d.t.c.a.a.c.u.util.UserUtilService   : 1 instructors generated
    23:43:33.437 | 346 ool-1-worker-110 | DEBUG | d.t.c.a.a.c.u.util.UserUtilService   : Removing 4 users from all courses...
    23:43:33.437 | 346 ool-1-worker-110 | DEBUG | d.t.c.a.a.c.u.util.UserUtilService   : Removing 4 users from all courses. Done
    23:43:33.437 | 346 ool-1-worker-110 | DEBUG | d.t.c.a.a.c.u.util.UserUtilService   : Save 3 users to database...
    23:43:33.441 | 346 ool-1-worker-110 | DEBUG | d.t.c.a.a.c.u.util.UserUtilService   : Save 3 users to database. Done
    23:43:33.441 | 346 ool-1-worker-110 | INFO  | i.z.t.d.l.EmbeddedDatabaseReporter   : JDBC URL to connect to 'dataSource': url='jdbc:h2:tcp://localhost:41063/mem:f240edcd-27ce-47a3-b4ab-a6a00c154135;USER=sa', scope='CourseServiceTest#testRegisterLDAPUsersInCourse'
    23:43:33.450 | 346 ool-1-worker-110 | DEBUG | d.t.c.a.a.c.s.f.ApiVersionFilter     : Adding Version to Request POST /api/courses/182/instructors
    23:43:33.453 | 346 ool-1-worker-110 | DEBUG | d.t.c.a.a.core.web.CourseResource    : REST request to add [StudentDTO[login=courseserviceinstructor100, firstName=courseserviceinstructor100, lastName=courseserviceinstructor100, registrationNumber=null, email=null], StudentDTO[login=null, firstName=null, lastName=null, registrationNumber=null, email=null]] as instructors to course 182
    23:43:33.454 | 346 ool-1-worker-110 | INFO  | d.t.c.a.a.c.service.user.UserService : Ldap User courseserviceinstructor100 courseserviceinstructor100 has login: courseserviceinstructor100
    23:43:33.459 | 346 ool-1-worker-110 | DEBUG | d.t.c.a.a.c.s.u.UserCreationService  : Save user User{login='courseserviceinstructor100', firstName='courseserviceinstructor100', lastName='courseserviceinstructor100', email='courseserviceinstructor100@tum.de', imageUrl='null', activated='false', langKey='en', activationKey='LNb6xm6wGwbphfEZXA9m'}
    23:43:33.466 | 346 ool-1-worker-110 | DEBUG | d.t.c.a.a.c.s.u.UserCreationService  : Created user: User{login='courseserviceinstructor100', firstName='courseserviceinstructor100', lastName='courseserviceinstructor100', email='courseserviceinstructor100@tum.de', imageUrl='null', activated='false', langKey='en', activationKey='LNb6xm6wGwbphfEZXA9m'}
    23:43:33.466 | 346 ool-1-worker-110 | DEBUG | d.t.c.a.a.c.service.user.UserService : Add user courseserviceinstructor100 to group instructor
    23:43:33.467 | 346 ool-1-worker-110 | DEBUG | d.t.c.a.a.c.service.user.UserService : Save user User{login='courseserviceinstructor100', firstName='courseserviceinstructor100', lastName='courseserviceinstructor100', email='courseserviceinstructor100@tum.de', imageUrl='null', activated='false', langKey='en', activationKey='LNb6xm6wGwbphfEZXA9m'}

  Starting logs for CourseServiceTest > testGetActiveStudents_UTCConversion()
    23:43:33.514 | 346 ool-1-worker-110 | DEBUG | d.t.c.a.a.c.u.util.UserUtilService   : Generate 2 students...
    23:43:33.521 | 346 ool-1-worker-110 | DEBUG | d.t.c.a.a.c.u.util.UserUtilService   : 2 students generated. Generate 0 tutors...
    23:43:33.522 | 346 ool-1-worker-110 | DEBUG | d.t.c.a.a.c.u.util.UserUtilService   : 0 tutors generated. Generate 0 editors...
    23:43:33.524 | 346 ool-1-worker-110 | DEBUG | d.t.c.a.a.c.u.util.UserUtilService   : 0 editors generated. Generate 1 instructors...
    23:43:33.526 | 346 ool-1-worker-110 | DEBUG | d.t.c.a.a.c.u.util.UserUtilService   : 1 instructors generated
    23:43:33.528 | 346 ool-1-worker-110 | DEBUG | d.t.c.a.a.c.u.util.UserUtilService   : Removing 4 users from all courses...
    23:43:33.528 | 346 ool-1-worker-110 | DEBUG | d.t.c.a.a.c.u.util.UserUtilService   : Removing 4 users from all courses. Done
    23:43:33.528 | 346 ool-1-worker-110 | DEBUG | d.t.c.a.a.c.u.util.UserUtilService   : Save 3 users to database...
    23:43:33.532 | 346 ool-1-worker-110 | DEBUG | d.t.c.a.a.c.u.util.UserUtilService   : Save 3 users to database. Done
    23:43:33.532 | 346 ool-1-worker-110 | INFO  | i.z.t.d.l.EmbeddedDatabaseReporter   : JDBC URL to connect to 'dataSource': url='jdbc:h2:tcp://localhost:41063/mem:f240edcd-27ce-47a3-b4ab-a6a00c154135;USER=sa', scope='CourseServiceTest#testGetActiveStudents_UTCConversion'

  Starting logs for CourseServiceTest > testGetActiveStudents(long) [1] weeks=0
    23:43:33.571 | 346 ool-1-worker-110 | DEBUG | d.t.c.a.a.c.u.util.UserUtilService   : Generate 2 students...
    23:43:33.575 | 346 ool-1-worker-110 | DEBUG | d.t.c.a.a.c.u.util.UserUtilService   : 2 students generated. Generate 0 tutors...
    23:43:33.576 | 346 ool-1-worker-110 | DEBUG | d.t.c.a.a.c.u.util.UserUtilService   : 0 tutors generated. Generate 0 editors...
    23:43:33.578 | 346 ool-1-worker-110 | DEBUG | d.t.c.a.a.c.u.util.UserUtilService   : 0 editors generated. Generate 1 instructors...
    23:43:33.580 | 346 ool-1-worker-110 | DEBUG | d.t.c.a.a.c.u.util.UserUtilService   : 1 instructors generated
    23:43:33.582 | 346 ool-1-worker-110 | DEBUG | d.t.c.a.a.c.u.util.UserUtilService   : Removing 3 users from all courses...
    23:43:33.582 | 346 ool-1-worker-110 | DEBUG | d.t.c.a.a.c.u.util.UserUtilService   : Removing 3 users from all courses. Done
    23:43:33.582 | 346 ool-1-worker-110 | DEBUG | d.t.c.a.a.c.u.util.UserUtilService   : Save 3 users to database...
    23:43:33.586 | 346 ool-1-worker-110 | DEBUG | d.t.c.a.a.c.u.util.UserUtilService   : Save 3 users to database. Done
    23:43:33.586 | 346 ool-1-worker-110 | INFO  | i.z.t.d.l.EmbeddedDatabaseReporter   : JDBC URL to connect to 'dataSource': url='jdbc:h2:tcp://localhost:41063/mem:f240edcd-27ce-47a3-b4ab-a6a00c154135;USER=sa', scope='CourseServiceTest#testGetActiveStudents'

  Starting logs for CourseServiceTest > testGetActiveStudents(long) [2] weeks=1
    23:43:33.609 | 346 ool-1-worker-110 | DEBUG | d.t.c.a.a.c.u.util.UserUtilService   : Generate 2 students...
    23:43:33.614 | 346 ool-1-worker-110 | DEBUG | d.t.c.a.a.c.u.util.UserUtilService   : 2 students generated. Generate 0 tutors...
    23:43:33.615 | 346 ool-1-worker-110 | DEBUG | d.t.c.a.a.c.u.util.UserUtilService   : 0 tutors generated. Generate 0 editors...
    23:43:33.617 | 346 ool-1-worker-110 | DEBUG | d.t.c.a.a.c.u.util.UserUtilService   : 0 editors generated. Generate 1 instructors...
    23:43:33.620 | 346 ool-1-worker-110 | DEBUG | d.t.c.a.a.c.u.util.UserUtilService   : 1 instructors generated
    23:43:33.621 | 346 ool-1-worker-110 | DEBUG | d.t.c.a.a.c.u.util.UserUtilService   : Removing 3 users from all courses...
    23:43:33.622 | 346 ool-1-worker-110 | DEBUG | d.t.c.a.a.c.u.util.UserUtilService   : Removing 3 users from all courses. Done
    23:43:33.622 | 346 ool-1-worker-110 | DEBUG | d.t.c.a.a.c.u.util.UserUtilService   : Save 3 users to database...
    23:43:33.625 | 346 ool-1-worker-110 | DEBUG | d.t.c.a.a.c.u.util.UserUtilService   : Save 3 users to database. Done
    23:43:33.625 | 346 ool-1-worker-110 | INFO  | i.z.t.d.l.EmbeddedDatabaseReporter   : JDBC URL to connect to 'dataSource': url='jdbc:h2:tcp://localhost:41063/mem:f240edcd-27ce-47a3-b4ab-a6a00c154135;USER=sa', scope='CourseServiceTest#testGetActiveStudents'

  Starting logs for CourseServiceTest > testGetActiveStudents(long) [3] weeks=2
    23:43:33.677 | 346 ool-1-worker-110 | DEBUG | d.t.c.a.a.c.u.util.UserUtilService   : Generate 2 students...
    23:43:33.684 | 346 ool-1-worker-110 | DEBUG | d.t.c.a.a.c.u.util.UserUtilService   : 2 students generated. Generate 0 tutors...
    23:43:33.685 | 346 ool-1-worker-110 | DEBUG | d.t.c.a.a.c.u.util.UserUtilService   : 0 tutors generated. Generate 0 editors...
    23:43:33.686 | 346 ool-1-worker-110 | DEBUG | d.t.c.a.a.c.u.util.UserUtilService   : 0 editors generated. Generate 1 instructors...
    23:43:33.689 | 346 ool-1-worker-110 | DEBUG | d.t.c.a.a.c.u.util.UserUtilService   : 1 instructors generated
    23:43:33.690 | 346 ool-1-worker-110 | DEBUG | d.t.c.a.a.c.u.util.UserUtilService   : Removing 3 users from all courses...
    23:43:33.691 | 346 ool-1-worker-110 | DEBUG | d.t.c.a.a.c.u.util.UserUtilService   : Removing 3 users from all courses. Done
    23:43:33.691 | 346 ool-1-worker-110 | DEBUG | d.t.c.a.a.c.u.util.UserUtilService   : Save 3 users to database...
    23:43:33.694 | 346 ool-1-worker-110 | DEBUG | d.t.c.a.a.c.u.util.UserUtilService   : Save 3 users to database. Done
    23:43:33.694 | 346 ool-1-worker-110 | INFO  | i.z.t.d.l.EmbeddedDatabaseReporter   : JDBC URL to connect to 'dataSource': url='jdbc:h2:tcp://localhost:41063/mem:f240edcd-27ce-47a3-b4ab-a6a00c154135;USER=sa', scope='CourseServiceTest#testGetActiveStudents'

  Starting logs for CourseServiceTest > testGetActiveStudents(long) [4] weeks=3
    23:43:33.726 | 346 ool-1-worker-110 | DEBUG | d.t.c.a.a.c.u.util.UserUtilService   : Generate 2 students...
    23:43:33.730 | 346 ool-1-worker-110 | DEBUG | d.t.c.a.a.c.u.util.UserUtilService   : 2 students generated. Generate 0 tutors...
    23:43:33.732 | 346 ool-1-worker-110 | DEBUG | d.t.c.a.a.c.u.util.UserUtilService   : 0 tutors generated. Generate 0 editors...
    23:43:33.733 | 346 ool-1-worker-110 | DEBUG | d.t.c.a.a.c.u.util.UserUtilService   : 0 editors generated. Generate 1 instructors...
    23:43:33.736 | 346 ool-1-worker-110 | DEBUG | d.t.c.a.a.c.u.util.UserUtilService   : 1 instructors generated
    23:43:33.737 | 346 ool-1-worker-110 | DEBUG | d.t.c.a.a.c.u.util.UserUtilService   : Removing 3 users from all courses...
    23:43:33.738 | 346 ool-1-worker-110 | DEBUG | d.t.c.a.a.c.u.util.UserUtilService   : Removing 3 users from all courses. Done
    23:43:33.738 | 346 ool-1-worker-110 | DEBUG | d.t.c.a.a.c.u.util.UserUtilService   : Save 3 users to database...
    23:43:33.741 | 346 ool-1-worker-110 | DEBUG | d.t.c.a.a.c.u.util.UserUtilService   : Save 3 users to database. Done
    23:43:33.741 | 346 ool-1-worker-110 | INFO  | i.z.t.d.l.EmbeddedDatabaseReporter   : JDBC URL to connect to 'dataSource': url='jdbc:h2:tcp://localhost:41063/mem:f240edcd-27ce-47a3-b4ab-a6a00c154135;USER=sa', scope='CourseServiceTest#testGetActiveStudents'

  Starting logs for CourseServiceTest > testGetActiveStudents(long) [5] weeks=4
    23:43:33.764 | 346 ool-1-worker-110 | DEBUG | d.t.c.a.a.c.u.util.UserUtilService   : Generate 2 students...
    23:43:33.768 | 346 ool-1-worker-110 | DEBUG | d.t.c.a.a.c.u.util.UserUtilService   : 2 students generated. Generate 0 tutors...
    23:43:33.769 | 346 ool-1-worker-110 | DEBUG | d.t.c.a.a.c.u.util.UserUtilService   : 0 tutors generated. Generate 0 editors...
    23:43:33.771 | 346 ool-1-worker-110 | DEBUG | d.t.c.a.a.c.u.util.UserUtilService   : 0 editors generated. Generate 1 instructors...
    23:43:33.774 | 346 ool-1-worker-110 | DEBUG | d.t.c.a.a.c.u.util.UserUtilService   : 1 instructors generated
    23:43:33.777 | 346 ool-1-worker-110 | DEBUG | d.t.c.a.a.c.u.util.UserUtilService   : Removing 3 users from all courses...
    23:43:33.777 | 346 ool-1-worker-110 | DEBUG | d.t.c.a.a.c.u.util.UserUtilService   : Removing 3 users from all courses. Done
    23:43:33.777 | 346 ool-1-worker-110 | DEBUG | d.t.c.a.a.c.u.util.UserUtilService   : Save 3 users to database...
    23:43:33.780 | 346 ool-1-worker-110 | DEBUG | d.t.c.a.a.c.u.util.UserUtilService   : Save 3 users to database. Done
    23:43:33.780 | 346 ool-1-worker-110 | INFO  | i.z.t.d.l.EmbeddedDatabaseReporter   : JDBC URL to connect to 'dataSource': url='jdbc:h2:tcp://localhost:41063/mem:f240edcd-27ce-47a3-b4ab-a6a00c154135;USER=sa', scope='CourseServiceTest#testGetActiveStudents'

  Starting logs for CourseServiceTest > testGetActiveStudents(long) [6] weeks=5
    23:43:33.839 | 346 ool-1-worker-110 | DEBUG | d.t.c.a.a.c.u.util.UserUtilService   : Generate 2 students...
    23:43:33.846 | 346 ool-1-worker-110 | DEBUG | d.t.c.a.a.c.u.util.UserUtilService   : 2 students generated. Generate 0 tutors...
    23:43:33.851 | 346 ool-1-worker-110 | DEBUG | d.t.c.a.a.c.u.util.UserUtilService   : 0 tutors generated. Generate 0 editors...
    23:43:33.852 | 346 ool-1-worker-110 | DEBUG | d.t.c.a.a.c.u.util.UserUtilService   : 0 editors generated. Generate 1 instructors...
    23:43:33.858 | 346 ool-1-worker-110 | DEBUG | d.t.c.a.a.c.u.util.UserUtilService   : 1 instructors generated
    23:43:33.859 | 346 ool-1-worker-110 | DEBUG | d.t.c.a.a.c.u.util.UserUtilService   : Removing 3 users from all courses...
    23:43:33.863 | 346 ool-1-worker-110 | DEBUG | d.t.c.a.a.c.u.util.UserUtilService   : Removing 3 users from all courses. Done
    23:43:33.863 | 346 ool-1-worker-110 | DEBUG | d.t.c.a.a.c.u.util.UserUtilService   : Save 3 users to database...
    23:43:33.872 | 346 ool-1-worker-110 | DEBUG | d.t.c.a.a.c.u.util.UserUtilService   : Save 3 users to database. Done
    23:43:33.872 | 346 ool-1-worker-110 | INFO  | i.z.t.d.l.EmbeddedDatabaseReporter   : JDBC URL to connect to 'dataSource': url='jdbc:h2:tcp://localhost:41063/mem:f240edcd-27ce-47a3-b4ab-a6a00c154135;USER=sa', scope='CourseServiceTest#testGetActiveStudents'

  Starting logs for CourseServiceTest > testGetActiveStudents(long) [7] weeks=6
    23:43:33.921 | 346 ool-1-worker-110 | DEBUG | d.t.c.a.a.c.u.util.UserUtilService   : Generate 2 students...
    23:43:33.927 | 346 ool-1-worker-110 | DEBUG | d.t.c.a.a.c.u.util.UserUtilService   : 2 students generated. Generate 0 tutors...
    23:43:33.931 | 346 ool-1-worker-110 | DEBUG | d.t.c.a.a.c.u.util.UserUtilService   : 0 tutors generated. Generate 0 editors...
    23:43:33.932 | 346 ool-1-worker-110 | DEBUG | d.t.c.a.a.c.u.util.UserUtilService   : 0 editors generated. Generate 1 instructors...
    23:43:33.939 | 346 ool-1-worker-110 | DEBUG | d.t.c.a.a.c.u.util.UserUtilService   : 1 instructors generated
    23:43:33.941 | 346 ool-1-worker-110 | DEBUG | d.t.c.a.a.c.u.util.UserUtilService   : Removing 3 users from all courses...
    23:43:33.943 | 346 ool-1-worker-110 | DEBUG | d.t.c.a.a.c.u.util.UserUtilService   : Removing 3 users from all courses. Done
    23:43:33.943 | 346 ool-1-worker-110 | DEBUG | d.t.c.a.a.c.u.util.UserUtilService   : Save 3 users to database...
    23:43:33.950 | 346 ool-1-worker-110 | DEBUG | d.t.c.a.a.c.u.util.UserUtilService   : Save 3 users to database. Done
    23:43:33.950 | 346 ool-1-worker-110 | INFO  | i.z.t.d.l.EmbeddedDatabaseReporter   : JDBC URL to connect to 'dataSource': url='jdbc:h2:tcp://localhost:41063/mem:f240edcd-27ce-47a3-b4ab-a6a00c154135;USER=sa', scope='CourseServiceTest#testGetActiveStudents'

  Starting logs for CourseServiceTest > testGetActiveStudents(long) [8] weeks=7
    23:43:34.002 | 346 ool-1-worker-110 | DEBUG | d.t.c.a.a.c.u.util.UserUtilService   : Generate 2 students...
    23:43:34.012 | 346 ool-1-worker-110 | DEBUG | d.t.c.a.a.c.u.util.UserUtilService   : 2 students generated. Generate 0 tutors...
    23:43:34.014 | 346 ool-1-worker-110 | DEBUG | d.t.c.a.a.c.u.util.UserUtilService   : 0 tutors generated. Generate 0 editors...
    23:43:34.017 | 346 ool-1-worker-110 | DEBUG | d.t.c.a.a.c.u.util.UserUtilService   : 0 editors generated. Generate 1 instructors...
    23:43:34.020 | 346 ool-1-worker-110 | DEBUG | d.t.c.a.a.c.u.util.UserUtilService   : 1 instructors generated
    23:43:34.021 | 346 ool-1-worker-110 | DEBUG | d.t.c.a.a.c.u.util.UserUtilService   : Removing 3 users from all courses...
    23:43:34.022 | 346 ool-1-worker-110 | DEBUG | d.t.c.a.a.c.u.util.UserUtilService   : Removing 3 users from all courses. Done
    23:43:34.022 | 346 ool-1-worker-110 | DEBUG | d.t.c.a.a.c.u.util.UserUtilService   : Save 3 users to database...
    23:43:34.025 | 346 ool-1-worker-110 | DEBUG | d.t.c.a.a.c.u.util.UserUtilService   : Save 3 users to database. Done
    23:43:34.026 | 346 ool-1-worker-110 | INFO  | i.z.t.d.l.EmbeddedDatabaseReporter   : JDBC URL to connect to 'dataSource': url='jdbc:h2:tcp://localhost:41063/mem:f240edcd-27ce-47a3-b4ab-a6a00c154135;USER=sa', scope='CourseServiceTest#testGetActiveStudents'

  Starting logs for CourseServiceTest > testGetActiveStudents(long) [9] weeks=8
    23:43:34.050 | 346 ool-1-worker-110 | DEBUG | d.t.c.a.a.c.u.util.UserUtilService   : Generate 2 students...
    23:43:34.054 | 346 ool-1-worker-110 | DEBUG | d.t.c.a.a.c.u.util.UserUtilService   : 2 students generated. Generate 0 tutors...
    23:43:34.056 | 346 ool-1-worker-110 | DEBUG | d.t.c.a.a.c.u.util.UserUtilService   : 0 tutors generated. Generate 0 editors...
    23:43:34.057 | 346 ool-1-worker-110 | DEBUG | d.t.c.a.a.c.u.util.UserUtilService   : 0 editors generated. Generate 1 instructors...
    23:43:34.060 | 346 ool-1-worker-110 | DEBUG | d.t.c.a.a.c.u.util.UserUtilService   : 1 instructors generated
    23:43:34.061 | 346 ool-1-worker-110 | DEBUG | d.t.c.a.a.c.u.util.UserUtilService   : Removing 3 users from all courses...
    23:43:34.062 | 346 ool-1-worker-110 | DEBUG | d.t.c.a.a.c.u.util.UserUtilService   : Removing 3 users from all courses. Done
    23:43:34.062 | 346 ool-1-worker-110 | DEBUG | d.t.c.a.a.c.u.util.UserUtilService   : Save 3 users to database...
    23:43:34.068 | 346 ool-1-worker-110 | DEBUG | d.t.c.a.a.c.u.util.UserUtilService   : Save 3 users to database. Done
    23:43:34.068 | 346 ool-1-worker-110 | INFO  | i.z.t.d.l.EmbeddedDatabaseReporter   : JDBC URL to connect to 'dataSource': url='jdbc:h2:tcp://localhost:41063/mem:f240edcd-27ce-47a3-b4ab-a6a00c154135;USER=sa', scope='CourseServiceTest#testGetActiveStudents'

  Starting logs for CourseServiceTest > testGetActiveStudents(long) [10] weeks=9
    23:43:34.120 | 346 ool-1-worker-110 | DEBUG | d.t.c.a.a.c.u.util.UserUtilService   : Generate 2 students...
    23:43:34.124 | 346 ool-1-worker-110 | DEBUG | d.t.c.a.a.c.u.util.UserUtilService   : 2 students generated. Generate 0 tutors...
    23:43:34.125 | 346 ool-1-worker-110 | DEBUG | d.t.c.a.a.c.u.util.UserUtilService   : 0 tutors generated. Generate 0 editors...
    23:43:34.127 | 346 ool-1-worker-110 | DEBUG | d.t.c.a.a.c.u.util.UserUtilService   : 0 editors generated. Generate 1 instructors...
    23:43:34.130 | 346 ool-1-worker-110 | DEBUG | d.t.c.a.a.c.u.util.UserUtilService   : 1 instructors generated
    23:43:34.131 | 346 ool-1-worker-110 | DEBUG | d.t.c.a.a.c.u.util.UserUtilService   : Removing 3 users from all courses...
    23:43:34.132 | 346 ool-1-worker-110 | DEBUG | d.t.c.a.a.c.u.util.UserUtilService   : Removing 3 users from all courses. Done
    23:43:34.132 | 346 ool-1-worker-110 | DEBUG | d.t.c.a.a.c.u.util.UserUtilService   : Save 3 users to database...
    23:43:34.135 | 346 ool-1-worker-110 | DEBUG | d.t.c.a.a.c.u.util.UserUtilService   : Save 3 users to database. Done
    23:43:34.135 | 346 ool-1-worker-110 | INFO  | i.z.t.d.l.EmbeddedDatabaseReporter   : JDBC URL to connect to 'dataSource': url='jdbc:h2:tcp://localhost:41063/mem:f240edcd-27ce-47a3-b4ab-a6a00c154135;USER=sa', scope='CourseServiceTest#testGetActiveStudents'

  Starting logs for CourseServiceTest > testGetActiveStudents(long) [11] weeks=10
    23:43:34.160 | 346 ool-1-worker-110 | DEBUG | d.t.c.a.a.c.u.util.UserUtilService   : Generate 2 students...
    23:43:34.165 | 346 ool-1-worker-110 | DEBUG | d.t.c.a.a.c.u.util.UserUtilService   : 2 students generated. Generate 0 tutors...
    23:43:34.167 | 346 ool-1-worker-110 | DEBUG | d.t.c.a.a.c.u.util.UserUtilService   : 0 tutors generated. Generate 0 editors...
    23:43:34.168 | 346 ool-1-worker-110 | DEBUG | d.t.c.a.a.c.u.util.UserUtilService   : 0 editors generated. Generate 1 instructors...
    23:43:34.171 | 346 ool-1-worker-110 | DEBUG | d.t.c.a.a.c.u.util.UserUtilService   : 1 instructors generated
    23:43:34.172 | 346 ool-1-worker-110 | DEBUG | d.t.c.a.a.c.u.util.UserUtilService   : Removing 3 users from all courses...
    23:43:34.173 | 346 ool-1-worker-110 | DEBUG | d.t.c.a.a.c.u.util.UserUtilService   : Removing 3 users from all courses. Done
    23:43:34.173 | 346 ool-1-worker-110 | DEBUG | d.t.c.a.a.c.u.util.UserUtilService   : Save 3 users to database...
    23:43:34.177 | 346 ool-1-worker-110 | DEBUG | d.t.c.a.a.c.u.util.UserUtilService   : Save 3 users to database. Done
    23:43:34.180 | 346 ool-1-worker-110 | INFO  | i.z.t.d.l.EmbeddedDatabaseReporter   : JDBC URL to connect to 'dataSource': url='jdbc:h2:tcp://localhost:41063/mem:f240edcd-27ce-47a3-b4ab-a6a00c154135;USER=sa', scope='CourseServiceTest#testGetActiveStudents'

  Starting logs for CourseServiceTest > testGetActiveStudents(long) [12] weeks=11
    23:43:34.233 | 346 ool-1-worker-110 | DEBUG | d.t.c.a.a.c.u.util.UserUtilService   : Generate 2 students...
    23:43:34.240 | 346 ool-1-worker-110 | DEBUG | d.t.c.a.a.c.u.util.UserUtilService   : 2 students generated. Generate 0 tutors...
    23:43:34.244 | 346 ool-1-worker-110 | DEBUG | d.t.c.a.a.c.u.util.UserUtilService   : 0 tutors generated. Generate 0 editors...
    23:43:34.245 | 346 ool-1-worker-110 | DEBUG | d.t.c.a.a.c.u.util.UserUtilService   : 0 editors generated. Generate 1 instructors...
    23:43:34.250 | 346 ool-1-worker-110 | DEBUG | d.t.c.a.a.c.u.util.UserUtilService   : 1 instructors generated
    23:43:34.255 | 346 ool-1-worker-110 | DEBUG | d.t.c.a.a.c.u.util.UserUtilService   : Removing 3 users from all courses...
    23:43:34.256 | 346 ool-1-worker-110 | DEBUG | d.t.c.a.a.c.u.util.UserUtilService   : Removing 3 users from all courses. Done
    23:43:34.256 | 346 ool-1-worker-110 | DEBUG | d.t.c.a.a.c.u.util.UserUtilService   : Save 3 users to database...
    23:43:34.264 | 346 ool-1-worker-110 | DEBUG | d.t.c.a.a.c.u.util.UserUtilService   : Save 3 users to database. Done
    23:43:34.264 | 346 ool-1-worker-110 | INFO  | i.z.t.d.l.EmbeddedDatabaseReporter   : JDBC URL to connect to 'dataSource': url='jdbc:h2:tcp://localhost:41063/mem:f240edcd-27ce-47a3-b4ab-a6a00c154135;USER=sa', scope='CourseServiceTest#testGetActiveStudents'

  Starting logs for CourseServiceTest > testGetActiveStudents(long) [13] weeks=12
    23:43:34.308 | 346 ool-1-worker-110 | DEBUG | d.t.c.a.a.c.u.util.UserUtilService   : Generate 2 students...
    23:43:34.319 | 346 ool-1-worker-110 | DEBUG | d.t.c.a.a.c.u.util.UserUtilService   : 2 students generated. Generate 0 tutors...
    23:43:34.323 | 346 ool-1-worker-110 | DEBUG | d.t.c.a.a.c.u.util.UserUtilService   : 0 tutors generated. Generate 0 editors...
    23:43:34.324 | 346 ool-1-worker-110 | DEBUG | d.t.c.a.a.c.u.util.UserUtilService   : 0 editors generated. Generate 1 instructors...
    23:43:34.330 | 346 ool-1-worker-110 | DEBUG | d.t.c.a.a.c.u.util.UserUtilService   : 1 instructors generated
    23:43:34.335 | 346 ool-1-worker-110 | DEBUG | d.t.c.a.a.c.u.util.UserUtilService   : Removing 3 users from all courses...
    23:43:34.336 | 346 ool-1-worker-110 | DEBUG | d.t.c.a.a.c.u.util.UserUtilService   : Removing 3 users from all courses. Done
    23:43:34.336 | 346 ool-1-worker-110 | DEBUG | d.t.c.a.a.c.u.util.UserUtilService   : Save 3 users to database...
    23:43:34.339 | 346 ool-1-worker-110 | DEBUG | d.t.c.a.a.c.u.util.UserUtilService   : Save 3 users to database. Done
    23:43:34.339 | 346 ool-1-worker-110 | INFO  | i.z.t.d.l.EmbeddedDatabaseReporter   : JDBC URL to connect to 'dataSource': url='jdbc:h2:tcp://localhost:41063/mem:f240edcd-27ce-47a3-b4ab-a6a00c154135;USER=sa', scope='CourseServiceTest#testGetActiveStudents'

  Starting logs for CourseServiceTest > testGetActiveStudents(long) [14] weeks=13
    23:43:34.364 | 346 ool-1-worker-110 | DEBUG | d.t.c.a.a.c.u.util.UserUtilService   : Generate 2 students...
    23:43:34.368 | 346 ool-1-worker-110 | DEBUG | d.t.c.a.a.c.u.util.UserUtilService   : 2 students generated. Generate 0 tutors...
    23:43:34.370 | 346 ool-1-worker-110 | DEBUG | d.t.c.a.a.c.u.util.UserUtilService   : 0 tutors generated. Generate 0 editors...
    23:43:34.371 | 346 ool-1-worker-110 | DEBUG | d.t.c.a.a.c.u.util.UserUtilService   : 0 editors generated. Generate 1 instructors...
    23:43:34.374 | 346 ool-1-worker-110 | DEBUG | d.t.c.a.a.c.u.util.UserUtilService   : 1 instructors generated
    23:43:34.375 | 346 ool-1-worker-110 | DEBUG | d.t.c.a.a.c.u.util.UserUtilService   : Removing 3 users from all courses...
    23:43:34.376 | 346 ool-1-worker-110 | DEBUG | d.t.c.a.a.c.u.util.UserUtilService   : Removing 3 users from all courses. Done
    23:43:34.376 | 346 ool-1-worker-110 | DEBUG | d.t.c.a.a.c.u.util.UserUtilService   : Save 3 users to database...
    23:43:34.379 | 346 ool-1-worker-110 | DEBUG | d.t.c.a.a.c.u.util.UserUtilService   : Save 3 users to database. Done
    23:43:34.380 | 346 ool-1-worker-110 | INFO  | i.z.t.d.l.EmbeddedDatabaseReporter   : JDBC URL to connect to 'dataSource': url='jdbc:h2:tcp://localhost:41063/mem:f240edcd-27ce-47a3-b4ab-a6a00c154135;USER=sa', scope='CourseServiceTest#testGetActiveStudents'

  Starting logs for CourseServiceTest > testGetActiveStudents(long) [15] weeks=14
    23:43:34.419 | 346 ool-1-worker-110 | DEBUG | d.t.c.a.a.c.u.util.UserUtilService   : Generate 2 students...
    23:43:34.429 | 346 ool-1-worker-110 | DEBUG | d.t.c.a.a.c.u.util.UserUtilService   : 2 students generated. Generate 0 tutors...
    23:43:34.431 | 346 ool-1-worker-110 | DEBUG | d.t.c.a.a.c.u.util.UserUtilService   : 0 tutors generated. Generate 0 editors...
    23:43:34.435 | 346 ool-1-worker-110 | DEBUG | d.t.c.a.a.c.u.util.UserUtilService   : 0 editors generated. Generate 1 instructors...
    23:43:34.441 | 346 ool-1-worker-110 | DEBUG | d.t.c.a.a.c.u.util.UserUtilService   : 1 instructors generated
    23:43:34.444 | 346 ool-1-worker-110 | DEBUG | d.t.c.a.a.c.u.util.UserUtilService   : Removing 3 users from all courses...
    23:43:34.445 | 346 ool-1-worker-110 | DEBUG | d.t.c.a.a.c.u.util.UserUtilService   : Removing 3 users from all courses. Done
    23:43:34.445 | 346 ool-1-worker-110 | DEBUG | d.t.c.a.a.c.u.util.UserUtilService   : Save 3 users to database...
    23:43:34.451 | 346 ool-1-worker-110 | DEBUG | d.t.c.a.a.c.u.util.UserUtilService   : Save 3 users to database. Done
    23:43:34.452 | 346 ool-1-worker-110 | INFO  | i.z.t.d.l.EmbeddedDatabaseReporter   : JDBC URL to connect to 'dataSource': url='jdbc:h2:tcp://localhost:41063/mem:f240edcd-27ce-47a3-b4ab-a6a00c154135;USER=sa', scope='CourseServiceTest#testGetActiveStudents'

  Starting logs for CourseServiceTest > testGetActiveStudents(long) [16] weeks=15
    23:43:34.501 | 346 ool-1-worker-110 | DEBUG | d.t.c.a.a.c.u.util.UserUtilService   : Generate 2 students...
    23:43:34.508 | 346 ool-1-worker-110 | DEBUG | d.t.c.a.a.c.u.util.UserUtilService   : 2 students generated. Generate 0 tutors...
    23:43:34.512 | 346 ool-1-worker-110 | DEBUG | d.t.c.a.a.c.u.util.UserUtilService   : 0 tutors generated. Generate 0 editors...
    23:43:34.513 | 346 ool-1-worker-110 | DEBUG | d.t.c.a.a.c.u.util.UserUtilService   : 0 editors generated. Generate 1 instructors...
    23:43:34.519 | 346 ool-1-worker-110 | DEBUG | d.t.c.a.a.c.u.util.UserUtilService   : 1 instructors generated
    23:43:34.520 | 346 ool-1-worker-110 | DEBUG | d.t.c.a.a.c.u.util.UserUtilService   : Removing 3 users from all courses...
    23:43:34.524 | 346 ool-1-worker-110 | DEBUG | d.t.c.a.a.c.u.util.UserUtilService   : Removing 3 users from all courses. Done
    23:43:34.524 | 346 ool-1-worker-110 | DEBUG | d.t.c.a.a.c.u.util.UserUtilService   : Save 3 users to database...
    23:43:34.530 | 346 ool-1-worker-110 | DEBUG | d.t.c.a.a.c.u.util.UserUtilService   : Save 3 users to database. Done
    23:43:34.530 | 346 ool-1-worker-110 | INFO  | i.z.t.d.l.EmbeddedDatabaseReporter   : JDBC URL to connect to 'dataSource': url='jdbc:h2:tcp://localhost:41063/mem:f240edcd-27ce-47a3-b4ab-a6a00c154135;USER=sa', scope='CourseServiceTest#testGetActiveStudents'
    23:43:34.545 | 570 vc.HealthMonitor | INFO  | c.h.i.diagnostics.HealthMonitor      : [127.0.0.1]:5703 [dev] [5.5.0] processors=4, physical.memory.total=15.6G, physical.memory.free=2.8G, swap.space.total=0, swap.space.free=0, heap.memory.used=2.6G, heap.memory.free=372.1M, heap.memory.total=3.0G, heap.memory.max=6.0G, heap.memory.used/total=87.82%, heap.memory.used/max=43.68%, minor.gc.count=126, minor.gc.time=6600ms, major.gc.count=0, major.gc.time=0ms, unknown.gc.count=56, unknown.gc.time=902ms, load.process=0.00%, load.system=100.00%, load.systemAverage=5.60, thread.count=487, thread.peakCount=500, cluster.timeDiff=0, event.q.size=0, executor.q.async.size=0, executor.q.client.size=0, executor.q.client.query.size=0, executor.q.client.blocking.size=0, executor.q.query.size=0, executor.q.scheduled.size=0, executor.q.io.size=0, executor.q.system.size=0, executor.q.operations.size=0, executor.q.priorityOperation.size=0, operations.completed.count=1362, executor.q.mapLoad.size=0, executor.q.mapLoadAllKeys.size=0, executor.q.cluster.size=0, executor.q.response.size=0, operations.running.count=0, operations.pending.invocations.percentage=0.00%, operations.pending.invocations.count=0, proxy.count=214, clientEndpoint.count=0, connection.active.count=0, client.connection.count=0, connection.count=0

  Starting logs for CourseServiceTest > testGetActiveStudents(long) [17] weeks=16
    23:43:34.587 | 346 ool-1-worker-110 | DEBUG | d.t.c.a.a.c.u.util.UserUtilService   : Generate 2 students...
    23:43:34.594 | 346 ool-1-worker-110 | DEBUG | d.t.c.a.a.c.u.util.UserUtilService   : 2 students generated. Generate 0 tutors...
    23:43:34.595 | 346 ool-1-worker-110 | DEBUG | d.t.c.a.a.c.u.util.UserUtilService   : 0 tutors generated. Generate 0 editors...
    23:43:34.599 | 346 ool-1-worker-110 | DEBUG | d.t.c.a.a.c.u.util.UserUtilService   : 0 editors generated. Generate 1 instructors...
    23:43:34.604 | 346 ool-1-worker-110 | DEBUG | d.t.c.a.a.c.u.util.UserUtilService   : 1 instructors generated
    23:43:34.605 | 346 ool-1-worker-110 | DEBUG | d.t.c.a.a.c.u.util.UserUtilService   : Removing 3 users from all courses...
    23:43:34.610 | 346 ool-1-worker-110 | DEBUG | d.t.c.a.a.c.u.util.UserUtilService   : Removing 3 users from all courses. Done
    23:43:34.610 | 346 ool-1-worker-110 | DEBUG | d.t.c.a.a.c.u.util.UserUtilService   : Save 3 users to database...
    23:43:34.617 | 346 ool-1-worker-110 | DEBUG | d.t.c.a.a.c.u.util.UserUtilService   : Save 3 users to database. Done
    23:43:34.617 | 346 ool-1-worker-110 | INFO  | i.z.t.d.l.EmbeddedDatabaseReporter   : JDBC URL to connect to 'dataSource': url='jdbc:h2:tcp://localhost:41063/mem:f240edcd-27ce-47a3-b4ab-a6a00c154135;USER=sa', scope='CourseServiceTest#testGetActiveStudents'

  Starting logs for CourseServiceTest > testGetActiveStudents(long) [18] weeks=17
    23:43:34.669 | 346 ool-1-worker-110 | DEBUG | d.t.c.a.a.c.u.util.UserUtilService   : Generate 2 students...
    23:43:34.676 | 346 ool-1-worker-110 | DEBUG | d.t.c.a.a.c.u.util.UserUtilService   : 2 students generated. Generate 0 tutors...
    23:43:34.677 | 346 ool-1-worker-110 | DEBUG | d.t.c.a.a.c.u.util.UserUtilService   : 0 tutors generated. Generate 0 editors...
    23:43:34.682 | 346 ool-1-worker-110 | DEBUG | d.t.c.a.a.c.u.util.UserUtilService   : 0 editors generated. Generate 1 instructors...
    23:43:34.687 | 346 ool-1-worker-110 | DEBUG | d.t.c.a.a.c.u.util.UserUtilService   : 1 instructors generated
    23:43:34.688 | 346 ool-1-worker-110 | DEBUG | d.t.c.a.a.c.u.util.UserUtilService   : Removing 3 users from all courses...
    23:43:34.689 | 346 ool-1-worker-110 | DEBUG | d.t.c.a.a.c.u.util.UserUtilService   : Removing 3 users from all courses. Done
    23:43:34.689 | 346 ool-1-worker-110 | DEBUG | d.t.c.a.a.c.u.util.UserUtilService   : Save 3 users to database...
    23:43:34.698 | 346 ool-1-worker-110 | DEBUG | d.t.c.a.a.c.u.util.UserUtilService   : Save 3 users to database. Done
    23:43:34.699 | 346 ool-1-worker-110 | INFO  | i.z.t.d.l.EmbeddedDatabaseReporter   : JDBC URL to connect to 'dataSource': url='jdbc:h2:tcp://localhost:41063/mem:f240edcd-27ce-47a3-b4ab-a6a00c154135;USER=sa', scope='CourseServiceTest#testGetActiveStudents'

  Starting logs for CourseServiceTest > testGetActiveStudents(long) [19] weeks=18
    23:43:34.743 | 346 ool-1-worker-110 | DEBUG | d.t.c.a.a.c.u.util.UserUtilService   : Generate 2 students...
    23:43:34.747 | 346 ool-1-worker-110 | DEBUG | d.t.c.a.a.c.u.util.UserUtilService   : 2 students generated. Generate 0 tutors...
    23:43:34.748 | 346 ool-1-worker-110 | DEBUG | d.t.c.a.a.c.u.util.UserUtilService   : 0 tutors generated. Generate 0 editors...
    23:43:34.750 | 346 ool-1-worker-110 | DEBUG | d.t.c.a.a.c.u.util.UserUtilService   : 0 editors generated. Generate 1 instructors...
    23:43:34.753 | 346 ool-1-worker-110 | DEBUG | d.t.c.a.a.c.u.util.UserUtilService   : 1 instructors generated
    23:43:34.754 | 346 ool-1-worker-110 | DEBUG | d.t.c.a.a.c.u.util.UserUtilService   : Removing 3 users from all courses...
    23:43:34.755 | 346 ool-1-worker-110 | DEBUG | d.t.c.a.a.c.u.util.UserUtilService   : Removing 3 users from all courses. Done
    23:43:34.755 | 346 ool-1-worker-110 | DEBUG | d.t.c.a.a.c.u.util.UserUtilService   : Save 3 users to database...
    23:43:34.759 | 346 ool-1-worker-110 | DEBUG | d.t.c.a.a.c.u.util.UserUtilService   : Save 3 users to database. Done
    23:43:34.759 | 346 ool-1-worker-110 | INFO  | i.z.t.d.l.EmbeddedDatabaseReporter   : JDBC URL to connect to 'dataSource': url='jdbc:h2:tcp://localhost:41063/mem:f240edcd-27ce-47a3-b4ab-a6a00c154135;USER=sa', scope='CourseServiceTest#testGetActiveStudents'

  Starting logs for CourseServiceTest > testGetActiveStudents(long) [20] weeks=19
    23:43:34.792 | 346 ool-1-worker-110 | DEBUG | d.t.c.a.a.c.u.util.UserUtilService   : Generate 2 students...
    23:43:34.796 | 346 ool-1-worker-110 | DEBUG | d.t.c.a.a.c.u.util.UserUtilService   : 2 students generated. Generate 0 tutors...
    23:43:34.798 | 346 ool-1-worker-110 | DEBUG | d.t.c.a.a.c.u.util.UserUtilService   : 0 tutors generated. Generate 0 editors...
    23:43:34.799 | 346 ool-1-worker-110 | DEBUG | d.t.c.a.a.c.u.util.UserUtilService   : 0 editors generated. Generate 1 instructors...
    23:43:34.802 | 346 ool-1-worker-110 | DEBUG | d.t.c.a.a.c.u.util.UserUtilService   : 1 instructors generated
    23:43:34.803 | 346 ool-1-worker-110 | DEBUG | d.t.c.a.a.c.u.util.UserUtilService   : Removing 3 users from all courses...
    23:43:34.804 | 346 ool-1-worker-110 | DEBUG | d.t.c.a.a.c.u.util.UserUtilService   : Removing 3 users from all courses. Done
    23:43:34.804 | 346 ool-1-worker-110 | DEBUG | d.t.c.a.a.c.u.util.UserUtilService   : Save 3 users to database...
    23:43:34.807 | 346 ool-1-worker-110 | DEBUG | d.t.c.a.a.c.u.util.UserUtilService   : Save 3 users to database. Done
    23:43:34.808 | 346 ool-1-worker-110 | INFO  | i.z.t.d.l.EmbeddedDatabaseReporter   : JDBC URL to connect to 'dataSource': url='jdbc:h2:tcp://localhost:41063/mem:f240edcd-27ce-47a3-b4ab-a6a00c154135;USER=sa', scope='CourseServiceTest#testGetActiveStudents'

  Starting logs for CourseServiceTest > testGetActiveStudents(long) [21] weeks=20
    23:43:34.854 | 346 ool-1-worker-110 | DEBUG | d.t.c.a.a.c.u.util.UserUtilService   : Generate 2 students...
    23:43:34.861 | 600 taskScheduler-1  | DEBUG | a.a.b.s.SharedQueueProcessingService : Currently processing jobs on this node: 0, active threads in Pool: 0, maximum pool size of thread executor : 1
    23:43:34.864 | 346 ool-1-worker-110 | DEBUG | d.t.c.a.a.c.u.util.UserUtilService   : 2 students generated. Generate 0 tutors...
    23:43:34.865 | 346 ool-1-worker-110 | DEBUG | d.t.c.a.a.c.u.util.UserUtilService   : 0 tutors generated. Generate 0 editors...
    23:43:34.871 | 346 ool-1-worker-110 | DEBUG | d.t.c.a.a.c.u.util.UserUtilService   : 0 editors generated. Generate 1 instructors...
    23:43:34.873 | 346 ool-1-worker-110 | DEBUG | d.t.c.a.a.c.u.util.UserUtilService   : 1 instructors generated
    23:43:34.876 | 346 ool-1-worker-110 | DEBUG | d.t.c.a.a.c.u.util.UserUtilService   : Removing 3 users from all courses...
    23:43:34.877 | 346 ool-1-worker-110 | DEBUG | d.t.c.a.a.c.u.util.UserUtilService   : Removing 3 users from all courses. Done
    23:43:34.877 | 346 ool-1-worker-110 | DEBUG | d.t.c.a.a.c.u.util.UserUtilService   : Save 3 users to database...
    23:43:34.884 | 346 ool-1-worker-110 | DEBUG | d.t.c.a.a.c.u.util.UserUtilService   : Save 3 users to database. Done
    23:43:34.884 | 346 ool-1-worker-110 | INFO  | i.z.t.d.l.EmbeddedDatabaseReporter   : JDBC URL to connect to 'dataSource': url='jdbc:h2:tcp://localhost:41063/mem:f240edcd-27ce-47a3-b4ab-a6a00c154135;USER=sa', scope='CourseServiceTest#testGetActiveStudents'

  Starting logs for CourseServiceTest > testGetActiveStudents(long) [22] weeks=21
    23:43:34.940 | 346 ool-1-worker-110 | DEBUG | d.t.c.a.a.c.u.util.UserUtilService   : Generate 2 students...
    23:43:34.949 | 346 ool-1-worker-110 | DEBUG | d.t.c.a.a.c.u.util.UserUtilService   : 2 students generated. Generate 0 tutors...
    23:43:34.950 | 346 ool-1-worker-110 | DEBUG | d.t.c.a.a.c.u.util.UserUtilService   : 0 tutors generated. Generate 0 editors...
    23:43:34.956 | 346 ool-1-worker-110 | DEBUG | d.t.c.a.a.c.u.util.UserUtilService   : 0 editors generated. Generate 1 instructors...
    23:43:34.960 | 346 ool-1-worker-110 | DEBUG | d.t.c.a.a.c.u.util.UserUtilService   : 1 instructors generated
    23:43:34.961 | 346 ool-1-worker-110 | DEBUG | d.t.c.a.a.c.u.util.UserUtilService   : Removing 3 users from all courses...
    23:43:34.962 | 346 ool-1-worker-110 | DEBUG | d.t.c.a.a.c.u.util.UserUtilService   : Removing 3 users from all courses. Done
    23:43:34.962 | 346 ool-1-worker-110 | DEBUG | d.t.c.a.a.c.u.util.UserUtilService   : Save 3 users to database...
    23:43:34.972 | 346 ool-1-worker-110 | DEBUG | d.t.c.a.a.c.u.util.UserUtilService   : Save 3 users to database. Done
    23:43:34.973 | 346 ool-1-worker-110 | INFO  | i.z.t.d.l.EmbeddedDatabaseReporter   : JDBC URL to connect to 'dataSource': url='jdbc:h2:tcp://localhost:41063/mem:f240edcd-27ce-47a3-b4ab-a6a00c154135;USER=sa', scope='CourseServiceTest#testGetActiveStudents'

  Starting logs for CourseServiceTest > testGetActiveStudents(long) [23] weeks=22
    23:43:35.035 | 346 ool-1-worker-110 | DEBUG | d.t.c.a.a.c.u.util.UserUtilService   : Generate 2 students...
    23:43:35.042 | 346 ool-1-worker-110 | DEBUG | d.t.c.a.a.c.u.util.UserUtilService   : 2 students generated. Generate 0 tutors...
    23:43:35.046 | 346 ool-1-worker-110 | DEBUG | d.t.c.a.a.c.u.util.UserUtilService   : 0 tutors generated. Generate 0 editors...
    23:43:35.047 | 346 ool-1-worker-110 | DEBUG | d.t.c.a.a.c.u.util.UserUtilService   : 0 editors generated. Generate 1 instructors...
    23:43:35.055 | 346 ool-1-worker-110 | DEBUG | d.t.c.a.a.c.u.util.UserUtilService   : 1 instructors generated
    23:43:35.056 | 346 ool-1-worker-110 | DEBUG | d.t.c.a.a.c.u.util.UserUtilService   : Removing 3 users from all courses...
    23:43:35.057 | 346 ool-1-worker-110 | DEBUG | d.t.c.a.a.c.u.util.UserUtilService   : Removing 3 users from all courses. Done
    23:43:35.057 | 346 ool-1-worker-110 | DEBUG | d.t.c.a.a.c.u.util.UserUtilService   : Save 3 users to database...
    23:43:35.066 | 346 ool-1-worker-110 | DEBUG | d.t.c.a.a.c.u.util.UserUtilService   : Save 3 users to database. Done
    23:43:35.066 | 346 ool-1-worker-110 | INFO  | i.z.t.d.l.EmbeddedDatabaseReporter   : JDBC URL to connect to 'dataSource': url='jdbc:h2:tcp://localhost:41063/mem:f240edcd-27ce-47a3-b4ab-a6a00c154135;USER=sa', scope='CourseServiceTest#testGetActiveStudents'

  Starting logs for CourseServiceTest > testGetActiveStudents(long) [24] weeks=23
    23:43:35.122 | 346 ool-1-worker-110 | DEBUG | d.t.c.a.a.c.u.util.UserUtilService   : Generate 2 students...
    23:43:35.130 | 346 ool-1-worker-110 | DEBUG | d.t.c.a.a.c.u.util.UserUtilService   : 2 students generated. Generate 0 tutors...
    23:43:35.131 | 346 ool-1-worker-110 | DEBUG | d.t.c.a.a.c.u.util.UserUtilService   : 0 tutors generated. Generate 0 editors...
    23:43:35.133 | 346 ool-1-worker-110 | DEBUG | d.t.c.a.a.c.u.util.UserUtilService   : 0 editors generated. Generate 1 instructors...
    23:43:35.136 | 346 ool-1-worker-110 | DEBUG | d.t.c.a.a.c.u.util.UserUtilService   : 1 instructors generated
    23:43:35.137 | 346 ool-1-worker-110 | DEBUG | d.t.c.a.a.c.u.util.UserUtilService   : Removing 3 users from all courses...
    23:43:35.138 | 346 ool-1-worker-110 | DEBUG | d.t.c.a.a.c.u.util.UserUtilService   : Removing 3 users from all courses. Done
    23:43:35.138 | 346 ool-1-worker-110 | DEBUG | d.t.c.a.a.c.u.util.UserUtilService   : Save 3 users to database...
    23:43:35.141 | 346 ool-1-worker-110 | DEBUG | d.t.c.a.a.c.u.util.UserUtilService   : Save 3 users to database. Done
    23:43:35.141 | 346 ool-1-worker-110 | INFO  | i.z.t.d.l.EmbeddedDatabaseReporter   : JDBC URL to connect to 'dataSource': url='jdbc:h2:tcp://localhost:41063/mem:f240edcd-27ce-47a3-b4ab-a6a00c154135;USER=sa', scope='CourseServiceTest#testGetActiveStudents'

  Starting logs for CourseServiceTest > testGetActiveStudents(long) [25] weeks=24
    23:43:35.165 | 346 ool-1-worker-110 | DEBUG | d.t.c.a.a.c.u.util.UserUtilService   : Generate 2 students...
    23:43:35.169 | 346 ool-1-worker-110 | DEBUG | d.t.c.a.a.c.u.util.UserUtilService   : 2 students generated. Generate 0 tutors...
    23:43:35.170 | 346 ool-1-worker-110 | DEBUG | d.t.c.a.a.c.u.util.UserUtilService   : 0 tutors generated. Generate 0 editors...
    23:43:35.172 | 346 ool-1-worker-110 | DEBUG | d.t.c.a.a.c.u.util.UserUtilService   : 0 editors generated. Generate 1 instructors...
    23:43:35.175 | 346 ool-1-worker-110 | DEBUG | d.t.c.a.a.c.u.util.UserUtilService   : 1 instructors generated
    23:43:35.176 | 346 ool-1-worker-110 | DEBUG | d.t.c.a.a.c.u.util.UserUtilService   : Removing 3 users from all courses...
    23:43:35.177 | 346 ool-1-worker-110 | DEBUG | d.t.c.a.a.c.u.util.UserUtilService   : Removing 3 users from all courses. Done
    23:43:35.177 | 346 ool-1-worker-110 | DEBUG | d.t.c.a.a.c.u.util.UserUtilService   : Save 3 users to database...
    23:43:35.180 | 346 ool-1-worker-110 | DEBUG | d.t.c.a.a.c.u.util.UserUtilService   : Save 3 users to database. Done
    23:43:35.180 | 346 ool-1-worker-110 | INFO  | i.z.t.d.l.EmbeddedDatabaseReporter   : JDBC URL to connect to 'dataSource': url='jdbc:h2:tcp://localhost:41063/mem:f240edcd-27ce-47a3-b4ab-a6a00c154135;USER=sa', scope='CourseServiceTest#testGetActiveStudents'

  Starting logs for CourseServiceTest > testGetActiveStudents(long) [26] weeks=25
    23:43:35.229 | 346 ool-1-worker-110 | DEBUG | d.t.c.a.a.c.u.util.UserUtilService   : Generate 2 students...
    23:43:35.232 | 346 ool-1-worker-110 | DEBUG | d.t.c.a.a.c.u.util.UserUtilService   : 2 students generated. Generate 0 tutors...
    23:43:35.234 | 346 ool-1-worker-110 | DEBUG | d.t.c.a.a.c.u.util.UserUtilService   : 0 tutors generated. Generate 0 editors...
    23:43:35.236 | 346 ool-1-worker-110 | DEBUG | d.t.c.a.a.c.u.util.UserUtilService   : 0 editors generated. Generate 1 instructors...
    23:43:35.238 | 346 ool-1-worker-110 | DEBUG | d.t.c.a.a.c.u.util.UserUtilService   : 1 instructors generated
    23:43:35.242 | 346 ool-1-worker-110 | DEBUG | d.t.c.a.a.c.u.util.UserUtilService   : Removing 3 users from all courses...
    23:43:35.243 | 346 ool-1-worker-110 | DEBUG | d.t.c.a.a.c.u.util.UserUtilService   : Removing 3 users from all courses. Done
    23:43:35.243 | 346 ool-1-worker-110 | DEBUG | d.t.c.a.a.c.u.util.UserUtilService   : Save 3 users to database...
    23:43:35.249 | 346 ool-1-worker-110 | DEBUG | d.t.c.a.a.c.u.util.UserUtilService   : Save 3 users to database. Done
    23:43:35.249 | 346 ool-1-worker-110 | INFO  | i.z.t.d.l.EmbeddedDatabaseReporter   : JDBC URL to connect to 'dataSource': url='jdbc:h2:tcp://localhost:41063/mem:f240edcd-27ce-47a3-b4ab-a6a00c154135;USER=sa', scope='CourseServiceTest#testGetActiveStudents'

  Starting logs for CourseServiceTest > testGetActiveStudents(long) [27] weeks=26
    23:43:35.319 | 346 ool-1-worker-110 | DEBUG | d.t.c.a.a.c.u.util.UserUtilService   : Generate 2 students...
    23:43:35.323 | 346 ool-1-worker-110 | DEBUG | d.t.c.a.a.c.u.util.UserUtilService   : 2 students generated. Generate 0 tutors...
    23:43:35.324 | 346 ool-1-worker-110 | DEBUG | d.t.c.a.a.c.u.util.UserUtilService   : 0 tutors generated. Generate 0 editors...
    23:43:35.326 | 346 ool-1-worker-110 | DEBUG | d.t.c.a.a.c.u.util.UserUtilService   : 0 editors generated. Generate 1 instructors...
    23:43:35.328 | 346 ool-1-worker-110 | DEBUG | d.t.c.a.a.c.u.util.UserUtilService   : 1 instructors generated
    23:43:35.329 | 346 ool-1-worker-110 | DEBUG | d.t.c.a.a.c.u.util.UserUtilService   : Removing 3 users from all courses...
    23:43:35.330 | 346 ool-1-worker-110 | DEBUG | d.t.c.a.a.c.u.util.UserUtilService   : Removing 3 users from all courses. Done
    23:43:35.330 | 346 ool-1-worker-110 | DEBUG | d.t.c.a.a.c.u.util.UserUtilService   : Save 3 users to database...
    23:43:35.333 | 346 ool-1-worker-110 | DEBUG | d.t.c.a.a.c.u.util.UserUtilService   : Save 3 users to database. Done
    23:43:35.334 | 346 ool-1-worker-110 | INFO  | i.z.t.d.l.EmbeddedDatabaseReporter   : JDBC URL to connect to 'dataSource': url='jdbc:h2:tcp://localhost:41063/mem:f240edcd-27ce-47a3-b4ab-a6a00c154135;USER=sa', scope='CourseServiceTest#testGetActiveStudents'

  Starting logs for CourseServiceTest > testGetActiveStudents(long) [28] weeks=27
    23:43:35.357 | 346 ool-1-worker-110 | DEBUG | d.t.c.a.a.c.u.util.UserUtilService   : Generate 2 students...
    23:43:35.361 | 346 ool-1-worker-110 | DEBUG | d.t.c.a.a.c.u.util.UserUtilService   : 2 students generated. Generate 0 tutors...
    23:43:35.363 | 346 ool-1-worker-110 | DEBUG | d.t.c.a.a.c.u.util.UserUtilService   : 0 tutors generated. Generate 0 editors...
    23:43:35.364 | 346 ool-1-worker-110 | DEBUG | d.t.c.a.a.c.u.util.UserUtilService   : 0 editors generated. Generate 1 instructors...
    23:43:35.367 | 346 ool-1-worker-110 | DEBUG | d.t.c.a.a.c.u.util.UserUtilService   : 1 instructors generated
    23:43:35.368 | 346 ool-1-worker-110 | DEBUG | d.t.c.a.a.c.u.util.UserUtilService   : Removing 3 users from all courses...
    23:43:35.369 | 346 ool-1-worker-110 | DEBUG | d.t.c.a.a.c.u.util.UserUtilService   : Removing 3 users from all courses. Done
    23:43:35.369 | 346 ool-1-worker-110 | DEBUG | d.t.c.a.a.c.u.util.UserUtilService   : Save 3 users to database...
    23:43:35.373 | 346 ool-1-worker-110 | DEBUG | d.t.c.a.a.c.u.util.UserUtilService   : Save 3 users to database. Done
    23:43:35.373 | 346 ool-1-worker-110 | INFO  | i.z.t.d.l.EmbeddedDatabaseReporter   : JDBC URL to connect to 'dataSource': url='jdbc:h2:tcp://localhost:41063/mem:f240edcd-27ce-47a3-b4ab-a6a00c154135;USER=sa', scope='CourseServiceTest#testGetActiveStudents'

  Starting logs for CourseServiceTest > testGetActiveStudents(long) [29] weeks=28
    23:43:35.421 | 346 ool-1-worker-110 | DEBUG | d.t.c.a.a.c.u.util.UserUtilService   : Generate 2 students...
    23:43:35.431 | 346 ool-1-worker-110 | DEBUG | d.t.c.a.a.c.u.util.UserUtilService   : 2 students generated. Generate 0 tutors...
    23:43:35.433 | 346 ool-1-worker-110 | DEBUG | d.t.c.a.a.c.u.util.UserUtilService   : 0 tutors generated. Generate 0 editors...
    23:43:35.437 | 346 ool-1-worker-110 | DEBUG | d.t.c.a.a.c.u.util.UserUtilService   : 0 editors generated. Generate 1 instructors...
    23:43:35.443 | 346 ool-1-worker-110 | DEBUG | d.t.c.a.a.c.u.util.UserUtilService   : 1 instructors generated
    23:43:35.444 | 346 ool-1-worker-110 | DEBUG | d.t.c.a.a.c.u.util.UserUtilService   : Removing 3 users from all courses...
    23:43:35.446 | 346 ool-1-worker-110 | DEBUG | d.t.c.a.a.c.u.util.UserUtilService   : Removing 3 users from all courses. Done
    23:43:35.446 | 346 ool-1-worker-110 | DEBUG | d.t.c.a.a.c.u.util.UserUtilService   : Save 3 users to database...
    23:43:35.454 | 346 ool-1-worker-110 | DEBUG | d.t.c.a.a.c.u.util.UserUtilService   : Save 3 users to database. Done
    23:43:35.454 | 346 ool-1-worker-110 | INFO  | i.z.t.d.l.EmbeddedDatabaseReporter   : JDBC URL to connect to 'dataSource': url='jdbc:h2:tcp://localhost:41063/mem:f240edcd-27ce-47a3-b4ab-a6a00c154135;USER=sa', scope='CourseServiceTest#testGetActiveStudents'

  Starting logs for CourseServiceTest > testGetActiveStudents(long) [30] weeks=29
    23:43:35.518 | 346 ool-1-worker-110 | DEBUG | d.t.c.a.a.c.u.util.UserUtilService   : Generate 2 students...
    23:43:35.527 | 346 ool-1-worker-110 | DEBUG | d.t.c.a.a.c.u.util.UserUtilService   : 2 students generated. Generate 0 tutors...
    23:43:35.528 | 346 ool-1-worker-110 | DEBUG | d.t.c.a.a.c.u.util.UserUtilService   : 0 tutors generated. Generate 0 editors...
    23:43:35.533 | 346 ool-1-worker-110 | DEBUG | d.t.c.a.a.c.u.util.UserUtilService   : 0 editors generated. Generate 1 instructors...
    23:43:35.539 | 346 ool-1-worker-110 | DEBUG | d.t.c.a.a.c.u.util.UserUtilService   : 1 instructors generated
    23:43:35.540 | 346 ool-1-worker-110 | DEBUG | d.t.c.a.a.c.u.util.UserUtilService   : Removing 3 users from all courses...
    23:43:35.540 | 346 ool-1-worker-110 | DEBUG | d.t.c.a.a.c.u.util.UserUtilService   : Removing 3 users from all courses. Done
    23:43:35.540 | 346 ool-1-worker-110 | DEBUG | d.t.c.a.a.c.u.util.UserUtilService   : Save 3 users to database...
    23:43:35.551 | 346 ool-1-worker-110 | DEBUG | d.t.c.a.a.c.u.util.UserUtilService   : Save 3 users to database. Done
    23:43:35.551 | 346 ool-1-worker-110 | INFO  | i.z.t.d.l.EmbeddedDatabaseReporter   : JDBC URL to connect to 'dataSource': url='jdbc:h2:tcp://localhost:41063/mem:f240edcd-27ce-47a3-b4ab-a6a00c154135;USER=sa', scope='CourseServiceTest#testGetActiveStudents'

  Starting logs for CourseServiceTest > testGetActiveStudents(long) [31] weeks=30
    23:43:35.603 | 346 ool-1-worker-110 | DEBUG | d.t.c.a.a.c.u.util.UserUtilService   : Generate 2 students...
    23:43:35.610 | 346 ool-1-worker-110 | DEBUG | d.t.c.a.a.c.u.util.UserUtilService   : 2 students generated. Generate 0 tutors...
    23:43:35.615 | 346 ool-1-worker-110 | DEBUG | d.t.c.a.a.c.u.util.UserUtilService   : 0 tutors generated. Generate 0 editors...
    23:43:35.616 | 346 ool-1-worker-110 | DEBUG | d.t.c.a.a.c.u.util.UserUtilService   : 0 editors generated. Generate 1 instructors...
    23:43:35.622 | 346 ool-1-worker-110 | DEBUG | d.t.c.a.a.c.u.util.UserUtilService   : 1 instructors generated
    23:43:35.626 | 346 ool-1-worker-110 | DEBUG | d.t.c.a.a.c.u.util.UserUtilService   : Removing 3 users from all courses...
    23:43:35.627 | 346 ool-1-worker-110 | DEBUG | d.t.c.a.a.c.u.util.UserUtilService   : Removing 3 users from all courses. Done
    23:43:35.627 | 346 ool-1-worker-110 | DEBUG | d.t.c.a.a.c.u.util.UserUtilService   : Save 3 users to database...
    23:43:35.637 | 346 ool-1-worker-110 | DEBUG | d.t.c.a.a.c.u.util.UserUtilService   : Save 3 users to database. Done
    23:43:35.637 | 346 ool-1-worker-110 | INFO  | i.z.t.d.l.EmbeddedDatabaseReporter   : JDBC URL to connect to 'dataSource': url='jdbc:h2:tcp://localhost:41063/mem:f240edcd-27ce-47a3-b4ab-a6a00c154135;USER=sa', scope='CourseServiceTest#testGetActiveStudents'

  Starting logs for CourseServiceTest > testGetActiveStudents(long) [32] weeks=31
    23:43:35.687 | 346 ool-1-worker-110 | DEBUG | d.t.c.a.a.c.u.util.UserUtilService   : Generate 2 students...
    23:43:35.694 | 346 ool-1-worker-110 | DEBUG | d.t.c.a.a.c.u.util.UserUtilService   : 2 students generated. Generate 0 tutors...
    23:43:35.699 | 346 ool-1-worker-110 | DEBUG | d.t.c.a.a.c.u.util.UserUtilService   : 0 tutors generated. Generate 0 editors...
    23:43:35.703 | 346 ool-1-worker-110 | DEBUG | d.t.c.a.a.c.u.util.UserUtilService   : 0 editors generated. Generate 1 instructors...
    23:43:35.706 | 346 ool-1-worker-110 | DEBUG | d.t.c.a.a.c.u.util.UserUtilService   : 1 instructors generated
    23:43:35.710 | 346 ool-1-worker-110 | DEBUG | d.t.c.a.a.c.u.util.UserUtilService   : Removing 3 users from all courses...
    23:43:35.713 | 346 ool-1-worker-110 | DEBUG | d.t.c.a.a.c.u.util.UserUtilService   : Removing 3 users from all courses. Done
    23:43:35.713 | 346 ool-1-worker-110 | DEBUG | d.t.c.a.a.c.u.util.UserUtilService   : Save 3 users to database...
    23:43:35.719 | 346 ool-1-worker-110 | DEBUG | d.t.c.a.a.c.u.util.UserUtilService   : Save 3 users to database. Done
    23:43:35.719 | 346 ool-1-worker-110 | INFO  | i.z.t.d.l.EmbeddedDatabaseReporter   : JDBC URL to connect to 'dataSource': url='jdbc:h2:tcp://localhost:41063/mem:f240edcd-27ce-47a3-b4ab-a6a00c154135;USER=sa', scope='CourseServiceTest#testGetActiveStudents'

  Starting logs for CourseServiceTest > testGetActiveStudents(long) [33] weeks=32
    23:43:35.837 | 346 ool-1-worker-110 | DEBUG | d.t.c.a.a.c.u.util.UserUtilService   : Generate 2 students...
    23:43:35.847 | 346 ool-1-worker-110 | DEBUG | d.t.c.a.a.c.u.util.UserUtilService   : 2 students generated. Generate 0 tutors...
    23:43:35.848 | 346 ool-1-worker-110 | DEBUG | d.t.c.a.a.c.u.util.UserUtilService   : 0 tutors generated. Generate 0 editors...
    23:43:35.853 | 346 ool-1-worker-110 | DEBUG | d.t.c.a.a.c.u.util.UserUtilService   : 0 editors generated. Generate 1 instructors...
    23:43:35.859 | 346 ool-1-worker-110 | DEBUG | d.t.c.a.a.c.u.util.UserUtilService   : 1 instructors generated
    23:43:35.861 | 346 ool-1-worker-110 | DEBUG | d.t.c.a.a.c.u.util.UserUtilService   : Removing 3 users from all courses...
    23:43:35.861 | 346 ool-1-worker-110 | DEBUG | d.t.c.a.a.c.u.util.UserUtilService   : Removing 3 users from all courses. Done
    23:43:35.861 | 346 ool-1-worker-110 | DEBUG | d.t.c.a.a.c.u.util.UserUtilService   : Save 3 users to database...
    23:43:35.864 | 346 ool-1-worker-110 | DEBUG | d.t.c.a.a.c.u.util.UserUtilService   : Save 3 users to database. Done
    23:43:35.865 | 346 ool-1-worker-110 | INFO  | i.z.t.d.l.EmbeddedDatabaseReporter   : JDBC URL to connect to 'dataSource': url='jdbc:h2:tcp://localhost:41063/mem:f240edcd-27ce-47a3-b4ab-a6a00c154135;USER=sa', scope='CourseServiceTest#testGetActiveStudents'

  Starting logs for CourseServiceTest > testGetActiveStudents(long) [34] weeks=33
    23:43:35.890 | 346 ool-1-worker-110 | DEBUG | d.t.c.a.a.c.u.util.UserUtilService   : Generate 2 students...
    23:43:35.894 | 346 ool-1-worker-110 | DEBUG | d.t.c.a.a.c.u.util.UserUtilService   : 2 students generated. Generate 0 tutors...
    23:43:35.895 | 346 ool-1-worker-110 | DEBUG | d.t.c.a.a.c.u.util.UserUtilService   : 0 tutors generated. Generate 0 editors...
    23:43:35.896 | 346 ool-1-worker-110 | DEBUG | d.t.c.a.a.c.u.util.UserUtilService   : 0 editors generated. Generate 1 instructors...
    23:43:35.899 | 346 ool-1-worker-110 | DEBUG | d.t.c.a.a.c.u.util.UserUtilService   : 1 instructors generated
    23:43:35.900 | 346 ool-1-worker-110 | DEBUG | d.t.c.a.a.c.u.util.UserUtilService   : Removing 3 users from all courses...
    23:43:35.901 | 346 ool-1-worker-110 | DEBUG | d.t.c.a.a.c.u.util.UserUtilService   : Removing 3 users from all courses. Done
    23:43:35.901 | 346 ool-1-worker-110 | DEBUG | d.t.c.a.a.c.u.util.UserUtilService   : Save 3 users to database...
    23:43:35.904 | 346 ool-1-worker-110 | DEBUG | d.t.c.a.a.c.u.util.UserUtilService   : Save 3 users to database. Done
    23:43:35.904 | 346 ool-1-worker-110 | INFO  | i.z.t.d.l.EmbeddedDatabaseReporter   : JDBC URL to connect to 'dataSource': url='jdbc:h2:tcp://localhost:41063/mem:f240edcd-27ce-47a3-b4ab-a6a00c154135;USER=sa', scope='CourseServiceTest#testGetActiveStudents'

  Starting logs for CourseServiceTest > testGetActiveStudents(long) [35] weeks=34
    23:43:35.927 | 346 ool-1-worker-110 | DEBUG | d.t.c.a.a.c.u.util.UserUtilService   : Generate 2 students...
    23:43:35.931 | 346 ool-1-worker-110 | DEBUG | d.t.c.a.a.c.u.util.UserUtilService   : 2 students generated. Generate 0 tutors...
    23:43:35.932 | 346 ool-1-worker-110 | DEBUG | d.t.c.a.a.c.u.util.UserUtilService   : 0 tutors generated. Generate 0 editors...
    23:43:35.933 | 346 ool-1-worker-110 | DEBUG | d.t.c.a.a.c.u.util.UserUtilService   : 0 editors generated. Generate 1 instructors...
    23:43:35.936 | 346 ool-1-worker-110 | DEBUG | d.t.c.a.a.c.u.util.UserUtilService   : 1 instructors generated
    23:43:35.937 | 346 ool-1-worker-110 | DEBUG | d.t.c.a.a.c.u.util.UserUtilService   : Removing 3 users from all courses...
    23:43:35.938 | 346 ool-1-worker-110 | DEBUG | d.t.c.a.a.c.u.util.UserUtilService   : Removing 3 users from all courses. Done
    23:43:35.938 | 346 ool-1-worker-110 | DEBUG | d.t.c.a.a.c.u.util.UserUtilService   : Save 3 users to database...
    23:43:35.940 | 346 ool-1-worker-110 | DEBUG | d.t.c.a.a.c.u.util.UserUtilService   : Save 3 users to database. Done
    23:43:35.940 | 346 ool-1-worker-110 | INFO  | i.z.t.d.l.EmbeddedDatabaseReporter   : JDBC URL to connect to 'dataSource': url='jdbc:h2:tcp://localhost:41063/mem:f240edcd-27ce-47a3-b4ab-a6a00c154135;USER=sa', scope='CourseServiceTest#testGetActiveStudents'

  Starting logs for CourseServiceTest > testGetActiveStudents(long) [36] weeks=35
    23:43:35.964 | 346 ool-1-worker-110 | DEBUG | d.t.c.a.a.c.u.util.UserUtilService   : Generate 2 students...
    23:43:35.968 | 346 ool-1-worker-110 | DEBUG | d.t.c.a.a.c.u.util.UserUtilService   : 2 students generated. Generate 0 tutors...
    23:43:35.969 | 346 ool-1-worker-110 | DEBUG | d.t.c.a.a.c.u.util.UserUtilService   : 0 tutors generated. Generate 0 editors...
    23:43:35.971 | 346 ool-1-worker-110 | DEBUG | d.t.c.a.a.c.u.util.UserUtilService   : 0 editors generated. Generate 1 instructors...
    23:43:35.973 | 346 ool-1-worker-110 | DEBUG | d.t.c.a.a.c.u.util.UserUtilService   : 1 instructors generated
    23:43:35.974 | 346 ool-1-worker-110 | DEBUG | d.t.c.a.a.c.u.util.UserUtilService   : Removing 3 users from all courses...
    23:43:35.975 | 346 ool-1-worker-110 | DEBUG | d.t.c.a.a.c.u.util.UserUtilService   : Removing 3 users from all courses. Done
    23:43:35.975 | 346 ool-1-worker-110 | DEBUG | d.t.c.a.a.c.u.util.UserUtilService   : Save 3 users to database...
    23:43:35.978 | 346 ool-1-worker-110 | DEBUG | d.t.c.a.a.c.u.util.UserUtilService   : Save 3 users to database. Done
    23:43:35.978 | 346 ool-1-worker-110 | INFO  | i.z.t.d.l.EmbeddedDatabaseReporter   : JDBC URL to connect to 'dataSource': url='jdbc:h2:tcp://localhost:41063/mem:f240edcd-27ce-47a3-b4ab-a6a00c154135;USER=sa', scope='CourseServiceTest#testGetActiveStudents'

  Starting logs for CourseServiceTest > testGetActiveStudents(long) [37] weeks=36
    23:43:36.011 | 346 ool-1-worker-110 | DEBUG | d.t.c.a.a.c.u.util.UserUtilService   : Generate 2 students...
    23:43:36.015 | 346 ool-1-worker-110 | DEBUG | d.t.c.a.a.c.u.util.UserUtilService   : 2 students generated. Generate 0 tutors...
    23:43:36.016 | 346 ool-1-worker-110 | DEBUG | d.t.c.a.a.c.u.util.UserUtilService   : 0 tutors generated. Generate 0 editors...
    23:43:36.017 | 346 ool-1-worker-110 | DEBUG | d.t.c.a.a.c.u.util.UserUtilService   : 0 editors generated. Generate 1 instructors...
    23:43:36.020 | 346 ool-1-worker-110 | DEBUG | d.t.c.a.a.c.u.util.UserUtilService   : 1 instructors generated
    23:43:36.021 | 346 ool-1-worker-110 | DEBUG | d.t.c.a.a.c.u.util.UserUtilService   : Removing 3 users from all courses...
    23:43:36.021 | 346 ool-1-worker-110 | DEBUG | d.t.c.a.a.c.u.util.UserUtilService   : Removing 3 users from all courses. Done
    23:43:36.021 | 346 ool-1-worker-110 | DEBUG | d.t.c.a.a.c.u.util.UserUtilService   : Save 3 users to database...
    23:43:36.024 | 346 ool-1-worker-110 | DEBUG | d.t.c.a.a.c.u.util.UserUtilService   : Save 3 users to database. Done
    23:43:36.024 | 346 ool-1-worker-110 | INFO  | i.z.t.d.l.EmbeddedDatabaseReporter   : JDBC URL to connect to 'dataSource': url='jdbc:h2:tcp://localhost:41063/mem:f240edcd-27ce-47a3-b4ab-a6a00c154135;USER=sa', scope='CourseServiceTest#testGetActiveStudents'

  Starting logs for CourseServiceTest > testGetActiveStudents(long) [38] weeks=37
    23:43:36.052 | 346 ool-1-worker-110 | DEBUG | d.t.c.a.a.c.u.util.UserUtilService   : Generate 2 students...
    23:43:36.056 | 346 ool-1-worker-110 | DEBUG | d.t.c.a.a.c.u.util.UserUtilService   : 2 students generated. Generate 0 tutors...
    23:43:36.057 | 346 ool-1-worker-110 | DEBUG | d.t.c.a.a.c.u.util.UserUtilService   : 0 tutors generated. Generate 0 editors...
    23:43:36.058 | 346 ool-1-worker-110 | DEBUG | d.t.c.a.a.c.u.util.UserUtilService   : 0 editors generated. Generate 1 instructors...
    23:43:36.061 | 346 ool-1-worker-110 | DEBUG | d.t.c.a.a.c.u.util.UserUtilService   : 1 instructors generated
    23:43:36.062 | 346 ool-1-worker-110 | DEBUG | d.t.c.a.a.c.u.util.UserUtilService   : Removing 3 users from all courses...
    23:43:36.063 | 346 ool-1-worker-110 | DEBUG | d.t.c.a.a.c.u.util.UserUtilService   : Removing 3 users from all courses. Done
    23:43:36.063 | 346 ool-1-worker-110 | DEBUG | d.t.c.a.a.c.u.util.UserUtilService   : Save 3 users to database...
    23:43:36.065 | 346 ool-1-worker-110 | DEBUG | d.t.c.a.a.c.u.util.UserUtilService   : Save 3 users to database. Done
    23:43:36.066 | 346 ool-1-worker-110 | INFO  | i.z.t.d.l.EmbeddedDatabaseReporter   : JDBC URL to connect to 'dataSource': url='jdbc:h2:tcp://localhost:41063/mem:f240edcd-27ce-47a3-b4ab-a6a00c154135;USER=sa', scope='CourseServiceTest#testGetActiveStudents'

  Starting logs for CourseServiceTest > testGetActiveStudents(long) [39] weeks=38
    23:43:36.099 | 346 ool-1-worker-110 | DEBUG | d.t.c.a.a.c.u.util.UserUtilService   : Generate 2 students...
    23:43:36.103 | 346 ool-1-worker-110 | DEBUG | d.t.c.a.a.c.u.util.UserUtilService   : 2 students generated. Generate 0 tutors...
    23:43:36.104 | 346 ool-1-worker-110 | DEBUG | d.t.c.a.a.c.u.util.UserUtilService   : 0 tutors generated. Generate 0 editors...
    23:43:36.105 | 346 ool-1-worker-110 | DEBUG | d.t.c.a.a.c.u.util.UserUtilService   : 0 editors generated. Generate 1 instructors...
    23:43:36.108 | 346 ool-1-worker-110 | DEBUG | d.t.c.a.a.c.u.util.UserUtilService   : 1 instructors generated
    23:43:36.109 | 346 ool-1-worker-110 | DEBUG | d.t.c.a.a.c.u.util.UserUtilService   : Removing 3 users from all courses...
    23:43:36.109 | 346 ool-1-worker-110 | DEBUG | d.t.c.a.a.c.u.util.UserUtilService   : Removing 3 users from all courses. Done
    23:43:36.109 | 346 ool-1-worker-110 | DEBUG | d.t.c.a.a.c.u.util.UserUtilService   : Save 3 users to database...
    23:43:36.112 | 346 ool-1-worker-110 | DEBUG | d.t.c.a.a.c.u.util.UserUtilService   : Save 3 users to database. Done
    23:43:36.112 | 346 ool-1-worker-110 | INFO  | i.z.t.d.l.EmbeddedDatabaseReporter   : JDBC URL to connect to 'dataSource': url='jdbc:h2:tcp://localhost:41063/mem:f240edcd-27ce-47a3-b4ab-a6a00c154135;USER=sa', scope='CourseServiceTest#testGetActiveStudents'

  Starting logs for CourseServiceTest > testGetActiveStudents(long) [40] weeks=39
    23:43:36.142 | 346 ool-1-worker-110 | DEBUG | d.t.c.a.a.c.u.util.UserUtilService   : Generate 2 students...
    23:43:36.146 | 346 ool-1-worker-110 | DEBUG | d.t.c.a.a.c.u.util.UserUtilService   : 2 students generated. Generate 0 tutors...
    23:43:36.147 | 346 ool-1-worker-110 | DEBUG | d.t.c.a.a.c.u.util.UserUtilService   : 0 tutors generated. Generate 0 editors...
    23:43:36.149 | 346 ool-1-worker-110 | DEBUG | d.t.c.a.a.c.u.util.UserUtilService   : 0 editors generated. Generate 1 instructors...
    23:43:36.152 | 346 ool-1-worker-110 | DEBUG | d.t.c.a.a.c.u.util.UserUtilService   : 1 instructors generated
    23:43:36.152 | 346 ool-1-worker-110 | DEBUG | d.t.c.a.a.c.u.util.UserUtilService   : Removing 3 users from all courses...
    23:43:36.153 | 346 ool-1-worker-110 | DEBUG | d.t.c.a.a.c.u.util.UserUtilService   : Removing 3 users from all courses. Done
    23:43:36.153 | 346 ool-1-worker-110 | DEBUG | d.t.c.a.a.c.u.util.UserUtilService   : Save 3 users to database...
    23:43:36.156 | 346 ool-1-worker-110 | DEBUG | d.t.c.a.a.c.u.util.UserUtilService   : Save 3 users to database. Done
    23:43:36.156 | 346 ool-1-worker-110 | INFO  | i.z.t.d.l.EmbeddedDatabaseReporter   : JDBC URL to connect to 'dataSource': url='jdbc:h2:tcp://localhost:41063/mem:f240edcd-27ce-47a3-b4ab-a6a00c154135;USER=sa', scope='CourseServiceTest#testGetActiveStudents'

  Starting logs for CourseServiceTest > testGetActiveStudents(long) [41] weeks=40
    23:43:36.177 | 346 ool-1-worker-110 | DEBUG | d.t.c.a.a.c.u.util.UserUtilService   : Generate 2 students...
    23:43:36.181 | 346 ool-1-worker-110 | DEBUG | d.t.c.a.a.c.u.util.UserUtilService   : 2 students generated. Generate 0 tutors...
    23:43:36.182 | 346 ool-1-worker-110 | DEBUG | d.t.c.a.a.c.u.util.UserUtilService   : 0 tutors generated. Generate 0 editors...
    23:43:36.184 | 346 ool-1-worker-110 | DEBUG | d.t.c.a.a.c.u.util.UserUtilService   : 0 editors generated. Generate 1 instructors...
    23:43:36.186 | 346 ool-1-worker-110 | DEBUG | d.t.c.a.a.c.u.util.UserUtilService   : 1 instructors generated
    23:43:36.187 | 346 ool-1-worker-110 | DEBUG | d.t.c.a.a.c.u.util.UserUtilService   : Removing 3 users from all courses...
    23:43:36.188 | 346 ool-1-worker-110 | DEBUG | d.t.c.a.a.c.u.util.UserUtilService   : Removing 3 users from all courses. Done
    23:43:36.188 | 346 ool-1-worker-110 | DEBUG | d.t.c.a.a.c.u.util.UserUtilService   : Save 3 users to database...
    23:43:36.192 | 346 ool-1-worker-110 | DEBUG | d.t.c.a.a.c.u.util.UserUtilService   : Save 3 users to database. Done
    23:43:36.192 | 346 ool-1-worker-110 | INFO  | i.z.t.d.l.EmbeddedDatabaseReporter   : JDBC URL to connect to 'dataSource': url='jdbc:h2:tcp://localhost:41063/mem:f240edcd-27ce-47a3-b4ab-a6a00c154135;USER=sa', scope='CourseServiceTest#testGetActiveStudents'

  Starting logs for CourseServiceTest > testGetActiveStudents(long) [42] weeks=41
    23:43:36.217 | 346 ool-1-worker-110 | DEBUG | d.t.c.a.a.c.u.util.UserUtilService   : Generate 2 students...
    23:43:36.221 | 346 ool-1-worker-110 | DEBUG | d.t.c.a.a.c.u.util.UserUtilService   : 2 students generated. Generate 0 tutors...
    23:43:36.222 | 346 ool-1-worker-110 | DEBUG | d.t.c.a.a.c.u.util.UserUtilService   : 0 tutors generated. Generate 0 editors...
    23:43:36.223 | 346 ool-1-worker-110 | DEBUG | d.t.c.a.a.c.u.util.UserUtilService   : 0 editors generated. Generate 1 instructors...
    23:43:36.226 | 346 ool-1-worker-110 | DEBUG | d.t.c.a.a.c.u.util.UserUtilService   : 1 instructors generated
    23:43:36.227 | 346 ool-1-worker-110 | DEBUG | d.t.c.a.a.c.u.util.UserUtilService   : Removing 3 users from all courses...
    23:43:36.227 | 346 ool-1-worker-110 | DEBUG | d.t.c.a.a.c.u.util.UserUtilService   : Removing 3 users from all courses. Done
    23:43:36.227 | 346 ool-1-worker-110 | DEBUG | d.t.c.a.a.c.u.util.UserUtilService   : Save 3 users to database...
    23:43:36.230 | 346 ool-1-worker-110 | DEBUG | d.t.c.a.a.c.u.util.UserUtilService   : Save 3 users to database. Done
    23:43:36.230 | 346 ool-1-worker-110 | INFO  | i.z.t.d.l.EmbeddedDatabaseReporter   : JDBC URL to connect to 'dataSource': url='jdbc:h2:tcp://localhost:41063/mem:f240edcd-27ce-47a3-b4ab-a6a00c154135;USER=sa', scope='CourseServiceTest#testGetActiveStudents'

  Starting logs for CourseServiceTest > testGetActiveStudents(long) [43] weeks=42
    23:43:36.272 | 346 ool-1-worker-110 | DEBUG | d.t.c.a.a.c.u.util.UserUtilService   : Generate 2 students...
    23:43:36.282 | 346 ool-1-worker-110 | DEBUG | d.t.c.a.a.c.u.util.UserUtilService   : 2 students generated. Generate 0 tutors...
    23:43:36.283 | 346 ool-1-worker-110 | DEBUG | d.t.c.a.a.c.u.util.UserUtilService   : 0 tutors generated. Generate 0 editors...
    23:43:36.284 | 346 ool-1-worker-110 | DEBUG | d.t.c.a.a.c.u.util.UserUtilService   : 0 editors generated. Generate 1 instructors...
    23:43:36.293 | 346 ool-1-worker-110 | DEBUG | d.t.c.a.a.c.u.util.UserUtilService   : 1 instructors generated
    23:43:36.294 | 346 ool-1-worker-110 | DEBUG | d.t.c.a.a.c.u.util.UserUtilService   : Removing 3 users from all courses...
    23:43:36.295 | 346 ool-1-worker-110 | DEBUG | d.t.c.a.a.c.u.util.UserUtilService   : Removing 3 users from all courses. Done
    23:43:36.295 | 346 ool-1-worker-110 | DEBUG | d.t.c.a.a.c.u.util.UserUtilService   : Save 3 users to database...
    23:43:36.301 | 346 ool-1-worker-110 | DEBUG | d.t.c.a.a.c.u.util.UserUtilService   : Save 3 users to database. Done
    23:43:36.301 | 346 ool-1-worker-110 | INFO  | i.z.t.d.l.EmbeddedDatabaseReporter   : JDBC URL to connect to 'dataSource': url='jdbc:h2:tcp://localhost:41063/mem:f240edcd-27ce-47a3-b4ab-a6a00c154135;USER=sa', scope='CourseServiceTest#testGetActiveStudents'

  Starting logs for CourseServiceTest > testGetActiveStudents(long) [44] weeks=43
    23:43:36.349 | 346 ool-1-worker-110 | DEBUG | d.t.c.a.a.c.u.util.UserUtilService   : Generate 2 students...
    23:43:36.356 | 346 ool-1-worker-110 | DEBUG | d.t.c.a.a.c.u.util.UserUtilService   : 2 students generated. Generate 0 tutors...
    23:43:36.361 | 346 ool-1-worker-110 | DEBUG | d.t.c.a.a.c.u.util.UserUtilService   : 0 tutors generated. Generate 0 editors...
    23:43:36.362 | 346 ool-1-worker-110 | DEBUG | d.t.c.a.a.c.u.util.UserUtilService   : 0 editors generated. Generate 1 instructors...
    23:43:36.369 | 346 ool-1-worker-110 | DEBUG | d.t.c.a.a.c.u.util.UserUtilService   : 1 instructors generated
    23:43:36.373 | 346 ool-1-worker-110 | DEBUG | d.t.c.a.a.c.u.util.UserUtilService   : Removing 3 users from all courses...
    23:43:36.374 | 346 ool-1-worker-110 | DEBUG | d.t.c.a.a.c.u.util.UserUtilService   : Removing 3 users from all courses. Done
    23:43:36.374 | 346 ool-1-worker-110 | DEBUG | d.t.c.a.a.c.u.util.UserUtilService   : Save 3 users to database...
    23:43:36.380 | 346 ool-1-worker-110 | DEBUG | d.t.c.a.a.c.u.util.UserUtilService   : Save 3 users to database. Done
    23:43:36.380 | 346 ool-1-worker-110 | INFO  | i.z.t.d.l.EmbeddedDatabaseReporter   : JDBC URL to connect to 'dataSource': url='jdbc:h2:tcp://localhost:41063/mem:f240edcd-27ce-47a3-b4ab-a6a00c154135;USER=sa', scope='CourseServiceTest#testGetActiveStudents'

  Starting logs for CourseServiceTest > testGetActiveStudents(long) [45] weeks=44
    23:43:36.428 | 346 ool-1-worker-110 | DEBUG | d.t.c.a.a.c.u.util.UserUtilService   : Generate 2 students...
    23:43:36.435 | 346 ool-1-worker-110 | DEBUG | d.t.c.a.a.c.u.util.UserUtilService   : 2 students generated. Generate 0 tutors...
    23:43:36.439 | 346 ool-1-worker-110 | DEBUG | d.t.c.a.a.c.u.util.UserUtilService   : 0 tutors generated. Generate 0 editors...
    23:43:36.440 | 346 ool-1-worker-110 | DEBUG | d.t.c.a.a.c.u.util.UserUtilService   : 0 editors generated. Generate 1 instructors...
    23:43:36.446 | 346 ool-1-worker-110 | DEBUG | d.t.c.a.a.c.u.util.UserUtilService   : 1 instructors generated
    23:43:36.450 | 346 ool-1-worker-110 | DEBUG | d.t.c.a.a.c.u.util.UserUtilService   : Removing 3 users from all courses...
    23:43:36.451 | 346 ool-1-worker-110 | DEBUG | d.t.c.a.a.c.u.util.UserUtilService   : Removing 3 users from all courses. Done
    23:43:36.451 | 346 ool-1-worker-110 | DEBUG | d.t.c.a.a.c.u.util.UserUtilService   : Save 3 users to database...
    23:43:36.455 | 346 ool-1-worker-110 | DEBUG | d.t.c.a.a.c.u.util.UserUtilService   : Save 3 users to database. Done
    23:43:36.455 | 346 ool-1-worker-110 | INFO  | i.z.t.d.l.EmbeddedDatabaseReporter   : JDBC URL to connect to 'dataSource': url='jdbc:h2:tcp://localhost:41063/mem:f240edcd-27ce-47a3-b4ab-a6a00c154135;USER=sa', scope='CourseServiceTest#testGetActiveStudents'

  Starting logs for CourseServiceTest > testGetActiveStudents(long) [46] weeks=45
    23:43:36.486 | 346 ool-1-worker-110 | DEBUG | d.t.c.a.a.c.u.util.UserUtilService   : Generate 2 students...
    23:43:36.489 | 346 ool-1-worker-110 | DEBUG | d.t.c.a.a.c.u.util.UserUtilService   : 2 students generated. Generate 0 tutors...
    23:43:36.491 | 346 ool-1-worker-110 | DEBUG | d.t.c.a.a.c.u.util.UserUtilService   : 0 tutors generated. Generate 0 editors...
    23:43:36.492 | 346 ool-1-worker-110 | DEBUG | d.t.c.a.a.c.u.util.UserUtilService   : 0 editors generated. Generate 1 instructors...
    23:43:36.494 | 346 ool-1-worker-110 | DEBUG | d.t.c.a.a.c.u.util.UserUtilService   : 1 instructors generated
    23:43:36.495 | 346 ool-1-worker-110 | DEBUG | d.t.c.a.a.c.u.util.UserUtilService   : Removing 3 users from all courses...
    23:43:36.496 | 346 ool-1-worker-110 | DEBUG | d.t.c.a.a.c.u.util.UserUtilService   : Removing 3 users from all courses. Done
    23:43:36.496 | 346 ool-1-worker-110 | DEBUG | d.t.c.a.a.c.u.util.UserUtilService   : Save 3 users to database...
    23:43:36.499 | 346 ool-1-worker-110 | DEBUG | d.t.c.a.a.c.u.util.UserUtilService   : Save 3 users to database. Done
    23:43:36.499 | 346 ool-1-worker-110 | INFO  | i.z.t.d.l.EmbeddedDatabaseReporter   : JDBC URL to connect to 'dataSource': url='jdbc:h2:tcp://localhost:41063/mem:f240edcd-27ce-47a3-b4ab-a6a00c154135;USER=sa', scope='CourseServiceTest#testGetActiveStudents'

  Starting logs for CourseServiceTest > testGetActiveStudents(long) [47] weeks=46
    23:43:36.521 | 346 ool-1-worker-110 | DEBUG | d.t.c.a.a.c.u.util.UserUtilService   : Generate 2 students...
    23:43:36.525 | 346 ool-1-worker-110 | DEBUG | d.t.c.a.a.c.u.util.UserUtilService   : 2 students generated. Generate 0 tutors...
    23:43:36.526 | 346 ool-1-worker-110 | DEBUG | d.t.c.a.a.c.u.util.UserUtilService   : 0 tutors generated. Generate 0 editors...
    23:43:36.528 | 346 ool-1-worker-110 | DEBUG | d.t.c.a.a.c.u.util.UserUtilService   : 0 editors generated. Generate 1 instructors...
    23:43:36.530 | 346 ool-1-worker-110 | DEBUG | d.t.c.a.a.c.u.util.UserUtilService   : 1 instructors generated
    23:43:36.531 | 346 ool-1-worker-110 | DEBUG | d.t.c.a.a.c.u.util.UserUtilService   : Removing 3 users from all courses...
    23:43:36.532 | 346 ool-1-worker-110 | DEBUG | d.t.c.a.a.c.u.util.UserUtilService   : Removing 3 users from all courses. Done
    23:43:36.532 | 346 ool-1-worker-110 | DEBUG | d.t.c.a.a.c.u.util.UserUtilService   : Save 3 users to database...
    23:43:36.535 | 346 ool-1-worker-110 | DEBUG | d.t.c.a.a.c.u.util.UserUtilService   : Save 3 users to database. Done
    23:43:36.535 | 346 ool-1-worker-110 | INFO  | i.z.t.d.l.EmbeddedDatabaseReporter   : JDBC URL to connect to 'dataSource': url='jdbc:h2:tcp://localhost:41063/mem:f240edcd-27ce-47a3-b4ab-a6a00c154135;USER=sa', scope='CourseServiceTest#testGetActiveStudents'

  Starting logs for CourseServiceTest > testGetActiveStudents(long) [48] weeks=47
    23:43:36.563 | 346 ool-1-worker-110 | DEBUG | d.t.c.a.a.c.u.util.UserUtilService   : Generate 2 students...
    23:43:36.570 | 346 ool-1-worker-110 | DEBUG | d.t.c.a.a.c.u.util.UserUtilService   : 2 students generated. Generate 0 tutors...
    23:43:36.571 | 346 ool-1-worker-110 | DEBUG | d.t.c.a.a.c.u.util.UserUtilService   : 0 tutors generated. Generate 0 editors...
    23:43:36.576 | 346 ool-1-worker-110 | DEBUG | d.t.c.a.a.c.u.util.UserUtilService   : 0 editors generated. Generate 1 instructors...
    23:43:36.581 | 346 ool-1-worker-110 | DEBUG | d.t.c.a.a.c.u.util.UserUtilService   : 1 instructors generated
    23:43:36.582 | 346 ool-1-worker-110 | DEBUG | d.t.c.a.a.c.u.util.UserUtilService   : Removing 3 users from all courses...
    23:43:36.583 | 346 ool-1-worker-110 | DEBUG | d.t.c.a.a.c.u.util.UserUtilService   : Removing 3 users from all courses. Done
    23:43:36.583 | 346 ool-1-worker-110 | DEBUG | d.t.c.a.a.c.u.util.UserUtilService   : Save 3 users to database...
    23:43:36.591 | 346 ool-1-worker-110 | DEBUG | d.t.c.a.a.c.u.util.UserUtilService   : Save 3 users to database. Done
    23:43:36.591 | 346 ool-1-worker-110 | INFO  | i.z.t.d.l.EmbeddedDatabaseReporter   : JDBC URL to connect to 'dataSource': url='jdbc:h2:tcp://localhost:41063/mem:f240edcd-27ce-47a3-b4ab-a6a00c154135;USER=sa', scope='CourseServiceTest#testGetActiveStudents'

  Starting logs for CourseServiceTest > testGetActiveStudents(long) [49] weeks=48
    23:43:36.639 | 346 ool-1-worker-110 | DEBUG | d.t.c.a.a.c.u.util.UserUtilService   : Generate 2 students...
    23:43:36.651 | 346 ool-1-worker-110 | DEBUG | d.t.c.a.a.c.u.util.UserUtilService   : 2 students generated. Generate 0 tutors...
    23:43:36.652 | 346 ool-1-worker-110 | DEBUG | d.t.c.a.a.c.u.util.UserUtilService   : 0 tutors generated. Generate 0 editors...
    23:43:36.656 | 346 ool-1-worker-110 | DEBUG | d.t.c.a.a.c.u.util.UserUtilService   : 0 editors generated. Generate 1 instructors...
    23:43:36.663 | 346 ool-1-worker-110 | DEBUG | d.t.c.a.a.c.u.util.UserUtilService   : 1 instructors generated
    23:43:36.665 | 346 ool-1-worker-110 | DEBUG | d.t.c.a.a.c.u.util.UserUtilService   : Removing 3 users from all courses...
    23:43:36.665 | 346 ool-1-worker-110 | DEBUG | d.t.c.a.a.c.u.util.UserUtilService   : Removing 3 users from all courses. Done
    23:43:36.665 | 346 ool-1-worker-110 | DEBUG | d.t.c.a.a.c.u.util.UserUtilService   : Save 3 users to database...
    23:43:36.674 | 346 ool-1-worker-110 | DEBUG | d.t.c.a.a.c.u.util.UserUtilService   : Save 3 users to database. Done
    23:43:36.674 | 346 ool-1-worker-110 | INFO  | i.z.t.d.l.EmbeddedDatabaseReporter   : JDBC URL to connect to 'dataSource': url='jdbc:h2:tcp://localhost:41063/mem:f240edcd-27ce-47a3-b4ab-a6a00c154135;USER=sa', scope='CourseServiceTest#testGetActiveStudents'

  Starting logs for CourseServiceTest > testGetActiveStudents(long) [50] weeks=49
    23:43:36.727 | 346 ool-1-worker-110 | DEBUG | d.t.c.a.a.c.u.util.UserUtilService   : Generate 2 students...
    23:43:36.736 | 346 ool-1-worker-110 | DEBUG | d.t.c.a.a.c.u.util.UserUtilService   : 2 students generated. Generate 0 tutors...
    23:43:36.738 | 346 ool-1-worker-110 | DEBUG | d.t.c.a.a.c.u.util.UserUtilService   : 0 tutors generated. Generate 0 editors...
    23:43:36.739 | 346 ool-1-worker-110 | DEBUG | d.t.c.a.a.c.u.util.UserUtilService   : 0 editors generated. Generate 1 instructors...
    23:43:36.751 | 346 ool-1-worker-110 | DEBUG | d.t.c.a.a.c.u.util.UserUtilService   : 1 instructors generated
    23:43:36.756 | 346 ool-1-worker-110 | DEBUG | d.t.c.a.a.c.u.util.UserUtilService   : Removing 3 users from all courses...
    23:43:36.756 | 346 ool-1-worker-110 | DEBUG | d.t.c.a.a.c.u.util.UserUtilService   : Removing 3 users from all courses. Done
    23:43:36.756 | 346 ool-1-worker-110 | DEBUG | d.t.c.a.a.c.u.util.UserUtilService   : Save 3 users to database...
    23:43:36.764 | 346 ool-1-worker-110 | DEBUG | d.t.c.a.a.c.u.util.UserUtilService   : Save 3 users to database. Done
    23:43:36.764 | 346 ool-1-worker-110 | INFO  | i.z.t.d.l.EmbeddedDatabaseReporter   : JDBC URL to connect to 'dataSource': url='jdbc:h2:tcp://localhost:41063/mem:f240edcd-27ce-47a3-b4ab-a6a00c154135;USER=sa', scope='CourseServiceTest#testGetActiveStudents'

  Starting logs for CourseServiceTest > testGetActiveStudents(long) [51] weeks=50
    23:43:36.816 | 346 ool-1-worker-110 | DEBUG | d.t.c.a.a.c.u.util.UserUtilService   : Generate 2 students...
    23:43:36.833 | 346 ool-1-worker-110 | DEBUG | d.t.c.a.a.c.u.util.UserUtilService   : 2 students generated. Generate 0 tutors...
    23:43:36.834 | 346 ool-1-worker-110 | DEBUG | d.t.c.a.a.c.u.util.UserUtilService   : 0 tutors generated. Generate 0 editors...
    23:43:36.836 | 346 ool-1-worker-110 | DEBUG | d.t.c.a.a.c.u.util.UserUtilService   : 0 editors generated. Generate 1 instructors...
    23:43:36.848 | 346 ool-1-worker-110 | DEBUG | d.t.c.a.a.c.u.util.UserUtilService   : 1 instructors generated
    23:43:36.849 | 346 ool-1-worker-110 | DEBUG | d.t.c.a.a.c.u.util.UserUtilService   : Removing 3 users from all courses...
    23:43:36.852 | 346 ool-1-worker-110 | DEBUG | d.t.c.a.a.c.u.util.UserUtilService   : Removing 3 users from all courses. Done
    23:43:36.852 | 346 ool-1-worker-110 | DEBUG | d.t.c.a.a.c.u.util.UserUtilService   : Save 3 users to database...
    23:43:36.858 | 346 ool-1-worker-110 | DEBUG | d.t.c.a.a.c.u.util.UserUtilService   : Save 3 users to database. Done
    23:43:36.858 | 346 ool-1-worker-110 | INFO  | i.z.t.d.l.EmbeddedDatabaseReporter   : JDBC URL to connect to 'dataSource': url='jdbc:h2:tcp://localhost:41063/mem:f240edcd-27ce-47a3-b4ab-a6a00c154135;USER=sa', scope='CourseServiceTest#testGetActiveStudents'

  Starting logs for CourseServiceTest > testGetActiveStudents(long) [52] weeks=51
    23:43:36.898 | 346 ool-1-worker-110 | DEBUG | d.t.c.a.a.c.u.util.UserUtilService   : Generate 2 students...
    23:43:36.906 | 346 ool-1-worker-110 | DEBUG | d.t.c.a.a.c.u.util.UserUtilService   : 2 students generated. Generate 0 tutors...
    23:43:36.909 | 346 ool-1-worker-110 | DEBUG | d.t.c.a.a.c.u.util.UserUtilService   : 0 tutors generated. Generate 0 editors...
    23:43:36.911 | 346 ool-1-worker-110 | DEBUG | d.t.c.a.a.c.u.util.UserUtilService   : 0 editors generated. Generate 1 instructors...
    23:43:36.918 | 346 ool-1-worker-110 | DEBUG | d.t.c.a.a.c.u.util.UserUtilService   : 1 instructors generated
    23:43:36.919 | 346 ool-1-worker-110 | DEBUG | d.t.c.a.a.c.u.util.UserUtilService   : Removing 3 users from all courses...
    23:43:36.920 | 346 ool-1-worker-110 | DEBUG | d.t.c.a.a.c.u.util.UserUtilService   : Removing 3 users from all courses. Done
    23:43:36.920 | 346 ool-1-worker-110 | DEBUG | d.t.c.a.a.c.u.util.UserUtilService   : Save 3 users to database...
    23:43:36.926 | 346 ool-1-worker-110 | DEBUG | d.t.c.a.a.c.u.util.UserUtilService   : Save 3 users to database. Done
    23:43:36.927 | 346 ool-1-worker-110 | INFO  | i.z.t.d.l.EmbeddedDatabaseReporter   : JDBC URL to connect to 'dataSource': url='jdbc:h2:tcp://localhost:41063/mem:f240edcd-27ce-47a3-b4ab-a6a00c154135;USER=sa', scope='CourseServiceTest#testGetActiveStudents'

  Starting logs for CourseServiceTest > testGetActiveStudents(long) [53] weeks=52
    23:43:36.970 | 346 ool-1-worker-110 | DEBUG | d.t.c.a.a.c.u.util.UserUtilService   : Generate 2 students...
    23:43:36.976 | 346 ool-1-worker-110 | DEBUG | d.t.c.a.a.c.u.util.UserUtilService   : 2 students generated. Generate 0 tutors...
    23:43:36.978 | 346 ool-1-worker-110 | DEBUG | d.t.c.a.a.c.u.util.UserUtilService   : 0 tutors generated. Generate 0 editors...
    23:43:36.980 | 346 ool-1-worker-110 | DEBUG | d.t.c.a.a.c.u.util.UserUtilService   : 0 editors generated. Generate 1 instructors...
    23:43:36.982 | 346 ool-1-worker-110 | DEBUG | d.t.c.a.a.c.u.util.UserUtilService   : 1 instructors generated
    23:43:36.983 | 346 ool-1-worker-110 | DEBUG | d.t.c.a.a.c.u.util.UserUtilService   : Removing 3 users from all courses...
    23:43:36.984 | 346 ool-1-worker-110 | DEBUG | d.t.c.a.a.c.u.util.UserUtilService   : Removing 3 users from all courses. Done
    23:43:36.984 | 346 ool-1-worker-110 | DEBUG | d.t.c.a.a.c.u.util.UserUtilService   : Save 3 users to database...
    23:43:36.986 | 346 ool-1-worker-110 | DEBUG | d.t.c.a.a.c.u.util.UserUtilService   : Save 3 users to database. Done
    23:43:36.987 | 346 ool-1-worker-110 | INFO  | i.z.t.d.l.EmbeddedDatabaseReporter   : JDBC URL to connect to 'dataSource': url='jdbc:h2:tcp://localhost:41063/mem:f240edcd-27ce-47a3-b4ab-a6a00c154135;USER=sa', scope='CourseServiceTest#testGetActiveStudents'

  Starting logs for CourseServiceTest > testGetActiveStudents(long) [54] weeks=53
    23:43:37.012 | 346 ool-1-worker-110 | DEBUG | d.t.c.a.a.c.u.util.UserUtilService   : Generate 2 students...
    23:43:37.016 | 346 ool-1-worker-110 | DEBUG | d.t.c.a.a.c.u.util.UserUtilService   : 2 students generated. Generate 0 tutors...
    23:43:37.017 | 346 ool-1-worker-110 | DEBUG | d.t.c.a.a.c.u.util.UserUtilService   : 0 tutors generated. Generate 0 editors...
    23:43:37.019 | 346 ool-1-worker-110 | DEBUG | d.t.c.a.a.c.u.util.UserUtilService   : 0 editors generated. Generate 1 instructors...
    23:43:37.022 | 346 ool-1-worker-110 | DEBUG | d.t.c.a.a.c.u.util.UserUtilService   : 1 instructors generated
    23:43:37.023 | 346 ool-1-worker-110 | DEBUG | d.t.c.a.a.c.u.util.UserUtilService   : Removing 3 users from all courses...
    23:43:37.023 | 346 ool-1-worker-110 | DEBUG | d.t.c.a.a.c.u.util.UserUtilService   : Removing 3 users from all courses. Done
    23:43:37.023 | 346 ool-1-worker-110 | DEBUG | d.t.c.a.a.c.u.util.UserUtilService   : Save 3 users to database...
    23:43:37.027 | 346 ool-1-worker-110 | DEBUG | d.t.c.a.a.c.u.util.UserUtilService   : Save 3 users to database. Done
    23:43:37.030 | 346 ool-1-worker-110 | INFO  | i.z.t.d.l.EmbeddedDatabaseReporter   : JDBC URL to connect to 'dataSource': url='jdbc:h2:tcp://localhost:41063/mem:f240edcd-27ce-47a3-b4ab-a6a00c154135;USER=sa', scope='CourseServiceTest#testGetActiveStudents'

  Starting logs for CourseServiceTest > testGetActiveStudents(long) [55] weeks=54
    23:43:37.063 | 346 ool-1-worker-110 | DEBUG | d.t.c.a.a.c.u.util.UserUtilService   : Generate 2 students...
    23:43:37.070 | 346 ool-1-worker-110 | DEBUG | d.t.c.a.a.c.u.util.UserUtilService   : 2 students generated. Generate 0 tutors...
    23:43:37.071 | 346 ool-1-worker-110 | DEBUG | d.t.c.a.a.c.u.util.UserUtilService   : 0 tutors generated. Generate 0 editors...
    23:43:37.075 | 346 ool-1-worker-110 | DEBUG | d.t.c.a.a.c.u.util.UserUtilService   : 0 editors generated. Generate 1 instructors...
    23:43:37.082 | 346 ool-1-worker-110 | DEBUG | d.t.c.a.a.c.u.util.UserUtilService   : 1 instructors generated
    23:43:37.083 | 346 ool-1-worker-110 | DEBUG | d.t.c.a.a.c.u.util.UserUtilService   : Removing 3 users from all courses...
    23:43:37.086 | 346 ool-1-worker-110 | DEBUG | d.t.c.a.a.c.u.util.UserUtilService   : Removing 3 users from all courses. Done
    23:43:37.086 | 346 ool-1-worker-110 | DEBUG | d.t.c.a.a.c.u.util.UserUtilService   : Save 3 users to database...
    23:43:37.092 | 346 ool-1-worker-110 | DEBUG | d.t.c.a.a.c.u.util.UserUtilService   : Save 3 users to database. Done
    23:43:37.092 | 346 ool-1-worker-110 | INFO  | i.z.t.d.l.EmbeddedDatabaseReporter   : JDBC URL to connect to 'dataSource': url='jdbc:h2:tcp://localhost:41063/mem:f240edcd-27ce-47a3-b4ab-a6a00c154135;USER=sa', scope='CourseServiceTest#testGetActiveStudents'

  Starting logs for CourseServiceTest > testGetActiveStudents(long) [56] weeks=55
    23:43:37.135 | 346 ool-1-worker-110 | DEBUG | d.t.c.a.a.c.u.util.UserUtilService   : Generate 2 students...
    23:43:37.141 | 346 ool-1-worker-110 | DEBUG | d.t.c.a.a.c.u.util.UserUtilService   : 2 students generated. Generate 0 tutors...
    23:43:37.146 | 346 ool-1-worker-110 | DEBUG | d.t.c.a.a.c.u.util.UserUtilService   : 0 tutors generated. Generate 0 editors...
    23:43:37.149 | 346 ool-1-worker-110 | DEBUG | d.t.c.a.a.c.u.util.UserUtilService   : 0 editors generated. Generate 1 instructors...
    23:43:37.157 | 346 ool-1-worker-110 | DEBUG | d.t.c.a.a.c.u.util.UserUtilService   : 1 instructors generated
    23:43:37.158 | 346 ool-1-worker-110 | DEBUG | d.t.c.a.a.c.u.util.UserUtilService   : Removing 3 users from all courses...
    23:43:37.160 | 346 ool-1-worker-110 | DEBUG | d.t.c.a.a.c.u.util.UserUtilService   : Removing 3 users from all courses. Done
    23:43:37.160 | 346 ool-1-worker-110 | DEBUG | d.t.c.a.a.c.u.util.UserUtilService   : Save 3 users to database...
    23:43:37.166 | 346 ool-1-worker-110 | DEBUG | d.t.c.a.a.c.u.util.UserUtilService   : Save 3 users to database. Done
    23:43:37.169 | 346 ool-1-worker-110 | INFO  | i.z.t.d.l.EmbeddedDatabaseReporter   : JDBC URL to connect to 'dataSource': url='jdbc:h2:tcp://localhost:41063/mem:f240edcd-27ce-47a3-b4ab-a6a00c154135;USER=sa', scope='CourseServiceTest#testGetActiveStudents'

  Starting logs for CourseServiceTest > testGetActiveStudents(long) [57] weeks=56
    23:43:37.215 | 346 ool-1-worker-110 | DEBUG | d.t.c.a.a.c.u.util.UserUtilService   : Generate 2 students...
    23:43:37.221 | 346 ool-1-worker-110 | DEBUG | d.t.c.a.a.c.u.util.UserUtilService   : 2 students generated. Generate 0 tutors...
    23:43:37.223 | 346 ool-1-worker-110 | DEBUG | d.t.c.a.a.c.u.util.UserUtilService   : 0 tutors generated. Generate 0 editors...
    23:43:37.224 | 346 ool-1-worker-110 | DEBUG | d.t.c.a.a.c.u.util.UserUtilService   : 0 editors generated. Generate 1 instructors...
    23:43:37.227 | 346 ool-1-worker-110 | DEBUG | d.t.c.a.a.c.u.util.UserUtilService   : 1 instructors generated
    23:43:37.228 | 346 ool-1-worker-110 | DEBUG | d.t.c.a.a.c.u.util.UserUtilService   : Removing 3 users from all courses...
    23:43:37.229 | 346 ool-1-worker-110 | DEBUG | d.t.c.a.a.c.u.util.UserUtilService   : Removing 3 users from all courses. Done
    23:43:37.229 | 346 ool-1-worker-110 | DEBUG | d.t.c.a.a.c.u.util.UserUtilService   : Save 3 users to database...
    23:43:37.232 | 346 ool-1-worker-110 | DEBUG | d.t.c.a.a.c.u.util.UserUtilService   : Save 3 users to database. Done
    23:43:37.232 | 346 ool-1-worker-110 | INFO  | i.z.t.d.l.EmbeddedDatabaseReporter   : JDBC URL to connect to 'dataSource': url='jdbc:h2:tcp://localhost:41063/mem:f240edcd-27ce-47a3-b4ab-a6a00c154135;USER=sa', scope='CourseServiceTest#testGetActiveStudents'

  Starting logs for CourseServiceTest > testGetActiveStudents(long) [58] weeks=57
    23:43:37.255 | 346 ool-1-worker-110 | DEBUG | d.t.c.a.a.c.u.util.UserUtilService   : Generate 2 students...
    23:43:37.259 | 346 ool-1-worker-110 | DEBUG | d.t.c.a.a.c.u.util.UserUtilService   : 2 students generated. Generate 0 tutors...
    23:43:37.260 | 346 ool-1-worker-110 | DEBUG | d.t.c.a.a.c.u.util.UserUtilService   : 0 tutors generated. Generate 0 editors...
    23:43:37.262 | 346 ool-1-worker-110 | DEBUG | d.t.c.a.a.c.u.util.UserUtilService   : 0 editors generated. Generate 1 instructors...
    23:43:37.265 | 346 ool-1-worker-110 | DEBUG | d.t.c.a.a.c.u.util.UserUtilService   : 1 instructors generated
    23:43:37.266 | 346 ool-1-worker-110 | DEBUG | d.t.c.a.a.c.u.util.UserUtilService   : Removing 3 users from all courses...
    23:43:37.266 | 346 ool-1-worker-110 | DEBUG | d.t.c.a.a.c.u.util.UserUtilService   : Removing 3 users from all courses. Done
    23:43:37.266 | 346 ool-1-worker-110 | DEBUG | d.t.c.a.a.c.u.util.UserUtilService   : Save 3 users to database...
    23:43:37.269 | 346 ool-1-worker-110 | DEBUG | d.t.c.a.a.c.u.util.UserUtilService   : Save 3 users to database. Done
    23:43:37.269 | 346 ool-1-worker-110 | INFO  | i.z.t.d.l.EmbeddedDatabaseReporter   : JDBC URL to connect to 'dataSource': url='jdbc:h2:tcp://localhost:41063/mem:f240edcd-27ce-47a3-b4ab-a6a00c154135;USER=sa', scope='CourseServiceTest#testGetActiveStudents'

  Starting logs for CourseServiceTest > testGetActiveStudents(long) [59] weeks=58
    23:43:37.293 | 346 ool-1-worker-110 | DEBUG | d.t.c.a.a.c.u.util.UserUtilService   : Generate 2 students...
    23:43:37.297 | 346 ool-1-worker-110 | DEBUG | d.t.c.a.a.c.u.util.UserUtilService   : 2 students generated. Generate 0 tutors...
    23:43:37.299 | 346 ool-1-worker-110 | DEBUG | d.t.c.a.a.c.u.util.UserUtilService   : 0 tutors generated. Generate 0 editors...
    23:43:37.300 | 346 ool-1-worker-110 | DEBUG | d.t.c.a.a.c.u.util.UserUtilService   : 0 editors generated. Generate 1 instructors...
    23:43:37.303 | 346 ool-1-worker-110 | DEBUG | d.t.c.a.a.c.u.util.UserUtilService   : 1 instructors generated
    23:43:37.304 | 346 ool-1-worker-110 | DEBUG | d.t.c.a.a.c.u.util.UserUtilService   : Removing 3 users from all courses...
    23:43:37.305 | 346 ool-1-worker-110 | DEBUG | d.t.c.a.a.c.u.util.UserUtilService   : Removing 3 users from all courses. Done
    23:43:37.305 | 346 ool-1-worker-110 | DEBUG | d.t.c.a.a.c.u.util.UserUtilService   : Save 3 users to database...
    23:43:37.308 | 346 ool-1-worker-110 | DEBUG | d.t.c.a.a.c.u.util.UserUtilService   : Save 3 users to database. Done
    23:43:37.308 | 346 ool-1-worker-110 | INFO  | i.z.t.d.l.EmbeddedDatabaseReporter   : JDBC URL to connect to 'dataSource': url='jdbc:h2:tcp://localhost:41063/mem:f240edcd-27ce-47a3-b4ab-a6a00c154135;USER=sa', scope='CourseServiceTest#testGetActiveStudents'

  Starting logs for CourseServiceTest > testGetActiveStudents(long) [60] weeks=59
    23:43:37.331 | 346 ool-1-worker-110 | DEBUG | d.t.c.a.a.c.u.util.UserUtilService   : Generate 2 students...
    23:43:37.335 | 346 ool-1-worker-110 | DEBUG | d.t.c.a.a.c.u.util.UserUtilService   : 2 students generated. Generate 0 tutors...
    23:43:37.336 | 346 ool-1-worker-110 | DEBUG | d.t.c.a.a.c.u.util.UserUtilService   : 0 tutors generated. Generate 0 editors...
    23:43:37.338 | 346 ool-1-worker-110 | DEBUG | d.t.c.a.a.c.u.util.UserUtilService   : 0 editors generated. Generate 1 instructors...
    23:43:37.340 | 346 ool-1-worker-110 | DEBUG | d.t.c.a.a.c.u.util.UserUtilService   : 1 instructors generated
    23:43:37.342 | 346 ool-1-worker-110 | DEBUG | d.t.c.a.a.c.u.util.UserUtilService   : Removing 3 users from all courses...
    23:43:37.342 | 346 ool-1-worker-110 | DEBUG | d.t.c.a.a.c.u.util.UserUtilService   : Removing 3 users from all courses. Done
    23:43:37.342 | 346 ool-1-worker-110 | DEBUG | d.t.c.a.a.c.u.util.UserUtilService   : Save 3 users to database...
    23:43:37.345 | 346 ool-1-worker-110 | DEBUG | d.t.c.a.a.c.u.util.UserUtilService   : Save 3 users to database. Done
    23:43:37.345 | 346 ool-1-worker-110 | INFO  | i.z.t.d.l.EmbeddedDatabaseReporter   : JDBC URL to connect to 'dataSource': url='jdbc:h2:tcp://localhost:41063/mem:f240edcd-27ce-47a3-b4ab-a6a00c154135;USER=sa', scope='CourseServiceTest#testGetActiveStudents'

  Starting logs for CourseServiceTest > testDeletionSummary()
    23:43:37.373 | 346 ool-1-worker-110 | DEBUG | d.t.c.a.a.c.u.util.UserUtilService   : Generate 2 students...
    23:43:37.377 | 346 ool-1-worker-110 | DEBUG | d.t.c.a.a.c.u.util.UserUtilService   : 2 students generated. Generate 0 tutors...
    23:43:37.378 | 346 ool-1-worker-110 | DEBUG | d.t.c.a.a.c.u.util.UserUtilService   : 0 tutors generated. Generate 0 editors...
    23:43:37.379 | 346 ool-1-worker-110 | DEBUG | d.t.c.a.a.c.u.util.UserUtilService   : 0 editors generated. Generate 1 instructors...
    23:43:37.382 | 346 ool-1-worker-110 | DEBUG | d.t.c.a.a.c.u.util.UserUtilService   : 1 instructors generated
    23:43:37.383 | 346 ool-1-worker-110 | DEBUG | d.t.c.a.a.c.u.util.UserUtilService   : Removing 3 users from all courses...
    23:43:37.384 | 346 ool-1-worker-110 | DEBUG | d.t.c.a.a.c.u.util.UserUtilService   : Removing 3 users from all courses. Done
    23:43:37.384 | 346 ool-1-worker-110 | DEBUG | d.t.c.a.a.c.u.util.UserUtilService   : Save 3 users to database...
    23:43:37.387 | 346 ool-1-worker-110 | DEBUG | d.t.c.a.a.c.u.util.UserUtilService   : Save 3 users to database. Done
    23:43:37.387 | 346 ool-1-worker-110 | INFO  | i.z.t.d.l.EmbeddedDatabaseReporter   : JDBC URL to connect to 'dataSource': url='jdbc:h2:tcp://localhost:41063/mem:f240edcd-27ce-47a3-b4ab-a6a00c154135;USER=sa', scope='CourseServiceTest#testDeletionSummary'
    23:43:37.427 | 346 ool-1-worker-110 | DEBUG | PersonalAccessTokenManagementService : Generate secure vcs access token
    23:43:37.439 | 346 ool-1-worker-110 | DEBUG | .c.s.m.InstanceMessageReceiveService : Received schedule participant score for exercise 381 and participant 43 (result to be deleted: null)
    23:43:37.439 | 346 ool-1-worker-110 | DEBUG | .a.s.ParticipantScoreScheduleService : Scheduled task for exercise 381 and participant 43 at 2025-02-14T23:43:37.539446915Z[Etc/UTC].

Finished logs for CourseServiceTest
]]></system-out>
  <system-err><![CDATA[]]></system-err>
</testsuite>
