<?xml version="1.0" encoding="UTF-8"?>
<testsuite name="de.tum.cit.aet.artemis.programming.BuildPlanIntegrationTest" tests="13" skipped="0" failures="0" errors="0" timestamp="2025-02-14T23:44:03" hostname="fv-az1721-502" time="0.708">
  <properties/>
  <testcase name="testPublicReadAccessWithSecret()" classname="de.tum.cit.aet.artemis.programming.BuildPlanIntegrationTest" time="0.056"/>
  <testcase name="testBuildTrigger()" classname="de.tum.cit.aet.artemis.programming.BuildPlanIntegrationTest" time="0.059"/>
  <testcase name="testWriteAccessForEditor()" classname="de.tum.cit.aet.artemis.programming.BuildPlanIntegrationTest" time="0.055"/>
  <testcase name="testWriteAccessForbiddenForTutor()" classname="de.tum.cit.aet.artemis.programming.BuildPlanIntegrationTest" time="0.045"/>
  <testcase name="testWriteAccessForbiddenForStudent()" classname="de.tum.cit.aet.artemis.programming.BuildPlanIntegrationTest" time="0.042"/>
  <testcase name="testReadAccessForbiddenForStudent()" classname="de.tum.cit.aet.artemis.programming.BuildPlanIntegrationTest" time="0.047"/>
  <testcase name="testGetRequestResponse()" classname="de.tum.cit.aet.artemis.programming.BuildPlanIntegrationTest" time="0.047"/>
  <testcase name="testReadAccessForEditor()" classname="de.tum.cit.aet.artemis.programming.BuildPlanIntegrationTest" time="0.05"/>
  <testcase name="testPublicReadAccessForbiddenWithoutSecret()" classname="de.tum.cit.aet.artemis.programming.BuildPlanIntegrationTest" time="0.047"/>
  <testcase name="testPublicReadAccessForbiddenWithWrongSecret()" classname="de.tum.cit.aet.artemis.programming.BuildPlanIntegrationTest" time="0.063"/>
  <testcase name="testReadAccessForInstructor()" classname="de.tum.cit.aet.artemis.programming.BuildPlanIntegrationTest" time="0.053"/>
  <testcase name="testWriteAccessForInstructor()" classname="de.tum.cit.aet.artemis.programming.BuildPlanIntegrationTest" time="0.08"/>
  <testcase name="testReadAccessForbiddenForTutor()" classname="de.tum.cit.aet.artemis.programming.BuildPlanIntegrationTest" time="0.041"/>
  <system-out><![CDATA[
Starting logs for BuildPlanIntegrationTest

  Starting logs for BuildPlanIntegrationTest > testPublicReadAccessWithSecret()
    23:44:03.887 | 439 ool-1-worker-203 | DEBUG | d.t.c.a.a.c.u.util.UserUtilService   : Generate 1 students...
    23:44:03.888 | 439 ool-1-worker-203 | DEBUG | d.t.c.a.a.c.u.util.UserUtilService   : 1 students generated. Generate 1 tutors...
    23:44:03.893 | 439 ool-1-worker-203 | DEBUG | d.t.c.a.a.c.u.util.UserUtilService   : 1 tutors generated. Generate 1 editors...
    23:44:03.897 | 439 ool-1-worker-203 | DEBUG | d.t.c.a.a.c.u.util.UserUtilService   : 1 editors generated. Generate 1 instructors...
    23:44:03.899 | 439 ool-1-worker-203 | DEBUG | d.t.c.a.a.c.u.util.UserUtilService   : 1 instructors generated
    23:44:03.901 | 439 ool-1-worker-203 | DEBUG | d.t.c.a.a.c.u.util.UserUtilService   : Removing 4 users from all courses...
    23:44:03.901 | 439 ool-1-worker-203 | DEBUG | d.t.c.a.a.c.u.util.UserUtilService   : Removing 4 users from all courses. Done
    23:44:03.901 | 439 ool-1-worker-203 | DEBUG | d.t.c.a.a.c.u.util.UserUtilService   : Save 4 users to database...
    23:44:03.903 | 439 ool-1-worker-203 | DEBUG | d.t.c.a.a.c.u.util.UserUtilService   : Save 4 users to database. Done
    23:44:03.913 | 439 ool-1-worker-203 | INFO  | i.z.t.d.l.EmbeddedDatabaseReporter   : JDBC URL to connect to 'dataSource': url='jdbc:h2:tcp://localhost:41063/mem:736625c0-cf5e-400d-aeaa-8a7eabd6262b;USER=sa', scope='BuildPlanIntegrationTest#testPublicReadAccessWithSecret'
    23:44:03.914 | 439 ool-1-worker-203 | DEBUG | d.t.c.a.a.c.s.f.ApiVersionFilter     : Adding Version to Request GET /api/public/programming-exercises/2369/build-plan
    23:44:03.915 | 439 ool-1-worker-203 | DEBUG | .c.a.a.p.w.o.PublicBuildPlanResource : REST request to get build plan for programming exercise with id 2369

  Starting logs for BuildPlanIntegrationTest > testBuildTrigger()
    23:44:03.933 | 439 ool-1-worker-203 | DEBUG | d.t.c.a.a.c.u.util.UserUtilService   : Generate 1 students...
    23:44:03.935 | 439 ool-1-worker-203 | DEBUG | d.t.c.a.a.c.u.util.UserUtilService   : 1 students generated. Generate 1 tutors...
    23:44:03.938 | 439 ool-1-worker-203 | DEBUG | d.t.c.a.a.c.u.util.UserUtilService   : 1 tutors generated. Generate 1 editors...
    23:44:03.941 | 439 ool-1-worker-203 | DEBUG | d.t.c.a.a.c.u.util.UserUtilService   : 1 editors generated. Generate 1 instructors...
    23:44:03.943 | 439 ool-1-worker-203 | DEBUG | d.t.c.a.a.c.u.util.UserUtilService   : 1 instructors generated
    23:44:03.945 | 439 ool-1-worker-203 | DEBUG | d.t.c.a.a.c.u.util.UserUtilService   : Removing 4 users from all courses...
    23:44:03.946 | 439 ool-1-worker-203 | DEBUG | d.t.c.a.a.c.u.util.UserUtilService   : Removing 4 users from all courses. Done
    23:44:03.946 | 439 ool-1-worker-203 | DEBUG | d.t.c.a.a.c.u.util.UserUtilService   : Save 4 users to database...
    23:44:03.953 | 439 ool-1-worker-203 | DEBUG | d.t.c.a.a.c.u.util.UserUtilService   : Save 4 users to database. Done
    23:44:03.963 | 439 ool-1-worker-203 | INFO  | i.z.t.d.l.EmbeddedDatabaseReporter   : JDBC URL to connect to 'dataSource': url='jdbc:h2:tcp://localhost:41063/mem:736625c0-cf5e-400d-aeaa-8a7eabd6262b;USER=sa', scope='BuildPlanIntegrationTest#testBuildTrigger'
    23:44:03.965 | 439 ool-1-worker-203 | DEBUG | d.t.c.a.a.c.s.f.ApiVersionFilter     : Adding Version to Request PUT /api/programming-exercises/2370/build-plan
    23:44:03.966 | 439 ool-1-worker-203 | DEBUG | d.t.c.a.a.p.w.l.BuildPlanResource    : REST request to set build plan for programming exercise with id 2370

  Starting logs for BuildPlanIntegrationTest > testWriteAccessForEditor()
    23:44:03.993 | 439 ool-1-worker-203 | DEBUG | d.t.c.a.a.c.u.util.UserUtilService   : Generate 1 students...
    23:44:03.996 | 439 ool-1-worker-203 | DEBUG | d.t.c.a.a.c.u.util.UserUtilService   : 1 students generated. Generate 1 tutors...
    23:44:03.998 | 439 ool-1-worker-203 | DEBUG | d.t.c.a.a.c.u.util.UserUtilService   : 1 tutors generated. Generate 1 editors...
    23:44:04.001 | 439 ool-1-worker-203 | DEBUG | d.t.c.a.a.c.u.util.UserUtilService   : 1 editors generated. Generate 1 instructors...
    23:44:04.004 | 439 ool-1-worker-203 | DEBUG | d.t.c.a.a.c.u.util.UserUtilService   : 1 instructors generated
    23:44:04.005 | 439 ool-1-worker-203 | DEBUG | d.t.c.a.a.c.u.util.UserUtilService   : Removing 4 users from all courses...
    23:44:04.006 | 439 ool-1-worker-203 | DEBUG | d.t.c.a.a.c.u.util.UserUtilService   : Removing 4 users from all courses. Done
    23:44:04.006 | 439 ool-1-worker-203 | DEBUG | d.t.c.a.a.c.u.util.UserUtilService   : Save 4 users to database...
    23:44:04.010 | 439 ool-1-worker-203 | DEBUG | d.t.c.a.a.c.u.util.UserUtilService   : Save 4 users to database. Done
    23:44:04.019 | 439 ool-1-worker-203 | INFO  | i.z.t.d.l.EmbeddedDatabaseReporter   : JDBC URL to connect to 'dataSource': url='jdbc:h2:tcp://localhost:41063/mem:736625c0-cf5e-400d-aeaa-8a7eabd6262b;USER=sa', scope='BuildPlanIntegrationTest#testWriteAccessForEditor'
    23:44:04.021 | 439 ool-1-worker-203 | DEBUG | d.t.c.a.a.c.s.f.ApiVersionFilter     : Adding Version to Request PUT /api/programming-exercises/2371/build-plan
    23:44:04.021 | 439 ool-1-worker-203 | DEBUG | d.t.c.a.a.p.w.l.BuildPlanResource    : REST request to set build plan for programming exercise with id 2371

  Starting logs for BuildPlanIntegrationTest > testWriteAccessForbiddenForTutor()
    23:44:04.051 | 439 ool-1-worker-203 | DEBUG | d.t.c.a.a.c.u.util.UserUtilService   : Generate 1 students...
    23:44:04.054 | 439 ool-1-worker-203 | DEBUG | d.t.c.a.a.c.u.util.UserUtilService   : 1 students generated. Generate 1 tutors...
    23:44:04.056 | 439 ool-1-worker-203 | DEBUG | d.t.c.a.a.c.u.util.UserUtilService   : 1 tutors generated. Generate 1 editors...
    23:44:04.059 | 439 ool-1-worker-203 | DEBUG | d.t.c.a.a.c.u.util.UserUtilService   : 1 editors generated. Generate 1 instructors...
    23:44:04.062 | 439 ool-1-worker-203 | DEBUG | d.t.c.a.a.c.u.util.UserUtilService   : 1 instructors generated
    23:44:04.063 | 439 ool-1-worker-203 | DEBUG | d.t.c.a.a.c.u.util.UserUtilService   : Removing 4 users from all courses...
    23:44:04.064 | 439 ool-1-worker-203 | DEBUG | d.t.c.a.a.c.u.util.UserUtilService   : Removing 4 users from all courses. Done
    23:44:04.064 | 439 ool-1-worker-203 | DEBUG | d.t.c.a.a.c.u.util.UserUtilService   : Save 4 users to database...
    23:44:04.068 | 439 ool-1-worker-203 | DEBUG | d.t.c.a.a.c.u.util.UserUtilService   : Save 4 users to database. Done
    23:44:04.079 | 439 ool-1-worker-203 | INFO  | i.z.t.d.l.EmbeddedDatabaseReporter   : JDBC URL to connect to 'dataSource': url='jdbc:h2:tcp://localhost:41063/mem:736625c0-cf5e-400d-aeaa-8a7eabd6262b;USER=sa', scope='BuildPlanIntegrationTest#testWriteAccessForbiddenForTutor'
    23:44:04.081 | 439 ool-1-worker-203 | DEBUG | d.t.c.a.a.c.s.f.ApiVersionFilter     : Adding Version to Request PUT /api/programming-exercises/2372/build-plan
    23:44:04.082 | 439 ool-1-worker-203 | WARN  | o.z.p.spring.common.AdviceTraits     : Forbidden: Access Denied

  Starting logs for BuildPlanIntegrationTest > testWriteAccessForbiddenForStudent()
    23:44:04.097 | 439 ool-1-worker-203 | DEBUG | d.t.c.a.a.c.u.util.UserUtilService   : Generate 1 students...
    23:44:04.100 | 439 ool-1-worker-203 | DEBUG | d.t.c.a.a.c.u.util.UserUtilService   : 1 students generated. Generate 1 tutors...
    23:44:04.102 | 439 ool-1-worker-203 | DEBUG | d.t.c.a.a.c.u.util.UserUtilService   : 1 tutors generated. Generate 1 editors...
    23:44:04.105 | 439 ool-1-worker-203 | DEBUG | d.t.c.a.a.c.u.util.UserUtilService   : 1 editors generated. Generate 1 instructors...
    23:44:04.107 | 439 ool-1-worker-203 | DEBUG | d.t.c.a.a.c.u.util.UserUtilService   : 1 instructors generated
    23:44:04.109 | 439 ool-1-worker-203 | DEBUG | d.t.c.a.a.c.u.util.UserUtilService   : Removing 4 users from all courses...
    23:44:04.110 | 439 ool-1-worker-203 | DEBUG | d.t.c.a.a.c.u.util.UserUtilService   : Removing 4 users from all courses. Done
    23:44:04.110 | 439 ool-1-worker-203 | DEBUG | d.t.c.a.a.c.u.util.UserUtilService   : Save 4 users to database...
    23:44:04.113 | 439 ool-1-worker-203 | DEBUG | d.t.c.a.a.c.u.util.UserUtilService   : Save 4 users to database. Done
    23:44:04.116 | 061 pool-4-thread-4  | INFO  | d.t.c.a.a.p.s.gitlab.GitLabService   : Protecting branch main for Gitlab repository SHORT3D855F230CDF1043BE09BFA0337DE1619493T926/short3d855f230cdf1043be09bfa0337de1619493t926-studexamstudent1
    23:44:04.124 | 439 ool-1-worker-203 | INFO  | i.z.t.d.l.EmbeddedDatabaseReporter   : JDBC URL to connect to 'dataSource': url='jdbc:h2:tcp://localhost:41063/mem:736625c0-cf5e-400d-aeaa-8a7eabd6262b;USER=sa', scope='BuildPlanIntegrationTest#testWriteAccessForbiddenForStudent'
    23:44:04.125 | 439 ool-1-worker-203 | DEBUG | d.t.c.a.a.c.s.f.ApiVersionFilter     : Adding Version to Request PUT /api/programming-exercises/2373/build-plan
    23:44:04.126 | 439 ool-1-worker-203 | WARN  | o.z.p.spring.common.AdviceTraits     : Forbidden: Access Denied

  Starting logs for BuildPlanIntegrationTest > testReadAccessForbiddenForStudent()
    23:44:04.141 | 439 ool-1-worker-203 | DEBUG | d.t.c.a.a.c.u.util.UserUtilService   : Generate 1 students...
    23:44:04.143 | 439 ool-1-worker-203 | DEBUG | d.t.c.a.a.c.u.util.UserUtilService   : 1 students generated. Generate 1 tutors...
    23:44:04.146 | 439 ool-1-worker-203 | DEBUG | d.t.c.a.a.c.u.util.UserUtilService   : 1 tutors generated. Generate 1 editors...
    23:44:04.149 | 439 ool-1-worker-203 | DEBUG | d.t.c.a.a.c.u.util.UserUtilService   : 1 editors generated. Generate 1 instructors...
    23:44:04.151 | 439 ool-1-worker-203 | DEBUG | d.t.c.a.a.c.u.util.UserUtilService   : 1 instructors generated
    23:44:04.153 | 439 ool-1-worker-203 | DEBUG | d.t.c.a.a.c.u.util.UserUtilService   : Removing 4 users from all courses...
    23:44:04.154 | 439 ool-1-worker-203 | DEBUG | d.t.c.a.a.c.u.util.UserUtilService   : Removing 4 users from all courses. Done
    23:44:04.154 | 439 ool-1-worker-203 | DEBUG | d.t.c.a.a.c.u.util.UserUtilService   : Save 4 users to database...
    23:44:04.157 | 439 ool-1-worker-203 | DEBUG | d.t.c.a.a.c.u.util.UserUtilService   : Save 4 users to database. Done
    23:44:04.170 | 439 ool-1-worker-203 | INFO  | i.z.t.d.l.EmbeddedDatabaseReporter   : JDBC URL to connect to 'dataSource': url='jdbc:h2:tcp://localhost:41063/mem:736625c0-cf5e-400d-aeaa-8a7eabd6262b;USER=sa', scope='BuildPlanIntegrationTest#testReadAccessForbiddenForStudent'
    23:44:04.172 | 439 ool-1-worker-203 | DEBUG | d.t.c.a.a.c.s.f.ApiVersionFilter     : Adding Version to Request GET /api/programming-exercises/2374/build-plan/for-editor
    23:44:04.174 | 439 ool-1-worker-203 | WARN  | o.z.p.spring.common.AdviceTraits     : Forbidden: Access Denied

  Starting logs for BuildPlanIntegrationTest > testGetRequestResponse()
    23:44:04.190 | 439 ool-1-worker-203 | DEBUG | d.t.c.a.a.c.u.util.UserUtilService   : Generate 1 students...
    23:44:04.193 | 439 ool-1-worker-203 | DEBUG | d.t.c.a.a.c.u.util.UserUtilService   : 1 students generated. Generate 1 tutors...
    23:44:04.195 | 439 ool-1-worker-203 | DEBUG | d.t.c.a.a.c.u.util.UserUtilService   : 1 tutors generated. Generate 1 editors...
    23:44:04.198 | 439 ool-1-worker-203 | DEBUG | d.t.c.a.a.c.u.util.UserUtilService   : 1 editors generated. Generate 1 instructors...
    23:44:04.201 | 439 ool-1-worker-203 | DEBUG | d.t.c.a.a.c.u.util.UserUtilService   : 1 instructors generated
    23:44:04.202 | 439 ool-1-worker-203 | DEBUG | d.t.c.a.a.c.u.util.UserUtilService   : Removing 4 users from all courses...
    23:44:04.203 | 439 ool-1-worker-203 | DEBUG | d.t.c.a.a.c.u.util.UserUtilService   : Removing 4 users from all courses. Done
    23:44:04.203 | 439 ool-1-worker-203 | DEBUG | d.t.c.a.a.c.u.util.UserUtilService   : Save 4 users to database...
    23:44:04.206 | 439 ool-1-worker-203 | DEBUG | d.t.c.a.a.c.u.util.UserUtilService   : Save 4 users to database. Done
    23:44:04.217 | 439 ool-1-worker-203 | INFO  | i.z.t.d.l.EmbeddedDatabaseReporter   : JDBC URL to connect to 'dataSource': url='jdbc:h2:tcp://localhost:41063/mem:736625c0-cf5e-400d-aeaa-8a7eabd6262b;USER=sa', scope='BuildPlanIntegrationTest#testGetRequestResponse'
    23:44:04.218 | 439 ool-1-worker-203 | DEBUG | d.t.c.a.a.c.s.f.ApiVersionFilter     : Adding Version to Request GET /api/programming-exercises/2375/build-plan/for-editor
    23:44:04.219 | 439 ool-1-worker-203 | DEBUG | d.t.c.a.a.p.w.l.BuildPlanResource    : REST request to get build plan for programming exercise with id 2375

  Starting logs for BuildPlanIntegrationTest > testReadAccessForEditor()
    23:44:04.239 | 439 ool-1-worker-203 | DEBUG | d.t.c.a.a.c.u.util.UserUtilService   : Generate 1 students...
    23:44:04.242 | 439 ool-1-worker-203 | DEBUG | d.t.c.a.a.c.u.util.UserUtilService   : 1 students generated. Generate 1 tutors...
    23:44:04.244 | 439 ool-1-worker-203 | DEBUG | d.t.c.a.a.c.u.util.UserUtilService   : 1 tutors generated. Generate 1 editors...
    23:44:04.248 | 439 ool-1-worker-203 | DEBUG | d.t.c.a.a.c.u.util.UserUtilService   : 1 editors generated. Generate 1 instructors...
    23:44:04.251 | 439 ool-1-worker-203 | DEBUG | d.t.c.a.a.c.u.util.UserUtilService   : 1 instructors generated
    23:44:04.252 | 439 ool-1-worker-203 | DEBUG | d.t.c.a.a.c.u.util.UserUtilService   : Removing 4 users from all courses...
    23:44:04.253 | 439 ool-1-worker-203 | DEBUG | d.t.c.a.a.c.u.util.UserUtilService   : Removing 4 users from all courses. Done
    23:44:04.253 | 439 ool-1-worker-203 | DEBUG | d.t.c.a.a.c.u.util.UserUtilService   : Save 4 users to database...
    23:44:04.256 | 439 ool-1-worker-203 | DEBUG | d.t.c.a.a.c.u.util.UserUtilService   : Save 4 users to database. Done
    23:44:04.266 | 439 ool-1-worker-203 | INFO  | i.z.t.d.l.EmbeddedDatabaseReporter   : JDBC URL to connect to 'dataSource': url='jdbc:h2:tcp://localhost:41063/mem:736625c0-cf5e-400d-aeaa-8a7eabd6262b;USER=sa', scope='BuildPlanIntegrationTest#testReadAccessForEditor'
    23:44:04.272 | 439 ool-1-worker-203 | DEBUG | d.t.c.a.a.c.s.f.ApiVersionFilter     : Adding Version to Request GET /api/programming-exercises/2376/build-plan/for-editor
    23:44:04.272 | 439 ool-1-worker-203 | DEBUG | d.t.c.a.a.p.w.l.BuildPlanResource    : REST request to get build plan for programming exercise with id 2376

  Starting logs for BuildPlanIntegrationTest > testPublicReadAccessForbiddenWithoutSecret()
    23:44:04.290 | 439 ool-1-worker-203 | DEBUG | d.t.c.a.a.c.u.util.UserUtilService   : Generate 1 students...
    23:44:04.294 | 439 ool-1-worker-203 | DEBUG | d.t.c.a.a.c.u.util.UserUtilService   : 1 students generated. Generate 1 tutors...
    23:44:04.297 | 439 ool-1-worker-203 | DEBUG | d.t.c.a.a.c.u.util.UserUtilService   : 1 tutors generated. Generate 1 editors...
    23:44:04.299 | 439 ool-1-worker-203 | DEBUG | d.t.c.a.a.c.u.util.UserUtilService   : 1 editors generated. Generate 1 instructors...
    23:44:04.302 | 439 ool-1-worker-203 | DEBUG | d.t.c.a.a.c.u.util.UserUtilService   : 1 instructors generated
    23:44:04.304 | 439 ool-1-worker-203 | DEBUG | d.t.c.a.a.c.u.util.UserUtilService   : Removing 4 users from all courses...
    23:44:04.305 | 439 ool-1-worker-203 | DEBUG | d.t.c.a.a.c.u.util.UserUtilService   : Removing 4 users from all courses. Done
    23:44:04.305 | 439 ool-1-worker-203 | DEBUG | d.t.c.a.a.c.u.util.UserUtilService   : Save 4 users to database...
    23:44:04.308 | 439 ool-1-worker-203 | DEBUG | d.t.c.a.a.c.u.util.UserUtilService   : Save 4 users to database. Done
    23:44:04.320 | 439 ool-1-worker-203 | INFO  | i.z.t.d.l.EmbeddedDatabaseReporter   : JDBC URL to connect to 'dataSource': url='jdbc:h2:tcp://localhost:41063/mem:736625c0-cf5e-400d-aeaa-8a7eabd6262b;USER=sa', scope='BuildPlanIntegrationTest#testPublicReadAccessForbiddenWithoutSecret'
    23:44:04.321 | 439 ool-1-worker-203 | DEBUG | d.t.c.a.a.c.s.f.ApiVersionFilter     : Adding Version to Request GET /api/public/programming-exercises/2377/build-plan
    23:44:04.322 | 439 ool-1-worker-203 | DEBUG | .c.a.a.p.w.o.PublicBuildPlanResource : REST request to get build plan for programming exercise with id 2377
    23:44:04.324 | 439 ool-1-worker-203 | WARN  | o.z.p.spring.common.AdviceTraits     : Forbidden: You are not allowed to access this resource

  Starting logs for BuildPlanIntegrationTest > testPublicReadAccessForbiddenWithWrongSecret()
    23:44:04.342 | 439 ool-1-worker-203 | DEBUG | d.t.c.a.a.c.u.util.UserUtilService   : Generate 1 students...
    23:44:04.344 | 439 ool-1-worker-203 | DEBUG | d.t.c.a.a.c.u.util.UserUtilService   : 1 students generated. Generate 1 tutors...
    23:44:04.348 | 439 ool-1-worker-203 | DEBUG | d.t.c.a.a.c.u.util.UserUtilService   : 1 tutors generated. Generate 1 editors...
    23:44:04.351 | 439 ool-1-worker-203 | DEBUG | d.t.c.a.a.c.u.util.UserUtilService   : 1 editors generated. Generate 1 instructors...
    23:44:04.354 | 439 ool-1-worker-203 | DEBUG | d.t.c.a.a.c.u.util.UserUtilService   : 1 instructors generated
    23:44:04.355 | 439 ool-1-worker-203 | DEBUG | d.t.c.a.a.c.u.util.UserUtilService   : Removing 4 users from all courses...
    23:44:04.356 | 439 ool-1-worker-203 | DEBUG | d.t.c.a.a.c.u.util.UserUtilService   : Removing 4 users from all courses. Done
    23:44:04.356 | 439 ool-1-worker-203 | DEBUG | d.t.c.a.a.c.u.util.UserUtilService   : Save 4 users to database...
    23:44:04.359 | 439 ool-1-worker-203 | DEBUG | d.t.c.a.a.c.u.util.UserUtilService   : Save 4 users to database. Done
    23:44:04.371 | 439 ool-1-worker-203 | INFO  | i.z.t.d.l.EmbeddedDatabaseReporter   : JDBC URL to connect to 'dataSource': url='jdbc:h2:tcp://localhost:41063/mem:736625c0-cf5e-400d-aeaa-8a7eabd6262b;USER=sa', scope='BuildPlanIntegrationTest#testPublicReadAccessForbiddenWithWrongSecret'
    23:44:04.375 | 439 ool-1-worker-203 | DEBUG | d.t.c.a.a.c.s.f.ApiVersionFilter     : Adding Version to Request GET /api/public/programming-exercises/2378/build-plan
    23:44:04.376 | 439 ool-1-worker-203 | DEBUG | .c.a.a.p.w.o.PublicBuildPlanResource : REST request to get build plan for programming exercise with id 2378
    23:44:04.381 | 439 ool-1-worker-203 | WARN  | o.z.p.spring.common.AdviceTraits     : Forbidden: You are not allowed to access this resource

  Starting logs for BuildPlanIntegrationTest > testReadAccessForInstructor()
    23:44:04.407 | 439 ool-1-worker-203 | DEBUG | d.t.c.a.a.c.u.util.UserUtilService   : Generate 1 students...
    23:44:04.410 | 439 ool-1-worker-203 | DEBUG | d.t.c.a.a.c.u.util.UserUtilService   : 1 students generated. Generate 1 tutors...
    23:44:04.412 | 439 ool-1-worker-203 | DEBUG | d.t.c.a.a.c.u.util.UserUtilService   : 1 tutors generated. Generate 1 editors...
    23:44:04.415 | 439 ool-1-worker-203 | DEBUG | d.t.c.a.a.c.u.util.UserUtilService   : 1 editors generated. Generate 1 instructors...
    23:44:04.418 | 439 ool-1-worker-203 | DEBUG | d.t.c.a.a.c.u.util.UserUtilService   : 1 instructors generated
    23:44:04.420 | 439 ool-1-worker-203 | DEBUG | d.t.c.a.a.c.u.util.UserUtilService   : Removing 4 users from all courses...
    23:44:04.421 | 439 ool-1-worker-203 | DEBUG | d.t.c.a.a.c.u.util.UserUtilService   : Removing 4 users from all courses. Done
    23:44:04.421 | 439 ool-1-worker-203 | DEBUG | d.t.c.a.a.c.u.util.UserUtilService   : Save 4 users to database...
    23:44:04.424 | 439 ool-1-worker-203 | DEBUG | d.t.c.a.a.c.u.util.UserUtilService   : Save 4 users to database. Done
    23:44:04.437 | 439 ool-1-worker-203 | INFO  | i.z.t.d.l.EmbeddedDatabaseReporter   : JDBC URL to connect to 'dataSource': url='jdbc:h2:tcp://localhost:41063/mem:736625c0-cf5e-400d-aeaa-8a7eabd6262b;USER=sa', scope='BuildPlanIntegrationTest#testReadAccessForInstructor'
    23:44:04.441 | 439 ool-1-worker-203 | DEBUG | d.t.c.a.a.c.s.f.ApiVersionFilter     : Adding Version to Request GET /api/programming-exercises/2379/build-plan/for-editor
    23:44:04.442 | 439 ool-1-worker-203 | DEBUG | d.t.c.a.a.p.w.l.BuildPlanResource    : REST request to get build plan for programming exercise with id 2379

  Starting logs for BuildPlanIntegrationTest > testWriteAccessForInstructor()
    23:44:04.461 | 439 ool-1-worker-203 | DEBUG | d.t.c.a.a.c.u.util.UserUtilService   : Generate 1 students...
    23:44:04.466 | 439 ool-1-worker-203 | DEBUG | d.t.c.a.a.c.u.util.UserUtilService   : 1 students generated. Generate 1 tutors...
    23:44:04.469 | 439 ool-1-worker-203 | DEBUG | d.t.c.a.a.c.u.util.UserUtilService   : 1 tutors generated. Generate 1 editors...
    23:44:04.472 | 439 ool-1-worker-203 | DEBUG | d.t.c.a.a.c.u.util.UserUtilService   : 1 editors generated. Generate 1 instructors...
    23:44:04.479 | 439 ool-1-worker-203 | DEBUG | d.t.c.a.a.c.u.util.UserUtilService   : 1 instructors generated
    23:44:04.481 | 439 ool-1-worker-203 | DEBUG | d.t.c.a.a.c.u.util.UserUtilService   : Removing 4 users from all courses...
    23:44:04.482 | 439 ool-1-worker-203 | DEBUG | d.t.c.a.a.c.u.util.UserUtilService   : Removing 4 users from all courses. Done
    23:44:04.482 | 439 ool-1-worker-203 | DEBUG | d.t.c.a.a.c.u.util.UserUtilService   : Save 4 users to database...
    23:44:04.491 | 439 ool-1-worker-203 | DEBUG | d.t.c.a.a.c.u.util.UserUtilService   : Save 4 users to database. Done
    23:44:04.511 | 439 ool-1-worker-203 | INFO  | i.z.t.d.l.EmbeddedDatabaseReporter   : JDBC URL to connect to 'dataSource': url='jdbc:h2:tcp://localhost:41063/mem:736625c0-cf5e-400d-aeaa-8a7eabd6262b;USER=sa', scope='BuildPlanIntegrationTest#testWriteAccessForInstructor'
    23:44:04.512 | 439 ool-1-worker-203 | DEBUG | d.t.c.a.a.c.s.f.ApiVersionFilter     : Adding Version to Request PUT /api/programming-exercises/2380/build-plan
    23:44:04.513 | 439 ool-1-worker-203 | DEBUG | d.t.c.a.a.p.w.l.BuildPlanResource    : REST request to set build plan for programming exercise with id 2380

  Starting logs for BuildPlanIntegrationTest > testReadAccessForbiddenForTutor()
    23:44:04.542 | 439 ool-1-worker-203 | DEBUG | d.t.c.a.a.c.u.util.UserUtilService   : Generate 1 students...
    23:44:04.545 | 439 ool-1-worker-203 | DEBUG | d.t.c.a.a.c.u.util.UserUtilService   : 1 students generated. Generate 1 tutors...
    23:44:04.547 | 439 ool-1-worker-203 | DEBUG | d.t.c.a.a.c.u.util.UserUtilService   : 1 tutors generated. Generate 1 editors...
    23:44:04.550 | 439 ool-1-worker-203 | DEBUG | d.t.c.a.a.c.u.util.UserUtilService   : 1 editors generated. Generate 1 instructors...
    23:44:04.552 | 439 ool-1-worker-203 | DEBUG | d.t.c.a.a.c.u.util.UserUtilService   : 1 instructors generated
    23:44:04.554 | 439 ool-1-worker-203 | DEBUG | d.t.c.a.a.c.u.util.UserUtilService   : Removing 4 users from all courses...
    23:44:04.554 | 439 ool-1-worker-203 | DEBUG | d.t.c.a.a.c.u.util.UserUtilService   : Removing 4 users from all courses. Done
    23:44:04.554 | 439 ool-1-worker-203 | DEBUG | d.t.c.a.a.c.u.util.UserUtilService   : Save 4 users to database...
    23:44:04.558 | 439 ool-1-worker-203 | DEBUG | d.t.c.a.a.c.u.util.UserUtilService   : Save 4 users to database. Done
    23:44:04.569 | 439 ool-1-worker-203 | INFO  | i.z.t.d.l.EmbeddedDatabaseReporter   : JDBC URL to connect to 'dataSource': url='jdbc:h2:tcp://localhost:41063/mem:736625c0-cf5e-400d-aeaa-8a7eabd6262b;USER=sa', scope='BuildPlanIntegrationTest#testReadAccessForbiddenForTutor'
    23:44:04.570 | 439 ool-1-worker-203 | DEBUG | d.t.c.a.a.c.s.f.ApiVersionFilter     : Adding Version to Request GET /api/programming-exercises/2381/build-plan/for-editor
    23:44:04.571 | 439 ool-1-worker-203 | WARN  | o.z.p.spring.common.AdviceTraits     : Forbidden: Access Denied

Finished logs for BuildPlanIntegrationTest
]]></system-out>
  <system-err><![CDATA[]]></system-err>
</testsuite>
