<?xml version="1.0" encoding="UTF-8"?>
<testsuite name="de.tum.cit.aet.artemis.core.AppleAppSiteAssociationResourceTest" tests="1" skipped="0" failures="0" errors="0" timestamp="2025-02-14T23:44:17" hostname="fv-az1721-502" time="0.014">
  <properties/>
  <testcase name="testGetAppleAppSiteAssociation()" classname="de.tum.cit.aet.artemis.core.AppleAppSiteAssociationResourceTest" time="0.014"/>
  <system-out><![CDATA[
Starting logs for AppleAppSiteAssociationResourceTest

  Starting logs for AppleAppSiteAssociationResourceTest > testGetAppleAppSiteAssociation()
    23:44:17.654 | 178 Pool-1-worker-71 | INFO  | i.z.t.d.l.EmbeddedDatabaseReporter   : JDBC URL to connect to 'dataSource': url='jdbc:h2:tcp://localhost:41063/mem:df70fc46-7e57-4cb5-9cd0-c1d90c14afa7;USER=sa', scope='AppleAppSiteAssociationResourceTest#testGetAppleAppSiteAssociation'

Finished logs for AppleAppSiteAssociationResourceTest
]]></system-out>
  <system-err><![CDATA[]]></system-err>
</testsuite>
