<?xml version="1.0" encoding="UTF-8"?>
<testsuite name="de.tum.cit.aet.artemis.fileupload.FileUploadSubmissionIntegrationTest" tests="49" skipped="0" failures="0" errors="0" timestamp="2025-02-14T23:46:36" hostname="fv-az1721-502" time="3.271">
  <properties/>
  <testcase name="getSubmissionById_asTA_withResult_wrongResultId()" classname="de.tum.cit.aet.artemis.fileupload.FileUploadSubmissionIntegrationTest" time="0.086"/>
  <testcase name="getSubmissionByID_asStudent()" classname="de.tum.cit.aet.artemis.fileupload.FileUploadSubmissionIntegrationTest" time="0.055"/>
  <testcase name="submitExercise_beforeDueDateSecondSubmission_allowed()" classname="de.tum.cit.aet.artemis.fileupload.FileUploadSubmissionIntegrationTest" time="0.072"/>
  <testcase name="submitFileUploadSubmissionDifferentFile()" classname="de.tum.cit.aet.artemis.fileupload.FileUploadSubmissionIntegrationTest" time="0.077"/>
  <testcase name="submitFileUploadSubmission()" classname="de.tum.cit.aet.artemis.fileupload.FileUploadSubmissionIntegrationTest" time="0.07"/>
  <testcase name="submitExercise_afterDueDate_forbidden()" classname="de.tum.cit.aet.artemis.fileupload.FileUploadSubmissionIntegrationTest" time="0.049"/>
  <testcase name="saveExercise_beforeDueDate()" classname="de.tum.cit.aet.artemis.fileupload.FileUploadSubmissionIntegrationTest" time="0.071"/>
  <testcase name="submitExercise_tooLarge()" classname="de.tum.cit.aet.artemis.fileupload.FileUploadSubmissionIntegrationTest" time="0.136"/>
  <testcase name="getDataForFileUpload_wrongExerciseType()" classname="de.tum.cit.aet.artemis.fileupload.FileUploadSubmissionIntegrationTest" time="0.055"/>
  <testcase name="getSubmissionByID_asTA_withResult()" classname="de.tum.cit.aet.artemis.fileupload.FileUploadSubmissionIntegrationTest" time="0.067"/>
  <testcase name="testGetSubmissionWithoutAssessmentWithoutSubmissionLock()" classname="de.tum.cit.aet.artemis.fileupload.FileUploadSubmissionIntegrationTest" time="0.046"/>
  <testcase name="getDataForFileUpload_latestSubmissionOfParticipationNull()" classname="de.tum.cit.aet.artemis.fileupload.FileUploadSubmissionIntegrationTest" time="0.083"/>
  <testcase name="getSubmissionById_asTA()" classname="de.tum.cit.aet.artemis.fileupload.FileUploadSubmissionIntegrationTest" time="0.072"/>
  <testcase name="getAllSubmissionsOfExerciseAsStudent()" classname="de.tum.cit.aet.artemis.fileupload.FileUploadSubmissionIntegrationTest" time="0.053"/>
  <testcase name="submitExercise_afterDueDate()" classname="de.tum.cit.aet.artemis.fileupload.FileUploadSubmissionIntegrationTest" time="0.071"/>
  <testcase name="submitFileUploadSubmission_withoutParticipation()" classname="de.tum.cit.aet.artemis.fileupload.FileUploadSubmissionIntegrationTest" time="0.047"/>
  <testcase name="cannotSeeStudentDetailsInSubmissionListAsTutor()" classname="de.tum.cit.aet.artemis.fileupload.FileUploadSubmissionIntegrationTest" time="0.105"/>
  <testcase name="submitFileUploadSubmission_emptyFileContent()" classname="de.tum.cit.aet.artemis.fileupload.FileUploadSubmissionIntegrationTest" time="0.045"/>
  <testcase name="getDataForFileUpload_wrongStudent()" classname="de.tum.cit.aet.artemis.fileupload.FileUploadSubmissionIntegrationTest" time="0.073"/>
  <testcase name="submitFileSpecialExtensions()" classname="de.tum.cit.aet.artemis.fileupload.FileUploadSubmissionIntegrationTest" time="0.088"/>
  <testcase name="getFileUploadSubmissionWithoutAssessment_asStudent_forbidden()" classname="de.tum.cit.aet.artemis.fileupload.FileUploadSubmissionIntegrationTest" time="0.053"/>
  <testcase name="getDataForFileUpload_afterAssessmentDueDate_showsFeedback()" classname="de.tum.cit.aet.artemis.fileupload.FileUploadSubmissionIntegrationTest" time="0.12"/>
  <testcase name="testDeleteSubmission()" classname="de.tum.cit.aet.artemis.fileupload.FileUploadSubmissionIntegrationTest" time="0.068"/>
  <testcase name="submitFileUploadSubmissionWithShortName()" classname="de.tum.cit.aet.artemis.fileupload.FileUploadSubmissionIntegrationTest" time="0.057"/>
  <testcase name="submitExercise_afterDueDateWithParticipationStartAfterDueDate_allowed()" classname="de.tum.cit.aet.artemis.fileupload.FileUploadSubmissionIntegrationTest" time="0.049"/>
  <testcase name="getSubmissionWithoutAssessment()" classname="de.tum.cit.aet.artemis.fileupload.FileUploadSubmissionIntegrationTest" time="0.067"/>
  <testcase name="getSubmissionByID_asTA_withResultAndAssessor()" classname="de.tum.cit.aet.artemis.fileupload.FileUploadSubmissionIntegrationTest" time="0.103"/>
  <testcase name="submitExerciseWithSubmissionId()" classname="de.tum.cit.aet.artemis.fileupload.FileUploadSubmissionIntegrationTest" time="0.072"/>
  <testcase name="canSeeStudentDetailsInSubmissionListAsInstructor()" classname="de.tum.cit.aet.artemis.fileupload.FileUploadSubmissionIntegrationTest" time="0.055"/>
  <testcase name="getAllSubmittedSubmissionsOfExercise()" classname="de.tum.cit.aet.artemis.fileupload.FileUploadSubmissionIntegrationTest" time="0.063"/>
  <testcase name="getFileUploadSubmissionWithoutAssessment_wrongExerciseType()" classname="de.tum.cit.aet.artemis.fileupload.FileUploadSubmissionIntegrationTest" time="0.047"/>
  <testcase name="setSubmittedFileUploadSubmission_incorrectFileType()" classname="de.tum.cit.aet.artemis.fileupload.FileUploadSubmissionIntegrationTest" time="0.045"/>
  <testcase name="testRepositoryMethods()" classname="de.tum.cit.aet.artemis.fileupload.FileUploadSubmissionIntegrationTest" time="0.046"/>
  <testcase name="submitExercise_withoutDueDate()" classname="de.tum.cit.aet.artemis.fileupload.FileUploadSubmissionIntegrationTest" time="0.059"/>
  <testcase name="getAllSubmissionsOfExercise()" classname="de.tum.cit.aet.artemis.fileupload.FileUploadSubmissionIntegrationTest" time="0.054"/>
  <testcase name="submitExercise_wrongExerciseId()" classname="de.tum.cit.aet.artemis.fileupload.FileUploadSubmissionIntegrationTest" time="0.076"/>
  <testcase name="saveExercise_afterDueDateWithParticipationStartAfterDueDate_allowed()" classname="de.tum.cit.aet.artemis.fileupload.FileUploadSubmissionIntegrationTest" time="0.048"/>
  <testcase name="getFileUploadSubmissionWithoutAssessment_inFuture()" classname="de.tum.cit.aet.artemis.fileupload.FileUploadSubmissionIntegrationTest" time="0.041"/>
  <testcase name="getDataForFileUpload_withoutFinishedAssessment()" classname="de.tum.cit.aet.artemis.fileupload.FileUploadSubmissionIntegrationTest" time="0.064"/>
  <testcase name="getDataForFileUpload()" classname="de.tum.cit.aet.artemis.fileupload.FileUploadSubmissionIntegrationTest" time="0.065"/>
  <testcase name="submitFileUploadSubmissionTwiceSameFile()" classname="de.tum.cit.aet.artemis.fileupload.FileUploadSubmissionIntegrationTest" time="0.075"/>
  <testcase name="submitFileUploadSubmissionWithDoubleBackslash()" classname="de.tum.cit.aet.artemis.fileupload.FileUploadSubmissionIntegrationTest" time="0.073"/>
  <testcase name="getSubmissionWithoutAssessmentWithoutSubmission()" classname="de.tum.cit.aet.artemis.fileupload.FileUploadSubmissionIntegrationTest" time="0.045"/>
  <testcase name="getLateSubmissionWithoutAssessment()" classname="de.tum.cit.aet.artemis.fileupload.FileUploadSubmissionIntegrationTest" time="0.066"/>
  <testcase name="testGetLateSubmissionWithoutAssessmentLock()" classname="de.tum.cit.aet.artemis.fileupload.FileUploadSubmissionIntegrationTest" time="0.087"/>
  <testcase name="submitExercise_beforeDueDate_allowed()" classname="de.tum.cit.aet.artemis.fileupload.FileUploadSubmissionIntegrationTest" time="0.061"/>
  <testcase name="getDataForFileUpload_wrongParticipationId()" classname="de.tum.cit.aet.artemis.fileupload.FileUploadSubmissionIntegrationTest" time="0.057"/>
  <testcase name="testOnDeleteSubmission()" classname="de.tum.cit.aet.artemis.fileupload.FileUploadSubmissionIntegrationTest" time="0.031"/>
  <testcase name="submitFileUploadSubmission_wrongExercise()" classname="de.tum.cit.aet.artemis.fileupload.FileUploadSubmissionIntegrationTest" time="0.035"/>
  <system-out><![CDATA[
Starting logs for FileUploadSubmissionIntegrationTest

  Starting logs for FileUploadSubmissionIntegrationTest > getSubmissionById_asTA_withResult_wrongResultId()
    23:46:36.618 | 396 ool-1-worker-160 | DEBUG | d.t.c.a.a.c.u.util.UserUtilService   : Generate 3 students...
    23:46:36.624 | 396 ool-1-worker-160 | DEBUG | d.t.c.a.a.c.u.util.UserUtilService   : 3 students generated. Generate 1 tutors...
    23:46:36.625 | 396 ool-1-worker-160 | DEBUG | d.t.c.a.a.c.u.util.UserUtilService   : 1 tutors generated. Generate 0 editors...
    23:46:36.630 | 396 ool-1-worker-160 | DEBUG | d.t.c.a.a.c.u.util.UserUtilService   : 0 editors generated. Generate 1 instructors...
    23:46:36.632 | 396 ool-1-worker-160 | DEBUG | d.t.c.a.a.c.u.util.UserUtilService   : 1 instructors generated
    23:46:36.635 | 396 ool-1-worker-160 | DEBUG | d.t.c.a.a.c.u.util.UserUtilService   : Removing 5 users from all courses...
    23:46:36.636 | 396 ool-1-worker-160 | DEBUG | d.t.c.a.a.c.u.util.UserUtilService   : Removing 5 users from all courses. Done
    23:46:36.636 | 396 ool-1-worker-160 | DEBUG | d.t.c.a.a.c.u.util.UserUtilService   : Save 5 users to database...
    23:46:36.638 | 396 ool-1-worker-160 | DEBUG | d.t.c.a.a.c.u.util.UserUtilService   : Save 5 users to database. Done
    23:46:36.652 | 396 ool-1-worker-160 | INFO  | i.z.t.d.l.EmbeddedDatabaseReporter   : JDBC URL to connect to 'dataSource': url='jdbc:h2:tcp://localhost:41063/mem:df70fc46-7e57-4cb5-9cd0-c1d90c14afa7;USER=sa', scope='FileUploadSubmissionIntegrationTest#getSubmissionById_asTA_withResult_wrongResultId'
    23:46:36.664 | 396 ool-1-worker-160 | DEBUG | .c.s.m.InstanceMessageReceiveService : Received schedule participant score for exercise 2583 and participant 553 (result to be deleted: null)
    23:46:36.664 | 396 ool-1-worker-160 | DEBUG | .a.s.ParticipantScoreScheduleService : Scheduled task for exercise 2583 and participant 553 at 2025-02-14T23:46:36.764794642Z[Etc/UTC].
    23:46:36.671 | 396 ool-1-worker-160 | DEBUG | .c.s.m.InstanceMessageReceiveService : Received schedule participant score for exercise 2583 and participant 553 (result to be deleted: null)
    23:46:36.671 | 396 ool-1-worker-160 | DEBUG | .a.s.ParticipantScoreScheduleService : Scheduled task for exercise 2583 and participant 553 at 2025-02-14T23:46:36.771943324Z[Etc/UTC].
    23:46:36.673 | 396 ool-1-worker-160 | DEBUG | d.t.c.a.a.c.s.f.ApiVersionFilter     : Adding Version to Request GET /api/file-upload-submissions/1241
    23:46:36.675 | 396 ool-1-worker-160 | DEBUG | a.a.f.w.FileUploadSubmissionResource : REST request to get FileUploadSubmission with id: 1241
    23:46:36.681 | 396 ool-1-worker-160 | ERROR | tech.jhipster.web.util.HeaderUtil    : Entity processing failed, No Result was found for the given ID.

  Starting logs for FileUploadSubmissionIntegrationTest > getSubmissionByID_asStudent()
    23:46:36.696 | 396 ool-1-worker-160 | DEBUG | d.t.c.a.a.c.u.util.UserUtilService   : Generate 3 students...
    23:46:36.701 | 396 ool-1-worker-160 | DEBUG | d.t.c.a.a.c.u.util.UserUtilService   : 3 students generated. Generate 1 tutors...
    23:46:36.703 | 396 ool-1-worker-160 | DEBUG | d.t.c.a.a.c.u.util.UserUtilService   : 1 tutors generated. Generate 0 editors...
    23:46:36.704 | 396 ool-1-worker-160 | DEBUG | d.t.c.a.a.c.u.util.UserUtilService   : 0 editors generated. Generate 1 instructors...
    23:46:36.706 | 396 ool-1-worker-160 | DEBUG | d.t.c.a.a.c.u.util.UserUtilService   : 1 instructors generated
    23:46:36.708 | 396 ool-1-worker-160 | DEBUG | d.t.c.a.a.c.u.util.UserUtilService   : Removing 5 users from all courses...
    23:46:36.708 | 396 ool-1-worker-160 | DEBUG | d.t.c.a.a.c.u.util.UserUtilService   : Removing 5 users from all courses. Done
    23:46:36.708 | 396 ool-1-worker-160 | DEBUG | d.t.c.a.a.c.u.util.UserUtilService   : Save 5 users to database...
    23:46:36.716 | 396 ool-1-worker-160 | DEBUG | d.t.c.a.a.c.u.util.UserUtilService   : Save 5 users to database. Done
    23:46:36.727 | 396 ool-1-worker-160 | INFO  | i.z.t.d.l.EmbeddedDatabaseReporter   : JDBC URL to connect to 'dataSource': url='jdbc:h2:tcp://localhost:41063/mem:df70fc46-7e57-4cb5-9cd0-c1d90c14afa7;USER=sa', scope='FileUploadSubmissionIntegrationTest#getSubmissionByID_asStudent'
    23:46:36.737 | 396 ool-1-worker-160 | DEBUG | d.t.c.a.a.c.s.f.ApiVersionFilter     : Adding Version to Request GET /api/file-upload-submissions/1242
    23:46:36.738 | 396 ool-1-worker-160 | WARN  | o.z.p.spring.common.AdviceTraits     : Forbidden: Access Denied

  Starting logs for FileUploadSubmissionIntegrationTest > submitExercise_beforeDueDateSecondSubmission_allowed()
    23:46:36.750 | 396 ool-1-worker-160 | DEBUG | d.t.c.a.a.c.u.util.UserUtilService   : Generate 3 students...
    23:46:36.755 | 396 ool-1-worker-160 | DEBUG | d.t.c.a.a.c.u.util.UserUtilService   : 3 students generated. Generate 1 tutors...
    23:46:36.758 | 396 ool-1-worker-160 | DEBUG | d.t.c.a.a.c.u.util.UserUtilService   : 1 tutors generated. Generate 0 editors...
    23:46:36.759 | 396 ool-1-worker-160 | DEBUG | d.t.c.a.a.c.u.util.UserUtilService   : 0 editors generated. Generate 1 instructors...
    23:46:36.762 | 396 ool-1-worker-160 | DEBUG | d.t.c.a.a.c.u.util.UserUtilService   : 1 instructors generated
    23:46:36.763 | 396 ool-1-worker-160 | DEBUG | d.t.c.a.a.c.u.util.UserUtilService   : Removing 5 users from all courses...
    23:46:36.764 | 396 ool-1-worker-160 | DEBUG | d.t.c.a.a.c.u.util.UserUtilService   : Removing 5 users from all courses. Done
    23:46:36.764 | 396 ool-1-worker-160 | DEBUG | d.t.c.a.a.c.u.util.UserUtilService   : Save 5 users to database...
    23:46:36.768 | 396 ool-1-worker-160 | DEBUG | d.t.c.a.a.c.u.util.UserUtilService   : Save 5 users to database. Done
    23:46:36.778 | 396 ool-1-worker-160 | INFO  | i.z.t.d.l.EmbeddedDatabaseReporter   : JDBC URL to connect to 'dataSource': url='jdbc:h2:tcp://localhost:41063/mem:df70fc46-7e57-4cb5-9cd0-c1d90c14afa7;USER=sa', scope='FileUploadSubmissionIntegrationTest#submitExercise_beforeDueDateSecondSubmission_allowed'
    23:46:36.780 | 396 ool-1-worker-160 | DEBUG | d.t.c.a.a.c.s.f.ApiVersionFilter     : Adding Version to Request POST /api/exercises/2591/file-upload-submissions
    23:46:36.781 | 396 ool-1-worker-160 | DEBUG | a.a.f.w.FileUploadSubmissionResource : REST request to submit new file upload submission : FileUploadSubmission{id=null, filePath='null'}
    23:46:36.805 | 396 ool-1-worker-160 | INFO  | a.a.f.w.FileUploadSubmissionResource : handleFileUploadSubmission took 21ms for exercise 2591 and user fileuploadsubmissionstudent3

  Starting logs for FileUploadSubmissionIntegrationTest > submitFileUploadSubmissionDifferentFile()
    23:46:36.825 | 396 ool-1-worker-160 | DEBUG | d.t.c.a.a.c.u.util.UserUtilService   : Generate 3 students...
    23:46:36.830 | 396 ool-1-worker-160 | DEBUG | d.t.c.a.a.c.u.util.UserUtilService   : 3 students generated. Generate 1 tutors...
    23:46:36.833 | 396 ool-1-worker-160 | DEBUG | d.t.c.a.a.c.u.util.UserUtilService   : 1 tutors generated. Generate 0 editors...
    23:46:36.834 | 396 ool-1-worker-160 | DEBUG | d.t.c.a.a.c.u.util.UserUtilService   : 0 editors generated. Generate 1 instructors...
    23:46:36.837 | 396 ool-1-worker-160 | DEBUG | d.t.c.a.a.c.u.util.UserUtilService   : 1 instructors generated
    23:46:36.839 | 396 ool-1-worker-160 | DEBUG | d.t.c.a.a.c.u.util.UserUtilService   : Removing 5 users from all courses...
    23:46:36.839 | 396 ool-1-worker-160 | DEBUG | d.t.c.a.a.c.u.util.UserUtilService   : Removing 5 users from all courses. Done
    23:46:36.839 | 396 ool-1-worker-160 | DEBUG | d.t.c.a.a.c.u.util.UserUtilService   : Save 5 users to database...
    23:46:36.844 | 396 ool-1-worker-160 | DEBUG | d.t.c.a.a.c.u.util.UserUtilService   : Save 5 users to database. Done
    23:46:36.855 | 396 ool-1-worker-160 | INFO  | i.z.t.d.l.EmbeddedDatabaseReporter   : JDBC URL to connect to 'dataSource': url='jdbc:h2:tcp://localhost:41063/mem:df70fc46-7e57-4cb5-9cd0-c1d90c14afa7;USER=sa', scope='FileUploadSubmissionIntegrationTest#submitFileUploadSubmissionDifferentFile'
    23:46:36.857 | 396 ool-1-worker-160 | DEBUG | d.t.c.a.a.c.s.f.ApiVersionFilter     : Adding Version to Request POST /api/exercises/2595/file-upload-submissions
    23:46:36.857 | 396 ool-1-worker-160 | DEBUG | a.a.f.w.FileUploadSubmissionResource : REST request to submit new file upload submission : FileUploadSubmission{id=null, filePath='/api/files/file-upload-exercises/1/submissions/1/file1.png'}
    23:46:36.881 | 396 ool-1-worker-160 | INFO  | a.a.f.w.FileUploadSubmissionResource : handleFileUploadSubmission took 21ms for exercise 2595 and user fileuploadsubmissionstudent3
    23:46:36.884 | 396 ool-1-worker-160 | DEBUG | d.t.c.a.a.c.s.f.ApiVersionFilter     : Adding Version to Request GET /api/files/file-upload-exercises/2595/submissions/1244/file2.png
    23:46:36.886 | 396 ool-1-worker-160 | DEBUG | d.t.c.a.a.core.web.FileResource      : REST request to get file for file upload submission : 2595

  Starting logs for FileUploadSubmissionIntegrationTest > submitFileUploadSubmission()
    23:46:36.904 | 396 ool-1-worker-160 | DEBUG | d.t.c.a.a.c.u.util.UserUtilService   : Generate 3 students...
    23:46:36.909 | 396 ool-1-worker-160 | DEBUG | d.t.c.a.a.c.u.util.UserUtilService   : 3 students generated. Generate 1 tutors...
    23:46:36.911 | 396 ool-1-worker-160 | DEBUG | d.t.c.a.a.c.u.util.UserUtilService   : 1 tutors generated. Generate 0 editors...
    23:46:36.913 | 396 ool-1-worker-160 | DEBUG | d.t.c.a.a.c.u.util.UserUtilService   : 0 editors generated. Generate 1 instructors...
    23:46:36.915 | 396 ool-1-worker-160 | DEBUG | d.t.c.a.a.c.u.util.UserUtilService   : 1 instructors generated
    23:46:36.917 | 396 ool-1-worker-160 | DEBUG | d.t.c.a.a.c.u.util.UserUtilService   : Removing 5 users from all courses...
    23:46:36.918 | 396 ool-1-worker-160 | DEBUG | d.t.c.a.a.c.u.util.UserUtilService   : Removing 5 users from all courses. Done
    23:46:36.918 | 396 ool-1-worker-160 | DEBUG | d.t.c.a.a.c.u.util.UserUtilService   : Save 5 users to database...
    23:46:36.922 | 396 ool-1-worker-160 | DEBUG | d.t.c.a.a.c.u.util.UserUtilService   : Save 5 users to database. Done
    23:46:36.933 | 396 ool-1-worker-160 | INFO  | i.z.t.d.l.EmbeddedDatabaseReporter   : JDBC URL to connect to 'dataSource': url='jdbc:h2:tcp://localhost:41063/mem:df70fc46-7e57-4cb5-9cd0-c1d90c14afa7;USER=sa', scope='FileUploadSubmissionIntegrationTest#submitFileUploadSubmission'
    23:46:36.934 | 396 ool-1-worker-160 | DEBUG | d.t.c.a.a.c.s.f.ApiVersionFilter     : Adding Version to Request POST /api/exercises/2599/file-upload-submissions
    23:46:36.934 | 396 ool-1-worker-160 | DEBUG | a.a.f.w.FileUploadSubmissionResource : REST request to submit new file upload submission : FileUploadSubmission{id=null, filePath='null'}
    23:46:36.957 | 396 ool-1-worker-160 | INFO  | a.a.f.w.FileUploadSubmissionResource : handleFileUploadSubmission took 21ms for exercise 2599 and user fileuploadsubmissionstudent3
    23:46:36.960 | 396 ool-1-worker-160 | DEBUG | d.t.c.a.a.c.s.f.ApiVersionFilter     : Adding Version to Request GET /api/files/file-upload-exercises/2599/submissions/1245/file.png
    23:46:36.960 | 396 ool-1-worker-160 | DEBUG | d.t.c.a.a.core.web.FileResource      : REST request to get file for file upload submission : 2599

  Starting logs for FileUploadSubmissionIntegrationTest > submitExercise_afterDueDate_forbidden()
    23:46:36.977 | 396 ool-1-worker-160 | DEBUG | d.t.c.a.a.c.u.util.UserUtilService   : Generate 3 students...
    23:46:36.982 | 396 ool-1-worker-160 | DEBUG | d.t.c.a.a.c.u.util.UserUtilService   : 3 students generated. Generate 1 tutors...
    23:46:36.985 | 396 ool-1-worker-160 | DEBUG | d.t.c.a.a.c.u.util.UserUtilService   : 1 tutors generated. Generate 0 editors...
    23:46:36.986 | 396 ool-1-worker-160 | DEBUG | d.t.c.a.a.c.u.util.UserUtilService   : 0 editors generated. Generate 1 instructors...
    23:46:36.989 | 396 ool-1-worker-160 | DEBUG | d.t.c.a.a.c.u.util.UserUtilService   : 1 instructors generated
    23:46:36.991 | 396 ool-1-worker-160 | DEBUG | d.t.c.a.a.c.u.util.UserUtilService   : Removing 5 users from all courses...
    23:46:36.992 | 396 ool-1-worker-160 | DEBUG | d.t.c.a.a.c.u.util.UserUtilService   : Removing 5 users from all courses. Done
    23:46:36.992 | 396 ool-1-worker-160 | DEBUG | d.t.c.a.a.c.u.util.UserUtilService   : Save 5 users to database...
    23:46:36.996 | 396 ool-1-worker-160 | DEBUG | d.t.c.a.a.c.u.util.UserUtilService   : Save 5 users to database. Done
    23:46:37.007 | 396 ool-1-worker-160 | INFO  | i.z.t.d.l.EmbeddedDatabaseReporter   : JDBC URL to connect to 'dataSource': url='jdbc:h2:tcp://localhost:41063/mem:df70fc46-7e57-4cb5-9cd0-c1d90c14afa7;USER=sa', scope='FileUploadSubmissionIntegrationTest#submitExercise_afterDueDate_forbidden'
    23:46:37.009 | 396 ool-1-worker-160 | DEBUG | d.t.c.a.a.c.s.f.ApiVersionFilter     : Adding Version to Request POST /api/exercises/2604/file-upload-submissions
    23:46:37.010 | 396 ool-1-worker-160 | DEBUG | a.a.f.w.FileUploadSubmissionResource : REST request to submit new file upload submission : FileUploadSubmission{id=null, filePath='null'}
    23:46:37.012 | 396 ool-1-worker-160 | WARN  | o.z.p.spring.common.AdviceTraits     : Forbidden: You are not allowed to access this resource

  Starting logs for FileUploadSubmissionIntegrationTest > saveExercise_beforeDueDate()
    23:46:37.028 | 396 ool-1-worker-160 | DEBUG | d.t.c.a.a.c.u.util.UserUtilService   : Generate 3 students...
    23:46:37.033 | 396 ool-1-worker-160 | DEBUG | d.t.c.a.a.c.u.util.UserUtilService   : 3 students generated. Generate 1 tutors...
    23:46:37.036 | 396 ool-1-worker-160 | DEBUG | d.t.c.a.a.c.u.util.UserUtilService   : 1 tutors generated. Generate 0 editors...
    23:46:37.037 | 396 ool-1-worker-160 | DEBUG | d.t.c.a.a.c.u.util.UserUtilService   : 0 editors generated. Generate 1 instructors...
    23:46:37.040 | 396 ool-1-worker-160 | DEBUG | d.t.c.a.a.c.u.util.UserUtilService   : 1 instructors generated
    23:46:37.042 | 396 ool-1-worker-160 | DEBUG | d.t.c.a.a.c.u.util.UserUtilService   : Removing 5 users from all courses...
    23:46:37.043 | 396 ool-1-worker-160 | DEBUG | d.t.c.a.a.c.u.util.UserUtilService   : Removing 5 users from all courses. Done
    23:46:37.043 | 396 ool-1-worker-160 | DEBUG | d.t.c.a.a.c.u.util.UserUtilService   : Save 5 users to database...
    23:46:37.046 | 396 ool-1-worker-160 | DEBUG | d.t.c.a.a.c.u.util.UserUtilService   : Save 5 users to database. Done
    23:46:37.056 | 396 ool-1-worker-160 | INFO  | i.z.t.d.l.EmbeddedDatabaseReporter   : JDBC URL to connect to 'dataSource': url='jdbc:h2:tcp://localhost:41063/mem:df70fc46-7e57-4cb5-9cd0-c1d90c14afa7;USER=sa', scope='FileUploadSubmissionIntegrationTest#saveExercise_beforeDueDate'
    23:46:37.058 | 396 ool-1-worker-160 | DEBUG | d.t.c.a.a.c.s.f.ApiVersionFilter     : Adding Version to Request POST /api/exercises/2607/file-upload-submissions
    23:46:37.058 | 396 ool-1-worker-160 | DEBUG | a.a.f.w.FileUploadSubmissionResource : REST request to submit new file upload submission : FileUploadSubmission{id=null, filePath='null'}
    23:46:37.085 | 396 ool-1-worker-160 | INFO  | a.a.f.w.FileUploadSubmissionResource : handleFileUploadSubmission took 25ms for exercise 2607 and user fileuploadsubmissionstudent3

  Starting logs for FileUploadSubmissionIntegrationTest > submitExercise_tooLarge()
    23:46:37.101 | 396 ool-1-worker-160 | DEBUG | d.t.c.a.a.c.u.util.UserUtilService   : Generate 3 students...
    23:46:37.106 | 396 ool-1-worker-160 | DEBUG | d.t.c.a.a.c.u.util.UserUtilService   : 3 students generated. Generate 1 tutors...
    23:46:37.109 | 396 ool-1-worker-160 | DEBUG | d.t.c.a.a.c.u.util.UserUtilService   : 1 tutors generated. Generate 0 editors...
    23:46:37.111 | 396 ool-1-worker-160 | DEBUG | d.t.c.a.a.c.u.util.UserUtilService   : 0 editors generated. Generate 1 instructors...
    23:46:37.113 | 396 ool-1-worker-160 | DEBUG | d.t.c.a.a.c.u.util.UserUtilService   : 1 instructors generated
    23:46:37.116 | 396 ool-1-worker-160 | DEBUG | d.t.c.a.a.c.u.util.UserUtilService   : Removing 5 users from all courses...
    23:46:37.117 | 396 ool-1-worker-160 | DEBUG | d.t.c.a.a.c.u.util.UserUtilService   : Removing 5 users from all courses. Done
    23:46:37.117 | 396 ool-1-worker-160 | DEBUG | d.t.c.a.a.c.u.util.UserUtilService   : Save 5 users to database...
    23:46:37.121 | 396 ool-1-worker-160 | DEBUG | d.t.c.a.a.c.u.util.UserUtilService   : Save 5 users to database. Done
    23:46:37.132 | 396 ool-1-worker-160 | INFO  | i.z.t.d.l.EmbeddedDatabaseReporter   : JDBC URL to connect to 'dataSource': url='jdbc:h2:tcp://localhost:41063/mem:df70fc46-7e57-4cb5-9cd0-c1d90c14afa7;USER=sa', scope='FileUploadSubmissionIntegrationTest#submitExercise_tooLarge'
    23:46:37.138 | 396 ool-1-worker-160 | DEBUG | d.t.c.a.a.c.s.f.ApiVersionFilter     : Adding Version to Request POST /api/exercises/2611/file-upload-submissions
    23:46:37.138 | 396 ool-1-worker-160 | DEBUG | a.a.f.w.FileUploadSubmissionResource : REST request to submit new file upload submission : FileUploadSubmission{id=null, filePath='null'}
    23:46:37.165 | 114 pool-19-thread-2 | DEBUG | d.t.c.a.a.core.service.FileService   : Delete directory ./exports/server-integration-test/courses/_temp-exports_/short21a9a6a5007d904b250b170085ff67e14bf6-Course_title_cb14cd0e-4c6f-4625-a3cd-18a4b97e4f4b-20250214-234537
    23:46:37.216 | 396 ool-1-worker-160 | INFO  | a.a.f.w.FileUploadSubmissionResource : handleFileUploadSubmission took 75ms for exercise 2611 and user fileuploadsubmissionstudent3
    23:46:37.223 | 396 ool-1-worker-160 | DEBUG | d.t.c.a.a.c.s.f.ApiVersionFilter     : Adding Version to Request POST /api/exercises/2611/file-upload-submissions
    23:46:37.223 | 396 ool-1-worker-160 | DEBUG | a.a.f.w.FileUploadSubmissionResource : REST request to submit new file upload submission : FileUploadSubmission{id=null, filePath='null'}
    23:46:37.224 | 396 ool-1-worker-160 | WARN  | o.z.p.spring.common.AdviceTraits     : Payload Too Large: 413 PAYLOAD_TOO_LARGE "The maximum file size is 8388608 MB!"

  Starting logs for FileUploadSubmissionIntegrationTest > getDataForFileUpload_wrongExerciseType()
    23:46:37.239 | 396 ool-1-worker-160 | DEBUG | d.t.c.a.a.c.u.util.UserUtilService   : Generate 3 students...
    23:46:37.246 | 396 ool-1-worker-160 | DEBUG | d.t.c.a.a.c.u.util.UserUtilService   : 3 students generated. Generate 1 tutors...
    23:46:37.248 | 396 ool-1-worker-160 | DEBUG | d.t.c.a.a.c.u.util.UserUtilService   : 1 tutors generated. Generate 0 editors...
    23:46:37.250 | 396 ool-1-worker-160 | DEBUG | d.t.c.a.a.c.u.util.UserUtilService   : 0 editors generated. Generate 1 instructors...
    23:46:37.252 | 396 ool-1-worker-160 | DEBUG | d.t.c.a.a.c.u.util.UserUtilService   : 1 instructors generated
    23:46:37.255 | 396 ool-1-worker-160 | DEBUG | d.t.c.a.a.c.u.util.UserUtilService   : Removing 5 users from all courses...
    23:46:37.255 | 396 ool-1-worker-160 | DEBUG | d.t.c.a.a.c.u.util.UserUtilService   : Removing 5 users from all courses. Done
    23:46:37.255 | 396 ool-1-worker-160 | DEBUG | d.t.c.a.a.c.u.util.UserUtilService   : Save 5 users to database...
    23:46:37.259 | 396 ool-1-worker-160 | DEBUG | d.t.c.a.a.c.u.util.UserUtilService   : Save 5 users to database. Done
    23:46:37.271 | 396 ool-1-worker-160 | INFO  | i.z.t.d.l.EmbeddedDatabaseReporter   : JDBC URL to connect to 'dataSource': url='jdbc:h2:tcp://localhost:41063/mem:df70fc46-7e57-4cb5-9cd0-c1d90c14afa7;USER=sa', scope='FileUploadSubmissionIntegrationTest#getDataForFileUpload_wrongExerciseType'
    23:46:37.277 | 396 ool-1-worker-160 | DEBUG | d.t.c.a.a.c.s.f.ApiVersionFilter     : Adding Version to Request GET /api/participations/1666/file-upload-editor
    23:46:37.279 | 115 pool-19-thread-3 | DEBUG | d.t.c.a.a.core.service.FileService   : Delete directory ./exports/server-integration-test/courses/_temp-exports_/179-Real_exam_1-20250214-234537
    23:46:37.281 | 396 ool-1-worker-160 | ERROR | tech.jhipster.web.util.HeaderUtil    : Entity processing failed, The exercise of the participation is not a file upload exercise.

  Starting logs for FileUploadSubmissionIntegrationTest > getSubmissionByID_asTA_withResult()
    23:46:37.295 | 396 ool-1-worker-160 | DEBUG | d.t.c.a.a.c.u.util.UserUtilService   : Generate 3 students...
    23:46:37.301 | 396 ool-1-worker-160 | DEBUG | d.t.c.a.a.c.u.util.UserUtilService   : 3 students generated. Generate 1 tutors...
    23:46:37.303 | 396 ool-1-worker-160 | DEBUG | d.t.c.a.a.c.u.util.UserUtilService   : 1 tutors generated. Generate 0 editors...
    23:46:37.304 | 396 ool-1-worker-160 | DEBUG | d.t.c.a.a.c.u.util.UserUtilService   : 0 editors generated. Generate 1 instructors...
    23:46:37.307 | 396 ool-1-worker-160 | DEBUG | d.t.c.a.a.c.u.util.UserUtilService   : 1 instructors generated
    23:46:37.309 | 396 ool-1-worker-160 | DEBUG | d.t.c.a.a.c.u.util.UserUtilService   : Removing 5 users from all courses...
    23:46:37.310 | 396 ool-1-worker-160 | DEBUG | d.t.c.a.a.c.u.util.UserUtilService   : Removing 5 users from all courses. Done
    23:46:37.310 | 396 ool-1-worker-160 | DEBUG | d.t.c.a.a.c.u.util.UserUtilService   : Save 5 users to database...
    23:46:37.313 | 396 ool-1-worker-160 | DEBUG | d.t.c.a.a.c.u.util.UserUtilService   : Save 5 users to database. Done
    23:46:37.320 | 396 ool-1-worker-160 | INFO  | i.z.t.d.l.EmbeddedDatabaseReporter   : JDBC URL to connect to 'dataSource': url='jdbc:h2:tcp://localhost:41063/mem:df70fc46-7e57-4cb5-9cd0-c1d90c14afa7;USER=sa', scope='FileUploadSubmissionIntegrationTest#getSubmissionByID_asTA_withResult'
    23:46:37.330 | 396 ool-1-worker-160 | DEBUG | .c.s.m.InstanceMessageReceiveService : Received schedule participant score for exercise 2620 and participant 553 (result to be deleted: null)
    23:46:37.330 | 396 ool-1-worker-160 | DEBUG | .a.s.ParticipantScoreScheduleService : Scheduled task for exercise 2620 and participant 553 at 2025-02-14T23:46:37.430091476Z[Etc/UTC].
    23:46:37.336 | 396 ool-1-worker-160 | DEBUG | .c.s.m.InstanceMessageReceiveService : Received schedule participant score for exercise 2620 and participant 553 (result to be deleted: null)
    23:46:37.336 | 396 ool-1-worker-160 | DEBUG | .a.s.ParticipantScoreScheduleService : Scheduled task for exercise 2620 and participant 553 at 2025-02-14T23:46:37.436530885Z[Etc/UTC].
    23:46:37.338 | 396 ool-1-worker-160 | DEBUG | d.t.c.a.a.c.s.f.ApiVersionFilter     : Adding Version to Request GET /api/file-upload-submissions/1248
    23:46:37.338 | 396 ool-1-worker-160 | DEBUG | a.a.f.w.FileUploadSubmissionResource : REST request to get FileUploadSubmission with id: 1248
    23:46:37.350 | 396 ool-1-worker-160 | DEBUG | .c.s.m.InstanceMessageReceiveService : Received schedule participant score for exercise 2620 and participant 553 (result to be deleted: null)
    23:46:37.350 | 396 ool-1-worker-160 | DEBUG | .a.s.ParticipantScoreScheduleService : Scheduled task for exercise 2620 and participant 553 at 2025-02-14T23:46:37.450466576Z[Etc/UTC].

  Starting logs for FileUploadSubmissionIntegrationTest > testGetSubmissionWithoutAssessmentWithoutSubmissionLock()
    23:46:37.366 | 396 ool-1-worker-160 | DEBUG | d.t.c.a.a.c.u.util.UserUtilService   : Generate 3 students...
    23:46:37.371 | 396 ool-1-worker-160 | DEBUG | d.t.c.a.a.c.u.util.UserUtilService   : 3 students generated. Generate 1 tutors...
    23:46:37.373 | 396 ool-1-worker-160 | DEBUG | d.t.c.a.a.c.u.util.UserUtilService   : 1 tutors generated. Generate 0 editors...
    23:46:37.374 | 396 ool-1-worker-160 | DEBUG | d.t.c.a.a.c.u.util.UserUtilService   : 0 editors generated. Generate 1 instructors...
    23:46:37.376 | 396 ool-1-worker-160 | DEBUG | d.t.c.a.a.c.u.util.UserUtilService   : 1 instructors generated
    23:46:37.377 | 396 ool-1-worker-160 | DEBUG | d.t.c.a.a.c.u.util.UserUtilService   : Removing 5 users from all courses...
    23:46:37.378 | 396 ool-1-worker-160 | DEBUG | d.t.c.a.a.c.u.util.UserUtilService   : Removing 5 users from all courses. Done
    23:46:37.378 | 396 ool-1-worker-160 | DEBUG | d.t.c.a.a.c.u.util.UserUtilService   : Save 5 users to database...
    23:46:37.381 | 396 ool-1-worker-160 | DEBUG | d.t.c.a.a.c.u.util.UserUtilService   : Save 5 users to database. Done
    23:46:37.389 | 396 ool-1-worker-160 | INFO  | i.z.t.d.l.EmbeddedDatabaseReporter   : JDBC URL to connect to 'dataSource': url='jdbc:h2:tcp://localhost:41063/mem:df70fc46-7e57-4cb5-9cd0-c1d90c14afa7;USER=sa', scope='FileUploadSubmissionIntegrationTest#testGetSubmissionWithoutAssessmentWithoutSubmissionLock'
    23:46:37.390 | 396 ool-1-worker-160 | DEBUG | d.t.c.a.a.c.s.f.ApiVersionFilter     : Adding Version to Request GET /api/exercises/2624/file-upload-submission-without-assessment
    23:46:37.391 | 396 ool-1-worker-160 | DEBUG | a.a.f.w.FileUploadSubmissionResource : REST request to get a file upload submission without assessment
    23:46:37.399 | 396 ool-1-worker-160 | WARN  | o.z.p.spring.common.AdviceTraits     : Not Found: File upload submission for exercise 2624 could not be found

  Starting logs for FileUploadSubmissionIntegrationTest > getDataForFileUpload_latestSubmissionOfParticipationNull()
    23:46:37.412 | 396 ool-1-worker-160 | DEBUG | d.t.c.a.a.c.u.util.UserUtilService   : Generate 3 students...
    23:46:37.418 | 396 ool-1-worker-160 | DEBUG | d.t.c.a.a.c.u.util.UserUtilService   : 3 students generated. Generate 1 tutors...
    23:46:37.420 | 396 ool-1-worker-160 | DEBUG | d.t.c.a.a.c.u.util.UserUtilService   : 1 tutors generated. Generate 0 editors...
    23:46:37.422 | 396 ool-1-worker-160 | DEBUG | d.t.c.a.a.c.u.util.UserUtilService   : 0 editors generated. Generate 1 instructors...
    23:46:37.424 | 396 ool-1-worker-160 | DEBUG | d.t.c.a.a.c.u.util.UserUtilService   : 1 instructors generated
    23:46:37.427 | 396 ool-1-worker-160 | DEBUG | d.t.c.a.a.c.u.util.UserUtilService   : Removing 5 users from all courses...
    23:46:37.428 | 396 ool-1-worker-160 | DEBUG | d.t.c.a.a.c.u.util.UserUtilService   : Removing 5 users from all courses. Done
    23:46:37.428 | 396 ool-1-worker-160 | DEBUG | d.t.c.a.a.c.u.util.UserUtilService   : Save 5 users to database...
    23:46:37.432 | 396 ool-1-worker-160 | DEBUG | d.t.c.a.a.c.u.util.UserUtilService   : Save 5 users to database. Done
    23:46:37.442 | 396 ool-1-worker-160 | INFO  | i.z.t.d.l.EmbeddedDatabaseReporter   : JDBC URL to connect to 'dataSource': url='jdbc:h2:tcp://localhost:41063/mem:df70fc46-7e57-4cb5-9cd0-c1d90c14afa7;USER=sa', scope='FileUploadSubmissionIntegrationTest#getDataForFileUpload_latestSubmissionOfParticipationNull'
    23:46:37.447 | 396 ool-1-worker-160 | DEBUG | .c.s.m.InstanceMessageReceiveService : Received schedule participant score for exercise 2629 and participant 553 (result to be deleted: null)
    23:46:37.447 | 396 ool-1-worker-160 | DEBUG | .a.s.ParticipantScoreScheduleService : Scheduled task for exercise 2629 and participant 553 at 2025-02-14T23:46:37.547754139Z[Etc/UTC].
    23:46:37.455 | 396 ool-1-worker-160 | DEBUG | .c.s.m.InstanceMessageReceiveService : Received schedule participant score for exercise 2629 and participant 553 (result to be deleted: null)
    23:46:37.455 | 396 ool-1-worker-160 | DEBUG | .a.s.ParticipantScoreScheduleService : Scheduled task for exercise 2629 and participant 553 at 2025-02-14T23:46:37.555487802Z[Etc/UTC].
    23:46:37.468 | 396 ool-1-worker-160 | DEBUG | .c.s.m.InstanceMessageReceiveService : Received schedule participant score for exercise 2629 and participant 553 (result to be deleted: null)
    23:46:37.468 | 396 ool-1-worker-160 | DEBUG | .a.s.ParticipantScoreScheduleService : Scheduled task for exercise 2629 and participant 553 at 2025-02-14T23:46:37.568161978Z[Etc/UTC].
    23:46:37.479 | 396 ool-1-worker-160 | DEBUG | d.t.c.a.a.c.s.f.ApiVersionFilter     : Adding Version to Request GET /api/participations/1674/file-upload-editor

  Starting logs for FileUploadSubmissionIntegrationTest > getSubmissionById_asTA()
    23:46:37.496 | 396 ool-1-worker-160 | DEBUG | d.t.c.a.a.c.u.util.UserUtilService   : Generate 3 students...
    23:46:37.500 | 396 ool-1-worker-160 | DEBUG | d.t.c.a.a.c.u.util.UserUtilService   : 3 students generated. Generate 1 tutors...
    23:46:37.502 | 396 ool-1-worker-160 | DEBUG | d.t.c.a.a.c.u.util.UserUtilService   : 1 tutors generated. Generate 0 editors...
    23:46:37.503 | 396 ool-1-worker-160 | DEBUG | d.t.c.a.a.c.u.util.UserUtilService   : 0 editors generated. Generate 1 instructors...
    23:46:37.506 | 396 ool-1-worker-160 | DEBUG | d.t.c.a.a.c.u.util.UserUtilService   : 1 instructors generated
    23:46:37.507 | 396 ool-1-worker-160 | DEBUG | d.t.c.a.a.c.u.util.UserUtilService   : Removing 5 users from all courses...
    23:46:37.508 | 396 ool-1-worker-160 | DEBUG | d.t.c.a.a.c.u.util.UserUtilService   : Removing 5 users from all courses. Done
    23:46:37.508 | 396 ool-1-worker-160 | DEBUG | d.t.c.a.a.c.u.util.UserUtilService   : Save 5 users to database...
    23:46:37.511 | 396 ool-1-worker-160 | DEBUG | d.t.c.a.a.c.u.util.UserUtilService   : Save 5 users to database. Done
    23:46:37.523 | 396 ool-1-worker-160 | INFO  | i.z.t.d.l.EmbeddedDatabaseReporter   : JDBC URL to connect to 'dataSource': url='jdbc:h2:tcp://localhost:41063/mem:df70fc46-7e57-4cb5-9cd0-c1d90c14afa7;USER=sa', scope='FileUploadSubmissionIntegrationTest#getSubmissionById_asTA'
    23:46:37.532 | 396 ool-1-worker-160 | DEBUG | d.t.c.a.a.c.s.f.ApiVersionFilter     : Adding Version to Request GET /api/file-upload-submissions/1250
    23:46:37.533 | 396 ool-1-worker-160 | DEBUG | a.a.f.w.FileUploadSubmissionResource : REST request to get FileUploadSubmission with id: 1250
    23:46:37.541 | 396 ool-1-worker-160 | DEBUG | .c.s.m.InstanceMessageReceiveService : Received schedule participant score for exercise 2632 and participant 553 (result to be deleted: null)
    23:46:37.541 | 396 ool-1-worker-160 | DEBUG | .a.s.ParticipantScoreScheduleService : Scheduled task for exercise 2632 and participant 553 at 2025-02-14T23:46:37.641835126Z[Etc/UTC].
    23:46:37.548 | 396 ool-1-worker-160 | DEBUG | .c.s.m.InstanceMessageReceiveService : Received schedule participant score for exercise 2632 and participant 553 (result to be deleted: null)
    23:46:37.548 | 396 ool-1-worker-160 | DEBUG | .a.s.ParticipantScoreScheduleService : Scheduled task for exercise 2632 and participant 553 at 2025-02-14T23:46:37.648428662Z[Etc/UTC].
    23:46:37.554 | 396 ool-1-worker-160 | DEBUG | .c.s.m.InstanceMessageReceiveService : Received schedule participant score for exercise 2632 and participant 553 (result to be deleted: null)
    23:46:37.554 | 396 ool-1-worker-160 | DEBUG | .a.s.ParticipantScoreScheduleService : Scheduled task for exercise 2632 and participant 553 at 2025-02-14T23:46:37.654750412Z[Etc/UTC].

  Starting logs for FileUploadSubmissionIntegrationTest > getAllSubmissionsOfExerciseAsStudent()
    23:46:37.568 | 396 ool-1-worker-160 | DEBUG | d.t.c.a.a.c.u.util.UserUtilService   : Generate 3 students...
    23:46:37.573 | 396 ool-1-worker-160 | DEBUG | d.t.c.a.a.c.u.util.UserUtilService   : 3 students generated. Generate 1 tutors...
    23:46:37.576 | 396 ool-1-worker-160 | DEBUG | d.t.c.a.a.c.u.util.UserUtilService   : 1 tutors generated. Generate 0 editors...
    23:46:37.577 | 396 ool-1-worker-160 | DEBUG | d.t.c.a.a.c.u.util.UserUtilService   : 0 editors generated. Generate 1 instructors...
    23:46:37.580 | 396 ool-1-worker-160 | DEBUG | d.t.c.a.a.c.u.util.UserUtilService   : 1 instructors generated
    23:46:37.582 | 396 ool-1-worker-160 | DEBUG | d.t.c.a.a.c.u.util.UserUtilService   : Removing 5 users from all courses...
    23:46:37.582 | 396 ool-1-worker-160 | DEBUG | d.t.c.a.a.c.u.util.UserUtilService   : Removing 5 users from all courses. Done
    23:46:37.582 | 396 ool-1-worker-160 | DEBUG | d.t.c.a.a.c.u.util.UserUtilService   : Save 5 users to database...
    23:46:37.587 | 396 ool-1-worker-160 | DEBUG | d.t.c.a.a.c.u.util.UserUtilService   : Save 5 users to database. Done
    23:46:37.597 | 396 ool-1-worker-160 | INFO  | i.z.t.d.l.EmbeddedDatabaseReporter   : JDBC URL to connect to 'dataSource': url='jdbc:h2:tcp://localhost:41063/mem:df70fc46-7e57-4cb5-9cd0-c1d90c14afa7;USER=sa', scope='FileUploadSubmissionIntegrationTest#getAllSubmissionsOfExerciseAsStudent'
    23:46:37.607 | 396 ool-1-worker-160 | DEBUG | d.t.c.a.a.c.s.f.ApiVersionFilter     : Adding Version to Request GET /api/exercises/2636/file-upload-submissions
    23:46:37.609 | 396 ool-1-worker-160 | WARN  | o.z.p.spring.common.AdviceTraits     : Forbidden: Access Denied

  Starting logs for FileUploadSubmissionIntegrationTest > submitExercise_afterDueDate()
    23:46:37.623 | 396 ool-1-worker-160 | DEBUG | d.t.c.a.a.c.u.util.UserUtilService   : Generate 3 students...
    23:46:37.628 | 396 ool-1-worker-160 | DEBUG | d.t.c.a.a.c.u.util.UserUtilService   : 3 students generated. Generate 1 tutors...
    23:46:37.630 | 396 ool-1-worker-160 | DEBUG | d.t.c.a.a.c.u.util.UserUtilService   : 1 tutors generated. Generate 0 editors...
    23:46:37.632 | 396 ool-1-worker-160 | DEBUG | d.t.c.a.a.c.u.util.UserUtilService   : 0 editors generated. Generate 1 instructors...
    23:46:37.634 | 396 ool-1-worker-160 | DEBUG | d.t.c.a.a.c.u.util.UserUtilService   : 1 instructors generated
    23:46:37.636 | 396 ool-1-worker-160 | DEBUG | d.t.c.a.a.c.u.util.UserUtilService   : Removing 5 users from all courses...
    23:46:37.637 | 396 ool-1-worker-160 | DEBUG | d.t.c.a.a.c.u.util.UserUtilService   : Removing 5 users from all courses. Done
    23:46:37.637 | 396 ool-1-worker-160 | DEBUG | d.t.c.a.a.c.u.util.UserUtilService   : Save 5 users to database...
    23:46:37.641 | 396 ool-1-worker-160 | DEBUG | d.t.c.a.a.c.u.util.UserUtilService   : Save 5 users to database. Done
    23:46:37.651 | 396 ool-1-worker-160 | INFO  | i.z.t.d.l.EmbeddedDatabaseReporter   : JDBC URL to connect to 'dataSource': url='jdbc:h2:tcp://localhost:41063/mem:df70fc46-7e57-4cb5-9cd0-c1d90c14afa7;USER=sa', scope='FileUploadSubmissionIntegrationTest#submitExercise_afterDueDate'
    23:46:37.657 | 396 ool-1-worker-160 | DEBUG | d.t.c.a.a.c.s.f.ApiVersionFilter     : Adding Version to Request POST /api/exercises/2640/file-upload-submissions
    23:46:37.658 | 396 ool-1-worker-160 | DEBUG | a.a.f.w.FileUploadSubmissionResource : REST request to submit new file upload submission : FileUploadSubmission{id=null, filePath='null'}
    23:46:37.681 | 396 ool-1-worker-160 | INFO  | a.a.f.w.FileUploadSubmissionResource : handleFileUploadSubmission took 21ms for exercise 2640 and user fileuploadsubmissionstudent3

  Starting logs for FileUploadSubmissionIntegrationTest > submitFileUploadSubmission_withoutParticipation()
    23:46:37.695 | 396 ool-1-worker-160 | DEBUG | d.t.c.a.a.c.u.util.UserUtilService   : Generate 3 students...
    23:46:37.700 | 396 ool-1-worker-160 | DEBUG | d.t.c.a.a.c.u.util.UserUtilService   : 3 students generated. Generate 1 tutors...
    23:46:37.703 | 396 ool-1-worker-160 | DEBUG | d.t.c.a.a.c.u.util.UserUtilService   : 1 tutors generated. Generate 0 editors...
    23:46:37.705 | 396 ool-1-worker-160 | DEBUG | d.t.c.a.a.c.u.util.UserUtilService   : 0 editors generated. Generate 1 instructors...
    23:46:37.707 | 396 ool-1-worker-160 | DEBUG | d.t.c.a.a.c.u.util.UserUtilService   : 1 instructors generated
    23:46:37.709 | 396 ool-1-worker-160 | DEBUG | d.t.c.a.a.c.u.util.UserUtilService   : Removing 5 users from all courses...
    23:46:37.710 | 396 ool-1-worker-160 | DEBUG | d.t.c.a.a.c.u.util.UserUtilService   : Removing 5 users from all courses. Done
    23:46:37.710 | 396 ool-1-worker-160 | DEBUG | d.t.c.a.a.c.u.util.UserUtilService   : Save 5 users to database...
    23:46:37.714 | 396 ool-1-worker-160 | DEBUG | d.t.c.a.a.c.u.util.UserUtilService   : Save 5 users to database. Done
    23:46:37.724 | 396 ool-1-worker-160 | INFO  | i.z.t.d.l.EmbeddedDatabaseReporter   : JDBC URL to connect to 'dataSource': url='jdbc:h2:tcp://localhost:41063/mem:df70fc46-7e57-4cb5-9cd0-c1d90c14afa7;USER=sa', scope='FileUploadSubmissionIntegrationTest#submitFileUploadSubmission_withoutParticipation'
    23:46:37.726 | 396 ool-1-worker-160 | DEBUG | d.t.c.a.a.c.s.f.ApiVersionFilter     : Adding Version to Request POST /api/exercises/2644/file-upload-submissions
    23:46:37.726 | 396 ool-1-worker-160 | DEBUG | a.a.f.w.FileUploadSubmissionResource : REST request to submit new file upload submission : FileUploadSubmission{id=null, filePath='null'}
    23:46:37.729 | 396 ool-1-worker-160 | WARN  | o.z.p.spring.common.AdviceTraits     : Failed Dependency: 424 FAILED_DEPENDENCY "No participation found for fileuploadsubmissionstudent1 in exercise 2644"

  Starting logs for FileUploadSubmissionIntegrationTest > cannotSeeStudentDetailsInSubmissionListAsTutor()
    23:46:37.742 | 396 ool-1-worker-160 | DEBUG | d.t.c.a.a.c.u.util.UserUtilService   : Generate 3 students...
    23:46:37.755 | 396 ool-1-worker-160 | DEBUG | d.t.c.a.a.c.u.util.UserUtilService   : 3 students generated. Generate 1 tutors...
    23:46:37.762 | 396 ool-1-worker-160 | DEBUG | d.t.c.a.a.c.u.util.UserUtilService   : 1 tutors generated. Generate 0 editors...
    23:46:37.768 | 396 ool-1-worker-160 | DEBUG | d.t.c.a.a.c.u.util.UserUtilService   : 0 editors generated. Generate 1 instructors...
    23:46:37.771 | 396 ool-1-worker-160 | DEBUG | d.t.c.a.a.c.u.util.UserUtilService   : 1 instructors generated
    23:46:37.773 | 396 ool-1-worker-160 | DEBUG | d.t.c.a.a.c.u.util.UserUtilService   : Removing 5 users from all courses...
    23:46:37.774 | 396 ool-1-worker-160 | DEBUG | d.t.c.a.a.c.u.util.UserUtilService   : Removing 5 users from all courses. Done
    23:46:37.774 | 396 ool-1-worker-160 | DEBUG | d.t.c.a.a.c.u.util.UserUtilService   : Save 5 users to database...
    23:46:37.778 | 396 ool-1-worker-160 | DEBUG | d.t.c.a.a.c.u.util.UserUtilService   : Save 5 users to database. Done
    23:46:37.790 | 396 ool-1-worker-160 | INFO  | i.z.t.d.l.EmbeddedDatabaseReporter   : JDBC URL to connect to 'dataSource': url='jdbc:h2:tcp://localhost:41063/mem:df70fc46-7e57-4cb5-9cd0-c1d90c14afa7;USER=sa', scope='FileUploadSubmissionIntegrationTest#cannotSeeStudentDetailsInSubmissionListAsTutor'
    23:46:37.795 | 396 ool-1-worker-160 | DEBUG | .c.s.m.InstanceMessageReceiveService : Received schedule participant score for exercise 2648 and participant 553 (result to be deleted: null)
    23:46:37.795 | 396 ool-1-worker-160 | DEBUG | .a.s.ParticipantScoreScheduleService : Scheduled task for exercise 2648 and participant 553 at 2025-02-14T23:46:37.895199894Z[Etc/UTC].
    23:46:37.801 | 396 ool-1-worker-160 | DEBUG | .c.s.m.InstanceMessageReceiveService : Received schedule participant score for exercise 2648 and participant 553 (result to be deleted: null)
    23:46:37.801 | 396 ool-1-worker-160 | DEBUG | .a.s.ParticipantScoreScheduleService : Scheduled task for exercise 2648 and participant 553 at 2025-02-14T23:46:37.901234338Z[Etc/UTC].
    23:46:37.811 | 396 ool-1-worker-160 | DEBUG | .c.s.m.InstanceMessageReceiveService : Received schedule participant score for exercise 2648 and participant 553 (result to be deleted: null)
    23:46:37.811 | 396 ool-1-worker-160 | DEBUG | .a.s.ParticipantScoreScheduleService : Scheduled task for exercise 2648 and participant 553 at 2025-02-14T23:46:37.911574432Z[Etc/UTC].
    23:46:37.825 | 396 ool-1-worker-160 | DEBUG | d.t.c.a.a.c.s.f.ApiVersionFilter     : Adding Version to Request GET /api/exercises/2648/file-upload-submissions
    23:46:37.826 | 396 ool-1-worker-160 | DEBUG | a.a.f.w.FileUploadSubmissionResource : REST request to get all file upload submissions

  Starting logs for FileUploadSubmissionIntegrationTest > submitFileUploadSubmission_emptyFileContent()
    23:46:37.848 | 396 ool-1-worker-160 | DEBUG | d.t.c.a.a.c.u.util.UserUtilService   : Generate 3 students...
    23:46:37.853 | 396 ool-1-worker-160 | DEBUG | d.t.c.a.a.c.u.util.UserUtilService   : 3 students generated. Generate 1 tutors...
    23:46:37.856 | 396 ool-1-worker-160 | DEBUG | d.t.c.a.a.c.u.util.UserUtilService   : 1 tutors generated. Generate 0 editors...
    23:46:37.857 | 396 ool-1-worker-160 | DEBUG | d.t.c.a.a.c.u.util.UserUtilService   : 0 editors generated. Generate 1 instructors...
    23:46:37.860 | 396 ool-1-worker-160 | DEBUG | d.t.c.a.a.c.u.util.UserUtilService   : 1 instructors generated
    23:46:37.862 | 396 ool-1-worker-160 | DEBUG | d.t.c.a.a.c.u.util.UserUtilService   : Removing 5 users from all courses...
    23:46:37.862 | 396 ool-1-worker-160 | DEBUG | d.t.c.a.a.c.u.util.UserUtilService   : Removing 5 users from all courses. Done
    23:46:37.862 | 396 ool-1-worker-160 | DEBUG | d.t.c.a.a.c.u.util.UserUtilService   : Save 5 users to database...
    23:46:37.866 | 396 ool-1-worker-160 | DEBUG | d.t.c.a.a.c.u.util.UserUtilService   : Save 5 users to database. Done
    23:46:37.876 | 396 ool-1-worker-160 | INFO  | i.z.t.d.l.EmbeddedDatabaseReporter   : JDBC URL to connect to 'dataSource': url='jdbc:h2:tcp://localhost:41063/mem:df70fc46-7e57-4cb5-9cd0-c1d90c14afa7;USER=sa', scope='FileUploadSubmissionIntegrationTest#submitFileUploadSubmission_emptyFileContent'
    23:46:37.878 | 396 ool-1-worker-160 | DEBUG | d.t.c.a.a.c.s.f.ApiVersionFilter     : Adding Version to Request POST /api/exercises/2652/file-upload-submissions
    23:46:37.878 | 396 ool-1-worker-160 | DEBUG | a.a.f.w.FileUploadSubmissionResource : REST request to submit new file upload submission : FileUploadSubmission{id=null, filePath='null'}
    23:46:37.881 | 396 ool-1-worker-160 | ERROR | tech.jhipster.web.util.HeaderUtil    : Entity processing failed, The uploaded file is empty
    23:46:37.881 | 396 ool-1-worker-160 | WARN  | o.z.p.spring.common.AdviceTraits     : Bad Request: The uploaded file is empty
    23:46:37.881 | 395 ool-1-worker-159 | DEBUG | d.t.c.a.a.p.service.GitService       : Cloning from https://version-control.fake.fake/git/SHORTCF0872D304C8504B1A0A12B06649F1295F05TSTEXC/shortcf0872d304c8504b1a0a12b06649f1295f05tstexc-progexjenkgitlabstudent1.git to /tmp/jplag-repos18200874422898673949/SHORTCF0872D304C8504B1A0A12B06649F1295F05TSTEXC/3217-progexjenkgitlabstudent1
    23:46:37.886 | 395 ool-1-worker-159 | ERROR | d.t.c.a.a.p.service.GitService       : Could not delete directory after failed clone: /tmp/jplag-repos18200874422898673949/SHORTCF0872D304C8504B1A0A12B06649F1295F05TSTEXC/3217-progexjenkgitlabstudent1
    23:46:37.886 | 395 ool-1-worker-159 | ERROR | rogrammingPlagiarismDetectionService : Clone student repository https://version-control.fake.fake/git/SHORTCF0872D304C8504B1A0A12B06649F1295F05TSTEXC/shortcf0872d304c8504b1a0a12b06649f1295f05tstexc-progexjenkgitlabstudent1.git in exercise 'Programming' did not work as expected: org.eclipse.jgit.api.errors.TransportException: https://version-control.fake.fake/git/SHORTCF0872D304C8504B1A0A12B06649F1295F05TSTEXC/shortcf0872d304c8504b1a0a12b06649f1295f05tstexc-progexjenkgitlabstudent1.git: cannot open git-upload-pack

  Starting logs for FileUploadSubmissionIntegrationTest > getDataForFileUpload_wrongStudent()
    23:46:37.894 | 396 ool-1-worker-160 | DEBUG | d.t.c.a.a.c.u.util.UserUtilService   : Generate 3 students...
    23:46:37.900 | 396 ool-1-worker-160 | DEBUG | d.t.c.a.a.c.u.util.UserUtilService   : 3 students generated. Generate 1 tutors...
    23:46:37.902 | 396 ool-1-worker-160 | DEBUG | d.t.c.a.a.c.u.util.UserUtilService   : 1 tutors generated. Generate 0 editors...
    23:46:37.904 | 396 ool-1-worker-160 | DEBUG | d.t.c.a.a.c.u.util.UserUtilService   : 0 editors generated. Generate 1 instructors...
    23:46:37.906 | 396 ool-1-worker-160 | DEBUG | d.t.c.a.a.c.u.util.UserUtilService   : 1 instructors generated
    23:46:37.908 | 396 ool-1-worker-160 | DEBUG | d.t.c.a.a.c.u.util.UserUtilService   : Removing 5 users from all courses...
    23:46:37.909 | 396 ool-1-worker-160 | DEBUG | d.t.c.a.a.c.u.util.UserUtilService   : Removing 5 users from all courses. Done
    23:46:37.909 | 396 ool-1-worker-160 | DEBUG | d.t.c.a.a.c.u.util.UserUtilService   : Save 5 users to database...
    23:46:37.913 | 396 ool-1-worker-160 | DEBUG | d.t.c.a.a.c.u.util.UserUtilService   : Save 5 users to database. Done
    23:46:37.921 | 396 ool-1-worker-160 | INFO  | i.z.t.d.l.EmbeddedDatabaseReporter   : JDBC URL to connect to 'dataSource': url='jdbc:h2:tcp://localhost:41063/mem:df70fc46-7e57-4cb5-9cd0-c1d90c14afa7;USER=sa', scope='FileUploadSubmissionIntegrationTest#getDataForFileUpload_wrongStudent'
    23:46:37.925 | 396 ool-1-worker-160 | DEBUG | .c.s.m.InstanceMessageReceiveService : Received schedule participant score for exercise 2656 and participant 554 (result to be deleted: null)
    23:46:37.925 | 396 ool-1-worker-160 | DEBUG | .a.s.ParticipantScoreScheduleService : Scheduled task for exercise 2656 and participant 554 at 2025-02-14T23:46:38.025690421Z[Etc/UTC].
    23:46:37.930 | 396 ool-1-worker-160 | DEBUG | .c.s.m.InstanceMessageReceiveService : Received schedule participant score for exercise 2656 and participant 554 (result to be deleted: null)
    23:46:37.930 | 396 ool-1-worker-160 | DEBUG | .a.s.ParticipantScoreScheduleService : Scheduled task for exercise 2656 and participant 554 at 2025-02-14T23:46:38.030412375Z[Etc/UTC].
    23:46:37.939 | 396 ool-1-worker-160 | DEBUG | .c.s.m.InstanceMessageReceiveService : Received schedule participant score for exercise 2656 and participant 554 (result to be deleted: null)
    23:46:37.939 | 396 ool-1-worker-160 | DEBUG | .a.s.ParticipantScoreScheduleService : Scheduled task for exercise 2656 and participant 554 at 2025-02-14T23:46:38.039891763Z[Etc/UTC].
    23:46:37.951 | 396 ool-1-worker-160 | DEBUG | d.t.c.a.a.c.s.f.ApiVersionFilter     : Adding Version to Request GET /api/participations/1693/file-upload-editor
    23:46:37.955 | 396 ool-1-worker-160 | WARN  | o.z.p.spring.common.AdviceTraits     : Forbidden: You are not allowed to access the participation with id 1693

  Starting logs for FileUploadSubmissionIntegrationTest > submitFileSpecialExtensions()
    23:46:37.969 | 396 ool-1-worker-160 | DEBUG | d.t.c.a.a.c.u.util.UserUtilService   : Generate 3 students...
    23:46:37.975 | 396 ool-1-worker-160 | DEBUG | d.t.c.a.a.c.u.util.UserUtilService   : 3 students generated. Generate 1 tutors...
    23:46:37.977 | 396 ool-1-worker-160 | DEBUG | d.t.c.a.a.c.u.util.UserUtilService   : 1 tutors generated. Generate 0 editors...
    23:46:37.979 | 396 ool-1-worker-160 | DEBUG | d.t.c.a.a.c.u.util.UserUtilService   : 0 editors generated. Generate 1 instructors...
    23:46:37.981 | 396 ool-1-worker-160 | DEBUG | d.t.c.a.a.c.u.util.UserUtilService   : 1 instructors generated
    23:46:37.984 | 396 ool-1-worker-160 | DEBUG | d.t.c.a.a.c.u.util.UserUtilService   : Removing 5 users from all courses...
    23:46:37.985 | 396 ool-1-worker-160 | DEBUG | d.t.c.a.a.c.u.util.UserUtilService   : Removing 5 users from all courses. Done
    23:46:37.985 | 396 ool-1-worker-160 | DEBUG | d.t.c.a.a.c.u.util.UserUtilService   : Save 5 users to database...
    23:46:37.989 | 396 ool-1-worker-160 | DEBUG | d.t.c.a.a.c.u.util.UserUtilService   : Save 5 users to database. Done
    23:46:38.000 | 396 ool-1-worker-160 | INFO  | i.z.t.d.l.EmbeddedDatabaseReporter   : JDBC URL to connect to 'dataSource': url='jdbc:h2:tcp://localhost:41063/mem:df70fc46-7e57-4cb5-9cd0-c1d90c14afa7;USER=sa', scope='FileUploadSubmissionIntegrationTest#submitFileSpecialExtensions'
    23:46:38.002 | 396 ool-1-worker-160 | DEBUG | d.t.c.a.a.c.s.f.ApiVersionFilter     : Adding Version to Request POST /api/exercises/2660/file-upload-submissions
    23:46:38.003 | 396 ool-1-worker-160 | DEBUG | a.a.f.w.FileUploadSubmissionResource : REST request to submit new file upload submission : FileUploadSubmission{id=null, filePath='null'}
    23:46:38.034 | 396 ool-1-worker-160 | INFO  | a.a.f.w.FileUploadSubmissionResource : handleFileUploadSubmission took 28ms for exercise 2660 and user fileuploadsubmissionstudent3
    23:46:38.037 | 396 ool-1-worker-160 | DEBUG | d.t.c.a.a.c.s.f.ApiVersionFilter     : Adding Version to Request GET /api/files/file-upload-exercises/2660/submissions/1255/test.ipynb
    23:46:38.038 | 396 ool-1-worker-160 | DEBUG | d.t.c.a.a.core.web.FileResource      : REST request to get file for file upload submission : 2660

  Starting logs for FileUploadSubmissionIntegrationTest > getFileUploadSubmissionWithoutAssessment_asStudent_forbidden()
    23:46:38.058 | 396 ool-1-worker-160 | DEBUG | d.t.c.a.a.c.u.util.UserUtilService   : Generate 3 students...
    23:46:38.064 | 396 ool-1-worker-160 | DEBUG | d.t.c.a.a.c.u.util.UserUtilService   : 3 students generated. Generate 1 tutors...
    23:46:38.066 | 396 ool-1-worker-160 | DEBUG | d.t.c.a.a.c.u.util.UserUtilService   : 1 tutors generated. Generate 0 editors...
    23:46:38.067 | 396 ool-1-worker-160 | DEBUG | d.t.c.a.a.c.u.util.UserUtilService   : 0 editors generated. Generate 1 instructors...
    23:46:38.070 | 396 ool-1-worker-160 | DEBUG | d.t.c.a.a.c.u.util.UserUtilService   : 1 instructors generated
    23:46:38.072 | 396 ool-1-worker-160 | DEBUG | d.t.c.a.a.c.u.util.UserUtilService   : Removing 5 users from all courses...
    23:46:38.073 | 396 ool-1-worker-160 | DEBUG | d.t.c.a.a.c.u.util.UserUtilService   : Removing 5 users from all courses. Done
    23:46:38.073 | 396 ool-1-worker-160 | DEBUG | d.t.c.a.a.c.u.util.UserUtilService   : Save 5 users to database...
    23:46:38.077 | 396 ool-1-worker-160 | DEBUG | d.t.c.a.a.c.u.util.UserUtilService   : Save 5 users to database. Done
    23:46:38.088 | 396 ool-1-worker-160 | INFO  | i.z.t.d.l.EmbeddedDatabaseReporter   : JDBC URL to connect to 'dataSource': url='jdbc:h2:tcp://localhost:41063/mem:df70fc46-7e57-4cb5-9cd0-c1d90c14afa7;USER=sa', scope='FileUploadSubmissionIntegrationTest#getFileUploadSubmissionWithoutAssessment_asStudent_forbidden'
    23:46:38.098 | 396 ool-1-worker-160 | DEBUG | d.t.c.a.a.c.s.f.ApiVersionFilter     : Adding Version to Request GET /api/exercises/2664/file-upload-submission-without-assessment
    23:46:38.099 | 396 ool-1-worker-160 | WARN  | o.z.p.spring.common.AdviceTraits     : Forbidden: Access Denied

  Starting logs for FileUploadSubmissionIntegrationTest > getDataForFileUpload_afterAssessmentDueDate_showsFeedback()
    23:46:38.113 | 396 ool-1-worker-160 | DEBUG | d.t.c.a.a.c.u.util.UserUtilService   : Generate 3 students...
    23:46:38.124 | 396 ool-1-worker-160 | DEBUG | d.t.c.a.a.c.u.util.UserUtilService   : 3 students generated. Generate 1 tutors...
    23:46:38.130 | 396 ool-1-worker-160 | DEBUG | d.t.c.a.a.c.u.util.UserUtilService   : 1 tutors generated. Generate 0 editors...
    23:46:38.131 | 396 ool-1-worker-160 | DEBUG | d.t.c.a.a.c.u.util.UserUtilService   : 0 editors generated. Generate 1 instructors...
    23:46:38.136 | 396 ool-1-worker-160 | DEBUG | d.t.c.a.a.c.u.util.UserUtilService   : 1 instructors generated
    23:46:38.142 | 396 ool-1-worker-160 | DEBUG | d.t.c.a.a.c.u.util.UserUtilService   : Removing 5 users from all courses...
    23:46:38.144 | 396 ool-1-worker-160 | DEBUG | d.t.c.a.a.c.u.util.UserUtilService   : Removing 5 users from all courses. Done
    23:46:38.144 | 396 ool-1-worker-160 | DEBUG | d.t.c.a.a.c.u.util.UserUtilService   : Save 5 users to database...
    23:46:38.149 | 396 ool-1-worker-160 | DEBUG | d.t.c.a.a.c.u.util.UserUtilService   : Save 5 users to database. Done
    23:46:38.172 | 396 ool-1-worker-160 | INFO  | i.z.t.d.l.EmbeddedDatabaseReporter   : JDBC URL to connect to 'dataSource': url='jdbc:h2:tcp://localhost:41063/mem:df70fc46-7e57-4cb5-9cd0-c1d90c14afa7;USER=sa', scope='FileUploadSubmissionIntegrationTest#getDataForFileUpload_afterAssessmentDueDate_showsFeedback'
    23:46:38.177 | 396 ool-1-worker-160 | DEBUG | .c.s.m.InstanceMessageReceiveService : Received schedule participant score for exercise 2670 and participant 553 (result to be deleted: null)
    23:46:38.177 | 396 ool-1-worker-160 | DEBUG | .a.s.ParticipantScoreScheduleService : Scheduled task for exercise 2670 and participant 553 at 2025-02-14T23:46:38.277886120Z[Etc/UTC].
    23:46:38.191 | 396 ool-1-worker-160 | DEBUG | .c.s.m.InstanceMessageReceiveService : Received schedule participant score for exercise 2670 and participant 553 (result to be deleted: null)
    23:46:38.191 | 396 ool-1-worker-160 | DEBUG | .a.s.ParticipantScoreScheduleService : Scheduled task for exercise 2670 and participant 553 at 2025-02-14T23:46:38.291789619Z[Etc/UTC].
    23:46:38.204 | 396 ool-1-worker-160 | DEBUG | .c.s.m.InstanceMessageReceiveService : Received schedule participant score for exercise 2670 and participant 553 (result to be deleted: null)
    23:46:38.204 | 396 ool-1-worker-160 | DEBUG | .a.s.ParticipantScoreScheduleService : Scheduled task for exercise 2670 and participant 553 at 2025-02-14T23:46:38.304790384Z[Etc/UTC].
    23:46:38.215 | 396 ool-1-worker-160 | DEBUG | d.t.c.a.a.c.s.f.ApiVersionFilter     : Adding Version to Request GET /api/participations/1701/file-upload-editor

  Starting logs for FileUploadSubmissionIntegrationTest > testDeleteSubmission()
    23:46:38.234 | 396 ool-1-worker-160 | DEBUG | d.t.c.a.a.c.u.util.UserUtilService   : Generate 3 students...
    23:46:38.239 | 396 ool-1-worker-160 | DEBUG | d.t.c.a.a.c.u.util.UserUtilService   : 3 students generated. Generate 1 tutors...
    23:46:38.242 | 396 ool-1-worker-160 | DEBUG | d.t.c.a.a.c.u.util.UserUtilService   : 1 tutors generated. Generate 0 editors...
    23:46:38.243 | 396 ool-1-worker-160 | DEBUG | d.t.c.a.a.c.u.util.UserUtilService   : 0 editors generated. Generate 1 instructors...
    23:46:38.246 | 396 ool-1-worker-160 | DEBUG | d.t.c.a.a.c.u.util.UserUtilService   : 1 instructors generated
    23:46:38.248 | 396 ool-1-worker-160 | DEBUG | d.t.c.a.a.c.u.util.UserUtilService   : Removing 5 users from all courses...
    23:46:38.249 | 396 ool-1-worker-160 | DEBUG | d.t.c.a.a.c.u.util.UserUtilService   : Removing 5 users from all courses. Done
    23:46:38.249 | 396 ool-1-worker-160 | DEBUG | d.t.c.a.a.c.u.util.UserUtilService   : Save 5 users to database...
    23:46:38.253 | 396 ool-1-worker-160 | DEBUG | d.t.c.a.a.c.u.util.UserUtilService   : Save 5 users to database. Done
    23:46:38.265 | 396 ool-1-worker-160 | INFO  | i.z.t.d.l.EmbeddedDatabaseReporter   : JDBC URL to connect to 'dataSource': url='jdbc:h2:tcp://localhost:41063/mem:df70fc46-7e57-4cb5-9cd0-c1d90c14afa7;USER=sa', scope='FileUploadSubmissionIntegrationTest#testDeleteSubmission'
    23:46:38.272 | 601 l-10308-thread-1 | ERROR | d.t.c.a.a.core.service.FileService   : Deleting the file uploads/file-upload-exercises/769/406062/Pinguin.pdf did not work because it does not exist

  Starting logs for FileUploadSubmissionIntegrationTest > submitFileUploadSubmissionWithShortName()
    23:46:38.304 | 396 ool-1-worker-160 | DEBUG | d.t.c.a.a.c.u.util.UserUtilService   : Generate 3 students...
    23:46:38.309 | 396 ool-1-worker-160 | DEBUG | d.t.c.a.a.c.u.util.UserUtilService   : 3 students generated. Generate 1 tutors...
    23:46:38.312 | 396 ool-1-worker-160 | DEBUG | d.t.c.a.a.c.u.util.UserUtilService   : 1 tutors generated. Generate 0 editors...
    23:46:38.313 | 396 ool-1-worker-160 | DEBUG | d.t.c.a.a.c.u.util.UserUtilService   : 0 editors generated. Generate 1 instructors...
    23:46:38.316 | 396 ool-1-worker-160 | DEBUG | d.t.c.a.a.c.u.util.UserUtilService   : 1 instructors generated
    23:46:38.318 | 396 ool-1-worker-160 | DEBUG | d.t.c.a.a.c.u.util.UserUtilService   : Removing 5 users from all courses...
    23:46:38.319 | 396 ool-1-worker-160 | DEBUG | d.t.c.a.a.c.u.util.UserUtilService   : Removing 5 users from all courses. Done
    23:46:38.319 | 396 ool-1-worker-160 | DEBUG | d.t.c.a.a.c.u.util.UserUtilService   : Save 5 users to database...
    23:46:38.322 | 396 ool-1-worker-160 | DEBUG | d.t.c.a.a.c.u.util.UserUtilService   : Save 5 users to database. Done
    23:46:38.329 | 396 ool-1-worker-160 | INFO  | i.z.t.d.l.EmbeddedDatabaseReporter   : JDBC URL to connect to 'dataSource': url='jdbc:h2:tcp://localhost:41063/mem:df70fc46-7e57-4cb5-9cd0-c1d90c14afa7;USER=sa', scope='FileUploadSubmissionIntegrationTest#submitFileUploadSubmissionWithShortName'
    23:46:38.330 | 396 ool-1-worker-160 | DEBUG | d.t.c.a.a.c.s.f.ApiVersionFilter     : Adding Version to Request POST /api/exercises/2676/file-upload-submissions
    23:46:38.331 | 396 ool-1-worker-160 | DEBUG | a.a.f.w.FileUploadSubmissionResource : REST request to submit new file upload submission : FileUploadSubmission{id=null, filePath='null'}
    23:46:38.346 | 396 ool-1-worker-160 | INFO  | a.a.f.w.FileUploadSubmissionResource : handleFileUploadSubmission took 13ms for exercise 2676 and user fileuploadsubmissionstudent3
    23:46:38.348 | 396 ool-1-worker-160 | DEBUG | d.t.c.a.a.c.s.f.ApiVersionFilter     : Adding Version to Request GET /api/files/file-upload-exercises/2676/submissions/1259/file.png
    23:46:38.349 | 396 ool-1-worker-160 | DEBUG | d.t.c.a.a.core.web.FileResource      : REST request to get file for file upload submission : 2676

  Starting logs for FileUploadSubmissionIntegrationTest > submitExercise_afterDueDateWithParticipationStartAfterDueDate_allowed()
    23:46:38.361 | 396 ool-1-worker-160 | DEBUG | d.t.c.a.a.c.u.util.UserUtilService   : Generate 3 students...
    23:46:38.365 | 396 ool-1-worker-160 | DEBUG | d.t.c.a.a.c.u.util.UserUtilService   : 3 students generated. Generate 1 tutors...
    23:46:38.367 | 396 ool-1-worker-160 | DEBUG | d.t.c.a.a.c.u.util.UserUtilService   : 1 tutors generated. Generate 0 editors...
    23:46:38.368 | 396 ool-1-worker-160 | DEBUG | d.t.c.a.a.c.u.util.UserUtilService   : 0 editors generated. Generate 1 instructors...
    23:46:38.370 | 396 ool-1-worker-160 | DEBUG | d.t.c.a.a.c.u.util.UserUtilService   : 1 instructors generated
    23:46:38.372 | 396 ool-1-worker-160 | DEBUG | d.t.c.a.a.c.u.util.UserUtilService   : Removing 5 users from all courses...
    23:46:38.372 | 396 ool-1-worker-160 | DEBUG | d.t.c.a.a.c.u.util.UserUtilService   : Removing 5 users from all courses. Done
    23:46:38.372 | 396 ool-1-worker-160 | DEBUG | d.t.c.a.a.c.u.util.UserUtilService   : Save 5 users to database...
    23:46:38.375 | 396 ool-1-worker-160 | DEBUG | d.t.c.a.a.c.u.util.UserUtilService   : Save 5 users to database. Done
    23:46:38.383 | 396 ool-1-worker-160 | INFO  | i.z.t.d.l.EmbeddedDatabaseReporter   : JDBC URL to connect to 'dataSource': url='jdbc:h2:tcp://localhost:41063/mem:df70fc46-7e57-4cb5-9cd0-c1d90c14afa7;USER=sa', scope='FileUploadSubmissionIntegrationTest#submitExercise_afterDueDateWithParticipationStartAfterDueDate_allowed'
    23:46:38.384 | 396 ool-1-worker-160 | DEBUG | d.t.c.a.a.c.s.f.ApiVersionFilter     : Adding Version to Request POST /api/exercises/2681/file-upload-submissions
    23:46:38.384 | 396 ool-1-worker-160 | DEBUG | a.a.f.w.FileUploadSubmissionResource : REST request to submit new file upload submission : FileUploadSubmission{id=null, filePath='null'}
    23:46:38.399 | 396 ool-1-worker-160 | INFO  | a.a.f.w.FileUploadSubmissionResource : handleFileUploadSubmission took 13ms for exercise 2681 and user fileuploadsubmissionstudent3

  Starting logs for FileUploadSubmissionIntegrationTest > getSubmissionWithoutAssessment()
    23:46:38.412 | 396 ool-1-worker-160 | DEBUG | d.t.c.a.a.c.u.util.UserUtilService   : Generate 3 students...
    23:46:38.417 | 396 ool-1-worker-160 | DEBUG | d.t.c.a.a.c.u.util.UserUtilService   : 3 students generated. Generate 1 tutors...
    23:46:38.420 | 396 ool-1-worker-160 | DEBUG | d.t.c.a.a.c.u.util.UserUtilService   : 1 tutors generated. Generate 0 editors...
    23:46:38.421 | 396 ool-1-worker-160 | DEBUG | d.t.c.a.a.c.u.util.UserUtilService   : 0 editors generated. Generate 1 instructors...
    23:46:38.424 | 396 ool-1-worker-160 | DEBUG | d.t.c.a.a.c.u.util.UserUtilService   : 1 instructors generated
    23:46:38.426 | 396 ool-1-worker-160 | DEBUG | d.t.c.a.a.c.u.util.UserUtilService   : Removing 5 users from all courses...
    23:46:38.427 | 396 ool-1-worker-160 | DEBUG | d.t.c.a.a.c.u.util.UserUtilService   : Removing 5 users from all courses. Done
    23:46:38.427 | 396 ool-1-worker-160 | DEBUG | d.t.c.a.a.c.u.util.UserUtilService   : Save 5 users to database...
    23:46:38.431 | 396 ool-1-worker-160 | DEBUG | d.t.c.a.a.c.u.util.UserUtilService   : Save 5 users to database. Done
    23:46:38.441 | 396 ool-1-worker-160 | INFO  | i.z.t.d.l.EmbeddedDatabaseReporter   : JDBC URL to connect to 'dataSource': url='jdbc:h2:tcp://localhost:41063/mem:df70fc46-7e57-4cb5-9cd0-c1d90c14afa7;USER=sa', scope='FileUploadSubmissionIntegrationTest#getSubmissionWithoutAssessment'
    23:46:38.457 | 396 ool-1-worker-160 | DEBUG | d.t.c.a.a.c.s.f.ApiVersionFilter     : Adding Version to Request GET /api/exercises/2684/file-upload-submission-without-assessment
    23:46:38.457 | 396 ool-1-worker-160 | DEBUG | a.a.f.w.FileUploadSubmissionResource : REST request to get a file upload submission without assessment

  Starting logs for FileUploadSubmissionIntegrationTest > getSubmissionByID_asTA_withResultAndAssessor()
    23:46:38.524 | 396 ool-1-worker-160 | DEBUG | d.t.c.a.a.c.u.util.UserUtilService   : Generate 3 students...
    23:46:38.529 | 396 ool-1-worker-160 | DEBUG | d.t.c.a.a.c.u.util.UserUtilService   : 3 students generated. Generate 1 tutors...
    23:46:38.531 | 396 ool-1-worker-160 | DEBUG | d.t.c.a.a.c.u.util.UserUtilService   : 1 tutors generated. Generate 0 editors...
    23:46:38.532 | 396 ool-1-worker-160 | DEBUG | d.t.c.a.a.c.u.util.UserUtilService   : 0 editors generated. Generate 1 instructors...
    23:46:38.534 | 396 ool-1-worker-160 | DEBUG | d.t.c.a.a.c.u.util.UserUtilService   : 1 instructors generated
    23:46:38.536 | 396 ool-1-worker-160 | DEBUG | d.t.c.a.a.c.u.util.UserUtilService   : Removing 5 users from all courses...
    23:46:38.536 | 396 ool-1-worker-160 | DEBUG | d.t.c.a.a.c.u.util.UserUtilService   : Removing 5 users from all courses. Done
    23:46:38.536 | 396 ool-1-worker-160 | DEBUG | d.t.c.a.a.c.u.util.UserUtilService   : Save 5 users to database...
    23:46:38.539 | 396 ool-1-worker-160 | DEBUG | d.t.c.a.a.c.u.util.UserUtilService   : Save 5 users to database. Done
    23:46:38.547 | 396 ool-1-worker-160 | INFO  | i.z.t.d.l.EmbeddedDatabaseReporter   : JDBC URL to connect to 'dataSource': url='jdbc:h2:tcp://localhost:41063/mem:df70fc46-7e57-4cb5-9cd0-c1d90c14afa7;USER=sa', scope='FileUploadSubmissionIntegrationTest#getSubmissionByID_asTA_withResultAndAssessor'
    23:46:38.550 | 396 ool-1-worker-160 | DEBUG | .c.s.m.InstanceMessageReceiveService : Received schedule participant score for exercise 2688 and participant 553 (result to be deleted: null)
    23:46:38.550 | 396 ool-1-worker-160 | DEBUG | .a.s.ParticipantScoreScheduleService : Scheduled task for exercise 2688 and participant 553 at 2025-02-14T23:46:38.650670977Z[Etc/UTC].
    23:46:38.554 | 396 ool-1-worker-160 | DEBUG | .c.s.m.InstanceMessageReceiveService : Received schedule participant score for exercise 2688 and participant 553 (result to be deleted: null)
    23:46:38.554 | 396 ool-1-worker-160 | DEBUG | .a.s.ParticipantScoreScheduleService : Scheduled task for exercise 2688 and participant 553 at 2025-02-14T23:46:38.654669373Z[Etc/UTC].
    23:46:38.560 | 396 ool-1-worker-160 | DEBUG | .c.s.m.InstanceMessageReceiveService : Received schedule participant score for exercise 2688 and participant 553 (result to be deleted: null)
    23:46:38.560 | 396 ool-1-worker-160 | DEBUG | .a.s.ParticipantScoreScheduleService : Scheduled task for exercise 2688 and participant 553 at 2025-02-14T23:46:38.660597369Z[Etc/UTC].
    23:46:38.567 | 396 ool-1-worker-160 | DEBUG | d.t.c.a.a.c.s.f.ApiVersionFilter     : Adding Version to Request GET /api/file-upload-submissions/1263
    23:46:38.568 | 396 ool-1-worker-160 | DEBUG | a.a.f.w.FileUploadSubmissionResource : REST request to get FileUploadSubmission with id: 1263
    23:46:38.570 | 396 ool-1-worker-160 | DEBUG | .c.s.m.InstanceMessageReceiveService : Received schedule participant score for exercise 2688 and participant 553 (result to be deleted: null)
    23:46:38.570 | 396 ool-1-worker-160 | DEBUG | .a.s.ParticipantScoreScheduleService : Scheduled task for exercise 2688 and participant 553 at 2025-02-14T23:46:38.670635008Z[Etc/UTC].

  Starting logs for FileUploadSubmissionIntegrationTest > submitExerciseWithSubmissionId()
    23:46:38.585 | 396 ool-1-worker-160 | DEBUG | d.t.c.a.a.c.u.util.UserUtilService   : Generate 3 students...
    23:46:38.591 | 396 ool-1-worker-160 | DEBUG | d.t.c.a.a.c.u.util.UserUtilService   : 3 students generated. Generate 1 tutors...
    23:46:38.593 | 396 ool-1-worker-160 | DEBUG | d.t.c.a.a.c.u.util.UserUtilService   : 1 tutors generated. Generate 0 editors...
    23:46:38.594 | 396 ool-1-worker-160 | DEBUG | d.t.c.a.a.c.u.util.UserUtilService   : 0 editors generated. Generate 1 instructors...
    23:46:38.597 | 396 ool-1-worker-160 | DEBUG | d.t.c.a.a.c.u.util.UserUtilService   : 1 instructors generated
    23:46:38.599 | 396 ool-1-worker-160 | DEBUG | d.t.c.a.a.c.u.util.UserUtilService   : Removing 5 users from all courses...
    23:46:38.600 | 396 ool-1-worker-160 | DEBUG | d.t.c.a.a.c.u.util.UserUtilService   : Removing 5 users from all courses. Done
    23:46:38.600 | 396 ool-1-worker-160 | DEBUG | d.t.c.a.a.c.u.util.UserUtilService   : Save 5 users to database...
    23:46:38.604 | 396 ool-1-worker-160 | DEBUG | d.t.c.a.a.c.u.util.UserUtilService   : Save 5 users to database. Done
    23:46:38.614 | 396 ool-1-worker-160 | INFO  | i.z.t.d.l.EmbeddedDatabaseReporter   : JDBC URL to connect to 'dataSource': url='jdbc:h2:tcp://localhost:41063/mem:df70fc46-7e57-4cb5-9cd0-c1d90c14afa7;USER=sa', scope='FileUploadSubmissionIntegrationTest#submitExerciseWithSubmissionId'
    23:46:38.615 | 396 ool-1-worker-160 | DEBUG | d.t.c.a.a.c.s.f.ApiVersionFilter     : Adding Version to Request POST /api/exercises/2692/file-upload-submissions
    23:46:38.616 | 396 ool-1-worker-160 | DEBUG | a.a.f.w.FileUploadSubmissionResource : REST request to submit new file upload submission : FileUploadSubmission{id=null, filePath='null'}
    23:46:38.640 | 396 ool-1-worker-160 | INFO  | a.a.f.w.FileUploadSubmissionResource : handleFileUploadSubmission took 20ms for exercise 2692 and user fileuploadsubmissionstudent3
    23:46:38.643 | 396 ool-1-worker-160 | DEBUG | d.t.c.a.a.c.s.f.ApiVersionFilter     : Adding Version to Request POST /api/exercises/2692/file-upload-submissions
    23:46:38.644 | 396 ool-1-worker-160 | DEBUG | a.a.f.w.FileUploadSubmissionResource : REST request to submit new file upload submission : FileUploadSubmission{id=1264, filePath='/api/files/file-upload-exercises/2692/submissions/1264/file.png'}
    23:46:38.646 | 396 ool-1-worker-160 | ERROR | tech.jhipster.web.util.HeaderUtil    : Entity processing failed, ExerciseId in Body doesn't match ExerciseId in path!
    23:46:38.646 | 396 ool-1-worker-160 | WARN  | o.z.p.spring.common.AdviceTraits     : Bad Request: ExerciseId in Body doesn't match ExerciseId in path!

  Starting logs for FileUploadSubmissionIntegrationTest > canSeeStudentDetailsInSubmissionListAsInstructor()
    23:46:38.658 | 396 ool-1-worker-160 | DEBUG | d.t.c.a.a.c.u.util.UserUtilService   : Generate 3 students...
    23:46:38.663 | 396 ool-1-worker-160 | DEBUG | d.t.c.a.a.c.u.util.UserUtilService   : 3 students generated. Generate 1 tutors...
    23:46:38.665 | 396 ool-1-worker-160 | DEBUG | d.t.c.a.a.c.u.util.UserUtilService   : 1 tutors generated. Generate 0 editors...
    23:46:38.667 | 396 ool-1-worker-160 | DEBUG | d.t.c.a.a.c.u.util.UserUtilService   : 0 editors generated. Generate 1 instructors...
    23:46:38.669 | 396 ool-1-worker-160 | DEBUG | d.t.c.a.a.c.u.util.UserUtilService   : 1 instructors generated
    23:46:38.671 | 396 ool-1-worker-160 | DEBUG | d.t.c.a.a.c.u.util.UserUtilService   : Removing 5 users from all courses...
    23:46:38.672 | 396 ool-1-worker-160 | DEBUG | d.t.c.a.a.c.u.util.UserUtilService   : Removing 5 users from all courses. Done
    23:46:38.672 | 396 ool-1-worker-160 | DEBUG | d.t.c.a.a.c.u.util.UserUtilService   : Save 5 users to database...
    23:46:38.676 | 396 ool-1-worker-160 | DEBUG | d.t.c.a.a.c.u.util.UserUtilService   : Save 5 users to database. Done
    23:46:38.687 | 396 ool-1-worker-160 | INFO  | i.z.t.d.l.EmbeddedDatabaseReporter   : JDBC URL to connect to 'dataSource': url='jdbc:h2:tcp://localhost:41063/mem:df70fc46-7e57-4cb5-9cd0-c1d90c14afa7;USER=sa', scope='FileUploadSubmissionIntegrationTest#canSeeStudentDetailsInSubmissionListAsInstructor'
    23:46:38.698 | 396 ool-1-worker-160 | DEBUG | d.t.c.a.a.c.s.f.ApiVersionFilter     : Adding Version to Request GET /api/exercises/2696/file-upload-submissions
    23:46:38.698 | 396 ool-1-worker-160 | DEBUG | a.a.f.w.FileUploadSubmissionResource : REST request to get all file upload submissions

  Starting logs for FileUploadSubmissionIntegrationTest > getAllSubmittedSubmissionsOfExercise()
    23:46:38.716 | 396 ool-1-worker-160 | DEBUG | d.t.c.a.a.c.u.util.UserUtilService   : Generate 3 students...
    23:46:38.721 | 396 ool-1-worker-160 | DEBUG | d.t.c.a.a.c.u.util.UserUtilService   : 3 students generated. Generate 1 tutors...
    23:46:38.724 | 396 ool-1-worker-160 | DEBUG | d.t.c.a.a.c.u.util.UserUtilService   : 1 tutors generated. Generate 0 editors...
    23:46:38.725 | 396 ool-1-worker-160 | DEBUG | d.t.c.a.a.c.u.util.UserUtilService   : 0 editors generated. Generate 1 instructors...
    23:46:38.728 | 396 ool-1-worker-160 | DEBUG | d.t.c.a.a.c.u.util.UserUtilService   : 1 instructors generated
    23:46:38.730 | 396 ool-1-worker-160 | DEBUG | d.t.c.a.a.c.u.util.UserUtilService   : Removing 5 users from all courses...
    23:46:38.731 | 396 ool-1-worker-160 | DEBUG | d.t.c.a.a.c.u.util.UserUtilService   : Removing 5 users from all courses. Done
    23:46:38.731 | 396 ool-1-worker-160 | DEBUG | d.t.c.a.a.c.u.util.UserUtilService   : Save 5 users to database...
    23:46:38.734 | 396 ool-1-worker-160 | DEBUG | d.t.c.a.a.c.u.util.UserUtilService   : Save 5 users to database. Done
    23:46:38.745 | 396 ool-1-worker-160 | INFO  | i.z.t.d.l.EmbeddedDatabaseReporter   : JDBC URL to connect to 'dataSource': url='jdbc:h2:tcp://localhost:41063/mem:df70fc46-7e57-4cb5-9cd0-c1d90c14afa7;USER=sa', scope='FileUploadSubmissionIntegrationTest#getAllSubmittedSubmissionsOfExercise'
    23:46:38.762 | 396 ool-1-worker-160 | DEBUG | d.t.c.a.a.c.s.f.ApiVersionFilter     : Adding Version to Request GET /api/exercises/2700/file-upload-submissions
    23:46:38.763 | 396 ool-1-worker-160 | DEBUG | a.a.f.w.FileUploadSubmissionResource : REST request to get all file upload submissions

  Starting logs for FileUploadSubmissionIntegrationTest > getFileUploadSubmissionWithoutAssessment_wrongExerciseType()
    23:46:38.780 | 396 ool-1-worker-160 | DEBUG | d.t.c.a.a.c.u.util.UserUtilService   : Generate 3 students...
    23:46:38.785 | 396 ool-1-worker-160 | DEBUG | d.t.c.a.a.c.u.util.UserUtilService   : 3 students generated. Generate 1 tutors...
    23:46:38.788 | 396 ool-1-worker-160 | DEBUG | d.t.c.a.a.c.u.util.UserUtilService   : 1 tutors generated. Generate 0 editors...
    23:46:38.789 | 396 ool-1-worker-160 | DEBUG | d.t.c.a.a.c.u.util.UserUtilService   : 0 editors generated. Generate 1 instructors...
    23:46:38.792 | 396 ool-1-worker-160 | DEBUG | d.t.c.a.a.c.u.util.UserUtilService   : 1 instructors generated
    23:46:38.794 | 396 ool-1-worker-160 | DEBUG | d.t.c.a.a.c.u.util.UserUtilService   : Removing 5 users from all courses...
    23:46:38.795 | 396 ool-1-worker-160 | DEBUG | d.t.c.a.a.c.u.util.UserUtilService   : Removing 5 users from all courses. Done
    23:46:38.795 | 396 ool-1-worker-160 | DEBUG | d.t.c.a.a.c.u.util.UserUtilService   : Save 5 users to database...
    23:46:38.799 | 396 ool-1-worker-160 | DEBUG | d.t.c.a.a.c.u.util.UserUtilService   : Save 5 users to database. Done
    23:46:38.810 | 396 ool-1-worker-160 | INFO  | i.z.t.d.l.EmbeddedDatabaseReporter   : JDBC URL to connect to 'dataSource': url='jdbc:h2:tcp://localhost:41063/mem:df70fc46-7e57-4cb5-9cd0-c1d90c14afa7;USER=sa', scope='FileUploadSubmissionIntegrationTest#getFileUploadSubmissionWithoutAssessment_wrongExerciseType'
    23:46:38.813 | 396 ool-1-worker-160 | DEBUG | d.t.c.a.a.c.s.f.ApiVersionFilter     : Adding Version to Request GET /api/exercises/2708/file-upload-submission-without-assessment
    23:46:38.814 | 396 ool-1-worker-160 | DEBUG | a.a.f.w.FileUploadSubmissionResource : REST request to get a file upload submission without assessment
    23:46:38.815 | 396 ool-1-worker-160 | ERROR | tech.jhipster.web.util.HeaderUtil    : Entity processing failed, The requested exercise was not found.
    23:46:38.815 | 396 ool-1-worker-160 | WARN  | o.z.p.spring.common.AdviceTraits     : Bad Request: The requested exercise was not found.

  Starting logs for FileUploadSubmissionIntegrationTest > setSubmittedFileUploadSubmission_incorrectFileType()
    23:46:38.832 | 396 ool-1-worker-160 | DEBUG | d.t.c.a.a.c.u.util.UserUtilService   : Generate 3 students...
    23:46:38.838 | 396 ool-1-worker-160 | DEBUG | d.t.c.a.a.c.u.util.UserUtilService   : 3 students generated. Generate 1 tutors...
    23:46:38.840 | 396 ool-1-worker-160 | DEBUG | d.t.c.a.a.c.u.util.UserUtilService   : 1 tutors generated. Generate 0 editors...
    23:46:38.842 | 396 ool-1-worker-160 | DEBUG | d.t.c.a.a.c.u.util.UserUtilService   : 0 editors generated. Generate 1 instructors...
    23:46:38.844 | 396 ool-1-worker-160 | DEBUG | d.t.c.a.a.c.u.util.UserUtilService   : 1 instructors generated
    23:46:38.846 | 396 ool-1-worker-160 | DEBUG | d.t.c.a.a.c.u.util.UserUtilService   : Removing 5 users from all courses...
    23:46:38.847 | 396 ool-1-worker-160 | DEBUG | d.t.c.a.a.c.u.util.UserUtilService   : Removing 5 users from all courses. Done
    23:46:38.847 | 396 ool-1-worker-160 | DEBUG | d.t.c.a.a.c.u.util.UserUtilService   : Save 5 users to database...
    23:46:38.851 | 396 ool-1-worker-160 | DEBUG | d.t.c.a.a.c.u.util.UserUtilService   : Save 5 users to database. Done
    23:46:38.861 | 396 ool-1-worker-160 | INFO  | i.z.t.d.l.EmbeddedDatabaseReporter   : JDBC URL to connect to 'dataSource': url='jdbc:h2:tcp://localhost:41063/mem:df70fc46-7e57-4cb5-9cd0-c1d90c14afa7;USER=sa', scope='FileUploadSubmissionIntegrationTest#setSubmittedFileUploadSubmission_incorrectFileType'
    23:46:38.862 | 396 ool-1-worker-160 | DEBUG | d.t.c.a.a.c.s.f.ApiVersionFilter     : Adding Version to Request POST /api/exercises/2709/file-upload-submissions
    23:46:38.863 | 396 ool-1-worker-160 | DEBUG | a.a.f.w.FileUploadSubmissionResource : REST request to submit new file upload submission : FileUploadSubmission{id=null, filePath='null'}
    23:46:38.864 | 396 ool-1-worker-160 | ERROR | tech.jhipster.web.util.HeaderUtil    : Entity processing failed, The uploaded file has the wrong type!
    23:46:38.864 | 396 ool-1-worker-160 | WARN  | o.z.p.spring.common.AdviceTraits     : Bad Request: The uploaded file has the wrong type!

  Starting logs for FileUploadSubmissionIntegrationTest > testRepositoryMethods()
    23:46:38.877 | 396 ool-1-worker-160 | DEBUG | d.t.c.a.a.c.u.util.UserUtilService   : Generate 3 students...
    23:46:38.882 | 396 ool-1-worker-160 | DEBUG | d.t.c.a.a.c.u.util.UserUtilService   : 3 students generated. Generate 1 tutors...
    23:46:38.885 | 396 ool-1-worker-160 | DEBUG | d.t.c.a.a.c.u.util.UserUtilService   : 1 tutors generated. Generate 0 editors...
    23:46:38.886 | 396 ool-1-worker-160 | DEBUG | d.t.c.a.a.c.u.util.UserUtilService   : 0 editors generated. Generate 1 instructors...
    23:46:38.889 | 396 ool-1-worker-160 | DEBUG | d.t.c.a.a.c.u.util.UserUtilService   : 1 instructors generated
    23:46:38.891 | 396 ool-1-worker-160 | DEBUG | d.t.c.a.a.c.u.util.UserUtilService   : Removing 5 users from all courses...
    23:46:38.892 | 396 ool-1-worker-160 | DEBUG | d.t.c.a.a.c.u.util.UserUtilService   : Removing 5 users from all courses. Done
    23:46:38.892 | 396 ool-1-worker-160 | DEBUG | d.t.c.a.a.c.u.util.UserUtilService   : Save 5 users to database...
    23:46:38.896 | 396 ool-1-worker-160 | DEBUG | d.t.c.a.a.c.u.util.UserUtilService   : Save 5 users to database. Done
    23:46:38.907 | 396 ool-1-worker-160 | INFO  | i.z.t.d.l.EmbeddedDatabaseReporter   : JDBC URL to connect to 'dataSource': url='jdbc:h2:tcp://localhost:41063/mem:df70fc46-7e57-4cb5-9cd0-c1d90c14afa7;USER=sa', scope='FileUploadSubmissionIntegrationTest#testRepositoryMethods'

  Starting logs for FileUploadSubmissionIntegrationTest > submitExercise_withoutDueDate()
    23:46:38.925 | 396 ool-1-worker-160 | DEBUG | d.t.c.a.a.c.u.util.UserUtilService   : Generate 3 students...
    23:46:38.930 | 396 ool-1-worker-160 | DEBUG | d.t.c.a.a.c.u.util.UserUtilService   : 3 students generated. Generate 1 tutors...
    23:46:38.932 | 396 ool-1-worker-160 | DEBUG | d.t.c.a.a.c.u.util.UserUtilService   : 1 tutors generated. Generate 0 editors...
    23:46:38.934 | 396 ool-1-worker-160 | DEBUG | d.t.c.a.a.c.u.util.UserUtilService   : 0 editors generated. Generate 1 instructors...
    23:46:38.936 | 396 ool-1-worker-160 | DEBUG | d.t.c.a.a.c.u.util.UserUtilService   : 1 instructors generated
    23:46:38.939 | 396 ool-1-worker-160 | DEBUG | d.t.c.a.a.c.u.util.UserUtilService   : Removing 5 users from all courses...
    23:46:38.940 | 396 ool-1-worker-160 | DEBUG | d.t.c.a.a.c.u.util.UserUtilService   : Removing 5 users from all courses. Done
    23:46:38.940 | 396 ool-1-worker-160 | DEBUG | d.t.c.a.a.c.u.util.UserUtilService   : Save 5 users to database...
    23:46:38.944 | 396 ool-1-worker-160 | DEBUG | d.t.c.a.a.c.u.util.UserUtilService   : Save 5 users to database. Done
    23:46:38.953 | 396 ool-1-worker-160 | INFO  | i.z.t.d.l.EmbeddedDatabaseReporter   : JDBC URL to connect to 'dataSource': url='jdbc:h2:tcp://localhost:41063/mem:df70fc46-7e57-4cb5-9cd0-c1d90c14afa7;USER=sa', scope='FileUploadSubmissionIntegrationTest#submitExercise_withoutDueDate'
    23:46:38.957 | 396 ool-1-worker-160 | DEBUG | d.t.c.a.a.c.s.f.ApiVersionFilter     : Adding Version to Request POST /api/exercises/2720/file-upload-submissions
    23:46:38.958 | 396 ool-1-worker-160 | DEBUG | a.a.f.w.FileUploadSubmissionResource : REST request to submit new file upload submission : FileUploadSubmission{id=null, filePath='null'}
    23:46:38.974 | 396 ool-1-worker-160 | INFO  | a.a.f.w.FileUploadSubmissionResource : handleFileUploadSubmission took 13ms for exercise 2720 and user fileuploadsubmissionstudent3

  Starting logs for FileUploadSubmissionIntegrationTest > getAllSubmissionsOfExercise()
    23:46:38.984 | 396 ool-1-worker-160 | DEBUG | d.t.c.a.a.c.u.util.UserUtilService   : Generate 3 students...
    23:46:38.988 | 396 ool-1-worker-160 | DEBUG | d.t.c.a.a.c.u.util.UserUtilService   : 3 students generated. Generate 1 tutors...
    23:46:38.990 | 396 ool-1-worker-160 | DEBUG | d.t.c.a.a.c.u.util.UserUtilService   : 1 tutors generated. Generate 0 editors...
    23:46:38.991 | 396 ool-1-worker-160 | DEBUG | d.t.c.a.a.c.u.util.UserUtilService   : 0 editors generated. Generate 1 instructors...
    23:46:38.993 | 396 ool-1-worker-160 | DEBUG | d.t.c.a.a.c.u.util.UserUtilService   : 1 instructors generated
    23:46:38.995 | 396 ool-1-worker-160 | DEBUG | d.t.c.a.a.c.u.util.UserUtilService   : Removing 5 users from all courses...
    23:46:38.995 | 396 ool-1-worker-160 | DEBUG | d.t.c.a.a.c.u.util.UserUtilService   : Removing 5 users from all courses. Done
    23:46:38.995 | 396 ool-1-worker-160 | DEBUG | d.t.c.a.a.c.u.util.UserUtilService   : Save 5 users to database...
    23:46:38.998 | 396 ool-1-worker-160 | DEBUG | d.t.c.a.a.c.u.util.UserUtilService   : Save 5 users to database. Done
    23:46:39.008 | 396 ool-1-worker-160 | INFO  | i.z.t.d.l.EmbeddedDatabaseReporter   : JDBC URL to connect to 'dataSource': url='jdbc:h2:tcp://localhost:41063/mem:df70fc46-7e57-4cb5-9cd0-c1d90c14afa7;USER=sa', scope='FileUploadSubmissionIntegrationTest#getAllSubmissionsOfExercise'
    23:46:39.025 | 396 ool-1-worker-160 | DEBUG | d.t.c.a.a.c.s.f.ApiVersionFilter     : Adding Version to Request GET /api/exercises/2721/file-upload-submissions
    23:46:39.026 | 396 ool-1-worker-160 | DEBUG | a.a.f.w.FileUploadSubmissionResource : REST request to get all file upload submissions

  Starting logs for FileUploadSubmissionIntegrationTest > submitExercise_wrongExerciseId()
    23:46:39.039 | 396 ool-1-worker-160 | DEBUG | d.t.c.a.a.c.u.util.UserUtilService   : Generate 3 students...
    23:46:39.043 | 396 ool-1-worker-160 | DEBUG | d.t.c.a.a.c.u.util.UserUtilService   : 3 students generated. Generate 1 tutors...
    23:46:39.045 | 396 ool-1-worker-160 | DEBUG | d.t.c.a.a.c.u.util.UserUtilService   : 1 tutors generated. Generate 0 editors...
    23:46:39.046 | 396 ool-1-worker-160 | DEBUG | d.t.c.a.a.c.u.util.UserUtilService   : 0 editors generated. Generate 1 instructors...
    23:46:39.048 | 396 ool-1-worker-160 | DEBUG | d.t.c.a.a.c.u.util.UserUtilService   : 1 instructors generated
    23:46:39.050 | 396 ool-1-worker-160 | DEBUG | d.t.c.a.a.c.u.util.UserUtilService   : Removing 5 users from all courses...
    23:46:39.050 | 396 ool-1-worker-160 | DEBUG | d.t.c.a.a.c.u.util.UserUtilService   : Removing 5 users from all courses. Done
    23:46:39.050 | 396 ool-1-worker-160 | DEBUG | d.t.c.a.a.c.u.util.UserUtilService   : Save 5 users to database...
    23:46:39.053 | 396 ool-1-worker-160 | DEBUG | d.t.c.a.a.c.u.util.UserUtilService   : Save 5 users to database. Done
    23:46:39.061 | 396 ool-1-worker-160 | INFO  | i.z.t.d.l.EmbeddedDatabaseReporter   : JDBC URL to connect to 'dataSource': url='jdbc:h2:tcp://localhost:41063/mem:df70fc46-7e57-4cb5-9cd0-c1d90c14afa7;USER=sa', scope='FileUploadSubmissionIntegrationTest#submitExercise_wrongExerciseId'
    23:46:39.062 | 396 ool-1-worker-160 | DEBUG | d.t.c.a.a.c.s.f.ApiVersionFilter     : Adding Version to Request POST /api/exercises/2725/file-upload-submissions
    23:46:39.063 | 396 ool-1-worker-160 | DEBUG | a.a.f.w.FileUploadSubmissionResource : REST request to submit new file upload submission : FileUploadSubmission{id=null, filePath='null'}
    23:46:39.079 | 396 ool-1-worker-160 | INFO  | a.a.f.w.FileUploadSubmissionResource : handleFileUploadSubmission took 14ms for exercise 2725 and user fileuploadsubmissionstudent3
    23:46:39.085 | 396 ool-1-worker-160 | DEBUG | d.t.c.a.a.c.s.f.ApiVersionFilter     : Adding Version to Request POST /api/exercises/2725/file-upload-submissions
    23:46:39.086 | 396 ool-1-worker-160 | DEBUG | a.a.f.w.FileUploadSubmissionResource : REST request to submit new file upload submission : FileUploadSubmission{id=1271, filePath='/api/files/file-upload-exercises/2725/submissions/1271/file.png'}
    23:46:39.098 | 396 ool-1-worker-160 | INFO  | d.t.c.a.a.core.service.FileService   : Invalidate files cache for uploads/file-upload-exercises/2725/1271/file.png
    23:46:39.105 | 396 ool-1-worker-160 | INFO  | a.a.f.w.FileUploadSubmissionResource : handleFileUploadSubmission took 17ms for exercise 2725 and user fileuploadsubmissionstudent3

  Starting logs for FileUploadSubmissionIntegrationTest > saveExercise_afterDueDateWithParticipationStartAfterDueDate_allowed()
    23:46:39.116 | 396 ool-1-worker-160 | DEBUG | d.t.c.a.a.c.u.util.UserUtilService   : Generate 3 students...
    23:46:39.120 | 396 ool-1-worker-160 | DEBUG | d.t.c.a.a.c.u.util.UserUtilService   : 3 students generated. Generate 1 tutors...
    23:46:39.122 | 396 ool-1-worker-160 | DEBUG | d.t.c.a.a.c.u.util.UserUtilService   : 1 tutors generated. Generate 0 editors...
    23:46:39.123 | 396 ool-1-worker-160 | DEBUG | d.t.c.a.a.c.u.util.UserUtilService   : 0 editors generated. Generate 1 instructors...
    23:46:39.126 | 396 ool-1-worker-160 | DEBUG | d.t.c.a.a.c.u.util.UserUtilService   : 1 instructors generated
    23:46:39.127 | 396 ool-1-worker-160 | DEBUG | d.t.c.a.a.c.u.util.UserUtilService   : Removing 5 users from all courses...
    23:46:39.127 | 396 ool-1-worker-160 | DEBUG | d.t.c.a.a.c.u.util.UserUtilService   : Removing 5 users from all courses. Done
    23:46:39.127 | 396 ool-1-worker-160 | DEBUG | d.t.c.a.a.c.u.util.UserUtilService   : Save 5 users to database...
    23:46:39.130 | 396 ool-1-worker-160 | DEBUG | d.t.c.a.a.c.u.util.UserUtilService   : Save 5 users to database. Done
    23:46:39.138 | 396 ool-1-worker-160 | INFO  | i.z.t.d.l.EmbeddedDatabaseReporter   : JDBC URL to connect to 'dataSource': url='jdbc:h2:tcp://localhost:41063/mem:df70fc46-7e57-4cb5-9cd0-c1d90c14afa7;USER=sa', scope='FileUploadSubmissionIntegrationTest#saveExercise_afterDueDateWithParticipationStartAfterDueDate_allowed'
    23:46:39.139 | 396 ool-1-worker-160 | DEBUG | d.t.c.a.a.c.s.f.ApiVersionFilter     : Adding Version to Request POST /api/exercises/2730/file-upload-submissions
    23:46:39.139 | 396 ool-1-worker-160 | DEBUG | a.a.f.w.FileUploadSubmissionResource : REST request to submit new file upload submission : FileUploadSubmission{id=null, filePath='null'}
    23:46:39.154 | 396 ool-1-worker-160 | INFO  | a.a.f.w.FileUploadSubmissionResource : handleFileUploadSubmission took 13ms for exercise 2730 and user fileuploadsubmissionstudent3

  Starting logs for FileUploadSubmissionIntegrationTest > getFileUploadSubmissionWithoutAssessment_inFuture()
    23:46:39.165 | 396 ool-1-worker-160 | DEBUG | d.t.c.a.a.c.u.util.UserUtilService   : Generate 3 students...
    23:46:39.169 | 396 ool-1-worker-160 | DEBUG | d.t.c.a.a.c.u.util.UserUtilService   : 3 students generated. Generate 1 tutors...
    23:46:39.172 | 396 ool-1-worker-160 | DEBUG | d.t.c.a.a.c.u.util.UserUtilService   : 1 tutors generated. Generate 0 editors...
    23:46:39.173 | 396 ool-1-worker-160 | DEBUG | d.t.c.a.a.c.u.util.UserUtilService   : 0 editors generated. Generate 1 instructors...
    23:46:39.175 | 396 ool-1-worker-160 | DEBUG | d.t.c.a.a.c.u.util.UserUtilService   : 1 instructors generated
    23:46:39.177 | 396 ool-1-worker-160 | DEBUG | d.t.c.a.a.c.u.util.UserUtilService   : Removing 5 users from all courses...
    23:46:39.178 | 396 ool-1-worker-160 | DEBUG | d.t.c.a.a.c.u.util.UserUtilService   : Removing 5 users from all courses. Done
    23:46:39.178 | 396 ool-1-worker-160 | DEBUG | d.t.c.a.a.c.u.util.UserUtilService   : Save 5 users to database...
    23:46:39.182 | 396 ool-1-worker-160 | DEBUG | d.t.c.a.a.c.u.util.UserUtilService   : Save 5 users to database. Done
    23:46:39.192 | 396 ool-1-worker-160 | INFO  | i.z.t.d.l.EmbeddedDatabaseReporter   : JDBC URL to connect to 'dataSource': url='jdbc:h2:tcp://localhost:41063/mem:df70fc46-7e57-4cb5-9cd0-c1d90c14afa7;USER=sa', scope='FileUploadSubmissionIntegrationTest#getFileUploadSubmissionWithoutAssessment_inFuture'
    23:46:39.194 | 396 ool-1-worker-160 | DEBUG | d.t.c.a.a.c.s.f.ApiVersionFilter     : Adding Version to Request GET /api/exercises/2733/file-upload-submission-without-assessment
    23:46:39.194 | 396 ool-1-worker-160 | DEBUG | a.a.f.w.FileUploadSubmissionResource : REST request to get a file upload submission without assessment
    23:46:39.196 | 396 ool-1-worker-160 | DEBUG | d.t.c.a.a.e.s.SubmissionService      : The due date of exercise 'released' has not been reached yet.
    23:46:39.197 | 396 ool-1-worker-160 | WARN  | o.z.p.spring.common.AdviceTraits     : Forbidden: The due date of exercise 'released' has not been reached yet.

  Starting logs for FileUploadSubmissionIntegrationTest > getDataForFileUpload_withoutFinishedAssessment()
    23:46:39.209 | 396 ool-1-worker-160 | DEBUG | d.t.c.a.a.c.u.util.UserUtilService   : Generate 3 students...
    23:46:39.213 | 396 ool-1-worker-160 | DEBUG | d.t.c.a.a.c.u.util.UserUtilService   : 3 students generated. Generate 1 tutors...
    23:46:39.216 | 396 ool-1-worker-160 | DEBUG | d.t.c.a.a.c.u.util.UserUtilService   : 1 tutors generated. Generate 0 editors...
    23:46:39.217 | 396 ool-1-worker-160 | DEBUG | d.t.c.a.a.c.u.util.UserUtilService   : 0 editors generated. Generate 1 instructors...
    23:46:39.219 | 396 ool-1-worker-160 | DEBUG | d.t.c.a.a.c.u.util.UserUtilService   : 1 instructors generated
    23:46:39.221 | 396 ool-1-worker-160 | DEBUG | d.t.c.a.a.c.u.util.UserUtilService   : Removing 5 users from all courses...
    23:46:39.222 | 396 ool-1-worker-160 | DEBUG | d.t.c.a.a.c.u.util.UserUtilService   : Removing 5 users from all courses. Done
    23:46:39.222 | 396 ool-1-worker-160 | DEBUG | d.t.c.a.a.c.u.util.UserUtilService   : Save 5 users to database...
    23:46:39.224 | 396 ool-1-worker-160 | DEBUG | d.t.c.a.a.c.u.util.UserUtilService   : Save 5 users to database. Done
    23:46:39.232 | 396 ool-1-worker-160 | INFO  | i.z.t.d.l.EmbeddedDatabaseReporter   : JDBC URL to connect to 'dataSource': url='jdbc:h2:tcp://localhost:41063/mem:df70fc46-7e57-4cb5-9cd0-c1d90c14afa7;USER=sa', scope='FileUploadSubmissionIntegrationTest#getDataForFileUpload_withoutFinishedAssessment'
    23:46:39.236 | 396 ool-1-worker-160 | DEBUG | .c.s.m.InstanceMessageReceiveService : Received schedule participant score for exercise 2738 and participant 553 (result to be deleted: null)
    23:46:39.236 | 396 ool-1-worker-160 | DEBUG | .a.s.ParticipantScoreScheduleService : Scheduled task for exercise 2738 and participant 553 at 2025-02-14T23:46:39.336472140Z[Etc/UTC].
    23:46:39.241 | 396 ool-1-worker-160 | DEBUG | .c.s.m.InstanceMessageReceiveService : Received schedule participant score for exercise 2738 and participant 553 (result to be deleted: null)
    23:46:39.241 | 396 ool-1-worker-160 | DEBUG | .a.s.ParticipantScoreScheduleService : Scheduled task for exercise 2738 and participant 553 at 2025-02-14T23:46:39.341499747Z[Etc/UTC].
    23:46:39.249 | 396 ool-1-worker-160 | DEBUG | .c.s.m.InstanceMessageReceiveService : Received schedule participant score for exercise 2738 and participant 553 (result to be deleted: null)
    23:46:39.249 | 396 ool-1-worker-160 | DEBUG | .a.s.ParticipantScoreScheduleService : Scheduled task for exercise 2738 and participant 553 at 2025-02-14T23:46:39.349225324Z[Etc/UTC].
    23:46:39.257 | 396 ool-1-worker-160 | DEBUG | .c.s.m.InstanceMessageReceiveService : Received schedule participant score for exercise 2738 and participant 553 (result to be deleted: null)
    23:46:39.257 | 396 ool-1-worker-160 | DEBUG | .a.s.ParticipantScoreScheduleService : Scheduled task for exercise 2738 and participant 553 at 2025-02-14T23:46:39.357053824Z[Etc/UTC].
    23:46:39.258 | 396 ool-1-worker-160 | DEBUG | d.t.c.a.a.c.s.f.ApiVersionFilter     : Adding Version to Request GET /api/participations/1745/file-upload-editor

  Starting logs for FileUploadSubmissionIntegrationTest > getDataForFileUpload()
    23:46:39.274 | 396 ool-1-worker-160 | DEBUG | d.t.c.a.a.c.u.util.UserUtilService   : Generate 3 students...
    23:46:39.279 | 396 ool-1-worker-160 | DEBUG | d.t.c.a.a.c.u.util.UserUtilService   : 3 students generated. Generate 1 tutors...
    23:46:39.281 | 396 ool-1-worker-160 | DEBUG | d.t.c.a.a.c.u.util.UserUtilService   : 1 tutors generated. Generate 0 editors...
    23:46:39.283 | 396 ool-1-worker-160 | DEBUG | d.t.c.a.a.c.u.util.UserUtilService   : 0 editors generated. Generate 1 instructors...
    23:46:39.285 | 396 ool-1-worker-160 | DEBUG | d.t.c.a.a.c.u.util.UserUtilService   : 1 instructors generated
    23:46:39.287 | 396 ool-1-worker-160 | DEBUG | d.t.c.a.a.c.u.util.UserUtilService   : Removing 5 users from all courses...
    23:46:39.288 | 396 ool-1-worker-160 | DEBUG | d.t.c.a.a.c.u.util.UserUtilService   : Removing 5 users from all courses. Done
    23:46:39.288 | 396 ool-1-worker-160 | DEBUG | d.t.c.a.a.c.u.util.UserUtilService   : Save 5 users to database...
    23:46:39.292 | 396 ool-1-worker-160 | DEBUG | d.t.c.a.a.c.u.util.UserUtilService   : Save 5 users to database. Done
    23:46:39.303 | 396 ool-1-worker-160 | INFO  | i.z.t.d.l.EmbeddedDatabaseReporter   : JDBC URL to connect to 'dataSource': url='jdbc:h2:tcp://localhost:41063/mem:df70fc46-7e57-4cb5-9cd0-c1d90c14afa7;USER=sa', scope='FileUploadSubmissionIntegrationTest#getDataForFileUpload'
    23:46:39.307 | 396 ool-1-worker-160 | DEBUG | .c.s.m.InstanceMessageReceiveService : Received schedule participant score for exercise 2741 and participant 553 (result to be deleted: null)
    23:46:39.307 | 396 ool-1-worker-160 | DEBUG | .a.s.ParticipantScoreScheduleService : Scheduled task for exercise 2741 and participant 553 at 2025-02-14T23:46:39.407475740Z[Etc/UTC].
    23:46:39.312 | 396 ool-1-worker-160 | DEBUG | .c.s.m.InstanceMessageReceiveService : Received schedule participant score for exercise 2741 and participant 553 (result to be deleted: null)
    23:46:39.312 | 396 ool-1-worker-160 | DEBUG | .a.s.ParticipantScoreScheduleService : Scheduled task for exercise 2741 and participant 553 at 2025-02-14T23:46:39.412199109Z[Etc/UTC].
    23:46:39.319 | 396 ool-1-worker-160 | DEBUG | .c.s.m.InstanceMessageReceiveService : Received schedule participant score for exercise 2741 and participant 553 (result to be deleted: null)
    23:46:39.319 | 396 ool-1-worker-160 | DEBUG | .a.s.ParticipantScoreScheduleService : Scheduled task for exercise 2741 and participant 553 at 2025-02-14T23:46:39.419622443Z[Etc/UTC].
    23:46:39.326 | 396 ool-1-worker-160 | DEBUG | d.t.c.a.a.c.s.f.ApiVersionFilter     : Adding Version to Request GET /api/participations/1748/file-upload-editor

  Starting logs for FileUploadSubmissionIntegrationTest > submitFileUploadSubmissionTwiceSameFile()
    23:46:39.338 | 396 ool-1-worker-160 | DEBUG | d.t.c.a.a.c.u.util.UserUtilService   : Generate 3 students...
    23:46:39.342 | 396 ool-1-worker-160 | DEBUG | d.t.c.a.a.c.u.util.UserUtilService   : 3 students generated. Generate 1 tutors...
    23:46:39.344 | 396 ool-1-worker-160 | DEBUG | d.t.c.a.a.c.u.util.UserUtilService   : 1 tutors generated. Generate 0 editors...
    23:46:39.345 | 396 ool-1-worker-160 | DEBUG | d.t.c.a.a.c.u.util.UserUtilService   : 0 editors generated. Generate 1 instructors...
    23:46:39.347 | 396 ool-1-worker-160 | DEBUG | d.t.c.a.a.c.u.util.UserUtilService   : 1 instructors generated
    23:46:39.349 | 396 ool-1-worker-160 | DEBUG | d.t.c.a.a.c.u.util.UserUtilService   : Removing 5 users from all courses...
    23:46:39.349 | 396 ool-1-worker-160 | DEBUG | d.t.c.a.a.c.u.util.UserUtilService   : Removing 5 users from all courses. Done
    23:46:39.349 | 396 ool-1-worker-160 | DEBUG | d.t.c.a.a.c.u.util.UserUtilService   : Save 5 users to database...
    23:46:39.352 | 396 ool-1-worker-160 | DEBUG | d.t.c.a.a.c.u.util.UserUtilService   : Save 5 users to database. Done
    23:46:39.360 | 396 ool-1-worker-160 | INFO  | i.z.t.d.l.EmbeddedDatabaseReporter   : JDBC URL to connect to 'dataSource': url='jdbc:h2:tcp://localhost:41063/mem:df70fc46-7e57-4cb5-9cd0-c1d90c14afa7;USER=sa', scope='FileUploadSubmissionIntegrationTest#submitFileUploadSubmissionTwiceSameFile'
    23:46:39.361 | 396 ool-1-worker-160 | DEBUG | d.t.c.a.a.c.s.f.ApiVersionFilter     : Adding Version to Request POST /api/exercises/2745/file-upload-submissions
    23:46:39.361 | 396 ool-1-worker-160 | DEBUG | a.a.f.w.FileUploadSubmissionResource : REST request to submit new file upload submission : FileUploadSubmission{id=null, filePath='null'}
    23:46:39.377 | 396 ool-1-worker-160 | INFO  | a.a.f.w.FileUploadSubmissionResource : handleFileUploadSubmission took 14ms for exercise 2745 and user fileuploadsubmissionstudent3
    23:46:39.380 | 396 ool-1-worker-160 | DEBUG | d.t.c.a.a.c.s.f.ApiVersionFilter     : Adding Version to Request GET /api/files/file-upload-exercises/2745/submissions/1275/file.png
    23:46:39.381 | 396 ool-1-worker-160 | DEBUG | d.t.c.a.a.core.web.FileResource      : REST request to get file for file upload submission : 2745
    23:46:39.385 | 396 ool-1-worker-160 | DEBUG | d.t.c.a.a.c.s.f.ApiVersionFilter     : Adding Version to Request POST /api/exercises/2745/file-upload-submissions
    23:46:39.385 | 396 ool-1-worker-160 | DEBUG | a.a.f.w.FileUploadSubmissionResource : REST request to submit new file upload submission : FileUploadSubmission{id=null, filePath='null'}
    23:46:39.388 | 611 l-10586-thread-1 | INFO  | d.t.c.a.a.core.service.FileService   : Delete file uploads/file-upload-exercises/2745/1275/file.png
    23:46:39.396 | 396 ool-1-worker-160 | INFO  | a.a.f.w.FileUploadSubmissionResource : handleFileUploadSubmission took 9ms for exercise 2745 and user fileuploadsubmissionstudent3
    23:46:39.398 | 396 ool-1-worker-160 | DEBUG | d.t.c.a.a.c.s.f.ApiVersionFilter     : Adding Version to Request GET /api/files/file-upload-exercises/2745/submissions/1276/file.png
    23:46:39.399 | 396 ool-1-worker-160 | DEBUG | d.t.c.a.a.core.web.FileResource      : REST request to get file for file upload submission : 2745

  Starting logs for FileUploadSubmissionIntegrationTest > submitFileUploadSubmissionWithDoubleBackslash()
    23:46:39.416 | 396 ool-1-worker-160 | DEBUG | d.t.c.a.a.c.u.util.UserUtilService   : Generate 3 students...
    23:46:39.422 | 396 ool-1-worker-160 | DEBUG | d.t.c.a.a.c.u.util.UserUtilService   : 3 students generated. Generate 1 tutors...
    23:46:39.424 | 396 ool-1-worker-160 | DEBUG | d.t.c.a.a.c.u.util.UserUtilService   : 1 tutors generated. Generate 0 editors...
    23:46:39.426 | 396 ool-1-worker-160 | DEBUG | d.t.c.a.a.c.u.util.UserUtilService   : 0 editors generated. Generate 1 instructors...
    23:46:39.428 | 396 ool-1-worker-160 | DEBUG | d.t.c.a.a.c.u.util.UserUtilService   : 1 instructors generated
    23:46:39.431 | 396 ool-1-worker-160 | DEBUG | d.t.c.a.a.c.u.util.UserUtilService   : Removing 5 users from all courses...
    23:46:39.431 | 396 ool-1-worker-160 | DEBUG | d.t.c.a.a.c.u.util.UserUtilService   : Removing 5 users from all courses. Done
    23:46:39.431 | 396 ool-1-worker-160 | DEBUG | d.t.c.a.a.c.u.util.UserUtilService   : Save 5 users to database...
    23:46:39.435 | 396 ool-1-worker-160 | DEBUG | d.t.c.a.a.c.u.util.UserUtilService   : Save 5 users to database. Done
    23:46:39.448 | 396 ool-1-worker-160 | INFO  | i.z.t.d.l.EmbeddedDatabaseReporter   : JDBC URL to connect to 'dataSource': url='jdbc:h2:tcp://localhost:41063/mem:df70fc46-7e57-4cb5-9cd0-c1d90c14afa7;USER=sa', scope='FileUploadSubmissionIntegrationTest#submitFileUploadSubmissionWithDoubleBackslash'
    23:46:39.449 | 396 ool-1-worker-160 | DEBUG | d.t.c.a.a.c.s.f.ApiVersionFilter     : Adding Version to Request POST /api/exercises/2749/file-upload-submissions
    23:46:39.450 | 396 ool-1-worker-160 | DEBUG | a.a.f.w.FileUploadSubmissionResource : REST request to submit new file upload submission : FileUploadSubmission{id=null, filePath='null'}
    23:46:39.472 | 396 ool-1-worker-160 | INFO  | a.a.f.w.FileUploadSubmissionResource : handleFileUploadSubmission took 18ms for exercise 2749 and user fileuploadsubmissionstudent3
    23:46:39.474 | 396 ool-1-worker-160 | DEBUG | d.t.c.a.a.c.s.f.ApiVersionFilter     : Adding Version to Request GET /api/files/file-upload-exercises/2749/submissions/1277/file.png
    23:46:39.475 | 396 ool-1-worker-160 | DEBUG | d.t.c.a.a.core.web.FileResource      : REST request to get file for file upload submission : 2749

  Starting logs for FileUploadSubmissionIntegrationTest > getSubmissionWithoutAssessmentWithoutSubmission()
    23:46:39.490 | 396 ool-1-worker-160 | DEBUG | d.t.c.a.a.c.u.util.UserUtilService   : Generate 3 students...
    23:46:39.494 | 396 ool-1-worker-160 | DEBUG | d.t.c.a.a.c.u.util.UserUtilService   : 3 students generated. Generate 1 tutors...
    23:46:39.496 | 396 ool-1-worker-160 | DEBUG | d.t.c.a.a.c.u.util.UserUtilService   : 1 tutors generated. Generate 0 editors...
    23:46:39.497 | 396 ool-1-worker-160 | DEBUG | d.t.c.a.a.c.u.util.UserUtilService   : 0 editors generated. Generate 1 instructors...
    23:46:39.499 | 396 ool-1-worker-160 | DEBUG | d.t.c.a.a.c.u.util.UserUtilService   : 1 instructors generated
    23:46:39.501 | 396 ool-1-worker-160 | DEBUG | d.t.c.a.a.c.u.util.UserUtilService   : Removing 5 users from all courses...
    23:46:39.501 | 396 ool-1-worker-160 | DEBUG | d.t.c.a.a.c.u.util.UserUtilService   : Removing 5 users from all courses. Done
    23:46:39.501 | 396 ool-1-worker-160 | DEBUG | d.t.c.a.a.c.u.util.UserUtilService   : Save 5 users to database...
    23:46:39.504 | 396 ool-1-worker-160 | DEBUG | d.t.c.a.a.c.u.util.UserUtilService   : Save 5 users to database. Done
    23:46:39.512 | 396 ool-1-worker-160 | INFO  | i.z.t.d.l.EmbeddedDatabaseReporter   : JDBC URL to connect to 'dataSource': url='jdbc:h2:tcp://localhost:41063/mem:df70fc46-7e57-4cb5-9cd0-c1d90c14afa7;USER=sa', scope='FileUploadSubmissionIntegrationTest#getSubmissionWithoutAssessmentWithoutSubmission'
    23:46:39.514 | 396 ool-1-worker-160 | DEBUG | d.t.c.a.a.c.s.f.ApiVersionFilter     : Adding Version to Request GET /api/exercises/2753/file-upload-submission-without-assessment
    23:46:39.514 | 396 ool-1-worker-160 | DEBUG | a.a.f.w.FileUploadSubmissionResource : REST request to get a file upload submission without assessment

  Starting logs for FileUploadSubmissionIntegrationTest > getLateSubmissionWithoutAssessment()
    23:46:39.536 | 396 ool-1-worker-160 | DEBUG | d.t.c.a.a.c.u.util.UserUtilService   : Generate 3 students...
    23:46:39.542 | 396 ool-1-worker-160 | DEBUG | d.t.c.a.a.c.u.util.UserUtilService   : 3 students generated. Generate 1 tutors...
    23:46:39.544 | 396 ool-1-worker-160 | DEBUG | d.t.c.a.a.c.u.util.UserUtilService   : 1 tutors generated. Generate 0 editors...
    23:46:39.545 | 396 ool-1-worker-160 | DEBUG | d.t.c.a.a.c.u.util.UserUtilService   : 0 editors generated. Generate 1 instructors...
    23:46:39.547 | 396 ool-1-worker-160 | DEBUG | d.t.c.a.a.c.u.util.UserUtilService   : 1 instructors generated
    23:46:39.549 | 396 ool-1-worker-160 | DEBUG | d.t.c.a.a.c.u.util.UserUtilService   : Removing 5 users from all courses...
    23:46:39.549 | 396 ool-1-worker-160 | DEBUG | d.t.c.a.a.c.u.util.UserUtilService   : Removing 5 users from all courses. Done
    23:46:39.549 | 396 ool-1-worker-160 | DEBUG | d.t.c.a.a.c.u.util.UserUtilService   : Save 5 users to database...
    23:46:39.552 | 396 ool-1-worker-160 | DEBUG | d.t.c.a.a.c.u.util.UserUtilService   : Save 5 users to database. Done
    23:46:39.559 | 396 ool-1-worker-160 | INFO  | i.z.t.d.l.EmbeddedDatabaseReporter   : JDBC URL to connect to 'dataSource': url='jdbc:h2:tcp://localhost:41063/mem:df70fc46-7e57-4cb5-9cd0-c1d90c14afa7;USER=sa', scope='FileUploadSubmissionIntegrationTest#getLateSubmissionWithoutAssessment'
    23:46:39.563 | 396 ool-1-worker-160 | DEBUG | .c.s.m.InstanceMessageReceiveService : Received schedule participant score for exercise 2757 and participant 553 (result to be deleted: null)
    23:46:39.563 | 396 ool-1-worker-160 | DEBUG | .a.s.ParticipantScoreScheduleService : Scheduled task for exercise 2757 and participant 553 at 2025-02-14T23:46:39.663402958Z[Etc/UTC].
    23:46:39.567 | 396 ool-1-worker-160 | DEBUG | .c.s.m.InstanceMessageReceiveService : Received schedule participant score for exercise 2757 and participant 553 (result to be deleted: null)
    23:46:39.567 | 396 ool-1-worker-160 | DEBUG | .a.s.ParticipantScoreScheduleService : Scheduled task for exercise 2757 and participant 553 at 2025-02-14T23:46:39.667088491Z[Etc/UTC].
    23:46:39.573 | 396 ool-1-worker-160 | DEBUG | .c.s.m.InstanceMessageReceiveService : Received schedule participant score for exercise 2757 and participant 553 (result to be deleted: null)
    23:46:39.573 | 396 ool-1-worker-160 | DEBUG | .a.s.ParticipantScoreScheduleService : Scheduled task for exercise 2757 and participant 553 at 2025-02-14T23:46:39.673477896Z[Etc/UTC].
    23:46:39.585 | 396 ool-1-worker-160 | DEBUG | d.t.c.a.a.c.s.f.ApiVersionFilter     : Adding Version to Request GET /api/exercises/2757/file-upload-submission-without-assessment
    23:46:39.586 | 396 ool-1-worker-160 | DEBUG | a.a.f.w.FileUploadSubmissionResource : REST request to get a file upload submission without assessment

  Starting logs for FileUploadSubmissionIntegrationTest > testGetLateSubmissionWithoutAssessmentLock()
    23:46:39.602 | 396 ool-1-worker-160 | DEBUG | d.t.c.a.a.c.u.util.UserUtilService   : Generate 3 students...
    23:46:39.606 | 396 ool-1-worker-160 | DEBUG | d.t.c.a.a.c.u.util.UserUtilService   : 3 students generated. Generate 1 tutors...
    23:46:39.608 | 396 ool-1-worker-160 | DEBUG | d.t.c.a.a.c.u.util.UserUtilService   : 1 tutors generated. Generate 0 editors...
    23:46:39.609 | 396 ool-1-worker-160 | DEBUG | d.t.c.a.a.c.u.util.UserUtilService   : 0 editors generated. Generate 1 instructors...
    23:46:39.611 | 396 ool-1-worker-160 | DEBUG | d.t.c.a.a.c.u.util.UserUtilService   : 1 instructors generated
    23:46:39.613 | 396 ool-1-worker-160 | DEBUG | d.t.c.a.a.c.u.util.UserUtilService   : Removing 5 users from all courses...
    23:46:39.613 | 396 ool-1-worker-160 | DEBUG | d.t.c.a.a.c.u.util.UserUtilService   : Removing 5 users from all courses. Done
    23:46:39.613 | 396 ool-1-worker-160 | DEBUG | d.t.c.a.a.c.u.util.UserUtilService   : Save 5 users to database...
    23:46:39.616 | 396 ool-1-worker-160 | DEBUG | d.t.c.a.a.c.u.util.UserUtilService   : Save 5 users to database. Done
    23:46:39.625 | 396 ool-1-worker-160 | INFO  | i.z.t.d.l.EmbeddedDatabaseReporter   : JDBC URL to connect to 'dataSource': url='jdbc:h2:tcp://localhost:41063/mem:df70fc46-7e57-4cb5-9cd0-c1d90c14afa7;USER=sa', scope='FileUploadSubmissionIntegrationTest#testGetLateSubmissionWithoutAssessmentLock'
    23:46:39.630 | 396 ool-1-worker-160 | DEBUG | .c.s.m.InstanceMessageReceiveService : Received schedule participant score for exercise 2761 and participant 553 (result to be deleted: null)
    23:46:39.630 | 396 ool-1-worker-160 | DEBUG | .a.s.ParticipantScoreScheduleService : Scheduled task for exercise 2761 and participant 553 at 2025-02-14T23:46:39.730732553Z[Etc/UTC].
    23:46:39.636 | 396 ool-1-worker-160 | DEBUG | .c.s.m.InstanceMessageReceiveService : Received schedule participant score for exercise 2761 and participant 553 (result to be deleted: null)
    23:46:39.636 | 396 ool-1-worker-160 | DEBUG | .a.s.ParticipantScoreScheduleService : Scheduled task for exercise 2761 and participant 553 at 2025-02-14T23:46:39.736709990Z[Etc/UTC].
    23:46:39.644 | 396 ool-1-worker-160 | DEBUG | .c.s.m.InstanceMessageReceiveService : Received schedule participant score for exercise 2761 and participant 553 (result to be deleted: null)
    23:46:39.644 | 396 ool-1-worker-160 | DEBUG | .a.s.ParticipantScoreScheduleService : Scheduled task for exercise 2761 and participant 553 at 2025-02-14T23:46:39.744671829Z[Etc/UTC].
    23:46:39.655 | 396 ool-1-worker-160 | DEBUG | d.t.c.a.a.c.s.f.ApiVersionFilter     : Adding Version to Request GET /api/exercises/2761/file-upload-submission-without-assessment
    23:46:39.656 | 396 ool-1-worker-160 | DEBUG | a.a.f.w.FileUploadSubmissionResource : REST request to get a file upload submission without assessment
    23:46:39.664 | 396 ool-1-worker-160 | DEBUG | .c.s.m.InstanceMessageReceiveService : Received schedule participant score for exercise 2761 and participant 553 (result to be deleted: null)
    23:46:39.664 | 396 ool-1-worker-160 | DEBUG | .a.s.ParticipantScoreScheduleService : Scheduled task for exercise 2761 and participant 553 at 2025-02-14T23:46:39.764566501Z[Etc/UTC].
    23:46:39.671 | 396 ool-1-worker-160 | DEBUG | .c.s.m.InstanceMessageReceiveService : Received schedule participant score for exercise 2761 and participant 553 (result to be deleted: null)
    23:46:39.671 | 396 ool-1-worker-160 | DEBUG | .a.s.ParticipantScoreScheduleService : Scheduled task for exercise 2761 and participant 553 at 2025-02-14T23:46:39.771210742Z[Etc/UTC].
    23:46:39.677 | 396 ool-1-worker-160 | DEBUG | .c.s.m.InstanceMessageReceiveService : Received schedule participant score for exercise 2761 and participant 553 (result to be deleted: null)
    23:46:39.677 | 396 ool-1-worker-160 | DEBUG | .a.s.ParticipantScoreScheduleService : Scheduled task for exercise 2761 and participant 553 at 2025-02-14T23:46:39.777431714Z[Etc/UTC].

  Starting logs for FileUploadSubmissionIntegrationTest > submitExercise_beforeDueDate_allowed()
    23:46:39.691 | 396 ool-1-worker-160 | DEBUG | d.t.c.a.a.c.u.util.UserUtilService   : Generate 3 students...
    23:46:39.697 | 396 ool-1-worker-160 | DEBUG | d.t.c.a.a.c.u.util.UserUtilService   : 3 students generated. Generate 1 tutors...
    23:46:39.699 | 396 ool-1-worker-160 | DEBUG | d.t.c.a.a.c.u.util.UserUtilService   : 1 tutors generated. Generate 0 editors...
    23:46:39.700 | 396 ool-1-worker-160 | DEBUG | d.t.c.a.a.c.u.util.UserUtilService   : 0 editors generated. Generate 1 instructors...
    23:46:39.703 | 396 ool-1-worker-160 | DEBUG | d.t.c.a.a.c.u.util.UserUtilService   : 1 instructors generated
    23:46:39.705 | 396 ool-1-worker-160 | DEBUG | d.t.c.a.a.c.u.util.UserUtilService   : Removing 5 users from all courses...
    23:46:39.706 | 396 ool-1-worker-160 | DEBUG | d.t.c.a.a.c.u.util.UserUtilService   : Removing 5 users from all courses. Done
    23:46:39.706 | 396 ool-1-worker-160 | DEBUG | d.t.c.a.a.c.u.util.UserUtilService   : Save 5 users to database...
    23:46:39.710 | 396 ool-1-worker-160 | DEBUG | d.t.c.a.a.c.u.util.UserUtilService   : Save 5 users to database. Done
    23:46:39.720 | 396 ool-1-worker-160 | INFO  | i.z.t.d.l.EmbeddedDatabaseReporter   : JDBC URL to connect to 'dataSource': url='jdbc:h2:tcp://localhost:41063/mem:df70fc46-7e57-4cb5-9cd0-c1d90c14afa7;USER=sa', scope='FileUploadSubmissionIntegrationTest#submitExercise_beforeDueDate_allowed'
    23:46:39.722 | 396 ool-1-worker-160 | DEBUG | d.t.c.a.a.c.s.f.ApiVersionFilter     : Adding Version to Request POST /api/exercises/2765/file-upload-submissions
    23:46:39.722 | 396 ool-1-worker-160 | DEBUG | a.a.f.w.FileUploadSubmissionResource : REST request to submit new file upload submission : FileUploadSubmission{id=null, filePath='null'}
    23:46:39.741 | 396 ool-1-worker-160 | INFO  | a.a.f.w.FileUploadSubmissionResource : handleFileUploadSubmission took 17ms for exercise 2765 and user fileuploadsubmissionstudent3

  Starting logs for FileUploadSubmissionIntegrationTest > getDataForFileUpload_wrongParticipationId()
    23:46:39.751 | 396 ool-1-worker-160 | DEBUG | d.t.c.a.a.c.u.util.UserUtilService   : Generate 3 students...
    23:46:39.755 | 396 ool-1-worker-160 | DEBUG | d.t.c.a.a.c.u.util.UserUtilService   : 3 students generated. Generate 1 tutors...
    23:46:39.757 | 396 ool-1-worker-160 | DEBUG | d.t.c.a.a.c.u.util.UserUtilService   : 1 tutors generated. Generate 0 editors...
    23:46:39.758 | 396 ool-1-worker-160 | DEBUG | d.t.c.a.a.c.u.util.UserUtilService   : 0 editors generated. Generate 1 instructors...
    23:46:39.761 | 396 ool-1-worker-160 | DEBUG | d.t.c.a.a.c.u.util.UserUtilService   : 1 instructors generated
    23:46:39.762 | 396 ool-1-worker-160 | DEBUG | d.t.c.a.a.c.u.util.UserUtilService   : Removing 5 users from all courses...
    23:46:39.763 | 396 ool-1-worker-160 | DEBUG | d.t.c.a.a.c.u.util.UserUtilService   : Removing 5 users from all courses. Done
    23:46:39.763 | 396 ool-1-worker-160 | DEBUG | d.t.c.a.a.c.u.util.UserUtilService   : Save 5 users to database...
    23:46:39.765 | 396 ool-1-worker-160 | DEBUG | d.t.c.a.a.c.u.util.UserUtilService   : Save 5 users to database. Done
    23:46:39.772 | 396 ool-1-worker-160 | INFO  | i.z.t.d.l.EmbeddedDatabaseReporter   : JDBC URL to connect to 'dataSource': url='jdbc:h2:tcp://localhost:41063/mem:df70fc46-7e57-4cb5-9cd0-c1d90c14afa7;USER=sa', scope='FileUploadSubmissionIntegrationTest#getDataForFileUpload_wrongParticipationId'
    23:46:39.776 | 396 ool-1-worker-160 | DEBUG | .c.s.m.InstanceMessageReceiveService : Received schedule participant score for exercise 2769 and participant 554 (result to be deleted: null)
    23:46:39.776 | 396 ool-1-worker-160 | DEBUG | .a.s.ParticipantScoreScheduleService : Scheduled task for exercise 2769 and participant 554 at 2025-02-14T23:46:39.876956791Z[Etc/UTC].
    23:46:39.782 | 396 ool-1-worker-160 | DEBUG | .c.s.m.InstanceMessageReceiveService : Received schedule participant score for exercise 2769 and participant 554 (result to be deleted: null)
    23:46:39.782 | 396 ool-1-worker-160 | DEBUG | .a.s.ParticipantScoreScheduleService : Scheduled task for exercise 2769 and participant 554 at 2025-02-14T23:46:39.882386648Z[Etc/UTC].
    23:46:39.790 | 396 ool-1-worker-160 | DEBUG | .c.s.m.InstanceMessageReceiveService : Received schedule participant score for exercise 2769 and participant 554 (result to be deleted: null)
    23:46:39.790 | 396 ool-1-worker-160 | DEBUG | .a.s.ParticipantScoreScheduleService : Scheduled task for exercise 2769 and participant 554 at 2025-02-14T23:46:39.890722684Z[Etc/UTC].
    23:46:39.797 | 396 ool-1-worker-160 | DEBUG | d.t.c.a.a.c.s.f.ApiVersionFilter     : Adding Version to Request GET /api/participations/1766/file-upload-editor
    23:46:39.800 | 396 ool-1-worker-160 | WARN  | o.z.p.spring.common.AdviceTraits     : Not Found: StudentParticipation with identifier: "1766" does not exist

  Starting logs for FileUploadSubmissionIntegrationTest > testOnDeleteSubmission()
    23:46:39.809 | 396 ool-1-worker-160 | DEBUG | d.t.c.a.a.c.u.util.UserUtilService   : Generate 3 students...
    23:46:39.813 | 396 ool-1-worker-160 | DEBUG | d.t.c.a.a.c.u.util.UserUtilService   : 3 students generated. Generate 1 tutors...
    23:46:39.816 | 396 ool-1-worker-160 | DEBUG | d.t.c.a.a.c.u.util.UserUtilService   : 1 tutors generated. Generate 0 editors...
    23:46:39.817 | 396 ool-1-worker-160 | DEBUG | d.t.c.a.a.c.u.util.UserUtilService   : 0 editors generated. Generate 1 instructors...
    23:46:39.819 | 396 ool-1-worker-160 | DEBUG | d.t.c.a.a.c.u.util.UserUtilService   : 1 instructors generated
    23:46:39.820 | 396 ool-1-worker-160 | DEBUG | d.t.c.a.a.c.u.util.UserUtilService   : Removing 5 users from all courses...
    23:46:39.821 | 396 ool-1-worker-160 | DEBUG | d.t.c.a.a.c.u.util.UserUtilService   : Removing 5 users from all courses. Done
    23:46:39.821 | 396 ool-1-worker-160 | DEBUG | d.t.c.a.a.c.u.util.UserUtilService   : Save 5 users to database...
    23:46:39.824 | 396 ool-1-worker-160 | DEBUG | d.t.c.a.a.c.u.util.UserUtilService   : Save 5 users to database. Done
    23:46:39.831 | 396 ool-1-worker-160 | INFO  | i.z.t.d.l.EmbeddedDatabaseReporter   : JDBC URL to connect to 'dataSource': url='jdbc:h2:tcp://localhost:41063/mem:df70fc46-7e57-4cb5-9cd0-c1d90c14afa7;USER=sa', scope='FileUploadSubmissionIntegrationTest#testOnDeleteSubmission'
    23:46:39.832 | 616 l-10642-thread-1 | ERROR | d.t.c.a.a.core.service.FileService   : Deleting the file uploads/file-upload-exercises/769/406062/Pinguin.pdf did not work because it does not exist

  Starting logs for FileUploadSubmissionIntegrationTest > submitFileUploadSubmission_wrongExercise()
    23:46:39.841 | 396 ool-1-worker-160 | DEBUG | d.t.c.a.a.c.u.util.UserUtilService   : Generate 3 students...
    23:46:39.845 | 396 ool-1-worker-160 | DEBUG | d.t.c.a.a.c.u.util.UserUtilService   : 3 students generated. Generate 1 tutors...
    23:46:39.848 | 396 ool-1-worker-160 | DEBUG | d.t.c.a.a.c.u.util.UserUtilService   : 1 tutors generated. Generate 0 editors...
    23:46:39.849 | 396 ool-1-worker-160 | DEBUG | d.t.c.a.a.c.u.util.UserUtilService   : 0 editors generated. Generate 1 instructors...
    23:46:39.851 | 396 ool-1-worker-160 | DEBUG | d.t.c.a.a.c.u.util.UserUtilService   : 1 instructors generated
    23:46:39.852 | 396 ool-1-worker-160 | DEBUG | d.t.c.a.a.c.u.util.UserUtilService   : Removing 5 users from all courses...
    23:46:39.853 | 396 ool-1-worker-160 | DEBUG | d.t.c.a.a.c.u.util.UserUtilService   : Removing 5 users from all courses. Done
    23:46:39.853 | 396 ool-1-worker-160 | DEBUG | d.t.c.a.a.c.u.util.UserUtilService   : Save 5 users to database...
    23:46:39.855 | 396 ool-1-worker-160 | DEBUG | d.t.c.a.a.c.u.util.UserUtilService   : Save 5 users to database. Done
    23:46:39.863 | 396 ool-1-worker-160 | INFO  | i.z.t.d.l.EmbeddedDatabaseReporter   : JDBC URL to connect to 'dataSource': url='jdbc:h2:tcp://localhost:41063/mem:df70fc46-7e57-4cb5-9cd0-c1d90c14afa7;USER=sa', scope='FileUploadSubmissionIntegrationTest#submitFileUploadSubmission_wrongExercise'
    23:46:39.864 | 396 ool-1-worker-160 | DEBUG | d.t.c.a.a.c.s.f.ApiVersionFilter     : Adding Version to Request POST /api/exercises/2777/file-upload-submissions
    23:46:39.865 | 396 ool-1-worker-160 | DEBUG | a.a.f.w.FileUploadSubmissionResource : REST request to submit new file upload submission : FileUploadSubmission{id=null, filePath='null'}
    23:46:39.867 | 396 ool-1-worker-160 | WARN  | o.z.p.spring.common.AdviceTraits     : Failed Dependency: 424 FAILED_DEPENDENCY "No participation found for fileuploadsubmissionstudent1 in exercise 2777"

Finished logs for FileUploadSubmissionIntegrationTest
]]></system-out>
  <system-err><![CDATA[]]></system-err>
</testsuite>
