<?xml version="1.0" encoding="UTF-8"?>
<testsuite name="de.tum.cit.aet.artemis.fileupload.FileUploadExerciseIntegrationTest" tests="61" skipped="0" failures="0" errors="0" timestamp="2025-02-14T23:46:33" hostname="fv-az1721-502" time="3.245">
  <properties/>
  <testcase name="testGetAllExercisesOnPageAsEditorSuccess()" classname="de.tum.cit.aet.artemis.fileupload.FileUploadExerciseIntegrationTest" time="0.08"/>
  <testcase name="getAllFileUploadExercisesForCourseFails_InstructorNotInGroup()" classname="de.tum.cit.aet.artemis.fileupload.FileUploadExerciseIntegrationTest" time="0.07"/>
  <testcase name="getExamFileUploadExercise_asInstructor()" classname="de.tum.cit.aet.artemis.fileupload.FileUploadExerciseIntegrationTest" time="0.079"/>
  <testcase name="testExamExerciseNotIncludedInScoreReturnsBadRequest()" classname="de.tum.cit.aet.artemis.fileupload.FileUploadExerciseIntegrationTest" time="0.053"/>
  <testcase name="getFileUploadExerciseFails_wrongId()" classname="de.tum.cit.aet.artemis.fileupload.FileUploadExerciseIntegrationTest" time="0.061"/>
  <testcase name="updateFileUploadExerciseForExam_invalid_dates(InvalidExamExerciseDateConfiguration) [1] dates=InvalidExamExerciseDateConfiguration[releaseDate=2025-02-15T00:46:33.683308225Z[Etc/UTC], dueDate=2025-02-15T01:46:33.683308225Z[Etc/UTC], assessmentDueDate=2025-02-15T02:46:33.683308225Z[Etc/UTC], exampleSolutionPublicationDate=null]" classname="de.tum.cit.aet.artemis.fileupload.FileUploadExerciseIntegrationTest" time="0.069"/>
  <testcase name="updateFileUploadExerciseForExam_invalid_dates(InvalidExamExerciseDateConfiguration) [2] dates=InvalidExamExerciseDateConfiguration[releaseDate=2025-02-15T00:46:33.683308225Z[Etc/UTC], dueDate=null, assessmentDueDate=null, exampleSolutionPublicationDate=null]" classname="de.tum.cit.aet.artemis.fileupload.FileUploadExerciseIntegrationTest" time="0.09"/>
  <testcase name="updateFileUploadExerciseForExam_invalid_dates(InvalidExamExerciseDateConfiguration) [3] dates=InvalidExamExerciseDateConfiguration[releaseDate=null, dueDate=2025-02-15T01:46:33.683308225Z[Etc/UTC], assessmentDueDate=null, exampleSolutionPublicationDate=null]" classname="de.tum.cit.aet.artemis.fileupload.FileUploadExerciseIntegrationTest" time="0.044"/>
  <testcase name="updateFileUploadExerciseForExam_invalid_dates(InvalidExamExerciseDateConfiguration) [4] dates=InvalidExamExerciseDateConfiguration[releaseDate=null, dueDate=null, assessmentDueDate=2025-02-15T02:46:33.683308225Z[Etc/UTC], exampleSolutionPublicationDate=null]" classname="de.tum.cit.aet.artemis.fileupload.FileUploadExerciseIntegrationTest" time="0.04"/>
  <testcase name="updateFileUploadExerciseForExam_invalid_dates(InvalidExamExerciseDateConfiguration) [5] dates=InvalidExamExerciseDateConfiguration[releaseDate=null, dueDate=null, assessmentDueDate=null, exampleSolutionPublicationDate=2025-02-14T23:46:33.683318104Z[Etc/UTC]]" classname="de.tum.cit.aet.artemis.fileupload.FileUploadExerciseIntegrationTest" time="0.04"/>
  <testcase name="updateFileUploadExercise_conversionBetweenCourseAndExamExercise_badRequest()" classname="de.tum.cit.aet.artemis.fileupload.FileUploadExerciseIntegrationTest" time="0.109"/>
  <testcase name="testGetFileUploadExercise_asInstructor_exampleSolutionVisibility()" classname="de.tum.cit.aet.artemis.fileupload.FileUploadExerciseIntegrationTest" time="0.099"/>
  <testcase name="deleteFileUploadExercise_asInstructor()" classname="de.tum.cit.aet.artemis.fileupload.FileUploadExerciseIntegrationTest" time="0.078"/>
  <testcase name="testImportFileUploadExerciseCourseNotSetBadRequest()" classname="de.tum.cit.aet.artemis.fileupload.FileUploadExerciseIntegrationTest" time="0.035"/>
  <testcase name="testReEvaluateAndUpdateFileUploadExercise_isNotSameGivenExerciseIdInRequestBody_conflict()" classname="de.tum.cit.aet.artemis.fileupload.FileUploadExerciseIntegrationTest" time="0.032"/>
  <testcase name="createFileUploadExerciseFailsIfAlreadyCreated()" classname="de.tum.cit.aet.artemis.fileupload.FileUploadExerciseIntegrationTest" time="0.029"/>
  <testcase name="createFileUploadExercise_NotIncludedInvalidBonusPoints()" classname="de.tum.cit.aet.artemis.fileupload.FileUploadExerciseIntegrationTest" time="0.027"/>
  <testcase name="testImportFileUploadExerciseFromCourseToCourseNegativeCourseIdBadRequest()" classname="de.tum.cit.aet.artemis.fileupload.FileUploadExerciseIntegrationTest" time="0.029"/>
  <testcase name="testGetFileUploadExercise_asStudent_exampleSolutionVisibility()" classname="de.tum.cit.aet.artemis.fileupload.FileUploadExerciseIntegrationTest" time="0.058"/>
  <testcase name="createFileUploadExercise_IncludedAsBonusInvalidBonusPoints()" classname="de.tum.cit.aet.artemis.fileupload.FileUploadExerciseIntegrationTest" time="0.032"/>
  <testcase name="testImportFileUploadExerciseFromCourseToCourseAsEditorSuccess()" classname="de.tum.cit.aet.artemis.fileupload.FileUploadExerciseIntegrationTest" time="0.059"/>
  <testcase name="updateFileUploadExercise_asInstructor()" classname="de.tum.cit.aet.artemis.fileupload.FileUploadExerciseIntegrationTest" time="0.057"/>
  <testcase name="testGetFileUploadExercise_setGradingInstructionFeedbackUsed()" classname="de.tum.cit.aet.artemis.fileupload.FileUploadExerciseIntegrationTest" time="0.045"/>
  <testcase name="testReEvaluateAndUpdateFileUploadExercise_shouldDeleteFeedbacks()" classname="de.tum.cit.aet.artemis.fileupload.FileUploadExerciseIntegrationTest" time="0.106"/>
  <testcase name="createFileUploadExerciseForExam()" classname="de.tum.cit.aet.artemis.fileupload.FileUploadExerciseIntegrationTest" time="0.045"/>
  <testcase name="deleteFileUploadExerciseFails_InstructorNotInGroup()" classname="de.tum.cit.aet.artemis.fileupload.FileUploadExerciseIntegrationTest" time="0.049"/>
  <testcase name="[1] channelName=null" classname="de.tum.cit.aet.artemis.fileupload.FileUploadExerciseIntegrationTest" time="0.07"/>
  <testcase name="[2] channelName=exercise-new-fileupload-exerci" classname="de.tum.cit.aet.artemis.fileupload.FileUploadExerciseIntegrationTest" time="0.056"/>
  <testcase name="[3] channelName=" classname="de.tum.cit.aet.artemis.fileupload.FileUploadExerciseIntegrationTest" time="0.064"/>
  <testcase name="getExamFileUploadExercise_asTutor_forbidden()" classname="de.tum.cit.aet.artemis.fileupload.FileUploadExerciseIntegrationTest" time="0.086"/>
  <testcase name="createFileUploadExercise_setInvalidExampleSolutionPublicationDate_badRequest()" classname="de.tum.cit.aet.artemis.fileupload.FileUploadExerciseIntegrationTest" time="0.041"/>
  <testcase name="testImportFileUploadExerciseAsTeachingAssistantFails()" classname="de.tum.cit.aet.artemis.fileupload.FileUploadExerciseIntegrationTest" time="0.037"/>
  <testcase name="createFileUploadExercise_InvalidMaxScore()" classname="de.tum.cit.aet.artemis.fileupload.FileUploadExerciseIntegrationTest" time="0.041"/>
  <testcase name="updateFileUploadExercise_setBothCourseAndExerciseGroupOrNeither_badRequest()" classname="de.tum.cit.aet.artemis.fileupload.FileUploadExerciseIntegrationTest" time="0.04"/>
  <testcase name="testDeleteFileUploadExerciseWithChannel()" classname="de.tum.cit.aet.artemis.fileupload.FileUploadExerciseIntegrationTest" time="0.055"/>
  <testcase name="deleteExamFileUploadExercise()" classname="de.tum.cit.aet.artemis.fileupload.FileUploadExerciseIntegrationTest" time="0.052"/>
  <testcase name="createFileUploadExercise_setValidExampleSolutionPublicationDate()" classname="de.tum.cit.aet.artemis.fileupload.FileUploadExerciseIntegrationTest" time="0.057"/>
  <testcase name="testReEvaluateAndUpdateFileUploadExercise_isNotAtLeastInstructorInCourse_forbidden()" classname="de.tum.cit.aet.artemis.fileupload.FileUploadExerciseIntegrationTest" time="0.041"/>
  <testcase name="deleteFileUploadExerciseFails_WithWrongId()" classname="de.tum.cit.aet.artemis.fileupload.FileUploadExerciseIntegrationTest" time="0.039"/>
  <testcase name="deleteFileUploadExercise_asStudent()" classname="de.tum.cit.aet.artemis.fileupload.FileUploadExerciseIntegrationTest" time="0.042"/>
  <testcase name="getFileUploadExercise()" classname="de.tum.cit.aet.artemis.fileupload.FileUploadExerciseIntegrationTest" time="0.04"/>
  <testcase name="getAllFileUploadExercisesForCourse_asStudent()" classname="de.tum.cit.aet.artemis.fileupload.FileUploadExerciseIntegrationTest" time="0.034"/>
  <testcase name="createFileUploadExerciseFails()" classname="de.tum.cit.aet.artemis.fileupload.FileUploadExerciseIntegrationTest" time="0.026"/>
  <testcase name="updateModelingExerciseDueDate()" classname="de.tum.cit.aet.artemis.fileupload.FileUploadExerciseIntegrationTest" time="0.066"/>
  <testcase name="createFileUploadExerciseFails_EmptyFilePattern()" classname="de.tum.cit.aet.artemis.fileupload.FileUploadExerciseIntegrationTest" time="0.027"/>
  <testcase name="getAllFileUploadExercisesForCourse_asInstructor()" classname="de.tum.cit.aet.artemis.fileupload.FileUploadExerciseIntegrationTest" time="0.038"/>
  <testcase name="updateFileUploadExerciseFails_InstructorNotInGroup()" classname="de.tum.cit.aet.artemis.fileupload.FileUploadExerciseIntegrationTest" time="0.045"/>
  <testcase name="testReEvaluateAndUpdateFileUploadExercise_notFound()" classname="de.tum.cit.aet.artemis.fileupload.FileUploadExerciseIntegrationTest" time="0.035"/>
  <testcase name="testReEvaluateAndUpdateFileUploadExercise()" classname="de.tum.cit.aet.artemis.fileupload.FileUploadExerciseIntegrationTest" time="0.095"/>
  <testcase name="getExamFileUploadExercise_InstructorNotInGroup()" classname="de.tum.cit.aet.artemis.fileupload.FileUploadExerciseIntegrationTest" time="0.05"/>
  <testcase name="createFileUploadExercise_setBothCourseAndExerciseGroupOrNeither_badRequest()" classname="de.tum.cit.aet.artemis.fileupload.FileUploadExerciseIntegrationTest" time="0.037"/>
  <testcase name="createFileUploadExercise_InvalidInstructor()" classname="de.tum.cit.aet.artemis.fileupload.FileUploadExerciseIntegrationTest" time="0.041"/>
  <testcase name="createFileUploadExerciseForExam_invalidExercise_dates(InvalidExamExerciseDateConfiguration) [1] invalidDates=InvalidExamExerciseDateConfiguration[releaseDate=2025-02-15T00:46:36.183586540Z[Etc/UTC], dueDate=2025-02-15T01:46:36.183586540Z[Etc/UTC], assessmentDueDate=2025-02-15T02:46:36.183586540Z[Etc/UTC], exampleSolutionPublicationDate=null]" classname="de.tum.cit.aet.artemis.fileupload.FileUploadExerciseIntegrationTest" time="0.04"/>
  <testcase name="createFileUploadExerciseForExam_invalidExercise_dates(InvalidExamExerciseDateConfiguration) [2] invalidDates=InvalidExamExerciseDateConfiguration[releaseDate=2025-02-15T00:46:36.183586540Z[Etc/UTC], dueDate=null, assessmentDueDate=null, exampleSolutionPublicationDate=null]" classname="de.tum.cit.aet.artemis.fileupload.FileUploadExerciseIntegrationTest" time="0.037"/>
  <testcase name="createFileUploadExerciseForExam_invalidExercise_dates(InvalidExamExerciseDateConfiguration) [3] invalidDates=InvalidExamExerciseDateConfiguration[releaseDate=null, dueDate=2025-02-15T01:46:36.183586540Z[Etc/UTC], assessmentDueDate=null, exampleSolutionPublicationDate=null]" classname="de.tum.cit.aet.artemis.fileupload.FileUploadExerciseIntegrationTest" time="0.038"/>
  <testcase name="createFileUploadExerciseForExam_invalidExercise_dates(InvalidExamExerciseDateConfiguration) [4] invalidDates=InvalidExamExerciseDateConfiguration[releaseDate=null, dueDate=null, assessmentDueDate=2025-02-15T02:46:36.183586540Z[Etc/UTC], exampleSolutionPublicationDate=null]" classname="de.tum.cit.aet.artemis.fileupload.FileUploadExerciseIntegrationTest" time="0.039"/>
  <testcase name="createFileUploadExerciseForExam_invalidExercise_dates(InvalidExamExerciseDateConfiguration) [5] invalidDates=InvalidExamExerciseDateConfiguration[releaseDate=null, dueDate=null, assessmentDueDate=null, exampleSolutionPublicationDate=2025-02-14T23:46:36.183588834Z[Etc/UTC]]" classname="de.tum.cit.aet.artemis.fileupload.FileUploadExerciseIntegrationTest" time="0.038"/>
  <testcase name="updateFileUploadExerciseForExam_asInstructor()" classname="de.tum.cit.aet.artemis.fileupload.FileUploadExerciseIntegrationTest" time="0.049"/>
  <testcase name="getExamFileUploadExercise_asStudent_forbidden()" classname="de.tum.cit.aet.artemis.fileupload.FileUploadExerciseIntegrationTest" time="0.039"/>
  <testcase name="testDeleteFileUploadExerciseWithCompetency()" classname="de.tum.cit.aet.artemis.fileupload.FileUploadExerciseIntegrationTest" time="0.051"/>
  <testcase name="createFileUploadExerciseFails_AlmostEmptyFilePattern()" classname="de.tum.cit.aet.artemis.fileupload.FileUploadExerciseIntegrationTest" time="0.037"/>
  <system-out><![CDATA[
Starting logs for FileUploadExerciseIntegrationTest

  Starting logs for FileUploadExerciseIntegrationTest > testGetAllExercisesOnPageAsEditorSuccess()
    23:46:33.336 | 395 ool-1-worker-159 | DEBUG | d.t.c.a.a.c.u.util.UserUtilService   : Generate 2 students...
    23:46:33.338 | 395 ool-1-worker-159 | DEBUG | d.t.c.a.a.c.u.util.UserUtilService   : 2 students generated. Generate 1 tutors...
    23:46:33.343 | 395 ool-1-worker-159 | DEBUG | d.t.c.a.a.c.u.util.UserUtilService   : 1 tutors generated. Generate 1 editors...
    23:46:33.348 | 395 ool-1-worker-159 | DEBUG | d.t.c.a.a.c.u.util.UserUtilService   : 1 editors generated. Generate 1 instructors...
    23:46:33.350 | 395 ool-1-worker-159 | DEBUG | d.t.c.a.a.c.u.util.UserUtilService   : 1 instructors generated
    23:46:33.353 | 395 ool-1-worker-159 | DEBUG | d.t.c.a.a.c.u.util.UserUtilService   : Removing 5 users from all courses...
    23:46:33.354 | 395 ool-1-worker-159 | DEBUG | d.t.c.a.a.c.u.util.UserUtilService   : Removing 5 users from all courses. Done
    23:46:33.354 | 395 ool-1-worker-159 | DEBUG | d.t.c.a.a.c.u.util.UserUtilService   : Save 5 users to database...
    23:46:33.361 | 395 ool-1-worker-159 | DEBUG | d.t.c.a.a.c.u.util.UserUtilService   : Save 5 users to database. Done
    23:46:33.364 | 395 ool-1-worker-159 | INFO  | i.z.t.d.l.EmbeddedDatabaseReporter   : JDBC URL to connect to 'dataSource': url='jdbc:h2:tcp://localhost:41063/mem:df70fc46-7e57-4cb5-9cd0-c1d90c14afa7;USER=sa', scope='FileUploadExerciseIntegrationTest#testGetAllExercisesOnPageAsEditorSuccess'
    23:46:33.367 | 395 ool-1-worker-159 | DEBUG | d.t.c.a.a.c.s.f.ApiVersionFilter     : Adding Version to Request GET /api/file-upload-exercises

  Starting logs for FileUploadExerciseIntegrationTest > getAllFileUploadExercisesForCourseFails_InstructorNotInGroup()
    23:46:33.422 | 395 ool-1-worker-159 | DEBUG | d.t.c.a.a.c.u.util.UserUtilService   : Generate 2 students...
    23:46:33.428 | 395 ool-1-worker-159 | DEBUG | d.t.c.a.a.c.u.util.UserUtilService   : 2 students generated. Generate 1 tutors...
    23:46:33.435 | 395 ool-1-worker-159 | DEBUG | d.t.c.a.a.c.u.util.UserUtilService   : 1 tutors generated. Generate 1 editors...
    23:46:33.443 | 395 ool-1-worker-159 | DEBUG | d.t.c.a.a.c.u.util.UserUtilService   : 1 editors generated. Generate 1 instructors...
    23:46:33.446 | 395 ool-1-worker-159 | DEBUG | d.t.c.a.a.c.u.util.UserUtilService   : 1 instructors generated
    23:46:33.448 | 395 ool-1-worker-159 | DEBUG | d.t.c.a.a.c.u.util.UserUtilService   : Removing 5 users from all courses...
    23:46:33.449 | 395 ool-1-worker-159 | DEBUG | d.t.c.a.a.c.u.util.UserUtilService   : Removing 5 users from all courses. Done
    23:46:33.449 | 395 ool-1-worker-159 | DEBUG | d.t.c.a.a.c.u.util.UserUtilService   : Save 5 users to database...
    23:46:33.460 | 395 ool-1-worker-159 | DEBUG | d.t.c.a.a.c.u.util.UserUtilService   : Save 5 users to database. Done
    23:46:33.461 | 395 ool-1-worker-159 | INFO  | i.z.t.d.l.EmbeddedDatabaseReporter   : JDBC URL to connect to 'dataSource': url='jdbc:h2:tcp://localhost:41063/mem:df70fc46-7e57-4cb5-9cd0-c1d90c14afa7;USER=sa', scope='FileUploadExerciseIntegrationTest#getAllFileUploadExercisesForCourseFails_InstructorNotInGroup'
    23:46:33.468 | 395 ool-1-worker-159 | DEBUG | d.t.c.a.a.c.s.f.ApiVersionFilter     : Adding Version to Request GET /api/courses/1948/file-upload-exercises
    23:46:33.469 | 395 ool-1-worker-159 | DEBUG | c.a.a.f.w.FileUploadExerciseResource : REST request to get all ProgrammingExercises for the course with id : 1948
    23:46:33.471 | 395 ool-1-worker-159 | WARN  | o.z.p.spring.common.AdviceTraits     : Forbidden: You are not allowed to access the Course with id 1948

  Starting logs for FileUploadExerciseIntegrationTest > getExamFileUploadExercise_asInstructor()
    23:46:33.486 | 395 ool-1-worker-159 | DEBUG | d.t.c.a.a.c.u.util.UserUtilService   : Generate 2 students...
    23:46:33.490 | 395 ool-1-worker-159 | DEBUG | d.t.c.a.a.c.u.util.UserUtilService   : 2 students generated. Generate 1 tutors...
    23:46:33.492 | 395 ool-1-worker-159 | DEBUG | d.t.c.a.a.c.u.util.UserUtilService   : 1 tutors generated. Generate 1 editors...
    23:46:33.495 | 395 ool-1-worker-159 | DEBUG | d.t.c.a.a.c.u.util.UserUtilService   : 1 editors generated. Generate 1 instructors...
    23:46:33.501 | 395 ool-1-worker-159 | DEBUG | d.t.c.a.a.c.u.util.UserUtilService   : 1 instructors generated
    23:46:33.502 | 395 ool-1-worker-159 | DEBUG | d.t.c.a.a.c.u.util.UserUtilService   : Removing 5 users from all courses...
    23:46:33.503 | 395 ool-1-worker-159 | DEBUG | d.t.c.a.a.c.u.util.UserUtilService   : Removing 5 users from all courses. Done
    23:46:33.503 | 395 ool-1-worker-159 | DEBUG | d.t.c.a.a.c.u.util.UserUtilService   : Save 5 users to database...
    23:46:33.516 | 395 ool-1-worker-159 | DEBUG | d.t.c.a.a.c.u.util.UserUtilService   : Save 5 users to database. Done
    23:46:33.518 | 395 ool-1-worker-159 | INFO  | i.z.t.d.l.EmbeddedDatabaseReporter   : JDBC URL to connect to 'dataSource': url='jdbc:h2:tcp://localhost:41063/mem:df70fc46-7e57-4cb5-9cd0-c1d90c14afa7;USER=sa', scope='FileUploadExerciseIntegrationTest#getExamFileUploadExercise_asInstructor'
    23:46:33.529 | 395 ool-1-worker-159 | DEBUG | d.t.c.a.a.c.s.f.ApiVersionFilter     : Adding Version to Request GET /api/file-upload-exercises/2495
    23:46:33.530 | 395 ool-1-worker-159 | DEBUG | c.a.a.f.w.FileUploadExerciseResource : REST request to get FileUploadExercise : 2495

  Starting logs for FileUploadExerciseIntegrationTest > testExamExerciseNotIncludedInScoreReturnsBadRequest()
    23:46:33.577 | 395 ool-1-worker-159 | DEBUG | d.t.c.a.a.c.u.util.UserUtilService   : Generate 2 students...
    23:46:33.581 | 395 ool-1-worker-159 | DEBUG | d.t.c.a.a.c.u.util.UserUtilService   : 2 students generated. Generate 1 tutors...
    23:46:33.584 | 395 ool-1-worker-159 | DEBUG | d.t.c.a.a.c.u.util.UserUtilService   : 1 tutors generated. Generate 1 editors...
    23:46:33.587 | 395 ool-1-worker-159 | DEBUG | d.t.c.a.a.c.u.util.UserUtilService   : 1 editors generated. Generate 1 instructors...
    23:46:33.591 | 395 ool-1-worker-159 | DEBUG | d.t.c.a.a.c.u.util.UserUtilService   : 1 instructors generated
    23:46:33.593 | 395 ool-1-worker-159 | DEBUG | d.t.c.a.a.c.u.util.UserUtilService   : Removing 5 users from all courses...
    23:46:33.593 | 395 ool-1-worker-159 | DEBUG | d.t.c.a.a.c.u.util.UserUtilService   : Removing 5 users from all courses. Done
    23:46:33.593 | 395 ool-1-worker-159 | DEBUG | d.t.c.a.a.c.u.util.UserUtilService   : Save 5 users to database...
    23:46:33.598 | 395 ool-1-worker-159 | DEBUG | d.t.c.a.a.c.u.util.UserUtilService   : Save 5 users to database. Done
    23:46:33.599 | 395 ool-1-worker-159 | INFO  | i.z.t.d.l.EmbeddedDatabaseReporter   : JDBC URL to connect to 'dataSource': url='jdbc:h2:tcp://localhost:41063/mem:df70fc46-7e57-4cb5-9cd0-c1d90c14afa7;USER=sa', scope='FileUploadExerciseIntegrationTest#testExamExerciseNotIncludedInScoreReturnsBadRequest'
    23:46:33.604 | 395 ool-1-worker-159 | DEBUG | d.t.c.a.a.c.s.f.ApiVersionFilter     : Adding Version to Request POST /api/file-upload-exercises/import/2496
    23:46:33.609 | 395 ool-1-worker-159 | ERROR | tech.jhipster.web.util.HeaderUtil    : Entity processing failed, An exam exercise must be included in the score.
    23:46:33.609 | 395 ool-1-worker-159 | WARN  | o.z.p.spring.common.AdviceTraits     : Bad Request: An exam exercise must be included in the score.

  Starting logs for FileUploadExerciseIntegrationTest > getFileUploadExerciseFails_wrongId()
    23:46:33.624 | 395 ool-1-worker-159 | DEBUG | d.t.c.a.a.c.u.util.UserUtilService   : Generate 2 students...
    23:46:33.628 | 395 ool-1-worker-159 | DEBUG | d.t.c.a.a.c.u.util.UserUtilService   : 2 students generated. Generate 1 tutors...
    23:46:33.631 | 395 ool-1-worker-159 | DEBUG | d.t.c.a.a.c.u.util.UserUtilService   : 1 tutors generated. Generate 1 editors...
    23:46:33.634 | 395 ool-1-worker-159 | DEBUG | d.t.c.a.a.c.u.util.UserUtilService   : 1 editors generated. Generate 1 instructors...
    23:46:33.636 | 395 ool-1-worker-159 | DEBUG | d.t.c.a.a.c.u.util.UserUtilService   : 1 instructors generated
    23:46:33.639 | 395 ool-1-worker-159 | DEBUG | d.t.c.a.a.c.u.util.UserUtilService   : Removing 5 users from all courses...
    23:46:33.639 | 395 ool-1-worker-159 | DEBUG | d.t.c.a.a.c.u.util.UserUtilService   : Removing 5 users from all courses. Done
    23:46:33.639 | 395 ool-1-worker-159 | DEBUG | d.t.c.a.a.c.u.util.UserUtilService   : Save 5 users to database...
    23:46:33.643 | 395 ool-1-worker-159 | DEBUG | d.t.c.a.a.c.u.util.UserUtilService   : Save 5 users to database. Done
    23:46:33.646 | 395 ool-1-worker-159 | INFO  | i.z.t.d.l.EmbeddedDatabaseReporter   : JDBC URL to connect to 'dataSource': url='jdbc:h2:tcp://localhost:41063/mem:df70fc46-7e57-4cb5-9cd0-c1d90c14afa7;USER=sa', scope='FileUploadExerciseIntegrationTest#getFileUploadExerciseFails_wrongId'
    23:46:33.657 | 395 ool-1-worker-159 | DEBUG | d.t.c.a.a.c.s.f.ApiVersionFilter     : Adding Version to Request GET /api/file-upload-exercises/555555
    23:46:33.657 | 395 ool-1-worker-159 | DEBUG | c.a.a.f.w.FileUploadExerciseResource : REST request to get FileUploadExercise : 555555
    23:46:33.661 | 395 ool-1-worker-159 | WARN  | o.z.p.spring.common.AdviceTraits     : Not Found: FileUploadExercise with id: "555555" does not exist

  Starting logs for FileUploadExerciseIntegrationTest > updateFileUploadExerciseForExam_invalid_dates(InvalidExamExerciseDateConfiguration) [1] dates=InvalidExamExerciseDateConfiguration[releaseDate=2025-02-15T00:46:33.683308225Z[Etc/UTC], dueDate=2025-02-15T01:46:33.683308225Z[Etc/UTC], assessmentDueDate=2025-02-15T02:46:33.683308225Z[Etc/UTC], exampleSolutionPublicationDate=null]
    23:46:33.701 | 395 ool-1-worker-159 | DEBUG | d.t.c.a.a.c.u.util.UserUtilService   : Generate 2 students...
    23:46:33.705 | 395 ool-1-worker-159 | DEBUG | d.t.c.a.a.c.u.util.UserUtilService   : 2 students generated. Generate 1 tutors...
    23:46:33.708 | 395 ool-1-worker-159 | DEBUG | d.t.c.a.a.c.u.util.UserUtilService   : 1 tutors generated. Generate 1 editors...
    23:46:33.711 | 395 ool-1-worker-159 | DEBUG | d.t.c.a.a.c.u.util.UserUtilService   : 1 editors generated. Generate 1 instructors...
    23:46:33.714 | 395 ool-1-worker-159 | DEBUG | d.t.c.a.a.c.u.util.UserUtilService   : 1 instructors generated
    23:46:33.715 | 395 ool-1-worker-159 | DEBUG | d.t.c.a.a.c.u.util.UserUtilService   : Removing 5 users from all courses...
    23:46:33.716 | 395 ool-1-worker-159 | DEBUG | d.t.c.a.a.c.u.util.UserUtilService   : Removing 5 users from all courses. Done
    23:46:33.716 | 395 ool-1-worker-159 | DEBUG | d.t.c.a.a.c.u.util.UserUtilService   : Save 5 users to database...
    23:46:33.721 | 395 ool-1-worker-159 | DEBUG | d.t.c.a.a.c.u.util.UserUtilService   : Save 5 users to database. Done
    23:46:33.722 | 395 ool-1-worker-159 | INFO  | i.z.t.d.l.EmbeddedDatabaseReporter   : JDBC URL to connect to 'dataSource': url='jdbc:h2:tcp://localhost:41063/mem:df70fc46-7e57-4cb5-9cd0-c1d90c14afa7;USER=sa', scope='FileUploadExerciseIntegrationTest#updateFileUploadExerciseForExam_invalid_dates'
    23:46:33.731 | 395 ool-1-worker-159 | DEBUG | d.t.c.a.a.c.s.f.ApiVersionFilter     : Adding Version to Request PUT /api/file-upload-exercises/2500
    23:46:33.734 | 395 ool-1-worker-159 | DEBUG | c.a.a.f.w.FileUploadExerciseResource : REST request to update FileUploadExercise : FileUploadExercise{id=2500}
    23:46:33.735 | 395 ool-1-worker-159 | ERROR | tech.jhipster.web.util.HeaderUtil    : Entity processing failed, An exam exercise may not have any dates set!
    23:46:33.735 | 395 ool-1-worker-159 | WARN  | o.z.p.spring.common.AdviceTraits     : Bad Request: An exam exercise may not have any dates set!

  Starting logs for FileUploadExerciseIntegrationTest > updateFileUploadExerciseForExam_invalid_dates(InvalidExamExerciseDateConfiguration) [2] dates=InvalidExamExerciseDateConfiguration[releaseDate=2025-02-15T00:46:33.683308225Z[Etc/UTC], dueDate=null, assessmentDueDate=null, exampleSolutionPublicationDate=null]
    23:46:33.771 | 395 ool-1-worker-159 | DEBUG | d.t.c.a.a.c.u.util.UserUtilService   : Generate 2 students...
    23:46:33.778 | 395 ool-1-worker-159 | DEBUG | d.t.c.a.a.c.u.util.UserUtilService   : 2 students generated. Generate 1 tutors...
    23:46:33.784 | 395 ool-1-worker-159 | DEBUG | d.t.c.a.a.c.u.util.UserUtilService   : 1 tutors generated. Generate 1 editors...
    23:46:33.789 | 395 ool-1-worker-159 | DEBUG | d.t.c.a.a.c.u.util.UserUtilService   : 1 editors generated. Generate 1 instructors...
    23:46:33.795 | 395 ool-1-worker-159 | DEBUG | d.t.c.a.a.c.u.util.UserUtilService   : 1 instructors generated
    23:46:33.797 | 395 ool-1-worker-159 | DEBUG | d.t.c.a.a.c.u.util.UserUtilService   : Removing 5 users from all courses...
    23:46:33.802 | 395 ool-1-worker-159 | DEBUG | d.t.c.a.a.c.u.util.UserUtilService   : Removing 5 users from all courses. Done
    23:46:33.802 | 395 ool-1-worker-159 | DEBUG | d.t.c.a.a.c.u.util.UserUtilService   : Save 5 users to database...
    23:46:33.812 | 395 ool-1-worker-159 | DEBUG | d.t.c.a.a.c.u.util.UserUtilService   : Save 5 users to database. Done
    23:46:33.813 | 395 ool-1-worker-159 | INFO  | i.z.t.d.l.EmbeddedDatabaseReporter   : JDBC URL to connect to 'dataSource': url='jdbc:h2:tcp://localhost:41063/mem:df70fc46-7e57-4cb5-9cd0-c1d90c14afa7;USER=sa', scope='FileUploadExerciseIntegrationTest#updateFileUploadExerciseForExam_invalid_dates'
    23:46:33.824 | 395 ool-1-worker-159 | DEBUG | d.t.c.a.a.c.s.f.ApiVersionFilter     : Adding Version to Request PUT /api/file-upload-exercises/2501
    23:46:33.825 | 395 ool-1-worker-159 | DEBUG | c.a.a.f.w.FileUploadExerciseResource : REST request to update FileUploadExercise : FileUploadExercise{id=2501}
    23:46:33.826 | 395 ool-1-worker-159 | ERROR | tech.jhipster.web.util.HeaderUtil    : Entity processing failed, An exam exercise may not have any dates set!
    23:46:33.826 | 395 ool-1-worker-159 | WARN  | o.z.p.spring.common.AdviceTraits     : Bad Request: An exam exercise may not have any dates set!

  Starting logs for FileUploadExerciseIntegrationTest > updateFileUploadExerciseForExam_invalid_dates(InvalidExamExerciseDateConfiguration) [3] dates=InvalidExamExerciseDateConfiguration[releaseDate=null, dueDate=2025-02-15T01:46:33.683308225Z[Etc/UTC], assessmentDueDate=null, exampleSolutionPublicationDate=null]
    23:46:33.859 | 395 ool-1-worker-159 | DEBUG | d.t.c.a.a.c.u.util.UserUtilService   : Generate 2 students...
    23:46:33.863 | 395 ool-1-worker-159 | DEBUG | d.t.c.a.a.c.u.util.UserUtilService   : 2 students generated. Generate 1 tutors...
    23:46:33.866 | 395 ool-1-worker-159 | DEBUG | d.t.c.a.a.c.u.util.UserUtilService   : 1 tutors generated. Generate 1 editors...
    23:46:33.868 | 395 ool-1-worker-159 | DEBUG | d.t.c.a.a.c.u.util.UserUtilService   : 1 editors generated. Generate 1 instructors...
    23:46:33.871 | 395 ool-1-worker-159 | DEBUG | d.t.c.a.a.c.u.util.UserUtilService   : 1 instructors generated
    23:46:33.873 | 395 ool-1-worker-159 | DEBUG | d.t.c.a.a.c.u.util.UserUtilService   : Removing 5 users from all courses...
    23:46:33.874 | 395 ool-1-worker-159 | DEBUG | d.t.c.a.a.c.u.util.UserUtilService   : Removing 5 users from all courses. Done
    23:46:33.874 | 395 ool-1-worker-159 | DEBUG | d.t.c.a.a.c.u.util.UserUtilService   : Save 5 users to database...
    23:46:33.879 | 395 ool-1-worker-159 | DEBUG | d.t.c.a.a.c.u.util.UserUtilService   : Save 5 users to database. Done
    23:46:33.880 | 395 ool-1-worker-159 | INFO  | i.z.t.d.l.EmbeddedDatabaseReporter   : JDBC URL to connect to 'dataSource': url='jdbc:h2:tcp://localhost:41063/mem:df70fc46-7e57-4cb5-9cd0-c1d90c14afa7;USER=sa', scope='FileUploadExerciseIntegrationTest#updateFileUploadExerciseForExam_invalid_dates'
    23:46:33.885 | 395 ool-1-worker-159 | DEBUG | d.t.c.a.a.c.s.f.ApiVersionFilter     : Adding Version to Request PUT /api/file-upload-exercises/2502
    23:46:33.886 | 395 ool-1-worker-159 | DEBUG | c.a.a.f.w.FileUploadExerciseResource : REST request to update FileUploadExercise : FileUploadExercise{id=2502}
    23:46:33.887 | 395 ool-1-worker-159 | ERROR | tech.jhipster.web.util.HeaderUtil    : Entity processing failed, An exam exercise may not have any dates set!
    23:46:33.887 | 395 ool-1-worker-159 | WARN  | o.z.p.spring.common.AdviceTraits     : Bad Request: An exam exercise may not have any dates set!

  Starting logs for FileUploadExerciseIntegrationTest > updateFileUploadExerciseForExam_invalid_dates(InvalidExamExerciseDateConfiguration) [4] dates=InvalidExamExerciseDateConfiguration[releaseDate=null, dueDate=null, assessmentDueDate=2025-02-15T02:46:33.683308225Z[Etc/UTC], exampleSolutionPublicationDate=null]
    23:46:33.902 | 395 ool-1-worker-159 | DEBUG | d.t.c.a.a.c.u.util.UserUtilService   : Generate 2 students...
    23:46:33.906 | 395 ool-1-worker-159 | DEBUG | d.t.c.a.a.c.u.util.UserUtilService   : 2 students generated. Generate 1 tutors...
    23:46:33.909 | 395 ool-1-worker-159 | DEBUG | d.t.c.a.a.c.u.util.UserUtilService   : 1 tutors generated. Generate 1 editors...
    23:46:33.912 | 395 ool-1-worker-159 | DEBUG | d.t.c.a.a.c.u.util.UserUtilService   : 1 editors generated. Generate 1 instructors...
    23:46:33.914 | 395 ool-1-worker-159 | DEBUG | d.t.c.a.a.c.u.util.UserUtilService   : 1 instructors generated
    23:46:33.916 | 395 ool-1-worker-159 | DEBUG | d.t.c.a.a.c.u.util.UserUtilService   : Removing 5 users from all courses...
    23:46:33.917 | 395 ool-1-worker-159 | DEBUG | d.t.c.a.a.c.u.util.UserUtilService   : Removing 5 users from all courses. Done
    23:46:33.917 | 395 ool-1-worker-159 | DEBUG | d.t.c.a.a.c.u.util.UserUtilService   : Save 5 users to database...
    23:46:33.921 | 395 ool-1-worker-159 | DEBUG | d.t.c.a.a.c.u.util.UserUtilService   : Save 5 users to database. Done
    23:46:33.922 | 395 ool-1-worker-159 | INFO  | i.z.t.d.l.EmbeddedDatabaseReporter   : JDBC URL to connect to 'dataSource': url='jdbc:h2:tcp://localhost:41063/mem:df70fc46-7e57-4cb5-9cd0-c1d90c14afa7;USER=sa', scope='FileUploadExerciseIntegrationTest#updateFileUploadExerciseForExam_invalid_dates'
    23:46:33.927 | 395 ool-1-worker-159 | DEBUG | d.t.c.a.a.c.s.f.ApiVersionFilter     : Adding Version to Request PUT /api/file-upload-exercises/2503
    23:46:33.928 | 395 ool-1-worker-159 | DEBUG | c.a.a.f.w.FileUploadExerciseResource : REST request to update FileUploadExercise : FileUploadExercise{id=2503}
    23:46:33.929 | 395 ool-1-worker-159 | ERROR | tech.jhipster.web.util.HeaderUtil    : Entity processing failed, An exam exercise may not have any dates set!
    23:46:33.929 | 395 ool-1-worker-159 | WARN  | o.z.p.spring.common.AdviceTraits     : Bad Request: An exam exercise may not have any dates set!

  Starting logs for FileUploadExerciseIntegrationTest > updateFileUploadExerciseForExam_invalid_dates(InvalidExamExerciseDateConfiguration) [5] dates=InvalidExamExerciseDateConfiguration[releaseDate=null, dueDate=null, assessmentDueDate=null, exampleSolutionPublicationDate=2025-02-14T23:46:33.683318104Z[Etc/UTC]]
    23:46:33.944 | 395 ool-1-worker-159 | DEBUG | d.t.c.a.a.c.u.util.UserUtilService   : Generate 2 students...
    23:46:33.948 | 395 ool-1-worker-159 | DEBUG | d.t.c.a.a.c.u.util.UserUtilService   : 2 students generated. Generate 1 tutors...
    23:46:33.950 | 395 ool-1-worker-159 | DEBUG | d.t.c.a.a.c.u.util.UserUtilService   : 1 tutors generated. Generate 1 editors...
    23:46:33.953 | 395 ool-1-worker-159 | DEBUG | d.t.c.a.a.c.u.util.UserUtilService   : 1 editors generated. Generate 1 instructors...
    23:46:33.956 | 395 ool-1-worker-159 | DEBUG | d.t.c.a.a.c.u.util.UserUtilService   : 1 instructors generated
    23:46:33.958 | 395 ool-1-worker-159 | DEBUG | d.t.c.a.a.c.u.util.UserUtilService   : Removing 5 users from all courses...
    23:46:33.959 | 395 ool-1-worker-159 | DEBUG | d.t.c.a.a.c.u.util.UserUtilService   : Removing 5 users from all courses. Done
    23:46:33.959 | 395 ool-1-worker-159 | DEBUG | d.t.c.a.a.c.u.util.UserUtilService   : Save 5 users to database...
    23:46:33.962 | 395 ool-1-worker-159 | DEBUG | d.t.c.a.a.c.u.util.UserUtilService   : Save 5 users to database. Done
    23:46:33.964 | 395 ool-1-worker-159 | INFO  | i.z.t.d.l.EmbeddedDatabaseReporter   : JDBC URL to connect to 'dataSource': url='jdbc:h2:tcp://localhost:41063/mem:df70fc46-7e57-4cb5-9cd0-c1d90c14afa7;USER=sa', scope='FileUploadExerciseIntegrationTest#updateFileUploadExerciseForExam_invalid_dates'
    23:46:33.969 | 395 ool-1-worker-159 | DEBUG | d.t.c.a.a.c.s.f.ApiVersionFilter     : Adding Version to Request PUT /api/file-upload-exercises/2504
    23:46:33.970 | 395 ool-1-worker-159 | DEBUG | c.a.a.f.w.FileUploadExerciseResource : REST request to update FileUploadExercise : FileUploadExercise{id=2504}
    23:46:33.971 | 395 ool-1-worker-159 | ERROR | tech.jhipster.web.util.HeaderUtil    : Entity processing failed, An exam exercise may not have any dates set!
    23:46:33.971 | 395 ool-1-worker-159 | WARN  | o.z.p.spring.common.AdviceTraits     : Bad Request: An exam exercise may not have any dates set!

  Starting logs for FileUploadExerciseIntegrationTest > updateFileUploadExercise_conversionBetweenCourseAndExamExercise_badRequest()
    23:46:33.994 | 395 ool-1-worker-159 | DEBUG | d.t.c.a.a.c.u.util.UserUtilService   : Generate 2 students...
    23:46:34.004 | 395 ool-1-worker-159 | DEBUG | d.t.c.a.a.c.u.util.UserUtilService   : 2 students generated. Generate 1 tutors...
    23:46:34.009 | 395 ool-1-worker-159 | DEBUG | d.t.c.a.a.c.u.util.UserUtilService   : 1 tutors generated. Generate 1 editors...
    23:46:34.014 | 395 ool-1-worker-159 | DEBUG | d.t.c.a.a.c.u.util.UserUtilService   : 1 editors generated. Generate 1 instructors...
    23:46:34.024 | 395 ool-1-worker-159 | DEBUG | d.t.c.a.a.c.u.util.UserUtilService   : 1 instructors generated
    23:46:34.026 | 395 ool-1-worker-159 | DEBUG | d.t.c.a.a.c.u.util.UserUtilService   : Removing 5 users from all courses...
    23:46:34.033 | 395 ool-1-worker-159 | DEBUG | d.t.c.a.a.c.u.util.UserUtilService   : Removing 5 users from all courses. Done
    23:46:34.033 | 395 ool-1-worker-159 | DEBUG | d.t.c.a.a.c.u.util.UserUtilService   : Save 5 users to database...
    23:46:34.043 | 395 ool-1-worker-159 | DEBUG | d.t.c.a.a.c.u.util.UserUtilService   : Save 5 users to database. Done
    23:46:34.045 | 395 ool-1-worker-159 | INFO  | i.z.t.d.l.EmbeddedDatabaseReporter   : JDBC URL to connect to 'dataSource': url='jdbc:h2:tcp://localhost:41063/mem:df70fc46-7e57-4cb5-9cd0-c1d90c14afa7;USER=sa', scope='FileUploadExerciseIntegrationTest#updateFileUploadExercise_conversionBetweenCourseAndExamExercise_badRequest'
    23:46:34.058 | 395 ool-1-worker-159 | DEBUG | d.t.c.a.a.c.s.f.ApiVersionFilter     : Adding Version to Request PUT /api/file-upload-exercises/null
    23:46:34.063 | 395 ool-1-worker-159 | WARN  | o.z.p.spring.common.AdviceTraits     : Bad Request: Method parameter 'exerciseId': Failed to convert value of type 'java.lang.String' to required type 'java.lang.Long'; For input string: "null"
    23:46:34.064 | 395 ool-1-worker-159 | DEBUG | d.t.c.a.a.c.s.f.ApiVersionFilter     : Adding Version to Request PUT /api/file-upload-exercises/2505
    23:46:34.068 | 395 ool-1-worker-159 | DEBUG | c.a.a.f.w.FileUploadExerciseResource : REST request to update FileUploadExercise : FileUploadExercise{id=2505}
    23:46:34.074 | 395 ool-1-worker-159 | ERROR | tech.jhipster.web.util.HeaderUtil    : Entity processing failed, Course exercise cannot be converted to exam exercise and vice versa
    23:46:34.074 | 395 ool-1-worker-159 | WARN  | o.z.p.spring.common.AdviceTraits     : Bad Request: Course exercise cannot be converted to exam exercise and vice versa

  Starting logs for FileUploadExerciseIntegrationTest > testGetFileUploadExercise_asInstructor_exampleSolutionVisibility()
    23:46:34.095 | 395 ool-1-worker-159 | DEBUG | d.t.c.a.a.c.u.util.UserUtilService   : Generate 2 students...
    23:46:34.099 | 395 ool-1-worker-159 | DEBUG | d.t.c.a.a.c.u.util.UserUtilService   : 2 students generated. Generate 1 tutors...
    23:46:34.102 | 395 ool-1-worker-159 | DEBUG | d.t.c.a.a.c.u.util.UserUtilService   : 1 tutors generated. Generate 1 editors...
    23:46:34.104 | 395 ool-1-worker-159 | DEBUG | d.t.c.a.a.c.u.util.UserUtilService   : 1 editors generated. Generate 1 instructors...
    23:46:34.107 | 395 ool-1-worker-159 | DEBUG | d.t.c.a.a.c.u.util.UserUtilService   : 1 instructors generated
    23:46:34.109 | 395 ool-1-worker-159 | DEBUG | d.t.c.a.a.c.u.util.UserUtilService   : Removing 5 users from all courses...
    23:46:34.110 | 395 ool-1-worker-159 | DEBUG | d.t.c.a.a.c.u.util.UserUtilService   : Removing 5 users from all courses. Done
    23:46:34.110 | 395 ool-1-worker-159 | DEBUG | d.t.c.a.a.c.u.util.UserUtilService   : Save 5 users to database...
    23:46:34.114 | 395 ool-1-worker-159 | DEBUG | d.t.c.a.a.c.u.util.UserUtilService   : Save 5 users to database. Done
    23:46:34.118 | 395 ool-1-worker-159 | INFO  | i.z.t.d.l.EmbeddedDatabaseReporter   : JDBC URL to connect to 'dataSource': url='jdbc:h2:tcp://localhost:41063/mem:df70fc46-7e57-4cb5-9cd0-c1d90c14afa7;USER=sa', scope='FileUploadExerciseIntegrationTest#testGetFileUploadExercise_asInstructor_exampleSolutionVisibility'
    23:46:34.133 | 395 ool-1-worker-159 | DEBUG | d.t.c.a.a.c.s.f.ApiVersionFilter     : Adding Version to Request GET /api/courses/1968/for-dashboard
    23:46:34.137 | 395 ool-1-worker-159 | DEBUG | d.t.c.a.a.core.web.CourseResource    : REST request to get one course 1968 with exams, lectures, exercises, participations, submissions and results, etc.
    23:46:34.147 | 395 ool-1-worker-159 | DEBUG | d.t.c.a.a.core.web.CourseResource    : courseService.findOneWithExercisesAndLecturesAndExamsAndCompetenciesAndTutorialGroupsForUser done
    23:46:34.148 | 395 ool-1-worker-159 | DEBUG | d.t.c.a.a.core.web.CourseResource    : courseService.fetchParticipationsWithSubmissionsAndResultsForCourses done in getCourseForDashboard
    23:46:34.149 | 395 ool-1-worker-159 | DEBUG | d.t.c.a.a.core.web.CourseResource    : courseService.fetchPlagiarismCasesForCourseExercises done in getCourseForDashboard
    23:46:34.149 | 395 ool-1-worker-159 | DEBUG | d.t.c.a.a.core.web.CourseResource    : gradingScaleRepository.findByCourseId done in getCourseForDashboard
    23:46:34.150 | 395 ool-1-worker-159 | INFO  | d.t.c.a.a.core.web.CourseResource    : courses/1968/for-dashboard (single course) finished in 12.53ms for 1 courses with 3 individual exercise(s) and 0 team exercise(s) for user fileuploaderxerciseinstructor1
    23:46:34.159 | 395 ool-1-worker-159 | DEBUG | d.t.c.a.a.c.s.f.ApiVersionFilter     : Adding Version to Request GET /api/courses/1968/for-dashboard
    23:46:34.160 | 395 ool-1-worker-159 | DEBUG | d.t.c.a.a.core.web.CourseResource    : REST request to get one course 1968 with exams, lectures, exercises, participations, submissions and results, etc.
    23:46:34.165 | 395 ool-1-worker-159 | DEBUG | d.t.c.a.a.core.web.CourseResource    : courseService.findOneWithExercisesAndLecturesAndExamsAndCompetenciesAndTutorialGroupsForUser done
    23:46:34.166 | 395 ool-1-worker-159 | DEBUG | d.t.c.a.a.core.web.CourseResource    : courseService.fetchParticipationsWithSubmissionsAndResultsForCourses done in getCourseForDashboard
    23:46:34.167 | 395 ool-1-worker-159 | DEBUG | d.t.c.a.a.core.web.CourseResource    : courseService.fetchPlagiarismCasesForCourseExercises done in getCourseForDashboard
    23:46:34.167 | 395 ool-1-worker-159 | DEBUG | d.t.c.a.a.core.web.CourseResource    : gradingScaleRepository.findByCourseId done in getCourseForDashboard
    23:46:34.168 | 395 ool-1-worker-159 | INFO  | d.t.c.a.a.core.web.CourseResource    : courses/1968/for-dashboard (single course) finished in 7.79ms for 1 courses with 3 individual exercise(s) and 0 team exercise(s) for user fileuploaderxerciseinstructor1
    23:46:34.172 | 395 ool-1-worker-159 | DEBUG | d.t.c.a.a.c.s.f.ApiVersionFilter     : Adding Version to Request GET /api/courses/1968/for-dashboard
    23:46:34.172 | 395 ool-1-worker-159 | DEBUG | d.t.c.a.a.core.web.CourseResource    : REST request to get one course 1968 with exams, lectures, exercises, participations, submissions and results, etc.
    23:46:34.178 | 395 ool-1-worker-159 | DEBUG | d.t.c.a.a.core.web.CourseResource    : courseService.findOneWithExercisesAndLecturesAndExamsAndCompetenciesAndTutorialGroupsForUser done
    23:46:34.179 | 395 ool-1-worker-159 | DEBUG | d.t.c.a.a.core.web.CourseResource    : courseService.fetchParticipationsWithSubmissionsAndResultsForCourses done in getCourseForDashboard
    23:46:34.179 | 395 ool-1-worker-159 | DEBUG | d.t.c.a.a.core.web.CourseResource    : courseService.fetchPlagiarismCasesForCourseExercises done in getCourseForDashboard
    23:46:34.180 | 395 ool-1-worker-159 | DEBUG | d.t.c.a.a.core.web.CourseResource    : gradingScaleRepository.findByCourseId done in getCourseForDashboard
    23:46:34.180 | 395 ool-1-worker-159 | INFO  | d.t.c.a.a.core.web.CourseResource    : courses/1968/for-dashboard (single course) finished in 7.46ms for 1 courses with 3 individual exercise(s) and 0 team exercise(s) for user fileuploaderxerciseinstructor1

  Starting logs for FileUploadExerciseIntegrationTest > deleteFileUploadExercise_asInstructor()
    23:46:34.195 | 395 ool-1-worker-159 | DEBUG | d.t.c.a.a.c.u.util.UserUtilService   : Generate 2 students...
    23:46:34.199 | 395 ool-1-worker-159 | DEBUG | d.t.c.a.a.c.u.util.UserUtilService   : 2 students generated. Generate 1 tutors...
    23:46:34.202 | 395 ool-1-worker-159 | DEBUG | d.t.c.a.a.c.u.util.UserUtilService   : 1 tutors generated. Generate 1 editors...
    23:46:34.205 | 395 ool-1-worker-159 | DEBUG | d.t.c.a.a.c.u.util.UserUtilService   : 1 editors generated. Generate 1 instructors...
    23:46:34.207 | 395 ool-1-worker-159 | DEBUG | d.t.c.a.a.c.u.util.UserUtilService   : 1 instructors generated
    23:46:34.209 | 395 ool-1-worker-159 | DEBUG | d.t.c.a.a.c.u.util.UserUtilService   : Removing 5 users from all courses...
    23:46:34.210 | 395 ool-1-worker-159 | DEBUG | d.t.c.a.a.c.u.util.UserUtilService   : Removing 5 users from all courses. Done
    23:46:34.210 | 395 ool-1-worker-159 | DEBUG | d.t.c.a.a.c.u.util.UserUtilService   : Save 5 users to database...
    23:46:34.214 | 395 ool-1-worker-159 | DEBUG | d.t.c.a.a.c.u.util.UserUtilService   : Save 5 users to database. Done
    23:46:34.215 | 395 ool-1-worker-159 | INFO  | i.z.t.d.l.EmbeddedDatabaseReporter   : JDBC URL to connect to 'dataSource': url='jdbc:h2:tcp://localhost:41063/mem:df70fc46-7e57-4cb5-9cd0-c1d90c14afa7;USER=sa', scope='FileUploadExerciseIntegrationTest#deleteFileUploadExercise_asInstructor'
    23:46:34.221 | 395 ool-1-worker-159 | DEBUG | d.t.c.a.a.c.s.f.ApiVersionFilter     : Adding Version to Request DELETE /api/file-upload-exercises/2509
    23:46:34.222 | 395 ool-1-worker-159 | INFO  | c.a.a.f.w.FileUploadExerciseResource : REST request to delete FileUploadExercise : 2509
    23:46:34.224 | 395 ool-1-worker-159 | INFO  | d.t.c.a.a.e.service.ExerciseService  : User fileuploaderxerciseinstructor1 has requested to delete FileUploadExercise released with id 2509
    23:46:34.225 | 395 ool-1-worker-159 | INFO  | .t.c.a.a.e.s.ExerciseDeletionService : Request to delete FileUploadExercise with id 2509
    23:46:34.225 | 395 ool-1-worker-159 | INFO  | .t.c.a.a.e.s.ExerciseDeletionService : Deleting the channel took 330µs
    23:46:34.227 | 395 ool-1-worker-159 | INFO  | d.t.c.a.a.e.s.ParticipationService   : Request to delete all 0 participations of exercise with id : 2509
    23:46:34.235 | 395 ool-1-worker-159 | INFO  | .c.a.a.c.s.TitleCacheEvictionService : Evicted entry '2509' from title cache 'exerciseTitle'
    23:46:34.237 | 395 ool-1-worker-159 | DEBUG | d.t.c.a.a.c.s.f.ApiVersionFilter     : Adding Version to Request DELETE /api/file-upload-exercises/2510
    23:46:34.237 | 395 ool-1-worker-159 | INFO  | c.a.a.f.w.FileUploadExerciseResource : REST request to delete FileUploadExercise : 2510
    23:46:34.239 | 395 ool-1-worker-159 | INFO  | d.t.c.a.a.e.service.ExerciseService  : User fileuploaderxerciseinstructor1 has requested to delete FileUploadExercise finished with id 2510
    23:46:34.240 | 395 ool-1-worker-159 | INFO  | .t.c.a.a.e.s.ExerciseDeletionService : Request to delete FileUploadExercise with id 2510
    23:46:34.241 | 395 ool-1-worker-159 | INFO  | .t.c.a.a.e.s.ExerciseDeletionService : Deleting the channel took 312µs
    23:46:34.244 | 395 ool-1-worker-159 | INFO  | d.t.c.a.a.e.s.ParticipationService   : Request to delete all 0 participations of exercise with id : 2510
    23:46:34.250 | 395 ool-1-worker-159 | INFO  | .c.a.a.c.s.TitleCacheEvictionService : Evicted entry '2510' from title cache 'exerciseTitle'
    23:46:34.251 | 395 ool-1-worker-159 | DEBUG | d.t.c.a.a.c.s.f.ApiVersionFilter     : Adding Version to Request DELETE /api/file-upload-exercises/2511
    23:46:34.251 | 395 ool-1-worker-159 | INFO  | c.a.a.f.w.FileUploadExerciseResource : REST request to delete FileUploadExercise : 2511
    23:46:34.253 | 395 ool-1-worker-159 | INFO  | d.t.c.a.a.e.service.ExerciseService  : User fileuploaderxerciseinstructor1 has requested to delete FileUploadExercise assessed with id 2511
    23:46:34.254 | 395 ool-1-worker-159 | INFO  | .t.c.a.a.e.s.ExerciseDeletionService : Request to delete FileUploadExercise with id 2511
    23:46:34.254 | 395 ool-1-worker-159 | INFO  | .t.c.a.a.e.s.ExerciseDeletionService : Deleting the channel took 239µs
    23:46:34.255 | 395 ool-1-worker-159 | INFO  | d.t.c.a.a.e.s.ParticipationService   : Request to delete all 0 participations of exercise with id : 2511
    23:46:34.261 | 395 ool-1-worker-159 | INFO  | .c.a.a.c.s.TitleCacheEvictionService : Evicted entry '2511' from title cache 'exerciseTitle'

  Starting logs for FileUploadExerciseIntegrationTest > testImportFileUploadExerciseCourseNotSetBadRequest()
    23:46:34.274 | 395 ool-1-worker-159 | DEBUG | d.t.c.a.a.c.u.util.UserUtilService   : Generate 2 students...
    23:46:34.278 | 395 ool-1-worker-159 | DEBUG | d.t.c.a.a.c.u.util.UserUtilService   : 2 students generated. Generate 1 tutors...
    23:46:34.281 | 395 ool-1-worker-159 | DEBUG | d.t.c.a.a.c.u.util.UserUtilService   : 1 tutors generated. Generate 1 editors...
    23:46:34.283 | 395 ool-1-worker-159 | DEBUG | d.t.c.a.a.c.u.util.UserUtilService   : 1 editors generated. Generate 1 instructors...
    23:46:34.286 | 395 ool-1-worker-159 | DEBUG | d.t.c.a.a.c.u.util.UserUtilService   : 1 instructors generated
    23:46:34.288 | 395 ool-1-worker-159 | DEBUG | d.t.c.a.a.c.u.util.UserUtilService   : Removing 5 users from all courses...
    23:46:34.289 | 395 ool-1-worker-159 | DEBUG | d.t.c.a.a.c.u.util.UserUtilService   : Removing 5 users from all courses. Done
    23:46:34.289 | 395 ool-1-worker-159 | DEBUG | d.t.c.a.a.c.u.util.UserUtilService   : Save 5 users to database...
    23:46:34.293 | 395 ool-1-worker-159 | DEBUG | d.t.c.a.a.c.u.util.UserUtilService   : Save 5 users to database. Done
    23:46:34.294 | 395 ool-1-worker-159 | INFO  | i.z.t.d.l.EmbeddedDatabaseReporter   : JDBC URL to connect to 'dataSource': url='jdbc:h2:tcp://localhost:41063/mem:df70fc46-7e57-4cb5-9cd0-c1d90c14afa7;USER=sa', scope='FileUploadExerciseIntegrationTest#testImportFileUploadExerciseCourseNotSetBadRequest'
    23:46:34.297 | 395 ool-1-worker-159 | DEBUG | d.t.c.a.a.c.s.f.ApiVersionFilter     : Adding Version to Request POST /api/file-upload-exercises/import/2512
    23:46:34.298 | 395 ool-1-worker-159 | ERROR | tech.jhipster.web.util.HeaderUtil    : Entity processing failed, Either the courseId or exerciseGroupId must be set for an import
    23:46:34.298 | 395 ool-1-worker-159 | WARN  | o.z.p.spring.common.AdviceTraits     : Bad Request: Either the courseId or exerciseGroupId must be set for an import

  Starting logs for FileUploadExerciseIntegrationTest > testReEvaluateAndUpdateFileUploadExercise_isNotSameGivenExerciseIdInRequestBody_conflict()
    23:46:34.308 | 395 ool-1-worker-159 | DEBUG | d.t.c.a.a.c.u.util.UserUtilService   : Generate 2 students...
    23:46:34.311 | 395 ool-1-worker-159 | DEBUG | d.t.c.a.a.c.u.util.UserUtilService   : 2 students generated. Generate 1 tutors...
    23:46:34.313 | 395 ool-1-worker-159 | DEBUG | d.t.c.a.a.c.u.util.UserUtilService   : 1 tutors generated. Generate 1 editors...
    23:46:34.315 | 395 ool-1-worker-159 | DEBUG | d.t.c.a.a.c.u.util.UserUtilService   : 1 editors generated. Generate 1 instructors...
    23:46:34.318 | 395 ool-1-worker-159 | DEBUG | d.t.c.a.a.c.u.util.UserUtilService   : 1 instructors generated
    23:46:34.319 | 395 ool-1-worker-159 | DEBUG | d.t.c.a.a.c.u.util.UserUtilService   : Removing 5 users from all courses...
    23:46:34.319 | 395 ool-1-worker-159 | DEBUG | d.t.c.a.a.c.u.util.UserUtilService   : Removing 5 users from all courses. Done
    23:46:34.319 | 395 ool-1-worker-159 | DEBUG | d.t.c.a.a.c.u.util.UserUtilService   : Save 5 users to database...
    23:46:34.322 | 395 ool-1-worker-159 | DEBUG | d.t.c.a.a.c.u.util.UserUtilService   : Save 5 users to database. Done
    23:46:34.323 | 395 ool-1-worker-159 | INFO  | i.z.t.d.l.EmbeddedDatabaseReporter   : JDBC URL to connect to 'dataSource': url='jdbc:h2:tcp://localhost:41063/mem:df70fc46-7e57-4cb5-9cd0-c1d90c14afa7;USER=sa', scope='FileUploadExerciseIntegrationTest#testReEvaluateAndUpdateFileUploadExercise_isNotSameGivenExerciseIdInRequestBody_conflict'
    23:46:34.329 | 395 ool-1-worker-159 | DEBUG | d.t.c.a.a.c.s.f.ApiVersionFilter     : Adding Version to Request PUT /api/file-upload-exercises/2513/re-evaluate
    23:46:34.330 | 395 ool-1-worker-159 | DEBUG | c.a.a.f.w.FileUploadExerciseResource : REST request to re-evaluate FileUploadExercise : FileUploadExercise{id=123456789}
    23:46:34.331 | 395 ool-1-worker-159 | WARN  | o.z.p.spring.common.AdviceTraits     : Conflict: 409 CONFLICT

  Starting logs for FileUploadExerciseIntegrationTest > createFileUploadExerciseFailsIfAlreadyCreated()
    23:46:34.341 | 395 ool-1-worker-159 | DEBUG | d.t.c.a.a.c.u.util.UserUtilService   : Generate 2 students...
    23:46:34.344 | 395 ool-1-worker-159 | DEBUG | d.t.c.a.a.c.u.util.UserUtilService   : 2 students generated. Generate 1 tutors...
    23:46:34.346 | 395 ool-1-worker-159 | DEBUG | d.t.c.a.a.c.u.util.UserUtilService   : 1 tutors generated. Generate 1 editors...
    23:46:34.349 | 395 ool-1-worker-159 | DEBUG | d.t.c.a.a.c.u.util.UserUtilService   : 1 editors generated. Generate 1 instructors...
    23:46:34.351 | 395 ool-1-worker-159 | DEBUG | d.t.c.a.a.c.u.util.UserUtilService   : 1 instructors generated
    23:46:34.352 | 395 ool-1-worker-159 | DEBUG | d.t.c.a.a.c.u.util.UserUtilService   : Removing 5 users from all courses...
    23:46:34.353 | 395 ool-1-worker-159 | DEBUG | d.t.c.a.a.c.u.util.UserUtilService   : Removing 5 users from all courses. Done
    23:46:34.353 | 395 ool-1-worker-159 | DEBUG | d.t.c.a.a.c.u.util.UserUtilService   : Save 5 users to database...
    23:46:34.356 | 395 ool-1-worker-159 | DEBUG | d.t.c.a.a.c.u.util.UserUtilService   : Save 5 users to database. Done
    23:46:34.357 | 395 ool-1-worker-159 | INFO  | i.z.t.d.l.EmbeddedDatabaseReporter   : JDBC URL to connect to 'dataSource': url='jdbc:h2:tcp://localhost:41063/mem:df70fc46-7e57-4cb5-9cd0-c1d90c14afa7;USER=sa', scope='FileUploadExerciseIntegrationTest#createFileUploadExerciseFailsIfAlreadyCreated'
    23:46:34.359 | 395 ool-1-worker-159 | DEBUG | d.t.c.a.a.c.s.f.ApiVersionFilter     : Adding Version to Request POST /api/file-upload-exercises
    23:46:34.360 | 395 ool-1-worker-159 | DEBUG | c.a.a.f.w.FileUploadExerciseResource : REST request to save FileUploadExercise : FileUploadExercise{id=2517}

  Starting logs for FileUploadExerciseIntegrationTest > createFileUploadExercise_NotIncludedInvalidBonusPoints()
    23:46:34.372 | 395 ool-1-worker-159 | DEBUG | d.t.c.a.a.c.u.util.UserUtilService   : Generate 2 students...
    23:46:34.376 | 395 ool-1-worker-159 | DEBUG | d.t.c.a.a.c.u.util.UserUtilService   : 2 students generated. Generate 1 tutors...
    23:46:34.378 | 395 ool-1-worker-159 | DEBUG | d.t.c.a.a.c.u.util.UserUtilService   : 1 tutors generated. Generate 1 editors...
    23:46:34.380 | 395 ool-1-worker-159 | DEBUG | d.t.c.a.a.c.u.util.UserUtilService   : 1 editors generated. Generate 1 instructors...
    23:46:34.382 | 395 ool-1-worker-159 | DEBUG | d.t.c.a.a.c.u.util.UserUtilService   : 1 instructors generated
    23:46:34.383 | 395 ool-1-worker-159 | DEBUG | d.t.c.a.a.c.u.util.UserUtilService   : Removing 5 users from all courses...
    23:46:34.384 | 395 ool-1-worker-159 | DEBUG | d.t.c.a.a.c.u.util.UserUtilService   : Removing 5 users from all courses. Done
    23:46:34.384 | 395 ool-1-worker-159 | DEBUG | d.t.c.a.a.c.u.util.UserUtilService   : Save 5 users to database...
    23:46:34.386 | 395 ool-1-worker-159 | DEBUG | d.t.c.a.a.c.u.util.UserUtilService   : Save 5 users to database. Done
    23:46:34.388 | 395 ool-1-worker-159 | INFO  | i.z.t.d.l.EmbeddedDatabaseReporter   : JDBC URL to connect to 'dataSource': url='jdbc:h2:tcp://localhost:41063/mem:df70fc46-7e57-4cb5-9cd0-c1d90c14afa7;USER=sa', scope='FileUploadExerciseIntegrationTest#createFileUploadExercise_NotIncludedInvalidBonusPoints'
    23:46:34.388 | 395 ool-1-worker-159 | DEBUG | d.t.c.a.a.c.s.f.ApiVersionFilter     : Adding Version to Request POST /api/file-upload-exercises
    23:46:34.389 | 395 ool-1-worker-159 | DEBUG | c.a.a.f.w.FileUploadExerciseResource : REST request to save FileUploadExercise : FileUploadExercise{id=null}
    23:46:34.389 | 395 ool-1-worker-159 | ERROR | tech.jhipster.web.util.HeaderUtil    : Entity processing failed, The provided bonus points are not allowed
    23:46:34.389 | 395 ool-1-worker-159 | WARN  | o.z.p.spring.common.AdviceTraits     : Bad Request: The provided bonus points are not allowed

  Starting logs for FileUploadExerciseIntegrationTest > testImportFileUploadExerciseFromCourseToCourseNegativeCourseIdBadRequest()
    23:46:34.400 | 395 ool-1-worker-159 | DEBUG | d.t.c.a.a.c.u.util.UserUtilService   : Generate 2 students...
    23:46:34.404 | 395 ool-1-worker-159 | DEBUG | d.t.c.a.a.c.u.util.UserUtilService   : 2 students generated. Generate 1 tutors...
    23:46:34.406 | 395 ool-1-worker-159 | DEBUG | d.t.c.a.a.c.u.util.UserUtilService   : 1 tutors generated. Generate 1 editors...
    23:46:34.408 | 395 ool-1-worker-159 | DEBUG | d.t.c.a.a.c.u.util.UserUtilService   : 1 editors generated. Generate 1 instructors...
    23:46:34.410 | 395 ool-1-worker-159 | DEBUG | d.t.c.a.a.c.u.util.UserUtilService   : 1 instructors generated
    23:46:34.411 | 395 ool-1-worker-159 | DEBUG | d.t.c.a.a.c.u.util.UserUtilService   : Removing 5 users from all courses...
    23:46:34.412 | 395 ool-1-worker-159 | DEBUG | d.t.c.a.a.c.u.util.UserUtilService   : Removing 5 users from all courses. Done
    23:46:34.412 | 395 ool-1-worker-159 | DEBUG | d.t.c.a.a.c.u.util.UserUtilService   : Save 5 users to database...
    23:46:34.415 | 395 ool-1-worker-159 | DEBUG | d.t.c.a.a.c.u.util.UserUtilService   : Save 5 users to database. Done
    23:46:34.416 | 395 ool-1-worker-159 | INFO  | i.z.t.d.l.EmbeddedDatabaseReporter   : JDBC URL to connect to 'dataSource': url='jdbc:h2:tcp://localhost:41063/mem:df70fc46-7e57-4cb5-9cd0-c1d90c14afa7;USER=sa', scope='FileUploadExerciseIntegrationTest#testImportFileUploadExerciseFromCourseToCourseNegativeCourseIdBadRequest'
    23:46:34.418 | 395 ool-1-worker-159 | DEBUG | d.t.c.a.a.c.s.f.ApiVersionFilter     : Adding Version to Request POST /api/file-upload-exercises/import/-1
    23:46:34.419 | 395 ool-1-worker-159 | ERROR | tech.jhipster.web.util.HeaderUtil    : Entity processing failed, Either the courseId or exerciseGroupId must be set for an import
    23:46:34.419 | 395 ool-1-worker-159 | WARN  | o.z.p.spring.common.AdviceTraits     : Bad Request: Either the courseId or exerciseGroupId must be set for an import

  Starting logs for FileUploadExerciseIntegrationTest > testGetFileUploadExercise_asStudent_exampleSolutionVisibility()
    23:46:34.430 | 395 ool-1-worker-159 | DEBUG | d.t.c.a.a.c.u.util.UserUtilService   : Generate 2 students...
    23:46:34.433 | 395 ool-1-worker-159 | DEBUG | d.t.c.a.a.c.u.util.UserUtilService   : 2 students generated. Generate 1 tutors...
    23:46:34.435 | 395 ool-1-worker-159 | DEBUG | d.t.c.a.a.c.u.util.UserUtilService   : 1 tutors generated. Generate 1 editors...
    23:46:34.438 | 395 ool-1-worker-159 | DEBUG | d.t.c.a.a.c.u.util.UserUtilService   : 1 editors generated. Generate 1 instructors...
    23:46:34.440 | 395 ool-1-worker-159 | DEBUG | d.t.c.a.a.c.u.util.UserUtilService   : 1 instructors generated
    23:46:34.441 | 395 ool-1-worker-159 | DEBUG | d.t.c.a.a.c.u.util.UserUtilService   : Removing 5 users from all courses...
    23:46:34.442 | 395 ool-1-worker-159 | DEBUG | d.t.c.a.a.c.u.util.UserUtilService   : Removing 5 users from all courses. Done
    23:46:34.442 | 395 ool-1-worker-159 | DEBUG | d.t.c.a.a.c.u.util.UserUtilService   : Save 5 users to database...
    23:46:34.444 | 395 ool-1-worker-159 | DEBUG | d.t.c.a.a.c.u.util.UserUtilService   : Save 5 users to database. Done
    23:46:34.445 | 395 ool-1-worker-159 | INFO  | i.z.t.d.l.EmbeddedDatabaseReporter   : JDBC URL to connect to 'dataSource': url='jdbc:h2:tcp://localhost:41063/mem:df70fc46-7e57-4cb5-9cd0-c1d90c14afa7;USER=sa', scope='FileUploadExerciseIntegrationTest#testGetFileUploadExercise_asStudent_exampleSolutionVisibility'
    23:46:34.453 | 395 ool-1-worker-159 | DEBUG | d.t.c.a.a.c.s.f.ApiVersionFilter     : Adding Version to Request GET /api/courses/1981/for-dashboard
    23:46:34.454 | 395 ool-1-worker-159 | DEBUG | d.t.c.a.a.core.web.CourseResource    : REST request to get one course 1981 with exams, lectures, exercises, participations, submissions and results, etc.
    23:46:34.457 | 395 ool-1-worker-159 | DEBUG | d.t.c.a.a.core.web.CourseResource    : courseService.findOneWithExercisesAndLecturesAndExamsAndCompetenciesAndTutorialGroupsForUser done
    23:46:34.458 | 395 ool-1-worker-159 | DEBUG | d.t.c.a.a.core.web.CourseResource    : courseService.fetchParticipationsWithSubmissionsAndResultsForCourses done in getCourseForDashboard
    23:46:34.458 | 395 ool-1-worker-159 | DEBUG | d.t.c.a.a.core.web.CourseResource    : courseService.fetchPlagiarismCasesForCourseExercises done in getCourseForDashboard
    23:46:34.459 | 395 ool-1-worker-159 | DEBUG | d.t.c.a.a.core.web.CourseResource    : gradingScaleRepository.findByCourseId done in getCourseForDashboard
    23:46:34.459 | 395 ool-1-worker-159 | INFO  | d.t.c.a.a.core.web.CourseResource    : courses/1981/for-dashboard (single course) finished in 5.23ms for 1 courses with 3 individual exercise(s) and 0 team exercise(s) for user fileuploaderxercisestudent1
    23:46:34.462 | 395 ool-1-worker-159 | DEBUG | d.t.c.a.a.c.s.f.ApiVersionFilter     : Adding Version to Request GET /api/courses/1981/for-dashboard
    23:46:34.463 | 395 ool-1-worker-159 | DEBUG | d.t.c.a.a.core.web.CourseResource    : REST request to get one course 1981 with exams, lectures, exercises, participations, submissions and results, etc.
    23:46:34.466 | 395 ool-1-worker-159 | DEBUG | d.t.c.a.a.core.web.CourseResource    : courseService.findOneWithExercisesAndLecturesAndExamsAndCompetenciesAndTutorialGroupsForUser done
    23:46:34.467 | 395 ool-1-worker-159 | DEBUG | d.t.c.a.a.core.web.CourseResource    : courseService.fetchParticipationsWithSubmissionsAndResultsForCourses done in getCourseForDashboard
    23:46:34.468 | 395 ool-1-worker-159 | DEBUG | d.t.c.a.a.core.web.CourseResource    : courseService.fetchPlagiarismCasesForCourseExercises done in getCourseForDashboard
    23:46:34.468 | 395 ool-1-worker-159 | DEBUG | d.t.c.a.a.core.web.CourseResource    : gradingScaleRepository.findByCourseId done in getCourseForDashboard
    23:46:34.468 | 395 ool-1-worker-159 | INFO  | d.t.c.a.a.core.web.CourseResource    : courses/1981/for-dashboard (single course) finished in 5.30ms for 1 courses with 3 individual exercise(s) and 0 team exercise(s) for user fileuploaderxercisestudent1
    23:46:34.471 | 395 ool-1-worker-159 | DEBUG | d.t.c.a.a.c.s.f.ApiVersionFilter     : Adding Version to Request GET /api/courses/1981/for-dashboard
    23:46:34.471 | 395 ool-1-worker-159 | DEBUG | d.t.c.a.a.core.web.CourseResource    : REST request to get one course 1981 with exams, lectures, exercises, participations, submissions and results, etc.
    23:46:34.475 | 395 ool-1-worker-159 | DEBUG | d.t.c.a.a.core.web.CourseResource    : courseService.findOneWithExercisesAndLecturesAndExamsAndCompetenciesAndTutorialGroupsForUser done
    23:46:34.476 | 395 ool-1-worker-159 | DEBUG | d.t.c.a.a.core.web.CourseResource    : courseService.fetchParticipationsWithSubmissionsAndResultsForCourses done in getCourseForDashboard
    23:46:34.476 | 395 ool-1-worker-159 | DEBUG | d.t.c.a.a.core.web.CourseResource    : courseService.fetchPlagiarismCasesForCourseExercises done in getCourseForDashboard
    23:46:34.476 | 395 ool-1-worker-159 | DEBUG | d.t.c.a.a.core.web.CourseResource    : gradingScaleRepository.findByCourseId done in getCourseForDashboard
    23:46:34.477 | 395 ool-1-worker-159 | INFO  | d.t.c.a.a.core.web.CourseResource    : courses/1981/for-dashboard (single course) finished in 5.52ms for 1 courses with 3 individual exercise(s) and 0 team exercise(s) for user fileuploaderxercisestudent1

  Starting logs for FileUploadExerciseIntegrationTest > createFileUploadExercise_IncludedAsBonusInvalidBonusPoints()
    23:46:34.489 | 395 ool-1-worker-159 | DEBUG | d.t.c.a.a.c.u.util.UserUtilService   : Generate 2 students...
    23:46:34.493 | 395 ool-1-worker-159 | DEBUG | d.t.c.a.a.c.u.util.UserUtilService   : 2 students generated. Generate 1 tutors...
    23:46:34.496 | 395 ool-1-worker-159 | DEBUG | d.t.c.a.a.c.u.util.UserUtilService   : 1 tutors generated. Generate 1 editors...
    23:46:34.499 | 395 ool-1-worker-159 | DEBUG | d.t.c.a.a.c.u.util.UserUtilService   : 1 editors generated. Generate 1 instructors...
    23:46:34.501 | 395 ool-1-worker-159 | DEBUG | d.t.c.a.a.c.u.util.UserUtilService   : 1 instructors generated
    23:46:34.503 | 395 ool-1-worker-159 | DEBUG | d.t.c.a.a.c.u.util.UserUtilService   : Removing 5 users from all courses...
    23:46:34.504 | 395 ool-1-worker-159 | DEBUG | d.t.c.a.a.c.u.util.UserUtilService   : Removing 5 users from all courses. Done
    23:46:34.504 | 395 ool-1-worker-159 | DEBUG | d.t.c.a.a.c.u.util.UserUtilService   : Save 5 users to database...
    23:46:34.508 | 395 ool-1-worker-159 | DEBUG | d.t.c.a.a.c.u.util.UserUtilService   : Save 5 users to database. Done
    23:46:34.509 | 395 ool-1-worker-159 | INFO  | i.z.t.d.l.EmbeddedDatabaseReporter   : JDBC URL to connect to 'dataSource': url='jdbc:h2:tcp://localhost:41063/mem:df70fc46-7e57-4cb5-9cd0-c1d90c14afa7;USER=sa', scope='FileUploadExerciseIntegrationTest#createFileUploadExercise_IncludedAsBonusInvalidBonusPoints'
    23:46:34.510 | 395 ool-1-worker-159 | DEBUG | d.t.c.a.a.c.s.f.ApiVersionFilter     : Adding Version to Request POST /api/file-upload-exercises
    23:46:34.510 | 395 ool-1-worker-159 | DEBUG | c.a.a.f.w.FileUploadExerciseResource : REST request to save FileUploadExercise : FileUploadExercise{id=null}
    23:46:34.511 | 395 ool-1-worker-159 | ERROR | tech.jhipster.web.util.HeaderUtil    : Entity processing failed, The provided bonus points are not allowed
    23:46:34.511 | 395 ool-1-worker-159 | WARN  | o.z.p.spring.common.AdviceTraits     : Bad Request: The provided bonus points are not allowed

  Starting logs for FileUploadExerciseIntegrationTest > testImportFileUploadExerciseFromCourseToCourseAsEditorSuccess()
    23:46:34.522 | 395 ool-1-worker-159 | DEBUG | d.t.c.a.a.c.u.util.UserUtilService   : Generate 2 students...
    23:46:34.526 | 395 ool-1-worker-159 | DEBUG | d.t.c.a.a.c.u.util.UserUtilService   : 2 students generated. Generate 1 tutors...
    23:46:34.529 | 395 ool-1-worker-159 | DEBUG | d.t.c.a.a.c.u.util.UserUtilService   : 1 tutors generated. Generate 1 editors...
    23:46:34.531 | 395 ool-1-worker-159 | DEBUG | d.t.c.a.a.c.u.util.UserUtilService   : 1 editors generated. Generate 1 instructors...
    23:46:34.534 | 395 ool-1-worker-159 | DEBUG | d.t.c.a.a.c.u.util.UserUtilService   : 1 instructors generated
    23:46:34.536 | 395 ool-1-worker-159 | DEBUG | d.t.c.a.a.c.u.util.UserUtilService   : Removing 5 users from all courses...
    23:46:34.537 | 395 ool-1-worker-159 | DEBUG | d.t.c.a.a.c.u.util.UserUtilService   : Removing 5 users from all courses. Done
    23:46:34.537 | 395 ool-1-worker-159 | DEBUG | d.t.c.a.a.c.u.util.UserUtilService   : Save 5 users to database...
    23:46:34.541 | 395 ool-1-worker-159 | DEBUG | d.t.c.a.a.c.u.util.UserUtilService   : Save 5 users to database. Done
    23:46:34.542 | 395 ool-1-worker-159 | INFO  | i.z.t.d.l.EmbeddedDatabaseReporter   : JDBC URL to connect to 'dataSource': url='jdbc:h2:tcp://localhost:41063/mem:df70fc46-7e57-4cb5-9cd0-c1d90c14afa7;USER=sa', scope='FileUploadExerciseIntegrationTest#testImportFileUploadExerciseFromCourseToCourseAsEditorSuccess'
    23:46:34.551 | 395 ool-1-worker-159 | DEBUG | d.t.c.a.a.c.s.f.ApiVersionFilter     : Adding Version to Request POST /api/file-upload-exercises/import/2522
    23:46:34.554 | 395 ool-1-worker-159 | DEBUG | .f.s.FileUploadExerciseImportService : Creating a new Exercise based on exercise FileUploadExercise{id=2522}
    23:46:34.554 | 395 ool-1-worker-159 | DEBUG | .f.s.FileUploadExerciseImportService : Copying the exercise basis from FileUploadExercise{id=2522}

  Starting logs for FileUploadExerciseIntegrationTest > updateFileUploadExercise_asInstructor()
    23:46:34.583 | 395 ool-1-worker-159 | DEBUG | d.t.c.a.a.c.u.util.UserUtilService   : Generate 2 students...
    23:46:34.587 | 395 ool-1-worker-159 | DEBUG | d.t.c.a.a.c.u.util.UserUtilService   : 2 students generated. Generate 1 tutors...
    23:46:34.589 | 395 ool-1-worker-159 | DEBUG | d.t.c.a.a.c.u.util.UserUtilService   : 1 tutors generated. Generate 1 editors...
    23:46:34.592 | 395 ool-1-worker-159 | DEBUG | d.t.c.a.a.c.u.util.UserUtilService   : 1 editors generated. Generate 1 instructors...
    23:46:34.595 | 395 ool-1-worker-159 | DEBUG | d.t.c.a.a.c.u.util.UserUtilService   : 1 instructors generated
    23:46:34.597 | 395 ool-1-worker-159 | DEBUG | d.t.c.a.a.c.u.util.UserUtilService   : Removing 5 users from all courses...
    23:46:34.598 | 395 ool-1-worker-159 | DEBUG | d.t.c.a.a.c.u.util.UserUtilService   : Removing 5 users from all courses. Done
    23:46:34.598 | 395 ool-1-worker-159 | DEBUG | d.t.c.a.a.c.u.util.UserUtilService   : Save 5 users to database...
    23:46:34.602 | 395 ool-1-worker-159 | DEBUG | d.t.c.a.a.c.u.util.UserUtilService   : Save 5 users to database. Done
    23:46:34.603 | 395 ool-1-worker-159 | INFO  | i.z.t.d.l.EmbeddedDatabaseReporter   : JDBC URL to connect to 'dataSource': url='jdbc:h2:tcp://localhost:41063/mem:df70fc46-7e57-4cb5-9cd0-c1d90c14afa7;USER=sa', scope='FileUploadExerciseIntegrationTest#updateFileUploadExercise_asInstructor'
    23:46:34.610 | 395 ool-1-worker-159 | DEBUG | d.t.c.a.a.c.s.f.ApiVersionFilter     : Adding Version to Request PUT /api/file-upload-exercises/2524
    23:46:34.611 | 395 ool-1-worker-159 | DEBUG | c.a.a.f.w.FileUploadExerciseResource : REST request to update FileUploadExercise : FileUploadExercise{id=2524}
    23:46:34.623 | 395 ool-1-worker-159 | INFO  | d.t.c.a.a.e.service.ExerciseService  : User fileuploaderxerciseinstructor1 has updated FileUploadExercise released with id 2524
    23:46:34.627 | 395 ool-1-worker-159 | INFO  | .c.s.m.InstanceMessageReceiveService : Received schedule update for assessed exercise submitted 2524 notification 
    23:46:34.627 | 395 ool-1-worker-159 | DEBUG | t.c.a.a.e.s.ExerciseLifecycleService : Scheduled Task for Exercise "released" (#2524) to trigger on ASSESSMENT_DUE.
    23:46:34.627 | 395 ool-1-worker-159 | DEBUG | .a.a.c.s.NotificationScheduleService : Scheduled notify about assessed exercise submission after assessment due date for exercise 'released' (#2524) at 2025-02-25T23:46:34.608029Z.

  Starting logs for FileUploadExerciseIntegrationTest > testGetFileUploadExercise_setGradingInstructionFeedbackUsed()
    23:46:34.641 | 395 ool-1-worker-159 | DEBUG | d.t.c.a.a.c.u.util.UserUtilService   : Generate 2 students...
    23:46:34.646 | 395 ool-1-worker-159 | DEBUG | d.t.c.a.a.c.u.util.UserUtilService   : 2 students generated. Generate 1 tutors...
    23:46:34.648 | 395 ool-1-worker-159 | DEBUG | d.t.c.a.a.c.u.util.UserUtilService   : 1 tutors generated. Generate 1 editors...
    23:46:34.651 | 395 ool-1-worker-159 | DEBUG | d.t.c.a.a.c.u.util.UserUtilService   : 1 editors generated. Generate 1 instructors...
    23:46:34.654 | 395 ool-1-worker-159 | DEBUG | d.t.c.a.a.c.u.util.UserUtilService   : 1 instructors generated
    23:46:34.656 | 395 ool-1-worker-159 | DEBUG | d.t.c.a.a.c.u.util.UserUtilService   : Removing 5 users from all courses...
    23:46:34.657 | 395 ool-1-worker-159 | DEBUG | d.t.c.a.a.c.u.util.UserUtilService   : Removing 5 users from all courses. Done
    23:46:34.657 | 395 ool-1-worker-159 | DEBUG | d.t.c.a.a.c.u.util.UserUtilService   : Save 5 users to database...
    23:46:34.661 | 395 ool-1-worker-159 | DEBUG | d.t.c.a.a.c.u.util.UserUtilService   : Save 5 users to database. Done
    23:46:34.662 | 395 ool-1-worker-159 | INFO  | i.z.t.d.l.EmbeddedDatabaseReporter   : JDBC URL to connect to 'dataSource': url='jdbc:h2:tcp://localhost:41063/mem:df70fc46-7e57-4cb5-9cd0-c1d90c14afa7;USER=sa', scope='FileUploadExerciseIntegrationTest#testGetFileUploadExercise_setGradingInstructionFeedbackUsed'
    23:46:34.670 | 395 ool-1-worker-159 | DEBUG | d.t.c.a.a.c.s.f.ApiVersionFilter     : Adding Version to Request GET /api/file-upload-exercises/2527
    23:46:34.670 | 395 ool-1-worker-159 | DEBUG | c.a.a.f.w.FileUploadExerciseResource : REST request to get FileUploadExercise : 2527

  Starting logs for FileUploadExerciseIntegrationTest > testReEvaluateAndUpdateFileUploadExercise_shouldDeleteFeedbacks()
    23:46:34.688 | 395 ool-1-worker-159 | DEBUG | d.t.c.a.a.c.u.util.UserUtilService   : Generate 2 students...
    23:46:34.692 | 395 ool-1-worker-159 | DEBUG | d.t.c.a.a.c.u.util.UserUtilService   : 2 students generated. Generate 1 tutors...
    23:46:34.694 | 395 ool-1-worker-159 | DEBUG | d.t.c.a.a.c.u.util.UserUtilService   : 1 tutors generated. Generate 1 editors...
    23:46:34.697 | 395 ool-1-worker-159 | DEBUG | d.t.c.a.a.c.u.util.UserUtilService   : 1 editors generated. Generate 1 instructors...
    23:46:34.700 | 395 ool-1-worker-159 | DEBUG | d.t.c.a.a.c.u.util.UserUtilService   : 1 instructors generated
    23:46:34.702 | 395 ool-1-worker-159 | DEBUG | d.t.c.a.a.c.u.util.UserUtilService   : Removing 5 users from all courses...
    23:46:34.703 | 395 ool-1-worker-159 | DEBUG | d.t.c.a.a.c.u.util.UserUtilService   : Removing 5 users from all courses. Done
    23:46:34.703 | 395 ool-1-worker-159 | DEBUG | d.t.c.a.a.c.u.util.UserUtilService   : Save 5 users to database...
    23:46:34.707 | 395 ool-1-worker-159 | DEBUG | d.t.c.a.a.c.u.util.UserUtilService   : Save 5 users to database. Done
    23:46:34.708 | 395 ool-1-worker-159 | INFO  | i.z.t.d.l.EmbeddedDatabaseReporter   : JDBC URL to connect to 'dataSource': url='jdbc:h2:tcp://localhost:41063/mem:df70fc46-7e57-4cb5-9cd0-c1d90c14afa7;USER=sa', scope='FileUploadExerciseIntegrationTest#testReEvaluateAndUpdateFileUploadExercise_shouldDeleteFeedbacks'
    23:46:34.723 | 395 ool-1-worker-159 | DEBUG | .c.s.m.InstanceMessageReceiveService : Received schedule participant score for exercise 2530 and participant 552 (result to be deleted: null)
    23:46:34.723 | 395 ool-1-worker-159 | DEBUG | .a.s.ParticipantScoreScheduleService : Scheduled task for exercise 2530 and participant 552 at 2025-02-14T23:46:34.823230696Z[Etc/UTC].
    23:46:34.729 | 395 ool-1-worker-159 | DEBUG | .c.s.m.InstanceMessageReceiveService : Received schedule participant score for exercise 2530 and participant 552 (result to be deleted: null)
    23:46:34.729 | 395 ool-1-worker-159 | DEBUG | .a.s.ParticipantScoreScheduleService : Scheduled task for exercise 2530 and participant 552 at 2025-02-14T23:46:34.829553808Z[Etc/UTC].
    23:46:34.737 | 395 ool-1-worker-159 | DEBUG | .c.s.m.InstanceMessageReceiveService : Received schedule participant score for exercise 2530 and participant 552 (result to be deleted: null)
    23:46:34.737 | 395 ool-1-worker-159 | DEBUG | .a.s.ParticipantScoreScheduleService : Scheduled task for exercise 2530 and participant 552 at 2025-02-14T23:46:34.837420499Z[Etc/UTC].
    23:46:34.747 | 395 ool-1-worker-159 | DEBUG | .c.s.m.InstanceMessageReceiveService : Received schedule participant score for exercise 2530 and participant 552 (result to be deleted: null)
    23:46:34.747 | 395 ool-1-worker-159 | DEBUG | .a.s.ParticipantScoreScheduleService : Scheduled task for exercise 2530 and participant 552 at 2025-02-14T23:46:34.847144284Z[Etc/UTC].
    23:46:34.748 | 395 ool-1-worker-159 | DEBUG | d.t.c.a.a.c.s.f.ApiVersionFilter     : Adding Version to Request PUT /api/file-upload-exercises/2530/re-evaluate
    23:46:34.750 | 395 ool-1-worker-159 | DEBUG | c.a.a.f.w.FileUploadExerciseResource : REST request to re-evaluate FileUploadExercise : FileUploadExercise{id=2530}
    23:46:34.764 | 395 ool-1-worker-159 | DEBUG | .c.s.m.InstanceMessageReceiveService : Received schedule participant score for exercise 2530 and participant 552 (result to be deleted: null)
    23:46:34.764 | 395 ool-1-worker-159 | DEBUG | .a.s.ParticipantScoreScheduleService : Scheduled task for exercise 2530 and participant 552 at 2025-02-14T23:46:34.864842519Z[Etc/UTC].
    23:46:34.765 | 395 ool-1-worker-159 | DEBUG | c.a.a.f.w.FileUploadExerciseResource : REST request to update FileUploadExercise : FileUploadExercise{id=2530}
    23:46:34.775 | 395 ool-1-worker-159 | INFO  | d.t.c.a.a.e.service.ExerciseService  : User fileuploaderxerciseinstructor1 has updated FileUploadExercise released with id 2530

  Starting logs for FileUploadExerciseIntegrationTest > createFileUploadExerciseForExam()
    23:46:34.795 | 395 ool-1-worker-159 | DEBUG | d.t.c.a.a.c.u.util.UserUtilService   : Generate 2 students...
    23:46:34.799 | 395 ool-1-worker-159 | DEBUG | d.t.c.a.a.c.u.util.UserUtilService   : 2 students generated. Generate 1 tutors...
    23:46:34.802 | 395 ool-1-worker-159 | DEBUG | d.t.c.a.a.c.u.util.UserUtilService   : 1 tutors generated. Generate 1 editors...
    23:46:34.804 | 395 ool-1-worker-159 | DEBUG | d.t.c.a.a.c.u.util.UserUtilService   : 1 editors generated. Generate 1 instructors...
    23:46:34.807 | 395 ool-1-worker-159 | DEBUG | d.t.c.a.a.c.u.util.UserUtilService   : 1 instructors generated
    23:46:34.809 | 395 ool-1-worker-159 | DEBUG | d.t.c.a.a.c.u.util.UserUtilService   : Removing 5 users from all courses...
    23:46:34.810 | 395 ool-1-worker-159 | DEBUG | d.t.c.a.a.c.u.util.UserUtilService   : Removing 5 users from all courses. Done
    23:46:34.810 | 395 ool-1-worker-159 | DEBUG | d.t.c.a.a.c.u.util.UserUtilService   : Save 5 users to database...
    23:46:34.814 | 395 ool-1-worker-159 | DEBUG | d.t.c.a.a.c.u.util.UserUtilService   : Save 5 users to database. Done
    23:46:34.816 | 395 ool-1-worker-159 | INFO  | i.z.t.d.l.EmbeddedDatabaseReporter   : JDBC URL to connect to 'dataSource': url='jdbc:h2:tcp://localhost:41063/mem:df70fc46-7e57-4cb5-9cd0-c1d90c14afa7;USER=sa', scope='FileUploadExerciseIntegrationTest#createFileUploadExerciseForExam'
    23:46:34.820 | 395 ool-1-worker-159 | DEBUG | d.t.c.a.a.c.s.f.ApiVersionFilter     : Adding Version to Request POST /api/file-upload-exercises
    23:46:34.820 | 395 ool-1-worker-159 | DEBUG | c.a.a.f.w.FileUploadExerciseResource : REST request to save FileUploadExercise : FileUploadExercise{id=null}

  Starting logs for FileUploadExerciseIntegrationTest > deleteFileUploadExerciseFails_InstructorNotInGroup()
    23:46:34.843 | 395 ool-1-worker-159 | DEBUG | d.t.c.a.a.c.u.util.UserUtilService   : Generate 2 students...
    23:46:34.848 | 395 ool-1-worker-159 | DEBUG | d.t.c.a.a.c.u.util.UserUtilService   : 2 students generated. Generate 1 tutors...
    23:46:34.850 | 395 ool-1-worker-159 | DEBUG | d.t.c.a.a.c.u.util.UserUtilService   : 1 tutors generated. Generate 1 editors...
    23:46:34.853 | 395 ool-1-worker-159 | DEBUG | d.t.c.a.a.c.u.util.UserUtilService   : 1 editors generated. Generate 1 instructors...
    23:46:34.856 | 395 ool-1-worker-159 | DEBUG | d.t.c.a.a.c.u.util.UserUtilService   : 1 instructors generated
    23:46:34.858 | 395 ool-1-worker-159 | DEBUG | d.t.c.a.a.c.u.util.UserUtilService   : Removing 5 users from all courses...
    23:46:34.859 | 395 ool-1-worker-159 | DEBUG | d.t.c.a.a.c.u.util.UserUtilService   : Removing 5 users from all courses. Done
    23:46:34.859 | 395 ool-1-worker-159 | DEBUG | d.t.c.a.a.c.u.util.UserUtilService   : Save 5 users to database...
    23:46:34.863 | 395 ool-1-worker-159 | DEBUG | d.t.c.a.a.c.u.util.UserUtilService   : Save 5 users to database. Done
    23:46:34.864 | 395 ool-1-worker-159 | INFO  | i.z.t.d.l.EmbeddedDatabaseReporter   : JDBC URL to connect to 'dataSource': url='jdbc:h2:tcp://localhost:41063/mem:df70fc46-7e57-4cb5-9cd0-c1d90c14afa7;USER=sa', scope='FileUploadExerciseIntegrationTest#deleteFileUploadExerciseFails_InstructorNotInGroup'
    23:46:34.870 | 395 ool-1-worker-159 | DEBUG | d.t.c.a.a.c.s.f.ApiVersionFilter     : Adding Version to Request DELETE /api/file-upload-exercises/2534
    23:46:34.871 | 395 ool-1-worker-159 | INFO  | c.a.a.f.w.FileUploadExerciseResource : REST request to delete FileUploadExercise : 2534
    23:46:34.873 | 395 ool-1-worker-159 | WARN  | o.z.p.spring.common.AdviceTraits     : Forbidden: You are not allowed to access the Course with id 1995
    23:46:34.874 | 395 ool-1-worker-159 | DEBUG | d.t.c.a.a.c.s.f.ApiVersionFilter     : Adding Version to Request DELETE /api/file-upload-exercises/2535
    23:46:34.874 | 395 ool-1-worker-159 | INFO  | c.a.a.f.w.FileUploadExerciseResource : REST request to delete FileUploadExercise : 2535
    23:46:34.876 | 395 ool-1-worker-159 | WARN  | o.z.p.spring.common.AdviceTraits     : Forbidden: You are not allowed to access the Course with id 1995
    23:46:34.877 | 395 ool-1-worker-159 | DEBUG | d.t.c.a.a.c.s.f.ApiVersionFilter     : Adding Version to Request DELETE /api/file-upload-exercises/2536
    23:46:34.877 | 395 ool-1-worker-159 | INFO  | c.a.a.f.w.FileUploadExerciseResource : REST request to delete FileUploadExercise : 2536
    23:46:34.879 | 395 ool-1-worker-159 | WARN  | o.z.p.spring.common.AdviceTraits     : Forbidden: You are not allowed to access the Course with id 1995

  Starting logs for FileUploadExerciseIntegrationTest > [1] channelName=null
    23:46:34.894 | 395 ool-1-worker-159 | DEBUG | d.t.c.a.a.c.u.util.UserUtilService   : Generate 2 students...
    23:46:34.898 | 395 ool-1-worker-159 | DEBUG | d.t.c.a.a.c.u.util.UserUtilService   : 2 students generated. Generate 1 tutors...
    23:46:34.901 | 395 ool-1-worker-159 | DEBUG | d.t.c.a.a.c.u.util.UserUtilService   : 1 tutors generated. Generate 1 editors...
    23:46:34.907 | 395 ool-1-worker-159 | DEBUG | d.t.c.a.a.c.u.util.UserUtilService   : 1 editors generated. Generate 1 instructors...
    23:46:34.909 | 395 ool-1-worker-159 | DEBUG | d.t.c.a.a.c.u.util.UserUtilService   : 1 instructors generated
    23:46:34.912 | 395 ool-1-worker-159 | DEBUG | d.t.c.a.a.c.u.util.UserUtilService   : Removing 5 users from all courses...
    23:46:34.913 | 395 ool-1-worker-159 | DEBUG | d.t.c.a.a.c.u.util.UserUtilService   : Removing 5 users from all courses. Done
    23:46:34.913 | 395 ool-1-worker-159 | DEBUG | d.t.c.a.a.c.u.util.UserUtilService   : Save 5 users to database...
    23:46:34.918 | 395 ool-1-worker-159 | DEBUG | d.t.c.a.a.c.u.util.UserUtilService   : Save 5 users to database. Done
    23:46:34.920 | 395 ool-1-worker-159 | INFO  | i.z.t.d.l.EmbeddedDatabaseReporter   : JDBC URL to connect to 'dataSource': url='jdbc:h2:tcp://localhost:41063/mem:df70fc46-7e57-4cb5-9cd0-c1d90c14afa7;USER=sa', scope='FileUploadExerciseIntegrationTest#createFileUploadExercise'
    23:46:34.929 | 395 ool-1-worker-159 | DEBUG | d.t.c.a.a.c.s.f.ApiVersionFilter     : Adding Version to Request POST /api/file-upload-exercises
    23:46:34.930 | 395 ool-1-worker-159 | DEBUG | c.a.a.f.w.FileUploadExerciseResource : REST request to save FileUploadExercise : FileUploadExercise{id=null}

  Starting logs for FileUploadExerciseIntegrationTest > [2] channelName=exercise-new-fileupload-exerci
    23:46:34.967 | 395 ool-1-worker-159 | DEBUG | d.t.c.a.a.c.u.util.UserUtilService   : Generate 2 students...
    23:46:34.971 | 395 ool-1-worker-159 | DEBUG | d.t.c.a.a.c.u.util.UserUtilService   : 2 students generated. Generate 1 tutors...
    23:46:34.973 | 395 ool-1-worker-159 | DEBUG | d.t.c.a.a.c.u.util.UserUtilService   : 1 tutors generated. Generate 1 editors...
    23:46:34.976 | 395 ool-1-worker-159 | DEBUG | d.t.c.a.a.c.u.util.UserUtilService   : 1 editors generated. Generate 1 instructors...
    23:46:34.979 | 395 ool-1-worker-159 | DEBUG | d.t.c.a.a.c.u.util.UserUtilService   : 1 instructors generated
    23:46:34.981 | 621 artemis-task-1   | INFO  | .c.s.m.InstanceMessageReceiveService : Received schedule update for assessed exercise submitted 2537 notification 
    23:46:34.981 | 395 ool-1-worker-159 | DEBUG | d.t.c.a.a.c.u.util.UserUtilService   : Removing 5 users from all courses...
    23:46:34.981 | 621 artemis-task-1   | DEBUG | t.c.a.a.e.s.ExerciseLifecycleService : Scheduled Task for Exercise "new fileupload exercise" (#2537) to trigger on ASSESSMENT_DUE.
    23:46:34.981 | 621 artemis-task-1   | DEBUG | .a.a.c.s.NotificationScheduleService : Scheduled notify about assessed exercise submission after assessment due date for exercise 'new fileupload exercise' (#2537) at 2025-02-16T23:39:54.284502Z.
    23:46:34.982 | 395 ool-1-worker-159 | DEBUG | d.t.c.a.a.c.u.util.UserUtilService   : Removing 5 users from all courses. Done
    23:46:34.982 | 395 ool-1-worker-159 | DEBUG | d.t.c.a.a.c.u.util.UserUtilService   : Save 5 users to database...
    23:46:34.986 | 395 ool-1-worker-159 | DEBUG | d.t.c.a.a.c.u.util.UserUtilService   : Save 5 users to database. Done
    23:46:34.987 | 395 ool-1-worker-159 | INFO  | i.z.t.d.l.EmbeddedDatabaseReporter   : JDBC URL to connect to 'dataSource': url='jdbc:h2:tcp://localhost:41063/mem:df70fc46-7e57-4cb5-9cd0-c1d90c14afa7;USER=sa', scope='FileUploadExerciseIntegrationTest#createFileUploadExercise'
    23:46:34.994 | 395 ool-1-worker-159 | DEBUG | d.t.c.a.a.c.s.f.ApiVersionFilter     : Adding Version to Request POST /api/file-upload-exercises
    23:46:34.995 | 395 ool-1-worker-159 | DEBUG | c.a.a.f.w.FileUploadExerciseResource : REST request to save FileUploadExercise : FileUploadExercise{id=null}

  Starting logs for FileUploadExerciseIntegrationTest > [3] channelName=
    23:46:35.026 | 395 ool-1-worker-159 | DEBUG | d.t.c.a.a.c.u.util.UserUtilService   : Generate 2 students...
    23:46:35.029 | 621 artemis-task-1   | INFO  | .c.s.m.InstanceMessageReceiveService : Received schedule update for assessed exercise submitted 2538 notification 
    23:46:35.029 | 621 artemis-task-1   | DEBUG | t.c.a.a.e.s.ExerciseLifecycleService : Scheduled Task for Exercise "new fileupload exercise" (#2538) to trigger on ASSESSMENT_DUE.
    23:46:35.029 | 621 artemis-task-1   | DEBUG | .a.a.c.s.NotificationScheduleService : Scheduled notify about assessed exercise submission after assessment due date for exercise 'new fileupload exercise' (#2538) at 2025-02-16T23:39:54.284502Z.
    23:46:35.030 | 395 ool-1-worker-159 | DEBUG | d.t.c.a.a.c.u.util.UserUtilService   : 2 students generated. Generate 1 tutors...
    23:46:35.034 | 395 ool-1-worker-159 | DEBUG | d.t.c.a.a.c.u.util.UserUtilService   : 1 tutors generated. Generate 1 editors...
    23:46:35.037 | 395 ool-1-worker-159 | DEBUG | d.t.c.a.a.c.u.util.UserUtilService   : 1 editors generated. Generate 1 instructors...
    23:46:35.040 | 395 ool-1-worker-159 | DEBUG | d.t.c.a.a.c.u.util.UserUtilService   : 1 instructors generated
    23:46:35.042 | 395 ool-1-worker-159 | DEBUG | d.t.c.a.a.c.u.util.UserUtilService   : Removing 5 users from all courses...
    23:46:35.043 | 395 ool-1-worker-159 | DEBUG | d.t.c.a.a.c.u.util.UserUtilService   : Removing 5 users from all courses. Done
    23:46:35.043 | 395 ool-1-worker-159 | DEBUG | d.t.c.a.a.c.u.util.UserUtilService   : Save 5 users to database...
    23:46:35.048 | 395 ool-1-worker-159 | DEBUG | d.t.c.a.a.c.u.util.UserUtilService   : Save 5 users to database. Done
    23:46:35.049 | 395 ool-1-worker-159 | INFO  | i.z.t.d.l.EmbeddedDatabaseReporter   : JDBC URL to connect to 'dataSource': url='jdbc:h2:tcp://localhost:41063/mem:df70fc46-7e57-4cb5-9cd0-c1d90c14afa7;USER=sa', scope='FileUploadExerciseIntegrationTest#createFileUploadExercise'
    23:46:35.055 | 395 ool-1-worker-159 | DEBUG | d.t.c.a.a.c.s.f.ApiVersionFilter     : Adding Version to Request POST /api/file-upload-exercises
    23:46:35.056 | 395 ool-1-worker-159 | DEBUG | c.a.a.f.w.FileUploadExerciseResource : REST request to save FileUploadExercise : FileUploadExercise{id=null}

  Starting logs for FileUploadExerciseIntegrationTest > getExamFileUploadExercise_asTutor_forbidden()
    23:46:35.090 | 395 ool-1-worker-159 | DEBUG | d.t.c.a.a.c.u.util.UserUtilService   : Generate 2 students...
    23:46:35.094 | 395 ool-1-worker-159 | DEBUG | d.t.c.a.a.c.u.util.UserUtilService   : 2 students generated. Generate 1 tutors...
    23:46:35.097 | 395 ool-1-worker-159 | DEBUG | d.t.c.a.a.c.u.util.UserUtilService   : 1 tutors generated. Generate 1 editors...
    23:46:35.100 | 395 ool-1-worker-159 | DEBUG | d.t.c.a.a.c.u.util.UserUtilService   : 1 editors generated. Generate 1 instructors...
    23:46:35.101 | 621 artemis-task-1   | INFO  | .c.s.m.InstanceMessageReceiveService : Received schedule update for assessed exercise submitted 2539 notification 
    23:46:35.103 | 395 ool-1-worker-159 | DEBUG | d.t.c.a.a.c.u.util.UserUtilService   : 1 instructors generated
    23:46:35.105 | 395 ool-1-worker-159 | DEBUG | d.t.c.a.a.c.u.util.UserUtilService   : Removing 5 users from all courses...
    23:46:35.105 | 621 artemis-task-1   | DEBUG | t.c.a.a.e.s.ExerciseLifecycleService : Scheduled Task for Exercise "new fileupload exercise" (#2539) to trigger on ASSESSMENT_DUE.
    23:46:35.105 | 621 artemis-task-1   | DEBUG | .a.a.c.s.NotificationScheduleService : Scheduled notify about assessed exercise submission after assessment due date for exercise 'new fileupload exercise' (#2539) at 2025-02-16T23:39:54.284502Z.
    23:46:35.106 | 395 ool-1-worker-159 | DEBUG | d.t.c.a.a.c.u.util.UserUtilService   : Removing 5 users from all courses. Done
    23:46:35.106 | 395 ool-1-worker-159 | DEBUG | d.t.c.a.a.c.u.util.UserUtilService   : Save 5 users to database...
    23:46:35.111 | 395 ool-1-worker-159 | DEBUG | d.t.c.a.a.c.u.util.UserUtilService   : Save 5 users to database. Done
    23:46:35.112 | 395 ool-1-worker-159 | INFO  | i.z.t.d.l.EmbeddedDatabaseReporter   : JDBC URL to connect to 'dataSource': url='jdbc:h2:tcp://localhost:41063/mem:df70fc46-7e57-4cb5-9cd0-c1d90c14afa7;USER=sa', scope='FileUploadExerciseIntegrationTest#getExamFileUploadExercise_asTutor_forbidden'
    23:46:35.117 | 395 ool-1-worker-159 | DEBUG | d.t.c.a.a.c.s.f.ApiVersionFilter     : Adding Version to Request GET /api/file-upload-exercises/2540
    23:46:35.118 | 395 ool-1-worker-159 | DEBUG | c.a.a.f.w.FileUploadExerciseResource : REST request to get FileUploadExercise : 2540
    23:46:35.121 | 395 ool-1-worker-159 | WARN  | o.z.p.spring.common.AdviceTraits     : Forbidden: You are not allowed to access the Course with id 2000

  Starting logs for FileUploadExerciseIntegrationTest > createFileUploadExercise_setInvalidExampleSolutionPublicationDate_badRequest()
    23:46:35.178 | 395 ool-1-worker-159 | DEBUG | d.t.c.a.a.c.u.util.UserUtilService   : Generate 2 students...
    23:46:35.182 | 395 ool-1-worker-159 | DEBUG | d.t.c.a.a.c.u.util.UserUtilService   : 2 students generated. Generate 1 tutors...
    23:46:35.185 | 395 ool-1-worker-159 | DEBUG | d.t.c.a.a.c.u.util.UserUtilService   : 1 tutors generated. Generate 1 editors...
    23:46:35.190 | 395 ool-1-worker-159 | DEBUG | d.t.c.a.a.c.u.util.UserUtilService   : 1 editors generated. Generate 1 instructors...
    23:46:35.192 | 395 ool-1-worker-159 | DEBUG | d.t.c.a.a.c.u.util.UserUtilService   : 1 instructors generated
    23:46:35.194 | 395 ool-1-worker-159 | DEBUG | d.t.c.a.a.c.u.util.UserUtilService   : Removing 5 users from all courses...
    23:46:35.195 | 395 ool-1-worker-159 | DEBUG | d.t.c.a.a.c.u.util.UserUtilService   : Removing 5 users from all courses. Done
    23:46:35.195 | 395 ool-1-worker-159 | DEBUG | d.t.c.a.a.c.u.util.UserUtilService   : Save 5 users to database...
    23:46:35.200 | 395 ool-1-worker-159 | DEBUG | d.t.c.a.a.c.u.util.UserUtilService   : Save 5 users to database. Done
    23:46:35.201 | 395 ool-1-worker-159 | INFO  | i.z.t.d.l.EmbeddedDatabaseReporter   : JDBC URL to connect to 'dataSource': url='jdbc:h2:tcp://localhost:41063/mem:df70fc46-7e57-4cb5-9cd0-c1d90c14afa7;USER=sa', scope='FileUploadExerciseIntegrationTest#createFileUploadExercise_setInvalidExampleSolutionPublicationDate_badRequest'
    23:46:35.204 | 395 ool-1-worker-159 | DEBUG | d.t.c.a.a.c.s.f.ApiVersionFilter     : Adding Version to Request POST /api/file-upload-exercises
    23:46:35.205 | 395 ool-1-worker-159 | DEBUG | c.a.a.f.w.FileUploadExerciseResource : REST request to save FileUploadExercise : FileUploadExercise{id=null}
    23:46:35.206 | 395 ool-1-worker-159 | ERROR | tech.jhipster.web.util.HeaderUtil    : Entity processing failed, The exercise dates are not valid
    23:46:35.206 | 395 ool-1-worker-159 | WARN  | o.z.p.spring.common.AdviceTraits     : Bad Request: The exercise dates are not valid
    23:46:35.207 | 395 ool-1-worker-159 | DEBUG | d.t.c.a.a.c.s.f.ApiVersionFilter     : Adding Version to Request POST /api/file-upload-exercises
    23:46:35.207 | 395 ool-1-worker-159 | DEBUG | c.a.a.f.w.FileUploadExerciseResource : REST request to save FileUploadExercise : FileUploadExercise{id=null}
    23:46:35.207 | 395 ool-1-worker-159 | ERROR | tech.jhipster.web.util.HeaderUtil    : Entity processing failed, The exercise dates are not valid
    23:46:35.207 | 395 ool-1-worker-159 | WARN  | o.z.p.spring.common.AdviceTraits     : Bad Request: The exercise dates are not valid

  Starting logs for FileUploadExerciseIntegrationTest > testImportFileUploadExerciseAsTeachingAssistantFails()
    23:46:35.220 | 395 ool-1-worker-159 | DEBUG | d.t.c.a.a.c.u.util.UserUtilService   : Generate 2 students...
    23:46:35.224 | 395 ool-1-worker-159 | DEBUG | d.t.c.a.a.c.u.util.UserUtilService   : 2 students generated. Generate 1 tutors...
    23:46:35.228 | 395 ool-1-worker-159 | DEBUG | d.t.c.a.a.c.u.util.UserUtilService   : 1 tutors generated. Generate 1 editors...
    23:46:35.230 | 395 ool-1-worker-159 | DEBUG | d.t.c.a.a.c.u.util.UserUtilService   : 1 editors generated. Generate 1 instructors...
    23:46:35.233 | 395 ool-1-worker-159 | DEBUG | d.t.c.a.a.c.u.util.UserUtilService   : 1 instructors generated
    23:46:35.235 | 395 ool-1-worker-159 | DEBUG | d.t.c.a.a.c.u.util.UserUtilService   : Removing 5 users from all courses...
    23:46:35.236 | 395 ool-1-worker-159 | DEBUG | d.t.c.a.a.c.u.util.UserUtilService   : Removing 5 users from all courses. Done
    23:46:35.236 | 395 ool-1-worker-159 | DEBUG | d.t.c.a.a.c.u.util.UserUtilService   : Save 5 users to database...
    23:46:35.240 | 395 ool-1-worker-159 | DEBUG | d.t.c.a.a.c.u.util.UserUtilService   : Save 5 users to database. Done
    23:46:35.241 | 395 ool-1-worker-159 | INFO  | i.z.t.d.l.EmbeddedDatabaseReporter   : JDBC URL to connect to 'dataSource': url='jdbc:h2:tcp://localhost:41063/mem:df70fc46-7e57-4cb5-9cd0-c1d90c14afa7;USER=sa', scope='FileUploadExerciseIntegrationTest#testImportFileUploadExerciseAsTeachingAssistantFails'
    23:46:35.244 | 395 ool-1-worker-159 | DEBUG | d.t.c.a.a.c.s.f.ApiVersionFilter     : Adding Version to Request POST /api/file-upload-exercises/import/2542
    23:46:35.246 | 395 ool-1-worker-159 | WARN  | o.z.p.spring.common.AdviceTraits     : Forbidden: Access Denied

  Starting logs for FileUploadExerciseIntegrationTest > createFileUploadExercise_InvalidMaxScore()
    23:46:35.259 | 395 ool-1-worker-159 | DEBUG | d.t.c.a.a.c.u.util.UserUtilService   : Generate 2 students...
    23:46:35.268 | 395 ool-1-worker-159 | DEBUG | d.t.c.a.a.c.u.util.UserUtilService   : 2 students generated. Generate 1 tutors...
    23:46:35.271 | 395 ool-1-worker-159 | DEBUG | d.t.c.a.a.c.u.util.UserUtilService   : 1 tutors generated. Generate 1 editors...
    23:46:35.274 | 395 ool-1-worker-159 | DEBUG | d.t.c.a.a.c.u.util.UserUtilService   : 1 editors generated. Generate 1 instructors...
    23:46:35.276 | 395 ool-1-worker-159 | DEBUG | d.t.c.a.a.c.u.util.UserUtilService   : 1 instructors generated
    23:46:35.278 | 395 ool-1-worker-159 | DEBUG | d.t.c.a.a.c.u.util.UserUtilService   : Removing 5 users from all courses...
    23:46:35.279 | 395 ool-1-worker-159 | DEBUG | d.t.c.a.a.c.u.util.UserUtilService   : Removing 5 users from all courses. Done
    23:46:35.279 | 395 ool-1-worker-159 | DEBUG | d.t.c.a.a.c.u.util.UserUtilService   : Save 5 users to database...
    23:46:35.283 | 395 ool-1-worker-159 | DEBUG | d.t.c.a.a.c.u.util.UserUtilService   : Save 5 users to database. Done
    23:46:35.285 | 395 ool-1-worker-159 | INFO  | i.z.t.d.l.EmbeddedDatabaseReporter   : JDBC URL to connect to 'dataSource': url='jdbc:h2:tcp://localhost:41063/mem:df70fc46-7e57-4cb5-9cd0-c1d90c14afa7;USER=sa', scope='FileUploadExerciseIntegrationTest#createFileUploadExercise_InvalidMaxScore'
    23:46:35.286 | 395 ool-1-worker-159 | DEBUG | d.t.c.a.a.c.s.f.ApiVersionFilter     : Adding Version to Request POST /api/file-upload-exercises
    23:46:35.286 | 395 ool-1-worker-159 | DEBUG | c.a.a.f.w.FileUploadExerciseResource : REST request to save FileUploadExercise : FileUploadExercise{id=null}
    23:46:35.287 | 395 ool-1-worker-159 | ERROR | tech.jhipster.web.util.HeaderUtil    : Entity processing failed, The max points needs to be greater than 0
    23:46:35.287 | 395 ool-1-worker-159 | WARN  | o.z.p.spring.common.AdviceTraits     : Bad Request: The max points needs to be greater than 0

  Starting logs for FileUploadExerciseIntegrationTest > updateFileUploadExercise_setBothCourseAndExerciseGroupOrNeither_badRequest()
    23:46:35.301 | 395 ool-1-worker-159 | DEBUG | d.t.c.a.a.c.u.util.UserUtilService   : Generate 2 students...
    23:46:35.305 | 395 ool-1-worker-159 | DEBUG | d.t.c.a.a.c.u.util.UserUtilService   : 2 students generated. Generate 1 tutors...
    23:46:35.307 | 395 ool-1-worker-159 | DEBUG | d.t.c.a.a.c.u.util.UserUtilService   : 1 tutors generated. Generate 1 editors...
    23:46:35.311 | 395 ool-1-worker-159 | DEBUG | d.t.c.a.a.c.u.util.UserUtilService   : 1 editors generated. Generate 1 instructors...
    23:46:35.313 | 395 ool-1-worker-159 | DEBUG | d.t.c.a.a.c.u.util.UserUtilService   : 1 instructors generated
    23:46:35.315 | 395 ool-1-worker-159 | DEBUG | d.t.c.a.a.c.u.util.UserUtilService   : Removing 5 users from all courses...
    23:46:35.316 | 395 ool-1-worker-159 | DEBUG | d.t.c.a.a.c.u.util.UserUtilService   : Removing 5 users from all courses. Done
    23:46:35.316 | 395 ool-1-worker-159 | DEBUG | d.t.c.a.a.c.u.util.UserUtilService   : Save 5 users to database...
    23:46:35.320 | 395 ool-1-worker-159 | DEBUG | d.t.c.a.a.c.u.util.UserUtilService   : Save 5 users to database. Done
    23:46:35.321 | 395 ool-1-worker-159 | INFO  | i.z.t.d.l.EmbeddedDatabaseReporter   : JDBC URL to connect to 'dataSource': url='jdbc:h2:tcp://localhost:41063/mem:df70fc46-7e57-4cb5-9cd0-c1d90c14afa7;USER=sa', scope='FileUploadExerciseIntegrationTest#updateFileUploadExercise_setBothCourseAndExerciseGroupOrNeither_badRequest'
    23:46:35.325 | 395 ool-1-worker-159 | DEBUG | d.t.c.a.a.c.s.f.ApiVersionFilter     : Adding Version to Request PUT /api/file-upload-exercises/2543
    23:46:35.326 | 395 ool-1-worker-159 | DEBUG | c.a.a.f.w.FileUploadExerciseResource : REST request to update FileUploadExercise : FileUploadExercise{id=2543}
    23:46:35.327 | 395 ool-1-worker-159 | ERROR | tech.jhipster.web.util.HeaderUtil    : Entity processing failed, An exercise must have either a course or an exerciseGroup
    23:46:35.327 | 395 ool-1-worker-159 | WARN  | o.z.p.spring.common.AdviceTraits     : Bad Request: An exercise must have either a course or an exerciseGroup
    23:46:35.328 | 395 ool-1-worker-159 | DEBUG | d.t.c.a.a.c.s.f.ApiVersionFilter     : Adding Version to Request PUT /api/file-upload-exercises/2543
    23:46:35.328 | 395 ool-1-worker-159 | DEBUG | c.a.a.f.w.FileUploadExerciseResource : REST request to update FileUploadExercise : FileUploadExercise{id=2543}
    23:46:35.329 | 395 ool-1-worker-159 | ERROR | tech.jhipster.web.util.HeaderUtil    : Entity processing failed, An exercise must have either a course or an exerciseGroup
    23:46:35.329 | 395 ool-1-worker-159 | WARN  | o.z.p.spring.common.AdviceTraits     : Bad Request: An exercise must have either a course or an exerciseGroup

  Starting logs for FileUploadExerciseIntegrationTest > testDeleteFileUploadExerciseWithChannel()
    23:46:35.343 | 395 ool-1-worker-159 | DEBUG | d.t.c.a.a.c.u.util.UserUtilService   : Generate 2 students...
    23:46:35.347 | 395 ool-1-worker-159 | DEBUG | d.t.c.a.a.c.u.util.UserUtilService   : 2 students generated. Generate 1 tutors...
    23:46:35.350 | 395 ool-1-worker-159 | DEBUG | d.t.c.a.a.c.u.util.UserUtilService   : 1 tutors generated. Generate 1 editors...
    23:46:35.352 | 395 ool-1-worker-159 | DEBUG | d.t.c.a.a.c.u.util.UserUtilService   : 1 editors generated. Generate 1 instructors...
    23:46:35.355 | 395 ool-1-worker-159 | DEBUG | d.t.c.a.a.c.u.util.UserUtilService   : 1 instructors generated
    23:46:35.357 | 395 ool-1-worker-159 | DEBUG | d.t.c.a.a.c.u.util.UserUtilService   : Removing 5 users from all courses...
    23:46:35.357 | 395 ool-1-worker-159 | DEBUG | d.t.c.a.a.c.u.util.UserUtilService   : Removing 5 users from all courses. Done
    23:46:35.357 | 395 ool-1-worker-159 | DEBUG | d.t.c.a.a.c.u.util.UserUtilService   : Save 5 users to database...
    23:46:35.361 | 395 ool-1-worker-159 | DEBUG | d.t.c.a.a.c.u.util.UserUtilService   : Save 5 users to database. Done
    23:46:35.363 | 395 ool-1-worker-159 | INFO  | i.z.t.d.l.EmbeddedDatabaseReporter   : JDBC URL to connect to 'dataSource': url='jdbc:h2:tcp://localhost:41063/mem:df70fc46-7e57-4cb5-9cd0-c1d90c14afa7;USER=sa', scope='FileUploadExerciseIntegrationTest#testDeleteFileUploadExerciseWithChannel'
    23:46:35.366 | 395 ool-1-worker-159 | DEBUG | d.t.c.a.a.c.s.f.ApiVersionFilter     : Adding Version to Request DELETE /api/file-upload-exercises/2544
    23:46:35.367 | 395 ool-1-worker-159 | INFO  | c.a.a.f.w.FileUploadExerciseResource : REST request to delete FileUploadExercise : 2544
    23:46:35.368 | 395 ool-1-worker-159 | INFO  | d.t.c.a.a.e.service.ExerciseService  : User fileuploaderxerciseinstructor1 has requested to delete FileUploadExercise assessed with id 2544
    23:46:35.369 | 395 ool-1-worker-159 | INFO  | .t.c.a.a.e.s.ExerciseDeletionService : Request to delete FileUploadExercise with id 2544
    23:46:35.373 | 395 ool-1-worker-159 | INFO  | .t.c.a.a.e.s.ExerciseDeletionService : Deleting the channel took 3.86ms
    23:46:35.375 | 395 ool-1-worker-159 | INFO  | d.t.c.a.a.e.s.ParticipationService   : Request to delete all 0 participations of exercise with id : 2544
    23:46:35.383 | 395 ool-1-worker-159 | INFO  | .c.a.a.c.s.TitleCacheEvictionService : Evicted entry '2544' from title cache 'exerciseTitle'

  Starting logs for FileUploadExerciseIntegrationTest > deleteExamFileUploadExercise()
    23:46:35.398 | 395 ool-1-worker-159 | DEBUG | d.t.c.a.a.c.u.util.UserUtilService   : Generate 2 students...
    23:46:35.402 | 395 ool-1-worker-159 | DEBUG | d.t.c.a.a.c.u.util.UserUtilService   : 2 students generated. Generate 1 tutors...
    23:46:35.405 | 395 ool-1-worker-159 | DEBUG | d.t.c.a.a.c.u.util.UserUtilService   : 1 tutors generated. Generate 1 editors...
    23:46:35.407 | 395 ool-1-worker-159 | DEBUG | d.t.c.a.a.c.u.util.UserUtilService   : 1 editors generated. Generate 1 instructors...
    23:46:35.410 | 395 ool-1-worker-159 | DEBUG | d.t.c.a.a.c.u.util.UserUtilService   : 1 instructors generated
    23:46:35.412 | 395 ool-1-worker-159 | DEBUG | d.t.c.a.a.c.u.util.UserUtilService   : Removing 5 users from all courses...
    23:46:35.413 | 395 ool-1-worker-159 | DEBUG | d.t.c.a.a.c.u.util.UserUtilService   : Removing 5 users from all courses. Done
    23:46:35.413 | 395 ool-1-worker-159 | DEBUG | d.t.c.a.a.c.u.util.UserUtilService   : Save 5 users to database...
    23:46:35.416 | 395 ool-1-worker-159 | DEBUG | d.t.c.a.a.c.u.util.UserUtilService   : Save 5 users to database. Done
    23:46:35.418 | 395 ool-1-worker-159 | INFO  | i.z.t.d.l.EmbeddedDatabaseReporter   : JDBC URL to connect to 'dataSource': url='jdbc:h2:tcp://localhost:41063/mem:df70fc46-7e57-4cb5-9cd0-c1d90c14afa7;USER=sa', scope='FileUploadExerciseIntegrationTest#deleteExamFileUploadExercise'
    23:46:35.422 | 395 ool-1-worker-159 | DEBUG | d.t.c.a.a.c.s.f.ApiVersionFilter     : Adding Version to Request DELETE /api/file-upload-exercises/2545
    23:46:35.423 | 395 ool-1-worker-159 | INFO  | c.a.a.f.w.FileUploadExerciseResource : REST request to delete FileUploadExercise : 2545
    23:46:35.426 | 395 ool-1-worker-159 | INFO  | d.t.c.a.a.e.service.ExerciseService  : User fileuploaderxerciseinstructor1 has requested to delete FileUploadExercise bf103f11-bd6c-4e05-89c4-8706e2b399d8 with id 2545
    23:46:35.427 | 395 ool-1-worker-159 | INFO  | .t.c.a.a.e.s.ExerciseDeletionService : Request to delete FileUploadExercise with id 2545
    23:46:35.427 | 395 ool-1-worker-159 | INFO  | .t.c.a.a.e.s.ExerciseDeletionService : Deleting the channel took 350µs
    23:46:35.429 | 395 ool-1-worker-159 | INFO  | d.t.c.a.a.e.s.ParticipationService   : Request to delete all 0 participations of exercise with id : 2545
    23:46:35.437 | 395 ool-1-worker-159 | INFO  | .c.a.a.c.s.TitleCacheEvictionService : Evicted entry '2545' from title cache 'exerciseTitle'

  Starting logs for FileUploadExerciseIntegrationTest > createFileUploadExercise_setValidExampleSolutionPublicationDate()
    23:46:35.453 | 395 ool-1-worker-159 | DEBUG | d.t.c.a.a.c.u.util.UserUtilService   : Generate 2 students...
    23:46:35.458 | 395 ool-1-worker-159 | DEBUG | d.t.c.a.a.c.u.util.UserUtilService   : 2 students generated. Generate 1 tutors...
    23:46:35.461 | 395 ool-1-worker-159 | DEBUG | d.t.c.a.a.c.u.util.UserUtilService   : 1 tutors generated. Generate 1 editors...
    23:46:35.463 | 395 ool-1-worker-159 | DEBUG | d.t.c.a.a.c.u.util.UserUtilService   : 1 editors generated. Generate 1 instructors...
    23:46:35.466 | 395 ool-1-worker-159 | DEBUG | d.t.c.a.a.c.u.util.UserUtilService   : 1 instructors generated
    23:46:35.468 | 395 ool-1-worker-159 | DEBUG | d.t.c.a.a.c.u.util.UserUtilService   : Removing 5 users from all courses...
    23:46:35.468 | 395 ool-1-worker-159 | DEBUG | d.t.c.a.a.c.u.util.UserUtilService   : Removing 5 users from all courses. Done
    23:46:35.468 | 395 ool-1-worker-159 | DEBUG | d.t.c.a.a.c.u.util.UserUtilService   : Save 5 users to database...
    23:46:35.472 | 395 ool-1-worker-159 | DEBUG | d.t.c.a.a.c.u.util.UserUtilService   : Save 5 users to database. Done
    23:46:35.473 | 395 ool-1-worker-159 | INFO  | i.z.t.d.l.EmbeddedDatabaseReporter   : JDBC URL to connect to 'dataSource': url='jdbc:h2:tcp://localhost:41063/mem:df70fc46-7e57-4cb5-9cd0-c1d90c14afa7;USER=sa', scope='FileUploadExerciseIntegrationTest#createFileUploadExercise_setValidExampleSolutionPublicationDate'
    23:46:35.477 | 395 ool-1-worker-159 | DEBUG | d.t.c.a.a.c.s.f.ApiVersionFilter     : Adding Version to Request POST /api/file-upload-exercises
    23:46:35.477 | 395 ool-1-worker-159 | DEBUG | c.a.a.f.w.FileUploadExerciseResource : REST request to save FileUploadExercise : FileUploadExercise{id=null}
    23:46:35.487 | 621 artemis-task-1   | INFO  | .c.s.m.InstanceMessageReceiveService : Received schedule update for exercise 2547 released notification 
    23:46:35.487 | 621 artemis-task-1   | DEBUG | t.c.a.a.e.s.ExerciseLifecycleService : Scheduled Task for Exercise "assessed" (#2547) to trigger on RELEASE.
    23:46:35.487 | 621 artemis-task-1   | DEBUG | .a.a.c.s.NotificationScheduleService : Scheduled notify about started exercise after due date for exercise 'assessed' (#2547) for 2025-02-15T00:46:35.474048Z.
    23:46:35.488 | 395 ool-1-worker-159 | DEBUG | d.t.c.a.a.c.s.f.ApiVersionFilter     : Adding Version to Request POST /api/file-upload-exercises
    23:46:35.489 | 395 ool-1-worker-159 | DEBUG | c.a.a.f.w.FileUploadExerciseResource : REST request to save FileUploadExercise : FileUploadExercise{id=null}
    23:46:35.498 | 621 artemis-task-1   | INFO  | .c.s.m.InstanceMessageReceiveService : Received schedule update for exercise 2548 released notification 
    23:46:35.498 | 621 artemis-task-1   | DEBUG | t.c.a.a.e.s.ExerciseLifecycleService : Scheduled Task for Exercise "assessed" (#2548) to trigger on RELEASE.
    23:46:35.498 | 621 artemis-task-1   | DEBUG | .a.a.c.s.NotificationScheduleService : Scheduled notify about started exercise after due date for exercise 'assessed' (#2548) for 2025-02-15T00:46:35.474048Z.

  Starting logs for FileUploadExerciseIntegrationTest > testReEvaluateAndUpdateFileUploadExercise_isNotAtLeastInstructorInCourse_forbidden()
    23:46:35.512 | 395 ool-1-worker-159 | DEBUG | d.t.c.a.a.c.u.util.UserUtilService   : Generate 2 students...
    23:46:35.516 | 395 ool-1-worker-159 | DEBUG | d.t.c.a.a.c.u.util.UserUtilService   : 2 students generated. Generate 1 tutors...
    23:46:35.519 | 395 ool-1-worker-159 | DEBUG | d.t.c.a.a.c.u.util.UserUtilService   : 1 tutors generated. Generate 1 editors...
    23:46:35.521 | 395 ool-1-worker-159 | DEBUG | d.t.c.a.a.c.u.util.UserUtilService   : 1 editors generated. Generate 1 instructors...
    23:46:35.524 | 395 ool-1-worker-159 | DEBUG | d.t.c.a.a.c.u.util.UserUtilService   : 1 instructors generated
    23:46:35.526 | 395 ool-1-worker-159 | DEBUG | d.t.c.a.a.c.u.util.UserUtilService   : Removing 5 users from all courses...
    23:46:35.526 | 395 ool-1-worker-159 | DEBUG | d.t.c.a.a.c.u.util.UserUtilService   : Removing 5 users from all courses. Done
    23:46:35.527 | 395 ool-1-worker-159 | DEBUG | d.t.c.a.a.c.u.util.UserUtilService   : Save 5 users to database...
    23:46:35.530 | 395 ool-1-worker-159 | DEBUG | d.t.c.a.a.c.u.util.UserUtilService   : Save 5 users to database. Done
    23:46:35.531 | 395 ool-1-worker-159 | INFO  | i.z.t.d.l.EmbeddedDatabaseReporter   : JDBC URL to connect to 'dataSource': url='jdbc:h2:tcp://localhost:41063/mem:df70fc46-7e57-4cb5-9cd0-c1d90c14afa7;USER=sa', scope='FileUploadExerciseIntegrationTest#testReEvaluateAndUpdateFileUploadExercise_isNotAtLeastInstructorInCourse_forbidden'
    23:46:35.537 | 395 ool-1-worker-159 | DEBUG | d.t.c.a.a.c.s.f.ApiVersionFilter     : Adding Version to Request PUT /api/file-upload-exercises/2549/re-evaluate
    23:46:35.538 | 395 ool-1-worker-159 | DEBUG | c.a.a.f.w.FileUploadExerciseResource : REST request to re-evaluate FileUploadExercise : FileUploadExercise{id=2549}
    23:46:35.540 | 395 ool-1-worker-159 | WARN  | o.z.p.spring.common.AdviceTraits     : Forbidden: You are not allowed to access the Course with id 2015

  Starting logs for FileUploadExerciseIntegrationTest > deleteFileUploadExerciseFails_WithWrongId()
    23:46:35.555 | 395 ool-1-worker-159 | DEBUG | d.t.c.a.a.c.u.util.UserUtilService   : Generate 2 students...
    23:46:35.559 | 395 ool-1-worker-159 | DEBUG | d.t.c.a.a.c.u.util.UserUtilService   : 2 students generated. Generate 1 tutors...
    23:46:35.562 | 395 ool-1-worker-159 | DEBUG | d.t.c.a.a.c.u.util.UserUtilService   : 1 tutors generated. Generate 1 editors...
    23:46:35.564 | 395 ool-1-worker-159 | DEBUG | d.t.c.a.a.c.u.util.UserUtilService   : 1 editors generated. Generate 1 instructors...
    23:46:35.567 | 395 ool-1-worker-159 | DEBUG | d.t.c.a.a.c.u.util.UserUtilService   : 1 instructors generated
    23:46:35.569 | 395 ool-1-worker-159 | DEBUG | d.t.c.a.a.c.u.util.UserUtilService   : Removing 5 users from all courses...
    23:46:35.570 | 395 ool-1-worker-159 | DEBUG | d.t.c.a.a.c.u.util.UserUtilService   : Removing 5 users from all courses. Done
    23:46:35.570 | 395 ool-1-worker-159 | DEBUG | d.t.c.a.a.c.u.util.UserUtilService   : Save 5 users to database...
    23:46:35.574 | 395 ool-1-worker-159 | DEBUG | d.t.c.a.a.c.u.util.UserUtilService   : Save 5 users to database. Done
    23:46:35.575 | 395 ool-1-worker-159 | INFO  | i.z.t.d.l.EmbeddedDatabaseReporter   : JDBC URL to connect to 'dataSource': url='jdbc:h2:tcp://localhost:41063/mem:df70fc46-7e57-4cb5-9cd0-c1d90c14afa7;USER=sa', scope='FileUploadExerciseIntegrationTest#deleteFileUploadExerciseFails_WithWrongId'
    23:46:35.580 | 395 ool-1-worker-159 | DEBUG | d.t.c.a.a.c.s.f.ApiVersionFilter     : Adding Version to Request DELETE /api/file-upload-exercises/5555555
    23:46:35.580 | 395 ool-1-worker-159 | INFO  | c.a.a.f.w.FileUploadExerciseResource : REST request to delete FileUploadExercise : 5555555
    23:46:35.582 | 395 ool-1-worker-159 | WARN  | o.z.p.spring.common.AdviceTraits     : Not Found: FileUploadExercise with identifier: "5555555" does not exist

  Starting logs for FileUploadExerciseIntegrationTest > deleteFileUploadExercise_asStudent()
    23:46:35.595 | 395 ool-1-worker-159 | DEBUG | d.t.c.a.a.c.u.util.UserUtilService   : Generate 2 students...
    23:46:35.599 | 395 ool-1-worker-159 | DEBUG | d.t.c.a.a.c.u.util.UserUtilService   : 2 students generated. Generate 1 tutors...
    23:46:35.601 | 395 ool-1-worker-159 | DEBUG | d.t.c.a.a.c.u.util.UserUtilService   : 1 tutors generated. Generate 1 editors...
    23:46:35.604 | 395 ool-1-worker-159 | DEBUG | d.t.c.a.a.c.u.util.UserUtilService   : 1 editors generated. Generate 1 instructors...
    23:46:35.607 | 395 ool-1-worker-159 | DEBUG | d.t.c.a.a.c.u.util.UserUtilService   : 1 instructors generated
    23:46:35.608 | 395 ool-1-worker-159 | DEBUG | d.t.c.a.a.c.u.util.UserUtilService   : Removing 5 users from all courses...
    23:46:35.609 | 395 ool-1-worker-159 | DEBUG | d.t.c.a.a.c.u.util.UserUtilService   : Removing 5 users from all courses. Done
    23:46:35.609 | 395 ool-1-worker-159 | DEBUG | d.t.c.a.a.c.u.util.UserUtilService   : Save 5 users to database...
    23:46:35.613 | 395 ool-1-worker-159 | DEBUG | d.t.c.a.a.c.u.util.UserUtilService   : Save 5 users to database. Done
    23:46:35.614 | 395 ool-1-worker-159 | INFO  | i.z.t.d.l.EmbeddedDatabaseReporter   : JDBC URL to connect to 'dataSource': url='jdbc:h2:tcp://localhost:41063/mem:df70fc46-7e57-4cb5-9cd0-c1d90c14afa7;USER=sa', scope='FileUploadExerciseIntegrationTest#deleteFileUploadExercise_asStudent'
    23:46:35.619 | 395 ool-1-worker-159 | DEBUG | d.t.c.a.a.c.s.f.ApiVersionFilter     : Adding Version to Request DELETE /api/file-upload-exercises/2555
    23:46:35.621 | 395 ool-1-worker-159 | WARN  | o.z.p.spring.common.AdviceTraits     : Forbidden: Access Denied
    23:46:35.622 | 395 ool-1-worker-159 | DEBUG | d.t.c.a.a.c.s.f.ApiVersionFilter     : Adding Version to Request DELETE /api/file-upload-exercises/2556
    23:46:35.622 | 395 ool-1-worker-159 | WARN  | o.z.p.spring.common.AdviceTraits     : Forbidden: Access Denied
    23:46:35.623 | 395 ool-1-worker-159 | DEBUG | d.t.c.a.a.c.s.f.ApiVersionFilter     : Adding Version to Request DELETE /api/file-upload-exercises/2557
    23:46:35.624 | 395 ool-1-worker-159 | WARN  | o.z.p.spring.common.AdviceTraits     : Forbidden: Access Denied

  Starting logs for FileUploadExerciseIntegrationTest > getFileUploadExercise()
    23:46:35.639 | 395 ool-1-worker-159 | DEBUG | d.t.c.a.a.c.u.util.UserUtilService   : Generate 2 students...
    23:46:35.643 | 395 ool-1-worker-159 | DEBUG | d.t.c.a.a.c.u.util.UserUtilService   : 2 students generated. Generate 1 tutors...
    23:46:35.646 | 395 ool-1-worker-159 | DEBUG | d.t.c.a.a.c.u.util.UserUtilService   : 1 tutors generated. Generate 1 editors...
    23:46:35.648 | 395 ool-1-worker-159 | DEBUG | d.t.c.a.a.c.u.util.UserUtilService   : 1 editors generated. Generate 1 instructors...
    23:46:35.650 | 395 ool-1-worker-159 | DEBUG | d.t.c.a.a.c.u.util.UserUtilService   : 1 instructors generated
    23:46:35.651 | 395 ool-1-worker-159 | DEBUG | d.t.c.a.a.c.u.util.UserUtilService   : Removing 5 users from all courses...
    23:46:35.652 | 395 ool-1-worker-159 | DEBUG | d.t.c.a.a.c.u.util.UserUtilService   : Removing 5 users from all courses. Done
    23:46:35.652 | 395 ool-1-worker-159 | DEBUG | d.t.c.a.a.c.u.util.UserUtilService   : Save 5 users to database...
    23:46:35.657 | 395 ool-1-worker-159 | DEBUG | d.t.c.a.a.c.u.util.UserUtilService   : Save 5 users to database. Done
    23:46:35.658 | 395 ool-1-worker-159 | INFO  | i.z.t.d.l.EmbeddedDatabaseReporter   : JDBC URL to connect to 'dataSource': url='jdbc:h2:tcp://localhost:41063/mem:df70fc46-7e57-4cb5-9cd0-c1d90c14afa7;USER=sa', scope='FileUploadExerciseIntegrationTest#getFileUploadExercise'
    23:46:35.664 | 395 ool-1-worker-159 | DEBUG | d.t.c.a.a.c.s.f.ApiVersionFilter     : Adding Version to Request GET /api/file-upload-exercises/2558
    23:46:35.665 | 395 ool-1-worker-159 | DEBUG | c.a.a.f.w.FileUploadExerciseResource : REST request to get FileUploadExercise : 2558

  Starting logs for FileUploadExerciseIntegrationTest > getAllFileUploadExercisesForCourse_asStudent()
    23:46:35.681 | 395 ool-1-worker-159 | DEBUG | d.t.c.a.a.c.u.util.UserUtilService   : Generate 2 students...
    23:46:35.684 | 395 ool-1-worker-159 | DEBUG | d.t.c.a.a.c.u.util.UserUtilService   : 2 students generated. Generate 1 tutors...
    23:46:35.687 | 395 ool-1-worker-159 | DEBUG | d.t.c.a.a.c.u.util.UserUtilService   : 1 tutors generated. Generate 1 editors...
    23:46:35.689 | 395 ool-1-worker-159 | DEBUG | d.t.c.a.a.c.u.util.UserUtilService   : 1 editors generated. Generate 1 instructors...
    23:46:35.692 | 395 ool-1-worker-159 | DEBUG | d.t.c.a.a.c.u.util.UserUtilService   : 1 instructors generated
    23:46:35.694 | 395 ool-1-worker-159 | DEBUG | d.t.c.a.a.c.u.util.UserUtilService   : Removing 5 users from all courses...
    23:46:35.695 | 395 ool-1-worker-159 | DEBUG | d.t.c.a.a.c.u.util.UserUtilService   : Removing 5 users from all courses. Done
    23:46:35.695 | 395 ool-1-worker-159 | DEBUG | d.t.c.a.a.c.u.util.UserUtilService   : Save 5 users to database...
    23:46:35.699 | 395 ool-1-worker-159 | DEBUG | d.t.c.a.a.c.u.util.UserUtilService   : Save 5 users to database. Done
    23:46:35.700 | 395 ool-1-worker-159 | INFO  | i.z.t.d.l.EmbeddedDatabaseReporter   : JDBC URL to connect to 'dataSource': url='jdbc:h2:tcp://localhost:41063/mem:df70fc46-7e57-4cb5-9cd0-c1d90c14afa7;USER=sa', scope='FileUploadExerciseIntegrationTest#getAllFileUploadExercisesForCourse_asStudent'
    23:46:35.704 | 395 ool-1-worker-159 | DEBUG | d.t.c.a.a.c.s.f.ApiVersionFilter     : Adding Version to Request GET /api/courses/2023/file-upload-exercises
    23:46:35.704 | 395 ool-1-worker-159 | WARN  | o.z.p.spring.common.AdviceTraits     : Forbidden: Access Denied

  Starting logs for FileUploadExerciseIntegrationTest > createFileUploadExerciseFails()
    23:46:35.714 | 395 ool-1-worker-159 | DEBUG | d.t.c.a.a.c.u.util.UserUtilService   : Generate 2 students...
    23:46:35.717 | 395 ool-1-worker-159 | DEBUG | d.t.c.a.a.c.u.util.UserUtilService   : 2 students generated. Generate 1 tutors...
    23:46:35.719 | 395 ool-1-worker-159 | DEBUG | d.t.c.a.a.c.u.util.UserUtilService   : 1 tutors generated. Generate 1 editors...
    23:46:35.722 | 395 ool-1-worker-159 | DEBUG | d.t.c.a.a.c.u.util.UserUtilService   : 1 editors generated. Generate 1 instructors...
    23:46:35.724 | 395 ool-1-worker-159 | DEBUG | d.t.c.a.a.c.u.util.UserUtilService   : 1 instructors generated
    23:46:35.725 | 395 ool-1-worker-159 | DEBUG | d.t.c.a.a.c.u.util.UserUtilService   : Removing 5 users from all courses...
    23:46:35.726 | 395 ool-1-worker-159 | DEBUG | d.t.c.a.a.c.u.util.UserUtilService   : Removing 5 users from all courses. Done
    23:46:35.726 | 395 ool-1-worker-159 | DEBUG | d.t.c.a.a.c.u.util.UserUtilService   : Save 5 users to database...
    23:46:35.729 | 395 ool-1-worker-159 | DEBUG | d.t.c.a.a.c.u.util.UserUtilService   : Save 5 users to database. Done
    23:46:35.730 | 395 ool-1-worker-159 | INFO  | i.z.t.d.l.EmbeddedDatabaseReporter   : JDBC URL to connect to 'dataSource': url='jdbc:h2:tcp://localhost:41063/mem:df70fc46-7e57-4cb5-9cd0-c1d90c14afa7;USER=sa', scope='FileUploadExerciseIntegrationTest#createFileUploadExerciseFails'
    23:46:35.731 | 395 ool-1-worker-159 | DEBUG | d.t.c.a.a.c.s.f.ApiVersionFilter     : Adding Version to Request POST /api/file-upload-exercises
    23:46:35.731 | 395 ool-1-worker-159 | DEBUG | c.a.a.f.w.FileUploadExerciseResource : REST request to save FileUploadExercise : FileUploadExercise{id=null}
    23:46:35.732 | 395 ool-1-worker-159 | ERROR | tech.jhipster.web.util.HeaderUtil    : Entity processing failed, The file pattern is invalid. Please use a comma separated list with actual file endings without dots (e.g. 'png, pdf').
    23:46:35.732 | 395 ool-1-worker-159 | WARN  | o.z.p.spring.common.AdviceTraits     : Bad Request: The file pattern is invalid. Please use a comma separated list with actual file endings without dots (e.g. 'png, pdf').

  Starting logs for FileUploadExerciseIntegrationTest > updateModelingExerciseDueDate()
    23:46:35.742 | 395 ool-1-worker-159 | DEBUG | d.t.c.a.a.c.u.util.UserUtilService   : Generate 2 students...
    23:46:35.745 | 395 ool-1-worker-159 | DEBUG | d.t.c.a.a.c.u.util.UserUtilService   : 2 students generated. Generate 1 tutors...
    23:46:35.747 | 395 ool-1-worker-159 | DEBUG | d.t.c.a.a.c.u.util.UserUtilService   : 1 tutors generated. Generate 1 editors...
    23:46:35.749 | 395 ool-1-worker-159 | DEBUG | d.t.c.a.a.c.u.util.UserUtilService   : 1 editors generated. Generate 1 instructors...
    23:46:35.751 | 395 ool-1-worker-159 | DEBUG | d.t.c.a.a.c.u.util.UserUtilService   : 1 instructors generated
    23:46:35.753 | 395 ool-1-worker-159 | DEBUG | d.t.c.a.a.c.u.util.UserUtilService   : Removing 5 users from all courses...
    23:46:35.753 | 395 ool-1-worker-159 | DEBUG | d.t.c.a.a.c.u.util.UserUtilService   : Removing 5 users from all courses. Done
    23:46:35.753 | 395 ool-1-worker-159 | DEBUG | d.t.c.a.a.c.u.util.UserUtilService   : Save 5 users to database...
    23:46:35.758 | 395 ool-1-worker-159 | DEBUG | d.t.c.a.a.c.u.util.UserUtilService   : Save 5 users to database. Done
    23:46:35.759 | 395 ool-1-worker-159 | INFO  | i.z.t.d.l.EmbeddedDatabaseReporter   : JDBC URL to connect to 'dataSource': url='jdbc:h2:tcp://localhost:41063/mem:df70fc46-7e57-4cb5-9cd0-c1d90c14afa7;USER=sa', scope='FileUploadExerciseIntegrationTest#updateModelingExerciseDueDate'
    23:46:35.781 | 395 ool-1-worker-159 | DEBUG | d.t.c.a.a.c.s.f.ApiVersionFilter     : Adding Version to Request PUT /api/file-upload-exercises/2564
    23:46:35.782 | 395 ool-1-worker-159 | DEBUG | c.a.a.f.w.FileUploadExerciseResource : REST request to update FileUploadExercise : FileUploadExercise{id=2564}
    23:46:35.793 | 395 ool-1-worker-159 | INFO  | d.t.c.a.a.e.service.ExerciseService  : User fileuploaderxerciseinstructor1 has updated FileUploadExercise released with id 2564
    23:46:35.795 | 395 ool-1-worker-159 | INFO  | .c.s.m.InstanceMessageReceiveService : Received schedule update for assessed exercise submitted 2564 notification 
    23:46:35.795 | 395 ool-1-worker-159 | DEBUG | t.c.a.a.e.s.ExerciseLifecycleService : Scheduled Task for Exercise "released" (#2564) to trigger on ASSESSMENT_DUE.
    23:46:35.795 | 395 ool-1-worker-159 | DEBUG | .a.a.c.s.NotificationScheduleService : Scheduled notify about assessed exercise submission after assessment due date for exercise 'released' (#2564) at 2025-02-16T23:39:54.284502Z.

  Starting logs for FileUploadExerciseIntegrationTest > createFileUploadExerciseFails_EmptyFilePattern()
    23:46:35.810 | 395 ool-1-worker-159 | DEBUG | d.t.c.a.a.c.u.util.UserUtilService   : Generate 2 students...
    23:46:35.814 | 395 ool-1-worker-159 | DEBUG | d.t.c.a.a.c.u.util.UserUtilService   : 2 students generated. Generate 1 tutors...
    23:46:35.816 | 395 ool-1-worker-159 | DEBUG | d.t.c.a.a.c.u.util.UserUtilService   : 1 tutors generated. Generate 1 editors...
    23:46:35.818 | 395 ool-1-worker-159 | DEBUG | d.t.c.a.a.c.u.util.UserUtilService   : 1 editors generated. Generate 1 instructors...
    23:46:35.820 | 395 ool-1-worker-159 | DEBUG | d.t.c.a.a.c.u.util.UserUtilService   : 1 instructors generated
    23:46:35.822 | 395 ool-1-worker-159 | DEBUG | d.t.c.a.a.c.u.util.UserUtilService   : Removing 5 users from all courses...
    23:46:35.822 | 395 ool-1-worker-159 | DEBUG | d.t.c.a.a.c.u.util.UserUtilService   : Removing 5 users from all courses. Done
    23:46:35.822 | 395 ool-1-worker-159 | DEBUG | d.t.c.a.a.c.u.util.UserUtilService   : Save 5 users to database...
    23:46:35.825 | 395 ool-1-worker-159 | DEBUG | d.t.c.a.a.c.u.util.UserUtilService   : Save 5 users to database. Done
    23:46:35.826 | 395 ool-1-worker-159 | INFO  | i.z.t.d.l.EmbeddedDatabaseReporter   : JDBC URL to connect to 'dataSource': url='jdbc:h2:tcp://localhost:41063/mem:df70fc46-7e57-4cb5-9cd0-c1d90c14afa7;USER=sa', scope='FileUploadExerciseIntegrationTest#createFileUploadExerciseFails_EmptyFilePattern'
    23:46:35.827 | 395 ool-1-worker-159 | DEBUG | d.t.c.a.a.c.s.f.ApiVersionFilter     : Adding Version to Request POST /api/file-upload-exercises
    23:46:35.827 | 395 ool-1-worker-159 | DEBUG | c.a.a.f.w.FileUploadExerciseResource : REST request to save FileUploadExercise : FileUploadExercise{id=null}
    23:46:35.828 | 395 ool-1-worker-159 | ERROR | tech.jhipster.web.util.HeaderUtil    : Entity processing failed, The file pattern is invalid. Please use a comma separated list with actual file endings without dots (e.g. 'png, pdf').
    23:46:35.828 | 395 ool-1-worker-159 | WARN  | o.z.p.spring.common.AdviceTraits     : Bad Request: The file pattern is invalid. Please use a comma separated list with actual file endings without dots (e.g. 'png, pdf').

  Starting logs for FileUploadExerciseIntegrationTest > getAllFileUploadExercisesForCourse_asInstructor()
    23:46:35.838 | 395 ool-1-worker-159 | DEBUG | d.t.c.a.a.c.u.util.UserUtilService   : Generate 2 students...
    23:46:35.841 | 395 ool-1-worker-159 | DEBUG | d.t.c.a.a.c.u.util.UserUtilService   : 2 students generated. Generate 1 tutors...
    23:46:35.843 | 395 ool-1-worker-159 | DEBUG | d.t.c.a.a.c.u.util.UserUtilService   : 1 tutors generated. Generate 1 editors...
    23:46:35.846 | 395 ool-1-worker-159 | DEBUG | d.t.c.a.a.c.u.util.UserUtilService   : 1 editors generated. Generate 1 instructors...
    23:46:35.848 | 395 ool-1-worker-159 | DEBUG | d.t.c.a.a.c.u.util.UserUtilService   : 1 instructors generated
    23:46:35.849 | 395 ool-1-worker-159 | DEBUG | d.t.c.a.a.c.u.util.UserUtilService   : Removing 5 users from all courses...
    23:46:35.850 | 395 ool-1-worker-159 | DEBUG | d.t.c.a.a.c.u.util.UserUtilService   : Removing 5 users from all courses. Done
    23:46:35.850 | 395 ool-1-worker-159 | DEBUG | d.t.c.a.a.c.u.util.UserUtilService   : Save 5 users to database...
    23:46:35.853 | 395 ool-1-worker-159 | DEBUG | d.t.c.a.a.c.u.util.UserUtilService   : Save 5 users to database. Done
    23:46:35.854 | 395 ool-1-worker-159 | INFO  | i.z.t.d.l.EmbeddedDatabaseReporter   : JDBC URL to connect to 'dataSource': url='jdbc:h2:tcp://localhost:41063/mem:df70fc46-7e57-4cb5-9cd0-c1d90c14afa7;USER=sa', scope='FileUploadExerciseIntegrationTest#getAllFileUploadExercisesForCourse_asInstructor'
    23:46:35.860 | 395 ool-1-worker-159 | DEBUG | d.t.c.a.a.c.s.f.ApiVersionFilter     : Adding Version to Request GET /api/courses/2028/file-upload-exercises
    23:46:35.861 | 395 ool-1-worker-159 | DEBUG | c.a.a.f.w.FileUploadExerciseResource : REST request to get all ProgrammingExercises for the course with id : 2028

  Starting logs for FileUploadExerciseIntegrationTest > updateFileUploadExerciseFails_InstructorNotInGroup()
    23:46:35.880 | 395 ool-1-worker-159 | DEBUG | d.t.c.a.a.c.u.util.UserUtilService   : Generate 2 students...
    23:46:35.884 | 395 ool-1-worker-159 | DEBUG | d.t.c.a.a.c.u.util.UserUtilService   : 2 students generated. Generate 1 tutors...
    23:46:35.887 | 395 ool-1-worker-159 | DEBUG | d.t.c.a.a.c.u.util.UserUtilService   : 1 tutors generated. Generate 1 editors...
    23:46:35.890 | 395 ool-1-worker-159 | DEBUG | d.t.c.a.a.c.u.util.UserUtilService   : 1 editors generated. Generate 1 instructors...
    23:46:35.893 | 395 ool-1-worker-159 | DEBUG | d.t.c.a.a.c.u.util.UserUtilService   : 1 instructors generated
    23:46:35.895 | 395 ool-1-worker-159 | DEBUG | d.t.c.a.a.c.u.util.UserUtilService   : Removing 5 users from all courses...
    23:46:35.895 | 395 ool-1-worker-159 | DEBUG | d.t.c.a.a.c.u.util.UserUtilService   : Removing 5 users from all courses. Done
    23:46:35.895 | 395 ool-1-worker-159 | DEBUG | d.t.c.a.a.c.u.util.UserUtilService   : Save 5 users to database...
    23:46:35.900 | 395 ool-1-worker-159 | DEBUG | d.t.c.a.a.c.u.util.UserUtilService   : Save 5 users to database. Done
    23:46:35.901 | 395 ool-1-worker-159 | INFO  | i.z.t.d.l.EmbeddedDatabaseReporter   : JDBC URL to connect to 'dataSource': url='jdbc:h2:tcp://localhost:41063/mem:df70fc46-7e57-4cb5-9cd0-c1d90c14afa7;USER=sa', scope='FileUploadExerciseIntegrationTest#updateFileUploadExerciseFails_InstructorNotInGroup'
    23:46:35.908 | 395 ool-1-worker-159 | DEBUG | d.t.c.a.a.c.s.f.ApiVersionFilter     : Adding Version to Request PUT /api/file-upload-exercises/2568
    23:46:35.909 | 395 ool-1-worker-159 | DEBUG | c.a.a.f.w.FileUploadExerciseResource : REST request to update FileUploadExercise : FileUploadExercise{id=2568}
    23:46:35.911 | 395 ool-1-worker-159 | WARN  | o.z.p.spring.common.AdviceTraits     : Forbidden: You are not allowed to access the Course with id 2030

  Starting logs for FileUploadExerciseIntegrationTest > testReEvaluateAndUpdateFileUploadExercise_notFound()
    23:46:35.927 | 395 ool-1-worker-159 | DEBUG | d.t.c.a.a.c.u.util.UserUtilService   : Generate 2 students...
    23:46:35.932 | 395 ool-1-worker-159 | DEBUG | d.t.c.a.a.c.u.util.UserUtilService   : 2 students generated. Generate 1 tutors...
    23:46:35.935 | 395 ool-1-worker-159 | DEBUG | d.t.c.a.a.c.u.util.UserUtilService   : 1 tutors generated. Generate 1 editors...
    23:46:35.937 | 395 ool-1-worker-159 | DEBUG | d.t.c.a.a.c.u.util.UserUtilService   : 1 editors generated. Generate 1 instructors...
    23:46:35.939 | 395 ool-1-worker-159 | DEBUG | d.t.c.a.a.c.u.util.UserUtilService   : 1 instructors generated
    23:46:35.940 | 395 ool-1-worker-159 | DEBUG | d.t.c.a.a.c.u.util.UserUtilService   : Removing 5 users from all courses...
    23:46:35.941 | 395 ool-1-worker-159 | DEBUG | d.t.c.a.a.c.u.util.UserUtilService   : Removing 5 users from all courses. Done
    23:46:35.941 | 395 ool-1-worker-159 | DEBUG | d.t.c.a.a.c.u.util.UserUtilService   : Save 5 users to database...
    23:46:35.944 | 395 ool-1-worker-159 | DEBUG | d.t.c.a.a.c.u.util.UserUtilService   : Save 5 users to database. Done
    23:46:35.945 | 395 ool-1-worker-159 | INFO  | i.z.t.d.l.EmbeddedDatabaseReporter   : JDBC URL to connect to 'dataSource': url='jdbc:h2:tcp://localhost:41063/mem:df70fc46-7e57-4cb5-9cd0-c1d90c14afa7;USER=sa', scope='FileUploadExerciseIntegrationTest#testReEvaluateAndUpdateFileUploadExercise_notFound'
    23:46:35.949 | 395 ool-1-worker-159 | DEBUG | d.t.c.a.a.c.s.f.ApiVersionFilter     : Adding Version to Request PUT /api/file-upload-exercises/123456789/re-evaluate
    23:46:35.950 | 395 ool-1-worker-159 | DEBUG | c.a.a.f.w.FileUploadExerciseResource : REST request to re-evaluate FileUploadExercise : FileUploadExercise{id=2571}
    23:46:35.951 | 395 ool-1-worker-159 | WARN  | o.z.p.spring.common.AdviceTraits     : Not Found: FileUploadExercise with identifier: "123456789" does not exist

  Starting logs for FileUploadExerciseIntegrationTest > testReEvaluateAndUpdateFileUploadExercise()
    23:46:35.962 | 395 ool-1-worker-159 | DEBUG | d.t.c.a.a.c.u.util.UserUtilService   : Generate 2 students...
    23:46:35.965 | 395 ool-1-worker-159 | DEBUG | d.t.c.a.a.c.u.util.UserUtilService   : 2 students generated. Generate 1 tutors...
    23:46:35.967 | 395 ool-1-worker-159 | DEBUG | d.t.c.a.a.c.u.util.UserUtilService   : 1 tutors generated. Generate 1 editors...
    23:46:35.970 | 395 ool-1-worker-159 | DEBUG | d.t.c.a.a.c.u.util.UserUtilService   : 1 editors generated. Generate 1 instructors...
    23:46:35.972 | 395 ool-1-worker-159 | DEBUG | d.t.c.a.a.c.u.util.UserUtilService   : 1 instructors generated
    23:46:35.973 | 395 ool-1-worker-159 | DEBUG | d.t.c.a.a.c.u.util.UserUtilService   : Removing 5 users from all courses...
    23:46:35.974 | 395 ool-1-worker-159 | DEBUG | d.t.c.a.a.c.u.util.UserUtilService   : Removing 5 users from all courses. Done
    23:46:35.974 | 395 ool-1-worker-159 | DEBUG | d.t.c.a.a.c.u.util.UserUtilService   : Save 5 users to database...
    23:46:35.977 | 395 ool-1-worker-159 | DEBUG | d.t.c.a.a.c.u.util.UserUtilService   : Save 5 users to database. Done
    23:46:35.978 | 395 ool-1-worker-159 | INFO  | i.z.t.d.l.EmbeddedDatabaseReporter   : JDBC URL to connect to 'dataSource': url='jdbc:h2:tcp://localhost:41063/mem:df70fc46-7e57-4cb5-9cd0-c1d90c14afa7;USER=sa', scope='FileUploadExerciseIntegrationTest#testReEvaluateAndUpdateFileUploadExercise'
    23:46:35.991 | 395 ool-1-worker-159 | DEBUG | .c.s.m.InstanceMessageReceiveService : Received schedule participant score for exercise 2574 and participant 552 (result to be deleted: null)
    23:46:35.991 | 395 ool-1-worker-159 | DEBUG | .a.s.ParticipantScoreScheduleService : Scheduled task for exercise 2574 and participant 552 at 2025-02-14T23:46:36.091711318Z[Etc/UTC].
    23:46:35.997 | 395 ool-1-worker-159 | DEBUG | .c.s.m.InstanceMessageReceiveService : Received schedule participant score for exercise 2574 and participant 552 (result to be deleted: null)
    23:46:35.998 | 395 ool-1-worker-159 | DEBUG | .a.s.ParticipantScoreScheduleService : Scheduled task for exercise 2574 and participant 552 at 2025-02-14T23:46:36.097999205Z[Etc/UTC].
    23:46:36.004 | 395 ool-1-worker-159 | DEBUG | .c.s.m.InstanceMessageReceiveService : Received schedule participant score for exercise 2574 and participant 552 (result to be deleted: null)
    23:46:36.004 | 395 ool-1-worker-159 | DEBUG | .a.s.ParticipantScoreScheduleService : Scheduled task for exercise 2574 and participant 552 at 2025-02-14T23:46:36.104952681Z[Etc/UTC].
    23:46:36.011 | 395 ool-1-worker-159 | DEBUG | .c.s.m.InstanceMessageReceiveService : Received schedule participant score for exercise 2574 and participant 552 (result to be deleted: null)
    23:46:36.011 | 395 ool-1-worker-159 | DEBUG | .a.s.ParticipantScoreScheduleService : Scheduled task for exercise 2574 and participant 552 at 2025-02-14T23:46:36.111152392Z[Etc/UTC].
    23:46:36.013 | 395 ool-1-worker-159 | DEBUG | d.t.c.a.a.c.s.f.ApiVersionFilter     : Adding Version to Request PUT /api/file-upload-exercises/2574/re-evaluate
    23:46:36.014 | 395 ool-1-worker-159 | DEBUG | c.a.a.f.w.FileUploadExerciseResource : REST request to re-evaluate FileUploadExercise : FileUploadExercise{id=2574}
    23:46:36.028 | 395 ool-1-worker-159 | DEBUG | .c.s.m.InstanceMessageReceiveService : Received schedule participant score for exercise 2574 and participant 552 (result to be deleted: null)
    23:46:36.029 | 395 ool-1-worker-159 | DEBUG | .a.s.ParticipantScoreScheduleService : Scheduled task for exercise 2574 and participant 552 at 2025-02-14T23:46:36.129020906Z[Etc/UTC].
    23:46:36.029 | 395 ool-1-worker-159 | DEBUG | c.a.a.f.w.FileUploadExerciseResource : REST request to update FileUploadExercise : FileUploadExercise{id=2574}
    23:46:36.038 | 395 ool-1-worker-159 | INFO  | d.t.c.a.a.e.service.ExerciseService  : User fileuploaderxerciseinstructor1 has updated FileUploadExercise released with id 2574

  Starting logs for FileUploadExerciseIntegrationTest > getExamFileUploadExercise_InstructorNotInGroup()
    23:46:36.058 | 395 ool-1-worker-159 | DEBUG | d.t.c.a.a.c.u.util.UserUtilService   : Generate 2 students...
    23:46:36.062 | 395 ool-1-worker-159 | DEBUG | d.t.c.a.a.c.u.util.UserUtilService   : 2 students generated. Generate 1 tutors...
    23:46:36.064 | 395 ool-1-worker-159 | DEBUG | d.t.c.a.a.c.u.util.UserUtilService   : 1 tutors generated. Generate 1 editors...
    23:46:36.067 | 395 ool-1-worker-159 | DEBUG | d.t.c.a.a.c.u.util.UserUtilService   : 1 editors generated. Generate 1 instructors...
    23:46:36.070 | 395 ool-1-worker-159 | DEBUG | d.t.c.a.a.c.u.util.UserUtilService   : 1 instructors generated
    23:46:36.071 | 395 ool-1-worker-159 | DEBUG | d.t.c.a.a.c.u.util.UserUtilService   : Removing 5 users from all courses...
    23:46:36.072 | 395 ool-1-worker-159 | DEBUG | d.t.c.a.a.c.u.util.UserUtilService   : Removing 5 users from all courses. Done
    23:46:36.072 | 395 ool-1-worker-159 | DEBUG | d.t.c.a.a.c.u.util.UserUtilService   : Save 5 users to database...
    23:46:36.076 | 395 ool-1-worker-159 | DEBUG | d.t.c.a.a.c.u.util.UserUtilService   : Save 5 users to database. Done
    23:46:36.077 | 395 ool-1-worker-159 | INFO  | i.z.t.d.l.EmbeddedDatabaseReporter   : JDBC URL to connect to 'dataSource': url='jdbc:h2:tcp://localhost:41063/mem:df70fc46-7e57-4cb5-9cd0-c1d90c14afa7;USER=sa', scope='FileUploadExerciseIntegrationTest#getExamFileUploadExercise_InstructorNotInGroup'
    23:46:36.084 | 395 ool-1-worker-159 | DEBUG | d.t.c.a.a.c.s.f.ApiVersionFilter     : Adding Version to Request GET /api/file-upload-exercises/2577
    23:46:36.084 | 395 ool-1-worker-159 | DEBUG | c.a.a.f.w.FileUploadExerciseResource : REST request to get FileUploadExercise : 2577
    23:46:36.087 | 395 ool-1-worker-159 | WARN  | o.z.p.spring.common.AdviceTraits     : Forbidden: You are not allowed to access the Course with id 2036
    23:46:36.088 | 395 ool-1-worker-159 | DEBUG | d.t.c.a.a.c.s.f.ApiVersionFilter     : Adding Version to Request GET /api/file-upload-exercises/2578
    23:46:36.089 | 395 ool-1-worker-159 | DEBUG | c.a.a.f.w.FileUploadExerciseResource : REST request to get FileUploadExercise : 2578
    23:46:36.091 | 395 ool-1-worker-159 | WARN  | o.z.p.spring.common.AdviceTraits     : Forbidden: You are not allowed to access the Course with id 2036
    23:46:36.092 | 395 ool-1-worker-159 | DEBUG | d.t.c.a.a.c.s.f.ApiVersionFilter     : Adding Version to Request GET /api/file-upload-exercises/2579
    23:46:36.093 | 395 ool-1-worker-159 | DEBUG | c.a.a.f.w.FileUploadExerciseResource : REST request to get FileUploadExercise : 2579
    23:46:36.095 | 395 ool-1-worker-159 | WARN  | o.z.p.spring.common.AdviceTraits     : Forbidden: You are not allowed to access the Course with id 2036

  Starting logs for FileUploadExerciseIntegrationTest > createFileUploadExercise_setBothCourseAndExerciseGroupOrNeither_badRequest()
    23:46:36.109 | 395 ool-1-worker-159 | DEBUG | d.t.c.a.a.c.u.util.UserUtilService   : Generate 2 students...
    23:46:36.112 | 395 ool-1-worker-159 | DEBUG | d.t.c.a.a.c.u.util.UserUtilService   : 2 students generated. Generate 1 tutors...
    23:46:36.115 | 395 ool-1-worker-159 | DEBUG | d.t.c.a.a.c.u.util.UserUtilService   : 1 tutors generated. Generate 1 editors...
    23:46:36.118 | 395 ool-1-worker-159 | DEBUG | d.t.c.a.a.c.u.util.UserUtilService   : 1 editors generated. Generate 1 instructors...
    23:46:36.120 | 395 ool-1-worker-159 | DEBUG | d.t.c.a.a.c.u.util.UserUtilService   : 1 instructors generated
    23:46:36.122 | 395 ool-1-worker-159 | DEBUG | d.t.c.a.a.c.u.util.UserUtilService   : Removing 5 users from all courses...
    23:46:36.123 | 395 ool-1-worker-159 | DEBUG | d.t.c.a.a.c.u.util.UserUtilService   : Removing 5 users from all courses. Done
    23:46:36.123 | 395 ool-1-worker-159 | DEBUG | d.t.c.a.a.c.u.util.UserUtilService   : Save 5 users to database...
    23:46:36.127 | 395 ool-1-worker-159 | DEBUG | d.t.c.a.a.c.u.util.UserUtilService   : Save 5 users to database. Done
    23:46:36.129 | 395 ool-1-worker-159 | INFO  | i.z.t.d.l.EmbeddedDatabaseReporter   : JDBC URL to connect to 'dataSource': url='jdbc:h2:tcp://localhost:41063/mem:df70fc46-7e57-4cb5-9cd0-c1d90c14afa7;USER=sa', scope='FileUploadExerciseIntegrationTest#createFileUploadExercise_setBothCourseAndExerciseGroupOrNeither_badRequest'
    23:46:36.132 | 395 ool-1-worker-159 | DEBUG | d.t.c.a.a.c.s.f.ApiVersionFilter     : Adding Version to Request POST /api/file-upload-exercises
    23:46:36.133 | 395 ool-1-worker-159 | DEBUG | c.a.a.f.w.FileUploadExerciseResource : REST request to save FileUploadExercise : FileUploadExercise{id=null}
    23:46:36.133 | 395 ool-1-worker-159 | ERROR | tech.jhipster.web.util.HeaderUtil    : Entity processing failed, An exercise must have either a course or an exerciseGroup
    23:46:36.133 | 395 ool-1-worker-159 | WARN  | o.z.p.spring.common.AdviceTraits     : Bad Request: An exercise must have either a course or an exerciseGroup
    23:46:36.134 | 395 ool-1-worker-159 | DEBUG | d.t.c.a.a.c.s.f.ApiVersionFilter     : Adding Version to Request POST /api/file-upload-exercises
    23:46:36.135 | 395 ool-1-worker-159 | DEBUG | c.a.a.f.w.FileUploadExerciseResource : REST request to save FileUploadExercise : FileUploadExercise{id=null}
    23:46:36.135 | 395 ool-1-worker-159 | ERROR | tech.jhipster.web.util.HeaderUtil    : Entity processing failed, An exercise must have either a course or an exerciseGroup
    23:46:36.135 | 395 ool-1-worker-159 | WARN  | o.z.p.spring.common.AdviceTraits     : Bad Request: An exercise must have either a course or an exerciseGroup

  Starting logs for FileUploadExerciseIntegrationTest > createFileUploadExercise_InvalidInstructor()
    23:46:36.146 | 395 ool-1-worker-159 | DEBUG | d.t.c.a.a.c.u.util.UserUtilService   : Generate 2 students...
    23:46:36.150 | 395 ool-1-worker-159 | DEBUG | d.t.c.a.a.c.u.util.UserUtilService   : 2 students generated. Generate 1 tutors...
    23:46:36.153 | 395 ool-1-worker-159 | DEBUG | d.t.c.a.a.c.u.util.UserUtilService   : 1 tutors generated. Generate 1 editors...
    23:46:36.155 | 395 ool-1-worker-159 | DEBUG | d.t.c.a.a.c.u.util.UserUtilService   : 1 editors generated. Generate 1 instructors...
    23:46:36.158 | 395 ool-1-worker-159 | DEBUG | d.t.c.a.a.c.u.util.UserUtilService   : 1 instructors generated
    23:46:36.160 | 395 ool-1-worker-159 | DEBUG | d.t.c.a.a.c.u.util.UserUtilService   : Removing 5 users from all courses...
    23:46:36.161 | 395 ool-1-worker-159 | DEBUG | d.t.c.a.a.c.u.util.UserUtilService   : Removing 5 users from all courses. Done
    23:46:36.161 | 395 ool-1-worker-159 | DEBUG | d.t.c.a.a.c.u.util.UserUtilService   : Save 5 users to database...
    23:46:36.165 | 395 ool-1-worker-159 | DEBUG | d.t.c.a.a.c.u.util.UserUtilService   : Save 5 users to database. Done
    23:46:36.166 | 395 ool-1-worker-159 | INFO  | i.z.t.d.l.EmbeddedDatabaseReporter   : JDBC URL to connect to 'dataSource': url='jdbc:h2:tcp://localhost:41063/mem:df70fc46-7e57-4cb5-9cd0-c1d90c14afa7;USER=sa', scope='FileUploadExerciseIntegrationTest#createFileUploadExercise_InvalidInstructor'
    23:46:36.172 | 395 ool-1-worker-159 | DEBUG | d.t.c.a.a.c.s.f.ApiVersionFilter     : Adding Version to Request POST /api/file-upload-exercises
    23:46:36.173 | 395 ool-1-worker-159 | DEBUG | c.a.a.f.w.FileUploadExerciseResource : REST request to save FileUploadExercise : FileUploadExercise{id=null}
    23:46:36.175 | 395 ool-1-worker-159 | WARN  | o.z.p.spring.common.AdviceTraits     : Forbidden: You are not allowed to access the Course with id 2039

  Starting logs for FileUploadExerciseIntegrationTest > createFileUploadExerciseForExam_invalidExercise_dates(InvalidExamExerciseDateConfiguration) [1] invalidDates=InvalidExamExerciseDateConfiguration[releaseDate=2025-02-15T00:46:36.183586540Z[Etc/UTC], dueDate=2025-02-15T01:46:36.183586540Z[Etc/UTC], assessmentDueDate=2025-02-15T02:46:36.183586540Z[Etc/UTC], exampleSolutionPublicationDate=null]
    23:46:36.190 | 395 ool-1-worker-159 | DEBUG | d.t.c.a.a.c.u.util.UserUtilService   : Generate 2 students...
    23:46:36.195 | 395 ool-1-worker-159 | DEBUG | d.t.c.a.a.c.u.util.UserUtilService   : 2 students generated. Generate 1 tutors...
    23:46:36.197 | 395 ool-1-worker-159 | DEBUG | d.t.c.a.a.c.u.util.UserUtilService   : 1 tutors generated. Generate 1 editors...
    23:46:36.200 | 395 ool-1-worker-159 | DEBUG | d.t.c.a.a.c.u.util.UserUtilService   : 1 editors generated. Generate 1 instructors...
    23:46:36.202 | 395 ool-1-worker-159 | DEBUG | d.t.c.a.a.c.u.util.UserUtilService   : 1 instructors generated
    23:46:36.204 | 395 ool-1-worker-159 | DEBUG | d.t.c.a.a.c.u.util.UserUtilService   : Removing 5 users from all courses...
    23:46:36.205 | 395 ool-1-worker-159 | DEBUG | d.t.c.a.a.c.u.util.UserUtilService   : Removing 5 users from all courses. Done
    23:46:36.205 | 395 ool-1-worker-159 | DEBUG | d.t.c.a.a.c.u.util.UserUtilService   : Save 5 users to database...
    23:46:36.209 | 395 ool-1-worker-159 | DEBUG | d.t.c.a.a.c.u.util.UserUtilService   : Save 5 users to database. Done
    23:46:36.210 | 395 ool-1-worker-159 | INFO  | i.z.t.d.l.EmbeddedDatabaseReporter   : JDBC URL to connect to 'dataSource': url='jdbc:h2:tcp://localhost:41063/mem:df70fc46-7e57-4cb5-9cd0-c1d90c14afa7;USER=sa', scope='FileUploadExerciseIntegrationTest#createFileUploadExerciseForExam_invalidExercise_dates'
    23:46:36.214 | 395 ool-1-worker-159 | DEBUG | d.t.c.a.a.c.s.f.ApiVersionFilter     : Adding Version to Request POST /api/file-upload-exercises
    23:46:36.214 | 395 ool-1-worker-159 | DEBUG | c.a.a.f.w.FileUploadExerciseResource : REST request to save FileUploadExercise : FileUploadExercise{id=null}
    23:46:36.215 | 395 ool-1-worker-159 | ERROR | tech.jhipster.web.util.HeaderUtil    : Entity processing failed, An exam exercise may not have any dates set!
    23:46:36.215 | 395 ool-1-worker-159 | WARN  | o.z.p.spring.common.AdviceTraits     : Bad Request: An exam exercise may not have any dates set!

  Starting logs for FileUploadExerciseIntegrationTest > createFileUploadExerciseForExam_invalidExercise_dates(InvalidExamExerciseDateConfiguration) [2] invalidDates=InvalidExamExerciseDateConfiguration[releaseDate=2025-02-15T00:46:36.183586540Z[Etc/UTC], dueDate=null, assessmentDueDate=null, exampleSolutionPublicationDate=null]
    23:46:36.234 | 395 ool-1-worker-159 | DEBUG | d.t.c.a.a.c.u.util.UserUtilService   : Generate 2 students...
    23:46:36.239 | 395 ool-1-worker-159 | DEBUG | d.t.c.a.a.c.u.util.UserUtilService   : 2 students generated. Generate 1 tutors...
    23:46:36.242 | 395 ool-1-worker-159 | DEBUG | d.t.c.a.a.c.u.util.UserUtilService   : 1 tutors generated. Generate 1 editors...
    23:46:36.244 | 395 ool-1-worker-159 | DEBUG | d.t.c.a.a.c.u.util.UserUtilService   : 1 editors generated. Generate 1 instructors...
    23:46:36.247 | 395 ool-1-worker-159 | DEBUG | d.t.c.a.a.c.u.util.UserUtilService   : 1 instructors generated
    23:46:36.249 | 395 ool-1-worker-159 | DEBUG | d.t.c.a.a.c.u.util.UserUtilService   : Removing 5 users from all courses...
    23:46:36.250 | 395 ool-1-worker-159 | DEBUG | d.t.c.a.a.c.u.util.UserUtilService   : Removing 5 users from all courses. Done
    23:46:36.250 | 395 ool-1-worker-159 | DEBUG | d.t.c.a.a.c.u.util.UserUtilService   : Save 5 users to database...
    23:46:36.254 | 395 ool-1-worker-159 | DEBUG | d.t.c.a.a.c.u.util.UserUtilService   : Save 5 users to database. Done
    23:46:36.255 | 395 ool-1-worker-159 | INFO  | i.z.t.d.l.EmbeddedDatabaseReporter   : JDBC URL to connect to 'dataSource': url='jdbc:h2:tcp://localhost:41063/mem:df70fc46-7e57-4cb5-9cd0-c1d90c14afa7;USER=sa', scope='FileUploadExerciseIntegrationTest#createFileUploadExerciseForExam_invalidExercise_dates'
    23:46:36.258 | 395 ool-1-worker-159 | DEBUG | d.t.c.a.a.c.s.f.ApiVersionFilter     : Adding Version to Request POST /api/file-upload-exercises
    23:46:36.259 | 395 ool-1-worker-159 | DEBUG | c.a.a.f.w.FileUploadExerciseResource : REST request to save FileUploadExercise : FileUploadExercise{id=null}
    23:46:36.260 | 395 ool-1-worker-159 | ERROR | tech.jhipster.web.util.HeaderUtil    : Entity processing failed, An exam exercise may not have any dates set!
    23:46:36.260 | 395 ool-1-worker-159 | WARN  | o.z.p.spring.common.AdviceTraits     : Bad Request: An exam exercise may not have any dates set!

  Starting logs for FileUploadExerciseIntegrationTest > createFileUploadExerciseForExam_invalidExercise_dates(InvalidExamExerciseDateConfiguration) [3] invalidDates=InvalidExamExerciseDateConfiguration[releaseDate=null, dueDate=2025-02-15T01:46:36.183586540Z[Etc/UTC], assessmentDueDate=null, exampleSolutionPublicationDate=null]
    23:46:36.272 | 395 ool-1-worker-159 | DEBUG | d.t.c.a.a.c.u.util.UserUtilService   : Generate 2 students...
    23:46:36.277 | 395 ool-1-worker-159 | DEBUG | d.t.c.a.a.c.u.util.UserUtilService   : 2 students generated. Generate 1 tutors...
    23:46:36.279 | 395 ool-1-worker-159 | DEBUG | d.t.c.a.a.c.u.util.UserUtilService   : 1 tutors generated. Generate 1 editors...
    23:46:36.282 | 395 ool-1-worker-159 | DEBUG | d.t.c.a.a.c.u.util.UserUtilService   : 1 editors generated. Generate 1 instructors...
    23:46:36.285 | 395 ool-1-worker-159 | DEBUG | d.t.c.a.a.c.u.util.UserUtilService   : 1 instructors generated
    23:46:36.287 | 395 ool-1-worker-159 | DEBUG | d.t.c.a.a.c.u.util.UserUtilService   : Removing 5 users from all courses...
    23:46:36.287 | 395 ool-1-worker-159 | DEBUG | d.t.c.a.a.c.u.util.UserUtilService   : Removing 5 users from all courses. Done
    23:46:36.287 | 395 ool-1-worker-159 | DEBUG | d.t.c.a.a.c.u.util.UserUtilService   : Save 5 users to database...
    23:46:36.291 | 395 ool-1-worker-159 | DEBUG | d.t.c.a.a.c.u.util.UserUtilService   : Save 5 users to database. Done
    23:46:36.293 | 395 ool-1-worker-159 | INFO  | i.z.t.d.l.EmbeddedDatabaseReporter   : JDBC URL to connect to 'dataSource': url='jdbc:h2:tcp://localhost:41063/mem:df70fc46-7e57-4cb5-9cd0-c1d90c14afa7;USER=sa', scope='FileUploadExerciseIntegrationTest#createFileUploadExerciseForExam_invalidExercise_dates'
    23:46:36.296 | 395 ool-1-worker-159 | DEBUG | d.t.c.a.a.c.s.f.ApiVersionFilter     : Adding Version to Request POST /api/file-upload-exercises
    23:46:36.297 | 395 ool-1-worker-159 | DEBUG | c.a.a.f.w.FileUploadExerciseResource : REST request to save FileUploadExercise : FileUploadExercise{id=null}
    23:46:36.297 | 395 ool-1-worker-159 | ERROR | tech.jhipster.web.util.HeaderUtil    : Entity processing failed, An exam exercise may not have any dates set!
    23:46:36.297 | 395 ool-1-worker-159 | WARN  | o.z.p.spring.common.AdviceTraits     : Bad Request: An exam exercise may not have any dates set!

  Starting logs for FileUploadExerciseIntegrationTest > createFileUploadExerciseForExam_invalidExercise_dates(InvalidExamExerciseDateConfiguration) [4] invalidDates=InvalidExamExerciseDateConfiguration[releaseDate=null, dueDate=null, assessmentDueDate=2025-02-15T02:46:36.183586540Z[Etc/UTC], exampleSolutionPublicationDate=null]
    23:46:36.312 | 395 ool-1-worker-159 | DEBUG | d.t.c.a.a.c.u.util.UserUtilService   : Generate 2 students...
    23:46:36.318 | 395 ool-1-worker-159 | DEBUG | d.t.c.a.a.c.u.util.UserUtilService   : 2 students generated. Generate 1 tutors...
    23:46:36.320 | 395 ool-1-worker-159 | DEBUG | d.t.c.a.a.c.u.util.UserUtilService   : 1 tutors generated. Generate 1 editors...
    23:46:36.323 | 395 ool-1-worker-159 | DEBUG | d.t.c.a.a.c.u.util.UserUtilService   : 1 editors generated. Generate 1 instructors...
    23:46:36.326 | 395 ool-1-worker-159 | DEBUG | d.t.c.a.a.c.u.util.UserUtilService   : 1 instructors generated
    23:46:36.328 | 395 ool-1-worker-159 | DEBUG | d.t.c.a.a.c.u.util.UserUtilService   : Removing 5 users from all courses...
    23:46:36.328 | 395 ool-1-worker-159 | DEBUG | d.t.c.a.a.c.u.util.UserUtilService   : Removing 5 users from all courses. Done
    23:46:36.329 | 395 ool-1-worker-159 | DEBUG | d.t.c.a.a.c.u.util.UserUtilService   : Save 5 users to database...
    23:46:36.332 | 395 ool-1-worker-159 | DEBUG | d.t.c.a.a.c.u.util.UserUtilService   : Save 5 users to database. Done
    23:46:36.334 | 395 ool-1-worker-159 | INFO  | i.z.t.d.l.EmbeddedDatabaseReporter   : JDBC URL to connect to 'dataSource': url='jdbc:h2:tcp://localhost:41063/mem:df70fc46-7e57-4cb5-9cd0-c1d90c14afa7;USER=sa', scope='FileUploadExerciseIntegrationTest#createFileUploadExerciseForExam_invalidExercise_dates'
    23:46:36.338 | 395 ool-1-worker-159 | DEBUG | d.t.c.a.a.c.s.f.ApiVersionFilter     : Adding Version to Request POST /api/file-upload-exercises
    23:46:36.338 | 395 ool-1-worker-159 | DEBUG | c.a.a.f.w.FileUploadExerciseResource : REST request to save FileUploadExercise : FileUploadExercise{id=null}
    23:46:36.339 | 395 ool-1-worker-159 | ERROR | tech.jhipster.web.util.HeaderUtil    : Entity processing failed, An exam exercise may not have any dates set!
    23:46:36.339 | 395 ool-1-worker-159 | WARN  | o.z.p.spring.common.AdviceTraits     : Bad Request: An exam exercise may not have any dates set!

  Starting logs for FileUploadExerciseIntegrationTest > createFileUploadExerciseForExam_invalidExercise_dates(InvalidExamExerciseDateConfiguration) [5] invalidDates=InvalidExamExerciseDateConfiguration[releaseDate=null, dueDate=null, assessmentDueDate=null, exampleSolutionPublicationDate=2025-02-14T23:46:36.183588834Z[Etc/UTC]]
    23:46:36.353 | 395 ool-1-worker-159 | DEBUG | d.t.c.a.a.c.u.util.UserUtilService   : Generate 2 students...
    23:46:36.357 | 395 ool-1-worker-159 | DEBUG | d.t.c.a.a.c.u.util.UserUtilService   : 2 students generated. Generate 1 tutors...
    23:46:36.360 | 395 ool-1-worker-159 | DEBUG | d.t.c.a.a.c.u.util.UserUtilService   : 1 tutors generated. Generate 1 editors...
    23:46:36.362 | 395 ool-1-worker-159 | DEBUG | d.t.c.a.a.c.u.util.UserUtilService   : 1 editors generated. Generate 1 instructors...
    23:46:36.365 | 395 ool-1-worker-159 | DEBUG | d.t.c.a.a.c.u.util.UserUtilService   : 1 instructors generated
    23:46:36.367 | 395 ool-1-worker-159 | DEBUG | d.t.c.a.a.c.u.util.UserUtilService   : Removing 5 users from all courses...
    23:46:36.368 | 395 ool-1-worker-159 | DEBUG | d.t.c.a.a.c.u.util.UserUtilService   : Removing 5 users from all courses. Done
    23:46:36.368 | 395 ool-1-worker-159 | DEBUG | d.t.c.a.a.c.u.util.UserUtilService   : Save 5 users to database...
    23:46:36.372 | 395 ool-1-worker-159 | DEBUG | d.t.c.a.a.c.u.util.UserUtilService   : Save 5 users to database. Done
    23:46:36.373 | 395 ool-1-worker-159 | INFO  | i.z.t.d.l.EmbeddedDatabaseReporter   : JDBC URL to connect to 'dataSource': url='jdbc:h2:tcp://localhost:41063/mem:df70fc46-7e57-4cb5-9cd0-c1d90c14afa7;USER=sa', scope='FileUploadExerciseIntegrationTest#createFileUploadExerciseForExam_invalidExercise_dates'
    23:46:36.377 | 395 ool-1-worker-159 | DEBUG | d.t.c.a.a.c.s.f.ApiVersionFilter     : Adding Version to Request POST /api/file-upload-exercises
    23:46:36.378 | 395 ool-1-worker-159 | DEBUG | c.a.a.f.w.FileUploadExerciseResource : REST request to save FileUploadExercise : FileUploadExercise{id=null}
    23:46:36.379 | 395 ool-1-worker-159 | ERROR | tech.jhipster.web.util.HeaderUtil    : Entity processing failed, An exam exercise may not have any dates set!
    23:46:36.379 | 395 ool-1-worker-159 | WARN  | o.z.p.spring.common.AdviceTraits     : Bad Request: An exam exercise may not have any dates set!

  Starting logs for FileUploadExerciseIntegrationTest > updateFileUploadExerciseForExam_asInstructor()
    23:46:36.392 | 395 ool-1-worker-159 | DEBUG | d.t.c.a.a.c.u.util.UserUtilService   : Generate 2 students...
    23:46:36.396 | 395 ool-1-worker-159 | DEBUG | d.t.c.a.a.c.u.util.UserUtilService   : 2 students generated. Generate 1 tutors...
    23:46:36.398 | 395 ool-1-worker-159 | DEBUG | d.t.c.a.a.c.u.util.UserUtilService   : 1 tutors generated. Generate 1 editors...
    23:46:36.401 | 395 ool-1-worker-159 | DEBUG | d.t.c.a.a.c.u.util.UserUtilService   : 1 editors generated. Generate 1 instructors...
    23:46:36.404 | 395 ool-1-worker-159 | DEBUG | d.t.c.a.a.c.u.util.UserUtilService   : 1 instructors generated
    23:46:36.406 | 395 ool-1-worker-159 | DEBUG | d.t.c.a.a.c.u.util.UserUtilService   : Removing 5 users from all courses...
    23:46:36.407 | 395 ool-1-worker-159 | DEBUG | d.t.c.a.a.c.u.util.UserUtilService   : Removing 5 users from all courses. Done
    23:46:36.407 | 395 ool-1-worker-159 | DEBUG | d.t.c.a.a.c.u.util.UserUtilService   : Save 5 users to database...
    23:46:36.411 | 395 ool-1-worker-159 | DEBUG | d.t.c.a.a.c.u.util.UserUtilService   : Save 5 users to database. Done
    23:46:36.412 | 395 ool-1-worker-159 | INFO  | i.z.t.d.l.EmbeddedDatabaseReporter   : JDBC URL to connect to 'dataSource': url='jdbc:h2:tcp://localhost:41063/mem:df70fc46-7e57-4cb5-9cd0-c1d90c14afa7;USER=sa', scope='FileUploadExerciseIntegrationTest#updateFileUploadExerciseForExam_asInstructor'
    23:46:36.418 | 395 ool-1-worker-159 | DEBUG | d.t.c.a.a.c.s.f.ApiVersionFilter     : Adding Version to Request PUT /api/file-upload-exercises/2580
    23:46:36.419 | 395 ool-1-worker-159 | DEBUG | c.a.a.f.w.FileUploadExerciseResource : REST request to update FileUploadExercise : FileUploadExercise{id=2580}
    23:46:36.427 | 395 ool-1-worker-159 | INFO  | .c.a.a.c.s.TitleCacheEvictionService : Evicted entry '2580' from title cache 'exerciseTitle'
    23:46:36.428 | 395 ool-1-worker-159 | INFO  | d.t.c.a.a.e.service.ExerciseService  : User fileuploaderxerciseinstructor1 has updated FileUploadExercise New file upload exercise title with id 2580

  Starting logs for FileUploadExerciseIntegrationTest > getExamFileUploadExercise_asStudent_forbidden()
    23:46:36.444 | 395 ool-1-worker-159 | DEBUG | d.t.c.a.a.c.u.util.UserUtilService   : Generate 2 students...
    23:46:36.448 | 395 ool-1-worker-159 | DEBUG | d.t.c.a.a.c.u.util.UserUtilService   : 2 students generated. Generate 1 tutors...
    23:46:36.451 | 395 ool-1-worker-159 | DEBUG | d.t.c.a.a.c.u.util.UserUtilService   : 1 tutors generated. Generate 1 editors...
    23:46:36.454 | 395 ool-1-worker-159 | DEBUG | d.t.c.a.a.c.u.util.UserUtilService   : 1 editors generated. Generate 1 instructors...
    23:46:36.456 | 395 ool-1-worker-159 | DEBUG | d.t.c.a.a.c.u.util.UserUtilService   : 1 instructors generated
    23:46:36.458 | 395 ool-1-worker-159 | DEBUG | d.t.c.a.a.c.u.util.UserUtilService   : Removing 5 users from all courses...
    23:46:36.459 | 395 ool-1-worker-159 | DEBUG | d.t.c.a.a.c.u.util.UserUtilService   : Removing 5 users from all courses. Done
    23:46:36.459 | 395 ool-1-worker-159 | DEBUG | d.t.c.a.a.c.u.util.UserUtilService   : Save 5 users to database...
    23:46:36.463 | 395 ool-1-worker-159 | DEBUG | d.t.c.a.a.c.u.util.UserUtilService   : Save 5 users to database. Done
    23:46:36.464 | 395 ool-1-worker-159 | INFO  | i.z.t.d.l.EmbeddedDatabaseReporter   : JDBC URL to connect to 'dataSource': url='jdbc:h2:tcp://localhost:41063/mem:df70fc46-7e57-4cb5-9cd0-c1d90c14afa7;USER=sa', scope='FileUploadExerciseIntegrationTest#getExamFileUploadExercise_asStudent_forbidden'
    23:46:36.469 | 395 ool-1-worker-159 | DEBUG | d.t.c.a.a.c.s.f.ApiVersionFilter     : Adding Version to Request GET /api/file-upload-exercises/2581
    23:46:36.470 | 395 ool-1-worker-159 | WARN  | o.z.p.spring.common.AdviceTraits     : Forbidden: Access Denied

  Starting logs for FileUploadExerciseIntegrationTest > testDeleteFileUploadExerciseWithCompetency()
    23:46:36.485 | 395 ool-1-worker-159 | DEBUG | d.t.c.a.a.c.u.util.UserUtilService   : Generate 2 students...
    23:46:36.489 | 395 ool-1-worker-159 | DEBUG | d.t.c.a.a.c.u.util.UserUtilService   : 2 students generated. Generate 1 tutors...
    23:46:36.492 | 395 ool-1-worker-159 | DEBUG | d.t.c.a.a.c.u.util.UserUtilService   : 1 tutors generated. Generate 1 editors...
    23:46:36.494 | 395 ool-1-worker-159 | DEBUG | d.t.c.a.a.c.u.util.UserUtilService   : 1 editors generated. Generate 1 instructors...
    23:46:36.497 | 395 ool-1-worker-159 | DEBUG | d.t.c.a.a.c.u.util.UserUtilService   : 1 instructors generated
    23:46:36.499 | 395 ool-1-worker-159 | DEBUG | d.t.c.a.a.c.u.util.UserUtilService   : Removing 5 users from all courses...
    23:46:36.500 | 395 ool-1-worker-159 | DEBUG | d.t.c.a.a.c.u.util.UserUtilService   : Removing 5 users from all courses. Done
    23:46:36.500 | 395 ool-1-worker-159 | DEBUG | d.t.c.a.a.c.u.util.UserUtilService   : Save 5 users to database...
    23:46:36.504 | 395 ool-1-worker-159 | DEBUG | d.t.c.a.a.c.u.util.UserUtilService   : Save 5 users to database. Done
    23:46:36.505 | 395 ool-1-worker-159 | INFO  | i.z.t.d.l.EmbeddedDatabaseReporter   : JDBC URL to connect to 'dataSource': url='jdbc:h2:tcp://localhost:41063/mem:df70fc46-7e57-4cb5-9cd0-c1d90c14afa7;USER=sa', scope='FileUploadExerciseIntegrationTest#testDeleteFileUploadExerciseWithCompetency'
    23:46:36.509 | 395 ool-1-worker-159 | DEBUG | d.t.c.a.a.c.s.f.ApiVersionFilter     : Adding Version to Request DELETE /api/file-upload-exercises/2582
    23:46:36.510 | 395 ool-1-worker-159 | INFO  | c.a.a.f.w.FileUploadExerciseResource : REST request to delete FileUploadExercise : 2582
    23:46:36.511 | 395 ool-1-worker-159 | INFO  | d.t.c.a.a.e.service.ExerciseService  : User fileuploaderxerciseinstructor1 has requested to delete FileUploadExercise released with id 2582
    23:46:36.512 | 395 ool-1-worker-159 | INFO  | .t.c.a.a.e.s.ExerciseDeletionService : Request to delete FileUploadExercise with id 2582
    23:46:36.513 | 395 ool-1-worker-159 | INFO  | .t.c.a.a.e.s.ExerciseDeletionService : Deleting the channel took 390µs
    23:46:36.515 | 395 ool-1-worker-159 | INFO  | d.t.c.a.a.e.s.ParticipationService   : Request to delete all 0 participations of exercise with id : 2582
    23:46:36.523 | 395 ool-1-worker-159 | INFO  | .c.a.a.c.s.TitleCacheEvictionService : Evicted entry '2582' from title cache 'exerciseTitle'
    23:46:36.526 | 621 artemis-task-1   | DEBUG | .a.a.a.s.c.CompetencyProgressService : Updating competency progress for 0 users.

  Starting logs for FileUploadExerciseIntegrationTest > createFileUploadExerciseFails_AlmostEmptyFilePattern()
    23:46:36.538 | 395 ool-1-worker-159 | DEBUG | d.t.c.a.a.c.u.util.UserUtilService   : Generate 2 students...
    23:46:36.543 | 395 ool-1-worker-159 | DEBUG | d.t.c.a.a.c.u.util.UserUtilService   : 2 students generated. Generate 1 tutors...
    23:46:36.545 | 395 ool-1-worker-159 | DEBUG | d.t.c.a.a.c.u.util.UserUtilService   : 1 tutors generated. Generate 1 editors...
    23:46:36.548 | 395 ool-1-worker-159 | DEBUG | d.t.c.a.a.c.u.util.UserUtilService   : 1 editors generated. Generate 1 instructors...
    23:46:36.551 | 395 ool-1-worker-159 | DEBUG | d.t.c.a.a.c.u.util.UserUtilService   : 1 instructors generated
    23:46:36.553 | 395 ool-1-worker-159 | DEBUG | d.t.c.a.a.c.u.util.UserUtilService   : Removing 5 users from all courses...
    23:46:36.553 | 395 ool-1-worker-159 | DEBUG | d.t.c.a.a.c.u.util.UserUtilService   : Removing 5 users from all courses. Done
    23:46:36.553 | 395 ool-1-worker-159 | DEBUG | d.t.c.a.a.c.u.util.UserUtilService   : Save 5 users to database...
    23:46:36.558 | 395 ool-1-worker-159 | DEBUG | d.t.c.a.a.c.u.util.UserUtilService   : Save 5 users to database. Done
    23:46:36.559 | 395 ool-1-worker-159 | INFO  | i.z.t.d.l.EmbeddedDatabaseReporter   : JDBC URL to connect to 'dataSource': url='jdbc:h2:tcp://localhost:41063/mem:df70fc46-7e57-4cb5-9cd0-c1d90c14afa7;USER=sa', scope='FileUploadExerciseIntegrationTest#createFileUploadExerciseFails_AlmostEmptyFilePattern'
    23:46:36.560 | 395 ool-1-worker-159 | DEBUG | d.t.c.a.a.c.s.f.ApiVersionFilter     : Adding Version to Request POST /api/file-upload-exercises
    23:46:36.561 | 395 ool-1-worker-159 | DEBUG | c.a.a.f.w.FileUploadExerciseResource : REST request to save FileUploadExercise : FileUploadExercise{id=null}
    23:46:36.561 | 395 ool-1-worker-159 | ERROR | tech.jhipster.web.util.HeaderUtil    : Entity processing failed, The file pattern is invalid. Please use a comma separated list with actual file endings without dots (e.g. 'png, pdf').
    23:46:36.561 | 395 ool-1-worker-159 | WARN  | o.z.p.spring.common.AdviceTraits     : Bad Request: The file pattern is invalid. Please use a comma separated list with actual file endings without dots (e.g. 'png, pdf').

Finished logs for FileUploadExerciseIntegrationTest
]]></system-out>
  <system-err><![CDATA[]]></system-err>
</testsuite>
