<?xml version="1.0" encoding="UTF-8"?>
<testsuite name="de.tum.cit.aet.artemis.text.architecture.TextServbiceArchitectureTest" tests="5" skipped="0" failures="0" errors="0" timestamp="2025-02-14T23:46:33" hostname="fv-az1721-502" time="0.08">
  <properties/>
  <testcase name="testCorrectAsyncCalls()" classname="de.tum.cit.aet.artemis.text.architecture.TextServbiceArchitectureTest" time="0.027"/>
  <testcase name="shouldBeNamedService()" classname="de.tum.cit.aet.artemis.text.architecture.TextServbiceArchitectureTest" time="0.001"/>
  <testcase name="testCorrectServiceAnnotation()" classname="de.tum.cit.aet.artemis.text.architecture.TextServbiceArchitectureTest" time="0.031"/>
  <testcase name="shouldBeInServicePackage()" classname="de.tum.cit.aet.artemis.text.architecture.TextServbiceArchitectureTest" time="0.007"/>
  <testcase name="testNoWrongServiceImports()" classname="de.tum.cit.aet.artemis.text.architecture.TextServbiceArchitectureTest" time="0.012"/>
  <system-out><![CDATA[
Starting logs for TextServbiceArchitectureTest

  Starting logs for TextServbiceArchitectureTest > testCorrectAsyncCalls()

  Starting logs for TextServbiceArchitectureTest > shouldBeNamedService()

  Starting logs for TextServbiceArchitectureTest > testCorrectServiceAnnotation()

  Starting logs for TextServbiceArchitectureTest > shouldBeInServicePackage()

  Starting logs for TextServbiceArchitectureTest > testNoWrongServiceImports()

Finished logs for TextServbiceArchitectureTest
]]></system-out>
  <system-err><![CDATA[]]></system-err>
</testsuite>
