<?xml version="1.0" encoding="UTF-8"?>
<testsuite name="de.tum.cit.aet.artemis.modeling.apollon.ApollonHealthIndicatorTest" tests="2" skipped="0" failures="0" errors="0" timestamp="2025-02-14T23:47:07" hostname="fv-az1721-502" time="0.074">
  <properties/>
  <testcase name="healthUp()" classname="de.tum.cit.aet.artemis.modeling.apollon.ApollonHealthIndicatorTest" time="0.038"/>
  <testcase name="healthDown()" classname="de.tum.cit.aet.artemis.modeling.apollon.ApollonHealthIndicatorTest" time="0.034"/>
  <system-out><![CDATA[
Starting logs for ApollonHealthIndicatorTest

  Starting logs for ApollonHealthIndicatorTest > healthUp()
    23:47:07.171 | 432 ool-1-worker-196 | INFO  | i.z.t.d.l.EmbeddedDatabaseReporter   : JDBC URL to connect to 'dataSource': url='jdbc:h2:tcp://localhost:41063/mem:df70fc46-7e57-4cb5-9cd0-c1d90c14afa7;USER=sa', scope='ApollonHealthIndicatorTest#healthUp'

  Starting logs for ApollonHealthIndicatorTest > healthDown()
    23:47:07.217 | 432 ool-1-worker-196 | INFO  | i.z.t.d.l.EmbeddedDatabaseReporter   : JDBC URL to connect to 'dataSource': url='jdbc:h2:tcp://localhost:41063/mem:df70fc46-7e57-4cb5-9cd0-c1d90c14afa7;USER=sa', scope='ApollonHealthIndicatorTest#healthDown'

Finished logs for ApollonHealthIndicatorTest
]]></system-out>
  <system-err><![CDATA[]]></system-err>
</testsuite>
