<?xml version="1.0" encoding="UTF-8"?>
<testsuite name="de.tum.cit.aet.artemis.exercise.team.TeamIntegrationTest" tests="32" skipped="0" failures="0" errors="0" timestamp="2025-02-14T23:46:21" hostname="fv-az1721-502" time="5.634">
  <properties/>
  <testcase name="testUpdateTeam_NotFound()" classname="de.tum.cit.aet.artemis.exercise.team.TeamIntegrationTest" time="0.106"/>
  <testcase name="testDeleteTeam_Forbidden_AsTutor()" classname="de.tum.cit.aet.artemis.exercise.team.TeamIntegrationTest" time="0.14"/>
  <testcase name="testGetTeam_BadRequest()" classname="de.tum.cit.aet.artemis.exercise.team.TeamIntegrationTest" time="0.161"/>
  <testcase name="testGetTeamsForExercise()" classname="de.tum.cit.aet.artemis.exercise.team.TeamIntegrationTest" time="0.237"/>
  <testcase name="testSearchUsersInCourse()" classname="de.tum.cit.aet.artemis.exercise.team.TeamIntegrationTest" time="0.205"/>
  <testcase name="testAssignedTeamIdOnExerciseForCurrentUser()" classname="de.tum.cit.aet.artemis.exercise.team.TeamIntegrationTest" time="0.444"/>
  <testcase name="testCreateTeam_Forbidden_AsTutorOfDifferentCourse()" classname="de.tum.cit.aet.artemis.exercise.team.TeamIntegrationTest" time="0.08"/>
  <testcase name="testCreateTeam_InvalidShortName_BadRequest()" classname="de.tum.cit.aet.artemis.exercise.team.TeamIntegrationTest" time="0.098"/>
  <testcase name="testUpdateTeam()" classname="de.tum.cit.aet.artemis.exercise.team.TeamIntegrationTest" time="0.173"/>
  <testcase name="getCourseWithExercisesAndParticipationsForTeam_AsStudentInTeam_Allowed()" classname="de.tum.cit.aet.artemis.exercise.team.TeamIntegrationTest" time="0.151"/>
  <testcase name="testSearchUsersInCourse_Forbidden_AsTutorOfDifferentCourse()" classname="de.tum.cit.aet.artemis.exercise.team.TeamIntegrationTest" time="0.158"/>
  <testcase name="getCourseWithExercisesAndParticipationsForTeam_AsTutor()" classname="de.tum.cit.aet.artemis.exercise.team.TeamIntegrationTest" time="0.804"/>
  <testcase name="testGetTeam()" classname="de.tum.cit.aet.artemis.exercise.team.TeamIntegrationTest" time="0.099"/>
  <testcase name="testUpdateTeam_Forbidden_OwnerChanged()" classname="de.tum.cit.aet.artemis.exercise.team.TeamIntegrationTest" time="0.169"/>
  <testcase name="testSearchUsersInCourse_BadRequest()" classname="de.tum.cit.aet.artemis.exercise.team.TeamIntegrationTest" time="0.125"/>
  <testcase name="testCreateTeam_StudentsAlreadyAssigned_BadRequest()" classname="de.tum.cit.aet.artemis.exercise.team.TeamIntegrationTest" time="0.172"/>
  <testcase name="testUpdateTeam_Forbidden_ShortNameChanged()" classname="de.tum.cit.aet.artemis.exercise.team.TeamIntegrationTest" time="0.172"/>
  <testcase name="testDeleteTeam_BadRequest()" classname="de.tum.cit.aet.artemis.exercise.team.TeamIntegrationTest" time="0.074"/>
  <testcase name="testCreateTeam_BadRequest()" classname="de.tum.cit.aet.artemis.exercise.team.TeamIntegrationTest" time="0.131"/>
  <testcase name="testCreateTeam()" classname="de.tum.cit.aet.artemis.exercise.team.TeamIntegrationTest" time="0.16"/>
  <testcase name="testUpdateTeam_Forbidden_AsTutorOfDifferentCourse()" classname="de.tum.cit.aet.artemis.exercise.team.TeamIntegrationTest" time="0.196"/>
  <testcase name="testTeamAssignmentConfig()" classname="de.tum.cit.aet.artemis.exercise.team.TeamIntegrationTest" time="0.096"/>
  <testcase name="testExistsTeamByShortName()" classname="de.tum.cit.aet.artemis.exercise.team.TeamIntegrationTest" time="0.109"/>
  <testcase name="testDeleteTeam()" classname="de.tum.cit.aet.artemis.exercise.team.TeamIntegrationTest" time="0.206"/>
  <testcase name="getCourseWithExercisesAndParticipationsForTeam_AsStudentNotInTeam_Forbidden()" classname="de.tum.cit.aet.artemis.exercise.team.TeamIntegrationTest" time="0.18"/>
  <testcase name="testGetTeamsForExercise_Forbidden()" classname="de.tum.cit.aet.artemis.exercise.team.TeamIntegrationTest" time="0.179"/>
  <testcase name="testTeamOperationsAsStudent()" classname="de.tum.cit.aet.artemis.exercise.team.TeamIntegrationTest" time="0.198"/>
  <testcase name="testUpdateTeam_BadRequest()" classname="de.tum.cit.aet.artemis.exercise.team.TeamIntegrationTest" time="0.174"/>
  <testcase name="testUpdateTeam_StudentsAlreadyAssigned_BadRequest()" classname="de.tum.cit.aet.artemis.exercise.team.TeamIntegrationTest" time="0.14"/>
  <testcase name="testGetTeam_NotFound()" classname="de.tum.cit.aet.artemis.exercise.team.TeamIntegrationTest" time="0.06"/>
  <testcase name="testDeleteTeam_Forbidden_AsInstructorOfDifferentCourse()" classname="de.tum.cit.aet.artemis.exercise.team.TeamIntegrationTest" time="0.084"/>
  <testcase name="testDeleteTeam_NotFound()" classname="de.tum.cit.aet.artemis.exercise.team.TeamIntegrationTest" time="0.062"/>
  <system-out><![CDATA[
Starting logs for TeamIntegrationTest

  Starting logs for TeamIntegrationTest > testUpdateTeam_NotFound()
    23:46:21.524 | 393 ool-1-worker-157 | DEBUG | d.t.c.a.a.c.u.util.UserUtilService   : Generate 3 students...
    23:46:21.527 | 393 ool-1-worker-157 | DEBUG | d.t.c.a.a.c.u.util.UserUtilService   : 3 students generated. Generate 2 tutors...
    23:46:21.529 | 393 ool-1-worker-157 | DEBUG | d.t.c.a.a.c.u.util.UserUtilService   : 2 tutors generated. Generate 0 editors...
    23:46:21.533 | 393 ool-1-worker-157 | DEBUG | d.t.c.a.a.c.u.util.UserUtilService   : 0 editors generated. Generate 1 instructors...
    23:46:21.535 | 393 ool-1-worker-157 | DEBUG | d.t.c.a.a.c.u.util.UserUtilService   : 1 instructors generated
    23:46:21.543 | 393 ool-1-worker-157 | DEBUG | d.t.c.a.a.c.u.util.UserUtilService   : Removing 25 users from all courses...
    23:46:21.547 | 393 ool-1-worker-157 | DEBUG | d.t.c.a.a.c.u.util.UserUtilService   : Removing 25 users from all courses. Done
    23:46:21.547 | 393 ool-1-worker-157 | DEBUG | d.t.c.a.a.c.u.util.UserUtilService   : Save 6 users to database...
    23:46:21.555 | 393 ool-1-worker-157 | DEBUG | d.t.c.a.a.c.u.util.UserUtilService   : Save 6 users to database. Done
    23:46:21.592 | 393 ool-1-worker-157 | INFO  | i.z.t.d.l.EmbeddedDatabaseReporter   : JDBC URL to connect to 'dataSource': url='jdbc:h2:tcp://localhost:41063/mem:df70fc46-7e57-4cb5-9cd0-c1d90c14afa7;USER=sa', scope='TeamIntegrationTest#testUpdateTeam_NotFound'
    23:46:21.593 | 393 ool-1-worker-157 | DEBUG | d.t.c.a.a.c.s.f.ApiVersionFilter     : Adding Version to Request PUT /api/exercises/2344/teams/123456789
    23:46:21.598 | 393 ool-1-worker-157 | DEBUG | d.t.c.a.a.exercise.web.TeamResource  : REST request to update Team : Team{id=123456789, name='null', shortName='null', image='null'}

  Starting logs for TeamIntegrationTest > testDeleteTeam_Forbidden_AsTutor()
    23:46:21.632 | 393 ool-1-worker-157 | DEBUG | d.t.c.a.a.c.u.util.UserUtilService   : Generate 3 students...
    23:46:21.644 | 393 ool-1-worker-157 | DEBUG | d.t.c.a.a.c.u.util.UserUtilService   : 3 students generated. Generate 2 tutors...
    23:46:21.652 | 393 ool-1-worker-157 | DEBUG | d.t.c.a.a.c.u.util.UserUtilService   : 2 tutors generated. Generate 0 editors...
    23:46:21.654 | 393 ool-1-worker-157 | DEBUG | d.t.c.a.a.c.u.util.UserUtilService   : 0 editors generated. Generate 1 instructors...
    23:46:21.657 | 393 ool-1-worker-157 | DEBUG | d.t.c.a.a.c.u.util.UserUtilService   : 1 instructors generated
    23:46:21.659 | 393 ool-1-worker-157 | DEBUG | d.t.c.a.a.c.u.util.UserUtilService   : Removing 6 users from all courses...
    23:46:21.661 | 393 ool-1-worker-157 | DEBUG | d.t.c.a.a.c.u.util.UserUtilService   : Removing 6 users from all courses. Done
    23:46:21.661 | 393 ool-1-worker-157 | DEBUG | d.t.c.a.a.c.u.util.UserUtilService   : Save 6 users to database...
    23:46:21.673 | 393 ool-1-worker-157 | DEBUG | d.t.c.a.a.c.u.util.UserUtilService   : Save 6 users to database. Done
    23:46:21.704 | 393 ool-1-worker-157 | INFO  | i.z.t.d.l.EmbeddedDatabaseReporter   : JDBC URL to connect to 'dataSource': url='jdbc:h2:tcp://localhost:41063/mem:df70fc46-7e57-4cb5-9cd0-c1d90c14afa7;USER=sa', scope='TeamIntegrationTest#testDeleteTeam_Forbidden_AsTutor'
    23:46:21.742 | 393 ool-1-worker-157 | DEBUG | d.t.c.a.a.c.s.f.ApiVersionFilter     : Adding Version to Request DELETE /api/exercises/2345/teams/114
    23:46:21.746 | 393 ool-1-worker-157 | WARN  | o.z.p.spring.common.AdviceTraits     : Forbidden: Access Denied

  Starting logs for TeamIntegrationTest > testGetTeam_BadRequest()
    23:46:21.777 | 393 ool-1-worker-157 | DEBUG | d.t.c.a.a.c.u.util.UserUtilService   : Generate 3 students...
    23:46:21.792 | 393 ool-1-worker-157 | DEBUG | d.t.c.a.a.c.u.util.UserUtilService   : 3 students generated. Generate 2 tutors...
    23:46:21.802 | 393 ool-1-worker-157 | DEBUG | d.t.c.a.a.c.u.util.UserUtilService   : 2 tutors generated. Generate 0 editors...
    23:46:21.803 | 393 ool-1-worker-157 | DEBUG | d.t.c.a.a.c.u.util.UserUtilService   : 0 editors generated. Generate 1 instructors...
    23:46:21.810 | 393 ool-1-worker-157 | DEBUG | d.t.c.a.a.c.u.util.UserUtilService   : 1 instructors generated
    23:46:21.813 | 393 ool-1-worker-157 | DEBUG | d.t.c.a.a.c.u.util.UserUtilService   : Removing 8 users from all courses...
    23:46:21.820 | 393 ool-1-worker-157 | DEBUG | d.t.c.a.a.c.u.util.UserUtilService   : Removing 8 users from all courses. Done
    23:46:21.820 | 393 ool-1-worker-157 | DEBUG | d.t.c.a.a.c.u.util.UserUtilService   : Save 6 users to database...
    23:46:21.834 | 393 ool-1-worker-157 | DEBUG | d.t.c.a.a.c.u.util.UserUtilService   : Save 6 users to database. Done
    23:46:21.867 | 393 ool-1-worker-157 | INFO  | i.z.t.d.l.EmbeddedDatabaseReporter   : JDBC URL to connect to 'dataSource': url='jdbc:h2:tcp://localhost:41063/mem:df70fc46-7e57-4cb5-9cd0-c1d90c14afa7;USER=sa', scope='TeamIntegrationTest#testGetTeam_BadRequest'
    23:46:21.907 | 393 ool-1-worker-157 | DEBUG | d.t.c.a.a.c.s.f.ApiVersionFilter     : Adding Version to Request GET /api/exercises/2346/teams/115
    23:46:21.908 | 393 ool-1-worker-157 | DEBUG | d.t.c.a.a.exercise.web.TeamResource  : REST request to get Team : 115
    23:46:21.910 | 393 ool-1-worker-157 | ERROR | tech.jhipster.web.util.HeaderUtil    : Entity processing failed, The team does not belong to the specified exercise id.
    23:46:21.910 | 393 ool-1-worker-157 | WARN  | o.z.p.spring.common.AdviceTraits     : Bad Request: The team does not belong to the specified exercise id.

  Starting logs for TeamIntegrationTest > testGetTeamsForExercise()
    23:46:21.943 | 393 ool-1-worker-157 | DEBUG | d.t.c.a.a.c.u.util.UserUtilService   : Generate 3 students...
    23:46:21.959 | 393 ool-1-worker-157 | DEBUG | d.t.c.a.a.c.u.util.UserUtilService   : 3 students generated. Generate 2 tutors...
    23:46:21.967 | 393 ool-1-worker-157 | DEBUG | d.t.c.a.a.c.u.util.UserUtilService   : 2 tutors generated. Generate 0 editors...
    23:46:21.975 | 393 ool-1-worker-157 | DEBUG | d.t.c.a.a.c.u.util.UserUtilService   : 0 editors generated. Generate 1 instructors...
    23:46:21.983 | 393 ool-1-worker-157 | DEBUG | d.t.c.a.a.c.u.util.UserUtilService   : 1 instructors generated
    23:46:21.985 | 393 ool-1-worker-157 | DEBUG | d.t.c.a.a.c.u.util.UserUtilService   : Removing 8 users from all courses...
    23:46:21.991 | 393 ool-1-worker-157 | DEBUG | d.t.c.a.a.c.u.util.UserUtilService   : Removing 8 users from all courses. Done
    23:46:21.991 | 393 ool-1-worker-157 | DEBUG | d.t.c.a.a.c.u.util.UserUtilService   : Save 6 users to database...
    23:46:22.007 | 393 ool-1-worker-157 | DEBUG | d.t.c.a.a.c.u.util.UserUtilService   : Save 6 users to database. Done
    23:46:22.055 | 393 ool-1-worker-157 | INFO  | i.z.t.d.l.EmbeddedDatabaseReporter   : JDBC URL to connect to 'dataSource': url='jdbc:h2:tcp://localhost:41063/mem:df70fc46-7e57-4cb5-9cd0-c1d90c14afa7;USER=sa', scope='TeamIntegrationTest#testGetTeamsForExercise'
    23:46:22.144 | 393 ool-1-worker-157 | DEBUG | d.t.c.a.a.c.s.f.ApiVersionFilter     : Adding Version to Request GET /api/exercises/2348/teams
    23:46:22.145 | 393 ool-1-worker-157 | DEBUG | d.t.c.a.a.exercise.web.TeamResource  : REST request to get all Teams for the exercise with id : 2348

  Starting logs for TeamIntegrationTest > testSearchUsersInCourse()
    23:46:22.180 | 393 ool-1-worker-157 | DEBUG | d.t.c.a.a.c.u.util.UserUtilService   : Generate 3 students...
    23:46:22.198 | 393 ool-1-worker-157 | DEBUG | d.t.c.a.a.c.u.util.UserUtilService   : 3 students generated. Generate 2 tutors...
    23:46:22.207 | 393 ool-1-worker-157 | DEBUG | d.t.c.a.a.c.u.util.UserUtilService   : 2 tutors generated. Generate 0 editors...
    23:46:22.209 | 393 ool-1-worker-157 | DEBUG | d.t.c.a.a.c.u.util.UserUtilService   : 0 editors generated. Generate 1 instructors...
    23:46:22.212 | 393 ool-1-worker-157 | DEBUG | d.t.c.a.a.c.u.util.UserUtilService   : 1 instructors generated
    23:46:22.218 | 393 ool-1-worker-157 | DEBUG | d.t.c.a.a.c.u.util.UserUtilService   : Removing 15 users from all courses...
    23:46:22.223 | 393 ool-1-worker-157 | DEBUG | d.t.c.a.a.c.u.util.UserUtilService   : Removing 15 users from all courses. Done
    23:46:22.223 | 393 ool-1-worker-157 | DEBUG | d.t.c.a.a.c.u.util.UserUtilService   : Save 6 users to database...
    23:46:22.236 | 393 ool-1-worker-157 | DEBUG | d.t.c.a.a.c.u.util.UserUtilService   : Save 6 users to database. Done
    23:46:22.274 | 393 ool-1-worker-157 | INFO  | i.z.t.d.l.EmbeddedDatabaseReporter   : JDBC URL to connect to 'dataSource': url='jdbc:h2:tcp://localhost:41063/mem:df70fc46-7e57-4cb5-9cd0-c1d90c14afa7;USER=sa', scope='TeamIntegrationTest#testSearchUsersInCourse'
    23:46:22.276 | 393 ool-1-worker-157 | DEBUG | d.t.c.a.a.c.s.f.ApiVersionFilter     : Adding Version to Request GET /api/courses/1877/exercises/2349/team-search-users
    23:46:22.282 | 393 ool-1-worker-157 | DEBUG | d.t.c.a.a.exercise.web.TeamResource  : REST request to search Users for titstudent in course with id : 1877
    23:46:22.300 | 393 ool-1-worker-157 | DEBUG | d.t.c.a.a.c.s.f.ApiVersionFilter     : Adding Version to Request GET /api/courses/1877/exercises/2349/team-search-users
    23:46:22.301 | 393 ool-1-worker-157 | DEBUG | d.t.c.a.a.exercise.web.TeamResource  : REST request to search Users for titstudent1 in course with id : 1877
    23:46:22.317 | 393 ool-1-worker-157 | DEBUG | d.t.c.a.a.c.s.f.ApiVersionFilter     : Adding Version to Request GET /api/courses/1877/exercises/2349/team-search-users
    23:46:22.317 | 393 ool-1-worker-157 | DEBUG | d.t.c.a.a.exercise.web.TeamResource  : REST request to search Users for chuckNorris in course with id : 1877
    23:46:22.351 | 393 ool-1-worker-157 | DEBUG | d.t.c.a.a.c.s.f.ApiVersionFilter     : Adding Version to Request GET /api/courses/1877/exercises/2349/team-search-users
    23:46:22.351 | 393 ool-1-worker-157 | DEBUG | d.t.c.a.a.exercise.web.TeamResource  : REST request to search Users for team1tit2 in course with id : 1877

  Starting logs for TeamIntegrationTest > testAssignedTeamIdOnExerciseForCurrentUser()
    23:46:22.387 | 393 ool-1-worker-157 | DEBUG | d.t.c.a.a.c.u.util.UserUtilService   : Generate 3 students...
    23:46:22.399 | 393 ool-1-worker-157 | DEBUG | d.t.c.a.a.c.u.util.UserUtilService   : 3 students generated. Generate 2 tutors...
    23:46:22.406 | 393 ool-1-worker-157 | DEBUG | d.t.c.a.a.c.u.util.UserUtilService   : 2 tutors generated. Generate 0 editors...
    23:46:22.407 | 393 ool-1-worker-157 | DEBUG | d.t.c.a.a.c.u.util.UserUtilService   : 0 editors generated. Generate 1 instructors...
    23:46:22.413 | 393 ool-1-worker-157 | DEBUG | d.t.c.a.a.c.u.util.UserUtilService   : 1 instructors generated
    23:46:22.418 | 393 ool-1-worker-157 | DEBUG | d.t.c.a.a.c.u.util.UserUtilService   : Removing 8 users from all courses...
    23:46:22.421 | 393 ool-1-worker-157 | DEBUG | d.t.c.a.a.c.u.util.UserUtilService   : Removing 8 users from all courses. Done
    23:46:22.421 | 393 ool-1-worker-157 | DEBUG | d.t.c.a.a.c.u.util.UserUtilService   : Save 6 users to database...
    23:46:22.430 | 393 ool-1-worker-157 | DEBUG | d.t.c.a.a.c.u.util.UserUtilService   : Save 6 users to database. Done
    23:46:22.466 | 393 ool-1-worker-157 | INFO  | i.z.t.d.l.EmbeddedDatabaseReporter   : JDBC URL to connect to 'dataSource': url='jdbc:h2:tcp://localhost:41063/mem:df70fc46-7e57-4cb5-9cd0-c1d90c14afa7;USER=sa', scope='TeamIntegrationTest#testAssignedTeamIdOnExerciseForCurrentUser'
    23:46:22.476 | 393 ool-1-worker-157 | DEBUG | d.t.c.a.a.c.s.f.ApiVersionFilter     : Adding Version to Request GET /api/courses/for-dashboard
    23:46:22.478 | 393 ool-1-worker-157 | DEBUG | d.t.c.a.a.core.web.CourseResource    : Request to get all courses user titstudent1 has access to with exams, lectures, exercises, participations, submissions and results + calculated scores
    23:46:22.775 | 393 ool-1-worker-157 | DEBUG | d.t.c.a.a.core.service.CourseService : Find user visible courses finished after 296.62ms
    23:46:22.780 | 393 ool-1-worker-157 | DEBUG | d.t.c.a.a.core.service.CourseService : findAllExercisesByCourseIdsWithCategories finished with 1 exercises after 5.42ms
    23:46:22.783 | 393 ool-1-worker-157 | DEBUG | d.t.c.a.a.core.service.CourseService : all 1 filterExercisesForCourse individually finished together after 1.22ms
    23:46:22.783 | 393 ool-1-worker-157 | DEBUG | d.t.c.a.a.core.service.CourseService : Filter exercises, lectures, and exams finished after 305.41ms
    23:46:22.783 | 393 ool-1-worker-157 | DEBUG | d.t.c.a.a.core.web.CourseResource    : courseService.findAllActiveWithExercisesForUser done
    23:46:22.786 | 393 ool-1-worker-157 | DEBUG | d.t.c.a.a.core.web.CourseResource    : courseService.fetchParticipationsWithSubmissionsAndResultsForCourses done
    23:46:22.786 | 393 ool-1-worker-157 | DEBUG | d.t.c.a.a.core.web.CourseResource    : courseService.fetchPlagiarismCasesForCourseExercises done
    23:46:22.787 | 393 ool-1-worker-157 | DEBUG | d.t.c.a.a.core.web.CourseResource    : gradingScaleRepository.findAllByCourseIds done
    23:46:22.788 | 393 ool-1-worker-157 | INFO  | d.t.c.a.a.core.web.CourseResource    : courses/for-dashboard (multiple courses) finished in 310.91ms for 1 courses with 0 individual exercise(s) and 1 team exercise(s) for user titstudent1
    23:46:22.798 | 393 ool-1-worker-157 | DEBUG | d.t.c.a.a.c.s.f.ApiVersionFilter     : Adding Version to Request GET /api/exercises/2350/details

  Starting logs for TeamIntegrationTest > testCreateTeam_Forbidden_AsTutorOfDifferentCourse()
    23:46:22.826 | 393 ool-1-worker-157 | DEBUG | d.t.c.a.a.c.u.util.UserUtilService   : Generate 3 students...
    23:46:22.832 | 393 ool-1-worker-157 | DEBUG | d.t.c.a.a.c.u.util.UserUtilService   : 3 students generated. Generate 2 tutors...
    23:46:22.837 | 393 ool-1-worker-157 | DEBUG | d.t.c.a.a.c.u.util.UserUtilService   : 2 tutors generated. Generate 0 editors...
    23:46:22.838 | 393 ool-1-worker-157 | DEBUG | d.t.c.a.a.c.u.util.UserUtilService   : 0 editors generated. Generate 1 instructors...
    23:46:22.841 | 393 ool-1-worker-157 | DEBUG | d.t.c.a.a.c.u.util.UserUtilService   : 1 instructors generated
    23:46:22.844 | 393 ool-1-worker-157 | DEBUG | d.t.c.a.a.c.u.util.UserUtilService   : Removing 6 users from all courses...
    23:46:22.846 | 393 ool-1-worker-157 | DEBUG | d.t.c.a.a.c.u.util.UserUtilService   : Removing 6 users from all courses. Done
    23:46:22.846 | 393 ool-1-worker-157 | DEBUG | d.t.c.a.a.c.u.util.UserUtilService   : Save 6 users to database...
    23:46:22.853 | 393 ool-1-worker-157 | DEBUG | d.t.c.a.a.c.u.util.UserUtilService   : Save 6 users to database. Done
    23:46:22.885 | 393 ool-1-worker-157 | INFO  | i.z.t.d.l.EmbeddedDatabaseReporter   : JDBC URL to connect to 'dataSource': url='jdbc:h2:tcp://localhost:41063/mem:df70fc46-7e57-4cb5-9cd0-c1d90c14afa7;USER=sa', scope='TeamIntegrationTest#testCreateTeam_Forbidden_AsTutorOfDifferentCourse'
    23:46:22.888 | 393 ool-1-worker-157 | DEBUG | d.t.c.a.a.c.s.f.ApiVersionFilter     : Adding Version to Request POST /api/exercises/2351/teams
    23:46:22.890 | 393 ool-1-worker-157 | DEBUG | d.t.c.a.a.exercise.web.TeamResource  : REST request to save Team : Team{id=null, name='Team', shortName='team', image='null'}
    23:46:22.893 | 393 ool-1-worker-157 | WARN  | o.z.p.spring.common.AdviceTraits     : Forbidden: You are not allowed to access the Course with id 1879

  Starting logs for TeamIntegrationTest > testCreateTeam_InvalidShortName_BadRequest()
    23:46:22.907 | 393 ool-1-worker-157 | DEBUG | d.t.c.a.a.c.u.util.UserUtilService   : Generate 3 students...
    23:46:22.913 | 393 ool-1-worker-157 | DEBUG | d.t.c.a.a.c.u.util.UserUtilService   : 3 students generated. Generate 2 tutors...
    23:46:22.917 | 393 ool-1-worker-157 | DEBUG | d.t.c.a.a.c.u.util.UserUtilService   : 2 tutors generated. Generate 0 editors...
    23:46:22.918 | 393 ool-1-worker-157 | DEBUG | d.t.c.a.a.c.u.util.UserUtilService   : 0 editors generated. Generate 1 instructors...
    23:46:22.921 | 393 ool-1-worker-157 | DEBUG | d.t.c.a.a.c.u.util.UserUtilService   : 1 instructors generated
    23:46:22.923 | 393 ool-1-worker-157 | DEBUG | d.t.c.a.a.c.u.util.UserUtilService   : Removing 6 users from all courses...
    23:46:22.924 | 393 ool-1-worker-157 | DEBUG | d.t.c.a.a.c.u.util.UserUtilService   : Removing 6 users from all courses. Done
    23:46:22.924 | 393 ool-1-worker-157 | DEBUG | d.t.c.a.a.c.u.util.UserUtilService   : Save 6 users to database...
    23:46:22.935 | 393 ool-1-worker-157 | DEBUG | d.t.c.a.a.c.u.util.UserUtilService   : Save 6 users to database. Done
    23:46:22.971 | 393 ool-1-worker-157 | INFO  | i.z.t.d.l.EmbeddedDatabaseReporter   : JDBC URL to connect to 'dataSource': url='jdbc:h2:tcp://localhost:41063/mem:df70fc46-7e57-4cb5-9cd0-c1d90c14afa7;USER=sa', scope='TeamIntegrationTest#testCreateTeam_InvalidShortName_BadRequest'
    23:46:22.973 | 393 ool-1-worker-157 | DEBUG | d.t.c.a.a.c.s.f.ApiVersionFilter     : Adding Version to Request POST /api/exercises/2352/teams
    23:46:22.977 | 393 ool-1-worker-157 | DEBUG | d.t.c.a.a.exercise.web.TeamResource  : REST request to save Team : Team{id=null, name='1 Invalid Name', shortName='1InvalidName', image='null'}
    23:46:22.984 | 393 ool-1-worker-157 | ERROR | tech.jhipster.web.util.HeaderUtil    : Entity processing failed, The team name must start with a letter.
    23:46:22.984 | 393 ool-1-worker-157 | WARN  | o.z.p.spring.common.AdviceTraits     : Bad Request: The team name must start with a letter.

  Starting logs for TeamIntegrationTest > testUpdateTeam()
    23:46:23.014 | 393 ool-1-worker-157 | DEBUG | d.t.c.a.a.c.u.util.UserUtilService   : Generate 3 students...
    23:46:23.027 | 393 ool-1-worker-157 | DEBUG | d.t.c.a.a.c.u.util.UserUtilService   : 3 students generated. Generate 2 tutors...
    23:46:23.036 | 393 ool-1-worker-157 | DEBUG | d.t.c.a.a.c.u.util.UserUtilService   : 2 tutors generated. Generate 0 editors...
    23:46:23.037 | 393 ool-1-worker-157 | DEBUG | d.t.c.a.a.c.u.util.UserUtilService   : 0 editors generated. Generate 1 instructors...
    23:46:23.045 | 393 ool-1-worker-157 | DEBUG | d.t.c.a.a.c.u.util.UserUtilService   : 1 instructors generated
    23:46:23.049 | 393 ool-1-worker-157 | DEBUG | d.t.c.a.a.c.u.util.UserUtilService   : Removing 6 users from all courses...
    23:46:23.050 | 393 ool-1-worker-157 | DEBUG | d.t.c.a.a.c.u.util.UserUtilService   : Removing 6 users from all courses. Done
    23:46:23.050 | 393 ool-1-worker-157 | DEBUG | d.t.c.a.a.c.u.util.UserUtilService   : Save 6 users to database...
    23:46:23.062 | 393 ool-1-worker-157 | DEBUG | d.t.c.a.a.c.u.util.UserUtilService   : Save 6 users to database. Done
    23:46:23.102 | 393 ool-1-worker-157 | INFO  | i.z.t.d.l.EmbeddedDatabaseReporter   : JDBC URL to connect to 'dataSource': url='jdbc:h2:tcp://localhost:41063/mem:df70fc46-7e57-4cb5-9cd0-c1d90c14afa7;USER=sa', scope='TeamIntegrationTest#testUpdateTeam'
    23:46:23.131 | 393 ool-1-worker-157 | DEBUG | d.t.c.a.a.c.s.f.ApiVersionFilter     : Adding Version to Request PUT /api/exercises/2353/teams/121
    23:46:23.132 | 393 ool-1-worker-157 | DEBUG | d.t.c.a.a.exercise.web.TeamResource  : REST request to update Team : Team{id=121, name='titTeam Updated', shortName='team1', image='null'}

  Starting logs for TeamIntegrationTest > getCourseWithExercisesAndParticipationsForTeam_AsStudentInTeam_Allowed()
    23:46:23.192 | 393 ool-1-worker-157 | DEBUG | d.t.c.a.a.c.u.util.UserUtilService   : Generate 3 students...
    23:46:23.204 | 393 ool-1-worker-157 | DEBUG | d.t.c.a.a.c.u.util.UserUtilService   : 3 students generated. Generate 2 tutors...
    23:46:23.209 | 393 ool-1-worker-157 | DEBUG | d.t.c.a.a.c.u.util.UserUtilService   : 2 tutors generated. Generate 0 editors...
    23:46:23.214 | 393 ool-1-worker-157 | DEBUG | d.t.c.a.a.c.u.util.UserUtilService   : 0 editors generated. Generate 1 instructors...
    23:46:23.221 | 393 ool-1-worker-157 | DEBUG | d.t.c.a.a.c.u.util.UserUtilService   : 1 instructors generated
    23:46:23.223 | 393 ool-1-worker-157 | DEBUG | d.t.c.a.a.c.u.util.UserUtilService   : Removing 8 users from all courses...
    23:46:23.226 | 393 ool-1-worker-157 | DEBUG | d.t.c.a.a.c.u.util.UserUtilService   : Removing 8 users from all courses. Done
    23:46:23.226 | 393 ool-1-worker-157 | DEBUG | d.t.c.a.a.c.u.util.UserUtilService   : Save 6 users to database...
    23:46:23.237 | 393 ool-1-worker-157 | DEBUG | d.t.c.a.a.c.u.util.UserUtilService   : Save 6 users to database. Done
    23:46:23.276 | 393 ool-1-worker-157 | INFO  | i.z.t.d.l.EmbeddedDatabaseReporter   : JDBC URL to connect to 'dataSource': url='jdbc:h2:tcp://localhost:41063/mem:df70fc46-7e57-4cb5-9cd0-c1d90c14afa7;USER=sa', scope='TeamIntegrationTest#getCourseWithExercisesAndParticipationsForTeam_AsStudentInTeam_Allowed'
    23:46:23.279 | 393 ool-1-worker-157 | DEBUG | d.t.c.a.a.c.s.f.ApiVersionFilter     : Adding Version to Request GET /api/courses/1882/teams/titteam/with-exercises-and-participations
    23:46:23.281 | 393 ool-1-worker-157 | DEBUG | d.t.c.a.a.exercise.web.TeamResource  : REST request to get Course 1882 with exercises and participations for Team with short name titteam

  Starting logs for TeamIntegrationTest > testSearchUsersInCourse_Forbidden_AsTutorOfDifferentCourse()
    23:46:23.343 | 393 ool-1-worker-157 | DEBUG | d.t.c.a.a.c.u.util.UserUtilService   : Generate 3 students...
    23:46:23.353 | 393 ool-1-worker-157 | DEBUG | d.t.c.a.a.c.u.util.UserUtilService   : 3 students generated. Generate 2 tutors...
    23:46:23.362 | 393 ool-1-worker-157 | DEBUG | d.t.c.a.a.c.u.util.UserUtilService   : 2 tutors generated. Generate 0 editors...
    23:46:23.366 | 393 ool-1-worker-157 | DEBUG | d.t.c.a.a.c.u.util.UserUtilService   : 0 editors generated. Generate 1 instructors...
    23:46:23.371 | 393 ool-1-worker-157 | DEBUG | d.t.c.a.a.c.u.util.UserUtilService   : 1 instructors generated
    23:46:23.377 | 393 ool-1-worker-157 | DEBUG | d.t.c.a.a.c.u.util.UserUtilService   : Removing 6 users from all courses...
    23:46:23.378 | 393 ool-1-worker-157 | DEBUG | d.t.c.a.a.c.u.util.UserUtilService   : Removing 6 users from all courses. Done
    23:46:23.378 | 393 ool-1-worker-157 | DEBUG | d.t.c.a.a.c.u.util.UserUtilService   : Save 6 users to database...
    23:46:23.387 | 393 ool-1-worker-157 | DEBUG | d.t.c.a.a.c.u.util.UserUtilService   : Save 6 users to database. Done
    23:46:23.447 | 393 ool-1-worker-157 | INFO  | i.z.t.d.l.EmbeddedDatabaseReporter   : JDBC URL to connect to 'dataSource': url='jdbc:h2:tcp://localhost:41063/mem:df70fc46-7e57-4cb5-9cd0-c1d90c14afa7;USER=sa', scope='TeamIntegrationTest#testSearchUsersInCourse_Forbidden_AsTutorOfDifferentCourse'
    23:46:23.456 | 393 ool-1-worker-157 | DEBUG | d.t.c.a.a.c.s.f.ApiVersionFilter     : Adding Version to Request GET /api/courses/1883/exercises/2355/team-search-users
    23:46:23.457 | 393 ool-1-worker-157 | DEBUG | d.t.c.a.a.exercise.web.TeamResource  : REST request to search Users for titstudent in course with id : 1883
    23:46:23.466 | 393 ool-1-worker-157 | WARN  | o.z.p.spring.common.AdviceTraits     : Forbidden: You are not allowed to access the Course with id 1883

  Starting logs for TeamIntegrationTest > getCourseWithExercisesAndParticipationsForTeam_AsTutor()
    23:46:23.509 | 393 ool-1-worker-157 | DEBUG | d.t.c.a.a.c.u.util.UserUtilService   : Generate 3 students...
    23:46:23.521 | 393 ool-1-worker-157 | DEBUG | d.t.c.a.a.c.u.util.UserUtilService   : 3 students generated. Generate 2 tutors...
    23:46:23.530 | 393 ool-1-worker-157 | DEBUG | d.t.c.a.a.c.u.util.UserUtilService   : 2 tutors generated. Generate 0 editors...
    23:46:23.534 | 393 ool-1-worker-157 | DEBUG | d.t.c.a.a.c.u.util.UserUtilService   : 0 editors generated. Generate 1 instructors...
    23:46:23.540 | 393 ool-1-worker-157 | DEBUG | d.t.c.a.a.c.u.util.UserUtilService   : 1 instructors generated
    23:46:23.545 | 393 ool-1-worker-157 | DEBUG | d.t.c.a.a.c.u.util.UserUtilService   : Removing 6 users from all courses...
    23:46:23.546 | 393 ool-1-worker-157 | DEBUG | d.t.c.a.a.c.u.util.UserUtilService   : Removing 6 users from all courses. Done
    23:46:23.546 | 393 ool-1-worker-157 | DEBUG | d.t.c.a.a.c.u.util.UserUtilService   : Save 6 users to database...
    23:46:23.556 | 393 ool-1-worker-157 | DEBUG | d.t.c.a.a.c.u.util.UserUtilService   : Save 6 users to database. Done
    23:46:23.592 | 393 ool-1-worker-157 | INFO  | i.z.t.d.l.EmbeddedDatabaseReporter   : JDBC URL to connect to 'dataSource': url='jdbc:h2:tcp://localhost:41063/mem:df70fc46-7e57-4cb5-9cd0-c1d90c14afa7;USER=sa', scope='TeamIntegrationTest#getCourseWithExercisesAndParticipationsForTeam_AsTutor'
    23:46:23.815 | 393 ool-1-worker-157 | DEBUG | d.t.c.a.a.c.s.f.ApiVersionFilter     : Adding Version to Request GET /api/courses/1885/teams/titteam1/with-exercises-and-participations
    23:46:23.815 | 393 ool-1-worker-157 | DEBUG | d.t.c.a.a.exercise.web.TeamResource  : REST request to get Course 1885 with exercises and participations for Team with short name titteam1
    23:46:23.864 | 393 ool-1-worker-157 | DEBUG | d.t.c.a.a.c.s.f.ApiVersionFilter     : Adding Version to Request GET /api/courses/1885/teams/titotherTeam1/with-exercises-and-participations
    23:46:23.864 | 393 ool-1-worker-157 | DEBUG | d.t.c.a.a.exercise.web.TeamResource  : REST request to get Course 1885 with exercises and participations for Team with short name titotherTeam1
    23:46:23.917 | 393 ool-1-worker-157 | DEBUG | .c.s.m.InstanceMessageReceiveService : Received schedule participant score for exercise 2358 and participant 124 (result to be deleted: null)
    23:46:23.917 | 393 ool-1-worker-157 | DEBUG | .a.s.ParticipantScoreScheduleService : Scheduled task for exercise 2358 and participant 124 at 2025-02-14T23:46:24.017898969Z[Etc/UTC].
    23:46:23.931 | 393 ool-1-worker-157 | DEBUG | .c.s.m.InstanceMessageReceiveService : Received schedule participant score for exercise 2358 and participant 124 (result to be deleted: null)
    23:46:23.931 | 393 ool-1-worker-157 | DEBUG | .a.s.ParticipantScoreScheduleService : Scheduled task for exercise 2358 and participant 124 at 2025-02-14T23:46:24.031073910Z[Etc/UTC].
    23:46:23.970 | 393 ool-1-worker-157 | DEBUG | .c.s.m.InstanceMessageReceiveService : Received schedule participant score for exercise 2358 and participant 124 (result to be deleted: null)
    23:46:23.970 | 393 ool-1-worker-157 | DEBUG | .a.s.ParticipantScoreScheduleService : Scheduled task for exercise 2358 and participant 124 at 2025-02-14T23:46:24.070440977Z[Etc/UTC].
    23:46:23.973 | 393 ool-1-worker-157 | DEBUG | d.t.c.a.a.c.s.f.ApiVersionFilter     : Adding Version to Request GET /api/courses/1885/teams/titteam1/with-exercises-and-participations
    23:46:23.974 | 393 ool-1-worker-157 | DEBUG | d.t.c.a.a.exercise.web.TeamResource  : REST request to get Course 1885 with exercises and participations for Team with short name titteam1
    23:46:24.070 | 664 taskScheduler-2  | DEBUG | .a.s.ParticipantScoreScheduleService : Processing exercise 2358 and participant 124 to update participant scores.
    23:46:24.090 | 664 taskScheduler-2  | DEBUG | .a.s.ParticipantScoreScheduleService : Updated participant score 81.
    23:46:24.101 | 664 taskScheduler-2  | DEBUG | .a.s.ParticipantScoreScheduleService : Updating the participant score for exercise 2358 and participant 124 took 31 ms.
    23:46:24.111 | 393 ool-1-worker-157 | DEBUG | .c.s.m.InstanceMessageReceiveService : Received schedule participant score for exercise 2358 and participant 127 (result to be deleted: null)
    23:46:24.111 | 393 ool-1-worker-157 | DEBUG | .a.s.ParticipantScoreScheduleService : Scheduled task for exercise 2358 and participant 127 at 2025-02-14T23:46:24.211316300Z[Etc/UTC].
    23:46:24.131 | 393 ool-1-worker-157 | DEBUG | .c.s.m.InstanceMessageReceiveService : Received schedule participant score for exercise 2358 and participant 127 (result to be deleted: null)
    23:46:24.131 | 393 ool-1-worker-157 | DEBUG | .a.s.ParticipantScoreScheduleService : Scheduled task for exercise 2358 and participant 127 at 2025-02-14T23:46:24.231255556Z[Etc/UTC].
    23:46:24.233 | 666 taskScheduler-4  | DEBUG | .a.s.ParticipantScoreScheduleService : Processing exercise 2358 and participant 127 to update participant scores.
    23:46:24.241 | 666 taskScheduler-4  | DEBUG | .a.s.ParticipantScoreScheduleService : Updated participant score 82.
    23:46:24.245 | 666 taskScheduler-4  | DEBUG | .a.s.ParticipantScoreScheduleService : Updating the participant score for exercise 2358 and participant 127 took 12 ms.
    23:46:24.251 | 393 ool-1-worker-157 | DEBUG | .c.s.m.InstanceMessageReceiveService : Received schedule participant score for exercise 2358 and participant 127 (result to be deleted: null)
    23:46:24.254 | 393 ool-1-worker-157 | DEBUG | .a.s.ParticipantScoreScheduleService : Scheduled task for exercise 2358 and participant 127 at 2025-02-14T23:46:24.351621622Z[Etc/UTC].
    23:46:24.258 | 393 ool-1-worker-157 | DEBUG | d.t.c.a.a.c.s.f.ApiVersionFilter     : Adding Version to Request GET /api/courses/1885/teams/titotherTeam1/with-exercises-and-participations
    23:46:24.259 | 393 ool-1-worker-157 | DEBUG | d.t.c.a.a.exercise.web.TeamResource  : REST request to get Course 1885 with exercises and participations for Team with short name titotherTeam1

  Starting logs for TeamIntegrationTest > testGetTeam()
    23:46:24.300 | 393 ool-1-worker-157 | DEBUG | d.t.c.a.a.c.u.util.UserUtilService   : Generate 3 students...
    23:46:24.306 | 393 ool-1-worker-157 | DEBUG | d.t.c.a.a.c.u.util.UserUtilService   : 3 students generated. Generate 2 tutors...
    23:46:24.310 | 393 ool-1-worker-157 | DEBUG | d.t.c.a.a.c.u.util.UserUtilService   : 2 tutors generated. Generate 0 editors...
    23:46:24.311 | 393 ool-1-worker-157 | DEBUG | d.t.c.a.a.c.u.util.UserUtilService   : 0 editors generated. Generate 1 instructors...
    23:46:24.314 | 393 ool-1-worker-157 | DEBUG | d.t.c.a.a.c.u.util.UserUtilService   : 1 instructors generated
    23:46:24.316 | 393 ool-1-worker-157 | DEBUG | d.t.c.a.a.c.u.util.UserUtilService   : Removing 16 users from all courses...
    23:46:24.318 | 393 ool-1-worker-157 | DEBUG | d.t.c.a.a.c.u.util.UserUtilService   : Removing 16 users from all courses. Done
    23:46:24.318 | 393 ool-1-worker-157 | DEBUG | d.t.c.a.a.c.u.util.UserUtilService   : Save 6 users to database...
    23:46:24.323 | 393 ool-1-worker-157 | DEBUG | d.t.c.a.a.c.u.util.UserUtilService   : Save 6 users to database. Done
    23:46:24.341 | 393 ool-1-worker-157 | INFO  | i.z.t.d.l.EmbeddedDatabaseReporter   : JDBC URL to connect to 'dataSource': url='jdbc:h2:tcp://localhost:41063/mem:df70fc46-7e57-4cb5-9cd0-c1d90c14afa7;USER=sa', scope='TeamIntegrationTest#testGetTeam'
    23:46:24.341 | 641 nt.HealthMonitor | INFO  | c.h.i.diagnostics.HealthMonitor      : [127.0.0.1]:5704 [dev] [5.5.0] processors=4, physical.memory.total=15.6G, physical.memory.free=1.6G, swap.space.total=0, swap.space.free=0, heap.memory.used=2.1G, heap.memory.free=1.2G, heap.memory.total=3.4G, heap.memory.max=6.0G, heap.memory.used/total=63.27%, heap.memory.used/max=35.38%, minor.gc.count=193, minor.gc.time=9317ms, major.gc.count=0, major.gc.time=0ms, unknown.gc.count=82, unknown.gc.time=1642ms, load.process=0.00%, load.system=100.00%, load.systemAverage=6.79, thread.count=497, thread.peakCount=517, cluster.timeDiff=0, event.q.size=0, executor.q.async.size=0, executor.q.client.size=0, executor.q.client.query.size=0, executor.q.client.blocking.size=0, executor.q.query.size=0, executor.q.scheduled.size=0, executor.q.io.size=0, executor.q.system.size=0, executor.q.operations.size=0, executor.q.priorityOperation.size=0, operations.completed.count=5546, executor.q.mapLoad.size=0, executor.q.mapLoadAllKeys.size=0, executor.q.cluster.size=0, executor.q.response.size=0, operations.running.count=0, operations.pending.invocations.percentage=0.00%, operations.pending.invocations.count=0, proxy.count=213, clientEndpoint.count=0, connection.active.count=0, client.connection.count=0, connection.count=0
    23:46:24.370 | 393 ool-1-worker-157 | DEBUG | d.t.c.a.a.c.s.f.ApiVersionFilter     : Adding Version to Request GET /api/exercises/2362/teams/128
    23:46:24.370 | 393 ool-1-worker-157 | DEBUG | d.t.c.a.a.exercise.web.TeamResource  : REST request to get Team : 128

  Starting logs for TeamIntegrationTest > testUpdateTeam_Forbidden_OwnerChanged()
    23:46:24.411 | 393 ool-1-worker-157 | DEBUG | d.t.c.a.a.c.u.util.UserUtilService   : Generate 3 students...
    23:46:24.419 | 393 ool-1-worker-157 | DEBUG | d.t.c.a.a.c.u.util.UserUtilService   : 3 students generated. Generate 2 tutors...
    23:46:24.429 | 393 ool-1-worker-157 | DEBUG | d.t.c.a.a.c.u.util.UserUtilService   : 2 tutors generated. Generate 0 editors...
    23:46:24.431 | 393 ool-1-worker-157 | DEBUG | d.t.c.a.a.c.u.util.UserUtilService   : 0 editors generated. Generate 1 instructors...
    23:46:24.436 | 393 ool-1-worker-157 | DEBUG | d.t.c.a.a.c.u.util.UserUtilService   : 1 instructors generated
    23:46:24.444 | 393 ool-1-worker-157 | DEBUG | d.t.c.a.a.c.u.util.UserUtilService   : Removing 8 users from all courses...
    23:46:24.447 | 393 ool-1-worker-157 | DEBUG | d.t.c.a.a.c.u.util.UserUtilService   : Removing 8 users from all courses. Done
    23:46:24.447 | 393 ool-1-worker-157 | DEBUG | d.t.c.a.a.c.u.util.UserUtilService   : Save 6 users to database...
    23:46:24.459 | 393 ool-1-worker-157 | DEBUG | d.t.c.a.a.c.u.util.UserUtilService   : Save 6 users to database. Done
    23:46:24.507 | 393 ool-1-worker-157 | INFO  | i.z.t.d.l.EmbeddedDatabaseReporter   : JDBC URL to connect to 'dataSource': url='jdbc:h2:tcp://localhost:41063/mem:df70fc46-7e57-4cb5-9cd0-c1d90c14afa7;USER=sa', scope='TeamIntegrationTest#testUpdateTeam_Forbidden_OwnerChanged'
    23:46:24.539 | 393 ool-1-worker-157 | DEBUG | d.t.c.a.a.c.s.f.ApiVersionFilter     : Adding Version to Request PUT /api/exercises/2363/teams/129
    23:46:24.542 | 393 ool-1-worker-157 | DEBUG | d.t.c.a.a.exercise.web.TeamResource  : REST request to update Team : Team{id=129, name='Team 1', shortName='team1', image='null'}
    23:46:24.548 | 393 ool-1-worker-157 | WARN  | o.z.p.spring.common.AdviceTraits     : Forbidden: You are not allowed to access this resource

  Starting logs for TeamIntegrationTest > testSearchUsersInCourse_BadRequest()
    23:46:24.583 | 393 ool-1-worker-157 | DEBUG | d.t.c.a.a.c.u.util.UserUtilService   : Generate 3 students...
    23:46:24.596 | 393 ool-1-worker-157 | DEBUG | d.t.c.a.a.c.u.util.UserUtilService   : 3 students generated. Generate 2 tutors...
    23:46:24.603 | 393 ool-1-worker-157 | DEBUG | d.t.c.a.a.c.u.util.UserUtilService   : 2 tutors generated. Generate 0 editors...
    23:46:24.607 | 393 ool-1-worker-157 | DEBUG | d.t.c.a.a.c.u.util.UserUtilService   : 0 editors generated. Generate 1 instructors...
    23:46:24.613 | 393 ool-1-worker-157 | DEBUG | d.t.c.a.a.c.u.util.UserUtilService   : 1 instructors generated
    23:46:24.618 | 393 ool-1-worker-157 | DEBUG | d.t.c.a.a.c.u.util.UserUtilService   : Removing 8 users from all courses...
    23:46:24.619 | 393 ool-1-worker-157 | DEBUG | d.t.c.a.a.c.u.util.UserUtilService   : Removing 8 users from all courses. Done
    23:46:24.619 | 393 ool-1-worker-157 | DEBUG | d.t.c.a.a.c.u.util.UserUtilService   : Save 6 users to database...
    23:46:24.630 | 393 ool-1-worker-157 | DEBUG | d.t.c.a.a.c.u.util.UserUtilService   : Save 6 users to database. Done
    23:46:24.671 | 393 ool-1-worker-157 | INFO  | i.z.t.d.l.EmbeddedDatabaseReporter   : JDBC URL to connect to 'dataSource': url='jdbc:h2:tcp://localhost:41063/mem:df70fc46-7e57-4cb5-9cd0-c1d90c14afa7;USER=sa', scope='TeamIntegrationTest#testSearchUsersInCourse_BadRequest'
    23:46:24.674 | 393 ool-1-worker-157 | DEBUG | d.t.c.a.a.c.s.f.ApiVersionFilter     : Adding Version to Request GET /api/courses/1889/exercises/2364/team-search-users
    23:46:24.676 | 393 ool-1-worker-157 | DEBUG | d.t.c.a.a.exercise.web.TeamResource  : REST request to search Users for ab in course with id : 1889
    23:46:24.676 | 393 ool-1-worker-157 | WARN  | o.z.p.spring.common.AdviceTraits     : Bad Request: 400 BAD_REQUEST "Query param 'loginOrName' must be three characters or longer."

  Starting logs for TeamIntegrationTest > testCreateTeam_StudentsAlreadyAssigned_BadRequest()
    23:46:24.711 | 393 ool-1-worker-157 | DEBUG | d.t.c.a.a.c.u.util.UserUtilService   : Generate 3 students...
    23:46:24.723 | 393 ool-1-worker-157 | DEBUG | d.t.c.a.a.c.u.util.UserUtilService   : 3 students generated. Generate 2 tutors...
    23:46:24.732 | 393 ool-1-worker-157 | DEBUG | d.t.c.a.a.c.u.util.UserUtilService   : 2 tutors generated. Generate 0 editors...
    23:46:24.734 | 393 ool-1-worker-157 | DEBUG | d.t.c.a.a.c.u.util.UserUtilService   : 0 editors generated. Generate 1 instructors...
    23:46:24.743 | 393 ool-1-worker-157 | DEBUG | d.t.c.a.a.c.u.util.UserUtilService   : 1 instructors generated
    23:46:24.745 | 393 ool-1-worker-157 | DEBUG | d.t.c.a.a.c.u.util.UserUtilService   : Removing 6 users from all courses...
    23:46:24.750 | 393 ool-1-worker-157 | DEBUG | d.t.c.a.a.c.u.util.UserUtilService   : Removing 6 users from all courses. Done
    23:46:24.750 | 393 ool-1-worker-157 | DEBUG | d.t.c.a.a.c.u.util.UserUtilService   : Save 6 users to database...
    23:46:24.765 | 393 ool-1-worker-157 | DEBUG | d.t.c.a.a.c.u.util.UserUtilService   : Save 6 users to database. Done
    23:46:24.817 | 393 ool-1-worker-157 | INFO  | i.z.t.d.l.EmbeddedDatabaseReporter   : JDBC URL to connect to 'dataSource': url='jdbc:h2:tcp://localhost:41063/mem:df70fc46-7e57-4cb5-9cd0-c1d90c14afa7;USER=sa', scope='TeamIntegrationTest#testCreateTeam_StudentsAlreadyAssigned_BadRequest'
    23:46:24.823 | 393 ool-1-worker-157 | DEBUG | d.t.c.a.a.c.s.f.ApiVersionFilter     : Adding Version to Request POST /api/exercises/2365/teams
    23:46:24.824 | 393 ool-1-worker-157 | DEBUG | d.t.c.a.a.exercise.web.TeamResource  : REST request to save Team : Team{id=null, name='titTeam 2', shortName='titteam2', image='null'}
    23:46:24.841 | 393 ool-1-worker-157 | ERROR | tech.jhipster.web.util.HeaderUtil    : Entity processing failed, Student(s) have already been assigned to other teams.
    23:46:24.841 | 393 ool-1-worker-157 | WARN  | o.z.p.spring.common.AdviceTraits     : Bad Request: Student(s) have already been assigned to other teams.

  Starting logs for TeamIntegrationTest > testUpdateTeam_Forbidden_ShortNameChanged()
    23:46:24.887 | 393 ool-1-worker-157 | DEBUG | d.t.c.a.a.c.u.util.UserUtilService   : Generate 3 students...
    23:46:24.902 | 393 ool-1-worker-157 | DEBUG | d.t.c.a.a.c.u.util.UserUtilService   : 3 students generated. Generate 2 tutors...
    23:46:24.910 | 393 ool-1-worker-157 | DEBUG | d.t.c.a.a.c.u.util.UserUtilService   : 2 tutors generated. Generate 0 editors...
    23:46:24.915 | 393 ool-1-worker-157 | DEBUG | d.t.c.a.a.c.u.util.UserUtilService   : 0 editors generated. Generate 1 instructors...
    23:46:24.921 | 393 ool-1-worker-157 | DEBUG | d.t.c.a.a.c.u.util.UserUtilService   : 1 instructors generated
    23:46:24.925 | 393 ool-1-worker-157 | DEBUG | d.t.c.a.a.c.u.util.UserUtilService   : Removing 6 users from all courses...
    23:46:24.927 | 393 ool-1-worker-157 | DEBUG | d.t.c.a.a.c.u.util.UserUtilService   : Removing 6 users from all courses. Done
    23:46:24.927 | 393 ool-1-worker-157 | DEBUG | d.t.c.a.a.c.u.util.UserUtilService   : Save 6 users to database...
    23:46:24.942 | 393 ool-1-worker-157 | DEBUG | d.t.c.a.a.c.u.util.UserUtilService   : Save 6 users to database. Done
    23:46:24.993 | 393 ool-1-worker-157 | INFO  | i.z.t.d.l.EmbeddedDatabaseReporter   : JDBC URL to connect to 'dataSource': url='jdbc:h2:tcp://localhost:41063/mem:df70fc46-7e57-4cb5-9cd0-c1d90c14afa7;USER=sa', scope='TeamIntegrationTest#testUpdateTeam_Forbidden_ShortNameChanged'
    23:46:25.022 | 393 ool-1-worker-157 | DEBUG | d.t.c.a.a.c.s.f.ApiVersionFilter     : Adding Version to Request PUT /api/exercises/2366/teams/131
    23:46:25.026 | 393 ool-1-worker-157 | DEBUG | d.t.c.a.a.exercise.web.TeamResource  : REST request to update Team : Team{id=131, name='Team 1', shortName='titteam1 Updated', image='null'}
    23:46:25.029 | 393 ool-1-worker-157 | ERROR | tech.jhipster.web.util.HeaderUtil    : Entity processing failed, The team's short name cannot be changed after the team has been created.
    23:46:25.029 | 393 ool-1-worker-157 | WARN  | o.z.p.spring.common.AdviceTraits     : Bad Request: The team's short name cannot be changed after the team has been created.

  Starting logs for TeamIntegrationTest > testDeleteTeam_BadRequest()
    23:46:25.050 | 393 ool-1-worker-157 | DEBUG | d.t.c.a.a.c.u.util.UserUtilService   : Generate 3 students...
    23:46:25.056 | 393 ool-1-worker-157 | DEBUG | d.t.c.a.a.c.u.util.UserUtilService   : 3 students generated. Generate 2 tutors...
    23:46:25.060 | 393 ool-1-worker-157 | DEBUG | d.t.c.a.a.c.u.util.UserUtilService   : 2 tutors generated. Generate 0 editors...
    23:46:25.061 | 393 ool-1-worker-157 | DEBUG | d.t.c.a.a.c.u.util.UserUtilService   : 0 editors generated. Generate 1 instructors...
    23:46:25.064 | 393 ool-1-worker-157 | DEBUG | d.t.c.a.a.c.u.util.UserUtilService   : 1 instructors generated
    23:46:25.066 | 393 ool-1-worker-157 | DEBUG | d.t.c.a.a.c.u.util.UserUtilService   : Removing 8 users from all courses...
    23:46:25.068 | 393 ool-1-worker-157 | DEBUG | d.t.c.a.a.c.u.util.UserUtilService   : Removing 8 users from all courses. Done
    23:46:25.068 | 393 ool-1-worker-157 | DEBUG | d.t.c.a.a.c.u.util.UserUtilService   : Save 6 users to database...
    23:46:25.074 | 393 ool-1-worker-157 | DEBUG | d.t.c.a.a.c.u.util.UserUtilService   : Save 6 users to database. Done
    23:46:25.095 | 393 ool-1-worker-157 | INFO  | i.z.t.d.l.EmbeddedDatabaseReporter   : JDBC URL to connect to 'dataSource': url='jdbc:h2:tcp://localhost:41063/mem:df70fc46-7e57-4cb5-9cd0-c1d90c14afa7;USER=sa', scope='TeamIntegrationTest#testDeleteTeam_BadRequest'
    23:46:25.107 | 393 ool-1-worker-157 | DEBUG | d.t.c.a.a.c.s.f.ApiVersionFilter     : Adding Version to Request DELETE /api/exercises/2368/teams/132
    23:46:25.108 | 393 ool-1-worker-157 | INFO  | d.t.c.a.a.exercise.web.TeamResource  : REST request to delete Team with id 132 in exercise with id 2368
    23:46:25.111 | 393 ool-1-worker-157 | ERROR | tech.jhipster.web.util.HeaderUtil    : Entity processing failed, The team does not belong to the specified exercise id.
    23:46:25.111 | 393 ool-1-worker-157 | WARN  | o.z.p.spring.common.AdviceTraits     : Bad Request: The team does not belong to the specified exercise id.

  Starting logs for TeamIntegrationTest > testCreateTeam_BadRequest()
    23:46:25.124 | 393 ool-1-worker-157 | DEBUG | d.t.c.a.a.c.u.util.UserUtilService   : Generate 3 students...
    23:46:25.142 | 393 ool-1-worker-157 | DEBUG | d.t.c.a.a.c.u.util.UserUtilService   : 3 students generated. Generate 2 tutors...
    23:46:25.152 | 393 ool-1-worker-157 | DEBUG | d.t.c.a.a.c.u.util.UserUtilService   : 2 tutors generated. Generate 0 editors...
    23:46:25.159 | 393 ool-1-worker-157 | DEBUG | d.t.c.a.a.c.u.util.UserUtilService   : 0 editors generated. Generate 1 instructors...
    23:46:25.165 | 393 ool-1-worker-157 | DEBUG | d.t.c.a.a.c.u.util.UserUtilService   : 1 instructors generated
    23:46:25.167 | 393 ool-1-worker-157 | DEBUG | d.t.c.a.a.c.u.util.UserUtilService   : Removing 8 users from all courses...
    23:46:25.172 | 393 ool-1-worker-157 | DEBUG | d.t.c.a.a.c.u.util.UserUtilService   : Removing 8 users from all courses. Done
    23:46:25.172 | 393 ool-1-worker-157 | DEBUG | d.t.c.a.a.c.u.util.UserUtilService   : Save 6 users to database...
    23:46:25.183 | 393 ool-1-worker-157 | DEBUG | d.t.c.a.a.c.u.util.UserUtilService   : Save 6 users to database. Done
    23:46:25.223 | 393 ool-1-worker-157 | INFO  | i.z.t.d.l.EmbeddedDatabaseReporter   : JDBC URL to connect to 'dataSource': url='jdbc:h2:tcp://localhost:41063/mem:df70fc46-7e57-4cb5-9cd0-c1d90c14afa7;USER=sa', scope='TeamIntegrationTest#testCreateTeam_BadRequest'
    23:46:25.227 | 393 ool-1-worker-157 | DEBUG | d.t.c.a.a.c.s.f.ApiVersionFilter     : Adding Version to Request POST /api/exercises/2368/teams
    23:46:25.228 | 393 ool-1-worker-157 | DEBUG | d.t.c.a.a.exercise.web.TeamResource  : REST request to save Team : Team{id=1, name='null', shortName='null', image='null'}
    23:46:25.228 | 393 ool-1-worker-157 | ERROR | tech.jhipster.web.util.HeaderUtil    : Entity processing failed, A new team cannot already have an ID
    23:46:25.228 | 393 ool-1-worker-157 | WARN  | o.z.p.spring.common.AdviceTraits     : Bad Request: A new team cannot already have an ID

  Starting logs for TeamIntegrationTest > testCreateTeam()
    23:46:25.278 | 393 ool-1-worker-157 | DEBUG | d.t.c.a.a.c.u.util.UserUtilService   : Generate 3 students...
    23:46:25.295 | 393 ool-1-worker-157 | DEBUG | d.t.c.a.a.c.u.util.UserUtilService   : 3 students generated. Generate 2 tutors...
    23:46:25.302 | 393 ool-1-worker-157 | DEBUG | d.t.c.a.a.c.u.util.UserUtilService   : 2 tutors generated. Generate 0 editors...
    23:46:25.304 | 393 ool-1-worker-157 | DEBUG | d.t.c.a.a.c.u.util.UserUtilService   : 0 editors generated. Generate 1 instructors...
    23:46:25.313 | 393 ool-1-worker-157 | DEBUG | d.t.c.a.a.c.u.util.UserUtilService   : 1 instructors generated
    23:46:25.315 | 393 ool-1-worker-157 | DEBUG | d.t.c.a.a.c.u.util.UserUtilService   : Removing 6 users from all courses...
    23:46:25.320 | 393 ool-1-worker-157 | DEBUG | d.t.c.a.a.c.u.util.UserUtilService   : Removing 6 users from all courses. Done
    23:46:25.320 | 393 ool-1-worker-157 | DEBUG | d.t.c.a.a.c.u.util.UserUtilService   : Save 6 users to database...
    23:46:25.331 | 393 ool-1-worker-157 | DEBUG | d.t.c.a.a.c.u.util.UserUtilService   : Save 6 users to database. Done
    23:46:25.378 | 393 ool-1-worker-157 | INFO  | i.z.t.d.l.EmbeddedDatabaseReporter   : JDBC URL to connect to 'dataSource': url='jdbc:h2:tcp://localhost:41063/mem:df70fc46-7e57-4cb5-9cd0-c1d90c14afa7;USER=sa', scope='TeamIntegrationTest#testCreateTeam'
    23:46:25.380 | 393 ool-1-worker-157 | DEBUG | d.t.c.a.a.c.s.f.ApiVersionFilter     : Adding Version to Request POST /api/exercises/2369/teams
    23:46:25.384 | 393 ool-1-worker-157 | DEBUG | d.t.c.a.a.exercise.web.TeamResource  : REST request to save Team : Team{id=null, name='titTeam 1', shortName='titteam1', image='null'}

  Starting logs for TeamIntegrationTest > testUpdateTeam_Forbidden_AsTutorOfDifferentCourse()
    23:46:25.436 | 393 ool-1-worker-157 | DEBUG | d.t.c.a.a.c.u.util.UserUtilService   : Generate 3 students...
    23:46:25.454 | 393 ool-1-worker-157 | DEBUG | d.t.c.a.a.c.u.util.UserUtilService   : 3 students generated. Generate 2 tutors...
    23:46:25.464 | 393 ool-1-worker-157 | DEBUG | d.t.c.a.a.c.u.util.UserUtilService   : 2 tutors generated. Generate 0 editors...
    23:46:25.465 | 393 ool-1-worker-157 | DEBUG | d.t.c.a.a.c.u.util.UserUtilService   : 0 editors generated. Generate 1 instructors...
    23:46:25.474 | 393 ool-1-worker-157 | DEBUG | d.t.c.a.a.c.u.util.UserUtilService   : 1 instructors generated
    23:46:25.484 | 393 ool-1-worker-157 | DEBUG | d.t.c.a.a.c.u.util.UserUtilService   : Removing 6 users from all courses...
    23:46:25.490 | 393 ool-1-worker-157 | DEBUG | d.t.c.a.a.c.u.util.UserUtilService   : Removing 6 users from all courses. Done
    23:46:25.490 | 393 ool-1-worker-157 | DEBUG | d.t.c.a.a.c.u.util.UserUtilService   : Save 6 users to database...
    23:46:25.502 | 393 ool-1-worker-157 | DEBUG | d.t.c.a.a.c.u.util.UserUtilService   : Save 6 users to database. Done
    23:46:25.538 | 393 ool-1-worker-157 | INFO  | i.z.t.d.l.EmbeddedDatabaseReporter   : JDBC URL to connect to 'dataSource': url='jdbc:h2:tcp://localhost:41063/mem:df70fc46-7e57-4cb5-9cd0-c1d90c14afa7;USER=sa', scope='TeamIntegrationTest#testUpdateTeam_Forbidden_AsTutorOfDifferentCourse'
    23:46:25.554 | 393 ool-1-worker-157 | DEBUG | d.t.c.a.a.c.s.f.ApiVersionFilter     : Adding Version to Request PUT /api/exercises/2370/teams/134
    23:46:25.555 | 393 ool-1-worker-157 | DEBUG | d.t.c.a.a.exercise.web.TeamResource  : REST request to update Team : Team{id=134, name='Updated Team Name', shortName='team1', image='null'}
    23:46:25.611 | 393 ool-1-worker-157 | WARN  | o.z.p.spring.common.AdviceTraits     : Forbidden: You are not allowed to access this resource

  Starting logs for TeamIntegrationTest > testTeamAssignmentConfig()
    23:46:25.627 | 393 ool-1-worker-157 | DEBUG | d.t.c.a.a.c.u.util.UserUtilService   : Generate 3 students...
    23:46:25.633 | 393 ool-1-worker-157 | DEBUG | d.t.c.a.a.c.u.util.UserUtilService   : 3 students generated. Generate 2 tutors...
    23:46:25.638 | 393 ool-1-worker-157 | DEBUG | d.t.c.a.a.c.u.util.UserUtilService   : 2 tutors generated. Generate 0 editors...
    23:46:25.639 | 393 ool-1-worker-157 | DEBUG | d.t.c.a.a.c.u.util.UserUtilService   : 0 editors generated. Generate 1 instructors...
    23:46:25.642 | 393 ool-1-worker-157 | DEBUG | d.t.c.a.a.c.u.util.UserUtilService   : 1 instructors generated
    23:46:25.645 | 393 ool-1-worker-157 | DEBUG | d.t.c.a.a.c.u.util.UserUtilService   : Removing 8 users from all courses...
    23:46:25.646 | 393 ool-1-worker-157 | DEBUG | d.t.c.a.a.c.u.util.UserUtilService   : Removing 8 users from all courses. Done
    23:46:25.646 | 393 ool-1-worker-157 | DEBUG | d.t.c.a.a.c.u.util.UserUtilService   : Save 6 users to database...
    23:46:25.652 | 393 ool-1-worker-157 | DEBUG | d.t.c.a.a.c.u.util.UserUtilService   : Save 6 users to database. Done
    23:46:25.705 | 393 ool-1-worker-157 | INFO  | i.z.t.d.l.EmbeddedDatabaseReporter   : JDBC URL to connect to 'dataSource': url='jdbc:h2:tcp://localhost:41063/mem:df70fc46-7e57-4cb5-9cd0-c1d90c14afa7;USER=sa', scope='TeamIntegrationTest#testTeamAssignmentConfig'

  Starting logs for TeamIntegrationTest > testExistsTeamByShortName()
    23:46:25.725 | 393 ool-1-worker-157 | DEBUG | d.t.c.a.a.c.u.util.UserUtilService   : Generate 3 students...
    23:46:25.730 | 393 ool-1-worker-157 | DEBUG | d.t.c.a.a.c.u.util.UserUtilService   : 3 students generated. Generate 2 tutors...
    23:46:25.735 | 393 ool-1-worker-157 | DEBUG | d.t.c.a.a.c.u.util.UserUtilService   : 2 tutors generated. Generate 0 editors...
    23:46:25.736 | 393 ool-1-worker-157 | DEBUG | d.t.c.a.a.c.u.util.UserUtilService   : 0 editors generated. Generate 1 instructors...
    23:46:25.739 | 393 ool-1-worker-157 | DEBUG | d.t.c.a.a.c.u.util.UserUtilService   : 1 instructors generated
    23:46:25.742 | 393 ool-1-worker-157 | DEBUG | d.t.c.a.a.c.u.util.UserUtilService   : Removing 6 users from all courses...
    23:46:25.743 | 393 ool-1-worker-157 | DEBUG | d.t.c.a.a.c.u.util.UserUtilService   : Removing 6 users from all courses. Done
    23:46:25.743 | 393 ool-1-worker-157 | DEBUG | d.t.c.a.a.c.u.util.UserUtilService   : Save 6 users to database...
    23:46:25.749 | 393 ool-1-worker-157 | DEBUG | d.t.c.a.a.c.u.util.UserUtilService   : Save 6 users to database. Done
    23:46:25.770 | 393 ool-1-worker-157 | INFO  | i.z.t.d.l.EmbeddedDatabaseReporter   : JDBC URL to connect to 'dataSource': url='jdbc:h2:tcp://localhost:41063/mem:df70fc46-7e57-4cb5-9cd0-c1d90c14afa7;USER=sa', scope='TeamIntegrationTest#testExistsTeamByShortName'
    23:46:25.790 | 393 ool-1-worker-157 | DEBUG | d.t.c.a.a.c.s.f.ApiVersionFilter     : Adding Version to Request GET /api/courses/1897/teams/exists
    23:46:25.791 | 393 ool-1-worker-157 | DEBUG | d.t.c.a.a.exercise.web.TeamResource  : REST request to check Team existence for course with id 1897 for shortName : team1
    23:46:25.801 | 393 ool-1-worker-157 | DEBUG | d.t.c.a.a.c.s.f.ApiVersionFilter     : Adding Version to Request GET /api/courses/1897/teams/exists
    23:46:25.802 | 393 ool-1-worker-157 | DEBUG | d.t.c.a.a.exercise.web.TeamResource  : REST request to check Team existence for course with id 1897 for shortName : team1new

  Starting logs for TeamIntegrationTest > testDeleteTeam()
    23:46:25.855 | 393 ool-1-worker-157 | DEBUG | d.t.c.a.a.c.u.util.UserUtilService   : Generate 3 students...
    23:46:25.875 | 393 ool-1-worker-157 | DEBUG | d.t.c.a.a.c.u.util.UserUtilService   : 3 students generated. Generate 2 tutors...
    23:46:25.889 | 393 ool-1-worker-157 | DEBUG | d.t.c.a.a.c.u.util.UserUtilService   : 2 tutors generated. Generate 0 editors...
    23:46:25.891 | 393 ool-1-worker-157 | DEBUG | d.t.c.a.a.c.u.util.UserUtilService   : 0 editors generated. Generate 1 instructors...
    23:46:25.903 | 393 ool-1-worker-157 | DEBUG | d.t.c.a.a.c.u.util.UserUtilService   : 1 instructors generated
    23:46:25.910 | 393 ool-1-worker-157 | DEBUG | d.t.c.a.a.c.u.util.UserUtilService   : Removing 8 users from all courses...
    23:46:25.913 | 393 ool-1-worker-157 | DEBUG | d.t.c.a.a.c.u.util.UserUtilService   : Removing 8 users from all courses. Done
    23:46:25.913 | 393 ool-1-worker-157 | DEBUG | d.t.c.a.a.c.u.util.UserUtilService   : Save 6 users to database...
    23:46:25.925 | 393 ool-1-worker-157 | DEBUG | d.t.c.a.a.c.u.util.UserUtilService   : Save 6 users to database. Done
    23:46:25.973 | 393 ool-1-worker-157 | INFO  | i.z.t.d.l.EmbeddedDatabaseReporter   : JDBC URL to connect to 'dataSource': url='jdbc:h2:tcp://localhost:41063/mem:df70fc46-7e57-4cb5-9cd0-c1d90c14afa7;USER=sa', scope='TeamIntegrationTest#testDeleteTeam'
    23:46:26.005 | 393 ool-1-worker-157 | DEBUG | d.t.c.a.a.c.s.f.ApiVersionFilter     : Adding Version to Request DELETE /api/exercises/2373/teams/136
    23:46:26.009 | 393 ool-1-worker-157 | INFO  | d.t.c.a.a.exercise.web.TeamResource  : REST request to delete Team with id 136 in exercise with id 2373
    23:46:26.018 | 393 ool-1-worker-157 | INFO  | d.t.c.a.a.e.s.ParticipationService   : Request to delete all participations of Team with id : 136

  Starting logs for TeamIntegrationTest > getCourseWithExercisesAndParticipationsForTeam_AsStudentNotInTeam_Forbidden()
    23:46:26.062 | 393 ool-1-worker-157 | DEBUG | d.t.c.a.a.c.u.util.UserUtilService   : Generate 3 students...
    23:46:26.075 | 393 ool-1-worker-157 | DEBUG | d.t.c.a.a.c.u.util.UserUtilService   : 3 students generated. Generate 2 tutors...
    23:46:26.085 | 393 ool-1-worker-157 | DEBUG | d.t.c.a.a.c.u.util.UserUtilService   : 2 tutors generated. Generate 0 editors...
    23:46:26.087 | 393 ool-1-worker-157 | DEBUG | d.t.c.a.a.c.u.util.UserUtilService   : 0 editors generated. Generate 1 instructors...
    23:46:26.091 | 393 ool-1-worker-157 | DEBUG | d.t.c.a.a.c.u.util.UserUtilService   : 1 instructors generated
    23:46:26.097 | 393 ool-1-worker-157 | DEBUG | d.t.c.a.a.c.u.util.UserUtilService   : Removing 8 users from all courses...
    23:46:26.100 | 393 ool-1-worker-157 | DEBUG | d.t.c.a.a.c.u.util.UserUtilService   : Removing 8 users from all courses. Done
    23:46:26.100 | 393 ool-1-worker-157 | DEBUG | d.t.c.a.a.c.u.util.UserUtilService   : Save 6 users to database...
    23:46:26.114 | 393 ool-1-worker-157 | DEBUG | d.t.c.a.a.c.u.util.UserUtilService   : Save 6 users to database. Done
    23:46:26.158 | 393 ool-1-worker-157 | INFO  | i.z.t.d.l.EmbeddedDatabaseReporter   : JDBC URL to connect to 'dataSource': url='jdbc:h2:tcp://localhost:41063/mem:df70fc46-7e57-4cb5-9cd0-c1d90c14afa7;USER=sa', scope='TeamIntegrationTest#getCourseWithExercisesAndParticipationsForTeam_AsStudentNotInTeam_Forbidden'
    23:46:26.191 | 393 ool-1-worker-157 | DEBUG | d.t.c.a.a.c.s.f.ApiVersionFilter     : Adding Version to Request GET /api/courses/1899/teams/titteam_forb1/with-exercises-and-participations
    23:46:26.194 | 393 ool-1-worker-157 | DEBUG | d.t.c.a.a.exercise.web.TeamResource  : REST request to get Course 1899 with exercises and participations for Team with short name titteam_forb1
    23:46:26.206 | 393 ool-1-worker-157 | WARN  | o.z.p.spring.common.AdviceTraits     : Forbidden: You are not allowed to access this resource

  Starting logs for TeamIntegrationTest > testGetTeamsForExercise_Forbidden()
    23:46:26.251 | 393 ool-1-worker-157 | DEBUG | d.t.c.a.a.c.u.util.UserUtilService   : Generate 3 students...
    23:46:26.271 | 393 ool-1-worker-157 | DEBUG | d.t.c.a.a.c.u.util.UserUtilService   : 3 students generated. Generate 2 tutors...
    23:46:26.286 | 393 ool-1-worker-157 | DEBUG | d.t.c.a.a.c.u.util.UserUtilService   : 2 tutors generated. Generate 0 editors...
    23:46:26.288 | 393 ool-1-worker-157 | DEBUG | d.t.c.a.a.c.u.util.UserUtilService   : 0 editors generated. Generate 1 instructors...
    23:46:26.297 | 393 ool-1-worker-157 | DEBUG | d.t.c.a.a.c.u.util.UserUtilService   : 1 instructors generated
    23:46:26.302 | 393 ool-1-worker-157 | DEBUG | d.t.c.a.a.c.u.util.UserUtilService   : Removing 8 users from all courses...
    23:46:26.303 | 393 ool-1-worker-157 | DEBUG | d.t.c.a.a.c.u.util.UserUtilService   : Removing 8 users from all courses. Done
    23:46:26.303 | 393 ool-1-worker-157 | DEBUG | d.t.c.a.a.c.u.util.UserUtilService   : Save 6 users to database...
    23:46:26.311 | 393 ool-1-worker-157 | DEBUG | d.t.c.a.a.c.u.util.UserUtilService   : Save 6 users to database. Done
    23:46:26.330 | 393 ool-1-worker-157 | INFO  | i.z.t.d.l.EmbeddedDatabaseReporter   : JDBC URL to connect to 'dataSource': url='jdbc:h2:tcp://localhost:41063/mem:df70fc46-7e57-4cb5-9cd0-c1d90c14afa7;USER=sa', scope='TeamIntegrationTest#testGetTeamsForExercise_Forbidden'
    23:46:26.386 | 393 ool-1-worker-157 | DEBUG | d.t.c.a.a.c.s.f.ApiVersionFilter     : Adding Version to Request GET /api/exercises/2375/teams
    23:46:26.387 | 393 ool-1-worker-157 | DEBUG | d.t.c.a.a.exercise.web.TeamResource  : REST request to get all Teams for the exercise with id : 2375
    23:46:26.393 | 393 ool-1-worker-157 | WARN  | o.z.p.spring.common.AdviceTraits     : Forbidden: You are not allowed to access the Course with id 1900

  Starting logs for TeamIntegrationTest > testTeamOperationsAsStudent()
    23:46:26.424 | 393 ool-1-worker-157 | DEBUG | d.t.c.a.a.c.u.util.UserUtilService   : Generate 3 students...
    23:46:26.436 | 393 ool-1-worker-157 | DEBUG | d.t.c.a.a.c.u.util.UserUtilService   : 3 students generated. Generate 2 tutors...
    23:46:26.447 | 393 ool-1-worker-157 | DEBUG | d.t.c.a.a.c.u.util.UserUtilService   : 2 tutors generated. Generate 0 editors...
    23:46:26.448 | 393 ool-1-worker-157 | DEBUG | d.t.c.a.a.c.u.util.UserUtilService   : 0 editors generated. Generate 1 instructors...
    23:46:26.457 | 393 ool-1-worker-157 | DEBUG | d.t.c.a.a.c.u.util.UserUtilService   : 1 instructors generated
    23:46:26.460 | 393 ool-1-worker-157 | DEBUG | d.t.c.a.a.c.u.util.UserUtilService   : Removing 15 users from all courses...
    23:46:26.465 | 393 ool-1-worker-157 | DEBUG | d.t.c.a.a.c.u.util.UserUtilService   : Removing 15 users from all courses. Done
    23:46:26.465 | 393 ool-1-worker-157 | DEBUG | d.t.c.a.a.c.u.util.UserUtilService   : Save 6 users to database...
    23:46:26.477 | 393 ool-1-worker-157 | DEBUG | d.t.c.a.a.c.u.util.UserUtilService   : Save 6 users to database. Done
    23:46:26.517 | 393 ool-1-worker-157 | INFO  | i.z.t.d.l.EmbeddedDatabaseReporter   : JDBC URL to connect to 'dataSource': url='jdbc:h2:tcp://localhost:41063/mem:df70fc46-7e57-4cb5-9cd0-c1d90c14afa7;USER=sa', scope='TeamIntegrationTest#testTeamOperationsAsStudent'
    23:46:26.545 | 393 ool-1-worker-157 | DEBUG | d.t.c.a.a.c.s.f.ApiVersionFilter     : Adding Version to Request POST /api/exercises/2376/teams
    23:46:26.547 | 393 ool-1-worker-157 | WARN  | o.z.p.spring.common.AdviceTraits     : Forbidden: Access Denied
    23:46:26.552 | 393 ool-1-worker-157 | DEBUG | d.t.c.a.a.c.s.f.ApiVersionFilter     : Adding Version to Request PUT /api/exercises/2376/teams/141
    23:46:26.554 | 393 ool-1-worker-157 | WARN  | o.z.p.spring.common.AdviceTraits     : Forbidden: Access Denied
    23:46:26.559 | 393 ool-1-worker-157 | DEBUG | d.t.c.a.a.c.s.f.ApiVersionFilter     : Adding Version to Request GET /api/exercises/2376/teams/141
    23:46:26.560 | 393 ool-1-worker-157 | DEBUG | d.t.c.a.a.exercise.web.TeamResource  : REST request to get Team : 141
    23:46:26.570 | 393 ool-1-worker-157 | WARN  | o.z.p.spring.common.AdviceTraits     : Forbidden: You are not allowed to access this resource
    23:46:26.572 | 393 ool-1-worker-157 | DEBUG | d.t.c.a.a.c.s.f.ApiVersionFilter     : Adding Version to Request GET /api/exercises/2376/teams
    23:46:26.576 | 393 ool-1-worker-157 | WARN  | o.z.p.spring.common.AdviceTraits     : Forbidden: Access Denied
    23:46:26.577 | 393 ool-1-worker-157 | DEBUG | d.t.c.a.a.c.s.f.ApiVersionFilter     : Adding Version to Request DELETE /api/exercises/2376/teams/141
    23:46:26.582 | 393 ool-1-worker-157 | WARN  | o.z.p.spring.common.AdviceTraits     : Forbidden: Access Denied
    23:46:26.584 | 393 ool-1-worker-157 | DEBUG | d.t.c.a.a.c.s.f.ApiVersionFilter     : Adding Version to Request GET /api/courses/1901/teams/exists
    23:46:26.589 | 393 ool-1-worker-157 | WARN  | o.z.p.spring.common.AdviceTraits     : Forbidden: Access Denied
    23:46:26.590 | 393 ool-1-worker-157 | DEBUG | d.t.c.a.a.c.s.f.ApiVersionFilter     : Adding Version to Request GET /api/courses/1901/exercises/2376/team-search-users
    23:46:26.595 | 393 ool-1-worker-157 | WARN  | o.z.p.spring.common.AdviceTraits     : Forbidden: Access Denied

  Starting logs for TeamIntegrationTest > testUpdateTeam_BadRequest()
    23:46:26.630 | 393 ool-1-worker-157 | DEBUG | d.t.c.a.a.c.u.util.UserUtilService   : Generate 3 students...
    23:46:26.642 | 393 ool-1-worker-157 | DEBUG | d.t.c.a.a.c.u.util.UserUtilService   : 3 students generated. Generate 2 tutors...
    23:46:26.649 | 393 ool-1-worker-157 | DEBUG | d.t.c.a.a.c.u.util.UserUtilService   : 2 tutors generated. Generate 0 editors...
    23:46:26.654 | 393 ool-1-worker-157 | DEBUG | d.t.c.a.a.c.u.util.UserUtilService   : 0 editors generated. Generate 1 instructors...
    23:46:26.660 | 393 ool-1-worker-157 | DEBUG | d.t.c.a.a.c.u.util.UserUtilService   : 1 instructors generated
    23:46:26.668 | 393 ool-1-worker-157 | DEBUG | d.t.c.a.a.c.u.util.UserUtilService   : Removing 10 users from all courses...
    23:46:26.670 | 393 ool-1-worker-157 | DEBUG | d.t.c.a.a.c.u.util.UserUtilService   : Removing 10 users from all courses. Done
    23:46:26.670 | 393 ool-1-worker-157 | DEBUG | d.t.c.a.a.c.u.util.UserUtilService   : Save 6 users to database...
    23:46:26.681 | 393 ool-1-worker-157 | DEBUG | d.t.c.a.a.c.u.util.UserUtilService   : Save 6 users to database. Done
    23:46:26.719 | 393 ool-1-worker-157 | INFO  | i.z.t.d.l.EmbeddedDatabaseReporter   : JDBC URL to connect to 'dataSource': url='jdbc:h2:tcp://localhost:41063/mem:df70fc46-7e57-4cb5-9cd0-c1d90c14afa7;USER=sa', scope='TeamIntegrationTest#testUpdateTeam_BadRequest'
    23:46:26.724 | 393 ool-1-worker-157 | DEBUG | d.t.c.a.a.c.s.f.ApiVersionFilter     : Adding Version to Request PUT /api/exercises/2377/teams/1
    23:46:26.725 | 393 ool-1-worker-157 | DEBUG | d.t.c.a.a.exercise.web.TeamResource  : REST request to update Team : Team{id=null, name='null', shortName='null', image='null'}
    23:46:26.728 | 393 ool-1-worker-157 | ERROR | tech.jhipster.web.util.HeaderUtil    : Entity processing failed, Invalid id
    23:46:26.728 | 393 ool-1-worker-157 | WARN  | o.z.p.spring.common.AdviceTraits     : Bad Request: Invalid id
    23:46:26.755 | 393 ool-1-worker-157 | DEBUG | d.t.c.a.a.c.s.f.ApiVersionFilter     : Adding Version to Request PUT /api/exercises/2377/teams/143
    23:46:26.759 | 393 ool-1-worker-157 | DEBUG | d.t.c.a.a.exercise.web.TeamResource  : REST request to update Team : Team{id=142, name='Team 1', shortName='team1', image='null'}
    23:46:26.760 | 393 ool-1-worker-157 | ERROR | tech.jhipster.web.util.HeaderUtil    : Entity processing failed, The team has an incorrect id.
    23:46:26.760 | 393 ool-1-worker-157 | WARN  | o.z.p.spring.common.AdviceTraits     : Bad Request: The team has an incorrect id.
    23:46:26.761 | 393 ool-1-worker-157 | DEBUG | d.t.c.a.a.c.s.f.ApiVersionFilter     : Adding Version to Request PUT /api/exercises/2378/teams/142
    23:46:26.765 | 393 ool-1-worker-157 | DEBUG | d.t.c.a.a.exercise.web.TeamResource  : REST request to update Team : Team{id=142, name='Team 1', shortName='team1', image='null'}
    23:46:26.767 | 393 ool-1-worker-157 | ERROR | tech.jhipster.web.util.HeaderUtil    : Entity processing failed, The team does not belong to the specified exercise id.
    23:46:26.767 | 393 ool-1-worker-157 | WARN  | o.z.p.spring.common.AdviceTraits     : Bad Request: The team does not belong to the specified exercise id.

  Starting logs for TeamIntegrationTest > testUpdateTeam_StudentsAlreadyAssigned_BadRequest()
    23:46:26.803 | 393 ool-1-worker-157 | DEBUG | d.t.c.a.a.c.u.util.UserUtilService   : Generate 3 students...
    23:46:26.815 | 393 ool-1-worker-157 | DEBUG | d.t.c.a.a.c.u.util.UserUtilService   : 3 students generated. Generate 2 tutors...
    23:46:26.826 | 393 ool-1-worker-157 | DEBUG | d.t.c.a.a.c.u.util.UserUtilService   : 2 tutors generated. Generate 0 editors...
    23:46:26.827 | 393 ool-1-worker-157 | DEBUG | d.t.c.a.a.c.u.util.UserUtilService   : 0 editors generated. Generate 1 instructors...
    23:46:26.833 | 393 ool-1-worker-157 | DEBUG | d.t.c.a.a.c.u.util.UserUtilService   : 1 instructors generated
    23:46:26.839 | 393 ool-1-worker-157 | DEBUG | d.t.c.a.a.c.u.util.UserUtilService   : Removing 8 users from all courses...
    23:46:26.843 | 393 ool-1-worker-157 | DEBUG | d.t.c.a.a.c.u.util.UserUtilService   : Removing 8 users from all courses. Done
    23:46:26.843 | 393 ool-1-worker-157 | DEBUG | d.t.c.a.a.c.u.util.UserUtilService   : Save 6 users to database...
    23:46:26.854 | 393 ool-1-worker-157 | DEBUG | d.t.c.a.a.c.u.util.UserUtilService   : Save 6 users to database. Done
    23:46:26.889 | 393 ool-1-worker-157 | INFO  | i.z.t.d.l.EmbeddedDatabaseReporter   : JDBC URL to connect to 'dataSource': url='jdbc:h2:tcp://localhost:41063/mem:df70fc46-7e57-4cb5-9cd0-c1d90c14afa7;USER=sa', scope='TeamIntegrationTest#testUpdateTeam_StudentsAlreadyAssigned_BadRequest'
    23:46:26.900 | 393 ool-1-worker-157 | DEBUG | d.t.c.a.a.c.s.f.ApiVersionFilter     : Adding Version to Request PUT /api/exercises/2378/teams/143
    23:46:26.904 | 393 ool-1-worker-157 | DEBUG | d.t.c.a.a.exercise.web.TeamResource  : REST request to update Team : Team{id=143, name='titTeam 1', shortName='titteam1', image='null'}
    23:46:26.916 | 393 ool-1-worker-157 | ERROR | tech.jhipster.web.util.HeaderUtil    : Entity processing failed, Student(s) have already been assigned to other teams.
    23:46:26.916 | 393 ool-1-worker-157 | WARN  | o.z.p.spring.common.AdviceTraits     : Bad Request: Student(s) have already been assigned to other teams.

  Starting logs for TeamIntegrationTest > testGetTeam_NotFound()
    23:46:26.942 | 393 ool-1-worker-157 | DEBUG | d.t.c.a.a.c.u.util.UserUtilService   : Generate 3 students...
    23:46:26.948 | 393 ool-1-worker-157 | DEBUG | d.t.c.a.a.c.u.util.UserUtilService   : 3 students generated. Generate 2 tutors...
    23:46:26.952 | 393 ool-1-worker-157 | DEBUG | d.t.c.a.a.c.u.util.UserUtilService   : 2 tutors generated. Generate 0 editors...
    23:46:26.953 | 393 ool-1-worker-157 | DEBUG | d.t.c.a.a.c.u.util.UserUtilService   : 0 editors generated. Generate 1 instructors...
    23:46:26.956 | 393 ool-1-worker-157 | DEBUG | d.t.c.a.a.c.u.util.UserUtilService   : 1 instructors generated
    23:46:26.958 | 393 ool-1-worker-157 | DEBUG | d.t.c.a.a.c.u.util.UserUtilService   : Removing 6 users from all courses...
    23:46:26.959 | 393 ool-1-worker-157 | DEBUG | d.t.c.a.a.c.u.util.UserUtilService   : Removing 6 users from all courses. Done
    23:46:26.959 | 393 ool-1-worker-157 | DEBUG | d.t.c.a.a.c.u.util.UserUtilService   : Save 6 users to database...
    23:46:26.964 | 393 ool-1-worker-157 | DEBUG | d.t.c.a.a.c.u.util.UserUtilService   : Save 6 users to database. Done
    23:46:26.982 | 393 ool-1-worker-157 | INFO  | i.z.t.d.l.EmbeddedDatabaseReporter   : JDBC URL to connect to 'dataSource': url='jdbc:h2:tcp://localhost:41063/mem:df70fc46-7e57-4cb5-9cd0-c1d90c14afa7;USER=sa', scope='TeamIntegrationTest#testGetTeam_NotFound'
    23:46:26.984 | 393 ool-1-worker-157 | DEBUG | d.t.c.a.a.c.s.f.ApiVersionFilter     : Adding Version to Request GET /api/exercises/2379/teams/123456789
    23:46:26.985 | 393 ool-1-worker-157 | DEBUG | d.t.c.a.a.exercise.web.TeamResource  : REST request to get Team : 123456789
    23:46:26.987 | 393 ool-1-worker-157 | WARN  | o.z.p.spring.common.AdviceTraits     : Not Found: Team with identifier: "123456789" does not exist

  Starting logs for TeamIntegrationTest > testDeleteTeam_Forbidden_AsInstructorOfDifferentCourse()
    23:46:27.003 | 393 ool-1-worker-157 | DEBUG | d.t.c.a.a.c.u.util.UserUtilService   : Generate 3 students...
    23:46:27.009 | 393 ool-1-worker-157 | DEBUG | d.t.c.a.a.c.u.util.UserUtilService   : 3 students generated. Generate 2 tutors...
    23:46:27.013 | 393 ool-1-worker-157 | DEBUG | d.t.c.a.a.c.u.util.UserUtilService   : 2 tutors generated. Generate 0 editors...
    23:46:27.014 | 393 ool-1-worker-157 | DEBUG | d.t.c.a.a.c.u.util.UserUtilService   : 0 editors generated. Generate 1 instructors...
    23:46:27.017 | 393 ool-1-worker-157 | DEBUG | d.t.c.a.a.c.u.util.UserUtilService   : 1 instructors generated
    23:46:27.019 | 393 ool-1-worker-157 | DEBUG | d.t.c.a.a.c.u.util.UserUtilService   : Removing 6 users from all courses...
    23:46:27.020 | 393 ool-1-worker-157 | DEBUG | d.t.c.a.a.c.u.util.UserUtilService   : Removing 6 users from all courses. Done
    23:46:27.020 | 393 ool-1-worker-157 | DEBUG | d.t.c.a.a.c.u.util.UserUtilService   : Save 6 users to database...
    23:46:27.026 | 393 ool-1-worker-157 | DEBUG | d.t.c.a.a.c.u.util.UserUtilService   : Save 6 users to database. Done
    23:46:27.049 | 393 ool-1-worker-157 | INFO  | i.z.t.d.l.EmbeddedDatabaseReporter   : JDBC URL to connect to 'dataSource': url='jdbc:h2:tcp://localhost:41063/mem:df70fc46-7e57-4cb5-9cd0-c1d90c14afa7;USER=sa', scope='TeamIntegrationTest#testDeleteTeam_Forbidden_AsInstructorOfDifferentCourse'
    23:46:27.066 | 393 ool-1-worker-157 | DEBUG | d.t.c.a.a.c.s.f.ApiVersionFilter     : Adding Version to Request DELETE /api/exercises/2380/teams/145
    23:46:27.066 | 393 ool-1-worker-157 | INFO  | d.t.c.a.a.exercise.web.TeamResource  : REST request to delete Team with id 145 in exercise with id 2380
    23:46:27.071 | 393 ool-1-worker-157 | WARN  | o.z.p.spring.common.AdviceTraits     : Forbidden: You are not allowed to access the Course with id 1905

  Starting logs for TeamIntegrationTest > testDeleteTeam_NotFound()
    23:46:27.092 | 393 ool-1-worker-157 | DEBUG | d.t.c.a.a.c.u.util.UserUtilService   : Generate 3 students...
    23:46:27.099 | 393 ool-1-worker-157 | DEBUG | d.t.c.a.a.c.u.util.UserUtilService   : 3 students generated. Generate 2 tutors...
    23:46:27.103 | 393 ool-1-worker-157 | DEBUG | d.t.c.a.a.c.u.util.UserUtilService   : 2 tutors generated. Generate 0 editors...
    23:46:27.105 | 393 ool-1-worker-157 | DEBUG | d.t.c.a.a.c.u.util.UserUtilService   : 0 editors generated. Generate 1 instructors...
    23:46:27.107 | 393 ool-1-worker-157 | DEBUG | d.t.c.a.a.c.u.util.UserUtilService   : 1 instructors generated
    23:46:27.110 | 393 ool-1-worker-157 | DEBUG | d.t.c.a.a.c.u.util.UserUtilService   : Removing 8 users from all courses...
    23:46:27.111 | 393 ool-1-worker-157 | DEBUG | d.t.c.a.a.c.u.util.UserUtilService   : Removing 8 users from all courses. Done
    23:46:27.111 | 393 ool-1-worker-157 | DEBUG | d.t.c.a.a.c.u.util.UserUtilService   : Save 6 users to database...
    23:46:27.116 | 393 ool-1-worker-157 | DEBUG | d.t.c.a.a.c.u.util.UserUtilService   : Save 6 users to database. Done
    23:46:27.135 | 393 ool-1-worker-157 | INFO  | i.z.t.d.l.EmbeddedDatabaseReporter   : JDBC URL to connect to 'dataSource': url='jdbc:h2:tcp://localhost:41063/mem:df70fc46-7e57-4cb5-9cd0-c1d90c14afa7;USER=sa', scope='TeamIntegrationTest#testDeleteTeam_NotFound'
    23:46:27.136 | 393 ool-1-worker-157 | DEBUG | d.t.c.a.a.c.s.f.ApiVersionFilter     : Adding Version to Request DELETE /api/exercises/2381/teams/123456789
    23:46:27.136 | 393 ool-1-worker-157 | INFO  | d.t.c.a.a.exercise.web.TeamResource  : REST request to delete Team with id 123456789 in exercise with id 2381
    23:46:27.140 | 393 ool-1-worker-157 | WARN  | o.z.p.spring.common.AdviceTraits     : Not Found: Team with identifier: "123456789" does not exist

Finished logs for TeamIntegrationTest
]]></system-out>
  <system-err><![CDATA[[Fatal Error] .project:1:1: Premature end of file.
[Fatal Error] pom.xml:1:1: Premature end of file.
]]></system-err>
</testsuite>
