<?xml version="1.0" encoding="UTF-8"?>
<testsuite name="de.tum.cit.aet.artemis.lecture.OnlineUnitIntegrationTest" tests="22" skipped="0" failures="0" errors="0" timestamp="2025-02-14T23:46:59" hostname="fv-az1721-502" time="1.258">
  <properties/>
  <testcase name="createOnlineUnit_InstructorNotInCourse_shouldReturnForbidden()" classname="de.tum.cit.aet.artemis.lecture.OnlineUnitIntegrationTest" time="0.04"/>
  <testcase name="getOnlineUnit_incorrectId_shouldReturnBadRequest()" classname="de.tum.cit.aet.artemis.lecture.OnlineUnitIntegrationTest" time="0.06"/>
  <testcase name="createOnlineUnit_withId_shouldReturnBadRequest()" classname="de.tum.cit.aet.artemis.lecture.OnlineUnitIntegrationTest" time="0.049"/>
  <testcase name="createOnlineUnit_invalidUrl_shouldReturnBadRequest()" classname="de.tum.cit.aet.artemis.lecture.OnlineUnitIntegrationTest" time="0.041"/>
  <testcase name="updateOnlineUnit_noId_shouldReturnBadRequest()" classname="de.tum.cit.aet.artemis.lecture.OnlineUnitIntegrationTest" time="0.053"/>
  <testcase name="createOnlineUnit_asInstructor_shouldCreateOnlineUnit()" classname="de.tum.cit.aet.artemis.lecture.OnlineUnitIntegrationTest" time="0.06"/>
  <testcase name="updateOnlineUnit_asInstructor_shouldUpdateOnlineUnit()" classname="de.tum.cit.aet.artemis.lecture.OnlineUnitIntegrationTest" time="0.085"/>
  <testcase name="deleteOnlineUnit_correctId_shouldDeleteOnlineUnit()" classname="de.tum.cit.aet.artemis.lecture.OnlineUnitIntegrationTest" time="0.065"/>
  <testcase name="getOnlineResource(String) [1] link=https://www.google.de" classname="de.tum.cit.aet.artemis.lecture.OnlineUnitIntegrationTest" time="0.055"/>
  <testcase name="getOnlineResource(String) [2] link=HTTP://example.com:80?query=1" classname="de.tum.cit.aet.artemis.lecture.OnlineUnitIntegrationTest" time="0.042"/>
  <testcase name="getOnlineUnit_correctId_shouldReturnOnlineUnit()" classname="de.tum.cit.aet.artemis.lecture.OnlineUnitIntegrationTest" time="0.052"/>
  <testcase name="updateOnlineUnit_noLecture_shouldReturnBadRequest()" classname="de.tum.cit.aet.artemis.lecture.OnlineUnitIntegrationTest" time="0.052"/>
  <testcase name="updateOnlineUnit_asInstructor_shouldKeepOrdering()" classname="de.tum.cit.aet.artemis.lecture.OnlineUnitIntegrationTest" time="0.052"/>
  <testcase name="getOnlineResource_malformedUrl(String) [1] link=abc" classname="de.tum.cit.aet.artemis.lecture.OnlineUnitIntegrationTest" time="0.043"/>
  <testcase name="getOnlineResource_malformedUrl(String) [2] link=123" classname="de.tum.cit.aet.artemis.lecture.OnlineUnitIntegrationTest" time="0.068"/>
  <testcase name="getOnlineResource_malformedUrl(String) [3] link=file://" classname="de.tum.cit.aet.artemis.lecture.OnlineUnitIntegrationTest" time="0.062"/>
  <testcase name="getOnlineResource_malformedUrl(String) [4] link=ftp://" classname="de.tum.cit.aet.artemis.lecture.OnlineUnitIntegrationTest" time="0.043"/>
  <testcase name="getOnlineResource_malformedUrl(String) [5] link=http://127.0.0.1" classname="de.tum.cit.aet.artemis.lecture.OnlineUnitIntegrationTest" time="0.045"/>
  <testcase name="getOnlineResource_malformedUrl(String) [6] link=http://localhost:80" classname="de.tum.cit.aet.artemis.lecture.OnlineUnitIntegrationTest" time="0.079"/>
  <testcase name="testAll_asTutor()" classname="de.tum.cit.aet.artemis.lecture.OnlineUnitIntegrationTest" time="0.043"/>
  <testcase name="testAll_asStudent()" classname="de.tum.cit.aet.artemis.lecture.OnlineUnitIntegrationTest" time="0.051"/>
  <testcase name="updateOnlineUnit_InstructorNotInCourse_shouldReturnForbidden()" classname="de.tum.cit.aet.artemis.lecture.OnlineUnitIntegrationTest" time="0.06"/>
  <system-out><![CDATA[
Starting logs for OnlineUnitIntegrationTest

  Starting logs for OnlineUnitIntegrationTest > createOnlineUnit_InstructorNotInCourse_shouldReturnForbidden()
    23:46:59.112 | 417 ool-1-worker-181 | DEBUG | d.t.c.a.a.c.u.util.UserUtilService   : Generate 1 students...
    23:46:59.114 | 417 ool-1-worker-181 | DEBUG | d.t.c.a.a.c.u.util.UserUtilService   : 1 students generated. Generate 1 tutors...
    23:46:59.116 | 417 ool-1-worker-181 | DEBUG | d.t.c.a.a.c.u.util.UserUtilService   : 1 tutors generated. Generate 0 editors...
    23:46:59.117 | 417 ool-1-worker-181 | DEBUG | d.t.c.a.a.c.u.util.UserUtilService   : 0 editors generated. Generate 1 instructors...
    23:46:59.119 | 417 ool-1-worker-181 | DEBUG | d.t.c.a.a.c.u.util.UserUtilService   : 1 instructors generated
    23:46:59.121 | 417 ool-1-worker-181 | DEBUG | d.t.c.a.a.c.u.util.UserUtilService   : Removing 3 users from all courses...
    23:46:59.122 | 417 ool-1-worker-181 | DEBUG | d.t.c.a.a.c.u.util.UserUtilService   : Removing 3 users from all courses. Done
    23:46:59.122 | 417 ool-1-worker-181 | DEBUG | d.t.c.a.a.c.u.util.UserUtilService   : Save 3 users to database...
    23:46:59.125 | 417 ool-1-worker-181 | DEBUG | d.t.c.a.a.c.u.util.UserUtilService   : Save 3 users to database. Done
    23:46:59.132 | 417 ool-1-worker-181 | INFO  | i.z.t.d.l.EmbeddedDatabaseReporter   : JDBC URL to connect to 'dataSource': url='jdbc:h2:tcp://localhost:41063/mem:df70fc46-7e57-4cb5-9cd0-c1d90c14afa7;USER=sa', scope='OnlineUnitIntegrationTest#createOnlineUnit_InstructorNotInCourse_shouldReturnForbidden'
    23:46:59.134 | 417 ool-1-worker-181 | DEBUG | d.t.c.a.a.c.s.f.ApiVersionFilter     : Adding Version to Request POST /api/lectures/785/online-units
    23:46:59.135 | 417 ool-1-worker-181 | DEBUG | d.t.c.a.a.l.web.OnlineUnitResource   : REST request to create onlineUnit : de.tum.cit.aet.artemis.lecture.domain.OnlineUnit@0
    23:46:59.138 | 417 ool-1-worker-181 | WARN  | o.z.p.spring.common.AdviceTraits     : Forbidden: You are not allowed to access the Course with id 2266

  Starting logs for OnlineUnitIntegrationTest > getOnlineUnit_incorrectId_shouldReturnBadRequest()
    23:46:59.154 | 417 ool-1-worker-181 | DEBUG | d.t.c.a.a.c.u.util.UserUtilService   : Generate 1 students...
    23:46:59.157 | 417 ool-1-worker-181 | DEBUG | d.t.c.a.a.c.u.util.UserUtilService   : 1 students generated. Generate 1 tutors...
    23:46:59.160 | 417 ool-1-worker-181 | DEBUG | d.t.c.a.a.c.u.util.UserUtilService   : 1 tutors generated. Generate 0 editors...
    23:46:59.161 | 417 ool-1-worker-181 | DEBUG | d.t.c.a.a.c.u.util.UserUtilService   : 0 editors generated. Generate 1 instructors...
    23:46:59.164 | 417 ool-1-worker-181 | DEBUG | d.t.c.a.a.c.u.util.UserUtilService   : 1 instructors generated
    23:46:59.166 | 417 ool-1-worker-181 | DEBUG | d.t.c.a.a.c.u.util.UserUtilService   : Removing 3 users from all courses...
    23:46:59.167 | 417 ool-1-worker-181 | DEBUG | d.t.c.a.a.c.u.util.UserUtilService   : Removing 3 users from all courses. Done
    23:46:59.167 | 417 ool-1-worker-181 | DEBUG | d.t.c.a.a.c.u.util.UserUtilService   : Save 3 users to database...
    23:46:59.174 | 417 ool-1-worker-181 | DEBUG | d.t.c.a.a.c.u.util.UserUtilService   : Save 3 users to database. Done
    23:46:59.187 | 417 ool-1-worker-181 | INFO  | i.z.t.d.l.EmbeddedDatabaseReporter   : JDBC URL to connect to 'dataSource': url='jdbc:h2:tcp://localhost:41063/mem:df70fc46-7e57-4cb5-9cd0-c1d90c14afa7;USER=sa', scope='OnlineUnitIntegrationTest#getOnlineUnit_incorrectId_shouldReturnBadRequest'
    23:46:59.194 | 417 ool-1-worker-181 | DEBUG | d.t.c.a.a.c.s.f.ApiVersionFilter     : Adding Version to Request GET /api/lectures/999/online-units/872
    23:46:59.195 | 417 ool-1-worker-181 | DEBUG | d.t.c.a.a.l.web.OnlineUnitResource   : REST request to get onlineUnit : 872
    23:46:59.198 | 417 ool-1-worker-181 | ERROR | tech.jhipster.web.util.HeaderUtil    : Entity processing failed, Requested lecture unit is not part of the specified lecture
    23:46:59.198 | 417 ool-1-worker-181 | WARN  | o.z.p.spring.common.AdviceTraits     : Bad Request: Requested lecture unit is not part of the specified lecture

  Starting logs for OnlineUnitIntegrationTest > createOnlineUnit_withId_shouldReturnBadRequest()
    23:46:59.216 | 417 ool-1-worker-181 | DEBUG | d.t.c.a.a.c.u.util.UserUtilService   : Generate 1 students...
    23:46:59.221 | 417 ool-1-worker-181 | DEBUG | d.t.c.a.a.c.u.util.UserUtilService   : 1 students generated. Generate 1 tutors...
    23:46:59.224 | 417 ool-1-worker-181 | DEBUG | d.t.c.a.a.c.u.util.UserUtilService   : 1 tutors generated. Generate 0 editors...
    23:46:59.225 | 417 ool-1-worker-181 | DEBUG | d.t.c.a.a.c.u.util.UserUtilService   : 0 editors generated. Generate 1 instructors...
    23:46:59.228 | 417 ool-1-worker-181 | DEBUG | d.t.c.a.a.c.u.util.UserUtilService   : 1 instructors generated
    23:46:59.230 | 417 ool-1-worker-181 | DEBUG | d.t.c.a.a.c.u.util.UserUtilService   : Removing 3 users from all courses...
    23:46:59.230 | 417 ool-1-worker-181 | DEBUG | d.t.c.a.a.c.u.util.UserUtilService   : Removing 3 users from all courses. Done
    23:46:59.230 | 417 ool-1-worker-181 | DEBUG | d.t.c.a.a.c.u.util.UserUtilService   : Save 3 users to database...
    23:46:59.239 | 417 ool-1-worker-181 | DEBUG | d.t.c.a.a.c.u.util.UserUtilService   : Save 3 users to database. Done
    23:46:59.250 | 417 ool-1-worker-181 | INFO  | i.z.t.d.l.EmbeddedDatabaseReporter   : JDBC URL to connect to 'dataSource': url='jdbc:h2:tcp://localhost:41063/mem:df70fc46-7e57-4cb5-9cd0-c1d90c14afa7;USER=sa', scope='OnlineUnitIntegrationTest#createOnlineUnit_withId_shouldReturnBadRequest'
    23:46:59.251 | 417 ool-1-worker-181 | DEBUG | d.t.c.a.a.c.s.f.ApiVersionFilter     : Adding Version to Request POST /api/lectures/787/online-units
    23:46:59.252 | 417 ool-1-worker-181 | DEBUG | d.t.c.a.a.l.web.OnlineUnitResource   : REST request to create onlineUnit : de.tum.cit.aet.artemis.lecture.domain.OnlineUnit@3e7
    23:46:59.253 | 417 ool-1-worker-181 | WARN  | o.z.p.spring.common.AdviceTraits     : Bad Request: HTTP 400 Bad Request

  Starting logs for OnlineUnitIntegrationTest > createOnlineUnit_invalidUrl_shouldReturnBadRequest()
    23:46:59.267 | 417 ool-1-worker-181 | DEBUG | d.t.c.a.a.c.u.util.UserUtilService   : Generate 1 students...
    23:46:59.270 | 417 ool-1-worker-181 | DEBUG | d.t.c.a.a.c.u.util.UserUtilService   : 1 students generated. Generate 1 tutors...
    23:46:59.273 | 417 ool-1-worker-181 | DEBUG | d.t.c.a.a.c.u.util.UserUtilService   : 1 tutors generated. Generate 0 editors...
    23:46:59.274 | 417 ool-1-worker-181 | DEBUG | d.t.c.a.a.c.u.util.UserUtilService   : 0 editors generated. Generate 1 instructors...
    23:46:59.277 | 417 ool-1-worker-181 | DEBUG | d.t.c.a.a.c.u.util.UserUtilService   : 1 instructors generated
    23:46:59.279 | 417 ool-1-worker-181 | DEBUG | d.t.c.a.a.c.u.util.UserUtilService   : Removing 3 users from all courses...
    23:46:59.280 | 417 ool-1-worker-181 | DEBUG | d.t.c.a.a.c.u.util.UserUtilService   : Removing 3 users from all courses. Done
    23:46:59.280 | 417 ool-1-worker-181 | DEBUG | d.t.c.a.a.c.u.util.UserUtilService   : Save 3 users to database...
    23:46:59.283 | 417 ool-1-worker-181 | DEBUG | d.t.c.a.a.c.u.util.UserUtilService   : Save 3 users to database. Done
    23:46:59.293 | 417 ool-1-worker-181 | INFO  | i.z.t.d.l.EmbeddedDatabaseReporter   : JDBC URL to connect to 'dataSource': url='jdbc:h2:tcp://localhost:41063/mem:df70fc46-7e57-4cb5-9cd0-c1d90c14afa7;USER=sa', scope='OnlineUnitIntegrationTest#createOnlineUnit_invalidUrl_shouldReturnBadRequest'
    23:46:59.294 | 417 ool-1-worker-181 | DEBUG | d.t.c.a.a.c.s.f.ApiVersionFilter     : Adding Version to Request POST /api/lectures/788/online-units
    23:46:59.295 | 417 ool-1-worker-181 | DEBUG | d.t.c.a.a.l.web.OnlineUnitResource   : REST request to create onlineUnit : de.tum.cit.aet.artemis.lecture.domain.OnlineUnit@0
    23:46:59.296 | 417 ool-1-worker-181 | WARN  | o.z.p.spring.common.AdviceTraits     : Bad Request: HTTP 400 Bad Request

  Starting logs for OnlineUnitIntegrationTest > updateOnlineUnit_noId_shouldReturnBadRequest()
    23:46:59.310 | 417 ool-1-worker-181 | DEBUG | d.t.c.a.a.c.u.util.UserUtilService   : Generate 1 students...
    23:46:59.313 | 417 ool-1-worker-181 | DEBUG | d.t.c.a.a.c.u.util.UserUtilService   : 1 students generated. Generate 1 tutors...
    23:46:59.316 | 417 ool-1-worker-181 | DEBUG | d.t.c.a.a.c.u.util.UserUtilService   : 1 tutors generated. Generate 0 editors...
    23:46:59.317 | 417 ool-1-worker-181 | DEBUG | d.t.c.a.a.c.u.util.UserUtilService   : 0 editors generated. Generate 1 instructors...
    23:46:59.320 | 417 ool-1-worker-181 | DEBUG | d.t.c.a.a.c.u.util.UserUtilService   : 1 instructors generated
    23:46:59.322 | 417 ool-1-worker-181 | DEBUG | d.t.c.a.a.c.u.util.UserUtilService   : Removing 3 users from all courses...
    23:46:59.322 | 417 ool-1-worker-181 | DEBUG | d.t.c.a.a.c.u.util.UserUtilService   : Removing 3 users from all courses. Done
    23:46:59.322 | 417 ool-1-worker-181 | DEBUG | d.t.c.a.a.c.u.util.UserUtilService   : Save 3 users to database...
    23:46:59.325 | 417 ool-1-worker-181 | DEBUG | d.t.c.a.a.c.u.util.UserUtilService   : Save 3 users to database. Done
    23:46:59.335 | 417 ool-1-worker-181 | INFO  | i.z.t.d.l.EmbeddedDatabaseReporter   : JDBC URL to connect to 'dataSource': url='jdbc:h2:tcp://localhost:41063/mem:df70fc46-7e57-4cb5-9cd0-c1d90c14afa7;USER=sa', scope='OnlineUnitIntegrationTest#updateOnlineUnit_noId_shouldReturnBadRequest'
    23:46:59.343 | 417 ool-1-worker-181 | DEBUG | d.t.c.a.a.c.s.f.ApiVersionFilter     : Adding Version to Request PUT /api/lectures/789/online-units
    23:46:59.344 | 417 ool-1-worker-181 | DEBUG | d.t.c.a.a.l.web.OnlineUnitResource   : REST request to update an online unit : de.tum.cit.aet.artemis.lecture.domain.OnlineUnit@0
    23:46:59.345 | 417 ool-1-worker-181 | WARN  | o.z.p.spring.common.AdviceTraits     : Bad Request: HTTP 400 Bad Request

  Starting logs for OnlineUnitIntegrationTest > createOnlineUnit_asInstructor_shouldCreateOnlineUnit()
    23:46:59.365 | 417 ool-1-worker-181 | DEBUG | d.t.c.a.a.c.u.util.UserUtilService   : Generate 1 students...
    23:46:59.369 | 417 ool-1-worker-181 | DEBUG | d.t.c.a.a.c.u.util.UserUtilService   : 1 students generated. Generate 1 tutors...
    23:46:59.371 | 417 ool-1-worker-181 | DEBUG | d.t.c.a.a.c.u.util.UserUtilService   : 1 tutors generated. Generate 0 editors...
    23:46:59.373 | 417 ool-1-worker-181 | DEBUG | d.t.c.a.a.c.u.util.UserUtilService   : 0 editors generated. Generate 1 instructors...
    23:46:59.376 | 417 ool-1-worker-181 | DEBUG | d.t.c.a.a.c.u.util.UserUtilService   : 1 instructors generated
    23:46:59.378 | 417 ool-1-worker-181 | DEBUG | d.t.c.a.a.c.u.util.UserUtilService   : Removing 3 users from all courses...
    23:46:59.379 | 417 ool-1-worker-181 | DEBUG | d.t.c.a.a.c.u.util.UserUtilService   : Removing 3 users from all courses. Done
    23:46:59.379 | 417 ool-1-worker-181 | DEBUG | d.t.c.a.a.c.u.util.UserUtilService   : Save 3 users to database...
    23:46:59.382 | 417 ool-1-worker-181 | DEBUG | d.t.c.a.a.c.u.util.UserUtilService   : Save 3 users to database. Done
    23:46:59.392 | 417 ool-1-worker-181 | INFO  | i.z.t.d.l.EmbeddedDatabaseReporter   : JDBC URL to connect to 'dataSource': url='jdbc:h2:tcp://localhost:41063/mem:df70fc46-7e57-4cb5-9cd0-c1d90c14afa7;USER=sa', scope='OnlineUnitIntegrationTest#createOnlineUnit_asInstructor_shouldCreateOnlineUnit'
    23:46:59.393 | 417 ool-1-worker-181 | DEBUG | d.t.c.a.a.c.s.f.ApiVersionFilter     : Adding Version to Request POST /api/lectures/790/online-units
    23:46:59.394 | 417 ool-1-worker-181 | DEBUG | d.t.c.a.a.l.web.OnlineUnitResource   : REST request to create onlineUnit : de.tum.cit.aet.artemis.lecture.domain.OnlineUnit@0
    23:46:59.410 | 621 artemis-task-1   | DEBUG | .a.a.a.s.c.CompetencyProgressService : Updating competency progress for 0 users.

  Starting logs for OnlineUnitIntegrationTest > updateOnlineUnit_asInstructor_shouldUpdateOnlineUnit()
    23:46:59.430 | 417 ool-1-worker-181 | DEBUG | d.t.c.a.a.c.u.util.UserUtilService   : Generate 1 students...
    23:46:59.435 | 417 ool-1-worker-181 | DEBUG | d.t.c.a.a.c.u.util.UserUtilService   : 1 students generated. Generate 1 tutors...
    23:46:59.442 | 417 ool-1-worker-181 | DEBUG | d.t.c.a.a.c.u.util.UserUtilService   : 1 tutors generated. Generate 0 editors...
    23:46:59.444 | 417 ool-1-worker-181 | DEBUG | d.t.c.a.a.c.u.util.UserUtilService   : 0 editors generated. Generate 1 instructors...
    23:46:59.449 | 417 ool-1-worker-181 | DEBUG | d.t.c.a.a.c.u.util.UserUtilService   : 1 instructors generated
    23:46:59.452 | 417 ool-1-worker-181 | DEBUG | d.t.c.a.a.c.u.util.UserUtilService   : Removing 3 users from all courses...
    23:46:59.452 | 417 ool-1-worker-181 | DEBUG | d.t.c.a.a.c.u.util.UserUtilService   : Removing 3 users from all courses. Done
    23:46:59.452 | 417 ool-1-worker-181 | DEBUG | d.t.c.a.a.c.u.util.UserUtilService   : Save 3 users to database...
    23:46:59.458 | 417 ool-1-worker-181 | DEBUG | d.t.c.a.a.c.u.util.UserUtilService   : Save 3 users to database. Done
    23:46:59.471 | 417 ool-1-worker-181 | INFO  | i.z.t.d.l.EmbeddedDatabaseReporter   : JDBC URL to connect to 'dataSource': url='jdbc:h2:tcp://localhost:41063/mem:df70fc46-7e57-4cb5-9cd0-c1d90c14afa7;USER=sa', scope='OnlineUnitIntegrationTest#updateOnlineUnit_asInstructor_shouldUpdateOnlineUnit'
    23:46:59.489 | 417 ool-1-worker-181 | DEBUG | d.t.c.a.a.c.s.f.ApiVersionFilter     : Adding Version to Request PUT /api/lectures/791/online-units
    23:46:59.490 | 417 ool-1-worker-181 | DEBUG | d.t.c.a.a.l.web.OnlineUnitResource   : REST request to update an online unit : de.tum.cit.aet.artemis.lecture.domain.OnlineUnit@36b
    23:46:59.500 | 621 artemis-task-1   | DEBUG | .a.a.a.s.c.CompetencyProgressService : Updating competency progress for 0 users.

  Starting logs for OnlineUnitIntegrationTest > deleteOnlineUnit_correctId_shouldDeleteOnlineUnit()
    23:46:59.514 | 417 ool-1-worker-181 | DEBUG | d.t.c.a.a.c.u.util.UserUtilService   : Generate 1 students...
    23:46:59.517 | 417 ool-1-worker-181 | DEBUG | d.t.c.a.a.c.u.util.UserUtilService   : 1 students generated. Generate 1 tutors...
    23:46:59.521 | 417 ool-1-worker-181 | DEBUG | d.t.c.a.a.c.u.util.UserUtilService   : 1 tutors generated. Generate 0 editors...
    23:46:59.522 | 417 ool-1-worker-181 | DEBUG | d.t.c.a.a.c.u.util.UserUtilService   : 0 editors generated. Generate 1 instructors...
    23:46:59.524 | 417 ool-1-worker-181 | DEBUG | d.t.c.a.a.c.u.util.UserUtilService   : 1 instructors generated
    23:46:59.527 | 417 ool-1-worker-181 | DEBUG | d.t.c.a.a.c.u.util.UserUtilService   : Removing 3 users from all courses...
    23:46:59.528 | 417 ool-1-worker-181 | DEBUG | d.t.c.a.a.c.u.util.UserUtilService   : Removing 3 users from all courses. Done
    23:46:59.528 | 417 ool-1-worker-181 | DEBUG | d.t.c.a.a.c.u.util.UserUtilService   : Save 3 users to database...
    23:46:59.531 | 417 ool-1-worker-181 | DEBUG | d.t.c.a.a.c.u.util.UserUtilService   : Save 3 users to database. Done
    23:46:59.543 | 417 ool-1-worker-181 | INFO  | i.z.t.d.l.EmbeddedDatabaseReporter   : JDBC URL to connect to 'dataSource': url='jdbc:h2:tcp://localhost:41063/mem:df70fc46-7e57-4cb5-9cd0-c1d90c14afa7;USER=sa', scope='OnlineUnitIntegrationTest#deleteOnlineUnit_correctId_shouldDeleteOnlineUnit'
    23:46:59.555 | 417 ool-1-worker-181 | DEBUG | d.t.c.a.a.c.s.f.ApiVersionFilter     : Adding Version to Request DELETE /api/lectures/792/lecture-units/876
    23:46:59.555 | 417 ool-1-worker-181 | INFO  | d.t.c.a.a.l.web.LectureUnitResource  : REST request to delete lecture unit: 876
    23:46:59.562 | 621 artemis-task-1   | DEBUG | .a.a.a.s.c.CompetencyProgressService : Updating competency progress for 0 users.
    23:46:59.563 | 417 ool-1-worker-181 | DEBUG | d.t.c.a.a.c.s.f.ApiVersionFilter     : Adding Version to Request GET /api/lectures/792/online-units/876
    23:46:59.564 | 417 ool-1-worker-181 | DEBUG | d.t.c.a.a.l.web.OnlineUnitResource   : REST request to get onlineUnit : 876
    23:46:59.566 | 417 ool-1-worker-181 | WARN  | o.z.p.spring.common.AdviceTraits     : Not Found: OnlineUnit with identifier: "876" does not exist

  Starting logs for OnlineUnitIntegrationTest > getOnlineResource(String) [1] link=https://www.google.de
    23:46:59.585 | 417 ool-1-worker-181 | DEBUG | d.t.c.a.a.c.u.util.UserUtilService   : Generate 1 students...
    23:46:59.588 | 417 ool-1-worker-181 | DEBUG | d.t.c.a.a.c.u.util.UserUtilService   : 1 students generated. Generate 1 tutors...
    23:46:59.591 | 417 ool-1-worker-181 | DEBUG | d.t.c.a.a.c.u.util.UserUtilService   : 1 tutors generated. Generate 0 editors...
    23:46:59.592 | 417 ool-1-worker-181 | DEBUG | d.t.c.a.a.c.u.util.UserUtilService   : 0 editors generated. Generate 1 instructors...
    23:46:59.595 | 417 ool-1-worker-181 | DEBUG | d.t.c.a.a.c.u.util.UserUtilService   : 1 instructors generated
    23:46:59.597 | 417 ool-1-worker-181 | DEBUG | d.t.c.a.a.c.u.util.UserUtilService   : Removing 3 users from all courses...
    23:46:59.597 | 417 ool-1-worker-181 | DEBUG | d.t.c.a.a.c.u.util.UserUtilService   : Removing 3 users from all courses. Done
    23:46:59.597 | 417 ool-1-worker-181 | DEBUG | d.t.c.a.a.c.u.util.UserUtilService   : Save 3 users to database...
    23:46:59.600 | 417 ool-1-worker-181 | DEBUG | d.t.c.a.a.c.u.util.UserUtilService   : Save 3 users to database. Done
    23:46:59.610 | 417 ool-1-worker-181 | INFO  | i.z.t.d.l.EmbeddedDatabaseReporter   : JDBC URL to connect to 'dataSource': url='jdbc:h2:tcp://localhost:41063/mem:df70fc46-7e57-4cb5-9cd0-c1d90c14afa7;USER=sa', scope='OnlineUnitIntegrationTest#getOnlineResource'
    23:46:59.612 | 417 ool-1-worker-181 | DEBUG | d.t.c.a.a.c.s.f.ApiVersionFilter     : Adding Version to Request GET /api/lectures/online-units/fetch-online-resource
    23:46:59.622 | 417 ool-1-worker-181 | INFO  | d.t.c.a.a.l.web.OnlineUnitResource   : Requesting online resource at https://www.google.de

  Starting logs for OnlineUnitIntegrationTest > getOnlineResource(String) [2] link=HTTP://example.com:80?query=1
    23:46:59.642 | 417 ool-1-worker-181 | DEBUG | d.t.c.a.a.c.u.util.UserUtilService   : Generate 1 students...
    23:46:59.645 | 417 ool-1-worker-181 | DEBUG | d.t.c.a.a.c.u.util.UserUtilService   : 1 students generated. Generate 1 tutors...
    23:46:59.648 | 417 ool-1-worker-181 | DEBUG | d.t.c.a.a.c.u.util.UserUtilService   : 1 tutors generated. Generate 0 editors...
    23:46:59.649 | 417 ool-1-worker-181 | DEBUG | d.t.c.a.a.c.u.util.UserUtilService   : 0 editors generated. Generate 1 instructors...
    23:46:59.652 | 417 ool-1-worker-181 | DEBUG | d.t.c.a.a.c.u.util.UserUtilService   : 1 instructors generated
    23:46:59.654 | 417 ool-1-worker-181 | DEBUG | d.t.c.a.a.c.u.util.UserUtilService   : Removing 3 users from all courses...
    23:46:59.654 | 417 ool-1-worker-181 | DEBUG | d.t.c.a.a.c.u.util.UserUtilService   : Removing 3 users from all courses. Done
    23:46:59.654 | 417 ool-1-worker-181 | DEBUG | d.t.c.a.a.c.u.util.UserUtilService   : Save 3 users to database...
    23:46:59.657 | 417 ool-1-worker-181 | DEBUG | d.t.c.a.a.c.u.util.UserUtilService   : Save 3 users to database. Done
    23:46:59.667 | 417 ool-1-worker-181 | INFO  | i.z.t.d.l.EmbeddedDatabaseReporter   : JDBC URL to connect to 'dataSource': url='jdbc:h2:tcp://localhost:41063/mem:df70fc46-7e57-4cb5-9cd0-c1d90c14afa7;USER=sa', scope='OnlineUnitIntegrationTest#getOnlineResource'
    23:46:59.668 | 417 ool-1-worker-181 | DEBUG | d.t.c.a.a.c.s.f.ApiVersionFilter     : Adding Version to Request GET /api/lectures/online-units/fetch-online-resource
    23:46:59.668 | 417 ool-1-worker-181 | INFO  | d.t.c.a.a.l.web.OnlineUnitResource   : Requesting online resource at http://example.com:80?query=1

  Starting logs for OnlineUnitIntegrationTest > getOnlineUnit_correctId_shouldReturnOnlineUnit()
    23:46:59.686 | 417 ool-1-worker-181 | DEBUG | d.t.c.a.a.c.u.util.UserUtilService   : Generate 1 students...
    23:46:59.690 | 417 ool-1-worker-181 | DEBUG | d.t.c.a.a.c.u.util.UserUtilService   : 1 students generated. Generate 1 tutors...
    23:46:59.692 | 417 ool-1-worker-181 | DEBUG | d.t.c.a.a.c.u.util.UserUtilService   : 1 tutors generated. Generate 0 editors...
    23:46:59.694 | 417 ool-1-worker-181 | DEBUG | d.t.c.a.a.c.u.util.UserUtilService   : 0 editors generated. Generate 1 instructors...
    23:46:59.696 | 417 ool-1-worker-181 | DEBUG | d.t.c.a.a.c.u.util.UserUtilService   : 1 instructors generated
    23:46:59.698 | 417 ool-1-worker-181 | DEBUG | d.t.c.a.a.c.u.util.UserUtilService   : Removing 3 users from all courses...
    23:46:59.699 | 417 ool-1-worker-181 | DEBUG | d.t.c.a.a.c.u.util.UserUtilService   : Removing 3 users from all courses. Done
    23:46:59.699 | 417 ool-1-worker-181 | DEBUG | d.t.c.a.a.c.u.util.UserUtilService   : Save 3 users to database...
    23:46:59.702 | 417 ool-1-worker-181 | DEBUG | d.t.c.a.a.c.u.util.UserUtilService   : Save 3 users to database. Done
    23:46:59.711 | 417 ool-1-worker-181 | INFO  | i.z.t.d.l.EmbeddedDatabaseReporter   : JDBC URL to connect to 'dataSource': url='jdbc:h2:tcp://localhost:41063/mem:df70fc46-7e57-4cb5-9cd0-c1d90c14afa7;USER=sa', scope='OnlineUnitIntegrationTest#getOnlineUnit_correctId_shouldReturnOnlineUnit'
    23:46:59.720 | 417 ool-1-worker-181 | DEBUG | d.t.c.a.a.c.s.f.ApiVersionFilter     : Adding Version to Request GET /api/lectures/795/online-units/877
    23:46:59.720 | 417 ool-1-worker-181 | DEBUG | d.t.c.a.a.l.web.OnlineUnitResource   : REST request to get onlineUnit : 877

  Starting logs for OnlineUnitIntegrationTest > updateOnlineUnit_noLecture_shouldReturnBadRequest()
    23:46:59.744 | 417 ool-1-worker-181 | DEBUG | d.t.c.a.a.c.u.util.UserUtilService   : Generate 1 students...
    23:46:59.747 | 417 ool-1-worker-181 | DEBUG | d.t.c.a.a.c.u.util.UserUtilService   : 1 students generated. Generate 1 tutors...
    23:46:59.750 | 417 ool-1-worker-181 | DEBUG | d.t.c.a.a.c.u.util.UserUtilService   : 1 tutors generated. Generate 0 editors...
    23:46:59.751 | 417 ool-1-worker-181 | DEBUG | d.t.c.a.a.c.u.util.UserUtilService   : 0 editors generated. Generate 1 instructors...
    23:46:59.754 | 417 ool-1-worker-181 | DEBUG | d.t.c.a.a.c.u.util.UserUtilService   : 1 instructors generated
    23:46:59.756 | 417 ool-1-worker-181 | DEBUG | d.t.c.a.a.c.u.util.UserUtilService   : Removing 3 users from all courses...
    23:46:59.757 | 417 ool-1-worker-181 | DEBUG | d.t.c.a.a.c.u.util.UserUtilService   : Removing 3 users from all courses. Done
    23:46:59.757 | 417 ool-1-worker-181 | DEBUG | d.t.c.a.a.c.u.util.UserUtilService   : Save 3 users to database...
    23:46:59.760 | 417 ool-1-worker-181 | DEBUG | d.t.c.a.a.c.u.util.UserUtilService   : Save 3 users to database. Done
    23:46:59.769 | 417 ool-1-worker-181 | INFO  | i.z.t.d.l.EmbeddedDatabaseReporter   : JDBC URL to connect to 'dataSource': url='jdbc:h2:tcp://localhost:41063/mem:df70fc46-7e57-4cb5-9cd0-c1d90c14afa7;USER=sa', scope='OnlineUnitIntegrationTest#updateOnlineUnit_noLecture_shouldReturnBadRequest'
    23:46:59.777 | 417 ool-1-worker-181 | DEBUG | d.t.c.a.a.c.s.f.ApiVersionFilter     : Adding Version to Request PUT /api/lectures/796/online-units
    23:46:59.778 | 417 ool-1-worker-181 | DEBUG | d.t.c.a.a.l.web.OnlineUnitResource   : REST request to update an online unit : de.tum.cit.aet.artemis.lecture.domain.OnlineUnit@36e
    23:46:59.779 | 417 ool-1-worker-181 | WARN  | o.z.p.spring.common.AdviceTraits     : Bad Request: HTTP 400 Bad Request

  Starting logs for OnlineUnitIntegrationTest > updateOnlineUnit_asInstructor_shouldKeepOrdering()
    23:46:59.794 | 417 ool-1-worker-181 | DEBUG | d.t.c.a.a.c.u.util.UserUtilService   : Generate 1 students...
    23:46:59.797 | 417 ool-1-worker-181 | DEBUG | d.t.c.a.a.c.u.util.UserUtilService   : 1 students generated. Generate 1 tutors...
    23:46:59.800 | 417 ool-1-worker-181 | DEBUG | d.t.c.a.a.c.u.util.UserUtilService   : 1 tutors generated. Generate 0 editors...
    23:46:59.801 | 417 ool-1-worker-181 | DEBUG | d.t.c.a.a.c.u.util.UserUtilService   : 0 editors generated. Generate 1 instructors...
    23:46:59.804 | 417 ool-1-worker-181 | DEBUG | d.t.c.a.a.c.u.util.UserUtilService   : 1 instructors generated
    23:46:59.806 | 417 ool-1-worker-181 | DEBUG | d.t.c.a.a.c.u.util.UserUtilService   : Removing 3 users from all courses...
    23:46:59.807 | 417 ool-1-worker-181 | DEBUG | d.t.c.a.a.c.u.util.UserUtilService   : Removing 3 users from all courses. Done
    23:46:59.807 | 417 ool-1-worker-181 | DEBUG | d.t.c.a.a.c.u.util.UserUtilService   : Save 3 users to database...
    23:46:59.810 | 417 ool-1-worker-181 | DEBUG | d.t.c.a.a.c.u.util.UserUtilService   : Save 3 users to database. Done
    23:46:59.819 | 417 ool-1-worker-181 | INFO  | i.z.t.d.l.EmbeddedDatabaseReporter   : JDBC URL to connect to 'dataSource': url='jdbc:h2:tcp://localhost:41063/mem:df70fc46-7e57-4cb5-9cd0-c1d90c14afa7;USER=sa', scope='OnlineUnitIntegrationTest#updateOnlineUnit_asInstructor_shouldKeepOrdering'
    23:46:59.829 | 417 ool-1-worker-181 | DEBUG | d.t.c.a.a.c.s.f.ApiVersionFilter     : Adding Version to Request PUT /api/lectures/797/online-units
    23:46:59.830 | 417 ool-1-worker-181 | DEBUG | d.t.c.a.a.l.web.OnlineUnitResource   : REST request to update an online unit : de.tum.cit.aet.artemis.lecture.domain.OnlineUnit@370

  Starting logs for OnlineUnitIntegrationTest > getOnlineResource_malformedUrl(String) [1] link=abc
    23:46:59.853 | 417 ool-1-worker-181 | DEBUG | d.t.c.a.a.c.u.util.UserUtilService   : Generate 1 students...
    23:46:59.856 | 417 ool-1-worker-181 | DEBUG | d.t.c.a.a.c.u.util.UserUtilService   : 1 students generated. Generate 1 tutors...
    23:46:59.859 | 417 ool-1-worker-181 | DEBUG | d.t.c.a.a.c.u.util.UserUtilService   : 1 tutors generated. Generate 0 editors...
    23:46:59.861 | 417 ool-1-worker-181 | DEBUG | d.t.c.a.a.c.u.util.UserUtilService   : 0 editors generated. Generate 1 instructors...
    23:46:59.863 | 417 ool-1-worker-181 | DEBUG | d.t.c.a.a.c.u.util.UserUtilService   : 1 instructors generated
    23:46:59.865 | 417 ool-1-worker-181 | DEBUG | d.t.c.a.a.c.u.util.UserUtilService   : Removing 3 users from all courses...
    23:46:59.866 | 417 ool-1-worker-181 | DEBUG | d.t.c.a.a.c.u.util.UserUtilService   : Removing 3 users from all courses. Done
    23:46:59.866 | 417 ool-1-worker-181 | DEBUG | d.t.c.a.a.c.u.util.UserUtilService   : Save 3 users to database...
    23:46:59.869 | 417 ool-1-worker-181 | DEBUG | d.t.c.a.a.c.u.util.UserUtilService   : Save 3 users to database. Done
    23:46:59.879 | 417 ool-1-worker-181 | INFO  | i.z.t.d.l.EmbeddedDatabaseReporter   : JDBC URL to connect to 'dataSource': url='jdbc:h2:tcp://localhost:41063/mem:df70fc46-7e57-4cb5-9cd0-c1d90c14afa7;USER=sa', scope='OnlineUnitIntegrationTest#getOnlineResource_malformedUrl'
    23:46:59.879 | 417 ool-1-worker-181 | DEBUG | d.t.c.a.a.c.s.f.ApiVersionFilter     : Adding Version to Request GET /api/lectures/online-units/fetch-online-resource
    23:46:59.881 | 417 ool-1-worker-181 | WARN  | o.z.p.spring.common.AdviceTraits     : Bad Request: HTTP 400 Bad Request

  Starting logs for OnlineUnitIntegrationTest > getOnlineResource_malformedUrl(String) [2] link=123
    23:46:59.896 | 417 ool-1-worker-181 | DEBUG | d.t.c.a.a.c.u.util.UserUtilService   : Generate 1 students...
    23:46:59.900 | 417 ool-1-worker-181 | DEBUG | d.t.c.a.a.c.u.util.UserUtilService   : 1 students generated. Generate 1 tutors...
    23:46:59.902 | 417 ool-1-worker-181 | DEBUG | d.t.c.a.a.c.u.util.UserUtilService   : 1 tutors generated. Generate 0 editors...
    23:46:59.904 | 417 ool-1-worker-181 | DEBUG | d.t.c.a.a.c.u.util.UserUtilService   : 0 editors generated. Generate 1 instructors...
    23:46:59.910 | 417 ool-1-worker-181 | DEBUG | d.t.c.a.a.c.u.util.UserUtilService   : 1 instructors generated
    23:46:59.912 | 417 ool-1-worker-181 | DEBUG | d.t.c.a.a.c.u.util.UserUtilService   : Removing 3 users from all courses...
    23:46:59.915 | 417 ool-1-worker-181 | DEBUG | d.t.c.a.a.c.u.util.UserUtilService   : Removing 3 users from all courses. Done
    23:46:59.915 | 417 ool-1-worker-181 | DEBUG | d.t.c.a.a.c.u.util.UserUtilService   : Save 3 users to database...
    23:46:59.921 | 417 ool-1-worker-181 | DEBUG | d.t.c.a.a.c.u.util.UserUtilService   : Save 3 users to database. Done
    23:46:59.941 | 417 ool-1-worker-181 | INFO  | i.z.t.d.l.EmbeddedDatabaseReporter   : JDBC URL to connect to 'dataSource': url='jdbc:h2:tcp://localhost:41063/mem:df70fc46-7e57-4cb5-9cd0-c1d90c14afa7;USER=sa', scope='OnlineUnitIntegrationTest#getOnlineResource_malformedUrl'
    23:46:59.942 | 417 ool-1-worker-181 | DEBUG | d.t.c.a.a.c.s.f.ApiVersionFilter     : Adding Version to Request GET /api/lectures/online-units/fetch-online-resource
    23:46:59.944 | 417 ool-1-worker-181 | WARN  | o.z.p.spring.common.AdviceTraits     : Bad Request: HTTP 400 Bad Request

  Starting logs for OnlineUnitIntegrationTest > getOnlineResource_malformedUrl(String) [3] link=file://
    23:46:59.972 | 417 ool-1-worker-181 | DEBUG | d.t.c.a.a.c.u.util.UserUtilService   : Generate 1 students...
    23:46:59.979 | 417 ool-1-worker-181 | DEBUG | d.t.c.a.a.c.u.util.UserUtilService   : 1 students generated. Generate 1 tutors...
    23:46:59.984 | 417 ool-1-worker-181 | DEBUG | d.t.c.a.a.c.u.util.UserUtilService   : 1 tutors generated. Generate 0 editors...
    23:46:59.989 | 417 ool-1-worker-181 | DEBUG | d.t.c.a.a.c.u.util.UserUtilService   : 0 editors generated. Generate 1 instructors...
    23:46:59.992 | 417 ool-1-worker-181 | DEBUG | d.t.c.a.a.c.u.util.UserUtilService   : 1 instructors generated
    23:46:59.994 | 417 ool-1-worker-181 | DEBUG | d.t.c.a.a.c.u.util.UserUtilService   : Removing 3 users from all courses...
    23:46:59.995 | 417 ool-1-worker-181 | DEBUG | d.t.c.a.a.c.u.util.UserUtilService   : Removing 3 users from all courses. Done
    23:46:59.995 | 417 ool-1-worker-181 | DEBUG | d.t.c.a.a.c.u.util.UserUtilService   : Save 3 users to database...
    23:46:59.998 | 417 ool-1-worker-181 | DEBUG | d.t.c.a.a.c.u.util.UserUtilService   : Save 3 users to database. Done
    23:47:00.000 | 664 taskScheduler-2  | DEBUG | .a.s.ParticipantScoreScheduleService : Schedule tasks to process...
    23:47:00.002 | 664 taskScheduler-2  | DEBUG | .a.s.ParticipantScoreScheduleService : Processing of 0 results and 0 participant scores.
    23:47:00.011 | 417 ool-1-worker-181 | INFO  | i.z.t.d.l.EmbeddedDatabaseReporter   : JDBC URL to connect to 'dataSource': url='jdbc:h2:tcp://localhost:41063/mem:df70fc46-7e57-4cb5-9cd0-c1d90c14afa7;USER=sa', scope='OnlineUnitIntegrationTest#getOnlineResource_malformedUrl'
    23:47:00.012 | 417 ool-1-worker-181 | DEBUG | d.t.c.a.a.c.s.f.ApiVersionFilter     : Adding Version to Request GET /api/lectures/online-units/fetch-online-resource
    23:47:00.013 | 417 ool-1-worker-181 | WARN  | o.z.p.spring.common.AdviceTraits     : Bad Request: HTTP 400 Bad Request

  Starting logs for OnlineUnitIntegrationTest > getOnlineResource_malformedUrl(String) [4] link=ftp://
    23:47:00.031 | 417 ool-1-worker-181 | DEBUG | d.t.c.a.a.c.u.util.UserUtilService   : Generate 1 students...
    23:47:00.034 | 417 ool-1-worker-181 | DEBUG | d.t.c.a.a.c.u.util.UserUtilService   : 1 students generated. Generate 1 tutors...
    23:47:00.037 | 417 ool-1-worker-181 | DEBUG | d.t.c.a.a.c.u.util.UserUtilService   : 1 tutors generated. Generate 0 editors...
    23:47:00.038 | 417 ool-1-worker-181 | DEBUG | d.t.c.a.a.c.u.util.UserUtilService   : 0 editors generated. Generate 1 instructors...
    23:47:00.041 | 417 ool-1-worker-181 | DEBUG | d.t.c.a.a.c.u.util.UserUtilService   : 1 instructors generated
    23:47:00.043 | 417 ool-1-worker-181 | DEBUG | d.t.c.a.a.c.u.util.UserUtilService   : Removing 3 users from all courses...
    23:47:00.044 | 417 ool-1-worker-181 | DEBUG | d.t.c.a.a.c.u.util.UserUtilService   : Removing 3 users from all courses. Done
    23:47:00.044 | 417 ool-1-worker-181 | DEBUG | d.t.c.a.a.c.u.util.UserUtilService   : Save 3 users to database...
    23:47:00.047 | 417 ool-1-worker-181 | DEBUG | d.t.c.a.a.c.u.util.UserUtilService   : Save 3 users to database. Done
    23:47:00.057 | 417 ool-1-worker-181 | INFO  | i.z.t.d.l.EmbeddedDatabaseReporter   : JDBC URL to connect to 'dataSource': url='jdbc:h2:tcp://localhost:41063/mem:df70fc46-7e57-4cb5-9cd0-c1d90c14afa7;USER=sa', scope='OnlineUnitIntegrationTest#getOnlineResource_malformedUrl'
    23:47:00.058 | 417 ool-1-worker-181 | DEBUG | d.t.c.a.a.c.s.f.ApiVersionFilter     : Adding Version to Request GET /api/lectures/online-units/fetch-online-resource
    23:47:00.058 | 417 ool-1-worker-181 | WARN  | o.z.p.spring.common.AdviceTraits     : Bad Request: HTTP 400 Bad Request

  Starting logs for OnlineUnitIntegrationTest > getOnlineResource_malformedUrl(String) [5] link=http://127.0.0.1
    23:47:00.075 | 417 ool-1-worker-181 | DEBUG | d.t.c.a.a.c.u.util.UserUtilService   : Generate 1 students...
    23:47:00.079 | 417 ool-1-worker-181 | DEBUG | d.t.c.a.a.c.u.util.UserUtilService   : 1 students generated. Generate 1 tutors...
    23:47:00.081 | 417 ool-1-worker-181 | DEBUG | d.t.c.a.a.c.u.util.UserUtilService   : 1 tutors generated. Generate 0 editors...
    23:47:00.083 | 417 ool-1-worker-181 | DEBUG | d.t.c.a.a.c.u.util.UserUtilService   : 0 editors generated. Generate 1 instructors...
    23:47:00.085 | 417 ool-1-worker-181 | DEBUG | d.t.c.a.a.c.u.util.UserUtilService   : 1 instructors generated
    23:47:00.088 | 417 ool-1-worker-181 | DEBUG | d.t.c.a.a.c.u.util.UserUtilService   : Removing 3 users from all courses...
    23:47:00.088 | 417 ool-1-worker-181 | DEBUG | d.t.c.a.a.c.u.util.UserUtilService   : Removing 3 users from all courses. Done
    23:47:00.088 | 417 ool-1-worker-181 | DEBUG | d.t.c.a.a.c.u.util.UserUtilService   : Save 3 users to database...
    23:47:00.092 | 417 ool-1-worker-181 | DEBUG | d.t.c.a.a.c.u.util.UserUtilService   : Save 3 users to database. Done
    23:47:00.102 | 417 ool-1-worker-181 | INFO  | i.z.t.d.l.EmbeddedDatabaseReporter   : JDBC URL to connect to 'dataSource': url='jdbc:h2:tcp://localhost:41063/mem:df70fc46-7e57-4cb5-9cd0-c1d90c14afa7;USER=sa', scope='OnlineUnitIntegrationTest#getOnlineResource_malformedUrl'
    23:47:00.103 | 417 ool-1-worker-181 | DEBUG | d.t.c.a.a.c.s.f.ApiVersionFilter     : Adding Version to Request GET /api/lectures/online-units/fetch-online-resource
    23:47:00.105 | 417 ool-1-worker-181 | WARN  | o.z.p.spring.common.AdviceTraits     : Bad Request: The specified link does not contain a valid domain

  Starting logs for OnlineUnitIntegrationTest > getOnlineResource_malformedUrl(String) [6] link=http://localhost:80
    23:47:00.140 | 417 ool-1-worker-181 | DEBUG | d.t.c.a.a.c.u.util.UserUtilService   : Generate 1 students...
    23:47:00.148 | 417 ool-1-worker-181 | DEBUG | d.t.c.a.a.c.u.util.UserUtilService   : 1 students generated. Generate 1 tutors...
    23:47:00.154 | 417 ool-1-worker-181 | DEBUG | d.t.c.a.a.c.u.util.UserUtilService   : 1 tutors generated. Generate 0 editors...
    23:47:00.155 | 417 ool-1-worker-181 | DEBUG | d.t.c.a.a.c.u.util.UserUtilService   : 0 editors generated. Generate 1 instructors...
    23:47:00.159 | 417 ool-1-worker-181 | DEBUG | d.t.c.a.a.c.u.util.UserUtilService   : 1 instructors generated
    23:47:00.164 | 417 ool-1-worker-181 | DEBUG | d.t.c.a.a.c.u.util.UserUtilService   : Removing 3 users from all courses...
    23:47:00.164 | 417 ool-1-worker-181 | DEBUG | d.t.c.a.a.c.u.util.UserUtilService   : Removing 3 users from all courses. Done
    23:47:00.164 | 417 ool-1-worker-181 | DEBUG | d.t.c.a.a.c.u.util.UserUtilService   : Save 3 users to database...
    23:47:00.169 | 417 ool-1-worker-181 | DEBUG | d.t.c.a.a.c.u.util.UserUtilService   : Save 3 users to database. Done
    23:47:00.191 | 417 ool-1-worker-181 | INFO  | i.z.t.d.l.EmbeddedDatabaseReporter   : JDBC URL to connect to 'dataSource': url='jdbc:h2:tcp://localhost:41063/mem:df70fc46-7e57-4cb5-9cd0-c1d90c14afa7;USER=sa', scope='OnlineUnitIntegrationTest#getOnlineResource_malformedUrl'
    23:47:00.192 | 417 ool-1-worker-181 | DEBUG | d.t.c.a.a.c.s.f.ApiVersionFilter     : Adding Version to Request GET /api/lectures/online-units/fetch-online-resource
    23:47:00.193 | 417 ool-1-worker-181 | WARN  | o.z.p.spring.common.AdviceTraits     : Bad Request: The specified link does not contain a valid domain

  Starting logs for OnlineUnitIntegrationTest > testAll_asTutor()
    23:47:00.211 | 417 ool-1-worker-181 | DEBUG | d.t.c.a.a.c.u.util.UserUtilService   : Generate 1 students...
    23:47:00.215 | 417 ool-1-worker-181 | DEBUG | d.t.c.a.a.c.u.util.UserUtilService   : 1 students generated. Generate 1 tutors...
    23:47:00.217 | 417 ool-1-worker-181 | DEBUG | d.t.c.a.a.c.u.util.UserUtilService   : 1 tutors generated. Generate 0 editors...
    23:47:00.219 | 417 ool-1-worker-181 | DEBUG | d.t.c.a.a.c.u.util.UserUtilService   : 0 editors generated. Generate 1 instructors...
    23:47:00.222 | 417 ool-1-worker-181 | DEBUG | d.t.c.a.a.c.u.util.UserUtilService   : 1 instructors generated
    23:47:00.224 | 417 ool-1-worker-181 | DEBUG | d.t.c.a.a.c.u.util.UserUtilService   : Removing 3 users from all courses...
    23:47:00.224 | 417 ool-1-worker-181 | DEBUG | d.t.c.a.a.c.u.util.UserUtilService   : Removing 3 users from all courses. Done
    23:47:00.224 | 417 ool-1-worker-181 | DEBUG | d.t.c.a.a.c.u.util.UserUtilService   : Save 3 users to database...
    23:47:00.226 | 417 ool-1-worker-181 | DEBUG | d.t.c.a.a.c.u.util.UserUtilService   : Save 3 users to database. Done
    23:47:00.236 | 417 ool-1-worker-181 | INFO  | i.z.t.d.l.EmbeddedDatabaseReporter   : JDBC URL to connect to 'dataSource': url='jdbc:h2:tcp://localhost:41063/mem:df70fc46-7e57-4cb5-9cd0-c1d90c14afa7;USER=sa', scope='OnlineUnitIntegrationTest#testAll_asTutor'
    23:47:00.237 | 417 ool-1-worker-181 | DEBUG | d.t.c.a.a.c.s.f.ApiVersionFilter     : Adding Version to Request PUT /api/lectures/804/online-units
    23:47:00.238 | 417 ool-1-worker-181 | WARN  | o.z.p.spring.common.AdviceTraits     : Forbidden: Access Denied
    23:47:00.239 | 417 ool-1-worker-181 | DEBUG | d.t.c.a.a.c.s.f.ApiVersionFilter     : Adding Version to Request POST /api/lectures/804/online-units
    23:47:00.240 | 417 ool-1-worker-181 | WARN  | o.z.p.spring.common.AdviceTraits     : Forbidden: Access Denied
    23:47:00.241 | 417 ool-1-worker-181 | DEBUG | d.t.c.a.a.c.s.f.ApiVersionFilter     : Adding Version to Request GET /api/lectures/804/online-units/0
    23:47:00.242 | 417 ool-1-worker-181 | WARN  | o.z.p.spring.common.AdviceTraits     : Forbidden: Access Denied

  Starting logs for OnlineUnitIntegrationTest > testAll_asStudent()
    23:47:00.256 | 417 ool-1-worker-181 | DEBUG | d.t.c.a.a.c.u.util.UserUtilService   : Generate 1 students...
    23:47:00.259 | 417 ool-1-worker-181 | DEBUG | d.t.c.a.a.c.u.util.UserUtilService   : 1 students generated. Generate 1 tutors...
    23:47:00.262 | 417 ool-1-worker-181 | DEBUG | d.t.c.a.a.c.u.util.UserUtilService   : 1 tutors generated. Generate 0 editors...
    23:47:00.268 | 417 ool-1-worker-181 | DEBUG | d.t.c.a.a.c.u.util.UserUtilService   : 0 editors generated. Generate 1 instructors...
    23:47:00.271 | 417 ool-1-worker-181 | DEBUG | d.t.c.a.a.c.u.util.UserUtilService   : 1 instructors generated
    23:47:00.275 | 417 ool-1-worker-181 | DEBUG | d.t.c.a.a.c.u.util.UserUtilService   : Removing 3 users from all courses...
    23:47:00.275 | 417 ool-1-worker-181 | DEBUG | d.t.c.a.a.c.u.util.UserUtilService   : Removing 3 users from all courses. Done
    23:47:00.275 | 417 ool-1-worker-181 | DEBUG | d.t.c.a.a.c.u.util.UserUtilService   : Save 3 users to database...
    23:47:00.279 | 417 ool-1-worker-181 | DEBUG | d.t.c.a.a.c.u.util.UserUtilService   : Save 3 users to database. Done
    23:47:00.289 | 417 ool-1-worker-181 | INFO  | i.z.t.d.l.EmbeddedDatabaseReporter   : JDBC URL to connect to 'dataSource': url='jdbc:h2:tcp://localhost:41063/mem:df70fc46-7e57-4cb5-9cd0-c1d90c14afa7;USER=sa', scope='OnlineUnitIntegrationTest#testAll_asStudent'
    23:47:00.290 | 417 ool-1-worker-181 | DEBUG | d.t.c.a.a.c.s.f.ApiVersionFilter     : Adding Version to Request PUT /api/lectures/805/online-units
    23:47:00.291 | 417 ool-1-worker-181 | WARN  | o.z.p.spring.common.AdviceTraits     : Forbidden: Access Denied
    23:47:00.292 | 417 ool-1-worker-181 | DEBUG | d.t.c.a.a.c.s.f.ApiVersionFilter     : Adding Version to Request POST /api/lectures/805/online-units
    23:47:00.293 | 417 ool-1-worker-181 | WARN  | o.z.p.spring.common.AdviceTraits     : Forbidden: Access Denied
    23:47:00.294 | 417 ool-1-worker-181 | DEBUG | d.t.c.a.a.c.s.f.ApiVersionFilter     : Adding Version to Request GET /api/lectures/805/online-units/0
    23:47:00.295 | 417 ool-1-worker-181 | WARN  | o.z.p.spring.common.AdviceTraits     : Forbidden: Access Denied

  Starting logs for OnlineUnitIntegrationTest > updateOnlineUnit_InstructorNotInCourse_shouldReturnForbidden()
    23:47:00.310 | 417 ool-1-worker-181 | DEBUG | d.t.c.a.a.c.u.util.UserUtilService   : Generate 1 students...
    23:47:00.314 | 417 ool-1-worker-181 | DEBUG | d.t.c.a.a.c.u.util.UserUtilService   : 1 students generated. Generate 1 tutors...
    23:47:00.316 | 417 ool-1-worker-181 | DEBUG | d.t.c.a.a.c.u.util.UserUtilService   : 1 tutors generated. Generate 0 editors...
    23:47:00.317 | 417 ool-1-worker-181 | DEBUG | d.t.c.a.a.c.u.util.UserUtilService   : 0 editors generated. Generate 1 instructors...
    23:47:00.320 | 417 ool-1-worker-181 | DEBUG | d.t.c.a.a.c.u.util.UserUtilService   : 1 instructors generated
    23:47:00.322 | 417 ool-1-worker-181 | DEBUG | d.t.c.a.a.c.u.util.UserUtilService   : Removing 3 users from all courses...
    23:47:00.323 | 417 ool-1-worker-181 | DEBUG | d.t.c.a.a.c.u.util.UserUtilService   : Removing 3 users from all courses. Done
    23:47:00.323 | 417 ool-1-worker-181 | DEBUG | d.t.c.a.a.c.u.util.UserUtilService   : Save 3 users to database...
    23:47:00.326 | 417 ool-1-worker-181 | DEBUG | d.t.c.a.a.c.u.util.UserUtilService   : Save 3 users to database. Done
    23:47:00.335 | 417 ool-1-worker-181 | INFO  | i.z.t.d.l.EmbeddedDatabaseReporter   : JDBC URL to connect to 'dataSource': url='jdbc:h2:tcp://localhost:41063/mem:df70fc46-7e57-4cb5-9cd0-c1d90c14afa7;USER=sa', scope='OnlineUnitIntegrationTest#updateOnlineUnit_InstructorNotInCourse_shouldReturnForbidden'
    23:47:00.345 | 417 ool-1-worker-181 | DEBUG | d.t.c.a.a.c.s.f.ApiVersionFilter     : Adding Version to Request PUT /api/lectures/806/online-units
    23:47:00.349 | 417 ool-1-worker-181 | DEBUG | d.t.c.a.a.l.web.OnlineUnitResource   : REST request to update an online unit : de.tum.cit.aet.artemis.lecture.domain.OnlineUnit@371
    23:47:00.352 | 417 ool-1-worker-181 | WARN  | o.z.p.spring.common.AdviceTraits     : Forbidden: You are not allowed to access the Course with id 2287

Finished logs for OnlineUnitIntegrationTest
]]></system-out>
  <system-err><![CDATA[]]></system-err>
</testsuite>
