<?xml version="1.0" encoding="UTF-8"?>
<testsuite name="de.tum.cit.aet.artemis.text.TextExerciseIntegrationTest" tests="88" skipped="0" failures="0" errors="0" timestamp="2025-02-14T23:48:22" hostname="fv-az1721-502" time="6.8">
  <properties/>
  <testcase name="updateTextExercise_WithStructuredGradingInstructions()" classname="de.tum.cit.aet.artemis.text.TextExerciseIntegrationTest" time="0.076"/>
  <testcase name="updateTextExercise_updatingCourseId_asInstructor()" classname="de.tum.cit.aet.artemis.text.TextExerciseIntegrationTest" time="0.057"/>
  <testcase name="testReEvaluateAndUpdateTextExercise_notFound()" classname="de.tum.cit.aet.artemis.text.TextExerciseIntegrationTest" time="0.108"/>
  <testcase name="testCheckPlagiarism_isNotAtLeastInstructorInCourse_forbidden()" classname="de.tum.cit.aet.artemis.text.TextExerciseIntegrationTest" time="0.107"/>
  <testcase name="submitEnglishTextExercise()" classname="de.tum.cit.aet.artemis.text.TextExerciseIntegrationTest" time="0.123"/>
  <testcase name="testGetPlagiarismResultWithoutExercise()" classname="de.tum.cit.aet.artemis.text.TextExerciseIntegrationTest" time="0.088"/>
  <testcase name="deleteTextExercise_notFound()" classname="de.tum.cit.aet.artemis.text.TextExerciseIntegrationTest" time="0.078"/>
  <testcase name="testInstructorGetsOnlyResultsFromOwningExams()" classname="de.tum.cit.aet.artemis.text.TextExerciseIntegrationTest" time="0.09"/>
  <testcase name="testInstructorSearchTermMatchesId()" classname="de.tum.cit.aet.artemis.text.TextExerciseIntegrationTest" time="0.148"/>
  <testcase name="testCheckPlagiarismNoSubmissions()" classname="de.tum.cit.aet.artemis.text.TextExerciseIntegrationTest" time="0.075"/>
  <testcase name="updateTextExerciseDueDate()" classname="de.tum.cit.aet.artemis.text.TextExerciseIntegrationTest" time="0.066"/>
  <testcase name="createTextExercise_setValidExampleSolutionPublicationDate()" classname="de.tum.cit.aet.artemis.text.TextExerciseIntegrationTest" time="0.076"/>
  <testcase name="createTextExercise_setCourseAndExerciseGroup_badRequest()" classname="de.tum.cit.aet.artemis.text.TextExerciseIntegrationTest" time="0.055"/>
  <testcase name="getTextExercise_isNotAtleastTeachingAssistantInCourse_forbidden()" classname="de.tum.cit.aet.artemis.text.TextExerciseIntegrationTest" time="0.059"/>
  <testcase name="importTextExerciseFromCourseToExam()" classname="de.tum.cit.aet.artemis.text.TextExerciseIntegrationTest" time="0.093"/>
  <testcase name="testReEvaluateAndUpdateTextExercise_isNotSameGivenExerciseIdInRequestBody_conflict()" classname="de.tum.cit.aet.artemis.text.TextExerciseIntegrationTest" time="0.055"/>
  <testcase name="createTextExerciseForExam_datesSet()" classname="de.tum.cit.aet.artemis.text.TextExerciseIntegrationTest" time="0.049"/>
  <testcase name="importTextExerciseFromExamToCourse_forbidden()" classname="de.tum.cit.aet.artemis.text.TextExerciseIntegrationTest" time="0.048"/>
  <testcase name="updateTextExercise_isNotAtLeastInstructorInCourse_forbidden()" classname="de.tum.cit.aet.artemis.text.TextExerciseIntegrationTest" time="0.052"/>
  <testcase name="updateTextExercise_convertFromCourseToExamExercise_badRequest()" classname="de.tum.cit.aet.artemis.text.TextExerciseIntegrationTest" time="0.05"/>
  <testcase name="testReEvaluateAndUpdateTextExercise_shouldDeleteFeedbacks()" classname="de.tum.cit.aet.artemis.text.TextExerciseIntegrationTest" time="0.142"/>
  <testcase name="deleteExamTextExercise()" classname="de.tum.cit.aet.artemis.text.TextExerciseIntegrationTest" time="0.076"/>
  <testcase name="updateTextExercise_convertFromExamToCourseExercise_badRequest()" classname="de.tum.cit.aet.artemis.text.TextExerciseIntegrationTest" time="0.074"/>
  <testcase name="deleteTextExercise_isNotAtLeastInstructorInCourse_forbidden()" classname="de.tum.cit.aet.artemis.text.TextExerciseIntegrationTest" time="0.056"/>
  <testcase name="deleteTextExerciseWithSubmissionWithTextBlocks()" classname="de.tum.cit.aet.artemis.text.TextExerciseIntegrationTest" time="0.082"/>
  <testcase name="updateTextExercise_setCourseAndExerciseGroup_badRequest()" classname="de.tum.cit.aet.artemis.text.TextExerciseIntegrationTest" time="0.05"/>
  <testcase name="updateTextExercise_InvalidMaxScore()" classname="de.tum.cit.aet.artemis.text.TextExerciseIntegrationTest" time="0.045"/>
  <testcase name="testReEvaluateAndUpdateTextExercise()" classname="de.tum.cit.aet.artemis.text.TextExerciseIntegrationTest" time="0.152"/>
  <testcase name="createTextExercise_isNotAtLeastInstructorInCourse_forbidden()" classname="de.tum.cit.aet.artemis.text.TextExerciseIntegrationTest" time="0.053"/>
  <testcase name="testDeleteTextExerciseWithCompetency()" classname="de.tum.cit.aet.artemis.text.TextExerciseIntegrationTest" time="0.063"/>
  <testcase name="testImportTextExercise_team_modeChange()" classname="de.tum.cit.aet.artemis.text.TextExerciseIntegrationTest" time="0.116"/>
  <testcase name="[1] channelName=null" classname="de.tum.cit.aet.artemis.text.TextExerciseIntegrationTest" time="0.063"/>
  <testcase name="[2] channelName=exercise-new-text-exercise" classname="de.tum.cit.aet.artemis.text.TextExerciseIntegrationTest" time="0.066"/>
  <testcase name="[3] channelName=" classname="de.tum.cit.aet.artemis.text.TextExerciseIntegrationTest" time="0.059"/>
  <testcase name="importTextExerciseFromCourseToCourse_badRequest()" classname="de.tum.cit.aet.artemis.text.TextExerciseIntegrationTest" time="0.048"/>
  <testcase name="testImportTextExercise_individual_modeChange()" classname="de.tum.cit.aet.artemis.text.TextExerciseIntegrationTest" time="0.068"/>
  <testcase name="getAllTextExercisesForCourse()" classname="de.tum.cit.aet.artemis.text.TextExerciseIntegrationTest" time="0.054"/>
  <testcase name="createTextExerciseForExam()" classname="de.tum.cit.aet.artemis.text.TextExerciseIntegrationTest" time="0.05"/>
  <testcase name="updateTextExercise_IncludedAsBonusInvalidBonusPoints()" classname="de.tum.cit.aet.artemis.text.TextExerciseIntegrationTest" time="0.04"/>
  <testcase name="createTextExercise_setExerciseTitleNull_badRequest()" classname="de.tum.cit.aet.artemis.text.TextExerciseIntegrationTest" time="0.072"/>
  <testcase name="updateTextExerciseForExam()" classname="de.tum.cit.aet.artemis.text.TextExerciseIntegrationTest" time="0.075"/>
  <testcase name="testCourseAndExamFiltersAsInstructor()" classname="de.tum.cit.aet.artemis.text.TextExerciseIntegrationTest" time="0.289"/>
  <testcase name="getAllTextExercisesForCourse_isNotAtLeastTeachingAssistantInCourse_forbidden()" classname="de.tum.cit.aet.artemis.text.TextExerciseIntegrationTest" time="0.052"/>
  <testcase name="createTextExerciseForExam_invalidExercise_dates(InvalidExamExerciseDateConfiguration) [1] invalidDates=InvalidExamExerciseDateConfiguration[releaseDate=2025-02-15T00:48:26.329580894Z[Etc/UTC], dueDate=2025-02-15T01:48:26.329580894Z[Etc/UTC], assessmentDueDate=2025-02-15T02:48:26.329580894Z[Etc/UTC], exampleSolutionPublicationDate=null]" classname="de.tum.cit.aet.artemis.text.TextExerciseIntegrationTest" time="0.05"/>
  <testcase name="createTextExerciseForExam_invalidExercise_dates(InvalidExamExerciseDateConfiguration) [2] invalidDates=InvalidExamExerciseDateConfiguration[releaseDate=2025-02-15T00:48:26.329580894Z[Etc/UTC], dueDate=null, assessmentDueDate=null, exampleSolutionPublicationDate=null]" classname="de.tum.cit.aet.artemis.text.TextExerciseIntegrationTest" time="0.058"/>
  <testcase name="createTextExerciseForExam_invalidExercise_dates(InvalidExamExerciseDateConfiguration) [3] invalidDates=InvalidExamExerciseDateConfiguration[releaseDate=null, dueDate=2025-02-15T01:48:26.329580894Z[Etc/UTC], assessmentDueDate=null, exampleSolutionPublicationDate=null]" classname="de.tum.cit.aet.artemis.text.TextExerciseIntegrationTest" time="0.074"/>
  <testcase name="createTextExerciseForExam_invalidExercise_dates(InvalidExamExerciseDateConfiguration) [4] invalidDates=InvalidExamExerciseDateConfiguration[releaseDate=null, dueDate=null, assessmentDueDate=2025-02-15T02:48:26.329580894Z[Etc/UTC], exampleSolutionPublicationDate=null]" classname="de.tum.cit.aet.artemis.text.TextExerciseIntegrationTest" time="0.052"/>
  <testcase name="createTextExerciseForExam_invalidExercise_dates(InvalidExamExerciseDateConfiguration) [5] invalidDates=InvalidExamExerciseDateConfiguration[releaseDate=null, dueDate=null, assessmentDueDate=null, exampleSolutionPublicationDate=2025-02-14T23:48:26.329586444Z[Etc/UTC]]" classname="de.tum.cit.aet.artemis.text.TextExerciseIntegrationTest" time="0.05"/>
  <testcase name="testDeleteTextExerciseWithChannel()" classname="de.tum.cit.aet.artemis.text.TextExerciseIntegrationTest" time="0.069"/>
  <testcase name="updateTextExercise_setExerciseIdNull_created()" classname="de.tum.cit.aet.artemis.text.TextExerciseIntegrationTest" time="0.055"/>
  <testcase name="testGetTextExercise_asInstructor_exampleSolutionVisibility()" classname="de.tum.cit.aet.artemis.text.TextExerciseIntegrationTest" time="0.088"/>
  <testcase name="testImportTextExercise_setGradingInstructionForCopiedFeedback()" classname="de.tum.cit.aet.artemis.text.TextExerciseIntegrationTest" time="0.131"/>
  <testcase name="testGetTextExercise_setGradingInstructionFeedbackUsed()" classname="de.tum.cit.aet.artemis.text.TextExerciseIntegrationTest" time="0.056"/>
  <testcase name="getTextExercise_notFound()" classname="de.tum.cit.aet.artemis.text.TextExerciseIntegrationTest" time="0.046"/>
  <testcase name="updateTextExercise_setNeitherCourseAndExerciseGroup_badRequest()" classname="de.tum.cit.aet.artemis.text.TextExerciseIntegrationTest" time="0.04"/>
  <testcase name="testInstructorGetResultsFromOwningCoursesNotEmpty()" classname="de.tum.cit.aet.artemis.text.TextExerciseIntegrationTest" time="0.096"/>
  <testcase name="updateTextExercise()" classname="de.tum.cit.aet.artemis.text.TextExerciseIntegrationTest" time="0.064"/>
  <testcase name="importTextExerciseFromExamToExam()" classname="de.tum.cit.aet.artemis.text.TextExerciseIntegrationTest" time="0.064"/>
  <testcase name="createTextExercise_setNeitherCourseAndExerciseGroup_badRequest()" classname="de.tum.cit.aet.artemis.text.TextExerciseIntegrationTest" time="0.045"/>
  <testcase name="testInstructorGetsOnlyResultsFromOwningCourses()" classname="de.tum.cit.aet.artemis.text.TextExerciseIntegrationTest" time="0.053"/>
  <testcase name="testAdminGetsResultsFromAllCourses()" classname="de.tum.cit.aet.artemis.text.TextExerciseIntegrationTest" time="0.062"/>
  <testcase name="getExamTextExerciseAsTutor_forbidden()" classname="de.tum.cit.aet.artemis.text.TextExerciseIntegrationTest" time="0.049"/>
  <testcase name="testGetTextExercise_asStudent_exampleSolutionVisibility()" classname="de.tum.cit.aet.artemis.text.TextExerciseIntegrationTest" time="0.083"/>
  <testcase name="createTextExercise_setAssessmentDueDateWithoutExerciseDueDate_badRequest()" classname="de.tum.cit.aet.artemis.text.TextExerciseIntegrationTest" time="0.042"/>
  <testcase name="updateTextExerciseForExam_invalidExercise_dates(InvalidExamExerciseDateConfiguration) [1] invalidDates=InvalidExamExerciseDateConfiguration[releaseDate=2025-02-15T00:48:27.697580035Z[Etc/UTC], dueDate=2025-02-15T01:48:27.697580035Z[Etc/UTC], assessmentDueDate=2025-02-15T02:48:27.697580035Z[Etc/UTC], exampleSolutionPublicationDate=null]" classname="de.tum.cit.aet.artemis.text.TextExerciseIntegrationTest" time="0.048"/>
  <testcase name="updateTextExerciseForExam_invalidExercise_dates(InvalidExamExerciseDateConfiguration) [2] invalidDates=InvalidExamExerciseDateConfiguration[releaseDate=2025-02-15T00:48:27.697580035Z[Etc/UTC], dueDate=null, assessmentDueDate=null, exampleSolutionPublicationDate=null]" classname="de.tum.cit.aet.artemis.text.TextExerciseIntegrationTest" time="0.047"/>
  <testcase name="updateTextExerciseForExam_invalidExercise_dates(InvalidExamExerciseDateConfiguration) [3] invalidDates=InvalidExamExerciseDateConfiguration[releaseDate=null, dueDate=2025-02-15T01:48:27.697580035Z[Etc/UTC], assessmentDueDate=null, exampleSolutionPublicationDate=null]" classname="de.tum.cit.aet.artemis.text.TextExerciseIntegrationTest" time="0.049"/>
  <testcase name="updateTextExerciseForExam_invalidExercise_dates(InvalidExamExerciseDateConfiguration) [4] invalidDates=InvalidExamExerciseDateConfiguration[releaseDate=null, dueDate=null, assessmentDueDate=2025-02-15T02:48:27.697580035Z[Etc/UTC], exampleSolutionPublicationDate=null]" classname="de.tum.cit.aet.artemis.text.TextExerciseIntegrationTest" time="0.046"/>
  <testcase name="updateTextExerciseForExam_invalidExercise_dates(InvalidExamExerciseDateConfiguration) [5] invalidDates=InvalidExamExerciseDateConfiguration[releaseDate=null, dueDate=null, assessmentDueDate=null, exampleSolutionPublicationDate=2025-02-14T23:48:27.697581347Z[Etc/UTC]]" classname="de.tum.cit.aet.artemis.text.TextExerciseIntegrationTest" time="0.046"/>
  <testcase name="getTextExerciseAsTutor()" classname="de.tum.cit.aet.artemis.text.TextExerciseIntegrationTest" time="0.051"/>
  <testcase name="testGetPlagiarismResult()" classname="de.tum.cit.aet.artemis.text.TextExerciseIntegrationTest" time="0.06"/>
  <testcase name="testReEvaluateAndUpdateTextExerciseWithExampleSubmission()" classname="de.tum.cit.aet.artemis.text.TextExerciseIntegrationTest" time="0.119"/>
  <testcase name="updateTextExercise_NotIncludedInvalidBonusPoints()" classname="de.tum.cit.aet.artemis.text.TextExerciseIntegrationTest" time="0.042"/>
  <testcase name="createTextExercise_setInvalidExampleSolutionPublicationDate_badRequest()" classname="de.tum.cit.aet.artemis.text.TextExerciseIntegrationTest" time="0.044"/>
  <testcase name="importTextExerciseFromCourseToExam_forbidden()" classname="de.tum.cit.aet.artemis.text.TextExerciseIntegrationTest" time="0.04"/>
  <testcase name="testAdminSearchTermMatchesId()" classname="de.tum.cit.aet.artemis.text.TextExerciseIntegrationTest" time="0.062"/>
  <testcase name="importTextExerciseFromExamToCourse()" classname="de.tum.cit.aet.artemis.text.TextExerciseIntegrationTest" time="0.068"/>
  <testcase name="importTextExerciseFromCourseToCourse()" classname="de.tum.cit.aet.artemis.text.TextExerciseIntegrationTest" time="0.078"/>
  <testcase name="testCheckPlagiarismIdenticalShortTexts()" classname="de.tum.cit.aet.artemis.text.TextExerciseIntegrationTest" time="0.067"/>
  <testcase name="importTextExerciseWithExampleSubmissionFromCourseToCourse()" classname="de.tum.cit.aet.artemis.text.TextExerciseIntegrationTest" time="0.111"/>
  <testcase name="testCourseAndExamFiltersAsAdmin()" classname="de.tum.cit.aet.artemis.text.TextExerciseIntegrationTest" time="0.249"/>
  <testcase name="testInstructorGetResultsFromOwningExamsNotEmpty()" classname="de.tum.cit.aet.artemis.text.TextExerciseIntegrationTest" time="0.101"/>
  <testcase name="testReEvaluateAndUpdateTextExercise_isNotAtLeastInstructorInCourse_forbidden()" classname="de.tum.cit.aet.artemis.text.TextExerciseIntegrationTest" time="0.061"/>
  <testcase name="testGetPlagiarismResult_isNotAtLeastInstructorInCourse_forbidden()" classname="de.tum.cit.aet.artemis.text.TextExerciseIntegrationTest" time="0.057"/>
  <testcase name="testGetPlagiarismResultWithoutResult()" classname="de.tum.cit.aet.artemis.text.TextExerciseIntegrationTest" time="0.047"/>
  <testcase name="getExamTextExerciseAsInstructor()" classname="de.tum.cit.aet.artemis.text.TextExerciseIntegrationTest" time="0.06"/>
  <testcase name="testCheckPlagiarismIdenticalLongTexts()" classname="de.tum.cit.aet.artemis.text.TextExerciseIntegrationTest" time="0.181"/>
  <testcase name="importTextExerciseFromCourseToCourse_exampleSolutionPublicationDate()" classname="de.tum.cit.aet.artemis.text.TextExerciseIntegrationTest" time="0.073"/>
  <system-out><![CDATA[[WARN] Maven will be executed in interactive mode, but no input stream has been configured for this MavenInvoker instance.
Apache Maven 3.9.9 (8e8579a9e76f7d015ee5ec7bfcdc97d260186937)
Maven home: /usr/share/apache-maven-3.9.9
Java version: 17.0.14, vendor: Eclipse Adoptium, runtime: /usr/lib/jvm/temurin-17-jdk-amd64
Default locale: en, platform encoding: UTF-8
OS name: "linux", version: "6.8.0-1021-azure", arch: "amd64", family: "unix"
[INFO] Scanning for projects...
[INFO] 
[INFO] ---------< de.test:003b52f8-ec0e-4486-b6f0-65015cc33bbf-Tests >---------
[INFO] Building 003b52f8-ec0e-4486-b6f0-65015cc33bbf Tests 1.0
[INFO]   from pom.xml
[INFO] --------------------------------[ jar ]---------------------------------
[INFO] 
[INFO] --- clean:3.2.0:clean (default-clean) @ 003b52f8-ec0e-4486-b6f0-65015cc33bbf-Tests ---
[INFO] 
[INFO] --- resources:3.3.1:resources (default-resources) @ 003b52f8-ec0e-4486-b6f0-65015cc33bbf-Tests ---
[INFO] skip non existing resourceDirectory /tmp/testLocalRepo13374008195217252544/src/main/resources
[INFO] 
[INFO] --- compiler:3.13.0:compile (default-compile) @ 003b52f8-ec0e-4486-b6f0-65015cc33bbf-Tests ---
[INFO] Recompiling the module because of changed source code.
[INFO] Compiling 3 source files with javac [debug target 17] to target/classes
[INFO] 
[INFO] --- enforcer:3.4.1:enforce (enforce-no-student-code-in-trusted-packages) @ 003b52f8-ec0e-4486-b6f0-65015cc33bbf-Tests ---
[INFO] Rule 0: org.apache.maven.enforcer.rules.files.RequireFilesDontExist passed
[INFO] 
[INFO] --- resources:3.3.1:testResources (default-testResources) @ 003b52f8-ec0e-4486-b6f0-65015cc33bbf-Tests ---
[INFO] Copying 6 resources from test to target/test-classes
[INFO] 
[INFO] --- compiler:3.13.0:testCompile (default-testCompile) @ 003b52f8-ec0e-4486-b6f0-65015cc33bbf-Tests ---
[INFO] Recompiling the module because of changed dependency.
[INFO] Compiling 5 source files with javac [debug target 17] to target/test-classes
[INFO] 
[INFO] --- surefire:3.2.5:test (default-test) @ 003b52f8-ec0e-4486-b6f0-65015cc33bbf-Tests ---
[INFO] Using auto detected provider org.apache.maven.surefire.junitplatform.JUnitPlatformProvider
[INFO] 
[INFO] -------------------------------------------------------
[INFO]  T E S T S
[INFO] -------------------------------------------------------
[INFO] Running de.test.ConstructorTest
WARNING: A terminally deprecated method in java.lang.System has been called
WARNING: System::setSecurityManager has been called by de.tum.in.test.api.security.ArtemisSecurityManager (file:/home/runner/.m2/repository/de/tum/in/ase/artemis-java-test-sandbox/1.13.0/artemis-java-test-sandbox-1.13.0.jar)
WARNING: Please consider reporting this to the maintainers of de.tum.in.test.api.security.ArtemisSecurityManager
WARNING: System::setSecurityManager will be removed in a future release
[DEBUG] [main] Validated build configuration regarding trusted package rules, 0 are missing.
NOTICE: The warning above is expected and the issue is already known.
        Visit https://github.com/ls1intum/Ares/discussions/113 for more details.
[INFO] [main] Request install with ASC-Impl [testMethod=Optional.empty, executionPath=/tmp/testLocalRepo13374008195217252544, whitelistedPaths=Optional[[PathRule["target" (STARTS_WITH) in WHITELIST; level READ]]], blacklistedPaths=[PathRule["target/test-classes" (STARTS_WITH) in BLACKLIST; level READ]], allowedLocalPorts=[], trustedPackages=[]]
[INFO] [main] Request uninstall
[DEBUG] [main] Validated build configuration regarding trusted package rules, 0 are missing.
[INFO] [main] Request install with ASC-Impl [testMethod=Optional[protected org.junit.jupiter.api.DynamicContainer de.test.ConstructorTest.generateTestsForAllClasses() throws java.net.URISyntaxException], executionPath=/tmp/testLocalRepo13374008195217252544, whitelistedPaths=Optional[[PathRule["target" (STARTS_WITH) in WHITELIST; level READ]]], blacklistedPaths=[PathRule["target/test-classes" (STARTS_WITH) in BLACKLIST; level READ]], allowedLocalPorts=[], trustedPackages=[]]
[INFO] [main] Request whitelisting: Thread[ajts-to-1,5,Test-Threadgroup] []
[INFO] [main] Thread whitelisted: Thread[ajts-to-1,5,Test-Threadgroup]
[INFO] [main] Request uninstall
[DEBUG] [main] Validated build configuration regarding trusted package rules, 0 are missing.
[INFO] [main] Request install with ASC-Impl [testMethod=Optional[protected org.junit.jupiter.api.DynamicContainer de.test.ConstructorTest.generateTestsForAllClasses() throws java.net.URISyntaxException], executionPath=/tmp/testLocalRepo13374008195217252544, whitelistedPaths=Optional[[PathRule["target" (STARTS_WITH) in WHITELIST; level READ]]], blacklistedPaths=[PathRule["target/test-classes" (STARTS_WITH) in BLACKLIST; level READ]], allowedLocalPorts=[], trustedPackages=[]]
[INFO] [main] Request whitelisting: Thread[ajts-to-2,5,Test-Threadgroup] []
[INFO] [main] Thread whitelisted: Thread[ajts-to-2,5,Test-Threadgroup]
[INFO] [main] Request uninstall
[ERROR] Tests run: 1, Failures: 1, Errors: 0, Skipped: 0, Time elapsed: 0.501 s <<< FAILURE! -- in de.test.ConstructorTest
[ERROR] de.test.ConstructorTest.testConstructors[Policy] -- Time elapsed: 0.079 s <<< FAILURE!
org.opentest4j.AssertionFailedError: The exercise expects a class with the name Policy in the package de.test. You did not implement the class in the exercise.
	at de.tum.in.test.api.structural.StructuralTestProvider.failure(StructuralTestProvider.java:423)
	at de.tum.in.test.api.structural.StructuralTestProvider.findClassForTestType(StructuralTestProvider.java:105)
	at de.tum.in.test.api.structural.ConstructorTestProvider.testConstructors(ConstructorTestProvider.java:76)
	at de.tum.in.test.api.structural.ConstructorTestProvider.lambda$generateTestsForAllClasses$0(ConstructorTestProvider.java:53)
	at de.tum.in.test.api.internal.TimeoutUtils.rethrowThrowableSafe(TimeoutUtils.java:47)
	at de.tum.in.test.api.internal.TimeoutUtils.lambda$performTimeoutExecution$1(TimeoutUtils.java:42)
	at java.base/java.util.concurrent.FutureTask.run(FutureTask.java:264)
	at java.base/java.util.concurrent.ThreadPoolExecutor.runWorker(ThreadPoolExecutor.java:1136)
	at java.base/java.util.concurrent.ThreadPoolExecutor$Worker.run(ThreadPoolExecutor.java:635)
	at java.base/java.lang.Thread.run(Thread.java:840)

[INFO] Running de.test.MethodTest
[DEBUG] [main] Validated build configuration regarding trusted package rules, 0 are missing.
[INFO] [main] Request install with ASC-Impl [testMethod=Optional.empty, executionPath=/tmp/testLocalRepo13374008195217252544, whitelistedPaths=Optional[[PathRule["target" (STARTS_WITH) in WHITELIST; level READ]]], blacklistedPaths=[PathRule["target/test-classes" (STARTS_WITH) in BLACKLIST; level READ]], allowedLocalPorts=[], trustedPackages=[]]
[INFO] [main] Request uninstall
[DEBUG] [main] Validated build configuration regarding trusted package rules, 0 are missing.
[INFO] [main] Request install with ASC-Impl [testMethod=Optional[protected org.junit.jupiter.api.DynamicContainer de.test.MethodTest.generateTestsForAllClasses() throws java.net.URISyntaxException], executionPath=/tmp/testLocalRepo13374008195217252544, whitelistedPaths=Optional[[PathRule["target" (STARTS_WITH) in WHITELIST; level READ]]], blacklistedPaths=[PathRule["target/test-classes" (STARTS_WITH) in BLACKLIST; level READ]], allowedLocalPorts=[], trustedPackages=[]]
[INFO] [main] Request whitelisting: Thread[ajts-to-3,5,Test-Threadgroup] []
[INFO] [main] Thread whitelisted: Thread[ajts-to-3,5,Test-Threadgroup]
[INFO] [main] Request uninstall
[DEBUG] [main] Validated build configuration regarding trusted package rules, 0 are missing.
[INFO] [main] Request install with ASC-Impl [testMethod=Optional[protected org.junit.jupiter.api.DynamicContainer de.test.MethodTest.generateTestsForAllClasses() throws java.net.URISyntaxException], executionPath=/tmp/testLocalRepo13374008195217252544, whitelistedPaths=Optional[[PathRule["target" (STARTS_WITH) in WHITELIST; level READ]]], blacklistedPaths=[PathRule["target/test-classes" (STARTS_WITH) in BLACKLIST; level READ]], allowedLocalPorts=[], trustedPackages=[]]
[INFO] [main] Request whitelisting: Thread[ajts-to-4,5,Test-Threadgroup] []
[INFO] [main] Thread whitelisted: Thread[ajts-to-4,5,Test-Threadgroup]
[INFO] [main] Request uninstall
[DEBUG] [main] Validated build configuration regarding trusted package rules, 0 are missing.
[INFO] [main] Request install with ASC-Impl [testMethod=Optional[protected org.junit.jupiter.api.DynamicContainer de.test.MethodTest.generateTestsForAllClasses() throws java.net.URISyntaxException], executionPath=/tmp/testLocalRepo13374008195217252544, whitelistedPaths=Optional[[PathRule["target" (STARTS_WITH) in WHITELIST; level READ]]], blacklistedPaths=[PathRule["target/test-classes" (STARTS_WITH) in BLACKLIST; level READ]], allowedLocalPorts=[], trustedPackages=[]]
[INFO] [main] Request whitelisting: Thread[ajts-to-5,5,Test-Threadgroup] []
[INFO] [main] Thread whitelisted: Thread[ajts-to-5,5,Test-Threadgroup]
[INFO] [main] Request uninstall
[DEBUG] [main] Validated build configuration regarding trusted package rules, 0 are missing.
[INFO] [main] Request install with ASC-Impl [testMethod=Optional[protected org.junit.jupiter.api.DynamicContainer de.test.MethodTest.generateTestsForAllClasses() throws java.net.URISyntaxException], executionPath=/tmp/testLocalRepo13374008195217252544, whitelistedPaths=Optional[[PathRule["target" (STARTS_WITH) in WHITELIST; level READ]]], blacklistedPaths=[PathRule["target/test-classes" (STARTS_WITH) in BLACKLIST; level READ]], allowedLocalPorts=[], trustedPackages=[]]
[INFO] [main] Request whitelisting: Thread[ajts-to-6,5,Test-Threadgroup] []
[INFO] [main] Thread whitelisted: Thread[ajts-to-6,5,Test-Threadgroup]
[INFO] [main] Request uninstall
[ERROR] Tests run: 3, Failures: 3, Errors: 0, Skipped: 0, Time elapsed: 0.191 s <<< FAILURE! -- in de.test.MethodTest
[ERROR] de.test.MethodTest.testMethods[Context] -- Time elapsed: 0.037 s <<< FAILURE!
org.opentest4j.AssertionFailedError: The exercise expects a class with the name Context in the package de.test. You did not implement the class in the exercise.
	at de.tum.in.test.api.structural.StructuralTestProvider.failure(StructuralTestProvider.java:423)
	at de.tum.in.test.api.structural.StructuralTestProvider.findClassForTestType(StructuralTestProvider.java:105)
	at de.tum.in.test.api.structural.MethodTestProvider.testMethods(MethodTestProvider.java:76)
	at de.tum.in.test.api.structural.MethodTestProvider.lambda$generateTestsForAllClasses$0(MethodTestProvider.java:53)
	at de.tum.in.test.api.internal.TimeoutUtils.rethrowThrowableSafe(TimeoutUtils.java:47)
	at de.tum.in.test.api.internal.TimeoutUtils.lambda$performTimeoutExecution$1(TimeoutUtils.java:42)
	at java.base/java.util.concurrent.FutureTask.run(FutureTask.java:264)
	at java.base/java.util.concurrent.ThreadPoolExecutor.runWorker(ThreadPoolExecutor.java:1136)
	at java.base/java.util.concurrent.ThreadPoolExecutor$Worker.run(ThreadPoolExecutor.java:635)
	at java.base/java.lang.Thread.run(Thread.java:840)

[ERROR] de.test.MethodTest.testMethods[Policy] -- Time elapsed: 0.041 s <<< FAILURE!
org.opentest4j.AssertionFailedError: The exercise expects a class with the name Policy in the package de.test. You did not implement the class in the exercise.
	at de.tum.in.test.api.structural.StructuralTestProvider.failure(StructuralTestProvider.java:423)
	at de.tum.in.test.api.structural.StructuralTestProvider.findClassForTestType(StructuralTestProvider.java:105)
	at de.tum.in.test.api.structural.MethodTestProvider.testMethods(MethodTestProvider.java:76)
	at de.tum.in.test.api.structural.MethodTestProvider.lambda$generateTestsForAllClasses$0(MethodTestProvider.java:53)
	at de.tum.in.test.api.internal.TimeoutUtils.rethrowThrowableSafe(TimeoutUtils.java:47)
	at de.tum.in.test.api.internal.TimeoutUtils.lambda$performTimeoutExecution$1(TimeoutUtils.java:42)
	at java.base/java.util.concurrent.FutureTask.run(FutureTask.java:264)
	at java.base/java.util.concurrent.ThreadPoolExecutor.runWorker(ThreadPoolExecutor.java:1136)
	at java.base/java.util.concurrent.ThreadPoolExecutor$Worker.run(ThreadPoolExecutor.java:635)
	at java.base/java.lang.Thread.run(Thread.java:840)

[ERROR] de.test.MethodTest.testMethods[SortStrategy] -- Time elapsed: 0.031 s <<< FAILURE!
org.opentest4j.AssertionFailedError: The exercise expects a class with the name SortStrategy in the package de.test. You did not implement the class in the exercise.
	at de.tum.in.test.api.structural.StructuralTestProvider.failure(StructuralTestProvider.java:423)
	at de.tum.in.test.api.structural.StructuralTestProvider.findClassForTestType(StructuralTestProvider.java:105)
	at de.tum.in.test.api.structural.MethodTestProvider.testMethods(MethodTestProvider.java:76)
	at de.tum.in.test.api.structural.MethodTestProvider.lambda$generateTestsForAllClasses$0(MethodTestProvider.java:53)
	at de.tum.in.test.api.internal.TimeoutUtils.rethrowThrowableSafe(TimeoutUtils.java:47)
	at de.tum.in.test.api.internal.TimeoutUtils.lambda$performTimeoutExecution$1(TimeoutUtils.java:42)
	at java.base/java.util.concurrent.FutureTask.run(FutureTask.java:264)
	at java.base/java.util.concurrent.ThreadPoolExecutor.runWorker(ThreadPoolExecutor.java:1136)
	at java.base/java.util.concurrent.ThreadPoolExecutor$Worker.run(ThreadPoolExecutor.java:635)
	at java.base/java.lang.Thread.run(Thread.java:840)

[INFO] Running de.test.SortingExampleBehaviorTest
[DEBUG] [main] Validated build configuration regarding trusted package rules, 0 are missing.
[INFO] [main] Request install with ASC-Impl [testMethod=Optional.empty, executionPath=/tmp/testLocalRepo13374008195217252544, whitelistedPaths=Optional[[PathRule["target" (STARTS_WITH) in WHITELIST; level READ]]], blacklistedPaths=[PathRule["target/test-classes" (STARTS_WITH) in BLACKLIST; level READ]], allowedLocalPorts=[], trustedPackages=[]]
[INFO] [main] Request uninstall

Starting logs for TextExerciseIntegrationTest

  Starting logs for TextExerciseIntegrationTest > updateTextExercise_WithStructuredGradingInstructions()
    23:48:22.753 | 447 ool-1-worker-211 | DEBUG | d.t.c.a.a.c.u.util.UserUtilService   : Generate 2 students...
    23:48:22.755 | 447 ool-1-worker-211 | DEBUG | d.t.c.a.a.c.u.util.UserUtilService   : 2 students generated. Generate 1 tutors...
    23:48:22.757 | 447 ool-1-worker-211 | DEBUG | d.t.c.a.a.c.u.util.UserUtilService   : 1 tutors generated. Generate 0 editors...
    23:48:22.758 | 447 ool-1-worker-211 | DEBUG | d.t.c.a.a.c.u.util.UserUtilService   : 0 editors generated. Generate 1 instructors...
    23:48:22.760 | 447 ool-1-worker-211 | DEBUG | d.t.c.a.a.c.u.util.UserUtilService   : 1 instructors generated
    23:48:22.762 | 447 ool-1-worker-211 | DEBUG | d.t.c.a.a.c.u.util.UserUtilService   : Removing 6 users from all courses...
    23:48:22.763 | 447 ool-1-worker-211 | DEBUG | d.t.c.a.a.c.u.util.UserUtilService   : Removing 6 users from all courses. Done
    23:48:22.763 | 447 ool-1-worker-211 | DEBUG | d.t.c.a.a.c.u.util.UserUtilService   : Save 4 users to database...
    23:48:22.766 | 447 ool-1-worker-211 | DEBUG | d.t.c.a.a.c.u.util.UserUtilService   : Save 4 users to database. Done
    23:48:22.779 | 447 ool-1-worker-211 | INFO  | i.z.t.d.l.EmbeddedDatabaseReporter   : JDBC URL to connect to 'dataSource': url='jdbc:h2:tcp://localhost:41063/mem:df70fc46-7e57-4cb5-9cd0-c1d90c14afa7;USER=sa', scope='TextExerciseIntegrationTest#updateTextExercise_WithStructuredGradingInstructions'
    23:48:22.781 | 447 ool-1-worker-211 | DEBUG | d.t.c.a.a.c.s.f.ApiVersionFilter     : Adding Version to Request PUT /api/text-exercises
    23:48:22.786 | 447 ool-1-worker-211 | DEBUG | d.t.c.a.a.t.web.TextExerciseResource : REST request to update TextExercise : TextExercise{id=3841, exampleSolution='This is my example solution'}
    23:48:22.809 | 447 ool-1-worker-211 | INFO  | d.t.c.a.a.e.service.ExerciseService  : User textexerciseintegrationinstructor1 has updated TextExercise Text with id 3841
    23:48:22.809 | 447 ool-1-worker-211 | INFO  | .c.s.m.InstanceMessageReceiveService : Received schedule update for potential Athena exercise 3841

  Starting logs for TextExerciseIntegrationTest > updateTextExercise_updatingCourseId_asInstructor()
    23:48:22.827 | 447 ool-1-worker-211 | DEBUG | d.t.c.a.a.c.u.util.UserUtilService   : Generate 2 students...
    23:48:22.832 | 447 ool-1-worker-211 | DEBUG | d.t.c.a.a.c.u.util.UserUtilService   : 2 students generated. Generate 1 tutors...
    23:48:22.835 | 447 ool-1-worker-211 | DEBUG | d.t.c.a.a.c.u.util.UserUtilService   : 1 tutors generated. Generate 0 editors...
    23:48:22.836 | 447 ool-1-worker-211 | DEBUG | d.t.c.a.a.c.u.util.UserUtilService   : 0 editors generated. Generate 1 instructors...
    23:48:22.839 | 447 ool-1-worker-211 | DEBUG | d.t.c.a.a.c.u.util.UserUtilService   : 1 instructors generated
    23:48:22.842 | 447 ool-1-worker-211 | DEBUG | d.t.c.a.a.c.u.util.UserUtilService   : Removing 5 users from all courses...
    23:48:22.843 | 447 ool-1-worker-211 | DEBUG | d.t.c.a.a.c.u.util.UserUtilService   : Removing 5 users from all courses. Done
    23:48:22.843 | 447 ool-1-worker-211 | DEBUG | d.t.c.a.a.c.u.util.UserUtilService   : Save 4 users to database...
    23:48:22.853 | 447 ool-1-worker-211 | DEBUG | d.t.c.a.a.c.u.util.UserUtilService   : Save 4 users to database. Done
    23:48:22.864 | 447 ool-1-worker-211 | INFO  | i.z.t.d.l.EmbeddedDatabaseReporter   : JDBC URL to connect to 'dataSource': url='jdbc:h2:tcp://localhost:41063/mem:df70fc46-7e57-4cb5-9cd0-c1d90c14afa7;USER=sa', scope='TextExerciseIntegrationTest#updateTextExercise_updatingCourseId_asInstructor'
    23:48:22.867 | 447 ool-1-worker-211 | DEBUG | d.t.c.a.a.c.s.f.ApiVersionFilter     : Adding Version to Request PUT /api/text-exercises
    23:48:22.867 | 447 ool-1-worker-211 | DEBUG | d.t.c.a.a.t.web.TextExerciseResource : REST request to update TextExercise : TextExercise{id=3842, exampleSolution='This is my example solution'}
    23:48:22.870 | 447 ool-1-worker-211 | WARN  | o.z.p.spring.common.AdviceTraits     : Conflict: Exercise course id does not match the stored course id

  Starting logs for TextExerciseIntegrationTest > testReEvaluateAndUpdateTextExercise_notFound()
    23:48:22.891 | 447 ool-1-worker-211 | DEBUG | d.t.c.a.a.c.u.util.UserUtilService   : Generate 2 students...
    23:48:22.899 | 447 ool-1-worker-211 | DEBUG | d.t.c.a.a.c.u.util.UserUtilService   : 2 students generated. Generate 1 tutors...
    23:48:22.905 | 447 ool-1-worker-211 | DEBUG | d.t.c.a.a.c.u.util.UserUtilService   : 1 tutors generated. Generate 0 editors...
    23:48:22.906 | 447 ool-1-worker-211 | DEBUG | d.t.c.a.a.c.u.util.UserUtilService   : 0 editors generated. Generate 1 instructors...
    23:48:22.912 | 447 ool-1-worker-211 | DEBUG | d.t.c.a.a.c.u.util.UserUtilService   : 1 instructors generated
    23:48:22.921 | 447 ool-1-worker-211 | DEBUG | d.t.c.a.a.c.u.util.UserUtilService   : Removing 5 users from all courses...
    23:48:22.922 | 447 ool-1-worker-211 | DEBUG | d.t.c.a.a.c.u.util.UserUtilService   : Removing 5 users from all courses. Done
    23:48:22.922 | 447 ool-1-worker-211 | DEBUG | d.t.c.a.a.c.u.util.UserUtilService   : Save 4 users to database...
    23:48:22.931 | 447 ool-1-worker-211 | DEBUG | d.t.c.a.a.c.u.util.UserUtilService   : Save 4 users to database. Done
    23:48:22.957 | 447 ool-1-worker-211 | INFO  | i.z.t.d.l.EmbeddedDatabaseReporter   : JDBC URL to connect to 'dataSource': url='jdbc:h2:tcp://localhost:41063/mem:df70fc46-7e57-4cb5-9cd0-c1d90c14afa7;USER=sa', scope='TextExerciseIntegrationTest#testReEvaluateAndUpdateTextExercise_notFound'
    23:48:22.965 | 447 ool-1-worker-211 | DEBUG | d.t.c.a.a.c.s.f.ApiVersionFilter     : Adding Version to Request PUT /api/text-exercises/123456789/re-evaluate
    23:48:22.973 | 447 ool-1-worker-211 | DEBUG | d.t.c.a.a.t.web.TextExerciseResource : REST request to re-evaluate TextExercise : TextExercise{id=3843, exampleSolution='This is my example solution'}
    23:48:22.979 | 447 ool-1-worker-211 | WARN  | o.z.p.spring.common.AdviceTraits     : Not Found: TextExercise with identifier: "123456789" does not exist

  Starting logs for TextExerciseIntegrationTest > testCheckPlagiarism_isNotAtLeastInstructorInCourse_forbidden()
    23:48:23.008 | 447 ool-1-worker-211 | DEBUG | d.t.c.a.a.c.u.util.UserUtilService   : Generate 2 students...
    23:48:23.016 | 447 ool-1-worker-211 | DEBUG | d.t.c.a.a.c.u.util.UserUtilService   : 2 students generated. Generate 1 tutors...
    23:48:23.022 | 447 ool-1-worker-211 | DEBUG | d.t.c.a.a.c.u.util.UserUtilService   : 1 tutors generated. Generate 0 editors...
    23:48:23.029 | 447 ool-1-worker-211 | DEBUG | d.t.c.a.a.c.u.util.UserUtilService   : 0 editors generated. Generate 1 instructors...
    23:48:23.035 | 447 ool-1-worker-211 | DEBUG | d.t.c.a.a.c.u.util.UserUtilService   : 1 instructors generated
    23:48:23.041 | 447 ool-1-worker-211 | DEBUG | d.t.c.a.a.c.u.util.UserUtilService   : Removing 5 users from all courses...
    23:48:23.042 | 447 ool-1-worker-211 | DEBUG | d.t.c.a.a.c.u.util.UserUtilService   : Removing 5 users from all courses. Done
    23:48:23.042 | 447 ool-1-worker-211 | DEBUG | d.t.c.a.a.c.u.util.UserUtilService   : Save 4 users to database...
    23:48:23.049 | 447 ool-1-worker-211 | DEBUG | d.t.c.a.a.c.u.util.UserUtilService   : Save 4 users to database. Done
    23:48:23.066 | 447 ool-1-worker-211 | INFO  | i.z.t.d.l.EmbeddedDatabaseReporter   : JDBC URL to connect to 'dataSource': url='jdbc:h2:tcp://localhost:41063/mem:df70fc46-7e57-4cb5-9cd0-c1d90c14afa7;USER=sa', scope='TextExerciseIntegrationTest#testCheckPlagiarism_isNotAtLeastInstructorInCourse_forbidden'
    23:48:23.084 | 447 ool-1-worker-211 | DEBUG | d.t.c.a.a.c.s.f.ApiVersionFilter     : Adding Version to Request GET /api/text-exercises/3844/check-plagiarism
    23:48:23.093 | 447 ool-1-worker-211 | WARN  | o.z.p.spring.common.AdviceTraits     : Forbidden: You are not allowed to access the Course with id 3051

  Starting logs for TextExerciseIntegrationTest > submitEnglishTextExercise()
    23:48:23.111 | 447 ool-1-worker-211 | DEBUG | d.t.c.a.a.c.u.util.UserUtilService   : Generate 2 students...
    23:48:23.116 | 447 ool-1-worker-211 | DEBUG | d.t.c.a.a.c.u.util.UserUtilService   : 2 students generated. Generate 1 tutors...
    23:48:23.119 | 447 ool-1-worker-211 | DEBUG | d.t.c.a.a.c.u.util.UserUtilService   : 1 tutors generated. Generate 0 editors...
    23:48:23.120 | 447 ool-1-worker-211 | DEBUG | d.t.c.a.a.c.u.util.UserUtilService   : 0 editors generated. Generate 1 instructors...
    23:48:23.123 | 447 ool-1-worker-211 | DEBUG | d.t.c.a.a.c.u.util.UserUtilService   : 1 instructors generated
    23:48:23.126 | 447 ool-1-worker-211 | DEBUG | d.t.c.a.a.c.u.util.UserUtilService   : Removing 5 users from all courses...
    23:48:23.127 | 447 ool-1-worker-211 | DEBUG | d.t.c.a.a.c.u.util.UserUtilService   : Removing 5 users from all courses. Done
    23:48:23.127 | 447 ool-1-worker-211 | DEBUG | d.t.c.a.a.c.u.util.UserUtilService   : Save 4 users to database...
    23:48:23.131 | 447 ool-1-worker-211 | DEBUG | d.t.c.a.a.c.u.util.UserUtilService   : Save 4 users to database. Done
    23:48:23.141 | 447 ool-1-worker-211 | INFO  | i.z.t.d.l.EmbeddedDatabaseReporter   : JDBC URL to connect to 'dataSource': url='jdbc:h2:tcp://localhost:41063/mem:df70fc46-7e57-4cb5-9cd0-c1d90c14afa7;USER=sa', scope='TextExerciseIntegrationTest#submitEnglishTextExercise'
    23:48:23.143 | 447 ool-1-worker-211 | DEBUG | d.t.c.a.a.c.s.f.ApiVersionFilter     : Adding Version to Request POST /api/exercises/3845/participations
    23:48:23.146 | 447 ool-1-worker-211 | DEBUG | d.t.c.a.a.e.w.ParticipationResource  : REST request to start Exercise : 3845
    23:48:23.165 | 447 ool-1-worker-211 | DEBUG | d.t.c.a.a.c.s.f.ApiVersionFilter     : Adding Version to Request POST /api/exercises/3845/text-submissions
    23:48:23.189 | 447 ool-1-worker-211 | DEBUG | d.t.c.a.a.t.w.TextSubmissionResource : REST request to save text submission : TextSubmission{id=null, text='This Submission is written in English', language='ENGLISH'}
    23:48:23.200 | 447 ool-1-worker-211 | INFO  | d.t.c.a.a.t.w.TextSubmissionResource : handleTextSubmission took 11ms for exercise 3845 and user textexerciseintegrationtutor1

  Starting logs for TextExerciseIntegrationTest > testGetPlagiarismResultWithoutExercise()
    23:48:23.247 | 447 ool-1-worker-211 | DEBUG | d.t.c.a.a.c.u.util.UserUtilService   : Generate 2 students...
    23:48:23.254 | 447 ool-1-worker-211 | DEBUG | d.t.c.a.a.c.u.util.UserUtilService   : 2 students generated. Generate 1 tutors...
    23:48:23.258 | 447 ool-1-worker-211 | DEBUG | d.t.c.a.a.c.u.util.UserUtilService   : 1 tutors generated. Generate 0 editors...
    23:48:23.262 | 447 ool-1-worker-211 | DEBUG | d.t.c.a.a.c.u.util.UserUtilService   : 0 editors generated. Generate 1 instructors...
    23:48:23.269 | 447 ool-1-worker-211 | DEBUG | d.t.c.a.a.c.u.util.UserUtilService   : 1 instructors generated
    23:48:23.274 | 447 ool-1-worker-211 | DEBUG | d.t.c.a.a.c.u.util.UserUtilService   : Removing 5 users from all courses...
    23:48:23.275 | 447 ool-1-worker-211 | DEBUG | d.t.c.a.a.c.u.util.UserUtilService   : Removing 5 users from all courses. Done
    23:48:23.275 | 447 ool-1-worker-211 | DEBUG | d.t.c.a.a.c.u.util.UserUtilService   : Save 4 users to database...
    23:48:23.285 | 447 ool-1-worker-211 | DEBUG | d.t.c.a.a.c.u.util.UserUtilService   : Save 4 users to database. Done
    23:48:23.297 | 447 ool-1-worker-211 | INFO  | i.z.t.d.l.EmbeddedDatabaseReporter   : JDBC URL to connect to 'dataSource': url='jdbc:h2:tcp://localhost:41063/mem:df70fc46-7e57-4cb5-9cd0-c1d90c14afa7;USER=sa', scope='TextExerciseIntegrationTest#testGetPlagiarismResultWithoutExercise'
    23:48:23.298 | 447 ool-1-worker-211 | DEBUG | d.t.c.a.a.c.s.f.ApiVersionFilter     : Adding Version to Request GET /api/text-exercises/10000000/plagiarism-result
    23:48:23.300 | 447 ool-1-worker-211 | DEBUG | d.t.c.a.a.t.web.TextExerciseResource : REST request to get the latest plagiarism result for the text exercise with id: 10000000
    23:48:23.304 | 447 ool-1-worker-211 | WARN  | o.z.p.spring.common.AdviceTraits     : Not Found: TextExercise with identifier: "10000000" does not exist

  Starting logs for TextExerciseIntegrationTest > deleteTextExercise_notFound()
    23:48:23.339 | 447 ool-1-worker-211 | DEBUG | d.t.c.a.a.c.u.util.UserUtilService   : Generate 2 students...
    23:48:23.346 | 447 ool-1-worker-211 | DEBUG | d.t.c.a.a.c.u.util.UserUtilService   : 2 students generated. Generate 1 tutors...
    23:48:23.352 | 447 ool-1-worker-211 | DEBUG | d.t.c.a.a.c.u.util.UserUtilService   : 1 tutors generated. Generate 0 editors...
    23:48:23.356 | 447 ool-1-worker-211 | DEBUG | d.t.c.a.a.c.u.util.UserUtilService   : 0 editors generated. Generate 1 instructors...
    23:48:23.359 | 447 ool-1-worker-211 | DEBUG | d.t.c.a.a.c.u.util.UserUtilService   : 1 instructors generated
    23:48:23.363 | 447 ool-1-worker-211 | DEBUG | d.t.c.a.a.c.u.util.UserUtilService   : Removing 5 users from all courses...
    23:48:23.364 | 447 ool-1-worker-211 | DEBUG | d.t.c.a.a.c.u.util.UserUtilService   : Removing 5 users from all courses. Done
    23:48:23.364 | 447 ool-1-worker-211 | DEBUG | d.t.c.a.a.c.u.util.UserUtilService   : Save 4 users to database...
    23:48:23.371 | 447 ool-1-worker-211 | DEBUG | d.t.c.a.a.c.u.util.UserUtilService   : Save 4 users to database. Done
    23:48:23.381 | 447 ool-1-worker-211 | INFO  | i.z.t.d.l.EmbeddedDatabaseReporter   : JDBC URL to connect to 'dataSource': url='jdbc:h2:tcp://localhost:41063/mem:df70fc46-7e57-4cb5-9cd0-c1d90c14afa7;USER=sa', scope='TextExerciseIntegrationTest#deleteTextExercise_notFound'
    23:48:23.383 | 447 ool-1-worker-211 | DEBUG | d.t.c.a.a.c.s.f.ApiVersionFilter     : Adding Version to Request DELETE /api/text-exercises/114213211
    23:48:23.383 | 447 ool-1-worker-211 | INFO  | d.t.c.a.a.t.web.TextExerciseResource : REST request to delete TextExercise : 114213211
    23:48:23.387 | 447 ool-1-worker-211 | WARN  | o.z.p.spring.common.AdviceTraits     : Not Found: TextExercise with identifier: "114213211" does not exist

  Starting logs for TextExerciseIntegrationTest > testInstructorGetsOnlyResultsFromOwningExams()
    23:48:23.415 | 447 ool-1-worker-211 | DEBUG | d.t.c.a.a.c.u.util.UserUtilService   : Generate 2 students...
    23:48:23.426 | 447 ool-1-worker-211 | DEBUG | d.t.c.a.a.c.u.util.UserUtilService   : 2 students generated. Generate 1 tutors...
    23:48:23.432 | 447 ool-1-worker-211 | DEBUG | d.t.c.a.a.c.u.util.UserUtilService   : 1 tutors generated. Generate 0 editors...
    23:48:23.436 | 447 ool-1-worker-211 | DEBUG | d.t.c.a.a.c.u.util.UserUtilService   : 0 editors generated. Generate 1 instructors...
    23:48:23.441 | 447 ool-1-worker-211 | DEBUG | d.t.c.a.a.c.u.util.UserUtilService   : 1 instructors generated
    23:48:23.444 | 447 ool-1-worker-211 | DEBUG | d.t.c.a.a.c.u.util.UserUtilService   : Removing 5 users from all courses...
    23:48:23.446 | 447 ool-1-worker-211 | DEBUG | d.t.c.a.a.c.u.util.UserUtilService   : Removing 5 users from all courses. Done
    23:48:23.446 | 447 ool-1-worker-211 | DEBUG | d.t.c.a.a.c.u.util.UserUtilService   : Save 4 users to database...
    23:48:23.451 | 447 ool-1-worker-211 | DEBUG | d.t.c.a.a.c.u.util.UserUtilService   : Save 4 users to database. Done
    23:48:23.465 | 447 ool-1-worker-211 | INFO  | i.z.t.d.l.EmbeddedDatabaseReporter   : JDBC URL to connect to 'dataSource': url='jdbc:h2:tcp://localhost:41063/mem:df70fc46-7e57-4cb5-9cd0-c1d90c14afa7;USER=sa', scope='TextExerciseIntegrationTest#testInstructorGetsOnlyResultsFromOwningExams'
    23:48:23.472 | 447 ool-1-worker-211 | DEBUG | d.t.c.a.a.c.s.f.ApiVersionFilter     : Adding Version to Request GET /api/text-exercises

  Starting logs for TextExerciseIntegrationTest > testInstructorSearchTermMatchesId()
    23:48:23.504 | 447 ool-1-worker-211 | DEBUG | d.t.c.a.a.c.u.util.UserUtilService   : Generate 2 students...
    23:48:23.508 | 447 ool-1-worker-211 | DEBUG | d.t.c.a.a.c.u.util.UserUtilService   : 2 students generated. Generate 1 tutors...
    23:48:23.513 | 447 ool-1-worker-211 | DEBUG | d.t.c.a.a.c.u.util.UserUtilService   : 1 tutors generated. Generate 0 editors...
    23:48:23.514 | 447 ool-1-worker-211 | DEBUG | d.t.c.a.a.c.u.util.UserUtilService   : 0 editors generated. Generate 1 instructors...
    23:48:23.517 | 447 ool-1-worker-211 | DEBUG | d.t.c.a.a.c.u.util.UserUtilService   : 1 instructors generated
    23:48:23.522 | 447 ool-1-worker-211 | DEBUG | d.t.c.a.a.c.u.util.UserUtilService   : Removing 5 users from all courses...
    23:48:23.523 | 447 ool-1-worker-211 | DEBUG | d.t.c.a.a.c.u.util.UserUtilService   : Removing 5 users from all courses. Done
    23:48:23.523 | 447 ool-1-worker-211 | DEBUG | d.t.c.a.a.c.u.util.UserUtilService   : Save 4 users to database...
    23:48:23.532 | 447 ool-1-worker-211 | DEBUG | d.t.c.a.a.c.u.util.UserUtilService   : Save 4 users to database. Done
    23:48:23.551 | 447 ool-1-worker-211 | INFO  | i.z.t.d.l.EmbeddedDatabaseReporter   : JDBC URL to connect to 'dataSource': url='jdbc:h2:tcp://localhost:41063/mem:df70fc46-7e57-4cb5-9cd0-c1d90c14afa7;USER=sa', scope='TextExerciseIntegrationTest#testInstructorSearchTermMatchesId'
    23:48:23.552 | 447 ool-1-worker-211 | DEBUG | d.t.c.a.a.c.u.util.UserUtilService   : Generate 1 students...
    23:48:23.559 | 447 ool-1-worker-211 | DEBUG | d.t.c.a.a.c.u.util.UserUtilService   : 1 students generated. Generate 1 tutors...
    23:48:23.565 | 447 ool-1-worker-211 | DEBUG | d.t.c.a.a.c.u.util.UserUtilService   : 1 tutors generated. Generate 0 editors...
    23:48:23.569 | 447 ool-1-worker-211 | DEBUG | d.t.c.a.a.c.u.util.UserUtilService   : 0 editors generated. Generate 1 instructors...
    23:48:23.575 | 447 ool-1-worker-211 | DEBUG | d.t.c.a.a.c.u.util.UserUtilService   : 1 instructors generated
    23:48:23.581 | 447 ool-1-worker-211 | DEBUG | d.t.c.a.a.c.u.util.UserUtilService   : Removing 5 users from all courses...
    23:48:23.582 | 447 ool-1-worker-211 | DEBUG | d.t.c.a.a.c.u.util.UserUtilService   : Removing 5 users from all courses. Done
    23:48:23.582 | 447 ool-1-worker-211 | DEBUG | d.t.c.a.a.c.u.util.UserUtilService   : Save 3 users to database...
    23:48:23.592 | 447 ool-1-worker-211 | DEBUG | d.t.c.a.a.c.u.util.UserUtilService   : Save 3 users to database. Done
    23:48:23.595 | 447 ool-1-worker-211 | DEBUG | d.t.c.a.a.c.s.f.ApiVersionFilter     : Adding Version to Request GET /api/text-exercises

  Starting logs for TextExerciseIntegrationTest > testCheckPlagiarismNoSubmissions()
    23:48:23.662 | 447 ool-1-worker-211 | DEBUG | d.t.c.a.a.c.u.util.UserUtilService   : Generate 2 students...
    23:48:23.673 | 447 ool-1-worker-211 | DEBUG | d.t.c.a.a.c.u.util.UserUtilService   : 2 students generated. Generate 1 tutors...
    23:48:23.680 | 447 ool-1-worker-211 | DEBUG | d.t.c.a.a.c.u.util.UserUtilService   : 1 tutors generated. Generate 0 editors...
    23:48:23.681 | 447 ool-1-worker-211 | DEBUG | d.t.c.a.a.c.u.util.UserUtilService   : 0 editors generated. Generate 1 instructors...
    23:48:23.686 | 447 ool-1-worker-211 | DEBUG | d.t.c.a.a.c.u.util.UserUtilService   : 1 instructors generated
    23:48:23.693 | 447 ool-1-worker-211 | DEBUG | d.t.c.a.a.c.u.util.UserUtilService   : Removing 3 users from all courses...
    23:48:23.694 | 447 ool-1-worker-211 | DEBUG | d.t.c.a.a.c.u.util.UserUtilService   : Removing 3 users from all courses. Done
    23:48:23.694 | 447 ool-1-worker-211 | DEBUG | d.t.c.a.a.c.u.util.UserUtilService   : Save 4 users to database...
    23:48:23.697 | 447 ool-1-worker-211 | DEBUG | d.t.c.a.a.c.u.util.UserUtilService   : Save 4 users to database. Done
    23:48:23.707 | 447 ool-1-worker-211 | INFO  | i.z.t.d.l.EmbeddedDatabaseReporter   : JDBC URL to connect to 'dataSource': url='jdbc:h2:tcp://localhost:41063/mem:df70fc46-7e57-4cb5-9cd0-c1d90c14afa7;USER=sa', scope='TextExerciseIntegrationTest#testCheckPlagiarismNoSubmissions'
    23:48:23.708 | 447 ool-1-worker-211 | DEBUG | d.t.c.a.a.c.s.f.ApiVersionFilter     : Adding Version to Request GET /api/text-exercises/3852/check-plagiarism
    23:48:23.714 | 447 ool-1-worker-211 | INFO  | d.t.c.a.a.t.web.TextExerciseResource : Started manual plagiarism checks for text exercise: exerciseId=3852.
    23:48:23.714 | 447 ool-1-worker-211 | INFO  | a.p.s.TextPlagiarismDetectionService : Found 0 text submissions in exercise 3852
    23:48:23.714 | 447 ool-1-worker-211 | INFO  | a.p.s.TextPlagiarismDetectionService : Save text submissions for JPlag text comparison with 0 submissions
    23:48:23.714 | 447 ool-1-worker-211 | INFO  | a.p.s.TextPlagiarismDetectionService : Insufficient amount of submissions for plagiarism detection. Inform the client with a bad request response.
    23:48:23.715 | 447 ool-1-worker-211 | WARN  | a.p.s.TextPlagiarismDetectionService : Text plagiarism detection NOT successful
de.tum.cit.aet.artemis.core.exception.BadRequestAlertException: Insufficient amount of valid and long enough submissions available for comparison
	at de.tum.cit.aet.artemis.plagiarism.service.TextPlagiarismDetectionService.checkPlagiarism(TextPlagiarismDetectionService.java:111)
	at de.tum.cit.aet.artemis.plagiarism.service.PlagiarismDetectionService.checkTextExercise(PlagiarismDetectionService.java:63)
	at de.tum.cit.aet.artemis.text.web.TextExerciseResource.checkPlagiarism(TextExerciseResource.java:610)
	at java.base/jdk.internal.reflect.DirectMethodHandleAccessor.invoke(DirectMethodHandleAccessor.java:103)
	at java.base/java.lang.reflect.Method.invoke(Method.java:580)
	at org.springframework.aop.support.AopUtils.invokeJoinpointUsingReflection(AopUtils.java:359)
	at org.springframework.aop.framework.ReflectiveMethodInvocation.invokeJoinpoint(ReflectiveMethodInvocation.java:196)
	at org.springframework.aop.framework.ReflectiveMethodInvocation.proceed(ReflectiveMethodInvocation.java:163)
	at org.springframework.aop.aspectj.MethodInvocationProceedingJoinPoint.proceed(MethodInvocationProceedingJoinPoint.java:89)
	at de.tum.cit.aet.artemis.core.service.feature.FeatureToggleAspect.around(FeatureToggleAspect.java:50)
	at java.base/jdk.internal.reflect.DirectMethodHandleAccessor.invoke(DirectMethodHandleAccessor.java:103)
	at java.base/java.lang.reflect.Method.invoke(Method.java:580)
	at org.springframework.aop.aspectj.AbstractAspectJAdvice.invokeAdviceMethodWithGivenArgs(AbstractAspectJAdvice.java:638)
	at org.springframework.aop.aspectj.AbstractAspectJAdvice.invokeAdviceMethod(AbstractAspectJAdvice.java:628)
	at org.springframework.aop.aspectj.AspectJAroundAdvice.invoke(AspectJAroundAdvice.java:71)
	at org.springframework.aop.framework.ReflectiveMethodInvocation.proceed(ReflectiveMethodInvocation.java:173)
	at org.springframework.security.authorization.method.AuthorizationManagerBeforeMethodInterceptor.proceed(AuthorizationManagerBeforeMethodInterceptor.java:268)
	at org.springframework.security.authorization.method.AuthorizationManagerBeforeMethodInterceptor.attemptAuthorization(AuthorizationManagerBeforeMethodInterceptor.java:263)
	at org.springframework.security.authorization.method.AuthorizationManagerBeforeMethodInterceptor.invoke(AuthorizationManagerBeforeMethodInterceptor.java:196)
	at org.springframework.security.config.annotation.method.configuration.DeferringMethodInterceptor.invoke(DeferringMethodInterceptor.java:44)
	at org.springframework.aop.framework.ReflectiveMethodInvocation.proceed(ReflectiveMethodInvocation.java:184)
	at org.springframework.aop.interceptor.ExposeInvocationInterceptor.invoke(ExposeInvocationInterceptor.java:97)
	at org.springframework.aop.framework.ReflectiveMethodInvocation.proceed(ReflectiveMethodInvocation.java:184)
	at org.springframework.aop.framework.CglibAopProxy$DynamicAdvisedInterceptor.intercept(CglibAopProxy.java:727)
	at de.tum.cit.aet.artemis.text.web.TextExerciseResource$$SpringCGLIB$$0.checkPlagiarism(<generated>)
	at java.base/jdk.internal.reflect.DirectMethodHandleAccessor.invoke(DirectMethodHandleAccessor.java:103)
	at java.base/java.lang.reflect.Method.invoke(Method.java:580)
	at org.springframework.web.method.support.InvocableHandlerMethod.doInvoke(InvocableHandlerMethod.java:257)
	at org.springframework.web.method.support.InvocableHandlerMethod.invokeForRequest(InvocableHandlerMethod.java:190)
	at org.springframework.web.servlet.mvc.method.annotation.ServletInvocableHandlerMethod.invokeAndHandle(ServletInvocableHandlerMethod.java:118)
	at org.springframework.web.servlet.mvc.method.annotation.RequestMappingHandlerAdapter.invokeHandlerMethod(RequestMappingHandlerAdapter.java:986)
	at org.springframework.web.servlet.mvc.method.annotation.RequestMappingHandlerAdapter.handleInternal(RequestMappingHandlerAdapter.java:891)
	at org.springframework.web.servlet.mvc.method.AbstractHandlerMethodAdapter.handle(AbstractHandlerMethodAdapter.java:87)
	at org.springframework.web.servlet.DispatcherServlet.doDispatch(DispatcherServlet.java:1088)
	at org.springframework.web.servlet.DispatcherServlet.doService(DispatcherServlet.java:978)
	at org.springframework.web.servlet.FrameworkServlet.processRequest(FrameworkServlet.java:1014)
	at org.springframework.web.servlet.FrameworkServlet.doGet(FrameworkServlet.java:903)
	at jakarta.servlet.http.HttpServlet.service(HttpServlet.java:527)
	at org.springframework.web.servlet.FrameworkServlet.service(FrameworkServlet.java:885)
	at org.springframework.test.web.servlet.TestDispatcherServlet.service(TestDispatcherServlet.java:72)
	at jakarta.servlet.http.HttpServlet.service(HttpServlet.java:614)
	at org.springframework.mock.web.MockFilterChain$ServletFilterProxy.doFilter(MockFilterChain.java:165)
	at org.springframework.mock.web.MockFilterChain.doFilter(MockFilterChain.java:132)
	at org.springframework.web.filter.OncePerRequestFilter.doFilter(OncePerRequestFilter.java:110)
	at org.springframework.test.web.servlet.setup.MockMvcFilterDecorator.doFilter(MockMvcFilterDecorator.java:162)
	at org.springframework.mock.web.MockFilterChain.doFilter(MockFilterChain.java:132)
	at de.tum.cit.aet.artemis.core.security.filter.ApiVersionFilter.doFilter(ApiVersionFilter.java:55)
	at org.springframework.test.web.servlet.setup.MockMvcFilterDecorator.doFilter(MockMvcFilterDecorator.java:162)
	at org.springframework.mock.web.MockFilterChain.doFilter(MockFilterChain.java:132)
	at io.sentry.spring.jakarta.SentryUserFilter.doFilterInternal(SentryUserFilter.java:56)
	at org.springframework.web.filter.OncePerRequestFilter.doFilter(OncePerRequestFilter.java:116)
	at org.springframework.test.web.servlet.setup.MockMvcFilterDecorator.doFilter(MockMvcFilterDecorator.java:162)
	at org.springframework.mock.web.MockFilterChain.doFilter(MockFilterChain.java:132)
	at org.springframework.web.filter.CompositeFilter$VirtualFilterChain.doFilter(CompositeFilter.java:108)
	at org.springframework.security.web.FilterChainProxy.lambda$doFilterInternal$3(FilterChainProxy.java:231)
	at org.springframework.security.web.ObservationFilterChainDecorator$FilterObservation$SimpleFilterObservation.lambda$wrap$1(ObservationFilterChainDecorator.java:479)
	at org.springframework.security.web.ObservationFilterChainDecorator$AroundFilterObservation$SimpleAroundFilterObservation.lambda$wrap$1(ObservationFilterChainDecorator.java:340)
	at org.springframework.security.web.ObservationFilterChainDecorator.lambda$wrapSecured$0(ObservationFilterChainDecorator.java:82)
	at org.springframework.security.web.ObservationFilterChainDecorator$VirtualFilterChain.doFilter(ObservationFilterChainDecorator.java:128)
	at org.springframework.security.web.access.intercept.AuthorizationFilter.doFilter(AuthorizationFilter.java:101)
	at org.springframework.security.web.ObservationFilterChainDecorator$ObservationFilter.wrapFilter(ObservationFilterChainDecorator.java:240)
	at org.springframework.security.web.ObservationFilterChainDecorator$ObservationFilter.doFilter(ObservationFilterChainDecorator.java:227)
	at org.springframework.security.web.ObservationFilterChainDecorator$VirtualFilterChain.doFilter(ObservationFilterChainDecorator.java:137)
	at org.springframework.security.web.access.ExceptionTranslationFilter.doFilter(ExceptionTranslationFilter.java:126)
	at org.springframework.security.web.access.ExceptionTranslationFilter.doFilter(ExceptionTranslationFilter.java:120)
	at org.springframework.security.web.ObservationFilterChainDecorator$ObservationFilter.wrapFilter(ObservationFilterChainDecorator.java:240)
	at org.springframework.security.web.ObservationFilterChainDecorator$ObservationFilter.doFilter(ObservationFilterChainDecorator.java:227)
	at org.springframework.security.web.ObservationFilterChainDecorator$VirtualFilterChain.doFilter(ObservationFilterChainDecorator.java:137)
	at org.springframework.security.web.session.SessionManagementFilter.doFilter(SessionManagementFilter.java:131)
	at org.springframework.security.web.session.SessionManagementFilter.doFilter(SessionManagementFilter.java:85)
	at org.springframework.security.web.ObservationFilterChainDecorator$ObservationFilter.wrapFilter(ObservationFilterChainDecorator.java:240)
	at org.springframework.security.web.ObservationFilterChainDecorator$ObservationFilter.doFilter(ObservationFilterChainDecorator.java:227)
	at org.springframework.security.web.ObservationFilterChainDecorator$VirtualFilterChain.doFilter(ObservationFilterChainDecorator.java:137)
	at org.springframework.security.web.authentication.AnonymousAuthenticationFilter.doFilter(AnonymousAuthenticationFilter.java:100)
	at org.springframework.security.web.ObservationFilterChainDecorator$ObservationFilter.wrapFilter(ObservationFilterChainDecorator.java:240)
	at org.springframework.security.web.ObservationFilterChainDecorator$ObservationFilter.doFilter(ObservationFilterChainDecorator.java:227)
	at org.springframework.security.web.ObservationFilterChainDecorator$VirtualFilterChain.doFilter(ObservationFilterChainDecorator.java:137)
	at org.springframework.security.web.servletapi.SecurityContextHolderAwareRequestFilter.doFilter(SecurityContextHolderAwareRequestFilter.java:179)
	at org.springframework.security.web.ObservationFilterChainDecorator$ObservationFilter.wrapFilter(ObservationFilterChainDecorator.java:240)
	at org.springframework.security.web.ObservationFilterChainDecorator$ObservationFilter.doFilter(ObservationFilterChainDecorator.java:227)
	at org.springframework.security.web.ObservationFilterChainDecorator$VirtualFilterChain.doFilter(ObservationFilterChainDecorator.java:137)
	at org.springframework.security.web.savedrequest.RequestCacheAwareFilter.doFilter(RequestCacheAwareFilter.java:63)
	at org.springframework.security.web.ObservationFilterChainDecorator$ObservationFilter.wrapFilter(ObservationFilterChainDecorator.java:240)
	at org.springframework.security.web.ObservationFilterChainDecorator$ObservationFilter.doFilter(ObservationFilterChainDecorator.java:227)
	at org.springframework.security.web.ObservationFilterChainDecorator$VirtualFilterChain.doFilter(ObservationFilterChainDecorator.java:137)
	at de.tum.cit.aet.artemis.core.security.filter.SpaWebFilter.doFilterInternal(SpaWebFilter.java:23)
	at org.springframework.web.filter.OncePerRequestFilter.doFilter(OncePerRequestFilter.java:116)
	at org.springframework.security.web.ObservationFilterChainDecorator$ObservationFilter.wrapFilter(ObservationFilterChainDecorator.java:240)
	at org.springframework.security.web.ObservationFilterChainDecorator$ObservationFilter.doFilter(ObservationFilterChainDecorator.java:227)
	at org.springframework.security.web.ObservationFilterChainDecorator$VirtualFilterChain.doFilter(ObservationFilterChainDecorator.java:137)
	at org.springframework.web.filter.OncePerRequestFilter.doFilter(OncePerRequestFilter.java:110)
	at org.springframework.security.web.ObservationFilterChainDecorator$ObservationFilter.wrapFilter(ObservationFilterChainDecorator.java:240)
	at org.springframework.security.web.ObservationFilterChainDecorator$ObservationFilter.doFilter(ObservationFilterChainDecorator.java:227)
	at org.springframework.security.web.ObservationFilterChainDecorator$VirtualFilterChain.doFilter(ObservationFilterChainDecorator.java:137)
	at de.tum.cit.aet.artemis.lti.config.Lti13LaunchFilter.doFilterInternal(Lti13LaunchFilter.java:60)
	at org.springframework.web.filter.OncePerRequestFilter.doFilter(OncePerRequestFilter.java:116)
	at org.springframework.security.web.ObservationFilterChainDecorator$ObservationFilter.wrapFilter(ObservationFilterChainDecorator.java:240)
	at org.springframework.security.web.ObservationFilterChainDecorator$ObservationFilter.doFilter(ObservationFilterChainDecorator.java:227)
	at org.springframework.security.web.ObservationFilterChainDecorator$VirtualFilterChain.doFilter(ObservationFilterChainDecorator.java:137)
	at de.tum.cit.aet.artemis.core.security.jwt.JWTFilter.doFilter(JWTFilter.java:55)
	at org.springframework.security.web.ObservationFilterChainDecorator$ObservationFilter.wrapFilter(ObservationFilterChainDecorator.java:240)
	at org.springframework.security.web.ObservationFilterChainDecorator$ObservationFilter.doFilter(ObservationFilterChainDecorator.java:227)
	at org.springframework.security.web.ObservationFilterChainDecorator$VirtualFilterChain.doFilter(ObservationFilterChainDecorator.java:137)
	at de.tum.cit.aet.artemis.core.security.jwt.JWTFilter.doFilter(JWTFilter.java:55)
	at org.springframework.security.web.ObservationFilterChainDecorator$ObservationFilter.wrapFilter(ObservationFilterChainDecorator.java:240)
	at org.springframework.security.web.ObservationFilterChainDecorator$ObservationFilter.doFilter(ObservationFilterChainDecorator.java:227)
	at org.springframework.security.web.ObservationFilterChainDecorator$VirtualFilterChain.doFilter(ObservationFilterChainDecorator.java:137)
	at org.springframework.web.filter.CorsFilter.doFilterInternal(CorsFilter.java:91)
	at org.springframework.web.filter.OncePerRequestFilter.doFilter(OncePerRequestFilter.java:116)
	at org.springframework.security.web.ObservationFilterChainDecorator$ObservationFilter.wrapFilter(ObservationFilterChainDecorator.java:240)
	at org.springframework.security.web.ObservationFilterChainDecorator$ObservationFilter.doFilter(ObservationFilterChainDecorator.java:227)
	at org.springframework.security.web.ObservationFilterChainDecorator$VirtualFilterChain.doFilter(ObservationFilterChainDecorator.java:137)
	at org.springframework.web.filter.OncePerRequestFilter.doFilter(OncePerRequestFilter.java:110)
	at org.springframework.security.web.ObservationFilterChainDecorator$ObservationFilter.wrapFilter(ObservationFilterChainDecorator.java:240)
	at org.springframework.security.web.ObservationFilterChainDecorator$ObservationFilter.doFilter(ObservationFilterChainDecorator.java:227)
	at org.springframework.security.web.ObservationFilterChainDecorator$VirtualFilterChain.doFilter(ObservationFilterChainDecorator.java:137)
	at uk.ac.ox.ctl.lti13.security.oauth2.client.lti.web.OAuth2AuthorizationRequestRedirectFilter.doFilterInternal(OAuth2AuthorizationRequestRedirectFilter.java:142)
	at org.springframework.web.filter.OncePerRequestFilter.doFilter(OncePerRequestFilter.java:116)
	at org.springframework.security.web.ObservationFilterChainDecorator$ObservationFilter.wrapFilter(ObservationFilterChainDecorator.java:240)
	at org.springframework.security.web.ObservationFilterChainDecorator$ObservationFilter.doFilter(ObservationFilterChainDecorator.java:227)
	at org.springframework.security.web.ObservationFilterChainDecorator$VirtualFilterChain.doFilter(ObservationFilterChainDecorator.java:137)
	at org.springframework.security.web.authentication.logout.LogoutFilter.doFilter(LogoutFilter.java:107)
	at org.springframework.security.web.authentication.logout.LogoutFilter.doFilter(LogoutFilter.java:93)
	at org.springframework.security.web.ObservationFilterChainDecorator$ObservationFilter.wrapFilter(ObservationFilterChainDecorator.java:240)
	at org.springframework.security.web.ObservationFilterChainDecorator$ObservationFilter.doFilter(ObservationFilterChainDecorator.java:227)
	at org.springframework.security.web.ObservationFilterChainDecorator$VirtualFilterChain.doFilter(ObservationFilterChainDecorator.java:137)
	at org.springframework.security.web.header.HeaderWriterFilter.doHeadersAfter(HeaderWriterFilter.java:90)
	at org.springframework.security.web.header.HeaderWriterFilter.doFilterInternal(HeaderWriterFilter.java:75)
	at org.springframework.web.filter.OncePerRequestFilter.doFilter(OncePerRequestFilter.java:116)
	at org.springframework.security.web.ObservationFilterChainDecorator$ObservationFilter.wrapFilter(ObservationFilterChainDecorator.java:240)
	at org.springframework.security.web.ObservationFilterChainDecorator$ObservationFilter.doFilter(ObservationFilterChainDecorator.java:227)
	at org.springframework.security.web.ObservationFilterChainDecorator$VirtualFilterChain.doFilter(ObservationFilterChainDecorator.java:137)
	at org.springframework.security.web.context.SecurityContextHolderFilter.doFilter(SecurityContextHolderFilter.java:82)
	at org.springframework.security.web.context.SecurityContextHolderFilter.doFilter(SecurityContextHolderFilter.java:69)
	at org.springframework.security.web.ObservationFilterChainDecorator$ObservationFilter.wrapFilter(ObservationFilterChainDecorator.java:240)
	at org.springframework.security.web.ObservationFilterChainDecorator$ObservationFilter.doFilter(ObservationFilterChainDecorator.java:227)
	at org.springframework.security.web.ObservationFilterChainDecorator$VirtualFilterChain.doFilter(ObservationFilterChainDecorator.java:137)
	at org.springframework.security.web.context.request.async.WebAsyncManagerIntegrationFilter.doFilterInternal(WebAsyncManagerIntegrationFilter.java:62)
	at org.springframework.web.filter.OncePerRequestFilter.doFilter(OncePerRequestFilter.java:116)
	at org.springframework.security.web.ObservationFilterChainDecorator$ObservationFilter.wrapFilter(ObservationFilterChainDecorator.java:240)
	at org.springframework.security.web.ObservationFilterChainDecorator$ObservationFilter.doFilter(ObservationFilterChainDecorator.java:227)
	at org.springframework.security.web.ObservationFilterChainDecorator$VirtualFilterChain.doFilter(ObservationFilterChainDecorator.java:137)
	at org.springframework.security.web.session.DisableEncodeUrlFilter.doFilterInternal(DisableEncodeUrlFilter.java:42)
	at org.springframework.web.filter.OncePerRequestFilter.doFilter(OncePerRequestFilter.java:116)
	at org.springframework.security.web.ObservationFilterChainDecorator$ObservationFilter.wrapFilter(ObservationFilterChainDecorator.java:240)
	at org.springframework.security.web.ObservationFilterChainDecorator$AroundFilterObservation$SimpleAroundFilterObservation.lambda$wrap$0(ObservationFilterChainDecorator.java:323)
	at org.springframework.security.web.ObservationFilterChainDecorator$ObservationFilter.doFilter(ObservationFilterChainDecorator.java:224)
	at org.springframework.security.web.ObservationFilterChainDecorator$VirtualFilterChain.doFilter(ObservationFilterChainDecorator.java:137)
	at org.springframework.security.web.FilterChainProxy.doFilterInternal(FilterChainProxy.java:233)
	at org.springframework.security.web.FilterChainProxy.doFilter(FilterChainProxy.java:191)
	at org.springframework.web.filter.CompositeFilter$VirtualFilterChain.doFilter(CompositeFilter.java:113)
	at org.springframework.web.servlet.handler.HandlerMappingIntrospector.lambda$createCacheFilter$3(HandlerMappingIntrospector.java:243)
	at org.springframework.web.filter.CompositeFilter$VirtualFilterChain.doFilter(CompositeFilter.java:113)
	at org.springframework.web.filter.CompositeFilter.doFilter(CompositeFilter.java:74)
	at org.springframework.security.config.annotation.web.configuration.WebMvcSecurityConfiguration$CompositeFilterChainProxy.doFilter(WebMvcSecurityConfiguration.java:238)
	at org.springframework.web.filter.DelegatingFilterProxy.invokeDelegate(DelegatingFilterProxy.java:362)
	at org.springframework.web.filter.DelegatingFilterProxy.doFilter(DelegatingFilterProxy.java:278)
	at org.springframework.test.web.servlet.setup.MockMvcFilterDecorator.doFilter(MockMvcFilterDecorator.java:162)
	at org.springframework.mock.web.MockFilterChain.doFilter(MockFilterChain.java:132)
	at org.springframework.web.filter.RequestContextFilter.doFilterInternal(RequestContextFilter.java:100)
	at org.springframework.web.filter.OncePerRequestFilter.doFilter(OncePerRequestFilter.java:116)
	at org.springframework.test.web.servlet.setup.MockMvcFilterDecorator.doFilter(MockMvcFilterDecorator.java:162)
	at org.springframework.mock.web.MockFilterChain.doFilter(MockFilterChain.java:132)
	at org.springframework.web.filter.FormContentFilter.doFilterInternal(FormContentFilter.java:93)
	at org.springframework.web.filter.OncePerRequestFilter.doFilter(OncePerRequestFilter.java:116)
	at org.springframework.test.web.servlet.setup.MockMvcFilterDecorator.doFilter(MockMvcFilterDecorator.java:162)
	at org.springframework.mock.web.MockFilterChain.doFilter(MockFilterChain.java:132)
	at org.springframework.web.filter.ServerHttpObservationFilter.doFilterInternal(ServerHttpObservationFilter.java:114)
	at org.springframework.web.filter.OncePerRequestFilter.doFilter(OncePerRequestFilter.java:116)
	at org.springframework.test.web.servlet.setup.MockMvcFilterDecorator.doFilter(MockMvcFilterDecorator.java:162)
	at org.springframework.mock.web.MockFilterChain.doFilter(MockFilterChain.java:132)
	at io.sentry.spring.jakarta.tracing.SentryTracingFilter.doFilterInternal(SentryTracingFilter.java:91)
	at org.springframework.web.filter.OncePerRequestFilter.doFilter(OncePerRequestFilter.java:116)
	at org.springframework.test.web.servlet.setup.MockMvcFilterDecorator.doFilter(MockMvcFilterDecorator.java:162)
	at org.springframework.mock.web.MockFilterChain.doFilter(MockFilterChain.java:132)
	at org.springframework.web.filter.CharacterEncodingFilter.doFilterInternal(CharacterEncodingFilter.java:201)
	at org.springframework.web.filter.OncePerRequestFilter.doFilter(OncePerRequestFilter.java:116)
	at org.springframework.test.web.servlet.setup.MockMvcFilterDecorator.doFilter(MockMvcFilterDecorator.java:162)
	at org.springframework.mock.web.MockFilterChain.doFilter(MockFilterChain.java:132)
	at io.sentry.spring.jakarta.SentrySpringFilter.doFilterInternal(SentrySpringFilter.java:76)
	at org.springframework.web.filter.OncePerRequestFilter.doFilter(OncePerRequestFilter.java:116)
	at org.springframework.test.web.servlet.setup.MockMvcFilterDecorator.doFilter(MockMvcFilterDecorator.java:162)
	at org.springframework.mock.web.MockFilterChain.doFilter(MockFilterChain.java:132)
	at org.springframework.test.web.servlet.MockMvc.perform(MockMvc.java:201)
	at de.tum.cit.aet.artemis.core.util.RequestUtilService.performMvcRequest(RequestUtilService.java:79)
	at de.tum.cit.aet.artemis.core.util.RequestUtilService.get(RequestUtilService.java:656)
	at de.tum.cit.aet.artemis.core.util.RequestUtilService.get(RequestUtilService.java:622)
	at de.tum.cit.aet.artemis.text.TextExerciseIntegrationTest.testCheckPlagiarismNoSubmissions(TextExerciseIntegrationTest.java:1119)
	at java.base/jdk.internal.reflect.DirectMethodHandleAccessor.invoke(DirectMethodHandleAccessor.java:103)
	at java.base/java.lang.reflect.Method.invoke(Method.java:580)
	at org.junit.platform.commons.util.ReflectionUtils.invokeMethod(ReflectionUtils.java:767)
	at org.junit.jupiter.engine.execution.MethodInvocation.proceed(MethodInvocation.java:60)
	at org.junit.jupiter.engine.execution.InvocationInterceptorChain$ValidatingInvocation.proceed(InvocationInterceptorChain.java:131)
	at org.junit.jupiter.engine.extension.TimeoutExtension.intercept(TimeoutExtension.java:156)
	at org.junit.jupiter.engine.extension.TimeoutExtension.interceptTestableMethod(TimeoutExtension.java:147)
	at org.junit.jupiter.engine.extension.TimeoutExtension.interceptTestMethod(TimeoutExtension.java:86)
	at org.junit.jupiter.engine.execution.InterceptingExecutableInvoker$ReflectiveInterceptorCall.lambda$ofVoidMethod$0(InterceptingExecutableInvoker.java:103)
	at org.junit.jupiter.engine.execution.InterceptingExecutableInvoker.lambda$invoke$0(InterceptingExecutableInvoker.java:93)
	at org.junit.jupiter.engine.execution.InvocationInterceptorChain$InterceptedInvocation.proceed(InvocationInterceptorChain.java:106)
	at org.junit.jupiter.engine.execution.InvocationInterceptorChain.proceed(InvocationInterceptorChain.java:64)
	at org.junit.jupiter.engine.execution.InvocationInterceptorChain.chainAndInvoke(InvocationInterceptorChain.java:45)
	at org.junit.jupiter.engine.execution.InvocationInterceptorChain.invoke(InvocationInterceptorChain.java:37)
	at org.junit.jupiter.engine.execution.InterceptingExecutableInvoker.invoke(InterceptingExecutableInvoker.java:92)
	at org.junit.jupiter.engine.execution.InterceptingExecutableInvoker.invoke(InterceptingExecutableInvoker.java:86)
	at org.junit.jupiter.engine.descriptor.TestMethodTestDescriptor.lambda$invokeTestMethod$8(TestMethodTestDescriptor.java:217)
	at org.junit.platform.engine.support.hierarchical.ThrowableCollector.execute(ThrowableCollector.java:73)
	at org.junit.jupiter.engine.descriptor.TestMethodTestDescriptor.invokeTestMethod(TestMethodTestDescriptor.java:213)
	at org.junit.jupiter.engine.descriptor.TestMethodTestDescriptor.execute(TestMethodTestDescriptor.java:138)
	at org.junit.jupiter.engine.descriptor.TestMethodTestDescriptor.execute(TestMethodTestDescriptor.java:68)
	at org.junit.platform.engine.support.hierarchical.NodeTestTask.lambda$executeRecursively$6(NodeTestTask.java:156)
	at org.junit.platform.engine.support.hierarchical.ThrowableCollector.execute(ThrowableCollector.java:73)
	at org.junit.platform.engine.support.hierarchical.NodeTestTask.lambda$executeRecursively$8(NodeTestTask.java:146)
	at org.junit.platform.engine.support.hierarchical.Node.around(Node.java:137)
	at org.junit.platform.engine.support.hierarchical.NodeTestTask.lambda$executeRecursively$9(NodeTestTask.java:144)
	at org.junit.platform.engine.support.hierarchical.ThrowableCollector.execute(ThrowableCollector.java:73)
	at org.junit.platform.engine.support.hierarchical.NodeTestTask.executeRecursively(NodeTestTask.java:143)
	at org.junit.platform.engine.support.hierarchical.NodeTestTask.execute(NodeTestTask.java:100)
	at org.junit.platform.engine.support.hierarchical.ForkJoinPoolHierarchicalTestExecutorService$ExclusiveTask.exec(ForkJoinPoolHierarchicalTestExecutorService.java:274)
	at org.junit.platform.engine.support.hierarchical.ForkJoinPoolHierarchicalTestExecutorService$ExclusiveTask.execSync(ForkJoinPoolHierarchicalTestExecutorService.java:247)
	at org.junit.platform.engine.support.hierarchical.ForkJoinPoolHierarchicalTestExecutorService.executeSync(ForkJoinPoolHierarchicalTestExecutorService.java:194)
	at org.junit.platform.engine.support.hierarchical.ForkJoinPoolHierarchicalTestExecutorService.invokeAll(ForkJoinPoolHierarchicalTestExecutorService.java:166)
	at org.junit.platform.engine.support.hierarchical.NodeTestTask.lambda$executeRecursively$6(NodeTestTask.java:160)
	at org.junit.platform.engine.support.hierarchical.ThrowableCollector.execute(ThrowableCollector.java:73)
	at org.junit.platform.engine.support.hierarchical.NodeTestTask.lambda$executeRecursively$8(NodeTestTask.java:146)
	at org.junit.platform.engine.support.hierarchical.Node.around(Node.java:137)
	at org.junit.platform.engine.support.hierarchical.NodeTestTask.lambda$executeRecursively$9(NodeTestTask.java:144)
	at org.junit.platform.engine.support.hierarchical.ThrowableCollector.execute(ThrowableCollector.java:73)
	at org.junit.platform.engine.support.hierarchical.NodeTestTask.executeRecursively(NodeTestTask.java:143)
	at org.junit.platform.engine.support.hierarchical.NodeTestTask.execute(NodeTestTask.java:100)
	at org.junit.platform.engine.support.hierarchical.ForkJoinPoolHierarchicalTestExecutorService$ExclusiveTask.exec(ForkJoinPoolHierarchicalTestExecutorService.java:274)
	at java.base/java.util.concurrent.ForkJoinTask.doExec(ForkJoinTask.java:387)
	at java.base/java.util.concurrent.ForkJoinPool$WorkQueue.topLevelExec(ForkJoinPool.java:1312)
	at java.base/java.util.concurrent.ForkJoinPool.scan(ForkJoinPool.java:1843)
	at java.base/java.util.concurrent.ForkJoinPool.runWorker(ForkJoinPool.java:1808)
	at java.base/java.util.concurrent.ForkJoinWorkerThread.run(ForkJoinWorkerThread.java:188)
    23:48:23.715 | 447 ool-1-worker-211 | ERROR | tech.jhipster.web.util.HeaderUtil    : Entity processing failed, Insufficient amount of valid and long enough submissions available for comparison
    23:48:23.716 | 447 ool-1-worker-211 | WARN  | o.z.p.spring.common.AdviceTraits     : Bad Request: Insufficient amount of valid and long enough submissions available for comparison

  Starting logs for TextExerciseIntegrationTest > updateTextExerciseDueDate()
    23:48:23.730 | 447 ool-1-worker-211 | DEBUG | d.t.c.a.a.c.u.util.UserUtilService   : Generate 2 students...
    23:48:23.735 | 447 ool-1-worker-211 | DEBUG | d.t.c.a.a.c.u.util.UserUtilService   : 2 students generated. Generate 1 tutors...
    23:48:23.738 | 447 ool-1-worker-211 | DEBUG | d.t.c.a.a.c.u.util.UserUtilService   : 1 tutors generated. Generate 0 editors...
    23:48:23.739 | 447 ool-1-worker-211 | DEBUG | d.t.c.a.a.c.u.util.UserUtilService   : 0 editors generated. Generate 1 instructors...
    23:48:23.742 | 447 ool-1-worker-211 | DEBUG | d.t.c.a.a.c.u.util.UserUtilService   : 1 instructors generated
    23:48:23.744 | 447 ool-1-worker-211 | DEBUG | d.t.c.a.a.c.u.util.UserUtilService   : Removing 5 users from all courses...
    23:48:23.745 | 447 ool-1-worker-211 | DEBUG | d.t.c.a.a.c.u.util.UserUtilService   : Removing 5 users from all courses. Done
    23:48:23.745 | 447 ool-1-worker-211 | DEBUG | d.t.c.a.a.c.u.util.UserUtilService   : Save 4 users to database...
    23:48:23.748 | 447 ool-1-worker-211 | DEBUG | d.t.c.a.a.c.u.util.UserUtilService   : Save 4 users to database. Done
    23:48:23.758 | 447 ool-1-worker-211 | INFO  | i.z.t.d.l.EmbeddedDatabaseReporter   : JDBC URL to connect to 'dataSource': url='jdbc:h2:tcp://localhost:41063/mem:df70fc46-7e57-4cb5-9cd0-c1d90c14afa7;USER=sa', scope='TextExerciseIntegrationTest#updateTextExerciseDueDate'
    23:48:23.769 | 447 ool-1-worker-211 | DEBUG | d.t.c.a.a.c.s.f.ApiVersionFilter     : Adding Version to Request PUT /api/text-exercises
    23:48:23.770 | 447 ool-1-worker-211 | DEBUG | d.t.c.a.a.t.web.TextExerciseResource : REST request to update TextExercise : TextExercise{id=3853, exampleSolution='This is my example solution'}
    23:48:23.780 | 447 ool-1-worker-211 | INFO  | d.t.c.a.a.e.service.ExerciseService  : User textexerciseintegrationinstructor1 has updated TextExercise Text with id 3853
    23:48:23.782 | 447 ool-1-worker-211 | INFO  | .c.s.m.InstanceMessageReceiveService : Received schedule update for potential Athena exercise 3853

  Starting logs for TextExerciseIntegrationTest > createTextExercise_setValidExampleSolutionPublicationDate()
    23:48:23.799 | 447 ool-1-worker-211 | DEBUG | d.t.c.a.a.c.u.util.UserUtilService   : Generate 2 students...
    23:48:23.804 | 447 ool-1-worker-211 | DEBUG | d.t.c.a.a.c.u.util.UserUtilService   : 2 students generated. Generate 1 tutors...
    23:48:23.806 | 447 ool-1-worker-211 | DEBUG | d.t.c.a.a.c.u.util.UserUtilService   : 1 tutors generated. Generate 0 editors...
    23:48:23.808 | 447 ool-1-worker-211 | DEBUG | d.t.c.a.a.c.u.util.UserUtilService   : 0 editors generated. Generate 1 instructors...
    23:48:23.811 | 447 ool-1-worker-211 | DEBUG | d.t.c.a.a.c.u.util.UserUtilService   : 1 instructors generated
    23:48:23.813 | 447 ool-1-worker-211 | DEBUG | d.t.c.a.a.c.u.util.UserUtilService   : Removing 5 users from all courses...
    23:48:23.815 | 447 ool-1-worker-211 | DEBUG | d.t.c.a.a.c.u.util.UserUtilService   : Removing 5 users from all courses. Done
    23:48:23.815 | 447 ool-1-worker-211 | DEBUG | d.t.c.a.a.c.u.util.UserUtilService   : Save 4 users to database...
    23:48:23.819 | 447 ool-1-worker-211 | DEBUG | d.t.c.a.a.c.u.util.UserUtilService   : Save 4 users to database. Done
    23:48:23.830 | 447 ool-1-worker-211 | INFO  | i.z.t.d.l.EmbeddedDatabaseReporter   : JDBC URL to connect to 'dataSource': url='jdbc:h2:tcp://localhost:41063/mem:df70fc46-7e57-4cb5-9cd0-c1d90c14afa7;USER=sa', scope='TextExerciseIntegrationTest#createTextExercise_setValidExampleSolutionPublicationDate'
    23:48:23.831 | 447 ool-1-worker-211 | DEBUG | d.t.c.a.a.c.s.f.ApiVersionFilter     : Adding Version to Request POST /api/text-exercises
    23:48:23.832 | 447 ool-1-worker-211 | DEBUG | d.t.c.a.a.t.web.TextExerciseResource : REST request to save TextExercise : TextExercise{id=null, exampleSolution='This is my example solution'}
    23:48:23.844 | 447 ool-1-worker-211 | INFO  | .c.s.m.InstanceMessageReceiveService : Received schedule update for potential Athena exercise 3855
    23:48:23.844 | 621 artemis-task-1   | INFO  | .c.s.m.InstanceMessageReceiveService : Received schedule update for exercise 3855 released notification 
    23:48:23.845 | 621 artemis-task-1   | DEBUG | t.c.a.a.e.s.ExerciseLifecycleService : Scheduled Task for Exercise "Text" (#3855) to trigger on RELEASE.
    23:48:23.845 | 621 artemis-task-1   | DEBUG | .a.a.c.s.NotificationScheduleService : Scheduled notify about started exercise after due date for exercise 'Text' (#3855) for 2025-02-15T00:48:23.830486Z.
    23:48:23.847 | 447 ool-1-worker-211 | DEBUG | d.t.c.a.a.c.s.f.ApiVersionFilter     : Adding Version to Request POST /api/text-exercises
    23:48:23.847 | 447 ool-1-worker-211 | DEBUG | d.t.c.a.a.t.web.TextExerciseResource : REST request to save TextExercise : TextExercise{id=null, exampleSolution='This is my example solution'}
    23:48:23.858 | 447 ool-1-worker-211 | INFO  | .c.s.m.InstanceMessageReceiveService : Received schedule update for potential Athena exercise 3856
    23:48:23.860 | 621 artemis-task-1   | INFO  | .c.s.m.InstanceMessageReceiveService : Received schedule update for exercise 3856 released notification 
    23:48:23.860 | 621 artemis-task-1   | DEBUG | t.c.a.a.e.s.ExerciseLifecycleService : Scheduled Task for Exercise "Text" (#3856) to trigger on RELEASE.
    23:48:23.860 | 621 artemis-task-1   | DEBUG | .a.a.c.s.NotificationScheduleService : Scheduled notify about started exercise after due date for exercise 'Text' (#3856) for 2025-02-15T00:48:23.830486Z.

  Starting logs for TextExerciseIntegrationTest > createTextExercise_setCourseAndExerciseGroup_badRequest()
    23:48:23.879 | 447 ool-1-worker-211 | DEBUG | d.t.c.a.a.c.u.util.UserUtilService   : Generate 2 students...
    23:48:23.884 | 447 ool-1-worker-211 | DEBUG | d.t.c.a.a.c.u.util.UserUtilService   : 2 students generated. Generate 1 tutors...
    23:48:23.887 | 447 ool-1-worker-211 | DEBUG | d.t.c.a.a.c.u.util.UserUtilService   : 1 tutors generated. Generate 0 editors...
    23:48:23.888 | 447 ool-1-worker-211 | DEBUG | d.t.c.a.a.c.u.util.UserUtilService   : 0 editors generated. Generate 1 instructors...
    23:48:23.891 | 447 ool-1-worker-211 | DEBUG | d.t.c.a.a.c.u.util.UserUtilService   : 1 instructors generated
    23:48:23.894 | 447 ool-1-worker-211 | DEBUG | d.t.c.a.a.c.u.util.UserUtilService   : Removing 5 users from all courses...
    23:48:23.895 | 447 ool-1-worker-211 | DEBUG | d.t.c.a.a.c.u.util.UserUtilService   : Removing 5 users from all courses. Done
    23:48:23.895 | 447 ool-1-worker-211 | DEBUG | d.t.c.a.a.c.u.util.UserUtilService   : Save 4 users to database...
    23:48:23.900 | 447 ool-1-worker-211 | DEBUG | d.t.c.a.a.c.u.util.UserUtilService   : Save 4 users to database. Done
    23:48:23.911 | 447 ool-1-worker-211 | INFO  | i.z.t.d.l.EmbeddedDatabaseReporter   : JDBC URL to connect to 'dataSource': url='jdbc:h2:tcp://localhost:41063/mem:df70fc46-7e57-4cb5-9cd0-c1d90c14afa7;USER=sa', scope='TextExerciseIntegrationTest#createTextExercise_setCourseAndExerciseGroup_badRequest'
    23:48:23.916 | 447 ool-1-worker-211 | DEBUG | d.t.c.a.a.c.s.f.ApiVersionFilter     : Adding Version to Request POST /api/text-exercises
    23:48:23.916 | 447 ool-1-worker-211 | DEBUG | d.t.c.a.a.t.web.TextExerciseResource : REST request to save TextExercise : TextExercise{id=null, exampleSolution='This is my example solution'}
    23:48:23.918 | 447 ool-1-worker-211 | ERROR | tech.jhipster.web.util.HeaderUtil    : Entity processing failed, An exercise must have either a course or an exerciseGroup
    23:48:23.918 | 447 ool-1-worker-211 | WARN  | o.z.p.spring.common.AdviceTraits     : Bad Request: An exercise must have either a course or an exerciseGroup

  Starting logs for TextExerciseIntegrationTest > getTextExercise_isNotAtleastTeachingAssistantInCourse_forbidden()
    23:48:23.936 | 447 ool-1-worker-211 | DEBUG | d.t.c.a.a.c.u.util.UserUtilService   : Generate 2 students...
    23:48:23.941 | 447 ool-1-worker-211 | DEBUG | d.t.c.a.a.c.u.util.UserUtilService   : 2 students generated. Generate 1 tutors...
    23:48:23.944 | 447 ool-1-worker-211 | DEBUG | d.t.c.a.a.c.u.util.UserUtilService   : 1 tutors generated. Generate 0 editors...
    23:48:23.946 | 447 ool-1-worker-211 | DEBUG | d.t.c.a.a.c.u.util.UserUtilService   : 0 editors generated. Generate 1 instructors...
    23:48:23.949 | 447 ool-1-worker-211 | DEBUG | d.t.c.a.a.c.u.util.UserUtilService   : 1 instructors generated
    23:48:23.952 | 447 ool-1-worker-211 | DEBUG | d.t.c.a.a.c.u.util.UserUtilService   : Removing 5 users from all courses...
    23:48:23.953 | 447 ool-1-worker-211 | DEBUG | d.t.c.a.a.c.u.util.UserUtilService   : Removing 5 users from all courses. Done
    23:48:23.953 | 447 ool-1-worker-211 | DEBUG | d.t.c.a.a.c.u.util.UserUtilService   : Save 4 users to database...
    23:48:23.957 | 447 ool-1-worker-211 | DEBUG | d.t.c.a.a.c.u.util.UserUtilService   : Save 4 users to database. Done
    23:48:23.968 | 447 ool-1-worker-211 | INFO  | i.z.t.d.l.EmbeddedDatabaseReporter   : JDBC URL to connect to 'dataSource': url='jdbc:h2:tcp://localhost:41063/mem:df70fc46-7e57-4cb5-9cd0-c1d90c14afa7;USER=sa', scope='TextExerciseIntegrationTest#getTextExercise_isNotAtleastTeachingAssistantInCourse_forbidden'
    23:48:23.975 | 447 ool-1-worker-211 | DEBUG | d.t.c.a.a.c.s.f.ApiVersionFilter     : Adding Version to Request GET /api/text-exercises/3858
    23:48:23.976 | 447 ool-1-worker-211 | DEBUG | d.t.c.a.a.t.web.TextExerciseResource : REST request to get TextExercise : 3858
    23:48:23.980 | 447 ool-1-worker-211 | WARN  | o.z.p.spring.common.AdviceTraits     : Forbidden: You are not allowed to access the Course with id 3064

  Starting logs for TextExerciseIntegrationTest > importTextExerciseFromCourseToExam()
    23:48:23.996 | 447 ool-1-worker-211 | DEBUG | d.t.c.a.a.c.u.util.UserUtilService   : Generate 2 students...
    23:48:24.001 | 447 ool-1-worker-211 | DEBUG | d.t.c.a.a.c.u.util.UserUtilService   : 2 students generated. Generate 1 tutors...
    23:48:24.004 | 447 ool-1-worker-211 | DEBUG | d.t.c.a.a.c.u.util.UserUtilService   : 1 tutors generated. Generate 0 editors...
    23:48:24.005 | 447 ool-1-worker-211 | DEBUG | d.t.c.a.a.c.u.util.UserUtilService   : 0 editors generated. Generate 1 instructors...
    23:48:24.008 | 447 ool-1-worker-211 | DEBUG | d.t.c.a.a.c.u.util.UserUtilService   : 1 instructors generated
    23:48:24.011 | 447 ool-1-worker-211 | DEBUG | d.t.c.a.a.c.u.util.UserUtilService   : Removing 5 users from all courses...
    23:48:24.012 | 447 ool-1-worker-211 | DEBUG | d.t.c.a.a.c.u.util.UserUtilService   : Removing 5 users from all courses. Done
    23:48:24.012 | 447 ool-1-worker-211 | DEBUG | d.t.c.a.a.c.u.util.UserUtilService   : Save 4 users to database...
    23:48:24.017 | 447 ool-1-worker-211 | DEBUG | d.t.c.a.a.c.u.util.UserUtilService   : Save 4 users to database. Done
    23:48:24.027 | 447 ool-1-worker-211 | INFO  | i.z.t.d.l.EmbeddedDatabaseReporter   : JDBC URL to connect to 'dataSource': url='jdbc:h2:tcp://localhost:41063/mem:df70fc46-7e57-4cb5-9cd0-c1d90c14afa7;USER=sa', scope='TextExerciseIntegrationTest#importTextExerciseFromCourseToExam'
    23:48:24.036 | 447 ool-1-worker-211 | DEBUG | d.t.c.a.a.c.s.f.ApiVersionFilter     : Adding Version to Request POST /api/text-exercises/import/3860
    23:48:24.049 | 447 ool-1-worker-211 | DEBUG | .c.a.a.t.s.TextExerciseImportService : Creating a new Exercise based on exercise TextExercise{id=3860, exampleSolution='This is my example solution'}
    23:48:24.049 | 447 ool-1-worker-211 | DEBUG | .c.a.a.t.s.TextExerciseImportService : Copying the exercise basis from TextExercise{id=3860, exampleSolution='This is my example solution'}
    23:48:24.050 | 447 ool-1-worker-211 | DEBUG | .c.a.a.t.s.TextExerciseImportService : Copying the ExampleSubmissions to new Exercise: TextExercise{id=3861, exampleSolution='This is my example solution'}

  Starting logs for TextExerciseIntegrationTest > testReEvaluateAndUpdateTextExercise_isNotSameGivenExerciseIdInRequestBody_conflict()
    23:48:24.102 | 447 ool-1-worker-211 | DEBUG | d.t.c.a.a.c.u.util.UserUtilService   : Generate 2 students...
    23:48:24.106 | 447 ool-1-worker-211 | DEBUG | d.t.c.a.a.c.u.util.UserUtilService   : 2 students generated. Generate 1 tutors...
    23:48:24.109 | 447 ool-1-worker-211 | DEBUG | d.t.c.a.a.c.u.util.UserUtilService   : 1 tutors generated. Generate 0 editors...
    23:48:24.110 | 447 ool-1-worker-211 | DEBUG | d.t.c.a.a.c.u.util.UserUtilService   : 0 editors generated. Generate 1 instructors...
    23:48:24.113 | 447 ool-1-worker-211 | DEBUG | d.t.c.a.a.c.u.util.UserUtilService   : 1 instructors generated
    23:48:24.116 | 447 ool-1-worker-211 | DEBUG | d.t.c.a.a.c.u.util.UserUtilService   : Removing 5 users from all courses...
    23:48:24.117 | 447 ool-1-worker-211 | DEBUG | d.t.c.a.a.c.u.util.UserUtilService   : Removing 5 users from all courses. Done
    23:48:24.117 | 447 ool-1-worker-211 | DEBUG | d.t.c.a.a.c.u.util.UserUtilService   : Save 4 users to database...
    23:48:24.120 | 447 ool-1-worker-211 | DEBUG | d.t.c.a.a.c.u.util.UserUtilService   : Save 4 users to database. Done
    23:48:24.130 | 447 ool-1-worker-211 | INFO  | i.z.t.d.l.EmbeddedDatabaseReporter   : JDBC URL to connect to 'dataSource': url='jdbc:h2:tcp://localhost:41063/mem:df70fc46-7e57-4cb5-9cd0-c1d90c14afa7;USER=sa', scope='TextExerciseIntegrationTest#testReEvaluateAndUpdateTextExercise_isNotSameGivenExerciseIdInRequestBody_conflict'
    23:48:24.133 | 447 ool-1-worker-211 | DEBUG | d.t.c.a.a.c.s.f.ApiVersionFilter     : Adding Version to Request PUT /api/text-exercises/3862/re-evaluate
    23:48:24.134 | 447 ool-1-worker-211 | DEBUG | d.t.c.a.a.t.web.TextExerciseResource : REST request to re-evaluate TextExercise : TextExercise{id=123456789, exampleSolution='This is my example solution'}
    23:48:24.136 | 447 ool-1-worker-211 | WARN  | o.z.p.spring.common.AdviceTraits     : Conflict: 409 CONFLICT

  Starting logs for TextExerciseIntegrationTest > createTextExerciseForExam_datesSet()
    23:48:24.152 | 447 ool-1-worker-211 | DEBUG | d.t.c.a.a.c.u.util.UserUtilService   : Generate 2 students...
    23:48:24.156 | 447 ool-1-worker-211 | DEBUG | d.t.c.a.a.c.u.util.UserUtilService   : 2 students generated. Generate 1 tutors...
    23:48:24.159 | 447 ool-1-worker-211 | DEBUG | d.t.c.a.a.c.u.util.UserUtilService   : 1 tutors generated. Generate 0 editors...
    23:48:24.160 | 447 ool-1-worker-211 | DEBUG | d.t.c.a.a.c.u.util.UserUtilService   : 0 editors generated. Generate 1 instructors...
    23:48:24.163 | 447 ool-1-worker-211 | DEBUG | d.t.c.a.a.c.u.util.UserUtilService   : 1 instructors generated
    23:48:24.166 | 447 ool-1-worker-211 | DEBUG | d.t.c.a.a.c.u.util.UserUtilService   : Removing 5 users from all courses...
    23:48:24.167 | 447 ool-1-worker-211 | DEBUG | d.t.c.a.a.c.u.util.UserUtilService   : Removing 5 users from all courses. Done
    23:48:24.167 | 447 ool-1-worker-211 | DEBUG | d.t.c.a.a.c.u.util.UserUtilService   : Save 4 users to database...
    23:48:24.170 | 447 ool-1-worker-211 | DEBUG | d.t.c.a.a.c.u.util.UserUtilService   : Save 4 users to database. Done
    23:48:24.182 | 447 ool-1-worker-211 | INFO  | i.z.t.d.l.EmbeddedDatabaseReporter   : JDBC URL to connect to 'dataSource': url='jdbc:h2:tcp://localhost:41063/mem:df70fc46-7e57-4cb5-9cd0-c1d90c14afa7;USER=sa', scope='TextExerciseIntegrationTest#createTextExerciseForExam_datesSet'
    23:48:24.186 | 447 ool-1-worker-211 | DEBUG | d.t.c.a.a.c.s.f.ApiVersionFilter     : Adding Version to Request POST /api/text-exercises
    23:48:24.187 | 447 ool-1-worker-211 | DEBUG | d.t.c.a.a.t.web.TextExerciseResource : REST request to save TextExercise : TextExercise{id=null, exampleSolution='This is my example solution'}
    23:48:24.187 | 447 ool-1-worker-211 | ERROR | tech.jhipster.web.util.HeaderUtil    : Entity processing failed, An exam exercise may not have any dates set!
    23:48:24.187 | 447 ool-1-worker-211 | WARN  | o.z.p.spring.common.AdviceTraits     : Bad Request: An exam exercise may not have any dates set!

  Starting logs for TextExerciseIntegrationTest > importTextExerciseFromExamToCourse_forbidden()
    23:48:24.202 | 447 ool-1-worker-211 | DEBUG | d.t.c.a.a.c.u.util.UserUtilService   : Generate 2 students...
    23:48:24.207 | 447 ool-1-worker-211 | DEBUG | d.t.c.a.a.c.u.util.UserUtilService   : 2 students generated. Generate 1 tutors...
    23:48:24.210 | 447 ool-1-worker-211 | DEBUG | d.t.c.a.a.c.u.util.UserUtilService   : 1 tutors generated. Generate 0 editors...
    23:48:24.211 | 447 ool-1-worker-211 | DEBUG | d.t.c.a.a.c.u.util.UserUtilService   : 0 editors generated. Generate 1 instructors...
    23:48:24.214 | 447 ool-1-worker-211 | DEBUG | d.t.c.a.a.c.u.util.UserUtilService   : 1 instructors generated
    23:48:24.216 | 447 ool-1-worker-211 | DEBUG | d.t.c.a.a.c.u.util.UserUtilService   : Removing 5 users from all courses...
    23:48:24.217 | 447 ool-1-worker-211 | DEBUG | d.t.c.a.a.c.u.util.UserUtilService   : Removing 5 users from all courses. Done
    23:48:24.217 | 447 ool-1-worker-211 | DEBUG | d.t.c.a.a.c.u.util.UserUtilService   : Save 4 users to database...
    23:48:24.221 | 447 ool-1-worker-211 | DEBUG | d.t.c.a.a.c.u.util.UserUtilService   : Save 4 users to database. Done
    23:48:24.230 | 447 ool-1-worker-211 | INFO  | i.z.t.d.l.EmbeddedDatabaseReporter   : JDBC URL to connect to 'dataSource': url='jdbc:h2:tcp://localhost:41063/mem:df70fc46-7e57-4cb5-9cd0-c1d90c14afa7;USER=sa', scope='TextExerciseIntegrationTest#importTextExerciseFromExamToCourse_forbidden'
    23:48:24.236 | 447 ool-1-worker-211 | DEBUG | d.t.c.a.a.c.s.f.ApiVersionFilter     : Adding Version to Request POST /api/text-exercises/import/3866
    23:48:24.238 | 447 ool-1-worker-211 | WARN  | o.z.p.spring.common.AdviceTraits     : Forbidden: Access Denied

  Starting logs for TextExerciseIntegrationTest > updateTextExercise_isNotAtLeastInstructorInCourse_forbidden()
    23:48:24.252 | 447 ool-1-worker-211 | DEBUG | d.t.c.a.a.c.u.util.UserUtilService   : Generate 2 students...
    23:48:24.256 | 447 ool-1-worker-211 | DEBUG | d.t.c.a.a.c.u.util.UserUtilService   : 2 students generated. Generate 1 tutors...
    23:48:24.259 | 447 ool-1-worker-211 | DEBUG | d.t.c.a.a.c.u.util.UserUtilService   : 1 tutors generated. Generate 0 editors...
    23:48:24.260 | 447 ool-1-worker-211 | DEBUG | d.t.c.a.a.c.u.util.UserUtilService   : 0 editors generated. Generate 1 instructors...
    23:48:24.263 | 447 ool-1-worker-211 | DEBUG | d.t.c.a.a.c.u.util.UserUtilService   : 1 instructors generated
    23:48:24.266 | 447 ool-1-worker-211 | DEBUG | d.t.c.a.a.c.u.util.UserUtilService   : Removing 5 users from all courses...
    23:48:24.267 | 447 ool-1-worker-211 | DEBUG | d.t.c.a.a.c.u.util.UserUtilService   : Removing 5 users from all courses. Done
    23:48:24.267 | 447 ool-1-worker-211 | DEBUG | d.t.c.a.a.c.u.util.UserUtilService   : Save 4 users to database...
    23:48:24.271 | 447 ool-1-worker-211 | DEBUG | d.t.c.a.a.c.u.util.UserUtilService   : Save 4 users to database. Done
    23:48:24.282 | 447 ool-1-worker-211 | INFO  | i.z.t.d.l.EmbeddedDatabaseReporter   : JDBC URL to connect to 'dataSource': url='jdbc:h2:tcp://localhost:41063/mem:df70fc46-7e57-4cb5-9cd0-c1d90c14afa7;USER=sa', scope='TextExerciseIntegrationTest#updateTextExercise_isNotAtLeastInstructorInCourse_forbidden'
    23:48:24.288 | 447 ool-1-worker-211 | DEBUG | d.t.c.a.a.c.s.f.ApiVersionFilter     : Adding Version to Request PUT /api/text-exercises
    23:48:24.289 | 447 ool-1-worker-211 | DEBUG | d.t.c.a.a.t.web.TextExerciseResource : REST request to update TextExercise : TextExercise{id=3867, exampleSolution='This is my example solution'}
    23:48:24.292 | 447 ool-1-worker-211 | WARN  | o.z.p.spring.common.AdviceTraits     : Forbidden: You are not allowed to access the Course with id 3074

  Starting logs for TextExerciseIntegrationTest > updateTextExercise_convertFromCourseToExamExercise_badRequest()
    23:48:24.307 | 447 ool-1-worker-211 | DEBUG | d.t.c.a.a.c.u.util.UserUtilService   : Generate 2 students...
    23:48:24.311 | 447 ool-1-worker-211 | DEBUG | d.t.c.a.a.c.u.util.UserUtilService   : 2 students generated. Generate 1 tutors...
    23:48:24.314 | 447 ool-1-worker-211 | DEBUG | d.t.c.a.a.c.u.util.UserUtilService   : 1 tutors generated. Generate 0 editors...
    23:48:24.315 | 447 ool-1-worker-211 | DEBUG | d.t.c.a.a.c.u.util.UserUtilService   : 0 editors generated. Generate 1 instructors...
    23:48:24.318 | 447 ool-1-worker-211 | DEBUG | d.t.c.a.a.c.u.util.UserUtilService   : 1 instructors generated
    23:48:24.320 | 447 ool-1-worker-211 | DEBUG | d.t.c.a.a.c.u.util.UserUtilService   : Removing 5 users from all courses...
    23:48:24.322 | 447 ool-1-worker-211 | DEBUG | d.t.c.a.a.c.u.util.UserUtilService   : Removing 5 users from all courses. Done
    23:48:24.322 | 447 ool-1-worker-211 | DEBUG | d.t.c.a.a.c.u.util.UserUtilService   : Save 4 users to database...
    23:48:24.325 | 447 ool-1-worker-211 | DEBUG | d.t.c.a.a.c.u.util.UserUtilService   : Save 4 users to database. Done
    23:48:24.335 | 447 ool-1-worker-211 | INFO  | i.z.t.d.l.EmbeddedDatabaseReporter   : JDBC URL to connect to 'dataSource': url='jdbc:h2:tcp://localhost:41063/mem:df70fc46-7e57-4cb5-9cd0-c1d90c14afa7;USER=sa', scope='TextExerciseIntegrationTest#updateTextExercise_convertFromCourseToExamExercise_badRequest'
    23:48:24.342 | 447 ool-1-worker-211 | DEBUG | d.t.c.a.a.c.s.f.ApiVersionFilter     : Adding Version to Request PUT /api/text-exercises
    23:48:24.343 | 447 ool-1-worker-211 | DEBUG | d.t.c.a.a.t.web.TextExerciseResource : REST request to update TextExercise : TextExercise{id=3868, exampleSolution='This is my example solution'}
    23:48:24.343 | 447 ool-1-worker-211 | ERROR | tech.jhipster.web.util.HeaderUtil    : Entity processing failed, An exam exercise may not have any dates set!
    23:48:24.343 | 447 ool-1-worker-211 | WARN  | o.z.p.spring.common.AdviceTraits     : Bad Request: An exam exercise may not have any dates set!

  Starting logs for TextExerciseIntegrationTest > testReEvaluateAndUpdateTextExercise_shouldDeleteFeedbacks()
    23:48:24.355 | 641 nt.HealthMonitor | INFO  | c.h.i.diagnostics.HealthMonitor      : [127.0.0.1]:5704 [dev] [5.5.0] processors=4, physical.memory.total=15.6G, physical.memory.free=605.3M, swap.space.total=0, swap.space.free=0, heap.memory.used=2.6G, heap.memory.free=955.3M, heap.memory.total=3.5G, heap.memory.max=6.0G, heap.memory.used/total=73.46%, heap.memory.used/max=43.04%, minor.gc.count=219, minor.gc.time=10638ms, major.gc.count=0, major.gc.time=0ms, unknown.gc.count=94, unknown.gc.time=2154ms, load.process=0.00%, load.system=100.00%, load.systemAverage=6.11, thread.count=511, thread.peakCount=517, cluster.timeDiff=0, event.q.size=0, executor.q.async.size=0, executor.q.client.size=0, executor.q.client.query.size=0, executor.q.client.blocking.size=0, executor.q.query.size=0, executor.q.scheduled.size=0, executor.q.io.size=0, executor.q.system.size=0, executor.q.operations.size=0, executor.q.priorityOperation.size=0, operations.completed.count=6078, executor.q.mapLoad.size=0, executor.q.mapLoadAllKeys.size=0, executor.q.cluster.size=0, executor.q.response.size=0, operations.running.count=0, operations.pending.invocations.percentage=0.00%, operations.pending.invocations.count=0, proxy.count=215, clientEndpoint.count=0, connection.active.count=0, client.connection.count=0, connection.count=0
    23:48:24.359 | 447 ool-1-worker-211 | DEBUG | d.t.c.a.a.c.u.util.UserUtilService   : Generate 2 students...
    23:48:24.364 | 447 ool-1-worker-211 | DEBUG | d.t.c.a.a.c.u.util.UserUtilService   : 2 students generated. Generate 1 tutors...
    23:48:24.366 | 447 ool-1-worker-211 | DEBUG | d.t.c.a.a.c.u.util.UserUtilService   : 1 tutors generated. Generate 0 editors...
    23:48:24.368 | 447 ool-1-worker-211 | DEBUG | d.t.c.a.a.c.u.util.UserUtilService   : 0 editors generated. Generate 1 instructors...
    23:48:24.370 | 447 ool-1-worker-211 | DEBUG | d.t.c.a.a.c.u.util.UserUtilService   : 1 instructors generated
    23:48:24.373 | 447 ool-1-worker-211 | DEBUG | d.t.c.a.a.c.u.util.UserUtilService   : Removing 5 users from all courses...
    23:48:24.374 | 447 ool-1-worker-211 | DEBUG | d.t.c.a.a.c.u.util.UserUtilService   : Removing 5 users from all courses. Done
    23:48:24.374 | 447 ool-1-worker-211 | DEBUG | d.t.c.a.a.c.u.util.UserUtilService   : Save 4 users to database...
    23:48:24.380 | 447 ool-1-worker-211 | DEBUG | d.t.c.a.a.c.u.util.UserUtilService   : Save 4 users to database. Done
    23:48:24.389 | 447 ool-1-worker-211 | INFO  | i.z.t.d.l.EmbeddedDatabaseReporter   : JDBC URL to connect to 'dataSource': url='jdbc:h2:tcp://localhost:41063/mem:df70fc46-7e57-4cb5-9cd0-c1d90c14afa7;USER=sa', scope='TextExerciseIntegrationTest#testReEvaluateAndUpdateTextExercise_shouldDeleteFeedbacks'
    23:48:24.404 | 447 ool-1-worker-211 | DEBUG | .c.s.m.InstanceMessageReceiveService : Received schedule participant score for exercise 3869 and participant 743 (result to be deleted: null)
    23:48:24.404 | 447 ool-1-worker-211 | DEBUG | .a.s.ParticipantScoreScheduleService : Scheduled task for exercise 3869 and participant 743 at 2025-02-14T23:48:24.504415355Z[Etc/UTC].
    23:48:24.414 | 447 ool-1-worker-211 | DEBUG | .c.s.m.InstanceMessageReceiveService : Received schedule participant score for exercise 3869 and participant 743 (result to be deleted: null)
    23:48:24.414 | 447 ool-1-worker-211 | DEBUG | .a.s.ParticipantScoreScheduleService : Scheduled task for exercise 3869 and participant 743 at 2025-02-14T23:48:24.514404153Z[Etc/UTC].
    23:48:24.424 | 447 ool-1-worker-211 | DEBUG | .c.s.m.InstanceMessageReceiveService : Received schedule participant score for exercise 3869 and participant 743 (result to be deleted: null)
    23:48:24.424 | 447 ool-1-worker-211 | DEBUG | .a.s.ParticipantScoreScheduleService : Scheduled task for exercise 3869 and participant 743 at 2025-02-14T23:48:24.524219238Z[Etc/UTC].
    23:48:24.434 | 447 ool-1-worker-211 | DEBUG | .c.s.m.InstanceMessageReceiveService : Received schedule participant score for exercise 3869 and participant 743 (result to be deleted: null)
    23:48:24.434 | 447 ool-1-worker-211 | DEBUG | .a.s.ParticipantScoreScheduleService : Scheduled task for exercise 3869 and participant 743 at 2025-02-14T23:48:24.534158364Z[Etc/UTC].
    23:48:24.436 | 447 ool-1-worker-211 | DEBUG | d.t.c.a.a.c.s.f.ApiVersionFilter     : Adding Version to Request PUT /api/text-exercises/3869/re-evaluate
    23:48:24.437 | 447 ool-1-worker-211 | DEBUG | d.t.c.a.a.t.web.TextExerciseResource : REST request to re-evaluate TextExercise : TextExercise{id=3869, exampleSolution='This is my example solution'}
    23:48:24.465 | 447 ool-1-worker-211 | DEBUG | .c.s.m.InstanceMessageReceiveService : Received schedule participant score for exercise 3869 and participant 743 (result to be deleted: null)
    23:48:24.465 | 447 ool-1-worker-211 | DEBUG | .a.s.ParticipantScoreScheduleService : Scheduled task for exercise 3869 and participant 743 at 2025-02-14T23:48:24.565193093Z[Etc/UTC].
    23:48:24.465 | 447 ool-1-worker-211 | DEBUG | d.t.c.a.a.t.web.TextExerciseResource : REST request to update TextExercise : TextExercise{id=3869, exampleSolution='This is my example solution'}
    23:48:24.476 | 447 ool-1-worker-211 | INFO  | d.t.c.a.a.e.service.ExerciseService  : User textexerciseintegrationinstructor1 has updated TextExercise Text with id 3869
    23:48:24.476 | 447 ool-1-worker-211 | INFO  | .c.s.m.InstanceMessageReceiveService : Received schedule update for potential Athena exercise 3869

  Starting logs for TextExerciseIntegrationTest > deleteExamTextExercise()
    23:48:24.503 | 447 ool-1-worker-211 | DEBUG | d.t.c.a.a.c.u.util.UserUtilService   : Generate 2 students...
    23:48:24.507 | 447 ool-1-worker-211 | DEBUG | d.t.c.a.a.c.u.util.UserUtilService   : 2 students generated. Generate 1 tutors...
    23:48:24.510 | 447 ool-1-worker-211 | DEBUG | d.t.c.a.a.c.u.util.UserUtilService   : 1 tutors generated. Generate 0 editors...
    23:48:24.511 | 447 ool-1-worker-211 | DEBUG | d.t.c.a.a.c.u.util.UserUtilService   : 0 editors generated. Generate 1 instructors...
    23:48:24.514 | 447 ool-1-worker-211 | DEBUG | d.t.c.a.a.c.u.util.UserUtilService   : 1 instructors generated
    23:48:24.516 | 447 ool-1-worker-211 | DEBUG | d.t.c.a.a.c.u.util.UserUtilService   : Removing 5 users from all courses...
    23:48:24.517 | 447 ool-1-worker-211 | DEBUG | d.t.c.a.a.c.u.util.UserUtilService   : Removing 5 users from all courses. Done
    23:48:24.517 | 447 ool-1-worker-211 | DEBUG | d.t.c.a.a.c.u.util.UserUtilService   : Save 4 users to database...
    23:48:24.522 | 447 ool-1-worker-211 | DEBUG | d.t.c.a.a.c.u.util.UserUtilService   : Save 4 users to database. Done
    23:48:24.531 | 447 ool-1-worker-211 | INFO  | i.z.t.d.l.EmbeddedDatabaseReporter   : JDBC URL to connect to 'dataSource': url='jdbc:h2:tcp://localhost:41063/mem:df70fc46-7e57-4cb5-9cd0-c1d90c14afa7;USER=sa', scope='TextExerciseIntegrationTest#deleteExamTextExercise'
    23:48:24.536 | 447 ool-1-worker-211 | DEBUG | d.t.c.a.a.c.s.f.ApiVersionFilter     : Adding Version to Request DELETE /api/text-exercises/3871
    23:48:24.537 | 447 ool-1-worker-211 | INFO  | d.t.c.a.a.t.web.TextExerciseResource : REST request to delete TextExercise : 3871
    23:48:24.539 | 447 ool-1-worker-211 | INFO  | d.t.c.a.a.e.service.ExerciseService  : User textexerciseintegrationinstructor1 has requested to delete TextExercise d3bc644c-89ac-444a-8ce7-63c5e098da5c with id 3871
    23:48:24.540 | 447 ool-1-worker-211 | INFO  | .t.c.a.a.e.s.ExerciseDeletionService : Request to delete TextExercise with id 3871
    23:48:24.541 | 447 ool-1-worker-211 | INFO  | .t.c.a.a.e.s.ExerciseDeletionService : Deleting the channel took 417µs
    23:48:24.541 | 447 ool-1-worker-211 | INFO  | .t.c.a.a.e.s.ExerciseDeletionService : Cancel scheduled operations of exercise 3871
    23:48:24.541 | 447 ool-1-worker-211 | INFO  | .c.s.m.InstanceMessageReceiveService : Received schedule cancel for potential Athena exercise 3871
    23:48:24.543 | 447 ool-1-worker-211 | INFO  | d.t.c.a.a.e.s.ParticipationService   : Request to delete all 0 participations of exercise with id : 3871
    23:48:24.556 | 447 ool-1-worker-211 | INFO  | .c.a.a.c.s.TitleCacheEvictionService : Evicted entry '3871' from title cache 'exerciseTitle'

  Starting logs for TextExerciseIntegrationTest > updateTextExercise_convertFromExamToCourseExercise_badRequest()
    23:48:24.591 | 447 ool-1-worker-211 | DEBUG | d.t.c.a.a.c.u.util.UserUtilService   : Generate 2 students...
    23:48:24.599 | 447 ool-1-worker-211 | DEBUG | d.t.c.a.a.c.u.util.UserUtilService   : 2 students generated. Generate 1 tutors...
    23:48:24.605 | 447 ool-1-worker-211 | DEBUG | d.t.c.a.a.c.u.util.UserUtilService   : 1 tutors generated. Generate 0 editors...
    23:48:24.609 | 447 ool-1-worker-211 | DEBUG | d.t.c.a.a.c.u.util.UserUtilService   : 0 editors generated. Generate 1 instructors...
    23:48:24.613 | 447 ool-1-worker-211 | DEBUG | d.t.c.a.a.c.u.util.UserUtilService   : 1 instructors generated
    23:48:24.618 | 447 ool-1-worker-211 | DEBUG | d.t.c.a.a.c.u.util.UserUtilService   : Removing 5 users from all courses...
    23:48:24.619 | 447 ool-1-worker-211 | DEBUG | d.t.c.a.a.c.u.util.UserUtilService   : Removing 5 users from all courses. Done
    23:48:24.619 | 447 ool-1-worker-211 | DEBUG | d.t.c.a.a.c.u.util.UserUtilService   : Save 4 users to database...
    23:48:24.623 | 447 ool-1-worker-211 | DEBUG | d.t.c.a.a.c.u.util.UserUtilService   : Save 4 users to database. Done
    23:48:24.634 | 447 ool-1-worker-211 | INFO  | i.z.t.d.l.EmbeddedDatabaseReporter   : JDBC URL to connect to 'dataSource': url='jdbc:h2:tcp://localhost:41063/mem:df70fc46-7e57-4cb5-9cd0-c1d90c14afa7;USER=sa', scope='TextExerciseIntegrationTest#updateTextExercise_convertFromExamToCourseExercise_badRequest'
    23:48:24.639 | 447 ool-1-worker-211 | DEBUG | d.t.c.a.a.c.s.f.ApiVersionFilter     : Adding Version to Request PUT /api/text-exercises
    23:48:24.640 | 447 ool-1-worker-211 | DEBUG | d.t.c.a.a.t.web.TextExerciseResource : REST request to update TextExercise : TextExercise{id=3873, exampleSolution='This is my example solution'}
    23:48:24.640 | 447 ool-1-worker-211 | ERROR | tech.jhipster.web.util.HeaderUtil    : Entity processing failed, An exercise must have either a course or an exerciseGroup
    23:48:24.640 | 447 ool-1-worker-211 | WARN  | o.z.p.spring.common.AdviceTraits     : Bad Request: An exercise must have either a course or an exerciseGroup

  Starting logs for TextExerciseIntegrationTest > deleteTextExercise_isNotAtLeastInstructorInCourse_forbidden()
    23:48:24.656 | 447 ool-1-worker-211 | DEBUG | d.t.c.a.a.c.u.util.UserUtilService   : Generate 2 students...
    23:48:24.660 | 447 ool-1-worker-211 | DEBUG | d.t.c.a.a.c.u.util.UserUtilService   : 2 students generated. Generate 1 tutors...
    23:48:24.663 | 447 ool-1-worker-211 | DEBUG | d.t.c.a.a.c.u.util.UserUtilService   : 1 tutors generated. Generate 0 editors...
    23:48:24.665 | 447 ool-1-worker-211 | DEBUG | d.t.c.a.a.c.u.util.UserUtilService   : 0 editors generated. Generate 1 instructors...
    23:48:24.667 | 447 ool-1-worker-211 | DEBUG | d.t.c.a.a.c.u.util.UserUtilService   : 1 instructors generated
    23:48:24.670 | 447 ool-1-worker-211 | DEBUG | d.t.c.a.a.c.u.util.UserUtilService   : Removing 5 users from all courses...
    23:48:24.672 | 447 ool-1-worker-211 | DEBUG | d.t.c.a.a.c.u.util.UserUtilService   : Removing 5 users from all courses. Done
    23:48:24.672 | 447 ool-1-worker-211 | DEBUG | d.t.c.a.a.c.u.util.UserUtilService   : Save 4 users to database...
    23:48:24.677 | 447 ool-1-worker-211 | DEBUG | d.t.c.a.a.c.u.util.UserUtilService   : Save 4 users to database. Done
    23:48:24.688 | 447 ool-1-worker-211 | INFO  | i.z.t.d.l.EmbeddedDatabaseReporter   : JDBC URL to connect to 'dataSource': url='jdbc:h2:tcp://localhost:41063/mem:df70fc46-7e57-4cb5-9cd0-c1d90c14afa7;USER=sa', scope='TextExerciseIntegrationTest#deleteTextExercise_isNotAtLeastInstructorInCourse_forbidden'
    23:48:24.695 | 447 ool-1-worker-211 | DEBUG | d.t.c.a.a.c.s.f.ApiVersionFilter     : Adding Version to Request DELETE /api/text-exercises/3874
    23:48:24.695 | 447 ool-1-worker-211 | INFO  | d.t.c.a.a.t.web.TextExerciseResource : REST request to delete TextExercise : 3874
    23:48:24.698 | 447 ool-1-worker-211 | WARN  | o.z.p.spring.common.AdviceTraits     : Forbidden: You are not allowed to access the Course with id 3082

  Starting logs for TextExerciseIntegrationTest > deleteTextExerciseWithSubmissionWithTextBlocks()
    23:48:24.714 | 447 ool-1-worker-211 | DEBUG | d.t.c.a.a.c.u.util.UserUtilService   : Generate 2 students...
    23:48:24.718 | 447 ool-1-worker-211 | DEBUG | d.t.c.a.a.c.u.util.UserUtilService   : 2 students generated. Generate 1 tutors...
    23:48:24.721 | 447 ool-1-worker-211 | DEBUG | d.t.c.a.a.c.u.util.UserUtilService   : 1 tutors generated. Generate 0 editors...
    23:48:24.722 | 447 ool-1-worker-211 | DEBUG | d.t.c.a.a.c.u.util.UserUtilService   : 0 editors generated. Generate 1 instructors...
    23:48:24.725 | 447 ool-1-worker-211 | DEBUG | d.t.c.a.a.c.u.util.UserUtilService   : 1 instructors generated
    23:48:24.728 | 447 ool-1-worker-211 | DEBUG | d.t.c.a.a.c.u.util.UserUtilService   : Removing 5 users from all courses...
    23:48:24.729 | 447 ool-1-worker-211 | DEBUG | d.t.c.a.a.c.u.util.UserUtilService   : Removing 5 users from all courses. Done
    23:48:24.729 | 447 ool-1-worker-211 | DEBUG | d.t.c.a.a.c.u.util.UserUtilService   : Save 4 users to database...
    23:48:24.733 | 447 ool-1-worker-211 | DEBUG | d.t.c.a.a.c.u.util.UserUtilService   : Save 4 users to database. Done
    23:48:24.743 | 447 ool-1-worker-211 | INFO  | i.z.t.d.l.EmbeddedDatabaseReporter   : JDBC URL to connect to 'dataSource': url='jdbc:h2:tcp://localhost:41063/mem:df70fc46-7e57-4cb5-9cd0-c1d90c14afa7;USER=sa', scope='TextExerciseIntegrationTest#deleteTextExerciseWithSubmissionWithTextBlocks'
    23:48:24.763 | 447 ool-1-worker-211 | DEBUG | d.t.c.a.a.c.s.f.ApiVersionFilter     : Adding Version to Request DELETE /api/text-exercises/3875
    23:48:24.763 | 447 ool-1-worker-211 | INFO  | d.t.c.a.a.t.web.TextExerciseResource : REST request to delete TextExercise : 3875
    23:48:24.765 | 447 ool-1-worker-211 | INFO  | d.t.c.a.a.e.service.ExerciseService  : User textexerciseintegrationinstructor1 has requested to delete TextExercise Text with id 3875
    23:48:24.766 | 447 ool-1-worker-211 | INFO  | .t.c.a.a.e.s.ExerciseDeletionService : Request to delete TextExercise with id 3875
    23:48:24.767 | 447 ool-1-worker-211 | INFO  | .t.c.a.a.e.s.ExerciseDeletionService : Deleting the channel took 406µs
    23:48:24.767 | 447 ool-1-worker-211 | INFO  | .t.c.a.a.e.s.ExerciseDeletionService : Cancel scheduled operations of exercise 3875
    23:48:24.767 | 447 ool-1-worker-211 | INFO  | .c.s.m.InstanceMessageReceiveService : Received schedule cancel for potential Athena exercise 3875
    23:48:24.769 | 447 ool-1-worker-211 | INFO  | d.t.c.a.a.e.s.ParticipationService   : Request to delete all 1 participations of exercise with id : 3875
    23:48:24.770 | 447 ool-1-worker-211 | INFO  | d.t.c.a.a.e.s.ParticipationService   : Request to delete Participation : StudentParticipation{id=3410, presentationScore=null, student=User{login='textexerciseintegrationstudent1', firstName='textexerciseintegrationstudent1First', lastName='textexerciseintegrationstudent1Last', email='textexerciseintegrationstudent1@test.de', imageUrl='null', activated='true', langKey='en', activationKey='null'}}
    23:48:24.770 | 447 ool-1-worker-211 | DEBUG | d.t.c.a.a.e.s.ParticipationService   : Request to delete all results and submissions of participation with id : 3410
    23:48:24.782 | 447 ool-1-worker-211 | INFO  | .c.a.a.c.s.TitleCacheEvictionService : Evicted entry '3875' from title cache 'exerciseTitle'

  Starting logs for TextExerciseIntegrationTest > updateTextExercise_setCourseAndExerciseGroup_badRequest()
    23:48:24.797 | 447 ool-1-worker-211 | DEBUG | d.t.c.a.a.c.u.util.UserUtilService   : Generate 2 students...
    23:48:24.802 | 447 ool-1-worker-211 | DEBUG | d.t.c.a.a.c.u.util.UserUtilService   : 2 students generated. Generate 1 tutors...
    23:48:24.805 | 447 ool-1-worker-211 | DEBUG | d.t.c.a.a.c.u.util.UserUtilService   : 1 tutors generated. Generate 0 editors...
    23:48:24.806 | 447 ool-1-worker-211 | DEBUG | d.t.c.a.a.c.u.util.UserUtilService   : 0 editors generated. Generate 1 instructors...
    23:48:24.809 | 447 ool-1-worker-211 | DEBUG | d.t.c.a.a.c.u.util.UserUtilService   : 1 instructors generated
    23:48:24.811 | 447 ool-1-worker-211 | DEBUG | d.t.c.a.a.c.u.util.UserUtilService   : Removing 5 users from all courses...
    23:48:24.812 | 447 ool-1-worker-211 | DEBUG | d.t.c.a.a.c.u.util.UserUtilService   : Removing 5 users from all courses. Done
    23:48:24.813 | 447 ool-1-worker-211 | DEBUG | d.t.c.a.a.c.u.util.UserUtilService   : Save 4 users to database...
    23:48:24.817 | 447 ool-1-worker-211 | DEBUG | d.t.c.a.a.c.u.util.UserUtilService   : Save 4 users to database. Done
    23:48:24.827 | 447 ool-1-worker-211 | INFO  | i.z.t.d.l.EmbeddedDatabaseReporter   : JDBC URL to connect to 'dataSource': url='jdbc:h2:tcp://localhost:41063/mem:df70fc46-7e57-4cb5-9cd0-c1d90c14afa7;USER=sa', scope='TextExerciseIntegrationTest#updateTextExercise_setCourseAndExerciseGroup_badRequest'
    23:48:24.832 | 447 ool-1-worker-211 | DEBUG | d.t.c.a.a.c.s.f.ApiVersionFilter     : Adding Version to Request PUT /api/text-exercises
    23:48:24.833 | 447 ool-1-worker-211 | DEBUG | d.t.c.a.a.t.web.TextExerciseResource : REST request to update TextExercise : TextExercise{id=3876, exampleSolution='This is my example solution'}
    23:48:24.833 | 447 ool-1-worker-211 | ERROR | tech.jhipster.web.util.HeaderUtil    : Entity processing failed, An exam exercise may not have any dates set!
    23:48:24.833 | 447 ool-1-worker-211 | WARN  | o.z.p.spring.common.AdviceTraits     : Bad Request: An exam exercise may not have any dates set!

  Starting logs for TextExerciseIntegrationTest > updateTextExercise_InvalidMaxScore()
    23:48:24.849 | 447 ool-1-worker-211 | DEBUG | d.t.c.a.a.c.u.util.UserUtilService   : Generate 2 students...
    23:48:24.853 | 447 ool-1-worker-211 | DEBUG | d.t.c.a.a.c.u.util.UserUtilService   : 2 students generated. Generate 1 tutors...
    23:48:24.856 | 447 ool-1-worker-211 | DEBUG | d.t.c.a.a.c.u.util.UserUtilService   : 1 tutors generated. Generate 0 editors...
    23:48:24.857 | 447 ool-1-worker-211 | DEBUG | d.t.c.a.a.c.u.util.UserUtilService   : 0 editors generated. Generate 1 instructors...
    23:48:24.860 | 447 ool-1-worker-211 | DEBUG | d.t.c.a.a.c.u.util.UserUtilService   : 1 instructors generated
    23:48:24.862 | 447 ool-1-worker-211 | DEBUG | d.t.c.a.a.c.u.util.UserUtilService   : Removing 5 users from all courses...
    23:48:24.863 | 447 ool-1-worker-211 | DEBUG | d.t.c.a.a.c.u.util.UserUtilService   : Removing 5 users from all courses. Done
    23:48:24.863 | 447 ool-1-worker-211 | DEBUG | d.t.c.a.a.c.u.util.UserUtilService   : Save 4 users to database...
    23:48:24.867 | 447 ool-1-worker-211 | DEBUG | d.t.c.a.a.c.u.util.UserUtilService   : Save 4 users to database. Done
    23:48:24.878 | 447 ool-1-worker-211 | INFO  | i.z.t.d.l.EmbeddedDatabaseReporter   : JDBC URL to connect to 'dataSource': url='jdbc:h2:tcp://localhost:41063/mem:df70fc46-7e57-4cb5-9cd0-c1d90c14afa7;USER=sa', scope='TextExerciseIntegrationTest#updateTextExercise_InvalidMaxScore'
    23:48:24.879 | 447 ool-1-worker-211 | DEBUG | d.t.c.a.a.c.s.f.ApiVersionFilter     : Adding Version to Request PUT /api/text-exercises
    23:48:24.879 | 447 ool-1-worker-211 | DEBUG | d.t.c.a.a.t.web.TextExerciseResource : REST request to update TextExercise : TextExercise{id=3877, exampleSolution='This is my example solution'}
    23:48:24.880 | 447 ool-1-worker-211 | ERROR | tech.jhipster.web.util.HeaderUtil    : Entity processing failed, The max points needs to be greater than 0
    23:48:24.880 | 447 ool-1-worker-211 | WARN  | o.z.p.spring.common.AdviceTraits     : Bad Request: The max points needs to be greater than 0

  Starting logs for TextExerciseIntegrationTest > testReEvaluateAndUpdateTextExercise()
    23:48:24.896 | 447 ool-1-worker-211 | DEBUG | d.t.c.a.a.c.u.util.UserUtilService   : Generate 2 students...
    23:48:24.906 | 447 ool-1-worker-211 | DEBUG | d.t.c.a.a.c.u.util.UserUtilService   : 2 students generated. Generate 1 tutors...
    23:48:24.910 | 447 ool-1-worker-211 | DEBUG | d.t.c.a.a.c.u.util.UserUtilService   : 1 tutors generated. Generate 0 editors...
    23:48:24.911 | 447 ool-1-worker-211 | DEBUG | d.t.c.a.a.c.u.util.UserUtilService   : 0 editors generated. Generate 1 instructors...
    23:48:24.914 | 447 ool-1-worker-211 | DEBUG | d.t.c.a.a.c.u.util.UserUtilService   : 1 instructors generated
    23:48:24.916 | 447 ool-1-worker-211 | DEBUG | d.t.c.a.a.c.u.util.UserUtilService   : Removing 5 users from all courses...
    23:48:24.917 | 447 ool-1-worker-211 | DEBUG | d.t.c.a.a.c.u.util.UserUtilService   : Removing 5 users from all courses. Done
    23:48:24.917 | 447 ool-1-worker-211 | DEBUG | d.t.c.a.a.c.u.util.UserUtilService   : Save 4 users to database...
    23:48:24.921 | 447 ool-1-worker-211 | DEBUG | d.t.c.a.a.c.u.util.UserUtilService   : Save 4 users to database. Done
    23:48:24.931 | 447 ool-1-worker-211 | INFO  | i.z.t.d.l.EmbeddedDatabaseReporter   : JDBC URL to connect to 'dataSource': url='jdbc:h2:tcp://localhost:41063/mem:df70fc46-7e57-4cb5-9cd0-c1d90c14afa7;USER=sa', scope='TextExerciseIntegrationTest#testReEvaluateAndUpdateTextExercise'
    23:48:24.946 | 447 ool-1-worker-211 | DEBUG | .c.s.m.InstanceMessageReceiveService : Received schedule participant score for exercise 3878 and participant 743 (result to be deleted: null)
    23:48:24.946 | 447 ool-1-worker-211 | DEBUG | .a.s.ParticipantScoreScheduleService : Scheduled task for exercise 3878 and participant 743 at 2025-02-14T23:48:25.046276657Z[Etc/UTC].
    23:48:24.956 | 447 ool-1-worker-211 | DEBUG | .c.s.m.InstanceMessageReceiveService : Received schedule participant score for exercise 3878 and participant 743 (result to be deleted: null)
    23:48:24.956 | 447 ool-1-worker-211 | DEBUG | .a.s.ParticipantScoreScheduleService : Scheduled task for exercise 3878 and participant 743 at 2025-02-14T23:48:25.056704154Z[Etc/UTC].
    23:48:24.967 | 447 ool-1-worker-211 | DEBUG | .c.s.m.InstanceMessageReceiveService : Received schedule participant score for exercise 3878 and participant 743 (result to be deleted: null)
    23:48:24.967 | 447 ool-1-worker-211 | DEBUG | .a.s.ParticipantScoreScheduleService : Scheduled task for exercise 3878 and participant 743 at 2025-02-14T23:48:25.067689681Z[Etc/UTC].
    23:48:24.979 | 447 ool-1-worker-211 | DEBUG | .c.s.m.InstanceMessageReceiveService : Received schedule participant score for exercise 3878 and participant 743 (result to be deleted: null)
    23:48:24.979 | 447 ool-1-worker-211 | DEBUG | .a.s.ParticipantScoreScheduleService : Scheduled task for exercise 3878 and participant 743 at 2025-02-14T23:48:25.079206981Z[Etc/UTC].
    23:48:24.981 | 447 ool-1-worker-211 | DEBUG | d.t.c.a.a.c.s.f.ApiVersionFilter     : Adding Version to Request PUT /api/text-exercises/3878/re-evaluate
    23:48:24.982 | 447 ool-1-worker-211 | DEBUG | d.t.c.a.a.t.web.TextExerciseResource : REST request to re-evaluate TextExercise : TextExercise{id=3878, exampleSolution='This is my example solution'}
    23:48:25.007 | 447 ool-1-worker-211 | DEBUG | .c.s.m.InstanceMessageReceiveService : Received schedule participant score for exercise 3878 and participant 743 (result to be deleted: null)
    23:48:25.007 | 447 ool-1-worker-211 | DEBUG | .a.s.ParticipantScoreScheduleService : Scheduled task for exercise 3878 and participant 743 at 2025-02-14T23:48:25.107663808Z[Etc/UTC].
    23:48:25.008 | 447 ool-1-worker-211 | DEBUG | d.t.c.a.a.t.web.TextExerciseResource : REST request to update TextExercise : TextExercise{id=3878, exampleSolution='This is my example solution'}
    23:48:25.020 | 447 ool-1-worker-211 | INFO  | d.t.c.a.a.e.service.ExerciseService  : User textexerciseintegrationinstructor1 has updated TextExercise Text with id 3878
    23:48:25.020 | 447 ool-1-worker-211 | INFO  | .c.s.m.InstanceMessageReceiveService : Received schedule update for potential Athena exercise 3878

  Starting logs for TextExerciseIntegrationTest > createTextExercise_isNotAtLeastInstructorInCourse_forbidden()
    23:48:25.050 | 447 ool-1-worker-211 | DEBUG | d.t.c.a.a.c.u.util.UserUtilService   : Generate 2 students...
    23:48:25.055 | 447 ool-1-worker-211 | DEBUG | d.t.c.a.a.c.u.util.UserUtilService   : 2 students generated. Generate 1 tutors...
    23:48:25.057 | 447 ool-1-worker-211 | DEBUG | d.t.c.a.a.c.u.util.UserUtilService   : 1 tutors generated. Generate 0 editors...
    23:48:25.059 | 447 ool-1-worker-211 | DEBUG | d.t.c.a.a.c.u.util.UserUtilService   : 0 editors generated. Generate 1 instructors...
    23:48:25.062 | 447 ool-1-worker-211 | DEBUG | d.t.c.a.a.c.u.util.UserUtilService   : 1 instructors generated
    23:48:25.064 | 447 ool-1-worker-211 | DEBUG | d.t.c.a.a.c.u.util.UserUtilService   : Removing 5 users from all courses...
    23:48:25.065 | 447 ool-1-worker-211 | DEBUG | d.t.c.a.a.c.u.util.UserUtilService   : Removing 5 users from all courses. Done
    23:48:25.065 | 447 ool-1-worker-211 | DEBUG | d.t.c.a.a.c.u.util.UserUtilService   : Save 4 users to database...
    23:48:25.069 | 447 ool-1-worker-211 | DEBUG | d.t.c.a.a.c.u.util.UserUtilService   : Save 4 users to database. Done
    23:48:25.079 | 447 ool-1-worker-211 | INFO  | i.z.t.d.l.EmbeddedDatabaseReporter   : JDBC URL to connect to 'dataSource': url='jdbc:h2:tcp://localhost:41063/mem:df70fc46-7e57-4cb5-9cd0-c1d90c14afa7;USER=sa', scope='TextExerciseIntegrationTest#createTextExercise_isNotAtLeastInstructorInCourse_forbidden'
    23:48:25.086 | 447 ool-1-worker-211 | DEBUG | d.t.c.a.a.c.s.f.ApiVersionFilter     : Adding Version to Request POST /api/text-exercises
    23:48:25.087 | 447 ool-1-worker-211 | DEBUG | d.t.c.a.a.t.web.TextExerciseResource : REST request to save TextExercise : TextExercise{id=null, exampleSolution='This is my example solution'}
    23:48:25.090 | 447 ool-1-worker-211 | WARN  | o.z.p.spring.common.AdviceTraits     : Forbidden: You are not allowed to access the Course with id 3088

  Starting logs for TextExerciseIntegrationTest > testDeleteTextExerciseWithCompetency()
    23:48:25.105 | 447 ool-1-worker-211 | DEBUG | d.t.c.a.a.c.u.util.UserUtilService   : Generate 2 students...
    23:48:25.109 | 447 ool-1-worker-211 | DEBUG | d.t.c.a.a.c.u.util.UserUtilService   : 2 students generated. Generate 1 tutors...
    23:48:25.111 | 447 ool-1-worker-211 | DEBUG | d.t.c.a.a.c.u.util.UserUtilService   : 1 tutors generated. Generate 0 editors...
    23:48:25.113 | 447 ool-1-worker-211 | DEBUG | d.t.c.a.a.c.u.util.UserUtilService   : 0 editors generated. Generate 1 instructors...
    23:48:25.115 | 447 ool-1-worker-211 | DEBUG | d.t.c.a.a.c.u.util.UserUtilService   : 1 instructors generated
    23:48:25.117 | 447 ool-1-worker-211 | DEBUG | d.t.c.a.a.c.u.util.UserUtilService   : Removing 5 users from all courses...
    23:48:25.118 | 447 ool-1-worker-211 | DEBUG | d.t.c.a.a.c.u.util.UserUtilService   : Removing 5 users from all courses. Done
    23:48:25.118 | 447 ool-1-worker-211 | DEBUG | d.t.c.a.a.c.u.util.UserUtilService   : Save 4 users to database...
    23:48:25.122 | 447 ool-1-worker-211 | DEBUG | d.t.c.a.a.c.u.util.UserUtilService   : Save 4 users to database. Done
    23:48:25.133 | 447 ool-1-worker-211 | INFO  | i.z.t.d.l.EmbeddedDatabaseReporter   : JDBC URL to connect to 'dataSource': url='jdbc:h2:tcp://localhost:41063/mem:df70fc46-7e57-4cb5-9cd0-c1d90c14afa7;USER=sa', scope='TextExerciseIntegrationTest#testDeleteTextExerciseWithCompetency'
    23:48:25.137 | 447 ool-1-worker-211 | DEBUG | d.t.c.a.a.c.s.f.ApiVersionFilter     : Adding Version to Request DELETE /api/text-exercises/3880
    23:48:25.138 | 447 ool-1-worker-211 | INFO  | d.t.c.a.a.t.web.TextExerciseResource : REST request to delete TextExercise : 3880
    23:48:25.140 | 447 ool-1-worker-211 | INFO  | d.t.c.a.a.e.service.ExerciseService  : User textexerciseintegrationinstructor1 has requested to delete TextExercise Text with id 3880
    23:48:25.141 | 447 ool-1-worker-211 | INFO  | .t.c.a.a.e.s.ExerciseDeletionService : Request to delete TextExercise with id 3880
    23:48:25.142 | 447 ool-1-worker-211 | INFO  | .t.c.a.a.e.s.ExerciseDeletionService : Deleting the channel took 431µs
    23:48:25.142 | 447 ool-1-worker-211 | INFO  | .t.c.a.a.e.s.ExerciseDeletionService : Cancel scheduled operations of exercise 3880
    23:48:25.142 | 447 ool-1-worker-211 | INFO  | .c.s.m.InstanceMessageReceiveService : Received schedule cancel for potential Athena exercise 3880
    23:48:25.144 | 447 ool-1-worker-211 | INFO  | d.t.c.a.a.e.s.ParticipationService   : Request to delete all 0 participations of exercise with id : 3880
    23:48:25.153 | 447 ool-1-worker-211 | INFO  | .c.a.a.c.s.TitleCacheEvictionService : Evicted entry '3880' from title cache 'exerciseTitle'
    23:48:25.155 | 621 artemis-task-1   | DEBUG | .a.a.a.s.c.CompetencyProgressService : Updating competency progress for 0 users.

  Starting logs for TextExerciseIntegrationTest > testImportTextExercise_team_modeChange()
    23:48:25.285 | 447 ool-1-worker-211 | DEBUG | d.t.c.a.a.c.u.util.UserUtilService   : Generate 2 students...
    23:48:25.294 | 447 ool-1-worker-211 | DEBUG | d.t.c.a.a.c.u.util.UserUtilService   : 2 students generated. Generate 1 tutors...
    23:48:25.296 | 447 ool-1-worker-211 | DEBUG | d.t.c.a.a.c.u.util.UserUtilService   : 1 tutors generated. Generate 0 editors...
    23:48:25.298 | 447 ool-1-worker-211 | DEBUG | d.t.c.a.a.c.u.util.UserUtilService   : 0 editors generated. Generate 1 instructors...
    23:48:25.301 | 447 ool-1-worker-211 | DEBUG | d.t.c.a.a.c.u.util.UserUtilService   : 1 instructors generated
    23:48:25.304 | 447 ool-1-worker-211 | DEBUG | d.t.c.a.a.c.u.util.UserUtilService   : Removing 5 users from all courses...
    23:48:25.306 | 447 ool-1-worker-211 | DEBUG | d.t.c.a.a.c.u.util.UserUtilService   : Removing 5 users from all courses. Done
    23:48:25.306 | 447 ool-1-worker-211 | DEBUG | d.t.c.a.a.c.u.util.UserUtilService   : Save 4 users to database...
    23:48:25.312 | 447 ool-1-worker-211 | DEBUG | d.t.c.a.a.c.u.util.UserUtilService   : Save 4 users to database. Done
    23:48:25.325 | 447 ool-1-worker-211 | INFO  | i.z.t.d.l.EmbeddedDatabaseReporter   : JDBC URL to connect to 'dataSource': url='jdbc:h2:tcp://localhost:41063/mem:df70fc46-7e57-4cb5-9cd0-c1d90c14afa7;USER=sa', scope='TextExerciseIntegrationTest#testImportTextExercise_team_modeChange'
    23:48:25.332 | 447 ool-1-worker-211 | DEBUG | d.t.c.a.a.c.s.f.ApiVersionFilter     : Adding Version to Request POST /api/text-exercises/import/3882
    23:48:25.337 | 447 ool-1-worker-211 | DEBUG | .c.a.a.t.s.TextExerciseImportService : Creating a new Exercise based on exercise TextExercise{id=3882, exampleSolution='This is my example solution'}
    23:48:25.337 | 447 ool-1-worker-211 | DEBUG | .c.a.a.t.s.TextExerciseImportService : Copying the exercise basis from TextExercise{id=null, exampleSolution='null'}
    23:48:25.349 | 447 ool-1-worker-211 | DEBUG | .c.a.a.t.s.TextExerciseImportService : Copying the ExampleSubmissions to new Exercise: TextExercise{id=3883, exampleSolution='null'}

  Starting logs for TextExerciseIntegrationTest > [1] channelName=null
    23:48:25.378 | 447 ool-1-worker-211 | DEBUG | d.t.c.a.a.c.u.util.UserUtilService   : Generate 2 students...
    23:48:25.383 | 447 ool-1-worker-211 | DEBUG | d.t.c.a.a.c.u.util.UserUtilService   : 2 students generated. Generate 1 tutors...
    23:48:25.386 | 447 ool-1-worker-211 | DEBUG | d.t.c.a.a.c.u.util.UserUtilService   : 1 tutors generated. Generate 0 editors...
    23:48:25.387 | 447 ool-1-worker-211 | DEBUG | d.t.c.a.a.c.u.util.UserUtilService   : 0 editors generated. Generate 1 instructors...
    23:48:25.390 | 447 ool-1-worker-211 | DEBUG | d.t.c.a.a.c.u.util.UserUtilService   : 1 instructors generated
    23:48:25.392 | 447 ool-1-worker-211 | DEBUG | d.t.c.a.a.c.u.util.UserUtilService   : Removing 5 users from all courses...
    23:48:25.393 | 447 ool-1-worker-211 | DEBUG | d.t.c.a.a.c.u.util.UserUtilService   : Removing 5 users from all courses. Done
    23:48:25.393 | 447 ool-1-worker-211 | DEBUG | d.t.c.a.a.c.u.util.UserUtilService   : Save 4 users to database...
    23:48:25.397 | 447 ool-1-worker-211 | DEBUG | d.t.c.a.a.c.u.util.UserUtilService   : Save 4 users to database. Done
    23:48:25.407 | 447 ool-1-worker-211 | INFO  | i.z.t.d.l.EmbeddedDatabaseReporter   : JDBC URL to connect to 'dataSource': url='jdbc:h2:tcp://localhost:41063/mem:df70fc46-7e57-4cb5-9cd0-c1d90c14afa7;USER=sa', scope='TextExerciseIntegrationTest#createTextExercise'
    23:48:25.414 | 447 ool-1-worker-211 | DEBUG | d.t.c.a.a.c.s.f.ApiVersionFilter     : Adding Version to Request POST /api/text-exercises
    23:48:25.414 | 447 ool-1-worker-211 | DEBUG | d.t.c.a.a.t.web.TextExerciseResource : REST request to save TextExercise : TextExercise{id=null, exampleSolution='This is my example solution'}
    23:48:25.426 | 447 ool-1-worker-211 | INFO  | .c.s.m.InstanceMessageReceiveService : Received schedule update for potential Athena exercise 3885

  Starting logs for TextExerciseIntegrationTest > [2] channelName=exercise-new-text-exercise
    23:48:25.445 | 447 ool-1-worker-211 | DEBUG | d.t.c.a.a.c.u.util.UserUtilService   : Generate 2 students...
    23:48:25.451 | 621 artemis-task-1   | INFO  | .c.s.m.InstanceMessageReceiveService : Received schedule update for assessed exercise submitted 3885 notification 
    23:48:25.451 | 447 ool-1-worker-211 | DEBUG | d.t.c.a.a.c.u.util.UserUtilService   : 2 students generated. Generate 1 tutors...
    23:48:25.451 | 621 artemis-task-1   | DEBUG | t.c.a.a.e.s.ExerciseLifecycleService : Scheduled Task for Exercise "New Text Exercise" (#3885) to trigger on ASSESSMENT_DUE.
    23:48:25.451 | 621 artemis-task-1   | DEBUG | .a.a.c.s.NotificationScheduleService : Scheduled notify about assessed exercise submission after assessment due date for exercise 'New Text Exercise' (#3885) at 2025-02-16T23:39:41.883746Z.
    23:48:25.454 | 447 ool-1-worker-211 | DEBUG | d.t.c.a.a.c.u.util.UserUtilService   : 1 tutors generated. Generate 0 editors...
    23:48:25.455 | 447 ool-1-worker-211 | DEBUG | d.t.c.a.a.c.u.util.UserUtilService   : 0 editors generated. Generate 1 instructors...
    23:48:25.458 | 447 ool-1-worker-211 | DEBUG | d.t.c.a.a.c.u.util.UserUtilService   : 1 instructors generated
    23:48:25.460 | 447 ool-1-worker-211 | DEBUG | d.t.c.a.a.c.u.util.UserUtilService   : Removing 5 users from all courses...
    23:48:25.461 | 447 ool-1-worker-211 | DEBUG | d.t.c.a.a.c.u.util.UserUtilService   : Removing 5 users from all courses. Done
    23:48:25.461 | 447 ool-1-worker-211 | DEBUG | d.t.c.a.a.c.u.util.UserUtilService   : Save 4 users to database...
    23:48:25.463 | 447 ool-1-worker-211 | DEBUG | d.t.c.a.a.c.u.util.UserUtilService   : Save 4 users to database. Done
    23:48:25.471 | 447 ool-1-worker-211 | INFO  | i.z.t.d.l.EmbeddedDatabaseReporter   : JDBC URL to connect to 'dataSource': url='jdbc:h2:tcp://localhost:41063/mem:df70fc46-7e57-4cb5-9cd0-c1d90c14afa7;USER=sa', scope='TextExerciseIntegrationTest#createTextExercise'
    23:48:25.477 | 447 ool-1-worker-211 | DEBUG | d.t.c.a.a.c.s.f.ApiVersionFilter     : Adding Version to Request POST /api/text-exercises
    23:48:25.477 | 447 ool-1-worker-211 | DEBUG | d.t.c.a.a.t.web.TextExerciseResource : REST request to save TextExercise : TextExercise{id=null, exampleSolution='This is my example solution'}
    23:48:25.488 | 447 ool-1-worker-211 | INFO  | .c.s.m.InstanceMessageReceiveService : Received schedule update for potential Athena exercise 3887

  Starting logs for TextExerciseIntegrationTest > [3] channelName=
    23:48:25.513 | 447 ool-1-worker-211 | DEBUG | d.t.c.a.a.c.u.util.UserUtilService   : Generate 2 students...
    23:48:25.516 | 621 artemis-task-1   | INFO  | .c.s.m.InstanceMessageReceiveService : Received schedule update for assessed exercise submitted 3887 notification 
    23:48:25.517 | 621 artemis-task-1   | DEBUG | t.c.a.a.e.s.ExerciseLifecycleService : Scheduled Task for Exercise "New Text Exercise" (#3887) to trigger on ASSESSMENT_DUE.
    23:48:25.517 | 621 artemis-task-1   | DEBUG | .a.a.c.s.NotificationScheduleService : Scheduled notify about assessed exercise submission after assessment due date for exercise 'New Text Exercise' (#3887) at 2025-02-16T23:39:41.883746Z.
    23:48:25.517 | 447 ool-1-worker-211 | DEBUG | d.t.c.a.a.c.u.util.UserUtilService   : 2 students generated. Generate 1 tutors...
    23:48:25.519 | 447 ool-1-worker-211 | DEBUG | d.t.c.a.a.c.u.util.UserUtilService   : 1 tutors generated. Generate 0 editors...
    23:48:25.521 | 447 ool-1-worker-211 | DEBUG | d.t.c.a.a.c.u.util.UserUtilService   : 0 editors generated. Generate 1 instructors...
    23:48:25.523 | 447 ool-1-worker-211 | DEBUG | d.t.c.a.a.c.u.util.UserUtilService   : 1 instructors generated
    23:48:25.526 | 447 ool-1-worker-211 | DEBUG | d.t.c.a.a.c.u.util.UserUtilService   : Removing 5 users from all courses...
    23:48:25.527 | 447 ool-1-worker-211 | DEBUG | d.t.c.a.a.c.u.util.UserUtilService   : Removing 5 users from all courses. Done
    23:48:25.527 | 447 ool-1-worker-211 | DEBUG | d.t.c.a.a.c.u.util.UserUtilService   : Save 4 users to database...
    23:48:25.531 | 447 ool-1-worker-211 | DEBUG | d.t.c.a.a.c.u.util.UserUtilService   : Save 4 users to database. Done
    23:48:25.540 | 447 ool-1-worker-211 | INFO  | i.z.t.d.l.EmbeddedDatabaseReporter   : JDBC URL to connect to 'dataSource': url='jdbc:h2:tcp://localhost:41063/mem:df70fc46-7e57-4cb5-9cd0-c1d90c14afa7;USER=sa', scope='TextExerciseIntegrationTest#createTextExercise'
    23:48:25.546 | 447 ool-1-worker-211 | DEBUG | d.t.c.a.a.c.s.f.ApiVersionFilter     : Adding Version to Request POST /api/text-exercises
    23:48:25.546 | 447 ool-1-worker-211 | DEBUG | d.t.c.a.a.t.web.TextExerciseResource : REST request to save TextExercise : TextExercise{id=null, exampleSolution='This is my example solution'}
    23:48:25.557 | 447 ool-1-worker-211 | INFO  | .c.s.m.InstanceMessageReceiveService : Received schedule update for potential Athena exercise 3889

  Starting logs for TextExerciseIntegrationTest > importTextExerciseFromCourseToCourse_badRequest()
    23:48:25.574 | 447 ool-1-worker-211 | DEBUG | d.t.c.a.a.c.u.util.UserUtilService   : Generate 2 students...
    23:48:25.578 | 447 ool-1-worker-211 | DEBUG | d.t.c.a.a.c.u.util.UserUtilService   : 2 students generated. Generate 1 tutors...
    23:48:25.581 | 447 ool-1-worker-211 | DEBUG | d.t.c.a.a.c.u.util.UserUtilService   : 1 tutors generated. Generate 0 editors...
    23:48:25.582 | 447 ool-1-worker-211 | DEBUG | d.t.c.a.a.c.u.util.UserUtilService   : 0 editors generated. Generate 1 instructors...
    23:48:25.585 | 447 ool-1-worker-211 | DEBUG | d.t.c.a.a.c.u.util.UserUtilService   : 1 instructors generated
    23:48:25.588 | 447 ool-1-worker-211 | DEBUG | d.t.c.a.a.c.u.util.UserUtilService   : Removing 5 users from all courses...
    23:48:25.589 | 447 ool-1-worker-211 | DEBUG | d.t.c.a.a.c.u.util.UserUtilService   : Removing 5 users from all courses. Done
    23:48:25.589 | 447 ool-1-worker-211 | DEBUG | d.t.c.a.a.c.u.util.UserUtilService   : Save 4 users to database...
    23:48:25.592 | 621 artemis-task-1   | INFO  | .c.s.m.InstanceMessageReceiveService : Received schedule update for assessed exercise submitted 3889 notification 
    23:48:25.593 | 447 ool-1-worker-211 | DEBUG | d.t.c.a.a.c.u.util.UserUtilService   : Save 4 users to database. Done
    23:48:25.595 | 621 artemis-task-1   | DEBUG | t.c.a.a.e.s.ExerciseLifecycleService : Scheduled Task for Exercise "New Text Exercise" (#3889) to trigger on ASSESSMENT_DUE.
    23:48:25.595 | 621 artemis-task-1   | DEBUG | .a.a.c.s.NotificationScheduleService : Scheduled notify about assessed exercise submission after assessment due date for exercise 'New Text Exercise' (#3889) at 2025-02-16T23:39:41.883746Z.
    23:48:25.603 | 447 ool-1-worker-211 | INFO  | i.z.t.d.l.EmbeddedDatabaseReporter   : JDBC URL to connect to 'dataSource': url='jdbc:h2:tcp://localhost:41063/mem:df70fc46-7e57-4cb5-9cd0-c1d90c14afa7;USER=sa', scope='TextExerciseIntegrationTest#importTextExerciseFromCourseToCourse_badRequest'
    23:48:25.606 | 447 ool-1-worker-211 | DEBUG | d.t.c.a.a.c.s.f.ApiVersionFilter     : Adding Version to Request POST /api/text-exercises/import/3891
    23:48:25.607 | 447 ool-1-worker-211 | DEBUG | d.t.c.a.a.t.web.TextExerciseResource : Either the courseId or exerciseGroupId must be set for an import
    23:48:25.608 | 447 ool-1-worker-211 | ERROR | tech.jhipster.web.util.HeaderUtil    : Entity processing failed, Either the courseId or exerciseGroupId must be set for an import
    23:48:25.608 | 447 ool-1-worker-211 | WARN  | o.z.p.spring.common.AdviceTraits     : Bad Request: Either the courseId or exerciseGroupId must be set for an import

  Starting logs for TextExerciseIntegrationTest > testImportTextExercise_individual_modeChange()
    23:48:25.624 | 447 ool-1-worker-211 | DEBUG | d.t.c.a.a.c.u.util.UserUtilService   : Generate 2 students...
    23:48:25.628 | 447 ool-1-worker-211 | DEBUG | d.t.c.a.a.c.u.util.UserUtilService   : 2 students generated. Generate 1 tutors...
    23:48:25.631 | 447 ool-1-worker-211 | DEBUG | d.t.c.a.a.c.u.util.UserUtilService   : 1 tutors generated. Generate 0 editors...
    23:48:25.632 | 447 ool-1-worker-211 | DEBUG | d.t.c.a.a.c.u.util.UserUtilService   : 0 editors generated. Generate 1 instructors...
    23:48:25.635 | 447 ool-1-worker-211 | DEBUG | d.t.c.a.a.c.u.util.UserUtilService   : 1 instructors generated
    23:48:25.638 | 447 ool-1-worker-211 | DEBUG | d.t.c.a.a.c.u.util.UserUtilService   : Removing 5 users from all courses...
    23:48:25.639 | 447 ool-1-worker-211 | DEBUG | d.t.c.a.a.c.u.util.UserUtilService   : Removing 5 users from all courses. Done
    23:48:25.639 | 447 ool-1-worker-211 | DEBUG | d.t.c.a.a.c.u.util.UserUtilService   : Save 4 users to database...
    23:48:25.643 | 447 ool-1-worker-211 | DEBUG | d.t.c.a.a.c.u.util.UserUtilService   : Save 4 users to database. Done
    23:48:25.653 | 447 ool-1-worker-211 | INFO  | i.z.t.d.l.EmbeddedDatabaseReporter   : JDBC URL to connect to 'dataSource': url='jdbc:h2:tcp://localhost:41063/mem:df70fc46-7e57-4cb5-9cd0-c1d90c14afa7;USER=sa', scope='TextExerciseIntegrationTest#testImportTextExercise_individual_modeChange'
    23:48:25.658 | 447 ool-1-worker-211 | DEBUG | d.t.c.a.a.c.s.f.ApiVersionFilter     : Adding Version to Request POST /api/text-exercises/import/3893
    23:48:25.662 | 447 ool-1-worker-211 | DEBUG | .c.a.a.t.s.TextExerciseImportService : Creating a new Exercise based on exercise TextExercise{id=3893, exampleSolution='This is my example solution'}
    23:48:25.662 | 447 ool-1-worker-211 | DEBUG | .c.a.a.t.s.TextExerciseImportService : Copying the exercise basis from TextExercise{id=null, exampleSolution='null'}
    23:48:25.671 | 447 ool-1-worker-211 | DEBUG | .c.a.a.t.s.TextExerciseImportService : Copying the ExampleSubmissions to new Exercise: TextExercise{id=3894, exampleSolution='null'}

  Starting logs for TextExerciseIntegrationTest > getAllTextExercisesForCourse()
    23:48:25.694 | 447 ool-1-worker-211 | DEBUG | d.t.c.a.a.c.u.util.UserUtilService   : Generate 2 students...
    23:48:25.698 | 447 ool-1-worker-211 | DEBUG | d.t.c.a.a.c.u.util.UserUtilService   : 2 students generated. Generate 1 tutors...
    23:48:25.701 | 447 ool-1-worker-211 | DEBUG | d.t.c.a.a.c.u.util.UserUtilService   : 1 tutors generated. Generate 0 editors...
    23:48:25.703 | 447 ool-1-worker-211 | DEBUG | d.t.c.a.a.c.u.util.UserUtilService   : 0 editors generated. Generate 1 instructors...
    23:48:25.706 | 447 ool-1-worker-211 | DEBUG | d.t.c.a.a.c.u.util.UserUtilService   : 1 instructors generated
    23:48:25.708 | 447 ool-1-worker-211 | DEBUG | d.t.c.a.a.c.u.util.UserUtilService   : Removing 5 users from all courses...
    23:48:25.710 | 447 ool-1-worker-211 | DEBUG | d.t.c.a.a.c.u.util.UserUtilService   : Removing 5 users from all courses. Done
    23:48:25.710 | 447 ool-1-worker-211 | DEBUG | d.t.c.a.a.c.u.util.UserUtilService   : Save 4 users to database...
    23:48:25.718 | 447 ool-1-worker-211 | DEBUG | d.t.c.a.a.c.u.util.UserUtilService   : Save 4 users to database. Done
    23:48:25.728 | 447 ool-1-worker-211 | INFO  | i.z.t.d.l.EmbeddedDatabaseReporter   : JDBC URL to connect to 'dataSource': url='jdbc:h2:tcp://localhost:41063/mem:df70fc46-7e57-4cb5-9cd0-c1d90c14afa7;USER=sa', scope='TextExerciseIntegrationTest#getAllTextExercisesForCourse'
    23:48:25.730 | 447 ool-1-worker-211 | DEBUG | d.t.c.a.a.c.s.f.ApiVersionFilter     : Adding Version to Request GET /api/courses/3101/text-exercises
    23:48:25.732 | 447 ool-1-worker-211 | DEBUG | d.t.c.a.a.t.web.TextExerciseResource : REST request to get all ProgrammingExercises for the course with id : 3101

  Starting logs for TextExerciseIntegrationTest > createTextExerciseForExam()
    23:48:25.749 | 447 ool-1-worker-211 | DEBUG | d.t.c.a.a.c.u.util.UserUtilService   : Generate 2 students...
    23:48:25.753 | 447 ool-1-worker-211 | DEBUG | d.t.c.a.a.c.u.util.UserUtilService   : 2 students generated. Generate 1 tutors...
    23:48:25.756 | 447 ool-1-worker-211 | DEBUG | d.t.c.a.a.c.u.util.UserUtilService   : 1 tutors generated. Generate 0 editors...
    23:48:25.757 | 447 ool-1-worker-211 | DEBUG | d.t.c.a.a.c.u.util.UserUtilService   : 0 editors generated. Generate 1 instructors...
    23:48:25.759 | 447 ool-1-worker-211 | DEBUG | d.t.c.a.a.c.u.util.UserUtilService   : 1 instructors generated
    23:48:25.762 | 447 ool-1-worker-211 | DEBUG | d.t.c.a.a.c.u.util.UserUtilService   : Removing 5 users from all courses...
    23:48:25.762 | 447 ool-1-worker-211 | DEBUG | d.t.c.a.a.c.u.util.UserUtilService   : Removing 5 users from all courses. Done
    23:48:25.762 | 447 ool-1-worker-211 | DEBUG | d.t.c.a.a.c.u.util.UserUtilService   : Save 4 users to database...
    23:48:25.766 | 447 ool-1-worker-211 | DEBUG | d.t.c.a.a.c.u.util.UserUtilService   : Save 4 users to database. Done
    23:48:25.774 | 447 ool-1-worker-211 | INFO  | i.z.t.d.l.EmbeddedDatabaseReporter   : JDBC URL to connect to 'dataSource': url='jdbc:h2:tcp://localhost:41063/mem:df70fc46-7e57-4cb5-9cd0-c1d90c14afa7;USER=sa', scope='TextExerciseIntegrationTest#createTextExerciseForExam'
    23:48:25.778 | 447 ool-1-worker-211 | DEBUG | d.t.c.a.a.c.s.f.ApiVersionFilter     : Adding Version to Request POST /api/text-exercises
    23:48:25.779 | 447 ool-1-worker-211 | DEBUG | d.t.c.a.a.t.web.TextExerciseResource : REST request to save TextExercise : TextExercise{id=null, exampleSolution='This is my example solution'}
    23:48:25.782 | 447 ool-1-worker-211 | INFO  | .c.s.m.InstanceMessageReceiveService : Received schedule update for potential Athena exercise 3897

  Starting logs for TextExerciseIntegrationTest > updateTextExercise_IncludedAsBonusInvalidBonusPoints()
    23:48:25.801 | 447 ool-1-worker-211 | DEBUG | d.t.c.a.a.c.u.util.UserUtilService   : Generate 2 students...
    23:48:25.805 | 447 ool-1-worker-211 | DEBUG | d.t.c.a.a.c.u.util.UserUtilService   : 2 students generated. Generate 1 tutors...
    23:48:25.807 | 447 ool-1-worker-211 | DEBUG | d.t.c.a.a.c.u.util.UserUtilService   : 1 tutors generated. Generate 0 editors...
    23:48:25.809 | 447 ool-1-worker-211 | DEBUG | d.t.c.a.a.c.u.util.UserUtilService   : 0 editors generated. Generate 1 instructors...
    23:48:25.811 | 447 ool-1-worker-211 | DEBUG | d.t.c.a.a.c.u.util.UserUtilService   : 1 instructors generated
    23:48:25.813 | 447 ool-1-worker-211 | DEBUG | d.t.c.a.a.c.u.util.UserUtilService   : Removing 5 users from all courses...
    23:48:25.814 | 447 ool-1-worker-211 | DEBUG | d.t.c.a.a.c.u.util.UserUtilService   : Removing 5 users from all courses. Done
    23:48:25.814 | 447 ool-1-worker-211 | DEBUG | d.t.c.a.a.c.u.util.UserUtilService   : Save 4 users to database...
    23:48:25.817 | 447 ool-1-worker-211 | DEBUG | d.t.c.a.a.c.u.util.UserUtilService   : Save 4 users to database. Done
    23:48:25.826 | 447 ool-1-worker-211 | INFO  | i.z.t.d.l.EmbeddedDatabaseReporter   : JDBC URL to connect to 'dataSource': url='jdbc:h2:tcp://localhost:41063/mem:df70fc46-7e57-4cb5-9cd0-c1d90c14afa7;USER=sa', scope='TextExerciseIntegrationTest#updateTextExercise_IncludedAsBonusInvalidBonusPoints'
    23:48:25.827 | 447 ool-1-worker-211 | DEBUG | d.t.c.a.a.c.s.f.ApiVersionFilter     : Adding Version to Request PUT /api/text-exercises
    23:48:25.828 | 447 ool-1-worker-211 | DEBUG | d.t.c.a.a.t.web.TextExerciseResource : REST request to update TextExercise : TextExercise{id=3898, exampleSolution='This is my example solution'}
    23:48:25.828 | 447 ool-1-worker-211 | ERROR | tech.jhipster.web.util.HeaderUtil    : Entity processing failed, The provided bonus points are not allowed
    23:48:25.828 | 447 ool-1-worker-211 | WARN  | o.z.p.spring.common.AdviceTraits     : Bad Request: The provided bonus points are not allowed

  Starting logs for TextExerciseIntegrationTest > createTextExercise_setExerciseTitleNull_badRequest()
    23:48:25.841 | 447 ool-1-worker-211 | DEBUG | d.t.c.a.a.c.u.util.UserUtilService   : Generate 2 students...
    23:48:25.846 | 447 ool-1-worker-211 | DEBUG | d.t.c.a.a.c.u.util.UserUtilService   : 2 students generated. Generate 1 tutors...
    23:48:25.848 | 447 ool-1-worker-211 | DEBUG | d.t.c.a.a.c.u.util.UserUtilService   : 1 tutors generated. Generate 0 editors...
    23:48:25.849 | 447 ool-1-worker-211 | DEBUG | d.t.c.a.a.c.u.util.UserUtilService   : 0 editors generated. Generate 1 instructors...
    23:48:25.855 | 447 ool-1-worker-211 | DEBUG | d.t.c.a.a.c.u.util.UserUtilService   : 1 instructors generated
    23:48:25.860 | 447 ool-1-worker-211 | DEBUG | d.t.c.a.a.c.u.util.UserUtilService   : Removing 5 users from all courses...
    23:48:25.861 | 447 ool-1-worker-211 | DEBUG | d.t.c.a.a.c.u.util.UserUtilService   : Removing 5 users from all courses. Done
    23:48:25.861 | 447 ool-1-worker-211 | DEBUG | d.t.c.a.a.c.u.util.UserUtilService   : Save 4 users to database...
    23:48:25.870 | 447 ool-1-worker-211 | DEBUG | d.t.c.a.a.c.u.util.UserUtilService   : Save 4 users to database. Done
    23:48:25.886 | 447 ool-1-worker-211 | INFO  | i.z.t.d.l.EmbeddedDatabaseReporter   : JDBC URL to connect to 'dataSource': url='jdbc:h2:tcp://localhost:41063/mem:df70fc46-7e57-4cb5-9cd0-c1d90c14afa7;USER=sa', scope='TextExerciseIntegrationTest#createTextExercise_setExerciseTitleNull_badRequest'
    23:48:25.889 | 447 ool-1-worker-211 | DEBUG | d.t.c.a.a.c.s.f.ApiVersionFilter     : Adding Version to Request POST /api/text-exercises
    23:48:25.890 | 447 ool-1-worker-211 | DEBUG | d.t.c.a.a.t.web.TextExerciseResource : REST request to save TextExercise : TextExercise{id=null, exampleSolution='null'}
    23:48:25.890 | 447 ool-1-worker-211 | ERROR | tech.jhipster.web.util.HeaderUtil    : Entity processing failed, A new textExercise needs a title
    23:48:25.890 | 447 ool-1-worker-211 | WARN  | o.z.p.spring.common.AdviceTraits     : Bad Request: A new textExercise needs a title

  Starting logs for TextExerciseIntegrationTest > updateTextExerciseForExam()
    23:48:25.920 | 447 ool-1-worker-211 | DEBUG | d.t.c.a.a.c.u.util.UserUtilService   : Generate 2 students...
    23:48:25.927 | 447 ool-1-worker-211 | DEBUG | d.t.c.a.a.c.u.util.UserUtilService   : 2 students generated. Generate 1 tutors...
    23:48:25.932 | 447 ool-1-worker-211 | DEBUG | d.t.c.a.a.c.u.util.UserUtilService   : 1 tutors generated. Generate 0 editors...
    23:48:25.937 | 447 ool-1-worker-211 | DEBUG | d.t.c.a.a.c.u.util.UserUtilService   : 0 editors generated. Generate 1 instructors...
    23:48:25.940 | 447 ool-1-worker-211 | DEBUG | d.t.c.a.a.c.u.util.UserUtilService   : 1 instructors generated
    23:48:25.942 | 447 ool-1-worker-211 | DEBUG | d.t.c.a.a.c.u.util.UserUtilService   : Removing 5 users from all courses...
    23:48:25.943 | 447 ool-1-worker-211 | DEBUG | d.t.c.a.a.c.u.util.UserUtilService   : Removing 5 users from all courses. Done
    23:48:25.943 | 447 ool-1-worker-211 | DEBUG | d.t.c.a.a.c.u.util.UserUtilService   : Save 4 users to database...
    23:48:25.946 | 447 ool-1-worker-211 | DEBUG | d.t.c.a.a.c.u.util.UserUtilService   : Save 4 users to database. Done
    23:48:25.955 | 447 ool-1-worker-211 | INFO  | i.z.t.d.l.EmbeddedDatabaseReporter   : JDBC URL to connect to 'dataSource': url='jdbc:h2:tcp://localhost:41063/mem:df70fc46-7e57-4cb5-9cd0-c1d90c14afa7;USER=sa', scope='TextExerciseIntegrationTest#updateTextExerciseForExam'
    23:48:25.960 | 447 ool-1-worker-211 | DEBUG | d.t.c.a.a.c.s.f.ApiVersionFilter     : Adding Version to Request PUT /api/text-exercises
    23:48:25.961 | 447 ool-1-worker-211 | DEBUG | d.t.c.a.a.t.web.TextExerciseResource : REST request to update TextExercise : TextExercise{id=3901, exampleSolution='This is my example solution'}
    23:48:25.971 | 447 ool-1-worker-211 | INFO  | .c.a.a.c.s.TitleCacheEvictionService : Evicted entry '3901' from title cache 'exerciseTitle'
    23:48:25.972 | 447 ool-1-worker-211 | INFO  | d.t.c.a.a.e.service.ExerciseService  : User textexerciseintegrationinstructor1 has updated TextExercise After with id 3901
    23:48:25.972 | 447 ool-1-worker-211 | INFO  | .c.s.m.InstanceMessageReceiveService : Received schedule update for potential Athena exercise 3901

  Starting logs for TextExerciseIntegrationTest > testCourseAndExamFiltersAsInstructor()
    23:48:25.991 | 447 ool-1-worker-211 | DEBUG | d.t.c.a.a.c.u.util.UserUtilService   : Generate 2 students...
    23:48:25.995 | 447 ool-1-worker-211 | DEBUG | d.t.c.a.a.c.u.util.UserUtilService   : 2 students generated. Generate 1 tutors...
    23:48:25.998 | 447 ool-1-worker-211 | DEBUG | d.t.c.a.a.c.u.util.UserUtilService   : 1 tutors generated. Generate 0 editors...
    23:48:25.999 | 447 ool-1-worker-211 | DEBUG | d.t.c.a.a.c.u.util.UserUtilService   : 0 editors generated. Generate 1 instructors...
    23:48:26.002 | 447 ool-1-worker-211 | DEBUG | d.t.c.a.a.c.u.util.UserUtilService   : 1 instructors generated
    23:48:26.004 | 447 ool-1-worker-211 | DEBUG | d.t.c.a.a.c.u.util.UserUtilService   : Removing 5 users from all courses...
    23:48:26.005 | 447 ool-1-worker-211 | DEBUG | d.t.c.a.a.c.u.util.UserUtilService   : Removing 5 users from all courses. Done
    23:48:26.005 | 447 ool-1-worker-211 | DEBUG | d.t.c.a.a.c.u.util.UserUtilService   : Save 4 users to database...
    23:48:26.009 | 447 ool-1-worker-211 | DEBUG | d.t.c.a.a.c.u.util.UserUtilService   : Save 4 users to database. Done
    23:48:26.018 | 447 ool-1-worker-211 | INFO  | i.z.t.d.l.EmbeddedDatabaseReporter   : JDBC URL to connect to 'dataSource': url='jdbc:h2:tcp://localhost:41063/mem:df70fc46-7e57-4cb5-9cd0-c1d90c14afa7;USER=sa', scope='TextExerciseIntegrationTest#testCourseAndExamFiltersAsInstructor'
    23:48:26.027 | 447 ool-1-worker-211 | DEBUG | d.t.c.a.a.c.s.f.ApiVersionFilter     : Adding Version to Request GET /api/text-exercises
    23:48:26.045 | 447 ool-1-worker-211 | DEBUG | d.t.c.a.a.c.s.f.ApiVersionFilter     : Adding Version to Request GET /api/text-exercises
    23:48:26.061 | 447 ool-1-worker-211 | DEBUG | d.t.c.a.a.c.s.f.ApiVersionFilter     : Adding Version to Request GET /api/text-exercises
    23:48:26.065 | 447 ool-1-worker-211 | DEBUG | d.t.c.a.a.c.s.f.ApiVersionFilter     : Adding Version to Request GET /api/text-exercises
    23:48:26.082 | 447 ool-1-worker-211 | DEBUG | d.t.c.a.a.c.s.f.ApiVersionFilter     : Adding Version to Request GET /api/text-exercises
    23:48:26.107 | 447 ool-1-worker-211 | DEBUG | d.t.c.a.a.c.s.f.ApiVersionFilter     : Adding Version to Request GET /api/text-exercises
    23:48:26.139 | 447 ool-1-worker-211 | DEBUG | d.t.c.a.a.c.s.f.ApiVersionFilter     : Adding Version to Request GET /api/text-exercises
    23:48:26.162 | 447 ool-1-worker-211 | DEBUG | d.t.c.a.a.c.s.f.ApiVersionFilter     : Adding Version to Request GET /api/text-exercises
    23:48:26.186 | 447 ool-1-worker-211 | DEBUG | d.t.c.a.a.c.s.f.ApiVersionFilter     : Adding Version to Request GET /api/text-exercises
    23:48:26.202 | 447 ool-1-worker-211 | DEBUG | d.t.c.a.a.c.s.f.ApiVersionFilter     : Adding Version to Request GET /api/text-exercises
    23:48:26.215 | 447 ool-1-worker-211 | DEBUG | d.t.c.a.a.c.s.f.ApiVersionFilter     : Adding Version to Request GET /api/text-exercises
    23:48:26.227 | 447 ool-1-worker-211 | DEBUG | d.t.c.a.a.c.s.f.ApiVersionFilter     : Adding Version to Request GET /api/text-exercises
    23:48:26.244 | 447 ool-1-worker-211 | DEBUG | d.t.c.a.a.c.s.f.ApiVersionFilter     : Adding Version to Request GET /api/text-exercises

  Starting logs for TextExerciseIntegrationTest > getAllTextExercisesForCourse_isNotAtLeastTeachingAssistantInCourse_forbidden()
    23:48:26.283 | 447 ool-1-worker-211 | DEBUG | d.t.c.a.a.c.u.util.UserUtilService   : Generate 2 students...
    23:48:26.287 | 447 ool-1-worker-211 | DEBUG | d.t.c.a.a.c.u.util.UserUtilService   : 2 students generated. Generate 1 tutors...
    23:48:26.290 | 447 ool-1-worker-211 | DEBUG | d.t.c.a.a.c.u.util.UserUtilService   : 1 tutors generated. Generate 0 editors...
    23:48:26.292 | 447 ool-1-worker-211 | DEBUG | d.t.c.a.a.c.u.util.UserUtilService   : 0 editors generated. Generate 1 instructors...
    23:48:26.294 | 447 ool-1-worker-211 | DEBUG | d.t.c.a.a.c.u.util.UserUtilService   : 1 instructors generated
    23:48:26.297 | 447 ool-1-worker-211 | DEBUG | d.t.c.a.a.c.u.util.UserUtilService   : Removing 5 users from all courses...
    23:48:26.298 | 447 ool-1-worker-211 | DEBUG | d.t.c.a.a.c.u.util.UserUtilService   : Removing 5 users from all courses. Done
    23:48:26.298 | 447 ool-1-worker-211 | DEBUG | d.t.c.a.a.c.u.util.UserUtilService   : Save 4 users to database...
    23:48:26.301 | 447 ool-1-worker-211 | DEBUG | d.t.c.a.a.c.u.util.UserUtilService   : Save 4 users to database. Done
    23:48:26.311 | 447 ool-1-worker-211 | INFO  | i.z.t.d.l.EmbeddedDatabaseReporter   : JDBC URL to connect to 'dataSource': url='jdbc:h2:tcp://localhost:41063/mem:df70fc46-7e57-4cb5-9cd0-c1d90c14afa7;USER=sa', scope='TextExerciseIntegrationTest#getAllTextExercisesForCourse_isNotAtLeastTeachingAssistantInCourse_forbidden'
    23:48:26.317 | 447 ool-1-worker-211 | DEBUG | d.t.c.a.a.c.s.f.ApiVersionFilter     : Adding Version to Request GET /api/courses/3111/text-exercises
    23:48:26.318 | 447 ool-1-worker-211 | DEBUG | d.t.c.a.a.t.web.TextExerciseResource : REST request to get all ProgrammingExercises for the course with id : 3111
    23:48:26.320 | 447 ool-1-worker-211 | WARN  | o.z.p.spring.common.AdviceTraits     : Forbidden: You are not allowed to access the Course with id 3111

  Starting logs for TextExerciseIntegrationTest > createTextExerciseForExam_invalidExercise_dates(InvalidExamExerciseDateConfiguration) [1] invalidDates=InvalidExamExerciseDateConfiguration[releaseDate=2025-02-15T00:48:26.329580894Z[Etc/UTC], dueDate=2025-02-15T01:48:26.329580894Z[Etc/UTC], assessmentDueDate=2025-02-15T02:48:26.329580894Z[Etc/UTC], exampleSolutionPublicationDate=null]
    23:48:26.336 | 447 ool-1-worker-211 | DEBUG | d.t.c.a.a.c.u.util.UserUtilService   : Generate 2 students...
    23:48:26.340 | 447 ool-1-worker-211 | DEBUG | d.t.c.a.a.c.u.util.UserUtilService   : 2 students generated. Generate 1 tutors...
    23:48:26.343 | 447 ool-1-worker-211 | DEBUG | d.t.c.a.a.c.u.util.UserUtilService   : 1 tutors generated. Generate 0 editors...
    23:48:26.344 | 447 ool-1-worker-211 | DEBUG | d.t.c.a.a.c.u.util.UserUtilService   : 0 editors generated. Generate 1 instructors...
    23:48:26.347 | 447 ool-1-worker-211 | DEBUG | d.t.c.a.a.c.u.util.UserUtilService   : 1 instructors generated
    23:48:26.349 | 447 ool-1-worker-211 | DEBUG | d.t.c.a.a.c.u.util.UserUtilService   : Removing 5 users from all courses...
    23:48:26.350 | 447 ool-1-worker-211 | DEBUG | d.t.c.a.a.c.u.util.UserUtilService   : Removing 5 users from all courses. Done
    23:48:26.350 | 447 ool-1-worker-211 | DEBUG | d.t.c.a.a.c.u.util.UserUtilService   : Save 4 users to database...
    23:48:26.354 | 447 ool-1-worker-211 | DEBUG | d.t.c.a.a.c.u.util.UserUtilService   : Save 4 users to database. Done
    23:48:26.364 | 447 ool-1-worker-211 | INFO  | i.z.t.d.l.EmbeddedDatabaseReporter   : JDBC URL to connect to 'dataSource': url='jdbc:h2:tcp://localhost:41063/mem:df70fc46-7e57-4cb5-9cd0-c1d90c14afa7;USER=sa', scope='TextExerciseIntegrationTest#createTextExerciseForExam_invalidExercise_dates'
    23:48:26.368 | 447 ool-1-worker-211 | DEBUG | d.t.c.a.a.c.s.f.ApiVersionFilter     : Adding Version to Request POST /api/text-exercises
    23:48:26.368 | 447 ool-1-worker-211 | DEBUG | d.t.c.a.a.t.web.TextExerciseResource : REST request to save TextExercise : TextExercise{id=null, exampleSolution='This is my example solution'}
    23:48:26.369 | 447 ool-1-worker-211 | ERROR | tech.jhipster.web.util.HeaderUtil    : Entity processing failed, An exam exercise may not have any dates set!
    23:48:26.369 | 447 ool-1-worker-211 | WARN  | o.z.p.spring.common.AdviceTraits     : Bad Request: An exam exercise may not have any dates set!

  Starting logs for TextExerciseIntegrationTest > createTextExerciseForExam_invalidExercise_dates(InvalidExamExerciseDateConfiguration) [2] invalidDates=InvalidExamExerciseDateConfiguration[releaseDate=2025-02-15T00:48:26.329580894Z[Etc/UTC], dueDate=null, assessmentDueDate=null, exampleSolutionPublicationDate=null]
    23:48:26.389 | 447 ool-1-worker-211 | DEBUG | d.t.c.a.a.c.u.util.UserUtilService   : Generate 2 students...
    23:48:26.397 | 447 ool-1-worker-211 | DEBUG | d.t.c.a.a.c.u.util.UserUtilService   : 2 students generated. Generate 1 tutors...
    23:48:26.400 | 447 ool-1-worker-211 | DEBUG | d.t.c.a.a.c.u.util.UserUtilService   : 1 tutors generated. Generate 0 editors...
    23:48:26.403 | 447 ool-1-worker-211 | DEBUG | d.t.c.a.a.c.u.util.UserUtilService   : 0 editors generated. Generate 1 instructors...
    23:48:26.406 | 447 ool-1-worker-211 | DEBUG | d.t.c.a.a.c.u.util.UserUtilService   : 1 instructors generated
    23:48:26.410 | 447 ool-1-worker-211 | DEBUG | d.t.c.a.a.c.u.util.UserUtilService   : Removing 5 users from all courses...
    23:48:26.411 | 447 ool-1-worker-211 | DEBUG | d.t.c.a.a.c.u.util.UserUtilService   : Removing 5 users from all courses. Done
    23:48:26.411 | 447 ool-1-worker-211 | DEBUG | d.t.c.a.a.c.u.util.UserUtilService   : Save 4 users to database...
    23:48:26.415 | 447 ool-1-worker-211 | DEBUG | d.t.c.a.a.c.u.util.UserUtilService   : Save 4 users to database. Done
    23:48:26.425 | 447 ool-1-worker-211 | INFO  | i.z.t.d.l.EmbeddedDatabaseReporter   : JDBC URL to connect to 'dataSource': url='jdbc:h2:tcp://localhost:41063/mem:df70fc46-7e57-4cb5-9cd0-c1d90c14afa7;USER=sa', scope='TextExerciseIntegrationTest#createTextExerciseForExam_invalidExercise_dates'
    23:48:26.429 | 447 ool-1-worker-211 | DEBUG | d.t.c.a.a.c.s.f.ApiVersionFilter     : Adding Version to Request POST /api/text-exercises
    23:48:26.430 | 447 ool-1-worker-211 | DEBUG | d.t.c.a.a.t.web.TextExerciseResource : REST request to save TextExercise : TextExercise{id=null, exampleSolution='This is my example solution'}
    23:48:26.431 | 447 ool-1-worker-211 | ERROR | tech.jhipster.web.util.HeaderUtil    : Entity processing failed, An exam exercise may not have any dates set!
    23:48:26.431 | 447 ool-1-worker-211 | WARN  | o.z.p.spring.common.AdviceTraits     : Bad Request: An exam exercise may not have any dates set!

  Starting logs for TextExerciseIntegrationTest > createTextExerciseForExam_invalidExercise_dates(InvalidExamExerciseDateConfiguration) [3] invalidDates=InvalidExamExerciseDateConfiguration[releaseDate=null, dueDate=2025-02-15T01:48:26.329580894Z[Etc/UTC], assessmentDueDate=null, exampleSolutionPublicationDate=null]
    23:48:26.454 | 447 ool-1-worker-211 | DEBUG | d.t.c.a.a.c.u.util.UserUtilService   : Generate 2 students...
    23:48:26.463 | 447 ool-1-worker-211 | DEBUG | d.t.c.a.a.c.u.util.UserUtilService   : 2 students generated. Generate 1 tutors...
    23:48:26.467 | 447 ool-1-worker-211 | DEBUG | d.t.c.a.a.c.u.util.UserUtilService   : 1 tutors generated. Generate 0 editors...
    23:48:26.469 | 447 ool-1-worker-211 | DEBUG | d.t.c.a.a.c.u.util.UserUtilService   : 0 editors generated. Generate 1 instructors...
    23:48:26.472 | 447 ool-1-worker-211 | DEBUG | d.t.c.a.a.c.u.util.UserUtilService   : 1 instructors generated
    23:48:26.474 | 447 ool-1-worker-211 | DEBUG | d.t.c.a.a.c.u.util.UserUtilService   : Removing 5 users from all courses...
    23:48:26.476 | 447 ool-1-worker-211 | DEBUG | d.t.c.a.a.c.u.util.UserUtilService   : Removing 5 users from all courses. Done
    23:48:26.476 | 447 ool-1-worker-211 | DEBUG | d.t.c.a.a.c.u.util.UserUtilService   : Save 4 users to database...
    23:48:26.481 | 447 ool-1-worker-211 | DEBUG | d.t.c.a.a.c.u.util.UserUtilService   : Save 4 users to database. Done
    23:48:26.498 | 447 ool-1-worker-211 | INFO  | i.z.t.d.l.EmbeddedDatabaseReporter   : JDBC URL to connect to 'dataSource': url='jdbc:h2:tcp://localhost:41063/mem:df70fc46-7e57-4cb5-9cd0-c1d90c14afa7;USER=sa', scope='TextExerciseIntegrationTest#createTextExerciseForExam_invalidExercise_dates'
    23:48:26.506 | 447 ool-1-worker-211 | DEBUG | d.t.c.a.a.c.s.f.ApiVersionFilter     : Adding Version to Request POST /api/text-exercises
    23:48:26.507 | 447 ool-1-worker-211 | DEBUG | d.t.c.a.a.t.web.TextExerciseResource : REST request to save TextExercise : TextExercise{id=null, exampleSolution='This is my example solution'}
    23:48:26.508 | 447 ool-1-worker-211 | ERROR | tech.jhipster.web.util.HeaderUtil    : Entity processing failed, An exam exercise may not have any dates set!
    23:48:26.508 | 447 ool-1-worker-211 | WARN  | o.z.p.spring.common.AdviceTraits     : Bad Request: An exam exercise may not have any dates set!

  Starting logs for TextExerciseIntegrationTest > createTextExerciseForExam_invalidExercise_dates(InvalidExamExerciseDateConfiguration) [4] invalidDates=InvalidExamExerciseDateConfiguration[releaseDate=null, dueDate=null, assessmentDueDate=2025-02-15T02:48:26.329580894Z[Etc/UTC], exampleSolutionPublicationDate=null]
    23:48:26.526 | 447 ool-1-worker-211 | DEBUG | d.t.c.a.a.c.u.util.UserUtilService   : Generate 2 students...
    23:48:26.531 | 447 ool-1-worker-211 | DEBUG | d.t.c.a.a.c.u.util.UserUtilService   : 2 students generated. Generate 1 tutors...
    23:48:26.533 | 447 ool-1-worker-211 | DEBUG | d.t.c.a.a.c.u.util.UserUtilService   : 1 tutors generated. Generate 0 editors...
    23:48:26.536 | 447 ool-1-worker-211 | DEBUG | d.t.c.a.a.c.u.util.UserUtilService   : 0 editors generated. Generate 1 instructors...
    23:48:26.539 | 447 ool-1-worker-211 | DEBUG | d.t.c.a.a.c.u.util.UserUtilService   : 1 instructors generated
    23:48:26.542 | 447 ool-1-worker-211 | DEBUG | d.t.c.a.a.c.u.util.UserUtilService   : Removing 5 users from all courses...
    23:48:26.543 | 447 ool-1-worker-211 | DEBUG | d.t.c.a.a.c.u.util.UserUtilService   : Removing 5 users from all courses. Done
    23:48:26.543 | 447 ool-1-worker-211 | DEBUG | d.t.c.a.a.c.u.util.UserUtilService   : Save 4 users to database...
    23:48:26.547 | 447 ool-1-worker-211 | DEBUG | d.t.c.a.a.c.u.util.UserUtilService   : Save 4 users to database. Done
    23:48:26.557 | 447 ool-1-worker-211 | INFO  | i.z.t.d.l.EmbeddedDatabaseReporter   : JDBC URL to connect to 'dataSource': url='jdbc:h2:tcp://localhost:41063/mem:df70fc46-7e57-4cb5-9cd0-c1d90c14afa7;USER=sa', scope='TextExerciseIntegrationTest#createTextExerciseForExam_invalidExercise_dates'
    23:48:26.560 | 447 ool-1-worker-211 | DEBUG | d.t.c.a.a.c.s.f.ApiVersionFilter     : Adding Version to Request POST /api/text-exercises
    23:48:26.561 | 447 ool-1-worker-211 | DEBUG | d.t.c.a.a.t.web.TextExerciseResource : REST request to save TextExercise : TextExercise{id=null, exampleSolution='This is my example solution'}
    23:48:26.562 | 447 ool-1-worker-211 | ERROR | tech.jhipster.web.util.HeaderUtil    : Entity processing failed, An exam exercise may not have any dates set!
    23:48:26.562 | 447 ool-1-worker-211 | WARN  | o.z.p.spring.common.AdviceTraits     : Bad Request: An exam exercise may not have any dates set!

  Starting logs for TextExerciseIntegrationTest > createTextExerciseForExam_invalidExercise_dates(InvalidExamExerciseDateConfiguration) [5] invalidDates=InvalidExamExerciseDateConfiguration[releaseDate=null, dueDate=null, assessmentDueDate=null, exampleSolutionPublicationDate=2025-02-14T23:48:26.329586444Z[Etc/UTC]]
    23:48:26.582 | 447 ool-1-worker-211 | DEBUG | d.t.c.a.a.c.u.util.UserUtilService   : Generate 2 students...
    23:48:26.587 | 447 ool-1-worker-211 | DEBUG | d.t.c.a.a.c.u.util.UserUtilService   : 2 students generated. Generate 1 tutors...
    23:48:26.590 | 447 ool-1-worker-211 | DEBUG | d.t.c.a.a.c.u.util.UserUtilService   : 1 tutors generated. Generate 0 editors...
    23:48:26.591 | 447 ool-1-worker-211 | DEBUG | d.t.c.a.a.c.u.util.UserUtilService   : 0 editors generated. Generate 1 instructors...
    23:48:26.594 | 447 ool-1-worker-211 | DEBUG | d.t.c.a.a.c.u.util.UserUtilService   : 1 instructors generated
    23:48:26.596 | 447 ool-1-worker-211 | DEBUG | d.t.c.a.a.c.u.util.UserUtilService   : Removing 5 users from all courses...
    23:48:26.597 | 447 ool-1-worker-211 | DEBUG | d.t.c.a.a.c.u.util.UserUtilService   : Removing 5 users from all courses. Done
    23:48:26.597 | 447 ool-1-worker-211 | DEBUG | d.t.c.a.a.c.u.util.UserUtilService   : Save 4 users to database...
    23:48:26.601 | 447 ool-1-worker-211 | DEBUG | d.t.c.a.a.c.u.util.UserUtilService   : Save 4 users to database. Done
    23:48:26.610 | 447 ool-1-worker-211 | INFO  | i.z.t.d.l.EmbeddedDatabaseReporter   : JDBC URL to connect to 'dataSource': url='jdbc:h2:tcp://localhost:41063/mem:df70fc46-7e57-4cb5-9cd0-c1d90c14afa7;USER=sa', scope='TextExerciseIntegrationTest#createTextExerciseForExam_invalidExercise_dates'
    23:48:26.614 | 447 ool-1-worker-211 | DEBUG | d.t.c.a.a.c.s.f.ApiVersionFilter     : Adding Version to Request POST /api/text-exercises
    23:48:26.615 | 447 ool-1-worker-211 | DEBUG | d.t.c.a.a.t.web.TextExerciseResource : REST request to save TextExercise : TextExercise{id=null, exampleSolution='This is my example solution'}
    23:48:26.616 | 447 ool-1-worker-211 | ERROR | tech.jhipster.web.util.HeaderUtil    : Entity processing failed, An exam exercise may not have any dates set!
    23:48:26.616 | 447 ool-1-worker-211 | WARN  | o.z.p.spring.common.AdviceTraits     : Bad Request: An exam exercise may not have any dates set!

  Starting logs for TextExerciseIntegrationTest > testDeleteTextExerciseWithChannel()
    23:48:26.630 | 447 ool-1-worker-211 | DEBUG | d.t.c.a.a.c.u.util.UserUtilService   : Generate 2 students...
    23:48:26.635 | 447 ool-1-worker-211 | DEBUG | d.t.c.a.a.c.u.util.UserUtilService   : 2 students generated. Generate 1 tutors...
    23:48:26.638 | 447 ool-1-worker-211 | DEBUG | d.t.c.a.a.c.u.util.UserUtilService   : 1 tutors generated. Generate 0 editors...
    23:48:26.639 | 447 ool-1-worker-211 | DEBUG | d.t.c.a.a.c.u.util.UserUtilService   : 0 editors generated. Generate 1 instructors...
    23:48:26.642 | 447 ool-1-worker-211 | DEBUG | d.t.c.a.a.c.u.util.UserUtilService   : 1 instructors generated
    23:48:26.644 | 447 ool-1-worker-211 | DEBUG | d.t.c.a.a.c.u.util.UserUtilService   : Removing 5 users from all courses...
    23:48:26.645 | 447 ool-1-worker-211 | DEBUG | d.t.c.a.a.c.u.util.UserUtilService   : Removing 5 users from all courses. Done
    23:48:26.645 | 447 ool-1-worker-211 | DEBUG | d.t.c.a.a.c.u.util.UserUtilService   : Save 4 users to database...
    23:48:26.649 | 447 ool-1-worker-211 | DEBUG | d.t.c.a.a.c.u.util.UserUtilService   : Save 4 users to database. Done
    23:48:26.659 | 447 ool-1-worker-211 | INFO  | i.z.t.d.l.EmbeddedDatabaseReporter   : JDBC URL to connect to 'dataSource': url='jdbc:h2:tcp://localhost:41063/mem:df70fc46-7e57-4cb5-9cd0-c1d90c14afa7;USER=sa', scope='TextExerciseIntegrationTest#testDeleteTextExerciseWithChannel'
    23:48:26.662 | 447 ool-1-worker-211 | DEBUG | d.t.c.a.a.c.s.f.ApiVersionFilter     : Adding Version to Request DELETE /api/text-exercises/3912
    23:48:26.662 | 447 ool-1-worker-211 | INFO  | d.t.c.a.a.t.web.TextExerciseResource : REST request to delete TextExercise : 3912
    23:48:26.665 | 447 ool-1-worker-211 | INFO  | d.t.c.a.a.e.service.ExerciseService  : User textexerciseintegrationinstructor1 has requested to delete TextExercise 29a9b16c-5621-4d7d-ad02-3f71714b2299 with id 3912
    23:48:26.666 | 447 ool-1-worker-211 | INFO  | .t.c.a.a.e.s.ExerciseDeletionService : Request to delete TextExercise with id 3912
    23:48:26.670 | 447 ool-1-worker-211 | INFO  | .t.c.a.a.e.s.ExerciseDeletionService : Deleting the channel took 4.09ms
    23:48:26.670 | 447 ool-1-worker-211 | INFO  | .t.c.a.a.e.s.ExerciseDeletionService : Cancel scheduled operations of exercise 3912
    23:48:26.670 | 447 ool-1-worker-211 | INFO  | .c.s.m.InstanceMessageReceiveService : Received schedule cancel for potential Athena exercise 3912
    23:48:26.672 | 447 ool-1-worker-211 | INFO  | d.t.c.a.a.e.s.ParticipationService   : Request to delete all 0 participations of exercise with id : 3912
    23:48:26.683 | 447 ool-1-worker-211 | INFO  | .c.a.a.c.s.TitleCacheEvictionService : Evicted entry '3912' from title cache 'exerciseTitle'

  Starting logs for TextExerciseIntegrationTest > updateTextExercise_setExerciseIdNull_created()
    23:48:26.701 | 447 ool-1-worker-211 | DEBUG | d.t.c.a.a.c.u.util.UserUtilService   : Generate 2 students...
    23:48:26.706 | 447 ool-1-worker-211 | DEBUG | d.t.c.a.a.c.u.util.UserUtilService   : 2 students generated. Generate 1 tutors...
    23:48:26.708 | 447 ool-1-worker-211 | DEBUG | d.t.c.a.a.c.u.util.UserUtilService   : 1 tutors generated. Generate 0 editors...
    23:48:26.710 | 447 ool-1-worker-211 | DEBUG | d.t.c.a.a.c.u.util.UserUtilService   : 0 editors generated. Generate 1 instructors...
    23:48:26.713 | 447 ool-1-worker-211 | DEBUG | d.t.c.a.a.c.u.util.UserUtilService   : 1 instructors generated
    23:48:26.715 | 447 ool-1-worker-211 | DEBUG | d.t.c.a.a.c.u.util.UserUtilService   : Removing 5 users from all courses...
    23:48:26.716 | 447 ool-1-worker-211 | DEBUG | d.t.c.a.a.c.u.util.UserUtilService   : Removing 5 users from all courses. Done
    23:48:26.716 | 447 ool-1-worker-211 | DEBUG | d.t.c.a.a.c.u.util.UserUtilService   : Save 4 users to database...
    23:48:26.720 | 447 ool-1-worker-211 | DEBUG | d.t.c.a.a.c.u.util.UserUtilService   : Save 4 users to database. Done
    23:48:26.730 | 447 ool-1-worker-211 | INFO  | i.z.t.d.l.EmbeddedDatabaseReporter   : JDBC URL to connect to 'dataSource': url='jdbc:h2:tcp://localhost:41063/mem:df70fc46-7e57-4cb5-9cd0-c1d90c14afa7;USER=sa', scope='TextExerciseIntegrationTest#updateTextExercise_setExerciseIdNull_created'
    23:48:26.731 | 447 ool-1-worker-211 | DEBUG | d.t.c.a.a.c.s.f.ApiVersionFilter     : Adding Version to Request PUT /api/text-exercises
    23:48:26.732 | 447 ool-1-worker-211 | DEBUG | d.t.c.a.a.t.web.TextExerciseResource : REST request to update TextExercise : TextExercise{id=null, exampleSolution='This is my example solution'}
    23:48:26.732 | 447 ool-1-worker-211 | DEBUG | d.t.c.a.a.t.web.TextExerciseResource : REST request to save TextExercise : TextExercise{id=null, exampleSolution='This is my example solution'}
    23:48:26.742 | 447 ool-1-worker-211 | INFO  | .c.s.m.InstanceMessageReceiveService : Received schedule update for potential Athena exercise 3914

  Starting logs for TextExerciseIntegrationTest > testGetTextExercise_asInstructor_exampleSolutionVisibility()
    23:48:26.758 | 447 ool-1-worker-211 | DEBUG | d.t.c.a.a.c.u.util.UserUtilService   : Generate 2 students...
    23:48:26.762 | 447 ool-1-worker-211 | DEBUG | d.t.c.a.a.c.u.util.UserUtilService   : 2 students generated. Generate 1 tutors...
    23:48:26.768 | 447 ool-1-worker-211 | DEBUG | d.t.c.a.a.c.u.util.UserUtilService   : 1 tutors generated. Generate 0 editors...
    23:48:26.769 | 447 ool-1-worker-211 | DEBUG | d.t.c.a.a.c.u.util.UserUtilService   : 0 editors generated. Generate 1 instructors...
    23:48:26.777 | 621 artemis-task-1   | INFO  | .c.s.m.InstanceMessageReceiveService : Received schedule update for assessed exercise submitted 3914 notification 
    23:48:26.777 | 621 artemis-task-1   | DEBUG | t.c.a.a.e.s.ExerciseLifecycleService : Scheduled Task for Exercise "Text" (#3914) to trigger on ASSESSMENT_DUE.
    23:48:26.777 | 621 artemis-task-1   | DEBUG | .a.a.c.s.NotificationScheduleService : Scheduled notify about assessed exercise submission after assessment due date for exercise 'Text' (#3914) at 2025-02-16T23:39:41.883746Z.
    23:48:26.779 | 447 ool-1-worker-211 | DEBUG | d.t.c.a.a.c.u.util.UserUtilService   : 1 instructors generated
    23:48:26.782 | 447 ool-1-worker-211 | DEBUG | d.t.c.a.a.c.u.util.UserUtilService   : Removing 5 users from all courses...
    23:48:26.783 | 447 ool-1-worker-211 | DEBUG | d.t.c.a.a.c.u.util.UserUtilService   : Removing 5 users from all courses. Done
    23:48:26.783 | 447 ool-1-worker-211 | DEBUG | d.t.c.a.a.c.u.util.UserUtilService   : Save 4 users to database...
    23:48:26.788 | 447 ool-1-worker-211 | DEBUG | d.t.c.a.a.c.u.util.UserUtilService   : Save 4 users to database. Done
    23:48:26.797 | 447 ool-1-worker-211 | INFO  | i.z.t.d.l.EmbeddedDatabaseReporter   : JDBC URL to connect to 'dataSource': url='jdbc:h2:tcp://localhost:41063/mem:df70fc46-7e57-4cb5-9cd0-c1d90c14afa7;USER=sa', scope='TextExerciseIntegrationTest#testGetTextExercise_asInstructor_exampleSolutionVisibility'
    23:48:26.800 | 447 ool-1-worker-211 | DEBUG | d.t.c.a.a.c.s.f.ApiVersionFilter     : Adding Version to Request GET /api/courses/3125/for-dashboard
    23:48:26.800 | 447 ool-1-worker-211 | DEBUG | d.t.c.a.a.core.web.CourseResource    : REST request to get one course 3125 with exams, lectures, exercises, participations, submissions and results, etc.
    23:48:26.805 | 447 ool-1-worker-211 | DEBUG | d.t.c.a.a.core.web.CourseResource    : courseService.findOneWithExercisesAndLecturesAndExamsAndCompetenciesAndTutorialGroupsForUser done
    23:48:26.806 | 447 ool-1-worker-211 | DEBUG | d.t.c.a.a.core.web.CourseResource    : courseService.fetchParticipationsWithSubmissionsAndResultsForCourses done in getCourseForDashboard
    23:48:26.807 | 447 ool-1-worker-211 | DEBUG | d.t.c.a.a.core.web.CourseResource    : courseService.fetchPlagiarismCasesForCourseExercises done in getCourseForDashboard
    23:48:26.807 | 447 ool-1-worker-211 | DEBUG | d.t.c.a.a.core.web.CourseResource    : gradingScaleRepository.findByCourseId done in getCourseForDashboard
    23:48:26.808 | 447 ool-1-worker-211 | INFO  | d.t.c.a.a.core.web.CourseResource    : courses/3125/for-dashboard (single course) finished in 7.41ms for 1 courses with 1 individual exercise(s) and 0 team exercise(s) for user textexerciseintegrationinstructor1
    23:48:26.812 | 447 ool-1-worker-211 | DEBUG | d.t.c.a.a.c.s.f.ApiVersionFilter     : Adding Version to Request GET /api/courses/3125/for-dashboard
    23:48:26.813 | 447 ool-1-worker-211 | DEBUG | d.t.c.a.a.core.web.CourseResource    : REST request to get one course 3125 with exams, lectures, exercises, participations, submissions and results, etc.
    23:48:26.818 | 447 ool-1-worker-211 | DEBUG | d.t.c.a.a.core.web.CourseResource    : courseService.findOneWithExercisesAndLecturesAndExamsAndCompetenciesAndTutorialGroupsForUser done
    23:48:26.819 | 447 ool-1-worker-211 | DEBUG | d.t.c.a.a.core.web.CourseResource    : courseService.fetchParticipationsWithSubmissionsAndResultsForCourses done in getCourseForDashboard
    23:48:26.819 | 447 ool-1-worker-211 | DEBUG | d.t.c.a.a.core.web.CourseResource    : courseService.fetchPlagiarismCasesForCourseExercises done in getCourseForDashboard
    23:48:26.820 | 447 ool-1-worker-211 | DEBUG | d.t.c.a.a.core.web.CourseResource    : gradingScaleRepository.findByCourseId done in getCourseForDashboard
    23:48:26.820 | 447 ool-1-worker-211 | INFO  | d.t.c.a.a.core.web.CourseResource    : courses/3125/for-dashboard (single course) finished in 6.79ms for 1 courses with 1 individual exercise(s) and 0 team exercise(s) for user textexerciseintegrationinstructor1
    23:48:26.823 | 447 ool-1-worker-211 | DEBUG | d.t.c.a.a.c.s.f.ApiVersionFilter     : Adding Version to Request GET /api/courses/3125/for-dashboard
    23:48:26.824 | 447 ool-1-worker-211 | DEBUG | d.t.c.a.a.core.web.CourseResource    : REST request to get one course 3125 with exams, lectures, exercises, participations, submissions and results, etc.
    23:48:26.828 | 447 ool-1-worker-211 | DEBUG | d.t.c.a.a.core.web.CourseResource    : courseService.findOneWithExercisesAndLecturesAndExamsAndCompetenciesAndTutorialGroupsForUser done
    23:48:26.829 | 447 ool-1-worker-211 | DEBUG | d.t.c.a.a.core.web.CourseResource    : courseService.fetchParticipationsWithSubmissionsAndResultsForCourses done in getCourseForDashboard
    23:48:26.830 | 447 ool-1-worker-211 | DEBUG | d.t.c.a.a.core.web.CourseResource    : courseService.fetchPlagiarismCasesForCourseExercises done in getCourseForDashboard
    23:48:26.830 | 447 ool-1-worker-211 | DEBUG | d.t.c.a.a.core.web.CourseResource    : gradingScaleRepository.findByCourseId done in getCourseForDashboard
    23:48:26.830 | 447 ool-1-worker-211 | INFO  | d.t.c.a.a.core.web.CourseResource    : courses/3125/for-dashboard (single course) finished in 6.52ms for 1 courses with 1 individual exercise(s) and 0 team exercise(s) for user textexerciseintegrationinstructor1

  Starting logs for TextExerciseIntegrationTest > testImportTextExercise_setGradingInstructionForCopiedFeedback()
    23:48:26.848 | 447 ool-1-worker-211 | DEBUG | d.t.c.a.a.c.u.util.UserUtilService   : Generate 2 students...
    23:48:26.852 | 447 ool-1-worker-211 | DEBUG | d.t.c.a.a.c.u.util.UserUtilService   : 2 students generated. Generate 1 tutors...
    23:48:26.855 | 447 ool-1-worker-211 | DEBUG | d.t.c.a.a.c.u.util.UserUtilService   : 1 tutors generated. Generate 0 editors...
    23:48:26.856 | 447 ool-1-worker-211 | DEBUG | d.t.c.a.a.c.u.util.UserUtilService   : 0 editors generated. Generate 1 instructors...
    23:48:26.859 | 447 ool-1-worker-211 | DEBUG | d.t.c.a.a.c.u.util.UserUtilService   : 1 instructors generated
    23:48:26.861 | 447 ool-1-worker-211 | DEBUG | d.t.c.a.a.c.u.util.UserUtilService   : Removing 5 users from all courses...
    23:48:26.862 | 447 ool-1-worker-211 | DEBUG | d.t.c.a.a.c.u.util.UserUtilService   : Removing 5 users from all courses. Done
    23:48:26.862 | 447 ool-1-worker-211 | DEBUG | d.t.c.a.a.c.u.util.UserUtilService   : Save 4 users to database...
    23:48:26.865 | 447 ool-1-worker-211 | DEBUG | d.t.c.a.a.c.u.util.UserUtilService   : Save 4 users to database. Done
    23:48:26.874 | 447 ool-1-worker-211 | INFO  | i.z.t.d.l.EmbeddedDatabaseReporter   : JDBC URL to connect to 'dataSource': url='jdbc:h2:tcp://localhost:41063/mem:df70fc46-7e57-4cb5-9cd0-c1d90c14afa7;USER=sa', scope='TextExerciseIntegrationTest#testImportTextExercise_setGradingInstructionForCopiedFeedback'
    23:48:26.915 | 447 ool-1-worker-211 | DEBUG | d.t.c.a.a.c.s.f.ApiVersionFilter     : Adding Version to Request POST /api/text-exercises/import/3917
    23:48:26.919 | 447 ool-1-worker-211 | DEBUG | .c.a.a.t.s.TextExerciseImportService : Creating a new Exercise based on exercise TextExercise{id=3917, exampleSolution='This is my example solution'}
    23:48:26.919 | 447 ool-1-worker-211 | DEBUG | .c.a.a.t.s.TextExerciseImportService : Copying the exercise basis from TextExercise{id=3917, exampleSolution='This is my example solution'}
    23:48:26.928 | 447 ool-1-worker-211 | DEBUG | .c.a.a.t.s.TextExerciseImportService : Copying the ExampleSubmissions to new Exercise: TextExercise{id=3918, exampleSolution='This is my example solution'}
    23:48:26.929 | 447 ool-1-worker-211 | DEBUG | .c.a.a.t.s.TextExerciseImportService : Copying the Submission to new ExampleSubmission: TextSubmission{id=null, text='', language='null'}
    23:48:26.929 | 447 ool-1-worker-211 | DEBUG | .c.a.a.t.s.TextExerciseImportService : Copying the TextBlocks to new TextSubmission: TextSubmission{id=1946, text='text', language='ENGLISH'}

  Starting logs for TextExerciseIntegrationTest > testGetTextExercise_setGradingInstructionFeedbackUsed()
    23:48:26.981 | 447 ool-1-worker-211 | DEBUG | d.t.c.a.a.c.u.util.UserUtilService   : Generate 2 students...
    23:48:26.986 | 447 ool-1-worker-211 | DEBUG | d.t.c.a.a.c.u.util.UserUtilService   : 2 students generated. Generate 1 tutors...
    23:48:26.989 | 447 ool-1-worker-211 | DEBUG | d.t.c.a.a.c.u.util.UserUtilService   : 1 tutors generated. Generate 0 editors...
    23:48:26.990 | 447 ool-1-worker-211 | DEBUG | d.t.c.a.a.c.u.util.UserUtilService   : 0 editors generated. Generate 1 instructors...
    23:48:26.993 | 447 ool-1-worker-211 | DEBUG | d.t.c.a.a.c.u.util.UserUtilService   : 1 instructors generated
    23:48:26.996 | 447 ool-1-worker-211 | DEBUG | d.t.c.a.a.c.u.util.UserUtilService   : Removing 5 users from all courses...
    23:48:26.997 | 447 ool-1-worker-211 | DEBUG | d.t.c.a.a.c.u.util.UserUtilService   : Removing 5 users from all courses. Done
    23:48:26.997 | 447 ool-1-worker-211 | DEBUG | d.t.c.a.a.c.u.util.UserUtilService   : Save 4 users to database...
    23:48:27.001 | 447 ool-1-worker-211 | DEBUG | d.t.c.a.a.c.u.util.UserUtilService   : Save 4 users to database. Done
    23:48:27.011 | 447 ool-1-worker-211 | INFO  | i.z.t.d.l.EmbeddedDatabaseReporter   : JDBC URL to connect to 'dataSource': url='jdbc:h2:tcp://localhost:41063/mem:df70fc46-7e57-4cb5-9cd0-c1d90c14afa7;USER=sa', scope='TextExerciseIntegrationTest#testGetTextExercise_setGradingInstructionFeedbackUsed'
    23:48:27.014 | 447 ool-1-worker-211 | DEBUG | d.t.c.a.a.c.s.f.ApiVersionFilter     : Adding Version to Request GET /api/text-exercises/3919
    23:48:27.015 | 447 ool-1-worker-211 | DEBUG | d.t.c.a.a.t.web.TextExerciseResource : REST request to get TextExercise : 3919

  Starting logs for TextExerciseIntegrationTest > getTextExercise_notFound()
    23:48:27.038 | 447 ool-1-worker-211 | DEBUG | d.t.c.a.a.c.u.util.UserUtilService   : Generate 2 students...
    23:48:27.043 | 447 ool-1-worker-211 | DEBUG | d.t.c.a.a.c.u.util.UserUtilService   : 2 students generated. Generate 1 tutors...
    23:48:27.045 | 447 ool-1-worker-211 | DEBUG | d.t.c.a.a.c.u.util.UserUtilService   : 1 tutors generated. Generate 0 editors...
    23:48:27.047 | 447 ool-1-worker-211 | DEBUG | d.t.c.a.a.c.u.util.UserUtilService   : 0 editors generated. Generate 1 instructors...
    23:48:27.050 | 447 ool-1-worker-211 | DEBUG | d.t.c.a.a.c.u.util.UserUtilService   : 1 instructors generated
    23:48:27.052 | 447 ool-1-worker-211 | DEBUG | d.t.c.a.a.c.u.util.UserUtilService   : Removing 5 users from all courses...
    23:48:27.053 | 447 ool-1-worker-211 | DEBUG | d.t.c.a.a.c.u.util.UserUtilService   : Removing 5 users from all courses. Done
    23:48:27.053 | 447 ool-1-worker-211 | DEBUG | d.t.c.a.a.c.u.util.UserUtilService   : Save 4 users to database...
    23:48:27.057 | 447 ool-1-worker-211 | DEBUG | d.t.c.a.a.c.u.util.UserUtilService   : Save 4 users to database. Done
    23:48:27.065 | 447 ool-1-worker-211 | INFO  | i.z.t.d.l.EmbeddedDatabaseReporter   : JDBC URL to connect to 'dataSource': url='jdbc:h2:tcp://localhost:41063/mem:df70fc46-7e57-4cb5-9cd0-c1d90c14afa7;USER=sa', scope='TextExerciseIntegrationTest#getTextExercise_notFound'
    23:48:27.066 | 447 ool-1-worker-211 | DEBUG | d.t.c.a.a.c.s.f.ApiVersionFilter     : Adding Version to Request GET /api/text-exercises/114213211
    23:48:27.067 | 447 ool-1-worker-211 | DEBUG | d.t.c.a.a.t.web.TextExerciseResource : REST request to get TextExercise : 114213211
    23:48:27.069 | 447 ool-1-worker-211 | WARN  | o.z.p.spring.common.AdviceTraits     : Not Found: TextExercise with id: "114213211" does not exist

  Starting logs for TextExerciseIntegrationTest > updateTextExercise_setNeitherCourseAndExerciseGroup_badRequest()
    23:48:27.087 | 447 ool-1-worker-211 | DEBUG | d.t.c.a.a.c.u.util.UserUtilService   : Generate 2 students...
    23:48:27.092 | 447 ool-1-worker-211 | DEBUG | d.t.c.a.a.c.u.util.UserUtilService   : 2 students generated. Generate 1 tutors...
    23:48:27.095 | 447 ool-1-worker-211 | DEBUG | d.t.c.a.a.c.u.util.UserUtilService   : 1 tutors generated. Generate 0 editors...
    23:48:27.096 | 447 ool-1-worker-211 | DEBUG | d.t.c.a.a.c.u.util.UserUtilService   : 0 editors generated. Generate 1 instructors...
    23:48:27.099 | 447 ool-1-worker-211 | DEBUG | d.t.c.a.a.c.u.util.UserUtilService   : 1 instructors generated
    23:48:27.101 | 447 ool-1-worker-211 | DEBUG | d.t.c.a.a.c.u.util.UserUtilService   : Removing 5 users from all courses...
    23:48:27.102 | 447 ool-1-worker-211 | DEBUG | d.t.c.a.a.c.u.util.UserUtilService   : Removing 5 users from all courses. Done
    23:48:27.102 | 447 ool-1-worker-211 | DEBUG | d.t.c.a.a.c.u.util.UserUtilService   : Save 4 users to database...
    23:48:27.105 | 447 ool-1-worker-211 | DEBUG | d.t.c.a.a.c.u.util.UserUtilService   : Save 4 users to database. Done
    23:48:27.112 | 447 ool-1-worker-211 | INFO  | i.z.t.d.l.EmbeddedDatabaseReporter   : JDBC URL to connect to 'dataSource': url='jdbc:h2:tcp://localhost:41063/mem:df70fc46-7e57-4cb5-9cd0-c1d90c14afa7;USER=sa', scope='TextExerciseIntegrationTest#updateTextExercise_setNeitherCourseAndExerciseGroup_badRequest'
    23:48:27.113 | 447 ool-1-worker-211 | DEBUG | d.t.c.a.a.c.s.f.ApiVersionFilter     : Adding Version to Request PUT /api/text-exercises
    23:48:27.113 | 447 ool-1-worker-211 | DEBUG | d.t.c.a.a.t.web.TextExerciseResource : REST request to update TextExercise : TextExercise{id=3921, exampleSolution='This is my example solution'}
    23:48:27.114 | 447 ool-1-worker-211 | ERROR | tech.jhipster.web.util.HeaderUtil    : Entity processing failed, An exercise must have either a course or an exerciseGroup
    23:48:27.114 | 447 ool-1-worker-211 | WARN  | o.z.p.spring.common.AdviceTraits     : Bad Request: An exercise must have either a course or an exerciseGroup

  Starting logs for TextExerciseIntegrationTest > testInstructorGetResultsFromOwningCoursesNotEmpty()
    23:48:27.128 | 447 ool-1-worker-211 | DEBUG | d.t.c.a.a.c.u.util.UserUtilService   : Generate 2 students...
    23:48:27.133 | 447 ool-1-worker-211 | DEBUG | d.t.c.a.a.c.u.util.UserUtilService   : 2 students generated. Generate 1 tutors...
    23:48:27.136 | 447 ool-1-worker-211 | DEBUG | d.t.c.a.a.c.u.util.UserUtilService   : 1 tutors generated. Generate 0 editors...
    23:48:27.137 | 447 ool-1-worker-211 | DEBUG | d.t.c.a.a.c.u.util.UserUtilService   : 0 editors generated. Generate 1 instructors...
    23:48:27.140 | 447 ool-1-worker-211 | DEBUG | d.t.c.a.a.c.u.util.UserUtilService   : 1 instructors generated
    23:48:27.143 | 447 ool-1-worker-211 | DEBUG | d.t.c.a.a.c.u.util.UserUtilService   : Removing 5 users from all courses...
    23:48:27.144 | 447 ool-1-worker-211 | DEBUG | d.t.c.a.a.c.u.util.UserUtilService   : Removing 5 users from all courses. Done
    23:48:27.144 | 447 ool-1-worker-211 | DEBUG | d.t.c.a.a.c.u.util.UserUtilService   : Save 4 users to database...
    23:48:27.148 | 447 ool-1-worker-211 | DEBUG | d.t.c.a.a.c.u.util.UserUtilService   : Save 4 users to database. Done
    23:48:27.157 | 447 ool-1-worker-211 | INFO  | i.z.t.d.l.EmbeddedDatabaseReporter   : JDBC URL to connect to 'dataSource': url='jdbc:h2:tcp://localhost:41063/mem:df70fc46-7e57-4cb5-9cd0-c1d90c14afa7;USER=sa', scope='TextExerciseIntegrationTest#testInstructorGetResultsFromOwningCoursesNotEmpty'
    23:48:27.167 | 447 ool-1-worker-211 | DEBUG | d.t.c.a.a.c.s.f.ApiVersionFilter     : Adding Version to Request GET /api/text-exercises
    23:48:27.184 | 447 ool-1-worker-211 | DEBUG | d.t.c.a.a.c.s.f.ApiVersionFilter     : Adding Version to Request GET /api/text-exercises
    23:48:27.200 | 447 ool-1-worker-211 | DEBUG | d.t.c.a.a.c.s.f.ApiVersionFilter     : Adding Version to Request GET /api/text-exercises

  Starting logs for TextExerciseIntegrationTest > updateTextExercise()
    23:48:27.227 | 447 ool-1-worker-211 | DEBUG | d.t.c.a.a.c.u.util.UserUtilService   : Generate 2 students...
    23:48:27.232 | 447 ool-1-worker-211 | DEBUG | d.t.c.a.a.c.u.util.UserUtilService   : 2 students generated. Generate 1 tutors...
    23:48:27.235 | 447 ool-1-worker-211 | DEBUG | d.t.c.a.a.c.u.util.UserUtilService   : 1 tutors generated. Generate 0 editors...
    23:48:27.236 | 447 ool-1-worker-211 | DEBUG | d.t.c.a.a.c.u.util.UserUtilService   : 0 editors generated. Generate 1 instructors...
    23:48:27.239 | 447 ool-1-worker-211 | DEBUG | d.t.c.a.a.c.u.util.UserUtilService   : 1 instructors generated
    23:48:27.241 | 447 ool-1-worker-211 | DEBUG | d.t.c.a.a.c.u.util.UserUtilService   : Removing 5 users from all courses...
    23:48:27.242 | 447 ool-1-worker-211 | DEBUG | d.t.c.a.a.c.u.util.UserUtilService   : Removing 5 users from all courses. Done
    23:48:27.242 | 447 ool-1-worker-211 | DEBUG | d.t.c.a.a.c.u.util.UserUtilService   : Save 4 users to database...
    23:48:27.246 | 447 ool-1-worker-211 | DEBUG | d.t.c.a.a.c.u.util.UserUtilService   : Save 4 users to database. Done
    23:48:27.256 | 447 ool-1-worker-211 | INFO  | i.z.t.d.l.EmbeddedDatabaseReporter   : JDBC URL to connect to 'dataSource': url='jdbc:h2:tcp://localhost:41063/mem:df70fc46-7e57-4cb5-9cd0-c1d90c14afa7;USER=sa', scope='TextExerciseIntegrationTest#updateTextExercise'
    23:48:27.259 | 447 ool-1-worker-211 | DEBUG | d.t.c.a.a.c.s.f.ApiVersionFilter     : Adding Version to Request PUT /api/text-exercises
    23:48:27.260 | 447 ool-1-worker-211 | DEBUG | d.t.c.a.a.t.web.TextExerciseResource : REST request to update TextExercise : TextExercise{id=3926, exampleSolution='This is my example solution'}
    23:48:27.270 | 447 ool-1-worker-211 | INFO  | .c.a.a.c.s.TitleCacheEvictionService : Evicted entry '3926' from title cache 'exerciseTitle'
    23:48:27.274 | 447 ool-1-worker-211 | INFO  | d.t.c.a.a.e.service.ExerciseService  : User textexerciseintegrationinstructor1 has updated TextExercise Updated Text Exercise with id 3926
    23:48:27.274 | 447 ool-1-worker-211 | INFO  | .c.s.m.InstanceMessageReceiveService : Received schedule update for potential Athena exercise 3926

  Starting logs for TextExerciseIntegrationTest > importTextExerciseFromExamToExam()
    23:48:27.293 | 447 ool-1-worker-211 | DEBUG | d.t.c.a.a.c.u.util.UserUtilService   : Generate 2 students...
    23:48:27.297 | 447 ool-1-worker-211 | DEBUG | d.t.c.a.a.c.u.util.UserUtilService   : 2 students generated. Generate 1 tutors...
    23:48:27.300 | 447 ool-1-worker-211 | DEBUG | d.t.c.a.a.c.u.util.UserUtilService   : 1 tutors generated. Generate 0 editors...
    23:48:27.302 | 447 ool-1-worker-211 | DEBUG | d.t.c.a.a.c.u.util.UserUtilService   : 0 editors generated. Generate 1 instructors...
    23:48:27.304 | 447 ool-1-worker-211 | DEBUG | d.t.c.a.a.c.u.util.UserUtilService   : 1 instructors generated
    23:48:27.307 | 447 ool-1-worker-211 | DEBUG | d.t.c.a.a.c.u.util.UserUtilService   : Removing 5 users from all courses...
    23:48:27.307 | 447 ool-1-worker-211 | DEBUG | d.t.c.a.a.c.u.util.UserUtilService   : Removing 5 users from all courses. Done
    23:48:27.307 | 447 ool-1-worker-211 | DEBUG | d.t.c.a.a.c.u.util.UserUtilService   : Save 4 users to database...
    23:48:27.311 | 447 ool-1-worker-211 | DEBUG | d.t.c.a.a.c.u.util.UserUtilService   : Save 4 users to database. Done
    23:48:27.320 | 447 ool-1-worker-211 | INFO  | i.z.t.d.l.EmbeddedDatabaseReporter   : JDBC URL to connect to 'dataSource': url='jdbc:h2:tcp://localhost:41063/mem:df70fc46-7e57-4cb5-9cd0-c1d90c14afa7;USER=sa', scope='TextExerciseIntegrationTest#importTextExerciseFromExamToExam'
    23:48:27.328 | 447 ool-1-worker-211 | DEBUG | d.t.c.a.a.c.s.f.ApiVersionFilter     : Adding Version to Request POST /api/text-exercises/import/3928
    23:48:27.332 | 447 ool-1-worker-211 | DEBUG | .c.a.a.t.s.TextExerciseImportService : Creating a new Exercise based on exercise TextExercise{id=3928, exampleSolution='This is my example solution'}
    23:48:27.332 | 447 ool-1-worker-211 | DEBUG | .c.a.a.t.s.TextExerciseImportService : Copying the exercise basis from TextExercise{id=3928, exampleSolution='This is my example solution'}
    23:48:27.333 | 447 ool-1-worker-211 | DEBUG | .c.a.a.t.s.TextExerciseImportService : Copying the ExampleSubmissions to new Exercise: TextExercise{id=3929, exampleSolution='This is my example solution'}

  Starting logs for TextExerciseIntegrationTest > createTextExercise_setNeitherCourseAndExerciseGroup_badRequest()
    23:48:27.358 | 447 ool-1-worker-211 | DEBUG | d.t.c.a.a.c.u.util.UserUtilService   : Generate 2 students...
    23:48:27.362 | 447 ool-1-worker-211 | DEBUG | d.t.c.a.a.c.u.util.UserUtilService   : 2 students generated. Generate 1 tutors...
    23:48:27.365 | 447 ool-1-worker-211 | DEBUG | d.t.c.a.a.c.u.util.UserUtilService   : 1 tutors generated. Generate 0 editors...
    23:48:27.366 | 447 ool-1-worker-211 | DEBUG | d.t.c.a.a.c.u.util.UserUtilService   : 0 editors generated. Generate 1 instructors...
    23:48:27.369 | 447 ool-1-worker-211 | DEBUG | d.t.c.a.a.c.u.util.UserUtilService   : 1 instructors generated
    23:48:27.372 | 447 ool-1-worker-211 | DEBUG | d.t.c.a.a.c.u.util.UserUtilService   : Removing 5 users from all courses...
    23:48:27.373 | 447 ool-1-worker-211 | DEBUG | d.t.c.a.a.c.u.util.UserUtilService   : Removing 5 users from all courses. Done
    23:48:27.373 | 447 ool-1-worker-211 | DEBUG | d.t.c.a.a.c.u.util.UserUtilService   : Save 4 users to database...
    23:48:27.379 | 447 ool-1-worker-211 | DEBUG | d.t.c.a.a.c.u.util.UserUtilService   : Save 4 users to database. Done
    23:48:27.389 | 447 ool-1-worker-211 | INFO  | i.z.t.d.l.EmbeddedDatabaseReporter   : JDBC URL to connect to 'dataSource': url='jdbc:h2:tcp://localhost:41063/mem:df70fc46-7e57-4cb5-9cd0-c1d90c14afa7;USER=sa', scope='TextExerciseIntegrationTest#createTextExercise_setNeitherCourseAndExerciseGroup_badRequest'
    23:48:27.390 | 447 ool-1-worker-211 | DEBUG | d.t.c.a.a.c.s.f.ApiVersionFilter     : Adding Version to Request POST /api/text-exercises
    23:48:27.390 | 447 ool-1-worker-211 | DEBUG | d.t.c.a.a.t.web.TextExerciseResource : REST request to save TextExercise : TextExercise{id=null, exampleSolution='This is my example solution'}
    23:48:27.391 | 447 ool-1-worker-211 | ERROR | tech.jhipster.web.util.HeaderUtil    : Entity processing failed, An exercise must have either a course or an exerciseGroup
    23:48:27.391 | 447 ool-1-worker-211 | WARN  | o.z.p.spring.common.AdviceTraits     : Bad Request: An exercise must have either a course or an exerciseGroup

  Starting logs for TextExerciseIntegrationTest > testInstructorGetsOnlyResultsFromOwningCourses()
    23:48:27.405 | 447 ool-1-worker-211 | DEBUG | d.t.c.a.a.c.u.util.UserUtilService   : Generate 2 students...
    23:48:27.409 | 447 ool-1-worker-211 | DEBUG | d.t.c.a.a.c.u.util.UserUtilService   : 2 students generated. Generate 1 tutors...
    23:48:27.412 | 447 ool-1-worker-211 | DEBUG | d.t.c.a.a.c.u.util.UserUtilService   : 1 tutors generated. Generate 0 editors...
    23:48:27.413 | 447 ool-1-worker-211 | DEBUG | d.t.c.a.a.c.u.util.UserUtilService   : 0 editors generated. Generate 1 instructors...
    23:48:27.416 | 447 ool-1-worker-211 | DEBUG | d.t.c.a.a.c.u.util.UserUtilService   : 1 instructors generated
    23:48:27.418 | 447 ool-1-worker-211 | DEBUG | d.t.c.a.a.c.u.util.UserUtilService   : Removing 5 users from all courses...
    23:48:27.419 | 447 ool-1-worker-211 | DEBUG | d.t.c.a.a.c.u.util.UserUtilService   : Removing 5 users from all courses. Done
    23:48:27.419 | 447 ool-1-worker-211 | DEBUG | d.t.c.a.a.c.u.util.UserUtilService   : Save 4 users to database...
    23:48:27.423 | 447 ool-1-worker-211 | DEBUG | d.t.c.a.a.c.u.util.UserUtilService   : Save 4 users to database. Done
    23:48:27.433 | 447 ool-1-worker-211 | INFO  | i.z.t.d.l.EmbeddedDatabaseReporter   : JDBC URL to connect to 'dataSource': url='jdbc:h2:tcp://localhost:41063/mem:df70fc46-7e57-4cb5-9cd0-c1d90c14afa7;USER=sa', scope='TextExerciseIntegrationTest#testInstructorGetsOnlyResultsFromOwningCourses'
    23:48:27.434 | 447 ool-1-worker-211 | DEBUG | d.t.c.a.a.c.s.f.ApiVersionFilter     : Adding Version to Request GET /api/text-exercises

  Starting logs for TextExerciseIntegrationTest > testAdminGetsResultsFromAllCourses()
    23:48:27.458 | 447 ool-1-worker-211 | DEBUG | d.t.c.a.a.c.u.util.UserUtilService   : Generate 2 students...
    23:48:27.461 | 447 ool-1-worker-211 | DEBUG | d.t.c.a.a.c.u.util.UserUtilService   : 2 students generated. Generate 1 tutors...
    23:48:27.465 | 447 ool-1-worker-211 | DEBUG | d.t.c.a.a.c.u.util.UserUtilService   : 1 tutors generated. Generate 0 editors...
    23:48:27.466 | 447 ool-1-worker-211 | DEBUG | d.t.c.a.a.c.u.util.UserUtilService   : 0 editors generated. Generate 1 instructors...
    23:48:27.469 | 447 ool-1-worker-211 | DEBUG | d.t.c.a.a.c.u.util.UserUtilService   : 1 instructors generated
    23:48:27.471 | 447 ool-1-worker-211 | DEBUG | d.t.c.a.a.c.u.util.UserUtilService   : Removing 5 users from all courses...
    23:48:27.472 | 447 ool-1-worker-211 | DEBUG | d.t.c.a.a.c.u.util.UserUtilService   : Removing 5 users from all courses. Done
    23:48:27.472 | 447 ool-1-worker-211 | DEBUG | d.t.c.a.a.c.u.util.UserUtilService   : Save 4 users to database...
    23:48:27.477 | 447 ool-1-worker-211 | DEBUG | d.t.c.a.a.c.u.util.UserUtilService   : Save 4 users to database. Done
    23:48:27.487 | 447 ool-1-worker-211 | INFO  | i.z.t.d.l.EmbeddedDatabaseReporter   : JDBC URL to connect to 'dataSource': url='jdbc:h2:tcp://localhost:41063/mem:df70fc46-7e57-4cb5-9cd0-c1d90c14afa7;USER=sa', scope='TextExerciseIntegrationTest#testAdminGetsResultsFromAllCourses'
    23:48:27.496 | 447 ool-1-worker-211 | DEBUG | d.t.c.a.a.c.s.f.ApiVersionFilter     : Adding Version to Request GET /api/text-exercises

  Starting logs for TextExerciseIntegrationTest > getExamTextExerciseAsTutor_forbidden()
    23:48:27.524 | 447 ool-1-worker-211 | DEBUG | d.t.c.a.a.c.u.util.UserUtilService   : Generate 2 students...
    23:48:27.528 | 447 ool-1-worker-211 | DEBUG | d.t.c.a.a.c.u.util.UserUtilService   : 2 students generated. Generate 1 tutors...
    23:48:27.531 | 447 ool-1-worker-211 | DEBUG | d.t.c.a.a.c.u.util.UserUtilService   : 1 tutors generated. Generate 0 editors...
    23:48:27.532 | 447 ool-1-worker-211 | DEBUG | d.t.c.a.a.c.u.util.UserUtilService   : 0 editors generated. Generate 1 instructors...
    23:48:27.535 | 447 ool-1-worker-211 | DEBUG | d.t.c.a.a.c.u.util.UserUtilService   : 1 instructors generated
    23:48:27.538 | 447 ool-1-worker-211 | DEBUG | d.t.c.a.a.c.u.util.UserUtilService   : Removing 5 users from all courses...
    23:48:27.539 | 447 ool-1-worker-211 | DEBUG | d.t.c.a.a.c.u.util.UserUtilService   : Removing 5 users from all courses. Done
    23:48:27.539 | 447 ool-1-worker-211 | DEBUG | d.t.c.a.a.c.u.util.UserUtilService   : Save 4 users to database...
    23:48:27.542 | 447 ool-1-worker-211 | DEBUG | d.t.c.a.a.c.u.util.UserUtilService   : Save 4 users to database. Done
    23:48:27.551 | 447 ool-1-worker-211 | INFO  | i.z.t.d.l.EmbeddedDatabaseReporter   : JDBC URL to connect to 'dataSource': url='jdbc:h2:tcp://localhost:41063/mem:df70fc46-7e57-4cb5-9cd0-c1d90c14afa7;USER=sa', scope='TextExerciseIntegrationTest#getExamTextExerciseAsTutor_forbidden'
    23:48:27.556 | 447 ool-1-worker-211 | DEBUG | d.t.c.a.a.c.s.f.ApiVersionFilter     : Adding Version to Request GET /api/text-exercises/3936
    23:48:27.557 | 447 ool-1-worker-211 | DEBUG | d.t.c.a.a.t.web.TextExerciseResource : REST request to get TextExercise : 3936
    23:48:27.561 | 447 ool-1-worker-211 | WARN  | o.z.p.spring.common.AdviceTraits     : Forbidden: You are not allowed to access the Course with id 3146

  Starting logs for TextExerciseIntegrationTest > testGetTextExercise_asStudent_exampleSolutionVisibility()
    23:48:27.576 | 447 ool-1-worker-211 | DEBUG | d.t.c.a.a.c.u.util.UserUtilService   : Generate 2 students...
    23:48:27.581 | 447 ool-1-worker-211 | DEBUG | d.t.c.a.a.c.u.util.UserUtilService   : 2 students generated. Generate 1 tutors...
    23:48:27.583 | 447 ool-1-worker-211 | DEBUG | d.t.c.a.a.c.u.util.UserUtilService   : 1 tutors generated. Generate 0 editors...
    23:48:27.584 | 447 ool-1-worker-211 | DEBUG | d.t.c.a.a.c.u.util.UserUtilService   : 0 editors generated. Generate 1 instructors...
    23:48:27.587 | 447 ool-1-worker-211 | DEBUG | d.t.c.a.a.c.u.util.UserUtilService   : 1 instructors generated
    23:48:27.589 | 447 ool-1-worker-211 | DEBUG | d.t.c.a.a.c.u.util.UserUtilService   : Removing 5 users from all courses...
    23:48:27.590 | 447 ool-1-worker-211 | DEBUG | d.t.c.a.a.c.u.util.UserUtilService   : Removing 5 users from all courses. Done
    23:48:27.590 | 447 ool-1-worker-211 | DEBUG | d.t.c.a.a.c.u.util.UserUtilService   : Save 4 users to database...
    23:48:27.594 | 447 ool-1-worker-211 | DEBUG | d.t.c.a.a.c.u.util.UserUtilService   : Save 4 users to database. Done
    23:48:27.604 | 447 ool-1-worker-211 | INFO  | i.z.t.d.l.EmbeddedDatabaseReporter   : JDBC URL to connect to 'dataSource': url='jdbc:h2:tcp://localhost:41063/mem:df70fc46-7e57-4cb5-9cd0-c1d90c14afa7;USER=sa', scope='TextExerciseIntegrationTest#testGetTextExercise_asStudent_exampleSolutionVisibility'
    23:48:27.610 | 447 ool-1-worker-211 | DEBUG | d.t.c.a.a.c.s.f.ApiVersionFilter     : Adding Version to Request GET /api/courses/3147/for-dashboard
    23:48:27.610 | 447 ool-1-worker-211 | DEBUG | d.t.c.a.a.core.web.CourseResource    : REST request to get one course 3147 with exams, lectures, exercises, participations, submissions and results, etc.
    23:48:27.614 | 447 ool-1-worker-211 | DEBUG | d.t.c.a.a.core.web.CourseResource    : courseService.findOneWithExercisesAndLecturesAndExamsAndCompetenciesAndTutorialGroupsForUser done
    23:48:27.616 | 447 ool-1-worker-211 | DEBUG | d.t.c.a.a.core.web.CourseResource    : courseService.fetchParticipationsWithSubmissionsAndResultsForCourses done in getCourseForDashboard
    23:48:27.616 | 447 ool-1-worker-211 | DEBUG | d.t.c.a.a.core.web.CourseResource    : courseService.fetchPlagiarismCasesForCourseExercises done in getCourseForDashboard
    23:48:27.617 | 447 ool-1-worker-211 | DEBUG | d.t.c.a.a.core.web.CourseResource    : gradingScaleRepository.findByCourseId done in getCourseForDashboard
    23:48:27.618 | 447 ool-1-worker-211 | INFO  | d.t.c.a.a.core.web.CourseResource    : courses/3147/for-dashboard (single course) finished in 7.56ms for 1 courses with 1 individual exercise(s) and 0 team exercise(s) for user textexerciseintegrationstudent1
    23:48:27.623 | 447 ool-1-worker-211 | DEBUG | d.t.c.a.a.c.s.f.ApiVersionFilter     : Adding Version to Request GET /api/courses/3147/for-dashboard
    23:48:27.623 | 447 ool-1-worker-211 | DEBUG | d.t.c.a.a.core.web.CourseResource    : REST request to get one course 3147 with exams, lectures, exercises, participations, submissions and results, etc.
    23:48:27.628 | 447 ool-1-worker-211 | DEBUG | d.t.c.a.a.core.web.CourseResource    : courseService.findOneWithExercisesAndLecturesAndExamsAndCompetenciesAndTutorialGroupsForUser done
    23:48:27.629 | 447 ool-1-worker-211 | DEBUG | d.t.c.a.a.core.web.CourseResource    : courseService.fetchParticipationsWithSubmissionsAndResultsForCourses done in getCourseForDashboard
    23:48:27.629 | 447 ool-1-worker-211 | DEBUG | d.t.c.a.a.core.web.CourseResource    : courseService.fetchPlagiarismCasesForCourseExercises done in getCourseForDashboard
    23:48:27.630 | 447 ool-1-worker-211 | DEBUG | d.t.c.a.a.core.web.CourseResource    : gradingScaleRepository.findByCourseId done in getCourseForDashboard
    23:48:27.630 | 447 ool-1-worker-211 | INFO  | d.t.c.a.a.core.web.CourseResource    : courses/3147/for-dashboard (single course) finished in 6.55ms for 1 courses with 1 individual exercise(s) and 0 team exercise(s) for user textexerciseintegrationstudent1
    23:48:27.634 | 447 ool-1-worker-211 | DEBUG | d.t.c.a.a.c.s.f.ApiVersionFilter     : Adding Version to Request GET /api/courses/3147/for-dashboard
    23:48:27.635 | 447 ool-1-worker-211 | DEBUG | d.t.c.a.a.core.web.CourseResource    : REST request to get one course 3147 with exams, lectures, exercises, participations, submissions and results, etc.
    23:48:27.640 | 447 ool-1-worker-211 | DEBUG | d.t.c.a.a.core.web.CourseResource    : courseService.findOneWithExercisesAndLecturesAndExamsAndCompetenciesAndTutorialGroupsForUser done
    23:48:27.642 | 447 ool-1-worker-211 | DEBUG | d.t.c.a.a.core.web.CourseResource    : courseService.fetchParticipationsWithSubmissionsAndResultsForCourses done in getCourseForDashboard
    23:48:27.642 | 447 ool-1-worker-211 | DEBUG | d.t.c.a.a.core.web.CourseResource    : courseService.fetchPlagiarismCasesForCourseExercises done in getCourseForDashboard
    23:48:27.643 | 447 ool-1-worker-211 | DEBUG | d.t.c.a.a.core.web.CourseResource    : gradingScaleRepository.findByCourseId done in getCourseForDashboard
    23:48:27.643 | 447 ool-1-worker-211 | INFO  | d.t.c.a.a.core.web.CourseResource    : courses/3147/for-dashboard (single course) finished in 7.74ms for 1 courses with 1 individual exercise(s) and 0 team exercise(s) for user textexerciseintegrationstudent1

  Starting logs for TextExerciseIntegrationTest > createTextExercise_setAssessmentDueDateWithoutExerciseDueDate_badRequest()
    23:48:27.659 | 447 ool-1-worker-211 | DEBUG | d.t.c.a.a.c.u.util.UserUtilService   : Generate 2 students...
    23:48:27.664 | 447 ool-1-worker-211 | DEBUG | d.t.c.a.a.c.u.util.UserUtilService   : 2 students generated. Generate 1 tutors...
    23:48:27.666 | 447 ool-1-worker-211 | DEBUG | d.t.c.a.a.c.u.util.UserUtilService   : 1 tutors generated. Generate 0 editors...
    23:48:27.668 | 447 ool-1-worker-211 | DEBUG | d.t.c.a.a.c.u.util.UserUtilService   : 0 editors generated. Generate 1 instructors...
    23:48:27.670 | 447 ool-1-worker-211 | DEBUG | d.t.c.a.a.c.u.util.UserUtilService   : 1 instructors generated
    23:48:27.673 | 447 ool-1-worker-211 | DEBUG | d.t.c.a.a.c.u.util.UserUtilService   : Removing 5 users from all courses...
    23:48:27.674 | 447 ool-1-worker-211 | DEBUG | d.t.c.a.a.c.u.util.UserUtilService   : Removing 5 users from all courses. Done
    23:48:27.674 | 447 ool-1-worker-211 | DEBUG | d.t.c.a.a.c.u.util.UserUtilService   : Save 4 users to database...
    23:48:27.677 | 447 ool-1-worker-211 | DEBUG | d.t.c.a.a.c.u.util.UserUtilService   : Save 4 users to database. Done
    23:48:27.687 | 447 ool-1-worker-211 | INFO  | i.z.t.d.l.EmbeddedDatabaseReporter   : JDBC URL to connect to 'dataSource': url='jdbc:h2:tcp://localhost:41063/mem:df70fc46-7e57-4cb5-9cd0-c1d90c14afa7;USER=sa', scope='TextExerciseIntegrationTest#createTextExercise_setAssessmentDueDateWithoutExerciseDueDate_badRequest'
    23:48:27.687 | 447 ool-1-worker-211 | DEBUG | d.t.c.a.a.c.s.f.ApiVersionFilter     : Adding Version to Request POST /api/text-exercises
    23:48:27.688 | 447 ool-1-worker-211 | DEBUG | d.t.c.a.a.t.web.TextExerciseResource : REST request to save TextExercise : TextExercise{id=null, exampleSolution='This is my example solution'}
    23:48:27.689 | 447 ool-1-worker-211 | ERROR | tech.jhipster.web.util.HeaderUtil    : Entity processing failed, The exercise dates are not valid
    23:48:27.689 | 447 ool-1-worker-211 | WARN  | o.z.p.spring.common.AdviceTraits     : Bad Request: The exercise dates are not valid

  Starting logs for TextExerciseIntegrationTest > updateTextExerciseForExam_invalidExercise_dates(InvalidExamExerciseDateConfiguration) [1] invalidDates=InvalidExamExerciseDateConfiguration[releaseDate=2025-02-15T00:48:27.697580035Z[Etc/UTC], dueDate=2025-02-15T01:48:27.697580035Z[Etc/UTC], assessmentDueDate=2025-02-15T02:48:27.697580035Z[Etc/UTC], exampleSolutionPublicationDate=null]
    23:48:27.704 | 447 ool-1-worker-211 | DEBUG | d.t.c.a.a.c.u.util.UserUtilService   : Generate 2 students...
    23:48:27.709 | 447 ool-1-worker-211 | DEBUG | d.t.c.a.a.c.u.util.UserUtilService   : 2 students generated. Generate 1 tutors...
    23:48:27.711 | 447 ool-1-worker-211 | DEBUG | d.t.c.a.a.c.u.util.UserUtilService   : 1 tutors generated. Generate 0 editors...
    23:48:27.713 | 447 ool-1-worker-211 | DEBUG | d.t.c.a.a.c.u.util.UserUtilService   : 0 editors generated. Generate 1 instructors...
    23:48:27.715 | 447 ool-1-worker-211 | DEBUG | d.t.c.a.a.c.u.util.UserUtilService   : 1 instructors generated
    23:48:27.718 | 447 ool-1-worker-211 | DEBUG | d.t.c.a.a.c.u.util.UserUtilService   : Removing 5 users from all courses...
    23:48:27.719 | 447 ool-1-worker-211 | DEBUG | d.t.c.a.a.c.u.util.UserUtilService   : Removing 5 users from all courses. Done
    23:48:27.719 | 447 ool-1-worker-211 | DEBUG | d.t.c.a.a.c.u.util.UserUtilService   : Save 4 users to database...
    23:48:27.722 | 447 ool-1-worker-211 | DEBUG | d.t.c.a.a.c.u.util.UserUtilService   : Save 4 users to database. Done
    23:48:27.732 | 447 ool-1-worker-211 | INFO  | i.z.t.d.l.EmbeddedDatabaseReporter   : JDBC URL to connect to 'dataSource': url='jdbc:h2:tcp://localhost:41063/mem:df70fc46-7e57-4cb5-9cd0-c1d90c14afa7;USER=sa', scope='TextExerciseIntegrationTest#updateTextExerciseForExam_invalidExercise_dates'
    23:48:27.737 | 447 ool-1-worker-211 | DEBUG | d.t.c.a.a.c.s.f.ApiVersionFilter     : Adding Version to Request PUT /api/text-exercises
    23:48:27.738 | 447 ool-1-worker-211 | DEBUG | d.t.c.a.a.t.web.TextExerciseResource : REST request to update TextExercise : TextExercise{id=3940, exampleSolution='This is my example solution'}
    23:48:27.738 | 447 ool-1-worker-211 | ERROR | tech.jhipster.web.util.HeaderUtil    : Entity processing failed, An exam exercise may not have any dates set!
    23:48:27.738 | 447 ool-1-worker-211 | WARN  | o.z.p.spring.common.AdviceTraits     : Bad Request: An exam exercise may not have any dates set!

  Starting logs for TextExerciseIntegrationTest > updateTextExerciseForExam_invalidExercise_dates(InvalidExamExerciseDateConfiguration) [2] invalidDates=InvalidExamExerciseDateConfiguration[releaseDate=2025-02-15T00:48:27.697580035Z[Etc/UTC], dueDate=null, assessmentDueDate=null, exampleSolutionPublicationDate=null]
    23:48:27.753 | 447 ool-1-worker-211 | DEBUG | d.t.c.a.a.c.u.util.UserUtilService   : Generate 2 students...
    23:48:27.758 | 447 ool-1-worker-211 | DEBUG | d.t.c.a.a.c.u.util.UserUtilService   : 2 students generated. Generate 1 tutors...
    23:48:27.761 | 447 ool-1-worker-211 | DEBUG | d.t.c.a.a.c.u.util.UserUtilService   : 1 tutors generated. Generate 0 editors...
    23:48:27.762 | 447 ool-1-worker-211 | DEBUG | d.t.c.a.a.c.u.util.UserUtilService   : 0 editors generated. Generate 1 instructors...
    23:48:27.765 | 447 ool-1-worker-211 | DEBUG | d.t.c.a.a.c.u.util.UserUtilService   : 1 instructors generated
    23:48:27.767 | 447 ool-1-worker-211 | DEBUG | d.t.c.a.a.c.u.util.UserUtilService   : Removing 5 users from all courses...
    23:48:27.768 | 447 ool-1-worker-211 | DEBUG | d.t.c.a.a.c.u.util.UserUtilService   : Removing 5 users from all courses. Done
    23:48:27.768 | 447 ool-1-worker-211 | DEBUG | d.t.c.a.a.c.u.util.UserUtilService   : Save 4 users to database...
    23:48:27.772 | 447 ool-1-worker-211 | DEBUG | d.t.c.a.a.c.u.util.UserUtilService   : Save 4 users to database. Done
    23:48:27.782 | 447 ool-1-worker-211 | INFO  | i.z.t.d.l.EmbeddedDatabaseReporter   : JDBC URL to connect to 'dataSource': url='jdbc:h2:tcp://localhost:41063/mem:df70fc46-7e57-4cb5-9cd0-c1d90c14afa7;USER=sa', scope='TextExerciseIntegrationTest#updateTextExerciseForExam_invalidExercise_dates'
    23:48:27.786 | 447 ool-1-worker-211 | DEBUG | d.t.c.a.a.c.s.f.ApiVersionFilter     : Adding Version to Request PUT /api/text-exercises
    23:48:27.787 | 447 ool-1-worker-211 | DEBUG | d.t.c.a.a.t.web.TextExerciseResource : REST request to update TextExercise : TextExercise{id=3942, exampleSolution='This is my example solution'}
    23:48:27.787 | 447 ool-1-worker-211 | ERROR | tech.jhipster.web.util.HeaderUtil    : Entity processing failed, An exam exercise may not have any dates set!
    23:48:27.787 | 447 ool-1-worker-211 | WARN  | o.z.p.spring.common.AdviceTraits     : Bad Request: An exam exercise may not have any dates set!

  Starting logs for TextExerciseIntegrationTest > updateTextExerciseForExam_invalidExercise_dates(InvalidExamExerciseDateConfiguration) [3] invalidDates=InvalidExamExerciseDateConfiguration[releaseDate=null, dueDate=2025-02-15T01:48:27.697580035Z[Etc/UTC], assessmentDueDate=null, exampleSolutionPublicationDate=null]
    23:48:27.802 | 447 ool-1-worker-211 | DEBUG | d.t.c.a.a.c.u.util.UserUtilService   : Generate 2 students...
    23:48:27.807 | 447 ool-1-worker-211 | DEBUG | d.t.c.a.a.c.u.util.UserUtilService   : 2 students generated. Generate 1 tutors...
    23:48:27.809 | 447 ool-1-worker-211 | DEBUG | d.t.c.a.a.c.u.util.UserUtilService   : 1 tutors generated. Generate 0 editors...
    23:48:27.811 | 447 ool-1-worker-211 | DEBUG | d.t.c.a.a.c.u.util.UserUtilService   : 0 editors generated. Generate 1 instructors...
    23:48:27.814 | 447 ool-1-worker-211 | DEBUG | d.t.c.a.a.c.u.util.UserUtilService   : 1 instructors generated
    23:48:27.816 | 447 ool-1-worker-211 | DEBUG | d.t.c.a.a.c.u.util.UserUtilService   : Removing 5 users from all courses...
    23:48:27.817 | 447 ool-1-worker-211 | DEBUG | d.t.c.a.a.c.u.util.UserUtilService   : Removing 5 users from all courses. Done
    23:48:27.817 | 447 ool-1-worker-211 | DEBUG | d.t.c.a.a.c.u.util.UserUtilService   : Save 4 users to database...
    23:48:27.821 | 447 ool-1-worker-211 | DEBUG | d.t.c.a.a.c.u.util.UserUtilService   : Save 4 users to database. Done
    23:48:27.831 | 447 ool-1-worker-211 | INFO  | i.z.t.d.l.EmbeddedDatabaseReporter   : JDBC URL to connect to 'dataSource': url='jdbc:h2:tcp://localhost:41063/mem:df70fc46-7e57-4cb5-9cd0-c1d90c14afa7;USER=sa', scope='TextExerciseIntegrationTest#updateTextExerciseForExam_invalidExercise_dates'
    23:48:27.836 | 447 ool-1-worker-211 | DEBUG | d.t.c.a.a.c.s.f.ApiVersionFilter     : Adding Version to Request PUT /api/text-exercises
    23:48:27.837 | 447 ool-1-worker-211 | DEBUG | d.t.c.a.a.t.web.TextExerciseResource : REST request to update TextExercise : TextExercise{id=3944, exampleSolution='This is my example solution'}
    23:48:27.837 | 447 ool-1-worker-211 | ERROR | tech.jhipster.web.util.HeaderUtil    : Entity processing failed, An exam exercise may not have any dates set!
    23:48:27.837 | 447 ool-1-worker-211 | WARN  | o.z.p.spring.common.AdviceTraits     : Bad Request: An exam exercise may not have any dates set!

  Starting logs for TextExerciseIntegrationTest > updateTextExerciseForExam_invalidExercise_dates(InvalidExamExerciseDateConfiguration) [4] invalidDates=InvalidExamExerciseDateConfiguration[releaseDate=null, dueDate=null, assessmentDueDate=2025-02-15T02:48:27.697580035Z[Etc/UTC], exampleSolutionPublicationDate=null]
    23:48:27.853 | 447 ool-1-worker-211 | DEBUG | d.t.c.a.a.c.u.util.UserUtilService   : Generate 2 students...
    23:48:27.857 | 447 ool-1-worker-211 | DEBUG | d.t.c.a.a.c.u.util.UserUtilService   : 2 students generated. Generate 1 tutors...
    23:48:27.860 | 447 ool-1-worker-211 | DEBUG | d.t.c.a.a.c.u.util.UserUtilService   : 1 tutors generated. Generate 0 editors...
    23:48:27.862 | 447 ool-1-worker-211 | DEBUG | d.t.c.a.a.c.u.util.UserUtilService   : 0 editors generated. Generate 1 instructors...
    23:48:27.864 | 447 ool-1-worker-211 | DEBUG | d.t.c.a.a.c.u.util.UserUtilService   : 1 instructors generated
    23:48:27.867 | 447 ool-1-worker-211 | DEBUG | d.t.c.a.a.c.u.util.UserUtilService   : Removing 5 users from all courses...
    23:48:27.868 | 447 ool-1-worker-211 | DEBUG | d.t.c.a.a.c.u.util.UserUtilService   : Removing 5 users from all courses. Done
    23:48:27.868 | 447 ool-1-worker-211 | DEBUG | d.t.c.a.a.c.u.util.UserUtilService   : Save 4 users to database...
    23:48:27.871 | 447 ool-1-worker-211 | DEBUG | d.t.c.a.a.c.u.util.UserUtilService   : Save 4 users to database. Done
    23:48:27.881 | 447 ool-1-worker-211 | INFO  | i.z.t.d.l.EmbeddedDatabaseReporter   : JDBC URL to connect to 'dataSource': url='jdbc:h2:tcp://localhost:41063/mem:df70fc46-7e57-4cb5-9cd0-c1d90c14afa7;USER=sa', scope='TextExerciseIntegrationTest#updateTextExerciseForExam_invalidExercise_dates'
    23:48:27.885 | 447 ool-1-worker-211 | DEBUG | d.t.c.a.a.c.s.f.ApiVersionFilter     : Adding Version to Request PUT /api/text-exercises
    23:48:27.886 | 447 ool-1-worker-211 | DEBUG | d.t.c.a.a.t.web.TextExerciseResource : REST request to update TextExercise : TextExercise{id=3946, exampleSolution='This is my example solution'}
    23:48:27.886 | 447 ool-1-worker-211 | ERROR | tech.jhipster.web.util.HeaderUtil    : Entity processing failed, An exam exercise may not have any dates set!
    23:48:27.886 | 447 ool-1-worker-211 | WARN  | o.z.p.spring.common.AdviceTraits     : Bad Request: An exam exercise may not have any dates set!

  Starting logs for TextExerciseIntegrationTest > updateTextExerciseForExam_invalidExercise_dates(InvalidExamExerciseDateConfiguration) [5] invalidDates=InvalidExamExerciseDateConfiguration[releaseDate=null, dueDate=null, assessmentDueDate=null, exampleSolutionPublicationDate=2025-02-14T23:48:27.697581347Z[Etc/UTC]]
    23:48:27.901 | 447 ool-1-worker-211 | DEBUG | d.t.c.a.a.c.u.util.UserUtilService   : Generate 2 students...
    23:48:27.905 | 447 ool-1-worker-211 | DEBUG | d.t.c.a.a.c.u.util.UserUtilService   : 2 students generated. Generate 1 tutors...
    23:48:27.908 | 447 ool-1-worker-211 | DEBUG | d.t.c.a.a.c.u.util.UserUtilService   : 1 tutors generated. Generate 0 editors...
    23:48:27.909 | 447 ool-1-worker-211 | DEBUG | d.t.c.a.a.c.u.util.UserUtilService   : 0 editors generated. Generate 1 instructors...
    23:48:27.912 | 447 ool-1-worker-211 | DEBUG | d.t.c.a.a.c.u.util.UserUtilService   : 1 instructors generated
    23:48:27.915 | 447 ool-1-worker-211 | DEBUG | d.t.c.a.a.c.u.util.UserUtilService   : Removing 5 users from all courses...
    23:48:27.916 | 447 ool-1-worker-211 | DEBUG | d.t.c.a.a.c.u.util.UserUtilService   : Removing 5 users from all courses. Done
    23:48:27.916 | 447 ool-1-worker-211 | DEBUG | d.t.c.a.a.c.u.util.UserUtilService   : Save 4 users to database...
    23:48:27.919 | 447 ool-1-worker-211 | DEBUG | d.t.c.a.a.c.u.util.UserUtilService   : Save 4 users to database. Done
    23:48:27.928 | 447 ool-1-worker-211 | INFO  | i.z.t.d.l.EmbeddedDatabaseReporter   : JDBC URL to connect to 'dataSource': url='jdbc:h2:tcp://localhost:41063/mem:df70fc46-7e57-4cb5-9cd0-c1d90c14afa7;USER=sa', scope='TextExerciseIntegrationTest#updateTextExerciseForExam_invalidExercise_dates'
    23:48:27.933 | 447 ool-1-worker-211 | DEBUG | d.t.c.a.a.c.s.f.ApiVersionFilter     : Adding Version to Request PUT /api/text-exercises
    23:48:27.934 | 447 ool-1-worker-211 | DEBUG | d.t.c.a.a.t.web.TextExerciseResource : REST request to update TextExercise : TextExercise{id=3948, exampleSolution='This is my example solution'}
    23:48:27.934 | 447 ool-1-worker-211 | ERROR | tech.jhipster.web.util.HeaderUtil    : Entity processing failed, An exam exercise may not have any dates set!
    23:48:27.934 | 447 ool-1-worker-211 | WARN  | o.z.p.spring.common.AdviceTraits     : Bad Request: An exam exercise may not have any dates set!

  Starting logs for TextExerciseIntegrationTest > getTextExerciseAsTutor()
    23:48:27.949 | 447 ool-1-worker-211 | DEBUG | d.t.c.a.a.c.u.util.UserUtilService   : Generate 2 students...
    23:48:27.953 | 447 ool-1-worker-211 | DEBUG | d.t.c.a.a.c.u.util.UserUtilService   : 2 students generated. Generate 1 tutors...
    23:48:27.956 | 447 ool-1-worker-211 | DEBUG | d.t.c.a.a.c.u.util.UserUtilService   : 1 tutors generated. Generate 0 editors...
    23:48:27.958 | 447 ool-1-worker-211 | DEBUG | d.t.c.a.a.c.u.util.UserUtilService   : 0 editors generated. Generate 1 instructors...
    23:48:27.960 | 447 ool-1-worker-211 | DEBUG | d.t.c.a.a.c.u.util.UserUtilService   : 1 instructors generated
    23:48:27.963 | 447 ool-1-worker-211 | DEBUG | d.t.c.a.a.c.u.util.UserUtilService   : Removing 5 users from all courses...
    23:48:27.964 | 447 ool-1-worker-211 | DEBUG | d.t.c.a.a.c.u.util.UserUtilService   : Removing 5 users from all courses. Done
    23:48:27.964 | 447 ool-1-worker-211 | DEBUG | d.t.c.a.a.c.u.util.UserUtilService   : Save 4 users to database...
    23:48:27.967 | 447 ool-1-worker-211 | DEBUG | d.t.c.a.a.c.u.util.UserUtilService   : Save 4 users to database. Done
    23:48:27.978 | 447 ool-1-worker-211 | INFO  | i.z.t.d.l.EmbeddedDatabaseReporter   : JDBC URL to connect to 'dataSource': url='jdbc:h2:tcp://localhost:41063/mem:df70fc46-7e57-4cb5-9cd0-c1d90c14afa7;USER=sa', scope='TextExerciseIntegrationTest#getTextExerciseAsTutor'
    23:48:27.981 | 447 ool-1-worker-211 | DEBUG | d.t.c.a.a.c.s.f.ApiVersionFilter     : Adding Version to Request GET /api/text-exercises/3949
    23:48:27.982 | 447 ool-1-worker-211 | DEBUG | d.t.c.a.a.t.web.TextExerciseResource : REST request to get TextExercise : 3949

  Starting logs for TextExerciseIntegrationTest > testGetPlagiarismResult()
    23:48:28.002 | 447 ool-1-worker-211 | DEBUG | d.t.c.a.a.c.u.util.UserUtilService   : Generate 2 students...
    23:48:28.007 | 447 ool-1-worker-211 | DEBUG | d.t.c.a.a.c.u.util.UserUtilService   : 2 students generated. Generate 1 tutors...
    23:48:28.010 | 447 ool-1-worker-211 | DEBUG | d.t.c.a.a.c.u.util.UserUtilService   : 1 tutors generated. Generate 0 editors...
    23:48:28.011 | 447 ool-1-worker-211 | DEBUG | d.t.c.a.a.c.u.util.UserUtilService   : 0 editors generated. Generate 1 instructors...
    23:48:28.014 | 447 ool-1-worker-211 | DEBUG | d.t.c.a.a.c.u.util.UserUtilService   : 1 instructors generated
    23:48:28.017 | 447 ool-1-worker-211 | DEBUG | d.t.c.a.a.c.u.util.UserUtilService   : Removing 5 users from all courses...
    23:48:28.018 | 447 ool-1-worker-211 | DEBUG | d.t.c.a.a.c.u.util.UserUtilService   : Removing 5 users from all courses. Done
    23:48:28.018 | 447 ool-1-worker-211 | DEBUG | d.t.c.a.a.c.u.util.UserUtilService   : Save 4 users to database...
    23:48:28.022 | 447 ool-1-worker-211 | DEBUG | d.t.c.a.a.c.u.util.UserUtilService   : Save 4 users to database. Done
    23:48:28.035 | 447 ool-1-worker-211 | INFO  | i.z.t.d.l.EmbeddedDatabaseReporter   : JDBC URL to connect to 'dataSource': url='jdbc:h2:tcp://localhost:41063/mem:df70fc46-7e57-4cb5-9cd0-c1d90c14afa7;USER=sa', scope='TextExerciseIntegrationTest#testGetPlagiarismResult'
    23:48:28.040 | 447 ool-1-worker-211 | DEBUG | d.t.c.a.a.c.s.f.ApiVersionFilter     : Adding Version to Request GET /api/text-exercises/3950/plagiarism-result
    23:48:28.040 | 447 ool-1-worker-211 | DEBUG | d.t.c.a.a.t.web.TextExerciseResource : REST request to get the latest plagiarism result for the text exercise with id: 3950

  Starting logs for TextExerciseIntegrationTest > testReEvaluateAndUpdateTextExerciseWithExampleSubmission()
    23:48:28.065 | 447 ool-1-worker-211 | DEBUG | d.t.c.a.a.c.u.util.UserUtilService   : Generate 2 students...
    23:48:28.069 | 447 ool-1-worker-211 | DEBUG | d.t.c.a.a.c.u.util.UserUtilService   : 2 students generated. Generate 1 tutors...
    23:48:28.072 | 447 ool-1-worker-211 | DEBUG | d.t.c.a.a.c.u.util.UserUtilService   : 1 tutors generated. Generate 0 editors...
    23:48:28.073 | 447 ool-1-worker-211 | DEBUG | d.t.c.a.a.c.u.util.UserUtilService   : 0 editors generated. Generate 1 instructors...
    23:48:28.077 | 447 ool-1-worker-211 | DEBUG | d.t.c.a.a.c.u.util.UserUtilService   : 1 instructors generated
    23:48:28.079 | 447 ool-1-worker-211 | DEBUG | d.t.c.a.a.c.u.util.UserUtilService   : Removing 5 users from all courses...
    23:48:28.080 | 447 ool-1-worker-211 | DEBUG | d.t.c.a.a.c.u.util.UserUtilService   : Removing 5 users from all courses. Done
    23:48:28.080 | 447 ool-1-worker-211 | DEBUG | d.t.c.a.a.c.u.util.UserUtilService   : Save 4 users to database...
    23:48:28.084 | 447 ool-1-worker-211 | DEBUG | d.t.c.a.a.c.u.util.UserUtilService   : Save 4 users to database. Done
    23:48:28.096 | 447 ool-1-worker-211 | INFO  | i.z.t.d.l.EmbeddedDatabaseReporter   : JDBC URL to connect to 'dataSource': url='jdbc:h2:tcp://localhost:41063/mem:df70fc46-7e57-4cb5-9cd0-c1d90c14afa7;USER=sa', scope='TextExerciseIntegrationTest#testReEvaluateAndUpdateTextExerciseWithExampleSubmission'
    23:48:28.136 | 447 ool-1-worker-211 | DEBUG | d.t.c.a.a.c.s.f.ApiVersionFilter     : Adding Version to Request PUT /api/text-exercises/3951/re-evaluate
    23:48:28.138 | 447 ool-1-worker-211 | DEBUG | d.t.c.a.a.t.web.TextExerciseResource : REST request to re-evaluate TextExercise : TextExercise{id=3951, exampleSolution='This is my example solution'}
    23:48:28.156 | 447 ool-1-worker-211 | DEBUG | d.t.c.a.a.t.web.TextExerciseResource : REST request to update TextExercise : TextExercise{id=3951, exampleSolution='This is my example solution'}
    23:48:28.166 | 447 ool-1-worker-211 | INFO  | d.t.c.a.a.e.service.ExerciseService  : User textexerciseintegrationinstructor1 has updated TextExercise Text with id 3951
    23:48:28.166 | 447 ool-1-worker-211 | INFO  | .c.s.m.InstanceMessageReceiveService : Received schedule update for potential Athena exercise 3951

  Starting logs for TextExerciseIntegrationTest > updateTextExercise_NotIncludedInvalidBonusPoints()
    23:48:28.186 | 447 ool-1-worker-211 | DEBUG | d.t.c.a.a.c.u.util.UserUtilService   : Generate 2 students...
    23:48:28.190 | 447 ool-1-worker-211 | DEBUG | d.t.c.a.a.c.u.util.UserUtilService   : 2 students generated. Generate 1 tutors...
    23:48:28.193 | 447 ool-1-worker-211 | DEBUG | d.t.c.a.a.c.u.util.UserUtilService   : 1 tutors generated. Generate 0 editors...
    23:48:28.194 | 447 ool-1-worker-211 | DEBUG | d.t.c.a.a.c.u.util.UserUtilService   : 0 editors generated. Generate 1 instructors...
    23:48:28.197 | 447 ool-1-worker-211 | DEBUG | d.t.c.a.a.c.u.util.UserUtilService   : 1 instructors generated
    23:48:28.199 | 447 ool-1-worker-211 | DEBUG | d.t.c.a.a.c.u.util.UserUtilService   : Removing 5 users from all courses...
    23:48:28.200 | 447 ool-1-worker-211 | DEBUG | d.t.c.a.a.c.u.util.UserUtilService   : Removing 5 users from all courses. Done
    23:48:28.200 | 447 ool-1-worker-211 | DEBUG | d.t.c.a.a.c.u.util.UserUtilService   : Save 4 users to database...
    23:48:28.204 | 447 ool-1-worker-211 | DEBUG | d.t.c.a.a.c.u.util.UserUtilService   : Save 4 users to database. Done
    23:48:28.213 | 447 ool-1-worker-211 | INFO  | i.z.t.d.l.EmbeddedDatabaseReporter   : JDBC URL to connect to 'dataSource': url='jdbc:h2:tcp://localhost:41063/mem:df70fc46-7e57-4cb5-9cd0-c1d90c14afa7;USER=sa', scope='TextExerciseIntegrationTest#updateTextExercise_NotIncludedInvalidBonusPoints'
    23:48:28.214 | 447 ool-1-worker-211 | DEBUG | d.t.c.a.a.c.s.f.ApiVersionFilter     : Adding Version to Request PUT /api/text-exercises
    23:48:28.215 | 447 ool-1-worker-211 | DEBUG | d.t.c.a.a.t.web.TextExerciseResource : REST request to update TextExercise : TextExercise{id=3952, exampleSolution='This is my example solution'}
    23:48:28.215 | 447 ool-1-worker-211 | ERROR | tech.jhipster.web.util.HeaderUtil    : Entity processing failed, The provided bonus points are not allowed
    23:48:28.215 | 447 ool-1-worker-211 | WARN  | o.z.p.spring.common.AdviceTraits     : Bad Request: The provided bonus points are not allowed

  Starting logs for TextExerciseIntegrationTest > createTextExercise_setInvalidExampleSolutionPublicationDate_badRequest()
    23:48:28.230 | 447 ool-1-worker-211 | DEBUG | d.t.c.a.a.c.u.util.UserUtilService   : Generate 2 students...
    23:48:28.234 | 447 ool-1-worker-211 | DEBUG | d.t.c.a.a.c.u.util.UserUtilService   : 2 students generated. Generate 1 tutors...
    23:48:28.237 | 447 ool-1-worker-211 | DEBUG | d.t.c.a.a.c.u.util.UserUtilService   : 1 tutors generated. Generate 0 editors...
    23:48:28.238 | 447 ool-1-worker-211 | DEBUG | d.t.c.a.a.c.u.util.UserUtilService   : 0 editors generated. Generate 1 instructors...
    23:48:28.241 | 447 ool-1-worker-211 | DEBUG | d.t.c.a.a.c.u.util.UserUtilService   : 1 instructors generated
    23:48:28.243 | 447 ool-1-worker-211 | DEBUG | d.t.c.a.a.c.u.util.UserUtilService   : Removing 5 users from all courses...
    23:48:28.244 | 447 ool-1-worker-211 | DEBUG | d.t.c.a.a.c.u.util.UserUtilService   : Removing 5 users from all courses. Done
    23:48:28.244 | 447 ool-1-worker-211 | DEBUG | d.t.c.a.a.c.u.util.UserUtilService   : Save 4 users to database...
    23:48:28.248 | 447 ool-1-worker-211 | DEBUG | d.t.c.a.a.c.u.util.UserUtilService   : Save 4 users to database. Done
    23:48:28.258 | 447 ool-1-worker-211 | INFO  | i.z.t.d.l.EmbeddedDatabaseReporter   : JDBC URL to connect to 'dataSource': url='jdbc:h2:tcp://localhost:41063/mem:df70fc46-7e57-4cb5-9cd0-c1d90c14afa7;USER=sa', scope='TextExerciseIntegrationTest#createTextExercise_setInvalidExampleSolutionPublicationDate_badRequest'
    23:48:28.259 | 447 ool-1-worker-211 | DEBUG | d.t.c.a.a.c.s.f.ApiVersionFilter     : Adding Version to Request POST /api/text-exercises
    23:48:28.260 | 447 ool-1-worker-211 | DEBUG | d.t.c.a.a.t.web.TextExerciseResource : REST request to save TextExercise : TextExercise{id=null, exampleSolution='This is my example solution'}
    23:48:28.260 | 447 ool-1-worker-211 | ERROR | tech.jhipster.web.util.HeaderUtil    : Entity processing failed, The exercise dates are not valid
    23:48:28.260 | 447 ool-1-worker-211 | WARN  | o.z.p.spring.common.AdviceTraits     : Bad Request: The exercise dates are not valid
    23:48:28.261 | 447 ool-1-worker-211 | DEBUG | d.t.c.a.a.c.s.f.ApiVersionFilter     : Adding Version to Request POST /api/text-exercises
    23:48:28.261 | 447 ool-1-worker-211 | DEBUG | d.t.c.a.a.t.web.TextExerciseResource : REST request to save TextExercise : TextExercise{id=null, exampleSolution='This is my example solution'}
    23:48:28.262 | 447 ool-1-worker-211 | ERROR | tech.jhipster.web.util.HeaderUtil    : Entity processing failed, The exercise dates are not valid
    23:48:28.262 | 447 ool-1-worker-211 | WARN  | o.z.p.spring.common.AdviceTraits     : Bad Request: The exercise dates are not valid

  Starting logs for TextExerciseIntegrationTest > importTextExerciseFromCourseToExam_forbidden()
    23:48:28.275 | 447 ool-1-worker-211 | DEBUG | d.t.c.a.a.c.u.util.UserUtilService   : Generate 2 students...
    23:48:28.279 | 447 ool-1-worker-211 | DEBUG | d.t.c.a.a.c.u.util.UserUtilService   : 2 students generated. Generate 1 tutors...
    23:48:28.281 | 447 ool-1-worker-211 | DEBUG | d.t.c.a.a.c.u.util.UserUtilService   : 1 tutors generated. Generate 0 editors...
    23:48:28.282 | 447 ool-1-worker-211 | DEBUG | d.t.c.a.a.c.u.util.UserUtilService   : 0 editors generated. Generate 1 instructors...
    23:48:28.285 | 447 ool-1-worker-211 | DEBUG | d.t.c.a.a.c.u.util.UserUtilService   : 1 instructors generated
    23:48:28.287 | 447 ool-1-worker-211 | DEBUG | d.t.c.a.a.c.u.util.UserUtilService   : Removing 5 users from all courses...
    23:48:28.288 | 447 ool-1-worker-211 | DEBUG | d.t.c.a.a.c.u.util.UserUtilService   : Removing 5 users from all courses. Done
    23:48:28.288 | 447 ool-1-worker-211 | DEBUG | d.t.c.a.a.c.u.util.UserUtilService   : Save 4 users to database...
    23:48:28.291 | 447 ool-1-worker-211 | DEBUG | d.t.c.a.a.c.u.util.UserUtilService   : Save 4 users to database. Done
    23:48:28.299 | 447 ool-1-worker-211 | INFO  | i.z.t.d.l.EmbeddedDatabaseReporter   : JDBC URL to connect to 'dataSource': url='jdbc:h2:tcp://localhost:41063/mem:df70fc46-7e57-4cb5-9cd0-c1d90c14afa7;USER=sa', scope='TextExerciseIntegrationTest#importTextExerciseFromCourseToExam_forbidden'
    23:48:28.304 | 447 ool-1-worker-211 | DEBUG | d.t.c.a.a.c.s.f.ApiVersionFilter     : Adding Version to Request POST /api/text-exercises/import/3955
    23:48:28.305 | 447 ool-1-worker-211 | WARN  | o.z.p.spring.common.AdviceTraits     : Forbidden: Access Denied

  Starting logs for TextExerciseIntegrationTest > testAdminSearchTermMatchesId()
    23:48:28.315 | 447 ool-1-worker-211 | DEBUG | d.t.c.a.a.c.u.util.UserUtilService   : Generate 2 students...
    23:48:28.319 | 447 ool-1-worker-211 | DEBUG | d.t.c.a.a.c.u.util.UserUtilService   : 2 students generated. Generate 1 tutors...
    23:48:28.322 | 447 ool-1-worker-211 | DEBUG | d.t.c.a.a.c.u.util.UserUtilService   : 1 tutors generated. Generate 0 editors...
    23:48:28.323 | 447 ool-1-worker-211 | DEBUG | d.t.c.a.a.c.u.util.UserUtilService   : 0 editors generated. Generate 1 instructors...
    23:48:28.326 | 447 ool-1-worker-211 | DEBUG | d.t.c.a.a.c.u.util.UserUtilService   : 1 instructors generated
    23:48:28.327 | 447 ool-1-worker-211 | DEBUG | d.t.c.a.a.c.u.util.UserUtilService   : Removing 5 users from all courses...
    23:48:28.328 | 447 ool-1-worker-211 | DEBUG | d.t.c.a.a.c.u.util.UserUtilService   : Removing 5 users from all courses. Done
    23:48:28.328 | 447 ool-1-worker-211 | DEBUG | d.t.c.a.a.c.u.util.UserUtilService   : Save 4 users to database...
    23:48:28.331 | 447 ool-1-worker-211 | DEBUG | d.t.c.a.a.c.u.util.UserUtilService   : Save 4 users to database. Done
    23:48:28.339 | 447 ool-1-worker-211 | INFO  | i.z.t.d.l.EmbeddedDatabaseReporter   : JDBC URL to connect to 'dataSource': url='jdbc:h2:tcp://localhost:41063/mem:df70fc46-7e57-4cb5-9cd0-c1d90c14afa7;USER=sa', scope='TextExerciseIntegrationTest#testAdminSearchTermMatchesId'
    23:48:28.339 | 447 ool-1-worker-211 | DEBUG | d.t.c.a.a.c.u.util.UserUtilService   : Generate 1 students...
    23:48:28.341 | 447 ool-1-worker-211 | DEBUG | d.t.c.a.a.c.u.util.UserUtilService   : 1 students generated. Generate 1 tutors...
    23:48:28.343 | 447 ool-1-worker-211 | DEBUG | d.t.c.a.a.c.u.util.UserUtilService   : 1 tutors generated. Generate 0 editors...
    23:48:28.345 | 447 ool-1-worker-211 | DEBUG | d.t.c.a.a.c.u.util.UserUtilService   : 0 editors generated. Generate 1 instructors...
    23:48:28.347 | 447 ool-1-worker-211 | DEBUG | d.t.c.a.a.c.u.util.UserUtilService   : 1 instructors generated
    23:48:28.349 | 447 ool-1-worker-211 | DEBUG | d.t.c.a.a.c.u.util.UserUtilService   : Removing 5 users from all courses...
    23:48:28.350 | 447 ool-1-worker-211 | DEBUG | d.t.c.a.a.c.u.util.UserUtilService   : Removing 5 users from all courses. Done
    23:48:28.350 | 447 ool-1-worker-211 | DEBUG | d.t.c.a.a.c.u.util.UserUtilService   : Save 3 users to database...
    23:48:28.352 | 447 ool-1-worker-211 | DEBUG | d.t.c.a.a.c.u.util.UserUtilService   : Save 3 users to database. Done
    23:48:28.355 | 447 ool-1-worker-211 | DEBUG | d.t.c.a.a.c.s.f.ApiVersionFilter     : Adding Version to Request GET /api/text-exercises

  Starting logs for TextExerciseIntegrationTest > importTextExerciseFromExamToCourse()
    23:48:28.382 | 447 ool-1-worker-211 | DEBUG | d.t.c.a.a.c.u.util.UserUtilService   : Generate 2 students...
    23:48:28.386 | 447 ool-1-worker-211 | DEBUG | d.t.c.a.a.c.u.util.UserUtilService   : 2 students generated. Generate 1 tutors...
    23:48:28.389 | 447 ool-1-worker-211 | DEBUG | d.t.c.a.a.c.u.util.UserUtilService   : 1 tutors generated. Generate 0 editors...
    23:48:28.390 | 447 ool-1-worker-211 | DEBUG | d.t.c.a.a.c.u.util.UserUtilService   : 0 editors generated. Generate 1 instructors...
    23:48:28.393 | 447 ool-1-worker-211 | DEBUG | d.t.c.a.a.c.u.util.UserUtilService   : 1 instructors generated
    23:48:28.395 | 447 ool-1-worker-211 | DEBUG | d.t.c.a.a.c.u.util.UserUtilService   : Removing 3 users from all courses...
    23:48:28.396 | 447 ool-1-worker-211 | DEBUG | d.t.c.a.a.c.u.util.UserUtilService   : Removing 3 users from all courses. Done
    23:48:28.396 | 447 ool-1-worker-211 | DEBUG | d.t.c.a.a.c.u.util.UserUtilService   : Save 4 users to database...
    23:48:28.400 | 447 ool-1-worker-211 | DEBUG | d.t.c.a.a.c.u.util.UserUtilService   : Save 4 users to database. Done
    23:48:28.410 | 447 ool-1-worker-211 | INFO  | i.z.t.d.l.EmbeddedDatabaseReporter   : JDBC URL to connect to 'dataSource': url='jdbc:h2:tcp://localhost:41063/mem:df70fc46-7e57-4cb5-9cd0-c1d90c14afa7;USER=sa', scope='TextExerciseIntegrationTest#importTextExerciseFromExamToCourse'
    23:48:28.415 | 447 ool-1-worker-211 | DEBUG | d.t.c.a.a.c.s.f.ApiVersionFilter     : Adding Version to Request POST /api/text-exercises/import/3959
    23:48:28.419 | 447 ool-1-worker-211 | DEBUG | .c.a.a.t.s.TextExerciseImportService : Creating a new Exercise based on exercise TextExercise{id=3959, exampleSolution='This is my example solution'}
    23:48:28.419 | 447 ool-1-worker-211 | DEBUG | .c.a.a.t.s.TextExerciseImportService : Copying the exercise basis from TextExercise{id=3959, exampleSolution='This is my example solution'}
    23:48:28.429 | 447 ool-1-worker-211 | DEBUG | .c.a.a.t.s.TextExerciseImportService : Copying the ExampleSubmissions to new Exercise: TextExercise{id=3960, exampleSolution='This is my example solution'}

  Starting logs for TextExerciseIntegrationTest > importTextExerciseFromCourseToCourse()
    23:48:28.451 | 447 ool-1-worker-211 | DEBUG | d.t.c.a.a.c.u.util.UserUtilService   : Generate 2 students...
    23:48:28.456 | 447 ool-1-worker-211 | DEBUG | d.t.c.a.a.c.u.util.UserUtilService   : 2 students generated. Generate 1 tutors...
    23:48:28.458 | 447 ool-1-worker-211 | DEBUG | d.t.c.a.a.c.u.util.UserUtilService   : 1 tutors generated. Generate 0 editors...
    23:48:28.460 | 447 ool-1-worker-211 | DEBUG | d.t.c.a.a.c.u.util.UserUtilService   : 0 editors generated. Generate 1 instructors...
    23:48:28.462 | 447 ool-1-worker-211 | DEBUG | d.t.c.a.a.c.u.util.UserUtilService   : 1 instructors generated
    23:48:28.465 | 447 ool-1-worker-211 | DEBUG | d.t.c.a.a.c.u.util.UserUtilService   : Removing 5 users from all courses...
    23:48:28.466 | 447 ool-1-worker-211 | DEBUG | d.t.c.a.a.c.u.util.UserUtilService   : Removing 5 users from all courses. Done
    23:48:28.466 | 447 ool-1-worker-211 | DEBUG | d.t.c.a.a.c.u.util.UserUtilService   : Save 4 users to database...
    23:48:28.470 | 447 ool-1-worker-211 | DEBUG | d.t.c.a.a.c.u.util.UserUtilService   : Save 4 users to database. Done
    23:48:28.480 | 447 ool-1-worker-211 | INFO  | i.z.t.d.l.EmbeddedDatabaseReporter   : JDBC URL to connect to 'dataSource': url='jdbc:h2:tcp://localhost:41063/mem:df70fc46-7e57-4cb5-9cd0-c1d90c14afa7;USER=sa', scope='TextExerciseIntegrationTest#importTextExerciseFromCourseToCourse'
    23:48:28.490 | 447 ool-1-worker-211 | DEBUG | d.t.c.a.a.c.s.f.ApiVersionFilter     : Adding Version to Request POST /api/text-exercises/import/3962
    23:48:28.494 | 447 ool-1-worker-211 | DEBUG | .c.a.a.t.s.TextExerciseImportService : Creating a new Exercise based on exercise TextExercise{id=3962, exampleSolution='This is my example solution'}
    23:48:28.494 | 447 ool-1-worker-211 | DEBUG | .c.a.a.t.s.TextExerciseImportService : Copying the exercise basis from TextExercise{id=3962, exampleSolution='This is my example solution'}
    23:48:28.506 | 447 ool-1-worker-211 | DEBUG | .c.a.a.t.s.TextExerciseImportService : Copying the ExampleSubmissions to new Exercise: TextExercise{id=3963, exampleSolution='This is my example solution'}
    23:48:28.509 | 621 artemis-task-1   | DEBUG | .a.a.a.s.c.CompetencyProgressService : Updating competency progress for 0 users.

  Starting logs for TextExerciseIntegrationTest > testCheckPlagiarismIdenticalShortTexts()
    23:48:28.529 | 447 ool-1-worker-211 | DEBUG | d.t.c.a.a.c.u.util.UserUtilService   : Generate 2 students...
    23:48:28.533 | 447 ool-1-worker-211 | DEBUG | d.t.c.a.a.c.u.util.UserUtilService   : 2 students generated. Generate 1 tutors...
    23:48:28.535 | 447 ool-1-worker-211 | DEBUG | d.t.c.a.a.c.u.util.UserUtilService   : 1 tutors generated. Generate 0 editors...
    23:48:28.536 | 447 ool-1-worker-211 | DEBUG | d.t.c.a.a.c.u.util.UserUtilService   : 0 editors generated. Generate 1 instructors...
    23:48:28.538 | 447 ool-1-worker-211 | DEBUG | d.t.c.a.a.c.u.util.UserUtilService   : 1 instructors generated
    23:48:28.540 | 447 ool-1-worker-211 | DEBUG | d.t.c.a.a.c.u.util.UserUtilService   : Removing 5 users from all courses...
    23:48:28.540 | 447 ool-1-worker-211 | DEBUG | d.t.c.a.a.c.u.util.UserUtilService   : Removing 5 users from all courses. Done
    23:48:28.540 | 447 ool-1-worker-211 | DEBUG | d.t.c.a.a.c.u.util.UserUtilService   : Save 4 users to database...
    23:48:28.543 | 447 ool-1-worker-211 | DEBUG | d.t.c.a.a.c.u.util.UserUtilService   : Save 4 users to database. Done
    23:48:28.550 | 447 ool-1-worker-211 | INFO  | i.z.t.d.l.EmbeddedDatabaseReporter   : JDBC URL to connect to 'dataSource': url='jdbc:h2:tcp://localhost:41063/mem:df70fc46-7e57-4cb5-9cd0-c1d90c14afa7;USER=sa', scope='TextExerciseIntegrationTest#testCheckPlagiarismIdenticalShortTexts'
    23:48:28.578 | 447 ool-1-worker-211 | DEBUG | d.t.c.a.a.c.s.f.ApiVersionFilter     : Adding Version to Request GET /api/text-exercises/3964/check-plagiarism
    23:48:28.582 | 447 ool-1-worker-211 | INFO  | d.t.c.a.a.t.web.TextExerciseResource : Started manual plagiarism checks for text exercise: exerciseId=3964.
    23:48:28.584 | 447 ool-1-worker-211 | INFO  | a.p.s.TextPlagiarismDetectionService : Found 0 text submissions in exercise 3964
    23:48:28.584 | 447 ool-1-worker-211 | INFO  | a.p.s.TextPlagiarismDetectionService : Save text submissions for JPlag text comparison with 0 submissions
    23:48:28.584 | 447 ool-1-worker-211 | INFO  | a.p.s.TextPlagiarismDetectionService : Insufficient amount of submissions for plagiarism detection. Inform the client with a bad request response.
    23:48:28.584 | 447 ool-1-worker-211 | WARN  | a.p.s.TextPlagiarismDetectionService : Text plagiarism detection NOT successful
de.tum.cit.aet.artemis.core.exception.BadRequestAlertException: Insufficient amount of valid and long enough submissions available for comparison
	at de.tum.cit.aet.artemis.plagiarism.service.TextPlagiarismDetectionService.checkPlagiarism(TextPlagiarismDetectionService.java:111)
	at de.tum.cit.aet.artemis.plagiarism.service.PlagiarismDetectionService.checkTextExercise(PlagiarismDetectionService.java:63)
	at de.tum.cit.aet.artemis.text.web.TextExerciseResource.checkPlagiarism(TextExerciseResource.java:610)
	at java.base/jdk.internal.reflect.DirectMethodHandleAccessor.invoke(DirectMethodHandleAccessor.java:103)
	at java.base/java.lang.reflect.Method.invoke(Method.java:580)
	at org.springframework.aop.support.AopUtils.invokeJoinpointUsingReflection(AopUtils.java:359)
	at org.springframework.aop.framework.ReflectiveMethodInvocation.invokeJoinpoint(ReflectiveMethodInvocation.java:196)
	at org.springframework.aop.framework.ReflectiveMethodInvocation.proceed(ReflectiveMethodInvocation.java:163)
	at org.springframework.aop.aspectj.MethodInvocationProceedingJoinPoint.proceed(MethodInvocationProceedingJoinPoint.java:89)
	at de.tum.cit.aet.artemis.core.service.feature.FeatureToggleAspect.around(FeatureToggleAspect.java:50)
	at java.base/jdk.internal.reflect.DirectMethodHandleAccessor.invoke(DirectMethodHandleAccessor.java:103)
	at java.base/java.lang.reflect.Method.invoke(Method.java:580)
	at org.springframework.aop.aspectj.AbstractAspectJAdvice.invokeAdviceMethodWithGivenArgs(AbstractAspectJAdvice.java:638)
	at org.springframework.aop.aspectj.AbstractAspectJAdvice.invokeAdviceMethod(AbstractAspectJAdvice.java:628)
	at org.springframework.aop.aspectj.AspectJAroundAdvice.invoke(AspectJAroundAdvice.java:71)
	at org.springframework.aop.framework.ReflectiveMethodInvocation.proceed(ReflectiveMethodInvocation.java:173)
	at org.springframework.security.authorization.method.AuthorizationManagerBeforeMethodInterceptor.proceed(AuthorizationManagerBeforeMethodInterceptor.java:268)
	at org.springframework.security.authorization.method.AuthorizationManagerBeforeMethodInterceptor.attemptAuthorization(AuthorizationManagerBeforeMethodInterceptor.java:263)
	at org.springframework.security.authorization.method.AuthorizationManagerBeforeMethodInterceptor.invoke(AuthorizationManagerBeforeMethodInterceptor.java:196)
	at org.springframework.security.config.annotation.method.configuration.DeferringMethodInterceptor.invoke(DeferringMethodInterceptor.java:44)
	at org.springframework.aop.framework.ReflectiveMethodInvocation.proceed(ReflectiveMethodInvocation.java:184)
	at org.springframework.aop.interceptor.ExposeInvocationInterceptor.invoke(ExposeInvocationInterceptor.java:97)
	at org.springframework.aop.framework.ReflectiveMethodInvocation.proceed(ReflectiveMethodInvocation.java:184)
	at org.springframework.aop.framework.CglibAopProxy$DynamicAdvisedInterceptor.intercept(CglibAopProxy.java:727)
	at de.tum.cit.aet.artemis.text.web.TextExerciseResource$$SpringCGLIB$$0.checkPlagiarism(<generated>)
	at java.base/jdk.internal.reflect.DirectMethodHandleAccessor.invoke(DirectMethodHandleAccessor.java:103)
	at java.base/java.lang.reflect.Method.invoke(Method.java:580)
	at org.springframework.web.method.support.InvocableHandlerMethod.doInvoke(InvocableHandlerMethod.java:257)
	at org.springframework.web.method.support.InvocableHandlerMethod.invokeForRequest(InvocableHandlerMethod.java:190)
	at org.springframework.web.servlet.mvc.method.annotation.ServletInvocableHandlerMethod.invokeAndHandle(ServletInvocableHandlerMethod.java:118)
	at org.springframework.web.servlet.mvc.method.annotation.RequestMappingHandlerAdapter.invokeHandlerMethod(RequestMappingHandlerAdapter.java:986)
	at org.springframework.web.servlet.mvc.method.annotation.RequestMappingHandlerAdapter.handleInternal(RequestMappingHandlerAdapter.java:891)
	at org.springframework.web.servlet.mvc.method.AbstractHandlerMethodAdapter.handle(AbstractHandlerMethodAdapter.java:87)
	at org.springframework.web.servlet.DispatcherServlet.doDispatch(DispatcherServlet.java:1088)
	at org.springframework.web.servlet.DispatcherServlet.doService(DispatcherServlet.java:978)
	at org.springframework.web.servlet.FrameworkServlet.processRequest(FrameworkServlet.java:1014)
	at org.springframework.web.servlet.FrameworkServlet.doGet(FrameworkServlet.java:903)
	at jakarta.servlet.http.HttpServlet.service(HttpServlet.java:527)
	at org.springframework.web.servlet.FrameworkServlet.service(FrameworkServlet.java:885)
	at org.springframework.test.web.servlet.TestDispatcherServlet.service(TestDispatcherServlet.java:72)
	at jakarta.servlet.http.HttpServlet.service(HttpServlet.java:614)
	at org.springframework.mock.web.MockFilterChain$ServletFilterProxy.doFilter(MockFilterChain.java:165)
	at org.springframework.mock.web.MockFilterChain.doFilter(MockFilterChain.java:132)
	at org.springframework.web.filter.OncePerRequestFilter.doFilter(OncePerRequestFilter.java:110)
	at org.springframework.test.web.servlet.setup.MockMvcFilterDecorator.doFilter(MockMvcFilterDecorator.java:162)
	at org.springframework.mock.web.MockFilterChain.doFilter(MockFilterChain.java:132)
	at de.tum.cit.aet.artemis.core.security.filter.ApiVersionFilter.doFilter(ApiVersionFilter.java:55)
	at org.springframework.test.web.servlet.setup.MockMvcFilterDecorator.doFilter(MockMvcFilterDecorator.java:162)
	at org.springframework.mock.web.MockFilterChain.doFilter(MockFilterChain.java:132)
	at io.sentry.spring.jakarta.SentryUserFilter.doFilterInternal(SentryUserFilter.java:56)
	at org.springframework.web.filter.OncePerRequestFilter.doFilter(OncePerRequestFilter.java:116)
	at org.springframework.test.web.servlet.setup.MockMvcFilterDecorator.doFilter(MockMvcFilterDecorator.java:162)
	at org.springframework.mock.web.MockFilterChain.doFilter(MockFilterChain.java:132)
	at org.springframework.web.filter.CompositeFilter$VirtualFilterChain.doFilter(CompositeFilter.java:108)
	at org.springframework.security.web.FilterChainProxy.lambda$doFilterInternal$3(FilterChainProxy.java:231)
	at org.springframework.security.web.ObservationFilterChainDecorator$FilterObservation$SimpleFilterObservation.lambda$wrap$1(ObservationFilterChainDecorator.java:479)
	at org.springframework.security.web.ObservationFilterChainDecorator$AroundFilterObservation$SimpleAroundFilterObservation.lambda$wrap$1(ObservationFilterChainDecorator.java:340)
	at org.springframework.security.web.ObservationFilterChainDecorator.lambda$wrapSecured$0(ObservationFilterChainDecorator.java:82)
	at org.springframework.security.web.ObservationFilterChainDecorator$VirtualFilterChain.doFilter(ObservationFilterChainDecorator.java:128)
	at org.springframework.security.web.access.intercept.AuthorizationFilter.doFilter(AuthorizationFilter.java:101)
	at org.springframework.security.web.ObservationFilterChainDecorator$ObservationFilter.wrapFilter(ObservationFilterChainDecorator.java:240)
	at org.springframework.security.web.ObservationFilterChainDecorator$ObservationFilter.doFilter(ObservationFilterChainDecorator.java:227)
	at org.springframework.security.web.ObservationFilterChainDecorator$VirtualFilterChain.doFilter(ObservationFilterChainDecorator.java:137)
	at org.springframework.security.web.access.ExceptionTranslationFilter.doFilter(ExceptionTranslationFilter.java:126)
	at org.springframework.security.web.access.ExceptionTranslationFilter.doFilter(ExceptionTranslationFilter.java:120)
	at org.springframework.security.web.ObservationFilterChainDecorator$ObservationFilter.wrapFilter(ObservationFilterChainDecorator.java:240)
	at org.springframework.security.web.ObservationFilterChainDecorator$ObservationFilter.doFilter(ObservationFilterChainDecorator.java:227)
	at org.springframework.security.web.ObservationFilterChainDecorator$VirtualFilterChain.doFilter(ObservationFilterChainDecorator.java:137)
	at org.springframework.security.web.session.SessionManagementFilter.doFilter(SessionManagementFilter.java:131)
	at org.springframework.security.web.session.SessionManagementFilter.doFilter(SessionManagementFilter.java:85)
	at org.springframework.security.web.ObservationFilterChainDecorator$ObservationFilter.wrapFilter(ObservationFilterChainDecorator.java:240)
	at org.springframework.security.web.ObservationFilterChainDecorator$ObservationFilter.doFilter(ObservationFilterChainDecorator.java:227)
	at org.springframework.security.web.ObservationFilterChainDecorator$VirtualFilterChain.doFilter(ObservationFilterChainDecorator.java:137)
	at org.springframework.security.web.authentication.AnonymousAuthenticationFilter.doFilter(AnonymousAuthenticationFilter.java:100)
	at org.springframework.security.web.ObservationFilterChainDecorator$ObservationFilter.wrapFilter(ObservationFilterChainDecorator.java:240)
	at org.springframework.security.web.ObservationFilterChainDecorator$ObservationFilter.doFilter(ObservationFilterChainDecorator.java:227)
	at org.springframework.security.web.ObservationFilterChainDecorator$VirtualFilterChain.doFilter(ObservationFilterChainDecorator.java:137)
	at org.springframework.security.web.servletapi.SecurityContextHolderAwareRequestFilter.doFilter(SecurityContextHolderAwareRequestFilter.java:179)
	at org.springframework.security.web.ObservationFilterChainDecorator$ObservationFilter.wrapFilter(ObservationFilterChainDecorator.java:240)
	at org.springframework.security.web.ObservationFilterChainDecorator$ObservationFilter.doFilter(ObservationFilterChainDecorator.java:227)
	at org.springframework.security.web.ObservationFilterChainDecorator$VirtualFilterChain.doFilter(ObservationFilterChainDecorator.java:137)
	at org.springframework.security.web.savedrequest.RequestCacheAwareFilter.doFilter(RequestCacheAwareFilter.java:63)
	at org.springframework.security.web.ObservationFilterChainDecorator$ObservationFilter.wrapFilter(ObservationFilterChainDecorator.java:240)
	at org.springframework.security.web.ObservationFilterChainDecorator$ObservationFilter.doFilter(ObservationFilterChainDecorator.java:227)
	at org.springframework.security.web.ObservationFilterChainDecorator$VirtualFilterChain.doFilter(ObservationFilterChainDecorator.java:137)
	at de.tum.cit.aet.artemis.core.security.filter.SpaWebFilter.doFilterInternal(SpaWebFilter.java:23)
	at org.springframework.web.filter.OncePerRequestFilter.doFilter(OncePerRequestFilter.java:116)
	at org.springframework.security.web.ObservationFilterChainDecorator$ObservationFilter.wrapFilter(ObservationFilterChainDecorator.java:240)
	at org.springframework.security.web.ObservationFilterChainDecorator$ObservationFilter.doFilter(ObservationFilterChainDecorator.java:227)
	at org.springframework.security.web.ObservationFilterChainDecorator$VirtualFilterChain.doFilter(ObservationFilterChainDecorator.java:137)
	at org.springframework.web.filter.OncePerRequestFilter.doFilter(OncePerRequestFilter.java:110)
	at org.springframework.security.web.ObservationFilterChainDecorator$ObservationFilter.wrapFilter(ObservationFilterChainDecorator.java:240)
	at org.springframework.security.web.ObservationFilterChainDecorator$ObservationFilter.doFilter(ObservationFilterChainDecorator.java:227)
	at org.springframework.security.web.ObservationFilterChainDecorator$VirtualFilterChain.doFilter(ObservationFilterChainDecorator.java:137)
	at de.tum.cit.aet.artemis.lti.config.Lti13LaunchFilter.doFilterInternal(Lti13LaunchFilter.java:60)
	at org.springframework.web.filter.OncePerRequestFilter.doFilter(OncePerRequestFilter.java:116)
	at org.springframework.security.web.ObservationFilterChainDecorator$ObservationFilter.wrapFilter(ObservationFilterChainDecorator.java:240)
	at org.springframework.security.web.ObservationFilterChainDecorator$ObservationFilter.doFilter(ObservationFilterChainDecorator.java:227)
	at org.springframework.security.web.ObservationFilterChainDecorator$VirtualFilterChain.doFilter(ObservationFilterChainDecorator.java:137)
	at de.tum.cit.aet.artemis.core.security.jwt.JWTFilter.doFilter(JWTFilter.java:55)
	at org.springframework.security.web.ObservationFilterChainDecorator$ObservationFilter.wrapFilter(ObservationFilterChainDecorator.java:240)
	at org.springframework.security.web.ObservationFilterChainDecorator$ObservationFilter.doFilter(ObservationFilterChainDecorator.java:227)
	at org.springframework.security.web.ObservationFilterChainDecorator$VirtualFilterChain.doFilter(ObservationFilterChainDecorator.java:137)
	at de.tum.cit.aet.artemis.core.security.jwt.JWTFilter.doFilter(JWTFilter.java:55)
	at org.springframework.security.web.ObservationFilterChainDecorator$ObservationFilter.wrapFilter(ObservationFilterChainDecorator.java:240)
	at org.springframework.security.web.ObservationFilterChainDecorator$ObservationFilter.doFilter(ObservationFilterChainDecorator.java:227)
	at org.springframework.security.web.ObservationFilterChainDecorator$VirtualFilterChain.doFilter(ObservationFilterChainDecorator.java:137)
	at org.springframework.web.filter.CorsFilter.doFilterInternal(CorsFilter.java:91)
	at org.springframework.web.filter.OncePerRequestFilter.doFilter(OncePerRequestFilter.java:116)
	at org.springframework.security.web.ObservationFilterChainDecorator$ObservationFilter.wrapFilter(ObservationFilterChainDecorator.java:240)
	at org.springframework.security.web.ObservationFilterChainDecorator$ObservationFilter.doFilter(ObservationFilterChainDecorator.java:227)
	at org.springframework.security.web.ObservationFilterChainDecorator$VirtualFilterChain.doFilter(ObservationFilterChainDecorator.java:137)
	at org.springframework.web.filter.OncePerRequestFilter.doFilter(OncePerRequestFilter.java:110)
	at org.springframework.security.web.ObservationFilterChainDecorator$ObservationFilter.wrapFilter(ObservationFilterChainDecorator.java:240)
	at org.springframework.security.web.ObservationFilterChainDecorator$ObservationFilter.doFilter(ObservationFilterChainDecorator.java:227)
	at org.springframework.security.web.ObservationFilterChainDecorator$VirtualFilterChain.doFilter(ObservationFilterChainDecorator.java:137)
	at uk.ac.ox.ctl.lti13.security.oauth2.client.lti.web.OAuth2AuthorizationRequestRedirectFilter.doFilterInternal(OAuth2AuthorizationRequestRedirectFilter.java:142)
	at org.springframework.web.filter.OncePerRequestFilter.doFilter(OncePerRequestFilter.java:116)
	at org.springframework.security.web.ObservationFilterChainDecorator$ObservationFilter.wrapFilter(ObservationFilterChainDecorator.java:240)
	at org.springframework.security.web.ObservationFilterChainDecorator$ObservationFilter.doFilter(ObservationFilterChainDecorator.java:227)
	at org.springframework.security.web.ObservationFilterChainDecorator$VirtualFilterChain.doFilter(ObservationFilterChainDecorator.java:137)
	at org.springframework.security.web.authentication.logout.LogoutFilter.doFilter(LogoutFilter.java:107)
	at org.springframework.security.web.authentication.logout.LogoutFilter.doFilter(LogoutFilter.java:93)
	at org.springframework.security.web.ObservationFilterChainDecorator$ObservationFilter.wrapFilter(ObservationFilterChainDecorator.java:240)
	at org.springframework.security.web.ObservationFilterChainDecorator$ObservationFilter.doFilter(ObservationFilterChainDecorator.java:227)
	at org.springframework.security.web.ObservationFilterChainDecorator$VirtualFilterChain.doFilter(ObservationFilterChainDecorator.java:137)
	at org.springframework.security.web.header.HeaderWriterFilter.doHeadersAfter(HeaderWriterFilter.java:90)
	at org.springframework.security.web.header.HeaderWriterFilter.doFilterInternal(HeaderWriterFilter.java:75)
	at org.springframework.web.filter.OncePerRequestFilter.doFilter(OncePerRequestFilter.java:116)
	at org.springframework.security.web.ObservationFilterChainDecorator$ObservationFilter.wrapFilter(ObservationFilterChainDecorator.java:240)
	at org.springframework.security.web.ObservationFilterChainDecorator$ObservationFilter.doFilter(ObservationFilterChainDecorator.java:227)
	at org.springframework.security.web.ObservationFilterChainDecorator$VirtualFilterChain.doFilter(ObservationFilterChainDecorator.java:137)
	at org.springframework.security.web.context.SecurityContextHolderFilter.doFilter(SecurityContextHolderFilter.java:82)
	at org.springframework.security.web.context.SecurityContextHolderFilter.doFilter(SecurityContextHolderFilter.java:69)
	at org.springframework.security.web.ObservationFilterChainDecorator$ObservationFilter.wrapFilter(ObservationFilterChainDecorator.java:240)
	at org.springframework.security.web.ObservationFilterChainDecorator$ObservationFilter.doFilter(ObservationFilterChainDecorator.java:227)
	at org.springframework.security.web.ObservationFilterChainDecorator$VirtualFilterChain.doFilter(ObservationFilterChainDecorator.java:137)
	at org.springframework.security.web.context.request.async.WebAsyncManagerIntegrationFilter.doFilterInternal(WebAsyncManagerIntegrationFilter.java:62)
	at org.springframework.web.filter.OncePerRequestFilter.doFilter(OncePerRequestFilter.java:116)
	at org.springframework.security.web.ObservationFilterChainDecorator$ObservationFilter.wrapFilter(ObservationFilterChainDecorator.java:240)
	at org.springframework.security.web.ObservationFilterChainDecorator$ObservationFilter.doFilter(ObservationFilterChainDecorator.java:227)
	at org.springframework.security.web.ObservationFilterChainDecorator$VirtualFilterChain.doFilter(ObservationFilterChainDecorator.java:137)
	at org.springframework.security.web.session.DisableEncodeUrlFilter.doFilterInternal(DisableEncodeUrlFilter.java:42)
	at org.springframework.web.filter.OncePerRequestFilter.doFilter(OncePerRequestFilter.java:116)
	at org.springframework.security.web.ObservationFilterChainDecorator$ObservationFilter.wrapFilter(ObservationFilterChainDecorator.java:240)
	at org.springframework.security.web.ObservationFilterChainDecorator$AroundFilterObservation$SimpleAroundFilterObservation.lambda$wrap$0(ObservationFilterChainDecorator.java:323)
	at org.springframework.security.web.ObservationFilterChainDecorator$ObservationFilter.doFilter(ObservationFilterChainDecorator.java:224)
	at org.springframework.security.web.ObservationFilterChainDecorator$VirtualFilterChain.doFilter(ObservationFilterChainDecorator.java:137)
	at org.springframework.security.web.FilterChainProxy.doFilterInternal(FilterChainProxy.java:233)
	at org.springframework.security.web.FilterChainProxy.doFilter(FilterChainProxy.java:191)
	at org.springframework.web.filter.CompositeFilter$VirtualFilterChain.doFilter(CompositeFilter.java:113)
	at org.springframework.web.servlet.handler.HandlerMappingIntrospector.lambda$createCacheFilter$3(HandlerMappingIntrospector.java:243)
	at org.springframework.web.filter.CompositeFilter$VirtualFilterChain.doFilter(CompositeFilter.java:113)
	at org.springframework.web.filter.CompositeFilter.doFilter(CompositeFilter.java:74)
	at org.springframework.security.config.annotation.web.configuration.WebMvcSecurityConfiguration$CompositeFilterChainProxy.doFilter(WebMvcSecurityConfiguration.java:238)
	at org.springframework.web.filter.DelegatingFilterProxy.invokeDelegate(DelegatingFilterProxy.java:362)
	at org.springframework.web.filter.DelegatingFilterProxy.doFilter(DelegatingFilterProxy.java:278)
	at org.springframework.test.web.servlet.setup.MockMvcFilterDecorator.doFilter(MockMvcFilterDecorator.java:162)
	at org.springframework.mock.web.MockFilterChain.doFilter(MockFilterChain.java:132)
	at org.springframework.web.filter.RequestContextFilter.doFilterInternal(RequestContextFilter.java:100)
	at org.springframework.web.filter.OncePerRequestFilter.doFilter(OncePerRequestFilter.java:116)
	at org.springframework.test.web.servlet.setup.MockMvcFilterDecorator.doFilter(MockMvcFilterDecorator.java:162)
	at org.springframework.mock.web.MockFilterChain.doFilter(MockFilterChain.java:132)
	at org.springframework.web.filter.FormContentFilter.doFilterInternal(FormContentFilter.java:93)
	at org.springframework.web.filter.OncePerRequestFilter.doFilter(OncePerRequestFilter.java:116)
	at org.springframework.test.web.servlet.setup.MockMvcFilterDecorator.doFilter(MockMvcFilterDecorator.java:162)
	at org.springframework.mock.web.MockFilterChain.doFilter(MockFilterChain.java:132)
	at org.springframework.web.filter.ServerHttpObservationFilter.doFilterInternal(ServerHttpObservationFilter.java:114)
	at org.springframework.web.filter.OncePerRequestFilter.doFilter(OncePerRequestFilter.java:116)
	at org.springframework.test.web.servlet.setup.MockMvcFilterDecorator.doFilter(MockMvcFilterDecorator.java:162)
	at org.springframework.mock.web.MockFilterChain.doFilter(MockFilterChain.java:132)
	at io.sentry.spring.jakarta.tracing.SentryTracingFilter.doFilterInternal(SentryTracingFilter.java:91)
	at org.springframework.web.filter.OncePerRequestFilter.doFilter(OncePerRequestFilter.java:116)
	at org.springframework.test.web.servlet.setup.MockMvcFilterDecorator.doFilter(MockMvcFilterDecorator.java:162)
	at org.springframework.mock.web.MockFilterChain.doFilter(MockFilterChain.java:132)
	at org.springframework.web.filter.CharacterEncodingFilter.doFilterInternal(CharacterEncodingFilter.java:201)
	at org.springframework.web.filter.OncePerRequestFilter.doFilter(OncePerRequestFilter.java:116)
	at org.springframework.test.web.servlet.setup.MockMvcFilterDecorator.doFilter(MockMvcFilterDecorator.java:162)
	at org.springframework.mock.web.MockFilterChain.doFilter(MockFilterChain.java:132)
	at io.sentry.spring.jakarta.SentrySpringFilter.doFilterInternal(SentrySpringFilter.java:76)
	at org.springframework.web.filter.OncePerRequestFilter.doFilter(OncePerRequestFilter.java:116)
	at org.springframework.test.web.servlet.setup.MockMvcFilterDecorator.doFilter(MockMvcFilterDecorator.java:162)
	at org.springframework.mock.web.MockFilterChain.doFilter(MockFilterChain.java:132)
	at org.springframework.test.web.servlet.MockMvc.perform(MockMvc.java:201)
	at de.tum.cit.aet.artemis.core.util.RequestUtilService.performMvcRequest(RequestUtilService.java:79)
	at de.tum.cit.aet.artemis.core.util.RequestUtilService.get(RequestUtilService.java:656)
	at de.tum.cit.aet.artemis.core.util.RequestUtilService.get(RequestUtilService.java:622)
	at de.tum.cit.aet.artemis.text.TextExerciseIntegrationTest.testCheckPlagiarismIdenticalShortTexts(TextExerciseIntegrationTest.java:1112)
	at java.base/jdk.internal.reflect.DirectMethodHandleAccessor.invoke(DirectMethodHandleAccessor.java:103)
	at java.base/java.lang.reflect.Method.invoke(Method.java:580)
	at org.junit.platform.commons.util.ReflectionUtils.invokeMethod(ReflectionUtils.java:767)
	at org.junit.jupiter.engine.execution.MethodInvocation.proceed(MethodInvocation.java:60)
	at org.junit.jupiter.engine.execution.InvocationInterceptorChain$ValidatingInvocation.proceed(InvocationInterceptorChain.java:131)
	at org.junit.jupiter.engine.extension.TimeoutExtension.intercept(TimeoutExtension.java:156)
	at org.junit.jupiter.engine.extension.TimeoutExtension.interceptTestableMethod(TimeoutExtension.java:147)
	at org.junit.jupiter.engine.extension.TimeoutExtension.interceptTestMethod(TimeoutExtension.java:86)
	at org.junit.jupiter.engine.execution.InterceptingExecutableInvoker$ReflectiveInterceptorCall.lambda$ofVoidMethod$0(InterceptingExecutableInvoker.java:103)
	at org.junit.jupiter.engine.execution.InterceptingExecutableInvoker.lambda$invoke$0(InterceptingExecutableInvoker.java:93)
	at org.junit.jupiter.engine.execution.InvocationInterceptorChain$InterceptedInvocation.proceed(InvocationInterceptorChain.java:106)
	at org.junit.jupiter.engine.execution.InvocationInterceptorChain.proceed(InvocationInterceptorChain.java:64)
	at org.junit.jupiter.engine.execution.InvocationInterceptorChain.chainAndInvoke(InvocationInterceptorChain.java:45)
	at org.junit.jupiter.engine.execution.InvocationInterceptorChain.invoke(InvocationInterceptorChain.java:37)
	at org.junit.jupiter.engine.execution.InterceptingExecutableInvoker.invoke(InterceptingExecutableInvoker.java:92)
	at org.junit.jupiter.engine.execution.InterceptingExecutableInvoker.invoke(InterceptingExecutableInvoker.java:86)
	at org.junit.jupiter.engine.descriptor.TestMethodTestDescriptor.lambda$invokeTestMethod$8(TestMethodTestDescriptor.java:217)
	at org.junit.platform.engine.support.hierarchical.ThrowableCollector.execute(ThrowableCollector.java:73)
	at org.junit.jupiter.engine.descriptor.TestMethodTestDescriptor.invokeTestMethod(TestMethodTestDescriptor.java:213)
	at org.junit.jupiter.engine.descriptor.TestMethodTestDescriptor.execute(TestMethodTestDescriptor.java:138)
	at org.junit.jupiter.engine.descriptor.TestMethodTestDescriptor.execute(TestMethodTestDescriptor.java:68)
	at org.junit.platform.engine.support.hierarchical.NodeTestTask.lambda$executeRecursively$6(NodeTestTask.java:156)
	at org.junit.platform.engine.support.hierarchical.ThrowableCollector.execute(ThrowableCollector.java:73)
	at org.junit.platform.engine.support.hierarchical.NodeTestTask.lambda$executeRecursively$8(NodeTestTask.java:146)
	at org.junit.platform.engine.support.hierarchical.Node.around(Node.java:137)
	at org.junit.platform.engine.support.hierarchical.NodeTestTask.lambda$executeRecursively$9(NodeTestTask.java:144)
	at org.junit.platform.engine.support.hierarchical.ThrowableCollector.execute(ThrowableCollector.java:73)
	at org.junit.platform.engine.support.hierarchical.NodeTestTask.executeRecursively(NodeTestTask.java:143)
	at org.junit.platform.engine.support.hierarchical.NodeTestTask.execute(NodeTestTask.java:100)
	at org.junit.platform.engine.support.hierarchical.ForkJoinPoolHierarchicalTestExecutorService$ExclusiveTask.exec(ForkJoinPoolHierarchicalTestExecutorService.java:274)
	at org.junit.platform.engine.support.hierarchical.ForkJoinPoolHierarchicalTestExecutorService$ExclusiveTask.execSync(ForkJoinPoolHierarchicalTestExecutorService.java:247)
	at org.junit.platform.engine.support.hierarchical.ForkJoinPoolHierarchicalTestExecutorService.executeSync(ForkJoinPoolHierarchicalTestExecutorService.java:194)
	at org.junit.platform.engine.support.hierarchical.ForkJoinPoolHierarchicalTestExecutorService.invokeAll(ForkJoinPoolHierarchicalTestExecutorService.java:166)
	at org.junit.platform.engine.support.hierarchical.NodeTestTask.lambda$executeRecursively$6(NodeTestTask.java:160)
	at org.junit.platform.engine.support.hierarchical.ThrowableCollector.execute(ThrowableCollector.java:73)
	at org.junit.platform.engine.support.hierarchical.NodeTestTask.lambda$executeRecursively$8(NodeTestTask.java:146)
	at org.junit.platform.engine.support.hierarchical.Node.around(Node.java:137)
	at org.junit.platform.engine.support.hierarchical.NodeTestTask.lambda$executeRecursively$9(NodeTestTask.java:144)
	at org.junit.platform.engine.support.hierarchical.ThrowableCollector.execute(ThrowableCollector.java:73)
	at org.junit.platform.engine.support.hierarchical.NodeTestTask.executeRecursively(NodeTestTask.java:143)
	at org.junit.platform.engine.support.hierarchical.NodeTestTask.execute(NodeTestTask.java:100)
	at org.junit.platform.engine.support.hierarchical.ForkJoinPoolHierarchicalTestExecutorService$ExclusiveTask.exec(ForkJoinPoolHierarchicalTestExecutorService.java:274)
	at java.base/java.util.concurrent.ForkJoinTask.doExec(ForkJoinTask.java:387)
	at java.base/java.util.concurrent.ForkJoinPool$WorkQueue.topLevelExec(ForkJoinPool.java:1312)
	at java.base/java.util.concurrent.ForkJoinPool.scan(ForkJoinPool.java:1843)
	at java.base/java.util.concurrent.ForkJoinPool.runWorker(ForkJoinPool.java:1808)
	at java.base/java.util.concurrent.ForkJoinWorkerThread.run(ForkJoinWorkerThread.java:188)
    23:48:28.585 | 447 ool-1-worker-211 | ERROR | tech.jhipster.web.util.HeaderUtil    : Entity processing failed, Insufficient amount of valid and long enough submissions available for comparison
    23:48:28.585 | 447 ool-1-worker-211 | WARN  | o.z.p.spring.common.AdviceTraits     : Bad Request: Insufficient amount of valid and long enough submissions available for comparison

  Starting logs for TextExerciseIntegrationTest > importTextExerciseWithExampleSubmissionFromCourseToCourse()
    23:48:28.597 | 447 ool-1-worker-211 | DEBUG | d.t.c.a.a.c.u.util.UserUtilService   : Generate 2 students...
    23:48:28.601 | 447 ool-1-worker-211 | DEBUG | d.t.c.a.a.c.u.util.UserUtilService   : 2 students generated. Generate 1 tutors...
    23:48:28.603 | 447 ool-1-worker-211 | DEBUG | d.t.c.a.a.c.u.util.UserUtilService   : 1 tutors generated. Generate 0 editors...
    23:48:28.604 | 447 ool-1-worker-211 | DEBUG | d.t.c.a.a.c.u.util.UserUtilService   : 0 editors generated. Generate 1 instructors...
    23:48:28.607 | 447 ool-1-worker-211 | DEBUG | d.t.c.a.a.c.u.util.UserUtilService   : 1 instructors generated
    23:48:28.609 | 447 ool-1-worker-211 | DEBUG | d.t.c.a.a.c.u.util.UserUtilService   : Removing 5 users from all courses...
    23:48:28.610 | 447 ool-1-worker-211 | DEBUG | d.t.c.a.a.c.u.util.UserUtilService   : Removing 5 users from all courses. Done
    23:48:28.610 | 447 ool-1-worker-211 | DEBUG | d.t.c.a.a.c.u.util.UserUtilService   : Save 4 users to database...
    23:48:28.613 | 447 ool-1-worker-211 | DEBUG | d.t.c.a.a.c.u.util.UserUtilService   : Save 4 users to database. Done
    23:48:28.622 | 447 ool-1-worker-211 | INFO  | i.z.t.d.l.EmbeddedDatabaseReporter   : JDBC URL to connect to 'dataSource': url='jdbc:h2:tcp://localhost:41063/mem:df70fc46-7e57-4cb5-9cd0-c1d90c14afa7;USER=sa', scope='TextExerciseIntegrationTest#importTextExerciseWithExampleSubmissionFromCourseToCourse'
    23:48:28.658 | 447 ool-1-worker-211 | DEBUG | d.t.c.a.a.c.s.f.ApiVersionFilter     : Adding Version to Request POST /api/text-exercises/import/3966
    23:48:28.662 | 447 ool-1-worker-211 | DEBUG | .c.a.a.t.s.TextExerciseImportService : Creating a new Exercise based on exercise TextExercise{id=3966, exampleSolution='This is my example solution'}
    23:48:28.662 | 447 ool-1-worker-211 | DEBUG | .c.a.a.t.s.TextExerciseImportService : Copying the exercise basis from TextExercise{id=3966, exampleSolution='This is my example solution'}
    23:48:28.670 | 447 ool-1-worker-211 | DEBUG | .c.a.a.t.s.TextExerciseImportService : Copying the ExampleSubmissions to new Exercise: TextExercise{id=3967, exampleSolution='This is my example solution'}
    23:48:28.670 | 447 ool-1-worker-211 | DEBUG | .c.a.a.t.s.TextExerciseImportService : Copying the Submission to new ExampleSubmission: TextSubmission{id=null, text='', language='null'}
    23:48:28.671 | 447 ool-1-worker-211 | DEBUG | .c.a.a.t.s.TextExerciseImportService : Copying the TextBlocks to new TextSubmission: TextSubmission{id=1952, text='Lorem Ipsum', language='ENGLISH'}

  Starting logs for TextExerciseIntegrationTest > testCourseAndExamFiltersAsAdmin()
    23:48:28.710 | 447 ool-1-worker-211 | DEBUG | d.t.c.a.a.c.u.util.UserUtilService   : Generate 2 students...
    23:48:28.714 | 447 ool-1-worker-211 | DEBUG | d.t.c.a.a.c.u.util.UserUtilService   : 2 students generated. Generate 1 tutors...
    23:48:28.717 | 447 ool-1-worker-211 | DEBUG | d.t.c.a.a.c.u.util.UserUtilService   : 1 tutors generated. Generate 0 editors...
    23:48:28.718 | 447 ool-1-worker-211 | DEBUG | d.t.c.a.a.c.u.util.UserUtilService   : 0 editors generated. Generate 1 instructors...
    23:48:28.721 | 447 ool-1-worker-211 | DEBUG | d.t.c.a.a.c.u.util.UserUtilService   : 1 instructors generated
    23:48:28.722 | 447 ool-1-worker-211 | DEBUG | d.t.c.a.a.c.u.util.UserUtilService   : Removing 5 users from all courses...
    23:48:28.723 | 447 ool-1-worker-211 | DEBUG | d.t.c.a.a.c.u.util.UserUtilService   : Removing 5 users from all courses. Done
    23:48:28.723 | 447 ool-1-worker-211 | DEBUG | d.t.c.a.a.c.u.util.UserUtilService   : Save 4 users to database...
    23:48:28.727 | 447 ool-1-worker-211 | DEBUG | d.t.c.a.a.c.u.util.UserUtilService   : Save 4 users to database. Done
    23:48:28.734 | 447 ool-1-worker-211 | INFO  | i.z.t.d.l.EmbeddedDatabaseReporter   : JDBC URL to connect to 'dataSource': url='jdbc:h2:tcp://localhost:41063/mem:df70fc46-7e57-4cb5-9cd0-c1d90c14afa7;USER=sa', scope='TextExerciseIntegrationTest#testCourseAndExamFiltersAsAdmin'
    23:48:28.741 | 447 ool-1-worker-211 | DEBUG | d.t.c.a.a.c.s.f.ApiVersionFilter     : Adding Version to Request GET /api/text-exercises
    23:48:28.756 | 447 ool-1-worker-211 | DEBUG | d.t.c.a.a.c.s.f.ApiVersionFilter     : Adding Version to Request GET /api/text-exercises
    23:48:28.771 | 447 ool-1-worker-211 | DEBUG | d.t.c.a.a.c.s.f.ApiVersionFilter     : Adding Version to Request GET /api/text-exercises
    23:48:28.774 | 447 ool-1-worker-211 | DEBUG | d.t.c.a.a.c.s.f.ApiVersionFilter     : Adding Version to Request GET /api/text-exercises
    23:48:28.786 | 447 ool-1-worker-211 | DEBUG | d.t.c.a.a.c.s.f.ApiVersionFilter     : Adding Version to Request GET /api/text-exercises
    23:48:28.794 | 447 ool-1-worker-211 | DEBUG | d.t.c.a.a.c.s.f.ApiVersionFilter     : Adding Version to Request GET /api/text-exercises
    23:48:28.807 | 447 ool-1-worker-211 | DEBUG | d.t.c.a.a.c.s.f.ApiVersionFilter     : Adding Version to Request GET /api/text-exercises
    23:48:28.819 | 447 ool-1-worker-211 | DEBUG | d.t.c.a.a.c.s.f.ApiVersionFilter     : Adding Version to Request GET /api/text-exercises
    23:48:28.884 | 447 ool-1-worker-211 | DEBUG | d.t.c.a.a.c.s.f.ApiVersionFilter     : Adding Version to Request GET /api/text-exercises
    23:48:28.901 | 447 ool-1-worker-211 | DEBUG | d.t.c.a.a.c.s.f.ApiVersionFilter     : Adding Version to Request GET /api/text-exercises
    23:48:28.909 | 447 ool-1-worker-211 | DEBUG | d.t.c.a.a.c.s.f.ApiVersionFilter     : Adding Version to Request GET /api/text-exercises
    23:48:28.917 | 447 ool-1-worker-211 | DEBUG | d.t.c.a.a.c.s.f.ApiVersionFilter     : Adding Version to Request GET /api/text-exercises
    23:48:28.932 | 447 ool-1-worker-211 | DEBUG | d.t.c.a.a.c.s.f.ApiVersionFilter     : Adding Version to Request GET /api/text-exercises

  Starting logs for TextExerciseIntegrationTest > testInstructorGetResultsFromOwningExamsNotEmpty()
    23:48:28.961 | 447 ool-1-worker-211 | DEBUG | d.t.c.a.a.c.u.util.UserUtilService   : Generate 2 students...
    23:48:28.965 | 447 ool-1-worker-211 | DEBUG | d.t.c.a.a.c.u.util.UserUtilService   : 2 students generated. Generate 1 tutors...
    23:48:28.968 | 447 ool-1-worker-211 | DEBUG | d.t.c.a.a.c.u.util.UserUtilService   : 1 tutors generated. Generate 0 editors...
    23:48:28.969 | 447 ool-1-worker-211 | DEBUG | d.t.c.a.a.c.u.util.UserUtilService   : 0 editors generated. Generate 1 instructors...
    23:48:28.972 | 447 ool-1-worker-211 | DEBUG | d.t.c.a.a.c.u.util.UserUtilService   : 1 instructors generated
    23:48:28.975 | 447 ool-1-worker-211 | DEBUG | d.t.c.a.a.c.u.util.UserUtilService   : Removing 5 users from all courses...
    23:48:28.976 | 447 ool-1-worker-211 | DEBUG | d.t.c.a.a.c.u.util.UserUtilService   : Removing 5 users from all courses. Done
    23:48:28.976 | 447 ool-1-worker-211 | DEBUG | d.t.c.a.a.c.u.util.UserUtilService   : Save 4 users to database...
    23:48:28.980 | 447 ool-1-worker-211 | DEBUG | d.t.c.a.a.c.u.util.UserUtilService   : Save 4 users to database. Done
    23:48:28.990 | 447 ool-1-worker-211 | INFO  | i.z.t.d.l.EmbeddedDatabaseReporter   : JDBC URL to connect to 'dataSource': url='jdbc:h2:tcp://localhost:41063/mem:df70fc46-7e57-4cb5-9cd0-c1d90c14afa7;USER=sa', scope='TextExerciseIntegrationTest#testInstructorGetResultsFromOwningExamsNotEmpty'
    23:48:29.002 | 447 ool-1-worker-211 | DEBUG | d.t.c.a.a.c.s.f.ApiVersionFilter     : Adding Version to Request GET /api/text-exercises
    23:48:29.018 | 447 ool-1-worker-211 | DEBUG | d.t.c.a.a.c.s.f.ApiVersionFilter     : Adding Version to Request GET /api/text-exercises
    23:48:29.035 | 447 ool-1-worker-211 | DEBUG | d.t.c.a.a.c.s.f.ApiVersionFilter     : Adding Version to Request GET /api/text-exercises

  Starting logs for TextExerciseIntegrationTest > testReEvaluateAndUpdateTextExercise_isNotAtLeastInstructorInCourse_forbidden()
    23:48:29.063 | 447 ool-1-worker-211 | DEBUG | d.t.c.a.a.c.u.util.UserUtilService   : Generate 2 students...
    23:48:29.068 | 447 ool-1-worker-211 | DEBUG | d.t.c.a.a.c.u.util.UserUtilService   : 2 students generated. Generate 1 tutors...
    23:48:29.071 | 447 ool-1-worker-211 | DEBUG | d.t.c.a.a.c.u.util.UserUtilService   : 1 tutors generated. Generate 0 editors...
    23:48:29.072 | 447 ool-1-worker-211 | DEBUG | d.t.c.a.a.c.u.util.UserUtilService   : 0 editors generated. Generate 1 instructors...
    23:48:29.076 | 447 ool-1-worker-211 | DEBUG | d.t.c.a.a.c.u.util.UserUtilService   : 1 instructors generated
    23:48:29.079 | 447 ool-1-worker-211 | DEBUG | d.t.c.a.a.c.u.util.UserUtilService   : Removing 5 users from all courses...
    23:48:29.080 | 447 ool-1-worker-211 | DEBUG | d.t.c.a.a.c.u.util.UserUtilService   : Removing 5 users from all courses. Done
    23:48:29.080 | 447 ool-1-worker-211 | DEBUG | d.t.c.a.a.c.u.util.UserUtilService   : Save 4 users to database...
    23:48:29.084 | 447 ool-1-worker-211 | DEBUG | d.t.c.a.a.c.u.util.UserUtilService   : Save 4 users to database. Done
    23:48:29.096 | 447 ool-1-worker-211 | INFO  | i.z.t.d.l.EmbeddedDatabaseReporter   : JDBC URL to connect to 'dataSource': url='jdbc:h2:tcp://localhost:41063/mem:df70fc46-7e57-4cb5-9cd0-c1d90c14afa7;USER=sa', scope='TextExerciseIntegrationTest#testReEvaluateAndUpdateTextExercise_isNotAtLeastInstructorInCourse_forbidden'
    23:48:29.103 | 447 ool-1-worker-211 | DEBUG | d.t.c.a.a.c.s.f.ApiVersionFilter     : Adding Version to Request PUT /api/text-exercises/3975/re-evaluate
    23:48:29.104 | 447 ool-1-worker-211 | DEBUG | d.t.c.a.a.t.web.TextExerciseResource : REST request to re-evaluate TextExercise : TextExercise{id=3975, exampleSolution='This is my example solution'}
    23:48:29.110 | 447 ool-1-worker-211 | WARN  | o.z.p.spring.common.AdviceTraits     : Forbidden: You are not allowed to access the Course with id 3185

  Starting logs for TextExerciseIntegrationTest > testGetPlagiarismResult_isNotAtLeastInstructorInCourse_forbidden()
    23:48:29.129 | 447 ool-1-worker-211 | DEBUG | d.t.c.a.a.c.u.util.UserUtilService   : Generate 2 students...
    23:48:29.134 | 447 ool-1-worker-211 | DEBUG | d.t.c.a.a.c.u.util.UserUtilService   : 2 students generated. Generate 1 tutors...
    23:48:29.136 | 447 ool-1-worker-211 | DEBUG | d.t.c.a.a.c.u.util.UserUtilService   : 1 tutors generated. Generate 0 editors...
    23:48:29.138 | 447 ool-1-worker-211 | DEBUG | d.t.c.a.a.c.u.util.UserUtilService   : 0 editors generated. Generate 1 instructors...
    23:48:29.141 | 447 ool-1-worker-211 | DEBUG | d.t.c.a.a.c.u.util.UserUtilService   : 1 instructors generated
    23:48:29.143 | 447 ool-1-worker-211 | DEBUG | d.t.c.a.a.c.u.util.UserUtilService   : Removing 5 users from all courses...
    23:48:29.144 | 447 ool-1-worker-211 | DEBUG | d.t.c.a.a.c.u.util.UserUtilService   : Removing 5 users from all courses. Done
    23:48:29.144 | 447 ool-1-worker-211 | DEBUG | d.t.c.a.a.c.u.util.UserUtilService   : Save 4 users to database...
    23:48:29.148 | 447 ool-1-worker-211 | DEBUG | d.t.c.a.a.c.u.util.UserUtilService   : Save 4 users to database. Done
    23:48:29.158 | 447 ool-1-worker-211 | INFO  | i.z.t.d.l.EmbeddedDatabaseReporter   : JDBC URL to connect to 'dataSource': url='jdbc:h2:tcp://localhost:41063/mem:df70fc46-7e57-4cb5-9cd0-c1d90c14afa7;USER=sa', scope='TextExerciseIntegrationTest#testGetPlagiarismResult_isNotAtLeastInstructorInCourse_forbidden'
    23:48:29.166 | 447 ool-1-worker-211 | DEBUG | d.t.c.a.a.c.s.f.ApiVersionFilter     : Adding Version to Request GET /api/text-exercises/3976/plagiarism-result
    23:48:29.167 | 447 ool-1-worker-211 | DEBUG | d.t.c.a.a.t.web.TextExerciseResource : REST request to get the latest plagiarism result for the text exercise with id: 3976
    23:48:29.171 | 447 ool-1-worker-211 | WARN  | o.z.p.spring.common.AdviceTraits     : Forbidden: You are not allowed to access the Course with id 3186

  Starting logs for TextExerciseIntegrationTest > testGetPlagiarismResultWithoutResult()
    23:48:29.186 | 447 ool-1-worker-211 | DEBUG | d.t.c.a.a.c.u.util.UserUtilService   : Generate 2 students...
    23:48:29.191 | 447 ool-1-worker-211 | DEBUG | d.t.c.a.a.c.u.util.UserUtilService   : 2 students generated. Generate 1 tutors...
    23:48:29.194 | 447 ool-1-worker-211 | DEBUG | d.t.c.a.a.c.u.util.UserUtilService   : 1 tutors generated. Generate 0 editors...
    23:48:29.195 | 447 ool-1-worker-211 | DEBUG | d.t.c.a.a.c.u.util.UserUtilService   : 0 editors generated. Generate 1 instructors...
    23:48:29.198 | 447 ool-1-worker-211 | DEBUG | d.t.c.a.a.c.u.util.UserUtilService   : 1 instructors generated
    23:48:29.200 | 447 ool-1-worker-211 | DEBUG | d.t.c.a.a.c.u.util.UserUtilService   : Removing 5 users from all courses...
    23:48:29.201 | 447 ool-1-worker-211 | DEBUG | d.t.c.a.a.c.u.util.UserUtilService   : Removing 5 users from all courses. Done
    23:48:29.201 | 447 ool-1-worker-211 | DEBUG | d.t.c.a.a.c.u.util.UserUtilService   : Save 4 users to database...
    23:48:29.205 | 447 ool-1-worker-211 | DEBUG | d.t.c.a.a.c.u.util.UserUtilService   : Save 4 users to database. Done
    23:48:29.214 | 447 ool-1-worker-211 | INFO  | i.z.t.d.l.EmbeddedDatabaseReporter   : JDBC URL to connect to 'dataSource': url='jdbc:h2:tcp://localhost:41063/mem:df70fc46-7e57-4cb5-9cd0-c1d90c14afa7;USER=sa', scope='TextExerciseIntegrationTest#testGetPlagiarismResultWithoutResult'
    23:48:29.216 | 447 ool-1-worker-211 | DEBUG | d.t.c.a.a.c.s.f.ApiVersionFilter     : Adding Version to Request GET /api/text-exercises/3977/plagiarism-result
    23:48:29.216 | 447 ool-1-worker-211 | DEBUG | d.t.c.a.a.t.web.TextExerciseResource : REST request to get the latest plagiarism result for the text exercise with id: 3977

  Starting logs for TextExerciseIntegrationTest > getExamTextExerciseAsInstructor()
    23:48:29.234 | 447 ool-1-worker-211 | DEBUG | d.t.c.a.a.c.u.util.UserUtilService   : Generate 2 students...
    23:48:29.242 | 447 ool-1-worker-211 | DEBUG | d.t.c.a.a.c.u.util.UserUtilService   : 2 students generated. Generate 1 tutors...
    23:48:29.245 | 447 ool-1-worker-211 | DEBUG | d.t.c.a.a.c.u.util.UserUtilService   : 1 tutors generated. Generate 0 editors...
    23:48:29.246 | 447 ool-1-worker-211 | DEBUG | d.t.c.a.a.c.u.util.UserUtilService   : 0 editors generated. Generate 1 instructors...
    23:48:29.249 | 447 ool-1-worker-211 | DEBUG | d.t.c.a.a.c.u.util.UserUtilService   : 1 instructors generated
    23:48:29.251 | 447 ool-1-worker-211 | DEBUG | d.t.c.a.a.c.u.util.UserUtilService   : Removing 5 users from all courses...
    23:48:29.252 | 447 ool-1-worker-211 | DEBUG | d.t.c.a.a.c.u.util.UserUtilService   : Removing 5 users from all courses. Done
    23:48:29.252 | 447 ool-1-worker-211 | DEBUG | d.t.c.a.a.c.u.util.UserUtilService   : Save 4 users to database...
    23:48:29.255 | 447 ool-1-worker-211 | DEBUG | d.t.c.a.a.c.u.util.UserUtilService   : Save 4 users to database. Done
    23:48:29.267 | 447 ool-1-worker-211 | INFO  | i.z.t.d.l.EmbeddedDatabaseReporter   : JDBC URL to connect to 'dataSource': url='jdbc:h2:tcp://localhost:41063/mem:df70fc46-7e57-4cb5-9cd0-c1d90c14afa7;USER=sa', scope='TextExerciseIntegrationTest#getExamTextExerciseAsInstructor'
    23:48:29.273 | 447 ool-1-worker-211 | DEBUG | d.t.c.a.a.c.s.f.ApiVersionFilter     : Adding Version to Request GET /api/text-exercises/3979
    23:48:29.273 | 447 ool-1-worker-211 | DEBUG | d.t.c.a.a.t.web.TextExerciseResource : REST request to get TextExercise : 3979

  Starting logs for TextExerciseIntegrationTest > testCheckPlagiarismIdenticalLongTexts()
    23:48:29.296 | 447 ool-1-worker-211 | DEBUG | d.t.c.a.a.c.u.util.UserUtilService   : Generate 2 students...
    23:48:29.300 | 447 ool-1-worker-211 | DEBUG | d.t.c.a.a.c.u.util.UserUtilService   : 2 students generated. Generate 1 tutors...
    23:48:29.303 | 447 ool-1-worker-211 | DEBUG | d.t.c.a.a.c.u.util.UserUtilService   : 1 tutors generated. Generate 0 editors...
    23:48:29.304 | 447 ool-1-worker-211 | DEBUG | d.t.c.a.a.c.u.util.UserUtilService   : 0 editors generated. Generate 1 instructors...
    23:48:29.306 | 447 ool-1-worker-211 | DEBUG | d.t.c.a.a.c.u.util.UserUtilService   : 1 instructors generated
    23:48:29.307 | 447 ool-1-worker-211 | DEBUG | d.t.c.a.a.c.u.util.UserUtilService   : Removing 5 users from all courses...
    23:48:29.308 | 447 ool-1-worker-211 | DEBUG | d.t.c.a.a.c.u.util.UserUtilService   : Removing 5 users from all courses. Done
    23:48:29.308 | 447 ool-1-worker-211 | DEBUG | d.t.c.a.a.c.u.util.UserUtilService   : Save 4 users to database...
    23:48:29.310 | 447 ool-1-worker-211 | DEBUG | d.t.c.a.a.c.u.util.UserUtilService   : Save 4 users to database. Done
    23:48:29.317 | 447 ool-1-worker-211 | INFO  | i.z.t.d.l.EmbeddedDatabaseReporter   : JDBC URL to connect to 'dataSource': url='jdbc:h2:tcp://localhost:41063/mem:df70fc46-7e57-4cb5-9cd0-c1d90c14afa7;USER=sa', scope='TextExerciseIntegrationTest#testCheckPlagiarismIdenticalLongTexts'
    23:48:29.351 | 447 ool-1-worker-211 | DEBUG | d.t.c.a.a.c.s.f.ApiVersionFilter     : Adding Version to Request GET /api/text-exercises/3980/check-plagiarism
    23:48:29.355 | 447 ool-1-worker-211 | INFO  | d.t.c.a.a.t.web.TextExerciseResource : Started manual plagiarism checks for text exercise: exerciseId=3980.
    23:48:29.356 | 447 ool-1-worker-211 | INFO  | a.p.s.TextPlagiarismDetectionService : Found 2 text submissions in exercise 3980
    23:48:29.357 | 447 ool-1-worker-211 | INFO  | a.p.s.TextPlagiarismDetectionService : Save text submissions for JPlag text comparison with 2 submissions
    23:48:29.358 | 447 ool-1-worker-211 | INFO  | a.p.s.TextPlagiarismDetectionService : Saving text submissions done
    23:48:29.359 | 447 ool-1-worker-211 | INFO  | e.s.nlp.pipeline.StanfordCoreNLP     : Adding annotator tokenize
    23:48:29.359 | 447 ool-1-worker-211 | INFO  | a.p.s.TextPlagiarismDetectionService : Start JPlag Text comparison
    23:48:29.359 | 447 ool-1-worker-211 | INFO  | d.j.l.ProgressBarLogger$DummyBar     : Loading Submissions   (2)
    23:48:29.359 | 447 ool-1-worker-211 | INFO  | d.j.l.ProgressBarLogger$DummyBar     : Now at step 0
    23:48:29.359 | 447 ool-1-worker-211 | INFO  | d.j.l.ProgressBarLogger$DummyBar     : Now at step 1
    23:48:29.359 | 447 ool-1-worker-211 | INFO  | d.j.l.ProgressBarLogger$DummyBar     : Progress bar done.
    23:48:29.359 | 447 ool-1-worker-211 | INFO  | d.j.l.ProgressBarLogger$DummyBar     : Parsing Submissions   (2)
    23:48:29.368 | 447 ool-1-worker-211 | WARN  | de.jplag.Token                       : Creating a token with column index 0 while index is 1-based
    23:48:29.373 | 447 ool-1-worker-211 | INFO  | d.j.l.ProgressBarLogger$DummyBar     : Now at step 0
    23:48:29.384 | 447 ool-1-worker-211 | WARN  | de.jplag.Token                       : Creating a token with column index 0 while index is 1-based
    23:48:29.384 | 447 ool-1-worker-211 | INFO  | d.j.l.ProgressBarLogger$DummyBar     : Now at step 1
    23:48:29.384 | 447 ool-1-worker-211 | INFO  | d.j.l.ProgressBarLogger$DummyBar     : Progress bar done.
    23:48:29.384 | 447 ool-1-worker-211 | INFO  | d.j.l.ProgressBarLogger$DummyBar     : Comparing Submissions (1)
    23:48:29.386 | 447 ool-1-worker-211 | INFO  | d.j.l.ProgressBarLogger$DummyBar     : Now at step 0
    23:48:29.386 | 447 ool-1-worker-211 | INFO  | d.j.l.ProgressBarLogger$DummyBar     : Progress bar done.
    23:48:29.386 | 447 ool-1-worker-211 | INFO  | de.jplag.JPlag                       : Total time for comparing submissions: 0h 00min 00s 002ms
    23:48:29.386 | 447 ool-1-worker-211 | WARN  | d.jplag.clustering.ClusteringFactory : Cluster calculation disabled (as requested)!
    23:48:29.386 | 447 ool-1-worker-211 | INFO  | a.p.s.TextPlagiarismDetectionService : JPlag Text comparison finished with 1 comparisons. Will limit the number of comparisons to 500
    23:48:29.386 | 447 ool-1-worker-211 | INFO  | a.p.s.TextPlagiarismDetectionService : Delete submission folder
    23:48:29.387 | 447 ool-1-worker-211 | INFO  | a.p.s.TextPlagiarismDetectionService : JPlag text comparison for 2 submissions done in 31.24ms
    23:48:29.387 | 447 ool-1-worker-211 | INFO  | c.a.a.p.s.PlagiarismDetectionService : Finished textPlagiarismDetectionService.checkPlagiarism for exercise 3980 with 1 comparisons,
    23:48:29.406 | 447 ool-1-worker-211 | INFO  | d.t.c.a.a.t.web.TextExerciseResource : Finished manual plagiarism checks for text exercise: exerciseId=3980, elapsed=50.63ms.
    23:48:29.425 | 447 ool-1-worker-211 | DEBUG | d.t.c.a.a.c.s.f.ApiVersionFilter     : Adding Version to Request PUT /api/courses/3190/plagiarism-comparisons/274/status
    23:48:29.426 | 447 ool-1-worker-211 | INFO  | d.t.c.a.a.p.web.PlagiarismResource   : REST request to update the status CONFIRMED of the plagiarism comparison with id: 274
    23:48:29.435 | 447 ool-1-worker-211 | INFO  | d.t.c.a.a.p.web.PlagiarismResource   : Finished updating the status CONFIRMED of the plagiarism comparison with id: 274
    23:48:29.441 | 447 ool-1-worker-211 | DEBUG | d.t.c.a.a.c.s.f.ApiVersionFilter     : Adding Version to Request PUT /api/courses/3190/plagiarism-comparisons/274/status
    23:48:29.442 | 447 ool-1-worker-211 | INFO  | d.t.c.a.a.p.web.PlagiarismResource   : REST request to update the status DENIED of the plagiarism comparison with id: 274
    23:48:29.456 | 447 ool-1-worker-211 | INFO  | d.t.c.a.a.p.web.PlagiarismResource   : Finished updating the status DENIED of the plagiarism comparison with id: 274
    23:48:29.459 | 447 ool-1-worker-211 | DEBUG | d.t.c.a.a.c.s.f.ApiVersionFilter     : Adding Version to Request PUT /api/courses/3190/plagiarism-comparisons/274/status
    23:48:29.460 | 447 ool-1-worker-211 | INFO  | d.t.c.a.a.p.web.PlagiarismResource   : REST request to update the status NONE of the plagiarism comparison with id: 274
    23:48:29.463 | 447 ool-1-worker-211 | INFO  | d.t.c.a.a.p.web.PlagiarismResource   : Finished updating the status NONE of the plagiarism comparison with id: 274

  Starting logs for TextExerciseIntegrationTest > importTextExerciseFromCourseToCourse_exampleSolutionPublicationDate()
    23:48:29.479 | 447 ool-1-worker-211 | DEBUG | d.t.c.a.a.c.u.util.UserUtilService   : Generate 2 students...
    23:48:29.484 | 447 ool-1-worker-211 | DEBUG | d.t.c.a.a.c.u.util.UserUtilService   : 2 students generated. Generate 1 tutors...
    23:48:29.487 | 447 ool-1-worker-211 | DEBUG | d.t.c.a.a.c.u.util.UserUtilService   : 1 tutors generated. Generate 0 editors...
    23:48:29.488 | 447 ool-1-worker-211 | DEBUG | d.t.c.a.a.c.u.util.UserUtilService   : 0 editors generated. Generate 1 instructors...
    23:48:29.491 | 447 ool-1-worker-211 | DEBUG | d.t.c.a.a.c.u.util.UserUtilService   : 1 instructors generated
    23:48:29.493 | 447 ool-1-worker-211 | DEBUG | d.t.c.a.a.c.u.util.UserUtilService   : Removing 5 users from all courses...
    23:48:29.494 | 447 ool-1-worker-211 | DEBUG | d.t.c.a.a.c.u.util.UserUtilService   : Removing 5 users from all courses. Done
    23:48:29.494 | 447 ool-1-worker-211 | DEBUG | d.t.c.a.a.c.u.util.UserUtilService   : Save 4 users to database...
    23:48:29.498 | 447 ool-1-worker-211 | DEBUG | d.t.c.a.a.c.u.util.UserUtilService   : Save 4 users to database. Done
    23:48:29.514 | 447 ool-1-worker-211 | INFO  | i.z.t.d.l.EmbeddedDatabaseReporter   : JDBC URL to connect to 'dataSource': url='jdbc:h2:tcp://localhost:41063/mem:df70fc46-7e57-4cb5-9cd0-c1d90c14afa7;USER=sa', scope='TextExerciseIntegrationTest#importTextExerciseFromCourseToCourse_exampleSolutionPublicationDate'
    23:48:29.521 | 447 ool-1-worker-211 | DEBUG | d.t.c.a.a.c.s.f.ApiVersionFilter     : Adding Version to Request POST /api/text-exercises/import/3982
    23:48:29.525 | 447 ool-1-worker-211 | DEBUG | .c.a.a.t.s.TextExerciseImportService : Creating a new Exercise based on exercise TextExercise{id=3982, exampleSolution='This is my example solution'}
    23:48:29.525 | 447 ool-1-worker-211 | DEBUG | .c.a.a.t.s.TextExerciseImportService : Copying the exercise basis from TextExercise{id=3982, exampleSolution='This is my example solution'}
    23:48:29.532 | 447 ool-1-worker-211 | DEBUG | .c.a.a.t.s.TextExerciseImportService : Copying the ExampleSubmissions to new Exercise: TextExercise{id=3983, exampleSolution='This is my example solution'}

Finished logs for TextExerciseIntegrationTest
]]></system-out>
  <system-err><![CDATA[]]></system-err>
</testsuite>
