<?xml version="1.0" encoding="UTF-8"?>
<testsuite name="de.tum.cit.aet.artemis.communication.ConversationIntegrationTest" tests="25" skipped="0" failures="0" errors="0" timestamp="2025-02-14T23:43:41" hostname="fv-az1721-502" time="2.501">
  <properties/>
  <testcase name="codeOfConduct_isAccepted()" classname="de.tum.cit.aet.artemis.communication.ConversationIntegrationTest" time="0.112"/>
  <testcase name="updateIsMuted_shouldToggleIsMuted()" classname="de.tum.cit.aet.artemis.communication.ConversationIntegrationTest" time="0.082"/>
  <testcase name="updateIsMuted_shouldToggleIsMuted_IfNoParticipant()" classname="de.tum.cit.aet.artemis.communication.ConversationIntegrationTest" time="0.056"/>
  <testcase name="unreadMessages_shouldReturnCorrectValue_NoMessage()" classname="de.tum.cit.aet.artemis.communication.ConversationIntegrationTest" time="0.069"/>
  <testcase name="updateIsHidden_messagingFeatureDeactivated_shouldReturnForbidden()" classname="de.tum.cit.aet.artemis.communication.ConversationIntegrationTest" time="0.058"/>
  <testcase name="updateIsHidden_shouldToggleIsHidden()" classname="de.tum.cit.aet.artemis.communication.ConversationIntegrationTest" time="0.102"/>
  <testcase name="responsibleUsers_shouldReturnCorrectValue()" classname="de.tum.cit.aet.artemis.communication.ConversationIntegrationTest" time="0.065"/>
  <testcase name="unreadMessages_shouldReturnCorrectValue_Message()" classname="de.tum.cit.aet.artemis.communication.ConversationIntegrationTest" time="0.142"/>
  <testcase name="updateIsHidden_shouldToggleIsHidden_IfNoParticipant()" classname="de.tum.cit.aet.artemis.communication.ConversationIntegrationTest" time="0.075"/>
  <testcase name="markMessagesAsRead()" classname="de.tum.cit.aet.artemis.communication.ConversationIntegrationTest" time="0.048"/>
  <testcase name="codeOfConduct_accept()" classname="de.tum.cit.aet.artemis.communication.ConversationIntegrationTest" time="0.171"/>
  <testcase name="updateIsFavorite_messagingFeatureDeactivated_shouldReturnForbidden()" classname="de.tum.cit.aet.artemis.communication.ConversationIntegrationTest" time="0.075"/>
  <testcase name="shouldNotReturnChannelIfExerciseOrLectureOrExamHidden_asStudent()" classname="de.tum.cit.aet.artemis.communication.ConversationIntegrationTest" time="0.098"/>
  <testcase name="searchMembersOfConversation_shouldFindMembersWhereLoginOrNameMatches()" classname="de.tum.cit.aet.artemis.communication.ConversationIntegrationTest" time="0.203"/>
  <testcase name="updateIsFavorite_shouldToggleIsFavorite_IfNoParticipant()" classname="de.tum.cit.aet.artemis.communication.ConversationIntegrationTest" time="0.065"/>
  <testcase name="getConversationsOfUser_onlyFewDatabaseCalls()" classname="de.tum.cit.aet.artemis.communication.ConversationIntegrationTest" time="0.195"/>
  <testcase name="[1] courseInformationSharingConfiguration=DISABLED, expectedStatus=403 FORBIDDEN" classname="de.tum.cit.aet.artemis.communication.ConversationIntegrationTest" time="0.072"/>
  <testcase name="[2] courseInformationSharingConfiguration=COMMUNICATION_AND_MESSAGING, expectedStatus=200 OK" classname="de.tum.cit.aet.artemis.communication.ConversationIntegrationTest" time="0.096"/>
  <testcase name="[3] courseInformationSharingConfiguration=COMMUNICATION_ONLY, expectedStatus=200 OK" classname="de.tum.cit.aet.artemis.communication.ConversationIntegrationTest" time="0.052"/>
  <testcase name="updateIsFavorite_shouldToggleIsFavorite()" classname="de.tum.cit.aet.artemis.communication.ConversationIntegrationTest" time="0.093"/>
  <testcase name="getConversationsOfUser_shouldReturnConversationsWhereMember()" classname="de.tum.cit.aet.artemis.communication.ConversationIntegrationTest" time="0.181"/>
  <testcase name="searchConversationMembers_messagingFeatureDeactivated_shouldReturnForbidden()" classname="de.tum.cit.aet.artemis.communication.ConversationIntegrationTest" time="0.063"/>
  <testcase name="updateIsMuted_messagingFeatureDeactivated_shouldReturnForbidden()" classname="de.tum.cit.aet.artemis.communication.ConversationIntegrationTest" time="0.058"/>
  <testcase name="shouldReturnChannelIfExerciseOrLectureOrExamHidden_asTutor()" classname="de.tum.cit.aet.artemis.communication.ConversationIntegrationTest" time="0.073"/>
  <testcase name="getConversationsOfUser_onlyChannelsIfMessagingDisabled()" classname="de.tum.cit.aet.artemis.communication.ConversationIntegrationTest" time="0.145"/>
  <system-out><![CDATA[
Starting logs for ConversationIntegrationTest

  Starting logs for ConversationIntegrationTest > codeOfConduct_isAccepted()
    23:43:41.500 | 134 Pool-1-worker-49 | DEBUG | d.t.c.a.a.c.u.util.UserUtilService   : Generate 1 students...
    23:43:41.504 | 134 Pool-1-worker-49 | DEBUG | d.t.c.a.a.c.u.util.UserUtilService   : 1 students generated. Generate 1 tutors...
    23:43:41.510 | 134 Pool-1-worker-49 | DEBUG | d.t.c.a.a.c.u.util.UserUtilService   : 1 tutors generated. Generate 1 editors...
    23:43:41.515 | 134 Pool-1-worker-49 | DEBUG | d.t.c.a.a.c.u.util.UserUtilService   : 1 editors generated. Generate 1 instructors...
    23:43:41.517 | 134 Pool-1-worker-49 | DEBUG | d.t.c.a.a.c.u.util.UserUtilService   : 1 instructors generated
    23:43:41.521 | 134 Pool-1-worker-49 | DEBUG | d.t.c.a.a.c.u.util.UserUtilService   : Removing 7 users from all courses...
    23:43:41.525 | 134 Pool-1-worker-49 | DEBUG | d.t.c.a.a.c.u.util.UserUtilService   : Removing 7 users from all courses. Done
    23:43:41.525 | 134 Pool-1-worker-49 | DEBUG | d.t.c.a.a.c.u.util.UserUtilService   : Save 4 users to database...
    23:43:41.530 | 134 Pool-1-worker-49 | DEBUG | d.t.c.a.a.c.u.util.UserUtilService   : Save 4 users to database. Done
    23:43:41.532 | 134 Pool-1-worker-49 | INFO  | i.z.t.d.l.EmbeddedDatabaseReporter   : JDBC URL to connect to 'dataSource': url='jdbc:h2:tcp://localhost:41063/mem:df70fc46-7e57-4cb5-9cd0-c1d90c14afa7;USER=sa', scope='ConversationIntegrationTest#codeOfConduct_isAccepted'
    23:43:41.533 | 134 Pool-1-worker-49 | DEBUG | d.t.c.a.a.c.s.f.ApiVersionFilter     : Adding Version to Request GET /api/courses/968/code-of-conduct/agreement

  Starting logs for ConversationIntegrationTest > updateIsMuted_shouldToggleIsMuted()
    23:43:41.585 | 134 Pool-1-worker-49 | DEBUG | d.t.c.a.a.c.u.util.UserUtilService   : Generate 1 students...
    23:43:41.588 | 134 Pool-1-worker-49 | DEBUG | d.t.c.a.a.c.u.util.UserUtilService   : 1 students generated. Generate 1 tutors...
    23:43:41.590 | 134 Pool-1-worker-49 | DEBUG | d.t.c.a.a.c.u.util.UserUtilService   : 1 tutors generated. Generate 1 editors...
    23:43:41.593 | 134 Pool-1-worker-49 | DEBUG | d.t.c.a.a.c.u.util.UserUtilService   : 1 editors generated. Generate 1 instructors...
    23:43:41.596 | 134 Pool-1-worker-49 | DEBUG | d.t.c.a.a.c.u.util.UserUtilService   : 1 instructors generated
    23:43:41.597 | 134 Pool-1-worker-49 | DEBUG | d.t.c.a.a.c.u.util.UserUtilService   : Removing 4 users from all courses...
    23:43:41.598 | 134 Pool-1-worker-49 | DEBUG | d.t.c.a.a.c.u.util.UserUtilService   : Removing 4 users from all courses. Done
    23:43:41.598 | 134 Pool-1-worker-49 | DEBUG | d.t.c.a.a.c.u.util.UserUtilService   : Save 4 users to database...
    23:43:41.606 | 134 Pool-1-worker-49 | DEBUG | d.t.c.a.a.c.u.util.UserUtilService   : Save 4 users to database. Done
    23:43:41.607 | 134 Pool-1-worker-49 | INFO  | i.z.t.d.l.EmbeddedDatabaseReporter   : JDBC URL to connect to 'dataSource': url='jdbc:h2:tcp://localhost:41063/mem:df70fc46-7e57-4cb5-9cd0-c1d90c14afa7;USER=sa', scope='ConversationIntegrationTest#updateIsMuted_shouldToggleIsMuted'
    23:43:41.608 | 134 Pool-1-worker-49 | DEBUG | d.t.c.a.a.c.s.f.ApiVersionFilter     : Adding Version to Request POST /api/courses/969/channels
    23:43:41.609 | 134 Pool-1-worker-49 | DEBUG | d.t.c.a.a.c.w.c.ChannelResource      : REST request to create channel in course 969 with properties : ChannelDTO{subType='null', name='cvtest', description='general channel', topic='null', isPublic=false, isAnnouncementChannel=false, isArchived=false, isCourseWide=false, isChannelModerator=false, hasChannelModerationRights=false, tutorialGroupId=null, tutorialGroupTitle=null}ConversationDTO{type='channel', id=null, creationDate=null, lastMessageDate=null, unreadMessageCount=null, lastReadDate=null, isMember=null, isFavorite=null, isHidden=null, isCreator=null, numberOfMembers=null, creator=}
    23:43:41.627 | 134 Pool-1-worker-49 | DEBUG | d.t.c.a.a.c.s.f.ApiVersionFilter     : Adding Version to Request POST /api/courses/969/conversations/622/muted
    23:43:41.634 | 134 Pool-1-worker-49 | DEBUG | d.t.c.a.a.c.s.f.ApiVersionFilter     : Adding Version to Request POST /api/courses/969/conversations/622/muted

  Starting logs for ConversationIntegrationTest > updateIsMuted_shouldToggleIsMuted_IfNoParticipant()
    23:43:41.662 | 134 Pool-1-worker-49 | DEBUG | d.t.c.a.a.c.u.util.UserUtilService   : Generate 1 students...
    23:43:41.665 | 134 Pool-1-worker-49 | DEBUG | d.t.c.a.a.c.u.util.UserUtilService   : 1 students generated. Generate 1 tutors...
    23:43:41.668 | 134 Pool-1-worker-49 | DEBUG | d.t.c.a.a.c.u.util.UserUtilService   : 1 tutors generated. Generate 1 editors...
    23:43:41.671 | 134 Pool-1-worker-49 | DEBUG | d.t.c.a.a.c.u.util.UserUtilService   : 1 editors generated. Generate 1 instructors...
    23:43:41.673 | 134 Pool-1-worker-49 | DEBUG | d.t.c.a.a.c.u.util.UserUtilService   : 1 instructors generated
    23:43:41.674 | 134 Pool-1-worker-49 | DEBUG | d.t.c.a.a.c.u.util.UserUtilService   : Removing 4 users from all courses...
    23:43:41.675 | 134 Pool-1-worker-49 | DEBUG | d.t.c.a.a.c.u.util.UserUtilService   : Removing 4 users from all courses. Done
    23:43:41.675 | 134 Pool-1-worker-49 | DEBUG | d.t.c.a.a.c.u.util.UserUtilService   : Save 4 users to database...
    23:43:41.681 | 134 Pool-1-worker-49 | DEBUG | d.t.c.a.a.c.u.util.UserUtilService   : Save 4 users to database. Done
    23:43:41.682 | 134 Pool-1-worker-49 | INFO  | i.z.t.d.l.EmbeddedDatabaseReporter   : JDBC URL to connect to 'dataSource': url='jdbc:h2:tcp://localhost:41063/mem:df70fc46-7e57-4cb5-9cd0-c1d90c14afa7;USER=sa', scope='ConversationIntegrationTest#updateIsMuted_shouldToggleIsMuted_IfNoParticipant'
    23:43:41.684 | 134 Pool-1-worker-49 | DEBUG | d.t.c.a.a.c.s.f.ApiVersionFilter     : Adding Version to Request POST /api/courses/970/conversations/623/muted
    23:43:41.691 | 134 Pool-1-worker-49 | DEBUG | d.t.c.a.a.c.s.f.ApiVersionFilter     : Adding Version to Request POST /api/courses/970/conversations/623/muted

  Starting logs for ConversationIntegrationTest > unreadMessages_shouldReturnCorrectValue_NoMessage()
    23:43:41.729 | 134 Pool-1-worker-49 | DEBUG | d.t.c.a.a.c.u.util.UserUtilService   : Generate 1 students...
    23:43:41.735 | 134 Pool-1-worker-49 | DEBUG | d.t.c.a.a.c.u.util.UserUtilService   : 1 students generated. Generate 1 tutors...
    23:43:41.737 | 134 Pool-1-worker-49 | DEBUG | d.t.c.a.a.c.u.util.UserUtilService   : 1 tutors generated. Generate 1 editors...
    23:43:41.743 | 134 Pool-1-worker-49 | DEBUG | d.t.c.a.a.c.u.util.UserUtilService   : 1 editors generated. Generate 1 instructors...
    23:43:41.747 | 134 Pool-1-worker-49 | DEBUG | d.t.c.a.a.c.u.util.UserUtilService   : 1 instructors generated
    23:43:41.748 | 134 Pool-1-worker-49 | DEBUG | d.t.c.a.a.c.u.util.UserUtilService   : Removing 4 users from all courses...
    23:43:41.751 | 134 Pool-1-worker-49 | DEBUG | d.t.c.a.a.c.u.util.UserUtilService   : Removing 4 users from all courses. Done
    23:43:41.751 | 134 Pool-1-worker-49 | DEBUG | d.t.c.a.a.c.u.util.UserUtilService   : Save 4 users to database...
    23:43:41.761 | 134 Pool-1-worker-49 | DEBUG | d.t.c.a.a.c.u.util.UserUtilService   : Save 4 users to database. Done
    23:43:41.761 | 134 Pool-1-worker-49 | INFO  | i.z.t.d.l.EmbeddedDatabaseReporter   : JDBC URL to connect to 'dataSource': url='jdbc:h2:tcp://localhost:41063/mem:df70fc46-7e57-4cb5-9cd0-c1d90c14afa7;USER=sa', scope='ConversationIntegrationTest#unreadMessages_shouldReturnCorrectValue_NoMessage'
    23:43:41.763 | 134 Pool-1-worker-49 | DEBUG | d.t.c.a.a.c.s.f.ApiVersionFilter     : Adding Version to Request GET /api/courses/971/unread-messages

  Starting logs for ConversationIntegrationTest > updateIsHidden_messagingFeatureDeactivated_shouldReturnForbidden()
    23:43:41.791 | 134 Pool-1-worker-49 | DEBUG | d.t.c.a.a.c.u.util.UserUtilService   : Generate 1 students...
    23:43:41.794 | 134 Pool-1-worker-49 | DEBUG | d.t.c.a.a.c.u.util.UserUtilService   : 1 students generated. Generate 1 tutors...
    23:43:41.796 | 134 Pool-1-worker-49 | DEBUG | d.t.c.a.a.c.u.util.UserUtilService   : 1 tutors generated. Generate 1 editors...
    23:43:41.799 | 134 Pool-1-worker-49 | DEBUG | d.t.c.a.a.c.u.util.UserUtilService   : 1 editors generated. Generate 1 instructors...
    23:43:41.801 | 134 Pool-1-worker-49 | DEBUG | d.t.c.a.a.c.u.util.UserUtilService   : 1 instructors generated
    23:43:41.803 | 134 Pool-1-worker-49 | DEBUG | d.t.c.a.a.c.u.util.UserUtilService   : Removing 4 users from all courses...
    23:43:41.804 | 134 Pool-1-worker-49 | DEBUG | d.t.c.a.a.c.u.util.UserUtilService   : Removing 4 users from all courses. Done
    23:43:41.804 | 134 Pool-1-worker-49 | DEBUG | d.t.c.a.a.c.u.util.UserUtilService   : Save 4 users to database...
    23:43:41.807 | 134 Pool-1-worker-49 | DEBUG | d.t.c.a.a.c.u.util.UserUtilService   : Save 4 users to database. Done
    23:43:41.808 | 134 Pool-1-worker-49 | INFO  | i.z.t.d.l.EmbeddedDatabaseReporter   : JDBC URL to connect to 'dataSource': url='jdbc:h2:tcp://localhost:41063/mem:df70fc46-7e57-4cb5-9cd0-c1d90c14afa7;USER=sa', scope='ConversationIntegrationTest#updateIsHidden_messagingFeatureDeactivated_shouldReturnForbidden'
    23:43:41.809 | 134 Pool-1-worker-49 | DEBUG | d.t.c.a.a.c.s.f.ApiVersionFilter     : Adding Version to Request POST /api/courses/972/channels
    23:43:41.810 | 134 Pool-1-worker-49 | DEBUG | d.t.c.a.a.c.w.c.ChannelResource      : REST request to create channel in course 972 with properties : ChannelDTO{subType='null', name='cvtest', description='general channel', topic='null', isPublic=false, isAnnouncementChannel=false, isArchived=false, isCourseWide=false, isChannelModerator=false, hasChannelModerationRights=false, tutorialGroupId=null, tutorialGroupTitle=null}ConversationDTO{type='channel', id=null, creationDate=null, lastMessageDate=null, unreadMessageCount=null, lastReadDate=null, isMember=null, isFavorite=null, isHidden=null, isCreator=null, numberOfMembers=null, creator=}
    23:43:41.824 | 134 Pool-1-worker-49 | DEBUG | d.t.c.a.a.c.s.f.ApiVersionFilter     : Adding Version to Request POST /api/courses/972/conversations/624/hidden
    23:43:41.826 | 134 Pool-1-worker-49 | WARN  | o.z.p.spring.common.AdviceTraits     : Forbidden: 403 FORBIDDEN "Messaging is not enabled for this course"

  Starting logs for ConversationIntegrationTest > updateIsHidden_shouldToggleIsHidden()
    23:43:41.851 | 134 Pool-1-worker-49 | DEBUG | d.t.c.a.a.c.u.util.UserUtilService   : Generate 1 students...
    23:43:41.854 | 134 Pool-1-worker-49 | DEBUG | d.t.c.a.a.c.u.util.UserUtilService   : 1 students generated. Generate 1 tutors...
    23:43:41.857 | 134 Pool-1-worker-49 | DEBUG | d.t.c.a.a.c.u.util.UserUtilService   : 1 tutors generated. Generate 1 editors...
    23:43:41.859 | 134 Pool-1-worker-49 | DEBUG | d.t.c.a.a.c.u.util.UserUtilService   : 1 editors generated. Generate 1 instructors...
    23:43:41.862 | 134 Pool-1-worker-49 | DEBUG | d.t.c.a.a.c.u.util.UserUtilService   : 1 instructors generated
    23:43:41.863 | 134 Pool-1-worker-49 | DEBUG | d.t.c.a.a.c.u.util.UserUtilService   : Removing 4 users from all courses...
    23:43:41.864 | 134 Pool-1-worker-49 | DEBUG | d.t.c.a.a.c.u.util.UserUtilService   : Removing 4 users from all courses. Done
    23:43:41.864 | 134 Pool-1-worker-49 | DEBUG | d.t.c.a.a.c.u.util.UserUtilService   : Save 4 users to database...
    23:43:41.871 | 134 Pool-1-worker-49 | DEBUG | d.t.c.a.a.c.u.util.UserUtilService   : Save 4 users to database. Done
    23:43:41.871 | 134 Pool-1-worker-49 | INFO  | i.z.t.d.l.EmbeddedDatabaseReporter   : JDBC URL to connect to 'dataSource': url='jdbc:h2:tcp://localhost:41063/mem:df70fc46-7e57-4cb5-9cd0-c1d90c14afa7;USER=sa', scope='ConversationIntegrationTest#updateIsHidden_shouldToggleIsHidden'
    23:43:41.873 | 134 Pool-1-worker-49 | DEBUG | d.t.c.a.a.c.s.f.ApiVersionFilter     : Adding Version to Request POST /api/courses/973/channels
    23:43:41.873 | 134 Pool-1-worker-49 | DEBUG | d.t.c.a.a.c.w.c.ChannelResource      : REST request to create channel in course 973 with properties : ChannelDTO{subType='null', name='cvtest', description='general channel', topic='null', isPublic=false, isAnnouncementChannel=false, isArchived=false, isCourseWide=false, isChannelModerator=false, hasChannelModerationRights=false, tutorialGroupId=null, tutorialGroupTitle=null}ConversationDTO{type='channel', id=null, creationDate=null, lastMessageDate=null, unreadMessageCount=null, lastReadDate=null, isMember=null, isFavorite=null, isHidden=null, isCreator=null, numberOfMembers=null, creator=}
    23:43:41.906 | 134 Pool-1-worker-49 | DEBUG | d.t.c.a.a.c.s.f.ApiVersionFilter     : Adding Version to Request POST /api/courses/973/conversations/625/hidden
    23:43:41.922 | 134 Pool-1-worker-49 | DEBUG | d.t.c.a.a.c.s.f.ApiVersionFilter     : Adding Version to Request POST /api/courses/973/conversations/625/hidden

  Starting logs for ConversationIntegrationTest > responsibleUsers_shouldReturnCorrectValue()
    23:43:41.956 | 134 Pool-1-worker-49 | DEBUG | d.t.c.a.a.c.u.util.UserUtilService   : Generate 1 students...
    23:43:41.959 | 134 Pool-1-worker-49 | DEBUG | d.t.c.a.a.c.u.util.UserUtilService   : 1 students generated. Generate 1 tutors...
    23:43:41.963 | 134 Pool-1-worker-49 | DEBUG | d.t.c.a.a.c.u.util.UserUtilService   : 1 tutors generated. Generate 1 editors...
    23:43:41.966 | 134 Pool-1-worker-49 | DEBUG | d.t.c.a.a.c.u.util.UserUtilService   : 1 editors generated. Generate 1 instructors...
    23:43:41.969 | 134 Pool-1-worker-49 | DEBUG | d.t.c.a.a.c.u.util.UserUtilService   : 1 instructors generated
    23:43:41.970 | 134 Pool-1-worker-49 | DEBUG | d.t.c.a.a.c.u.util.UserUtilService   : Removing 4 users from all courses...
    23:43:41.971 | 134 Pool-1-worker-49 | DEBUG | d.t.c.a.a.c.u.util.UserUtilService   : Removing 4 users from all courses. Done
    23:43:41.971 | 134 Pool-1-worker-49 | DEBUG | d.t.c.a.a.c.u.util.UserUtilService   : Save 4 users to database...
    23:43:41.979 | 134 Pool-1-worker-49 | DEBUG | d.t.c.a.a.c.u.util.UserUtilService   : Save 4 users to database. Done
    23:43:41.980 | 134 Pool-1-worker-49 | INFO  | i.z.t.d.l.EmbeddedDatabaseReporter   : JDBC URL to connect to 'dataSource': url='jdbc:h2:tcp://localhost:41063/mem:df70fc46-7e57-4cb5-9cd0-c1d90c14afa7;USER=sa', scope='ConversationIntegrationTest#responsibleUsers_shouldReturnCorrectValue'
    23:43:41.983 | 134 Pool-1-worker-49 | DEBUG | d.t.c.a.a.c.s.f.ApiVersionFilter     : Adding Version to Request GET /api/courses/974/code-of-conduct/responsible-users

  Starting logs for ConversationIntegrationTest > unreadMessages_shouldReturnCorrectValue_Message()
    23:43:42.035 | 134 Pool-1-worker-49 | DEBUG | d.t.c.a.a.c.u.util.UserUtilService   : Generate 1 students...
    23:43:42.041 | 134 Pool-1-worker-49 | DEBUG | d.t.c.a.a.c.u.util.UserUtilService   : 1 students generated. Generate 1 tutors...
    23:43:42.047 | 134 Pool-1-worker-49 | DEBUG | d.t.c.a.a.c.u.util.UserUtilService   : 1 tutors generated. Generate 1 editors...
    23:43:42.049 | 134 Pool-1-worker-49 | DEBUG | d.t.c.a.a.c.u.util.UserUtilService   : 1 editors generated. Generate 1 instructors...
    23:43:42.057 | 134 Pool-1-worker-49 | DEBUG | d.t.c.a.a.c.u.util.UserUtilService   : 1 instructors generated
    23:43:42.058 | 134 Pool-1-worker-49 | DEBUG | d.t.c.a.a.c.u.util.UserUtilService   : Removing 4 users from all courses...
    23:43:42.059 | 134 Pool-1-worker-49 | DEBUG | d.t.c.a.a.c.u.util.UserUtilService   : Removing 4 users from all courses. Done
    23:43:42.059 | 134 Pool-1-worker-49 | DEBUG | d.t.c.a.a.c.u.util.UserUtilService   : Save 4 users to database...
    23:43:42.069 | 134 Pool-1-worker-49 | DEBUG | d.t.c.a.a.c.u.util.UserUtilService   : Save 4 users to database. Done
    23:43:42.070 | 134 Pool-1-worker-49 | INFO  | i.z.t.d.l.EmbeddedDatabaseReporter   : JDBC URL to connect to 'dataSource': url='jdbc:h2:tcp://localhost:41063/mem:df70fc46-7e57-4cb5-9cd0-c1d90c14afa7;USER=sa', scope='ConversationIntegrationTest#unreadMessages_shouldReturnCorrectValue_Message'
    23:43:42.071 | 134 Pool-1-worker-49 | DEBUG | d.t.c.a.a.c.s.f.ApiVersionFilter     : Adding Version to Request POST /api/courses/975/one-to-one-chats
    23:43:42.076 | 134 Pool-1-worker-49 | DEBUG | d.t.c.a.a.c.w.c.OneToOneChatResource : REST request to create one to one chat in course 975 between : cvteststudent1 and : [cvtesttutor1]
    23:43:42.103 | 134 Pool-1-worker-49 | DEBUG | .a.c.r.ConversationMessageRepository : findPostIdsWithSpecification took 598µs
    23:43:42.108 | 134 Pool-1-worker-49 | DEBUG | .a.c.r.ConversationMessageRepository : findByPostIdsWithEagerRelationships took 4.95ms
    23:43:42.111 | 134 Pool-1-worker-49 | DEBUG | d.t.c.a.a.c.s.f.ApiVersionFilter     : Adding Version to Request POST /api/courses/975/messages
    23:43:42.115 | 134 Pool-1-worker-49 | DEBUG | .a.a.c.w.ConversationMessageResource : POST createMessage invoked for course 975 with post null
    23:43:42.119 | 134 Pool-1-worker-49 | DEBUG | a.a.c.s.ConversationMessagingService :       createMessage:conversationService.isMemberOrCreateForCourseWideElseThrow DONE
    23:43:42.119 | 134 Pool-1-worker-49 | DEBUG | a.a.c.s.ConversationMessagingService :       createMessage:additional authorization DONE
    23:43:42.122 | 134 Pool-1-worker-49 | DEBUG | a.a.c.s.ConversationMessagingService :       createMessage:parseUserMentions DONE
    23:43:42.124 | 134 Pool-1-worker-49 | DEBUG | a.a.c.s.ConversationMessagingService :       conversationMessageRepository.save DONE
    23:43:42.124 | 134 Pool-1-worker-49 | DEBUG | a.a.c.s.ConversationMessagingService :       conversationMessageRepository.save DONE
    23:43:42.124 | 134 Pool-1-worker-49 | DEBUG | .a.a.c.w.ConversationMessageResource : createMessage took 8.70ms
    23:43:42.127 | 134 Pool-1-worker-49 | DEBUG | .a.c.r.ConversationMessageRepository : findPostIdsWithSpecification took 453µs
    23:43:42.131 | 621 artemis-task-1   | DEBUG | a.a.c.s.ConversationMessagingService :       getNotificationRecipients DONE
    23:43:42.133 | 134 Pool-1-worker-49 | DEBUG | .a.c.r.ConversationMessageRepository : findByPostIdsWithEagerRelationships took 6.09ms
    23:43:42.135 | 134 Pool-1-worker-49 | DEBUG | d.t.c.a.a.c.s.f.ApiVersionFilter     : Adding Version to Request GET /api/courses/975/unread-messages
    23:43:42.146 | 621 artemis-task-1   | DEBUG | a.a.c.s.ConversationMessagingService :       broadcastForPost DONE
    23:43:42.148 | 621 artemis-task-1   | DEBUG | a.a.c.s.ConversationMessagingService :       conversationNotificationService.notifyAboutNewMessage DONE
    23:43:42.149 | 621 artemis-task-1   | DEBUG | a.a.c.s.ConversationMessagingService :       incrementUnreadMessagesCountOfParticipants DONE
    23:43:42.149 | 621 artemis-task-1   | DEBUG | a.a.c.s.ConversationMessagingService :       notifyAboutMessageCreation DONE

  Starting logs for ConversationIntegrationTest > updateIsHidden_shouldToggleIsHidden_IfNoParticipant()
    23:43:42.167 | 134 Pool-1-worker-49 | DEBUG | d.t.c.a.a.c.u.util.UserUtilService   : Generate 1 students...
    23:43:42.173 | 134 Pool-1-worker-49 | DEBUG | d.t.c.a.a.c.u.util.UserUtilService   : 1 students generated. Generate 1 tutors...
    23:43:42.177 | 134 Pool-1-worker-49 | DEBUG | d.t.c.a.a.c.u.util.UserUtilService   : 1 tutors generated. Generate 1 editors...
    23:43:42.183 | 134 Pool-1-worker-49 | DEBUG | d.t.c.a.a.c.u.util.UserUtilService   : 1 editors generated. Generate 1 instructors...
    23:43:42.190 | 134 Pool-1-worker-49 | DEBUG | d.t.c.a.a.c.u.util.UserUtilService   : 1 instructors generated
    23:43:42.191 | 134 Pool-1-worker-49 | DEBUG | d.t.c.a.a.c.u.util.UserUtilService   : Removing 4 users from all courses...
    23:43:42.192 | 134 Pool-1-worker-49 | DEBUG | d.t.c.a.a.c.u.util.UserUtilService   : Removing 4 users from all courses. Done
    23:43:42.192 | 134 Pool-1-worker-49 | DEBUG | d.t.c.a.a.c.u.util.UserUtilService   : Save 4 users to database...
    23:43:42.201 | 134 Pool-1-worker-49 | DEBUG | d.t.c.a.a.c.u.util.UserUtilService   : Save 4 users to database. Done
    23:43:42.202 | 134 Pool-1-worker-49 | INFO  | i.z.t.d.l.EmbeddedDatabaseReporter   : JDBC URL to connect to 'dataSource': url='jdbc:h2:tcp://localhost:41063/mem:df70fc46-7e57-4cb5-9cd0-c1d90c14afa7;USER=sa', scope='ConversationIntegrationTest#updateIsHidden_shouldToggleIsHidden_IfNoParticipant'
    23:43:42.203 | 134 Pool-1-worker-49 | DEBUG | d.t.c.a.a.c.s.f.ApiVersionFilter     : Adding Version to Request POST /api/courses/976/conversations/627/hidden
    23:43:42.212 | 134 Pool-1-worker-49 | DEBUG | d.t.c.a.a.c.s.f.ApiVersionFilter     : Adding Version to Request POST /api/courses/976/conversations/627/hidden

  Starting logs for ConversationIntegrationTest > markMessagesAsRead()
    23:43:42.242 | 134 Pool-1-worker-49 | DEBUG | d.t.c.a.a.c.u.util.UserUtilService   : Generate 1 students...
    23:43:42.245 | 134 Pool-1-worker-49 | DEBUG | d.t.c.a.a.c.u.util.UserUtilService   : 1 students generated. Generate 1 tutors...
    23:43:42.248 | 134 Pool-1-worker-49 | DEBUG | d.t.c.a.a.c.u.util.UserUtilService   : 1 tutors generated. Generate 1 editors...
    23:43:42.250 | 134 Pool-1-worker-49 | DEBUG | d.t.c.a.a.c.u.util.UserUtilService   : 1 editors generated. Generate 1 instructors...
    23:43:42.253 | 134 Pool-1-worker-49 | DEBUG | d.t.c.a.a.c.u.util.UserUtilService   : 1 instructors generated
    23:43:42.254 | 134 Pool-1-worker-49 | DEBUG | d.t.c.a.a.c.u.util.UserUtilService   : Removing 4 users from all courses...
    23:43:42.255 | 134 Pool-1-worker-49 | DEBUG | d.t.c.a.a.c.u.util.UserUtilService   : Removing 4 users from all courses. Done
    23:43:42.255 | 134 Pool-1-worker-49 | DEBUG | d.t.c.a.a.c.u.util.UserUtilService   : Save 4 users to database...
    23:43:42.259 | 134 Pool-1-worker-49 | DEBUG | d.t.c.a.a.c.u.util.UserUtilService   : Save 4 users to database. Done
    23:43:42.259 | 134 Pool-1-worker-49 | INFO  | i.z.t.d.l.EmbeddedDatabaseReporter   : JDBC URL to connect to 'dataSource': url='jdbc:h2:tcp://localhost:41063/mem:df70fc46-7e57-4cb5-9cd0-c1d90c14afa7;USER=sa', scope='ConversationIntegrationTest#markMessagesAsRead'
    23:43:42.262 | 134 Pool-1-worker-49 | DEBUG | d.t.c.a.a.c.s.f.ApiVersionFilter     : Adding Version to Request PATCH /api/courses/977/conversations/628/mark-as-read

  Starting logs for ConversationIntegrationTest > codeOfConduct_accept()
    23:43:42.291 | 134 Pool-1-worker-49 | DEBUG | d.t.c.a.a.c.u.util.UserUtilService   : Generate 1 students...
    23:43:42.293 | 134 Pool-1-worker-49 | DEBUG | d.t.c.a.a.c.u.util.UserUtilService   : 1 students generated. Generate 1 tutors...
    23:43:42.296 | 134 Pool-1-worker-49 | DEBUG | d.t.c.a.a.c.u.util.UserUtilService   : 1 tutors generated. Generate 1 editors...
    23:43:42.298 | 134 Pool-1-worker-49 | DEBUG | d.t.c.a.a.c.u.util.UserUtilService   : 1 editors generated. Generate 1 instructors...
    23:43:42.301 | 134 Pool-1-worker-49 | DEBUG | d.t.c.a.a.c.u.util.UserUtilService   : 1 instructors generated
    23:43:42.302 | 134 Pool-1-worker-49 | DEBUG | d.t.c.a.a.c.u.util.UserUtilService   : Removing 4 users from all courses...
    23:43:42.303 | 134 Pool-1-worker-49 | DEBUG | d.t.c.a.a.c.u.util.UserUtilService   : Removing 4 users from all courses. Done
    23:43:42.303 | 134 Pool-1-worker-49 | DEBUG | d.t.c.a.a.c.u.util.UserUtilService   : Save 4 users to database...
    23:43:42.307 | 134 Pool-1-worker-49 | DEBUG | d.t.c.a.a.c.u.util.UserUtilService   : Save 4 users to database. Done
    23:43:42.308 | 134 Pool-1-worker-49 | INFO  | i.z.t.d.l.EmbeddedDatabaseReporter   : JDBC URL to connect to 'dataSource': url='jdbc:h2:tcp://localhost:41063/mem:df70fc46-7e57-4cb5-9cd0-c1d90c14afa7;USER=sa', scope='ConversationIntegrationTest#codeOfConduct_accept'
    23:43:42.309 | 134 Pool-1-worker-49 | DEBUG | d.t.c.a.a.c.s.f.ApiVersionFilter     : Adding Version to Request GET /api/courses/978/code-of-conduct/agreement
    23:43:42.410 | 134 Pool-1-worker-49 | DEBUG | d.t.c.a.a.c.s.f.ApiVersionFilter     : Adding Version to Request PATCH /api/courses/978/code-of-conduct/agreement
    23:43:42.433 | 134 Pool-1-worker-49 | DEBUG | d.t.c.a.a.c.s.f.ApiVersionFilter     : Adding Version to Request GET /api/courses/978/code-of-conduct/agreement

  Starting logs for ConversationIntegrationTest > updateIsFavorite_messagingFeatureDeactivated_shouldReturnForbidden()
    23:43:42.465 | 134 Pool-1-worker-49 | DEBUG | d.t.c.a.a.c.u.util.UserUtilService   : Generate 1 students...
    23:43:42.467 | 134 Pool-1-worker-49 | DEBUG | d.t.c.a.a.c.u.util.UserUtilService   : 1 students generated. Generate 1 tutors...
    23:43:42.470 | 134 Pool-1-worker-49 | DEBUG | d.t.c.a.a.c.u.util.UserUtilService   : 1 tutors generated. Generate 1 editors...
    23:43:42.474 | 134 Pool-1-worker-49 | DEBUG | d.t.c.a.a.c.u.util.UserUtilService   : 1 editors generated. Generate 1 instructors...
    23:43:42.476 | 134 Pool-1-worker-49 | DEBUG | d.t.c.a.a.c.u.util.UserUtilService   : 1 instructors generated
    23:43:42.478 | 134 Pool-1-worker-49 | DEBUG | d.t.c.a.a.c.u.util.UserUtilService   : Removing 4 users from all courses...
    23:43:42.479 | 134 Pool-1-worker-49 | DEBUG | d.t.c.a.a.c.u.util.UserUtilService   : Removing 4 users from all courses. Done
    23:43:42.479 | 134 Pool-1-worker-49 | DEBUG | d.t.c.a.a.c.u.util.UserUtilService   : Save 4 users to database...
    23:43:42.486 | 134 Pool-1-worker-49 | DEBUG | d.t.c.a.a.c.u.util.UserUtilService   : Save 4 users to database. Done
    23:43:42.487 | 134 Pool-1-worker-49 | INFO  | i.z.t.d.l.EmbeddedDatabaseReporter   : JDBC URL to connect to 'dataSource': url='jdbc:h2:tcp://localhost:41063/mem:df70fc46-7e57-4cb5-9cd0-c1d90c14afa7;USER=sa', scope='ConversationIntegrationTest#updateIsFavorite_messagingFeatureDeactivated_shouldReturnForbidden'
    23:43:42.489 | 134 Pool-1-worker-49 | DEBUG | d.t.c.a.a.c.s.f.ApiVersionFilter     : Adding Version to Request POST /api/courses/979/channels
    23:43:42.489 | 134 Pool-1-worker-49 | DEBUG | d.t.c.a.a.c.w.c.ChannelResource      : REST request to create channel in course 979 with properties : ChannelDTO{subType='null', name='cvtest', description='general channel', topic='null', isPublic=false, isAnnouncementChannel=false, isArchived=false, isCourseWide=false, isChannelModerator=false, hasChannelModerationRights=false, tutorialGroupId=null, tutorialGroupTitle=null}ConversationDTO{type='channel', id=null, creationDate=null, lastMessageDate=null, unreadMessageCount=null, lastReadDate=null, isMember=null, isFavorite=null, isHidden=null, isCreator=null, numberOfMembers=null, creator=}
    23:43:42.508 | 134 Pool-1-worker-49 | DEBUG | d.t.c.a.a.c.s.f.ApiVersionFilter     : Adding Version to Request POST /api/courses/979/conversations/629/favorite
    23:43:42.510 | 134 Pool-1-worker-49 | WARN  | o.z.p.spring.common.AdviceTraits     : Forbidden: 403 FORBIDDEN "Messaging is not enabled for this course"

  Starting logs for ConversationIntegrationTest > shouldNotReturnChannelIfExerciseOrLectureOrExamHidden_asStudent()
    23:43:42.539 | 134 Pool-1-worker-49 | DEBUG | d.t.c.a.a.c.u.util.UserUtilService   : Generate 1 students...
    23:43:42.542 | 134 Pool-1-worker-49 | DEBUG | d.t.c.a.a.c.u.util.UserUtilService   : 1 students generated. Generate 1 tutors...
    23:43:42.544 | 134 Pool-1-worker-49 | DEBUG | d.t.c.a.a.c.u.util.UserUtilService   : 1 tutors generated. Generate 1 editors...
    23:43:42.547 | 134 Pool-1-worker-49 | DEBUG | d.t.c.a.a.c.u.util.UserUtilService   : 1 editors generated. Generate 1 instructors...
    23:43:42.549 | 134 Pool-1-worker-49 | DEBUG | d.t.c.a.a.c.u.util.UserUtilService   : 1 instructors generated
    23:43:42.551 | 134 Pool-1-worker-49 | DEBUG | d.t.c.a.a.c.u.util.UserUtilService   : Removing 4 users from all courses...
    23:43:42.552 | 134 Pool-1-worker-49 | DEBUG | d.t.c.a.a.c.u.util.UserUtilService   : Removing 4 users from all courses. Done
    23:43:42.552 | 134 Pool-1-worker-49 | DEBUG | d.t.c.a.a.c.u.util.UserUtilService   : Save 4 users to database...
    23:43:42.556 | 134 Pool-1-worker-49 | DEBUG | d.t.c.a.a.c.u.util.UserUtilService   : Save 4 users to database. Done
    23:43:42.556 | 134 Pool-1-worker-49 | INFO  | i.z.t.d.l.EmbeddedDatabaseReporter   : JDBC URL to connect to 'dataSource': url='jdbc:h2:tcp://localhost:41063/mem:df70fc46-7e57-4cb5-9cd0-c1d90c14afa7;USER=sa', scope='ConversationIntegrationTest#shouldNotReturnChannelIfExerciseOrLectureOrExamHidden_asStudent'
    23:43:42.582 | 134 Pool-1-worker-49 | DEBUG | d.t.c.a.a.c.s.f.ApiVersionFilter     : Adding Version to Request GET /api/courses/981/conversations

  Starting logs for ConversationIntegrationTest > searchMembersOfConversation_shouldFindMembersWhereLoginOrNameMatches()
    23:43:42.644 | 134 Pool-1-worker-49 | DEBUG | d.t.c.a.a.c.u.util.UserUtilService   : Generate 1 students...
    23:43:42.647 | 134 Pool-1-worker-49 | DEBUG | d.t.c.a.a.c.u.util.UserUtilService   : 1 students generated. Generate 1 tutors...
    23:43:42.650 | 134 Pool-1-worker-49 | DEBUG | d.t.c.a.a.c.u.util.UserUtilService   : 1 tutors generated. Generate 1 editors...
    23:43:42.653 | 134 Pool-1-worker-49 | DEBUG | d.t.c.a.a.c.u.util.UserUtilService   : 1 editors generated. Generate 1 instructors...
    23:43:42.655 | 134 Pool-1-worker-49 | DEBUG | d.t.c.a.a.c.u.util.UserUtilService   : 1 instructors generated
    23:43:42.657 | 134 Pool-1-worker-49 | DEBUG | d.t.c.a.a.c.u.util.UserUtilService   : Removing 4 users from all courses...
    23:43:42.658 | 134 Pool-1-worker-49 | DEBUG | d.t.c.a.a.c.u.util.UserUtilService   : Removing 4 users from all courses. Done
    23:43:42.658 | 134 Pool-1-worker-49 | DEBUG | d.t.c.a.a.c.u.util.UserUtilService   : Save 4 users to database...
    23:43:42.661 | 134 Pool-1-worker-49 | DEBUG | d.t.c.a.a.c.u.util.UserUtilService   : Save 4 users to database. Done
    23:43:42.662 | 134 Pool-1-worker-49 | INFO  | i.z.t.d.l.EmbeddedDatabaseReporter   : JDBC URL to connect to 'dataSource': url='jdbc:h2:tcp://localhost:41063/mem:df70fc46-7e57-4cb5-9cd0-c1d90c14afa7;USER=sa', scope='ConversationIntegrationTest#searchMembersOfConversation_shouldFindMembersWhereLoginOrNameMatches'
    23:43:42.663 | 134 Pool-1-worker-49 | DEBUG | d.t.c.a.a.c.s.f.ApiVersionFilter     : Adding Version to Request POST /api/courses/982/channels
    23:43:42.665 | 134 Pool-1-worker-49 | DEBUG | d.t.c.a.a.c.w.c.ChannelResource      : REST request to create channel in course 982 with properties : ChannelDTO{subType='null', name='cvtest', description='general channel', topic='null', isPublic=false, isAnnouncementChannel=false, isArchived=false, isCourseWide=false, isChannelModerator=false, hasChannelModerationRights=false, tutorialGroupId=null, tutorialGroupTitle=null}ConversationDTO{type='channel', id=null, creationDate=null, lastMessageDate=null, unreadMessageCount=null, lastReadDate=null, isMember=null, isFavorite=null, isHidden=null, isCreator=null, numberOfMembers=null, creator=}
    23:43:42.688 | 134 Pool-1-worker-49 | DEBUG | d.t.c.a.a.c.s.f.ApiVersionFilter     : Adding Version to Request GET /api/courses/982/conversations/636/members/search
    23:43:42.691 | 134 Pool-1-worker-49 | DEBUG | d.t.c.a.a.c.w.c.ConversationResource : REST request to get members of conversation : 636 with login or name :  in course: 982
    23:43:42.712 | 134 Pool-1-worker-49 | DEBUG | d.t.c.a.a.c.s.f.ApiVersionFilter     : Adding Version to Request GET /api/courses/982/conversations/636/members/search
    23:43:42.713 | 134 Pool-1-worker-49 | DEBUG | d.t.c.a.a.c.w.c.ConversationResource : REST request to get members of conversation : 636 with login or name : cvtesteditor1 in course: 982
    23:43:42.721 | 134 Pool-1-worker-49 | DEBUG | d.t.c.a.a.c.s.f.ApiVersionFilter     : Adding Version to Request GET /api/courses/982/conversations/636/members/search
    23:43:42.721 | 134 Pool-1-worker-49 | DEBUG | d.t.c.a.a.c.w.c.ConversationResource : REST request to get members of conversation : 636 with login or name :  in course: 982
    23:43:42.742 | 134 Pool-1-worker-49 | DEBUG | d.t.c.a.a.c.s.f.ApiVersionFilter     : Adding Version to Request GET /api/courses/982/conversations/636/members/search
    23:43:42.743 | 134 Pool-1-worker-49 | DEBUG | d.t.c.a.a.c.w.c.ConversationResource : REST request to get members of conversation : 636 with login or name :  in course: 982
    23:43:42.765 | 134 Pool-1-worker-49 | DEBUG | d.t.c.a.a.c.s.f.ApiVersionFilter     : Adding Version to Request GET /api/courses/982/conversations/636/members/search
    23:43:42.766 | 134 Pool-1-worker-49 | DEBUG | d.t.c.a.a.c.w.c.ConversationResource : REST request to get members of conversation : 636 with login or name :  in course: 982
    23:43:42.784 | 134 Pool-1-worker-49 | DEBUG | d.t.c.a.a.c.s.f.ApiVersionFilter     : Adding Version to Request GET /api/courses/982/conversations/636/members/search
    23:43:42.787 | 134 Pool-1-worker-49 | DEBUG | d.t.c.a.a.c.w.c.ConversationResource : REST request to get members of conversation : 636 with login or name :  in course: 982

  Starting logs for ConversationIntegrationTest > updateIsFavorite_shouldToggleIsFavorite_IfNoParticipant()
    23:43:42.851 | 134 Pool-1-worker-49 | DEBUG | d.t.c.a.a.c.u.util.UserUtilService   : Generate 1 students...
    23:43:42.854 | 134 Pool-1-worker-49 | DEBUG | d.t.c.a.a.c.u.util.UserUtilService   : 1 students generated. Generate 1 tutors...
    23:43:42.857 | 134 Pool-1-worker-49 | DEBUG | d.t.c.a.a.c.u.util.UserUtilService   : 1 tutors generated. Generate 1 editors...
    23:43:42.859 | 134 Pool-1-worker-49 | DEBUG | d.t.c.a.a.c.u.util.UserUtilService   : 1 editors generated. Generate 1 instructors...
    23:43:42.862 | 134 Pool-1-worker-49 | DEBUG | d.t.c.a.a.c.u.util.UserUtilService   : 1 instructors generated
    23:43:42.863 | 134 Pool-1-worker-49 | DEBUG | d.t.c.a.a.c.u.util.UserUtilService   : Removing 4 users from all courses...
    23:43:42.864 | 134 Pool-1-worker-49 | DEBUG | d.t.c.a.a.c.u.util.UserUtilService   : Removing 4 users from all courses. Done
    23:43:42.864 | 134 Pool-1-worker-49 | DEBUG | d.t.c.a.a.c.u.util.UserUtilService   : Save 4 users to database...
    23:43:42.868 | 134 Pool-1-worker-49 | DEBUG | d.t.c.a.a.c.u.util.UserUtilService   : Save 4 users to database. Done
    23:43:42.868 | 134 Pool-1-worker-49 | INFO  | i.z.t.d.l.EmbeddedDatabaseReporter   : JDBC URL to connect to 'dataSource': url='jdbc:h2:tcp://localhost:41063/mem:df70fc46-7e57-4cb5-9cd0-c1d90c14afa7;USER=sa', scope='ConversationIntegrationTest#updateIsFavorite_shouldToggleIsFavorite_IfNoParticipant'
    23:43:42.870 | 134 Pool-1-worker-49 | DEBUG | d.t.c.a.a.c.s.f.ApiVersionFilter     : Adding Version to Request POST /api/courses/983/conversations/637/favorite
    23:43:42.879 | 134 Pool-1-worker-49 | DEBUG | d.t.c.a.a.c.s.f.ApiVersionFilter     : Adding Version to Request POST /api/courses/983/conversations/637/favorite

  Starting logs for ConversationIntegrationTest > getConversationsOfUser_onlyFewDatabaseCalls()
    23:43:42.926 | 134 Pool-1-worker-49 | DEBUG | d.t.c.a.a.c.u.util.UserUtilService   : Generate 1 students...
    23:43:42.929 | 134 Pool-1-worker-49 | DEBUG | d.t.c.a.a.c.u.util.UserUtilService   : 1 students generated. Generate 1 tutors...
    23:43:42.932 | 134 Pool-1-worker-49 | DEBUG | d.t.c.a.a.c.u.util.UserUtilService   : 1 tutors generated. Generate 1 editors...
    23:43:42.934 | 134 Pool-1-worker-49 | DEBUG | d.t.c.a.a.c.u.util.UserUtilService   : 1 editors generated. Generate 1 instructors...
    23:43:42.937 | 134 Pool-1-worker-49 | DEBUG | d.t.c.a.a.c.u.util.UserUtilService   : 1 instructors generated
    23:43:42.938 | 134 Pool-1-worker-49 | DEBUG | d.t.c.a.a.c.u.util.UserUtilService   : Removing 4 users from all courses...
    23:43:42.939 | 134 Pool-1-worker-49 | DEBUG | d.t.c.a.a.c.u.util.UserUtilService   : Removing 4 users from all courses. Done
    23:43:42.939 | 134 Pool-1-worker-49 | DEBUG | d.t.c.a.a.c.u.util.UserUtilService   : Save 4 users to database...
    23:43:42.944 | 134 Pool-1-worker-49 | DEBUG | d.t.c.a.a.c.u.util.UserUtilService   : Save 4 users to database. Done
    23:43:42.945 | 134 Pool-1-worker-49 | INFO  | i.z.t.d.l.EmbeddedDatabaseReporter   : JDBC URL to connect to 'dataSource': url='jdbc:h2:tcp://localhost:41063/mem:df70fc46-7e57-4cb5-9cd0-c1d90c14afa7;USER=sa', scope='ConversationIntegrationTest#getConversationsOfUser_onlyFewDatabaseCalls'
    23:43:42.951 | 134 Pool-1-worker-49 | DEBUG | d.t.c.a.a.c.s.f.ApiVersionFilter     : Adding Version to Request POST /api/courses/984/channels
    23:43:42.953 | 134 Pool-1-worker-49 | DEBUG | d.t.c.a.a.c.w.c.ChannelResource      : REST request to create channel in course 984 with properties : ChannelDTO{subType='null', name='cvtest1', description='general channel', topic='null', isPublic=false, isAnnouncementChannel=false, isArchived=false, isCourseWide=false, isChannelModerator=false, hasChannelModerationRights=false, tutorialGroupId=null, tutorialGroupTitle=null}ConversationDTO{type='channel', id=null, creationDate=null, lastMessageDate=null, unreadMessageCount=null, lastReadDate=null, isMember=null, isFavorite=null, isHidden=null, isCreator=null, numberOfMembers=null, creator=}
    23:43:42.974 | 134 Pool-1-worker-49 | DEBUG | d.t.c.a.a.c.s.f.ApiVersionFilter     : Adding Version to Request POST /api/courses/984/group-chats
    23:43:42.977 | 134 Pool-1-worker-49 | DEBUG | d.t.c.a.a.c.w.c.GroupChatResource    : REST request to create group chat in course 984 between: cvtestinstructor1 and : [cvtesttutor1]
    23:43:43.004 | 134 Pool-1-worker-49 | DEBUG | d.t.c.a.a.c.s.f.ApiVersionFilter     : Adding Version to Request POST /api/courses/984/one-to-one-chats
    23:43:43.006 | 134 Pool-1-worker-49 | DEBUG | d.t.c.a.a.c.w.c.OneToOneChatResource : REST request to create one to one chat in course 984 between : cvtestinstructor1 and : [cvtesttutor1]
    23:43:43.018 | 134 Pool-1-worker-49 | DEBUG | .a.c.r.ConversationMessageRepository : findPostIdsWithSpecification took 446µs
    23:43:43.020 | 134 Pool-1-worker-49 | DEBUG | .a.c.r.ConversationMessageRepository : findByPostIdsWithEagerRelationships took 1.30ms
    23:43:43.022 | 134 Pool-1-worker-49 | DEBUG | d.t.c.a.a.c.s.f.ApiVersionFilter     : Adding Version to Request POST /api/courses/984/messages
    23:43:43.023 | 134 Pool-1-worker-49 | DEBUG | .a.a.c.w.ConversationMessageResource : POST createMessage invoked for course 984 with post null
    23:43:43.024 | 134 Pool-1-worker-49 | DEBUG | a.a.c.s.ConversationMessagingService :       createMessage:conversationService.isMemberOrCreateForCourseWideElseThrow DONE
    23:43:43.024 | 134 Pool-1-worker-49 | DEBUG | a.a.c.s.ConversationMessagingService :       createMessage:additional authorization DONE
    23:43:43.025 | 134 Pool-1-worker-49 | DEBUG | a.a.c.s.ConversationMessagingService :       createMessage:parseUserMentions DONE
    23:43:43.026 | 134 Pool-1-worker-49 | DEBUG | a.a.c.s.ConversationMessagingService :       conversationMessageRepository.save DONE
    23:43:43.026 | 134 Pool-1-worker-49 | DEBUG | a.a.c.s.ConversationMessagingService :       conversationMessageRepository.save DONE
    23:43:43.026 | 134 Pool-1-worker-49 | DEBUG | .a.a.c.w.ConversationMessageResource : createMessage took 3.73ms
    23:43:43.027 | 134 Pool-1-worker-49 | DEBUG | .a.c.r.ConversationMessageRepository : findPostIdsWithSpecification took 361µs
    23:43:43.029 | 134 Pool-1-worker-49 | DEBUG | .a.c.r.ConversationMessageRepository : findByPostIdsWithEagerRelationships took 1.35ms
    23:43:43.035 | 621 artemis-task-1   | DEBUG | a.a.c.s.ConversationMessagingService :       getNotificationRecipients DONE
    23:43:43.038 | 134 Pool-1-worker-49 | DEBUG | d.t.c.a.a.c.s.f.ApiVersionFilter     : Adding Version to Request POST /api/courses/984/channels
    23:43:43.039 | 134 Pool-1-worker-49 | DEBUG | d.t.c.a.a.c.w.c.ChannelResource      : REST request to create channel in course 984 with properties : ChannelDTO{subType='null', name='cvtest2', description='general channel', topic='null', isPublic=false, isAnnouncementChannel=false, isArchived=false, isCourseWide=false, isChannelModerator=false, hasChannelModerationRights=false, tutorialGroupId=null, tutorialGroupTitle=null}ConversationDTO{type='channel', id=null, creationDate=null, lastMessageDate=null, unreadMessageCount=null, lastReadDate=null, isMember=null, isFavorite=null, isHidden=null, isCreator=null, numberOfMembers=null, creator=}
    23:43:43.046 | 621 artemis-task-1   | DEBUG | a.a.c.s.ConversationMessagingService :       broadcastForPost DONE
    23:43:43.051 | 621 artemis-task-1   | DEBUG | a.a.c.s.ConversationMessagingService :       conversationNotificationService.notifyAboutNewMessage DONE
    23:43:43.052 | 621 artemis-task-1   | DEBUG | a.a.c.s.ConversationMessagingService :       incrementUnreadMessagesCountOfParticipants DONE
    23:43:43.052 | 621 artemis-task-1   | DEBUG | a.a.c.s.ConversationMessagingService :       notifyAboutMessageCreation DONE
    23:43:43.053 | 134 Pool-1-worker-49 | DEBUG | d.t.c.a.a.c.s.f.ApiVersionFilter     : Adding Version to Request GET /api/courses/984/conversations
    23:43:43.062 | 134 Pool-1-worker-49 | INFO  | d.t.c.a.a.core.util.QueryCountAssert : result.callCount: 10

  Starting logs for ConversationIntegrationTest > [1] courseInformationSharingConfiguration=DISABLED, expectedStatus=403 FORBIDDEN
    23:43:43.125 | 134 Pool-1-worker-49 | DEBUG | d.t.c.a.a.c.u.util.UserUtilService   : Generate 1 students...
    23:43:43.129 | 134 Pool-1-worker-49 | DEBUG | d.t.c.a.a.c.u.util.UserUtilService   : 1 students generated. Generate 1 tutors...
    23:43:43.137 | 134 Pool-1-worker-49 | DEBUG | d.t.c.a.a.c.u.util.UserUtilService   : 1 tutors generated. Generate 1 editors...
    23:43:43.140 | 134 Pool-1-worker-49 | DEBUG | d.t.c.a.a.c.u.util.UserUtilService   : 1 editors generated. Generate 1 instructors...
    23:43:43.144 | 134 Pool-1-worker-49 | DEBUG | d.t.c.a.a.c.u.util.UserUtilService   : 1 instructors generated
    23:43:43.146 | 134 Pool-1-worker-49 | DEBUG | d.t.c.a.a.c.u.util.UserUtilService   : Removing 4 users from all courses...
    23:43:43.147 | 134 Pool-1-worker-49 | DEBUG | d.t.c.a.a.c.u.util.UserUtilService   : Removing 4 users from all courses. Done
    23:43:43.147 | 134 Pool-1-worker-49 | DEBUG | d.t.c.a.a.c.u.util.UserUtilService   : Save 4 users to database...
    23:43:43.150 | 134 Pool-1-worker-49 | DEBUG | d.t.c.a.a.c.u.util.UserUtilService   : Save 4 users to database. Done
    23:43:43.151 | 134 Pool-1-worker-49 | INFO  | i.z.t.d.l.EmbeddedDatabaseReporter   : JDBC URL to connect to 'dataSource': url='jdbc:h2:tcp://localhost:41063/mem:df70fc46-7e57-4cb5-9cd0-c1d90c14afa7;USER=sa', scope='ConversationIntegrationTest#getConversationsOfUser_messagingFeatureDeactivated_shouldReturnForbidden'
    23:43:43.154 | 134 Pool-1-worker-49 | DEBUG | d.t.c.a.a.c.s.f.ApiVersionFilter     : Adding Version to Request GET /api/courses/985/conversations
    23:43:43.155 | 134 Pool-1-worker-49 | WARN  | o.z.p.spring.common.AdviceTraits     : Forbidden: 403 FORBIDDEN "Messaging is not enabled for this course"

  Starting logs for ConversationIntegrationTest > [2] courseInformationSharingConfiguration=COMMUNICATION_AND_MESSAGING, expectedStatus=200 OK
    23:43:43.207 | 134 Pool-1-worker-49 | DEBUG | d.t.c.a.a.c.u.util.UserUtilService   : Generate 1 students...
    23:43:43.212 | 134 Pool-1-worker-49 | DEBUG | d.t.c.a.a.c.u.util.UserUtilService   : 1 students generated. Generate 1 tutors...
    23:43:43.219 | 134 Pool-1-worker-49 | DEBUG | d.t.c.a.a.c.u.util.UserUtilService   : 1 tutors generated. Generate 1 editors...
    23:43:43.226 | 134 Pool-1-worker-49 | DEBUG | d.t.c.a.a.c.u.util.UserUtilService   : 1 editors generated. Generate 1 instructors...
    23:43:43.232 | 134 Pool-1-worker-49 | DEBUG | d.t.c.a.a.c.u.util.UserUtilService   : 1 instructors generated
    23:43:43.233 | 134 Pool-1-worker-49 | DEBUG | d.t.c.a.a.c.u.util.UserUtilService   : Removing 4 users from all courses...
    23:43:43.234 | 134 Pool-1-worker-49 | DEBUG | d.t.c.a.a.c.u.util.UserUtilService   : Removing 4 users from all courses. Done
    23:43:43.234 | 134 Pool-1-worker-49 | DEBUG | d.t.c.a.a.c.u.util.UserUtilService   : Save 4 users to database...
    23:43:43.241 | 134 Pool-1-worker-49 | DEBUG | d.t.c.a.a.c.u.util.UserUtilService   : Save 4 users to database. Done
    23:43:43.244 | 134 Pool-1-worker-49 | INFO  | i.z.t.d.l.EmbeddedDatabaseReporter   : JDBC URL to connect to 'dataSource': url='jdbc:h2:tcp://localhost:41063/mem:df70fc46-7e57-4cb5-9cd0-c1d90c14afa7;USER=sa', scope='ConversationIntegrationTest#getConversationsOfUser_messagingFeatureDeactivated_shouldReturnForbidden'
    23:43:43.246 | 134 Pool-1-worker-49 | DEBUG | d.t.c.a.a.c.s.f.ApiVersionFilter     : Adding Version to Request GET /api/courses/986/conversations

  Starting logs for ConversationIntegrationTest > [3] courseInformationSharingConfiguration=COMMUNICATION_ONLY, expectedStatus=200 OK
    23:43:43.288 | 134 Pool-1-worker-49 | DEBUG | d.t.c.a.a.c.u.util.UserUtilService   : Generate 1 students...
    23:43:43.291 | 134 Pool-1-worker-49 | DEBUG | d.t.c.a.a.c.u.util.UserUtilService   : 1 students generated. Generate 1 tutors...
    23:43:43.294 | 134 Pool-1-worker-49 | DEBUG | d.t.c.a.a.c.u.util.UserUtilService   : 1 tutors generated. Generate 1 editors...
    23:43:43.297 | 134 Pool-1-worker-49 | DEBUG | d.t.c.a.a.c.u.util.UserUtilService   : 1 editors generated. Generate 1 instructors...
    23:43:43.300 | 134 Pool-1-worker-49 | DEBUG | d.t.c.a.a.c.u.util.UserUtilService   : 1 instructors generated
    23:43:43.301 | 134 Pool-1-worker-49 | DEBUG | d.t.c.a.a.c.u.util.UserUtilService   : Removing 4 users from all courses...
    23:43:43.302 | 134 Pool-1-worker-49 | DEBUG | d.t.c.a.a.c.u.util.UserUtilService   : Removing 4 users from all courses. Done
    23:43:43.302 | 134 Pool-1-worker-49 | DEBUG | d.t.c.a.a.c.u.util.UserUtilService   : Save 4 users to database...
    23:43:43.307 | 134 Pool-1-worker-49 | DEBUG | d.t.c.a.a.c.u.util.UserUtilService   : Save 4 users to database. Done
    23:43:43.307 | 134 Pool-1-worker-49 | INFO  | i.z.t.d.l.EmbeddedDatabaseReporter   : JDBC URL to connect to 'dataSource': url='jdbc:h2:tcp://localhost:41063/mem:df70fc46-7e57-4cb5-9cd0-c1d90c14afa7;USER=sa', scope='ConversationIntegrationTest#getConversationsOfUser_messagingFeatureDeactivated_shouldReturnForbidden'
    23:43:43.311 | 134 Pool-1-worker-49 | DEBUG | d.t.c.a.a.c.s.f.ApiVersionFilter     : Adding Version to Request GET /api/courses/987/conversations

  Starting logs for ConversationIntegrationTest > updateIsFavorite_shouldToggleIsFavorite()
    23:43:43.341 | 134 Pool-1-worker-49 | DEBUG | d.t.c.a.a.c.u.util.UserUtilService   : Generate 1 students...
    23:43:43.344 | 134 Pool-1-worker-49 | DEBUG | d.t.c.a.a.c.u.util.UserUtilService   : 1 students generated. Generate 1 tutors...
    23:43:43.347 | 134 Pool-1-worker-49 | DEBUG | d.t.c.a.a.c.u.util.UserUtilService   : 1 tutors generated. Generate 1 editors...
    23:43:43.349 | 134 Pool-1-worker-49 | DEBUG | d.t.c.a.a.c.u.util.UserUtilService   : 1 editors generated. Generate 1 instructors...
    23:43:43.352 | 134 Pool-1-worker-49 | DEBUG | d.t.c.a.a.c.u.util.UserUtilService   : 1 instructors generated
    23:43:43.353 | 134 Pool-1-worker-49 | DEBUG | d.t.c.a.a.c.u.util.UserUtilService   : Removing 4 users from all courses...
    23:43:43.354 | 134 Pool-1-worker-49 | DEBUG | d.t.c.a.a.c.u.util.UserUtilService   : Removing 4 users from all courses. Done
    23:43:43.354 | 134 Pool-1-worker-49 | DEBUG | d.t.c.a.a.c.u.util.UserUtilService   : Save 4 users to database...
    23:43:43.358 | 134 Pool-1-worker-49 | DEBUG | d.t.c.a.a.c.u.util.UserUtilService   : Save 4 users to database. Done
    23:43:43.359 | 134 Pool-1-worker-49 | INFO  | i.z.t.d.l.EmbeddedDatabaseReporter   : JDBC URL to connect to 'dataSource': url='jdbc:h2:tcp://localhost:41063/mem:df70fc46-7e57-4cb5-9cd0-c1d90c14afa7;USER=sa', scope='ConversationIntegrationTest#updateIsFavorite_shouldToggleIsFavorite'
    23:43:43.360 | 134 Pool-1-worker-49 | DEBUG | d.t.c.a.a.c.s.f.ApiVersionFilter     : Adding Version to Request POST /api/courses/988/channels
    23:43:43.361 | 134 Pool-1-worker-49 | DEBUG | d.t.c.a.a.c.w.c.ChannelResource      : REST request to create channel in course 988 with properties : ChannelDTO{subType='null', name='cvtest', description='general channel', topic='null', isPublic=false, isAnnouncementChannel=false, isArchived=false, isCourseWide=false, isChannelModerator=false, hasChannelModerationRights=false, tutorialGroupId=null, tutorialGroupTitle=null}ConversationDTO{type='channel', id=null, creationDate=null, lastMessageDate=null, unreadMessageCount=null, lastReadDate=null, isMember=null, isFavorite=null, isHidden=null, isCreator=null, numberOfMembers=null, creator=}
    23:43:43.380 | 134 Pool-1-worker-49 | DEBUG | d.t.c.a.a.c.s.f.ApiVersionFilter     : Adding Version to Request POST /api/courses/988/conversations/643/favorite
    23:43:43.395 | 134 Pool-1-worker-49 | DEBUG | d.t.c.a.a.c.s.f.ApiVersionFilter     : Adding Version to Request POST /api/courses/988/conversations/643/favorite

  Starting logs for ConversationIntegrationTest > getConversationsOfUser_shouldReturnConversationsWhereMember()
    23:43:43.441 | 134 Pool-1-worker-49 | DEBUG | d.t.c.a.a.c.u.util.UserUtilService   : Generate 1 students...
    23:43:43.444 | 134 Pool-1-worker-49 | DEBUG | d.t.c.a.a.c.u.util.UserUtilService   : 1 students generated. Generate 1 tutors...
    23:43:43.446 | 134 Pool-1-worker-49 | DEBUG | d.t.c.a.a.c.u.util.UserUtilService   : 1 tutors generated. Generate 1 editors...
    23:43:43.449 | 134 Pool-1-worker-49 | DEBUG | d.t.c.a.a.c.u.util.UserUtilService   : 1 editors generated. Generate 1 instructors...
    23:43:43.452 | 134 Pool-1-worker-49 | DEBUG | d.t.c.a.a.c.u.util.UserUtilService   : 1 instructors generated
    23:43:43.453 | 134 Pool-1-worker-49 | DEBUG | d.t.c.a.a.c.u.util.UserUtilService   : Removing 4 users from all courses...
    23:43:43.454 | 134 Pool-1-worker-49 | DEBUG | d.t.c.a.a.c.u.util.UserUtilService   : Removing 4 users from all courses. Done
    23:43:43.454 | 134 Pool-1-worker-49 | DEBUG | d.t.c.a.a.c.u.util.UserUtilService   : Save 4 users to database...
    23:43:43.457 | 134 Pool-1-worker-49 | DEBUG | d.t.c.a.a.c.u.util.UserUtilService   : Save 4 users to database. Done
    23:43:43.458 | 134 Pool-1-worker-49 | INFO  | i.z.t.d.l.EmbeddedDatabaseReporter   : JDBC URL to connect to 'dataSource': url='jdbc:h2:tcp://localhost:41063/mem:df70fc46-7e57-4cb5-9cd0-c1d90c14afa7;USER=sa', scope='ConversationIntegrationTest#getConversationsOfUser_shouldReturnConversationsWhereMember'
    23:43:43.459 | 134 Pool-1-worker-49 | DEBUG | d.t.c.a.a.c.s.f.ApiVersionFilter     : Adding Version to Request POST /api/courses/989/channels
    23:43:43.460 | 134 Pool-1-worker-49 | DEBUG | d.t.c.a.a.c.w.c.ChannelResource      : REST request to create channel in course 989 with properties : ChannelDTO{subType='null', name='cvtest1', description='general channel', topic='null', isPublic=false, isAnnouncementChannel=false, isArchived=false, isCourseWide=false, isChannelModerator=false, hasChannelModerationRights=false, tutorialGroupId=null, tutorialGroupTitle=null}ConversationDTO{type='channel', id=null, creationDate=null, lastMessageDate=null, unreadMessageCount=null, lastReadDate=null, isMember=null, isFavorite=null, isHidden=null, isCreator=null, numberOfMembers=null, creator=}
    23:43:43.475 | 134 Pool-1-worker-49 | DEBUG | d.t.c.a.a.c.s.f.ApiVersionFilter     : Adding Version to Request POST /api/courses/989/group-chats
    23:43:43.477 | 134 Pool-1-worker-49 | DEBUG | d.t.c.a.a.c.w.c.GroupChatResource    : REST request to create group chat in course 989 between: cvtestinstructor1 and : [cvtesttutor1, cvteststudent1]
    23:43:43.507 | 134 Pool-1-worker-49 | DEBUG | d.t.c.a.a.c.s.f.ApiVersionFilter     : Adding Version to Request POST /api/courses/989/one-to-one-chats
    23:43:43.508 | 134 Pool-1-worker-49 | DEBUG | d.t.c.a.a.c.w.c.OneToOneChatResource : REST request to create one to one chat in course 989 between : cvtestinstructor1 and : [cvtesttutor1]
    23:43:43.520 | 134 Pool-1-worker-49 | DEBUG | .a.c.r.ConversationMessageRepository : findPostIdsWithSpecification took 426µs
    23:43:43.521 | 134 Pool-1-worker-49 | DEBUG | .a.c.r.ConversationMessageRepository : findByPostIdsWithEagerRelationships took 1.35ms
    23:43:43.524 | 134 Pool-1-worker-49 | DEBUG | d.t.c.a.a.c.s.f.ApiVersionFilter     : Adding Version to Request POST /api/courses/989/messages
    23:43:43.525 | 134 Pool-1-worker-49 | DEBUG | .a.a.c.w.ConversationMessageResource : POST createMessage invoked for course 989 with post null
    23:43:43.526 | 134 Pool-1-worker-49 | DEBUG | a.a.c.s.ConversationMessagingService :       createMessage:conversationService.isMemberOrCreateForCourseWideElseThrow DONE
    23:43:43.526 | 134 Pool-1-worker-49 | DEBUG | a.a.c.s.ConversationMessagingService :       createMessage:additional authorization DONE
    23:43:43.527 | 134 Pool-1-worker-49 | DEBUG | a.a.c.s.ConversationMessagingService :       createMessage:parseUserMentions DONE
    23:43:43.528 | 134 Pool-1-worker-49 | DEBUG | a.a.c.s.ConversationMessagingService :       conversationMessageRepository.save DONE
    23:43:43.528 | 134 Pool-1-worker-49 | DEBUG | a.a.c.s.ConversationMessagingService :       conversationMessageRepository.save DONE
    23:43:43.528 | 134 Pool-1-worker-49 | DEBUG | .a.a.c.w.ConversationMessageResource : createMessage took 3.90ms
    23:43:43.530 | 134 Pool-1-worker-49 | DEBUG | .a.c.r.ConversationMessageRepository : findPostIdsWithSpecification took 412µs
    23:43:43.531 | 134 Pool-1-worker-49 | DEBUG | .a.c.r.ConversationMessageRepository : findByPostIdsWithEagerRelationships took 1.40ms
    23:43:43.534 | 621 artemis-task-1   | DEBUG | a.a.c.s.ConversationMessagingService :       getNotificationRecipients DONE
    23:43:43.536 | 134 Pool-1-worker-49 | DEBUG | d.t.c.a.a.c.s.f.ApiVersionFilter     : Adding Version to Request POST /api/courses/989/channels
    23:43:43.537 | 134 Pool-1-worker-49 | DEBUG | d.t.c.a.a.c.w.c.ChannelResource      : REST request to create channel in course 989 with properties : ChannelDTO{subType='null', name='cvtest2', description='general channel', topic='null', isPublic=false, isAnnouncementChannel=false, isArchived=false, isCourseWide=false, isChannelModerator=false, hasChannelModerationRights=false, tutorialGroupId=null, tutorialGroupTitle=null}ConversationDTO{type='channel', id=null, creationDate=null, lastMessageDate=null, unreadMessageCount=null, lastReadDate=null, isMember=null, isFavorite=null, isHidden=null, isCreator=null, numberOfMembers=null, creator=}
    23:43:43.542 | 621 artemis-task-1   | DEBUG | a.a.c.s.ConversationMessagingService :       broadcastForPost DONE
    23:43:43.544 | 621 artemis-task-1   | DEBUG | a.a.c.s.ConversationMessagingService :       conversationNotificationService.notifyAboutNewMessage DONE
    23:43:43.545 | 621 artemis-task-1   | DEBUG | a.a.c.s.ConversationMessagingService :       incrementUnreadMessagesCountOfParticipants DONE
    23:43:43.545 | 621 artemis-task-1   | DEBUG | a.a.c.s.ConversationMessagingService :       notifyAboutMessageCreation DONE
    23:43:43.553 | 134 Pool-1-worker-49 | DEBUG | d.t.c.a.a.c.s.f.ApiVersionFilter     : Adding Version to Request GET /api/courses/989/conversations
    23:43:43.564 | 134 Pool-1-worker-49 | DEBUG | d.t.c.a.a.c.s.f.ApiVersionFilter     : Adding Version to Request GET /api/courses/989/conversations
    23:43:43.574 | 134 Pool-1-worker-49 | DEBUG | d.t.c.a.a.c.s.f.ApiVersionFilter     : Adding Version to Request GET /api/courses/989/conversations

  Starting logs for ConversationIntegrationTest > searchConversationMembers_messagingFeatureDeactivated_shouldReturnForbidden()
    23:43:43.620 | 134 Pool-1-worker-49 | DEBUG | d.t.c.a.a.c.u.util.UserUtilService   : Generate 1 students...
    23:43:43.623 | 134 Pool-1-worker-49 | DEBUG | d.t.c.a.a.c.u.util.UserUtilService   : 1 students generated. Generate 1 tutors...
    23:43:43.625 | 134 Pool-1-worker-49 | DEBUG | d.t.c.a.a.c.u.util.UserUtilService   : 1 tutors generated. Generate 1 editors...
    23:43:43.628 | 134 Pool-1-worker-49 | DEBUG | d.t.c.a.a.c.u.util.UserUtilService   : 1 editors generated. Generate 1 instructors...
    23:43:43.631 | 134 Pool-1-worker-49 | DEBUG | d.t.c.a.a.c.u.util.UserUtilService   : 1 instructors generated
    23:43:43.633 | 134 Pool-1-worker-49 | DEBUG | d.t.c.a.a.c.u.util.UserUtilService   : Removing 4 users from all courses...
    23:43:43.634 | 134 Pool-1-worker-49 | DEBUG | d.t.c.a.a.c.u.util.UserUtilService   : Removing 4 users from all courses. Done
    23:43:43.634 | 134 Pool-1-worker-49 | DEBUG | d.t.c.a.a.c.u.util.UserUtilService   : Save 4 users to database...
    23:43:43.638 | 134 Pool-1-worker-49 | DEBUG | d.t.c.a.a.c.u.util.UserUtilService   : Save 4 users to database. Done
    23:43:43.639 | 134 Pool-1-worker-49 | INFO  | i.z.t.d.l.EmbeddedDatabaseReporter   : JDBC URL to connect to 'dataSource': url='jdbc:h2:tcp://localhost:41063/mem:df70fc46-7e57-4cb5-9cd0-c1d90c14afa7;USER=sa', scope='ConversationIntegrationTest#searchConversationMembers_messagingFeatureDeactivated_shouldReturnForbidden'
    23:43:43.640 | 134 Pool-1-worker-49 | DEBUG | d.t.c.a.a.c.s.f.ApiVersionFilter     : Adding Version to Request POST /api/courses/990/channels
    23:43:43.641 | 134 Pool-1-worker-49 | DEBUG | d.t.c.a.a.c.w.c.ChannelResource      : REST request to create channel in course 990 with properties : ChannelDTO{subType='null', name='cvtest', description='general channel', topic='null', isPublic=false, isAnnouncementChannel=false, isArchived=false, isCourseWide=false, isChannelModerator=false, hasChannelModerationRights=false, tutorialGroupId=null, tutorialGroupTitle=null}ConversationDTO{type='channel', id=null, creationDate=null, lastMessageDate=null, unreadMessageCount=null, lastReadDate=null, isMember=null, isFavorite=null, isHidden=null, isCreator=null, numberOfMembers=null, creator=}
    23:43:43.659 | 134 Pool-1-worker-49 | DEBUG | d.t.c.a.a.c.s.f.ApiVersionFilter     : Adding Version to Request GET /api/courses/990/conversations/648/members/search
    23:43:43.660 | 134 Pool-1-worker-49 | DEBUG | d.t.c.a.a.c.w.c.ConversationResource : REST request to get members of conversation : 648 with login or name :  in course: 990
    23:43:43.661 | 134 Pool-1-worker-49 | WARN  | o.z.p.spring.common.AdviceTraits     : Forbidden: 403 FORBIDDEN "Messaging is not enabled for this course"

  Starting logs for ConversationIntegrationTest > updateIsMuted_messagingFeatureDeactivated_shouldReturnForbidden()
    23:43:43.683 | 134 Pool-1-worker-49 | DEBUG | d.t.c.a.a.c.u.util.UserUtilService   : Generate 1 students...
    23:43:43.685 | 134 Pool-1-worker-49 | DEBUG | d.t.c.a.a.c.u.util.UserUtilService   : 1 students generated. Generate 1 tutors...
    23:43:43.688 | 134 Pool-1-worker-49 | DEBUG | d.t.c.a.a.c.u.util.UserUtilService   : 1 tutors generated. Generate 1 editors...
    23:43:43.691 | 134 Pool-1-worker-49 | DEBUG | d.t.c.a.a.c.u.util.UserUtilService   : 1 editors generated. Generate 1 instructors...
    23:43:43.693 | 134 Pool-1-worker-49 | DEBUG | d.t.c.a.a.c.u.util.UserUtilService   : 1 instructors generated
    23:43:43.695 | 134 Pool-1-worker-49 | DEBUG | d.t.c.a.a.c.u.util.UserUtilService   : Removing 4 users from all courses...
    23:43:43.695 | 134 Pool-1-worker-49 | DEBUG | d.t.c.a.a.c.u.util.UserUtilService   : Removing 4 users from all courses. Done
    23:43:43.695 | 134 Pool-1-worker-49 | DEBUG | d.t.c.a.a.c.u.util.UserUtilService   : Save 4 users to database...
    23:43:43.699 | 134 Pool-1-worker-49 | DEBUG | d.t.c.a.a.c.u.util.UserUtilService   : Save 4 users to database. Done
    23:43:43.700 | 134 Pool-1-worker-49 | INFO  | i.z.t.d.l.EmbeddedDatabaseReporter   : JDBC URL to connect to 'dataSource': url='jdbc:h2:tcp://localhost:41063/mem:df70fc46-7e57-4cb5-9cd0-c1d90c14afa7;USER=sa', scope='ConversationIntegrationTest#updateIsMuted_messagingFeatureDeactivated_shouldReturnForbidden'
    23:43:43.701 | 134 Pool-1-worker-49 | DEBUG | d.t.c.a.a.c.s.f.ApiVersionFilter     : Adding Version to Request POST /api/courses/991/channels
    23:43:43.702 | 134 Pool-1-worker-49 | DEBUG | d.t.c.a.a.c.w.c.ChannelResource      : REST request to create channel in course 991 with properties : ChannelDTO{subType='null', name='cvtest', description='general channel', topic='null', isPublic=false, isAnnouncementChannel=false, isArchived=false, isCourseWide=false, isChannelModerator=false, hasChannelModerationRights=false, tutorialGroupId=null, tutorialGroupTitle=null}ConversationDTO{type='channel', id=null, creationDate=null, lastMessageDate=null, unreadMessageCount=null, lastReadDate=null, isMember=null, isFavorite=null, isHidden=null, isCreator=null, numberOfMembers=null, creator=}
    23:43:43.716 | 134 Pool-1-worker-49 | DEBUG | d.t.c.a.a.c.s.f.ApiVersionFilter     : Adding Version to Request POST /api/courses/991/conversations/649/muted
    23:43:43.718 | 134 Pool-1-worker-49 | WARN  | o.z.p.spring.common.AdviceTraits     : Forbidden: 403 FORBIDDEN "Messaging is not enabled for this course"

  Starting logs for ConversationIntegrationTest > shouldReturnChannelIfExerciseOrLectureOrExamHidden_asTutor()
    23:43:43.745 | 134 Pool-1-worker-49 | DEBUG | d.t.c.a.a.c.u.util.UserUtilService   : Generate 1 students...
    23:43:43.748 | 134 Pool-1-worker-49 | DEBUG | d.t.c.a.a.c.u.util.UserUtilService   : 1 students generated. Generate 1 tutors...
    23:43:43.751 | 134 Pool-1-worker-49 | DEBUG | d.t.c.a.a.c.u.util.UserUtilService   : 1 tutors generated. Generate 1 editors...
    23:43:43.754 | 134 Pool-1-worker-49 | DEBUG | d.t.c.a.a.c.u.util.UserUtilService   : 1 editors generated. Generate 1 instructors...
    23:43:43.757 | 134 Pool-1-worker-49 | DEBUG | d.t.c.a.a.c.u.util.UserUtilService   : 1 instructors generated
    23:43:43.758 | 134 Pool-1-worker-49 | DEBUG | d.t.c.a.a.c.u.util.UserUtilService   : Removing 4 users from all courses...
    23:43:43.759 | 134 Pool-1-worker-49 | DEBUG | d.t.c.a.a.c.u.util.UserUtilService   : Removing 4 users from all courses. Done
    23:43:43.759 | 134 Pool-1-worker-49 | DEBUG | d.t.c.a.a.c.u.util.UserUtilService   : Save 4 users to database...
    23:43:43.763 | 134 Pool-1-worker-49 | DEBUG | d.t.c.a.a.c.u.util.UserUtilService   : Save 4 users to database. Done
    23:43:43.764 | 134 Pool-1-worker-49 | INFO  | i.z.t.d.l.EmbeddedDatabaseReporter   : JDBC URL to connect to 'dataSource': url='jdbc:h2:tcp://localhost:41063/mem:df70fc46-7e57-4cb5-9cd0-c1d90c14afa7;USER=sa', scope='ConversationIntegrationTest#shouldReturnChannelIfExerciseOrLectureOrExamHidden_asTutor'
    23:43:43.788 | 134 Pool-1-worker-49 | DEBUG | d.t.c.a.a.c.s.f.ApiVersionFilter     : Adding Version to Request GET /api/courses/993/conversations

  Starting logs for ConversationIntegrationTest > getConversationsOfUser_onlyChannelsIfMessagingDisabled()
    23:43:43.822 | 134 Pool-1-worker-49 | DEBUG | d.t.c.a.a.c.u.util.UserUtilService   : Generate 1 students...
    23:43:43.824 | 134 Pool-1-worker-49 | DEBUG | d.t.c.a.a.c.u.util.UserUtilService   : 1 students generated. Generate 1 tutors...
    23:43:43.827 | 134 Pool-1-worker-49 | DEBUG | d.t.c.a.a.c.u.util.UserUtilService   : 1 tutors generated. Generate 1 editors...
    23:43:43.830 | 134 Pool-1-worker-49 | DEBUG | d.t.c.a.a.c.u.util.UserUtilService   : 1 editors generated. Generate 1 instructors...
    23:43:43.833 | 134 Pool-1-worker-49 | DEBUG | d.t.c.a.a.c.u.util.UserUtilService   : 1 instructors generated
    23:43:43.834 | 134 Pool-1-worker-49 | DEBUG | d.t.c.a.a.c.u.util.UserUtilService   : Removing 4 users from all courses...
    23:43:43.835 | 134 Pool-1-worker-49 | DEBUG | d.t.c.a.a.c.u.util.UserUtilService   : Removing 4 users from all courses. Done
    23:43:43.835 | 134 Pool-1-worker-49 | DEBUG | d.t.c.a.a.c.u.util.UserUtilService   : Save 4 users to database...
    23:43:43.839 | 134 Pool-1-worker-49 | DEBUG | d.t.c.a.a.c.u.util.UserUtilService   : Save 4 users to database. Done
    23:43:43.839 | 134 Pool-1-worker-49 | INFO  | i.z.t.d.l.EmbeddedDatabaseReporter   : JDBC URL to connect to 'dataSource': url='jdbc:h2:tcp://localhost:41063/mem:df70fc46-7e57-4cb5-9cd0-c1d90c14afa7;USER=sa', scope='ConversationIntegrationTest#getConversationsOfUser_onlyChannelsIfMessagingDisabled'
    23:43:43.841 | 134 Pool-1-worker-49 | DEBUG | d.t.c.a.a.c.s.f.ApiVersionFilter     : Adding Version to Request POST /api/courses/994/channels
    23:43:43.841 | 134 Pool-1-worker-49 | DEBUG | d.t.c.a.a.c.w.c.ChannelResource      : REST request to create channel in course 994 with properties : ChannelDTO{subType='null', name='cvtest1', description='general channel', topic='null', isPublic=false, isAnnouncementChannel=false, isArchived=false, isCourseWide=false, isChannelModerator=false, hasChannelModerationRights=false, tutorialGroupId=null, tutorialGroupTitle=null}ConversationDTO{type='channel', id=null, creationDate=null, lastMessageDate=null, unreadMessageCount=null, lastReadDate=null, isMember=null, isFavorite=null, isHidden=null, isCreator=null, numberOfMembers=null, creator=}
    23:43:43.856 | 134 Pool-1-worker-49 | DEBUG | d.t.c.a.a.c.s.f.ApiVersionFilter     : Adding Version to Request POST /api/courses/994/group-chats
    23:43:43.857 | 134 Pool-1-worker-49 | DEBUG | d.t.c.a.a.c.w.c.GroupChatResource    : REST request to create group chat in course 994 between: cvtestinstructor1 and : [cvtesttutor1]
    23:43:43.879 | 134 Pool-1-worker-49 | DEBUG | d.t.c.a.a.c.s.f.ApiVersionFilter     : Adding Version to Request POST /api/courses/994/one-to-one-chats
    23:43:43.881 | 134 Pool-1-worker-49 | DEBUG | d.t.c.a.a.c.w.c.OneToOneChatResource : REST request to create one to one chat in course 994 between : cvtestinstructor1 and : [cvtesttutor1]
    23:43:43.893 | 134 Pool-1-worker-49 | DEBUG | .a.c.r.ConversationMessageRepository : findPostIdsWithSpecification took 502µs
    23:43:43.894 | 134 Pool-1-worker-49 | DEBUG | .a.c.r.ConversationMessageRepository : findByPostIdsWithEagerRelationships took 1.13ms
    23:43:43.896 | 134 Pool-1-worker-49 | DEBUG | d.t.c.a.a.c.s.f.ApiVersionFilter     : Adding Version to Request POST /api/courses/994/messages
    23:43:43.897 | 134 Pool-1-worker-49 | DEBUG | .a.a.c.w.ConversationMessageResource : POST createMessage invoked for course 994 with post null
    23:43:43.898 | 134 Pool-1-worker-49 | DEBUG | a.a.c.s.ConversationMessagingService :       createMessage:conversationService.isMemberOrCreateForCourseWideElseThrow DONE
    23:43:43.898 | 134 Pool-1-worker-49 | DEBUG | a.a.c.s.ConversationMessagingService :       createMessage:additional authorization DONE
    23:43:43.899 | 134 Pool-1-worker-49 | DEBUG | a.a.c.s.ConversationMessagingService :       createMessage:parseUserMentions DONE
    23:43:43.901 | 134 Pool-1-worker-49 | DEBUG | a.a.c.s.ConversationMessagingService :       conversationMessageRepository.save DONE
    23:43:43.901 | 134 Pool-1-worker-49 | DEBUG | a.a.c.s.ConversationMessagingService :       conversationMessageRepository.save DONE
    23:43:43.902 | 134 Pool-1-worker-49 | DEBUG | .a.a.c.w.ConversationMessageResource : createMessage took 5.43ms
    23:43:43.903 | 134 Pool-1-worker-49 | DEBUG | .a.c.r.ConversationMessageRepository : findPostIdsWithSpecification took 393µs
    23:43:43.905 | 134 Pool-1-worker-49 | DEBUG | .a.c.r.ConversationMessageRepository : findByPostIdsWithEagerRelationships took 1.38ms
    23:43:43.905 | 621 artemis-task-1   | DEBUG | a.a.c.s.ConversationMessagingService :       getNotificationRecipients DONE
    23:43:43.908 | 134 Pool-1-worker-49 | DEBUG | d.t.c.a.a.c.s.f.ApiVersionFilter     : Adding Version to Request POST /api/courses/994/channels
    23:43:43.909 | 134 Pool-1-worker-49 | DEBUG | d.t.c.a.a.c.w.c.ChannelResource      : REST request to create channel in course 994 with properties : ChannelDTO{subType='null', name='cvtest2', description='general channel', topic='null', isPublic=false, isAnnouncementChannel=false, isArchived=false, isCourseWide=false, isChannelModerator=false, hasChannelModerationRights=false, tutorialGroupId=null, tutorialGroupTitle=null}ConversationDTO{type='channel', id=null, creationDate=null, lastMessageDate=null, unreadMessageCount=null, lastReadDate=null, isMember=null, isFavorite=null, isHidden=null, isCreator=null, numberOfMembers=null, creator=}
    23:43:43.911 | 621 artemis-task-1   | DEBUG | a.a.c.s.ConversationMessagingService :       broadcastForPost DONE
    23:43:43.913 | 621 artemis-task-1   | DEBUG | a.a.c.s.ConversationMessagingService :       conversationNotificationService.notifyAboutNewMessage DONE
    23:43:43.913 | 621 artemis-task-1   | DEBUG | a.a.c.s.ConversationMessagingService :       incrementUnreadMessagesCountOfParticipants DONE
    23:43:43.913 | 621 artemis-task-1   | DEBUG | a.a.c.s.ConversationMessagingService :       notifyAboutMessageCreation DONE
    23:43:43.925 | 134 Pool-1-worker-49 | DEBUG | d.t.c.a.a.c.s.f.ApiVersionFilter     : Adding Version to Request GET /api/courses/994/conversations

Finished logs for ConversationIntegrationTest
]]></system-out>
  <system-err><![CDATA[]]></system-err>
</testsuite>
