<?xml version="1.0" encoding="UTF-8"?>
<testsuite name="de.tum.cit.aet.artemis.programming.icl.SharedQueueManagementServiceTest" tests="1" skipped="0" failures="0" errors="0" timestamp="2025-02-14T23:45:30" hostname="fv-az1721-502" time="0.082">
  <properties/>
  <testcase name="testPushDockerImageCleanupInfo()" classname="de.tum.cit.aet.artemis.programming.icl.SharedQueueManagementServiceTest" time="0.082"/>
  <system-out><![CDATA[
Starting logs for SharedQueueManagementServiceTest

  Starting logs for SharedQueueManagementServiceTest > testPushDockerImageCleanupInfo()
    23:45:30.212 | 482 ool-1-worker-246 | INFO  | i.z.t.d.l.EmbeddedDatabaseReporter   : JDBC URL to connect to 'dataSource': url='jdbc:h2:tcp://localhost:41063/mem:f240edcd-27ce-47a3-b4ab-a6a00c154135;USER=sa', scope='SharedQueueManagementServiceTest#testPushDockerImageCleanupInfo'
    23:45:30.233 | 482 ool-1-worker-246 | INFO  | a.p.s.l.SharedQueueManagementService : pushDockerImageCleanupInfo took 13ms

Finished logs for SharedQueueManagementServiceTest
]]></system-out>
  <system-err><![CDATA[]]></system-err>
</testsuite>
