<?xml version="1.0" encoding="UTF-8"?>
<testsuite name="de.tum.cit.aet.artemis.programming.icl.LocalCIServiceTest" tests="5" skipped="0" failures="0" errors="0" timestamp="2025-02-14T23:45:06" hostname="fv-az1721-502" time="0.21">
  <properties/>
  <testcase name="testUnsupportedMethods()" classname="de.tum.cit.aet.artemis.programming.icl.LocalCIServiceTest" time="0.023"/>
  <testcase name="testGetScriptForWithoutCache()" classname="de.tum.cit.aet.artemis.programming.icl.LocalCIServiceTest" time="0.043"/>
  <testcase name="testReturnCorrectBuildStatus()" classname="de.tum.cit.aet.artemis.programming.icl.LocalCIServiceTest" time="0.073"/>
  <testcase name="testHealth()" classname="de.tum.cit.aet.artemis.programming.icl.LocalCIServiceTest" time="0.019"/>
  <testcase name="testRecreateBuildPlanForExercise()" classname="de.tum.cit.aet.artemis.programming.icl.LocalCIServiceTest" time="0.041"/>
  <system-out><![CDATA[
Starting logs for LocalCIServiceTest

  Starting logs for LocalCIServiceTest > testUnsupportedMethods()
    23:45:06.954 | 475 ool-1-worker-239 | INFO  | i.z.t.d.l.EmbeddedDatabaseReporter   : JDBC URL to connect to 'dataSource': url='jdbc:h2:tcp://localhost:41063/mem:f240edcd-27ce-47a3-b4ab-a6a00c154135;USER=sa', scope='LocalCIServiceTest#testUnsupportedMethods'
    23:45:06.955 | 475 ool-1-worker-239 | ERROR | d.t.c.a.a.p.s.localci.LocalCIService : Unsupported action: LocalCIService.retrieveLatestArtifact()
    23:45:06.959 | 601 taskScheduler-2  | DEBUG | a.a.b.s.SharedQueueProcessingService : Currently processing jobs on this node: 0, active threads in Pool: 0, maximum pool size of thread executor : 1

  Starting logs for LocalCIServiceTest > testGetScriptForWithoutCache()
    23:45:06.988 | 475 ool-1-worker-239 | INFO  | i.z.t.d.l.EmbeddedDatabaseReporter   : JDBC URL to connect to 'dataSource': url='jdbc:h2:tcp://localhost:41063/mem:f240edcd-27ce-47a3-b4ab-a6a00c154135;USER=sa', scope='LocalCIServiceTest#testGetScriptForWithoutCache'
    23:45:06.992 | 475 ool-1-worker-239 | DEBUG | c.a.a.p.s.BuildScriptProviderService : Caching script for haskell_default.sh
    23:45:06.995 | 600 taskScheduler-1  | DEBUG | a.a.b.s.SharedQueueProcessingService : Currently processing jobs on this node: 0, active threads in Pool: 0, maximum pool size of thread executor : 1

  Starting logs for LocalCIServiceTest > testReturnCorrectBuildStatus()
    23:45:07.030 | 475 ool-1-worker-239 | INFO  | i.z.t.d.l.EmbeddedDatabaseReporter   : JDBC URL to connect to 'dataSource': url='jdbc:h2:tcp://localhost:41063/mem:f240edcd-27ce-47a3-b4ab-a6a00c154135;USER=sa', scope='LocalCIServiceTest#testReturnCorrectBuildStatus'
    23:45:07.031 | 475 ool-1-worker-239 | DEBUG | d.t.c.a.a.c.u.util.UserUtilService   : Generate 1 students...
    23:45:07.038 | 475 ool-1-worker-239 | DEBUG | d.t.c.a.a.c.u.util.UserUtilService   : 1 students generated. Generate 0 tutors...
    23:45:07.039 | 475 ool-1-worker-239 | DEBUG | d.t.c.a.a.c.u.util.UserUtilService   : 0 tutors generated. Generate 0 editors...
    23:45:07.044 | 475 ool-1-worker-239 | DEBUG | d.t.c.a.a.c.u.util.UserUtilService   : 0 editors generated. Generate 1 instructors...
    23:45:07.046 | 475 ool-1-worker-239 | DEBUG | d.t.c.a.a.c.u.util.UserUtilService   : 1 instructors generated
    23:45:07.049 | 475 ool-1-worker-239 | DEBUG | d.t.c.a.a.c.u.util.UserUtilService   : Removing 4 users from all courses...
    23:45:07.050 | 475 ool-1-worker-239 | DEBUG | d.t.c.a.a.c.u.util.UserUtilService   : Removing 4 users from all courses. Done
    23:45:07.050 | 475 ool-1-worker-239 | DEBUG | d.t.c.a.a.c.u.util.UserUtilService   : Save 2 users to database...
    23:45:07.052 | 475 ool-1-worker-239 | DEBUG | d.t.c.a.a.c.u.util.UserUtilService   : Save 2 users to database. Done
    23:45:07.073 | 475 ool-1-worker-239 | DEBUG | PersonalAccessTokenManagementService : Generate secure vcs access token
    23:45:07.077 | 566 localvc.event-13 | DEBUG | s.l.LocalCIWebsocketMessagingService : Sending message on topic /topic/admin/queued-jobs: [BuildJobQueueItem[id=1, name=job1, buildAgent=BuildAgentDTO[name=artemis-build-agent-test, memberAddress=[127.0.0.1]:5703, displayName=artemis-build-agent-test], participationId=1909, courseId=945, exerciseId=1, retryCount=1, priority=1, status=SUCCESSFUL, repositoryInfo=RepositoryInfo[repositoryName=test, repositoryType=null, triggeredByPushTo=user, assignmentRepositoryUri=, testRepositoryUri=, solutionRepositoryUri=, auxiliaryRepositoryUris=null, auxiliaryRepositoryCheckoutDirectories=null], jobTimingInfo=JobTimingInfo[submissionDate=2025-02-14T23:45:07.074965886Z[Etc/UTC], buildStartDate=2025-02-14T23:46:07.074966177Z[Etc/UTC], buildCompletionDate=2025-02-14T23:47:07.074986084Z[Etc/UTC], estimatedCompletionDate=null, estimatedDuration=0], buildConfig=BuildConfig[buildScript=, dockerImage=, commitHashToBuild=test, assignmentCommitHash=, testCommitHash=, branch=, programmingLanguage=null, projectType=null, scaEnabled=false, sequentialTestRunsEnabled=false, resultPaths=null, timeoutSeconds=0, assignmentCheckoutPath=, testCheckoutPath=, solutionCheckoutPath=, dockerRunConfig=null], submissionResult=null]]
    23:45:07.077 | 566 localvc.event-13 | DEBUG | s.l.LocalCIWebsocketMessagingService : Sending message on topic /topic/courses/945/queued-jobs: [BuildJobQueueItem[id=1, name=job1, buildAgent=BuildAgentDTO[name=artemis-build-agent-test, memberAddress=[127.0.0.1]:5703, displayName=artemis-build-agent-test], participationId=1909, courseId=945, exerciseId=1, retryCount=1, priority=1, status=SUCCESSFUL, repositoryInfo=RepositoryInfo[repositoryName=test, repositoryType=null, triggeredByPushTo=user, assignmentRepositoryUri=, testRepositoryUri=, solutionRepositoryUri=, auxiliaryRepositoryUris=null, auxiliaryRepositoryCheckoutDirectories=null], jobTimingInfo=JobTimingInfo[submissionDate=2025-02-14T23:45:07.074965886Z[Etc/UTC], buildStartDate=2025-02-14T23:46:07.074966177Z[Etc/UTC], buildCompletionDate=2025-02-14T23:47:07.074986084Z[Etc/UTC], estimatedCompletionDate=null, estimatedDuration=0], buildConfig=BuildConfig[buildScript=, dockerImage=, commitHashToBuild=test, assignmentCommitHash=, testCommitHash=, branch=, programmingLanguage=null, projectType=null, scaEnabled=false, sequentialTestRunsEnabled=false, resultPaths=null, timeoutSeconds=0, assignmentCheckoutPath=, testCheckoutPath=, solutionCheckoutPath=, dockerRunConfig=null], submissionResult=null]]
    23:45:07.077 | 588 artemis-task-1   | DEBUG | d.t.c.a.a.c.c.w.GzipMessageConverter : Compressed message payload from 800 to 540 (saved 32.5% payload size)
    23:45:07.078 | 588 artemis-task-1   | DEBUG | d.t.c.a.a.c.c.w.GzipMessageConverter : Compressed message payload from 800 to 540 (saved 32.5% payload size)
    23:45:07.079 | 568 localvc.event-15 | DEBUG | a.p.s.l.LocalCIQueueWebsocketService : CIBuildJobQueueItem added to processing jobs: BuildJobQueueItem[id=2, name=job2, buildAgent=BuildAgentDTO[name=artemis-build-agent-test, memberAddress=[127.0.0.1]:5703, displayName=artemis-build-agent-test], participationId=1909, courseId=945, exerciseId=1, retryCount=1, priority=1, status=SUCCESSFUL, repositoryInfo=RepositoryInfo[repositoryName=test, repositoryType=null, triggeredByPushTo=user, assignmentRepositoryUri=test, testRepositoryUri=test, solutionRepositoryUri=test, auxiliaryRepositoryUris=null, auxiliaryRepositoryCheckoutDirectories=null], jobTimingInfo=JobTimingInfo[submissionDate=2025-02-14T23:45:07.074965886Z[Etc/UTC], buildStartDate=2025-02-14T23:46:07.074966177Z[Etc/UTC], buildCompletionDate=2025-02-14T23:47:07.074986084Z[Etc/UTC], estimatedCompletionDate=null, estimatedDuration=0], buildConfig=BuildConfig[buildScript=echo 'test', dockerImage=test, commitHashToBuild=test, assignmentCommitHash=test, testCommitHash=test, branch=test, programmingLanguage=null, projectType=null, scaEnabled=false, sequentialTestRunsEnabled=false, resultPaths=null, timeoutSeconds=0, assignmentCheckoutPath=null, testCheckoutPath=null, solutionCheckoutPath=null, dockerRunConfig=null], submissionResult=null]
    23:45:07.079 | 568 localvc.event-15 | DEBUG | s.l.LocalCIWebsocketMessagingService : Sending message on topic /topic/admin/running-jobs: [BuildJobQueueItem[id=2, name=job2, buildAgent=BuildAgentDTO[name=artemis-build-agent-test, memberAddress=[127.0.0.1]:5703, displayName=artemis-build-agent-test], participationId=1909, courseId=945, exerciseId=1, retryCount=1, priority=1, status=SUCCESSFUL, repositoryInfo=RepositoryInfo[repositoryName=test, repositoryType=null, triggeredByPushTo=user, assignmentRepositoryUri=, testRepositoryUri=, solutionRepositoryUri=, auxiliaryRepositoryUris=null, auxiliaryRepositoryCheckoutDirectories=null], jobTimingInfo=JobTimingInfo[submissionDate=2025-02-14T23:45:07.074965886Z[Etc/UTC], buildStartDate=2025-02-14T23:46:07.074966177Z[Etc/UTC], buildCompletionDate=2025-02-14T23:47:07.074986084Z[Etc/UTC], estimatedCompletionDate=null, estimatedDuration=0], buildConfig=BuildConfig[buildScript=, dockerImage=, commitHashToBuild=test, assignmentCommitHash=, testCommitHash=, branch=, programmingLanguage=null, projectType=null, scaEnabled=false, sequentialTestRunsEnabled=false, resultPaths=null, timeoutSeconds=0, assignmentCheckoutPath=, testCheckoutPath=, solutionCheckoutPath=, dockerRunConfig=null], submissionResult=null]]
    23:45:07.079 | 568 localvc.event-15 | DEBUG | s.l.LocalCIWebsocketMessagingService : Sending message on topic /topic/courses/945/running-jobs: [BuildJobQueueItem[id=2, name=job2, buildAgent=BuildAgentDTO[name=artemis-build-agent-test, memberAddress=[127.0.0.1]:5703, displayName=artemis-build-agent-test], participationId=1909, courseId=945, exerciseId=1, retryCount=1, priority=1, status=SUCCESSFUL, repositoryInfo=RepositoryInfo[repositoryName=test, repositoryType=null, triggeredByPushTo=user, assignmentRepositoryUri=, testRepositoryUri=, solutionRepositoryUri=, auxiliaryRepositoryUris=null, auxiliaryRepositoryCheckoutDirectories=null], jobTimingInfo=JobTimingInfo[submissionDate=2025-02-14T23:45:07.074965886Z[Etc/UTC], buildStartDate=2025-02-14T23:46:07.074966177Z[Etc/UTC], buildCompletionDate=2025-02-14T23:47:07.074986084Z[Etc/UTC], estimatedCompletionDate=null, estimatedDuration=0], buildConfig=BuildConfig[buildScript=, dockerImage=, commitHashToBuild=test, assignmentCommitHash=, testCommitHash=, branch=, programmingLanguage=null, projectType=null, scaEnabled=false, sequentialTestRunsEnabled=false, resultPaths=null, timeoutSeconds=0, assignmentCheckoutPath=, testCheckoutPath=, solutionCheckoutPath=, dockerRunConfig=null], submissionResult=null]]
    23:45:07.080 | 566 localvc.event-13 | DEBUG | s.l.LocalCIWebsocketMessagingService : Sending message on topic /topic/admin/queued-jobs: []
    23:45:07.080 | 566 localvc.event-13 | DEBUG | s.l.LocalCIWebsocketMessagingService : Sending message on topic /topic/courses/945/queued-jobs: []
    23:45:07.081 | 588 artemis-task-1   | DEBUG | d.t.c.a.a.c.c.w.GzipMessageConverter : Compressed message payload from 800 to 540 (saved 32.5% payload size)
    23:45:07.082 | 588 artemis-task-1   | DEBUG | d.t.c.a.a.c.c.w.GzipMessageConverter : Compressed message payload from 800 to 540 (saved 32.5% payload size)
    23:45:07.084 | 615 taskScheduler-4  | DEBUG | a.a.b.s.SharedQueueProcessingService : Currently processing jobs on this node: 0, active threads in Pool: 0, maximum pool size of thread executor : 1

  Starting logs for LocalCIServiceTest > testHealth()
    23:45:07.102 | 475 ool-1-worker-239 | INFO  | i.z.t.d.l.EmbeddedDatabaseReporter   : JDBC URL to connect to 'dataSource': url='jdbc:h2:tcp://localhost:41063/mem:f240edcd-27ce-47a3-b4ab-a6a00c154135;USER=sa', scope='LocalCIServiceTest#testHealth'
    23:45:07.109 | 614 taskScheduler-3  | DEBUG | a.a.b.s.SharedQueueProcessingService : Currently processing jobs on this node: 0, active threads in Pool: 0, maximum pool size of thread executor : 1

  Starting logs for LocalCIServiceTest > testRecreateBuildPlanForExercise()
    23:45:07.122 | 475 ool-1-worker-239 | INFO  | i.z.t.d.l.EmbeddedDatabaseReporter   : JDBC URL to connect to 'dataSource': url='jdbc:h2:tcp://localhost:41063/mem:f240edcd-27ce-47a3-b4ab-a6a00c154135;USER=sa', scope='LocalCIServiceTest#testRecreateBuildPlanForExercise'
    23:45:07.137 | 475 ool-1-worker-239 | DEBUG | c.a.a.p.s.BuildScriptProviderService : Caching script for java_plain_maven.sh
    23:45:07.144 | 475 ool-1-worker-239 | DEBUG | c.a.a.p.s.BuildScriptProviderService : Returning cached script for java_plain_maven.sh
    23:45:07.149 | 601 taskScheduler-2  | DEBUG | a.a.b.s.SharedQueueProcessingService : Currently processing jobs on this node: 0, active threads in Pool: 0, maximum pool size of thread executor : 1
    23:45:07.179 | 600 taskScheduler-1  | DEBUG | a.a.b.s.SharedQueueProcessingService : Currently processing jobs on this node: 0, active threads in Pool: 0, maximum pool size of thread executor : 1
    23:45:07.208 | 615 taskScheduler-4  | DEBUG | a.a.b.s.SharedQueueProcessingService : Currently processing jobs on this node: 0, active threads in Pool: 0, maximum pool size of thread executor : 1
    23:45:07.227 | 614 taskScheduler-3  | DEBUG | a.a.b.s.SharedQueueProcessingService : Currently processing jobs on this node: 0, active threads in Pool: 0, maximum pool size of thread executor : 1

Finished logs for LocalCIServiceTest
]]></system-out>
  <system-err><![CDATA[]]></system-err>
</testsuite>
