<?xml version="1.0" encoding="UTF-8"?>
<testsuite name="de.tum.cit.aet.artemis.programming.ProgrammingExerciseParticipationIntegrationTest$GetParticipationRepositoryFilesForCommitsDetailsView" tests="4" skipped="0" failures="0" errors="0" timestamp="2025-02-14T23:47:55" hostname="fv-az1721-502" time="0.518">
  <properties/>
  <testcase name="shouldReturnFilesForSolutionRepository()" classname="de.tum.cit.aet.artemis.programming.ProgrammingExerciseParticipationIntegrationTest$GetParticipationRepositoryFilesForCommitsDetailsView" time="0.13"/>
  <testcase name="shouldReturnBadRequestWithoutAnyProvidedParameters()" classname="de.tum.cit.aet.artemis.programming.ProgrammingExerciseParticipationIntegrationTest$GetParticipationRepositoryFilesForCommitsDetailsView" time="0.123"/>
  <testcase name="shouldReturnFilesForTemplateRepository()" classname="de.tum.cit.aet.artemis.programming.ProgrammingExerciseParticipationIntegrationTest$GetParticipationRepositoryFilesForCommitsDetailsView" time="0.15"/>
  <testcase name="shouldReturnForParticipation()" classname="de.tum.cit.aet.artemis.programming.ProgrammingExerciseParticipationIntegrationTest$GetParticipationRepositoryFilesForCommitsDetailsView" time="0.112"/>
  <system-out><![CDATA[WARNING: A terminally deprecated method in java.lang.System has been called
WARNING: System::setSecurityManager has been called by de.tum.in.test.api.security.ArtemisSecurityManager (file:/home/runner/.m2/repository/de/tum/in/ase/artemis-java-test-sandbox/1.13.0/artemis-java-test-sandbox-1.13.0.jar)
WARNING: Please consider reporting this to the maintainers of de.tum.in.test.api.security.ArtemisSecurityManager
WARNING: System::setSecurityManager will be removed in a future release
[DEBUG] [main] Validated build configuration regarding trusted package rules, 0 are missing.
NOTICE: The warning above is expected and the issue is already known.
        Visit https://github.com/ls1intum/Ares/discussions/113 for more details.
[INFO] [main] Request install with ASC-Impl [testMethod=Optional.empty, executionPath=/tmp/testLocalRepo8086663005378633686, whitelistedPaths=Optional[[PathRule["target" (STARTS_WITH) in WHITELIST; level READ]]], blacklistedPaths=[PathRule["target/test-classes" (STARTS_WITH) in BLACKLIST; level READ]], allowedLocalPorts=[], trustedPackages=[]]
[INFO] [main] Request uninstall
[DEBUG] [main] Validated build configuration regarding trusted package rules, 0 are missing.
[INFO] [main] Request install with ASC-Impl [testMethod=Optional[protected org.junit.jupiter.api.DynamicContainer de.test.ConstructorTest.generateTestsForAllClasses() throws java.net.URISyntaxException], executionPath=/tmp/testLocalRepo8086663005378633686, whitelistedPaths=Optional[[PathRule["target" (STARTS_WITH) in WHITELIST; level READ]]], blacklistedPaths=[PathRule["target/test-classes" (STARTS_WITH) in BLACKLIST; level READ]], allowedLocalPorts=[], trustedPackages=[]]
[INFO] [main] Request whitelisting: Thread[ajts-to-1,5,Test-Threadgroup] []
[INFO] [main] Thread whitelisted: Thread[ajts-to-1,5,Test-Threadgroup]
[INFO] [main] Request uninstall
[DEBUG] [main] Validated build configuration regarding trusted package rules, 0 are missing.
[INFO] [main] Request install with ASC-Impl [testMethod=Optional[protected org.junit.jupiter.api.DynamicContainer de.test.ConstructorTest.generateTestsForAllClasses() throws java.net.URISyntaxException], executionPath=/tmp/testLocalRepo8086663005378633686, whitelistedPaths=Optional[[PathRule["target" (STARTS_WITH) in WHITELIST; level READ]]], blacklistedPaths=[PathRule["target/test-classes" (STARTS_WITH) in BLACKLIST; level READ]], allowedLocalPorts=[], trustedPackages=[]]
[INFO] [main] Request whitelisting: Thread[ajts-to-2,5,Test-Threadgroup] []
[INFO] [main] Thread whitelisted: Thread[ajts-to-2,5,Test-Threadgroup]
[INFO] [main] Request uninstall
[INFO] Tests run: 1, Failures: 0, Errors: 0, Skipped: 0, Time elapsed: 0.510 s -- in de.test.ConstructorTest
[INFO] Running de.test.MethodTest
[DEBUG] [main] Validated build configuration regarding trusted package rules, 0 are missing.
[INFO] [main] Request install with ASC-Impl [testMethod=Optional.empty, executionPath=/tmp/testLocalRepo8086663005378633686, whitelistedPaths=Optional[[PathRule["target" (STARTS_WITH) in WHITELIST; level READ]]], blacklistedPaths=[PathRule["target/test-classes" (STARTS_WITH) in BLACKLIST; level READ]], allowedLocalPorts=[], trustedPackages=[]]
[INFO] [main] Request uninstall
[DEBUG] [main] Validated build configuration regarding trusted package rules, 0 are missing.
[INFO] [main] Request install with ASC-Impl [testMethod=Optional[protected org.junit.jupiter.api.DynamicContainer de.test.MethodTest.generateTestsForAllClasses() throws java.net.URISyntaxException], executionPath=/tmp/testLocalRepo8086663005378633686, whitelistedPaths=Optional[[PathRule["target" (STARTS_WITH) in WHITELIST; level READ]]], blacklistedPaths=[PathRule["target/test-classes" (STARTS_WITH) in BLACKLIST; level READ]], allowedLocalPorts=[], trustedPackages=[]]
[INFO] [main] Request whitelisting: Thread[ajts-to-3,5,Test-Threadgroup] []
[INFO] [main] Thread whitelisted: Thread[ajts-to-3,5,Test-Threadgroup]
[INFO] [main] Request uninstall

Starting logs for GetParticipationRepositoryFilesForCommitsDetailsView

  Starting logs for GetParticipationRepositoryFilesForCommitsDetailsView > shouldReturnFilesForSolutionRepository()
    23:47:55.874 | 454 ool-1-worker-218 | DEBUG | d.t.c.a.a.c.u.util.UserUtilService   : Generate 4 students...
    23:47:55.881 | 454 ool-1-worker-218 | DEBUG | d.t.c.a.a.c.u.util.UserUtilService   : 4 students generated. Generate 2 tutors...
    23:47:55.885 | 454 ool-1-worker-218 | DEBUG | d.t.c.a.a.c.u.util.UserUtilService   : 2 tutors generated. Generate 0 editors...
    23:47:55.887 | 454 ool-1-worker-218 | DEBUG | d.t.c.a.a.c.u.util.UserUtilService   : 0 editors generated. Generate 2 instructors...
    23:47:55.891 | 454 ool-1-worker-218 | DEBUG | d.t.c.a.a.c.u.util.UserUtilService   : 2 instructors generated
    23:47:55.893 | 454 ool-1-worker-218 | DEBUG | d.t.c.a.a.c.u.util.UserUtilService   : Removing 8 users from all courses...
    23:47:55.895 | 454 ool-1-worker-218 | DEBUG | d.t.c.a.a.c.u.util.UserUtilService   : Removing 8 users from all courses. Done
    23:47:55.895 | 454 ool-1-worker-218 | DEBUG | d.t.c.a.a.c.u.util.UserUtilService   : Save 8 users to database...
    23:47:55.901 | 454 ool-1-worker-218 | DEBUG | d.t.c.a.a.c.u.util.UserUtilService   : Save 8 users to database. Done
    23:47:55.927 | 454 ool-1-worker-218 | DEBUG | d.t.c.a.a.c.u.util.UserUtilService   : Generate 4 students...
    23:47:55.934 | 454 ool-1-worker-218 | DEBUG | d.t.c.a.a.c.u.util.UserUtilService   : 4 students generated. Generate 2 tutors...
    23:47:55.938 | 454 ool-1-worker-218 | DEBUG | d.t.c.a.a.c.u.util.UserUtilService   : 2 tutors generated. Generate 0 editors...
    23:47:55.940 | 454 ool-1-worker-218 | DEBUG | d.t.c.a.a.c.u.util.UserUtilService   : 0 editors generated. Generate 2 instructors...
    23:47:55.944 | 454 ool-1-worker-218 | DEBUG | d.t.c.a.a.c.u.util.UserUtilService   : 2 instructors generated
    23:47:55.947 | 454 ool-1-worker-218 | DEBUG | d.t.c.a.a.c.u.util.UserUtilService   : Removing 8 users from all courses...
    23:47:55.948 | 454 ool-1-worker-218 | DEBUG | d.t.c.a.a.c.u.util.UserUtilService   : Removing 8 users from all courses. Done
    23:47:55.948 | 454 ool-1-worker-218 | DEBUG | d.t.c.a.a.c.u.util.UserUtilService   : Save 8 users to database...
    23:47:55.954 | 454 ool-1-worker-218 | DEBUG | d.t.c.a.a.c.u.util.UserUtilService   : Save 8 users to database. Done
    23:47:55.957 | 454 ool-1-worker-218 | DEBUG | PersonalAccessTokenManagementService : Generate secure vcs access token
    23:47:55.985 | 454 ool-1-worker-218 | INFO  | i.z.t.d.l.EmbeddedDatabaseReporter   : JDBC URL to connect to 'dataSource': url='jdbc:h2:tcp://localhost:41063/mem:df70fc46-7e57-4cb5-9cd0-c1d90c14afa7;USER=sa', scope='GetParticipationRepositoryFilesForCommitsDetailsView#shouldReturnFilesForSolutionRepository'
    23:47:55.986 | 454 ool-1-worker-218 | DEBUG | d.t.c.a.a.c.s.f.ApiVersionFilter     : Adding Version to Request GET /api/programming-exercise/3597/files-content-commit-details/commitHash
    23:47:55.992 | 454 ool-1-worker-218 | DEBUG | d.t.c.a.a.p.s.RepositoryService      : Checking out repo to get files at commit commitHash for participation 3179

  Starting logs for GetParticipationRepositoryFilesForCommitsDetailsView > shouldReturnBadRequestWithoutAnyProvidedParameters()
    23:47:56.002 | 454 ool-1-worker-218 | DEBUG | d.t.c.a.a.c.u.util.UserUtilService   : Generate 4 students...
    23:47:56.008 | 454 ool-1-worker-218 | DEBUG | d.t.c.a.a.c.u.util.UserUtilService   : 4 students generated. Generate 2 tutors...
    23:47:56.012 | 454 ool-1-worker-218 | DEBUG | d.t.c.a.a.c.u.util.UserUtilService   : 2 tutors generated. Generate 0 editors...
    23:47:56.014 | 454 ool-1-worker-218 | DEBUG | d.t.c.a.a.c.u.util.UserUtilService   : 0 editors generated. Generate 2 instructors...
    23:47:56.018 | 454 ool-1-worker-218 | DEBUG | d.t.c.a.a.c.u.util.UserUtilService   : 2 instructors generated
    23:47:56.021 | 454 ool-1-worker-218 | DEBUG | d.t.c.a.a.c.u.util.UserUtilService   : Removing 8 users from all courses...
    23:47:56.022 | 454 ool-1-worker-218 | DEBUG | d.t.c.a.a.c.u.util.UserUtilService   : Removing 8 users from all courses. Done
    23:47:56.022 | 454 ool-1-worker-218 | DEBUG | d.t.c.a.a.c.u.util.UserUtilService   : Save 8 users to database...
    23:47:56.029 | 454 ool-1-worker-218 | DEBUG | d.t.c.a.a.c.u.util.UserUtilService   : Save 8 users to database. Done
    23:47:56.054 | 454 ool-1-worker-218 | DEBUG | d.t.c.a.a.c.u.util.UserUtilService   : Generate 4 students...
    23:47:56.061 | 454 ool-1-worker-218 | DEBUG | d.t.c.a.a.c.u.util.UserUtilService   : 4 students generated. Generate 2 tutors...
    23:47:56.065 | 454 ool-1-worker-218 | DEBUG | d.t.c.a.a.c.u.util.UserUtilService   : 2 tutors generated. Generate 0 editors...
    23:47:56.066 | 454 ool-1-worker-218 | DEBUG | d.t.c.a.a.c.u.util.UserUtilService   : 0 editors generated. Generate 2 instructors...
    23:47:56.070 | 454 ool-1-worker-218 | DEBUG | d.t.c.a.a.c.u.util.UserUtilService   : 2 instructors generated
    23:47:56.073 | 454 ool-1-worker-218 | DEBUG | d.t.c.a.a.c.u.util.UserUtilService   : Removing 8 users from all courses...
    23:47:56.074 | 454 ool-1-worker-218 | DEBUG | d.t.c.a.a.c.u.util.UserUtilService   : Removing 8 users from all courses. Done
    23:47:56.074 | 454 ool-1-worker-218 | DEBUG | d.t.c.a.a.c.u.util.UserUtilService   : Save 8 users to database...
    23:47:56.081 | 454 ool-1-worker-218 | DEBUG | d.t.c.a.a.c.u.util.UserUtilService   : Save 8 users to database. Done
    23:47:56.084 | 454 ool-1-worker-218 | DEBUG | PersonalAccessTokenManagementService : Generate secure vcs access token
    23:47:56.111 | 454 ool-1-worker-218 | INFO  | i.z.t.d.l.EmbeddedDatabaseReporter   : JDBC URL to connect to 'dataSource': url='jdbc:h2:tcp://localhost:41063/mem:df70fc46-7e57-4cb5-9cd0-c1d90c14afa7;USER=sa', scope='GetParticipationRepositoryFilesForCommitsDetailsView#shouldReturnBadRequestWithoutAnyProvidedParameters'
    23:47:56.112 | 454 ool-1-worker-218 | DEBUG | d.t.c.a.a.c.s.f.ApiVersionFilter     : Adding Version to Request GET /api/programming-exercise/3599/files-content-commit-details/commitHash
    23:47:56.114 | 454 ool-1-worker-218 | ERROR | tech.jhipster.web.util.HeaderUtil    : Entity processing failed, Either participationId or repositoryType must be provided
    23:47:56.114 | 454 ool-1-worker-218 | WARN  | o.z.p.spring.common.AdviceTraits     : Bad Request: Either participationId or repositoryType must be provided

  Starting logs for GetParticipationRepositoryFilesForCommitsDetailsView > shouldReturnFilesForTemplateRepository()
    23:47:56.129 | 454 ool-1-worker-218 | DEBUG | d.t.c.a.a.c.u.util.UserUtilService   : Generate 4 students...
    23:47:56.136 | 454 ool-1-worker-218 | DEBUG | d.t.c.a.a.c.u.util.UserUtilService   : 4 students generated. Generate 2 tutors...
    23:47:56.146 | 454 ool-1-worker-218 | DEBUG | d.t.c.a.a.c.u.util.UserUtilService   : 2 tutors generated. Generate 0 editors...
    23:47:56.147 | 454 ool-1-worker-218 | DEBUG | d.t.c.a.a.c.u.util.UserUtilService   : 0 editors generated. Generate 2 instructors...
    23:47:56.156 | 454 ool-1-worker-218 | DEBUG | d.t.c.a.a.c.u.util.UserUtilService   : 2 instructors generated
    23:47:56.162 | 454 ool-1-worker-218 | DEBUG | d.t.c.a.a.c.u.util.UserUtilService   : Removing 8 users from all courses...
    23:47:56.163 | 454 ool-1-worker-218 | DEBUG | d.t.c.a.a.c.u.util.UserUtilService   : Removing 8 users from all courses. Done
    23:47:56.163 | 454 ool-1-worker-218 | DEBUG | d.t.c.a.a.c.u.util.UserUtilService   : Save 8 users to database...
    23:47:56.175 | 454 ool-1-worker-218 | DEBUG | d.t.c.a.a.c.u.util.UserUtilService   : Save 8 users to database. Done
    23:47:56.214 | 454 ool-1-worker-218 | DEBUG | d.t.c.a.a.c.u.util.UserUtilService   : Generate 4 students...
    23:47:56.220 | 454 ool-1-worker-218 | DEBUG | d.t.c.a.a.c.u.util.UserUtilService   : 4 students generated. Generate 2 tutors...
    23:47:56.224 | 454 ool-1-worker-218 | DEBUG | d.t.c.a.a.c.u.util.UserUtilService   : 2 tutors generated. Generate 0 editors...
    23:47:56.226 | 454 ool-1-worker-218 | DEBUG | d.t.c.a.a.c.u.util.UserUtilService   : 0 editors generated. Generate 2 instructors...
    23:47:56.230 | 454 ool-1-worker-218 | DEBUG | d.t.c.a.a.c.u.util.UserUtilService   : 2 instructors generated
    23:47:56.232 | 454 ool-1-worker-218 | DEBUG | d.t.c.a.a.c.u.util.UserUtilService   : Removing 8 users from all courses...
    23:47:56.233 | 454 ool-1-worker-218 | DEBUG | d.t.c.a.a.c.u.util.UserUtilService   : Removing 8 users from all courses. Done
    23:47:56.233 | 454 ool-1-worker-218 | DEBUG | d.t.c.a.a.c.u.util.UserUtilService   : Save 8 users to database...
    23:47:56.239 | 454 ool-1-worker-218 | DEBUG | d.t.c.a.a.c.u.util.UserUtilService   : Save 8 users to database. Done
    23:47:56.242 | 454 ool-1-worker-218 | DEBUG | PersonalAccessTokenManagementService : Generate secure vcs access token
    23:47:56.263 | 454 ool-1-worker-218 | INFO  | i.z.t.d.l.EmbeddedDatabaseReporter   : JDBC URL to connect to 'dataSource': url='jdbc:h2:tcp://localhost:41063/mem:df70fc46-7e57-4cb5-9cd0-c1d90c14afa7;USER=sa', scope='GetParticipationRepositoryFilesForCommitsDetailsView#shouldReturnFilesForTemplateRepository'
    23:47:56.264 | 454 ool-1-worker-218 | DEBUG | d.t.c.a.a.c.s.f.ApiVersionFilter     : Adding Version to Request GET /api/programming-exercise/3601/files-content-commit-details/commitHash
    23:47:56.267 | 454 ool-1-worker-218 | DEBUG | d.t.c.a.a.p.s.RepositoryService      : Checking out repo to get files at commit commitHash for participation 3190

  Starting logs for GetParticipationRepositoryFilesForCommitsDetailsView > shouldReturnForParticipation()
    23:47:56.279 | 454 ool-1-worker-218 | DEBUG | d.t.c.a.a.c.u.util.UserUtilService   : Generate 4 students...
    23:47:56.286 | 454 ool-1-worker-218 | DEBUG | d.t.c.a.a.c.u.util.UserUtilService   : 4 students generated. Generate 2 tutors...
    23:47:56.290 | 454 ool-1-worker-218 | DEBUG | d.t.c.a.a.c.u.util.UserUtilService   : 2 tutors generated. Generate 0 editors...
    23:47:56.292 | 454 ool-1-worker-218 | DEBUG | d.t.c.a.a.c.u.util.UserUtilService   : 0 editors generated. Generate 2 instructors...
    23:47:56.296 | 454 ool-1-worker-218 | DEBUG | d.t.c.a.a.c.u.util.UserUtilService   : 2 instructors generated
    23:47:56.298 | 454 ool-1-worker-218 | DEBUG | d.t.c.a.a.c.u.util.UserUtilService   : Removing 8 users from all courses...
    23:47:56.299 | 454 ool-1-worker-218 | DEBUG | d.t.c.a.a.c.u.util.UserUtilService   : Removing 8 users from all courses. Done
    23:47:56.299 | 454 ool-1-worker-218 | DEBUG | d.t.c.a.a.c.u.util.UserUtilService   : Save 8 users to database...
    23:47:56.305 | 454 ool-1-worker-218 | DEBUG | d.t.c.a.a.c.u.util.UserUtilService   : Save 8 users to database. Done
    23:47:56.329 | 454 ool-1-worker-218 | DEBUG | d.t.c.a.a.c.u.util.UserUtilService   : Generate 4 students...
    23:47:56.336 | 454 ool-1-worker-218 | DEBUG | d.t.c.a.a.c.u.util.UserUtilService   : 4 students generated. Generate 2 tutors...
    23:47:56.340 | 454 ool-1-worker-218 | DEBUG | d.t.c.a.a.c.u.util.UserUtilService   : 2 tutors generated. Generate 0 editors...
    23:47:56.341 | 454 ool-1-worker-218 | DEBUG | d.t.c.a.a.c.u.util.UserUtilService   : 0 editors generated. Generate 2 instructors...
    23:47:56.345 | 454 ool-1-worker-218 | DEBUG | d.t.c.a.a.c.u.util.UserUtilService   : 2 instructors generated
    23:47:56.347 | 454 ool-1-worker-218 | DEBUG | d.t.c.a.a.c.u.util.UserUtilService   : Removing 8 users from all courses...
    23:47:56.347 | 454 ool-1-worker-218 | DEBUG | d.t.c.a.a.c.u.util.UserUtilService   : Removing 8 users from all courses. Done
    23:47:56.347 | 454 ool-1-worker-218 | DEBUG | d.t.c.a.a.c.u.util.UserUtilService   : Save 8 users to database...
    23:47:56.351 | 454 ool-1-worker-218 | DEBUG | d.t.c.a.a.c.u.util.UserUtilService   : Save 8 users to database. Done
    23:47:56.353 | 454 ool-1-worker-218 | DEBUG | PersonalAccessTokenManagementService : Generate secure vcs access token
    23:47:56.378 | 454 ool-1-worker-218 | INFO  | i.z.t.d.l.EmbeddedDatabaseReporter   : JDBC URL to connect to 'dataSource': url='jdbc:h2:tcp://localhost:41063/mem:df70fc46-7e57-4cb5-9cd0-c1d90c14afa7;USER=sa', scope='GetParticipationRepositoryFilesForCommitsDetailsView#shouldReturnForParticipation'
    23:47:56.379 | 454 ool-1-worker-218 | DEBUG | d.t.c.a.a.c.s.f.ApiVersionFilter     : Adding Version to Request GET /api/programming-exercise/3603/files-content-commit-details/commitHash
    23:47:56.381 | 454 ool-1-worker-218 | DEBUG | d.t.c.a.a.p.s.RepositoryService      : Checking out repo to get files at commit commitHash for participation 3196

Finished logs for GetParticipationRepositoryFilesForCommitsDetailsView
]]></system-out>
  <system-err><![CDATA[]]></system-err>
</testsuite>
