<?xml version="1.0" encoding="UTF-8"?>
<testsuite name="de.tum.cit.aet.artemis.atlas.profile.LearnerProfileIntegrationTest" tests="1" skipped="0" failures="0" errors="0" timestamp="2025-02-14T23:43:22" hostname="fv-az1721-502" time="0.045">
  <properties/>
  <testcase name="testLazyFetchLearnerProfile()" classname="de.tum.cit.aet.artemis.atlas.profile.LearnerProfileIntegrationTest" time="0.045"/>
  <system-out><![CDATA[
Starting logs for LearnerProfileIntegrationTest

  Starting logs for LearnerProfileIntegrationTest > testLazyFetchLearnerProfile()
    23:43:22.215 | 124 Pool-1-worker-39 | DEBUG | d.t.c.a.a.c.u.util.UserUtilService   : Generate 1 students...
    23:43:22.217 | 124 Pool-1-worker-39 | DEBUG | d.t.c.a.a.c.u.util.UserUtilService   : 1 students generated. Generate 1 tutors...
    23:43:22.219 | 124 Pool-1-worker-39 | DEBUG | d.t.c.a.a.c.u.util.UserUtilService   : 1 tutors generated. Generate 1 editors...
    23:43:22.221 | 124 Pool-1-worker-39 | DEBUG | d.t.c.a.a.c.u.util.UserUtilService   : 1 editors generated. Generate 1 instructors...
    23:43:22.223 | 124 Pool-1-worker-39 | DEBUG | d.t.c.a.a.c.u.util.UserUtilService   : 1 instructors generated
    23:43:22.225 | 124 Pool-1-worker-39 | DEBUG | d.t.c.a.a.c.u.util.UserUtilService   : Removing 8 users from all courses...
    23:43:22.226 | 124 Pool-1-worker-39 | DEBUG | d.t.c.a.a.c.u.util.UserUtilService   : Removing 8 users from all courses. Done
    23:43:22.226 | 124 Pool-1-worker-39 | DEBUG | d.t.c.a.a.c.u.util.UserUtilService   : Save 4 users to database...
    23:43:22.229 | 124 Pool-1-worker-39 | DEBUG | d.t.c.a.a.c.u.util.UserUtilService   : Save 4 users to database. Done
    23:43:22.235 | 124 Pool-1-worker-39 | INFO  | i.z.t.d.l.EmbeddedDatabaseReporter   : JDBC URL to connect to 'dataSource': url='jdbc:h2:tcp://localhost:41063/mem:df70fc46-7e57-4cb5-9cd0-c1d90c14afa7;USER=sa', scope='LearnerProfileIntegrationTest#testLazyFetchLearnerProfile'

Finished logs for LearnerProfileIntegrationTest
]]></system-out>
  <system-err><![CDATA[]]></system-err>
</testsuite>
