<?xml version="1.0" encoding="UTF-8"?>
<testsuite name="de.tum.cit.aet.artemis.tutorialgroup.TutorialGroupIntegrationTest" tests="81" skipped="0" failures="0" errors="0" timestamp="2025-02-14T23:42:06" hostname="fv-az1721-502" time="24.15">
  <properties/>
  <testcase name="importRegistrations_justTutorialGroupTitle_shouldCreateTutorialGroups()" classname="de.tum.cit.aet.artemis.tutorialgroup.TutorialGroupIntegrationTest" time="0.604"/>
  <testcase name="deregisterStudent_asEditor_shouldForbidDeregistration()" classname="de.tum.cit.aet.artemis.tutorialgroup.TutorialGroupIntegrationTest" time="0.296"/>
  <testcase name="registerStudent_asEditor_shouldForbidRegistration()" classname="de.tum.cit.aet.artemis.tutorialgroup.TutorialGroupIntegrationTest" time="0.311"/>
  <testcase name="getUniqueLanguageValues_TwoUniqueValues_ShouldReturnBoth()" classname="de.tum.cit.aet.artemis.tutorialgroup.TutorialGroupIntegrationTest" time="0.341"/>
  <testcase name="create_tutorialGroupWithTitleAlreadyExists_shouldReturnBadRequest()" classname="de.tum.cit.aet.artemis.tutorialgroup.TutorialGroupIntegrationTest" time="0.365"/>
  <testcase name="deregisterStudent_studentNotFound_shouldReturnNotFound()" classname="de.tum.cit.aet.artemis.tutorialgroup.TutorialGroupIntegrationTest" time="0.242"/>
  <testcase name="request_asTutor_shouldReturnForbidden()" classname="de.tum.cit.aet.artemis.tutorialgroup.TutorialGroupIntegrationTest" time="0.261"/>
  <testcase name="testDeleteCourseWithTutorialGroups()" classname="de.tum.cit.aet.artemis.tutorialgroup.TutorialGroupIntegrationTest" time="0.308"/>
  <testcase name="registerStudent_studentRegistered_shouldReturnNoContent()" classname="de.tum.cit.aet.artemis.tutorialgroup.TutorialGroupIntegrationTest" time="0.2"/>
  <testcase name="registerStudent_asInstructor_shouldAllowRegistration()" classname="de.tum.cit.aet.artemis.tutorialgroup.TutorialGroupIntegrationTest" time="0.341"/>
  <testcase name="update_withTitleAlreadyExists_shouldReturnBadRequest()" classname="de.tum.cit.aet.artemis.tutorialgroup.TutorialGroupIntegrationTest" time="0.281"/>
  <testcase name="registerStudent_studentNotFound_shouldReturnNotFound()" classname="de.tum.cit.aet.artemis.tutorialgroup.TutorialGroupIntegrationTest" time="0.316"/>
  <testcase name="testExportTutorialGroupsToJSONWithAllFields()" classname="de.tum.cit.aet.artemis.tutorialgroup.TutorialGroupIntegrationTest" time="0.399"/>
  <testcase name="deregisterStudent_studentNotRegistered_shouldReturnNoContent()" classname="de.tum.cit.aet.artemis.tutorialgroup.TutorialGroupIntegrationTest" time="0.396"/>
  <testcase name="testExportTutorialGroupsToJSON()" classname="de.tum.cit.aet.artemis.tutorialgroup.TutorialGroupIntegrationTest" time="0.316"/>
  <testcase name="[1] useSingleEndpoint=true" classname="de.tum.cit.aet.artemis.tutorialgroup.TutorialGroupIntegrationTest" time="0.371"/>
  <testcase name="[2] useSingleEndpoint=false" classname="de.tum.cit.aet.artemis.tutorialgroup.TutorialGroupIntegrationTest" time="0.28"/>
  <testcase name="delete_asInstructor_shouldDeleteTutorialGroup()" classname="de.tum.cit.aet.artemis.tutorialgroup.TutorialGroupIntegrationTest" time="0.534"/>
  <testcase name="updateAssignedTeachingAssistant_asInstructor_shouldUpdateTutorialGroupAndChannel()" classname="de.tum.cit.aet.artemis.tutorialgroup.TutorialGroupIntegrationTest" time="0.79"/>
  <testcase name="request_asInstructorNotInCourse_shouldReturnForbidden()" classname="de.tum.cit.aet.artemis.tutorialgroup.TutorialGroupIntegrationTest" time="0.459"/>
  <testcase name="testJSONContentWithSampleData()" classname="de.tum.cit.aet.artemis.tutorialgroup.TutorialGroupIntegrationTest" time="0.304"/>
  <testcase name="[1] loadFromService=true" classname="de.tum.cit.aet.artemis.tutorialgroup.TutorialGroupIntegrationTest" time="0.461"/>
  <testcase name="[2] loadFromService=false" classname="de.tum.cit.aet.artemis.tutorialgroup.TutorialGroupIntegrationTest" time="0.331"/>
  <testcase name="[1] loadFromService=true" classname="de.tum.cit.aet.artemis.tutorialgroup.TutorialGroupIntegrationTest" time="0.463"/>
  <testcase name="[2] loadFromService=false" classname="de.tum.cit.aet.artemis.tutorialgroup.TutorialGroupIntegrationTest" time="0.338"/>
  <testcase name="importRegistrations_withAdditionalHeaders_shouldCreateTutorialGroupWithDetails()" classname="de.tum.cit.aet.artemis.tutorialgroup.TutorialGroupIntegrationTest" time="0.563"/>
  <testcase name="registerStudent_asNotTutorOfGroup_shouldForbidRegistration()" classname="de.tum.cit.aet.artemis.tutorialgroup.TutorialGroupIntegrationTest" time="0.27"/>
  <testcase name="getTitle_asUser_shouldReturnTitle()" classname="de.tum.cit.aet.artemis.tutorialgroup.TutorialGroupIntegrationTest" time="0.426"/>
  <testcase name="testDayOfWeekConversionInvalidInput()" classname="de.tum.cit.aet.artemis.tutorialgroup.TutorialGroupIntegrationTest" time="0.289"/>
  <testcase name="[1] loadFromService=true" classname="de.tum.cit.aet.artemis.tutorialgroup.TutorialGroupIntegrationTest" time="0.254"/>
  <testcase name="[2] loadFromService=false" classname="de.tum.cit.aet.artemis.tutorialgroup.TutorialGroupIntegrationTest" time="0.274"/>
  <testcase name="[1] useSingleEndpoint=true" classname="de.tum.cit.aet.artemis.tutorialgroup.TutorialGroupIntegrationTest" time="0.356"/>
  <testcase name="[2] useSingleEndpoint=false" classname="de.tum.cit.aet.artemis.tutorialgroup.TutorialGroupIntegrationTest" time="0.424"/>
  <testcase name="[1] useSingleEndpoint=true" classname="de.tum.cit.aet.artemis.tutorialgroup.TutorialGroupIntegrationTest" time="0.264"/>
  <testcase name="[2] useSingleEndpoint=false" classname="de.tum.cit.aet.artemis.tutorialgroup.TutorialGroupIntegrationTest" time="0.289"/>
  <testcase name="update_withoutId_shouldReturnBadRequest()" classname="de.tum.cit.aet.artemis.tutorialgroup.TutorialGroupIntegrationTest" time="0.21"/>
  <testcase name="[1] loadFromService=true" classname="de.tum.cit.aet.artemis.tutorialgroup.TutorialGroupIntegrationTest" time="0.188"/>
  <testcase name="[2] loadFromService=false" classname="de.tum.cit.aet.artemis.tutorialgroup.TutorialGroupIntegrationTest" time="0.192"/>
  <testcase name="deregisterStudent_asTutorOfGroup_shouldAllowDeregistration()" classname="de.tum.cit.aet.artemis.tutorialgroup.TutorialGroupIntegrationTest" time="0.231"/>
  <testcase name="[1] useSingleEndpoint=true" classname="de.tum.cit.aet.artemis.tutorialgroup.TutorialGroupIntegrationTest" time="0.208"/>
  <testcase name="[2] useSingleEndpoint=false" classname="de.tum.cit.aet.artemis.tutorialgroup.TutorialGroupIntegrationTest" time="0.229"/>
  <testcase name="create_WithIdInBody_shouldReturnBadRequest()" classname="de.tum.cit.aet.artemis.tutorialgroup.TutorialGroupIntegrationTest" time="0.229"/>
  <testcase name="request_asEditor_shouldReturnForbidden()" classname="de.tum.cit.aet.artemis.tutorialgroup.TutorialGroupIntegrationTest" time="0.206"/>
  <testcase name="[1] useSingleEndpoint=true" classname="de.tum.cit.aet.artemis.tutorialgroup.TutorialGroupIntegrationTest" time="0.201"/>
  <testcase name="[2] useSingleEndpoint=false" classname="de.tum.cit.aet.artemis.tutorialgroup.TutorialGroupIntegrationTest" time="0.216"/>
  <testcase name="testDayOfWeekConversion()" classname="de.tum.cit.aet.artemis.tutorialgroup.TutorialGroupIntegrationTest" time="0.21"/>
  <testcase name="deregisterStudent_asInstructor_shouldAllowDeregistration()" classname="de.tum.cit.aet.artemis.tutorialgroup.TutorialGroupIntegrationTest" time="0.212"/>
  <testcase name="[1] loadFromService=true" classname="de.tum.cit.aet.artemis.tutorialgroup.TutorialGroupIntegrationTest" time="0.198"/>
  <testcase name="[2] loadFromService=false" classname="de.tum.cit.aet.artemis.tutorialgroup.TutorialGroupIntegrationTest" time="0.194"/>
  <testcase name="importRegistrations_titleButNonExistingStudent_shouldStillCreateTutorialGroupButNoRegistration()" classname="de.tum.cit.aet.artemis.tutorialgroup.TutorialGroupIntegrationTest" time="0.256"/>
  <testcase name="testJSONContentWithSampleDataIncludingOptionalFields()" classname="de.tum.cit.aet.artemis.tutorialgroup.TutorialGroupIntegrationTest" time="0.279"/>
  <testcase name="[1] useSingleEndpoint=true" classname="de.tum.cit.aet.artemis.tutorialgroup.TutorialGroupIntegrationTest" time="0.233"/>
  <testcase name="[2] useSingleEndpoint=false" classname="de.tum.cit.aet.artemis.tutorialgroup.TutorialGroupIntegrationTest" time="0.209"/>
  <testcase name="[1] loadFromService=true" classname="de.tum.cit.aet.artemis.tutorialgroup.TutorialGroupIntegrationTest" time="0.172"/>
  <testcase name="[2] loadFromService=false" classname="de.tum.cit.aet.artemis.tutorialgroup.TutorialGroupIntegrationTest" time="0.184"/>
  <testcase name="create_asInstructor_shouldCreateTutorialGroup()" classname="de.tum.cit.aet.artemis.tutorialgroup.TutorialGroupIntegrationTest" time="0.202"/>
  <testcase name="[1] loadFromService=true" classname="de.tum.cit.aet.artemis.tutorialgroup.TutorialGroupIntegrationTest" time="0.215"/>
  <testcase name="[2] loadFromService=false" classname="de.tum.cit.aet.artemis.tutorialgroup.TutorialGroupIntegrationTest" time="0.204"/>
  <testcase name="testExportTutorialGroupsToCSV()" classname="de.tum.cit.aet.artemis.tutorialgroup.TutorialGroupIntegrationTest" time="0.198"/>
  <testcase name="[1] loadFromService=true" classname="de.tum.cit.aet.artemis.tutorialgroup.TutorialGroupIntegrationTest" time="0.179"/>
  <testcase name="[2] loadFromService=false" classname="de.tum.cit.aet.artemis.tutorialgroup.TutorialGroupIntegrationTest" time="0.221"/>
  <testcase name="importRegistrations_titleButSameStudentToMultipleGroups_shouldStillCreateTutorialGroupsButNoRegistration()" classname="de.tum.cit.aet.artemis.tutorialgroup.TutorialGroupIntegrationTest" time="0.365"/>
  <testcase name="update_asInstructor_shouldUpdateTutorialGroup()" classname="de.tum.cit.aet.artemis.tutorialgroup.TutorialGroupIntegrationTest" time="0.206"/>
  <testcase name="registerStudent_asStudent_shouldForbidRegistration()" classname="de.tum.cit.aet.artemis.tutorialgroup.TutorialGroupIntegrationTest" time="0.202"/>
  <testcase name="[1] loadFromService=true" classname="de.tum.cit.aet.artemis.tutorialgroup.TutorialGroupIntegrationTest" time="0.352"/>
  <testcase name="[2] loadFromService=false" classname="de.tum.cit.aet.artemis.tutorialgroup.TutorialGroupIntegrationTest" time="0.258"/>
  <testcase name="testExportTutorialGroupsToCSVWithAllFields()" classname="de.tum.cit.aet.artemis.tutorialgroup.TutorialGroupIntegrationTest" time="0.226"/>
  <testcase name="[1] useSingleEndpoint=true" classname="de.tum.cit.aet.artemis.tutorialgroup.TutorialGroupIntegrationTest" time="0.253"/>
  <testcase name="[2] useSingleEndpoint=false" classname="de.tum.cit.aet.artemis.tutorialgroup.TutorialGroupIntegrationTest" time="0.26"/>
  <testcase name="importRegistrations_tutorialGroupTitleAndStudents_shouldCreateTutorialAndRegisterStudents()" classname="de.tum.cit.aet.artemis.tutorialgroup.TutorialGroupIntegrationTest" time="0.713"/>
  <testcase name="testCSVContentWithSampleData()" classname="de.tum.cit.aet.artemis.tutorialgroup.TutorialGroupIntegrationTest" time="0.28"/>
  <testcase name="registerStudent_asTutorOfGroup_shouldAllowRegistration()" classname="de.tum.cit.aet.artemis.tutorialgroup.TutorialGroupIntegrationTest" time="0.225"/>
  <testcase name="deregisterStudent_asStudent_shouldForbidDeregistration()" classname="de.tum.cit.aet.artemis.tutorialgroup.TutorialGroupIntegrationTest" time="0.344"/>
  <testcase name="[1] useSingleEndpoint=true" classname="de.tum.cit.aet.artemis.tutorialgroup.TutorialGroupIntegrationTest" time="0.257"/>
  <testcase name="[2] useSingleEndpoint=false" classname="de.tum.cit.aet.artemis.tutorialgroup.TutorialGroupIntegrationTest" time="0.263"/>
  <testcase name="request_asStudent_shouldReturnForbidden()" classname="de.tum.cit.aet.artemis.tutorialgroup.TutorialGroupIntegrationTest" time="0.241"/>
  <testcase name="deregisterStudent_asNotTutorOfGroup_shouldForbidDeregistration()" classname="de.tum.cit.aet.artemis.tutorialgroup.TutorialGroupIntegrationTest" time="0.157"/>
  <testcase name="registerMultipleStudents_asInstructor_shouldRegisterStudents()" classname="de.tum.cit.aet.artemis.tutorialgroup.TutorialGroupIntegrationTest" time="0.221"/>
  <testcase name="[1] useSingleEndpoint=true" classname="de.tum.cit.aet.artemis.tutorialgroup.TutorialGroupIntegrationTest" time="0.258"/>
  <testcase name="[2] useSingleEndpoint=false" classname="de.tum.cit.aet.artemis.tutorialgroup.TutorialGroupIntegrationTest" time="0.299"/>
  <testcase name="importRegistrations_withoutTitle_shouldNotCreateTutorialGroup()" classname="de.tum.cit.aet.artemis.tutorialgroup.TutorialGroupIntegrationTest" time="0.32"/>
  <system-out><![CDATA[
Starting logs for TutorialGroupIntegrationTest

  Starting logs for TutorialGroupIntegrationTest > importRegistrations_justTutorialGroupTitle_shouldCreateTutorialGroups()
    23:42:06.803 |  28 nPool-1-worker-2 | DEBUG | d.t.c.a.a.c.u.util.UserUtilService   : Generate 4 students...
    23:42:06.808 |  28 nPool-1-worker-2 | DEBUG | d.t.c.a.a.c.u.util.UserUtilService   : 4 students generated. Generate 2 tutors...
    23:42:06.811 |  28 nPool-1-worker-2 | DEBUG | d.t.c.a.a.c.u.util.UserUtilService   : 2 tutors generated. Generate 1 editors...
    23:42:06.823 |  28 nPool-1-worker-2 | DEBUG | d.t.c.a.a.c.u.util.UserUtilService   : 1 editors generated. Generate 1 instructors...
    23:42:06.828 |  28 nPool-1-worker-2 | DEBUG | d.t.c.a.a.c.u.util.UserUtilService   : 1 instructors generated
    23:42:06.835 |  28 nPool-1-worker-2 | DEBUG | d.t.c.a.a.c.u.util.UserUtilService   : Removing 5 users from all courses...
    23:42:06.837 |  28 nPool-1-worker-2 | DEBUG | d.t.c.a.a.c.u.util.UserUtilService   : Removing 5 users from all courses. Done
    23:42:06.837 |  28 nPool-1-worker-2 | DEBUG | d.t.c.a.a.c.u.util.UserUtilService   : Save 8 users to database...
    23:42:06.854 |  28 nPool-1-worker-2 | DEBUG | d.t.c.a.a.c.u.util.UserUtilService   : Save 8 users to database. Done
    23:42:06.921 |  28 nPool-1-worker-2 | DEBUG | utorialGroupChannelManagementService : Created channel with id 1 for tutorial group with id 1
    23:42:06.924 |  28 nPool-1-worker-2 | DEBUG | utorialGroupChannelManagementService : Added channel with id 1 to tutorial group with id 1
    23:42:06.944 |  28 nPool-1-worker-2 | DEBUG | utorialGroupChannelManagementService : Added users with ids [8] to the channel with id 1 of the tutorial group with id 1
    23:42:06.982 |  28 nPool-1-worker-2 | DEBUG | utorialGroupChannelManagementService : Added teaching assistant with id 12 to the channel with id 1 of the tutorial group with id 1
    23:42:07.021 |  28 nPool-1-worker-2 | DEBUG | utorialGroupChannelManagementService : Granted teaching assistant with id 12 moderator role for the channel with id 1 of the tutorial group with id 1
    23:42:07.021 |  28 nPool-1-worker-2 | DEBUG | utorialGroupChannelManagementService : Setup channel for tutorial group with id 1 with channel id 1
    23:42:07.026 |  28 nPool-1-worker-2 | DEBUG | utorialGroupChannelManagementService : Created channel with id 2 for tutorial group with id 2
    23:42:07.029 |  28 nPool-1-worker-2 | DEBUG | utorialGroupChannelManagementService : Added channel with id 2 to tutorial group with id 2
    23:42:07.049 |  28 nPool-1-worker-2 | DEBUG | utorialGroupChannelManagementService : Added users with ids [9] to the channel with id 2 of the tutorial group with id 2
    23:42:07.065 |  28 nPool-1-worker-2 | DEBUG | utorialGroupChannelManagementService : Added teaching assistant with id 13 to the channel with id 2 of the tutorial group with id 2
    23:42:07.083 |  28 nPool-1-worker-2 | DEBUG | utorialGroupChannelManagementService : Granted teaching assistant with id 13 moderator role for the channel with id 2 of the tutorial group with id 2
    23:42:07.083 |  28 nPool-1-worker-2 | DEBUG | utorialGroupChannelManagementService : Setup channel for tutorial group with id 2 with channel id 2
    23:42:07.083 |  28 nPool-1-worker-2 | INFO  | i.z.t.d.l.EmbeddedDatabaseReporter   : JDBC URL to connect to 'dataSource': url='jdbc:h2:tcp://localhost:41063/mem:df70fc46-7e57-4cb5-9cd0-c1d90c14afa7;USER=sa', scope='TutorialGroupIntegrationTest#importRegistrations_justTutorialGroupTitle_shouldCreateTutorialGroups'
    23:42:07.108 |  28 nPool-1-worker-2 | DEBUG | d.t.c.a.a.c.s.f.ApiVersionFilter     : Adding Version to Request POST /api/courses/57/tutorial-groups/import
    23:42:07.177 |  28 nPool-1-worker-2 | DEBUG | d.t.c.a.a.t.w.TutorialGroupResource  : REST request to import registrations [TutorialGroupRegistrationImportDTO{title='freshTitleOne', student=StudentDTO[login=null, firstName=null, lastName=null, registrationNumber=null, email=null], importSuccessful=null, error=null, campus=null, capacity=null, language=null, additionalInformation=null, isOnline=null}, TutorialGroupRegistrationImportDTO{title='freshTitleOne', student=null, importSuccessful=null, error=null, campus=null, capacity=null, language=null, additionalInformation=null, isOnline=null}, TutorialGroupRegistrationImportDTO{title='freshTitleTwo', student=StudentDTO[login=null, firstName=null, lastName=null, registrationNumber=null, email=null], importSuccessful=null, error=null, campus=null, capacity=null, language=null, additionalInformation=null, isOnline=null}, TutorialGroupRegistrationImportDTO{title='07vl09p9dg', student=null, importSuccessful=null, error=null, campus=null, capacity=null, language=null, additionalInformation=null, isOnline=null}] to course 57
    23:42:07.223 |  28 nPool-1-worker-2 | DEBUG | utorialGroupChannelManagementService : Added users with ids [8] to the channel with id 1 of the tutorial group with id 1
    23:42:07.228 |  28 nPool-1-worker-2 | DEBUG | utorialGroupChannelManagementService : Added teaching assistant with id 12 to the channel with id 1 of the tutorial group with id 1
    23:42:07.244 |  28 nPool-1-worker-2 | DEBUG | utorialGroupChannelManagementService : Granted teaching assistant with id 12 moderator role for the channel with id 1 of the tutorial group with id 1
    23:42:07.244 |  28 nPool-1-worker-2 | DEBUG | utorialGroupChannelManagementService : Setup channel for tutorial group with id 1 with channel id 1
    23:42:07.247 |  28 nPool-1-worker-2 | DEBUG | utorialGroupChannelManagementService : Created channel with id 3 for tutorial group with id 3
    23:42:07.251 |  28 nPool-1-worker-2 | DEBUG | utorialGroupChannelManagementService : Added channel with id 3 to tutorial group with id 3
    23:42:07.253 |  28 nPool-1-worker-2 | DEBUG | utorialGroupChannelManagementService : Added users with ids [] to the channel with id 3 of the tutorial group with id 3
    23:42:07.261 |  28 nPool-1-worker-2 | DEBUG | utorialGroupChannelManagementService : Added teaching assistant with id 15 to the channel with id 3 of the tutorial group with id 3
    23:42:07.270 |  28 nPool-1-worker-2 | DEBUG | utorialGroupChannelManagementService : Granted teaching assistant with id 15 moderator role for the channel with id 3 of the tutorial group with id 3
    23:42:07.270 |  28 nPool-1-worker-2 | DEBUG | utorialGroupChannelManagementService : Setup channel for tutorial group with id 3 with channel id 3
    23:42:07.273 |  28 nPool-1-worker-2 | DEBUG | utorialGroupChannelManagementService : Created channel with id 4 for tutorial group with id 4
    23:42:07.277 |  28 nPool-1-worker-2 | DEBUG | utorialGroupChannelManagementService : Added channel with id 4 to tutorial group with id 4
    23:42:07.279 |  28 nPool-1-worker-2 | DEBUG | utorialGroupChannelManagementService : Added users with ids [] to the channel with id 4 of the tutorial group with id 4
    23:42:07.286 |  28 nPool-1-worker-2 | DEBUG | utorialGroupChannelManagementService : Added teaching assistant with id 15 to the channel with id 4 of the tutorial group with id 4
    23:42:07.296 |  28 nPool-1-worker-2 | DEBUG | utorialGroupChannelManagementService : Granted teaching assistant with id 15 moderator role for the channel with id 4 of the tutorial group with id 4
    23:42:07.296 |  28 nPool-1-worker-2 | DEBUG | utorialGroupChannelManagementService : Setup channel for tutorial group with id 4 with channel id 4
    23:42:07.320 |  28 nPool-1-worker-2 | DEBUG | utorialGroupChannelManagementService : Removed users with ids [] from the channel with id 1 of the tutorial group with id 1
    23:42:07.323 |  28 nPool-1-worker-2 | DEBUG | utorialGroupChannelManagementService : Removed users with ids [] from the channel with id 2 of the tutorial group with id 2
    23:42:07.325 |  28 nPool-1-worker-2 | DEBUG | utorialGroupChannelManagementService : Removed users with ids [] from the channel with id 3 of the tutorial group with id 3
    23:42:07.327 |  28 nPool-1-worker-2 | DEBUG | utorialGroupChannelManagementService : Removed users with ids [] from the channel with id 4 of the tutorial group with id 4

  Starting logs for TutorialGroupIntegrationTest > deregisterStudent_asEditor_shouldForbidDeregistration()
    23:42:07.401 |  28 nPool-1-worker-2 | DEBUG | d.t.c.a.a.c.u.util.UserUtilService   : Generate 4 students...
    23:42:07.410 |  28 nPool-1-worker-2 | DEBUG | d.t.c.a.a.c.u.util.UserUtilService   : 4 students generated. Generate 2 tutors...
    23:42:07.415 |  28 nPool-1-worker-2 | DEBUG | d.t.c.a.a.c.u.util.UserUtilService   : 2 tutors generated. Generate 1 editors...
    23:42:07.418 |  28 nPool-1-worker-2 | DEBUG | d.t.c.a.a.c.u.util.UserUtilService   : 1 editors generated. Generate 1 instructors...
    23:42:07.421 |  28 nPool-1-worker-2 | DEBUG | d.t.c.a.a.c.u.util.UserUtilService   : 1 instructors generated
    23:42:07.426 |  28 nPool-1-worker-2 | DEBUG | d.t.c.a.a.c.u.util.UserUtilService   : Removing 8 users from all courses...
    23:42:07.430 |  28 nPool-1-worker-2 | DEBUG | d.t.c.a.a.c.u.util.UserUtilService   : Removing 8 users from all courses. Done
    23:42:07.430 |  28 nPool-1-worker-2 | DEBUG | d.t.c.a.a.c.u.util.UserUtilService   : Save 8 users to database...
    23:42:07.458 |  28 nPool-1-worker-2 | DEBUG | d.t.c.a.a.c.u.util.UserUtilService   : Save 8 users to database. Done
    23:42:07.486 |  28 nPool-1-worker-2 | DEBUG | utorialGroupChannelManagementService : Created channel with id 5 for tutorial group with id 5
    23:42:07.491 |  28 nPool-1-worker-2 | DEBUG | utorialGroupChannelManagementService : Added channel with id 5 to tutorial group with id 5
    23:42:07.511 |  28 nPool-1-worker-2 | DEBUG | utorialGroupChannelManagementService : Added users with ids [8] to the channel with id 5 of the tutorial group with id 5
    23:42:07.535 |  28 nPool-1-worker-2 | DEBUG | utorialGroupChannelManagementService : Added teaching assistant with id 12 to the channel with id 5 of the tutorial group with id 5
    23:42:07.560 |  28 nPool-1-worker-2 | DEBUG | utorialGroupChannelManagementService : Granted teaching assistant with id 12 moderator role for the channel with id 5 of the tutorial group with id 5
    23:42:07.560 |  28 nPool-1-worker-2 | DEBUG | utorialGroupChannelManagementService : Setup channel for tutorial group with id 5 with channel id 5
    23:42:07.567 |  28 nPool-1-worker-2 | DEBUG | utorialGroupChannelManagementService : Created channel with id 6 for tutorial group with id 6
    23:42:07.573 |  28 nPool-1-worker-2 | DEBUG | utorialGroupChannelManagementService : Added channel with id 6 to tutorial group with id 6
    23:42:07.596 |  28 nPool-1-worker-2 | DEBUG | utorialGroupChannelManagementService : Added users with ids [9] to the channel with id 6 of the tutorial group with id 6
    23:42:07.616 |  28 nPool-1-worker-2 | DEBUG | utorialGroupChannelManagementService : Added teaching assistant with id 13 to the channel with id 6 of the tutorial group with id 6
    23:42:07.652 |  28 nPool-1-worker-2 | DEBUG | utorialGroupChannelManagementService : Granted teaching assistant with id 13 moderator role for the channel with id 6 of the tutorial group with id 6
    23:42:07.652 |  28 nPool-1-worker-2 | DEBUG | utorialGroupChannelManagementService : Setup channel for tutorial group with id 6 with channel id 6
    23:42:07.655 |  28 nPool-1-worker-2 | INFO  | i.z.t.d.l.EmbeddedDatabaseReporter   : JDBC URL to connect to 'dataSource': url='jdbc:h2:tcp://localhost:41063/mem:df70fc46-7e57-4cb5-9cd0-c1d90c14afa7;USER=sa', scope='TutorialGroupIntegrationTest#deregisterStudent_asEditor_shouldForbidDeregistration'
    23:42:07.658 |  28 nPool-1-worker-2 | DEBUG | d.t.c.a.a.c.s.f.ApiVersionFilter     : Adding Version to Request DELETE /api/courses/59/tutorial-groups/5/deregister/tutorialgroupstudent2
    23:42:07.664 |  28 nPool-1-worker-2 | DEBUG | d.t.c.a.a.t.w.TutorialGroupResource  : REST request to deregister tutorialgroupstudent2 student from tutorial group : 5
    23:42:07.668 |  28 nPool-1-worker-2 | WARN  | o.z.p.spring.common.AdviceTraits     : Forbidden: The user is not allowed to change the registrations of tutorial group: 5

  Starting logs for TutorialGroupIntegrationTest > registerStudent_asEditor_shouldForbidRegistration()
    23:42:07.698 |  28 nPool-1-worker-2 | DEBUG | d.t.c.a.a.c.u.util.UserUtilService   : Generate 4 students...
    23:42:07.707 |  28 nPool-1-worker-2 | DEBUG | d.t.c.a.a.c.u.util.UserUtilService   : 4 students generated. Generate 2 tutors...
    23:42:07.712 |  28 nPool-1-worker-2 | DEBUG | d.t.c.a.a.c.u.util.UserUtilService   : 2 tutors generated. Generate 1 editors...
    23:42:07.716 |  28 nPool-1-worker-2 | DEBUG | d.t.c.a.a.c.u.util.UserUtilService   : 1 editors generated. Generate 1 instructors...
    23:42:07.719 |  28 nPool-1-worker-2 | DEBUG | d.t.c.a.a.c.u.util.UserUtilService   : 1 instructors generated
    23:42:07.721 |  28 nPool-1-worker-2 | DEBUG | d.t.c.a.a.c.u.util.UserUtilService   : Removing 8 users from all courses...
    23:42:07.725 |  28 nPool-1-worker-2 | DEBUG | d.t.c.a.a.c.u.util.UserUtilService   : Removing 8 users from all courses. Done
    23:42:07.725 |  28 nPool-1-worker-2 | DEBUG | d.t.c.a.a.c.u.util.UserUtilService   : Save 8 users to database...
    23:42:07.739 |  28 nPool-1-worker-2 | DEBUG | d.t.c.a.a.c.u.util.UserUtilService   : Save 8 users to database. Done
    23:42:07.783 |  28 nPool-1-worker-2 | DEBUG | utorialGroupChannelManagementService : Created channel with id 7 for tutorial group with id 7
    23:42:07.791 |  28 nPool-1-worker-2 | DEBUG | utorialGroupChannelManagementService : Added channel with id 7 to tutorial group with id 7
    23:42:07.814 |  28 nPool-1-worker-2 | DEBUG | utorialGroupChannelManagementService : Added users with ids [8] to the channel with id 7 of the tutorial group with id 7
    23:42:07.841 |  28 nPool-1-worker-2 | DEBUG | utorialGroupChannelManagementService : Added teaching assistant with id 12 to the channel with id 7 of the tutorial group with id 7
    23:42:07.875 |  28 nPool-1-worker-2 | DEBUG | utorialGroupChannelManagementService : Granted teaching assistant with id 12 moderator role for the channel with id 7 of the tutorial group with id 7
    23:42:07.875 |  28 nPool-1-worker-2 | DEBUG | utorialGroupChannelManagementService : Setup channel for tutorial group with id 7 with channel id 7
    23:42:07.886 |  28 nPool-1-worker-2 | DEBUG | utorialGroupChannelManagementService : Created channel with id 8 for tutorial group with id 8
    23:42:07.892 |  28 nPool-1-worker-2 | DEBUG | utorialGroupChannelManagementService : Added channel with id 8 to tutorial group with id 8
    23:42:07.914 |  28 nPool-1-worker-2 | DEBUG | utorialGroupChannelManagementService : Added users with ids [9] to the channel with id 8 of the tutorial group with id 8
    23:42:07.934 |  28 nPool-1-worker-2 | DEBUG | utorialGroupChannelManagementService : Added teaching assistant with id 13 to the channel with id 8 of the tutorial group with id 8
    23:42:07.954 |  28 nPool-1-worker-2 | DEBUG | utorialGroupChannelManagementService : Granted teaching assistant with id 13 moderator role for the channel with id 8 of the tutorial group with id 8
    23:42:07.954 |  28 nPool-1-worker-2 | DEBUG | utorialGroupChannelManagementService : Setup channel for tutorial group with id 8 with channel id 8
    23:42:07.955 |  28 nPool-1-worker-2 | INFO  | i.z.t.d.l.EmbeddedDatabaseReporter   : JDBC URL to connect to 'dataSource': url='jdbc:h2:tcp://localhost:41063/mem:df70fc46-7e57-4cb5-9cd0-c1d90c14afa7;USER=sa', scope='TutorialGroupIntegrationTest#registerStudent_asEditor_shouldForbidRegistration'
    23:42:07.960 |  28 nPool-1-worker-2 | DEBUG | d.t.c.a.a.c.s.f.ApiVersionFilter     : Adding Version to Request POST /api/courses/61/tutorial-groups/7/register/tutorialgroupstudent3
    23:42:07.969 |  28 nPool-1-worker-2 | DEBUG | d.t.c.a.a.t.w.TutorialGroupResource  : REST request to register tutorialgroupstudent3 student to tutorial group : 7
    23:42:07.975 |  28 nPool-1-worker-2 | WARN  | o.z.p.spring.common.AdviceTraits     : Forbidden: The user is not allowed to change the registrations of tutorial group: 7

  Starting logs for TutorialGroupIntegrationTest > getUniqueLanguageValues_TwoUniqueValues_ShouldReturnBoth()
    23:42:08.015 |  28 nPool-1-worker-2 | DEBUG | d.t.c.a.a.c.u.util.UserUtilService   : Generate 4 students...
    23:42:08.035 |  28 nPool-1-worker-2 | DEBUG | d.t.c.a.a.c.u.util.UserUtilService   : 4 students generated. Generate 2 tutors...
    23:42:08.048 |  28 nPool-1-worker-2 | DEBUG | d.t.c.a.a.c.u.util.UserUtilService   : 2 tutors generated. Generate 1 editors...
    23:42:08.061 |  28 nPool-1-worker-2 | DEBUG | d.t.c.a.a.c.u.util.UserUtilService   : 1 editors generated. Generate 1 instructors...
    23:42:08.069 |  28 nPool-1-worker-2 | DEBUG | d.t.c.a.a.c.u.util.UserUtilService   : 1 instructors generated
    23:42:08.078 |  28 nPool-1-worker-2 | DEBUG | d.t.c.a.a.c.u.util.UserUtilService   : Removing 8 users from all courses...
    23:42:08.084 |  28 nPool-1-worker-2 | DEBUG | d.t.c.a.a.c.u.util.UserUtilService   : Removing 8 users from all courses. Done
    23:42:08.084 |  28 nPool-1-worker-2 | DEBUG | d.t.c.a.a.c.u.util.UserUtilService   : Save 8 users to database...
    23:42:08.118 |  28 nPool-1-worker-2 | DEBUG | d.t.c.a.a.c.u.util.UserUtilService   : Save 8 users to database. Done
    23:42:08.167 |  28 nPool-1-worker-2 | DEBUG | utorialGroupChannelManagementService : Created channel with id 9 for tutorial group with id 9
    23:42:08.175 |  28 nPool-1-worker-2 | DEBUG | utorialGroupChannelManagementService : Added channel with id 9 to tutorial group with id 9
    23:42:08.194 |  28 nPool-1-worker-2 | DEBUG | utorialGroupChannelManagementService : Added users with ids [8] to the channel with id 9 of the tutorial group with id 9
    23:42:08.216 |  28 nPool-1-worker-2 | DEBUG | utorialGroupChannelManagementService : Added teaching assistant with id 12 to the channel with id 9 of the tutorial group with id 9
    23:42:08.243 |  28 nPool-1-worker-2 | DEBUG | utorialGroupChannelManagementService : Granted teaching assistant with id 12 moderator role for the channel with id 9 of the tutorial group with id 9
    23:42:08.243 |  28 nPool-1-worker-2 | DEBUG | utorialGroupChannelManagementService : Setup channel for tutorial group with id 9 with channel id 9
    23:42:08.248 |  28 nPool-1-worker-2 | DEBUG | utorialGroupChannelManagementService : Created channel with id 10 for tutorial group with id 10
    23:42:08.253 |  28 nPool-1-worker-2 | DEBUG | utorialGroupChannelManagementService : Added channel with id 10 to tutorial group with id 10
    23:42:08.263 |  28 nPool-1-worker-2 | DEBUG | utorialGroupChannelManagementService : Added users with ids [9] to the channel with id 10 of the tutorial group with id 10
    23:42:08.278 |  28 nPool-1-worker-2 | DEBUG | utorialGroupChannelManagementService : Added teaching assistant with id 13 to the channel with id 10 of the tutorial group with id 10
    23:42:08.295 |  28 nPool-1-worker-2 | DEBUG | utorialGroupChannelManagementService : Granted teaching assistant with id 13 moderator role for the channel with id 10 of the tutorial group with id 10
    23:42:08.295 |  28 nPool-1-worker-2 | DEBUG | utorialGroupChannelManagementService : Setup channel for tutorial group with id 10 with channel id 10
    23:42:08.296 |  28 nPool-1-worker-2 | INFO  | i.z.t.d.l.EmbeddedDatabaseReporter   : JDBC URL to connect to 'dataSource': url='jdbc:h2:tcp://localhost:41063/mem:df70fc46-7e57-4cb5-9cd0-c1d90c14afa7;USER=sa', scope='TutorialGroupIntegrationTest#getUniqueLanguageValues_TwoUniqueValues_ShouldReturnBoth'
    23:42:08.301 |  28 nPool-1-worker-2 | DEBUG | d.t.c.a.a.c.s.f.ApiVersionFilter     : Adding Version to Request GET /api/courses/63/tutorial-groups/language-values
    23:42:08.307 |  28 nPool-1-worker-2 | DEBUG | d.t.c.a.a.t.w.TutorialGroupResource  : REST request to get unique language values used for tutorial groups in course : 63

  Starting logs for TutorialGroupIntegrationTest > create_tutorialGroupWithTitleAlreadyExists_shouldReturnBadRequest()
    23:42:08.353 |  28 nPool-1-worker-2 | DEBUG | d.t.c.a.a.c.u.util.UserUtilService   : Generate 4 students...
    23:42:08.362 |  28 nPool-1-worker-2 | DEBUG | d.t.c.a.a.c.u.util.UserUtilService   : 4 students generated. Generate 2 tutors...
    23:42:08.366 |  28 nPool-1-worker-2 | DEBUG | d.t.c.a.a.c.u.util.UserUtilService   : 2 tutors generated. Generate 1 editors...
    23:42:08.370 |  28 nPool-1-worker-2 | DEBUG | d.t.c.a.a.c.u.util.UserUtilService   : 1 editors generated. Generate 1 instructors...
    23:42:08.373 |  28 nPool-1-worker-2 | DEBUG | d.t.c.a.a.c.u.util.UserUtilService   : 1 instructors generated
    23:42:08.375 |  28 nPool-1-worker-2 | DEBUG | d.t.c.a.a.c.u.util.UserUtilService   : Removing 8 users from all courses...
    23:42:08.377 |  28 nPool-1-worker-2 | DEBUG | d.t.c.a.a.c.u.util.UserUtilService   : Removing 8 users from all courses. Done
    23:42:08.377 |  28 nPool-1-worker-2 | DEBUG | d.t.c.a.a.c.u.util.UserUtilService   : Save 8 users to database...
    23:42:08.390 |  28 nPool-1-worker-2 | DEBUG | d.t.c.a.a.c.u.util.UserUtilService   : Save 8 users to database. Done
    23:42:08.419 |  28 nPool-1-worker-2 | DEBUG | utorialGroupChannelManagementService : Created channel with id 11 for tutorial group with id 11
    23:42:08.425 |  28 nPool-1-worker-2 | DEBUG | utorialGroupChannelManagementService : Added channel with id 11 to tutorial group with id 11
    23:42:08.445 |  28 nPool-1-worker-2 | DEBUG | utorialGroupChannelManagementService : Added users with ids [8] to the channel with id 11 of the tutorial group with id 11
    23:42:08.473 |  28 nPool-1-worker-2 | DEBUG | utorialGroupChannelManagementService : Added teaching assistant with id 12 to the channel with id 11 of the tutorial group with id 11
    23:42:08.510 |  28 nPool-1-worker-2 | DEBUG | utorialGroupChannelManagementService : Granted teaching assistant with id 12 moderator role for the channel with id 11 of the tutorial group with id 11
    23:42:08.510 |  28 nPool-1-worker-2 | DEBUG | utorialGroupChannelManagementService : Setup channel for tutorial group with id 11 with channel id 11
    23:42:08.518 |  28 nPool-1-worker-2 | DEBUG | utorialGroupChannelManagementService : Created channel with id 12 for tutorial group with id 12
    23:42:08.524 |  28 nPool-1-worker-2 | DEBUG | utorialGroupChannelManagementService : Added channel with id 12 to tutorial group with id 12
    23:42:08.597 |  28 nPool-1-worker-2 | DEBUG | utorialGroupChannelManagementService : Added users with ids [9] to the channel with id 12 of the tutorial group with id 12
    23:42:08.620 |  28 nPool-1-worker-2 | DEBUG | utorialGroupChannelManagementService : Added teaching assistant with id 13 to the channel with id 12 of the tutorial group with id 12
    23:42:08.640 |  28 nPool-1-worker-2 | DEBUG | utorialGroupChannelManagementService : Granted teaching assistant with id 13 moderator role for the channel with id 12 of the tutorial group with id 12
    23:42:08.641 |  28 nPool-1-worker-2 | DEBUG | utorialGroupChannelManagementService : Setup channel for tutorial group with id 12 with channel id 12
    23:42:08.641 |  28 nPool-1-worker-2 | INFO  | i.z.t.d.l.EmbeddedDatabaseReporter   : JDBC URL to connect to 'dataSource': url='jdbc:h2:tcp://localhost:41063/mem:df70fc46-7e57-4cb5-9cd0-c1d90c14afa7;USER=sa', scope='TutorialGroupIntegrationTest#create_tutorialGroupWithTitleAlreadyExists_shouldReturnBadRequest'
    23:42:08.650 |  28 nPool-1-worker-2 | DEBUG | d.t.c.a.a.c.s.f.ApiVersionFilter     : Adding Version to Request POST /api/courses/65/tutorial-groups
    23:42:08.673 |  28 nPool-1-worker-2 | DEBUG | d.t.c.a.a.t.w.TutorialGroupResource  : REST request to create TutorialGroup: de.tum.cit.aet.artemis.tutorialgroup.domain.TutorialGroup@0 in course: 65
    23:42:08.686 |  28 nPool-1-worker-2 | WARN  | o.z.p.spring.common.AdviceTraits     : Bad Request: A tutorial group with this title already exists in the course.

  Starting logs for TutorialGroupIntegrationTest > deregisterStudent_studentNotFound_shouldReturnNotFound()
    23:42:08.732 |  28 nPool-1-worker-2 | DEBUG | d.t.c.a.a.c.u.util.UserUtilService   : Generate 4 students...
    23:42:08.742 |  28 nPool-1-worker-2 | DEBUG | d.t.c.a.a.c.u.util.UserUtilService   : 4 students generated. Generate 2 tutors...
    23:42:08.748 |  28 nPool-1-worker-2 | DEBUG | d.t.c.a.a.c.u.util.UserUtilService   : 2 tutors generated. Generate 1 editors...
    23:42:08.751 |  28 nPool-1-worker-2 | DEBUG | d.t.c.a.a.c.u.util.UserUtilService   : 1 editors generated. Generate 1 instructors...
    23:42:08.754 |  28 nPool-1-worker-2 | DEBUG | d.t.c.a.a.c.u.util.UserUtilService   : 1 instructors generated
    23:42:08.757 |  28 nPool-1-worker-2 | DEBUG | d.t.c.a.a.c.u.util.UserUtilService   : Removing 8 users from all courses...
    23:42:08.763 |  28 nPool-1-worker-2 | DEBUG | d.t.c.a.a.c.u.util.UserUtilService   : Removing 8 users from all courses. Done
    23:42:08.763 |  28 nPool-1-worker-2 | DEBUG | d.t.c.a.a.c.u.util.UserUtilService   : Save 8 users to database...
    23:42:08.788 |  28 nPool-1-worker-2 | DEBUG | d.t.c.a.a.c.u.util.UserUtilService   : Save 8 users to database. Done
    23:42:08.820 |  28 nPool-1-worker-2 | DEBUG | utorialGroupChannelManagementService : Created channel with id 13 for tutorial group with id 13
    23:42:08.823 |  28 nPool-1-worker-2 | DEBUG | utorialGroupChannelManagementService : Added channel with id 13 to tutorial group with id 13
    23:42:08.836 |  28 nPool-1-worker-2 | DEBUG | utorialGroupChannelManagementService : Added users with ids [8] to the channel with id 13 of the tutorial group with id 13
    23:42:08.859 |  28 nPool-1-worker-2 | DEBUG | utorialGroupChannelManagementService : Added teaching assistant with id 12 to the channel with id 13 of the tutorial group with id 13
    23:42:08.874 |  28 nPool-1-worker-2 | DEBUG | utorialGroupChannelManagementService : Granted teaching assistant with id 12 moderator role for the channel with id 13 of the tutorial group with id 13
    23:42:08.874 |  28 nPool-1-worker-2 | DEBUG | utorialGroupChannelManagementService : Setup channel for tutorial group with id 13 with channel id 13
    23:42:08.879 |  28 nPool-1-worker-2 | DEBUG | utorialGroupChannelManagementService : Created channel with id 14 for tutorial group with id 14
    23:42:08.882 |  28 nPool-1-worker-2 | DEBUG | utorialGroupChannelManagementService : Added channel with id 14 to tutorial group with id 14
    23:42:08.892 |  28 nPool-1-worker-2 | DEBUG | utorialGroupChannelManagementService : Added users with ids [9] to the channel with id 14 of the tutorial group with id 14
    23:42:08.906 |  28 nPool-1-worker-2 | DEBUG | utorialGroupChannelManagementService : Added teaching assistant with id 13 to the channel with id 14 of the tutorial group with id 14
    23:42:08.921 |  28 nPool-1-worker-2 | DEBUG | utorialGroupChannelManagementService : Granted teaching assistant with id 13 moderator role for the channel with id 14 of the tutorial group with id 14
    23:42:08.921 |  28 nPool-1-worker-2 | DEBUG | utorialGroupChannelManagementService : Setup channel for tutorial group with id 14 with channel id 14
    23:42:08.921 |  28 nPool-1-worker-2 | INFO  | i.z.t.d.l.EmbeddedDatabaseReporter   : JDBC URL to connect to 'dataSource': url='jdbc:h2:tcp://localhost:41063/mem:df70fc46-7e57-4cb5-9cd0-c1d90c14afa7;USER=sa', scope='TutorialGroupIntegrationTest#deregisterStudent_studentNotFound_shouldReturnNotFound'
    23:42:08.926 |  28 nPool-1-worker-2 | DEBUG | d.t.c.a.a.c.s.f.ApiVersionFilter     : Adding Version to Request DELETE /api/courses/67/tutorial-groups/13/deregister/studentXX
    23:42:08.931 |  28 nPool-1-worker-2 | DEBUG | d.t.c.a.a.t.w.TutorialGroupResource  : REST request to deregister studentXX student from tutorial group : 13
    23:42:08.938 |  28 nPool-1-worker-2 | WARN  | o.z.p.spring.common.AdviceTraits     : Not Found: User

  Starting logs for TutorialGroupIntegrationTest > request_asTutor_shouldReturnForbidden()
    23:42:08.966 |  28 nPool-1-worker-2 | DEBUG | d.t.c.a.a.c.u.util.UserUtilService   : Generate 4 students...
    23:42:08.974 |  28 nPool-1-worker-2 | DEBUG | d.t.c.a.a.c.u.util.UserUtilService   : 4 students generated. Generate 2 tutors...
    23:42:08.979 |  28 nPool-1-worker-2 | DEBUG | d.t.c.a.a.c.u.util.UserUtilService   : 2 tutors generated. Generate 1 editors...
    23:42:08.982 |  28 nPool-1-worker-2 | DEBUG | d.t.c.a.a.c.u.util.UserUtilService   : 1 editors generated. Generate 1 instructors...
    23:42:08.985 |  28 nPool-1-worker-2 | DEBUG | d.t.c.a.a.c.u.util.UserUtilService   : 1 instructors generated
    23:42:08.987 |  28 nPool-1-worker-2 | DEBUG | d.t.c.a.a.c.u.util.UserUtilService   : Removing 8 users from all courses...
    23:42:08.990 |  28 nPool-1-worker-2 | DEBUG | d.t.c.a.a.c.u.util.UserUtilService   : Removing 8 users from all courses. Done
    23:42:08.990 |  28 nPool-1-worker-2 | DEBUG | d.t.c.a.a.c.u.util.UserUtilService   : Save 8 users to database...
    23:42:09.003 |  28 nPool-1-worker-2 | DEBUG | d.t.c.a.a.c.u.util.UserUtilService   : Save 8 users to database. Done
    23:42:09.029 |  28 nPool-1-worker-2 | DEBUG | utorialGroupChannelManagementService : Created channel with id 15 for tutorial group with id 15
    23:42:09.033 |  28 nPool-1-worker-2 | DEBUG | utorialGroupChannelManagementService : Added channel with id 15 to tutorial group with id 15
    23:42:09.045 |  28 nPool-1-worker-2 | DEBUG | utorialGroupChannelManagementService : Added users with ids [8] to the channel with id 15 of the tutorial group with id 15
    23:42:09.061 |  28 nPool-1-worker-2 | DEBUG | utorialGroupChannelManagementService : Added teaching assistant with id 12 to the channel with id 15 of the tutorial group with id 15
    23:42:09.084 |  28 nPool-1-worker-2 | DEBUG | utorialGroupChannelManagementService : Granted teaching assistant with id 12 moderator role for the channel with id 15 of the tutorial group with id 15
    23:42:09.084 |  28 nPool-1-worker-2 | DEBUG | utorialGroupChannelManagementService : Setup channel for tutorial group with id 15 with channel id 15
    23:42:09.090 |  28 nPool-1-worker-2 | DEBUG | utorialGroupChannelManagementService : Created channel with id 16 for tutorial group with id 16
    23:42:09.095 |  28 nPool-1-worker-2 | DEBUG | utorialGroupChannelManagementService : Added channel with id 16 to tutorial group with id 16
    23:42:09.110 |  28 nPool-1-worker-2 | DEBUG | utorialGroupChannelManagementService : Added users with ids [9] to the channel with id 16 of the tutorial group with id 16
    23:42:09.124 |  28 nPool-1-worker-2 | DEBUG | utorialGroupChannelManagementService : Added teaching assistant with id 13 to the channel with id 16 of the tutorial group with id 16
    23:42:09.139 |  28 nPool-1-worker-2 | DEBUG | utorialGroupChannelManagementService : Granted teaching assistant with id 13 moderator role for the channel with id 16 of the tutorial group with id 16
    23:42:09.139 |  28 nPool-1-worker-2 | DEBUG | utorialGroupChannelManagementService : Setup channel for tutorial group with id 16 with channel id 16
    23:42:09.140 |  28 nPool-1-worker-2 | INFO  | i.z.t.d.l.EmbeddedDatabaseReporter   : JDBC URL to connect to 'dataSource': url='jdbc:h2:tcp://localhost:41063/mem:df70fc46-7e57-4cb5-9cd0-c1d90c14afa7;USER=sa', scope='TutorialGroupIntegrationTest#request_asTutor_shouldReturnForbidden'
    23:42:09.144 |  28 nPool-1-worker-2 | DEBUG | d.t.c.a.a.c.s.f.ApiVersionFilter     : Adding Version to Request POST /api/courses/69/tutorial-groups
    23:42:09.146 |  28 nPool-1-worker-2 | WARN  | o.z.p.spring.common.AdviceTraits     : Forbidden: Access Denied
    23:42:09.158 |  28 nPool-1-worker-2 | DEBUG | d.t.c.a.a.c.s.f.ApiVersionFilter     : Adding Version to Request PUT /api/courses/69/tutorial-groups/15
    23:42:09.171 |  28 nPool-1-worker-2 | WARN  | o.z.p.spring.common.AdviceTraits     : Forbidden: Access Denied
    23:42:09.175 |  28 nPool-1-worker-2 | DEBUG | d.t.c.a.a.c.s.f.ApiVersionFilter     : Adding Version to Request DELETE /api/courses/69/tutorial-groups/15
    23:42:09.177 |  28 nPool-1-worker-2 | WARN  | o.z.p.spring.common.AdviceTraits     : Forbidden: Access Denied
    23:42:09.181 |  28 nPool-1-worker-2 | DEBUG | d.t.c.a.a.c.s.f.ApiVersionFilter     : Adding Version to Request POST /api/courses/69/tutorial-groups/15/register-multiple
    23:42:09.187 |  28 nPool-1-worker-2 | WARN  | o.z.p.spring.common.AdviceTraits     : Forbidden: Access Denied
    23:42:09.191 |  28 nPool-1-worker-2 | DEBUG | d.t.c.a.a.c.s.f.ApiVersionFilter     : Adding Version to Request GET /api/courses/69/tutorial-groups/campus-values
    23:42:09.194 |  28 nPool-1-worker-2 | WARN  | o.z.p.spring.common.AdviceTraits     : Forbidden: Access Denied
    23:42:09.197 |  28 nPool-1-worker-2 | DEBUG | d.t.c.a.a.c.s.f.ApiVersionFilter     : Adding Version to Request GET /api/courses/69/tutorial-groups/language-values
    23:42:09.198 |  28 nPool-1-worker-2 | WARN  | o.z.p.spring.common.AdviceTraits     : Forbidden: Access Denied

  Starting logs for TutorialGroupIntegrationTest > testDeleteCourseWithTutorialGroups()
    23:42:09.231 |  28 nPool-1-worker-2 | DEBUG | d.t.c.a.a.c.u.util.UserUtilService   : Generate 4 students...
    23:42:09.240 |  28 nPool-1-worker-2 | DEBUG | d.t.c.a.a.c.u.util.UserUtilService   : 4 students generated. Generate 2 tutors...
    23:42:09.249 |  28 nPool-1-worker-2 | DEBUG | d.t.c.a.a.c.u.util.UserUtilService   : 2 tutors generated. Generate 1 editors...
    23:42:09.258 |  28 nPool-1-worker-2 | DEBUG | d.t.c.a.a.c.u.util.UserUtilService   : 1 editors generated. Generate 1 instructors...
    23:42:09.261 |  28 nPool-1-worker-2 | DEBUG | d.t.c.a.a.c.u.util.UserUtilService   : 1 instructors generated
    23:42:09.265 |  28 nPool-1-worker-2 | DEBUG | d.t.c.a.a.c.u.util.UserUtilService   : Removing 8 users from all courses...
    23:42:09.268 |  28 nPool-1-worker-2 | DEBUG | d.t.c.a.a.c.u.util.UserUtilService   : Removing 8 users from all courses. Done
    23:42:09.268 |  28 nPool-1-worker-2 | DEBUG | d.t.c.a.a.c.u.util.UserUtilService   : Save 8 users to database...
    23:42:09.290 |  28 nPool-1-worker-2 | DEBUG | d.t.c.a.a.c.u.util.UserUtilService   : Save 8 users to database. Done
    23:42:09.323 |  28 nPool-1-worker-2 | DEBUG | utorialGroupChannelManagementService : Created channel with id 17 for tutorial group with id 17
    23:42:09.326 |  28 nPool-1-worker-2 | DEBUG | utorialGroupChannelManagementService : Added channel with id 17 to tutorial group with id 17
    23:42:09.337 |  28 nPool-1-worker-2 | DEBUG | utorialGroupChannelManagementService : Added users with ids [8] to the channel with id 17 of the tutorial group with id 17
    23:42:09.352 |  28 nPool-1-worker-2 | DEBUG | utorialGroupChannelManagementService : Added teaching assistant with id 12 to the channel with id 17 of the tutorial group with id 17
    23:42:09.368 |  28 nPool-1-worker-2 | DEBUG | utorialGroupChannelManagementService : Granted teaching assistant with id 12 moderator role for the channel with id 17 of the tutorial group with id 17
    23:42:09.368 |  28 nPool-1-worker-2 | DEBUG | utorialGroupChannelManagementService : Setup channel for tutorial group with id 17 with channel id 17
    23:42:09.373 |  28 nPool-1-worker-2 | DEBUG | utorialGroupChannelManagementService : Created channel with id 18 for tutorial group with id 18
    23:42:09.376 |  28 nPool-1-worker-2 | DEBUG | utorialGroupChannelManagementService : Added channel with id 18 to tutorial group with id 18
    23:42:09.386 |  28 nPool-1-worker-2 | DEBUG | utorialGroupChannelManagementService : Added users with ids [9] to the channel with id 18 of the tutorial group with id 18
    23:42:09.403 |  28 nPool-1-worker-2 | DEBUG | utorialGroupChannelManagementService : Added teaching assistant with id 13 to the channel with id 18 of the tutorial group with id 18
    23:42:09.422 |  28 nPool-1-worker-2 | DEBUG | utorialGroupChannelManagementService : Granted teaching assistant with id 13 moderator role for the channel with id 18 of the tutorial group with id 18
    23:42:09.423 |  28 nPool-1-worker-2 | DEBUG | utorialGroupChannelManagementService : Setup channel for tutorial group with id 18 with channel id 18
    23:42:09.423 |  28 nPool-1-worker-2 | INFO  | i.z.t.d.l.EmbeddedDatabaseReporter   : JDBC URL to connect to 'dataSource': url='jdbc:h2:tcp://localhost:41063/mem:df70fc46-7e57-4cb5-9cd0-c1d90c14afa7;USER=sa', scope='TutorialGroupIntegrationTest#testDeleteCourseWithTutorialGroups'
    23:42:09.446 |  28 nPool-1-worker-2 | DEBUG | d.t.c.a.a.c.s.f.ApiVersionFilter     : Adding Version to Request DELETE /api/admin/courses/71
    23:42:09.448 |  28 nPool-1-worker-2 | INFO  | d.t.c.a.a.c.w.a.AdminCourseResource  : REST request to delete Course : 71
    23:42:09.455 |  28 nPool-1-worker-2 | INFO  | d.t.c.a.a.c.w.a.AdminCourseResource  : User admin has requested to delete the course Course title 8b217bc4-758d-4c0f-8c51-75db5816ca3b
    23:42:09.455 |  28 nPool-1-worker-2 | DEBUG | d.t.c.a.a.core.service.CourseService : Request to delete Course : Course title 8b217bc4-758d-4c0f-8c51-75db5816ca3b
    23:42:09.470 |  28 nPool-1-worker-2 | DEBUG | utorialGroupChannelManagementService : Tutorial group with id 18 does not have a channel, cannot delete channel
    23:42:09.484 |  28 nPool-1-worker-2 | DEBUG | utorialGroupChannelManagementService : Tutorial group with id 17 does not have a channel, cannot delete channel
    23:42:09.501 |  28 nPool-1-worker-2 | INFO  | .c.a.a.c.s.TitleCacheEvictionService : Evicted entry '71' from title cache 'courseTitle'
    23:42:09.504 |  28 nPool-1-worker-2 | DEBUG | d.t.c.a.a.core.service.CourseService : Successfully deleted course Course title 8b217bc4-758d-4c0f-8c51-75db5816ca3b.

  Starting logs for TutorialGroupIntegrationTest > registerStudent_studentRegistered_shouldReturnNoContent()
    23:42:09.541 |  28 nPool-1-worker-2 | DEBUG | d.t.c.a.a.c.u.util.UserUtilService   : Generate 4 students...
    23:42:09.551 |  28 nPool-1-worker-2 | DEBUG | d.t.c.a.a.c.u.util.UserUtilService   : 4 students generated. Generate 2 tutors...
    23:42:09.556 |  28 nPool-1-worker-2 | DEBUG | d.t.c.a.a.c.u.util.UserUtilService   : 2 tutors generated. Generate 1 editors...
    23:42:09.559 |  28 nPool-1-worker-2 | DEBUG | d.t.c.a.a.c.u.util.UserUtilService   : 1 editors generated. Generate 1 instructors...
    23:42:09.562 |  28 nPool-1-worker-2 | DEBUG | d.t.c.a.a.c.u.util.UserUtilService   : 1 instructors generated
    23:42:09.564 |  28 nPool-1-worker-2 | DEBUG | d.t.c.a.a.c.u.util.UserUtilService   : Removing 8 users from all courses...
    23:42:09.567 |  28 nPool-1-worker-2 | DEBUG | d.t.c.a.a.c.u.util.UserUtilService   : Removing 8 users from all courses. Done
    23:42:09.567 |  28 nPool-1-worker-2 | DEBUG | d.t.c.a.a.c.u.util.UserUtilService   : Save 8 users to database...
    23:42:09.583 |  28 nPool-1-worker-2 | DEBUG | d.t.c.a.a.c.u.util.UserUtilService   : Save 8 users to database. Done
    23:42:09.608 |  28 nPool-1-worker-2 | DEBUG | utorialGroupChannelManagementService : Created channel with id 19 for tutorial group with id 19
    23:42:09.610 |  28 nPool-1-worker-2 | DEBUG | utorialGroupChannelManagementService : Added channel with id 19 to tutorial group with id 19
    23:42:09.620 |  28 nPool-1-worker-2 | DEBUG | utorialGroupChannelManagementService : Added users with ids [8] to the channel with id 19 of the tutorial group with id 19
    23:42:09.633 |  28 nPool-1-worker-2 | DEBUG | utorialGroupChannelManagementService : Added teaching assistant with id 12 to the channel with id 19 of the tutorial group with id 19
    23:42:09.649 |  28 nPool-1-worker-2 | DEBUG | utorialGroupChannelManagementService : Granted teaching assistant with id 12 moderator role for the channel with id 19 of the tutorial group with id 19
    23:42:09.649 |  28 nPool-1-worker-2 | DEBUG | utorialGroupChannelManagementService : Setup channel for tutorial group with id 19 with channel id 19
    23:42:09.655 |  28 nPool-1-worker-2 | DEBUG | utorialGroupChannelManagementService : Created channel with id 20 for tutorial group with id 20
    23:42:09.658 |  28 nPool-1-worker-2 | DEBUG | utorialGroupChannelManagementService : Added channel with id 20 to tutorial group with id 20
    23:42:09.668 |  28 nPool-1-worker-2 | DEBUG | utorialGroupChannelManagementService : Added users with ids [9] to the channel with id 20 of the tutorial group with id 20
    23:42:09.683 |  28 nPool-1-worker-2 | DEBUG | utorialGroupChannelManagementService : Added teaching assistant with id 13 to the channel with id 20 of the tutorial group with id 20
    23:42:09.697 |  28 nPool-1-worker-2 | DEBUG | utorialGroupChannelManagementService : Granted teaching assistant with id 13 moderator role for the channel with id 20 of the tutorial group with id 20
    23:42:09.697 |  28 nPool-1-worker-2 | DEBUG | utorialGroupChannelManagementService : Setup channel for tutorial group with id 20 with channel id 20
    23:42:09.698 |  28 nPool-1-worker-2 | INFO  | i.z.t.d.l.EmbeddedDatabaseReporter   : JDBC URL to connect to 'dataSource': url='jdbc:h2:tcp://localhost:41063/mem:df70fc46-7e57-4cb5-9cd0-c1d90c14afa7;USER=sa', scope='TutorialGroupIntegrationTest#registerStudent_studentRegistered_shouldReturnNoContent'
    23:42:09.700 |  28 nPool-1-worker-2 | DEBUG | d.t.c.a.a.c.s.f.ApiVersionFilter     : Adding Version to Request POST /api/courses/73/tutorial-groups/19/register/tutorialgroupstudent1
    23:42:09.702 |  28 nPool-1-worker-2 | DEBUG | d.t.c.a.a.t.w.TutorialGroupResource  : REST request to register tutorialgroupstudent1 student to tutorial group : 19
    23:42:09.710 |  28 nPool-1-worker-2 | DEBUG | utorialGroupChannelManagementService : Added users with ids [8] to the channel with id 19 of the tutorial group with id 19

  Starting logs for TutorialGroupIntegrationTest > registerStudent_asInstructor_shouldAllowRegistration()
    23:42:09.743 |  28 nPool-1-worker-2 | DEBUG | d.t.c.a.a.c.u.util.UserUtilService   : Generate 4 students...
    23:42:09.751 |  28 nPool-1-worker-2 | DEBUG | d.t.c.a.a.c.u.util.UserUtilService   : 4 students generated. Generate 2 tutors...
    23:42:09.756 |  28 nPool-1-worker-2 | DEBUG | d.t.c.a.a.c.u.util.UserUtilService   : 2 tutors generated. Generate 1 editors...
    23:42:09.760 |  28 nPool-1-worker-2 | DEBUG | d.t.c.a.a.c.u.util.UserUtilService   : 1 editors generated. Generate 1 instructors...
    23:42:09.765 |  28 nPool-1-worker-2 | DEBUG | d.t.c.a.a.c.u.util.UserUtilService   : 1 instructors generated
    23:42:09.767 |  28 nPool-1-worker-2 | DEBUG | d.t.c.a.a.c.u.util.UserUtilService   : Removing 8 users from all courses...
    23:42:09.770 |  28 nPool-1-worker-2 | DEBUG | d.t.c.a.a.c.u.util.UserUtilService   : Removing 8 users from all courses. Done
    23:42:09.770 |  28 nPool-1-worker-2 | DEBUG | d.t.c.a.a.c.u.util.UserUtilService   : Save 8 users to database...
    23:42:09.794 |  28 nPool-1-worker-2 | DEBUG | d.t.c.a.a.c.u.util.UserUtilService   : Save 8 users to database. Done
    23:42:09.821 |  28 nPool-1-worker-2 | DEBUG | utorialGroupChannelManagementService : Created channel with id 21 for tutorial group with id 21
    23:42:09.824 |  28 nPool-1-worker-2 | DEBUG | utorialGroupChannelManagementService : Added channel with id 21 to tutorial group with id 21
    23:42:09.834 |  28 nPool-1-worker-2 | DEBUG | utorialGroupChannelManagementService : Added users with ids [8] to the channel with id 21 of the tutorial group with id 21
    23:42:09.847 |  28 nPool-1-worker-2 | DEBUG | utorialGroupChannelManagementService : Added teaching assistant with id 12 to the channel with id 21 of the tutorial group with id 21
    23:42:09.865 |  28 nPool-1-worker-2 | DEBUG | utorialGroupChannelManagementService : Granted teaching assistant with id 12 moderator role for the channel with id 21 of the tutorial group with id 21
    23:42:09.865 |  28 nPool-1-worker-2 | DEBUG | utorialGroupChannelManagementService : Setup channel for tutorial group with id 21 with channel id 21
    23:42:09.870 |  28 nPool-1-worker-2 | DEBUG | utorialGroupChannelManagementService : Created channel with id 22 for tutorial group with id 22
    23:42:09.873 |  28 nPool-1-worker-2 | DEBUG | utorialGroupChannelManagementService : Added channel with id 22 to tutorial group with id 22
    23:42:09.883 |  28 nPool-1-worker-2 | DEBUG | utorialGroupChannelManagementService : Added users with ids [9] to the channel with id 22 of the tutorial group with id 22
    23:42:09.897 |  28 nPool-1-worker-2 | DEBUG | utorialGroupChannelManagementService : Added teaching assistant with id 13 to the channel with id 22 of the tutorial group with id 22
    23:42:09.916 |  28 nPool-1-worker-2 | DEBUG | utorialGroupChannelManagementService : Granted teaching assistant with id 13 moderator role for the channel with id 22 of the tutorial group with id 22
    23:42:09.916 |  28 nPool-1-worker-2 | DEBUG | utorialGroupChannelManagementService : Setup channel for tutorial group with id 22 with channel id 22
    23:42:09.916 |  28 nPool-1-worker-2 | INFO  | i.z.t.d.l.EmbeddedDatabaseReporter   : JDBC URL to connect to 'dataSource': url='jdbc:h2:tcp://localhost:41063/mem:df70fc46-7e57-4cb5-9cd0-c1d90c14afa7;USER=sa', scope='TutorialGroupIntegrationTest#registerStudent_asInstructor_shouldAllowRegistration'
    23:42:09.920 |  28 nPool-1-worker-2 | DEBUG | d.t.c.a.a.c.s.f.ApiVersionFilter     : Adding Version to Request POST /api/courses/75/tutorial-groups/21/register/tutorialgroupstudent3
    23:42:09.921 |  28 nPool-1-worker-2 | DEBUG | d.t.c.a.a.t.w.TutorialGroupResource  : REST request to register tutorialgroupstudent3 student to tutorial group : 21
    23:42:09.966 |  28 nPool-1-worker-2 | DEBUG | utorialGroupChannelManagementService : Added users with ids [10] to the channel with id 21 of the tutorial group with id 21

  Starting logs for TutorialGroupIntegrationTest > update_withTitleAlreadyExists_shouldReturnBadRequest()
    23:42:10.102 |  28 nPool-1-worker-2 | DEBUG | d.t.c.a.a.c.u.util.UserUtilService   : Generate 4 students...
    23:42:10.110 |  28 nPool-1-worker-2 | DEBUG | d.t.c.a.a.c.u.util.UserUtilService   : 4 students generated. Generate 2 tutors...
    23:42:10.115 |  28 nPool-1-worker-2 | DEBUG | d.t.c.a.a.c.u.util.UserUtilService   : 2 tutors generated. Generate 1 editors...
    23:42:10.118 |  28 nPool-1-worker-2 | DEBUG | d.t.c.a.a.c.u.util.UserUtilService   : 1 editors generated. Generate 1 instructors...
    23:42:10.121 |  28 nPool-1-worker-2 | DEBUG | d.t.c.a.a.c.u.util.UserUtilService   : 1 instructors generated
    23:42:10.123 |  28 nPool-1-worker-2 | DEBUG | d.t.c.a.a.c.u.util.UserUtilService   : Removing 8 users from all courses...
    23:42:10.127 |  28 nPool-1-worker-2 | DEBUG | d.t.c.a.a.c.u.util.UserUtilService   : Removing 8 users from all courses. Done
    23:42:10.127 |  28 nPool-1-worker-2 | DEBUG | d.t.c.a.a.c.u.util.UserUtilService   : Save 8 users to database...
    23:42:10.144 |  28 nPool-1-worker-2 | DEBUG | d.t.c.a.a.c.u.util.UserUtilService   : Save 8 users to database. Done
    23:42:10.186 |  28 nPool-1-worker-2 | DEBUG | utorialGroupChannelManagementService : Created channel with id 23 for tutorial group with id 23
    23:42:10.189 |  28 nPool-1-worker-2 | DEBUG | utorialGroupChannelManagementService : Added channel with id 23 to tutorial group with id 23
    23:42:10.200 |  28 nPool-1-worker-2 | DEBUG | utorialGroupChannelManagementService : Added users with ids [8] to the channel with id 23 of the tutorial group with id 23
    23:42:10.231 |  28 nPool-1-worker-2 | DEBUG | utorialGroupChannelManagementService : Added teaching assistant with id 12 to the channel with id 23 of the tutorial group with id 23
    23:42:10.256 |  28 nPool-1-worker-2 | DEBUG | utorialGroupChannelManagementService : Granted teaching assistant with id 12 moderator role for the channel with id 23 of the tutorial group with id 23
    23:42:10.256 |  28 nPool-1-worker-2 | DEBUG | utorialGroupChannelManagementService : Setup channel for tutorial group with id 23 with channel id 23
    23:42:10.261 |  28 nPool-1-worker-2 | DEBUG | utorialGroupChannelManagementService : Created channel with id 24 for tutorial group with id 24
    23:42:10.266 |  28 nPool-1-worker-2 | DEBUG | utorialGroupChannelManagementService : Added channel with id 24 to tutorial group with id 24
    23:42:10.281 |  28 nPool-1-worker-2 | DEBUG | utorialGroupChannelManagementService : Added users with ids [9] to the channel with id 24 of the tutorial group with id 24
    23:42:10.295 |  28 nPool-1-worker-2 | DEBUG | utorialGroupChannelManagementService : Added teaching assistant with id 13 to the channel with id 24 of the tutorial group with id 24
    23:42:10.310 |  28 nPool-1-worker-2 | DEBUG | utorialGroupChannelManagementService : Granted teaching assistant with id 13 moderator role for the channel with id 24 of the tutorial group with id 24
    23:42:10.310 |  28 nPool-1-worker-2 | DEBUG | utorialGroupChannelManagementService : Setup channel for tutorial group with id 24 with channel id 24
    23:42:10.310 |  28 nPool-1-worker-2 | INFO  | i.z.t.d.l.EmbeddedDatabaseReporter   : JDBC URL to connect to 'dataSource': url='jdbc:h2:tcp://localhost:41063/mem:df70fc46-7e57-4cb5-9cd0-c1d90c14afa7;USER=sa', scope='TutorialGroupIntegrationTest#update_withTitleAlreadyExists_shouldReturnBadRequest'
    23:42:10.316 |  28 nPool-1-worker-2 | DEBUG | d.t.c.a.a.c.s.f.ApiVersionFilter     : Adding Version to Request PUT /api/courses/77/tutorial-groups/23
    23:42:10.320 |  28 nPool-1-worker-2 | DEBUG | d.t.c.a.a.t.w.TutorialGroupResource  : REST request to update TutorialGroup : de.tum.cit.aet.artemis.tutorialgroup.domain.TutorialGroup@17
    23:42:10.332 |  28 nPool-1-worker-2 | WARN  | o.z.p.spring.common.AdviceTraits     : Bad Request: A tutorial group with this title already exists in the course.

  Starting logs for TutorialGroupIntegrationTest > registerStudent_studentNotFound_shouldReturnNotFound()
    23:42:10.387 |  28 nPool-1-worker-2 | DEBUG | d.t.c.a.a.c.u.util.UserUtilService   : Generate 4 students...
    23:42:10.404 |  28 nPool-1-worker-2 | DEBUG | d.t.c.a.a.c.u.util.UserUtilService   : 4 students generated. Generate 2 tutors...
    23:42:10.415 |  28 nPool-1-worker-2 | DEBUG | d.t.c.a.a.c.u.util.UserUtilService   : 2 tutors generated. Generate 1 editors...
    23:42:10.422 |  28 nPool-1-worker-2 | DEBUG | d.t.c.a.a.c.u.util.UserUtilService   : 1 editors generated. Generate 1 instructors...
    23:42:10.428 |  28 nPool-1-worker-2 | DEBUG | d.t.c.a.a.c.u.util.UserUtilService   : 1 instructors generated
    23:42:10.433 |  28 nPool-1-worker-2 | DEBUG | d.t.c.a.a.c.u.util.UserUtilService   : Removing 8 users from all courses...
    23:42:10.435 |  28 nPool-1-worker-2 | DEBUG | d.t.c.a.a.c.u.util.UserUtilService   : Removing 8 users from all courses. Done
    23:42:10.436 |  28 nPool-1-worker-2 | DEBUG | d.t.c.a.a.c.u.util.UserUtilService   : Save 8 users to database...
    23:42:10.476 |  28 nPool-1-worker-2 | DEBUG | d.t.c.a.a.c.u.util.UserUtilService   : Save 8 users to database. Done
    23:42:10.504 |  28 nPool-1-worker-2 | DEBUG | utorialGroupChannelManagementService : Created channel with id 25 for tutorial group with id 25
    23:42:10.507 |  28 nPool-1-worker-2 | DEBUG | utorialGroupChannelManagementService : Added channel with id 25 to tutorial group with id 25
    23:42:10.517 |  28 nPool-1-worker-2 | DEBUG | utorialGroupChannelManagementService : Added users with ids [8] to the channel with id 25 of the tutorial group with id 25
    23:42:10.531 |  28 nPool-1-worker-2 | DEBUG | utorialGroupChannelManagementService : Added teaching assistant with id 12 to the channel with id 25 of the tutorial group with id 25
    23:42:10.552 |  28 nPool-1-worker-2 | DEBUG | utorialGroupChannelManagementService : Granted teaching assistant with id 12 moderator role for the channel with id 25 of the tutorial group with id 25
    23:42:10.552 |  28 nPool-1-worker-2 | DEBUG | utorialGroupChannelManagementService : Setup channel for tutorial group with id 25 with channel id 25
    23:42:10.560 |  28 nPool-1-worker-2 | DEBUG | utorialGroupChannelManagementService : Created channel with id 26 for tutorial group with id 26
    23:42:10.563 |  28 nPool-1-worker-2 | DEBUG | utorialGroupChannelManagementService : Added channel with id 26 to tutorial group with id 26
    23:42:10.573 |  28 nPool-1-worker-2 | DEBUG | utorialGroupChannelManagementService : Added users with ids [9] to the channel with id 26 of the tutorial group with id 26
    23:42:10.591 |  28 nPool-1-worker-2 | DEBUG | utorialGroupChannelManagementService : Added teaching assistant with id 13 to the channel with id 26 of the tutorial group with id 26
    23:42:10.628 |  28 nPool-1-worker-2 | DEBUG | utorialGroupChannelManagementService : Granted teaching assistant with id 13 moderator role for the channel with id 26 of the tutorial group with id 26
    23:42:10.628 |  28 nPool-1-worker-2 | DEBUG | utorialGroupChannelManagementService : Setup channel for tutorial group with id 26 with channel id 26
    23:42:10.628 |  28 nPool-1-worker-2 | INFO  | i.z.t.d.l.EmbeddedDatabaseReporter   : JDBC URL to connect to 'dataSource': url='jdbc:h2:tcp://localhost:41063/mem:df70fc46-7e57-4cb5-9cd0-c1d90c14afa7;USER=sa', scope='TutorialGroupIntegrationTest#registerStudent_studentNotFound_shouldReturnNotFound'
    23:42:10.634 |  28 nPool-1-worker-2 | DEBUG | d.t.c.a.a.c.s.f.ApiVersionFilter     : Adding Version to Request POST /api/courses/79/tutorial-groups/25/register/studentXX
    23:42:10.639 |  28 nPool-1-worker-2 | DEBUG | d.t.c.a.a.t.w.TutorialGroupResource  : REST request to register studentXX student to tutorial group : 25
    23:42:10.647 |  28 nPool-1-worker-2 | WARN  | o.z.p.spring.common.AdviceTraits     : Not Found: User

  Starting logs for TutorialGroupIntegrationTest > testExportTutorialGroupsToJSONWithAllFields()
    23:42:10.700 |  28 nPool-1-worker-2 | DEBUG | d.t.c.a.a.c.u.util.UserUtilService   : Generate 4 students...
    23:42:10.709 |  28 nPool-1-worker-2 | DEBUG | d.t.c.a.a.c.u.util.UserUtilService   : 4 students generated. Generate 2 tutors...
    23:42:10.714 |  28 nPool-1-worker-2 | DEBUG | d.t.c.a.a.c.u.util.UserUtilService   : 2 tutors generated. Generate 1 editors...
    23:42:10.717 |  28 nPool-1-worker-2 | DEBUG | d.t.c.a.a.c.u.util.UserUtilService   : 1 editors generated. Generate 1 instructors...
    23:42:10.719 | 663 taskScheduler-1  | INFO  | .m.s.ModelingExerciseScheduleService : Scheduled 0 modeling exercises.
    23:42:10.719 | 663 taskScheduler-1  | INFO  | .m.s.ModelingExerciseScheduleService : Scheduled 0 exam modeling exercises.
    23:42:10.721 |  28 nPool-1-worker-2 | DEBUG | d.t.c.a.a.c.u.util.UserUtilService   : 1 instructors generated
    23:42:10.723 |  28 nPool-1-worker-2 | DEBUG | d.t.c.a.a.c.u.util.UserUtilService   : Removing 8 users from all courses...
    23:42:10.725 |  28 nPool-1-worker-2 | DEBUG | d.t.c.a.a.c.u.util.UserUtilService   : Removing 8 users from all courses. Done
    23:42:10.725 |  28 nPool-1-worker-2 | DEBUG | d.t.c.a.a.c.u.util.UserUtilService   : Save 8 users to database...
    23:42:10.742 |  28 nPool-1-worker-2 | DEBUG | d.t.c.a.a.c.u.util.UserUtilService   : Save 8 users to database. Done
    23:42:10.761 | 663 taskScheduler-1  | INFO  | d.t.c.a.a.q.s.QuizScheduleService    : Scheduled 0 quiz exercises.
    23:42:10.778 |  28 nPool-1-worker-2 | DEBUG | utorialGroupChannelManagementService : Created channel with id 27 for tutorial group with id 27
    23:42:10.781 |  28 nPool-1-worker-2 | DEBUG | utorialGroupChannelManagementService : Added channel with id 27 to tutorial group with id 27
    23:42:10.792 |  28 nPool-1-worker-2 | DEBUG | utorialGroupChannelManagementService : Added users with ids [8] to the channel with id 27 of the tutorial group with id 27
    23:42:10.882 |  28 nPool-1-worker-2 | DEBUG | utorialGroupChannelManagementService : Added teaching assistant with id 12 to the channel with id 27 of the tutorial group with id 27
    23:42:10.923 |  28 nPool-1-worker-2 | DEBUG | utorialGroupChannelManagementService : Granted teaching assistant with id 12 moderator role for the channel with id 27 of the tutorial group with id 27
    23:42:10.923 |  28 nPool-1-worker-2 | DEBUG | utorialGroupChannelManagementService : Setup channel for tutorial group with id 27 with channel id 27
    23:42:10.936 |  28 nPool-1-worker-2 | DEBUG | utorialGroupChannelManagementService : Created channel with id 28 for tutorial group with id 28
    23:42:10.945 |  28 nPool-1-worker-2 | DEBUG | utorialGroupChannelManagementService : Added channel with id 28 to tutorial group with id 28
    23:42:10.972 |  28 nPool-1-worker-2 | DEBUG | utorialGroupChannelManagementService : Added users with ids [9] to the channel with id 28 of the tutorial group with id 28
    23:42:11.004 |  28 nPool-1-worker-2 | DEBUG | utorialGroupChannelManagementService : Added teaching assistant with id 13 to the channel with id 28 of the tutorial group with id 28
    23:42:11.023 |  28 nPool-1-worker-2 | DEBUG | utorialGroupChannelManagementService : Granted teaching assistant with id 13 moderator role for the channel with id 28 of the tutorial group with id 28
    23:42:11.023 |  28 nPool-1-worker-2 | DEBUG | utorialGroupChannelManagementService : Setup channel for tutorial group with id 28 with channel id 28
    23:42:11.024 |  28 nPool-1-worker-2 | INFO  | i.z.t.d.l.EmbeddedDatabaseReporter   : JDBC URL to connect to 'dataSource': url='jdbc:h2:tcp://localhost:41063/mem:df70fc46-7e57-4cb5-9cd0-c1d90c14afa7;USER=sa', scope='TutorialGroupIntegrationTest#testExportTutorialGroupsToJSONWithAllFields'
    23:42:11.030 |  28 nPool-1-worker-2 | DEBUG | d.t.c.a.a.c.s.f.ApiVersionFilter     : Adding Version to Request GET /api/courses/81/tutorial-groups/export/json
    23:42:11.049 |  28 nPool-1-worker-2 | DEBUG | d.t.c.a.a.t.w.TutorialGroupResource  : REST request to export TutorialGroups to JSON for course: 81

  Starting logs for TutorialGroupIntegrationTest > deregisterStudent_studentNotRegistered_shouldReturnNoContent()
    23:42:11.119 |  28 nPool-1-worker-2 | DEBUG | d.t.c.a.a.c.u.util.UserUtilService   : Generate 4 students...
    23:42:11.130 |  28 nPool-1-worker-2 | DEBUG | d.t.c.a.a.c.u.util.UserUtilService   : 4 students generated. Generate 2 tutors...
    23:42:11.135 |  28 nPool-1-worker-2 | DEBUG | d.t.c.a.a.c.u.util.UserUtilService   : 2 tutors generated. Generate 1 editors...
    23:42:11.139 |  28 nPool-1-worker-2 | DEBUG | d.t.c.a.a.c.u.util.UserUtilService   : 1 editors generated. Generate 1 instructors...
    23:42:11.142 |  28 nPool-1-worker-2 | DEBUG | d.t.c.a.a.c.u.util.UserUtilService   : 1 instructors generated
    23:42:11.144 |  28 nPool-1-worker-2 | DEBUG | d.t.c.a.a.c.u.util.UserUtilService   : Removing 8 users from all courses...
    23:42:11.147 |  28 nPool-1-worker-2 | DEBUG | d.t.c.a.a.c.u.util.UserUtilService   : Removing 8 users from all courses. Done
    23:42:11.147 |  28 nPool-1-worker-2 | DEBUG | d.t.c.a.a.c.u.util.UserUtilService   : Save 8 users to database...
    23:42:11.162 |  28 nPool-1-worker-2 | DEBUG | d.t.c.a.a.c.u.util.UserUtilService   : Save 8 users to database. Done
    23:42:11.214 |  28 nPool-1-worker-2 | DEBUG | utorialGroupChannelManagementService : Created channel with id 29 for tutorial group with id 29
    23:42:11.223 |  28 nPool-1-worker-2 | DEBUG | utorialGroupChannelManagementService : Added channel with id 29 to tutorial group with id 29
    23:42:11.247 |  28 nPool-1-worker-2 | DEBUG | utorialGroupChannelManagementService : Added users with ids [8] to the channel with id 29 of the tutorial group with id 29
    23:42:11.279 |  28 nPool-1-worker-2 | DEBUG | utorialGroupChannelManagementService : Added teaching assistant with id 12 to the channel with id 29 of the tutorial group with id 29
    23:42:11.315 |  28 nPool-1-worker-2 | DEBUG | utorialGroupChannelManagementService : Granted teaching assistant with id 12 moderator role for the channel with id 29 of the tutorial group with id 29
    23:42:11.315 |  28 nPool-1-worker-2 | DEBUG | utorialGroupChannelManagementService : Setup channel for tutorial group with id 29 with channel id 29
    23:42:11.325 |  28 nPool-1-worker-2 | DEBUG | utorialGroupChannelManagementService : Created channel with id 30 for tutorial group with id 30
    23:42:11.334 |  28 nPool-1-worker-2 | DEBUG | utorialGroupChannelManagementService : Added channel with id 30 to tutorial group with id 30
    23:42:11.360 |  28 nPool-1-worker-2 | DEBUG | utorialGroupChannelManagementService : Added users with ids [9] to the channel with id 30 of the tutorial group with id 30
    23:42:11.395 |  28 nPool-1-worker-2 | DEBUG | utorialGroupChannelManagementService : Added teaching assistant with id 13 to the channel with id 30 of the tutorial group with id 30
    23:42:11.424 |  28 nPool-1-worker-2 | DEBUG | utorialGroupChannelManagementService : Granted teaching assistant with id 13 moderator role for the channel with id 30 of the tutorial group with id 30
    23:42:11.424 |  28 nPool-1-worker-2 | DEBUG | utorialGroupChannelManagementService : Setup channel for tutorial group with id 30 with channel id 30
    23:42:11.424 |  28 nPool-1-worker-2 | INFO  | i.z.t.d.l.EmbeddedDatabaseReporter   : JDBC URL to connect to 'dataSource': url='jdbc:h2:tcp://localhost:41063/mem:df70fc46-7e57-4cb5-9cd0-c1d90c14afa7;USER=sa', scope='TutorialGroupIntegrationTest#deregisterStudent_studentNotRegistered_shouldReturnNoContent'
    23:42:11.430 |  28 nPool-1-worker-2 | DEBUG | d.t.c.a.a.c.s.f.ApiVersionFilter     : Adding Version to Request DELETE /api/courses/83/tutorial-groups/29/deregister/tutorialgroupstudent3
    23:42:11.434 |  28 nPool-1-worker-2 | DEBUG | d.t.c.a.a.t.w.TutorialGroupResource  : REST request to deregister tutorialgroupstudent3 student from tutorial group : 29
    23:42:11.454 |  28 nPool-1-worker-2 | DEBUG | utorialGroupChannelManagementService : Removed users with ids [10] from the channel with id 29 of the tutorial group with id 29

  Starting logs for TutorialGroupIntegrationTest > testExportTutorialGroupsToJSON()
    23:42:11.531 |  28 nPool-1-worker-2 | DEBUG | d.t.c.a.a.c.u.util.UserUtilService   : Generate 4 students...
    23:42:11.549 |  28 nPool-1-worker-2 | DEBUG | d.t.c.a.a.c.u.util.UserUtilService   : 4 students generated. Generate 2 tutors...
    23:42:11.561 |  28 nPool-1-worker-2 | DEBUG | d.t.c.a.a.c.u.util.UserUtilService   : 2 tutors generated. Generate 1 editors...
    23:42:11.567 |  28 nPool-1-worker-2 | DEBUG | d.t.c.a.a.c.u.util.UserUtilService   : 1 editors generated. Generate 1 instructors...
    23:42:11.573 |  28 nPool-1-worker-2 | DEBUG | d.t.c.a.a.c.u.util.UserUtilService   : 1 instructors generated
    23:42:11.578 |  28 nPool-1-worker-2 | DEBUG | d.t.c.a.a.c.u.util.UserUtilService   : Removing 8 users from all courses...
    23:42:11.584 |  28 nPool-1-worker-2 | DEBUG | d.t.c.a.a.c.u.util.UserUtilService   : Removing 8 users from all courses. Done
    23:42:11.584 |  28 nPool-1-worker-2 | DEBUG | d.t.c.a.a.c.u.util.UserUtilService   : Save 8 users to database...
    23:42:11.619 |  28 nPool-1-worker-2 | DEBUG | d.t.c.a.a.c.u.util.UserUtilService   : Save 8 users to database. Done
    23:42:11.657 |  28 nPool-1-worker-2 | DEBUG | utorialGroupChannelManagementService : Created channel with id 31 for tutorial group with id 31
    23:42:11.660 |  28 nPool-1-worker-2 | DEBUG | utorialGroupChannelManagementService : Added channel with id 31 to tutorial group with id 31
    23:42:11.670 |  28 nPool-1-worker-2 | DEBUG | utorialGroupChannelManagementService : Added users with ids [8] to the channel with id 31 of the tutorial group with id 31
    23:42:11.686 |  28 nPool-1-worker-2 | DEBUG | utorialGroupChannelManagementService : Added teaching assistant with id 12 to the channel with id 31 of the tutorial group with id 31
    23:42:11.718 |  28 nPool-1-worker-2 | DEBUG | utorialGroupChannelManagementService : Granted teaching assistant with id 12 moderator role for the channel with id 31 of the tutorial group with id 31
    23:42:11.718 |  28 nPool-1-worker-2 | DEBUG | utorialGroupChannelManagementService : Setup channel for tutorial group with id 31 with channel id 31
    23:42:11.726 |  28 nPool-1-worker-2 | DEBUG | utorialGroupChannelManagementService : Created channel with id 32 for tutorial group with id 32
    23:42:11.734 |  28 nPool-1-worker-2 | DEBUG | utorialGroupChannelManagementService : Added channel with id 32 to tutorial group with id 32
    23:42:11.755 |  28 nPool-1-worker-2 | DEBUG | utorialGroupChannelManagementService : Added users with ids [9] to the channel with id 32 of the tutorial group with id 32
    23:42:11.768 |  28 nPool-1-worker-2 | DEBUG | utorialGroupChannelManagementService : Added teaching assistant with id 13 to the channel with id 32 of the tutorial group with id 32
    23:42:11.784 |  28 nPool-1-worker-2 | DEBUG | utorialGroupChannelManagementService : Granted teaching assistant with id 13 moderator role for the channel with id 32 of the tutorial group with id 32
    23:42:11.784 |  28 nPool-1-worker-2 | DEBUG | utorialGroupChannelManagementService : Setup channel for tutorial group with id 32 with channel id 32
    23:42:11.785 |  28 nPool-1-worker-2 | INFO  | i.z.t.d.l.EmbeddedDatabaseReporter   : JDBC URL to connect to 'dataSource': url='jdbc:h2:tcp://localhost:41063/mem:df70fc46-7e57-4cb5-9cd0-c1d90c14afa7;USER=sa', scope='TutorialGroupIntegrationTest#testExportTutorialGroupsToJSON'
    23:42:11.788 |  28 nPool-1-worker-2 | DEBUG | d.t.c.a.a.c.s.f.ApiVersionFilter     : Adding Version to Request GET /api/courses/85/tutorial-groups/export/json
    23:42:11.791 |  28 nPool-1-worker-2 | DEBUG | d.t.c.a.a.t.w.TutorialGroupResource  : REST request to export TutorialGroups to JSON for course: 85

  Starting logs for TutorialGroupIntegrationTest > [1] useSingleEndpoint=true
    23:42:11.826 |  28 nPool-1-worker-2 | DEBUG | d.t.c.a.a.c.u.util.UserUtilService   : Generate 4 students...
    23:42:11.837 |  28 nPool-1-worker-2 | DEBUG | d.t.c.a.a.c.u.util.UserUtilService   : 4 students generated. Generate 2 tutors...
    23:42:11.844 |  28 nPool-1-worker-2 | DEBUG | d.t.c.a.a.c.u.util.UserUtilService   : 2 tutors generated. Generate 1 editors...
    23:42:11.849 |  28 nPool-1-worker-2 | DEBUG | d.t.c.a.a.c.u.util.UserUtilService   : 1 editors generated. Generate 1 instructors...
    23:42:11.853 |  28 nPool-1-worker-2 | DEBUG | d.t.c.a.a.c.u.util.UserUtilService   : 1 instructors generated
    23:42:11.855 |  28 nPool-1-worker-2 | DEBUG | d.t.c.a.a.c.u.util.UserUtilService   : Removing 8 users from all courses...
    23:42:11.857 |  28 nPool-1-worker-2 | DEBUG | d.t.c.a.a.c.u.util.UserUtilService   : Removing 8 users from all courses. Done
    23:42:11.857 |  28 nPool-1-worker-2 | DEBUG | d.t.c.a.a.c.u.util.UserUtilService   : Save 8 users to database...
    23:42:11.873 |  28 nPool-1-worker-2 | DEBUG | d.t.c.a.a.c.u.util.UserUtilService   : Save 8 users to database. Done
    23:42:11.905 |  28 nPool-1-worker-2 | DEBUG | utorialGroupChannelManagementService : Created channel with id 33 for tutorial group with id 33
    23:42:11.914 |  28 nPool-1-worker-2 | DEBUG | utorialGroupChannelManagementService : Added channel with id 33 to tutorial group with id 33
    23:42:11.940 |  28 nPool-1-worker-2 | DEBUG | utorialGroupChannelManagementService : Added users with ids [8] to the channel with id 33 of the tutorial group with id 33
    23:42:11.972 |  28 nPool-1-worker-2 | DEBUG | utorialGroupChannelManagementService : Added teaching assistant with id 12 to the channel with id 33 of the tutorial group with id 33
    23:42:12.006 |  28 nPool-1-worker-2 | DEBUG | utorialGroupChannelManagementService : Granted teaching assistant with id 12 moderator role for the channel with id 33 of the tutorial group with id 33
    23:42:12.006 |  28 nPool-1-worker-2 | DEBUG | utorialGroupChannelManagementService : Setup channel for tutorial group with id 33 with channel id 33
    23:42:12.016 |  28 nPool-1-worker-2 | DEBUG | utorialGroupChannelManagementService : Created channel with id 34 for tutorial group with id 34
    23:42:12.060 |  28 nPool-1-worker-2 | DEBUG | utorialGroupChannelManagementService : Added channel with id 34 to tutorial group with id 34
    23:42:12.090 |  28 nPool-1-worker-2 | DEBUG | utorialGroupChannelManagementService : Added users with ids [9] to the channel with id 34 of the tutorial group with id 34
    23:42:12.107 |  28 nPool-1-worker-2 | DEBUG | utorialGroupChannelManagementService : Added teaching assistant with id 13 to the channel with id 34 of the tutorial group with id 34
    23:42:12.127 |  28 nPool-1-worker-2 | DEBUG | utorialGroupChannelManagementService : Granted teaching assistant with id 13 moderator role for the channel with id 34 of the tutorial group with id 34
    23:42:12.127 |  28 nPool-1-worker-2 | DEBUG | utorialGroupChannelManagementService : Setup channel for tutorial group with id 34 with channel id 34
    23:42:12.127 |  28 nPool-1-worker-2 | INFO  | i.z.t.d.l.EmbeddedDatabaseReporter   : JDBC URL to connect to 'dataSource': url='jdbc:h2:tcp://localhost:41063/mem:df70fc46-7e57-4cb5-9cd0-c1d90c14afa7;USER=sa', scope='TutorialGroupIntegrationTest#averageAttendanceCalculationTest_NoSessions_AverageNull'
    23:42:12.134 |  28 nPool-1-worker-2 | DEBUG | d.t.c.a.a.c.s.f.ApiVersionFilter     : Adding Version to Request GET /api/courses/87/tutorial-groups/35
    23:42:12.140 |  28 nPool-1-worker-2 | DEBUG | d.t.c.a.a.t.w.TutorialGroupResource  : REST request to get tutorial group: 35 of course: 87

  Starting logs for TutorialGroupIntegrationTest > [2] useSingleEndpoint=false
    23:42:12.201 |  28 nPool-1-worker-2 | DEBUG | d.t.c.a.a.c.u.util.UserUtilService   : Generate 4 students...
    23:42:12.210 |  28 nPool-1-worker-2 | DEBUG | d.t.c.a.a.c.u.util.UserUtilService   : 4 students generated. Generate 2 tutors...
    23:42:12.215 |  28 nPool-1-worker-2 | DEBUG | d.t.c.a.a.c.u.util.UserUtilService   : 2 tutors generated. Generate 1 editors...
    23:42:12.222 |  28 nPool-1-worker-2 | DEBUG | d.t.c.a.a.c.u.util.UserUtilService   : 1 editors generated. Generate 1 instructors...
    23:42:12.227 |  28 nPool-1-worker-2 | DEBUG | d.t.c.a.a.c.u.util.UserUtilService   : 1 instructors generated
    23:42:12.229 |  28 nPool-1-worker-2 | DEBUG | d.t.c.a.a.c.u.util.UserUtilService   : Removing 8 users from all courses...
    23:42:12.232 |  28 nPool-1-worker-2 | DEBUG | d.t.c.a.a.c.u.util.UserUtilService   : Removing 8 users from all courses. Done
    23:42:12.232 |  28 nPool-1-worker-2 | DEBUG | d.t.c.a.a.c.u.util.UserUtilService   : Save 8 users to database...
    23:42:12.255 |  28 nPool-1-worker-2 | DEBUG | d.t.c.a.a.c.u.util.UserUtilService   : Save 8 users to database. Done
    23:42:12.310 |  28 nPool-1-worker-2 | DEBUG | utorialGroupChannelManagementService : Created channel with id 35 for tutorial group with id 36
    23:42:12.322 |  28 nPool-1-worker-2 | DEBUG | utorialGroupChannelManagementService : Added channel with id 35 to tutorial group with id 36
    23:42:12.336 |  28 nPool-1-worker-2 | DEBUG | utorialGroupChannelManagementService : Added users with ids [8] to the channel with id 35 of the tutorial group with id 36
    23:42:12.353 |  28 nPool-1-worker-2 | DEBUG | utorialGroupChannelManagementService : Added teaching assistant with id 12 to the channel with id 35 of the tutorial group with id 36
    23:42:12.372 |  28 nPool-1-worker-2 | DEBUG | utorialGroupChannelManagementService : Granted teaching assistant with id 12 moderator role for the channel with id 35 of the tutorial group with id 36
    23:42:12.372 |  28 nPool-1-worker-2 | DEBUG | utorialGroupChannelManagementService : Setup channel for tutorial group with id 36 with channel id 35
    23:42:12.379 |  28 nPool-1-worker-2 | DEBUG | utorialGroupChannelManagementService : Created channel with id 36 for tutorial group with id 37
    23:42:12.382 |  28 nPool-1-worker-2 | DEBUG | utorialGroupChannelManagementService : Added channel with id 36 to tutorial group with id 37
    23:42:12.392 |  28 nPool-1-worker-2 | DEBUG | utorialGroupChannelManagementService : Added users with ids [9] to the channel with id 36 of the tutorial group with id 37
    23:42:12.408 |  28 nPool-1-worker-2 | DEBUG | utorialGroupChannelManagementService : Added teaching assistant with id 13 to the channel with id 36 of the tutorial group with id 37
    23:42:12.423 |  28 nPool-1-worker-2 | DEBUG | utorialGroupChannelManagementService : Granted teaching assistant with id 13 moderator role for the channel with id 36 of the tutorial group with id 37
    23:42:12.423 |  28 nPool-1-worker-2 | DEBUG | utorialGroupChannelManagementService : Setup channel for tutorial group with id 37 with channel id 36
    23:42:12.424 |  28 nPool-1-worker-2 | INFO  | i.z.t.d.l.EmbeddedDatabaseReporter   : JDBC URL to connect to 'dataSource': url='jdbc:h2:tcp://localhost:41063/mem:df70fc46-7e57-4cb5-9cd0-c1d90c14afa7;USER=sa', scope='TutorialGroupIntegrationTest#averageAttendanceCalculationTest_NoSessions_AverageNull'
    23:42:12.428 |  28 nPool-1-worker-2 | DEBUG | d.t.c.a.a.c.s.f.ApiVersionFilter     : Adding Version to Request GET /api/courses/89/tutorial-groups
    23:42:12.431 |  28 nPool-1-worker-2 | DEBUG | d.t.c.a.a.t.w.TutorialGroupResource  : REST request to get all tutorial groups of course with id: 89

  Starting logs for TutorialGroupIntegrationTest > delete_asInstructor_shouldDeleteTutorialGroup()
    23:42:12.483 |  28 nPool-1-worker-2 | DEBUG | d.t.c.a.a.c.u.util.UserUtilService   : Generate 4 students...
    23:42:12.495 |  28 nPool-1-worker-2 | DEBUG | d.t.c.a.a.c.u.util.UserUtilService   : 4 students generated. Generate 2 tutors...
    23:42:12.507 |  28 nPool-1-worker-2 | DEBUG | d.t.c.a.a.c.u.util.UserUtilService   : 2 tutors generated. Generate 1 editors...
    23:42:12.519 |  28 nPool-1-worker-2 | DEBUG | d.t.c.a.a.c.u.util.UserUtilService   : 1 editors generated. Generate 1 instructors...
    23:42:12.525 |  28 nPool-1-worker-2 | DEBUG | d.t.c.a.a.c.u.util.UserUtilService   : 1 instructors generated
    23:42:12.527 |  28 nPool-1-worker-2 | DEBUG | d.t.c.a.a.c.u.util.UserUtilService   : Removing 8 users from all courses...
    23:42:12.530 |  28 nPool-1-worker-2 | DEBUG | d.t.c.a.a.c.u.util.UserUtilService   : Removing 8 users from all courses. Done
    23:42:12.530 |  28 nPool-1-worker-2 | DEBUG | d.t.c.a.a.c.u.util.UserUtilService   : Save 8 users to database...
    23:42:12.546 |  28 nPool-1-worker-2 | DEBUG | d.t.c.a.a.c.u.util.UserUtilService   : Save 8 users to database. Done
    23:42:12.573 |  28 nPool-1-worker-2 | DEBUG | utorialGroupChannelManagementService : Created channel with id 37 for tutorial group with id 39
    23:42:12.576 |  28 nPool-1-worker-2 | DEBUG | utorialGroupChannelManagementService : Added channel with id 37 to tutorial group with id 39
    23:42:12.589 |  28 nPool-1-worker-2 | DEBUG | utorialGroupChannelManagementService : Added users with ids [8] to the channel with id 37 of the tutorial group with id 39
    23:42:12.618 |  28 nPool-1-worker-2 | DEBUG | utorialGroupChannelManagementService : Added teaching assistant with id 12 to the channel with id 37 of the tutorial group with id 39
    23:42:12.646 |  28 nPool-1-worker-2 | DEBUG | utorialGroupChannelManagementService : Granted teaching assistant with id 12 moderator role for the channel with id 37 of the tutorial group with id 39
    23:42:12.646 |  28 nPool-1-worker-2 | DEBUG | utorialGroupChannelManagementService : Setup channel for tutorial group with id 39 with channel id 37
    23:42:12.651 |  28 nPool-1-worker-2 | DEBUG | utorialGroupChannelManagementService : Created channel with id 38 for tutorial group with id 40
    23:42:12.655 |  28 nPool-1-worker-2 | DEBUG | utorialGroupChannelManagementService : Added channel with id 38 to tutorial group with id 40
    23:42:12.665 |  28 nPool-1-worker-2 | DEBUG | utorialGroupChannelManagementService : Added users with ids [9] to the channel with id 38 of the tutorial group with id 40
    23:42:12.681 |  28 nPool-1-worker-2 | DEBUG | utorialGroupChannelManagementService : Added teaching assistant with id 13 to the channel with id 38 of the tutorial group with id 40
    23:42:12.697 |  28 nPool-1-worker-2 | DEBUG | utorialGroupChannelManagementService : Granted teaching assistant with id 13 moderator role for the channel with id 38 of the tutorial group with id 40
    23:42:12.697 |  28 nPool-1-worker-2 | DEBUG | utorialGroupChannelManagementService : Setup channel for tutorial group with id 40 with channel id 38
    23:42:12.697 |  28 nPool-1-worker-2 | INFO  | i.z.t.d.l.EmbeddedDatabaseReporter   : JDBC URL to connect to 'dataSource': url='jdbc:h2:tcp://localhost:41063/mem:df70fc46-7e57-4cb5-9cd0-c1d90c14afa7;USER=sa', scope='TutorialGroupIntegrationTest#delete_asInstructor_shouldDeleteTutorialGroup'
    23:42:12.703 |  28 nPool-1-worker-2 | DEBUG | d.t.c.a.a.c.s.f.ApiVersionFilter     : Adding Version to Request POST /api/courses/91/tutorial-groups
    23:42:12.706 |  28 nPool-1-worker-2 | DEBUG | d.t.c.a.a.t.w.TutorialGroupResource  : REST request to create TutorialGroup: de.tum.cit.aet.artemis.tutorialgroup.domain.TutorialGroup@0 in course: 91
    23:42:12.744 |  28 nPool-1-worker-2 | DEBUG | utorialGroupChannelManagementService : Created channel with id 39 for tutorial group with id 41
    23:42:12.752 |  28 nPool-1-worker-2 | DEBUG | utorialGroupChannelManagementService : Added channel with id 39 to tutorial group with id 41
    23:42:12.757 |  28 nPool-1-worker-2 | DEBUG | utorialGroupChannelManagementService : Added users with ids [] to the channel with id 39 of the tutorial group with id 41
    23:42:12.773 |  28 nPool-1-worker-2 | DEBUG | utorialGroupChannelManagementService : Added teaching assistant with id 12 to the channel with id 39 of the tutorial group with id 41
    23:42:12.794 |  28 nPool-1-worker-2 | DEBUG | utorialGroupChannelManagementService : Granted teaching assistant with id 12 moderator role for the channel with id 39 of the tutorial group with id 41
    23:42:12.794 |  28 nPool-1-worker-2 | DEBUG | utorialGroupChannelManagementService : Setup channel for tutorial group with id 41 with channel id 39
    23:42:12.831 |  28 nPool-1-worker-2 | DEBUG | d.t.c.a.a.c.s.f.ApiVersionFilter     : Adding Version to Request POST /api/courses/91/messages
    23:42:12.857 |  28 nPool-1-worker-2 | DEBUG | .a.a.c.w.ConversationMessageResource : POST createMessage invoked for course 91 with post null
    23:42:12.861 |  28 nPool-1-worker-2 | DEBUG | a.a.c.s.ConversationMessagingService :       createMessage:conversationService.isMemberOrCreateForCourseWideElseThrow DONE
    23:42:12.864 |  28 nPool-1-worker-2 | DEBUG | a.a.c.s.ConversationMessagingService :       createMessage:additional authorization DONE
    23:42:12.869 |  28 nPool-1-worker-2 | DEBUG | a.a.c.s.ConversationMessagingService :       createMessage:parseUserMentions DONE
    23:42:12.873 |  28 nPool-1-worker-2 | DEBUG | a.a.c.s.ConversationMessagingService :       conversationMessageRepository.save DONE
    23:42:12.874 |  28 nPool-1-worker-2 | DEBUG | a.a.c.s.ConversationMessagingService :       conversationMessageRepository.save DONE
    23:42:12.877 |  28 nPool-1-worker-2 | DEBUG | .a.a.c.w.ConversationMessageResource : createMessage took 20.33ms
    23:42:12.900 | 621 artemis-task-1   | DEBUG | a.a.c.s.ConversationMessagingService :       getNotificationRecipients DONE
    23:42:12.904 |  28 nPool-1-worker-2 | DEBUG | d.t.c.a.a.c.s.f.ApiVersionFilter     : Adding Version to Request DELETE /api/courses/91/tutorial-groups/41
    23:42:12.907 | 621 artemis-task-1   | DEBUG | a.a.c.s.ConversationMessagingService :       broadcastForPost DONE
    23:42:12.908 |  28 nPool-1-worker-2 | INFO  | d.t.c.a.a.t.w.TutorialGroupResource  : REST request to delete a TutorialGroup: 41 of course: 91
    23:42:12.912 | 621 artemis-task-1   | DEBUG | a.a.c.s.ConversationMessagingService :       conversationNotificationService.notifyAboutNewMessage DONE
    23:42:12.920 | 621 artemis-task-1   | DEBUG | a.a.c.s.ConversationMessagingService :       incrementUnreadMessagesCountOfParticipants DONE
    23:42:12.920 | 621 artemis-task-1   | DEBUG | a.a.c.s.ConversationMessagingService :       notifyAboutMessageCreation DONE
    23:42:12.957 |  28 nPool-1-worker-2 | DEBUG | utorialGroupChannelManagementService : Tutorial group with id 41 does not have a channel, cannot delete channel
    23:42:12.972 |  28 nPool-1-worker-2 | DEBUG | d.t.c.a.a.c.s.f.ApiVersionFilter     : Adding Version to Request GET /api/courses/91/tutorial-groups/41
    23:42:12.975 |  28 nPool-1-worker-2 | DEBUG | d.t.c.a.a.t.w.TutorialGroupResource  : REST request to get tutorial group: 41 of course: 91
    23:42:12.987 |  28 nPool-1-worker-2 | WARN  | o.z.p.spring.common.AdviceTraits     : Not Found: TutorialGroup with identifier: "41" does not exist

  Starting logs for TutorialGroupIntegrationTest > updateAssignedTeachingAssistant_asInstructor_shouldUpdateTutorialGroupAndChannel()
    23:42:13.018 |  28 nPool-1-worker-2 | DEBUG | d.t.c.a.a.c.u.util.UserUtilService   : Generate 4 students...
    23:42:13.028 |  28 nPool-1-worker-2 | DEBUG | d.t.c.a.a.c.u.util.UserUtilService   : 4 students generated. Generate 2 tutors...
    23:42:13.033 |  28 nPool-1-worker-2 | DEBUG | d.t.c.a.a.c.u.util.UserUtilService   : 2 tutors generated. Generate 1 editors...
    23:42:13.036 |  28 nPool-1-worker-2 | DEBUG | d.t.c.a.a.c.u.util.UserUtilService   : 1 editors generated. Generate 1 instructors...
    23:42:13.040 |  28 nPool-1-worker-2 | DEBUG | d.t.c.a.a.c.u.util.UserUtilService   : 1 instructors generated
    23:42:13.042 |  28 nPool-1-worker-2 | DEBUG | d.t.c.a.a.c.u.util.UserUtilService   : Removing 8 users from all courses...
    23:42:13.045 |  28 nPool-1-worker-2 | DEBUG | d.t.c.a.a.c.u.util.UserUtilService   : Removing 8 users from all courses. Done
    23:42:13.045 |  28 nPool-1-worker-2 | DEBUG | d.t.c.a.a.c.u.util.UserUtilService   : Save 8 users to database...
    23:42:13.080 |  28 nPool-1-worker-2 | DEBUG | d.t.c.a.a.c.u.util.UserUtilService   : Save 8 users to database. Done
    23:42:13.179 |  28 nPool-1-worker-2 | DEBUG | utorialGroupChannelManagementService : Created channel with id 40 for tutorial group with id 42
    23:42:13.187 |  28 nPool-1-worker-2 | DEBUG | utorialGroupChannelManagementService : Added channel with id 40 to tutorial group with id 42
    23:42:13.210 |  28 nPool-1-worker-2 | DEBUG | utorialGroupChannelManagementService : Added users with ids [8] to the channel with id 40 of the tutorial group with id 42
    23:42:13.247 |  28 nPool-1-worker-2 | DEBUG | utorialGroupChannelManagementService : Added teaching assistant with id 12 to the channel with id 40 of the tutorial group with id 42
    23:42:13.279 |  28 nPool-1-worker-2 | DEBUG | utorialGroupChannelManagementService : Granted teaching assistant with id 12 moderator role for the channel with id 40 of the tutorial group with id 42
    23:42:13.279 |  28 nPool-1-worker-2 | DEBUG | utorialGroupChannelManagementService : Setup channel for tutorial group with id 42 with channel id 40
    23:42:13.290 |  28 nPool-1-worker-2 | DEBUG | utorialGroupChannelManagementService : Created channel with id 41 for tutorial group with id 43
    23:42:13.296 |  28 nPool-1-worker-2 | DEBUG | utorialGroupChannelManagementService : Added channel with id 41 to tutorial group with id 43
    23:42:13.316 |  28 nPool-1-worker-2 | DEBUG | utorialGroupChannelManagementService : Added users with ids [9] to the channel with id 41 of the tutorial group with id 43
    23:42:13.345 |  28 nPool-1-worker-2 | DEBUG | utorialGroupChannelManagementService : Added teaching assistant with id 13 to the channel with id 41 of the tutorial group with id 43
    23:42:13.375 |  28 nPool-1-worker-2 | DEBUG | utorialGroupChannelManagementService : Granted teaching assistant with id 13 moderator role for the channel with id 41 of the tutorial group with id 43
    23:42:13.375 |  28 nPool-1-worker-2 | DEBUG | utorialGroupChannelManagementService : Setup channel for tutorial group with id 43 with channel id 41
    23:42:13.375 |  28 nPool-1-worker-2 | INFO  | i.z.t.d.l.EmbeddedDatabaseReporter   : JDBC URL to connect to 'dataSource': url='jdbc:h2:tcp://localhost:41063/mem:df70fc46-7e57-4cb5-9cd0-c1d90c14afa7;USER=sa', scope='TutorialGroupIntegrationTest#updateAssignedTeachingAssistant_asInstructor_shouldUpdateTutorialGroupAndChannel'
    23:42:13.386 |  28 nPool-1-worker-2 | DEBUG | d.t.c.a.a.c.s.f.ApiVersionFilter     : Adding Version to Request PUT /api/courses/93/tutorial-groups/42
    23:42:13.397 |  28 nPool-1-worker-2 | DEBUG | d.t.c.a.a.t.w.TutorialGroupResource  : REST request to update TutorialGroup : de.tum.cit.aet.artemis.tutorialgroup.domain.TutorialGroup@2a
    23:42:13.463 |  28 nPool-1-worker-2 | DEBUG | utorialGroupChannelManagementService : Added users with ids [13] to the channel with id 40 of the tutorial group with id 42
    23:42:13.511 |  28 nPool-1-worker-2 | DEBUG | utorialGroupChannelManagementService : Granted users with ids [13] moderator role for the channel with id 40 of the tutorial group with id 42
    23:42:13.575 |  28 nPool-1-worker-2 | DEBUG | utorialGroupChannelManagementService : Removed users with ids [12] from the channel with id 40 of the tutorial group with id 42
    23:42:13.617 |  28 nPool-1-worker-2 | DEBUG | d.t.c.a.a.c.s.f.ApiVersionFilter     : Adding Version to Request PUT /api/courses/93/tutorial-groups/42
    23:42:13.626 |  28 nPool-1-worker-2 | DEBUG | d.t.c.a.a.t.w.TutorialGroupResource  : REST request to update TutorialGroup : de.tum.cit.aet.artemis.tutorialgroup.domain.TutorialGroup@2a
    23:42:13.675 |  28 nPool-1-worker-2 | DEBUG | utorialGroupChannelManagementService : Added users with ids [12] to the channel with id 40 of the tutorial group with id 42
    23:42:13.696 |  28 nPool-1-worker-2 | DEBUG | utorialGroupChannelManagementService : Granted users with ids [12] moderator role for the channel with id 40 of the tutorial group with id 42
    23:42:13.737 |  28 nPool-1-worker-2 | DEBUG | utorialGroupChannelManagementService : Removed users with ids [13] from the channel with id 40 of the tutorial group with id 42

  Starting logs for TutorialGroupIntegrationTest > request_asInstructorNotInCourse_shouldReturnForbidden()
    23:42:13.859 |  28 nPool-1-worker-2 | DEBUG | d.t.c.a.a.c.u.util.UserUtilService   : Generate 4 students...
    23:42:13.879 |  28 nPool-1-worker-2 | DEBUG | d.t.c.a.a.c.u.util.UserUtilService   : 4 students generated. Generate 2 tutors...
    23:42:13.890 |  28 nPool-1-worker-2 | DEBUG | d.t.c.a.a.c.u.util.UserUtilService   : 2 tutors generated. Generate 1 editors...
    23:42:13.893 |  28 nPool-1-worker-2 | DEBUG | d.t.c.a.a.c.u.util.UserUtilService   : 1 editors generated. Generate 1 instructors...
    23:42:13.901 |  28 nPool-1-worker-2 | DEBUG | d.t.c.a.a.c.u.util.UserUtilService   : 1 instructors generated
    23:42:13.906 |  28 nPool-1-worker-2 | DEBUG | d.t.c.a.a.c.u.util.UserUtilService   : Removing 8 users from all courses...
    23:42:13.912 |  28 nPool-1-worker-2 | DEBUG | d.t.c.a.a.c.u.util.UserUtilService   : Removing 8 users from all courses. Done
    23:42:13.912 |  28 nPool-1-worker-2 | DEBUG | d.t.c.a.a.c.u.util.UserUtilService   : Save 8 users to database...
    23:42:13.948 |  28 nPool-1-worker-2 | DEBUG | d.t.c.a.a.c.u.util.UserUtilService   : Save 8 users to database. Done
    23:42:13.998 |  28 nPool-1-worker-2 | DEBUG | utorialGroupChannelManagementService : Created channel with id 42 for tutorial group with id 44
    23:42:14.007 |  28 nPool-1-worker-2 | DEBUG | utorialGroupChannelManagementService : Added channel with id 42 to tutorial group with id 44
    23:42:14.024 |  28 nPool-1-worker-2 | DEBUG | utorialGroupChannelManagementService : Added users with ids [8] to the channel with id 42 of the tutorial group with id 44
    23:42:14.053 |  28 nPool-1-worker-2 | DEBUG | utorialGroupChannelManagementService : Added teaching assistant with id 12 to the channel with id 42 of the tutorial group with id 44
    23:42:14.076 |  28 nPool-1-worker-2 | DEBUG | utorialGroupChannelManagementService : Granted teaching assistant with id 12 moderator role for the channel with id 42 of the tutorial group with id 44
    23:42:14.076 |  28 nPool-1-worker-2 | DEBUG | utorialGroupChannelManagementService : Setup channel for tutorial group with id 44 with channel id 42
    23:42:14.081 |  28 nPool-1-worker-2 | DEBUG | utorialGroupChannelManagementService : Created channel with id 43 for tutorial group with id 45
    23:42:14.084 |  28 nPool-1-worker-2 | DEBUG | utorialGroupChannelManagementService : Added channel with id 43 to tutorial group with id 45
    23:42:14.093 |  28 nPool-1-worker-2 | DEBUG | utorialGroupChannelManagementService : Added users with ids [9] to the channel with id 43 of the tutorial group with id 45
    23:42:14.108 |  28 nPool-1-worker-2 | DEBUG | utorialGroupChannelManagementService : Added teaching assistant with id 13 to the channel with id 43 of the tutorial group with id 45
    23:42:14.124 |  28 nPool-1-worker-2 | DEBUG | utorialGroupChannelManagementService : Granted teaching assistant with id 13 moderator role for the channel with id 43 of the tutorial group with id 45
    23:42:14.124 |  28 nPool-1-worker-2 | DEBUG | utorialGroupChannelManagementService : Setup channel for tutorial group with id 45 with channel id 43
    23:42:14.124 |  28 nPool-1-worker-2 | INFO  | i.z.t.d.l.EmbeddedDatabaseReporter   : JDBC URL to connect to 'dataSource': url='jdbc:h2:tcp://localhost:41063/mem:df70fc46-7e57-4cb5-9cd0-c1d90c14afa7;USER=sa', scope='TutorialGroupIntegrationTest#request_asInstructorNotInCourse_shouldReturnForbidden'
    23:42:14.131 |  28 nPool-1-worker-2 | DEBUG | d.t.c.a.a.c.s.f.ApiVersionFilter     : Adding Version to Request POST /api/courses/95/tutorial-groups
    23:42:14.138 |  28 nPool-1-worker-2 | DEBUG | d.t.c.a.a.t.w.TutorialGroupResource  : REST request to create TutorialGroup: de.tum.cit.aet.artemis.tutorialgroup.domain.TutorialGroup@0 in course: 95
    23:42:14.142 |  28 nPool-1-worker-2 | WARN  | o.z.p.spring.common.AdviceTraits     : Forbidden: You are not allowed to access the Course with id 95
    23:42:14.150 |  28 nPool-1-worker-2 | DEBUG | d.t.c.a.a.c.s.f.ApiVersionFilter     : Adding Version to Request PUT /api/courses/95/tutorial-groups/44
    23:42:14.160 |  28 nPool-1-worker-2 | DEBUG | d.t.c.a.a.t.w.TutorialGroupResource  : REST request to update TutorialGroup : de.tum.cit.aet.artemis.tutorialgroup.domain.TutorialGroup@2c
    23:42:14.169 |  28 nPool-1-worker-2 | WARN  | o.z.p.spring.common.AdviceTraits     : Forbidden: You are not allowed to access the Course with id 95
    23:42:14.177 |  28 nPool-1-worker-2 | DEBUG | d.t.c.a.a.c.s.f.ApiVersionFilter     : Adding Version to Request DELETE /api/courses/95/tutorial-groups/44
    23:42:14.178 |  28 nPool-1-worker-2 | INFO  | d.t.c.a.a.t.w.TutorialGroupResource  : REST request to delete a TutorialGroup: 44 of course: 95
    23:42:14.184 |  28 nPool-1-worker-2 | WARN  | o.z.p.spring.common.AdviceTraits     : Forbidden: You are not allowed to access the Course with id 95
    23:42:14.194 |  28 nPool-1-worker-2 | DEBUG | d.t.c.a.a.c.s.f.ApiVersionFilter     : Adding Version to Request POST /api/courses/95/tutorial-groups/44/register-multiple
    23:42:14.198 |  28 nPool-1-worker-2 | DEBUG | d.t.c.a.a.t.w.TutorialGroupResource  : REST request to register [] to tutorial group 44
    23:42:14.205 |  28 nPool-1-worker-2 | WARN  | o.z.p.spring.common.AdviceTraits     : Forbidden: You are not allowed to access the Course with id 95
    23:42:14.211 |  28 nPool-1-worker-2 | DEBUG | d.t.c.a.a.c.s.f.ApiVersionFilter     : Adding Version to Request GET /api/courses/95/tutorial-groups/campus-values
    23:42:14.215 |  28 nPool-1-worker-2 | DEBUG | d.t.c.a.a.t.w.TutorialGroupResource  : REST request to get unique campus values used for tutorial groups in course : 95
    23:42:14.221 |  28 nPool-1-worker-2 | WARN  | o.z.p.spring.common.AdviceTraits     : Forbidden: You are not allowed to access the Course with id 95
    23:42:14.227 |  28 nPool-1-worker-2 | DEBUG | d.t.c.a.a.c.s.f.ApiVersionFilter     : Adding Version to Request GET /api/courses/95/tutorial-groups/language-values
    23:42:14.230 |  28 nPool-1-worker-2 | DEBUG | d.t.c.a.a.t.w.TutorialGroupResource  : REST request to get unique language values used for tutorial groups in course : 95
    23:42:14.233 |  28 nPool-1-worker-2 | WARN  | o.z.p.spring.common.AdviceTraits     : Forbidden: You are not allowed to access the Course with id 95

  Starting logs for TutorialGroupIntegrationTest > testJSONContentWithSampleData()
    23:42:14.293 |  28 nPool-1-worker-2 | DEBUG | d.t.c.a.a.c.u.util.UserUtilService   : Generate 4 students...
    23:42:14.318 |  28 nPool-1-worker-2 | DEBUG | d.t.c.a.a.c.u.util.UserUtilService   : 4 students generated. Generate 2 tutors...
    23:42:14.326 |  28 nPool-1-worker-2 | DEBUG | d.t.c.a.a.c.u.util.UserUtilService   : 2 tutors generated. Generate 1 editors...
    23:42:14.332 |  28 nPool-1-worker-2 | DEBUG | d.t.c.a.a.c.u.util.UserUtilService   : 1 editors generated. Generate 1 instructors...
    23:42:14.343 |  28 nPool-1-worker-2 | DEBUG | d.t.c.a.a.c.u.util.UserUtilService   : 1 instructors generated
    23:42:14.346 |  28 nPool-1-worker-2 | DEBUG | d.t.c.a.a.c.u.util.UserUtilService   : Removing 8 users from all courses...
    23:42:14.354 |  28 nPool-1-worker-2 | DEBUG | d.t.c.a.a.c.u.util.UserUtilService   : Removing 8 users from all courses. Done
    23:42:14.354 |  28 nPool-1-worker-2 | DEBUG | d.t.c.a.a.c.u.util.UserUtilService   : Save 8 users to database...
    23:42:14.389 |  28 nPool-1-worker-2 | DEBUG | d.t.c.a.a.c.u.util.UserUtilService   : Save 8 users to database. Done
    23:42:14.420 |  28 nPool-1-worker-2 | DEBUG | utorialGroupChannelManagementService : Created channel with id 44 for tutorial group with id 46
    23:42:14.425 |  28 nPool-1-worker-2 | DEBUG | utorialGroupChannelManagementService : Added channel with id 44 to tutorial group with id 46
    23:42:14.435 |  28 nPool-1-worker-2 | DEBUG | utorialGroupChannelManagementService : Added users with ids [8] to the channel with id 44 of the tutorial group with id 46
    23:42:14.449 |  28 nPool-1-worker-2 | DEBUG | utorialGroupChannelManagementService : Added teaching assistant with id 12 to the channel with id 44 of the tutorial group with id 46
    23:42:14.463 |  28 nPool-1-worker-2 | DEBUG | utorialGroupChannelManagementService : Granted teaching assistant with id 12 moderator role for the channel with id 44 of the tutorial group with id 46
    23:42:14.464 |  28 nPool-1-worker-2 | DEBUG | utorialGroupChannelManagementService : Setup channel for tutorial group with id 46 with channel id 44
    23:42:14.468 |  28 nPool-1-worker-2 | DEBUG | utorialGroupChannelManagementService : Created channel with id 45 for tutorial group with id 47
    23:42:14.471 |  28 nPool-1-worker-2 | DEBUG | utorialGroupChannelManagementService : Added channel with id 45 to tutorial group with id 47
    23:42:14.481 |  28 nPool-1-worker-2 | DEBUG | utorialGroupChannelManagementService : Added users with ids [9] to the channel with id 45 of the tutorial group with id 47
    23:42:14.496 |  28 nPool-1-worker-2 | DEBUG | utorialGroupChannelManagementService : Added teaching assistant with id 13 to the channel with id 45 of the tutorial group with id 47
    23:42:14.512 |  28 nPool-1-worker-2 | DEBUG | utorialGroupChannelManagementService : Granted teaching assistant with id 13 moderator role for the channel with id 45 of the tutorial group with id 47
    23:42:14.512 |  28 nPool-1-worker-2 | DEBUG | utorialGroupChannelManagementService : Setup channel for tutorial group with id 47 with channel id 45
    23:42:14.512 |  28 nPool-1-worker-2 | INFO  | i.z.t.d.l.EmbeddedDatabaseReporter   : JDBC URL to connect to 'dataSource': url='jdbc:h2:tcp://localhost:41063/mem:df70fc46-7e57-4cb5-9cd0-c1d90c14afa7;USER=sa', scope='TutorialGroupIntegrationTest#testJSONContentWithSampleData'
    23:42:14.523 |  28 nPool-1-worker-2 | DEBUG | d.t.c.a.a.c.s.f.ApiVersionFilter     : Adding Version to Request GET /api/courses/97/tutorial-groups/export/json
    23:42:14.535 |  28 nPool-1-worker-2 | DEBUG | d.t.c.a.a.t.w.TutorialGroupResource  : REST request to export TutorialGroups to JSON for course: 97

  Starting logs for TutorialGroupIntegrationTest > [1] loadFromService=true
    23:42:14.603 |  28 nPool-1-worker-2 | DEBUG | d.t.c.a.a.c.u.util.UserUtilService   : Generate 4 students...
    23:42:14.623 |  28 nPool-1-worker-2 | DEBUG | d.t.c.a.a.c.u.util.UserUtilService   : 4 students generated. Generate 2 tutors...
    23:42:14.635 |  28 nPool-1-worker-2 | DEBUG | d.t.c.a.a.c.u.util.UserUtilService   : 2 tutors generated. Generate 1 editors...
    23:42:14.641 |  28 nPool-1-worker-2 | DEBUG | d.t.c.a.a.c.u.util.UserUtilService   : 1 editors generated. Generate 1 instructors...
    23:42:14.650 |  28 nPool-1-worker-2 | DEBUG | d.t.c.a.a.c.u.util.UserUtilService   : 1 instructors generated
    23:42:14.653 |  28 nPool-1-worker-2 | DEBUG | d.t.c.a.a.c.u.util.UserUtilService   : Removing 8 users from all courses...
    23:42:14.661 |  28 nPool-1-worker-2 | DEBUG | d.t.c.a.a.c.u.util.UserUtilService   : Removing 8 users from all courses. Done
    23:42:14.661 |  28 nPool-1-worker-2 | DEBUG | d.t.c.a.a.c.u.util.UserUtilService   : Save 8 users to database...
    23:42:14.697 |  28 nPool-1-worker-2 | DEBUG | d.t.c.a.a.c.u.util.UserUtilService   : Save 8 users to database. Done
    23:42:14.750 |  28 nPool-1-worker-2 | DEBUG | utorialGroupChannelManagementService : Created channel with id 46 for tutorial group with id 50
    23:42:14.759 |  28 nPool-1-worker-2 | DEBUG | utorialGroupChannelManagementService : Added channel with id 46 to tutorial group with id 50
    23:42:14.781 |  28 nPool-1-worker-2 | DEBUG | utorialGroupChannelManagementService : Added users with ids [8] to the channel with id 46 of the tutorial group with id 50
    23:42:14.847 |  28 nPool-1-worker-2 | DEBUG | utorialGroupChannelManagementService : Added teaching assistant with id 12 to the channel with id 46 of the tutorial group with id 50
    23:42:14.875 |  28 nPool-1-worker-2 | DEBUG | utorialGroupChannelManagementService : Granted teaching assistant with id 12 moderator role for the channel with id 46 of the tutorial group with id 50
    23:42:14.875 |  28 nPool-1-worker-2 | DEBUG | utorialGroupChannelManagementService : Setup channel for tutorial group with id 50 with channel id 46
    23:42:14.886 |  28 nPool-1-worker-2 | DEBUG | utorialGroupChannelManagementService : Created channel with id 47 for tutorial group with id 51
    23:42:14.892 |  28 nPool-1-worker-2 | DEBUG | utorialGroupChannelManagementService : Added channel with id 47 to tutorial group with id 51
    23:42:14.912 |  28 nPool-1-worker-2 | DEBUG | utorialGroupChannelManagementService : Added users with ids [9] to the channel with id 47 of the tutorial group with id 51
    23:42:14.944 |  28 nPool-1-worker-2 | DEBUG | utorialGroupChannelManagementService : Added teaching assistant with id 13 to the channel with id 47 of the tutorial group with id 51
    23:42:14.975 |  28 nPool-1-worker-2 | DEBUG | utorialGroupChannelManagementService : Granted teaching assistant with id 13 moderator role for the channel with id 47 of the tutorial group with id 51
    23:42:14.976 |  28 nPool-1-worker-2 | DEBUG | utorialGroupChannelManagementService : Setup channel for tutorial group with id 51 with channel id 47
    23:42:14.982 |  28 nPool-1-worker-2 | INFO  | i.z.t.d.l.EmbeddedDatabaseReporter   : JDBC URL to connect to 'dataSource': url='jdbc:h2:tcp://localhost:41063/mem:df70fc46-7e57-4cb5-9cd0-c1d90c14afa7;USER=sa', scope='TutorialGroupIntegrationTest#getOneOfCourse_asInstructor_shouldShowPrivateInformation'

  Starting logs for TutorialGroupIntegrationTest > [2] loadFromService=false
    23:42:15.065 |  28 nPool-1-worker-2 | DEBUG | d.t.c.a.a.c.u.util.UserUtilService   : Generate 4 students...
    23:42:15.096 |  28 nPool-1-worker-2 | DEBUG | d.t.c.a.a.c.u.util.UserUtilService   : 4 students generated. Generate 2 tutors...
    23:42:15.104 |  28 nPool-1-worker-2 | DEBUG | d.t.c.a.a.c.u.util.UserUtilService   : 2 tutors generated. Generate 1 editors...
    23:42:15.112 |  28 nPool-1-worker-2 | DEBUG | d.t.c.a.a.c.u.util.UserUtilService   : 1 editors generated. Generate 1 instructors...
    23:42:15.115 |  28 nPool-1-worker-2 | DEBUG | d.t.c.a.a.c.u.util.UserUtilService   : 1 instructors generated
    23:42:15.118 |  28 nPool-1-worker-2 | DEBUG | d.t.c.a.a.c.u.util.UserUtilService   : Removing 8 users from all courses...
    23:42:15.120 |  28 nPool-1-worker-2 | DEBUG | d.t.c.a.a.c.u.util.UserUtilService   : Removing 8 users from all courses. Done
    23:42:15.121 |  28 nPool-1-worker-2 | DEBUG | d.t.c.a.a.c.u.util.UserUtilService   : Save 8 users to database...
    23:42:15.143 |  28 nPool-1-worker-2 | DEBUG | d.t.c.a.a.c.u.util.UserUtilService   : Save 8 users to database. Done
    23:42:15.170 |  28 nPool-1-worker-2 | DEBUG | utorialGroupChannelManagementService : Created channel with id 48 for tutorial group with id 52
    23:42:15.174 |  28 nPool-1-worker-2 | DEBUG | utorialGroupChannelManagementService : Added channel with id 48 to tutorial group with id 52
    23:42:15.187 |  28 nPool-1-worker-2 | DEBUG | utorialGroupChannelManagementService : Added users with ids [8] to the channel with id 48 of the tutorial group with id 52
    23:42:15.208 |  28 nPool-1-worker-2 | DEBUG | utorialGroupChannelManagementService : Added teaching assistant with id 12 to the channel with id 48 of the tutorial group with id 52
    23:42:15.250 |  28 nPool-1-worker-2 | DEBUG | utorialGroupChannelManagementService : Granted teaching assistant with id 12 moderator role for the channel with id 48 of the tutorial group with id 52
    23:42:15.250 |  28 nPool-1-worker-2 | DEBUG | utorialGroupChannelManagementService : Setup channel for tutorial group with id 52 with channel id 48
    23:42:15.260 |  28 nPool-1-worker-2 | DEBUG | utorialGroupChannelManagementService : Created channel with id 49 for tutorial group with id 53
    23:42:15.269 |  28 nPool-1-worker-2 | DEBUG | utorialGroupChannelManagementService : Added channel with id 49 to tutorial group with id 53
    23:42:15.296 |  28 nPool-1-worker-2 | DEBUG | utorialGroupChannelManagementService : Added users with ids [9] to the channel with id 49 of the tutorial group with id 53
    23:42:15.310 |  28 nPool-1-worker-2 | DEBUG | utorialGroupChannelManagementService : Added teaching assistant with id 13 to the channel with id 49 of the tutorial group with id 53
    23:42:15.325 |  28 nPool-1-worker-2 | DEBUG | utorialGroupChannelManagementService : Granted teaching assistant with id 13 moderator role for the channel with id 49 of the tutorial group with id 53
    23:42:15.325 |  28 nPool-1-worker-2 | DEBUG | utorialGroupChannelManagementService : Setup channel for tutorial group with id 53 with channel id 49
    23:42:15.325 |  28 nPool-1-worker-2 | INFO  | i.z.t.d.l.EmbeddedDatabaseReporter   : JDBC URL to connect to 'dataSource': url='jdbc:h2:tcp://localhost:41063/mem:df70fc46-7e57-4cb5-9cd0-c1d90c14afa7;USER=sa', scope='TutorialGroupIntegrationTest#getOneOfCourse_asInstructor_shouldShowPrivateInformation'
    23:42:15.328 |  28 nPool-1-worker-2 | DEBUG | d.t.c.a.a.c.s.f.ApiVersionFilter     : Adding Version to Request GET /api/courses/101/tutorial-groups/52
    23:42:15.330 |  28 nPool-1-worker-2 | DEBUG | d.t.c.a.a.t.w.TutorialGroupResource  : REST request to get tutorial group: 52 of course: 101

  Starting logs for TutorialGroupIntegrationTest > [1] loadFromService=true
    23:42:15.386 |  28 nPool-1-worker-2 | DEBUG | d.t.c.a.a.c.u.util.UserUtilService   : Generate 4 students...
    23:42:15.394 |  28 nPool-1-worker-2 | DEBUG | d.t.c.a.a.c.u.util.UserUtilService   : 4 students generated. Generate 2 tutors...
    23:42:15.400 |  28 nPool-1-worker-2 | DEBUG | d.t.c.a.a.c.u.util.UserUtilService   : 2 tutors generated. Generate 1 editors...
    23:42:15.403 |  28 nPool-1-worker-2 | DEBUG | d.t.c.a.a.c.u.util.UserUtilService   : 1 editors generated. Generate 1 instructors...
    23:42:15.406 |  28 nPool-1-worker-2 | DEBUG | d.t.c.a.a.c.u.util.UserUtilService   : 1 instructors generated
    23:42:15.408 |  28 nPool-1-worker-2 | DEBUG | d.t.c.a.a.c.u.util.UserUtilService   : Removing 8 users from all courses...
    23:42:15.411 |  28 nPool-1-worker-2 | DEBUG | d.t.c.a.a.c.u.util.UserUtilService   : Removing 8 users from all courses. Done
    23:42:15.411 |  28 nPool-1-worker-2 | DEBUG | d.t.c.a.a.c.u.util.UserUtilService   : Save 8 users to database...
    23:42:15.427 |  28 nPool-1-worker-2 | DEBUG | d.t.c.a.a.c.u.util.UserUtilService   : Save 8 users to database. Done
    23:42:15.462 |  28 nPool-1-worker-2 | DEBUG | utorialGroupChannelManagementService : Created channel with id 50 for tutorial group with id 54
    23:42:15.473 |  28 nPool-1-worker-2 | DEBUG | utorialGroupChannelManagementService : Added channel with id 50 to tutorial group with id 54
    23:42:15.496 |  28 nPool-1-worker-2 | DEBUG | utorialGroupChannelManagementService : Added users with ids [8] to the channel with id 50 of the tutorial group with id 54
    23:42:15.510 |  28 nPool-1-worker-2 | DEBUG | utorialGroupChannelManagementService : Added teaching assistant with id 12 to the channel with id 50 of the tutorial group with id 54
    23:42:15.526 |  28 nPool-1-worker-2 | DEBUG | utorialGroupChannelManagementService : Granted teaching assistant with id 12 moderator role for the channel with id 50 of the tutorial group with id 54
    23:42:15.526 |  28 nPool-1-worker-2 | DEBUG | utorialGroupChannelManagementService : Setup channel for tutorial group with id 54 with channel id 50
    23:42:15.538 |  28 nPool-1-worker-2 | DEBUG | utorialGroupChannelManagementService : Created channel with id 51 for tutorial group with id 55
    23:42:15.546 |  28 nPool-1-worker-2 | DEBUG | utorialGroupChannelManagementService : Added channel with id 51 to tutorial group with id 55
    23:42:15.575 |  28 nPool-1-worker-2 | DEBUG | utorialGroupChannelManagementService : Added users with ids [9] to the channel with id 51 of the tutorial group with id 55
    23:42:15.691 | 665 taskScheduler-3  | INFO  | d.t.c.a.a.a.s.AthenaScheduleService  : Scheduled Athena for 0 exercises with future due dates.
    23:42:15.697 | 664 taskScheduler-2  | DEBUG | t.c.a.a.e.s.ExerciseLifecycleService : Scheduled Task for Exercise "Programming" (#16) to trigger on RELEASE.
    23:42:15.697 | 664 taskScheduler-2  | DEBUG | .a.a.c.s.NotificationScheduleService : Scheduled notify about started exercise after due date for exercise 'Programming' (#16) for 2025-02-15T23:41:54.678932Z.
    23:42:15.698 | 664 taskScheduler-2  | INFO  | .a.a.c.s.NotificationScheduleService : Scheduled 1 notifications for released exercises.
    23:42:15.708 |  28 nPool-1-worker-2 | DEBUG | utorialGroupChannelManagementService : Added teaching assistant with id 13 to the channel with id 51 of the tutorial group with id 55
    23:42:15.740 | 664 taskScheduler-2  | DEBUG | t.c.a.a.e.s.ExerciseLifecycleService : Scheduled Task for Exercise "FileUpload" (#3) to trigger on ASSESSMENT_DUE.
    23:42:15.740 | 664 taskScheduler-2  | DEBUG | .a.a.c.s.NotificationScheduleService : Scheduled notify about assessed exercise submission after assessment due date for exercise 'FileUpload' (#3) at 2025-02-16T23:39:39.316646Z.
    23:42:15.740 | 664 taskScheduler-2  | DEBUG | t.c.a.a.e.s.ExerciseLifecycleService : Scheduled Task for Exercise "FileUpload" (#6) to trigger on ASSESSMENT_DUE.
    23:42:15.740 | 664 taskScheduler-2  | DEBUG | .a.a.c.s.NotificationScheduleService : Scheduled notify about assessed exercise submission after assessment due date for exercise 'FileUpload' (#6) at 2025-02-16T23:39:39.316646Z.
    23:42:15.740 | 664 taskScheduler-2  | DEBUG | t.c.a.a.e.s.ExerciseLifecycleService : Scheduled Task for Exercise "FileUpload" (#9) to trigger on ASSESSMENT_DUE.
    23:42:15.740 | 664 taskScheduler-2  | DEBUG | .a.a.c.s.NotificationScheduleService : Scheduled notify about assessed exercise submission after assessment due date for exercise 'FileUpload' (#9) at 2025-02-16T23:39:39.316646Z.
    23:42:15.740 | 664 taskScheduler-2  | DEBUG | t.c.a.a.e.s.ExerciseLifecycleService : Scheduled Task for Exercise "FileUpload" (#12) to trigger on ASSESSMENT_DUE.
    23:42:15.740 | 664 taskScheduler-2  | DEBUG | .a.a.c.s.NotificationScheduleService : Scheduled notify about assessed exercise submission after assessment due date for exercise 'FileUpload' (#12) at 2025-02-16T23:39:39.316646Z.
    23:42:15.740 | 664 taskScheduler-2  | DEBUG | t.c.a.a.e.s.ExerciseLifecycleService : Scheduled Task for Exercise "FileUpload" (#15) to trigger on ASSESSMENT_DUE.
    23:42:15.740 | 664 taskScheduler-2  | DEBUG | .a.a.c.s.NotificationScheduleService : Scheduled notify about assessed exercise submission after assessment due date for exercise 'FileUpload' (#15) at 2025-02-16T23:39:39.316646Z.
    23:42:15.740 | 664 taskScheduler-2  | DEBUG | t.c.a.a.e.s.ExerciseLifecycleService : Scheduled Task for Exercise "FileUpload" (#19) to trigger on ASSESSMENT_DUE.
    23:42:15.740 | 664 taskScheduler-2  | DEBUG | .a.a.c.s.NotificationScheduleService : Scheduled notify about assessed exercise submission after assessment due date for exercise 'FileUpload' (#19) at 2025-02-16T23:39:39.316646Z.
    23:42:15.743 | 663 taskScheduler-1  | DEBUG | d.t.c.a.a.core.config.MetricsBean    : recalculateMetrics took 61ms
    23:42:15.740 | 664 taskScheduler-2  | DEBUG | t.c.a.a.e.s.ExerciseLifecycleService : Scheduled Task for Exercise "FileUpload" (#22) to trigger on ASSESSMENT_DUE.
    23:42:15.744 | 664 taskScheduler-2  | DEBUG | .a.a.c.s.NotificationScheduleService : Scheduled notify about assessed exercise submission after assessment due date for exercise 'FileUpload' (#22) at 2025-02-16T23:39:39.316646Z.
    23:42:15.744 | 664 taskScheduler-2  | DEBUG | t.c.a.a.e.s.ExerciseLifecycleService : Scheduled Task for Exercise "FileUpload" (#25) to trigger on ASSESSMENT_DUE.
    23:42:15.744 | 664 taskScheduler-2  | DEBUG | .a.a.c.s.NotificationScheduleService : Scheduled notify about assessed exercise submission after assessment due date for exercise 'FileUpload' (#25) at 2025-02-16T23:39:39.316646Z.
    23:42:15.744 | 664 taskScheduler-2  | DEBUG | t.c.a.a.e.s.ExerciseLifecycleService : Scheduled Task for Exercise "FileUpload" (#28) to trigger on ASSESSMENT_DUE.
    23:42:15.744 | 664 taskScheduler-2  | DEBUG | .a.a.c.s.NotificationScheduleService : Scheduled notify about assessed exercise submission after assessment due date for exercise 'FileUpload' (#28) at 2025-02-16T23:39:39.316646Z.
    23:42:15.744 | 664 taskScheduler-2  | DEBUG | t.c.a.a.e.s.ExerciseLifecycleService : Scheduled Task for Exercise "FileUpload" (#32) to trigger on ASSESSMENT_DUE.
    23:42:15.744 | 664 taskScheduler-2  | DEBUG | .a.a.c.s.NotificationScheduleService : Scheduled notify about assessed exercise submission after assessment due date for exercise 'FileUpload' (#32) at 2025-02-16T23:39:39.316646Z.
    23:42:15.744 | 664 taskScheduler-2  | DEBUG | t.c.a.a.e.s.ExerciseLifecycleService : Scheduled Task for Exercise "FileUpload" (#35) to trigger on ASSESSMENT_DUE.
    23:42:15.744 | 664 taskScheduler-2  | DEBUG | .a.a.c.s.NotificationScheduleService : Scheduled notify about assessed exercise submission after assessment due date for exercise 'FileUpload' (#35) at 2025-02-16T23:39:39.316646Z.
    23:42:15.744 | 664 taskScheduler-2  | DEBUG | t.c.a.a.e.s.ExerciseLifecycleService : Scheduled Task for Exercise "FileUpload" (#39) to trigger on ASSESSMENT_DUE.
    23:42:15.744 | 664 taskScheduler-2  | DEBUG | .a.a.c.s.NotificationScheduleService : Scheduled notify about assessed exercise submission after assessment due date for exercise 'FileUpload' (#39) at 2025-02-16T23:39:39.316646Z.
    23:42:15.744 | 664 taskScheduler-2  | DEBUG | t.c.a.a.e.s.ExerciseLifecycleService : Scheduled Task for Exercise "FileUpload" (#42) to trigger on ASSESSMENT_DUE.
    23:42:15.744 | 664 taskScheduler-2  | DEBUG | .a.a.c.s.NotificationScheduleService : Scheduled notify about assessed exercise submission after assessment due date for exercise 'FileUpload' (#42) at 2025-02-16T23:39:39.316646Z.
    23:42:15.745 | 664 taskScheduler-2  | DEBUG | t.c.a.a.e.s.ExerciseLifecycleService : Scheduled Task for Exercise "FileUpload" (#45) to trigger on ASSESSMENT_DUE.
    23:42:15.745 | 664 taskScheduler-2  | DEBUG | .a.a.c.s.NotificationScheduleService : Scheduled notify about assessed exercise submission after assessment due date for exercise 'FileUpload' (#45) at 2025-02-16T23:39:39.316646Z.
    23:42:15.745 | 664 taskScheduler-2  | DEBUG | t.c.a.a.e.s.ExerciseLifecycleService : Scheduled Task for Exercise "FileUpload" (#48) to trigger on ASSESSMENT_DUE.
    23:42:15.745 | 664 taskScheduler-2  | DEBUG | .a.a.c.s.NotificationScheduleService : Scheduled notify about assessed exercise submission after assessment due date for exercise 'FileUpload' (#48) at 2025-02-16T23:39:39.316646Z.
    23:42:15.745 | 664 taskScheduler-2  | DEBUG | t.c.a.a.e.s.ExerciseLifecycleService : Scheduled Task for Exercise "FileUpload" (#51) to trigger on ASSESSMENT_DUE.
    23:42:15.745 | 664 taskScheduler-2  | DEBUG | .a.a.c.s.NotificationScheduleService : Scheduled notify about assessed exercise submission after assessment due date for exercise 'FileUpload' (#51) at 2025-02-16T23:39:39.316646Z.
    23:42:15.745 | 664 taskScheduler-2  | DEBUG | t.c.a.a.e.s.ExerciseLifecycleService : Scheduled Task for Exercise "FileUpload" (#54) to trigger on ASSESSMENT_DUE.
    23:42:15.745 | 664 taskScheduler-2  | DEBUG | .a.a.c.s.NotificationScheduleService : Scheduled notify about assessed exercise submission after assessment due date for exercise 'FileUpload' (#54) at 2025-02-16T23:39:39.316646Z.
    23:42:15.745 | 664 taskScheduler-2  | DEBUG | t.c.a.a.e.s.ExerciseLifecycleService : Scheduled Task for Exercise "FileUpload" (#57) to trigger on ASSESSMENT_DUE.
    23:42:15.745 | 664 taskScheduler-2  | DEBUG | .a.a.c.s.NotificationScheduleService : Scheduled notify about assessed exercise submission after assessment due date for exercise 'FileUpload' (#57) at 2025-02-16T23:39:39.316646Z.
    23:42:15.745 | 664 taskScheduler-2  | DEBUG | t.c.a.a.e.s.ExerciseLifecycleService : Scheduled Task for Exercise "FileUpload" (#60) to trigger on ASSESSMENT_DUE.
    23:42:15.745 | 664 taskScheduler-2  | DEBUG | .a.a.c.s.NotificationScheduleService : Scheduled notify about assessed exercise submission after assessment due date for exercise 'FileUpload' (#60) at 2025-02-16T23:39:39.316646Z.
    23:42:15.745 | 664 taskScheduler-2  | DEBUG | t.c.a.a.e.s.ExerciseLifecycleService : Scheduled Task for Exercise "FileUpload" (#64) to trigger on ASSESSMENT_DUE.
    23:42:15.745 | 664 taskScheduler-2  | DEBUG | .a.a.c.s.NotificationScheduleService : Scheduled notify about assessed exercise submission after assessment due date for exercise 'FileUpload' (#64) at 2025-02-16T23:39:39.316646Z.
    23:42:15.746 | 664 taskScheduler-2  | DEBUG | t.c.a.a.e.s.ExerciseLifecycleService : Scheduled Task for Exercise "FileUpload" (#68) to trigger on ASSESSMENT_DUE.
    23:42:15.746 | 664 taskScheduler-2  | DEBUG | .a.a.c.s.NotificationScheduleService : Scheduled notify about assessed exercise submission after assessment due date for exercise 'FileUpload' (#68) at 2025-02-16T23:39:39.316646Z.
    23:42:15.746 | 664 taskScheduler-2  | DEBUG | t.c.a.a.e.s.ExerciseLifecycleService : Scheduled Task for Exercise "FileUpload" (#71) to trigger on ASSESSMENT_DUE.
    23:42:15.746 | 664 taskScheduler-2  | DEBUG | .a.a.c.s.NotificationScheduleService : Scheduled notify about assessed exercise submission after assessment due date for exercise 'FileUpload' (#71) at 2025-02-16T23:39:39.316646Z.
    23:42:15.746 | 664 taskScheduler-2  | DEBUG | t.c.a.a.e.s.ExerciseLifecycleService : Scheduled Task for Exercise "FileUpload" (#74) to trigger on ASSESSMENT_DUE.
    23:42:15.746 | 664 taskScheduler-2  | DEBUG | .a.a.c.s.NotificationScheduleService : Scheduled notify about assessed exercise submission after assessment due date for exercise 'FileUpload' (#74) at 2025-02-16T23:39:39.316646Z.
    23:42:15.746 | 664 taskScheduler-2  | DEBUG | t.c.a.a.e.s.ExerciseLifecycleService : Scheduled Task for Exercise "FileUpload" (#77) to trigger on ASSESSMENT_DUE.
    23:42:15.746 | 664 taskScheduler-2  | DEBUG | .a.a.c.s.NotificationScheduleService : Scheduled notify about assessed exercise submission after assessment due date for exercise 'FileUpload' (#77) at 2025-02-16T23:39:39.316646Z.
    23:42:15.746 | 664 taskScheduler-2  | DEBUG | t.c.a.a.e.s.ExerciseLifecycleService : Scheduled Task for Exercise "FileUpload" (#80) to trigger on ASSESSMENT_DUE.
    23:42:15.746 | 664 taskScheduler-2  | DEBUG | .a.a.c.s.NotificationScheduleService : Scheduled notify about assessed exercise submission after assessment due date for exercise 'FileUpload' (#80) at 2025-02-16T23:39:39.316646Z.
    23:42:15.746 | 664 taskScheduler-2  | DEBUG | t.c.a.a.e.s.ExerciseLifecycleService : Scheduled Task for Exercise "FileUpload" (#83) to trigger on ASSESSMENT_DUE.
    23:42:15.746 | 664 taskScheduler-2  | DEBUG | .a.a.c.s.NotificationScheduleService : Scheduled notify about assessed exercise submission after assessment due date for exercise 'FileUpload' (#83) at 2025-02-16T23:39:39.316646Z.
    23:42:15.746 | 664 taskScheduler-2  | DEBUG | t.c.a.a.e.s.ExerciseLifecycleService : Scheduled Task for Exercise "FileUpload" (#86) to trigger on ASSESSMENT_DUE.
    23:42:15.746 | 664 taskScheduler-2  | DEBUG | .a.a.c.s.NotificationScheduleService : Scheduled notify about assessed exercise submission after assessment due date for exercise 'FileUpload' (#86) at 2025-02-16T23:39:39.316646Z.
    23:42:15.746 | 664 taskScheduler-2  | DEBUG | t.c.a.a.e.s.ExerciseLifecycleService : Scheduled Task for Exercise "FileUpload" (#90) to trigger on ASSESSMENT_DUE.
    23:42:15.747 | 664 taskScheduler-2  | DEBUG | .a.a.c.s.NotificationScheduleService : Scheduled notify about assessed exercise submission after assessment due date for exercise 'FileUpload' (#90) at 2025-02-16T23:39:39.316646Z.
    23:42:15.747 | 664 taskScheduler-2  | DEBUG | t.c.a.a.e.s.ExerciseLifecycleService : Scheduled Task for Exercise "FileUpload" (#94) to trigger on ASSESSMENT_DUE.
    23:42:15.747 | 664 taskScheduler-2  | DEBUG | .a.a.c.s.NotificationScheduleService : Scheduled notify about assessed exercise submission after assessment due date for exercise 'FileUpload' (#94) at 2025-02-16T23:39:39.316646Z.
    23:42:15.747 | 664 taskScheduler-2  | DEBUG | t.c.a.a.e.s.ExerciseLifecycleService : Scheduled Task for Exercise "FileUpload" (#97) to trigger on ASSESSMENT_DUE.
    23:42:15.747 | 664 taskScheduler-2  | DEBUG | .a.a.c.s.NotificationScheduleService : Scheduled notify about assessed exercise submission after assessment due date for exercise 'FileUpload' (#97) at 2025-02-16T23:39:39.316646Z.
    23:42:15.747 | 664 taskScheduler-2  | DEBUG | t.c.a.a.e.s.ExerciseLifecycleService : Scheduled Task for Exercise "FileUpload" (#100) to trigger on ASSESSMENT_DUE.
    23:42:15.747 | 664 taskScheduler-2  | DEBUG | .a.a.c.s.NotificationScheduleService : Scheduled notify about assessed exercise submission after assessment due date for exercise 'FileUpload' (#100) at 2025-02-16T23:39:39.316646Z.
    23:42:15.747 | 664 taskScheduler-2  | DEBUG | t.c.a.a.e.s.ExerciseLifecycleService : Scheduled Task for Exercise "FileUpload" (#104) to trigger on ASSESSMENT_DUE.
    23:42:15.747 | 664 taskScheduler-2  | DEBUG | .a.a.c.s.NotificationScheduleService : Scheduled notify about assessed exercise submission after assessment due date for exercise 'FileUpload' (#104) at 2025-02-16T23:39:39.316646Z.
    23:42:15.747 | 664 taskScheduler-2  | DEBUG | t.c.a.a.e.s.ExerciseLifecycleService : Scheduled Task for Exercise "FileUpload" (#107) to trigger on ASSESSMENT_DUE.
    23:42:15.747 | 664 taskScheduler-2  | DEBUG | .a.a.c.s.NotificationScheduleService : Scheduled notify about assessed exercise submission after assessment due date for exercise 'FileUpload' (#107) at 2025-02-16T23:39:39.316646Z.
    23:42:15.747 | 664 taskScheduler-2  | DEBUG | t.c.a.a.e.s.ExerciseLifecycleService : Scheduled Task for Exercise "FileUpload" (#110) to trigger on ASSESSMENT_DUE.
    23:42:15.747 | 664 taskScheduler-2  | DEBUG | .a.a.c.s.NotificationScheduleService : Scheduled notify about assessed exercise submission after assessment due date for exercise 'FileUpload' (#110) at 2025-02-16T23:39:39.316646Z.
    23:42:15.747 | 664 taskScheduler-2  | DEBUG | t.c.a.a.e.s.ExerciseLifecycleService : Scheduled Task for Exercise "FileUpload" (#113) to trigger on ASSESSMENT_DUE.
    23:42:15.747 | 664 taskScheduler-2  | DEBUG | .a.a.c.s.NotificationScheduleService : Scheduled notify about assessed exercise submission after assessment due date for exercise 'FileUpload' (#113) at 2025-02-16T23:39:39.316646Z.
    23:42:15.748 | 664 taskScheduler-2  | DEBUG | t.c.a.a.e.s.ExerciseLifecycleService : Scheduled Task for Exercise "FileUpload" (#116) to trigger on ASSESSMENT_DUE.
    23:42:15.748 | 664 taskScheduler-2  | DEBUG | .a.a.c.s.NotificationScheduleService : Scheduled notify about assessed exercise submission after assessment due date for exercise 'FileUpload' (#116) at 2025-02-16T23:39:39.316646Z.
    23:42:15.748 | 664 taskScheduler-2  | DEBUG | t.c.a.a.e.s.ExerciseLifecycleService : Scheduled Task for Exercise "FileUpload" (#120) to trigger on ASSESSMENT_DUE.
    23:42:15.748 | 664 taskScheduler-2  | DEBUG | .a.a.c.s.NotificationScheduleService : Scheduled notify about assessed exercise submission after assessment due date for exercise 'FileUpload' (#120) at 2025-02-16T23:39:39.316646Z.
    23:42:15.748 | 664 taskScheduler-2  | DEBUG | t.c.a.a.e.s.ExerciseLifecycleService : Scheduled Task for Exercise "FileUpload" (#123) to trigger on ASSESSMENT_DUE.
    23:42:15.748 | 664 taskScheduler-2  | DEBUG | .a.a.c.s.NotificationScheduleService : Scheduled notify about assessed exercise submission after assessment due date for exercise 'FileUpload' (#123) at 2025-02-16T23:39:39.316646Z.
    23:42:15.748 | 664 taskScheduler-2  | DEBUG | t.c.a.a.e.s.ExerciseLifecycleService : Scheduled Task for Exercise "FileUpload" (#126) to trigger on ASSESSMENT_DUE.
    23:42:15.748 | 664 taskScheduler-2  | DEBUG | .a.a.c.s.NotificationScheduleService : Scheduled notify about assessed exercise submission after assessment due date for exercise 'FileUpload' (#126) at 2025-02-16T23:39:39.316646Z.
    23:42:15.748 | 664 taskScheduler-2  | DEBUG | t.c.a.a.e.s.ExerciseLifecycleService : Scheduled Task for Exercise "FileUpload" (#129) to trigger on ASSESSMENT_DUE.
    23:42:15.748 | 664 taskScheduler-2  | DEBUG | .a.a.c.s.NotificationScheduleService : Scheduled notify about assessed exercise submission after assessment due date for exercise 'FileUpload' (#129) at 2025-02-16T23:39:39.316646Z.
    23:42:15.748 | 664 taskScheduler-2  | DEBUG | t.c.a.a.e.s.ExerciseLifecycleService : Scheduled Task for Exercise "FileUpload" (#133) to trigger on ASSESSMENT_DUE.
    23:42:15.748 | 664 taskScheduler-2  | DEBUG | .a.a.c.s.NotificationScheduleService : Scheduled notify about assessed exercise submission after assessment due date for exercise 'FileUpload' (#133) at 2025-02-16T23:39:39.316646Z.
    23:42:15.748 | 664 taskScheduler-2  | DEBUG | t.c.a.a.e.s.ExerciseLifecycleService : Scheduled Task for Exercise "FileUpload" (#136) to trigger on ASSESSMENT_DUE.
    23:42:15.748 | 664 taskScheduler-2  | DEBUG | .a.a.c.s.NotificationScheduleService : Scheduled notify about assessed exercise submission after assessment due date for exercise 'FileUpload' (#136) at 2025-02-16T23:39:39.316646Z.
    23:42:15.748 | 664 taskScheduler-2  | DEBUG | t.c.a.a.e.s.ExerciseLifecycleService : Scheduled Task for Exercise "FileUpload" (#139) to trigger on ASSESSMENT_DUE.
    23:42:15.748 | 664 taskScheduler-2  | DEBUG | .a.a.c.s.NotificationScheduleService : Scheduled notify about assessed exercise submission after assessment due date for exercise 'FileUpload' (#139) at 2025-02-16T23:39:39.316646Z.
    23:42:15.748 | 664 taskScheduler-2  | DEBUG | t.c.a.a.e.s.ExerciseLifecycleService : Scheduled Task for Exercise "FileUpload" (#142) to trigger on ASSESSMENT_DUE.
    23:42:15.748 | 664 taskScheduler-2  | DEBUG | .a.a.c.s.NotificationScheduleService : Scheduled notify about assessed exercise submission after assessment due date for exercise 'FileUpload' (#142) at 2025-02-16T23:39:39.316646Z.
    23:42:15.749 | 664 taskScheduler-2  | DEBUG | t.c.a.a.e.s.ExerciseLifecycleService : Scheduled Task for Exercise "FileUpload" (#145) to trigger on ASSESSMENT_DUE.
    23:42:15.749 | 664 taskScheduler-2  | DEBUG | .a.a.c.s.NotificationScheduleService : Scheduled notify about assessed exercise submission after assessment due date for exercise 'FileUpload' (#145) at 2025-02-16T23:39:39.316646Z.
    23:42:15.749 | 664 taskScheduler-2  | DEBUG | t.c.a.a.e.s.ExerciseLifecycleService : Scheduled Task for Exercise "FileUpload" (#148) to trigger on ASSESSMENT_DUE.
    23:42:15.749 | 664 taskScheduler-2  | DEBUG | .a.a.c.s.NotificationScheduleService : Scheduled notify about assessed exercise submission after assessment due date for exercise 'FileUpload' (#148) at 2025-02-16T23:39:39.316646Z.
    23:42:15.749 | 664 taskScheduler-2  | DEBUG | t.c.a.a.e.s.ExerciseLifecycleService : Scheduled Task for Exercise "Modeling" (#1) to trigger on ASSESSMENT_DUE.
    23:42:15.749 | 664 taskScheduler-2  | DEBUG | .a.a.c.s.NotificationScheduleService : Scheduled notify about assessed exercise submission after assessment due date for exercise 'Modeling' (#1) at 2025-02-16T23:39:39.316646Z.
    23:42:15.749 | 664 taskScheduler-2  | DEBUG | t.c.a.a.e.s.ExerciseLifecycleService : Scheduled Task for Exercise "Text" (#2) to trigger on ASSESSMENT_DUE.
    23:42:15.749 | 664 taskScheduler-2  | DEBUG | .a.a.c.s.NotificationScheduleService : Scheduled notify about assessed exercise submission after assessment due date for exercise 'Text' (#2) at 2025-02-16T23:39:39.316646Z.
    23:42:15.749 | 664 taskScheduler-2  | DEBUG | t.c.a.a.e.s.ExerciseLifecycleService : Scheduled Task for Exercise "Modeling" (#4) to trigger on ASSESSMENT_DUE.
    23:42:15.749 | 664 taskScheduler-2  | DEBUG | .a.a.c.s.NotificationScheduleService : Scheduled notify about assessed exercise submission after assessment due date for exercise 'Modeling' (#4) at 2025-02-16T23:39:39.316646Z.
    23:42:15.749 | 664 taskScheduler-2  | DEBUG | t.c.a.a.e.s.ExerciseLifecycleService : Scheduled Task for Exercise "Text" (#5) to trigger on ASSESSMENT_DUE.
    23:42:15.749 | 664 taskScheduler-2  | DEBUG | .a.a.c.s.NotificationScheduleService : Scheduled notify about assessed exercise submission after assessment due date for exercise 'Text' (#5) at 2025-02-16T23:39:39.316646Z.
    23:42:15.749 | 664 taskScheduler-2  | DEBUG | t.c.a.a.e.s.ExerciseLifecycleService : Scheduled Task for Exercise "Modeling" (#7) to trigger on ASSESSMENT_DUE.
    23:42:15.753 | 664 taskScheduler-2  | DEBUG | .a.a.c.s.NotificationScheduleService : Scheduled notify about assessed exercise submission after assessment due date for exercise 'Modeling' (#7) at 2025-02-16T23:39:39.316646Z.
    23:42:15.753 | 664 taskScheduler-2  | DEBUG | t.c.a.a.e.s.ExerciseLifecycleService : Scheduled Task for Exercise "Text" (#8) to trigger on ASSESSMENT_DUE.
    23:42:15.753 | 664 taskScheduler-2  | DEBUG | .a.a.c.s.NotificationScheduleService : Scheduled notify about assessed exercise submission after assessment due date for exercise 'Text' (#8) at 2025-02-16T23:39:39.316646Z.
    23:42:15.753 | 664 taskScheduler-2  | DEBUG | t.c.a.a.e.s.ExerciseLifecycleService : Scheduled Task for Exercise "Modeling" (#10) to trigger on ASSESSMENT_DUE.
    23:42:15.753 | 664 taskScheduler-2  | DEBUG | .a.a.c.s.NotificationScheduleService : Scheduled notify about assessed exercise submission after assessment due date for exercise 'Modeling' (#10) at 2025-02-16T23:39:39.316646Z.
    23:42:15.753 | 664 taskScheduler-2  | DEBUG | t.c.a.a.e.s.ExerciseLifecycleService : Scheduled Task for Exercise "Text" (#11) to trigger on ASSESSMENT_DUE.
    23:42:15.753 | 664 taskScheduler-2  | DEBUG | .a.a.c.s.NotificationScheduleService : Scheduled notify about assessed exercise submission after assessment due date for exercise 'Text' (#11) at 2025-02-16T23:39:39.316646Z.
    23:42:15.753 | 664 taskScheduler-2  | DEBUG | t.c.a.a.e.s.ExerciseLifecycleService : Scheduled Task for Exercise "Modeling" (#13) to trigger on ASSESSMENT_DUE.
    23:42:15.753 | 664 taskScheduler-2  | DEBUG | .a.a.c.s.NotificationScheduleService : Scheduled notify about assessed exercise submission after assessment due date for exercise 'Modeling' (#13) at 2025-02-16T23:39:39.316646Z.
    23:42:15.753 | 664 taskScheduler-2  | DEBUG | t.c.a.a.e.s.ExerciseLifecycleService : Scheduled Task for Exercise "Text" (#14) to trigger on ASSESSMENT_DUE.
    23:42:15.753 | 664 taskScheduler-2  | DEBUG | .a.a.c.s.NotificationScheduleService : Scheduled notify about assessed exercise submission after assessment due date for exercise 'Text' (#14) at 2025-02-16T23:39:39.316646Z.
    23:42:15.753 | 664 taskScheduler-2  | DEBUG | t.c.a.a.e.s.ExerciseLifecycleService : Scheduled Task for Exercise "Modeling" (#17) to trigger on ASSESSMENT_DUE.
    23:42:15.753 | 664 taskScheduler-2  | DEBUG | .a.a.c.s.NotificationScheduleService : Scheduled notify about assessed exercise submission after assessment due date for exercise 'Modeling' (#17) at 2025-02-16T23:39:39.316646Z.
    23:42:15.753 | 664 taskScheduler-2  | DEBUG | t.c.a.a.e.s.ExerciseLifecycleService : Scheduled Task for Exercise "Text" (#18) to trigger on ASSESSMENT_DUE.
    23:42:15.754 | 664 taskScheduler-2  | DEBUG | .a.a.c.s.NotificationScheduleService : Scheduled notify about assessed exercise submission after assessment due date for exercise 'Text' (#18) at 2025-02-16T23:39:39.316646Z.
    23:42:15.754 | 664 taskScheduler-2  | DEBUG | t.c.a.a.e.s.ExerciseLifecycleService : Scheduled Task for Exercise "Modeling" (#20) to trigger on ASSESSMENT_DUE.
    23:42:15.754 | 664 taskScheduler-2  | DEBUG | .a.a.c.s.NotificationScheduleService : Scheduled notify about assessed exercise submission after assessment due date for exercise 'Modeling' (#20) at 2025-02-16T23:39:39.316646Z.
    23:42:15.754 | 664 taskScheduler-2  | DEBUG | t.c.a.a.e.s.ExerciseLifecycleService : Scheduled Task for Exercise "Text" (#21) to trigger on ASSESSMENT_DUE.
    23:42:15.754 | 664 taskScheduler-2  | DEBUG | .a.a.c.s.NotificationScheduleService : Scheduled notify about assessed exercise submission after assessment due date for exercise 'Text' (#21) at 2025-02-16T23:39:39.316646Z.
    23:42:15.754 | 664 taskScheduler-2  | DEBUG | t.c.a.a.e.s.ExerciseLifecycleService : Scheduled Task for Exercise "Text" (#24) to trigger on ASSESSMENT_DUE.
    23:42:15.754 | 664 taskScheduler-2  | DEBUG | .a.a.c.s.NotificationScheduleService : Scheduled notify about assessed exercise submission after assessment due date for exercise 'Text' (#24) at 2025-02-16T23:39:39.316646Z.
    23:42:15.754 | 664 taskScheduler-2  | DEBUG | t.c.a.a.e.s.ExerciseLifecycleService : Scheduled Task for Exercise "Modeling" (#26) to trigger on ASSESSMENT_DUE.
    23:42:15.754 | 664 taskScheduler-2  | DEBUG | .a.a.c.s.NotificationScheduleService : Scheduled notify about assessed exercise submission after assessment due date for exercise 'Modeling' (#26) at 2025-02-16T23:39:39.316646Z.
    23:42:15.754 | 664 taskScheduler-2  | DEBUG | t.c.a.a.e.s.ExerciseLifecycleService : Scheduled Task for Exercise "Text" (#27) to trigger on ASSESSMENT_DUE.
    23:42:15.754 | 664 taskScheduler-2  | DEBUG | .a.a.c.s.NotificationScheduleService : Scheduled notify about assessed exercise submission after assessment due date for exercise 'Text' (#27) at 2025-02-16T23:39:39.316646Z.
    23:42:15.754 | 664 taskScheduler-2  | DEBUG | t.c.a.a.e.s.ExerciseLifecycleService : Scheduled Task for Exercise "Modeling" (#30) to trigger on ASSESSMENT_DUE.
    23:42:15.754 | 664 taskScheduler-2  | DEBUG | .a.a.c.s.NotificationScheduleService : Scheduled notify about assessed exercise submission after assessment due date for exercise 'Modeling' (#30) at 2025-02-16T23:39:39.316646Z.
    23:42:15.754 | 664 taskScheduler-2  | DEBUG | t.c.a.a.e.s.ExerciseLifecycleService : Scheduled Task for Exercise "Text" (#31) to trigger on ASSESSMENT_DUE.
    23:42:15.754 | 664 taskScheduler-2  | DEBUG | .a.a.c.s.NotificationScheduleService : Scheduled notify about assessed exercise submission after assessment due date for exercise 'Text' (#31) at 2025-02-16T23:39:39.316646Z.
    23:42:15.755 | 664 taskScheduler-2  | DEBUG | t.c.a.a.e.s.ExerciseLifecycleService : Scheduled Task for Exercise "Modeling" (#33) to trigger on ASSESSMENT_DUE.
    23:42:15.755 | 664 taskScheduler-2  | DEBUG | .a.a.c.s.NotificationScheduleService : Scheduled notify about assessed exercise submission after assessment due date for exercise 'Modeling' (#33) at 2025-02-16T23:39:39.316646Z.
    23:42:15.755 | 664 taskScheduler-2  | DEBUG | t.c.a.a.e.s.ExerciseLifecycleService : Scheduled Task for Exercise "Text" (#34) to trigger on ASSESSMENT_DUE.
    23:42:15.755 | 664 taskScheduler-2  | DEBUG | .a.a.c.s.NotificationScheduleService : Scheduled notify about assessed exercise submission after assessment due date for exercise 'Text' (#34) at 2025-02-16T23:39:39.316646Z.
    23:42:15.755 | 664 taskScheduler-2  | DEBUG | t.c.a.a.e.s.ExerciseLifecycleService : Scheduled Task for Exercise "Modeling" (#37) to trigger on ASSESSMENT_DUE.
    23:42:15.755 | 664 taskScheduler-2  | DEBUG | .a.a.c.s.NotificationScheduleService : Scheduled notify about assessed exercise submission after assessment due date for exercise 'Modeling' (#37) at 2025-02-16T23:39:39.316646Z.
    23:42:15.755 | 664 taskScheduler-2  | DEBUG | t.c.a.a.e.s.ExerciseLifecycleService : Scheduled Task for Exercise "Text" (#38) to trigger on ASSESSMENT_DUE.
    23:42:15.755 | 664 taskScheduler-2  | DEBUG | .a.a.c.s.NotificationScheduleService : Scheduled notify about assessed exercise submission after assessment due date for exercise 'Text' (#38) at 2025-02-16T23:39:39.316646Z.
    23:42:15.755 | 664 taskScheduler-2  | DEBUG | t.c.a.a.e.s.ExerciseLifecycleService : Scheduled Task for Exercise "Modeling" (#40) to trigger on ASSESSMENT_DUE.
    23:42:15.755 | 664 taskScheduler-2  | DEBUG | .a.a.c.s.NotificationScheduleService : Scheduled notify about assessed exercise submission after assessment due date for exercise 'Modeling' (#40) at 2025-02-16T23:39:39.316646Z.
    23:42:15.755 | 664 taskScheduler-2  | DEBUG | t.c.a.a.e.s.ExerciseLifecycleService : Scheduled Task for Exercise "Text" (#41) to trigger on ASSESSMENT_DUE.
    23:42:15.755 | 664 taskScheduler-2  | DEBUG | .a.a.c.s.NotificationScheduleService : Scheduled notify about assessed exercise submission after assessment due date for exercise 'Text' (#41) at 2025-02-16T23:39:39.316646Z.
    23:42:15.755 | 664 taskScheduler-2  | DEBUG | t.c.a.a.e.s.ExerciseLifecycleService : Scheduled Task for Exercise "Modeling" (#43) to trigger on ASSESSMENT_DUE.
    23:42:15.755 | 664 taskScheduler-2  | DEBUG | .a.a.c.s.NotificationScheduleService : Scheduled notify about assessed exercise submission after assessment due date for exercise 'Modeling' (#43) at 2025-02-16T23:39:39.316646Z.
    23:42:15.755 | 664 taskScheduler-2  | DEBUG | t.c.a.a.e.s.ExerciseLifecycleService : Scheduled Task for Exercise "Text" (#44) to trigger on ASSESSMENT_DUE.
    23:42:15.755 | 664 taskScheduler-2  | DEBUG | .a.a.c.s.NotificationScheduleService : Scheduled notify about assessed exercise submission after assessment due date for exercise 'Text' (#44) at 2025-02-16T23:39:39.316646Z.
    23:42:15.755 | 664 taskScheduler-2  | DEBUG | t.c.a.a.e.s.ExerciseLifecycleService : Scheduled Task for Exercise "Text" (#47) to trigger on ASSESSMENT_DUE.
    23:42:15.755 | 664 taskScheduler-2  | DEBUG | .a.a.c.s.NotificationScheduleService : Scheduled notify about assessed exercise submission after assessment due date for exercise 'Text' (#47) at 2025-02-16T23:39:39.316646Z.
    23:42:15.756 | 664 taskScheduler-2  | DEBUG | t.c.a.a.e.s.ExerciseLifecycleService : Scheduled Task for Exercise "Modeling" (#49) to trigger on ASSESSMENT_DUE.
    23:42:15.759 | 664 taskScheduler-2  | DEBUG | .a.a.c.s.NotificationScheduleService : Scheduled notify about assessed exercise submission after assessment due date for exercise 'Modeling' (#49) at 2025-02-16T23:39:39.316646Z.
    23:42:15.762 | 664 taskScheduler-2  | DEBUG | t.c.a.a.e.s.ExerciseLifecycleService : Scheduled Task for Exercise "Text" (#50) to trigger on ASSESSMENT_DUE.
    23:42:15.762 | 664 taskScheduler-2  | DEBUG | .a.a.c.s.NotificationScheduleService : Scheduled notify about assessed exercise submission after assessment due date for exercise 'Text' (#50) at 2025-02-16T23:39:39.316646Z.
    23:42:15.762 | 664 taskScheduler-2  | DEBUG | t.c.a.a.e.s.ExerciseLifecycleService : Scheduled Task for Exercise "Modeling" (#52) to trigger on ASSESSMENT_DUE.
    23:42:15.762 | 664 taskScheduler-2  | DEBUG | .a.a.c.s.NotificationScheduleService : Scheduled notify about assessed exercise submission after assessment due date for exercise 'Modeling' (#52) at 2025-02-16T23:39:39.316646Z.
    23:42:15.762 | 664 taskScheduler-2  | DEBUG | t.c.a.a.e.s.ExerciseLifecycleService : Scheduled Task for Exercise "Text" (#53) to trigger on ASSESSMENT_DUE.
    23:42:15.762 | 664 taskScheduler-2  | DEBUG | .a.a.c.s.NotificationScheduleService : Scheduled notify about assessed exercise submission after assessment due date for exercise 'Text' (#53) at 2025-02-16T23:39:39.316646Z.
    23:42:15.762 | 664 taskScheduler-2  | DEBUG | t.c.a.a.e.s.ExerciseLifecycleService : Scheduled Task for Exercise "Modeling" (#55) to trigger on ASSESSMENT_DUE.
    23:42:15.762 | 664 taskScheduler-2  | DEBUG | .a.a.c.s.NotificationScheduleService : Scheduled notify about assessed exercise submission after assessment due date for exercise 'Modeling' (#55) at 2025-02-16T23:39:39.316646Z.
    23:42:15.762 | 664 taskScheduler-2  | DEBUG | t.c.a.a.e.s.ExerciseLifecycleService : Scheduled Task for Exercise "Text" (#56) to trigger on ASSESSMENT_DUE.
    23:42:15.762 | 664 taskScheduler-2  | DEBUG | .a.a.c.s.NotificationScheduleService : Scheduled notify about assessed exercise submission after assessment due date for exercise 'Text' (#56) at 2025-02-16T23:39:39.316646Z.
    23:42:15.763 | 664 taskScheduler-2  | DEBUG | t.c.a.a.e.s.ExerciseLifecycleService : Scheduled Task for Exercise "Modeling" (#58) to trigger on ASSESSMENT_DUE.
    23:42:15.763 | 664 taskScheduler-2  | DEBUG | .a.a.c.s.NotificationScheduleService : Scheduled notify about assessed exercise submission after assessment due date for exercise 'Modeling' (#58) at 2025-02-16T23:39:39.316646Z.
    23:42:15.763 | 664 taskScheduler-2  | DEBUG | t.c.a.a.e.s.ExerciseLifecycleService : Scheduled Task for Exercise "Text" (#59) to trigger on ASSESSMENT_DUE.
    23:42:15.763 | 664 taskScheduler-2  | DEBUG | .a.a.c.s.NotificationScheduleService : Scheduled notify about assessed exercise submission after assessment due date for exercise 'Text' (#59) at 2025-02-16T23:39:39.316646Z.
    23:42:15.763 | 664 taskScheduler-2  | DEBUG | t.c.a.a.e.s.ExerciseLifecycleService : Scheduled Task for Exercise "Modeling" (#62) to trigger on ASSESSMENT_DUE.
    23:42:15.763 | 664 taskScheduler-2  | DEBUG | .a.a.c.s.NotificationScheduleService : Scheduled notify about assessed exercise submission after assessment due date for exercise 'Modeling' (#62) at 2025-02-16T23:39:39.316646Z.
    23:42:15.763 | 664 taskScheduler-2  | DEBUG | t.c.a.a.e.s.ExerciseLifecycleService : Scheduled Task for Exercise "Text" (#63) to trigger on ASSESSMENT_DUE.
    23:42:15.763 | 664 taskScheduler-2  | DEBUG | .a.a.c.s.NotificationScheduleService : Scheduled notify about assessed exercise submission after assessment due date for exercise 'Text' (#63) at 2025-02-16T23:39:39.316646Z.
    23:42:15.763 | 664 taskScheduler-2  | DEBUG | t.c.a.a.e.s.ExerciseLifecycleService : Scheduled Task for Exercise "Text" (#67) to trigger on ASSESSMENT_DUE.
    23:42:15.763 | 664 taskScheduler-2  | DEBUG | .a.a.c.s.NotificationScheduleService : Scheduled notify about assessed exercise submission after assessment due date for exercise 'Text' (#67) at 2025-02-16T23:39:39.316646Z.
    23:42:15.763 | 664 taskScheduler-2  | DEBUG | t.c.a.a.e.s.ExerciseLifecycleService : Scheduled Task for Exercise "Modeling" (#69) to trigger on ASSESSMENT_DUE.
    23:42:15.763 | 664 taskScheduler-2  | DEBUG | .a.a.c.s.NotificationScheduleService : Scheduled notify about assessed exercise submission after assessment due date for exercise 'Modeling' (#69) at 2025-02-16T23:39:39.316646Z.
    23:42:15.763 | 664 taskScheduler-2  | DEBUG | t.c.a.a.e.s.ExerciseLifecycleService : Scheduled Task for Exercise "Text" (#70) to trigger on ASSESSMENT_DUE.
    23:42:15.763 | 664 taskScheduler-2  | DEBUG | .a.a.c.s.NotificationScheduleService : Scheduled notify about assessed exercise submission after assessment due date for exercise 'Text' (#70) at 2025-02-16T23:39:39.316646Z.
    23:42:15.763 | 664 taskScheduler-2  | DEBUG | t.c.a.a.e.s.ExerciseLifecycleService : Scheduled Task for Exercise "Text" (#73) to trigger on ASSESSMENT_DUE.
    23:42:15.763 | 664 taskScheduler-2  | DEBUG | .a.a.c.s.NotificationScheduleService : Scheduled notify about assessed exercise submission after assessment due date for exercise 'Text' (#73) at 2025-02-16T23:39:39.316646Z.
    23:42:15.764 | 664 taskScheduler-2  | DEBUG | t.c.a.a.e.s.ExerciseLifecycleService : Scheduled Task for Exercise "Modeling" (#75) to trigger on ASSESSMENT_DUE.
    23:42:15.764 | 664 taskScheduler-2  | DEBUG | .a.a.c.s.NotificationScheduleService : Scheduled notify about assessed exercise submission after assessment due date for exercise 'Modeling' (#75) at 2025-02-16T23:39:39.316646Z.
    23:42:15.764 | 664 taskScheduler-2  | DEBUG | t.c.a.a.e.s.ExerciseLifecycleService : Scheduled Task for Exercise "Text" (#76) to trigger on ASSESSMENT_DUE.
    23:42:15.764 | 664 taskScheduler-2  | DEBUG | .a.a.c.s.NotificationScheduleService : Scheduled notify about assessed exercise submission after assessment due date for exercise 'Text' (#76) at 2025-02-16T23:39:39.316646Z.
    23:42:15.764 | 664 taskScheduler-2  | DEBUG | t.c.a.a.e.s.ExerciseLifecycleService : Scheduled Task for Exercise "Modeling" (#78) to trigger on ASSESSMENT_DUE.
    23:42:15.764 | 664 taskScheduler-2  | DEBUG | .a.a.c.s.NotificationScheduleService : Scheduled notify about assessed exercise submission after assessment due date for exercise 'Modeling' (#78) at 2025-02-16T23:39:39.316646Z.
    23:42:15.764 | 664 taskScheduler-2  | DEBUG | t.c.a.a.e.s.ExerciseLifecycleService : Scheduled Task for Exercise "Text" (#79) to trigger on ASSESSMENT_DUE.
    23:42:15.764 | 664 taskScheduler-2  | DEBUG | .a.a.c.s.NotificationScheduleService : Scheduled notify about assessed exercise submission after assessment due date for exercise 'Text' (#79) at 2025-02-16T23:39:39.316646Z.
    23:42:15.764 | 664 taskScheduler-2  | DEBUG | t.c.a.a.e.s.ExerciseLifecycleService : Scheduled Task for Exercise "Modeling" (#81) to trigger on ASSESSMENT_DUE.
    23:42:15.764 | 664 taskScheduler-2  | DEBUG | .a.a.c.s.NotificationScheduleService : Scheduled notify about assessed exercise submission after assessment due date for exercise 'Modeling' (#81) at 2025-02-16T23:39:39.316646Z.
    23:42:15.764 | 664 taskScheduler-2  | DEBUG | t.c.a.a.e.s.ExerciseLifecycleService : Scheduled Task for Exercise "Text" (#82) to trigger on ASSESSMENT_DUE.
    23:42:15.764 | 664 taskScheduler-2  | DEBUG | .a.a.c.s.NotificationScheduleService : Scheduled notify about assessed exercise submission after assessment due date for exercise 'Text' (#82) at 2025-02-16T23:39:39.316646Z.
    23:42:15.764 | 664 taskScheduler-2  | DEBUG | t.c.a.a.e.s.ExerciseLifecycleService : Scheduled Task for Exercise "Modeling" (#84) to trigger on ASSESSMENT_DUE.
    23:42:15.764 | 664 taskScheduler-2  | DEBUG | .a.a.c.s.NotificationScheduleService : Scheduled notify about assessed exercise submission after assessment due date for exercise 'Modeling' (#84) at 2025-02-16T23:39:39.316646Z.
    23:42:15.764 | 664 taskScheduler-2  | DEBUG | t.c.a.a.e.s.ExerciseLifecycleService : Scheduled Task for Exercise "Text" (#85) to trigger on ASSESSMENT_DUE.
    23:42:15.764 | 664 taskScheduler-2  | DEBUG | .a.a.c.s.NotificationScheduleService : Scheduled notify about assessed exercise submission after assessment due date for exercise 'Text' (#85) at 2025-02-16T23:39:39.316646Z.
    23:42:15.765 | 664 taskScheduler-2  | DEBUG | t.c.a.a.e.s.ExerciseLifecycleService : Scheduled Task for Exercise "Modeling" (#88) to trigger on ASSESSMENT_DUE.
    23:42:15.765 | 664 taskScheduler-2  | DEBUG | .a.a.c.s.NotificationScheduleService : Scheduled notify about assessed exercise submission after assessment due date for exercise 'Modeling' (#88) at 2025-02-16T23:39:39.316646Z.
    23:42:15.770 | 664 taskScheduler-2  | DEBUG | t.c.a.a.e.s.ExerciseLifecycleService : Scheduled Task for Exercise "Text" (#89) to trigger on ASSESSMENT_DUE.
    23:42:15.770 | 664 taskScheduler-2  | DEBUG | .a.a.c.s.NotificationScheduleService : Scheduled notify about assessed exercise submission after assessment due date for exercise 'Text' (#89) at 2025-02-16T23:39:39.316646Z.
    23:42:15.771 | 664 taskScheduler-2  | DEBUG | t.c.a.a.e.s.ExerciseLifecycleService : Scheduled Task for Exercise "Modeling" (#92) to trigger on ASSESSMENT_DUE.
    23:42:15.771 | 664 taskScheduler-2  | DEBUG | .a.a.c.s.NotificationScheduleService : Scheduled notify about assessed exercise submission after assessment due date for exercise 'Modeling' (#92) at 2025-02-16T23:39:39.316646Z.
    23:42:15.771 | 664 taskScheduler-2  | DEBUG | t.c.a.a.e.s.ExerciseLifecycleService : Scheduled Task for Exercise "Text" (#93) to trigger on ASSESSMENT_DUE.
    23:42:15.771 | 664 taskScheduler-2  | DEBUG | .a.a.c.s.NotificationScheduleService : Scheduled notify about assessed exercise submission after assessment due date for exercise 'Text' (#93) at 2025-02-16T23:39:39.316646Z.
    23:42:15.771 | 664 taskScheduler-2  | DEBUG | t.c.a.a.e.s.ExerciseLifecycleService : Scheduled Task for Exercise "Modeling" (#95) to trigger on ASSESSMENT_DUE.
    23:42:15.771 | 664 taskScheduler-2  | DEBUG | .a.a.c.s.NotificationScheduleService : Scheduled notify about assessed exercise submission after assessment due date for exercise 'Modeling' (#95) at 2025-02-16T23:39:39.316646Z.
    23:42:15.767 |  28 nPool-1-worker-2 | DEBUG | utorialGroupChannelManagementService : Granted teaching assistant with id 13 moderator role for the channel with id 51 of the tutorial group with id 55
    23:42:15.771 |  28 nPool-1-worker-2 | DEBUG | utorialGroupChannelManagementService : Setup channel for tutorial group with id 55 with channel id 51
    23:42:15.772 |  28 nPool-1-worker-2 | INFO  | i.z.t.d.l.EmbeddedDatabaseReporter   : JDBC URL to connect to 'dataSource': url='jdbc:h2:tcp://localhost:41063/mem:df70fc46-7e57-4cb5-9cd0-c1d90c14afa7;USER=sa', scope='TutorialGroupIntegrationTest#getAllForCourse_asInstructorOfCourse_shouldShowPrivateInformation'
    23:42:15.775 | 664 taskScheduler-2  | DEBUG | t.c.a.a.e.s.ExerciseLifecycleService : Scheduled Task for Exercise "Text" (#96) to trigger on ASSESSMENT_DUE.
    23:42:15.775 | 664 taskScheduler-2  | DEBUG | .a.a.c.s.NotificationScheduleService : Scheduled notify about assessed exercise submission after assessment due date for exercise 'Text' (#96) at 2025-02-16T23:39:39.316646Z.
    23:42:15.775 | 664 taskScheduler-2  | DEBUG | t.c.a.a.e.s.ExerciseLifecycleService : Scheduled Task for Exercise "Modeling" (#98) to trigger on ASSESSMENT_DUE.
    23:42:15.775 | 664 taskScheduler-2  | DEBUG | .a.a.c.s.NotificationScheduleService : Scheduled notify about assessed exercise submission after assessment due date for exercise 'Modeling' (#98) at 2025-02-16T23:39:39.316646Z.
    23:42:15.775 | 664 taskScheduler-2  | DEBUG | t.c.a.a.e.s.ExerciseLifecycleService : Scheduled Task for Exercise "Text" (#99) to trigger on ASSESSMENT_DUE.
    23:42:15.775 | 664 taskScheduler-2  | DEBUG | .a.a.c.s.NotificationScheduleService : Scheduled notify about assessed exercise submission after assessment due date for exercise 'Text' (#99) at 2025-02-16T23:39:39.316646Z.
    23:42:15.775 | 664 taskScheduler-2  | DEBUG | t.c.a.a.e.s.ExerciseLifecycleService : Scheduled Task for Exercise "Modeling" (#102) to trigger on ASSESSMENT_DUE.
    23:42:15.775 | 664 taskScheduler-2  | DEBUG | .a.a.c.s.NotificationScheduleService : Scheduled notify about assessed exercise submission after assessment due date for exercise 'Modeling' (#102) at 2025-02-16T23:39:39.316646Z.
    23:42:15.776 | 664 taskScheduler-2  | DEBUG | t.c.a.a.e.s.ExerciseLifecycleService : Scheduled Task for Exercise "Text" (#103) to trigger on ASSESSMENT_DUE.
    23:42:15.776 | 664 taskScheduler-2  | DEBUG | .a.a.c.s.NotificationScheduleService : Scheduled notify about assessed exercise submission after assessment due date for exercise 'Text' (#103) at 2025-02-16T23:39:39.316646Z.
    23:42:15.776 | 664 taskScheduler-2  | DEBUG | t.c.a.a.e.s.ExerciseLifecycleService : Scheduled Task for Exercise "Modeling" (#105) to trigger on ASSESSMENT_DUE.
    23:42:15.776 | 664 taskScheduler-2  | DEBUG | .a.a.c.s.NotificationScheduleService : Scheduled notify about assessed exercise submission after assessment due date for exercise 'Modeling' (#105) at 2025-02-16T23:39:39.316646Z.
    23:42:15.776 | 664 taskScheduler-2  | DEBUG | t.c.a.a.e.s.ExerciseLifecycleService : Scheduled Task for Exercise "Text" (#106) to trigger on ASSESSMENT_DUE.
    23:42:15.776 | 664 taskScheduler-2  | DEBUG | .a.a.c.s.NotificationScheduleService : Scheduled notify about assessed exercise submission after assessment due date for exercise 'Text' (#106) at 2025-02-16T23:39:39.316646Z.
    23:42:15.778 | 664 taskScheduler-2  | DEBUG | t.c.a.a.e.s.ExerciseLifecycleService : Scheduled Task for Exercise "Modeling" (#108) to trigger on ASSESSMENT_DUE.
    23:42:15.778 | 664 taskScheduler-2  | DEBUG | .a.a.c.s.NotificationScheduleService : Scheduled notify about assessed exercise submission after assessment due date for exercise 'Modeling' (#108) at 2025-02-16T23:39:39.316646Z.
    23:42:15.778 | 664 taskScheduler-2  | DEBUG | t.c.a.a.e.s.ExerciseLifecycleService : Scheduled Task for Exercise "Text" (#109) to trigger on ASSESSMENT_DUE.
    23:42:15.778 | 664 taskScheduler-2  | DEBUG | .a.a.c.s.NotificationScheduleService : Scheduled notify about assessed exercise submission after assessment due date for exercise 'Text' (#109) at 2025-02-16T23:39:39.316646Z.
    23:42:15.778 | 664 taskScheduler-2  | DEBUG | t.c.a.a.e.s.ExerciseLifecycleService : Scheduled Task for Exercise "Text" (#112) to trigger on ASSESSMENT_DUE.
    23:42:15.778 | 664 taskScheduler-2  | DEBUG | .a.a.c.s.NotificationScheduleService : Scheduled notify about assessed exercise submission after assessment due date for exercise 'Text' (#112) at 2025-02-16T23:39:39.316646Z.
    23:42:15.778 | 664 taskScheduler-2  | DEBUG | t.c.a.a.e.s.ExerciseLifecycleService : Scheduled Task for Exercise "Modeling" (#114) to trigger on ASSESSMENT_DUE.
    23:42:15.778 | 664 taskScheduler-2  | DEBUG | .a.a.c.s.NotificationScheduleService : Scheduled notify about assessed exercise submission after assessment due date for exercise 'Modeling' (#114) at 2025-02-16T23:39:39.316646Z.
    23:42:15.778 | 664 taskScheduler-2  | DEBUG | t.c.a.a.e.s.ExerciseLifecycleService : Scheduled Task for Exercise "Text" (#115) to trigger on ASSESSMENT_DUE.
    23:42:15.778 | 664 taskScheduler-2  | DEBUG | .a.a.c.s.NotificationScheduleService : Scheduled notify about assessed exercise submission after assessment due date for exercise 'Text' (#115) at 2025-02-16T23:39:39.316646Z.
    23:42:15.778 | 664 taskScheduler-2  | DEBUG | t.c.a.a.e.s.ExerciseLifecycleService : Scheduled Task for Exercise "Modeling" (#118) to trigger on ASSESSMENT_DUE.
    23:42:15.778 | 664 taskScheduler-2  | DEBUG | .a.a.c.s.NotificationScheduleService : Scheduled notify about assessed exercise submission after assessment due date for exercise 'Modeling' (#118) at 2025-02-16T23:39:39.316646Z.
    23:42:15.778 | 664 taskScheduler-2  | DEBUG | t.c.a.a.e.s.ExerciseLifecycleService : Scheduled Task for Exercise "Text" (#119) to trigger on ASSESSMENT_DUE.
    23:42:15.778 | 664 taskScheduler-2  | DEBUG | .a.a.c.s.NotificationScheduleService : Scheduled notify about assessed exercise submission after assessment due date for exercise 'Text' (#119) at 2025-02-16T23:39:39.316646Z.
    23:42:15.779 | 664 taskScheduler-2  | DEBUG | t.c.a.a.e.s.ExerciseLifecycleService : Scheduled Task for Exercise "Modeling" (#121) to trigger on ASSESSMENT_DUE.
    23:42:15.779 | 664 taskScheduler-2  | DEBUG | .a.a.c.s.NotificationScheduleService : Scheduled notify about assessed exercise submission after assessment due date for exercise 'Modeling' (#121) at 2025-02-16T23:39:39.316646Z.
    23:42:15.779 | 664 taskScheduler-2  | DEBUG | t.c.a.a.e.s.ExerciseLifecycleService : Scheduled Task for Exercise "Text" (#122) to trigger on ASSESSMENT_DUE.
    23:42:15.779 | 664 taskScheduler-2  | DEBUG | .a.a.c.s.NotificationScheduleService : Scheduled notify about assessed exercise submission after assessment due date for exercise 'Text' (#122) at 2025-02-16T23:39:39.316646Z.
    23:42:15.779 | 664 taskScheduler-2  | DEBUG | t.c.a.a.e.s.ExerciseLifecycleService : Scheduled Task for Exercise "Modeling" (#124) to trigger on ASSESSMENT_DUE.
    23:42:15.779 | 664 taskScheduler-2  | DEBUG | .a.a.c.s.NotificationScheduleService : Scheduled notify about assessed exercise submission after assessment due date for exercise 'Modeling' (#124) at 2025-02-16T23:39:39.316646Z.
    23:42:15.779 | 664 taskScheduler-2  | DEBUG | t.c.a.a.e.s.ExerciseLifecycleService : Scheduled Task for Exercise "Text" (#125) to trigger on ASSESSMENT_DUE.
    23:42:15.779 | 664 taskScheduler-2  | DEBUG | .a.a.c.s.NotificationScheduleService : Scheduled notify about assessed exercise submission after assessment due date for exercise 'Text' (#125) at 2025-02-16T23:39:39.316646Z.
    23:42:15.779 | 664 taskScheduler-2  | DEBUG | t.c.a.a.e.s.ExerciseLifecycleService : Scheduled Task for Exercise "Modeling" (#127) to trigger on ASSESSMENT_DUE.
    23:42:15.779 | 664 taskScheduler-2  | DEBUG | .a.a.c.s.NotificationScheduleService : Scheduled notify about assessed exercise submission after assessment due date for exercise 'Modeling' (#127) at 2025-02-16T23:39:39.316646Z.
    23:42:15.779 | 664 taskScheduler-2  | DEBUG | t.c.a.a.e.s.ExerciseLifecycleService : Scheduled Task for Exercise "Text" (#128) to trigger on ASSESSMENT_DUE.
    23:42:15.779 | 664 taskScheduler-2  | DEBUG | .a.a.c.s.NotificationScheduleService : Scheduled notify about assessed exercise submission after assessment due date for exercise 'Text' (#128) at 2025-02-16T23:39:39.316646Z.
    23:42:15.779 | 664 taskScheduler-2  | DEBUG | t.c.a.a.e.s.ExerciseLifecycleService : Scheduled Task for Exercise "Text" (#132) to trigger on ASSESSMENT_DUE.
    23:42:15.779 | 664 taskScheduler-2  | DEBUG | .a.a.c.s.NotificationScheduleService : Scheduled notify about assessed exercise submission after assessment due date for exercise 'Text' (#132) at 2025-02-16T23:39:39.316646Z.
    23:42:15.779 | 664 taskScheduler-2  | DEBUG | t.c.a.a.e.s.ExerciseLifecycleService : Scheduled Task for Exercise "Modeling" (#134) to trigger on ASSESSMENT_DUE.
    23:42:15.779 | 664 taskScheduler-2  | DEBUG | .a.a.c.s.NotificationScheduleService : Scheduled notify about assessed exercise submission after assessment due date for exercise 'Modeling' (#134) at 2025-02-16T23:39:39.316646Z.
    23:42:15.780 | 664 taskScheduler-2  | DEBUG | t.c.a.a.e.s.ExerciseLifecycleService : Scheduled Task for Exercise "Text" (#135) to trigger on ASSESSMENT_DUE.
    23:42:15.780 | 664 taskScheduler-2  | DEBUG | .a.a.c.s.NotificationScheduleService : Scheduled notify about assessed exercise submission after assessment due date for exercise 'Text' (#135) at 2025-02-16T23:39:39.316646Z.
    23:42:15.780 | 664 taskScheduler-2  | DEBUG | t.c.a.a.e.s.ExerciseLifecycleService : Scheduled Task for Exercise "Modeling" (#137) to trigger on ASSESSMENT_DUE.
    23:42:15.780 | 664 taskScheduler-2  | DEBUG | .a.a.c.s.NotificationScheduleService : Scheduled notify about assessed exercise submission after assessment due date for exercise 'Modeling' (#137) at 2025-02-16T23:39:39.316646Z.
    23:42:15.780 | 664 taskScheduler-2  | DEBUG | t.c.a.a.e.s.ExerciseLifecycleService : Scheduled Task for Exercise "Text" (#138) to trigger on ASSESSMENT_DUE.
    23:42:15.780 | 664 taskScheduler-2  | DEBUG | .a.a.c.s.NotificationScheduleService : Scheduled notify about assessed exercise submission after assessment due date for exercise 'Text' (#138) at 2025-02-16T23:39:39.316646Z.
    23:42:15.780 | 664 taskScheduler-2  | DEBUG | t.c.a.a.e.s.ExerciseLifecycleService : Scheduled Task for Exercise "Text" (#141) to trigger on ASSESSMENT_DUE.
    23:42:15.780 | 664 taskScheduler-2  | DEBUG | .a.a.c.s.NotificationScheduleService : Scheduled notify about assessed exercise submission after assessment due date for exercise 'Text' (#141) at 2025-02-16T23:39:39.316646Z.
    23:42:15.780 | 664 taskScheduler-2  | DEBUG | t.c.a.a.e.s.ExerciseLifecycleService : Scheduled Task for Exercise "Text" (#144) to trigger on ASSESSMENT_DUE.
    23:42:15.780 | 664 taskScheduler-2  | DEBUG | .a.a.c.s.NotificationScheduleService : Scheduled notify about assessed exercise submission after assessment due date for exercise 'Text' (#144) at 2025-02-16T23:39:39.316646Z.
    23:42:15.780 | 664 taskScheduler-2  | DEBUG | t.c.a.a.e.s.ExerciseLifecycleService : Scheduled Task for Exercise "Modeling" (#146) to trigger on ASSESSMENT_DUE.
    23:42:15.780 | 664 taskScheduler-2  | DEBUG | .a.a.c.s.NotificationScheduleService : Scheduled notify about assessed exercise submission after assessment due date for exercise 'Modeling' (#146) at 2025-02-16T23:39:39.316646Z.
    23:42:15.780 | 664 taskScheduler-2  | DEBUG | t.c.a.a.e.s.ExerciseLifecycleService : Scheduled Task for Exercise "Text" (#147) to trigger on ASSESSMENT_DUE.
    23:42:15.780 | 664 taskScheduler-2  | DEBUG | .a.a.c.s.NotificationScheduleService : Scheduled notify about assessed exercise submission after assessment due date for exercise 'Text' (#147) at 2025-02-16T23:39:39.316646Z.
    23:42:15.780 | 664 taskScheduler-2  | INFO  | .a.a.c.s.NotificationScheduleService : Scheduled 130 notifications for assessed exercise submissions.

  Starting logs for TutorialGroupIntegrationTest > [2] loadFromService=false
    23:42:15.863 |  28 nPool-1-worker-2 | DEBUG | d.t.c.a.a.c.u.util.UserUtilService   : Generate 4 students...
    23:42:15.871 |  28 nPool-1-worker-2 | DEBUG | d.t.c.a.a.c.u.util.UserUtilService   : 4 students generated. Generate 2 tutors...
    23:42:15.886 |  28 nPool-1-worker-2 | DEBUG | d.t.c.a.a.c.u.util.UserUtilService   : 2 tutors generated. Generate 1 editors...
    23:42:15.892 |  28 nPool-1-worker-2 | DEBUG | d.t.c.a.a.c.u.util.UserUtilService   : 1 editors generated. Generate 1 instructors...
    23:42:15.898 |  28 nPool-1-worker-2 | DEBUG | d.t.c.a.a.c.u.util.UserUtilService   : 1 instructors generated
    23:42:15.902 |  28 nPool-1-worker-2 | DEBUG | d.t.c.a.a.c.u.util.UserUtilService   : Removing 8 users from all courses...
    23:42:15.907 |  28 nPool-1-worker-2 | DEBUG | d.t.c.a.a.c.u.util.UserUtilService   : Removing 8 users from all courses. Done
    23:42:15.907 |  28 nPool-1-worker-2 | DEBUG | d.t.c.a.a.c.u.util.UserUtilService   : Save 8 users to database...
    23:42:15.927 |  28 nPool-1-worker-2 | DEBUG | d.t.c.a.a.c.u.util.UserUtilService   : Save 8 users to database. Done
    23:42:15.975 |  28 nPool-1-worker-2 | DEBUG | utorialGroupChannelManagementService : Created channel with id 52 for tutorial group with id 56
    23:42:15.983 |  28 nPool-1-worker-2 | DEBUG | utorialGroupChannelManagementService : Added channel with id 52 to tutorial group with id 56
    23:42:16.003 |  28 nPool-1-worker-2 | DEBUG | utorialGroupChannelManagementService : Added users with ids [8] to the channel with id 52 of the tutorial group with id 56
    23:42:16.026 |  28 nPool-1-worker-2 | DEBUG | utorialGroupChannelManagementService : Added teaching assistant with id 12 to the channel with id 52 of the tutorial group with id 56
    23:42:16.056 |  28 nPool-1-worker-2 | DEBUG | utorialGroupChannelManagementService : Granted teaching assistant with id 12 moderator role for the channel with id 52 of the tutorial group with id 56
    23:42:16.056 |  28 nPool-1-worker-2 | DEBUG | utorialGroupChannelManagementService : Setup channel for tutorial group with id 56 with channel id 52
    23:42:16.064 |  28 nPool-1-worker-2 | DEBUG | utorialGroupChannelManagementService : Created channel with id 53 for tutorial group with id 57
    23:42:16.072 |  28 nPool-1-worker-2 | DEBUG | utorialGroupChannelManagementService : Added channel with id 53 to tutorial group with id 57
    23:42:16.082 |  28 nPool-1-worker-2 | DEBUG | utorialGroupChannelManagementService : Added users with ids [9] to the channel with id 53 of the tutorial group with id 57
    23:42:16.095 |  28 nPool-1-worker-2 | DEBUG | utorialGroupChannelManagementService : Added teaching assistant with id 13 to the channel with id 53 of the tutorial group with id 57
    23:42:16.109 |  28 nPool-1-worker-2 | DEBUG | utorialGroupChannelManagementService : Granted teaching assistant with id 13 moderator role for the channel with id 53 of the tutorial group with id 57
    23:42:16.109 |  28 nPool-1-worker-2 | DEBUG | utorialGroupChannelManagementService : Setup channel for tutorial group with id 57 with channel id 53
    23:42:16.110 |  28 nPool-1-worker-2 | INFO  | i.z.t.d.l.EmbeddedDatabaseReporter   : JDBC URL to connect to 'dataSource': url='jdbc:h2:tcp://localhost:41063/mem:df70fc46-7e57-4cb5-9cd0-c1d90c14afa7;USER=sa', scope='TutorialGroupIntegrationTest#getAllForCourse_asInstructorOfCourse_shouldShowPrivateInformation'
    23:42:16.112 |  28 nPool-1-worker-2 | DEBUG | d.t.c.a.a.c.s.f.ApiVersionFilter     : Adding Version to Request GET /api/courses/105/tutorial-groups
    23:42:16.114 |  28 nPool-1-worker-2 | DEBUG | d.t.c.a.a.t.w.TutorialGroupResource  : REST request to get all tutorial groups of course with id: 105

  Starting logs for TutorialGroupIntegrationTest > importRegistrations_withAdditionalHeaders_shouldCreateTutorialGroupWithDetails()
    23:42:16.221 |  28 nPool-1-worker-2 | DEBUG | d.t.c.a.a.c.u.util.UserUtilService   : Generate 4 students...
    23:42:16.237 |  28 nPool-1-worker-2 | DEBUG | d.t.c.a.a.c.u.util.UserUtilService   : 4 students generated. Generate 2 tutors...
    23:42:16.245 |  28 nPool-1-worker-2 | DEBUG | d.t.c.a.a.c.u.util.UserUtilService   : 2 tutors generated. Generate 1 editors...
    23:42:16.254 |  28 nPool-1-worker-2 | DEBUG | d.t.c.a.a.c.u.util.UserUtilService   : 1 editors generated. Generate 1 instructors...
    23:42:16.261 |  28 nPool-1-worker-2 | DEBUG | d.t.c.a.a.c.u.util.UserUtilService   : 1 instructors generated
    23:42:16.265 |  28 nPool-1-worker-2 | DEBUG | d.t.c.a.a.c.u.util.UserUtilService   : Removing 8 users from all courses...
    23:42:16.267 |  28 nPool-1-worker-2 | DEBUG | d.t.c.a.a.c.u.util.UserUtilService   : Removing 8 users from all courses. Done
    23:42:16.267 |  28 nPool-1-worker-2 | DEBUG | d.t.c.a.a.c.u.util.UserUtilService   : Save 8 users to database...
    23:42:16.306 |  28 nPool-1-worker-2 | DEBUG | d.t.c.a.a.c.u.util.UserUtilService   : Save 8 users to database. Done
    23:42:16.355 |  28 nPool-1-worker-2 | DEBUG | utorialGroupChannelManagementService : Created channel with id 54 for tutorial group with id 58
    23:42:16.361 |  28 nPool-1-worker-2 | DEBUG | utorialGroupChannelManagementService : Added channel with id 54 to tutorial group with id 58
    23:42:16.380 |  28 nPool-1-worker-2 | DEBUG | utorialGroupChannelManagementService : Added users with ids [8] to the channel with id 54 of the tutorial group with id 58
    23:42:16.412 |  28 nPool-1-worker-2 | DEBUG | utorialGroupChannelManagementService : Added teaching assistant with id 12 to the channel with id 54 of the tutorial group with id 58
    23:42:16.444 |  28 nPool-1-worker-2 | DEBUG | utorialGroupChannelManagementService : Granted teaching assistant with id 12 moderator role for the channel with id 54 of the tutorial group with id 58
    23:42:16.444 |  28 nPool-1-worker-2 | DEBUG | utorialGroupChannelManagementService : Setup channel for tutorial group with id 58 with channel id 54
    23:42:16.454 |  28 nPool-1-worker-2 | DEBUG | utorialGroupChannelManagementService : Created channel with id 55 for tutorial group with id 59
    23:42:16.458 |  28 nPool-1-worker-2 | DEBUG | utorialGroupChannelManagementService : Added channel with id 55 to tutorial group with id 59
    23:42:16.477 |  28 nPool-1-worker-2 | DEBUG | utorialGroupChannelManagementService : Added users with ids [9] to the channel with id 55 of the tutorial group with id 59
    23:42:16.503 |  28 nPool-1-worker-2 | DEBUG | utorialGroupChannelManagementService : Added teaching assistant with id 13 to the channel with id 55 of the tutorial group with id 59
    23:42:16.533 |  28 nPool-1-worker-2 | DEBUG | utorialGroupChannelManagementService : Granted teaching assistant with id 13 moderator role for the channel with id 55 of the tutorial group with id 59
    23:42:16.533 |  28 nPool-1-worker-2 | DEBUG | utorialGroupChannelManagementService : Setup channel for tutorial group with id 59 with channel id 55
    23:42:16.535 |  28 nPool-1-worker-2 | INFO  | i.z.t.d.l.EmbeddedDatabaseReporter   : JDBC URL to connect to 'dataSource': url='jdbc:h2:tcp://localhost:41063/mem:df70fc46-7e57-4cb5-9cd0-c1d90c14afa7;USER=sa', scope='TutorialGroupIntegrationTest#importRegistrations_withAdditionalHeaders_shouldCreateTutorialGroupWithDetails'
    23:42:16.541 |  28 nPool-1-worker-2 | DEBUG | d.t.c.a.a.c.s.f.ApiVersionFilter     : Adding Version to Request POST /api/courses/107/tutorial-groups/import
    23:42:16.547 |  28 nPool-1-worker-2 | DEBUG | d.t.c.a.a.t.w.TutorialGroupResource  : REST request to import registrations [TutorialGroupRegistrationImportDTO{title='freshTitle', student=StudentDTO[login=tutorialgroupstudent1, firstName=tutorialgroupstudent1First, lastName=tutorialgroupstudent1Last, registrationNumber=null, email=tutorialgroupstudent1@test.de], importSuccessful=null, error=null, campus=Main Campus, capacity=30, language=German, additionalInformation=Some info, isOnline=true}] to course 107
    23:42:16.565 |  28 nPool-1-worker-2 | DEBUG | utorialGroupChannelManagementService : Created channel with id 56 for tutorial group with id 60
    23:42:16.575 |  28 nPool-1-worker-2 | DEBUG | utorialGroupChannelManagementService : Added channel with id 56 to tutorial group with id 60
    23:42:16.578 |  28 nPool-1-worker-2 | DEBUG | utorialGroupChannelManagementService : Added users with ids [] to the channel with id 56 of the tutorial group with id 60
    23:42:16.592 |  28 nPool-1-worker-2 | DEBUG | utorialGroupChannelManagementService : Added teaching assistant with id 15 to the channel with id 56 of the tutorial group with id 60
    23:42:16.615 |  28 nPool-1-worker-2 | DEBUG | utorialGroupChannelManagementService : Granted teaching assistant with id 15 moderator role for the channel with id 56 of the tutorial group with id 60
    23:42:16.615 |  28 nPool-1-worker-2 | DEBUG | utorialGroupChannelManagementService : Setup channel for tutorial group with id 60 with channel id 56
    23:42:16.640 |  28 nPool-1-worker-2 | DEBUG | utorialGroupChannelManagementService : Removed users with ids [8] from the channel with id 55 of the tutorial group with id 59
    23:42:16.655 |  28 nPool-1-worker-2 | DEBUG | utorialGroupChannelManagementService : Removed users with ids [8] from the channel with id 56 of the tutorial group with id 60
    23:42:16.692 |  28 nPool-1-worker-2 | DEBUG | utorialGroupChannelManagementService : Removed users with ids [8] from the channel with id 54 of the tutorial group with id 58
    23:42:16.723 |  28 nPool-1-worker-2 | DEBUG | utorialGroupChannelManagementService : Added users with ids [8] to the channel with id 56 of the tutorial group with id 60

  Starting logs for TutorialGroupIntegrationTest > registerStudent_asNotTutorOfGroup_shouldForbidRegistration()
    23:42:16.760 |  28 nPool-1-worker-2 | DEBUG | d.t.c.a.a.c.u.util.UserUtilService   : Generate 4 students...
    23:42:16.768 |  28 nPool-1-worker-2 | DEBUG | d.t.c.a.a.c.u.util.UserUtilService   : 4 students generated. Generate 2 tutors...
    23:42:16.773 |  28 nPool-1-worker-2 | DEBUG | d.t.c.a.a.c.u.util.UserUtilService   : 2 tutors generated. Generate 1 editors...
    23:42:16.775 |  28 nPool-1-worker-2 | DEBUG | d.t.c.a.a.c.u.util.UserUtilService   : 1 editors generated. Generate 1 instructors...
    23:42:16.779 |  28 nPool-1-worker-2 | DEBUG | d.t.c.a.a.c.u.util.UserUtilService   : 1 instructors generated
    23:42:16.781 |  28 nPool-1-worker-2 | DEBUG | d.t.c.a.a.c.u.util.UserUtilService   : Removing 8 users from all courses...
    23:42:16.783 |  28 nPool-1-worker-2 | DEBUG | d.t.c.a.a.c.u.util.UserUtilService   : Removing 8 users from all courses. Done
    23:42:16.783 |  28 nPool-1-worker-2 | DEBUG | d.t.c.a.a.c.u.util.UserUtilService   : Save 8 users to database...
    23:42:16.805 |  28 nPool-1-worker-2 | DEBUG | d.t.c.a.a.c.u.util.UserUtilService   : Save 8 users to database. Done
    23:42:16.837 |  28 nPool-1-worker-2 | DEBUG | utorialGroupChannelManagementService : Created channel with id 57 for tutorial group with id 61
    23:42:16.839 |  28 nPool-1-worker-2 | DEBUG | utorialGroupChannelManagementService : Added channel with id 57 to tutorial group with id 61
    23:42:16.848 |  28 nPool-1-worker-2 | DEBUG | utorialGroupChannelManagementService : Added users with ids [8] to the channel with id 57 of the tutorial group with id 61
    23:42:16.872 |  28 nPool-1-worker-2 | DEBUG | utorialGroupChannelManagementService : Added teaching assistant with id 12 to the channel with id 57 of the tutorial group with id 61
    23:42:16.913 |  28 nPool-1-worker-2 | DEBUG | utorialGroupChannelManagementService : Granted teaching assistant with id 12 moderator role for the channel with id 57 of the tutorial group with id 61
    23:42:16.913 |  28 nPool-1-worker-2 | DEBUG | utorialGroupChannelManagementService : Setup channel for tutorial group with id 61 with channel id 57
    23:42:16.921 |  28 nPool-1-worker-2 | DEBUG | utorialGroupChannelManagementService : Created channel with id 58 for tutorial group with id 62
    23:42:16.923 |  28 nPool-1-worker-2 | DEBUG | utorialGroupChannelManagementService : Added channel with id 58 to tutorial group with id 62
    23:42:16.933 |  28 nPool-1-worker-2 | DEBUG | utorialGroupChannelManagementService : Added users with ids [9] to the channel with id 58 of the tutorial group with id 62
    23:42:16.955 |  28 nPool-1-worker-2 | DEBUG | utorialGroupChannelManagementService : Added teaching assistant with id 13 to the channel with id 58 of the tutorial group with id 62
    23:42:16.974 |  28 nPool-1-worker-2 | DEBUG | utorialGroupChannelManagementService : Granted teaching assistant with id 13 moderator role for the channel with id 58 of the tutorial group with id 62
    23:42:16.974 |  28 nPool-1-worker-2 | DEBUG | utorialGroupChannelManagementService : Setup channel for tutorial group with id 62 with channel id 58
    23:42:16.974 |  28 nPool-1-worker-2 | INFO  | i.z.t.d.l.EmbeddedDatabaseReporter   : JDBC URL to connect to 'dataSource': url='jdbc:h2:tcp://localhost:41063/mem:df70fc46-7e57-4cb5-9cd0-c1d90c14afa7;USER=sa', scope='TutorialGroupIntegrationTest#registerStudent_asNotTutorOfGroup_shouldForbidRegistration'
    23:42:16.985 |  28 nPool-1-worker-2 | DEBUG | d.t.c.a.a.c.s.f.ApiVersionFilter     : Adding Version to Request POST /api/courses/109/tutorial-groups/61/register/tutorialgroupstudent3
    23:42:16.989 |  28 nPool-1-worker-2 | DEBUG | d.t.c.a.a.t.w.TutorialGroupResource  : REST request to register tutorialgroupstudent3 student to tutorial group : 61
    23:42:16.995 |  28 nPool-1-worker-2 | WARN  | o.z.p.spring.common.AdviceTraits     : Forbidden: The user is not allowed to change the registrations of tutorial group: 61

  Starting logs for TutorialGroupIntegrationTest > getTitle_asUser_shouldReturnTitle()
    23:42:17.048 |  28 nPool-1-worker-2 | DEBUG | d.t.c.a.a.c.u.util.UserUtilService   : Generate 4 students...
    23:42:17.068 |  28 nPool-1-worker-2 | DEBUG | d.t.c.a.a.c.u.util.UserUtilService   : 4 students generated. Generate 2 tutors...
    23:42:17.078 |  28 nPool-1-worker-2 | DEBUG | d.t.c.a.a.c.u.util.UserUtilService   : 2 tutors generated. Generate 1 editors...
    23:42:17.087 |  28 nPool-1-worker-2 | DEBUG | d.t.c.a.a.c.u.util.UserUtilService   : 1 editors generated. Generate 1 instructors...
    23:42:17.094 |  28 nPool-1-worker-2 | DEBUG | d.t.c.a.a.c.u.util.UserUtilService   : 1 instructors generated
    23:42:17.096 |  28 nPool-1-worker-2 | DEBUG | d.t.c.a.a.c.u.util.UserUtilService   : Removing 8 users from all courses...
    23:42:17.101 |  28 nPool-1-worker-2 | DEBUG | d.t.c.a.a.c.u.util.UserUtilService   : Removing 8 users from all courses. Done
    23:42:17.101 |  28 nPool-1-worker-2 | DEBUG | d.t.c.a.a.c.u.util.UserUtilService   : Save 8 users to database...
    23:42:17.136 |  28 nPool-1-worker-2 | DEBUG | d.t.c.a.a.c.u.util.UserUtilService   : Save 8 users to database. Done
    23:42:17.192 |  28 nPool-1-worker-2 | DEBUG | utorialGroupChannelManagementService : Created channel with id 59 for tutorial group with id 63
    23:42:17.201 |  28 nPool-1-worker-2 | DEBUG | utorialGroupChannelManagementService : Added channel with id 59 to tutorial group with id 63
    23:42:17.222 |  28 nPool-1-worker-2 | DEBUG | utorialGroupChannelManagementService : Added users with ids [8] to the channel with id 59 of the tutorial group with id 63
    23:42:17.245 |  28 nPool-1-worker-2 | DEBUG | utorialGroupChannelManagementService : Added teaching assistant with id 12 to the channel with id 59 of the tutorial group with id 63
    23:42:17.278 |  28 nPool-1-worker-2 | DEBUG | utorialGroupChannelManagementService : Granted teaching assistant with id 12 moderator role for the channel with id 59 of the tutorial group with id 63
    23:42:17.278 |  28 nPool-1-worker-2 | DEBUG | utorialGroupChannelManagementService : Setup channel for tutorial group with id 63 with channel id 59
    23:42:17.285 |  28 nPool-1-worker-2 | DEBUG | utorialGroupChannelManagementService : Created channel with id 60 for tutorial group with id 64
    23:42:17.291 |  28 nPool-1-worker-2 | DEBUG | utorialGroupChannelManagementService : Added channel with id 60 to tutorial group with id 64
    23:42:17.311 |  28 nPool-1-worker-2 | DEBUG | utorialGroupChannelManagementService : Added users with ids [9] to the channel with id 60 of the tutorial group with id 64
    23:42:17.341 |  28 nPool-1-worker-2 | DEBUG | utorialGroupChannelManagementService : Added teaching assistant with id 13 to the channel with id 60 of the tutorial group with id 64
    23:42:17.380 |  28 nPool-1-worker-2 | DEBUG | utorialGroupChannelManagementService : Granted teaching assistant with id 13 moderator role for the channel with id 60 of the tutorial group with id 64
    23:42:17.380 |  28 nPool-1-worker-2 | DEBUG | utorialGroupChannelManagementService : Setup channel for tutorial group with id 64 with channel id 60
    23:42:17.384 |  28 nPool-1-worker-2 | INFO  | i.z.t.d.l.EmbeddedDatabaseReporter   : JDBC URL to connect to 'dataSource': url='jdbc:h2:tcp://localhost:41063/mem:df70fc46-7e57-4cb5-9cd0-c1d90c14afa7;USER=sa', scope='TutorialGroupIntegrationTest#getTitle_asUser_shouldReturnTitle'
    23:42:17.387 |  28 nPool-1-worker-2 | DEBUG | d.t.c.a.a.c.s.f.ApiVersionFilter     : Adding Version to Request GET /api/tutorial-groups/63/title
    23:42:17.404 |  28 nPool-1-worker-2 | DEBUG | d.t.c.a.a.t.w.TutorialGroupResource  : REST request to get title of TutorialGroup : 63

  Starting logs for TutorialGroupIntegrationTest > testDayOfWeekConversionInvalidInput()
    23:42:17.459 |  28 nPool-1-worker-2 | DEBUG | d.t.c.a.a.c.u.util.UserUtilService   : Generate 4 students...
    23:42:17.467 |  28 nPool-1-worker-2 | DEBUG | d.t.c.a.a.c.u.util.UserUtilService   : 4 students generated. Generate 2 tutors...
    23:42:17.472 |  28 nPool-1-worker-2 | DEBUG | d.t.c.a.a.c.u.util.UserUtilService   : 2 tutors generated. Generate 1 editors...
    23:42:17.475 |  28 nPool-1-worker-2 | DEBUG | d.t.c.a.a.c.u.util.UserUtilService   : 1 editors generated. Generate 1 instructors...
    23:42:17.480 |  28 nPool-1-worker-2 | DEBUG | d.t.c.a.a.c.u.util.UserUtilService   : 1 instructors generated
    23:42:17.482 |  28 nPool-1-worker-2 | DEBUG | d.t.c.a.a.c.u.util.UserUtilService   : Removing 8 users from all courses...
    23:42:17.484 |  28 nPool-1-worker-2 | DEBUG | d.t.c.a.a.c.u.util.UserUtilService   : Removing 8 users from all courses. Done
    23:42:17.484 |  28 nPool-1-worker-2 | DEBUG | d.t.c.a.a.c.u.util.UserUtilService   : Save 8 users to database...
    23:42:17.502 |  28 nPool-1-worker-2 | DEBUG | d.t.c.a.a.c.u.util.UserUtilService   : Save 8 users to database. Done
    23:42:17.533 |  28 nPool-1-worker-2 | DEBUG | utorialGroupChannelManagementService : Created channel with id 61 for tutorial group with id 65
    23:42:17.539 |  28 nPool-1-worker-2 | DEBUG | utorialGroupChannelManagementService : Added channel with id 61 to tutorial group with id 65
    23:42:17.556 |  28 nPool-1-worker-2 | DEBUG | utorialGroupChannelManagementService : Added users with ids [8] to the channel with id 61 of the tutorial group with id 65
    23:42:17.584 |  28 nPool-1-worker-2 | DEBUG | utorialGroupChannelManagementService : Added teaching assistant with id 12 to the channel with id 61 of the tutorial group with id 65
    23:42:17.604 |  28 nPool-1-worker-2 | DEBUG | utorialGroupChannelManagementService : Granted teaching assistant with id 12 moderator role for the channel with id 61 of the tutorial group with id 65
    23:42:17.604 |  28 nPool-1-worker-2 | DEBUG | utorialGroupChannelManagementService : Setup channel for tutorial group with id 65 with channel id 61
    23:42:17.614 |  28 nPool-1-worker-2 | DEBUG | utorialGroupChannelManagementService : Created channel with id 62 for tutorial group with id 66
    23:42:17.622 |  28 nPool-1-worker-2 | DEBUG | utorialGroupChannelManagementService : Added channel with id 62 to tutorial group with id 66
    23:42:17.642 |  28 nPool-1-worker-2 | DEBUG | utorialGroupChannelManagementService : Added users with ids [9] to the channel with id 62 of the tutorial group with id 66
    23:42:17.670 |  28 nPool-1-worker-2 | DEBUG | utorialGroupChannelManagementService : Added teaching assistant with id 13 to the channel with id 62 of the tutorial group with id 66
    23:42:17.705 |  28 nPool-1-worker-2 | DEBUG | utorialGroupChannelManagementService : Granted teaching assistant with id 13 moderator role for the channel with id 62 of the tutorial group with id 66
    23:42:17.705 |  28 nPool-1-worker-2 | DEBUG | utorialGroupChannelManagementService : Setup channel for tutorial group with id 66 with channel id 62
    23:42:17.706 |  28 nPool-1-worker-2 | INFO  | i.z.t.d.l.EmbeddedDatabaseReporter   : JDBC URL to connect to 'dataSource': url='jdbc:h2:tcp://localhost:41063/mem:df70fc46-7e57-4cb5-9cd0-c1d90c14afa7;USER=sa', scope='TutorialGroupIntegrationTest#testDayOfWeekConversionInvalidInput'

  Starting logs for TutorialGroupIntegrationTest > [1] loadFromService=true
    23:42:17.777 |  28 nPool-1-worker-2 | DEBUG | d.t.c.a.a.c.u.util.UserUtilService   : Generate 4 students...
    23:42:17.801 |  28 nPool-1-worker-2 | DEBUG | d.t.c.a.a.c.u.util.UserUtilService   : 4 students generated. Generate 2 tutors...
    23:42:17.808 |  28 nPool-1-worker-2 | DEBUG | d.t.c.a.a.c.u.util.UserUtilService   : 2 tutors generated. Generate 1 editors...
    23:42:17.811 |  28 nPool-1-worker-2 | DEBUG | d.t.c.a.a.c.u.util.UserUtilService   : 1 editors generated. Generate 1 instructors...
    23:42:17.815 |  28 nPool-1-worker-2 | DEBUG | d.t.c.a.a.c.u.util.UserUtilService   : 1 instructors generated
    23:42:17.819 |  28 nPool-1-worker-2 | DEBUG | d.t.c.a.a.c.u.util.UserUtilService   : Removing 8 users from all courses...
    23:42:17.821 |  28 nPool-1-worker-2 | DEBUG | d.t.c.a.a.c.u.util.UserUtilService   : Removing 8 users from all courses. Done
    23:42:17.821 |  28 nPool-1-worker-2 | DEBUG | d.t.c.a.a.c.u.util.UserUtilService   : Save 8 users to database...
    23:42:17.838 |  28 nPool-1-worker-2 | DEBUG | d.t.c.a.a.c.u.util.UserUtilService   : Save 8 users to database. Done
    23:42:17.867 |  28 nPool-1-worker-2 | DEBUG | utorialGroupChannelManagementService : Created channel with id 63 for tutorial group with id 67
    23:42:17.870 |  28 nPool-1-worker-2 | DEBUG | utorialGroupChannelManagementService : Added channel with id 63 to tutorial group with id 67
    23:42:17.882 |  28 nPool-1-worker-2 | DEBUG | utorialGroupChannelManagementService : Added users with ids [8] to the channel with id 63 of the tutorial group with id 67
    23:42:17.902 |  28 nPool-1-worker-2 | DEBUG | utorialGroupChannelManagementService : Added teaching assistant with id 12 to the channel with id 63 of the tutorial group with id 67
    23:42:17.920 |  28 nPool-1-worker-2 | DEBUG | utorialGroupChannelManagementService : Granted teaching assistant with id 12 moderator role for the channel with id 63 of the tutorial group with id 67
    23:42:17.920 |  28 nPool-1-worker-2 | DEBUG | utorialGroupChannelManagementService : Setup channel for tutorial group with id 67 with channel id 63
    23:42:17.924 |  28 nPool-1-worker-2 | DEBUG | utorialGroupChannelManagementService : Created channel with id 64 for tutorial group with id 68
    23:42:17.927 |  28 nPool-1-worker-2 | DEBUG | utorialGroupChannelManagementService : Added channel with id 64 to tutorial group with id 68
    23:42:17.937 |  28 nPool-1-worker-2 | DEBUG | utorialGroupChannelManagementService : Added users with ids [9] to the channel with id 64 of the tutorial group with id 68
    23:42:17.961 |  28 nPool-1-worker-2 | DEBUG | utorialGroupChannelManagementService : Added teaching assistant with id 13 to the channel with id 64 of the tutorial group with id 68
    23:42:17.976 |  28 nPool-1-worker-2 | DEBUG | utorialGroupChannelManagementService : Granted teaching assistant with id 13 moderator role for the channel with id 64 of the tutorial group with id 68
    23:42:17.976 |  28 nPool-1-worker-2 | DEBUG | utorialGroupChannelManagementService : Setup channel for tutorial group with id 68 with channel id 64
    23:42:17.976 |  28 nPool-1-worker-2 | INFO  | i.z.t.d.l.EmbeddedDatabaseReporter   : JDBC URL to connect to 'dataSource': url='jdbc:h2:tcp://localhost:41063/mem:df70fc46-7e57-4cb5-9cd0-c1d90c14afa7;USER=sa', scope='TutorialGroupIntegrationTest#getOneOfCourse_asStudent_shouldHidePrivateInformation'

  Starting logs for TutorialGroupIntegrationTest > [2] loadFromService=false
    23:42:18.016 |  28 nPool-1-worker-2 | DEBUG | d.t.c.a.a.c.u.util.UserUtilService   : Generate 4 students...
    23:42:18.025 |  28 nPool-1-worker-2 | DEBUG | d.t.c.a.a.c.u.util.UserUtilService   : 4 students generated. Generate 2 tutors...
    23:42:18.030 |  28 nPool-1-worker-2 | DEBUG | d.t.c.a.a.c.u.util.UserUtilService   : 2 tutors generated. Generate 1 editors...
    23:42:18.033 |  28 nPool-1-worker-2 | DEBUG | d.t.c.a.a.c.u.util.UserUtilService   : 1 editors generated. Generate 1 instructors...
    23:42:18.036 |  28 nPool-1-worker-2 | DEBUG | d.t.c.a.a.c.u.util.UserUtilService   : 1 instructors generated
    23:42:18.039 |  28 nPool-1-worker-2 | DEBUG | d.t.c.a.a.c.u.util.UserUtilService   : Removing 8 users from all courses...
    23:42:18.041 |  28 nPool-1-worker-2 | DEBUG | d.t.c.a.a.c.u.util.UserUtilService   : Removing 8 users from all courses. Done
    23:42:18.041 |  28 nPool-1-worker-2 | DEBUG | d.t.c.a.a.c.u.util.UserUtilService   : Save 8 users to database...
    23:42:18.061 |  28 nPool-1-worker-2 | DEBUG | d.t.c.a.a.c.u.util.UserUtilService   : Save 8 users to database. Done
    23:42:18.088 |  28 nPool-1-worker-2 | DEBUG | utorialGroupChannelManagementService : Created channel with id 65 for tutorial group with id 69
    23:42:18.091 |  28 nPool-1-worker-2 | DEBUG | utorialGroupChannelManagementService : Added channel with id 65 to tutorial group with id 69
    23:42:18.100 |  28 nPool-1-worker-2 | DEBUG | utorialGroupChannelManagementService : Added users with ids [8] to the channel with id 65 of the tutorial group with id 69
    23:42:18.113 |  28 nPool-1-worker-2 | DEBUG | utorialGroupChannelManagementService : Added teaching assistant with id 12 to the channel with id 65 of the tutorial group with id 69
    23:42:18.130 |  28 nPool-1-worker-2 | DEBUG | utorialGroupChannelManagementService : Granted teaching assistant with id 12 moderator role for the channel with id 65 of the tutorial group with id 69
    23:42:18.130 |  28 nPool-1-worker-2 | DEBUG | utorialGroupChannelManagementService : Setup channel for tutorial group with id 69 with channel id 65
    23:42:18.141 |  28 nPool-1-worker-2 | DEBUG | utorialGroupChannelManagementService : Created channel with id 66 for tutorial group with id 70
    23:42:18.146 |  28 nPool-1-worker-2 | DEBUG | utorialGroupChannelManagementService : Added channel with id 66 to tutorial group with id 70
    23:42:18.164 |  28 nPool-1-worker-2 | DEBUG | utorialGroupChannelManagementService : Added users with ids [9] to the channel with id 66 of the tutorial group with id 70
    23:42:18.187 |  28 nPool-1-worker-2 | DEBUG | utorialGroupChannelManagementService : Added teaching assistant with id 13 to the channel with id 66 of the tutorial group with id 70
    23:42:18.219 |  28 nPool-1-worker-2 | DEBUG | utorialGroupChannelManagementService : Granted teaching assistant with id 13 moderator role for the channel with id 66 of the tutorial group with id 70
    23:42:18.219 |  28 nPool-1-worker-2 | DEBUG | utorialGroupChannelManagementService : Setup channel for tutorial group with id 70 with channel id 66
    23:42:18.219 |  28 nPool-1-worker-2 | INFO  | i.z.t.d.l.EmbeddedDatabaseReporter   : JDBC URL to connect to 'dataSource': url='jdbc:h2:tcp://localhost:41063/mem:df70fc46-7e57-4cb5-9cd0-c1d90c14afa7;USER=sa', scope='TutorialGroupIntegrationTest#getOneOfCourse_asStudent_shouldHidePrivateInformation'
    23:42:18.221 |  28 nPool-1-worker-2 | DEBUG | d.t.c.a.a.c.s.f.ApiVersionFilter     : Adding Version to Request GET /api/courses/117/tutorial-groups/69
    23:42:18.229 |  28 nPool-1-worker-2 | DEBUG | d.t.c.a.a.t.w.TutorialGroupResource  : REST request to get tutorial group: 69 of course: 117

  Starting logs for TutorialGroupIntegrationTest > [1] useSingleEndpoint=true
    23:42:18.294 |  28 nPool-1-worker-2 | DEBUG | d.t.c.a.a.c.u.util.UserUtilService   : Generate 4 students...
    23:42:18.302 |  28 nPool-1-worker-2 | DEBUG | d.t.c.a.a.c.u.util.UserUtilService   : 4 students generated. Generate 2 tutors...
    23:42:18.307 |  28 nPool-1-worker-2 | DEBUG | d.t.c.a.a.c.u.util.UserUtilService   : 2 tutors generated. Generate 1 editors...
    23:42:18.310 |  28 nPool-1-worker-2 | DEBUG | d.t.c.a.a.c.u.util.UserUtilService   : 1 editors generated. Generate 1 instructors...
    23:42:18.314 |  28 nPool-1-worker-2 | DEBUG | d.t.c.a.a.c.u.util.UserUtilService   : 1 instructors generated
    23:42:18.315 |  28 nPool-1-worker-2 | DEBUG | d.t.c.a.a.c.u.util.UserUtilService   : Removing 8 users from all courses...
    23:42:18.318 |  28 nPool-1-worker-2 | DEBUG | d.t.c.a.a.c.u.util.UserUtilService   : Removing 8 users from all courses. Done
    23:42:18.318 |  28 nPool-1-worker-2 | DEBUG | d.t.c.a.a.c.u.util.UserUtilService   : Save 8 users to database...
    23:42:18.345 |  28 nPool-1-worker-2 | DEBUG | d.t.c.a.a.c.u.util.UserUtilService   : Save 8 users to database. Done
    23:42:18.367 |  28 nPool-1-worker-2 | DEBUG | utorialGroupChannelManagementService : Created channel with id 67 for tutorial group with id 71
    23:42:18.370 |  28 nPool-1-worker-2 | DEBUG | utorialGroupChannelManagementService : Added channel with id 67 to tutorial group with id 71
    23:42:18.394 |  28 nPool-1-worker-2 | DEBUG | utorialGroupChannelManagementService : Added users with ids [8] to the channel with id 67 of the tutorial group with id 71
    23:42:18.414 |  28 nPool-1-worker-2 | DEBUG | utorialGroupChannelManagementService : Added teaching assistant with id 12 to the channel with id 67 of the tutorial group with id 71
    23:42:18.427 |  28 nPool-1-worker-2 | DEBUG | utorialGroupChannelManagementService : Granted teaching assistant with id 12 moderator role for the channel with id 67 of the tutorial group with id 71
    23:42:18.427 |  28 nPool-1-worker-2 | DEBUG | utorialGroupChannelManagementService : Setup channel for tutorial group with id 71 with channel id 67
    23:42:18.432 |  28 nPool-1-worker-2 | DEBUG | utorialGroupChannelManagementService : Created channel with id 68 for tutorial group with id 72
    23:42:18.435 |  28 nPool-1-worker-2 | DEBUG | utorialGroupChannelManagementService : Added channel with id 68 to tutorial group with id 72
    23:42:18.443 |  28 nPool-1-worker-2 | DEBUG | utorialGroupChannelManagementService : Added users with ids [9] to the channel with id 68 of the tutorial group with id 72
    23:42:18.455 |  28 nPool-1-worker-2 | DEBUG | utorialGroupChannelManagementService : Added teaching assistant with id 13 to the channel with id 68 of the tutorial group with id 72
    23:42:18.468 |  28 nPool-1-worker-2 | DEBUG | utorialGroupChannelManagementService : Granted teaching assistant with id 13 moderator role for the channel with id 68 of the tutorial group with id 72
    23:42:18.468 |  28 nPool-1-worker-2 | DEBUG | utorialGroupChannelManagementService : Setup channel for tutorial group with id 72 with channel id 68
    23:42:18.469 |  28 nPool-1-worker-2 | INFO  | i.z.t.d.l.EmbeddedDatabaseReporter   : JDBC URL to connect to 'dataSource': url='jdbc:h2:tcp://localhost:41063/mem:df70fc46-7e57-4cb5-9cd0-c1d90c14afa7;USER=sa', scope='TutorialGroupIntegrationTest#averageAttendanceCalculationTest_TwoSessionsOfTheLastThreeHaveAttendanceData_AverageIsArithmeticMean'
    23:42:18.487 |  28 nPool-1-worker-2 | DEBUG | d.t.c.a.a.c.s.f.ApiVersionFilter     : Adding Version to Request GET /api/courses/119/tutorial-groups/73
    23:42:18.490 |  28 nPool-1-worker-2 | DEBUG | d.t.c.a.a.t.w.TutorialGroupResource  : REST request to get tutorial group: 73 of course: 119
    23:42:18.572 |  28 nPool-1-worker-2 | DEBUG | d.t.c.a.a.c.s.f.ApiVersionFilter     : Adding Version to Request GET /api/courses/119/tutorial-groups/74
    23:42:18.574 |  28 nPool-1-worker-2 | DEBUG | d.t.c.a.a.t.w.TutorialGroupResource  : REST request to get tutorial group: 74 of course: 119
    23:42:18.610 |  28 nPool-1-worker-2 | DEBUG | d.t.c.a.a.c.s.f.ApiVersionFilter     : Adding Version to Request GET /api/courses/119/tutorial-groups/75
    23:42:18.612 |  28 nPool-1-worker-2 | DEBUG | d.t.c.a.a.t.w.TutorialGroupResource  : REST request to get tutorial group: 75 of course: 119

  Starting logs for TutorialGroupIntegrationTest > [2] useSingleEndpoint=false
    23:42:18.655 |  28 nPool-1-worker-2 | DEBUG | d.t.c.a.a.c.u.util.UserUtilService   : Generate 4 students...
    23:42:18.664 |  28 nPool-1-worker-2 | DEBUG | d.t.c.a.a.c.u.util.UserUtilService   : 4 students generated. Generate 2 tutors...
    23:42:18.679 |  28 nPool-1-worker-2 | DEBUG | d.t.c.a.a.c.u.util.UserUtilService   : 2 tutors generated. Generate 1 editors...
    23:42:18.683 |  28 nPool-1-worker-2 | DEBUG | d.t.c.a.a.c.u.util.UserUtilService   : 1 editors generated. Generate 1 instructors...
    23:42:18.687 |  28 nPool-1-worker-2 | DEBUG | d.t.c.a.a.c.u.util.UserUtilService   : 1 instructors generated
    23:42:18.689 |  28 nPool-1-worker-2 | DEBUG | d.t.c.a.a.c.u.util.UserUtilService   : Removing 8 users from all courses...
    23:42:18.691 |  28 nPool-1-worker-2 | DEBUG | d.t.c.a.a.c.u.util.UserUtilService   : Removing 8 users from all courses. Done
    23:42:18.691 |  28 nPool-1-worker-2 | DEBUG | d.t.c.a.a.c.u.util.UserUtilService   : Save 8 users to database...
    23:42:18.713 |  28 nPool-1-worker-2 | DEBUG | d.t.c.a.a.c.u.util.UserUtilService   : Save 8 users to database. Done
    23:42:18.813 |  28 nPool-1-worker-2 | DEBUG | utorialGroupChannelManagementService : Created channel with id 69 for tutorial group with id 76
    23:42:18.819 |  28 nPool-1-worker-2 | DEBUG | utorialGroupChannelManagementService : Added channel with id 69 to tutorial group with id 76
    23:42:18.828 |  28 nPool-1-worker-2 | DEBUG | utorialGroupChannelManagementService : Added users with ids [8] to the channel with id 69 of the tutorial group with id 76
    23:42:18.842 |  28 nPool-1-worker-2 | DEBUG | utorialGroupChannelManagementService : Added teaching assistant with id 12 to the channel with id 69 of the tutorial group with id 76
    23:42:18.859 |  28 nPool-1-worker-2 | DEBUG | utorialGroupChannelManagementService : Granted teaching assistant with id 12 moderator role for the channel with id 69 of the tutorial group with id 76
    23:42:18.859 |  28 nPool-1-worker-2 | DEBUG | utorialGroupChannelManagementService : Setup channel for tutorial group with id 76 with channel id 69
    23:42:18.864 |  28 nPool-1-worker-2 | DEBUG | utorialGroupChannelManagementService : Created channel with id 70 for tutorial group with id 77
    23:42:18.866 |  28 nPool-1-worker-2 | DEBUG | utorialGroupChannelManagementService : Added channel with id 70 to tutorial group with id 77
    23:42:18.878 |  28 nPool-1-worker-2 | DEBUG | utorialGroupChannelManagementService : Added users with ids [9] to the channel with id 70 of the tutorial group with id 77
    23:42:18.892 |  28 nPool-1-worker-2 | DEBUG | utorialGroupChannelManagementService : Added teaching assistant with id 13 to the channel with id 70 of the tutorial group with id 77
    23:42:18.907 |  28 nPool-1-worker-2 | DEBUG | utorialGroupChannelManagementService : Granted teaching assistant with id 13 moderator role for the channel with id 70 of the tutorial group with id 77
    23:42:18.907 |  28 nPool-1-worker-2 | DEBUG | utorialGroupChannelManagementService : Setup channel for tutorial group with id 77 with channel id 70
    23:42:18.908 |  28 nPool-1-worker-2 | INFO  | i.z.t.d.l.EmbeddedDatabaseReporter   : JDBC URL to connect to 'dataSource': url='jdbc:h2:tcp://localhost:41063/mem:df70fc46-7e57-4cb5-9cd0-c1d90c14afa7;USER=sa', scope='TutorialGroupIntegrationTest#averageAttendanceCalculationTest_TwoSessionsOfTheLastThreeHaveAttendanceData_AverageIsArithmeticMean'
    23:42:18.925 |  28 nPool-1-worker-2 | DEBUG | d.t.c.a.a.c.s.f.ApiVersionFilter     : Adding Version to Request GET /api/courses/121/tutorial-groups
    23:42:18.929 |  28 nPool-1-worker-2 | DEBUG | d.t.c.a.a.t.w.TutorialGroupResource  : REST request to get all tutorial groups of course with id: 121
    23:42:18.964 |  28 nPool-1-worker-2 | DEBUG | d.t.c.a.a.c.s.f.ApiVersionFilter     : Adding Version to Request GET /api/courses/121/tutorial-groups
    23:42:18.965 |  28 nPool-1-worker-2 | DEBUG | d.t.c.a.a.t.w.TutorialGroupResource  : REST request to get all tutorial groups of course with id: 121
    23:42:19.023 |  28 nPool-1-worker-2 | DEBUG | d.t.c.a.a.c.s.f.ApiVersionFilter     : Adding Version to Request GET /api/courses/121/tutorial-groups
    23:42:19.027 |  28 nPool-1-worker-2 | DEBUG | d.t.c.a.a.t.w.TutorialGroupResource  : REST request to get all tutorial groups of course with id: 121

  Starting logs for TutorialGroupIntegrationTest > [1] useSingleEndpoint=true
    23:42:19.079 |  28 nPool-1-worker-2 | DEBUG | d.t.c.a.a.c.u.util.UserUtilService   : Generate 4 students...
    23:42:19.088 |  28 nPool-1-worker-2 | DEBUG | d.t.c.a.a.c.u.util.UserUtilService   : 4 students generated. Generate 2 tutors...
    23:42:19.092 |  28 nPool-1-worker-2 | DEBUG | d.t.c.a.a.c.u.util.UserUtilService   : 2 tutors generated. Generate 1 editors...
    23:42:19.095 |  28 nPool-1-worker-2 | DEBUG | d.t.c.a.a.c.u.util.UserUtilService   : 1 editors generated. Generate 1 instructors...
    23:42:19.098 |  28 nPool-1-worker-2 | DEBUG | d.t.c.a.a.c.u.util.UserUtilService   : 1 instructors generated
    23:42:19.100 |  28 nPool-1-worker-2 | DEBUG | d.t.c.a.a.c.u.util.UserUtilService   : Removing 8 users from all courses...
    23:42:19.102 |  28 nPool-1-worker-2 | DEBUG | d.t.c.a.a.c.u.util.UserUtilService   : Removing 8 users from all courses. Done
    23:42:19.102 |  28 nPool-1-worker-2 | DEBUG | d.t.c.a.a.c.u.util.UserUtilService   : Save 8 users to database...
    23:42:19.124 |  28 nPool-1-worker-2 | DEBUG | d.t.c.a.a.c.u.util.UserUtilService   : Save 8 users to database. Done
    23:42:19.147 |  28 nPool-1-worker-2 | DEBUG | utorialGroupChannelManagementService : Created channel with id 71 for tutorial group with id 81
    23:42:19.150 |  28 nPool-1-worker-2 | DEBUG | utorialGroupChannelManagementService : Added channel with id 71 to tutorial group with id 81
    23:42:19.159 |  28 nPool-1-worker-2 | DEBUG | utorialGroupChannelManagementService : Added users with ids [8] to the channel with id 71 of the tutorial group with id 81
    23:42:19.177 |  28 nPool-1-worker-2 | DEBUG | utorialGroupChannelManagementService : Added teaching assistant with id 12 to the channel with id 71 of the tutorial group with id 81
    23:42:19.189 |  28 nPool-1-worker-2 | DEBUG | utorialGroupChannelManagementService : Granted teaching assistant with id 12 moderator role for the channel with id 71 of the tutorial group with id 81
    23:42:19.189 |  28 nPool-1-worker-2 | DEBUG | utorialGroupChannelManagementService : Setup channel for tutorial group with id 81 with channel id 71
    23:42:19.193 |  28 nPool-1-worker-2 | DEBUG | utorialGroupChannelManagementService : Created channel with id 72 for tutorial group with id 82
    23:42:19.196 |  28 nPool-1-worker-2 | DEBUG | utorialGroupChannelManagementService : Added channel with id 72 to tutorial group with id 82
    23:42:19.205 |  28 nPool-1-worker-2 | DEBUG | utorialGroupChannelManagementService : Added users with ids [9] to the channel with id 72 of the tutorial group with id 82
    23:42:19.222 |  28 nPool-1-worker-2 | DEBUG | utorialGroupChannelManagementService : Added teaching assistant with id 13 to the channel with id 72 of the tutorial group with id 82
    23:42:19.236 |  28 nPool-1-worker-2 | DEBUG | utorialGroupChannelManagementService : Granted teaching assistant with id 13 moderator role for the channel with id 72 of the tutorial group with id 82
    23:42:19.236 |  28 nPool-1-worker-2 | DEBUG | utorialGroupChannelManagementService : Setup channel for tutorial group with id 82 with channel id 72
    23:42:19.236 |  28 nPool-1-worker-2 | INFO  | i.z.t.d.l.EmbeddedDatabaseReporter   : JDBC URL to connect to 'dataSource': url='jdbc:h2:tcp://localhost:41063/mem:df70fc46-7e57-4cb5-9cd0-c1d90c14afa7;USER=sa', scope='TutorialGroupIntegrationTest#averageAttendanceCalculationTest_OneSessionOfTheLastThreeHasAttendanceData_AverageIsAttendanceOfSession'
    23:42:19.250 |  28 nPool-1-worker-2 | DEBUG | d.t.c.a.a.c.s.f.ApiVersionFilter     : Adding Version to Request GET /api/courses/123/tutorial-groups/83
    23:42:19.254 |  28 nPool-1-worker-2 | DEBUG | d.t.c.a.a.t.w.TutorialGroupResource  : REST request to get tutorial group: 83 of course: 123
    23:42:19.281 |  28 nPool-1-worker-2 | DEBUG | d.t.c.a.a.c.s.f.ApiVersionFilter     : Adding Version to Request GET /api/courses/123/tutorial-groups/84
    23:42:19.283 |  28 nPool-1-worker-2 | DEBUG | d.t.c.a.a.t.w.TutorialGroupResource  : REST request to get tutorial group: 84 of course: 123
    23:42:19.307 |  28 nPool-1-worker-2 | DEBUG | d.t.c.a.a.c.s.f.ApiVersionFilter     : Adding Version to Request GET /api/courses/123/tutorial-groups/85
    23:42:19.308 |  28 nPool-1-worker-2 | DEBUG | d.t.c.a.a.t.w.TutorialGroupResource  : REST request to get tutorial group: 85 of course: 123

  Starting logs for TutorialGroupIntegrationTest > [2] useSingleEndpoint=false
    23:42:19.344 |  28 nPool-1-worker-2 | DEBUG | d.t.c.a.a.c.u.util.UserUtilService   : Generate 4 students...
    23:42:19.353 |  28 nPool-1-worker-2 | DEBUG | d.t.c.a.a.c.u.util.UserUtilService   : 4 students generated. Generate 2 tutors...
    23:42:19.357 |  28 nPool-1-worker-2 | DEBUG | d.t.c.a.a.c.u.util.UserUtilService   : 2 tutors generated. Generate 1 editors...
    23:42:19.360 |  28 nPool-1-worker-2 | DEBUG | d.t.c.a.a.c.u.util.UserUtilService   : 1 editors generated. Generate 1 instructors...
    23:42:19.363 |  28 nPool-1-worker-2 | DEBUG | d.t.c.a.a.c.u.util.UserUtilService   : 1 instructors generated
    23:42:19.365 |  28 nPool-1-worker-2 | DEBUG | d.t.c.a.a.c.u.util.UserUtilService   : Removing 8 users from all courses...
    23:42:19.367 |  28 nPool-1-worker-2 | DEBUG | d.t.c.a.a.c.u.util.UserUtilService   : Removing 8 users from all courses. Done
    23:42:19.367 |  28 nPool-1-worker-2 | DEBUG | d.t.c.a.a.c.u.util.UserUtilService   : Save 8 users to database...
    23:42:19.387 |  28 nPool-1-worker-2 | DEBUG | d.t.c.a.a.c.u.util.UserUtilService   : Save 8 users to database. Done
    23:42:19.411 |  28 nPool-1-worker-2 | DEBUG | utorialGroupChannelManagementService : Created channel with id 73 for tutorial group with id 86
    23:42:19.414 |  28 nPool-1-worker-2 | DEBUG | utorialGroupChannelManagementService : Added channel with id 73 to tutorial group with id 86
    23:42:19.423 |  28 nPool-1-worker-2 | DEBUG | utorialGroupChannelManagementService : Added users with ids [8] to the channel with id 73 of the tutorial group with id 86
    23:42:19.436 |  28 nPool-1-worker-2 | DEBUG | utorialGroupChannelManagementService : Added teaching assistant with id 12 to the channel with id 73 of the tutorial group with id 86
    23:42:19.449 |  28 nPool-1-worker-2 | DEBUG | utorialGroupChannelManagementService : Granted teaching assistant with id 12 moderator role for the channel with id 73 of the tutorial group with id 86
    23:42:19.449 |  28 nPool-1-worker-2 | DEBUG | utorialGroupChannelManagementService : Setup channel for tutorial group with id 86 with channel id 73
    23:42:19.454 |  28 nPool-1-worker-2 | DEBUG | utorialGroupChannelManagementService : Created channel with id 74 for tutorial group with id 87
    23:42:19.457 |  28 nPool-1-worker-2 | DEBUG | utorialGroupChannelManagementService : Added channel with id 74 to tutorial group with id 87
    23:42:19.466 |  28 nPool-1-worker-2 | DEBUG | utorialGroupChannelManagementService : Added users with ids [9] to the channel with id 74 of the tutorial group with id 87
    23:42:19.479 |  28 nPool-1-worker-2 | DEBUG | utorialGroupChannelManagementService : Added teaching assistant with id 13 to the channel with id 74 of the tutorial group with id 87
    23:42:19.495 |  28 nPool-1-worker-2 | DEBUG | utorialGroupChannelManagementService : Granted teaching assistant with id 13 moderator role for the channel with id 74 of the tutorial group with id 87
    23:42:19.495 |  28 nPool-1-worker-2 | DEBUG | utorialGroupChannelManagementService : Setup channel for tutorial group with id 87 with channel id 74
    23:42:19.497 |  28 nPool-1-worker-2 | INFO  | i.z.t.d.l.EmbeddedDatabaseReporter   : JDBC URL to connect to 'dataSource': url='jdbc:h2:tcp://localhost:41063/mem:df70fc46-7e57-4cb5-9cd0-c1d90c14afa7;USER=sa', scope='TutorialGroupIntegrationTest#averageAttendanceCalculationTest_OneSessionOfTheLastThreeHasAttendanceData_AverageIsAttendanceOfSession'
    23:42:19.515 |  28 nPool-1-worker-2 | DEBUG | d.t.c.a.a.c.s.f.ApiVersionFilter     : Adding Version to Request GET /api/courses/125/tutorial-groups
    23:42:19.518 |  28 nPool-1-worker-2 | DEBUG | d.t.c.a.a.t.w.TutorialGroupResource  : REST request to get all tutorial groups of course with id: 125
    23:42:19.549 |  28 nPool-1-worker-2 | DEBUG | d.t.c.a.a.c.s.f.ApiVersionFilter     : Adding Version to Request GET /api/courses/125/tutorial-groups
    23:42:19.551 |  28 nPool-1-worker-2 | DEBUG | d.t.c.a.a.t.w.TutorialGroupResource  : REST request to get all tutorial groups of course with id: 125
    23:42:19.584 |  28 nPool-1-worker-2 | DEBUG | d.t.c.a.a.c.s.f.ApiVersionFilter     : Adding Version to Request GET /api/courses/125/tutorial-groups
    23:42:19.586 |  28 nPool-1-worker-2 | DEBUG | d.t.c.a.a.t.w.TutorialGroupResource  : REST request to get all tutorial groups of course with id: 125

  Starting logs for TutorialGroupIntegrationTest > update_withoutId_shouldReturnBadRequest()
    23:42:19.655 |  28 nPool-1-worker-2 | DEBUG | d.t.c.a.a.c.u.util.UserUtilService   : Generate 4 students...
    23:42:19.663 |  28 nPool-1-worker-2 | DEBUG | d.t.c.a.a.c.u.util.UserUtilService   : 4 students generated. Generate 2 tutors...
    23:42:19.668 |  28 nPool-1-worker-2 | DEBUG | d.t.c.a.a.c.u.util.UserUtilService   : 2 tutors generated. Generate 1 editors...
    23:42:19.673 |  28 nPool-1-worker-2 | DEBUG | d.t.c.a.a.c.u.util.UserUtilService   : 1 editors generated. Generate 1 instructors...
    23:42:19.677 |  28 nPool-1-worker-2 | DEBUG | d.t.c.a.a.c.u.util.UserUtilService   : 1 instructors generated
    23:42:19.679 |  28 nPool-1-worker-2 | DEBUG | d.t.c.a.a.c.u.util.UserUtilService   : Removing 8 users from all courses...
    23:42:19.681 |  28 nPool-1-worker-2 | DEBUG | d.t.c.a.a.c.u.util.UserUtilService   : Removing 8 users from all courses. Done
    23:42:19.681 |  28 nPool-1-worker-2 | DEBUG | d.t.c.a.a.c.u.util.UserUtilService   : Save 8 users to database...
    23:42:19.706 |  28 nPool-1-worker-2 | DEBUG | d.t.c.a.a.c.u.util.UserUtilService   : Save 8 users to database. Done
    23:42:19.728 |  28 nPool-1-worker-2 | DEBUG | utorialGroupChannelManagementService : Created channel with id 75 for tutorial group with id 91
    23:42:19.731 |  28 nPool-1-worker-2 | DEBUG | utorialGroupChannelManagementService : Added channel with id 75 to tutorial group with id 91
    23:42:19.740 |  28 nPool-1-worker-2 | DEBUG | utorialGroupChannelManagementService : Added users with ids [8] to the channel with id 75 of the tutorial group with id 91
    23:42:19.751 |  28 nPool-1-worker-2 | DEBUG | utorialGroupChannelManagementService : Added teaching assistant with id 12 to the channel with id 75 of the tutorial group with id 91
    23:42:19.764 |  28 nPool-1-worker-2 | DEBUG | utorialGroupChannelManagementService : Granted teaching assistant with id 12 moderator role for the channel with id 75 of the tutorial group with id 91
    23:42:19.764 |  28 nPool-1-worker-2 | DEBUG | utorialGroupChannelManagementService : Setup channel for tutorial group with id 91 with channel id 75
    23:42:19.768 |  28 nPool-1-worker-2 | DEBUG | utorialGroupChannelManagementService : Created channel with id 76 for tutorial group with id 92
    23:42:19.770 |  28 nPool-1-worker-2 | DEBUG | utorialGroupChannelManagementService : Added channel with id 76 to tutorial group with id 92
    23:42:19.779 |  28 nPool-1-worker-2 | DEBUG | utorialGroupChannelManagementService : Added users with ids [9] to the channel with id 76 of the tutorial group with id 92
    23:42:19.789 |  28 nPool-1-worker-2 | DEBUG | utorialGroupChannelManagementService : Added teaching assistant with id 13 to the channel with id 76 of the tutorial group with id 92
    23:42:19.801 |  28 nPool-1-worker-2 | DEBUG | utorialGroupChannelManagementService : Granted teaching assistant with id 13 moderator role for the channel with id 76 of the tutorial group with id 92
    23:42:19.801 |  28 nPool-1-worker-2 | DEBUG | utorialGroupChannelManagementService : Setup channel for tutorial group with id 92 with channel id 76
    23:42:19.801 |  28 nPool-1-worker-2 | INFO  | i.z.t.d.l.EmbeddedDatabaseReporter   : JDBC URL to connect to 'dataSource': url='jdbc:h2:tcp://localhost:41063/mem:df70fc46-7e57-4cb5-9cd0-c1d90c14afa7;USER=sa', scope='TutorialGroupIntegrationTest#update_withoutId_shouldReturnBadRequest'
    23:42:19.804 |  28 nPool-1-worker-2 | DEBUG | d.t.c.a.a.c.s.f.ApiVersionFilter     : Adding Version to Request PUT /api/courses/127/tutorial-groups/91
    23:42:19.823 |  28 nPool-1-worker-2 | WARN  | o.z.p.spring.common.AdviceTraits     : Bad Request: Validation failed for argument [2] in public org.springframework.http.ResponseEntity<de.tum.cit.aet.artemis.tutorialgroup.domain.TutorialGroup> de.tum.cit.aet.artemis.tutorialgroup.web.TutorialGroupResource.update(long,long,de.tum.cit.aet.artemis.tutorialgroup.web.TutorialGroupResource$TutorialGroupUpdateDTO): [Field error in object 'tutorialGroupUpdateDTO' on field 'tutorialGroup': rejected value [null]; codes [NotNull.tutorialGroupUpdateDTO.tutorialGroup,NotNull.tutorialGroup,NotNull.de.tum.cit.aet.artemis.tutorialgroup.domain.TutorialGroup,NotNull]; arguments [org.springframework.context.support.DefaultMessageSourceResolvable: codes [tutorialGroupUpdateDTO.tutorialGroup,tutorialGroup]; arguments []; default message [tutorialGroup]]; default message [must not be null]] 

  Starting logs for TutorialGroupIntegrationTest > [1] loadFromService=true
    23:42:19.852 |  28 nPool-1-worker-2 | DEBUG | d.t.c.a.a.c.u.util.UserUtilService   : Generate 4 students...
    23:42:19.860 |  28 nPool-1-worker-2 | DEBUG | d.t.c.a.a.c.u.util.UserUtilService   : 4 students generated. Generate 2 tutors...
    23:42:19.864 |  28 nPool-1-worker-2 | DEBUG | d.t.c.a.a.c.u.util.UserUtilService   : 2 tutors generated. Generate 1 editors...
    23:42:19.868 |  28 nPool-1-worker-2 | DEBUG | d.t.c.a.a.c.u.util.UserUtilService   : 1 editors generated. Generate 1 instructors...
    23:42:19.871 |  28 nPool-1-worker-2 | DEBUG | d.t.c.a.a.c.u.util.UserUtilService   : 1 instructors generated
    23:42:19.873 |  28 nPool-1-worker-2 | DEBUG | d.t.c.a.a.c.u.util.UserUtilService   : Removing 8 users from all courses...
    23:42:19.875 |  28 nPool-1-worker-2 | DEBUG | d.t.c.a.a.c.u.util.UserUtilService   : Removing 8 users from all courses. Done
    23:42:19.875 |  28 nPool-1-worker-2 | DEBUG | d.t.c.a.a.c.u.util.UserUtilService   : Save 8 users to database...
    23:42:19.895 |  28 nPool-1-worker-2 | DEBUG | d.t.c.a.a.c.u.util.UserUtilService   : Save 8 users to database. Done
    23:42:19.923 |  28 nPool-1-worker-2 | DEBUG | utorialGroupChannelManagementService : Created channel with id 77 for tutorial group with id 93
    23:42:19.926 |  28 nPool-1-worker-2 | DEBUG | utorialGroupChannelManagementService : Added channel with id 77 to tutorial group with id 93
    23:42:19.935 |  28 nPool-1-worker-2 | DEBUG | utorialGroupChannelManagementService : Added users with ids [8] to the channel with id 77 of the tutorial group with id 93
    23:42:19.950 |  28 nPool-1-worker-2 | DEBUG | utorialGroupChannelManagementService : Added teaching assistant with id 12 to the channel with id 77 of the tutorial group with id 93
    23:42:19.964 |  28 nPool-1-worker-2 | DEBUG | utorialGroupChannelManagementService : Granted teaching assistant with id 12 moderator role for the channel with id 77 of the tutorial group with id 93
    23:42:19.964 |  28 nPool-1-worker-2 | DEBUG | utorialGroupChannelManagementService : Setup channel for tutorial group with id 93 with channel id 77
    23:42:19.968 |  28 nPool-1-worker-2 | DEBUG | utorialGroupChannelManagementService : Created channel with id 78 for tutorial group with id 94
    23:42:19.971 |  28 nPool-1-worker-2 | DEBUG | utorialGroupChannelManagementService : Added channel with id 78 to tutorial group with id 94
    23:42:19.980 |  28 nPool-1-worker-2 | DEBUG | utorialGroupChannelManagementService : Added users with ids [9] to the channel with id 78 of the tutorial group with id 94
    23:42:19.991 |  28 nPool-1-worker-2 | DEBUG | utorialGroupChannelManagementService : Added teaching assistant with id 13 to the channel with id 78 of the tutorial group with id 94
    23:42:20.004 |  28 nPool-1-worker-2 | DEBUG | utorialGroupChannelManagementService : Granted teaching assistant with id 13 moderator role for the channel with id 78 of the tutorial group with id 94
    23:42:20.004 |  28 nPool-1-worker-2 | DEBUG | utorialGroupChannelManagementService : Setup channel for tutorial group with id 94 with channel id 78
    23:42:20.004 |  28 nPool-1-worker-2 | INFO  | i.z.t.d.l.EmbeddedDatabaseReporter   : JDBC URL to connect to 'dataSource': url='jdbc:h2:tcp://localhost:41063/mem:df70fc46-7e57-4cb5-9cd0-c1d90c14afa7;USER=sa', scope='TutorialGroupIntegrationTest#getAllForCourse_asTutorOfOneGroup_shouldShowPrivateInformationForOwnGroup'

  Starting logs for TutorialGroupIntegrationTest > [2] loadFromService=false
    23:42:20.043 |  28 nPool-1-worker-2 | DEBUG | d.t.c.a.a.c.u.util.UserUtilService   : Generate 4 students...
    23:42:20.051 |  28 nPool-1-worker-2 | DEBUG | d.t.c.a.a.c.u.util.UserUtilService   : 4 students generated. Generate 2 tutors...
    23:42:20.055 |  28 nPool-1-worker-2 | DEBUG | d.t.c.a.a.c.u.util.UserUtilService   : 2 tutors generated. Generate 1 editors...
    23:42:20.058 |  28 nPool-1-worker-2 | DEBUG | d.t.c.a.a.c.u.util.UserUtilService   : 1 editors generated. Generate 1 instructors...
    23:42:20.062 |  28 nPool-1-worker-2 | DEBUG | d.t.c.a.a.c.u.util.UserUtilService   : 1 instructors generated
    23:42:20.064 |  28 nPool-1-worker-2 | DEBUG | d.t.c.a.a.c.u.util.UserUtilService   : Removing 8 users from all courses...
    23:42:20.066 |  28 nPool-1-worker-2 | DEBUG | d.t.c.a.a.c.u.util.UserUtilService   : Removing 8 users from all courses. Done
    23:42:20.066 |  28 nPool-1-worker-2 | DEBUG | d.t.c.a.a.c.u.util.UserUtilService   : Save 8 users to database...
    23:42:20.087 |  28 nPool-1-worker-2 | DEBUG | d.t.c.a.a.c.u.util.UserUtilService   : Save 8 users to database. Done
    23:42:20.111 |  28 nPool-1-worker-2 | DEBUG | utorialGroupChannelManagementService : Created channel with id 79 for tutorial group with id 95
    23:42:20.115 |  28 nPool-1-worker-2 | DEBUG | utorialGroupChannelManagementService : Added channel with id 79 to tutorial group with id 95
    23:42:20.123 |  28 nPool-1-worker-2 | DEBUG | utorialGroupChannelManagementService : Added users with ids [8] to the channel with id 79 of the tutorial group with id 95
    23:42:20.135 |  28 nPool-1-worker-2 | DEBUG | utorialGroupChannelManagementService : Added teaching assistant with id 12 to the channel with id 79 of the tutorial group with id 95
    23:42:20.148 |  28 nPool-1-worker-2 | DEBUG | utorialGroupChannelManagementService : Granted teaching assistant with id 12 moderator role for the channel with id 79 of the tutorial group with id 95
    23:42:20.148 |  28 nPool-1-worker-2 | DEBUG | utorialGroupChannelManagementService : Setup channel for tutorial group with id 95 with channel id 79
    23:42:20.148 | 566 localvc.event-13 | DEBUG | a.p.s.l.LocalCIQueueWebsocketService : Build agent added: BuildAgentInformation[buildAgent=BuildAgentDTO[name=artemis-build-agent-test, memberAddress=[127.0.0.1]:5703, displayName=artemis-build-agent-test], maxNumberOfConcurrentBuildJobs=1, numberOfCurrentBuildJobs=0, runningBuildJobs=[], status=IDLE, recentBuildJobs=[], publicSshKey=ssh-rsa AAAAB3NzaC1yc2EAAAADAQABAAACAQCOPdMsxRE2jFJ/UEa5/LsBxtwzJcrh3/rYBCQvcMeVpiRfhzQPWu7mrt/G2Ew+i+vRloGH9aqKg6dd1liRncao53Zmd/ePxoatXePNhmzTfkCkcSkTUz7B+QMjkoDDV5jwuFPD6mF3JkhuzSi64n9Zy905t4w2IhVcjM2mL3eYNjiCXt6Qpq3Pkt7dM/Ksw1nxnvuiIALuJLB3FTkXkHqq3PJav+9HSq2r6ZaWgekneaGxlQlb+U+Vy3XOuArKAzK8c8i+0bR+AHiTG6ncYXt7ax3U+TdlDTF7OLP3umwaYjs1NBXOHwG42pevvpKn2fqavZZozk+M05jXLx3bq0O7itxfErWc7etky8qYPyyIMF/txQIVLd78+Ze4d7Y60t5MGbXM5cGE6fFif5fEJwgswXD+BrG0cafz1CTatjSKFdvp8Vp4VszXhHDan1PrP6JEFJ5Cc5GDmLRZPCFa3vL9f5qXgf4bkqKN8MYeEujwJE5nMRWoiJVNakix2bcrrneQMBlnYeYZVWXXXUusAQBzl4NgddC1umZpihZkL1b1MffZAUW3EGEXi7KHnllQhkTLLsQ8ntMgbylqaJKStqaXlLvdeRJcEnUuiFCrHEVVbXRFZR7XVDZ02CE5o3MuaRPty8Kh+jRTF3COlAckHwYEJCNNJvXFgb2CNXL4mjzYDw== test@localhost]
    23:42:20.152 |  28 nPool-1-worker-2 | DEBUG | utorialGroupChannelManagementService : Created channel with id 80 for tutorial group with id 96
    23:42:20.159 | 566 localvc.event-13 | DEBUG | s.l.LocalCIWebsocketMessagingService : Sending message on topic /topic/admin/build-agents: [BuildAgentInformation[buildAgent=BuildAgentDTO[name=artemis-build-agent-test, memberAddress=[127.0.0.1]:5703, displayName=artemis-build-agent-test], maxNumberOfConcurrentBuildJobs=1, numberOfCurrentBuildJobs=0, runningBuildJobs=[], status=IDLE, recentBuildJobs=null, publicSshKey=null]]
    23:42:20.161 |  28 nPool-1-worker-2 | DEBUG | utorialGroupChannelManagementService : Added channel with id 80 to tutorial group with id 96
    23:42:20.163 | 566 localvc.event-13 | DEBUG | s.l.LocalCIWebsocketMessagingService : Sending message on topic /topic/admin/build-agent/artemis-build-agent-test: BuildAgentInformation[buildAgent=BuildAgentDTO[name=artemis-build-agent-test, memberAddress=[127.0.0.1]:5703, displayName=artemis-build-agent-test], maxNumberOfConcurrentBuildJobs=1, numberOfCurrentBuildJobs=0, runningBuildJobs=[], status=IDLE, recentBuildJobs=[], publicSshKey=ssh-rsa AAAAB3NzaC1yc2EAAAADAQABAAACAQCOPdMsxRE2jFJ/UEa5/LsBxtwzJcrh3/rYBCQvcMeVpiRfhzQPWu7mrt/G2Ew+i+vRloGH9aqKg6dd1liRncao53Zmd/ePxoatXePNhmzTfkCkcSkTUz7B+QMjkoDDV5jwuFPD6mF3JkhuzSi64n9Zy905t4w2IhVcjM2mL3eYNjiCXt6Qpq3Pkt7dM/Ksw1nxnvuiIALuJLB3FTkXkHqq3PJav+9HSq2r6ZaWgekneaGxlQlb+U+Vy3XOuArKAzK8c8i+0bR+AHiTG6ncYXt7ax3U+TdlDTF7OLP3umwaYjs1NBXOHwG42pevvpKn2fqavZZozk+M05jXLx3bq0O7itxfErWc7etky8qYPyyIMF/txQIVLd78+Ze4d7Y60t5MGbXM5cGE6fFif5fEJwgswXD+BrG0cafz1CTatjSKFdvp8Vp4VszXhHDan1PrP6JEFJ5Cc5GDmLRZPCFa3vL9f5qXgf4bkqKN8MYeEujwJE5nMRWoiJVNakix2bcrrneQMBlnYeYZVWXXXUusAQBzl4NgddC1umZpihZkL1b1MffZAUW3EGEXi7KHnllQhkTLLsQ8ntMgbylqaJKStqaXlLvdeRJcEnUuiFCrHEVVbXRFZR7XVDZ02CE5o3MuaRPty8Kh+jRTF3COlAckHwYEJCNNJvXFgb2CNXL4mjzYDw== test@localhost]
    23:42:20.163 | 566 localvc.event-13 | DEBUG | a.p.s.l.SharedQueueManagementService : Build agent added: null
    23:42:20.171 |  28 nPool-1-worker-2 | DEBUG | utorialGroupChannelManagementService : Added users with ids [9] to the channel with id 80 of the tutorial group with id 96
    23:42:20.182 |  28 nPool-1-worker-2 | DEBUG | utorialGroupChannelManagementService : Added teaching assistant with id 13 to the channel with id 80 of the tutorial group with id 96
    23:42:20.194 |  28 nPool-1-worker-2 | DEBUG | utorialGroupChannelManagementService : Granted teaching assistant with id 13 moderator role for the channel with id 80 of the tutorial group with id 96
    23:42:20.194 |  28 nPool-1-worker-2 | DEBUG | utorialGroupChannelManagementService : Setup channel for tutorial group with id 96 with channel id 80
    23:42:20.195 |  28 nPool-1-worker-2 | INFO  | i.z.t.d.l.EmbeddedDatabaseReporter   : JDBC URL to connect to 'dataSource': url='jdbc:h2:tcp://localhost:41063/mem:df70fc46-7e57-4cb5-9cd0-c1d90c14afa7;USER=sa', scope='TutorialGroupIntegrationTest#getAllForCourse_asTutorOfOneGroup_shouldShowPrivateInformationForOwnGroup'
    23:42:20.197 |  28 nPool-1-worker-2 | DEBUG | d.t.c.a.a.c.s.f.ApiVersionFilter     : Adding Version to Request GET /api/courses/131/tutorial-groups
    23:42:20.198 |  28 nPool-1-worker-2 | DEBUG | d.t.c.a.a.t.w.TutorialGroupResource  : REST request to get all tutorial groups of course with id: 131

  Starting logs for TutorialGroupIntegrationTest > deregisterStudent_asTutorOfGroup_shouldAllowDeregistration()
    23:42:20.243 |  28 nPool-1-worker-2 | DEBUG | d.t.c.a.a.c.u.util.UserUtilService   : Generate 4 students...
    23:42:20.251 |  28 nPool-1-worker-2 | DEBUG | d.t.c.a.a.c.u.util.UserUtilService   : 4 students generated. Generate 2 tutors...
    23:42:20.255 |  28 nPool-1-worker-2 | DEBUG | d.t.c.a.a.c.u.util.UserUtilService   : 2 tutors generated. Generate 1 editors...
    23:42:20.258 |  28 nPool-1-worker-2 | DEBUG | d.t.c.a.a.c.u.util.UserUtilService   : 1 editors generated. Generate 1 instructors...
    23:42:20.262 |  28 nPool-1-worker-2 | DEBUG | d.t.c.a.a.c.u.util.UserUtilService   : 1 instructors generated
    23:42:20.266 |  28 nPool-1-worker-2 | DEBUG | d.t.c.a.a.c.u.util.UserUtilService   : Removing 8 users from all courses...
    23:42:20.268 |  28 nPool-1-worker-2 | DEBUG | d.t.c.a.a.c.u.util.UserUtilService   : Removing 8 users from all courses. Done
    23:42:20.268 |  28 nPool-1-worker-2 | DEBUG | d.t.c.a.a.c.u.util.UserUtilService   : Save 8 users to database...
    23:42:20.317 |  28 nPool-1-worker-2 | DEBUG | d.t.c.a.a.c.u.util.UserUtilService   : Save 8 users to database. Done
    23:42:20.341 |  28 nPool-1-worker-2 | DEBUG | utorialGroupChannelManagementService : Created channel with id 81 for tutorial group with id 97
    23:42:20.344 |  28 nPool-1-worker-2 | DEBUG | utorialGroupChannelManagementService : Added channel with id 81 to tutorial group with id 97
    23:42:20.352 |  28 nPool-1-worker-2 | DEBUG | utorialGroupChannelManagementService : Added users with ids [8] to the channel with id 81 of the tutorial group with id 97
    23:42:20.363 |  28 nPool-1-worker-2 | DEBUG | utorialGroupChannelManagementService : Added teaching assistant with id 12 to the channel with id 81 of the tutorial group with id 97
    23:42:20.375 |  28 nPool-1-worker-2 | DEBUG | utorialGroupChannelManagementService : Granted teaching assistant with id 12 moderator role for the channel with id 81 of the tutorial group with id 97
    23:42:20.375 |  28 nPool-1-worker-2 | DEBUG | utorialGroupChannelManagementService : Setup channel for tutorial group with id 97 with channel id 81
    23:42:20.379 |  28 nPool-1-worker-2 | DEBUG | utorialGroupChannelManagementService : Created channel with id 82 for tutorial group with id 98
    23:42:20.381 |  28 nPool-1-worker-2 | DEBUG | utorialGroupChannelManagementService : Added channel with id 82 to tutorial group with id 98
    23:42:20.390 |  28 nPool-1-worker-2 | DEBUG | utorialGroupChannelManagementService : Added users with ids [9] to the channel with id 82 of the tutorial group with id 98
    23:42:20.401 |  28 nPool-1-worker-2 | DEBUG | utorialGroupChannelManagementService : Added teaching assistant with id 13 to the channel with id 82 of the tutorial group with id 98
    23:42:20.414 |  28 nPool-1-worker-2 | DEBUG | utorialGroupChannelManagementService : Granted teaching assistant with id 13 moderator role for the channel with id 82 of the tutorial group with id 98
    23:42:20.414 |  28 nPool-1-worker-2 | DEBUG | utorialGroupChannelManagementService : Setup channel for tutorial group with id 98 with channel id 82
    23:42:20.414 |  28 nPool-1-worker-2 | INFO  | i.z.t.d.l.EmbeddedDatabaseReporter   : JDBC URL to connect to 'dataSource': url='jdbc:h2:tcp://localhost:41063/mem:df70fc46-7e57-4cb5-9cd0-c1d90c14afa7;USER=sa', scope='TutorialGroupIntegrationTest#deregisterStudent_asTutorOfGroup_shouldAllowDeregistration'
    23:42:20.417 |  28 nPool-1-worker-2 | DEBUG | d.t.c.a.a.c.s.f.ApiVersionFilter     : Adding Version to Request DELETE /api/courses/133/tutorial-groups/97/deregister/tutorialgroupstudent1
    23:42:20.418 |  28 nPool-1-worker-2 | DEBUG | d.t.c.a.a.t.w.TutorialGroupResource  : REST request to deregister tutorialgroupstudent1 student from tutorial group : 97
    23:42:20.442 |  28 nPool-1-worker-2 | DEBUG | utorialGroupChannelManagementService : Removed users with ids [8] from the channel with id 81 of the tutorial group with id 97

  Starting logs for TutorialGroupIntegrationTest > [1] useSingleEndpoint=true
    23:42:20.475 |  28 nPool-1-worker-2 | DEBUG | d.t.c.a.a.c.u.util.UserUtilService   : Generate 4 students...
    23:42:20.483 |  28 nPool-1-worker-2 | DEBUG | d.t.c.a.a.c.u.util.UserUtilService   : 4 students generated. Generate 2 tutors...
    23:42:20.487 |  28 nPool-1-worker-2 | DEBUG | d.t.c.a.a.c.u.util.UserUtilService   : 2 tutors generated. Generate 1 editors...
    23:42:20.490 |  28 nPool-1-worker-2 | DEBUG | d.t.c.a.a.c.u.util.UserUtilService   : 1 editors generated. Generate 1 instructors...
    23:42:20.493 |  28 nPool-1-worker-2 | DEBUG | d.t.c.a.a.c.u.util.UserUtilService   : 1 instructors generated
    23:42:20.495 |  28 nPool-1-worker-2 | DEBUG | d.t.c.a.a.c.u.util.UserUtilService   : Removing 8 users from all courses...
    23:42:20.497 |  28 nPool-1-worker-2 | DEBUG | d.t.c.a.a.c.u.util.UserUtilService   : Removing 8 users from all courses. Done
    23:42:20.497 |  28 nPool-1-worker-2 | DEBUG | d.t.c.a.a.c.u.util.UserUtilService   : Save 8 users to database...
    23:42:20.517 |  28 nPool-1-worker-2 | DEBUG | d.t.c.a.a.c.u.util.UserUtilService   : Save 8 users to database. Done
    23:42:20.541 |  28 nPool-1-worker-2 | DEBUG | utorialGroupChannelManagementService : Created channel with id 83 for tutorial group with id 99
    23:42:20.544 |  28 nPool-1-worker-2 | DEBUG | utorialGroupChannelManagementService : Added channel with id 83 to tutorial group with id 99
    23:42:20.552 |  28 nPool-1-worker-2 | DEBUG | utorialGroupChannelManagementService : Added users with ids [8] to the channel with id 83 of the tutorial group with id 99
    23:42:20.566 |  28 nPool-1-worker-2 | DEBUG | utorialGroupChannelManagementService : Added teaching assistant with id 12 to the channel with id 83 of the tutorial group with id 99
    23:42:20.581 |  28 nPool-1-worker-2 | DEBUG | utorialGroupChannelManagementService : Granted teaching assistant with id 12 moderator role for the channel with id 83 of the tutorial group with id 99
    23:42:20.581 |  28 nPool-1-worker-2 | DEBUG | utorialGroupChannelManagementService : Setup channel for tutorial group with id 99 with channel id 83
    23:42:20.586 |  28 nPool-1-worker-2 | DEBUG | utorialGroupChannelManagementService : Created channel with id 84 for tutorial group with id 100
    23:42:20.588 |  28 nPool-1-worker-2 | DEBUG | utorialGroupChannelManagementService : Added channel with id 84 to tutorial group with id 100
    23:42:20.604 |  28 nPool-1-worker-2 | DEBUG | utorialGroupChannelManagementService : Added users with ids [9] to the channel with id 84 of the tutorial group with id 100
    23:42:20.618 |  28 nPool-1-worker-2 | DEBUG | utorialGroupChannelManagementService : Added teaching assistant with id 13 to the channel with id 84 of the tutorial group with id 100
    23:42:20.632 |  28 nPool-1-worker-2 | DEBUG | utorialGroupChannelManagementService : Granted teaching assistant with id 13 moderator role for the channel with id 84 of the tutorial group with id 100
    23:42:20.632 |  28 nPool-1-worker-2 | DEBUG | utorialGroupChannelManagementService : Setup channel for tutorial group with id 100 with channel id 84
    23:42:20.632 |  28 nPool-1-worker-2 | INFO  | i.z.t.d.l.EmbeddedDatabaseReporter   : JDBC URL to connect to 'dataSource': url='jdbc:h2:tcp://localhost:41063/mem:df70fc46-7e57-4cb5-9cd0-c1d90c14afa7;USER=sa', scope='TutorialGroupIntegrationTest#averageAttendanceCalculationTest_MoreThanThreeSessions_AverageIsArithmeticMeanOfLastThree'
    23:42:20.645 |  28 nPool-1-worker-2 | DEBUG | d.t.c.a.a.c.s.f.ApiVersionFilter     : Adding Version to Request GET /api/courses/135/tutorial-groups/101
    23:42:20.647 |  28 nPool-1-worker-2 | DEBUG | d.t.c.a.a.t.w.TutorialGroupResource  : REST request to get tutorial group: 101 of course: 135
    23:42:20.659 | 666 taskScheduler-4  | DEBUG | .a.s.ParticipantScoreScheduleService : Schedule tasks to process...
    23:42:20.660 | 666 taskScheduler-4  | DEBUG | .a.s.ParticipantScoreScheduleService : Processing of 0 results and 0 participant scores.
    23:42:20.660 | 666 taskScheduler-4  | INFO  | .s.WeeklyEmailSummaryScheduleService : Scheduled email summaries on start up.

  Starting logs for TutorialGroupIntegrationTest > [2] useSingleEndpoint=false
    23:42:20.685 |  28 nPool-1-worker-2 | DEBUG | d.t.c.a.a.c.u.util.UserUtilService   : Generate 4 students...
    23:42:20.693 |  28 nPool-1-worker-2 | DEBUG | d.t.c.a.a.c.u.util.UserUtilService   : 4 students generated. Generate 2 tutors...
    23:42:20.697 |  28 nPool-1-worker-2 | DEBUG | d.t.c.a.a.c.u.util.UserUtilService   : 2 tutors generated. Generate 1 editors...
    23:42:20.700 |  28 nPool-1-worker-2 | DEBUG | d.t.c.a.a.c.u.util.UserUtilService   : 1 editors generated. Generate 1 instructors...
    23:42:20.704 |  28 nPool-1-worker-2 | DEBUG | d.t.c.a.a.c.u.util.UserUtilService   : 1 instructors generated
    23:42:20.705 |  28 nPool-1-worker-2 | DEBUG | d.t.c.a.a.c.u.util.UserUtilService   : Removing 8 users from all courses...
    23:42:20.707 |  28 nPool-1-worker-2 | DEBUG | d.t.c.a.a.c.u.util.UserUtilService   : Removing 8 users from all courses. Done
    23:42:20.707 |  28 nPool-1-worker-2 | DEBUG | d.t.c.a.a.c.u.util.UserUtilService   : Save 8 users to database...
    23:42:20.729 |  28 nPool-1-worker-2 | DEBUG | d.t.c.a.a.c.u.util.UserUtilService   : Save 8 users to database. Done
    23:42:20.759 |  28 nPool-1-worker-2 | DEBUG | utorialGroupChannelManagementService : Created channel with id 85 for tutorial group with id 102
    23:42:20.762 |  28 nPool-1-worker-2 | DEBUG | utorialGroupChannelManagementService : Added channel with id 85 to tutorial group with id 102
    23:42:20.770 |  28 nPool-1-worker-2 | DEBUG | utorialGroupChannelManagementService : Added users with ids [8] to the channel with id 85 of the tutorial group with id 102
    23:42:20.781 |  28 nPool-1-worker-2 | DEBUG | utorialGroupChannelManagementService : Added teaching assistant with id 12 to the channel with id 85 of the tutorial group with id 102
    23:42:20.793 |  28 nPool-1-worker-2 | DEBUG | utorialGroupChannelManagementService : Granted teaching assistant with id 12 moderator role for the channel with id 85 of the tutorial group with id 102
    23:42:20.793 |  28 nPool-1-worker-2 | DEBUG | utorialGroupChannelManagementService : Setup channel for tutorial group with id 102 with channel id 85
    23:42:20.797 |  28 nPool-1-worker-2 | DEBUG | utorialGroupChannelManagementService : Created channel with id 86 for tutorial group with id 103
    23:42:20.800 |  28 nPool-1-worker-2 | DEBUG | utorialGroupChannelManagementService : Added channel with id 86 to tutorial group with id 103
    23:42:20.808 |  28 nPool-1-worker-2 | DEBUG | utorialGroupChannelManagementService : Added users with ids [9] to the channel with id 86 of the tutorial group with id 103
    23:42:20.819 |  28 nPool-1-worker-2 | DEBUG | utorialGroupChannelManagementService : Added teaching assistant with id 13 to the channel with id 86 of the tutorial group with id 103
    23:42:20.836 |  28 nPool-1-worker-2 | DEBUG | utorialGroupChannelManagementService : Granted teaching assistant with id 13 moderator role for the channel with id 86 of the tutorial group with id 103
    23:42:20.836 |  28 nPool-1-worker-2 | DEBUG | utorialGroupChannelManagementService : Setup channel for tutorial group with id 103 with channel id 86
    23:42:20.836 |  28 nPool-1-worker-2 | INFO  | i.z.t.d.l.EmbeddedDatabaseReporter   : JDBC URL to connect to 'dataSource': url='jdbc:h2:tcp://localhost:41063/mem:df70fc46-7e57-4cb5-9cd0-c1d90c14afa7;USER=sa', scope='TutorialGroupIntegrationTest#averageAttendanceCalculationTest_MoreThanThreeSessions_AverageIsArithmeticMeanOfLastThree'
    23:42:20.864 |  28 nPool-1-worker-2 | DEBUG | d.t.c.a.a.c.s.f.ApiVersionFilter     : Adding Version to Request GET /api/courses/137/tutorial-groups
    23:42:20.870 |  28 nPool-1-worker-2 | DEBUG | d.t.c.a.a.t.w.TutorialGroupResource  : REST request to get all tutorial groups of course with id: 137

  Starting logs for TutorialGroupIntegrationTest > create_WithIdInBody_shouldReturnBadRequest()
    23:42:20.916 |  28 nPool-1-worker-2 | DEBUG | d.t.c.a.a.c.u.util.UserUtilService   : Generate 4 students...
    23:42:20.924 |  28 nPool-1-worker-2 | DEBUG | d.t.c.a.a.c.u.util.UserUtilService   : 4 students generated. Generate 2 tutors...
    23:42:20.928 |  28 nPool-1-worker-2 | DEBUG | d.t.c.a.a.c.u.util.UserUtilService   : 2 tutors generated. Generate 1 editors...
    23:42:20.931 |  28 nPool-1-worker-2 | DEBUG | d.t.c.a.a.c.u.util.UserUtilService   : 1 editors generated. Generate 1 instructors...
    23:42:20.934 |  28 nPool-1-worker-2 | DEBUG | d.t.c.a.a.c.u.util.UserUtilService   : 1 instructors generated
    23:42:20.936 |  28 nPool-1-worker-2 | DEBUG | d.t.c.a.a.c.u.util.UserUtilService   : Removing 8 users from all courses...
    23:42:20.938 |  28 nPool-1-worker-2 | DEBUG | d.t.c.a.a.c.u.util.UserUtilService   : Removing 8 users from all courses. Done
    23:42:20.938 |  28 nPool-1-worker-2 | DEBUG | d.t.c.a.a.c.u.util.UserUtilService   : Save 8 users to database...
    23:42:20.974 |  28 nPool-1-worker-2 | DEBUG | d.t.c.a.a.c.u.util.UserUtilService   : Save 8 users to database. Done
    23:42:21.020 |  28 nPool-1-worker-2 | DEBUG | utorialGroupChannelManagementService : Created channel with id 87 for tutorial group with id 105
    23:42:21.024 |  28 nPool-1-worker-2 | DEBUG | utorialGroupChannelManagementService : Added channel with id 87 to tutorial group with id 105
    23:42:21.042 |  28 nPool-1-worker-2 | DEBUG | utorialGroupChannelManagementService : Added users with ids [8] to the channel with id 87 of the tutorial group with id 105
    23:42:21.053 |  28 nPool-1-worker-2 | DEBUG | utorialGroupChannelManagementService : Added teaching assistant with id 12 to the channel with id 87 of the tutorial group with id 105
    23:42:21.066 |  28 nPool-1-worker-2 | DEBUG | utorialGroupChannelManagementService : Granted teaching assistant with id 12 moderator role for the channel with id 87 of the tutorial group with id 105
    23:42:21.066 |  28 nPool-1-worker-2 | DEBUG | utorialGroupChannelManagementService : Setup channel for tutorial group with id 105 with channel id 87
    23:42:21.071 |  28 nPool-1-worker-2 | DEBUG | utorialGroupChannelManagementService : Created channel with id 88 for tutorial group with id 106
    23:42:21.074 |  28 nPool-1-worker-2 | DEBUG | utorialGroupChannelManagementService : Added channel with id 88 to tutorial group with id 106
    23:42:21.085 |  28 nPool-1-worker-2 | DEBUG | utorialGroupChannelManagementService : Added users with ids [9] to the channel with id 88 of the tutorial group with id 106
    23:42:21.098 |  28 nPool-1-worker-2 | DEBUG | utorialGroupChannelManagementService : Added teaching assistant with id 13 to the channel with id 88 of the tutorial group with id 106
    23:42:21.111 |  28 nPool-1-worker-2 | DEBUG | utorialGroupChannelManagementService : Granted teaching assistant with id 13 moderator role for the channel with id 88 of the tutorial group with id 106
    23:42:21.111 |  28 nPool-1-worker-2 | DEBUG | utorialGroupChannelManagementService : Setup channel for tutorial group with id 106 with channel id 88
    23:42:21.111 |  28 nPool-1-worker-2 | INFO  | i.z.t.d.l.EmbeddedDatabaseReporter   : JDBC URL to connect to 'dataSource': url='jdbc:h2:tcp://localhost:41063/mem:df70fc46-7e57-4cb5-9cd0-c1d90c14afa7;USER=sa', scope='TutorialGroupIntegrationTest#create_WithIdInBody_shouldReturnBadRequest'
    23:42:21.116 |  28 nPool-1-worker-2 | DEBUG | d.t.c.a.a.c.s.f.ApiVersionFilter     : Adding Version to Request POST /api/courses/139/tutorial-groups
    23:42:21.118 |  28 nPool-1-worker-2 | DEBUG | d.t.c.a.a.t.w.TutorialGroupResource  : REST request to create TutorialGroup: de.tum.cit.aet.artemis.tutorialgroup.domain.TutorialGroup@16 in course: 139
    23:42:21.119 |  28 nPool-1-worker-2 | WARN  | o.z.p.spring.common.AdviceTraits     : Bad Request: A new tutorial group cannot already have an ID

  Starting logs for TutorialGroupIntegrationTest > request_asEditor_shouldReturnForbidden()
    23:42:21.150 |  28 nPool-1-worker-2 | DEBUG | d.t.c.a.a.c.u.util.UserUtilService   : Generate 4 students...
    23:42:21.160 |  28 nPool-1-worker-2 | DEBUG | d.t.c.a.a.c.u.util.UserUtilService   : 4 students generated. Generate 2 tutors...
    23:42:21.165 |  28 nPool-1-worker-2 | DEBUG | d.t.c.a.a.c.u.util.UserUtilService   : 2 tutors generated. Generate 1 editors...
    23:42:21.169 |  28 nPool-1-worker-2 | DEBUG | d.t.c.a.a.c.u.util.UserUtilService   : 1 editors generated. Generate 1 instructors...
    23:42:21.172 |  28 nPool-1-worker-2 | DEBUG | d.t.c.a.a.c.u.util.UserUtilService   : 1 instructors generated
    23:42:21.174 |  28 nPool-1-worker-2 | DEBUG | d.t.c.a.a.c.u.util.UserUtilService   : Removing 8 users from all courses...
    23:42:21.175 |  28 nPool-1-worker-2 | DEBUG | d.t.c.a.a.c.u.util.UserUtilService   : Removing 8 users from all courses. Done
    23:42:21.176 |  28 nPool-1-worker-2 | DEBUG | d.t.c.a.a.c.u.util.UserUtilService   : Save 8 users to database...
    23:42:21.198 |  28 nPool-1-worker-2 | DEBUG | d.t.c.a.a.c.u.util.UserUtilService   : Save 8 users to database. Done
    23:42:21.220 |  28 nPool-1-worker-2 | DEBUG | utorialGroupChannelManagementService : Created channel with id 89 for tutorial group with id 107
    23:42:21.223 |  28 nPool-1-worker-2 | DEBUG | utorialGroupChannelManagementService : Added channel with id 89 to tutorial group with id 107
    23:42:21.232 |  28 nPool-1-worker-2 | DEBUG | utorialGroupChannelManagementService : Added users with ids [8] to the channel with id 89 of the tutorial group with id 107
    23:42:21.243 |  28 nPool-1-worker-2 | DEBUG | utorialGroupChannelManagementService : Added teaching assistant with id 12 to the channel with id 89 of the tutorial group with id 107
    23:42:21.256 |  28 nPool-1-worker-2 | DEBUG | utorialGroupChannelManagementService : Granted teaching assistant with id 12 moderator role for the channel with id 89 of the tutorial group with id 107
    23:42:21.256 |  28 nPool-1-worker-2 | DEBUG | utorialGroupChannelManagementService : Setup channel for tutorial group with id 107 with channel id 89
    23:42:21.260 |  28 nPool-1-worker-2 | DEBUG | utorialGroupChannelManagementService : Created channel with id 90 for tutorial group with id 108
    23:42:21.263 |  28 nPool-1-worker-2 | DEBUG | utorialGroupChannelManagementService : Added channel with id 90 to tutorial group with id 108
    23:42:21.271 |  28 nPool-1-worker-2 | DEBUG | utorialGroupChannelManagementService : Added users with ids [9] to the channel with id 90 of the tutorial group with id 108
    23:42:21.283 |  28 nPool-1-worker-2 | DEBUG | utorialGroupChannelManagementService : Added teaching assistant with id 13 to the channel with id 90 of the tutorial group with id 108
    23:42:21.296 |  28 nPool-1-worker-2 | DEBUG | utorialGroupChannelManagementService : Granted teaching assistant with id 13 moderator role for the channel with id 90 of the tutorial group with id 108
    23:42:21.296 |  28 nPool-1-worker-2 | DEBUG | utorialGroupChannelManagementService : Setup channel for tutorial group with id 108 with channel id 90
    23:42:21.296 |  28 nPool-1-worker-2 | INFO  | i.z.t.d.l.EmbeddedDatabaseReporter   : JDBC URL to connect to 'dataSource': url='jdbc:h2:tcp://localhost:41063/mem:df70fc46-7e57-4cb5-9cd0-c1d90c14afa7;USER=sa', scope='TutorialGroupIntegrationTest#request_asEditor_shouldReturnForbidden'
    23:42:21.304 |  28 nPool-1-worker-2 | DEBUG | d.t.c.a.a.c.s.f.ApiVersionFilter     : Adding Version to Request POST /api/courses/141/tutorial-groups
    23:42:21.306 |  28 nPool-1-worker-2 | WARN  | o.z.p.spring.common.AdviceTraits     : Forbidden: Access Denied
    23:42:21.312 |  28 nPool-1-worker-2 | DEBUG | d.t.c.a.a.c.s.f.ApiVersionFilter     : Adding Version to Request PUT /api/courses/141/tutorial-groups/107
    23:42:21.314 |  28 nPool-1-worker-2 | WARN  | o.z.p.spring.common.AdviceTraits     : Forbidden: Access Denied
    23:42:21.316 |  28 nPool-1-worker-2 | DEBUG | d.t.c.a.a.c.s.f.ApiVersionFilter     : Adding Version to Request DELETE /api/courses/141/tutorial-groups/107
    23:42:21.317 |  28 nPool-1-worker-2 | WARN  | o.z.p.spring.common.AdviceTraits     : Forbidden: Access Denied
    23:42:21.319 |  28 nPool-1-worker-2 | DEBUG | d.t.c.a.a.c.s.f.ApiVersionFilter     : Adding Version to Request POST /api/courses/141/tutorial-groups/107/register-multiple
    23:42:21.321 |  28 nPool-1-worker-2 | WARN  | o.z.p.spring.common.AdviceTraits     : Forbidden: Access Denied
    23:42:21.323 |  28 nPool-1-worker-2 | DEBUG | d.t.c.a.a.c.s.f.ApiVersionFilter     : Adding Version to Request GET /api/courses/141/tutorial-groups/campus-values
    23:42:21.324 |  28 nPool-1-worker-2 | WARN  | o.z.p.spring.common.AdviceTraits     : Forbidden: Access Denied
    23:42:21.326 |  28 nPool-1-worker-2 | DEBUG | d.t.c.a.a.c.s.f.ApiVersionFilter     : Adding Version to Request GET /api/courses/141/tutorial-groups/language-values
    23:42:21.328 |  28 nPool-1-worker-2 | WARN  | o.z.p.spring.common.AdviceTraits     : Forbidden: Access Denied

  Starting logs for TutorialGroupIntegrationTest > [1] useSingleEndpoint=true
    23:42:21.363 |  28 nPool-1-worker-2 | DEBUG | d.t.c.a.a.c.u.util.UserUtilService   : Generate 4 students...
    23:42:21.372 |  28 nPool-1-worker-2 | DEBUG | d.t.c.a.a.c.u.util.UserUtilService   : 4 students generated. Generate 2 tutors...
    23:42:21.376 |  28 nPool-1-worker-2 | DEBUG | d.t.c.a.a.c.u.util.UserUtilService   : 2 tutors generated. Generate 1 editors...
    23:42:21.379 |  28 nPool-1-worker-2 | DEBUG | d.t.c.a.a.c.u.util.UserUtilService   : 1 editors generated. Generate 1 instructors...
    23:42:21.382 |  28 nPool-1-worker-2 | DEBUG | d.t.c.a.a.c.u.util.UserUtilService   : 1 instructors generated
    23:42:21.383 |  28 nPool-1-worker-2 | DEBUG | d.t.c.a.a.c.u.util.UserUtilService   : Removing 8 users from all courses...
    23:42:21.385 |  28 nPool-1-worker-2 | DEBUG | d.t.c.a.a.c.u.util.UserUtilService   : Removing 8 users from all courses. Done
    23:42:21.385 |  28 nPool-1-worker-2 | DEBUG | d.t.c.a.a.c.u.util.UserUtilService   : Save 8 users to database...
    23:42:21.407 |  28 nPool-1-worker-2 | DEBUG | d.t.c.a.a.c.u.util.UserUtilService   : Save 8 users to database. Done
    23:42:21.431 |  28 nPool-1-worker-2 | DEBUG | utorialGroupChannelManagementService : Created channel with id 91 for tutorial group with id 109
    23:42:21.434 |  28 nPool-1-worker-2 | DEBUG | utorialGroupChannelManagementService : Added channel with id 91 to tutorial group with id 109
    23:42:21.443 |  28 nPool-1-worker-2 | DEBUG | utorialGroupChannelManagementService : Added users with ids [8] to the channel with id 91 of the tutorial group with id 109
    23:42:21.454 |  28 nPool-1-worker-2 | DEBUG | utorialGroupChannelManagementService : Added teaching assistant with id 12 to the channel with id 91 of the tutorial group with id 109
    23:42:21.476 |  28 nPool-1-worker-2 | DEBUG | utorialGroupChannelManagementService : Granted teaching assistant with id 12 moderator role for the channel with id 91 of the tutorial group with id 109
    23:42:21.476 |  28 nPool-1-worker-2 | DEBUG | utorialGroupChannelManagementService : Setup channel for tutorial group with id 109 with channel id 91
    23:42:21.480 |  28 nPool-1-worker-2 | DEBUG | utorialGroupChannelManagementService : Created channel with id 92 for tutorial group with id 110
    23:42:21.483 |  28 nPool-1-worker-2 | DEBUG | utorialGroupChannelManagementService : Added channel with id 92 to tutorial group with id 110
    23:42:21.492 |  28 nPool-1-worker-2 | DEBUG | utorialGroupChannelManagementService : Added users with ids [9] to the channel with id 92 of the tutorial group with id 110
    23:42:21.503 |  28 nPool-1-worker-2 | DEBUG | utorialGroupChannelManagementService : Added teaching assistant with id 13 to the channel with id 92 of the tutorial group with id 110
    23:42:21.516 |  28 nPool-1-worker-2 | DEBUG | utorialGroupChannelManagementService : Granted teaching assistant with id 13 moderator role for the channel with id 92 of the tutorial group with id 110
    23:42:21.516 |  28 nPool-1-worker-2 | DEBUG | utorialGroupChannelManagementService : Setup channel for tutorial group with id 110 with channel id 92
    23:42:21.516 |  28 nPool-1-worker-2 | INFO  | i.z.t.d.l.EmbeddedDatabaseReporter   : JDBC URL to connect to 'dataSource': url='jdbc:h2:tcp://localhost:41063/mem:df70fc46-7e57-4cb5-9cd0-c1d90c14afa7;USER=sa', scope='TutorialGroupIntegrationTest#averageAttendanceCalculationTest_NoSessionWithAttendanceData_AverageNull'
    23:42:21.524 |  28 nPool-1-worker-2 | DEBUG | d.t.c.a.a.c.s.f.ApiVersionFilter     : Adding Version to Request GET /api/courses/143/tutorial-groups/111
    23:42:21.525 |  28 nPool-1-worker-2 | DEBUG | d.t.c.a.a.t.w.TutorialGroupResource  : REST request to get tutorial group: 111 of course: 143

  Starting logs for TutorialGroupIntegrationTest > [2] useSingleEndpoint=false
    23:42:21.562 |  28 nPool-1-worker-2 | DEBUG | d.t.c.a.a.c.u.util.UserUtilService   : Generate 4 students...
    23:42:21.569 |  28 nPool-1-worker-2 | DEBUG | d.t.c.a.a.c.u.util.UserUtilService   : 4 students generated. Generate 2 tutors...
    23:42:21.574 |  28 nPool-1-worker-2 | DEBUG | d.t.c.a.a.c.u.util.UserUtilService   : 2 tutors generated. Generate 1 editors...
    23:42:21.577 |  28 nPool-1-worker-2 | DEBUG | d.t.c.a.a.c.u.util.UserUtilService   : 1 editors generated. Generate 1 instructors...
    23:42:21.580 |  28 nPool-1-worker-2 | DEBUG | d.t.c.a.a.c.u.util.UserUtilService   : 1 instructors generated
    23:42:21.581 |  28 nPool-1-worker-2 | DEBUG | d.t.c.a.a.c.u.util.UserUtilService   : Removing 8 users from all courses...
    23:42:21.583 |  28 nPool-1-worker-2 | DEBUG | d.t.c.a.a.c.u.util.UserUtilService   : Removing 8 users from all courses. Done
    23:42:21.583 |  28 nPool-1-worker-2 | DEBUG | d.t.c.a.a.c.u.util.UserUtilService   : Save 8 users to database...
    23:42:21.606 |  28 nPool-1-worker-2 | DEBUG | d.t.c.a.a.c.u.util.UserUtilService   : Save 8 users to database. Done
    23:42:21.629 |  28 nPool-1-worker-2 | DEBUG | utorialGroupChannelManagementService : Created channel with id 93 for tutorial group with id 112
    23:42:21.632 |  28 nPool-1-worker-2 | DEBUG | utorialGroupChannelManagementService : Added channel with id 93 to tutorial group with id 112
    23:42:21.640 |  28 nPool-1-worker-2 | DEBUG | utorialGroupChannelManagementService : Added users with ids [8] to the channel with id 93 of the tutorial group with id 112
    23:42:21.652 |  28 nPool-1-worker-2 | DEBUG | utorialGroupChannelManagementService : Added teaching assistant with id 12 to the channel with id 93 of the tutorial group with id 112
    23:42:21.679 |  28 nPool-1-worker-2 | DEBUG | utorialGroupChannelManagementService : Granted teaching assistant with id 12 moderator role for the channel with id 93 of the tutorial group with id 112
    23:42:21.679 |  28 nPool-1-worker-2 | DEBUG | utorialGroupChannelManagementService : Setup channel for tutorial group with id 112 with channel id 93
    23:42:21.684 |  28 nPool-1-worker-2 | DEBUG | utorialGroupChannelManagementService : Created channel with id 94 for tutorial group with id 113
    23:42:21.687 |  28 nPool-1-worker-2 | DEBUG | utorialGroupChannelManagementService : Added channel with id 94 to tutorial group with id 113
    23:42:21.701 |  28 nPool-1-worker-2 | DEBUG | utorialGroupChannelManagementService : Added users with ids [9] to the channel with id 94 of the tutorial group with id 113
    23:42:21.712 |  28 nPool-1-worker-2 | DEBUG | utorialGroupChannelManagementService : Added teaching assistant with id 13 to the channel with id 94 of the tutorial group with id 113
    23:42:21.724 |  28 nPool-1-worker-2 | DEBUG | utorialGroupChannelManagementService : Granted teaching assistant with id 13 moderator role for the channel with id 94 of the tutorial group with id 113
    23:42:21.724 |  28 nPool-1-worker-2 | DEBUG | utorialGroupChannelManagementService : Setup channel for tutorial group with id 113 with channel id 94
    23:42:21.725 |  28 nPool-1-worker-2 | INFO  | i.z.t.d.l.EmbeddedDatabaseReporter   : JDBC URL to connect to 'dataSource': url='jdbc:h2:tcp://localhost:41063/mem:df70fc46-7e57-4cb5-9cd0-c1d90c14afa7;USER=sa', scope='TutorialGroupIntegrationTest#averageAttendanceCalculationTest_NoSessionWithAttendanceData_AverageNull'
    23:42:21.734 |  28 nPool-1-worker-2 | DEBUG | d.t.c.a.a.c.s.f.ApiVersionFilter     : Adding Version to Request GET /api/courses/145/tutorial-groups
    23:42:21.736 |  28 nPool-1-worker-2 | DEBUG | d.t.c.a.a.t.w.TutorialGroupResource  : REST request to get all tutorial groups of course with id: 145

  Starting logs for TutorialGroupIntegrationTest > testDayOfWeekConversion()
    23:42:21.778 |  28 nPool-1-worker-2 | DEBUG | d.t.c.a.a.c.u.util.UserUtilService   : Generate 4 students...
    23:42:21.785 |  28 nPool-1-worker-2 | DEBUG | d.t.c.a.a.c.u.util.UserUtilService   : 4 students generated. Generate 2 tutors...
    23:42:21.793 |  28 nPool-1-worker-2 | DEBUG | d.t.c.a.a.c.u.util.UserUtilService   : 2 tutors generated. Generate 1 editors...
    23:42:21.797 |  28 nPool-1-worker-2 | DEBUG | d.t.c.a.a.c.u.util.UserUtilService   : 1 editors generated. Generate 1 instructors...
    23:42:21.803 |  28 nPool-1-worker-2 | DEBUG | d.t.c.a.a.c.u.util.UserUtilService   : 1 instructors generated
    23:42:21.804 |  28 nPool-1-worker-2 | DEBUG | d.t.c.a.a.c.u.util.UserUtilService   : Removing 8 users from all courses...
    23:42:21.807 |  28 nPool-1-worker-2 | DEBUG | d.t.c.a.a.c.u.util.UserUtilService   : Removing 8 users from all courses. Done
    23:42:21.807 |  28 nPool-1-worker-2 | DEBUG | d.t.c.a.a.c.u.util.UserUtilService   : Save 8 users to database...
    23:42:21.836 |  28 nPool-1-worker-2 | DEBUG | d.t.c.a.a.c.u.util.UserUtilService   : Save 8 users to database. Done
    23:42:21.864 |  28 nPool-1-worker-2 | DEBUG | utorialGroupChannelManagementService : Created channel with id 95 for tutorial group with id 115
    23:42:21.866 |  28 nPool-1-worker-2 | DEBUG | utorialGroupChannelManagementService : Added channel with id 95 to tutorial group with id 115
    23:42:21.875 |  28 nPool-1-worker-2 | DEBUG | utorialGroupChannelManagementService : Added users with ids [8] to the channel with id 95 of the tutorial group with id 115
    23:42:21.899 |  28 nPool-1-worker-2 | DEBUG | utorialGroupChannelManagementService : Added teaching assistant with id 12 to the channel with id 95 of the tutorial group with id 115
    23:42:21.922 |  28 nPool-1-worker-2 | DEBUG | utorialGroupChannelManagementService : Granted teaching assistant with id 12 moderator role for the channel with id 95 of the tutorial group with id 115
    23:42:21.923 |  28 nPool-1-worker-2 | DEBUG | utorialGroupChannelManagementService : Setup channel for tutorial group with id 115 with channel id 95
    23:42:21.927 |  28 nPool-1-worker-2 | DEBUG | utorialGroupChannelManagementService : Created channel with id 96 for tutorial group with id 116
    23:42:21.930 |  28 nPool-1-worker-2 | DEBUG | utorialGroupChannelManagementService : Added channel with id 96 to tutorial group with id 116
    23:42:21.939 |  28 nPool-1-worker-2 | DEBUG | utorialGroupChannelManagementService : Added users with ids [9] to the channel with id 96 of the tutorial group with id 116
    23:42:21.951 |  28 nPool-1-worker-2 | DEBUG | utorialGroupChannelManagementService : Added teaching assistant with id 13 to the channel with id 96 of the tutorial group with id 116
    23:42:21.963 |  28 nPool-1-worker-2 | DEBUG | utorialGroupChannelManagementService : Granted teaching assistant with id 13 moderator role for the channel with id 96 of the tutorial group with id 116
    23:42:21.963 |  28 nPool-1-worker-2 | DEBUG | utorialGroupChannelManagementService : Setup channel for tutorial group with id 116 with channel id 96
    23:42:21.964 |  28 nPool-1-worker-2 | INFO  | i.z.t.d.l.EmbeddedDatabaseReporter   : JDBC URL to connect to 'dataSource': url='jdbc:h2:tcp://localhost:41063/mem:df70fc46-7e57-4cb5-9cd0-c1d90c14afa7;USER=sa', scope='TutorialGroupIntegrationTest#testDayOfWeekConversion'

  Starting logs for TutorialGroupIntegrationTest > deregisterStudent_asInstructor_shouldAllowDeregistration()
    23:42:21.994 |  28 nPool-1-worker-2 | DEBUG | d.t.c.a.a.c.u.util.UserUtilService   : Generate 4 students...
    23:42:22.002 |  28 nPool-1-worker-2 | DEBUG | d.t.c.a.a.c.u.util.UserUtilService   : 4 students generated. Generate 2 tutors...
    23:42:22.006 |  28 nPool-1-worker-2 | DEBUG | d.t.c.a.a.c.u.util.UserUtilService   : 2 tutors generated. Generate 1 editors...
    23:42:22.009 |  28 nPool-1-worker-2 | DEBUG | d.t.c.a.a.c.u.util.UserUtilService   : 1 editors generated. Generate 1 instructors...
    23:42:22.012 |  28 nPool-1-worker-2 | DEBUG | d.t.c.a.a.c.u.util.UserUtilService   : 1 instructors generated
    23:42:22.013 |  28 nPool-1-worker-2 | DEBUG | d.t.c.a.a.c.u.util.UserUtilService   : Removing 8 users from all courses...
    23:42:22.015 |  28 nPool-1-worker-2 | DEBUG | d.t.c.a.a.c.u.util.UserUtilService   : Removing 8 users from all courses. Done
    23:42:22.015 |  28 nPool-1-worker-2 | DEBUG | d.t.c.a.a.c.u.util.UserUtilService   : Save 8 users to database...
    23:42:22.036 |  28 nPool-1-worker-2 | DEBUG | d.t.c.a.a.c.u.util.UserUtilService   : Save 8 users to database. Done
    23:42:22.059 |  28 nPool-1-worker-2 | DEBUG | utorialGroupChannelManagementService : Created channel with id 97 for tutorial group with id 117
    23:42:22.062 |  28 nPool-1-worker-2 | DEBUG | utorialGroupChannelManagementService : Added channel with id 97 to tutorial group with id 117
    23:42:22.071 |  28 nPool-1-worker-2 | DEBUG | utorialGroupChannelManagementService : Added users with ids [8] to the channel with id 97 of the tutorial group with id 117
    23:42:22.082 |  28 nPool-1-worker-2 | DEBUG | utorialGroupChannelManagementService : Added teaching assistant with id 12 to the channel with id 97 of the tutorial group with id 117
    23:42:22.095 |  28 nPool-1-worker-2 | DEBUG | utorialGroupChannelManagementService : Granted teaching assistant with id 12 moderator role for the channel with id 97 of the tutorial group with id 117
    23:42:22.095 |  28 nPool-1-worker-2 | DEBUG | utorialGroupChannelManagementService : Setup channel for tutorial group with id 117 with channel id 97
    23:42:22.099 |  28 nPool-1-worker-2 | DEBUG | utorialGroupChannelManagementService : Created channel with id 98 for tutorial group with id 118
    23:42:22.102 |  28 nPool-1-worker-2 | DEBUG | utorialGroupChannelManagementService : Added channel with id 98 to tutorial group with id 118
    23:42:22.111 |  28 nPool-1-worker-2 | DEBUG | utorialGroupChannelManagementService : Added users with ids [9] to the channel with id 98 of the tutorial group with id 118
    23:42:22.123 |  28 nPool-1-worker-2 | DEBUG | utorialGroupChannelManagementService : Added teaching assistant with id 13 to the channel with id 98 of the tutorial group with id 118
    23:42:22.135 |  28 nPool-1-worker-2 | DEBUG | utorialGroupChannelManagementService : Granted teaching assistant with id 13 moderator role for the channel with id 98 of the tutorial group with id 118
    23:42:22.135 |  28 nPool-1-worker-2 | DEBUG | utorialGroupChannelManagementService : Setup channel for tutorial group with id 118 with channel id 98
    23:42:22.136 |  28 nPool-1-worker-2 | INFO  | i.z.t.d.l.EmbeddedDatabaseReporter   : JDBC URL to connect to 'dataSource': url='jdbc:h2:tcp://localhost:41063/mem:df70fc46-7e57-4cb5-9cd0-c1d90c14afa7;USER=sa', scope='TutorialGroupIntegrationTest#deregisterStudent_asInstructor_shouldAllowDeregistration'
    23:42:22.139 |  28 nPool-1-worker-2 | DEBUG | d.t.c.a.a.c.s.f.ApiVersionFilter     : Adding Version to Request DELETE /api/courses/149/tutorial-groups/117/deregister/tutorialgroupstudent1
    23:42:22.141 |  28 nPool-1-worker-2 | DEBUG | d.t.c.a.a.t.w.TutorialGroupResource  : REST request to deregister tutorialgroupstudent1 student from tutorial group : 117
    23:42:22.172 |  28 nPool-1-worker-2 | DEBUG | utorialGroupChannelManagementService : Removed users with ids [8] from the channel with id 97 of the tutorial group with id 117

  Starting logs for TutorialGroupIntegrationTest > [1] loadFromService=true
    23:42:22.210 |  28 nPool-1-worker-2 | DEBUG | d.t.c.a.a.c.u.util.UserUtilService   : Generate 4 students...
    23:42:22.218 |  28 nPool-1-worker-2 | DEBUG | d.t.c.a.a.c.u.util.UserUtilService   : 4 students generated. Generate 2 tutors...
    23:42:22.222 |  28 nPool-1-worker-2 | DEBUG | d.t.c.a.a.c.u.util.UserUtilService   : 2 tutors generated. Generate 1 editors...
    23:42:22.225 |  28 nPool-1-worker-2 | DEBUG | d.t.c.a.a.c.u.util.UserUtilService   : 1 editors generated. Generate 1 instructors...
    23:42:22.228 |  28 nPool-1-worker-2 | DEBUG | d.t.c.a.a.c.u.util.UserUtilService   : 1 instructors generated
    23:42:22.230 |  28 nPool-1-worker-2 | DEBUG | d.t.c.a.a.c.u.util.UserUtilService   : Removing 8 users from all courses...
    23:42:22.232 |  28 nPool-1-worker-2 | DEBUG | d.t.c.a.a.c.u.util.UserUtilService   : Removing 8 users from all courses. Done
    23:42:22.232 |  28 nPool-1-worker-2 | DEBUG | d.t.c.a.a.c.u.util.UserUtilService   : Save 8 users to database...
    23:42:22.254 |  28 nPool-1-worker-2 | DEBUG | d.t.c.a.a.c.u.util.UserUtilService   : Save 8 users to database. Done
    23:42:22.276 |  28 nPool-1-worker-2 | DEBUG | utorialGroupChannelManagementService : Created channel with id 99 for tutorial group with id 119
    23:42:22.279 |  28 nPool-1-worker-2 | DEBUG | utorialGroupChannelManagementService : Added channel with id 99 to tutorial group with id 119
    23:42:22.288 |  28 nPool-1-worker-2 | DEBUG | utorialGroupChannelManagementService : Added users with ids [8] to the channel with id 99 of the tutorial group with id 119
    23:42:22.299 |  28 nPool-1-worker-2 | DEBUG | utorialGroupChannelManagementService : Added teaching assistant with id 12 to the channel with id 99 of the tutorial group with id 119
    23:42:22.312 |  28 nPool-1-worker-2 | DEBUG | utorialGroupChannelManagementService : Granted teaching assistant with id 12 moderator role for the channel with id 99 of the tutorial group with id 119
    23:42:22.312 |  28 nPool-1-worker-2 | DEBUG | utorialGroupChannelManagementService : Setup channel for tutorial group with id 119 with channel id 99
    23:42:22.316 |  28 nPool-1-worker-2 | DEBUG | utorialGroupChannelManagementService : Created channel with id 100 for tutorial group with id 120
    23:42:22.319 |  28 nPool-1-worker-2 | DEBUG | utorialGroupChannelManagementService : Added channel with id 100 to tutorial group with id 120
    23:42:22.329 |  28 nPool-1-worker-2 | DEBUG | utorialGroupChannelManagementService : Added users with ids [9] to the channel with id 100 of the tutorial group with id 120
    23:42:22.340 |  28 nPool-1-worker-2 | DEBUG | utorialGroupChannelManagementService : Added teaching assistant with id 13 to the channel with id 100 of the tutorial group with id 120
    23:42:22.355 |  28 nPool-1-worker-2 | DEBUG | utorialGroupChannelManagementService : Granted teaching assistant with id 13 moderator role for the channel with id 100 of the tutorial group with id 120
    23:42:22.355 |  28 nPool-1-worker-2 | DEBUG | utorialGroupChannelManagementService : Setup channel for tutorial group with id 120 with channel id 100
    23:42:22.355 |  28 nPool-1-worker-2 | INFO  | i.z.t.d.l.EmbeddedDatabaseReporter   : JDBC URL to connect to 'dataSource': url='jdbc:h2:tcp://localhost:41063/mem:df70fc46-7e57-4cb5-9cd0-c1d90c14afa7;USER=sa', scope='TutorialGroupIntegrationTest#getOneOfCourse_asTutorOfGroup_shouldShowPrivateInformation'

  Starting logs for TutorialGroupIntegrationTest > [2] loadFromService=false
    23:42:22.414 |  28 nPool-1-worker-2 | DEBUG | d.t.c.a.a.c.u.util.UserUtilService   : Generate 4 students...
    23:42:22.422 |  28 nPool-1-worker-2 | DEBUG | d.t.c.a.a.c.u.util.UserUtilService   : 4 students generated. Generate 2 tutors...
    23:42:22.432 |  28 nPool-1-worker-2 | DEBUG | d.t.c.a.a.c.u.util.UserUtilService   : 2 tutors generated. Generate 1 editors...
    23:42:22.436 |  28 nPool-1-worker-2 | DEBUG | d.t.c.a.a.c.u.util.UserUtilService   : 1 editors generated. Generate 1 instructors...
    23:42:22.439 |  28 nPool-1-worker-2 | DEBUG | d.t.c.a.a.c.u.util.UserUtilService   : 1 instructors generated
    23:42:22.440 |  28 nPool-1-worker-2 | DEBUG | d.t.c.a.a.c.u.util.UserUtilService   : Removing 8 users from all courses...
    23:42:22.442 |  28 nPool-1-worker-2 | DEBUG | d.t.c.a.a.c.u.util.UserUtilService   : Removing 8 users from all courses. Done
    23:42:22.442 |  28 nPool-1-worker-2 | DEBUG | d.t.c.a.a.c.u.util.UserUtilService   : Save 8 users to database...
    23:42:22.466 |  28 nPool-1-worker-2 | DEBUG | d.t.c.a.a.c.u.util.UserUtilService   : Save 8 users to database. Done
    23:42:22.492 |  28 nPool-1-worker-2 | DEBUG | utorialGroupChannelManagementService : Created channel with id 101 for tutorial group with id 121
    23:42:22.494 |  28 nPool-1-worker-2 | DEBUG | utorialGroupChannelManagementService : Added channel with id 101 to tutorial group with id 121
    23:42:22.503 |  28 nPool-1-worker-2 | DEBUG | utorialGroupChannelManagementService : Added users with ids [8] to the channel with id 101 of the tutorial group with id 121
    23:42:22.515 |  28 nPool-1-worker-2 | DEBUG | utorialGroupChannelManagementService : Added teaching assistant with id 12 to the channel with id 101 of the tutorial group with id 121
    23:42:22.528 |  28 nPool-1-worker-2 | DEBUG | utorialGroupChannelManagementService : Granted teaching assistant with id 12 moderator role for the channel with id 101 of the tutorial group with id 121
    23:42:22.528 |  28 nPool-1-worker-2 | DEBUG | utorialGroupChannelManagementService : Setup channel for tutorial group with id 121 with channel id 101
    23:42:22.532 |  28 nPool-1-worker-2 | DEBUG | utorialGroupChannelManagementService : Created channel with id 102 for tutorial group with id 122
    23:42:22.535 |  28 nPool-1-worker-2 | DEBUG | utorialGroupChannelManagementService : Added channel with id 102 to tutorial group with id 122
    23:42:22.543 |  28 nPool-1-worker-2 | DEBUG | utorialGroupChannelManagementService : Added users with ids [9] to the channel with id 102 of the tutorial group with id 122
    23:42:22.555 |  28 nPool-1-worker-2 | DEBUG | utorialGroupChannelManagementService : Added teaching assistant with id 13 to the channel with id 102 of the tutorial group with id 122
    23:42:22.568 |  28 nPool-1-worker-2 | DEBUG | utorialGroupChannelManagementService : Granted teaching assistant with id 13 moderator role for the channel with id 102 of the tutorial group with id 122
    23:42:22.568 |  28 nPool-1-worker-2 | DEBUG | utorialGroupChannelManagementService : Setup channel for tutorial group with id 122 with channel id 102
    23:42:22.568 |  28 nPool-1-worker-2 | INFO  | i.z.t.d.l.EmbeddedDatabaseReporter   : JDBC URL to connect to 'dataSource': url='jdbc:h2:tcp://localhost:41063/mem:df70fc46-7e57-4cb5-9cd0-c1d90c14afa7;USER=sa', scope='TutorialGroupIntegrationTest#getOneOfCourse_asTutorOfGroup_shouldShowPrivateInformation'
    23:42:22.570 |  28 nPool-1-worker-2 | DEBUG | d.t.c.a.a.c.s.f.ApiVersionFilter     : Adding Version to Request GET /api/courses/153/tutorial-groups/121
    23:42:22.571 |  28 nPool-1-worker-2 | DEBUG | d.t.c.a.a.t.w.TutorialGroupResource  : REST request to get tutorial group: 121 of course: 153

  Starting logs for TutorialGroupIntegrationTest > importRegistrations_titleButNonExistingStudent_shouldStillCreateTutorialGroupButNoRegistration()
    23:42:22.607 |  28 nPool-1-worker-2 | DEBUG | d.t.c.a.a.c.u.util.UserUtilService   : Generate 4 students...
    23:42:22.615 |  28 nPool-1-worker-2 | DEBUG | d.t.c.a.a.c.u.util.UserUtilService   : 4 students generated. Generate 2 tutors...
    23:42:22.619 |  28 nPool-1-worker-2 | DEBUG | d.t.c.a.a.c.u.util.UserUtilService   : 2 tutors generated. Generate 1 editors...
    23:42:22.622 |  28 nPool-1-worker-2 | DEBUG | d.t.c.a.a.c.u.util.UserUtilService   : 1 editors generated. Generate 1 instructors...
    23:42:22.625 |  28 nPool-1-worker-2 | DEBUG | d.t.c.a.a.c.u.util.UserUtilService   : 1 instructors generated
    23:42:22.627 |  28 nPool-1-worker-2 | DEBUG | d.t.c.a.a.c.u.util.UserUtilService   : Removing 8 users from all courses...
    23:42:22.629 |  28 nPool-1-worker-2 | DEBUG | d.t.c.a.a.c.u.util.UserUtilService   : Removing 8 users from all courses. Done
    23:42:22.629 |  28 nPool-1-worker-2 | DEBUG | d.t.c.a.a.c.u.util.UserUtilService   : Save 8 users to database...
    23:42:22.653 |  28 nPool-1-worker-2 | DEBUG | d.t.c.a.a.c.u.util.UserUtilService   : Save 8 users to database. Done
    23:42:22.677 |  28 nPool-1-worker-2 | DEBUG | utorialGroupChannelManagementService : Created channel with id 103 for tutorial group with id 123
    23:42:22.680 |  28 nPool-1-worker-2 | DEBUG | utorialGroupChannelManagementService : Added channel with id 103 to tutorial group with id 123
    23:42:22.689 |  28 nPool-1-worker-2 | DEBUG | utorialGroupChannelManagementService : Added users with ids [8] to the channel with id 103 of the tutorial group with id 123
    23:42:22.701 |  28 nPool-1-worker-2 | DEBUG | utorialGroupChannelManagementService : Added teaching assistant with id 12 to the channel with id 103 of the tutorial group with id 123
    23:42:22.715 |  28 nPool-1-worker-2 | DEBUG | utorialGroupChannelManagementService : Granted teaching assistant with id 12 moderator role for the channel with id 103 of the tutorial group with id 123
    23:42:22.715 |  28 nPool-1-worker-2 | DEBUG | utorialGroupChannelManagementService : Setup channel for tutorial group with id 123 with channel id 103
    23:42:22.719 |  28 nPool-1-worker-2 | DEBUG | utorialGroupChannelManagementService : Created channel with id 104 for tutorial group with id 124
    23:42:22.721 |  28 nPool-1-worker-2 | DEBUG | utorialGroupChannelManagementService : Added channel with id 104 to tutorial group with id 124
    23:42:22.730 |  28 nPool-1-worker-2 | DEBUG | utorialGroupChannelManagementService : Added users with ids [9] to the channel with id 104 of the tutorial group with id 124
    23:42:22.745 |  28 nPool-1-worker-2 | DEBUG | utorialGroupChannelManagementService : Added teaching assistant with id 13 to the channel with id 104 of the tutorial group with id 124
    23:42:22.776 |  28 nPool-1-worker-2 | DEBUG | utorialGroupChannelManagementService : Granted teaching assistant with id 13 moderator role for the channel with id 104 of the tutorial group with id 124
    23:42:22.776 |  28 nPool-1-worker-2 | DEBUG | utorialGroupChannelManagementService : Setup channel for tutorial group with id 124 with channel id 104
    23:42:22.778 |  28 nPool-1-worker-2 | INFO  | i.z.t.d.l.EmbeddedDatabaseReporter   : JDBC URL to connect to 'dataSource': url='jdbc:h2:tcp://localhost:41063/mem:df70fc46-7e57-4cb5-9cd0-c1d90c14afa7;USER=sa', scope='TutorialGroupIntegrationTest#importRegistrations_titleButNonExistingStudent_shouldStillCreateTutorialGroupButNoRegistration'
    23:42:22.782 |  28 nPool-1-worker-2 | DEBUG | d.t.c.a.a.c.s.f.ApiVersionFilter     : Adding Version to Request POST /api/courses/155/tutorial-groups/import
    23:42:22.784 |  28 nPool-1-worker-2 | DEBUG | d.t.c.a.a.t.w.TutorialGroupResource  : REST request to import registrations [TutorialGroupRegistrationImportDTO{title='wna2g3neds', student=StudentDTO[login=notExisting, firstName=firstName, lastName=firstName1, registrationNumber=null, email=null], importSuccessful=null, error=null, campus=null, capacity=null, language=null, additionalInformation=null, isOnline=null}] to course 155
    23:42:22.793 |  28 nPool-1-worker-2 | DEBUG | utorialGroupChannelManagementService : Created channel with id 105 for tutorial group with id 125
    23:42:22.796 |  28 nPool-1-worker-2 | DEBUG | utorialGroupChannelManagementService : Added channel with id 105 to tutorial group with id 125
    23:42:22.798 |  28 nPool-1-worker-2 | DEBUG | utorialGroupChannelManagementService : Added users with ids [] to the channel with id 105 of the tutorial group with id 125
    23:42:22.804 |  28 nPool-1-worker-2 | DEBUG | utorialGroupChannelManagementService : Added teaching assistant with id 15 to the channel with id 105 of the tutorial group with id 125
    23:42:22.813 |  28 nPool-1-worker-2 | DEBUG | utorialGroupChannelManagementService : Granted teaching assistant with id 15 moderator role for the channel with id 105 of the tutorial group with id 125
    23:42:22.813 |  28 nPool-1-worker-2 | DEBUG | utorialGroupChannelManagementService : Setup channel for tutorial group with id 125 with channel id 105
    23:42:22.819 |  28 nPool-1-worker-2 | DEBUG | utorialGroupChannelManagementService : Removed users with ids [] from the channel with id 103 of the tutorial group with id 123
    23:42:22.821 |  28 nPool-1-worker-2 | DEBUG | utorialGroupChannelManagementService : Removed users with ids [] from the channel with id 104 of the tutorial group with id 124
    23:42:22.823 |  28 nPool-1-worker-2 | DEBUG | utorialGroupChannelManagementService : Removed users with ids [] from the channel with id 105 of the tutorial group with id 125

  Starting logs for TutorialGroupIntegrationTest > testJSONContentWithSampleDataIncludingOptionalFields()
    23:42:22.866 |  28 nPool-1-worker-2 | DEBUG | d.t.c.a.a.c.u.util.UserUtilService   : Generate 4 students...
    23:42:22.874 |  28 nPool-1-worker-2 | DEBUG | d.t.c.a.a.c.u.util.UserUtilService   : 4 students generated. Generate 2 tutors...
    23:42:22.879 |  28 nPool-1-worker-2 | DEBUG | d.t.c.a.a.c.u.util.UserUtilService   : 2 tutors generated. Generate 1 editors...
    23:42:22.881 |  28 nPool-1-worker-2 | DEBUG | d.t.c.a.a.c.u.util.UserUtilService   : 1 editors generated. Generate 1 instructors...
    23:42:22.885 |  28 nPool-1-worker-2 | DEBUG | d.t.c.a.a.c.u.util.UserUtilService   : 1 instructors generated
    23:42:22.886 |  28 nPool-1-worker-2 | DEBUG | d.t.c.a.a.c.u.util.UserUtilService   : Removing 8 users from all courses...
    23:42:22.888 |  28 nPool-1-worker-2 | DEBUG | d.t.c.a.a.c.u.util.UserUtilService   : Removing 8 users from all courses. Done
    23:42:22.888 |  28 nPool-1-worker-2 | DEBUG | d.t.c.a.a.c.u.util.UserUtilService   : Save 8 users to database...
    23:42:22.914 |  28 nPool-1-worker-2 | DEBUG | d.t.c.a.a.c.u.util.UserUtilService   : Save 8 users to database. Done
    23:42:22.957 |  28 nPool-1-worker-2 | DEBUG | utorialGroupChannelManagementService : Created channel with id 106 for tutorial group with id 126
    23:42:22.960 |  28 nPool-1-worker-2 | DEBUG | utorialGroupChannelManagementService : Added channel with id 106 to tutorial group with id 126
    23:42:23.041 |  28 nPool-1-worker-2 | DEBUG | utorialGroupChannelManagementService : Added users with ids [8] to the channel with id 106 of the tutorial group with id 126
    23:42:23.055 |  28 nPool-1-worker-2 | DEBUG | utorialGroupChannelManagementService : Added teaching assistant with id 12 to the channel with id 106 of the tutorial group with id 126
    23:42:23.068 |  28 nPool-1-worker-2 | DEBUG | utorialGroupChannelManagementService : Granted teaching assistant with id 12 moderator role for the channel with id 106 of the tutorial group with id 126
    23:42:23.068 |  28 nPool-1-worker-2 | DEBUG | utorialGroupChannelManagementService : Setup channel for tutorial group with id 126 with channel id 106
    23:42:23.073 |  28 nPool-1-worker-2 | DEBUG | utorialGroupChannelManagementService : Created channel with id 107 for tutorial group with id 127
    23:42:23.076 |  28 nPool-1-worker-2 | DEBUG | utorialGroupChannelManagementService : Added channel with id 107 to tutorial group with id 127
    23:42:23.085 |  28 nPool-1-worker-2 | DEBUG | utorialGroupChannelManagementService : Added users with ids [9] to the channel with id 107 of the tutorial group with id 127
    23:42:23.097 |  28 nPool-1-worker-2 | DEBUG | utorialGroupChannelManagementService : Added teaching assistant with id 13 to the channel with id 107 of the tutorial group with id 127
    23:42:23.109 |  28 nPool-1-worker-2 | DEBUG | utorialGroupChannelManagementService : Granted teaching assistant with id 13 moderator role for the channel with id 107 of the tutorial group with id 127
    23:42:23.109 |  28 nPool-1-worker-2 | DEBUG | utorialGroupChannelManagementService : Setup channel for tutorial group with id 127 with channel id 107
    23:42:23.109 |  28 nPool-1-worker-2 | INFO  | i.z.t.d.l.EmbeddedDatabaseReporter   : JDBC URL to connect to 'dataSource': url='jdbc:h2:tcp://localhost:41063/mem:df70fc46-7e57-4cb5-9cd0-c1d90c14afa7;USER=sa', scope='TutorialGroupIntegrationTest#testJSONContentWithSampleDataIncludingOptionalFields'
    23:42:23.115 |  28 nPool-1-worker-2 | DEBUG | d.t.c.a.a.c.s.f.ApiVersionFilter     : Adding Version to Request GET /api/courses/157/tutorial-groups/export/json
    23:42:23.118 |  28 nPool-1-worker-2 | DEBUG | d.t.c.a.a.t.w.TutorialGroupResource  : REST request to export TutorialGroups to JSON for course: 157

  Starting logs for TutorialGroupIntegrationTest > [1] useSingleEndpoint=true
    23:42:23.149 |  28 nPool-1-worker-2 | DEBUG | d.t.c.a.a.c.u.util.UserUtilService   : Generate 4 students...
    23:42:23.157 |  28 nPool-1-worker-2 | DEBUG | d.t.c.a.a.c.u.util.UserUtilService   : 4 students generated. Generate 2 tutors...
    23:42:23.161 |  28 nPool-1-worker-2 | DEBUG | d.t.c.a.a.c.u.util.UserUtilService   : 2 tutors generated. Generate 1 editors...
    23:42:23.170 |  28 nPool-1-worker-2 | DEBUG | d.t.c.a.a.c.u.util.UserUtilService   : 1 editors generated. Generate 1 instructors...
    23:42:23.174 |  28 nPool-1-worker-2 | DEBUG | d.t.c.a.a.c.u.util.UserUtilService   : 1 instructors generated
    23:42:23.180 |  28 nPool-1-worker-2 | DEBUG | d.t.c.a.a.c.u.util.UserUtilService   : Removing 8 users from all courses...
    23:42:23.182 |  28 nPool-1-worker-2 | DEBUG | d.t.c.a.a.c.u.util.UserUtilService   : Removing 8 users from all courses. Done
    23:42:23.182 |  28 nPool-1-worker-2 | DEBUG | d.t.c.a.a.c.u.util.UserUtilService   : Save 8 users to database...
    23:42:23.207 |  28 nPool-1-worker-2 | DEBUG | d.t.c.a.a.c.u.util.UserUtilService   : Save 8 users to database. Done
    23:42:23.229 |  28 nPool-1-worker-2 | DEBUG | utorialGroupChannelManagementService : Created channel with id 108 for tutorial group with id 130
    23:42:23.231 |  28 nPool-1-worker-2 | DEBUG | utorialGroupChannelManagementService : Added channel with id 108 to tutorial group with id 130
    23:42:23.246 |  28 nPool-1-worker-2 | DEBUG | utorialGroupChannelManagementService : Added users with ids [8] to the channel with id 108 of the tutorial group with id 130
    23:42:23.271 |  28 nPool-1-worker-2 | DEBUG | utorialGroupChannelManagementService : Added teaching assistant with id 12 to the channel with id 108 of the tutorial group with id 130
    23:42:23.294 |  28 nPool-1-worker-2 | DEBUG | utorialGroupChannelManagementService : Granted teaching assistant with id 12 moderator role for the channel with id 108 of the tutorial group with id 130
    23:42:23.294 |  28 nPool-1-worker-2 | DEBUG | utorialGroupChannelManagementService : Setup channel for tutorial group with id 130 with channel id 108
    23:42:23.298 |  28 nPool-1-worker-2 | DEBUG | utorialGroupChannelManagementService : Created channel with id 109 for tutorial group with id 131
    23:42:23.301 |  28 nPool-1-worker-2 | DEBUG | utorialGroupChannelManagementService : Added channel with id 109 to tutorial group with id 131
    23:42:23.310 |  28 nPool-1-worker-2 | DEBUG | utorialGroupChannelManagementService : Added users with ids [9] to the channel with id 109 of the tutorial group with id 131
    23:42:23.321 |  28 nPool-1-worker-2 | DEBUG | utorialGroupChannelManagementService : Added teaching assistant with id 13 to the channel with id 109 of the tutorial group with id 131
    23:42:23.335 |  28 nPool-1-worker-2 | DEBUG | utorialGroupChannelManagementService : Granted teaching assistant with id 13 moderator role for the channel with id 109 of the tutorial group with id 131
    23:42:23.335 |  28 nPool-1-worker-2 | DEBUG | utorialGroupChannelManagementService : Setup channel for tutorial group with id 131 with channel id 109
    23:42:23.335 |  28 nPool-1-worker-2 | INFO  | i.z.t.d.l.EmbeddedDatabaseReporter   : JDBC URL to connect to 'dataSource': url='jdbc:h2:tcp://localhost:41063/mem:df70fc46-7e57-4cb5-9cd0-c1d90c14afa7;USER=sa', scope='TutorialGroupIntegrationTest#averageAttendanceCalculationTest_ThreeSessions_AverageIsArithmeticMean'
    23:42:23.347 |  28 nPool-1-worker-2 | DEBUG | d.t.c.a.a.c.s.f.ApiVersionFilter     : Adding Version to Request GET /api/courses/159/tutorial-groups/132
    23:42:23.348 |  28 nPool-1-worker-2 | DEBUG | d.t.c.a.a.t.w.TutorialGroupResource  : REST request to get tutorial group: 132 of course: 159

  Starting logs for TutorialGroupIntegrationTest > [2] useSingleEndpoint=false
    23:42:23.387 |  28 nPool-1-worker-2 | DEBUG | d.t.c.a.a.c.u.util.UserUtilService   : Generate 4 students...
    23:42:23.397 |  28 nPool-1-worker-2 | DEBUG | d.t.c.a.a.c.u.util.UserUtilService   : 4 students generated. Generate 2 tutors...
    23:42:23.401 |  28 nPool-1-worker-2 | DEBUG | d.t.c.a.a.c.u.util.UserUtilService   : 2 tutors generated. Generate 1 editors...
    23:42:23.404 |  28 nPool-1-worker-2 | DEBUG | d.t.c.a.a.c.u.util.UserUtilService   : 1 editors generated. Generate 1 instructors...
    23:42:23.407 |  28 nPool-1-worker-2 | DEBUG | d.t.c.a.a.c.u.util.UserUtilService   : 1 instructors generated
    23:42:23.409 |  28 nPool-1-worker-2 | DEBUG | d.t.c.a.a.c.u.util.UserUtilService   : Removing 8 users from all courses...
    23:42:23.411 |  28 nPool-1-worker-2 | DEBUG | d.t.c.a.a.c.u.util.UserUtilService   : Removing 8 users from all courses. Done
    23:42:23.411 |  28 nPool-1-worker-2 | DEBUG | d.t.c.a.a.c.u.util.UserUtilService   : Save 8 users to database...
    23:42:23.435 |  28 nPool-1-worker-2 | DEBUG | d.t.c.a.a.c.u.util.UserUtilService   : Save 8 users to database. Done
    23:42:23.460 |  28 nPool-1-worker-2 | DEBUG | utorialGroupChannelManagementService : Created channel with id 110 for tutorial group with id 133
    23:42:23.463 |  28 nPool-1-worker-2 | DEBUG | utorialGroupChannelManagementService : Added channel with id 110 to tutorial group with id 133
    23:42:23.472 |  28 nPool-1-worker-2 | DEBUG | utorialGroupChannelManagementService : Added users with ids [8] to the channel with id 110 of the tutorial group with id 133
    23:42:23.485 |  28 nPool-1-worker-2 | DEBUG | utorialGroupChannelManagementService : Added teaching assistant with id 12 to the channel with id 110 of the tutorial group with id 133
    23:42:23.498 |  28 nPool-1-worker-2 | DEBUG | utorialGroupChannelManagementService : Granted teaching assistant with id 12 moderator role for the channel with id 110 of the tutorial group with id 133
    23:42:23.498 |  28 nPool-1-worker-2 | DEBUG | utorialGroupChannelManagementService : Setup channel for tutorial group with id 133 with channel id 110
    23:42:23.503 |  28 nPool-1-worker-2 | DEBUG | utorialGroupChannelManagementService : Created channel with id 111 for tutorial group with id 134
    23:42:23.506 |  28 nPool-1-worker-2 | DEBUG | utorialGroupChannelManagementService : Added channel with id 111 to tutorial group with id 134
    23:42:23.515 |  28 nPool-1-worker-2 | DEBUG | utorialGroupChannelManagementService : Added users with ids [9] to the channel with id 111 of the tutorial group with id 134
    23:42:23.526 |  28 nPool-1-worker-2 | DEBUG | utorialGroupChannelManagementService : Added teaching assistant with id 13 to the channel with id 111 of the tutorial group with id 134
    23:42:23.539 |  28 nPool-1-worker-2 | DEBUG | utorialGroupChannelManagementService : Granted teaching assistant with id 13 moderator role for the channel with id 111 of the tutorial group with id 134
    23:42:23.539 |  28 nPool-1-worker-2 | DEBUG | utorialGroupChannelManagementService : Setup channel for tutorial group with id 134 with channel id 111
    23:42:23.539 |  28 nPool-1-worker-2 | INFO  | i.z.t.d.l.EmbeddedDatabaseReporter   : JDBC URL to connect to 'dataSource': url='jdbc:h2:tcp://localhost:41063/mem:df70fc46-7e57-4cb5-9cd0-c1d90c14afa7;USER=sa', scope='TutorialGroupIntegrationTest#averageAttendanceCalculationTest_ThreeSessions_AverageIsArithmeticMean'
    23:42:23.550 |  28 nPool-1-worker-2 | DEBUG | d.t.c.a.a.c.s.f.ApiVersionFilter     : Adding Version to Request GET /api/courses/161/tutorial-groups
    23:42:23.551 |  28 nPool-1-worker-2 | DEBUG | d.t.c.a.a.t.w.TutorialGroupResource  : REST request to get all tutorial groups of course with id: 161
    23:42:23.573 | 195 Pool-1-worker-88 | WARN  | .a.p.s.g.GitLabUserManagementService : User userjenkstudent1 does not exist in Gitlab and cannot be updated!
    23:42:23.576 | 195 Pool-1-worker-88 | INFO  | a.p.s.j.JenkinsUserManagementService : Update Jenkins permissions (remove users from groups) for programming exercises: []
    23:42:23.577 | 195 Pool-1-worker-88 | INFO  | a.p.s.j.JenkinsUserManagementService : Update Jenkins permissions (add users to groups) for programming exercises: []
    23:42:23.577 | 195 Pool-1-worker-88 | WARN  | d.t.c.a.a.c.service.user.UserService : Soft Deleted User: User{login='6bsdusq2cvfpry4pxhaq', firstName='Deleted', lastName='User', email='dsa8LNO2x00ieblIDsJ9@user.deleted', imageUrl='null', activated='false', langKey='en', activationKey='null'}

  Starting logs for TutorialGroupIntegrationTest > [1] loadFromService=true
    23:42:23.599 |  28 nPool-1-worker-2 | DEBUG | d.t.c.a.a.c.u.util.UserUtilService   : Generate 4 students...
    23:42:23.607 |  28 nPool-1-worker-2 | DEBUG | d.t.c.a.a.c.u.util.UserUtilService   : 4 students generated. Generate 2 tutors...
    23:42:23.611 |  28 nPool-1-worker-2 | DEBUG | d.t.c.a.a.c.u.util.UserUtilService   : 2 tutors generated. Generate 1 editors...
    23:42:23.614 |  28 nPool-1-worker-2 | DEBUG | d.t.c.a.a.c.u.util.UserUtilService   : 1 editors generated. Generate 1 instructors...
    23:42:23.617 |  28 nPool-1-worker-2 | DEBUG | d.t.c.a.a.c.u.util.UserUtilService   : 1 instructors generated
    23:42:23.618 |  28 nPool-1-worker-2 | DEBUG | d.t.c.a.a.c.u.util.UserUtilService   : Removing 8 users from all courses...
    23:42:23.622 |  28 nPool-1-worker-2 | DEBUG | d.t.c.a.a.c.u.util.UserUtilService   : Removing 8 users from all courses. Done
    23:42:23.622 |  28 nPool-1-worker-2 | DEBUG | d.t.c.a.a.c.u.util.UserUtilService   : Save 8 users to database...
    23:42:23.646 |  28 nPool-1-worker-2 | DEBUG | d.t.c.a.a.c.u.util.UserUtilService   : Save 8 users to database. Done
    23:42:23.667 |  28 nPool-1-worker-2 | DEBUG | utorialGroupChannelManagementService : Created channel with id 112 for tutorial group with id 136
    23:42:23.669 |  28 nPool-1-worker-2 | DEBUG | utorialGroupChannelManagementService : Added channel with id 112 to tutorial group with id 136
    23:42:23.678 |  28 nPool-1-worker-2 | DEBUG | utorialGroupChannelManagementService : Added users with ids [8] to the channel with id 112 of the tutorial group with id 136
    23:42:23.689 |  28 nPool-1-worker-2 | DEBUG | utorialGroupChannelManagementService : Added teaching assistant with id 12 to the channel with id 112 of the tutorial group with id 136
    23:42:23.701 |  28 nPool-1-worker-2 | DEBUG | utorialGroupChannelManagementService : Granted teaching assistant with id 12 moderator role for the channel with id 112 of the tutorial group with id 136
    23:42:23.701 |  28 nPool-1-worker-2 | DEBUG | utorialGroupChannelManagementService : Setup channel for tutorial group with id 136 with channel id 112
    23:42:23.705 |  28 nPool-1-worker-2 | DEBUG | utorialGroupChannelManagementService : Created channel with id 113 for tutorial group with id 137
    23:42:23.708 |  28 nPool-1-worker-2 | DEBUG | utorialGroupChannelManagementService : Added channel with id 113 to tutorial group with id 137
    23:42:23.716 |  28 nPool-1-worker-2 | DEBUG | utorialGroupChannelManagementService : Added users with ids [9] to the channel with id 113 of the tutorial group with id 137
    23:42:23.727 |  28 nPool-1-worker-2 | DEBUG | utorialGroupChannelManagementService : Added teaching assistant with id 13 to the channel with id 113 of the tutorial group with id 137
    23:42:23.739 |  28 nPool-1-worker-2 | DEBUG | utorialGroupChannelManagementService : Granted teaching assistant with id 13 moderator role for the channel with id 113 of the tutorial group with id 137
    23:42:23.739 |  28 nPool-1-worker-2 | DEBUG | utorialGroupChannelManagementService : Setup channel for tutorial group with id 137 with channel id 113
    23:42:23.739 |  28 nPool-1-worker-2 | INFO  | i.z.t.d.l.EmbeddedDatabaseReporter   : JDBC URL to connect to 'dataSource': url='jdbc:h2:tcp://localhost:41063/mem:df70fc46-7e57-4cb5-9cd0-c1d90c14afa7;USER=sa', scope='TutorialGroupIntegrationTest#getOneOfCourse_asNotTutorOfGroup_shouldHidePrivateInformation'

  Starting logs for TutorialGroupIntegrationTest > [2] loadFromService=false
    23:42:23.773 |  28 nPool-1-worker-2 | DEBUG | d.t.c.a.a.c.u.util.UserUtilService   : Generate 4 students...
    23:42:23.781 |  28 nPool-1-worker-2 | DEBUG | d.t.c.a.a.c.u.util.UserUtilService   : 4 students generated. Generate 2 tutors...
    23:42:23.785 |  28 nPool-1-worker-2 | DEBUG | d.t.c.a.a.c.u.util.UserUtilService   : 2 tutors generated. Generate 1 editors...
    23:42:23.788 |  28 nPool-1-worker-2 | DEBUG | d.t.c.a.a.c.u.util.UserUtilService   : 1 editors generated. Generate 1 instructors...
    23:42:23.791 |  28 nPool-1-worker-2 | DEBUG | d.t.c.a.a.c.u.util.UserUtilService   : 1 instructors generated
    23:42:23.793 |  28 nPool-1-worker-2 | DEBUG | d.t.c.a.a.c.u.util.UserUtilService   : Removing 8 users from all courses...
    23:42:23.795 |  28 nPool-1-worker-2 | DEBUG | d.t.c.a.a.c.u.util.UserUtilService   : Removing 8 users from all courses. Done
    23:42:23.795 |  28 nPool-1-worker-2 | DEBUG | d.t.c.a.a.c.u.util.UserUtilService   : Save 8 users to database...
    23:42:23.819 |  28 nPool-1-worker-2 | DEBUG | d.t.c.a.a.c.u.util.UserUtilService   : Save 8 users to database. Done
    23:42:23.844 |  28 nPool-1-worker-2 | DEBUG | utorialGroupChannelManagementService : Created channel with id 114 for tutorial group with id 138
    23:42:23.848 |  28 nPool-1-worker-2 | DEBUG | utorialGroupChannelManagementService : Added channel with id 114 to tutorial group with id 138
    23:42:23.857 |  28 nPool-1-worker-2 | DEBUG | utorialGroupChannelManagementService : Added users with ids [8] to the channel with id 114 of the tutorial group with id 138
    23:42:23.867 |  28 nPool-1-worker-2 | DEBUG | utorialGroupChannelManagementService : Added teaching assistant with id 12 to the channel with id 114 of the tutorial group with id 138
    23:42:23.880 |  28 nPool-1-worker-2 | DEBUG | utorialGroupChannelManagementService : Granted teaching assistant with id 12 moderator role for the channel with id 114 of the tutorial group with id 138
    23:42:23.880 |  28 nPool-1-worker-2 | DEBUG | utorialGroupChannelManagementService : Setup channel for tutorial group with id 138 with channel id 114
    23:42:23.884 |  28 nPool-1-worker-2 | DEBUG | utorialGroupChannelManagementService : Created channel with id 115 for tutorial group with id 139
    23:42:23.886 |  28 nPool-1-worker-2 | DEBUG | utorialGroupChannelManagementService : Added channel with id 115 to tutorial group with id 139
    23:42:23.895 |  28 nPool-1-worker-2 | DEBUG | utorialGroupChannelManagementService : Added users with ids [9] to the channel with id 115 of the tutorial group with id 139
    23:42:23.906 |  28 nPool-1-worker-2 | DEBUG | utorialGroupChannelManagementService : Added teaching assistant with id 13 to the channel with id 115 of the tutorial group with id 139
    23:42:23.918 |  28 nPool-1-worker-2 | DEBUG | utorialGroupChannelManagementService : Granted teaching assistant with id 13 moderator role for the channel with id 115 of the tutorial group with id 139
    23:42:23.918 |  28 nPool-1-worker-2 | DEBUG | utorialGroupChannelManagementService : Setup channel for tutorial group with id 139 with channel id 115
    23:42:23.918 |  28 nPool-1-worker-2 | INFO  | i.z.t.d.l.EmbeddedDatabaseReporter   : JDBC URL to connect to 'dataSource': url='jdbc:h2:tcp://localhost:41063/mem:df70fc46-7e57-4cb5-9cd0-c1d90c14afa7;USER=sa', scope='TutorialGroupIntegrationTest#getOneOfCourse_asNotTutorOfGroup_shouldHidePrivateInformation'
    23:42:23.921 |  28 nPool-1-worker-2 | DEBUG | d.t.c.a.a.c.s.f.ApiVersionFilter     : Adding Version to Request GET /api/courses/165/tutorial-groups/138
    23:42:23.922 |  28 nPool-1-worker-2 | DEBUG | d.t.c.a.a.t.w.TutorialGroupResource  : REST request to get tutorial group: 138 of course: 165

  Starting logs for TutorialGroupIntegrationTest > create_asInstructor_shouldCreateTutorialGroup()
    23:42:23.957 |  28 nPool-1-worker-2 | DEBUG | d.t.c.a.a.c.u.util.UserUtilService   : Generate 4 students...
    23:42:23.965 |  28 nPool-1-worker-2 | DEBUG | d.t.c.a.a.c.u.util.UserUtilService   : 4 students generated. Generate 2 tutors...
    23:42:23.969 |  28 nPool-1-worker-2 | DEBUG | d.t.c.a.a.c.u.util.UserUtilService   : 2 tutors generated. Generate 1 editors...
    23:42:23.972 |  28 nPool-1-worker-2 | DEBUG | d.t.c.a.a.c.u.util.UserUtilService   : 1 editors generated. Generate 1 instructors...
    23:42:23.975 |  28 nPool-1-worker-2 | DEBUG | d.t.c.a.a.c.u.util.UserUtilService   : 1 instructors generated
    23:42:23.976 |  28 nPool-1-worker-2 | DEBUG | d.t.c.a.a.c.u.util.UserUtilService   : Removing 8 users from all courses...
    23:42:23.978 |  28 nPool-1-worker-2 | DEBUG | d.t.c.a.a.c.u.util.UserUtilService   : Removing 8 users from all courses. Done
    23:42:23.978 |  28 nPool-1-worker-2 | DEBUG | d.t.c.a.a.c.u.util.UserUtilService   : Save 8 users to database...
    23:42:24.003 |  28 nPool-1-worker-2 | DEBUG | d.t.c.a.a.c.u.util.UserUtilService   : Save 8 users to database. Done
    23:42:24.024 |  28 nPool-1-worker-2 | DEBUG | utorialGroupChannelManagementService : Created channel with id 116 for tutorial group with id 140
    23:42:24.026 |  28 nPool-1-worker-2 | DEBUG | utorialGroupChannelManagementService : Added channel with id 116 to tutorial group with id 140
    23:42:24.035 |  28 nPool-1-worker-2 | DEBUG | utorialGroupChannelManagementService : Added users with ids [8] to the channel with id 116 of the tutorial group with id 140
    23:42:24.045 |  28 nPool-1-worker-2 | DEBUG | utorialGroupChannelManagementService : Added teaching assistant with id 12 to the channel with id 116 of the tutorial group with id 140
    23:42:24.056 |  28 nPool-1-worker-2 | DEBUG | utorialGroupChannelManagementService : Granted teaching assistant with id 12 moderator role for the channel with id 116 of the tutorial group with id 140
    23:42:24.056 |  28 nPool-1-worker-2 | DEBUG | utorialGroupChannelManagementService : Setup channel for tutorial group with id 140 with channel id 116
    23:42:24.060 |  28 nPool-1-worker-2 | DEBUG | utorialGroupChannelManagementService : Created channel with id 117 for tutorial group with id 141
    23:42:24.063 |  28 nPool-1-worker-2 | DEBUG | utorialGroupChannelManagementService : Added channel with id 117 to tutorial group with id 141
    23:42:24.071 |  28 nPool-1-worker-2 | DEBUG | utorialGroupChannelManagementService : Added users with ids [9] to the channel with id 117 of the tutorial group with id 141
    23:42:24.082 |  28 nPool-1-worker-2 | DEBUG | utorialGroupChannelManagementService : Added teaching assistant with id 13 to the channel with id 117 of the tutorial group with id 141
    23:42:24.093 |  28 nPool-1-worker-2 | DEBUG | utorialGroupChannelManagementService : Granted teaching assistant with id 13 moderator role for the channel with id 117 of the tutorial group with id 141
    23:42:24.093 |  28 nPool-1-worker-2 | DEBUG | utorialGroupChannelManagementService : Setup channel for tutorial group with id 141 with channel id 117
    23:42:24.094 |  28 nPool-1-worker-2 | INFO  | i.z.t.d.l.EmbeddedDatabaseReporter   : JDBC URL to connect to 'dataSource': url='jdbc:h2:tcp://localhost:41063/mem:df70fc46-7e57-4cb5-9cd0-c1d90c14afa7;USER=sa', scope='TutorialGroupIntegrationTest#create_asInstructor_shouldCreateTutorialGroup'
    23:42:24.097 |  28 nPool-1-worker-2 | DEBUG | d.t.c.a.a.c.s.f.ApiVersionFilter     : Adding Version to Request POST /api/courses/167/tutorial-groups
    23:42:24.099 |  28 nPool-1-worker-2 | DEBUG | d.t.c.a.a.t.w.TutorialGroupResource  : REST request to create TutorialGroup: de.tum.cit.aet.artemis.tutorialgroup.domain.TutorialGroup@0 in course: 167
    23:42:24.111 |  28 nPool-1-worker-2 | DEBUG | utorialGroupChannelManagementService : Created channel with id 118 for tutorial group with id 142
    23:42:24.114 |  28 nPool-1-worker-2 | DEBUG | utorialGroupChannelManagementService : Added channel with id 118 to tutorial group with id 142
    23:42:24.116 |  28 nPool-1-worker-2 | DEBUG | utorialGroupChannelManagementService : Added users with ids [] to the channel with id 118 of the tutorial group with id 142
    23:42:24.121 |  28 nPool-1-worker-2 | DEBUG | utorialGroupChannelManagementService : Added teaching assistant with id 12 to the channel with id 118 of the tutorial group with id 142
    23:42:24.128 |  28 nPool-1-worker-2 | DEBUG | utorialGroupChannelManagementService : Granted teaching assistant with id 12 moderator role for the channel with id 118 of the tutorial group with id 142
    23:42:24.128 |  28 nPool-1-worker-2 | DEBUG | utorialGroupChannelManagementService : Setup channel for tutorial group with id 142 with channel id 118

  Starting logs for TutorialGroupIntegrationTest > [1] loadFromService=true
    23:42:24.165 |  28 nPool-1-worker-2 | DEBUG | d.t.c.a.a.c.u.util.UserUtilService   : Generate 4 students...
    23:42:24.171 |  28 nPool-1-worker-2 | DEBUG | d.t.c.a.a.c.u.util.UserUtilService   : 4 students generated. Generate 2 tutors...
    23:42:24.176 |  28 nPool-1-worker-2 | DEBUG | d.t.c.a.a.c.u.util.UserUtilService   : 2 tutors generated. Generate 1 editors...
    23:42:24.178 |  28 nPool-1-worker-2 | DEBUG | d.t.c.a.a.c.u.util.UserUtilService   : 1 editors generated. Generate 1 instructors...
    23:42:24.181 |  28 nPool-1-worker-2 | DEBUG | d.t.c.a.a.c.u.util.UserUtilService   : 1 instructors generated
    23:42:24.183 |  28 nPool-1-worker-2 | DEBUG | d.t.c.a.a.c.u.util.UserUtilService   : Removing 8 users from all courses...
    23:42:24.185 |  28 nPool-1-worker-2 | DEBUG | d.t.c.a.a.c.u.util.UserUtilService   : Removing 8 users from all courses. Done
    23:42:24.185 |  28 nPool-1-worker-2 | DEBUG | d.t.c.a.a.c.u.util.UserUtilService   : Save 8 users to database...
    23:42:24.212 |  28 nPool-1-worker-2 | DEBUG | d.t.c.a.a.c.u.util.UserUtilService   : Save 8 users to database. Done
    23:42:24.233 |  28 nPool-1-worker-2 | DEBUG | utorialGroupChannelManagementService : Created channel with id 119 for tutorial group with id 143
    23:42:24.236 |  28 nPool-1-worker-2 | DEBUG | utorialGroupChannelManagementService : Added channel with id 119 to tutorial group with id 143
    23:42:24.245 |  28 nPool-1-worker-2 | DEBUG | utorialGroupChannelManagementService : Added users with ids [8] to the channel with id 119 of the tutorial group with id 143
    23:42:24.255 |  28 nPool-1-worker-2 | DEBUG | utorialGroupChannelManagementService : Added teaching assistant with id 12 to the channel with id 119 of the tutorial group with id 143
    23:42:24.286 |  28 nPool-1-worker-2 | DEBUG | utorialGroupChannelManagementService : Granted teaching assistant with id 12 moderator role for the channel with id 119 of the tutorial group with id 143
    23:42:24.286 |  28 nPool-1-worker-2 | DEBUG | utorialGroupChannelManagementService : Setup channel for tutorial group with id 143 with channel id 119
    23:42:24.293 |  28 nPool-1-worker-2 | DEBUG | utorialGroupChannelManagementService : Created channel with id 120 for tutorial group with id 144
    23:42:24.302 |  28 nPool-1-worker-2 | DEBUG | utorialGroupChannelManagementService : Added channel with id 120 to tutorial group with id 144
    23:42:24.315 | 641 nt.HealthMonitor | INFO  | c.h.i.diagnostics.HealthMonitor      : [127.0.0.1]:5704 [dev] [5.5.0] processors=4, physical.memory.total=15.6G, physical.memory.free=3.3G, swap.space.total=0, swap.space.free=0, heap.memory.used=2.0G, heap.memory.free=845.3M, heap.memory.total=2.8G, heap.memory.max=6.0G, heap.memory.used/total=70.64%, heap.memory.used/max=33.11%, minor.gc.count=105, minor.gc.time=5826ms, major.gc.count=0, major.gc.time=0ms, unknown.gc.count=46, unknown.gc.time=666ms, load.process=0.00%, load.system=98.78%, load.systemAverage=4.83, thread.count=469, thread.peakCount=474, cluster.timeDiff=0, event.q.size=0, executor.q.async.size=0, executor.q.client.size=0, executor.q.client.query.size=0, executor.q.client.blocking.size=0, executor.q.query.size=0, executor.q.scheduled.size=0, executor.q.io.size=0, executor.q.system.size=0, executor.q.operations.size=0, executor.q.priorityOperation.size=0, operations.completed.count=275, executor.q.mapLoad.size=0, executor.q.mapLoadAllKeys.size=0, executor.q.cluster.size=0, executor.q.response.size=0, operations.running.count=0, operations.pending.invocations.percentage=0.00%, operations.pending.invocations.count=0, proxy.count=203, clientEndpoint.count=0, connection.active.count=0, client.connection.count=0, connection.count=0
    23:42:24.319 |  28 nPool-1-worker-2 | DEBUG | utorialGroupChannelManagementService : Added users with ids [9] to the channel with id 120 of the tutorial group with id 144
    23:42:24.330 |  28 nPool-1-worker-2 | DEBUG | utorialGroupChannelManagementService : Added teaching assistant with id 13 to the channel with id 120 of the tutorial group with id 144
    23:42:24.342 |  28 nPool-1-worker-2 | DEBUG | utorialGroupChannelManagementService : Granted teaching assistant with id 13 moderator role for the channel with id 120 of the tutorial group with id 144
    23:42:24.342 |  28 nPool-1-worker-2 | DEBUG | utorialGroupChannelManagementService : Setup channel for tutorial group with id 144 with channel id 120
    23:42:24.343 |  28 nPool-1-worker-2 | INFO  | i.z.t.d.l.EmbeddedDatabaseReporter   : JDBC URL to connect to 'dataSource': url='jdbc:h2:tcp://localhost:41063/mem:df70fc46-7e57-4cb5-9cd0-c1d90c14afa7;USER=sa', scope='TutorialGroupIntegrationTest#getAllForCourse_asEditor_shouldHidePrivateInformation'

  Starting logs for TutorialGroupIntegrationTest > [2] loadFromService=false
    23:42:24.383 |  28 nPool-1-worker-2 | DEBUG | d.t.c.a.a.c.u.util.UserUtilService   : Generate 4 students...
    23:42:24.390 |  28 nPool-1-worker-2 | DEBUG | d.t.c.a.a.c.u.util.UserUtilService   : 4 students generated. Generate 2 tutors...
    23:42:24.395 |  28 nPool-1-worker-2 | DEBUG | d.t.c.a.a.c.u.util.UserUtilService   : 2 tutors generated. Generate 1 editors...
    23:42:24.398 |  28 nPool-1-worker-2 | DEBUG | d.t.c.a.a.c.u.util.UserUtilService   : 1 editors generated. Generate 1 instructors...
    23:42:24.401 |  28 nPool-1-worker-2 | DEBUG | d.t.c.a.a.c.u.util.UserUtilService   : 1 instructors generated
    23:42:24.402 |  28 nPool-1-worker-2 | DEBUG | d.t.c.a.a.c.u.util.UserUtilService   : Removing 8 users from all courses...
    23:42:24.404 |  28 nPool-1-worker-2 | DEBUG | d.t.c.a.a.c.u.util.UserUtilService   : Removing 8 users from all courses. Done
    23:42:24.404 |  28 nPool-1-worker-2 | DEBUG | d.t.c.a.a.c.u.util.UserUtilService   : Save 8 users to database...
    23:42:24.431 |  28 nPool-1-worker-2 | DEBUG | d.t.c.a.a.c.u.util.UserUtilService   : Save 8 users to database. Done
    23:42:24.454 |  28 nPool-1-worker-2 | DEBUG | utorialGroupChannelManagementService : Created channel with id 121 for tutorial group with id 145
    23:42:24.456 |  28 nPool-1-worker-2 | DEBUG | utorialGroupChannelManagementService : Added channel with id 121 to tutorial group with id 145
    23:42:24.465 |  28 nPool-1-worker-2 | DEBUG | utorialGroupChannelManagementService : Added users with ids [8] to the channel with id 121 of the tutorial group with id 145
    23:42:24.476 |  28 nPool-1-worker-2 | DEBUG | utorialGroupChannelManagementService : Added teaching assistant with id 12 to the channel with id 121 of the tutorial group with id 145
    23:42:24.491 |  28 nPool-1-worker-2 | DEBUG | utorialGroupChannelManagementService : Granted teaching assistant with id 12 moderator role for the channel with id 121 of the tutorial group with id 145
    23:42:24.491 |  28 nPool-1-worker-2 | DEBUG | utorialGroupChannelManagementService : Setup channel for tutorial group with id 145 with channel id 121
    23:42:24.499 |  28 nPool-1-worker-2 | DEBUG | utorialGroupChannelManagementService : Created channel with id 122 for tutorial group with id 146
    23:42:24.503 |  28 nPool-1-worker-2 | DEBUG | utorialGroupChannelManagementService : Added channel with id 122 to tutorial group with id 146
    23:42:24.517 |  28 nPool-1-worker-2 | DEBUG | utorialGroupChannelManagementService : Added users with ids [9] to the channel with id 122 of the tutorial group with id 146
    23:42:24.531 |  28 nPool-1-worker-2 | DEBUG | utorialGroupChannelManagementService : Added teaching assistant with id 13 to the channel with id 122 of the tutorial group with id 146
    23:42:24.544 |  28 nPool-1-worker-2 | DEBUG | utorialGroupChannelManagementService : Granted teaching assistant with id 13 moderator role for the channel with id 122 of the tutorial group with id 146
    23:42:24.544 |  28 nPool-1-worker-2 | DEBUG | utorialGroupChannelManagementService : Setup channel for tutorial group with id 146 with channel id 122
    23:42:24.545 |  28 nPool-1-worker-2 | INFO  | i.z.t.d.l.EmbeddedDatabaseReporter   : JDBC URL to connect to 'dataSource': url='jdbc:h2:tcp://localhost:41063/mem:df70fc46-7e57-4cb5-9cd0-c1d90c14afa7;USER=sa', scope='TutorialGroupIntegrationTest#getAllForCourse_asEditor_shouldHidePrivateInformation'
    23:42:24.547 |  28 nPool-1-worker-2 | DEBUG | d.t.c.a.a.c.s.f.ApiVersionFilter     : Adding Version to Request GET /api/courses/171/tutorial-groups
    23:42:24.548 |  28 nPool-1-worker-2 | DEBUG | d.t.c.a.a.t.w.TutorialGroupResource  : REST request to get all tutorial groups of course with id: 171

  Starting logs for TutorialGroupIntegrationTest > testExportTutorialGroupsToCSV()
    23:42:24.590 |  28 nPool-1-worker-2 | DEBUG | d.t.c.a.a.c.u.util.UserUtilService   : Generate 4 students...
    23:42:24.597 |  28 nPool-1-worker-2 | DEBUG | d.t.c.a.a.c.u.util.UserUtilService   : 4 students generated. Generate 2 tutors...
    23:42:24.601 |  28 nPool-1-worker-2 | DEBUG | d.t.c.a.a.c.u.util.UserUtilService   : 2 tutors generated. Generate 1 editors...
    23:42:24.604 |  28 nPool-1-worker-2 | DEBUG | d.t.c.a.a.c.u.util.UserUtilService   : 1 editors generated. Generate 1 instructors...
    23:42:24.607 |  28 nPool-1-worker-2 | DEBUG | d.t.c.a.a.c.u.util.UserUtilService   : 1 instructors generated
    23:42:24.609 |  28 nPool-1-worker-2 | DEBUG | d.t.c.a.a.c.u.util.UserUtilService   : Removing 8 users from all courses...
    23:42:24.612 |  28 nPool-1-worker-2 | DEBUG | d.t.c.a.a.c.u.util.UserUtilService   : Removing 8 users from all courses. Done
    23:42:24.612 |  28 nPool-1-worker-2 | DEBUG | d.t.c.a.a.c.u.util.UserUtilService   : Save 8 users to database...
    23:42:24.638 |  28 nPool-1-worker-2 | DEBUG | d.t.c.a.a.c.u.util.UserUtilService   : Save 8 users to database. Done
    23:42:24.659 |  28 nPool-1-worker-2 | DEBUG | utorialGroupChannelManagementService : Created channel with id 123 for tutorial group with id 147
    23:42:24.662 |  28 nPool-1-worker-2 | DEBUG | utorialGroupChannelManagementService : Added channel with id 123 to tutorial group with id 147
    23:42:24.671 |  28 nPool-1-worker-2 | DEBUG | utorialGroupChannelManagementService : Added users with ids [8] to the channel with id 123 of the tutorial group with id 147
    23:42:24.682 |  28 nPool-1-worker-2 | DEBUG | utorialGroupChannelManagementService : Added teaching assistant with id 12 to the channel with id 123 of the tutorial group with id 147
    23:42:24.695 |  28 nPool-1-worker-2 | DEBUG | utorialGroupChannelManagementService : Granted teaching assistant with id 12 moderator role for the channel with id 123 of the tutorial group with id 147
    23:42:24.695 |  28 nPool-1-worker-2 | DEBUG | utorialGroupChannelManagementService : Setup channel for tutorial group with id 147 with channel id 123
    23:42:24.699 |  28 nPool-1-worker-2 | DEBUG | utorialGroupChannelManagementService : Created channel with id 124 for tutorial group with id 148
    23:42:24.702 |  28 nPool-1-worker-2 | DEBUG | utorialGroupChannelManagementService : Added channel with id 124 to tutorial group with id 148
    23:42:24.711 |  28 nPool-1-worker-2 | DEBUG | utorialGroupChannelManagementService : Added users with ids [9] to the channel with id 124 of the tutorial group with id 148
    23:42:24.721 |  28 nPool-1-worker-2 | DEBUG | utorialGroupChannelManagementService : Added teaching assistant with id 13 to the channel with id 124 of the tutorial group with id 148
    23:42:24.733 |  28 nPool-1-worker-2 | DEBUG | utorialGroupChannelManagementService : Granted teaching assistant with id 13 moderator role for the channel with id 124 of the tutorial group with id 148
    23:42:24.733 |  28 nPool-1-worker-2 | DEBUG | utorialGroupChannelManagementService : Setup channel for tutorial group with id 148 with channel id 124
    23:42:24.734 |  28 nPool-1-worker-2 | INFO  | i.z.t.d.l.EmbeddedDatabaseReporter   : JDBC URL to connect to 'dataSource': url='jdbc:h2:tcp://localhost:41063/mem:df70fc46-7e57-4cb5-9cd0-c1d90c14afa7;USER=sa', scope='TutorialGroupIntegrationTest#testExportTutorialGroupsToCSV'
    23:42:24.736 |  28 nPool-1-worker-2 | DEBUG | d.t.c.a.a.c.s.f.ApiVersionFilter     : Adding Version to Request GET /api/courses/173/tutorial-groups/export/csv
    23:42:24.741 |  28 nPool-1-worker-2 | DEBUG | d.t.c.a.a.t.w.TutorialGroupResource  : REST request to export TutorialGroups to CSV for course: 173

  Starting logs for TutorialGroupIntegrationTest > [1] loadFromService=true
    23:42:24.790 |  28 nPool-1-worker-2 | DEBUG | d.t.c.a.a.c.u.util.UserUtilService   : Generate 4 students...
    23:42:24.798 |  28 nPool-1-worker-2 | DEBUG | d.t.c.a.a.c.u.util.UserUtilService   : 4 students generated. Generate 2 tutors...
    23:42:24.802 |  28 nPool-1-worker-2 | DEBUG | d.t.c.a.a.c.u.util.UserUtilService   : 2 tutors generated. Generate 1 editors...
    23:42:24.805 |  28 nPool-1-worker-2 | DEBUG | d.t.c.a.a.c.u.util.UserUtilService   : 1 editors generated. Generate 1 instructors...
    23:42:24.808 |  28 nPool-1-worker-2 | DEBUG | d.t.c.a.a.c.u.util.UserUtilService   : 1 instructors generated
    23:42:24.809 |  28 nPool-1-worker-2 | DEBUG | d.t.c.a.a.c.u.util.UserUtilService   : Removing 8 users from all courses...
    23:42:24.811 |  28 nPool-1-worker-2 | DEBUG | d.t.c.a.a.c.u.util.UserUtilService   : Removing 8 users from all courses. Done
    23:42:24.811 |  28 nPool-1-worker-2 | DEBUG | d.t.c.a.a.c.u.util.UserUtilService   : Save 8 users to database...
    23:42:24.839 |  28 nPool-1-worker-2 | DEBUG | d.t.c.a.a.c.u.util.UserUtilService   : Save 8 users to database. Done
    23:42:24.862 |  28 nPool-1-worker-2 | DEBUG | utorialGroupChannelManagementService : Created channel with id 125 for tutorial group with id 149
    23:42:24.865 |  28 nPool-1-worker-2 | DEBUG | utorialGroupChannelManagementService : Added channel with id 125 to tutorial group with id 149
    23:42:24.873 |  28 nPool-1-worker-2 | DEBUG | utorialGroupChannelManagementService : Added users with ids [8] to the channel with id 125 of the tutorial group with id 149
    23:42:24.885 |  28 nPool-1-worker-2 | DEBUG | utorialGroupChannelManagementService : Added teaching assistant with id 12 to the channel with id 125 of the tutorial group with id 149
    23:42:24.898 |  28 nPool-1-worker-2 | DEBUG | utorialGroupChannelManagementService : Granted teaching assistant with id 12 moderator role for the channel with id 125 of the tutorial group with id 149
    23:42:24.898 |  28 nPool-1-worker-2 | DEBUG | utorialGroupChannelManagementService : Setup channel for tutorial group with id 149 with channel id 125
    23:42:24.902 |  28 nPool-1-worker-2 | DEBUG | utorialGroupChannelManagementService : Created channel with id 126 for tutorial group with id 150
    23:42:24.905 |  28 nPool-1-worker-2 | DEBUG | utorialGroupChannelManagementService : Added channel with id 126 to tutorial group with id 150
    23:42:24.913 |  28 nPool-1-worker-2 | DEBUG | utorialGroupChannelManagementService : Added users with ids [9] to the channel with id 126 of the tutorial group with id 150
    23:42:24.925 |  28 nPool-1-worker-2 | DEBUG | utorialGroupChannelManagementService : Added teaching assistant with id 13 to the channel with id 126 of the tutorial group with id 150
    23:42:24.936 |  28 nPool-1-worker-2 | DEBUG | utorialGroupChannelManagementService : Granted teaching assistant with id 13 moderator role for the channel with id 126 of the tutorial group with id 150
    23:42:24.936 |  28 nPool-1-worker-2 | DEBUG | utorialGroupChannelManagementService : Setup channel for tutorial group with id 150 with channel id 126
    23:42:24.937 |  28 nPool-1-worker-2 | INFO  | i.z.t.d.l.EmbeddedDatabaseReporter   : JDBC URL to connect to 'dataSource': url='jdbc:h2:tcp://localhost:41063/mem:df70fc46-7e57-4cb5-9cd0-c1d90c14afa7;USER=sa', scope='TutorialGroupIntegrationTest#getOneOfCourse_asEditor_shouldHidePrivateInformation'

  Starting logs for TutorialGroupIntegrationTest > [2] loadFromService=false
    23:42:24.971 |  28 nPool-1-worker-2 | DEBUG | d.t.c.a.a.c.u.util.UserUtilService   : Generate 4 students...
    23:42:24.978 |  28 nPool-1-worker-2 | DEBUG | d.t.c.a.a.c.u.util.UserUtilService   : 4 students generated. Generate 2 tutors...
    23:42:24.982 |  28 nPool-1-worker-2 | DEBUG | d.t.c.a.a.c.u.util.UserUtilService   : 2 tutors generated. Generate 1 editors...
    23:42:24.985 |  28 nPool-1-worker-2 | DEBUG | d.t.c.a.a.c.u.util.UserUtilService   : 1 editors generated. Generate 1 instructors...
    23:42:24.988 |  28 nPool-1-worker-2 | DEBUG | d.t.c.a.a.c.u.util.UserUtilService   : 1 instructors generated
    23:42:24.990 |  28 nPool-1-worker-2 | DEBUG | d.t.c.a.a.c.u.util.UserUtilService   : Removing 8 users from all courses...
    23:42:24.992 |  28 nPool-1-worker-2 | DEBUG | d.t.c.a.a.c.u.util.UserUtilService   : Removing 8 users from all courses. Done
    23:42:24.992 |  28 nPool-1-worker-2 | DEBUG | d.t.c.a.a.c.u.util.UserUtilService   : Save 8 users to database...
    23:42:25.041 |  28 nPool-1-worker-2 | DEBUG | d.t.c.a.a.c.u.util.UserUtilService   : Save 8 users to database. Done
    23:42:25.083 |  28 nPool-1-worker-2 | DEBUG | utorialGroupChannelManagementService : Created channel with id 127 for tutorial group with id 151
    23:42:25.085 |  28 nPool-1-worker-2 | DEBUG | utorialGroupChannelManagementService : Added channel with id 127 to tutorial group with id 151
    23:42:25.094 |  28 nPool-1-worker-2 | DEBUG | utorialGroupChannelManagementService : Added users with ids [8] to the channel with id 127 of the tutorial group with id 151
    23:42:25.106 |  28 nPool-1-worker-2 | DEBUG | utorialGroupChannelManagementService : Added teaching assistant with id 12 to the channel with id 127 of the tutorial group with id 151
    23:42:25.119 |  28 nPool-1-worker-2 | DEBUG | utorialGroupChannelManagementService : Granted teaching assistant with id 12 moderator role for the channel with id 127 of the tutorial group with id 151
    23:42:25.119 |  28 nPool-1-worker-2 | DEBUG | utorialGroupChannelManagementService : Setup channel for tutorial group with id 151 with channel id 127
    23:42:25.123 |  28 nPool-1-worker-2 | DEBUG | utorialGroupChannelManagementService : Created channel with id 128 for tutorial group with id 152
    23:42:25.125 |  28 nPool-1-worker-2 | DEBUG | utorialGroupChannelManagementService : Added channel with id 128 to tutorial group with id 152
    23:42:25.133 |  28 nPool-1-worker-2 | DEBUG | utorialGroupChannelManagementService : Added users with ids [9] to the channel with id 128 of the tutorial group with id 152
    23:42:25.144 |  28 nPool-1-worker-2 | DEBUG | utorialGroupChannelManagementService : Added teaching assistant with id 13 to the channel with id 128 of the tutorial group with id 152
    23:42:25.156 |  28 nPool-1-worker-2 | DEBUG | utorialGroupChannelManagementService : Granted teaching assistant with id 13 moderator role for the channel with id 128 of the tutorial group with id 152
    23:42:25.156 |  28 nPool-1-worker-2 | DEBUG | utorialGroupChannelManagementService : Setup channel for tutorial group with id 152 with channel id 128
    23:42:25.156 |  28 nPool-1-worker-2 | INFO  | i.z.t.d.l.EmbeddedDatabaseReporter   : JDBC URL to connect to 'dataSource': url='jdbc:h2:tcp://localhost:41063/mem:df70fc46-7e57-4cb5-9cd0-c1d90c14afa7;USER=sa', scope='TutorialGroupIntegrationTest#getOneOfCourse_asEditor_shouldHidePrivateInformation'
    23:42:25.158 |  28 nPool-1-worker-2 | DEBUG | d.t.c.a.a.c.s.f.ApiVersionFilter     : Adding Version to Request GET /api/courses/177/tutorial-groups/151
    23:42:25.160 |  28 nPool-1-worker-2 | DEBUG | d.t.c.a.a.t.w.TutorialGroupResource  : REST request to get tutorial group: 151 of course: 177

  Starting logs for TutorialGroupIntegrationTest > importRegistrations_titleButSameStudentToMultipleGroups_shouldStillCreateTutorialGroupsButNoRegistration()
    23:42:25.193 |  28 nPool-1-worker-2 | DEBUG | d.t.c.a.a.c.u.util.UserUtilService   : Generate 4 students...
    23:42:25.200 |  28 nPool-1-worker-2 | DEBUG | d.t.c.a.a.c.u.util.UserUtilService   : 4 students generated. Generate 2 tutors...
    23:42:25.205 |  28 nPool-1-worker-2 | DEBUG | d.t.c.a.a.c.u.util.UserUtilService   : 2 tutors generated. Generate 1 editors...
    23:42:25.208 |  28 nPool-1-worker-2 | DEBUG | d.t.c.a.a.c.u.util.UserUtilService   : 1 editors generated. Generate 1 instructors...
    23:42:25.211 |  28 nPool-1-worker-2 | DEBUG | d.t.c.a.a.c.u.util.UserUtilService   : 1 instructors generated
    23:42:25.212 |  28 nPool-1-worker-2 | DEBUG | d.t.c.a.a.c.u.util.UserUtilService   : Removing 8 users from all courses...
    23:42:25.214 |  28 nPool-1-worker-2 | DEBUG | d.t.c.a.a.c.u.util.UserUtilService   : Removing 8 users from all courses. Done
    23:42:25.214 |  28 nPool-1-worker-2 | DEBUG | d.t.c.a.a.c.u.util.UserUtilService   : Save 8 users to database...
    23:42:25.241 |  28 nPool-1-worker-2 | DEBUG | d.t.c.a.a.c.u.util.UserUtilService   : Save 8 users to database. Done
    23:42:25.264 |  28 nPool-1-worker-2 | DEBUG | utorialGroupChannelManagementService : Created channel with id 129 for tutorial group with id 153
    23:42:25.266 |  28 nPool-1-worker-2 | DEBUG | utorialGroupChannelManagementService : Added channel with id 129 to tutorial group with id 153
    23:42:25.275 |  28 nPool-1-worker-2 | DEBUG | utorialGroupChannelManagementService : Added users with ids [8] to the channel with id 129 of the tutorial group with id 153
    23:42:25.286 |  28 nPool-1-worker-2 | DEBUG | utorialGroupChannelManagementService : Added teaching assistant with id 12 to the channel with id 129 of the tutorial group with id 153
    23:42:25.298 |  28 nPool-1-worker-2 | DEBUG | utorialGroupChannelManagementService : Granted teaching assistant with id 12 moderator role for the channel with id 129 of the tutorial group with id 153
    23:42:25.298 |  28 nPool-1-worker-2 | DEBUG | utorialGroupChannelManagementService : Setup channel for tutorial group with id 153 with channel id 129
    23:42:25.302 |  28 nPool-1-worker-2 | DEBUG | utorialGroupChannelManagementService : Created channel with id 130 for tutorial group with id 154
    23:42:25.305 |  28 nPool-1-worker-2 | DEBUG | utorialGroupChannelManagementService : Added channel with id 130 to tutorial group with id 154
    23:42:25.313 |  28 nPool-1-worker-2 | DEBUG | utorialGroupChannelManagementService : Added users with ids [9] to the channel with id 130 of the tutorial group with id 154
    23:42:25.324 |  28 nPool-1-worker-2 | DEBUG | utorialGroupChannelManagementService : Added teaching assistant with id 13 to the channel with id 130 of the tutorial group with id 154
    23:42:25.336 |  28 nPool-1-worker-2 | DEBUG | utorialGroupChannelManagementService : Granted teaching assistant with id 13 moderator role for the channel with id 130 of the tutorial group with id 154
    23:42:25.336 |  28 nPool-1-worker-2 | DEBUG | utorialGroupChannelManagementService : Setup channel for tutorial group with id 154 with channel id 130
    23:42:25.336 |  28 nPool-1-worker-2 | INFO  | i.z.t.d.l.EmbeddedDatabaseReporter   : JDBC URL to connect to 'dataSource': url='jdbc:h2:tcp://localhost:41063/mem:df70fc46-7e57-4cb5-9cd0-c1d90c14afa7;USER=sa', scope='TutorialGroupIntegrationTest#importRegistrations_titleButSameStudentToMultipleGroups_shouldStillCreateTutorialGroupsButNoRegistration'
    23:42:25.348 |  28 nPool-1-worker-2 | DEBUG | utorialGroupChannelManagementService : Created channel with id 131 for tutorial group with id 155
    23:42:25.354 |  28 nPool-1-worker-2 | DEBUG | utorialGroupChannelManagementService : Added channel with id 131 to tutorial group with id 155
    23:42:25.366 |  28 nPool-1-worker-2 | DEBUG | utorialGroupChannelManagementService : Added users with ids [8] to the channel with id 131 of the tutorial group with id 155
    23:42:25.377 |  28 nPool-1-worker-2 | DEBUG | utorialGroupChannelManagementService : Added teaching assistant with id 12 to the channel with id 131 of the tutorial group with id 155
    23:42:25.390 |  28 nPool-1-worker-2 | DEBUG | utorialGroupChannelManagementService : Granted teaching assistant with id 12 moderator role for the channel with id 131 of the tutorial group with id 155
    23:42:25.390 |  28 nPool-1-worker-2 | DEBUG | utorialGroupChannelManagementService : Setup channel for tutorial group with id 155 with channel id 131
    23:42:25.392 |  28 nPool-1-worker-2 | DEBUG | utorialGroupChannelManagementService : Created channel with id 132 for tutorial group with id 156
    23:42:25.396 |  28 nPool-1-worker-2 | DEBUG | utorialGroupChannelManagementService : Added channel with id 132 to tutorial group with id 156
    23:42:25.406 |  28 nPool-1-worker-2 | DEBUG | utorialGroupChannelManagementService : Added users with ids [9] to the channel with id 132 of the tutorial group with id 156
    23:42:25.418 |  28 nPool-1-worker-2 | DEBUG | utorialGroupChannelManagementService : Added teaching assistant with id 12 to the channel with id 132 of the tutorial group with id 156
    23:42:25.430 |  28 nPool-1-worker-2 | DEBUG | utorialGroupChannelManagementService : Granted teaching assistant with id 12 moderator role for the channel with id 132 of the tutorial group with id 156
    23:42:25.430 |  28 nPool-1-worker-2 | DEBUG | utorialGroupChannelManagementService : Setup channel for tutorial group with id 156 with channel id 132
    23:42:25.435 |  28 nPool-1-worker-2 | DEBUG | d.t.c.a.a.c.s.f.ApiVersionFilter     : Adding Version to Request POST /api/courses/179/tutorial-groups/import
    23:42:25.437 |  28 nPool-1-worker-2 | DEBUG | d.t.c.a.a.t.w.TutorialGroupResource  : REST request to import registrations [TutorialGroupRegistrationImportDTO{title='k2i5f435vr', student=StudentDTO[login=tutorialgroupstudent1, firstName=tutorialgroupstudent1First, lastName=tutorialgroupstudent1Last, registrationNumber=null, email=tutorialgroupstudent1@test.de], importSuccessful=null, error=null, campus=null, capacity=null, language=null, additionalInformation=null, isOnline=null}, TutorialGroupRegistrationImportDTO{title='k2i5f435vr', student=StudentDTO[login=tutorialgroupstudent3, firstName=tutorialgroupstudent3First, lastName=tutorialgroupstudent3Last, registrationNumber=3, email=tutorialgroupstudent3@test.de], importSuccessful=null, error=null, campus=null, capacity=null, language=null, additionalInformation=null, isOnline=null}, TutorialGroupRegistrationImportDTO{title='iimbuthh8r', student=StudentDTO[login=tutorialgroupstudent3, firstName=tutorialgroupstudent3First, lastName=tutorialgroupstudent3Last, registrationNumber=3, email=tutorialgroupstudent3@test.de], importSuccessful=null, error=null, campus=null, capacity=null, language=null, additionalInformation=null, isOnline=null}, TutorialGroupRegistrationImportDTO{title='iimbuthh8r', student=StudentDTO[login=tutorialgroupstudent1, firstName=tutorialgroupstudent1First, lastName=tutorialgroupstudent1Last, registrationNumber=null, email=tutorialgroupstudent1@test.de], importSuccessful=null, error=null, campus=null, capacity=null, language=null, additionalInformation=null, isOnline=null}] to course 179
    23:42:25.448 |  28 nPool-1-worker-2 | DEBUG | utorialGroupChannelManagementService : Created channel with id 133 for tutorial group with id 157
    23:42:25.451 |  28 nPool-1-worker-2 | DEBUG | utorialGroupChannelManagementService : Added channel with id 133 to tutorial group with id 157
    23:42:25.453 |  28 nPool-1-worker-2 | DEBUG | utorialGroupChannelManagementService : Added users with ids [] to the channel with id 133 of the tutorial group with id 157
    23:42:25.459 |  28 nPool-1-worker-2 | DEBUG | utorialGroupChannelManagementService : Added teaching assistant with id 15 to the channel with id 133 of the tutorial group with id 157
    23:42:25.472 |  28 nPool-1-worker-2 | DEBUG | utorialGroupChannelManagementService : Granted teaching assistant with id 15 moderator role for the channel with id 133 of the tutorial group with id 157
    23:42:25.472 |  28 nPool-1-worker-2 | DEBUG | utorialGroupChannelManagementService : Setup channel for tutorial group with id 157 with channel id 133
    23:42:25.478 |  28 nPool-1-worker-2 | DEBUG | utorialGroupChannelManagementService : Created channel with id 134 for tutorial group with id 158
    23:42:25.482 |  28 nPool-1-worker-2 | DEBUG | utorialGroupChannelManagementService : Added channel with id 134 to tutorial group with id 158
    23:42:25.484 |  28 nPool-1-worker-2 | DEBUG | utorialGroupChannelManagementService : Added users with ids [] to the channel with id 134 of the tutorial group with id 158
    23:42:25.490 |  28 nPool-1-worker-2 | DEBUG | utorialGroupChannelManagementService : Added teaching assistant with id 15 to the channel with id 134 of the tutorial group with id 158
    23:42:25.499 |  28 nPool-1-worker-2 | DEBUG | utorialGroupChannelManagementService : Granted teaching assistant with id 15 moderator role for the channel with id 134 of the tutorial group with id 158
    23:42:25.499 |  28 nPool-1-worker-2 | DEBUG | utorialGroupChannelManagementService : Setup channel for tutorial group with id 158 with channel id 134
    23:42:25.508 |  28 nPool-1-worker-2 | DEBUG | utorialGroupChannelManagementService : Removed users with ids [] from the channel with id 131 of the tutorial group with id 155
    23:42:25.510 |  28 nPool-1-worker-2 | DEBUG | utorialGroupChannelManagementService : Removed users with ids [] from the channel with id 133 of the tutorial group with id 157
    23:42:25.512 |  28 nPool-1-worker-2 | DEBUG | utorialGroupChannelManagementService : Removed users with ids [] from the channel with id 134 of the tutorial group with id 158
    23:42:25.514 |  28 nPool-1-worker-2 | DEBUG | utorialGroupChannelManagementService : Removed users with ids [] from the channel with id 130 of the tutorial group with id 154
    23:42:25.515 |  28 nPool-1-worker-2 | DEBUG | utorialGroupChannelManagementService : Removed users with ids [] from the channel with id 132 of the tutorial group with id 156
    23:42:25.517 |  28 nPool-1-worker-2 | DEBUG | utorialGroupChannelManagementService : Removed users with ids [] from the channel with id 129 of the tutorial group with id 153

  Starting logs for TutorialGroupIntegrationTest > update_asInstructor_shouldUpdateTutorialGroup()
    23:42:25.560 |  28 nPool-1-worker-2 | DEBUG | d.t.c.a.a.c.u.util.UserUtilService   : Generate 4 students...
    23:42:25.567 |  28 nPool-1-worker-2 | DEBUG | d.t.c.a.a.c.u.util.UserUtilService   : 4 students generated. Generate 2 tutors...
    23:42:25.572 |  28 nPool-1-worker-2 | DEBUG | d.t.c.a.a.c.u.util.UserUtilService   : 2 tutors generated. Generate 1 editors...
    23:42:25.575 |  28 nPool-1-worker-2 | DEBUG | d.t.c.a.a.c.u.util.UserUtilService   : 1 editors generated. Generate 1 instructors...
    23:42:25.578 |  28 nPool-1-worker-2 | DEBUG | d.t.c.a.a.c.u.util.UserUtilService   : 1 instructors generated
    23:42:25.580 |  28 nPool-1-worker-2 | DEBUG | d.t.c.a.a.c.u.util.UserUtilService   : Removing 8 users from all courses...
    23:42:25.582 |  28 nPool-1-worker-2 | DEBUG | d.t.c.a.a.c.u.util.UserUtilService   : Removing 8 users from all courses. Done
    23:42:25.582 |  28 nPool-1-worker-2 | DEBUG | d.t.c.a.a.c.u.util.UserUtilService   : Save 8 users to database...
    23:42:25.608 |  28 nPool-1-worker-2 | DEBUG | d.t.c.a.a.c.u.util.UserUtilService   : Save 8 users to database. Done
    23:42:25.629 |  28 nPool-1-worker-2 | DEBUG | utorialGroupChannelManagementService : Created channel with id 135 for tutorial group with id 159
    23:42:25.632 |  28 nPool-1-worker-2 | DEBUG | utorialGroupChannelManagementService : Added channel with id 135 to tutorial group with id 159
    23:42:25.640 |  28 nPool-1-worker-2 | DEBUG | utorialGroupChannelManagementService : Added users with ids [8] to the channel with id 135 of the tutorial group with id 159
    23:42:25.652 |  28 nPool-1-worker-2 | DEBUG | utorialGroupChannelManagementService : Added teaching assistant with id 12 to the channel with id 135 of the tutorial group with id 159
    23:42:25.664 |  28 nPool-1-worker-2 | DEBUG | utorialGroupChannelManagementService : Granted teaching assistant with id 12 moderator role for the channel with id 135 of the tutorial group with id 159
    23:42:25.664 |  28 nPool-1-worker-2 | DEBUG | utorialGroupChannelManagementService : Setup channel for tutorial group with id 159 with channel id 135
    23:42:25.668 |  28 nPool-1-worker-2 | DEBUG | utorialGroupChannelManagementService : Created channel with id 136 for tutorial group with id 160
    23:42:25.671 |  28 nPool-1-worker-2 | DEBUG | utorialGroupChannelManagementService : Added channel with id 136 to tutorial group with id 160
    23:42:25.685 |  28 nPool-1-worker-2 | DEBUG | utorialGroupChannelManagementService : Added users with ids [9] to the channel with id 136 of the tutorial group with id 160
    23:42:25.698 |  28 nPool-1-worker-2 | DEBUG | utorialGroupChannelManagementService : Added teaching assistant with id 13 to the channel with id 136 of the tutorial group with id 160
    23:42:25.711 |  28 nPool-1-worker-2 | DEBUG | utorialGroupChannelManagementService : Granted teaching assistant with id 13 moderator role for the channel with id 136 of the tutorial group with id 160
    23:42:25.711 |  28 nPool-1-worker-2 | DEBUG | utorialGroupChannelManagementService : Setup channel for tutorial group with id 160 with channel id 136
    23:42:25.711 |  28 nPool-1-worker-2 | INFO  | i.z.t.d.l.EmbeddedDatabaseReporter   : JDBC URL to connect to 'dataSource': url='jdbc:h2:tcp://localhost:41063/mem:df70fc46-7e57-4cb5-9cd0-c1d90c14afa7;USER=sa', scope='TutorialGroupIntegrationTest#update_asInstructor_shouldUpdateTutorialGroup'
    23:42:25.714 |  28 nPool-1-worker-2 | DEBUG | d.t.c.a.a.c.s.f.ApiVersionFilter     : Adding Version to Request PUT /api/courses/181/tutorial-groups/159
    23:42:25.717 |  28 nPool-1-worker-2 | DEBUG | d.t.c.a.a.t.w.TutorialGroupResource  : REST request to update TutorialGroup : de.tum.cit.aet.artemis.tutorialgroup.domain.TutorialGroup@9f
    23:42:25.724 |  28 nPool-1-worker-2 | DEBUG | utorialGroupChannelManagementService : Updated title of channel with id 135 of tutorial group with id 159

  Starting logs for TutorialGroupIntegrationTest > registerStudent_asStudent_shouldForbidRegistration()
    23:42:25.768 |  28 nPool-1-worker-2 | DEBUG | d.t.c.a.a.c.u.util.UserUtilService   : Generate 4 students...
    23:42:25.775 |  28 nPool-1-worker-2 | DEBUG | d.t.c.a.a.c.u.util.UserUtilService   : 4 students generated. Generate 2 tutors...
    23:42:25.779 |  28 nPool-1-worker-2 | DEBUG | d.t.c.a.a.c.u.util.UserUtilService   : 2 tutors generated. Generate 1 editors...
    23:42:25.782 |  28 nPool-1-worker-2 | DEBUG | d.t.c.a.a.c.u.util.UserUtilService   : 1 editors generated. Generate 1 instructors...
    23:42:25.785 |  28 nPool-1-worker-2 | DEBUG | d.t.c.a.a.c.u.util.UserUtilService   : 1 instructors generated
    23:42:25.786 |  28 nPool-1-worker-2 | DEBUG | d.t.c.a.a.c.u.util.UserUtilService   : Removing 8 users from all courses...
    23:42:25.788 |  28 nPool-1-worker-2 | DEBUG | d.t.c.a.a.c.u.util.UserUtilService   : Removing 8 users from all courses. Done
    23:42:25.788 |  28 nPool-1-worker-2 | DEBUG | d.t.c.a.a.c.u.util.UserUtilService   : Save 8 users to database...
    23:42:25.827 |  28 nPool-1-worker-2 | DEBUG | d.t.c.a.a.c.u.util.UserUtilService   : Save 8 users to database. Done
    23:42:25.849 |  28 nPool-1-worker-2 | DEBUG | utorialGroupChannelManagementService : Created channel with id 137 for tutorial group with id 161
    23:42:25.851 |  28 nPool-1-worker-2 | DEBUG | utorialGroupChannelManagementService : Added channel with id 137 to tutorial group with id 161
    23:42:25.859 |  28 nPool-1-worker-2 | DEBUG | utorialGroupChannelManagementService : Added users with ids [8] to the channel with id 137 of the tutorial group with id 161
    23:42:25.870 |  28 nPool-1-worker-2 | DEBUG | utorialGroupChannelManagementService : Added teaching assistant with id 12 to the channel with id 137 of the tutorial group with id 161
    23:42:25.886 |  28 nPool-1-worker-2 | DEBUG | utorialGroupChannelManagementService : Granted teaching assistant with id 12 moderator role for the channel with id 137 of the tutorial group with id 161
    23:42:25.887 |  28 nPool-1-worker-2 | DEBUG | utorialGroupChannelManagementService : Setup channel for tutorial group with id 161 with channel id 137
    23:42:25.891 |  28 nPool-1-worker-2 | DEBUG | utorialGroupChannelManagementService : Created channel with id 138 for tutorial group with id 162
    23:42:25.893 |  28 nPool-1-worker-2 | DEBUG | utorialGroupChannelManagementService : Added channel with id 138 to tutorial group with id 162
    23:42:25.905 |  28 nPool-1-worker-2 | DEBUG | utorialGroupChannelManagementService : Added users with ids [9] to the channel with id 138 of the tutorial group with id 162
    23:42:25.916 |  28 nPool-1-worker-2 | DEBUG | utorialGroupChannelManagementService : Added teaching assistant with id 13 to the channel with id 138 of the tutorial group with id 162
    23:42:25.927 |  28 nPool-1-worker-2 | DEBUG | utorialGroupChannelManagementService : Granted teaching assistant with id 13 moderator role for the channel with id 138 of the tutorial group with id 162
    23:42:25.927 |  28 nPool-1-worker-2 | DEBUG | utorialGroupChannelManagementService : Setup channel for tutorial group with id 162 with channel id 138
    23:42:25.927 |  28 nPool-1-worker-2 | INFO  | i.z.t.d.l.EmbeddedDatabaseReporter   : JDBC URL to connect to 'dataSource': url='jdbc:h2:tcp://localhost:41063/mem:df70fc46-7e57-4cb5-9cd0-c1d90c14afa7;USER=sa', scope='TutorialGroupIntegrationTest#registerStudent_asStudent_shouldForbidRegistration'
    23:42:25.929 |  28 nPool-1-worker-2 | DEBUG | d.t.c.a.a.c.s.f.ApiVersionFilter     : Adding Version to Request POST /api/courses/183/tutorial-groups/161/register/tutorialgroupstudent3
    23:42:25.933 |  28 nPool-1-worker-2 | WARN  | o.z.p.spring.common.AdviceTraits     : Forbidden: Access Denied

  Starting logs for TutorialGroupIntegrationTest > [1] loadFromService=true
    23:42:25.981 |  28 nPool-1-worker-2 | DEBUG | d.t.c.a.a.c.u.util.UserUtilService   : Generate 4 students...
    23:42:25.992 |  28 nPool-1-worker-2 | DEBUG | d.t.c.a.a.c.u.util.UserUtilService   : 4 students generated. Generate 2 tutors...
    23:42:25.996 |  28 nPool-1-worker-2 | DEBUG | d.t.c.a.a.c.u.util.UserUtilService   : 2 tutors generated. Generate 1 editors...
    23:42:26.000 |  28 nPool-1-worker-2 | DEBUG | d.t.c.a.a.c.u.util.UserUtilService   : 1 editors generated. Generate 1 instructors...
    23:42:26.002 |  28 nPool-1-worker-2 | DEBUG | d.t.c.a.a.c.u.util.UserUtilService   : 1 instructors generated
    23:42:26.004 |  28 nPool-1-worker-2 | DEBUG | d.t.c.a.a.c.u.util.UserUtilService   : Removing 8 users from all courses...
    23:42:26.006 |  28 nPool-1-worker-2 | DEBUG | d.t.c.a.a.c.u.util.UserUtilService   : Removing 8 users from all courses. Done
    23:42:26.006 |  28 nPool-1-worker-2 | DEBUG | d.t.c.a.a.c.u.util.UserUtilService   : Save 8 users to database...
    23:42:26.034 |  28 nPool-1-worker-2 | DEBUG | d.t.c.a.a.c.u.util.UserUtilService   : Save 8 users to database. Done
    23:42:26.086 |  28 nPool-1-worker-2 | DEBUG | utorialGroupChannelManagementService : Created channel with id 139 for tutorial group with id 163
    23:42:26.095 |  28 nPool-1-worker-2 | DEBUG | utorialGroupChannelManagementService : Added channel with id 139 to tutorial group with id 163
    23:42:26.114 |  28 nPool-1-worker-2 | DEBUG | utorialGroupChannelManagementService : Added users with ids [8] to the channel with id 139 of the tutorial group with id 163
    23:42:26.144 |  28 nPool-1-worker-2 | DEBUG | utorialGroupChannelManagementService : Added teaching assistant with id 12 to the channel with id 139 of the tutorial group with id 163
    23:42:26.174 |  28 nPool-1-worker-2 | DEBUG | utorialGroupChannelManagementService : Granted teaching assistant with id 12 moderator role for the channel with id 139 of the tutorial group with id 163
    23:42:26.174 |  28 nPool-1-worker-2 | DEBUG | utorialGroupChannelManagementService : Setup channel for tutorial group with id 163 with channel id 139
    23:42:26.186 |  28 nPool-1-worker-2 | DEBUG | utorialGroupChannelManagementService : Created channel with id 140 for tutorial group with id 164
    23:42:26.192 |  28 nPool-1-worker-2 | DEBUG | utorialGroupChannelManagementService : Added channel with id 140 to tutorial group with id 164
    23:42:26.211 |  28 nPool-1-worker-2 | DEBUG | utorialGroupChannelManagementService : Added users with ids [9] to the channel with id 140 of the tutorial group with id 164
    23:42:26.239 |  28 nPool-1-worker-2 | DEBUG | utorialGroupChannelManagementService : Added teaching assistant with id 13 to the channel with id 140 of the tutorial group with id 164
    23:42:26.270 |  28 nPool-1-worker-2 | DEBUG | utorialGroupChannelManagementService : Granted teaching assistant with id 13 moderator role for the channel with id 140 of the tutorial group with id 164
    23:42:26.270 |  28 nPool-1-worker-2 | DEBUG | utorialGroupChannelManagementService : Setup channel for tutorial group with id 164 with channel id 140
    23:42:26.270 |  28 nPool-1-worker-2 | INFO  | i.z.t.d.l.EmbeddedDatabaseReporter   : JDBC URL to connect to 'dataSource': url='jdbc:h2:tcp://localhost:41063/mem:df70fc46-7e57-4cb5-9cd0-c1d90c14afa7;USER=sa', scope='TutorialGroupIntegrationTest#getAllForCourse_asStudent_shouldHidePrivateInformation'

  Starting logs for TutorialGroupIntegrationTest > [2] loadFromService=false
    23:42:26.361 |  28 nPool-1-worker-2 | DEBUG | d.t.c.a.a.c.u.util.UserUtilService   : Generate 4 students...
    23:42:26.375 |  28 nPool-1-worker-2 | DEBUG | d.t.c.a.a.c.u.util.UserUtilService   : 4 students generated. Generate 2 tutors...
    23:42:26.379 |  28 nPool-1-worker-2 | DEBUG | d.t.c.a.a.c.u.util.UserUtilService   : 2 tutors generated. Generate 1 editors...
    23:42:26.382 |  28 nPool-1-worker-2 | DEBUG | d.t.c.a.a.c.u.util.UserUtilService   : 1 editors generated. Generate 1 instructors...
    23:42:26.384 |  28 nPool-1-worker-2 | DEBUG | d.t.c.a.a.c.u.util.UserUtilService   : 1 instructors generated
    23:42:26.386 |  28 nPool-1-worker-2 | DEBUG | d.t.c.a.a.c.u.util.UserUtilService   : Removing 8 users from all courses...
    23:42:26.388 |  28 nPool-1-worker-2 | DEBUG | d.t.c.a.a.c.u.util.UserUtilService   : Removing 8 users from all courses. Done
    23:42:26.388 |  28 nPool-1-worker-2 | DEBUG | d.t.c.a.a.c.u.util.UserUtilService   : Save 8 users to database...
    23:42:26.421 |  28 nPool-1-worker-2 | DEBUG | d.t.c.a.a.c.u.util.UserUtilService   : Save 8 users to database. Done
    23:42:26.459 |  28 nPool-1-worker-2 | DEBUG | utorialGroupChannelManagementService : Created channel with id 141 for tutorial group with id 165
    23:42:26.462 |  28 nPool-1-worker-2 | DEBUG | utorialGroupChannelManagementService : Added channel with id 141 to tutorial group with id 165
    23:42:26.472 |  28 nPool-1-worker-2 | DEBUG | utorialGroupChannelManagementService : Added users with ids [8] to the channel with id 141 of the tutorial group with id 165
    23:42:26.482 |  28 nPool-1-worker-2 | DEBUG | utorialGroupChannelManagementService : Added teaching assistant with id 12 to the channel with id 141 of the tutorial group with id 165
    23:42:26.504 |  28 nPool-1-worker-2 | DEBUG | utorialGroupChannelManagementService : Granted teaching assistant with id 12 moderator role for the channel with id 141 of the tutorial group with id 165
    23:42:26.504 |  28 nPool-1-worker-2 | DEBUG | utorialGroupChannelManagementService : Setup channel for tutorial group with id 165 with channel id 141
    23:42:26.508 |  28 nPool-1-worker-2 | DEBUG | utorialGroupChannelManagementService : Created channel with id 142 for tutorial group with id 166
    23:42:26.510 |  28 nPool-1-worker-2 | DEBUG | utorialGroupChannelManagementService : Added channel with id 142 to tutorial group with id 166
    23:42:26.518 |  28 nPool-1-worker-2 | DEBUG | utorialGroupChannelManagementService : Added users with ids [9] to the channel with id 142 of the tutorial group with id 166
    23:42:26.527 |  28 nPool-1-worker-2 | DEBUG | utorialGroupChannelManagementService : Added teaching assistant with id 13 to the channel with id 142 of the tutorial group with id 166
    23:42:26.542 |  28 nPool-1-worker-2 | DEBUG | utorialGroupChannelManagementService : Granted teaching assistant with id 13 moderator role for the channel with id 142 of the tutorial group with id 166
    23:42:26.542 |  28 nPool-1-worker-2 | DEBUG | utorialGroupChannelManagementService : Setup channel for tutorial group with id 166 with channel id 142
    23:42:26.542 |  28 nPool-1-worker-2 | INFO  | i.z.t.d.l.EmbeddedDatabaseReporter   : JDBC URL to connect to 'dataSource': url='jdbc:h2:tcp://localhost:41063/mem:df70fc46-7e57-4cb5-9cd0-c1d90c14afa7;USER=sa', scope='TutorialGroupIntegrationTest#getAllForCourse_asStudent_shouldHidePrivateInformation'
    23:42:26.545 |  28 nPool-1-worker-2 | DEBUG | d.t.c.a.a.c.s.f.ApiVersionFilter     : Adding Version to Request GET /api/courses/187/tutorial-groups
    23:42:26.546 |  28 nPool-1-worker-2 | DEBUG | d.t.c.a.a.t.w.TutorialGroupResource  : REST request to get all tutorial groups of course with id: 187

  Starting logs for TutorialGroupIntegrationTest > testExportTutorialGroupsToCSVWithAllFields()
    23:42:26.586 |  28 nPool-1-worker-2 | DEBUG | d.t.c.a.a.c.u.util.UserUtilService   : Generate 4 students...
    23:42:26.593 |  28 nPool-1-worker-2 | DEBUG | d.t.c.a.a.c.u.util.UserUtilService   : 4 students generated. Generate 2 tutors...
    23:42:26.597 |  28 nPool-1-worker-2 | DEBUG | d.t.c.a.a.c.u.util.UserUtilService   : 2 tutors generated. Generate 1 editors...
    23:42:26.600 |  28 nPool-1-worker-2 | DEBUG | d.t.c.a.a.c.u.util.UserUtilService   : 1 editors generated. Generate 1 instructors...
    23:42:26.606 |  28 nPool-1-worker-2 | DEBUG | d.t.c.a.a.c.u.util.UserUtilService   : 1 instructors generated
    23:42:26.611 |  28 nPool-1-worker-2 | DEBUG | d.t.c.a.a.c.u.util.UserUtilService   : Removing 8 users from all courses...
    23:42:26.612 |  28 nPool-1-worker-2 | DEBUG | d.t.c.a.a.c.u.util.UserUtilService   : Removing 8 users from all courses. Done
    23:42:26.612 |  28 nPool-1-worker-2 | DEBUG | d.t.c.a.a.c.u.util.UserUtilService   : Save 8 users to database...
    23:42:26.671 |  28 nPool-1-worker-2 | DEBUG | d.t.c.a.a.c.u.util.UserUtilService   : Save 8 users to database. Done
    23:42:26.697 |  28 nPool-1-worker-2 | DEBUG | utorialGroupChannelManagementService : Created channel with id 143 for tutorial group with id 167
    23:42:26.700 |  28 nPool-1-worker-2 | DEBUG | utorialGroupChannelManagementService : Added channel with id 143 to tutorial group with id 167
    23:42:26.708 |  28 nPool-1-worker-2 | DEBUG | utorialGroupChannelManagementService : Added users with ids [8] to the channel with id 143 of the tutorial group with id 167
    23:42:26.722 |  28 nPool-1-worker-2 | DEBUG | utorialGroupChannelManagementService : Added teaching assistant with id 12 to the channel with id 143 of the tutorial group with id 167
    23:42:26.735 |  28 nPool-1-worker-2 | DEBUG | utorialGroupChannelManagementService : Granted teaching assistant with id 12 moderator role for the channel with id 143 of the tutorial group with id 167
    23:42:26.735 |  28 nPool-1-worker-2 | DEBUG | utorialGroupChannelManagementService : Setup channel for tutorial group with id 167 with channel id 143
    23:42:26.739 |  28 nPool-1-worker-2 | DEBUG | utorialGroupChannelManagementService : Created channel with id 144 for tutorial group with id 168
    23:42:26.742 |  28 nPool-1-worker-2 | DEBUG | utorialGroupChannelManagementService : Added channel with id 144 to tutorial group with id 168
    23:42:26.750 |  28 nPool-1-worker-2 | DEBUG | utorialGroupChannelManagementService : Added users with ids [9] to the channel with id 144 of the tutorial group with id 168
    23:42:26.760 |  28 nPool-1-worker-2 | DEBUG | utorialGroupChannelManagementService : Added teaching assistant with id 13 to the channel with id 144 of the tutorial group with id 168
    23:42:26.771 |  28 nPool-1-worker-2 | DEBUG | utorialGroupChannelManagementService : Granted teaching assistant with id 13 moderator role for the channel with id 144 of the tutorial group with id 168
    23:42:26.771 |  28 nPool-1-worker-2 | DEBUG | utorialGroupChannelManagementService : Setup channel for tutorial group with id 168 with channel id 144
    23:42:26.771 |  28 nPool-1-worker-2 | INFO  | i.z.t.d.l.EmbeddedDatabaseReporter   : JDBC URL to connect to 'dataSource': url='jdbc:h2:tcp://localhost:41063/mem:df70fc46-7e57-4cb5-9cd0-c1d90c14afa7;USER=sa', scope='TutorialGroupIntegrationTest#testExportTutorialGroupsToCSVWithAllFields'
    23:42:26.774 |  28 nPool-1-worker-2 | DEBUG | d.t.c.a.a.c.s.f.ApiVersionFilter     : Adding Version to Request GET /api/courses/189/tutorial-groups/export/csv
    23:42:26.776 |  28 nPool-1-worker-2 | DEBUG | d.t.c.a.a.t.w.TutorialGroupResource  : REST request to export TutorialGroups to CSV for course: 189

  Starting logs for TutorialGroupIntegrationTest > [1] useSingleEndpoint=true
    23:42:26.816 |  28 nPool-1-worker-2 | DEBUG | d.t.c.a.a.c.u.util.UserUtilService   : Generate 4 students...
    23:42:26.823 |  28 nPool-1-worker-2 | DEBUG | d.t.c.a.a.c.u.util.UserUtilService   : 4 students generated. Generate 2 tutors...
    23:42:26.828 |  28 nPool-1-worker-2 | DEBUG | d.t.c.a.a.c.u.util.UserUtilService   : 2 tutors generated. Generate 1 editors...
    23:42:26.831 |  28 nPool-1-worker-2 | DEBUG | d.t.c.a.a.c.u.util.UserUtilService   : 1 editors generated. Generate 1 instructors...
    23:42:26.834 |  28 nPool-1-worker-2 | DEBUG | d.t.c.a.a.c.u.util.UserUtilService   : 1 instructors generated
    23:42:26.835 |  28 nPool-1-worker-2 | DEBUG | d.t.c.a.a.c.u.util.UserUtilService   : Removing 8 users from all courses...
    23:42:26.837 |  28 nPool-1-worker-2 | DEBUG | d.t.c.a.a.c.u.util.UserUtilService   : Removing 8 users from all courses. Done
    23:42:26.837 |  28 nPool-1-worker-2 | DEBUG | d.t.c.a.a.c.u.util.UserUtilService   : Save 8 users to database...
    23:42:26.864 |  28 nPool-1-worker-2 | DEBUG | d.t.c.a.a.c.u.util.UserUtilService   : Save 8 users to database. Done
    23:42:26.918 |  28 nPool-1-worker-2 | DEBUG | utorialGroupChannelManagementService : Created channel with id 145 for tutorial group with id 169
    23:42:26.922 |  28 nPool-1-worker-2 | DEBUG | utorialGroupChannelManagementService : Added channel with id 145 to tutorial group with id 169
    23:42:26.934 |  28 nPool-1-worker-2 | DEBUG | utorialGroupChannelManagementService : Added users with ids [8] to the channel with id 145 of the tutorial group with id 169
    23:42:26.945 |  28 nPool-1-worker-2 | DEBUG | utorialGroupChannelManagementService : Added teaching assistant with id 12 to the channel with id 145 of the tutorial group with id 169
    23:42:26.957 |  28 nPool-1-worker-2 | DEBUG | utorialGroupChannelManagementService : Granted teaching assistant with id 12 moderator role for the channel with id 145 of the tutorial group with id 169
    23:42:26.957 |  28 nPool-1-worker-2 | DEBUG | utorialGroupChannelManagementService : Setup channel for tutorial group with id 169 with channel id 145
    23:42:26.961 |  28 nPool-1-worker-2 | DEBUG | utorialGroupChannelManagementService : Created channel with id 146 for tutorial group with id 170
    23:42:26.964 |  28 nPool-1-worker-2 | DEBUG | utorialGroupChannelManagementService : Added channel with id 146 to tutorial group with id 170
    23:42:26.973 |  28 nPool-1-worker-2 | DEBUG | utorialGroupChannelManagementService : Added users with ids [9] to the channel with id 146 of the tutorial group with id 170
    23:42:26.988 |  28 nPool-1-worker-2 | DEBUG | utorialGroupChannelManagementService : Added teaching assistant with id 13 to the channel with id 146 of the tutorial group with id 170
    23:42:27.012 |  28 nPool-1-worker-2 | DEBUG | utorialGroupChannelManagementService : Granted teaching assistant with id 13 moderator role for the channel with id 146 of the tutorial group with id 170
    23:42:27.012 |  28 nPool-1-worker-2 | DEBUG | utorialGroupChannelManagementService : Setup channel for tutorial group with id 170 with channel id 146
    23:42:27.012 |  28 nPool-1-worker-2 | INFO  | i.z.t.d.l.EmbeddedDatabaseReporter   : JDBC URL to connect to 'dataSource': url='jdbc:h2:tcp://localhost:41063/mem:df70fc46-7e57-4cb5-9cd0-c1d90c14afa7;USER=sa', scope='TutorialGroupIntegrationTest#averageAttendanceCalculationTest_lastThreeSessionsWithoutAttendanceData_AverageNull'
    23:42:27.029 |  28 nPool-1-worker-2 | DEBUG | d.t.c.a.a.c.s.f.ApiVersionFilter     : Adding Version to Request GET /api/courses/191/tutorial-groups/171
    23:42:27.032 |  28 nPool-1-worker-2 | DEBUG | d.t.c.a.a.t.w.TutorialGroupResource  : REST request to get tutorial group: 171 of course: 191

  Starting logs for TutorialGroupIntegrationTest > [2] useSingleEndpoint=false
    23:42:27.074 |  28 nPool-1-worker-2 | DEBUG | d.t.c.a.a.c.u.util.UserUtilService   : Generate 4 students...
    23:42:27.083 |  28 nPool-1-worker-2 | DEBUG | d.t.c.a.a.c.u.util.UserUtilService   : 4 students generated. Generate 2 tutors...
    23:42:27.087 |  28 nPool-1-worker-2 | DEBUG | d.t.c.a.a.c.u.util.UserUtilService   : 2 tutors generated. Generate 1 editors...
    23:42:27.090 |  28 nPool-1-worker-2 | DEBUG | d.t.c.a.a.c.u.util.UserUtilService   : 1 editors generated. Generate 1 instructors...
    23:42:27.093 |  28 nPool-1-worker-2 | DEBUG | d.t.c.a.a.c.u.util.UserUtilService   : 1 instructors generated
    23:42:27.095 |  28 nPool-1-worker-2 | DEBUG | d.t.c.a.a.c.u.util.UserUtilService   : Removing 8 users from all courses...
    23:42:27.097 |  28 nPool-1-worker-2 | DEBUG | d.t.c.a.a.c.u.util.UserUtilService   : Removing 8 users from all courses. Done
    23:42:27.097 |  28 nPool-1-worker-2 | DEBUG | d.t.c.a.a.c.u.util.UserUtilService   : Save 8 users to database...
    23:42:27.126 |  28 nPool-1-worker-2 | DEBUG | d.t.c.a.a.c.u.util.UserUtilService   : Save 8 users to database. Done
    23:42:27.166 |  28 nPool-1-worker-2 | DEBUG | utorialGroupChannelManagementService : Created channel with id 147 for tutorial group with id 172
    23:42:27.175 |  28 nPool-1-worker-2 | DEBUG | utorialGroupChannelManagementService : Added channel with id 147 to tutorial group with id 172
    23:42:27.194 |  28 nPool-1-worker-2 | DEBUG | utorialGroupChannelManagementService : Added users with ids [8] to the channel with id 147 of the tutorial group with id 172

Finished logs for AuthorizationCheckServiceTest
    23:42:27.220 |  28 nPool-1-worker-2 | DEBUG | utorialGroupChannelManagementService : Added teaching assistant with id 12 to the channel with id 147 of the tutorial group with id 172
    23:42:27.233 |  28 nPool-1-worker-2 | DEBUG | utorialGroupChannelManagementService : Granted teaching assistant with id 12 moderator role for the channel with id 147 of the tutorial group with id 172
    23:42:27.233 |  28 nPool-1-worker-2 | DEBUG | utorialGroupChannelManagementService : Setup channel for tutorial group with id 172 with channel id 147
    23:42:27.238 |  28 nPool-1-worker-2 | DEBUG | utorialGroupChannelManagementService : Created channel with id 148 for tutorial group with id 173
    23:42:27.241 |  28 nPool-1-worker-2 | DEBUG | utorialGroupChannelManagementService : Added channel with id 148 to tutorial group with id 173
    23:42:27.250 |  28 nPool-1-worker-2 | DEBUG | utorialGroupChannelManagementService : Added users with ids [9] to the channel with id 148 of the tutorial group with id 173
    23:42:27.260 |  28 nPool-1-worker-2 | DEBUG | utorialGroupChannelManagementService : Added teaching assistant with id 13 to the channel with id 148 of the tutorial group with id 173
    23:42:27.272 |  28 nPool-1-worker-2 | DEBUG | utorialGroupChannelManagementService : Granted teaching assistant with id 13 moderator role for the channel with id 148 of the tutorial group with id 173
    23:42:27.272 |  28 nPool-1-worker-2 | DEBUG | utorialGroupChannelManagementService : Setup channel for tutorial group with id 173 with channel id 148
    23:42:27.273 |  28 nPool-1-worker-2 | INFO  | i.z.t.d.l.EmbeddedDatabaseReporter   : JDBC URL to connect to 'dataSource': url='jdbc:h2:tcp://localhost:41063/mem:df70fc46-7e57-4cb5-9cd0-c1d90c14afa7;USER=sa', scope='TutorialGroupIntegrationTest#averageAttendanceCalculationTest_lastThreeSessionsWithoutAttendanceData_AverageNull'
    23:42:27.287 |  28 nPool-1-worker-2 | DEBUG | d.t.c.a.a.c.s.f.ApiVersionFilter     : Adding Version to Request GET /api/courses/193/tutorial-groups
    23:42:27.288 |  28 nPool-1-worker-2 | DEBUG | d.t.c.a.a.t.w.TutorialGroupResource  : REST request to get all tutorial groups of course with id: 193

  Starting logs for TutorialGroupIntegrationTest > importRegistrations_tutorialGroupTitleAndStudents_shouldCreateTutorialAndRegisterStudents()
    23:42:27.500 |  28 nPool-1-worker-2 | DEBUG | d.t.c.a.a.c.u.util.UserUtilService   : Generate 4 students...
    23:42:27.508 |  28 nPool-1-worker-2 | DEBUG | d.t.c.a.a.c.u.util.UserUtilService   : 4 students generated. Generate 2 tutors...
    23:42:27.514 |  28 nPool-1-worker-2 | DEBUG | d.t.c.a.a.c.u.util.UserUtilService   : 2 tutors generated. Generate 1 editors...
    23:42:27.517 |  28 nPool-1-worker-2 | DEBUG | d.t.c.a.a.c.u.util.UserUtilService   : 1 editors generated. Generate 1 instructors...
    23:42:27.520 |  28 nPool-1-worker-2 | DEBUG | d.t.c.a.a.c.u.util.UserUtilService   : 1 instructors generated
    23:42:27.524 |  28 nPool-1-worker-2 | DEBUG | d.t.c.a.a.c.u.util.UserUtilService   : Removing 8 users from all courses...
    23:42:27.527 |  28 nPool-1-worker-2 | DEBUG | d.t.c.a.a.c.u.util.UserUtilService   : Removing 8 users from all courses. Done
    23:42:27.527 |  28 nPool-1-worker-2 | DEBUG | d.t.c.a.a.c.u.util.UserUtilService   : Save 8 users to database...
    23:42:27.559 |  28 nPool-1-worker-2 | DEBUG | d.t.c.a.a.c.u.util.UserUtilService   : Save 8 users to database. Done
    23:42:27.583 |  28 nPool-1-worker-2 | DEBUG | utorialGroupChannelManagementService : Created channel with id 149 for tutorial group with id 175
    23:42:27.585 |  28 nPool-1-worker-2 | DEBUG | utorialGroupChannelManagementService : Added channel with id 149 to tutorial group with id 175
    23:42:27.595 |  28 nPool-1-worker-2 | DEBUG | utorialGroupChannelManagementService : Added users with ids [8] to the channel with id 149 of the tutorial group with id 175
    23:42:27.607 |  28 nPool-1-worker-2 | DEBUG | utorialGroupChannelManagementService : Added teaching assistant with id 12 to the channel with id 149 of the tutorial group with id 175
    23:42:27.619 |  28 nPool-1-worker-2 | DEBUG | utorialGroupChannelManagementService : Granted teaching assistant with id 12 moderator role for the channel with id 149 of the tutorial group with id 175
    23:42:27.619 |  28 nPool-1-worker-2 | DEBUG | utorialGroupChannelManagementService : Setup channel for tutorial group with id 175 with channel id 149
    23:42:27.625 |  28 nPool-1-worker-2 | DEBUG | utorialGroupChannelManagementService : Created channel with id 150 for tutorial group with id 176
    23:42:27.629 |  28 nPool-1-worker-2 | DEBUG | utorialGroupChannelManagementService : Added channel with id 150 to tutorial group with id 176
    23:42:27.641 |  28 nPool-1-worker-2 | DEBUG | utorialGroupChannelManagementService : Added users with ids [9] to the channel with id 150 of the tutorial group with id 176
    23:42:27.654 |  28 nPool-1-worker-2 | DEBUG | utorialGroupChannelManagementService : Added teaching assistant with id 13 to the channel with id 150 of the tutorial group with id 176
    23:42:27.671 |  28 nPool-1-worker-2 | DEBUG | utorialGroupChannelManagementService : Granted teaching assistant with id 13 moderator role for the channel with id 150 of the tutorial group with id 176
    23:42:27.671 |  28 nPool-1-worker-2 | DEBUG | utorialGroupChannelManagementService : Setup channel for tutorial group with id 176 with channel id 150
    23:42:27.671 |  28 nPool-1-worker-2 | INFO  | i.z.t.d.l.EmbeddedDatabaseReporter   : JDBC URL to connect to 'dataSource': url='jdbc:h2:tcp://localhost:41063/mem:df70fc46-7e57-4cb5-9cd0-c1d90c14afa7;USER=sa', scope='TutorialGroupIntegrationTest#importRegistrations_tutorialGroupTitleAndStudents_shouldCreateTutorialAndRegisterStudents'
    23:42:27.686 |  28 nPool-1-worker-2 | DEBUG | d.t.c.a.a.c.s.f.ApiVersionFilter     : Adding Version to Request POST /api/courses/195/tutorial-groups/import
    23:42:27.691 |  28 nPool-1-worker-2 | DEBUG | d.t.c.a.a.t.w.TutorialGroupResource  : REST request to import registrations [TutorialGroupRegistrationImportDTO{title='lyzybud8sk', student=StudentDTO[login=tutorialgroupstudent1, firstName=tutorialgroupstudent1First, lastName=tutorialgroupstudent1Last, registrationNumber=null, email=null], importSuccessful=null, error=null, campus=null, capacity=null, language=null, additionalInformation=null, isOnline=null}, TutorialGroupRegistrationImportDTO{title='mkhkx74m01', student=StudentDTO[login=null, firstName=tutorialgroupstudent3First, lastName=tutorialgroupstudent3Last, registrationNumber=3, email=tutorialgroupstudent3@test.de], importSuccessful=null, error=null, campus=null, capacity=null, language=null, additionalInformation=null, isOnline=null}, TutorialGroupRegistrationImportDTO{title='freshTitle', student=StudentDTO[login=tutorialgroupstudent4, firstName=tutorialgroupstudent4First, lastName=tutorialgroupstudent4Last, registrationNumber=4, email=tutorialgroupstudent4@test.de], importSuccessful=null, error=null, campus=null, capacity=null, language=null, additionalInformation=null, isOnline=null}, TutorialGroupRegistrationImportDTO{title='freshTitle', student=StudentDTO[login=tutorialgroupstudent2, firstName=tutorialgroupstudent2First, lastName=tutorialgroupstudent2Last, registrationNumber=null, email=tutorialgroupstudent2@test.de], importSuccessful=null, error=null, campus=null, capacity=null, language=null, additionalInformation=null, isOnline=null}] to course 195
    23:42:27.705 |  28 nPool-1-worker-2 | DEBUG | utorialGroupChannelManagementService : Created channel with id 151 for tutorial group with id 177
    23:42:27.708 |  28 nPool-1-worker-2 | DEBUG | utorialGroupChannelManagementService : Added channel with id 151 to tutorial group with id 177
    23:42:27.720 |  28 nPool-1-worker-2 | DEBUG | utorialGroupChannelManagementService : Added users with ids [8] to the channel with id 151 of the tutorial group with id 177
    23:42:27.734 |  28 nPool-1-worker-2 | DEBUG | utorialGroupChannelManagementService : Added teaching assistant with id 12 to the channel with id 151 of the tutorial group with id 177
    23:42:27.747 |  28 nPool-1-worker-2 | DEBUG | utorialGroupChannelManagementService : Granted teaching assistant with id 12 moderator role for the channel with id 151 of the tutorial group with id 177
    23:42:27.747 |  28 nPool-1-worker-2 | DEBUG | utorialGroupChannelManagementService : Setup channel for tutorial group with id 177 with channel id 151
    23:42:27.750 |  28 nPool-1-worker-2 | DEBUG | utorialGroupChannelManagementService : Created channel with id 152 for tutorial group with id 178
    23:42:27.753 |  28 nPool-1-worker-2 | DEBUG | utorialGroupChannelManagementService : Added channel with id 152 to tutorial group with id 178
    23:42:27.762 |  28 nPool-1-worker-2 | DEBUG | utorialGroupChannelManagementService : Added users with ids [9] to the channel with id 152 of the tutorial group with id 178
    23:42:27.775 |  28 nPool-1-worker-2 | DEBUG | utorialGroupChannelManagementService : Added teaching assistant with id 12 to the channel with id 152 of the tutorial group with id 178
    23:42:27.789 |  28 nPool-1-worker-2 | DEBUG | utorialGroupChannelManagementService : Granted teaching assistant with id 12 moderator role for the channel with id 152 of the tutorial group with id 178
    23:42:27.789 |  28 nPool-1-worker-2 | DEBUG | utorialGroupChannelManagementService : Setup channel for tutorial group with id 178 with channel id 152
    23:42:27.792 |  28 nPool-1-worker-2 | DEBUG | utorialGroupChannelManagementService : Created channel with id 153 for tutorial group with id 179
    23:42:27.795 |  28 nPool-1-worker-2 | DEBUG | utorialGroupChannelManagementService : Added channel with id 153 to tutorial group with id 179
    23:42:27.797 |  28 nPool-1-worker-2 | DEBUG | utorialGroupChannelManagementService : Added users with ids [] to the channel with id 153 of the tutorial group with id 179
    23:42:27.802 |  28 nPool-1-worker-2 | DEBUG | utorialGroupChannelManagementService : Added teaching assistant with id 15 to the channel with id 153 of the tutorial group with id 179
    23:42:27.812 |  28 nPool-1-worker-2 | DEBUG | utorialGroupChannelManagementService : Granted teaching assistant with id 15 moderator role for the channel with id 153 of the tutorial group with id 179
    23:42:27.812 |  28 nPool-1-worker-2 | DEBUG | utorialGroupChannelManagementService : Setup channel for tutorial group with id 179 with channel id 153
    23:42:27.826 |  28 nPool-1-worker-2 | DEBUG | utorialGroupChannelManagementService : Removed users with ids [8, 9, 10, 11] from the channel with id 153 of the tutorial group with id 179
    23:42:27.858 |  28 nPool-1-worker-2 | DEBUG | utorialGroupChannelManagementService : Removed users with ids [8, 9, 10, 11] from the channel with id 152 of the tutorial group with id 178
    23:42:27.888 |  28 nPool-1-worker-2 | DEBUG | utorialGroupChannelManagementService : Removed users with ids [8, 9, 10, 11] from the channel with id 151 of the tutorial group with id 177
    23:42:27.919 |  28 nPool-1-worker-2 | DEBUG | utorialGroupChannelManagementService : Removed users with ids [8, 9, 10, 11] from the channel with id 149 of the tutorial group with id 175
    23:42:27.948 |  28 nPool-1-worker-2 | DEBUG | utorialGroupChannelManagementService : Removed users with ids [8, 9, 10, 11] from the channel with id 150 of the tutorial group with id 176
    23:42:27.961 |  28 nPool-1-worker-2 | DEBUG | utorialGroupChannelManagementService : Added users with ids [10] to the channel with id 151 of the tutorial group with id 177
    23:42:27.977 |  28 nPool-1-worker-2 | DEBUG | utorialGroupChannelManagementService : Added users with ids [8] to the channel with id 152 of the tutorial group with id 178
    23:42:27.996 |  28 nPool-1-worker-2 | DEBUG | utorialGroupChannelManagementService : Added users with ids [9, 11] to the channel with id 153 of the tutorial group with id 179

  Starting logs for TutorialGroupIntegrationTest > testCSVContentWithSampleData()
    23:42:28.065 |  28 nPool-1-worker-2 | DEBUG | d.t.c.a.a.c.u.util.UserUtilService   : Generate 4 students...
    23:42:28.079 |  28 nPool-1-worker-2 | DEBUG | d.t.c.a.a.c.u.util.UserUtilService   : 4 students generated. Generate 2 tutors...
    23:42:28.093 |  28 nPool-1-worker-2 | DEBUG | d.t.c.a.a.c.u.util.UserUtilService   : 2 tutors generated. Generate 1 editors...
    23:42:28.097 |  28 nPool-1-worker-2 | DEBUG | d.t.c.a.a.c.u.util.UserUtilService   : 1 editors generated. Generate 1 instructors...
    23:42:28.102 |  28 nPool-1-worker-2 | DEBUG | d.t.c.a.a.c.u.util.UserUtilService   : 1 instructors generated
    23:42:28.104 |  28 nPool-1-worker-2 | DEBUG | d.t.c.a.a.c.u.util.UserUtilService   : Removing 8 users from all courses...
    23:42:28.106 |  28 nPool-1-worker-2 | DEBUG | d.t.c.a.a.c.u.util.UserUtilService   : Removing 8 users from all courses. Done
    23:42:28.106 |  28 nPool-1-worker-2 | DEBUG | d.t.c.a.a.c.u.util.UserUtilService   : Save 8 users to database...
    23:42:28.138 |  28 nPool-1-worker-2 | DEBUG | d.t.c.a.a.c.u.util.UserUtilService   : Save 8 users to database. Done
    23:42:28.161 |  28 nPool-1-worker-2 | DEBUG | utorialGroupChannelManagementService : Created channel with id 154 for tutorial group with id 180
    23:42:28.164 |  28 nPool-1-worker-2 | DEBUG | utorialGroupChannelManagementService : Added channel with id 154 to tutorial group with id 180
    23:42:28.172 |  28 nPool-1-worker-2 | DEBUG | utorialGroupChannelManagementService : Added users with ids [8] to the channel with id 154 of the tutorial group with id 180
    23:42:28.184 |  28 nPool-1-worker-2 | DEBUG | utorialGroupChannelManagementService : Added teaching assistant with id 12 to the channel with id 154 of the tutorial group with id 180
    23:42:28.196 |  28 nPool-1-worker-2 | DEBUG | utorialGroupChannelManagementService : Granted teaching assistant with id 12 moderator role for the channel with id 154 of the tutorial group with id 180
    23:42:28.196 |  28 nPool-1-worker-2 | DEBUG | utorialGroupChannelManagementService : Setup channel for tutorial group with id 180 with channel id 154
    23:42:28.200 |  28 nPool-1-worker-2 | DEBUG | utorialGroupChannelManagementService : Created channel with id 155 for tutorial group with id 181
    23:42:28.203 |  28 nPool-1-worker-2 | DEBUG | utorialGroupChannelManagementService : Added channel with id 155 to tutorial group with id 181
    23:42:28.211 |  28 nPool-1-worker-2 | DEBUG | utorialGroupChannelManagementService : Added users with ids [9] to the channel with id 155 of the tutorial group with id 181
    23:42:28.233 |  28 nPool-1-worker-2 | DEBUG | utorialGroupChannelManagementService : Added teaching assistant with id 13 to the channel with id 155 of the tutorial group with id 181
    23:42:28.271 |  28 nPool-1-worker-2 | DEBUG | utorialGroupChannelManagementService : Granted teaching assistant with id 13 moderator role for the channel with id 155 of the tutorial group with id 181
    23:42:28.271 |  28 nPool-1-worker-2 | DEBUG | utorialGroupChannelManagementService : Setup channel for tutorial group with id 181 with channel id 155
    23:42:28.271 |  28 nPool-1-worker-2 | INFO  | i.z.t.d.l.EmbeddedDatabaseReporter   : JDBC URL to connect to 'dataSource': url='jdbc:h2:tcp://localhost:41063/mem:df70fc46-7e57-4cb5-9cd0-c1d90c14afa7;USER=sa', scope='TutorialGroupIntegrationTest#testCSVContentWithSampleData'
    23:42:28.284 |  28 nPool-1-worker-2 | DEBUG | d.t.c.a.a.c.s.f.ApiVersionFilter     : Adding Version to Request GET /api/courses/197/tutorial-groups/export/csv
    23:42:28.293 |  28 nPool-1-worker-2 | DEBUG | d.t.c.a.a.t.w.TutorialGroupResource  : REST request to export TutorialGroups to CSV for course: 197

  Starting logs for TutorialGroupIntegrationTest > registerStudent_asTutorOfGroup_shouldAllowRegistration()
    23:42:28.332 |  28 nPool-1-worker-2 | DEBUG | d.t.c.a.a.c.u.util.UserUtilService   : Generate 4 students...
    23:42:28.340 |  28 nPool-1-worker-2 | DEBUG | d.t.c.a.a.c.u.util.UserUtilService   : 4 students generated. Generate 2 tutors...
    23:42:28.345 |  28 nPool-1-worker-2 | DEBUG | d.t.c.a.a.c.u.util.UserUtilService   : 2 tutors generated. Generate 1 editors...
    23:42:28.348 |  28 nPool-1-worker-2 | DEBUG | d.t.c.a.a.c.u.util.UserUtilService   : 1 editors generated. Generate 1 instructors...
    23:42:28.351 |  28 nPool-1-worker-2 | DEBUG | d.t.c.a.a.c.u.util.UserUtilService   : 1 instructors generated
    23:42:28.352 |  28 nPool-1-worker-2 | DEBUG | d.t.c.a.a.c.u.util.UserUtilService   : Removing 8 users from all courses...
    23:42:28.357 |  28 nPool-1-worker-2 | DEBUG | d.t.c.a.a.c.u.util.UserUtilService   : Removing 8 users from all courses. Done
    23:42:28.357 |  28 nPool-1-worker-2 | DEBUG | d.t.c.a.a.c.u.util.UserUtilService   : Save 8 users to database...
    23:42:28.394 |  28 nPool-1-worker-2 | DEBUG | d.t.c.a.a.c.u.util.UserUtilService   : Save 8 users to database. Done
    23:42:28.418 |  28 nPool-1-worker-2 | DEBUG | utorialGroupChannelManagementService : Created channel with id 156 for tutorial group with id 184
    23:42:28.421 |  28 nPool-1-worker-2 | DEBUG | utorialGroupChannelManagementService : Added channel with id 156 to tutorial group with id 184
    23:42:28.429 |  28 nPool-1-worker-2 | DEBUG | utorialGroupChannelManagementService : Added users with ids [8] to the channel with id 156 of the tutorial group with id 184
    23:42:28.440 |  28 nPool-1-worker-2 | DEBUG | utorialGroupChannelManagementService : Added teaching assistant with id 12 to the channel with id 156 of the tutorial group with id 184
    23:42:28.452 |  28 nPool-1-worker-2 | DEBUG | utorialGroupChannelManagementService : Granted teaching assistant with id 12 moderator role for the channel with id 156 of the tutorial group with id 184
    23:42:28.452 |  28 nPool-1-worker-2 | DEBUG | utorialGroupChannelManagementService : Setup channel for tutorial group with id 184 with channel id 156
    23:42:28.456 |  28 nPool-1-worker-2 | DEBUG | utorialGroupChannelManagementService : Created channel with id 157 for tutorial group with id 185
    23:42:28.459 |  28 nPool-1-worker-2 | DEBUG | utorialGroupChannelManagementService : Added channel with id 157 to tutorial group with id 185
    23:42:28.467 |  28 nPool-1-worker-2 | DEBUG | utorialGroupChannelManagementService : Added users with ids [9] to the channel with id 157 of the tutorial group with id 185
    23:42:28.479 |  28 nPool-1-worker-2 | DEBUG | utorialGroupChannelManagementService : Added teaching assistant with id 13 to the channel with id 157 of the tutorial group with id 185
    23:42:28.490 |  28 nPool-1-worker-2 | DEBUG | utorialGroupChannelManagementService : Granted teaching assistant with id 13 moderator role for the channel with id 157 of the tutorial group with id 185
    23:42:28.490 |  28 nPool-1-worker-2 | DEBUG | utorialGroupChannelManagementService : Setup channel for tutorial group with id 185 with channel id 157
    23:42:28.490 |  28 nPool-1-worker-2 | INFO  | i.z.t.d.l.EmbeddedDatabaseReporter   : JDBC URL to connect to 'dataSource': url='jdbc:h2:tcp://localhost:41063/mem:df70fc46-7e57-4cb5-9cd0-c1d90c14afa7;USER=sa', scope='TutorialGroupIntegrationTest#registerStudent_asTutorOfGroup_shouldAllowRegistration'
    23:42:28.495 |  28 nPool-1-worker-2 | DEBUG | d.t.c.a.a.c.s.f.ApiVersionFilter     : Adding Version to Request POST /api/courses/199/tutorial-groups/184/register/tutorialgroupstudent3
    23:42:28.497 |  28 nPool-1-worker-2 | DEBUG | d.t.c.a.a.t.w.TutorialGroupResource  : REST request to register tutorialgroupstudent3 student to tutorial group : 184
    23:42:28.523 |  28 nPool-1-worker-2 | DEBUG | utorialGroupChannelManagementService : Added users with ids [10] to the channel with id 156 of the tutorial group with id 184

  Starting logs for TutorialGroupIntegrationTest > deregisterStudent_asStudent_shouldForbidDeregistration()
    23:42:28.559 |  28 nPool-1-worker-2 | DEBUG | d.t.c.a.a.c.u.util.UserUtilService   : Generate 4 students...
    23:42:28.575 |  28 nPool-1-worker-2 | DEBUG | d.t.c.a.a.c.u.util.UserUtilService   : 4 students generated. Generate 2 tutors...
    23:42:28.585 |  28 nPool-1-worker-2 | DEBUG | d.t.c.a.a.c.u.util.UserUtilService   : 2 tutors generated. Generate 1 editors...
    23:42:28.593 |  28 nPool-1-worker-2 | DEBUG | d.t.c.a.a.c.u.util.UserUtilService   : 1 editors generated. Generate 1 instructors...
    23:42:28.599 |  28 nPool-1-worker-2 | DEBUG | d.t.c.a.a.c.u.util.UserUtilService   : 1 instructors generated
    23:42:28.601 |  28 nPool-1-worker-2 | DEBUG | d.t.c.a.a.c.u.util.UserUtilService   : Removing 8 users from all courses...
    23:42:28.606 |  28 nPool-1-worker-2 | DEBUG | d.t.c.a.a.c.u.util.UserUtilService   : Removing 8 users from all courses. Done
    23:42:28.606 |  28 nPool-1-worker-2 | DEBUG | d.t.c.a.a.c.u.util.UserUtilService   : Save 8 users to database...
    23:42:28.665 |  28 nPool-1-worker-2 | DEBUG | d.t.c.a.a.c.u.util.UserUtilService   : Save 8 users to database. Done
    23:42:28.712 |  28 nPool-1-worker-2 | DEBUG | utorialGroupChannelManagementService : Created channel with id 158 for tutorial group with id 186
    23:42:28.717 |  28 nPool-1-worker-2 | DEBUG | utorialGroupChannelManagementService : Added channel with id 158 to tutorial group with id 186
    23:42:28.736 |  28 nPool-1-worker-2 | DEBUG | utorialGroupChannelManagementService : Added users with ids [8] to the channel with id 158 of the tutorial group with id 186
    23:42:28.755 |  28 nPool-1-worker-2 | DEBUG | utorialGroupChannelManagementService : Added teaching assistant with id 12 to the channel with id 158 of the tutorial group with id 186
    23:42:28.778 |  28 nPool-1-worker-2 | DEBUG | utorialGroupChannelManagementService : Granted teaching assistant with id 12 moderator role for the channel with id 158 of the tutorial group with id 186
    23:42:28.778 |  28 nPool-1-worker-2 | DEBUG | utorialGroupChannelManagementService : Setup channel for tutorial group with id 186 with channel id 158
    23:42:28.790 |  28 nPool-1-worker-2 | DEBUG | utorialGroupChannelManagementService : Created channel with id 159 for tutorial group with id 187
    23:42:28.795 |  28 nPool-1-worker-2 | DEBUG | utorialGroupChannelManagementService : Added channel with id 159 to tutorial group with id 187
    23:42:28.809 |  28 nPool-1-worker-2 | DEBUG | utorialGroupChannelManagementService : Added users with ids [9] to the channel with id 159 of the tutorial group with id 187
    23:42:28.831 |  28 nPool-1-worker-2 | DEBUG | utorialGroupChannelManagementService : Added teaching assistant with id 13 to the channel with id 159 of the tutorial group with id 187
    23:42:28.863 |  28 nPool-1-worker-2 | DEBUG | utorialGroupChannelManagementService : Granted teaching assistant with id 13 moderator role for the channel with id 159 of the tutorial group with id 187
    23:42:28.863 |  28 nPool-1-worker-2 | DEBUG | utorialGroupChannelManagementService : Setup channel for tutorial group with id 187 with channel id 159
    23:42:28.863 |  28 nPool-1-worker-2 | INFO  | i.z.t.d.l.EmbeddedDatabaseReporter   : JDBC URL to connect to 'dataSource': url='jdbc:h2:tcp://localhost:41063/mem:df70fc46-7e57-4cb5-9cd0-c1d90c14afa7;USER=sa', scope='TutorialGroupIntegrationTest#deregisterStudent_asStudent_shouldForbidDeregistration'
    23:42:28.868 |  28 nPool-1-worker-2 | DEBUG | d.t.c.a.a.c.s.f.ApiVersionFilter     : Adding Version to Request DELETE /api/courses/201/tutorial-groups/186/deregister/tutorialgroupstudent2
    23:42:28.870 |  28 nPool-1-worker-2 | WARN  | o.z.p.spring.common.AdviceTraits     : Forbidden: Access Denied

  Starting logs for TutorialGroupIntegrationTest > [1] useSingleEndpoint=true
    23:42:28.913 |  28 nPool-1-worker-2 | DEBUG | d.t.c.a.a.c.u.util.UserUtilService   : Generate 4 students...
    23:42:28.919 |  28 nPool-1-worker-2 | DEBUG | d.t.c.a.a.c.u.util.UserUtilService   : 4 students generated. Generate 2 tutors...
    23:42:28.924 |  28 nPool-1-worker-2 | DEBUG | d.t.c.a.a.c.u.util.UserUtilService   : 2 tutors generated. Generate 1 editors...
    23:42:28.926 |  28 nPool-1-worker-2 | DEBUG | d.t.c.a.a.c.u.util.UserUtilService   : 1 editors generated. Generate 1 instructors...
    23:42:28.929 |  28 nPool-1-worker-2 | DEBUG | d.t.c.a.a.c.u.util.UserUtilService   : 1 instructors generated
    23:42:28.930 |  28 nPool-1-worker-2 | DEBUG | d.t.c.a.a.c.u.util.UserUtilService   : Removing 8 users from all courses...
    23:42:28.932 |  28 nPool-1-worker-2 | DEBUG | d.t.c.a.a.c.u.util.UserUtilService   : Removing 8 users from all courses. Done
    23:42:28.932 |  28 nPool-1-worker-2 | DEBUG | d.t.c.a.a.c.u.util.UserUtilService   : Save 8 users to database...
    23:42:28.981 |  28 nPool-1-worker-2 | DEBUG | d.t.c.a.a.c.u.util.UserUtilService   : Save 8 users to database. Done
    23:42:29.007 |  28 nPool-1-worker-2 | DEBUG | utorialGroupChannelManagementService : Created channel with id 160 for tutorial group with id 188
    23:42:29.010 |  28 nPool-1-worker-2 | DEBUG | utorialGroupChannelManagementService : Added channel with id 160 to tutorial group with id 188
    23:42:29.019 |  28 nPool-1-worker-2 | DEBUG | utorialGroupChannelManagementService : Added users with ids [8] to the channel with id 160 of the tutorial group with id 188
    23:42:29.030 |  28 nPool-1-worker-2 | DEBUG | utorialGroupChannelManagementService : Added teaching assistant with id 12 to the channel with id 160 of the tutorial group with id 188
    23:42:29.050 |  28 nPool-1-worker-2 | DEBUG | utorialGroupChannelManagementService : Granted teaching assistant with id 12 moderator role for the channel with id 160 of the tutorial group with id 188
    23:42:29.050 |  28 nPool-1-worker-2 | DEBUG | utorialGroupChannelManagementService : Setup channel for tutorial group with id 188 with channel id 160
    23:42:29.059 |  28 nPool-1-worker-2 | DEBUG | utorialGroupChannelManagementService : Created channel with id 161 for tutorial group with id 189
    23:42:29.062 |  28 nPool-1-worker-2 | DEBUG | utorialGroupChannelManagementService : Added channel with id 161 to tutorial group with id 189
    23:42:29.072 |  28 nPool-1-worker-2 | DEBUG | utorialGroupChannelManagementService : Added users with ids [9] to the channel with id 161 of the tutorial group with id 189
    23:42:29.085 |  28 nPool-1-worker-2 | DEBUG | utorialGroupChannelManagementService : Added teaching assistant with id 13 to the channel with id 161 of the tutorial group with id 189
    23:42:29.099 |  28 nPool-1-worker-2 | DEBUG | utorialGroupChannelManagementService : Granted teaching assistant with id 13 moderator role for the channel with id 161 of the tutorial group with id 189
    23:42:29.099 |  28 nPool-1-worker-2 | DEBUG | utorialGroupChannelManagementService : Setup channel for tutorial group with id 189 with channel id 161
    23:42:29.100 |  28 nPool-1-worker-2 | INFO  | i.z.t.d.l.EmbeddedDatabaseReporter   : JDBC URL to connect to 'dataSource': url='jdbc:h2:tcp://localhost:41063/mem:df70fc46-7e57-4cb5-9cd0-c1d90c14afa7;USER=sa', scope='TutorialGroupIntegrationTest#averageAttendanceCalculationTest_OneSession_AverageIsAttendanceOfSession'
    23:42:29.116 |  28 nPool-1-worker-2 | DEBUG | d.t.c.a.a.c.s.f.ApiVersionFilter     : Adding Version to Request GET /api/courses/203/tutorial-groups/190
    23:42:29.120 |  28 nPool-1-worker-2 | DEBUG | d.t.c.a.a.t.w.TutorialGroupResource  : REST request to get tutorial group: 190 of course: 203

  Starting logs for TutorialGroupIntegrationTest > [2] useSingleEndpoint=false
    23:42:29.169 |  28 nPool-1-worker-2 | DEBUG | d.t.c.a.a.c.u.util.UserUtilService   : Generate 4 students...
    23:42:29.180 |  28 nPool-1-worker-2 | DEBUG | d.t.c.a.a.c.u.util.UserUtilService   : 4 students generated. Generate 2 tutors...
    23:42:29.186 |  28 nPool-1-worker-2 | DEBUG | d.t.c.a.a.c.u.util.UserUtilService   : 2 tutors generated. Generate 1 editors...
    23:42:29.189 |  28 nPool-1-worker-2 | DEBUG | d.t.c.a.a.c.u.util.UserUtilService   : 1 editors generated. Generate 1 instructors...
    23:42:29.193 |  28 nPool-1-worker-2 | DEBUG | d.t.c.a.a.c.u.util.UserUtilService   : 1 instructors generated
    23:42:29.195 |  28 nPool-1-worker-2 | DEBUG | d.t.c.a.a.c.u.util.UserUtilService   : Removing 8 users from all courses...
    23:42:29.197 |  28 nPool-1-worker-2 | DEBUG | d.t.c.a.a.c.u.util.UserUtilService   : Removing 8 users from all courses. Done
    23:42:29.197 |  28 nPool-1-worker-2 | DEBUG | d.t.c.a.a.c.u.util.UserUtilService   : Save 8 users to database...
    23:42:29.242 |  28 nPool-1-worker-2 | DEBUG | d.t.c.a.a.c.u.util.UserUtilService   : Save 8 users to database. Done
    23:42:29.266 |  28 nPool-1-worker-2 | DEBUG | utorialGroupChannelManagementService : Created channel with id 162 for tutorial group with id 191
    23:42:29.269 |  28 nPool-1-worker-2 | DEBUG | utorialGroupChannelManagementService : Added channel with id 162 to tutorial group with id 191
    23:42:29.279 |  28 nPool-1-worker-2 | DEBUG | utorialGroupChannelManagementService : Added users with ids [8] to the channel with id 162 of the tutorial group with id 191
    23:42:29.291 |  28 nPool-1-worker-2 | DEBUG | utorialGroupChannelManagementService : Added teaching assistant with id 12 to the channel with id 162 of the tutorial group with id 191
    23:42:29.304 |  28 nPool-1-worker-2 | DEBUG | utorialGroupChannelManagementService : Granted teaching assistant with id 12 moderator role for the channel with id 162 of the tutorial group with id 191
    23:42:29.304 |  28 nPool-1-worker-2 | DEBUG | utorialGroupChannelManagementService : Setup channel for tutorial group with id 191 with channel id 162
    23:42:29.318 |  28 nPool-1-worker-2 | DEBUG | utorialGroupChannelManagementService : Created channel with id 163 for tutorial group with id 192
    23:42:29.325 |  28 nPool-1-worker-2 | DEBUG | utorialGroupChannelManagementService : Added channel with id 163 to tutorial group with id 192
    23:42:29.345 |  28 nPool-1-worker-2 | DEBUG | utorialGroupChannelManagementService : Added users with ids [9] to the channel with id 163 of the tutorial group with id 192
    23:42:29.363 |  28 nPool-1-worker-2 | DEBUG | utorialGroupChannelManagementService : Added teaching assistant with id 13 to the channel with id 163 of the tutorial group with id 192
    23:42:29.375 |  28 nPool-1-worker-2 | DEBUG | utorialGroupChannelManagementService : Granted teaching assistant with id 13 moderator role for the channel with id 163 of the tutorial group with id 192
    23:42:29.375 |  28 nPool-1-worker-2 | DEBUG | utorialGroupChannelManagementService : Setup channel for tutorial group with id 192 with channel id 163
    23:42:29.376 |  28 nPool-1-worker-2 | INFO  | i.z.t.d.l.EmbeddedDatabaseReporter   : JDBC URL to connect to 'dataSource': url='jdbc:h2:tcp://localhost:41063/mem:df70fc46-7e57-4cb5-9cd0-c1d90c14afa7;USER=sa', scope='TutorialGroupIntegrationTest#averageAttendanceCalculationTest_OneSession_AverageIsAttendanceOfSession'
    23:42:29.384 |  28 nPool-1-worker-2 | DEBUG | d.t.c.a.a.c.s.f.ApiVersionFilter     : Adding Version to Request GET /api/courses/205/tutorial-groups
    23:42:29.385 |  28 nPool-1-worker-2 | DEBUG | d.t.c.a.a.t.w.TutorialGroupResource  : REST request to get all tutorial groups of course with id: 205

  Starting logs for TutorialGroupIntegrationTest > request_asStudent_shouldReturnForbidden()
    23:42:29.435 |  28 nPool-1-worker-2 | DEBUG | d.t.c.a.a.c.u.util.UserUtilService   : Generate 4 students...
    23:42:29.443 |  28 nPool-1-worker-2 | DEBUG | d.t.c.a.a.c.u.util.UserUtilService   : 4 students generated. Generate 2 tutors...
    23:42:29.447 |  28 nPool-1-worker-2 | DEBUG | d.t.c.a.a.c.u.util.UserUtilService   : 2 tutors generated. Generate 1 editors...
    23:42:29.450 |  28 nPool-1-worker-2 | DEBUG | d.t.c.a.a.c.u.util.UserUtilService   : 1 editors generated. Generate 1 instructors...
    23:42:29.453 |  28 nPool-1-worker-2 | DEBUG | d.t.c.a.a.c.u.util.UserUtilService   : 1 instructors generated
    23:42:29.455 |  28 nPool-1-worker-2 | DEBUG | d.t.c.a.a.c.u.util.UserUtilService   : Removing 8 users from all courses...
    23:42:29.456 |  28 nPool-1-worker-2 | DEBUG | d.t.c.a.a.c.u.util.UserUtilService   : Removing 8 users from all courses. Done
    23:42:29.456 |  28 nPool-1-worker-2 | DEBUG | d.t.c.a.a.c.u.util.UserUtilService   : Save 8 users to database...
    23:42:29.502 |  28 nPool-1-worker-2 | DEBUG | d.t.c.a.a.c.u.util.UserUtilService   : Save 8 users to database. Done
    23:42:29.525 |  28 nPool-1-worker-2 | DEBUG | utorialGroupChannelManagementService : Created channel with id 164 for tutorial group with id 194
    23:42:29.527 |  28 nPool-1-worker-2 | DEBUG | utorialGroupChannelManagementService : Added channel with id 164 to tutorial group with id 194
    23:42:29.535 |  28 nPool-1-worker-2 | DEBUG | utorialGroupChannelManagementService : Added users with ids [8] to the channel with id 164 of the tutorial group with id 194
    23:42:29.543 |  28 nPool-1-worker-2 | DEBUG | utorialGroupChannelManagementService : Added teaching assistant with id 12 to the channel with id 164 of the tutorial group with id 194
    23:42:29.557 |  28 nPool-1-worker-2 | DEBUG | utorialGroupChannelManagementService : Granted teaching assistant with id 12 moderator role for the channel with id 164 of the tutorial group with id 194
    23:42:29.557 |  28 nPool-1-worker-2 | DEBUG | utorialGroupChannelManagementService : Setup channel for tutorial group with id 194 with channel id 164
    23:42:29.561 |  28 nPool-1-worker-2 | DEBUG | utorialGroupChannelManagementService : Created channel with id 165 for tutorial group with id 195
    23:42:29.567 |  28 nPool-1-worker-2 | DEBUG | utorialGroupChannelManagementService : Added channel with id 165 to tutorial group with id 195
    23:42:29.575 |  28 nPool-1-worker-2 | DEBUG | utorialGroupChannelManagementService : Added users with ids [9] to the channel with id 165 of the tutorial group with id 195
    23:42:29.589 |  28 nPool-1-worker-2 | DEBUG | utorialGroupChannelManagementService : Added teaching assistant with id 13 to the channel with id 165 of the tutorial group with id 195
    23:42:29.603 |  28 nPool-1-worker-2 | DEBUG | utorialGroupChannelManagementService : Granted teaching assistant with id 13 moderator role for the channel with id 165 of the tutorial group with id 195
    23:42:29.603 |  28 nPool-1-worker-2 | DEBUG | utorialGroupChannelManagementService : Setup channel for tutorial group with id 195 with channel id 165
    23:42:29.603 |  28 nPool-1-worker-2 | INFO  | i.z.t.d.l.EmbeddedDatabaseReporter   : JDBC URL to connect to 'dataSource': url='jdbc:h2:tcp://localhost:41063/mem:df70fc46-7e57-4cb5-9cd0-c1d90c14afa7;USER=sa', scope='TutorialGroupIntegrationTest#request_asStudent_shouldReturnForbidden'
    23:42:29.607 |  28 nPool-1-worker-2 | DEBUG | d.t.c.a.a.c.s.f.ApiVersionFilter     : Adding Version to Request POST /api/courses/207/tutorial-groups
    23:42:29.609 |  28 nPool-1-worker-2 | WARN  | o.z.p.spring.common.AdviceTraits     : Forbidden: Access Denied
    23:42:29.616 |  28 nPool-1-worker-2 | DEBUG | d.t.c.a.a.c.s.f.ApiVersionFilter     : Adding Version to Request PUT /api/courses/207/tutorial-groups/194
    23:42:29.619 |  28 nPool-1-worker-2 | WARN  | o.z.p.spring.common.AdviceTraits     : Forbidden: Access Denied
    23:42:29.621 |  28 nPool-1-worker-2 | DEBUG | d.t.c.a.a.c.s.f.ApiVersionFilter     : Adding Version to Request DELETE /api/courses/207/tutorial-groups/194
    23:42:29.626 |  28 nPool-1-worker-2 | WARN  | o.z.p.spring.common.AdviceTraits     : Forbidden: Access Denied
    23:42:29.629 |  28 nPool-1-worker-2 | DEBUG | d.t.c.a.a.c.s.f.ApiVersionFilter     : Adding Version to Request POST /api/courses/207/tutorial-groups/194/register-multiple
    23:42:29.631 |  28 nPool-1-worker-2 | WARN  | o.z.p.spring.common.AdviceTraits     : Forbidden: Access Denied
    23:42:29.636 |  28 nPool-1-worker-2 | DEBUG | d.t.c.a.a.c.s.f.ApiVersionFilter     : Adding Version to Request GET /api/courses/207/tutorial-groups/campus-values
    23:42:29.641 |  28 nPool-1-worker-2 | WARN  | o.z.p.spring.common.AdviceTraits     : Forbidden: Access Denied
    23:42:29.643 |  28 nPool-1-worker-2 | DEBUG | d.t.c.a.a.c.s.f.ApiVersionFilter     : Adding Version to Request GET /api/courses/207/tutorial-groups/language-values
    23:42:29.645 |  28 nPool-1-worker-2 | WARN  | o.z.p.spring.common.AdviceTraits     : Forbidden: Access Denied

  Starting logs for TutorialGroupIntegrationTest > deregisterStudent_asNotTutorOfGroup_shouldForbidDeregistration()
    23:42:29.675 |  28 nPool-1-worker-2 | DEBUG | d.t.c.a.a.c.u.util.UserUtilService   : Generate 4 students...
    23:42:29.681 |  28 nPool-1-worker-2 | DEBUG | d.t.c.a.a.c.u.util.UserUtilService   : 4 students generated. Generate 2 tutors...
    23:42:29.685 |  28 nPool-1-worker-2 | DEBUG | d.t.c.a.a.c.u.util.UserUtilService   : 2 tutors generated. Generate 1 editors...
    23:42:29.687 |  28 nPool-1-worker-2 | DEBUG | d.t.c.a.a.c.u.util.UserUtilService   : 1 editors generated. Generate 1 instructors...
    23:42:29.690 |  28 nPool-1-worker-2 | DEBUG | d.t.c.a.a.c.u.util.UserUtilService   : 1 instructors generated
    23:42:29.691 |  28 nPool-1-worker-2 | DEBUG | d.t.c.a.a.c.u.util.UserUtilService   : Removing 8 users from all courses...
    23:42:29.692 |  28 nPool-1-worker-2 | DEBUG | d.t.c.a.a.c.u.util.UserUtilService   : Removing 8 users from all courses. Done
    23:42:29.692 |  28 nPool-1-worker-2 | DEBUG | d.t.c.a.a.c.u.util.UserUtilService   : Save 8 users to database...
    23:42:29.722 |  28 nPool-1-worker-2 | DEBUG | d.t.c.a.a.c.u.util.UserUtilService   : Save 8 users to database. Done
    23:42:29.744 |  28 nPool-1-worker-2 | DEBUG | utorialGroupChannelManagementService : Created channel with id 166 for tutorial group with id 196
    23:42:29.746 |  28 nPool-1-worker-2 | DEBUG | utorialGroupChannelManagementService : Added channel with id 166 to tutorial group with id 196
    23:42:29.752 |  28 nPool-1-worker-2 | DEBUG | utorialGroupChannelManagementService : Added users with ids [8] to the channel with id 166 of the tutorial group with id 196
    23:42:29.761 |  28 nPool-1-worker-2 | DEBUG | utorialGroupChannelManagementService : Added teaching assistant with id 12 to the channel with id 166 of the tutorial group with id 196
    23:42:29.771 |  28 nPool-1-worker-2 | DEBUG | utorialGroupChannelManagementService : Granted teaching assistant with id 12 moderator role for the channel with id 166 of the tutorial group with id 196
    23:42:29.771 |  28 nPool-1-worker-2 | DEBUG | utorialGroupChannelManagementService : Setup channel for tutorial group with id 196 with channel id 166
    23:42:29.774 |  28 nPool-1-worker-2 | DEBUG | utorialGroupChannelManagementService : Created channel with id 167 for tutorial group with id 197
    23:42:29.776 |  28 nPool-1-worker-2 | DEBUG | utorialGroupChannelManagementService : Added channel with id 167 to tutorial group with id 197
    23:42:29.783 |  28 nPool-1-worker-2 | DEBUG | utorialGroupChannelManagementService : Added users with ids [9] to the channel with id 167 of the tutorial group with id 197
    23:42:29.792 |  28 nPool-1-worker-2 | DEBUG | utorialGroupChannelManagementService : Added teaching assistant with id 13 to the channel with id 167 of the tutorial group with id 197
    23:42:29.802 |  28 nPool-1-worker-2 | DEBUG | utorialGroupChannelManagementService : Granted teaching assistant with id 13 moderator role for the channel with id 167 of the tutorial group with id 197
    23:42:29.802 |  28 nPool-1-worker-2 | DEBUG | utorialGroupChannelManagementService : Setup channel for tutorial group with id 197 with channel id 167
    23:42:29.802 |  28 nPool-1-worker-2 | INFO  | i.z.t.d.l.EmbeddedDatabaseReporter   : JDBC URL to connect to 'dataSource': url='jdbc:h2:tcp://localhost:41063/mem:df70fc46-7e57-4cb5-9cd0-c1d90c14afa7;USER=sa', scope='TutorialGroupIntegrationTest#deregisterStudent_asNotTutorOfGroup_shouldForbidDeregistration'
    23:42:29.804 |  28 nPool-1-worker-2 | DEBUG | d.t.c.a.a.c.s.f.ApiVersionFilter     : Adding Version to Request DELETE /api/courses/209/tutorial-groups/196/deregister/tutorialgroupstudent2
    23:42:29.805 |  28 nPool-1-worker-2 | DEBUG | d.t.c.a.a.t.w.TutorialGroupResource  : REST request to deregister tutorialgroupstudent2 student from tutorial group : 196
    23:42:29.808 |  28 nPool-1-worker-2 | WARN  | o.z.p.spring.common.AdviceTraits     : Forbidden: The user is not allowed to change the registrations of tutorial group: 196

  Starting logs for TutorialGroupIntegrationTest > registerMultipleStudents_asInstructor_shouldRegisterStudents()
    23:42:29.835 |  28 nPool-1-worker-2 | DEBUG | d.t.c.a.a.c.u.util.UserUtilService   : Generate 4 students...
    23:42:29.842 |  28 nPool-1-worker-2 | DEBUG | d.t.c.a.a.c.u.util.UserUtilService   : 4 students generated. Generate 2 tutors...
    23:42:29.846 |  28 nPool-1-worker-2 | DEBUG | d.t.c.a.a.c.u.util.UserUtilService   : 2 tutors generated. Generate 1 editors...
    23:42:29.849 |  28 nPool-1-worker-2 | DEBUG | d.t.c.a.a.c.u.util.UserUtilService   : 1 editors generated. Generate 1 instructors...
    23:42:29.853 |  28 nPool-1-worker-2 | DEBUG | d.t.c.a.a.c.u.util.UserUtilService   : 1 instructors generated
    23:42:29.854 |  28 nPool-1-worker-2 | DEBUG | d.t.c.a.a.c.u.util.UserUtilService   : Removing 8 users from all courses...
    23:42:29.856 |  28 nPool-1-worker-2 | DEBUG | d.t.c.a.a.c.u.util.UserUtilService   : Removing 8 users from all courses. Done
    23:42:29.856 |  28 nPool-1-worker-2 | DEBUG | d.t.c.a.a.c.u.util.UserUtilService   : Save 8 users to database...
    23:42:29.879 |  28 nPool-1-worker-2 | DEBUG | d.t.c.a.a.c.u.util.UserUtilService   : Save 8 users to database. Done
    23:42:29.901 |  28 nPool-1-worker-2 | DEBUG | utorialGroupChannelManagementService : Created channel with id 168 for tutorial group with id 198
    23:42:29.904 |  28 nPool-1-worker-2 | DEBUG | utorialGroupChannelManagementService : Added channel with id 168 to tutorial group with id 198
    23:42:29.912 |  28 nPool-1-worker-2 | DEBUG | utorialGroupChannelManagementService : Added users with ids [8] to the channel with id 168 of the tutorial group with id 198
    23:42:29.923 |  28 nPool-1-worker-2 | DEBUG | utorialGroupChannelManagementService : Added teaching assistant with id 12 to the channel with id 168 of the tutorial group with id 198
    23:42:29.934 |  28 nPool-1-worker-2 | DEBUG | utorialGroupChannelManagementService : Granted teaching assistant with id 12 moderator role for the channel with id 168 of the tutorial group with id 198
    23:42:29.934 |  28 nPool-1-worker-2 | DEBUG | utorialGroupChannelManagementService : Setup channel for tutorial group with id 198 with channel id 168
    23:42:29.939 |  28 nPool-1-worker-2 | DEBUG | utorialGroupChannelManagementService : Created channel with id 169 for tutorial group with id 199
    23:42:29.941 |  28 nPool-1-worker-2 | DEBUG | utorialGroupChannelManagementService : Added channel with id 169 to tutorial group with id 199
    23:42:29.950 |  28 nPool-1-worker-2 | DEBUG | utorialGroupChannelManagementService : Added users with ids [9] to the channel with id 169 of the tutorial group with id 199
    23:42:29.961 |  28 nPool-1-worker-2 | DEBUG | utorialGroupChannelManagementService : Added teaching assistant with id 13 to the channel with id 169 of the tutorial group with id 199
    23:42:29.973 |  28 nPool-1-worker-2 | DEBUG | utorialGroupChannelManagementService : Granted teaching assistant with id 13 moderator role for the channel with id 169 of the tutorial group with id 199
    23:42:29.973 |  28 nPool-1-worker-2 | DEBUG | utorialGroupChannelManagementService : Setup channel for tutorial group with id 199 with channel id 169
    23:42:29.973 |  28 nPool-1-worker-2 | INFO  | i.z.t.d.l.EmbeddedDatabaseReporter   : JDBC URL to connect to 'dataSource': url='jdbc:h2:tcp://localhost:41063/mem:df70fc46-7e57-4cb5-9cd0-c1d90c14afa7;USER=sa', scope='TutorialGroupIntegrationTest#registerMultipleStudents_asInstructor_shouldRegisterStudents'
    23:42:29.977 |  28 nPool-1-worker-2 | DEBUG | d.t.c.a.a.c.s.f.ApiVersionFilter     : Adding Version to Request POST /api/courses/211/tutorial-groups/198/register-multiple
    23:42:29.980 |  28 nPool-1-worker-2 | DEBUG | d.t.c.a.a.t.w.TutorialGroupResource  : REST request to register [StudentDTO[login=tutorialgroupstudent3, firstName=null, lastName=null, registrationNumber=number3, email=null], StudentDTO[login=tutorialgroupstudentXX, firstName=null, lastName=null, registrationNumber=numberXX, email=null]] to tutorial group 198
    23:42:30.022 |  28 nPool-1-worker-2 | DEBUG | utorialGroupChannelManagementService : Added users with ids [10] to the channel with id 168 of the tutorial group with id 198

  Starting logs for TutorialGroupIntegrationTest > [1] useSingleEndpoint=true
    23:42:30.060 |  28 nPool-1-worker-2 | DEBUG | d.t.c.a.a.c.u.util.UserUtilService   : Generate 4 students...
    23:42:30.067 |  28 nPool-1-worker-2 | DEBUG | d.t.c.a.a.c.u.util.UserUtilService   : 4 students generated. Generate 2 tutors...
    23:42:30.071 |  28 nPool-1-worker-2 | DEBUG | d.t.c.a.a.c.u.util.UserUtilService   : 2 tutors generated. Generate 1 editors...
    23:42:30.074 |  28 nPool-1-worker-2 | DEBUG | d.t.c.a.a.c.u.util.UserUtilService   : 1 editors generated. Generate 1 instructors...
    23:42:30.077 |  28 nPool-1-worker-2 | DEBUG | d.t.c.a.a.c.u.util.UserUtilService   : 1 instructors generated
    23:42:30.079 |  28 nPool-1-worker-2 | DEBUG | d.t.c.a.a.c.u.util.UserUtilService   : Removing 8 users from all courses...
    23:42:30.081 |  28 nPool-1-worker-2 | DEBUG | d.t.c.a.a.c.u.util.UserUtilService   : Removing 8 users from all courses. Done
    23:42:30.081 |  28 nPool-1-worker-2 | DEBUG | d.t.c.a.a.c.u.util.UserUtilService   : Save 8 users to database...
    23:42:30.111 |  28 nPool-1-worker-2 | DEBUG | d.t.c.a.a.c.u.util.UserUtilService   : Save 8 users to database. Done
    23:42:30.134 |  28 nPool-1-worker-2 | DEBUG | utorialGroupChannelManagementService : Created channel with id 170 for tutorial group with id 200
    23:42:30.137 |  28 nPool-1-worker-2 | DEBUG | utorialGroupChannelManagementService : Added channel with id 170 to tutorial group with id 200
    23:42:30.146 |  28 nPool-1-worker-2 | DEBUG | utorialGroupChannelManagementService : Added users with ids [8] to the channel with id 170 of the tutorial group with id 200
    23:42:30.171 |  28 nPool-1-worker-2 | DEBUG | utorialGroupChannelManagementService : Added teaching assistant with id 12 to the channel with id 170 of the tutorial group with id 200
    23:42:30.183 |  28 nPool-1-worker-2 | DEBUG | utorialGroupChannelManagementService : Granted teaching assistant with id 12 moderator role for the channel with id 170 of the tutorial group with id 200
    23:42:30.183 |  28 nPool-1-worker-2 | DEBUG | utorialGroupChannelManagementService : Setup channel for tutorial group with id 200 with channel id 170
    23:42:30.188 |  28 nPool-1-worker-2 | DEBUG | utorialGroupChannelManagementService : Created channel with id 171 for tutorial group with id 201
    23:42:30.191 |  28 nPool-1-worker-2 | DEBUG | utorialGroupChannelManagementService : Added channel with id 171 to tutorial group with id 201
    23:42:30.212 |  28 nPool-1-worker-2 | DEBUG | utorialGroupChannelManagementService : Added users with ids [9] to the channel with id 171 of the tutorial group with id 201
    23:42:30.236 |  28 nPool-1-worker-2 | DEBUG | utorialGroupChannelManagementService : Added teaching assistant with id 13 to the channel with id 171 of the tutorial group with id 201
    23:42:30.264 |  28 nPool-1-worker-2 | DEBUG | utorialGroupChannelManagementService : Granted teaching assistant with id 13 moderator role for the channel with id 171 of the tutorial group with id 201
    23:42:30.264 |  28 nPool-1-worker-2 | DEBUG | utorialGroupChannelManagementService : Setup channel for tutorial group with id 201 with channel id 171
    23:42:30.264 |  28 nPool-1-worker-2 | INFO  | i.z.t.d.l.EmbeddedDatabaseReporter   : JDBC URL to connect to 'dataSource': url='jdbc:h2:tcp://localhost:41063/mem:df70fc46-7e57-4cb5-9cd0-c1d90c14afa7;USER=sa', scope='TutorialGroupIntegrationTest#averageAttendanceCalculationTest_TwoSessions_AverageIsArithmeticMean'
    23:42:30.274 |  28 nPool-1-worker-2 | DEBUG | d.t.c.a.a.c.s.f.ApiVersionFilter     : Adding Version to Request GET /api/courses/213/tutorial-groups/202
    23:42:30.276 |  28 nPool-1-worker-2 | DEBUG | d.t.c.a.a.t.w.TutorialGroupResource  : REST request to get tutorial group: 202 of course: 213

  Starting logs for TutorialGroupIntegrationTest > [2] useSingleEndpoint=false
    23:42:30.322 |  28 nPool-1-worker-2 | DEBUG | d.t.c.a.a.c.u.util.UserUtilService   : Generate 4 students...
    23:42:30.329 |  28 nPool-1-worker-2 | DEBUG | d.t.c.a.a.c.u.util.UserUtilService   : 4 students generated. Generate 2 tutors...
    23:42:30.334 |  28 nPool-1-worker-2 | DEBUG | d.t.c.a.a.c.u.util.UserUtilService   : 2 tutors generated. Generate 1 editors...
    23:42:30.336 |  28 nPool-1-worker-2 | DEBUG | d.t.c.a.a.c.u.util.UserUtilService   : 1 editors generated. Generate 1 instructors...
    23:42:30.339 |  28 nPool-1-worker-2 | DEBUG | d.t.c.a.a.c.u.util.UserUtilService   : 1 instructors generated
    23:42:30.341 |  28 nPool-1-worker-2 | DEBUG | d.t.c.a.a.c.u.util.UserUtilService   : Removing 8 users from all courses...
    23:42:30.343 |  28 nPool-1-worker-2 | DEBUG | d.t.c.a.a.c.u.util.UserUtilService   : Removing 8 users from all courses. Done
    23:42:30.343 |  28 nPool-1-worker-2 | DEBUG | d.t.c.a.a.c.u.util.UserUtilService   : Save 8 users to database...
    23:42:30.371 |  28 nPool-1-worker-2 | DEBUG | d.t.c.a.a.c.u.util.UserUtilService   : Save 8 users to database. Done
    23:42:30.409 |  28 nPool-1-worker-2 | DEBUG | utorialGroupChannelManagementService : Created channel with id 172 for tutorial group with id 203
    23:42:30.415 |  28 nPool-1-worker-2 | DEBUG | utorialGroupChannelManagementService : Added channel with id 172 to tutorial group with id 203
    23:42:30.433 |  28 nPool-1-worker-2 | DEBUG | utorialGroupChannelManagementService : Added users with ids [8] to the channel with id 172 of the tutorial group with id 203
    23:42:30.456 |  28 nPool-1-worker-2 | DEBUG | utorialGroupChannelManagementService : Added teaching assistant with id 12 to the channel with id 172 of the tutorial group with id 203
    23:42:30.480 |  28 nPool-1-worker-2 | DEBUG | utorialGroupChannelManagementService : Granted teaching assistant with id 12 moderator role for the channel with id 172 of the tutorial group with id 203
    23:42:30.480 |  28 nPool-1-worker-2 | DEBUG | utorialGroupChannelManagementService : Setup channel for tutorial group with id 203 with channel id 172
    23:42:30.484 |  28 nPool-1-worker-2 | DEBUG | utorialGroupChannelManagementService : Created channel with id 173 for tutorial group with id 204
    23:42:30.486 |  28 nPool-1-worker-2 | DEBUG | utorialGroupChannelManagementService : Added channel with id 173 to tutorial group with id 204
    23:42:30.495 |  28 nPool-1-worker-2 | DEBUG | utorialGroupChannelManagementService : Added users with ids [9] to the channel with id 173 of the tutorial group with id 204
    23:42:30.506 |  28 nPool-1-worker-2 | DEBUG | utorialGroupChannelManagementService : Added teaching assistant with id 13 to the channel with id 173 of the tutorial group with id 204
    23:42:30.533 |  28 nPool-1-worker-2 | DEBUG | utorialGroupChannelManagementService : Granted teaching assistant with id 13 moderator role for the channel with id 173 of the tutorial group with id 204
    23:42:30.533 |  28 nPool-1-worker-2 | DEBUG | utorialGroupChannelManagementService : Setup channel for tutorial group with id 204 with channel id 173
    23:42:30.534 |  28 nPool-1-worker-2 | INFO  | i.z.t.d.l.EmbeddedDatabaseReporter   : JDBC URL to connect to 'dataSource': url='jdbc:h2:tcp://localhost:41063/mem:df70fc46-7e57-4cb5-9cd0-c1d90c14afa7;USER=sa', scope='TutorialGroupIntegrationTest#averageAttendanceCalculationTest_TwoSessions_AverageIsArithmeticMean'
    23:42:30.553 |  28 nPool-1-worker-2 | DEBUG | d.t.c.a.a.c.s.f.ApiVersionFilter     : Adding Version to Request GET /api/courses/215/tutorial-groups
    23:42:30.555 |  28 nPool-1-worker-2 | DEBUG | d.t.c.a.a.t.w.TutorialGroupResource  : REST request to get all tutorial groups of course with id: 215

  Starting logs for TutorialGroupIntegrationTest > importRegistrations_withoutTitle_shouldNotCreateTutorialGroup()
    23:42:30.624 |  28 nPool-1-worker-2 | DEBUG | d.t.c.a.a.c.u.util.UserUtilService   : Generate 4 students...
    23:42:30.631 |  28 nPool-1-worker-2 | DEBUG | d.t.c.a.a.c.u.util.UserUtilService   : 4 students generated. Generate 2 tutors...
    23:42:30.635 |  28 nPool-1-worker-2 | DEBUG | d.t.c.a.a.c.u.util.UserUtilService   : 2 tutors generated. Generate 1 editors...
    23:42:30.638 |  28 nPool-1-worker-2 | DEBUG | d.t.c.a.a.c.u.util.UserUtilService   : 1 editors generated. Generate 1 instructors...
    23:42:30.641 |  28 nPool-1-worker-2 | DEBUG | d.t.c.a.a.c.u.util.UserUtilService   : 1 instructors generated
    23:42:30.642 |  28 nPool-1-worker-2 | DEBUG | d.t.c.a.a.c.u.util.UserUtilService   : Removing 8 users from all courses...
    23:42:30.644 |  28 nPool-1-worker-2 | DEBUG | d.t.c.a.a.c.u.util.UserUtilService   : Removing 8 users from all courses. Done
    23:42:30.644 |  28 nPool-1-worker-2 | DEBUG | d.t.c.a.a.c.u.util.UserUtilService   : Save 8 users to database...
    23:42:30.733 |  28 nPool-1-worker-2 | DEBUG | d.t.c.a.a.c.u.util.UserUtilService   : Save 8 users to database. Done
    23:42:30.753 |  28 nPool-1-worker-2 | DEBUG | utorialGroupChannelManagementService : Created channel with id 174 for tutorial group with id 206
    23:42:30.757 |  28 nPool-1-worker-2 | DEBUG | utorialGroupChannelManagementService : Added channel with id 174 to tutorial group with id 206
    23:42:30.766 |  28 nPool-1-worker-2 | DEBUG | utorialGroupChannelManagementService : Added users with ids [8] to the channel with id 174 of the tutorial group with id 206
    23:42:30.775 |  28 nPool-1-worker-2 | DEBUG | utorialGroupChannelManagementService : Added teaching assistant with id 12 to the channel with id 174 of the tutorial group with id 206
    23:42:30.785 |  28 nPool-1-worker-2 | DEBUG | utorialGroupChannelManagementService : Granted teaching assistant with id 12 moderator role for the channel with id 174 of the tutorial group with id 206
    23:42:30.785 |  28 nPool-1-worker-2 | DEBUG | utorialGroupChannelManagementService : Setup channel for tutorial group with id 206 with channel id 174
    23:42:30.788 |  28 nPool-1-worker-2 | DEBUG | utorialGroupChannelManagementService : Created channel with id 175 for tutorial group with id 207
    23:42:30.793 |  28 nPool-1-worker-2 | DEBUG | utorialGroupChannelManagementService : Added channel with id 175 to tutorial group with id 207
    23:42:30.807 |  28 nPool-1-worker-2 | DEBUG | utorialGroupChannelManagementService : Added users with ids [9] to the channel with id 175 of the tutorial group with id 207
    23:42:30.822 |  28 nPool-1-worker-2 | DEBUG | utorialGroupChannelManagementService : Added teaching assistant with id 13 to the channel with id 175 of the tutorial group with id 207
    23:42:30.845 |  28 nPool-1-worker-2 | DEBUG | utorialGroupChannelManagementService : Granted teaching assistant with id 13 moderator role for the channel with id 175 of the tutorial group with id 207
    23:42:30.845 |  28 nPool-1-worker-2 | DEBUG | utorialGroupChannelManagementService : Setup channel for tutorial group with id 207 with channel id 175
    23:42:30.846 |  28 nPool-1-worker-2 | INFO  | i.z.t.d.l.EmbeddedDatabaseReporter   : JDBC URL to connect to 'dataSource': url='jdbc:h2:tcp://localhost:41063/mem:df70fc46-7e57-4cb5-9cd0-c1d90c14afa7;USER=sa', scope='TutorialGroupIntegrationTest#importRegistrations_withoutTitle_shouldNotCreateTutorialGroup'
    23:42:30.862 |  28 nPool-1-worker-2 | DEBUG | d.t.c.a.a.c.s.f.ApiVersionFilter     : Adding Version to Request POST /api/courses/217/tutorial-groups/import
    23:42:30.871 |  28 nPool-1-worker-2 | DEBUG | d.t.c.a.a.t.w.TutorialGroupResource  : REST request to import registrations [TutorialGroupRegistrationImportDTO{title='null', student=StudentDTO[login=tutorialgroupstudent1, firstName=tutorialgroupstudent1First, lastName=tutorialgroupstudent1Last, registrationNumber=null, email=tutorialgroupstudent1@test.de], importSuccessful=null, error=null, campus=null, capacity=null, language=null, additionalInformation=null, isOnline=null}] to course 217
    23:42:30.894 |  28 nPool-1-worker-2 | DEBUG | utorialGroupChannelManagementService : Removed users with ids [] from the channel with id 174 of the tutorial group with id 206
    23:42:30.899 |  28 nPool-1-worker-2 | DEBUG | utorialGroupChannelManagementService : Removed users with ids [] from the channel with id 175 of the tutorial group with id 207
    23:42:30.902 |  28 nPool-1-worker-2 | DEBUG | utorialGroupChannelManagementService : Channel for tutorial group with id 208 does not exist, cannot remove users from channel

Finished logs for TutorialGroupIntegrationTest
]]></system-out>
  <system-err><![CDATA[]]></system-err>
</testsuite>
