<?xml version="1.0" encoding="UTF-8"?>
<testsuite name="de.tum.cit.aet.artemis.text.TextEmbeddingIntegrationTest" tests="1" skipped="0" failures="0" errors="0" timestamp="2025-02-14T23:46:32" hostname="fv-az1721-502" time="0.01">
  <properties/>
  <testcase name="testTextEmbedding()" classname="de.tum.cit.aet.artemis.text.TextEmbeddingIntegrationTest" time="0.01"/>
  <system-out><![CDATA[
Starting logs for TextEmbeddingIntegrationTest

  Starting logs for TextEmbeddingIntegrationTest > testTextEmbedding()

Finished logs for TextEmbeddingIntegrationTest
]]></system-out>
  <system-err><![CDATA[]]></system-err>
</testsuite>
