<?xml version="1.0" encoding="UTF-8"?>
<testsuite name="de.tum.cit.aet.artemis.exercise.participation.ParticipationIntegrationTest" tests="96" skipped="0" failures="0" errors="0" timestamp="2025-02-14T23:49:23" hostname="fv-az1721-502" time="11.828">
  <properties/>
  <testcase name="participateInProgrammingExercise_successful()" classname="de.tum.cit.aet.artemis.exercise.participation.ParticipationIntegrationTest" time="0.145"/>
  <testcase name="practiceProgrammingExercise_successful()" classname="de.tum.cit.aet.artemis.exercise.participation.ParticipationIntegrationTest" time="0.149"/>
  <testcase name="requestProgrammingFeedbackSuccess_withAthenaSuccess()" classname="de.tum.cit.aet.artemis.exercise.participation.ParticipationIntegrationTest" time="0.211"/>
  <testcase name="whenTextFeedbackRequestedAndNoSubmittedSubmission_thenFail()" classname="de.tum.cit.aet.artemis.exercise.participation.ParticipationIntegrationTest" time="0.119"/>
  <testcase name="requestFeedbackAlreadySent()" classname="de.tum.cit.aet.artemis.exercise.participation.ParticipationIntegrationTest" time="0.126"/>
  <testcase name="deleteParticipation_notFound()" classname="de.tum.cit.aet.artemis.exercise.participation.ParticipationIntegrationTest" time="0.1"/>
  <testcase name="getAllParticipationsForCourse_noInstructorInCourse()" classname="de.tum.cit.aet.artemis.exercise.participation.ParticipationIntegrationTest" time="0.098"/>
  <testcase name="getParticipationByExerciseAndStudentLoginAnyStateForTeam()" classname="de.tum.cit.aet.artemis.exercise.participation.ParticipationIntegrationTest" time="0.111"/>
  <testcase name="deleteParticipation()" classname="de.tum.cit.aet.artemis.exercise.participation.ParticipationIntegrationTest" time="0.128"/>
  <testcase name="updateIndividualDueDateUnchanged()" classname="de.tum.cit.aet.artemis.exercise.participation.ParticipationIntegrationTest" time="0.113"/>
  <testcase name="getParticipationByExerciseAndStudentIdWithEagerSubmissionsForTeam()" classname="de.tum.cit.aet.artemis.exercise.participation.ParticipationIntegrationTest" time="0.112"/>
  <testcase name="getParticipationWithLatestResult()" classname="de.tum.cit.aet.artemis.exercise.participation.ParticipationIntegrationTest" time="0.106"/>
  <testcase name="updateIndividualDueDateExamExercise()" classname="de.tum.cit.aet.artemis.exercise.participation.ParticipationIntegrationTest" time="0.103"/>
  <testcase name="getParticipation_quizExerciseFinished(QuizMode) [1] quizMode=SYNCHRONIZED" classname="de.tum.cit.aet.artemis.exercise.participation.ParticipationIntegrationTest" time="0.132"/>
  <testcase name="getParticipation_quizExerciseFinished(QuizMode) [2] quizMode=BATCHED" classname="de.tum.cit.aet.artemis.exercise.participation.ParticipationIntegrationTest" time="0.13"/>
  <testcase name="getParticipation_quizExerciseFinished(QuizMode) [3] quizMode=INDIVIDUAL" classname="de.tum.cit.aet.artemis.exercise.participation.ParticipationIntegrationTest" time="0.127"/>
  <testcase name="getParticipationByExerciseAndStudentLoginAnyStateWithEagerResultsForTeam()" classname="de.tum.cit.aet.artemis.exercise.participation.ParticipationIntegrationTest" time="0.106"/>
  <testcase name="updateParticipation()" classname="de.tum.cit.aet.artemis.exercise.participation.ParticipationIntegrationTest" time="0.101"/>
  <testcase name="participateInTextExercise_notStudentInCourse()" classname="de.tum.cit.aet.artemis.exercise.participation.ParticipationIntegrationTest" time="0.095"/>
  <testcase name="getAllParticipationsForExercise_withLatestResults_forQuizExercise()" classname="de.tum.cit.aet.artemis.exercise.participation.ParticipationIntegrationTest" time="0.146"/>
  <testcase name="resumeProgrammingExerciseParticipation_forbidden()" classname="de.tum.cit.aet.artemis.exercise.participation.ParticipationIntegrationTest" time="0.101"/>
  <testcase name="getAllParticipationsForExercise_NotTutorInCourse()" classname="de.tum.cit.aet.artemis.exercise.participation.ParticipationIntegrationTest" time="0.097"/>
  <testcase name="updateIndividualDueDateNoExerciseDueDate()" classname="de.tum.cit.aet.artemis.exercise.participation.ParticipationIntegrationTest" time="0.11"/>
  <testcase name="whenRequestFeedbackForExam_thenFail()" classname="de.tum.cit.aet.artemis.exercise.participation.ParticipationIntegrationTest" time="0.108"/>
  <testcase name="whenTextFeedbackRequestedAndNoSubmission_thenFail()" classname="de.tum.cit.aet.artemis.exercise.participation.ParticipationIntegrationTest" time="0.1"/>
  <testcase name="requestProgrammingFeedbackSuccess_withAthenaFailure()" classname="de.tum.cit.aet.artemis.exercise.participation.ParticipationIntegrationTest" time="0.203"/>
  <testcase name="participateTwiceInModelingExercise_sameParticipation()" classname="de.tum.cit.aet.artemis.exercise.participation.ParticipationIntegrationTest" time="0.114"/>
  <testcase name="participateInProgrammingTeamExercise_withoutAssignedTeam()" classname="de.tum.cit.aet.artemis.exercise.participation.ParticipationIntegrationTest" time="0.101"/>
  <testcase name="requestModelingFeedbackSuccess_withAthenaSuccess()" classname="de.tum.cit.aet.artemis.exercise.participation.ParticipationIntegrationTest" time="0.203"/>
  <testcase name="participateInModelingExercise()" classname="de.tum.cit.aet.artemis.exercise.participation.ParticipationIntegrationTest" time="0.114"/>
  <testcase name="participateInTextExercise_releaseDateReachedStartDateReached()" classname="de.tum.cit.aet.artemis.exercise.participation.ParticipationIntegrationTest" time="0.113"/>
  <testcase name="getSubmissionOfParticipation()" classname="de.tum.cit.aet.artemis.exercise.participation.ParticipationIntegrationTest" time="0.111"/>
  <testcase name="updateProgrammingExerciseIndividualDueDateInPast()" classname="de.tum.cit.aet.artemis.exercise.participation.ParticipationIntegrationTest" time="0.114"/>
  <testcase name="whenModelingFeedbackRequestedAndSubmissionEmpty_thenFail()" classname="de.tum.cit.aet.artemis.exercise.participation.ParticipationIntegrationTest" time="0.097"/>
  <testcase name="whenFeedbackRequestedAndDeadlinePassed_thenFail()" classname="de.tum.cit.aet.artemis.exercise.participation.ParticipationIntegrationTest" time="0.106"/>
  <testcase name="participateInProgrammingExercise_featureDisabled()" classname="de.tum.cit.aet.artemis.exercise.participation.ParticipationIntegrationTest" time="0.137"/>
  <testcase name="resumeProgrammingExerciseParticipation()" classname="de.tum.cit.aet.artemis.exercise.participation.ParticipationIntegrationTest" time="0.109"/>
  <testcase name="getAllParticipationsForCourse()" classname="de.tum.cit.aet.artemis.exercise.participation.ParticipationIntegrationTest" time="0.12"/>
  <testcase name="updateParticipation_notTutorInCourse()" classname="de.tum.cit.aet.artemis.exercise.participation.ParticipationIntegrationTest" time="0.1"/>
  <testcase name="whenTextFeedbackRequestedAndSubmissionEmpty_thenFail()" classname="de.tum.cit.aet.artemis.exercise.participation.ParticipationIntegrationTest" time="0.101"/>
  <testcase name="requestTextFeedbackSuccess_withAthenaSuccess()" classname="de.tum.cit.aet.artemis.exercise.participation.ParticipationIntegrationTest" time="0.193"/>
  <testcase name="getParticipation_noParticipation()" classname="de.tum.cit.aet.artemis.exercise.participation.ParticipationIntegrationTest" time="0.098"/>
  <testcase name="resumeProgrammingExerciseParticipation_wrongExerciseId()" classname="de.tum.cit.aet.artemis.exercise.participation.ParticipationIntegrationTest" time="0.097"/>
  <testcase name="updateIndividualDueDateProgrammingExercise()" classname="de.tum.cit.aet.artemis.exercise.participation.ParticipationIntegrationTest" time="0.117"/>
  <testcase name="participateInTextExercise_releaseDateReachedStartDateNotReachedAsTutor()" classname="de.tum.cit.aet.artemis.exercise.participation.ParticipationIntegrationTest" time="0.114"/>
  <testcase name="requestModelingFeedbackSuccess_withAthenaFailure()" classname="de.tum.cit.aet.artemis.exercise.participation.ParticipationIntegrationTest" time="0.159"/>
  <testcase name="getParticipation_quizBatchNotPresent()" classname="de.tum.cit.aet.artemis.exercise.participation.ParticipationIntegrationTest" time="0.103"/>
  <testcase name="participateInTextExercise()" classname="de.tum.cit.aet.artemis.exercise.participation.ParticipationIntegrationTest" time="0.116"/>
  <testcase name="requestFeedbackExerciseNotPossibleIfOnlyAutomaticFeedbacks()" classname="de.tum.cit.aet.artemis.exercise.participation.ParticipationIntegrationTest" time="0.106"/>
  <testcase name="[1] practiceMode=false, afterDueDate=false" classname="de.tum.cit.aet.artemis.exercise.participation.ParticipationIntegrationTest" time="0.139"/>
  <testcase name="[2] practiceMode=false, afterDueDate=true" classname="de.tum.cit.aet.artemis.exercise.participation.ParticipationIntegrationTest" time="0.119"/>
  <testcase name="[3] practiceMode=true, afterDueDate=false" classname="de.tum.cit.aet.artemis.exercise.participation.ParticipationIntegrationTest" time="0.117"/>
  <testcase name="[4] practiceMode=true, afterDueDate=true" classname="de.tum.cit.aet.artemis.exercise.participation.ParticipationIntegrationTest" time="0.122"/>
  <testcase name="getParticipation_notStudentInCourse()" classname="de.tum.cit.aet.artemis.exercise.participation.ParticipationIntegrationTest" time="0.105"/>
  <testcase name="updateParticipation_notStored()" classname="de.tum.cit.aet.artemis.exercise.participation.ParticipationIntegrationTest" time="0.104"/>
  <testcase name="participateInTextExercise_releaseDateNotReached()" classname="de.tum.cit.aet.artemis.exercise.participation.ParticipationIntegrationTest" time="0.11"/>
  <testcase name="deleteSubmissionWithoutResult()" classname="de.tum.cit.aet.artemis.exercise.participation.ParticipationIntegrationTest" time="0.129"/>
  <testcase name="deleteParticipation_student()" classname="de.tum.cit.aet.artemis.exercise.participation.ParticipationIntegrationTest" time="0.118"/>
  <testcase name="getAllParticipationsForExercise()" classname="de.tum.cit.aet.artemis.exercise.participation.ParticipationIntegrationTest" time="0.12"/>
  <testcase name="participateInProgrammingExercise_dueDatePassed()" classname="de.tum.cit.aet.artemis.exercise.participation.ParticipationIntegrationTest" time="0.111"/>
  <testcase name="whenFeedbackRequestedAndRateLimitExceeded_thenFail()" classname="de.tum.cit.aet.artemis.exercise.participation.ParticipationIntegrationTest" time="0.127"/>
  <testcase name="updateParticipation_exceedingPresentationNumber()" classname="de.tum.cit.aet.artemis.exercise.participation.ParticipationIntegrationTest" time="0.161"/>
  <testcase name="requestTextFeedbackSuccess_withAthenaFailure()" classname="de.tum.cit.aet.artemis.exercise.participation.ParticipationIntegrationTest" time="0.169"/>
  <testcase name="deleteParticipation_tutor()" classname="de.tum.cit.aet.artemis.exercise.participation.ParticipationIntegrationTest" time="0.114"/>
  <testcase name="practiceProgrammingTeamExercise_Forbidden()" classname="de.tum.cit.aet.artemis.exercise.participation.ParticipationIntegrationTest" time="0.115"/>
  <testcase name="getParticipation_quizExerciseNotStarted(QuizMode) [1] quizMode=SYNCHRONIZED" classname="de.tum.cit.aet.artemis.exercise.participation.ParticipationIntegrationTest" time="0.116"/>
  <testcase name="getParticipation_quizExerciseNotStarted(QuizMode) [2] quizMode=BATCHED" classname="de.tum.cit.aet.artemis.exercise.participation.ParticipationIntegrationTest" time="0.113"/>
  <testcase name="getParticipation_quizExerciseNotStarted(QuizMode) [3] quizMode=INDIVIDUAL" classname="de.tum.cit.aet.artemis.exercise.participation.ParticipationIntegrationTest" time="0.113"/>
  <testcase name="updateParticipation_presentationScoreMoreThan0()" classname="de.tum.cit.aet.artemis.exercise.participation.ParticipationIntegrationTest" time="0.174"/>
  <testcase name="[1] quizMode=SYNCHRONIZED" classname="de.tum.cit.aet.artemis.exercise.participation.ParticipationIntegrationTest" time="0.144"/>
  <testcase name="[2] quizMode=BATCHED" classname="de.tum.cit.aet.artemis.exercise.participation.ParticipationIntegrationTest" time="0.139"/>
  <testcase name="[3] quizMode=INDIVIDUAL" classname="de.tum.cit.aet.artemis.exercise.participation.ParticipationIntegrationTest" time="0.14"/>
  <testcase name="participateInProgrammingExerciseAsEditorDueDatePassed()" classname="de.tum.cit.aet.artemis.exercise.participation.ParticipationIntegrationTest" time="0.161"/>
  <testcase name="practiceProgrammingExercise_featureDisabled()" classname="de.tum.cit.aet.artemis.exercise.participation.ParticipationIntegrationTest" time="0.1"/>
  <testcase name="updateIndividualDueDateOk()" classname="de.tum.cit.aet.artemis.exercise.participation.ParticipationIntegrationTest" time="0.12"/>
  <testcase name="getAllParticipationsForExercise_withLatestResults_multipleAssessments()" classname="de.tum.cit.aet.artemis.exercise.participation.ParticipationIntegrationTest" time="0.112"/>
  <testcase name="requestProgrammingFeedbackIfARequestAlreadySent_withAthenaSuccess()" classname="de.tum.cit.aet.artemis.exercise.participation.ParticipationIntegrationTest" time="0.215"/>
  <testcase name="practiceProgrammingExercise_beforeDatePassed()" classname="de.tum.cit.aet.artemis.exercise.participation.ParticipationIntegrationTest" time="0.106"/>
  <testcase name="deleteResultWithoutSubmission()" classname="de.tum.cit.aet.artemis.exercise.participation.ParticipationIntegrationTest" time="0.106"/>
  <testcase name="getParticipationByExerciseAndStudentIdForTeam()" classname="de.tum.cit.aet.artemis.exercise.participation.ParticipationIntegrationTest" time="0.108"/>
  <testcase name="participateInTextExercise_releaseDateReachedStartDateNotReached()" classname="de.tum.cit.aet.artemis.exercise.participation.ParticipationIntegrationTest" time="0.104"/>
  <testcase name="deleteAllByTeamId()" classname="de.tum.cit.aet.artemis.exercise.participation.ParticipationIntegrationTest" time="0.111"/>
  <testcase name="participateInTextExercise_noReleaseDateStartDateNotReached()" classname="de.tum.cit.aet.artemis.exercise.participation.ParticipationIntegrationTest" time="0.107"/>
  <testcase name="updateIndividualDueDateQuizExercise()" classname="de.tum.cit.aet.artemis.exercise.participation.ParticipationIntegrationTest" time="0.103"/>
  <testcase name="getAllParticipationsForExercise_withLatestResults()" classname="de.tum.cit.aet.artemis.exercise.participation.ParticipationIntegrationTest" time="0.189"/>
  <testcase name="getParticipation()" classname="de.tum.cit.aet.artemis.exercise.participation.ParticipationIntegrationTest" time="0.1"/>
  <testcase name="getParticipation_quizExerciseStartedAndNoParticipation(QuizMode) [1] quizMode=SYNCHRONIZED" classname="de.tum.cit.aet.artemis.exercise.participation.ParticipationIntegrationTest" time="0.103"/>
  <testcase name="getParticipation_quizExerciseStartedAndNoParticipation(QuizMode) [2] quizMode=BATCHED" classname="de.tum.cit.aet.artemis.exercise.participation.ParticipationIntegrationTest" time="0.102"/>
  <testcase name="getParticipation_quizExerciseStartedAndNoParticipation(QuizMode) [3] quizMode=INDIVIDUAL" classname="de.tum.cit.aet.artemis.exercise.participation.ParticipationIntegrationTest" time="0.102"/>
  <testcase name="updateProgrammingExerciseIndividualDueDateInFuture()" classname="de.tum.cit.aet.artemis.exercise.participation.ParticipationIntegrationTest" time="0.122"/>
  <testcase name="participateTwiceInTextExercise_sameParticipation()" classname="de.tum.cit.aet.artemis.exercise.participation.ParticipationIntegrationTest" time="0.114"/>
  <testcase name="getParticipationBuildArtifact()" classname="de.tum.cit.aet.artemis.exercise.participation.ParticipationIntegrationTest" time="0.099"/>
  <testcase name="getParticipationForTeamExercise()" classname="de.tum.cit.aet.artemis.exercise.participation.ParticipationIntegrationTest" time="0.106"/>
  <testcase name="[1] input=-42, isBadRequest=true" classname="de.tum.cit.aet.artemis.exercise.participation.ParticipationIntegrationTest" time="0.106"/>
  <testcase name="[2] input=42, isBadRequest=false" classname="de.tum.cit.aet.artemis.exercise.participation.ParticipationIntegrationTest" time="0.116"/>
  <testcase name="[3] input=420, isBadRequest=true" classname="de.tum.cit.aet.artemis.exercise.participation.ParticipationIntegrationTest" time="0.105"/>
  <system-out><![CDATA[
Starting logs for ParticipationIntegrationTest

  Starting logs for ParticipationIntegrationTest > participateInProgrammingExercise_successful()
    23:49:23.505 |  27 nPool-1-worker-1 | DEBUG | d.t.c.a.a.c.u.util.UserUtilService   : Generate 4 students...
    23:49:23.507 |  27 nPool-1-worker-1 | DEBUG | d.t.c.a.a.c.u.util.UserUtilService   : 4 students generated. Generate 1 tutors...
    23:49:23.509 |  27 nPool-1-worker-1 | DEBUG | d.t.c.a.a.c.u.util.UserUtilService   : 1 tutors generated. Generate 1 editors...
    23:49:23.510 |  27 nPool-1-worker-1 | DEBUG | d.t.c.a.a.c.u.util.UserUtilService   : 1 editors generated. Generate 1 instructors...
    23:49:23.512 |  27 nPool-1-worker-1 | DEBUG | d.t.c.a.a.c.u.util.UserUtilService   : 1 instructors generated
    23:49:23.513 |  27 nPool-1-worker-1 | DEBUG | d.t.c.a.a.c.u.util.UserUtilService   : Removing 1 users from all courses...
    23:49:23.513 |  27 nPool-1-worker-1 | DEBUG | d.t.c.a.a.c.u.util.UserUtilService   : Removing 1 users from all courses. Done
    23:49:23.513 |  27 nPool-1-worker-1 | DEBUG | d.t.c.a.a.c.u.util.UserUtilService   : Save 7 users to database...
    23:49:23.515 |  27 nPool-1-worker-1 | DEBUG | d.t.c.a.a.c.u.util.UserUtilService   : Save 7 users to database. Done
    23:49:23.524 |  27 nPool-1-worker-1 | INFO  | .c.a.a.c.s.TitleCacheEvictionService : Evicted entry '3773' from title cache 'exerciseTitle'
    23:49:23.568 |  27 nPool-1-worker-1 | INFO  | i.z.t.d.l.EmbeddedDatabaseReporter   : JDBC URL to connect to 'dataSource': url='jdbc:h2:tcp://localhost:41063/mem:736625c0-cf5e-400d-aeaa-8a7eabd6262b;USER=sa', scope='ParticipationIntegrationTest#participateInProgrammingExercise_successful'
    23:49:23.590 |  27 nPool-1-worker-1 | DEBUG | d.t.c.a.a.c.s.f.ApiVersionFilter     : Adding Version to Request POST /api/exercises/3775/participations
    23:49:23.591 |  27 nPool-1-worker-1 | DEBUG | d.t.c.a.a.e.w.ParticipationResource  : REST request to start Exercise : 3775
    23:49:23.598 |  27 nPool-1-worker-1 | DEBUG | d.t.c.a.a.p.service.GitService       : Cloning from file:/tmp/exerciseOriginRepo13785389311289111923/ to repos/server-integration-test/studentOriginRepo15512767063149441323
    23:49:23.610 |  27 nPool-1-worker-1 | INFO  | d.t.c.a.a.p.s.gitlab.GitLabService   : Adding user 1 with permissions 30 to repository SHORTF5FE6CC00F1FE043210B9A10F1BC905976DBT8BD/shortf5fe6cc00f1fe043210b9a10f1bc905976dbt8bd-participationintegrationstudent1

  Starting logs for ParticipationIntegrationTest > practiceProgrammingExercise_successful()
    23:49:23.647 |  27 nPool-1-worker-1 | DEBUG | d.t.c.a.a.c.u.util.UserUtilService   : Generate 4 students...
    23:49:23.653 |  27 nPool-1-worker-1 | DEBUG | d.t.c.a.a.c.u.util.UserUtilService   : 4 students generated. Generate 1 tutors...
    23:49:23.655 |  27 nPool-1-worker-1 | DEBUG | d.t.c.a.a.c.u.util.UserUtilService   : 1 tutors generated. Generate 1 editors...
    23:49:23.657 |  27 nPool-1-worker-1 | DEBUG | d.t.c.a.a.c.u.util.UserUtilService   : 1 editors generated. Generate 1 instructors...
    23:49:23.659 |  27 nPool-1-worker-1 | DEBUG | d.t.c.a.a.c.u.util.UserUtilService   : 1 instructors generated
    23:49:23.660 |  27 nPool-1-worker-1 | DEBUG | d.t.c.a.a.c.u.util.UserUtilService   : Removing 6 users from all courses...
    23:49:23.661 |  27 nPool-1-worker-1 | DEBUG | d.t.c.a.a.c.u.util.UserUtilService   : Removing 6 users from all courses. Done
    23:49:23.661 |  27 nPool-1-worker-1 | DEBUG | d.t.c.a.a.c.u.util.UserUtilService   : Save 7 users to database...
    23:49:23.668 |  27 nPool-1-worker-1 | DEBUG | d.t.c.a.a.c.u.util.UserUtilService   : Save 7 users to database. Done
    23:49:23.680 |  27 nPool-1-worker-1 | INFO  | .c.a.a.c.s.TitleCacheEvictionService : Evicted entry '3776' from title cache 'exerciseTitle'
    23:49:23.723 |  27 nPool-1-worker-1 | INFO  | i.z.t.d.l.EmbeddedDatabaseReporter   : JDBC URL to connect to 'dataSource': url='jdbc:h2:tcp://localhost:41063/mem:736625c0-cf5e-400d-aeaa-8a7eabd6262b;USER=sa', scope='ParticipationIntegrationTest#practiceProgrammingExercise_successful'
    23:49:23.744 |  27 nPool-1-worker-1 | DEBUG | d.t.c.a.a.c.s.f.ApiVersionFilter     : Adding Version to Request POST /api/exercises/3778/participations/practice
    23:49:23.746 |  27 nPool-1-worker-1 | DEBUG | d.t.c.a.a.e.w.ParticipationResource  : REST request to practice Exercise : 3778
    23:49:23.750 |  27 nPool-1-worker-1 | DEBUG | PersonalAccessTokenManagementService : Generate secure vcs access token
    23:49:23.757 |  27 nPool-1-worker-1 | DEBUG | d.t.c.a.a.p.service.GitService       : Cloning from file:/tmp/exerciseOriginRepo9409495400965438454/ to repos/server-integration-test/studentOriginRepo15399259711184999619
    23:49:23.768 |  27 nPool-1-worker-1 | INFO  | d.t.c.a.a.p.s.gitlab.GitLabService   : Adding user 1 with permissions 30 to repository SHORT2922AE58096CB043600A808029090C874A7DT7F7/short2922ae58096cb043600a808029090c874a7dt7f7-practice-participationintegrationstudent1

  Starting logs for ParticipationIntegrationTest > requestProgrammingFeedbackSuccess_withAthenaSuccess()
    23:49:23.798 |  27 nPool-1-worker-1 | DEBUG | d.t.c.a.a.c.u.util.UserUtilService   : Generate 4 students...
    23:49:23.803 |  27 nPool-1-worker-1 | DEBUG | d.t.c.a.a.c.u.util.UserUtilService   : 4 students generated. Generate 1 tutors...
    23:49:23.805 |  27 nPool-1-worker-1 | DEBUG | d.t.c.a.a.c.u.util.UserUtilService   : 1 tutors generated. Generate 1 editors...
    23:49:23.807 |  27 nPool-1-worker-1 | DEBUG | d.t.c.a.a.c.u.util.UserUtilService   : 1 editors generated. Generate 1 instructors...
    23:49:23.809 |  27 nPool-1-worker-1 | DEBUG | d.t.c.a.a.c.u.util.UserUtilService   : 1 instructors generated
    23:49:23.810 |  27 nPool-1-worker-1 | DEBUG | d.t.c.a.a.c.u.util.UserUtilService   : Removing 6 users from all courses...
    23:49:23.811 |  27 nPool-1-worker-1 | DEBUG | d.t.c.a.a.c.u.util.UserUtilService   : Removing 6 users from all courses. Done
    23:49:23.811 |  27 nPool-1-worker-1 | DEBUG | d.t.c.a.a.c.u.util.UserUtilService   : Save 7 users to database...
    23:49:23.814 |  27 nPool-1-worker-1 | DEBUG | d.t.c.a.a.c.u.util.UserUtilService   : Save 7 users to database. Done
    23:49:23.825 |  27 nPool-1-worker-1 | INFO  | .c.a.a.c.s.TitleCacheEvictionService : Evicted entry '3779' from title cache 'exerciseTitle'
    23:49:23.868 |  27 nPool-1-worker-1 | INFO  | i.z.t.d.l.EmbeddedDatabaseReporter   : JDBC URL to connect to 'dataSource': url='jdbc:h2:tcp://localhost:41063/mem:736625c0-cf5e-400d-aeaa-8a7eabd6262b;USER=sa', scope='ParticipationIntegrationTest#requestProgrammingFeedbackSuccess_withAthenaSuccess'
    23:49:23.888 |  27 nPool-1-worker-1 | DEBUG | .c.s.m.InstanceMessageReceiveService : Received schedule participant score for exercise 3781 and participant 820 (result to be deleted: null)
    23:49:23.888 |  27 nPool-1-worker-1 | DEBUG | .a.s.ParticipantScoreScheduleService : Scheduled task for exercise 3781 and participant 820 at 2025-02-14T23:49:23.988558798Z[Etc/UTC].
    23:49:23.889 |  27 nPool-1-worker-1 | DEBUG | .c.s.m.InstanceMessageReceiveService : Received schedule participant score for exercise 3781 and participant 820 (result to be deleted: null)
    23:49:23.889 |  27 nPool-1-worker-1 | DEBUG | .a.s.ParticipantScoreScheduleService : Scheduled task for exercise 3781 and participant 820 at 2025-02-14T23:49:23.989399115Z[Etc/UTC].
    23:49:23.907 |  27 nPool-1-worker-1 | DEBUG | .c.s.m.InstanceMessageReceiveService : Received schedule participant score for exercise 3781 and participant 820 (result to be deleted: null)
    23:49:23.907 |  27 nPool-1-worker-1 | DEBUG | .a.s.ParticipantScoreScheduleService : Scheduled task for exercise 3781 and participant 820 at 2025-02-14T23:49:24.007386520Z[Etc/UTC].
    23:49:23.907 |  27 nPool-1-worker-1 | DEBUG | .c.s.m.InstanceMessageReceiveService : Received schedule participant score for exercise 3781 and participant 820 (result to be deleted: null)
    23:49:23.907 |  27 nPool-1-worker-1 | DEBUG | .a.s.ParticipantScoreScheduleService : Scheduled task for exercise 3781 and participant 820 at 2025-02-14T23:49:24.007479143Z[Etc/UTC].
    23:49:23.915 |  27 nPool-1-worker-1 | DEBUG | .c.s.m.InstanceMessageReceiveService : Received schedule participant score for exercise 3781 and participant 820 (result to be deleted: null)
    23:49:23.915 |  27 nPool-1-worker-1 | DEBUG | .a.s.ParticipantScoreScheduleService : Scheduled task for exercise 3781 and participant 820 at 2025-02-14T23:49:24.015810370Z[Etc/UTC].
    23:49:23.916 |  27 nPool-1-worker-1 | DEBUG | d.t.c.a.a.c.s.f.ApiVersionFilter     : Adding Version to Request PUT /api/exercises/3781/request-feedback
    23:49:23.917 |  27 nPool-1-worker-1 | DEBUG | d.t.c.a.a.e.w.ParticipationResource  : REST request for feedback request: 3781
    23:49:23.921 | 111 monPool-worker-1 | DEBUG | ingExerciseCodeReviewFeedbackService : Using athena to generate (programming exercise) feedback request: 3781
    23:49:23.922 | 111 monPool-worker-1 | DEBUG | .c.s.m.InstanceMessageReceiveService : Received schedule participant score for exercise 3781 and participant 820 (result to be deleted: null)
    23:49:23.922 | 111 monPool-worker-1 | DEBUG | .a.s.ParticipantScoreScheduleService : Scheduled task for exercise 3781 and participant 820 at 2025-02-14T23:49:24.022633858Z[Etc/UTC].
    23:49:23.942 | 111 monPool-worker-1 | DEBUG | .c.s.m.InstanceMessageReceiveService : Received schedule participant score for exercise 3781 and participant 820 (result to be deleted: null)
    23:49:23.942 | 111 monPool-worker-1 | DEBUG | .a.s.ParticipantScoreScheduleService : Scheduled task for exercise 3781 and participant 820 at 2025-02-14T23:49:24.042448422Z[Etc/UTC].
    23:49:23.951 | 111 monPool-worker-1 | DEBUG | .c.s.m.InstanceMessageReceiveService : Received schedule participant score for exercise 3781 and participant 820 (result to be deleted: null)
    23:49:23.951 | 111 monPool-worker-1 | DEBUG | .a.s.ParticipantScoreScheduleService : Scheduled task for exercise 3781 and participant 820 at 2025-02-14T23:49:24.051724962Z[Etc/UTC].
    23:49:23.951 | 111 monPool-worker-1 | DEBUG | .a.a.p.s.ProgrammingMessagingService : Send result to client over websocket. Result: Result{id1079, completionDate=2025-02-14T23:54:23.942790961Z[Etc/UTC], successful=null, score=100.0, rated=true, assessmentType=AUTOMATIC_ATHENA, hasComplaint=null, testCaseCount=0, passedTestCaseCount=0, codeIssueCount=0}, Submission: [FAILED toString()], Participation: ProgrammingExerciseStudentParticipation{id=5795, repositoryUri='file:/tmp/testOriginRepo9874256749292596420/', buildPlanId='null', initializationState='INACTIVE', initializationDate='2025-02-09T23:49:23.875758Z', individualDueDate=null', presentationScore=null}
    23:49:23.956 | 111 monPool-worker-1 | DEBUG | ingExerciseCodeReviewFeedbackService : Submission id: 1759
    23:49:23.956 | 111 monPool-worker-1 | DEBUG | a.s.AthenaFeedbackSuggestionsService : Start Athena 'Non Graded' Feedback Suggestions Service for Exercise '01210aad-a206-43c4-928b-d5542a328024' (#3781).
    23:49:23.957 | 111 monPool-worker-1 | DEBUG | d.t.c.a.a.a.service.AthenaConnector  : Calling Athena.
    23:49:23.958 | 111 monPool-worker-1 | DEBUG | d.t.c.a.a.a.service.AthenaConnector  : Finished remote call in 672µs
    23:49:23.958 | 111 monPool-worker-1 | INFO  | a.s.AthenaFeedbackSuggestionsService : Athena responded to 'Non Graded' feedback suggestions request: [ProgrammingFeedbackDTO[id=1, exerciseId=1, submissionId=1, title=Not so good, description=invoke infinite compression here, credits=-1.0, structuredGradingInstructionId=null, filePath=client.cpp, lineStart=3, lineEnd=4]]
    23:49:23.969 | 111 monPool-worker-1 | DEBUG | .c.s.m.InstanceMessageReceiveService : Received schedule participant score for exercise 3781 and participant 820 (result to be deleted: null)
    23:49:23.969 | 111 monPool-worker-1 | DEBUG | .a.s.ParticipantScoreScheduleService : Scheduled task for exercise 3781 and participant 820 at 2025-02-14T23:49:24.069727474Z[Etc/UTC].
    23:49:23.969 | 111 monPool-worker-1 | DEBUG | .a.a.p.s.ProgrammingMessagingService : Send result to client over websocket. Result: Result{id1079, completionDate=2025-02-14T23:49:23.959127735Z[Etc/UTC], successful=true, score=100.0, rated=true, assessmentType=AUTOMATIC_ATHENA, hasComplaint=null, testCaseCount=0, passedTestCaseCount=0, codeIssueCount=0}, Submission: [FAILED toString()], Participation: ProgrammingExerciseStudentParticipation{id=5795, repositoryUri='file:/tmp/testOriginRepo9874256749292596420/', buildPlanId='null', initializationState='INACTIVE', initializationDate='2025-02-09T23:49:23.875758Z', individualDueDate=null', presentationScore=null}

  Starting logs for ParticipationIntegrationTest > whenTextFeedbackRequestedAndNoSubmittedSubmission_thenFail()
    23:49:24.013 |  27 nPool-1-worker-1 | DEBUG | d.t.c.a.a.c.u.util.UserUtilService   : Generate 4 students...
    23:49:24.020 |  27 nPool-1-worker-1 | DEBUG | d.t.c.a.a.c.u.util.UserUtilService   : 4 students generated. Generate 1 tutors...
    23:49:24.022 |  27 nPool-1-worker-1 | DEBUG | d.t.c.a.a.c.u.util.UserUtilService   : 1 tutors generated. Generate 1 editors...
    23:49:24.025 |  27 nPool-1-worker-1 | DEBUG | d.t.c.a.a.c.u.util.UserUtilService   : 1 editors generated. Generate 1 instructors...
    23:49:24.028 |  27 nPool-1-worker-1 | DEBUG | d.t.c.a.a.c.u.util.UserUtilService   : 1 instructors generated
    23:49:24.029 |  27 nPool-1-worker-1 | DEBUG | d.t.c.a.a.c.u.util.UserUtilService   : Removing 6 users from all courses...
    23:49:24.030 |  27 nPool-1-worker-1 | DEBUG | d.t.c.a.a.c.u.util.UserUtilService   : Removing 6 users from all courses. Done
    23:49:24.030 |  27 nPool-1-worker-1 | DEBUG | d.t.c.a.a.c.u.util.UserUtilService   : Save 7 users to database...
    23:49:24.035 |  27 nPool-1-worker-1 | DEBUG | d.t.c.a.a.c.u.util.UserUtilService   : Save 7 users to database. Done
    23:49:24.046 |  27 nPool-1-worker-1 | INFO  | .c.a.a.c.s.TitleCacheEvictionService : Evicted entry '3782' from title cache 'exerciseTitle'
    23:49:24.091 |  27 nPool-1-worker-1 | INFO  | i.z.t.d.l.EmbeddedDatabaseReporter   : JDBC URL to connect to 'dataSource': url='jdbc:h2:tcp://localhost:41063/mem:736625c0-cf5e-400d-aeaa-8a7eabd6262b;USER=sa', scope='ParticipationIntegrationTest#whenTextFeedbackRequestedAndNoSubmittedSubmission_thenFail'
    23:49:24.093 |  27 nPool-1-worker-1 | DEBUG | d.t.c.a.a.c.s.f.ApiVersionFilter     : Adding Version to Request PUT /api/exercises/3783/request-feedback
    23:49:24.094 |  27 nPool-1-worker-1 | DEBUG | d.t.c.a.a.e.w.ParticipationResource  : REST request for feedback request: 3783
    23:49:24.099 |  27 nPool-1-worker-1 | ERROR | tech.jhipster.web.util.HeaderUtil    : Entity processing failed, You need to submit at least once
    23:49:24.099 |  27 nPool-1-worker-1 | WARN  | o.z.p.spring.common.AdviceTraits     : Bad Request: You need to submit at least once

  Starting logs for ParticipationIntegrationTest > requestFeedbackAlreadySent()
    23:49:24.133 |  27 nPool-1-worker-1 | DEBUG | d.t.c.a.a.c.u.util.UserUtilService   : Generate 4 students...
    23:49:24.140 |  27 nPool-1-worker-1 | DEBUG | d.t.c.a.a.c.u.util.UserUtilService   : 4 students generated. Generate 1 tutors...
    23:49:24.142 |  27 nPool-1-worker-1 | DEBUG | d.t.c.a.a.c.u.util.UserUtilService   : 1 tutors generated. Generate 1 editors...
    23:49:24.145 |  27 nPool-1-worker-1 | DEBUG | d.t.c.a.a.c.u.util.UserUtilService   : 1 editors generated. Generate 1 instructors...
    23:49:24.148 |  27 nPool-1-worker-1 | DEBUG | d.t.c.a.a.c.u.util.UserUtilService   : 1 instructors generated
    23:49:24.149 |  27 nPool-1-worker-1 | DEBUG | d.t.c.a.a.c.u.util.UserUtilService   : Removing 6 users from all courses...
    23:49:24.150 |  27 nPool-1-worker-1 | DEBUG | d.t.c.a.a.c.u.util.UserUtilService   : Removing 6 users from all courses. Done
    23:49:24.150 |  27 nPool-1-worker-1 | DEBUG | d.t.c.a.a.c.u.util.UserUtilService   : Save 7 users to database...
    23:49:24.155 |  27 nPool-1-worker-1 | DEBUG | d.t.c.a.a.c.u.util.UserUtilService   : Save 7 users to database. Done
    23:49:24.171 |  27 nPool-1-worker-1 | INFO  | .c.a.a.c.s.TitleCacheEvictionService : Evicted entry '3785' from title cache 'exerciseTitle'
    23:49:24.222 |  27 nPool-1-worker-1 | INFO  | i.z.t.d.l.EmbeddedDatabaseReporter   : JDBC URL to connect to 'dataSource': url='jdbc:h2:tcp://localhost:41063/mem:736625c0-cf5e-400d-aeaa-8a7eabd6262b;USER=sa', scope='ParticipationIntegrationTest#requestFeedbackAlreadySent'
    23:49:24.225 |  27 nPool-1-worker-1 | DEBUG | d.t.c.a.a.c.s.f.ApiVersionFilter     : Adding Version to Request PUT /api/exercises/3787/request-feedback
    23:49:24.226 |  27 nPool-1-worker-1 | DEBUG | d.t.c.a.a.e.w.ParticipationResource  : REST request for feedback request: 3787
    23:49:24.230 |  27 nPool-1-worker-1 | ERROR | tech.jhipster.web.util.HeaderUtil    : Entity processing failed, You need to submit at least once and have the build results
    23:49:24.230 |  27 nPool-1-worker-1 | WARN  | o.z.p.spring.common.AdviceTraits     : Bad Request: You need to submit at least once and have the build results

  Starting logs for ParticipationIntegrationTest > deleteParticipation_notFound()
    23:49:24.261 |  27 nPool-1-worker-1 | DEBUG | d.t.c.a.a.c.u.util.UserUtilService   : Generate 4 students...
    23:49:24.267 |  27 nPool-1-worker-1 | DEBUG | d.t.c.a.a.c.u.util.UserUtilService   : 4 students generated. Generate 1 tutors...
    23:49:24.269 |  27 nPool-1-worker-1 | DEBUG | d.t.c.a.a.c.u.util.UserUtilService   : 1 tutors generated. Generate 1 editors...
    23:49:24.271 |  27 nPool-1-worker-1 | DEBUG | d.t.c.a.a.c.u.util.UserUtilService   : 1 editors generated. Generate 1 instructors...
    23:49:24.273 |  27 nPool-1-worker-1 | DEBUG | d.t.c.a.a.c.u.util.UserUtilService   : 1 instructors generated
    23:49:24.274 |  27 nPool-1-worker-1 | DEBUG | d.t.c.a.a.c.u.util.UserUtilService   : Removing 6 users from all courses...
    23:49:24.275 |  27 nPool-1-worker-1 | DEBUG | d.t.c.a.a.c.u.util.UserUtilService   : Removing 6 users from all courses. Done
    23:49:24.275 |  27 nPool-1-worker-1 | DEBUG | d.t.c.a.a.c.u.util.UserUtilService   : Save 7 users to database...
    23:49:24.278 |  27 nPool-1-worker-1 | DEBUG | d.t.c.a.a.c.u.util.UserUtilService   : Save 7 users to database. Done
    23:49:24.289 |  27 nPool-1-worker-1 | INFO  | .c.a.a.c.s.TitleCacheEvictionService : Evicted entry '3788' from title cache 'exerciseTitle'
    23:49:24.334 |  27 nPool-1-worker-1 | INFO  | i.z.t.d.l.EmbeddedDatabaseReporter   : JDBC URL to connect to 'dataSource': url='jdbc:h2:tcp://localhost:41063/mem:736625c0-cf5e-400d-aeaa-8a7eabd6262b;USER=sa', scope='ParticipationIntegrationTest#deleteParticipation_notFound'
    23:49:24.334 |  27 nPool-1-worker-1 | DEBUG | d.t.c.a.a.c.s.f.ApiVersionFilter     : Adding Version to Request DELETE /api/participations/-1
    23:49:24.338 |  27 nPool-1-worker-1 | WARN  | o.z.p.spring.common.AdviceTraits     : Not Found: StudentParticipation with identifier: "-1" does not exist

  Starting logs for ParticipationIntegrationTest > getAllParticipationsForCourse_noInstructorInCourse()
    23:49:24.361 |  27 nPool-1-worker-1 | DEBUG | d.t.c.a.a.c.u.util.UserUtilService   : Generate 4 students...
    23:49:24.366 |  27 nPool-1-worker-1 | DEBUG | d.t.c.a.a.c.u.util.UserUtilService   : 4 students generated. Generate 1 tutors...
    23:49:24.368 |  27 nPool-1-worker-1 | DEBUG | d.t.c.a.a.c.u.util.UserUtilService   : 1 tutors generated. Generate 1 editors...
    23:49:24.370 |  27 nPool-1-worker-1 | DEBUG | d.t.c.a.a.c.u.util.UserUtilService   : 1 editors generated. Generate 1 instructors...
    23:49:24.372 |  27 nPool-1-worker-1 | DEBUG | d.t.c.a.a.c.u.util.UserUtilService   : 1 instructors generated
    23:49:24.374 |  27 nPool-1-worker-1 | DEBUG | d.t.c.a.a.c.u.util.UserUtilService   : Removing 6 users from all courses...
    23:49:24.374 |  27 nPool-1-worker-1 | DEBUG | d.t.c.a.a.c.u.util.UserUtilService   : Removing 6 users from all courses. Done
    23:49:24.374 |  27 nPool-1-worker-1 | DEBUG | d.t.c.a.a.c.u.util.UserUtilService   : Save 7 users to database...
    23:49:24.378 |  27 nPool-1-worker-1 | DEBUG | d.t.c.a.a.c.u.util.UserUtilService   : Save 7 users to database. Done
    23:49:24.388 |  27 nPool-1-worker-1 | INFO  | .c.a.a.c.s.TitleCacheEvictionService : Evicted entry '3791' from title cache 'exerciseTitle'
    23:49:24.433 |  27 nPool-1-worker-1 | INFO  | i.z.t.d.l.EmbeddedDatabaseReporter   : JDBC URL to connect to 'dataSource': url='jdbc:h2:tcp://localhost:41063/mem:736625c0-cf5e-400d-aeaa-8a7eabd6262b;USER=sa', scope='ParticipationIntegrationTest#getAllParticipationsForCourse_noInstructorInCourse'
    23:49:24.434 |  27 nPool-1-worker-1 | DEBUG | d.t.c.a.a.c.s.f.ApiVersionFilter     : Adding Version to Request GET /api/courses/2238/participations
    23:49:24.435 |  27 nPool-1-worker-1 | DEBUG | d.t.c.a.a.e.w.ParticipationResource  : REST request to get all Participations for Course 2238
    23:49:24.437 |  27 nPool-1-worker-1 | WARN  | o.z.p.spring.common.AdviceTraits     : Forbidden: You are not allowed to access the Course with id 2238

  Starting logs for ParticipationIntegrationTest > getParticipationByExerciseAndStudentLoginAnyStateForTeam()
    23:49:24.460 |  27 nPool-1-worker-1 | DEBUG | d.t.c.a.a.c.u.util.UserUtilService   : Generate 4 students...
    23:49:24.465 |  27 nPool-1-worker-1 | DEBUG | d.t.c.a.a.c.u.util.UserUtilService   : 4 students generated. Generate 1 tutors...
    23:49:24.467 |  27 nPool-1-worker-1 | DEBUG | d.t.c.a.a.c.u.util.UserUtilService   : 1 tutors generated. Generate 1 editors...
    23:49:24.469 |  27 nPool-1-worker-1 | DEBUG | d.t.c.a.a.c.u.util.UserUtilService   : 1 editors generated. Generate 1 instructors...
    23:49:24.471 |  27 nPool-1-worker-1 | DEBUG | d.t.c.a.a.c.u.util.UserUtilService   : 1 instructors generated
    23:49:24.473 |  27 nPool-1-worker-1 | DEBUG | d.t.c.a.a.c.u.util.UserUtilService   : Removing 6 users from all courses...
    23:49:24.473 |  27 nPool-1-worker-1 | DEBUG | d.t.c.a.a.c.u.util.UserUtilService   : Removing 6 users from all courses. Done
    23:49:24.473 |  27 nPool-1-worker-1 | DEBUG | d.t.c.a.a.c.u.util.UserUtilService   : Save 7 users to database...
    23:49:24.476 |  27 nPool-1-worker-1 | DEBUG | d.t.c.a.a.c.u.util.UserUtilService   : Save 7 users to database. Done
    23:49:24.487 |  27 nPool-1-worker-1 | INFO  | .c.a.a.c.s.TitleCacheEvictionService : Evicted entry '3794' from title cache 'exerciseTitle'
    23:49:24.532 |  27 nPool-1-worker-1 | INFO  | i.z.t.d.l.EmbeddedDatabaseReporter   : JDBC URL to connect to 'dataSource': url='jdbc:h2:tcp://localhost:41063/mem:736625c0-cf5e-400d-aeaa-8a7eabd6262b;USER=sa', scope='ParticipationIntegrationTest#getParticipationByExerciseAndStudentLoginAnyStateForTeam'
    23:49:24.541 |  27 nPool-1-worker-1 | DEBUG | d.t.c.a.a.c.s.f.ApiVersionFilter     : Adding Version to Request GET /api/exercises/3797/participation
    23:49:24.542 |  27 nPool-1-worker-1 | DEBUG | d.t.c.a.a.e.w.ParticipationResource  : REST request to get Participation for Exercise : 3797

  Starting logs for ParticipationIntegrationTest > deleteParticipation()
    23:49:24.573 |  27 nPool-1-worker-1 | DEBUG | d.t.c.a.a.c.u.util.UserUtilService   : Generate 4 students...
    23:49:24.578 |  27 nPool-1-worker-1 | DEBUG | d.t.c.a.a.c.u.util.UserUtilService   : 4 students generated. Generate 1 tutors...
    23:49:24.580 |  27 nPool-1-worker-1 | DEBUG | d.t.c.a.a.c.u.util.UserUtilService   : 1 tutors generated. Generate 1 editors...
    23:49:24.582 |  27 nPool-1-worker-1 | DEBUG | d.t.c.a.a.c.u.util.UserUtilService   : 1 editors generated. Generate 1 instructors...
    23:49:24.584 |  27 nPool-1-worker-1 | DEBUG | d.t.c.a.a.c.u.util.UserUtilService   : 1 instructors generated
    23:49:24.585 |  27 nPool-1-worker-1 | DEBUG | d.t.c.a.a.c.u.util.UserUtilService   : Removing 6 users from all courses...
    23:49:24.586 |  27 nPool-1-worker-1 | DEBUG | d.t.c.a.a.c.u.util.UserUtilService   : Removing 6 users from all courses. Done
    23:49:24.586 |  27 nPool-1-worker-1 | DEBUG | d.t.c.a.a.c.u.util.UserUtilService   : Save 7 users to database...
    23:49:24.589 |  27 nPool-1-worker-1 | DEBUG | d.t.c.a.a.c.u.util.UserUtilService   : Save 7 users to database. Done
    23:49:24.599 |  27 nPool-1-worker-1 | INFO  | .c.a.a.c.s.TitleCacheEvictionService : Evicted entry '3798' from title cache 'exerciseTitle'
    23:49:24.644 |  27 nPool-1-worker-1 | INFO  | i.z.t.d.l.EmbeddedDatabaseReporter   : JDBC URL to connect to 'dataSource': url='jdbc:h2:tcp://localhost:41063/mem:736625c0-cf5e-400d-aeaa-8a7eabd6262b;USER=sa', scope='ParticipationIntegrationTest#deleteParticipation'
    23:49:24.657 |  27 nPool-1-worker-1 | DEBUG | .c.s.m.InstanceMessageReceiveService : Received schedule participant score for exercise 3798 and participant 820 (result to be deleted: null)
    23:49:24.657 |  27 nPool-1-worker-1 | DEBUG | .a.s.ParticipantScoreScheduleService : Scheduled task for exercise 3798 and participant 820 at 2025-02-14T23:49:24.757257459Z[Etc/UTC].
    23:49:24.665 |  27 nPool-1-worker-1 | DEBUG | .c.s.m.InstanceMessageReceiveService : Received schedule participant score for exercise 3798 and participant 820 (result to be deleted: null)
    23:49:24.665 |  27 nPool-1-worker-1 | DEBUG | .a.s.ParticipantScoreScheduleService : Scheduled task for exercise 3798 and participant 820 at 2025-02-14T23:49:24.765747151Z[Etc/UTC].
    23:49:24.670 |  27 nPool-1-worker-1 | DEBUG | d.t.c.a.a.c.s.f.ApiVersionFilter     : Adding Version to Request DELETE /api/participations/5799
    23:49:24.671 |  27 nPool-1-worker-1 | INFO  | d.t.c.a.a.e.w.ParticipationResource  : Delete Participation 5799 of exercise UML Class Diagram for participationintegrationstudent1First participationintegrationstudent1Last, deleteBuildPlan: false, deleteRepository: false by participationintegrationinstructor1
    23:49:24.672 |  27 nPool-1-worker-1 | INFO  | d.t.c.a.a.e.s.ParticipationService   : Request to delete Participation : StudentParticipation{id=5799, presentationScore=null, student=User{login='participationintegrationstudent1', firstName='participationintegrationstudent1First', lastName='participationintegrationstudent1Last', email='participationintegrationstudent1@test.de', imageUrl='null', activated='true', langKey='en', activationKey='null'}}
    23:49:24.672 |  27 nPool-1-worker-1 | DEBUG | d.t.c.a.a.e.s.ParticipationService   : Request to delete all results and submissions of participation with id : 5799
    23:49:24.673 |  27 nPool-1-worker-1 | DEBUG | d.t.c.a.a.a.service.ResultService    : Delete result 1080
    23:49:24.673 |  27 nPool-1-worker-1 | DEBUG | d.t.c.a.a.a.service.ResultService    : Delete result references 1080

  Starting logs for ParticipationIntegrationTest > updateIndividualDueDateUnchanged()
    23:49:24.702 |  27 nPool-1-worker-1 | DEBUG | d.t.c.a.a.c.u.util.UserUtilService   : Generate 4 students...
    23:49:24.707 |  27 nPool-1-worker-1 | DEBUG | d.t.c.a.a.c.u.util.UserUtilService   : 4 students generated. Generate 1 tutors...
    23:49:24.709 |  27 nPool-1-worker-1 | DEBUG | d.t.c.a.a.c.u.util.UserUtilService   : 1 tutors generated. Generate 1 editors...
    23:49:24.711 |  27 nPool-1-worker-1 | DEBUG | d.t.c.a.a.c.u.util.UserUtilService   : 1 editors generated. Generate 1 instructors...
    23:49:24.713 |  27 nPool-1-worker-1 | DEBUG | d.t.c.a.a.c.u.util.UserUtilService   : 1 instructors generated
    23:49:24.714 |  27 nPool-1-worker-1 | DEBUG | d.t.c.a.a.c.u.util.UserUtilService   : Removing 6 users from all courses...
    23:49:24.715 |  27 nPool-1-worker-1 | DEBUG | d.t.c.a.a.c.u.util.UserUtilService   : Removing 6 users from all courses. Done
    23:49:24.715 |  27 nPool-1-worker-1 | DEBUG | d.t.c.a.a.c.u.util.UserUtilService   : Save 7 users to database...
    23:49:24.718 |  27 nPool-1-worker-1 | DEBUG | d.t.c.a.a.c.u.util.UserUtilService   : Save 7 users to database. Done
    23:49:24.729 |  27 nPool-1-worker-1 | INFO  | .c.a.a.c.s.TitleCacheEvictionService : Evicted entry '3801' from title cache 'exerciseTitle'
    23:49:24.773 |  27 nPool-1-worker-1 | INFO  | i.z.t.d.l.EmbeddedDatabaseReporter   : JDBC URL to connect to 'dataSource': url='jdbc:h2:tcp://localhost:41063/mem:736625c0-cf5e-400d-aeaa-8a7eabd6262b;USER=sa', scope='ParticipationIntegrationTest#updateIndividualDueDateUnchanged'
    23:49:24.786 |  27 nPool-1-worker-1 | DEBUG | PersonalAccessTokenManagementService : Generate secure vcs access token
    23:49:24.789 |  27 nPool-1-worker-1 | DEBUG | d.t.c.a.a.c.s.f.ApiVersionFilter     : Adding Version to Request PUT /api/exercises/3804/participations/update-individual-due-date

  Starting logs for ParticipationIntegrationTest > getParticipationByExerciseAndStudentIdWithEagerSubmissionsForTeam()
    23:49:24.816 |  27 nPool-1-worker-1 | DEBUG | d.t.c.a.a.c.u.util.UserUtilService   : Generate 4 students...
    23:49:24.821 |  27 nPool-1-worker-1 | DEBUG | d.t.c.a.a.c.u.util.UserUtilService   : 4 students generated. Generate 1 tutors...
    23:49:24.823 |  27 nPool-1-worker-1 | DEBUG | d.t.c.a.a.c.u.util.UserUtilService   : 1 tutors generated. Generate 1 editors...
    23:49:24.825 |  27 nPool-1-worker-1 | DEBUG | d.t.c.a.a.c.u.util.UserUtilService   : 1 editors generated. Generate 1 instructors...
    23:49:24.827 |  27 nPool-1-worker-1 | DEBUG | d.t.c.a.a.c.u.util.UserUtilService   : 1 instructors generated
    23:49:24.828 |  27 nPool-1-worker-1 | DEBUG | d.t.c.a.a.c.u.util.UserUtilService   : Removing 6 users from all courses...
    23:49:24.828 |  27 nPool-1-worker-1 | DEBUG | d.t.c.a.a.c.u.util.UserUtilService   : Removing 6 users from all courses. Done
    23:49:24.828 |  27 nPool-1-worker-1 | DEBUG | d.t.c.a.a.c.u.util.UserUtilService   : Save 7 users to database...
    23:49:24.831 |  27 nPool-1-worker-1 | DEBUG | d.t.c.a.a.c.u.util.UserUtilService   : Save 7 users to database. Done
    23:49:24.842 |  27 nPool-1-worker-1 | INFO  | .c.a.a.c.s.TitleCacheEvictionService : Evicted entry '3805' from title cache 'exerciseTitle'
    23:49:24.888 |  27 nPool-1-worker-1 | INFO  | i.z.t.d.l.EmbeddedDatabaseReporter   : JDBC URL to connect to 'dataSource': url='jdbc:h2:tcp://localhost:41063/mem:736625c0-cf5e-400d-aeaa-8a7eabd6262b;USER=sa', scope='ParticipationIntegrationTest#getParticipationByExerciseAndStudentIdWithEagerSubmissionsForTeam'
    23:49:24.901 |  27 nPool-1-worker-1 | DEBUG | d.t.c.a.a.c.s.f.ApiVersionFilter     : Adding Version to Request GET /api/exercises/3808/participation
    23:49:24.902 |  27 nPool-1-worker-1 | DEBUG | d.t.c.a.a.e.w.ParticipationResource  : REST request to get Participation for Exercise : 3808

  Starting logs for ParticipationIntegrationTest > getParticipationWithLatestResult()
    23:49:24.929 |  27 nPool-1-worker-1 | DEBUG | d.t.c.a.a.c.u.util.UserUtilService   : Generate 4 students...
    23:49:24.934 |  27 nPool-1-worker-1 | DEBUG | d.t.c.a.a.c.u.util.UserUtilService   : 4 students generated. Generate 1 tutors...
    23:49:24.936 |  27 nPool-1-worker-1 | DEBUG | d.t.c.a.a.c.u.util.UserUtilService   : 1 tutors generated. Generate 1 editors...
    23:49:24.938 |  27 nPool-1-worker-1 | DEBUG | d.t.c.a.a.c.u.util.UserUtilService   : 1 editors generated. Generate 1 instructors...
    23:49:24.940 |  27 nPool-1-worker-1 | DEBUG | d.t.c.a.a.c.u.util.UserUtilService   : 1 instructors generated
    23:49:24.942 |  27 nPool-1-worker-1 | DEBUG | d.t.c.a.a.c.u.util.UserUtilService   : Removing 6 users from all courses...
    23:49:24.942 |  27 nPool-1-worker-1 | DEBUG | d.t.c.a.a.c.u.util.UserUtilService   : Removing 6 users from all courses. Done
    23:49:24.942 |  27 nPool-1-worker-1 | DEBUG | d.t.c.a.a.c.u.util.UserUtilService   : Save 7 users to database...
    23:49:24.945 |  27 nPool-1-worker-1 | DEBUG | d.t.c.a.a.c.u.util.UserUtilService   : Save 7 users to database. Done
    23:49:24.956 |  27 nPool-1-worker-1 | INFO  | .c.a.a.c.s.TitleCacheEvictionService : Evicted entry '3809' from title cache 'exerciseTitle'
    23:49:25.004 |  27 nPool-1-worker-1 | INFO  | i.z.t.d.l.EmbeddedDatabaseReporter   : JDBC URL to connect to 'dataSource': url='jdbc:h2:tcp://localhost:41063/mem:736625c0-cf5e-400d-aeaa-8a7eabd6262b;USER=sa', scope='ParticipationIntegrationTest#getParticipationWithLatestResult'
    23:49:25.008 |  27 nPool-1-worker-1 | DEBUG | .c.s.m.InstanceMessageReceiveService : Received schedule participant score for exercise 3810 and participant 820 (result to be deleted: null)
    23:49:25.008 |  27 nPool-1-worker-1 | DEBUG | .a.s.ParticipantScoreScheduleService : Scheduled task for exercise 3810 and participant 820 at 2025-02-14T23:49:25.108064688Z[Etc/UTC].
    23:49:25.008 |  27 nPool-1-worker-1 | DEBUG | .c.s.m.InstanceMessageReceiveService : Received schedule participant score for exercise 3810 and participant 820 (result to be deleted: null)
    23:49:25.008 |  27 nPool-1-worker-1 | DEBUG | .a.s.ParticipantScoreScheduleService : Scheduled task for exercise 3810 and participant 820 at 2025-02-14T23:49:25.108491624Z[Etc/UTC].
    23:49:25.009 |  27 nPool-1-worker-1 | DEBUG | d.t.c.a.a.c.s.f.ApiVersionFilter     : Adding Version to Request GET /api/participations/5804/with-latest-result
    23:49:25.009 |  27 nPool-1-worker-1 | DEBUG | d.t.c.a.a.e.w.ParticipationResource  : REST request to get Participation : 5804

  Starting logs for ParticipationIntegrationTest > updateIndividualDueDateExamExercise()
    23:49:25.037 |  27 nPool-1-worker-1 | DEBUG | d.t.c.a.a.c.u.util.UserUtilService   : Generate 4 students...
    23:49:25.042 |  27 nPool-1-worker-1 | DEBUG | d.t.c.a.a.c.u.util.UserUtilService   : 4 students generated. Generate 1 tutors...
    23:49:25.044 |  27 nPool-1-worker-1 | DEBUG | d.t.c.a.a.c.u.util.UserUtilService   : 1 tutors generated. Generate 1 editors...
    23:49:25.046 |  27 nPool-1-worker-1 | DEBUG | d.t.c.a.a.c.u.util.UserUtilService   : 1 editors generated. Generate 1 instructors...
    23:49:25.048 |  27 nPool-1-worker-1 | DEBUG | d.t.c.a.a.c.u.util.UserUtilService   : 1 instructors generated
    23:49:25.049 |  27 nPool-1-worker-1 | DEBUG | d.t.c.a.a.c.u.util.UserUtilService   : Removing 6 users from all courses...
    23:49:25.050 |  27 nPool-1-worker-1 | DEBUG | d.t.c.a.a.c.u.util.UserUtilService   : Removing 6 users from all courses. Done
    23:49:25.050 |  27 nPool-1-worker-1 | DEBUG | d.t.c.a.a.c.u.util.UserUtilService   : Save 7 users to database...
    23:49:25.053 |  27 nPool-1-worker-1 | DEBUG | d.t.c.a.a.c.u.util.UserUtilService   : Save 7 users to database. Done
    23:49:25.064 |  27 nPool-1-worker-1 | INFO  | .c.a.a.c.s.TitleCacheEvictionService : Evicted entry '3812' from title cache 'exerciseTitle'
    23:49:25.109 |  27 nPool-1-worker-1 | INFO  | i.z.t.d.l.EmbeddedDatabaseReporter   : JDBC URL to connect to 'dataSource': url='jdbc:h2:tcp://localhost:41063/mem:736625c0-cf5e-400d-aeaa-8a7eabd6262b;USER=sa', scope='ParticipationIntegrationTest#updateIndividualDueDateExamExercise'
    23:49:25.115 |  27 nPool-1-worker-1 | DEBUG | d.t.c.a.a.c.s.f.ApiVersionFilter     : Adding Version to Request PUT /api/exercises/3815/participations/update-individual-due-date
    23:49:25.118 |  27 nPool-1-worker-1 | ERROR | tech.jhipster.web.util.HeaderUtil    : Entity processing failed, Cannot set individual due dates for exam exercises
    23:49:25.118 |  27 nPool-1-worker-1 | WARN  | o.z.p.spring.common.AdviceTraits     : Bad Request: Cannot set individual due dates for exam exercises

  Starting logs for ParticipationIntegrationTest > getParticipation_quizExerciseFinished(QuizMode) [1] quizMode=SYNCHRONIZED
    23:49:25.142 |  27 nPool-1-worker-1 | DEBUG | d.t.c.a.a.c.u.util.UserUtilService   : Generate 4 students...
    23:49:25.147 |  27 nPool-1-worker-1 | DEBUG | d.t.c.a.a.c.u.util.UserUtilService   : 4 students generated. Generate 1 tutors...
    23:49:25.149 |  27 nPool-1-worker-1 | DEBUG | d.t.c.a.a.c.u.util.UserUtilService   : 1 tutors generated. Generate 1 editors...
    23:49:25.151 |  27 nPool-1-worker-1 | DEBUG | d.t.c.a.a.c.u.util.UserUtilService   : 1 editors generated. Generate 1 instructors...
    23:49:25.153 |  27 nPool-1-worker-1 | DEBUG | d.t.c.a.a.c.u.util.UserUtilService   : 1 instructors generated
    23:49:25.154 |  27 nPool-1-worker-1 | DEBUG | d.t.c.a.a.c.u.util.UserUtilService   : Removing 6 users from all courses...
    23:49:25.155 |  27 nPool-1-worker-1 | DEBUG | d.t.c.a.a.c.u.util.UserUtilService   : Removing 6 users from all courses. Done
    23:49:25.155 |  27 nPool-1-worker-1 | DEBUG | d.t.c.a.a.c.u.util.UserUtilService   : Save 7 users to database...
    23:49:25.158 |  27 nPool-1-worker-1 | DEBUG | d.t.c.a.a.c.u.util.UserUtilService   : Save 7 users to database. Done
    23:49:25.169 |  27 nPool-1-worker-1 | INFO  | .c.a.a.c.s.TitleCacheEvictionService : Evicted entry '3816' from title cache 'exerciseTitle'
    23:49:25.218 |  27 nPool-1-worker-1 | INFO  | i.z.t.d.l.EmbeddedDatabaseReporter   : JDBC URL to connect to 'dataSource': url='jdbc:h2:tcp://localhost:41063/mem:736625c0-cf5e-400d-aeaa-8a7eabd6262b;USER=sa', scope='ParticipationIntegrationTest#getParticipation_quizExerciseFinished'
    23:49:25.232 |  27 nPool-1-worker-1 | DEBUG | .c.s.m.InstanceMessageReceiveService : Received schedule participant score for exercise 3819 and participant 820 (result to be deleted: null)
    23:49:25.232 |  27 nPool-1-worker-1 | DEBUG | .a.s.ParticipantScoreScheduleService : Scheduled task for exercise 3819 and participant 820 at 2025-02-14T23:49:25.332340571Z[Etc/UTC].
    23:49:25.241 |  27 nPool-1-worker-1 | DEBUG | .c.s.m.InstanceMessageReceiveService : Received schedule participant score for exercise 3819 and participant 820 (result to be deleted: null)
    23:49:25.241 |  27 nPool-1-worker-1 | DEBUG | .a.s.ParticipantScoreScheduleService : Scheduled task for exercise 3819 and participant 820 at 2025-02-14T23:49:25.341614316Z[Etc/UTC].
    23:49:25.242 |  27 nPool-1-worker-1 | DEBUG | d.t.c.a.a.c.s.f.ApiVersionFilter     : Adding Version to Request GET /api/exercises/3819/participation
    23:49:25.243 |  27 nPool-1-worker-1 | DEBUG | d.t.c.a.a.e.w.ParticipationResource  : REST request to get Participation for Exercise : 3819

  Starting logs for ParticipationIntegrationTest > getParticipation_quizExerciseFinished(QuizMode) [2] quizMode=BATCHED
    23:49:25.275 |  27 nPool-1-worker-1 | DEBUG | d.t.c.a.a.c.u.util.UserUtilService   : Generate 4 students...
    23:49:25.280 |  27 nPool-1-worker-1 | DEBUG | d.t.c.a.a.c.u.util.UserUtilService   : 4 students generated. Generate 1 tutors...
    23:49:25.282 |  27 nPool-1-worker-1 | DEBUG | d.t.c.a.a.c.u.util.UserUtilService   : 1 tutors generated. Generate 1 editors...
    23:49:25.285 |  27 nPool-1-worker-1 | DEBUG | d.t.c.a.a.c.u.util.UserUtilService   : 1 editors generated. Generate 1 instructors...
    23:49:25.287 |  27 nPool-1-worker-1 | DEBUG | d.t.c.a.a.c.u.util.UserUtilService   : 1 instructors generated
    23:49:25.288 |  27 nPool-1-worker-1 | DEBUG | d.t.c.a.a.c.u.util.UserUtilService   : Removing 6 users from all courses...
    23:49:25.289 |  27 nPool-1-worker-1 | DEBUG | d.t.c.a.a.c.u.util.UserUtilService   : Removing 6 users from all courses. Done
    23:49:25.289 |  27 nPool-1-worker-1 | DEBUG | d.t.c.a.a.c.u.util.UserUtilService   : Save 7 users to database...
    23:49:25.292 |  27 nPool-1-worker-1 | DEBUG | d.t.c.a.a.c.u.util.UserUtilService   : Save 7 users to database. Done
    23:49:25.303 |  27 nPool-1-worker-1 | INFO  | .c.a.a.c.s.TitleCacheEvictionService : Evicted entry '3820' from title cache 'exerciseTitle'
    23:49:25.353 |  27 nPool-1-worker-1 | INFO  | i.z.t.d.l.EmbeddedDatabaseReporter   : JDBC URL to connect to 'dataSource': url='jdbc:h2:tcp://localhost:41063/mem:736625c0-cf5e-400d-aeaa-8a7eabd6262b;USER=sa', scope='ParticipationIntegrationTest#getParticipation_quizExerciseFinished'
    23:49:25.367 |  27 nPool-1-worker-1 | DEBUG | .c.s.m.InstanceMessageReceiveService : Received schedule participant score for exercise 3823 and participant 820 (result to be deleted: null)
    23:49:25.367 |  27 nPool-1-worker-1 | DEBUG | .a.s.ParticipantScoreScheduleService : Scheduled task for exercise 3823 and participant 820 at 2025-02-14T23:49:25.467067374Z[Etc/UTC].
    23:49:25.376 |  27 nPool-1-worker-1 | DEBUG | .c.s.m.InstanceMessageReceiveService : Received schedule participant score for exercise 3823 and participant 820 (result to be deleted: null)
    23:49:25.376 |  27 nPool-1-worker-1 | DEBUG | .a.s.ParticipantScoreScheduleService : Scheduled task for exercise 3823 and participant 820 at 2025-02-14T23:49:25.476612876Z[Etc/UTC].
    23:49:25.377 |  27 nPool-1-worker-1 | DEBUG | d.t.c.a.a.c.s.f.ApiVersionFilter     : Adding Version to Request GET /api/exercises/3823/participation
    23:49:25.377 |  27 nPool-1-worker-1 | DEBUG | d.t.c.a.a.e.w.ParticipationResource  : REST request to get Participation for Exercise : 3823

  Starting logs for ParticipationIntegrationTest > getParticipation_quizExerciseFinished(QuizMode) [3] quizMode=INDIVIDUAL
    23:49:25.406 |  27 nPool-1-worker-1 | DEBUG | d.t.c.a.a.c.u.util.UserUtilService   : Generate 4 students...
    23:49:25.411 |  27 nPool-1-worker-1 | DEBUG | d.t.c.a.a.c.u.util.UserUtilService   : 4 students generated. Generate 1 tutors...
    23:49:25.413 |  27 nPool-1-worker-1 | DEBUG | d.t.c.a.a.c.u.util.UserUtilService   : 1 tutors generated. Generate 1 editors...
    23:49:25.415 |  27 nPool-1-worker-1 | DEBUG | d.t.c.a.a.c.u.util.UserUtilService   : 1 editors generated. Generate 1 instructors...
    23:49:25.417 |  27 nPool-1-worker-1 | DEBUG | d.t.c.a.a.c.u.util.UserUtilService   : 1 instructors generated
    23:49:25.418 |  27 nPool-1-worker-1 | DEBUG | d.t.c.a.a.c.u.util.UserUtilService   : Removing 6 users from all courses...
    23:49:25.419 |  27 nPool-1-worker-1 | DEBUG | d.t.c.a.a.c.u.util.UserUtilService   : Removing 6 users from all courses. Done
    23:49:25.419 |  27 nPool-1-worker-1 | DEBUG | d.t.c.a.a.c.u.util.UserUtilService   : Save 7 users to database...
    23:49:25.422 |  27 nPool-1-worker-1 | DEBUG | d.t.c.a.a.c.u.util.UserUtilService   : Save 7 users to database. Done
    23:49:25.433 |  27 nPool-1-worker-1 | INFO  | .c.a.a.c.s.TitleCacheEvictionService : Evicted entry '3824' from title cache 'exerciseTitle'
    23:49:25.482 |  27 nPool-1-worker-1 | INFO  | i.z.t.d.l.EmbeddedDatabaseReporter   : JDBC URL to connect to 'dataSource': url='jdbc:h2:tcp://localhost:41063/mem:736625c0-cf5e-400d-aeaa-8a7eabd6262b;USER=sa', scope='ParticipationIntegrationTest#getParticipation_quizExerciseFinished'
    23:49:25.495 |  27 nPool-1-worker-1 | DEBUG | .c.s.m.InstanceMessageReceiveService : Received schedule participant score for exercise 3827 and participant 820 (result to be deleted: null)
    23:49:25.495 |  27 nPool-1-worker-1 | DEBUG | .a.s.ParticipantScoreScheduleService : Scheduled task for exercise 3827 and participant 820 at 2025-02-14T23:49:25.595865079Z[Etc/UTC].
    23:49:25.505 |  27 nPool-1-worker-1 | DEBUG | .c.s.m.InstanceMessageReceiveService : Received schedule participant score for exercise 3827 and participant 820 (result to be deleted: null)
    23:49:25.505 |  27 nPool-1-worker-1 | DEBUG | .a.s.ParticipantScoreScheduleService : Scheduled task for exercise 3827 and participant 820 at 2025-02-14T23:49:25.605090484Z[Etc/UTC].
    23:49:25.506 |  27 nPool-1-worker-1 | DEBUG | d.t.c.a.a.c.s.f.ApiVersionFilter     : Adding Version to Request GET /api/exercises/3827/participation
    23:49:25.506 |  27 nPool-1-worker-1 | DEBUG | d.t.c.a.a.e.w.ParticipationResource  : REST request to get Participation for Exercise : 3827

  Starting logs for ParticipationIntegrationTest > getParticipationByExerciseAndStudentLoginAnyStateWithEagerResultsForTeam()
    23:49:25.534 |  27 nPool-1-worker-1 | DEBUG | d.t.c.a.a.c.u.util.UserUtilService   : Generate 4 students...
    23:49:25.539 |  27 nPool-1-worker-1 | DEBUG | d.t.c.a.a.c.u.util.UserUtilService   : 4 students generated. Generate 1 tutors...
    23:49:25.541 |  27 nPool-1-worker-1 | DEBUG | d.t.c.a.a.c.u.util.UserUtilService   : 1 tutors generated. Generate 1 editors...
    23:49:25.544 |  27 nPool-1-worker-1 | DEBUG | d.t.c.a.a.c.u.util.UserUtilService   : 1 editors generated. Generate 1 instructors...
    23:49:25.546 |  27 nPool-1-worker-1 | DEBUG | d.t.c.a.a.c.u.util.UserUtilService   : 1 instructors generated
    23:49:25.547 |  27 nPool-1-worker-1 | DEBUG | d.t.c.a.a.c.u.util.UserUtilService   : Removing 6 users from all courses...
    23:49:25.547 |  27 nPool-1-worker-1 | DEBUG | d.t.c.a.a.c.u.util.UserUtilService   : Removing 6 users from all courses. Done
    23:49:25.547 |  27 nPool-1-worker-1 | DEBUG | d.t.c.a.a.c.u.util.UserUtilService   : Save 7 users to database...
    23:49:25.550 |  27 nPool-1-worker-1 | DEBUG | d.t.c.a.a.c.u.util.UserUtilService   : Save 7 users to database. Done
    23:49:25.561 |  27 nPool-1-worker-1 | INFO  | .c.a.a.c.s.TitleCacheEvictionService : Evicted entry '3828' from title cache 'exerciseTitle'
    23:49:25.605 |  27 nPool-1-worker-1 | INFO  | i.z.t.d.l.EmbeddedDatabaseReporter   : JDBC URL to connect to 'dataSource': url='jdbc:h2:tcp://localhost:41063/mem:736625c0-cf5e-400d-aeaa-8a7eabd6262b;USER=sa', scope='ParticipationIntegrationTest#getParticipationByExerciseAndStudentLoginAnyStateWithEagerResultsForTeam'
    23:49:25.615 |  27 nPool-1-worker-1 | DEBUG | d.t.c.a.a.c.s.f.ApiVersionFilter     : Adding Version to Request GET /api/exercises/3831/participation
    23:49:25.615 |  27 nPool-1-worker-1 | DEBUG | d.t.c.a.a.e.w.ParticipationResource  : REST request to get Participation for Exercise : 3831

  Starting logs for ParticipationIntegrationTest > updateParticipation()
    23:49:25.643 |  27 nPool-1-worker-1 | DEBUG | d.t.c.a.a.c.u.util.UserUtilService   : Generate 4 students...
    23:49:25.648 |  27 nPool-1-worker-1 | DEBUG | d.t.c.a.a.c.u.util.UserUtilService   : 4 students generated. Generate 1 tutors...
    23:49:25.650 |  27 nPool-1-worker-1 | DEBUG | d.t.c.a.a.c.u.util.UserUtilService   : 1 tutors generated. Generate 1 editors...
    23:49:25.652 |  27 nPool-1-worker-1 | DEBUG | d.t.c.a.a.c.u.util.UserUtilService   : 1 editors generated. Generate 1 instructors...
    23:49:25.654 |  27 nPool-1-worker-1 | DEBUG | d.t.c.a.a.c.u.util.UserUtilService   : 1 instructors generated
    23:49:25.655 |  27 nPool-1-worker-1 | DEBUG | d.t.c.a.a.c.u.util.UserUtilService   : Removing 6 users from all courses...
    23:49:25.656 |  27 nPool-1-worker-1 | DEBUG | d.t.c.a.a.c.u.util.UserUtilService   : Removing 6 users from all courses. Done
    23:49:25.656 |  27 nPool-1-worker-1 | DEBUG | d.t.c.a.a.c.u.util.UserUtilService   : Save 7 users to database...
    23:49:25.659 |  27 nPool-1-worker-1 | DEBUG | d.t.c.a.a.c.u.util.UserUtilService   : Save 7 users to database. Done
    23:49:25.670 |  27 nPool-1-worker-1 | INFO  | .c.a.a.c.s.TitleCacheEvictionService : Evicted entry '3832' from title cache 'exerciseTitle'
    23:49:25.714 |  27 nPool-1-worker-1 | INFO  | i.z.t.d.l.EmbeddedDatabaseReporter   : JDBC URL to connect to 'dataSource': url='jdbc:h2:tcp://localhost:41063/mem:736625c0-cf5e-400d-aeaa-8a7eabd6262b;USER=sa', scope='ParticipationIntegrationTest#updateParticipation'
    23:49:25.717 |  27 nPool-1-worker-1 | DEBUG | d.t.c.a.a.c.s.f.ApiVersionFilter     : Adding Version to Request PUT /api/exercises/3833/participations
    23:49:25.718 |  27 nPool-1-worker-1 | DEBUG | d.t.c.a.a.e.w.ParticipationResource  : REST request to update Participation : StudentParticipation{id=5810, presentationScore=null, student=User{login='participationintegrationstudent1', firstName='participationintegrationstudent1First', lastName='participationintegrationstudent1Last', email='participationintegrationstudent1@test.de', imageUrl='null', activated='true', langKey='en', activationKey='null'}}
    23:49:25.720 |  27 nPool-1-worker-1 | INFO  | d.t.c.a.a.e.w.ParticipationResource  : participationintegrationtutor1 removed the presentation score of participationintegrationstudent1 for exercise with participationId 3833

  Starting logs for ParticipationIntegrationTest > participateInTextExercise_notStudentInCourse()
    23:49:25.746 |  27 nPool-1-worker-1 | DEBUG | d.t.c.a.a.c.u.util.UserUtilService   : Generate 4 students...
    23:49:25.751 |  27 nPool-1-worker-1 | DEBUG | d.t.c.a.a.c.u.util.UserUtilService   : 4 students generated. Generate 1 tutors...
    23:49:25.753 |  27 nPool-1-worker-1 | DEBUG | d.t.c.a.a.c.u.util.UserUtilService   : 1 tutors generated. Generate 1 editors...
    23:49:25.755 |  27 nPool-1-worker-1 | DEBUG | d.t.c.a.a.c.u.util.UserUtilService   : 1 editors generated. Generate 1 instructors...
    23:49:25.757 |  27 nPool-1-worker-1 | DEBUG | d.t.c.a.a.c.u.util.UserUtilService   : 1 instructors generated
    23:49:25.758 |  27 nPool-1-worker-1 | DEBUG | d.t.c.a.a.c.u.util.UserUtilService   : Removing 6 users from all courses...
    23:49:25.759 |  27 nPool-1-worker-1 | DEBUG | d.t.c.a.a.c.u.util.UserUtilService   : Removing 6 users from all courses. Done
    23:49:25.759 |  27 nPool-1-worker-1 | DEBUG | d.t.c.a.a.c.u.util.UserUtilService   : Save 7 users to database...
    23:49:25.762 |  27 nPool-1-worker-1 | DEBUG | d.t.c.a.a.c.u.util.UserUtilService   : Save 7 users to database. Done
    23:49:25.773 |  27 nPool-1-worker-1 | INFO  | .c.a.a.c.s.TitleCacheEvictionService : Evicted entry '3835' from title cache 'exerciseTitle'
    23:49:25.817 |  27 nPool-1-worker-1 | INFO  | i.z.t.d.l.EmbeddedDatabaseReporter   : JDBC URL to connect to 'dataSource': url='jdbc:h2:tcp://localhost:41063/mem:736625c0-cf5e-400d-aeaa-8a7eabd6262b;USER=sa', scope='ParticipationIntegrationTest#participateInTextExercise_notStudentInCourse'
    23:49:25.817 |  27 nPool-1-worker-1 | DEBUG | d.t.c.a.a.c.s.f.ApiVersionFilter     : Adding Version to Request POST /api/exercises/3836/participations
    23:49:25.819 |  27 nPool-1-worker-1 | WARN  | o.z.p.spring.common.AdviceTraits     : Forbidden: You are not allowed to access the Exercise with id 3836

  Starting logs for ParticipationIntegrationTest > getAllParticipationsForExercise_withLatestResults_forQuizExercise()
    23:49:25.844 |  27 nPool-1-worker-1 | DEBUG | d.t.c.a.a.c.u.util.UserUtilService   : Generate 4 students...
    23:49:25.851 |  27 nPool-1-worker-1 | DEBUG | d.t.c.a.a.c.u.util.UserUtilService   : 4 students generated. Generate 1 tutors...
    23:49:25.853 |  27 nPool-1-worker-1 | DEBUG | d.t.c.a.a.c.u.util.UserUtilService   : 1 tutors generated. Generate 1 editors...
    23:49:25.855 |  27 nPool-1-worker-1 | DEBUG | d.t.c.a.a.c.u.util.UserUtilService   : 1 editors generated. Generate 1 instructors...
    23:49:25.857 |  27 nPool-1-worker-1 | DEBUG | d.t.c.a.a.c.u.util.UserUtilService   : 1 instructors generated
    23:49:25.858 |  27 nPool-1-worker-1 | DEBUG | d.t.c.a.a.c.u.util.UserUtilService   : Removing 6 users from all courses...
    23:49:25.859 |  27 nPool-1-worker-1 | DEBUG | d.t.c.a.a.c.u.util.UserUtilService   : Removing 6 users from all courses. Done
    23:49:25.859 |  27 nPool-1-worker-1 | DEBUG | d.t.c.a.a.c.u.util.UserUtilService   : Save 7 users to database...
    23:49:25.862 |  27 nPool-1-worker-1 | DEBUG | d.t.c.a.a.c.u.util.UserUtilService   : Save 7 users to database. Done
    23:49:25.873 |  27 nPool-1-worker-1 | INFO  | .c.a.a.c.s.TitleCacheEvictionService : Evicted entry '3838' from title cache 'exerciseTitle'
    23:49:25.918 |  27 nPool-1-worker-1 | INFO  | i.z.t.d.l.EmbeddedDatabaseReporter   : JDBC URL to connect to 'dataSource': url='jdbc:h2:tcp://localhost:41063/mem:736625c0-cf5e-400d-aeaa-8a7eabd6262b;USER=sa', scope='ParticipationIntegrationTest#getAllParticipationsForExercise_withLatestResults_forQuizExercise'
    23:49:25.934 |  27 nPool-1-worker-1 | DEBUG | .c.s.m.InstanceMessageReceiveService : Received schedule participant score for exercise 3841 and participant 820 (result to be deleted: null)
    23:49:25.935 |  27 nPool-1-worker-1 | DEBUG | .a.s.ParticipantScoreScheduleService : Scheduled task for exercise 3841 and participant 820 at 2025-02-14T23:49:26.035002993Z[Etc/UTC].
    23:49:25.935 |  27 nPool-1-worker-1 | DEBUG | .c.s.m.InstanceMessageReceiveService : Received schedule participant score for exercise 3841 and participant 820 (result to be deleted: null)
    23:49:25.935 |  27 nPool-1-worker-1 | DEBUG | .a.s.ParticipantScoreScheduleService : Scheduled task for exercise 3841 and participant 820 at 2025-02-14T23:49:26.035772387Z[Etc/UTC].
    23:49:25.953 |  27 nPool-1-worker-1 | DEBUG | .c.s.m.InstanceMessageReceiveService : Received schedule participant score for exercise 3841 and participant 820 (result to be deleted: null)
    23:49:25.953 |  27 nPool-1-worker-1 | DEBUG | .a.s.ParticipantScoreScheduleService : Scheduled task for exercise 3841 and participant 820 at 2025-02-14T23:49:26.053770472Z[Etc/UTC].
    23:49:25.953 |  27 nPool-1-worker-1 | DEBUG | .c.s.m.InstanceMessageReceiveService : Received schedule participant score for exercise 3841 and participant 820 (result to be deleted: null)
    23:49:25.953 |  27 nPool-1-worker-1 | DEBUG | .a.s.ParticipantScoreScheduleService : Scheduled task for exercise 3841 and participant 820 at 2025-02-14T23:49:26.053886859Z[Etc/UTC].
    23:49:25.962 |  27 nPool-1-worker-1 | DEBUG | .c.s.m.InstanceMessageReceiveService : Received schedule participant score for exercise 3841 and participant 820 (result to be deleted: null)
    23:49:25.962 |  27 nPool-1-worker-1 | DEBUG | .a.s.ParticipantScoreScheduleService : Scheduled task for exercise 3841 and participant 820 at 2025-02-14T23:49:26.062173553Z[Etc/UTC].
    23:49:25.963 |  27 nPool-1-worker-1 | DEBUG | d.t.c.a.a.c.s.f.ApiVersionFilter     : Adding Version to Request GET /api/exercises/3841/participations
    23:49:25.963 |  27 nPool-1-worker-1 | DEBUG | d.t.c.a.a.e.w.ParticipationResource  : REST request to get all Participations for Exercise 3841

  Starting logs for ParticipationIntegrationTest > resumeProgrammingExerciseParticipation_forbidden()
    23:49:25.991 |  27 nPool-1-worker-1 | DEBUG | d.t.c.a.a.c.u.util.UserUtilService   : Generate 4 students...
    23:49:25.996 |  27 nPool-1-worker-1 | DEBUG | d.t.c.a.a.c.u.util.UserUtilService   : 4 students generated. Generate 1 tutors...
    23:49:25.998 |  27 nPool-1-worker-1 | DEBUG | d.t.c.a.a.c.u.util.UserUtilService   : 1 tutors generated. Generate 1 editors...
    23:49:26.000 |  27 nPool-1-worker-1 | DEBUG | d.t.c.a.a.c.u.util.UserUtilService   : 1 editors generated. Generate 1 instructors...
    23:49:26.002 |  27 nPool-1-worker-1 | DEBUG | d.t.c.a.a.c.u.util.UserUtilService   : 1 instructors generated
    23:49:26.003 |  27 nPool-1-worker-1 | DEBUG | d.t.c.a.a.c.u.util.UserUtilService   : Removing 6 users from all courses...
    23:49:26.004 |  27 nPool-1-worker-1 | DEBUG | d.t.c.a.a.c.u.util.UserUtilService   : Removing 6 users from all courses. Done
    23:49:26.004 |  27 nPool-1-worker-1 | DEBUG | d.t.c.a.a.c.u.util.UserUtilService   : Save 7 users to database...
    23:49:26.007 |  27 nPool-1-worker-1 | DEBUG | d.t.c.a.a.c.u.util.UserUtilService   : Save 7 users to database. Done
    23:49:26.018 |  27 nPool-1-worker-1 | INFO  | .c.a.a.c.s.TitleCacheEvictionService : Evicted entry '3842' from title cache 'exerciseTitle'
    23:49:26.062 |  27 nPool-1-worker-1 | INFO  | i.z.t.d.l.EmbeddedDatabaseReporter   : JDBC URL to connect to 'dataSource': url='jdbc:h2:tcp://localhost:41063/mem:736625c0-cf5e-400d-aeaa-8a7eabd6262b;USER=sa', scope='ParticipationIntegrationTest#resumeProgrammingExerciseParticipation_forbidden'
    23:49:26.065 |  27 nPool-1-worker-1 | DEBUG | d.t.c.a.a.c.s.f.ApiVersionFilter     : Adding Version to Request PUT /api/exercises/3845/resume-programming-participation/5812
    23:49:26.066 |  27 nPool-1-worker-1 | DEBUG | d.t.c.a.a.e.w.ParticipationResource  : REST request to resume Exercise : 3845
    23:49:26.069 |  27 nPool-1-worker-1 | WARN  | o.z.p.spring.common.AdviceTraits     : Forbidden: You are not allowed to resume that participation.

  Starting logs for ParticipationIntegrationTest > getAllParticipationsForExercise_NotTutorInCourse()
    23:49:26.093 |  27 nPool-1-worker-1 | DEBUG | d.t.c.a.a.c.u.util.UserUtilService   : Generate 4 students...
    23:49:26.098 |  27 nPool-1-worker-1 | DEBUG | d.t.c.a.a.c.u.util.UserUtilService   : 4 students generated. Generate 1 tutors...
    23:49:26.100 |  27 nPool-1-worker-1 | DEBUG | d.t.c.a.a.c.u.util.UserUtilService   : 1 tutors generated. Generate 1 editors...
    23:49:26.102 |  27 nPool-1-worker-1 | DEBUG | d.t.c.a.a.c.u.util.UserUtilService   : 1 editors generated. Generate 1 instructors...
    23:49:26.104 |  27 nPool-1-worker-1 | DEBUG | d.t.c.a.a.c.u.util.UserUtilService   : 1 instructors generated
    23:49:26.105 |  27 nPool-1-worker-1 | DEBUG | d.t.c.a.a.c.u.util.UserUtilService   : Removing 6 users from all courses...
    23:49:26.106 |  27 nPool-1-worker-1 | DEBUG | d.t.c.a.a.c.u.util.UserUtilService   : Removing 6 users from all courses. Done
    23:49:26.106 |  27 nPool-1-worker-1 | DEBUG | d.t.c.a.a.c.u.util.UserUtilService   : Save 7 users to database...
    23:49:26.109 |  27 nPool-1-worker-1 | DEBUG | d.t.c.a.a.c.u.util.UserUtilService   : Save 7 users to database. Done
    23:49:26.120 |  27 nPool-1-worker-1 | INFO  | .c.a.a.c.s.TitleCacheEvictionService : Evicted entry '3846' from title cache 'exerciseTitle'
    23:49:26.165 |  27 nPool-1-worker-1 | INFO  | i.z.t.d.l.EmbeddedDatabaseReporter   : JDBC URL to connect to 'dataSource': url='jdbc:h2:tcp://localhost:41063/mem:736625c0-cf5e-400d-aeaa-8a7eabd6262b;USER=sa', scope='ParticipationIntegrationTest#getAllParticipationsForExercise_NotTutorInCourse'
    23:49:26.166 |  27 nPool-1-worker-1 | DEBUG | d.t.c.a.a.c.s.f.ApiVersionFilter     : Adding Version to Request GET /api/exercises/3847/participations
    23:49:26.166 |  27 nPool-1-worker-1 | DEBUG | d.t.c.a.a.e.w.ParticipationResource  : REST request to get all Participations for Exercise 3847
    23:49:26.168 |  27 nPool-1-worker-1 | WARN  | o.z.p.spring.common.AdviceTraits     : Forbidden: You are not allowed to access the Course with id 2285

  Starting logs for ParticipationIntegrationTest > updateIndividualDueDateNoExerciseDueDate()
    23:49:26.192 |  27 nPool-1-worker-1 | DEBUG | d.t.c.a.a.c.u.util.UserUtilService   : Generate 4 students...
    23:49:26.197 |  27 nPool-1-worker-1 | DEBUG | d.t.c.a.a.c.u.util.UserUtilService   : 4 students generated. Generate 1 tutors...
    23:49:26.199 |  27 nPool-1-worker-1 | DEBUG | d.t.c.a.a.c.u.util.UserUtilService   : 1 tutors generated. Generate 1 editors...
    23:49:26.201 |  27 nPool-1-worker-1 | DEBUG | d.t.c.a.a.c.u.util.UserUtilService   : 1 editors generated. Generate 1 instructors...
    23:49:26.203 |  27 nPool-1-worker-1 | DEBUG | d.t.c.a.a.c.u.util.UserUtilService   : 1 instructors generated
    23:49:26.204 |  27 nPool-1-worker-1 | DEBUG | d.t.c.a.a.c.u.util.UserUtilService   : Removing 6 users from all courses...
    23:49:26.205 |  27 nPool-1-worker-1 | DEBUG | d.t.c.a.a.c.u.util.UserUtilService   : Removing 6 users from all courses. Done
    23:49:26.205 |  27 nPool-1-worker-1 | DEBUG | d.t.c.a.a.c.u.util.UserUtilService   : Save 7 users to database...
    23:49:26.208 |  27 nPool-1-worker-1 | DEBUG | d.t.c.a.a.c.u.util.UserUtilService   : Save 7 users to database. Done
    23:49:26.219 |  27 nPool-1-worker-1 | INFO  | .c.a.a.c.s.TitleCacheEvictionService : Evicted entry '3849' from title cache 'exerciseTitle'
    23:49:26.263 |  27 nPool-1-worker-1 | INFO  | i.z.t.d.l.EmbeddedDatabaseReporter   : JDBC URL to connect to 'dataSource': url='jdbc:h2:tcp://localhost:41063/mem:736625c0-cf5e-400d-aeaa-8a7eabd6262b;USER=sa', scope='ParticipationIntegrationTest#updateIndividualDueDateNoExerciseDueDate'
    23:49:26.275 |  27 nPool-1-worker-1 | DEBUG | PersonalAccessTokenManagementService : Generate secure vcs access token
    23:49:26.278 |  27 nPool-1-worker-1 | DEBUG | d.t.c.a.a.c.s.f.ApiVersionFilter     : Adding Version to Request PUT /api/exercises/3852/participations/update-individual-due-date

  Starting logs for ParticipationIntegrationTest > whenRequestFeedbackForExam_thenFail()
    23:49:26.304 |  27 nPool-1-worker-1 | DEBUG | d.t.c.a.a.c.u.util.UserUtilService   : Generate 4 students...
    23:49:26.309 |  27 nPool-1-worker-1 | DEBUG | d.t.c.a.a.c.u.util.UserUtilService   : 4 students generated. Generate 1 tutors...
    23:49:26.311 |  27 nPool-1-worker-1 | DEBUG | d.t.c.a.a.c.u.util.UserUtilService   : 1 tutors generated. Generate 1 editors...
    23:49:26.313 |  27 nPool-1-worker-1 | DEBUG | d.t.c.a.a.c.u.util.UserUtilService   : 1 editors generated. Generate 1 instructors...
    23:49:26.315 |  27 nPool-1-worker-1 | DEBUG | d.t.c.a.a.c.u.util.UserUtilService   : 1 instructors generated
    23:49:26.316 |  27 nPool-1-worker-1 | DEBUG | d.t.c.a.a.c.u.util.UserUtilService   : Removing 6 users from all courses...
    23:49:26.317 |  27 nPool-1-worker-1 | DEBUG | d.t.c.a.a.c.u.util.UserUtilService   : Removing 6 users from all courses. Done
    23:49:26.317 |  27 nPool-1-worker-1 | DEBUG | d.t.c.a.a.c.u.util.UserUtilService   : Save 7 users to database...
    23:49:26.320 |  27 nPool-1-worker-1 | DEBUG | d.t.c.a.a.c.u.util.UserUtilService   : Save 7 users to database. Done
    23:49:26.332 |  27 nPool-1-worker-1 | INFO  | .c.a.a.c.s.TitleCacheEvictionService : Evicted entry '3853' from title cache 'exerciseTitle'
    23:49:26.376 |  27 nPool-1-worker-1 | INFO  | i.z.t.d.l.EmbeddedDatabaseReporter   : JDBC URL to connect to 'dataSource': url='jdbc:h2:tcp://localhost:41063/mem:736625c0-cf5e-400d-aeaa-8a7eabd6262b;USER=sa', scope='ParticipationIntegrationTest#whenRequestFeedbackForExam_thenFail'
    23:49:26.386 |  27 nPool-1-worker-1 | DEBUG | .c.s.m.InstanceMessageReceiveService : Received schedule participant score for exercise 3856 and participant 820 (result to be deleted: null)
    23:49:26.386 |  27 nPool-1-worker-1 | DEBUG | .a.s.ParticipantScoreScheduleService : Scheduled task for exercise 3856 and participant 820 at 2025-02-14T23:49:26.486379537Z[Etc/UTC].
    23:49:26.387 |  27 nPool-1-worker-1 | DEBUG | d.t.c.a.a.c.s.f.ApiVersionFilter     : Adding Version to Request PUT /api/exercises/3856/request-feedback
    23:49:26.387 |  27 nPool-1-worker-1 | DEBUG | d.t.c.a.a.e.w.ParticipationResource  : REST request for feedback request: 3856
    23:49:26.388 |  27 nPool-1-worker-1 | ERROR | tech.jhipster.web.util.HeaderUtil    : Entity processing failed, Not intended for the use in exams
    23:49:26.388 |  27 nPool-1-worker-1 | WARN  | o.z.p.spring.common.AdviceTraits     : Bad Request: Not intended for the use in exams

  Starting logs for ParticipationIntegrationTest > whenTextFeedbackRequestedAndNoSubmission_thenFail()
    23:49:26.413 |  27 nPool-1-worker-1 | DEBUG | d.t.c.a.a.c.u.util.UserUtilService   : Generate 4 students...
    23:49:26.418 |  27 nPool-1-worker-1 | DEBUG | d.t.c.a.a.c.u.util.UserUtilService   : 4 students generated. Generate 1 tutors...
    23:49:26.420 |  27 nPool-1-worker-1 | DEBUG | d.t.c.a.a.c.u.util.UserUtilService   : 1 tutors generated. Generate 1 editors...
    23:49:26.422 |  27 nPool-1-worker-1 | DEBUG | d.t.c.a.a.c.u.util.UserUtilService   : 1 editors generated. Generate 1 instructors...
    23:49:26.424 |  27 nPool-1-worker-1 | DEBUG | d.t.c.a.a.c.u.util.UserUtilService   : 1 instructors generated
    23:49:26.425 |  27 nPool-1-worker-1 | DEBUG | d.t.c.a.a.c.u.util.UserUtilService   : Removing 6 users from all courses...
    23:49:26.426 |  27 nPool-1-worker-1 | DEBUG | d.t.c.a.a.c.u.util.UserUtilService   : Removing 6 users from all courses. Done
    23:49:26.426 |  27 nPool-1-worker-1 | DEBUG | d.t.c.a.a.c.u.util.UserUtilService   : Save 7 users to database...
    23:49:26.429 |  27 nPool-1-worker-1 | DEBUG | d.t.c.a.a.c.u.util.UserUtilService   : Save 7 users to database. Done
    23:49:26.440 |  27 nPool-1-worker-1 | INFO  | .c.a.a.c.s.TitleCacheEvictionService : Evicted entry '3857' from title cache 'exerciseTitle'
    23:49:26.485 |  27 nPool-1-worker-1 | INFO  | i.z.t.d.l.EmbeddedDatabaseReporter   : JDBC URL to connect to 'dataSource': url='jdbc:h2:tcp://localhost:41063/mem:736625c0-cf5e-400d-aeaa-8a7eabd6262b;USER=sa', scope='ParticipationIntegrationTest#whenTextFeedbackRequestedAndNoSubmission_thenFail'
    23:49:26.487 |  27 nPool-1-worker-1 | DEBUG | d.t.c.a.a.c.s.f.ApiVersionFilter     : Adding Version to Request PUT /api/exercises/3858/request-feedback
    23:49:26.488 |  27 nPool-1-worker-1 | DEBUG | d.t.c.a.a.e.w.ParticipationResource  : REST request for feedback request: 3858
    23:49:26.491 |  27 nPool-1-worker-1 | ERROR | tech.jhipster.web.util.HeaderUtil    : Entity processing failed, You need to submit at least once
    23:49:26.491 |  27 nPool-1-worker-1 | WARN  | o.z.p.spring.common.AdviceTraits     : Bad Request: You need to submit at least once

  Starting logs for ParticipationIntegrationTest > requestProgrammingFeedbackSuccess_withAthenaFailure()
    23:49:26.514 |  27 nPool-1-worker-1 | DEBUG | d.t.c.a.a.c.u.util.UserUtilService   : Generate 4 students...
    23:49:26.519 |  27 nPool-1-worker-1 | DEBUG | d.t.c.a.a.c.u.util.UserUtilService   : 4 students generated. Generate 1 tutors...
    23:49:26.521 |  27 nPool-1-worker-1 | DEBUG | d.t.c.a.a.c.u.util.UserUtilService   : 1 tutors generated. Generate 1 editors...
    23:49:26.523 |  27 nPool-1-worker-1 | DEBUG | d.t.c.a.a.c.u.util.UserUtilService   : 1 editors generated. Generate 1 instructors...
    23:49:26.525 |  27 nPool-1-worker-1 | DEBUG | d.t.c.a.a.c.u.util.UserUtilService   : 1 instructors generated
    23:49:26.526 |  27 nPool-1-worker-1 | DEBUG | d.t.c.a.a.c.u.util.UserUtilService   : Removing 6 users from all courses...
    23:49:26.527 |  27 nPool-1-worker-1 | DEBUG | d.t.c.a.a.c.u.util.UserUtilService   : Removing 6 users from all courses. Done
    23:49:26.527 |  27 nPool-1-worker-1 | DEBUG | d.t.c.a.a.c.u.util.UserUtilService   : Save 7 users to database...
    23:49:26.530 |  27 nPool-1-worker-1 | DEBUG | d.t.c.a.a.c.u.util.UserUtilService   : Save 7 users to database. Done
    23:49:26.541 |  27 nPool-1-worker-1 | INFO  | .c.a.a.c.s.TitleCacheEvictionService : Evicted entry '3860' from title cache 'exerciseTitle'
    23:49:26.586 |  27 nPool-1-worker-1 | INFO  | i.z.t.d.l.EmbeddedDatabaseReporter   : JDBC URL to connect to 'dataSource': url='jdbc:h2:tcp://localhost:41063/mem:736625c0-cf5e-400d-aeaa-8a7eabd6262b;USER=sa', scope='ParticipationIntegrationTest#requestProgrammingFeedbackSuccess_withAthenaFailure'
    23:49:26.607 |  27 nPool-1-worker-1 | DEBUG | .c.s.m.InstanceMessageReceiveService : Received schedule participant score for exercise 3862 and participant 820 (result to be deleted: null)
    23:49:26.607 |  27 nPool-1-worker-1 | DEBUG | .a.s.ParticipantScoreScheduleService : Scheduled task for exercise 3862 and participant 820 at 2025-02-14T23:49:26.707383990Z[Etc/UTC].
    23:49:26.608 |  27 nPool-1-worker-1 | DEBUG | .c.s.m.InstanceMessageReceiveService : Received schedule participant score for exercise 3862 and participant 820 (result to be deleted: null)
    23:49:26.608 |  27 nPool-1-worker-1 | DEBUG | .a.s.ParticipantScoreScheduleService : Scheduled task for exercise 3862 and participant 820 at 2025-02-14T23:49:26.708194751Z[Etc/UTC].
    23:49:26.626 |  27 nPool-1-worker-1 | DEBUG | .c.s.m.InstanceMessageReceiveService : Received schedule participant score for exercise 3862 and participant 820 (result to be deleted: null)
    23:49:26.626 |  27 nPool-1-worker-1 | DEBUG | .a.s.ParticipantScoreScheduleService : Scheduled task for exercise 3862 and participant 820 at 2025-02-14T23:49:26.726510048Z[Etc/UTC].
    23:49:26.626 |  27 nPool-1-worker-1 | DEBUG | .c.s.m.InstanceMessageReceiveService : Received schedule participant score for exercise 3862 and participant 820 (result to be deleted: null)
    23:49:26.626 |  27 nPool-1-worker-1 | DEBUG | .a.s.ParticipantScoreScheduleService : Scheduled task for exercise 3862 and participant 820 at 2025-02-14T23:49:26.726626515Z[Etc/UTC].
    23:49:26.635 |  27 nPool-1-worker-1 | DEBUG | .c.s.m.InstanceMessageReceiveService : Received schedule participant score for exercise 3862 and participant 820 (result to be deleted: null)
    23:49:26.635 |  27 nPool-1-worker-1 | DEBUG | .a.s.ParticipantScoreScheduleService : Scheduled task for exercise 3862 and participant 820 at 2025-02-14T23:49:26.735197028Z[Etc/UTC].
    23:49:26.636 |  27 nPool-1-worker-1 | DEBUG | d.t.c.a.a.c.s.f.ApiVersionFilter     : Adding Version to Request PUT /api/exercises/3862/request-feedback
    23:49:26.636 |  27 nPool-1-worker-1 | DEBUG | d.t.c.a.a.e.w.ParticipationResource  : REST request for feedback request: 3862
    23:49:26.639 | 111 monPool-worker-1 | DEBUG | ingExerciseCodeReviewFeedbackService : Using athena to generate (programming exercise) feedback request: 3862
    23:49:26.640 | 111 monPool-worker-1 | DEBUG | .c.s.m.InstanceMessageReceiveService : Received schedule participant score for exercise 3862 and participant 820 (result to be deleted: null)
    23:49:26.640 | 111 monPool-worker-1 | DEBUG | .a.s.ParticipantScoreScheduleService : Scheduled task for exercise 3862 and participant 820 at 2025-02-14T23:49:26.740965233Z[Etc/UTC].
    23:49:26.661 | 111 monPool-worker-1 | DEBUG | .c.s.m.InstanceMessageReceiveService : Received schedule participant score for exercise 3862 and participant 820 (result to be deleted: null)
    23:49:26.661 | 111 monPool-worker-1 | DEBUG | .a.s.ParticipantScoreScheduleService : Scheduled task for exercise 3862 and participant 820 at 2025-02-14T23:49:26.761571932Z[Etc/UTC].
    23:49:26.670 | 111 monPool-worker-1 | DEBUG | .c.s.m.InstanceMessageReceiveService : Received schedule participant score for exercise 3862 and participant 820 (result to be deleted: null)
    23:49:26.670 | 111 monPool-worker-1 | DEBUG | .a.s.ParticipantScoreScheduleService : Scheduled task for exercise 3862 and participant 820 at 2025-02-14T23:49:26.770957455Z[Etc/UTC].
    23:49:26.671 | 111 monPool-worker-1 | DEBUG | .a.a.p.s.ProgrammingMessagingService : Send result to client over websocket. Result: Result{id1091, completionDate=2025-02-14T23:54:26.661904963Z[Etc/UTC], successful=null, score=100.0, rated=true, assessmentType=AUTOMATIC_ATHENA, hasComplaint=null, testCaseCount=0, passedTestCaseCount=0, codeIssueCount=0}, Submission: [FAILED toString()], Participation: ProgrammingExerciseStudentParticipation{id=5818, repositoryUri='file:/tmp/testOriginRepo12104068882957623754/', buildPlanId='null', initializationState='INACTIVE', initializationDate='2025-02-09T23:49:26.594057Z', individualDueDate=null', presentationScore=null}
    23:49:26.675 | 111 monPool-worker-1 | DEBUG | ingExerciseCodeReviewFeedbackService : Submission id: 1767
    23:49:26.675 | 111 monPool-worker-1 | DEBUG | a.s.AthenaFeedbackSuggestionsService : Start Athena 'Non Graded' Feedback Suggestions Service for Exercise '9af445e9-c24f-441b-bc30-404593aa7d8e' (#3862).
    23:49:26.676 | 111 monPool-worker-1 | DEBUG | d.t.c.a.a.a.service.AthenaConnector  : Calling Athena.
    23:49:26.676 | 111 monPool-worker-1 | ERROR | d.t.c.a.a.a.service.AthenaConnector  : Athena did not respond successfully in time
org.springframework.web.client.ResourceAccessException: I/O error on POST request for "http://localhost:5100/modules/programming/module_programming_test/feedback_suggestions": Service unavailable
	at org.springframework.web.client.RestTemplate.createResourceAccessException(RestTemplate.java:926)
	at org.springframework.web.client.RestTemplate.doExecute(RestTemplate.java:906)
	at org.springframework.web.client.RestTemplate.execute(RestTemplate.java:801)
	at org.springframework.web.client.RestTemplate.postForEntity(RestTemplate.java:549)
	at de.tum.cit.aet.artemis.athena.service.AthenaConnector.invoke(AthenaConnector.java:63)
	at de.tum.cit.aet.artemis.athena.service.AthenaConnector.invokeWithRetry(AthenaConnector.java:96)
	at de.tum.cit.aet.artemis.athena.service.AthenaFeedbackSuggestionsService.getProgrammingFeedbackSuggestions(AthenaFeedbackSuggestionsService.java:138)
	at de.tum.cit.aet.artemis.programming.service.ProgrammingExerciseCodeReviewFeedbackService.generateAutomaticNonGradedFeedback(ProgrammingExerciseCodeReviewFeedbackService.java:135)
	at de.tum.cit.aet.artemis.programming.service.ProgrammingExerciseCodeReviewFeedbackService.lambda$handleNonGradedFeedbackRequest$0(ProgrammingExerciseCodeReviewFeedbackService.java:90)
	at java.base/java.util.concurrent.CompletableFuture$AsyncRun.run(CompletableFuture.java:1804)
	at java.base/java.util.concurrent.CompletableFuture$AsyncRun.exec(CompletableFuture.java:1796)
	at java.base/java.util.concurrent.ForkJoinTask.doExec(ForkJoinTask.java:387)
	at java.base/java.util.concurrent.ForkJoinPool$WorkQueue.topLevelExec(ForkJoinPool.java:1312)
	at java.base/java.util.concurrent.ForkJoinPool.scan(ForkJoinPool.java:1843)
	at java.base/java.util.concurrent.ForkJoinPool.runWorker(ForkJoinPool.java:1808)
	at java.base/java.util.concurrent.ForkJoinWorkerThread.run(ForkJoinWorkerThread.java:188)
Caused by: java.io.IOException: Service unavailable
	at de.tum.cit.aet.artemis.core.connector.AthenaRequestMockProvider.mockGetFeedbackSuggestionsWithFailure(AthenaRequestMockProvider.java:235)
	at de.tum.cit.aet.artemis.exercise.participation.ParticipationIntegrationTest.requestProgrammingFeedbackSuccess_withAthenaFailure(ParticipationIntegrationTest.java:715)
	at java.base/jdk.internal.reflect.DirectMethodHandleAccessor.invoke(DirectMethodHandleAccessor.java:103)
	at java.base/java.lang.reflect.Method.invoke(Method.java:580)
	at org.junit.platform.commons.util.ReflectionUtils.invokeMethod(ReflectionUtils.java:767)
	at org.junit.jupiter.engine.execution.MethodInvocation.proceed(MethodInvocation.java:60)
	at org.junit.jupiter.engine.execution.InvocationInterceptorChain$ValidatingInvocation.proceed(InvocationInterceptorChain.java:131)
	at org.junit.jupiter.engine.extension.TimeoutExtension.intercept(TimeoutExtension.java:156)
	at org.junit.jupiter.engine.extension.TimeoutExtension.interceptTestableMethod(TimeoutExtension.java:147)
	at org.junit.jupiter.engine.extension.TimeoutExtension.interceptTestMethod(TimeoutExtension.java:86)
	at org.junit.jupiter.engine.execution.InterceptingExecutableInvoker$ReflectiveInterceptorCall.lambda$ofVoidMethod$0(InterceptingExecutableInvoker.java:103)
	at org.junit.jupiter.engine.execution.InterceptingExecutableInvoker.lambda$invoke$0(InterceptingExecutableInvoker.java:93)
	at org.junit.jupiter.engine.execution.InvocationInterceptorChain$InterceptedInvocation.proceed(InvocationInterceptorChain.java:106)
	at org.junit.jupiter.engine.execution.InvocationInterceptorChain.proceed(InvocationInterceptorChain.java:64)
	at org.junit.jupiter.engine.execution.InvocationInterceptorChain.chainAndInvoke(InvocationInterceptorChain.java:45)
	at org.junit.jupiter.engine.execution.InvocationInterceptorChain.invoke(InvocationInterceptorChain.java:37)
	at org.junit.jupiter.engine.execution.InterceptingExecutableInvoker.invoke(InterceptingExecutableInvoker.java:92)
	at org.junit.jupiter.engine.execution.InterceptingExecutableInvoker.invoke(InterceptingExecutableInvoker.java:86)
	at org.junit.jupiter.engine.descriptor.TestMethodTestDescriptor.lambda$invokeTestMethod$8(TestMethodTestDescriptor.java:217)
	at org.junit.platform.engine.support.hierarchical.ThrowableCollector.execute(ThrowableCollector.java:73)
	at org.junit.jupiter.engine.descriptor.TestMethodTestDescriptor.invokeTestMethod(TestMethodTestDescriptor.java:213)
	at org.junit.jupiter.engine.descriptor.TestMethodTestDescriptor.execute(TestMethodTestDescriptor.java:138)
	at org.junit.jupiter.engine.descriptor.TestMethodTestDescriptor.execute(TestMethodTestDescriptor.java:68)
	at org.junit.platform.engine.support.hierarchical.NodeTestTask.lambda$executeRecursively$6(NodeTestTask.java:156)
	at org.junit.platform.engine.support.hierarchical.ThrowableCollector.execute(ThrowableCollector.java:73)
	at org.junit.platform.engine.support.hierarchical.NodeTestTask.lambda$executeRecursively$8(NodeTestTask.java:146)
	at org.junit.platform.engine.support.hierarchical.Node.around(Node.java:137)
	at org.junit.platform.engine.support.hierarchical.NodeTestTask.lambda$executeRecursively$9(NodeTestTask.java:144)
	at org.junit.platform.engine.support.hierarchical.ThrowableCollector.execute(ThrowableCollector.java:73)
	at org.junit.platform.engine.support.hierarchical.NodeTestTask.executeRecursively(NodeTestTask.java:143)
	at org.junit.platform.engine.support.hierarchical.NodeTestTask.execute(NodeTestTask.java:100)
	at org.junit.platform.engine.support.hierarchical.ForkJoinPoolHierarchicalTestExecutorService$ExclusiveTask.exec(ForkJoinPoolHierarchicalTestExecutorService.java:274)
	at org.junit.platform.engine.support.hierarchical.ForkJoinPoolHierarchicalTestExecutorService$ExclusiveTask.execSync(ForkJoinPoolHierarchicalTestExecutorService.java:247)
	at org.junit.platform.engine.support.hierarchical.ForkJoinPoolHierarchicalTestExecutorService.executeSync(ForkJoinPoolHierarchicalTestExecutorService.java:194)
	at org.junit.platform.engine.support.hierarchical.ForkJoinPoolHierarchicalTestExecutorService.invokeAll(ForkJoinPoolHierarchicalTestExecutorService.java:166)
	at org.junit.platform.engine.support.hierarchical.NodeTestTask.lambda$executeRecursively$6(NodeTestTask.java:160)
	at org.junit.platform.engine.support.hierarchical.ThrowableCollector.execute(ThrowableCollector.java:73)
	at org.junit.platform.engine.support.hierarchical.NodeTestTask.lambda$executeRecursively$8(NodeTestTask.java:146)
	at org.junit.platform.engine.support.hierarchical.Node.around(Node.java:137)
	at org.junit.platform.engine.support.hierarchical.NodeTestTask.lambda$executeRecursively$9(NodeTestTask.java:144)
	at org.junit.platform.engine.support.hierarchical.ThrowableCollector.execute(ThrowableCollector.java:73)
	at org.junit.platform.engine.support.hierarchical.NodeTestTask.executeRecursively(NodeTestTask.java:143)
	at org.junit.platform.engine.support.hierarchical.NodeTestTask.execute(NodeTestTask.java:100)
	at org.junit.platform.engine.support.hierarchical.ForkJoinPoolHierarchicalTestExecutorService$ExclusiveTask.exec(ForkJoinPoolHierarchicalTestExecutorService.java:274)
	at org.junit.platform.engine.support.hierarchical.ForkJoinPoolHierarchicalTestExecutorService$ExclusiveTask.execSync(ForkJoinPoolHierarchicalTestExecutorService.java:247)
	at org.junit.platform.engine.support.hierarchical.ForkJoinPoolHierarchicalTestExecutorService.executeSync(ForkJoinPoolHierarchicalTestExecutorService.java:194)
	at org.junit.platform.engine.support.hierarchical.ForkJoinPoolHierarchicalTestExecutorService.invokeAll(ForkJoinPoolHierarchicalTestExecutorService.java:168)
	at org.junit.platform.engine.support.hierarchical.NodeTestTask.lambda$executeRecursively$6(NodeTestTask.java:160)
	at org.junit.platform.engine.support.hierarchical.ThrowableCollector.execute(ThrowableCollector.java:73)
	at org.junit.platform.engine.support.hierarchical.NodeTestTask.lambda$executeRecursively$8(NodeTestTask.java:146)
	at org.junit.platform.engine.support.hierarchical.Node.around(Node.java:137)
	at org.junit.platform.engine.support.hierarchical.NodeTestTask.lambda$executeRecursively$9(NodeTestTask.java:144)
	at org.junit.platform.engine.support.hierarchical.ThrowableCollector.execute(ThrowableCollector.java:73)
	at org.junit.platform.engine.support.hierarchical.NodeTestTask.executeRecursively(NodeTestTask.java:143)
	at org.junit.platform.engine.support.hierarchical.NodeTestTask.execute(NodeTestTask.java:100)
	at org.junit.platform.engine.support.hierarchical.ForkJoinPoolHierarchicalTestExecutorService$ExclusiveTask.exec(ForkJoinPoolHierarchicalTestExecutorService.java:274)
	... 5 common frames omitted
    23:49:26.676 | 111 monPool-worker-1 | ERROR | ingExerciseCodeReviewFeedbackService : Could not generate feedback
de.tum.cit.aet.artemis.core.exception.NetworkingException: An error occurred while calling Athena: An Error occurred while calling Athena. Check Remote Logs for debugging information.
	at de.tum.cit.aet.artemis.athena.service.AthenaConnector.invokeWithRetry(AthenaConnector.java:100)
	at de.tum.cit.aet.artemis.athena.service.AthenaFeedbackSuggestionsService.getProgrammingFeedbackSuggestions(AthenaFeedbackSuggestionsService.java:138)
	at de.tum.cit.aet.artemis.programming.service.ProgrammingExerciseCodeReviewFeedbackService.generateAutomaticNonGradedFeedback(ProgrammingExerciseCodeReviewFeedbackService.java:135)
	at de.tum.cit.aet.artemis.programming.service.ProgrammingExerciseCodeReviewFeedbackService.lambda$handleNonGradedFeedbackRequest$0(ProgrammingExerciseCodeReviewFeedbackService.java:90)
	at java.base/java.util.concurrent.CompletableFuture$AsyncRun.run(CompletableFuture.java:1804)
	at java.base/java.util.concurrent.CompletableFuture$AsyncRun.exec(CompletableFuture.java:1796)
	at java.base/java.util.concurrent.ForkJoinTask.doExec(ForkJoinTask.java:387)
	at java.base/java.util.concurrent.ForkJoinPool$WorkQueue.topLevelExec(ForkJoinPool.java:1312)
	at java.base/java.util.concurrent.ForkJoinPool.scan(ForkJoinPool.java:1843)
	at java.base/java.util.concurrent.ForkJoinPool.runWorker(ForkJoinPool.java:1808)
	at java.base/java.util.concurrent.ForkJoinWorkerThread.run(ForkJoinWorkerThread.java:188)
Caused by: de.tum.cit.aet.artemis.core.exception.NetworkingException: An Error occurred while calling Athena. Check Remote Logs for debugging information.
	at de.tum.cit.aet.artemis.athena.service.AthenaConnector.invoke(AthenaConnector.java:67)
	at de.tum.cit.aet.artemis.athena.service.AthenaConnector.invokeWithRetry(AthenaConnector.java:96)
	... 10 common frames omitted
Caused by: org.springframework.web.client.ResourceAccessException: I/O error on POST request for "http://localhost:5100/modules/programming/module_programming_test/feedback_suggestions": Service unavailable
	at org.springframework.web.client.RestTemplate.createResourceAccessException(RestTemplate.java:926)
	at org.springframework.web.client.RestTemplate.doExecute(RestTemplate.java:906)
	at org.springframework.web.client.RestTemplate.execute(RestTemplate.java:801)
	at org.springframework.web.client.RestTemplate.postForEntity(RestTemplate.java:549)
	at de.tum.cit.aet.artemis.athena.service.AthenaConnector.invoke(AthenaConnector.java:63)
	... 11 common frames omitted
Caused by: java.io.IOException: Service unavailable
	at de.tum.cit.aet.artemis.core.connector.AthenaRequestMockProvider.mockGetFeedbackSuggestionsWithFailure(AthenaRequestMockProvider.java:235)
	at de.tum.cit.aet.artemis.exercise.participation.ParticipationIntegrationTest.requestProgrammingFeedbackSuccess_withAthenaFailure(ParticipationIntegrationTest.java:715)
	at java.base/jdk.internal.reflect.DirectMethodHandleAccessor.invoke(DirectMethodHandleAccessor.java:103)
	at java.base/java.lang.reflect.Method.invoke(Method.java:580)
	at org.junit.platform.commons.util.ReflectionUtils.invokeMethod(ReflectionUtils.java:767)
	at org.junit.jupiter.engine.execution.MethodInvocation.proceed(MethodInvocation.java:60)
	at org.junit.jupiter.engine.execution.InvocationInterceptorChain$ValidatingInvocation.proceed(InvocationInterceptorChain.java:131)
	at org.junit.jupiter.engine.extension.TimeoutExtension.intercept(TimeoutExtension.java:156)
	at org.junit.jupiter.engine.extension.TimeoutExtension.interceptTestableMethod(TimeoutExtension.java:147)
	at org.junit.jupiter.engine.extension.TimeoutExtension.interceptTestMethod(TimeoutExtension.java:86)
	at org.junit.jupiter.engine.execution.InterceptingExecutableInvoker$ReflectiveInterceptorCall.lambda$ofVoidMethod$0(InterceptingExecutableInvoker.java:103)
	at org.junit.jupiter.engine.execution.InterceptingExecutableInvoker.lambda$invoke$0(InterceptingExecutableInvoker.java:93)
	at org.junit.jupiter.engine.execution.InvocationInterceptorChain$InterceptedInvocation.proceed(InvocationInterceptorChain.java:106)
	at org.junit.jupiter.engine.execution.InvocationInterceptorChain.proceed(InvocationInterceptorChain.java:64)
	at org.junit.jupiter.engine.execution.InvocationInterceptorChain.chainAndInvoke(InvocationInterceptorChain.java:45)
	at org.junit.jupiter.engine.execution.InvocationInterceptorChain.invoke(InvocationInterceptorChain.java:37)
	at org.junit.jupiter.engine.execution.InterceptingExecutableInvoker.invoke(InterceptingExecutableInvoker.java:92)
	at org.junit.jupiter.engine.execution.InterceptingExecutableInvoker.invoke(InterceptingExecutableInvoker.java:86)
	at org.junit.jupiter.engine.descriptor.TestMethodTestDescriptor.lambda$invokeTestMethod$8(TestMethodTestDescriptor.java:217)
	at org.junit.platform.engine.support.hierarchical.ThrowableCollector.execute(ThrowableCollector.java:73)
	at org.junit.jupiter.engine.descriptor.TestMethodTestDescriptor.invokeTestMethod(TestMethodTestDescriptor.java:213)
	at org.junit.jupiter.engine.descriptor.TestMethodTestDescriptor.execute(TestMethodTestDescriptor.java:138)
	at org.junit.jupiter.engine.descriptor.TestMethodTestDescriptor.execute(TestMethodTestDescriptor.java:68)
	at org.junit.platform.engine.support.hierarchical.NodeTestTask.lambda$executeRecursively$6(NodeTestTask.java:156)
	at org.junit.platform.engine.support.hierarchical.ThrowableCollector.execute(ThrowableCollector.java:73)
	at org.junit.platform.engine.support.hierarchical.NodeTestTask.lambda$executeRecursively$8(NodeTestTask.java:146)
	at org.junit.platform.engine.support.hierarchical.Node.around(Node.java:137)
	at org.junit.platform.engine.support.hierarchical.NodeTestTask.lambda$executeRecursively$9(NodeTestTask.java:144)
	at org.junit.platform.engine.support.hierarchical.ThrowableCollector.execute(ThrowableCollector.java:73)
	at org.junit.platform.engine.support.hierarchical.NodeTestTask.executeRecursively(NodeTestTask.java:143)
	at org.junit.platform.engine.support.hierarchical.NodeTestTask.execute(NodeTestTask.java:100)
	at org.junit.platform.engine.support.hierarchical.ForkJoinPoolHierarchicalTestExecutorService$ExclusiveTask.exec(ForkJoinPoolHierarchicalTestExecutorService.java:274)
	at org.junit.platform.engine.support.hierarchical.ForkJoinPoolHierarchicalTestExecutorService$ExclusiveTask.execSync(ForkJoinPoolHierarchicalTestExecutorService.java:247)
	at org.junit.platform.engine.support.hierarchical.ForkJoinPoolHierarchicalTestExecutorService.executeSync(ForkJoinPoolHierarchicalTestExecutorService.java:194)
	at org.junit.platform.engine.support.hierarchical.ForkJoinPoolHierarchicalTestExecutorService.invokeAll(ForkJoinPoolHierarchicalTestExecutorService.java:166)
	at org.junit.platform.engine.support.hierarchical.NodeTestTask.lambda$executeRecursively$6(NodeTestTask.java:160)
	at org.junit.platform.engine.support.hierarchical.ThrowableCollector.execute(ThrowableCollector.java:73)
	at org.junit.platform.engine.support.hierarchical.NodeTestTask.lambda$executeRecursively$8(NodeTestTask.java:146)
	at org.junit.platform.engine.support.hierarchical.Node.around(Node.java:137)
	at org.junit.platform.engine.support.hierarchical.NodeTestTask.lambda$executeRecursively$9(NodeTestTask.java:144)
	at org.junit.platform.engine.support.hierarchical.ThrowableCollector.execute(ThrowableCollector.java:73)
	at org.junit.platform.engine.support.hierarchical.NodeTestTask.executeRecursively(NodeTestTask.java:143)
	at org.junit.platform.engine.support.hierarchical.NodeTestTask.execute(NodeTestTask.java:100)
	at org.junit.platform.engine.support.hierarchical.ForkJoinPoolHierarchicalTestExecutorService$ExclusiveTask.exec(ForkJoinPoolHierarchicalTestExecutorService.java:274)
	at org.junit.platform.engine.support.hierarchical.ForkJoinPoolHierarchicalTestExecutorService$ExclusiveTask.execSync(ForkJoinPoolHierarchicalTestExecutorService.java:247)
	at org.junit.platform.engine.support.hierarchical.ForkJoinPoolHierarchicalTestExecutorService.executeSync(ForkJoinPoolHierarchicalTestExecutorService.java:194)
	at org.junit.platform.engine.support.hierarchical.ForkJoinPoolHierarchicalTestExecutorService.invokeAll(ForkJoinPoolHierarchicalTestExecutorService.java:168)
	at org.junit.platform.engine.support.hierarchical.NodeTestTask.lambda$executeRecursively$6(NodeTestTask.java:160)
	at org.junit.platform.engine.support.hierarchical.ThrowableCollector.execute(ThrowableCollector.java:73)
	at org.junit.platform.engine.support.hierarchical.NodeTestTask.lambda$executeRecursively$8(NodeTestTask.java:146)
	at org.junit.platform.engine.support.hierarchical.Node.around(Node.java:137)
	at org.junit.platform.engine.support.hierarchical.NodeTestTask.lambda$executeRecursively$9(NodeTestTask.java:144)
	at org.junit.platform.engine.support.hierarchical.ThrowableCollector.execute(ThrowableCollector.java:73)
	at org.junit.platform.engine.support.hierarchical.NodeTestTask.executeRecursively(NodeTestTask.java:143)
	at org.junit.platform.engine.support.hierarchical.NodeTestTask.execute(NodeTestTask.java:100)
	at org.junit.platform.engine.support.hierarchical.ForkJoinPoolHierarchicalTestExecutorService$ExclusiveTask.exec(ForkJoinPoolHierarchicalTestExecutorService.java:274)
	... 5 common frames omitted
    23:49:26.686 | 111 monPool-worker-1 | DEBUG | .c.s.m.InstanceMessageReceiveService : Received schedule participant score for exercise 3862 and participant 820 (result to be deleted: null)
    23:49:26.686 | 111 monPool-worker-1 | DEBUG | .a.s.ParticipantScoreScheduleService : Scheduled task for exercise 3862 and participant 820 at 2025-02-14T23:49:26.786092301Z[Etc/UTC].
    23:49:26.686 | 111 monPool-worker-1 | DEBUG | .a.a.p.s.ProgrammingMessagingService : Send result to client over websocket. Result: Result{id1091, completionDate=2025-02-14T23:49:26.676597454Z[Etc/UTC], successful=false, score=100.0, rated=true, assessmentType=AUTOMATIC_ATHENA, hasComplaint=null, testCaseCount=0, passedTestCaseCount=0, codeIssueCount=0}, Submission: [FAILED toString()], Participation: ProgrammingExerciseStudentParticipation{id=5818, repositoryUri='file:/tmp/testOriginRepo12104068882957623754/', buildPlanId='null', initializationState='INACTIVE', initializationDate='2025-02-09T23:49:26.594057Z', individualDueDate=null', presentationScore=null}

  Starting logs for ParticipationIntegrationTest > participateTwiceInModelingExercise_sameParticipation()
    23:49:26.718 |  27 nPool-1-worker-1 | DEBUG | d.t.c.a.a.c.u.util.UserUtilService   : Generate 4 students...
    23:49:26.723 |  27 nPool-1-worker-1 | DEBUG | d.t.c.a.a.c.u.util.UserUtilService   : 4 students generated. Generate 1 tutors...
    23:49:26.725 |  27 nPool-1-worker-1 | DEBUG | d.t.c.a.a.c.u.util.UserUtilService   : 1 tutors generated. Generate 1 editors...
    23:49:26.728 |  27 nPool-1-worker-1 | DEBUG | d.t.c.a.a.c.u.util.UserUtilService   : 1 editors generated. Generate 1 instructors...
    23:49:26.730 |  27 nPool-1-worker-1 | DEBUG | d.t.c.a.a.c.u.util.UserUtilService   : 1 instructors generated
    23:49:26.731 |  27 nPool-1-worker-1 | DEBUG | d.t.c.a.a.c.u.util.UserUtilService   : Removing 6 users from all courses...
    23:49:26.731 |  27 nPool-1-worker-1 | DEBUG | d.t.c.a.a.c.u.util.UserUtilService   : Removing 6 users from all courses. Done
    23:49:26.731 |  27 nPool-1-worker-1 | DEBUG | d.t.c.a.a.c.u.util.UserUtilService   : Save 7 users to database...
    23:49:26.735 |  27 nPool-1-worker-1 | DEBUG | d.t.c.a.a.c.u.util.UserUtilService   : Save 7 users to database. Done
    23:49:26.745 |  27 nPool-1-worker-1 | INFO  | .c.a.a.c.s.TitleCacheEvictionService : Evicted entry '3863' from title cache 'exerciseTitle'
    23:49:26.791 |  27 nPool-1-worker-1 | INFO  | i.z.t.d.l.EmbeddedDatabaseReporter   : JDBC URL to connect to 'dataSource': url='jdbc:h2:tcp://localhost:41063/mem:736625c0-cf5e-400d-aeaa-8a7eabd6262b;USER=sa', scope='ParticipationIntegrationTest#participateTwiceInModelingExercise_sameParticipation'
    23:49:26.792 |  27 nPool-1-worker-1 | DEBUG | d.t.c.a.a.c.s.f.ApiVersionFilter     : Adding Version to Request POST /api/exercises/3863/participations
    23:49:26.793 |  27 nPool-1-worker-1 | DEBUG | d.t.c.a.a.e.w.ParticipationResource  : REST request to start Exercise : 3863
    23:49:26.807 |  27 nPool-1-worker-1 | DEBUG | d.t.c.a.a.c.s.f.ApiVersionFilter     : Adding Version to Request POST /api/exercises/3863/participations
    23:49:26.807 |  27 nPool-1-worker-1 | DEBUG | d.t.c.a.a.e.w.ParticipationResource  : REST request to start Exercise : 3863

  Starting logs for ParticipationIntegrationTest > participateInProgrammingTeamExercise_withoutAssignedTeam()
    23:49:26.833 |  27 nPool-1-worker-1 | DEBUG | d.t.c.a.a.c.u.util.UserUtilService   : Generate 4 students...
    23:49:26.837 |  27 nPool-1-worker-1 | DEBUG | d.t.c.a.a.c.u.util.UserUtilService   : 4 students generated. Generate 1 tutors...
    23:49:26.839 |  27 nPool-1-worker-1 | DEBUG | d.t.c.a.a.c.u.util.UserUtilService   : 1 tutors generated. Generate 1 editors...
    23:49:26.842 |  27 nPool-1-worker-1 | DEBUG | d.t.c.a.a.c.u.util.UserUtilService   : 1 editors generated. Generate 1 instructors...
    23:49:26.844 |  27 nPool-1-worker-1 | DEBUG | d.t.c.a.a.c.u.util.UserUtilService   : 1 instructors generated
    23:49:26.845 |  27 nPool-1-worker-1 | DEBUG | d.t.c.a.a.c.u.util.UserUtilService   : Removing 6 users from all courses...
    23:49:26.845 |  27 nPool-1-worker-1 | DEBUG | d.t.c.a.a.c.u.util.UserUtilService   : Removing 6 users from all courses. Done
    23:49:26.845 |  27 nPool-1-worker-1 | DEBUG | d.t.c.a.a.c.u.util.UserUtilService   : Save 7 users to database...
    23:49:26.849 |  27 nPool-1-worker-1 | DEBUG | d.t.c.a.a.c.u.util.UserUtilService   : Save 7 users to database. Done
    23:49:26.859 |  27 nPool-1-worker-1 | INFO  | .c.a.a.c.s.TitleCacheEvictionService : Evicted entry '3866' from title cache 'exerciseTitle'
    23:49:26.902 |  27 nPool-1-worker-1 | INFO  | i.z.t.d.l.EmbeddedDatabaseReporter   : JDBC URL to connect to 'dataSource': url='jdbc:h2:tcp://localhost:41063/mem:736625c0-cf5e-400d-aeaa-8a7eabd6262b;USER=sa', scope='ParticipationIntegrationTest#participateInProgrammingTeamExercise_withoutAssignedTeam'
    23:49:26.907 |  27 nPool-1-worker-1 | DEBUG | d.t.c.a.a.c.s.f.ApiVersionFilter     : Adding Version to Request POST /api/exercises/3868/participations
    23:49:26.908 |  27 nPool-1-worker-1 | DEBUG | d.t.c.a.a.e.w.ParticipationResource  : REST request to start Exercise : 3868
    23:49:26.912 |  27 nPool-1-worker-1 | ERROR | tech.jhipster.web.util.HeaderUtil    : Entity processing failed, Team exercise cannot be started without assigned team.
    23:49:26.912 |  27 nPool-1-worker-1 | WARN  | o.z.p.spring.common.AdviceTraits     : Bad Request: Team exercise cannot be started without assigned team.

  Starting logs for ParticipationIntegrationTest > requestModelingFeedbackSuccess_withAthenaSuccess()
    23:49:26.935 |  27 nPool-1-worker-1 | DEBUG | d.t.c.a.a.c.u.util.UserUtilService   : Generate 4 students...
    23:49:26.940 |  27 nPool-1-worker-1 | DEBUG | d.t.c.a.a.c.u.util.UserUtilService   : 4 students generated. Generate 1 tutors...
    23:49:26.942 |  27 nPool-1-worker-1 | DEBUG | d.t.c.a.a.c.u.util.UserUtilService   : 1 tutors generated. Generate 1 editors...
    23:49:26.944 |  27 nPool-1-worker-1 | DEBUG | d.t.c.a.a.c.u.util.UserUtilService   : 1 editors generated. Generate 1 instructors...
    23:49:26.947 |  27 nPool-1-worker-1 | DEBUG | d.t.c.a.a.c.u.util.UserUtilService   : 1 instructors generated
    23:49:26.948 |  27 nPool-1-worker-1 | DEBUG | d.t.c.a.a.c.u.util.UserUtilService   : Removing 6 users from all courses...
    23:49:26.948 |  27 nPool-1-worker-1 | DEBUG | d.t.c.a.a.c.u.util.UserUtilService   : Removing 6 users from all courses. Done
    23:49:26.948 |  27 nPool-1-worker-1 | DEBUG | d.t.c.a.a.c.u.util.UserUtilService   : Save 7 users to database...
    23:49:26.952 |  27 nPool-1-worker-1 | DEBUG | d.t.c.a.a.c.u.util.UserUtilService   : Save 7 users to database. Done
    23:49:26.962 |  27 nPool-1-worker-1 | INFO  | .c.a.a.c.s.TitleCacheEvictionService : Evicted entry '3869' from title cache 'exerciseTitle'
    23:49:27.006 |  27 nPool-1-worker-1 | INFO  | i.z.t.d.l.EmbeddedDatabaseReporter   : JDBC URL to connect to 'dataSource': url='jdbc:h2:tcp://localhost:41063/mem:736625c0-cf5e-400d-aeaa-8a7eabd6262b;USER=sa', scope='ParticipationIntegrationTest#requestModelingFeedbackSuccess_withAthenaSuccess'
    23:49:27.021 |  27 nPool-1-worker-1 | DEBUG | .c.s.m.InstanceMessageReceiveService : Received schedule participant score for exercise 3869 and participant 820 (result to be deleted: null)
    23:49:27.021 |  27 nPool-1-worker-1 | DEBUG | .a.s.ParticipantScoreScheduleService : Scheduled task for exercise 3869 and participant 820 at 2025-02-14T23:49:27.121322737Z[Etc/UTC].
    23:49:27.022 |  27 nPool-1-worker-1 | DEBUG | .c.s.m.InstanceMessageReceiveService : Received schedule participant score for exercise 3869 and participant 820 (result to be deleted: null)
    23:49:27.022 |  27 nPool-1-worker-1 | DEBUG | .a.s.ParticipantScoreScheduleService : Scheduled task for exercise 3869 and participant 820 at 2025-02-14T23:49:27.122089827Z[Etc/UTC].
    23:49:27.040 |  27 nPool-1-worker-1 | DEBUG | .c.s.m.InstanceMessageReceiveService : Received schedule participant score for exercise 3869 and participant 820 (result to be deleted: null)
    23:49:27.040 |  27 nPool-1-worker-1 | DEBUG | .a.s.ParticipantScoreScheduleService : Scheduled task for exercise 3869 and participant 820 at 2025-02-14T23:49:27.140840806Z[Etc/UTC].
    23:49:27.040 |  27 nPool-1-worker-1 | DEBUG | .c.s.m.InstanceMessageReceiveService : Received schedule participant score for exercise 3869 and participant 820 (result to be deleted: null)
    23:49:27.040 |  27 nPool-1-worker-1 | DEBUG | .a.s.ParticipantScoreScheduleService : Scheduled task for exercise 3869 and participant 820 at 2025-02-14T23:49:27.140969235Z[Etc/UTC].
    23:49:27.049 |  27 nPool-1-worker-1 | DEBUG | .c.s.m.InstanceMessageReceiveService : Received schedule participant score for exercise 3869 and participant 820 (result to be deleted: null)
    23:49:27.049 |  27 nPool-1-worker-1 | DEBUG | .a.s.ParticipantScoreScheduleService : Scheduled task for exercise 3869 and participant 820 at 2025-02-14T23:49:27.149929355Z[Etc/UTC].
    23:49:27.050 |  27 nPool-1-worker-1 | DEBUG | d.t.c.a.a.c.s.f.ApiVersionFilter     : Adding Version to Request PUT /api/exercises/3869/request-feedback
    23:49:27.051 |  27 nPool-1-worker-1 | DEBUG | d.t.c.a.a.e.w.ParticipationResource  : REST request for feedback request: 3869
    23:49:27.055 | 111 monPool-worker-1 | DEBUG | .m.s.ModelingExerciseFeedbackService : Using athena to generate (modeling exercise) feedback request: 3869
    23:49:27.058 | 111 monPool-worker-1 | DEBUG | .m.s.ModelingExerciseFeedbackService : Submission id: 1769
    23:49:27.058 | 111 monPool-worker-1 | DEBUG | a.s.AthenaFeedbackSuggestionsService : Start Athena 'Non Graded' Feedback Suggestions Service for Modeling Exercise 'UML Class Diagram' (#3869).
    23:49:27.058 | 111 monPool-worker-1 | DEBUG | d.t.c.a.a.a.service.AthenaConnector  : Calling Athena.
    23:49:27.059 | 111 monPool-worker-1 | DEBUG | d.t.c.a.a.a.service.AthenaConnector  : Finished remote call in 616µs
    23:49:27.059 | 111 monPool-worker-1 | INFO  | a.s.AthenaFeedbackSuggestionsService : Athena responded to 'Non Graded' feedback suggestions request: [ModelingFeedbackDTO[id=1, exerciseId=1, submissionId=1, title=Not so good, description=This needs to be improved, credits=0.0, structuredGradingInstructionId=null, reference=null]]
    23:49:27.060 | 111 monPool-worker-1 | DEBUG | .c.s.m.InstanceMessageReceiveService : Received schedule participant score for exercise 3869 and participant 820 (result to be deleted: null)
    23:49:27.060 | 111 monPool-worker-1 | DEBUG | .a.s.ParticipantScoreScheduleService : Scheduled task for exercise 3869 and participant 820 at 2025-02-14T23:49:27.160473475Z[Etc/UTC].
    23:49:27.077 | 111 monPool-worker-1 | DEBUG | .c.s.m.InstanceMessageReceiveService : Received schedule participant score for exercise 3869 and participant 820 (result to be deleted: null)
    23:49:27.077 | 111 monPool-worker-1 | DEBUG | .a.s.ParticipantScoreScheduleService : Scheduled task for exercise 3869 and participant 820 at 2025-02-14T23:49:27.177350661Z[Etc/UTC].
    23:49:27.087 | 111 monPool-worker-1 | DEBUG | .c.s.m.InstanceMessageReceiveService : Received schedule participant score for exercise 3869 and participant 820 (result to be deleted: null)
    23:49:27.087 | 111 monPool-worker-1 | DEBUG | .a.s.ParticipantScoreScheduleService : Scheduled task for exercise 3869 and participant 820 at 2025-02-14T23:49:27.187700322Z[Etc/UTC].
    23:49:27.108 | 111 monPool-worker-1 | DEBUG | .c.s.m.InstanceMessageReceiveService : Received schedule participant score for exercise 3869 and participant 820 (result to be deleted: null)
    23:49:27.108 | 111 monPool-worker-1 | DEBUG | .a.s.ParticipantScoreScheduleService : Scheduled task for exercise 3869 and participant 820 at 2025-02-14T23:49:27.208663536Z[Etc/UTC].

  Starting logs for ParticipationIntegrationTest > participateInModelingExercise()
    23:49:27.139 |  27 nPool-1-worker-1 | DEBUG | d.t.c.a.a.c.u.util.UserUtilService   : Generate 4 students...
    23:49:27.145 |  27 nPool-1-worker-1 | DEBUG | d.t.c.a.a.c.u.util.UserUtilService   : 4 students generated. Generate 1 tutors...
    23:49:27.147 |  27 nPool-1-worker-1 | DEBUG | d.t.c.a.a.c.u.util.UserUtilService   : 1 tutors generated. Generate 1 editors...
    23:49:27.149 |  27 nPool-1-worker-1 | DEBUG | d.t.c.a.a.c.u.util.UserUtilService   : 1 editors generated. Generate 1 instructors...
    23:49:27.151 |  27 nPool-1-worker-1 | DEBUG | d.t.c.a.a.c.u.util.UserUtilService   : 1 instructors generated
    23:49:27.152 |  27 nPool-1-worker-1 | DEBUG | d.t.c.a.a.c.u.util.UserUtilService   : Removing 6 users from all courses...
    23:49:27.153 |  27 nPool-1-worker-1 | DEBUG | d.t.c.a.a.c.u.util.UserUtilService   : Removing 6 users from all courses. Done
    23:49:27.153 |  27 nPool-1-worker-1 | DEBUG | d.t.c.a.a.c.u.util.UserUtilService   : Save 7 users to database...
    23:49:27.156 |  27 nPool-1-worker-1 | DEBUG | d.t.c.a.a.c.u.util.UserUtilService   : Save 7 users to database. Done
    23:49:27.167 |  27 nPool-1-worker-1 | INFO  | .c.a.a.c.s.TitleCacheEvictionService : Evicted entry '3872' from title cache 'exerciseTitle'
    23:49:27.211 |  27 nPool-1-worker-1 | INFO  | i.z.t.d.l.EmbeddedDatabaseReporter   : JDBC URL to connect to 'dataSource': url='jdbc:h2:tcp://localhost:41063/mem:736625c0-cf5e-400d-aeaa-8a7eabd6262b;USER=sa', scope='ParticipationIntegrationTest#participateInModelingExercise'
    23:49:27.212 |  27 nPool-1-worker-1 | DEBUG | d.t.c.a.a.c.s.f.ApiVersionFilter     : Adding Version to Request POST /api/exercises/3872/participations
    23:49:27.213 |  27 nPool-1-worker-1 | DEBUG | d.t.c.a.a.e.w.ParticipationResource  : REST request to start Exercise : 3872
    23:49:27.228 |  27 nPool-1-worker-1 | DEBUG | d.t.c.a.a.c.s.f.ApiVersionFilter     : Adding Version to Request GET /api/participations/5821
    23:49:27.228 |  27 nPool-1-worker-1 | DEBUG | d.t.c.a.a.e.w.ParticipationResource  : REST request to get participation : 5821

  Starting logs for ParticipationIntegrationTest > participateInTextExercise_releaseDateReachedStartDateReached()
    23:49:27.255 |  27 nPool-1-worker-1 | DEBUG | d.t.c.a.a.c.u.util.UserUtilService   : Generate 4 students...
    23:49:27.261 |  27 nPool-1-worker-1 | DEBUG | d.t.c.a.a.c.u.util.UserUtilService   : 4 students generated. Generate 1 tutors...
    23:49:27.263 |  27 nPool-1-worker-1 | DEBUG | d.t.c.a.a.c.u.util.UserUtilService   : 1 tutors generated. Generate 1 editors...
    23:49:27.265 |  27 nPool-1-worker-1 | DEBUG | d.t.c.a.a.c.u.util.UserUtilService   : 1 editors generated. Generate 1 instructors...
    23:49:27.267 |  27 nPool-1-worker-1 | DEBUG | d.t.c.a.a.c.u.util.UserUtilService   : 1 instructors generated
    23:49:27.268 |  27 nPool-1-worker-1 | DEBUG | d.t.c.a.a.c.u.util.UserUtilService   : Removing 6 users from all courses...
    23:49:27.269 |  27 nPool-1-worker-1 | DEBUG | d.t.c.a.a.c.u.util.UserUtilService   : Removing 6 users from all courses. Done
    23:49:27.269 |  27 nPool-1-worker-1 | DEBUG | d.t.c.a.a.c.u.util.UserUtilService   : Save 7 users to database...
    23:49:27.272 |  27 nPool-1-worker-1 | DEBUG | d.t.c.a.a.c.u.util.UserUtilService   : Save 7 users to database. Done
    23:49:27.283 |  27 nPool-1-worker-1 | INFO  | .c.a.a.c.s.TitleCacheEvictionService : Evicted entry '3875' from title cache 'exerciseTitle'
    23:49:27.327 |  27 nPool-1-worker-1 | INFO  | i.z.t.d.l.EmbeddedDatabaseReporter   : JDBC URL to connect to 'dataSource': url='jdbc:h2:tcp://localhost:41063/mem:736625c0-cf5e-400d-aeaa-8a7eabd6262b;USER=sa', scope='ParticipationIntegrationTest#participateInTextExercise_releaseDateReachedStartDateReached'
    23:49:27.332 |  27 nPool-1-worker-1 | DEBUG | d.t.c.a.a.c.s.f.ApiVersionFilter     : Adding Version to Request POST /api/exercises/3876/participations
    23:49:27.333 |  27 nPool-1-worker-1 | DEBUG | d.t.c.a.a.e.w.ParticipationResource  : REST request to start Exercise : 3876

  Starting logs for ParticipationIntegrationTest > getSubmissionOfParticipation()
    23:49:27.372 |  27 nPool-1-worker-1 | DEBUG | d.t.c.a.a.c.u.util.UserUtilService   : Generate 4 students...
    23:49:27.377 |  27 nPool-1-worker-1 | DEBUG | d.t.c.a.a.c.u.util.UserUtilService   : 4 students generated. Generate 1 tutors...
    23:49:27.380 |  27 nPool-1-worker-1 | DEBUG | d.t.c.a.a.c.u.util.UserUtilService   : 1 tutors generated. Generate 1 editors...
    23:49:27.382 |  27 nPool-1-worker-1 | DEBUG | d.t.c.a.a.c.u.util.UserUtilService   : 1 editors generated. Generate 1 instructors...
    23:49:27.384 |  27 nPool-1-worker-1 | DEBUG | d.t.c.a.a.c.u.util.UserUtilService   : 1 instructors generated
    23:49:27.385 |  27 nPool-1-worker-1 | DEBUG | d.t.c.a.a.c.u.util.UserUtilService   : Removing 6 users from all courses...
    23:49:27.386 |  27 nPool-1-worker-1 | DEBUG | d.t.c.a.a.c.u.util.UserUtilService   : Removing 6 users from all courses. Done
    23:49:27.386 |  27 nPool-1-worker-1 | DEBUG | d.t.c.a.a.c.u.util.UserUtilService   : Save 7 users to database...
    23:49:27.389 |  27 nPool-1-worker-1 | DEBUG | d.t.c.a.a.c.u.util.UserUtilService   : Save 7 users to database. Done
    23:49:27.399 |  27 nPool-1-worker-1 | INFO  | .c.a.a.c.s.TitleCacheEvictionService : Evicted entry '3878' from title cache 'exerciseTitle'
    23:49:27.442 |  27 nPool-1-worker-1 | INFO  | i.z.t.d.l.EmbeddedDatabaseReporter   : JDBC URL to connect to 'dataSource': url='jdbc:h2:tcp://localhost:41063/mem:736625c0-cf5e-400d-aeaa-8a7eabd6262b;USER=sa', scope='ParticipationIntegrationTest#getSubmissionOfParticipation'
    23:49:27.456 |  27 nPool-1-worker-1 | DEBUG | d.t.c.a.a.c.s.f.ApiVersionFilter     : Adding Version to Request GET /api/participations/5823/submissions

  Starting logs for ParticipationIntegrationTest > updateProgrammingExerciseIndividualDueDateInPast()
    23:49:27.483 |  27 nPool-1-worker-1 | DEBUG | d.t.c.a.a.c.u.util.UserUtilService   : Generate 4 students...
    23:49:27.488 |  27 nPool-1-worker-1 | DEBUG | d.t.c.a.a.c.u.util.UserUtilService   : 4 students generated. Generate 1 tutors...
    23:49:27.490 |  27 nPool-1-worker-1 | DEBUG | d.t.c.a.a.c.u.util.UserUtilService   : 1 tutors generated. Generate 1 editors...
    23:49:27.492 |  27 nPool-1-worker-1 | DEBUG | d.t.c.a.a.c.u.util.UserUtilService   : 1 editors generated. Generate 1 instructors...
    23:49:27.494 |  27 nPool-1-worker-1 | DEBUG | d.t.c.a.a.c.u.util.UserUtilService   : 1 instructors generated
    23:49:27.495 |  27 nPool-1-worker-1 | DEBUG | d.t.c.a.a.c.u.util.UserUtilService   : Removing 6 users from all courses...
    23:49:27.496 |  27 nPool-1-worker-1 | DEBUG | d.t.c.a.a.c.u.util.UserUtilService   : Removing 6 users from all courses. Done
    23:49:27.496 |  27 nPool-1-worker-1 | DEBUG | d.t.c.a.a.c.u.util.UserUtilService   : Save 7 users to database...
    23:49:27.499 |  27 nPool-1-worker-1 | DEBUG | d.t.c.a.a.c.u.util.UserUtilService   : Save 7 users to database. Done
    23:49:27.510 |  27 nPool-1-worker-1 | INFO  | .c.a.a.c.s.TitleCacheEvictionService : Evicted entry '3881' from title cache 'exerciseTitle'
    23:49:27.553 |  27 nPool-1-worker-1 | INFO  | i.z.t.d.l.EmbeddedDatabaseReporter   : JDBC URL to connect to 'dataSource': url='jdbc:h2:tcp://localhost:41063/mem:736625c0-cf5e-400d-aeaa-8a7eabd6262b;USER=sa', scope='ParticipationIntegrationTest#updateProgrammingExerciseIndividualDueDateInPast'
    23:49:27.565 |  27 nPool-1-worker-1 | DEBUG | PersonalAccessTokenManagementService : Generate secure vcs access token
    23:49:27.568 |  27 nPool-1-worker-1 | DEBUG | d.t.c.a.a.c.s.f.ApiVersionFilter     : Adding Version to Request PUT /api/exercises/3884/participations/update-individual-due-date
    23:49:27.571 |  27 nPool-1-worker-1 | INFO  | d.t.c.a.a.e.w.ParticipationResource  : Updating scheduling for exercise Programming (id 3884) due to changed individual due dates.
    23:49:27.571 |  27 nPool-1-worker-1 | INFO  | .c.s.m.InstanceMessageReceiveService : Received schedule update for programming exercise 3884
    23:49:27.572 |  27 nPool-1-worker-1 | DEBUG | t.c.a.a.e.s.ExerciseLifecycleService : Scheduled 1 Tasks for Exercise "Programming" (#3884) to trigger on RELEASE.
    23:49:27.572 |  27 nPool-1-worker-1 | DEBUG | s.ProgrammingExerciseScheduleService : Scheduled combining template commits before release date for Programming Exercise "Programming" (#3884) for 2025-02-15T23:49:27.554291Z.
    23:49:27.572 |  27 nPool-1-worker-1 | DEBUG | t.c.a.a.e.s.ExerciseLifecycleService : Scheduled Task for Exercise "Programming" (#3884) to trigger on BUILD_AND_TEST_AFTER_DUE_DATE.
    23:49:27.572 |  27 nPool-1-worker-1 | DEBUG | s.ProgrammingExerciseScheduleService : Scheduled build and test for student submissions after due date for Programming Exercise 'Programming' (#3884) for 2025-02-19T23:49:27.554293Z.
    23:49:27.573 |  27 nPool-1-worker-1 | INFO  | .c.s.m.InstanceMessageReceiveService : Received schedule update for potential Athena exercise 3884

  Starting logs for ParticipationIntegrationTest > whenModelingFeedbackRequestedAndSubmissionEmpty_thenFail()
    23:49:27.598 |  27 nPool-1-worker-1 | DEBUG | d.t.c.a.a.c.u.util.UserUtilService   : Generate 4 students...
    23:49:27.603 |  27 nPool-1-worker-1 | DEBUG | d.t.c.a.a.c.u.util.UserUtilService   : 4 students generated. Generate 1 tutors...
    23:49:27.606 |  27 nPool-1-worker-1 | DEBUG | d.t.c.a.a.c.u.util.UserUtilService   : 1 tutors generated. Generate 1 editors...
    23:49:27.608 |  27 nPool-1-worker-1 | DEBUG | d.t.c.a.a.c.u.util.UserUtilService   : 1 editors generated. Generate 1 instructors...
    23:49:27.610 |  27 nPool-1-worker-1 | DEBUG | d.t.c.a.a.c.u.util.UserUtilService   : 1 instructors generated
    23:49:27.611 |  27 nPool-1-worker-1 | DEBUG | d.t.c.a.a.c.u.util.UserUtilService   : Removing 6 users from all courses...
    23:49:27.612 |  27 nPool-1-worker-1 | DEBUG | d.t.c.a.a.c.u.util.UserUtilService   : Removing 6 users from all courses. Done
    23:49:27.612 |  27 nPool-1-worker-1 | DEBUG | d.t.c.a.a.c.u.util.UserUtilService   : Save 7 users to database...
    23:49:27.615 |  27 nPool-1-worker-1 | DEBUG | d.t.c.a.a.c.u.util.UserUtilService   : Save 7 users to database. Done
    23:49:27.625 |  27 nPool-1-worker-1 | INFO  | .c.a.a.c.s.TitleCacheEvictionService : Evicted entry '3885' from title cache 'exerciseTitle'
    23:49:27.668 |  27 nPool-1-worker-1 | INFO  | i.z.t.d.l.EmbeddedDatabaseReporter   : JDBC URL to connect to 'dataSource': url='jdbc:h2:tcp://localhost:41063/mem:736625c0-cf5e-400d-aeaa-8a7eabd6262b;USER=sa', scope='ParticipationIntegrationTest#whenModelingFeedbackRequestedAndSubmissionEmpty_thenFail'
    23:49:27.671 |  27 nPool-1-worker-1 | DEBUG | d.t.c.a.a.c.s.f.ApiVersionFilter     : Adding Version to Request PUT /api/exercises/3886/request-feedback
    23:49:27.672 |  27 nPool-1-worker-1 | DEBUG | d.t.c.a.a.e.w.ParticipationResource  : REST request for feedback request: 3886
    23:49:27.674 |  27 nPool-1-worker-1 | ERROR | tech.jhipster.web.util.HeaderUtil    : Entity processing failed, Submission not found
    23:49:27.674 |  27 nPool-1-worker-1 | WARN  | o.z.p.spring.common.AdviceTraits     : Bad Request: Submission not found

  Starting logs for ParticipationIntegrationTest > whenFeedbackRequestedAndDeadlinePassed_thenFail()
    23:49:27.697 |  27 nPool-1-worker-1 | DEBUG | d.t.c.a.a.c.u.util.UserUtilService   : Generate 4 students...
    23:49:27.702 |  27 nPool-1-worker-1 | DEBUG | d.t.c.a.a.c.u.util.UserUtilService   : 4 students generated. Generate 1 tutors...
    23:49:27.704 |  27 nPool-1-worker-1 | DEBUG | d.t.c.a.a.c.u.util.UserUtilService   : 1 tutors generated. Generate 1 editors...
    23:49:27.706 |  27 nPool-1-worker-1 | DEBUG | d.t.c.a.a.c.u.util.UserUtilService   : 1 editors generated. Generate 1 instructors...
    23:49:27.708 |  27 nPool-1-worker-1 | DEBUG | d.t.c.a.a.c.u.util.UserUtilService   : 1 instructors generated
    23:49:27.709 |  27 nPool-1-worker-1 | DEBUG | d.t.c.a.a.c.u.util.UserUtilService   : Removing 6 users from all courses...
    23:49:27.710 |  27 nPool-1-worker-1 | DEBUG | d.t.c.a.a.c.u.util.UserUtilService   : Removing 6 users from all courses. Done
    23:49:27.710 |  27 nPool-1-worker-1 | DEBUG | d.t.c.a.a.c.u.util.UserUtilService   : Save 7 users to database...
    23:49:27.713 |  27 nPool-1-worker-1 | DEBUG | d.t.c.a.a.c.u.util.UserUtilService   : Save 7 users to database. Done
    23:49:27.723 |  27 nPool-1-worker-1 | INFO  | .c.a.a.c.s.TitleCacheEvictionService : Evicted entry '3888' from title cache 'exerciseTitle'
    23:49:27.767 |  27 nPool-1-worker-1 | INFO  | i.z.t.d.l.EmbeddedDatabaseReporter   : JDBC URL to connect to 'dataSource': url='jdbc:h2:tcp://localhost:41063/mem:736625c0-cf5e-400d-aeaa-8a7eabd6262b;USER=sa', scope='ParticipationIntegrationTest#whenFeedbackRequestedAndDeadlinePassed_thenFail'
    23:49:27.776 |  27 nPool-1-worker-1 | DEBUG | .c.s.m.InstanceMessageReceiveService : Received schedule participant score for exercise 3890 and participant 820 (result to be deleted: null)
    23:49:27.776 |  27 nPool-1-worker-1 | DEBUG | .a.s.ParticipantScoreScheduleService : Scheduled task for exercise 3890 and participant 820 at 2025-02-14T23:49:27.876663102Z[Etc/UTC].
    23:49:27.777 |  27 nPool-1-worker-1 | DEBUG | d.t.c.a.a.c.s.f.ApiVersionFilter     : Adding Version to Request PUT /api/exercises/3890/request-feedback
    23:49:27.778 |  27 nPool-1-worker-1 | DEBUG | d.t.c.a.a.e.w.ParticipationResource  : REST request for feedback request: 3890
    23:49:27.778 |  27 nPool-1-worker-1 | ERROR | tech.jhipster.web.util.HeaderUtil    : Entity processing failed, The due date is over
    23:49:27.779 |  27 nPool-1-worker-1 | WARN  | o.z.p.spring.common.AdviceTraits     : Bad Request: The due date is over

  Starting logs for ParticipationIntegrationTest > participateInProgrammingExercise_featureDisabled()
    23:49:27.844 |  27 nPool-1-worker-1 | DEBUG | d.t.c.a.a.c.u.util.UserUtilService   : Generate 4 students...
    23:49:27.849 |  27 nPool-1-worker-1 | DEBUG | d.t.c.a.a.c.u.util.UserUtilService   : 4 students generated. Generate 1 tutors...
    23:49:27.851 |  27 nPool-1-worker-1 | DEBUG | d.t.c.a.a.c.u.util.UserUtilService   : 1 tutors generated. Generate 1 editors...
    23:49:27.853 |  27 nPool-1-worker-1 | DEBUG | d.t.c.a.a.c.u.util.UserUtilService   : 1 editors generated. Generate 1 instructors...
    23:49:27.855 |  27 nPool-1-worker-1 | DEBUG | d.t.c.a.a.c.u.util.UserUtilService   : 1 instructors generated
    23:49:27.856 |  27 nPool-1-worker-1 | DEBUG | d.t.c.a.a.c.u.util.UserUtilService   : Removing 6 users from all courses...
    23:49:27.857 |  27 nPool-1-worker-1 | DEBUG | d.t.c.a.a.c.u.util.UserUtilService   : Removing 6 users from all courses. Done
    23:49:27.857 |  27 nPool-1-worker-1 | DEBUG | d.t.c.a.a.c.u.util.UserUtilService   : Save 7 users to database...
    23:49:27.860 |  27 nPool-1-worker-1 | DEBUG | d.t.c.a.a.c.u.util.UserUtilService   : Save 7 users to database. Done
    23:49:27.870 |  27 nPool-1-worker-1 | INFO  | .c.a.a.c.s.TitleCacheEvictionService : Evicted entry '3891' from title cache 'exerciseTitle'
    23:49:27.914 |  27 nPool-1-worker-1 | INFO  | i.z.t.d.l.EmbeddedDatabaseReporter   : JDBC URL to connect to 'dataSource': url='jdbc:h2:tcp://localhost:41063/mem:736625c0-cf5e-400d-aeaa-8a7eabd6262b;USER=sa', scope='ParticipationIntegrationTest#participateInProgrammingExercise_featureDisabled'
    23:49:27.916 |  27 nPool-1-worker-1 | DEBUG | d.t.c.a.a.c.s.f.ApiVersionFilter     : Adding Version to Request POST /api/exercises/3893/participations
    23:49:27.917 |  27 nPool-1-worker-1 | DEBUG | d.t.c.a.a.e.w.ParticipationResource  : REST request to start Exercise : 3893
    23:49:27.920 |  27 nPool-1-worker-1 | WARN  | o.z.p.spring.common.AdviceTraits     : Forbidden: Not allowed

  Starting logs for ParticipationIntegrationTest > resumeProgrammingExerciseParticipation()
    23:49:27.944 |  27 nPool-1-worker-1 | DEBUG | d.t.c.a.a.c.u.util.UserUtilService   : Generate 4 students...
    23:49:27.949 |  27 nPool-1-worker-1 | DEBUG | d.t.c.a.a.c.u.util.UserUtilService   : 4 students generated. Generate 1 tutors...
    23:49:27.951 |  27 nPool-1-worker-1 | DEBUG | d.t.c.a.a.c.u.util.UserUtilService   : 1 tutors generated. Generate 1 editors...
    23:49:27.953 |  27 nPool-1-worker-1 | DEBUG | d.t.c.a.a.c.u.util.UserUtilService   : 1 editors generated. Generate 1 instructors...
    23:49:27.955 |  27 nPool-1-worker-1 | DEBUG | d.t.c.a.a.c.u.util.UserUtilService   : 1 instructors generated
    23:49:27.956 |  27 nPool-1-worker-1 | DEBUG | d.t.c.a.a.c.u.util.UserUtilService   : Removing 6 users from all courses...
    23:49:27.957 |  27 nPool-1-worker-1 | DEBUG | d.t.c.a.a.c.u.util.UserUtilService   : Removing 6 users from all courses. Done
    23:49:27.957 |  27 nPool-1-worker-1 | DEBUG | d.t.c.a.a.c.u.util.UserUtilService   : Save 7 users to database...
    23:49:27.960 |  27 nPool-1-worker-1 | DEBUG | d.t.c.a.a.c.u.util.UserUtilService   : Save 7 users to database. Done
    23:49:27.970 |  27 nPool-1-worker-1 | INFO  | .c.a.a.c.s.TitleCacheEvictionService : Evicted entry '3894' from title cache 'exerciseTitle'
    23:49:28.014 |  27 nPool-1-worker-1 | INFO  | i.z.t.d.l.EmbeddedDatabaseReporter   : JDBC URL to connect to 'dataSource': url='jdbc:h2:tcp://localhost:41063/mem:736625c0-cf5e-400d-aeaa-8a7eabd6262b;USER=sa', scope='ParticipationIntegrationTest#resumeProgrammingExerciseParticipation'
    23:49:28.019 |  27 nPool-1-worker-1 | DEBUG | d.t.c.a.a.c.s.f.ApiVersionFilter     : Adding Version to Request PUT /api/exercises/3896/resume-programming-participation/5829
    23:49:28.019 |  27 nPool-1-worker-1 | DEBUG | d.t.c.a.a.e.w.ParticipationResource  : REST request to resume Exercise : 3896

  Starting logs for ParticipationIntegrationTest > getAllParticipationsForCourse()
    23:49:28.055 |  27 nPool-1-worker-1 | DEBUG | d.t.c.a.a.c.u.util.UserUtilService   : Generate 4 students...
    23:49:28.059 |  27 nPool-1-worker-1 | DEBUG | d.t.c.a.a.c.u.util.UserUtilService   : 4 students generated. Generate 1 tutors...
    23:49:28.061 |  27 nPool-1-worker-1 | DEBUG | d.t.c.a.a.c.u.util.UserUtilService   : 1 tutors generated. Generate 1 editors...
    23:49:28.063 |  27 nPool-1-worker-1 | DEBUG | d.t.c.a.a.c.u.util.UserUtilService   : 1 editors generated. Generate 1 instructors...
    23:49:28.066 |  27 nPool-1-worker-1 | DEBUG | d.t.c.a.a.c.u.util.UserUtilService   : 1 instructors generated
    23:49:28.067 |  27 nPool-1-worker-1 | DEBUG | d.t.c.a.a.c.u.util.UserUtilService   : Removing 6 users from all courses...
    23:49:28.067 |  27 nPool-1-worker-1 | DEBUG | d.t.c.a.a.c.u.util.UserUtilService   : Removing 6 users from all courses. Done
    23:49:28.067 |  27 nPool-1-worker-1 | DEBUG | d.t.c.a.a.c.u.util.UserUtilService   : Save 7 users to database...
    23:49:28.070 |  27 nPool-1-worker-1 | DEBUG | d.t.c.a.a.c.u.util.UserUtilService   : Save 7 users to database. Done
    23:49:28.081 |  27 nPool-1-worker-1 | INFO  | .c.a.a.c.s.TitleCacheEvictionService : Evicted entry '3897' from title cache 'exerciseTitle'
    23:49:28.125 |  27 nPool-1-worker-1 | INFO  | i.z.t.d.l.EmbeddedDatabaseReporter   : JDBC URL to connect to 'dataSource': url='jdbc:h2:tcp://localhost:41063/mem:736625c0-cf5e-400d-aeaa-8a7eabd6262b;USER=sa', scope='ParticipationIntegrationTest#getAllParticipationsForCourse'
    23:49:28.137 |  27 nPool-1-worker-1 | DEBUG | d.t.c.a.a.c.s.f.ApiVersionFilter     : Adding Version to Request GET /api/courses/2335/participations
    23:49:28.137 |  27 nPool-1-worker-1 | DEBUG | d.t.c.a.a.e.w.ParticipationResource  : REST request to get all Participations for Course 2335
    23:49:28.150 |  27 nPool-1-worker-1 | INFO  | d.t.c.a.a.e.w.ParticipationResource  : Found 4 participations with 0 results in 13ms

  Starting logs for ParticipationIntegrationTest > updateParticipation_notTutorInCourse()
    23:49:28.176 |  27 nPool-1-worker-1 | DEBUG | d.t.c.a.a.c.u.util.UserUtilService   : Generate 4 students...
    23:49:28.181 |  27 nPool-1-worker-1 | DEBUG | d.t.c.a.a.c.u.util.UserUtilService   : 4 students generated. Generate 1 tutors...
    23:49:28.183 |  27 nPool-1-worker-1 | DEBUG | d.t.c.a.a.c.u.util.UserUtilService   : 1 tutors generated. Generate 1 editors...
    23:49:28.186 |  27 nPool-1-worker-1 | DEBUG | d.t.c.a.a.c.u.util.UserUtilService   : 1 editors generated. Generate 1 instructors...
    23:49:28.188 |  27 nPool-1-worker-1 | DEBUG | d.t.c.a.a.c.u.util.UserUtilService   : 1 instructors generated
    23:49:28.189 |  27 nPool-1-worker-1 | DEBUG | d.t.c.a.a.c.u.util.UserUtilService   : Removing 6 users from all courses...
    23:49:28.189 |  27 nPool-1-worker-1 | DEBUG | d.t.c.a.a.c.u.util.UserUtilService   : Removing 6 users from all courses. Done
    23:49:28.189 |  27 nPool-1-worker-1 | DEBUG | d.t.c.a.a.c.u.util.UserUtilService   : Save 7 users to database...
    23:49:28.193 |  27 nPool-1-worker-1 | DEBUG | d.t.c.a.a.c.u.util.UserUtilService   : Save 7 users to database. Done
    23:49:28.203 |  27 nPool-1-worker-1 | INFO  | .c.a.a.c.s.TitleCacheEvictionService : Evicted entry '3901' from title cache 'exerciseTitle'
    23:49:28.247 |  27 nPool-1-worker-1 | INFO  | i.z.t.d.l.EmbeddedDatabaseReporter   : JDBC URL to connect to 'dataSource': url='jdbc:h2:tcp://localhost:41063/mem:736625c0-cf5e-400d-aeaa-8a7eabd6262b;USER=sa', scope='ParticipationIntegrationTest#updateParticipation_notTutorInCourse'
    23:49:28.250 |  27 nPool-1-worker-1 | DEBUG | d.t.c.a.a.c.s.f.ApiVersionFilter     : Adding Version to Request PUT /api/exercises/3902/participations
    23:49:28.251 |  27 nPool-1-worker-1 | DEBUG | d.t.c.a.a.e.w.ParticipationResource  : REST request to update Participation : StudentParticipation{id=5834, presentationScore=null, student=User{login='participationintegrationstudent1', firstName='participationintegrationstudent1First', lastName='participationintegrationstudent1Last', email='participationintegrationstudent1@test.de', imageUrl='null', activated='true', langKey='en', activationKey='null'}}
    23:49:28.254 |  27 nPool-1-worker-1 | WARN  | o.z.p.spring.common.AdviceTraits     : Forbidden: You are not allowed to access the Course with id 2338

  Starting logs for ParticipationIntegrationTest > whenTextFeedbackRequestedAndSubmissionEmpty_thenFail()
    23:49:28.277 |  27 nPool-1-worker-1 | DEBUG | d.t.c.a.a.c.u.util.UserUtilService   : Generate 4 students...
    23:49:28.282 |  27 nPool-1-worker-1 | DEBUG | d.t.c.a.a.c.u.util.UserUtilService   : 4 students generated. Generate 1 tutors...
    23:49:28.284 |  27 nPool-1-worker-1 | DEBUG | d.t.c.a.a.c.u.util.UserUtilService   : 1 tutors generated. Generate 1 editors...
    23:49:28.286 |  27 nPool-1-worker-1 | DEBUG | d.t.c.a.a.c.u.util.UserUtilService   : 1 editors generated. Generate 1 instructors...
    23:49:28.288 |  27 nPool-1-worker-1 | DEBUG | d.t.c.a.a.c.u.util.UserUtilService   : 1 instructors generated
    23:49:28.289 |  27 nPool-1-worker-1 | DEBUG | d.t.c.a.a.c.u.util.UserUtilService   : Removing 6 users from all courses...
    23:49:28.290 |  27 nPool-1-worker-1 | DEBUG | d.t.c.a.a.c.u.util.UserUtilService   : Removing 6 users from all courses. Done
    23:49:28.290 |  27 nPool-1-worker-1 | DEBUG | d.t.c.a.a.c.u.util.UserUtilService   : Save 7 users to database...
    23:49:28.293 |  27 nPool-1-worker-1 | DEBUG | d.t.c.a.a.c.u.util.UserUtilService   : Save 7 users to database. Done
    23:49:28.304 |  27 nPool-1-worker-1 | INFO  | .c.a.a.c.s.TitleCacheEvictionService : Evicted entry '3904' from title cache 'exerciseTitle'
    23:49:28.349 |  27 nPool-1-worker-1 | INFO  | i.z.t.d.l.EmbeddedDatabaseReporter   : JDBC URL to connect to 'dataSource': url='jdbc:h2:tcp://localhost:41063/mem:736625c0-cf5e-400d-aeaa-8a7eabd6262b;USER=sa', scope='ParticipationIntegrationTest#whenTextFeedbackRequestedAndSubmissionEmpty_thenFail'
    23:49:28.351 |  27 nPool-1-worker-1 | DEBUG | d.t.c.a.a.c.s.f.ApiVersionFilter     : Adding Version to Request PUT /api/exercises/3905/request-feedback
    23:49:28.352 |  27 nPool-1-worker-1 | DEBUG | d.t.c.a.a.e.w.ParticipationResource  : REST request for feedback request: 3905
    23:49:28.355 |  27 nPool-1-worker-1 | ERROR | tech.jhipster.web.util.HeaderUtil    : Entity processing failed, Submission can not be empty for an AI feedback request
    23:49:28.355 |  27 nPool-1-worker-1 | WARN  | o.z.p.spring.common.AdviceTraits     : Bad Request: Submission can not be empty for an AI feedback request

  Starting logs for ParticipationIntegrationTest > requestTextFeedbackSuccess_withAthenaSuccess()
    23:49:28.381 |  27 nPool-1-worker-1 | DEBUG | d.t.c.a.a.c.u.util.UserUtilService   : Generate 4 students...
    23:49:28.387 |  27 nPool-1-worker-1 | DEBUG | d.t.c.a.a.c.u.util.UserUtilService   : 4 students generated. Generate 1 tutors...
    23:49:28.389 |  27 nPool-1-worker-1 | DEBUG | d.t.c.a.a.c.u.util.UserUtilService   : 1 tutors generated. Generate 1 editors...
    23:49:28.392 |  27 nPool-1-worker-1 | DEBUG | d.t.c.a.a.c.u.util.UserUtilService   : 1 editors generated. Generate 1 instructors...
    23:49:28.394 |  27 nPool-1-worker-1 | DEBUG | d.t.c.a.a.c.u.util.UserUtilService   : 1 instructors generated
    23:49:28.396 |  27 nPool-1-worker-1 | DEBUG | d.t.c.a.a.c.u.util.UserUtilService   : Removing 6 users from all courses...
    23:49:28.397 |  27 nPool-1-worker-1 | DEBUG | d.t.c.a.a.c.u.util.UserUtilService   : Removing 6 users from all courses. Done
    23:49:28.397 |  27 nPool-1-worker-1 | DEBUG | d.t.c.a.a.c.u.util.UserUtilService   : Save 7 users to database...
    23:49:28.400 |  27 nPool-1-worker-1 | DEBUG | d.t.c.a.a.c.u.util.UserUtilService   : Save 7 users to database. Done
    23:49:28.411 |  27 nPool-1-worker-1 | INFO  | .c.a.a.c.s.TitleCacheEvictionService : Evicted entry '3907' from title cache 'exerciseTitle'
    23:49:28.455 |  27 nPool-1-worker-1 | INFO  | i.z.t.d.l.EmbeddedDatabaseReporter   : JDBC URL to connect to 'dataSource': url='jdbc:h2:tcp://localhost:41063/mem:736625c0-cf5e-400d-aeaa-8a7eabd6262b;USER=sa', scope='ParticipationIntegrationTest#requestTextFeedbackSuccess_withAthenaSuccess'
    23:49:28.473 |  27 nPool-1-worker-1 | DEBUG | .c.s.m.InstanceMessageReceiveService : Received schedule participant score for exercise 3908 and participant 820 (result to be deleted: null)
    23:49:28.473 |  27 nPool-1-worker-1 | DEBUG | .a.s.ParticipantScoreScheduleService : Scheduled task for exercise 3908 and participant 820 at 2025-02-14T23:49:28.573329588Z[Etc/UTC].
    23:49:28.474 |  27 nPool-1-worker-1 | DEBUG | .c.s.m.InstanceMessageReceiveService : Received schedule participant score for exercise 3908 and participant 820 (result to be deleted: null)
    23:49:28.474 |  27 nPool-1-worker-1 | DEBUG | .a.s.ParticipantScoreScheduleService : Scheduled task for exercise 3908 and participant 820 at 2025-02-14T23:49:28.574161229Z[Etc/UTC].
    23:49:28.492 |  27 nPool-1-worker-1 | DEBUG | .c.s.m.InstanceMessageReceiveService : Received schedule participant score for exercise 3908 and participant 820 (result to be deleted: null)
    23:49:28.493 |  27 nPool-1-worker-1 | DEBUG | .a.s.ParticipantScoreScheduleService : Scheduled task for exercise 3908 and participant 820 at 2025-02-14T23:49:28.593027753Z[Etc/UTC].
    23:49:28.493 |  27 nPool-1-worker-1 | DEBUG | .c.s.m.InstanceMessageReceiveService : Received schedule participant score for exercise 3908 and participant 820 (result to be deleted: null)
    23:49:28.493 |  27 nPool-1-worker-1 | DEBUG | .a.s.ParticipantScoreScheduleService : Scheduled task for exercise 3908 and participant 820 at 2025-02-14T23:49:28.593164738Z[Etc/UTC].
    23:49:28.501 |  27 nPool-1-worker-1 | DEBUG | .c.s.m.InstanceMessageReceiveService : Received schedule participant score for exercise 3908 and participant 820 (result to be deleted: null)
    23:49:28.501 |  27 nPool-1-worker-1 | DEBUG | .a.s.ParticipantScoreScheduleService : Scheduled task for exercise 3908 and participant 820 at 2025-02-14T23:49:28.601974748Z[Etc/UTC].
    23:49:28.502 |  27 nPool-1-worker-1 | DEBUG | d.t.c.a.a.c.s.f.ApiVersionFilter     : Adding Version to Request PUT /api/exercises/3908/request-feedback
    23:49:28.503 |  27 nPool-1-worker-1 | DEBUG | d.t.c.a.a.e.w.ParticipationResource  : REST request for feedback request: 3908

  Starting logs for ParticipationIntegrationTest > getParticipation_noParticipation()
    23:49:28.575 |  27 nPool-1-worker-1 | DEBUG | d.t.c.a.a.c.u.util.UserUtilService   : Generate 4 students...
    23:49:28.580 |  27 nPool-1-worker-1 | DEBUG | d.t.c.a.a.c.u.util.UserUtilService   : 4 students generated. Generate 1 tutors...
    23:49:28.582 |  27 nPool-1-worker-1 | DEBUG | d.t.c.a.a.c.u.util.UserUtilService   : 1 tutors generated. Generate 1 editors...
    23:49:28.584 |  27 nPool-1-worker-1 | DEBUG | d.t.c.a.a.c.u.util.UserUtilService   : 1 editors generated. Generate 1 instructors...
    23:49:28.586 |  27 nPool-1-worker-1 | DEBUG | d.t.c.a.a.c.u.util.UserUtilService   : 1 instructors generated
    23:49:28.587 |  27 nPool-1-worker-1 | DEBUG | d.t.c.a.a.c.u.util.UserUtilService   : Removing 6 users from all courses...
    23:49:28.588 |  27 nPool-1-worker-1 | DEBUG | d.t.c.a.a.c.u.util.UserUtilService   : Removing 6 users from all courses. Done
    23:49:28.588 |  27 nPool-1-worker-1 | DEBUG | d.t.c.a.a.c.u.util.UserUtilService   : Save 7 users to database...
    23:49:28.591 |  27 nPool-1-worker-1 | DEBUG | d.t.c.a.a.c.u.util.UserUtilService   : Save 7 users to database. Done
    23:49:28.601 |  27 nPool-1-worker-1 | INFO  | .c.a.a.c.s.TitleCacheEvictionService : Evicted entry '3910' from title cache 'exerciseTitle'
    23:49:28.646 |  27 nPool-1-worker-1 | INFO  | i.z.t.d.l.EmbeddedDatabaseReporter   : JDBC URL to connect to 'dataSource': url='jdbc:h2:tcp://localhost:41063/mem:736625c0-cf5e-400d-aeaa-8a7eabd6262b;USER=sa', scope='ParticipationIntegrationTest#getParticipation_noParticipation'
    23:49:28.647 |  27 nPool-1-worker-1 | DEBUG | d.t.c.a.a.c.s.f.ApiVersionFilter     : Adding Version to Request GET /api/exercises/3911/participation
    23:49:28.648 |  27 nPool-1-worker-1 | DEBUG | d.t.c.a.a.e.w.ParticipationResource  : REST request to get Participation for Exercise : 3911
    23:49:28.651 |  27 nPool-1-worker-1 | WARN  | o.z.p.spring.common.AdviceTraits     : Failed Dependency: 424 FAILED_DEPENDENCY "No participation found for participationintegrationstudent1 in exercise 3911"

  Starting logs for ParticipationIntegrationTest > resumeProgrammingExerciseParticipation_wrongExerciseId()
    23:49:28.674 |  27 nPool-1-worker-1 | DEBUG | d.t.c.a.a.c.u.util.UserUtilService   : Generate 4 students...
    23:49:28.679 |  27 nPool-1-worker-1 | DEBUG | d.t.c.a.a.c.u.util.UserUtilService   : 4 students generated. Generate 1 tutors...
    23:49:28.681 |  27 nPool-1-worker-1 | DEBUG | d.t.c.a.a.c.u.util.UserUtilService   : 1 tutors generated. Generate 1 editors...
    23:49:28.683 |  27 nPool-1-worker-1 | DEBUG | d.t.c.a.a.c.u.util.UserUtilService   : 1 editors generated. Generate 1 instructors...
    23:49:28.685 |  27 nPool-1-worker-1 | DEBUG | d.t.c.a.a.c.u.util.UserUtilService   : 1 instructors generated
    23:49:28.686 |  27 nPool-1-worker-1 | DEBUG | d.t.c.a.a.c.u.util.UserUtilService   : Removing 6 users from all courses...
    23:49:28.687 |  27 nPool-1-worker-1 | DEBUG | d.t.c.a.a.c.u.util.UserUtilService   : Removing 6 users from all courses. Done
    23:49:28.687 |  27 nPool-1-worker-1 | DEBUG | d.t.c.a.a.c.u.util.UserUtilService   : Save 7 users to database...
    23:49:28.690 |  27 nPool-1-worker-1 | DEBUG | d.t.c.a.a.c.u.util.UserUtilService   : Save 7 users to database. Done
    23:49:28.700 |  27 nPool-1-worker-1 | INFO  | .c.a.a.c.s.TitleCacheEvictionService : Evicted entry '3913' from title cache 'exerciseTitle'
    23:49:28.745 |  27 nPool-1-worker-1 | INFO  | i.z.t.d.l.EmbeddedDatabaseReporter   : JDBC URL to connect to 'dataSource': url='jdbc:h2:tcp://localhost:41063/mem:736625c0-cf5e-400d-aeaa-8a7eabd6262b;USER=sa', scope='ParticipationIntegrationTest#resumeProgrammingExerciseParticipation_wrongExerciseId'
    23:49:28.747 |  27 nPool-1-worker-1 | DEBUG | d.t.c.a.a.c.s.f.ApiVersionFilter     : Adding Version to Request PUT /api/exercises/10000/resume-programming-participation/5837
    23:49:28.748 |  27 nPool-1-worker-1 | DEBUG | d.t.c.a.a.e.w.ParticipationResource  : REST request to resume Exercise : 10000
    23:49:28.749 |  27 nPool-1-worker-1 | WARN  | o.z.p.spring.common.AdviceTraits     : Not Found: ProgrammingExercise with identifier: "10000" does not exist

  Starting logs for ParticipationIntegrationTest > updateIndividualDueDateProgrammingExercise()
    23:49:28.772 |  27 nPool-1-worker-1 | DEBUG | d.t.c.a.a.c.u.util.UserUtilService   : Generate 4 students...
    23:49:28.777 |  27 nPool-1-worker-1 | DEBUG | d.t.c.a.a.c.u.util.UserUtilService   : 4 students generated. Generate 1 tutors...
    23:49:28.779 |  27 nPool-1-worker-1 | DEBUG | d.t.c.a.a.c.u.util.UserUtilService   : 1 tutors generated. Generate 1 editors...
    23:49:28.781 |  27 nPool-1-worker-1 | DEBUG | d.t.c.a.a.c.u.util.UserUtilService   : 1 editors generated. Generate 1 instructors...
    23:49:28.783 |  27 nPool-1-worker-1 | DEBUG | d.t.c.a.a.c.u.util.UserUtilService   : 1 instructors generated
    23:49:28.785 |  27 nPool-1-worker-1 | DEBUG | d.t.c.a.a.c.u.util.UserUtilService   : Removing 6 users from all courses...
    23:49:28.785 |  27 nPool-1-worker-1 | DEBUG | d.t.c.a.a.c.u.util.UserUtilService   : Removing 6 users from all courses. Done
    23:49:28.785 |  27 nPool-1-worker-1 | DEBUG | d.t.c.a.a.c.u.util.UserUtilService   : Save 7 users to database...
    23:49:28.789 |  27 nPool-1-worker-1 | DEBUG | d.t.c.a.a.c.u.util.UserUtilService   : Save 7 users to database. Done
    23:49:28.799 |  27 nPool-1-worker-1 | INFO  | .c.a.a.c.s.TitleCacheEvictionService : Evicted entry '3916' from title cache 'exerciseTitle'
    23:49:28.844 |  27 nPool-1-worker-1 | INFO  | i.z.t.d.l.EmbeddedDatabaseReporter   : JDBC URL to connect to 'dataSource': url='jdbc:h2:tcp://localhost:41063/mem:736625c0-cf5e-400d-aeaa-8a7eabd6262b;USER=sa', scope='ParticipationIntegrationTest#updateIndividualDueDateProgrammingExercise'
    23:49:28.856 |  27 nPool-1-worker-1 | DEBUG | PersonalAccessTokenManagementService : Generate secure vcs access token
    23:49:28.859 |  27 nPool-1-worker-1 | DEBUG | PersonalAccessTokenManagementService : Generate secure vcs access token
    23:49:28.861 |  27 nPool-1-worker-1 | DEBUG | d.t.c.a.a.c.s.f.ApiVersionFilter     : Adding Version to Request PUT /api/exercises/3919/participations/update-individual-due-date
    23:49:28.863 |  27 nPool-1-worker-1 | INFO  | d.t.c.a.a.e.w.ParticipationResource  : Updating scheduling for exercise Programming (id 3919) due to changed individual due dates.
    23:49:28.863 |  27 nPool-1-worker-1 | INFO  | .c.s.m.InstanceMessageReceiveService : Received schedule update for programming exercise 3919
    23:49:28.865 |  27 nPool-1-worker-1 | DEBUG | t.c.a.a.e.s.ExerciseLifecycleService : Scheduled 1 Tasks for Exercise "Programming" (#3919) to trigger on RELEASE.
    23:49:28.865 |  27 nPool-1-worker-1 | DEBUG | s.ProgrammingExerciseScheduleService : Scheduled combining template commits before release date for Programming Exercise "Programming" (#3919) for 2025-02-15T23:49:28.844889Z.
    23:49:28.865 |  27 nPool-1-worker-1 | DEBUG | t.c.a.a.e.s.ExerciseLifecycleService : Scheduled Task for Exercise "Programming" (#3919) to trigger on DUE.
    23:49:28.865 |  27 nPool-1-worker-1 | DEBUG | s.ProgrammingExerciseScheduleService : Scheduled lock student repositories after due date for Programming Exercise 'Programming' (#3919) for 2025-02-15T01:49:28.853512Z.
    23:49:28.865 |  27 nPool-1-worker-1 | DEBUG | t.c.a.a.e.s.ExerciseLifecycleService : Scheduled Task for Exercise "Programming" (#3919) to trigger on BUILD_AND_TEST_AFTER_DUE_DATE.
    23:49:28.865 |  27 nPool-1-worker-1 | DEBUG | s.ProgrammingExerciseScheduleService : Scheduled build and test for student submissions after due date for Programming Exercise 'Programming' (#3919) for 2025-02-19T23:49:28.844893Z.
    23:49:28.866 |  27 nPool-1-worker-1 | DEBUG | .a.e.s.ParticipationLifecycleService : Scheduled task for participation 5840 in exercise 'Programming' (3919) to trigger on DUE.
    23:49:28.866 |  27 nPool-1-worker-1 | DEBUG | s.ProgrammingExerciseScheduleService : Scheduled task to lock repository for participation 5840 at the individual due date.
    23:49:28.866 |  27 nPool-1-worker-1 | INFO  | .c.s.m.InstanceMessageReceiveService : Received schedule update for potential Athena exercise 3919

  Starting logs for ParticipationIntegrationTest > participateInTextExercise_releaseDateReachedStartDateNotReachedAsTutor()
    23:49:28.891 |  27 nPool-1-worker-1 | DEBUG | d.t.c.a.a.c.u.util.UserUtilService   : Generate 4 students...
    23:49:28.896 |  27 nPool-1-worker-1 | DEBUG | d.t.c.a.a.c.u.util.UserUtilService   : 4 students generated. Generate 1 tutors...
    23:49:28.898 |  27 nPool-1-worker-1 | DEBUG | d.t.c.a.a.c.u.util.UserUtilService   : 1 tutors generated. Generate 1 editors...
    23:49:28.900 |  27 nPool-1-worker-1 | DEBUG | d.t.c.a.a.c.u.util.UserUtilService   : 1 editors generated. Generate 1 instructors...
    23:49:28.902 |  27 nPool-1-worker-1 | DEBUG | d.t.c.a.a.c.u.util.UserUtilService   : 1 instructors generated
    23:49:28.904 |  27 nPool-1-worker-1 | DEBUG | d.t.c.a.a.c.u.util.UserUtilService   : Removing 6 users from all courses...
    23:49:28.904 |  27 nPool-1-worker-1 | DEBUG | d.t.c.a.a.c.u.util.UserUtilService   : Removing 6 users from all courses. Done
    23:49:28.904 |  27 nPool-1-worker-1 | DEBUG | d.t.c.a.a.c.u.util.UserUtilService   : Save 7 users to database...
    23:49:28.908 |  27 nPool-1-worker-1 | DEBUG | d.t.c.a.a.c.u.util.UserUtilService   : Save 7 users to database. Done
    23:49:28.918 |  27 nPool-1-worker-1 | INFO  | .c.a.a.c.s.TitleCacheEvictionService : Evicted entry '3920' from title cache 'exerciseTitle'
    23:49:28.963 |  27 nPool-1-worker-1 | INFO  | i.z.t.d.l.EmbeddedDatabaseReporter   : JDBC URL to connect to 'dataSource': url='jdbc:h2:tcp://localhost:41063/mem:736625c0-cf5e-400d-aeaa-8a7eabd6262b;USER=sa', scope='ParticipationIntegrationTest#participateInTextExercise_releaseDateReachedStartDateNotReachedAsTutor'
    23:49:28.968 |  27 nPool-1-worker-1 | DEBUG | d.t.c.a.a.c.s.f.ApiVersionFilter     : Adding Version to Request POST /api/exercises/3921/participations
    23:49:28.969 |  27 nPool-1-worker-1 | DEBUG | d.t.c.a.a.e.w.ParticipationResource  : REST request to start Exercise : 3921

  Starting logs for ParticipationIntegrationTest > requestModelingFeedbackSuccess_withAthenaFailure()
    23:49:29.006 |  27 nPool-1-worker-1 | DEBUG | d.t.c.a.a.c.u.util.UserUtilService   : Generate 4 students...
    23:49:29.011 |  27 nPool-1-worker-1 | DEBUG | d.t.c.a.a.c.u.util.UserUtilService   : 4 students generated. Generate 1 tutors...
    23:49:29.013 |  27 nPool-1-worker-1 | DEBUG | d.t.c.a.a.c.u.util.UserUtilService   : 1 tutors generated. Generate 1 editors...
    23:49:29.015 |  27 nPool-1-worker-1 | DEBUG | d.t.c.a.a.c.u.util.UserUtilService   : 1 editors generated. Generate 1 instructors...
    23:49:29.017 |  27 nPool-1-worker-1 | DEBUG | d.t.c.a.a.c.u.util.UserUtilService   : 1 instructors generated
    23:49:29.018 |  27 nPool-1-worker-1 | DEBUG | d.t.c.a.a.c.u.util.UserUtilService   : Removing 6 users from all courses...
    23:49:29.019 |  27 nPool-1-worker-1 | DEBUG | d.t.c.a.a.c.u.util.UserUtilService   : Removing 6 users from all courses. Done
    23:49:29.019 |  27 nPool-1-worker-1 | DEBUG | d.t.c.a.a.c.u.util.UserUtilService   : Save 7 users to database...
    23:49:29.022 |  27 nPool-1-worker-1 | DEBUG | d.t.c.a.a.c.u.util.UserUtilService   : Save 7 users to database. Done
    23:49:29.033 |  27 nPool-1-worker-1 | INFO  | .c.a.a.c.s.TitleCacheEvictionService : Evicted entry '3923' from title cache 'exerciseTitle'
    23:49:29.078 |  27 nPool-1-worker-1 | INFO  | i.z.t.d.l.EmbeddedDatabaseReporter   : JDBC URL to connect to 'dataSource': url='jdbc:h2:tcp://localhost:41063/mem:736625c0-cf5e-400d-aeaa-8a7eabd6262b;USER=sa', scope='ParticipationIntegrationTest#requestModelingFeedbackSuccess_withAthenaFailure'
    23:49:29.092 |  27 nPool-1-worker-1 | DEBUG | .c.s.m.InstanceMessageReceiveService : Received schedule participant score for exercise 3923 and participant 820 (result to be deleted: null)
    23:49:29.092 |  27 nPool-1-worker-1 | DEBUG | .a.s.ParticipantScoreScheduleService : Scheduled task for exercise 3923 and participant 820 at 2025-02-14T23:49:29.192814859Z[Etc/UTC].
    23:49:29.093 |  27 nPool-1-worker-1 | DEBUG | .c.s.m.InstanceMessageReceiveService : Received schedule participant score for exercise 3923 and participant 820 (result to be deleted: null)
    23:49:29.093 |  27 nPool-1-worker-1 | DEBUG | .a.s.ParticipantScoreScheduleService : Scheduled task for exercise 3923 and participant 820 at 2025-02-14T23:49:29.193644506Z[Etc/UTC].
    23:49:29.113 |  27 nPool-1-worker-1 | DEBUG | .c.s.m.InstanceMessageReceiveService : Received schedule participant score for exercise 3923 and participant 820 (result to be deleted: null)
    23:49:29.113 |  27 nPool-1-worker-1 | DEBUG | .a.s.ParticipantScoreScheduleService : Scheduled task for exercise 3923 and participant 820 at 2025-02-14T23:49:29.213881586Z[Etc/UTC].
    23:49:29.113 |  27 nPool-1-worker-1 | DEBUG | .c.s.m.InstanceMessageReceiveService : Received schedule participant score for exercise 3923 and participant 820 (result to be deleted: null)
    23:49:29.114 |  27 nPool-1-worker-1 | DEBUG | .a.s.ParticipantScoreScheduleService : Scheduled task for exercise 3923 and participant 820 at 2025-02-14T23:49:29.214013182Z[Etc/UTC].
    23:49:29.124 |  27 nPool-1-worker-1 | DEBUG | .c.s.m.InstanceMessageReceiveService : Received schedule participant score for exercise 3923 and participant 820 (result to be deleted: null)
    23:49:29.124 |  27 nPool-1-worker-1 | DEBUG | .a.s.ParticipantScoreScheduleService : Scheduled task for exercise 3923 and participant 820 at 2025-02-14T23:49:29.224366329Z[Etc/UTC].
    23:49:29.125 |  27 nPool-1-worker-1 | DEBUG | d.t.c.a.a.c.s.f.ApiVersionFilter     : Adding Version to Request PUT /api/exercises/3923/request-feedback
    23:49:29.125 |  27 nPool-1-worker-1 | DEBUG | d.t.c.a.a.e.w.ParticipationResource  : REST request for feedback request: 3923

  Starting logs for ParticipationIntegrationTest > getParticipation_quizBatchNotPresent()
    23:49:29.167 |  27 nPool-1-worker-1 | DEBUG | d.t.c.a.a.c.u.util.UserUtilService   : Generate 4 students...
    23:49:29.172 |  27 nPool-1-worker-1 | DEBUG | d.t.c.a.a.c.u.util.UserUtilService   : 4 students generated. Generate 1 tutors...
    23:49:29.174 |  27 nPool-1-worker-1 | DEBUG | d.t.c.a.a.c.u.util.UserUtilService   : 1 tutors generated. Generate 1 editors...
    23:49:29.176 |  27 nPool-1-worker-1 | DEBUG | d.t.c.a.a.c.u.util.UserUtilService   : 1 editors generated. Generate 1 instructors...
    23:49:29.178 |  27 nPool-1-worker-1 | DEBUG | d.t.c.a.a.c.u.util.UserUtilService   : 1 instructors generated
    23:49:29.180 |  27 nPool-1-worker-1 | DEBUG | d.t.c.a.a.c.u.util.UserUtilService   : Removing 6 users from all courses...
    23:49:29.180 |  27 nPool-1-worker-1 | DEBUG | d.t.c.a.a.c.u.util.UserUtilService   : Removing 6 users from all courses. Done
    23:49:29.180 |  27 nPool-1-worker-1 | DEBUG | d.t.c.a.a.c.u.util.UserUtilService   : Save 7 users to database...
    23:49:29.184 |  27 nPool-1-worker-1 | DEBUG | d.t.c.a.a.c.u.util.UserUtilService   : Save 7 users to database. Done
    23:49:29.195 |  27 nPool-1-worker-1 | INFO  | .c.a.a.c.s.TitleCacheEvictionService : Evicted entry '3926' from title cache 'exerciseTitle'
    23:49:29.240 |  27 nPool-1-worker-1 | INFO  | i.z.t.d.l.EmbeddedDatabaseReporter   : JDBC URL to connect to 'dataSource': url='jdbc:h2:tcp://localhost:41063/mem:736625c0-cf5e-400d-aeaa-8a7eabd6262b;USER=sa', scope='ParticipationIntegrationTest#getParticipation_quizBatchNotPresent'
    23:49:29.243 |  27 nPool-1-worker-1 | DEBUG | d.t.c.a.a.c.s.f.ApiVersionFilter     : Adding Version to Request GET /api/exercises/3929/participation
    23:49:29.243 |  27 nPool-1-worker-1 | DEBUG | d.t.c.a.a.e.w.ParticipationResource  : REST request to get Participation for Exercise : 3929

  Starting logs for ParticipationIntegrationTest > participateInTextExercise()
    23:49:29.271 |  27 nPool-1-worker-1 | DEBUG | d.t.c.a.a.c.u.util.UserUtilService   : Generate 4 students...
    23:49:29.276 |  27 nPool-1-worker-1 | DEBUG | d.t.c.a.a.c.u.util.UserUtilService   : 4 students generated. Generate 1 tutors...
    23:49:29.278 |  27 nPool-1-worker-1 | DEBUG | d.t.c.a.a.c.u.util.UserUtilService   : 1 tutors generated. Generate 1 editors...
    23:49:29.280 |  27 nPool-1-worker-1 | DEBUG | d.t.c.a.a.c.u.util.UserUtilService   : 1 editors generated. Generate 1 instructors...
    23:49:29.282 |  27 nPool-1-worker-1 | DEBUG | d.t.c.a.a.c.u.util.UserUtilService   : 1 instructors generated
    23:49:29.283 |  27 nPool-1-worker-1 | DEBUG | d.t.c.a.a.c.u.util.UserUtilService   : Removing 6 users from all courses...
    23:49:29.284 |  27 nPool-1-worker-1 | DEBUG | d.t.c.a.a.c.u.util.UserUtilService   : Removing 6 users from all courses. Done
    23:49:29.284 |  27 nPool-1-worker-1 | DEBUG | d.t.c.a.a.c.u.util.UserUtilService   : Save 7 users to database...
    23:49:29.287 |  27 nPool-1-worker-1 | DEBUG | d.t.c.a.a.c.u.util.UserUtilService   : Save 7 users to database. Done
    23:49:29.298 |  27 nPool-1-worker-1 | INFO  | .c.a.a.c.s.TitleCacheEvictionService : Evicted entry '3930' from title cache 'exerciseTitle'
    23:49:29.343 |  27 nPool-1-worker-1 | INFO  | i.z.t.d.l.EmbeddedDatabaseReporter   : JDBC URL to connect to 'dataSource': url='jdbc:h2:tcp://localhost:41063/mem:736625c0-cf5e-400d-aeaa-8a7eabd6262b;USER=sa', scope='ParticipationIntegrationTest#participateInTextExercise'
    23:49:29.344 |  27 nPool-1-worker-1 | DEBUG | d.t.c.a.a.c.s.f.ApiVersionFilter     : Adding Version to Request POST /api/exercises/3931/participations
    23:49:29.346 |  27 nPool-1-worker-1 | DEBUG | d.t.c.a.a.e.w.ParticipationResource  : REST request to start Exercise : 3931
    23:49:29.361 |  27 nPool-1-worker-1 | DEBUG | d.t.c.a.a.c.s.f.ApiVersionFilter     : Adding Version to Request GET /api/participations/5844
    23:49:29.362 |  27 nPool-1-worker-1 | DEBUG | d.t.c.a.a.e.w.ParticipationResource  : REST request to get participation : 5844

  Starting logs for ParticipationIntegrationTest > requestFeedbackExerciseNotPossibleIfOnlyAutomaticFeedbacks()
    23:49:29.389 |  27 nPool-1-worker-1 | DEBUG | d.t.c.a.a.c.u.util.UserUtilService   : Generate 4 students...
    23:49:29.394 |  27 nPool-1-worker-1 | DEBUG | d.t.c.a.a.c.u.util.UserUtilService   : 4 students generated. Generate 1 tutors...
    23:49:29.396 |  27 nPool-1-worker-1 | DEBUG | d.t.c.a.a.c.u.util.UserUtilService   : 1 tutors generated. Generate 1 editors...
    23:49:29.398 |  27 nPool-1-worker-1 | DEBUG | d.t.c.a.a.c.u.util.UserUtilService   : 1 editors generated. Generate 1 instructors...
    23:49:29.400 |  27 nPool-1-worker-1 | DEBUG | d.t.c.a.a.c.u.util.UserUtilService   : 1 instructors generated
    23:49:29.401 |  27 nPool-1-worker-1 | DEBUG | d.t.c.a.a.c.u.util.UserUtilService   : Removing 6 users from all courses...
    23:49:29.402 |  27 nPool-1-worker-1 | DEBUG | d.t.c.a.a.c.u.util.UserUtilService   : Removing 6 users from all courses. Done
    23:49:29.402 |  27 nPool-1-worker-1 | DEBUG | d.t.c.a.a.c.u.util.UserUtilService   : Save 7 users to database...
    23:49:29.405 |  27 nPool-1-worker-1 | DEBUG | d.t.c.a.a.c.u.util.UserUtilService   : Save 7 users to database. Done
    23:49:29.416 |  27 nPool-1-worker-1 | INFO  | .c.a.a.c.s.TitleCacheEvictionService : Evicted entry '3933' from title cache 'exerciseTitle'
    23:49:29.462 |  27 nPool-1-worker-1 | INFO  | i.z.t.d.l.EmbeddedDatabaseReporter   : JDBC URL to connect to 'dataSource': url='jdbc:h2:tcp://localhost:41063/mem:736625c0-cf5e-400d-aeaa-8a7eabd6262b;USER=sa', scope='ParticipationIntegrationTest#requestFeedbackExerciseNotPossibleIfOnlyAutomaticFeedbacks'
    23:49:29.469 |  27 nPool-1-worker-1 | DEBUG | d.t.c.a.a.c.s.f.ApiVersionFilter     : Adding Version to Request PUT /api/exercises/3935/request-feedback
    23:49:29.469 |  27 nPool-1-worker-1 | DEBUG | d.t.c.a.a.e.w.ParticipationResource  : REST request for feedback request: 3935
    23:49:29.473 |  27 nPool-1-worker-1 | ERROR | tech.jhipster.web.util.HeaderUtil    : Entity processing failed, You need to submit at least once and have the build results
    23:49:29.473 |  27 nPool-1-worker-1 | WARN  | o.z.p.spring.common.AdviceTraits     : Bad Request: You need to submit at least once and have the build results

  Starting logs for ParticipationIntegrationTest > [1] practiceMode=false, afterDueDate=false
    23:49:29.525 |  27 nPool-1-worker-1 | DEBUG | d.t.c.a.a.c.u.util.UserUtilService   : Generate 4 students...
    23:49:29.533 |  27 nPool-1-worker-1 | DEBUG | d.t.c.a.a.c.u.util.UserUtilService   : 4 students generated. Generate 1 tutors...
    23:49:29.535 |  27 nPool-1-worker-1 | DEBUG | d.t.c.a.a.c.u.util.UserUtilService   : 1 tutors generated. Generate 1 editors...
    23:49:29.537 |  27 nPool-1-worker-1 | DEBUG | d.t.c.a.a.c.u.util.UserUtilService   : 1 editors generated. Generate 1 instructors...
    23:49:29.540 |  27 nPool-1-worker-1 | DEBUG | d.t.c.a.a.c.u.util.UserUtilService   : 1 instructors generated
    23:49:29.541 |  27 nPool-1-worker-1 | DEBUG | d.t.c.a.a.c.u.util.UserUtilService   : Removing 6 users from all courses...
    23:49:29.543 |  27 nPool-1-worker-1 | DEBUG | d.t.c.a.a.c.u.util.UserUtilService   : Removing 6 users from all courses. Done
    23:49:29.543 |  27 nPool-1-worker-1 | DEBUG | d.t.c.a.a.c.u.util.UserUtilService   : Save 7 users to database...
    23:49:29.548 |  27 nPool-1-worker-1 | DEBUG | d.t.c.a.a.c.u.util.UserUtilService   : Save 7 users to database. Done
    23:49:29.563 |  27 nPool-1-worker-1 | INFO  | .c.a.a.c.s.TitleCacheEvictionService : Evicted entry '3936' from title cache 'exerciseTitle'
    23:49:29.618 |  27 nPool-1-worker-1 | INFO  | i.z.t.d.l.EmbeddedDatabaseReporter   : JDBC URL to connect to 'dataSource': url='jdbc:h2:tcp://localhost:41063/mem:736625c0-cf5e-400d-aeaa-8a7eabd6262b;USER=sa', scope='ParticipationIntegrationTest#cleanupBuildPlan'
    23:49:29.622 |  27 nPool-1-worker-1 | DEBUG | PersonalAccessTokenManagementService : Generate secure vcs access token
    23:49:29.627 |  27 nPool-1-worker-1 | DEBUG | d.t.c.a.a.c.s.f.ApiVersionFilter     : Adding Version to Request PUT /api/participations/5846/cleanup-build-plan
    23:49:29.630 |  27 nPool-1-worker-1 | INFO  | d.t.c.a.a.e.w.ParticipationResource  : Clean up participation with build plan SHORTDC040AF903481042D30B5F40C3CDEFE711E7TB0B-PARTICIPATIONINTEGRATIONSTUDENT1 by participationintegrationinstructor1

  Starting logs for ParticipationIntegrationTest > [2] practiceMode=false, afterDueDate=true
    23:49:29.661 |  27 nPool-1-worker-1 | DEBUG | d.t.c.a.a.c.u.util.UserUtilService   : Generate 4 students...
    23:49:29.667 |  27 nPool-1-worker-1 | DEBUG | d.t.c.a.a.c.u.util.UserUtilService   : 4 students generated. Generate 1 tutors...
    23:49:29.669 |  27 nPool-1-worker-1 | DEBUG | d.t.c.a.a.c.u.util.UserUtilService   : 1 tutors generated. Generate 1 editors...
    23:49:29.671 |  27 nPool-1-worker-1 | DEBUG | d.t.c.a.a.c.u.util.UserUtilService   : 1 editors generated. Generate 1 instructors...
    23:49:29.673 |  27 nPool-1-worker-1 | DEBUG | d.t.c.a.a.c.u.util.UserUtilService   : 1 instructors generated
    23:49:29.675 |  27 nPool-1-worker-1 | DEBUG | d.t.c.a.a.c.u.util.UserUtilService   : Removing 6 users from all courses...
    23:49:29.676 |  27 nPool-1-worker-1 | DEBUG | d.t.c.a.a.c.u.util.UserUtilService   : Removing 6 users from all courses. Done
    23:49:29.676 |  27 nPool-1-worker-1 | DEBUG | d.t.c.a.a.c.u.util.UserUtilService   : Save 7 users to database...
    23:49:29.679 |  27 nPool-1-worker-1 | DEBUG | d.t.c.a.a.c.u.util.UserUtilService   : Save 7 users to database. Done
    23:49:29.691 |  27 nPool-1-worker-1 | INFO  | .c.a.a.c.s.TitleCacheEvictionService : Evicted entry '3939' from title cache 'exerciseTitle'
    23:49:29.743 |  27 nPool-1-worker-1 | INFO  | i.z.t.d.l.EmbeddedDatabaseReporter   : JDBC URL to connect to 'dataSource': url='jdbc:h2:tcp://localhost:41063/mem:736625c0-cf5e-400d-aeaa-8a7eabd6262b;USER=sa', scope='ParticipationIntegrationTest#cleanupBuildPlan'
    23:49:29.746 |  27 nPool-1-worker-1 | DEBUG | PersonalAccessTokenManagementService : Generate secure vcs access token
    23:49:29.753 |  27 nPool-1-worker-1 | DEBUG | d.t.c.a.a.c.s.f.ApiVersionFilter     : Adding Version to Request PUT /api/participations/5847/cleanup-build-plan
    23:49:29.755 |  27 nPool-1-worker-1 | INFO  | d.t.c.a.a.e.w.ParticipationResource  : Clean up participation with build plan SHORTC85CB961026E7042C70AC82051B2B2FF9DD5TBA7-PARTICIPATIONINTEGRATIONSTUDENT1 by participationintegrationinstructor1

  Starting logs for ParticipationIntegrationTest > [3] practiceMode=true, afterDueDate=false
    23:49:29.782 |  27 nPool-1-worker-1 | DEBUG | d.t.c.a.a.c.u.util.UserUtilService   : Generate 4 students...
    23:49:29.788 |  27 nPool-1-worker-1 | DEBUG | d.t.c.a.a.c.u.util.UserUtilService   : 4 students generated. Generate 1 tutors...
    23:49:29.790 |  27 nPool-1-worker-1 | DEBUG | d.t.c.a.a.c.u.util.UserUtilService   : 1 tutors generated. Generate 1 editors...
    23:49:29.792 |  27 nPool-1-worker-1 | DEBUG | d.t.c.a.a.c.u.util.UserUtilService   : 1 editors generated. Generate 1 instructors...
    23:49:29.794 |  27 nPool-1-worker-1 | DEBUG | d.t.c.a.a.c.u.util.UserUtilService   : 1 instructors generated
    23:49:29.796 |  27 nPool-1-worker-1 | DEBUG | d.t.c.a.a.c.u.util.UserUtilService   : Removing 6 users from all courses...
    23:49:29.796 |  27 nPool-1-worker-1 | DEBUG | d.t.c.a.a.c.u.util.UserUtilService   : Removing 6 users from all courses. Done
    23:49:29.796 |  27 nPool-1-worker-1 | DEBUG | d.t.c.a.a.c.u.util.UserUtilService   : Save 7 users to database...
    23:49:29.800 |  27 nPool-1-worker-1 | DEBUG | d.t.c.a.a.c.u.util.UserUtilService   : Save 7 users to database. Done
    23:49:29.813 |  27 nPool-1-worker-1 | INFO  | .c.a.a.c.s.TitleCacheEvictionService : Evicted entry '3942' from title cache 'exerciseTitle'
    23:49:29.865 |  27 nPool-1-worker-1 | INFO  | i.z.t.d.l.EmbeddedDatabaseReporter   : JDBC URL to connect to 'dataSource': url='jdbc:h2:tcp://localhost:41063/mem:736625c0-cf5e-400d-aeaa-8a7eabd6262b;USER=sa', scope='ParticipationIntegrationTest#cleanupBuildPlan'
    23:49:29.868 |  27 nPool-1-worker-1 | DEBUG | PersonalAccessTokenManagementService : Generate secure vcs access token
    23:49:29.871 |  27 nPool-1-worker-1 | DEBUG | d.t.c.a.a.c.s.f.ApiVersionFilter     : Adding Version to Request PUT /api/participations/5848/cleanup-build-plan
    23:49:29.873 |  27 nPool-1-worker-1 | INFO  | d.t.c.a.a.e.w.ParticipationResource  : Clean up participation with build plan SHORT67C8B113082EB047840BD80022E9498C459BT559-PARTICIPATIONINTEGRATIONSTUDENT1 by participationintegrationinstructor1

  Starting logs for ParticipationIntegrationTest > [4] practiceMode=true, afterDueDate=true
    23:49:29.902 |  27 nPool-1-worker-1 | DEBUG | d.t.c.a.a.c.u.util.UserUtilService   : Generate 4 students...
    23:49:29.908 |  27 nPool-1-worker-1 | DEBUG | d.t.c.a.a.c.u.util.UserUtilService   : 4 students generated. Generate 1 tutors...
    23:49:29.910 |  27 nPool-1-worker-1 | DEBUG | d.t.c.a.a.c.u.util.UserUtilService   : 1 tutors generated. Generate 1 editors...
    23:49:29.913 |  27 nPool-1-worker-1 | DEBUG | d.t.c.a.a.c.u.util.UserUtilService   : 1 editors generated. Generate 1 instructors...
    23:49:29.915 |  27 nPool-1-worker-1 | DEBUG | d.t.c.a.a.c.u.util.UserUtilService   : 1 instructors generated
    23:49:29.916 |  27 nPool-1-worker-1 | DEBUG | d.t.c.a.a.c.u.util.UserUtilService   : Removing 6 users from all courses...
    23:49:29.917 |  27 nPool-1-worker-1 | DEBUG | d.t.c.a.a.c.u.util.UserUtilService   : Removing 6 users from all courses. Done
    23:49:29.917 |  27 nPool-1-worker-1 | DEBUG | d.t.c.a.a.c.u.util.UserUtilService   : Save 7 users to database...
    23:49:29.921 |  27 nPool-1-worker-1 | DEBUG | d.t.c.a.a.c.u.util.UserUtilService   : Save 7 users to database. Done
    23:49:29.933 |  27 nPool-1-worker-1 | INFO  | .c.a.a.c.s.TitleCacheEvictionService : Evicted entry '3945' from title cache 'exerciseTitle'
    23:49:29.986 |  27 nPool-1-worker-1 | INFO  | i.z.t.d.l.EmbeddedDatabaseReporter   : JDBC URL to connect to 'dataSource': url='jdbc:h2:tcp://localhost:41063/mem:736625c0-cf5e-400d-aeaa-8a7eabd6262b;USER=sa', scope='ParticipationIntegrationTest#cleanupBuildPlan'
    23:49:29.989 |  27 nPool-1-worker-1 | DEBUG | PersonalAccessTokenManagementService : Generate secure vcs access token
    23:49:29.996 |  27 nPool-1-worker-1 | DEBUG | d.t.c.a.a.c.s.f.ApiVersionFilter     : Adding Version to Request PUT /api/participations/5849/cleanup-build-plan
    23:49:29.998 |  27 nPool-1-worker-1 | INFO  | d.t.c.a.a.e.w.ParticipationResource  : Clean up participation with build plan SHORT27A898290646D04EA908E7506571684E3682TE31-PARTICIPATIONINTEGRATIONSTUDENT1 by participationintegrationinstructor1

  Starting logs for ParticipationIntegrationTest > getParticipation_notStudentInCourse()
    23:49:30.024 |  27 nPool-1-worker-1 | DEBUG | d.t.c.a.a.c.u.util.UserUtilService   : Generate 4 students...
    23:49:30.030 |  27 nPool-1-worker-1 | DEBUG | d.t.c.a.a.c.u.util.UserUtilService   : 4 students generated. Generate 1 tutors...
    23:49:30.032 |  27 nPool-1-worker-1 | DEBUG | d.t.c.a.a.c.u.util.UserUtilService   : 1 tutors generated. Generate 1 editors...
    23:49:30.034 |  27 nPool-1-worker-1 | DEBUG | d.t.c.a.a.c.u.util.UserUtilService   : 1 editors generated. Generate 1 instructors...
    23:49:30.036 |  27 nPool-1-worker-1 | DEBUG | d.t.c.a.a.c.u.util.UserUtilService   : 1 instructors generated
    23:49:30.038 |  27 nPool-1-worker-1 | DEBUG | d.t.c.a.a.c.u.util.UserUtilService   : Removing 6 users from all courses...
    23:49:30.039 |  27 nPool-1-worker-1 | DEBUG | d.t.c.a.a.c.u.util.UserUtilService   : Removing 6 users from all courses. Done
    23:49:30.039 |  27 nPool-1-worker-1 | DEBUG | d.t.c.a.a.c.u.util.UserUtilService   : Save 7 users to database...
    23:49:30.042 |  27 nPool-1-worker-1 | DEBUG | d.t.c.a.a.c.u.util.UserUtilService   : Save 7 users to database. Done
    23:49:30.054 |  27 nPool-1-worker-1 | INFO  | .c.a.a.c.s.TitleCacheEvictionService : Evicted entry '3948' from title cache 'exerciseTitle'
    23:49:30.103 |  27 nPool-1-worker-1 | INFO  | i.z.t.d.l.EmbeddedDatabaseReporter   : JDBC URL to connect to 'dataSource': url='jdbc:h2:tcp://localhost:41063/mem:736625c0-cf5e-400d-aeaa-8a7eabd6262b;USER=sa', scope='ParticipationIntegrationTest#getParticipation_notStudentInCourse'
    23:49:30.104 |  27 nPool-1-worker-1 | DEBUG | d.t.c.a.a.c.s.f.ApiVersionFilter     : Adding Version to Request GET /api/exercises/3949/participation
    23:49:30.104 |  27 nPool-1-worker-1 | DEBUG | d.t.c.a.a.e.w.ParticipationResource  : REST request to get Participation for Exercise : 3949
    23:49:30.107 |  27 nPool-1-worker-1 | WARN  | o.z.p.spring.common.AdviceTraits     : Forbidden: You are not allowed to access this resource

  Starting logs for ParticipationIntegrationTest > updateParticipation_notStored()
    23:49:30.131 |  27 nPool-1-worker-1 | DEBUG | d.t.c.a.a.c.u.util.UserUtilService   : Generate 4 students...
    23:49:30.137 |  27 nPool-1-worker-1 | DEBUG | d.t.c.a.a.c.u.util.UserUtilService   : 4 students generated. Generate 1 tutors...
    23:49:30.139 |  27 nPool-1-worker-1 | DEBUG | d.t.c.a.a.c.u.util.UserUtilService   : 1 tutors generated. Generate 1 editors...
    23:49:30.141 |  27 nPool-1-worker-1 | DEBUG | d.t.c.a.a.c.u.util.UserUtilService   : 1 editors generated. Generate 1 instructors...
    23:49:30.143 |  27 nPool-1-worker-1 | DEBUG | d.t.c.a.a.c.u.util.UserUtilService   : 1 instructors generated
    23:49:30.144 |  27 nPool-1-worker-1 | DEBUG | d.t.c.a.a.c.u.util.UserUtilService   : Removing 6 users from all courses...
    23:49:30.145 |  27 nPool-1-worker-1 | DEBUG | d.t.c.a.a.c.u.util.UserUtilService   : Removing 6 users from all courses. Done
    23:49:30.145 |  27 nPool-1-worker-1 | DEBUG | d.t.c.a.a.c.u.util.UserUtilService   : Save 7 users to database...
    23:49:30.149 |  27 nPool-1-worker-1 | DEBUG | d.t.c.a.a.c.u.util.UserUtilService   : Save 7 users to database. Done
    23:49:30.161 |  27 nPool-1-worker-1 | INFO  | .c.a.a.c.s.TitleCacheEvictionService : Evicted entry '3951' from title cache 'exerciseTitle'
    23:49:30.208 |  27 nPool-1-worker-1 | INFO  | i.z.t.d.l.EmbeddedDatabaseReporter   : JDBC URL to connect to 'dataSource': url='jdbc:h2:tcp://localhost:41063/mem:736625c0-cf5e-400d-aeaa-8a7eabd6262b;USER=sa', scope='ParticipationIntegrationTest#updateParticipation_notStored'
    23:49:30.211 |  27 nPool-1-worker-1 | DEBUG | d.t.c.a.a.c.s.f.ApiVersionFilter     : Adding Version to Request PUT /api/exercises/3952/participations
    23:49:30.213 |  27 nPool-1-worker-1 | DEBUG | d.t.c.a.a.e.w.ParticipationResource  : REST request to update Participation : StudentParticipation{id=null, presentationScore=null, student=User{login='participationintegrationstudent1', firstName='participationintegrationstudent1First', lastName='participationintegrationstudent1Last', email='participationintegrationstudent1@test.de', imageUrl='null', activated='true', langKey='en', activationKey='null'}}
    23:49:30.213 |  27 nPool-1-worker-1 | ERROR | tech.jhipster.web.util.HeaderUtil    : Entity processing failed, The participation object needs to have an id to be changed
    23:49:30.213 |  27 nPool-1-worker-1 | WARN  | o.z.p.spring.common.AdviceTraits     : Bad Request: The participation object needs to have an id to be changed

  Starting logs for ParticipationIntegrationTest > participateInTextExercise_releaseDateNotReached()
    23:49:30.237 |  27 nPool-1-worker-1 | DEBUG | d.t.c.a.a.c.u.util.UserUtilService   : Generate 4 students...
    23:49:30.243 |  27 nPool-1-worker-1 | DEBUG | d.t.c.a.a.c.u.util.UserUtilService   : 4 students generated. Generate 1 tutors...
    23:49:30.245 |  27 nPool-1-worker-1 | DEBUG | d.t.c.a.a.c.u.util.UserUtilService   : 1 tutors generated. Generate 1 editors...
    23:49:30.247 |  27 nPool-1-worker-1 | DEBUG | d.t.c.a.a.c.u.util.UserUtilService   : 1 editors generated. Generate 1 instructors...
    23:49:30.250 |  27 nPool-1-worker-1 | DEBUG | d.t.c.a.a.c.u.util.UserUtilService   : 1 instructors generated
    23:49:30.251 |  27 nPool-1-worker-1 | DEBUG | d.t.c.a.a.c.u.util.UserUtilService   : Removing 6 users from all courses...
    23:49:30.252 |  27 nPool-1-worker-1 | DEBUG | d.t.c.a.a.c.u.util.UserUtilService   : Removing 6 users from all courses. Done
    23:49:30.252 |  27 nPool-1-worker-1 | DEBUG | d.t.c.a.a.c.u.util.UserUtilService   : Save 7 users to database...
    23:49:30.256 |  27 nPool-1-worker-1 | DEBUG | d.t.c.a.a.c.u.util.UserUtilService   : Save 7 users to database. Done
    23:49:30.268 |  27 nPool-1-worker-1 | INFO  | .c.a.a.c.s.TitleCacheEvictionService : Evicted entry '3954' from title cache 'exerciseTitle'
    23:49:30.315 |  27 nPool-1-worker-1 | INFO  | i.z.t.d.l.EmbeddedDatabaseReporter   : JDBC URL to connect to 'dataSource': url='jdbc:h2:tcp://localhost:41063/mem:736625c0-cf5e-400d-aeaa-8a7eabd6262b;USER=sa', scope='ParticipationIntegrationTest#participateInTextExercise_releaseDateNotReached'
    23:49:30.321 |  27 nPool-1-worker-1 | DEBUG | d.t.c.a.a.c.s.f.ApiVersionFilter     : Adding Version to Request POST /api/exercises/3955/participations
    23:49:30.322 |  27 nPool-1-worker-1 | DEBUG | d.t.c.a.a.e.w.ParticipationResource  : REST request to start Exercise : 3955
    23:49:30.325 |  27 nPool-1-worker-1 | WARN  | o.z.p.spring.common.AdviceTraits     : Forbidden: Students cannot start an exercise before the release date

  Starting logs for ParticipationIntegrationTest > deleteSubmissionWithoutResult()
    23:49:30.348 |  27 nPool-1-worker-1 | DEBUG | d.t.c.a.a.c.u.util.UserUtilService   : Generate 4 students...
    23:49:30.354 |  27 nPool-1-worker-1 | DEBUG | d.t.c.a.a.c.u.util.UserUtilService   : 4 students generated. Generate 1 tutors...
    23:49:30.356 |  27 nPool-1-worker-1 | DEBUG | d.t.c.a.a.c.u.util.UserUtilService   : 1 tutors generated. Generate 1 editors...
    23:49:30.358 |  27 nPool-1-worker-1 | DEBUG | d.t.c.a.a.c.u.util.UserUtilService   : 1 editors generated. Generate 1 instructors...
    23:49:30.361 |  27 nPool-1-worker-1 | DEBUG | d.t.c.a.a.c.u.util.UserUtilService   : 1 instructors generated
    23:49:30.362 |  27 nPool-1-worker-1 | DEBUG | d.t.c.a.a.c.u.util.UserUtilService   : Removing 6 users from all courses...
    23:49:30.363 |  27 nPool-1-worker-1 | DEBUG | d.t.c.a.a.c.u.util.UserUtilService   : Removing 6 users from all courses. Done
    23:49:30.363 |  27 nPool-1-worker-1 | DEBUG | d.t.c.a.a.c.u.util.UserUtilService   : Save 7 users to database...
    23:49:30.366 |  27 nPool-1-worker-1 | DEBUG | d.t.c.a.a.c.u.util.UserUtilService   : Save 7 users to database. Done
    23:49:30.379 |  27 nPool-1-worker-1 | INFO  | .c.a.a.c.s.TitleCacheEvictionService : Evicted entry '3957' from title cache 'exerciseTitle'
    23:49:30.426 |  27 nPool-1-worker-1 | INFO  | i.z.t.d.l.EmbeddedDatabaseReporter   : JDBC URL to connect to 'dataSource': url='jdbc:h2:tcp://localhost:41063/mem:736625c0-cf5e-400d-aeaa-8a7eabd6262b;USER=sa', scope='ParticipationIntegrationTest#deleteSubmissionWithoutResult'
    23:49:30.443 |  27 nPool-1-worker-1 | DEBUG | d.t.c.a.a.c.s.f.ApiVersionFilter     : Adding Version to Request DELETE /api/participations/5850
    23:49:30.445 |  27 nPool-1-worker-1 | INFO  | d.t.c.a.a.e.w.ParticipationResource  : Delete Participation 5850 of exercise UML Class Diagram for participationintegrationstudent1First participationintegrationstudent1Last, deleteBuildPlan: false, deleteRepository: false by participationintegrationinstructor1
    23:49:30.445 |  27 nPool-1-worker-1 | INFO  | d.t.c.a.a.e.s.ParticipationService   : Request to delete Participation : StudentParticipation{id=5850, presentationScore=null, student=User{login='participationintegrationstudent1', firstName='participationintegrationstudent1First', lastName='participationintegrationstudent1Last', email='participationintegrationstudent1@test.de', imageUrl='null', activated='true', langKey='en', activationKey='null'}}
    23:49:30.445 |  27 nPool-1-worker-1 | DEBUG | d.t.c.a.a.e.s.ParticipationService   : Request to delete all results and submissions of participation with id : 5850

  Starting logs for ParticipationIntegrationTest > deleteParticipation_student()
    23:49:30.481 |  27 nPool-1-worker-1 | DEBUG | d.t.c.a.a.c.u.util.UserUtilService   : Generate 4 students...
    23:49:30.486 |  27 nPool-1-worker-1 | DEBUG | d.t.c.a.a.c.u.util.UserUtilService   : 4 students generated. Generate 1 tutors...
    23:49:30.489 |  27 nPool-1-worker-1 | DEBUG | d.t.c.a.a.c.u.util.UserUtilService   : 1 tutors generated. Generate 1 editors...
    23:49:30.491 |  27 nPool-1-worker-1 | DEBUG | d.t.c.a.a.c.u.util.UserUtilService   : 1 editors generated. Generate 1 instructors...
    23:49:30.493 |  27 nPool-1-worker-1 | DEBUG | d.t.c.a.a.c.u.util.UserUtilService   : 1 instructors generated
    23:49:30.495 |  27 nPool-1-worker-1 | DEBUG | d.t.c.a.a.c.u.util.UserUtilService   : Removing 6 users from all courses...
    23:49:30.496 |  27 nPool-1-worker-1 | DEBUG | d.t.c.a.a.c.u.util.UserUtilService   : Removing 6 users from all courses. Done
    23:49:30.496 |  27 nPool-1-worker-1 | DEBUG | d.t.c.a.a.c.u.util.UserUtilService   : Save 7 users to database...
    23:49:30.499 |  27 nPool-1-worker-1 | DEBUG | d.t.c.a.a.c.u.util.UserUtilService   : Save 7 users to database. Done
    23:49:30.512 |  27 nPool-1-worker-1 | INFO  | .c.a.a.c.s.TitleCacheEvictionService : Evicted entry '3960' from title cache 'exerciseTitle'
    23:49:30.561 |  27 nPool-1-worker-1 | INFO  | i.z.t.d.l.EmbeddedDatabaseReporter   : JDBC URL to connect to 'dataSource': url='jdbc:h2:tcp://localhost:41063/mem:736625c0-cf5e-400d-aeaa-8a7eabd6262b;USER=sa', scope='ParticipationIntegrationTest#deleteParticipation_student'
    23:49:30.565 |  27 nPool-1-worker-1 | DEBUG | d.t.c.a.a.c.s.f.ApiVersionFilter     : Adding Version to Request DELETE /api/guided-tour/participations/5851
    23:49:30.567 |  27 nPool-1-worker-1 | INFO  | d.t.c.a.a.e.w.ParticipationResource  : Delete Participation 5851 of exercise UML Class Diagram for participationintegrationstudent1First participationintegrationstudent1Last, deleteBuildPlan: false, deleteRepository: false by participationintegrationstudent1
    23:49:30.568 |  27 nPool-1-worker-1 | INFO  | d.t.c.a.a.e.s.ParticipationService   : Request to delete Participation : StudentParticipation{id=5851, presentationScore=null, student=User{login='participationintegrationstudent1', firstName='participationintegrationstudent1First', lastName='participationintegrationstudent1Last', email='participationintegrationstudent1@test.de', imageUrl='null', activated='true', langKey='en', activationKey='null'}}
    23:49:30.568 |  27 nPool-1-worker-1 | DEBUG | d.t.c.a.a.e.s.ParticipationService   : Request to delete all results and submissions of participation with id : 5851
    23:49:30.573 |  27 nPool-1-worker-1 | DEBUG | d.t.c.a.a.c.s.f.ApiVersionFilter     : Adding Version to Request DELETE /api/guided-tour/participations/5852
    23:49:30.574 |  27 nPool-1-worker-1 | WARN  | o.z.p.spring.common.AdviceTraits     : Forbidden: Users are not allowed to delete their own participation.

  Starting logs for ParticipationIntegrationTest > getAllParticipationsForExercise()
    23:49:30.598 |  27 nPool-1-worker-1 | DEBUG | d.t.c.a.a.c.u.util.UserUtilService   : Generate 4 students...
    23:49:30.604 |  27 nPool-1-worker-1 | DEBUG | d.t.c.a.a.c.u.util.UserUtilService   : 4 students generated. Generate 1 tutors...
    23:49:30.606 |  27 nPool-1-worker-1 | DEBUG | d.t.c.a.a.c.u.util.UserUtilService   : 1 tutors generated. Generate 1 editors...
    23:49:30.608 |  27 nPool-1-worker-1 | DEBUG | d.t.c.a.a.c.u.util.UserUtilService   : 1 editors generated. Generate 1 instructors...
    23:49:30.611 |  27 nPool-1-worker-1 | DEBUG | d.t.c.a.a.c.u.util.UserUtilService   : 1 instructors generated
    23:49:30.612 |  27 nPool-1-worker-1 | DEBUG | d.t.c.a.a.c.u.util.UserUtilService   : Removing 6 users from all courses...
    23:49:30.613 |  27 nPool-1-worker-1 | DEBUG | d.t.c.a.a.c.u.util.UserUtilService   : Removing 6 users from all courses. Done
    23:49:30.613 |  27 nPool-1-worker-1 | DEBUG | d.t.c.a.a.c.u.util.UserUtilService   : Save 7 users to database...
    23:49:30.616 |  27 nPool-1-worker-1 | DEBUG | d.t.c.a.a.c.u.util.UserUtilService   : Save 7 users to database. Done
    23:49:30.629 |  27 nPool-1-worker-1 | INFO  | .c.a.a.c.s.TitleCacheEvictionService : Evicted entry '3963' from title cache 'exerciseTitle'
    23:49:30.679 |  27 nPool-1-worker-1 | INFO  | i.z.t.d.l.EmbeddedDatabaseReporter   : JDBC URL to connect to 'dataSource': url='jdbc:h2:tcp://localhost:41063/mem:736625c0-cf5e-400d-aeaa-8a7eabd6262b;USER=sa', scope='ParticipationIntegrationTest#getAllParticipationsForExercise'
    23:49:30.691 |  27 nPool-1-worker-1 | DEBUG | d.t.c.a.a.c.s.f.ApiVersionFilter     : Adding Version to Request GET /api/exercises/3964/participations
    23:49:30.691 |  27 nPool-1-worker-1 | DEBUG | d.t.c.a.a.e.w.ParticipationResource  : REST request to get all Participations for Exercise 3964

  Starting logs for ParticipationIntegrationTest > participateInProgrammingExercise_dueDatePassed()
    23:49:30.720 |  27 nPool-1-worker-1 | DEBUG | d.t.c.a.a.c.u.util.UserUtilService   : Generate 4 students...
    23:49:30.725 |  27 nPool-1-worker-1 | DEBUG | d.t.c.a.a.c.u.util.UserUtilService   : 4 students generated. Generate 1 tutors...
    23:49:30.727 |  27 nPool-1-worker-1 | DEBUG | d.t.c.a.a.c.u.util.UserUtilService   : 1 tutors generated. Generate 1 editors...
    23:49:30.729 |  27 nPool-1-worker-1 | DEBUG | d.t.c.a.a.c.u.util.UserUtilService   : 1 editors generated. Generate 1 instructors...
    23:49:30.732 |  27 nPool-1-worker-1 | DEBUG | d.t.c.a.a.c.u.util.UserUtilService   : 1 instructors generated
    23:49:30.733 |  27 nPool-1-worker-1 | DEBUG | d.t.c.a.a.c.u.util.UserUtilService   : Removing 6 users from all courses...
    23:49:30.734 |  27 nPool-1-worker-1 | DEBUG | d.t.c.a.a.c.u.util.UserUtilService   : Removing 6 users from all courses. Done
    23:49:30.734 |  27 nPool-1-worker-1 | DEBUG | d.t.c.a.a.c.u.util.UserUtilService   : Save 7 users to database...
    23:49:30.737 |  27 nPool-1-worker-1 | DEBUG | d.t.c.a.a.c.u.util.UserUtilService   : Save 7 users to database. Done
    23:49:30.749 |  27 nPool-1-worker-1 | INFO  | .c.a.a.c.s.TitleCacheEvictionService : Evicted entry '3966' from title cache 'exerciseTitle'
    23:49:30.797 |  27 nPool-1-worker-1 | INFO  | i.z.t.d.l.EmbeddedDatabaseReporter   : JDBC URL to connect to 'dataSource': url='jdbc:h2:tcp://localhost:41063/mem:736625c0-cf5e-400d-aeaa-8a7eabd6262b;USER=sa', scope='ParticipationIntegrationTest#participateInProgrammingExercise_dueDatePassed'
    23:49:30.803 |  27 nPool-1-worker-1 | DEBUG | d.t.c.a.a.c.s.f.ApiVersionFilter     : Adding Version to Request POST /api/exercises/3968/participations
    23:49:30.804 |  27 nPool-1-worker-1 | DEBUG | d.t.c.a.a.e.w.ParticipationResource  : REST request to start Exercise : 3968
    23:49:30.808 |  27 nPool-1-worker-1 | WARN  | o.z.p.spring.common.AdviceTraits     : Forbidden: Not allowed

  Starting logs for ParticipationIntegrationTest > whenFeedbackRequestedAndRateLimitExceeded_thenFail()
    23:49:30.832 |  27 nPool-1-worker-1 | DEBUG | d.t.c.a.a.c.u.util.UserUtilService   : Generate 4 students...
    23:49:30.838 |  27 nPool-1-worker-1 | DEBUG | d.t.c.a.a.c.u.util.UserUtilService   : 4 students generated. Generate 1 tutors...
    23:49:30.840 |  27 nPool-1-worker-1 | DEBUG | d.t.c.a.a.c.u.util.UserUtilService   : 1 tutors generated. Generate 1 editors...
    23:49:30.842 |  27 nPool-1-worker-1 | DEBUG | d.t.c.a.a.c.u.util.UserUtilService   : 1 editors generated. Generate 1 instructors...
    23:49:30.845 |  27 nPool-1-worker-1 | DEBUG | d.t.c.a.a.c.u.util.UserUtilService   : 1 instructors generated
    23:49:30.846 |  27 nPool-1-worker-1 | DEBUG | d.t.c.a.a.c.u.util.UserUtilService   : Removing 6 users from all courses...
    23:49:30.847 |  27 nPool-1-worker-1 | DEBUG | d.t.c.a.a.c.u.util.UserUtilService   : Removing 6 users from all courses. Done
    23:49:30.847 |  27 nPool-1-worker-1 | DEBUG | d.t.c.a.a.c.u.util.UserUtilService   : Save 7 users to database...
    23:49:30.850 |  27 nPool-1-worker-1 | DEBUG | d.t.c.a.a.c.u.util.UserUtilService   : Save 7 users to database. Done
    23:49:30.862 |  27 nPool-1-worker-1 | INFO  | .c.a.a.c.s.TitleCacheEvictionService : Evicted entry '3969' from title cache 'exerciseTitle'
    23:49:30.910 |  27 nPool-1-worker-1 | INFO  | i.z.t.d.l.EmbeddedDatabaseReporter   : JDBC URL to connect to 'dataSource': url='jdbc:h2:tcp://localhost:41063/mem:736625c0-cf5e-400d-aeaa-8a7eabd6262b;USER=sa', scope='ParticipationIntegrationTest#whenFeedbackRequestedAndRateLimitExceeded_thenFail'
    23:49:30.921 |  27 nPool-1-worker-1 | DEBUG | .c.s.m.InstanceMessageReceiveService : Received schedule participant score for exercise 3971 and participant 820 (result to be deleted: null)
    23:49:30.921 |  27 nPool-1-worker-1 | DEBUG | .a.s.ParticipantScoreScheduleService : Scheduled task for exercise 3971 and participant 820 at 2025-02-14T23:49:31.021251091Z[Etc/UTC].
    23:49:30.921 |  27 nPool-1-worker-1 | DEBUG | .c.s.m.InstanceMessageReceiveService : Received schedule participant score for exercise 3971 and participant 820 (result to be deleted: null)
    23:49:30.921 |  27 nPool-1-worker-1 | DEBUG | .a.s.ParticipantScoreScheduleService : Scheduled task for exercise 3971 and participant 820 at 2025-02-14T23:49:31.021742768Z[Etc/UTC].
    23:49:30.922 |  27 nPool-1-worker-1 | DEBUG | .c.s.m.InstanceMessageReceiveService : Received schedule participant score for exercise 3971 and participant 820 (result to be deleted: null)
    23:49:30.922 |  27 nPool-1-worker-1 | DEBUG | .a.s.ParticipantScoreScheduleService : Scheduled task for exercise 3971 and participant 820 at 2025-02-14T23:49:31.022152382Z[Etc/UTC].
    23:49:30.922 |  27 nPool-1-worker-1 | DEBUG | .c.s.m.InstanceMessageReceiveService : Received schedule participant score for exercise 3971 and participant 820 (result to be deleted: null)
    23:49:30.922 |  27 nPool-1-worker-1 | DEBUG | .a.s.ParticipantScoreScheduleService : Scheduled task for exercise 3971 and participant 820 at 2025-02-14T23:49:31.022535858Z[Etc/UTC].
    23:49:30.922 |  27 nPool-1-worker-1 | DEBUG | .c.s.m.InstanceMessageReceiveService : Received schedule participant score for exercise 3971 and participant 820 (result to be deleted: null)
    23:49:30.922 |  27 nPool-1-worker-1 | DEBUG | .a.s.ParticipantScoreScheduleService : Scheduled task for exercise 3971 and participant 820 at 2025-02-14T23:49:31.022907521Z[Etc/UTC].
    23:49:30.923 |  27 nPool-1-worker-1 | DEBUG | .c.s.m.InstanceMessageReceiveService : Received schedule participant score for exercise 3971 and participant 820 (result to be deleted: null)
    23:49:30.923 |  27 nPool-1-worker-1 | DEBUG | .a.s.ParticipantScoreScheduleService : Scheduled task for exercise 3971 and participant 820 at 2025-02-14T23:49:31.023306124Z[Etc/UTC].
    23:49:30.923 |  27 nPool-1-worker-1 | DEBUG | .c.s.m.InstanceMessageReceiveService : Received schedule participant score for exercise 3971 and participant 820 (result to be deleted: null)
    23:49:30.923 |  27 nPool-1-worker-1 | DEBUG | .a.s.ParticipantScoreScheduleService : Scheduled task for exercise 3971 and participant 820 at 2025-02-14T23:49:31.023700369Z[Etc/UTC].
    23:49:30.924 |  27 nPool-1-worker-1 | DEBUG | .c.s.m.InstanceMessageReceiveService : Received schedule participant score for exercise 3971 and participant 820 (result to be deleted: null)
    23:49:30.924 |  27 nPool-1-worker-1 | DEBUG | .a.s.ParticipantScoreScheduleService : Scheduled task for exercise 3971 and participant 820 at 2025-02-14T23:49:31.024093693Z[Etc/UTC].
    23:49:30.924 |  27 nPool-1-worker-1 | DEBUG | .c.s.m.InstanceMessageReceiveService : Received schedule participant score for exercise 3971 and participant 820 (result to be deleted: null)
    23:49:30.924 |  27 nPool-1-worker-1 | DEBUG | .a.s.ParticipantScoreScheduleService : Scheduled task for exercise 3971 and participant 820 at 2025-02-14T23:49:31.024483960Z[Etc/UTC].
    23:49:30.924 |  27 nPool-1-worker-1 | DEBUG | .c.s.m.InstanceMessageReceiveService : Received schedule participant score for exercise 3971 and participant 820 (result to be deleted: null)
    23:49:30.924 |  27 nPool-1-worker-1 | DEBUG | .a.s.ParticipantScoreScheduleService : Scheduled task for exercise 3971 and participant 820 at 2025-02-14T23:49:31.024854502Z[Etc/UTC].
    23:49:30.925 |  27 nPool-1-worker-1 | DEBUG | .c.s.m.InstanceMessageReceiveService : Received schedule participant score for exercise 3971 and participant 820 (result to be deleted: null)
    23:49:30.925 |  27 nPool-1-worker-1 | DEBUG | .a.s.ParticipantScoreScheduleService : Scheduled task for exercise 3971 and participant 820 at 2025-02-14T23:49:31.025251432Z[Etc/UTC].
    23:49:30.925 |  27 nPool-1-worker-1 | DEBUG | .c.s.m.InstanceMessageReceiveService : Received schedule participant score for exercise 3971 and participant 820 (result to be deleted: null)
    23:49:30.925 |  27 nPool-1-worker-1 | DEBUG | .a.s.ParticipantScoreScheduleService : Scheduled task for exercise 3971 and participant 820 at 2025-02-14T23:49:31.025619478Z[Etc/UTC].
    23:49:30.925 |  27 nPool-1-worker-1 | DEBUG | .c.s.m.InstanceMessageReceiveService : Received schedule participant score for exercise 3971 and participant 820 (result to be deleted: null)
    23:49:30.925 |  27 nPool-1-worker-1 | DEBUG | .a.s.ParticipantScoreScheduleService : Scheduled task for exercise 3971 and participant 820 at 2025-02-14T23:49:31.025990390Z[Etc/UTC].
    23:49:30.926 |  27 nPool-1-worker-1 | DEBUG | .c.s.m.InstanceMessageReceiveService : Received schedule participant score for exercise 3971 and participant 820 (result to be deleted: null)
    23:49:30.926 |  27 nPool-1-worker-1 | DEBUG | .a.s.ParticipantScoreScheduleService : Scheduled task for exercise 3971 and participant 820 at 2025-02-14T23:49:31.026376089Z[Etc/UTC].
    23:49:30.926 |  27 nPool-1-worker-1 | DEBUG | .c.s.m.InstanceMessageReceiveService : Received schedule participant score for exercise 3971 and participant 820 (result to be deleted: null)
    23:49:30.926 |  27 nPool-1-worker-1 | DEBUG | .a.s.ParticipantScoreScheduleService : Scheduled task for exercise 3971 and participant 820 at 2025-02-14T23:49:31.026749365Z[Etc/UTC].
    23:49:30.927 |  27 nPool-1-worker-1 | DEBUG | .c.s.m.InstanceMessageReceiveService : Received schedule participant score for exercise 3971 and participant 820 (result to be deleted: null)
    23:49:30.927 |  27 nPool-1-worker-1 | DEBUG | .a.s.ParticipantScoreScheduleService : Scheduled task for exercise 3971 and participant 820 at 2025-02-14T23:49:31.027144773Z[Etc/UTC].
    23:49:30.927 |  27 nPool-1-worker-1 | DEBUG | .c.s.m.InstanceMessageReceiveService : Received schedule participant score for exercise 3971 and participant 820 (result to be deleted: null)
    23:49:30.927 |  27 nPool-1-worker-1 | DEBUG | .a.s.ParticipantScoreScheduleService : Scheduled task for exercise 3971 and participant 820 at 2025-02-14T23:49:31.027516606Z[Etc/UTC].
    23:49:30.927 |  27 nPool-1-worker-1 | DEBUG | .c.s.m.InstanceMessageReceiveService : Received schedule participant score for exercise 3971 and participant 820 (result to be deleted: null)
    23:49:30.927 |  27 nPool-1-worker-1 | DEBUG | .a.s.ParticipantScoreScheduleService : Scheduled task for exercise 3971 and participant 820 at 2025-02-14T23:49:31.027884903Z[Etc/UTC].
    23:49:30.928 |  27 nPool-1-worker-1 | DEBUG | .c.s.m.InstanceMessageReceiveService : Received schedule participant score for exercise 3971 and participant 820 (result to be deleted: null)
    23:49:30.928 |  27 nPool-1-worker-1 | DEBUG | .a.s.ParticipantScoreScheduleService : Scheduled task for exercise 3971 and participant 820 at 2025-02-14T23:49:31.028275361Z[Etc/UTC].
    23:49:30.928 |  27 nPool-1-worker-1 | DEBUG | .c.s.m.InstanceMessageReceiveService : Received schedule participant score for exercise 3971 and participant 820 (result to be deleted: null)
    23:49:30.928 |  27 nPool-1-worker-1 | DEBUG | .a.s.ParticipantScoreScheduleService : Scheduled task for exercise 3971 and participant 820 at 2025-02-14T23:49:31.028678273Z[Etc/UTC].
    23:49:30.929 |  27 nPool-1-worker-1 | DEBUG | .c.s.m.InstanceMessageReceiveService : Received schedule participant score for exercise 3971 and participant 820 (result to be deleted: null)
    23:49:30.929 |  27 nPool-1-worker-1 | DEBUG | .a.s.ParticipantScoreScheduleService : Scheduled task for exercise 3971 and participant 820 at 2025-02-14T23:49:31.029066206Z[Etc/UTC].
    23:49:30.930 |  27 nPool-1-worker-1 | DEBUG | d.t.c.a.a.c.s.f.ApiVersionFilter     : Adding Version to Request PUT /api/exercises/3971/request-feedback
    23:49:30.930 |  27 nPool-1-worker-1 | DEBUG | d.t.c.a.a.e.w.ParticipationResource  : REST request for feedback request: 3971
    23:49:30.935 |  27 nPool-1-worker-1 | ERROR | tech.jhipster.web.util.HeaderUtil    : Entity processing failed, Maximum number of AI feedback requests reached.
    23:49:30.935 |  27 nPool-1-worker-1 | WARN  | o.z.p.spring.common.AdviceTraits     : Bad Request: Maximum number of AI feedback requests reached.

  Starting logs for ParticipationIntegrationTest > updateParticipation_exceedingPresentationNumber()
    23:49:30.961 |  27 nPool-1-worker-1 | DEBUG | d.t.c.a.a.c.u.util.UserUtilService   : Generate 4 students...
    23:49:30.967 |  27 nPool-1-worker-1 | DEBUG | d.t.c.a.a.c.u.util.UserUtilService   : 4 students generated. Generate 1 tutors...
    23:49:30.969 |  27 nPool-1-worker-1 | DEBUG | d.t.c.a.a.c.u.util.UserUtilService   : 1 tutors generated. Generate 1 editors...
    23:49:30.971 |  27 nPool-1-worker-1 | DEBUG | d.t.c.a.a.c.u.util.UserUtilService   : 1 editors generated. Generate 1 instructors...
    23:49:30.973 |  27 nPool-1-worker-1 | DEBUG | d.t.c.a.a.c.u.util.UserUtilService   : 1 instructors generated
    23:49:30.975 |  27 nPool-1-worker-1 | DEBUG | d.t.c.a.a.c.u.util.UserUtilService   : Removing 6 users from all courses...
    23:49:30.976 |  27 nPool-1-worker-1 | DEBUG | d.t.c.a.a.c.u.util.UserUtilService   : Removing 6 users from all courses. Done
    23:49:30.976 |  27 nPool-1-worker-1 | DEBUG | d.t.c.a.a.c.u.util.UserUtilService   : Save 7 users to database...
    23:49:30.980 |  27 nPool-1-worker-1 | DEBUG | d.t.c.a.a.c.u.util.UserUtilService   : Save 7 users to database. Done
    23:49:30.992 |  27 nPool-1-worker-1 | INFO  | .c.a.a.c.s.TitleCacheEvictionService : Evicted entry '3972' from title cache 'exerciseTitle'
    23:49:31.039 |  27 nPool-1-worker-1 | INFO  | i.z.t.d.l.EmbeddedDatabaseReporter   : JDBC URL to connect to 'dataSource': url='jdbc:h2:tcp://localhost:41063/mem:736625c0-cf5e-400d-aeaa-8a7eabd6262b;USER=sa', scope='ParticipationIntegrationTest#updateParticipation_exceedingPresentationNumber'
    23:49:31.043 |  27 nPool-1-worker-1 | DEBUG | d.t.c.a.a.c.s.f.ApiVersionFilter     : Adding Version to Request PUT /api/exercises/3973/participations
    23:49:31.045 |  27 nPool-1-worker-1 | DEBUG | d.t.c.a.a.e.w.ParticipationResource  : REST request to update Participation : StudentParticipation{id=5857, presentationScore=100.0, student=User{login='participationintegrationstudent1', firstName='participationintegrationstudent1First', lastName='participationintegrationstudent1Last', email='participationintegrationstudent1@test.de', imageUrl='null', activated='true', langKey='en', activationKey='null'}}
    23:49:31.063 |  27 nPool-1-worker-1 | DEBUG | d.t.c.a.a.c.s.f.ApiVersionFilter     : Adding Version to Request PUT /api/exercises/3973/participations
    23:49:31.064 |  27 nPool-1-worker-1 | DEBUG | d.t.c.a.a.e.w.ParticipationResource  : REST request to update Participation : StudentParticipation{id=5857, presentationScore=80.0, student=User{login='participationintegrationstudent1', firstName='participationintegrationstudent1First', lastName='participationintegrationstudent1Last', email='participationintegrationstudent1@test.de', imageUrl='null', activated='true', langKey='en', activationKey='null'}}
    23:49:31.078 |  27 nPool-1-worker-1 | INFO  | d.t.c.a.a.e.w.ParticipationResource  : participationintegrationtutor1 removed the presentation score of participationintegrationstudent1 for exercise with participationId 3973
    23:49:31.083 |  27 nPool-1-worker-1 | DEBUG | d.t.c.a.a.c.s.f.ApiVersionFilter     : Adding Version to Request PUT /api/exercises/3972/participations
    23:49:31.084 |  27 nPool-1-worker-1 | DEBUG | d.t.c.a.a.e.w.ParticipationResource  : REST request to update Participation : StudentParticipation{id=5858, presentationScore=100.0, student=User{login='participationintegrationstudent1', firstName='participationintegrationstudent1First', lastName='participationintegrationstudent1Last', email='participationintegrationstudent1@test.de', imageUrl='null', activated='true', langKey='en', activationKey='null'}}
    23:49:31.098 |  27 nPool-1-worker-1 | ERROR | tech.jhipster.web.util.HeaderUtil    : Entity processing failed, Participant already gave the maximum number of presentations
    23:49:31.098 |  27 nPool-1-worker-1 | WARN  | o.z.p.spring.common.AdviceTraits     : Bad Request: Participant already gave the maximum number of presentations

  Starting logs for ParticipationIntegrationTest > requestTextFeedbackSuccess_withAthenaFailure()
    23:49:31.124 |  27 nPool-1-worker-1 | DEBUG | d.t.c.a.a.c.u.util.UserUtilService   : Generate 4 students...
    23:49:31.130 |  27 nPool-1-worker-1 | DEBUG | d.t.c.a.a.c.u.util.UserUtilService   : 4 students generated. Generate 1 tutors...
    23:49:31.132 |  27 nPool-1-worker-1 | DEBUG | d.t.c.a.a.c.u.util.UserUtilService   : 1 tutors generated. Generate 1 editors...
    23:49:31.134 |  27 nPool-1-worker-1 | DEBUG | d.t.c.a.a.c.u.util.UserUtilService   : 1 editors generated. Generate 1 instructors...
    23:49:31.136 |  27 nPool-1-worker-1 | DEBUG | d.t.c.a.a.c.u.util.UserUtilService   : 1 instructors generated
    23:49:31.138 |  27 nPool-1-worker-1 | DEBUG | d.t.c.a.a.c.u.util.UserUtilService   : Removing 6 users from all courses...
    23:49:31.138 |  27 nPool-1-worker-1 | DEBUG | d.t.c.a.a.c.u.util.UserUtilService   : Removing 6 users from all courses. Done
    23:49:31.138 |  27 nPool-1-worker-1 | DEBUG | d.t.c.a.a.c.u.util.UserUtilService   : Save 7 users to database...
    23:49:31.142 |  27 nPool-1-worker-1 | DEBUG | d.t.c.a.a.c.u.util.UserUtilService   : Save 7 users to database. Done
    23:49:31.154 |  27 nPool-1-worker-1 | INFO  | .c.a.a.c.s.TitleCacheEvictionService : Evicted entry '3975' from title cache 'exerciseTitle'
    23:49:31.202 |  27 nPool-1-worker-1 | INFO  | i.z.t.d.l.EmbeddedDatabaseReporter   : JDBC URL to connect to 'dataSource': url='jdbc:h2:tcp://localhost:41063/mem:736625c0-cf5e-400d-aeaa-8a7eabd6262b;USER=sa', scope='ParticipationIntegrationTest#requestTextFeedbackSuccess_withAthenaFailure'
    23:49:31.221 |  27 nPool-1-worker-1 | DEBUG | .c.s.m.InstanceMessageReceiveService : Received schedule participant score for exercise 3976 and participant 820 (result to be deleted: null)
    23:49:31.221 |  27 nPool-1-worker-1 | DEBUG | .a.s.ParticipantScoreScheduleService : Scheduled task for exercise 3976 and participant 820 at 2025-02-14T23:49:31.321596868Z[Etc/UTC].
    23:49:31.222 |  27 nPool-1-worker-1 | DEBUG | .c.s.m.InstanceMessageReceiveService : Received schedule participant score for exercise 3976 and participant 820 (result to be deleted: null)
    23:49:31.222 |  27 nPool-1-worker-1 | DEBUG | .a.s.ParticipantScoreScheduleService : Scheduled task for exercise 3976 and participant 820 at 2025-02-14T23:49:31.322508678Z[Etc/UTC].
    23:49:31.242 |  27 nPool-1-worker-1 | DEBUG | .c.s.m.InstanceMessageReceiveService : Received schedule participant score for exercise 3976 and participant 820 (result to be deleted: null)
    23:49:31.242 |  27 nPool-1-worker-1 | DEBUG | .a.s.ParticipantScoreScheduleService : Scheduled task for exercise 3976 and participant 820 at 2025-02-14T23:49:31.342253250Z[Etc/UTC].
    23:49:31.242 |  27 nPool-1-worker-1 | DEBUG | .c.s.m.InstanceMessageReceiveService : Received schedule participant score for exercise 3976 and participant 820 (result to be deleted: null)
    23:49:31.242 |  27 nPool-1-worker-1 | DEBUG | .a.s.ParticipantScoreScheduleService : Scheduled task for exercise 3976 and participant 820 at 2025-02-14T23:49:31.342387520Z[Etc/UTC].
    23:49:31.251 |  27 nPool-1-worker-1 | DEBUG | .c.s.m.InstanceMessageReceiveService : Received schedule participant score for exercise 3976 and participant 820 (result to be deleted: null)
    23:49:31.251 |  27 nPool-1-worker-1 | DEBUG | .a.s.ParticipantScoreScheduleService : Scheduled task for exercise 3976 and participant 820 at 2025-02-14T23:49:31.351888960Z[Etc/UTC].
    23:49:31.252 |  27 nPool-1-worker-1 | DEBUG | d.t.c.a.a.c.s.f.ApiVersionFilter     : Adding Version to Request PUT /api/exercises/3976/request-feedback
    23:49:31.253 |  27 nPool-1-worker-1 | DEBUG | d.t.c.a.a.e.w.ParticipationResource  : REST request for feedback request: 3976
    23:49:31.257 | 111 monPool-worker-1 | DEBUG | .a.a.t.s.TextExerciseFeedbackService : Using athena to generate (text exercise) feedback request: 3976
    23:49:31.260 | 111 monPool-worker-1 | DEBUG | .a.a.t.s.TextExerciseFeedbackService : Submission id: 1781
    23:49:31.260 | 111 monPool-worker-1 | DEBUG | a.s.AthenaFeedbackSuggestionsService : Start Athena 'Non Graded' Feedback Suggestions Service for Exercise 'Text' (#3976).
    23:49:31.261 | 111 monPool-worker-1 | DEBUG | d.t.c.a.a.a.service.AthenaConnector  : Calling Athena.
    23:49:31.261 | 111 monPool-worker-1 | ERROR | d.t.c.a.a.a.service.AthenaConnector  : Athena did not respond successfully in time
org.springframework.web.client.ResourceAccessException: I/O error on POST request for "http://localhost:5100/modules/text/module_text_test/feedback_suggestions": Service unavailable
	at org.springframework.web.client.RestTemplate.createResourceAccessException(RestTemplate.java:926)
	at org.springframework.web.client.RestTemplate.doExecute(RestTemplate.java:906)
	at org.springframework.web.client.RestTemplate.execute(RestTemplate.java:801)
	at org.springframework.web.client.RestTemplate.postForEntity(RestTemplate.java:549)
	at de.tum.cit.aet.artemis.athena.service.AthenaConnector.invoke(AthenaConnector.java:63)
	at de.tum.cit.aet.artemis.athena.service.AthenaConnector.invokeWithRetry(AthenaConnector.java:96)
	at de.tum.cit.aet.artemis.athena.service.AthenaFeedbackSuggestionsService.getTextFeedbackSuggestions(AthenaFeedbackSuggestionsService.java:120)
	at de.tum.cit.aet.artemis.text.service.TextExerciseFeedbackService.generateAutomaticNonGradedFeedback(TextExerciseFeedbackService.java:120)
	at de.tum.cit.aet.artemis.text.service.TextExerciseFeedbackService.lambda$handleNonGradedFeedbackRequest$0(TextExerciseFeedbackService.java:90)
	at java.base/java.util.concurrent.CompletableFuture$AsyncRun.run(CompletableFuture.java:1804)
	at java.base/java.util.concurrent.CompletableFuture$AsyncRun.exec(CompletableFuture.java:1796)
	at java.base/java.util.concurrent.ForkJoinTask.doExec(ForkJoinTask.java:387)
	at java.base/java.util.concurrent.ForkJoinPool$WorkQueue.topLevelExec(ForkJoinPool.java:1312)
	at java.base/java.util.concurrent.ForkJoinPool.scan(ForkJoinPool.java:1843)
	at java.base/java.util.concurrent.ForkJoinPool.runWorker(ForkJoinPool.java:1808)
	at java.base/java.util.concurrent.ForkJoinWorkerThread.run(ForkJoinWorkerThread.java:188)
Caused by: java.io.IOException: Service unavailable
	at de.tum.cit.aet.artemis.core.connector.AthenaRequestMockProvider.mockGetFeedbackSuggestionsWithFailure(AthenaRequestMockProvider.java:235)
	at de.tum.cit.aet.artemis.exercise.participation.ParticipationIntegrationTest.requestTextFeedbackSuccess_withAthenaFailure(ParticipationIntegrationTest.java:760)
	at java.base/jdk.internal.reflect.DirectMethodHandleAccessor.invoke(DirectMethodHandleAccessor.java:103)
	at java.base/java.lang.reflect.Method.invoke(Method.java:580)
	at org.junit.platform.commons.util.ReflectionUtils.invokeMethod(ReflectionUtils.java:767)
	at org.junit.jupiter.engine.execution.MethodInvocation.proceed(MethodInvocation.java:60)
	at org.junit.jupiter.engine.execution.InvocationInterceptorChain$ValidatingInvocation.proceed(InvocationInterceptorChain.java:131)
	at org.junit.jupiter.engine.extension.TimeoutExtension.intercept(TimeoutExtension.java:156)
	at org.junit.jupiter.engine.extension.TimeoutExtension.interceptTestableMethod(TimeoutExtension.java:147)
	at org.junit.jupiter.engine.extension.TimeoutExtension.interceptTestMethod(TimeoutExtension.java:86)
	at org.junit.jupiter.engine.execution.InterceptingExecutableInvoker$ReflectiveInterceptorCall.lambda$ofVoidMethod$0(InterceptingExecutableInvoker.java:103)
	at org.junit.jupiter.engine.execution.InterceptingExecutableInvoker.lambda$invoke$0(InterceptingExecutableInvoker.java:93)
	at org.junit.jupiter.engine.execution.InvocationInterceptorChain$InterceptedInvocation.proceed(InvocationInterceptorChain.java:106)
	at org.junit.jupiter.engine.execution.InvocationInterceptorChain.proceed(InvocationInterceptorChain.java:64)
	at org.junit.jupiter.engine.execution.InvocationInterceptorChain.chainAndInvoke(InvocationInterceptorChain.java:45)
	at org.junit.jupiter.engine.execution.InvocationInterceptorChain.invoke(InvocationInterceptorChain.java:37)
	at org.junit.jupiter.engine.execution.InterceptingExecutableInvoker.invoke(InterceptingExecutableInvoker.java:92)
	at org.junit.jupiter.engine.execution.InterceptingExecutableInvoker.invoke(InterceptingExecutableInvoker.java:86)
	at org.junit.jupiter.engine.descriptor.TestMethodTestDescriptor.lambda$invokeTestMethod$8(TestMethodTestDescriptor.java:217)
	at org.junit.platform.engine.support.hierarchical.ThrowableCollector.execute(ThrowableCollector.java:73)
	at org.junit.jupiter.engine.descriptor.TestMethodTestDescriptor.invokeTestMethod(TestMethodTestDescriptor.java:213)
	at org.junit.jupiter.engine.descriptor.TestMethodTestDescriptor.execute(TestMethodTestDescriptor.java:138)
	at org.junit.jupiter.engine.descriptor.TestMethodTestDescriptor.execute(TestMethodTestDescriptor.java:68)
	at org.junit.platform.engine.support.hierarchical.NodeTestTask.lambda$executeRecursively$6(NodeTestTask.java:156)
	at org.junit.platform.engine.support.hierarchical.ThrowableCollector.execute(ThrowableCollector.java:73)
	at org.junit.platform.engine.support.hierarchical.NodeTestTask.lambda$executeRecursively$8(NodeTestTask.java:146)
	at org.junit.platform.engine.support.hierarchical.Node.around(Node.java:137)
	at org.junit.platform.engine.support.hierarchical.NodeTestTask.lambda$executeRecursively$9(NodeTestTask.java:144)
	at org.junit.platform.engine.support.hierarchical.ThrowableCollector.execute(ThrowableCollector.java:73)
	at org.junit.platform.engine.support.hierarchical.NodeTestTask.executeRecursively(NodeTestTask.java:143)
	at org.junit.platform.engine.support.hierarchical.NodeTestTask.execute(NodeTestTask.java:100)
	at org.junit.platform.engine.support.hierarchical.ForkJoinPoolHierarchicalTestExecutorService$ExclusiveTask.exec(ForkJoinPoolHierarchicalTestExecutorService.java:274)
	at org.junit.platform.engine.support.hierarchical.ForkJoinPoolHierarchicalTestExecutorService$ExclusiveTask.execSync(ForkJoinPoolHierarchicalTestExecutorService.java:247)
	at org.junit.platform.engine.support.hierarchical.ForkJoinPoolHierarchicalTestExecutorService.executeSync(ForkJoinPoolHierarchicalTestExecutorService.java:194)
	at org.junit.platform.engine.support.hierarchical.ForkJoinPoolHierarchicalTestExecutorService.invokeAll(ForkJoinPoolHierarchicalTestExecutorService.java:166)
	at org.junit.platform.engine.support.hierarchical.NodeTestTask.lambda$executeRecursively$6(NodeTestTask.java:160)
	at org.junit.platform.engine.support.hierarchical.ThrowableCollector.execute(ThrowableCollector.java:73)
	at org.junit.platform.engine.support.hierarchical.NodeTestTask.lambda$executeRecursively$8(NodeTestTask.java:146)
	at org.junit.platform.engine.support.hierarchical.Node.around(Node.java:137)
	at org.junit.platform.engine.support.hierarchical.NodeTestTask.lambda$executeRecursively$9(NodeTestTask.java:144)
	at org.junit.platform.engine.support.hierarchical.ThrowableCollector.execute(ThrowableCollector.java:73)
	at org.junit.platform.engine.support.hierarchical.NodeTestTask.executeRecursively(NodeTestTask.java:143)
	at org.junit.platform.engine.support.hierarchical.NodeTestTask.execute(NodeTestTask.java:100)
	at org.junit.platform.engine.support.hierarchical.ForkJoinPoolHierarchicalTestExecutorService$ExclusiveTask.exec(ForkJoinPoolHierarchicalTestExecutorService.java:274)
	at org.junit.platform.engine.support.hierarchical.ForkJoinPoolHierarchicalTestExecutorService$ExclusiveTask.execSync(ForkJoinPoolHierarchicalTestExecutorService.java:247)
	at org.junit.platform.engine.support.hierarchical.ForkJoinPoolHierarchicalTestExecutorService.executeSync(ForkJoinPoolHierarchicalTestExecutorService.java:194)
	at org.junit.platform.engine.support.hierarchical.ForkJoinPoolHierarchicalTestExecutorService.invokeAll(ForkJoinPoolHierarchicalTestExecutorService.java:168)
	at org.junit.platform.engine.support.hierarchical.NodeTestTask.lambda$executeRecursively$6(NodeTestTask.java:160)
	at org.junit.platform.engine.support.hierarchical.ThrowableCollector.execute(ThrowableCollector.java:73)
	at org.junit.platform.engine.support.hierarchical.NodeTestTask.lambda$executeRecursively$8(NodeTestTask.java:146)
	at org.junit.platform.engine.support.hierarchical.Node.around(Node.java:137)
	at org.junit.platform.engine.support.hierarchical.NodeTestTask.lambda$executeRecursively$9(NodeTestTask.java:144)
	at org.junit.platform.engine.support.hierarchical.ThrowableCollector.execute(ThrowableCollector.java:73)
	at org.junit.platform.engine.support.hierarchical.NodeTestTask.executeRecursively(NodeTestTask.java:143)
	at org.junit.platform.engine.support.hierarchical.NodeTestTask.execute(NodeTestTask.java:100)
	at org.junit.platform.engine.support.hierarchical.ForkJoinPoolHierarchicalTestExecutorService$ExclusiveTask.exec(ForkJoinPoolHierarchicalTestExecutorService.java:274)
	... 5 common frames omitted
    23:49:31.262 | 111 monPool-worker-1 | ERROR | .a.a.t.s.TextExerciseFeedbackService : Could not generate feedback
de.tum.cit.aet.artemis.core.exception.NetworkingException: An error occurred while calling Athena: An Error occurred while calling Athena. Check Remote Logs for debugging information.
	at de.tum.cit.aet.artemis.athena.service.AthenaConnector.invokeWithRetry(AthenaConnector.java:100)
	at de.tum.cit.aet.artemis.athena.service.AthenaFeedbackSuggestionsService.getTextFeedbackSuggestions(AthenaFeedbackSuggestionsService.java:120)
	at de.tum.cit.aet.artemis.text.service.TextExerciseFeedbackService.generateAutomaticNonGradedFeedback(TextExerciseFeedbackService.java:120)
	at de.tum.cit.aet.artemis.text.service.TextExerciseFeedbackService.lambda$handleNonGradedFeedbackRequest$0(TextExerciseFeedbackService.java:90)
	at java.base/java.util.concurrent.CompletableFuture$AsyncRun.run(CompletableFuture.java:1804)
	at java.base/java.util.concurrent.CompletableFuture$AsyncRun.exec(CompletableFuture.java:1796)
	at java.base/java.util.concurrent.ForkJoinTask.doExec(ForkJoinTask.java:387)
	at java.base/java.util.concurrent.ForkJoinPool$WorkQueue.topLevelExec(ForkJoinPool.java:1312)
	at java.base/java.util.concurrent.ForkJoinPool.scan(ForkJoinPool.java:1843)
	at java.base/java.util.concurrent.ForkJoinPool.runWorker(ForkJoinPool.java:1808)
	at java.base/java.util.concurrent.ForkJoinWorkerThread.run(ForkJoinWorkerThread.java:188)
Caused by: de.tum.cit.aet.artemis.core.exception.NetworkingException: An Error occurred while calling Athena. Check Remote Logs for debugging information.
	at de.tum.cit.aet.artemis.athena.service.AthenaConnector.invoke(AthenaConnector.java:67)
	at de.tum.cit.aet.artemis.athena.service.AthenaConnector.invokeWithRetry(AthenaConnector.java:96)
	... 10 common frames omitted
Caused by: org.springframework.web.client.ResourceAccessException: I/O error on POST request for "http://localhost:5100/modules/text/module_text_test/feedback_suggestions": Service unavailable
	at org.springframework.web.client.RestTemplate.createResourceAccessException(RestTemplate.java:926)
	at org.springframework.web.client.RestTemplate.doExecute(RestTemplate.java:906)
	at org.springframework.web.client.RestTemplate.execute(RestTemplate.java:801)
	at org.springframework.web.client.RestTemplate.postForEntity(RestTemplate.java:549)
	at de.tum.cit.aet.artemis.athena.service.AthenaConnector.invoke(AthenaConnector.java:63)
	... 11 common frames omitted
Caused by: java.io.IOException: Service unavailable
	at de.tum.cit.aet.artemis.core.connector.AthenaRequestMockProvider.mockGetFeedbackSuggestionsWithFailure(AthenaRequestMockProvider.java:235)
	at de.tum.cit.aet.artemis.exercise.participation.ParticipationIntegrationTest.requestTextFeedbackSuccess_withAthenaFailure(ParticipationIntegrationTest.java:760)
	at java.base/jdk.internal.reflect.DirectMethodHandleAccessor.invoke(DirectMethodHandleAccessor.java:103)
	at java.base/java.lang.reflect.Method.invoke(Method.java:580)
	at org.junit.platform.commons.util.ReflectionUtils.invokeMethod(ReflectionUtils.java:767)
	at org.junit.jupiter.engine.execution.MethodInvocation.proceed(MethodInvocation.java:60)
	at org.junit.jupiter.engine.execution.InvocationInterceptorChain$ValidatingInvocation.proceed(InvocationInterceptorChain.java:131)
	at org.junit.jupiter.engine.extension.TimeoutExtension.intercept(TimeoutExtension.java:156)
	at org.junit.jupiter.engine.extension.TimeoutExtension.interceptTestableMethod(TimeoutExtension.java:147)
	at org.junit.jupiter.engine.extension.TimeoutExtension.interceptTestMethod(TimeoutExtension.java:86)
	at org.junit.jupiter.engine.execution.InterceptingExecutableInvoker$ReflectiveInterceptorCall.lambda$ofVoidMethod$0(InterceptingExecutableInvoker.java:103)
	at org.junit.jupiter.engine.execution.InterceptingExecutableInvoker.lambda$invoke$0(InterceptingExecutableInvoker.java:93)
	at org.junit.jupiter.engine.execution.InvocationInterceptorChain$InterceptedInvocation.proceed(InvocationInterceptorChain.java:106)
	at org.junit.jupiter.engine.execution.InvocationInterceptorChain.proceed(InvocationInterceptorChain.java:64)
	at org.junit.jupiter.engine.execution.InvocationInterceptorChain.chainAndInvoke(InvocationInterceptorChain.java:45)
	at org.junit.jupiter.engine.execution.InvocationInterceptorChain.invoke(InvocationInterceptorChain.java:37)
	at org.junit.jupiter.engine.execution.InterceptingExecutableInvoker.invoke(InterceptingExecutableInvoker.java:92)
	at org.junit.jupiter.engine.execution.InterceptingExecutableInvoker.invoke(InterceptingExecutableInvoker.java:86)
	at org.junit.jupiter.engine.descriptor.TestMethodTestDescriptor.lambda$invokeTestMethod$8(TestMethodTestDescriptor.java:217)
	at org.junit.platform.engine.support.hierarchical.ThrowableCollector.execute(ThrowableCollector.java:73)
	at org.junit.jupiter.engine.descriptor.TestMethodTestDescriptor.invokeTestMethod(TestMethodTestDescriptor.java:213)
	at org.junit.jupiter.engine.descriptor.TestMethodTestDescriptor.execute(TestMethodTestDescriptor.java:138)
	at org.junit.jupiter.engine.descriptor.TestMethodTestDescriptor.execute(TestMethodTestDescriptor.java:68)
	at org.junit.platform.engine.support.hierarchical.NodeTestTask.lambda$executeRecursively$6(NodeTestTask.java:156)
	at org.junit.platform.engine.support.hierarchical.ThrowableCollector.execute(ThrowableCollector.java:73)
	at org.junit.platform.engine.support.hierarchical.NodeTestTask.lambda$executeRecursively$8(NodeTestTask.java:146)
	at org.junit.platform.engine.support.hierarchical.Node.around(Node.java:137)
	at org.junit.platform.engine.support.hierarchical.NodeTestTask.lambda$executeRecursively$9(NodeTestTask.java:144)
	at org.junit.platform.engine.support.hierarchical.ThrowableCollector.execute(ThrowableCollector.java:73)
	at org.junit.platform.engine.support.hierarchical.NodeTestTask.executeRecursively(NodeTestTask.java:143)
	at org.junit.platform.engine.support.hierarchical.NodeTestTask.execute(NodeTestTask.java:100)
	at org.junit.platform.engine.support.hierarchical.ForkJoinPoolHierarchicalTestExecutorService$ExclusiveTask.exec(ForkJoinPoolHierarchicalTestExecutorService.java:274)
	at org.junit.platform.engine.support.hierarchical.ForkJoinPoolHierarchicalTestExecutorService$ExclusiveTask.execSync(ForkJoinPoolHierarchicalTestExecutorService.java:247)
	at org.junit.platform.engine.support.hierarchical.ForkJoinPoolHierarchicalTestExecutorService.executeSync(ForkJoinPoolHierarchicalTestExecutorService.java:194)
	at org.junit.platform.engine.support.hierarchical.ForkJoinPoolHierarchicalTestExecutorService.invokeAll(ForkJoinPoolHierarchicalTestExecutorService.java:166)
	at org.junit.platform.engine.support.hierarchical.NodeTestTask.lambda$executeRecursively$6(NodeTestTask.java:160)
	at org.junit.platform.engine.support.hierarchical.ThrowableCollector.execute(ThrowableCollector.java:73)
	at org.junit.platform.engine.support.hierarchical.NodeTestTask.lambda$executeRecursively$8(NodeTestTask.java:146)
	at org.junit.platform.engine.support.hierarchical.Node.around(Node.java:137)
	at org.junit.platform.engine.support.hierarchical.NodeTestTask.lambda$executeRecursively$9(NodeTestTask.java:144)
	at org.junit.platform.engine.support.hierarchical.ThrowableCollector.execute(ThrowableCollector.java:73)
	at org.junit.platform.engine.support.hierarchical.NodeTestTask.executeRecursively(NodeTestTask.java:143)
	at org.junit.platform.engine.support.hierarchical.NodeTestTask.execute(NodeTestTask.java:100)
	at org.junit.platform.engine.support.hierarchical.ForkJoinPoolHierarchicalTestExecutorService$ExclusiveTask.exec(ForkJoinPoolHierarchicalTestExecutorService.java:274)
	at org.junit.platform.engine.support.hierarchical.ForkJoinPoolHierarchicalTestExecutorService$ExclusiveTask.execSync(ForkJoinPoolHierarchicalTestExecutorService.java:247)
	at org.junit.platform.engine.support.hierarchical.ForkJoinPoolHierarchicalTestExecutorService.executeSync(ForkJoinPoolHierarchicalTestExecutorService.java:194)
	at org.junit.platform.engine.support.hierarchical.ForkJoinPoolHierarchicalTestExecutorService.invokeAll(ForkJoinPoolHierarchicalTestExecutorService.java:168)
	at org.junit.platform.engine.support.hierarchical.NodeTestTask.lambda$executeRecursively$6(NodeTestTask.java:160)
	at org.junit.platform.engine.support.hierarchical.ThrowableCollector.execute(ThrowableCollector.java:73)
	at org.junit.platform.engine.support.hierarchical.NodeTestTask.lambda$executeRecursively$8(NodeTestTask.java:146)
	at org.junit.platform.engine.support.hierarchical.Node.around(Node.java:137)
	at org.junit.platform.engine.support.hierarchical.NodeTestTask.lambda$executeRecursively$9(NodeTestTask.java:144)
	at org.junit.platform.engine.support.hierarchical.ThrowableCollector.execute(ThrowableCollector.java:73)
	at org.junit.platform.engine.support.hierarchical.NodeTestTask.executeRecursively(NodeTestTask.java:143)
	at org.junit.platform.engine.support.hierarchical.NodeTestTask.execute(NodeTestTask.java:100)
	at org.junit.platform.engine.support.hierarchical.ForkJoinPoolHierarchicalTestExecutorService$ExclusiveTask.exec(ForkJoinPoolHierarchicalTestExecutorService.java:274)
	... 5 common frames omitted

  Starting logs for ParticipationIntegrationTest > deleteParticipation_tutor()
    23:49:31.293 |  27 nPool-1-worker-1 | DEBUG | d.t.c.a.a.c.u.util.UserUtilService   : Generate 4 students...
    23:49:31.299 |  27 nPool-1-worker-1 | DEBUG | d.t.c.a.a.c.u.util.UserUtilService   : 4 students generated. Generate 1 tutors...
    23:49:31.301 |  27 nPool-1-worker-1 | DEBUG | d.t.c.a.a.c.u.util.UserUtilService   : 1 tutors generated. Generate 1 editors...
    23:49:31.303 |  27 nPool-1-worker-1 | DEBUG | d.t.c.a.a.c.u.util.UserUtilService   : 1 editors generated. Generate 1 instructors...
    23:49:31.306 |  27 nPool-1-worker-1 | DEBUG | d.t.c.a.a.c.u.util.UserUtilService   : 1 instructors generated
    23:49:31.307 |  27 nPool-1-worker-1 | DEBUG | d.t.c.a.a.c.u.util.UserUtilService   : Removing 6 users from all courses...
    23:49:31.308 |  27 nPool-1-worker-1 | DEBUG | d.t.c.a.a.c.u.util.UserUtilService   : Removing 6 users from all courses. Done
    23:49:31.308 |  27 nPool-1-worker-1 | DEBUG | d.t.c.a.a.c.u.util.UserUtilService   : Save 7 users to database...
    23:49:31.311 |  27 nPool-1-worker-1 | DEBUG | d.t.c.a.a.c.u.util.UserUtilService   : Save 7 users to database. Done
    23:49:31.323 |  27 nPool-1-worker-1 | INFO  | .c.a.a.c.s.TitleCacheEvictionService : Evicted entry '3978' from title cache 'exerciseTitle'
    23:49:31.371 |  27 nPool-1-worker-1 | INFO  | i.z.t.d.l.EmbeddedDatabaseReporter   : JDBC URL to connect to 'dataSource': url='jdbc:h2:tcp://localhost:41063/mem:736625c0-cf5e-400d-aeaa-8a7eabd6262b;USER=sa', scope='ParticipationIntegrationTest#deleteParticipation_tutor'
    23:49:31.376 |  27 nPool-1-worker-1 | DEBUG | d.t.c.a.a.c.s.f.ApiVersionFilter     : Adding Version to Request DELETE /api/guided-tour/participations/5860
    23:49:31.378 |  27 nPool-1-worker-1 | INFO  | d.t.c.a.a.e.w.ParticipationResource  : Delete Participation 5860 of exercise UML Class Diagram for participationintegrationtutor1First participationintegrationtutor1Last, deleteBuildPlan: false, deleteRepository: false by participationintegrationtutor1
    23:49:31.378 |  27 nPool-1-worker-1 | INFO  | d.t.c.a.a.e.s.ParticipationService   : Request to delete Participation : StudentParticipation{id=5860, presentationScore=null, student=User{login='participationintegrationtutor1', firstName='participationintegrationtutor1First', lastName='participationintegrationtutor1Last', email='participationintegrationtutor1@test.de', imageUrl='null', activated='true', langKey='en', activationKey='null'}}
    23:49:31.378 |  27 nPool-1-worker-1 | DEBUG | d.t.c.a.a.e.s.ParticipationService   : Request to delete all results and submissions of participation with id : 5860
    23:49:31.383 |  27 nPool-1-worker-1 | DEBUG | d.t.c.a.a.c.s.f.ApiVersionFilter     : Adding Version to Request DELETE /api/guided-tour/participations/5861
    23:49:31.385 |  27 nPool-1-worker-1 | WARN  | o.z.p.spring.common.AdviceTraits     : Forbidden: Users are not allowed to delete their own participation.

  Starting logs for ParticipationIntegrationTest > practiceProgrammingTeamExercise_Forbidden()
    23:49:31.409 |  27 nPool-1-worker-1 | DEBUG | d.t.c.a.a.c.u.util.UserUtilService   : Generate 4 students...
    23:49:31.415 |  27 nPool-1-worker-1 | DEBUG | d.t.c.a.a.c.u.util.UserUtilService   : 4 students generated. Generate 1 tutors...
    23:49:31.417 |  27 nPool-1-worker-1 | DEBUG | d.t.c.a.a.c.u.util.UserUtilService   : 1 tutors generated. Generate 1 editors...
    23:49:31.419 |  27 nPool-1-worker-1 | DEBUG | d.t.c.a.a.c.u.util.UserUtilService   : 1 editors generated. Generate 1 instructors...
    23:49:31.422 |  27 nPool-1-worker-1 | DEBUG | d.t.c.a.a.c.u.util.UserUtilService   : 1 instructors generated
    23:49:31.423 |  27 nPool-1-worker-1 | DEBUG | d.t.c.a.a.c.u.util.UserUtilService   : Removing 6 users from all courses...
    23:49:31.424 |  27 nPool-1-worker-1 | DEBUG | d.t.c.a.a.c.u.util.UserUtilService   : Removing 6 users from all courses. Done
    23:49:31.424 |  27 nPool-1-worker-1 | DEBUG | d.t.c.a.a.c.u.util.UserUtilService   : Save 7 users to database...
    23:49:31.427 |  27 nPool-1-worker-1 | DEBUG | d.t.c.a.a.c.u.util.UserUtilService   : Save 7 users to database. Done
    23:49:31.440 |  27 nPool-1-worker-1 | INFO  | .c.a.a.c.s.TitleCacheEvictionService : Evicted entry '3981' from title cache 'exerciseTitle'
    23:49:31.488 |  27 nPool-1-worker-1 | INFO  | i.z.t.d.l.EmbeddedDatabaseReporter   : JDBC URL to connect to 'dataSource': url='jdbc:h2:tcp://localhost:41063/mem:736625c0-cf5e-400d-aeaa-8a7eabd6262b;USER=sa', scope='ParticipationIntegrationTest#practiceProgrammingTeamExercise_Forbidden'
    23:49:31.494 |  27 nPool-1-worker-1 | DEBUG | d.t.c.a.a.c.s.f.ApiVersionFilter     : Adding Version to Request POST /api/exercises/3983/participations/practice
    23:49:31.495 |  27 nPool-1-worker-1 | DEBUG | d.t.c.a.a.e.w.ParticipationResource  : REST request to practice Exercise : 3983
    23:49:31.497 |  27 nPool-1-worker-1 | ERROR | tech.jhipster.web.util.HeaderUtil    : Entity processing failed, The practice mode is not yet supported for team exercises
    23:49:31.497 |  27 nPool-1-worker-1 | WARN  | o.z.p.spring.common.AdviceTraits     : Bad Request: The practice mode is not yet supported for team exercises

  Starting logs for ParticipationIntegrationTest > getParticipation_quizExerciseNotStarted(QuizMode) [1] quizMode=SYNCHRONIZED
    23:49:31.530 |  27 nPool-1-worker-1 | DEBUG | d.t.c.a.a.c.u.util.UserUtilService   : Generate 4 students...
    23:49:31.537 |  27 nPool-1-worker-1 | DEBUG | d.t.c.a.a.c.u.util.UserUtilService   : 4 students generated. Generate 1 tutors...
    23:49:31.539 |  27 nPool-1-worker-1 | DEBUG | d.t.c.a.a.c.u.util.UserUtilService   : 1 tutors generated. Generate 1 editors...
    23:49:31.542 |  27 nPool-1-worker-1 | DEBUG | d.t.c.a.a.c.u.util.UserUtilService   : 1 editors generated. Generate 1 instructors...
    23:49:31.544 |  27 nPool-1-worker-1 | DEBUG | d.t.c.a.a.c.u.util.UserUtilService   : 1 instructors generated
    23:49:31.546 |  27 nPool-1-worker-1 | DEBUG | d.t.c.a.a.c.u.util.UserUtilService   : Removing 6 users from all courses...
    23:49:31.547 |  27 nPool-1-worker-1 | DEBUG | d.t.c.a.a.c.u.util.UserUtilService   : Removing 6 users from all courses. Done
    23:49:31.547 |  27 nPool-1-worker-1 | DEBUG | d.t.c.a.a.c.u.util.UserUtilService   : Save 7 users to database...
    23:49:31.551 |  27 nPool-1-worker-1 | DEBUG | d.t.c.a.a.c.u.util.UserUtilService   : Save 7 users to database. Done
    23:49:31.564 |  27 nPool-1-worker-1 | INFO  | .c.a.a.c.s.TitleCacheEvictionService : Evicted entry '3984' from title cache 'exerciseTitle'
    23:49:31.611 | 059 pool-4-thread-2  | INFO  | d.t.c.a.a.p.s.gitlab.GitLabService   : Unprotecting branch main for Gitlab repository SHORTF5FE6CC00F1FE043210B9A10F1BC905976DBT8BD/shortf5fe6cc00f1fe043210b9a10f1bc905976dbt8bd-participationintegrationstudent1
    23:49:31.616 |  27 nPool-1-worker-1 | INFO  | i.z.t.d.l.EmbeddedDatabaseReporter   : JDBC URL to connect to 'dataSource': url='jdbc:h2:tcp://localhost:41063/mem:736625c0-cf5e-400d-aeaa-8a7eabd6262b;USER=sa', scope='ParticipationIntegrationTest#getParticipation_quizExerciseNotStarted'
    23:49:31.618 |  27 nPool-1-worker-1 | DEBUG | d.t.c.a.a.c.s.f.ApiVersionFilter     : Adding Version to Request GET /api/exercises/3987/participation
    23:49:31.619 |  27 nPool-1-worker-1 | DEBUG | d.t.c.a.a.e.w.ParticipationResource  : REST request to get Participation for Exercise : 3987
    23:49:31.621 |  27 nPool-1-worker-1 | WARN  | o.z.p.spring.common.AdviceTraits     : Forbidden: You are not allowed to access this resource

  Starting logs for ParticipationIntegrationTest > getParticipation_quizExerciseNotStarted(QuizMode) [2] quizMode=BATCHED
    23:49:31.646 |  27 nPool-1-worker-1 | DEBUG | d.t.c.a.a.c.u.util.UserUtilService   : Generate 4 students...
    23:49:31.651 |  27 nPool-1-worker-1 | DEBUG | d.t.c.a.a.c.u.util.UserUtilService   : 4 students generated. Generate 1 tutors...
    23:49:31.654 |  27 nPool-1-worker-1 | DEBUG | d.t.c.a.a.c.u.util.UserUtilService   : 1 tutors generated. Generate 1 editors...
    23:49:31.656 |  27 nPool-1-worker-1 | DEBUG | d.t.c.a.a.c.u.util.UserUtilService   : 1 editors generated. Generate 1 instructors...
    23:49:31.658 |  27 nPool-1-worker-1 | DEBUG | d.t.c.a.a.c.u.util.UserUtilService   : 1 instructors generated
    23:49:31.659 |  27 nPool-1-worker-1 | DEBUG | d.t.c.a.a.c.u.util.UserUtilService   : Removing 6 users from all courses...
    23:49:31.660 |  27 nPool-1-worker-1 | DEBUG | d.t.c.a.a.c.u.util.UserUtilService   : Removing 6 users from all courses. Done
    23:49:31.660 |  27 nPool-1-worker-1 | DEBUG | d.t.c.a.a.c.u.util.UserUtilService   : Save 7 users to database...
    23:49:31.664 |  27 nPool-1-worker-1 | DEBUG | d.t.c.a.a.c.u.util.UserUtilService   : Save 7 users to database. Done
    23:49:31.677 |  27 nPool-1-worker-1 | INFO  | .c.a.a.c.s.TitleCacheEvictionService : Evicted entry '3988' from title cache 'exerciseTitle'
    23:49:31.729 |  27 nPool-1-worker-1 | INFO  | i.z.t.d.l.EmbeddedDatabaseReporter   : JDBC URL to connect to 'dataSource': url='jdbc:h2:tcp://localhost:41063/mem:736625c0-cf5e-400d-aeaa-8a7eabd6262b;USER=sa', scope='ParticipationIntegrationTest#getParticipation_quizExerciseNotStarted'
    23:49:31.732 |  27 nPool-1-worker-1 | DEBUG | d.t.c.a.a.c.s.f.ApiVersionFilter     : Adding Version to Request GET /api/exercises/3991/participation
    23:49:31.732 |  27 nPool-1-worker-1 | DEBUG | d.t.c.a.a.e.w.ParticipationResource  : REST request to get Participation for Exercise : 3991
    23:49:31.734 |  27 nPool-1-worker-1 | WARN  | o.z.p.spring.common.AdviceTraits     : Forbidden: You are not allowed to access this resource

  Starting logs for ParticipationIntegrationTest > getParticipation_quizExerciseNotStarted(QuizMode) [3] quizMode=INDIVIDUAL
    23:49:31.760 |  27 nPool-1-worker-1 | DEBUG | d.t.c.a.a.c.u.util.UserUtilService   : Generate 4 students...
    23:49:31.766 |  27 nPool-1-worker-1 | DEBUG | d.t.c.a.a.c.u.util.UserUtilService   : 4 students generated. Generate 1 tutors...
    23:49:31.768 | 061 pool-4-thread-4  | INFO  | d.t.c.a.a.p.s.gitlab.GitLabService   : Unprotecting branch main for Gitlab repository SHORT2922AE58096CB043600A808029090C874A7DT7F7/short2922ae58096cb043600a808029090c874a7dt7f7-practice-participationintegrationstudent1
    23:49:31.768 |  27 nPool-1-worker-1 | DEBUG | d.t.c.a.a.c.u.util.UserUtilService   : 1 tutors generated. Generate 1 editors...
    23:49:31.771 |  27 nPool-1-worker-1 | DEBUG | d.t.c.a.a.c.u.util.UserUtilService   : 1 editors generated. Generate 1 instructors...
    23:49:31.773 |  27 nPool-1-worker-1 | DEBUG | d.t.c.a.a.c.u.util.UserUtilService   : 1 instructors generated
    23:49:31.774 |  27 nPool-1-worker-1 | DEBUG | d.t.c.a.a.c.u.util.UserUtilService   : Removing 6 users from all courses...
    23:49:31.775 |  27 nPool-1-worker-1 | DEBUG | d.t.c.a.a.c.u.util.UserUtilService   : Removing 6 users from all courses. Done
    23:49:31.775 |  27 nPool-1-worker-1 | DEBUG | d.t.c.a.a.c.u.util.UserUtilService   : Save 7 users to database...
    23:49:31.779 |  27 nPool-1-worker-1 | DEBUG | d.t.c.a.a.c.u.util.UserUtilService   : Save 7 users to database. Done
    23:49:31.792 |  27 nPool-1-worker-1 | INFO  | .c.a.a.c.s.TitleCacheEvictionService : Evicted entry '3992' from title cache 'exerciseTitle'
    23:49:31.845 |  27 nPool-1-worker-1 | INFO  | i.z.t.d.l.EmbeddedDatabaseReporter   : JDBC URL to connect to 'dataSource': url='jdbc:h2:tcp://localhost:41063/mem:736625c0-cf5e-400d-aeaa-8a7eabd6262b;USER=sa', scope='ParticipationIntegrationTest#getParticipation_quizExerciseNotStarted'
    23:49:31.847 |  27 nPool-1-worker-1 | DEBUG | d.t.c.a.a.c.s.f.ApiVersionFilter     : Adding Version to Request GET /api/exercises/3995/participation
    23:49:31.847 |  27 nPool-1-worker-1 | DEBUG | d.t.c.a.a.e.w.ParticipationResource  : REST request to get Participation for Exercise : 3995
    23:49:31.850 |  27 nPool-1-worker-1 | WARN  | o.z.p.spring.common.AdviceTraits     : Forbidden: You are not allowed to access this resource

  Starting logs for ParticipationIntegrationTest > updateParticipation_presentationScoreMoreThan0()
    23:49:31.874 |  27 nPool-1-worker-1 | DEBUG | d.t.c.a.a.c.u.util.UserUtilService   : Generate 4 students...
    23:49:31.880 |  27 nPool-1-worker-1 | DEBUG | d.t.c.a.a.c.u.util.UserUtilService   : 4 students generated. Generate 1 tutors...
    23:49:31.882 |  27 nPool-1-worker-1 | DEBUG | d.t.c.a.a.c.u.util.UserUtilService   : 1 tutors generated. Generate 1 editors...
    23:49:31.884 |  27 nPool-1-worker-1 | DEBUG | d.t.c.a.a.c.u.util.UserUtilService   : 1 editors generated. Generate 1 instructors...
    23:49:31.886 |  27 nPool-1-worker-1 | DEBUG | d.t.c.a.a.c.u.util.UserUtilService   : 1 instructors generated
    23:49:31.888 |  27 nPool-1-worker-1 | DEBUG | d.t.c.a.a.c.u.util.UserUtilService   : Removing 6 users from all courses...
    23:49:31.889 |  27 nPool-1-worker-1 | DEBUG | d.t.c.a.a.c.u.util.UserUtilService   : Removing 6 users from all courses. Done
    23:49:31.889 |  27 nPool-1-worker-1 | DEBUG | d.t.c.a.a.c.u.util.UserUtilService   : Save 7 users to database...
    23:49:31.892 |  27 nPool-1-worker-1 | DEBUG | d.t.c.a.a.c.u.util.UserUtilService   : Save 7 users to database. Done
    23:49:31.904 |  27 nPool-1-worker-1 | INFO  | .c.a.a.c.s.TitleCacheEvictionService : Evicted entry '3996' from title cache 'exerciseTitle'
    23:49:32.001 |  27 nPool-1-worker-1 | INFO  | i.z.t.d.l.EmbeddedDatabaseReporter   : JDBC URL to connect to 'dataSource': url='jdbc:h2:tcp://localhost:41063/mem:736625c0-cf5e-400d-aeaa-8a7eabd6262b;USER=sa', scope='ParticipationIntegrationTest#updateParticipation_presentationScoreMoreThan0'
    23:49:32.012 |  27 nPool-1-worker-1 | DEBUG | d.t.c.a.a.c.s.f.ApiVersionFilter     : Adding Version to Request PUT /api/exercises/3997/participations
    23:49:32.014 |  27 nPool-1-worker-1 | DEBUG | d.t.c.a.a.e.w.ParticipationResource  : REST request to update Participation : StudentParticipation{id=5862, presentationScore=2.0, student=User{login='participationintegrationstudent1', firstName='participationintegrationstudent1First', lastName='participationintegrationstudent1Last', email='participationintegrationstudent1@test.de', imageUrl='null', activated='true', langKey='en', activationKey='null'}}

  Starting logs for ParticipationIntegrationTest > [1] quizMode=SYNCHRONIZED
    23:49:32.053 |  27 nPool-1-worker-1 | DEBUG | d.t.c.a.a.c.u.util.UserUtilService   : Generate 4 students...
    23:49:32.058 |  27 nPool-1-worker-1 | DEBUG | d.t.c.a.a.c.u.util.UserUtilService   : 4 students generated. Generate 1 tutors...
    23:49:32.060 |  27 nPool-1-worker-1 | DEBUG | d.t.c.a.a.c.u.util.UserUtilService   : 1 tutors generated. Generate 1 editors...
    23:49:32.062 |  27 nPool-1-worker-1 | DEBUG | d.t.c.a.a.c.u.util.UserUtilService   : 1 editors generated. Generate 1 instructors...
    23:49:32.064 |  27 nPool-1-worker-1 | DEBUG | d.t.c.a.a.c.u.util.UserUtilService   : 1 instructors generated
    23:49:32.066 |  27 nPool-1-worker-1 | DEBUG | d.t.c.a.a.c.u.util.UserUtilService   : Removing 6 users from all courses...
    23:49:32.067 |  27 nPool-1-worker-1 | DEBUG | d.t.c.a.a.c.u.util.UserUtilService   : Removing 6 users from all courses. Done
    23:49:32.067 |  27 nPool-1-worker-1 | DEBUG | d.t.c.a.a.c.u.util.UserUtilService   : Save 7 users to database...
    23:49:32.070 |  27 nPool-1-worker-1 | DEBUG | d.t.c.a.a.c.u.util.UserUtilService   : Save 7 users to database. Done
    23:49:32.082 |  27 nPool-1-worker-1 | INFO  | .c.a.a.c.s.TitleCacheEvictionService : Evicted entry '3999' from title cache 'exerciseTitle'
    23:49:32.134 |  27 nPool-1-worker-1 | INFO  | i.z.t.d.l.EmbeddedDatabaseReporter   : JDBC URL to connect to 'dataSource': url='jdbc:h2:tcp://localhost:41063/mem:736625c0-cf5e-400d-aeaa-8a7eabd6262b;USER=sa', scope='ParticipationIntegrationTest#testCheckQuizParticipation'
    23:49:32.151 |  27 nPool-1-worker-1 | DEBUG | .c.s.m.InstanceMessageReceiveService : Received schedule participant score for exercise 4002 and participant 820 (result to be deleted: null)
    23:49:32.151 |  27 nPool-1-worker-1 | DEBUG | .a.s.ParticipantScoreScheduleService : Scheduled task for exercise 4002 and participant 820 at 2025-02-14T23:49:32.251810445Z[Etc/UTC].
    23:49:32.163 |  27 nPool-1-worker-1 | DEBUG | .c.s.m.InstanceMessageReceiveService : Received schedule participant score for exercise 4002 and participant 820 (result to be deleted: null)
    23:49:32.163 |  27 nPool-1-worker-1 | DEBUG | .a.s.ParticipantScoreScheduleService : Scheduled task for exercise 4002 and participant 820 at 2025-02-14T23:49:32.263652239Z[Etc/UTC].
    23:49:32.166 |  27 nPool-1-worker-1 | DEBUG | d.t.c.a.a.c.s.f.ApiVersionFilter     : Adding Version to Request GET /api/exercises/4002/participation
    23:49:32.166 |  27 nPool-1-worker-1 | DEBUG | d.t.c.a.a.e.w.ParticipationResource  : REST request to get Participation for Exercise : 4002

  Starting logs for ParticipationIntegrationTest > [2] quizMode=BATCHED
    23:49:32.198 |  27 nPool-1-worker-1 | DEBUG | d.t.c.a.a.c.u.util.UserUtilService   : Generate 4 students...
    23:49:32.203 |  27 nPool-1-worker-1 | DEBUG | d.t.c.a.a.c.u.util.UserUtilService   : 4 students generated. Generate 1 tutors...
    23:49:32.205 |  27 nPool-1-worker-1 | DEBUG | d.t.c.a.a.c.u.util.UserUtilService   : 1 tutors generated. Generate 1 editors...
    23:49:32.207 |  27 nPool-1-worker-1 | DEBUG | d.t.c.a.a.c.u.util.UserUtilService   : 1 editors generated. Generate 1 instructors...
    23:49:32.209 |  27 nPool-1-worker-1 | DEBUG | d.t.c.a.a.c.u.util.UserUtilService   : 1 instructors generated
    23:49:32.210 |  27 nPool-1-worker-1 | DEBUG | d.t.c.a.a.c.u.util.UserUtilService   : Removing 6 users from all courses...
    23:49:32.211 |  27 nPool-1-worker-1 | DEBUG | d.t.c.a.a.c.u.util.UserUtilService   : Removing 6 users from all courses. Done
    23:49:32.211 |  27 nPool-1-worker-1 | DEBUG | d.t.c.a.a.c.u.util.UserUtilService   : Save 7 users to database...
    23:49:32.214 |  27 nPool-1-worker-1 | DEBUG | d.t.c.a.a.c.u.util.UserUtilService   : Save 7 users to database. Done
    23:49:32.225 |  27 nPool-1-worker-1 | INFO  | .c.a.a.c.s.TitleCacheEvictionService : Evicted entry '4003' from title cache 'exerciseTitle'
    23:49:32.278 |  27 nPool-1-worker-1 | INFO  | i.z.t.d.l.EmbeddedDatabaseReporter   : JDBC URL to connect to 'dataSource': url='jdbc:h2:tcp://localhost:41063/mem:736625c0-cf5e-400d-aeaa-8a7eabd6262b;USER=sa', scope='ParticipationIntegrationTest#testCheckQuizParticipation'
    23:49:32.294 |  27 nPool-1-worker-1 | DEBUG | .c.s.m.InstanceMessageReceiveService : Received schedule participant score for exercise 4006 and participant 820 (result to be deleted: null)
    23:49:32.294 |  27 nPool-1-worker-1 | DEBUG | .a.s.ParticipantScoreScheduleService : Scheduled task for exercise 4006 and participant 820 at 2025-02-14T23:49:32.394806131Z[Etc/UTC].
    23:49:32.306 |  27 nPool-1-worker-1 | DEBUG | .c.s.m.InstanceMessageReceiveService : Received schedule participant score for exercise 4006 and participant 820 (result to be deleted: null)
    23:49:32.306 |  27 nPool-1-worker-1 | DEBUG | .a.s.ParticipantScoreScheduleService : Scheduled task for exercise 4006 and participant 820 at 2025-02-14T23:49:32.406227411Z[Etc/UTC].
    23:49:32.308 |  27 nPool-1-worker-1 | DEBUG | d.t.c.a.a.c.s.f.ApiVersionFilter     : Adding Version to Request GET /api/exercises/4006/participation
    23:49:32.309 |  27 nPool-1-worker-1 | DEBUG | d.t.c.a.a.e.w.ParticipationResource  : REST request to get Participation for Exercise : 4006

  Starting logs for ParticipationIntegrationTest > [3] quizMode=INDIVIDUAL
    23:49:32.339 |  27 nPool-1-worker-1 | DEBUG | d.t.c.a.a.c.u.util.UserUtilService   : Generate 4 students...
    23:49:32.344 |  27 nPool-1-worker-1 | DEBUG | d.t.c.a.a.c.u.util.UserUtilService   : 4 students generated. Generate 1 tutors...
    23:49:32.346 |  27 nPool-1-worker-1 | DEBUG | d.t.c.a.a.c.u.util.UserUtilService   : 1 tutors generated. Generate 1 editors...
    23:49:32.348 |  27 nPool-1-worker-1 | DEBUG | d.t.c.a.a.c.u.util.UserUtilService   : 1 editors generated. Generate 1 instructors...
    23:49:32.350 |  27 nPool-1-worker-1 | DEBUG | d.t.c.a.a.c.u.util.UserUtilService   : 1 instructors generated
    23:49:32.351 |  27 nPool-1-worker-1 | DEBUG | d.t.c.a.a.c.u.util.UserUtilService   : Removing 6 users from all courses...
    23:49:32.352 |  27 nPool-1-worker-1 | DEBUG | d.t.c.a.a.c.u.util.UserUtilService   : Removing 6 users from all courses. Done
    23:49:32.352 |  27 nPool-1-worker-1 | DEBUG | d.t.c.a.a.c.u.util.UserUtilService   : Save 7 users to database...
    23:49:32.355 |  27 nPool-1-worker-1 | DEBUG | d.t.c.a.a.c.u.util.UserUtilService   : Save 7 users to database. Done
    23:49:32.366 |  27 nPool-1-worker-1 | INFO  | .c.a.a.c.s.TitleCacheEvictionService : Evicted entry '4007' from title cache 'exerciseTitle'
    23:49:32.417 |  27 nPool-1-worker-1 | INFO  | i.z.t.d.l.EmbeddedDatabaseReporter   : JDBC URL to connect to 'dataSource': url='jdbc:h2:tcp://localhost:41063/mem:736625c0-cf5e-400d-aeaa-8a7eabd6262b;USER=sa', scope='ParticipationIntegrationTest#testCheckQuizParticipation'
    23:49:32.435 |  27 nPool-1-worker-1 | DEBUG | .c.s.m.InstanceMessageReceiveService : Received schedule participant score for exercise 4010 and participant 820 (result to be deleted: null)
    23:49:32.435 |  27 nPool-1-worker-1 | DEBUG | .a.s.ParticipantScoreScheduleService : Scheduled task for exercise 4010 and participant 820 at 2025-02-14T23:49:32.535976758Z[Etc/UTC].
    23:49:32.447 |  27 nPool-1-worker-1 | DEBUG | .c.s.m.InstanceMessageReceiveService : Received schedule participant score for exercise 4010 and participant 820 (result to be deleted: null)
    23:49:32.447 |  27 nPool-1-worker-1 | DEBUG | .a.s.ParticipantScoreScheduleService : Scheduled task for exercise 4010 and participant 820 at 2025-02-14T23:49:32.547461406Z[Etc/UTC].
    23:49:32.449 |  27 nPool-1-worker-1 | DEBUG | d.t.c.a.a.c.s.f.ApiVersionFilter     : Adding Version to Request GET /api/exercises/4010/participation
    23:49:32.450 |  27 nPool-1-worker-1 | DEBUG | d.t.c.a.a.e.w.ParticipationResource  : REST request to get Participation for Exercise : 4010

  Starting logs for ParticipationIntegrationTest > participateInProgrammingExerciseAsEditorDueDatePassed()
    23:49:32.480 |  27 nPool-1-worker-1 | DEBUG | d.t.c.a.a.c.u.util.UserUtilService   : Generate 4 students...
    23:49:32.485 |  27 nPool-1-worker-1 | DEBUG | d.t.c.a.a.c.u.util.UserUtilService   : 4 students generated. Generate 1 tutors...
    23:49:32.487 |  27 nPool-1-worker-1 | DEBUG | d.t.c.a.a.c.u.util.UserUtilService   : 1 tutors generated. Generate 1 editors...
    23:49:32.490 |  27 nPool-1-worker-1 | DEBUG | d.t.c.a.a.c.u.util.UserUtilService   : 1 editors generated. Generate 1 instructors...
    23:49:32.492 |  27 nPool-1-worker-1 | DEBUG | d.t.c.a.a.c.u.util.UserUtilService   : 1 instructors generated
    23:49:32.493 |  27 nPool-1-worker-1 | DEBUG | d.t.c.a.a.c.u.util.UserUtilService   : Removing 6 users from all courses...
    23:49:32.494 |  27 nPool-1-worker-1 | DEBUG | d.t.c.a.a.c.u.util.UserUtilService   : Removing 6 users from all courses. Done
    23:49:32.494 |  27 nPool-1-worker-1 | DEBUG | d.t.c.a.a.c.u.util.UserUtilService   : Save 7 users to database...
    23:49:32.497 |  27 nPool-1-worker-1 | DEBUG | d.t.c.a.a.c.u.util.UserUtilService   : Save 7 users to database. Done
    23:49:32.508 |  27 nPool-1-worker-1 | INFO  | .c.a.a.c.s.TitleCacheEvictionService : Evicted entry '4011' from title cache 'exerciseTitle'
    23:49:32.555 |  27 nPool-1-worker-1 | INFO  | i.z.t.d.l.EmbeddedDatabaseReporter   : JDBC URL to connect to 'dataSource': url='jdbc:h2:tcp://localhost:41063/mem:736625c0-cf5e-400d-aeaa-8a7eabd6262b;USER=sa', scope='ParticipationIntegrationTest#participateInProgrammingExerciseAsEditorDueDatePassed'
    23:49:32.585 |  27 nPool-1-worker-1 | DEBUG | d.t.c.a.a.c.s.f.ApiVersionFilter     : Adding Version to Request POST /api/exercises/4013/participations
    23:49:32.587 |  27 nPool-1-worker-1 | DEBUG | d.t.c.a.a.e.w.ParticipationResource  : REST request to start Exercise : 4013
    23:49:32.597 |  27 nPool-1-worker-1 | DEBUG | d.t.c.a.a.p.service.GitService       : Cloning from file:/tmp/exerciseOriginRepo8343930723475259061/ to repos/server-integration-test/studentOriginRepo8863441218490661716
    23:49:32.611 |  27 nPool-1-worker-1 | INFO  | d.t.c.a.a.p.s.gitlab.GitLabService   : Adding user 1 with permissions 30 to repository SHORT4F146B0D0A2AC040D00BE8A0322A90852A71T24B/short4f146b0d0a2ac040d00be8a0322a90852a71t24b-participationintegrationeditor1

  Starting logs for ParticipationIntegrationTest > practiceProgrammingExercise_featureDisabled()
    23:49:32.643 |  27 nPool-1-worker-1 | DEBUG | d.t.c.a.a.c.u.util.UserUtilService   : Generate 4 students...
    23:49:32.648 |  27 nPool-1-worker-1 | DEBUG | d.t.c.a.a.c.u.util.UserUtilService   : 4 students generated. Generate 1 tutors...
    23:49:32.650 |  27 nPool-1-worker-1 | DEBUG | d.t.c.a.a.c.u.util.UserUtilService   : 1 tutors generated. Generate 1 editors...
    23:49:32.652 |  27 nPool-1-worker-1 | DEBUG | d.t.c.a.a.c.u.util.UserUtilService   : 1 editors generated. Generate 1 instructors...
    23:49:32.654 |  27 nPool-1-worker-1 | DEBUG | d.t.c.a.a.c.u.util.UserUtilService   : 1 instructors generated
    23:49:32.656 |  27 nPool-1-worker-1 | DEBUG | d.t.c.a.a.c.u.util.UserUtilService   : Removing 6 users from all courses...
    23:49:32.656 |  27 nPool-1-worker-1 | DEBUG | d.t.c.a.a.c.u.util.UserUtilService   : Removing 6 users from all courses. Done
    23:49:32.656 |  27 nPool-1-worker-1 | DEBUG | d.t.c.a.a.c.u.util.UserUtilService   : Save 7 users to database...
    23:49:32.659 |  27 nPool-1-worker-1 | DEBUG | d.t.c.a.a.c.u.util.UserUtilService   : Save 7 users to database. Done
    23:49:32.670 |  27 nPool-1-worker-1 | INFO  | .c.a.a.c.s.TitleCacheEvictionService : Evicted entry '4014' from title cache 'exerciseTitle'
    23:49:32.717 |  27 nPool-1-worker-1 | INFO  | i.z.t.d.l.EmbeddedDatabaseReporter   : JDBC URL to connect to 'dataSource': url='jdbc:h2:tcp://localhost:41063/mem:736625c0-cf5e-400d-aeaa-8a7eabd6262b;USER=sa', scope='ParticipationIntegrationTest#practiceProgrammingExercise_featureDisabled'
    23:49:32.718 |  27 nPool-1-worker-1 | DEBUG | d.t.c.a.a.c.s.f.ApiVersionFilter     : Adding Version to Request POST /api/exercises/4016/participations/practice
    23:49:32.720 |  27 nPool-1-worker-1 | WARN  | o.z.p.spring.common.AdviceTraits     : Forbidden: You are not allowed to access this resource

  Starting logs for ParticipationIntegrationTest > updateIndividualDueDateOk()
    23:49:32.744 |  27 nPool-1-worker-1 | DEBUG | d.t.c.a.a.c.u.util.UserUtilService   : Generate 4 students...
    23:49:32.749 |  27 nPool-1-worker-1 | DEBUG | d.t.c.a.a.c.u.util.UserUtilService   : 4 students generated. Generate 1 tutors...
    23:49:32.751 |  27 nPool-1-worker-1 | DEBUG | d.t.c.a.a.c.u.util.UserUtilService   : 1 tutors generated. Generate 1 editors...
    23:49:32.753 |  27 nPool-1-worker-1 | DEBUG | d.t.c.a.a.c.u.util.UserUtilService   : 1 editors generated. Generate 1 instructors...
    23:49:32.755 |  27 nPool-1-worker-1 | DEBUG | d.t.c.a.a.c.u.util.UserUtilService   : 1 instructors generated
    23:49:32.756 |  27 nPool-1-worker-1 | DEBUG | d.t.c.a.a.c.u.util.UserUtilService   : Removing 6 users from all courses...
    23:49:32.757 |  27 nPool-1-worker-1 | DEBUG | d.t.c.a.a.c.u.util.UserUtilService   : Removing 6 users from all courses. Done
    23:49:32.757 |  27 nPool-1-worker-1 | DEBUG | d.t.c.a.a.c.u.util.UserUtilService   : Save 7 users to database...
    23:49:32.760 |  27 nPool-1-worker-1 | DEBUG | d.t.c.a.a.c.u.util.UserUtilService   : Save 7 users to database. Done
    23:49:32.771 |  27 nPool-1-worker-1 | INFO  | .c.a.a.c.s.TitleCacheEvictionService : Evicted entry '4017' from title cache 'exerciseTitle'
    23:49:32.817 |  27 nPool-1-worker-1 | INFO  | i.z.t.d.l.EmbeddedDatabaseReporter   : JDBC URL to connect to 'dataSource': url='jdbc:h2:tcp://localhost:41063/mem:736625c0-cf5e-400d-aeaa-8a7eabd6262b;USER=sa', scope='ParticipationIntegrationTest#updateIndividualDueDateOk'
    23:49:32.837 |  27 nPool-1-worker-1 | DEBUG | d.t.c.a.a.c.s.f.ApiVersionFilter     : Adding Version to Request PUT /api/exercises/4020/participations/update-individual-due-date

  Starting logs for ParticipationIntegrationTest > getAllParticipationsForExercise_withLatestResults_multipleAssessments()
    23:49:32.865 |  27 nPool-1-worker-1 | DEBUG | d.t.c.a.a.c.u.util.UserUtilService   : Generate 4 students...
    23:49:32.870 |  27 nPool-1-worker-1 | DEBUG | d.t.c.a.a.c.u.util.UserUtilService   : 4 students generated. Generate 1 tutors...
    23:49:32.873 |  27 nPool-1-worker-1 | DEBUG | d.t.c.a.a.c.u.util.UserUtilService   : 1 tutors generated. Generate 1 editors...
    23:49:32.875 |  27 nPool-1-worker-1 | DEBUG | d.t.c.a.a.c.u.util.UserUtilService   : 1 editors generated. Generate 1 instructors...
    23:49:32.877 |  27 nPool-1-worker-1 | DEBUG | d.t.c.a.a.c.u.util.UserUtilService   : 1 instructors generated
    23:49:32.878 |  27 nPool-1-worker-1 | DEBUG | d.t.c.a.a.c.u.util.UserUtilService   : Removing 6 users from all courses...
    23:49:32.879 |  27 nPool-1-worker-1 | DEBUG | d.t.c.a.a.c.u.util.UserUtilService   : Removing 6 users from all courses. Done
    23:49:32.879 |  27 nPool-1-worker-1 | DEBUG | d.t.c.a.a.c.u.util.UserUtilService   : Save 7 users to database...
    23:49:32.882 |  27 nPool-1-worker-1 | DEBUG | d.t.c.a.a.c.u.util.UserUtilService   : Save 7 users to database. Done
    23:49:32.893 |  27 nPool-1-worker-1 | INFO  | .c.a.a.c.s.TitleCacheEvictionService : Evicted entry '4021' from title cache 'exerciseTitle'
    23:49:32.939 |  27 nPool-1-worker-1 | INFO  | i.z.t.d.l.EmbeddedDatabaseReporter   : JDBC URL to connect to 'dataSource': url='jdbc:h2:tcp://localhost:41063/mem:736625c0-cf5e-400d-aeaa-8a7eabd6262b;USER=sa', scope='ParticipationIntegrationTest#getAllParticipationsForExercise_withLatestResults_multipleAssessments'
    23:49:32.948 |  27 nPool-1-worker-1 | DEBUG | .c.s.m.InstanceMessageReceiveService : Received schedule participant score for exercise 4022 and participant 820 (result to be deleted: null)
    23:49:32.948 |  27 nPool-1-worker-1 | DEBUG | .a.s.ParticipantScoreScheduleService : Scheduled task for exercise 4022 and participant 820 at 2025-02-14T23:49:33.048286784Z[Etc/UTC].
    23:49:32.948 |  27 nPool-1-worker-1 | DEBUG | .c.s.m.InstanceMessageReceiveService : Received schedule participant score for exercise 4022 and participant 820 (result to be deleted: null)
    23:49:32.948 |  27 nPool-1-worker-1 | DEBUG | .a.s.ParticipantScoreScheduleService : Scheduled task for exercise 4022 and participant 820 at 2025-02-14T23:49:33.048684776Z[Etc/UTC].
    23:49:32.948 |  27 nPool-1-worker-1 | DEBUG | .c.s.m.InstanceMessageReceiveService : Received schedule participant score for exercise 4022 and participant 821 (result to be deleted: null)
    23:49:32.949 |  27 nPool-1-worker-1 | DEBUG | .a.s.ParticipantScoreScheduleService : Scheduled task for exercise 4022 and participant 821 at 2025-02-14T23:49:33.049008240Z[Etc/UTC].
    23:49:32.949 |  27 nPool-1-worker-1 | DEBUG | .c.s.m.InstanceMessageReceiveService : Received schedule participant score for exercise 4022 and participant 821 (result to be deleted: null)
    23:49:32.949 |  27 nPool-1-worker-1 | DEBUG | .a.s.ParticipantScoreScheduleService : Scheduled task for exercise 4022 and participant 821 at 2025-02-14T23:49:33.049347582Z[Etc/UTC].
    23:49:32.949 |  27 nPool-1-worker-1 | DEBUG | .c.s.m.InstanceMessageReceiveService : Received schedule participant score for exercise 4022 and participant 822 (result to be deleted: null)
    23:49:32.949 |  27 nPool-1-worker-1 | DEBUG | .a.s.ParticipantScoreScheduleService : Scheduled task for exercise 4022 and participant 822 at 2025-02-14T23:49:33.049668681Z[Etc/UTC].
    23:49:32.949 |  27 nPool-1-worker-1 | DEBUG | .c.s.m.InstanceMessageReceiveService : Received schedule participant score for exercise 4022 and participant 822 (result to be deleted: null)
    23:49:32.949 |  27 nPool-1-worker-1 | DEBUG | .a.s.ParticipantScoreScheduleService : Scheduled task for exercise 4022 and participant 822 at 2025-02-14T23:49:33.049987326Z[Etc/UTC].
    23:49:32.950 |  27 nPool-1-worker-1 | DEBUG | d.t.c.a.a.c.s.f.ApiVersionFilter     : Adding Version to Request GET /api/exercises/4022/participations
    23:49:32.951 |  27 nPool-1-worker-1 | DEBUG | d.t.c.a.a.e.w.ParticipationResource  : REST request to get all Participations for Exercise 4022

  Starting logs for ParticipationIntegrationTest > requestProgrammingFeedbackIfARequestAlreadySent_withAthenaSuccess()
    23:49:32.979 |  27 nPool-1-worker-1 | DEBUG | d.t.c.a.a.c.u.util.UserUtilService   : Generate 4 students...
    23:49:32.984 |  27 nPool-1-worker-1 | DEBUG | d.t.c.a.a.c.u.util.UserUtilService   : 4 students generated. Generate 1 tutors...
    23:49:32.986 |  27 nPool-1-worker-1 | DEBUG | d.t.c.a.a.c.u.util.UserUtilService   : 1 tutors generated. Generate 1 editors...
    23:49:32.988 |  27 nPool-1-worker-1 | DEBUG | d.t.c.a.a.c.u.util.UserUtilService   : 1 editors generated. Generate 1 instructors...
    23:49:32.991 |  27 nPool-1-worker-1 | DEBUG | d.t.c.a.a.c.u.util.UserUtilService   : 1 instructors generated
    23:49:32.992 |  27 nPool-1-worker-1 | DEBUG | d.t.c.a.a.c.u.util.UserUtilService   : Removing 6 users from all courses...
    23:49:32.992 |  27 nPool-1-worker-1 | DEBUG | d.t.c.a.a.c.u.util.UserUtilService   : Removing 6 users from all courses. Done
    23:49:32.992 |  27 nPool-1-worker-1 | DEBUG | d.t.c.a.a.c.u.util.UserUtilService   : Save 7 users to database...
    23:49:32.995 |  27 nPool-1-worker-1 | DEBUG | d.t.c.a.a.c.u.util.UserUtilService   : Save 7 users to database. Done
    23:49:33.006 |  27 nPool-1-worker-1 | INFO  | .c.a.a.c.s.TitleCacheEvictionService : Evicted entry '4024' from title cache 'exerciseTitle'
    23:49:33.060 |  27 nPool-1-worker-1 | INFO  | i.z.t.d.l.EmbeddedDatabaseReporter   : JDBC URL to connect to 'dataSource': url='jdbc:h2:tcp://localhost:41063/mem:736625c0-cf5e-400d-aeaa-8a7eabd6262b;USER=sa', scope='ParticipationIntegrationTest#requestProgrammingFeedbackIfARequestAlreadySent_withAthenaSuccess'
    23:49:33.083 |  27 nPool-1-worker-1 | DEBUG | .c.s.m.InstanceMessageReceiveService : Received schedule participant score for exercise 4026 and participant 820 (result to be deleted: null)
    23:49:33.083 |  27 nPool-1-worker-1 | DEBUG | .a.s.ParticipantScoreScheduleService : Scheduled task for exercise 4026 and participant 820 at 2025-02-14T23:49:33.183200114Z[Etc/UTC].
    23:49:33.084 |  27 nPool-1-worker-1 | DEBUG | .c.s.m.InstanceMessageReceiveService : Received schedule participant score for exercise 4026 and participant 820 (result to be deleted: null)
    23:49:33.084 |  27 nPool-1-worker-1 | DEBUG | .a.s.ParticipantScoreScheduleService : Scheduled task for exercise 4026 and participant 820 at 2025-02-14T23:49:33.184126932Z[Etc/UTC].
    23:49:33.103 |  27 nPool-1-worker-1 | DEBUG | .c.s.m.InstanceMessageReceiveService : Received schedule participant score for exercise 4026 and participant 820 (result to be deleted: null)
    23:49:33.103 |  27 nPool-1-worker-1 | DEBUG | .a.s.ParticipantScoreScheduleService : Scheduled task for exercise 4026 and participant 820 at 2025-02-14T23:49:33.203055400Z[Etc/UTC].
    23:49:33.103 |  27 nPool-1-worker-1 | DEBUG | .c.s.m.InstanceMessageReceiveService : Received schedule participant score for exercise 4026 and participant 820 (result to be deleted: null)
    23:49:33.103 |  27 nPool-1-worker-1 | DEBUG | .a.s.ParticipantScoreScheduleService : Scheduled task for exercise 4026 and participant 820 at 2025-02-14T23:49:33.203164273Z[Etc/UTC].
    23:49:33.111 |  27 nPool-1-worker-1 | DEBUG | .c.s.m.InstanceMessageReceiveService : Received schedule participant score for exercise 4026 and participant 820 (result to be deleted: null)
    23:49:33.111 |  27 nPool-1-worker-1 | DEBUG | .a.s.ParticipantScoreScheduleService : Scheduled task for exercise 4026 and participant 820 at 2025-02-14T23:49:33.211825365Z[Etc/UTC].
    23:49:33.112 |  27 nPool-1-worker-1 | DEBUG | d.t.c.a.a.c.s.f.ApiVersionFilter     : Adding Version to Request PUT /api/exercises/4026/request-feedback
    23:49:33.113 |  27 nPool-1-worker-1 | DEBUG | d.t.c.a.a.e.w.ParticipationResource  : REST request for feedback request: 4026

  Starting logs for ParticipationIntegrationTest > practiceProgrammingExercise_beforeDatePassed()
    23:49:33.196 |  27 nPool-1-worker-1 | DEBUG | d.t.c.a.a.c.u.util.UserUtilService   : Generate 4 students...
    23:49:33.201 |  27 nPool-1-worker-1 | DEBUG | d.t.c.a.a.c.u.util.UserUtilService   : 4 students generated. Generate 1 tutors...
    23:49:33.203 |  27 nPool-1-worker-1 | DEBUG | d.t.c.a.a.c.u.util.UserUtilService   : 1 tutors generated. Generate 1 editors...
    23:49:33.205 |  27 nPool-1-worker-1 | DEBUG | d.t.c.a.a.c.u.util.UserUtilService   : 1 editors generated. Generate 1 instructors...
    23:49:33.207 |  27 nPool-1-worker-1 | DEBUG | d.t.c.a.a.c.u.util.UserUtilService   : 1 instructors generated
    23:49:33.209 |  27 nPool-1-worker-1 | DEBUG | d.t.c.a.a.c.u.util.UserUtilService   : Removing 6 users from all courses...
    23:49:33.209 |  27 nPool-1-worker-1 | DEBUG | d.t.c.a.a.c.u.util.UserUtilService   : Removing 6 users from all courses. Done
    23:49:33.209 |  27 nPool-1-worker-1 | DEBUG | d.t.c.a.a.c.u.util.UserUtilService   : Save 7 users to database...
    23:49:33.212 |  27 nPool-1-worker-1 | DEBUG | d.t.c.a.a.c.u.util.UserUtilService   : Save 7 users to database. Done
    23:49:33.224 |  27 nPool-1-worker-1 | INFO  | .c.a.a.c.s.TitleCacheEvictionService : Evicted entry '4027' from title cache 'exerciseTitle'
    23:49:33.270 |  27 nPool-1-worker-1 | INFO  | i.z.t.d.l.EmbeddedDatabaseReporter   : JDBC URL to connect to 'dataSource': url='jdbc:h2:tcp://localhost:41063/mem:736625c0-cf5e-400d-aeaa-8a7eabd6262b;USER=sa', scope='ParticipationIntegrationTest#practiceProgrammingExercise_beforeDatePassed'
    23:49:33.275 |  27 nPool-1-worker-1 | DEBUG | d.t.c.a.a.c.s.f.ApiVersionFilter     : Adding Version to Request POST /api/exercises/4029/participations/practice
    23:49:33.276 |  27 nPool-1-worker-1 | DEBUG | d.t.c.a.a.e.w.ParticipationResource  : REST request to practice Exercise : 4029
    23:49:33.278 |  27 nPool-1-worker-1 | WARN  | o.z.p.spring.common.AdviceTraits     : Forbidden: The practice mode can only be started after the due date

  Starting logs for ParticipationIntegrationTest > deleteResultWithoutSubmission()
    23:49:33.302 |  27 nPool-1-worker-1 | DEBUG | d.t.c.a.a.c.u.util.UserUtilService   : Generate 4 students...
    23:49:33.307 |  27 nPool-1-worker-1 | DEBUG | d.t.c.a.a.c.u.util.UserUtilService   : 4 students generated. Generate 1 tutors...
    23:49:33.309 |  27 nPool-1-worker-1 | DEBUG | d.t.c.a.a.c.u.util.UserUtilService   : 1 tutors generated. Generate 1 editors...
    23:49:33.311 |  27 nPool-1-worker-1 | DEBUG | d.t.c.a.a.c.u.util.UserUtilService   : 1 editors generated. Generate 1 instructors...
    23:49:33.313 |  27 nPool-1-worker-1 | DEBUG | d.t.c.a.a.c.u.util.UserUtilService   : 1 instructors generated
    23:49:33.314 |  27 nPool-1-worker-1 | DEBUG | d.t.c.a.a.c.u.util.UserUtilService   : Removing 6 users from all courses...
    23:49:33.315 |  27 nPool-1-worker-1 | DEBUG | d.t.c.a.a.c.u.util.UserUtilService   : Removing 6 users from all courses. Done
    23:49:33.315 |  27 nPool-1-worker-1 | DEBUG | d.t.c.a.a.c.u.util.UserUtilService   : Save 7 users to database...
    23:49:33.318 |  27 nPool-1-worker-1 | DEBUG | d.t.c.a.a.c.u.util.UserUtilService   : Save 7 users to database. Done
    23:49:33.329 |  27 nPool-1-worker-1 | INFO  | .c.a.a.c.s.TitleCacheEvictionService : Evicted entry '4030' from title cache 'exerciseTitle'
    23:49:33.374 |  27 nPool-1-worker-1 | INFO  | i.z.t.d.l.EmbeddedDatabaseReporter   : JDBC URL to connect to 'dataSource': url='jdbc:h2:tcp://localhost:41063/mem:736625c0-cf5e-400d-aeaa-8a7eabd6262b;USER=sa', scope='ParticipationIntegrationTest#deleteResultWithoutSubmission'
    23:49:33.377 |  27 nPool-1-worker-1 | DEBUG | .c.s.m.InstanceMessageReceiveService : Received schedule participant score for exercise 4030 and participant 820 (result to be deleted: null)
    23:49:33.378 |  27 nPool-1-worker-1 | DEBUG | .a.s.ParticipantScoreScheduleService : Scheduled task for exercise 4030 and participant 820 at 2025-02-14T23:49:33.477996697Z[Etc/UTC].
    23:49:33.379 |  27 nPool-1-worker-1 | DEBUG | d.t.c.a.a.c.s.f.ApiVersionFilter     : Adding Version to Request DELETE /api/participations/5874
    23:49:33.381 |  27 nPool-1-worker-1 | INFO  | d.t.c.a.a.e.w.ParticipationResource  : Delete Participation 5874 of exercise UML Class Diagram for participationintegrationstudent1First participationintegrationstudent1Last, deleteBuildPlan: false, deleteRepository: false by participationintegrationinstructor1
    23:49:33.381 |  27 nPool-1-worker-1 | INFO  | d.t.c.a.a.e.s.ParticipationService   : Request to delete Participation : StudentParticipation{id=5874, presentationScore=null, student=User{login='participationintegrationstudent1', firstName='participationintegrationstudent1First', lastName='participationintegrationstudent1Last', email='participationintegrationstudent1@test.de', imageUrl='null', activated='true', langKey='en', activationKey='null'}}
    23:49:33.381 |  27 nPool-1-worker-1 | DEBUG | d.t.c.a.a.e.s.ParticipationService   : Request to delete all results and submissions of participation with id : 5874
    23:49:33.382 |  27 nPool-1-worker-1 | DEBUG | d.t.c.a.a.a.service.ResultService    : Delete result 1136
    23:49:33.382 |  27 nPool-1-worker-1 | DEBUG | d.t.c.a.a.a.service.ResultService    : Delete result references 1136

  Starting logs for ParticipationIntegrationTest > getParticipationByExerciseAndStudentIdForTeam()
    23:49:33.408 |  27 nPool-1-worker-1 | DEBUG | d.t.c.a.a.c.u.util.UserUtilService   : Generate 4 students...
    23:49:33.413 |  27 nPool-1-worker-1 | DEBUG | d.t.c.a.a.c.u.util.UserUtilService   : 4 students generated. Generate 1 tutors...
    23:49:33.415 |  27 nPool-1-worker-1 | DEBUG | d.t.c.a.a.c.u.util.UserUtilService   : 1 tutors generated. Generate 1 editors...
    23:49:33.417 |  27 nPool-1-worker-1 | DEBUG | d.t.c.a.a.c.u.util.UserUtilService   : 1 editors generated. Generate 1 instructors...
    23:49:33.420 |  27 nPool-1-worker-1 | DEBUG | d.t.c.a.a.c.u.util.UserUtilService   : 1 instructors generated
    23:49:33.421 |  27 nPool-1-worker-1 | DEBUG | d.t.c.a.a.c.u.util.UserUtilService   : Removing 6 users from all courses...
    23:49:33.421 |  27 nPool-1-worker-1 | DEBUG | d.t.c.a.a.c.u.util.UserUtilService   : Removing 6 users from all courses. Done
    23:49:33.421 |  27 nPool-1-worker-1 | DEBUG | d.t.c.a.a.c.u.util.UserUtilService   : Save 7 users to database...
    23:49:33.424 |  27 nPool-1-worker-1 | DEBUG | d.t.c.a.a.c.u.util.UserUtilService   : Save 7 users to database. Done
    23:49:33.435 |  27 nPool-1-worker-1 | INFO  | .c.a.a.c.s.TitleCacheEvictionService : Evicted entry '4033' from title cache 'exerciseTitle'
    23:49:33.481 |  27 nPool-1-worker-1 | INFO  | i.z.t.d.l.EmbeddedDatabaseReporter   : JDBC URL to connect to 'dataSource': url='jdbc:h2:tcp://localhost:41063/mem:736625c0-cf5e-400d-aeaa-8a7eabd6262b;USER=sa', scope='ParticipationIntegrationTest#getParticipationByExerciseAndStudentIdForTeam'
    23:49:33.490 |  27 nPool-1-worker-1 | DEBUG | d.t.c.a.a.c.s.f.ApiVersionFilter     : Adding Version to Request GET /api/exercises/4036/participation
    23:49:33.491 |  27 nPool-1-worker-1 | DEBUG | d.t.c.a.a.e.w.ParticipationResource  : REST request to get Participation for Exercise : 4036

  Starting logs for ParticipationIntegrationTest > participateInTextExercise_releaseDateReachedStartDateNotReached()
    23:49:33.517 |  27 nPool-1-worker-1 | DEBUG | d.t.c.a.a.c.u.util.UserUtilService   : Generate 4 students...
    23:49:33.522 |  27 nPool-1-worker-1 | DEBUG | d.t.c.a.a.c.u.util.UserUtilService   : 4 students generated. Generate 1 tutors...
    23:49:33.524 |  27 nPool-1-worker-1 | DEBUG | d.t.c.a.a.c.u.util.UserUtilService   : 1 tutors generated. Generate 1 editors...
    23:49:33.527 |  27 nPool-1-worker-1 | DEBUG | d.t.c.a.a.c.u.util.UserUtilService   : 1 editors generated. Generate 1 instructors...
    23:49:33.529 |  27 nPool-1-worker-1 | DEBUG | d.t.c.a.a.c.u.util.UserUtilService   : 1 instructors generated
    23:49:33.530 |  27 nPool-1-worker-1 | DEBUG | d.t.c.a.a.c.u.util.UserUtilService   : Removing 6 users from all courses...
    23:49:33.530 |  27 nPool-1-worker-1 | DEBUG | d.t.c.a.a.c.u.util.UserUtilService   : Removing 6 users from all courses. Done
    23:49:33.530 |  27 nPool-1-worker-1 | DEBUG | d.t.c.a.a.c.u.util.UserUtilService   : Save 7 users to database...
    23:49:33.534 |  27 nPool-1-worker-1 | DEBUG | d.t.c.a.a.c.u.util.UserUtilService   : Save 7 users to database. Done
    23:49:33.544 |  27 nPool-1-worker-1 | INFO  | .c.a.a.c.s.TitleCacheEvictionService : Evicted entry '4037' from title cache 'exerciseTitle'
    23:49:33.589 |  27 nPool-1-worker-1 | INFO  | i.z.t.d.l.EmbeddedDatabaseReporter   : JDBC URL to connect to 'dataSource': url='jdbc:h2:tcp://localhost:41063/mem:736625c0-cf5e-400d-aeaa-8a7eabd6262b;USER=sa', scope='ParticipationIntegrationTest#participateInTextExercise_releaseDateReachedStartDateNotReached'
    23:49:33.593 |  27 nPool-1-worker-1 | DEBUG | d.t.c.a.a.c.s.f.ApiVersionFilter     : Adding Version to Request POST /api/exercises/4038/participations
    23:49:33.594 |  27 nPool-1-worker-1 | DEBUG | d.t.c.a.a.e.w.ParticipationResource  : REST request to start Exercise : 4038
    23:49:33.596 |  27 nPool-1-worker-1 | WARN  | o.z.p.spring.common.AdviceTraits     : Forbidden: Students cannot start an exercise before the release date

  Starting logs for ParticipationIntegrationTest > deleteAllByTeamId()
    23:49:33.624 |  27 nPool-1-worker-1 | DEBUG | d.t.c.a.a.c.u.util.UserUtilService   : Generate 4 students...
    23:49:33.631 |  27 nPool-1-worker-1 | DEBUG | d.t.c.a.a.c.u.util.UserUtilService   : 4 students generated. Generate 1 tutors...
    23:49:33.633 |  27 nPool-1-worker-1 | DEBUG | d.t.c.a.a.c.u.util.UserUtilService   : 1 tutors generated. Generate 1 editors...
    23:49:33.635 |  27 nPool-1-worker-1 | DEBUG | d.t.c.a.a.c.u.util.UserUtilService   : 1 editors generated. Generate 1 instructors...
    23:49:33.637 |  27 nPool-1-worker-1 | DEBUG | d.t.c.a.a.c.u.util.UserUtilService   : 1 instructors generated
    23:49:33.638 |  27 nPool-1-worker-1 | DEBUG | d.t.c.a.a.c.u.util.UserUtilService   : Removing 6 users from all courses...
    23:49:33.639 |  27 nPool-1-worker-1 | DEBUG | d.t.c.a.a.c.u.util.UserUtilService   : Removing 6 users from all courses. Done
    23:49:33.639 |  27 nPool-1-worker-1 | DEBUG | d.t.c.a.a.c.u.util.UserUtilService   : Save 7 users to database...
    23:49:33.642 |  27 nPool-1-worker-1 | DEBUG | d.t.c.a.a.c.u.util.UserUtilService   : Save 7 users to database. Done
    23:49:33.653 |  27 nPool-1-worker-1 | INFO  | .c.a.a.c.s.TitleCacheEvictionService : Evicted entry '4040' from title cache 'exerciseTitle'
    23:49:33.697 |  27 nPool-1-worker-1 | INFO  | i.z.t.d.l.EmbeddedDatabaseReporter   : JDBC URL to connect to 'dataSource': url='jdbc:h2:tcp://localhost:41063/mem:736625c0-cf5e-400d-aeaa-8a7eabd6262b;USER=sa', scope='ParticipationIntegrationTest#deleteAllByTeamId'
    23:49:33.706 |  27 nPool-1-worker-1 | DEBUG | d.t.c.a.a.c.s.f.ApiVersionFilter     : Adding Version to Request GET /api/exercises/4043/participation
    23:49:33.706 |  27 nPool-1-worker-1 | DEBUG | d.t.c.a.a.e.w.ParticipationResource  : REST request to get Participation for Exercise : 4043
    23:49:33.709 |  27 nPool-1-worker-1 | INFO  | d.t.c.a.a.e.s.ParticipationService   : Request to delete all participations of Team with id : 27
    23:49:33.710 |  27 nPool-1-worker-1 | INFO  | d.t.c.a.a.e.s.ParticipationService   : Request to delete Participation : StudentParticipation{id=5876, presentationScore=null, team=Team{id=27, name='null', shortName='participationintegrationcreateTeamForExercise', image='null'}}
    23:49:33.710 |  27 nPool-1-worker-1 | DEBUG | d.t.c.a.a.e.s.ParticipationService   : Request to delete all results and submissions of participation with id : 5876

  Starting logs for ParticipationIntegrationTest > participateInTextExercise_noReleaseDateStartDateNotReached()
    23:49:33.735 |  27 nPool-1-worker-1 | DEBUG | d.t.c.a.a.c.u.util.UserUtilService   : Generate 4 students...
    23:49:33.740 |  27 nPool-1-worker-1 | DEBUG | d.t.c.a.a.c.u.util.UserUtilService   : 4 students generated. Generate 1 tutors...
    23:49:33.742 |  27 nPool-1-worker-1 | DEBUG | d.t.c.a.a.c.u.util.UserUtilService   : 1 tutors generated. Generate 1 editors...
    23:49:33.744 |  27 nPool-1-worker-1 | DEBUG | d.t.c.a.a.c.u.util.UserUtilService   : 1 editors generated. Generate 1 instructors...
    23:49:33.746 |  27 nPool-1-worker-1 | DEBUG | d.t.c.a.a.c.u.util.UserUtilService   : 1 instructors generated
    23:49:33.747 |  27 nPool-1-worker-1 | DEBUG | d.t.c.a.a.c.u.util.UserUtilService   : Removing 6 users from all courses...
    23:49:33.748 |  27 nPool-1-worker-1 | DEBUG | d.t.c.a.a.c.u.util.UserUtilService   : Removing 6 users from all courses. Done
    23:49:33.748 |  27 nPool-1-worker-1 | DEBUG | d.t.c.a.a.c.u.util.UserUtilService   : Save 7 users to database...
    23:49:33.751 |  27 nPool-1-worker-1 | DEBUG | d.t.c.a.a.c.u.util.UserUtilService   : Save 7 users to database. Done
    23:49:33.761 |  27 nPool-1-worker-1 | INFO  | .c.a.a.c.s.TitleCacheEvictionService : Evicted entry '4044' from title cache 'exerciseTitle'
    23:49:33.812 |  27 nPool-1-worker-1 | INFO  | i.z.t.d.l.EmbeddedDatabaseReporter   : JDBC URL to connect to 'dataSource': url='jdbc:h2:tcp://localhost:41063/mem:736625c0-cf5e-400d-aeaa-8a7eabd6262b;USER=sa', scope='ParticipationIntegrationTest#participateInTextExercise_noReleaseDateStartDateNotReached'
    23:49:33.817 |  27 nPool-1-worker-1 | DEBUG | d.t.c.a.a.c.s.f.ApiVersionFilter     : Adding Version to Request POST /api/exercises/4045/participations
    23:49:33.818 |  27 nPool-1-worker-1 | DEBUG | d.t.c.a.a.e.w.ParticipationResource  : REST request to start Exercise : 4045
    23:49:33.820 |  27 nPool-1-worker-1 | WARN  | o.z.p.spring.common.AdviceTraits     : Forbidden: Students cannot start an exercise before the release date

  Starting logs for ParticipationIntegrationTest > updateIndividualDueDateQuizExercise()
    23:49:33.843 |  27 nPool-1-worker-1 | DEBUG | d.t.c.a.a.c.u.util.UserUtilService   : Generate 4 students...
    23:49:33.848 |  27 nPool-1-worker-1 | DEBUG | d.t.c.a.a.c.u.util.UserUtilService   : 4 students generated. Generate 1 tutors...
    23:49:33.850 |  27 nPool-1-worker-1 | DEBUG | d.t.c.a.a.c.u.util.UserUtilService   : 1 tutors generated. Generate 1 editors...
    23:49:33.852 |  27 nPool-1-worker-1 | DEBUG | d.t.c.a.a.c.u.util.UserUtilService   : 1 editors generated. Generate 1 instructors...
    23:49:33.854 |  27 nPool-1-worker-1 | DEBUG | d.t.c.a.a.c.u.util.UserUtilService   : 1 instructors generated
    23:49:33.855 |  27 nPool-1-worker-1 | DEBUG | d.t.c.a.a.c.u.util.UserUtilService   : Removing 6 users from all courses...
    23:49:33.856 |  27 nPool-1-worker-1 | DEBUG | d.t.c.a.a.c.u.util.UserUtilService   : Removing 6 users from all courses. Done
    23:49:33.856 |  27 nPool-1-worker-1 | DEBUG | d.t.c.a.a.c.u.util.UserUtilService   : Save 7 users to database...
    23:49:33.859 |  27 nPool-1-worker-1 | DEBUG | d.t.c.a.a.c.u.util.UserUtilService   : Save 7 users to database. Done
    23:49:33.869 |  27 nPool-1-worker-1 | INFO  | .c.a.a.c.s.TitleCacheEvictionService : Evicted entry '4047' from title cache 'exerciseTitle'
    23:49:33.914 |  27 nPool-1-worker-1 | INFO  | i.z.t.d.l.EmbeddedDatabaseReporter   : JDBC URL to connect to 'dataSource': url='jdbc:h2:tcp://localhost:41063/mem:736625c0-cf5e-400d-aeaa-8a7eabd6262b;USER=sa', scope='ParticipationIntegrationTest#updateIndividualDueDateQuizExercise'
    23:49:33.922 |  27 nPool-1-worker-1 | DEBUG | d.t.c.a.a.c.s.f.ApiVersionFilter     : Adding Version to Request PUT /api/exercises/4050/participations/update-individual-due-date
    23:49:33.925 |  27 nPool-1-worker-1 | ERROR | tech.jhipster.web.util.HeaderUtil    : Entity processing failed, Cannot set individual due dates for quiz exercises
    23:49:33.925 |  27 nPool-1-worker-1 | WARN  | o.z.p.spring.common.AdviceTraits     : Bad Request: Cannot set individual due dates for quiz exercises

  Starting logs for ParticipationIntegrationTest > getAllParticipationsForExercise_withLatestResults()
    23:49:33.948 |  27 nPool-1-worker-1 | DEBUG | d.t.c.a.a.c.u.util.UserUtilService   : Generate 4 students...
    23:49:33.953 |  27 nPool-1-worker-1 | DEBUG | d.t.c.a.a.c.u.util.UserUtilService   : 4 students generated. Generate 1 tutors...
    23:49:33.955 |  27 nPool-1-worker-1 | DEBUG | d.t.c.a.a.c.u.util.UserUtilService   : 1 tutors generated. Generate 1 editors...
    23:49:33.957 |  27 nPool-1-worker-1 | DEBUG | d.t.c.a.a.c.u.util.UserUtilService   : 1 editors generated. Generate 1 instructors...
    23:49:33.960 |  27 nPool-1-worker-1 | DEBUG | d.t.c.a.a.c.u.util.UserUtilService   : 1 instructors generated
    23:49:33.961 |  27 nPool-1-worker-1 | DEBUG | d.t.c.a.a.c.u.util.UserUtilService   : Removing 6 users from all courses...
    23:49:33.961 |  27 nPool-1-worker-1 | DEBUG | d.t.c.a.a.c.u.util.UserUtilService   : Removing 6 users from all courses. Done
    23:49:33.961 |  27 nPool-1-worker-1 | DEBUG | d.t.c.a.a.c.u.util.UserUtilService   : Save 7 users to database...
    23:49:33.964 |  27 nPool-1-worker-1 | DEBUG | d.t.c.a.a.c.u.util.UserUtilService   : Save 7 users to database. Done
    23:49:33.975 |  27 nPool-1-worker-1 | INFO  | .c.a.a.c.s.TitleCacheEvictionService : Evicted entry '4051' from title cache 'exerciseTitle'
    23:49:34.019 |  27 nPool-1-worker-1 | INFO  | i.z.t.d.l.EmbeddedDatabaseReporter   : JDBC URL to connect to 'dataSource': url='jdbc:h2:tcp://localhost:41063/mem:736625c0-cf5e-400d-aeaa-8a7eabd6262b;USER=sa', scope='ParticipationIntegrationTest#getAllParticipationsForExercise_withLatestResults'
    23:49:34.037 |  27 nPool-1-worker-1 | DEBUG | .c.s.m.InstanceMessageReceiveService : Received schedule participant score for exercise 4052 and participant 821 (result to be deleted: null)
    23:49:34.037 |  27 nPool-1-worker-1 | DEBUG | .a.s.ParticipantScoreScheduleService : Scheduled task for exercise 4052 and participant 821 at 2025-02-14T23:49:34.137895742Z[Etc/UTC].
    23:49:34.038 |  27 nPool-1-worker-1 | DEBUG | .c.s.m.InstanceMessageReceiveService : Received schedule participant score for exercise 4052 and participant 821 (result to be deleted: null)
    23:49:34.038 |  27 nPool-1-worker-1 | DEBUG | .a.s.ParticipantScoreScheduleService : Scheduled task for exercise 4052 and participant 821 at 2025-02-14T23:49:34.138705031Z[Etc/UTC].
    23:49:34.057 |  27 nPool-1-worker-1 | DEBUG | .c.s.m.InstanceMessageReceiveService : Received schedule participant score for exercise 4052 and participant 821 (result to be deleted: null)
    23:49:34.057 |  27 nPool-1-worker-1 | DEBUG | .a.s.ParticipantScoreScheduleService : Scheduled task for exercise 4052 and participant 821 at 2025-02-14T23:49:34.157477830Z[Etc/UTC].
    23:49:34.057 |  27 nPool-1-worker-1 | DEBUG | .c.s.m.InstanceMessageReceiveService : Received schedule participant score for exercise 4052 and participant 821 (result to be deleted: null)
    23:49:34.057 |  27 nPool-1-worker-1 | DEBUG | .a.s.ParticipantScoreScheduleService : Scheduled task for exercise 4052 and participant 821 at 2025-02-14T23:49:34.157566836Z[Etc/UTC].
    23:49:34.066 |  27 nPool-1-worker-1 | DEBUG | .c.s.m.InstanceMessageReceiveService : Received schedule participant score for exercise 4052 and participant 821 (result to be deleted: null)
    23:49:34.066 |  27 nPool-1-worker-1 | DEBUG | .a.s.ParticipantScoreScheduleService : Scheduled task for exercise 4052 and participant 821 at 2025-02-14T23:49:34.166372957Z[Etc/UTC].
    23:49:34.066 |  27 nPool-1-worker-1 | DEBUG | .c.s.m.InstanceMessageReceiveService : Received schedule participant score for exercise 4052 and participant 821 (result to be deleted: null)
    23:49:34.066 |  27 nPool-1-worker-1 | DEBUG | .a.s.ParticipantScoreScheduleService : Scheduled task for exercise 4052 and participant 821 at 2025-02-14T23:49:34.166778253Z[Etc/UTC].
    23:49:34.090 |  27 nPool-1-worker-1 | DEBUG | .c.s.m.InstanceMessageReceiveService : Received schedule participant score for exercise 4052 and participant 821 (result to be deleted: null)
    23:49:34.090 |  27 nPool-1-worker-1 | DEBUG | .a.s.ParticipantScoreScheduleService : Scheduled task for exercise 4052 and participant 821 at 2025-02-14T23:49:34.190449025Z[Etc/UTC].
    23:49:34.090 |  27 nPool-1-worker-1 | DEBUG | .c.s.m.InstanceMessageReceiveService : Received schedule participant score for exercise 4052 and participant 821 (result to be deleted: null)
    23:49:34.090 |  27 nPool-1-worker-1 | DEBUG | .a.s.ParticipantScoreScheduleService : Scheduled task for exercise 4052 and participant 821 at 2025-02-14T23:49:34.190574278Z[Etc/UTC].
    23:49:34.090 |  27 nPool-1-worker-1 | DEBUG | .c.s.m.InstanceMessageReceiveService : Received schedule participant score for exercise 4052 and participant 821 (result to be deleted: null)
    23:49:34.090 |  27 nPool-1-worker-1 | DEBUG | .a.s.ParticipantScoreScheduleService : Scheduled task for exercise 4052 and participant 821 at 2025-02-14T23:49:34.190679244Z[Etc/UTC].
    23:49:34.111 |  27 nPool-1-worker-1 | DEBUG | d.t.c.a.a.c.s.f.ApiVersionFilter     : Adding Version to Request GET /api/exercises/4052/participations
    23:49:34.112 |  27 nPool-1-worker-1 | DEBUG | d.t.c.a.a.e.w.ParticipationResource  : REST request to get all Participations for Exercise 4052

  Starting logs for ParticipationIntegrationTest > getParticipation()
    23:49:34.139 |  27 nPool-1-worker-1 | DEBUG | d.t.c.a.a.c.u.util.UserUtilService   : Generate 4 students...
    23:49:34.144 |  27 nPool-1-worker-1 | DEBUG | d.t.c.a.a.c.u.util.UserUtilService   : 4 students generated. Generate 1 tutors...
    23:49:34.146 |  27 nPool-1-worker-1 | DEBUG | d.t.c.a.a.c.u.util.UserUtilService   : 1 tutors generated. Generate 1 editors...
    23:49:34.148 |  27 nPool-1-worker-1 | DEBUG | d.t.c.a.a.c.u.util.UserUtilService   : 1 editors generated. Generate 1 instructors...
    23:49:34.150 |  27 nPool-1-worker-1 | DEBUG | d.t.c.a.a.c.u.util.UserUtilService   : 1 instructors generated
    23:49:34.151 |  27 nPool-1-worker-1 | DEBUG | d.t.c.a.a.c.u.util.UserUtilService   : Removing 6 users from all courses...
    23:49:34.152 |  27 nPool-1-worker-1 | DEBUG | d.t.c.a.a.c.u.util.UserUtilService   : Removing 6 users from all courses. Done
    23:49:34.152 |  27 nPool-1-worker-1 | DEBUG | d.t.c.a.a.c.u.util.UserUtilService   : Save 7 users to database...
    23:49:34.155 |  27 nPool-1-worker-1 | DEBUG | d.t.c.a.a.c.u.util.UserUtilService   : Save 7 users to database. Done
    23:49:34.165 |  27 nPool-1-worker-1 | INFO  | .c.a.a.c.s.TitleCacheEvictionService : Evicted entry '4054' from title cache 'exerciseTitle'
    23:49:34.210 |  27 nPool-1-worker-1 | INFO  | i.z.t.d.l.EmbeddedDatabaseReporter   : JDBC URL to connect to 'dataSource': url='jdbc:h2:tcp://localhost:41063/mem:736625c0-cf5e-400d-aeaa-8a7eabd6262b;USER=sa', scope='ParticipationIntegrationTest#getParticipation'
    23:49:34.214 |  27 nPool-1-worker-1 | DEBUG | d.t.c.a.a.c.s.f.ApiVersionFilter     : Adding Version to Request GET /api/exercises/4055/participation
    23:49:34.215 |  27 nPool-1-worker-1 | DEBUG | d.t.c.a.a.e.w.ParticipationResource  : REST request to get Participation for Exercise : 4055

  Starting logs for ParticipationIntegrationTest > getParticipation_quizExerciseStartedAndNoParticipation(QuizMode) [1] quizMode=SYNCHRONIZED
    23:49:34.240 |  27 nPool-1-worker-1 | DEBUG | d.t.c.a.a.c.u.util.UserUtilService   : Generate 4 students...
    23:49:34.245 |  27 nPool-1-worker-1 | DEBUG | d.t.c.a.a.c.u.util.UserUtilService   : 4 students generated. Generate 1 tutors...
    23:49:34.247 |  27 nPool-1-worker-1 | DEBUG | d.t.c.a.a.c.u.util.UserUtilService   : 1 tutors generated. Generate 1 editors...
    23:49:34.249 |  27 nPool-1-worker-1 | DEBUG | d.t.c.a.a.c.u.util.UserUtilService   : 1 editors generated. Generate 1 instructors...
    23:49:34.252 |  27 nPool-1-worker-1 | DEBUG | d.t.c.a.a.c.u.util.UserUtilService   : 1 instructors generated
    23:49:34.253 |  27 nPool-1-worker-1 | DEBUG | d.t.c.a.a.c.u.util.UserUtilService   : Removing 6 users from all courses...
    23:49:34.253 |  27 nPool-1-worker-1 | DEBUG | d.t.c.a.a.c.u.util.UserUtilService   : Removing 6 users from all courses. Done
    23:49:34.253 |  27 nPool-1-worker-1 | DEBUG | d.t.c.a.a.c.u.util.UserUtilService   : Save 7 users to database...
    23:49:34.257 |  27 nPool-1-worker-1 | DEBUG | d.t.c.a.a.c.u.util.UserUtilService   : Save 7 users to database. Done
    23:49:34.267 |  27 nPool-1-worker-1 | INFO  | .c.a.a.c.s.TitleCacheEvictionService : Evicted entry '4057' from title cache 'exerciseTitle'
    23:49:34.317 |  27 nPool-1-worker-1 | INFO  | i.z.t.d.l.EmbeddedDatabaseReporter   : JDBC URL to connect to 'dataSource': url='jdbc:h2:tcp://localhost:41063/mem:736625c0-cf5e-400d-aeaa-8a7eabd6262b;USER=sa', scope='ParticipationIntegrationTest#getParticipation_quizExerciseStartedAndNoParticipation'
    23:49:34.319 |  27 nPool-1-worker-1 | DEBUG | d.t.c.a.a.c.s.f.ApiVersionFilter     : Adding Version to Request GET /api/exercises/4060/participation
    23:49:34.319 |  27 nPool-1-worker-1 | DEBUG | d.t.c.a.a.e.w.ParticipationResource  : REST request to get Participation for Exercise : 4060
    23:49:34.322 |  27 nPool-1-worker-1 | ERROR | d.t.c.a.a.e.w.ParticipationResource  : Participation in quiz new quiz not found for user participationintegrationstudent1

  Starting logs for ParticipationIntegrationTest > getParticipation_quizExerciseStartedAndNoParticipation(QuizMode) [2] quizMode=BATCHED
    23:49:34.346 |  27 nPool-1-worker-1 | DEBUG | d.t.c.a.a.c.u.util.UserUtilService   : Generate 4 students...
    23:49:34.351 |  27 nPool-1-worker-1 | DEBUG | d.t.c.a.a.c.u.util.UserUtilService   : 4 students generated. Generate 1 tutors...
    23:49:34.353 |  27 nPool-1-worker-1 | DEBUG | d.t.c.a.a.c.u.util.UserUtilService   : 1 tutors generated. Generate 1 editors...
    23:49:34.355 |  27 nPool-1-worker-1 | DEBUG | d.t.c.a.a.c.u.util.UserUtilService   : 1 editors generated. Generate 1 instructors...
    23:49:34.357 |  27 nPool-1-worker-1 | DEBUG | d.t.c.a.a.c.u.util.UserUtilService   : 1 instructors generated
    23:49:34.358 |  27 nPool-1-worker-1 | DEBUG | d.t.c.a.a.c.u.util.UserUtilService   : Removing 6 users from all courses...
    23:49:34.359 |  27 nPool-1-worker-1 | DEBUG | d.t.c.a.a.c.u.util.UserUtilService   : Removing 6 users from all courses. Done
    23:49:34.359 |  27 nPool-1-worker-1 | DEBUG | d.t.c.a.a.c.u.util.UserUtilService   : Save 7 users to database...
    23:49:34.362 |  27 nPool-1-worker-1 | DEBUG | d.t.c.a.a.c.u.util.UserUtilService   : Save 7 users to database. Done
    23:49:34.372 |  27 nPool-1-worker-1 | INFO  | .c.a.a.c.s.TitleCacheEvictionService : Evicted entry '4061' from title cache 'exerciseTitle'
    23:49:34.421 |  27 nPool-1-worker-1 | INFO  | i.z.t.d.l.EmbeddedDatabaseReporter   : JDBC URL to connect to 'dataSource': url='jdbc:h2:tcp://localhost:41063/mem:736625c0-cf5e-400d-aeaa-8a7eabd6262b;USER=sa', scope='ParticipationIntegrationTest#getParticipation_quizExerciseStartedAndNoParticipation'
    23:49:34.423 |  27 nPool-1-worker-1 | DEBUG | d.t.c.a.a.c.s.f.ApiVersionFilter     : Adding Version to Request GET /api/exercises/4064/participation
    23:49:34.423 |  27 nPool-1-worker-1 | DEBUG | d.t.c.a.a.e.w.ParticipationResource  : REST request to get Participation for Exercise : 4064
    23:49:34.426 |  27 nPool-1-worker-1 | ERROR | d.t.c.a.a.e.w.ParticipationResource  : Participation in quiz new quiz not found for user participationintegrationstudent1

  Starting logs for ParticipationIntegrationTest > getParticipation_quizExerciseStartedAndNoParticipation(QuizMode) [3] quizMode=INDIVIDUAL
    23:49:34.449 |  27 nPool-1-worker-1 | DEBUG | d.t.c.a.a.c.u.util.UserUtilService   : Generate 4 students...
    23:49:34.454 |  27 nPool-1-worker-1 | DEBUG | d.t.c.a.a.c.u.util.UserUtilService   : 4 students generated. Generate 1 tutors...
    23:49:34.456 |  27 nPool-1-worker-1 | DEBUG | d.t.c.a.a.c.u.util.UserUtilService   : 1 tutors generated. Generate 1 editors...
    23:49:34.458 |  27 nPool-1-worker-1 | DEBUG | d.t.c.a.a.c.u.util.UserUtilService   : 1 editors generated. Generate 1 instructors...
    23:49:34.460 |  27 nPool-1-worker-1 | DEBUG | d.t.c.a.a.c.u.util.UserUtilService   : 1 instructors generated
    23:49:34.461 |  27 nPool-1-worker-1 | DEBUG | d.t.c.a.a.c.u.util.UserUtilService   : Removing 6 users from all courses...
    23:49:34.462 |  27 nPool-1-worker-1 | DEBUG | d.t.c.a.a.c.u.util.UserUtilService   : Removing 6 users from all courses. Done
    23:49:34.462 |  27 nPool-1-worker-1 | DEBUG | d.t.c.a.a.c.u.util.UserUtilService   : Save 7 users to database...
    23:49:34.465 |  27 nPool-1-worker-1 | DEBUG | d.t.c.a.a.c.u.util.UserUtilService   : Save 7 users to database. Done
    23:49:34.476 |  27 nPool-1-worker-1 | INFO  | .c.a.a.c.s.TitleCacheEvictionService : Evicted entry '4065' from title cache 'exerciseTitle'
    23:49:34.525 |  27 nPool-1-worker-1 | INFO  | i.z.t.d.l.EmbeddedDatabaseReporter   : JDBC URL to connect to 'dataSource': url='jdbc:h2:tcp://localhost:41063/mem:736625c0-cf5e-400d-aeaa-8a7eabd6262b;USER=sa', scope='ParticipationIntegrationTest#getParticipation_quizExerciseStartedAndNoParticipation'
    23:49:34.527 |  27 nPool-1-worker-1 | DEBUG | d.t.c.a.a.c.s.f.ApiVersionFilter     : Adding Version to Request GET /api/exercises/4068/participation
    23:49:34.527 |  27 nPool-1-worker-1 | DEBUG | d.t.c.a.a.e.w.ParticipationResource  : REST request to get Participation for Exercise : 4068
    23:49:34.530 |  27 nPool-1-worker-1 | ERROR | d.t.c.a.a.e.w.ParticipationResource  : Participation in quiz new quiz not found for user participationintegrationstudent1

  Starting logs for ParticipationIntegrationTest > updateProgrammingExerciseIndividualDueDateInFuture()
    23:49:34.555 |  27 nPool-1-worker-1 | DEBUG | d.t.c.a.a.c.u.util.UserUtilService   : Generate 4 students...
    23:49:34.561 |  27 nPool-1-worker-1 | DEBUG | d.t.c.a.a.c.u.util.UserUtilService   : 4 students generated. Generate 1 tutors...
    23:49:34.564 |  27 nPool-1-worker-1 | DEBUG | d.t.c.a.a.c.u.util.UserUtilService   : 1 tutors generated. Generate 1 editors...
    23:49:34.567 |  27 nPool-1-worker-1 | DEBUG | d.t.c.a.a.c.u.util.UserUtilService   : 1 editors generated. Generate 1 instructors...
    23:49:34.569 |  27 nPool-1-worker-1 | DEBUG | d.t.c.a.a.c.u.util.UserUtilService   : 1 instructors generated
    23:49:34.570 |  27 nPool-1-worker-1 | DEBUG | d.t.c.a.a.c.u.util.UserUtilService   : Removing 6 users from all courses...
    23:49:34.571 |  27 nPool-1-worker-1 | DEBUG | d.t.c.a.a.c.u.util.UserUtilService   : Removing 6 users from all courses. Done
    23:49:34.571 |  27 nPool-1-worker-1 | DEBUG | d.t.c.a.a.c.u.util.UserUtilService   : Save 7 users to database...
    23:49:34.574 |  27 nPool-1-worker-1 | DEBUG | d.t.c.a.a.c.u.util.UserUtilService   : Save 7 users to database. Done
    23:49:34.584 |  27 nPool-1-worker-1 | INFO  | .c.a.a.c.s.TitleCacheEvictionService : Evicted entry '4069' from title cache 'exerciseTitle'
    23:49:34.628 |  27 nPool-1-worker-1 | INFO  | i.z.t.d.l.EmbeddedDatabaseReporter   : JDBC URL to connect to 'dataSource': url='jdbc:h2:tcp://localhost:41063/mem:736625c0-cf5e-400d-aeaa-8a7eabd6262b;USER=sa', scope='ParticipationIntegrationTest#updateProgrammingExerciseIndividualDueDateInFuture'
    23:49:34.640 |  27 nPool-1-worker-1 | DEBUG | PersonalAccessTokenManagementService : Generate secure vcs access token
    23:49:34.644 |  27 nPool-1-worker-1 | DEBUG | d.t.c.a.a.c.s.f.ApiVersionFilter     : Adding Version to Request PUT /api/exercises/4072/participations/update-individual-due-date
    23:49:34.647 |  27 nPool-1-worker-1 | INFO  | d.t.c.a.a.e.w.ParticipationResource  : Updating scheduling for exercise Programming (id 4072) due to changed individual due dates.
    23:49:34.648 |  27 nPool-1-worker-1 | INFO  | .c.s.m.InstanceMessageReceiveService : Received schedule update for programming exercise 4072
    23:49:34.649 |  27 nPool-1-worker-1 | DEBUG | t.c.a.a.e.s.ExerciseLifecycleService : Scheduled 1 Tasks for Exercise "Programming" (#4072) to trigger on RELEASE.
    23:49:34.649 |  27 nPool-1-worker-1 | DEBUG | s.ProgrammingExerciseScheduleService : Scheduled combining template commits before release date for Programming Exercise "Programming" (#4072) for 2025-02-15T23:49:34.628944Z.
    23:49:34.650 |  27 nPool-1-worker-1 | DEBUG | t.c.a.a.e.s.ExerciseLifecycleService : Scheduled Task for Exercise "Programming" (#4072) to trigger on BUILD_AND_TEST_AFTER_DUE_DATE.
    23:49:34.650 |  27 nPool-1-worker-1 | DEBUG | s.ProgrammingExerciseScheduleService : Scheduled build and test for student submissions after due date for Programming Exercise 'Programming' (#4072) for 2025-02-19T23:49:34.628946Z.
    23:49:34.651 |  27 nPool-1-worker-1 | DEBUG | .a.e.s.ParticipationLifecycleService : Scheduled task for participation 5885 in exercise 'Programming' (4072) to trigger on DUE.
    23:49:34.651 |  27 nPool-1-worker-1 | DEBUG | s.ProgrammingExerciseScheduleService : Scheduled task to lock repository for participation 5885 at the individual due date.
    23:49:34.651 |  27 nPool-1-worker-1 | INFO  | .c.s.m.InstanceMessageReceiveService : Received schedule update for potential Athena exercise 4072

  Starting logs for ParticipationIntegrationTest > participateTwiceInTextExercise_sameParticipation()
    23:49:34.676 |  27 nPool-1-worker-1 | DEBUG | d.t.c.a.a.c.u.util.UserUtilService   : Generate 4 students...
    23:49:34.682 |  27 nPool-1-worker-1 | DEBUG | d.t.c.a.a.c.u.util.UserUtilService   : 4 students generated. Generate 1 tutors...
    23:49:34.684 |  27 nPool-1-worker-1 | DEBUG | d.t.c.a.a.c.u.util.UserUtilService   : 1 tutors generated. Generate 1 editors...
    23:49:34.686 |  27 nPool-1-worker-1 | DEBUG | d.t.c.a.a.c.u.util.UserUtilService   : 1 editors generated. Generate 1 instructors...
    23:49:34.688 |  27 nPool-1-worker-1 | DEBUG | d.t.c.a.a.c.u.util.UserUtilService   : 1 instructors generated
    23:49:34.689 |  27 nPool-1-worker-1 | DEBUG | d.t.c.a.a.c.u.util.UserUtilService   : Removing 6 users from all courses...
    23:49:34.690 |  27 nPool-1-worker-1 | DEBUG | d.t.c.a.a.c.u.util.UserUtilService   : Removing 6 users from all courses. Done
    23:49:34.690 |  27 nPool-1-worker-1 | DEBUG | d.t.c.a.a.c.u.util.UserUtilService   : Save 7 users to database...
    23:49:34.693 |  27 nPool-1-worker-1 | DEBUG | d.t.c.a.a.c.u.util.UserUtilService   : Save 7 users to database. Done
    23:49:34.704 |  27 nPool-1-worker-1 | INFO  | .c.a.a.c.s.TitleCacheEvictionService : Evicted entry '4073' from title cache 'exerciseTitle'
    23:49:34.749 |  27 nPool-1-worker-1 | INFO  | i.z.t.d.l.EmbeddedDatabaseReporter   : JDBC URL to connect to 'dataSource': url='jdbc:h2:tcp://localhost:41063/mem:736625c0-cf5e-400d-aeaa-8a7eabd6262b;USER=sa', scope='ParticipationIntegrationTest#participateTwiceInTextExercise_sameParticipation'
    23:49:34.749 |  27 nPool-1-worker-1 | DEBUG | d.t.c.a.a.c.s.f.ApiVersionFilter     : Adding Version to Request POST /api/exercises/4074/participations
    23:49:34.751 |  27 nPool-1-worker-1 | DEBUG | d.t.c.a.a.e.w.ParticipationResource  : REST request to start Exercise : 4074
    23:49:34.765 |  27 nPool-1-worker-1 | DEBUG | d.t.c.a.a.c.s.f.ApiVersionFilter     : Adding Version to Request POST /api/exercises/4074/participations
    23:49:34.766 |  27 nPool-1-worker-1 | DEBUG | d.t.c.a.a.e.w.ParticipationResource  : REST request to start Exercise : 4074

  Starting logs for ParticipationIntegrationTest > getParticipationBuildArtifact()
    23:49:34.791 |  27 nPool-1-worker-1 | DEBUG | d.t.c.a.a.c.u.util.UserUtilService   : Generate 4 students...
    23:49:34.796 |  27 nPool-1-worker-1 | DEBUG | d.t.c.a.a.c.u.util.UserUtilService   : 4 students generated. Generate 1 tutors...
    23:49:34.798 |  27 nPool-1-worker-1 | DEBUG | d.t.c.a.a.c.u.util.UserUtilService   : 1 tutors generated. Generate 1 editors...
    23:49:34.800 |  27 nPool-1-worker-1 | DEBUG | d.t.c.a.a.c.u.util.UserUtilService   : 1 editors generated. Generate 1 instructors...
    23:49:34.802 |  27 nPool-1-worker-1 | DEBUG | d.t.c.a.a.c.u.util.UserUtilService   : 1 instructors generated
    23:49:34.803 |  27 nPool-1-worker-1 | DEBUG | d.t.c.a.a.c.u.util.UserUtilService   : Removing 6 users from all courses...
    23:49:34.804 |  27 nPool-1-worker-1 | DEBUG | d.t.c.a.a.c.u.util.UserUtilService   : Removing 6 users from all courses. Done
    23:49:34.804 |  27 nPool-1-worker-1 | DEBUG | d.t.c.a.a.c.u.util.UserUtilService   : Save 7 users to database...
    23:49:34.807 |  27 nPool-1-worker-1 | DEBUG | d.t.c.a.a.c.u.util.UserUtilService   : Save 7 users to database. Done
    23:49:34.818 |  27 nPool-1-worker-1 | INFO  | .c.a.a.c.s.TitleCacheEvictionService : Evicted entry '4076' from title cache 'exerciseTitle'
    23:49:34.862 |  27 nPool-1-worker-1 | INFO  | i.z.t.d.l.EmbeddedDatabaseReporter   : JDBC URL to connect to 'dataSource': url='jdbc:h2:tcp://localhost:41063/mem:736625c0-cf5e-400d-aeaa-8a7eabd6262b;USER=sa', scope='ParticipationIntegrationTest#getParticipationBuildArtifact'
    23:49:34.865 |  27 nPool-1-worker-1 | DEBUG | PersonalAccessTokenManagementService : Generate secure vcs access token
    23:49:34.867 |  27 nPool-1-worker-1 | DEBUG | d.t.c.a.a.c.s.f.ApiVersionFilter     : Adding Version to Request GET /api/participations/5887/build-artifact
    23:49:34.867 |  27 nPool-1-worker-1 | DEBUG | d.t.c.a.a.e.w.ParticipationResource  : REST request to get Participation build artifact: 5887

  Starting logs for ParticipationIntegrationTest > getParticipationForTeamExercise()
    23:49:34.891 |  27 nPool-1-worker-1 | DEBUG | d.t.c.a.a.c.u.util.UserUtilService   : Generate 4 students...
    23:49:34.896 |  27 nPool-1-worker-1 | DEBUG | d.t.c.a.a.c.u.util.UserUtilService   : 4 students generated. Generate 1 tutors...
    23:49:34.898 |  27 nPool-1-worker-1 | DEBUG | d.t.c.a.a.c.u.util.UserUtilService   : 1 tutors generated. Generate 1 editors...
    23:49:34.900 |  27 nPool-1-worker-1 | DEBUG | d.t.c.a.a.c.u.util.UserUtilService   : 1 editors generated. Generate 1 instructors...
    23:49:34.902 |  27 nPool-1-worker-1 | DEBUG | d.t.c.a.a.c.u.util.UserUtilService   : 1 instructors generated
    23:49:34.903 |  27 nPool-1-worker-1 | DEBUG | d.t.c.a.a.c.u.util.UserUtilService   : Removing 6 users from all courses...
    23:49:34.904 |  27 nPool-1-worker-1 | DEBUG | d.t.c.a.a.c.u.util.UserUtilService   : Removing 6 users from all courses. Done
    23:49:34.904 |  27 nPool-1-worker-1 | DEBUG | d.t.c.a.a.c.u.util.UserUtilService   : Save 7 users to database...
    23:49:34.907 |  27 nPool-1-worker-1 | DEBUG | d.t.c.a.a.c.u.util.UserUtilService   : Save 7 users to database. Done
    23:49:34.918 |  27 nPool-1-worker-1 | INFO  | .c.a.a.c.s.TitleCacheEvictionService : Evicted entry '4079' from title cache 'exerciseTitle'
    23:49:34.963 |  27 nPool-1-worker-1 | INFO  | i.z.t.d.l.EmbeddedDatabaseReporter   : JDBC URL to connect to 'dataSource': url='jdbc:h2:tcp://localhost:41063/mem:736625c0-cf5e-400d-aeaa-8a7eabd6262b;USER=sa', scope='ParticipationIntegrationTest#getParticipationForTeamExercise'
    23:49:34.972 |  27 nPool-1-worker-1 | DEBUG | d.t.c.a.a.c.s.f.ApiVersionFilter     : Adding Version to Request GET /api/exercises/4082/participation
    23:49:34.972 |  27 nPool-1-worker-1 | DEBUG | d.t.c.a.a.e.w.ParticipationResource  : REST request to get Participation for Exercise : 4082

  Starting logs for ParticipationIntegrationTest > [1] input=-42, isBadRequest=true
    23:49:34.999 |  27 nPool-1-worker-1 | DEBUG | d.t.c.a.a.c.u.util.UserUtilService   : Generate 4 students...
    23:49:35.005 |  27 nPool-1-worker-1 | DEBUG | d.t.c.a.a.c.u.util.UserUtilService   : 4 students generated. Generate 1 tutors...
    23:49:35.007 |  27 nPool-1-worker-1 | DEBUG | d.t.c.a.a.c.u.util.UserUtilService   : 1 tutors generated. Generate 1 editors...
    23:49:35.009 |  27 nPool-1-worker-1 | DEBUG | d.t.c.a.a.c.u.util.UserUtilService   : 1 editors generated. Generate 1 instructors...
    23:49:35.011 |  27 nPool-1-worker-1 | DEBUG | d.t.c.a.a.c.u.util.UserUtilService   : 1 instructors generated
    23:49:35.012 |  27 nPool-1-worker-1 | DEBUG | d.t.c.a.a.c.u.util.UserUtilService   : Removing 6 users from all courses...
    23:49:35.013 |  27 nPool-1-worker-1 | DEBUG | d.t.c.a.a.c.u.util.UserUtilService   : Removing 6 users from all courses. Done
    23:49:35.013 |  27 nPool-1-worker-1 | DEBUG | d.t.c.a.a.c.u.util.UserUtilService   : Save 7 users to database...
    23:49:35.016 |  27 nPool-1-worker-1 | DEBUG | d.t.c.a.a.c.u.util.UserUtilService   : Save 7 users to database. Done
    23:49:35.026 |  27 nPool-1-worker-1 | INFO  | .c.a.a.c.s.TitleCacheEvictionService : Evicted entry '4083' from title cache 'exerciseTitle'
    23:49:35.075 |  27 nPool-1-worker-1 | INFO  | i.z.t.d.l.EmbeddedDatabaseReporter   : JDBC URL to connect to 'dataSource': url='jdbc:h2:tcp://localhost:41063/mem:736625c0-cf5e-400d-aeaa-8a7eabd6262b;USER=sa', scope='ParticipationIntegrationTest#updateParticipation_gradedPresentation'
    23:49:35.079 |  27 nPool-1-worker-1 | DEBUG | d.t.c.a.a.c.s.f.ApiVersionFilter     : Adding Version to Request PUT /api/exercises/4084/participations
    23:49:35.080 |  27 nPool-1-worker-1 | DEBUG | d.t.c.a.a.e.w.ParticipationResource  : REST request to update Participation : StudentParticipation{id=5889, presentationScore=-42.0, student=User{login='participationintegrationstudent1', firstName='participationintegrationstudent1First', lastName='participationintegrationstudent1Last', email='participationintegrationstudent1@test.de', imageUrl='null', activated='true', langKey='en', activationKey='null'}}
    23:49:35.084 |  27 nPool-1-worker-1 | ERROR | tech.jhipster.web.util.HeaderUtil    : Entity processing failed, The presentation grade must be between 0 and 100
    23:49:35.084 |  27 nPool-1-worker-1 | WARN  | o.z.p.spring.common.AdviceTraits     : Bad Request: The presentation grade must be between 0 and 100

  Starting logs for ParticipationIntegrationTest > [2] input=42, isBadRequest=false
    23:49:35.109 |  27 nPool-1-worker-1 | DEBUG | d.t.c.a.a.c.u.util.UserUtilService   : Generate 4 students...
    23:49:35.114 |  27 nPool-1-worker-1 | DEBUG | d.t.c.a.a.c.u.util.UserUtilService   : 4 students generated. Generate 1 tutors...
    23:49:35.116 |  27 nPool-1-worker-1 | DEBUG | d.t.c.a.a.c.u.util.UserUtilService   : 1 tutors generated. Generate 1 editors...
    23:49:35.118 |  27 nPool-1-worker-1 | DEBUG | d.t.c.a.a.c.u.util.UserUtilService   : 1 editors generated. Generate 1 instructors...
    23:49:35.120 |  27 nPool-1-worker-1 | DEBUG | d.t.c.a.a.c.u.util.UserUtilService   : 1 instructors generated
    23:49:35.122 |  27 nPool-1-worker-1 | DEBUG | d.t.c.a.a.c.u.util.UserUtilService   : Removing 6 users from all courses...
    23:49:35.122 |  27 nPool-1-worker-1 | DEBUG | d.t.c.a.a.c.u.util.UserUtilService   : Removing 6 users from all courses. Done
    23:49:35.122 |  27 nPool-1-worker-1 | DEBUG | d.t.c.a.a.c.u.util.UserUtilService   : Save 7 users to database...
    23:49:35.125 |  27 nPool-1-worker-1 | DEBUG | d.t.c.a.a.c.u.util.UserUtilService   : Save 7 users to database. Done
    23:49:35.136 |  27 nPool-1-worker-1 | INFO  | .c.a.a.c.s.TitleCacheEvictionService : Evicted entry '4086' from title cache 'exerciseTitle'
    23:49:35.184 |  27 nPool-1-worker-1 | INFO  | i.z.t.d.l.EmbeddedDatabaseReporter   : JDBC URL to connect to 'dataSource': url='jdbc:h2:tcp://localhost:41063/mem:736625c0-cf5e-400d-aeaa-8a7eabd6262b;USER=sa', scope='ParticipationIntegrationTest#updateParticipation_gradedPresentation'
    23:49:35.187 |  27 nPool-1-worker-1 | DEBUG | d.t.c.a.a.c.s.f.ApiVersionFilter     : Adding Version to Request PUT /api/exercises/4087/participations
    23:49:35.188 |  27 nPool-1-worker-1 | DEBUG | d.t.c.a.a.e.w.ParticipationResource  : REST request to update Participation : StudentParticipation{id=5890, presentationScore=42.0, student=User{login='participationintegrationstudent1', firstName='participationintegrationstudent1First', lastName='participationintegrationstudent1Last', email='participationintegrationstudent1@test.de', imageUrl='null', activated='true', langKey='en', activationKey='null'}}

  Starting logs for ParticipationIntegrationTest > [3] input=420, isBadRequest=true
    23:49:35.225 |  27 nPool-1-worker-1 | DEBUG | d.t.c.a.a.c.u.util.UserUtilService   : Generate 4 students...
    23:49:35.230 |  27 nPool-1-worker-1 | DEBUG | d.t.c.a.a.c.u.util.UserUtilService   : 4 students generated. Generate 1 tutors...
    23:49:35.232 |  27 nPool-1-worker-1 | DEBUG | d.t.c.a.a.c.u.util.UserUtilService   : 1 tutors generated. Generate 1 editors...
    23:49:35.234 |  27 nPool-1-worker-1 | DEBUG | d.t.c.a.a.c.u.util.UserUtilService   : 1 editors generated. Generate 1 instructors...
    23:49:35.236 |  27 nPool-1-worker-1 | DEBUG | d.t.c.a.a.c.u.util.UserUtilService   : 1 instructors generated
    23:49:35.237 |  27 nPool-1-worker-1 | DEBUG | d.t.c.a.a.c.u.util.UserUtilService   : Removing 6 users from all courses...
    23:49:35.238 |  27 nPool-1-worker-1 | DEBUG | d.t.c.a.a.c.u.util.UserUtilService   : Removing 6 users from all courses. Done
    23:49:35.238 |  27 nPool-1-worker-1 | DEBUG | d.t.c.a.a.c.u.util.UserUtilService   : Save 7 users to database...
    23:49:35.241 |  27 nPool-1-worker-1 | DEBUG | d.t.c.a.a.c.u.util.UserUtilService   : Save 7 users to database. Done
    23:49:35.252 |  27 nPool-1-worker-1 | INFO  | .c.a.a.c.s.TitleCacheEvictionService : Evicted entry '4089' from title cache 'exerciseTitle'
    23:49:35.301 |  27 nPool-1-worker-1 | INFO  | i.z.t.d.l.EmbeddedDatabaseReporter   : JDBC URL to connect to 'dataSource': url='jdbc:h2:tcp://localhost:41063/mem:736625c0-cf5e-400d-aeaa-8a7eabd6262b;USER=sa', scope='ParticipationIntegrationTest#updateParticipation_gradedPresentation'
    23:49:35.304 |  27 nPool-1-worker-1 | DEBUG | d.t.c.a.a.c.s.f.ApiVersionFilter     : Adding Version to Request PUT /api/exercises/4090/participations
    23:49:35.305 |  27 nPool-1-worker-1 | DEBUG | d.t.c.a.a.e.w.ParticipationResource  : REST request to update Participation : StudentParticipation{id=5891, presentationScore=420.0, student=User{login='participationintegrationstudent1', firstName='participationintegrationstudent1First', lastName='participationintegrationstudent1Last', email='participationintegrationstudent1@test.de', imageUrl='null', activated='true', langKey='en', activationKey='null'}}
    23:49:35.309 |  27 nPool-1-worker-1 | ERROR | tech.jhipster.web.util.HeaderUtil    : Entity processing failed, The presentation grade must be between 0 and 100
    23:49:35.309 |  27 nPool-1-worker-1 | WARN  | o.z.p.spring.common.AdviceTraits     : Bad Request: The presentation grade must be between 0 and 100
    23:49:35.611 | 058 pool-4-thread-1  | INFO  | d.t.c.a.a.p.s.gitlab.GitLabService   : Protecting branch main for Gitlab repository SHORTF5FE6CC00F1FE043210B9A10F1BC905976DBT8BD/shortf5fe6cc00f1fe043210b9a10f1bc905976dbt8bd-participationintegrationstudent1

Finished logs for ParticipationIntegrationTest
]]></system-out>
  <system-err><![CDATA[SLF4J(E): Failed toString() invocation on an object of type [de.tum.cit.aet.artemis.exercise.domain.Submission$HibernateProxy$QBVZEqX6]
SLF4J(E): Reported exception:
org.hibernate.LazyInitializationException: could not initialize proxy [de.tum.cit.aet.artemis.exercise.domain.Submission#1759] - no Session
	at org.hibernate.proxy.AbstractLazyInitializer.initialize(AbstractLazyInitializer.java:165)
	at org.hibernate.proxy.AbstractLazyInitializer.getImplementation(AbstractLazyInitializer.java:314)
	at org.hibernate.proxy.pojo.bytebuddy.ByteBuddyInterceptor.intercept(ByteBuddyInterceptor.java:44)
	at org.hibernate.proxy.ProxyConfiguration$InterceptorDispatcher.intercept(ProxyConfiguration.java:102)
	at de.tum.cit.aet.artemis.exercise.domain.Submission$HibernateProxy$QBVZEqX6.toString(Unknown Source)
	at org.slf4j.helpers.MessageFormatter.safeObjectAppend(MessageFormatter.java:291)
	at org.slf4j.helpers.MessageFormatter.deeplyAppendParameter(MessageFormatter.java:263)
	at org.slf4j.helpers.MessageFormatter.arrayFormat(MessageFormatter.java:225)
	at org.slf4j.helpers.MessageFormatter.arrayFormat(MessageFormatter.java:160)
	at ch.qos.logback.classic.spi.LoggingEvent.getFormattedMessage(LoggingEvent.java:440)
	at ch.qos.logback.classic.pattern.MessageConverter.convert(MessageConverter.java:26)
	at ch.qos.logback.classic.pattern.MessageConverter.convert(MessageConverter.java:23)
	at ch.qos.logback.core.pattern.FormattingConverter.write(FormattingConverter.java:36)
	at ch.qos.logback.core.pattern.PatternLayoutBase.writeLoopOnConverters(PatternLayoutBase.java:174)
	at ch.qos.logback.classic.PatternLayout.doLayout(PatternLayout.java:200)
	at ch.qos.logback.classic.PatternLayout.doLayout(PatternLayout.java:41)
	at ch.qos.logback.core.encoder.LayoutWrappingEncoder.encode(LayoutWrappingEncoder.java:114)
	at de.tum.cit.aet.artemis.core.util.junit_parallel_logging.ParallelConsoleAppender.append(ParallelConsoleAppender.java:44)
	at de.tum.cit.aet.artemis.core.util.junit_parallel_logging.ParallelConsoleAppender.append(ParallelConsoleAppender.java:26)
	at ch.qos.logback.core.AppenderBase.doAppend(AppenderBase.java:85)
	at ch.qos.logback.core.spi.AppenderAttachableImpl.appendLoopOnAppenders(AppenderAttachableImpl.java:51)
	at ch.qos.logback.classic.Logger.appendLoopOnAppenders(Logger.java:272)
	at ch.qos.logback.classic.Logger.callAppenders(Logger.java:259)
	at ch.qos.logback.classic.Logger.buildLoggingEventAndAppend(Logger.java:426)
	at ch.qos.logback.classic.Logger.filterAndLog_0_Or3Plus(Logger.java:386)
	at ch.qos.logback.classic.Logger.debug(Logger.java:499)
	at de.tum.cit.aet.artemis.programming.service.ProgrammingMessagingService.notifyUserAboutNewResult(ProgrammingMessagingService.java:189)
	at java.base/java.lang.invoke.MethodHandle.invokeWithArguments(MethodHandle.java:733)
	at org.mockito.internal.util.reflection.InstrumentationMemberAccessor$Dispatcher$ByteBuddy$oog9jsgw.invokeWithArguments(Unknown Source)
	at org.mockito.internal.util.reflection.InstrumentationMemberAccessor.invoke(InstrumentationMemberAccessor.java:251)
	at org.mockito.internal.util.reflection.ModuleMemberAccessor.invoke(ModuleMemberAccessor.java:55)
	at org.mockito.internal.creation.bytebuddy.MockMethodAdvice.tryInvoke(MockMethodAdvice.java:314)
	at org.mockito.internal.creation.bytebuddy.MockMethodAdvice$RealMethodCall.invoke(MockMethodAdvice.java:234)
	at org.mockito.internal.invocation.InterceptedInvocation.callRealMethod(InterceptedInvocation.java:142)
	at org.mockito.internal.stubbing.answers.CallsRealMethods.answer(CallsRealMethods.java:45)
	at org.mockito.Answers.answer(Answers.java:90)
	at org.mockito.internal.handler.MockHandlerImpl.handle(MockHandlerImpl.java:111)
	at org.mockito.internal.handler.NullResultGuardian.handle(NullResultGuardian.java:29)
	at org.mockito.internal.handler.InvocationNotifierHandler.handle(InvocationNotifierHandler.java:34)
	at org.mockito.internal.creation.bytebuddy.MockMethodInterceptor.doIntercept(MockMethodInterceptor.java:82)
	at org.mockito.internal.creation.bytebuddy.MockMethodAdvice.handle(MockMethodAdvice.java:134)
	at de.tum.cit.aet.artemis.programming.service.ProgrammingMessagingService.notifyUserAboutNewResult(ProgrammingMessagingService.java:189)
	at de.tum.cit.aet.artemis.programming.service.ProgrammingExerciseCodeReviewFeedbackService.generateAutomaticNonGradedFeedback(ProgrammingExerciseCodeReviewFeedbackService.java:130)
	at de.tum.cit.aet.artemis.programming.service.ProgrammingExerciseCodeReviewFeedbackService.lambda$handleNonGradedFeedbackRequest$0(ProgrammingExerciseCodeReviewFeedbackService.java:90)
	at java.base/java.util.concurrent.CompletableFuture$AsyncRun.run(CompletableFuture.java:1804)
	at java.base/java.util.concurrent.CompletableFuture$AsyncRun.exec(CompletableFuture.java:1796)
	at java.base/java.util.concurrent.ForkJoinTask.doExec(ForkJoinTask.java:387)
	at java.base/java.util.concurrent.ForkJoinPool$WorkQueue.topLevelExec(ForkJoinPool.java:1312)
	at java.base/java.util.concurrent.ForkJoinPool.scan(ForkJoinPool.java:1843)
	at java.base/java.util.concurrent.ForkJoinPool.runWorker(ForkJoinPool.java:1808)
	at java.base/java.util.concurrent.ForkJoinWorkerThread.run(ForkJoinWorkerThread.java:188)
SLF4J(E): Failed toString() invocation on an object of type [de.tum.cit.aet.artemis.exercise.domain.Submission$HibernateProxy$QBVZEqX6]
SLF4J(E): Reported exception:
org.hibernate.LazyInitializationException: could not initialize proxy [de.tum.cit.aet.artemis.exercise.domain.Submission#1759] - no Session
	at org.hibernate.proxy.AbstractLazyInitializer.initialize(AbstractLazyInitializer.java:165)
	at org.hibernate.proxy.AbstractLazyInitializer.getImplementation(AbstractLazyInitializer.java:314)
	at org.hibernate.proxy.pojo.bytebuddy.ByteBuddyInterceptor.intercept(ByteBuddyInterceptor.java:44)
	at org.hibernate.proxy.ProxyConfiguration$InterceptorDispatcher.intercept(ProxyConfiguration.java:102)
	at de.tum.cit.aet.artemis.exercise.domain.Submission$HibernateProxy$QBVZEqX6.toString(Unknown Source)
	at org.slf4j.helpers.MessageFormatter.safeObjectAppend(MessageFormatter.java:291)
	at org.slf4j.helpers.MessageFormatter.deeplyAppendParameter(MessageFormatter.java:263)
	at org.slf4j.helpers.MessageFormatter.arrayFormat(MessageFormatter.java:225)
	at org.slf4j.helpers.MessageFormatter.arrayFormat(MessageFormatter.java:160)
	at ch.qos.logback.classic.spi.LoggingEvent.getFormattedMessage(LoggingEvent.java:440)
	at ch.qos.logback.classic.pattern.MessageConverter.convert(MessageConverter.java:26)
	at ch.qos.logback.classic.pattern.MessageConverter.convert(MessageConverter.java:23)
	at ch.qos.logback.core.pattern.FormattingConverter.write(FormattingConverter.java:36)
	at ch.qos.logback.core.pattern.PatternLayoutBase.writeLoopOnConverters(PatternLayoutBase.java:174)
	at ch.qos.logback.classic.PatternLayout.doLayout(PatternLayout.java:200)
	at ch.qos.logback.classic.PatternLayout.doLayout(PatternLayout.java:41)
	at ch.qos.logback.core.encoder.LayoutWrappingEncoder.encode(LayoutWrappingEncoder.java:114)
	at de.tum.cit.aet.artemis.core.util.junit_parallel_logging.ParallelConsoleAppender.append(ParallelConsoleAppender.java:44)
	at de.tum.cit.aet.artemis.core.util.junit_parallel_logging.ParallelConsoleAppender.append(ParallelConsoleAppender.java:26)
	at ch.qos.logback.core.AppenderBase.doAppend(AppenderBase.java:85)
	at ch.qos.logback.core.spi.AppenderAttachableImpl.appendLoopOnAppenders(AppenderAttachableImpl.java:51)
	at ch.qos.logback.classic.Logger.appendLoopOnAppenders(Logger.java:272)
	at ch.qos.logback.classic.Logger.callAppenders(Logger.java:259)
	at ch.qos.logback.classic.Logger.buildLoggingEventAndAppend(Logger.java:426)
	at ch.qos.logback.classic.Logger.filterAndLog_0_Or3Plus(Logger.java:386)
	at ch.qos.logback.classic.Logger.debug(Logger.java:499)
	at de.tum.cit.aet.artemis.programming.service.ProgrammingMessagingService.notifyUserAboutNewResult(ProgrammingMessagingService.java:189)
	at java.base/java.lang.invoke.MethodHandle.invokeWithArguments(MethodHandle.java:733)
	at org.mockito.internal.util.reflection.InstrumentationMemberAccessor$Dispatcher$ByteBuddy$oog9jsgw.invokeWithArguments(Unknown Source)
	at org.mockito.internal.util.reflection.InstrumentationMemberAccessor.invoke(InstrumentationMemberAccessor.java:251)
	at org.mockito.internal.util.reflection.ModuleMemberAccessor.invoke(ModuleMemberAccessor.java:55)
	at org.mockito.internal.creation.bytebuddy.MockMethodAdvice.tryInvoke(MockMethodAdvice.java:314)
	at org.mockito.internal.creation.bytebuddy.MockMethodAdvice$RealMethodCall.invoke(MockMethodAdvice.java:234)
	at org.mockito.internal.invocation.InterceptedInvocation.callRealMethod(InterceptedInvocation.java:142)
	at org.mockito.internal.stubbing.answers.CallsRealMethods.answer(CallsRealMethods.java:45)
	at org.mockito.Answers.answer(Answers.java:90)
	at org.mockito.internal.handler.MockHandlerImpl.handle(MockHandlerImpl.java:111)
	at org.mockito.internal.handler.NullResultGuardian.handle(NullResultGuardian.java:29)
	at org.mockito.internal.handler.InvocationNotifierHandler.handle(InvocationNotifierHandler.java:34)
	at org.mockito.internal.creation.bytebuddy.MockMethodInterceptor.doIntercept(MockMethodInterceptor.java:82)
	at org.mockito.internal.creation.bytebuddy.MockMethodAdvice.handle(MockMethodAdvice.java:134)
	at de.tum.cit.aet.artemis.programming.service.ProgrammingMessagingService.notifyUserAboutNewResult(ProgrammingMessagingService.java:189)
	at de.tum.cit.aet.artemis.programming.service.ProgrammingExerciseCodeReviewFeedbackService.generateAutomaticNonGradedFeedback(ProgrammingExerciseCodeReviewFeedbackService.java:170)
	at de.tum.cit.aet.artemis.programming.service.ProgrammingExerciseCodeReviewFeedbackService.lambda$handleNonGradedFeedbackRequest$0(ProgrammingExerciseCodeReviewFeedbackService.java:90)
	at java.base/java.util.concurrent.CompletableFuture$AsyncRun.run(CompletableFuture.java:1804)
	at java.base/java.util.concurrent.CompletableFuture$AsyncRun.exec(CompletableFuture.java:1796)
	at java.base/java.util.concurrent.ForkJoinTask.doExec(ForkJoinTask.java:387)
	at java.base/java.util.concurrent.ForkJoinPool$WorkQueue.topLevelExec(ForkJoinPool.java:1312)
	at java.base/java.util.concurrent.ForkJoinPool.scan(ForkJoinPool.java:1843)
	at java.base/java.util.concurrent.ForkJoinPool.runWorker(ForkJoinPool.java:1808)
	at java.base/java.util.concurrent.ForkJoinWorkerThread.run(ForkJoinWorkerThread.java:188)
SLF4J(E): Failed toString() invocation on an object of type [de.tum.cit.aet.artemis.exercise.domain.Submission$HibernateProxy$QBVZEqX6]
SLF4J(E): Reported exception:
org.hibernate.LazyInitializationException: could not initialize proxy [de.tum.cit.aet.artemis.exercise.domain.Submission#1767] - no Session
	at org.hibernate.proxy.AbstractLazyInitializer.initialize(AbstractLazyInitializer.java:165)
	at org.hibernate.proxy.AbstractLazyInitializer.getImplementation(AbstractLazyInitializer.java:314)
	at org.hibernate.proxy.pojo.bytebuddy.ByteBuddyInterceptor.intercept(ByteBuddyInterceptor.java:44)
	at org.hibernate.proxy.ProxyConfiguration$InterceptorDispatcher.intercept(ProxyConfiguration.java:102)
	at de.tum.cit.aet.artemis.exercise.domain.Submission$HibernateProxy$QBVZEqX6.toString(Unknown Source)
	at org.slf4j.helpers.MessageFormatter.safeObjectAppend(MessageFormatter.java:291)
	at org.slf4j.helpers.MessageFormatter.deeplyAppendParameter(MessageFormatter.java:263)
	at org.slf4j.helpers.MessageFormatter.arrayFormat(MessageFormatter.java:225)
	at org.slf4j.helpers.MessageFormatter.arrayFormat(MessageFormatter.java:160)
	at ch.qos.logback.classic.spi.LoggingEvent.getFormattedMessage(LoggingEvent.java:440)
	at ch.qos.logback.classic.pattern.MessageConverter.convert(MessageConverter.java:26)
	at ch.qos.logback.classic.pattern.MessageConverter.convert(MessageConverter.java:23)
	at ch.qos.logback.core.pattern.FormattingConverter.write(FormattingConverter.java:36)
	at ch.qos.logback.core.pattern.PatternLayoutBase.writeLoopOnConverters(PatternLayoutBase.java:174)
	at ch.qos.logback.classic.PatternLayout.doLayout(PatternLayout.java:200)
	at ch.qos.logback.classic.PatternLayout.doLayout(PatternLayout.java:41)
	at ch.qos.logback.core.encoder.LayoutWrappingEncoder.encode(LayoutWrappingEncoder.java:114)
	at de.tum.cit.aet.artemis.core.util.junit_parallel_logging.ParallelConsoleAppender.append(ParallelConsoleAppender.java:44)
	at de.tum.cit.aet.artemis.core.util.junit_parallel_logging.ParallelConsoleAppender.append(ParallelConsoleAppender.java:26)
	at ch.qos.logback.core.AppenderBase.doAppend(AppenderBase.java:85)
	at ch.qos.logback.core.spi.AppenderAttachableImpl.appendLoopOnAppenders(AppenderAttachableImpl.java:51)
	at ch.qos.logback.classic.Logger.appendLoopOnAppenders(Logger.java:272)
	at ch.qos.logback.classic.Logger.callAppenders(Logger.java:259)
	at ch.qos.logback.classic.Logger.buildLoggingEventAndAppend(Logger.java:426)
	at ch.qos.logback.classic.Logger.filterAndLog_0_Or3Plus(Logger.java:386)
	at ch.qos.logback.classic.Logger.debug(Logger.java:499)
	at de.tum.cit.aet.artemis.programming.service.ProgrammingMessagingService.notifyUserAboutNewResult(ProgrammingMessagingService.java:189)
	at java.base/java.lang.invoke.MethodHandle.invokeWithArguments(MethodHandle.java:733)
	at org.mockito.internal.util.reflection.InstrumentationMemberAccessor$Dispatcher$ByteBuddy$oog9jsgw.invokeWithArguments(Unknown Source)
	at org.mockito.internal.util.reflection.InstrumentationMemberAccessor.invoke(InstrumentationMemberAccessor.java:251)
	at org.mockito.internal.util.reflection.ModuleMemberAccessor.invoke(ModuleMemberAccessor.java:55)
	at org.mockito.internal.creation.bytebuddy.MockMethodAdvice.tryInvoke(MockMethodAdvice.java:314)
	at org.mockito.internal.creation.bytebuddy.MockMethodAdvice$RealMethodCall.invoke(MockMethodAdvice.java:234)
	at org.mockito.internal.invocation.InterceptedInvocation.callRealMethod(InterceptedInvocation.java:142)
	at org.mockito.internal.stubbing.answers.CallsRealMethods.answer(CallsRealMethods.java:45)
	at org.mockito.Answers.answer(Answers.java:90)
	at org.mockito.internal.handler.MockHandlerImpl.handle(MockHandlerImpl.java:111)
	at org.mockito.internal.handler.NullResultGuardian.handle(NullResultGuardian.java:29)
	at org.mockito.internal.handler.InvocationNotifierHandler.handle(InvocationNotifierHandler.java:34)
	at org.mockito.internal.creation.bytebuddy.MockMethodInterceptor.doIntercept(MockMethodInterceptor.java:82)
	at org.mockito.internal.creation.bytebuddy.MockMethodAdvice.handle(MockMethodAdvice.java:134)
	at de.tum.cit.aet.artemis.programming.service.ProgrammingMessagingService.notifyUserAboutNewResult(ProgrammingMessagingService.java:189)
	at de.tum.cit.aet.artemis.programming.service.ProgrammingExerciseCodeReviewFeedbackService.generateAutomaticNonGradedFeedback(ProgrammingExerciseCodeReviewFeedbackService.java:130)
	at de.tum.cit.aet.artemis.programming.service.ProgrammingExerciseCodeReviewFeedbackService.lambda$handleNonGradedFeedbackRequest$0(ProgrammingExerciseCodeReviewFeedbackService.java:90)
	at java.base/java.util.concurrent.CompletableFuture$AsyncRun.run(CompletableFuture.java:1804)
	at java.base/java.util.concurrent.CompletableFuture$AsyncRun.exec(CompletableFuture.java:1796)
	at java.base/java.util.concurrent.ForkJoinTask.doExec(ForkJoinTask.java:387)
	at java.base/java.util.concurrent.ForkJoinPool$WorkQueue.topLevelExec(ForkJoinPool.java:1312)
	at java.base/java.util.concurrent.ForkJoinPool.scan(ForkJoinPool.java:1843)
	at java.base/java.util.concurrent.ForkJoinPool.runWorker(ForkJoinPool.java:1808)
	at java.base/java.util.concurrent.ForkJoinWorkerThread.run(ForkJoinWorkerThread.java:188)
SLF4J(E): Failed toString() invocation on an object of type [de.tum.cit.aet.artemis.exercise.domain.Submission$HibernateProxy$QBVZEqX6]
SLF4J(E): Reported exception:
org.hibernate.LazyInitializationException: could not initialize proxy [de.tum.cit.aet.artemis.exercise.domain.Submission#1767] - no Session
	at org.hibernate.proxy.AbstractLazyInitializer.initialize(AbstractLazyInitializer.java:165)
	at org.hibernate.proxy.AbstractLazyInitializer.getImplementation(AbstractLazyInitializer.java:314)
	at org.hibernate.proxy.pojo.bytebuddy.ByteBuddyInterceptor.intercept(ByteBuddyInterceptor.java:44)
	at org.hibernate.proxy.ProxyConfiguration$InterceptorDispatcher.intercept(ProxyConfiguration.java:102)
	at de.tum.cit.aet.artemis.exercise.domain.Submission$HibernateProxy$QBVZEqX6.toString(Unknown Source)
	at org.slf4j.helpers.MessageFormatter.safeObjectAppend(MessageFormatter.java:291)
	at org.slf4j.helpers.MessageFormatter.deeplyAppendParameter(MessageFormatter.java:263)
	at org.slf4j.helpers.MessageFormatter.arrayFormat(MessageFormatter.java:225)
	at org.slf4j.helpers.MessageFormatter.arrayFormat(MessageFormatter.java:160)
	at ch.qos.logback.classic.spi.LoggingEvent.getFormattedMessage(LoggingEvent.java:440)
	at ch.qos.logback.classic.pattern.MessageConverter.convert(MessageConverter.java:26)
	at ch.qos.logback.classic.pattern.MessageConverter.convert(MessageConverter.java:23)
	at ch.qos.logback.core.pattern.FormattingConverter.write(FormattingConverter.java:36)
	at ch.qos.logback.core.pattern.PatternLayoutBase.writeLoopOnConverters(PatternLayoutBase.java:174)
	at ch.qos.logback.classic.PatternLayout.doLayout(PatternLayout.java:200)
	at ch.qos.logback.classic.PatternLayout.doLayout(PatternLayout.java:41)
	at ch.qos.logback.core.encoder.LayoutWrappingEncoder.encode(LayoutWrappingEncoder.java:114)
	at de.tum.cit.aet.artemis.core.util.junit_parallel_logging.ParallelConsoleAppender.append(ParallelConsoleAppender.java:44)
	at de.tum.cit.aet.artemis.core.util.junit_parallel_logging.ParallelConsoleAppender.append(ParallelConsoleAppender.java:26)
	at ch.qos.logback.core.AppenderBase.doAppend(AppenderBase.java:85)
	at ch.qos.logback.core.spi.AppenderAttachableImpl.appendLoopOnAppenders(AppenderAttachableImpl.java:51)
	at ch.qos.logback.classic.Logger.appendLoopOnAppenders(Logger.java:272)
	at ch.qos.logback.classic.Logger.callAppenders(Logger.java:259)
	at ch.qos.logback.classic.Logger.buildLoggingEventAndAppend(Logger.java:426)
	at ch.qos.logback.classic.Logger.filterAndLog_0_Or3Plus(Logger.java:386)
	at ch.qos.logback.classic.Logger.debug(Logger.java:499)
	at de.tum.cit.aet.artemis.programming.service.ProgrammingMessagingService.notifyUserAboutNewResult(ProgrammingMessagingService.java:189)
	at java.base/java.lang.invoke.MethodHandle.invokeWithArguments(MethodHandle.java:733)
	at org.mockito.internal.util.reflection.InstrumentationMemberAccessor$Dispatcher$ByteBuddy$oog9jsgw.invokeWithArguments(Unknown Source)
	at org.mockito.internal.util.reflection.InstrumentationMemberAccessor.invoke(InstrumentationMemberAccessor.java:251)
	at org.mockito.internal.util.reflection.ModuleMemberAccessor.invoke(ModuleMemberAccessor.java:55)
	at org.mockito.internal.creation.bytebuddy.MockMethodAdvice.tryInvoke(MockMethodAdvice.java:314)
	at org.mockito.internal.creation.bytebuddy.MockMethodAdvice$RealMethodCall.invoke(MockMethodAdvice.java:234)
	at org.mockito.internal.invocation.InterceptedInvocation.callRealMethod(InterceptedInvocation.java:142)
	at org.mockito.internal.stubbing.answers.CallsRealMethods.answer(CallsRealMethods.java:45)
	at org.mockito.Answers.answer(Answers.java:90)
	at org.mockito.internal.handler.MockHandlerImpl.handle(MockHandlerImpl.java:111)
	at org.mockito.internal.handler.NullResultGuardian.handle(NullResultGuardian.java:29)
	at org.mockito.internal.handler.InvocationNotifierHandler.handle(InvocationNotifierHandler.java:34)
	at org.mockito.internal.creation.bytebuddy.MockMethodInterceptor.doIntercept(MockMethodInterceptor.java:82)
	at org.mockito.internal.creation.bytebuddy.MockMethodAdvice.handle(MockMethodAdvice.java:134)
	at de.tum.cit.aet.artemis.programming.service.ProgrammingMessagingService.notifyUserAboutNewResult(ProgrammingMessagingService.java:189)
	at de.tum.cit.aet.artemis.programming.service.ProgrammingExerciseCodeReviewFeedbackService.generateAutomaticNonGradedFeedback(ProgrammingExerciseCodeReviewFeedbackService.java:177)
	at de.tum.cit.aet.artemis.programming.service.ProgrammingExerciseCodeReviewFeedbackService.lambda$handleNonGradedFeedbackRequest$0(ProgrammingExerciseCodeReviewFeedbackService.java:90)
	at java.base/java.util.concurrent.CompletableFuture$AsyncRun.run(CompletableFuture.java:1804)
	at java.base/java.util.concurrent.CompletableFuture$AsyncRun.exec(CompletableFuture.java:1796)
	at java.base/java.util.concurrent.ForkJoinTask.doExec(ForkJoinTask.java:387)
	at java.base/java.util.concurrent.ForkJoinPool$WorkQueue.topLevelExec(ForkJoinPool.java:1312)
	at java.base/java.util.concurrent.ForkJoinPool.scan(ForkJoinPool.java:1843)
	at java.base/java.util.concurrent.ForkJoinPool.runWorker(ForkJoinPool.java:1808)
	at java.base/java.util.concurrent.ForkJoinWorkerThread.run(ForkJoinWorkerThread.java:188)
SLF4J(E): Failed toString() invocation on an object of type [de.tum.cit.aet.artemis.exercise.domain.Submission$HibernateProxy$QBVZEqX6]
SLF4J(E): Reported exception:
org.hibernate.LazyInitializationException: could not initialize proxy [de.tum.cit.aet.artemis.exercise.domain.Submission#1786] - no Session
	at org.hibernate.proxy.AbstractLazyInitializer.initialize(AbstractLazyInitializer.java:165)
	at org.hibernate.proxy.AbstractLazyInitializer.getImplementation(AbstractLazyInitializer.java:314)
	at org.hibernate.proxy.pojo.bytebuddy.ByteBuddyInterceptor.intercept(ByteBuddyInterceptor.java:44)
	at org.hibernate.proxy.ProxyConfiguration$InterceptorDispatcher.intercept(ProxyConfiguration.java:102)
	at de.tum.cit.aet.artemis.exercise.domain.Submission$HibernateProxy$QBVZEqX6.toString(Unknown Source)
	at org.slf4j.helpers.MessageFormatter.safeObjectAppend(MessageFormatter.java:291)
	at org.slf4j.helpers.MessageFormatter.deeplyAppendParameter(MessageFormatter.java:263)
	at org.slf4j.helpers.MessageFormatter.arrayFormat(MessageFormatter.java:225)
	at org.slf4j.helpers.MessageFormatter.arrayFormat(MessageFormatter.java:160)
	at ch.qos.logback.classic.spi.LoggingEvent.getFormattedMessage(LoggingEvent.java:440)
	at ch.qos.logback.classic.pattern.MessageConverter.convert(MessageConverter.java:26)
	at ch.qos.logback.classic.pattern.MessageConverter.convert(MessageConverter.java:23)
	at ch.qos.logback.core.pattern.FormattingConverter.write(FormattingConverter.java:36)
	at ch.qos.logback.core.pattern.PatternLayoutBase.writeLoopOnConverters(PatternLayoutBase.java:174)
	at ch.qos.logback.classic.PatternLayout.doLayout(PatternLayout.java:200)
	at ch.qos.logback.classic.PatternLayout.doLayout(PatternLayout.java:41)
	at ch.qos.logback.core.encoder.LayoutWrappingEncoder.encode(LayoutWrappingEncoder.java:114)
	at de.tum.cit.aet.artemis.core.util.junit_parallel_logging.ParallelConsoleAppender.append(ParallelConsoleAppender.java:44)
	at de.tum.cit.aet.artemis.core.util.junit_parallel_logging.ParallelConsoleAppender.append(ParallelConsoleAppender.java:26)
	at ch.qos.logback.core.AppenderBase.doAppend(AppenderBase.java:85)
	at ch.qos.logback.core.spi.AppenderAttachableImpl.appendLoopOnAppenders(AppenderAttachableImpl.java:51)
	at ch.qos.logback.classic.Logger.appendLoopOnAppenders(Logger.java:272)
	at ch.qos.logback.classic.Logger.callAppenders(Logger.java:259)
	at ch.qos.logback.classic.Logger.buildLoggingEventAndAppend(Logger.java:426)
	at ch.qos.logback.classic.Logger.filterAndLog_0_Or3Plus(Logger.java:386)
	at ch.qos.logback.classic.Logger.debug(Logger.java:499)
	at de.tum.cit.aet.artemis.programming.service.ProgrammingMessagingService.notifyUserAboutNewResult(ProgrammingMessagingService.java:189)
	at java.base/java.lang.invoke.MethodHandle.invokeWithArguments(MethodHandle.java:733)
	at org.mockito.internal.util.reflection.InstrumentationMemberAccessor$Dispatcher$ByteBuddy$oog9jsgw.invokeWithArguments(Unknown Source)
	at org.mockito.internal.util.reflection.InstrumentationMemberAccessor.invoke(InstrumentationMemberAccessor.java:251)
	at org.mockito.internal.util.reflection.ModuleMemberAccessor.invoke(ModuleMemberAccessor.java:55)
	at org.mockito.internal.creation.bytebuddy.MockMethodAdvice.tryInvoke(MockMethodAdvice.java:314)
	at org.mockito.internal.creation.bytebuddy.MockMethodAdvice$RealMethodCall.invoke(MockMethodAdvice.java:234)
	at org.mockito.internal.invocation.InterceptedInvocation.callRealMethod(InterceptedInvocation.java:142)
	at org.mockito.internal.stubbing.answers.CallsRealMethods.answer(CallsRealMethods.java:45)
	at org.mockito.Answers.answer(Answers.java:90)
	at org.mockito.internal.handler.MockHandlerImpl.handle(MockHandlerImpl.java:111)
	at org.mockito.internal.handler.NullResultGuardian.handle(NullResultGuardian.java:29)
	at org.mockito.internal.handler.InvocationNotifierHandler.handle(InvocationNotifierHandler.java:34)
	at org.mockito.internal.creation.bytebuddy.MockMethodInterceptor.doIntercept(MockMethodInterceptor.java:82)
	at org.mockito.internal.creation.bytebuddy.MockMethodAdvice.handle(MockMethodAdvice.java:134)
	at de.tum.cit.aet.artemis.programming.service.ProgrammingMessagingService.notifyUserAboutNewResult(ProgrammingMessagingService.java:189)
	at de.tum.cit.aet.artemis.programming.service.ProgrammingExerciseCodeReviewFeedbackService.generateAutomaticNonGradedFeedback(ProgrammingExerciseCodeReviewFeedbackService.java:130)
	at de.tum.cit.aet.artemis.programming.service.ProgrammingExerciseCodeReviewFeedbackService.lambda$handleNonGradedFeedbackRequest$0(ProgrammingExerciseCodeReviewFeedbackService.java:90)
	at java.base/java.util.concurrent.CompletableFuture$AsyncRun.run(CompletableFuture.java:1804)
	at java.base/java.util.concurrent.CompletableFuture$AsyncRun.exec(CompletableFuture.java:1796)
	at java.base/java.util.concurrent.ForkJoinTask.doExec(ForkJoinTask.java:387)
	at java.base/java.util.concurrent.ForkJoinPool$WorkQueue.topLevelExec(ForkJoinPool.java:1312)
	at java.base/java.util.concurrent.ForkJoinPool.scan(ForkJoinPool.java:1843)
	at java.base/java.util.concurrent.ForkJoinPool.runWorker(ForkJoinPool.java:1808)
	at java.base/java.util.concurrent.ForkJoinWorkerThread.run(ForkJoinWorkerThread.java:188)
SLF4J(E): Failed toString() invocation on an object of type [de.tum.cit.aet.artemis.exercise.domain.Submission$HibernateProxy$QBVZEqX6]
SLF4J(E): Reported exception:
org.hibernate.LazyInitializationException: could not initialize proxy [de.tum.cit.aet.artemis.exercise.domain.Submission#1786] - no Session
	at org.hibernate.proxy.AbstractLazyInitializer.initialize(AbstractLazyInitializer.java:165)
	at org.hibernate.proxy.AbstractLazyInitializer.getImplementation(AbstractLazyInitializer.java:314)
	at org.hibernate.proxy.pojo.bytebuddy.ByteBuddyInterceptor.intercept(ByteBuddyInterceptor.java:44)
	at org.hibernate.proxy.ProxyConfiguration$InterceptorDispatcher.intercept(ProxyConfiguration.java:102)
	at de.tum.cit.aet.artemis.exercise.domain.Submission$HibernateProxy$QBVZEqX6.toString(Unknown Source)
	at org.slf4j.helpers.MessageFormatter.safeObjectAppend(MessageFormatter.java:291)
	at org.slf4j.helpers.MessageFormatter.deeplyAppendParameter(MessageFormatter.java:263)
	at org.slf4j.helpers.MessageFormatter.arrayFormat(MessageFormatter.java:225)
	at org.slf4j.helpers.MessageFormatter.arrayFormat(MessageFormatter.java:160)
	at ch.qos.logback.classic.spi.LoggingEvent.getFormattedMessage(LoggingEvent.java:440)
	at ch.qos.logback.classic.pattern.MessageConverter.convert(MessageConverter.java:26)
	at ch.qos.logback.classic.pattern.MessageConverter.convert(MessageConverter.java:23)
	at ch.qos.logback.core.pattern.FormattingConverter.write(FormattingConverter.java:36)
	at ch.qos.logback.core.pattern.PatternLayoutBase.writeLoopOnConverters(PatternLayoutBase.java:174)
	at ch.qos.logback.classic.PatternLayout.doLayout(PatternLayout.java:200)
	at ch.qos.logback.classic.PatternLayout.doLayout(PatternLayout.java:41)
	at ch.qos.logback.core.encoder.LayoutWrappingEncoder.encode(LayoutWrappingEncoder.java:114)
	at de.tum.cit.aet.artemis.core.util.junit_parallel_logging.ParallelConsoleAppender.append(ParallelConsoleAppender.java:44)
	at de.tum.cit.aet.artemis.core.util.junit_parallel_logging.ParallelConsoleAppender.append(ParallelConsoleAppender.java:26)
	at ch.qos.logback.core.AppenderBase.doAppend(AppenderBase.java:85)
	at ch.qos.logback.core.spi.AppenderAttachableImpl.appendLoopOnAppenders(AppenderAttachableImpl.java:51)
	at ch.qos.logback.classic.Logger.appendLoopOnAppenders(Logger.java:272)
	at ch.qos.logback.classic.Logger.callAppenders(Logger.java:259)
	at ch.qos.logback.classic.Logger.buildLoggingEventAndAppend(Logger.java:426)
	at ch.qos.logback.classic.Logger.filterAndLog_0_Or3Plus(Logger.java:386)
	at ch.qos.logback.classic.Logger.debug(Logger.java:499)
	at de.tum.cit.aet.artemis.programming.service.ProgrammingMessagingService.notifyUserAboutNewResult(ProgrammingMessagingService.java:189)
	at java.base/java.lang.invoke.MethodHandle.invokeWithArguments(MethodHandle.java:733)
	at org.mockito.internal.util.reflection.InstrumentationMemberAccessor$Dispatcher$ByteBuddy$oog9jsgw.invokeWithArguments(Unknown Source)
	at org.mockito.internal.util.reflection.InstrumentationMemberAccessor.invoke(InstrumentationMemberAccessor.java:251)
	at org.mockito.internal.util.reflection.ModuleMemberAccessor.invoke(ModuleMemberAccessor.java:55)
	at org.mockito.internal.creation.bytebuddy.MockMethodAdvice.tryInvoke(MockMethodAdvice.java:314)
	at org.mockito.internal.creation.bytebuddy.MockMethodAdvice$RealMethodCall.invoke(MockMethodAdvice.java:234)
	at org.mockito.internal.invocation.InterceptedInvocation.callRealMethod(InterceptedInvocation.java:142)
	at org.mockito.internal.stubbing.answers.CallsRealMethods.answer(CallsRealMethods.java:45)
	at org.mockito.Answers.answer(Answers.java:90)
	at org.mockito.internal.handler.MockHandlerImpl.handle(MockHandlerImpl.java:111)
	at org.mockito.internal.handler.NullResultGuardian.handle(NullResultGuardian.java:29)
	at org.mockito.internal.handler.InvocationNotifierHandler.handle(InvocationNotifierHandler.java:34)
	at org.mockito.internal.creation.bytebuddy.MockMethodInterceptor.doIntercept(MockMethodInterceptor.java:82)
	at org.mockito.internal.creation.bytebuddy.MockMethodAdvice.handle(MockMethodAdvice.java:134)
	at de.tum.cit.aet.artemis.programming.service.ProgrammingMessagingService.notifyUserAboutNewResult(ProgrammingMessagingService.java:189)
	at de.tum.cit.aet.artemis.programming.service.ProgrammingExerciseCodeReviewFeedbackService.generateAutomaticNonGradedFeedback(ProgrammingExerciseCodeReviewFeedbackService.java:170)
	at de.tum.cit.aet.artemis.programming.service.ProgrammingExerciseCodeReviewFeedbackService.lambda$handleNonGradedFeedbackRequest$0(ProgrammingExerciseCodeReviewFeedbackService.java:90)
	at java.base/java.util.concurrent.CompletableFuture$AsyncRun.run(CompletableFuture.java:1804)
	at java.base/java.util.concurrent.CompletableFuture$AsyncRun.exec(CompletableFuture.java:1796)
	at java.base/java.util.concurrent.ForkJoinTask.doExec(ForkJoinTask.java:387)
	at java.base/java.util.concurrent.ForkJoinPool$WorkQueue.topLevelExec(ForkJoinPool.java:1312)
	at java.base/java.util.concurrent.ForkJoinPool.scan(ForkJoinPool.java:1843)
	at java.base/java.util.concurrent.ForkJoinPool.runWorker(ForkJoinPool.java:1808)
	at java.base/java.util.concurrent.ForkJoinWorkerThread.run(ForkJoinWorkerThread.java:188)
]]></system-err>
</testsuite>
