<?xml version="1.0" encoding="UTF-8"?>
<testsuite name="de.tum.cit.aet.artemis.exam.QuizPoolIntegrationTest" tests="9" skipped="0" failures="0" errors="0" timestamp="2025-02-14T23:45:42" hostname="fv-az1721-502" time="0.559">
  <properties/>
  <testcase name="testGetQuizPoolSuccessful()" classname="de.tum.cit.aet.artemis.exam.QuizPoolIntegrationTest" time="0.123"/>
  <testcase name="testUpdateQuizPoolBadRequestInvalidMCQuestion()" classname="de.tum.cit.aet.artemis.exam.QuizPoolIntegrationTest" time="0.043"/>
  <testcase name="testUpdateQuizPoolNotFoundCourse()" classname="de.tum.cit.aet.artemis.exam.QuizPoolIntegrationTest" time="0.041"/>
  <testcase name="testUpdateQuizPoolSuccessful()" classname="de.tum.cit.aet.artemis.exam.QuizPoolIntegrationTest" time="0.145"/>
  <testcase name="testUpdateQuizPoolBadRequestInvalidDnDQuestion()" classname="de.tum.cit.aet.artemis.exam.QuizPoolIntegrationTest" time="0.035"/>
  <testcase name="testGetQuizPoolNotFound()" classname="de.tum.cit.aet.artemis.exam.QuizPoolIntegrationTest" time="0.034"/>
  <testcase name="testUpdateQuizPoolBadRequestInvalidSAQuestion()" classname="de.tum.cit.aet.artemis.exam.QuizPoolIntegrationTest" time="0.031"/>
  <testcase name="testUpdateQuizPoolNotFoundExam()" classname="de.tum.cit.aet.artemis.exam.QuizPoolIntegrationTest" time="0.033"/>
  <testcase name="testCreateQuizPoolSuccessful()" classname="de.tum.cit.aet.artemis.exam.QuizPoolIntegrationTest" time="0.063"/>
  <system-out><![CDATA[
Starting logs for QuizPoolIntegrationTest

  Starting logs for QuizPoolIntegrationTest > testGetQuizPoolSuccessful()
    23:45:42.999 | 369 ool-1-worker-133 | DEBUG | d.t.c.a.a.c.u.util.UserUtilService   : Generate 0 students...
    23:45:43.005 | 369 ool-1-worker-133 | DEBUG | d.t.c.a.a.c.u.util.UserUtilService   : 0 students generated. Generate 0 tutors...
    23:45:43.006 | 369 ool-1-worker-133 | DEBUG | d.t.c.a.a.c.u.util.UserUtilService   : 0 tutors generated. Generate 0 editors...
    23:45:43.007 | 369 ool-1-worker-133 | DEBUG | d.t.c.a.a.c.u.util.UserUtilService   : 0 editors generated. Generate 1 instructors...
    23:45:43.011 | 369 ool-1-worker-133 | DEBUG | d.t.c.a.a.c.u.util.UserUtilService   : 1 instructors generated
    23:45:43.013 | 369 ool-1-worker-133 | DEBUG | d.t.c.a.a.c.u.util.UserUtilService   : Removing 3 users from all courses...
    23:45:43.014 | 369 ool-1-worker-133 | DEBUG | d.t.c.a.a.c.u.util.UserUtilService   : Removing 3 users from all courses. Done
    23:45:43.014 | 369 ool-1-worker-133 | DEBUG | d.t.c.a.a.c.u.util.UserUtilService   : Save 1 users to database...
    23:45:43.018 | 369 ool-1-worker-133 | DEBUG | d.t.c.a.a.c.u.util.UserUtilService   : Save 1 users to database. Done
    23:45:43.024 | 369 ool-1-worker-133 | DEBUG | d.t.c.a.a.q.service.QuizPoolService  : Save quiz pool to database: de.tum.cit.aet.artemis.quiz.domain.QuizPool@0
    23:45:43.028 | 369 ool-1-worker-133 | INFO  | i.z.t.d.l.EmbeddedDatabaseReporter   : JDBC URL to connect to 'dataSource': url='jdbc:h2:tcp://localhost:41063/mem:df70fc46-7e57-4cb5-9cd0-c1d90c14afa7;USER=sa', scope='QuizPoolIntegrationTest#testGetQuizPoolSuccessful'
    23:45:43.034 | 369 ool-1-worker-133 | DEBUG | d.t.c.a.a.q.service.QuizPoolService  : Save quiz pool to database: de.tum.cit.aet.artemis.quiz.domain.QuizPool@1
    23:45:43.067 | 369 ool-1-worker-133 | DEBUG | d.t.c.a.a.c.s.f.ApiVersionFilter     : Adding Version to Request GET /api/courses/1562/exams/187/quiz-pools
    23:45:43.071 | 369 ool-1-worker-133 | INFO  | d.t.c.a.a.quiz.web.QuizPoolResource  : REST request to get QuizPool given examId : 187

  Starting logs for QuizPoolIntegrationTest > testUpdateQuizPoolBadRequestInvalidMCQuestion()
    23:45:43.124 | 369 ool-1-worker-133 | DEBUG | d.t.c.a.a.c.u.util.UserUtilService   : Generate 0 students...
    23:45:43.125 | 369 ool-1-worker-133 | DEBUG | d.t.c.a.a.c.u.util.UserUtilService   : 0 students generated. Generate 0 tutors...
    23:45:43.127 | 369 ool-1-worker-133 | DEBUG | d.t.c.a.a.c.u.util.UserUtilService   : 0 tutors generated. Generate 0 editors...
    23:45:43.128 | 369 ool-1-worker-133 | DEBUG | d.t.c.a.a.c.u.util.UserUtilService   : 0 editors generated. Generate 1 instructors...
    23:45:43.131 | 369 ool-1-worker-133 | DEBUG | d.t.c.a.a.c.u.util.UserUtilService   : 1 instructors generated
    23:45:43.132 | 369 ool-1-worker-133 | DEBUG | d.t.c.a.a.c.u.util.UserUtilService   : Removing 1 users from all courses...
    23:45:43.133 | 369 ool-1-worker-133 | DEBUG | d.t.c.a.a.c.u.util.UserUtilService   : Removing 1 users from all courses. Done
    23:45:43.133 | 369 ool-1-worker-133 | DEBUG | d.t.c.a.a.c.u.util.UserUtilService   : Save 1 users to database...
    23:45:43.136 | 369 ool-1-worker-133 | DEBUG | d.t.c.a.a.c.u.util.UserUtilService   : Save 1 users to database. Done
    23:45:43.139 | 369 ool-1-worker-133 | DEBUG | d.t.c.a.a.q.service.QuizPoolService  : Save quiz pool to database: de.tum.cit.aet.artemis.quiz.domain.QuizPool@0
    23:45:43.140 | 369 ool-1-worker-133 | INFO  | i.z.t.d.l.EmbeddedDatabaseReporter   : JDBC URL to connect to 'dataSource': url='jdbc:h2:tcp://localhost:41063/mem:df70fc46-7e57-4cb5-9cd0-c1d90c14afa7;USER=sa', scope='QuizPoolIntegrationTest#testUpdateQuizPoolBadRequestInvalidMCQuestion'
    23:45:43.142 | 369 ool-1-worker-133 | DEBUG | d.t.c.a.a.c.s.f.ApiVersionFilter     : Adding Version to Request PUT /api/courses/1563/exams/188/quiz-pools
    23:45:43.144 | 369 ool-1-worker-133 | INFO  | d.t.c.a.a.quiz.web.QuizPoolResource  : REST request to update QuizPool : de.tum.cit.aet.artemis.quiz.domain.QuizPool@2
    23:45:43.146 | 369 ool-1-worker-133 | ERROR | tech.jhipster.web.util.HeaderUtil    : Entity processing failed, The quiz pool is invalid
    23:45:43.146 | 369 ool-1-worker-133 | WARN  | o.z.p.spring.common.AdviceTraits     : Bad Request: The quiz pool is invalid

  Starting logs for QuizPoolIntegrationTest > testUpdateQuizPoolNotFoundCourse()
    23:45:43.164 | 369 ool-1-worker-133 | DEBUG | d.t.c.a.a.c.u.util.UserUtilService   : Generate 0 students...
    23:45:43.166 | 369 ool-1-worker-133 | DEBUG | d.t.c.a.a.c.u.util.UserUtilService   : 0 students generated. Generate 0 tutors...
    23:45:43.167 | 369 ool-1-worker-133 | DEBUG | d.t.c.a.a.c.u.util.UserUtilService   : 0 tutors generated. Generate 0 editors...
    23:45:43.168 | 369 ool-1-worker-133 | DEBUG | d.t.c.a.a.c.u.util.UserUtilService   : 0 editors generated. Generate 1 instructors...
    23:45:43.176 | 369 ool-1-worker-133 | DEBUG | d.t.c.a.a.c.u.util.UserUtilService   : 1 instructors generated
    23:45:43.177 | 369 ool-1-worker-133 | DEBUG | d.t.c.a.a.c.u.util.UserUtilService   : Removing 1 users from all courses...
    23:45:43.178 | 369 ool-1-worker-133 | DEBUG | d.t.c.a.a.c.u.util.UserUtilService   : Removing 1 users from all courses. Done
    23:45:43.178 | 369 ool-1-worker-133 | DEBUG | d.t.c.a.a.c.u.util.UserUtilService   : Save 1 users to database...
    23:45:43.180 | 369 ool-1-worker-133 | DEBUG | d.t.c.a.a.c.u.util.UserUtilService   : Save 1 users to database. Done
    23:45:43.184 | 369 ool-1-worker-133 | DEBUG | d.t.c.a.a.q.service.QuizPoolService  : Save quiz pool to database: de.tum.cit.aet.artemis.quiz.domain.QuizPool@0
    23:45:43.185 | 369 ool-1-worker-133 | INFO  | i.z.t.d.l.EmbeddedDatabaseReporter   : JDBC URL to connect to 'dataSource': url='jdbc:h2:tcp://localhost:41063/mem:df70fc46-7e57-4cb5-9cd0-c1d90c14afa7;USER=sa', scope='QuizPoolIntegrationTest#testUpdateQuizPoolNotFoundCourse'
    23:45:43.186 | 369 ool-1-worker-133 | DEBUG | d.t.c.a.a.c.s.f.ApiVersionFilter     : Adding Version to Request PUT /api/courses/0/exams/189/quiz-pools
    23:45:43.187 | 369 ool-1-worker-133 | INFO  | d.t.c.a.a.quiz.web.QuizPoolResource  : REST request to update QuizPool : de.tum.cit.aet.artemis.quiz.domain.QuizPool@3
    23:45:43.190 | 369 ool-1-worker-133 | WARN  | o.z.p.spring.common.AdviceTraits     : Not Found: Course with identifier: "0" does not exist

  Starting logs for QuizPoolIntegrationTest > testUpdateQuizPoolSuccessful()
    23:45:43.202 | 369 ool-1-worker-133 | DEBUG | d.t.c.a.a.c.u.util.UserUtilService   : Generate 0 students...
    23:45:43.204 | 369 ool-1-worker-133 | DEBUG | d.t.c.a.a.c.u.util.UserUtilService   : 0 students generated. Generate 0 tutors...
    23:45:43.205 | 369 ool-1-worker-133 | DEBUG | d.t.c.a.a.c.u.util.UserUtilService   : 0 tutors generated. Generate 0 editors...
    23:45:43.206 | 369 ool-1-worker-133 | DEBUG | d.t.c.a.a.c.u.util.UserUtilService   : 0 editors generated. Generate 1 instructors...
    23:45:43.209 | 369 ool-1-worker-133 | DEBUG | d.t.c.a.a.c.u.util.UserUtilService   : 1 instructors generated
    23:45:43.210 | 369 ool-1-worker-133 | DEBUG | d.t.c.a.a.c.u.util.UserUtilService   : Removing 1 users from all courses...
    23:45:43.211 | 369 ool-1-worker-133 | DEBUG | d.t.c.a.a.c.u.util.UserUtilService   : Removing 1 users from all courses. Done
    23:45:43.211 | 369 ool-1-worker-133 | DEBUG | d.t.c.a.a.c.u.util.UserUtilService   : Save 1 users to database...
    23:45:43.214 | 369 ool-1-worker-133 | DEBUG | d.t.c.a.a.c.u.util.UserUtilService   : Save 1 users to database. Done
    23:45:43.218 | 369 ool-1-worker-133 | DEBUG | d.t.c.a.a.q.service.QuizPoolService  : Save quiz pool to database: de.tum.cit.aet.artemis.quiz.domain.QuizPool@0
    23:45:43.219 | 369 ool-1-worker-133 | INFO  | i.z.t.d.l.EmbeddedDatabaseReporter   : JDBC URL to connect to 'dataSource': url='jdbc:h2:tcp://localhost:41063/mem:df70fc46-7e57-4cb5-9cd0-c1d90c14afa7;USER=sa', scope='QuizPoolIntegrationTest#testUpdateQuizPoolSuccessful'
    23:45:43.221 | 369 ool-1-worker-133 | DEBUG | d.t.c.a.a.c.s.f.ApiVersionFilter     : Adding Version to Request PUT /api/courses/1565/exams/190/quiz-pools
    23:45:43.223 | 369 ool-1-worker-133 | INFO  | d.t.c.a.a.quiz.web.QuizPoolResource  : REST request to update QuizPool : de.tum.cit.aet.artemis.quiz.domain.QuizPool@4
    23:45:43.227 | 369 ool-1-worker-133 | DEBUG | d.t.c.a.a.q.service.QuizPoolService  : Save quiz pool to database: de.tum.cit.aet.artemis.quiz.domain.QuizPool@4
    23:45:43.264 | 369 ool-1-worker-133 | DEBUG | d.t.c.a.a.c.s.f.ApiVersionFilter     : Adding Version to Request PUT /api/courses/1565/exams/190/quiz-pools
    23:45:43.265 | 369 ool-1-worker-133 | INFO  | d.t.c.a.a.quiz.web.QuizPoolResource  : REST request to update QuizPool : de.tum.cit.aet.artemis.quiz.domain.QuizPool@4
    23:45:43.275 | 369 ool-1-worker-133 | DEBUG | d.t.c.a.a.q.service.QuizPoolService  : Save quiz pool to database: de.tum.cit.aet.artemis.quiz.domain.QuizPool@4
    23:45:43.291 | 369 ool-1-worker-133 | WARN  | o.h.e.i.StatefulPersistenceContext   : HHH000179: Narrowing proxy to class de.tum.cit.aet.artemis.quiz.domain.MultipleChoiceQuestionStatistic - this operation breaks ==
    23:45:43.292 | 369 ool-1-worker-133 | WARN  | o.h.e.i.StatefulPersistenceContext   : HHH000179: Narrowing proxy to class de.tum.cit.aet.artemis.quiz.domain.MultipleChoiceQuestionStatistic - this operation breaks ==
    23:45:43.298 | 369 ool-1-worker-133 | WARN  | o.h.e.i.StatefulPersistenceContext   : HHH000179: Narrowing proxy to class de.tum.cit.aet.artemis.quiz.domain.DragAndDropQuestionStatistic - this operation breaks ==
    23:45:43.303 | 369 ool-1-worker-133 | WARN  | o.h.e.i.StatefulPersistenceContext   : HHH000179: Narrowing proxy to class de.tum.cit.aet.artemis.quiz.domain.DragAndDropQuestionStatistic - this operation breaks ==
    23:45:43.305 | 369 ool-1-worker-133 | WARN  | o.h.e.i.StatefulPersistenceContext   : HHH000179: Narrowing proxy to class de.tum.cit.aet.artemis.quiz.domain.ShortAnswerQuestionStatistic - this operation breaks ==
    23:45:43.315 | 369 ool-1-worker-133 | WARN  | d.t.c.a.artemis.quiz.domain.DragItem : Could not delete file with path dragItemImage2.png. Assume already deleted, DragAndDropQuestion 146 can be removed.
    23:45:43.315 | 369 ool-1-worker-133 | WARN  | d.t.c.a.artemis.quiz.domain.DragItem : Could not delete file with path dragItemImage4.png. Assume already deleted, DragAndDropQuestion 148 can be removed.
    23:45:43.316 | 369 ool-1-worker-133 | WARN  | d.t.c.a.artemis.quiz.domain.DragItem : Could not delete file with path dragItemImage2.png. Assume already deleted, DragAndDropQuestion 150 can be removed.
    23:45:43.316 | 369 ool-1-worker-133 | WARN  | d.t.c.a.artemis.quiz.domain.DragItem : Could not delete file with path dragItemImage4.png. Assume already deleted, DragAndDropQuestion 152 can be removed.

  Starting logs for QuizPoolIntegrationTest > testUpdateQuizPoolBadRequestInvalidDnDQuestion()
    23:45:43.350 | 369 ool-1-worker-133 | DEBUG | d.t.c.a.a.c.u.util.UserUtilService   : Generate 0 students...
    23:45:43.351 | 369 ool-1-worker-133 | DEBUG | d.t.c.a.a.c.u.util.UserUtilService   : 0 students generated. Generate 0 tutors...
    23:45:43.353 | 369 ool-1-worker-133 | DEBUG | d.t.c.a.a.c.u.util.UserUtilService   : 0 tutors generated. Generate 0 editors...
    23:45:43.354 | 369 ool-1-worker-133 | DEBUG | d.t.c.a.a.c.u.util.UserUtilService   : 0 editors generated. Generate 1 instructors...
    23:45:43.357 | 369 ool-1-worker-133 | DEBUG | d.t.c.a.a.c.u.util.UserUtilService   : 1 instructors generated
    23:45:43.358 | 369 ool-1-worker-133 | DEBUG | d.t.c.a.a.c.u.util.UserUtilService   : Removing 1 users from all courses...
    23:45:43.359 | 369 ool-1-worker-133 | DEBUG | d.t.c.a.a.c.u.util.UserUtilService   : Removing 1 users from all courses. Done
    23:45:43.359 | 369 ool-1-worker-133 | DEBUG | d.t.c.a.a.c.u.util.UserUtilService   : Save 1 users to database...
    23:45:43.361 | 369 ool-1-worker-133 | DEBUG | d.t.c.a.a.c.u.util.UserUtilService   : Save 1 users to database. Done
    23:45:43.364 | 369 ool-1-worker-133 | DEBUG | d.t.c.a.a.q.service.QuizPoolService  : Save quiz pool to database: de.tum.cit.aet.artemis.quiz.domain.QuizPool@0
    23:45:43.366 | 369 ool-1-worker-133 | INFO  | i.z.t.d.l.EmbeddedDatabaseReporter   : JDBC URL to connect to 'dataSource': url='jdbc:h2:tcp://localhost:41063/mem:df70fc46-7e57-4cb5-9cd0-c1d90c14afa7;USER=sa', scope='QuizPoolIntegrationTest#testUpdateQuizPoolBadRequestInvalidDnDQuestion'
    23:45:43.367 | 369 ool-1-worker-133 | DEBUG | d.t.c.a.a.c.s.f.ApiVersionFilter     : Adding Version to Request PUT /api/courses/1566/exams/191/quiz-pools
    23:45:43.368 | 369 ool-1-worker-133 | INFO  | d.t.c.a.a.quiz.web.QuizPoolResource  : REST request to update QuizPool : de.tum.cit.aet.artemis.quiz.domain.QuizPool@5
    23:45:43.371 | 369 ool-1-worker-133 | ERROR | tech.jhipster.web.util.HeaderUtil    : Entity processing failed, The quiz pool is invalid
    23:45:43.371 | 369 ool-1-worker-133 | WARN  | o.z.p.spring.common.AdviceTraits     : Bad Request: The quiz pool is invalid

  Starting logs for QuizPoolIntegrationTest > testGetQuizPoolNotFound()
    23:45:43.387 | 369 ool-1-worker-133 | DEBUG | d.t.c.a.a.c.u.util.UserUtilService   : Generate 0 students...
    23:45:43.388 | 369 ool-1-worker-133 | DEBUG | d.t.c.a.a.c.u.util.UserUtilService   : 0 students generated. Generate 0 tutors...
    23:45:43.389 | 369 ool-1-worker-133 | DEBUG | d.t.c.a.a.c.u.util.UserUtilService   : 0 tutors generated. Generate 0 editors...
    23:45:43.391 | 369 ool-1-worker-133 | DEBUG | d.t.c.a.a.c.u.util.UserUtilService   : 0 editors generated. Generate 1 instructors...
    23:45:43.394 | 369 ool-1-worker-133 | DEBUG | d.t.c.a.a.c.u.util.UserUtilService   : 1 instructors generated
    23:45:43.395 | 369 ool-1-worker-133 | DEBUG | d.t.c.a.a.c.u.util.UserUtilService   : Removing 1 users from all courses...
    23:45:43.396 | 369 ool-1-worker-133 | DEBUG | d.t.c.a.a.c.u.util.UserUtilService   : Removing 1 users from all courses. Done
    23:45:43.396 | 369 ool-1-worker-133 | DEBUG | d.t.c.a.a.c.u.util.UserUtilService   : Save 1 users to database...
    23:45:43.397 | 369 ool-1-worker-133 | DEBUG | d.t.c.a.a.c.u.util.UserUtilService   : Save 1 users to database. Done
    23:45:43.401 | 369 ool-1-worker-133 | DEBUG | d.t.c.a.a.q.service.QuizPoolService  : Save quiz pool to database: de.tum.cit.aet.artemis.quiz.domain.QuizPool@0
    23:45:43.402 | 369 ool-1-worker-133 | INFO  | i.z.t.d.l.EmbeddedDatabaseReporter   : JDBC URL to connect to 'dataSource': url='jdbc:h2:tcp://localhost:41063/mem:df70fc46-7e57-4cb5-9cd0-c1d90c14afa7;USER=sa', scope='QuizPoolIntegrationTest#testGetQuizPoolNotFound'
    23:45:43.404 | 369 ool-1-worker-133 | DEBUG | d.t.c.a.a.c.s.f.ApiVersionFilter     : Adding Version to Request GET /api/courses/1567/exams/193/quiz-pools
    23:45:43.405 | 369 ool-1-worker-133 | INFO  | d.t.c.a.a.quiz.web.QuizPoolResource  : REST request to get QuizPool given examId : 193

  Starting logs for QuizPoolIntegrationTest > testUpdateQuizPoolBadRequestInvalidSAQuestion()
    23:45:43.421 | 369 ool-1-worker-133 | DEBUG | d.t.c.a.a.c.u.util.UserUtilService   : Generate 0 students...
    23:45:43.422 | 369 ool-1-worker-133 | DEBUG | d.t.c.a.a.c.u.util.UserUtilService   : 0 students generated. Generate 0 tutors...
    23:45:43.423 | 369 ool-1-worker-133 | DEBUG | d.t.c.a.a.c.u.util.UserUtilService   : 0 tutors generated. Generate 0 editors...
    23:45:43.425 | 369 ool-1-worker-133 | DEBUG | d.t.c.a.a.c.u.util.UserUtilService   : 0 editors generated. Generate 1 instructors...
    23:45:43.427 | 369 ool-1-worker-133 | DEBUG | d.t.c.a.a.c.u.util.UserUtilService   : 1 instructors generated
    23:45:43.429 | 369 ool-1-worker-133 | DEBUG | d.t.c.a.a.c.u.util.UserUtilService   : Removing 1 users from all courses...
    23:45:43.429 | 369 ool-1-worker-133 | DEBUG | d.t.c.a.a.c.u.util.UserUtilService   : Removing 1 users from all courses. Done
    23:45:43.429 | 369 ool-1-worker-133 | DEBUG | d.t.c.a.a.c.u.util.UserUtilService   : Save 1 users to database...
    23:45:43.431 | 369 ool-1-worker-133 | DEBUG | d.t.c.a.a.c.u.util.UserUtilService   : Save 1 users to database. Done
    23:45:43.434 | 369 ool-1-worker-133 | DEBUG | d.t.c.a.a.q.service.QuizPoolService  : Save quiz pool to database: de.tum.cit.aet.artemis.quiz.domain.QuizPool@0
    23:45:43.435 | 369 ool-1-worker-133 | INFO  | i.z.t.d.l.EmbeddedDatabaseReporter   : JDBC URL to connect to 'dataSource': url='jdbc:h2:tcp://localhost:41063/mem:df70fc46-7e57-4cb5-9cd0-c1d90c14afa7;USER=sa', scope='QuizPoolIntegrationTest#testUpdateQuizPoolBadRequestInvalidSAQuestion'
    23:45:43.436 | 369 ool-1-worker-133 | DEBUG | d.t.c.a.a.c.s.f.ApiVersionFilter     : Adding Version to Request PUT /api/courses/1568/exams/194/quiz-pools
    23:45:43.437 | 369 ool-1-worker-133 | INFO  | d.t.c.a.a.quiz.web.QuizPoolResource  : REST request to update QuizPool : de.tum.cit.aet.artemis.quiz.domain.QuizPool@7
    23:45:43.440 | 369 ool-1-worker-133 | ERROR | tech.jhipster.web.util.HeaderUtil    : Entity processing failed, The quiz pool is invalid
    23:45:43.440 | 369 ool-1-worker-133 | WARN  | o.z.p.spring.common.AdviceTraits     : Bad Request: The quiz pool is invalid

  Starting logs for QuizPoolIntegrationTest > testUpdateQuizPoolNotFoundExam()
    23:45:43.453 | 369 ool-1-worker-133 | DEBUG | d.t.c.a.a.c.u.util.UserUtilService   : Generate 0 students...
    23:45:43.454 | 369 ool-1-worker-133 | DEBUG | d.t.c.a.a.c.u.util.UserUtilService   : 0 students generated. Generate 0 tutors...
    23:45:43.456 | 369 ool-1-worker-133 | DEBUG | d.t.c.a.a.c.u.util.UserUtilService   : 0 tutors generated. Generate 0 editors...
    23:45:43.457 | 369 ool-1-worker-133 | DEBUG | d.t.c.a.a.c.u.util.UserUtilService   : 0 editors generated. Generate 1 instructors...
    23:45:43.459 | 369 ool-1-worker-133 | DEBUG | d.t.c.a.a.c.u.util.UserUtilService   : 1 instructors generated
    23:45:43.461 | 369 ool-1-worker-133 | DEBUG | d.t.c.a.a.c.u.util.UserUtilService   : Removing 1 users from all courses...
    23:45:43.461 | 369 ool-1-worker-133 | DEBUG | d.t.c.a.a.c.u.util.UserUtilService   : Removing 1 users from all courses. Done
    23:45:43.461 | 369 ool-1-worker-133 | DEBUG | d.t.c.a.a.c.u.util.UserUtilService   : Save 1 users to database...
    23:45:43.463 | 369 ool-1-worker-133 | DEBUG | d.t.c.a.a.c.u.util.UserUtilService   : Save 1 users to database. Done
    23:45:43.466 | 369 ool-1-worker-133 | DEBUG | d.t.c.a.a.q.service.QuizPoolService  : Save quiz pool to database: de.tum.cit.aet.artemis.quiz.domain.QuizPool@0
    23:45:43.467 | 369 ool-1-worker-133 | INFO  | i.z.t.d.l.EmbeddedDatabaseReporter   : JDBC URL to connect to 'dataSource': url='jdbc:h2:tcp://localhost:41063/mem:df70fc46-7e57-4cb5-9cd0-c1d90c14afa7;USER=sa', scope='QuizPoolIntegrationTest#testUpdateQuizPoolNotFoundExam'
    23:45:43.469 | 369 ool-1-worker-133 | DEBUG | d.t.c.a.a.c.s.f.ApiVersionFilter     : Adding Version to Request PUT /api/courses/1569/exams/0/quiz-pools
    23:45:43.470 | 369 ool-1-worker-133 | INFO  | d.t.c.a.a.quiz.web.QuizPoolResource  : REST request to update QuizPool : de.tum.cit.aet.artemis.quiz.domain.QuizPool@8
    23:45:43.474 | 369 ool-1-worker-133 | WARN  | o.z.p.spring.common.AdviceTraits     : Not Found: Exam with identifier: "0" does not exist

  Starting logs for QuizPoolIntegrationTest > testCreateQuizPoolSuccessful()
    23:45:43.487 | 369 ool-1-worker-133 | DEBUG | d.t.c.a.a.c.u.util.UserUtilService   : Generate 0 students...
    23:45:43.489 | 369 ool-1-worker-133 | DEBUG | d.t.c.a.a.c.u.util.UserUtilService   : 0 students generated. Generate 0 tutors...
    23:45:43.490 | 369 ool-1-worker-133 | DEBUG | d.t.c.a.a.c.u.util.UserUtilService   : 0 tutors generated. Generate 0 editors...
    23:45:43.491 | 369 ool-1-worker-133 | DEBUG | d.t.c.a.a.c.u.util.UserUtilService   : 0 editors generated. Generate 1 instructors...
    23:45:43.494 | 369 ool-1-worker-133 | DEBUG | d.t.c.a.a.c.u.util.UserUtilService   : 1 instructors generated
    23:45:43.496 | 369 ool-1-worker-133 | DEBUG | d.t.c.a.a.c.u.util.UserUtilService   : Removing 1 users from all courses...
    23:45:43.496 | 369 ool-1-worker-133 | DEBUG | d.t.c.a.a.c.u.util.UserUtilService   : Removing 1 users from all courses. Done
    23:45:43.496 | 369 ool-1-worker-133 | DEBUG | d.t.c.a.a.c.u.util.UserUtilService   : Save 1 users to database...
    23:45:43.498 | 369 ool-1-worker-133 | DEBUG | d.t.c.a.a.c.u.util.UserUtilService   : Save 1 users to database. Done
    23:45:43.501 | 369 ool-1-worker-133 | DEBUG | d.t.c.a.a.q.service.QuizPoolService  : Save quiz pool to database: de.tum.cit.aet.artemis.quiz.domain.QuizPool@0
    23:45:43.503 | 369 ool-1-worker-133 | INFO  | i.z.t.d.l.EmbeddedDatabaseReporter   : JDBC URL to connect to 'dataSource': url='jdbc:h2:tcp://localhost:41063/mem:df70fc46-7e57-4cb5-9cd0-c1d90c14afa7;USER=sa', scope='QuizPoolIntegrationTest#testCreateQuizPoolSuccessful'
    23:45:43.504 | 369 ool-1-worker-133 | DEBUG | d.t.c.a.a.c.s.f.ApiVersionFilter     : Adding Version to Request PUT /api/courses/1570/exams/196/quiz-pools
    23:45:43.506 | 369 ool-1-worker-133 | INFO  | d.t.c.a.a.quiz.web.QuizPoolResource  : REST request to update QuizPool : de.tum.cit.aet.artemis.quiz.domain.QuizPool@9
    23:45:43.510 | 369 ool-1-worker-133 | DEBUG | d.t.c.a.a.q.service.QuizPoolService  : Save quiz pool to database: de.tum.cit.aet.artemis.quiz.domain.QuizPool@9

Finished logs for QuizPoolIntegrationTest
]]></system-out>
  <system-err><![CDATA[]]></system-err>
</testsuite>
