<?xml version="1.0" encoding="UTF-8"?>
<testsuite name="de.tum.cit.aet.artemis.assessment.TutorLeaderboardServiceIntegrationTest" tests="2" skipped="0" failures="0" errors="0" timestamp="2025-02-14T23:42:47" hostname="fv-az1721-502" time="0.304">
  <properties/>
  <testcase name="testLeaderboardData_forCourseWithExercises()" classname="de.tum.cit.aet.artemis.assessment.TutorLeaderboardServiceIntegrationTest" time="0.133"/>
  <testcase name="testLeaderboardData_forExercise()" classname="de.tum.cit.aet.artemis.assessment.TutorLeaderboardServiceIntegrationTest" time="0.166"/>
  <system-out><![CDATA[
Starting logs for TutorLeaderboardServiceIntegrationTest

  Starting logs for TutorLeaderboardServiceIntegrationTest > testLeaderboardData_forCourseWithExercises()
    23:42:47.111 |  43 Pool-1-worker-17 | DEBUG | d.t.c.a.a.c.u.util.UserUtilService   : Generate 1 students...
    23:42:47.114 |  43 Pool-1-worker-17 | DEBUG | d.t.c.a.a.c.u.util.UserUtilService   : 1 students generated. Generate 1 tutors...
    23:42:47.116 |  43 Pool-1-worker-17 | DEBUG | d.t.c.a.a.c.u.util.UserUtilService   : 1 tutors generated. Generate 0 editors...
    23:42:47.117 |  43 Pool-1-worker-17 | DEBUG | d.t.c.a.a.c.u.util.UserUtilService   : 0 editors generated. Generate 1 instructors...
    23:42:47.119 |  43 Pool-1-worker-17 | DEBUG | d.t.c.a.a.c.u.util.UserUtilService   : 1 instructors generated
    23:42:47.120 |  43 Pool-1-worker-17 | DEBUG | d.t.c.a.a.c.u.util.UserUtilService   : Removing 5 users from all courses...
    23:42:47.121 |  43 Pool-1-worker-17 | DEBUG | d.t.c.a.a.c.u.util.UserUtilService   : Removing 5 users from all courses. Done
    23:42:47.121 |  43 Pool-1-worker-17 | DEBUG | d.t.c.a.a.c.u.util.UserUtilService   : Save 3 users to database...
    23:42:47.123 |  43 Pool-1-worker-17 | DEBUG | d.t.c.a.a.c.u.util.UserUtilService   : Save 3 users to database. Done
    23:42:47.147 |  43 Pool-1-worker-17 | DEBUG | .c.s.m.InstanceMessageReceiveService : Received schedule participant score for exercise 297 and participant 50 (result to be deleted: null)
    23:42:47.147 |  43 Pool-1-worker-17 | DEBUG | .a.s.ParticipantScoreScheduleService : Scheduled task for exercise 297 and participant 50 at 2025-02-14T23:42:47.247875454Z[Etc/UTC].
    23:42:47.151 |  43 Pool-1-worker-17 | DEBUG | .c.s.m.InstanceMessageReceiveService : Received schedule participant score for exercise 297 and participant 50 (result to be deleted: null)
    23:42:47.151 |  43 Pool-1-worker-17 | DEBUG | .a.s.ParticipantScoreScheduleService : Scheduled task for exercise 297 and participant 50 at 2025-02-14T23:42:47.251127458Z[Etc/UTC].
    23:42:47.151 |  43 Pool-1-worker-17 | DEBUG | .c.s.m.InstanceMessageReceiveService : Received schedule participant score for exercise 297 and participant 50 (result to be deleted: null)
    23:42:47.151 |  43 Pool-1-worker-17 | DEBUG | .a.s.ParticipantScoreScheduleService : Scheduled task for exercise 297 and participant 50 at 2025-02-14T23:42:47.251748226Z[Etc/UTC].
    23:42:47.155 |  43 Pool-1-worker-17 | DEBUG | .c.s.m.InstanceMessageReceiveService : Received schedule participant score for exercise 297 and participant 50 (result to be deleted: null)
    23:42:47.155 |  43 Pool-1-worker-17 | DEBUG | .a.s.ParticipantScoreScheduleService : Scheduled task for exercise 297 and participant 50 at 2025-02-14T23:42:47.255919274Z[Etc/UTC].
    23:42:47.156 |  43 Pool-1-worker-17 | DEBUG | .c.s.m.InstanceMessageReceiveService : Received schedule participant score for exercise 297 and participant 50 (result to be deleted: null)
    23:42:47.156 |  43 Pool-1-worker-17 | DEBUG | .a.s.ParticipantScoreScheduleService : Scheduled task for exercise 297 and participant 50 at 2025-02-14T23:42:47.256138914Z[Etc/UTC].
    23:42:47.173 |  43 Pool-1-worker-17 | DEBUG | .c.s.m.InstanceMessageReceiveService : Received schedule participant score for exercise 297 and participant 50 (result to be deleted: null)
    23:42:47.173 |  43 Pool-1-worker-17 | DEBUG | .a.s.ParticipantScoreScheduleService : Scheduled task for exercise 297 and participant 50 at 2025-02-14T23:42:47.273949077Z[Etc/UTC].
    23:42:47.177 |  43 Pool-1-worker-17 | DEBUG | .c.s.m.InstanceMessageReceiveService : Received schedule participant score for exercise 297 and participant 50 (result to be deleted: null)
    23:42:47.177 |  43 Pool-1-worker-17 | DEBUG | .a.s.ParticipantScoreScheduleService : Scheduled task for exercise 297 and participant 50 at 2025-02-14T23:42:47.277128396Z[Etc/UTC].
    23:42:47.177 |  43 Pool-1-worker-17 | DEBUG | .c.s.m.InstanceMessageReceiveService : Received schedule participant score for exercise 297 and participant 50 (result to be deleted: null)
    23:42:47.177 |  43 Pool-1-worker-17 | DEBUG | .a.s.ParticipantScoreScheduleService : Scheduled task for exercise 297 and participant 50 at 2025-02-14T23:42:47.277755796Z[Etc/UTC].
    23:42:47.181 |  43 Pool-1-worker-17 | DEBUG | .c.s.m.InstanceMessageReceiveService : Received schedule participant score for exercise 297 and participant 50 (result to be deleted: null)
    23:42:47.182 |  43 Pool-1-worker-17 | DEBUG | .a.s.ParticipantScoreScheduleService : Scheduled task for exercise 297 and participant 50 at 2025-02-14T23:42:47.282002195Z[Etc/UTC].
    23:42:47.182 |  43 Pool-1-worker-17 | DEBUG | .c.s.m.InstanceMessageReceiveService : Received schedule participant score for exercise 297 and participant 50 (result to be deleted: null)
    23:42:47.182 |  43 Pool-1-worker-17 | DEBUG | .a.s.ParticipantScoreScheduleService : Scheduled task for exercise 297 and participant 50 at 2025-02-14T23:42:47.282193011Z[Etc/UTC].
    23:42:47.184 |  43 Pool-1-worker-17 | INFO  | i.z.t.d.l.EmbeddedDatabaseReporter   : JDBC URL to connect to 'dataSource': url='jdbc:h2:tcp://localhost:41063/mem:df70fc46-7e57-4cb5-9cd0-c1d90c14afa7;USER=sa', scope='TutorLeaderboardServiceIntegrationTest#testLeaderboardData_forCourseWithExercises'

  Starting logs for TutorLeaderboardServiceIntegrationTest > testLeaderboardData_forExercise()
    23:42:47.254 |  43 Pool-1-worker-17 | DEBUG | d.t.c.a.a.c.u.util.UserUtilService   : Generate 1 students...
    23:42:47.260 |  43 Pool-1-worker-17 | DEBUG | d.t.c.a.a.c.u.util.UserUtilService   : 1 students generated. Generate 1 tutors...
    23:42:47.265 |  43 Pool-1-worker-17 | DEBUG | d.t.c.a.a.c.u.util.UserUtilService   : 1 tutors generated. Generate 0 editors...
    23:42:47.270 |  43 Pool-1-worker-17 | DEBUG | d.t.c.a.a.c.u.util.UserUtilService   : 0 editors generated. Generate 1 instructors...
    23:42:47.275 |  43 Pool-1-worker-17 | DEBUG | d.t.c.a.a.c.u.util.UserUtilService   : 1 instructors generated
    23:42:47.276 |  43 Pool-1-worker-17 | DEBUG | d.t.c.a.a.c.u.util.UserUtilService   : Removing 3 users from all courses...
    23:42:47.287 |  43 Pool-1-worker-17 | DEBUG | d.t.c.a.a.c.u.util.UserUtilService   : Removing 3 users from all courses. Done
    23:42:47.287 |  43 Pool-1-worker-17 | DEBUG | d.t.c.a.a.c.u.util.UserUtilService   : Save 3 users to database...
    23:42:47.305 |  43 Pool-1-worker-17 | DEBUG | d.t.c.a.a.c.u.util.UserUtilService   : Save 3 users to database. Done
    23:42:47.347 |  43 Pool-1-worker-17 | DEBUG | .c.s.m.InstanceMessageReceiveService : Received schedule participant score for exercise 298 and participant 50 (result to be deleted: null)
    23:42:47.347 |  43 Pool-1-worker-17 | DEBUG | .a.s.ParticipantScoreScheduleService : Scheduled task for exercise 298 and participant 50 at 2025-02-14T23:42:47.547898398Z[Etc/UTC].
    23:42:47.350 |  43 Pool-1-worker-17 | DEBUG | .c.s.m.InstanceMessageReceiveService : Received schedule participant score for exercise 298 and participant 50 (result to be deleted: null)
    23:42:47.350 |  43 Pool-1-worker-17 | DEBUG | .a.s.ParticipantScoreScheduleService : Scheduled task for exercise 298 and participant 50 at 2025-02-14T23:42:47.550916096Z[Etc/UTC].
    23:42:47.351 |  43 Pool-1-worker-17 | DEBUG | .c.s.m.InstanceMessageReceiveService : Received schedule participant score for exercise 298 and participant 50 (result to be deleted: null)
    23:42:47.351 |  43 Pool-1-worker-17 | DEBUG | .a.s.ParticipantScoreScheduleService : Scheduled task for exercise 298 and participant 50 at 2025-02-14T23:42:47.551562702Z[Etc/UTC].
    23:42:47.355 |  43 Pool-1-worker-17 | DEBUG | .c.s.m.InstanceMessageReceiveService : Received schedule participant score for exercise 298 and participant 50 (result to be deleted: null)
    23:42:47.355 |  43 Pool-1-worker-17 | DEBUG | .a.s.ParticipantScoreScheduleService : Scheduled task for exercise 298 and participant 50 at 2025-02-14T23:42:47.555705978Z[Etc/UTC].
    23:42:47.355 |  43 Pool-1-worker-17 | DEBUG | .c.s.m.InstanceMessageReceiveService : Received schedule participant score for exercise 298 and participant 50 (result to be deleted: null)
    23:42:47.355 |  43 Pool-1-worker-17 | DEBUG | .a.s.ParticipantScoreScheduleService : Scheduled task for exercise 298 and participant 50 at 2025-02-14T23:42:47.555887858Z[Etc/UTC].
    23:42:47.371 |  43 Pool-1-worker-17 | DEBUG | .c.s.m.InstanceMessageReceiveService : Received schedule participant score for exercise 298 and participant 50 (result to be deleted: null)
    23:42:47.371 |  43 Pool-1-worker-17 | DEBUG | .a.s.ParticipantScoreScheduleService : Scheduled task for exercise 298 and participant 50 at 2025-02-14T23:42:47.571312252Z[Etc/UTC].
    23:42:47.374 |  43 Pool-1-worker-17 | DEBUG | .c.s.m.InstanceMessageReceiveService : Received schedule participant score for exercise 298 and participant 50 (result to be deleted: null)
    23:42:47.374 |  43 Pool-1-worker-17 | DEBUG | .a.s.ParticipantScoreScheduleService : Scheduled task for exercise 298 and participant 50 at 2025-02-14T23:42:47.574377318Z[Etc/UTC].
    23:42:47.374 |  43 Pool-1-worker-17 | DEBUG | .c.s.m.InstanceMessageReceiveService : Received schedule participant score for exercise 298 and participant 50 (result to be deleted: null)
    23:42:47.374 |  43 Pool-1-worker-17 | DEBUG | .a.s.ParticipantScoreScheduleService : Scheduled task for exercise 298 and participant 50 at 2025-02-14T23:42:47.574954975Z[Etc/UTC].
    23:42:47.379 |  43 Pool-1-worker-17 | DEBUG | .c.s.m.InstanceMessageReceiveService : Received schedule participant score for exercise 298 and participant 50 (result to be deleted: null)
    23:42:47.379 |  43 Pool-1-worker-17 | DEBUG | .a.s.ParticipantScoreScheduleService : Scheduled task for exercise 298 and participant 50 at 2025-02-14T23:42:47.579330435Z[Etc/UTC].
    23:42:47.379 |  43 Pool-1-worker-17 | DEBUG | .c.s.m.InstanceMessageReceiveService : Received schedule participant score for exercise 298 and participant 50 (result to be deleted: null)
    23:42:47.379 |  43 Pool-1-worker-17 | DEBUG | .a.s.ParticipantScoreScheduleService : Scheduled task for exercise 298 and participant 50 at 2025-02-14T23:42:47.579540296Z[Etc/UTC].
    23:42:47.381 |  43 Pool-1-worker-17 | INFO  | i.z.t.d.l.EmbeddedDatabaseReporter   : JDBC URL to connect to 'dataSource': url='jdbc:h2:tcp://localhost:41063/mem:df70fc46-7e57-4cb5-9cd0-c1d90c14afa7;USER=sa', scope='TutorLeaderboardServiceIntegrationTest#testLeaderboardData_forExercise'

Finished logs for TutorLeaderboardServiceIntegrationTest
]]></system-out>
  <system-err><![CDATA[]]></system-err>
</testsuite>
