<?xml version="1.0" encoding="UTF-8"?>
<testsuite name="de.tum.cit.aet.artemis.quiz.QuizExerciseIntegrationTest" tests="125" skipped="0" failures="0" errors="0" timestamp="2025-02-14T23:47:58" hostname="fv-az1721-502" time="14.103">
  <properties/>
  <testcase name="testPerformJoin(QuizMode, ZonedDateTime, ZonedDateTime, QuizBatch, String, HttpStatus, HttpStatus) [1] quizMode=SYNCHRONIZED, release=2025-02-15T00:17:58.311805464Z[Etc/UTC], due=null, batch=null, password=null, resultJoin=403 FORBIDDEN, resultStart=403 FORBIDDEN" classname="de.tum.cit.aet.artemis.quiz.QuizExerciseIntegrationTest" time="0.166"/>
  <testcase name="testPerformJoin(QuizMode, ZonedDateTime, ZonedDateTime, QuizBatch, String, HttpStatus, HttpStatus) [2] quizMode=SYNCHRONIZED, release=2025-02-14T23:17:58.311805464Z[Etc/UTC], due=null, batch=null, password=null, resultJoin=400 BAD_REQUEST, resultStart=200 OK" classname="de.tum.cit.aet.artemis.quiz.QuizExerciseIntegrationTest" time="0.137"/>
  <testcase name="testPerformJoin(QuizMode, ZonedDateTime, ZonedDateTime, QuizBatch, String, HttpStatus, HttpStatus) [3] quizMode=SYNCHRONIZED, release=2025-02-14T23:17:58.311805464Z[Etc/UTC], due=null, batch=null, password=12345678, resultJoin=400 BAD_REQUEST, resultStart=200 OK" classname="de.tum.cit.aet.artemis.quiz.QuizExerciseIntegrationTest" time="0.146"/>
  <testcase name="testPerformJoin(QuizMode, ZonedDateTime, ZonedDateTime, QuizBatch, String, HttpStatus, HttpStatus) [4] quizMode=SYNCHRONIZED, release=2025-02-14T19:47:58.311805464Z[Etc/UTC], due=2025-02-14T23:17:58.311805464Z[Etc/UTC], batch=null, password=null, resultJoin=403 FORBIDDEN, resultStart=200 OK" classname="de.tum.cit.aet.artemis.quiz.QuizExerciseIntegrationTest" time="0.118"/>
  <testcase name="testPerformJoin(QuizMode, ZonedDateTime, ZonedDateTime, QuizBatch, String, HttpStatus, HttpStatus) [5] quizMode=INDIVIDUAL, release=2025-02-15T00:17:58.311805464Z[Etc/UTC], due=null, batch=null, password=null, resultJoin=403 FORBIDDEN, resultStart=403 FORBIDDEN" classname="de.tum.cit.aet.artemis.quiz.QuizExerciseIntegrationTest" time="0.08"/>
  <testcase name="testPerformJoin(QuizMode, ZonedDateTime, ZonedDateTime, QuizBatch, String, HttpStatus, HttpStatus) [6] quizMode=INDIVIDUAL, release=2025-02-14T19:47:58.311805464Z[Etc/UTC], due=null, batch=null, password=null, resultJoin=200 OK, resultStart=200 OK" classname="de.tum.cit.aet.artemis.quiz.QuizExerciseIntegrationTest" time="0.122"/>
  <testcase name="testPerformJoin(QuizMode, ZonedDateTime, ZonedDateTime, QuizBatch, String, HttpStatus, HttpStatus) [7] quizMode=INDIVIDUAL, release=2025-02-14T19:47:58.311805464Z[Etc/UTC], due=2025-02-15T03:47:58.311805464Z[Etc/UTC], batch=null, password=null, resultJoin=200 OK, resultStart=200 OK" classname="de.tum.cit.aet.artemis.quiz.QuizExerciseIntegrationTest" time="0.117"/>
  <testcase name="testPerformJoin(QuizMode, ZonedDateTime, ZonedDateTime, QuizBatch, String, HttpStatus, HttpStatus) [8] quizMode=INDIVIDUAL, release=2025-02-14T19:47:58.311805464Z[Etc/UTC], due=2025-02-15T00:17:58.311805464Z[Etc/UTC], batch=null, password=null, resultJoin=200 OK, resultStart=200 OK" classname="de.tum.cit.aet.artemis.quiz.QuizExerciseIntegrationTest" time="0.109"/>
  <testcase name="testPerformJoin(QuizMode, ZonedDateTime, ZonedDateTime, QuizBatch, String, HttpStatus, HttpStatus) [9] quizMode=INDIVIDUAL, release=2025-02-14T19:47:58.311805464Z[Etc/UTC], due=2025-02-14T23:17:58.311805464Z[Etc/UTC], batch=null, password=null, resultJoin=403 FORBIDDEN, resultStart=200 OK" classname="de.tum.cit.aet.artemis.quiz.QuizExerciseIntegrationTest" time="0.12"/>
  <testcase name="testPerformJoin(QuizMode, ZonedDateTime, ZonedDateTime, QuizBatch, String, HttpStatus, HttpStatus) [10] quizMode=BATCHED, release=2025-02-15T00:17:58.311805464Z[Etc/UTC], due=null, batch=null, password=null, resultJoin=403 FORBIDDEN, resultStart=403 FORBIDDEN" classname="de.tum.cit.aet.artemis.quiz.QuizExerciseIntegrationTest" time="0.087"/>
  <testcase name="testPerformJoin(QuizMode, ZonedDateTime, ZonedDateTime, QuizBatch, String, HttpStatus, HttpStatus) [11] quizMode=BATCHED, release=2025-02-14T19:47:58.311805464Z[Etc/UTC], due=null, batch=null, password=null, resultJoin=400 BAD_REQUEST, resultStart=200 OK" classname="de.tum.cit.aet.artemis.quiz.QuizExerciseIntegrationTest" time="0.112"/>
  <testcase name="testPerformJoin(QuizMode, ZonedDateTime, ZonedDateTime, QuizBatch, String, HttpStatus, HttpStatus) [12] quizMode=BATCHED, release=2025-02-14T19:47:58.311805464Z[Etc/UTC], due=2025-02-15T03:47:58.311805464Z[Etc/UTC], batch=null, password=null, resultJoin=400 BAD_REQUEST, resultStart=200 OK" classname="de.tum.cit.aet.artemis.quiz.QuizExerciseIntegrationTest" time="0.109"/>
  <testcase name="testPerformJoin(QuizMode, ZonedDateTime, ZonedDateTime, QuizBatch, String, HttpStatus, HttpStatus) [13] quizMode=BATCHED, release=2025-02-14T19:47:58.311805464Z[Etc/UTC], due=2025-02-15T00:17:58.311805464Z[Etc/UTC], batch=null, password=null, resultJoin=400 BAD_REQUEST, resultStart=200 OK" classname="de.tum.cit.aet.artemis.quiz.QuizExerciseIntegrationTest" time="0.113"/>
  <testcase name="testPerformJoin(QuizMode, ZonedDateTime, ZonedDateTime, QuizBatch, String, HttpStatus, HttpStatus) [14] quizMode=BATCHED, release=2025-02-14T19:47:58.311805464Z[Etc/UTC], due=2025-02-14T23:17:58.311805464Z[Etc/UTC], batch=null, password=null, resultJoin=403 FORBIDDEN, resultStart=200 OK" classname="de.tum.cit.aet.artemis.quiz.QuizExerciseIntegrationTest" time="0.121"/>
  <testcase name="testPerformJoin(QuizMode, ZonedDateTime, ZonedDateTime, QuizBatch, String, HttpStatus, HttpStatus) [15] quizMode=BATCHED, release=2025-02-14T19:47:58.311805464Z[Etc/UTC], due=null, batch=QuizBatch{id=null, startTime=2025-02-14T19:47:58.311805464Z[Etc/UTC]}, password=null, resultJoin=400 BAD_REQUEST, resultStart=200 OK" classname="de.tum.cit.aet.artemis.quiz.QuizExerciseIntegrationTest" time="0.204"/>
  <testcase name="testPerformJoin(QuizMode, ZonedDateTime, ZonedDateTime, QuizBatch, String, HttpStatus, HttpStatus) [16] quizMode=BATCHED, release=2025-02-14T19:47:58.311805464Z[Etc/UTC], due=null, batch=QuizBatch{id=null, startTime=2025-02-14T23:17:58.311805464Z[Etc/UTC]}, password=null, resultJoin=400 BAD_REQUEST, resultStart=200 OK" classname="de.tum.cit.aet.artemis.quiz.QuizExerciseIntegrationTest" time="0.14"/>
  <testcase name="testPerformJoin(QuizMode, ZonedDateTime, ZonedDateTime, QuizBatch, String, HttpStatus, HttpStatus) [17] quizMode=BATCHED, release=2025-02-14T19:47:58.311805464Z[Etc/UTC], due=null, batch=QuizBatch{id=null, startTime=2025-02-15T00:17:58.311805464Z[Etc/UTC]}, password=null, resultJoin=400 BAD_REQUEST, resultStart=200 OK" classname="de.tum.cit.aet.artemis.quiz.QuizExerciseIntegrationTest" time="0.139"/>
  <testcase name="testPerformJoin(QuizMode, ZonedDateTime, ZonedDateTime, QuizBatch, String, HttpStatus, HttpStatus) [18] quizMode=BATCHED, release=2025-02-14T19:47:58.311805464Z[Etc/UTC], due=null, batch=QuizBatch{id=216, startTime=2025-02-14T19:47:58.311805464Z[Etc/UTC]}, password=87654321, resultJoin=400 BAD_REQUEST, resultStart=200 OK" classname="de.tum.cit.aet.artemis.quiz.QuizExerciseIntegrationTest" time="0.195"/>
  <testcase name="testPerformJoin(QuizMode, ZonedDateTime, ZonedDateTime, QuizBatch, String, HttpStatus, HttpStatus) [19] quizMode=BATCHED, release=2025-02-14T19:47:58.311805464Z[Etc/UTC], due=null, batch=QuizBatch{id=217, startTime=2025-02-14T23:17:58.311805464Z[Etc/UTC]}, password=87654321, resultJoin=400 BAD_REQUEST, resultStart=200 OK" classname="de.tum.cit.aet.artemis.quiz.QuizExerciseIntegrationTest" time="0.167"/>
  <testcase name="testPerformJoin(QuizMode, ZonedDateTime, ZonedDateTime, QuizBatch, String, HttpStatus, HttpStatus) [20] quizMode=BATCHED, release=2025-02-14T19:47:58.311805464Z[Etc/UTC], due=null, batch=QuizBatch{id=218, startTime=2025-02-15T00:17:58.311805464Z[Etc/UTC]}, password=87654321, resultJoin=400 BAD_REQUEST, resultStart=200 OK" classname="de.tum.cit.aet.artemis.quiz.QuizExerciseIntegrationTest" time="0.166"/>
  <testcase name="testPerformJoin(QuizMode, ZonedDateTime, ZonedDateTime, QuizBatch, String, HttpStatus, HttpStatus) [21] quizMode=BATCHED, release=2025-02-14T19:47:58.311805464Z[Etc/UTC], due=null, batch=QuizBatch{id=216, startTime=2025-02-14T19:47:58.311805464Z[Etc/UTC]}, password=12345678, resultJoin=400 BAD_REQUEST, resultStart=200 OK" classname="de.tum.cit.aet.artemis.quiz.QuizExerciseIntegrationTest" time="0.121"/>
  <testcase name="testPerformJoin(QuizMode, ZonedDateTime, ZonedDateTime, QuizBatch, String, HttpStatus, HttpStatus) [22] quizMode=BATCHED, release=2025-02-14T19:47:58.311805464Z[Etc/UTC], due=null, batch=QuizBatch{id=217, startTime=2025-02-14T23:17:58.311805464Z[Etc/UTC]}, password=12345678, resultJoin=200 OK, resultStart=200 OK" classname="de.tum.cit.aet.artemis.quiz.QuizExerciseIntegrationTest" time="0.227"/>
  <testcase name="testPerformJoin(QuizMode, ZonedDateTime, ZonedDateTime, QuizBatch, String, HttpStatus, HttpStatus) [23] quizMode=BATCHED, release=2025-02-14T19:47:58.311805464Z[Etc/UTC], due=null, batch=QuizBatch{id=218, startTime=2025-02-15T00:17:58.311805464Z[Etc/UTC]}, password=12345678, resultJoin=200 OK, resultStart=200 OK" classname="de.tum.cit.aet.artemis.quiz.QuizExerciseIntegrationTest" time="0.179"/>
  <testcase name="testUpdateRunningQuizExercise()" classname="de.tum.cit.aet.artemis.quiz.QuizExerciseIntegrationTest" time="0.054"/>
  <testcase name="createQuizExercise_withoutDragAndDrop()" classname="de.tum.cit.aet.artemis.quiz.QuizExerciseIntegrationTest" time="0.059"/>
  <testcase name="updateQuizExercise_setNeitherCourseAndExerciseGroup_badRequest()" classname="de.tum.cit.aet.artemis.quiz.QuizExerciseIntegrationTest" time="0.079"/>
  <testcase name="testSetQuizBatchStartTimeForNonSynchronizedQuizExercises_asStudent()" classname="de.tum.cit.aet.artemis.quiz.QuizExerciseIntegrationTest" time="0.064"/>
  <testcase name="testInstructorSearchTermMatchesId()" classname="de.tum.cit.aet.artemis.quiz.QuizExerciseIntegrationTest" time="0.059"/>
  <testcase name="testImportQuizExercise_individual_modeChange()" classname="de.tum.cit.aet.artemis.quiz.QuizExerciseIntegrationTest" time="0.108"/>
  <testcase name="updateQuizExercise_withoutDragAndDrop()" classname="de.tum.cit.aet.artemis.quiz.QuizExerciseIntegrationTest" time="0.125"/>
  <testcase name="createQuizExercise_setNeitherCourseAndExerciseGroup_badRequest()" classname="de.tum.cit.aet.artemis.quiz.QuizExerciseIntegrationTest" time="0.051"/>
  <testcase name="testDeleteQuizExerciseWithSubmittedAnswers(QuizMode) [1] quizMode=SYNCHRONIZED" classname="de.tum.cit.aet.artemis.quiz.QuizExerciseIntegrationTest" time="0.154"/>
  <testcase name="testDeleteQuizExerciseWithSubmittedAnswers(QuizMode) [2] quizMode=BATCHED" classname="de.tum.cit.aet.artemis.quiz.QuizExerciseIntegrationTest" time="0.318"/>
  <testcase name="testDeleteQuizExerciseWithSubmittedAnswers(QuizMode) [3] quizMode=INDIVIDUAL" classname="de.tum.cit.aet.artemis.quiz.QuizExerciseIntegrationTest" time="0.178"/>
  <testcase name="testImportQuizExercise_team_modeChange()" classname="de.tum.cit.aet.artemis.quiz.QuizExerciseIntegrationTest" time="0.137"/>
  <testcase name="importQuizExerciseToSameCourse()" classname="de.tum.cit.aet.artemis.quiz.QuizExerciseIntegrationTest" time="0.138"/>
  <testcase name="testCreateQuizExerciseAsNonEditorForbidden()" classname="de.tum.cit.aet.artemis.quiz.QuizExerciseIntegrationTest" time="0.044"/>
  <testcase name="testReevaluateStatistics_Practice()" classname="de.tum.cit.aet.artemis.quiz.QuizExerciseIntegrationTest" time="1.378"/>
  <testcase name="createQuizExercise_IncludedAsBonusInvalidBonusPoints()" classname="de.tum.cit.aet.artemis.quiz.QuizExerciseIntegrationTest" time="0.038"/>
  <testcase name="testReEvaluateQuizQuestionWithMoreSolutions()" classname="de.tum.cit.aet.artemis.quiz.QuizExerciseIntegrationTest" time="0.22"/>
  <testcase name="testRecalculateStatistics()" classname="de.tum.cit.aet.artemis.quiz.QuizExerciseIntegrationTest" time="0.972"/>
  <testcase name="updateQuizExercise_convertFromCourseToExamExercise_badRequest()" classname="de.tum.cit.aet.artemis.quiz.QuizExerciseIntegrationTest" time="0.094"/>
  <testcase name="testReset()" classname="de.tum.cit.aet.artemis.quiz.QuizExerciseIntegrationTest" time="0.078"/>
  <testcase name="updateQuizExercise_convertFromExamToCourseExercise_badRequest()" classname="de.tum.cit.aet.artemis.quiz.QuizExerciseIntegrationTest" time="0.09"/>
  <testcase name="updateQuizExercise_dragAndDrop_withoutFileArrayProvided()" classname="de.tum.cit.aet.artemis.quiz.QuizExerciseIntegrationTest" time="0.148"/>
  <testcase name="createQuizExercise_setCourseAndExerciseGroup_badRequest()" classname="de.tum.cit.aet.artemis.quiz.QuizExerciseIntegrationTest" time="0.039"/>
  <testcase name="testMultipleChoiceQuizOptionExplanationLength_Valid()" classname="de.tum.cit.aet.artemis.quiz.QuizExerciseIntegrationTest" time="0.055"/>
  <testcase name="testRecalculateStatisticsAsNonTutorForbidden()" classname="de.tum.cit.aet.artemis.quiz.QuizExerciseIntegrationTest" time="0.042"/>
  <testcase name="createQuizExercise_InvalidMaxScore()" classname="de.tum.cit.aet.artemis.quiz.QuizExerciseIntegrationTest" time="0.031"/>
  <testcase name="updateQuizExercise_invalidDates_badRequest()" classname="de.tum.cit.aet.artemis.quiz.QuizExerciseIntegrationTest" time="0.087"/>
  <testcase name="testRedundantActionsBadRequest()" classname="de.tum.cit.aet.artemis.quiz.QuizExerciseIntegrationTest" time="0.083"/>
  <testcase name="testReEvaluateQuizAsNonInstructorForbidden()" classname="de.tum.cit.aet.artemis.quiz.QuizExerciseIntegrationTest" time="0.039"/>
  <testcase name="testCreateQuizExercise(QuizMode) [1] quizMode=SYNCHRONIZED" classname="de.tum.cit.aet.artemis.quiz.QuizExerciseIntegrationTest" time="0.089"/>
  <testcase name="testCreateQuizExercise(QuizMode) [2] quizMode=BATCHED" classname="de.tum.cit.aet.artemis.quiz.QuizExerciseIntegrationTest" time="0.094"/>
  <testcase name="testCreateQuizExercise(QuizMode) [3] quizMode=INDIVIDUAL" classname="de.tum.cit.aet.artemis.quiz.QuizExerciseIntegrationTest" time="0.099"/>
  <testcase name="testUpdateQuizExerciseAsNonEditorForbidden()" classname="de.tum.cit.aet.artemis.quiz.QuizExerciseIntegrationTest" time="0.04"/>
  <testcase name="testUpdateQuizExercise_SingleChoiceMC_AllOrNothing()" classname="de.tum.cit.aet.artemis.quiz.QuizExerciseIntegrationTest" time="0.041"/>
  <testcase name="testUpdateQuizExerciseInvalidBadRequest()" classname="de.tum.cit.aet.artemis.quiz.QuizExerciseIntegrationTest" time="0.042"/>
  <testcase name="updateQuizExercise_setCourseAndExerciseGroup_badRequest()" classname="de.tum.cit.aet.artemis.quiz.QuizExerciseIntegrationTest" time="0.067"/>
  <testcase name="testGetQuizExercise_asStudent(QuizMode) [1] quizMode=SYNCHRONIZED" classname="de.tum.cit.aet.artemis.quiz.QuizExerciseIntegrationTest" time="0.063"/>
  <testcase name="testGetQuizExercise_asStudent(QuizMode) [2] quizMode=BATCHED" classname="de.tum.cit.aet.artemis.quiz.QuizExerciseIntegrationTest" time="0.058"/>
  <testcase name="testGetQuizExercise_asStudent(QuizMode) [3] quizMode=INDIVIDUAL" classname="de.tum.cit.aet.artemis.quiz.QuizExerciseIntegrationTest" time="0.058"/>
  <testcase name="testEvaluateQuizCreatesResult()" classname="de.tum.cit.aet.artemis.quiz.QuizExerciseIntegrationTest" time="0.131"/>
  <testcase name="testMultipleChoiceQuizExplanationLength_Invalid()" classname="de.tum.cit.aet.artemis.quiz.QuizExerciseIntegrationTest" time="0.045"/>
  <testcase name="testCourseAndExamFiltersAsInstructor()" classname="de.tum.cit.aet.artemis.quiz.QuizExerciseIntegrationTest" time="0.169"/>
  <testcase name="testCannotPerformJoinTwice(QuizMode) [1] quizMode=SYNCHRONIZED" classname="de.tum.cit.aet.artemis.quiz.QuizExerciseIntegrationTest" time="0.067"/>
  <testcase name="testCannotPerformJoinTwice(QuizMode) [2] quizMode=BATCHED" classname="de.tum.cit.aet.artemis.quiz.QuizExerciseIntegrationTest" time="0.083"/>
  <testcase name="testCannotPerformJoinTwice(QuizMode) [3] quizMode=INDIVIDUAL" classname="de.tum.cit.aet.artemis.quiz.QuizExerciseIntegrationTest" time="0.082"/>
  <testcase name="testUpdateQuizExerciseWithNotificationText()" classname="de.tum.cit.aet.artemis.quiz.QuizExerciseIntegrationTest" time="0.099"/>
  <testcase name="testGetAllQuizExercisesAsNonTutorForbidden()" classname="de.tum.cit.aet.artemis.quiz.QuizExerciseIntegrationTest" time="0.04"/>
  <testcase name="importQuizExerciseFromCourseToExam_forbidden()" classname="de.tum.cit.aet.artemis.quiz.QuizExerciseIntegrationTest" time="0.044"/>
  <testcase name="testGetQuizExerciseForNonTutorNotInCourseForbidden()" classname="de.tum.cit.aet.artemis.quiz.QuizExerciseIntegrationTest" time="0.042"/>
  <testcase name="testUnfinishedExamReEvaluateBadRequest()" classname="de.tum.cit.aet.artemis.quiz.QuizExerciseIntegrationTest" time="0.041"/>
  <testcase name="testImportQuizExerciseChangeQuizMode()" classname="de.tum.cit.aet.artemis.quiz.QuizExerciseIntegrationTest" time="0.081"/>
  <testcase name="updateQuizExercise_dragAndDrop_withFileChanges()" classname="de.tum.cit.aet.artemis.quiz.QuizExerciseIntegrationTest" time="0.151"/>
  <testcase name="testDeleteQuizExercise(QuizMode) [1] quizMode=SYNCHRONIZED" classname="de.tum.cit.aet.artemis.quiz.QuizExerciseIntegrationTest" time="0.066"/>
  <testcase name="testDeleteQuizExercise(QuizMode) [2] quizMode=BATCHED" classname="de.tum.cit.aet.artemis.quiz.QuizExerciseIntegrationTest" time="0.065"/>
  <testcase name="testDeleteQuizExercise(QuizMode) [3] quizMode=INDIVIDUAL" classname="de.tum.cit.aet.artemis.quiz.QuizExerciseIntegrationTest" time="0.064"/>
  <testcase name="testPerformPutActionAsNonEditorForbidden(String) [1] action=start-now" classname="de.tum.cit.aet.artemis.quiz.QuizExerciseIntegrationTest" time="0.04"/>
  <testcase name="testPerformPutActionAsNonEditorForbidden(String) [2] action=set-visible" classname="de.tum.cit.aet.artemis.quiz.QuizExerciseIntegrationTest" time="0.035"/>
  <testcase name="testPerformPutActionAsNonEditorForbidden(String) [3] action=open-for-practice" classname="de.tum.cit.aet.artemis.quiz.QuizExerciseIntegrationTest" time="0.046"/>
  <testcase name="testGetQuizExercise(QuizMode) [1] quizMode=SYNCHRONIZED" classname="de.tum.cit.aet.artemis.quiz.QuizExerciseIntegrationTest" time="0.059"/>
  <testcase name="testGetQuizExercise(QuizMode) [2] quizMode=BATCHED" classname="de.tum.cit.aet.artemis.quiz.QuizExerciseIntegrationTest" time="0.057"/>
  <testcase name="testGetQuizExercise(QuizMode) [3] quizMode=INDIVIDUAL" classname="de.tum.cit.aet.artemis.quiz.QuizExerciseIntegrationTest" time="0.054"/>
  <testcase name="testGetExamQuizExercise_asTutor_forbidden()" classname="de.tum.cit.aet.artemis.quiz.QuizExerciseIntegrationTest" time="0.046"/>
  <testcase name="importQuizExerciseFromExamToCourse()" classname="de.tum.cit.aet.artemis.quiz.QuizExerciseIntegrationTest" time="0.091"/>
  <testcase name="testUpdateQuizExercise(QuizMode) [1] quizMode=SYNCHRONIZED" classname="de.tum.cit.aet.artemis.quiz.QuizExerciseIntegrationTest" time="0.098"/>
  <testcase name="testUpdateQuizExercise(QuizMode) [2] quizMode=BATCHED" classname="de.tum.cit.aet.artemis.quiz.QuizExerciseIntegrationTest" time="0.093"/>
  <testcase name="testUpdateQuizExercise(QuizMode) [3] quizMode=INDIVIDUAL" classname="de.tum.cit.aet.artemis.quiz.QuizExerciseIntegrationTest" time="0.107"/>
  <testcase name="testAddAndStartQuizBatch()" classname="de.tum.cit.aet.artemis.quiz.QuizExerciseIntegrationTest" time="0.06"/>
  <testcase name="testCreateExistingQuizExercise()" classname="de.tum.cit.aet.artemis.quiz.QuizExerciseIntegrationTest" time="0.071"/>
  <testcase name="testCreateQuizExerciseForExam()" classname="de.tum.cit.aet.artemis.quiz.QuizExerciseIntegrationTest" time="0.094"/>
  <testcase name="createQuizExercise_dragAndDrop_withoutBackgroundFile()" classname="de.tum.cit.aet.artemis.quiz.QuizExerciseIntegrationTest" time="0.073"/>
  <testcase name="importQuizExerciseFromCourseToCourse_badRequest()" classname="de.tum.cit.aet.artemis.quiz.QuizExerciseIntegrationTest" time="0.039"/>
  <testcase name="importQuizExerciseFromCourseToCourse()" classname="de.tum.cit.aet.artemis.quiz.QuizExerciseIntegrationTest" time="0.077"/>
  <testcase name="testMultipleChoiceQuizOptionExplanationLength_Invalid()" classname="de.tum.cit.aet.artemis.quiz.QuizExerciseIntegrationTest" time="0.03"/>
  <testcase name="testUpdateQuizExerciseForExam()" classname="de.tum.cit.aet.artemis.quiz.QuizExerciseIntegrationTest" time="0.088"/>
  <testcase name="testMultipleChoiceQuizExplanationLength_Valid()" classname="de.tum.cit.aet.artemis.quiz.QuizExerciseIntegrationTest" time="0.052"/>
  <testcase name="testEvaluateQuizKeepsResult()" classname="de.tum.cit.aet.artemis.quiz.QuizExerciseIntegrationTest" time="0.082"/>
  <testcase name="createQuizExercise_NotIncludedInvalidBonusPoints()" classname="de.tum.cit.aet.artemis.quiz.QuizExerciseIntegrationTest" time="0.034"/>
  <testcase name="testQuizExerciseForExamBadRequestOtherOperations()" classname="de.tum.cit.aet.artemis.quiz.QuizExerciseIntegrationTest" time="0.077"/>
  <testcase name="testPerformSetVisible(QuizMode) [1] quizMode=SYNCHRONIZED" classname="de.tum.cit.aet.artemis.quiz.QuizExerciseIntegrationTest" time="0.08"/>
  <testcase name="testPerformSetVisible(QuizMode) [2] quizMode=BATCHED" classname="de.tum.cit.aet.artemis.quiz.QuizExerciseIntegrationTest" time="0.083"/>
  <testcase name="testPerformSetVisible(QuizMode) [3] quizMode=INDIVIDUAL" classname="de.tum.cit.aet.artemis.quiz.QuizExerciseIntegrationTest" time="0.082"/>
  <testcase name="testViewQuizExerciseAsNonTutorNotVisibleForbidden()" classname="de.tum.cit.aet.artemis.quiz.QuizExerciseIntegrationTest" time="0.043"/>
  <testcase name="testFilterForCourseDashboard_QuizSubmissionButNoParticipation()" classname="de.tum.cit.aet.artemis.quiz.QuizExerciseIntegrationTest" time="0.053"/>
  <testcase name="testReevaluateStatistics()" classname="de.tum.cit.aet.artemis.quiz.QuizExerciseIntegrationTest" time="1.002"/>
  <testcase name="testDeleteQuizExerciseWithChannel()" classname="de.tum.cit.aet.artemis.quiz.QuizExerciseIntegrationTest" time="0.064"/>
  <testcase name="testGetExamQuizExercise()" classname="de.tum.cit.aet.artemis.quiz.QuizExerciseIntegrationTest" time="0.051"/>
  <testcase name="testCreateQuizExerciseWithoutQuizBatchForSynchronizedQuiz_asStudent()" classname="de.tum.cit.aet.artemis.quiz.QuizExerciseIntegrationTest" time="0.042"/>
  <testcase name="testGetQuizExercisesForExam()" classname="de.tum.cit.aet.artemis.quiz.QuizExerciseIntegrationTest" time="0.041"/>
  <testcase name="testPerformOpenForPractice(QuizMode) [1] quizMode=SYNCHRONIZED" classname="de.tum.cit.aet.artemis.quiz.QuizExerciseIntegrationTest" time="0.088"/>
  <testcase name="testPerformOpenForPractice(QuizMode) [2] quizMode=BATCHED" classname="de.tum.cit.aet.artemis.quiz.QuizExerciseIntegrationTest" time="0.096"/>
  <testcase name="testPerformOpenForPractice(QuizMode) [3] quizMode=INDIVIDUAL" classname="de.tum.cit.aet.artemis.quiz.QuizExerciseIntegrationTest" time="0.088"/>
  <testcase name="testUpdateQuizExercise_SingleChoiceMC_badRequest(ScoringType) [1] scoringType=PROPORTIONAL_WITH_PENALTY" classname="de.tum.cit.aet.artemis.quiz.QuizExerciseIntegrationTest" time="0.042"/>
  <testcase name="testUpdateQuizExercise_SingleChoiceMC_badRequest(ScoringType) [2] scoringType=PROPORTIONAL_WITHOUT_PENALTY" classname="de.tum.cit.aet.artemis.quiz.QuizExerciseIntegrationTest" time="0.037"/>
  <testcase name="importQuizExerciseFromExamToExam()" classname="de.tum.cit.aet.artemis.quiz.QuizExerciseIntegrationTest" time="0.06"/>
  <testcase name="testDeleteQuizExerciseAsNonInstructorForbidden()" classname="de.tum.cit.aet.artemis.quiz.QuizExerciseIntegrationTest" time="0.036"/>
  <testcase name="testPerformStartNow()" classname="de.tum.cit.aet.artemis.quiz.QuizExerciseIntegrationTest" time="0.054"/>
  <testcase name="importQuizExerciseFromCourseToExam()" classname="de.tum.cit.aet.artemis.quiz.QuizExerciseIntegrationTest" time="0.065"/>
  <testcase name="importQuizExerciseFromExamToCourse_forbidden()" classname="de.tum.cit.aet.artemis.quiz.QuizExerciseIntegrationTest" time="0.042"/>
  <testcase name="testAddAndStartQuizBatch_AsStudentNotAllowed()" classname="de.tum.cit.aet.artemis.quiz.QuizExerciseIntegrationTest" time="0.035"/>
  <testcase name="createQuizExercise_InvalidDates_badRequest()" classname="de.tum.cit.aet.artemis.quiz.QuizExerciseIntegrationTest" time="0.03"/>
  <testcase name="testPerformStartNow_invalidMode(QuizMode) [1] quizMode=BATCHED" classname="de.tum.cit.aet.artemis.quiz.QuizExerciseIntegrationTest" time="0.039"/>
  <testcase name="testPerformStartNow_invalidMode(QuizMode) [2] quizMode=INDIVIDUAL" classname="de.tum.cit.aet.artemis.quiz.QuizExerciseIntegrationTest" time="0.04"/>
  <system-out><![CDATA[[INFO] Scanning for projects...
[INFO] 
[INFO] ---------< de.test:9bc3d66a-c2bc-48c7-a9b0-12526b563f07-Tests >---------
[INFO] Building 9bc3d66a-c2bc-48c7-a9b0-12526b563f07 Tests 1.0
[INFO]   from pom.xml
[INFO] --------------------------------[ jar ]---------------------------------
Downloading from central: https://repo.maven.apache.org/maven2/org/jetbrains/kotlin/kotlin-maven-plugin/1.9.23/kotlin-maven-plugin-1.9.23.pom
Progress (1): 1.4/6.7 kB
Progress (1): 2.8/6.7 kB
Progress (1): 4.1/6.7 kB
Progress (1): 5.5/6.7 kB
Progress (1): 6.7 kB    
                    
Downloaded from central: https://repo.maven.apache.org/maven2/org/jetbrains/kotlin/kotlin-maven-plugin/1.9.23/kotlin-maven-plugin-1.9.23.pom (6.7 kB at 20 kB/s)
Downloading from central: https://repo.maven.apache.org/maven2/org/jetbrains/kotlin/kotlin-project/1.9.23/kotlin-project-1.9.23.pom
Progress (1): 1.4/16 kB
Progress (1): 2.8/16 kB
Progress (1): 4.1/16 kB
Progress (1): 5.5/16 kB
Progress (1): 6.9/16 kB
Progress (1): 8.3/16 kB
Progress (1): 9.7/16 kB
Progress (1): 11/16 kB 
Progress (1): 12/16 kB
Progress (1): 14/16 kB
Progress (1): 15/16 kB
Progress (1): 16 kB   
                   
Downloaded from central: https://repo.maven.apache.org/maven2/org/jetbrains/kotlin/kotlin-project/1.9.23/kotlin-project-1.9.23.pom (16 kB at 460 kB/s)
Downloading from central: https://repo.maven.apache.org/maven2/org/jetbrains/kotlin/kotlin-maven-plugin/1.9.23/kotlin-maven-plugin-1.9.23.jar
Progress (1): 16/82 kB
Progress (1): 33/82 kB
Progress (1): 49/82 kB
Progress (1): 66/82 kB
Progress (1): 82 kB   
                   
Downloaded from central: https://repo.maven.apache.org/maven2/org/jetbrains/kotlin/kotlin-maven-plugin/1.9.23/kotlin-maven-plugin-1.9.23.jar (82 kB at 1.5 MB/s)
Downloading from central: https://repo.maven.apache.org/maven2/org/jetbrains/kotlin/kotlin-stdlib-jdk8/1.9.23/kotlin-stdlib-jdk8-1.9.23.pom
Progress (1): 1.6 kB
                    
Downloaded from central: https://repo.maven.apache.org/maven2/org/jetbrains/kotlin/kotlin-stdlib-jdk8/1.9.23/kotlin-stdlib-jdk8-1.9.23.pom (1.6 kB at 105 kB/s)
Downloading from central: https://repo.maven.apache.org/maven2/org/jetbrains/kotlin/kotlin-stdlib/1.9.23/kotlin-stdlib-1.9.23.pom
Progress (1): 2.8 kB
                    
Downloaded from central: https://repo.maven.apache.org/maven2/org/jetbrains/kotlin/kotlin-stdlib/1.9.23/kotlin-stdlib-1.9.23.pom (2.8 kB at 150 kB/s)
Downloading from central: https://repo.maven.apache.org/maven2/org/jetbrains/annotations/13.0/annotations-13.0.pom
Progress (1): 4.9 kB
                    
Downloaded from central: https://repo.maven.apache.org/maven2/org/jetbrains/annotations/13.0/annotations-13.0.pom (4.9 kB at 290 kB/s)
Downloading from central: https://repo.maven.apache.org/maven2/org/jetbrains/kotlin/kotlin-stdlib-jdk7/1.9.23/kotlin-stdlib-jdk7-1.9.23.pom
Progress (1): 1.4 kB
                    
Downloaded from central: https://repo.maven.apache.org/maven2/org/jetbrains/kotlin/kotlin-stdlib-jdk7/1.9.23/kotlin-stdlib-jdk7-1.9.23.pom (1.4 kB at 77 kB/s)
Downloading from central: https://repo.maven.apache.org/maven2/org/jetbrains/kotlin/kotlin-test/1.9.23/kotlin-test-1.9.23.pom
Progress (1): 1.7 kB
                    
Downloaded from central: https://repo.maven.apache.org/maven2/org/jetbrains/kotlin/kotlin-test/1.9.23/kotlin-test-1.9.23.pom (1.7 kB at 108 kB/s)
Downloading from central: https://repo.maven.apache.org/maven2/org/jetbrains/kotlin/kotlin-stdlib-jdk8/1.9.23/kotlin-stdlib-jdk8-1.9.23.jar
Progress (1): 968 B
                   
Downloaded from central: https://repo.maven.apache.org/maven2/org/jetbrains/kotlin/kotlin-stdlib-jdk8/1.9.23/kotlin-stdlib-jdk8-1.9.23.jar (968 B at 88 kB/s)
Downloading from central: https://repo.maven.apache.org/maven2/org/jetbrains/kotlin/kotlin-stdlib/1.9.23/kotlin-stdlib-1.9.23.jar
Downloading from central: https://repo.maven.apache.org/maven2/org/jetbrains/annotations/13.0/annotations-13.0.jar
Downloading from central: https://repo.maven.apache.org/maven2/org/jetbrains/kotlin/kotlin-stdlib-jdk7/1.9.23/kotlin-stdlib-jdk7-1.9.23.jar
Downloading from central: https://repo.maven.apache.org/maven2/org/jetbrains/kotlin/kotlin-test/1.9.23/kotlin-test-1.9.23.jar
Progress (1): 0/1.7 MB
Progress (1): 0/1.7 MB
Progress (1): 0/1.7 MB
Progress (1): 0.1/1.7 MB
Progress (1): 0.1/1.7 MB
Progress (1): 0.1/1.7 MB
Progress (2): 0.1/1.7 MB | 1.4/18 kB
Progress (2): 0.1/1.7 MB | 2.8/18 kB
Progress (2): 0.1/1.7 MB | 4.1/18 kB
Progress (2): 0.1/1.7 MB | 5.5/18 kB
Progress (2): 0.1/1.7 MB | 6.9/18 kB
Progress (2): 0.1/1.7 MB | 8.3/18 kB
Progress (3): 0.1/1.7 MB | 8.3/18 kB | 961 B
Progress (3): 0.1/1.7 MB | 9.7/18 kB | 961 B
                                            
Downloaded from central: https://repo.maven.apache.org/maven2/org/jetbrains/kotlin/kotlin-stdlib-jdk7/1.9.23/kotlin-stdlib-jdk7-1.9.23.jar (961 B at 20 kB/s)
Progress (3): 0.1/1.7 MB | 9.7/18 kB | 1.4/134 kB
Progress (3): 0.1/1.7 MB | 9.7/18 kB | 2.8/134 kB
Progress (3): 0.1/1.7 MB | 9.7/18 kB | 4.1/134 kB
Progress (3): 0.1/1.7 MB | 9.7/18 kB | 5.5/134 kB
Progress (3): 0.1/1.7 MB | 9.7/18 kB | 6.9/134 kB
Progress (3): 0.1/1.7 MB | 9.7/18 kB | 8.3/134 kB
Progress (3): 0.1/1.7 MB | 11/18 kB | 8.3/134 kB 
Progress (3): 0.1/1.7 MB | 12/18 kB | 8.3/134 kB
Progress (3): 0.1/1.7 MB | 14/18 kB | 8.3/134 kB
Progress (3): 0.1/1.7 MB | 15/18 kB | 8.3/134 kB
Progress (3): 0.1/1.7 MB | 17/18 kB | 8.3/134 kB
Progress (3): 0.1/1.7 MB | 17/18 kB | 8.3/134 kB
Progress (3): 0.1/1.7 MB | 17/18 kB | 8.3/134 kB
Progress (3): 0.1/1.7 MB | 18 kB | 8.3/134 kB   
                                             
Downloaded from central: https://repo.maven.apache.org/maven2/org/jetbrains/annotations/13.0/annotations-13.0.jar (18 kB at 270 kB/s)
Progress (2): 0.1/1.7 MB | 9.7/134 kB
Progress (2): 0.1/1.7 MB | 11/134 kB 
Progress (2): 0.1/1.7 MB | 12/134 kB
Progress (2): 0.1/1.7 MB | 14/134 kB
Progress (2): 0.1/1.7 MB | 15/134 kB
Progress (2): 0.1/1.7 MB | 16/134 kB
Progress (2): 0.1/1.7 MB | 16/134 kB
Progress (2): 0.1/1.7 MB | 33/134 kB
Progress (2): 0.1/1.7 MB | 49/134 kB
Progress (2): 0.2/1.7 MB | 49/134 kB
Progress (2): 0.2/1.7 MB | 49/134 kB
Progress (2): 0.2/1.7 MB | 66/134 kB
Progress (2): 0.2/1.7 MB | 78/134 kB
Progress (2): 0.2/1.7 MB | 78/134 kB
Progress (2): 0.2/1.7 MB | 95/134 kB
Progress (2): 0.2/1.7 MB | 95/134 kB
Progress (2): 0.2/1.7 MB | 95/134 kB
Progress (2): 0.2/1.7 MB | 111/134 kB
Progress (2): 0.2/1.7 MB | 111/134 kB
Progress (2): 0.2/1.7 MB | 128/134 kB
Progress (2): 0.2/1.7 MB | 134 kB    
                                 
Downloaded from central: https://repo.maven.apache.org/maven2/org/jetbrains/kotlin/kotlin-test/1.9.23/kotlin-test-1.9.23.jar (134 kB at 1.5 MB/s)
Progress (1): 0.3/1.7 MB
Progress (1): 0.3/1.7 MB
Progress (1): 0.3/1.7 MB
Progress (1): 0.3/1.7 MB
Progress (1): 0.3/1.7 MB
Progress (1): 0.3/1.7 MB
Progress (1): 0.4/1.7 MB
Progress (1): 0.4/1.7 MB
Progress (1): 0.4/1.7 MB
Progress (1): 0.4/1.7 MB
Progress (1): 0.4/1.7 MB
Progress (1): 0.4/1.7 MB
Progress (1): 0.5/1.7 MB
Progress (1): 0.5/1.7 MB
Progress (1): 0.5/1.7 MB
Progress (1): 0.5/1.7 MB
Progress (1): 0.5/1.7 MB
Progress (1): 0.5/1.7 MB
Progress (1): 0.6/1.7 MB
Progress (1): 0.6/1.7 MB
Progress (1): 0.6/1.7 MB
Progress (1): 0.6/1.7 MB
Progress (1): 0.6/1.7 MB
Progress (1): 0.6/1.7 MB
Progress (1): 0.7/1.7 MB
Progress (1): 0.7/1.7 MB
Progress (1): 0.7/1.7 MB
Progress (1): 0.7/1.7 MB
Progress (1): 0.7/1.7 MB
Progress (1): 0.7/1.7 MB
Progress (1): 0.8/1.7 MB
Progress (1): 0.8/1.7 MB
Progress (1): 0.8/1.7 MB
Progress (1): 0.8/1.7 MB
Progress (1): 0.8/1.7 MB
Progress (1): 0.8/1.7 MB
Progress (1): 0.8/1.7 MB
Progress (1): 0.9/1.7 MB
Progress (1): 0.9/1.7 MB
Progress (1): 0.9/1.7 MB
Progress (1): 0.9/1.7 MB
Progress (1): 0.9/1.7 MB
Progress (1): 0.9/1.7 MB
Progress (1): 1.0/1.7 MB
Progress (1): 1.0/1.7 MB
Progress (1): 1.0/1.7 MB
Progress (1): 1.0/1.7 MB
Progress (1): 1.0/1.7 MB
Progress (1): 1.0/1.7 MB
Progress (1): 1.1/1.7 MB
Progress (1): 1.1/1.7 MB
Progress (1): 1.1/1.7 MB
Progress (1): 1.1/1.7 MB
Progress (1): 1.1/1.7 MB
Progress (1): 1.1/1.7 MB
Progress (1): 1.2/1.7 MB
Progress (1): 1.2/1.7 MB
Progress (1): 1.2/1.7 MB
Progress (1): 1.2/1.7 MB
Progress (1): 1.2/1.7 MB
Progress (1): 1.2/1.7 MB
Progress (1): 1.3/1.7 MB
Progress (1): 1.3/1.7 MB
Progress (1): 1.3/1.7 MB
Progress (1): 1.3/1.7 MB
Progress (1): 1.3/1.7 MB
Progress (1): 1.3/1.7 MB
Progress (1): 1.4/1.7 MB
Progress (1): 1.4/1.7 MB
Progress (1): 1.4/1.7 MB
Progress (1): 1.4/1.7 MB
Progress (1): 1.4/1.7 MB
Progress (1): 1.4/1.7 MB
Progress (1): 1.5/1.7 MB
Progress (1): 1.5/1.7 MB
Progress (1): 1.5/1.7 MB
Progress (1): 1.5/1.7 MB
Progress (1): 1.5/1.7 MB
Progress (1): 1.5/1.7 MB
Progress (1): 1.6/1.7 MB
Progress (1): 1.6/1.7 MB
Progress (1): 1.6/1.7 MB
Progress (1): 1.6/1.7 MB
Progress (1): 1.6/1.7 MB
Progress (1): 1.6/1.7 MB
Progress (1): 1.7/1.7 MB
Progress (1): 1.7/1.7 MB
Progress (1): 1.7/1.7 MB
Progress (1): 1.7/1.7 MB
Progress (1): 1.7/1.7 MB
Progress (1): 1.7 MB    
                    
Downloaded from central: https://repo.maven.apache.org/maven2/org/jetbrains/kotlin/kotlin-stdlib/1.9.23/kotlin-stdlib-1.9.23.jar (1.7 MB at 8.1 MB/s)
[INFO] 
[INFO] --- clean:3.2.0:clean (default-clean) @ 9bc3d66a-c2bc-48c7-a9b0-12526b563f07-Tests ---
[INFO] 
[INFO] --- resources:3.3.1:resources (default-resources) @ 9bc3d66a-c2bc-48c7-a9b0-12526b563f07-Tests ---
[INFO] skip non existing resourceDirectory /tmp/testLocalRepo13761544887575925461/src/main/resources
[INFO] 
[INFO] --- compiler:3.13.0:compile (default-compile) @ 9bc3d66a-c2bc-48c7-a9b0-12526b563f07-Tests ---
[INFO] Nothing to compile - all classes are up to date.
[INFO] 
[INFO] --- kotlin:1.9.23:compile (compile) @ 9bc3d66a-c2bc-48c7-a9b0-12526b563f07-Tests ---
Downloading from central: https://repo.maven.apache.org/maven2/org/apache/maven/plugin-tools/maven-plugin-annotations/3.7.0/maven-plugin-annotations-3.7.0.pom
Progress (1): 1.4 kB
                    
Downloaded from central: https://repo.maven.apache.org/maven2/org/apache/maven/plugin-tools/maven-plugin-annotations/3.7.0/maven-plugin-annotations-3.7.0.pom (1.4 kB at 90 kB/s)
Downloading from central: https://repo.maven.apache.org/maven2/org/apache/maven/plugin-tools/maven-plugin-tools/3.7.0/maven-plugin-tools-3.7.0.pom
Progress (1): 16/17 kB
Progress (1): 17 kB   
                   
Downloaded from central: https://repo.maven.apache.org/maven2/org/apache/maven/plugin-tools/maven-plugin-tools/3.7.0/maven-plugin-tools-3.7.0.pom (17 kB at 932 kB/s)
Downloading from central: https://repo.maven.apache.org/maven2/org/apache/maven/maven-parent/37/maven-parent-37.pom
Progress (1): 16/46 kB
Progress (1): 32/46 kB
Progress (1): 46 kB   
                   
Downloaded from central: https://repo.maven.apache.org/maven2/org/apache/maven/maven-parent/37/maven-parent-37.pom (46 kB at 3.5 MB/s)
Downloading from central: https://repo.maven.apache.org/maven2/org/apache/apache/27/apache-27.pom
Progress (1): 16/20 kB
Progress (1): 20 kB   
                   
Downloaded from central: https://repo.maven.apache.org/maven2/org/apache/apache/27/apache-27.pom (20 kB at 1.9 MB/s)
Downloading from central: https://repo.maven.apache.org/maven2/org/jetbrains/kotlin/kotlin-compiler/1.9.23/kotlin-compiler-1.9.23.pom
Progress (1): 2.3 kB
                    
Downloaded from central: https://repo.maven.apache.org/maven2/org/jetbrains/kotlin/kotlin-compiler/1.9.23/kotlin-compiler-1.9.23.pom (2.3 kB at 114 kB/s)
Downloading from central: https://repo.maven.apache.org/maven2/org/jetbrains/kotlin/kotlin-script-runtime/1.9.23/kotlin-script-runtime-1.9.23.pom
Progress (1): 1.2 kB
                    
Downloaded from central: https://repo.maven.apache.org/maven2/org/jetbrains/kotlin/kotlin-script-runtime/1.9.23/kotlin-script-runtime-1.9.23.pom (1.2 kB at 128 kB/s)
Downloading from central: https://repo.maven.apache.org/maven2/org/jetbrains/kotlin/kotlin-reflect/1.6.10/kotlin-reflect-1.6.10.pom
Progress (1): 1.4 kB
                    
Downloaded from central: https://repo.maven.apache.org/maven2/org/jetbrains/kotlin/kotlin-reflect/1.6.10/kotlin-reflect-1.6.10.pom (1.4 kB at 115 kB/s)
Downloading from central: https://repo.maven.apache.org/maven2/org/jetbrains/intellij/deps/trove4j/1.0.20200330/trove4j-1.0.20200330.pom
Progress (1): 1.3 kB
                    
Downloaded from central: https://repo.maven.apache.org/maven2/org/jetbrains/intellij/deps/trove4j/1.0.20200330/trove4j-1.0.20200330.pom (1.3 kB at 70 kB/s)
Downloading from central: https://repo.maven.apache.org/maven2/org/jetbrains/kotlinx/kotlinx-coroutines-core/1.5.0/kotlinx-coroutines-core-1.5.0.pom
Progress (1): 1.7 kB
                    
Downloaded from central: https://repo.maven.apache.org/maven2/org/jetbrains/kotlinx/kotlinx-coroutines-core/1.5.0/kotlinx-coroutines-core-1.5.0.pom (1.7 kB at 193 kB/s)
Downloading from central: https://repo.maven.apache.org/maven2/org/jetbrains/kotlinx/kotlinx-coroutines-core-jvm/1.5.0/kotlinx-coroutines-core-jvm-1.5.0.pom
Progress (1): 1.9 kB
                    
Downloaded from central: https://repo.maven.apache.org/maven2/org/jetbrains/kotlinx/kotlinx-coroutines-core-jvm/1.5.0/kotlinx-coroutines-core-jvm-1.5.0.pom (1.9 kB at 158 kB/s)
Downloading from central: https://repo.maven.apache.org/maven2/org/jetbrains/kotlin/kotlin-stdlib-jdk8/1.5.0/kotlin-stdlib-jdk8-1.5.0.pom
Progress (1): 1.6 kB
                    
Downloaded from central: https://repo.maven.apache.org/maven2/org/jetbrains/kotlin/kotlin-stdlib-jdk8/1.5.0/kotlin-stdlib-jdk8-1.5.0.pom (1.6 kB at 158 kB/s)
Downloading from central: https://repo.maven.apache.org/maven2/org/jetbrains/kotlin/kotlin-stdlib/1.5.0/kotlin-stdlib-1.5.0.pom
Progress (1): 1.6 kB
                    
Downloaded from central: https://repo.maven.apache.org/maven2/org/jetbrains/kotlin/kotlin-stdlib/1.5.0/kotlin-stdlib-1.5.0.pom (1.6 kB at 111 kB/s)
Downloading from central: https://repo.maven.apache.org/maven2/org/jetbrains/kotlin/kotlin-stdlib-common/1.5.0/kotlin-stdlib-common-1.5.0.pom
Progress (1): 1.2 kB
                    
Downloaded from central: https://repo.maven.apache.org/maven2/org/jetbrains/kotlin/kotlin-stdlib-common/1.5.0/kotlin-stdlib-common-1.5.0.pom (1.2 kB at 83 kB/s)
Downloading from central: https://repo.maven.apache.org/maven2/org/jetbrains/kotlin/kotlin-stdlib-jdk7/1.5.0/kotlin-stdlib-jdk7-1.5.0.pom
Progress (1): 1.4 kB
                    
Downloaded from central: https://repo.maven.apache.org/maven2/org/jetbrains/kotlin/kotlin-stdlib-jdk7/1.5.0/kotlin-stdlib-jdk7-1.5.0.pom (1.4 kB at 154 kB/s)
Downloading from central: https://repo.maven.apache.org/maven2/org/jetbrains/kotlin/kotlin-scripting-compiler/1.9.23/kotlin-scripting-compiler-1.9.23.pom
Progress (1): 2.2 kB
                    
Downloaded from central: https://repo.maven.apache.org/maven2/org/jetbrains/kotlin/kotlin-scripting-compiler/1.9.23/kotlin-scripting-compiler-1.9.23.pom (2.2 kB at 144 kB/s)
Downloading from central: https://repo.maven.apache.org/maven2/org/jetbrains/kotlin/kotlin-scripting-common/1.9.23/kotlin-scripting-common-1.9.23.pom
Progress (1): 1.4 kB
                    
Downloaded from central: https://repo.maven.apache.org/maven2/org/jetbrains/kotlin/kotlin-scripting-common/1.9.23/kotlin-scripting-common-1.9.23.pom (1.4 kB at 99 kB/s)
Downloading from central: https://repo.maven.apache.org/maven2/org/jetbrains/kotlin/kotlin-scripting-jvm/1.9.23/kotlin-scripting-jvm-1.9.23.pom
Progress (1): 1.8 kB
                    
Downloaded from central: https://repo.maven.apache.org/maven2/org/jetbrains/kotlin/kotlin-scripting-jvm/1.9.23/kotlin-scripting-jvm-1.9.23.pom (1.8 kB at 93 kB/s)
Downloading from central: https://repo.maven.apache.org/maven2/org/jetbrains/kotlin/kotlin-scripting-compiler-impl/1.9.23/kotlin-scripting-compiler-impl-1.9.23.pom
Progress (1): 2.1 kB
                    
Downloaded from central: https://repo.maven.apache.org/maven2/org/jetbrains/kotlin/kotlin-scripting-compiler-impl/1.9.23/kotlin-scripting-compiler-impl-1.9.23.pom (2.1 kB at 134 kB/s)
Downloading from central: https://repo.maven.apache.org/maven2/org/jline/jline/3.3.1/jline-3.3.1.pom
Progress (1): 14 kB
                   
Downloaded from central: https://repo.maven.apache.org/maven2/org/jline/jline/3.3.1/jline-3.3.1.pom (14 kB at 919 kB/s)
Downloading from central: https://repo.maven.apache.org/maven2/org/jline/jline-parent/3.3.1/jline-parent-3.3.1.pom
Progress (1): 16/16 kB
Progress (1): 16 kB   
                   
Downloaded from central: https://repo.maven.apache.org/maven2/org/jline/jline-parent/3.3.1/jline-parent-3.3.1.pom (16 kB at 898 kB/s)
Downloading from central: https://repo.maven.apache.org/maven2/org/apache/maven/plugins/maven-compiler-plugin/3.10.1/maven-compiler-plugin-3.10.1.pom
Progress (1): 13 kB
                   
Downloaded from central: https://repo.maven.apache.org/maven2/org/apache/maven/plugins/maven-compiler-plugin/3.10.1/maven-compiler-plugin-3.10.1.pom (13 kB at 841 kB/s)
Downloading from central: https://repo.maven.apache.org/maven2/org/apache/maven/plugins/maven-plugins/34/maven-plugins-34.pom
Progress (1): 11 kB
                   
Downloaded from central: https://repo.maven.apache.org/maven2/org/apache/maven/plugins/maven-plugins/34/maven-plugins-34.pom (11 kB at 712 kB/s)
Downloading from central: https://repo.maven.apache.org/maven2/org/codehaus/plexus/plexus-java/1.1.1/plexus-java-1.1.1.pom
Progress (1): 5.0 kB
                    
Downloaded from central: https://repo.maven.apache.org/maven2/org/codehaus/plexus/plexus-java/1.1.1/plexus-java-1.1.1.pom (5.0 kB at 311 kB/s)
Downloading from central: https://repo.maven.apache.org/maven2/org/codehaus/plexus/plexus-languages/1.1.1/plexus-languages-1.1.1.pom
Progress (1): 4.6 kB
                    
Downloaded from central: https://repo.maven.apache.org/maven2/org/codehaus/plexus/plexus-languages/1.1.1/plexus-languages-1.1.1.pom (4.6 kB at 330 kB/s)
Downloading from central: https://repo.maven.apache.org/maven2/org/codehaus/plexus/plexus/8/plexus-8.pom
Progress (1): 16/25 kB
Progress (1): 25 kB   
                   
Downloaded from central: https://repo.maven.apache.org/maven2/org/codehaus/plexus/plexus/8/plexus-8.pom (25 kB at 1.4 MB/s)
Downloading from central: https://repo.maven.apache.org/maven2/org/ow2/asm/asm/9.2/asm-9.2.pom
Progress (1): 2.4 kB
                    
Downloaded from central: https://repo.maven.apache.org/maven2/org/ow2/asm/asm/9.2/asm-9.2.pom (2.4 kB at 296 kB/s)
Downloading from central: https://repo.maven.apache.org/maven2/org/ow2/ow2/1.5/ow2-1.5.pom
Progress (1): 11 kB
                   
Downloaded from central: https://repo.maven.apache.org/maven2/org/ow2/ow2/1.5/ow2-1.5.pom (11 kB at 1.1 MB/s)
Downloading from central: https://repo.maven.apache.org/maven2/com/thoughtworks/qdox/qdox/2.0.1/qdox-2.0.1.pom
Progress (1): 16 kB
                   
Downloaded from central: https://repo.maven.apache.org/maven2/com/thoughtworks/qdox/qdox/2.0.1/qdox-2.0.1.pom (16 kB at 1.6 MB/s)
Downloading from central: https://repo.maven.apache.org/maven2/org/codehaus/plexus/plexus-compiler-api/2.11.1/plexus-compiler-api-2.11.1.pom
Progress (1): 1.1 kB
                    
Downloaded from central: https://repo.maven.apache.org/maven2/org/codehaus/plexus/plexus-compiler-api/2.11.1/plexus-compiler-api-2.11.1.pom (1.1 kB at 88 kB/s)
Downloading from central: https://repo.maven.apache.org/maven2/org/codehaus/plexus/plexus-compiler/2.11.1/plexus-compiler-2.11.1.pom
Progress (1): 8.1 kB
                    
Downloaded from central: https://repo.maven.apache.org/maven2/org/codehaus/plexus/plexus-compiler/2.11.1/plexus-compiler-2.11.1.pom (8.1 kB at 507 kB/s)
Downloading from central: https://repo.maven.apache.org/maven2/org/codehaus/plexus/plexus-components/6.6/plexus-components-6.6.pom
Progress (1): 2.7 kB
                    
Downloaded from central: https://repo.maven.apache.org/maven2/org/codehaus/plexus/plexus-components/6.6/plexus-components-6.6.pom (2.7 kB at 157 kB/s)
Downloading from central: https://repo.maven.apache.org/maven2/org/junit/junit-bom/5.8.2/junit-bom-5.8.2.pom
Progress (1): 5.6 kB
                    
Downloaded from central: https://repo.maven.apache.org/maven2/org/junit/junit-bom/5.8.2/junit-bom-5.8.2.pom (5.6 kB at 512 kB/s)
Downloading from central: https://repo.maven.apache.org/maven2/org/codehaus/plexus/plexus-utils/3.4.1/plexus-utils-3.4.1.pom
Progress (1): 8.0 kB
                    
Downloaded from central: https://repo.maven.apache.org/maven2/org/codehaus/plexus/plexus-utils/3.4.1/plexus-utils-3.4.1.pom (8.0 kB at 724 kB/s)
Downloading from central: https://repo.maven.apache.org/maven2/org/codehaus/plexus/plexus-compiler-manager/2.11.1/plexus-compiler-manager-2.11.1.pom
Progress (1): 1.1 kB
                    
Downloaded from central: https://repo.maven.apache.org/maven2/org/codehaus/plexus/plexus-compiler-manager/2.11.1/plexus-compiler-manager-2.11.1.pom (1.1 kB at 71 kB/s)
Downloading from central: https://repo.maven.apache.org/maven2/org/codehaus/plexus/plexus-component-annotations/2.1.1/plexus-component-annotations-2.1.1.pom
Progress (1): 770 B
                   
Downloaded from central: https://repo.maven.apache.org/maven2/org/codehaus/plexus/plexus-component-annotations/2.1.1/plexus-component-annotations-2.1.1.pom (770 B at 64 kB/s)
Downloading from central: https://repo.maven.apache.org/maven2/org/codehaus/plexus/plexus-containers/2.1.1/plexus-containers-2.1.1.pom
Progress (1): 6.0 kB
                    
Downloaded from central: https://repo.maven.apache.org/maven2/org/codehaus/plexus/plexus-containers/2.1.1/plexus-containers-2.1.1.pom (6.0 kB at 464 kB/s)
Downloading from central: https://repo.maven.apache.org/maven2/org/codehaus/plexus/plexus/6.5/plexus-6.5.pom
Progress (1): 16/26 kB
Progress (1): 26 kB   
                   
Downloaded from central: https://repo.maven.apache.org/maven2/org/codehaus/plexus/plexus/6.5/plexus-6.5.pom (26 kB at 2.6 MB/s)
Downloading from central: https://repo.maven.apache.org/maven2/org/codehaus/plexus/plexus-compiler-javac/2.11.1/plexus-compiler-javac-2.11.1.pom
Progress (1): 1.2 kB
                    
Downloaded from central: https://repo.maven.apache.org/maven2/org/codehaus/plexus/plexus-compiler-javac/2.11.1/plexus-compiler-javac-2.11.1.pom (1.2 kB at 75 kB/s)
Downloading from central: https://repo.maven.apache.org/maven2/org/codehaus/plexus/plexus-compilers/2.11.1/plexus-compilers-2.11.1.pom
Progress (1): 1.3 kB
                    
Downloaded from central: https://repo.maven.apache.org/maven2/org/codehaus/plexus/plexus-compilers/2.11.1/plexus-compilers-2.11.1.pom (1.3 kB at 147 kB/s)
Downloading from central: https://repo.maven.apache.org/maven2/org/apache/maven/plugin-tools/maven-plugin-annotations/3.7.0/maven-plugin-annotations-3.7.0.jar
Progress (1): 14 kB
                   
Downloaded from central: https://repo.maven.apache.org/maven2/org/apache/maven/plugin-tools/maven-plugin-annotations/3.7.0/maven-plugin-annotations-3.7.0.jar (14 kB at 1.1 MB/s)
Downloading from central: https://repo.maven.apache.org/maven2/org/jetbrains/kotlin/kotlin-compiler/1.9.23/kotlin-compiler-1.9.23.jar
Downloading from central: https://repo.maven.apache.org/maven2/org/jetbrains/kotlin/kotlin-script-runtime/1.9.23/kotlin-script-runtime-1.9.23.jar
Downloading from central: https://repo.maven.apache.org/maven2/org/jetbrains/intellij/deps/trove4j/1.0.20200330/trove4j-1.0.20200330.jar
Downloading from central: https://repo.maven.apache.org/maven2/org/jetbrains/kotlinx/kotlinx-coroutines-core/1.5.0/kotlinx-coroutines-core-1.5.0.jar
Downloading from central: https://repo.maven.apache.org/maven2/org/jetbrains/kotlin/kotlin-reflect/1.6.10/kotlin-reflect-1.6.10.jar
Progress (1): 0/62 MB
Progress (1): 0/62 MB
Progress (1): 0/62 MB
Progress (2): 0/62 MB | 16/573 kB
Progress (2): 0/62 MB | 33/573 kB
Progress (2): 0.1/62 MB | 33/573 kB
Progress (3): 0.1/62 MB | 33/573 kB | 16/43 kB
Progress (3): 0.1/62 MB | 33/573 kB | 16/43 kB
Progress (3): 0.1/62 MB | 33/573 kB | 33/43 kB
Progress (3): 0.1/62 MB | 33/573 kB | 43 kB   
Progress (3): 0.1/62 MB | 49/573 kB | 43 kB
Progress (4): 0.1/62 MB | 49/573 kB | 43 kB | 0/3.0 MB
Progress (4): 0.1/62 MB | 49/573 kB | 43 kB | 0/3.0 MB
Progress (4): 0.1/62 MB | 49/573 kB | 43 kB | 0/3.0 MB
Progress (4): 0.1/62 MB | 49/573 kB | 43 kB | 0/3.0 MB
Progress (4): 0.1/62 MB | 49/573 kB | 43 kB | 0/3.0 MB
Progress (4): 0.1/62 MB | 49/573 kB | 43 kB | 0/3.0 MB
Progress (4): 0.1/62 MB | 49/573 kB | 43 kB | 0/3.0 MB
Progress (4): 0.1/62 MB | 49/573 kB | 43 kB | 0/3.0 MB
Progress (4): 0.1/62 MB | 49/573 kB | 43 kB | 0/3.0 MB
                                                      
Downloaded from central: https://repo.maven.apache.org/maven2/org/jetbrains/kotlin/kotlin-script-runtime/1.9.23/kotlin-script-runtime-1.9.23.jar (43 kB at 1.7 MB/s)
Downloading from central: https://repo.maven.apache.org/maven2/org/jetbrains/kotlinx/kotlinx-coroutines-core-jvm/1.5.0/kotlinx-coroutines-core-jvm-1.5.0.jar
Progress (3): 0.1/62 MB | 49/573 kB | 0/3.0 MB
Progress (3): 0.1/62 MB | 49/573 kB | 0/3.0 MB
Progress (3): 0.1/62 MB | 65/573 kB | 0/3.0 MB
Progress (3): 0.1/62 MB | 65/573 kB | 0/3.0 MB
Progress (3): 0.1/62 MB | 65/573 kB | 0/3.0 MB
Progress (3): 0.1/62 MB | 65/573 kB | 0/3.0 MB
Progress (3): 0.1/62 MB | 65/573 kB | 0/3.0 MB
Progress (3): 0.1/62 MB | 65/573 kB | 0/3.0 MB
Progress (3): 0.1/62 MB | 65/573 kB | 0/3.0 MB
Progress (3): 0.1/62 MB | 65/573 kB | 0/3.0 MB
Progress (3): 0.1/62 MB | 65/573 kB | 0/3.0 MB
Progress (3): 0.1/62 MB | 65/573 kB | 0/3.0 MB
Progress (3): 0.1/62 MB | 65/573 kB | 0/3.0 MB
Progress (3): 0.1/62 MB | 65/573 kB | 0/3.0 MB
Progress (3): 0.1/62 MB | 65/573 kB | 0/3.0 MB
Progress (3): 0.1/62 MB | 65/573 kB | 0/3.0 MB
Progress (3): 0.1/62 MB | 65/573 kB | 0/3.0 MB
Progress (3): 0.1/62 MB | 65/573 kB | 0/3.0 MB
Progress (3): 0.1/62 MB | 65/573 kB | 0/3.0 MB
Progress (3): 0.1/62 MB | 65/573 kB | 0/3.0 MB
Progress (3): 0.1/62 MB | 65/573 kB | 0/3.0 MB
Progress (3): 0.1/62 MB | 65/573 kB | 0/3.0 MB
Progress (3): 0.1/62 MB | 65/573 kB | 0/3.0 MB
Progress (3): 0.1/62 MB | 65/573 kB | 0/3.0 MB
Progress (3): 0.1/62 MB | 65/573 kB | 0/3.0 MB
Progress (3): 0.1/62 MB | 65/573 kB | 0/3.0 MB
Progress (3): 0.1/62 MB | 65/573 kB | 0/3.0 MB
Progress (3): 0.1/62 MB | 65/573 kB | 0/3.0 MB
Progress (3): 0.1/62 MB | 65/573 kB | 0/3.0 MB
Progress (3): 0.1/62 MB | 65/573 kB | 0/3.0 MB
Progress (3): 0.1/62 MB | 65/573 kB | 0/3.0 MB
Progress (3): 0.1/62 MB | 65/573 kB | 0.1/3.0 MB
Progress (3): 0.1/62 MB | 65/573 kB | 0.1/3.0 MB
Progress (3): 0.2/62 MB | 65/573 kB | 0.1/3.0 MB
Progress (3): 0.2/62 MB | 65/573 kB | 0.1/3.0 MB
Progress (3): 0.2/62 MB | 65/573 kB | 0.1/3.0 MB
Progress (3): 0.2/62 MB | 65/573 kB | 0.1/3.0 MB
Progress (3): 0.2/62 MB | 65/573 kB | 0.1/3.0 MB
Progress (3): 0.2/62 MB | 65/573 kB | 0.1/3.0 MB
Progress (3): 0.3/62 MB | 65/573 kB | 0.1/3.0 MB
Progress (3): 0.3/62 MB | 65/573 kB | 0.1/3.0 MB
Progress (3): 0.3/62 MB | 81/573 kB | 0.1/3.0 MB
Progress (3): 0.3/62 MB | 97/573 kB | 0.1/3.0 MB
Progress (3): 0.3/62 MB | 114/573 kB | 0.1/3.0 MB
Progress (3): 0.3/62 MB | 130/573 kB | 0.1/3.0 MB
Progress (3): 0.3/62 MB | 147/573 kB | 0.1/3.0 MB
Progress (3): 0.3/62 MB | 163/573 kB | 0.1/3.0 MB
Progress (3): 0.3/62 MB | 163/573 kB | 0.1/3.0 MB
Progress (3): 0.3/62 MB | 163/573 kB | 0.1/3.0 MB
Progress (3): 0.3/62 MB | 163/573 kB | 0.1/3.0 MB
Progress (3): 0.3/62 MB | 163/573 kB | 0.1/3.0 MB
Progress (3): 0.3/62 MB | 163/573 kB | 0.1/3.0 MB
Progress (3): 0.3/62 MB | 163/573 kB | 0.1/3.0 MB
Progress (3): 0.3/62 MB | 163/573 kB | 0.1/3.0 MB
Progress (3): 0.3/62 MB | 163/573 kB | 0.1/3.0 MB
Progress (3): 0.3/62 MB | 163/573 kB | 0.1/3.0 MB
Progress (3): 0.3/62 MB | 163/573 kB | 0.1/3.0 MB
Progress (3): 0.3/62 MB | 163/573 kB | 0.1/3.0 MB
Progress (3): 0.3/62 MB | 163/573 kB | 0.1/3.0 MB
Progress (3): 0.3/62 MB | 179/573 kB | 0.1/3.0 MB
Progress (3): 0.3/62 MB | 196/573 kB | 0.1/3.0 MB
Progress (3): 0.3/62 MB | 196/573 kB | 0.1/3.0 MB
Progress (3): 0.3/62 MB | 196/573 kB | 0.1/3.0 MB
Progress (3): 0.3/62 MB | 196/573 kB | 0.1/3.0 MB
Progress (4): 0.3/62 MB | 196/573 kB | 0.1/3.0 MB | 0/1.5 MB
Progress (4): 0.3/62 MB | 196/573 kB | 0.1/3.0 MB | 0/1.5 MB
Progress (4): 0.3/62 MB | 196/573 kB | 0.1/3.0 MB | 0/1.5 MB
Progress (4): 0.3/62 MB | 196/573 kB | 0.1/3.0 MB | 0.1/1.5 MB
Progress (4): 0.3/62 MB | 196/573 kB | 0.1/3.0 MB | 0.1/1.5 MB
Progress (4): 0.3/62 MB | 196/573 kB | 0.1/3.0 MB | 0.1/1.5 MB
Progress (4): 0.4/62 MB | 196/573 kB | 0.1/3.0 MB | 0.1/1.5 MB
Progress (4): 0.4/62 MB | 196/573 kB | 0.1/3.0 MB | 0.1/1.5 MB
Progress (4): 0.4/62 MB | 196/573 kB | 0.1/3.0 MB | 0.1/1.5 MB
Progress (4): 0.4/62 MB | 196/573 kB | 0.1/3.0 MB | 0.1/1.5 MB
Progress (4): 0.4/62 MB | 196/573 kB | 0.1/3.0 MB | 0.1/1.5 MB
Progress (4): 0.4/62 MB | 196/573 kB | 0.1/3.0 MB | 0.1/1.5 MB
Progress (4): 0.4/62 MB | 196/573 kB | 0.1/3.0 MB | 0.1/1.5 MB
Progress (4): 0.4/62 MB | 196/573 kB | 0.1/3.0 MB | 0.1/1.5 MB
Progress (4): 0.4/62 MB | 212/573 kB | 0.1/3.0 MB | 0.1/1.5 MB
Progress (4): 0.4/62 MB | 228/573 kB | 0.1/3.0 MB | 0.1/1.5 MB
Progress (4): 0.4/62 MB | 245/573 kB | 0.1/3.0 MB | 0.1/1.5 MB
Progress (4): 0.4/62 MB | 261/573 kB | 0.1/3.0 MB | 0.1/1.5 MB
Progress (4): 0.4/62 MB | 278/573 kB | 0.1/3.0 MB | 0.1/1.5 MB
Progress (4): 0.4/62 MB | 278/573 kB | 0.1/3.0 MB | 0.1/1.5 MB
Progress (4): 0.5/62 MB | 278/573 kB | 0.1/3.0 MB | 0.1/1.5 MB
Progress (4): 0.5/62 MB | 278/573 kB | 0.1/3.0 MB | 0.1/1.5 MB
Progress (4): 0.5/62 MB | 278/573 kB | 0.1/3.0 MB | 0.1/1.5 MB
Progress (4): 0.5/62 MB | 294/573 kB | 0.1/3.0 MB | 0.1/1.5 MB
Progress (4): 0.5/62 MB | 310/573 kB | 0.1/3.0 MB | 0.1/1.5 MB
Progress (4): 0.5/62 MB | 327/573 kB | 0.1/3.0 MB | 0.1/1.5 MB
Progress (4): 0.5/62 MB | 327/573 kB | 0.1/3.0 MB | 0.1/1.5 MB
Progress (4): 0.5/62 MB | 327/573 kB | 0.1/3.0 MB | 0.1/1.5 MB
Progress (4): 0.5/62 MB | 327/573 kB | 0.2/3.0 MB | 0.1/1.5 MB
Progress (4): 0.5/62 MB | 327/573 kB | 0.2/3.0 MB | 0.1/1.5 MB
Progress (4): 0.5/62 MB | 327/573 kB | 0.2/3.0 MB | 0.1/1.5 MB
Progress (4): 0.5/62 MB | 327/573 kB | 0.2/3.0 MB | 0.1/1.5 MB
Progress (4): 0.5/62 MB | 327/573 kB | 0.2/3.0 MB | 0.1/1.5 MB
Progress (4): 0.5/62 MB | 327/573 kB | 0.2/3.0 MB | 0.1/1.5 MB
Progress (4): 0.5/62 MB | 343/573 kB | 0.2/3.0 MB | 0.1/1.5 MB
Progress (4): 0.5/62 MB | 343/573 kB | 0.2/3.0 MB | 0.1/1.5 MB
Progress (4): 0.5/62 MB | 359/573 kB | 0.2/3.0 MB | 0.1/1.5 MB
Progress (4): 0.5/62 MB | 359/573 kB | 0.2/3.0 MB | 0.2/1.5 MB
Progress (4): 0.5/62 MB | 376/573 kB | 0.2/3.0 MB | 0.2/1.5 MB
Progress (4): 0.5/62 MB | 376/573 kB | 0.2/3.0 MB | 0.2/1.5 MB
Progress (4): 0.5/62 MB | 392/573 kB | 0.2/3.0 MB | 0.2/1.5 MB
Progress (4): 0.5/62 MB | 409/573 kB | 0.2/3.0 MB | 0.2/1.5 MB
Progress (4): 0.5/62 MB | 425/573 kB | 0.2/3.0 MB | 0.2/1.5 MB
Progress (4): 0.5/62 MB | 425/573 kB | 0.2/3.0 MB | 0.2/1.5 MB
Progress (4): 0.5/62 MB | 425/573 kB | 0.2/3.0 MB | 0.2/1.5 MB
Progress (4): 0.5/62 MB | 425/573 kB | 0.2/3.0 MB | 0.2/1.5 MB
Progress (4): 0.6/62 MB | 425/573 kB | 0.2/3.0 MB | 0.2/1.5 MB
Progress (4): 0.6/62 MB | 425/573 kB | 0.2/3.0 MB | 0.2/1.5 MB
Progress (4): 0.6/62 MB | 425/573 kB | 0.2/3.0 MB | 0.2/1.5 MB
Progress (4): 0.6/62 MB | 425/573 kB | 0.2/3.0 MB | 0.2/1.5 MB
Progress (4): 0.6/62 MB | 425/573 kB | 0.2/3.0 MB | 0.2/1.5 MB
Progress (4): 0.6/62 MB | 425/573 kB | 0.2/3.0 MB | 0.2/1.5 MB
Progress (4): 0.6/62 MB | 425/573 kB | 0.2/3.0 MB | 0.2/1.5 MB
Progress (4): 0.6/62 MB | 425/573 kB | 0.3/3.0 MB | 0.2/1.5 MB
Progress (4): 0.6/62 MB | 425/573 kB | 0.3/3.0 MB | 0.2/1.5 MB
Progress (4): 0.6/62 MB | 425/573 kB | 0.3/3.0 MB | 0.2/1.5 MB
Progress (4): 0.6/62 MB | 441/573 kB | 0.3/3.0 MB | 0.2/1.5 MB
Progress (4): 0.6/62 MB | 441/573 kB | 0.3/3.0 MB | 0.3/1.5 MB
Progress (4): 0.6/62 MB | 458/573 kB | 0.3/3.0 MB | 0.3/1.5 MB
Progress (4): 0.6/62 MB | 458/573 kB | 0.3/3.0 MB | 0.3/1.5 MB
Progress (4): 0.6/62 MB | 474/573 kB | 0.3/3.0 MB | 0.3/1.5 MB
Progress (4): 0.6/62 MB | 474/573 kB | 0.3/3.0 MB | 0.3/1.5 MB
Progress (4): 0.6/62 MB | 491/573 kB | 0.3/3.0 MB | 0.3/1.5 MB
Progress (4): 0.6/62 MB | 491/573 kB | 0.3/3.0 MB | 0.3/1.5 MB
Progress (4): 0.6/62 MB | 491/573 kB | 0.3/3.0 MB | 0.3/1.5 MB
Progress (4): 0.6/62 MB | 491/573 kB | 0.3/3.0 MB | 0.3/1.5 MB
Progress (4): 0.6/62 MB | 491/573 kB | 0.3/3.0 MB | 0.3/1.5 MB
Progress (4): 0.6/62 MB | 491/573 kB | 0.3/3.0 MB | 0.3/1.5 MB
Progress (4): 0.6/62 MB | 491/573 kB | 0.4/3.0 MB | 0.3/1.5 MB
Progress (4): 0.6/62 MB | 491/573 kB | 0.4/3.0 MB | 0.3/1.5 MB
Progress (4): 0.6/62 MB | 491/573 kB | 0.4/3.0 MB | 0.3/1.5 MB
Progress (4): 0.6/62 MB | 491/573 kB | 0.4/3.0 MB | 0.3/1.5 MB
Progress (4): 0.6/62 MB | 491/573 kB | 0.4/3.0 MB | 0.3/1.5 MB
Progress (4): 0.6/62 MB | 491/573 kB | 0.4/3.0 MB | 0.3/1.5 MB
Progress (4): 0.6/62 MB | 491/573 kB | 0.4/3.0 MB | 0.3/1.5 MB
Progress (4): 0.6/62 MB | 491/573 kB | 0.4/3.0 MB | 0.4/1.5 MB
Progress (4): 0.6/62 MB | 507/573 kB | 0.4/3.0 MB | 0.4/1.5 MB
Progress (4): 0.6/62 MB | 507/573 kB | 0.4/3.0 MB | 0.4/1.5 MB
Progress (4): 0.6/62 MB | 523/573 kB | 0.4/3.0 MB | 0.4/1.5 MB
Progress (4): 0.6/62 MB | 523/573 kB | 0.4/3.0 MB | 0.4/1.5 MB
Progress (4): 0.6/62 MB | 540/573 kB | 0.4/3.0 MB | 0.4/1.5 MB
Progress (4): 0.6/62 MB | 540/573 kB | 0.4/3.0 MB | 0.4/1.5 MB
Progress (4): 0.6/62 MB | 556/573 kB | 0.4/3.0 MB | 0.4/1.5 MB
Progress (4): 0.6/62 MB | 556/573 kB | 0.4/3.0 MB | 0.4/1.5 MB
Progress (5): 0.6/62 MB | 556/573 kB | 0.4/3.0 MB | 0.4/1.5 MB | 16/169 kB
Progress (5): 0.6/62 MB | 556/573 kB | 0.4/3.0 MB | 0.4/1.5 MB | 16/169 kB
Progress (5): 0.6/62 MB | 556/573 kB | 0.4/3.0 MB | 0.4/1.5 MB | 16/169 kB
Progress (5): 0.6/62 MB | 556/573 kB | 0.4/3.0 MB | 0.5/1.5 MB | 16/169 kB
Progress (5): 0.7/62 MB | 556/573 kB | 0.4/3.0 MB | 0.5/1.5 MB | 16/169 kB
Progress (5): 0.7/62 MB | 556/573 kB | 0.4/3.0 MB | 0.5/1.5 MB | 16/169 kB
Progress (5): 0.7/62 MB | 556/573 kB | 0.4/3.0 MB | 0.5/1.5 MB | 16/169 kB
Progress (5): 0.7/62 MB | 556/573 kB | 0.4/3.0 MB | 0.5/1.5 MB | 16/169 kB
Progress (5): 0.7/62 MB | 556/573 kB | 0.4/3.0 MB | 0.5/1.5 MB | 16/169 kB
Progress (5): 0.7/62 MB | 556/573 kB | 0.4/3.0 MB | 0.5/1.5 MB | 16/169 kB
Progress (5): 0.7/62 MB | 556/573 kB | 0.4/3.0 MB | 0.5/1.5 MB | 16/169 kB
Progress (5): 0.8/62 MB | 556/573 kB | 0.4/3.0 MB | 0.5/1.5 MB | 16/169 kB
Progress (5): 0.8/62 MB | 556/573 kB | 0.4/3.0 MB | 0.5/1.5 MB | 16/169 kB
Progress (5): 0.8/62 MB | 556/573 kB | 0.4/3.0 MB | 0.5/1.5 MB | 16/169 kB
Progress (5): 0.8/62 MB | 572/573 kB | 0.4/3.0 MB | 0.5/1.5 MB | 16/169 kB
Progress (5): 0.8/62 MB | 573 kB | 0.4/3.0 MB | 0.5/1.5 MB | 16/169 kB    
Progress (5): 0.8/62 MB | 573 kB | 0.4/3.0 MB | 0.5/1.5 MB | 16/169 kB
Progress (5): 0.8/62 MB | 573 kB | 0.4/3.0 MB | 0.5/1.5 MB | 16/169 kB
Progress (5): 0.8/62 MB | 573 kB | 0.5/3.0 MB | 0.5/1.5 MB | 16/169 kB
Progress (5): 0.8/62 MB | 573 kB | 0.5/3.0 MB | 0.5/1.5 MB | 16/169 kB
Progress (5): 0.8/62 MB | 573 kB | 0.5/3.0 MB | 0.5/1.5 MB | 16/169 kB
Progress (5): 0.8/62 MB | 573 kB | 0.5/3.0 MB | 0.5/1.5 MB | 16/169 kB
Progress (5): 0.8/62 MB | 573 kB | 0.5/3.0 MB | 0.5/1.5 MB | 33/169 kB
Progress (5): 0.8/62 MB | 573 kB | 0.5/3.0 MB | 0.5/1.5 MB | 33/169 kB
Progress (5): 0.8/62 MB | 573 kB | 0.5/3.0 MB | 0.5/1.5 MB | 49/169 kB
Progress (5): 0.8/62 MB | 573 kB | 0.5/3.0 MB | 0.5/1.5 MB | 49/169 kB
Progress (5): 0.8/62 MB | 573 kB | 0.5/3.0 MB | 0.5/1.5 MB | 66/169 kB
Progress (5): 0.8/62 MB | 573 kB | 0.6/3.0 MB | 0.5/1.5 MB | 66/169 kB
Progress (5): 0.8/62 MB | 573 kB | 0.6/3.0 MB | 0.5/1.5 MB | 66/169 kB
Progress (5): 0.8/62 MB | 573 kB | 0.6/3.0 MB | 0.5/1.5 MB | 66/169 kB
Progress (5): 0.8/62 MB | 573 kB | 0.6/3.0 MB | 0.5/1.5 MB | 66/169 kB
Progress (5): 0.8/62 MB | 573 kB | 0.6/3.0 MB | 0.5/1.5 MB | 66/169 kB
                                                                      
Downloaded from central: https://repo.maven.apache.org/maven2/org/jetbrains/intellij/deps/trove4j/1.0.20200330/trove4j-1.0.20200330.jar (573 kB at 7.3 MB/s)
Downloading from central: https://repo.maven.apache.org/maven2/org/jetbrains/kotlin/kotlin-stdlib-common/1.5.0/kotlin-stdlib-common-1.5.0.jar
Progress (4): 0.8/62 MB | 0.6/3.0 MB | 0.5/1.5 MB | 82/169 kB
Progress (4): 0.8/62 MB | 0.6/3.0 MB | 0.5/1.5 MB | 82/169 kB
Progress (4): 0.8/62 MB | 0.6/3.0 MB | 0.5/1.5 MB | 82/169 kB
Progress (4): 0.8/62 MB | 0.6/3.0 MB | 0.5/1.5 MB | 82/169 kB
Progress (4): 0.8/62 MB | 0.6/3.0 MB | 0.5/1.5 MB | 82/169 kB
Progress (4): 0.8/62 MB | 0.6/3.0 MB | 0.6/1.5 MB | 82/169 kB
Progress (4): 0.8/62 MB | 0.6/3.0 MB | 0.6/1.5 MB | 82/169 kB
Progress (4): 0.8/62 MB | 0.6/3.0 MB | 0.6/1.5 MB | 82/169 kB
Progress (4): 0.8/62 MB | 0.6/3.0 MB | 0.6/1.5 MB | 82/169 kB
Progress (4): 0.8/62 MB | 0.6/3.0 MB | 0.6/1.5 MB | 82/169 kB
Progress (4): 0.8/62 MB | 0.6/3.0 MB | 0.6/1.5 MB | 82/169 kB
Progress (4): 0.8/62 MB | 0.6/3.0 MB | 0.7/1.5 MB | 82/169 kB
Progress (4): 0.8/62 MB | 0.6/3.0 MB | 0.7/1.5 MB | 82/169 kB
Progress (4): 0.8/62 MB | 0.6/3.0 MB | 0.7/1.5 MB | 98/169 kB
Progress (4): 0.8/62 MB | 0.6/3.0 MB | 0.7/1.5 MB | 98/169 kB
Progress (4): 0.8/62 MB | 0.6/3.0 MB | 0.7/1.5 MB | 115/169 kB
Progress (4): 0.8/62 MB | 0.6/3.0 MB | 0.7/1.5 MB | 115/169 kB
Progress (4): 0.8/62 MB | 0.6/3.0 MB | 0.7/1.5 MB | 131/169 kB
Progress (4): 0.8/62 MB | 0.6/3.0 MB | 0.7/1.5 MB | 131/169 kB
Progress (4): 0.8/62 MB | 0.6/3.0 MB | 0.7/1.5 MB | 147/169 kB
Progress (4): 0.9/62 MB | 0.6/3.0 MB | 0.7/1.5 MB | 147/169 kB
Progress (4): 0.9/62 MB | 0.6/3.0 MB | 0.7/1.5 MB | 164/169 kB
Progress (4): 0.9/62 MB | 0.6/3.0 MB | 0.7/1.5 MB | 169 kB    
Progress (4): 0.9/62 MB | 0.6/3.0 MB | 0.7/1.5 MB | 169 kB
Progress (4): 0.9/62 MB | 0.6/3.0 MB | 0.7/1.5 MB | 169 kB
Progress (4): 0.9/62 MB | 0.6/3.0 MB | 0.7/1.5 MB | 169 kB
Progress (4): 0.9/62 MB | 0.6/3.0 MB | 0.7/1.5 MB | 169 kB
                                                          
Downloaded from central: https://repo.maven.apache.org/maven2/org/jetbrains/kotlinx/kotlinx-coroutines-core/1.5.0/kotlinx-coroutines-core-1.5.0.jar (169 kB at 1.9 MB/s)
Progress (3): 0.9/62 MB | 0.6/3.0 MB | 0.7/1.5 MB
Progress (3): 0.9/62 MB | 0.6/3.0 MB | 0.7/1.5 MB
Progress (3): 0.9/62 MB | 0.6/3.0 MB | 0.7/1.5 MB
Progress (3): 0.9/62 MB | 0.7/3.0 MB | 0.7/1.5 MB
Progress (3): 0.9/62 MB | 0.7/3.0 MB | 0.7/1.5 MB
Progress (3): 0.9/62 MB | 0.7/3.0 MB | 0.7/1.5 MB
Progress (3): 0.9/62 MB | 0.7/3.0 MB | 0.7/1.5 MB
                                                 
Downloading from central: https://repo.maven.apache.org/maven2/org/jetbrains/kotlin/kotlin-scripting-compiler/1.9.23/kotlin-scripting-compiler-1.9.23.jar
Progress (3): 0.9/62 MB | 0.7/3.0 MB | 0.7/1.5 MB
Progress (3): 0.9/62 MB | 0.7/3.0 MB | 0.7/1.5 MB
Progress (3): 0.9/62 MB | 0.8/3.0 MB | 0.7/1.5 MB
Progress (3): 0.9/62 MB | 0.8/3.0 MB | 0.7/1.5 MB
Progress (3): 0.9/62 MB | 0.8/3.0 MB | 0.7/1.5 MB
Progress (3): 0.9/62 MB | 0.8/3.0 MB | 0.7/1.5 MB
Progress (3): 0.9/62 MB | 0.8/3.0 MB | 0.7/1.5 MB
Progress (3): 0.9/62 MB | 0.8/3.0 MB | 0.7/1.5 MB
Progress (4): 0.9/62 MB | 0.8/3.0 MB | 0.7/1.5 MB | 16/197 kB
Progress (4): 0.9/62 MB | 0.8/3.0 MB | 0.7/1.5 MB | 16/197 kB
Progress (4): 0.9/62 MB | 0.8/3.0 MB | 0.7/1.5 MB | 33/197 kB
Progress (4): 0.9/62 MB | 0.8/3.0 MB | 0.7/1.5 MB | 33/197 kB
Progress (4): 0.9/62 MB | 0.8/3.0 MB | 0.7/1.5 MB | 49/197 kB
Progress (4): 0.9/62 MB | 0.8/3.0 MB | 0.7/1.5 MB | 63/197 kB
Progress (4): 0.9/62 MB | 0.8/3.0 MB | 0.7/1.5 MB | 63/197 kB
Progress (4): 0.9/62 MB | 0.8/3.0 MB | 0.7/1.5 MB | 63/197 kB
Progress (4): 0.9/62 MB | 0.8/3.0 MB | 0.7/1.5 MB | 80/197 kB
Progress (4): 0.9/62 MB | 0.8/3.0 MB | 0.7/1.5 MB | 96/197 kB
Progress (4): 0.9/62 MB | 0.8/3.0 MB | 0.7/1.5 MB | 96/197 kB
Progress (4): 0.9/62 MB | 0.8/3.0 MB | 0.8/1.5 MB | 96/197 kB
Progress (4): 0.9/62 MB | 0.8/3.0 MB | 0.8/1.5 MB | 96/197 kB
Progress (4): 0.9/62 MB | 0.8/3.0 MB | 0.8/1.5 MB | 96/197 kB
Progress (4): 0.9/62 MB | 0.8/3.0 MB | 0.8/1.5 MB | 96/197 kB
Progress (4): 1.0/62 MB | 0.8/3.0 MB | 0.8/1.5 MB | 96/197 kB
Progress (4): 1.0/62 MB | 0.8/3.0 MB | 0.8/1.5 MB | 96/197 kB
Progress (4): 1.0/62 MB | 0.8/3.0 MB | 0.8/1.5 MB | 96/197 kB
Progress (4): 1.0/62 MB | 0.8/3.0 MB | 0.8/1.5 MB | 96/197 kB
Progress (4): 1.0/62 MB | 0.8/3.0 MB | 0.8/1.5 MB | 96/197 kB
Progress (4): 1.0/62 MB | 0.8/3.0 MB | 0.8/1.5 MB | 96/197 kB
Progress (4): 1.1/62 MB | 0.8/3.0 MB | 0.8/1.5 MB | 96/197 kB
Progress (4): 1.1/62 MB | 0.8/3.0 MB | 0.8/1.5 MB | 96/197 kB
Progress (4): 1.1/62 MB | 0.8/3.0 MB | 0.8/1.5 MB | 96/197 kB
Progress (4): 1.1/62 MB | 0.8/3.0 MB | 0.8/1.5 MB | 96/197 kB
Progress (4): 1.1/62 MB | 0.8/3.0 MB | 0.8/1.5 MB | 96/197 kB
Progress (4): 1.1/62 MB | 0.9/3.0 MB | 0.8/1.5 MB | 96/197 kB
Progress (4): 1.1/62 MB | 0.9/3.0 MB | 0.8/1.5 MB | 96/197 kB
Progress (4): 1.1/62 MB | 0.9/3.0 MB | 0.8/1.5 MB | 96/197 kB
Progress (4): 1.1/62 MB | 0.9/3.0 MB | 0.8/1.5 MB | 96/197 kB
Progress (4): 1.1/62 MB | 0.9/3.0 MB | 0.8/1.5 MB | 96/197 kB
Progress (4): 1.1/62 MB | 0.9/3.0 MB | 0.8/1.5 MB | 96/197 kB
Progress (4): 1.1/62 MB | 1.0/3.0 MB | 0.8/1.5 MB | 96/197 kB
Progress (4): 1.1/62 MB | 1.0/3.0 MB | 0.8/1.5 MB | 96/197 kB
Progress (4): 1.1/62 MB | 1.0/3.0 MB | 0.8/1.5 MB | 96/197 kB
Progress (5): 1.1/62 MB | 1.0/3.0 MB | 0.8/1.5 MB | 96/197 kB | 16/444 kB
Progress (5): 1.1/62 MB | 1.0/3.0 MB | 0.8/1.5 MB | 96/197 kB | 33/444 kB
Progress (5): 1.1/62 MB | 1.0/3.0 MB | 0.8/1.5 MB | 112/197 kB | 33/444 kB
Progress (5): 1.1/62 MB | 1.0/3.0 MB | 0.8/1.5 MB | 112/197 kB | 49/444 kB
Progress (5): 1.1/62 MB | 1.0/3.0 MB | 0.8/1.5 MB | 129/197 kB | 49/444 kB
Progress (5): 1.1/62 MB | 1.0/3.0 MB | 0.8/1.5 MB | 129/197 kB | 65/444 kB
Progress (5): 1.1/62 MB | 1.0/3.0 MB | 0.8/1.5 MB | 145/197 kB | 65/444 kB
Progress (5): 1.1/62 MB | 1.0/3.0 MB | 0.8/1.5 MB | 145/197 kB | 65/444 kB
Progress (5): 1.1/62 MB | 1.0/3.0 MB | 0.8/1.5 MB | 145/197 kB | 81/444 kB
Progress (5): 1.1/62 MB | 1.0/3.0 MB | 0.8/1.5 MB | 162/197 kB | 81/444 kB
Progress (5): 1.1/62 MB | 1.0/3.0 MB | 0.8/1.5 MB | 162/197 kB | 81/444 kB
Progress (5): 1.1/62 MB | 1.0/3.0 MB | 0.8/1.5 MB | 162/197 kB | 98/444 kB
Progress (5): 1.1/62 MB | 1.0/3.0 MB | 0.8/1.5 MB | 178/197 kB | 98/444 kB
Progress (5): 1.1/62 MB | 1.0/3.0 MB | 0.9/1.5 MB | 178/197 kB | 98/444 kB
Progress (5): 1.1/62 MB | 1.0/3.0 MB | 0.9/1.5 MB | 194/197 kB | 98/444 kB
Progress (5): 1.1/62 MB | 1.0/3.0 MB | 0.9/1.5 MB | 194/197 kB | 98/444 kB
Progress (5): 1.1/62 MB | 1.0/3.0 MB | 0.9/1.5 MB | 194/197 kB | 98/444 kB
Progress (5): 1.1/62 MB | 1.0/3.0 MB | 0.9/1.5 MB | 194/197 kB | 98/444 kB
Progress (5): 1.1/62 MB | 1.0/3.0 MB | 0.9/1.5 MB | 197 kB | 98/444 kB    
Progress (5): 1.1/62 MB | 1.0/3.0 MB | 0.9/1.5 MB | 197 kB | 98/444 kB
Progress (5): 1.1/62 MB | 1.0/3.0 MB | 0.9/1.5 MB | 197 kB | 98/444 kB
                                                                      
Downloaded from central: https://repo.maven.apache.org/maven2/org/jetbrains/kotlin/kotlin-stdlib-common/1.5.0/kotlin-stdlib-common-1.5.0.jar (197 kB at 1.8 MB/s)
Progress (4): 1.1/62 MB | 1.0/3.0 MB | 1.0/1.5 MB | 98/444 kB
Progress (4): 1.1/62 MB | 1.0/3.0 MB | 1.0/1.5 MB | 98/444 kB
Progress (4): 1.1/62 MB | 1.0/3.0 MB | 1.0/1.5 MB | 98/444 kB
Progress (4): 1.2/62 MB | 1.0/3.0 MB | 1.0/1.5 MB | 98/444 kB
Progress (4): 1.2/62 MB | 1.0/3.0 MB | 1.0/1.5 MB | 98/444 kB
Progress (4): 1.2/62 MB | 1.0/3.0 MB | 1.0/1.5 MB | 98/444 kB
Progress (4): 1.2/62 MB | 1.0/3.0 MB | 1.0/1.5 MB | 98/444 kB
Progress (4): 1.2/62 MB | 1.0/3.0 MB | 1.0/1.5 MB | 98/444 kB
Progress (4): 1.2/62 MB | 1.0/3.0 MB | 1.0/1.5 MB | 98/444 kB
Progress (4): 1.3/62 MB | 1.0/3.0 MB | 1.0/1.5 MB | 98/444 kB
Progress (4): 1.3/62 MB | 1.0/3.0 MB | 1.0/1.5 MB | 98/444 kB
Progress (4): 1.3/62 MB | 1.0/3.0 MB | 1.0/1.5 MB | 98/444 kB
Progress (4): 1.3/62 MB | 1.0/3.0 MB | 1.0/1.5 MB | 114/444 kB
Progress (4): 1.3/62 MB | 1.0/3.0 MB | 1.0/1.5 MB | 114/444 kB
Progress (4): 1.3/62 MB | 1.0/3.0 MB | 1.0/1.5 MB | 130/444 kB
Progress (4): 1.3/62 MB | 1.1/3.0 MB | 1.0/1.5 MB | 130/444 kB
Progress (4): 1.3/62 MB | 1.1/3.0 MB | 1.0/1.5 MB | 130/444 kB
Progress (4): 1.3/62 MB | 1.1/3.0 MB | 1.0/1.5 MB | 147/444 kB
Progress (4): 1.3/62 MB | 1.1/3.0 MB | 1.0/1.5 MB | 147/444 kB
Progress (4): 1.3/62 MB | 1.1/3.0 MB | 1.0/1.5 MB | 163/444 kB
Progress (4): 1.3/62 MB | 1.1/3.0 MB | 1.0/1.5 MB | 163/444 kB
Progress (4): 1.3/62 MB | 1.1/3.0 MB | 1.0/1.5 MB | 179/444 kB
Progress (4): 1.3/62 MB | 1.1/3.0 MB | 1.0/1.5 MB | 179/444 kB
Progress (4): 1.3/62 MB | 1.1/3.0 MB | 1.0/1.5 MB | 196/444 kB
Progress (4): 1.3/62 MB | 1.1/3.0 MB | 1.0/1.5 MB | 212/444 kB
Progress (4): 1.3/62 MB | 1.1/3.0 MB | 1.0/1.5 MB | 212/444 kB
Progress (4): 1.3/62 MB | 1.1/3.0 MB | 1.0/1.5 MB | 212/444 kB
Progress (4): 1.3/62 MB | 1.1/3.0 MB | 1.0/1.5 MB | 229/444 kB
Progress (4): 1.3/62 MB | 1.1/3.0 MB | 1.0/1.5 MB | 229/444 kB
Progress (4): 1.3/62 MB | 1.1/3.0 MB | 1.0/1.5 MB | 245/444 kB
Progress (4): 1.3/62 MB | 1.1/3.0 MB | 1.0/1.5 MB | 245/444 kB
                                                              
Downloading from central: https://repo.maven.apache.org/maven2/org/jetbrains/kotlin/kotlin-scripting-common/1.9.23/kotlin-scripting-common-1.9.23.jar
Progress (4): 1.3/62 MB | 1.1/3.0 MB | 1.0/1.5 MB | 245/444 kB
Progress (4): 1.3/62 MB | 1.1/3.0 MB | 1.1/1.5 MB | 245/444 kB
Progress (4): 1.3/62 MB | 1.1/3.0 MB | 1.1/1.5 MB | 245/444 kB
Progress (4): 1.3/62 MB | 1.1/3.0 MB | 1.1/1.5 MB | 245/444 kB
Progress (4): 1.3/62 MB | 1.1/3.0 MB | 1.1/1.5 MB | 245/444 kB
Progress (4): 1.3/62 MB | 1.2/3.0 MB | 1.1/1.5 MB | 245/444 kB
Progress (4): 1.3/62 MB | 1.2/3.0 MB | 1.1/1.5 MB | 245/444 kB
Progress (4): 1.3/62 MB | 1.2/3.0 MB | 1.1/1.5 MB | 245/444 kB
Progress (4): 1.3/62 MB | 1.2/3.0 MB | 1.1/1.5 MB | 245/444 kB
Progress (4): 1.3/62 MB | 1.2/3.0 MB | 1.1/1.5 MB | 245/444 kB
Progress (4): 1.3/62 MB | 1.2/3.0 MB | 1.1/1.5 MB | 245/444 kB
Progress (4): 1.3/62 MB | 1.2/3.0 MB | 1.1/1.5 MB | 245/444 kB
Progress (4): 1.3/62 MB | 1.2/3.0 MB | 1.1/1.5 MB | 245/444 kB
Progress (4): 1.3/62 MB | 1.2/3.0 MB | 1.1/1.5 MB | 245/444 kB
Progress (4): 1.3/62 MB | 1.2/3.0 MB | 1.1/1.5 MB | 245/444 kB
Progress (4): 1.3/62 MB | 1.2/3.0 MB | 1.1/1.5 MB | 245/444 kB
Progress (4): 1.3/62 MB | 1.2/3.0 MB | 1.1/1.5 MB | 245/444 kB
Progress (4): 1.4/62 MB | 1.2/3.0 MB | 1.1/1.5 MB | 245/444 kB
Progress (4): 1.4/62 MB | 1.2/3.0 MB | 1.1/1.5 MB | 245/444 kB
Progress (4): 1.4/62 MB | 1.2/3.0 MB | 1.1/1.5 MB | 245/444 kB
Progress (4): 1.4/62 MB | 1.2/3.0 MB | 1.1/1.5 MB | 245/444 kB
Progress (4): 1.4/62 MB | 1.2/3.0 MB | 1.1/1.5 MB | 245/444 kB
Progress (4): 1.4/62 MB | 1.2/3.0 MB | 1.1/1.5 MB | 245/444 kB
Progress (4): 1.4/62 MB | 1.3/3.0 MB | 1.1/1.5 MB | 245/444 kB
Progress (4): 1.4/62 MB | 1.3/3.0 MB | 1.1/1.5 MB | 245/444 kB
Progress (4): 1.4/62 MB | 1.3/3.0 MB | 1.1/1.5 MB | 245/444 kB
Progress (4): 1.4/62 MB | 1.3/3.0 MB | 1.1/1.5 MB | 245/444 kB
Progress (4): 1.4/62 MB | 1.3/3.0 MB | 1.1/1.5 MB | 245/444 kB
Progress (4): 1.4/62 MB | 1.3/3.0 MB | 1.2/1.5 MB | 245/444 kB
Progress (4): 1.4/62 MB | 1.3/3.0 MB | 1.2/1.5 MB | 245/444 kB
Progress (4): 1.4/62 MB | 1.3/3.0 MB | 1.2/1.5 MB | 245/444 kB
Progress (4): 1.4/62 MB | 1.3/3.0 MB | 1.2/1.5 MB | 245/444 kB
Progress (4): 1.4/62 MB | 1.3/3.0 MB | 1.2/1.5 MB | 245/444 kB
Progress (4): 1.4/62 MB | 1.3/3.0 MB | 1.2/1.5 MB | 245/444 kB
Progress (4): 1.4/62 MB | 1.3/3.0 MB | 1.3/1.5 MB | 245/444 kB
Progress (4): 1.4/62 MB | 1.3/3.0 MB | 1.3/1.5 MB | 245/444 kB
Progress (4): 1.4/62 MB | 1.3/3.0 MB | 1.3/1.5 MB | 245/444 kB
Progress (4): 1.4/62 MB | 1.3/3.0 MB | 1.3/1.5 MB | 245/444 kB
Progress (4): 1.4/62 MB | 1.3/3.0 MB | 1.3/1.5 MB | 245/444 kB
Progress (4): 1.4/62 MB | 1.3/3.0 MB | 1.3/1.5 MB | 245/444 kB
Progress (4): 1.4/62 MB | 1.4/3.0 MB | 1.3/1.5 MB | 245/444 kB
Progress (4): 1.4/62 MB | 1.4/3.0 MB | 1.3/1.5 MB | 245/444 kB
Progress (4): 1.4/62 MB | 1.4/3.0 MB | 1.3/1.5 MB | 245/444 kB
Progress (4): 1.4/62 MB | 1.4/3.0 MB | 1.3/1.5 MB | 261/444 kB
Progress (4): 1.4/62 MB | 1.4/3.0 MB | 1.3/1.5 MB | 261/444 kB
Progress (4): 1.4/62 MB | 1.4/3.0 MB | 1.3/1.5 MB | 278/444 kB
Progress (4): 1.4/62 MB | 1.4/3.0 MB | 1.3/1.5 MB | 278/444 kB
Progress (4): 1.4/62 MB | 1.4/3.0 MB | 1.3/1.5 MB | 294/444 kB
Progress (4): 1.4/62 MB | 1.4/3.0 MB | 1.3/1.5 MB | 294/444 kB
Progress (4): 1.4/62 MB | 1.4/3.0 MB | 1.3/1.5 MB | 311/444 kB
Progress (4): 1.4/62 MB | 1.4/3.0 MB | 1.3/1.5 MB | 311/444 kB
Progress (4): 1.4/62 MB | 1.4/3.0 MB | 1.3/1.5 MB | 311/444 kB
Progress (4): 1.4/62 MB | 1.5/3.0 MB | 1.3/1.5 MB | 311/444 kB
Progress (4): 1.4/62 MB | 1.5/3.0 MB | 1.3/1.5 MB | 327/444 kB
Progress (4): 1.4/62 MB | 1.5/3.0 MB | 1.3/1.5 MB | 327/444 kB
Progress (4): 1.4/62 MB | 1.5/3.0 MB | 1.3/1.5 MB | 327/444 kB
Progress (4): 1.4/62 MB | 1.5/3.0 MB | 1.3/1.5 MB | 343/444 kB
Progress (4): 1.5/62 MB | 1.5/3.0 MB | 1.3/1.5 MB | 343/444 kB
Progress (4): 1.5/62 MB | 1.5/3.0 MB | 1.3/1.5 MB | 343/444 kB
Progress (4): 1.5/62 MB | 1.5/3.0 MB | 1.3/1.5 MB | 343/444 kB
Progress (4): 1.5/62 MB | 1.5/3.0 MB | 1.3/1.5 MB | 360/444 kB
Progress (4): 1.5/62 MB | 1.5/3.0 MB | 1.3/1.5 MB | 360/444 kB
Progress (4): 1.5/62 MB | 1.5/3.0 MB | 1.3/1.5 MB | 360/444 kB
Progress (4): 1.5/62 MB | 1.5/3.0 MB | 1.3/1.5 MB | 376/444 kB
Progress (4): 1.5/62 MB | 1.5/3.0 MB | 1.3/1.5 MB | 376/444 kB
Progress (4): 1.5/62 MB | 1.5/3.0 MB | 1.3/1.5 MB | 392/444 kB
Progress (4): 1.5/62 MB | 1.5/3.0 MB | 1.3/1.5 MB | 392/444 kB
Progress (4): 1.5/62 MB | 1.5/3.0 MB | 1.3/1.5 MB | 409/444 kB
Progress (4): 1.5/62 MB | 1.5/3.0 MB | 1.3/1.5 MB | 409/444 kB
Progress (4): 1.5/62 MB | 1.5/3.0 MB | 1.3/1.5 MB | 425/444 kB
Progress (4): 1.6/62 MB | 1.5/3.0 MB | 1.3/1.5 MB | 425/444 kB
Progress (4): 1.6/62 MB | 1.5/3.0 MB | 1.3/1.5 MB | 442/444 kB
Progress (4): 1.6/62 MB | 1.5/3.0 MB | 1.4/1.5 MB | 442/444 kB
Progress (4): 1.6/62 MB | 1.5/3.0 MB | 1.4/1.5 MB | 442/444 kB
Progress (4): 1.6/62 MB | 1.5/3.0 MB | 1.4/1.5 MB | 442/444 kB
Progress (4): 1.6/62 MB | 1.5/3.0 MB | 1.4/1.5 MB | 442/444 kB
Progress (5): 1.6/62 MB | 1.5/3.0 MB | 1.4/1.5 MB | 442/444 kB | 16/231 kB
Progress (5): 1.6/62 MB | 1.5/3.0 MB | 1.4/1.5 MB | 442/444 kB | 16/231 kB
Progress (5): 1.6/62 MB | 1.5/3.0 MB | 1.4/1.5 MB | 442/444 kB | 33/231 kB
Progress (5): 1.6/62 MB | 1.5/3.0 MB | 1.4/1.5 MB | 442/444 kB | 33/231 kB
Progress (5): 1.6/62 MB | 1.5/3.0 MB | 1.4/1.5 MB | 442/444 kB | 49/231 kB
Progress (5): 1.6/62 MB | 1.5/3.0 MB | 1.5/1.5 MB | 442/444 kB | 49/231 kB
Progress (5): 1.6/62 MB | 1.5/3.0 MB | 1.5/1.5 MB | 442/444 kB | 62/231 kB
Progress (5): 1.6/62 MB | 1.5/3.0 MB | 1.5/1.5 MB | 442/444 kB | 62/231 kB
Progress (5): 1.6/62 MB | 1.5/3.0 MB | 1.5/1.5 MB | 442/444 kB | 62/231 kB
Progress (5): 1.6/62 MB | 1.5/3.0 MB | 1.5 MB | 442/444 kB | 62/231 kB    
Progress (5): 1.6/62 MB | 1.5/3.0 MB | 1.5 MB | 442/444 kB | 79/231 kB
Progress (5): 1.6/62 MB | 1.5/3.0 MB | 1.5 MB | 442/444 kB | 79/231 kB
Progress (5): 1.6/62 MB | 1.5/3.0 MB | 1.5 MB | 442/444 kB | 79/231 kB
Progress (5): 1.6/62 MB | 1.5/3.0 MB | 1.5 MB | 442/444 kB | 79/231 kB
Progress (5): 1.6/62 MB | 1.5/3.0 MB | 1.5 MB | 442/444 kB | 79/231 kB
Progress (5): 1.6/62 MB | 1.6/3.0 MB | 1.5 MB | 442/444 kB | 79/231 kB
Progress (5): 1.6/62 MB | 1.6/3.0 MB | 1.5 MB | 442/444 kB | 79/231 kB
Progress (5): 1.6/62 MB | 1.6/3.0 MB | 1.5 MB | 442/444 kB | 79/231 kB
Progress (5): 1.6/62 MB | 1.6/3.0 MB | 1.5 MB | 442/444 kB | 95/231 kB
Progress (5): 1.7/62 MB | 1.6/3.0 MB | 1.5 MB | 442/444 kB | 95/231 kB
Progress (5): 1.7/62 MB | 1.6/3.0 MB | 1.5 MB | 442/444 kB | 95/231 kB
Progress (5): 1.7/62 MB | 1.6/3.0 MB | 1.5 MB | 442/444 kB | 95/231 kB
Progress (5): 1.7/62 MB | 1.6/3.0 MB | 1.5 MB | 442/444 kB | 95/231 kB
Progress (5): 1.7/62 MB | 1.6/3.0 MB | 1.5 MB | 442/444 kB | 95/231 kB
Progress (5): 1.7/62 MB | 1.6/3.0 MB | 1.5 MB | 442/444 kB | 95/231 kB
Progress (5): 1.8/62 MB | 1.6/3.0 MB | 1.5 MB | 442/444 kB | 95/231 kB
Progress (5): 1.8/62 MB | 1.6/3.0 MB | 1.5 MB | 442/444 kB | 95/231 kB
Progress (5): 1.8/62 MB | 1.6/3.0 MB | 1.5 MB | 442/444 kB | 95/231 kB
Progress (5): 1.8/62 MB | 1.6/3.0 MB | 1.5 MB | 442/444 kB | 95/231 kB
Progress (5): 1.8/62 MB | 1.6/3.0 MB | 1.5 MB | 442/444 kB | 95/231 kB
Progress (5): 1.8/62 MB | 1.6/3.0 MB | 1.5 MB | 442/444 kB | 95/231 kB
Progress (5): 1.8/62 MB | 1.6/3.0 MB | 1.5 MB | 442/444 kB | 95/231 kB
Progress (5): 1.8/62 MB | 1.6/3.0 MB | 1.5 MB | 442/444 kB | 95/231 kB
Progress (5): 1.8/62 MB | 1.6/3.0 MB | 1.5 MB | 442/444 kB | 95/231 kB
Progress (5): 1.8/62 MB | 1.6/3.0 MB | 1.5 MB | 442/444 kB | 95/231 kB
Progress (5): 1.8/62 MB | 1.6/3.0 MB | 1.5 MB | 442/444 kB | 95/231 kB
Progress (5): 1.8/62 MB | 1.7/3.0 MB | 1.5 MB | 442/444 kB | 95/231 kB
Progress (5): 1.8/62 MB | 1.7/3.0 MB | 1.5 MB | 442/444 kB | 95/231 kB
Progress (5): 1.8/62 MB | 1.7/3.0 MB | 1.5 MB | 442/444 kB | 95/231 kB
Progress (5): 1.8/62 MB | 1.7/3.0 MB | 1.5 MB | 444 kB | 95/231 kB    
Progress (5): 1.8/62 MB | 1.7/3.0 MB | 1.5 MB | 444 kB | 112/231 kB
Progress (5): 1.8/62 MB | 1.7/3.0 MB | 1.5 MB | 444 kB | 128/231 kB
Progress (5): 1.8/62 MB | 1.7/3.0 MB | 1.5 MB | 444 kB | 144/231 kB
                                                                   
Downloaded from central: https://repo.maven.apache.org/maven2/org/jetbrains/kotlin/kotlin-scripting-compiler/1.9.23/kotlin-scripting-compiler-1.9.23.jar (444 kB at 2.5 MB/s)
Downloading from central: https://repo.maven.apache.org/maven2/org/jetbrains/kotlin/kotlin-scripting-jvm/1.9.23/kotlin-scripting-jvm-1.9.23.jar
Progress (4): 1.8/62 MB | 1.7/3.0 MB | 1.5 MB | 161/231 kB
Progress (4): 1.8/62 MB | 1.7/3.0 MB | 1.5 MB | 177/231 kB
Progress (4): 1.8/62 MB | 1.7/3.0 MB | 1.5 MB | 177/231 kB
Progress (4): 1.8/62 MB | 1.7/3.0 MB | 1.5 MB | 177/231 kB
Progress (4): 1.8/62 MB | 1.7/3.0 MB | 1.5 MB | 194/231 kB
Progress (4): 1.8/62 MB | 1.7/3.0 MB | 1.5 MB | 194/231 kB
Progress (4): 1.9/62 MB | 1.7/3.0 MB | 1.5 MB | 194/231 kB
Progress (4): 1.9/62 MB | 1.7/3.0 MB | 1.5 MB | 194/231 kB
Progress (4): 1.9/62 MB | 1.7/3.0 MB | 1.5 MB | 194/231 kB
Progress (4): 1.9/62 MB | 1.7/3.0 MB | 1.5 MB | 194/231 kB
Progress (4): 1.9/62 MB | 1.7/3.0 MB | 1.5 MB | 210/231 kB
Progress (4): 1.9/62 MB | 1.8/3.0 MB | 1.5 MB | 210/231 kB
Progress (4): 1.9/62 MB | 1.8/3.0 MB | 1.5 MB | 210/231 kB
Progress (4): 1.9/62 MB | 1.8/3.0 MB | 1.5 MB | 210/231 kB
Progress (4): 1.9/62 MB | 1.8/3.0 MB | 1.5 MB | 210/231 kB
Progress (4): 1.9/62 MB | 1.8/3.0 MB | 1.5 MB | 210/231 kB
Progress (4): 1.9/62 MB | 1.8/3.0 MB | 1.5 MB | 210/231 kB
Progress (4): 1.9/62 MB | 1.8/3.0 MB | 1.5 MB | 210/231 kB
Progress (4): 1.9/62 MB | 1.8/3.0 MB | 1.5 MB | 210/231 kB
Progress (4): 1.9/62 MB | 1.8/3.0 MB | 1.5 MB | 210/231 kB
Progress (4): 1.9/62 MB | 1.8/3.0 MB | 1.5 MB | 210/231 kB
Progress (4): 2.0/62 MB | 1.8/3.0 MB | 1.5 MB | 210/231 kB
Progress (4): 2.0/62 MB | 1.8/3.0 MB | 1.5 MB | 226/231 kB
Progress (4): 2.0/62 MB | 1.8/3.0 MB | 1.5 MB | 226/231 kB
Progress (4): 2.0/62 MB | 1.8/3.0 MB | 1.5 MB | 231 kB    
Progress (4): 2.0/62 MB | 1.8/3.0 MB | 1.5 MB | 231 kB
Progress (4): 2.0/62 MB | 1.8/3.0 MB | 1.5 MB | 231 kB
Progress (4): 2.0/62 MB | 1.8/3.0 MB | 1.5 MB | 231 kB
                                                      
Downloaded from central: https://repo.maven.apache.org/maven2/org/jetbrains/kotlin/kotlin-scripting-common/1.9.23/kotlin-scripting-common-1.9.23.jar (231 kB at 1.3 MB/s)
Downloading from central: https://repo.maven.apache.org/maven2/org/jetbrains/kotlin/kotlin-scripting-compiler-impl/1.9.23/kotlin-scripting-compiler-impl-1.9.23.jar
Progress (3): 2.0/62 MB | 1.8/3.0 MB | 1.5 MB
Progress (3): 2.1/62 MB | 1.8/3.0 MB | 1.5 MB
Progress (3): 2.1/62 MB | 1.9/3.0 MB | 1.5 MB
Progress (3): 2.1/62 MB | 1.9/3.0 MB | 1.5 MB
Progress (3): 2.1/62 MB | 1.9/3.0 MB | 1.5 MB
Progress (3): 2.1/62 MB | 1.9/3.0 MB | 1.5 MB
Progress (3): 2.1/62 MB | 1.9/3.0 MB | 1.5 MB
Progress (3): 2.1/62 MB | 1.9/3.0 MB | 1.5 MB
Progress (3): 2.1/62 MB | 1.9/3.0 MB | 1.5 MB
Progress (3): 2.1/62 MB | 1.9/3.0 MB | 1.5 MB
Progress (3): 2.1/62 MB | 1.9/3.0 MB | 1.5 MB
Progress (3): 2.1/62 MB | 1.9/3.0 MB | 1.5 MB
Progress (3): 2.1/62 MB | 1.9/3.0 MB | 1.5 MB
Progress (3): 2.2/62 MB | 1.9/3.0 MB | 1.5 MB
Progress (3): 2.2/62 MB | 2.0/3.0 MB | 1.5 MB
Progress (3): 2.2/62 MB | 2.0/3.0 MB | 1.5 MB
Progress (3): 2.2/62 MB | 2.0/3.0 MB | 1.5 MB
Progress (3): 2.2/62 MB | 2.0/3.0 MB | 1.5 MB
Progress (3): 2.2/62 MB | 2.0/3.0 MB | 1.5 MB
Progress (3): 2.2/62 MB | 2.0/3.0 MB | 1.5 MB
Progress (3): 2.2/62 MB | 2.0/3.0 MB | 1.5 MB
Progress (3): 2.2/62 MB | 2.0/3.0 MB | 1.5 MB
Progress (4): 2.2/62 MB | 2.0/3.0 MB | 1.5 MB | 16/201 kB
Progress (4): 2.2/62 MB | 2.0/3.0 MB | 1.5 MB | 33/201 kB
Progress (4): 2.2/62 MB | 2.0/3.0 MB | 1.5 MB | 49/201 kB
Progress (4): 2.2/62 MB | 2.0/3.0 MB | 1.5 MB | 62/201 kB
Progress (4): 2.2/62 MB | 2.0/3.0 MB | 1.5 MB | 78/201 kB
Progress (4): 2.2/62 MB | 2.0/3.0 MB | 1.5 MB | 94/201 kB
Progress (4): 2.2/62 MB | 2.0/3.0 MB | 1.5 MB | 107/201 kB
Progress (4): 2.2/62 MB | 2.0/3.0 MB | 1.5 MB | 123/201 kB
Progress (4): 2.2/62 MB | 2.0/3.0 MB | 1.5 MB | 127/201 kB
Progress (4): 2.2/62 MB | 2.0/3.0 MB | 1.5 MB | 143/201 kB
Progress (4): 2.2/62 MB | 2.0/3.0 MB | 1.5 MB | 143/201 kB
Progress (4): 2.2/62 MB | 2.0/3.0 MB | 1.5 MB | 143/201 kB
Progress (4): 2.2/62 MB | 2.0/3.0 MB | 1.5 MB | 143/201 kB
Progress (4): 2.3/62 MB | 2.0/3.0 MB | 1.5 MB | 143/201 kB
Progress (4): 2.3/62 MB | 2.1/3.0 MB | 1.5 MB | 143/201 kB
Progress (4): 2.3/62 MB | 2.1/3.0 MB | 1.5 MB | 143/201 kB
Progress (4): 2.3/62 MB | 2.1/3.0 MB | 1.5 MB | 143/201 kB
Progress (4): 2.3/62 MB | 2.1/3.0 MB | 1.5 MB | 143/201 kB
Progress (4): 2.3/62 MB | 2.1/3.0 MB | 1.5 MB | 143/201 kB
Progress (4): 2.3/62 MB | 2.1/3.0 MB | 1.5 MB | 143/201 kB
Progress (4): 2.3/62 MB | 2.1/3.0 MB | 1.5 MB | 143/201 kB
Progress (4): 2.4/62 MB | 2.1/3.0 MB | 1.5 MB | 143/201 kB
                                                          
Downloaded from central: https://repo.maven.apache.org/maven2/org/jetbrains/kotlinx/kotlinx-coroutines-core-jvm/1.5.0/kotlinx-coroutines-core-jvm-1.5.0.jar (1.5 MB at 7.8 MB/s)
Downloading from central: https://repo.maven.apache.org/maven2/org/jline/jline/3.3.1/jline-3.3.1.jar
Progress (3): 2.4/62 MB | 2.1/3.0 MB | 143/201 kB
Progress (3): 2.4/62 MB | 2.1/3.0 MB | 143/201 kB
Progress (3): 2.4/62 MB | 2.1/3.0 MB | 143/201 kB
Progress (3): 2.4/62 MB | 2.1/3.0 MB | 143/201 kB
Progress (3): 2.4/62 MB | 2.1/3.0 MB | 143/201 kB
Progress (3): 2.4/62 MB | 2.1/3.0 MB | 143/201 kB
Progress (3): 2.4/62 MB | 2.1/3.0 MB | 143/201 kB
Progress (3): 2.4/62 MB | 2.2/3.0 MB | 143/201 kB
Progress (3): 2.4/62 MB | 2.2/3.0 MB | 143/201 kB
Progress (4): 2.4/62 MB | 2.2/3.0 MB | 143/201 kB | 16/319 kB
Progress (4): 2.4/62 MB | 2.2/3.0 MB | 143/201 kB | 33/319 kB
Progress (4): 2.4/62 MB | 2.2/3.0 MB | 143/201 kB | 49/319 kB
Progress (4): 2.4/62 MB | 2.2/3.0 MB | 143/201 kB | 63/319 kB
Progress (4): 2.4/62 MB | 2.2/3.0 MB | 143/201 kB | 79/319 kB
Progress (4): 2.4/62 MB | 2.2/3.0 MB | 143/201 kB | 96/319 kB
Progress (4): 2.4/62 MB | 2.2/3.0 MB | 143/201 kB | 96/319 kB
Progress (4): 2.4/62 MB | 2.2/3.0 MB | 143/201 kB | 96/319 kB
Progress (4): 2.4/62 MB | 2.2/3.0 MB | 143/201 kB | 96/319 kB
Progress (4): 2.4/62 MB | 2.2/3.0 MB | 143/201 kB | 96/319 kB
Progress (4): 2.4/62 MB | 2.3/3.0 MB | 143/201 kB | 96/319 kB
Progress (4): 2.4/62 MB | 2.3/3.0 MB | 143/201 kB | 96/319 kB
Progress (4): 2.4/62 MB | 2.3/3.0 MB | 143/201 kB | 96/319 kB
Progress (4): 2.4/62 MB | 2.3/3.0 MB | 143/201 kB | 96/319 kB
Progress (4): 2.4/62 MB | 2.3/3.0 MB | 143/201 kB | 96/319 kB
Progress (4): 2.4/62 MB | 2.3/3.0 MB | 160/201 kB | 96/319 kB
Progress (4): 2.5/62 MB | 2.3/3.0 MB | 160/201 kB | 96/319 kB
Progress (4): 2.5/62 MB | 2.3/3.0 MB | 160/201 kB | 96/319 kB
Progress (4): 2.5/62 MB | 2.3/3.0 MB | 160/201 kB | 96/319 kB
Progress (4): 2.5/62 MB | 2.3/3.0 MB | 160/201 kB | 96/319 kB
Progress (4): 2.5/62 MB | 2.3/3.0 MB | 160/201 kB | 96/319 kB
Progress (4): 2.5/62 MB | 2.3/3.0 MB | 160/201 kB | 96/319 kB
Progress (4): 2.5/62 MB | 2.3/3.0 MB | 160/201 kB | 96/319 kB
Progress (4): 2.5/62 MB | 2.4/3.0 MB | 160/201 kB | 96/319 kB
Progress (4): 2.5/62 MB | 2.4/3.0 MB | 160/201 kB | 112/319 kB
Progress (4): 2.5/62 MB | 2.4/3.0 MB | 160/201 kB | 128/319 kB
Progress (4): 2.5/62 MB | 2.4/3.0 MB | 160/201 kB | 145/319 kB
Progress (4): 2.5/62 MB | 2.4/3.0 MB | 160/201 kB | 161/319 kB
Progress (4): 2.5/62 MB | 2.4/3.0 MB | 160/201 kB | 178/319 kB
Progress (4): 2.5/62 MB | 2.4/3.0 MB | 160/201 kB | 194/319 kB
Progress (4): 2.5/62 MB | 2.4/3.0 MB | 160/201 kB | 210/319 kB
Progress (4): 2.5/62 MB | 2.4/3.0 MB | 160/201 kB | 227/319 kB
Progress (4): 2.5/62 MB | 2.4/3.0 MB | 176/201 kB | 227/319 kB
Progress (4): 2.5/62 MB | 2.4/3.0 MB | 193/201 kB | 227/319 kB
Progress (4): 2.5/62 MB | 2.4/3.0 MB | 201 kB | 227/319 kB    
Progress (4): 2.5/62 MB | 2.4/3.0 MB | 201 kB | 227/319 kB
                                                          
Downloaded from central: https://repo.maven.apache.org/maven2/org/jetbrains/kotlin/kotlin-scripting-jvm/1.9.23/kotlin-scripting-jvm-1.9.23.jar (201 kB at 1.0 MB/s)
Progress (3): 2.5/62 MB | 2.4/3.0 MB | 227/319 kB
Progress (3): 2.5/62 MB | 2.4/3.0 MB | 227/319 kB
                                                 
Downloading from central: https://repo.maven.apache.org/maven2/org/apache/maven/plugins/maven-compiler-plugin/3.10.1/maven-compiler-plugin-3.10.1.jar
Progress (3): 2.5/62 MB | 2.4/3.0 MB | 227/319 kB
Progress (3): 2.5/62 MB | 2.4/3.0 MB | 227/319 kB
Progress (3): 2.5/62 MB | 2.5/3.0 MB | 227/319 kB
Progress (3): 2.5/62 MB | 2.5/3.0 MB | 227/319 kB
Progress (3): 2.5/62 MB | 2.5/3.0 MB | 227/319 kB
Progress (3): 2.5/62 MB | 2.5/3.0 MB | 227/319 kB
Progress (3): 2.6/62 MB | 2.5/3.0 MB | 227/319 kB
Progress (3): 2.6/62 MB | 2.5/3.0 MB | 227/319 kB
Progress (3): 2.6/62 MB | 2.5/3.0 MB | 227/319 kB
Progress (3): 2.6/62 MB | 2.5/3.0 MB | 227/319 kB
Progress (4): 2.6/62 MB | 2.5/3.0 MB | 227/319 kB | 16/595 kB
Progress (4): 2.6/62 MB | 2.5/3.0 MB | 227/319 kB | 16/595 kB
Progress (4): 2.6/62 MB | 2.5/3.0 MB | 227/319 kB | 16/595 kB
Progress (4): 2.6/62 MB | 2.5/3.0 MB | 227/319 kB | 32/595 kB
Progress (4): 2.6/62 MB | 2.5/3.0 MB | 227/319 kB | 32/595 kB
Progress (4): 2.6/62 MB | 2.5/3.0 MB | 227/319 kB | 32/595 kB
Progress (4): 2.6/62 MB | 2.5/3.0 MB | 227/319 kB | 49/595 kB
Progress (4): 2.7/62 MB | 2.5/3.0 MB | 227/319 kB | 49/595 kB
Progress (4): 2.7/62 MB | 2.5/3.0 MB | 227/319 kB | 49/595 kB
Progress (4): 2.7/62 MB | 2.5/3.0 MB | 227/319 kB | 65/595 kB
Progress (4): 2.7/62 MB | 2.5/3.0 MB | 227/319 kB | 65/595 kB
Progress (4): 2.7/62 MB | 2.5/3.0 MB | 227/319 kB | 65/595 kB
Progress (4): 2.7/62 MB | 2.5/3.0 MB | 227/319 kB | 65/595 kB
Progress (4): 2.7/62 MB | 2.5/3.0 MB | 227/319 kB | 81/595 kB
Progress (4): 2.7/62 MB | 2.6/3.0 MB | 227/319 kB | 81/595 kB
Progress (4): 2.7/62 MB | 2.6/3.0 MB | 227/319 kB | 81/595 kB
Progress (4): 2.7/62 MB | 2.6/3.0 MB | 227/319 kB | 98/595 kB
Progress (4): 2.7/62 MB | 2.6/3.0 MB | 227/319 kB | 114/595 kB
Progress (4): 2.7/62 MB | 2.6/3.0 MB | 243/319 kB | 114/595 kB
Progress (4): 2.7/62 MB | 2.6/3.0 MB | 243/319 kB | 131/595 kB
Progress (4): 2.7/62 MB | 2.6/3.0 MB | 259/319 kB | 131/595 kB
Progress (4): 2.7/62 MB | 2.6/3.0 MB | 259/319 kB | 147/595 kB
Progress (4): 2.7/62 MB | 2.6/3.0 MB | 276/319 kB | 147/595 kB
Progress (4): 2.7/62 MB | 2.6/3.0 MB | 276/319 kB | 163/595 kB
Progress (4): 2.7/62 MB | 2.6/3.0 MB | 292/319 kB | 163/595 kB
Progress (4): 2.7/62 MB | 2.6/3.0 MB | 309/319 kB | 163/595 kB
Progress (4): 2.7/62 MB | 2.6/3.0 MB | 319 kB | 163/595 kB    
Progress (5): 2.7/62 MB | 2.6/3.0 MB | 319 kB | 163/595 kB | 16/62 kB
Progress (5): 2.7/62 MB | 2.6/3.0 MB | 319 kB | 163/595 kB | 33/62 kB
                                                                     
Downloaded from central: https://repo.maven.apache.org/maven2/org/jetbrains/kotlin/kotlin-scripting-compiler-impl/1.9.23/kotlin-scripting-compiler-impl-1.9.23.jar (319 kB at 1.5 MB/s)
Downloading from central: https://repo.maven.apache.org/maven2/org/codehaus/plexus/plexus-component-annotations/1.5.5/plexus-component-annotations-1.5.5.jar
Progress (4): 2.7/62 MB | 2.6/3.0 MB | 163/595 kB | 33/62 kB
Progress (4): 2.7/62 MB | 2.6/3.0 MB | 163/595 kB | 33/62 kB
Progress (4): 2.7/62 MB | 2.6/3.0 MB | 163/595 kB | 33/62 kB
Progress (4): 2.7/62 MB | 2.6/3.0 MB | 163/595 kB | 33/62 kB
Progress (4): 2.7/62 MB | 2.6/3.0 MB | 163/595 kB | 33/62 kB
Progress (4): 2.7/62 MB | 2.6/3.0 MB | 163/595 kB | 33/62 kB
Progress (4): 2.7/62 MB | 2.7/3.0 MB | 163/595 kB | 33/62 kB
Progress (4): 2.7/62 MB | 2.7/3.0 MB | 163/595 kB | 33/62 kB
Progress (4): 2.7/62 MB | 2.7/3.0 MB | 163/595 kB | 33/62 kB
Progress (4): 2.8/62 MB | 2.7/3.0 MB | 163/595 kB | 33/62 kB
Progress (4): 2.8/62 MB | 2.7/3.0 MB | 163/595 kB | 33/62 kB
Progress (4): 2.8/62 MB | 2.7/3.0 MB | 163/595 kB | 33/62 kB
Progress (4): 2.8/62 MB | 2.7/3.0 MB | 163/595 kB | 33/62 kB
Progress (4): 2.8/62 MB | 2.7/3.0 MB | 163/595 kB | 49/62 kB
Progress (4): 2.8/62 MB | 2.7/3.0 MB | 163/595 kB | 49/62 kB
Progress (4): 2.8/62 MB | 2.7/3.0 MB | 163/595 kB | 62 kB   
Progress (4): 2.8/62 MB | 2.7/3.0 MB | 163/595 kB | 62 kB
Progress (4): 2.8/62 MB | 2.7/3.0 MB | 163/595 kB | 62 kB
Progress (4): 2.8/62 MB | 2.7/3.0 MB | 163/595 kB | 62 kB
Progress (4): 2.8/62 MB | 2.7/3.0 MB | 180/595 kB | 62 kB
Progress (4): 2.9/62 MB | 2.7/3.0 MB | 180/595 kB | 62 kB
Progress (4): 2.9/62 MB | 2.7/3.0 MB | 196/595 kB | 62 kB
Progress (4): 2.9/62 MB | 2.7/3.0 MB | 196/595 kB | 62 kB
Progress (4): 2.9/62 MB | 2.7/3.0 MB | 212/595 kB | 62 kB
Progress (4): 2.9/62 MB | 2.7/3.0 MB | 212/595 kB | 62 kB
Progress (4): 2.9/62 MB | 2.7/3.0 MB | 229/595 kB | 62 kB
Progress (4): 2.9/62 MB | 2.7/3.0 MB | 245/595 kB | 62 kB
Progress (4): 2.9/62 MB | 2.7/3.0 MB | 262/595 kB | 62 kB
Progress (4): 2.9/62 MB | 2.7/3.0 MB | 278/595 kB | 62 kB
Progress (4): 2.9/62 MB | 2.7/3.0 MB | 294/595 kB | 62 kB
Progress (4): 2.9/62 MB | 2.7/3.0 MB | 311/595 kB | 62 kB
Progress (4): 2.9/62 MB | 2.7/3.0 MB | 327/595 kB | 62 kB
Progress (4): 2.9/62 MB | 2.7/3.0 MB | 327/595 kB | 62 kB
Progress (4): 2.9/62 MB | 2.7/3.0 MB | 344/595 kB | 62 kB
Progress (4): 2.9/62 MB | 2.7/3.0 MB | 344/595 kB | 62 kB
Progress (4): 2.9/62 MB | 2.7/3.0 MB | 360/595 kB | 62 kB
                                                         
Downloaded from central: https://repo.maven.apache.org/maven2/org/apache/maven/plugins/maven-compiler-plugin/3.10.1/maven-compiler-plugin-3.10.1.jar (62 kB at 271 kB/s)
Downloading from central: https://repo.maven.apache.org/maven2/org/codehaus/plexus/plexus-java/1.1.1/plexus-java-1.1.1.jar
Progress (3): 2.9/62 MB | 2.7/3.0 MB | 376/595 kB
Progress (3): 2.9/62 MB | 2.7/3.0 MB | 393/595 kB
Progress (3): 2.9/62 MB | 2.7/3.0 MB | 402/595 kB
Progress (3): 2.9/62 MB | 2.7/3.0 MB | 418/595 kB
Progress (3): 2.9/62 MB | 2.7/3.0 MB | 435/595 kB
Progress (3): 2.9/62 MB | 2.7/3.0 MB | 435/595 kB
Progress (3): 2.9/62 MB | 2.7/3.0 MB | 451/595 kB
Progress (3): 2.9/62 MB | 2.7/3.0 MB | 451/595 kB
Progress (3): 2.9/62 MB | 2.7/3.0 MB | 468/595 kB
Progress (3): 2.9/62 MB | 2.8/3.0 MB | 468/595 kB
Progress (3): 2.9/62 MB | 2.8/3.0 MB | 484/595 kB
Progress (3): 2.9/62 MB | 2.8/3.0 MB | 484/595 kB
Progress (3): 2.9/62 MB | 2.8/3.0 MB | 484/595 kB
Progress (3): 2.9/62 MB | 2.8/3.0 MB | 484/595 kB
Progress (3): 2.9/62 MB | 2.8/3.0 MB | 484/595 kB
Progress (3): 2.9/62 MB | 2.8/3.0 MB | 484/595 kB
Progress (3): 2.9/62 MB | 2.8/3.0 MB | 484/595 kB
Progress (3): 2.9/62 MB | 2.8/3.0 MB | 500/595 kB
Progress (3): 2.9/62 MB | 2.8/3.0 MB | 500/595 kB
Progress (3): 2.9/62 MB | 2.8/3.0 MB | 500/595 kB
Progress (3): 2.9/62 MB | 2.8/3.0 MB | 517/595 kB
Progress (3): 3.0/62 MB | 2.8/3.0 MB | 517/595 kB
Progress (3): 3.0/62 MB | 2.9/3.0 MB | 517/595 kB
Progress (3): 3.0/62 MB | 2.9/3.0 MB | 517/595 kB
Progress (3): 3.0/62 MB | 2.9/3.0 MB | 517/595 kB
Progress (3): 3.0/62 MB | 2.9/3.0 MB | 533/595 kB
Progress (3): 3.0/62 MB | 2.9/3.0 MB | 533/595 kB
Progress (3): 3.0/62 MB | 2.9/3.0 MB | 533/595 kB
Progress (3): 3.0/62 MB | 2.9/3.0 MB | 549/595 kB
Progress (3): 3.0/62 MB | 2.9/3.0 MB | 549/595 kB
Progress (3): 3.0/62 MB | 2.9/3.0 MB | 549/595 kB
Progress (3): 3.0/62 MB | 2.9/3.0 MB | 566/595 kB
Progress (3): 3.0/62 MB | 2.9/3.0 MB | 566/595 kB
Progress (3): 3.0/62 MB | 2.9/3.0 MB | 566/595 kB
Progress (3): 3.0/62 MB | 2.9/3.0 MB | 582/595 kB
Progress (3): 3.0/62 MB | 2.9/3.0 MB | 582/595 kB
Progress (3): 3.0/62 MB | 2.9/3.0 MB | 595 kB    
Progress (3): 3.1/62 MB | 2.9/3.0 MB | 595 kB
Progress (3): 3.1/62 MB | 2.9/3.0 MB | 595 kB
Progress (3): 3.1/62 MB | 2.9/3.0 MB | 595 kB
                                             
Downloaded from central: https://repo.maven.apache.org/maven2/org/jline/jline/3.3.1/jline-3.3.1.jar (595 kB at 2.5 MB/s)
Downloading from central: https://repo.maven.apache.org/maven2/org/ow2/asm/asm/9.2/asm-9.2.jar
Progress (3): 3.1/62 MB | 2.9/3.0 MB | 16/54 kB
Progress (3): 3.1/62 MB | 2.9/3.0 MB | 33/54 kB
Progress (4): 3.1/62 MB | 2.9/3.0 MB | 33/54 kB | 4.2 kB
Progress (4): 3.1/62 MB | 2.9/3.0 MB | 49/54 kB | 4.2 kB
Progress (4): 3.1/62 MB | 2.9/3.0 MB | 54 kB | 4.2 kB   
                                                     
Downloaded from central: https://repo.maven.apache.org/maven2/org/codehaus/plexus/plexus-component-annotations/1.5.5/plexus-component-annotations-1.5.5.jar (4.2 kB at 18 kB/s)
Downloading from central: https://repo.maven.apache.org/maven2/com/thoughtworks/qdox/qdox/2.0.1/qdox-2.0.1.jar
Downloaded from central: https://repo.maven.apache.org/maven2/org/codehaus/plexus/plexus-java/1.1.1/plexus-java-1.1.1.jar (54 kB at 230 kB/s)
Downloading from central: https://repo.maven.apache.org/maven2/org/codehaus/plexus/plexus-compiler-api/2.11.1/plexus-compiler-api-2.11.1.jar
Progress (2): 3.1/62 MB | 2.9/3.0 MB
Progress (2): 3.1/62 MB | 2.9/3.0 MB
Progress (2): 3.1/62 MB | 2.9/3.0 MB
Progress (2): 3.2/62 MB | 2.9/3.0 MB
Progress (2): 3.2/62 MB | 2.9/3.0 MB
Progress (2): 3.2/62 MB | 2.9/3.0 MB
Progress (2): 3.2/62 MB | 2.9/3.0 MB
Progress (2): 3.2/62 MB | 3.0/3.0 MB
Progress (2): 3.2/62 MB | 3.0/3.0 MB
Progress (2): 3.2/62 MB | 3.0/3.0 MB
Progress (2): 3.2/62 MB | 3.0/3.0 MB
Progress (2): 3.2/62 MB | 3.0/3.0 MB
Progress (2): 3.2/62 MB | 3.0/3.0 MB
Progress (2): 3.2/62 MB | 3.0/3.0 MB
Progress (2): 3.3/62 MB | 3.0/3.0 MB
Progress (2): 3.3/62 MB | 3.0/3.0 MB
Progress (2): 3.3/62 MB | 3.0 MB    
Progress (2): 3.3/62 MB | 3.0 MB
Progress (2): 3.3/62 MB | 3.0 MB
Progress (2): 3.3/62 MB | 3.0 MB
                                
Downloaded from central: https://repo.maven.apache.org/maven2/org/jetbrains/kotlin/kotlin-reflect/1.6.10/kotlin-reflect-1.6.10.jar (3.0 MB at 13 MB/s)
Downloading from central: https://repo.maven.apache.org/maven2/org/codehaus/plexus/plexus-utils/3.4.1/plexus-utils-3.4.1.jar
Progress (2): 3.3/62 MB | 16/122 kB
Progress (2): 3.3/62 MB | 33/122 kB
Progress (2): 3.3/62 MB | 49/122 kB
Progress (2): 3.3/62 MB | 66/122 kB
Progress (3): 3.3/62 MB | 66/122 kB | 16/334 kB
Progress (3): 3.3/62 MB | 82/122 kB | 16/334 kB
Progress (3): 3.3/62 MB | 98/122 kB | 16/334 kB
Progress (3): 3.3/62 MB | 115/122 kB | 16/334 kB
Progress (3): 3.3/62 MB | 122 kB | 16/334 kB    
Progress (3): 3.3/62 MB | 122 kB | 33/334 kB
Progress (3): 3.3/62 MB | 122 kB | 49/334 kB
Progress (3): 3.3/62 MB | 122 kB | 65/334 kB
Progress (4): 3.3/62 MB | 122 kB | 65/334 kB | 16/27 kB
Progress (4): 3.3/62 MB | 122 kB | 82/334 kB | 16/27 kB
Progress (4): 3.3/62 MB | 122 kB | 82/334 kB | 27 kB   
Progress (4): 3.3/62 MB | 122 kB | 98/334 kB | 27 kB
Progress (4): 3.3/62 MB | 122 kB | 98/334 kB | 27 kB
Progress (4): 3.3/62 MB | 122 kB | 98/334 kB | 27 kB
Progress (4): 3.4/62 MB | 122 kB | 98/334 kB | 27 kB
                                                    
Downloaded from central: https://repo.maven.apache.org/maven2/org/codehaus/plexus/plexus-compiler-api/2.11.1/plexus-compiler-api-2.11.1.jar (27 kB at 114 kB/s)
Downloading from central: https://repo.maven.apache.org/maven2/org/codehaus/plexus/plexus-compiler-manager/2.11.1/plexus-compiler-manager-2.11.1.jar
Progress (3): 3.4/62 MB | 122 kB | 98/334 kB
Progress (3): 3.4/62 MB | 122 kB | 98/334 kB
Progress (3): 3.4/62 MB | 122 kB | 98/334 kB
Progress (3): 3.4/62 MB | 122 kB | 98/334 kB
                                            
Downloaded from central: https://repo.maven.apache.org/maven2/org/ow2/asm/asm/9.2/asm-9.2.jar (122 kB at 517 kB/s)
Downloading from central: https://repo.maven.apache.org/maven2/org/codehaus/plexus/plexus-compiler-javac/2.11.1/plexus-compiler-javac-2.11.1.jar
Progress (2): 3.4/62 MB | 98/334 kB
Progress (2): 3.5/62 MB | 98/334 kB
Progress (2): 3.5/62 MB | 98/334 kB
Progress (2): 3.5/62 MB | 110/334 kB
Progress (2): 3.5/62 MB | 127/334 kB
Progress (2): 3.5/62 MB | 131/334 kB
Progress (2): 3.5/62 MB | 147/334 kB
Progress (2): 3.5/62 MB | 163/334 kB
Progress (2): 3.5/62 MB | 180/334 kB
Progress (2): 3.5/62 MB | 196/334 kB
Progress (2): 3.5/62 MB | 213/334 kB
Progress (2): 3.5/62 MB | 229/334 kB
Progress (2): 3.5/62 MB | 245/334 kB
Progress (3): 3.5/62 MB | 245/334 kB | 16/264 kB
Progress (3): 3.5/62 MB | 245/334 kB | 32/264 kB
Progress (3): 3.5/62 MB | 245/334 kB | 49/264 kB
Progress (4): 3.5/62 MB | 245/334 kB | 49/264 kB | 4.7 kB
Progress (4): 3.5/62 MB | 245/334 kB | 65/264 kB | 4.7 kB
Progress (4): 3.5/62 MB | 245/334 kB | 78/264 kB | 4.7 kB
Progress (4): 3.5/62 MB | 245/334 kB | 95/264 kB | 4.7 kB
Progress (4): 3.5/62 MB | 245/334 kB | 111/264 kB | 4.7 kB
                                                          
Downloaded from central: https://repo.maven.apache.org/maven2/org/codehaus/plexus/plexus-compiler-manager/2.11.1/plexus-compiler-manager-2.11.1.jar (4.7 kB at 20 kB/s)
Progress (3): 3.5/62 MB | 245/334 kB | 128/264 kB
Progress (3): 3.5/62 MB | 245/334 kB | 144/264 kB
Progress (3): 3.5/62 MB | 245/334 kB | 160/264 kB
Progress (3): 3.5/62 MB | 262/334 kB | 160/264 kB
Progress (3): 3.5/62 MB | 278/334 kB | 160/264 kB
Progress (3): 3.5/62 MB | 295/334 kB | 160/264 kB
Progress (3): 3.5/62 MB | 311/334 kB | 160/264 kB
Progress (3): 3.5/62 MB | 327/334 kB | 160/264 kB
Progress (3): 3.5/62 MB | 334 kB | 160/264 kB    
Progress (4): 3.5/62 MB | 334 kB | 160/264 kB | 16/23 kB
Progress (4): 3.5/62 MB | 334 kB | 160/264 kB | 23 kB   
Progress (4): 3.5/62 MB | 334 kB | 160/264 kB | 23 kB
                                                     
Downloaded from central: https://repo.maven.apache.org/maven2/org/codehaus/plexus/plexus-compiler-javac/2.11.1/plexus-compiler-javac-2.11.1.jar (23 kB at 96 kB/s)
Progress (3): 3.5/62 MB | 334 kB | 160/264 kB
Progress (3): 3.5/62 MB | 334 kB | 160/264 kB
Progress (3): 3.5/62 MB | 334 kB | 160/264 kB
Progress (3): 3.6/62 MB | 334 kB | 160/264 kB
Progress (3): 3.6/62 MB | 334 kB | 177/264 kB
Progress (3): 3.6/62 MB | 334 kB | 177/264 kB
Progress (3): 3.6/62 MB | 334 kB | 193/264 kB
Progress (3): 3.6/62 MB | 334 kB | 193/264 kB
Progress (3): 3.6/62 MB | 334 kB | 209/264 kB
Progress (3): 3.6/62 MB | 334 kB | 209/264 kB
Progress (3): 3.6/62 MB | 334 kB | 209/264 kB
Progress (3): 3.6/62 MB | 334 kB | 226/264 kB
Progress (3): 3.6/62 MB | 334 kB | 226/264 kB
Progress (3): 3.6/62 MB | 334 kB | 242/264 kB
Progress (3): 3.7/62 MB | 334 kB | 242/264 kB
Progress (3): 3.7/62 MB | 334 kB | 242/264 kB
Progress (3): 3.7/62 MB | 334 kB | 242/264 kB
Progress (3): 3.7/62 MB | 334 kB | 259/264 kB
Progress (3): 3.7/62 MB | 334 kB | 264 kB    
                                         
Downloaded from central: https://repo.maven.apache.org/maven2/com/thoughtworks/qdox/qdox/2.0.1/qdox-2.0.1.jar (334 kB at 1.4 MB/s)
Downloaded from central: https://repo.maven.apache.org/maven2/org/codehaus/plexus/plexus-utils/3.4.1/plexus-utils-3.4.1.jar (264 kB at 1.1 MB/s)
Progress (1): 3.7/62 MB
Progress (1): 3.7/62 MB
Progress (1): 3.7/62 MB
Progress (1): 3.8/62 MB
Progress (1): 3.8/62 MB
Progress (1): 3.8/62 MB
Progress (1): 3.8/62 MB
Progress (1): 3.8/62 MB
Progress (1): 3.8/62 MB
Progress (1): 3.8/62 MB
Progress (1): 3.9/62 MB
Progress (1): 3.9/62 MB
Progress (1): 3.9/62 MB
Progress (1): 3.9/62 MB
Progress (1): 3.9/62 MB
Progress (1): 3.9/62 MB
Progress (1): 4.0/62 MB
Progress (1): 4.0/62 MB
Progress (1): 4.0/62 MB
Progress (1): 4.0/62 MB
Progress (1): 4.0/62 MB
Progress (1): 4.0/62 MB
Progress (1): 4.1/62 MB
Progress (1): 4.1/62 MB
Progress (1): 4.1/62 MB
Progress (1): 4.1/62 MB
Progress (1): 4.1/62 MB
Progress (1): 4.1/62 MB
Progress (1): 4.2/62 MB
Progress (1): 4.2/62 MB
Progress (1): 4.2/62 MB
Progress (1): 4.2/62 MB
Progress (1): 4.2/62 MB
Progress (1): 4.2/62 MB
Progress (1): 4.3/62 MB
Progress (1): 4.3/62 MB
Progress (1): 4.3/62 MB
Progress (1): 4.3/62 MB
Progress (1): 4.3/62 MB
Progress (1): 4.3/62 MB
Progress (1): 4.4/62 MB
Progress (1): 4.4/62 MB
Progress (1): 4.4/62 MB
Progress (1): 4.4/62 MB
Progress (1): 4.4/62 MB
Progress (1): 4.4/62 MB
Progress (1): 4.5/62 MB
Progress (1): 4.5/62 MB
Progress (1): 4.5/62 MB
Progress (1): 4.5/62 MB
Progress (1): 4.5/62 MB
Progress (1): 4.5/62 MB
Progress (1): 4.6/62 MB
Progress (1): 4.6/62 MB
Progress (1): 4.6/62 MB
Progress (1): 4.6/62 MB
Progress (1): 4.6/62 MB
Progress (1): 4.6/62 MB
Progress (1): 4.7/62 MB
Progress (1): 4.7/62 MB
Progress (1): 4.7/62 MB
Progress (1): 4.7/62 MB
Progress (1): 4.7/62 MB
Progress (1): 4.7/62 MB
Progress (1): 4.7/62 MB
Progress (1): 4.8/62 MB
Progress (1): 4.8/62 MB
Progress (1): 4.8/62 MB
Progress (1): 4.8/62 MB
Progress (1): 4.8/62 MB
Progress (1): 4.8/62 MB
Progress (1): 4.9/62 MB
Progress (1): 4.9/62 MB
Progress (1): 4.9/62 MB
Progress (1): 4.9/62 MB
Progress (1): 4.9/62 MB
Progress (1): 4.9/62 MB
Progress (1): 5.0/62 MB
Progress (1): 5.0/62 MB
Progress (1): 5.0/62 MB
Progress (1): 5.0/62 MB
Progress (1): 5.0/62 MB
Progress (1): 5.0/62 MB
Progress (1): 5.1/62 MB
Progress (1): 5.1/62 MB
Progress (1): 5.1/62 MB
Progress (1): 5.1/62 MB
Progress (1): 5.1/62 MB
Progress (1): 5.1/62 MB
Progress (1): 5.2/62 MB
Progress (1): 5.2/62 MB
Progress (1): 5.2/62 MB
Progress (1): 5.2/62 MB
Progress (1): 5.2/62 MB
Progress (1): 5.2/62 MB
Progress (1): 5.3/62 MB
Progress (1): 5.3/62 MB
Progress (1): 5.3/62 MB
Progress (1): 5.3/62 MB
Progress (1): 5.3/62 MB
Progress (1): 5.3/62 MB
Progress (1): 5.4/62 MB
Progress (1): 5.4/62 MB
Progress (1): 5.4/62 MB
Progress (1): 5.4/62 MB
Progress (1): 5.4/62 MB
Progress (1): 5.4/62 MB
Progress (1): 5.5/62 MB
Progress (1): 5.5/62 MB
Progress (1): 5.5/62 MB
Progress (1): 5.5/62 MB
Progress (1): 5.5/62 MB
Progress (1): 5.5/62 MB
Progress (1): 5.6/62 MB
Progress (1): 5.6/62 MB
Progress (1): 5.6/62 MB
Progress (1): 5.6/62 MB
Progress (1): 5.6/62 MB
Progress (1): 5.6/62 MB
Progress (1): 5.7/62 MB
Progress (1): 5.7/62 MB
Progress (1): 5.7/62 MB
Progress (1): 5.7/62 MB
Progress (1): 5.7/62 MB
Progress (1): 5.7/62 MB
Progress (1): 5.7/62 MB
Progress (1): 5.8/62 MB
Progress (1): 5.8/62 MB
Progress (1): 5.8/62 MB
Progress (1): 5.8/62 MB
Progress (1): 5.8/62 MB
Progress (1): 5.8/62 MB
Progress (1): 5.9/62 MB
Progress (1): 5.9/62 MB
Progress (1): 5.9/62 MB
Progress (1): 5.9/62 MB
Progress (1): 5.9/62 MB
Progress (1): 5.9/62 MB
Progress (1): 6.0/62 MB
Progress (1): 6.0/62 MB
Progress (1): 6.0/62 MB
Progress (1): 6.0/62 MB
Progress (1): 6.0/62 MB
Progress (1): 6.0/62 MB
Progress (1): 6.1/62 MB
Progress (1): 6.1/62 MB
Progress (1): 6.1/62 MB
Progress (1): 6.1/62 MB
Progress (1): 6.1/62 MB
Progress (1): 6.1/62 MB
Progress (1): 6.2/62 MB
Progress (1): 6.2/62 MB
Progress (1): 6.2/62 MB
Progress (1): 6.2/62 MB
Progress (1): 6.2/62 MB
Progress (1): 6.2/62 MB
Progress (1): 6.3/62 MB
Progress (1): 6.3/62 MB
Progress (1): 6.3/62 MB
Progress (1): 6.3/62 MB
Progress (1): 6.3/62 MB
Progress (1): 6.3/62 MB
Progress (1): 6.4/62 MB
Progress (1): 6.4/62 MB
Progress (1): 6.4/62 MB
Progress (1): 6.4/62 MB
Progress (1): 6.4/62 MB
Progress (1): 6.4/62 MB
Progress (1): 6.5/62 MB
Progress (1): 6.5/62 MB
Progress (1): 6.5/62 MB
Progress (1): 6.5/62 MB
Progress (1): 6.5/62 MB
Progress (1): 6.5/62 MB
Progress (1): 6.6/62 MB
Progress (1): 6.6/62 MB
Progress (1): 6.6/62 MB
Progress (1): 6.6/62 MB
Progress (1): 6.6/62 MB
Progress (1): 6.6/62 MB
Progress (1): 6.7/62 MB
Progress (1): 6.7/62 MB
Progress (1): 6.7/62 MB
Progress (1): 6.7/62 MB
Progress (1): 6.7/62 MB
Progress (1): 6.7/62 MB
Progress (1): 6.7/62 MB
Progress (1): 6.8/62 MB
Progress (1): 6.8/62 MB
Progress (1): 6.8/62 MB
Progress (1): 6.8/62 MB
Progress (1): 6.8/62 MB
Progress (1): 6.8/62 MB
Progress (1): 6.9/62 MB
Progress (1): 6.9/62 MB
Progress (1): 6.9/62 MB
Progress (1): 6.9/62 MB
Progress (1): 6.9/62 MB
Progress (1): 6.9/62 MB
Progress (1): 7.0/62 MB
Progress (1): 7.0/62 MB
Progress (1): 7.0/62 MB
Progress (1): 7.0/62 MB
Progress (1): 7.0/62 MB
Progress (1): 7.0/62 MB
Progress (1): 7.1/62 MB
Progress (1): 7.1/62 MB
Progress (1): 7.1/62 MB
Progress (1): 7.1/62 MB
Progress (1): 7.1/62 MB
Progress (1): 7.1/62 MB
Progress (1): 7.2/62 MB
Progress (1): 7.2/62 MB
Progress (1): 7.2/62 MB
Progress (1): 7.2/62 MB
Progress (1): 7.2/62 MB
Progress (1): 7.2/62 MB
Progress (1): 7.3/62 MB
Progress (1): 7.3/62 MB
Progress (1): 7.3/62 MB
Progress (1): 7.3/62 MB
Progress (1): 7.3/62 MB
Progress (1): 7.3/62 MB
Progress (1): 7.4/62 MB
Progress (1): 7.4/62 MB
Progress (1): 7.4/62 MB
Progress (1): 7.4/62 MB
Progress (1): 7.4/62 MB
Progress (1): 7.4/62 MB
Progress (1): 7.5/62 MB
Progress (1): 7.5/62 MB
Progress (1): 7.5/62 MB
Progress (1): 7.5/62 MB
Progress (1): 7.5/62 MB
Progress (1): 7.5/62 MB
Progress (1): 7.6/62 MB
Progress (1): 7.6/62 MB
Progress (1): 7.6/62 MB
Progress (1): 7.6/62 MB
Progress (1): 7.6/62 MB
Progress (1): 7.6/62 MB
Progress (1): 7.6/62 MB
Progress (1): 7.7/62 MB
Progress (1): 7.7/62 MB
Progress (1): 7.7/62 MB
Progress (1): 7.7/62 MB
Progress (1): 7.7/62 MB
Progress (1): 7.7/62 MB
Progress (1): 7.8/62 MB
Progress (1): 7.8/62 MB
Progress (1): 7.8/62 MB
Progress (1): 7.8/62 MB
Progress (1): 7.8/62 MB
Progress (1): 7.8/62 MB
Progress (1): 7.9/62 MB
Progress (1): 7.9/62 MB
Progress (1): 7.9/62 MB
Progress (1): 7.9/62 MB
Progress (1): 7.9/62 MB
Progress (1): 7.9/62 MB
Progress (1): 8.0/62 MB
Progress (1): 8.0/62 MB
Progress (1): 8.0/62 MB
Progress (1): 8.0/62 MB
Progress (1): 8.0/62 MB
Progress (1): 8.0/62 MB
Progress (1): 8.1/62 MB
Progress (1): 8.1/62 MB
Progress (1): 8.1/62 MB
Progress (1): 8.1/62 MB
Progress (1): 8.1/62 MB
Progress (1): 8.1/62 MB
Progress (1): 8.2/62 MB
Progress (1): 8.2/62 MB
Progress (1): 8.2/62 MB
Progress (1): 8.2/62 MB
Progress (1): 8.2/62 MB
Progress (1): 8.2/62 MB
Progress (1): 8.3/62 MB
Progress (1): 8.3/62 MB
Progress (1): 8.3/62 MB
Progress (1): 8.3/62 MB
Progress (1): 8.3/62 MB
Progress (1): 8.3/62 MB
Progress (1): 8.4/62 MB
Progress (1): 8.4/62 MB
Progress (1): 8.4/62 MB
Progress (1): 8.4/62 MB
Progress (1): 8.4/62 MB
Progress (1): 8.4/62 MB
Progress (1): 8.5/62 MB
Progress (1): 8.5/62 MB
Progress (1): 8.5/62 MB
Progress (1): 8.5/62 MB
Progress (1): 8.5/62 MB
Progress (1): 8.5/62 MB
Progress (1): 8.6/62 MB
Progress (1): 8.6/62 MB
Progress (1): 8.6/62 MB
Progress (1): 8.6/62 MB
Progress (1): 8.6/62 MB
Progress (1): 8.6/62 MB
Progress (1): 8.6/62 MB
Progress (1): 8.7/62 MB
Progress (1): 8.7/62 MB
Progress (1): 8.7/62 MB
Progress (1): 8.7/62 MB
Progress (1): 8.7/62 MB
Progress (1): 8.7/62 MB
Progress (1): 8.8/62 MB
Progress (1): 8.8/62 MB
Progress (1): 8.8/62 MB
Progress (1): 8.8/62 MB
Progress (1): 8.8/62 MB
Progress (1): 8.8/62 MB
Progress (1): 8.9/62 MB
Progress (1): 8.9/62 MB
Progress (1): 8.9/62 MB
Progress (1): 8.9/62 MB
Progress (1): 8.9/62 MB
Progress (1): 8.9/62 MB
Progress (1): 9.0/62 MB
Progress (1): 9.0/62 MB
Progress (1): 9.0/62 MB
Progress (1): 9.0/62 MB
Progress (1): 9.0/62 MB
Progress (1): 9.0/62 MB
Progress (1): 9.1/62 MB
Progress (1): 9.1/62 MB
Progress (1): 9.1/62 MB
Progress (1): 9.1/62 MB
Progress (1): 9.1/62 MB
Progress (1): 9.1/62 MB
Progress (1): 9.2/62 MB
Progress (1): 9.2/62 MB
Progress (1): 9.2/62 MB
Progress (1): 9.2/62 MB
Progress (1): 9.2/62 MB
Progress (1): 9.2/62 MB
Progress (1): 9.3/62 MB
Progress (1): 9.3/62 MB
Progress (1): 9.3/62 MB
Progress (1): 9.3/62 MB
Progress (1): 9.3/62 MB
Progress (1): 9.3/62 MB
Progress (1): 9.4/62 MB
Progress (1): 9.4/62 MB
Progress (1): 9.4/62 MB
Progress (1): 9.4/62 MB
Progress (1): 9.4/62 MB
Progress (1): 9.4/62 MB
Progress (1): 9.5/62 MB
Progress (1): 9.5/62 MB
Progress (1): 9.5/62 MB
Progress (1): 9.5/62 MB
Progress (1): 9.5/62 MB
Progress (1): 9.5/62 MB
Progress (1): 9.5/62 MB
Progress (1): 9.6/62 MB
Progress (1): 9.6/62 MB
Progress (1): 9.6/62 MB
Progress (1): 9.6/62 MB
Progress (1): 9.6/62 MB
Progress (1): 9.6/62 MB
Progress (1): 9.7/62 MB
Progress (1): 9.7/62 MB
Progress (1): 9.7/62 MB
Progress (1): 9.7/62 MB
Progress (1): 9.7/62 MB
Progress (1): 9.7/62 MB
Progress (1): 9.8/62 MB
Progress (1): 9.8/62 MB
Progress (1): 9.8/62 MB
Progress (1): 9.8/62 MB
Progress (1): 9.8/62 MB
Progress (1): 9.8/62 MB
Progress (1): 9.9/62 MB
Progress (1): 9.9/62 MB
Progress (1): 9.9/62 MB
Progress (1): 9.9/62 MB
Progress (1): 9.9/62 MB
Progress (1): 9.9/62 MB
Progress (1): 10.0/62 MB
Progress (1): 10.0/62 MB
Progress (1): 10.0/62 MB
Progress (1): 10/62 MB  
Progress (1): 10/62 MB
Progress (1): 10/62 MB
Progress (1): 10/62 MB
Progress (1): 10/62 MB
Progress (1): 10/62 MB
Progress (1): 10/62 MB
Progress (1): 10/62 MB
Progress (1): 10/62 MB
Progress (1): 10/62 MB
Progress (1): 10/62 MB
Progress (1): 10/62 MB
Progress (1): 10/62 MB
Progress (1): 10/62 MB
Progress (1): 10/62 MB
Progress (1): 10/62 MB
Progress (1): 10/62 MB
Progress (1): 10/62 MB
Progress (1): 10/62 MB
Progress (1): 10/62 MB
Progress (1): 10/62 MB
Progress (1): 10/62 MB
Progress (1): 10/62 MB
Progress (1): 10/62 MB
Progress (1): 10/62 MB
Progress (1): 10/62 MB
Progress (1): 10/62 MB
Progress (1): 10/62 MB
Progress (1): 10/62 MB
Progress (1): 10/62 MB
Progress (1): 11/62 MB
Progress (1): 11/62 MB
Progress (1): 11/62 MB
Progress (1): 11/62 MB
Progress (1): 11/62 MB
Progress (1): 11/62 MB
Progress (1): 11/62 MB
Progress (1): 11/62 MB
Progress (1): 11/62 MB
Progress (1): 11/62 MB
Progress (1): 11/62 MB
Progress (1): 11/62 MB
Progress (1): 11/62 MB
Progress (1): 11/62 MB
Progress (1): 11/62 MB
Progress (1): 11/62 MB
Progress (1): 11/62 MB
Progress (1): 11/62 MB
Progress (1): 11/62 MB
Progress (1): 11/62 MB
Progress (1): 11/62 MB
Progress (1): 11/62 MB
Progress (1): 11/62 MB
Progress (1): 11/62 MB
Progress (1): 11/62 MB
Progress (1): 11/62 MB
Progress (1): 11/62 MB
Progress (1): 11/62 MB
Progress (1): 11/62 MB
Progress (1): 11/62 MB
Progress (1): 11/62 MB
Progress (1): 11/62 MB
Progress (1): 11/62 MB
Progress (1): 11/62 MB
Progress (1): 11/62 MB
Progress (1): 11/62 MB
Progress (1): 11/62 MB
Progress (1): 11/62 MB
Progress (1): 11/62 MB
Progress (1): 11/62 MB
Progress (1): 11/62 MB
Progress (1): 11/62 MB
Progress (1): 11/62 MB
Progress (1): 11/62 MB
Progress (1): 11/62 MB
Progress (1): 11/62 MB
Progress (1): 11/62 MB
Progress (1): 11/62 MB
Progress (1): 11/62 MB
Progress (1): 11/62 MB
Progress (1): 11/62 MB
Progress (1): 11/62 MB
Progress (1): 11/62 MB
Progress (1): 11/62 MB
Progress (1): 11/62 MB
Progress (1): 11/62 MB
Progress (1): 11/62 MB
Progress (1): 11/62 MB
Progress (1): 11/62 MB
Progress (1): 11/62 MB
Progress (1): 11/62 MB
Progress (1): 11/62 MB
Progress (1): 12/62 MB
Progress (1): 12/62 MB
Progress (1): 12/62 MB
Progress (1): 12/62 MB
Progress (1): 12/62 MB
Progress (1): 12/62 MB
Progress (1): 12/62 MB
Progress (1): 12/62 MB
Progress (1): 12/62 MB
Progress (1): 12/62 MB
Progress (1): 12/62 MB
Progress (1): 12/62 MB
Progress (1): 12/62 MB
Progress (1): 12/62 MB
Progress (1): 12/62 MB
Progress (1): 12/62 MB
Progress (1): 12/62 MB
Progress (1): 12/62 MB
Progress (1): 12/62 MB
Progress (1): 12/62 MB
Progress (1): 12/62 MB
Progress (1): 12/62 MB
Progress (1): 12/62 MB
Progress (1): 12/62 MB
Progress (1): 12/62 MB
Progress (1): 12/62 MB
Progress (1): 12/62 MB
Progress (1): 12/62 MB
Progress (1): 12/62 MB
Progress (1): 12/62 MB
Progress (1): 12/62 MB
Progress (1): 12/62 MB
Progress (1): 12/62 MB
Progress (1): 12/62 MB
Progress (1): 12/62 MB
Progress (1): 12/62 MB
Progress (1): 12/62 MB
Progress (1): 12/62 MB
Progress (1): 12/62 MB
Progress (1): 12/62 MB
Progress (1): 12/62 MB
Progress (1): 12/62 MB
Progress (1): 12/62 MB
Progress (1): 12/62 MB
Progress (1): 12/62 MB
Progress (1): 12/62 MB
Progress (1): 12/62 MB
Progress (1): 12/62 MB
Progress (1): 12/62 MB
Progress (1): 12/62 MB
Progress (1): 12/62 MB
Progress (1): 12/62 MB
Progress (1): 12/62 MB
Progress (1): 12/62 MB
Progress (1): 12/62 MB
Progress (1): 12/62 MB
Progress (1): 12/62 MB
Progress (1): 12/62 MB
Progress (1): 12/62 MB
Progress (1): 12/62 MB
Progress (1): 12/62 MB
Progress (1): 13/62 MB
Progress (1): 13/62 MB
Progress (1): 13/62 MB
Progress (1): 13/62 MB
Progress (1): 13/62 MB
Progress (1): 13/62 MB
Progress (1): 13/62 MB
Progress (1): 13/62 MB
Progress (1): 13/62 MB
Progress (1): 13/62 MB
Progress (1): 13/62 MB
Progress (1): 13/62 MB
Progress (1): 13/62 MB
Progress (1): 13/62 MB
Progress (1): 13/62 MB
Progress (1): 13/62 MB
Progress (1): 13/62 MB
Progress (1): 13/62 MB
Progress (1): 13/62 MB
Progress (1): 13/62 MB
Progress (1): 13/62 MB
Progress (1): 13/62 MB
Progress (1): 13/62 MB
Progress (1): 13/62 MB
Progress (1): 13/62 MB
Progress (1): 13/62 MB
Progress (1): 13/62 MB
Progress (1): 13/62 MB
Progress (1): 13/62 MB
Progress (1): 13/62 MB
Progress (1): 13/62 MB
Progress (1): 13/62 MB
Progress (1): 13/62 MB
Progress (1): 13/62 MB
Progress (1): 13/62 MB
Progress (1): 13/62 MB
Progress (1): 13/62 MB
Progress (1): 13/62 MB
Progress (1): 13/62 MB
Progress (1): 13/62 MB
Progress (1): 13/62 MB
Progress (1): 13/62 MB
Progress (1): 13/62 MB
Progress (1): 13/62 MB
Progress (1): 13/62 MB
Progress (1): 13/62 MB
Progress (1): 13/62 MB
Progress (1): 13/62 MB
Progress (1): 13/62 MB
Progress (1): 13/62 MB
Progress (1): 13/62 MB
Progress (1): 13/62 MB
Progress (1): 13/62 MB
Progress (1): 13/62 MB
Progress (1): 13/62 MB
Progress (1): 13/62 MB
Progress (1): 13/62 MB
Progress (1): 13/62 MB
Progress (1): 13/62 MB
Progress (1): 13/62 MB
Progress (1): 13/62 MB
Progress (1): 14/62 MB
Progress (1): 14/62 MB
Progress (1): 14/62 MB
Progress (1): 14/62 MB
Progress (1): 14/62 MB
Progress (1): 14/62 MB
Progress (1): 14/62 MB
Progress (1): 14/62 MB
Progress (1): 14/62 MB
Progress (1): 14/62 MB
Progress (1): 14/62 MB
Progress (1): 14/62 MB
Progress (1): 14/62 MB
Progress (1): 14/62 MB
Progress (1): 14/62 MB
Progress (1): 14/62 MB
Progress (1): 14/62 MB
Progress (1): 14/62 MB
Progress (1): 14/62 MB
Progress (1): 14/62 MB
Progress (1): 14/62 MB
Progress (1): 14/62 MB
Progress (1): 14/62 MB
Progress (1): 14/62 MB
Progress (1): 14/62 MB
Progress (1): 14/62 MB
Progress (1): 14/62 MB
Progress (1): 14/62 MB
Progress (1): 14/62 MB
Progress (1): 14/62 MB
Progress (1): 14/62 MB
Progress (1): 14/62 MB
Progress (1): 14/62 MB
Progress (1): 14/62 MB
Progress (1): 14/62 MB
Progress (1): 14/62 MB
Progress (1): 14/62 MB
Progress (1): 14/62 MB
Progress (1): 14/62 MB
Progress (1): 14/62 MB
Progress (1): 14/62 MB
Progress (1): 14/62 MB
Progress (1): 14/62 MB
Progress (1): 14/62 MB
Progress (1): 14/62 MB
Progress (1): 14/62 MB
Progress (1): 14/62 MB
Progress (1): 14/62 MB
Progress (1): 14/62 MB
Progress (1): 14/62 MB
Progress (1): 14/62 MB
Progress (1): 14/62 MB
Progress (1): 14/62 MB
Progress (1): 14/62 MB
Progress (1): 14/62 MB
Progress (1): 14/62 MB
Progress (1): 14/62 MB
Progress (1): 14/62 MB
Progress (1): 14/62 MB
Progress (1): 14/62 MB
Progress (1): 14/62 MB
Progress (1): 15/62 MB
Progress (1): 15/62 MB
Progress (1): 15/62 MB
Progress (1): 15/62 MB
Progress (1): 15/62 MB
Progress (1): 15/62 MB
Progress (1): 15/62 MB
Progress (1): 15/62 MB
Progress (1): 15/62 MB
Progress (1): 15/62 MB
Progress (1): 15/62 MB
Progress (1): 15/62 MB
Progress (1): 15/62 MB
Progress (1): 15/62 MB
Progress (1): 15/62 MB
Progress (1): 15/62 MB
Progress (1): 15/62 MB
Progress (1): 15/62 MB
Progress (1): 15/62 MB
Progress (1): 15/62 MB
Progress (1): 15/62 MB
Progress (1): 15/62 MB
Progress (1): 15/62 MB
Progress (1): 15/62 MB
Progress (1): 15/62 MB
Progress (1): 15/62 MB
Progress (1): 15/62 MB
Progress (1): 15/62 MB
Progress (1): 15/62 MB
Progress (1): 15/62 MB
Progress (1): 15/62 MB
Progress (1): 15/62 MB
Progress (1): 15/62 MB
Progress (1): 15/62 MB
Progress (1): 15/62 MB
Progress (1): 15/62 MB
Progress (1): 15/62 MB
Progress (1): 15/62 MB
Progress (1): 15/62 MB
Progress (1): 15/62 MB
Progress (1): 15/62 MB
Progress (1): 15/62 MB
Progress (1): 15/62 MB
Progress (1): 15/62 MB
Progress (1): 15/62 MB
Progress (1): 15/62 MB
Progress (1): 15/62 MB
Progress (1): 15/62 MB
Progress (1): 15/62 MB
Progress (1): 15/62 MB
Progress (1): 15/62 MB
Progress (1): 15/62 MB
Progress (1): 15/62 MB
Progress (1): 15/62 MB
Progress (1): 15/62 MB
Progress (1): 15/62 MB
Progress (1): 15/62 MB
Progress (1): 15/62 MB
Progress (1): 15/62 MB
Progress (1): 15/62 MB
Progress (1): 15/62 MB
Progress (1): 16/62 MB
Progress (1): 16/62 MB
Progress (1): 16/62 MB
Progress (1): 16/62 MB
Progress (1): 16/62 MB
Progress (1): 16/62 MB
Progress (1): 16/62 MB
Progress (1): 16/62 MB
Progress (1): 16/62 MB
Progress (1): 16/62 MB
Progress (1): 16/62 MB
Progress (1): 16/62 MB
Progress (1): 16/62 MB
Progress (1): 16/62 MB
Progress (1): 16/62 MB
Progress (1): 16/62 MB
Progress (1): 16/62 MB
Progress (1): 16/62 MB
Progress (1): 16/62 MB
Progress (1): 16/62 MB
Progress (1): 16/62 MB
Progress (1): 16/62 MB
Progress (1): 16/62 MB
Progress (1): 16/62 MB
Progress (1): 16/62 MB
Progress (1): 16/62 MB
Progress (1): 16/62 MB
Progress (1): 16/62 MB
Progress (1): 16/62 MB
Progress (1): 16/62 MB
Progress (1): 16/62 MB
Progress (1): 16/62 MB
Progress (1): 16/62 MB
Progress (1): 16/62 MB
Progress (1): 16/62 MB
Progress (1): 16/62 MB
Progress (1): 16/62 MB
Progress (1): 16/62 MB
Progress (1): 16/62 MB
Progress (1): 16/62 MB
Progress (1): 16/62 MB
Progress (1): 16/62 MB
Progress (1): 16/62 MB
Progress (1): 16/62 MB
Progress (1): 16/62 MB
Progress (1): 16/62 MB
Progress (1): 16/62 MB
Progress (1): 16/62 MB
Progress (1): 16/62 MB
Progress (1): 16/62 MB
Progress (1): 16/62 MB
Progress (1): 16/62 MB
Progress (1): 16/62 MB
Progress (1): 16/62 MB
Progress (1): 16/62 MB
Progress (1): 16/62 MB
Progress (1): 16/62 MB
Progress (1): 16/62 MB
Progress (1): 16/62 MB
Progress (1): 16/62 MB
Progress (1): 16/62 MB
Progress (1): 17/62 MB
Progress (1): 17/62 MB
Progress (1): 17/62 MB
Progress (1): 17/62 MB
Progress (1): 17/62 MB
Progress (1): 17/62 MB
Progress (1): 17/62 MB
Progress (1): 17/62 MB
Progress (1): 17/62 MB
Progress (1): 17/62 MB
Progress (1): 17/62 MB
Progress (1): 17/62 MB
Progress (1): 17/62 MB
Progress (1): 17/62 MB
Progress (1): 17/62 MB
Progress (1): 17/62 MB
Progress (1): 17/62 MB
Progress (1): 17/62 MB
Progress (1): 17/62 MB
Progress (1): 17/62 MB
Progress (1): 17/62 MB
Progress (1): 17/62 MB
Progress (1): 17/62 MB
Progress (1): 17/62 MB
Progress (1): 17/62 MB
Progress (1): 17/62 MB
Progress (1): 17/62 MB
Progress (1): 17/62 MB
Progress (1): 17/62 MB
Progress (1): 17/62 MB
Progress (1): 17/62 MB
Progress (1): 17/62 MB
Progress (1): 17/62 MB
Progress (1): 17/62 MB
Progress (1): 17/62 MB
Progress (1): 17/62 MB
Progress (1): 17/62 MB
Progress (1): 17/62 MB
Progress (1): 17/62 MB
Progress (1): 17/62 MB
Progress (1): 17/62 MB
Progress (1): 17/62 MB
Progress (1): 17/62 MB
Progress (1): 17/62 MB
Progress (1): 17/62 MB
Progress (1): 17/62 MB
Progress (1): 17/62 MB
Progress (1): 17/62 MB
Progress (1): 17/62 MB
Progress (1): 17/62 MB
Progress (1): 17/62 MB
Progress (1): 17/62 MB
Progress (1): 17/62 MB
Progress (1): 17/62 MB
Progress (1): 17/62 MB
Progress (1): 17/62 MB
Progress (1): 17/62 MB
Progress (1): 17/62 MB
Progress (1): 17/62 MB
Progress (1): 17/62 MB
Progress (1): 17/62 MB
Progress (1): 18/62 MB
Progress (1): 18/62 MB
Progress (1): 18/62 MB
Progress (1): 18/62 MB
Progress (1): 18/62 MB
Progress (1): 18/62 MB
Progress (1): 18/62 MB
Progress (1): 18/62 MB
Progress (1): 18/62 MB
Progress (1): 18/62 MB
Progress (1): 18/62 MB
Progress (1): 18/62 MB
Progress (1): 18/62 MB
Progress (1): 18/62 MB
Progress (1): 18/62 MB
Progress (1): 18/62 MB
Progress (1): 18/62 MB
Progress (1): 18/62 MB
Progress (1): 18/62 MB
Progress (1): 18/62 MB
Progress (1): 18/62 MB
Progress (1): 18/62 MB
Progress (1): 18/62 MB
Progress (1): 18/62 MB
Progress (1): 18/62 MB
Progress (1): 18/62 MB
Progress (1): 18/62 MB
Progress (1): 18/62 MB
Progress (1): 18/62 MB
Progress (1): 18/62 MB
Progress (1): 18/62 MB
Progress (1): 18/62 MB
Progress (1): 18/62 MB
Progress (1): 18/62 MB
Progress (1): 18/62 MB
Progress (1): 18/62 MB
Progress (1): 18/62 MB
Progress (1): 18/62 MB
Progress (1): 18/62 MB
Progress (1): 18/62 MB
Progress (1): 18/62 MB
Progress (1): 18/62 MB
Progress (1): 18/62 MB
Progress (1): 18/62 MB
Progress (1): 18/62 MB
Progress (1): 18/62 MB
Progress (1): 18/62 MB
Progress (1): 18/62 MB
Progress (1): 18/62 MB
Progress (1): 18/62 MB
Progress (1): 18/62 MB
Progress (1): 18/62 MB
Progress (1): 18/62 MB
Progress (1): 18/62 MB
Progress (1): 18/62 MB
Progress (1): 18/62 MB
Progress (1): 18/62 MB
Progress (1): 18/62 MB
Progress (1): 18/62 MB
Progress (1): 18/62 MB
Progress (1): 18/62 MB
Progress (1): 19/62 MB
Progress (1): 19/62 MB
Progress (1): 19/62 MB
Progress (1): 19/62 MB
Progress (1): 19/62 MB
Progress (1): 19/62 MB
Progress (1): 19/62 MB
Progress (1): 19/62 MB
Progress (1): 19/62 MB
Progress (1): 19/62 MB
Progress (1): 19/62 MB
Progress (1): 19/62 MB
Progress (1): 19/62 MB
Progress (1): 19/62 MB
Progress (1): 19/62 MB
Progress (1): 19/62 MB
Progress (1): 19/62 MB
Progress (1): 19/62 MB
Progress (1): 19/62 MB
Progress (1): 19/62 MB
Progress (1): 19/62 MB
Progress (1): 19/62 MB
Progress (1): 19/62 MB
Progress (1): 19/62 MB
Progress (1): 19/62 MB
Progress (1): 19/62 MB
Progress (1): 19/62 MB
Progress (1): 19/62 MB
Progress (1): 19/62 MB
Progress (1): 19/62 MB
Progress (1): 19/62 MB
Progress (1): 19/62 MB
Progress (1): 19/62 MB
Progress (1): 19/62 MB
Progress (1): 19/62 MB
Progress (1): 19/62 MB
Progress (1): 19/62 MB
Progress (1): 19/62 MB
Progress (1): 19/62 MB
Progress (1): 19/62 MB
Progress (1): 19/62 MB
Progress (1): 19/62 MB
Progress (1): 19/62 MB
Progress (1): 19/62 MB
Progress (1): 19/62 MB
Progress (1): 19/62 MB
Progress (1): 19/62 MB
Progress (1): 19/62 MB
Progress (1): 19/62 MB
Progress (1): 19/62 MB
Progress (1): 19/62 MB
Progress (1): 19/62 MB
Progress (1): 19/62 MB
Progress (1): 19/62 MB
Progress (1): 19/62 MB
Progress (1): 19/62 MB
Progress (1): 19/62 MB
Progress (1): 19/62 MB
Progress (1): 19/62 MB
Progress (1): 19/62 MB
Progress (1): 19/62 MB
Progress (1): 20/62 MB
Progress (1): 20/62 MB
Progress (1): 20/62 MB
Progress (1): 20/62 MB
Progress (1): 20/62 MB
Progress (1): 20/62 MB
Progress (1): 20/62 MB
Progress (1): 20/62 MB
Progress (1): 20/62 MB
Progress (1): 20/62 MB
Progress (1): 20/62 MB
Progress (1): 20/62 MB
Progress (1): 20/62 MB
Progress (1): 20/62 MB
Progress (1): 20/62 MB
Progress (1): 20/62 MB
Progress (1): 20/62 MB
Progress (1): 20/62 MB
Progress (1): 20/62 MB
Progress (1): 20/62 MB
Progress (1): 20/62 MB
Progress (1): 20/62 MB
Progress (1): 20/62 MB
Progress (1): 20/62 MB
Progress (1): 20/62 MB
Progress (1): 20/62 MB
Progress (1): 20/62 MB
Progress (1): 20/62 MB
Progress (1): 20/62 MB
Progress (1): 20/62 MB
Progress (1): 20/62 MB
Progress (1): 20/62 MB
Progress (1): 20/62 MB
Progress (1): 20/62 MB
Progress (1): 20/62 MB
Progress (1): 20/62 MB
Progress (1): 20/62 MB
Progress (1): 20/62 MB
Progress (1): 20/62 MB
Progress (1): 20/62 MB
Progress (1): 20/62 MB
Progress (1): 20/62 MB
Progress (1): 20/62 MB
Progress (1): 20/62 MB
Progress (1): 20/62 MB
Progress (1): 20/62 MB
Progress (1): 20/62 MB
Progress (1): 20/62 MB
Progress (1): 20/62 MB
Progress (1): 20/62 MB
Progress (1): 20/62 MB
Progress (1): 20/62 MB
Progress (1): 20/62 MB
Progress (1): 20/62 MB
Progress (1): 20/62 MB
Progress (1): 20/62 MB
Progress (1): 20/62 MB
Progress (1): 20/62 MB
Progress (1): 20/62 MB
Progress (1): 20/62 MB
Progress (1): 20/62 MB
Progress (1): 21/62 MB
Progress (1): 21/62 MB
Progress (1): 21/62 MB
Progress (1): 21/62 MB
Progress (1): 21/62 MB
Progress (1): 21/62 MB
Progress (1): 21/62 MB
Progress (1): 21/62 MB
Progress (1): 21/62 MB
Progress (1): 21/62 MB
Progress (1): 21/62 MB
Progress (1): 21/62 MB
Progress (1): 21/62 MB
Progress (1): 21/62 MB
Progress (1): 21/62 MB
Progress (1): 21/62 MB
Progress (1): 21/62 MB
Progress (1): 21/62 MB
Progress (1): 21/62 MB
Progress (1): 21/62 MB
Progress (1): 21/62 MB
Progress (1): 21/62 MB
Progress (1): 21/62 MB
Progress (1): 21/62 MB
Progress (1): 21/62 MB
Progress (1): 21/62 MB
Progress (1): 21/62 MB
Progress (1): 21/62 MB
Progress (1): 21/62 MB
Progress (1): 21/62 MB
Progress (1): 21/62 MB
Progress (1): 21/62 MB
Progress (1): 21/62 MB
Progress (1): 21/62 MB
Progress (1): 21/62 MB
Progress (1): 21/62 MB
Progress (1): 21/62 MB
Progress (1): 21/62 MB
Progress (1): 21/62 MB
Progress (1): 21/62 MB
Progress (1): 21/62 MB
Progress (1): 21/62 MB
Progress (1): 21/62 MB
Progress (1): 21/62 MB
Progress (1): 21/62 MB
Progress (1): 21/62 MB
Progress (1): 21/62 MB
Progress (1): 21/62 MB
Progress (1): 21/62 MB
Progress (1): 21/62 MB
Progress (1): 21/62 MB
Progress (1): 21/62 MB
Progress (1): 21/62 MB
Progress (1): 21/62 MB
Progress (1): 21/62 MB
Progress (1): 21/62 MB
Progress (1): 21/62 MB
Progress (1): 21/62 MB
Progress (1): 21/62 MB
Progress (1): 21/62 MB
Progress (1): 21/62 MB
Progress (1): 22/62 MB
Progress (1): 22/62 MB
Progress (1): 22/62 MB
Progress (1): 22/62 MB
Progress (1): 22/62 MB
Progress (1): 22/62 MB
Progress (1): 22/62 MB
Progress (1): 22/62 MB
Progress (1): 22/62 MB
Progress (1): 22/62 MB
Progress (1): 22/62 MB
Progress (1): 22/62 MB
Progress (1): 22/62 MB
Progress (1): 22/62 MB
Progress (1): 22/62 MB
Progress (1): 22/62 MB
Progress (1): 22/62 MB
Progress (1): 22/62 MB
Progress (1): 22/62 MB
Progress (1): 22/62 MB
Progress (1): 22/62 MB
Progress (1): 22/62 MB
Progress (1): 22/62 MB
Progress (1): 22/62 MB
Progress (1): 22/62 MB
Progress (1): 22/62 MB
Progress (1): 22/62 MB
Progress (1): 22/62 MB
Progress (1): 22/62 MB
Progress (1): 22/62 MB
Progress (1): 22/62 MB
Progress (1): 22/62 MB
Progress (1): 22/62 MB
Progress (1): 22/62 MB
Progress (1): 22/62 MB
Progress (1): 22/62 MB
Progress (1): 22/62 MB
Progress (1): 22/62 MB
Progress (1): 22/62 MB
Progress (1): 22/62 MB
Progress (1): 22/62 MB
Progress (1): 22/62 MB
Progress (1): 22/62 MB
Progress (1): 22/62 MB
Progress (1): 22/62 MB
Progress (1): 22/62 MB
Progress (1): 22/62 MB
Progress (1): 22/62 MB
Progress (1): 22/62 MB
Progress (1): 22/62 MB
Progress (1): 22/62 MB
Progress (1): 22/62 MB
Progress (1): 22/62 MB
Progress (1): 22/62 MB
Progress (1): 22/62 MB
Progress (1): 22/62 MB
Progress (1): 22/62 MB
Progress (1): 22/62 MB
Progress (1): 22/62 MB
Progress (1): 22/62 MB
Progress (1): 22/62 MB
Progress (1): 23/62 MB
Progress (1): 23/62 MB
Progress (1): 23/62 MB
Progress (1): 23/62 MB
Progress (1): 23/62 MB
Progress (1): 23/62 MB
Progress (1): 23/62 MB
Progress (1): 23/62 MB
Progress (1): 23/62 MB
Progress (1): 23/62 MB
Progress (1): 23/62 MB
Progress (1): 23/62 MB
Progress (1): 23/62 MB
Progress (1): 23/62 MB
Progress (1): 23/62 MB
Progress (1): 23/62 MB
Progress (1): 23/62 MB
Progress (1): 23/62 MB
Progress (1): 23/62 MB
Progress (1): 23/62 MB
Progress (1): 23/62 MB
Progress (1): 23/62 MB
Progress (1): 23/62 MB
Progress (1): 23/62 MB
Progress (1): 23/62 MB
Progress (1): 23/62 MB
Progress (1): 23/62 MB
Progress (1): 23/62 MB
Progress (1): 23/62 MB
Progress (1): 23/62 MB
Progress (1): 23/62 MB
Progress (1): 23/62 MB
Progress (1): 23/62 MB
Progress (1): 23/62 MB
Progress (1): 23/62 MB
Progress (1): 23/62 MB
Progress (1): 23/62 MB
Progress (1): 23/62 MB
Progress (1): 23/62 MB
Progress (1): 23/62 MB
Progress (1): 23/62 MB
Progress (1): 23/62 MB
Progress (1): 23/62 MB
Progress (1): 23/62 MB
Progress (1): 23/62 MB
Progress (1): 23/62 MB
Progress (1): 23/62 MB
Progress (1): 23/62 MB
Progress (1): 23/62 MB
Progress (1): 23/62 MB
Progress (1): 23/62 MB
Progress (1): 23/62 MB
Progress (1): 23/62 MB
Progress (1): 23/62 MB
Progress (1): 23/62 MB
Progress (1): 23/62 MB
Progress (1): 23/62 MB
Progress (1): 23/62 MB
Progress (1): 23/62 MB
Progress (1): 23/62 MB
Progress (1): 23/62 MB
Progress (1): 24/62 MB
Progress (1): 24/62 MB
Progress (1): 24/62 MB
Progress (1): 24/62 MB
Progress (1): 24/62 MB
Progress (1): 24/62 MB
Progress (1): 24/62 MB
Progress (1): 24/62 MB
Progress (1): 24/62 MB
Progress (1): 24/62 MB
Progress (1): 24/62 MB
Progress (1): 24/62 MB
Progress (1): 24/62 MB
Progress (1): 24/62 MB
Progress (1): 24/62 MB
Progress (1): 24/62 MB
Progress (1): 24/62 MB
Progress (1): 24/62 MB
Progress (1): 24/62 MB
Progress (1): 24/62 MB
Progress (1): 24/62 MB
Progress (1): 24/62 MB
Progress (1): 24/62 MB
Progress (1): 24/62 MB
Progress (1): 24/62 MB
Progress (1): 24/62 MB
Progress (1): 24/62 MB
Progress (1): 24/62 MB
Progress (1): 24/62 MB
Progress (1): 24/62 MB
Progress (1): 24/62 MB
Progress (1): 24/62 MB
Progress (1): 24/62 MB
Progress (1): 24/62 MB
Progress (1): 24/62 MB
Progress (1): 24/62 MB
Progress (1): 24/62 MB
Progress (1): 24/62 MB
Progress (1): 24/62 MB
Progress (1): 24/62 MB
Progress (1): 24/62 MB
Progress (1): 24/62 MB
Progress (1): 24/62 MB
Progress (1): 24/62 MB
Progress (1): 24/62 MB
Progress (1): 24/62 MB
Progress (1): 24/62 MB
Progress (1): 24/62 MB
Progress (1): 24/62 MB
Progress (1): 24/62 MB
Progress (1): 24/62 MB
Progress (1): 24/62 MB
Progress (1): 24/62 MB
Progress (1): 24/62 MB
Progress (1): 24/62 MB
Progress (1): 24/62 MB
Progress (1): 24/62 MB
Progress (1): 24/62 MB
Progress (1): 24/62 MB
Progress (1): 24/62 MB
Progress (1): 24/62 MB
Progress (1): 25/62 MB
Progress (1): 25/62 MB
Progress (1): 25/62 MB
Progress (1): 25/62 MB
Progress (1): 25/62 MB
Progress (1): 25/62 MB
Progress (1): 25/62 MB
Progress (1): 25/62 MB
Progress (1): 25/62 MB
Progress (1): 25/62 MB
Progress (1): 25/62 MB
Progress (1): 25/62 MB
Progress (1): 25/62 MB
Progress (1): 25/62 MB
Progress (1): 25/62 MB
Progress (1): 25/62 MB
Progress (1): 25/62 MB
Progress (1): 25/62 MB
Progress (1): 25/62 MB
Progress (1): 25/62 MB
Progress (1): 25/62 MB
Progress (1): 25/62 MB
Progress (1): 25/62 MB
Progress (1): 25/62 MB
Progress (1): 25/62 MB
Progress (1): 25/62 MB
Progress (1): 25/62 MB
Progress (1): 25/62 MB
Progress (1): 25/62 MB
Progress (1): 25/62 MB
Progress (1): 25/62 MB
Progress (1): 25/62 MB
Progress (1): 25/62 MB
Progress (1): 25/62 MB
Progress (1): 25/62 MB
Progress (1): 25/62 MB
Progress (1): 25/62 MB
Progress (1): 25/62 MB
Progress (1): 25/62 MB
Progress (1): 25/62 MB
Progress (1): 25/62 MB
Progress (1): 25/62 MB
Progress (1): 25/62 MB
Progress (1): 25/62 MB
Progress (1): 25/62 MB
Progress (1): 25/62 MB
Progress (1): 25/62 MB
Progress (1): 25/62 MB
Progress (1): 25/62 MB
Progress (1): 25/62 MB
Progress (1): 25/62 MB
Progress (1): 25/62 MB
Progress (1): 25/62 MB
Progress (1): 25/62 MB
Progress (1): 25/62 MB
Progress (1): 25/62 MB
Progress (1): 25/62 MB
Progress (1): 25/62 MB
Progress (1): 25/62 MB
Progress (1): 25/62 MB
Progress (1): 25/62 MB
Progress (1): 26/62 MB
Progress (1): 26/62 MB
Progress (1): 26/62 MB
Progress (1): 26/62 MB
Progress (1): 26/62 MB
Progress (1): 26/62 MB
Progress (1): 26/62 MB
Progress (1): 26/62 MB
Progress (1): 26/62 MB
Progress (1): 26/62 MB
Progress (1): 26/62 MB
Progress (1): 26/62 MB
Progress (1): 26/62 MB
Progress (1): 26/62 MB
Progress (1): 26/62 MB
Progress (1): 26/62 MB
Progress (1): 26/62 MB
Progress (1): 26/62 MB
Progress (1): 26/62 MB
Progress (1): 26/62 MB
Progress (1): 26/62 MB
Progress (1): 26/62 MB
Progress (1): 26/62 MB
Progress (1): 26/62 MB
Progress (1): 26/62 MB
Progress (1): 26/62 MB
Progress (1): 26/62 MB
Progress (1): 26/62 MB
Progress (1): 26/62 MB
Progress (1): 26/62 MB
Progress (1): 26/62 MB
Progress (1): 26/62 MB
Progress (1): 26/62 MB
Progress (1): 26/62 MB
Progress (1): 26/62 MB
Progress (1): 26/62 MB
Progress (1): 26/62 MB
Progress (1): 26/62 MB
Progress (1): 26/62 MB
Progress (1): 26/62 MB
Progress (1): 26/62 MB
Progress (1): 26/62 MB
Progress (1): 26/62 MB
Progress (1): 26/62 MB
Progress (1): 26/62 MB
Progress (1): 26/62 MB
Progress (1): 26/62 MB
Progress (1): 26/62 MB
Progress (1): 26/62 MB
Progress (1): 26/62 MB
Progress (1): 26/62 MB
Progress (1): 26/62 MB
Progress (1): 26/62 MB
Progress (1): 26/62 MB
Progress (1): 26/62 MB
Progress (1): 26/62 MB
Progress (1): 26/62 MB
Progress (1): 26/62 MB
Progress (1): 26/62 MB
Progress (1): 26/62 MB
Progress (1): 26/62 MB
Progress (1): 27/62 MB
Progress (1): 27/62 MB
Progress (1): 27/62 MB
Progress (1): 27/62 MB
Progress (1): 27/62 MB
Progress (1): 27/62 MB
Progress (1): 27/62 MB
Progress (1): 27/62 MB
Progress (1): 27/62 MB
Progress (1): 27/62 MB
Progress (1): 27/62 MB
Progress (1): 27/62 MB
Progress (1): 27/62 MB
Progress (1): 27/62 MB
Progress (1): 27/62 MB
Progress (1): 27/62 MB
Progress (1): 27/62 MB
Progress (1): 27/62 MB
Progress (1): 27/62 MB
Progress (1): 27/62 MB
Progress (1): 27/62 MB
Progress (1): 27/62 MB
Progress (1): 27/62 MB
Progress (1): 27/62 MB
Progress (1): 27/62 MB
Progress (1): 27/62 MB
Progress (1): 27/62 MB
Progress (1): 27/62 MB
Progress (1): 27/62 MB
Progress (1): 27/62 MB
Progress (1): 27/62 MB
Progress (1): 27/62 MB
Progress (1): 27/62 MB
Progress (1): 27/62 MB
Progress (1): 27/62 MB
Progress (1): 27/62 MB
Progress (1): 27/62 MB
Progress (1): 27/62 MB
Progress (1): 27/62 MB
Progress (1): 27/62 MB
Progress (1): 27/62 MB
Progress (1): 27/62 MB
Progress (1): 27/62 MB
Progress (1): 27/62 MB
Progress (1): 27/62 MB
Progress (1): 27/62 MB
Progress (1): 27/62 MB
Progress (1): 27/62 MB
Progress (1): 27/62 MB
Progress (1): 27/62 MB
Progress (1): 27/62 MB
Progress (1): 27/62 MB
Progress (1): 27/62 MB
Progress (1): 27/62 MB
Progress (1): 27/62 MB
Progress (1): 27/62 MB
Progress (1): 27/62 MB
Progress (1): 27/62 MB
Progress (1): 27/62 MB
Progress (1): 27/62 MB
Progress (1): 27/62 MB
Progress (1): 28/62 MB
Progress (1): 28/62 MB
Progress (1): 28/62 MB
Progress (1): 28/62 MB
Progress (1): 28/62 MB
Progress (1): 28/62 MB
Progress (1): 28/62 MB
Progress (1): 28/62 MB
Progress (1): 28/62 MB
Progress (1): 28/62 MB
Progress (1): 28/62 MB
Progress (1): 28/62 MB
Progress (1): 28/62 MB
Progress (1): 28/62 MB
Progress (1): 28/62 MB
Progress (1): 28/62 MB
Progress (1): 28/62 MB
Progress (1): 28/62 MB
Progress (1): 28/62 MB
Progress (1): 28/62 MB
Progress (1): 28/62 MB
Progress (1): 28/62 MB
Progress (1): 28/62 MB
Progress (1): 28/62 MB
Progress (1): 28/62 MB
Progress (1): 28/62 MB
Progress (1): 28/62 MB
Progress (1): 28/62 MB
Progress (1): 28/62 MB
Progress (1): 28/62 MB
Progress (1): 28/62 MB
Progress (1): 28/62 MB
Progress (1): 28/62 MB
Progress (1): 28/62 MB
Progress (1): 28/62 MB
Progress (1): 28/62 MB
Progress (1): 28/62 MB
Progress (1): 28/62 MB
Progress (1): 28/62 MB
Progress (1): 28/62 MB
Progress (1): 28/62 MB
Progress (1): 28/62 MB
Progress (1): 28/62 MB
Progress (1): 28/62 MB
Progress (1): 28/62 MB
Progress (1): 28/62 MB
Progress (1): 28/62 MB
Progress (1): 28/62 MB
Progress (1): 28/62 MB
Progress (1): 28/62 MB
Progress (1): 28/62 MB
Progress (1): 28/62 MB
Progress (1): 28/62 MB
Progress (1): 28/62 MB
Progress (1): 28/62 MB
Progress (1): 28/62 MB
Progress (1): 28/62 MB
Progress (1): 28/62 MB
Progress (1): 28/62 MB
Progress (1): 28/62 MB
Progress (1): 28/62 MB
Progress (1): 29/62 MB
Progress (1): 29/62 MB
Progress (1): 29/62 MB
Progress (1): 29/62 MB
Progress (1): 29/62 MB
Progress (1): 29/62 MB
Progress (1): 29/62 MB
Progress (1): 29/62 MB
Progress (1): 29/62 MB
Progress (1): 29/62 MB
Progress (1): 29/62 MB
Progress (1): 29/62 MB
Progress (1): 29/62 MB
Progress (1): 29/62 MB
Progress (1): 29/62 MB
Progress (1): 29/62 MB
Progress (1): 29/62 MB
Progress (1): 29/62 MB
Progress (1): 29/62 MB
Progress (1): 29/62 MB
Progress (1): 29/62 MB
Progress (1): 29/62 MB
Progress (1): 29/62 MB
Progress (1): 29/62 MB
Progress (1): 29/62 MB
Progress (1): 29/62 MB
Progress (1): 29/62 MB
Progress (1): 29/62 MB
Progress (1): 29/62 MB
Progress (1): 29/62 MB
Progress (1): 29/62 MB
Progress (1): 29/62 MB
Progress (1): 29/62 MB
Progress (1): 29/62 MB
Progress (1): 29/62 MB
Progress (1): 29/62 MB
Progress (1): 29/62 MB
Progress (1): 29/62 MB
Progress (1): 29/62 MB
Progress (1): 29/62 MB
Progress (1): 29/62 MB
Progress (1): 29/62 MB
Progress (1): 29/62 MB
Progress (1): 29/62 MB
Progress (1): 29/62 MB
Progress (1): 29/62 MB
Progress (1): 29/62 MB
Progress (1): 29/62 MB
Progress (1): 29/62 MB
Progress (1): 29/62 MB
Progress (1): 29/62 MB
Progress (1): 29/62 MB
Progress (1): 29/62 MB
Progress (1): 29/62 MB
Progress (1): 29/62 MB
Progress (1): 29/62 MB
Progress (1): 29/62 MB
Progress (1): 29/62 MB
Progress (1): 29/62 MB
Progress (1): 29/62 MB
Progress (1): 29/62 MB
Progress (1): 30/62 MB
Progress (1): 30/62 MB
Progress (1): 30/62 MB
Progress (1): 30/62 MB
Progress (1): 30/62 MB
Progress (1): 30/62 MB
Progress (1): 30/62 MB
Progress (1): 30/62 MB
Progress (1): 30/62 MB
Progress (1): 30/62 MB
Progress (1): 30/62 MB
Progress (1): 30/62 MB
Progress (1): 30/62 MB
Progress (1): 30/62 MB
Progress (1): 30/62 MB
Progress (1): 30/62 MB
Progress (1): 30/62 MB
Progress (1): 30/62 MB
Progress (1): 30/62 MB
Progress (1): 30/62 MB
Progress (1): 30/62 MB
Progress (1): 30/62 MB
Progress (1): 30/62 MB
Progress (1): 30/62 MB
Progress (1): 30/62 MB
Progress (1): 30/62 MB
Progress (1): 30/62 MB
Progress (1): 30/62 MB
Progress (1): 30/62 MB
Progress (1): 30/62 MB
Progress (1): 30/62 MB
Progress (1): 30/62 MB
Progress (1): 30/62 MB
Progress (1): 30/62 MB
Progress (1): 30/62 MB
Progress (1): 30/62 MB
Progress (1): 30/62 MB
Progress (1): 30/62 MB
Progress (1): 30/62 MB
Progress (1): 30/62 MB
Progress (1): 30/62 MB
Progress (1): 30/62 MB
Progress (1): 30/62 MB
Progress (1): 30/62 MB
Progress (1): 30/62 MB
Progress (1): 30/62 MB
Progress (1): 30/62 MB
Progress (1): 30/62 MB
Progress (1): 30/62 MB
Progress (1): 30/62 MB
Progress (1): 30/62 MB
Progress (1): 30/62 MB
Progress (1): 30/62 MB
Progress (1): 30/62 MB
Progress (1): 30/62 MB
Progress (1): 30/62 MB
Progress (1): 30/62 MB
Progress (1): 30/62 MB
Progress (1): 30/62 MB
Progress (1): 30/62 MB
Progress (1): 30/62 MB
Progress (1): 31/62 MB
Progress (1): 31/62 MB
Progress (1): 31/62 MB
Progress (1): 31/62 MB
Progress (1): 31/62 MB
Progress (1): 31/62 MB
Progress (1): 31/62 MB
Progress (1): 31/62 MB
Progress (1): 31/62 MB
Progress (1): 31/62 MB
Progress (1): 31/62 MB
Progress (1): 31/62 MB
Progress (1): 31/62 MB
Progress (1): 31/62 MB
Progress (1): 31/62 MB
Progress (1): 31/62 MB
Progress (1): 31/62 MB
Progress (1): 31/62 MB
Progress (1): 31/62 MB
Progress (1): 31/62 MB
Progress (1): 31/62 MB
Progress (1): 31/62 MB
Progress (1): 31/62 MB
Progress (1): 31/62 MB
Progress (1): 31/62 MB
Progress (1): 31/62 MB
Progress (1): 31/62 MB
Progress (1): 31/62 MB
Progress (1): 31/62 MB
Progress (1): 31/62 MB
Progress (1): 31/62 MB
Progress (1): 31/62 MB
Progress (1): 31/62 MB
Progress (1): 31/62 MB
Progress (1): 31/62 MB
Progress (1): 31/62 MB
Progress (1): 31/62 MB
Progress (1): 31/62 MB
Progress (1): 31/62 MB
Progress (1): 31/62 MB
Progress (1): 31/62 MB
Progress (1): 31/62 MB
Progress (1): 31/62 MB
Progress (1): 31/62 MB
Progress (1): 31/62 MB
Progress (1): 31/62 MB
Progress (1): 31/62 MB
Progress (1): 31/62 MB
Progress (1): 31/62 MB
Progress (1): 31/62 MB
Progress (1): 31/62 MB
Progress (1): 31/62 MB
Progress (1): 31/62 MB
Progress (1): 31/62 MB
Progress (1): 31/62 MB
Progress (1): 31/62 MB
Progress (1): 31/62 MB
Progress (1): 31/62 MB
Progress (1): 31/62 MB
Progress (1): 31/62 MB
Progress (1): 31/62 MB
Progress (1): 32/62 MB
Progress (1): 32/62 MB
Progress (1): 32/62 MB
Progress (1): 32/62 MB
Progress (1): 32/62 MB
Progress (1): 32/62 MB
Progress (1): 32/62 MB
Progress (1): 32/62 MB
Progress (1): 32/62 MB
Progress (1): 32/62 MB
Progress (1): 32/62 MB
Progress (1): 32/62 MB
Progress (1): 32/62 MB
Progress (1): 32/62 MB
Progress (1): 32/62 MB
Progress (1): 32/62 MB
Progress (1): 32/62 MB
Progress (1): 32/62 MB
Progress (1): 32/62 MB
Progress (1): 32/62 MB
Progress (1): 32/62 MB
Progress (1): 32/62 MB
Progress (1): 32/62 MB
Progress (1): 32/62 MB
Progress (1): 32/62 MB
Progress (1): 32/62 MB
Progress (1): 32/62 MB
Progress (1): 32/62 MB
Progress (1): 32/62 MB
Progress (1): 32/62 MB
Progress (1): 32/62 MB
Progress (1): 32/62 MB
Progress (1): 32/62 MB
Progress (1): 32/62 MB
Progress (1): 32/62 MB
Progress (1): 32/62 MB
Progress (1): 32/62 MB
Progress (1): 32/62 MB
Progress (1): 32/62 MB
Progress (1): 32/62 MB
Progress (1): 32/62 MB
Progress (1): 32/62 MB
Progress (1): 32/62 MB
Progress (1): 32/62 MB
Progress (1): 32/62 MB
Progress (1): 32/62 MB
Progress (1): 32/62 MB
Progress (1): 32/62 MB
Progress (1): 32/62 MB
Progress (1): 32/62 MB
Progress (1): 32/62 MB
Progress (1): 32/62 MB
Progress (1): 32/62 MB
Progress (1): 32/62 MB
Progress (1): 32/62 MB
Progress (1): 32/62 MB
Progress (1): 32/62 MB
Progress (1): 32/62 MB
Progress (1): 32/62 MB
Progress (1): 32/62 MB
Progress (1): 32/62 MB
Progress (1): 33/62 MB
Progress (1): 33/62 MB
Progress (1): 33/62 MB
Progress (1): 33/62 MB
Progress (1): 33/62 MB
Progress (1): 33/62 MB
Progress (1): 33/62 MB
Progress (1): 33/62 MB
Progress (1): 33/62 MB
Progress (1): 33/62 MB
Progress (1): 33/62 MB
Progress (1): 33/62 MB
Progress (1): 33/62 MB
Progress (1): 33/62 MB
Progress (1): 33/62 MB
Progress (1): 33/62 MB
Progress (1): 33/62 MB
Progress (1): 33/62 MB
Progress (1): 33/62 MB
Progress (1): 33/62 MB
Progress (1): 33/62 MB
Progress (1): 33/62 MB
Progress (1): 33/62 MB
Progress (1): 33/62 MB
Progress (1): 33/62 MB
Progress (1): 33/62 MB
Progress (1): 33/62 MB
Progress (1): 33/62 MB
Progress (1): 33/62 MB
Progress (1): 33/62 MB
Progress (1): 33/62 MB
Progress (1): 33/62 MB
Progress (1): 33/62 MB
Progress (1): 33/62 MB
Progress (1): 33/62 MB
Progress (1): 33/62 MB
Progress (1): 33/62 MB
Progress (1): 33/62 MB
Progress (1): 33/62 MB
Progress (1): 33/62 MB
Progress (1): 33/62 MB
Progress (1): 33/62 MB
Progress (1): 33/62 MB
Progress (1): 33/62 MB
Progress (1): 33/62 MB
Progress (1): 33/62 MB
Progress (1): 33/62 MB
Progress (1): 33/62 MB
Progress (1): 33/62 MB
Progress (1): 33/62 MB
Progress (1): 33/62 MB
Progress (1): 33/62 MB
Progress (1): 33/62 MB
Progress (1): 33/62 MB
Progress (1): 33/62 MB
Progress (1): 33/62 MB
Progress (1): 33/62 MB
Progress (1): 33/62 MB
Progress (1): 33/62 MB
Progress (1): 33/62 MB
Progress (1): 33/62 MB
Progress (1): 34/62 MB
Progress (1): 34/62 MB
Progress (1): 34/62 MB
Progress (1): 34/62 MB
Progress (1): 34/62 MB
Progress (1): 34/62 MB
Progress (1): 34/62 MB
Progress (1): 34/62 MB
Progress (1): 34/62 MB
Progress (1): 34/62 MB
Progress (1): 34/62 MB
Progress (1): 34/62 MB
Progress (1): 34/62 MB
Progress (1): 34/62 MB
Progress (1): 34/62 MB
Progress (1): 34/62 MB
Progress (1): 34/62 MB
Progress (1): 34/62 MB
Progress (1): 34/62 MB
Progress (1): 34/62 MB
Progress (1): 34/62 MB
Progress (1): 34/62 MB
Progress (1): 34/62 MB
Progress (1): 34/62 MB
Progress (1): 34/62 MB
Progress (1): 34/62 MB
Progress (1): 34/62 MB
Progress (1): 34/62 MB
Progress (1): 34/62 MB
Progress (1): 34/62 MB
Progress (1): 34/62 MB
Progress (1): 34/62 MB
Progress (1): 34/62 MB
Progress (1): 34/62 MB
Progress (1): 34/62 MB
Progress (1): 34/62 MB
Progress (1): 34/62 MB
Progress (1): 34/62 MB
Progress (1): 34/62 MB
Progress (1): 34/62 MB
Progress (1): 34/62 MB
Progress (1): 34/62 MB
Progress (1): 34/62 MB
Progress (1): 34/62 MB
Progress (1): 34/62 MB
Progress (1): 34/62 MB
Progress (1): 34/62 MB
Progress (1): 34/62 MB
Progress (1): 34/62 MB
Progress (1): 34/62 MB
Progress (1): 34/62 MB
Progress (1): 34/62 MB
Progress (1): 34/62 MB
Progress (1): 34/62 MB
Progress (1): 34/62 MB
Progress (1): 34/62 MB
Progress (1): 34/62 MB
Progress (1): 34/62 MB
Progress (1): 34/62 MB
Progress (1): 34/62 MB
Progress (1): 34/62 MB
Progress (1): 35/62 MB
Progress (1): 35/62 MB
Progress (1): 35/62 MB
Progress (1): 35/62 MB
Progress (1): 35/62 MB
Progress (1): 35/62 MB
Progress (1): 35/62 MB
Progress (1): 35/62 MB
Progress (1): 35/62 MB
Progress (1): 35/62 MB
Progress (1): 35/62 MB
Progress (1): 35/62 MB
Progress (1): 35/62 MB
Progress (1): 35/62 MB
Progress (1): 35/62 MB
Progress (1): 35/62 MB
Progress (1): 35/62 MB
Progress (1): 35/62 MB
Progress (1): 35/62 MB
Progress (1): 35/62 MB
Progress (1): 35/62 MB
Progress (1): 35/62 MB
Progress (1): 35/62 MB
Progress (1): 35/62 MB
Progress (1): 35/62 MB
Progress (1): 35/62 MB
Progress (1): 35/62 MB
Progress (1): 35/62 MB
Progress (1): 35/62 MB
Progress (1): 35/62 MB
Progress (1): 35/62 MB
Progress (1): 35/62 MB
Progress (1): 35/62 MB
Progress (1): 35/62 MB
Progress (1): 35/62 MB
Progress (1): 35/62 MB
Progress (1): 35/62 MB
Progress (1): 35/62 MB
Progress (1): 35/62 MB
Progress (1): 35/62 MB
Progress (1): 35/62 MB
Progress (1): 35/62 MB
Progress (1): 35/62 MB
Progress (1): 35/62 MB
Progress (1): 35/62 MB
Progress (1): 35/62 MB
Progress (1): 35/62 MB
Progress (1): 35/62 MB
Progress (1): 35/62 MB
Progress (1): 35/62 MB
Progress (1): 35/62 MB
Progress (1): 35/62 MB
Progress (1): 35/62 MB
Progress (1): 35/62 MB
Progress (1): 35/62 MB
Progress (1): 35/62 MB
Progress (1): 35/62 MB
Progress (1): 35/62 MB
Progress (1): 35/62 MB
Progress (1): 35/62 MB
Progress (1): 35/62 MB
Progress (1): 36/62 MB
Progress (1): 36/62 MB
Progress (1): 36/62 MB
Progress (1): 36/62 MB
Progress (1): 36/62 MB
Progress (1): 36/62 MB
Progress (1): 36/62 MB
Progress (1): 36/62 MB
Progress (1): 36/62 MB
Progress (1): 36/62 MB
Progress (1): 36/62 MB
Progress (1): 36/62 MB
Progress (1): 36/62 MB
Progress (1): 36/62 MB
Progress (1): 36/62 MB
Progress (1): 36/62 MB
Progress (1): 36/62 MB
Progress (1): 36/62 MB
Progress (1): 36/62 MB
Progress (1): 36/62 MB
Progress (1): 36/62 MB
Progress (1): 36/62 MB
Progress (1): 36/62 MB
Progress (1): 36/62 MB
Progress (1): 36/62 MB
Progress (1): 36/62 MB
Progress (1): 36/62 MB
Progress (1): 36/62 MB
Progress (1): 36/62 MB
Progress (1): 36/62 MB
Progress (1): 36/62 MB
Progress (1): 36/62 MB
Progress (1): 36/62 MB
Progress (1): 36/62 MB
Progress (1): 36/62 MB
Progress (1): 36/62 MB
Progress (1): 36/62 MB
Progress (1): 36/62 MB
Progress (1): 36/62 MB
Progress (1): 36/62 MB
Progress (1): 36/62 MB
Progress (1): 36/62 MB
Progress (1): 36/62 MB
Progress (1): 36/62 MB
Progress (1): 36/62 MB
Progress (1): 36/62 MB
Progress (1): 36/62 MB
Progress (1): 36/62 MB
Progress (1): 36/62 MB
Progress (1): 36/62 MB
Progress (1): 36/62 MB
Progress (1): 36/62 MB
Progress (1): 36/62 MB
Progress (1): 36/62 MB
Progress (1): 36/62 MB
Progress (1): 36/62 MB
Progress (1): 36/62 MB
Progress (1): 36/62 MB
Progress (1): 36/62 MB
Progress (1): 36/62 MB
Progress (1): 36/62 MB
Progress (1): 37/62 MB
Progress (1): 37/62 MB
Progress (1): 37/62 MB
Progress (1): 37/62 MB
Progress (1): 37/62 MB
Progress (1): 37/62 MB
Progress (1): 37/62 MB
Progress (1): 37/62 MB
Progress (1): 37/62 MB
Progress (1): 37/62 MB
Progress (1): 37/62 MB
Progress (1): 37/62 MB
Progress (1): 37/62 MB
Progress (1): 37/62 MB
Progress (1): 37/62 MB
Progress (1): 37/62 MB
Progress (1): 37/62 MB
Progress (1): 37/62 MB
Progress (1): 37/62 MB
Progress (1): 37/62 MB
Progress (1): 37/62 MB
Progress (1): 37/62 MB
Progress (1): 37/62 MB
Progress (1): 37/62 MB
Progress (1): 37/62 MB
Progress (1): 37/62 MB
Progress (1): 37/62 MB
Progress (1): 37/62 MB
Progress (1): 37/62 MB
Progress (1): 37/62 MB
Progress (1): 37/62 MB
Progress (1): 37/62 MB
Progress (1): 37/62 MB
Progress (1): 37/62 MB
Progress (1): 37/62 MB
Progress (1): 37/62 MB
Progress (1): 37/62 MB
Progress (1): 37/62 MB
Progress (1): 37/62 MB
Progress (1): 37/62 MB
Progress (1): 37/62 MB
Progress (1): 37/62 MB
Progress (1): 37/62 MB
Progress (1): 37/62 MB
Progress (1): 37/62 MB
Progress (1): 37/62 MB
Progress (1): 37/62 MB
Progress (1): 37/62 MB
Progress (1): 37/62 MB
Progress (1): 37/62 MB
Progress (1): 37/62 MB
Progress (1): 37/62 MB
Progress (1): 37/62 MB
Progress (1): 37/62 MB
Progress (1): 37/62 MB
Progress (1): 37/62 MB
Progress (1): 37/62 MB
Progress (1): 37/62 MB
Progress (1): 37/62 MB
Progress (1): 37/62 MB
Progress (1): 37/62 MB
Progress (1): 38/62 MB
Progress (1): 38/62 MB
Progress (1): 38/62 MB
Progress (1): 38/62 MB
Progress (1): 38/62 MB
Progress (1): 38/62 MB
Progress (1): 38/62 MB
Progress (1): 38/62 MB
Progress (1): 38/62 MB
Progress (1): 38/62 MB
Progress (1): 38/62 MB
Progress (1): 38/62 MB
Progress (1): 38/62 MB
Progress (1): 38/62 MB
Progress (1): 38/62 MB
Progress (1): 38/62 MB
Progress (1): 38/62 MB
Progress (1): 38/62 MB
Progress (1): 38/62 MB
Progress (1): 38/62 MB
Progress (1): 38/62 MB
Progress (1): 38/62 MB
Progress (1): 38/62 MB
Progress (1): 38/62 MB
Progress (1): 38/62 MB
Progress (1): 38/62 MB
Progress (1): 38/62 MB
Progress (1): 38/62 MB
Progress (1): 38/62 MB
Progress (1): 38/62 MB
Progress (1): 38/62 MB
Progress (1): 38/62 MB
Progress (1): 38/62 MB
Progress (1): 38/62 MB
Progress (1): 38/62 MB
Progress (1): 38/62 MB
Progress (1): 38/62 MB
Progress (1): 38/62 MB
Progress (1): 38/62 MB
Progress (1): 38/62 MB
Progress (1): 38/62 MB
Progress (1): 38/62 MB
Progress (1): 38/62 MB
Progress (1): 38/62 MB
Progress (1): 38/62 MB
Progress (1): 38/62 MB
Progress (1): 38/62 MB
Progress (1): 38/62 MB
Progress (1): 38/62 MB
Progress (1): 38/62 MB
Progress (1): 38/62 MB
Progress (1): 38/62 MB
Progress (1): 38/62 MB
Progress (1): 38/62 MB
Progress (1): 38/62 MB
Progress (1): 38/62 MB
Progress (1): 38/62 MB
Progress (1): 38/62 MB
Progress (1): 38/62 MB
Progress (1): 38/62 MB
Progress (1): 38/62 MB
Progress (1): 39/62 MB
Progress (1): 39/62 MB
Progress (1): 39/62 MB
Progress (1): 39/62 MB
Progress (1): 39/62 MB
Progress (1): 39/62 MB
Progress (1): 39/62 MB
Progress (1): 39/62 MB
Progress (1): 39/62 MB
Progress (1): 39/62 MB
Progress (1): 39/62 MB
Progress (1): 39/62 MB
Progress (1): 39/62 MB
Progress (1): 39/62 MB
Progress (1): 39/62 MB
Progress (1): 39/62 MB
Progress (1): 39/62 MB
Progress (1): 39/62 MB
Progress (1): 39/62 MB
Progress (1): 39/62 MB
Progress (1): 39/62 MB
Progress (1): 39/62 MB
Progress (1): 39/62 MB
Progress (1): 39/62 MB
Progress (1): 39/62 MB
Progress (1): 39/62 MB
Progress (1): 39/62 MB
Progress (1): 39/62 MB
Progress (1): 39/62 MB
Progress (1): 39/62 MB
Progress (1): 39/62 MB
Progress (1): 39/62 MB
Progress (1): 39/62 MB
Progress (1): 39/62 MB
Progress (1): 39/62 MB
Progress (1): 39/62 MB
Progress (1): 39/62 MB
Progress (1): 39/62 MB
Progress (1): 39/62 MB
Progress (1): 39/62 MB
Progress (1): 39/62 MB
Progress (1): 39/62 MB
Progress (1): 39/62 MB
Progress (1): 39/62 MB
Progress (1): 39/62 MB
Progress (1): 39/62 MB
Progress (1): 39/62 MB
Progress (1): 39/62 MB
Progress (1): 39/62 MB
Progress (1): 39/62 MB
Progress (1): 39/62 MB
Progress (1): 39/62 MB
Progress (1): 39/62 MB
Progress (1): 39/62 MB
Progress (1): 39/62 MB
Progress (1): 39/62 MB
Progress (1): 39/62 MB
Progress (1): 39/62 MB
Progress (1): 39/62 MB
Progress (1): 39/62 MB
Progress (1): 39/62 MB
Progress (1): 39/62 MB
Progress (1): 40/62 MB
Progress (1): 40/62 MB
Progress (1): 40/62 MB
Progress (1): 40/62 MB
Progress (1): 40/62 MB
Progress (1): 40/62 MB
Progress (1): 40/62 MB
Progress (1): 40/62 MB
Progress (1): 40/62 MB
Progress (1): 40/62 MB
Progress (1): 40/62 MB
Progress (1): 40/62 MB
Progress (1): 40/62 MB
Progress (1): 40/62 MB
Progress (1): 40/62 MB
Progress (1): 40/62 MB
Progress (1): 40/62 MB
Progress (1): 40/62 MB
Progress (1): 40/62 MB
Progress (1): 40/62 MB
Progress (1): 40/62 MB
Progress (1): 40/62 MB
Progress (1): 40/62 MB
Progress (1): 40/62 MB
Progress (1): 40/62 MB
Progress (1): 40/62 MB
Progress (1): 40/62 MB
Progress (1): 40/62 MB
Progress (1): 40/62 MB
Progress (1): 40/62 MB
Progress (1): 40/62 MB
Progress (1): 40/62 MB
Progress (1): 40/62 MB
Progress (1): 40/62 MB
Progress (1): 40/62 MB
Progress (1): 40/62 MB
Progress (1): 40/62 MB
Progress (1): 40/62 MB
Progress (1): 40/62 MB
Progress (1): 40/62 MB
Progress (1): 40/62 MB
Progress (1): 40/62 MB
Progress (1): 40/62 MB
Progress (1): 40/62 MB
Progress (1): 40/62 MB
Progress (1): 40/62 MB
Progress (1): 40/62 MB
Progress (1): 40/62 MB
Progress (1): 40/62 MB
Progress (1): 40/62 MB
Progress (1): 40/62 MB
Progress (1): 40/62 MB
Progress (1): 40/62 MB
Progress (1): 40/62 MB
Progress (1): 40/62 MB
Progress (1): 40/62 MB
Progress (1): 40/62 MB
Progress (1): 40/62 MB
Progress (1): 40/62 MB
Progress (1): 40/62 MB
Progress (1): 40/62 MB
Progress (1): 41/62 MB
Progress (1): 41/62 MB
Progress (1): 41/62 MB
Progress (1): 41/62 MB
Progress (1): 41/62 MB
Progress (1): 41/62 MB
Progress (1): 41/62 MB
Progress (1): 41/62 MB
Progress (1): 41/62 MB
Progress (1): 41/62 MB
Progress (1): 41/62 MB
Progress (1): 41/62 MB
Progress (1): 41/62 MB
Progress (1): 41/62 MB
Progress (1): 41/62 MB
Progress (1): 41/62 MB
Progress (1): 41/62 MB
Progress (1): 41/62 MB
Progress (1): 41/62 MB
Progress (1): 41/62 MB
Progress (1): 41/62 MB
Progress (1): 41/62 MB
Progress (1): 41/62 MB
Progress (1): 41/62 MB
Progress (1): 41/62 MB
Progress (1): 41/62 MB
Progress (1): 41/62 MB
Progress (1): 41/62 MB
Progress (1): 41/62 MB
Progress (1): 41/62 MB
Progress (1): 41/62 MB
Progress (1): 41/62 MB
Progress (1): 41/62 MB
Progress (1): 41/62 MB
Progress (1): 41/62 MB
Progress (1): 41/62 MB
Progress (1): 41/62 MB
Progress (1): 41/62 MB
Progress (1): 41/62 MB
Progress (1): 41/62 MB
Progress (1): 41/62 MB
Progress (1): 41/62 MB
Progress (1): 41/62 MB
Progress (1): 41/62 MB
Progress (1): 41/62 MB
Progress (1): 41/62 MB
Progress (1): 41/62 MB
Progress (1): 41/62 MB
Progress (1): 41/62 MB
Progress (1): 41/62 MB
Progress (1): 41/62 MB
Progress (1): 41/62 MB
Progress (1): 41/62 MB
Progress (1): 41/62 MB
Progress (1): 41/62 MB
Progress (1): 41/62 MB
Progress (1): 41/62 MB
Progress (1): 41/62 MB
Progress (1): 41/62 MB
Progress (1): 41/62 MB
Progress (1): 41/62 MB
Progress (1): 42/62 MB
Progress (1): 42/62 MB
Progress (1): 42/62 MB
Progress (1): 42/62 MB
Progress (1): 42/62 MB
Progress (1): 42/62 MB
Progress (1): 42/62 MB
Progress (1): 42/62 MB
Progress (1): 42/62 MB
Progress (1): 42/62 MB
Progress (1): 42/62 MB
Progress (1): 42/62 MB
Progress (1): 42/62 MB
Progress (1): 42/62 MB
Progress (1): 42/62 MB
Progress (1): 42/62 MB
Progress (1): 42/62 MB
Progress (1): 42/62 MB
Progress (1): 42/62 MB
Progress (1): 42/62 MB
Progress (1): 42/62 MB
Progress (1): 42/62 MB
Progress (1): 42/62 MB
Progress (1): 42/62 MB
Progress (1): 42/62 MB
Progress (1): 42/62 MB
Progress (1): 42/62 MB
Progress (1): 42/62 MB
Progress (1): 42/62 MB
Progress (1): 42/62 MB
Progress (1): 42/62 MB
Progress (1): 42/62 MB
Progress (1): 42/62 MB
Progress (1): 42/62 MB
Progress (1): 42/62 MB
Progress (1): 42/62 MB
Progress (1): 42/62 MB
Progress (1): 42/62 MB
Progress (1): 42/62 MB
Progress (1): 42/62 MB
Progress (1): 42/62 MB
Progress (1): 42/62 MB
Progress (1): 42/62 MB
Progress (1): 42/62 MB
Progress (1): 42/62 MB
Progress (1): 42/62 MB
Progress (1): 42/62 MB
Progress (1): 42/62 MB
Progress (1): 42/62 MB
Progress (1): 42/62 MB
Progress (1): 42/62 MB
Progress (1): 42/62 MB
Progress (1): 42/62 MB
Progress (1): 42/62 MB
Progress (1): 42/62 MB
Progress (1): 42/62 MB
Progress (1): 42/62 MB
Progress (1): 42/62 MB
Progress (1): 42/62 MB
Progress (1): 42/62 MB
Progress (1): 42/62 MB
Progress (1): 43/62 MB
Progress (1): 43/62 MB
Progress (1): 43/62 MB
Progress (1): 43/62 MB
Progress (1): 43/62 MB
Progress (1): 43/62 MB
Progress (1): 43/62 MB
Progress (1): 43/62 MB
Progress (1): 43/62 MB
Progress (1): 43/62 MB
Progress (1): 43/62 MB
Progress (1): 43/62 MB
Progress (1): 43/62 MB
Progress (1): 43/62 MB
Progress (1): 43/62 MB
Progress (1): 43/62 MB
Progress (1): 43/62 MB
Progress (1): 43/62 MB
Progress (1): 43/62 MB
Progress (1): 43/62 MB
Progress (1): 43/62 MB
Progress (1): 43/62 MB
Progress (1): 43/62 MB
Progress (1): 43/62 MB
Progress (1): 43/62 MB
Progress (1): 43/62 MB
Progress (1): 43/62 MB
Progress (1): 43/62 MB
Progress (1): 43/62 MB
Progress (1): 43/62 MB
Progress (1): 43/62 MB
Progress (1): 43/62 MB
Progress (1): 43/62 MB
Progress (1): 43/62 MB
Progress (1): 43/62 MB
Progress (1): 43/62 MB
Progress (1): 43/62 MB
Progress (1): 43/62 MB
Progress (1): 43/62 MB
Progress (1): 43/62 MB
Progress (1): 43/62 MB
Progress (1): 43/62 MB
Progress (1): 43/62 MB
Progress (1): 43/62 MB
Progress (1): 43/62 MB
Progress (1): 43/62 MB
Progress (1): 43/62 MB
Progress (1): 43/62 MB
Progress (1): 43/62 MB
Progress (1): 43/62 MB
Progress (1): 43/62 MB
Progress (1): 43/62 MB
Progress (1): 43/62 MB
Progress (1): 43/62 MB
Progress (1): 43/62 MB
Progress (1): 43/62 MB
Progress (1): 43/62 MB
Progress (1): 43/62 MB
Progress (1): 43/62 MB
Progress (1): 43/62 MB
Progress (1): 43/62 MB
Progress (1): 44/62 MB
Progress (1): 44/62 MB
Progress (1): 44/62 MB
Progress (1): 44/62 MB
Progress (1): 44/62 MB
Progress (1): 44/62 MB
Progress (1): 44/62 MB
Progress (1): 44/62 MB
Progress (1): 44/62 MB
Progress (1): 44/62 MB
Progress (1): 44/62 MB
Progress (1): 44/62 MB
Progress (1): 44/62 MB
Progress (1): 44/62 MB
Progress (1): 44/62 MB
Progress (1): 44/62 MB
Progress (1): 44/62 MB
Progress (1): 44/62 MB
Progress (1): 44/62 MB
Progress (1): 44/62 MB
Progress (1): 44/62 MB
Progress (1): 44/62 MB
Progress (1): 44/62 MB
Progress (1): 44/62 MB
Progress (1): 44/62 MB
Progress (1): 44/62 MB
Progress (1): 44/62 MB
Progress (1): 44/62 MB
Progress (1): 44/62 MB
Progress (1): 44/62 MB
Progress (1): 44/62 MB
Progress (1): 44/62 MB
Progress (1): 44/62 MB
Progress (1): 44/62 MB
Progress (1): 44/62 MB
Progress (1): 44/62 MB
Progress (1): 44/62 MB
Progress (1): 44/62 MB
Progress (1): 44/62 MB
Progress (1): 44/62 MB
Progress (1): 44/62 MB
Progress (1): 44/62 MB
Progress (1): 44/62 MB
Progress (1): 44/62 MB
Progress (1): 44/62 MB
Progress (1): 44/62 MB
Progress (1): 44/62 MB
Progress (1): 44/62 MB
Progress (1): 44/62 MB
Progress (1): 44/62 MB
Progress (1): 44/62 MB
Progress (1): 44/62 MB
Progress (1): 44/62 MB
Progress (1): 44/62 MB
Progress (1): 44/62 MB
Progress (1): 44/62 MB
Progress (1): 44/62 MB
Progress (1): 44/62 MB
Progress (1): 44/62 MB
Progress (1): 44/62 MB
Progress (1): 44/62 MB
Progress (1): 45/62 MB
Progress (1): 45/62 MB
Progress (1): 45/62 MB
Progress (1): 45/62 MB
Progress (1): 45/62 MB
Progress (1): 45/62 MB
Progress (1): 45/62 MB
Progress (1): 45/62 MB
Progress (1): 45/62 MB
Progress (1): 45/62 MB
Progress (1): 45/62 MB
Progress (1): 45/62 MB
Progress (1): 45/62 MB
Progress (1): 45/62 MB
Progress (1): 45/62 MB
Progress (1): 45/62 MB
Progress (1): 45/62 MB
Progress (1): 45/62 MB
Progress (1): 45/62 MB
Progress (1): 45/62 MB
Progress (1): 45/62 MB
Progress (1): 45/62 MB
Progress (1): 45/62 MB
Progress (1): 45/62 MB
Progress (1): 45/62 MB
Progress (1): 45/62 MB
Progress (1): 45/62 MB
Progress (1): 45/62 MB
Progress (1): 45/62 MB
Progress (1): 45/62 MB
Progress (1): 45/62 MB
Progress (1): 45/62 MB
Progress (1): 45/62 MB
Progress (1): 45/62 MB
Progress (1): 45/62 MB
Progress (1): 45/62 MB
Progress (1): 45/62 MB
Progress (1): 45/62 MB
Progress (1): 45/62 MB
Progress (1): 45/62 MB
Progress (1): 45/62 MB
Progress (1): 45/62 MB
Progress (1): 45/62 MB
Progress (1): 45/62 MB
Progress (1): 45/62 MB
Progress (1): 45/62 MB
Progress (1): 45/62 MB
Progress (1): 45/62 MB
Progress (1): 45/62 MB
Progress (1): 45/62 MB
Progress (1): 45/62 MB
Progress (1): 45/62 MB
Progress (1): 45/62 MB
Progress (1): 45/62 MB
Progress (1): 45/62 MB
Progress (1): 45/62 MB
Progress (1): 45/62 MB
Progress (1): 45/62 MB
Progress (1): 45/62 MB
Progress (1): 45/62 MB
Progress (1): 45/62 MB
Progress (1): 46/62 MB
Progress (1): 46/62 MB
Progress (1): 46/62 MB
Progress (1): 46/62 MB
Progress (1): 46/62 MB
Progress (1): 46/62 MB
Progress (1): 46/62 MB
Progress (1): 46/62 MB
Progress (1): 46/62 MB
Progress (1): 46/62 MB
Progress (1): 46/62 MB
Progress (1): 46/62 MB
Progress (1): 46/62 MB
Progress (1): 46/62 MB
Progress (1): 46/62 MB
Progress (1): 46/62 MB
Progress (1): 46/62 MB
Progress (1): 46/62 MB
Progress (1): 46/62 MB
Progress (1): 46/62 MB
Progress (1): 46/62 MB
Progress (1): 46/62 MB
Progress (1): 46/62 MB
Progress (1): 46/62 MB
Progress (1): 46/62 MB
Progress (1): 46/62 MB
Progress (1): 46/62 MB
Progress (1): 46/62 MB
Progress (1): 46/62 MB
Progress (1): 46/62 MB
Progress (1): 46/62 MB
Progress (1): 46/62 MB
Progress (1): 46/62 MB
Progress (1): 46/62 MB
Progress (1): 46/62 MB
Progress (1): 46/62 MB
Progress (1): 46/62 MB
Progress (1): 46/62 MB
Progress (1): 46/62 MB
Progress (1): 46/62 MB
Progress (1): 46/62 MB
Progress (1): 46/62 MB
Progress (1): 46/62 MB
Progress (1): 46/62 MB
Progress (1): 46/62 MB
Progress (1): 46/62 MB
Progress (1): 46/62 MB
Progress (1): 46/62 MB
Progress (1): 46/62 MB
Progress (1): 46/62 MB
Progress (1): 46/62 MB
Progress (1): 46/62 MB
Progress (1): 46/62 MB
Progress (1): 46/62 MB
Progress (1): 46/62 MB
Progress (1): 46/62 MB
Progress (1): 46/62 MB
Progress (1): 46/62 MB
Progress (1): 46/62 MB
Progress (1): 46/62 MB
Progress (1): 46/62 MB
Progress (1): 47/62 MB
Progress (1): 47/62 MB
Progress (1): 47/62 MB
Progress (1): 47/62 MB
Progress (1): 47/62 MB
Progress (1): 47/62 MB
Progress (1): 47/62 MB
Progress (1): 47/62 MB
Progress (1): 47/62 MB
Progress (1): 47/62 MB
Progress (1): 47/62 MB
Progress (1): 47/62 MB
Progress (1): 47/62 MB
Progress (1): 47/62 MB
Progress (1): 47/62 MB
Progress (1): 47/62 MB
Progress (1): 47/62 MB
Progress (1): 47/62 MB
Progress (1): 47/62 MB
Progress (1): 47/62 MB
Progress (1): 47/62 MB
Progress (1): 47/62 MB
Progress (1): 47/62 MB
Progress (1): 47/62 MB
Progress (1): 47/62 MB
Progress (1): 47/62 MB
Progress (1): 47/62 MB
Progress (1): 47/62 MB
Progress (1): 47/62 MB
Progress (1): 47/62 MB
Progress (1): 47/62 MB
Progress (1): 47/62 MB
Progress (1): 47/62 MB
Progress (1): 47/62 MB
Progress (1): 47/62 MB
Progress (1): 47/62 MB
Progress (1): 47/62 MB
Progress (1): 47/62 MB
Progress (1): 47/62 MB
Progress (1): 47/62 MB
Progress (1): 47/62 MB
Progress (1): 47/62 MB
Progress (1): 47/62 MB
Progress (1): 47/62 MB
Progress (1): 47/62 MB
Progress (1): 47/62 MB
Progress (1): 47/62 MB
Progress (1): 47/62 MB
Progress (1): 47/62 MB
Progress (1): 47/62 MB
Progress (1): 47/62 MB
Progress (1): 47/62 MB
Progress (1): 47/62 MB
Progress (1): 47/62 MB
Progress (1): 47/62 MB
Progress (1): 47/62 MB
Progress (1): 47/62 MB
Progress (1): 47/62 MB
Progress (1): 47/62 MB
Progress (1): 47/62 MB
Progress (1): 47/62 MB
Progress (1): 48/62 MB
Progress (1): 48/62 MB
Progress (1): 48/62 MB
Progress (1): 48/62 MB
Progress (1): 48/62 MB
Progress (1): 48/62 MB
Progress (1): 48/62 MB
Progress (1): 48/62 MB
Progress (1): 48/62 MB
Progress (1): 48/62 MB
Progress (1): 48/62 MB
Progress (1): 48/62 MB
Progress (1): 48/62 MB
Progress (1): 48/62 MB
Progress (1): 48/62 MB
Progress (1): 48/62 MB
Progress (1): 48/62 MB
Progress (1): 48/62 MB
Progress (1): 48/62 MB
Progress (1): 48/62 MB
Progress (1): 48/62 MB
Progress (1): 48/62 MB
Progress (1): 48/62 MB
Progress (1): 48/62 MB
Progress (1): 48/62 MB
Progress (1): 48/62 MB
Progress (1): 48/62 MB
Progress (1): 48/62 MB
Progress (1): 48/62 MB
Progress (1): 48/62 MB
Progress (1): 48/62 MB
Progress (1): 48/62 MB
Progress (1): 48/62 MB
Progress (1): 48/62 MB
Progress (1): 48/62 MB
Progress (1): 48/62 MB
Progress (1): 48/62 MB
Progress (1): 48/62 MB
Progress (1): 48/62 MB
Progress (1): 48/62 MB
Progress (1): 48/62 MB
Progress (1): 48/62 MB
Progress (1): 48/62 MB
Progress (1): 48/62 MB
Progress (1): 48/62 MB
Progress (1): 48/62 MB
Progress (1): 48/62 MB
Progress (1): 48/62 MB
Progress (1): 48/62 MB
Progress (1): 48/62 MB
Progress (1): 48/62 MB
Progress (1): 48/62 MB
Progress (1): 48/62 MB
Progress (1): 48/62 MB
Progress (1): 48/62 MB
Progress (1): 48/62 MB
Progress (1): 48/62 MB
Progress (1): 48/62 MB
Progress (1): 48/62 MB
Progress (1): 48/62 MB
Progress (1): 48/62 MB
Progress (1): 49/62 MB
Progress (1): 49/62 MB
Progress (1): 49/62 MB
Progress (1): 49/62 MB
Progress (1): 49/62 MB
Progress (1): 49/62 MB
Progress (1): 49/62 MB
Progress (1): 49/62 MB
Progress (1): 49/62 MB
Progress (1): 49/62 MB
Progress (1): 49/62 MB
Progress (1): 49/62 MB
Progress (1): 49/62 MB
Progress (1): 49/62 MB
Progress (1): 49/62 MB
Progress (1): 49/62 MB
Progress (1): 49/62 MB
Progress (1): 49/62 MB
Progress (1): 49/62 MB
Progress (1): 49/62 MB
Progress (1): 49/62 MB
Progress (1): 49/62 MB
Progress (1): 49/62 MB
Progress (1): 49/62 MB
Progress (1): 49/62 MB
Progress (1): 49/62 MB
Progress (1): 49/62 MB
Progress (1): 49/62 MB
Progress (1): 49/62 MB
Progress (1): 49/62 MB
Progress (1): 49/62 MB
Progress (1): 49/62 MB
Progress (1): 49/62 MB
Progress (1): 49/62 MB
Progress (1): 49/62 MB
Progress (1): 49/62 MB
Progress (1): 49/62 MB
Progress (1): 49/62 MB
Progress (1): 49/62 MB
Progress (1): 49/62 MB
Progress (1): 49/62 MB
Progress (1): 49/62 MB
Progress (1): 49/62 MB
Progress (1): 49/62 MB
Progress (1): 49/62 MB
Progress (1): 49/62 MB
Progress (1): 49/62 MB
Progress (1): 49/62 MB
Progress (1): 49/62 MB
Progress (1): 49/62 MB
Progress (1): 49/62 MB
Progress (1): 49/62 MB
Progress (1): 49/62 MB
Progress (1): 49/62 MB
Progress (1): 49/62 MB
Progress (1): 49/62 MB
Progress (1): 49/62 MB
Progress (1): 49/62 MB
Progress (1): 49/62 MB
Progress (1): 49/62 MB
Progress (1): 49/62 MB
Progress (1): 50/62 MB
Progress (1): 50/62 MB
Progress (1): 50/62 MB
Progress (1): 50/62 MB
Progress (1): 50/62 MB
Progress (1): 50/62 MB
Progress (1): 50/62 MB
Progress (1): 50/62 MB
Progress (1): 50/62 MB
Progress (1): 50/62 MB
Progress (1): 50/62 MB
Progress (1): 50/62 MB
Progress (1): 50/62 MB
Progress (1): 50/62 MB
Progress (1): 50/62 MB
Progress (1): 50/62 MB
Progress (1): 50/62 MB
Progress (1): 50/62 MB
Progress (1): 50/62 MB
Progress (1): 50/62 MB
Progress (1): 50/62 MB
Progress (1): 50/62 MB
Progress (1): 50/62 MB
Progress (1): 50/62 MB
Progress (1): 50/62 MB
Progress (1): 50/62 MB
Progress (1): 50/62 MB
Progress (1): 50/62 MB
Progress (1): 50/62 MB
Progress (1): 50/62 MB
Progress (1): 50/62 MB
Progress (1): 50/62 MB
Progress (1): 50/62 MB
Progress (1): 50/62 MB
Progress (1): 50/62 MB
Progress (1): 50/62 MB
Progress (1): 50/62 MB
Progress (1): 50/62 MB
Progress (1): 50/62 MB
Progress (1): 50/62 MB
Progress (1): 50/62 MB
Progress (1): 50/62 MB
Progress (1): 50/62 MB
Progress (1): 50/62 MB
Progress (1): 50/62 MB
Progress (1): 50/62 MB
Progress (1): 50/62 MB
Progress (1): 50/62 MB
Progress (1): 50/62 MB
Progress (1): 50/62 MB
Progress (1): 50/62 MB
Progress (1): 50/62 MB
Progress (1): 50/62 MB
Progress (1): 50/62 MB
Progress (1): 50/62 MB
Progress (1): 50/62 MB
Progress (1): 50/62 MB
Progress (1): 50/62 MB
Progress (1): 50/62 MB
Progress (1): 50/62 MB
Progress (1): 50/62 MB
Progress (1): 51/62 MB
Progress (1): 51/62 MB
Progress (1): 51/62 MB
Progress (1): 51/62 MB
Progress (1): 51/62 MB
Progress (1): 51/62 MB
Progress (1): 51/62 MB
Progress (1): 51/62 MB
Progress (1): 51/62 MB
Progress (1): 51/62 MB
Progress (1): 51/62 MB
Progress (1): 51/62 MB
Progress (1): 51/62 MB
Progress (1): 51/62 MB
Progress (1): 51/62 MB
Progress (1): 51/62 MB
Progress (1): 51/62 MB
Progress (1): 51/62 MB
Progress (1): 51/62 MB
Progress (1): 51/62 MB
Progress (1): 51/62 MB
Progress (1): 51/62 MB
Progress (1): 51/62 MB
Progress (1): 51/62 MB
Progress (1): 51/62 MB
Progress (1): 51/62 MB
Progress (1): 51/62 MB
Progress (1): 51/62 MB
Progress (1): 51/62 MB
Progress (1): 51/62 MB
Progress (1): 51/62 MB
Progress (1): 51/62 MB
Progress (1): 51/62 MB
Progress (1): 51/62 MB
Progress (1): 51/62 MB
Progress (1): 51/62 MB
Progress (1): 51/62 MB
Progress (1): 51/62 MB
Progress (1): 51/62 MB
Progress (1): 51/62 MB
Progress (1): 51/62 MB
Progress (1): 51/62 MB
Progress (1): 51/62 MB
Progress (1): 51/62 MB
Progress (1): 51/62 MB
Progress (1): 51/62 MB
Progress (1): 51/62 MB
Progress (1): 51/62 MB
Progress (1): 51/62 MB
Progress (1): 51/62 MB
Progress (1): 51/62 MB
Progress (1): 51/62 MB
Progress (1): 51/62 MB
Progress (1): 51/62 MB
Progress (1): 51/62 MB
Progress (1): 51/62 MB
Progress (1): 51/62 MB
Progress (1): 51/62 MB
Progress (1): 51/62 MB
Progress (1): 51/62 MB
Progress (1): 51/62 MB
Progress (1): 52/62 MB
Progress (1): 52/62 MB
Progress (1): 52/62 MB
Progress (1): 52/62 MB
Progress (1): 52/62 MB
Progress (1): 52/62 MB
Progress (1): 52/62 MB
Progress (1): 52/62 MB
Progress (1): 52/62 MB
Progress (1): 52/62 MB
Progress (1): 52/62 MB
Progress (1): 52/62 MB
Progress (1): 52/62 MB
Progress (1): 52/62 MB
Progress (1): 52/62 MB
Progress (1): 52/62 MB
Progress (1): 52/62 MB
Progress (1): 52/62 MB
Progress (1): 52/62 MB
Progress (1): 52/62 MB
Progress (1): 52/62 MB
Progress (1): 52/62 MB
Progress (1): 52/62 MB
Progress (1): 52/62 MB
Progress (1): 52/62 MB
Progress (1): 52/62 MB
Progress (1): 52/62 MB
Progress (1): 52/62 MB
Progress (1): 52/62 MB
Progress (1): 52/62 MB
Progress (1): 52/62 MB
Progress (1): 52/62 MB
Progress (1): 52/62 MB
Progress (1): 52/62 MB
Progress (1): 52/62 MB
Progress (1): 52/62 MB
Progress (1): 52/62 MB
Progress (1): 52/62 MB
Progress (1): 52/62 MB
Progress (1): 52/62 MB
Progress (1): 52/62 MB
Progress (1): 52/62 MB
Progress (1): 52/62 MB
Progress (1): 52/62 MB
Progress (1): 52/62 MB
Progress (1): 52/62 MB
Progress (1): 52/62 MB
Progress (1): 52/62 MB
Progress (1): 52/62 MB
Progress (1): 52/62 MB
Progress (1): 52/62 MB
Progress (1): 52/62 MB
Progress (1): 52/62 MB
Progress (1): 52/62 MB
Progress (1): 52/62 MB
Progress (1): 52/62 MB
Progress (1): 52/62 MB
Progress (1): 52/62 MB
Progress (1): 52/62 MB
Progress (1): 52/62 MB
Progress (1): 52/62 MB
Progress (1): 53/62 MB
Progress (1): 53/62 MB
Progress (1): 53/62 MB
Progress (1): 53/62 MB
Progress (1): 53/62 MB
Progress (1): 53/62 MB
Progress (1): 53/62 MB
Progress (1): 53/62 MB
Progress (1): 53/62 MB
Progress (1): 53/62 MB
Progress (1): 53/62 MB
Progress (1): 53/62 MB
Progress (1): 53/62 MB
Progress (1): 53/62 MB
Progress (1): 53/62 MB
Progress (1): 53/62 MB
Progress (1): 53/62 MB
Progress (1): 53/62 MB
Progress (1): 53/62 MB
Progress (1): 53/62 MB
Progress (1): 53/62 MB
Progress (1): 53/62 MB
Progress (1): 53/62 MB
Progress (1): 53/62 MB
Progress (1): 53/62 MB
Progress (1): 53/62 MB
Progress (1): 53/62 MB
Progress (1): 53/62 MB
Progress (1): 53/62 MB
Progress (1): 53/62 MB
Progress (1): 53/62 MB
Progress (1): 53/62 MB
Progress (1): 53/62 MB
Progress (1): 53/62 MB
Progress (1): 53/62 MB
Progress (1): 53/62 MB
Progress (1): 53/62 MB
Progress (1): 53/62 MB
Progress (1): 53/62 MB
Progress (1): 53/62 MB
Progress (1): 53/62 MB
Progress (1): 53/62 MB
Progress (1): 53/62 MB
Progress (1): 53/62 MB
Progress (1): 53/62 MB
Progress (1): 53/62 MB
Progress (1): 53/62 MB
Progress (1): 53/62 MB
Progress (1): 53/62 MB
Progress (1): 53/62 MB
Progress (1): 53/62 MB
Progress (1): 53/62 MB
Progress (1): 53/62 MB
Progress (1): 53/62 MB
Progress (1): 53/62 MB
Progress (1): 53/62 MB
Progress (1): 53/62 MB
Progress (1): 53/62 MB
Progress (1): 53/62 MB
Progress (1): 53/62 MB
Progress (1): 53/62 MB
Progress (1): 54/62 MB
Progress (1): 54/62 MB
Progress (1): 54/62 MB
Progress (1): 54/62 MB
Progress (1): 54/62 MB
Progress (1): 54/62 MB
Progress (1): 54/62 MB
Progress (1): 54/62 MB
Progress (1): 54/62 MB
Progress (1): 54/62 MB
Progress (1): 54/62 MB
Progress (1): 54/62 MB
Progress (1): 54/62 MB
Progress (1): 54/62 MB
Progress (1): 54/62 MB
Progress (1): 54/62 MB
Progress (1): 54/62 MB
Progress (1): 54/62 MB
Progress (1): 54/62 MB
Progress (1): 54/62 MB
Progress (1): 54/62 MB
Progress (1): 54/62 MB
Progress (1): 54/62 MB
Progress (1): 54/62 MB
Progress (1): 54/62 MB
Progress (1): 54/62 MB
Progress (1): 54/62 MB
Progress (1): 54/62 MB
Progress (1): 54/62 MB
Progress (1): 54/62 MB
Progress (1): 54/62 MB
Progress (1): 54/62 MB
Progress (1): 54/62 MB
Progress (1): 54/62 MB
Progress (1): 54/62 MB
Progress (1): 54/62 MB
Progress (1): 54/62 MB
Progress (1): 54/62 MB
Progress (1): 54/62 MB
Progress (1): 54/62 MB
Progress (1): 54/62 MB
Progress (1): 54/62 MB
Progress (1): 54/62 MB
Progress (1): 54/62 MB
Progress (1): 54/62 MB
Progress (1): 54/62 MB
Progress (1): 54/62 MB
Progress (1): 54/62 MB
Progress (1): 54/62 MB
Progress (1): 54/62 MB
Progress (1): 54/62 MB
Progress (1): 54/62 MB
Progress (1): 54/62 MB
Progress (1): 54/62 MB
Progress (1): 54/62 MB
Progress (1): 54/62 MB
Progress (1): 54/62 MB
Progress (1): 54/62 MB
Progress (1): 54/62 MB
Progress (1): 54/62 MB
Progress (1): 54/62 MB
Progress (1): 55/62 MB
Progress (1): 55/62 MB
Progress (1): 55/62 MB
Progress (1): 55/62 MB
Progress (1): 55/62 MB
Progress (1): 55/62 MB
Progress (1): 55/62 MB
Progress (1): 55/62 MB
Progress (1): 55/62 MB
Progress (1): 55/62 MB
Progress (1): 55/62 MB
Progress (1): 55/62 MB
Progress (1): 55/62 MB
Progress (1): 55/62 MB
Progress (1): 55/62 MB
Progress (1): 55/62 MB
Progress (1): 55/62 MB
Progress (1): 55/62 MB
Progress (1): 55/62 MB
Progress (1): 55/62 MB
Progress (1): 55/62 MB
Progress (1): 55/62 MB
Progress (1): 55/62 MB
Progress (1): 55/62 MB
Progress (1): 55/62 MB
Progress (1): 55/62 MB
Progress (1): 55/62 MB
Progress (1): 55/62 MB
Progress (1): 55/62 MB
Progress (1): 55/62 MB
Progress (1): 55/62 MB
Progress (1): 55/62 MB
Progress (1): 55/62 MB
Progress (1): 55/62 MB
Progress (1): 55/62 MB
Progress (1): 55/62 MB
Progress (1): 55/62 MB
Progress (1): 55/62 MB
Progress (1): 55/62 MB
Progress (1): 55/62 MB
Progress (1): 55/62 MB
Progress (1): 55/62 MB
Progress (1): 55/62 MB
Progress (1): 55/62 MB
Progress (1): 55/62 MB
Progress (1): 55/62 MB
Progress (1): 55/62 MB
Progress (1): 55/62 MB
Progress (1): 55/62 MB
Progress (1): 55/62 MB
Progress (1): 55/62 MB
Progress (1): 55/62 MB
Progress (1): 55/62 MB
Progress (1): 55/62 MB
Progress (1): 55/62 MB
Progress (1): 55/62 MB
Progress (1): 55/62 MB
Progress (1): 55/62 MB
Progress (1): 55/62 MB
Progress (1): 55/62 MB
Progress (1): 55/62 MB
Progress (1): 56/62 MB
Progress (1): 56/62 MB
Progress (1): 56/62 MB
Progress (1): 56/62 MB
Progress (1): 56/62 MB
Progress (1): 56/62 MB
Progress (1): 56/62 MB
Progress (1): 56/62 MB
Progress (1): 56/62 MB
Progress (1): 56/62 MB
Progress (1): 56/62 MB
Progress (1): 56/62 MB
Progress (1): 56/62 MB
Progress (1): 56/62 MB
Progress (1): 56/62 MB
Progress (1): 56/62 MB
Progress (1): 56/62 MB
Progress (1): 56/62 MB
Progress (1): 56/62 MB
Progress (1): 56/62 MB
Progress (1): 56/62 MB
Progress (1): 56/62 MB
Progress (1): 56/62 MB
Progress (1): 56/62 MB
Progress (1): 56/62 MB
Progress (1): 56/62 MB
Progress (1): 56/62 MB
Progress (1): 56/62 MB
Progress (1): 56/62 MB
Progress (1): 56/62 MB
Progress (1): 56/62 MB
Progress (1): 56/62 MB
Progress (1): 56/62 MB
Progress (1): 56/62 MB
Progress (1): 56/62 MB
Progress (1): 56/62 MB
Progress (1): 56/62 MB
Progress (1): 56/62 MB
Progress (1): 56/62 MB
Progress (1): 56/62 MB
Progress (1): 56/62 MB
Progress (1): 56/62 MB
Progress (1): 56/62 MB
Progress (1): 56/62 MB
Progress (1): 56/62 MB
Progress (1): 56/62 MB
Progress (1): 56/62 MB
Progress (1): 56/62 MB
Progress (1): 56/62 MB
Progress (1): 56/62 MB
Progress (1): 56/62 MB
Progress (1): 56/62 MB
Progress (1): 56/62 MB
Progress (1): 56/62 MB
Progress (1): 56/62 MB
Progress (1): 56/62 MB
Progress (1): 56/62 MB
Progress (1): 56/62 MB
Progress (1): 56/62 MB
Progress (1): 56/62 MB
Progress (1): 56/62 MB
Progress (1): 57/62 MB
Progress (1): 57/62 MB
Progress (1): 57/62 MB
Progress (1): 57/62 MB
Progress (1): 57/62 MB
Progress (1): 57/62 MB
Progress (1): 57/62 MB
Progress (1): 57/62 MB
Progress (1): 57/62 MB
Progress (1): 57/62 MB
Progress (1): 57/62 MB
Progress (1): 57/62 MB
Progress (1): 57/62 MB
Progress (1): 57/62 MB
Progress (1): 57/62 MB
Progress (1): 57/62 MB
Progress (1): 57/62 MB
Progress (1): 57/62 MB
Progress (1): 57/62 MB
Progress (1): 57/62 MB
Progress (1): 57/62 MB
Progress (1): 57/62 MB
Progress (1): 57/62 MB
Progress (1): 57/62 MB
Progress (1): 57/62 MB
Progress (1): 57/62 MB
Progress (1): 57/62 MB
Progress (1): 57/62 MB
Progress (1): 57/62 MB
Progress (1): 57/62 MB
Progress (1): 57/62 MB
Progress (1): 57/62 MB
Progress (1): 57/62 MB
Progress (1): 57/62 MB
Progress (1): 57/62 MB
Progress (1): 57/62 MB
Progress (1): 57/62 MB
Progress (1): 57/62 MB
Progress (1): 57/62 MB
Progress (1): 57/62 MB
Progress (1): 57/62 MB
Progress (1): 57/62 MB
Progress (1): 57/62 MB
Progress (1): 57/62 MB
Progress (1): 57/62 MB
Progress (1): 57/62 MB
Progress (1): 57/62 MB
Progress (1): 57/62 MB
Progress (1): 57/62 MB
Progress (1): 57/62 MB
Progress (1): 57/62 MB
Progress (1): 57/62 MB
Progress (1): 57/62 MB
Progress (1): 57/62 MB
Progress (1): 57/62 MB
Progress (1): 57/62 MB
Progress (1): 57/62 MB
Progress (1): 57/62 MB
Progress (1): 57/62 MB
Progress (1): 57/62 MB
Progress (1): 57/62 MB
Progress (1): 58/62 MB
Progress (1): 58/62 MB
Progress (1): 58/62 MB
Progress (1): 58/62 MB
Progress (1): 58/62 MB
Progress (1): 58/62 MB
Progress (1): 58/62 MB
Progress (1): 58/62 MB
Progress (1): 58/62 MB
Progress (1): 58/62 MB
Progress (1): 58/62 MB
Progress (1): 58/62 MB
Progress (1): 58/62 MB
Progress (1): 58/62 MB
Progress (1): 58/62 MB
Progress (1): 58/62 MB
Progress (1): 58/62 MB
Progress (1): 58/62 MB
Progress (1): 58/62 MB
Progress (1): 58/62 MB
Progress (1): 58/62 MB
Progress (1): 58/62 MB
Progress (1): 58/62 MB
Progress (1): 58/62 MB
Progress (1): 58/62 MB
Progress (1): 58/62 MB
Progress (1): 58/62 MB
Progress (1): 58/62 MB
Progress (1): 58/62 MB
Progress (1): 58/62 MB
Progress (1): 58/62 MB
Progress (1): 58/62 MB
Progress (1): 58/62 MB
Progress (1): 58/62 MB
Progress (1): 58/62 MB
Progress (1): 58/62 MB
Progress (1): 58/62 MB
Progress (1): 58/62 MB
Progress (1): 58/62 MB
Progress (1): 58/62 MB
Progress (1): 58/62 MB
Progress (1): 58/62 MB
Progress (1): 58/62 MB
Progress (1): 58/62 MB
Progress (1): 58/62 MB
Progress (1): 58/62 MB
Progress (1): 58/62 MB
Progress (1): 58/62 MB
Progress (1): 58/62 MB
Progress (1): 58/62 MB
Progress (1): 58/62 MB
Progress (1): 58/62 MB
Progress (1): 58/62 MB
Progress (1): 58/62 MB
Progress (1): 58/62 MB
Progress (1): 58/62 MB
Progress (1): 58/62 MB
Progress (1): 58/62 MB
Progress (1): 58/62 MB
Progress (1): 58/62 MB
Progress (1): 58/62 MB
Progress (1): 59/62 MB
Progress (1): 59/62 MB
Progress (1): 59/62 MB
Progress (1): 59/62 MB
Progress (1): 59/62 MB
Progress (1): 59/62 MB
Progress (1): 59/62 MB
Progress (1): 59/62 MB
Progress (1): 59/62 MB
Progress (1): 59/62 MB
Progress (1): 59/62 MB
Progress (1): 59/62 MB
Progress (1): 59/62 MB
Progress (1): 59/62 MB
Progress (1): 59/62 MB
Progress (1): 59/62 MB
Progress (1): 59/62 MB
Progress (1): 59/62 MB
Progress (1): 59/62 MB
Progress (1): 59/62 MB
Progress (1): 59/62 MB
Progress (1): 59/62 MB
Progress (1): 59/62 MB
Progress (1): 59/62 MB
Progress (1): 59/62 MB
Progress (1): 59/62 MB
Progress (1): 59/62 MB
Progress (1): 59/62 MB
Progress (1): 59/62 MB
Progress (1): 59/62 MB
Progress (1): 59/62 MB
Progress (1): 59/62 MB
Progress (1): 59/62 MB
Progress (1): 59/62 MB
Progress (1): 59/62 MB
Progress (1): 59/62 MB
Progress (1): 59/62 MB
Progress (1): 59/62 MB
Progress (1): 59/62 MB
Progress (1): 59/62 MB
Progress (1): 59/62 MB
Progress (1): 59/62 MB
Progress (1): 59/62 MB
Progress (1): 59/62 MB
Progress (1): 59/62 MB
Progress (1): 59/62 MB
Progress (1): 59/62 MB
Progress (1): 59/62 MB
Progress (1): 59/62 MB
Progress (1): 59/62 MB
Progress (1): 59/62 MB
Progress (1): 59/62 MB
Progress (1): 59/62 MB
Progress (1): 59/62 MB
Progress (1): 59/62 MB
Progress (1): 59/62 MB
Progress (1): 59/62 MB
Progress (1): 59/62 MB
Progress (1): 59/62 MB
Progress (1): 59/62 MB
Progress (1): 59/62 MB
Progress (1): 60/62 MB
Progress (1): 60/62 MB
Progress (1): 60/62 MB
Progress (1): 60/62 MB
Progress (1): 60/62 MB
Progress (1): 60/62 MB
Progress (1): 60/62 MB
Progress (1): 60/62 MB
Progress (1): 60/62 MB
Progress (1): 60/62 MB
Progress (1): 60/62 MB
Progress (1): 60/62 MB
Progress (1): 60/62 MB
Progress (1): 60/62 MB
Progress (1): 60/62 MB
Progress (1): 60/62 MB
Progress (1): 60/62 MB
Progress (1): 60/62 MB
Progress (1): 60/62 MB
Progress (1): 60/62 MB
Progress (1): 60/62 MB
Progress (1): 60/62 MB
Progress (1): 60/62 MB
Progress (1): 60/62 MB
Progress (1): 60/62 MB
Progress (1): 60/62 MB
Progress (1): 60/62 MB
Progress (1): 60/62 MB
Progress (1): 60/62 MB
Progress (1): 60/62 MB
Progress (1): 60/62 MB
Progress (1): 60/62 MB
Progress (1): 60/62 MB
Progress (1): 60/62 MB
Progress (1): 60/62 MB
Progress (1): 60/62 MB
Progress (1): 60/62 MB
Progress (1): 60/62 MB
Progress (1): 60/62 MB
Progress (1): 60/62 MB
Progress (1): 60/62 MB
Progress (1): 60/62 MB
Progress (1): 60/62 MB
Progress (1): 60/62 MB
Progress (1): 60/62 MB
Progress (1): 60/62 MB
Progress (1): 60/62 MB
Progress (1): 60/62 MB
Progress (1): 60/62 MB
Progress (1): 60/62 MB
Progress (1): 60/62 MB
Progress (1): 60/62 MB
Progress (1): 60/62 MB
Progress (1): 60/62 MB
Progress (1): 60/62 MB
Progress (1): 60/62 MB
Progress (1): 60/62 MB
Progress (1): 60/62 MB
Progress (1): 60/62 MB
Progress (1): 60/62 MB
Progress (1): 60/62 MB
Progress (1): 61/62 MB
Progress (1): 61/62 MB
Progress (1): 61/62 MB
Progress (1): 61/62 MB
Progress (1): 61/62 MB
Progress (1): 61/62 MB
Progress (1): 61/62 MB
Progress (1): 61/62 MB
Progress (1): 61/62 MB
Progress (1): 61/62 MB
Progress (1): 61/62 MB
Progress (1): 61/62 MB
Progress (1): 61/62 MB
Progress (1): 61/62 MB
Progress (1): 61/62 MB
Progress (1): 61/62 MB
Progress (1): 61/62 MB
Progress (1): 61/62 MB
Progress (1): 61/62 MB
Progress (1): 61/62 MB
Progress (1): 61/62 MB
Progress (1): 61/62 MB
Progress (1): 61/62 MB
Progress (1): 61/62 MB
Progress (1): 61/62 MB
Progress (1): 61/62 MB
Progress (1): 61/62 MB
Progress (1): 61/62 MB
Progress (1): 61/62 MB
Progress (1): 61/62 MB
Progress (1): 61/62 MB
Progress (1): 61/62 MB
Progress (1): 61/62 MB
Progress (1): 61/62 MB
Progress (1): 61/62 MB
Progress (1): 61/62 MB
Progress (1): 61/62 MB
Progress (1): 61/62 MB
Progress (1): 61/62 MB
Progress (1): 61/62 MB
Progress (1): 61/62 MB
Progress (1): 61/62 MB
Progress (1): 61/62 MB
Progress (1): 61/62 MB
Progress (1): 61/62 MB
Progress (1): 61/62 MB
Progress (1): 61/62 MB
Progress (1): 61/62 MB
Progress (1): 61/62 MB
Progress (1): 61/62 MB
Progress (1): 61/62 MB
Progress (1): 61/62 MB
Progress (1): 61/62 MB
Progress (1): 61/62 MB
Progress (1): 61/62 MB
Progress (1): 61/62 MB
Progress (1): 61/62 MB
Progress (1): 61/62 MB
Progress (1): 61/62 MB
Progress (1): 61/62 MB
Progress (1): 61/62 MB
Progress (1): 62/62 MB
Progress (1): 62/62 MB
Progress (1): 62/62 MB
Progress (1): 62/62 MB
Progress (1): 62/62 MB
Progress (1): 62/62 MB
Progress (1): 62/62 MB
Progress (1): 62/62 MB
Progress (1): 62/62 MB
Progress (1): 62/62 MB
Progress (1): 62 MB   
                   
Downloaded from central: https://repo.maven.apache.org/maven2/org/jetbrains/kotlin/kotlin-compiler/1.9.23/kotlin-compiler-1.9.23.jar (62 MB at 41 MB/s)
[INFO] 
[INFO] --- compiler:3.13.0:compile (compile) @ 9bc3d66a-c2bc-48c7-a9b0-12526b563f07-Tests ---
[INFO] Nothing to compile - all classes are up to date.
[INFO] 
[INFO] --- enforcer:3.4.1:enforce (enforce-no-student-code-in-trusted-packages) @ 9bc3d66a-c2bc-48c7-a9b0-12526b563f07-Tests ---
[INFO] Rule 0: org.apache.maven.enforcer.rules.files.RequireFilesDontExist passed
[INFO] 
[INFO] --- resources:3.3.1:testResources (default-testResources) @ 9bc3d66a-c2bc-48c7-a9b0-12526b563f07-Tests ---
[INFO] Copying 6 resources from test to target/test-classes
[INFO] 
[INFO] --- compiler:3.13.0:testCompile (default-testCompile) @ 9bc3d66a-c2bc-48c7-a9b0-12526b563f07-Tests ---
[INFO] Recompiling the module because of changed dependency.
[INFO] Compiling 5 source files with javac [debug target 17] to target/test-classes
[INFO] 
[INFO] --- kotlin:1.9.23:test-compile (test-compile) @ 9bc3d66a-c2bc-48c7-a9b0-12526b563f07-Tests ---
[INFO] No sources to compile
[INFO] 
[INFO] --- compiler:3.13.0:testCompile (testCompile) @ 9bc3d66a-c2bc-48c7-a9b0-12526b563f07-Tests ---
[INFO] Recompiling the module because of changed dependency.
[INFO] Compiling 5 source files with javac [debug target 17] to target/test-classes
[INFO] 
[INFO] --- surefire:3.2.5:test (default-test) @ 9bc3d66a-c2bc-48c7-a9b0-12526b563f07-Tests ---
[INFO] Using auto detected provider org.apache.maven.surefire.junitplatform.JUnitPlatformProvider
[INFO] 
[INFO] -------------------------------------------------------
[INFO]  T E S T S
[INFO] -------------------------------------------------------
[INFO] Running de.test.ConstructorTest
WARNING: A terminally deprecated method in java.lang.System has been called
WARNING: System::setSecurityManager has been called by de.tum.in.test.api.security.ArtemisSecurityManager (file:/home/runner/.m2/repository/de/tum/in/ase/artemis-java-test-sandbox/1.13.0/artemis-java-test-sandbox-1.13.0.jar)
WARNING: Please consider reporting this to the maintainers of de.tum.in.test.api.security.ArtemisSecurityManager
WARNING: System::setSecurityManager will be removed in a future release
[DEBUG] [main] Validated build configuration regarding trusted package rules, 0 are missing.
NOTICE: The warning above is expected and the issue is already known.
        Visit https://github.com/ls1intum/Ares/discussions/113 for more details.
[INFO] [main] Request install with ASC-Impl [testMethod=Optional.empty, executionPath=/tmp/testLocalRepo13761544887575925461, whitelistedPaths=Optional[[PathRule["target" (STARTS_WITH) in WHITELIST; level READ]]], blacklistedPaths=[PathRule["target/test-classes" (STARTS_WITH) in BLACKLIST; level READ]], allowedLocalPorts=[], trustedPackages=[PackageRule["kotlin.**" in WHITELIST]]]
[INFO] [main] Request uninstall
[DEBUG] [main] Validated build configuration regarding trusted package rules, 0 are missing.
[INFO] [main] Request install with ASC-Impl [testMethod=Optional[protected org.junit.jupiter.api.DynamicContainer de.test.ConstructorTest.generateTestsForAllClasses() throws java.net.URISyntaxException], executionPath=/tmp/testLocalRepo13761544887575925461, whitelistedPaths=Optional[[PathRule["target" (STARTS_WITH) in WHITELIST; level READ]]], blacklistedPaths=[PathRule["target/test-classes" (STARTS_WITH) in BLACKLIST; level READ]], allowedLocalPorts=[], trustedPackages=[PackageRule["kotlin.**" in WHITELIST]]]
[INFO] [main] Request whitelisting: Thread[ajts-to-1,5,Test-Threadgroup] []
[INFO] [main] Thread whitelisted: Thread[ajts-to-1,5,Test-Threadgroup]
[INFO] [main] Request uninstall
[DEBUG] [main] Validated build configuration regarding trusted package rules, 0 are missing.
[INFO] [main] Request install with ASC-Impl [testMethod=Optional[protected org.junit.jupiter.api.DynamicContainer de.test.ConstructorTest.generateTestsForAllClasses() throws java.net.URISyntaxException], executionPath=/tmp/testLocalRepo13761544887575925461, whitelistedPaths=Optional[[PathRule["target" (STARTS_WITH) in WHITELIST; level READ]]], blacklistedPaths=[PathRule["target/test-classes" (STARTS_WITH) in BLACKLIST; level READ]], allowedLocalPorts=[], trustedPackages=[PackageRule["kotlin.**" in WHITELIST]]]
[INFO] [main] Request whitelisting: Thread[ajts-to-2,5,Test-Threadgroup] []
[INFO] [main] Thread whitelisted: Thread[ajts-to-2,5,Test-Threadgroup]
[INFO] [main] Request uninstall
[INFO] Tests run: 1, Failures: 0, Errors: 0, Skipped: 0, Time elapsed: 0.490 s -- in de.test.ConstructorTest
[INFO] Running de.test.MethodTest
[DEBUG] [main] Validated build configuration regarding trusted package rules, 0 are missing.
[INFO] [main] Request install with ASC-Impl [testMethod=Optional.empty, executionPath=/tmp/testLocalRepo13761544887575925461, whitelistedPaths=Optional[[PathRule["target" (STARTS_WITH) in WHITELIST; level READ]]], blacklistedPaths=[PathRule["target/test-classes" (STARTS_WITH) in BLACKLIST; level READ]], allowedLocalPorts=[], trustedPackages=[PackageRule["kotlin.**" in WHITELIST]]]
[INFO] [main] Request uninstall
[DEBUG] [main] Validated build configuration regarding trusted package rules, 0 are missing.
[INFO] [main] Request install with ASC-Impl [testMethod=Optional[protected org.junit.jupiter.api.DynamicContainer de.test.MethodTest.generateTestsForAllClasses() throws java.net.URISyntaxException], executionPath=/tmp/testLocalRepo13761544887575925461, whitelistedPaths=Optional[[PathRule["target" (STARTS_WITH) in WHITELIST; level READ]]], blacklistedPaths=[PathRule["target/test-classes" (STARTS_WITH) in BLACKLIST; level READ]], allowedLocalPorts=[], trustedPackages=[PackageRule["kotlin.**" in WHITELIST]]]
[INFO] [main] Request whitelisting: Thread[ajts-to-3,5,Test-Threadgroup] []
[INFO] [main] Thread whitelisted: Thread[ajts-to-3,5,Test-Threadgroup]
[INFO] [main] Request uninstall
[DEBUG] [main] Validated build configuration regarding trusted package rules, 0 are missing.
[INFO] [main] Request install with ASC-Impl [testMethod=Optional[protected org.junit.jupiter.api.DynamicContainer de.test.MethodTest.generateTestsForAllClasses() throws java.net.URISyntaxException], executionPath=/tmp/testLocalRepo13761544887575925461, whitelistedPaths=Optional[[PathRule["target" (STARTS_WITH) in WHITELIST; level READ]]], blacklistedPaths=[PathRule["target/test-classes" (STARTS_WITH) in BLACKLIST; level READ]], allowedLocalPorts=[], trustedPackages=[PackageRule["kotlin.**" in WHITELIST]]]
[INFO] [main] Request whitelisting: Thread[ajts-to-4,5,Test-Threadgroup] []
[INFO] [main] Thread whitelisted: Thread[ajts-to-4,5,Test-Threadgroup]
[INFO] [main] Request uninstall
[DEBUG] [main] Validated build configuration regarding trusted package rules, 0 are missing.
[INFO] [main] Request install with ASC-Impl [testMethod=Optional[protected org.junit.jupiter.api.DynamicContainer de.test.MethodTest.generateTestsForAllClasses() throws java.net.URISyntaxException], executionPath=/tmp/testLocalRepo13761544887575925461, whitelistedPaths=Optional[[PathRule["target" (STARTS_WITH) in WHITELIST; level READ]]], blacklistedPaths=[PathRule["target/test-classes" (STARTS_WITH) in BLACKLIST; level READ]], allowedLocalPorts=[], trustedPackages=[PackageRule["kotlin.**" in WHITELIST]]]
[INFO] [main] Request whitelisting: Thread[ajts-to-5,5,Test-Threadgroup] []
[INFO] [main] Thread whitelisted: Thread[ajts-to-5,5,Test-Threadgroup]
[INFO] [main] Request uninstall
[DEBUG] [main] Validated build configuration regarding trusted package rules, 0 are missing.
[INFO] [main] Request install with ASC-Impl [testMethod=Optional[protected org.junit.jupiter.api.DynamicContainer de.test.MethodTest.generateTestsForAllClasses() throws java.net.URISyntaxException], executionPath=/tmp/testLocalRepo13761544887575925461, whitelistedPaths=Optional[[PathRule["target" (STARTS_WITH) in WHITELIST; level READ]]], blacklistedPaths=[PathRule["target/test-classes" (STARTS_WITH) in BLACKLIST; level READ]], allowedLocalPorts=[], trustedPackages=[PackageRule["kotlin.**" in WHITELIST]]]
[INFO] [main] Request whitelisting: Thread[ajts-to-6,5,Test-Threadgroup] []
[INFO] [main] Thread whitelisted: Thread[ajts-to-6,5,Test-Threadgroup]
[INFO] [main] Request uninstall
[INFO] Tests run: 3, Failures: 0, Errors: 0, Skipped: 0, Time elapsed: 0.173 s -- in de.test.MethodTest
[INFO] Running de.test.SortingExampleBehaviorTest
[DEBUG] [main] Validated build configuration regarding trusted package rules, 0 are missing.
[INFO] [main] Request install with ASC-Impl [testMethod=Optional.empty, executionPath=/tmp/testLocalRepo13761544887575925461, whitelistedPaths=Optional[[PathRule["target" (STARTS_WITH) in WHITELIST; level READ]]], blacklistedPaths=[PathRule["target/test-classes" (STARTS_WITH) in BLACKLIST; level READ]], allowedLocalPorts=[], trustedPackages=[PackageRule["kotlin.**" in WHITELIST]]]
[INFO] [main] Request uninstall
[DEBUG] [main] Validated build configuration regarding trusted package rules, 0 are missing.
[INFO] [main] Request install with ASC-Impl [testMethod=Optional[void de.test.SortingExampleBehaviorTest.testMergeSort()], executionPath=/tmp/testLocalRepo13761544887575925461, whitelistedPaths=Optional[[PathRule["target" (STARTS_WITH) in WHITELIST; level READ]]], blacklistedPaths=[PathRule["target/test-classes" (STARTS_WITH) in BLACKLIST; level READ]], allowedLocalPorts=[], trustedPackages=[PackageRule["kotlin.**" in WHITELIST]]]
[INFO] [main] Request whitelisting: Thread[ajts-to-7,5,Test-Threadgroup] []
[INFO] [main] Thread whitelisted: Thread[ajts-to-7,5,Test-Threadgroup]
[INFO] [main] Request uninstall
[DEBUG] [main] Validated build configuration regarding trusted package rules, 0 are missing.
[INFO] [main] Request install with ASC-Impl [testMethod=Optional[void de.test.SortingExampleBehaviorTest.testMergeSort()], executionPath=/tmp/testLocalRepo13761544887575925461, whitelistedPaths=Optional[[PathRule["target" (STARTS_WITH) in WHITELIST; level READ]]], blacklistedPaths=[PathRule["target/test-classes" (STARTS_WITH) in BLACKLIST; level READ]], allowedLocalPorts=[], trustedPackages=[PackageRule["kotlin.**" in WHITELIST]]]
[INFO] [main] Request whitelisting: Thread[ajts-to-8,5,Test-Threadgroup] []
[INFO] [main] Thread whitelisted: Thread[ajts-to-8,5,Test-Threadgroup]
[INFO] [main] Request uninstall
[DEBUG] [main] Validated build configuration regarding trusted package rules, 0 are missing.
[INFO] [main] Request install with ASC-Impl [testMethod=Optional.empty, executionPath=/tmp/testLocalRepo13761544887575925461, whitelistedPaths=Optional[[PathRule["target" (STARTS_WITH) in WHITELIST; level READ]]], blacklistedPaths=[PathRule["target/test-classes" (STARTS_WITH) in BLACKLIST; level READ]], allowedLocalPorts=[], trustedPackages=[PackageRule["kotlin.**" in WHITELIST]]]
[INFO] [main] Request uninstall
[DEBUG] [main] Validated build configuration regarding trusted package rules, 0 are missing.
[INFO] [main] Request install with ASC-Impl [testMethod=Optional[void de.test.SortingExampleBehaviorTest.testSimulateRuntimeStrategyChoice()], executionPath=/tmp/testLocalRepo13761544887575925461, whitelistedPaths=Optional[[PathRule["target" (STARTS_WITH) in WHITELIST; level READ]]], blacklistedPaths=[PathRule["target/test-classes" (STARTS_WITH) in BLACKLIST; level READ]], allowedLocalPorts=[], trustedPackages=[PackageRule["kotlin.**" in WHITELIST]]]
[INFO] [main] Request whitelisting: Thread[ajts-to-9,5,Test-Threadgroup] []
[INFO] [main] Thread whitelisted: Thread[ajts-to-9,5,Test-Threadgroup]
[INFO] [main] Request uninstall
[DEBUG] [main] Validated build configuration regarding trusted package rules, 0 are missing.
[INFO] [main] Request install with ASC-Impl [testMethod=Optional[void de.test.SortingExampleBehaviorTest.testSimulateRuntimeStrategyChoice()], executionPath=/tmp/testLocalRepo13761544887575925461, whitelistedPaths=Optional[[PathRule["target" (STARTS_WITH) in WHITELIST; level READ]]], blacklistedPaths=[PathRule["target/test-classes" (STARTS_WITH) in BLACKLIST; level READ]], allowedLocalPorts=[], trustedPackages=[PackageRule["kotlin.**" in WHITELIST]]]
[INFO] [main] Request whitelisting: Thread[ajts-to-10,5,Test-Threadgroup] []
[INFO] [main] Thread whitelisted: Thread[ajts-to-10,5,Test-Threadgroup]
[INFO] [main] Request uninstall
[DEBUG] [main] Validated build configuration regarding trusted package rules, 0 are missing.
[INFO] [main] Request install with ASC-Impl [testMethod=Optional.empty, executionPath=/tmp/testLocalRepo13761544887575925461, whitelistedPaths=Optional[[PathRule["target" (STARTS_WITH) in WHITELIST; level READ]]], blacklistedPaths=[PathRule["target/test-classes" (STARTS_WITH) in BLACKLIST; level READ]], allowedLocalPorts=[], trustedPackages=[PackageRule["kotlin.**" in WHITELIST]]]
[INFO] [main] Request uninstall
[DEBUG] [main] Validated build configuration regarding trusted package rules, 0 are missing.
[INFO] [main] Request install with ASC-Impl [testMethod=Optional[void de.test.SortingExampleBehaviorTest.testQuickSort()], executionPath=/tmp/testLocalRepo13761544887575925461, whitelistedPaths=Optional[[PathRule["target" (STARTS_WITH) in WHITELIST; level READ]]], blacklistedPaths=[PathRule["target/test-classes" (STARTS_WITH) in BLACKLIST; level READ]], allowedLocalPorts=[], trustedPackages=[PackageRule["kotlin.**" in WHITELIST]]]
[INFO] [main] Request whitelisting: Thread[ajts-to-11,5,Test-Threadgroup] []
[INFO] [main] Thread whitelisted: Thread[ajts-to-11,5,Test-Threadgroup]
[INFO] [main] Request uninstall
[DEBUG] [main] Validated build configuration regarding trusted package rules, 0 are missing.
[INFO] [main] Request install with ASC-Impl [testMethod=Optional[void de.test.SortingExampleBehaviorTest.testQuickSort()], executionPath=/tmp/testLocalRepo13761544887575925461, whitelistedPaths=Optional[[PathRule["target" (STARTS_WITH) in WHITELIST; level READ]]], blacklistedPaths=[PathRule["target/test-classes" (STARTS_WITH) in BLACKLIST; level READ]], allowedLocalPorts=[], trustedPackages=[PackageRule["kotlin.**" in WHITELIST]]]
[INFO] [main] Request whitelisting: Thread[ajts-to-12,5,Test-Threadgroup] []
[INFO] [main] Thread whitelisted: Thread[ajts-to-12,5,Test-Threadgroup]
[INFO] [main] Request uninstall
[INFO] Tests run: 3, Failures: 0, Errors: 0, Skipped: 0, Time elapsed: 0.219 s -- in de.test.SortingExampleBehaviorTest
[INFO] Running de.test.ClassTest
[DEBUG] [main] Validated build configuration regarding trusted package rules, 0 are missing.
[INFO] [main] Request install with ASC-Impl [testMethod=Optional.empty, executionPath=/tmp/testLocalRepo13761544887575925461, whitelistedPaths=Optional[[PathRule["target" (STARTS_WITH) in WHITELIST; level READ]]], blacklistedPaths=[PathRule["target/test-classes" (STARTS_WITH) in BLACKLIST; level READ]], allowedLocalPorts=[], trustedPackages=[PackageRule["kotlin.**" in WHITELIST]]]
[INFO] [main] Request uninstall
[DEBUG] [main] Validated build configuration regarding trusted package rules, 0 are missing.
[INFO] [main] Request install with ASC-Impl [testMethod=Optional[protected org.junit.jupiter.api.DynamicContainer de.test.ClassTest.generateTestsForAllClasses() throws java.net.URISyntaxException], executionPath=/tmp/testLocalRepo13761544887575925461, whitelistedPaths=Optional[[PathRule["target" (STARTS_WITH) in WHITELIST; level READ]]], blacklistedPaths=[PathRule["target/test-classes" (STARTS_WITH) in BLACKLIST; level READ]], allowedLocalPorts=[], trustedPackages=[PackageRule["kotlin.**" in WHITELIST]]]
[INFO] [main] Request whitelisting: Thread[ajts-to-13,5,Test-Threadgroup] []
[INFO] [main] Thread whitelisted: Thread[ajts-to-13,5,Test-Threadgroup]
[INFO] [main] Request uninstall
[DEBUG] [main] Validated build configuration regarding trusted package rules, 0 are missing.
[INFO] [main] Request install with ASC-Impl [testMethod=Optional[protected org.junit.jupiter.api.DynamicContainer de.test.ClassTest.generateTestsForAllClasses() throws java.net.URISyntaxException], executionPath=/tmp/testLocalRepo13761544887575925461, whitelistedPaths=Optional[[PathRule["target" (STARTS_WITH) in WHITELIST; level READ]]], blacklistedPaths=[PathRule["target/test-classes" (STARTS_WITH) in BLACKLIST; level READ]], allowedLocalPorts=[], trustedPackages=[PackageRule["kotlin.**" in WHITELIST]]]
[INFO] [main] Request whitelisting: Thread[ajts-to-14,5,Test-Threadgroup] []
[INFO] [main] Thread whitelisted: Thread[ajts-to-14,5,Test-Threadgroup]
[INFO] [main] Request uninstall
[DEBUG] [main] Validated build configuration regarding trusted package rules, 0 are missing.
[INFO] [main] Request install with ASC-Impl [testMethod=Optional[protected org.junit.jupiter.api.DynamicContainer de.test.ClassTest.generateTestsForAllClasses() throws java.net.URISyntaxException], executionPath=/tmp/testLocalRepo13761544887575925461, whitelistedPaths=Optional[[PathRule["target" (STARTS_WITH) in WHITELIST; level READ]]], blacklistedPaths=[PathRule["target/test-classes" (STARTS_WITH) in BLACKLIST; level READ]], allowedLocalPorts=[], trustedPackages=[PackageRule["kotlin.**" in WHITELIST]]]
[INFO] [main] Request whitelisting: Thread[ajts-to-15,5,Test-Threadgroup] []
[INFO] [main] Thread whitelisted: Thread[ajts-to-15,5,Test-Threadgroup]
[INFO] [main] Request uninstall
[DEBUG] [main] Validated build configuration regarding trusted package rules, 0 are missing.
[INFO] [main] Request install with ASC-Impl [testMethod=Optional[protected org.junit.jupiter.api.DynamicContainer de.test.ClassTest.generateTestsForAllClasses() throws java.net.URISyntaxException], executionPath=/tmp/testLocalRepo13761544887575925461, whitelistedPaths=Optional[[PathRule["target" (STARTS_WITH) in WHITELIST; level READ]]], blacklistedPaths=[PathRule["target/test-classes" (STARTS_WITH) in BLACKLIST; level READ]], allowedLocalPorts=[], trustedPackages=[PackageRule["kotlin.**" in WHITELIST]]]
[INFO] [main] Request whitelisting: Thread[ajts-to-16,5,Test-Threadgroup] []
[INFO] [main] Thread whitelisted: Thread[ajts-to-16,5,Test-Threadgroup]
[INFO] [main] Request uninstall
[INFO] Tests run: 3, Failures: 0, Errors: 0, Skipped: 0, Time elapsed: 0.147 s -- in de.test.ClassTest
[INFO] Running de.test.AttributeTest
[DEBUG] [main] Validated build configuration regarding trusted package rules, 0 are missing.
[INFO] [main] Request install with ASC-Impl [testMethod=Optional.empty, executionPath=/tmp/testLocalRepo13761544887575925461, whitelistedPaths=Optional[[PathRule["target" (STARTS_WITH) in WHITELIST; level READ]]], blacklistedPaths=[PathRule["target/test-classes" (STARTS_WITH) in BLACKLIST; level READ]], allowedLocalPorts=[], trustedPackages=[PackageRule["kotlin.**" in WHITELIST]]]
[INFO] [main] Request uninstall
[DEBUG] [main] Validated build configuration regarding trusted package rules, 0 are missing.
[INFO] [main] Request install with ASC-Impl [testMethod=Optional[protected org.junit.jupiter.api.DynamicContainer de.test.AttributeTest.generateTestsForAllClasses() throws java.net.URISyntaxException], executionPath=/tmp/testLocalRepo13761544887575925461, whitelistedPaths=Optional[[PathRule["target" (STARTS_WITH) in WHITELIST; level READ]]], blacklistedPaths=[PathRule["target/test-classes" (STARTS_WITH) in BLACKLIST; level READ]], allowedLocalPorts=[], trustedPackages=[PackageRule["kotlin.**" in WHITELIST]]]
[INFO] [main] Request whitelisting: Thread[ajts-to-17,5,Test-Threadgroup] []
[INFO] [main] Thread whitelisted: Thread[ajts-to-17,5,Test-Threadgroup]
[INFO] [main] Request uninstall
[DEBUG] [main] Validated build configuration regarding trusted package rules, 0 are missing.
[INFO] [main] Request install with ASC-Impl [testMethod=Optional[protected org.junit.jupiter.api.DynamicContainer de.test.AttributeTest.generateTestsForAllClasses() throws java.net.URISyntaxException], executionPath=/tmp/testLocalRepo13761544887575925461, whitelistedPaths=Optional[[PathRule["target" (STARTS_WITH) in WHITELIST; level READ]]], blacklistedPaths=[PathRule["target/test-classes" (STARTS_WITH) in BLACKLIST; level READ]], allowedLocalPorts=[], trustedPackages=[PackageRule["kotlin.**" in WHITELIST]]]
[INFO] [main] Request whitelisting: Thread[ajts-to-18,5,Test-Threadgroup] []
[INFO] [main] Thread whitelisted: Thread[ajts-to-18,5,Test-Threadgroup]
[INFO] [main] Request uninstall
[DEBUG] [main] Validated build configuration regarding trusted package rules, 0 are missing.
[INFO] [main] Request install with ASC-Impl [testMethod=Optional[protected org.junit.jupiter.api.DynamicContainer de.test.AttributeTest.generateTestsForAllClasses() throws java.net.URISyntaxException], executionPath=/tmp/testLocalRepo13761544887575925461, whitelistedPaths=Optional[[PathRule["target" (STARTS_WITH) in WHITELIST; level READ]]], blacklistedPaths=[PathRule["target/test-classes" (STARTS_WITH) in BLACKLIST; level READ]], allowedLocalPorts=[], trustedPackages=[PackageRule["kotlin.**" in WHITELIST]]]
[INFO] [main] Request whitelisting: Thread[ajts-to-19,5,Test-Threadgroup] []
[INFO] [main] Thread whitelisted: Thread[ajts-to-19,5,Test-Threadgroup]
[INFO] [main] Request uninstall
[INFO] Tests run: 2, Failures: 0, Errors: 0, Skipped: 0, Time elapsed: 0.089 s -- in de.test.AttributeTest
[INFO] 
[INFO] Results:
[INFO] 
[INFO] Tests run: 12, Failures: 0, Errors: 0, Skipped: 0
[INFO] 
[INFO] ------------------------------------------------------------------------
[INFO] BUILD SUCCESS
[INFO] ------------------------------------------------------------------------
[INFO] Total time:  13.095 s
[INFO] Finished at: 2025-02-14T23:48:12Z
[INFO] ------------------------------------------------------------------------

Starting logs for QuizExerciseIntegrationTest

  Starting logs for QuizExerciseIntegrationTest > testPerformJoin(QuizMode, ZonedDateTime, ZonedDateTime, QuizBatch, String, HttpStatus, HttpStatus) [1] quizMode=SYNCHRONIZED, release=2025-02-15T00:17:58.311805464Z[Etc/UTC], due=null, batch=null, password=null, resultJoin=403 FORBIDDEN, resultStart=403 FORBIDDEN
    23:47:58.337 |  51 Pool-1-worker-25 | DEBUG | d.t.c.a.a.c.u.util.UserUtilService   : Generate 1 students...
    23:47:58.343 |  51 Pool-1-worker-25 | DEBUG | d.t.c.a.a.c.u.util.UserUtilService   : 1 students generated. Generate 1 tutors...
    23:47:58.347 |  51 Pool-1-worker-25 | DEBUG | d.t.c.a.a.c.u.util.UserUtilService   : 1 tutors generated. Generate 1 editors...
    23:47:58.352 |  51 Pool-1-worker-25 | DEBUG | d.t.c.a.a.c.u.util.UserUtilService   : 1 editors generated. Generate 1 instructors...
    23:47:58.354 |  51 Pool-1-worker-25 | DEBUG | d.t.c.a.a.c.u.util.UserUtilService   : 1 instructors generated
    23:47:58.358 |  51 Pool-1-worker-25 | DEBUG | d.t.c.a.a.c.u.util.UserUtilService   : Removing 2 users from all courses...
    23:47:58.362 |  51 Pool-1-worker-25 | DEBUG | d.t.c.a.a.c.u.util.UserUtilService   : Removing 2 users from all courses. Done
    23:47:58.362 |  51 Pool-1-worker-25 | DEBUG | d.t.c.a.a.c.u.util.UserUtilService   : Save 4 users to database...
    23:47:58.364 |  51 Pool-1-worker-25 | DEBUG | d.t.c.a.a.c.u.util.UserUtilService   : Save 4 users to database. Done
    23:47:58.364 |  51 Pool-1-worker-25 | INFO  | i.z.t.d.l.EmbeddedDatabaseReporter   : JDBC URL to connect to 'dataSource': url='jdbc:h2:tcp://localhost:41063/mem:df70fc46-7e57-4cb5-9cd0-c1d90c14afa7;USER=sa', scope='QuizExerciseIntegrationTest#testPerformJoin'
    23:47:58.372 |  51 Pool-1-worker-25 | DEBUG | d.t.c.a.a.c.s.f.ApiVersionFilter     : Adding Version to Request POST /api/quiz-exercises
    23:47:58.383 |  51 Pool-1-worker-25 | INFO  | d.t.c.a.a.q.web.QuizExerciseResource : REST request to create QuizExercise : QuizExercise{id=null, title='new quiz', randomizeQuestionOrder='true', allowedNumberOfAttempts='1', isOpenForPractice='false', releaseDate='2025-02-15T00:17:58.311805464Z', duration='3600', dueDate='null'}
    23:47:58.392 |  51 Pool-1-worker-25 | DEBUG | d.t.c.a.a.q.s.QuizExerciseService    : Save quiz exercise to database: QuizExercise{id=null, title='new quiz', randomizeQuestionOrder='true', allowedNumberOfAttempts='1', isOpenForPractice='false', releaseDate='2025-02-15T00:17:58.311805464Z', duration='3600', dueDate='2025-02-15T01:18:03.311805464Z'}
    23:47:58.418 |  51 Pool-1-worker-25 | INFO  | .c.s.m.InstanceMessageReceiveService : Received schedule quiz start for quiz exercise 3636
    23:47:58.424 |  51 Pool-1-worker-25 | DEBUG | t.c.a.a.e.s.ExerciseLifecycleService : Scheduled Task for Exercise "new quiz" (#3636) to trigger on START.
    23:47:58.424 |  51 Pool-1-worker-25 | DEBUG | t.c.a.a.e.s.ExerciseLifecycleService : Scheduled 1 Tasks for Exercise "new quiz" (#3636) to trigger on DUE.
    23:47:58.465 |  51 Pool-1-worker-25 | DEBUG | d.t.c.a.a.c.s.f.ApiVersionFilter     : Adding Version to Request POST /api/quiz-exercises/3636/start-participation
    23:47:58.468 |  51 Pool-1-worker-25 | DEBUG | .c.a.a.q.w.QuizParticipationResource : REST request to start quiz exercise participation : 3636
    23:47:58.471 |  51 Pool-1-worker-25 | WARN  | o.z.p.spring.common.AdviceTraits     : Forbidden: Students cannot start an exercise before the release date
    23:47:58.473 |  51 Pool-1-worker-25 | DEBUG | d.t.c.a.a.c.s.f.ApiVersionFilter     : Adding Version to Request POST /api/quiz-exercises/3636/join
    23:47:58.475 |  51 Pool-1-worker-25 | INFO  | d.t.c.a.a.q.web.QuizExerciseResource : REST request to join quiz batch : 3636, QuizBatchJoinDTO[password=null]
    23:47:58.478 |  51 Pool-1-worker-25 | WARN  | o.z.p.spring.common.AdviceTraits     : Forbidden: You are not allowed to access this resource

  Starting logs for QuizExerciseIntegrationTest > testPerformJoin(QuizMode, ZonedDateTime, ZonedDateTime, QuizBatch, String, HttpStatus, HttpStatus) [2] quizMode=SYNCHRONIZED, release=2025-02-14T23:17:58.311805464Z[Etc/UTC], due=null, batch=null, password=null, resultJoin=400 BAD_REQUEST, resultStart=200 OK
    23:47:58.493 |  51 Pool-1-worker-25 | DEBUG | d.t.c.a.a.c.u.util.UserUtilService   : Generate 1 students...
    23:47:58.496 |  51 Pool-1-worker-25 | DEBUG | d.t.c.a.a.c.u.util.UserUtilService   : 1 students generated. Generate 1 tutors...
    23:47:58.499 |  51 Pool-1-worker-25 | DEBUG | d.t.c.a.a.c.u.util.UserUtilService   : 1 tutors generated. Generate 1 editors...
    23:47:58.501 |  51 Pool-1-worker-25 | DEBUG | d.t.c.a.a.c.u.util.UserUtilService   : 1 editors generated. Generate 1 instructors...
    23:47:58.504 |  51 Pool-1-worker-25 | DEBUG | d.t.c.a.a.c.u.util.UserUtilService   : 1 instructors generated
    23:47:58.506 |  51 Pool-1-worker-25 | DEBUG | d.t.c.a.a.c.u.util.UserUtilService   : Removing 4 users from all courses...
    23:47:58.507 |  51 Pool-1-worker-25 | DEBUG | d.t.c.a.a.c.u.util.UserUtilService   : Removing 4 users from all courses. Done
    23:47:58.507 |  51 Pool-1-worker-25 | DEBUG | d.t.c.a.a.c.u.util.UserUtilService   : Save 4 users to database...
    23:47:58.516 |  51 Pool-1-worker-25 | DEBUG | d.t.c.a.a.c.u.util.UserUtilService   : Save 4 users to database. Done
    23:47:58.516 |  51 Pool-1-worker-25 | INFO  | i.z.t.d.l.EmbeddedDatabaseReporter   : JDBC URL to connect to 'dataSource': url='jdbc:h2:tcp://localhost:41063/mem:df70fc46-7e57-4cb5-9cd0-c1d90c14afa7;USER=sa', scope='QuizExerciseIntegrationTest#testPerformJoin'
    23:47:58.519 |  51 Pool-1-worker-25 | DEBUG | d.t.c.a.a.c.s.f.ApiVersionFilter     : Adding Version to Request POST /api/quiz-exercises
    23:47:58.520 |  51 Pool-1-worker-25 | INFO  | d.t.c.a.a.q.web.QuizExerciseResource : REST request to create QuizExercise : QuizExercise{id=null, title='new quiz', randomizeQuestionOrder='true', allowedNumberOfAttempts='1', isOpenForPractice='false', releaseDate='2025-02-14T23:17:58.311805464Z', duration='3600', dueDate='null'}
    23:47:58.523 |  51 Pool-1-worker-25 | DEBUG | d.t.c.a.a.q.s.QuizExerciseService    : Save quiz exercise to database: QuizExercise{id=null, title='new quiz', randomizeQuestionOrder='true', allowedNumberOfAttempts='1', isOpenForPractice='false', releaseDate='2025-02-14T23:17:58.311805464Z', duration='3600', dueDate='2025-02-15T00:18:03.311805464Z'}
    23:47:58.537 |  51 Pool-1-worker-25 | INFO  | .c.s.m.InstanceMessageReceiveService : Received schedule quiz start for quiz exercise 3637
    23:47:58.539 |  51 Pool-1-worker-25 | DEBUG | t.c.a.a.e.s.ExerciseLifecycleService : Scheduled 1 Tasks for Exercise "new quiz" (#3637) to trigger on DUE.
    23:47:58.561 |  51 Pool-1-worker-25 | DEBUG | d.t.c.a.a.c.s.f.ApiVersionFilter     : Adding Version to Request POST /api/quiz-exercises/3637/start-participation
    23:47:58.563 |  51 Pool-1-worker-25 | DEBUG | .c.a.a.q.w.QuizParticipationResource : REST request to start quiz exercise participation : 3637
    23:47:58.601 |  51 Pool-1-worker-25 | DEBUG | d.t.c.a.a.c.s.f.ApiVersionFilter     : Adding Version to Request POST /api/quiz-exercises/3637/join
    23:47:58.605 |  51 Pool-1-worker-25 | INFO  | d.t.c.a.a.q.web.QuizExerciseResource : REST request to join quiz batch : 3637, QuizBatchJoinDTO[password=null]
    23:47:58.610 |  51 Pool-1-worker-25 | ERROR | tech.jhipster.web.util.HeaderUtil    : Entity processing failed, Cannot join batch in synchronized quiz

  Starting logs for QuizExerciseIntegrationTest > testPerformJoin(QuizMode, ZonedDateTime, ZonedDateTime, QuizBatch, String, HttpStatus, HttpStatus) [3] quizMode=SYNCHRONIZED, release=2025-02-14T23:17:58.311805464Z[Etc/UTC], due=null, batch=null, password=12345678, resultJoin=400 BAD_REQUEST, resultStart=200 OK
    23:47:58.644 |  51 Pool-1-worker-25 | DEBUG | d.t.c.a.a.c.u.util.UserUtilService   : Generate 1 students...
    23:47:58.651 |  51 Pool-1-worker-25 | DEBUG | d.t.c.a.a.c.u.util.UserUtilService   : 1 students generated. Generate 1 tutors...
    23:47:58.657 |  51 Pool-1-worker-25 | DEBUG | d.t.c.a.a.c.u.util.UserUtilService   : 1 tutors generated. Generate 1 editors...
    23:47:58.663 |  51 Pool-1-worker-25 | DEBUG | d.t.c.a.a.c.u.util.UserUtilService   : 1 editors generated. Generate 1 instructors...
    23:47:58.665 |  51 Pool-1-worker-25 | DEBUG | d.t.c.a.a.c.u.util.UserUtilService   : 1 instructors generated
    23:47:58.668 |  51 Pool-1-worker-25 | DEBUG | d.t.c.a.a.c.u.util.UserUtilService   : Removing 4 users from all courses...
    23:47:58.668 |  51 Pool-1-worker-25 | DEBUG | d.t.c.a.a.c.u.util.UserUtilService   : Removing 4 users from all courses. Done
    23:47:58.668 |  51 Pool-1-worker-25 | DEBUG | d.t.c.a.a.c.u.util.UserUtilService   : Save 4 users to database...
    23:47:58.672 |  51 Pool-1-worker-25 | DEBUG | d.t.c.a.a.c.u.util.UserUtilService   : Save 4 users to database. Done
    23:47:58.672 |  51 Pool-1-worker-25 | INFO  | i.z.t.d.l.EmbeddedDatabaseReporter   : JDBC URL to connect to 'dataSource': url='jdbc:h2:tcp://localhost:41063/mem:df70fc46-7e57-4cb5-9cd0-c1d90c14afa7;USER=sa', scope='QuizExerciseIntegrationTest#testPerformJoin'
    23:47:58.679 |  51 Pool-1-worker-25 | DEBUG | d.t.c.a.a.c.s.f.ApiVersionFilter     : Adding Version to Request POST /api/quiz-exercises
    23:47:58.680 |  51 Pool-1-worker-25 | INFO  | d.t.c.a.a.q.web.QuizExerciseResource : REST request to create QuizExercise : QuizExercise{id=null, title='new quiz', randomizeQuestionOrder='true', allowedNumberOfAttempts='1', isOpenForPractice='false', releaseDate='2025-02-14T23:17:58.311805464Z', duration='3600', dueDate='null'}
    23:47:58.690 |  51 Pool-1-worker-25 | DEBUG | d.t.c.a.a.q.s.QuizExerciseService    : Save quiz exercise to database: QuizExercise{id=null, title='new quiz', randomizeQuestionOrder='true', allowedNumberOfAttempts='1', isOpenForPractice='false', releaseDate='2025-02-14T23:17:58.311805464Z', duration='3600', dueDate='2025-02-15T00:18:03.311805464Z'}
    23:47:58.704 |  51 Pool-1-worker-25 | INFO  | .c.s.m.InstanceMessageReceiveService : Received schedule quiz start for quiz exercise 3638
    23:47:58.706 |  51 Pool-1-worker-25 | DEBUG | t.c.a.a.e.s.ExerciseLifecycleService : Scheduled 1 Tasks for Exercise "new quiz" (#3638) to trigger on DUE.
    23:47:58.736 |  51 Pool-1-worker-25 | DEBUG | d.t.c.a.a.c.s.f.ApiVersionFilter     : Adding Version to Request POST /api/quiz-exercises/3638/start-participation
    23:47:58.738 |  51 Pool-1-worker-25 | DEBUG | .c.a.a.q.w.QuizParticipationResource : REST request to start quiz exercise participation : 3638
    23:47:58.772 |  51 Pool-1-worker-25 | DEBUG | d.t.c.a.a.c.s.f.ApiVersionFilter     : Adding Version to Request POST /api/quiz-exercises/3638/join
    23:47:58.773 |  51 Pool-1-worker-25 | INFO  | d.t.c.a.a.q.web.QuizExerciseResource : REST request to join quiz batch : 3638, QuizBatchJoinDTO[password=12345678]
    23:47:58.774 |  51 Pool-1-worker-25 | ERROR | tech.jhipster.web.util.HeaderUtil    : Entity processing failed, Cannot join batch in synchronized quiz

  Starting logs for QuizExerciseIntegrationTest > testPerformJoin(QuizMode, ZonedDateTime, ZonedDateTime, QuizBatch, String, HttpStatus, HttpStatus) [4] quizMode=SYNCHRONIZED, release=2025-02-14T19:47:58.311805464Z[Etc/UTC], due=2025-02-14T23:17:58.311805464Z[Etc/UTC], batch=null, password=null, resultJoin=403 FORBIDDEN, resultStart=200 OK
    23:47:58.783 |  51 Pool-1-worker-25 | DEBUG | d.t.c.a.a.c.u.util.UserUtilService   : Generate 1 students...
    23:47:58.786 |  51 Pool-1-worker-25 | DEBUG | d.t.c.a.a.c.u.util.UserUtilService   : 1 students generated. Generate 1 tutors...
    23:47:58.788 |  51 Pool-1-worker-25 | DEBUG | d.t.c.a.a.c.u.util.UserUtilService   : 1 tutors generated. Generate 1 editors...
    23:47:58.790 |  51 Pool-1-worker-25 | DEBUG | d.t.c.a.a.c.u.util.UserUtilService   : 1 editors generated. Generate 1 instructors...
    23:47:58.793 |  51 Pool-1-worker-25 | DEBUG | d.t.c.a.a.c.u.util.UserUtilService   : 1 instructors generated
    23:47:58.795 |  51 Pool-1-worker-25 | DEBUG | d.t.c.a.a.c.u.util.UserUtilService   : Removing 4 users from all courses...
    23:47:58.796 |  51 Pool-1-worker-25 | DEBUG | d.t.c.a.a.c.u.util.UserUtilService   : Removing 4 users from all courses. Done
    23:47:58.796 |  51 Pool-1-worker-25 | DEBUG | d.t.c.a.a.c.u.util.UserUtilService   : Save 4 users to database...
    23:47:58.801 |  51 Pool-1-worker-25 | DEBUG | d.t.c.a.a.c.u.util.UserUtilService   : Save 4 users to database. Done
    23:47:58.801 |  51 Pool-1-worker-25 | INFO  | i.z.t.d.l.EmbeddedDatabaseReporter   : JDBC URL to connect to 'dataSource': url='jdbc:h2:tcp://localhost:41063/mem:df70fc46-7e57-4cb5-9cd0-c1d90c14afa7;USER=sa', scope='QuizExerciseIntegrationTest#testPerformJoin'
    23:47:58.805 |  51 Pool-1-worker-25 | DEBUG | d.t.c.a.a.c.s.f.ApiVersionFilter     : Adding Version to Request POST /api/quiz-exercises
    23:47:58.806 |  51 Pool-1-worker-25 | INFO  | d.t.c.a.a.q.web.QuizExerciseResource : REST request to create QuizExercise : QuizExercise{id=null, title='new quiz', randomizeQuestionOrder='true', allowedNumberOfAttempts='1', isOpenForPractice='false', releaseDate='2025-02-14T19:47:58.311805464Z', duration='3600', dueDate='2025-02-14T23:17:58.311805464Z'}
    23:47:58.809 |  51 Pool-1-worker-25 | DEBUG | d.t.c.a.a.q.s.QuizExerciseService    : Save quiz exercise to database: QuizExercise{id=null, title='new quiz', randomizeQuestionOrder='true', allowedNumberOfAttempts='1', isOpenForPractice='false', releaseDate='2025-02-14T19:47:58.311805464Z', duration='3600', dueDate='2025-02-14T20:48:03.311805464Z'}
    23:47:58.823 |  51 Pool-1-worker-25 | INFO  | .c.s.m.InstanceMessageReceiveService : Received schedule quiz start for quiz exercise 3639
    23:47:58.855 |  51 Pool-1-worker-25 | DEBUG | d.t.c.a.a.c.s.f.ApiVersionFilter     : Adding Version to Request POST /api/quiz-exercises/3639/start-participation
    23:47:58.857 |  51 Pool-1-worker-25 | DEBUG | .c.a.a.q.w.QuizParticipationResource : REST request to start quiz exercise participation : 3639
    23:47:58.889 |  51 Pool-1-worker-25 | DEBUG | d.t.c.a.a.c.s.f.ApiVersionFilter     : Adding Version to Request POST /api/quiz-exercises/3639/join
    23:47:58.889 |  51 Pool-1-worker-25 | INFO  | d.t.c.a.a.q.web.QuizExerciseResource : REST request to join quiz batch : 3639, QuizBatchJoinDTO[password=null]
    23:47:58.891 |  51 Pool-1-worker-25 | WARN  | o.z.p.spring.common.AdviceTraits     : Forbidden: You are not allowed to access this resource

  Starting logs for QuizExerciseIntegrationTest > testPerformJoin(QuizMode, ZonedDateTime, ZonedDateTime, QuizBatch, String, HttpStatus, HttpStatus) [5] quizMode=INDIVIDUAL, release=2025-02-15T00:17:58.311805464Z[Etc/UTC], due=null, batch=null, password=null, resultJoin=403 FORBIDDEN, resultStart=403 FORBIDDEN
    23:47:58.904 |  51 Pool-1-worker-25 | DEBUG | d.t.c.a.a.c.u.util.UserUtilService   : Generate 1 students...
    23:47:58.906 |  51 Pool-1-worker-25 | DEBUG | d.t.c.a.a.c.u.util.UserUtilService   : 1 students generated. Generate 1 tutors...
    23:47:58.909 |  51 Pool-1-worker-25 | DEBUG | d.t.c.a.a.c.u.util.UserUtilService   : 1 tutors generated. Generate 1 editors...
    23:47:58.911 |  51 Pool-1-worker-25 | DEBUG | d.t.c.a.a.c.u.util.UserUtilService   : 1 editors generated. Generate 1 instructors...
    23:47:58.914 |  51 Pool-1-worker-25 | DEBUG | d.t.c.a.a.c.u.util.UserUtilService   : 1 instructors generated
    23:47:58.916 |  51 Pool-1-worker-25 | DEBUG | d.t.c.a.a.c.u.util.UserUtilService   : Removing 4 users from all courses...
    23:47:58.917 |  51 Pool-1-worker-25 | DEBUG | d.t.c.a.a.c.u.util.UserUtilService   : Removing 4 users from all courses. Done
    23:47:58.917 |  51 Pool-1-worker-25 | DEBUG | d.t.c.a.a.c.u.util.UserUtilService   : Save 4 users to database...
    23:47:58.921 |  51 Pool-1-worker-25 | DEBUG | d.t.c.a.a.c.u.util.UserUtilService   : Save 4 users to database. Done
    23:47:58.921 |  51 Pool-1-worker-25 | INFO  | i.z.t.d.l.EmbeddedDatabaseReporter   : JDBC URL to connect to 'dataSource': url='jdbc:h2:tcp://localhost:41063/mem:df70fc46-7e57-4cb5-9cd0-c1d90c14afa7;USER=sa', scope='QuizExerciseIntegrationTest#testPerformJoin'
    23:47:58.923 |  51 Pool-1-worker-25 | DEBUG | d.t.c.a.a.c.s.f.ApiVersionFilter     : Adding Version to Request POST /api/quiz-exercises
    23:47:58.924 |  51 Pool-1-worker-25 | INFO  | d.t.c.a.a.q.web.QuizExerciseResource : REST request to create QuizExercise : QuizExercise{id=null, title='new quiz', randomizeQuestionOrder='true', allowedNumberOfAttempts='1', isOpenForPractice='false', releaseDate='2025-02-15T00:17:58.311805464Z', duration='3600', dueDate='null'}
    23:47:58.927 |  51 Pool-1-worker-25 | DEBUG | d.t.c.a.a.q.s.QuizExerciseService    : Save quiz exercise to database: QuizExercise{id=null, title='new quiz', randomizeQuestionOrder='true', allowedNumberOfAttempts='1', isOpenForPractice='false', releaseDate='2025-02-15T00:17:58.311805464Z', duration='3600', dueDate='null'}
    23:47:58.939 |  51 Pool-1-worker-25 | INFO  | .c.s.m.InstanceMessageReceiveService : Received schedule quiz start for quiz exercise 3640
    23:47:58.963 |  51 Pool-1-worker-25 | DEBUG | d.t.c.a.a.c.s.f.ApiVersionFilter     : Adding Version to Request POST /api/quiz-exercises/3640/start-participation
    23:47:58.964 |  51 Pool-1-worker-25 | DEBUG | .c.a.a.q.w.QuizParticipationResource : REST request to start quiz exercise participation : 3640
    23:47:58.966 |  51 Pool-1-worker-25 | WARN  | o.z.p.spring.common.AdviceTraits     : Forbidden: Students cannot start an exercise before the release date
    23:47:58.968 |  51 Pool-1-worker-25 | DEBUG | d.t.c.a.a.c.s.f.ApiVersionFilter     : Adding Version to Request POST /api/quiz-exercises/3640/join
    23:47:58.969 |  51 Pool-1-worker-25 | INFO  | d.t.c.a.a.q.web.QuizExerciseResource : REST request to join quiz batch : 3640, QuizBatchJoinDTO[password=null]
    23:47:58.972 |  51 Pool-1-worker-25 | WARN  | o.z.p.spring.common.AdviceTraits     : Forbidden: You are not allowed to access this resource

  Starting logs for QuizExerciseIntegrationTest > testPerformJoin(QuizMode, ZonedDateTime, ZonedDateTime, QuizBatch, String, HttpStatus, HttpStatus) [6] quizMode=INDIVIDUAL, release=2025-02-14T19:47:58.311805464Z[Etc/UTC], due=null, batch=null, password=null, resultJoin=200 OK, resultStart=200 OK
    23:47:58.987 |  51 Pool-1-worker-25 | DEBUG | d.t.c.a.a.c.u.util.UserUtilService   : Generate 1 students...
    23:47:58.990 |  51 Pool-1-worker-25 | DEBUG | d.t.c.a.a.c.u.util.UserUtilService   : 1 students generated. Generate 1 tutors...
    23:47:58.993 |  51 Pool-1-worker-25 | DEBUG | d.t.c.a.a.c.u.util.UserUtilService   : 1 tutors generated. Generate 1 editors...
    23:47:58.995 |  51 Pool-1-worker-25 | DEBUG | d.t.c.a.a.c.u.util.UserUtilService   : 1 editors generated. Generate 1 instructors...
    23:47:58.998 |  51 Pool-1-worker-25 | DEBUG | d.t.c.a.a.c.u.util.UserUtilService   : 1 instructors generated
    23:47:59.001 |  51 Pool-1-worker-25 | DEBUG | d.t.c.a.a.c.u.util.UserUtilService   : Removing 4 users from all courses...
    23:47:59.002 |  51 Pool-1-worker-25 | DEBUG | d.t.c.a.a.c.u.util.UserUtilService   : Removing 4 users from all courses. Done
    23:47:59.002 |  51 Pool-1-worker-25 | DEBUG | d.t.c.a.a.c.u.util.UserUtilService   : Save 4 users to database...
    23:47:59.006 |  51 Pool-1-worker-25 | DEBUG | d.t.c.a.a.c.u.util.UserUtilService   : Save 4 users to database. Done
    23:47:59.006 |  51 Pool-1-worker-25 | INFO  | i.z.t.d.l.EmbeddedDatabaseReporter   : JDBC URL to connect to 'dataSource': url='jdbc:h2:tcp://localhost:41063/mem:df70fc46-7e57-4cb5-9cd0-c1d90c14afa7;USER=sa', scope='QuizExerciseIntegrationTest#testPerformJoin'
    23:47:59.008 |  51 Pool-1-worker-25 | DEBUG | d.t.c.a.a.c.s.f.ApiVersionFilter     : Adding Version to Request POST /api/quiz-exercises
    23:47:59.009 |  51 Pool-1-worker-25 | INFO  | d.t.c.a.a.q.web.QuizExerciseResource : REST request to create QuizExercise : QuizExercise{id=null, title='new quiz', randomizeQuestionOrder='true', allowedNumberOfAttempts='1', isOpenForPractice='false', releaseDate='2025-02-14T19:47:58.311805464Z', duration='3600', dueDate='null'}
    23:47:59.012 |  51 Pool-1-worker-25 | DEBUG | d.t.c.a.a.q.s.QuizExerciseService    : Save quiz exercise to database: QuizExercise{id=null, title='new quiz', randomizeQuestionOrder='true', allowedNumberOfAttempts='1', isOpenForPractice='false', releaseDate='2025-02-14T19:47:58.311805464Z', duration='3600', dueDate='null'}
    23:47:59.026 |  51 Pool-1-worker-25 | INFO  | .c.s.m.InstanceMessageReceiveService : Received schedule quiz start for quiz exercise 3641
    23:47:59.055 |  51 Pool-1-worker-25 | DEBUG | d.t.c.a.a.c.s.f.ApiVersionFilter     : Adding Version to Request POST /api/quiz-exercises/3641/start-participation
    23:47:59.056 |  51 Pool-1-worker-25 | DEBUG | .c.a.a.q.w.QuizParticipationResource : REST request to start quiz exercise participation : 3641
    23:47:59.088 |  51 Pool-1-worker-25 | DEBUG | d.t.c.a.a.c.s.f.ApiVersionFilter     : Adding Version to Request POST /api/quiz-exercises/3641/join
    23:47:59.089 |  51 Pool-1-worker-25 | INFO  | d.t.c.a.a.q.web.QuizExerciseResource : REST request to join quiz batch : 3641, QuizBatchJoinDTO[password=null]

  Starting logs for QuizExerciseIntegrationTest > testPerformJoin(QuizMode, ZonedDateTime, ZonedDateTime, QuizBatch, String, HttpStatus, HttpStatus) [7] quizMode=INDIVIDUAL, release=2025-02-14T19:47:58.311805464Z[Etc/UTC], due=2025-02-15T03:47:58.311805464Z[Etc/UTC], batch=null, password=null, resultJoin=200 OK, resultStart=200 OK
    23:47:59.111 |  51 Pool-1-worker-25 | DEBUG | d.t.c.a.a.c.u.util.UserUtilService   : Generate 1 students...
    23:47:59.114 |  51 Pool-1-worker-25 | DEBUG | d.t.c.a.a.c.u.util.UserUtilService   : 1 students generated. Generate 1 tutors...
    23:47:59.117 |  51 Pool-1-worker-25 | DEBUG | d.t.c.a.a.c.u.util.UserUtilService   : 1 tutors generated. Generate 1 editors...
    23:47:59.119 |  51 Pool-1-worker-25 | DEBUG | d.t.c.a.a.c.u.util.UserUtilService   : 1 editors generated. Generate 1 instructors...
    23:47:59.122 |  51 Pool-1-worker-25 | DEBUG | d.t.c.a.a.c.u.util.UserUtilService   : 1 instructors generated
    23:47:59.125 |  51 Pool-1-worker-25 | DEBUG | d.t.c.a.a.c.u.util.UserUtilService   : Removing 4 users from all courses...
    23:47:59.126 |  51 Pool-1-worker-25 | DEBUG | d.t.c.a.a.c.u.util.UserUtilService   : Removing 4 users from all courses. Done
    23:47:59.126 |  51 Pool-1-worker-25 | DEBUG | d.t.c.a.a.c.u.util.UserUtilService   : Save 4 users to database...
    23:47:59.130 |  51 Pool-1-worker-25 | DEBUG | d.t.c.a.a.c.u.util.UserUtilService   : Save 4 users to database. Done
    23:47:59.130 |  51 Pool-1-worker-25 | INFO  | i.z.t.d.l.EmbeddedDatabaseReporter   : JDBC URL to connect to 'dataSource': url='jdbc:h2:tcp://localhost:41063/mem:df70fc46-7e57-4cb5-9cd0-c1d90c14afa7;USER=sa', scope='QuizExerciseIntegrationTest#testPerformJoin'
    23:47:59.133 |  51 Pool-1-worker-25 | DEBUG | d.t.c.a.a.c.s.f.ApiVersionFilter     : Adding Version to Request POST /api/quiz-exercises
    23:47:59.134 |  51 Pool-1-worker-25 | INFO  | d.t.c.a.a.q.web.QuizExerciseResource : REST request to create QuizExercise : QuizExercise{id=null, title='new quiz', randomizeQuestionOrder='true', allowedNumberOfAttempts='1', isOpenForPractice='false', releaseDate='2025-02-14T19:47:58.311805464Z', duration='3600', dueDate='2025-02-15T03:47:58.311805464Z'}
    23:47:59.137 |  51 Pool-1-worker-25 | DEBUG | d.t.c.a.a.q.s.QuizExerciseService    : Save quiz exercise to database: QuizExercise{id=null, title='new quiz', randomizeQuestionOrder='true', allowedNumberOfAttempts='1', isOpenForPractice='false', releaseDate='2025-02-14T19:47:58.311805464Z', duration='3600', dueDate='2025-02-15T03:47:58.311805464Z'}
    23:47:59.151 |  51 Pool-1-worker-25 | INFO  | .c.s.m.InstanceMessageReceiveService : Received schedule quiz start for quiz exercise 3642
    23:47:59.153 |  51 Pool-1-worker-25 | DEBUG | t.c.a.a.e.s.ExerciseLifecycleService : Scheduled 1 Tasks for Exercise "new quiz" (#3642) to trigger on DUE.
    23:47:59.177 |  51 Pool-1-worker-25 | DEBUG | d.t.c.a.a.c.s.f.ApiVersionFilter     : Adding Version to Request POST /api/quiz-exercises/3642/start-participation
    23:47:59.179 |  51 Pool-1-worker-25 | DEBUG | .c.a.a.q.w.QuizParticipationResource : REST request to start quiz exercise participation : 3642
    23:47:59.210 |  51 Pool-1-worker-25 | DEBUG | d.t.c.a.a.c.s.f.ApiVersionFilter     : Adding Version to Request POST /api/quiz-exercises/3642/join
    23:47:59.211 |  51 Pool-1-worker-25 | INFO  | d.t.c.a.a.q.web.QuizExerciseResource : REST request to join quiz batch : 3642, QuizBatchJoinDTO[password=null]

  Starting logs for QuizExerciseIntegrationTest > testPerformJoin(QuizMode, ZonedDateTime, ZonedDateTime, QuizBatch, String, HttpStatus, HttpStatus) [8] quizMode=INDIVIDUAL, release=2025-02-14T19:47:58.311805464Z[Etc/UTC], due=2025-02-15T00:17:58.311805464Z[Etc/UTC], batch=null, password=null, resultJoin=200 OK, resultStart=200 OK
    23:47:59.229 |  51 Pool-1-worker-25 | DEBUG | d.t.c.a.a.c.u.util.UserUtilService   : Generate 1 students...
    23:47:59.232 |  51 Pool-1-worker-25 | DEBUG | d.t.c.a.a.c.u.util.UserUtilService   : 1 students generated. Generate 1 tutors...
    23:47:59.235 |  51 Pool-1-worker-25 | DEBUG | d.t.c.a.a.c.u.util.UserUtilService   : 1 tutors generated. Generate 1 editors...
    23:47:59.238 |  51 Pool-1-worker-25 | DEBUG | d.t.c.a.a.c.u.util.UserUtilService   : 1 editors generated. Generate 1 instructors...
    23:47:59.241 |  51 Pool-1-worker-25 | DEBUG | d.t.c.a.a.c.u.util.UserUtilService   : 1 instructors generated
    23:47:59.243 |  51 Pool-1-worker-25 | DEBUG | d.t.c.a.a.c.u.util.UserUtilService   : Removing 4 users from all courses...
    23:47:59.244 |  51 Pool-1-worker-25 | DEBUG | d.t.c.a.a.c.u.util.UserUtilService   : Removing 4 users from all courses. Done
    23:47:59.244 |  51 Pool-1-worker-25 | DEBUG | d.t.c.a.a.c.u.util.UserUtilService   : Save 4 users to database...
    23:47:59.248 |  51 Pool-1-worker-25 | DEBUG | d.t.c.a.a.c.u.util.UserUtilService   : Save 4 users to database. Done
    23:47:59.248 |  51 Pool-1-worker-25 | INFO  | i.z.t.d.l.EmbeddedDatabaseReporter   : JDBC URL to connect to 'dataSource': url='jdbc:h2:tcp://localhost:41063/mem:df70fc46-7e57-4cb5-9cd0-c1d90c14afa7;USER=sa', scope='QuizExerciseIntegrationTest#testPerformJoin'
    23:47:59.250 |  51 Pool-1-worker-25 | DEBUG | d.t.c.a.a.c.s.f.ApiVersionFilter     : Adding Version to Request POST /api/quiz-exercises
    23:47:59.252 |  51 Pool-1-worker-25 | INFO  | d.t.c.a.a.q.web.QuizExerciseResource : REST request to create QuizExercise : QuizExercise{id=null, title='new quiz', randomizeQuestionOrder='true', allowedNumberOfAttempts='1', isOpenForPractice='false', releaseDate='2025-02-14T19:47:58.311805464Z', duration='3600', dueDate='2025-02-15T00:17:58.311805464Z'}
    23:47:59.256 |  51 Pool-1-worker-25 | DEBUG | d.t.c.a.a.q.s.QuizExerciseService    : Save quiz exercise to database: QuizExercise{id=null, title='new quiz', randomizeQuestionOrder='true', allowedNumberOfAttempts='1', isOpenForPractice='false', releaseDate='2025-02-14T19:47:58.311805464Z', duration='3600', dueDate='2025-02-15T00:17:58.311805464Z'}
    23:47:59.269 |  51 Pool-1-worker-25 | INFO  | .c.s.m.InstanceMessageReceiveService : Received schedule quiz start for quiz exercise 3643
    23:47:59.272 |  51 Pool-1-worker-25 | DEBUG | t.c.a.a.e.s.ExerciseLifecycleService : Scheduled 1 Tasks for Exercise "new quiz" (#3643) to trigger on DUE.
    23:47:59.294 |  51 Pool-1-worker-25 | DEBUG | d.t.c.a.a.c.s.f.ApiVersionFilter     : Adding Version to Request POST /api/quiz-exercises/3643/start-participation
    23:47:59.295 |  51 Pool-1-worker-25 | DEBUG | .c.a.a.q.w.QuizParticipationResource : REST request to start quiz exercise participation : 3643
    23:47:59.323 |  51 Pool-1-worker-25 | DEBUG | d.t.c.a.a.c.s.f.ApiVersionFilter     : Adding Version to Request POST /api/quiz-exercises/3643/join
    23:47:59.323 |  51 Pool-1-worker-25 | INFO  | d.t.c.a.a.q.web.QuizExerciseResource : REST request to join quiz batch : 3643, QuizBatchJoinDTO[password=null]

  Starting logs for QuizExerciseIntegrationTest > testPerformJoin(QuizMode, ZonedDateTime, ZonedDateTime, QuizBatch, String, HttpStatus, HttpStatus) [9] quizMode=INDIVIDUAL, release=2025-02-14T19:47:58.311805464Z[Etc/UTC], due=2025-02-14T23:17:58.311805464Z[Etc/UTC], batch=null, password=null, resultJoin=403 FORBIDDEN, resultStart=200 OK
    23:47:59.343 |  51 Pool-1-worker-25 | DEBUG | d.t.c.a.a.c.u.util.UserUtilService   : Generate 1 students...
    23:47:59.346 |  51 Pool-1-worker-25 | DEBUG | d.t.c.a.a.c.u.util.UserUtilService   : 1 students generated. Generate 1 tutors...
    23:47:59.349 |  51 Pool-1-worker-25 | DEBUG | d.t.c.a.a.c.u.util.UserUtilService   : 1 tutors generated. Generate 1 editors...
    23:47:59.354 |  51 Pool-1-worker-25 | DEBUG | d.t.c.a.a.c.u.util.UserUtilService   : 1 editors generated. Generate 1 instructors...
    23:47:59.356 |  51 Pool-1-worker-25 | DEBUG | d.t.c.a.a.c.u.util.UserUtilService   : 1 instructors generated
    23:47:59.358 |  51 Pool-1-worker-25 | DEBUG | d.t.c.a.a.c.u.util.UserUtilService   : Removing 4 users from all courses...
    23:47:59.359 |  51 Pool-1-worker-25 | DEBUG | d.t.c.a.a.c.u.util.UserUtilService   : Removing 4 users from all courses. Done
    23:47:59.359 |  51 Pool-1-worker-25 | DEBUG | d.t.c.a.a.c.u.util.UserUtilService   : Save 4 users to database...
    23:47:59.362 |  51 Pool-1-worker-25 | DEBUG | d.t.c.a.a.c.u.util.UserUtilService   : Save 4 users to database. Done
    23:47:59.363 |  51 Pool-1-worker-25 | INFO  | i.z.t.d.l.EmbeddedDatabaseReporter   : JDBC URL to connect to 'dataSource': url='jdbc:h2:tcp://localhost:41063/mem:df70fc46-7e57-4cb5-9cd0-c1d90c14afa7;USER=sa', scope='QuizExerciseIntegrationTest#testPerformJoin'
    23:47:59.365 |  51 Pool-1-worker-25 | DEBUG | d.t.c.a.a.c.s.f.ApiVersionFilter     : Adding Version to Request POST /api/quiz-exercises
    23:47:59.365 |  51 Pool-1-worker-25 | INFO  | d.t.c.a.a.q.web.QuizExerciseResource : REST request to create QuizExercise : QuizExercise{id=null, title='new quiz', randomizeQuestionOrder='true', allowedNumberOfAttempts='1', isOpenForPractice='false', releaseDate='2025-02-14T19:47:58.311805464Z', duration='3600', dueDate='2025-02-14T23:17:58.311805464Z'}
    23:47:59.368 |  51 Pool-1-worker-25 | DEBUG | d.t.c.a.a.q.s.QuizExerciseService    : Save quiz exercise to database: QuizExercise{id=null, title='new quiz', randomizeQuestionOrder='true', allowedNumberOfAttempts='1', isOpenForPractice='false', releaseDate='2025-02-14T19:47:58.311805464Z', duration='3600', dueDate='2025-02-14T23:17:58.311805464Z'}
    23:47:59.383 |  51 Pool-1-worker-25 | INFO  | .c.s.m.InstanceMessageReceiveService : Received schedule quiz start for quiz exercise 3644
    23:47:59.408 |  51 Pool-1-worker-25 | DEBUG | d.t.c.a.a.c.s.f.ApiVersionFilter     : Adding Version to Request POST /api/quiz-exercises/3644/start-participation
    23:47:59.410 |  51 Pool-1-worker-25 | DEBUG | .c.a.a.q.w.QuizParticipationResource : REST request to start quiz exercise participation : 3644
    23:47:59.444 |  51 Pool-1-worker-25 | DEBUG | d.t.c.a.a.c.s.f.ApiVersionFilter     : Adding Version to Request POST /api/quiz-exercises/3644/join
    23:47:59.444 |  51 Pool-1-worker-25 | INFO  | d.t.c.a.a.q.web.QuizExerciseResource : REST request to join quiz batch : 3644, QuizBatchJoinDTO[password=null]
    23:47:59.447 |  51 Pool-1-worker-25 | WARN  | o.z.p.spring.common.AdviceTraits     : Forbidden: You are not allowed to access this resource

  Starting logs for QuizExerciseIntegrationTest > testPerformJoin(QuizMode, ZonedDateTime, ZonedDateTime, QuizBatch, String, HttpStatus, HttpStatus) [10] quizMode=BATCHED, release=2025-02-15T00:17:58.311805464Z[Etc/UTC], due=null, batch=null, password=null, resultJoin=403 FORBIDDEN, resultStart=403 FORBIDDEN
    23:47:59.464 |  51 Pool-1-worker-25 | DEBUG | d.t.c.a.a.c.u.util.UserUtilService   : Generate 1 students...
    23:47:59.467 |  51 Pool-1-worker-25 | DEBUG | d.t.c.a.a.c.u.util.UserUtilService   : 1 students generated. Generate 1 tutors...
    23:47:59.470 |  51 Pool-1-worker-25 | DEBUG | d.t.c.a.a.c.u.util.UserUtilService   : 1 tutors generated. Generate 1 editors...
    23:47:59.473 |  51 Pool-1-worker-25 | DEBUG | d.t.c.a.a.c.u.util.UserUtilService   : 1 editors generated. Generate 1 instructors...
    23:47:59.476 |  51 Pool-1-worker-25 | DEBUG | d.t.c.a.a.c.u.util.UserUtilService   : 1 instructors generated
    23:47:59.478 |  51 Pool-1-worker-25 | DEBUG | d.t.c.a.a.c.u.util.UserUtilService   : Removing 4 users from all courses...
    23:47:59.479 |  51 Pool-1-worker-25 | DEBUG | d.t.c.a.a.c.u.util.UserUtilService   : Removing 4 users from all courses. Done
    23:47:59.479 |  51 Pool-1-worker-25 | DEBUG | d.t.c.a.a.c.u.util.UserUtilService   : Save 4 users to database...
    23:47:59.483 |  51 Pool-1-worker-25 | DEBUG | d.t.c.a.a.c.u.util.UserUtilService   : Save 4 users to database. Done
    23:47:59.483 |  51 Pool-1-worker-25 | INFO  | i.z.t.d.l.EmbeddedDatabaseReporter   : JDBC URL to connect to 'dataSource': url='jdbc:h2:tcp://localhost:41063/mem:df70fc46-7e57-4cb5-9cd0-c1d90c14afa7;USER=sa', scope='QuizExerciseIntegrationTest#testPerformJoin'
    23:47:59.486 |  51 Pool-1-worker-25 | DEBUG | d.t.c.a.a.c.s.f.ApiVersionFilter     : Adding Version to Request POST /api/quiz-exercises
    23:47:59.487 |  51 Pool-1-worker-25 | INFO  | d.t.c.a.a.q.web.QuizExerciseResource : REST request to create QuizExercise : QuizExercise{id=null, title='new quiz', randomizeQuestionOrder='true', allowedNumberOfAttempts='1', isOpenForPractice='false', releaseDate='2025-02-15T00:17:58.311805464Z', duration='3600', dueDate='null'}
    23:47:59.490 |  51 Pool-1-worker-25 | DEBUG | d.t.c.a.a.q.s.QuizExerciseService    : Save quiz exercise to database: QuizExercise{id=null, title='new quiz', randomizeQuestionOrder='true', allowedNumberOfAttempts='1', isOpenForPractice='false', releaseDate='2025-02-15T00:17:58.311805464Z', duration='3600', dueDate='null'}
    23:47:59.505 |  51 Pool-1-worker-25 | INFO  | .c.s.m.InstanceMessageReceiveService : Received schedule quiz start for quiz exercise 3645
    23:47:59.529 |  51 Pool-1-worker-25 | DEBUG | d.t.c.a.a.c.s.f.ApiVersionFilter     : Adding Version to Request POST /api/quiz-exercises/3645/start-participation
    23:47:59.530 |  51 Pool-1-worker-25 | DEBUG | .c.a.a.q.w.QuizParticipationResource : REST request to start quiz exercise participation : 3645
    23:47:59.533 |  51 Pool-1-worker-25 | WARN  | o.z.p.spring.common.AdviceTraits     : Forbidden: Students cannot start an exercise before the release date
    23:47:59.535 |  51 Pool-1-worker-25 | DEBUG | d.t.c.a.a.c.s.f.ApiVersionFilter     : Adding Version to Request POST /api/quiz-exercises/3645/join
    23:47:59.535 |  51 Pool-1-worker-25 | INFO  | d.t.c.a.a.q.web.QuizExerciseResource : REST request to join quiz batch : 3645, QuizBatchJoinDTO[password=null]
    23:47:59.537 |  51 Pool-1-worker-25 | WARN  | o.z.p.spring.common.AdviceTraits     : Forbidden: You are not allowed to access this resource

  Starting logs for QuizExerciseIntegrationTest > testPerformJoin(QuizMode, ZonedDateTime, ZonedDateTime, QuizBatch, String, HttpStatus, HttpStatus) [11] quizMode=BATCHED, release=2025-02-14T19:47:58.311805464Z[Etc/UTC], due=null, batch=null, password=null, resultJoin=400 BAD_REQUEST, resultStart=200 OK
    23:47:59.554 |  51 Pool-1-worker-25 | DEBUG | d.t.c.a.a.c.u.util.UserUtilService   : Generate 1 students...
    23:47:59.557 |  51 Pool-1-worker-25 | DEBUG | d.t.c.a.a.c.u.util.UserUtilService   : 1 students generated. Generate 1 tutors...
    23:47:59.560 |  51 Pool-1-worker-25 | DEBUG | d.t.c.a.a.c.u.util.UserUtilService   : 1 tutors generated. Generate 1 editors...
    23:47:59.563 |  51 Pool-1-worker-25 | DEBUG | d.t.c.a.a.c.u.util.UserUtilService   : 1 editors generated. Generate 1 instructors...
    23:47:59.566 |  51 Pool-1-worker-25 | DEBUG | d.t.c.a.a.c.u.util.UserUtilService   : 1 instructors generated
    23:47:59.568 |  51 Pool-1-worker-25 | DEBUG | d.t.c.a.a.c.u.util.UserUtilService   : Removing 4 users from all courses...
    23:47:59.569 |  51 Pool-1-worker-25 | DEBUG | d.t.c.a.a.c.u.util.UserUtilService   : Removing 4 users from all courses. Done
    23:47:59.569 |  51 Pool-1-worker-25 | DEBUG | d.t.c.a.a.c.u.util.UserUtilService   : Save 4 users to database...
    23:47:59.572 |  51 Pool-1-worker-25 | DEBUG | d.t.c.a.a.c.u.util.UserUtilService   : Save 4 users to database. Done
    23:47:59.573 |  51 Pool-1-worker-25 | INFO  | i.z.t.d.l.EmbeddedDatabaseReporter   : JDBC URL to connect to 'dataSource': url='jdbc:h2:tcp://localhost:41063/mem:df70fc46-7e57-4cb5-9cd0-c1d90c14afa7;USER=sa', scope='QuizExerciseIntegrationTest#testPerformJoin'
    23:47:59.579 |  51 Pool-1-worker-25 | DEBUG | d.t.c.a.a.c.s.f.ApiVersionFilter     : Adding Version to Request POST /api/quiz-exercises
    23:47:59.580 |  51 Pool-1-worker-25 | INFO  | d.t.c.a.a.q.web.QuizExerciseResource : REST request to create QuizExercise : QuizExercise{id=null, title='new quiz', randomizeQuestionOrder='true', allowedNumberOfAttempts='1', isOpenForPractice='false', releaseDate='2025-02-14T19:47:58.311805464Z', duration='3600', dueDate='null'}
    23:47:59.583 |  51 Pool-1-worker-25 | DEBUG | d.t.c.a.a.q.s.QuizExerciseService    : Save quiz exercise to database: QuizExercise{id=null, title='new quiz', randomizeQuestionOrder='true', allowedNumberOfAttempts='1', isOpenForPractice='false', releaseDate='2025-02-14T19:47:58.311805464Z', duration='3600', dueDate='null'}
    23:47:59.596 |  51 Pool-1-worker-25 | INFO  | .c.s.m.InstanceMessageReceiveService : Received schedule quiz start for quiz exercise 3646
    23:47:59.619 |  51 Pool-1-worker-25 | DEBUG | d.t.c.a.a.c.s.f.ApiVersionFilter     : Adding Version to Request POST /api/quiz-exercises/3646/start-participation
    23:47:59.620 |  51 Pool-1-worker-25 | DEBUG | .c.a.a.q.w.QuizParticipationResource : REST request to start quiz exercise participation : 3646
    23:47:59.652 |  51 Pool-1-worker-25 | DEBUG | d.t.c.a.a.c.s.f.ApiVersionFilter     : Adding Version to Request POST /api/quiz-exercises/3646/join
    23:47:59.652 |  51 Pool-1-worker-25 | INFO  | d.t.c.a.a.q.web.QuizExerciseResource : REST request to join quiz batch : 3646, QuizBatchJoinDTO[password=null]
    23:47:59.655 |  51 Pool-1-worker-25 | ERROR | tech.jhipster.web.util.HeaderUtil    : Entity processing failed, Batch does not exist

  Starting logs for QuizExerciseIntegrationTest > testPerformJoin(QuizMode, ZonedDateTime, ZonedDateTime, QuizBatch, String, HttpStatus, HttpStatus) [12] quizMode=BATCHED, release=2025-02-14T19:47:58.311805464Z[Etc/UTC], due=2025-02-15T03:47:58.311805464Z[Etc/UTC], batch=null, password=null, resultJoin=400 BAD_REQUEST, resultStart=200 OK
    23:47:59.665 |  51 Pool-1-worker-25 | DEBUG | d.t.c.a.a.c.u.util.UserUtilService   : Generate 1 students...
    23:47:59.667 |  51 Pool-1-worker-25 | DEBUG | d.t.c.a.a.c.u.util.UserUtilService   : 1 students generated. Generate 1 tutors...
    23:47:59.670 |  51 Pool-1-worker-25 | DEBUG | d.t.c.a.a.c.u.util.UserUtilService   : 1 tutors generated. Generate 1 editors...
    23:47:59.672 |  51 Pool-1-worker-25 | DEBUG | d.t.c.a.a.c.u.util.UserUtilService   : 1 editors generated. Generate 1 instructors...
    23:47:59.675 |  51 Pool-1-worker-25 | DEBUG | d.t.c.a.a.c.u.util.UserUtilService   : 1 instructors generated
    23:47:59.679 |  51 Pool-1-worker-25 | DEBUG | d.t.c.a.a.c.u.util.UserUtilService   : Removing 4 users from all courses...
    23:47:59.681 |  51 Pool-1-worker-25 | DEBUG | d.t.c.a.a.c.u.util.UserUtilService   : Removing 4 users from all courses. Done
    23:47:59.681 |  51 Pool-1-worker-25 | DEBUG | d.t.c.a.a.c.u.util.UserUtilService   : Save 4 users to database...
    23:47:59.684 |  51 Pool-1-worker-25 | DEBUG | d.t.c.a.a.c.u.util.UserUtilService   : Save 4 users to database. Done
    23:47:59.684 |  51 Pool-1-worker-25 | INFO  | i.z.t.d.l.EmbeddedDatabaseReporter   : JDBC URL to connect to 'dataSource': url='jdbc:h2:tcp://localhost:41063/mem:df70fc46-7e57-4cb5-9cd0-c1d90c14afa7;USER=sa', scope='QuizExerciseIntegrationTest#testPerformJoin'
    23:47:59.687 |  51 Pool-1-worker-25 | DEBUG | d.t.c.a.a.c.s.f.ApiVersionFilter     : Adding Version to Request POST /api/quiz-exercises
    23:47:59.688 |  51 Pool-1-worker-25 | INFO  | d.t.c.a.a.q.web.QuizExerciseResource : REST request to create QuizExercise : QuizExercise{id=null, title='new quiz', randomizeQuestionOrder='true', allowedNumberOfAttempts='1', isOpenForPractice='false', releaseDate='2025-02-14T19:47:58.311805464Z', duration='3600', dueDate='2025-02-15T03:47:58.311805464Z'}
    23:47:59.691 |  51 Pool-1-worker-25 | DEBUG | d.t.c.a.a.q.s.QuizExerciseService    : Save quiz exercise to database: QuizExercise{id=null, title='new quiz', randomizeQuestionOrder='true', allowedNumberOfAttempts='1', isOpenForPractice='false', releaseDate='2025-02-14T19:47:58.311805464Z', duration='3600', dueDate='2025-02-15T03:47:58.311805464Z'}
    23:47:59.705 |  51 Pool-1-worker-25 | INFO  | .c.s.m.InstanceMessageReceiveService : Received schedule quiz start for quiz exercise 3647
    23:47:59.706 |  51 Pool-1-worker-25 | DEBUG | t.c.a.a.e.s.ExerciseLifecycleService : Scheduled 1 Tasks for Exercise "new quiz" (#3647) to trigger on DUE.
    23:47:59.724 |  51 Pool-1-worker-25 | DEBUG | d.t.c.a.a.c.s.f.ApiVersionFilter     : Adding Version to Request POST /api/quiz-exercises/3647/start-participation
    23:47:59.725 |  51 Pool-1-worker-25 | DEBUG | .c.a.a.q.w.QuizParticipationResource : REST request to start quiz exercise participation : 3647
    23:47:59.760 |  51 Pool-1-worker-25 | DEBUG | d.t.c.a.a.c.s.f.ApiVersionFilter     : Adding Version to Request POST /api/quiz-exercises/3647/join
    23:47:59.761 |  51 Pool-1-worker-25 | INFO  | d.t.c.a.a.q.web.QuizExerciseResource : REST request to join quiz batch : 3647, QuizBatchJoinDTO[password=null]
    23:47:59.763 |  51 Pool-1-worker-25 | ERROR | tech.jhipster.web.util.HeaderUtil    : Entity processing failed, Batch does not exist

  Starting logs for QuizExerciseIntegrationTest > testPerformJoin(QuizMode, ZonedDateTime, ZonedDateTime, QuizBatch, String, HttpStatus, HttpStatus) [13] quizMode=BATCHED, release=2025-02-14T19:47:58.311805464Z[Etc/UTC], due=2025-02-15T00:17:58.311805464Z[Etc/UTC], batch=null, password=null, resultJoin=400 BAD_REQUEST, resultStart=200 OK
    23:47:59.777 |  51 Pool-1-worker-25 | DEBUG | d.t.c.a.a.c.u.util.UserUtilService   : Generate 1 students...
    23:47:59.780 |  51 Pool-1-worker-25 | DEBUG | d.t.c.a.a.c.u.util.UserUtilService   : 1 students generated. Generate 1 tutors...
    23:47:59.783 |  51 Pool-1-worker-25 | DEBUG | d.t.c.a.a.c.u.util.UserUtilService   : 1 tutors generated. Generate 1 editors...
    23:47:59.785 |  51 Pool-1-worker-25 | DEBUG | d.t.c.a.a.c.u.util.UserUtilService   : 1 editors generated. Generate 1 instructors...
    23:47:59.788 |  51 Pool-1-worker-25 | DEBUG | d.t.c.a.a.c.u.util.UserUtilService   : 1 instructors generated
    23:47:59.790 |  51 Pool-1-worker-25 | DEBUG | d.t.c.a.a.c.u.util.UserUtilService   : Removing 4 users from all courses...
    23:47:59.791 |  51 Pool-1-worker-25 | DEBUG | d.t.c.a.a.c.u.util.UserUtilService   : Removing 4 users from all courses. Done
    23:47:59.791 |  51 Pool-1-worker-25 | DEBUG | d.t.c.a.a.c.u.util.UserUtilService   : Save 4 users to database...
    23:47:59.795 |  51 Pool-1-worker-25 | DEBUG | d.t.c.a.a.c.u.util.UserUtilService   : Save 4 users to database. Done
    23:47:59.795 |  51 Pool-1-worker-25 | INFO  | i.z.t.d.l.EmbeddedDatabaseReporter   : JDBC URL to connect to 'dataSource': url='jdbc:h2:tcp://localhost:41063/mem:df70fc46-7e57-4cb5-9cd0-c1d90c14afa7;USER=sa', scope='QuizExerciseIntegrationTest#testPerformJoin'
    23:47:59.800 |  51 Pool-1-worker-25 | DEBUG | d.t.c.a.a.c.s.f.ApiVersionFilter     : Adding Version to Request POST /api/quiz-exercises
    23:47:59.802 |  51 Pool-1-worker-25 | INFO  | d.t.c.a.a.q.web.QuizExerciseResource : REST request to create QuizExercise : QuizExercise{id=null, title='new quiz', randomizeQuestionOrder='true', allowedNumberOfAttempts='1', isOpenForPractice='false', releaseDate='2025-02-14T19:47:58.311805464Z', duration='3600', dueDate='2025-02-15T00:17:58.311805464Z'}
    23:47:59.805 |  51 Pool-1-worker-25 | DEBUG | d.t.c.a.a.q.s.QuizExerciseService    : Save quiz exercise to database: QuizExercise{id=null, title='new quiz', randomizeQuestionOrder='true', allowedNumberOfAttempts='1', isOpenForPractice='false', releaseDate='2025-02-14T19:47:58.311805464Z', duration='3600', dueDate='2025-02-15T00:17:58.311805464Z'}
    23:47:59.819 |  51 Pool-1-worker-25 | INFO  | .c.s.m.InstanceMessageReceiveService : Received schedule quiz start for quiz exercise 3648
    23:47:59.821 |  51 Pool-1-worker-25 | DEBUG | t.c.a.a.e.s.ExerciseLifecycleService : Scheduled 1 Tasks for Exercise "new quiz" (#3648) to trigger on DUE.
    23:47:59.843 |  51 Pool-1-worker-25 | DEBUG | d.t.c.a.a.c.s.f.ApiVersionFilter     : Adding Version to Request POST /api/quiz-exercises/3648/start-participation
    23:47:59.844 |  51 Pool-1-worker-25 | DEBUG | .c.a.a.q.w.QuizParticipationResource : REST request to start quiz exercise participation : 3648
    23:47:59.876 |  51 Pool-1-worker-25 | DEBUG | d.t.c.a.a.c.s.f.ApiVersionFilter     : Adding Version to Request POST /api/quiz-exercises/3648/join
    23:47:59.876 |  51 Pool-1-worker-25 | INFO  | d.t.c.a.a.q.web.QuizExerciseResource : REST request to join quiz batch : 3648, QuizBatchJoinDTO[password=null]
    23:47:59.879 |  51 Pool-1-worker-25 | ERROR | tech.jhipster.web.util.HeaderUtil    : Entity processing failed, Batch does not exist

  Starting logs for QuizExerciseIntegrationTest > testPerformJoin(QuizMode, ZonedDateTime, ZonedDateTime, QuizBatch, String, HttpStatus, HttpStatus) [14] quizMode=BATCHED, release=2025-02-14T19:47:58.311805464Z[Etc/UTC], due=2025-02-14T23:17:58.311805464Z[Etc/UTC], batch=null, password=null, resultJoin=403 FORBIDDEN, resultStart=200 OK
    23:47:59.894 |  51 Pool-1-worker-25 | DEBUG | d.t.c.a.a.c.u.util.UserUtilService   : Generate 1 students...
    23:47:59.898 |  51 Pool-1-worker-25 | DEBUG | d.t.c.a.a.c.u.util.UserUtilService   : 1 students generated. Generate 1 tutors...
    23:47:59.903 |  51 Pool-1-worker-25 | DEBUG | d.t.c.a.a.c.u.util.UserUtilService   : 1 tutors generated. Generate 1 editors...
    23:47:59.906 |  51 Pool-1-worker-25 | DEBUG | d.t.c.a.a.c.u.util.UserUtilService   : 1 editors generated. Generate 1 instructors...
    23:47:59.909 |  51 Pool-1-worker-25 | DEBUG | d.t.c.a.a.c.u.util.UserUtilService   : 1 instructors generated
    23:47:59.911 |  51 Pool-1-worker-25 | DEBUG | d.t.c.a.a.c.u.util.UserUtilService   : Removing 4 users from all courses...
    23:47:59.912 |  51 Pool-1-worker-25 | DEBUG | d.t.c.a.a.c.u.util.UserUtilService   : Removing 4 users from all courses. Done
    23:47:59.912 |  51 Pool-1-worker-25 | DEBUG | d.t.c.a.a.c.u.util.UserUtilService   : Save 4 users to database...
    23:47:59.916 |  51 Pool-1-worker-25 | DEBUG | d.t.c.a.a.c.u.util.UserUtilService   : Save 4 users to database. Done
    23:47:59.916 |  51 Pool-1-worker-25 | INFO  | i.z.t.d.l.EmbeddedDatabaseReporter   : JDBC URL to connect to 'dataSource': url='jdbc:h2:tcp://localhost:41063/mem:df70fc46-7e57-4cb5-9cd0-c1d90c14afa7;USER=sa', scope='QuizExerciseIntegrationTest#testPerformJoin'
    23:47:59.918 |  51 Pool-1-worker-25 | DEBUG | d.t.c.a.a.c.s.f.ApiVersionFilter     : Adding Version to Request POST /api/quiz-exercises
    23:47:59.919 |  51 Pool-1-worker-25 | INFO  | d.t.c.a.a.q.web.QuizExerciseResource : REST request to create QuizExercise : QuizExercise{id=null, title='new quiz', randomizeQuestionOrder='true', allowedNumberOfAttempts='1', isOpenForPractice='false', releaseDate='2025-02-14T19:47:58.311805464Z', duration='3600', dueDate='2025-02-14T23:17:58.311805464Z'}
    23:47:59.922 |  51 Pool-1-worker-25 | DEBUG | d.t.c.a.a.q.s.QuizExerciseService    : Save quiz exercise to database: QuizExercise{id=null, title='new quiz', randomizeQuestionOrder='true', allowedNumberOfAttempts='1', isOpenForPractice='false', releaseDate='2025-02-14T19:47:58.311805464Z', duration='3600', dueDate='2025-02-14T23:17:58.311805464Z'}
    23:47:59.936 |  51 Pool-1-worker-25 | INFO  | .c.s.m.InstanceMessageReceiveService : Received schedule quiz start for quiz exercise 3649
    23:47:59.963 |  51 Pool-1-worker-25 | DEBUG | d.t.c.a.a.c.s.f.ApiVersionFilter     : Adding Version to Request POST /api/quiz-exercises/3649/start-participation
    23:47:59.964 |  51 Pool-1-worker-25 | DEBUG | .c.a.a.q.w.QuizParticipationResource : REST request to start quiz exercise participation : 3649
    23:47:59.997 |  51 Pool-1-worker-25 | DEBUG | d.t.c.a.a.c.s.f.ApiVersionFilter     : Adding Version to Request POST /api/quiz-exercises/3649/join
    23:47:59.998 |  51 Pool-1-worker-25 | INFO  | d.t.c.a.a.q.web.QuizExerciseResource : REST request to join quiz batch : 3649, QuizBatchJoinDTO[password=null]
    23:48:00.001 | 666 taskScheduler-4  | DEBUG | .a.s.ParticipantScoreScheduleService : Schedule tasks to process...
    23:48:00.001 | 666 taskScheduler-4  | DEBUG | .a.s.ParticipantScoreScheduleService : Processing of 0 results and 0 participant scores.
    23:48:00.001 |  51 Pool-1-worker-25 | WARN  | o.z.p.spring.common.AdviceTraits     : Forbidden: You are not allowed to access this resource

  Starting logs for QuizExerciseIntegrationTest > testPerformJoin(QuizMode, ZonedDateTime, ZonedDateTime, QuizBatch, String, HttpStatus, HttpStatus) [15] quizMode=BATCHED, release=2025-02-14T19:47:58.311805464Z[Etc/UTC], due=null, batch=QuizBatch{id=null, startTime=2025-02-14T19:47:58.311805464Z[Etc/UTC]}, password=null, resultJoin=400 BAD_REQUEST, resultStart=200 OK
    23:48:00.018 |  51 Pool-1-worker-25 | DEBUG | d.t.c.a.a.c.u.util.UserUtilService   : Generate 1 students...
    23:48:00.021 |  51 Pool-1-worker-25 | DEBUG | d.t.c.a.a.c.u.util.UserUtilService   : 1 students generated. Generate 1 tutors...
    23:48:00.024 |  51 Pool-1-worker-25 | DEBUG | d.t.c.a.a.c.u.util.UserUtilService   : 1 tutors generated. Generate 1 editors...
    23:48:00.026 |  51 Pool-1-worker-25 | DEBUG | d.t.c.a.a.c.u.util.UserUtilService   : 1 editors generated. Generate 1 instructors...
    23:48:00.029 |  51 Pool-1-worker-25 | DEBUG | d.t.c.a.a.c.u.util.UserUtilService   : 1 instructors generated
    23:48:00.031 |  51 Pool-1-worker-25 | DEBUG | d.t.c.a.a.c.u.util.UserUtilService   : Removing 4 users from all courses...
    23:48:00.032 |  51 Pool-1-worker-25 | DEBUG | d.t.c.a.a.c.u.util.UserUtilService   : Removing 4 users from all courses. Done
    23:48:00.032 |  51 Pool-1-worker-25 | DEBUG | d.t.c.a.a.c.u.util.UserUtilService   : Save 4 users to database...
    23:48:00.036 |  51 Pool-1-worker-25 | DEBUG | d.t.c.a.a.c.u.util.UserUtilService   : Save 4 users to database. Done
    23:48:00.036 |  51 Pool-1-worker-25 | INFO  | i.z.t.d.l.EmbeddedDatabaseReporter   : JDBC URL to connect to 'dataSource': url='jdbc:h2:tcp://localhost:41063/mem:df70fc46-7e57-4cb5-9cd0-c1d90c14afa7;USER=sa', scope='QuizExerciseIntegrationTest#testPerformJoin'
    23:48:00.039 |  51 Pool-1-worker-25 | DEBUG | d.t.c.a.a.c.s.f.ApiVersionFilter     : Adding Version to Request POST /api/quiz-exercises
    23:48:00.040 |  51 Pool-1-worker-25 | INFO  | d.t.c.a.a.q.web.QuizExerciseResource : REST request to create QuizExercise : QuizExercise{id=null, title='new quiz', randomizeQuestionOrder='true', allowedNumberOfAttempts='1', isOpenForPractice='false', releaseDate='2025-02-14T19:47:58.311805464Z', duration='3600', dueDate='null'}
    23:48:00.043 |  51 Pool-1-worker-25 | DEBUG | d.t.c.a.a.q.s.QuizExerciseService    : Save quiz exercise to database: QuizExercise{id=null, title='new quiz', randomizeQuestionOrder='true', allowedNumberOfAttempts='1', isOpenForPractice='false', releaseDate='2025-02-14T19:47:58.311805464Z', duration='3600', dueDate='null'}
    23:48:00.056 |  51 Pool-1-worker-25 | INFO  | .c.s.m.InstanceMessageReceiveService : Received schedule quiz start for quiz exercise 3650
    23:48:00.083 |  51 Pool-1-worker-25 | DEBUG | d.t.c.a.a.c.s.f.ApiVersionFilter     : Adding Version to Request POST /api/quiz-exercises/3650/start-participation
    23:48:00.085 |  51 Pool-1-worker-25 | DEBUG | .c.a.a.q.w.QuizParticipationResource : REST request to start quiz exercise participation : 3650
    23:48:00.191 |  51 Pool-1-worker-25 | DEBUG | d.t.c.a.a.c.s.f.ApiVersionFilter     : Adding Version to Request POST /api/quiz-exercises/3650/join
    23:48:00.193 |  51 Pool-1-worker-25 | INFO  | d.t.c.a.a.q.web.QuizExerciseResource : REST request to join quiz batch : 3650, QuizBatchJoinDTO[password=null]
    23:48:00.197 |  51 Pool-1-worker-25 | ERROR | tech.jhipster.web.util.HeaderUtil    : Entity processing failed, Batch does not exist

  Starting logs for QuizExerciseIntegrationTest > testPerformJoin(QuizMode, ZonedDateTime, ZonedDateTime, QuizBatch, String, HttpStatus, HttpStatus) [16] quizMode=BATCHED, release=2025-02-14T19:47:58.311805464Z[Etc/UTC], due=null, batch=QuizBatch{id=null, startTime=2025-02-14T23:17:58.311805464Z[Etc/UTC]}, password=null, resultJoin=400 BAD_REQUEST, resultStart=200 OK
    23:48:00.228 |  51 Pool-1-worker-25 | DEBUG | d.t.c.a.a.c.u.util.UserUtilService   : Generate 1 students...
    23:48:00.231 |  51 Pool-1-worker-25 | DEBUG | d.t.c.a.a.c.u.util.UserUtilService   : 1 students generated. Generate 1 tutors...
    23:48:00.233 |  51 Pool-1-worker-25 | DEBUG | d.t.c.a.a.c.u.util.UserUtilService   : 1 tutors generated. Generate 1 editors...
    23:48:00.236 |  51 Pool-1-worker-25 | DEBUG | d.t.c.a.a.c.u.util.UserUtilService   : 1 editors generated. Generate 1 instructors...
    23:48:00.238 |  51 Pool-1-worker-25 | DEBUG | d.t.c.a.a.c.u.util.UserUtilService   : 1 instructors generated
    23:48:00.240 |  51 Pool-1-worker-25 | DEBUG | d.t.c.a.a.c.u.util.UserUtilService   : Removing 4 users from all courses...
    23:48:00.241 |  51 Pool-1-worker-25 | DEBUG | d.t.c.a.a.c.u.util.UserUtilService   : Removing 4 users from all courses. Done
    23:48:00.241 |  51 Pool-1-worker-25 | DEBUG | d.t.c.a.a.c.u.util.UserUtilService   : Save 4 users to database...
    23:48:00.245 |  51 Pool-1-worker-25 | DEBUG | d.t.c.a.a.c.u.util.UserUtilService   : Save 4 users to database. Done
    23:48:00.245 |  51 Pool-1-worker-25 | INFO  | i.z.t.d.l.EmbeddedDatabaseReporter   : JDBC URL to connect to 'dataSource': url='jdbc:h2:tcp://localhost:41063/mem:df70fc46-7e57-4cb5-9cd0-c1d90c14afa7;USER=sa', scope='QuizExerciseIntegrationTest#testPerformJoin'
    23:48:00.249 |  51 Pool-1-worker-25 | DEBUG | d.t.c.a.a.c.s.f.ApiVersionFilter     : Adding Version to Request POST /api/quiz-exercises
    23:48:00.251 |  51 Pool-1-worker-25 | INFO  | d.t.c.a.a.q.web.QuizExerciseResource : REST request to create QuizExercise : QuizExercise{id=null, title='new quiz', randomizeQuestionOrder='true', allowedNumberOfAttempts='1', isOpenForPractice='false', releaseDate='2025-02-14T19:47:58.311805464Z', duration='3600', dueDate='null'}
    23:48:00.254 |  51 Pool-1-worker-25 | DEBUG | d.t.c.a.a.q.s.QuizExerciseService    : Save quiz exercise to database: QuizExercise{id=null, title='new quiz', randomizeQuestionOrder='true', allowedNumberOfAttempts='1', isOpenForPractice='false', releaseDate='2025-02-14T19:47:58.311805464Z', duration='3600', dueDate='null'}
    23:48:00.276 |  51 Pool-1-worker-25 | INFO  | .c.s.m.InstanceMessageReceiveService : Received schedule quiz start for quiz exercise 3651
    23:48:00.309 |  51 Pool-1-worker-25 | DEBUG | d.t.c.a.a.c.s.f.ApiVersionFilter     : Adding Version to Request POST /api/quiz-exercises/3651/start-participation
    23:48:00.312 |  51 Pool-1-worker-25 | DEBUG | .c.a.a.q.w.QuizParticipationResource : REST request to start quiz exercise participation : 3651
    23:48:00.349 |  51 Pool-1-worker-25 | DEBUG | d.t.c.a.a.c.s.f.ApiVersionFilter     : Adding Version to Request POST /api/quiz-exercises/3651/join
    23:48:00.349 |  51 Pool-1-worker-25 | INFO  | d.t.c.a.a.q.web.QuizExerciseResource : REST request to join quiz batch : 3651, QuizBatchJoinDTO[password=null]
    23:48:00.352 |  51 Pool-1-worker-25 | ERROR | tech.jhipster.web.util.HeaderUtil    : Entity processing failed, Batch does not exist

  Starting logs for QuizExerciseIntegrationTest > testPerformJoin(QuizMode, ZonedDateTime, ZonedDateTime, QuizBatch, String, HttpStatus, HttpStatus) [17] quizMode=BATCHED, release=2025-02-14T19:47:58.311805464Z[Etc/UTC], due=null, batch=QuizBatch{id=null, startTime=2025-02-15T00:17:58.311805464Z[Etc/UTC]}, password=null, resultJoin=400 BAD_REQUEST, resultStart=200 OK
    23:48:00.369 |  51 Pool-1-worker-25 | DEBUG | d.t.c.a.a.c.u.util.UserUtilService   : Generate 1 students...
    23:48:00.373 |  51 Pool-1-worker-25 | DEBUG | d.t.c.a.a.c.u.util.UserUtilService   : 1 students generated. Generate 1 tutors...
    23:48:00.376 |  51 Pool-1-worker-25 | DEBUG | d.t.c.a.a.c.u.util.UserUtilService   : 1 tutors generated. Generate 1 editors...
    23:48:00.382 |  51 Pool-1-worker-25 | DEBUG | d.t.c.a.a.c.u.util.UserUtilService   : 1 editors generated. Generate 1 instructors...
    23:48:00.385 |  51 Pool-1-worker-25 | DEBUG | d.t.c.a.a.c.u.util.UserUtilService   : 1 instructors generated
    23:48:00.388 |  51 Pool-1-worker-25 | DEBUG | d.t.c.a.a.c.u.util.UserUtilService   : Removing 4 users from all courses...
    23:48:00.389 |  51 Pool-1-worker-25 | DEBUG | d.t.c.a.a.c.u.util.UserUtilService   : Removing 4 users from all courses. Done
    23:48:00.389 |  51 Pool-1-worker-25 | DEBUG | d.t.c.a.a.c.u.util.UserUtilService   : Save 4 users to database...
    23:48:00.394 |  51 Pool-1-worker-25 | DEBUG | d.t.c.a.a.c.u.util.UserUtilService   : Save 4 users to database. Done
    23:48:00.394 |  51 Pool-1-worker-25 | INFO  | i.z.t.d.l.EmbeddedDatabaseReporter   : JDBC URL to connect to 'dataSource': url='jdbc:h2:tcp://localhost:41063/mem:df70fc46-7e57-4cb5-9cd0-c1d90c14afa7;USER=sa', scope='QuizExerciseIntegrationTest#testPerformJoin'
    23:48:00.397 |  51 Pool-1-worker-25 | DEBUG | d.t.c.a.a.c.s.f.ApiVersionFilter     : Adding Version to Request POST /api/quiz-exercises
    23:48:00.398 |  51 Pool-1-worker-25 | INFO  | d.t.c.a.a.q.web.QuizExerciseResource : REST request to create QuizExercise : QuizExercise{id=null, title='new quiz', randomizeQuestionOrder='true', allowedNumberOfAttempts='1', isOpenForPractice='false', releaseDate='2025-02-14T19:47:58.311805464Z', duration='3600', dueDate='null'}
    23:48:00.401 |  51 Pool-1-worker-25 | DEBUG | d.t.c.a.a.q.s.QuizExerciseService    : Save quiz exercise to database: QuizExercise{id=null, title='new quiz', randomizeQuestionOrder='true', allowedNumberOfAttempts='1', isOpenForPractice='false', releaseDate='2025-02-14T19:47:58.311805464Z', duration='3600', dueDate='null'}
    23:48:00.417 |  51 Pool-1-worker-25 | INFO  | .c.s.m.InstanceMessageReceiveService : Received schedule quiz start for quiz exercise 3652
    23:48:00.448 |  51 Pool-1-worker-25 | DEBUG | d.t.c.a.a.c.s.f.ApiVersionFilter     : Adding Version to Request POST /api/quiz-exercises/3652/start-participation
    23:48:00.450 |  51 Pool-1-worker-25 | DEBUG | .c.a.a.q.w.QuizParticipationResource : REST request to start quiz exercise participation : 3652
    23:48:00.491 |  51 Pool-1-worker-25 | DEBUG | d.t.c.a.a.c.s.f.ApiVersionFilter     : Adding Version to Request POST /api/quiz-exercises/3652/join
    23:48:00.491 |  51 Pool-1-worker-25 | INFO  | d.t.c.a.a.q.web.QuizExerciseResource : REST request to join quiz batch : 3652, QuizBatchJoinDTO[password=null]
    23:48:00.494 |  51 Pool-1-worker-25 | ERROR | tech.jhipster.web.util.HeaderUtil    : Entity processing failed, Batch does not exist

  Starting logs for QuizExerciseIntegrationTest > testPerformJoin(QuizMode, ZonedDateTime, ZonedDateTime, QuizBatch, String, HttpStatus, HttpStatus) [18] quizMode=BATCHED, release=2025-02-14T19:47:58.311805464Z[Etc/UTC], due=null, batch=QuizBatch{id=216, startTime=2025-02-14T19:47:58.311805464Z[Etc/UTC]}, password=87654321, resultJoin=400 BAD_REQUEST, resultStart=200 OK
    23:48:00.511 |  51 Pool-1-worker-25 | DEBUG | d.t.c.a.a.c.u.util.UserUtilService   : Generate 1 students...
    23:48:00.514 |  51 Pool-1-worker-25 | DEBUG | d.t.c.a.a.c.u.util.UserUtilService   : 1 students generated. Generate 1 tutors...
    23:48:00.517 |  51 Pool-1-worker-25 | DEBUG | d.t.c.a.a.c.u.util.UserUtilService   : 1 tutors generated. Generate 1 editors...
    23:48:00.520 |  51 Pool-1-worker-25 | DEBUG | d.t.c.a.a.c.u.util.UserUtilService   : 1 editors generated. Generate 1 instructors...
    23:48:00.523 |  51 Pool-1-worker-25 | DEBUG | d.t.c.a.a.c.u.util.UserUtilService   : 1 instructors generated
    23:48:00.526 |  51 Pool-1-worker-25 | DEBUG | d.t.c.a.a.c.u.util.UserUtilService   : Removing 4 users from all courses...
    23:48:00.527 |  51 Pool-1-worker-25 | DEBUG | d.t.c.a.a.c.u.util.UserUtilService   : Removing 4 users from all courses. Done
    23:48:00.527 |  51 Pool-1-worker-25 | DEBUG | d.t.c.a.a.c.u.util.UserUtilService   : Save 4 users to database...
    23:48:00.531 |  51 Pool-1-worker-25 | DEBUG | d.t.c.a.a.c.u.util.UserUtilService   : Save 4 users to database. Done
    23:48:00.531 |  51 Pool-1-worker-25 | INFO  | i.z.t.d.l.EmbeddedDatabaseReporter   : JDBC URL to connect to 'dataSource': url='jdbc:h2:tcp://localhost:41063/mem:df70fc46-7e57-4cb5-9cd0-c1d90c14afa7;USER=sa', scope='QuizExerciseIntegrationTest#testPerformJoin'
    23:48:00.534 |  51 Pool-1-worker-25 | DEBUG | d.t.c.a.a.c.s.f.ApiVersionFilter     : Adding Version to Request POST /api/quiz-exercises
    23:48:00.535 |  51 Pool-1-worker-25 | INFO  | d.t.c.a.a.q.web.QuizExerciseResource : REST request to create QuizExercise : QuizExercise{id=null, title='new quiz', randomizeQuestionOrder='true', allowedNumberOfAttempts='1', isOpenForPractice='false', releaseDate='2025-02-14T19:47:58.311805464Z', duration='3600', dueDate='null'}
    23:48:00.538 |  51 Pool-1-worker-25 | DEBUG | d.t.c.a.a.q.s.QuizExerciseService    : Save quiz exercise to database: QuizExercise{id=null, title='new quiz', randomizeQuestionOrder='true', allowedNumberOfAttempts='1', isOpenForPractice='false', releaseDate='2025-02-14T19:47:58.311805464Z', duration='3600', dueDate='null'}
    23:48:00.556 |  51 Pool-1-worker-25 | INFO  | .c.s.m.InstanceMessageReceiveService : Received schedule quiz start for quiz exercise 3653
    23:48:00.606 |  51 Pool-1-worker-25 | DEBUG | d.t.c.a.a.c.s.f.ApiVersionFilter     : Adding Version to Request POST /api/quiz-exercises/3653/start-participation
    23:48:00.608 |  51 Pool-1-worker-25 | DEBUG | .c.a.a.q.w.QuizParticipationResource : REST request to start quiz exercise participation : 3653
    23:48:00.669 |  51 Pool-1-worker-25 | DEBUG | d.t.c.a.a.c.s.f.ApiVersionFilter     : Adding Version to Request POST /api/quiz-exercises/3653/join
    23:48:00.670 |  51 Pool-1-worker-25 | INFO  | d.t.c.a.a.q.web.QuizExerciseResource : REST request to join quiz batch : 3653, QuizBatchJoinDTO[password=87654321]
    23:48:00.673 |  51 Pool-1-worker-25 | ERROR | tech.jhipster.web.util.HeaderUtil    : Entity processing failed, Batch does not exist

  Starting logs for QuizExerciseIntegrationTest > testPerformJoin(QuizMode, ZonedDateTime, ZonedDateTime, QuizBatch, String, HttpStatus, HttpStatus) [19] quizMode=BATCHED, release=2025-02-14T19:47:58.311805464Z[Etc/UTC], due=null, batch=QuizBatch{id=217, startTime=2025-02-14T23:17:58.311805464Z[Etc/UTC]}, password=87654321, resultJoin=400 BAD_REQUEST, resultStart=200 OK
    23:48:00.710 |  51 Pool-1-worker-25 | DEBUG | d.t.c.a.a.c.u.util.UserUtilService   : Generate 1 students...
    23:48:00.713 |  51 Pool-1-worker-25 | DEBUG | d.t.c.a.a.c.u.util.UserUtilService   : 1 students generated. Generate 1 tutors...
    23:48:00.718 |  51 Pool-1-worker-25 | DEBUG | d.t.c.a.a.c.u.util.UserUtilService   : 1 tutors generated. Generate 1 editors...
    23:48:00.722 |  51 Pool-1-worker-25 | DEBUG | d.t.c.a.a.c.u.util.UserUtilService   : 1 editors generated. Generate 1 instructors...
    23:48:00.726 |  51 Pool-1-worker-25 | DEBUG | d.t.c.a.a.c.u.util.UserUtilService   : 1 instructors generated
    23:48:00.729 |  51 Pool-1-worker-25 | DEBUG | d.t.c.a.a.c.u.util.UserUtilService   : Removing 4 users from all courses...
    23:48:00.729 |  51 Pool-1-worker-25 | DEBUG | d.t.c.a.a.c.u.util.UserUtilService   : Removing 4 users from all courses. Done
    23:48:00.729 |  51 Pool-1-worker-25 | DEBUG | d.t.c.a.a.c.u.util.UserUtilService   : Save 4 users to database...
    23:48:00.733 |  51 Pool-1-worker-25 | DEBUG | d.t.c.a.a.c.u.util.UserUtilService   : Save 4 users to database. Done
    23:48:00.733 |  51 Pool-1-worker-25 | INFO  | i.z.t.d.l.EmbeddedDatabaseReporter   : JDBC URL to connect to 'dataSource': url='jdbc:h2:tcp://localhost:41063/mem:df70fc46-7e57-4cb5-9cd0-c1d90c14afa7;USER=sa', scope='QuizExerciseIntegrationTest#testPerformJoin'
    23:48:00.736 |  51 Pool-1-worker-25 | DEBUG | d.t.c.a.a.c.s.f.ApiVersionFilter     : Adding Version to Request POST /api/quiz-exercises
    23:48:00.737 |  51 Pool-1-worker-25 | INFO  | d.t.c.a.a.q.web.QuizExerciseResource : REST request to create QuizExercise : QuizExercise{id=null, title='new quiz', randomizeQuestionOrder='true', allowedNumberOfAttempts='1', isOpenForPractice='false', releaseDate='2025-02-14T19:47:58.311805464Z', duration='3600', dueDate='null'}
    23:48:00.740 |  51 Pool-1-worker-25 | DEBUG | d.t.c.a.a.q.s.QuizExerciseService    : Save quiz exercise to database: QuizExercise{id=null, title='new quiz', randomizeQuestionOrder='true', allowedNumberOfAttempts='1', isOpenForPractice='false', releaseDate='2025-02-14T19:47:58.311805464Z', duration='3600', dueDate='null'}
    23:48:00.760 |  51 Pool-1-worker-25 | INFO  | .c.s.m.InstanceMessageReceiveService : Received schedule quiz start for quiz exercise 3654
    23:48:00.818 |  51 Pool-1-worker-25 | DEBUG | d.t.c.a.a.c.s.f.ApiVersionFilter     : Adding Version to Request POST /api/quiz-exercises/3654/start-participation
    23:48:00.820 |  51 Pool-1-worker-25 | DEBUG | .c.a.a.q.w.QuizParticipationResource : REST request to start quiz exercise participation : 3654
    23:48:00.856 |  51 Pool-1-worker-25 | DEBUG | d.t.c.a.a.c.s.f.ApiVersionFilter     : Adding Version to Request POST /api/quiz-exercises/3654/join
    23:48:00.857 |  51 Pool-1-worker-25 | INFO  | d.t.c.a.a.q.web.QuizExerciseResource : REST request to join quiz batch : 3654, QuizBatchJoinDTO[password=87654321]
    23:48:00.859 |  51 Pool-1-worker-25 | ERROR | tech.jhipster.web.util.HeaderUtil    : Entity processing failed, Batch does not exist

  Starting logs for QuizExerciseIntegrationTest > testPerformJoin(QuizMode, ZonedDateTime, ZonedDateTime, QuizBatch, String, HttpStatus, HttpStatus) [20] quizMode=BATCHED, release=2025-02-14T19:47:58.311805464Z[Etc/UTC], due=null, batch=QuizBatch{id=218, startTime=2025-02-15T00:17:58.311805464Z[Etc/UTC]}, password=87654321, resultJoin=400 BAD_REQUEST, resultStart=200 OK
    23:48:00.886 |  51 Pool-1-worker-25 | DEBUG | d.t.c.a.a.c.u.util.UserUtilService   : Generate 1 students...
    23:48:00.892 |  51 Pool-1-worker-25 | DEBUG | d.t.c.a.a.c.u.util.UserUtilService   : 1 students generated. Generate 1 tutors...
    23:48:00.897 |  51 Pool-1-worker-25 | DEBUG | d.t.c.a.a.c.u.util.UserUtilService   : 1 tutors generated. Generate 1 editors...
    23:48:00.904 |  51 Pool-1-worker-25 | DEBUG | d.t.c.a.a.c.u.util.UserUtilService   : 1 editors generated. Generate 1 instructors...
    23:48:00.910 |  51 Pool-1-worker-25 | DEBUG | d.t.c.a.a.c.u.util.UserUtilService   : 1 instructors generated
    23:48:00.913 |  51 Pool-1-worker-25 | DEBUG | d.t.c.a.a.c.u.util.UserUtilService   : Removing 4 users from all courses...
    23:48:00.914 |  51 Pool-1-worker-25 | DEBUG | d.t.c.a.a.c.u.util.UserUtilService   : Removing 4 users from all courses. Done
    23:48:00.914 |  51 Pool-1-worker-25 | DEBUG | d.t.c.a.a.c.u.util.UserUtilService   : Save 4 users to database...
    23:48:00.922 |  51 Pool-1-worker-25 | DEBUG | d.t.c.a.a.c.u.util.UserUtilService   : Save 4 users to database. Done
    23:48:00.923 |  51 Pool-1-worker-25 | INFO  | i.z.t.d.l.EmbeddedDatabaseReporter   : JDBC URL to connect to 'dataSource': url='jdbc:h2:tcp://localhost:41063/mem:df70fc46-7e57-4cb5-9cd0-c1d90c14afa7;USER=sa', scope='QuizExerciseIntegrationTest#testPerformJoin'
    23:48:00.928 |  51 Pool-1-worker-25 | DEBUG | d.t.c.a.a.c.s.f.ApiVersionFilter     : Adding Version to Request POST /api/quiz-exercises
    23:48:00.931 |  51 Pool-1-worker-25 | INFO  | d.t.c.a.a.q.web.QuizExerciseResource : REST request to create QuizExercise : QuizExercise{id=null, title='new quiz', randomizeQuestionOrder='true', allowedNumberOfAttempts='1', isOpenForPractice='false', releaseDate='2025-02-14T19:47:58.311805464Z', duration='3600', dueDate='null'}
    23:48:00.935 |  51 Pool-1-worker-25 | DEBUG | d.t.c.a.a.q.s.QuizExerciseService    : Save quiz exercise to database: QuizExercise{id=null, title='new quiz', randomizeQuestionOrder='true', allowedNumberOfAttempts='1', isOpenForPractice='false', releaseDate='2025-02-14T19:47:58.311805464Z', duration='3600', dueDate='null'}
    23:48:00.950 |  51 Pool-1-worker-25 | INFO  | .c.s.m.InstanceMessageReceiveService : Received schedule quiz start for quiz exercise 3655
    23:48:00.987 |  51 Pool-1-worker-25 | DEBUG | d.t.c.a.a.c.s.f.ApiVersionFilter     : Adding Version to Request POST /api/quiz-exercises/3655/start-participation
    23:48:00.989 |  51 Pool-1-worker-25 | DEBUG | .c.a.a.q.w.QuizParticipationResource : REST request to start quiz exercise participation : 3655
    23:48:01.025 |  51 Pool-1-worker-25 | DEBUG | d.t.c.a.a.c.s.f.ApiVersionFilter     : Adding Version to Request POST /api/quiz-exercises/3655/join
    23:48:01.025 |  51 Pool-1-worker-25 | INFO  | d.t.c.a.a.q.web.QuizExerciseResource : REST request to join quiz batch : 3655, QuizBatchJoinDTO[password=87654321]
    23:48:01.028 |  51 Pool-1-worker-25 | ERROR | tech.jhipster.web.util.HeaderUtil    : Entity processing failed, Batch does not exist

  Starting logs for QuizExerciseIntegrationTest > testPerformJoin(QuizMode, ZonedDateTime, ZonedDateTime, QuizBatch, String, HttpStatus, HttpStatus) [21] quizMode=BATCHED, release=2025-02-14T19:47:58.311805464Z[Etc/UTC], due=null, batch=QuizBatch{id=216, startTime=2025-02-14T19:47:58.311805464Z[Etc/UTC]}, password=12345678, resultJoin=400 BAD_REQUEST, resultStart=200 OK
    23:48:01.044 |  51 Pool-1-worker-25 | DEBUG | d.t.c.a.a.c.u.util.UserUtilService   : Generate 1 students...
    23:48:01.048 |  51 Pool-1-worker-25 | DEBUG | d.t.c.a.a.c.u.util.UserUtilService   : 1 students generated. Generate 1 tutors...
    23:48:01.050 |  51 Pool-1-worker-25 | DEBUG | d.t.c.a.a.c.u.util.UserUtilService   : 1 tutors generated. Generate 1 editors...
    23:48:01.053 |  51 Pool-1-worker-25 | DEBUG | d.t.c.a.a.c.u.util.UserUtilService   : 1 editors generated. Generate 1 instructors...
    23:48:01.056 |  51 Pool-1-worker-25 | DEBUG | d.t.c.a.a.c.u.util.UserUtilService   : 1 instructors generated
    23:48:01.059 |  51 Pool-1-worker-25 | DEBUG | d.t.c.a.a.c.u.util.UserUtilService   : Removing 4 users from all courses...
    23:48:01.060 |  51 Pool-1-worker-25 | DEBUG | d.t.c.a.a.c.u.util.UserUtilService   : Removing 4 users from all courses. Done
    23:48:01.060 |  51 Pool-1-worker-25 | DEBUG | d.t.c.a.a.c.u.util.UserUtilService   : Save 4 users to database...
    23:48:01.063 |  51 Pool-1-worker-25 | DEBUG | d.t.c.a.a.c.u.util.UserUtilService   : Save 4 users to database. Done
    23:48:01.064 |  51 Pool-1-worker-25 | INFO  | i.z.t.d.l.EmbeddedDatabaseReporter   : JDBC URL to connect to 'dataSource': url='jdbc:h2:tcp://localhost:41063/mem:df70fc46-7e57-4cb5-9cd0-c1d90c14afa7;USER=sa', scope='QuizExerciseIntegrationTest#testPerformJoin'
    23:48:01.066 |  51 Pool-1-worker-25 | DEBUG | d.t.c.a.a.c.s.f.ApiVersionFilter     : Adding Version to Request POST /api/quiz-exercises
    23:48:01.067 |  51 Pool-1-worker-25 | INFO  | d.t.c.a.a.q.web.QuizExerciseResource : REST request to create QuizExercise : QuizExercise{id=null, title='new quiz', randomizeQuestionOrder='true', allowedNumberOfAttempts='1', isOpenForPractice='false', releaseDate='2025-02-14T19:47:58.311805464Z', duration='3600', dueDate='null'}
    23:48:01.070 |  51 Pool-1-worker-25 | DEBUG | d.t.c.a.a.q.s.QuizExerciseService    : Save quiz exercise to database: QuizExercise{id=null, title='new quiz', randomizeQuestionOrder='true', allowedNumberOfAttempts='1', isOpenForPractice='false', releaseDate='2025-02-14T19:47:58.311805464Z', duration='3600', dueDate='null'}
    23:48:01.084 |  51 Pool-1-worker-25 | INFO  | .c.s.m.InstanceMessageReceiveService : Received schedule quiz start for quiz exercise 3656
    23:48:01.111 |  51 Pool-1-worker-25 | DEBUG | d.t.c.a.a.c.s.f.ApiVersionFilter     : Adding Version to Request POST /api/quiz-exercises/3656/start-participation
    23:48:01.113 |  51 Pool-1-worker-25 | DEBUG | .c.a.a.q.w.QuizParticipationResource : REST request to start quiz exercise participation : 3656
    23:48:01.146 |  51 Pool-1-worker-25 | DEBUG | d.t.c.a.a.c.s.f.ApiVersionFilter     : Adding Version to Request POST /api/quiz-exercises/3656/join
    23:48:01.147 |  51 Pool-1-worker-25 | INFO  | d.t.c.a.a.q.web.QuizExerciseResource : REST request to join quiz batch : 3656, QuizBatchJoinDTO[password=12345678]
    23:48:01.151 |  51 Pool-1-worker-25 | ERROR | tech.jhipster.web.util.HeaderUtil    : Entity processing failed, Batch has expired

  Starting logs for QuizExerciseIntegrationTest > testPerformJoin(QuizMode, ZonedDateTime, ZonedDateTime, QuizBatch, String, HttpStatus, HttpStatus) [22] quizMode=BATCHED, release=2025-02-14T19:47:58.311805464Z[Etc/UTC], due=null, batch=QuizBatch{id=217, startTime=2025-02-14T23:17:58.311805464Z[Etc/UTC]}, password=12345678, resultJoin=200 OK, resultStart=200 OK
    23:48:01.167 |  51 Pool-1-worker-25 | DEBUG | d.t.c.a.a.c.u.util.UserUtilService   : Generate 1 students...
    23:48:01.178 |  51 Pool-1-worker-25 | DEBUG | d.t.c.a.a.c.u.util.UserUtilService   : 1 students generated. Generate 1 tutors...
    23:48:01.182 |  51 Pool-1-worker-25 | DEBUG | d.t.c.a.a.c.u.util.UserUtilService   : 1 tutors generated. Generate 1 editors...
    23:48:01.189 |  51 Pool-1-worker-25 | DEBUG | d.t.c.a.a.c.u.util.UserUtilService   : 1 editors generated. Generate 1 instructors...
    23:48:01.195 |  51 Pool-1-worker-25 | DEBUG | d.t.c.a.a.c.u.util.UserUtilService   : 1 instructors generated
    23:48:01.200 |  51 Pool-1-worker-25 | DEBUG | d.t.c.a.a.c.u.util.UserUtilService   : Removing 4 users from all courses...
    23:48:01.201 |  51 Pool-1-worker-25 | DEBUG | d.t.c.a.a.c.u.util.UserUtilService   : Removing 4 users from all courses. Done
    23:48:01.201 |  51 Pool-1-worker-25 | DEBUG | d.t.c.a.a.c.u.util.UserUtilService   : Save 4 users to database...
    23:48:01.210 |  51 Pool-1-worker-25 | DEBUG | d.t.c.a.a.c.u.util.UserUtilService   : Save 4 users to database. Done
    23:48:01.210 |  51 Pool-1-worker-25 | INFO  | i.z.t.d.l.EmbeddedDatabaseReporter   : JDBC URL to connect to 'dataSource': url='jdbc:h2:tcp://localhost:41063/mem:df70fc46-7e57-4cb5-9cd0-c1d90c14afa7;USER=sa', scope='QuizExerciseIntegrationTest#testPerformJoin'
    23:48:01.216 |  51 Pool-1-worker-25 | DEBUG | d.t.c.a.a.c.s.f.ApiVersionFilter     : Adding Version to Request POST /api/quiz-exercises
    23:48:01.217 |  51 Pool-1-worker-25 | INFO  | d.t.c.a.a.q.web.QuizExerciseResource : REST request to create QuizExercise : QuizExercise{id=null, title='new quiz', randomizeQuestionOrder='true', allowedNumberOfAttempts='1', isOpenForPractice='false', releaseDate='2025-02-14T19:47:58.311805464Z', duration='3600', dueDate='null'}
    23:48:01.220 |  51 Pool-1-worker-25 | DEBUG | d.t.c.a.a.q.s.QuizExerciseService    : Save quiz exercise to database: QuizExercise{id=null, title='new quiz', randomizeQuestionOrder='true', allowedNumberOfAttempts='1', isOpenForPractice='false', releaseDate='2025-02-14T19:47:58.311805464Z', duration='3600', dueDate='null'}
    23:48:01.240 |  51 Pool-1-worker-25 | INFO  | .c.s.m.InstanceMessageReceiveService : Received schedule quiz start for quiz exercise 3657
    23:48:01.297 |  51 Pool-1-worker-25 | DEBUG | d.t.c.a.a.c.s.f.ApiVersionFilter     : Adding Version to Request POST /api/quiz-exercises/3657/start-participation
    23:48:01.301 |  51 Pool-1-worker-25 | DEBUG | .c.a.a.q.w.QuizParticipationResource : REST request to start quiz exercise participation : 3657
    23:48:01.364 |  51 Pool-1-worker-25 | DEBUG | d.t.c.a.a.c.s.f.ApiVersionFilter     : Adding Version to Request POST /api/quiz-exercises/3657/join
    23:48:01.365 |  51 Pool-1-worker-25 | INFO  | d.t.c.a.a.q.web.QuizExerciseResource : REST request to join quiz batch : 3657, QuizBatchJoinDTO[password=12345678]

  Starting logs for QuizExerciseIntegrationTest > testPerformJoin(QuizMode, ZonedDateTime, ZonedDateTime, QuizBatch, String, HttpStatus, HttpStatus) [23] quizMode=BATCHED, release=2025-02-14T19:47:58.311805464Z[Etc/UTC], due=null, batch=QuizBatch{id=218, startTime=2025-02-15T00:17:58.311805464Z[Etc/UTC]}, password=12345678, resultJoin=200 OK, resultStart=200 OK
    23:48:01.408 |  51 Pool-1-worker-25 | DEBUG | d.t.c.a.a.c.u.util.UserUtilService   : Generate 1 students...
    23:48:01.412 |  51 Pool-1-worker-25 | DEBUG | d.t.c.a.a.c.u.util.UserUtilService   : 1 students generated. Generate 1 tutors...
    23:48:01.421 |  51 Pool-1-worker-25 | DEBUG | d.t.c.a.a.c.u.util.UserUtilService   : 1 tutors generated. Generate 1 editors...
    23:48:01.426 |  51 Pool-1-worker-25 | DEBUG | d.t.c.a.a.c.u.util.UserUtilService   : 1 editors generated. Generate 1 instructors...
    23:48:01.429 |  51 Pool-1-worker-25 | DEBUG | d.t.c.a.a.c.u.util.UserUtilService   : 1 instructors generated
    23:48:01.431 |  51 Pool-1-worker-25 | DEBUG | d.t.c.a.a.c.u.util.UserUtilService   : Removing 4 users from all courses...
    23:48:01.432 |  51 Pool-1-worker-25 | DEBUG | d.t.c.a.a.c.u.util.UserUtilService   : Removing 4 users from all courses. Done
    23:48:01.432 |  51 Pool-1-worker-25 | DEBUG | d.t.c.a.a.c.u.util.UserUtilService   : Save 4 users to database...
    23:48:01.438 |  51 Pool-1-worker-25 | DEBUG | d.t.c.a.a.c.u.util.UserUtilService   : Save 4 users to database. Done
    23:48:01.438 |  51 Pool-1-worker-25 | INFO  | i.z.t.d.l.EmbeddedDatabaseReporter   : JDBC URL to connect to 'dataSource': url='jdbc:h2:tcp://localhost:41063/mem:df70fc46-7e57-4cb5-9cd0-c1d90c14afa7;USER=sa', scope='QuizExerciseIntegrationTest#testPerformJoin'
    23:48:01.441 |  51 Pool-1-worker-25 | DEBUG | d.t.c.a.a.c.s.f.ApiVersionFilter     : Adding Version to Request POST /api/quiz-exercises
    23:48:01.442 |  51 Pool-1-worker-25 | INFO  | d.t.c.a.a.q.web.QuizExerciseResource : REST request to create QuizExercise : QuizExercise{id=null, title='new quiz', randomizeQuestionOrder='true', allowedNumberOfAttempts='1', isOpenForPractice='false', releaseDate='2025-02-14T19:47:58.311805464Z', duration='3600', dueDate='null'}
    23:48:01.445 |  51 Pool-1-worker-25 | DEBUG | d.t.c.a.a.q.s.QuizExerciseService    : Save quiz exercise to database: QuizExercise{id=null, title='new quiz', randomizeQuestionOrder='true', allowedNumberOfAttempts='1', isOpenForPractice='false', releaseDate='2025-02-14T19:47:58.311805464Z', duration='3600', dueDate='null'}
    23:48:01.459 |  51 Pool-1-worker-25 | INFO  | .c.s.m.InstanceMessageReceiveService : Received schedule quiz start for quiz exercise 3658
    23:48:01.488 |  51 Pool-1-worker-25 | DEBUG | d.t.c.a.a.c.s.f.ApiVersionFilter     : Adding Version to Request POST /api/quiz-exercises/3658/start-participation
    23:48:01.489 |  51 Pool-1-worker-25 | DEBUG | .c.a.a.q.w.QuizParticipationResource : REST request to start quiz exercise participation : 3658
    23:48:01.559 |  51 Pool-1-worker-25 | DEBUG | d.t.c.a.a.c.s.f.ApiVersionFilter     : Adding Version to Request POST /api/quiz-exercises/3658/join
    23:48:01.560 |  51 Pool-1-worker-25 | INFO  | d.t.c.a.a.q.web.QuizExerciseResource : REST request to join quiz batch : 3658, QuizBatchJoinDTO[password=12345678]

  Starting logs for QuizExerciseIntegrationTest > testUpdateRunningQuizExercise()
    23:48:01.583 |  51 Pool-1-worker-25 | DEBUG | d.t.c.a.a.c.u.util.UserUtilService   : Generate 1 students...
    23:48:01.587 |  51 Pool-1-worker-25 | DEBUG | d.t.c.a.a.c.u.util.UserUtilService   : 1 students generated. Generate 1 tutors...
    23:48:01.589 |  51 Pool-1-worker-25 | DEBUG | d.t.c.a.a.c.u.util.UserUtilService   : 1 tutors generated. Generate 1 editors...
    23:48:01.592 |  51 Pool-1-worker-25 | DEBUG | d.t.c.a.a.c.u.util.UserUtilService   : 1 editors generated. Generate 1 instructors...
    23:48:01.594 |  51 Pool-1-worker-25 | DEBUG | d.t.c.a.a.c.u.util.UserUtilService   : 1 instructors generated
    23:48:01.596 |  51 Pool-1-worker-25 | DEBUG | d.t.c.a.a.c.u.util.UserUtilService   : Removing 4 users from all courses...
    23:48:01.596 |  51 Pool-1-worker-25 | DEBUG | d.t.c.a.a.c.u.util.UserUtilService   : Removing 4 users from all courses. Done
    23:48:01.596 |  51 Pool-1-worker-25 | DEBUG | d.t.c.a.a.c.u.util.UserUtilService   : Save 4 users to database...
    23:48:01.599 |  51 Pool-1-worker-25 | DEBUG | d.t.c.a.a.c.u.util.UserUtilService   : Save 4 users to database. Done
    23:48:01.599 |  51 Pool-1-worker-25 | INFO  | i.z.t.d.l.EmbeddedDatabaseReporter   : JDBC URL to connect to 'dataSource': url='jdbc:h2:tcp://localhost:41063/mem:df70fc46-7e57-4cb5-9cd0-c1d90c14afa7;USER=sa', scope='QuizExerciseIntegrationTest#testUpdateRunningQuizExercise'
    23:48:01.609 |  51 Pool-1-worker-25 | DEBUG | d.t.c.a.a.c.s.f.ApiVersionFilter     : Adding Version to Request PUT /api/quiz-exercises/3659
    23:48:01.616 |  51 Pool-1-worker-25 | INFO  | d.t.c.a.a.q.web.QuizExerciseResource : REST request to update quiz exercise : QuizExercise{id=3659, title='new quiz', randomizeQuestionOrder='true', allowedNumberOfAttempts='1', isOpenForPractice='false', releaseDate='2025-02-14T22:48:01.599569553Z', duration='120', dueDate='null'}
    23:48:01.624 |  51 Pool-1-worker-25 | ERROR | tech.jhipster.web.util.HeaderUtil    : Entity processing failed, The quiz has already started. Use the re-evaluate endpoint to make retroactive corrections.
    23:48:01.624 |  51 Pool-1-worker-25 | WARN  | o.z.p.spring.common.AdviceTraits     : Bad Request: The quiz has already started. Use the re-evaluate endpoint to make retroactive corrections.

  Starting logs for QuizExerciseIntegrationTest > createQuizExercise_withoutDragAndDrop()
    23:48:01.638 |  51 Pool-1-worker-25 | DEBUG | d.t.c.a.a.c.u.util.UserUtilService   : Generate 1 students...
    23:48:01.641 |  51 Pool-1-worker-25 | DEBUG | d.t.c.a.a.c.u.util.UserUtilService   : 1 students generated. Generate 1 tutors...
    23:48:01.644 |  51 Pool-1-worker-25 | DEBUG | d.t.c.a.a.c.u.util.UserUtilService   : 1 tutors generated. Generate 1 editors...
    23:48:01.646 |  51 Pool-1-worker-25 | DEBUG | d.t.c.a.a.c.u.util.UserUtilService   : 1 editors generated. Generate 1 instructors...
    23:48:01.649 |  51 Pool-1-worker-25 | DEBUG | d.t.c.a.a.c.u.util.UserUtilService   : 1 instructors generated
    23:48:01.652 |  51 Pool-1-worker-25 | DEBUG | d.t.c.a.a.c.u.util.UserUtilService   : Removing 4 users from all courses...
    23:48:01.653 |  51 Pool-1-worker-25 | DEBUG | d.t.c.a.a.c.u.util.UserUtilService   : Removing 4 users from all courses. Done
    23:48:01.653 |  51 Pool-1-worker-25 | DEBUG | d.t.c.a.a.c.u.util.UserUtilService   : Save 4 users to database...
    23:48:01.656 |  51 Pool-1-worker-25 | DEBUG | d.t.c.a.a.c.u.util.UserUtilService   : Save 4 users to database. Done
    23:48:01.656 |  51 Pool-1-worker-25 | INFO  | i.z.t.d.l.EmbeddedDatabaseReporter   : JDBC URL to connect to 'dataSource': url='jdbc:h2:tcp://localhost:41063/mem:df70fc46-7e57-4cb5-9cd0-c1d90c14afa7;USER=sa', scope='QuizExerciseIntegrationTest#createQuizExercise_withoutDragAndDrop'
    23:48:01.658 |  51 Pool-1-worker-25 | DEBUG | d.t.c.a.a.c.s.f.ApiVersionFilter     : Adding Version to Request POST /api/quiz-exercises
    23:48:01.659 |  51 Pool-1-worker-25 | INFO  | d.t.c.a.a.q.web.QuizExerciseResource : REST request to create QuizExercise : QuizExercise{id=null, title='new quiz', randomizeQuestionOrder='true', allowedNumberOfAttempts='1', isOpenForPractice='false', releaseDate='2025-02-15T04:48:01.656449125Z', duration='3600', dueDate='null'}
    23:48:01.661 |  51 Pool-1-worker-25 | DEBUG | d.t.c.a.a.q.s.QuizExerciseService    : Save quiz exercise to database: QuizExercise{id=null, title='new quiz', randomizeQuestionOrder='true', allowedNumberOfAttempts='1', isOpenForPractice='false', releaseDate='2025-02-15T04:48:01.656449125Z', duration='3600', dueDate='2025-02-15T05:48:06.656449125Z'}
    23:48:01.669 |  51 Pool-1-worker-25 | INFO  | .c.s.m.InstanceMessageReceiveService : Received schedule quiz start for quiz exercise 3660
    23:48:01.671 |  51 Pool-1-worker-25 | DEBUG | t.c.a.a.e.s.ExerciseLifecycleService : Scheduled Task for Exercise "new quiz" (#3660) to trigger on START.
    23:48:01.671 |  51 Pool-1-worker-25 | DEBUG | t.c.a.a.e.s.ExerciseLifecycleService : Scheduled 1 Tasks for Exercise "new quiz" (#3660) to trigger on DUE.

  Starting logs for QuizExerciseIntegrationTest > updateQuizExercise_setNeitherCourseAndExerciseGroup_badRequest()
    23:48:01.697 |  51 Pool-1-worker-25 | DEBUG | d.t.c.a.a.c.u.util.UserUtilService   : Generate 1 students...
    23:48:01.700 |  51 Pool-1-worker-25 | DEBUG | d.t.c.a.a.c.u.util.UserUtilService   : 1 students generated. Generate 1 tutors...
    23:48:01.703 |  51 Pool-1-worker-25 | DEBUG | d.t.c.a.a.c.u.util.UserUtilService   : 1 tutors generated. Generate 1 editors...
    23:48:01.705 |  51 Pool-1-worker-25 | DEBUG | d.t.c.a.a.c.u.util.UserUtilService   : 1 editors generated. Generate 1 instructors...
    23:48:01.707 |  51 Pool-1-worker-25 | DEBUG | d.t.c.a.a.c.u.util.UserUtilService   : 1 instructors generated
    23:48:01.709 |  51 Pool-1-worker-25 | DEBUG | d.t.c.a.a.c.u.util.UserUtilService   : Removing 4 users from all courses...
    23:48:01.710 |  51 Pool-1-worker-25 | DEBUG | d.t.c.a.a.c.u.util.UserUtilService   : Removing 4 users from all courses. Done
    23:48:01.710 |  51 Pool-1-worker-25 | DEBUG | d.t.c.a.a.c.u.util.UserUtilService   : Save 4 users to database...
    23:48:01.713 |  51 Pool-1-worker-25 | DEBUG | d.t.c.a.a.c.u.util.UserUtilService   : Save 4 users to database. Done
    23:48:01.713 |  51 Pool-1-worker-25 | INFO  | i.z.t.d.l.EmbeddedDatabaseReporter   : JDBC URL to connect to 'dataSource': url='jdbc:h2:tcp://localhost:41063/mem:df70fc46-7e57-4cb5-9cd0-c1d90c14afa7;USER=sa', scope='QuizExerciseIntegrationTest#updateQuizExercise_setNeitherCourseAndExerciseGroup_badRequest'
    23:48:01.715 |  51 Pool-1-worker-25 | DEBUG | d.t.c.a.a.c.s.f.ApiVersionFilter     : Adding Version to Request POST /api/quiz-exercises
    23:48:01.716 |  51 Pool-1-worker-25 | INFO  | d.t.c.a.a.q.web.QuizExerciseResource : REST request to create QuizExercise : QuizExercise{id=null, title='new quiz', randomizeQuestionOrder='true', allowedNumberOfAttempts='1', isOpenForPractice='false', releaseDate='2025-02-15T04:48:01.713337080Z', duration='3600', dueDate='null'}
    23:48:01.721 |  51 Pool-1-worker-25 | DEBUG | d.t.c.a.a.q.s.QuizExerciseService    : Save quiz exercise to database: QuizExercise{id=null, title='new quiz', randomizeQuestionOrder='true', allowedNumberOfAttempts='1', isOpenForPractice='false', releaseDate='2025-02-15T04:48:01.713337080Z', duration='3600', dueDate='2025-02-15T05:48:06.713337080Z'}
    23:48:01.735 |  51 Pool-1-worker-25 | INFO  | .c.s.m.InstanceMessageReceiveService : Received schedule quiz start for quiz exercise 3661
    23:48:01.736 |  51 Pool-1-worker-25 | DEBUG | t.c.a.a.e.s.ExerciseLifecycleService : Scheduled Task for Exercise "new quiz" (#3661) to trigger on START.
    23:48:01.736 |  51 Pool-1-worker-25 | DEBUG | t.c.a.a.e.s.ExerciseLifecycleService : Scheduled 1 Tasks for Exercise "new quiz" (#3661) to trigger on DUE.
    23:48:01.762 |  51 Pool-1-worker-25 | DEBUG | d.t.c.a.a.c.s.f.ApiVersionFilter     : Adding Version to Request PUT /api/quiz-exercises/3661
    23:48:01.764 |  51 Pool-1-worker-25 | INFO  | d.t.c.a.a.q.web.QuizExerciseResource : REST request to update quiz exercise : QuizExercise{id=3661, title='new quiz', randomizeQuestionOrder='true', allowedNumberOfAttempts='1', isOpenForPractice='false', releaseDate='2025-02-15T04:48:01.713337Z', duration='3600', dueDate='2025-02-15T05:48:06.713337Z'}
    23:48:01.765 |  51 Pool-1-worker-25 | ERROR | tech.jhipster.web.util.HeaderUtil    : Entity processing failed, An exercise must have either a course or an exerciseGroup
    23:48:01.765 |  51 Pool-1-worker-25 | WARN  | o.z.p.spring.common.AdviceTraits     : Bad Request: An exercise must have either a course or an exerciseGroup

  Starting logs for QuizExerciseIntegrationTest > testSetQuizBatchStartTimeForNonSynchronizedQuizExercises_asStudent()
    23:48:01.781 |  51 Pool-1-worker-25 | DEBUG | d.t.c.a.a.c.u.util.UserUtilService   : Generate 1 students...
    23:48:01.784 |  51 Pool-1-worker-25 | DEBUG | d.t.c.a.a.c.u.util.UserUtilService   : 1 students generated. Generate 1 tutors...
    23:48:01.787 |  51 Pool-1-worker-25 | DEBUG | d.t.c.a.a.c.u.util.UserUtilService   : 1 tutors generated. Generate 1 editors...
    23:48:01.790 |  51 Pool-1-worker-25 | DEBUG | d.t.c.a.a.c.u.util.UserUtilService   : 1 editors generated. Generate 1 instructors...
    23:48:01.792 |  51 Pool-1-worker-25 | DEBUG | d.t.c.a.a.c.u.util.UserUtilService   : 1 instructors generated
    23:48:01.795 |  51 Pool-1-worker-25 | DEBUG | d.t.c.a.a.c.u.util.UserUtilService   : Removing 4 users from all courses...
    23:48:01.796 |  51 Pool-1-worker-25 | DEBUG | d.t.c.a.a.c.u.util.UserUtilService   : Removing 4 users from all courses. Done
    23:48:01.796 |  51 Pool-1-worker-25 | DEBUG | d.t.c.a.a.c.u.util.UserUtilService   : Save 4 users to database...
    23:48:01.799 |  51 Pool-1-worker-25 | DEBUG | d.t.c.a.a.c.u.util.UserUtilService   : Save 4 users to database. Done
    23:48:01.800 |  51 Pool-1-worker-25 | INFO  | i.z.t.d.l.EmbeddedDatabaseReporter   : JDBC URL to connect to 'dataSource': url='jdbc:h2:tcp://localhost:41063/mem:df70fc46-7e57-4cb5-9cd0-c1d90c14afa7;USER=sa', scope='QuizExerciseIntegrationTest#testSetQuizBatchStartTimeForNonSynchronizedQuizExercises_asStudent'
    23:48:01.808 |  51 Pool-1-worker-25 | DEBUG | d.t.c.a.a.c.s.f.ApiVersionFilter     : Adding Version to Request GET /api/quiz-exercises/3662/for-student
    23:48:01.810 |  51 Pool-1-worker-25 | INFO  | d.t.c.a.a.q.web.QuizExerciseResource : REST request to get quiz exercise : 3662
    23:48:01.817 |  51 Pool-1-worker-25 | INFO  | d.t.c.a.a.q.web.QuizExerciseResource : Found batch null for user quizexerciseintegrationstudent1
    23:48:01.825 |  51 Pool-1-worker-25 | DEBUG | d.t.c.a.a.c.s.f.ApiVersionFilter     : Adding Version to Request GET /api/quiz-exercises/3662/for-student
    23:48:01.826 |  51 Pool-1-worker-25 | INFO  | d.t.c.a.a.q.web.QuizExerciseResource : REST request to get quiz exercise : 3662
    23:48:01.831 |  51 Pool-1-worker-25 | INFO  | d.t.c.a.a.q.web.QuizExerciseResource : Found batch null for user quizexerciseintegrationstudent1

  Starting logs for QuizExerciseIntegrationTest > testInstructorSearchTermMatchesId()
    23:48:01.847 |  51 Pool-1-worker-25 | DEBUG | d.t.c.a.a.c.u.util.UserUtilService   : Generate 1 students...
    23:48:01.850 |  51 Pool-1-worker-25 | DEBUG | d.t.c.a.a.c.u.util.UserUtilService   : 1 students generated. Generate 1 tutors...
    23:48:01.853 |  51 Pool-1-worker-25 | DEBUG | d.t.c.a.a.c.u.util.UserUtilService   : 1 tutors generated. Generate 1 editors...
    23:48:01.856 |  51 Pool-1-worker-25 | DEBUG | d.t.c.a.a.c.u.util.UserUtilService   : 1 editors generated. Generate 1 instructors...
    23:48:01.859 |  51 Pool-1-worker-25 | DEBUG | d.t.c.a.a.c.u.util.UserUtilService   : 1 instructors generated
    23:48:01.861 |  51 Pool-1-worker-25 | DEBUG | d.t.c.a.a.c.u.util.UserUtilService   : Removing 4 users from all courses...
    23:48:01.862 |  51 Pool-1-worker-25 | DEBUG | d.t.c.a.a.c.u.util.UserUtilService   : Removing 4 users from all courses. Done
    23:48:01.862 |  51 Pool-1-worker-25 | DEBUG | d.t.c.a.a.c.u.util.UserUtilService   : Save 4 users to database...
    23:48:01.866 |  51 Pool-1-worker-25 | DEBUG | d.t.c.a.a.c.u.util.UserUtilService   : Save 4 users to database. Done
    23:48:01.866 |  51 Pool-1-worker-25 | INFO  | i.z.t.d.l.EmbeddedDatabaseReporter   : JDBC URL to connect to 'dataSource': url='jdbc:h2:tcp://localhost:41063/mem:df70fc46-7e57-4cb5-9cd0-c1d90c14afa7;USER=sa', scope='QuizExerciseIntegrationTest#testInstructorSearchTermMatchesId'
    23:48:01.879 |  51 Pool-1-worker-25 | DEBUG | d.t.c.a.a.c.s.f.ApiVersionFilter     : Adding Version to Request GET /api/quiz-exercises

  Starting logs for QuizExerciseIntegrationTest > testImportQuizExercise_individual_modeChange()
    23:48:01.909 |  51 Pool-1-worker-25 | DEBUG | d.t.c.a.a.c.u.util.UserUtilService   : Generate 1 students...
    23:48:01.912 |  51 Pool-1-worker-25 | DEBUG | d.t.c.a.a.c.u.util.UserUtilService   : 1 students generated. Generate 1 tutors...
    23:48:01.915 |  51 Pool-1-worker-25 | DEBUG | d.t.c.a.a.c.u.util.UserUtilService   : 1 tutors generated. Generate 1 editors...
    23:48:01.918 |  51 Pool-1-worker-25 | DEBUG | d.t.c.a.a.c.u.util.UserUtilService   : 1 editors generated. Generate 1 instructors...
    23:48:01.921 |  51 Pool-1-worker-25 | DEBUG | d.t.c.a.a.c.u.util.UserUtilService   : 1 instructors generated
    23:48:01.924 |  51 Pool-1-worker-25 | DEBUG | d.t.c.a.a.c.u.util.UserUtilService   : Removing 4 users from all courses...
    23:48:01.925 |  51 Pool-1-worker-25 | DEBUG | d.t.c.a.a.c.u.util.UserUtilService   : Removing 4 users from all courses. Done
    23:48:01.925 |  51 Pool-1-worker-25 | DEBUG | d.t.c.a.a.c.u.util.UserUtilService   : Save 4 users to database...
    23:48:01.929 |  51 Pool-1-worker-25 | DEBUG | d.t.c.a.a.c.u.util.UserUtilService   : Save 4 users to database. Done
    23:48:01.929 |  51 Pool-1-worker-25 | INFO  | i.z.t.d.l.EmbeddedDatabaseReporter   : JDBC URL to connect to 'dataSource': url='jdbc:h2:tcp://localhost:41063/mem:df70fc46-7e57-4cb5-9cd0-c1d90c14afa7;USER=sa', scope='QuizExerciseIntegrationTest#testImportQuizExercise_individual_modeChange'
    23:48:01.931 |  51 Pool-1-worker-25 | DEBUG | d.t.c.a.a.q.s.QuizExerciseService    : Save quiz exercise to database: QuizExercise{id=null, title='new quiz', randomizeQuestionOrder='true', allowedNumberOfAttempts='1', isOpenForPractice='false', releaseDate='2025-02-15T01:48:01.929529612Z[Etc/UTC]', duration='120', dueDate='2025-02-15T01:50:06.929529612Z[Etc/UTC]'}
    23:48:01.946 |  51 Pool-1-worker-25 | INFO  | .c.s.m.InstanceMessageReceiveService : Received schedule quiz start for quiz exercise 3664
    23:48:01.948 |  51 Pool-1-worker-25 | DEBUG | t.c.a.a.e.s.ExerciseLifecycleService : Scheduled Task for Exercise "new quiz" (#3664) to trigger on START.
    23:48:01.948 |  51 Pool-1-worker-25 | DEBUG | t.c.a.a.e.s.ExerciseLifecycleService : Scheduled 1 Tasks for Exercise "new quiz" (#3664) to trigger on DUE.
    23:48:01.959 |  51 Pool-1-worker-25 | DEBUG | d.t.c.a.a.c.s.f.ApiVersionFilter     : Adding Version to Request POST /api/quiz-exercises/import/3664
    23:48:01.962 |  51 Pool-1-worker-25 | INFO  | d.t.c.a.a.q.web.QuizExerciseResource : REST request to import from quiz exercise : 3664
    23:48:01.965 |  51 Pool-1-worker-25 | DEBUG | .c.a.a.q.s.QuizExerciseImportService : Creating a new Exercise based on exercise QuizExercise{id=3664, title='new quiz', randomizeQuestionOrder='true', allowedNumberOfAttempts='1', isOpenForPractice='false', releaseDate='2025-02-15T01:48:01.929530Z', duration='120', dueDate='2025-02-15T01:50:06.929530Z'}
    23:48:01.965 |  51 Pool-1-worker-25 | DEBUG | .c.a.a.q.s.QuizExerciseImportService : Copying the exercise basis from QuizExercise{id=3664, title='new quiz', randomizeQuestionOrder='true', allowedNumberOfAttempts='1', isOpenForPractice='false', releaseDate='2025-02-15T01:48:01.929530Z', duration='120', dueDate='2025-02-15T01:50:06.929530Z'}
    23:48:01.965 |  51 Pool-1-worker-25 | DEBUG | .c.a.a.q.s.QuizExerciseImportService : Copying the QuizQuestions to new QuizExercise: QuizExercise{id=null, title='new quiz', randomizeQuestionOrder='true', allowedNumberOfAttempts='1', isOpenForPractice='false', releaseDate='2025-02-15T01:48:01.929530Z', duration='120', dueDate='2025-02-15T01:50:06.929530Z'}
    23:48:01.965 |  51 Pool-1-worker-25 | WARN  | .c.a.a.q.s.QuizExerciseImportService : BackgroundFilePath of DragAndDropQuestion null is null
    23:48:01.966 |  51 Pool-1-worker-25 | DEBUG | d.t.c.a.a.core.service.FileService   : Moved File from uploads/images/drag-and-drop/drag-items/dnd_image_2025-02-14T23-48-01-930_dragItemImage2.png to uploads/images/drag-and-drop/drag-items/DragItem_2025-02-14T23-48-01-966_282e02f7.png
    23:48:01.966 |  51 Pool-1-worker-25 | DEBUG | d.t.c.a.a.core.service.FileService   : Moved File from uploads/images/drag-and-drop/drag-items/dnd_image_2025-02-14T23-48-01-931_dragItemImage4.png to uploads/images/drag-and-drop/drag-items/DragItem_2025-02-14T23-48-01-966_640de9c7.png
    23:48:01.966 |  51 Pool-1-worker-25 | DEBUG | .c.a.a.q.s.QuizExerciseImportService : Copying the QuizBatches to new QuizExercise: QuizExercise{id=null, title='new quiz', randomizeQuestionOrder='true', allowedNumberOfAttempts='1', isOpenForPractice='false', releaseDate='2025-02-15T01:48:01.929530Z', duration='120', dueDate='2025-02-15T01:50:06.929530Z'}
    23:48:01.967 |  51 Pool-1-worker-25 | DEBUG | d.t.c.a.a.q.s.QuizExerciseService    : Save quiz exercise to database: QuizExercise{id=null, title='new quiz', randomizeQuestionOrder='true', allowedNumberOfAttempts='1', isOpenForPractice='false', releaseDate='2025-02-15T01:48:01.929530Z', duration='120', dueDate='2025-02-15T01:50:06.929530Z'}
    23:48:01.981 |  51 Pool-1-worker-25 | INFO  | .c.s.m.InstanceMessageReceiveService : Received schedule quiz start for quiz exercise 3665
    23:48:01.983 |  51 Pool-1-worker-25 | DEBUG | t.c.a.a.e.s.ExerciseLifecycleService : Scheduled Task for Exercise "new quiz" (#3665) to trigger on START.
    23:48:01.983 |  51 Pool-1-worker-25 | DEBUG | t.c.a.a.e.s.ExerciseLifecycleService : Scheduled 1 Tasks for Exercise "new quiz" (#3665) to trigger on DUE.

  Starting logs for QuizExerciseIntegrationTest > updateQuizExercise_withoutDragAndDrop()
    23:48:02.019 |  51 Pool-1-worker-25 | DEBUG | d.t.c.a.a.c.u.util.UserUtilService   : Generate 1 students...
    23:48:02.023 |  51 Pool-1-worker-25 | DEBUG | d.t.c.a.a.c.u.util.UserUtilService   : 1 students generated. Generate 1 tutors...
    23:48:02.026 |  51 Pool-1-worker-25 | DEBUG | d.t.c.a.a.c.u.util.UserUtilService   : 1 tutors generated. Generate 1 editors...
    23:48:02.029 |  51 Pool-1-worker-25 | DEBUG | d.t.c.a.a.c.u.util.UserUtilService   : 1 editors generated. Generate 1 instructors...
    23:48:02.032 |  51 Pool-1-worker-25 | DEBUG | d.t.c.a.a.c.u.util.UserUtilService   : 1 instructors generated
    23:48:02.034 |  51 Pool-1-worker-25 | DEBUG | d.t.c.a.a.c.u.util.UserUtilService   : Removing 4 users from all courses...
    23:48:02.035 |  51 Pool-1-worker-25 | DEBUG | d.t.c.a.a.c.u.util.UserUtilService   : Removing 4 users from all courses. Done
    23:48:02.035 |  51 Pool-1-worker-25 | DEBUG | d.t.c.a.a.c.u.util.UserUtilService   : Save 4 users to database...
    23:48:02.039 |  51 Pool-1-worker-25 | DEBUG | d.t.c.a.a.c.u.util.UserUtilService   : Save 4 users to database. Done
    23:48:02.039 |  51 Pool-1-worker-25 | INFO  | i.z.t.d.l.EmbeddedDatabaseReporter   : JDBC URL to connect to 'dataSource': url='jdbc:h2:tcp://localhost:41063/mem:df70fc46-7e57-4cb5-9cd0-c1d90c14afa7;USER=sa', scope='QuizExerciseIntegrationTest#updateQuizExercise_withoutDragAndDrop'
    23:48:02.042 |  51 Pool-1-worker-25 | DEBUG | d.t.c.a.a.c.s.f.ApiVersionFilter     : Adding Version to Request POST /api/quiz-exercises
    23:48:02.043 |  51 Pool-1-worker-25 | INFO  | d.t.c.a.a.q.web.QuizExerciseResource : REST request to create QuizExercise : QuizExercise{id=null, title='new quiz', randomizeQuestionOrder='true', allowedNumberOfAttempts='1', isOpenForPractice='false', releaseDate='2025-02-15T04:48:02.039882718Z', duration='3600', dueDate='null'}
    23:48:02.046 |  51 Pool-1-worker-25 | DEBUG | d.t.c.a.a.q.s.QuizExerciseService    : Save quiz exercise to database: QuizExercise{id=null, title='new quiz', randomizeQuestionOrder='true', allowedNumberOfAttempts='1', isOpenForPractice='false', releaseDate='2025-02-15T04:48:02.039882718Z', duration='3600', dueDate='2025-02-15T05:48:07.039882718Z'}
    23:48:02.053 |  51 Pool-1-worker-25 | INFO  | .c.s.m.InstanceMessageReceiveService : Received schedule quiz start for quiz exercise 3666
    23:48:02.055 |  51 Pool-1-worker-25 | DEBUG | t.c.a.a.e.s.ExerciseLifecycleService : Scheduled Task for Exercise "new quiz" (#3666) to trigger on START.
    23:48:02.055 |  51 Pool-1-worker-25 | DEBUG | t.c.a.a.e.s.ExerciseLifecycleService : Scheduled 1 Tasks for Exercise "new quiz" (#3666) to trigger on DUE.
    23:48:02.072 |  51 Pool-1-worker-25 | DEBUG | d.t.c.a.a.c.s.f.ApiVersionFilter     : Adding Version to Request PUT /api/quiz-exercises/3666
    23:48:02.075 |  51 Pool-1-worker-25 | INFO  | d.t.c.a.a.q.web.QuizExerciseResource : REST request to update quiz exercise : QuizExercise{id=3666, title='new quiz', randomizeQuestionOrder='true', allowedNumberOfAttempts='1', isOpenForPractice='false', releaseDate='2025-02-15T04:48:02.039882718Z', duration='3600', dueDate='2025-02-15T05:48:07.039882718Z'}
    23:48:02.081 |  51 Pool-1-worker-25 | DEBUG | d.t.c.a.a.q.s.QuizExerciseService    : Save quiz exercise to database: QuizExercise{id=3666, title='new quiz', randomizeQuestionOrder='true', allowedNumberOfAttempts='1', isOpenForPractice='false', releaseDate='2025-02-15T04:48:02.039882718Z', duration='3600', dueDate='2025-02-15T05:48:07.039882718Z'}
    23:48:02.084 |  51 Pool-1-worker-25 | WARN  | o.h.e.i.StatefulPersistenceContext   : HHH000179: Narrowing proxy to class de.tum.cit.aet.artemis.quiz.domain.MultipleChoiceQuestionStatistic - this operation breaks ==
    23:48:02.086 |  51 Pool-1-worker-25 | WARN  | o.h.e.i.StatefulPersistenceContext   : HHH000179: Narrowing proxy to class de.tum.cit.aet.artemis.quiz.domain.ShortAnswerQuestionStatistic - this operation breaks ==
    23:48:02.109 |  51 Pool-1-worker-25 | INFO  | .c.s.m.InstanceMessageReceiveService : Received schedule quiz start for quiz exercise 3666
    23:48:02.114 |  51 Pool-1-worker-25 | DEBUG | d.t.c.a.a.c.service.ScheduleService  : Cancelling scheduled task START for Exercise (#3666).
    23:48:02.114 |  51 Pool-1-worker-25 | DEBUG | t.c.a.a.e.s.ExerciseLifecycleService : Scheduled Task for Exercise "new quiz" (#3666) to trigger on START.
    23:48:02.114 |  51 Pool-1-worker-25 | DEBUG | d.t.c.a.a.c.service.ScheduleService  : Cancelling scheduled task DUE for Exercise (#3666).
    23:48:02.114 |  51 Pool-1-worker-25 | DEBUG | t.c.a.a.e.s.ExerciseLifecycleService : Scheduled 1 Tasks for Exercise "new quiz" (#3666) to trigger on DUE.
    23:48:02.115 |  51 Pool-1-worker-25 | INFO  | d.t.c.a.a.e.service.ExerciseService  : User quizexerciseintegrationinstructor1 has updated QuizExercise new quiz with id 3666
    23:48:02.115 |  51 Pool-1-worker-25 | INFO  | .c.s.m.InstanceMessageReceiveService : Received schedule update for exercise 3666 released notification 
    23:48:02.115 |  51 Pool-1-worker-25 | DEBUG | t.c.a.a.e.s.ExerciseLifecycleService : Scheduled Task for Exercise "new quiz" (#3666) to trigger on RELEASE.
    23:48:02.115 |  51 Pool-1-worker-25 | DEBUG | .a.a.c.s.NotificationScheduleService : Scheduled notify about started exercise after due date for exercise 'new quiz' (#3666) for 2025-02-15T04:48:02.039883Z.

  Starting logs for QuizExerciseIntegrationTest > createQuizExercise_setNeitherCourseAndExerciseGroup_badRequest()
    23:48:02.148 |  51 Pool-1-worker-25 | DEBUG | d.t.c.a.a.c.u.util.UserUtilService   : Generate 1 students...
    23:48:02.151 |  51 Pool-1-worker-25 | DEBUG | d.t.c.a.a.c.u.util.UserUtilService   : 1 students generated. Generate 1 tutors...
    23:48:02.154 |  51 Pool-1-worker-25 | DEBUG | d.t.c.a.a.c.u.util.UserUtilService   : 1 tutors generated. Generate 1 editors...
    23:48:02.157 |  51 Pool-1-worker-25 | DEBUG | d.t.c.a.a.c.u.util.UserUtilService   : 1 editors generated. Generate 1 instructors...
    23:48:02.160 |  51 Pool-1-worker-25 | DEBUG | d.t.c.a.a.c.u.util.UserUtilService   : 1 instructors generated
    23:48:02.163 |  51 Pool-1-worker-25 | DEBUG | d.t.c.a.a.c.u.util.UserUtilService   : Removing 4 users from all courses...
    23:48:02.164 |  51 Pool-1-worker-25 | DEBUG | d.t.c.a.a.c.u.util.UserUtilService   : Removing 4 users from all courses. Done
    23:48:02.164 |  51 Pool-1-worker-25 | DEBUG | d.t.c.a.a.c.u.util.UserUtilService   : Save 4 users to database...
    23:48:02.171 |  51 Pool-1-worker-25 | DEBUG | d.t.c.a.a.c.u.util.UserUtilService   : Save 4 users to database. Done
    23:48:02.171 |  51 Pool-1-worker-25 | INFO  | i.z.t.d.l.EmbeddedDatabaseReporter   : JDBC URL to connect to 'dataSource': url='jdbc:h2:tcp://localhost:41063/mem:df70fc46-7e57-4cb5-9cd0-c1d90c14afa7;USER=sa', scope='QuizExerciseIntegrationTest#createQuizExercise_setNeitherCourseAndExerciseGroup_badRequest'
    23:48:02.172 |  51 Pool-1-worker-25 | DEBUG | d.t.c.a.a.c.s.f.ApiVersionFilter     : Adding Version to Request POST /api/quiz-exercises
    23:48:02.173 |  51 Pool-1-worker-25 | INFO  | d.t.c.a.a.q.web.QuizExerciseResource : REST request to create QuizExercise : QuizExercise{id=null, title='e2e8bfe2-eb4c-445f-9f6e-85b6d68583de', randomizeQuestionOrder='true', allowedNumberOfAttempts='1', isOpenForPractice='false', releaseDate='null', duration='10', dueDate='null'}
    23:48:02.174 |  51 Pool-1-worker-25 | ERROR | tech.jhipster.web.util.HeaderUtil    : Entity processing failed, The quiz exercise is invalid
    23:48:02.174 |  51 Pool-1-worker-25 | WARN  | o.z.p.spring.common.AdviceTraits     : Bad Request: The quiz exercise is invalid

  Starting logs for QuizExerciseIntegrationTest > testDeleteQuizExerciseWithSubmittedAnswers(QuizMode) [1] quizMode=SYNCHRONIZED
    23:48:02.201 |  51 Pool-1-worker-25 | DEBUG | d.t.c.a.a.c.u.util.UserUtilService   : Generate 1 students...
    23:48:02.207 |  51 Pool-1-worker-25 | DEBUG | d.t.c.a.a.c.u.util.UserUtilService   : 1 students generated. Generate 1 tutors...
    23:48:02.209 |  51 Pool-1-worker-25 | DEBUG | d.t.c.a.a.c.u.util.UserUtilService   : 1 tutors generated. Generate 1 editors...
    23:48:02.212 |  51 Pool-1-worker-25 | DEBUG | d.t.c.a.a.c.u.util.UserUtilService   : 1 editors generated. Generate 1 instructors...
    23:48:02.215 |  51 Pool-1-worker-25 | DEBUG | d.t.c.a.a.c.u.util.UserUtilService   : 1 instructors generated
    23:48:02.218 |  51 Pool-1-worker-25 | DEBUG | d.t.c.a.a.c.u.util.UserUtilService   : Removing 4 users from all courses...
    23:48:02.219 |  51 Pool-1-worker-25 | DEBUG | d.t.c.a.a.c.u.util.UserUtilService   : Removing 4 users from all courses. Done
    23:48:02.219 |  51 Pool-1-worker-25 | DEBUG | d.t.c.a.a.c.u.util.UserUtilService   : Save 4 users to database...
    23:48:02.224 |  51 Pool-1-worker-25 | DEBUG | d.t.c.a.a.c.u.util.UserUtilService   : Save 4 users to database. Done
    23:48:02.224 |  51 Pool-1-worker-25 | INFO  | i.z.t.d.l.EmbeddedDatabaseReporter   : JDBC URL to connect to 'dataSource': url='jdbc:h2:tcp://localhost:41063/mem:df70fc46-7e57-4cb5-9cd0-c1d90c14afa7;USER=sa', scope='QuizExerciseIntegrationTest#testDeleteQuizExerciseWithSubmittedAnswers'
    23:48:02.268 |  51 Pool-1-worker-25 | DEBUG | .c.s.m.InstanceMessageReceiveService : Received schedule participant score for exercise 3667 and participant 714 (result to be deleted: null)
    23:48:02.269 |  51 Pool-1-worker-25 | DEBUG | .a.s.ParticipantScoreScheduleService : Scheduled task for exercise 3667 and participant 714 at 2025-02-14T23:48:02.368540060Z[Etc/UTC].
    23:48:02.300 |  51 Pool-1-worker-25 | DEBUG | .c.s.m.InstanceMessageReceiveService : Received schedule participant score for exercise 3667 and participant 714 (result to be deleted: null)
    23:48:02.300 |  51 Pool-1-worker-25 | DEBUG | .a.s.ParticipantScoreScheduleService : Scheduled task for exercise 3667 and participant 714 at 2025-02-14T23:48:02.400569497Z[Etc/UTC].
    23:48:02.305 |  51 Pool-1-worker-25 | DEBUG | d.t.c.a.a.c.s.f.ApiVersionFilter     : Adding Version to Request DELETE /api/quiz-exercises/3667
    23:48:02.307 |  51 Pool-1-worker-25 | INFO  | d.t.c.a.a.q.web.QuizExerciseResource : REST request to delete quiz exercise : 3667
    23:48:02.310 |  51 Pool-1-worker-25 | WARN  | d.t.c.a.a.q.web.QuizExerciseResource : Could not find file dragItemImage2.png for deletion
    23:48:02.310 |  51 Pool-1-worker-25 | WARN  | d.t.c.a.a.q.web.QuizExerciseResource : Could not find file dragItemImage4.png for deletion
    23:48:02.311 |  51 Pool-1-worker-25 | INFO  | d.t.c.a.a.e.service.ExerciseService  : User quizexerciseintegrationinstructor1 has requested to delete QuizExercise new quiz with id 3667
    23:48:02.311 |  51 Pool-1-worker-25 | INFO  | .t.c.a.a.e.s.ExerciseDeletionService : Request to delete QuizExercise with id 3667
    23:48:02.312 |  51 Pool-1-worker-25 | INFO  | .t.c.a.a.e.s.ExerciseDeletionService : Deleting the channel took 338µs
    23:48:02.313 |  51 Pool-1-worker-25 | INFO  | d.t.c.a.a.e.s.ParticipationService   : Request to delete all 1 participations of exercise with id : 3667
    23:48:02.314 |  51 Pool-1-worker-25 | INFO  | d.t.c.a.a.e.s.ParticipationService   : Request to delete Participation : StudentParticipation{id=3291, presentationScore=null, student=User{login='quizexerciseintegrationstudent1', firstName='quizexerciseintegrationstudent1First', lastName='quizexerciseintegrationstudent1Last', email='quizexerciseintegrationstudent1@test.de', imageUrl='null', activated='true', langKey='en', activationKey='null'}}
    23:48:02.314 |  51 Pool-1-worker-25 | DEBUG | d.t.c.a.a.e.s.ParticipationService   : Request to delete all results and submissions of participation with id : 3291
    23:48:02.315 |  51 Pool-1-worker-25 | DEBUG | d.t.c.a.a.a.service.ResultService    : Delete result 1640
    23:48:02.315 |  51 Pool-1-worker-25 | DEBUG | d.t.c.a.a.a.service.ResultService    : Delete result references 1640
    23:48:02.331 |  51 Pool-1-worker-25 | WARN  | d.t.c.a.artemis.quiz.domain.DragItem : Could not delete file with path dragItemImage2.png. Assume already deleted, DragAndDropQuestion 482 can be removed.
    23:48:02.331 |  51 Pool-1-worker-25 | WARN  | d.t.c.a.artemis.quiz.domain.DragItem : Could not delete file with path dragItemImage4.png. Assume already deleted, DragAndDropQuestion 484 can be removed.
    23:48:02.334 |  51 Pool-1-worker-25 | INFO  | .c.a.a.c.s.TitleCacheEvictionService : Evicted entry '3667' from title cache 'exerciseTitle'
    23:48:02.335 |  51 Pool-1-worker-25 | INFO  | .c.s.m.InstanceMessageReceiveService : Received cancel quiz start for quiz exercise 3667

  Starting logs for QuizExerciseIntegrationTest > testDeleteQuizExerciseWithSubmittedAnswers(QuizMode) [2] quizMode=BATCHED
    23:48:02.353 |  51 Pool-1-worker-25 | DEBUG | d.t.c.a.a.c.u.util.UserUtilService   : Generate 1 students...
    23:48:02.356 |  51 Pool-1-worker-25 | DEBUG | d.t.c.a.a.c.u.util.UserUtilService   : 1 students generated. Generate 1 tutors...
    23:48:02.359 |  51 Pool-1-worker-25 | DEBUG | d.t.c.a.a.c.u.util.UserUtilService   : 1 tutors generated. Generate 1 editors...
    23:48:02.362 |  51 Pool-1-worker-25 | DEBUG | d.t.c.a.a.c.u.util.UserUtilService   : 1 editors generated. Generate 1 instructors...
    23:48:02.365 |  51 Pool-1-worker-25 | DEBUG | d.t.c.a.a.c.u.util.UserUtilService   : 1 instructors generated
    23:48:02.366 |  51 Pool-1-worker-25 | DEBUG | d.t.c.a.a.c.u.util.UserUtilService   : Removing 4 users from all courses...
    23:48:02.367 |  51 Pool-1-worker-25 | DEBUG | d.t.c.a.a.c.u.util.UserUtilService   : Removing 4 users from all courses. Done
    23:48:02.367 |  51 Pool-1-worker-25 | DEBUG | d.t.c.a.a.c.u.util.UserUtilService   : Save 4 users to database...
    23:48:02.375 |  51 Pool-1-worker-25 | DEBUG | d.t.c.a.a.c.u.util.UserUtilService   : Save 4 users to database. Done
    23:48:02.376 |  51 Pool-1-worker-25 | INFO  | i.z.t.d.l.EmbeddedDatabaseReporter   : JDBC URL to connect to 'dataSource': url='jdbc:h2:tcp://localhost:41063/mem:df70fc46-7e57-4cb5-9cd0-c1d90c14afa7;USER=sa', scope='QuizExerciseIntegrationTest#testDeleteQuizExerciseWithSubmittedAnswers'
    23:48:02.490 |  51 Pool-1-worker-25 | DEBUG | .c.s.m.InstanceMessageReceiveService : Received schedule participant score for exercise 3668 and participant 714 (result to be deleted: null)
    23:48:02.490 |  51 Pool-1-worker-25 | DEBUG | .a.s.ParticipantScoreScheduleService : Scheduled task for exercise 3668 and participant 714 at 2025-02-14T23:48:02.590383467Z[Etc/UTC].
    23:48:02.573 |  51 Pool-1-worker-25 | DEBUG | .c.s.m.InstanceMessageReceiveService : Received schedule participant score for exercise 3668 and participant 714 (result to be deleted: null)
    23:48:02.573 |  51 Pool-1-worker-25 | DEBUG | .a.s.ParticipantScoreScheduleService : Scheduled task for exercise 3668 and participant 714 at 2025-02-14T23:48:02.673422190Z[Etc/UTC].
    23:48:02.583 |  51 Pool-1-worker-25 | DEBUG | d.t.c.a.a.c.s.f.ApiVersionFilter     : Adding Version to Request DELETE /api/quiz-exercises/3668
    23:48:02.585 |  51 Pool-1-worker-25 | INFO  | d.t.c.a.a.q.web.QuizExerciseResource : REST request to delete quiz exercise : 3668
    23:48:02.602 |  51 Pool-1-worker-25 | WARN  | d.t.c.a.a.q.web.QuizExerciseResource : Could not find file dragItemImage2.png for deletion
    23:48:02.602 |  51 Pool-1-worker-25 | WARN  | d.t.c.a.a.q.web.QuizExerciseResource : Could not find file dragItemImage4.png for deletion
    23:48:02.602 |  51 Pool-1-worker-25 | INFO  | d.t.c.a.a.e.service.ExerciseService  : User quizexerciseintegrationinstructor1 has requested to delete QuizExercise new quiz with id 3668
    23:48:02.604 |  51 Pool-1-worker-25 | INFO  | .t.c.a.a.e.s.ExerciseDeletionService : Request to delete QuizExercise with id 3668
    23:48:02.605 |  51 Pool-1-worker-25 | INFO  | .t.c.a.a.e.s.ExerciseDeletionService : Deleting the channel took 470µs
    23:48:02.614 |  51 Pool-1-worker-25 | INFO  | d.t.c.a.a.e.s.ParticipationService   : Request to delete all 1 participations of exercise with id : 3668
    23:48:02.616 |  51 Pool-1-worker-25 | INFO  | d.t.c.a.a.e.s.ParticipationService   : Request to delete Participation : StudentParticipation{id=3292, presentationScore=null, student=User{login='quizexerciseintegrationstudent1', firstName='quizexerciseintegrationstudent1First', lastName='quizexerciseintegrationstudent1Last', email='quizexerciseintegrationstudent1@test.de', imageUrl='null', activated='true', langKey='en', activationKey='null'}}
    23:48:02.616 |  51 Pool-1-worker-25 | DEBUG | d.t.c.a.a.e.s.ParticipationService   : Request to delete all results and submissions of participation with id : 3292
    23:48:02.617 |  51 Pool-1-worker-25 | DEBUG | d.t.c.a.a.a.service.ResultService    : Delete result 1641
    23:48:02.617 |  51 Pool-1-worker-25 | DEBUG | d.t.c.a.a.a.service.ResultService    : Delete result references 1641
    23:48:02.649 |  51 Pool-1-worker-25 | WARN  | d.t.c.a.artemis.quiz.domain.DragItem : Could not delete file with path dragItemImage2.png. Assume already deleted, DragAndDropQuestion 486 can be removed.
    23:48:02.649 |  51 Pool-1-worker-25 | WARN  | d.t.c.a.artemis.quiz.domain.DragItem : Could not delete file with path dragItemImage4.png. Assume already deleted, DragAndDropQuestion 488 can be removed.
    23:48:02.651 |  51 Pool-1-worker-25 | INFO  | .c.a.a.c.s.TitleCacheEvictionService : Evicted entry '3668' from title cache 'exerciseTitle'
    23:48:02.653 |  51 Pool-1-worker-25 | INFO  | .c.s.m.InstanceMessageReceiveService : Received cancel quiz start for quiz exercise 3668

  Starting logs for QuizExerciseIntegrationTest > testDeleteQuizExerciseWithSubmittedAnswers(QuizMode) [3] quizMode=INDIVIDUAL
    23:48:02.677 |  51 Pool-1-worker-25 | DEBUG | d.t.c.a.a.c.u.util.UserUtilService   : Generate 1 students...
    23:48:02.681 |  51 Pool-1-worker-25 | DEBUG | d.t.c.a.a.c.u.util.UserUtilService   : 1 students generated. Generate 1 tutors...
    23:48:02.684 |  51 Pool-1-worker-25 | DEBUG | d.t.c.a.a.c.u.util.UserUtilService   : 1 tutors generated. Generate 1 editors...
    23:48:02.687 |  51 Pool-1-worker-25 | DEBUG | d.t.c.a.a.c.u.util.UserUtilService   : 1 editors generated. Generate 1 instructors...
    23:48:02.690 |  51 Pool-1-worker-25 | DEBUG | d.t.c.a.a.c.u.util.UserUtilService   : 1 instructors generated
    23:48:02.693 |  51 Pool-1-worker-25 | DEBUG | d.t.c.a.a.c.u.util.UserUtilService   : Removing 4 users from all courses...
    23:48:02.694 |  51 Pool-1-worker-25 | DEBUG | d.t.c.a.a.c.u.util.UserUtilService   : Removing 4 users from all courses. Done
    23:48:02.694 |  51 Pool-1-worker-25 | DEBUG | d.t.c.a.a.c.u.util.UserUtilService   : Save 4 users to database...
    23:48:02.699 |  51 Pool-1-worker-25 | DEBUG | d.t.c.a.a.c.u.util.UserUtilService   : Save 4 users to database. Done
    23:48:02.699 |  51 Pool-1-worker-25 | INFO  | i.z.t.d.l.EmbeddedDatabaseReporter   : JDBC URL to connect to 'dataSource': url='jdbc:h2:tcp://localhost:41063/mem:df70fc46-7e57-4cb5-9cd0-c1d90c14afa7;USER=sa', scope='QuizExerciseIntegrationTest#testDeleteQuizExerciseWithSubmittedAnswers'
    23:48:02.735 |  51 Pool-1-worker-25 | DEBUG | .c.s.m.InstanceMessageReceiveService : Received schedule participant score for exercise 3669 and participant 714 (result to be deleted: null)
    23:48:02.735 |  51 Pool-1-worker-25 | DEBUG | .a.s.ParticipantScoreScheduleService : Scheduled task for exercise 3669 and participant 714 at 2025-02-14T23:48:02.835131516Z[Etc/UTC].
    23:48:02.768 |  51 Pool-1-worker-25 | DEBUG | .c.s.m.InstanceMessageReceiveService : Received schedule participant score for exercise 3669 and participant 714 (result to be deleted: null)
    23:48:02.768 |  51 Pool-1-worker-25 | DEBUG | .a.s.ParticipantScoreScheduleService : Scheduled task for exercise 3669 and participant 714 at 2025-02-14T23:48:02.868951229Z[Etc/UTC].
    23:48:02.773 |  51 Pool-1-worker-25 | DEBUG | d.t.c.a.a.c.s.f.ApiVersionFilter     : Adding Version to Request DELETE /api/quiz-exercises/3669
    23:48:02.775 |  51 Pool-1-worker-25 | INFO  | d.t.c.a.a.q.web.QuizExerciseResource : REST request to delete quiz exercise : 3669
    23:48:02.785 |  51 Pool-1-worker-25 | WARN  | d.t.c.a.a.q.web.QuizExerciseResource : Could not find file dragItemImage2.png for deletion
    23:48:02.785 |  51 Pool-1-worker-25 | WARN  | d.t.c.a.a.q.web.QuizExerciseResource : Could not find file dragItemImage4.png for deletion
    23:48:02.786 |  51 Pool-1-worker-25 | INFO  | d.t.c.a.a.e.service.ExerciseService  : User quizexerciseintegrationinstructor1 has requested to delete QuizExercise new quiz with id 3669
    23:48:02.790 |  51 Pool-1-worker-25 | INFO  | .t.c.a.a.e.s.ExerciseDeletionService : Request to delete QuizExercise with id 3669
    23:48:02.790 |  51 Pool-1-worker-25 | INFO  | .t.c.a.a.e.s.ExerciseDeletionService : Deleting the channel took 857µs
    23:48:02.795 |  51 Pool-1-worker-25 | INFO  | d.t.c.a.a.e.s.ParticipationService   : Request to delete all 1 participations of exercise with id : 3669
    23:48:02.796 |  51 Pool-1-worker-25 | INFO  | d.t.c.a.a.e.s.ParticipationService   : Request to delete Participation : StudentParticipation{id=3293, presentationScore=null, student=User{login='quizexerciseintegrationstudent1', firstName='quizexerciseintegrationstudent1First', lastName='quizexerciseintegrationstudent1Last', email='quizexerciseintegrationstudent1@test.de', imageUrl='null', activated='true', langKey='en', activationKey='null'}}
    23:48:02.796 |  51 Pool-1-worker-25 | DEBUG | d.t.c.a.a.e.s.ParticipationService   : Request to delete all results and submissions of participation with id : 3293
    23:48:02.799 |  51 Pool-1-worker-25 | DEBUG | d.t.c.a.a.a.service.ResultService    : Delete result 1642
    23:48:02.799 |  51 Pool-1-worker-25 | DEBUG | d.t.c.a.a.a.service.ResultService    : Delete result references 1642
    23:48:02.833 |  51 Pool-1-worker-25 | WARN  | d.t.c.a.artemis.quiz.domain.DragItem : Could not delete file with path dragItemImage2.png. Assume already deleted, DragAndDropQuestion 490 can be removed.
    23:48:02.833 |  51 Pool-1-worker-25 | WARN  | d.t.c.a.artemis.quiz.domain.DragItem : Could not delete file with path dragItemImage4.png. Assume already deleted, DragAndDropQuestion 492 can be removed.
    23:48:02.835 |  51 Pool-1-worker-25 | INFO  | .c.a.a.c.s.TitleCacheEvictionService : Evicted entry '3669' from title cache 'exerciseTitle'
    23:48:02.837 |  51 Pool-1-worker-25 | INFO  | .c.s.m.InstanceMessageReceiveService : Received cancel quiz start for quiz exercise 3669

  Starting logs for QuizExerciseIntegrationTest > testImportQuizExercise_team_modeChange()
    23:48:02.854 |  51 Pool-1-worker-25 | DEBUG | d.t.c.a.a.c.u.util.UserUtilService   : Generate 1 students...
    23:48:02.858 |  51 Pool-1-worker-25 | DEBUG | d.t.c.a.a.c.u.util.UserUtilService   : 1 students generated. Generate 1 tutors...
    23:48:02.860 |  51 Pool-1-worker-25 | DEBUG | d.t.c.a.a.c.u.util.UserUtilService   : 1 tutors generated. Generate 1 editors...
    23:48:02.864 |  51 Pool-1-worker-25 | DEBUG | d.t.c.a.a.c.u.util.UserUtilService   : 1 editors generated. Generate 1 instructors...
    23:48:02.866 |  51 Pool-1-worker-25 | DEBUG | d.t.c.a.a.c.u.util.UserUtilService   : 1 instructors generated
    23:48:02.868 |  51 Pool-1-worker-25 | DEBUG | d.t.c.a.a.c.u.util.UserUtilService   : Removing 4 users from all courses...
    23:48:02.870 |  51 Pool-1-worker-25 | DEBUG | d.t.c.a.a.c.u.util.UserUtilService   : Removing 4 users from all courses. Done
    23:48:02.870 |  51 Pool-1-worker-25 | DEBUG | d.t.c.a.a.c.u.util.UserUtilService   : Save 4 users to database...
    23:48:02.875 |  51 Pool-1-worker-25 | DEBUG | d.t.c.a.a.c.u.util.UserUtilService   : Save 4 users to database. Done
    23:48:02.875 |  51 Pool-1-worker-25 | INFO  | i.z.t.d.l.EmbeddedDatabaseReporter   : JDBC URL to connect to 'dataSource': url='jdbc:h2:tcp://localhost:41063/mem:df70fc46-7e57-4cb5-9cd0-c1d90c14afa7;USER=sa', scope='QuizExerciseIntegrationTest#testImportQuizExercise_team_modeChange'
    23:48:02.879 |  51 Pool-1-worker-25 | DEBUG | d.t.c.a.a.q.s.QuizExerciseService    : Save quiz exercise to database: QuizExercise{id=null, title='new quiz', randomizeQuestionOrder='true', allowedNumberOfAttempts='1', isOpenForPractice='false', releaseDate='2025-02-15T01:48:02.875691417Z[Etc/UTC]', duration='120', dueDate='2025-02-15T01:50:07.875691417Z[Etc/UTC]'}
    23:48:02.902 |  51 Pool-1-worker-25 | INFO  | .c.s.m.InstanceMessageReceiveService : Received schedule quiz start for quiz exercise 3670
    23:48:02.905 |  51 Pool-1-worker-25 | DEBUG | t.c.a.a.e.s.ExerciseLifecycleService : Scheduled Task for Exercise "new quiz" (#3670) to trigger on START.
    23:48:02.905 |  51 Pool-1-worker-25 | DEBUG | t.c.a.a.e.s.ExerciseLifecycleService : Scheduled 1 Tasks for Exercise "new quiz" (#3670) to trigger on DUE.
    23:48:02.916 |  51 Pool-1-worker-25 | DEBUG | d.t.c.a.a.c.s.f.ApiVersionFilter     : Adding Version to Request POST /api/quiz-exercises/import/3670
    23:48:02.919 |  51 Pool-1-worker-25 | INFO  | d.t.c.a.a.q.web.QuizExerciseResource : REST request to import from quiz exercise : 3670
    23:48:02.922 |  51 Pool-1-worker-25 | DEBUG | .c.a.a.q.s.QuizExerciseImportService : Creating a new Exercise based on exercise QuizExercise{id=3670, title='new quiz', randomizeQuestionOrder='true', allowedNumberOfAttempts='1', isOpenForPractice='false', releaseDate='2025-02-15T01:48:02.875691Z', duration='120', dueDate='2025-02-15T01:50:07.875691Z'}
    23:48:02.922 |  51 Pool-1-worker-25 | DEBUG | .c.a.a.q.s.QuizExerciseImportService : Copying the exercise basis from QuizExercise{id=3670, title='new quiz', randomizeQuestionOrder='true', allowedNumberOfAttempts='1', isOpenForPractice='false', releaseDate='2025-02-15T01:48:02.875691Z', duration='120', dueDate='2025-02-15T01:50:07.875691Z'}
    23:48:02.922 |  51 Pool-1-worker-25 | DEBUG | .c.a.a.q.s.QuizExerciseImportService : Copying the QuizQuestions to new QuizExercise: QuizExercise{id=null, title='new quiz', randomizeQuestionOrder='true', allowedNumberOfAttempts='1', isOpenForPractice='false', releaseDate='2025-02-15T01:48:02.875691Z', duration='120', dueDate='2025-02-15T01:50:07.875691Z'}
    23:48:02.922 |  51 Pool-1-worker-25 | WARN  | .c.a.a.q.s.QuizExerciseImportService : BackgroundFilePath of DragAndDropQuestion null is null
    23:48:02.923 |  51 Pool-1-worker-25 | DEBUG | d.t.c.a.a.core.service.FileService   : Moved File from uploads/images/drag-and-drop/drag-items/dnd_image_2025-02-14T23-48-02-878_dragItemImage2.png to uploads/images/drag-and-drop/drag-items/DragItem_2025-02-14T23-48-02-923_7f2cc518.png
    23:48:02.924 |  51 Pool-1-worker-25 | DEBUG | d.t.c.a.a.core.service.FileService   : Moved File from uploads/images/drag-and-drop/drag-items/dnd_image_2025-02-14T23-48-02-878_dragItemImage4.png to uploads/images/drag-and-drop/drag-items/DragItem_2025-02-14T23-48-02-923_a8378169.png
    23:48:02.924 |  51 Pool-1-worker-25 | DEBUG | .c.a.a.q.s.QuizExerciseImportService : Copying the QuizBatches to new QuizExercise: QuizExercise{id=null, title='new quiz', randomizeQuestionOrder='true', allowedNumberOfAttempts='1', isOpenForPractice='false', releaseDate='2025-02-15T01:48:02.875691Z', duration='120', dueDate='2025-02-15T01:50:07.875691Z'}
    23:48:02.924 |  51 Pool-1-worker-25 | DEBUG | d.t.c.a.a.q.s.QuizExerciseService    : Save quiz exercise to database: QuizExercise{id=null, title='new quiz', randomizeQuestionOrder='true', allowedNumberOfAttempts='1', isOpenForPractice='false', releaseDate='2025-02-15T01:48:02.875691Z', duration='120', dueDate='2025-02-15T01:50:07.875691Z'}
    23:48:02.943 |  51 Pool-1-worker-25 | INFO  | .c.s.m.InstanceMessageReceiveService : Received schedule quiz start for quiz exercise 3671
    23:48:02.944 |  51 Pool-1-worker-25 | DEBUG | t.c.a.a.e.s.ExerciseLifecycleService : Scheduled Task for Exercise "new quiz" (#3671) to trigger on START.
    23:48:02.944 |  51 Pool-1-worker-25 | DEBUG | t.c.a.a.e.s.ExerciseLifecycleService : Scheduled 1 Tasks for Exercise "new quiz" (#3671) to trigger on DUE.

  Starting logs for QuizExerciseIntegrationTest > importQuizExerciseToSameCourse()
    23:48:02.996 |  51 Pool-1-worker-25 | DEBUG | d.t.c.a.a.c.u.util.UserUtilService   : Generate 1 students...
    23:48:03.000 |  51 Pool-1-worker-25 | DEBUG | d.t.c.a.a.c.u.util.UserUtilService   : 1 students generated. Generate 1 tutors...
    23:48:03.002 |  51 Pool-1-worker-25 | DEBUG | d.t.c.a.a.c.u.util.UserUtilService   : 1 tutors generated. Generate 1 editors...
    23:48:03.006 |  51 Pool-1-worker-25 | DEBUG | d.t.c.a.a.c.u.util.UserUtilService   : 1 editors generated. Generate 1 instructors...
    23:48:03.009 |  51 Pool-1-worker-25 | DEBUG | d.t.c.a.a.c.u.util.UserUtilService   : 1 instructors generated
    23:48:03.012 |  51 Pool-1-worker-25 | DEBUG | d.t.c.a.a.c.u.util.UserUtilService   : Removing 4 users from all courses...
    23:48:03.013 |  51 Pool-1-worker-25 | DEBUG | d.t.c.a.a.c.u.util.UserUtilService   : Removing 4 users from all courses. Done
    23:48:03.013 |  51 Pool-1-worker-25 | DEBUG | d.t.c.a.a.c.u.util.UserUtilService   : Save 4 users to database...
    23:48:03.018 |  51 Pool-1-worker-25 | DEBUG | d.t.c.a.a.c.u.util.UserUtilService   : Save 4 users to database. Done
    23:48:03.018 |  51 Pool-1-worker-25 | INFO  | i.z.t.d.l.EmbeddedDatabaseReporter   : JDBC URL to connect to 'dataSource': url='jdbc:h2:tcp://localhost:41063/mem:df70fc46-7e57-4cb5-9cd0-c1d90c14afa7;USER=sa', scope='QuizExerciseIntegrationTest#importQuizExerciseToSameCourse'
    23:48:03.021 |  51 Pool-1-worker-25 | DEBUG | d.t.c.a.a.q.s.QuizExerciseService    : Save quiz exercise to database: QuizExercise{id=null, title='new quiz', randomizeQuestionOrder='true', allowedNumberOfAttempts='1', isOpenForPractice='true', releaseDate='2025-02-15T01:48:03.018973829Z[Etc/UTC]', duration='120', dueDate='2025-02-15T01:50:08.018973829Z[Etc/UTC]'}
    23:48:03.037 |  51 Pool-1-worker-25 | INFO  | .c.s.m.InstanceMessageReceiveService : Received schedule quiz start for quiz exercise 3672
    23:48:03.039 |  51 Pool-1-worker-25 | DEBUG | t.c.a.a.e.s.ExerciseLifecycleService : Scheduled Task for Exercise "new quiz" (#3672) to trigger on START.
    23:48:03.039 |  51 Pool-1-worker-25 | DEBUG | t.c.a.a.e.s.ExerciseLifecycleService : Scheduled 1 Tasks for Exercise "new quiz" (#3672) to trigger on DUE.
    23:48:03.049 |  51 Pool-1-worker-25 | DEBUG | d.t.c.a.a.c.s.f.ApiVersionFilter     : Adding Version to Request POST /api/quiz-exercises/import/3672
    23:48:03.051 |  51 Pool-1-worker-25 | INFO  | d.t.c.a.a.q.web.QuizExerciseResource : REST request to import from quiz exercise : 3672
    23:48:03.054 |  51 Pool-1-worker-25 | DEBUG | .c.a.a.q.s.QuizExerciseImportService : Creating a new Exercise based on exercise QuizExercise{id=3672, title='new quiz', randomizeQuestionOrder='true', allowedNumberOfAttempts='1', isOpenForPractice='true', releaseDate='2025-02-15T01:48:03.018974Z', duration='120', dueDate='2025-02-15T01:50:08.018974Z'}
    23:48:03.054 |  51 Pool-1-worker-25 | DEBUG | .c.a.a.q.s.QuizExerciseImportService : Copying the exercise basis from QuizExercise{id=3672, title='New title', randomizeQuestionOrder='true', allowedNumberOfAttempts='1', isOpenForPractice='true', releaseDate='2025-02-14T23:48:03.018973829Z', duration='120', dueDate='2025-02-15T01:50:08.018974Z'}
    23:48:03.054 |  51 Pool-1-worker-25 | DEBUG | .c.a.a.q.s.QuizExerciseImportService : Copying the QuizQuestions to new QuizExercise: QuizExercise{id=null, title='New title', randomizeQuestionOrder='true', allowedNumberOfAttempts='1', isOpenForPractice='false', releaseDate='2025-02-14T23:48:03.018973829Z', duration='120', dueDate='2025-02-15T01:50:08.018974Z'}
    23:48:03.054 |  51 Pool-1-worker-25 | WARN  | .c.a.a.q.s.QuizExerciseImportService : BackgroundFilePath of DragAndDropQuestion null is null
    23:48:03.054 |  51 Pool-1-worker-25 | DEBUG | d.t.c.a.a.core.service.FileService   : Moved File from uploads/images/drag-and-drop/drag-items/dnd_image_2025-02-14T23-48-03-020_dragItemImage2.png to uploads/images/drag-and-drop/drag-items/DragItem_2025-02-14T23-48-03-054_f55ee9d0.png
    23:48:03.055 |  51 Pool-1-worker-25 | DEBUG | d.t.c.a.a.core.service.FileService   : Moved File from uploads/images/drag-and-drop/drag-items/dnd_image_2025-02-14T23-48-03-021_dragItemImage4.png to uploads/images/drag-and-drop/drag-items/DragItem_2025-02-14T23-48-03-055_8cf08e51.png
    23:48:03.055 |  51 Pool-1-worker-25 | DEBUG | .c.a.a.q.s.QuizExerciseImportService : Copying the QuizBatches to new QuizExercise: QuizExercise{id=null, title='New title', randomizeQuestionOrder='true', allowedNumberOfAttempts='1', isOpenForPractice='false', releaseDate='2025-02-14T23:48:03.018973829Z', duration='120', dueDate='2025-02-15T01:50:08.018974Z'}
    23:48:03.055 |  51 Pool-1-worker-25 | DEBUG | d.t.c.a.a.q.s.QuizExerciseService    : Save quiz exercise to database: QuizExercise{id=null, title='New title', randomizeQuestionOrder='true', allowedNumberOfAttempts='1', isOpenForPractice='false', releaseDate='2025-02-14T23:48:03.018973829Z', duration='120', dueDate='2025-02-15T01:50:08.018974Z'}
    23:48:03.074 |  51 Pool-1-worker-25 | INFO  | .c.s.m.InstanceMessageReceiveService : Received schedule quiz start for quiz exercise 3673
    23:48:03.078 |  51 Pool-1-worker-25 | DEBUG | t.c.a.a.e.s.ExerciseLifecycleService : Scheduled Task for Exercise "New title" (#3673) to trigger on START.
    23:48:03.078 |  51 Pool-1-worker-25 | DEBUG | t.c.a.a.e.s.ExerciseLifecycleService : Scheduled 1 Tasks for Exercise "New title" (#3673) to trigger on DUE.

  Starting logs for QuizExerciseIntegrationTest > testCreateQuizExerciseAsNonEditorForbidden()
    23:48:03.138 |  51 Pool-1-worker-25 | DEBUG | d.t.c.a.a.c.u.util.UserUtilService   : Generate 1 students...
    23:48:03.141 |  51 Pool-1-worker-25 | DEBUG | d.t.c.a.a.c.u.util.UserUtilService   : 1 students generated. Generate 1 tutors...
    23:48:03.144 |  51 Pool-1-worker-25 | DEBUG | d.t.c.a.a.c.u.util.UserUtilService   : 1 tutors generated. Generate 1 editors...
    23:48:03.146 |  51 Pool-1-worker-25 | DEBUG | d.t.c.a.a.c.u.util.UserUtilService   : 1 editors generated. Generate 1 instructors...
    23:48:03.149 |  51 Pool-1-worker-25 | DEBUG | d.t.c.a.a.c.u.util.UserUtilService   : 1 instructors generated
    23:48:03.151 |  51 Pool-1-worker-25 | DEBUG | d.t.c.a.a.c.u.util.UserUtilService   : Removing 4 users from all courses...
    23:48:03.152 |  51 Pool-1-worker-25 | DEBUG | d.t.c.a.a.c.u.util.UserUtilService   : Removing 4 users from all courses. Done
    23:48:03.152 |  51 Pool-1-worker-25 | DEBUG | d.t.c.a.a.c.u.util.UserUtilService   : Save 4 users to database...
    23:48:03.156 |  51 Pool-1-worker-25 | DEBUG | d.t.c.a.a.c.u.util.UserUtilService   : Save 4 users to database. Done
    23:48:03.156 |  51 Pool-1-worker-25 | INFO  | i.z.t.d.l.EmbeddedDatabaseReporter   : JDBC URL to connect to 'dataSource': url='jdbc:h2:tcp://localhost:41063/mem:df70fc46-7e57-4cb5-9cd0-c1d90c14afa7;USER=sa', scope='QuizExerciseIntegrationTest#testCreateQuizExerciseAsNonEditorForbidden'
    23:48:03.160 |  51 Pool-1-worker-25 | DEBUG | d.t.c.a.a.c.s.f.ApiVersionFilter     : Adding Version to Request POST /api/quiz-exercises
    23:48:03.165 |  51 Pool-1-worker-25 | WARN  | o.z.p.spring.common.AdviceTraits     : Forbidden: Access Denied

  Starting logs for QuizExerciseIntegrationTest > testReevaluateStatistics_Practice()
    23:48:03.186 |  51 Pool-1-worker-25 | DEBUG | d.t.c.a.a.c.u.util.UserUtilService   : Generate 1 students...
    23:48:03.192 |  51 Pool-1-worker-25 | DEBUG | d.t.c.a.a.c.u.util.UserUtilService   : 1 students generated. Generate 1 tutors...
    23:48:03.197 |  51 Pool-1-worker-25 | DEBUG | d.t.c.a.a.c.u.util.UserUtilService   : 1 tutors generated. Generate 1 editors...
    23:48:03.200 |  51 Pool-1-worker-25 | DEBUG | d.t.c.a.a.c.u.util.UserUtilService   : 1 editors generated. Generate 1 instructors...
    23:48:03.203 |  51 Pool-1-worker-25 | DEBUG | d.t.c.a.a.c.u.util.UserUtilService   : 1 instructors generated
    23:48:03.205 |  51 Pool-1-worker-25 | DEBUG | d.t.c.a.a.c.u.util.UserUtilService   : Removing 4 users from all courses...
    23:48:03.206 |  51 Pool-1-worker-25 | DEBUG | d.t.c.a.a.c.u.util.UserUtilService   : Removing 4 users from all courses. Done
    23:48:03.206 |  51 Pool-1-worker-25 | DEBUG | d.t.c.a.a.c.u.util.UserUtilService   : Save 4 users to database...
    23:48:03.211 |  51 Pool-1-worker-25 | DEBUG | d.t.c.a.a.c.u.util.UserUtilService   : Save 4 users to database. Done
    23:48:03.211 |  51 Pool-1-worker-25 | INFO  | i.z.t.d.l.EmbeddedDatabaseReporter   : JDBC URL to connect to 'dataSource': url='jdbc:h2:tcp://localhost:41063/mem:df70fc46-7e57-4cb5-9cd0-c1d90c14afa7;USER=sa', scope='QuizExerciseIntegrationTest#testReevaluateStatistics_Practice'
    23:48:03.217 |  51 Pool-1-worker-25 | DEBUG | d.t.c.a.a.c.s.f.ApiVersionFilter     : Adding Version to Request POST /api/quiz-exercises
    23:48:03.218 |  51 Pool-1-worker-25 | INFO  | d.t.c.a.a.q.web.QuizExerciseResource : REST request to create QuizExercise : QuizExercise{id=null, title='new quiz', randomizeQuestionOrder='true', allowedNumberOfAttempts='1', isOpenForPractice='false', releaseDate='2025-02-14T23:48:08.211972315Z', duration='3600', dueDate='null'}
    23:48:03.227 |  51 Pool-1-worker-25 | DEBUG | d.t.c.a.a.q.s.QuizExerciseService    : Save quiz exercise to database: QuizExercise{id=null, title='new quiz', randomizeQuestionOrder='true', allowedNumberOfAttempts='1', isOpenForPractice='false', releaseDate='2025-02-14T23:48:08.211972315Z', duration='3600', dueDate='2025-02-15T00:48:13.211972315Z'}
    23:48:03.255 |  51 Pool-1-worker-25 | INFO  | .c.s.m.InstanceMessageReceiveService : Received schedule quiz start for quiz exercise 3674
    23:48:03.257 |  51 Pool-1-worker-25 | DEBUG | t.c.a.a.e.s.ExerciseLifecycleService : Scheduled Task for Exercise "new quiz" (#3674) to trigger on START.
    23:48:03.257 |  51 Pool-1-worker-25 | DEBUG | t.c.a.a.e.s.ExerciseLifecycleService : Scheduled 1 Tasks for Exercise "new quiz" (#3674) to trigger on DUE.
    23:48:03.312 |  51 Pool-1-worker-25 | DEBUG | d.t.c.a.a.c.s.f.ApiVersionFilter     : Adding Version to Request PUT /api/quiz-exercises/3674/re-evaluate
    23:48:03.322 |  51 Pool-1-worker-25 | INFO  | d.t.c.a.a.q.web.QuizExerciseResource : REST request to re-evaluate quiz exercise : 3674
    23:48:03.329 |  51 Pool-1-worker-25 | ERROR | tech.jhipster.web.util.HeaderUtil    : Entity processing failed, The quiz exercise has not ended yet. Re-evaluation is only allowed after a quiz has ended.
    23:48:03.329 |  51 Pool-1-worker-25 | WARN  | o.z.p.spring.common.AdviceTraits     : Bad Request: The quiz exercise has not ended yet. Re-evaluation is only allowed after a quiz has ended.
    23:48:03.334 |  51 Pool-1-worker-25 | DEBUG | d.t.c.a.a.c.s.f.ApiVersionFilter     : Adding Version to Request PUT /api/quiz-exercises/3674
    23:48:03.340 |  51 Pool-1-worker-25 | INFO  | d.t.c.a.a.q.web.QuizExerciseResource : REST request to update quiz exercise : QuizExercise{id=3674, title='new quiz', randomizeQuestionOrder='true', allowedNumberOfAttempts='1', isOpenForPractice='true', releaseDate='2025-02-14T21:48:03.332549951Z', duration='3600', dueDate='2025-02-14T23:48:03Z'}
    23:48:03.351 |  51 Pool-1-worker-25 | WARN  | d.t.c.a.a.core.service.FileService   : Could not delete file /api/files/drag-and-drop/drag-items/512/dnd_image_2025-02-14T23-48-03-226_dragItemImage2.png. Error message: /api/files/drag-and-drop/drag-items/512/dnd_image_2025-02-14T23-48-03-226_dragItemImage2.png
    23:48:03.351 |  51 Pool-1-worker-25 | WARN  | d.t.c.a.a.core.service.FileService   : Could not delete file /api/files/drag-and-drop/drag-items/510/dnd_image_2025-02-14T23-48-03-226_dragItemImage1.png. Error message: /api/files/drag-and-drop/drag-items/510/dnd_image_2025-02-14T23-48-03-226_dragItemImage1.png
    23:48:03.351 |  51 Pool-1-worker-25 | DEBUG | d.t.c.a.a.q.s.QuizExerciseService    : Save quiz exercise to database: QuizExercise{id=3674, title='new quiz', randomizeQuestionOrder='true', allowedNumberOfAttempts='1', isOpenForPractice='true', releaseDate='2025-02-14T21:48:03.332549951Z', duration='3600', dueDate='2025-02-14T23:48:03Z'}
    23:48:03.356 |  51 Pool-1-worker-25 | WARN  | o.h.e.i.StatefulPersistenceContext   : HHH000179: Narrowing proxy to class de.tum.cit.aet.artemis.quiz.domain.MultipleChoiceQuestionStatistic - this operation breaks ==
    23:48:03.356 |  51 Pool-1-worker-25 | WARN  | o.h.e.i.StatefulPersistenceContext   : HHH000179: Narrowing proxy to class de.tum.cit.aet.artemis.quiz.domain.MultipleChoiceQuestionStatistic - this operation breaks ==
    23:48:03.362 |  51 Pool-1-worker-25 | WARN  | o.h.e.i.StatefulPersistenceContext   : HHH000179: Narrowing proxy to class de.tum.cit.aet.artemis.quiz.domain.DragAndDropQuestionStatistic - this operation breaks ==
    23:48:03.362 |  51 Pool-1-worker-25 | WARN  | o.h.e.i.StatefulPersistenceContext   : HHH000179: Narrowing proxy to class de.tum.cit.aet.artemis.quiz.domain.DragAndDropQuestionStatistic - this operation breaks ==
    23:48:03.364 |  51 Pool-1-worker-25 | WARN  | o.h.e.i.StatefulPersistenceContext   : HHH000179: Narrowing proxy to class de.tum.cit.aet.artemis.quiz.domain.ShortAnswerQuestionStatistic - this operation breaks ==
    23:48:03.364 |  51 Pool-1-worker-25 | WARN  | o.h.e.i.StatefulPersistenceContext   : HHH000179: Narrowing proxy to class de.tum.cit.aet.artemis.quiz.domain.ShortAnswerQuestionStatistic - this operation breaks ==
    23:48:03.405 |  51 Pool-1-worker-25 | INFO  | .c.s.m.InstanceMessageReceiveService : Received schedule quiz start for quiz exercise 3674
    23:48:03.409 |  51 Pool-1-worker-25 | DEBUG | d.t.c.a.a.c.service.ScheduleService  : Cancelling scheduled task START for Exercise (#3674).
    23:48:03.410 |  51 Pool-1-worker-25 | INFO  | d.t.c.a.a.e.service.ExerciseService  : User quizexerciseintegrationinstructor1 has updated QuizExercise new quiz with id 3674
    23:48:03.455 |  51 Pool-1-worker-25 | DEBUG | .c.s.m.InstanceMessageReceiveService : Received schedule participant score for exercise 3674 and participant 718 (result to be deleted: null)
    23:48:03.455 |  51 Pool-1-worker-25 | DEBUG | .a.s.ParticipantScoreScheduleService : Scheduled task for exercise 3674 and participant 718 at 2025-02-14T23:48:03.555145821Z[Etc/UTC].
    23:48:03.515 |  51 Pool-1-worker-25 | DEBUG | .c.s.m.InstanceMessageReceiveService : Received schedule participant score for exercise 3674 and participant 718 (result to be deleted: null)
    23:48:03.516 |  51 Pool-1-worker-25 | DEBUG | .a.s.ParticipantScoreScheduleService : Scheduled task for exercise 3674 and participant 718 at 2025-02-14T23:48:03.615699003Z[Etc/UTC].
    23:48:03.543 |  51 Pool-1-worker-25 | DEBUG | .c.s.m.InstanceMessageReceiveService : Received schedule participant score for exercise 3674 and participant 719 (result to be deleted: null)
    23:48:03.543 |  51 Pool-1-worker-25 | DEBUG | .a.s.ParticipantScoreScheduleService : Scheduled task for exercise 3674 and participant 719 at 2025-02-14T23:48:03.643697377Z[Etc/UTC].
    23:48:03.572 |  51 Pool-1-worker-25 | DEBUG | .c.s.m.InstanceMessageReceiveService : Received schedule participant score for exercise 3674 and participant 719 (result to be deleted: null)
    23:48:03.572 |  51 Pool-1-worker-25 | DEBUG | .a.s.ParticipantScoreScheduleService : Scheduled task for exercise 3674 and participant 719 at 2025-02-14T23:48:03.672164758Z[Etc/UTC].
    23:48:03.591 |  51 Pool-1-worker-25 | DEBUG | .c.s.m.InstanceMessageReceiveService : Received schedule participant score for exercise 3674 and participant 720 (result to be deleted: null)
    23:48:03.591 |  51 Pool-1-worker-25 | DEBUG | .a.s.ParticipantScoreScheduleService : Scheduled task for exercise 3674 and participant 720 at 2025-02-14T23:48:03.691440547Z[Etc/UTC].
    23:48:03.615 | 665 taskScheduler-3  | DEBUG | .a.s.ParticipantScoreScheduleService : Processing exercise 3674 and participant 718 to update participant scores.
    23:48:03.626 |  51 Pool-1-worker-25 | DEBUG | .c.s.m.InstanceMessageReceiveService : Received schedule participant score for exercise 3674 and participant 720 (result to be deleted: null)
    23:48:03.626 |  51 Pool-1-worker-25 | DEBUG | .a.s.ParticipantScoreScheduleService : Scheduled task for exercise 3674 and participant 720 at 2025-02-14T23:48:03.726393383Z[Etc/UTC].
    23:48:03.626 | 665 taskScheduler-3  | DEBUG | .a.s.ParticipantScoreScheduleService : Updated participant score 94.
    23:48:03.632 | 665 taskScheduler-3  | DEBUG | .a.s.ParticipantScoreScheduleService : Updating the participant score for exercise 3674 and participant 718 took 17 ms.
    23:48:03.646 |  51 Pool-1-worker-25 | DEBUG | .c.s.m.InstanceMessageReceiveService : Received schedule participant score for exercise 3674 and participant 722 (result to be deleted: null)
    23:48:03.646 |  51 Pool-1-worker-25 | DEBUG | .a.s.ParticipantScoreScheduleService : Scheduled task for exercise 3674 and participant 722 at 2025-02-14T23:48:03.746688564Z[Etc/UTC].
    23:48:03.672 | 664 taskScheduler-2  | DEBUG | .a.s.ParticipantScoreScheduleService : Processing exercise 3674 and participant 719 to update participant scores.
    23:48:03.683 | 664 taskScheduler-2  | DEBUG | .a.s.ParticipantScoreScheduleService : Updated participant score 95.
    23:48:03.690 | 664 taskScheduler-2  | DEBUG | .a.s.ParticipantScoreScheduleService : Updating the participant score for exercise 3674 and participant 719 took 18 ms.
    23:48:03.698 |  51 Pool-1-worker-25 | DEBUG | .c.s.m.InstanceMessageReceiveService : Received schedule participant score for exercise 3674 and participant 722 (result to be deleted: null)
    23:48:03.698 |  51 Pool-1-worker-25 | DEBUG | .a.s.ParticipantScoreScheduleService : Scheduled task for exercise 3674 and participant 722 at 2025-02-14T23:48:03.798308634Z[Etc/UTC].
    23:48:03.726 | 666 taskScheduler-4  | DEBUG | .a.s.ParticipantScoreScheduleService : Processing exercise 3674 and participant 720 to update participant scores.
    23:48:03.728 |  51 Pool-1-worker-25 | DEBUG | .c.s.m.InstanceMessageReceiveService : Received schedule participant score for exercise 3674 and participant 723 (result to be deleted: null)
    23:48:03.728 |  51 Pool-1-worker-25 | DEBUG | .a.s.ParticipantScoreScheduleService : Scheduled task for exercise 3674 and participant 723 at 2025-02-14T23:48:03.828385206Z[Etc/UTC].
    23:48:03.733 | 666 taskScheduler-4  | DEBUG | .a.s.ParticipantScoreScheduleService : Updated participant score 96.
    23:48:03.736 | 666 taskScheduler-4  | DEBUG | .a.s.ParticipantScoreScheduleService : Updating the participant score for exercise 3674 and participant 720 took 10 ms.
    23:48:03.751 |  51 Pool-1-worker-25 | DEBUG | .c.s.m.InstanceMessageReceiveService : Received schedule participant score for exercise 3674 and participant 723 (result to be deleted: null)
    23:48:03.751 |  51 Pool-1-worker-25 | DEBUG | .a.s.ParticipantScoreScheduleService : Scheduled task for exercise 3674 and participant 723 at 2025-02-14T23:48:03.851328217Z[Etc/UTC].
    23:48:03.770 |  51 Pool-1-worker-25 | DEBUG | .c.s.m.InstanceMessageReceiveService : Received schedule participant score for exercise 3674 and participant 724 (result to be deleted: null)
    23:48:03.770 |  51 Pool-1-worker-25 | DEBUG | .a.s.ParticipantScoreScheduleService : Scheduled task for exercise 3674 and participant 724 at 2025-02-14T23:48:03.870567839Z[Etc/UTC].
    23:48:03.798 | 663 taskScheduler-1  | DEBUG | .a.s.ParticipantScoreScheduleService : Processing exercise 3674 and participant 722 to update participant scores.
    23:48:03.802 |  51 Pool-1-worker-25 | DEBUG | .c.s.m.InstanceMessageReceiveService : Received schedule participant score for exercise 3674 and participant 724 (result to be deleted: null)
    23:48:03.802 |  51 Pool-1-worker-25 | DEBUG | .a.s.ParticipantScoreScheduleService : Scheduled task for exercise 3674 and participant 724 at 2025-02-14T23:48:03.902794501Z[Etc/UTC].
    23:48:03.803 | 663 taskScheduler-1  | DEBUG | .a.s.ParticipantScoreScheduleService : Updated participant score 97.
    23:48:03.806 | 663 taskScheduler-1  | DEBUG | .a.s.ParticipantScoreScheduleService : Updating the participant score for exercise 3674 and participant 722 took 8 ms.
    23:48:03.820 |  51 Pool-1-worker-25 | DEBUG | .c.s.m.InstanceMessageReceiveService : Received schedule participant score for exercise 3674 and participant 725 (result to be deleted: null)
    23:48:03.820 |  51 Pool-1-worker-25 | DEBUG | .a.s.ParticipantScoreScheduleService : Scheduled task for exercise 3674 and participant 725 at 2025-02-14T23:48:03.920332819Z[Etc/UTC].
    23:48:03.851 | 665 taskScheduler-3  | DEBUG | .a.s.ParticipantScoreScheduleService : Processing exercise 3674 and participant 723 to update participant scores.
    23:48:03.855 |  51 Pool-1-worker-25 | DEBUG | .c.s.m.InstanceMessageReceiveService : Received schedule participant score for exercise 3674 and participant 725 (result to be deleted: null)
    23:48:03.855 |  51 Pool-1-worker-25 | DEBUG | .a.s.ParticipantScoreScheduleService : Scheduled task for exercise 3674 and participant 725 at 2025-02-14T23:48:03.955638815Z[Etc/UTC].
    23:48:03.859 | 665 taskScheduler-3  | DEBUG | .a.s.ParticipantScoreScheduleService : Updated participant score 98.
    23:48:03.868 | 665 taskScheduler-3  | DEBUG | .a.s.ParticipantScoreScheduleService : Updating the participant score for exercise 3674 and participant 723 took 17 ms.
    23:48:03.877 |  51 Pool-1-worker-25 | DEBUG | .c.s.m.InstanceMessageReceiveService : Received schedule participant score for exercise 3674 and participant 726 (result to be deleted: null)
    23:48:03.877 |  51 Pool-1-worker-25 | DEBUG | .a.s.ParticipantScoreScheduleService : Scheduled task for exercise 3674 and participant 726 at 2025-02-14T23:48:03.977668790Z[Etc/UTC].
    23:48:03.902 | 664 taskScheduler-2  | DEBUG | .a.s.ParticipantScoreScheduleService : Processing exercise 3674 and participant 724 to update participant scores.
    23:48:03.908 | 664 taskScheduler-2  | DEBUG | .a.s.ParticipantScoreScheduleService : Updated participant score 99.
    23:48:03.909 |  51 Pool-1-worker-25 | DEBUG | .c.s.m.InstanceMessageReceiveService : Received schedule participant score for exercise 3674 and participant 726 (result to be deleted: null)
    23:48:03.909 |  51 Pool-1-worker-25 | DEBUG | .a.s.ParticipantScoreScheduleService : Scheduled task for exercise 3674 and participant 726 at 2025-02-14T23:48:04.009760480Z[Etc/UTC].
    23:48:03.917 | 664 taskScheduler-2  | DEBUG | .a.s.ParticipantScoreScheduleService : Updating the participant score for exercise 3674 and participant 724 took 15 ms.
    23:48:03.928 |  51 Pool-1-worker-25 | DEBUG | .c.s.m.InstanceMessageReceiveService : Received schedule participant score for exercise 3674 and participant 714 (result to be deleted: null)
    23:48:03.928 |  51 Pool-1-worker-25 | DEBUG | .a.s.ParticipantScoreScheduleService : Scheduled task for exercise 3674 and participant 714 at 2025-02-14T23:48:04.028782847Z[Etc/UTC].
    23:48:03.955 | 666 taskScheduler-4  | DEBUG | .a.s.ParticipantScoreScheduleService : Processing exercise 3674 and participant 725 to update participant scores.
    23:48:03.956 |  51 Pool-1-worker-25 | DEBUG | .c.s.m.InstanceMessageReceiveService : Received schedule participant score for exercise 3674 and participant 714 (result to be deleted: null)
    23:48:03.956 |  51 Pool-1-worker-25 | DEBUG | .a.s.ParticipantScoreScheduleService : Scheduled task for exercise 3674 and participant 714 at 2025-02-14T23:48:04.056768379Z[Etc/UTC].
    23:48:03.971 | 666 taskScheduler-4  | DEBUG | .a.s.ParticipantScoreScheduleService : Updated participant score 100.
    23:48:03.975 |  51 Pool-1-worker-25 | DEBUG | .c.s.m.InstanceMessageReceiveService : Received schedule participant score for exercise 3674 and participant 721 (result to be deleted: null)
    23:48:03.975 |  51 Pool-1-worker-25 | DEBUG | .a.s.ParticipantScoreScheduleService : Scheduled task for exercise 3674 and participant 721 at 2025-02-14T23:48:04.075496447Z[Etc/UTC].
    23:48:03.980 | 666 taskScheduler-4  | DEBUG | .a.s.ParticipantScoreScheduleService : Updating the participant score for exercise 3674 and participant 725 took 25 ms.
    23:48:04.004 |  51 Pool-1-worker-25 | DEBUG | .c.s.m.InstanceMessageReceiveService : Received schedule participant score for exercise 3674 and participant 721 (result to be deleted: null)
    23:48:04.004 |  51 Pool-1-worker-25 | DEBUG | .a.s.ParticipantScoreScheduleService : Scheduled task for exercise 3674 and participant 721 at 2025-02-14T23:48:04.104960186Z[Etc/UTC].
    23:48:04.009 | 663 taskScheduler-1  | DEBUG | .a.s.ParticipantScoreScheduleService : Processing exercise 3674 and participant 726 to update participant scores.
    23:48:04.018 |  51 Pool-1-worker-25 | DEBUG | d.t.c.a.a.c.s.f.ApiVersionFilter     : Adding Version to Request GET /api/quiz-exercises/3674/recalculate-statistics
    23:48:04.020 | 663 taskScheduler-1  | DEBUG | .a.s.ParticipantScoreScheduleService : Updated participant score 101.
    23:48:04.021 |  51 Pool-1-worker-25 | INFO  | d.t.c.a.a.q.web.QuizExerciseResource : REST request to recalculate quiz statistics : 3674
    23:48:04.022 | 663 taskScheduler-1  | DEBUG | .a.s.ParticipantScoreScheduleService : Updating the participant score for exercise 3674 and participant 726 took 13 ms.
    23:48:04.056 | 664 taskScheduler-2  | DEBUG | .a.s.ParticipantScoreScheduleService : Processing exercise 3674 and participant 714 to update participant scores.
    23:48:04.064 | 664 taskScheduler-2  | DEBUG | .a.s.ParticipantScoreScheduleService : Updated participant score 102.
    23:48:04.069 | 664 taskScheduler-2  | DEBUG | .a.s.ParticipantScoreScheduleService : Updating the participant score for exercise 3674 and participant 714 took 13 ms.
    23:48:04.071 |  51 Pool-1-worker-25 | DEBUG | .c.a.a.q.QuizExerciseIntegrationTest : QuizPointStatistic before re-evaluate: QuizPointStatistic{id=267, counters=[PointCounter{id=800, points='6.0', rated=0, unrated=2}, PointCounter{id=801, points='7.0', rated=0, unrated=1}, PointCounter{id=802, points='8.0', rated=0, unrated=0}, PointCounter{id=803, points='9.0', rated=0, unrated=0}, PointCounter{id=794, points='0.0', rated=0, unrated=3}, PointCounter{id=795, points='1.0', rated=0, unrated=0}, PointCounter{id=796, points='2.0', rated=0, unrated=0}, PointCounter{id=797, points='3.0', rated=0, unrated=2}, PointCounter{id=798, points='4.0', rated=0, unrated=2}, PointCounter{id=799, points='5.0', rated=0, unrated=0}]}
    23:48:04.072 |  51 Pool-1-worker-25 | DEBUG | d.t.c.a.a.c.s.f.ApiVersionFilter     : Adding Version to Request PUT /api/quiz-exercises/3674/re-evaluate
    23:48:04.075 |  51 Pool-1-worker-25 | INFO  | d.t.c.a.a.q.web.QuizExerciseResource : REST request to re-evaluate quiz exercise : 3674
    23:48:04.080 |  51 Pool-1-worker-25 | WARN  | d.t.c.a.a.core.service.FileService   : Could not delete file /api/files/drag-and-drop/drag-items/512/dnd_image_2025-02-14T23-48-03-226_dragItemImage2.png. Error message: /api/files/drag-and-drop/drag-items/512/dnd_image_2025-02-14T23-48-03-226_dragItemImage2.png
    23:48:04.080 |  51 Pool-1-worker-25 | WARN  | d.t.c.a.a.core.service.FileService   : Could not delete file /api/files/drag-and-drop/drag-items/510/dnd_image_2025-02-14T23-48-03-226_dragItemImage1.png. Error message: /api/files/drag-and-drop/drag-items/510/dnd_image_2025-02-14T23-48-03-226_dragItemImage1.png
    23:48:04.085 |  51 Pool-1-worker-25 | INFO  | d.t.c.a.a.q.s.QuizExerciseService    : Found 10 results to update for quiz re-evaluate
    23:48:04.105 | 666 taskScheduler-4  | DEBUG | .a.s.ParticipantScoreScheduleService : Processing exercise 3674 and participant 721 to update participant scores.
    23:48:04.106 |  51 Pool-1-worker-25 | DEBUG | .c.s.m.InstanceMessageReceiveService : Received schedule participant score for exercise 3674 and participant 718 (result to be deleted: null)
    23:48:04.106 |  51 Pool-1-worker-25 | DEBUG | .a.s.ParticipantScoreScheduleService : Scheduled task for exercise 3674 and participant 718 at 2025-02-14T23:48:04.206205023Z[Etc/UTC].
    23:48:04.106 |  51 Pool-1-worker-25 | DEBUG | .c.s.m.InstanceMessageReceiveService : Received schedule participant score for exercise 3674 and participant 719 (result to be deleted: null)
    23:48:04.106 |  51 Pool-1-worker-25 | DEBUG | .a.s.ParticipantScoreScheduleService : Scheduled task for exercise 3674 and participant 719 at 2025-02-14T23:48:04.206432738Z[Etc/UTC].
    23:48:04.106 |  51 Pool-1-worker-25 | DEBUG | .c.s.m.InstanceMessageReceiveService : Received schedule participant score for exercise 3674 and participant 720 (result to be deleted: null)
    23:48:04.106 |  51 Pool-1-worker-25 | DEBUG | .a.s.ParticipantScoreScheduleService : Scheduled task for exercise 3674 and participant 720 at 2025-02-14T23:48:04.206611261Z[Etc/UTC].
    23:48:04.106 |  51 Pool-1-worker-25 | DEBUG | .c.s.m.InstanceMessageReceiveService : Received schedule participant score for exercise 3674 and participant 722 (result to be deleted: null)
    23:48:04.106 |  51 Pool-1-worker-25 | DEBUG | .a.s.ParticipantScoreScheduleService : Scheduled task for exercise 3674 and participant 722 at 2025-02-14T23:48:04.206800063Z[Etc/UTC].
    23:48:04.106 |  51 Pool-1-worker-25 | DEBUG | .c.s.m.InstanceMessageReceiveService : Received schedule participant score for exercise 3674 and participant 723 (result to be deleted: null)
    23:48:04.106 |  51 Pool-1-worker-25 | DEBUG | .a.s.ParticipantScoreScheduleService : Scheduled task for exercise 3674 and participant 723 at 2025-02-14T23:48:04.206973627Z[Etc/UTC].
    23:48:04.107 |  51 Pool-1-worker-25 | DEBUG | .c.s.m.InstanceMessageReceiveService : Received schedule participant score for exercise 3674 and participant 724 (result to be deleted: null)
    23:48:04.107 |  51 Pool-1-worker-25 | DEBUG | .a.s.ParticipantScoreScheduleService : Scheduled task for exercise 3674 and participant 724 at 2025-02-14T23:48:04.207158041Z[Etc/UTC].
    23:48:04.107 |  51 Pool-1-worker-25 | DEBUG | .c.s.m.InstanceMessageReceiveService : Received schedule participant score for exercise 3674 and participant 725 (result to be deleted: null)
    23:48:04.107 |  51 Pool-1-worker-25 | DEBUG | .a.s.ParticipantScoreScheduleService : Scheduled task for exercise 3674 and participant 725 at 2025-02-14T23:48:04.207306408Z[Etc/UTC].
    23:48:04.107 |  51 Pool-1-worker-25 | DEBUG | .c.s.m.InstanceMessageReceiveService : Received schedule participant score for exercise 3674 and participant 726 (result to be deleted: null)
    23:48:04.107 |  51 Pool-1-worker-25 | DEBUG | .a.s.ParticipantScoreScheduleService : Scheduled task for exercise 3674 and participant 726 at 2025-02-14T23:48:04.207464563Z[Etc/UTC].
    23:48:04.107 |  51 Pool-1-worker-25 | DEBUG | .c.s.m.InstanceMessageReceiveService : Received schedule participant score for exercise 3674 and participant 714 (result to be deleted: null)
    23:48:04.107 |  51 Pool-1-worker-25 | DEBUG | .a.s.ParticipantScoreScheduleService : Scheduled task for exercise 3674 and participant 714 at 2025-02-14T23:48:04.207605165Z[Etc/UTC].
    23:48:04.107 |  51 Pool-1-worker-25 | DEBUG | .c.s.m.InstanceMessageReceiveService : Received schedule participant score for exercise 3674 and participant 721 (result to be deleted: null)
    23:48:04.107 |  51 Pool-1-worker-25 | DEBUG | .a.s.ParticipantScoreScheduleService : Scheduled task for exercise 3674 and participant 721 at 2025-02-14T23:48:04.207757539Z[Etc/UTC].
    23:48:04.108 |  51 Pool-1-worker-25 | INFO  | d.t.c.a.a.q.s.QuizExerciseService    : 10 results have been updated successfully for quiz re-evaluate
    23:48:04.109 |  51 Pool-1-worker-25 | DEBUG | d.t.c.a.a.q.s.QuizExerciseService    : Save quiz exercise to database: QuizExercise{id=3674, title='new quiz', randomizeQuestionOrder='true', allowedNumberOfAttempts='1', isOpenForPractice='true', releaseDate='2025-02-14T21:48:03.332550Z', duration='3600', dueDate='2025-02-14T23:48:03Z'}
    23:48:04.109 | 666 taskScheduler-4  | DEBUG | .a.s.ParticipantScoreScheduleService : Updated participant score 103.
    23:48:04.111 |  51 Pool-1-worker-25 | WARN  | o.h.e.i.StatefulPersistenceContext   : HHH000179: Narrowing proxy to class de.tum.cit.aet.artemis.quiz.domain.MultipleChoiceQuestionStatistic - this operation breaks ==
    23:48:04.111 |  51 Pool-1-worker-25 | WARN  | o.h.e.i.StatefulPersistenceContext   : HHH000179: Narrowing proxy to class de.tum.cit.aet.artemis.quiz.domain.MultipleChoiceQuestionStatistic - this operation breaks ==
    23:48:04.112 | 666 taskScheduler-4  | DEBUG | .a.s.ParticipantScoreScheduleService : Updating the participant score for exercise 3674 and participant 721 took 7 ms.
    23:48:04.114 |  51 Pool-1-worker-25 | WARN  | o.h.e.i.StatefulPersistenceContext   : HHH000179: Narrowing proxy to class de.tum.cit.aet.artemis.quiz.domain.DragAndDropQuestionStatistic - this operation breaks ==
    23:48:04.114 |  51 Pool-1-worker-25 | WARN  | o.h.e.i.StatefulPersistenceContext   : HHH000179: Narrowing proxy to class de.tum.cit.aet.artemis.quiz.domain.DragAndDropQuestionStatistic - this operation breaks ==
    23:48:04.117 |  51 Pool-1-worker-25 | WARN  | o.h.e.i.StatefulPersistenceContext   : HHH000179: Narrowing proxy to class de.tum.cit.aet.artemis.quiz.domain.ShortAnswerQuestionStatistic - this operation breaks ==
    23:48:04.117 |  51 Pool-1-worker-25 | WARN  | o.h.e.i.StatefulPersistenceContext   : HHH000179: Narrowing proxy to class de.tum.cit.aet.artemis.quiz.domain.ShortAnswerQuestionStatistic - this operation breaks ==
    23:48:04.125 |  51 Pool-1-worker-25 | INFO  | .c.s.m.InstanceMessageReceiveService : Received schedule quiz start for quiz exercise 3674
    23:48:04.132 |  51 Pool-1-worker-25 | INFO  | d.t.c.a.a.e.service.ExerciseService  : User quizexerciseintegrationinstructor1 has updated QuizExercise new quiz with id 3674
    23:48:04.137 |  51 Pool-1-worker-25 | DEBUG | .c.a.a.q.QuizExerciseIntegrationTest : AnswerCounters: AnswerCounter{id=804, rated=0, unrated=6}
    23:48:04.137 |  51 Pool-1-worker-25 | DEBUG | .c.a.a.q.QuizExerciseIntegrationTest : MultipleChoiceQuestionStatistic: null
    23:48:04.137 |  51 Pool-1-worker-25 | DEBUG | .c.a.a.q.QuizExerciseIntegrationTest : AnswerCounters: AnswerCounter{id=805, rated=0, unrated=4}
    23:48:04.137 |  51 Pool-1-worker-25 | DEBUG | .c.a.a.q.QuizExerciseIntegrationTest : MultipleChoiceQuestionStatistic: null
    23:48:04.137 |  51 Pool-1-worker-25 | DEBUG | .c.a.a.q.QuizExerciseIntegrationTest : DropLocationCounters: DropLocationCounter{id=806}
    23:48:04.137 |  51 Pool-1-worker-25 | DEBUG | .c.a.a.q.QuizExerciseIntegrationTest : DragAndDropQuestionStatistic: null
    23:48:04.137 |  51 Pool-1-worker-25 | DEBUG | .c.a.a.q.QuizExerciseIntegrationTest : DropLocationCounters: DropLocationCounter{id=807}
    23:48:04.137 |  51 Pool-1-worker-25 | DEBUG | .c.a.a.q.QuizExerciseIntegrationTest : DragAndDropQuestionStatistic: null
    23:48:04.137 |  51 Pool-1-worker-25 | DEBUG | .c.a.a.q.QuizExerciseIntegrationTest : DropLocationCounters: DropLocationCounter{id=808}
    23:48:04.137 |  51 Pool-1-worker-25 | DEBUG | .c.a.a.q.QuizExerciseIntegrationTest : DragAndDropQuestionStatistic: null
    23:48:04.137 |  51 Pool-1-worker-25 | DEBUG | .c.a.a.q.QuizExerciseIntegrationTest : DropLocationCounters: DropLocationCounter{id=809}
    23:48:04.137 |  51 Pool-1-worker-25 | DEBUG | .c.a.a.q.QuizExerciseIntegrationTest : DragAndDropQuestionStatistic: null
    23:48:04.137 |  51 Pool-1-worker-25 | DEBUG | .c.a.a.q.QuizExerciseIntegrationTest : ShortAnswerSpotCounters: ShortAnswerSpotCounter{id=810}
    23:48:04.137 |  51 Pool-1-worker-25 | DEBUG | .c.a.a.q.QuizExerciseIntegrationTest : ShortAnswerQuestionStatistic: null
    23:48:04.137 |  51 Pool-1-worker-25 | DEBUG | .c.a.a.q.QuizExerciseIntegrationTest : ShortAnswerSpotCounters: ShortAnswerSpotCounter{id=811}
    23:48:04.137 |  51 Pool-1-worker-25 | DEBUG | .c.a.a.q.QuizExerciseIntegrationTest : ShortAnswerQuestionStatistic: null
    23:48:04.137 |  51 Pool-1-worker-25 | DEBUG | .c.a.a.q.QuizExerciseIntegrationTest : QuizPointStatistic after re-evaluate (without changes): QuizPointStatistic{id=267, counters=[PointCounter{id=800, points='6.0', rated=0, unrated=2}, PointCounter{id=801, points='7.0', rated=0, unrated=1}, PointCounter{id=802, points='8.0', rated=0, unrated=0}, PointCounter{id=803, points='9.0', rated=0, unrated=0}, PointCounter{id=794, points='0.0', rated=0, unrated=3}, PointCounter{id=795, points='1.0', rated=0, unrated=0}, PointCounter{id=796, points='2.0', rated=0, unrated=0}, PointCounter{id=797, points='3.0', rated=0, unrated=2}, PointCounter{id=798, points='4.0', rated=0, unrated=2}, PointCounter{id=799, points='5.0', rated=0, unrated=0}]}
    23:48:04.139 |  51 Pool-1-worker-25 | DEBUG | d.t.c.a.a.c.s.f.ApiVersionFilter     : Adding Version to Request PUT /api/quiz-exercises/3674/re-evaluate
    23:48:04.141 |  51 Pool-1-worker-25 | INFO  | d.t.c.a.a.q.web.QuizExerciseResource : REST request to re-evaluate quiz exercise : 3674
    23:48:04.146 |  51 Pool-1-worker-25 | WARN  | d.t.c.a.a.core.service.FileService   : Could not delete file /api/files/drag-and-drop/drag-items/512/dnd_image_2025-02-14T23-48-03-226_dragItemImage2.png. Error message: /api/files/drag-and-drop/drag-items/512/dnd_image_2025-02-14T23-48-03-226_dragItemImage2.png
    23:48:04.146 |  51 Pool-1-worker-25 | WARN  | d.t.c.a.a.core.service.FileService   : Could not delete file /api/files/drag-and-drop/drag-items/510/dnd_image_2025-02-14T23-48-03-226_dragItemImage1.png. Error message: /api/files/drag-and-drop/drag-items/510/dnd_image_2025-02-14T23-48-03-226_dragItemImage1.png
    23:48:04.153 |  51 Pool-1-worker-25 | INFO  | d.t.c.a.a.q.s.QuizExerciseService    : Found 10 results to update for quiz re-evaluate
    23:48:04.189 |  51 Pool-1-worker-25 | DEBUG | .c.s.m.InstanceMessageReceiveService : Received schedule participant score for exercise 3674 and participant 714 (result to be deleted: null)
    23:48:04.189 |  51 Pool-1-worker-25 | DEBUG | .a.s.ParticipantScoreScheduleService : Scheduled task for exercise 3674 and participant 714 at 2025-02-14T23:48:04.289354246Z[Etc/UTC].
    23:48:04.189 |  51 Pool-1-worker-25 | INFO  | d.t.c.a.a.q.s.QuizExerciseService    : 10 results have been updated successfully for quiz re-evaluate
    23:48:04.190 |  51 Pool-1-worker-25 | DEBUG | d.t.c.a.a.q.s.QuizExerciseService    : Save quiz exercise to database: QuizExercise{id=3674, title='new quiz', randomizeQuestionOrder='true', allowedNumberOfAttempts='1', isOpenForPractice='true', releaseDate='2025-02-14T21:48:03.332550Z', duration='3600', dueDate='2025-02-14T23:48:03Z'}
    23:48:04.192 |  51 Pool-1-worker-25 | WARN  | o.h.e.i.StatefulPersistenceContext   : HHH000179: Narrowing proxy to class de.tum.cit.aet.artemis.quiz.domain.MultipleChoiceQuestionStatistic - this operation breaks ==
    23:48:04.192 |  51 Pool-1-worker-25 | WARN  | o.h.e.i.StatefulPersistenceContext   : HHH000179: Narrowing proxy to class de.tum.cit.aet.artemis.quiz.domain.MultipleChoiceQuestionStatistic - this operation breaks ==
    23:48:04.197 |  51 Pool-1-worker-25 | WARN  | o.h.e.i.StatefulPersistenceContext   : HHH000179: Narrowing proxy to class de.tum.cit.aet.artemis.quiz.domain.DragAndDropQuestionStatistic - this operation breaks ==
    23:48:04.197 |  51 Pool-1-worker-25 | WARN  | o.h.e.i.StatefulPersistenceContext   : HHH000179: Narrowing proxy to class de.tum.cit.aet.artemis.quiz.domain.DragAndDropQuestionStatistic - this operation breaks ==
    23:48:04.201 |  51 Pool-1-worker-25 | WARN  | o.h.e.i.StatefulPersistenceContext   : HHH000179: Narrowing proxy to class de.tum.cit.aet.artemis.quiz.domain.ShortAnswerQuestionStatistic - this operation breaks ==
    23:48:04.201 |  51 Pool-1-worker-25 | WARN  | o.h.e.i.StatefulPersistenceContext   : HHH000179: Narrowing proxy to class de.tum.cit.aet.artemis.quiz.domain.ShortAnswerQuestionStatistic - this operation breaks ==
    23:48:04.208 | 664 taskScheduler-2  | DEBUG | .a.s.ParticipantScoreScheduleService : Processing exercise 3674 and participant 718 to update participant scores.
    23:48:04.208 | 663 taskScheduler-1  | DEBUG | .a.s.ParticipantScoreScheduleService : Processing exercise 3674 and participant 719 to update participant scores.
    23:48:04.208 | 665 taskScheduler-3  | DEBUG | .a.s.ParticipantScoreScheduleService : Processing exercise 3674 and participant 720 to update participant scores.
    23:48:04.212 | 666 taskScheduler-4  | DEBUG | .a.s.ParticipantScoreScheduleService : Processing exercise 3674 and participant 722 to update participant scores.
    23:48:04.212 |  51 Pool-1-worker-25 | INFO  | .c.s.m.InstanceMessageReceiveService : Received schedule quiz start for quiz exercise 3674
    23:48:04.223 | 663 taskScheduler-1  | DEBUG | .a.s.ParticipantScoreScheduleService : Updated participant score 95.
    23:48:04.223 | 666 taskScheduler-4  | DEBUG | .a.s.ParticipantScoreScheduleService : Updated participant score 97.
    23:48:04.225 | 664 taskScheduler-2  | DEBUG | .a.s.ParticipantScoreScheduleService : Updated participant score 94.
    23:48:04.230 | 666 taskScheduler-4  | DEBUG | .a.s.ParticipantScoreScheduleService : Updating the participant score for exercise 3674 and participant 722 took 18 ms.
    23:48:04.230 | 666 taskScheduler-4  | DEBUG | .a.s.ParticipantScoreScheduleService : Processing exercise 3674 and participant 723 to update participant scores.
    23:48:04.231 | 665 taskScheduler-3  | DEBUG | .a.s.ParticipantScoreScheduleService : Updated participant score 96.
    23:48:04.234 | 664 taskScheduler-2  | DEBUG | .a.s.ParticipantScoreScheduleService : Updating the participant score for exercise 3674 and participant 718 took 26 ms.
    23:48:04.234 | 664 taskScheduler-2  | DEBUG | .a.s.ParticipantScoreScheduleService : Processing exercise 3674 and participant 724 to update participant scores.
    23:48:04.236 | 665 taskScheduler-3  | DEBUG | .a.s.ParticipantScoreScheduleService : Updating the participant score for exercise 3674 and participant 720 took 28 ms.
    23:48:04.236 | 665 taskScheduler-3  | DEBUG | .a.s.ParticipantScoreScheduleService : Processing exercise 3674 and participant 725 to update participant scores.
    23:48:04.239 | 663 taskScheduler-1  | DEBUG | .a.s.ParticipantScoreScheduleService : Updating the participant score for exercise 3674 and participant 719 took 31 ms.
    23:48:04.239 | 663 taskScheduler-1  | DEBUG | .a.s.ParticipantScoreScheduleService : Processing exercise 3674 and participant 726 to update participant scores.
    23:48:04.248 | 666 taskScheduler-4  | DEBUG | .a.s.ParticipantScoreScheduleService : Updated participant score 98.
    23:48:04.255 | 666 taskScheduler-4  | DEBUG | .a.s.ParticipantScoreScheduleService : Updating the participant score for exercise 3674 and participant 723 took 25 ms.
    23:48:04.255 | 666 taskScheduler-4  | DEBUG | .a.s.ParticipantScoreScheduleService : Processing exercise 3674 and participant 721 to update participant scores.
    23:48:04.257 | 664 taskScheduler-2  | DEBUG | .a.s.ParticipantScoreScheduleService : Updated participant score 99.
    23:48:04.257 | 666 taskScheduler-4  | DEBUG | .a.s.ParticipantScoreScheduleService : Participant score 103 is already up-to-date, skipping.
    23:48:04.257 | 665 taskScheduler-3  | DEBUG | .a.s.ParticipantScoreScheduleService : Updated participant score 100.
    23:48:04.259 | 663 taskScheduler-1  | DEBUG | .a.s.ParticipantScoreScheduleService : Updated participant score 101.
    23:48:04.261 | 665 taskScheduler-3  | DEBUG | .a.s.ParticipantScoreScheduleService : Updating the participant score for exercise 3674 and participant 725 took 25 ms.
    23:48:04.263 |  51 Pool-1-worker-25 | INFO  | d.t.c.a.a.e.service.ExerciseService  : User quizexerciseintegrationinstructor1 has updated QuizExercise new quiz with id 3674
    23:48:04.265 | 663 taskScheduler-1  | DEBUG | .a.s.ParticipantScoreScheduleService : Updating the participant score for exercise 3674 and participant 726 took 26 ms.
    23:48:04.266 | 664 taskScheduler-2  | DEBUG | .a.s.ParticipantScoreScheduleService : Updating the participant score for exercise 3674 and participant 724 took 32 ms.
    23:48:04.268 |  51 Pool-1-worker-25 | DEBUG | .c.a.a.q.QuizExerciseIntegrationTest : QuizPointStatistic after 1st re-evaluate: QuizPointStatistic{id=267, counters=[PointCounter{id=800, points='6.0', rated=0, unrated=2}, PointCounter{id=801, points='7.0', rated=0, unrated=1}, PointCounter{id=802, points='8.0', rated=0, unrated=0}, PointCounter{id=803, points='9.0', rated=0, unrated=0}, PointCounter{id=794, points='0.0', rated=0, unrated=2}, PointCounter{id=795, points='1.0', rated=0, unrated=0}, PointCounter{id=796, points='2.0', rated=0, unrated=0}, PointCounter{id=797, points='3.0', rated=0, unrated=2}, PointCounter{id=798, points='4.0', rated=0, unrated=3}, PointCounter{id=799, points='5.0', rated=0, unrated=0}]}
    23:48:04.270 |  51 Pool-1-worker-25 | DEBUG | d.t.c.a.a.c.s.f.ApiVersionFilter     : Adding Version to Request PUT /api/quiz-exercises/3674/re-evaluate
    23:48:04.273 |  51 Pool-1-worker-25 | INFO  | d.t.c.a.a.q.web.QuizExerciseResource : REST request to re-evaluate quiz exercise : 3674
    23:48:04.282 |  51 Pool-1-worker-25 | WARN  | d.t.c.a.a.core.service.FileService   : Could not delete file /api/files/drag-and-drop/drag-items/512/dnd_image_2025-02-14T23-48-03-226_dragItemImage2.png. Error message: /api/files/drag-and-drop/drag-items/512/dnd_image_2025-02-14T23-48-03-226_dragItemImage2.png
    23:48:04.282 |  51 Pool-1-worker-25 | WARN  | d.t.c.a.a.core.service.FileService   : Could not delete file /api/files/drag-and-drop/drag-items/510/dnd_image_2025-02-14T23-48-03-226_dragItemImage1.png. Error message: /api/files/drag-and-drop/drag-items/510/dnd_image_2025-02-14T23-48-03-226_dragItemImage1.png
    23:48:04.288 |  51 Pool-1-worker-25 | INFO  | d.t.c.a.a.q.s.QuizExerciseService    : Found 10 results to update for quiz re-evaluate
    23:48:04.292 | 666 taskScheduler-4  | DEBUG | .a.s.ParticipantScoreScheduleService : Processing exercise 3674 and participant 714 to update participant scores.
    23:48:04.305 | 666 taskScheduler-4  | DEBUG | .a.s.ParticipantScoreScheduleService : Updated participant score 102.
    23:48:04.308 | 666 taskScheduler-4  | DEBUG | .a.s.ParticipantScoreScheduleService : Updating the participant score for exercise 3674 and participant 714 took 16 ms.
    23:48:04.320 |  51 Pool-1-worker-25 | DEBUG | .c.s.m.InstanceMessageReceiveService : Received schedule participant score for exercise 3674 and participant 718 (result to be deleted: null)
    23:48:04.320 |  51 Pool-1-worker-25 | DEBUG | .a.s.ParticipantScoreScheduleService : Scheduled task for exercise 3674 and participant 718 at 2025-02-14T23:48:04.420846306Z[Etc/UTC].
    23:48:04.321 |  51 Pool-1-worker-25 | DEBUG | .c.s.m.InstanceMessageReceiveService : Received schedule participant score for exercise 3674 and participant 719 (result to be deleted: null)
    23:48:04.321 |  51 Pool-1-worker-25 | DEBUG | .a.s.ParticipantScoreScheduleService : Scheduled task for exercise 3674 and participant 719 at 2025-02-14T23:48:04.421074862Z[Etc/UTC].
    23:48:04.321 |  51 Pool-1-worker-25 | DEBUG | .c.s.m.InstanceMessageReceiveService : Received schedule participant score for exercise 3674 and participant 722 (result to be deleted: null)
    23:48:04.321 |  51 Pool-1-worker-25 | DEBUG | .a.s.ParticipantScoreScheduleService : Scheduled task for exercise 3674 and participant 722 at 2025-02-14T23:48:04.421274584Z[Etc/UTC].
    23:48:04.321 |  51 Pool-1-worker-25 | DEBUG | .c.s.m.InstanceMessageReceiveService : Received schedule participant score for exercise 3674 and participant 723 (result to be deleted: null)
    23:48:04.321 |  51 Pool-1-worker-25 | DEBUG | .a.s.ParticipantScoreScheduleService : Scheduled task for exercise 3674 and participant 723 at 2025-02-14T23:48:04.421447377Z[Etc/UTC].
    23:48:04.321 |  51 Pool-1-worker-25 | DEBUG | .c.s.m.InstanceMessageReceiveService : Received schedule participant score for exercise 3674 and participant 725 (result to be deleted: null)
    23:48:04.321 |  51 Pool-1-worker-25 | DEBUG | .a.s.ParticipantScoreScheduleService : Scheduled task for exercise 3674 and participant 725 at 2025-02-14T23:48:04.421631560Z[Etc/UTC].
    23:48:04.321 |  51 Pool-1-worker-25 | DEBUG | .c.s.m.InstanceMessageReceiveService : Received schedule participant score for exercise 3674 and participant 726 (result to be deleted: null)
    23:48:04.321 |  51 Pool-1-worker-25 | DEBUG | .a.s.ParticipantScoreScheduleService : Scheduled task for exercise 3674 and participant 726 at 2025-02-14T23:48:04.421819411Z[Etc/UTC].
    23:48:04.321 |  51 Pool-1-worker-25 | DEBUG | .c.s.m.InstanceMessageReceiveService : Received schedule participant score for exercise 3674 and participant 714 (result to be deleted: null)
    23:48:04.322 |  51 Pool-1-worker-25 | DEBUG | .a.s.ParticipantScoreScheduleService : Scheduled task for exercise 3674 and participant 714 at 2025-02-14T23:48:04.422013182Z[Etc/UTC].
    23:48:04.322 |  51 Pool-1-worker-25 | DEBUG | .c.s.m.InstanceMessageReceiveService : Received schedule participant score for exercise 3674 and participant 721 (result to be deleted: null)
    23:48:04.322 |  51 Pool-1-worker-25 | DEBUG | .a.s.ParticipantScoreScheduleService : Scheduled task for exercise 3674 and participant 721 at 2025-02-14T23:48:04.422238963Z[Etc/UTC].
    23:48:04.323 |  51 Pool-1-worker-25 | INFO  | d.t.c.a.a.q.s.QuizExerciseService    : 10 results have been updated successfully for quiz re-evaluate
    23:48:04.323 |  51 Pool-1-worker-25 | DEBUG | d.t.c.a.a.q.s.QuizExerciseService    : Save quiz exercise to database: QuizExercise{id=3674, title='new quiz', randomizeQuestionOrder='true', allowedNumberOfAttempts='1', isOpenForPractice='true', releaseDate='2025-02-14T21:48:03.332550Z', duration='3600', dueDate='2025-02-14T23:48:03Z'}
    23:48:04.325 |  51 Pool-1-worker-25 | WARN  | o.h.e.i.StatefulPersistenceContext   : HHH000179: Narrowing proxy to class de.tum.cit.aet.artemis.quiz.domain.MultipleChoiceQuestionStatistic - this operation breaks ==
    23:48:04.325 |  51 Pool-1-worker-25 | WARN  | o.h.e.i.StatefulPersistenceContext   : HHH000179: Narrowing proxy to class de.tum.cit.aet.artemis.quiz.domain.MultipleChoiceQuestionStatistic - this operation breaks ==
    23:48:04.328 |  51 Pool-1-worker-25 | WARN  | o.h.e.i.StatefulPersistenceContext   : HHH000179: Narrowing proxy to class de.tum.cit.aet.artemis.quiz.domain.DragAndDropQuestionStatistic - this operation breaks ==
    23:48:04.328 |  51 Pool-1-worker-25 | WARN  | o.h.e.i.StatefulPersistenceContext   : HHH000179: Narrowing proxy to class de.tum.cit.aet.artemis.quiz.domain.DragAndDropQuestionStatistic - this operation breaks ==
    23:48:04.332 |  51 Pool-1-worker-25 | WARN  | o.h.e.i.StatefulPersistenceContext   : HHH000179: Narrowing proxy to class de.tum.cit.aet.artemis.quiz.domain.ShortAnswerQuestionStatistic - this operation breaks ==
    23:48:04.332 |  51 Pool-1-worker-25 | WARN  | o.h.e.i.StatefulPersistenceContext   : HHH000179: Narrowing proxy to class de.tum.cit.aet.artemis.quiz.domain.ShortAnswerQuestionStatistic - this operation breaks ==
    23:48:04.342 |  51 Pool-1-worker-25 | INFO  | .c.s.m.InstanceMessageReceiveService : Received schedule quiz start for quiz exercise 3674
    23:48:04.354 | 641 nt.HealthMonitor | INFO  | c.h.i.diagnostics.HealthMonitor      : [127.0.0.1]:5704 [dev] [5.5.0] processors=4, physical.memory.total=15.6G, physical.memory.free=350.6M, swap.space.total=0, swap.space.free=0, heap.memory.used=2.6G, heap.memory.free=899.2M, heap.memory.total=3.5G, heap.memory.max=6.0G, heap.memory.used/total=74.93%, heap.memory.used/max=43.76%, minor.gc.count=216, minor.gc.time=10432ms, major.gc.count=0, major.gc.time=0ms, unknown.gc.count=92, unknown.gc.time=2085ms, load.process=0.00%, load.system=97.44%, load.systemAverage=6.44, thread.count=504, thread.peakCount=517, cluster.timeDiff=0, event.q.size=0, executor.q.async.size=0, executor.q.client.size=0, executor.q.client.query.size=0, executor.q.client.blocking.size=0, executor.q.query.size=0, executor.q.scheduled.size=0, executor.q.io.size=0, executor.q.system.size=0, executor.q.operations.size=0, executor.q.priorityOperation.size=0, operations.completed.count=5973, executor.q.mapLoad.size=0, executor.q.mapLoadAllKeys.size=0, executor.q.cluster.size=0, executor.q.response.size=0, operations.running.count=0, operations.pending.invocations.percentage=0.00%, operations.pending.invocations.count=0, proxy.count=215, clientEndpoint.count=0, connection.active.count=0, client.connection.count=0, connection.count=0
    23:48:04.393 |  51 Pool-1-worker-25 | INFO  | d.t.c.a.a.e.service.ExerciseService  : User quizexerciseintegrationinstructor1 has updated QuizExercise new quiz with id 3674
    23:48:04.398 |  51 Pool-1-worker-25 | DEBUG | .c.a.a.q.QuizExerciseIntegrationTest : QuizPointStatistic after 2nd re-evaluate: QuizPointStatistic{id=267, counters=[PointCounter{id=800, points='6.0', rated=0, unrated=5}, PointCounter{id=801, points='7.0', rated=0, unrated=0}, PointCounter{id=802, points='8.0', rated=0, unrated=0}, PointCounter{id=803, points='9.0', rated=0, unrated=1}, PointCounter{id=794, points='0.0', rated=0, unrated=0}, PointCounter{id=795, points='1.0', rated=0, unrated=0}, PointCounter{id=796, points='2.0', rated=0, unrated=2}, PointCounter{id=797, points='3.0', rated=0, unrated=0}, PointCounter{id=798, points='4.0', rated=0, unrated=0}, PointCounter{id=799, points='5.0', rated=0, unrated=2}]}
    23:48:04.400 |  51 Pool-1-worker-25 | DEBUG | d.t.c.a.a.c.s.f.ApiVersionFilter     : Adding Version to Request PUT /api/quiz-exercises/3674/re-evaluate
    23:48:04.402 |  51 Pool-1-worker-25 | INFO  | d.t.c.a.a.q.web.QuizExerciseResource : REST request to re-evaluate quiz exercise : 3674
    23:48:04.413 |  51 Pool-1-worker-25 | WARN  | d.t.c.a.a.core.service.FileService   : Could not delete file /api/files/drag-and-drop/drag-items/512/dnd_image_2025-02-14T23-48-03-226_dragItemImage2.png. Error message: /api/files/drag-and-drop/drag-items/512/dnd_image_2025-02-14T23-48-03-226_dragItemImage2.png
    23:48:04.413 |  51 Pool-1-worker-25 | WARN  | d.t.c.a.a.core.service.FileService   : Could not delete file /api/files/drag-and-drop/drag-items/510/dnd_image_2025-02-14T23-48-03-226_dragItemImage1.png. Error message: /api/files/drag-and-drop/drag-items/510/dnd_image_2025-02-14T23-48-03-226_dragItemImage1.png
    23:48:04.413 |  51 Pool-1-worker-25 | WARN  | d.t.c.a.a.core.service.FileService   : Could not delete file /api/files/drag-and-drop/backgrounds/388/dnd_image_2025-02-14T23-48-03-226_backgroundImage0.jpg. Error message: /api/files/drag-and-drop/backgrounds/388/dnd_image_2025-02-14T23-48-03-226_backgroundImage0.jpg
    23:48:04.420 | 663 taskScheduler-1  | DEBUG | .a.s.ParticipantScoreScheduleService : Processing exercise 3674 and participant 718 to update participant scores.
    23:48:04.424 |  51 Pool-1-worker-25 | INFO  | d.t.c.a.a.q.s.QuizExerciseService    : Found 10 results to update for quiz re-evaluate
    23:48:04.425 | 664 taskScheduler-2  | DEBUG | .a.s.ParticipantScoreScheduleService : Processing exercise 3674 and participant 719 to update participant scores.
    23:48:04.425 | 665 taskScheduler-3  | DEBUG | .a.s.ParticipantScoreScheduleService : Processing exercise 3674 and participant 722 to update participant scores.
    23:48:04.425 | 666 taskScheduler-4  | DEBUG | .a.s.ParticipantScoreScheduleService : Processing exercise 3674 and participant 723 to update participant scores.
    23:48:04.433 | 663 taskScheduler-1  | DEBUG | .a.s.ParticipantScoreScheduleService : Updated participant score 94.
    23:48:04.436 | 665 taskScheduler-3  | DEBUG | .a.s.ParticipantScoreScheduleService : Updated participant score 97.
    23:48:04.436 | 664 taskScheduler-2  | DEBUG | .a.s.ParticipantScoreScheduleService : Updated participant score 95.
    23:48:04.438 | 666 taskScheduler-4  | DEBUG | .a.s.ParticipantScoreScheduleService : Updated participant score 98.
    23:48:04.442 | 663 taskScheduler-1  | DEBUG | .a.s.ParticipantScoreScheduleService : Updating the participant score for exercise 3674 and participant 718 took 22 ms.
    23:48:04.442 | 663 taskScheduler-1  | DEBUG | .a.s.ParticipantScoreScheduleService : Processing exercise 3674 and participant 725 to update participant scores.
    23:48:04.445 | 665 taskScheduler-3  | DEBUG | .a.s.ParticipantScoreScheduleService : Updating the participant score for exercise 3674 and participant 722 took 20 ms.
    23:48:04.445 | 665 taskScheduler-3  | DEBUG | .a.s.ParticipantScoreScheduleService : Processing exercise 3674 and participant 726 to update participant scores.
    23:48:04.447 | 666 taskScheduler-4  | DEBUG | .a.s.ParticipantScoreScheduleService : Updating the participant score for exercise 3674 and participant 723 took 22 ms.
    23:48:04.447 | 666 taskScheduler-4  | DEBUG | .a.s.ParticipantScoreScheduleService : Processing exercise 3674 and participant 714 to update participant scores.
    23:48:04.450 | 664 taskScheduler-2  | DEBUG | .a.s.ParticipantScoreScheduleService : Updating the participant score for exercise 3674 and participant 719 took 25 ms.
    23:48:04.450 | 664 taskScheduler-2  | DEBUG | .a.s.ParticipantScoreScheduleService : Processing exercise 3674 and participant 721 to update participant scores.
    23:48:04.458 | 666 taskScheduler-4  | DEBUG | .a.s.ParticipantScoreScheduleService : Updated participant score 102.
    23:48:04.463 | 665 taskScheduler-3  | DEBUG | .a.s.ParticipantScoreScheduleService : Updated participant score 101.
    23:48:04.465 | 666 taskScheduler-4  | DEBUG | .a.s.ParticipantScoreScheduleService : Updating the participant score for exercise 3674 and participant 714 took 18 ms.
    23:48:04.465 | 663 taskScheduler-1  | DEBUG | .a.s.ParticipantScoreScheduleService : Updated participant score 100.
    23:48:04.468 | 665 taskScheduler-3  | DEBUG | .a.s.ParticipantScoreScheduleService : Updating the participant score for exercise 3674 and participant 726 took 23 ms.
    23:48:04.468 | 664 taskScheduler-2  | DEBUG | .a.s.ParticipantScoreScheduleService : Updated participant score 103.
    23:48:04.477 | 663 taskScheduler-1  | DEBUG | .a.s.ParticipantScoreScheduleService : Updating the participant score for exercise 3674 and participant 725 took 35 ms.
    23:48:04.478 | 664 taskScheduler-2  | DEBUG | .a.s.ParticipantScoreScheduleService : Updating the participant score for exercise 3674 and participant 721 took 28 ms.
    23:48:04.481 |  51 Pool-1-worker-25 | DEBUG | .c.s.m.InstanceMessageReceiveService : Received schedule participant score for exercise 3674 and participant 718 (result to be deleted: null)
    23:48:04.481 |  51 Pool-1-worker-25 | DEBUG | .a.s.ParticipantScoreScheduleService : Scheduled task for exercise 3674 and participant 718 at 2025-02-14T23:48:04.581692360Z[Etc/UTC].
    23:48:04.481 |  51 Pool-1-worker-25 | DEBUG | .c.s.m.InstanceMessageReceiveService : Received schedule participant score for exercise 3674 and participant 719 (result to be deleted: null)
    23:48:04.481 |  51 Pool-1-worker-25 | DEBUG | .a.s.ParticipantScoreScheduleService : Scheduled task for exercise 3674 and participant 719 at 2025-02-14T23:48:04.581922960Z[Etc/UTC].
    23:48:04.482 |  51 Pool-1-worker-25 | DEBUG | .c.s.m.InstanceMessageReceiveService : Received schedule participant score for exercise 3674 and participant 720 (result to be deleted: null)
    23:48:04.482 |  51 Pool-1-worker-25 | DEBUG | .a.s.ParticipantScoreScheduleService : Scheduled task for exercise 3674 and participant 720 at 2025-02-14T23:48:04.582130087Z[Etc/UTC].
    23:48:04.482 |  51 Pool-1-worker-25 | DEBUG | .c.s.m.InstanceMessageReceiveService : Received schedule participant score for exercise 3674 and participant 723 (result to be deleted: null)
    23:48:04.482 |  51 Pool-1-worker-25 | DEBUG | .a.s.ParticipantScoreScheduleService : Scheduled task for exercise 3674 and participant 723 at 2025-02-14T23:48:04.582317496Z[Etc/UTC].
    23:48:04.482 |  51 Pool-1-worker-25 | DEBUG | .c.s.m.InstanceMessageReceiveService : Received schedule participant score for exercise 3674 and participant 724 (result to be deleted: null)
    23:48:04.482 |  51 Pool-1-worker-25 | DEBUG | .a.s.ParticipantScoreScheduleService : Scheduled task for exercise 3674 and participant 724 at 2025-02-14T23:48:04.582519353Z[Etc/UTC].
    23:48:04.482 |  51 Pool-1-worker-25 | DEBUG | .c.s.m.InstanceMessageReceiveService : Received schedule participant score for exercise 3674 and participant 725 (result to be deleted: null)
    23:48:04.482 |  51 Pool-1-worker-25 | DEBUG | .a.s.ParticipantScoreScheduleService : Scheduled task for exercise 3674 and participant 725 at 2025-02-14T23:48:04.582708205Z[Etc/UTC].
    23:48:04.482 |  51 Pool-1-worker-25 | DEBUG | .c.s.m.InstanceMessageReceiveService : Received schedule participant score for exercise 3674 and participant 726 (result to be deleted: null)
    23:48:04.482 |  51 Pool-1-worker-25 | DEBUG | .a.s.ParticipantScoreScheduleService : Scheduled task for exercise 3674 and participant 726 at 2025-02-14T23:48:04.582898480Z[Etc/UTC].
    23:48:04.483 |  51 Pool-1-worker-25 | DEBUG | .c.s.m.InstanceMessageReceiveService : Received schedule participant score for exercise 3674 and participant 714 (result to be deleted: null)
    23:48:04.483 |  51 Pool-1-worker-25 | DEBUG | .a.s.ParticipantScoreScheduleService : Scheduled task for exercise 3674 and participant 714 at 2025-02-14T23:48:04.583071032Z[Etc/UTC].
    23:48:04.483 |  51 Pool-1-worker-25 | DEBUG | .c.s.m.InstanceMessageReceiveService : Received schedule participant score for exercise 3674 and participant 721 (result to be deleted: null)
    23:48:04.483 |  51 Pool-1-worker-25 | DEBUG | .a.s.ParticipantScoreScheduleService : Scheduled task for exercise 3674 and participant 721 at 2025-02-14T23:48:04.583279190Z[Etc/UTC].
    23:48:04.484 |  51 Pool-1-worker-25 | INFO  | d.t.c.a.a.q.s.QuizExerciseService    : 10 results have been updated successfully for quiz re-evaluate
    23:48:04.484 |  51 Pool-1-worker-25 | DEBUG | d.t.c.a.a.q.s.QuizExerciseService    : Save quiz exercise to database: QuizExercise{id=3674, title='new quiz', randomizeQuestionOrder='true', allowedNumberOfAttempts='1', isOpenForPractice='true', releaseDate='2025-02-14T21:48:03.332550Z', duration='3600', dueDate='2025-02-14T23:48:03Z'}
    23:48:04.486 |  51 Pool-1-worker-25 | WARN  | o.h.e.i.StatefulPersistenceContext   : HHH000179: Narrowing proxy to class de.tum.cit.aet.artemis.quiz.domain.MultipleChoiceQuestionStatistic - this operation breaks ==
    23:48:04.486 |  51 Pool-1-worker-25 | WARN  | o.h.e.i.StatefulPersistenceContext   : HHH000179: Narrowing proxy to class de.tum.cit.aet.artemis.quiz.domain.MultipleChoiceQuestionStatistic - this operation breaks ==
    23:48:04.487 |  51 Pool-1-worker-25 | WARN  | o.h.e.i.StatefulPersistenceContext   : HHH000179: Narrowing proxy to class de.tum.cit.aet.artemis.quiz.domain.ShortAnswerQuestionStatistic - this operation breaks ==
    23:48:04.487 |  51 Pool-1-worker-25 | WARN  | o.h.e.i.StatefulPersistenceContext   : HHH000179: Narrowing proxy to class de.tum.cit.aet.artemis.quiz.domain.ShortAnswerQuestionStatistic - this operation breaks ==
    23:48:04.492 |  51 Pool-1-worker-25 | WARN  | o.h.e.i.StatefulPersistenceContext   : HHH000179: Narrowing proxy to class de.tum.cit.aet.artemis.quiz.domain.DragAndDropQuestionStatistic - this operation breaks ==
    23:48:04.497 | 894 l-12979-thread-1 | INFO  | d.t.c.a.a.core.service.FileService   : Delete file uploads/images/drag-and-drop/drag-items/dnd_image_2025-02-14T23-48-03-226_dragItemImage1.png
    23:48:04.501 | 895 l-12981-thread-1 | INFO  | d.t.c.a.a.core.service.FileService   : Delete file uploads/images/drag-and-drop/drag-items/dnd_image_2025-02-14T23-48-03-226_dragItemImage2.png
    23:48:04.502 | 896 l-12977-thread-1 | INFO  | d.t.c.a.a.core.service.FileService   : Delete file uploads/images/drag-and-drop/backgrounds/dnd_image_2025-02-14T23-48-03-226_backgroundImage0.jpg
    23:48:04.506 |  51 Pool-1-worker-25 | INFO  | .c.s.m.InstanceMessageReceiveService : Received schedule quiz start for quiz exercise 3674
    23:48:04.544 |  51 Pool-1-worker-25 | INFO  | d.t.c.a.a.e.service.ExerciseService  : User quizexerciseintegrationinstructor1 has updated QuizExercise new quiz with id 3674
    23:48:04.547 |  51 Pool-1-worker-25 | DEBUG | .c.a.a.q.QuizExerciseIntegrationTest : QuizPointStatistic after 3rd re-evaluate: QuizPointStatistic{id=267, counters=[PointCounter{id=800, points='6.0', rated=0, unrated=6}, PointCounter{id=794, points='0.0', rated=0, unrated=0}, PointCounter{id=795, points='1.0', rated=0, unrated=0}, PointCounter{id=796, points='2.0', rated=0, unrated=4}, PointCounter{id=797, points='3.0', rated=0, unrated=0}, PointCounter{id=798, points='4.0', rated=0, unrated=0}, PointCounter{id=799, points='5.0', rated=0, unrated=0}]}

  Starting logs for QuizExerciseIntegrationTest > createQuizExercise_IncludedAsBonusInvalidBonusPoints()
    23:48:04.560 |  51 Pool-1-worker-25 | DEBUG | d.t.c.a.a.c.u.util.UserUtilService   : Generate 1 students...
    23:48:04.564 |  51 Pool-1-worker-25 | DEBUG | d.t.c.a.a.c.u.util.UserUtilService   : 1 students generated. Generate 1 tutors...
    23:48:04.567 |  51 Pool-1-worker-25 | DEBUG | d.t.c.a.a.c.u.util.UserUtilService   : 1 tutors generated. Generate 1 editors...
    23:48:04.570 |  51 Pool-1-worker-25 | DEBUG | d.t.c.a.a.c.u.util.UserUtilService   : 1 editors generated. Generate 1 instructors...
    23:48:04.572 |  51 Pool-1-worker-25 | DEBUG | d.t.c.a.a.c.u.util.UserUtilService   : 1 instructors generated
    23:48:04.575 |  51 Pool-1-worker-25 | DEBUG | d.t.c.a.a.c.u.util.UserUtilService   : Removing 13 users from all courses...
    23:48:04.578 |  51 Pool-1-worker-25 | DEBUG | d.t.c.a.a.c.u.util.UserUtilService   : Removing 13 users from all courses. Done
    23:48:04.578 |  51 Pool-1-worker-25 | DEBUG | d.t.c.a.a.c.u.util.UserUtilService   : Save 4 users to database...
    23:48:04.582 |  51 Pool-1-worker-25 | DEBUG | d.t.c.a.a.c.u.util.UserUtilService   : Save 4 users to database. Done
    23:48:04.583 |  51 Pool-1-worker-25 | INFO  | i.z.t.d.l.EmbeddedDatabaseReporter   : JDBC URL to connect to 'dataSource': url='jdbc:h2:tcp://localhost:41063/mem:df70fc46-7e57-4cb5-9cd0-c1d90c14afa7;USER=sa', scope='QuizExerciseIntegrationTest#createQuizExercise_IncludedAsBonusInvalidBonusPoints'
    23:48:04.585 |  51 Pool-1-worker-25 | DEBUG | d.t.c.a.a.c.s.f.ApiVersionFilter     : Adding Version to Request POST /api/quiz-exercises
    23:48:04.586 |  51 Pool-1-worker-25 | INFO  | d.t.c.a.a.q.web.QuizExerciseResource : REST request to create QuizExercise : QuizExercise{id=null, title='new quiz', randomizeQuestionOrder='true', allowedNumberOfAttempts='1', isOpenForPractice='false', releaseDate='2025-02-15T04:48:04.583216219Z', duration='120', dueDate='null'}
    23:48:04.587 |  51 Pool-1-worker-25 | ERROR | tech.jhipster.web.util.HeaderUtil    : Entity processing failed, The provided bonus points are not allowed
    23:48:04.587 |  51 Pool-1-worker-25 | WARN  | o.z.p.spring.common.AdviceTraits     : Bad Request: The provided bonus points are not allowed

  Starting logs for QuizExerciseIntegrationTest > testReEvaluateQuizQuestionWithMoreSolutions()
    23:48:04.599 |  51 Pool-1-worker-25 | DEBUG | d.t.c.a.a.c.u.util.UserUtilService   : Generate 1 students...
    23:48:04.603 |  51 Pool-1-worker-25 | DEBUG | d.t.c.a.a.c.u.util.UserUtilService   : 1 students generated. Generate 1 tutors...
    23:48:04.605 |  51 Pool-1-worker-25 | DEBUG | d.t.c.a.a.c.u.util.UserUtilService   : 1 tutors generated. Generate 1 editors...
    23:48:04.608 |  51 Pool-1-worker-25 | DEBUG | d.t.c.a.a.c.u.util.UserUtilService   : 1 editors generated. Generate 1 instructors...
    23:48:04.611 |  51 Pool-1-worker-25 | DEBUG | d.t.c.a.a.c.u.util.UserUtilService   : 1 instructors generated
    23:48:04.613 |  51 Pool-1-worker-25 | DEBUG | d.t.c.a.a.c.u.util.UserUtilService   : Removing 4 users from all courses...
    23:48:04.614 |  51 Pool-1-worker-25 | DEBUG | d.t.c.a.a.c.u.util.UserUtilService   : Removing 4 users from all courses. Done
    23:48:04.614 |  51 Pool-1-worker-25 | DEBUG | d.t.c.a.a.c.u.util.UserUtilService   : Save 4 users to database...
    23:48:04.618 |  51 Pool-1-worker-25 | DEBUG | d.t.c.a.a.c.u.util.UserUtilService   : Save 4 users to database. Done
    23:48:04.618 |  51 Pool-1-worker-25 | INFO  | i.z.t.d.l.EmbeddedDatabaseReporter   : JDBC URL to connect to 'dataSource': url='jdbc:h2:tcp://localhost:41063/mem:df70fc46-7e57-4cb5-9cd0-c1d90c14afa7;USER=sa', scope='QuizExerciseIntegrationTest#testReEvaluateQuizQuestionWithMoreSolutions'
    23:48:04.620 |  51 Pool-1-worker-25 | DEBUG | d.t.c.a.a.c.s.f.ApiVersionFilter     : Adding Version to Request POST /api/quiz-exercises
    23:48:04.621 |  51 Pool-1-worker-25 | INFO  | d.t.c.a.a.q.web.QuizExerciseResource : REST request to create QuizExercise : QuizExercise{id=null, title='new quiz', randomizeQuestionOrder='true', allowedNumberOfAttempts='1', isOpenForPractice='false', releaseDate='2025-02-14T18:48:04.618562342Z', duration='3600', dueDate='2025-02-14T21:48:04.618564737Z'}
    23:48:04.624 |  51 Pool-1-worker-25 | DEBUG | d.t.c.a.a.q.s.QuizExerciseService    : Save quiz exercise to database: QuizExercise{id=null, title='new quiz', randomizeQuestionOrder='true', allowedNumberOfAttempts='1', isOpenForPractice='false', releaseDate='2025-02-14T18:48:04.618562342Z', duration='3600', dueDate='2025-02-14T19:48:09.618562342Z'}
    23:48:04.640 |  51 Pool-1-worker-25 | INFO  | .c.s.m.InstanceMessageReceiveService : Received schedule quiz start for quiz exercise 3675
    23:48:04.667 |  51 Pool-1-worker-25 | DEBUG | d.t.c.a.a.c.s.f.ApiVersionFilter     : Adding Version to Request PUT /api/quiz-exercises/3675/re-evaluate
    23:48:04.670 |  51 Pool-1-worker-25 | INFO  | d.t.c.a.a.q.web.QuizExerciseResource : REST request to re-evaluate quiz exercise : 3675
    23:48:04.675 |  51 Pool-1-worker-25 | WARN  | d.t.c.a.a.core.service.FileService   : Could not delete file /api/files/drag-and-drop/drag-items/514/dnd_image_2025-02-14T23-48-04-624_dragItemImage1.png. Error message: /api/files/drag-and-drop/drag-items/514/dnd_image_2025-02-14T23-48-04-624_dragItemImage1.png
    23:48:04.675 |  51 Pool-1-worker-25 | WARN  | d.t.c.a.a.core.service.FileService   : Could not delete file /api/files/drag-and-drop/drag-items/516/dnd_image_2025-02-14T23-48-04-624_dragItemImage2.png. Error message: /api/files/drag-and-drop/drag-items/516/dnd_image_2025-02-14T23-48-04-624_dragItemImage2.png
    23:48:04.681 |  51 Pool-1-worker-25 | INFO  | d.t.c.a.a.q.s.QuizExerciseService    : Found 0 results to update for quiz re-evaluate
    23:48:04.681 |  51 Pool-1-worker-25 | INFO  | d.t.c.a.a.q.s.QuizExerciseService    : 0 results have been updated successfully for quiz re-evaluate
    23:48:04.681 |  51 Pool-1-worker-25 | DEBUG | d.t.c.a.a.q.s.QuizExerciseService    : Save quiz exercise to database: QuizExercise{id=3675, title='new quiz', randomizeQuestionOrder='true', allowedNumberOfAttempts='1', isOpenForPractice='false', releaseDate='2025-02-14T18:48:04.618562Z', duration='3600', dueDate='2025-02-14T19:48:09.618562Z'}
    23:48:04.683 |  51 Pool-1-worker-25 | WARN  | o.h.e.i.StatefulPersistenceContext   : HHH000179: Narrowing proxy to class de.tum.cit.aet.artemis.quiz.domain.MultipleChoiceQuestionStatistic - this operation breaks ==
    23:48:04.683 |  51 Pool-1-worker-25 | WARN  | o.h.e.i.StatefulPersistenceContext   : HHH000179: Narrowing proxy to class de.tum.cit.aet.artemis.quiz.domain.MultipleChoiceQuestionStatistic - this operation breaks ==
    23:48:04.686 |  51 Pool-1-worker-25 | WARN  | o.h.e.i.StatefulPersistenceContext   : HHH000179: Narrowing proxy to class de.tum.cit.aet.artemis.quiz.domain.DragAndDropQuestionStatistic - this operation breaks ==
    23:48:04.686 |  51 Pool-1-worker-25 | WARN  | o.h.e.i.StatefulPersistenceContext   : HHH000179: Narrowing proxy to class de.tum.cit.aet.artemis.quiz.domain.DragAndDropQuestionStatistic - this operation breaks ==
    23:48:04.687 |  51 Pool-1-worker-25 | WARN  | o.h.e.i.StatefulPersistenceContext   : HHH000179: Narrowing proxy to class de.tum.cit.aet.artemis.quiz.domain.ShortAnswerQuestionStatistic - this operation breaks ==
    23:48:04.688 |  51 Pool-1-worker-25 | WARN  | o.h.e.i.StatefulPersistenceContext   : HHH000179: Narrowing proxy to class de.tum.cit.aet.artemis.quiz.domain.ShortAnswerQuestionStatistic - this operation breaks ==
    23:48:04.703 |  51 Pool-1-worker-25 | INFO  | .c.s.m.InstanceMessageReceiveService : Received schedule quiz start for quiz exercise 3675
    23:48:04.792 |  51 Pool-1-worker-25 | INFO  | d.t.c.a.a.e.service.ExerciseService  : User quizexerciseintegrationinstructor1 has updated QuizExercise new quiz with id 3675

  Starting logs for QuizExerciseIntegrationTest > testRecalculateStatistics()
    23:48:04.822 |  51 Pool-1-worker-25 | DEBUG | d.t.c.a.a.c.u.util.UserUtilService   : Generate 1 students...
    23:48:04.827 |  51 Pool-1-worker-25 | DEBUG | d.t.c.a.a.c.u.util.UserUtilService   : 1 students generated. Generate 1 tutors...
    23:48:04.829 |  51 Pool-1-worker-25 | DEBUG | d.t.c.a.a.c.u.util.UserUtilService   : 1 tutors generated. Generate 1 editors...
    23:48:04.831 |  51 Pool-1-worker-25 | DEBUG | d.t.c.a.a.c.u.util.UserUtilService   : 1 editors generated. Generate 1 instructors...
    23:48:04.834 |  51 Pool-1-worker-25 | DEBUG | d.t.c.a.a.c.u.util.UserUtilService   : 1 instructors generated
    23:48:04.836 |  51 Pool-1-worker-25 | DEBUG | d.t.c.a.a.c.u.util.UserUtilService   : Removing 4 users from all courses...
    23:48:04.838 |  51 Pool-1-worker-25 | DEBUG | d.t.c.a.a.c.u.util.UserUtilService   : Removing 4 users from all courses. Done
    23:48:04.838 |  51 Pool-1-worker-25 | DEBUG | d.t.c.a.a.c.u.util.UserUtilService   : Save 4 users to database...
    23:48:04.842 |  51 Pool-1-worker-25 | DEBUG | d.t.c.a.a.c.u.util.UserUtilService   : Save 4 users to database. Done
    23:48:04.842 |  51 Pool-1-worker-25 | INFO  | i.z.t.d.l.EmbeddedDatabaseReporter   : JDBC URL to connect to 'dataSource': url='jdbc:h2:tcp://localhost:41063/mem:df70fc46-7e57-4cb5-9cd0-c1d90c14afa7;USER=sa', scope='QuizExerciseIntegrationTest#testRecalculateStatistics'
    23:48:04.847 |  51 Pool-1-worker-25 | DEBUG | d.t.c.a.a.c.s.f.ApiVersionFilter     : Adding Version to Request POST /api/quiz-exercises
    23:48:04.849 |  51 Pool-1-worker-25 | INFO  | d.t.c.a.a.q.web.QuizExerciseResource : REST request to create QuizExercise : QuizExercise{id=null, title='new quiz', randomizeQuestionOrder='true', allowedNumberOfAttempts='1', isOpenForPractice='false', releaseDate='2025-02-15T04:48:04.843038508Z', duration='3600', dueDate='null'}
    23:48:04.851 |  51 Pool-1-worker-25 | DEBUG | d.t.c.a.a.q.s.QuizExerciseService    : Save quiz exercise to database: QuizExercise{id=null, title='new quiz', randomizeQuestionOrder='true', allowedNumberOfAttempts='1', isOpenForPractice='false', releaseDate='2025-02-15T04:48:04.843038508Z', duration='3600', dueDate='2025-02-15T05:48:09.843038508Z'}
    23:48:04.862 |  51 Pool-1-worker-25 | INFO  | .c.s.m.InstanceMessageReceiveService : Received schedule quiz start for quiz exercise 3676
    23:48:04.863 |  51 Pool-1-worker-25 | DEBUG | t.c.a.a.e.s.ExerciseLifecycleService : Scheduled Task for Exercise "new quiz" (#3676) to trigger on START.
    23:48:04.863 |  51 Pool-1-worker-25 | DEBUG | t.c.a.a.e.s.ExerciseLifecycleService : Scheduled 1 Tasks for Exercise "new quiz" (#3676) to trigger on DUE.
    23:48:04.883 |  51 Pool-1-worker-25 | DEBUG | d.t.c.a.a.c.s.f.ApiVersionFilter     : Adding Version to Request PUT /api/quiz-exercises/3676
    23:48:04.887 |  51 Pool-1-worker-25 | INFO  | d.t.c.a.a.q.web.QuizExerciseResource : REST request to update quiz exercise : QuizExercise{id=3676, title='new quiz', randomizeQuestionOrder='true', allowedNumberOfAttempts='1', isOpenForPractice='false', releaseDate='2025-02-14T18:48:04.882170623Z', duration='3600', dueDate='2025-02-14T21:48:04.882179108Z'}
    23:48:04.892 |  51 Pool-1-worker-25 | WARN  | d.t.c.a.a.core.service.FileService   : Could not delete file /api/files/drag-and-drop/drag-items/518/dnd_image_2025-02-14T23-48-04-851_dragItemImage1.png. Error message: /api/files/drag-and-drop/drag-items/518/dnd_image_2025-02-14T23-48-04-851_dragItemImage1.png
    23:48:04.892 |  51 Pool-1-worker-25 | WARN  | d.t.c.a.a.core.service.FileService   : Could not delete file /api/files/drag-and-drop/drag-items/520/dnd_image_2025-02-14T23-48-04-851_dragItemImage2.png. Error message: /api/files/drag-and-drop/drag-items/520/dnd_image_2025-02-14T23-48-04-851_dragItemImage2.png
    23:48:04.892 |  51 Pool-1-worker-25 | DEBUG | d.t.c.a.a.q.s.QuizExerciseService    : Save quiz exercise to database: QuizExercise{id=3676, title='new quiz', randomizeQuestionOrder='true', allowedNumberOfAttempts='1', isOpenForPractice='false', releaseDate='2025-02-14T18:48:04.882170623Z', duration='3600', dueDate='2025-02-15T05:48:09.843039Z'}
    23:48:04.895 |  51 Pool-1-worker-25 | WARN  | o.h.e.i.StatefulPersistenceContext   : HHH000179: Narrowing proxy to class de.tum.cit.aet.artemis.quiz.domain.MultipleChoiceQuestionStatistic - this operation breaks ==
    23:48:04.895 |  51 Pool-1-worker-25 | WARN  | o.h.e.i.StatefulPersistenceContext   : HHH000179: Narrowing proxy to class de.tum.cit.aet.artemis.quiz.domain.MultipleChoiceQuestionStatistic - this operation breaks ==
    23:48:04.897 |  51 Pool-1-worker-25 | WARN  | o.h.e.i.StatefulPersistenceContext   : HHH000179: Narrowing proxy to class de.tum.cit.aet.artemis.quiz.domain.DragAndDropQuestionStatistic - this operation breaks ==
    23:48:04.897 |  51 Pool-1-worker-25 | WARN  | o.h.e.i.StatefulPersistenceContext   : HHH000179: Narrowing proxy to class de.tum.cit.aet.artemis.quiz.domain.DragAndDropQuestionStatistic - this operation breaks ==
    23:48:04.899 |  51 Pool-1-worker-25 | WARN  | o.h.e.i.StatefulPersistenceContext   : HHH000179: Narrowing proxy to class de.tum.cit.aet.artemis.quiz.domain.ShortAnswerQuestionStatistic - this operation breaks ==
    23:48:04.899 |  51 Pool-1-worker-25 | WARN  | o.h.e.i.StatefulPersistenceContext   : HHH000179: Narrowing proxy to class de.tum.cit.aet.artemis.quiz.domain.ShortAnswerQuestionStatistic - this operation breaks ==
    23:48:04.912 |  51 Pool-1-worker-25 | INFO  | .c.s.m.InstanceMessageReceiveService : Received schedule quiz start for quiz exercise 3676
    23:48:04.914 |  51 Pool-1-worker-25 | DEBUG | d.t.c.a.a.c.service.ScheduleService  : Cancelling scheduled task START for Exercise (#3676).
    23:48:04.914 |  51 Pool-1-worker-25 | DEBUG | t.c.a.a.e.s.ExerciseLifecycleService : Scheduled Task for Exercise "new quiz" (#3676) to trigger on START.
    23:48:04.914 |  51 Pool-1-worker-25 | DEBUG | d.t.c.a.a.c.service.ScheduleService  : Cancelling scheduled task DUE for Exercise (#3676).
    23:48:04.914 |  51 Pool-1-worker-25 | DEBUG | t.c.a.a.e.s.ExerciseLifecycleService : Scheduled 1 Tasks for Exercise "new quiz" (#3676) to trigger on DUE.
    23:48:04.915 |  51 Pool-1-worker-25 | INFO  | d.t.c.a.a.e.service.ExerciseService  : User quizexerciseintegrationinstructor1 has updated QuizExercise new quiz with id 3676
    23:48:04.988 |  51 Pool-1-worker-25 | DEBUG | .c.s.m.InstanceMessageReceiveService : Received schedule participant score for exercise 3676 and participant 714 (result to be deleted: null)
    23:48:04.988 |  51 Pool-1-worker-25 | DEBUG | .a.s.ParticipantScoreScheduleService : Scheduled task for exercise 3676 and participant 714 at 2025-02-14T23:48:05.088150372Z[Etc/UTC].
    23:48:05.017 |  51 Pool-1-worker-25 | DEBUG | .c.s.m.InstanceMessageReceiveService : Received schedule participant score for exercise 3676 and participant 714 (result to be deleted: null)
    23:48:05.017 |  51 Pool-1-worker-25 | DEBUG | .a.s.ParticipantScoreScheduleService : Scheduled task for exercise 3676 and participant 714 at 2025-02-14T23:48:05.117166439Z[Etc/UTC].
    23:48:05.035 |  51 Pool-1-worker-25 | DEBUG | .c.s.m.InstanceMessageReceiveService : Received schedule participant score for exercise 3676 and participant 718 (result to be deleted: null)
    23:48:05.035 |  51 Pool-1-worker-25 | DEBUG | .a.s.ParticipantScoreScheduleService : Scheduled task for exercise 3676 and participant 718 at 2025-02-14T23:48:05.135070659Z[Etc/UTC].
    23:48:05.063 |  51 Pool-1-worker-25 | DEBUG | .c.s.m.InstanceMessageReceiveService : Received schedule participant score for exercise 3676 and participant 718 (result to be deleted: null)
    23:48:05.063 |  51 Pool-1-worker-25 | DEBUG | .a.s.ParticipantScoreScheduleService : Scheduled task for exercise 3676 and participant 718 at 2025-02-14T23:48:05.163272207Z[Etc/UTC].
    23:48:05.081 |  51 Pool-1-worker-25 | DEBUG | .c.s.m.InstanceMessageReceiveService : Received schedule participant score for exercise 3676 and participant 719 (result to be deleted: null)
    23:48:05.081 |  51 Pool-1-worker-25 | DEBUG | .a.s.ParticipantScoreScheduleService : Scheduled task for exercise 3676 and participant 719 at 2025-02-14T23:48:05.181432728Z[Etc/UTC].
    23:48:05.107 |  51 Pool-1-worker-25 | DEBUG | .c.s.m.InstanceMessageReceiveService : Received schedule participant score for exercise 3676 and participant 719 (result to be deleted: null)
    23:48:05.107 |  51 Pool-1-worker-25 | DEBUG | .a.s.ParticipantScoreScheduleService : Scheduled task for exercise 3676 and participant 719 at 2025-02-14T23:48:05.207347611Z[Etc/UTC].
    23:48:05.117 | 663 taskScheduler-1  | DEBUG | .a.s.ParticipantScoreScheduleService : Processing exercise 3676 and participant 714 to update participant scores.
    23:48:05.122 | 663 taskScheduler-1  | DEBUG | .a.s.ParticipantScoreScheduleService : Updated participant score 104.
    23:48:05.125 | 663 taskScheduler-1  | DEBUG | .a.s.ParticipantScoreScheduleService : Updating the participant score for exercise 3676 and participant 714 took 8 ms.
    23:48:05.125 |  51 Pool-1-worker-25 | DEBUG | .c.s.m.InstanceMessageReceiveService : Received schedule participant score for exercise 3676 and participant 720 (result to be deleted: null)
    23:48:05.125 |  51 Pool-1-worker-25 | DEBUG | .a.s.ParticipantScoreScheduleService : Scheduled task for exercise 3676 and participant 720 at 2025-02-14T23:48:05.225537617Z[Etc/UTC].
    23:48:05.151 |  51 Pool-1-worker-25 | DEBUG | .c.s.m.InstanceMessageReceiveService : Received schedule participant score for exercise 3676 and participant 720 (result to be deleted: null)
    23:48:05.152 |  51 Pool-1-worker-25 | DEBUG | .a.s.ParticipantScoreScheduleService : Scheduled task for exercise 3676 and participant 720 at 2025-02-14T23:48:05.252035657Z[Etc/UTC].
    23:48:05.163 | 664 taskScheduler-2  | DEBUG | .a.s.ParticipantScoreScheduleService : Processing exercise 3676 and participant 718 to update participant scores.
    23:48:05.170 |  51 Pool-1-worker-25 | DEBUG | .c.s.m.InstanceMessageReceiveService : Received schedule participant score for exercise 3676 and participant 721 (result to be deleted: null)
    23:48:05.170 |  51 Pool-1-worker-25 | DEBUG | .a.s.ParticipantScoreScheduleService : Scheduled task for exercise 3676 and participant 721 at 2025-02-14T23:48:05.270154591Z[Etc/UTC].
    23:48:05.171 | 664 taskScheduler-2  | DEBUG | .a.s.ParticipantScoreScheduleService : Updated participant score 105.
    23:48:05.177 | 664 taskScheduler-2  | DEBUG | .a.s.ParticipantScoreScheduleService : Updating the participant score for exercise 3676 and participant 718 took 14 ms.
    23:48:05.198 |  51 Pool-1-worker-25 | DEBUG | .c.s.m.InstanceMessageReceiveService : Received schedule participant score for exercise 3676 and participant 721 (result to be deleted: null)
    23:48:05.198 |  51 Pool-1-worker-25 | DEBUG | .a.s.ParticipantScoreScheduleService : Scheduled task for exercise 3676 and participant 721 at 2025-02-14T23:48:05.298365816Z[Etc/UTC].
    23:48:05.207 | 665 taskScheduler-3  | DEBUG | .a.s.ParticipantScoreScheduleService : Processing exercise 3676 and participant 719 to update participant scores.
    23:48:05.214 | 665 taskScheduler-3  | DEBUG | .a.s.ParticipantScoreScheduleService : Updated participant score 106.
    23:48:05.215 |  51 Pool-1-worker-25 | DEBUG | .c.s.m.InstanceMessageReceiveService : Received schedule participant score for exercise 3676 and participant 722 (result to be deleted: null)
    23:48:05.216 |  51 Pool-1-worker-25 | DEBUG | .a.s.ParticipantScoreScheduleService : Scheduled task for exercise 3676 and participant 722 at 2025-02-14T23:48:05.316020163Z[Etc/UTC].
    23:48:05.220 | 665 taskScheduler-3  | DEBUG | .a.s.ParticipantScoreScheduleService : Updating the participant score for exercise 3676 and participant 719 took 13 ms.
    23:48:05.242 |  51 Pool-1-worker-25 | DEBUG | .c.s.m.InstanceMessageReceiveService : Received schedule participant score for exercise 3676 and participant 722 (result to be deleted: null)
    23:48:05.242 |  51 Pool-1-worker-25 | DEBUG | .a.s.ParticipantScoreScheduleService : Scheduled task for exercise 3676 and participant 722 at 2025-02-14T23:48:05.342473490Z[Etc/UTC].
    23:48:05.252 | 666 taskScheduler-4  | DEBUG | .a.s.ParticipantScoreScheduleService : Processing exercise 3676 and participant 720 to update participant scores.
    23:48:05.258 | 666 taskScheduler-4  | DEBUG | .a.s.ParticipantScoreScheduleService : Updated participant score 107.
    23:48:05.262 |  51 Pool-1-worker-25 | DEBUG | .c.s.m.InstanceMessageReceiveService : Received schedule participant score for exercise 3676 and participant 723 (result to be deleted: null)
    23:48:05.262 |  51 Pool-1-worker-25 | DEBUG | .a.s.ParticipantScoreScheduleService : Scheduled task for exercise 3676 and participant 723 at 2025-02-14T23:48:05.362459325Z[Etc/UTC].
    23:48:05.264 | 666 taskScheduler-4  | DEBUG | .a.s.ParticipantScoreScheduleService : Updating the participant score for exercise 3676 and participant 720 took 12 ms.
    23:48:05.289 |  51 Pool-1-worker-25 | DEBUG | .c.s.m.InstanceMessageReceiveService : Received schedule participant score for exercise 3676 and participant 723 (result to be deleted: null)
    23:48:05.289 |  51 Pool-1-worker-25 | DEBUG | .a.s.ParticipantScoreScheduleService : Scheduled task for exercise 3676 and participant 723 at 2025-02-14T23:48:05.389261373Z[Etc/UTC].
    23:48:05.298 | 663 taskScheduler-1  | DEBUG | .a.s.ParticipantScoreScheduleService : Processing exercise 3676 and participant 721 to update participant scores.
    23:48:05.303 | 663 taskScheduler-1  | DEBUG | .a.s.ParticipantScoreScheduleService : Updated participant score 108.
    23:48:05.307 |  51 Pool-1-worker-25 | DEBUG | .c.s.m.InstanceMessageReceiveService : Received schedule participant score for exercise 3676 and participant 724 (result to be deleted: null)
    23:48:05.307 |  51 Pool-1-worker-25 | DEBUG | .a.s.ParticipantScoreScheduleService : Scheduled task for exercise 3676 and participant 724 at 2025-02-14T23:48:05.407550704Z[Etc/UTC].
    23:48:05.309 | 663 taskScheduler-1  | DEBUG | .a.s.ParticipantScoreScheduleService : Updating the participant score for exercise 3676 and participant 721 took 11 ms.
    23:48:05.333 |  51 Pool-1-worker-25 | DEBUG | .c.s.m.InstanceMessageReceiveService : Received schedule participant score for exercise 3676 and participant 724 (result to be deleted: null)
    23:48:05.333 |  51 Pool-1-worker-25 | DEBUG | .a.s.ParticipantScoreScheduleService : Scheduled task for exercise 3676 and participant 724 at 2025-02-14T23:48:05.433694053Z[Etc/UTC].
    23:48:05.342 | 664 taskScheduler-2  | DEBUG | .a.s.ParticipantScoreScheduleService : Processing exercise 3676 and participant 722 to update participant scores.
    23:48:05.346 | 664 taskScheduler-2  | DEBUG | .a.s.ParticipantScoreScheduleService : Updated participant score 109.
    23:48:05.351 | 664 taskScheduler-2  | DEBUG | .a.s.ParticipantScoreScheduleService : Updating the participant score for exercise 3676 and participant 722 took 9 ms.
    23:48:05.356 |  51 Pool-1-worker-25 | DEBUG | .c.s.m.InstanceMessageReceiveService : Received schedule participant score for exercise 3676 and participant 725 (result to be deleted: null)
    23:48:05.356 |  51 Pool-1-worker-25 | DEBUG | .a.s.ParticipantScoreScheduleService : Scheduled task for exercise 3676 and participant 725 at 2025-02-14T23:48:05.456867305Z[Etc/UTC].
    23:48:05.383 |  51 Pool-1-worker-25 | DEBUG | .c.s.m.InstanceMessageReceiveService : Received schedule participant score for exercise 3676 and participant 725 (result to be deleted: null)
    23:48:05.383 |  51 Pool-1-worker-25 | DEBUG | .a.s.ParticipantScoreScheduleService : Scheduled task for exercise 3676 and participant 725 at 2025-02-14T23:48:05.483991374Z[Etc/UTC].
    23:48:05.389 | 665 taskScheduler-3  | DEBUG | .a.s.ParticipantScoreScheduleService : Processing exercise 3676 and participant 723 to update participant scores.
    23:48:05.394 | 665 taskScheduler-3  | DEBUG | .a.s.ParticipantScoreScheduleService : Updated participant score 110.
    23:48:05.398 | 665 taskScheduler-3  | DEBUG | .a.s.ParticipantScoreScheduleService : Updating the participant score for exercise 3676 and participant 723 took 9 ms.
    23:48:05.402 |  51 Pool-1-worker-25 | DEBUG | .c.s.m.InstanceMessageReceiveService : Received schedule participant score for exercise 3676 and participant 726 (result to be deleted: null)
    23:48:05.403 |  51 Pool-1-worker-25 | DEBUG | .a.s.ParticipantScoreScheduleService : Scheduled task for exercise 3676 and participant 726 at 2025-02-14T23:48:05.502997812Z[Etc/UTC].
    23:48:05.428 |  51 Pool-1-worker-25 | DEBUG | .c.s.m.InstanceMessageReceiveService : Received schedule participant score for exercise 3676 and participant 726 (result to be deleted: null)
    23:48:05.428 |  51 Pool-1-worker-25 | DEBUG | .a.s.ParticipantScoreScheduleService : Scheduled task for exercise 3676 and participant 726 at 2025-02-14T23:48:05.528809432Z[Etc/UTC].
    23:48:05.432 |  51 Pool-1-worker-25 | DEBUG | d.t.c.a.a.c.s.f.ApiVersionFilter     : Adding Version to Request GET /api/quiz-exercises/3676/recalculate-statistics
    23:48:05.433 | 666 taskScheduler-4  | DEBUG | .a.s.ParticipantScoreScheduleService : Processing exercise 3676 and participant 724 to update participant scores.
    23:48:05.434 |  51 Pool-1-worker-25 | INFO  | d.t.c.a.a.q.web.QuizExerciseResource : REST request to recalculate quiz statistics : 3676
    23:48:05.438 | 666 taskScheduler-4  | DEBUG | .a.s.ParticipantScoreScheduleService : Updated participant score 111.
    23:48:05.440 | 666 taskScheduler-4  | DEBUG | .a.s.ParticipantScoreScheduleService : Updating the participant score for exercise 3676 and participant 724 took 7 ms.
    23:48:05.485 | 663 taskScheduler-1  | DEBUG | .a.s.ParticipantScoreScheduleService : Processing exercise 3676 and participant 725 to update participant scores.
    23:48:05.489 | 663 taskScheduler-1  | DEBUG | .a.s.ParticipantScoreScheduleService : Updated participant score 112.
    23:48:05.492 | 663 taskScheduler-1  | DEBUG | .a.s.ParticipantScoreScheduleService : Updating the participant score for exercise 3676 and participant 725 took 7 ms.
    23:48:05.502 |  51 Pool-1-worker-25 | DEBUG | .c.s.m.InstanceMessageReceiveService : Received schedule participant score for exercise 3676 and participant 726 (result to be deleted: null)
    23:48:05.502 |  51 Pool-1-worker-25 | DEBUG | .a.s.ParticipantScoreScheduleService : Scheduled task for exercise 3676 and participant 726 at 2025-02-14T23:48:05.602447690Z[Etc/UTC].
    23:48:05.531 |  51 Pool-1-worker-25 | DEBUG | .c.s.m.InstanceMessageReceiveService : Received schedule participant score for exercise 3676 and participant 726 (result to be deleted: null)
    23:48:05.531 |  51 Pool-1-worker-25 | DEBUG | .a.s.ParticipantScoreScheduleService : Scheduled task for exercise 3676 and participant 726 at 2025-02-14T23:48:05.631587228Z[Etc/UTC].
    23:48:05.550 |  51 Pool-1-worker-25 | DEBUG | .c.s.m.InstanceMessageReceiveService : Received schedule participant score for exercise 3676 and participant 727 (result to be deleted: null)
    23:48:05.550 |  51 Pool-1-worker-25 | DEBUG | .a.s.ParticipantScoreScheduleService : Scheduled task for exercise 3676 and participant 727 at 2025-02-14T23:48:05.650644Z[Etc/UTC].
    23:48:05.575 |  51 Pool-1-worker-25 | DEBUG | .c.s.m.InstanceMessageReceiveService : Received schedule participant score for exercise 3676 and participant 727 (result to be deleted: null)
    23:48:05.575 |  51 Pool-1-worker-25 | DEBUG | .a.s.ParticipantScoreScheduleService : Scheduled task for exercise 3676 and participant 727 at 2025-02-14T23:48:05.675194899Z[Etc/UTC].
    23:48:05.591 |  51 Pool-1-worker-25 | DEBUG | .c.s.m.InstanceMessageReceiveService : Received schedule participant score for exercise 3676 and participant 728 (result to be deleted: null)
    23:48:05.591 |  51 Pool-1-worker-25 | DEBUG | .a.s.ParticipantScoreScheduleService : Scheduled task for exercise 3676 and participant 728 at 2025-02-14T23:48:05.691945099Z[Etc/UTC].
    23:48:05.616 |  51 Pool-1-worker-25 | DEBUG | .c.s.m.InstanceMessageReceiveService : Received schedule participant score for exercise 3676 and participant 728 (result to be deleted: null)
    23:48:05.616 |  51 Pool-1-worker-25 | DEBUG | .a.s.ParticipantScoreScheduleService : Scheduled task for exercise 3676 and participant 728 at 2025-02-14T23:48:05.716903939Z[Etc/UTC].
    23:48:05.631 | 664 taskScheduler-2  | DEBUG | .a.s.ParticipantScoreScheduleService : Processing exercise 3676 and participant 726 to update participant scores.
    23:48:05.634 |  51 Pool-1-worker-25 | DEBUG | .c.s.m.InstanceMessageReceiveService : Received schedule participant score for exercise 3676 and participant 729 (result to be deleted: null)
    23:48:05.634 |  51 Pool-1-worker-25 | DEBUG | .a.s.ParticipantScoreScheduleService : Scheduled task for exercise 3676 and participant 729 at 2025-02-14T23:48:05.734485991Z[Etc/UTC].
    23:48:05.642 | 664 taskScheduler-2  | DEBUG | .a.s.ParticipantScoreScheduleService : Updated participant score 113.
    23:48:05.647 | 664 taskScheduler-2  | DEBUG | .a.s.ParticipantScoreScheduleService : Updating the participant score for exercise 3676 and participant 726 took 16 ms.
    23:48:05.662 |  51 Pool-1-worker-25 | DEBUG | .c.s.m.InstanceMessageReceiveService : Received schedule participant score for exercise 3676 and participant 729 (result to be deleted: null)
    23:48:05.662 |  51 Pool-1-worker-25 | DEBUG | .a.s.ParticipantScoreScheduleService : Scheduled task for exercise 3676 and participant 729 at 2025-02-14T23:48:05.762217471Z[Etc/UTC].
    23:48:05.675 | 665 taskScheduler-3  | DEBUG | .a.s.ParticipantScoreScheduleService : Processing exercise 3676 and participant 727 to update participant scores.
    23:48:05.681 | 665 taskScheduler-3  | DEBUG | .a.s.ParticipantScoreScheduleService : Updated participant score 114.
    23:48:05.687 | 665 taskScheduler-3  | DEBUG | .a.s.ParticipantScoreScheduleService : Updating the participant score for exercise 3676 and participant 727 took 12 ms.
    23:48:05.688 |  51 Pool-1-worker-25 | DEBUG | .c.s.m.InstanceMessageReceiveService : Received schedule participant score for exercise 3676 and participant 730 (result to be deleted: null)
    23:48:05.688 |  51 Pool-1-worker-25 | DEBUG | .a.s.ParticipantScoreScheduleService : Scheduled task for exercise 3676 and participant 730 at 2025-02-14T23:48:05.788181566Z[Etc/UTC].
    23:48:05.715 |  51 Pool-1-worker-25 | DEBUG | .c.s.m.InstanceMessageReceiveService : Received schedule participant score for exercise 3676 and participant 730 (result to be deleted: null)
    23:48:05.715 |  51 Pool-1-worker-25 | DEBUG | .a.s.ParticipantScoreScheduleService : Scheduled task for exercise 3676 and participant 730 at 2025-02-14T23:48:05.815960255Z[Etc/UTC].
    23:48:05.717 | 663 taskScheduler-1  | DEBUG | .a.s.ParticipantScoreScheduleService : Processing exercise 3676 and participant 728 to update participant scores.
    23:48:05.720 |  51 Pool-1-worker-25 | DEBUG | d.t.c.a.a.c.s.f.ApiVersionFilter     : Adding Version to Request GET /api/quiz-exercises/3676/recalculate-statistics
    23:48:05.722 |  51 Pool-1-worker-25 | INFO  | d.t.c.a.a.q.web.QuizExerciseResource : REST request to recalculate quiz statistics : 3676
    23:48:05.725 | 663 taskScheduler-1  | DEBUG | .a.s.ParticipantScoreScheduleService : Updated participant score 115.
    23:48:05.728 | 663 taskScheduler-1  | DEBUG | .a.s.ParticipantScoreScheduleService : Updating the participant score for exercise 3676 and participant 728 took 11 ms.
    23:48:05.762 | 666 taskScheduler-4  | DEBUG | .a.s.ParticipantScoreScheduleService : Processing exercise 3676 and participant 729 to update participant scores.
    23:48:05.769 | 666 taskScheduler-4  | DEBUG | .a.s.ParticipantScoreScheduleService : Updated participant score 116.
    23:48:05.776 | 666 taskScheduler-4  | DEBUG | .a.s.ParticipantScoreScheduleService : Updating the participant score for exercise 3676 and participant 729 took 14 ms.

  Starting logs for QuizExerciseIntegrationTest > updateQuizExercise_convertFromCourseToExamExercise_badRequest()
    23:48:05.795 |  51 Pool-1-worker-25 | DEBUG | d.t.c.a.a.c.u.util.UserUtilService   : Generate 1 students...
    23:48:05.798 |  51 Pool-1-worker-25 | DEBUG | d.t.c.a.a.c.u.util.UserUtilService   : 1 students generated. Generate 1 tutors...
    23:48:05.801 |  51 Pool-1-worker-25 | DEBUG | d.t.c.a.a.c.u.util.UserUtilService   : 1 tutors generated. Generate 1 editors...
    23:48:05.804 |  51 Pool-1-worker-25 | DEBUG | d.t.c.a.a.c.u.util.UserUtilService   : 1 editors generated. Generate 1 instructors...
    23:48:05.807 |  51 Pool-1-worker-25 | DEBUG | d.t.c.a.a.c.u.util.UserUtilService   : 1 instructors generated
    23:48:05.810 |  51 Pool-1-worker-25 | DEBUG | d.t.c.a.a.c.u.util.UserUtilService   : Removing 17 users from all courses...
    23:48:05.812 |  51 Pool-1-worker-25 | DEBUG | d.t.c.a.a.c.u.util.UserUtilService   : Removing 17 users from all courses. Done
    23:48:05.812 |  51 Pool-1-worker-25 | DEBUG | d.t.c.a.a.c.u.util.UserUtilService   : Save 4 users to database...
    23:48:05.816 |  51 Pool-1-worker-25 | DEBUG | d.t.c.a.a.c.u.util.UserUtilService   : Save 4 users to database. Done
    23:48:05.817 |  51 Pool-1-worker-25 | INFO  | i.z.t.d.l.EmbeddedDatabaseReporter   : JDBC URL to connect to 'dataSource': url='jdbc:h2:tcp://localhost:41063/mem:df70fc46-7e57-4cb5-9cd0-c1d90c14afa7;USER=sa', scope='QuizExerciseIntegrationTest#updateQuizExercise_convertFromCourseToExamExercise_badRequest'
    23:48:05.820 |  51 Pool-1-worker-25 | DEBUG | d.t.c.a.a.c.s.f.ApiVersionFilter     : Adding Version to Request POST /api/quiz-exercises
    23:48:05.821 |  51 Pool-1-worker-25 | INFO  | d.t.c.a.a.q.web.QuizExerciseResource : REST request to create QuizExercise : QuizExercise{id=null, title='new quiz', randomizeQuestionOrder='true', allowedNumberOfAttempts='1', isOpenForPractice='false', releaseDate='2025-02-15T04:48:05.817096391Z', duration='3600', dueDate='null'}
    23:48:05.824 |  51 Pool-1-worker-25 | DEBUG | d.t.c.a.a.q.s.QuizExerciseService    : Save quiz exercise to database: QuizExercise{id=null, title='new quiz', randomizeQuestionOrder='true', allowedNumberOfAttempts='1', isOpenForPractice='false', releaseDate='2025-02-15T04:48:05.817096391Z', duration='3600', dueDate='2025-02-15T05:48:10.817096391Z'}
    23:48:05.838 |  51 Pool-1-worker-25 | INFO  | .c.s.m.InstanceMessageReceiveService : Received schedule quiz start for quiz exercise 3677
    23:48:05.839 |  51 Pool-1-worker-25 | DEBUG | t.c.a.a.e.s.ExerciseLifecycleService : Scheduled Task for Exercise "new quiz" (#3677) to trigger on START.
    23:48:05.839 |  51 Pool-1-worker-25 | DEBUG | t.c.a.a.e.s.ExerciseLifecycleService : Scheduled 1 Tasks for Exercise "new quiz" (#3677) to trigger on DUE.
    23:48:05.865 |  51 Pool-1-worker-25 | INFO  | .c.a.a.c.s.TitleCacheEvictionService : Evicted entry '1' from title cache 'courseTitle'
    23:48:05.871 |  51 Pool-1-worker-25 | DEBUG | d.t.c.a.a.c.s.f.ApiVersionFilter     : Adding Version to Request PUT /api/quiz-exercises/3677
    23:48:05.876 |  51 Pool-1-worker-25 | INFO  | d.t.c.a.a.q.web.QuizExerciseResource : REST request to update quiz exercise : QuizExercise{id=3677, title='new quiz', randomizeQuestionOrder='true', allowedNumberOfAttempts='1', isOpenForPractice='false', releaseDate='2025-02-15T04:48:05.817096Z', duration='3600', dueDate='2025-02-15T05:48:10.817096Z'}
    23:48:05.877 |  51 Pool-1-worker-25 | ERROR | tech.jhipster.web.util.HeaderUtil    : Entity processing failed, An exam exercise may not have any dates set!
    23:48:05.877 |  51 Pool-1-worker-25 | WARN  | o.z.p.spring.common.AdviceTraits     : Bad Request: An exam exercise may not have any dates set!

  Starting logs for QuizExerciseIntegrationTest > testReset()
    23:48:05.891 |  51 Pool-1-worker-25 | DEBUG | d.t.c.a.a.c.u.util.UserUtilService   : Generate 1 students...
    23:48:05.894 |  51 Pool-1-worker-25 | DEBUG | d.t.c.a.a.c.u.util.UserUtilService   : 1 students generated. Generate 1 tutors...
    23:48:05.897 |  51 Pool-1-worker-25 | DEBUG | d.t.c.a.a.c.u.util.UserUtilService   : 1 tutors generated. Generate 1 editors...
    23:48:05.899 |  51 Pool-1-worker-25 | DEBUG | d.t.c.a.a.c.u.util.UserUtilService   : 1 editors generated. Generate 1 instructors...
    23:48:05.902 |  51 Pool-1-worker-25 | DEBUG | d.t.c.a.a.c.u.util.UserUtilService   : 1 instructors generated
    23:48:05.904 |  51 Pool-1-worker-25 | DEBUG | d.t.c.a.a.c.u.util.UserUtilService   : Removing 4 users from all courses...
    23:48:05.905 |  51 Pool-1-worker-25 | DEBUG | d.t.c.a.a.c.u.util.UserUtilService   : Removing 4 users from all courses. Done
    23:48:05.905 |  51 Pool-1-worker-25 | DEBUG | d.t.c.a.a.c.u.util.UserUtilService   : Save 4 users to database...
    23:48:05.908 |  51 Pool-1-worker-25 | DEBUG | d.t.c.a.a.c.u.util.UserUtilService   : Save 4 users to database. Done
    23:48:05.908 |  51 Pool-1-worker-25 | INFO  | i.z.t.d.l.EmbeddedDatabaseReporter   : JDBC URL to connect to 'dataSource': url='jdbc:h2:tcp://localhost:41063/mem:df70fc46-7e57-4cb5-9cd0-c1d90c14afa7;USER=sa', scope='QuizExerciseIntegrationTest#testReset'
    23:48:05.914 |  51 Pool-1-worker-25 | DEBUG | d.t.c.a.a.c.s.f.ApiVersionFilter     : Adding Version to Request DELETE /api/exercises/3678/reset
    23:48:05.915 |  51 Pool-1-worker-25 | DEBUG | d.t.c.a.a.e.web.ExerciseResource     : REST request to reset Exercise : 3678
    23:48:05.917 |  51 Pool-1-worker-25 | DEBUG | .t.c.a.a.e.s.ExerciseDeletionService : Request reset Exercise : 3678
    23:48:05.918 |  51 Pool-1-worker-25 | INFO  | d.t.c.a.a.e.s.ParticipationService   : Request to delete all 0 participations of exercise with id : 3678
    23:48:05.922 |  51 Pool-1-worker-25 | DEBUG | d.t.c.a.a.q.s.QuizExerciseService    : Save quiz exercise to database: QuizExercise{id=3678, title='new quiz', randomizeQuestionOrder='true', allowedNumberOfAttempts='1', isOpenForPractice='false', releaseDate='2025-02-14T23:48:05.922026073Z[Etc/UTC]', duration='120', dueDate='null'}
    23:48:05.936 |  51 Pool-1-worker-25 | INFO  | .c.s.m.InstanceMessageReceiveService : Received schedule quiz start for quiz exercise 3678
    23:48:05.938 |  51 Pool-1-worker-25 | INFO  | .c.s.m.InstanceMessageReceiveService : Received schedule quiz start for quiz exercise 3678

  Starting logs for QuizExerciseIntegrationTest > updateQuizExercise_convertFromExamToCourseExercise_badRequest()
    23:48:05.970 |  51 Pool-1-worker-25 | DEBUG | d.t.c.a.a.c.u.util.UserUtilService   : Generate 1 students...
    23:48:05.973 |  51 Pool-1-worker-25 | DEBUG | d.t.c.a.a.c.u.util.UserUtilService   : 1 students generated. Generate 1 tutors...
    23:48:05.976 |  51 Pool-1-worker-25 | DEBUG | d.t.c.a.a.c.u.util.UserUtilService   : 1 tutors generated. Generate 1 editors...
    23:48:05.978 |  51 Pool-1-worker-25 | DEBUG | d.t.c.a.a.c.u.util.UserUtilService   : 1 editors generated. Generate 1 instructors...
    23:48:05.981 |  51 Pool-1-worker-25 | DEBUG | d.t.c.a.a.c.u.util.UserUtilService   : 1 instructors generated
    23:48:05.983 |  51 Pool-1-worker-25 | DEBUG | d.t.c.a.a.c.u.util.UserUtilService   : Removing 4 users from all courses...
    23:48:05.984 |  51 Pool-1-worker-25 | DEBUG | d.t.c.a.a.c.u.util.UserUtilService   : Removing 4 users from all courses. Done
    23:48:05.984 |  51 Pool-1-worker-25 | DEBUG | d.t.c.a.a.c.u.util.UserUtilService   : Save 4 users to database...
    23:48:05.988 |  51 Pool-1-worker-25 | DEBUG | d.t.c.a.a.c.u.util.UserUtilService   : Save 4 users to database. Done
    23:48:05.988 |  51 Pool-1-worker-25 | INFO  | i.z.t.d.l.EmbeddedDatabaseReporter   : JDBC URL to connect to 'dataSource': url='jdbc:h2:tcp://localhost:41063/mem:df70fc46-7e57-4cb5-9cd0-c1d90c14afa7;USER=sa', scope='QuizExerciseIntegrationTest#updateQuizExercise_convertFromExamToCourseExercise_badRequest'
    23:48:05.991 |  51 Pool-1-worker-25 | INFO  | .c.a.a.c.s.TitleCacheEvictionService : Evicted entry '1' from title cache 'courseTitle'
    23:48:05.994 |  51 Pool-1-worker-25 | DEBUG | d.t.c.a.a.c.s.f.ApiVersionFilter     : Adding Version to Request POST /api/quiz-exercises
    23:48:05.995 |  51 Pool-1-worker-25 | INFO  | d.t.c.a.a.q.web.QuizExerciseResource : REST request to create QuizExercise : QuizExercise{id=null, title='49e0ea2e-8594-4363-8d34-c5c9176196cf', randomizeQuestionOrder='true', allowedNumberOfAttempts='1', isOpenForPractice='false', releaseDate='null', duration='3600', dueDate='null'}
    23:48:05.998 |  51 Pool-1-worker-25 | DEBUG | d.t.c.a.a.q.s.QuizExerciseService    : Save quiz exercise to database: QuizExercise{id=null, title='49e0ea2e-8594-4363-8d34-c5c9176196cf', randomizeQuestionOrder='true', allowedNumberOfAttempts='1', isOpenForPractice='false', releaseDate='null', duration='3600', dueDate='null'}
    23:48:06.040 |  51 Pool-1-worker-25 | DEBUG | d.t.c.a.a.c.s.f.ApiVersionFilter     : Adding Version to Request PUT /api/quiz-exercises/3679
    23:48:06.042 |  51 Pool-1-worker-25 | INFO  | d.t.c.a.a.q.web.QuizExerciseResource : REST request to update quiz exercise : QuizExercise{id=3679, title='49e0ea2e-8594-4363-8d34-c5c9176196cf', randomizeQuestionOrder='true', allowedNumberOfAttempts='1', isOpenForPractice='false', releaseDate='null', duration='3600', dueDate='null'}
    23:48:06.046 |  51 Pool-1-worker-25 | ERROR | tech.jhipster.web.util.HeaderUtil    : Entity processing failed, Course exercise cannot be converted to exam exercise and vice versa
    23:48:06.046 |  51 Pool-1-worker-25 | WARN  | o.z.p.spring.common.AdviceTraits     : Bad Request: Course exercise cannot be converted to exam exercise and vice versa

  Starting logs for QuizExerciseIntegrationTest > updateQuizExercise_dragAndDrop_withoutFileArrayProvided()
    23:48:06.061 |  51 Pool-1-worker-25 | DEBUG | d.t.c.a.a.c.u.util.UserUtilService   : Generate 1 students...
    23:48:06.064 |  51 Pool-1-worker-25 | DEBUG | d.t.c.a.a.c.u.util.UserUtilService   : 1 students generated. Generate 1 tutors...
    23:48:06.067 |  51 Pool-1-worker-25 | DEBUG | d.t.c.a.a.c.u.util.UserUtilService   : 1 tutors generated. Generate 1 editors...
    23:48:06.071 |  51 Pool-1-worker-25 | DEBUG | d.t.c.a.a.c.u.util.UserUtilService   : 1 editors generated. Generate 1 instructors...
    23:48:06.074 |  51 Pool-1-worker-25 | DEBUG | d.t.c.a.a.c.u.util.UserUtilService   : 1 instructors generated
    23:48:06.082 |  51 Pool-1-worker-25 | DEBUG | d.t.c.a.a.c.u.util.UserUtilService   : Removing 4 users from all courses...
    23:48:06.083 |  51 Pool-1-worker-25 | DEBUG | d.t.c.a.a.c.u.util.UserUtilService   : Removing 4 users from all courses. Done
    23:48:06.083 |  51 Pool-1-worker-25 | DEBUG | d.t.c.a.a.c.u.util.UserUtilService   : Save 4 users to database...
    23:48:06.089 |  51 Pool-1-worker-25 | DEBUG | d.t.c.a.a.c.u.util.UserUtilService   : Save 4 users to database. Done
    23:48:06.089 |  51 Pool-1-worker-25 | INFO  | i.z.t.d.l.EmbeddedDatabaseReporter   : JDBC URL to connect to 'dataSource': url='jdbc:h2:tcp://localhost:41063/mem:df70fc46-7e57-4cb5-9cd0-c1d90c14afa7;USER=sa', scope='QuizExerciseIntegrationTest#updateQuizExercise_dragAndDrop_withoutFileArrayProvided'
    23:48:06.093 |  51 Pool-1-worker-25 | DEBUG | d.t.c.a.a.c.s.f.ApiVersionFilter     : Adding Version to Request POST /api/quiz-exercises
    23:48:06.094 |  51 Pool-1-worker-25 | INFO  | d.t.c.a.a.q.web.QuizExerciseResource : REST request to create QuizExercise : QuizExercise{id=null, title='new quiz', randomizeQuestionOrder='true', allowedNumberOfAttempts='1', isOpenForPractice='false', releaseDate='2025-02-15T04:48:06.089486910Z', duration='3600', dueDate='null'}
    23:48:06.100 |  51 Pool-1-worker-25 | DEBUG | d.t.c.a.a.q.s.QuizExerciseService    : Save quiz exercise to database: QuizExercise{id=null, title='new quiz', randomizeQuestionOrder='true', allowedNumberOfAttempts='1', isOpenForPractice='false', releaseDate='2025-02-15T04:48:06.089486910Z', duration='3600', dueDate='2025-02-15T05:48:11.089486910Z'}
    23:48:06.125 |  51 Pool-1-worker-25 | INFO  | .c.s.m.InstanceMessageReceiveService : Received schedule quiz start for quiz exercise 3680
    23:48:06.128 |  51 Pool-1-worker-25 | DEBUG | t.c.a.a.e.s.ExerciseLifecycleService : Scheduled Task for Exercise "new quiz" (#3680) to trigger on START.
    23:48:06.128 |  51 Pool-1-worker-25 | DEBUG | t.c.a.a.e.s.ExerciseLifecycleService : Scheduled 1 Tasks for Exercise "new quiz" (#3680) to trigger on DUE.
    23:48:06.161 |  51 Pool-1-worker-25 | DEBUG | d.t.c.a.a.c.s.f.ApiVersionFilter     : Adding Version to Request PUT /api/quiz-exercises/3680
    23:48:06.165 |  51 Pool-1-worker-25 | INFO  | d.t.c.a.a.q.web.QuizExerciseResource : REST request to update quiz exercise : QuizExercise{id=3680, title='new quiz', randomizeQuestionOrder='true', allowedNumberOfAttempts='1', isOpenForPractice='false', releaseDate='2025-02-15T04:48:06.089487Z', duration='3600', dueDate='2025-02-15T05:48:11.089487Z'}
    23:48:06.169 |  51 Pool-1-worker-25 | WARN  | d.t.c.a.a.core.service.FileService   : Could not delete file /api/files/drag-and-drop/drag-items/534/dnd_image_2025-02-14T23-48-06-100_dragItemImage1.png. Error message: /api/files/drag-and-drop/drag-items/534/dnd_image_2025-02-14T23-48-06-100_dragItemImage1.png
    23:48:06.169 |  51 Pool-1-worker-25 | WARN  | d.t.c.a.a.core.service.FileService   : Could not delete file /api/files/drag-and-drop/drag-items/536/dnd_image_2025-02-14T23-48-06-100_dragItemImage2.png. Error message: /api/files/drag-and-drop/drag-items/536/dnd_image_2025-02-14T23-48-06-100_dragItemImage2.png
    23:48:06.169 |  51 Pool-1-worker-25 | DEBUG | d.t.c.a.a.q.s.QuizExerciseService    : Save quiz exercise to database: QuizExercise{id=3680, title='new quiz', randomizeQuestionOrder='true', allowedNumberOfAttempts='1', isOpenForPractice='false', releaseDate='2025-02-15T04:48:06.089487Z', duration='3600', dueDate='2025-02-15T05:48:11.089487Z'}
    23:48:06.171 |  51 Pool-1-worker-25 | WARN  | o.h.e.i.StatefulPersistenceContext   : HHH000179: Narrowing proxy to class de.tum.cit.aet.artemis.quiz.domain.MultipleChoiceQuestionStatistic - this operation breaks ==
    23:48:06.171 |  51 Pool-1-worker-25 | WARN  | o.h.e.i.StatefulPersistenceContext   : HHH000179: Narrowing proxy to class de.tum.cit.aet.artemis.quiz.domain.MultipleChoiceQuestionStatistic - this operation breaks ==
    23:48:06.174 |  51 Pool-1-worker-25 | WARN  | o.h.e.i.StatefulPersistenceContext   : HHH000179: Narrowing proxy to class de.tum.cit.aet.artemis.quiz.domain.DragAndDropQuestionStatistic - this operation breaks ==
    23:48:06.174 |  51 Pool-1-worker-25 | WARN  | o.h.e.i.StatefulPersistenceContext   : HHH000179: Narrowing proxy to class de.tum.cit.aet.artemis.quiz.domain.DragAndDropQuestionStatistic - this operation breaks ==
    23:48:06.176 |  51 Pool-1-worker-25 | WARN  | o.h.e.i.StatefulPersistenceContext   : HHH000179: Narrowing proxy to class de.tum.cit.aet.artemis.quiz.domain.ShortAnswerQuestionStatistic - this operation breaks ==
    23:48:06.176 |  51 Pool-1-worker-25 | WARN  | o.h.e.i.StatefulPersistenceContext   : HHH000179: Narrowing proxy to class de.tum.cit.aet.artemis.quiz.domain.ShortAnswerQuestionStatistic - this operation breaks ==
    23:48:06.189 |  51 Pool-1-worker-25 | INFO  | .c.s.m.InstanceMessageReceiveService : Received schedule quiz start for quiz exercise 3680
    23:48:06.190 |  51 Pool-1-worker-25 | DEBUG | d.t.c.a.a.c.service.ScheduleService  : Cancelling scheduled task START for Exercise (#3680).
    23:48:06.191 |  51 Pool-1-worker-25 | DEBUG | t.c.a.a.e.s.ExerciseLifecycleService : Scheduled Task for Exercise "new quiz" (#3680) to trigger on START.
    23:48:06.191 |  51 Pool-1-worker-25 | DEBUG | d.t.c.a.a.c.service.ScheduleService  : Cancelling scheduled task DUE for Exercise (#3680).
    23:48:06.191 |  51 Pool-1-worker-25 | DEBUG | t.c.a.a.e.s.ExerciseLifecycleService : Scheduled 1 Tasks for Exercise "new quiz" (#3680) to trigger on DUE.
    23:48:06.191 |  51 Pool-1-worker-25 | INFO  | d.t.c.a.a.e.service.ExerciseService  : User quizexerciseintegrationinstructor1 has updated QuizExercise new quiz with id 3680

  Starting logs for QuizExerciseIntegrationTest > createQuizExercise_setCourseAndExerciseGroup_badRequest()
    23:48:06.210 |  51 Pool-1-worker-25 | DEBUG | d.t.c.a.a.c.u.util.UserUtilService   : Generate 1 students...
    23:48:06.213 |  51 Pool-1-worker-25 | DEBUG | d.t.c.a.a.c.u.util.UserUtilService   : 1 students generated. Generate 1 tutors...
    23:48:06.216 |  51 Pool-1-worker-25 | DEBUG | d.t.c.a.a.c.u.util.UserUtilService   : 1 tutors generated. Generate 1 editors...
    23:48:06.219 |  51 Pool-1-worker-25 | DEBUG | d.t.c.a.a.c.u.util.UserUtilService   : 1 editors generated. Generate 1 instructors...
    23:48:06.222 |  51 Pool-1-worker-25 | DEBUG | d.t.c.a.a.c.u.util.UserUtilService   : 1 instructors generated
    23:48:06.224 |  51 Pool-1-worker-25 | DEBUG | d.t.c.a.a.c.u.util.UserUtilService   : Removing 4 users from all courses...
    23:48:06.225 |  51 Pool-1-worker-25 | DEBUG | d.t.c.a.a.c.u.util.UserUtilService   : Removing 4 users from all courses. Done
    23:48:06.225 |  51 Pool-1-worker-25 | DEBUG | d.t.c.a.a.c.u.util.UserUtilService   : Save 4 users to database...
    23:48:06.229 |  51 Pool-1-worker-25 | DEBUG | d.t.c.a.a.c.u.util.UserUtilService   : Save 4 users to database. Done
    23:48:06.229 |  51 Pool-1-worker-25 | INFO  | i.z.t.d.l.EmbeddedDatabaseReporter   : JDBC URL to connect to 'dataSource': url='jdbc:h2:tcp://localhost:41063/mem:df70fc46-7e57-4cb5-9cd0-c1d90c14afa7;USER=sa', scope='QuizExerciseIntegrationTest#createQuizExercise_setCourseAndExerciseGroup_badRequest'
    23:48:06.232 |  51 Pool-1-worker-25 | INFO  | .c.a.a.c.s.TitleCacheEvictionService : Evicted entry '1' from title cache 'courseTitle'
    23:48:06.234 |  51 Pool-1-worker-25 | DEBUG | d.t.c.a.a.c.s.f.ApiVersionFilter     : Adding Version to Request POST /api/quiz-exercises
    23:48:06.235 |  51 Pool-1-worker-25 | INFO  | d.t.c.a.a.q.web.QuizExerciseResource : REST request to create QuizExercise : QuizExercise{id=null, title='3f761bf9-c1b9-4c6a-bb8c-79a627fe5ee6', randomizeQuestionOrder='true', allowedNumberOfAttempts='1', isOpenForPractice='false', releaseDate='null', duration='10', dueDate='null'}
    23:48:06.235 |  51 Pool-1-worker-25 | ERROR | tech.jhipster.web.util.HeaderUtil    : Entity processing failed, The quiz exercise is invalid
    23:48:06.235 |  51 Pool-1-worker-25 | WARN  | o.z.p.spring.common.AdviceTraits     : Bad Request: The quiz exercise is invalid

  Starting logs for QuizExerciseIntegrationTest > testMultipleChoiceQuizOptionExplanationLength_Valid()
    23:48:06.252 |  51 Pool-1-worker-25 | DEBUG | d.t.c.a.a.c.u.util.UserUtilService   : Generate 1 students...
    23:48:06.255 |  51 Pool-1-worker-25 | DEBUG | d.t.c.a.a.c.u.util.UserUtilService   : 1 students generated. Generate 1 tutors...
    23:48:06.258 |  51 Pool-1-worker-25 | DEBUG | d.t.c.a.a.c.u.util.UserUtilService   : 1 tutors generated. Generate 1 editors...
    23:48:06.261 |  51 Pool-1-worker-25 | DEBUG | d.t.c.a.a.c.u.util.UserUtilService   : 1 editors generated. Generate 1 instructors...
    23:48:06.264 |  51 Pool-1-worker-25 | DEBUG | d.t.c.a.a.c.u.util.UserUtilService   : 1 instructors generated
    23:48:06.266 |  51 Pool-1-worker-25 | DEBUG | d.t.c.a.a.c.u.util.UserUtilService   : Removing 4 users from all courses...
    23:48:06.267 |  51 Pool-1-worker-25 | DEBUG | d.t.c.a.a.c.u.util.UserUtilService   : Removing 4 users from all courses. Done
    23:48:06.267 |  51 Pool-1-worker-25 | DEBUG | d.t.c.a.a.c.u.util.UserUtilService   : Save 4 users to database...
    23:48:06.271 |  51 Pool-1-worker-25 | DEBUG | d.t.c.a.a.c.u.util.UserUtilService   : Save 4 users to database. Done
    23:48:06.271 |  51 Pool-1-worker-25 | INFO  | i.z.t.d.l.EmbeddedDatabaseReporter   : JDBC URL to connect to 'dataSource': url='jdbc:h2:tcp://localhost:41063/mem:df70fc46-7e57-4cb5-9cd0-c1d90c14afa7;USER=sa', scope='QuizExerciseIntegrationTest#testMultipleChoiceQuizOptionExplanationLength_Valid'
    23:48:06.273 |  51 Pool-1-worker-25 | DEBUG | d.t.c.a.a.c.s.f.ApiVersionFilter     : Adding Version to Request POST /api/quiz-exercises
    23:48:06.274 |  51 Pool-1-worker-25 | INFO  | d.t.c.a.a.q.web.QuizExerciseResource : REST request to create QuizExercise : QuizExercise{id=null, title='new quiz', randomizeQuestionOrder='true', allowedNumberOfAttempts='1', isOpenForPractice='false', releaseDate='2025-02-15T04:48:06.272142215Z', duration='120', dueDate='null'}
    23:48:06.276 |  51 Pool-1-worker-25 | DEBUG | d.t.c.a.a.q.s.QuizExerciseService    : Save quiz exercise to database: QuizExercise{id=null, title='new quiz', randomizeQuestionOrder='true', allowedNumberOfAttempts='1', isOpenForPractice='false', releaseDate='2025-02-15T04:48:06.272142215Z', duration='120', dueDate='2025-02-15T04:50:11.272142215Z'}
    23:48:06.279 |  51 Pool-1-worker-25 | INFO  | .c.s.m.InstanceMessageReceiveService : Received schedule quiz start for quiz exercise 3681
    23:48:06.280 |  51 Pool-1-worker-25 | DEBUG | t.c.a.a.e.s.ExerciseLifecycleService : Scheduled Task for Exercise "new quiz" (#3681) to trigger on START.
    23:48:06.280 |  51 Pool-1-worker-25 | DEBUG | t.c.a.a.e.s.ExerciseLifecycleService : Scheduled 1 Tasks for Exercise "new quiz" (#3681) to trigger on DUE.

  Starting logs for QuizExerciseIntegrationTest > testRecalculateStatisticsAsNonTutorForbidden()
    23:48:06.307 |  51 Pool-1-worker-25 | DEBUG | d.t.c.a.a.c.u.util.UserUtilService   : Generate 1 students...
    23:48:06.310 |  51 Pool-1-worker-25 | DEBUG | d.t.c.a.a.c.u.util.UserUtilService   : 1 students generated. Generate 1 tutors...
    23:48:06.313 |  51 Pool-1-worker-25 | DEBUG | d.t.c.a.a.c.u.util.UserUtilService   : 1 tutors generated. Generate 1 editors...
    23:48:06.316 |  51 Pool-1-worker-25 | DEBUG | d.t.c.a.a.c.u.util.UserUtilService   : 1 editors generated. Generate 1 instructors...
    23:48:06.318 |  51 Pool-1-worker-25 | DEBUG | d.t.c.a.a.c.u.util.UserUtilService   : 1 instructors generated
    23:48:06.321 |  51 Pool-1-worker-25 | DEBUG | d.t.c.a.a.c.u.util.UserUtilService   : Removing 4 users from all courses...
    23:48:06.322 |  51 Pool-1-worker-25 | DEBUG | d.t.c.a.a.c.u.util.UserUtilService   : Removing 4 users from all courses. Done
    23:48:06.322 |  51 Pool-1-worker-25 | DEBUG | d.t.c.a.a.c.u.util.UserUtilService   : Save 4 users to database...
    23:48:06.326 |  51 Pool-1-worker-25 | DEBUG | d.t.c.a.a.c.u.util.UserUtilService   : Save 4 users to database. Done
    23:48:06.326 |  51 Pool-1-worker-25 | INFO  | i.z.t.d.l.EmbeddedDatabaseReporter   : JDBC URL to connect to 'dataSource': url='jdbc:h2:tcp://localhost:41063/mem:df70fc46-7e57-4cb5-9cd0-c1d90c14afa7;USER=sa', scope='QuizExerciseIntegrationTest#testRecalculateStatisticsAsNonTutorForbidden'
    23:48:06.334 |  51 Pool-1-worker-25 | DEBUG | d.t.c.a.a.c.s.f.ApiVersionFilter     : Adding Version to Request GET /api/quiz-exercises/3682/recalculate-statistics
    23:48:06.335 |  51 Pool-1-worker-25 | WARN  | o.z.p.spring.common.AdviceTraits     : Forbidden: Access Denied

  Starting logs for QuizExerciseIntegrationTest > createQuizExercise_InvalidMaxScore()
    23:48:06.350 |  51 Pool-1-worker-25 | DEBUG | d.t.c.a.a.c.u.util.UserUtilService   : Generate 1 students...
    23:48:06.352 |  51 Pool-1-worker-25 | DEBUG | d.t.c.a.a.c.u.util.UserUtilService   : 1 students generated. Generate 1 tutors...
    23:48:06.355 |  51 Pool-1-worker-25 | DEBUG | d.t.c.a.a.c.u.util.UserUtilService   : 1 tutors generated. Generate 1 editors...
    23:48:06.357 |  51 Pool-1-worker-25 | DEBUG | d.t.c.a.a.c.u.util.UserUtilService   : 1 editors generated. Generate 1 instructors...
    23:48:06.359 |  51 Pool-1-worker-25 | DEBUG | d.t.c.a.a.c.u.util.UserUtilService   : 1 instructors generated
    23:48:06.360 |  51 Pool-1-worker-25 | DEBUG | d.t.c.a.a.c.u.util.UserUtilService   : Removing 4 users from all courses...
    23:48:06.361 |  51 Pool-1-worker-25 | DEBUG | d.t.c.a.a.c.u.util.UserUtilService   : Removing 4 users from all courses. Done
    23:48:06.361 |  51 Pool-1-worker-25 | DEBUG | d.t.c.a.a.c.u.util.UserUtilService   : Save 4 users to database...
    23:48:06.363 |  51 Pool-1-worker-25 | DEBUG | d.t.c.a.a.c.u.util.UserUtilService   : Save 4 users to database. Done
    23:48:06.363 |  51 Pool-1-worker-25 | INFO  | i.z.t.d.l.EmbeddedDatabaseReporter   : JDBC URL to connect to 'dataSource': url='jdbc:h2:tcp://localhost:41063/mem:df70fc46-7e57-4cb5-9cd0-c1d90c14afa7;USER=sa', scope='QuizExerciseIntegrationTest#createQuizExercise_InvalidMaxScore'
    23:48:06.365 |  51 Pool-1-worker-25 | DEBUG | d.t.c.a.a.c.s.f.ApiVersionFilter     : Adding Version to Request POST /api/quiz-exercises
    23:48:06.366 |  51 Pool-1-worker-25 | INFO  | d.t.c.a.a.q.web.QuizExerciseResource : REST request to create QuizExercise : QuizExercise{id=null, title='new quiz', randomizeQuestionOrder='true', allowedNumberOfAttempts='1', isOpenForPractice='false', releaseDate='2025-02-15T04:48:06.363773726Z', duration='120', dueDate='null'}
    23:48:06.366 |  51 Pool-1-worker-25 | ERROR | tech.jhipster.web.util.HeaderUtil    : Entity processing failed, The max points needs to be greater than 0
    23:48:06.366 |  51 Pool-1-worker-25 | WARN  | o.z.p.spring.common.AdviceTraits     : Bad Request: The max points needs to be greater than 0

  Starting logs for QuizExerciseIntegrationTest > updateQuizExercise_invalidDates_badRequest()
    23:48:06.383 |  51 Pool-1-worker-25 | DEBUG | d.t.c.a.a.c.u.util.UserUtilService   : Generate 1 students...
    23:48:06.386 |  51 Pool-1-worker-25 | DEBUG | d.t.c.a.a.c.u.util.UserUtilService   : 1 students generated. Generate 1 tutors...
    23:48:06.389 |  51 Pool-1-worker-25 | DEBUG | d.t.c.a.a.c.u.util.UserUtilService   : 1 tutors generated. Generate 1 editors...
    23:48:06.392 |  51 Pool-1-worker-25 | DEBUG | d.t.c.a.a.c.u.util.UserUtilService   : 1 editors generated. Generate 1 instructors...
    23:48:06.394 |  51 Pool-1-worker-25 | DEBUG | d.t.c.a.a.c.u.util.UserUtilService   : 1 instructors generated
    23:48:06.397 |  51 Pool-1-worker-25 | DEBUG | d.t.c.a.a.c.u.util.UserUtilService   : Removing 4 users from all courses...
    23:48:06.397 |  51 Pool-1-worker-25 | DEBUG | d.t.c.a.a.c.u.util.UserUtilService   : Removing 4 users from all courses. Done
    23:48:06.397 |  51 Pool-1-worker-25 | DEBUG | d.t.c.a.a.c.u.util.UserUtilService   : Save 4 users to database...
    23:48:06.401 |  51 Pool-1-worker-25 | DEBUG | d.t.c.a.a.c.u.util.UserUtilService   : Save 4 users to database. Done
    23:48:06.401 |  51 Pool-1-worker-25 | INFO  | i.z.t.d.l.EmbeddedDatabaseReporter   : JDBC URL to connect to 'dataSource': url='jdbc:h2:tcp://localhost:41063/mem:df70fc46-7e57-4cb5-9cd0-c1d90c14afa7;USER=sa', scope='QuizExerciseIntegrationTest#updateQuizExercise_invalidDates_badRequest'
    23:48:06.404 |  51 Pool-1-worker-25 | DEBUG | d.t.c.a.a.c.s.f.ApiVersionFilter     : Adding Version to Request POST /api/quiz-exercises
    23:48:06.405 |  51 Pool-1-worker-25 | INFO  | d.t.c.a.a.q.web.QuizExerciseResource : REST request to create QuizExercise : QuizExercise{id=null, title='new quiz', randomizeQuestionOrder='true', allowedNumberOfAttempts='1', isOpenForPractice='false', releaseDate='2025-02-15T04:48:06.402067887Z', duration='3600', dueDate='null'}
    23:48:06.408 |  51 Pool-1-worker-25 | DEBUG | d.t.c.a.a.q.s.QuizExerciseService    : Save quiz exercise to database: QuizExercise{id=null, title='new quiz', randomizeQuestionOrder='true', allowedNumberOfAttempts='1', isOpenForPractice='false', releaseDate='2025-02-15T04:48:06.402067887Z', duration='3600', dueDate='2025-02-15T05:48:11.402067887Z'}
    23:48:06.421 |  51 Pool-1-worker-25 | INFO  | .c.s.m.InstanceMessageReceiveService : Received schedule quiz start for quiz exercise 3683
    23:48:06.423 |  51 Pool-1-worker-25 | DEBUG | t.c.a.a.e.s.ExerciseLifecycleService : Scheduled Task for Exercise "new quiz" (#3683) to trigger on START.
    23:48:06.423 |  51 Pool-1-worker-25 | DEBUG | t.c.a.a.e.s.ExerciseLifecycleService : Scheduled 1 Tasks for Exercise "new quiz" (#3683) to trigger on DUE.
    23:48:06.448 |  51 Pool-1-worker-25 | DEBUG | d.t.c.a.a.c.s.f.ApiVersionFilter     : Adding Version to Request PUT /api/quiz-exercises/3683
    23:48:06.454 |  51 Pool-1-worker-25 | INFO  | d.t.c.a.a.q.web.QuizExerciseResource : REST request to update quiz exercise : QuizExercise{id=3683, title='new quiz', randomizeQuestionOrder='true', allowedNumberOfAttempts='1', isOpenForPractice='false', releaseDate='2025-02-15T04:48:06.402068Z', duration='3600', dueDate='2025-02-15T05:48:11.402068Z'}
    23:48:06.455 |  51 Pool-1-worker-25 | ERROR | tech.jhipster.web.util.HeaderUtil    : Entity processing failed, Start time must not be before release date!
    23:48:06.456 |  51 Pool-1-worker-25 | WARN  | o.z.p.spring.common.AdviceTraits     : Bad Request: Start time must not be before release date!

  Starting logs for QuizExerciseIntegrationTest > testRedundantActionsBadRequest()
    23:48:06.470 |  51 Pool-1-worker-25 | DEBUG | d.t.c.a.a.c.u.util.UserUtilService   : Generate 1 students...
    23:48:06.474 |  51 Pool-1-worker-25 | DEBUG | d.t.c.a.a.c.u.util.UserUtilService   : 1 students generated. Generate 1 tutors...
    23:48:06.478 |  51 Pool-1-worker-25 | DEBUG | d.t.c.a.a.c.u.util.UserUtilService   : 1 tutors generated. Generate 1 editors...
    23:48:06.481 |  51 Pool-1-worker-25 | DEBUG | d.t.c.a.a.c.u.util.UserUtilService   : 1 editors generated. Generate 1 instructors...
    23:48:06.483 |  51 Pool-1-worker-25 | DEBUG | d.t.c.a.a.c.u.util.UserUtilService   : 1 instructors generated
    23:48:06.486 |  51 Pool-1-worker-25 | DEBUG | d.t.c.a.a.c.u.util.UserUtilService   : Removing 4 users from all courses...
    23:48:06.487 |  51 Pool-1-worker-25 | DEBUG | d.t.c.a.a.c.u.util.UserUtilService   : Removing 4 users from all courses. Done
    23:48:06.487 |  51 Pool-1-worker-25 | DEBUG | d.t.c.a.a.c.u.util.UserUtilService   : Save 4 users to database...
    23:48:06.493 |  51 Pool-1-worker-25 | DEBUG | d.t.c.a.a.c.u.util.UserUtilService   : Save 4 users to database. Done
    23:48:06.494 |  51 Pool-1-worker-25 | INFO  | i.z.t.d.l.EmbeddedDatabaseReporter   : JDBC URL to connect to 'dataSource': url='jdbc:h2:tcp://localhost:41063/mem:df70fc46-7e57-4cb5-9cd0-c1d90c14afa7;USER=sa', scope='QuizExerciseIntegrationTest#testRedundantActionsBadRequest'
    23:48:06.503 |  51 Pool-1-worker-25 | DEBUG | d.t.c.a.a.c.s.f.ApiVersionFilter     : Adding Version to Request PUT /api/quiz-exercises/3684/set-visible
    23:48:06.511 |  51 Pool-1-worker-25 | DEBUG | d.t.c.a.a.q.web.QuizExerciseResource : REST request to perform action SET_VISIBLE on quiz exercise 3684
    23:48:06.521 |  51 Pool-1-worker-25 | ERROR | tech.jhipster.web.util.HeaderUtil    : Entity processing failed, Quiz is already visible to students.
    23:48:06.524 |  51 Pool-1-worker-25 | DEBUG | d.t.c.a.a.c.s.f.ApiVersionFilter     : Adding Version to Request PUT /api/quiz-exercises/3684/start-now
    23:48:06.526 |  51 Pool-1-worker-25 | DEBUG | d.t.c.a.a.q.web.QuizExerciseResource : REST request to perform action START_NOW on quiz exercise 3684
    23:48:06.529 |  51 Pool-1-worker-25 | ERROR | tech.jhipster.web.util.HeaderUtil    : Entity processing failed, Quiz has already started.
    23:48:06.531 |  51 Pool-1-worker-25 | DEBUG | d.t.c.a.a.c.s.f.ApiVersionFilter     : Adding Version to Request PUT /api/quiz-exercises/3684/open-for-practice
    23:48:06.533 |  51 Pool-1-worker-25 | DEBUG | d.t.c.a.a.q.web.QuizExerciseResource : REST request to perform action OPEN_FOR_PRACTICE on quiz exercise 3684
    23:48:06.536 |  51 Pool-1-worker-25 | ERROR | tech.jhipster.web.util.HeaderUtil    : Entity processing failed, Quiz hasn't ended yet.
    23:48:06.538 |  51 Pool-1-worker-25 | DEBUG | d.t.c.a.a.c.s.f.ApiVersionFilter     : Adding Version to Request PUT /api/quiz-exercises/3684/lorem-ipsum
    23:48:06.540 |  51 Pool-1-worker-25 | WARN  | o.z.p.spring.common.AdviceTraits     : Bad Request: Method parameter 'action': Failed to convert value of type 'java.lang.String' to required type 'de.tum.cit.aet.artemis.quiz.domain.QuizAction'; Invalid value for QuizAction: lorem-ipsum

  Starting logs for QuizExerciseIntegrationTest > testReEvaluateQuizAsNonInstructorForbidden()
    23:48:06.554 |  51 Pool-1-worker-25 | DEBUG | d.t.c.a.a.c.u.util.UserUtilService   : Generate 1 students...
    23:48:06.557 |  51 Pool-1-worker-25 | DEBUG | d.t.c.a.a.c.u.util.UserUtilService   : 1 students generated. Generate 1 tutors...
    23:48:06.560 |  51 Pool-1-worker-25 | DEBUG | d.t.c.a.a.c.u.util.UserUtilService   : 1 tutors generated. Generate 1 editors...
    23:48:06.563 |  51 Pool-1-worker-25 | DEBUG | d.t.c.a.a.c.u.util.UserUtilService   : 1 editors generated. Generate 1 instructors...
    23:48:06.565 |  51 Pool-1-worker-25 | DEBUG | d.t.c.a.a.c.u.util.UserUtilService   : 1 instructors generated
    23:48:06.567 |  51 Pool-1-worker-25 | DEBUG | d.t.c.a.a.c.u.util.UserUtilService   : Removing 4 users from all courses...
    23:48:06.568 |  51 Pool-1-worker-25 | DEBUG | d.t.c.a.a.c.u.util.UserUtilService   : Removing 4 users from all courses. Done
    23:48:06.568 |  51 Pool-1-worker-25 | DEBUG | d.t.c.a.a.c.u.util.UserUtilService   : Save 4 users to database...
    23:48:06.572 |  51 Pool-1-worker-25 | DEBUG | d.t.c.a.a.c.u.util.UserUtilService   : Save 4 users to database. Done
    23:48:06.572 |  51 Pool-1-worker-25 | INFO  | i.z.t.d.l.EmbeddedDatabaseReporter   : JDBC URL to connect to 'dataSource': url='jdbc:h2:tcp://localhost:41063/mem:df70fc46-7e57-4cb5-9cd0-c1d90c14afa7;USER=sa', scope='QuizExerciseIntegrationTest#testReEvaluateQuizAsNonInstructorForbidden'
    23:48:06.578 |  51 Pool-1-worker-25 | DEBUG | d.t.c.a.a.c.s.f.ApiVersionFilter     : Adding Version to Request PUT /api/quiz-exercises/3685/re-evaluate
    23:48:06.580 |  51 Pool-1-worker-25 | WARN  | o.z.p.spring.common.AdviceTraits     : Forbidden: Access Denied

  Starting logs for QuizExerciseIntegrationTest > testCreateQuizExercise(QuizMode) [1] quizMode=SYNCHRONIZED
    23:48:06.595 |  51 Pool-1-worker-25 | DEBUG | d.t.c.a.a.c.u.util.UserUtilService   : Generate 1 students...
    23:48:06.597 |  51 Pool-1-worker-25 | DEBUG | d.t.c.a.a.c.u.util.UserUtilService   : 1 students generated. Generate 1 tutors...
    23:48:06.599 |  51 Pool-1-worker-25 | DEBUG | d.t.c.a.a.c.u.util.UserUtilService   : 1 tutors generated. Generate 1 editors...
    23:48:06.602 |  51 Pool-1-worker-25 | DEBUG | d.t.c.a.a.c.u.util.UserUtilService   : 1 editors generated. Generate 1 instructors...
    23:48:06.604 |  51 Pool-1-worker-25 | DEBUG | d.t.c.a.a.c.u.util.UserUtilService   : 1 instructors generated
    23:48:06.606 |  51 Pool-1-worker-25 | DEBUG | d.t.c.a.a.c.u.util.UserUtilService   : Removing 4 users from all courses...
    23:48:06.606 |  51 Pool-1-worker-25 | DEBUG | d.t.c.a.a.c.u.util.UserUtilService   : Removing 4 users from all courses. Done
    23:48:06.606 |  51 Pool-1-worker-25 | DEBUG | d.t.c.a.a.c.u.util.UserUtilService   : Save 4 users to database...
    23:48:06.609 |  51 Pool-1-worker-25 | DEBUG | d.t.c.a.a.c.u.util.UserUtilService   : Save 4 users to database. Done
    23:48:06.609 |  51 Pool-1-worker-25 | INFO  | i.z.t.d.l.EmbeddedDatabaseReporter   : JDBC URL to connect to 'dataSource': url='jdbc:h2:tcp://localhost:41063/mem:df70fc46-7e57-4cb5-9cd0-c1d90c14afa7;USER=sa', scope='QuizExerciseIntegrationTest#testCreateQuizExercise'
    23:48:06.611 |  51 Pool-1-worker-25 | DEBUG | d.t.c.a.a.c.s.f.ApiVersionFilter     : Adding Version to Request POST /api/quiz-exercises
    23:48:06.612 |  51 Pool-1-worker-25 | INFO  | d.t.c.a.a.q.web.QuizExerciseResource : REST request to create QuizExercise : QuizExercise{id=null, title='new quiz', randomizeQuestionOrder='true', allowedNumberOfAttempts='1', isOpenForPractice='false', releaseDate='2025-02-15T04:48:06.609753592Z', duration='3600', dueDate='null'}
    23:48:06.614 |  51 Pool-1-worker-25 | DEBUG | d.t.c.a.a.q.s.QuizExerciseService    : Save quiz exercise to database: QuizExercise{id=null, title='new quiz', randomizeQuestionOrder='true', allowedNumberOfAttempts='1', isOpenForPractice='false', releaseDate='2025-02-15T04:48:06.609753592Z', duration='3600', dueDate='2025-02-15T05:48:11.609753592Z'}
    23:48:06.624 |  51 Pool-1-worker-25 | INFO  | .c.s.m.InstanceMessageReceiveService : Received schedule quiz start for quiz exercise 3686
    23:48:06.625 |  51 Pool-1-worker-25 | DEBUG | t.c.a.a.e.s.ExerciseLifecycleService : Scheduled Task for Exercise "new quiz" (#3686) to trigger on START.
    23:48:06.625 |  51 Pool-1-worker-25 | DEBUG | t.c.a.a.e.s.ExerciseLifecycleService : Scheduled 1 Tasks for Exercise "new quiz" (#3686) to trigger on DUE.
    23:48:06.646 |  51 Pool-1-worker-25 | DEBUG | d.t.c.a.a.c.s.f.ApiVersionFilter     : Adding Version to Request GET /api/files/drag-and-drop/backgrounds/422/dnd_image_2025-02-14T23-48-06-614_backgroundImage0.jpg
    23:48:06.647 |  51 Pool-1-worker-25 | DEBUG | d.t.c.a.a.core.web.FileResource      : REST request to get background for drag and drop question : 422
    23:48:06.652 |  51 Pool-1-worker-25 | DEBUG | d.t.c.a.a.c.s.f.ApiVersionFilter     : Adding Version to Request GET /api/files/drag-and-drop/drag-items/554/dnd_image_2025-02-14T23-48-06-614_dragItemImage1.png
    23:48:06.654 |  51 Pool-1-worker-25 | DEBUG | d.t.c.a.a.core.web.FileResource      : REST request to get file for drag item : 554
    23:48:06.658 |  51 Pool-1-worker-25 | DEBUG | d.t.c.a.a.c.s.f.ApiVersionFilter     : Adding Version to Request GET /api/files/drag-and-drop/drag-items/556/dnd_image_2025-02-14T23-48-06-614_dragItemImage2.png
    23:48:06.659 |  51 Pool-1-worker-25 | DEBUG | d.t.c.a.a.core.web.FileResource      : REST request to get file for drag item : 556
    23:48:06.663 |  51 Pool-1-worker-25 | DEBUG | d.t.c.a.a.c.s.f.ApiVersionFilter     : Adding Version to Request GET /api/files/drag-and-drop/backgrounds/422/dnd_image_2025-02-14T23-48-06-614_backgroundImage0.jpg
    23:48:06.663 |  51 Pool-1-worker-25 | DEBUG | d.t.c.a.a.core.web.FileResource      : REST request to get background for drag and drop question : 422
    23:48:06.666 |  51 Pool-1-worker-25 | DEBUG | d.t.c.a.a.c.s.f.ApiVersionFilter     : Adding Version to Request GET /api/files/drag-and-drop/drag-items/554/dnd_image_2025-02-14T23-48-06-614_dragItemImage1.png
    23:48:06.667 |  51 Pool-1-worker-25 | DEBUG | d.t.c.a.a.core.web.FileResource      : REST request to get file for drag item : 554
    23:48:06.670 |  51 Pool-1-worker-25 | DEBUG | d.t.c.a.a.c.s.f.ApiVersionFilter     : Adding Version to Request GET /api/files/drag-and-drop/drag-items/556/dnd_image_2025-02-14T23-48-06-614_dragItemImage2.png
    23:48:06.670 |  51 Pool-1-worker-25 | DEBUG | d.t.c.a.a.core.web.FileResource      : REST request to get file for drag item : 556

  Starting logs for QuizExerciseIntegrationTest > testCreateQuizExercise(QuizMode) [2] quizMode=BATCHED
    23:48:06.686 |  51 Pool-1-worker-25 | DEBUG | d.t.c.a.a.c.u.util.UserUtilService   : Generate 1 students...
    23:48:06.689 |  51 Pool-1-worker-25 | DEBUG | d.t.c.a.a.c.u.util.UserUtilService   : 1 students generated. Generate 1 tutors...
    23:48:06.692 |  51 Pool-1-worker-25 | DEBUG | d.t.c.a.a.c.u.util.UserUtilService   : 1 tutors generated. Generate 1 editors...
    23:48:06.694 |  51 Pool-1-worker-25 | DEBUG | d.t.c.a.a.c.u.util.UserUtilService   : 1 editors generated. Generate 1 instructors...
    23:48:06.697 |  51 Pool-1-worker-25 | DEBUG | d.t.c.a.a.c.u.util.UserUtilService   : 1 instructors generated
    23:48:06.699 |  51 Pool-1-worker-25 | DEBUG | d.t.c.a.a.c.u.util.UserUtilService   : Removing 4 users from all courses...
    23:48:06.700 |  51 Pool-1-worker-25 | DEBUG | d.t.c.a.a.c.u.util.UserUtilService   : Removing 4 users from all courses. Done
    23:48:06.700 |  51 Pool-1-worker-25 | DEBUG | d.t.c.a.a.c.u.util.UserUtilService   : Save 4 users to database...
    23:48:06.704 |  51 Pool-1-worker-25 | DEBUG | d.t.c.a.a.c.u.util.UserUtilService   : Save 4 users to database. Done
    23:48:06.704 |  51 Pool-1-worker-25 | INFO  | i.z.t.d.l.EmbeddedDatabaseReporter   : JDBC URL to connect to 'dataSource': url='jdbc:h2:tcp://localhost:41063/mem:df70fc46-7e57-4cb5-9cd0-c1d90c14afa7;USER=sa', scope='QuizExerciseIntegrationTest#testCreateQuizExercise'
    23:48:06.707 |  51 Pool-1-worker-25 | DEBUG | d.t.c.a.a.c.s.f.ApiVersionFilter     : Adding Version to Request POST /api/quiz-exercises
    23:48:06.707 |  51 Pool-1-worker-25 | INFO  | d.t.c.a.a.q.web.QuizExerciseResource : REST request to create QuizExercise : QuizExercise{id=null, title='new quiz', randomizeQuestionOrder='true', allowedNumberOfAttempts='1', isOpenForPractice='false', releaseDate='2025-02-15T04:48:06.704816634Z', duration='3600', dueDate='null'}
    23:48:06.710 |  51 Pool-1-worker-25 | DEBUG | d.t.c.a.a.q.s.QuizExerciseService    : Save quiz exercise to database: QuizExercise{id=null, title='new quiz', randomizeQuestionOrder='true', allowedNumberOfAttempts='1', isOpenForPractice='false', releaseDate='2025-02-15T04:48:06.704816634Z', duration='3600', dueDate='null'}
    23:48:06.723 |  51 Pool-1-worker-25 | INFO  | .c.s.m.InstanceMessageReceiveService : Received schedule quiz start for quiz exercise 3687
    23:48:06.746 |  51 Pool-1-worker-25 | DEBUG | d.t.c.a.a.c.s.f.ApiVersionFilter     : Adding Version to Request GET /api/files/drag-and-drop/backgrounds/425/dnd_image_2025-02-14T23-48-06-710_backgroundImage0.jpg
    23:48:06.747 |  51 Pool-1-worker-25 | DEBUG | d.t.c.a.a.core.web.FileResource      : REST request to get background for drag and drop question : 425
    23:48:06.750 |  51 Pool-1-worker-25 | DEBUG | d.t.c.a.a.c.s.f.ApiVersionFilter     : Adding Version to Request GET /api/files/drag-and-drop/drag-items/558/dnd_image_2025-02-14T23-48-06-710_dragItemImage1.png
    23:48:06.751 |  51 Pool-1-worker-25 | DEBUG | d.t.c.a.a.core.web.FileResource      : REST request to get file for drag item : 558
    23:48:06.755 |  51 Pool-1-worker-25 | DEBUG | d.t.c.a.a.c.s.f.ApiVersionFilter     : Adding Version to Request GET /api/files/drag-and-drop/drag-items/560/dnd_image_2025-02-14T23-48-06-710_dragItemImage2.png
    23:48:06.755 |  51 Pool-1-worker-25 | DEBUG | d.t.c.a.a.core.web.FileResource      : REST request to get file for drag item : 560
    23:48:06.758 |  51 Pool-1-worker-25 | DEBUG | d.t.c.a.a.c.s.f.ApiVersionFilter     : Adding Version to Request GET /api/files/drag-and-drop/backgrounds/425/dnd_image_2025-02-14T23-48-06-710_backgroundImage0.jpg
    23:48:06.759 |  51 Pool-1-worker-25 | DEBUG | d.t.c.a.a.core.web.FileResource      : REST request to get background for drag and drop question : 425
    23:48:06.762 |  51 Pool-1-worker-25 | DEBUG | d.t.c.a.a.c.s.f.ApiVersionFilter     : Adding Version to Request GET /api/files/drag-and-drop/drag-items/558/dnd_image_2025-02-14T23-48-06-710_dragItemImage1.png
    23:48:06.762 |  51 Pool-1-worker-25 | DEBUG | d.t.c.a.a.core.web.FileResource      : REST request to get file for drag item : 558
    23:48:06.765 |  51 Pool-1-worker-25 | DEBUG | d.t.c.a.a.c.s.f.ApiVersionFilter     : Adding Version to Request GET /api/files/drag-and-drop/drag-items/560/dnd_image_2025-02-14T23-48-06-710_dragItemImage2.png
    23:48:06.766 |  51 Pool-1-worker-25 | DEBUG | d.t.c.a.a.core.web.FileResource      : REST request to get file for drag item : 560

  Starting logs for QuizExerciseIntegrationTest > testCreateQuizExercise(QuizMode) [3] quizMode=INDIVIDUAL
    23:48:06.782 |  51 Pool-1-worker-25 | DEBUG | d.t.c.a.a.c.u.util.UserUtilService   : Generate 1 students...
    23:48:06.785 |  51 Pool-1-worker-25 | DEBUG | d.t.c.a.a.c.u.util.UserUtilService   : 1 students generated. Generate 1 tutors...
    23:48:06.787 |  51 Pool-1-worker-25 | DEBUG | d.t.c.a.a.c.u.util.UserUtilService   : 1 tutors generated. Generate 1 editors...
    23:48:06.790 |  51 Pool-1-worker-25 | DEBUG | d.t.c.a.a.c.u.util.UserUtilService   : 1 editors generated. Generate 1 instructors...
    23:48:06.793 |  51 Pool-1-worker-25 | DEBUG | d.t.c.a.a.c.u.util.UserUtilService   : 1 instructors generated
    23:48:06.795 |  51 Pool-1-worker-25 | DEBUG | d.t.c.a.a.c.u.util.UserUtilService   : Removing 4 users from all courses...
    23:48:06.796 |  51 Pool-1-worker-25 | DEBUG | d.t.c.a.a.c.u.util.UserUtilService   : Removing 4 users from all courses. Done
    23:48:06.796 |  51 Pool-1-worker-25 | DEBUG | d.t.c.a.a.c.u.util.UserUtilService   : Save 4 users to database...
    23:48:06.800 |  51 Pool-1-worker-25 | DEBUG | d.t.c.a.a.c.u.util.UserUtilService   : Save 4 users to database. Done
    23:48:06.800 |  51 Pool-1-worker-25 | INFO  | i.z.t.d.l.EmbeddedDatabaseReporter   : JDBC URL to connect to 'dataSource': url='jdbc:h2:tcp://localhost:41063/mem:df70fc46-7e57-4cb5-9cd0-c1d90c14afa7;USER=sa', scope='QuizExerciseIntegrationTest#testCreateQuizExercise'
    23:48:06.803 |  51 Pool-1-worker-25 | DEBUG | d.t.c.a.a.c.s.f.ApiVersionFilter     : Adding Version to Request POST /api/quiz-exercises
    23:48:06.804 |  51 Pool-1-worker-25 | INFO  | d.t.c.a.a.q.web.QuizExerciseResource : REST request to create QuizExercise : QuizExercise{id=null, title='new quiz', randomizeQuestionOrder='true', allowedNumberOfAttempts='1', isOpenForPractice='false', releaseDate='2025-02-15T04:48:06.800286993Z', duration='3600', dueDate='null'}
    23:48:06.807 |  51 Pool-1-worker-25 | DEBUG | d.t.c.a.a.q.s.QuizExerciseService    : Save quiz exercise to database: QuizExercise{id=null, title='new quiz', randomizeQuestionOrder='true', allowedNumberOfAttempts='1', isOpenForPractice='false', releaseDate='2025-02-15T04:48:06.800286993Z', duration='3600', dueDate='null'}
    23:48:06.822 |  51 Pool-1-worker-25 | INFO  | .c.s.m.InstanceMessageReceiveService : Received schedule quiz start for quiz exercise 3688
    23:48:06.846 |  51 Pool-1-worker-25 | DEBUG | d.t.c.a.a.c.s.f.ApiVersionFilter     : Adding Version to Request GET /api/files/drag-and-drop/backgrounds/428/dnd_image_2025-02-14T23-48-06-806_backgroundImage0.jpg
    23:48:06.846 |  51 Pool-1-worker-25 | DEBUG | d.t.c.a.a.core.web.FileResource      : REST request to get background for drag and drop question : 428
    23:48:06.850 |  51 Pool-1-worker-25 | DEBUG | d.t.c.a.a.c.s.f.ApiVersionFilter     : Adding Version to Request GET /api/files/drag-and-drop/drag-items/562/dnd_image_2025-02-14T23-48-06-807_dragItemImage1.png
    23:48:06.850 |  51 Pool-1-worker-25 | DEBUG | d.t.c.a.a.core.web.FileResource      : REST request to get file for drag item : 562
    23:48:06.854 |  51 Pool-1-worker-25 | DEBUG | d.t.c.a.a.c.s.f.ApiVersionFilter     : Adding Version to Request GET /api/files/drag-and-drop/drag-items/564/dnd_image_2025-02-14T23-48-06-807_dragItemImage2.png
    23:48:06.854 |  51 Pool-1-worker-25 | DEBUG | d.t.c.a.a.core.web.FileResource      : REST request to get file for drag item : 564
    23:48:06.858 |  51 Pool-1-worker-25 | DEBUG | d.t.c.a.a.c.s.f.ApiVersionFilter     : Adding Version to Request GET /api/files/drag-and-drop/backgrounds/428/dnd_image_2025-02-14T23-48-06-806_backgroundImage0.jpg
    23:48:06.858 |  51 Pool-1-worker-25 | DEBUG | d.t.c.a.a.core.web.FileResource      : REST request to get background for drag and drop question : 428
    23:48:06.862 |  51 Pool-1-worker-25 | DEBUG | d.t.c.a.a.c.s.f.ApiVersionFilter     : Adding Version to Request GET /api/files/drag-and-drop/drag-items/562/dnd_image_2025-02-14T23-48-06-807_dragItemImage1.png
    23:48:06.862 |  51 Pool-1-worker-25 | DEBUG | d.t.c.a.a.core.web.FileResource      : REST request to get file for drag item : 562
    23:48:06.866 |  51 Pool-1-worker-25 | DEBUG | d.t.c.a.a.c.s.f.ApiVersionFilter     : Adding Version to Request GET /api/files/drag-and-drop/drag-items/564/dnd_image_2025-02-14T23-48-06-807_dragItemImage2.png
    23:48:06.866 |  51 Pool-1-worker-25 | DEBUG | d.t.c.a.a.core.web.FileResource      : REST request to get file for drag item : 564

  Starting logs for QuizExerciseIntegrationTest > testUpdateQuizExerciseAsNonEditorForbidden()
    23:48:06.882 |  51 Pool-1-worker-25 | DEBUG | d.t.c.a.a.c.u.util.UserUtilService   : Generate 1 students...
    23:48:06.885 |  51 Pool-1-worker-25 | DEBUG | d.t.c.a.a.c.u.util.UserUtilService   : 1 students generated. Generate 1 tutors...
    23:48:06.888 |  51 Pool-1-worker-25 | DEBUG | d.t.c.a.a.c.u.util.UserUtilService   : 1 tutors generated. Generate 1 editors...
    23:48:06.890 |  51 Pool-1-worker-25 | DEBUG | d.t.c.a.a.c.u.util.UserUtilService   : 1 editors generated. Generate 1 instructors...
    23:48:06.893 |  51 Pool-1-worker-25 | DEBUG | d.t.c.a.a.c.u.util.UserUtilService   : 1 instructors generated
    23:48:06.895 |  51 Pool-1-worker-25 | DEBUG | d.t.c.a.a.c.u.util.UserUtilService   : Removing 4 users from all courses...
    23:48:06.896 |  51 Pool-1-worker-25 | DEBUG | d.t.c.a.a.c.u.util.UserUtilService   : Removing 4 users from all courses. Done
    23:48:06.896 |  51 Pool-1-worker-25 | DEBUG | d.t.c.a.a.c.u.util.UserUtilService   : Save 4 users to database...
    23:48:06.900 |  51 Pool-1-worker-25 | DEBUG | d.t.c.a.a.c.u.util.UserUtilService   : Save 4 users to database. Done
    23:48:06.900 |  51 Pool-1-worker-25 | INFO  | i.z.t.d.l.EmbeddedDatabaseReporter   : JDBC URL to connect to 'dataSource': url='jdbc:h2:tcp://localhost:41063/mem:df70fc46-7e57-4cb5-9cd0-c1d90c14afa7;USER=sa', scope='QuizExerciseIntegrationTest#testUpdateQuizExerciseAsNonEditorForbidden'
    23:48:06.907 |  51 Pool-1-worker-25 | DEBUG | d.t.c.a.a.c.s.f.ApiVersionFilter     : Adding Version to Request PUT /api/quiz-exercises/3689
    23:48:06.909 |  51 Pool-1-worker-25 | WARN  | o.z.p.spring.common.AdviceTraits     : Forbidden: Access Denied

  Starting logs for QuizExerciseIntegrationTest > testUpdateQuizExercise_SingleChoiceMC_AllOrNothing()
    23:48:06.923 |  51 Pool-1-worker-25 | DEBUG | d.t.c.a.a.c.u.util.UserUtilService   : Generate 1 students...
    23:48:06.926 |  51 Pool-1-worker-25 | DEBUG | d.t.c.a.a.c.u.util.UserUtilService   : 1 students generated. Generate 1 tutors...
    23:48:06.929 |  51 Pool-1-worker-25 | DEBUG | d.t.c.a.a.c.u.util.UserUtilService   : 1 tutors generated. Generate 1 editors...
    23:48:06.932 |  51 Pool-1-worker-25 | DEBUG | d.t.c.a.a.c.u.util.UserUtilService   : 1 editors generated. Generate 1 instructors...
    23:48:06.934 |  51 Pool-1-worker-25 | DEBUG | d.t.c.a.a.c.u.util.UserUtilService   : 1 instructors generated
    23:48:06.936 |  51 Pool-1-worker-25 | DEBUG | d.t.c.a.a.c.u.util.UserUtilService   : Removing 4 users from all courses...
    23:48:06.937 |  51 Pool-1-worker-25 | DEBUG | d.t.c.a.a.c.u.util.UserUtilService   : Removing 4 users from all courses. Done
    23:48:06.937 |  51 Pool-1-worker-25 | DEBUG | d.t.c.a.a.c.u.util.UserUtilService   : Save 4 users to database...
    23:48:06.941 |  51 Pool-1-worker-25 | DEBUG | d.t.c.a.a.c.u.util.UserUtilService   : Save 4 users to database. Done
    23:48:06.941 |  51 Pool-1-worker-25 | INFO  | i.z.t.d.l.EmbeddedDatabaseReporter   : JDBC URL to connect to 'dataSource': url='jdbc:h2:tcp://localhost:41063/mem:df70fc46-7e57-4cb5-9cd0-c1d90c14afa7;USER=sa', scope='QuizExerciseIntegrationTest#testUpdateQuizExercise_SingleChoiceMC_AllOrNothing'
    23:48:06.948 |  51 Pool-1-worker-25 | DEBUG | d.t.c.a.a.c.s.f.ApiVersionFilter     : Adding Version to Request PUT /api/quiz-exercises/3690
    23:48:06.951 |  51 Pool-1-worker-25 | INFO  | d.t.c.a.a.q.web.QuizExerciseResource : REST request to update quiz exercise : QuizExercise{id=3690, title='new quiz', randomizeQuestionOrder='true', allowedNumberOfAttempts='1', isOpenForPractice='false', releaseDate='2025-02-15T04:48:06.941617244Z', duration='120', dueDate='null'}
    23:48:06.951 |  51 Pool-1-worker-25 | ERROR | tech.jhipster.web.util.HeaderUtil    : Entity processing failed, The quiz exercise is invalid
    23:48:06.951 |  51 Pool-1-worker-25 | WARN  | o.z.p.spring.common.AdviceTraits     : Bad Request: The quiz exercise is invalid

  Starting logs for QuizExerciseIntegrationTest > testUpdateQuizExerciseInvalidBadRequest()
    23:48:06.966 |  51 Pool-1-worker-25 | DEBUG | d.t.c.a.a.c.u.util.UserUtilService   : Generate 1 students...
    23:48:06.969 |  51 Pool-1-worker-25 | DEBUG | d.t.c.a.a.c.u.util.UserUtilService   : 1 students generated. Generate 1 tutors...
    23:48:06.972 |  51 Pool-1-worker-25 | DEBUG | d.t.c.a.a.c.u.util.UserUtilService   : 1 tutors generated. Generate 1 editors...
    23:48:06.974 |  51 Pool-1-worker-25 | DEBUG | d.t.c.a.a.c.u.util.UserUtilService   : 1 editors generated. Generate 1 instructors...
    23:48:06.978 |  51 Pool-1-worker-25 | DEBUG | d.t.c.a.a.c.u.util.UserUtilService   : 1 instructors generated
    23:48:06.980 |  51 Pool-1-worker-25 | DEBUG | d.t.c.a.a.c.u.util.UserUtilService   : Removing 4 users from all courses...
    23:48:06.981 |  51 Pool-1-worker-25 | DEBUG | d.t.c.a.a.c.u.util.UserUtilService   : Removing 4 users from all courses. Done
    23:48:06.981 |  51 Pool-1-worker-25 | DEBUG | d.t.c.a.a.c.u.util.UserUtilService   : Save 4 users to database...
    23:48:06.985 |  51 Pool-1-worker-25 | DEBUG | d.t.c.a.a.c.u.util.UserUtilService   : Save 4 users to database. Done
    23:48:06.985 |  51 Pool-1-worker-25 | INFO  | i.z.t.d.l.EmbeddedDatabaseReporter   : JDBC URL to connect to 'dataSource': url='jdbc:h2:tcp://localhost:41063/mem:df70fc46-7e57-4cb5-9cd0-c1d90c14afa7;USER=sa', scope='QuizExerciseIntegrationTest#testUpdateQuizExerciseInvalidBadRequest'
    23:48:06.992 |  51 Pool-1-worker-25 | DEBUG | d.t.c.a.a.c.s.f.ApiVersionFilter     : Adding Version to Request PUT /api/quiz-exercises/3691
    23:48:06.995 |  51 Pool-1-worker-25 | INFO  | d.t.c.a.a.q.web.QuizExerciseResource : REST request to update quiz exercise : QuizExercise{id=3691, title='null', randomizeQuestionOrder='true', allowedNumberOfAttempts='1', isOpenForPractice='false', releaseDate='2025-02-12T23:48:06.985430218Z', duration='120', dueDate='2025-02-14T22:48:06.985432002Z'}
    23:48:06.995 |  51 Pool-1-worker-25 | ERROR | tech.jhipster.web.util.HeaderUtil    : Entity processing failed, The quiz exercise is invalid
    23:48:06.995 |  51 Pool-1-worker-25 | WARN  | o.z.p.spring.common.AdviceTraits     : Bad Request: The quiz exercise is invalid

  Starting logs for QuizExerciseIntegrationTest > updateQuizExercise_setCourseAndExerciseGroup_badRequest()
    23:48:07.010 |  51 Pool-1-worker-25 | DEBUG | d.t.c.a.a.c.u.util.UserUtilService   : Generate 1 students...
    23:48:07.013 |  51 Pool-1-worker-25 | DEBUG | d.t.c.a.a.c.u.util.UserUtilService   : 1 students generated. Generate 1 tutors...
    23:48:07.015 |  51 Pool-1-worker-25 | DEBUG | d.t.c.a.a.c.u.util.UserUtilService   : 1 tutors generated. Generate 1 editors...
    23:48:07.017 |  51 Pool-1-worker-25 | DEBUG | d.t.c.a.a.c.u.util.UserUtilService   : 1 editors generated. Generate 1 instructors...
    23:48:07.020 |  51 Pool-1-worker-25 | DEBUG | d.t.c.a.a.c.u.util.UserUtilService   : 1 instructors generated
    23:48:07.021 |  51 Pool-1-worker-25 | DEBUG | d.t.c.a.a.c.u.util.UserUtilService   : Removing 4 users from all courses...
    23:48:07.022 |  51 Pool-1-worker-25 | DEBUG | d.t.c.a.a.c.u.util.UserUtilService   : Removing 4 users from all courses. Done
    23:48:07.022 |  51 Pool-1-worker-25 | DEBUG | d.t.c.a.a.c.u.util.UserUtilService   : Save 4 users to database...
    23:48:07.024 |  51 Pool-1-worker-25 | DEBUG | d.t.c.a.a.c.u.util.UserUtilService   : Save 4 users to database. Done
    23:48:07.024 |  51 Pool-1-worker-25 | INFO  | i.z.t.d.l.EmbeddedDatabaseReporter   : JDBC URL to connect to 'dataSource': url='jdbc:h2:tcp://localhost:41063/mem:df70fc46-7e57-4cb5-9cd0-c1d90c14afa7;USER=sa', scope='QuizExerciseIntegrationTest#updateQuizExercise_setCourseAndExerciseGroup_badRequest'
    23:48:07.026 |  51 Pool-1-worker-25 | INFO  | .c.a.a.c.s.TitleCacheEvictionService : Evicted entry '1' from title cache 'courseTitle'
    23:48:07.029 |  51 Pool-1-worker-25 | DEBUG | d.t.c.a.a.c.s.f.ApiVersionFilter     : Adding Version to Request POST /api/quiz-exercises
    23:48:07.030 |  51 Pool-1-worker-25 | INFO  | d.t.c.a.a.q.web.QuizExerciseResource : REST request to create QuizExercise : QuizExercise{id=null, title='new quiz', randomizeQuestionOrder='true', allowedNumberOfAttempts='1', isOpenForPractice='false', releaseDate='2025-02-15T04:48:07.027812324Z', duration='3600', dueDate='null'}
    23:48:07.032 |  51 Pool-1-worker-25 | DEBUG | d.t.c.a.a.q.s.QuizExerciseService    : Save quiz exercise to database: QuizExercise{id=null, title='new quiz', randomizeQuestionOrder='true', allowedNumberOfAttempts='1', isOpenForPractice='false', releaseDate='2025-02-15T04:48:07.027812324Z', duration='3600', dueDate='2025-02-15T05:48:12.027812324Z'}
    23:48:07.041 |  51 Pool-1-worker-25 | INFO  | .c.s.m.InstanceMessageReceiveService : Received schedule quiz start for quiz exercise 3692
    23:48:07.043 |  51 Pool-1-worker-25 | DEBUG | t.c.a.a.e.s.ExerciseLifecycleService : Scheduled Task for Exercise "new quiz" (#3692) to trigger on START.
    23:48:07.043 |  51 Pool-1-worker-25 | DEBUG | t.c.a.a.e.s.ExerciseLifecycleService : Scheduled 1 Tasks for Exercise "new quiz" (#3692) to trigger on DUE.
    23:48:07.061 |  51 Pool-1-worker-25 | DEBUG | d.t.c.a.a.c.s.f.ApiVersionFilter     : Adding Version to Request PUT /api/quiz-exercises/3692
    23:48:07.063 |  51 Pool-1-worker-25 | INFO  | d.t.c.a.a.q.web.QuizExerciseResource : REST request to update quiz exercise : QuizExercise{id=3692, title='new quiz', randomizeQuestionOrder='true', allowedNumberOfAttempts='1', isOpenForPractice='false', releaseDate='2025-02-15T04:48:07.027812Z', duration='3600', dueDate='2025-02-15T05:48:12.027812Z'}
    23:48:07.064 |  51 Pool-1-worker-25 | ERROR | tech.jhipster.web.util.HeaderUtil    : Entity processing failed, An exam exercise may not have any dates set!
    23:48:07.064 |  51 Pool-1-worker-25 | WARN  | o.z.p.spring.common.AdviceTraits     : Bad Request: An exam exercise may not have any dates set!

  Starting logs for QuizExerciseIntegrationTest > testGetQuizExercise_asStudent(QuizMode) [1] quizMode=SYNCHRONIZED
    23:48:07.080 |  51 Pool-1-worker-25 | DEBUG | d.t.c.a.a.c.u.util.UserUtilService   : Generate 1 students...
    23:48:07.083 |  51 Pool-1-worker-25 | DEBUG | d.t.c.a.a.c.u.util.UserUtilService   : 1 students generated. Generate 1 tutors...
    23:48:07.086 |  51 Pool-1-worker-25 | DEBUG | d.t.c.a.a.c.u.util.UserUtilService   : 1 tutors generated. Generate 1 editors...
    23:48:07.089 |  51 Pool-1-worker-25 | DEBUG | d.t.c.a.a.c.u.util.UserUtilService   : 1 editors generated. Generate 1 instructors...
    23:48:07.092 |  51 Pool-1-worker-25 | DEBUG | d.t.c.a.a.c.u.util.UserUtilService   : 1 instructors generated
    23:48:07.094 |  51 Pool-1-worker-25 | DEBUG | d.t.c.a.a.c.u.util.UserUtilService   : Removing 4 users from all courses...
    23:48:07.095 |  51 Pool-1-worker-25 | DEBUG | d.t.c.a.a.c.u.util.UserUtilService   : Removing 4 users from all courses. Done
    23:48:07.095 |  51 Pool-1-worker-25 | DEBUG | d.t.c.a.a.c.u.util.UserUtilService   : Save 4 users to database...
    23:48:07.099 |  51 Pool-1-worker-25 | DEBUG | d.t.c.a.a.c.u.util.UserUtilService   : Save 4 users to database. Done
    23:48:07.099 |  51 Pool-1-worker-25 | INFO  | i.z.t.d.l.EmbeddedDatabaseReporter   : JDBC URL to connect to 'dataSource': url='jdbc:h2:tcp://localhost:41063/mem:df70fc46-7e57-4cb5-9cd0-c1d90c14afa7;USER=sa', scope='QuizExerciseIntegrationTest#testGetQuizExercise_asStudent'
    23:48:07.106 |  51 Pool-1-worker-25 | DEBUG | d.t.c.a.a.c.s.f.ApiVersionFilter     : Adding Version to Request GET /api/quiz-exercises/3693/for-student
    23:48:07.107 |  51 Pool-1-worker-25 | INFO  | d.t.c.a.a.q.web.QuizExerciseResource : REST request to get quiz exercise : 3693
    23:48:07.113 |  51 Pool-1-worker-25 | INFO  | d.t.c.a.a.q.web.QuizExerciseResource : Found batch QuizBatch{id=246, startTime=2025-02-14T18:48:07.099436Z} for user quizexerciseintegrationstudent1
    23:48:07.117 |  51 Pool-1-worker-25 | DEBUG | d.t.c.a.a.c.s.f.ApiVersionFilter     : Adding Version to Request GET /api/quiz-exercises/3693/for-student
    23:48:07.117 |  51 Pool-1-worker-25 | INFO  | d.t.c.a.a.q.web.QuizExerciseResource : REST request to get quiz exercise : 3693
    23:48:07.122 |  51 Pool-1-worker-25 | INFO  | d.t.c.a.a.q.web.QuizExerciseResource : Found batch QuizBatch{id=246, startTime=2025-02-14T18:48:07.099436Z} for user quizexerciseintegrationstudent1
    23:48:07.124 |  51 Pool-1-worker-25 | DEBUG | d.t.c.a.a.c.s.f.ApiVersionFilter     : Adding Version to Request GET /api/quiz-exercises/3693/for-student
    23:48:07.125 |  51 Pool-1-worker-25 | INFO  | d.t.c.a.a.q.web.QuizExerciseResource : REST request to get quiz exercise : 3693
    23:48:07.130 |  51 Pool-1-worker-25 | INFO  | d.t.c.a.a.q.web.QuizExerciseResource : Found batch QuizBatch{id=246, startTime=2025-02-14T18:48:07.099436Z} for user quizexerciseintegrationstudent1

  Starting logs for QuizExerciseIntegrationTest > testGetQuizExercise_asStudent(QuizMode) [2] quizMode=BATCHED
    23:48:07.145 |  51 Pool-1-worker-25 | DEBUG | d.t.c.a.a.c.u.util.UserUtilService   : Generate 1 students...
    23:48:07.148 |  51 Pool-1-worker-25 | DEBUG | d.t.c.a.a.c.u.util.UserUtilService   : 1 students generated. Generate 1 tutors...
    23:48:07.151 |  51 Pool-1-worker-25 | DEBUG | d.t.c.a.a.c.u.util.UserUtilService   : 1 tutors generated. Generate 1 editors...
    23:48:07.153 |  51 Pool-1-worker-25 | DEBUG | d.t.c.a.a.c.u.util.UserUtilService   : 1 editors generated. Generate 1 instructors...
    23:48:07.156 |  51 Pool-1-worker-25 | DEBUG | d.t.c.a.a.c.u.util.UserUtilService   : 1 instructors generated
    23:48:07.158 |  51 Pool-1-worker-25 | DEBUG | d.t.c.a.a.c.u.util.UserUtilService   : Removing 4 users from all courses...
    23:48:07.159 |  51 Pool-1-worker-25 | DEBUG | d.t.c.a.a.c.u.util.UserUtilService   : Removing 4 users from all courses. Done
    23:48:07.159 |  51 Pool-1-worker-25 | DEBUG | d.t.c.a.a.c.u.util.UserUtilService   : Save 4 users to database...
    23:48:07.163 |  51 Pool-1-worker-25 | DEBUG | d.t.c.a.a.c.u.util.UserUtilService   : Save 4 users to database. Done
    23:48:07.163 |  51 Pool-1-worker-25 | INFO  | i.z.t.d.l.EmbeddedDatabaseReporter   : JDBC URL to connect to 'dataSource': url='jdbc:h2:tcp://localhost:41063/mem:df70fc46-7e57-4cb5-9cd0-c1d90c14afa7;USER=sa', scope='QuizExerciseIntegrationTest#testGetQuizExercise_asStudent'
    23:48:07.169 |  51 Pool-1-worker-25 | DEBUG | d.t.c.a.a.c.s.f.ApiVersionFilter     : Adding Version to Request GET /api/quiz-exercises/3694/for-student
    23:48:07.169 |  51 Pool-1-worker-25 | INFO  | d.t.c.a.a.q.web.QuizExerciseResource : REST request to get quiz exercise : 3694
    23:48:07.176 |  51 Pool-1-worker-25 | INFO  | d.t.c.a.a.q.web.QuizExerciseResource : Found batch null for user quizexerciseintegrationstudent1
    23:48:07.178 |  51 Pool-1-worker-25 | DEBUG | d.t.c.a.a.c.s.f.ApiVersionFilter     : Adding Version to Request GET /api/quiz-exercises/3694/for-student
    23:48:07.179 |  51 Pool-1-worker-25 | INFO  | d.t.c.a.a.q.web.QuizExerciseResource : REST request to get quiz exercise : 3694
    23:48:07.183 |  51 Pool-1-worker-25 | INFO  | d.t.c.a.a.q.web.QuizExerciseResource : Found batch null for user quizexerciseintegrationstudent1
    23:48:07.184 |  51 Pool-1-worker-25 | DEBUG | d.t.c.a.a.c.s.f.ApiVersionFilter     : Adding Version to Request GET /api/quiz-exercises/3694/for-student
    23:48:07.185 |  51 Pool-1-worker-25 | INFO  | d.t.c.a.a.q.web.QuizExerciseResource : REST request to get quiz exercise : 3694
    23:48:07.189 |  51 Pool-1-worker-25 | INFO  | d.t.c.a.a.q.web.QuizExerciseResource : Found batch null for user quizexerciseintegrationstudent1

  Starting logs for QuizExerciseIntegrationTest > testGetQuizExercise_asStudent(QuizMode) [3] quizMode=INDIVIDUAL
    23:48:07.203 |  51 Pool-1-worker-25 | DEBUG | d.t.c.a.a.c.u.util.UserUtilService   : Generate 1 students...
    23:48:07.206 |  51 Pool-1-worker-25 | DEBUG | d.t.c.a.a.c.u.util.UserUtilService   : 1 students generated. Generate 1 tutors...
    23:48:07.209 |  51 Pool-1-worker-25 | DEBUG | d.t.c.a.a.c.u.util.UserUtilService   : 1 tutors generated. Generate 1 editors...
    23:48:07.211 |  51 Pool-1-worker-25 | DEBUG | d.t.c.a.a.c.u.util.UserUtilService   : 1 editors generated. Generate 1 instructors...
    23:48:07.214 |  51 Pool-1-worker-25 | DEBUG | d.t.c.a.a.c.u.util.UserUtilService   : 1 instructors generated
    23:48:07.216 |  51 Pool-1-worker-25 | DEBUG | d.t.c.a.a.c.u.util.UserUtilService   : Removing 4 users from all courses...
    23:48:07.217 |  51 Pool-1-worker-25 | DEBUG | d.t.c.a.a.c.u.util.UserUtilService   : Removing 4 users from all courses. Done
    23:48:07.217 |  51 Pool-1-worker-25 | DEBUG | d.t.c.a.a.c.u.util.UserUtilService   : Save 4 users to database...
    23:48:07.221 |  51 Pool-1-worker-25 | DEBUG | d.t.c.a.a.c.u.util.UserUtilService   : Save 4 users to database. Done
    23:48:07.221 |  51 Pool-1-worker-25 | INFO  | i.z.t.d.l.EmbeddedDatabaseReporter   : JDBC URL to connect to 'dataSource': url='jdbc:h2:tcp://localhost:41063/mem:df70fc46-7e57-4cb5-9cd0-c1d90c14afa7;USER=sa', scope='QuizExerciseIntegrationTest#testGetQuizExercise_asStudent'
    23:48:07.229 |  51 Pool-1-worker-25 | DEBUG | d.t.c.a.a.c.s.f.ApiVersionFilter     : Adding Version to Request GET /api/quiz-exercises/3695/for-student
    23:48:07.229 |  51 Pool-1-worker-25 | INFO  | d.t.c.a.a.q.web.QuizExerciseResource : REST request to get quiz exercise : 3695
    23:48:07.235 |  51 Pool-1-worker-25 | INFO  | d.t.c.a.a.q.web.QuizExerciseResource : Found batch null for user quizexerciseintegrationstudent1
    23:48:07.237 |  51 Pool-1-worker-25 | DEBUG | d.t.c.a.a.c.s.f.ApiVersionFilter     : Adding Version to Request GET /api/quiz-exercises/3695/for-student
    23:48:07.238 |  51 Pool-1-worker-25 | INFO  | d.t.c.a.a.q.web.QuizExerciseResource : REST request to get quiz exercise : 3695
    23:48:07.243 |  51 Pool-1-worker-25 | INFO  | d.t.c.a.a.q.web.QuizExerciseResource : Found batch null for user quizexerciseintegrationstudent1
    23:48:07.245 |  51 Pool-1-worker-25 | DEBUG | d.t.c.a.a.c.s.f.ApiVersionFilter     : Adding Version to Request GET /api/quiz-exercises/3695/for-student
    23:48:07.245 |  51 Pool-1-worker-25 | INFO  | d.t.c.a.a.q.web.QuizExerciseResource : REST request to get quiz exercise : 3695
    23:48:07.249 |  51 Pool-1-worker-25 | INFO  | d.t.c.a.a.q.web.QuizExerciseResource : Found batch null for user quizexerciseintegrationstudent1

  Starting logs for QuizExerciseIntegrationTest > testEvaluateQuizCreatesResult()
    23:48:07.264 |  51 Pool-1-worker-25 | DEBUG | d.t.c.a.a.c.u.util.UserUtilService   : Generate 1 students...
    23:48:07.267 |  51 Pool-1-worker-25 | DEBUG | d.t.c.a.a.c.u.util.UserUtilService   : 1 students generated. Generate 1 tutors...
    23:48:07.270 |  51 Pool-1-worker-25 | DEBUG | d.t.c.a.a.c.u.util.UserUtilService   : 1 tutors generated. Generate 1 editors...
    23:48:07.273 |  51 Pool-1-worker-25 | DEBUG | d.t.c.a.a.c.u.util.UserUtilService   : 1 editors generated. Generate 1 instructors...
    23:48:07.275 |  51 Pool-1-worker-25 | DEBUG | d.t.c.a.a.c.u.util.UserUtilService   : 1 instructors generated
    23:48:07.277 |  51 Pool-1-worker-25 | DEBUG | d.t.c.a.a.c.u.util.UserUtilService   : Removing 4 users from all courses...
    23:48:07.278 |  51 Pool-1-worker-25 | DEBUG | d.t.c.a.a.c.u.util.UserUtilService   : Removing 4 users from all courses. Done
    23:48:07.278 |  51 Pool-1-worker-25 | DEBUG | d.t.c.a.a.c.u.util.UserUtilService   : Save 4 users to database...
    23:48:07.282 |  51 Pool-1-worker-25 | DEBUG | d.t.c.a.a.c.u.util.UserUtilService   : Save 4 users to database. Done
    23:48:07.282 |  51 Pool-1-worker-25 | INFO  | i.z.t.d.l.EmbeddedDatabaseReporter   : JDBC URL to connect to 'dataSource': url='jdbc:h2:tcp://localhost:41063/mem:df70fc46-7e57-4cb5-9cd0-c1d90c14afa7;USER=sa', scope='QuizExerciseIntegrationTest#testEvaluateQuizCreatesResult'
    23:48:07.304 |  51 Pool-1-worker-25 | DEBUG | d.t.c.a.a.c.s.f.ApiVersionFilter     : Adding Version to Request POST /api/quiz-exercises/3696/evaluate
    23:48:07.306 |  51 Pool-1-worker-25 | DEBUG | d.t.c.a.a.q.web.QuizExerciseResource : REST request to evaluate quiz exercise 3696
    23:48:07.307 |  51 Pool-1-worker-25 | INFO  | d.t.c.a.a.q.s.QuizResultService      : Starting quiz evaluation for quiz 3696
    23:48:07.330 |  51 Pool-1-worker-25 | DEBUG | .c.s.m.InstanceMessageReceiveService : Received schedule participant score for exercise 3696 and participant 714 (result to be deleted: null)
    23:48:07.330 |  51 Pool-1-worker-25 | DEBUG | .a.s.ParticipantScoreScheduleService : Scheduled task for exercise 3696 and participant 714 at 2025-02-14T23:48:07.430310071Z[Etc/UTC].
    23:48:07.373 |  51 Pool-1-worker-25 | DEBUG | .c.s.m.InstanceMessageReceiveService : Received schedule participant score for exercise 3696 and participant 714 (result to be deleted: null)
    23:48:07.374 |  51 Pool-1-worker-25 | DEBUG | .a.s.ParticipantScoreScheduleService : Scheduled task for exercise 3696 and participant 714 at 2025-02-14T23:48:07.474007400Z[Etc/UTC].
    23:48:07.374 |  51 Pool-1-worker-25 | INFO  | d.t.c.a.a.q.s.QuizResultService      : Quiz evaluation for quiz 3696 finished after 67.54ms with 1 created results
    23:48:07.379 |  51 Pool-1-worker-25 | DEBUG | d.t.c.a.a.q.s.QuizStatisticService   : update statistics with 1 new results
    23:48:07.382 |  51 Pool-1-worker-25 | INFO  | d.t.c.a.a.q.s.QuizResultService      : Statistic update for quiz 3696 finished after 75.69ms
    23:48:07.382 |  51 Pool-1-worker-25 | DEBUG | d.t.c.a.a.q.web.QuizExerciseResource : Evaluation of quiz exercise 3696 finished

  Starting logs for QuizExerciseIntegrationTest > testMultipleChoiceQuizExplanationLength_Invalid()
    23:48:07.396 |  51 Pool-1-worker-25 | DEBUG | d.t.c.a.a.c.u.util.UserUtilService   : Generate 1 students...
    23:48:07.399 |  51 Pool-1-worker-25 | DEBUG | d.t.c.a.a.c.u.util.UserUtilService   : 1 students generated. Generate 1 tutors...
    23:48:07.402 |  51 Pool-1-worker-25 | DEBUG | d.t.c.a.a.c.u.util.UserUtilService   : 1 tutors generated. Generate 1 editors...
    23:48:07.405 |  51 Pool-1-worker-25 | DEBUG | d.t.c.a.a.c.u.util.UserUtilService   : 1 editors generated. Generate 1 instructors...
    23:48:07.407 |  51 Pool-1-worker-25 | DEBUG | d.t.c.a.a.c.u.util.UserUtilService   : 1 instructors generated
    23:48:07.410 |  51 Pool-1-worker-25 | DEBUG | d.t.c.a.a.c.u.util.UserUtilService   : Removing 4 users from all courses...
    23:48:07.411 |  51 Pool-1-worker-25 | DEBUG | d.t.c.a.a.c.u.util.UserUtilService   : Removing 4 users from all courses. Done
    23:48:07.411 |  51 Pool-1-worker-25 | DEBUG | d.t.c.a.a.c.u.util.UserUtilService   : Save 4 users to database...
    23:48:07.415 |  51 Pool-1-worker-25 | DEBUG | d.t.c.a.a.c.u.util.UserUtilService   : Save 4 users to database. Done
    23:48:07.415 |  51 Pool-1-worker-25 | INFO  | i.z.t.d.l.EmbeddedDatabaseReporter   : JDBC URL to connect to 'dataSource': url='jdbc:h2:tcp://localhost:41063/mem:df70fc46-7e57-4cb5-9cd0-c1d90c14afa7;USER=sa', scope='QuizExerciseIntegrationTest#testMultipleChoiceQuizExplanationLength_Invalid'
    23:48:07.417 |  51 Pool-1-worker-25 | DEBUG | d.t.c.a.a.c.s.f.ApiVersionFilter     : Adding Version to Request POST /api/quiz-exercises
    23:48:07.417 |  51 Pool-1-worker-25 | INFO  | d.t.c.a.a.q.web.QuizExerciseResource : REST request to create QuizExercise : QuizExercise{id=null, title='new quiz', randomizeQuestionOrder='true', allowedNumberOfAttempts='1', isOpenForPractice='false', releaseDate='2025-02-15T04:48:07.416155830Z', duration='120', dueDate='null'}
    23:48:07.419 |  51 Pool-1-worker-25 | DEBUG | d.t.c.a.a.q.s.QuizExerciseService    : Save quiz exercise to database: QuizExercise{id=null, title='new quiz', randomizeQuestionOrder='true', allowedNumberOfAttempts='1', isOpenForPractice='false', releaseDate='2025-02-15T04:48:07.416155830Z', duration='120', dueDate='2025-02-15T04:50:12.416155830Z'}
    23:48:07.421 |  51 Pool-1-worker-25 | WARN  | o.h.e.jdbc.spi.SqlExceptionHelper    : SQL Error: 22001, SQLState: 22001
    23:48:07.421 |  51 Pool-1-worker-25 | ERROR | o.h.e.jdbc.spi.SqlExceptionHelper    : Value too long for column "EXPLANATION CHARACTER VARYING(500)": "'0000000000000000000000000000000000000000000000000000000000000000000000000000000... (501)"; SQL statement:
insert into quiz_question (exercise_id,explanation,hint,invalid,points,quiz_group_id,quiz_question_statistic_id,randomize_order,scoring_type,text,title,single_choice,discriminator,id) values (?,?,?,?,?,?,?,?,?,?,?,?,'MC',default) [22001-224]
    23:48:07.428 |  51 Pool-1-worker-25 | ERROR | o.z.p.spring.common.AdviceTraits     : Internal Server Error
org.springframework.dao.DataIntegrityViolationException: could not execute statement [Value too long for column "EXPLANATION CHARACTER VARYING(500)": "'0000000000000000000000000000000000000000000000000000000000000000000000000000000... (501)"; SQL statement:
insert into quiz_question (exercise_id,explanation,hint,invalid,points,quiz_group_id,quiz_question_statistic_id,randomize_order,scoring_type,text,title,single_choice,discriminator,id) values (?,?,?,?,?,?,?,?,?,?,?,?,'MC',default) [22001-224]] [insert into quiz_question (exercise_id,explanation,hint,invalid,points,quiz_group_id,quiz_question_statistic_id,randomize_order,scoring_type,text,title,single_choice,discriminator,id) values (?,?,?,?,?,?,?,?,?,?,?,?,'MC',default)]; SQL [insert into quiz_question (exercise_id,explanation,hint,invalid,points,quiz_group_id,quiz_question_statistic_id,randomize_order,scoring_type,text,title,single_choice,discriminator,id) values (?,?,?,?,?,?,?,?,?,?,?,?,'MC',default)]
	at org.springframework.orm.jpa.vendor.HibernateJpaDialect.convertHibernateAccessException(HibernateJpaDialect.java:293)
	at org.springframework.orm.jpa.vendor.HibernateJpaDialect.translateExceptionIfPossible(HibernateJpaDialect.java:241)
	at org.springframework.orm.jpa.AbstractEntityManagerFactoryBean.translateExceptionIfPossible(AbstractEntityManagerFactoryBean.java:560)
	at org.springframework.dao.support.ChainedPersistenceExceptionTranslator.translateExceptionIfPossible(ChainedPersistenceExceptionTranslator.java:61)
	at org.springframework.dao.support.DataAccessUtils.translateIfNecessary(DataAccessUtils.java:343)
	at org.springframework.dao.support.PersistenceExceptionTranslationInterceptor.invoke(PersistenceExceptionTranslationInterceptor.java:160)
	at org.springframework.aop.framework.ReflectiveMethodInvocation.proceed(ReflectiveMethodInvocation.java:184)
	at org.springframework.data.jpa.repository.support.CrudMethodMetadataPostProcessor$CrudMethodMetadataPopulatingMethodInterceptor.invoke(CrudMethodMetadataPostProcessor.java:165)
	at org.springframework.aop.framework.ReflectiveMethodInvocation.proceed(ReflectiveMethodInvocation.java:184)
	at org.springframework.aop.framework.JdkDynamicAopProxy.invoke(JdkDynamicAopProxy.java:223)
	at jdk.proxy3/jdk.proxy3.$Proxy449.saveAndFlush(Unknown Source)
	at de.tum.cit.aet.artemis.quiz.service.QuizExerciseService.saveAndFlush(QuizExerciseService.java:464)
	at de.tum.cit.aet.artemis.quiz.service.QuizExerciseService.saveAndFlush(QuizExerciseService.java:62)
	at de.tum.cit.aet.artemis.quiz.service.QuizService.save(QuizService.java:76)
	at de.tum.cit.aet.artemis.quiz.service.QuizExerciseService.lambda$save$5(QuizExerciseService.java:435)
	at de.tum.cit.aet.artemis.exercise.service.ExerciseService.saveWithCompetencyLinks(ExerciseService.java:816)
	at java.base/jdk.internal.reflect.DirectMethodHandleAccessor.invoke(DirectMethodHandleAccessor.java:103)
	at java.base/java.lang.reflect.Method.invoke(Method.java:580)
	at org.springframework.aop.support.AopUtils.invokeJoinpointUsingReflection(AopUtils.java:359)
	at org.springframework.aop.framework.CglibAopProxy$DynamicAdvisedInterceptor.intercept(CglibAopProxy.java:723)
	at de.tum.cit.aet.artemis.exercise.service.ExerciseService$$SpringCGLIB$$0.saveWithCompetencyLinks(<generated>)
	at de.tum.cit.aet.artemis.quiz.service.QuizExerciseService.save(QuizExerciseService.java:435)
	at de.tum.cit.aet.artemis.quiz.web.QuizExerciseResource.createQuizExercise(QuizExerciseResource.java:240)
	at java.base/jdk.internal.reflect.DirectMethodHandleAccessor.invoke(DirectMethodHandleAccessor.java:103)
	at java.base/java.lang.reflect.Method.invoke(Method.java:580)
	at org.springframework.aop.support.AopUtils.invokeJoinpointUsingReflection(AopUtils.java:359)
	at org.springframework.aop.framework.ReflectiveMethodInvocation.invokeJoinpoint(ReflectiveMethodInvocation.java:196)
	at org.springframework.aop.framework.ReflectiveMethodInvocation.proceed(ReflectiveMethodInvocation.java:163)
	at org.springframework.security.authorization.method.AuthorizationManagerBeforeMethodInterceptor.proceed(AuthorizationManagerBeforeMethodInterceptor.java:268)
	at org.springframework.security.authorization.method.AuthorizationManagerBeforeMethodInterceptor.attemptAuthorization(AuthorizationManagerBeforeMethodInterceptor.java:263)
	at org.springframework.security.authorization.method.AuthorizationManagerBeforeMethodInterceptor.invoke(AuthorizationManagerBeforeMethodInterceptor.java:196)
	at org.springframework.security.config.annotation.method.configuration.DeferringMethodInterceptor.invoke(DeferringMethodInterceptor.java:44)
	at org.springframework.aop.framework.ReflectiveMethodInvocation.proceed(ReflectiveMethodInvocation.java:184)
	at org.springframework.aop.interceptor.ExposeInvocationInterceptor.invoke(ExposeInvocationInterceptor.java:97)
	at org.springframework.aop.framework.ReflectiveMethodInvocation.proceed(ReflectiveMethodInvocation.java:184)
	at org.springframework.aop.framework.CglibAopProxy$DynamicAdvisedInterceptor.intercept(CglibAopProxy.java:727)
	at de.tum.cit.aet.artemis.quiz.web.QuizExerciseResource$$SpringCGLIB$$0.createQuizExercise(<generated>)
	at java.base/jdk.internal.reflect.DirectMethodHandleAccessor.invoke(DirectMethodHandleAccessor.java:103)
	at java.base/java.lang.reflect.Method.invoke(Method.java:580)
	at org.springframework.web.method.support.InvocableHandlerMethod.doInvoke(InvocableHandlerMethod.java:257)
	at org.springframework.web.method.support.InvocableHandlerMethod.invokeForRequest(InvocableHandlerMethod.java:190)
	at org.springframework.web.servlet.mvc.method.annotation.ServletInvocableHandlerMethod.invokeAndHandle(ServletInvocableHandlerMethod.java:118)
	at org.springframework.web.servlet.mvc.method.annotation.RequestMappingHandlerAdapter.invokeHandlerMethod(RequestMappingHandlerAdapter.java:986)
	at org.springframework.web.servlet.mvc.method.annotation.RequestMappingHandlerAdapter.handleInternal(RequestMappingHandlerAdapter.java:891)
	at org.springframework.web.servlet.mvc.method.AbstractHandlerMethodAdapter.handle(AbstractHandlerMethodAdapter.java:87)
	at org.springframework.web.servlet.DispatcherServlet.doDispatch(DispatcherServlet.java:1088)
	at org.springframework.web.servlet.DispatcherServlet.doService(DispatcherServlet.java:978)
	at org.springframework.web.servlet.FrameworkServlet.processRequest(FrameworkServlet.java:1014)
	at org.springframework.web.servlet.FrameworkServlet.doPost(FrameworkServlet.java:914)
	at jakarta.servlet.http.HttpServlet.service(HttpServlet.java:547)
	at org.springframework.web.servlet.FrameworkServlet.service(FrameworkServlet.java:885)
	at org.springframework.test.web.servlet.TestDispatcherServlet.service(TestDispatcherServlet.java:72)
	at jakarta.servlet.http.HttpServlet.service(HttpServlet.java:614)
	at org.springframework.mock.web.MockFilterChain$ServletFilterProxy.doFilter(MockFilterChain.java:165)
	at org.springframework.mock.web.MockFilterChain.doFilter(MockFilterChain.java:132)
	at org.springframework.web.filter.OncePerRequestFilter.doFilter(OncePerRequestFilter.java:110)
	at org.springframework.test.web.servlet.setup.MockMvcFilterDecorator.doFilter(MockMvcFilterDecorator.java:162)
	at org.springframework.mock.web.MockFilterChain.doFilter(MockFilterChain.java:132)
	at de.tum.cit.aet.artemis.core.security.filter.ApiVersionFilter.doFilter(ApiVersionFilter.java:55)
	at org.springframework.test.web.servlet.setup.MockMvcFilterDecorator.doFilter(MockMvcFilterDecorator.java:162)
	at org.springframework.mock.web.MockFilterChain.doFilter(MockFilterChain.java:132)
	at io.sentry.spring.jakarta.SentryUserFilter.doFilterInternal(SentryUserFilter.java:56)
	at org.springframework.web.filter.OncePerRequestFilter.doFilter(OncePerRequestFilter.java:116)
	at org.springframework.test.web.servlet.setup.MockMvcFilterDecorator.doFilter(MockMvcFilterDecorator.java:162)
	at org.springframework.mock.web.MockFilterChain.doFilter(MockFilterChain.java:132)
	at org.springframework.web.filter.CompositeFilter$VirtualFilterChain.doFilter(CompositeFilter.java:108)
	at org.springframework.security.web.FilterChainProxy.lambda$doFilterInternal$3(FilterChainProxy.java:231)
	at org.springframework.security.web.ObservationFilterChainDecorator$FilterObservation$SimpleFilterObservation.lambda$wrap$1(ObservationFilterChainDecorator.java:479)
	at org.springframework.security.web.ObservationFilterChainDecorator$AroundFilterObservation$SimpleAroundFilterObservation.lambda$wrap$1(ObservationFilterChainDecorator.java:340)
	at org.springframework.security.web.ObservationFilterChainDecorator.lambda$wrapSecured$0(ObservationFilterChainDecorator.java:82)
	at org.springframework.security.web.ObservationFilterChainDecorator$VirtualFilterChain.doFilter(ObservationFilterChainDecorator.java:128)
	at org.springframework.security.web.access.intercept.AuthorizationFilter.doFilter(AuthorizationFilter.java:101)
	at org.springframework.security.web.ObservationFilterChainDecorator$ObservationFilter.wrapFilter(ObservationFilterChainDecorator.java:240)
	at org.springframework.security.web.ObservationFilterChainDecorator$ObservationFilter.doFilter(ObservationFilterChainDecorator.java:227)
	at org.springframework.security.web.ObservationFilterChainDecorator$VirtualFilterChain.doFilter(ObservationFilterChainDecorator.java:137)
	at org.springframework.security.web.access.ExceptionTranslationFilter.doFilter(ExceptionTranslationFilter.java:126)
	at org.springframework.security.web.access.ExceptionTranslationFilter.doFilter(ExceptionTranslationFilter.java:120)
	at org.springframework.security.web.ObservationFilterChainDecorator$ObservationFilter.wrapFilter(ObservationFilterChainDecorator.java:240)
	at org.springframework.security.web.ObservationFilterChainDecorator$ObservationFilter.doFilter(ObservationFilterChainDecorator.java:227)
	at org.springframework.security.web.ObservationFilterChainDecorator$VirtualFilterChain.doFilter(ObservationFilterChainDecorator.java:137)
	at org.springframework.security.web.session.SessionManagementFilter.doFilter(SessionManagementFilter.java:131)
	at org.springframework.security.web.session.SessionManagementFilter.doFilter(SessionManagementFilter.java:85)
	at org.springframework.security.web.ObservationFilterChainDecorator$ObservationFilter.wrapFilter(ObservationFilterChainDecorator.java:240)
	at org.springframework.security.web.ObservationFilterChainDecorator$ObservationFilter.doFilter(ObservationFilterChainDecorator.java:227)
	at org.springframework.security.web.ObservationFilterChainDecorator$VirtualFilterChain.doFilter(ObservationFilterChainDecorator.java:137)
	at org.springframework.security.web.authentication.AnonymousAuthenticationFilter.doFilter(AnonymousAuthenticationFilter.java:100)
	at org.springframework.security.web.ObservationFilterChainDecorator$ObservationFilter.wrapFilter(ObservationFilterChainDecorator.java:240)
	at org.springframework.security.web.ObservationFilterChainDecorator$ObservationFilter.doFilter(ObservationFilterChainDecorator.java:227)
	at org.springframework.security.web.ObservationFilterChainDecorator$VirtualFilterChain.doFilter(ObservationFilterChainDecorator.java:137)
	at org.springframework.security.web.servletapi.SecurityContextHolderAwareRequestFilter.doFilter(SecurityContextHolderAwareRequestFilter.java:179)
	at org.springframework.security.web.ObservationFilterChainDecorator$ObservationFilter.wrapFilter(ObservationFilterChainDecorator.java:240)
	at org.springframework.security.web.ObservationFilterChainDecorator$ObservationFilter.doFilter(ObservationFilterChainDecorator.java:227)
	at org.springframework.security.web.ObservationFilterChainDecorator$VirtualFilterChain.doFilter(ObservationFilterChainDecorator.java:137)
	at org.springframework.security.web.savedrequest.RequestCacheAwareFilter.doFilter(RequestCacheAwareFilter.java:63)
	at org.springframework.security.web.ObservationFilterChainDecorator$ObservationFilter.wrapFilter(ObservationFilterChainDecorator.java:240)
	at org.springframework.security.web.ObservationFilterChainDecorator$ObservationFilter.doFilter(ObservationFilterChainDecorator.java:227)
	at org.springframework.security.web.ObservationFilterChainDecorator$VirtualFilterChain.doFilter(ObservationFilterChainDecorator.java:137)
	at de.tum.cit.aet.artemis.core.security.filter.SpaWebFilter.doFilterInternal(SpaWebFilter.java:23)
	at org.springframework.web.filter.OncePerRequestFilter.doFilter(OncePerRequestFilter.java:116)
	at org.springframework.security.web.ObservationFilterChainDecorator$ObservationFilter.wrapFilter(ObservationFilterChainDecorator.java:240)
	at org.springframework.security.web.ObservationFilterChainDecorator$ObservationFilter.doFilter(ObservationFilterChainDecorator.java:227)
	at org.springframework.security.web.ObservationFilterChainDecorator$VirtualFilterChain.doFilter(ObservationFilterChainDecorator.java:137)
	at org.springframework.web.filter.OncePerRequestFilter.doFilter(OncePerRequestFilter.java:110)
	at org.springframework.security.web.ObservationFilterChainDecorator$ObservationFilter.wrapFilter(ObservationFilterChainDecorator.java:240)
	at org.springframework.security.web.ObservationFilterChainDecorator$ObservationFilter.doFilter(ObservationFilterChainDecorator.java:227)
	at org.springframework.security.web.ObservationFilterChainDecorator$VirtualFilterChain.doFilter(ObservationFilterChainDecorator.java:137)
	at de.tum.cit.aet.artemis.lti.config.Lti13LaunchFilter.doFilterInternal(Lti13LaunchFilter.java:60)
	at org.springframework.web.filter.OncePerRequestFilter.doFilter(OncePerRequestFilter.java:116)
	at org.springframework.security.web.ObservationFilterChainDecorator$ObservationFilter.wrapFilter(ObservationFilterChainDecorator.java:240)
	at org.springframework.security.web.ObservationFilterChainDecorator$ObservationFilter.doFilter(ObservationFilterChainDecorator.java:227)
	at org.springframework.security.web.ObservationFilterChainDecorator$VirtualFilterChain.doFilter(ObservationFilterChainDecorator.java:137)
	at de.tum.cit.aet.artemis.core.security.jwt.JWTFilter.doFilter(JWTFilter.java:55)
	at org.springframework.security.web.ObservationFilterChainDecorator$ObservationFilter.wrapFilter(ObservationFilterChainDecorator.java:240)
	at org.springframework.security.web.ObservationFilterChainDecorator$ObservationFilter.doFilter(ObservationFilterChainDecorator.java:227)
	at org.springframework.security.web.ObservationFilterChainDecorator$VirtualFilterChain.doFilter(ObservationFilterChainDecorator.java:137)
	at de.tum.cit.aet.artemis.core.security.jwt.JWTFilter.doFilter(JWTFilter.java:55)
	at org.springframework.security.web.ObservationFilterChainDecorator$ObservationFilter.wrapFilter(ObservationFilterChainDecorator.java:240)
	at org.springframework.security.web.ObservationFilterChainDecorator$ObservationFilter.doFilter(ObservationFilterChainDecorator.java:227)
	at org.springframework.security.web.ObservationFilterChainDecorator$VirtualFilterChain.doFilter(ObservationFilterChainDecorator.java:137)
	at org.springframework.web.filter.CorsFilter.doFilterInternal(CorsFilter.java:91)
	at org.springframework.web.filter.OncePerRequestFilter.doFilter(OncePerRequestFilter.java:116)
	at org.springframework.security.web.ObservationFilterChainDecorator$ObservationFilter.wrapFilter(ObservationFilterChainDecorator.java:240)
	at org.springframework.security.web.ObservationFilterChainDecorator$ObservationFilter.doFilter(ObservationFilterChainDecorator.java:227)
	at org.springframework.security.web.ObservationFilterChainDecorator$VirtualFilterChain.doFilter(ObservationFilterChainDecorator.java:137)
	at org.springframework.web.filter.OncePerRequestFilter.doFilter(OncePerRequestFilter.java:110)
	at org.springframework.security.web.ObservationFilterChainDecorator$ObservationFilter.wrapFilter(ObservationFilterChainDecorator.java:240)
	at org.springframework.security.web.ObservationFilterChainDecorator$ObservationFilter.doFilter(ObservationFilterChainDecorator.java:227)
	at org.springframework.security.web.ObservationFilterChainDecorator$VirtualFilterChain.doFilter(ObservationFilterChainDecorator.java:137)
	at uk.ac.ox.ctl.lti13.security.oauth2.client.lti.web.OAuth2AuthorizationRequestRedirectFilter.doFilterInternal(OAuth2AuthorizationRequestRedirectFilter.java:142)
	at org.springframework.web.filter.OncePerRequestFilter.doFilter(OncePerRequestFilter.java:116)
	at org.springframework.security.web.ObservationFilterChainDecorator$ObservationFilter.wrapFilter(ObservationFilterChainDecorator.java:240)
	at org.springframework.security.web.ObservationFilterChainDecorator$ObservationFilter.doFilter(ObservationFilterChainDecorator.java:227)
	at org.springframework.security.web.ObservationFilterChainDecorator$VirtualFilterChain.doFilter(ObservationFilterChainDecorator.java:137)
	at org.springframework.security.web.authentication.logout.LogoutFilter.doFilter(LogoutFilter.java:107)
	at org.springframework.security.web.authentication.logout.LogoutFilter.doFilter(LogoutFilter.java:93)
	at org.springframework.security.web.ObservationFilterChainDecorator$ObservationFilter.wrapFilter(ObservationFilterChainDecorator.java:240)
	at org.springframework.security.web.ObservationFilterChainDecorator$ObservationFilter.doFilter(ObservationFilterChainDecorator.java:227)
	at org.springframework.security.web.ObservationFilterChainDecorator$VirtualFilterChain.doFilter(ObservationFilterChainDecorator.java:137)
	at org.springframework.security.web.header.HeaderWriterFilter.doHeadersAfter(HeaderWriterFilter.java:90)
	at org.springframework.security.web.header.HeaderWriterFilter.doFilterInternal(HeaderWriterFilter.java:75)
	at org.springframework.web.filter.OncePerRequestFilter.doFilter(OncePerRequestFilter.java:116)
	at org.springframework.security.web.ObservationFilterChainDecorator$ObservationFilter.wrapFilter(ObservationFilterChainDecorator.java:240)
	at org.springframework.security.web.ObservationFilterChainDecorator$ObservationFilter.doFilter(ObservationFilterChainDecorator.java:227)
	at org.springframework.security.web.ObservationFilterChainDecorator$VirtualFilterChain.doFilter(ObservationFilterChainDecorator.java:137)
	at org.springframework.security.web.context.SecurityContextHolderFilter.doFilter(SecurityContextHolderFilter.java:82)
	at org.springframework.security.web.context.SecurityContextHolderFilter.doFilter(SecurityContextHolderFilter.java:69)
	at org.springframework.security.web.ObservationFilterChainDecorator$ObservationFilter.wrapFilter(ObservationFilterChainDecorator.java:240)
	at org.springframework.security.web.ObservationFilterChainDecorator$ObservationFilter.doFilter(ObservationFilterChainDecorator.java:227)
	at org.springframework.security.web.ObservationFilterChainDecorator$VirtualFilterChain.doFilter(ObservationFilterChainDecorator.java:137)
	at org.springframework.security.web.context.request.async.WebAsyncManagerIntegrationFilter.doFilterInternal(WebAsyncManagerIntegrationFilter.java:62)
	at org.springframework.web.filter.OncePerRequestFilter.doFilter(OncePerRequestFilter.java:116)
	at org.springframework.security.web.ObservationFilterChainDecorator$ObservationFilter.wrapFilter(ObservationFilterChainDecorator.java:240)
	at org.springframework.security.web.ObservationFilterChainDecorator$ObservationFilter.doFilter(ObservationFilterChainDecorator.java:227)
	at org.springframework.security.web.ObservationFilterChainDecorator$VirtualFilterChain.doFilter(ObservationFilterChainDecorator.java:137)
	at org.springframework.security.web.session.DisableEncodeUrlFilter.doFilterInternal(DisableEncodeUrlFilter.java:42)
	at org.springframework.web.filter.OncePerRequestFilter.doFilter(OncePerRequestFilter.java:116)
	at org.springframework.security.web.ObservationFilterChainDecorator$ObservationFilter.wrapFilter(ObservationFilterChainDecorator.java:240)
	at org.springframework.security.web.ObservationFilterChainDecorator$AroundFilterObservation$SimpleAroundFilterObservation.lambda$wrap$0(ObservationFilterChainDecorator.java:323)
	at org.springframework.security.web.ObservationFilterChainDecorator$ObservationFilter.doFilter(ObservationFilterChainDecorator.java:224)
	at org.springframework.security.web.ObservationFilterChainDecorator$VirtualFilterChain.doFilter(ObservationFilterChainDecorator.java:137)
	at org.springframework.security.web.FilterChainProxy.doFilterInternal(FilterChainProxy.java:233)
	at org.springframework.security.web.FilterChainProxy.doFilter(FilterChainProxy.java:191)
	at org.springframework.web.filter.CompositeFilter$VirtualFilterChain.doFilter(CompositeFilter.java:113)
	at org.springframework.web.servlet.handler.HandlerMappingIntrospector.lambda$createCacheFilter$3(HandlerMappingIntrospector.java:243)
	at org.springframework.web.filter.CompositeFilter$VirtualFilterChain.doFilter(CompositeFilter.java:113)
	at org.springframework.web.filter.CompositeFilter.doFilter(CompositeFilter.java:74)
	at org.springframework.security.config.annotation.web.configuration.WebMvcSecurityConfiguration$CompositeFilterChainProxy.doFilter(WebMvcSecurityConfiguration.java:238)
	at org.springframework.web.filter.DelegatingFilterProxy.invokeDelegate(DelegatingFilterProxy.java:362)
	at org.springframework.web.filter.DelegatingFilterProxy.doFilter(DelegatingFilterProxy.java:278)
	at org.springframework.test.web.servlet.setup.MockMvcFilterDecorator.doFilter(MockMvcFilterDecorator.java:162)
	at org.springframework.mock.web.MockFilterChain.doFilter(MockFilterChain.java:132)
	at org.springframework.web.filter.RequestContextFilter.doFilterInternal(RequestContextFilter.java:100)
	at org.springframework.web.filter.OncePerRequestFilter.doFilter(OncePerRequestFilter.java:116)
	at org.springframework.test.web.servlet.setup.MockMvcFilterDecorator.doFilter(MockMvcFilterDecorator.java:162)
	at org.springframework.mock.web.MockFilterChain.doFilter(MockFilterChain.java:132)
	at org.springframework.web.filter.FormContentFilter.doFilterInternal(FormContentFilter.java:93)
	at org.springframework.web.filter.OncePerRequestFilter.doFilter(OncePerRequestFilter.java:116)
	at org.springframework.test.web.servlet.setup.MockMvcFilterDecorator.doFilter(MockMvcFilterDecorator.java:162)
	at org.springframework.mock.web.MockFilterChain.doFilter(MockFilterChain.java:132)
	at org.springframework.web.filter.ServerHttpObservationFilter.doFilterInternal(ServerHttpObservationFilter.java:114)
	at org.springframework.web.filter.OncePerRequestFilter.doFilter(OncePerRequestFilter.java:116)
	at org.springframework.test.web.servlet.setup.MockMvcFilterDecorator.doFilter(MockMvcFilterDecorator.java:162)
	at org.springframework.mock.web.MockFilterChain.doFilter(MockFilterChain.java:132)
	at io.sentry.spring.jakarta.tracing.SentryTracingFilter.doFilterInternal(SentryTracingFilter.java:91)
	at org.springframework.web.filter.OncePerRequestFilter.doFilter(OncePerRequestFilter.java:116)
	at org.springframework.test.web.servlet.setup.MockMvcFilterDecorator.doFilter(MockMvcFilterDecorator.java:162)
	at org.springframework.mock.web.MockFilterChain.doFilter(MockFilterChain.java:132)
	at org.springframework.web.filter.CharacterEncodingFilter.doFilterInternal(CharacterEncodingFilter.java:201)
	at org.springframework.web.filter.OncePerRequestFilter.doFilter(OncePerRequestFilter.java:116)
	at org.springframework.test.web.servlet.setup.MockMvcFilterDecorator.doFilter(MockMvcFilterDecorator.java:162)
	at org.springframework.mock.web.MockFilterChain.doFilter(MockFilterChain.java:132)
	at io.sentry.spring.jakarta.SentrySpringFilter.doFilterInternal(SentrySpringFilter.java:76)
	at org.springframework.web.filter.OncePerRequestFilter.doFilter(OncePerRequestFilter.java:116)
	at org.springframework.test.web.servlet.setup.MockMvcFilterDecorator.doFilter(MockMvcFilterDecorator.java:162)
	at org.springframework.mock.web.MockFilterChain.doFilter(MockFilterChain.java:132)
	at org.springframework.test.web.servlet.MockMvc.perform(MockMvc.java:201)
	at de.tum.cit.aet.artemis.core.util.RequestUtilService.performMvcRequest(RequestUtilService.java:79)
	at de.tum.cit.aet.artemis.quiz.QuizExerciseIntegrationTest.createQuizExerciseWithFiles(QuizExerciseIntegrationTest.java:250)
	at de.tum.cit.aet.artemis.quiz.QuizExerciseIntegrationTest.testMultipleChoiceQuizExplanationLength_Invalid(QuizExerciseIntegrationTest.java:1535)
	at java.base/jdk.internal.reflect.DirectMethodHandleAccessor.invoke(DirectMethodHandleAccessor.java:103)
	at java.base/java.lang.reflect.Method.invoke(Method.java:580)
	at org.junit.platform.commons.util.ReflectionUtils.invokeMethod(ReflectionUtils.java:767)
	at org.junit.jupiter.engine.execution.MethodInvocation.proceed(MethodInvocation.java:60)
	at org.junit.jupiter.engine.execution.InvocationInterceptorChain$ValidatingInvocation.proceed(InvocationInterceptorChain.java:131)
	at org.junit.jupiter.engine.extension.TimeoutExtension.intercept(TimeoutExtension.java:156)
	at org.junit.jupiter.engine.extension.TimeoutExtension.interceptTestableMethod(TimeoutExtension.java:147)
	at org.junit.jupiter.engine.extension.TimeoutExtension.interceptTestMethod(TimeoutExtension.java:86)
	at org.junit.jupiter.engine.execution.InterceptingExecutableInvoker$ReflectiveInterceptorCall.lambda$ofVoidMethod$0(InterceptingExecutableInvoker.java:103)
	at org.junit.jupiter.engine.execution.InterceptingExecutableInvoker.lambda$invoke$0(InterceptingExecutableInvoker.java:93)
	at org.junit.jupiter.engine.execution.InvocationInterceptorChain$InterceptedInvocation.proceed(InvocationInterceptorChain.java:106)
	at org.junit.jupiter.engine.execution.InvocationInterceptorChain.proceed(InvocationInterceptorChain.java:64)
	at org.junit.jupiter.engine.execution.InvocationInterceptorChain.chainAndInvoke(InvocationInterceptorChain.java:45)
	at org.junit.jupiter.engine.execution.InvocationInterceptorChain.invoke(InvocationInterceptorChain.java:37)
	at org.junit.jupiter.engine.execution.InterceptingExecutableInvoker.invoke(InterceptingExecutableInvoker.java:92)
	at org.junit.jupiter.engine.execution.InterceptingExecutableInvoker.invoke(InterceptingExecutableInvoker.java:86)
	at org.junit.jupiter.engine.descriptor.TestMethodTestDescriptor.lambda$invokeTestMethod$8(TestMethodTestDescriptor.java:217)
	at org.junit.platform.engine.support.hierarchical.ThrowableCollector.execute(ThrowableCollector.java:73)
	at org.junit.jupiter.engine.descriptor.TestMethodTestDescriptor.invokeTestMethod(TestMethodTestDescriptor.java:213)
	at org.junit.jupiter.engine.descriptor.TestMethodTestDescriptor.execute(TestMethodTestDescriptor.java:138)
	at org.junit.jupiter.engine.descriptor.TestMethodTestDescriptor.execute(TestMethodTestDescriptor.java:68)
	at org.junit.platform.engine.support.hierarchical.NodeTestTask.lambda$executeRecursively$6(NodeTestTask.java:156)
	at org.junit.platform.engine.support.hierarchical.ThrowableCollector.execute(ThrowableCollector.java:73)
	at org.junit.platform.engine.support.hierarchical.NodeTestTask.lambda$executeRecursively$8(NodeTestTask.java:146)
	at org.junit.platform.engine.support.hierarchical.Node.around(Node.java:137)
	at org.junit.platform.engine.support.hierarchical.NodeTestTask.lambda$executeRecursively$9(NodeTestTask.java:144)
	at org.junit.platform.engine.support.hierarchical.ThrowableCollector.execute(ThrowableCollector.java:73)
	at org.junit.platform.engine.support.hierarchical.NodeTestTask.executeRecursively(NodeTestTask.java:143)
	at org.junit.platform.engine.support.hierarchical.NodeTestTask.execute(NodeTestTask.java:100)
	at org.junit.platform.engine.support.hierarchical.ForkJoinPoolHierarchicalTestExecutorService$ExclusiveTask.exec(ForkJoinPoolHierarchicalTestExecutorService.java:274)
	at org.junit.platform.engine.support.hierarchical.ForkJoinPoolHierarchicalTestExecutorService$ExclusiveTask.execSync(ForkJoinPoolHierarchicalTestExecutorService.java:247)
	at org.junit.platform.engine.support.hierarchical.ForkJoinPoolHierarchicalTestExecutorService.executeSync(ForkJoinPoolHierarchicalTestExecutorService.java:194)
	at org.junit.platform.engine.support.hierarchical.ForkJoinPoolHierarchicalTestExecutorService.invokeAll(ForkJoinPoolHierarchicalTestExecutorService.java:166)
	at org.junit.platform.engine.support.hierarchical.NodeTestTask.lambda$executeRecursively$6(NodeTestTask.java:160)
	at org.junit.platform.engine.support.hierarchical.ThrowableCollector.execute(ThrowableCollector.java:73)
	at org.junit.platform.engine.support.hierarchical.NodeTestTask.lambda$executeRecursively$8(NodeTestTask.java:146)
	at org.junit.platform.engine.support.hierarchical.Node.around(Node.java:137)
	at org.junit.platform.engine.support.hierarchical.NodeTestTask.lambda$executeRecursively$9(NodeTestTask.java:144)
	at org.junit.platform.engine.support.hierarchical.ThrowableCollector.execute(ThrowableCollector.java:73)
	at org.junit.platform.engine.support.hierarchical.NodeTestTask.executeRecursively(NodeTestTask.java:143)
	at org.junit.platform.engine.support.hierarchical.NodeTestTask.execute(NodeTestTask.java:100)
	at org.junit.platform.engine.support.hierarchical.ForkJoinPoolHierarchicalTestExecutorService$ExclusiveTask.exec(ForkJoinPoolHierarchicalTestExecutorService.java:274)
	at java.base/java.util.concurrent.ForkJoinTask.doExec(ForkJoinTask.java:387)
	at java.base/java.util.concurrent.ForkJoinPool$WorkQueue.topLevelExec(ForkJoinPool.java:1312)
	at java.base/java.util.concurrent.ForkJoinPool.scan(ForkJoinPool.java:1843)
	at java.base/java.util.concurrent.ForkJoinPool.runWorker(ForkJoinPool.java:1808)
	at java.base/java.util.concurrent.ForkJoinWorkerThread.run(ForkJoinWorkerThread.java:188)
Caused by: org.hibernate.exception.DataException: could not execute statement [Value too long for column "EXPLANATION CHARACTER VARYING(500)": "'0000000000000000000000000000000000000000000000000000000000000000000000000000000... (501)"; SQL statement:
insert into quiz_question (exercise_id,explanation,hint,invalid,points,quiz_group_id,quiz_question_statistic_id,randomize_order,scoring_type,text,title,single_choice,discriminator,id) values (?,?,?,?,?,?,?,?,?,?,?,?,'MC',default) [22001-224]] [insert into quiz_question (exercise_id,explanation,hint,invalid,points,quiz_group_id,quiz_question_statistic_id,randomize_order,scoring_type,text,title,single_choice,discriminator,id) values (?,?,?,?,?,?,?,?,?,?,?,?,'MC',default)]
	at org.hibernate.exception.internal.SQLExceptionTypeDelegate.convert(SQLExceptionTypeDelegate.java:55)
	at org.hibernate.exception.internal.StandardSQLExceptionConverter.convert(StandardSQLExceptionConverter.java:58)
	at org.hibernate.engine.jdbc.spi.SqlExceptionHelper.convert(SqlExceptionHelper.java:108)
	at org.hibernate.engine.jdbc.internal.ResultSetReturnImpl.executeUpdate(ResultSetReturnImpl.java:197)
	at org.hibernate.id.insert.GetGeneratedKeysDelegate.performInsert(GetGeneratedKeysDelegate.java:107)
	at org.hibernate.engine.jdbc.mutation.internal.MutationExecutorPostInsertSingleTable.execute(MutationExecutorPostInsertSingleTable.java:100)
	at org.hibernate.persister.entity.mutation.InsertCoordinator.doStaticInserts(InsertCoordinator.java:175)
	at org.hibernate.persister.entity.mutation.InsertCoordinator.coordinateInsert(InsertCoordinator.java:113)
	at org.hibernate.persister.entity.AbstractEntityPersister.insert(AbstractEntityPersister.java:2862)
	at org.hibernate.action.internal.EntityIdentityInsertAction.execute(EntityIdentityInsertAction.java:81)
	at org.hibernate.engine.spi.ActionQueue.execute(ActionQueue.java:670)
	at org.hibernate.engine.spi.ActionQueue.addResolvedEntityInsertAction(ActionQueue.java:291)
	at org.hibernate.engine.spi.ActionQueue.addInsertAction(ActionQueue.java:272)
	at org.hibernate.engine.spi.ActionQueue.addAction(ActionQueue.java:322)
	at org.hibernate.event.internal.AbstractSaveEventListener.addInsertAction(AbstractSaveEventListener.java:388)
	at org.hibernate.event.internal.AbstractSaveEventListener.performSaveOrReplicate(AbstractSaveEventListener.java:302)
	at org.hibernate.event.internal.AbstractSaveEventListener.performSave(AbstractSaveEventListener.java:221)
	at org.hibernate.event.internal.AbstractSaveEventListener.saveWithGeneratedId(AbstractSaveEventListener.java:135)
	at org.hibernate.event.internal.DefaultPersistEventListener.entityIsTransient(DefaultPersistEventListener.java:175)
	at org.hibernate.event.internal.DefaultPersistEventListener.persist(DefaultPersistEventListener.java:93)
	at org.hibernate.event.internal.DefaultPersistEventListener.onPersist(DefaultPersistEventListener.java:77)
	at org.hibernate.event.service.internal.EventListenerGroupImpl.fireEventOnEachListener(EventListenerGroupImpl.java:138)
	at org.hibernate.internal.SessionImpl.firePersist(SessionImpl.java:800)
	at org.hibernate.internal.SessionImpl.persist(SessionImpl.java:748)
	at org.hibernate.engine.spi.CascadingActions$7.cascade(CascadingActions.java:290)
	at org.hibernate.engine.spi.CascadingActions$7.cascade(CascadingActions.java:280)
	at org.hibernate.engine.internal.Cascade.cascadeToOne(Cascade.java:524)
	at org.hibernate.engine.internal.Cascade.cascadeAssociation(Cascade.java:446)
	at org.hibernate.engine.internal.Cascade.cascadeProperty(Cascade.java:231)
	at org.hibernate.engine.internal.Cascade.cascadeCollectionElements(Cascade.java:558)
	at org.hibernate.engine.internal.Cascade.cascadeCollection(Cascade.java:488)
	at org.hibernate.engine.internal.Cascade.cascadeAssociation(Cascade.java:449)
	at org.hibernate.engine.internal.Cascade.cascadeProperty(Cascade.java:231)
	at org.hibernate.engine.internal.Cascade.cascade(Cascade.java:164)
	at org.hibernate.event.internal.AbstractSaveEventListener.cascadeAfterSave(AbstractSaveEventListener.java:515)
	at org.hibernate.event.internal.AbstractSaveEventListener.performSaveOrReplicate(AbstractSaveEventListener.java:314)
	at org.hibernate.event.internal.AbstractSaveEventListener.performSave(AbstractSaveEventListener.java:221)
	at org.hibernate.event.internal.AbstractSaveEventListener.saveWithGeneratedId(AbstractSaveEventListener.java:135)
	at org.hibernate.event.internal.DefaultPersistEventListener.entityIsTransient(DefaultPersistEventListener.java:175)
	at org.hibernate.event.internal.DefaultPersistEventListener.persist(DefaultPersistEventListener.java:93)
	at org.hibernate.event.internal.DefaultPersistEventListener.onPersist(DefaultPersistEventListener.java:77)
	at org.hibernate.event.internal.DefaultPersistEventListener.onPersist(DefaultPersistEventListener.java:54)
	at org.hibernate.event.service.internal.EventListenerGroupImpl.fireEventOnEachListener(EventListenerGroupImpl.java:127)
	at org.hibernate.internal.SessionImpl.firePersist(SessionImpl.java:758)
	at org.hibernate.internal.SessionImpl.persist(SessionImpl.java:742)
	at java.base/jdk.internal.reflect.DirectMethodHandleAccessor.invoke(DirectMethodHandleAccessor.java:103)
	at java.base/java.lang.reflect.Method.invoke(Method.java:580)
	at org.springframework.orm.jpa.SharedEntityManagerCreator$SharedEntityManagerInvocationHandler.invoke(SharedEntityManagerCreator.java:320)
	at jdk.proxy3/jdk.proxy3.$Proxy319.persist(Unknown Source)
	at org.springframework.data.jpa.repository.support.SimpleJpaRepository.save(SimpleJpaRepository.java:627)
	at org.springframework.data.jpa.repository.support.SimpleJpaRepository.saveAndFlush(SimpleJpaRepository.java:638)
	at java.base/jdk.internal.reflect.DirectMethodHandleAccessor.invoke(DirectMethodHandleAccessor.java:103)
	at java.base/java.lang.reflect.Method.invoke(Method.java:580)
	at org.springframework.aop.support.AopUtils.invokeJoinpointUsingReflection(AopUtils.java:359)
	at org.springframework.data.repository.core.support.RepositoryMethodInvoker$RepositoryFragmentMethodInvoker.lambda$new$0(RepositoryMethodInvoker.java:277)
	at org.springframework.data.repository.core.support.RepositoryMethodInvoker.doInvoke(RepositoryMethodInvoker.java:170)
	at org.springframework.data.repository.core.support.RepositoryMethodInvoker.invoke(RepositoryMethodInvoker.java:158)
	at org.springframework.data.repository.core.support.RepositoryComposition$RepositoryFragments.invoke(RepositoryComposition.java:515)
	at org.springframework.data.repository.core.support.RepositoryComposition.invoke(RepositoryComposition.java:284)
	at org.springframework.data.repository.core.support.RepositoryFactorySupport$ImplementationMethodExecutionInterceptor.invoke(RepositoryFactorySupport.java:752)
	at org.springframework.aop.framework.ReflectiveMethodInvocation.proceed(ReflectiveMethodInvocation.java:184)
	at org.springframework.data.repository.core.support.QueryExecutorMethodInterceptor.doInvoke(QueryExecutorMethodInterceptor.java:174)
	at org.springframework.data.repository.core.support.QueryExecutorMethodInterceptor.invoke(QueryExecutorMethodInterceptor.java:149)
	at org.springframework.aop.framework.ReflectiveMethodInvocation.proceed(ReflectiveMethodInvocation.java:184)
	at org.springframework.data.projection.DefaultMethodInvokingMethodInterceptor.invoke(DefaultMethodInvokingMethodInterceptor.java:69)
	at org.springframework.aop.framework.ReflectiveMethodInvocation.proceed(ReflectiveMethodInvocation.java:184)
	at org.springframework.transaction.interceptor.TransactionAspectSupport.invokeWithinTransaction(TransactionAspectSupport.java:380)
	at org.springframework.transaction.interceptor.TransactionInterceptor.invoke(TransactionInterceptor.java:119)
	at org.springframework.aop.framework.ReflectiveMethodInvocation.proceed(ReflectiveMethodInvocation.java:184)
	at org.springframework.dao.support.PersistenceExceptionTranslationInterceptor.invoke(PersistenceExceptionTranslationInterceptor.java:138)
	... 240 common frames omitted
Caused by: org.h2.jdbc.JdbcSQLDataException: Value too long for column "EXPLANATION CHARACTER VARYING(500)": "'0000000000000000000000000000000000000000000000000000000000000000000000000000000... (501)"; SQL statement:
insert into quiz_question (exercise_id,explanation,hint,invalid,points,quiz_group_id,quiz_question_statistic_id,randomize_order,scoring_type,text,title,single_choice,discriminator,id) values (?,?,?,?,?,?,?,?,?,?,?,?,'MC',default) [22001-224]
	at org.h2.message.DbException.getJdbcSQLException(DbException.java:518)
	at org.h2.message.DbException.getJdbcSQLException(DbException.java:489)
	at org.h2.message.DbException.get(DbException.java:223)
	at org.h2.message.DbException.getValueTooLongException(DbException.java:334)
	at org.h2.value.Value.getValueTooLongException(Value.java:2594)
	at org.h2.value.Value.convertToVarchar(Value.java:1282)
	at org.h2.value.Value.convertTo(Value.java:1138)
	at org.h2.value.Value.convertForAssignTo(Value.java:1113)
	at org.h2.table.Column.validateConvertUpdateSequence(Column.java:369)
	at org.h2.table.Table.convertInsertRow(Table.java:936)
	at org.h2.command.dml.Insert.insertRows(Insert.java:167)
	at org.h2.command.dml.Insert.update(Insert.java:135)
	at org.h2.command.CommandContainer.executeUpdateWithGeneratedKeys(CommandContainer.java:242)
	at org.h2.command.CommandContainer.update(CommandContainer.java:163)
	at org.h2.command.Command.executeUpdate(Command.java:256)
	at org.h2.jdbc.JdbcPreparedStatement.executeUpdateInternal(JdbcPreparedStatement.java:216)
	at org.h2.jdbc.JdbcPreparedStatement.executeUpdate(JdbcPreparedStatement.java:174)
	at org.hibernate.engine.jdbc.internal.ResultSetReturnImpl.executeUpdate(ResultSetReturnImpl.java:194)
	... 306 common frames omitted

  Starting logs for QuizExerciseIntegrationTest > testCourseAndExamFiltersAsInstructor()
    23:48:07.443 |  51 Pool-1-worker-25 | DEBUG | d.t.c.a.a.c.u.util.UserUtilService   : Generate 1 students...
    23:48:07.446 |  51 Pool-1-worker-25 | DEBUG | d.t.c.a.a.c.u.util.UserUtilService   : 1 students generated. Generate 1 tutors...
    23:48:07.449 |  51 Pool-1-worker-25 | DEBUG | d.t.c.a.a.c.u.util.UserUtilService   : 1 tutors generated. Generate 1 editors...
    23:48:07.452 |  51 Pool-1-worker-25 | DEBUG | d.t.c.a.a.c.u.util.UserUtilService   : 1 editors generated. Generate 1 instructors...
    23:48:07.454 |  51 Pool-1-worker-25 | DEBUG | d.t.c.a.a.c.u.util.UserUtilService   : 1 instructors generated
    23:48:07.455 |  51 Pool-1-worker-25 | DEBUG | d.t.c.a.a.c.u.util.UserUtilService   : Removing 4 users from all courses...
    23:48:07.456 |  51 Pool-1-worker-25 | DEBUG | d.t.c.a.a.c.u.util.UserUtilService   : Removing 4 users from all courses. Done
    23:48:07.456 |  51 Pool-1-worker-25 | DEBUG | d.t.c.a.a.c.u.util.UserUtilService   : Save 4 users to database...
    23:48:07.458 |  51 Pool-1-worker-25 | DEBUG | d.t.c.a.a.c.u.util.UserUtilService   : Save 4 users to database. Done
    23:48:07.459 |  51 Pool-1-worker-25 | INFO  | i.z.t.d.l.EmbeddedDatabaseReporter   : JDBC URL to connect to 'dataSource': url='jdbc:h2:tcp://localhost:41063/mem:df70fc46-7e57-4cb5-9cd0-c1d90c14afa7;USER=sa', scope='QuizExerciseIntegrationTest#testCourseAndExamFiltersAsInstructor'
    23:48:07.477 |  51 Pool-1-worker-25 | INFO  | .c.a.a.c.s.TitleCacheEvictionService : Evicted entry '3698' from title cache 'exerciseTitle'
    23:48:07.487 |  51 Pool-1-worker-25 | INFO  | .c.a.a.c.s.TitleCacheEvictionService : Evicted entry '3699' from title cache 'exerciseTitle'
    23:48:07.489 |  51 Pool-1-worker-25 | DEBUG | d.t.c.a.a.c.s.f.ApiVersionFilter     : Adding Version to Request GET /api/quiz-exercises
    23:48:07.502 |  51 Pool-1-worker-25 | DEBUG | d.t.c.a.a.c.s.f.ApiVersionFilter     : Adding Version to Request GET /api/quiz-exercises
    23:48:07.512 |  51 Pool-1-worker-25 | DEBUG | d.t.c.a.a.c.s.f.ApiVersionFilter     : Adding Version to Request GET /api/quiz-exercises
    23:48:07.515 |  51 Pool-1-worker-25 | DEBUG | d.t.c.a.a.c.s.f.ApiVersionFilter     : Adding Version to Request GET /api/quiz-exercises
    23:48:07.522 |  51 Pool-1-worker-25 | DEBUG | d.t.c.a.a.c.s.f.ApiVersionFilter     : Adding Version to Request GET /api/quiz-exercises
    23:48:07.529 |  51 Pool-1-worker-25 | DEBUG | d.t.c.a.a.c.s.f.ApiVersionFilter     : Adding Version to Request GET /api/quiz-exercises
    23:48:07.537 |  51 Pool-1-worker-25 | DEBUG | d.t.c.a.a.c.s.f.ApiVersionFilter     : Adding Version to Request GET /api/quiz-exercises
    23:48:07.544 |  51 Pool-1-worker-25 | DEBUG | d.t.c.a.a.c.s.f.ApiVersionFilter     : Adding Version to Request GET /api/quiz-exercises
    23:48:07.554 |  51 Pool-1-worker-25 | DEBUG | d.t.c.a.a.c.s.f.ApiVersionFilter     : Adding Version to Request GET /api/quiz-exercises
    23:48:07.564 |  51 Pool-1-worker-25 | DEBUG | d.t.c.a.a.c.s.f.ApiVersionFilter     : Adding Version to Request GET /api/quiz-exercises
    23:48:07.572 |  51 Pool-1-worker-25 | DEBUG | d.t.c.a.a.c.s.f.ApiVersionFilter     : Adding Version to Request GET /api/quiz-exercises
    23:48:07.579 |  51 Pool-1-worker-25 | DEBUG | d.t.c.a.a.c.s.f.ApiVersionFilter     : Adding Version to Request GET /api/quiz-exercises
    23:48:07.589 |  51 Pool-1-worker-25 | DEBUG | d.t.c.a.a.c.s.f.ApiVersionFilter     : Adding Version to Request GET /api/quiz-exercises

  Starting logs for QuizExerciseIntegrationTest > testCannotPerformJoinTwice(QuizMode) [1] quizMode=SYNCHRONIZED
    23:48:07.613 |  51 Pool-1-worker-25 | DEBUG | d.t.c.a.a.c.u.util.UserUtilService   : Generate 1 students...
    23:48:07.615 |  51 Pool-1-worker-25 | DEBUG | d.t.c.a.a.c.u.util.UserUtilService   : 1 students generated. Generate 1 tutors...
    23:48:07.618 |  51 Pool-1-worker-25 | DEBUG | d.t.c.a.a.c.u.util.UserUtilService   : 1 tutors generated. Generate 1 editors...
    23:48:07.620 |  51 Pool-1-worker-25 | DEBUG | d.t.c.a.a.c.u.util.UserUtilService   : 1 editors generated. Generate 1 instructors...
    23:48:07.623 |  51 Pool-1-worker-25 | DEBUG | d.t.c.a.a.c.u.util.UserUtilService   : 1 instructors generated
    23:48:07.624 |  51 Pool-1-worker-25 | DEBUG | d.t.c.a.a.c.u.util.UserUtilService   : Removing 4 users from all courses...
    23:48:07.625 |  51 Pool-1-worker-25 | DEBUG | d.t.c.a.a.c.u.util.UserUtilService   : Removing 4 users from all courses. Done
    23:48:07.625 |  51 Pool-1-worker-25 | DEBUG | d.t.c.a.a.c.u.util.UserUtilService   : Save 4 users to database...
    23:48:07.628 |  51 Pool-1-worker-25 | DEBUG | d.t.c.a.a.c.u.util.UserUtilService   : Save 4 users to database. Done
    23:48:07.628 |  51 Pool-1-worker-25 | INFO  | i.z.t.d.l.EmbeddedDatabaseReporter   : JDBC URL to connect to 'dataSource': url='jdbc:h2:tcp://localhost:41063/mem:df70fc46-7e57-4cb5-9cd0-c1d90c14afa7;USER=sa', scope='QuizExerciseIntegrationTest#testCannotPerformJoinTwice'
    23:48:07.634 |  51 Pool-1-worker-25 | DEBUG | d.t.c.a.a.c.s.f.ApiVersionFilter     : Adding Version to Request POST /api/quiz-exercises/3700/start-participation
    23:48:07.635 |  51 Pool-1-worker-25 | DEBUG | .c.a.a.q.w.QuizParticipationResource : REST request to start quiz exercise participation : 3700
    23:48:07.666 |  51 Pool-1-worker-25 | DEBUG | d.t.c.a.a.c.s.f.ApiVersionFilter     : Adding Version to Request POST /api/quiz-exercises/3700/join
    23:48:07.666 |  51 Pool-1-worker-25 | INFO  | d.t.c.a.a.q.web.QuizExerciseResource : REST request to join quiz batch : 3700, QuizBatchJoinDTO[password=1234]
    23:48:07.668 |  51 Pool-1-worker-25 | ERROR | tech.jhipster.web.util.HeaderUtil    : Entity processing failed, Cannot join batch in synchronized quiz

  Starting logs for QuizExerciseIntegrationTest > testCannotPerformJoinTwice(QuizMode) [2] quizMode=BATCHED
    23:48:07.682 |  51 Pool-1-worker-25 | DEBUG | d.t.c.a.a.c.u.util.UserUtilService   : Generate 1 students...
    23:48:07.685 |  51 Pool-1-worker-25 | DEBUG | d.t.c.a.a.c.u.util.UserUtilService   : 1 students generated. Generate 1 tutors...
    23:48:07.687 |  51 Pool-1-worker-25 | DEBUG | d.t.c.a.a.c.u.util.UserUtilService   : 1 tutors generated. Generate 1 editors...
    23:48:07.690 |  51 Pool-1-worker-25 | DEBUG | d.t.c.a.a.c.u.util.UserUtilService   : 1 editors generated. Generate 1 instructors...
    23:48:07.693 |  51 Pool-1-worker-25 | DEBUG | d.t.c.a.a.c.u.util.UserUtilService   : 1 instructors generated
    23:48:07.695 |  51 Pool-1-worker-25 | DEBUG | d.t.c.a.a.c.u.util.UserUtilService   : Removing 4 users from all courses...
    23:48:07.696 |  51 Pool-1-worker-25 | DEBUG | d.t.c.a.a.c.u.util.UserUtilService   : Removing 4 users from all courses. Done
    23:48:07.696 |  51 Pool-1-worker-25 | DEBUG | d.t.c.a.a.c.u.util.UserUtilService   : Save 4 users to database...
    23:48:07.700 |  51 Pool-1-worker-25 | DEBUG | d.t.c.a.a.c.u.util.UserUtilService   : Save 4 users to database. Done
    23:48:07.700 |  51 Pool-1-worker-25 | INFO  | i.z.t.d.l.EmbeddedDatabaseReporter   : JDBC URL to connect to 'dataSource': url='jdbc:h2:tcp://localhost:41063/mem:df70fc46-7e57-4cb5-9cd0-c1d90c14afa7;USER=sa', scope='QuizExerciseIntegrationTest#testCannotPerformJoinTwice'
    23:48:07.707 |  51 Pool-1-worker-25 | DEBUG | d.t.c.a.a.c.s.f.ApiVersionFilter     : Adding Version to Request POST /api/quiz-exercises/3701/start-participation
    23:48:07.709 |  51 Pool-1-worker-25 | DEBUG | .c.a.a.q.w.QuizParticipationResource : REST request to start quiz exercise participation : 3701
    23:48:07.741 |  51 Pool-1-worker-25 | DEBUG | d.t.c.a.a.c.s.f.ApiVersionFilter     : Adding Version to Request POST /api/quiz-exercises/3701/join
    23:48:07.742 |  51 Pool-1-worker-25 | INFO  | d.t.c.a.a.q.web.QuizExerciseResource : REST request to join quiz batch : 3701, QuizBatchJoinDTO[password=1234]
    23:48:07.749 |  51 Pool-1-worker-25 | DEBUG | d.t.c.a.a.c.s.f.ApiVersionFilter     : Adding Version to Request POST /api/quiz-exercises/3701/join
    23:48:07.749 |  51 Pool-1-worker-25 | INFO  | d.t.c.a.a.q.web.QuizExerciseResource : REST request to join quiz batch : 3701, QuizBatchJoinDTO[password=1234]
    23:48:07.752 |  51 Pool-1-worker-25 | ERROR | tech.jhipster.web.util.HeaderUtil    : Entity processing failed, User is already part of a batch

  Starting logs for QuizExerciseIntegrationTest > testCannotPerformJoinTwice(QuizMode) [3] quizMode=INDIVIDUAL
    23:48:07.766 |  51 Pool-1-worker-25 | DEBUG | d.t.c.a.a.c.u.util.UserUtilService   : Generate 1 students...
    23:48:07.769 |  51 Pool-1-worker-25 | DEBUG | d.t.c.a.a.c.u.util.UserUtilService   : 1 students generated. Generate 1 tutors...
    23:48:07.772 |  51 Pool-1-worker-25 | DEBUG | d.t.c.a.a.c.u.util.UserUtilService   : 1 tutors generated. Generate 1 editors...
    23:48:07.775 |  51 Pool-1-worker-25 | DEBUG | d.t.c.a.a.c.u.util.UserUtilService   : 1 editors generated. Generate 1 instructors...
    23:48:07.777 |  51 Pool-1-worker-25 | DEBUG | d.t.c.a.a.c.u.util.UserUtilService   : 1 instructors generated
    23:48:07.779 |  51 Pool-1-worker-25 | DEBUG | d.t.c.a.a.c.u.util.UserUtilService   : Removing 4 users from all courses...
    23:48:07.780 |  51 Pool-1-worker-25 | DEBUG | d.t.c.a.a.c.u.util.UserUtilService   : Removing 4 users from all courses. Done
    23:48:07.780 |  51 Pool-1-worker-25 | DEBUG | d.t.c.a.a.c.u.util.UserUtilService   : Save 4 users to database...
    23:48:07.783 |  51 Pool-1-worker-25 | DEBUG | d.t.c.a.a.c.u.util.UserUtilService   : Save 4 users to database. Done
    23:48:07.783 |  51 Pool-1-worker-25 | INFO  | i.z.t.d.l.EmbeddedDatabaseReporter   : JDBC URL to connect to 'dataSource': url='jdbc:h2:tcp://localhost:41063/mem:df70fc46-7e57-4cb5-9cd0-c1d90c14afa7;USER=sa', scope='QuizExerciseIntegrationTest#testCannotPerformJoinTwice'
    23:48:07.790 |  51 Pool-1-worker-25 | DEBUG | d.t.c.a.a.c.s.f.ApiVersionFilter     : Adding Version to Request POST /api/quiz-exercises/3702/start-participation
    23:48:07.792 |  51 Pool-1-worker-25 | DEBUG | .c.a.a.q.w.QuizParticipationResource : REST request to start quiz exercise participation : 3702
    23:48:07.825 |  51 Pool-1-worker-25 | DEBUG | d.t.c.a.a.c.s.f.ApiVersionFilter     : Adding Version to Request POST /api/quiz-exercises/3702/join
    23:48:07.825 |  51 Pool-1-worker-25 | INFO  | d.t.c.a.a.q.web.QuizExerciseResource : REST request to join quiz batch : 3702, QuizBatchJoinDTO[password=1234]
    23:48:07.832 |  51 Pool-1-worker-25 | DEBUG | d.t.c.a.a.c.s.f.ApiVersionFilter     : Adding Version to Request POST /api/quiz-exercises/3702/join
    23:48:07.832 |  51 Pool-1-worker-25 | INFO  | d.t.c.a.a.q.web.QuizExerciseResource : REST request to join quiz batch : 3702, QuizBatchJoinDTO[password=1234]
    23:48:07.836 |  51 Pool-1-worker-25 | ERROR | tech.jhipster.web.util.HeaderUtil    : Entity processing failed, User is already part of a batch

  Starting logs for QuizExerciseIntegrationTest > testUpdateQuizExerciseWithNotificationText()
    23:48:07.850 |  51 Pool-1-worker-25 | DEBUG | d.t.c.a.a.c.u.util.UserUtilService   : Generate 1 students...
    23:48:07.853 |  51 Pool-1-worker-25 | DEBUG | d.t.c.a.a.c.u.util.UserUtilService   : 1 students generated. Generate 1 tutors...
    23:48:07.855 |  51 Pool-1-worker-25 | DEBUG | d.t.c.a.a.c.u.util.UserUtilService   : 1 tutors generated. Generate 1 editors...
    23:48:07.858 |  51 Pool-1-worker-25 | DEBUG | d.t.c.a.a.c.u.util.UserUtilService   : 1 editors generated. Generate 1 instructors...
    23:48:07.861 |  51 Pool-1-worker-25 | DEBUG | d.t.c.a.a.c.u.util.UserUtilService   : 1 instructors generated
    23:48:07.863 |  51 Pool-1-worker-25 | DEBUG | d.t.c.a.a.c.u.util.UserUtilService   : Removing 4 users from all courses...
    23:48:07.864 |  51 Pool-1-worker-25 | DEBUG | d.t.c.a.a.c.u.util.UserUtilService   : Removing 4 users from all courses. Done
    23:48:07.864 |  51 Pool-1-worker-25 | DEBUG | d.t.c.a.a.c.u.util.UserUtilService   : Save 4 users to database...
    23:48:07.868 |  51 Pool-1-worker-25 | DEBUG | d.t.c.a.a.c.u.util.UserUtilService   : Save 4 users to database. Done
    23:48:07.868 |  51 Pool-1-worker-25 | INFO  | i.z.t.d.l.EmbeddedDatabaseReporter   : JDBC URL to connect to 'dataSource': url='jdbc:h2:tcp://localhost:41063/mem:df70fc46-7e57-4cb5-9cd0-c1d90c14afa7;USER=sa', scope='QuizExerciseIntegrationTest#testUpdateQuizExerciseWithNotificationText'
    23:48:07.870 |  51 Pool-1-worker-25 | DEBUG | d.t.c.a.a.c.s.f.ApiVersionFilter     : Adding Version to Request POST /api/quiz-exercises
    23:48:07.871 |  51 Pool-1-worker-25 | INFO  | d.t.c.a.a.q.web.QuizExerciseResource : REST request to create QuizExercise : QuizExercise{id=null, title='new quiz', randomizeQuestionOrder='true', allowedNumberOfAttempts='1', isOpenForPractice='false', releaseDate='2025-02-15T04:48:07.868548163Z', duration='3600', dueDate='null'}
    23:48:07.874 |  51 Pool-1-worker-25 | DEBUG | d.t.c.a.a.q.s.QuizExerciseService    : Save quiz exercise to database: QuizExercise{id=null, title='new quiz', randomizeQuestionOrder='true', allowedNumberOfAttempts='1', isOpenForPractice='false', releaseDate='2025-02-15T04:48:07.868548163Z', duration='3600', dueDate='2025-02-15T05:48:12.868548163Z'}
    23:48:07.886 |  51 Pool-1-worker-25 | INFO  | .c.s.m.InstanceMessageReceiveService : Received schedule quiz start for quiz exercise 3703
    23:48:07.888 |  51 Pool-1-worker-25 | DEBUG | t.c.a.a.e.s.ExerciseLifecycleService : Scheduled Task for Exercise "new quiz" (#3703) to trigger on START.
    23:48:07.888 |  51 Pool-1-worker-25 | DEBUG | t.c.a.a.e.s.ExerciseLifecycleService : Scheduled 1 Tasks for Exercise "new quiz" (#3703) to trigger on DUE.
    23:48:07.914 |  51 Pool-1-worker-25 | DEBUG | d.t.c.a.a.c.s.f.ApiVersionFilter     : Adding Version to Request PUT /api/quiz-exercises/3703
    23:48:07.915 |  51 Pool-1-worker-25 | INFO  | d.t.c.a.a.q.web.QuizExerciseResource : REST request to update quiz exercise : QuizExercise{id=3703, title='new quiz', randomizeQuestionOrder='true', allowedNumberOfAttempts='1', isOpenForPractice='false', releaseDate='2025-02-15T04:48:07.868548Z', duration='3600', dueDate='2025-02-15T05:48:12.868548Z'}
    23:48:07.918 |  51 Pool-1-worker-25 | WARN  | d.t.c.a.a.core.service.FileService   : Could not delete file /api/files/drag-and-drop/drag-items/620/dnd_image_2025-02-14T23-48-07-874_dragItemImage2.png. Error message: /api/files/drag-and-drop/drag-items/620/dnd_image_2025-02-14T23-48-07-874_dragItemImage2.png
    23:48:07.919 |  51 Pool-1-worker-25 | WARN  | d.t.c.a.a.core.service.FileService   : Could not delete file /api/files/drag-and-drop/drag-items/618/dnd_image_2025-02-14T23-48-07-874_dragItemImage1.png. Error message: /api/files/drag-and-drop/drag-items/618/dnd_image_2025-02-14T23-48-07-874_dragItemImage1.png
    23:48:07.919 |  51 Pool-1-worker-25 | DEBUG | d.t.c.a.a.q.s.QuizExerciseService    : Save quiz exercise to database: QuizExercise{id=3703, title='new quiz', randomizeQuestionOrder='true', allowedNumberOfAttempts='1', isOpenForPractice='false', releaseDate='2025-02-15T04:48:07.868548Z', duration='3600', dueDate='2025-02-15T05:48:12.868548Z'}
    23:48:07.920 |  51 Pool-1-worker-25 | WARN  | o.h.e.i.StatefulPersistenceContext   : HHH000179: Narrowing proxy to class de.tum.cit.aet.artemis.quiz.domain.MultipleChoiceQuestionStatistic - this operation breaks ==
    23:48:07.920 |  51 Pool-1-worker-25 | WARN  | o.h.e.i.StatefulPersistenceContext   : HHH000179: Narrowing proxy to class de.tum.cit.aet.artemis.quiz.domain.MultipleChoiceQuestionStatistic - this operation breaks ==
    23:48:07.922 |  51 Pool-1-worker-25 | WARN  | o.h.e.i.StatefulPersistenceContext   : HHH000179: Narrowing proxy to class de.tum.cit.aet.artemis.quiz.domain.DragAndDropQuestionStatistic - this operation breaks ==
    23:48:07.922 |  51 Pool-1-worker-25 | WARN  | o.h.e.i.StatefulPersistenceContext   : HHH000179: Narrowing proxy to class de.tum.cit.aet.artemis.quiz.domain.DragAndDropQuestionStatistic - this operation breaks ==
    23:48:07.923 |  51 Pool-1-worker-25 | WARN  | o.h.e.i.StatefulPersistenceContext   : HHH000179: Narrowing proxy to class de.tum.cit.aet.artemis.quiz.domain.ShortAnswerQuestionStatistic - this operation breaks ==
    23:48:07.923 |  51 Pool-1-worker-25 | WARN  | o.h.e.i.StatefulPersistenceContext   : HHH000179: Narrowing proxy to class de.tum.cit.aet.artemis.quiz.domain.ShortAnswerQuestionStatistic - this operation breaks ==
    23:48:07.933 |  51 Pool-1-worker-25 | INFO  | .c.s.m.InstanceMessageReceiveService : Received schedule quiz start for quiz exercise 3703
    23:48:07.934 |  51 Pool-1-worker-25 | DEBUG | d.t.c.a.a.c.service.ScheduleService  : Cancelling scheduled task START for Exercise (#3703).
    23:48:07.934 |  51 Pool-1-worker-25 | DEBUG | t.c.a.a.e.s.ExerciseLifecycleService : Scheduled Task for Exercise "new quiz" (#3703) to trigger on START.
    23:48:07.935 |  51 Pool-1-worker-25 | DEBUG | d.t.c.a.a.c.service.ScheduleService  : Cancelling scheduled task DUE for Exercise (#3703).
    23:48:07.935 |  51 Pool-1-worker-25 | DEBUG | t.c.a.a.e.s.ExerciseLifecycleService : Scheduled 1 Tasks for Exercise "new quiz" (#3703) to trigger on DUE.
    23:48:07.935 |  51 Pool-1-worker-25 | INFO  | d.t.c.a.a.e.service.ExerciseService  : User quizexerciseintegrationinstructor1 has updated QuizExercise new quiz with id 3703

  Starting logs for QuizExerciseIntegrationTest > testGetAllQuizExercisesAsNonTutorForbidden()
    23:48:07.949 |  51 Pool-1-worker-25 | DEBUG | d.t.c.a.a.c.u.util.UserUtilService   : Generate 1 students...
    23:48:07.952 |  51 Pool-1-worker-25 | DEBUG | d.t.c.a.a.c.u.util.UserUtilService   : 1 students generated. Generate 1 tutors...
    23:48:07.955 |  51 Pool-1-worker-25 | DEBUG | d.t.c.a.a.c.u.util.UserUtilService   : 1 tutors generated. Generate 1 editors...
    23:48:07.957 |  51 Pool-1-worker-25 | DEBUG | d.t.c.a.a.c.u.util.UserUtilService   : 1 editors generated. Generate 1 instructors...
    23:48:07.960 |  51 Pool-1-worker-25 | DEBUG | d.t.c.a.a.c.u.util.UserUtilService   : 1 instructors generated
    23:48:07.962 |  51 Pool-1-worker-25 | DEBUG | d.t.c.a.a.c.u.util.UserUtilService   : Removing 4 users from all courses...
    23:48:07.963 |  51 Pool-1-worker-25 | DEBUG | d.t.c.a.a.c.u.util.UserUtilService   : Removing 4 users from all courses. Done
    23:48:07.963 |  51 Pool-1-worker-25 | DEBUG | d.t.c.a.a.c.u.util.UserUtilService   : Save 4 users to database...
    23:48:07.967 |  51 Pool-1-worker-25 | DEBUG | d.t.c.a.a.c.u.util.UserUtilService   : Save 4 users to database. Done
    23:48:07.967 |  51 Pool-1-worker-25 | INFO  | i.z.t.d.l.EmbeddedDatabaseReporter   : JDBC URL to connect to 'dataSource': url='jdbc:h2:tcp://localhost:41063/mem:df70fc46-7e57-4cb5-9cd0-c1d90c14afa7;USER=sa', scope='QuizExerciseIntegrationTest#testGetAllQuizExercisesAsNonTutorForbidden'
    23:48:07.974 |  51 Pool-1-worker-25 | DEBUG | d.t.c.a.a.c.s.f.ApiVersionFilter     : Adding Version to Request GET /api/courses/2922/quiz-exercises
    23:48:07.976 |  51 Pool-1-worker-25 | WARN  | o.z.p.spring.common.AdviceTraits     : Forbidden: Access Denied

  Starting logs for QuizExerciseIntegrationTest > importQuizExerciseFromCourseToExam_forbidden()
    23:48:07.990 |  51 Pool-1-worker-25 | DEBUG | d.t.c.a.a.c.u.util.UserUtilService   : Generate 1 students...
    23:48:07.993 |  51 Pool-1-worker-25 | DEBUG | d.t.c.a.a.c.u.util.UserUtilService   : 1 students generated. Generate 1 tutors...
    23:48:07.996 |  51 Pool-1-worker-25 | DEBUG | d.t.c.a.a.c.u.util.UserUtilService   : 1 tutors generated. Generate 1 editors...
    23:48:07.998 |  51 Pool-1-worker-25 | DEBUG | d.t.c.a.a.c.u.util.UserUtilService   : 1 editors generated. Generate 1 instructors...
    23:48:08.001 |  51 Pool-1-worker-25 | DEBUG | d.t.c.a.a.c.u.util.UserUtilService   : 1 instructors generated
    23:48:08.004 |  51 Pool-1-worker-25 | DEBUG | d.t.c.a.a.c.u.util.UserUtilService   : Removing 4 users from all courses...
    23:48:08.005 |  51 Pool-1-worker-25 | DEBUG | d.t.c.a.a.c.u.util.UserUtilService   : Removing 4 users from all courses. Done
    23:48:08.005 |  51 Pool-1-worker-25 | DEBUG | d.t.c.a.a.c.u.util.UserUtilService   : Save 4 users to database...
    23:48:08.009 |  51 Pool-1-worker-25 | DEBUG | d.t.c.a.a.c.u.util.UserUtilService   : Save 4 users to database. Done
    23:48:08.009 |  51 Pool-1-worker-25 | INFO  | i.z.t.d.l.EmbeddedDatabaseReporter   : JDBC URL to connect to 'dataSource': url='jdbc:h2:tcp://localhost:41063/mem:df70fc46-7e57-4cb5-9cd0-c1d90c14afa7;USER=sa', scope='QuizExerciseIntegrationTest#importQuizExerciseFromCourseToExam_forbidden'
    23:48:08.011 |  51 Pool-1-worker-25 | INFO  | .c.a.a.c.s.TitleCacheEvictionService : Evicted entry '1' from title cache 'courseTitle'
    23:48:08.020 |  51 Pool-1-worker-25 | DEBUG | d.t.c.a.a.c.s.f.ApiVersionFilter     : Adding Version to Request POST /api/quiz-exercises/import/3705
    23:48:08.022 |  51 Pool-1-worker-25 | WARN  | o.z.p.spring.common.AdviceTraits     : Forbidden: Access Denied

  Starting logs for QuizExerciseIntegrationTest > testGetQuizExerciseForNonTutorNotInCourseForbidden()
    23:48:08.036 |  51 Pool-1-worker-25 | DEBUG | d.t.c.a.a.c.u.util.UserUtilService   : Generate 1 students...
    23:48:08.039 |  51 Pool-1-worker-25 | DEBUG | d.t.c.a.a.c.u.util.UserUtilService   : 1 students generated. Generate 1 tutors...
    23:48:08.042 |  51 Pool-1-worker-25 | DEBUG | d.t.c.a.a.c.u.util.UserUtilService   : 1 tutors generated. Generate 1 editors...
    23:48:08.045 |  51 Pool-1-worker-25 | DEBUG | d.t.c.a.a.c.u.util.UserUtilService   : 1 editors generated. Generate 1 instructors...
    23:48:08.047 |  51 Pool-1-worker-25 | DEBUG | d.t.c.a.a.c.u.util.UserUtilService   : 1 instructors generated
    23:48:08.050 |  51 Pool-1-worker-25 | DEBUG | d.t.c.a.a.c.u.util.UserUtilService   : Removing 4 users from all courses...
    23:48:08.051 |  51 Pool-1-worker-25 | DEBUG | d.t.c.a.a.c.u.util.UserUtilService   : Removing 4 users from all courses. Done
    23:48:08.051 |  51 Pool-1-worker-25 | DEBUG | d.t.c.a.a.c.u.util.UserUtilService   : Save 4 users to database...
    23:48:08.054 |  51 Pool-1-worker-25 | DEBUG | d.t.c.a.a.c.u.util.UserUtilService   : Save 4 users to database. Done
    23:48:08.055 |  51 Pool-1-worker-25 | INFO  | i.z.t.d.l.EmbeddedDatabaseReporter   : JDBC URL to connect to 'dataSource': url='jdbc:h2:tcp://localhost:41063/mem:df70fc46-7e57-4cb5-9cd0-c1d90c14afa7;USER=sa', scope='QuizExerciseIntegrationTest#testGetQuizExerciseForNonTutorNotInCourseForbidden'
    23:48:08.063 |  51 Pool-1-worker-25 | DEBUG | d.t.c.a.a.c.s.f.ApiVersionFilter     : Adding Version to Request GET /api/quiz-exercises/3706/for-student
    23:48:08.063 |  51 Pool-1-worker-25 | INFO  | d.t.c.a.a.q.web.QuizExerciseResource : REST request to get quiz exercise : 3706
    23:48:08.068 |  51 Pool-1-worker-25 | WARN  | o.z.p.spring.common.AdviceTraits     : Forbidden: You are not allowed to access this resource

  Starting logs for QuizExerciseIntegrationTest > testUnfinishedExamReEvaluateBadRequest()
    23:48:08.078 |  51 Pool-1-worker-25 | DEBUG | d.t.c.a.a.c.u.util.UserUtilService   : Generate 1 students...
    23:48:08.080 |  51 Pool-1-worker-25 | DEBUG | d.t.c.a.a.c.u.util.UserUtilService   : 1 students generated. Generate 1 tutors...
    23:48:08.083 |  51 Pool-1-worker-25 | DEBUG | d.t.c.a.a.c.u.util.UserUtilService   : 1 tutors generated. Generate 1 editors...
    23:48:08.085 |  51 Pool-1-worker-25 | DEBUG | d.t.c.a.a.c.u.util.UserUtilService   : 1 editors generated. Generate 1 instructors...
    23:48:08.087 |  51 Pool-1-worker-25 | DEBUG | d.t.c.a.a.c.u.util.UserUtilService   : 1 instructors generated
    23:48:08.088 |  51 Pool-1-worker-25 | DEBUG | d.t.c.a.a.c.u.util.UserUtilService   : Removing 3 users from all courses...
    23:48:08.089 |  51 Pool-1-worker-25 | DEBUG | d.t.c.a.a.c.u.util.UserUtilService   : Removing 3 users from all courses. Done
    23:48:08.089 |  51 Pool-1-worker-25 | DEBUG | d.t.c.a.a.c.u.util.UserUtilService   : Save 4 users to database...
    23:48:08.092 |  51 Pool-1-worker-25 | DEBUG | d.t.c.a.a.c.u.util.UserUtilService   : Save 4 users to database. Done
    23:48:08.093 |  51 Pool-1-worker-25 | INFO  | i.z.t.d.l.EmbeddedDatabaseReporter   : JDBC URL to connect to 'dataSource': url='jdbc:h2:tcp://localhost:41063/mem:df70fc46-7e57-4cb5-9cd0-c1d90c14afa7;USER=sa', scope='QuizExerciseIntegrationTest#testUnfinishedExamReEvaluateBadRequest'
    23:48:08.100 |  51 Pool-1-worker-25 | DEBUG | d.t.c.a.a.c.s.f.ApiVersionFilter     : Adding Version to Request PUT /api/quiz-exercises/3707/re-evaluate
    23:48:08.103 |  51 Pool-1-worker-25 | INFO  | d.t.c.a.a.q.web.QuizExerciseResource : REST request to re-evaluate quiz exercise : 3707
    23:48:08.108 |  51 Pool-1-worker-25 | ERROR | tech.jhipster.web.util.HeaderUtil    : Entity processing failed, The exam of the quiz exercise has not ended yet. Re-evaluation is only allowed after an exam has ended.
    23:48:08.108 |  51 Pool-1-worker-25 | WARN  | o.z.p.spring.common.AdviceTraits     : Bad Request: The exam of the quiz exercise has not ended yet. Re-evaluation is only allowed after an exam has ended.

  Starting logs for QuizExerciseIntegrationTest > testImportQuizExerciseChangeQuizMode()
    23:48:08.120 |  51 Pool-1-worker-25 | DEBUG | d.t.c.a.a.c.u.util.UserUtilService   : Generate 1 students...
    23:48:08.123 |  51 Pool-1-worker-25 | DEBUG | d.t.c.a.a.c.u.util.UserUtilService   : 1 students generated. Generate 1 tutors...
    23:48:08.125 |  51 Pool-1-worker-25 | DEBUG | d.t.c.a.a.c.u.util.UserUtilService   : 1 tutors generated. Generate 1 editors...
    23:48:08.127 |  51 Pool-1-worker-25 | DEBUG | d.t.c.a.a.c.u.util.UserUtilService   : 1 editors generated. Generate 1 instructors...
    23:48:08.129 |  51 Pool-1-worker-25 | DEBUG | d.t.c.a.a.c.u.util.UserUtilService   : 1 instructors generated
    23:48:08.131 |  51 Pool-1-worker-25 | DEBUG | d.t.c.a.a.c.u.util.UserUtilService   : Removing 4 users from all courses...
    23:48:08.131 |  51 Pool-1-worker-25 | DEBUG | d.t.c.a.a.c.u.util.UserUtilService   : Removing 4 users from all courses. Done
    23:48:08.131 |  51 Pool-1-worker-25 | DEBUG | d.t.c.a.a.c.u.util.UserUtilService   : Save 4 users to database...
    23:48:08.134 |  51 Pool-1-worker-25 | DEBUG | d.t.c.a.a.c.u.util.UserUtilService   : Save 4 users to database. Done
    23:48:08.135 |  51 Pool-1-worker-25 | INFO  | i.z.t.d.l.EmbeddedDatabaseReporter   : JDBC URL to connect to 'dataSource': url='jdbc:h2:tcp://localhost:41063/mem:df70fc46-7e57-4cb5-9cd0-c1d90c14afa7;USER=sa', scope='QuizExerciseIntegrationTest#testImportQuizExerciseChangeQuizMode'
    23:48:08.140 |  51 Pool-1-worker-25 | DEBUG | d.t.c.a.a.q.s.QuizExerciseService    : Save quiz exercise to database: QuizExercise{id=null, title='new quiz', randomizeQuestionOrder='true', allowedNumberOfAttempts='1', isOpenForPractice='false', releaseDate='2025-02-15T01:48:08.135077769Z[Etc/UTC]', duration='120', dueDate='2025-02-15T01:50:13.135077769Z[Etc/UTC]'}
    23:48:08.152 |  51 Pool-1-worker-25 | INFO  | .c.s.m.InstanceMessageReceiveService : Received schedule quiz start for quiz exercise 3708
    23:48:08.154 |  51 Pool-1-worker-25 | DEBUG | t.c.a.a.e.s.ExerciseLifecycleService : Scheduled Task for Exercise "new quiz" (#3708) to trigger on START.
    23:48:08.154 |  51 Pool-1-worker-25 | DEBUG | t.c.a.a.e.s.ExerciseLifecycleService : Scheduled 1 Tasks for Exercise "new quiz" (#3708) to trigger on DUE.
    23:48:08.160 |  51 Pool-1-worker-25 | DEBUG | d.t.c.a.a.c.s.f.ApiVersionFilter     : Adding Version to Request POST /api/quiz-exercises/import/3708
    23:48:08.162 |  51 Pool-1-worker-25 | INFO  | d.t.c.a.a.q.web.QuizExerciseResource : REST request to import from quiz exercise : 3708
    23:48:08.163 |  51 Pool-1-worker-25 | DEBUG | .c.a.a.q.s.QuizExerciseImportService : Creating a new Exercise based on exercise QuizExercise{id=3708, title='new quiz', randomizeQuestionOrder='true', allowedNumberOfAttempts='1', isOpenForPractice='false', releaseDate='2025-02-15T01:48:08.135078Z', duration='120', dueDate='2025-02-15T01:50:13.135078Z'}
    23:48:08.163 |  51 Pool-1-worker-25 | DEBUG | .c.a.a.q.s.QuizExerciseImportService : Copying the exercise basis from QuizExercise{id=3708, title='new quiz', randomizeQuestionOrder='true', allowedNumberOfAttempts='1', isOpenForPractice='false', releaseDate='2025-02-15T01:48:08.135078Z', duration='120', dueDate='2025-02-15T01:50:13.135078Z'}
    23:48:08.163 |  51 Pool-1-worker-25 | DEBUG | .c.a.a.q.s.QuizExerciseImportService : Copying the QuizQuestions to new QuizExercise: QuizExercise{id=null, title='new quiz', randomizeQuestionOrder='true', allowedNumberOfAttempts='1', isOpenForPractice='false', releaseDate='2025-02-15T01:48:08.135078Z', duration='120', dueDate='2025-02-15T01:50:13.135078Z'}
    23:48:08.163 |  51 Pool-1-worker-25 | WARN  | .c.a.a.q.s.QuizExerciseImportService : BackgroundFilePath of DragAndDropQuestion null is null
    23:48:08.164 |  51 Pool-1-worker-25 | DEBUG | d.t.c.a.a.core.service.FileService   : Moved File from uploads/images/drag-and-drop/drag-items/dnd_image_2025-02-14T23-48-08-136_dragItemImage2.png to uploads/images/drag-and-drop/drag-items/DragItem_2025-02-14T23-48-08-163_4f5f3c06.png
    23:48:08.164 |  51 Pool-1-worker-25 | DEBUG | d.t.c.a.a.core.service.FileService   : Moved File from uploads/images/drag-and-drop/drag-items/dnd_image_2025-02-14T23-48-08-140_dragItemImage4.png to uploads/images/drag-and-drop/drag-items/DragItem_2025-02-14T23-48-08-164_5c575235.png
    23:48:08.164 |  51 Pool-1-worker-25 | DEBUG | .c.a.a.q.s.QuizExerciseImportService : Copying the QuizBatches to new QuizExercise: QuizExercise{id=null, title='new quiz', randomizeQuestionOrder='true', allowedNumberOfAttempts='1', isOpenForPractice='false', releaseDate='2025-02-15T01:48:08.135078Z', duration='120', dueDate='2025-02-15T01:50:13.135078Z'}
    23:48:08.164 |  51 Pool-1-worker-25 | DEBUG | d.t.c.a.a.q.s.QuizExerciseService    : Save quiz exercise to database: QuizExercise{id=null, title='new quiz', randomizeQuestionOrder='true', allowedNumberOfAttempts='1', isOpenForPractice='false', releaseDate='2025-02-15T01:48:08.135078Z', duration='120', dueDate='2025-02-15T01:50:13.135078Z'}
    23:48:08.173 |  51 Pool-1-worker-25 | INFO  | .c.s.m.InstanceMessageReceiveService : Received schedule quiz start for quiz exercise 3709
    23:48:08.174 |  51 Pool-1-worker-25 | DEBUG | t.c.a.a.e.s.ExerciseLifecycleService : Scheduled 1 Tasks for Exercise "new quiz" (#3709) to trigger on DUE.

  Starting logs for QuizExerciseIntegrationTest > updateQuizExercise_dragAndDrop_withFileChanges()
    23:48:08.247 |  51 Pool-1-worker-25 | DEBUG | d.t.c.a.a.c.u.util.UserUtilService   : Generate 1 students...
    23:48:08.250 |  51 Pool-1-worker-25 | DEBUG | d.t.c.a.a.c.u.util.UserUtilService   : 1 students generated. Generate 1 tutors...
    23:48:08.252 |  51 Pool-1-worker-25 | DEBUG | d.t.c.a.a.c.u.util.UserUtilService   : 1 tutors generated. Generate 1 editors...
    23:48:08.255 |  51 Pool-1-worker-25 | DEBUG | d.t.c.a.a.c.u.util.UserUtilService   : 1 editors generated. Generate 1 instructors...
    23:48:08.257 |  51 Pool-1-worker-25 | DEBUG | d.t.c.a.a.c.u.util.UserUtilService   : 1 instructors generated
    23:48:08.259 |  51 Pool-1-worker-25 | DEBUG | d.t.c.a.a.c.u.util.UserUtilService   : Removing 4 users from all courses...
    23:48:08.259 |  51 Pool-1-worker-25 | DEBUG | d.t.c.a.a.c.u.util.UserUtilService   : Removing 4 users from all courses. Done
    23:48:08.259 |  51 Pool-1-worker-25 | DEBUG | d.t.c.a.a.c.u.util.UserUtilService   : Save 4 users to database...
    23:48:08.261 |  51 Pool-1-worker-25 | DEBUG | d.t.c.a.a.c.u.util.UserUtilService   : Save 4 users to database. Done
    23:48:08.262 |  51 Pool-1-worker-25 | INFO  | i.z.t.d.l.EmbeddedDatabaseReporter   : JDBC URL to connect to 'dataSource': url='jdbc:h2:tcp://localhost:41063/mem:df70fc46-7e57-4cb5-9cd0-c1d90c14afa7;USER=sa', scope='QuizExerciseIntegrationTest#updateQuizExercise_dragAndDrop_withFileChanges'
    23:48:08.264 |  51 Pool-1-worker-25 | DEBUG | d.t.c.a.a.c.s.f.ApiVersionFilter     : Adding Version to Request POST /api/quiz-exercises
    23:48:08.265 |  51 Pool-1-worker-25 | INFO  | d.t.c.a.a.q.web.QuizExerciseResource : REST request to create QuizExercise : QuizExercise{id=null, title='new quiz', randomizeQuestionOrder='true', allowedNumberOfAttempts='1', isOpenForPractice='false', releaseDate='2025-02-15T04:48:08.262138527Z', duration='3600', dueDate='null'}
    23:48:08.269 |  51 Pool-1-worker-25 | DEBUG | d.t.c.a.a.q.s.QuizExerciseService    : Save quiz exercise to database: QuizExercise{id=null, title='new quiz', randomizeQuestionOrder='true', allowedNumberOfAttempts='1', isOpenForPractice='false', releaseDate='2025-02-15T04:48:08.262138527Z', duration='3600', dueDate='2025-02-15T05:48:13.262138527Z'}
    23:48:08.281 |  51 Pool-1-worker-25 | INFO  | .c.s.m.InstanceMessageReceiveService : Received schedule quiz start for quiz exercise 3710
    23:48:08.283 |  51 Pool-1-worker-25 | DEBUG | t.c.a.a.e.s.ExerciseLifecycleService : Scheduled Task for Exercise "new quiz" (#3710) to trigger on START.
    23:48:08.283 |  51 Pool-1-worker-25 | DEBUG | t.c.a.a.e.s.ExerciseLifecycleService : Scheduled 1 Tasks for Exercise "new quiz" (#3710) to trigger on DUE.
    23:48:08.306 |  51 Pool-1-worker-25 | DEBUG | d.t.c.a.a.c.s.f.ApiVersionFilter     : Adding Version to Request PUT /api/quiz-exercises/3710
    23:48:08.309 |  51 Pool-1-worker-25 | INFO  | d.t.c.a.a.q.web.QuizExerciseResource : REST request to update quiz exercise : QuizExercise{id=3710, title='new quiz', randomizeQuestionOrder='true', allowedNumberOfAttempts='1', isOpenForPractice='false', releaseDate='2025-02-15T04:48:08.262139Z', duration='3600', dueDate='2025-02-15T05:48:13.262139Z'}
    23:48:08.314 |  51 Pool-1-worker-25 | WARN  | d.t.c.a.a.core.service.FileService   : Could not delete file /api/files/drag-and-drop/drag-items/648/dnd_image_2025-02-14T23-48-08-269_dragItemImage2.png. Error message: /api/files/drag-and-drop/drag-items/648/dnd_image_2025-02-14T23-48-08-269_dragItemImage2.png
    23:48:08.314 |  51 Pool-1-worker-25 | WARN  | d.t.c.a.a.core.service.FileService   : Could not delete file /api/files/drag-and-drop/backgrounds/492/dnd_image_2025-02-14T23-48-08-268_backgroundImage0.jpg. Error message: /api/files/drag-and-drop/backgrounds/492/dnd_image_2025-02-14T23-48-08-268_backgroundImage0.jpg
    23:48:08.314 |  51 Pool-1-worker-25 | WARN  | d.t.c.a.a.core.service.FileService   : Could not delete file /api/files/drag-and-drop/drag-items/646/dnd_image_2025-02-14T23-48-08-268_dragItemImage1.png. Error message: /api/files/drag-and-drop/drag-items/646/dnd_image_2025-02-14T23-48-08-268_dragItemImage1.png
    23:48:08.314 |  51 Pool-1-worker-25 | DEBUG | d.t.c.a.a.q.s.QuizExerciseService    : Save quiz exercise to database: QuizExercise{id=3710, title='new quiz', randomizeQuestionOrder='true', allowedNumberOfAttempts='1', isOpenForPractice='false', releaseDate='2025-02-15T04:48:08.262139Z', duration='3600', dueDate='2025-02-15T05:48:13.262139Z'}
    23:48:08.316 |  51 Pool-1-worker-25 | WARN  | o.h.e.i.StatefulPersistenceContext   : HHH000179: Narrowing proxy to class de.tum.cit.aet.artemis.quiz.domain.MultipleChoiceQuestionStatistic - this operation breaks ==
    23:48:08.316 |  51 Pool-1-worker-25 | WARN  | o.h.e.i.StatefulPersistenceContext   : HHH000179: Narrowing proxy to class de.tum.cit.aet.artemis.quiz.domain.MultipleChoiceQuestionStatistic - this operation breaks ==
    23:48:08.319 |  51 Pool-1-worker-25 | WARN  | o.h.e.i.StatefulPersistenceContext   : HHH000179: Narrowing proxy to class de.tum.cit.aet.artemis.quiz.domain.DragAndDropQuestionStatistic - this operation breaks ==
    23:48:08.319 |  51 Pool-1-worker-25 | WARN  | o.h.e.i.StatefulPersistenceContext   : HHH000179: Narrowing proxy to class de.tum.cit.aet.artemis.quiz.domain.DragAndDropQuestionStatistic - this operation breaks ==
    23:48:08.321 |  51 Pool-1-worker-25 | WARN  | o.h.e.i.StatefulPersistenceContext   : HHH000179: Narrowing proxy to class de.tum.cit.aet.artemis.quiz.domain.ShortAnswerQuestionStatistic - this operation breaks ==
    23:48:08.321 |  51 Pool-1-worker-25 | WARN  | o.h.e.i.StatefulPersistenceContext   : HHH000179: Narrowing proxy to class de.tum.cit.aet.artemis.quiz.domain.ShortAnswerQuestionStatistic - this operation breaks ==
    23:48:08.334 |  51 Pool-1-worker-25 | INFO  | .c.s.m.InstanceMessageReceiveService : Received schedule quiz start for quiz exercise 3710
    23:48:08.336 |  51 Pool-1-worker-25 | DEBUG | d.t.c.a.a.c.service.ScheduleService  : Cancelling scheduled task START for Exercise (#3710).
    23:48:08.336 |  51 Pool-1-worker-25 | DEBUG | t.c.a.a.e.s.ExerciseLifecycleService : Scheduled Task for Exercise "new quiz" (#3710) to trigger on START.
    23:48:08.336 |  51 Pool-1-worker-25 | DEBUG | d.t.c.a.a.c.service.ScheduleService  : Cancelling scheduled task DUE for Exercise (#3710).
    23:48:08.336 |  51 Pool-1-worker-25 | DEBUG | t.c.a.a.e.s.ExerciseLifecycleService : Scheduled 1 Tasks for Exercise "new quiz" (#3710) to trigger on DUE.
    23:48:08.337 |  51 Pool-1-worker-25 | INFO  | d.t.c.a.a.e.service.ExerciseService  : User quizexerciseintegrationinstructor1 has updated QuizExercise new quiz with id 3710

  Starting logs for QuizExerciseIntegrationTest > testDeleteQuizExercise(QuizMode) [1] quizMode=SYNCHRONIZED
    23:48:08.358 |  51 Pool-1-worker-25 | DEBUG | d.t.c.a.a.c.u.util.UserUtilService   : Generate 1 students...
    23:48:08.361 |  51 Pool-1-worker-25 | DEBUG | d.t.c.a.a.c.u.util.UserUtilService   : 1 students generated. Generate 1 tutors...
    23:48:08.364 |  51 Pool-1-worker-25 | DEBUG | d.t.c.a.a.c.u.util.UserUtilService   : 1 tutors generated. Generate 1 editors...
    23:48:08.367 |  51 Pool-1-worker-25 | DEBUG | d.t.c.a.a.c.u.util.UserUtilService   : 1 editors generated. Generate 1 instructors...
    23:48:08.369 |  51 Pool-1-worker-25 | DEBUG | d.t.c.a.a.c.u.util.UserUtilService   : 1 instructors generated
    23:48:08.372 |  51 Pool-1-worker-25 | DEBUG | d.t.c.a.a.c.u.util.UserUtilService   : Removing 4 users from all courses...
    23:48:08.372 |  51 Pool-1-worker-25 | DEBUG | d.t.c.a.a.c.u.util.UserUtilService   : Removing 4 users from all courses. Done
    23:48:08.372 |  51 Pool-1-worker-25 | DEBUG | d.t.c.a.a.c.u.util.UserUtilService   : Save 4 users to database...
    23:48:08.376 |  51 Pool-1-worker-25 | DEBUG | d.t.c.a.a.c.u.util.UserUtilService   : Save 4 users to database. Done
    23:48:08.376 |  51 Pool-1-worker-25 | INFO  | i.z.t.d.l.EmbeddedDatabaseReporter   : JDBC URL to connect to 'dataSource': url='jdbc:h2:tcp://localhost:41063/mem:df70fc46-7e57-4cb5-9cd0-c1d90c14afa7;USER=sa', scope='QuizExerciseIntegrationTest#testDeleteQuizExercise'
    23:48:08.386 |  51 Pool-1-worker-25 | DEBUG | d.t.c.a.a.c.s.f.ApiVersionFilter     : Adding Version to Request DELETE /api/quiz-exercises/3711
    23:48:08.388 |  51 Pool-1-worker-25 | INFO  | d.t.c.a.a.q.web.QuizExerciseResource : REST request to delete quiz exercise : 3711
    23:48:08.391 |  51 Pool-1-worker-25 | WARN  | d.t.c.a.a.q.web.QuizExerciseResource : Could not find file dragItemImage2.png for deletion
    23:48:08.391 |  51 Pool-1-worker-25 | WARN  | d.t.c.a.a.q.web.QuizExerciseResource : Could not find file dragItemImage4.png for deletion
    23:48:08.391 |  51 Pool-1-worker-25 | INFO  | d.t.c.a.a.e.service.ExerciseService  : User quizexerciseintegrationinstructor1 has requested to delete QuizExercise new quiz with id 3711
    23:48:08.392 |  51 Pool-1-worker-25 | INFO  | .t.c.a.a.e.s.ExerciseDeletionService : Request to delete QuizExercise with id 3711
    23:48:08.393 |  51 Pool-1-worker-25 | INFO  | .t.c.a.a.e.s.ExerciseDeletionService : Deleting the channel took 482µs
    23:48:08.395 |  51 Pool-1-worker-25 | INFO  | d.t.c.a.a.e.s.ParticipationService   : Request to delete all 0 participations of exercise with id : 3711
    23:48:08.406 |  51 Pool-1-worker-25 | WARN  | d.t.c.a.artemis.quiz.domain.DragItem : Could not delete file with path dragItemImage2.png. Assume already deleted, DragAndDropQuestion 650 can be removed.
    23:48:08.406 |  51 Pool-1-worker-25 | WARN  | d.t.c.a.artemis.quiz.domain.DragItem : Could not delete file with path dragItemImage4.png. Assume already deleted, DragAndDropQuestion 652 can be removed.
    23:48:08.407 |  51 Pool-1-worker-25 | INFO  | .c.a.a.c.s.TitleCacheEvictionService : Evicted entry '3711' from title cache 'exerciseTitle'
    23:48:08.409 |  51 Pool-1-worker-25 | INFO  | .c.s.m.InstanceMessageReceiveService : Received cancel quiz start for quiz exercise 3711

  Starting logs for QuizExerciseIntegrationTest > testDeleteQuizExercise(QuizMode) [2] quizMode=BATCHED
    23:48:08.425 |  51 Pool-1-worker-25 | DEBUG | d.t.c.a.a.c.u.util.UserUtilService   : Generate 1 students...
    23:48:08.429 |  51 Pool-1-worker-25 | DEBUG | d.t.c.a.a.c.u.util.UserUtilService   : 1 students generated. Generate 1 tutors...
    23:48:08.432 |  51 Pool-1-worker-25 | DEBUG | d.t.c.a.a.c.u.util.UserUtilService   : 1 tutors generated. Generate 1 editors...
    23:48:08.434 |  51 Pool-1-worker-25 | DEBUG | d.t.c.a.a.c.u.util.UserUtilService   : 1 editors generated. Generate 1 instructors...
    23:48:08.437 |  51 Pool-1-worker-25 | DEBUG | d.t.c.a.a.c.u.util.UserUtilService   : 1 instructors generated
    23:48:08.439 |  51 Pool-1-worker-25 | DEBUG | d.t.c.a.a.c.u.util.UserUtilService   : Removing 4 users from all courses...
    23:48:08.440 |  51 Pool-1-worker-25 | DEBUG | d.t.c.a.a.c.u.util.UserUtilService   : Removing 4 users from all courses. Done
    23:48:08.440 |  51 Pool-1-worker-25 | DEBUG | d.t.c.a.a.c.u.util.UserUtilService   : Save 4 users to database...
    23:48:08.444 |  51 Pool-1-worker-25 | DEBUG | d.t.c.a.a.c.u.util.UserUtilService   : Save 4 users to database. Done
    23:48:08.444 |  51 Pool-1-worker-25 | INFO  | i.z.t.d.l.EmbeddedDatabaseReporter   : JDBC URL to connect to 'dataSource': url='jdbc:h2:tcp://localhost:41063/mem:df70fc46-7e57-4cb5-9cd0-c1d90c14afa7;USER=sa', scope='QuizExerciseIntegrationTest#testDeleteQuizExercise'
    23:48:08.454 |  51 Pool-1-worker-25 | DEBUG | d.t.c.a.a.c.s.f.ApiVersionFilter     : Adding Version to Request DELETE /api/quiz-exercises/3712
    23:48:08.455 |  51 Pool-1-worker-25 | INFO  | d.t.c.a.a.q.web.QuizExerciseResource : REST request to delete quiz exercise : 3712
    23:48:08.458 |  51 Pool-1-worker-25 | WARN  | d.t.c.a.a.q.web.QuizExerciseResource : Could not find file dragItemImage2.png for deletion
    23:48:08.458 |  51 Pool-1-worker-25 | WARN  | d.t.c.a.a.q.web.QuizExerciseResource : Could not find file dragItemImage4.png for deletion
    23:48:08.458 |  51 Pool-1-worker-25 | INFO  | d.t.c.a.a.e.service.ExerciseService  : User quizexerciseintegrationinstructor1 has requested to delete QuizExercise new quiz with id 3712
    23:48:08.459 |  51 Pool-1-worker-25 | INFO  | .t.c.a.a.e.s.ExerciseDeletionService : Request to delete QuizExercise with id 3712
    23:48:08.460 |  51 Pool-1-worker-25 | INFO  | .t.c.a.a.e.s.ExerciseDeletionService : Deleting the channel took 354µs
    23:48:08.462 |  51 Pool-1-worker-25 | INFO  | d.t.c.a.a.e.s.ParticipationService   : Request to delete all 0 participations of exercise with id : 3712
    23:48:08.473 |  51 Pool-1-worker-25 | WARN  | d.t.c.a.artemis.quiz.domain.DragItem : Could not delete file with path dragItemImage2.png. Assume already deleted, DragAndDropQuestion 654 can be removed.
    23:48:08.473 |  51 Pool-1-worker-25 | WARN  | d.t.c.a.artemis.quiz.domain.DragItem : Could not delete file with path dragItemImage4.png. Assume already deleted, DragAndDropQuestion 656 can be removed.
    23:48:08.474 |  51 Pool-1-worker-25 | INFO  | .c.a.a.c.s.TitleCacheEvictionService : Evicted entry '3712' from title cache 'exerciseTitle'
    23:48:08.476 |  51 Pool-1-worker-25 | INFO  | .c.s.m.InstanceMessageReceiveService : Received cancel quiz start for quiz exercise 3712

  Starting logs for QuizExerciseIntegrationTest > testDeleteQuizExercise(QuizMode) [3] quizMode=INDIVIDUAL
    23:48:08.492 |  51 Pool-1-worker-25 | DEBUG | d.t.c.a.a.c.u.util.UserUtilService   : Generate 1 students...
    23:48:08.495 |  51 Pool-1-worker-25 | DEBUG | d.t.c.a.a.c.u.util.UserUtilService   : 1 students generated. Generate 1 tutors...
    23:48:08.497 |  51 Pool-1-worker-25 | DEBUG | d.t.c.a.a.c.u.util.UserUtilService   : 1 tutors generated. Generate 1 editors...
    23:48:08.500 |  51 Pool-1-worker-25 | DEBUG | d.t.c.a.a.c.u.util.UserUtilService   : 1 editors generated. Generate 1 instructors...
    23:48:08.502 |  51 Pool-1-worker-25 | DEBUG | d.t.c.a.a.c.u.util.UserUtilService   : 1 instructors generated
    23:48:08.505 |  51 Pool-1-worker-25 | DEBUG | d.t.c.a.a.c.u.util.UserUtilService   : Removing 4 users from all courses...
    23:48:08.505 |  51 Pool-1-worker-25 | DEBUG | d.t.c.a.a.c.u.util.UserUtilService   : Removing 4 users from all courses. Done
    23:48:08.505 |  51 Pool-1-worker-25 | DEBUG | d.t.c.a.a.c.u.util.UserUtilService   : Save 4 users to database...
    23:48:08.509 |  51 Pool-1-worker-25 | DEBUG | d.t.c.a.a.c.u.util.UserUtilService   : Save 4 users to database. Done
    23:48:08.509 |  51 Pool-1-worker-25 | INFO  | i.z.t.d.l.EmbeddedDatabaseReporter   : JDBC URL to connect to 'dataSource': url='jdbc:h2:tcp://localhost:41063/mem:df70fc46-7e57-4cb5-9cd0-c1d90c14afa7;USER=sa', scope='QuizExerciseIntegrationTest#testDeleteQuizExercise'
    23:48:08.519 |  51 Pool-1-worker-25 | DEBUG | d.t.c.a.a.c.s.f.ApiVersionFilter     : Adding Version to Request DELETE /api/quiz-exercises/3713
    23:48:08.520 |  51 Pool-1-worker-25 | INFO  | d.t.c.a.a.q.web.QuizExerciseResource : REST request to delete quiz exercise : 3713
    23:48:08.523 |  51 Pool-1-worker-25 | WARN  | d.t.c.a.a.q.web.QuizExerciseResource : Could not find file dragItemImage2.png for deletion
    23:48:08.523 |  51 Pool-1-worker-25 | WARN  | d.t.c.a.a.q.web.QuizExerciseResource : Could not find file dragItemImage4.png for deletion
    23:48:08.524 |  51 Pool-1-worker-25 | INFO  | d.t.c.a.a.e.service.ExerciseService  : User quizexerciseintegrationinstructor1 has requested to delete QuizExercise new quiz with id 3713
    23:48:08.525 |  51 Pool-1-worker-25 | INFO  | .t.c.a.a.e.s.ExerciseDeletionService : Request to delete QuizExercise with id 3713
    23:48:08.525 |  51 Pool-1-worker-25 | INFO  | .t.c.a.a.e.s.ExerciseDeletionService : Deleting the channel took 347µs
    23:48:08.527 |  51 Pool-1-worker-25 | INFO  | d.t.c.a.a.e.s.ParticipationService   : Request to delete all 0 participations of exercise with id : 3713
    23:48:08.538 |  51 Pool-1-worker-25 | WARN  | d.t.c.a.artemis.quiz.domain.DragItem : Could not delete file with path dragItemImage2.png. Assume already deleted, DragAndDropQuestion 658 can be removed.
    23:48:08.538 |  51 Pool-1-worker-25 | WARN  | d.t.c.a.artemis.quiz.domain.DragItem : Could not delete file with path dragItemImage4.png. Assume already deleted, DragAndDropQuestion 660 can be removed.
    23:48:08.540 |  51 Pool-1-worker-25 | INFO  | .c.a.a.c.s.TitleCacheEvictionService : Evicted entry '3713' from title cache 'exerciseTitle'
    23:48:08.541 |  51 Pool-1-worker-25 | INFO  | .c.s.m.InstanceMessageReceiveService : Received cancel quiz start for quiz exercise 3713

  Starting logs for QuizExerciseIntegrationTest > testPerformPutActionAsNonEditorForbidden(String) [1] action=start-now
    23:48:08.557 |  51 Pool-1-worker-25 | DEBUG | d.t.c.a.a.c.u.util.UserUtilService   : Generate 1 students...
    23:48:08.560 |  51 Pool-1-worker-25 | DEBUG | d.t.c.a.a.c.u.util.UserUtilService   : 1 students generated. Generate 1 tutors...
    23:48:08.563 |  51 Pool-1-worker-25 | DEBUG | d.t.c.a.a.c.u.util.UserUtilService   : 1 tutors generated. Generate 1 editors...
    23:48:08.566 |  51 Pool-1-worker-25 | DEBUG | d.t.c.a.a.c.u.util.UserUtilService   : 1 editors generated. Generate 1 instructors...
    23:48:08.568 |  51 Pool-1-worker-25 | DEBUG | d.t.c.a.a.c.u.util.UserUtilService   : 1 instructors generated
    23:48:08.571 |  51 Pool-1-worker-25 | DEBUG | d.t.c.a.a.c.u.util.UserUtilService   : Removing 4 users from all courses...
    23:48:08.572 |  51 Pool-1-worker-25 | DEBUG | d.t.c.a.a.c.u.util.UserUtilService   : Removing 4 users from all courses. Done
    23:48:08.572 |  51 Pool-1-worker-25 | DEBUG | d.t.c.a.a.c.u.util.UserUtilService   : Save 4 users to database...
    23:48:08.575 |  51 Pool-1-worker-25 | DEBUG | d.t.c.a.a.c.u.util.UserUtilService   : Save 4 users to database. Done
    23:48:08.575 |  51 Pool-1-worker-25 | INFO  | i.z.t.d.l.EmbeddedDatabaseReporter   : JDBC URL to connect to 'dataSource': url='jdbc:h2:tcp://localhost:41063/mem:df70fc46-7e57-4cb5-9cd0-c1d90c14afa7;USER=sa', scope='QuizExerciseIntegrationTest#testPerformPutActionAsNonEditorForbidden'
    23:48:08.583 |  51 Pool-1-worker-25 | DEBUG | d.t.c.a.a.c.s.f.ApiVersionFilter     : Adding Version to Request PUT /api/quiz-exercises/3714/start-now
    23:48:08.584 |  51 Pool-1-worker-25 | WARN  | o.z.p.spring.common.AdviceTraits     : Forbidden: Access Denied

  Starting logs for QuizExerciseIntegrationTest > testPerformPutActionAsNonEditorForbidden(String) [2] action=set-visible
    23:48:08.598 |  51 Pool-1-worker-25 | DEBUG | d.t.c.a.a.c.u.util.UserUtilService   : Generate 1 students...
    23:48:08.601 |  51 Pool-1-worker-25 | DEBUG | d.t.c.a.a.c.u.util.UserUtilService   : 1 students generated. Generate 1 tutors...
    23:48:08.604 |  51 Pool-1-worker-25 | DEBUG | d.t.c.a.a.c.u.util.UserUtilService   : 1 tutors generated. Generate 1 editors...
    23:48:08.607 |  51 Pool-1-worker-25 | DEBUG | d.t.c.a.a.c.u.util.UserUtilService   : 1 editors generated. Generate 1 instructors...
    23:48:08.609 |  51 Pool-1-worker-25 | DEBUG | d.t.c.a.a.c.u.util.UserUtilService   : 1 instructors generated
    23:48:08.611 |  51 Pool-1-worker-25 | DEBUG | d.t.c.a.a.c.u.util.UserUtilService   : Removing 4 users from all courses...
    23:48:08.611 |  51 Pool-1-worker-25 | DEBUG | d.t.c.a.a.c.u.util.UserUtilService   : Removing 4 users from all courses. Done
    23:48:08.611 |  51 Pool-1-worker-25 | DEBUG | d.t.c.a.a.c.u.util.UserUtilService   : Save 4 users to database...
    23:48:08.615 |  51 Pool-1-worker-25 | DEBUG | d.t.c.a.a.c.u.util.UserUtilService   : Save 4 users to database. Done
    23:48:08.615 |  51 Pool-1-worker-25 | INFO  | i.z.t.d.l.EmbeddedDatabaseReporter   : JDBC URL to connect to 'dataSource': url='jdbc:h2:tcp://localhost:41063/mem:df70fc46-7e57-4cb5-9cd0-c1d90c14afa7;USER=sa', scope='QuizExerciseIntegrationTest#testPerformPutActionAsNonEditorForbidden'
    23:48:08.622 |  51 Pool-1-worker-25 | DEBUG | d.t.c.a.a.c.s.f.ApiVersionFilter     : Adding Version to Request PUT /api/quiz-exercises/3715/set-visible
    23:48:08.623 |  51 Pool-1-worker-25 | WARN  | o.z.p.spring.common.AdviceTraits     : Forbidden: Access Denied

  Starting logs for QuizExerciseIntegrationTest > testPerformPutActionAsNonEditorForbidden(String) [3] action=open-for-practice
    23:48:08.635 |  51 Pool-1-worker-25 | DEBUG | d.t.c.a.a.c.u.util.UserUtilService   : Generate 1 students...
    23:48:08.641 |  51 Pool-1-worker-25 | DEBUG | d.t.c.a.a.c.u.util.UserUtilService   : 1 students generated. Generate 1 tutors...
    23:48:08.645 |  51 Pool-1-worker-25 | DEBUG | d.t.c.a.a.c.u.util.UserUtilService   : 1 tutors generated. Generate 1 editors...
    23:48:08.648 |  51 Pool-1-worker-25 | DEBUG | d.t.c.a.a.c.u.util.UserUtilService   : 1 editors generated. Generate 1 instructors...
    23:48:08.651 |  51 Pool-1-worker-25 | DEBUG | d.t.c.a.a.c.u.util.UserUtilService   : 1 instructors generated
    23:48:08.653 |  51 Pool-1-worker-25 | DEBUG | d.t.c.a.a.c.u.util.UserUtilService   : Removing 4 users from all courses...
    23:48:08.654 |  51 Pool-1-worker-25 | DEBUG | d.t.c.a.a.c.u.util.UserUtilService   : Removing 4 users from all courses. Done
    23:48:08.654 |  51 Pool-1-worker-25 | DEBUG | d.t.c.a.a.c.u.util.UserUtilService   : Save 4 users to database...
    23:48:08.658 |  51 Pool-1-worker-25 | DEBUG | d.t.c.a.a.c.u.util.UserUtilService   : Save 4 users to database. Done
    23:48:08.658 |  51 Pool-1-worker-25 | INFO  | i.z.t.d.l.EmbeddedDatabaseReporter   : JDBC URL to connect to 'dataSource': url='jdbc:h2:tcp://localhost:41063/mem:df70fc46-7e57-4cb5-9cd0-c1d90c14afa7;USER=sa', scope='QuizExerciseIntegrationTest#testPerformPutActionAsNonEditorForbidden'
    23:48:08.666 |  51 Pool-1-worker-25 | DEBUG | d.t.c.a.a.c.s.f.ApiVersionFilter     : Adding Version to Request PUT /api/quiz-exercises/3716/open-for-practice
    23:48:08.668 |  51 Pool-1-worker-25 | WARN  | o.z.p.spring.common.AdviceTraits     : Forbidden: Access Denied

  Starting logs for QuizExerciseIntegrationTest > testGetQuizExercise(QuizMode) [1] quizMode=SYNCHRONIZED
    23:48:08.686 |  51 Pool-1-worker-25 | DEBUG | d.t.c.a.a.c.u.util.UserUtilService   : Generate 1 students...
    23:48:08.689 |  51 Pool-1-worker-25 | DEBUG | d.t.c.a.a.c.u.util.UserUtilService   : 1 students generated. Generate 1 tutors...
    23:48:08.692 |  51 Pool-1-worker-25 | DEBUG | d.t.c.a.a.c.u.util.UserUtilService   : 1 tutors generated. Generate 1 editors...
    23:48:08.695 |  51 Pool-1-worker-25 | DEBUG | d.t.c.a.a.c.u.util.UserUtilService   : 1 editors generated. Generate 1 instructors...
    23:48:08.697 |  51 Pool-1-worker-25 | DEBUG | d.t.c.a.a.c.u.util.UserUtilService   : 1 instructors generated
    23:48:08.700 |  51 Pool-1-worker-25 | DEBUG | d.t.c.a.a.c.u.util.UserUtilService   : Removing 4 users from all courses...
    23:48:08.700 |  51 Pool-1-worker-25 | DEBUG | d.t.c.a.a.c.u.util.UserUtilService   : Removing 4 users from all courses. Done
    23:48:08.700 |  51 Pool-1-worker-25 | DEBUG | d.t.c.a.a.c.u.util.UserUtilService   : Save 4 users to database...
    23:48:08.704 |  51 Pool-1-worker-25 | DEBUG | d.t.c.a.a.c.u.util.UserUtilService   : Save 4 users to database. Done
    23:48:08.704 |  51 Pool-1-worker-25 | INFO  | i.z.t.d.l.EmbeddedDatabaseReporter   : JDBC URL to connect to 'dataSource': url='jdbc:h2:tcp://localhost:41063/mem:df70fc46-7e57-4cb5-9cd0-c1d90c14afa7;USER=sa', scope='QuizExerciseIntegrationTest#testGetQuizExercise'
    23:48:08.711 |  51 Pool-1-worker-25 | DEBUG | d.t.c.a.a.c.s.f.ApiVersionFilter     : Adding Version to Request GET /api/quiz-exercises/3717
    23:48:08.715 |  51 Pool-1-worker-25 | INFO  | d.t.c.a.a.q.web.QuizExerciseResource : REST request to get quiz exercise : 3717
    23:48:08.726 |  51 Pool-1-worker-25 | DEBUG | d.t.c.a.a.c.s.f.ApiVersionFilter     : Adding Version to Request GET /api/courses/2934/quiz-exercises
    23:48:08.728 |  51 Pool-1-worker-25 | INFO  | d.t.c.a.a.q.web.QuizExerciseResource : REST request to get all quiz exercises for the course with id : 2934

  Starting logs for QuizExerciseIntegrationTest > testGetQuizExercise(QuizMode) [2] quizMode=BATCHED
    23:48:08.748 |  51 Pool-1-worker-25 | DEBUG | d.t.c.a.a.c.u.util.UserUtilService   : Generate 1 students...
    23:48:08.751 |  51 Pool-1-worker-25 | DEBUG | d.t.c.a.a.c.u.util.UserUtilService   : 1 students generated. Generate 1 tutors...
    23:48:08.754 |  51 Pool-1-worker-25 | DEBUG | d.t.c.a.a.c.u.util.UserUtilService   : 1 tutors generated. Generate 1 editors...
    23:48:08.757 |  51 Pool-1-worker-25 | DEBUG | d.t.c.a.a.c.u.util.UserUtilService   : 1 editors generated. Generate 1 instructors...
    23:48:08.760 |  51 Pool-1-worker-25 | DEBUG | d.t.c.a.a.c.u.util.UserUtilService   : 1 instructors generated
    23:48:08.762 |  51 Pool-1-worker-25 | DEBUG | d.t.c.a.a.c.u.util.UserUtilService   : Removing 4 users from all courses...
    23:48:08.763 |  51 Pool-1-worker-25 | DEBUG | d.t.c.a.a.c.u.util.UserUtilService   : Removing 4 users from all courses. Done
    23:48:08.763 |  51 Pool-1-worker-25 | DEBUG | d.t.c.a.a.c.u.util.UserUtilService   : Save 4 users to database...
    23:48:08.766 |  51 Pool-1-worker-25 | DEBUG | d.t.c.a.a.c.u.util.UserUtilService   : Save 4 users to database. Done
    23:48:08.767 |  51 Pool-1-worker-25 | INFO  | i.z.t.d.l.EmbeddedDatabaseReporter   : JDBC URL to connect to 'dataSource': url='jdbc:h2:tcp://localhost:41063/mem:df70fc46-7e57-4cb5-9cd0-c1d90c14afa7;USER=sa', scope='QuizExerciseIntegrationTest#testGetQuizExercise'
    23:48:08.773 |  51 Pool-1-worker-25 | DEBUG | d.t.c.a.a.c.s.f.ApiVersionFilter     : Adding Version to Request GET /api/quiz-exercises/3718
    23:48:08.775 |  51 Pool-1-worker-25 | INFO  | d.t.c.a.a.q.web.QuizExerciseResource : REST request to get quiz exercise : 3718
    23:48:08.787 |  51 Pool-1-worker-25 | DEBUG | d.t.c.a.a.c.s.f.ApiVersionFilter     : Adding Version to Request GET /api/courses/2935/quiz-exercises
    23:48:08.789 |  51 Pool-1-worker-25 | INFO  | d.t.c.a.a.q.web.QuizExerciseResource : REST request to get all quiz exercises for the course with id : 2935

  Starting logs for QuizExerciseIntegrationTest > testGetQuizExercise(QuizMode) [3] quizMode=INDIVIDUAL
    23:48:08.808 |  51 Pool-1-worker-25 | DEBUG | d.t.c.a.a.c.u.util.UserUtilService   : Generate 1 students...
    23:48:08.811 |  51 Pool-1-worker-25 | DEBUG | d.t.c.a.a.c.u.util.UserUtilService   : 1 students generated. Generate 1 tutors...
    23:48:08.813 |  51 Pool-1-worker-25 | DEBUG | d.t.c.a.a.c.u.util.UserUtilService   : 1 tutors generated. Generate 1 editors...
    23:48:08.816 |  51 Pool-1-worker-25 | DEBUG | d.t.c.a.a.c.u.util.UserUtilService   : 1 editors generated. Generate 1 instructors...
    23:48:08.819 |  51 Pool-1-worker-25 | DEBUG | d.t.c.a.a.c.u.util.UserUtilService   : 1 instructors generated
    23:48:08.821 |  51 Pool-1-worker-25 | DEBUG | d.t.c.a.a.c.u.util.UserUtilService   : Removing 4 users from all courses...
    23:48:08.822 |  51 Pool-1-worker-25 | DEBUG | d.t.c.a.a.c.u.util.UserUtilService   : Removing 4 users from all courses. Done
    23:48:08.822 |  51 Pool-1-worker-25 | DEBUG | d.t.c.a.a.c.u.util.UserUtilService   : Save 4 users to database...
    23:48:08.825 |  51 Pool-1-worker-25 | DEBUG | d.t.c.a.a.c.u.util.UserUtilService   : Save 4 users to database. Done
    23:48:08.826 |  51 Pool-1-worker-25 | INFO  | i.z.t.d.l.EmbeddedDatabaseReporter   : JDBC URL to connect to 'dataSource': url='jdbc:h2:tcp://localhost:41063/mem:df70fc46-7e57-4cb5-9cd0-c1d90c14afa7;USER=sa', scope='QuizExerciseIntegrationTest#testGetQuizExercise'
    23:48:08.833 |  51 Pool-1-worker-25 | DEBUG | d.t.c.a.a.c.s.f.ApiVersionFilter     : Adding Version to Request GET /api/quiz-exercises/3719
    23:48:08.834 |  51 Pool-1-worker-25 | INFO  | d.t.c.a.a.q.web.QuizExerciseResource : REST request to get quiz exercise : 3719
    23:48:08.844 |  51 Pool-1-worker-25 | DEBUG | d.t.c.a.a.c.s.f.ApiVersionFilter     : Adding Version to Request GET /api/courses/2936/quiz-exercises
    23:48:08.846 |  51 Pool-1-worker-25 | INFO  | d.t.c.a.a.q.web.QuizExerciseResource : REST request to get all quiz exercises for the course with id : 2936

  Starting logs for QuizExerciseIntegrationTest > testGetExamQuizExercise_asTutor_forbidden()
    23:48:08.863 |  51 Pool-1-worker-25 | DEBUG | d.t.c.a.a.c.u.util.UserUtilService   : Generate 1 students...
    23:48:08.865 |  51 Pool-1-worker-25 | DEBUG | d.t.c.a.a.c.u.util.UserUtilService   : 1 students generated. Generate 1 tutors...
    23:48:08.868 |  51 Pool-1-worker-25 | DEBUG | d.t.c.a.a.c.u.util.UserUtilService   : 1 tutors generated. Generate 1 editors...
    23:48:08.871 |  51 Pool-1-worker-25 | DEBUG | d.t.c.a.a.c.u.util.UserUtilService   : 1 editors generated. Generate 1 instructors...
    23:48:08.873 |  51 Pool-1-worker-25 | DEBUG | d.t.c.a.a.c.u.util.UserUtilService   : 1 instructors generated
    23:48:08.876 |  51 Pool-1-worker-25 | DEBUG | d.t.c.a.a.c.u.util.UserUtilService   : Removing 4 users from all courses...
    23:48:08.877 |  51 Pool-1-worker-25 | DEBUG | d.t.c.a.a.c.u.util.UserUtilService   : Removing 4 users from all courses. Done
    23:48:08.877 |  51 Pool-1-worker-25 | DEBUG | d.t.c.a.a.c.u.util.UserUtilService   : Save 4 users to database...
    23:48:08.881 |  51 Pool-1-worker-25 | DEBUG | d.t.c.a.a.c.u.util.UserUtilService   : Save 4 users to database. Done
    23:48:08.881 |  51 Pool-1-worker-25 | INFO  | i.z.t.d.l.EmbeddedDatabaseReporter   : JDBC URL to connect to 'dataSource': url='jdbc:h2:tcp://localhost:41063/mem:df70fc46-7e57-4cb5-9cd0-c1d90c14afa7;USER=sa', scope='QuizExerciseIntegrationTest#testGetExamQuizExercise_asTutor_forbidden'
    23:48:08.889 |  51 Pool-1-worker-25 | DEBUG | d.t.c.a.a.c.s.f.ApiVersionFilter     : Adding Version to Request GET /api/quiz-exercises/3720
    23:48:08.890 |  51 Pool-1-worker-25 | INFO  | d.t.c.a.a.q.web.QuizExerciseResource : REST request to get quiz exercise : 3720
    23:48:08.898 |  51 Pool-1-worker-25 | WARN  | o.z.p.spring.common.AdviceTraits     : Forbidden: You are not allowed to access the Course with id 2937

  Starting logs for QuizExerciseIntegrationTest > importQuizExerciseFromExamToCourse()
    23:48:08.908 |  51 Pool-1-worker-25 | DEBUG | d.t.c.a.a.c.u.util.UserUtilService   : Generate 1 students...
    23:48:08.911 |  51 Pool-1-worker-25 | DEBUG | d.t.c.a.a.c.u.util.UserUtilService   : 1 students generated. Generate 1 tutors...
    23:48:08.913 |  51 Pool-1-worker-25 | DEBUG | d.t.c.a.a.c.u.util.UserUtilService   : 1 tutors generated. Generate 1 editors...
    23:48:08.915 |  51 Pool-1-worker-25 | DEBUG | d.t.c.a.a.c.u.util.UserUtilService   : 1 editors generated. Generate 1 instructors...
    23:48:08.917 |  51 Pool-1-worker-25 | DEBUG | d.t.c.a.a.c.u.util.UserUtilService   : 1 instructors generated
    23:48:08.919 |  51 Pool-1-worker-25 | DEBUG | d.t.c.a.a.c.u.util.UserUtilService   : Removing 4 users from all courses...
    23:48:08.919 |  51 Pool-1-worker-25 | DEBUG | d.t.c.a.a.c.u.util.UserUtilService   : Removing 4 users from all courses. Done
    23:48:08.919 |  51 Pool-1-worker-25 | DEBUG | d.t.c.a.a.c.u.util.UserUtilService   : Save 4 users to database...
    23:48:08.922 |  51 Pool-1-worker-25 | DEBUG | d.t.c.a.a.c.u.util.UserUtilService   : Save 4 users to database. Done
    23:48:08.922 |  51 Pool-1-worker-25 | INFO  | i.z.t.d.l.EmbeddedDatabaseReporter   : JDBC URL to connect to 'dataSource': url='jdbc:h2:tcp://localhost:41063/mem:df70fc46-7e57-4cb5-9cd0-c1d90c14afa7;USER=sa', scope='QuizExerciseIntegrationTest#importQuizExerciseFromExamToCourse'
    23:48:08.929 |  51 Pool-1-worker-25 | DEBUG | d.t.c.a.a.q.s.QuizExerciseService    : Save quiz exercise to database: QuizExercise{id=3721, title='a6227dd5-08c3-444d-9a2d-20d5e22b6c27', randomizeQuestionOrder='true', allowedNumberOfAttempts='1', isOpenForPractice='false', releaseDate='null', duration='10', dueDate='null'}
    23:48:08.952 |  51 Pool-1-worker-25 | DEBUG | d.t.c.a.a.c.s.f.ApiVersionFilter     : Adding Version to Request POST /api/quiz-exercises/import/3721
    23:48:08.953 |  51 Pool-1-worker-25 | INFO  | d.t.c.a.a.q.web.QuizExerciseResource : REST request to import from quiz exercise : 3721
    23:48:08.956 |  51 Pool-1-worker-25 | DEBUG | .c.a.a.q.s.QuizExerciseImportService : Creating a new Exercise based on exercise QuizExercise{id=3721, title='a6227dd5-08c3-444d-9a2d-20d5e22b6c27', randomizeQuestionOrder='true', allowedNumberOfAttempts='1', isOpenForPractice='false', releaseDate='null', duration='10', dueDate='null'}
    23:48:08.956 |  51 Pool-1-worker-25 | DEBUG | .c.a.a.q.s.QuizExerciseImportService : Copying the exercise basis from QuizExercise{id=3721, title='a6227dd5-08c3-444d-9a2d-20d5e22b6c27', randomizeQuestionOrder='true', allowedNumberOfAttempts='1', isOpenForPractice='false', releaseDate='null', duration='10', dueDate='null'}
    23:48:08.956 |  51 Pool-1-worker-25 | DEBUG | .c.a.a.q.s.QuizExerciseImportService : Copying the QuizQuestions to new QuizExercise: QuizExercise{id=null, title='a6227dd5-08c3-444d-9a2d-20d5e22b6c27', randomizeQuestionOrder='true', allowedNumberOfAttempts='1', isOpenForPractice='false', releaseDate='null', duration='10', dueDate='null'}
    23:48:08.956 |  51 Pool-1-worker-25 | WARN  | .c.a.a.q.s.QuizExerciseImportService : BackgroundFilePath of DragAndDropQuestion null is null
    23:48:08.957 |  51 Pool-1-worker-25 | DEBUG | d.t.c.a.a.core.service.FileService   : Moved File from uploads/images/drag-and-drop/drag-items/dnd_image_2025-02-14T23-48-08-929_dragItemImage2.png to uploads/images/drag-and-drop/drag-items/DragItem_2025-02-14T23-48-08-957_c29a3730.png
    23:48:08.957 |  51 Pool-1-worker-25 | DEBUG | d.t.c.a.a.core.service.FileService   : Moved File from uploads/images/drag-and-drop/drag-items/dnd_image_2025-02-14T23-48-08-929_dragItemImage4.png to uploads/images/drag-and-drop/drag-items/DragItem_2025-02-14T23-48-08-957_f2a7914c.png
    23:48:08.957 |  51 Pool-1-worker-25 | DEBUG | .c.a.a.q.s.QuizExerciseImportService : Copying the QuizBatches to new QuizExercise: QuizExercise{id=null, title='a6227dd5-08c3-444d-9a2d-20d5e22b6c27', randomizeQuestionOrder='true', allowedNumberOfAttempts='1', isOpenForPractice='false', releaseDate='null', duration='10', dueDate='null'}
    23:48:08.958 |  51 Pool-1-worker-25 | DEBUG | d.t.c.a.a.q.s.QuizExerciseService    : Save quiz exercise to database: QuizExercise{id=null, title='a6227dd5-08c3-444d-9a2d-20d5e22b6c27', randomizeQuestionOrder='true', allowedNumberOfAttempts='1', isOpenForPractice='false', releaseDate='null', duration='10', dueDate='null'}
    23:48:08.970 |  51 Pool-1-worker-25 | INFO  | .c.s.m.InstanceMessageReceiveService : Received schedule quiz start for quiz exercise 3722

  Starting logs for QuizExerciseIntegrationTest > testUpdateQuizExercise(QuizMode) [1] quizMode=SYNCHRONIZED
    23:48:09.003 |  51 Pool-1-worker-25 | DEBUG | d.t.c.a.a.c.u.util.UserUtilService   : Generate 1 students...
    23:48:09.007 |  51 Pool-1-worker-25 | DEBUG | d.t.c.a.a.c.u.util.UserUtilService   : 1 students generated. Generate 1 tutors...
    23:48:09.009 |  51 Pool-1-worker-25 | DEBUG | d.t.c.a.a.c.u.util.UserUtilService   : 1 tutors generated. Generate 1 editors...
    23:48:09.012 |  51 Pool-1-worker-25 | DEBUG | d.t.c.a.a.c.u.util.UserUtilService   : 1 editors generated. Generate 1 instructors...
    23:48:09.014 |  51 Pool-1-worker-25 | DEBUG | d.t.c.a.a.c.u.util.UserUtilService   : 1 instructors generated
    23:48:09.016 |  51 Pool-1-worker-25 | DEBUG | d.t.c.a.a.c.u.util.UserUtilService   : Removing 4 users from all courses...
    23:48:09.017 |  51 Pool-1-worker-25 | DEBUG | d.t.c.a.a.c.u.util.UserUtilService   : Removing 4 users from all courses. Done
    23:48:09.017 |  51 Pool-1-worker-25 | DEBUG | d.t.c.a.a.c.u.util.UserUtilService   : Save 4 users to database...
    23:48:09.020 |  51 Pool-1-worker-25 | DEBUG | d.t.c.a.a.c.u.util.UserUtilService   : Save 4 users to database. Done
    23:48:09.020 |  51 Pool-1-worker-25 | INFO  | i.z.t.d.l.EmbeddedDatabaseReporter   : JDBC URL to connect to 'dataSource': url='jdbc:h2:tcp://localhost:41063/mem:df70fc46-7e57-4cb5-9cd0-c1d90c14afa7;USER=sa', scope='QuizExerciseIntegrationTest#testUpdateQuizExercise'
    23:48:09.022 |  51 Pool-1-worker-25 | DEBUG | d.t.c.a.a.c.s.f.ApiVersionFilter     : Adding Version to Request POST /api/quiz-exercises
    23:48:09.023 |  51 Pool-1-worker-25 | INFO  | d.t.c.a.a.q.web.QuizExerciseResource : REST request to create QuizExercise : QuizExercise{id=null, title='new quiz', randomizeQuestionOrder='true', allowedNumberOfAttempts='1', isOpenForPractice='false', releaseDate='2025-02-15T04:48:09.020789025Z', duration='3600', dueDate='null'}
    23:48:09.028 |  51 Pool-1-worker-25 | DEBUG | d.t.c.a.a.q.s.QuizExerciseService    : Save quiz exercise to database: QuizExercise{id=null, title='new quiz', randomizeQuestionOrder='true', allowedNumberOfAttempts='1', isOpenForPractice='false', releaseDate='2025-02-15T04:48:09.020789025Z', duration='3600', dueDate='2025-02-15T05:48:14.020789025Z'}
    23:48:09.041 |  51 Pool-1-worker-25 | INFO  | .c.s.m.InstanceMessageReceiveService : Received schedule quiz start for quiz exercise 3723
    23:48:09.042 |  51 Pool-1-worker-25 | DEBUG | t.c.a.a.e.s.ExerciseLifecycleService : Scheduled Task for Exercise "new quiz" (#3723) to trigger on START.
    23:48:09.043 |  51 Pool-1-worker-25 | DEBUG | t.c.a.a.e.s.ExerciseLifecycleService : Scheduled 1 Tasks for Exercise "new quiz" (#3723) to trigger on DUE.
    23:48:09.065 |  51 Pool-1-worker-25 | DEBUG | d.t.c.a.a.c.s.f.ApiVersionFilter     : Adding Version to Request PUT /api/quiz-exercises/3723
    23:48:09.067 |  51 Pool-1-worker-25 | INFO  | d.t.c.a.a.q.web.QuizExerciseResource : REST request to update quiz exercise : QuizExercise{id=3723, title='new quiz', randomizeQuestionOrder='true', allowedNumberOfAttempts='1', isOpenForPractice='false', releaseDate='2025-02-15T04:48:09.020789Z', duration='3600', dueDate='2025-02-15T05:48:14.020789Z'}
    23:48:09.070 |  51 Pool-1-worker-25 | WARN  | d.t.c.a.a.core.service.FileService   : Could not delete file /api/files/drag-and-drop/drag-items/698/dnd_image_2025-02-14T23-48-09-025_dragItemImage1.png. Error message: /api/files/drag-and-drop/drag-items/698/dnd_image_2025-02-14T23-48-09-025_dragItemImage1.png
    23:48:09.070 |  51 Pool-1-worker-25 | WARN  | d.t.c.a.a.core.service.FileService   : Could not delete file /api/files/drag-and-drop/drag-items/700/dnd_image_2025-02-14T23-48-09-025_dragItemImage2.png. Error message: /api/files/drag-and-drop/drag-items/700/dnd_image_2025-02-14T23-48-09-025_dragItemImage2.png
    23:48:09.070 |  51 Pool-1-worker-25 | DEBUG | d.t.c.a.a.q.s.QuizExerciseService    : Save quiz exercise to database: QuizExercise{id=3723, title='new quiz', randomizeQuestionOrder='true', allowedNumberOfAttempts='1', isOpenForPractice='false', releaseDate='2025-02-15T04:48:09.020789Z', duration='3600', dueDate='2025-02-15T05:48:14.020789Z'}
    23:48:09.072 |  51 Pool-1-worker-25 | WARN  | o.h.e.i.StatefulPersistenceContext   : HHH000179: Narrowing proxy to class de.tum.cit.aet.artemis.quiz.domain.MultipleChoiceQuestionStatistic - this operation breaks ==
    23:48:09.072 |  51 Pool-1-worker-25 | WARN  | o.h.e.i.StatefulPersistenceContext   : HHH000179: Narrowing proxy to class de.tum.cit.aet.artemis.quiz.domain.MultipleChoiceQuestionStatistic - this operation breaks ==
    23:48:09.073 |  51 Pool-1-worker-25 | WARN  | o.h.e.i.StatefulPersistenceContext   : HHH000179: Narrowing proxy to class de.tum.cit.aet.artemis.quiz.domain.DragAndDropQuestionStatistic - this operation breaks ==
    23:48:09.073 |  51 Pool-1-worker-25 | WARN  | o.h.e.i.StatefulPersistenceContext   : HHH000179: Narrowing proxy to class de.tum.cit.aet.artemis.quiz.domain.DragAndDropQuestionStatistic - this operation breaks ==
    23:48:09.074 |  51 Pool-1-worker-25 | WARN  | o.h.e.i.StatefulPersistenceContext   : HHH000179: Narrowing proxy to class de.tum.cit.aet.artemis.quiz.domain.ShortAnswerQuestionStatistic - this operation breaks ==
    23:48:09.074 |  51 Pool-1-worker-25 | WARN  | o.h.e.i.StatefulPersistenceContext   : HHH000179: Narrowing proxy to class de.tum.cit.aet.artemis.quiz.domain.ShortAnswerQuestionStatistic - this operation breaks ==
    23:48:09.086 |  51 Pool-1-worker-25 | INFO  | .c.s.m.InstanceMessageReceiveService : Received schedule quiz start for quiz exercise 3723
    23:48:09.087 |  51 Pool-1-worker-25 | DEBUG | d.t.c.a.a.c.service.ScheduleService  : Cancelling scheduled task START for Exercise (#3723).
    23:48:09.087 |  51 Pool-1-worker-25 | DEBUG | t.c.a.a.e.s.ExerciseLifecycleService : Scheduled Task for Exercise "new quiz" (#3723) to trigger on START.
    23:48:09.087 |  51 Pool-1-worker-25 | DEBUG | d.t.c.a.a.c.service.ScheduleService  : Cancelling scheduled task DUE for Exercise (#3723).
    23:48:09.087 |  51 Pool-1-worker-25 | DEBUG | t.c.a.a.e.s.ExerciseLifecycleService : Scheduled 1 Tasks for Exercise "new quiz" (#3723) to trigger on DUE.
    23:48:09.088 |  51 Pool-1-worker-25 | INFO  | d.t.c.a.a.e.service.ExerciseService  : User quizexerciseintegrationinstructor1 has updated QuizExercise new quiz with id 3723

  Starting logs for QuizExerciseIntegrationTest > testUpdateQuizExercise(QuizMode) [2] quizMode=BATCHED
    23:48:09.100 |  51 Pool-1-worker-25 | DEBUG | d.t.c.a.a.c.u.util.UserUtilService   : Generate 1 students...
    23:48:09.103 |  51 Pool-1-worker-25 | DEBUG | d.t.c.a.a.c.u.util.UserUtilService   : 1 students generated. Generate 1 tutors...
    23:48:09.105 |  51 Pool-1-worker-25 | DEBUG | d.t.c.a.a.c.u.util.UserUtilService   : 1 tutors generated. Generate 1 editors...
    23:48:09.107 |  51 Pool-1-worker-25 | DEBUG | d.t.c.a.a.c.u.util.UserUtilService   : 1 editors generated. Generate 1 instructors...
    23:48:09.109 |  51 Pool-1-worker-25 | DEBUG | d.t.c.a.a.c.u.util.UserUtilService   : 1 instructors generated
    23:48:09.111 |  51 Pool-1-worker-25 | DEBUG | d.t.c.a.a.c.u.util.UserUtilService   : Removing 4 users from all courses...
    23:48:09.111 |  51 Pool-1-worker-25 | DEBUG | d.t.c.a.a.c.u.util.UserUtilService   : Removing 4 users from all courses. Done
    23:48:09.111 |  51 Pool-1-worker-25 | DEBUG | d.t.c.a.a.c.u.util.UserUtilService   : Save 4 users to database...
    23:48:09.114 |  51 Pool-1-worker-25 | DEBUG | d.t.c.a.a.c.u.util.UserUtilService   : Save 4 users to database. Done
    23:48:09.114 |  51 Pool-1-worker-25 | INFO  | i.z.t.d.l.EmbeddedDatabaseReporter   : JDBC URL to connect to 'dataSource': url='jdbc:h2:tcp://localhost:41063/mem:df70fc46-7e57-4cb5-9cd0-c1d90c14afa7;USER=sa', scope='QuizExerciseIntegrationTest#testUpdateQuizExercise'
    23:48:09.116 |  51 Pool-1-worker-25 | DEBUG | d.t.c.a.a.c.s.f.ApiVersionFilter     : Adding Version to Request POST /api/quiz-exercises
    23:48:09.116 |  51 Pool-1-worker-25 | INFO  | d.t.c.a.a.q.web.QuizExerciseResource : REST request to create QuizExercise : QuizExercise{id=null, title='new quiz', randomizeQuestionOrder='true', allowedNumberOfAttempts='1', isOpenForPractice='false', releaseDate='2025-02-15T04:48:09.114539356Z', duration='3600', dueDate='null'}
    23:48:09.118 |  51 Pool-1-worker-25 | DEBUG | d.t.c.a.a.q.s.QuizExerciseService    : Save quiz exercise to database: QuizExercise{id=null, title='new quiz', randomizeQuestionOrder='true', allowedNumberOfAttempts='1', isOpenForPractice='false', releaseDate='2025-02-15T04:48:09.114539356Z', duration='3600', dueDate='null'}
    23:48:09.127 |  51 Pool-1-worker-25 | INFO  | .c.s.m.InstanceMessageReceiveService : Received schedule quiz start for quiz exercise 3724
    23:48:09.147 |  51 Pool-1-worker-25 | DEBUG | d.t.c.a.a.c.s.f.ApiVersionFilter     : Adding Version to Request PUT /api/quiz-exercises/3724
    23:48:09.149 |  51 Pool-1-worker-25 | INFO  | d.t.c.a.a.q.web.QuizExerciseResource : REST request to update quiz exercise : QuizExercise{id=3724, title='new quiz', randomizeQuestionOrder='true', allowedNumberOfAttempts='1', isOpenForPractice='false', releaseDate='2025-02-15T04:48:09.114539Z', duration='3600', dueDate='null'}
    23:48:09.153 |  51 Pool-1-worker-25 | WARN  | d.t.c.a.a.core.service.FileService   : Could not delete file /api/files/drag-and-drop/drag-items/704/dnd_image_2025-02-14T23-48-09-118_dragItemImage2.png. Error message: /api/files/drag-and-drop/drag-items/704/dnd_image_2025-02-14T23-48-09-118_dragItemImage2.png
    23:48:09.153 |  51 Pool-1-worker-25 | WARN  | d.t.c.a.a.core.service.FileService   : Could not delete file /api/files/drag-and-drop/drag-items/702/dnd_image_2025-02-14T23-48-09-118_dragItemImage1.png. Error message: /api/files/drag-and-drop/drag-items/702/dnd_image_2025-02-14T23-48-09-118_dragItemImage1.png
    23:48:09.153 |  51 Pool-1-worker-25 | DEBUG | d.t.c.a.a.q.s.QuizExerciseService    : Save quiz exercise to database: QuizExercise{id=3724, title='new quiz', randomizeQuestionOrder='true', allowedNumberOfAttempts='1', isOpenForPractice='false', releaseDate='2025-02-15T04:48:09.114539Z', duration='3600', dueDate='null'}
    23:48:09.155 |  51 Pool-1-worker-25 | WARN  | o.h.e.i.StatefulPersistenceContext   : HHH000179: Narrowing proxy to class de.tum.cit.aet.artemis.quiz.domain.MultipleChoiceQuestionStatistic - this operation breaks ==
    23:48:09.155 |  51 Pool-1-worker-25 | WARN  | o.h.e.i.StatefulPersistenceContext   : HHH000179: Narrowing proxy to class de.tum.cit.aet.artemis.quiz.domain.MultipleChoiceQuestionStatistic - this operation breaks ==
    23:48:09.158 |  51 Pool-1-worker-25 | WARN  | o.h.e.i.StatefulPersistenceContext   : HHH000179: Narrowing proxy to class de.tum.cit.aet.artemis.quiz.domain.DragAndDropQuestionStatistic - this operation breaks ==
    23:48:09.158 |  51 Pool-1-worker-25 | WARN  | o.h.e.i.StatefulPersistenceContext   : HHH000179: Narrowing proxy to class de.tum.cit.aet.artemis.quiz.domain.DragAndDropQuestionStatistic - this operation breaks ==
    23:48:09.160 |  51 Pool-1-worker-25 | WARN  | o.h.e.i.StatefulPersistenceContext   : HHH000179: Narrowing proxy to class de.tum.cit.aet.artemis.quiz.domain.ShortAnswerQuestionStatistic - this operation breaks ==
    23:48:09.160 |  51 Pool-1-worker-25 | WARN  | o.h.e.i.StatefulPersistenceContext   : HHH000179: Narrowing proxy to class de.tum.cit.aet.artemis.quiz.domain.ShortAnswerQuestionStatistic - this operation breaks ==
    23:48:09.177 |  51 Pool-1-worker-25 | INFO  | .c.s.m.InstanceMessageReceiveService : Received schedule quiz start for quiz exercise 3724
    23:48:09.178 |  51 Pool-1-worker-25 | INFO  | d.t.c.a.a.e.service.ExerciseService  : User quizexerciseintegrationinstructor1 has updated QuizExercise new quiz with id 3724

  Starting logs for QuizExerciseIntegrationTest > testUpdateQuizExercise(QuizMode) [3] quizMode=INDIVIDUAL
    23:48:09.196 |  51 Pool-1-worker-25 | DEBUG | d.t.c.a.a.c.u.util.UserUtilService   : Generate 1 students...
    23:48:09.200 |  51 Pool-1-worker-25 | DEBUG | d.t.c.a.a.c.u.util.UserUtilService   : 1 students generated. Generate 1 tutors...
    23:48:09.202 |  51 Pool-1-worker-25 | DEBUG | d.t.c.a.a.c.u.util.UserUtilService   : 1 tutors generated. Generate 1 editors...
    23:48:09.205 |  51 Pool-1-worker-25 | DEBUG | d.t.c.a.a.c.u.util.UserUtilService   : 1 editors generated. Generate 1 instructors...
    23:48:09.207 |  51 Pool-1-worker-25 | DEBUG | d.t.c.a.a.c.u.util.UserUtilService   : 1 instructors generated
    23:48:09.210 |  51 Pool-1-worker-25 | DEBUG | d.t.c.a.a.c.u.util.UserUtilService   : Removing 4 users from all courses...
    23:48:09.210 |  51 Pool-1-worker-25 | DEBUG | d.t.c.a.a.c.u.util.UserUtilService   : Removing 4 users from all courses. Done
    23:48:09.210 |  51 Pool-1-worker-25 | DEBUG | d.t.c.a.a.c.u.util.UserUtilService   : Save 4 users to database...
    23:48:09.214 |  51 Pool-1-worker-25 | DEBUG | d.t.c.a.a.c.u.util.UserUtilService   : Save 4 users to database. Done
    23:48:09.214 |  51 Pool-1-worker-25 | INFO  | i.z.t.d.l.EmbeddedDatabaseReporter   : JDBC URL to connect to 'dataSource': url='jdbc:h2:tcp://localhost:41063/mem:df70fc46-7e57-4cb5-9cd0-c1d90c14afa7;USER=sa', scope='QuizExerciseIntegrationTest#testUpdateQuizExercise'
    23:48:09.216 |  51 Pool-1-worker-25 | DEBUG | d.t.c.a.a.c.s.f.ApiVersionFilter     : Adding Version to Request POST /api/quiz-exercises
    23:48:09.217 |  51 Pool-1-worker-25 | INFO  | d.t.c.a.a.q.web.QuizExerciseResource : REST request to create QuizExercise : QuizExercise{id=null, title='new quiz', randomizeQuestionOrder='true', allowedNumberOfAttempts='1', isOpenForPractice='false', releaseDate='2025-02-15T04:48:09.214667883Z', duration='3600', dueDate='null'}
    23:48:09.220 |  51 Pool-1-worker-25 | DEBUG | d.t.c.a.a.q.s.QuizExerciseService    : Save quiz exercise to database: QuizExercise{id=null, title='new quiz', randomizeQuestionOrder='true', allowedNumberOfAttempts='1', isOpenForPractice='false', releaseDate='2025-02-15T04:48:09.214667883Z', duration='3600', dueDate='null'}
    23:48:09.232 |  51 Pool-1-worker-25 | INFO  | .c.s.m.InstanceMessageReceiveService : Received schedule quiz start for quiz exercise 3725
    23:48:09.256 |  51 Pool-1-worker-25 | DEBUG | d.t.c.a.a.c.s.f.ApiVersionFilter     : Adding Version to Request PUT /api/quiz-exercises/3725
    23:48:09.258 |  51 Pool-1-worker-25 | INFO  | d.t.c.a.a.q.web.QuizExerciseResource : REST request to update quiz exercise : QuizExercise{id=3725, title='new quiz', randomizeQuestionOrder='true', allowedNumberOfAttempts='1', isOpenForPractice='false', releaseDate='2025-02-15T04:48:09.214668Z', duration='3600', dueDate='null'}
    23:48:09.262 |  51 Pool-1-worker-25 | WARN  | d.t.c.a.a.core.service.FileService   : Could not delete file /api/files/drag-and-drop/drag-items/708/dnd_image_2025-02-14T23-48-09-220_dragItemImage2.png. Error message: /api/files/drag-and-drop/drag-items/708/dnd_image_2025-02-14T23-48-09-220_dragItemImage2.png
    23:48:09.262 |  51 Pool-1-worker-25 | WARN  | d.t.c.a.a.core.service.FileService   : Could not delete file /api/files/drag-and-drop/drag-items/706/dnd_image_2025-02-14T23-48-09-219_dragItemImage1.png. Error message: /api/files/drag-and-drop/drag-items/706/dnd_image_2025-02-14T23-48-09-219_dragItemImage1.png
    23:48:09.262 |  51 Pool-1-worker-25 | DEBUG | d.t.c.a.a.q.s.QuizExerciseService    : Save quiz exercise to database: QuizExercise{id=3725, title='new quiz', randomizeQuestionOrder='true', allowedNumberOfAttempts='1', isOpenForPractice='false', releaseDate='2025-02-15T04:48:09.214668Z', duration='3600', dueDate='null'}
    23:48:09.264 |  51 Pool-1-worker-25 | WARN  | o.h.e.i.StatefulPersistenceContext   : HHH000179: Narrowing proxy to class de.tum.cit.aet.artemis.quiz.domain.MultipleChoiceQuestionStatistic - this operation breaks ==
    23:48:09.264 |  51 Pool-1-worker-25 | WARN  | o.h.e.i.StatefulPersistenceContext   : HHH000179: Narrowing proxy to class de.tum.cit.aet.artemis.quiz.domain.MultipleChoiceQuestionStatistic - this operation breaks ==
    23:48:09.267 |  51 Pool-1-worker-25 | WARN  | o.h.e.i.StatefulPersistenceContext   : HHH000179: Narrowing proxy to class de.tum.cit.aet.artemis.quiz.domain.DragAndDropQuestionStatistic - this operation breaks ==
    23:48:09.267 |  51 Pool-1-worker-25 | WARN  | o.h.e.i.StatefulPersistenceContext   : HHH000179: Narrowing proxy to class de.tum.cit.aet.artemis.quiz.domain.DragAndDropQuestionStatistic - this operation breaks ==
    23:48:09.268 |  51 Pool-1-worker-25 | WARN  | o.h.e.i.StatefulPersistenceContext   : HHH000179: Narrowing proxy to class de.tum.cit.aet.artemis.quiz.domain.ShortAnswerQuestionStatistic - this operation breaks ==
    23:48:09.268 |  51 Pool-1-worker-25 | WARN  | o.h.e.i.StatefulPersistenceContext   : HHH000179: Narrowing proxy to class de.tum.cit.aet.artemis.quiz.domain.ShortAnswerQuestionStatistic - this operation breaks ==
    23:48:09.286 |  51 Pool-1-worker-25 | INFO  | .c.s.m.InstanceMessageReceiveService : Received schedule quiz start for quiz exercise 3725
    23:48:09.288 |  51 Pool-1-worker-25 | INFO  | d.t.c.a.a.e.service.ExerciseService  : User quizexerciseintegrationinstructor1 has updated QuizExercise new quiz with id 3725

  Starting logs for QuizExerciseIntegrationTest > testAddAndStartQuizBatch()
    23:48:09.305 |  51 Pool-1-worker-25 | DEBUG | d.t.c.a.a.c.u.util.UserUtilService   : Generate 1 students...
    23:48:09.308 |  51 Pool-1-worker-25 | DEBUG | d.t.c.a.a.c.u.util.UserUtilService   : 1 students generated. Generate 1 tutors...
    23:48:09.311 |  51 Pool-1-worker-25 | DEBUG | d.t.c.a.a.c.u.util.UserUtilService   : 1 tutors generated. Generate 1 editors...
    23:48:09.314 |  51 Pool-1-worker-25 | DEBUG | d.t.c.a.a.c.u.util.UserUtilService   : 1 editors generated. Generate 1 instructors...
    23:48:09.316 |  51 Pool-1-worker-25 | DEBUG | d.t.c.a.a.c.u.util.UserUtilService   : 1 instructors generated
    23:48:09.318 |  51 Pool-1-worker-25 | DEBUG | d.t.c.a.a.c.u.util.UserUtilService   : Removing 4 users from all courses...
    23:48:09.319 |  51 Pool-1-worker-25 | DEBUG | d.t.c.a.a.c.u.util.UserUtilService   : Removing 4 users from all courses. Done
    23:48:09.319 |  51 Pool-1-worker-25 | DEBUG | d.t.c.a.a.c.u.util.UserUtilService   : Save 4 users to database...
    23:48:09.323 |  51 Pool-1-worker-25 | DEBUG | d.t.c.a.a.c.u.util.UserUtilService   : Save 4 users to database. Done
    23:48:09.323 |  51 Pool-1-worker-25 | INFO  | i.z.t.d.l.EmbeddedDatabaseReporter   : JDBC URL to connect to 'dataSource': url='jdbc:h2:tcp://localhost:41063/mem:df70fc46-7e57-4cb5-9cd0-c1d90c14afa7;USER=sa', scope='QuizExerciseIntegrationTest#testAddAndStartQuizBatch'
    23:48:09.330 |  51 Pool-1-worker-25 | DEBUG | d.t.c.a.a.c.s.f.ApiVersionFilter     : Adding Version to Request PUT /api/quiz-exercises/3726/add-batch
    23:48:09.333 |  51 Pool-1-worker-25 | INFO  | d.t.c.a.a.q.web.QuizExerciseResource : REST request to add quiz batch : 3726
    23:48:09.344 |  51 Pool-1-worker-25 | DEBUG | d.t.c.a.a.c.s.f.ApiVersionFilter     : Adding Version to Request PUT /api/quiz-exercises/269/start-batch
    23:48:09.345 |  51 Pool-1-worker-25 | INFO  | d.t.c.a.a.q.web.QuizExerciseResource : REST request to start quiz batch : 269
    23:48:09.350 |  51 Pool-1-worker-25 | INFO  | .c.s.m.InstanceMessageReceiveService : Received schedule quiz start for quiz exercise 3726

  Starting logs for QuizExerciseIntegrationTest > testCreateExistingQuizExercise()
    23:48:09.366 |  51 Pool-1-worker-25 | DEBUG | d.t.c.a.a.c.u.util.UserUtilService   : Generate 1 students...
    23:48:09.369 |  51 Pool-1-worker-25 | DEBUG | d.t.c.a.a.c.u.util.UserUtilService   : 1 students generated. Generate 1 tutors...
    23:48:09.372 |  51 Pool-1-worker-25 | DEBUG | d.t.c.a.a.c.u.util.UserUtilService   : 1 tutors generated. Generate 1 editors...
    23:48:09.374 |  51 Pool-1-worker-25 | DEBUG | d.t.c.a.a.c.u.util.UserUtilService   : 1 editors generated. Generate 1 instructors...
    23:48:09.377 |  51 Pool-1-worker-25 | DEBUG | d.t.c.a.a.c.u.util.UserUtilService   : 1 instructors generated
    23:48:09.379 |  51 Pool-1-worker-25 | DEBUG | d.t.c.a.a.c.u.util.UserUtilService   : Removing 4 users from all courses...
    23:48:09.380 |  51 Pool-1-worker-25 | DEBUG | d.t.c.a.a.c.u.util.UserUtilService   : Removing 4 users from all courses. Done
    23:48:09.380 |  51 Pool-1-worker-25 | DEBUG | d.t.c.a.a.c.u.util.UserUtilService   : Save 4 users to database...
    23:48:09.383 |  51 Pool-1-worker-25 | DEBUG | d.t.c.a.a.c.u.util.UserUtilService   : Save 4 users to database. Done
    23:48:09.384 |  51 Pool-1-worker-25 | INFO  | i.z.t.d.l.EmbeddedDatabaseReporter   : JDBC URL to connect to 'dataSource': url='jdbc:h2:tcp://localhost:41063/mem:df70fc46-7e57-4cb5-9cd0-c1d90c14afa7;USER=sa', scope='QuizExerciseIntegrationTest#testCreateExistingQuizExercise'
    23:48:09.386 |  51 Pool-1-worker-25 | DEBUG | d.t.c.a.a.c.s.f.ApiVersionFilter     : Adding Version to Request POST /api/quiz-exercises
    23:48:09.387 |  51 Pool-1-worker-25 | INFO  | d.t.c.a.a.q.web.QuizExerciseResource : REST request to create QuizExercise : QuizExercise{id=null, title='new quiz', randomizeQuestionOrder='true', allowedNumberOfAttempts='1', isOpenForPractice='false', releaseDate='2025-02-15T04:48:09.384234576Z', duration='3600', dueDate='null'}
    23:48:09.389 |  51 Pool-1-worker-25 | DEBUG | d.t.c.a.a.q.s.QuizExerciseService    : Save quiz exercise to database: QuizExercise{id=null, title='new quiz', randomizeQuestionOrder='true', allowedNumberOfAttempts='1', isOpenForPractice='false', releaseDate='2025-02-15T04:48:09.384234576Z', duration='3600', dueDate='2025-02-15T05:48:14.384234576Z'}
    23:48:09.402 |  51 Pool-1-worker-25 | INFO  | .c.s.m.InstanceMessageReceiveService : Received schedule quiz start for quiz exercise 3727
    23:48:09.403 |  51 Pool-1-worker-25 | DEBUG | t.c.a.a.e.s.ExerciseLifecycleService : Scheduled Task for Exercise "new quiz" (#3727) to trigger on START.
    23:48:09.403 |  51 Pool-1-worker-25 | DEBUG | t.c.a.a.e.s.ExerciseLifecycleService : Scheduled 1 Tasks for Exercise "new quiz" (#3727) to trigger on DUE.
    23:48:09.425 |  51 Pool-1-worker-25 | DEBUG | d.t.c.a.a.c.s.f.ApiVersionFilter     : Adding Version to Request POST /api/quiz-exercises
    23:48:09.426 |  51 Pool-1-worker-25 | INFO  | d.t.c.a.a.q.web.QuizExerciseResource : REST request to create QuizExercise : QuizExercise{id=3727, title='new quiz', randomizeQuestionOrder='true', allowedNumberOfAttempts='1', isOpenForPractice='false', releaseDate='2025-02-15T04:48:09.384235Z', duration='3600', dueDate='2025-02-15T05:48:14.384235Z'}
    23:48:09.426 |  51 Pool-1-worker-25 | ERROR | tech.jhipster.web.util.HeaderUtil    : Entity processing failed, A new quizExercise cannot already have an ID
    23:48:09.426 |  51 Pool-1-worker-25 | WARN  | o.z.p.spring.common.AdviceTraits     : Bad Request: A new quizExercise cannot already have an ID

  Starting logs for QuizExerciseIntegrationTest > testCreateQuizExerciseForExam()
    23:48:09.438 |  51 Pool-1-worker-25 | DEBUG | d.t.c.a.a.c.u.util.UserUtilService   : Generate 1 students...
    23:48:09.441 |  51 Pool-1-worker-25 | DEBUG | d.t.c.a.a.c.u.util.UserUtilService   : 1 students generated. Generate 1 tutors...
    23:48:09.443 |  51 Pool-1-worker-25 | DEBUG | d.t.c.a.a.c.u.util.UserUtilService   : 1 tutors generated. Generate 1 editors...
    23:48:09.446 |  51 Pool-1-worker-25 | DEBUG | d.t.c.a.a.c.u.util.UserUtilService   : 1 editors generated. Generate 1 instructors...
    23:48:09.449 |  51 Pool-1-worker-25 | DEBUG | d.t.c.a.a.c.u.util.UserUtilService   : 1 instructors generated
    23:48:09.452 |  51 Pool-1-worker-25 | DEBUG | d.t.c.a.a.c.u.util.UserUtilService   : Removing 4 users from all courses...
    23:48:09.452 |  51 Pool-1-worker-25 | DEBUG | d.t.c.a.a.c.u.util.UserUtilService   : Removing 4 users from all courses. Done
    23:48:09.452 |  51 Pool-1-worker-25 | DEBUG | d.t.c.a.a.c.u.util.UserUtilService   : Save 4 users to database...
    23:48:09.456 |  51 Pool-1-worker-25 | DEBUG | d.t.c.a.a.c.u.util.UserUtilService   : Save 4 users to database. Done
    23:48:09.457 |  51 Pool-1-worker-25 | INFO  | i.z.t.d.l.EmbeddedDatabaseReporter   : JDBC URL to connect to 'dataSource': url='jdbc:h2:tcp://localhost:41063/mem:df70fc46-7e57-4cb5-9cd0-c1d90c14afa7;USER=sa', scope='QuizExerciseIntegrationTest#testCreateQuizExerciseForExam'
    23:48:09.459 |  51 Pool-1-worker-25 | INFO  | .c.a.a.c.s.TitleCacheEvictionService : Evicted entry '1' from title cache 'courseTitle'
    23:48:09.462 |  51 Pool-1-worker-25 | DEBUG | d.t.c.a.a.c.s.f.ApiVersionFilter     : Adding Version to Request POST /api/quiz-exercises
    23:48:09.463 |  51 Pool-1-worker-25 | INFO  | d.t.c.a.a.q.web.QuizExerciseResource : REST request to create QuizExercise : QuizExercise{id=null, title='1cd3f35b-3409-4d0b-bfe7-50040a697010', randomizeQuestionOrder='true', allowedNumberOfAttempts='1', isOpenForPractice='false', releaseDate='null', duration='3600', dueDate='null'}
    23:48:09.466 |  51 Pool-1-worker-25 | DEBUG | d.t.c.a.a.q.s.QuizExerciseService    : Save quiz exercise to database: QuizExercise{id=null, title='1cd3f35b-3409-4d0b-bfe7-50040a697010', randomizeQuestionOrder='true', allowedNumberOfAttempts='1', isOpenForPractice='false', releaseDate='null', duration='3600', dueDate='null'}
    23:48:09.493 |  51 Pool-1-worker-25 | DEBUG | d.t.c.a.a.c.s.f.ApiVersionFilter     : Adding Version to Request GET /api/files/drag-and-drop/backgrounds/546/dnd_image_2025-02-14T23-48-09-465_backgroundImage0.jpg
    23:48:09.494 |  51 Pool-1-worker-25 | DEBUG | d.t.c.a.a.core.web.FileResource      : REST request to get background for drag and drop question : 546
    23:48:09.498 |  51 Pool-1-worker-25 | DEBUG | d.t.c.a.a.c.s.f.ApiVersionFilter     : Adding Version to Request GET /api/files/drag-and-drop/drag-items/718/dnd_image_2025-02-14T23-48-09-465_dragItemImage1.png
    23:48:09.499 |  51 Pool-1-worker-25 | DEBUG | d.t.c.a.a.core.web.FileResource      : REST request to get file for drag item : 718
    23:48:09.503 |  51 Pool-1-worker-25 | DEBUG | d.t.c.a.a.c.s.f.ApiVersionFilter     : Adding Version to Request GET /api/files/drag-and-drop/drag-items/720/dnd_image_2025-02-14T23-48-09-466_dragItemImage2.png
    23:48:09.503 |  51 Pool-1-worker-25 | DEBUG | d.t.c.a.a.core.web.FileResource      : REST request to get file for drag item : 720
    23:48:09.508 |  51 Pool-1-worker-25 | DEBUG | d.t.c.a.a.c.s.f.ApiVersionFilter     : Adding Version to Request GET /api/files/drag-and-drop/backgrounds/546/dnd_image_2025-02-14T23-48-09-465_backgroundImage0.jpg
    23:48:09.509 |  51 Pool-1-worker-25 | DEBUG | d.t.c.a.a.core.web.FileResource      : REST request to get background for drag and drop question : 546
    23:48:09.512 |  51 Pool-1-worker-25 | DEBUG | d.t.c.a.a.c.s.f.ApiVersionFilter     : Adding Version to Request GET /api/files/drag-and-drop/drag-items/718/dnd_image_2025-02-14T23-48-09-465_dragItemImage1.png
    23:48:09.513 |  51 Pool-1-worker-25 | DEBUG | d.t.c.a.a.core.web.FileResource      : REST request to get file for drag item : 718
    23:48:09.517 |  51 Pool-1-worker-25 | DEBUG | d.t.c.a.a.c.s.f.ApiVersionFilter     : Adding Version to Request GET /api/files/drag-and-drop/drag-items/720/dnd_image_2025-02-14T23-48-09-466_dragItemImage2.png
    23:48:09.517 |  51 Pool-1-worker-25 | DEBUG | d.t.c.a.a.core.web.FileResource      : REST request to get file for drag item : 720

  Starting logs for QuizExerciseIntegrationTest > createQuizExercise_dragAndDrop_withoutBackgroundFile()
    23:48:09.534 |  51 Pool-1-worker-25 | DEBUG | d.t.c.a.a.c.u.util.UserUtilService   : Generate 1 students...
    23:48:09.537 |  51 Pool-1-worker-25 | DEBUG | d.t.c.a.a.c.u.util.UserUtilService   : 1 students generated. Generate 1 tutors...
    23:48:09.541 |  51 Pool-1-worker-25 | DEBUG | d.t.c.a.a.c.u.util.UserUtilService   : 1 tutors generated. Generate 1 editors...
    23:48:09.544 |  51 Pool-1-worker-25 | DEBUG | d.t.c.a.a.c.u.util.UserUtilService   : 1 editors generated. Generate 1 instructors...
    23:48:09.547 |  51 Pool-1-worker-25 | DEBUG | d.t.c.a.a.c.u.util.UserUtilService   : 1 instructors generated
    23:48:09.549 |  51 Pool-1-worker-25 | DEBUG | d.t.c.a.a.c.u.util.UserUtilService   : Removing 4 users from all courses...
    23:48:09.550 |  51 Pool-1-worker-25 | DEBUG | d.t.c.a.a.c.u.util.UserUtilService   : Removing 4 users from all courses. Done
    23:48:09.550 |  51 Pool-1-worker-25 | DEBUG | d.t.c.a.a.c.u.util.UserUtilService   : Save 4 users to database...
    23:48:09.554 |  51 Pool-1-worker-25 | DEBUG | d.t.c.a.a.c.u.util.UserUtilService   : Save 4 users to database. Done
    23:48:09.554 |  51 Pool-1-worker-25 | INFO  | i.z.t.d.l.EmbeddedDatabaseReporter   : JDBC URL to connect to 'dataSource': url='jdbc:h2:tcp://localhost:41063/mem:df70fc46-7e57-4cb5-9cd0-c1d90c14afa7;USER=sa', scope='QuizExerciseIntegrationTest#createQuizExercise_dragAndDrop_withoutBackgroundFile'
    23:48:09.556 |  51 Pool-1-worker-25 | DEBUG | d.t.c.a.a.c.s.f.ApiVersionFilter     : Adding Version to Request POST /api/quiz-exercises
    23:48:09.557 |  51 Pool-1-worker-25 | INFO  | d.t.c.a.a.q.web.QuizExerciseResource : REST request to create QuizExercise : QuizExercise{id=null, title='new quiz', randomizeQuestionOrder='true', allowedNumberOfAttempts='1', isOpenForPractice='false', releaseDate='2025-02-15T04:48:09.554310397Z', duration='3600', dueDate='null'}
    23:48:09.560 |  51 Pool-1-worker-25 | DEBUG | d.t.c.a.a.q.s.QuizExerciseService    : Save quiz exercise to database: QuizExercise{id=null, title='new quiz', randomizeQuestionOrder='true', allowedNumberOfAttempts='1', isOpenForPractice='false', releaseDate='2025-02-15T04:48:09.554310397Z', duration='3600', dueDate='2025-02-15T05:48:14.554310397Z'}
    23:48:09.575 |  51 Pool-1-worker-25 | INFO  | .c.s.m.InstanceMessageReceiveService : Received schedule quiz start for quiz exercise 3729
    23:48:09.576 |  51 Pool-1-worker-25 | DEBUG | t.c.a.a.e.s.ExerciseLifecycleService : Scheduled Task for Exercise "new quiz" (#3729) to trigger on START.
    23:48:09.576 |  51 Pool-1-worker-25 | DEBUG | t.c.a.a.e.s.ExerciseLifecycleService : Scheduled 1 Tasks for Exercise "new quiz" (#3729) to trigger on DUE.

  Starting logs for QuizExerciseIntegrationTest > importQuizExerciseFromCourseToCourse_badRequest()
    23:48:09.608 |  51 Pool-1-worker-25 | DEBUG | d.t.c.a.a.c.u.util.UserUtilService   : Generate 1 students...
    23:48:09.611 |  51 Pool-1-worker-25 | DEBUG | d.t.c.a.a.c.u.util.UserUtilService   : 1 students generated. Generate 1 tutors...
    23:48:09.614 |  51 Pool-1-worker-25 | DEBUG | d.t.c.a.a.c.u.util.UserUtilService   : 1 tutors generated. Generate 1 editors...
    23:48:09.617 |  51 Pool-1-worker-25 | DEBUG | d.t.c.a.a.c.u.util.UserUtilService   : 1 editors generated. Generate 1 instructors...
    23:48:09.619 |  51 Pool-1-worker-25 | DEBUG | d.t.c.a.a.c.u.util.UserUtilService   : 1 instructors generated
    23:48:09.621 |  51 Pool-1-worker-25 | DEBUG | d.t.c.a.a.c.u.util.UserUtilService   : Removing 4 users from all courses...
    23:48:09.622 |  51 Pool-1-worker-25 | DEBUG | d.t.c.a.a.c.u.util.UserUtilService   : Removing 4 users from all courses. Done
    23:48:09.622 |  51 Pool-1-worker-25 | DEBUG | d.t.c.a.a.c.u.util.UserUtilService   : Save 4 users to database...
    23:48:09.626 |  51 Pool-1-worker-25 | DEBUG | d.t.c.a.a.c.u.util.UserUtilService   : Save 4 users to database. Done
    23:48:09.626 |  51 Pool-1-worker-25 | INFO  | i.z.t.d.l.EmbeddedDatabaseReporter   : JDBC URL to connect to 'dataSource': url='jdbc:h2:tcp://localhost:41063/mem:df70fc46-7e57-4cb5-9cd0-c1d90c14afa7;USER=sa', scope='QuizExerciseIntegrationTest#importQuizExerciseFromCourseToCourse_badRequest'
    23:48:09.633 |  51 Pool-1-worker-25 | DEBUG | d.t.c.a.a.c.s.f.ApiVersionFilter     : Adding Version to Request POST /api/quiz-exercises/import/3730
    23:48:09.634 |  51 Pool-1-worker-25 | INFO  | d.t.c.a.a.q.web.QuizExerciseResource : REST request to import from quiz exercise : 3730
    23:48:09.634 |  51 Pool-1-worker-25 | DEBUG | d.t.c.a.a.q.web.QuizExerciseResource : Either the courseId or exerciseGroupId must be set for an import
    23:48:09.634 |  51 Pool-1-worker-25 | ERROR | tech.jhipster.web.util.HeaderUtil    : Entity processing failed, Either the courseId or exerciseGroupId must be set for an import
    23:48:09.634 |  51 Pool-1-worker-25 | WARN  | o.z.p.spring.common.AdviceTraits     : Bad Request: Either the courseId or exerciseGroupId must be set for an import

  Starting logs for QuizExerciseIntegrationTest > importQuizExerciseFromCourseToCourse()
    23:48:09.648 |  51 Pool-1-worker-25 | DEBUG | d.t.c.a.a.c.u.util.UserUtilService   : Generate 1 students...
    23:48:09.651 |  51 Pool-1-worker-25 | DEBUG | d.t.c.a.a.c.u.util.UserUtilService   : 1 students generated. Generate 1 tutors...
    23:48:09.654 |  51 Pool-1-worker-25 | DEBUG | d.t.c.a.a.c.u.util.UserUtilService   : 1 tutors generated. Generate 1 editors...
    23:48:09.657 |  51 Pool-1-worker-25 | DEBUG | d.t.c.a.a.c.u.util.UserUtilService   : 1 editors generated. Generate 1 instructors...
    23:48:09.659 |  51 Pool-1-worker-25 | DEBUG | d.t.c.a.a.c.u.util.UserUtilService   : 1 instructors generated
    23:48:09.662 |  51 Pool-1-worker-25 | DEBUG | d.t.c.a.a.c.u.util.UserUtilService   : Removing 4 users from all courses...
    23:48:09.662 |  51 Pool-1-worker-25 | DEBUG | d.t.c.a.a.c.u.util.UserUtilService   : Removing 4 users from all courses. Done
    23:48:09.662 |  51 Pool-1-worker-25 | DEBUG | d.t.c.a.a.c.u.util.UserUtilService   : Save 4 users to database...
    23:48:09.666 |  51 Pool-1-worker-25 | DEBUG | d.t.c.a.a.c.u.util.UserUtilService   : Save 4 users to database. Done
    23:48:09.666 |  51 Pool-1-worker-25 | INFO  | i.z.t.d.l.EmbeddedDatabaseReporter   : JDBC URL to connect to 'dataSource': url='jdbc:h2:tcp://localhost:41063/mem:df70fc46-7e57-4cb5-9cd0-c1d90c14afa7;USER=sa', scope='QuizExerciseIntegrationTest#importQuizExerciseFromCourseToCourse'
    23:48:09.668 |  51 Pool-1-worker-25 | DEBUG | d.t.c.a.a.q.s.QuizExerciseService    : Save quiz exercise to database: QuizExercise{id=null, title='new quiz', randomizeQuestionOrder='true', allowedNumberOfAttempts='1', isOpenForPractice='false', releaseDate='2025-02-15T01:48:09.666520569Z[Etc/UTC]', duration='120', dueDate='2025-02-15T01:50:14.666520569Z[Etc/UTC]'}
    23:48:09.678 |  51 Pool-1-worker-25 | INFO  | .c.s.m.InstanceMessageReceiveService : Received schedule quiz start for quiz exercise 3731
    23:48:09.680 |  51 Pool-1-worker-25 | DEBUG | t.c.a.a.e.s.ExerciseLifecycleService : Scheduled Task for Exercise "new quiz" (#3731) to trigger on START.
    23:48:09.680 |  51 Pool-1-worker-25 | DEBUG | t.c.a.a.e.s.ExerciseLifecycleService : Scheduled 1 Tasks for Exercise "new quiz" (#3731) to trigger on DUE.
    23:48:09.682 |  51 Pool-1-worker-25 | DEBUG | d.t.c.a.a.c.s.f.ApiVersionFilter     : Adding Version to Request POST /api/quiz-exercises/import/3731
    23:48:09.684 |  51 Pool-1-worker-25 | INFO  | d.t.c.a.a.q.web.QuizExerciseResource : REST request to import from quiz exercise : 3731
    23:48:09.686 |  51 Pool-1-worker-25 | DEBUG | .c.a.a.q.s.QuizExerciseImportService : Creating a new Exercise based on exercise QuizExercise{id=3731, title='new quiz', randomizeQuestionOrder='true', allowedNumberOfAttempts='1', isOpenForPractice='false', releaseDate='2025-02-15T01:48:09.666521Z', duration='120', dueDate='2025-02-15T01:50:14.666521Z'}
    23:48:09.686 |  51 Pool-1-worker-25 | DEBUG | .c.a.a.q.s.QuizExerciseImportService : Copying the exercise basis from QuizExercise{id=3731, title='new quiz', randomizeQuestionOrder='true', allowedNumberOfAttempts='1', isOpenForPractice='false', releaseDate='2025-02-15T01:48:09.666520569Z', duration='120', dueDate='2025-02-15T01:50:14.666520569Z'}
    23:48:09.686 |  51 Pool-1-worker-25 | DEBUG | .c.a.a.q.s.QuizExerciseImportService : Copying the QuizQuestions to new QuizExercise: QuizExercise{id=null, title='new quiz', randomizeQuestionOrder='true', allowedNumberOfAttempts='1', isOpenForPractice='false', releaseDate='2025-02-15T01:48:09.666520569Z', duration='120', dueDate='2025-02-15T01:50:14.666520569Z'}
    23:48:09.686 |  51 Pool-1-worker-25 | WARN  | .c.a.a.q.s.QuizExerciseImportService : BackgroundFilePath of DragAndDropQuestion null is null
    23:48:09.687 |  51 Pool-1-worker-25 | DEBUG | d.t.c.a.a.core.service.FileService   : Moved File from uploads/images/drag-and-drop/drag-items/dnd_image_2025-02-14T23-48-09-667_dragItemImage2.png to uploads/images/drag-and-drop/drag-items/DragItem_2025-02-14T23-48-09-686_17a15ff9.png
    23:48:09.687 |  51 Pool-1-worker-25 | DEBUG | d.t.c.a.a.core.service.FileService   : Moved File from uploads/images/drag-and-drop/drag-items/dnd_image_2025-02-14T23-48-09-667_dragItemImage4.png to uploads/images/drag-and-drop/drag-items/DragItem_2025-02-14T23-48-09-687_6b250c04.png
    23:48:09.687 |  51 Pool-1-worker-25 | DEBUG | .c.a.a.q.s.QuizExerciseImportService : Copying the QuizBatches to new QuizExercise: QuizExercise{id=null, title='new quiz', randomizeQuestionOrder='true', allowedNumberOfAttempts='1', isOpenForPractice='false', releaseDate='2025-02-15T01:48:09.666520569Z', duration='120', dueDate='2025-02-15T01:50:14.666520569Z'}
    23:48:09.687 |  51 Pool-1-worker-25 | DEBUG | d.t.c.a.a.q.s.QuizExerciseService    : Save quiz exercise to database: QuizExercise{id=null, title='new quiz', randomizeQuestionOrder='true', allowedNumberOfAttempts='1', isOpenForPractice='false', releaseDate='2025-02-15T01:48:09.666520569Z', duration='120', dueDate='2025-02-15T01:50:14.666520569Z'}
    23:48:09.700 |  51 Pool-1-worker-25 | INFO  | .c.s.m.InstanceMessageReceiveService : Received schedule quiz start for quiz exercise 3732
    23:48:09.701 |  51 Pool-1-worker-25 | DEBUG | t.c.a.a.e.s.ExerciseLifecycleService : Scheduled Task for Exercise "new quiz" (#3732) to trigger on START.
    23:48:09.701 |  51 Pool-1-worker-25 | DEBUG | t.c.a.a.e.s.ExerciseLifecycleService : Scheduled 1 Tasks for Exercise "new quiz" (#3732) to trigger on DUE.

  Starting logs for QuizExerciseIntegrationTest > testMultipleChoiceQuizOptionExplanationLength_Invalid()
    23:48:09.724 |  51 Pool-1-worker-25 | DEBUG | d.t.c.a.a.c.u.util.UserUtilService   : Generate 1 students...
    23:48:09.726 |  51 Pool-1-worker-25 | DEBUG | d.t.c.a.a.c.u.util.UserUtilService   : 1 students generated. Generate 1 tutors...
    23:48:09.728 |  51 Pool-1-worker-25 | DEBUG | d.t.c.a.a.c.u.util.UserUtilService   : 1 tutors generated. Generate 1 editors...
    23:48:09.730 |  51 Pool-1-worker-25 | DEBUG | d.t.c.a.a.c.u.util.UserUtilService   : 1 editors generated. Generate 1 instructors...
    23:48:09.732 |  51 Pool-1-worker-25 | DEBUG | d.t.c.a.a.c.u.util.UserUtilService   : 1 instructors generated
    23:48:09.734 |  51 Pool-1-worker-25 | DEBUG | d.t.c.a.a.c.u.util.UserUtilService   : Removing 4 users from all courses...
    23:48:09.734 |  51 Pool-1-worker-25 | DEBUG | d.t.c.a.a.c.u.util.UserUtilService   : Removing 4 users from all courses. Done
    23:48:09.734 |  51 Pool-1-worker-25 | DEBUG | d.t.c.a.a.c.u.util.UserUtilService   : Save 4 users to database...
    23:48:09.737 |  51 Pool-1-worker-25 | DEBUG | d.t.c.a.a.c.u.util.UserUtilService   : Save 4 users to database. Done
    23:48:09.737 |  51 Pool-1-worker-25 | INFO  | i.z.t.d.l.EmbeddedDatabaseReporter   : JDBC URL to connect to 'dataSource': url='jdbc:h2:tcp://localhost:41063/mem:df70fc46-7e57-4cb5-9cd0-c1d90c14afa7;USER=sa', scope='QuizExerciseIntegrationTest#testMultipleChoiceQuizOptionExplanationLength_Invalid'
    23:48:09.738 |  51 Pool-1-worker-25 | DEBUG | d.t.c.a.a.c.s.f.ApiVersionFilter     : Adding Version to Request POST /api/quiz-exercises
    23:48:09.739 |  51 Pool-1-worker-25 | INFO  | d.t.c.a.a.q.web.QuizExerciseResource : REST request to create QuizExercise : QuizExercise{id=null, title='new quiz', randomizeQuestionOrder='true', allowedNumberOfAttempts='1', isOpenForPractice='false', releaseDate='2025-02-15T04:48:09.737915322Z', duration='120', dueDate='null'}
    23:48:09.740 |  51 Pool-1-worker-25 | DEBUG | d.t.c.a.a.q.s.QuizExerciseService    : Save quiz exercise to database: QuizExercise{id=null, title='new quiz', randomizeQuestionOrder='true', allowedNumberOfAttempts='1', isOpenForPractice='false', releaseDate='2025-02-15T04:48:09.737915322Z', duration='120', dueDate='2025-02-15T04:50:14.737915322Z'}
    23:48:09.741 |  51 Pool-1-worker-25 | WARN  | o.h.e.jdbc.spi.SqlExceptionHelper    : SQL Error: 22001, SQLState: 22001
    23:48:09.741 |  51 Pool-1-worker-25 | ERROR | o.h.e.jdbc.spi.SqlExceptionHelper    : Value too long for column "EXPLANATION CHARACTER VARYING(500)": "'0000000000000000000000000000000000000000000000000000000000000000000000000000000... (501)"; SQL statement:
insert into answer_option (explanation,hint,invalid,is_correct,question_id,text,id) values (?,?,?,?,?,?,default) [22001-224]
    23:48:09.743 |  51 Pool-1-worker-25 | ERROR | o.z.p.spring.common.AdviceTraits     : Internal Server Error
org.springframework.dao.DataIntegrityViolationException: could not execute statement [Value too long for column "EXPLANATION CHARACTER VARYING(500)": "'0000000000000000000000000000000000000000000000000000000000000000000000000000000... (501)"; SQL statement:
insert into answer_option (explanation,hint,invalid,is_correct,question_id,text,id) values (?,?,?,?,?,?,default) [22001-224]] [insert into answer_option (explanation,hint,invalid,is_correct,question_id,text,id) values (?,?,?,?,?,?,default)]; SQL [insert into answer_option (explanation,hint,invalid,is_correct,question_id,text,id) values (?,?,?,?,?,?,default)]
	at org.springframework.orm.jpa.vendor.HibernateJpaDialect.convertHibernateAccessException(HibernateJpaDialect.java:293)
	at org.springframework.orm.jpa.vendor.HibernateJpaDialect.translateExceptionIfPossible(HibernateJpaDialect.java:241)
	at org.springframework.orm.jpa.AbstractEntityManagerFactoryBean.translateExceptionIfPossible(AbstractEntityManagerFactoryBean.java:560)
	at org.springframework.dao.support.ChainedPersistenceExceptionTranslator.translateExceptionIfPossible(ChainedPersistenceExceptionTranslator.java:61)
	at org.springframework.dao.support.DataAccessUtils.translateIfNecessary(DataAccessUtils.java:343)
	at org.springframework.dao.support.PersistenceExceptionTranslationInterceptor.invoke(PersistenceExceptionTranslationInterceptor.java:160)
	at org.springframework.aop.framework.ReflectiveMethodInvocation.proceed(ReflectiveMethodInvocation.java:184)
	at org.springframework.data.jpa.repository.support.CrudMethodMetadataPostProcessor$CrudMethodMetadataPopulatingMethodInterceptor.invoke(CrudMethodMetadataPostProcessor.java:165)
	at org.springframework.aop.framework.ReflectiveMethodInvocation.proceed(ReflectiveMethodInvocation.java:184)
	at org.springframework.aop.framework.JdkDynamicAopProxy.invoke(JdkDynamicAopProxy.java:223)
	at jdk.proxy3/jdk.proxy3.$Proxy449.saveAndFlush(Unknown Source)
	at de.tum.cit.aet.artemis.quiz.service.QuizExerciseService.saveAndFlush(QuizExerciseService.java:464)
	at de.tum.cit.aet.artemis.quiz.service.QuizExerciseService.saveAndFlush(QuizExerciseService.java:62)
	at de.tum.cit.aet.artemis.quiz.service.QuizService.save(QuizService.java:76)
	at de.tum.cit.aet.artemis.quiz.service.QuizExerciseService.lambda$save$5(QuizExerciseService.java:435)
	at de.tum.cit.aet.artemis.exercise.service.ExerciseService.saveWithCompetencyLinks(ExerciseService.java:816)
	at java.base/jdk.internal.reflect.DirectMethodHandleAccessor.invoke(DirectMethodHandleAccessor.java:103)
	at java.base/java.lang.reflect.Method.invoke(Method.java:580)
	at org.springframework.aop.support.AopUtils.invokeJoinpointUsingReflection(AopUtils.java:359)
	at org.springframework.aop.framework.CglibAopProxy$DynamicAdvisedInterceptor.intercept(CglibAopProxy.java:723)
	at de.tum.cit.aet.artemis.exercise.service.ExerciseService$$SpringCGLIB$$0.saveWithCompetencyLinks(<generated>)
	at de.tum.cit.aet.artemis.quiz.service.QuizExerciseService.save(QuizExerciseService.java:435)
	at de.tum.cit.aet.artemis.quiz.web.QuizExerciseResource.createQuizExercise(QuizExerciseResource.java:240)
	at java.base/jdk.internal.reflect.DirectMethodHandleAccessor.invoke(DirectMethodHandleAccessor.java:103)
	at java.base/java.lang.reflect.Method.invoke(Method.java:580)
	at org.springframework.aop.support.AopUtils.invokeJoinpointUsingReflection(AopUtils.java:359)
	at org.springframework.aop.framework.ReflectiveMethodInvocation.invokeJoinpoint(ReflectiveMethodInvocation.java:196)
	at org.springframework.aop.framework.ReflectiveMethodInvocation.proceed(ReflectiveMethodInvocation.java:163)
	at org.springframework.security.authorization.method.AuthorizationManagerBeforeMethodInterceptor.proceed(AuthorizationManagerBeforeMethodInterceptor.java:268)
	at org.springframework.security.authorization.method.AuthorizationManagerBeforeMethodInterceptor.attemptAuthorization(AuthorizationManagerBeforeMethodInterceptor.java:263)
	at org.springframework.security.authorization.method.AuthorizationManagerBeforeMethodInterceptor.invoke(AuthorizationManagerBeforeMethodInterceptor.java:196)
	at org.springframework.security.config.annotation.method.configuration.DeferringMethodInterceptor.invoke(DeferringMethodInterceptor.java:44)
	at org.springframework.aop.framework.ReflectiveMethodInvocation.proceed(ReflectiveMethodInvocation.java:184)
	at org.springframework.aop.interceptor.ExposeInvocationInterceptor.invoke(ExposeInvocationInterceptor.java:97)
	at org.springframework.aop.framework.ReflectiveMethodInvocation.proceed(ReflectiveMethodInvocation.java:184)
	at org.springframework.aop.framework.CglibAopProxy$DynamicAdvisedInterceptor.intercept(CglibAopProxy.java:727)
	at de.tum.cit.aet.artemis.quiz.web.QuizExerciseResource$$SpringCGLIB$$0.createQuizExercise(<generated>)
	at java.base/jdk.internal.reflect.DirectMethodHandleAccessor.invoke(DirectMethodHandleAccessor.java:103)
	at java.base/java.lang.reflect.Method.invoke(Method.java:580)
	at org.springframework.web.method.support.InvocableHandlerMethod.doInvoke(InvocableHandlerMethod.java:257)
	at org.springframework.web.method.support.InvocableHandlerMethod.invokeForRequest(InvocableHandlerMethod.java:190)
	at org.springframework.web.servlet.mvc.method.annotation.ServletInvocableHandlerMethod.invokeAndHandle(ServletInvocableHandlerMethod.java:118)
	at org.springframework.web.servlet.mvc.method.annotation.RequestMappingHandlerAdapter.invokeHandlerMethod(RequestMappingHandlerAdapter.java:986)
	at org.springframework.web.servlet.mvc.method.annotation.RequestMappingHandlerAdapter.handleInternal(RequestMappingHandlerAdapter.java:891)
	at org.springframework.web.servlet.mvc.method.AbstractHandlerMethodAdapter.handle(AbstractHandlerMethodAdapter.java:87)
	at org.springframework.web.servlet.DispatcherServlet.doDispatch(DispatcherServlet.java:1088)
	at org.springframework.web.servlet.DispatcherServlet.doService(DispatcherServlet.java:978)
	at org.springframework.web.servlet.FrameworkServlet.processRequest(FrameworkServlet.java:1014)
	at org.springframework.web.servlet.FrameworkServlet.doPost(FrameworkServlet.java:914)
	at jakarta.servlet.http.HttpServlet.service(HttpServlet.java:547)
	at org.springframework.web.servlet.FrameworkServlet.service(FrameworkServlet.java:885)
	at org.springframework.test.web.servlet.TestDispatcherServlet.service(TestDispatcherServlet.java:72)
	at jakarta.servlet.http.HttpServlet.service(HttpServlet.java:614)
	at org.springframework.mock.web.MockFilterChain$ServletFilterProxy.doFilter(MockFilterChain.java:165)
	at org.springframework.mock.web.MockFilterChain.doFilter(MockFilterChain.java:132)
	at org.springframework.web.filter.OncePerRequestFilter.doFilter(OncePerRequestFilter.java:110)
	at org.springframework.test.web.servlet.setup.MockMvcFilterDecorator.doFilter(MockMvcFilterDecorator.java:162)
	at org.springframework.mock.web.MockFilterChain.doFilter(MockFilterChain.java:132)
	at de.tum.cit.aet.artemis.core.security.filter.ApiVersionFilter.doFilter(ApiVersionFilter.java:55)
	at org.springframework.test.web.servlet.setup.MockMvcFilterDecorator.doFilter(MockMvcFilterDecorator.java:162)
	at org.springframework.mock.web.MockFilterChain.doFilter(MockFilterChain.java:132)
	at io.sentry.spring.jakarta.SentryUserFilter.doFilterInternal(SentryUserFilter.java:56)
	at org.springframework.web.filter.OncePerRequestFilter.doFilter(OncePerRequestFilter.java:116)
	at org.springframework.test.web.servlet.setup.MockMvcFilterDecorator.doFilter(MockMvcFilterDecorator.java:162)
	at org.springframework.mock.web.MockFilterChain.doFilter(MockFilterChain.java:132)
	at org.springframework.web.filter.CompositeFilter$VirtualFilterChain.doFilter(CompositeFilter.java:108)
	at org.springframework.security.web.FilterChainProxy.lambda$doFilterInternal$3(FilterChainProxy.java:231)
	at org.springframework.security.web.ObservationFilterChainDecorator$FilterObservation$SimpleFilterObservation.lambda$wrap$1(ObservationFilterChainDecorator.java:479)
	at org.springframework.security.web.ObservationFilterChainDecorator$AroundFilterObservation$SimpleAroundFilterObservation.lambda$wrap$1(ObservationFilterChainDecorator.java:340)
	at org.springframework.security.web.ObservationFilterChainDecorator.lambda$wrapSecured$0(ObservationFilterChainDecorator.java:82)
	at org.springframework.security.web.ObservationFilterChainDecorator$VirtualFilterChain.doFilter(ObservationFilterChainDecorator.java:128)
	at org.springframework.security.web.access.intercept.AuthorizationFilter.doFilter(AuthorizationFilter.java:101)
	at org.springframework.security.web.ObservationFilterChainDecorator$ObservationFilter.wrapFilter(ObservationFilterChainDecorator.java:240)
	at org.springframework.security.web.ObservationFilterChainDecorator$ObservationFilter.doFilter(ObservationFilterChainDecorator.java:227)
	at org.springframework.security.web.ObservationFilterChainDecorator$VirtualFilterChain.doFilter(ObservationFilterChainDecorator.java:137)
	at org.springframework.security.web.access.ExceptionTranslationFilter.doFilter(ExceptionTranslationFilter.java:126)
	at org.springframework.security.web.access.ExceptionTranslationFilter.doFilter(ExceptionTranslationFilter.java:120)
	at org.springframework.security.web.ObservationFilterChainDecorator$ObservationFilter.wrapFilter(ObservationFilterChainDecorator.java:240)
	at org.springframework.security.web.ObservationFilterChainDecorator$ObservationFilter.doFilter(ObservationFilterChainDecorator.java:227)
	at org.springframework.security.web.ObservationFilterChainDecorator$VirtualFilterChain.doFilter(ObservationFilterChainDecorator.java:137)
	at org.springframework.security.web.session.SessionManagementFilter.doFilter(SessionManagementFilter.java:131)
	at org.springframework.security.web.session.SessionManagementFilter.doFilter(SessionManagementFilter.java:85)
	at org.springframework.security.web.ObservationFilterChainDecorator$ObservationFilter.wrapFilter(ObservationFilterChainDecorator.java:240)
	at org.springframework.security.web.ObservationFilterChainDecorator$ObservationFilter.doFilter(ObservationFilterChainDecorator.java:227)
	at org.springframework.security.web.ObservationFilterChainDecorator$VirtualFilterChain.doFilter(ObservationFilterChainDecorator.java:137)
	at org.springframework.security.web.authentication.AnonymousAuthenticationFilter.doFilter(AnonymousAuthenticationFilter.java:100)
	at org.springframework.security.web.ObservationFilterChainDecorator$ObservationFilter.wrapFilter(ObservationFilterChainDecorator.java:240)
	at org.springframework.security.web.ObservationFilterChainDecorator$ObservationFilter.doFilter(ObservationFilterChainDecorator.java:227)
	at org.springframework.security.web.ObservationFilterChainDecorator$VirtualFilterChain.doFilter(ObservationFilterChainDecorator.java:137)
	at org.springframework.security.web.servletapi.SecurityContextHolderAwareRequestFilter.doFilter(SecurityContextHolderAwareRequestFilter.java:179)
	at org.springframework.security.web.ObservationFilterChainDecorator$ObservationFilter.wrapFilter(ObservationFilterChainDecorator.java:240)
	at org.springframework.security.web.ObservationFilterChainDecorator$ObservationFilter.doFilter(ObservationFilterChainDecorator.java:227)
	at org.springframework.security.web.ObservationFilterChainDecorator$VirtualFilterChain.doFilter(ObservationFilterChainDecorator.java:137)
	at org.springframework.security.web.savedrequest.RequestCacheAwareFilter.doFilter(RequestCacheAwareFilter.java:63)
	at org.springframework.security.web.ObservationFilterChainDecorator$ObservationFilter.wrapFilter(ObservationFilterChainDecorator.java:240)
	at org.springframework.security.web.ObservationFilterChainDecorator$ObservationFilter.doFilter(ObservationFilterChainDecorator.java:227)
	at org.springframework.security.web.ObservationFilterChainDecorator$VirtualFilterChain.doFilter(ObservationFilterChainDecorator.java:137)
	at de.tum.cit.aet.artemis.core.security.filter.SpaWebFilter.doFilterInternal(SpaWebFilter.java:23)
	at org.springframework.web.filter.OncePerRequestFilter.doFilter(OncePerRequestFilter.java:116)
	at org.springframework.security.web.ObservationFilterChainDecorator$ObservationFilter.wrapFilter(ObservationFilterChainDecorator.java:240)
	at org.springframework.security.web.ObservationFilterChainDecorator$ObservationFilter.doFilter(ObservationFilterChainDecorator.java:227)
	at org.springframework.security.web.ObservationFilterChainDecorator$VirtualFilterChain.doFilter(ObservationFilterChainDecorator.java:137)
	at org.springframework.web.filter.OncePerRequestFilter.doFilter(OncePerRequestFilter.java:110)
	at org.springframework.security.web.ObservationFilterChainDecorator$ObservationFilter.wrapFilter(ObservationFilterChainDecorator.java:240)
	at org.springframework.security.web.ObservationFilterChainDecorator$ObservationFilter.doFilter(ObservationFilterChainDecorator.java:227)
	at org.springframework.security.web.ObservationFilterChainDecorator$VirtualFilterChain.doFilter(ObservationFilterChainDecorator.java:137)
	at de.tum.cit.aet.artemis.lti.config.Lti13LaunchFilter.doFilterInternal(Lti13LaunchFilter.java:60)
	at org.springframework.web.filter.OncePerRequestFilter.doFilter(OncePerRequestFilter.java:116)
	at org.springframework.security.web.ObservationFilterChainDecorator$ObservationFilter.wrapFilter(ObservationFilterChainDecorator.java:240)
	at org.springframework.security.web.ObservationFilterChainDecorator$ObservationFilter.doFilter(ObservationFilterChainDecorator.java:227)
	at org.springframework.security.web.ObservationFilterChainDecorator$VirtualFilterChain.doFilter(ObservationFilterChainDecorator.java:137)
	at de.tum.cit.aet.artemis.core.security.jwt.JWTFilter.doFilter(JWTFilter.java:55)
	at org.springframework.security.web.ObservationFilterChainDecorator$ObservationFilter.wrapFilter(ObservationFilterChainDecorator.java:240)
	at org.springframework.security.web.ObservationFilterChainDecorator$ObservationFilter.doFilter(ObservationFilterChainDecorator.java:227)
	at org.springframework.security.web.ObservationFilterChainDecorator$VirtualFilterChain.doFilter(ObservationFilterChainDecorator.java:137)
	at de.tum.cit.aet.artemis.core.security.jwt.JWTFilter.doFilter(JWTFilter.java:55)
	at org.springframework.security.web.ObservationFilterChainDecorator$ObservationFilter.wrapFilter(ObservationFilterChainDecorator.java:240)
	at org.springframework.security.web.ObservationFilterChainDecorator$ObservationFilter.doFilter(ObservationFilterChainDecorator.java:227)
	at org.springframework.security.web.ObservationFilterChainDecorator$VirtualFilterChain.doFilter(ObservationFilterChainDecorator.java:137)
	at org.springframework.web.filter.CorsFilter.doFilterInternal(CorsFilter.java:91)
	at org.springframework.web.filter.OncePerRequestFilter.doFilter(OncePerRequestFilter.java:116)
	at org.springframework.security.web.ObservationFilterChainDecorator$ObservationFilter.wrapFilter(ObservationFilterChainDecorator.java:240)
	at org.springframework.security.web.ObservationFilterChainDecorator$ObservationFilter.doFilter(ObservationFilterChainDecorator.java:227)
	at org.springframework.security.web.ObservationFilterChainDecorator$VirtualFilterChain.doFilter(ObservationFilterChainDecorator.java:137)
	at org.springframework.web.filter.OncePerRequestFilter.doFilter(OncePerRequestFilter.java:110)
	at org.springframework.security.web.ObservationFilterChainDecorator$ObservationFilter.wrapFilter(ObservationFilterChainDecorator.java:240)
	at org.springframework.security.web.ObservationFilterChainDecorator$ObservationFilter.doFilter(ObservationFilterChainDecorator.java:227)
	at org.springframework.security.web.ObservationFilterChainDecorator$VirtualFilterChain.doFilter(ObservationFilterChainDecorator.java:137)
	at uk.ac.ox.ctl.lti13.security.oauth2.client.lti.web.OAuth2AuthorizationRequestRedirectFilter.doFilterInternal(OAuth2AuthorizationRequestRedirectFilter.java:142)
	at org.springframework.web.filter.OncePerRequestFilter.doFilter(OncePerRequestFilter.java:116)
	at org.springframework.security.web.ObservationFilterChainDecorator$ObservationFilter.wrapFilter(ObservationFilterChainDecorator.java:240)
	at org.springframework.security.web.ObservationFilterChainDecorator$ObservationFilter.doFilter(ObservationFilterChainDecorator.java:227)
	at org.springframework.security.web.ObservationFilterChainDecorator$VirtualFilterChain.doFilter(ObservationFilterChainDecorator.java:137)
	at org.springframework.security.web.authentication.logout.LogoutFilter.doFilter(LogoutFilter.java:107)
	at org.springframework.security.web.authentication.logout.LogoutFilter.doFilter(LogoutFilter.java:93)
	at org.springframework.security.web.ObservationFilterChainDecorator$ObservationFilter.wrapFilter(ObservationFilterChainDecorator.java:240)
	at org.springframework.security.web.ObservationFilterChainDecorator$ObservationFilter.doFilter(ObservationFilterChainDecorator.java:227)
	at org.springframework.security.web.ObservationFilterChainDecorator$VirtualFilterChain.doFilter(ObservationFilterChainDecorator.java:137)
	at org.springframework.security.web.header.HeaderWriterFilter.doHeadersAfter(HeaderWriterFilter.java:90)
	at org.springframework.security.web.header.HeaderWriterFilter.doFilterInternal(HeaderWriterFilter.java:75)
	at org.springframework.web.filter.OncePerRequestFilter.doFilter(OncePerRequestFilter.java:116)
	at org.springframework.security.web.ObservationFilterChainDecorator$ObservationFilter.wrapFilter(ObservationFilterChainDecorator.java:240)
	at org.springframework.security.web.ObservationFilterChainDecorator$ObservationFilter.doFilter(ObservationFilterChainDecorator.java:227)
	at org.springframework.security.web.ObservationFilterChainDecorator$VirtualFilterChain.doFilter(ObservationFilterChainDecorator.java:137)
	at org.springframework.security.web.context.SecurityContextHolderFilter.doFilter(SecurityContextHolderFilter.java:82)
	at org.springframework.security.web.context.SecurityContextHolderFilter.doFilter(SecurityContextHolderFilter.java:69)
	at org.springframework.security.web.ObservationFilterChainDecorator$ObservationFilter.wrapFilter(ObservationFilterChainDecorator.java:240)
	at org.springframework.security.web.ObservationFilterChainDecorator$ObservationFilter.doFilter(ObservationFilterChainDecorator.java:227)
	at org.springframework.security.web.ObservationFilterChainDecorator$VirtualFilterChain.doFilter(ObservationFilterChainDecorator.java:137)
	at org.springframework.security.web.context.request.async.WebAsyncManagerIntegrationFilter.doFilterInternal(WebAsyncManagerIntegrationFilter.java:62)
	at org.springframework.web.filter.OncePerRequestFilter.doFilter(OncePerRequestFilter.java:116)
	at org.springframework.security.web.ObservationFilterChainDecorator$ObservationFilter.wrapFilter(ObservationFilterChainDecorator.java:240)
	at org.springframework.security.web.ObservationFilterChainDecorator$ObservationFilter.doFilter(ObservationFilterChainDecorator.java:227)
	at org.springframework.security.web.ObservationFilterChainDecorator$VirtualFilterChain.doFilter(ObservationFilterChainDecorator.java:137)
	at org.springframework.security.web.session.DisableEncodeUrlFilter.doFilterInternal(DisableEncodeUrlFilter.java:42)
	at org.springframework.web.filter.OncePerRequestFilter.doFilter(OncePerRequestFilter.java:116)
	at org.springframework.security.web.ObservationFilterChainDecorator$ObservationFilter.wrapFilter(ObservationFilterChainDecorator.java:240)
	at org.springframework.security.web.ObservationFilterChainDecorator$AroundFilterObservation$SimpleAroundFilterObservation.lambda$wrap$0(ObservationFilterChainDecorator.java:323)
	at org.springframework.security.web.ObservationFilterChainDecorator$ObservationFilter.doFilter(ObservationFilterChainDecorator.java:224)
	at org.springframework.security.web.ObservationFilterChainDecorator$VirtualFilterChain.doFilter(ObservationFilterChainDecorator.java:137)
	at org.springframework.security.web.FilterChainProxy.doFilterInternal(FilterChainProxy.java:233)
	at org.springframework.security.web.FilterChainProxy.doFilter(FilterChainProxy.java:191)
	at org.springframework.web.filter.CompositeFilter$VirtualFilterChain.doFilter(CompositeFilter.java:113)
	at org.springframework.web.servlet.handler.HandlerMappingIntrospector.lambda$createCacheFilter$3(HandlerMappingIntrospector.java:243)
	at org.springframework.web.filter.CompositeFilter$VirtualFilterChain.doFilter(CompositeFilter.java:113)
	at org.springframework.web.filter.CompositeFilter.doFilter(CompositeFilter.java:74)
	at org.springframework.security.config.annotation.web.configuration.WebMvcSecurityConfiguration$CompositeFilterChainProxy.doFilter(WebMvcSecurityConfiguration.java:238)
	at org.springframework.web.filter.DelegatingFilterProxy.invokeDelegate(DelegatingFilterProxy.java:362)
	at org.springframework.web.filter.DelegatingFilterProxy.doFilter(DelegatingFilterProxy.java:278)
	at org.springframework.test.web.servlet.setup.MockMvcFilterDecorator.doFilter(MockMvcFilterDecorator.java:162)
	at org.springframework.mock.web.MockFilterChain.doFilter(MockFilterChain.java:132)
	at org.springframework.web.filter.RequestContextFilter.doFilterInternal(RequestContextFilter.java:100)
	at org.springframework.web.filter.OncePerRequestFilter.doFilter(OncePerRequestFilter.java:116)
	at org.springframework.test.web.servlet.setup.MockMvcFilterDecorator.doFilter(MockMvcFilterDecorator.java:162)
	at org.springframework.mock.web.MockFilterChain.doFilter(MockFilterChain.java:132)
	at org.springframework.web.filter.FormContentFilter.doFilterInternal(FormContentFilter.java:93)
	at org.springframework.web.filter.OncePerRequestFilter.doFilter(OncePerRequestFilter.java:116)
	at org.springframework.test.web.servlet.setup.MockMvcFilterDecorator.doFilter(MockMvcFilterDecorator.java:162)
	at org.springframework.mock.web.MockFilterChain.doFilter(MockFilterChain.java:132)
	at org.springframework.web.filter.ServerHttpObservationFilter.doFilterInternal(ServerHttpObservationFilter.java:114)
	at org.springframework.web.filter.OncePerRequestFilter.doFilter(OncePerRequestFilter.java:116)
	at org.springframework.test.web.servlet.setup.MockMvcFilterDecorator.doFilter(MockMvcFilterDecorator.java:162)
	at org.springframework.mock.web.MockFilterChain.doFilter(MockFilterChain.java:132)
	at io.sentry.spring.jakarta.tracing.SentryTracingFilter.doFilterInternal(SentryTracingFilter.java:91)
	at org.springframework.web.filter.OncePerRequestFilter.doFilter(OncePerRequestFilter.java:116)
	at org.springframework.test.web.servlet.setup.MockMvcFilterDecorator.doFilter(MockMvcFilterDecorator.java:162)
	at org.springframework.mock.web.MockFilterChain.doFilter(MockFilterChain.java:132)
	at org.springframework.web.filter.CharacterEncodingFilter.doFilterInternal(CharacterEncodingFilter.java:201)
	at org.springframework.web.filter.OncePerRequestFilter.doFilter(OncePerRequestFilter.java:116)
	at org.springframework.test.web.servlet.setup.MockMvcFilterDecorator.doFilter(MockMvcFilterDecorator.java:162)
	at org.springframework.mock.web.MockFilterChain.doFilter(MockFilterChain.java:132)
	at io.sentry.spring.jakarta.SentrySpringFilter.doFilterInternal(SentrySpringFilter.java:76)
	at org.springframework.web.filter.OncePerRequestFilter.doFilter(OncePerRequestFilter.java:116)
	at org.springframework.test.web.servlet.setup.MockMvcFilterDecorator.doFilter(MockMvcFilterDecorator.java:162)
	at org.springframework.mock.web.MockFilterChain.doFilter(MockFilterChain.java:132)
	at org.springframework.test.web.servlet.MockMvc.perform(MockMvc.java:201)
	at de.tum.cit.aet.artemis.core.util.RequestUtilService.performMvcRequest(RequestUtilService.java:79)
	at de.tum.cit.aet.artemis.quiz.QuizExerciseIntegrationTest.createQuizExerciseWithFiles(QuizExerciseIntegrationTest.java:250)
	at de.tum.cit.aet.artemis.quiz.QuizExerciseIntegrationTest.testMultipleChoiceQuizOptionExplanationLength_Invalid(QuizExerciseIntegrationTest.java:1565)
	at java.base/jdk.internal.reflect.DirectMethodHandleAccessor.invoke(DirectMethodHandleAccessor.java:103)
	at java.base/java.lang.reflect.Method.invoke(Method.java:580)
	at org.junit.platform.commons.util.ReflectionUtils.invokeMethod(ReflectionUtils.java:767)
	at org.junit.jupiter.engine.execution.MethodInvocation.proceed(MethodInvocation.java:60)
	at org.junit.jupiter.engine.execution.InvocationInterceptorChain$ValidatingInvocation.proceed(InvocationInterceptorChain.java:131)
	at org.junit.jupiter.engine.extension.TimeoutExtension.intercept(TimeoutExtension.java:156)
	at org.junit.jupiter.engine.extension.TimeoutExtension.interceptTestableMethod(TimeoutExtension.java:147)
	at org.junit.jupiter.engine.extension.TimeoutExtension.interceptTestMethod(TimeoutExtension.java:86)
	at org.junit.jupiter.engine.execution.InterceptingExecutableInvoker$ReflectiveInterceptorCall.lambda$ofVoidMethod$0(InterceptingExecutableInvoker.java:103)
	at org.junit.jupiter.engine.execution.InterceptingExecutableInvoker.lambda$invoke$0(InterceptingExecutableInvoker.java:93)
	at org.junit.jupiter.engine.execution.InvocationInterceptorChain$InterceptedInvocation.proceed(InvocationInterceptorChain.java:106)
	at org.junit.jupiter.engine.execution.InvocationInterceptorChain.proceed(InvocationInterceptorChain.java:64)
	at org.junit.jupiter.engine.execution.InvocationInterceptorChain.chainAndInvoke(InvocationInterceptorChain.java:45)
	at org.junit.jupiter.engine.execution.InvocationInterceptorChain.invoke(InvocationInterceptorChain.java:37)
	at org.junit.jupiter.engine.execution.InterceptingExecutableInvoker.invoke(InterceptingExecutableInvoker.java:92)
	at org.junit.jupiter.engine.execution.InterceptingExecutableInvoker.invoke(InterceptingExecutableInvoker.java:86)
	at org.junit.jupiter.engine.descriptor.TestMethodTestDescriptor.lambda$invokeTestMethod$8(TestMethodTestDescriptor.java:217)
	at org.junit.platform.engine.support.hierarchical.ThrowableCollector.execute(ThrowableCollector.java:73)
	at org.junit.jupiter.engine.descriptor.TestMethodTestDescriptor.invokeTestMethod(TestMethodTestDescriptor.java:213)
	at org.junit.jupiter.engine.descriptor.TestMethodTestDescriptor.execute(TestMethodTestDescriptor.java:138)
	at org.junit.jupiter.engine.descriptor.TestMethodTestDescriptor.execute(TestMethodTestDescriptor.java:68)
	at org.junit.platform.engine.support.hierarchical.NodeTestTask.lambda$executeRecursively$6(NodeTestTask.java:156)
	at org.junit.platform.engine.support.hierarchical.ThrowableCollector.execute(ThrowableCollector.java:73)
	at org.junit.platform.engine.support.hierarchical.NodeTestTask.lambda$executeRecursively$8(NodeTestTask.java:146)
	at org.junit.platform.engine.support.hierarchical.Node.around(Node.java:137)
	at org.junit.platform.engine.support.hierarchical.NodeTestTask.lambda$executeRecursively$9(NodeTestTask.java:144)
	at org.junit.platform.engine.support.hierarchical.ThrowableCollector.execute(ThrowableCollector.java:73)
	at org.junit.platform.engine.support.hierarchical.NodeTestTask.executeRecursively(NodeTestTask.java:143)
	at org.junit.platform.engine.support.hierarchical.NodeTestTask.execute(NodeTestTask.java:100)
	at org.junit.platform.engine.support.hierarchical.ForkJoinPoolHierarchicalTestExecutorService$ExclusiveTask.exec(ForkJoinPoolHierarchicalTestExecutorService.java:274)
	at org.junit.platform.engine.support.hierarchical.ForkJoinPoolHierarchicalTestExecutorService$ExclusiveTask.execSync(ForkJoinPoolHierarchicalTestExecutorService.java:247)
	at org.junit.platform.engine.support.hierarchical.ForkJoinPoolHierarchicalTestExecutorService.executeSync(ForkJoinPoolHierarchicalTestExecutorService.java:194)
	at org.junit.platform.engine.support.hierarchical.ForkJoinPoolHierarchicalTestExecutorService.invokeAll(ForkJoinPoolHierarchicalTestExecutorService.java:166)
	at org.junit.platform.engine.support.hierarchical.NodeTestTask.lambda$executeRecursively$6(NodeTestTask.java:160)
	at org.junit.platform.engine.support.hierarchical.ThrowableCollector.execute(ThrowableCollector.java:73)
	at org.junit.platform.engine.support.hierarchical.NodeTestTask.lambda$executeRecursively$8(NodeTestTask.java:146)
	at org.junit.platform.engine.support.hierarchical.Node.around(Node.java:137)
	at org.junit.platform.engine.support.hierarchical.NodeTestTask.lambda$executeRecursively$9(NodeTestTask.java:144)
	at org.junit.platform.engine.support.hierarchical.ThrowableCollector.execute(ThrowableCollector.java:73)
	at org.junit.platform.engine.support.hierarchical.NodeTestTask.executeRecursively(NodeTestTask.java:143)
	at org.junit.platform.engine.support.hierarchical.NodeTestTask.execute(NodeTestTask.java:100)
	at org.junit.platform.engine.support.hierarchical.ForkJoinPoolHierarchicalTestExecutorService$ExclusiveTask.exec(ForkJoinPoolHierarchicalTestExecutorService.java:274)
	at java.base/java.util.concurrent.ForkJoinTask.doExec(ForkJoinTask.java:387)
	at java.base/java.util.concurrent.ForkJoinPool$WorkQueue.topLevelExec(ForkJoinPool.java:1312)
	at java.base/java.util.concurrent.ForkJoinPool.scan(ForkJoinPool.java:1843)
	at java.base/java.util.concurrent.ForkJoinPool.runWorker(ForkJoinPool.java:1808)
	at java.base/java.util.concurrent.ForkJoinWorkerThread.run(ForkJoinWorkerThread.java:188)
Caused by: org.hibernate.exception.DataException: could not execute statement [Value too long for column "EXPLANATION CHARACTER VARYING(500)": "'0000000000000000000000000000000000000000000000000000000000000000000000000000000... (501)"; SQL statement:
insert into answer_option (explanation,hint,invalid,is_correct,question_id,text,id) values (?,?,?,?,?,?,default) [22001-224]] [insert into answer_option (explanation,hint,invalid,is_correct,question_id,text,id) values (?,?,?,?,?,?,default)]
	at org.hibernate.exception.internal.SQLExceptionTypeDelegate.convert(SQLExceptionTypeDelegate.java:55)
	at org.hibernate.exception.internal.StandardSQLExceptionConverter.convert(StandardSQLExceptionConverter.java:58)
	at org.hibernate.engine.jdbc.spi.SqlExceptionHelper.convert(SqlExceptionHelper.java:108)
	at org.hibernate.engine.jdbc.internal.ResultSetReturnImpl.executeUpdate(ResultSetReturnImpl.java:197)
	at org.hibernate.id.insert.GetGeneratedKeysDelegate.performInsert(GetGeneratedKeysDelegate.java:107)
	at org.hibernate.engine.jdbc.mutation.internal.MutationExecutorPostInsertSingleTable.execute(MutationExecutorPostInsertSingleTable.java:100)
	at org.hibernate.persister.entity.mutation.InsertCoordinator.doStaticInserts(InsertCoordinator.java:175)
	at org.hibernate.persister.entity.mutation.InsertCoordinator.coordinateInsert(InsertCoordinator.java:113)
	at org.hibernate.persister.entity.AbstractEntityPersister.insert(AbstractEntityPersister.java:2862)
	at org.hibernate.action.internal.EntityIdentityInsertAction.execute(EntityIdentityInsertAction.java:81)
	at org.hibernate.engine.spi.ActionQueue.execute(ActionQueue.java:670)
	at org.hibernate.engine.spi.ActionQueue.addResolvedEntityInsertAction(ActionQueue.java:291)
	at org.hibernate.engine.spi.ActionQueue.addInsertAction(ActionQueue.java:272)
	at org.hibernate.engine.spi.ActionQueue.addAction(ActionQueue.java:322)
	at org.hibernate.event.internal.AbstractSaveEventListener.addInsertAction(AbstractSaveEventListener.java:388)
	at org.hibernate.event.internal.AbstractSaveEventListener.performSaveOrReplicate(AbstractSaveEventListener.java:302)
	at org.hibernate.event.internal.AbstractSaveEventListener.performSave(AbstractSaveEventListener.java:221)
	at org.hibernate.event.internal.AbstractSaveEventListener.saveWithGeneratedId(AbstractSaveEventListener.java:135)
	at org.hibernate.event.internal.DefaultPersistEventListener.entityIsTransient(DefaultPersistEventListener.java:175)
	at org.hibernate.event.internal.DefaultPersistEventListener.persist(DefaultPersistEventListener.java:93)
	at org.hibernate.event.internal.DefaultPersistEventListener.onPersist(DefaultPersistEventListener.java:77)
	at org.hibernate.event.service.internal.EventListenerGroupImpl.fireEventOnEachListener(EventListenerGroupImpl.java:138)
	at org.hibernate.internal.SessionImpl.firePersist(SessionImpl.java:800)
	at org.hibernate.internal.SessionImpl.persist(SessionImpl.java:748)
	at org.hibernate.engine.spi.CascadingActions$7.cascade(CascadingActions.java:290)
	at org.hibernate.engine.spi.CascadingActions$7.cascade(CascadingActions.java:280)
	at org.hibernate.engine.internal.Cascade.cascadeToOne(Cascade.java:524)
	at org.hibernate.engine.internal.Cascade.cascadeAssociation(Cascade.java:446)
	at org.hibernate.engine.internal.Cascade.cascadeProperty(Cascade.java:231)
	at org.hibernate.engine.internal.Cascade.cascade(Cascade.java:164)
	at org.hibernate.event.internal.AbstractSaveEventListener.cascadeBeforeSave(AbstractSaveEventListener.java:484)
	at org.hibernate.event.internal.AbstractSaveEventListener.performSaveOrReplicate(AbstractSaveEventListener.java:300)
	at org.hibernate.event.internal.AbstractSaveEventListener.performSave(AbstractSaveEventListener.java:221)
	at org.hibernate.event.internal.AbstractSaveEventListener.saveWithGeneratedId(AbstractSaveEventListener.java:135)
	at org.hibernate.event.internal.DefaultPersistEventListener.entityIsTransient(DefaultPersistEventListener.java:175)
	at org.hibernate.event.internal.DefaultPersistEventListener.persist(DefaultPersistEventListener.java:93)
	at org.hibernate.event.internal.DefaultPersistEventListener.onPersist(DefaultPersistEventListener.java:77)
	at org.hibernate.event.service.internal.EventListenerGroupImpl.fireEventOnEachListener(EventListenerGroupImpl.java:138)
	at org.hibernate.internal.SessionImpl.firePersist(SessionImpl.java:800)
	at org.hibernate.internal.SessionImpl.persist(SessionImpl.java:748)
	at org.hibernate.engine.spi.CascadingActions$7.cascade(CascadingActions.java:290)
	at org.hibernate.engine.spi.CascadingActions$7.cascade(CascadingActions.java:280)
	at org.hibernate.engine.internal.Cascade.cascadeToOne(Cascade.java:524)
	at org.hibernate.engine.internal.Cascade.cascadeAssociation(Cascade.java:446)
	at org.hibernate.engine.internal.Cascade.cascadeProperty(Cascade.java:231)
	at org.hibernate.engine.internal.Cascade.cascadeCollectionElements(Cascade.java:558)
	at org.hibernate.engine.internal.Cascade.cascadeCollection(Cascade.java:488)
	at org.hibernate.engine.internal.Cascade.cascadeAssociation(Cascade.java:449)
	at org.hibernate.engine.internal.Cascade.cascadeProperty(Cascade.java:231)
	at org.hibernate.engine.internal.Cascade.cascade(Cascade.java:164)
	at org.hibernate.event.internal.AbstractSaveEventListener.cascadeAfterSave(AbstractSaveEventListener.java:515)
	at org.hibernate.event.internal.AbstractSaveEventListener.performSaveOrReplicate(AbstractSaveEventListener.java:314)
	at org.hibernate.event.internal.AbstractSaveEventListener.performSave(AbstractSaveEventListener.java:221)
	at org.hibernate.event.internal.AbstractSaveEventListener.saveWithGeneratedId(AbstractSaveEventListener.java:135)
	at org.hibernate.event.internal.DefaultPersistEventListener.entityIsTransient(DefaultPersistEventListener.java:175)
	at org.hibernate.event.internal.DefaultPersistEventListener.persist(DefaultPersistEventListener.java:93)
	at org.hibernate.event.internal.DefaultPersistEventListener.onPersist(DefaultPersistEventListener.java:77)
	at org.hibernate.event.service.internal.EventListenerGroupImpl.fireEventOnEachListener(EventListenerGroupImpl.java:138)
	at org.hibernate.internal.SessionImpl.firePersist(SessionImpl.java:800)
	at org.hibernate.internal.SessionImpl.persist(SessionImpl.java:748)
	at org.hibernate.engine.spi.CascadingActions$7.cascade(CascadingActions.java:290)
	at org.hibernate.engine.spi.CascadingActions$7.cascade(CascadingActions.java:280)
	at org.hibernate.engine.internal.Cascade.cascadeToOne(Cascade.java:524)
	at org.hibernate.engine.internal.Cascade.cascadeAssociation(Cascade.java:446)
	at org.hibernate.engine.internal.Cascade.cascadeProperty(Cascade.java:231)
	at org.hibernate.engine.internal.Cascade.cascade(Cascade.java:164)
	at org.hibernate.event.internal.AbstractSaveEventListener.cascadeBeforeSave(AbstractSaveEventListener.java:484)
	at org.hibernate.event.internal.AbstractSaveEventListener.performSaveOrReplicate(AbstractSaveEventListener.java:300)
	at org.hibernate.event.internal.AbstractSaveEventListener.performSave(AbstractSaveEventListener.java:221)
	at org.hibernate.event.internal.AbstractSaveEventListener.saveWithGeneratedId(AbstractSaveEventListener.java:135)
	at org.hibernate.event.internal.DefaultPersistEventListener.entityIsTransient(DefaultPersistEventListener.java:175)
	at org.hibernate.event.internal.DefaultPersistEventListener.persist(DefaultPersistEventListener.java:93)
	at org.hibernate.event.internal.DefaultPersistEventListener.onPersist(DefaultPersistEventListener.java:77)
	at org.hibernate.event.service.internal.EventListenerGroupImpl.fireEventOnEachListener(EventListenerGroupImpl.java:138)
	at org.hibernate.internal.SessionImpl.firePersist(SessionImpl.java:800)
	at org.hibernate.internal.SessionImpl.persist(SessionImpl.java:748)
	at org.hibernate.engine.spi.CascadingActions$7.cascade(CascadingActions.java:290)
	at org.hibernate.engine.spi.CascadingActions$7.cascade(CascadingActions.java:280)
	at org.hibernate.engine.internal.Cascade.cascadeToOne(Cascade.java:524)
	at org.hibernate.engine.internal.Cascade.cascadeAssociation(Cascade.java:446)
	at org.hibernate.engine.internal.Cascade.cascadeProperty(Cascade.java:231)
	at org.hibernate.engine.internal.Cascade.cascadeCollectionElements(Cascade.java:558)
	at org.hibernate.engine.internal.Cascade.cascadeCollection(Cascade.java:488)
	at org.hibernate.engine.internal.Cascade.cascadeAssociation(Cascade.java:449)
	at org.hibernate.engine.internal.Cascade.cascadeProperty(Cascade.java:231)
	at org.hibernate.engine.internal.Cascade.cascade(Cascade.java:164)
	at org.hibernate.event.internal.AbstractSaveEventListener.cascadeAfterSave(AbstractSaveEventListener.java:515)
	at org.hibernate.event.internal.AbstractSaveEventListener.performSaveOrReplicate(AbstractSaveEventListener.java:314)
	at org.hibernate.event.internal.AbstractSaveEventListener.performSave(AbstractSaveEventListener.java:221)
	at org.hibernate.event.internal.AbstractSaveEventListener.saveWithGeneratedId(AbstractSaveEventListener.java:135)
	at org.hibernate.event.internal.DefaultPersistEventListener.entityIsTransient(DefaultPersistEventListener.java:175)
	at org.hibernate.event.internal.DefaultPersistEventListener.persist(DefaultPersistEventListener.java:93)
	at org.hibernate.event.internal.DefaultPersistEventListener.onPersist(DefaultPersistEventListener.java:77)
	at org.hibernate.event.internal.DefaultPersistEventListener.onPersist(DefaultPersistEventListener.java:54)
	at org.hibernate.event.service.internal.EventListenerGroupImpl.fireEventOnEachListener(EventListenerGroupImpl.java:127)
	at org.hibernate.internal.SessionImpl.firePersist(SessionImpl.java:758)
	at org.hibernate.internal.SessionImpl.persist(SessionImpl.java:742)
	at java.base/jdk.internal.reflect.DirectMethodHandleAccessor.invoke(DirectMethodHandleAccessor.java:103)
	at java.base/java.lang.reflect.Method.invoke(Method.java:580)
	at org.springframework.orm.jpa.SharedEntityManagerCreator$SharedEntityManagerInvocationHandler.invoke(SharedEntityManagerCreator.java:320)
	at jdk.proxy3/jdk.proxy3.$Proxy319.persist(Unknown Source)
	at org.springframework.data.jpa.repository.support.SimpleJpaRepository.save(SimpleJpaRepository.java:627)
	at org.springframework.data.jpa.repository.support.SimpleJpaRepository.saveAndFlush(SimpleJpaRepository.java:638)
	at java.base/jdk.internal.reflect.DirectMethodHandleAccessor.invoke(DirectMethodHandleAccessor.java:103)
	at java.base/java.lang.reflect.Method.invoke(Method.java:580)
	at org.springframework.aop.support.AopUtils.invokeJoinpointUsingReflection(AopUtils.java:359)
	at org.springframework.data.repository.core.support.RepositoryMethodInvoker$RepositoryFragmentMethodInvoker.lambda$new$0(RepositoryMethodInvoker.java:277)
	at org.springframework.data.repository.core.support.RepositoryMethodInvoker.doInvoke(RepositoryMethodInvoker.java:170)
	at org.springframework.data.repository.core.support.RepositoryMethodInvoker.invoke(RepositoryMethodInvoker.java:158)
	at org.springframework.data.repository.core.support.RepositoryComposition$RepositoryFragments.invoke(RepositoryComposition.java:515)
	at org.springframework.data.repository.core.support.RepositoryComposition.invoke(RepositoryComposition.java:284)
	at org.springframework.data.repository.core.support.RepositoryFactorySupport$ImplementationMethodExecutionInterceptor.invoke(RepositoryFactorySupport.java:752)
	at org.springframework.aop.framework.ReflectiveMethodInvocation.proceed(ReflectiveMethodInvocation.java:184)
	at org.springframework.data.repository.core.support.QueryExecutorMethodInterceptor.doInvoke(QueryExecutorMethodInterceptor.java:174)
	at org.springframework.data.repository.core.support.QueryExecutorMethodInterceptor.invoke(QueryExecutorMethodInterceptor.java:149)
	at org.springframework.aop.framework.ReflectiveMethodInvocation.proceed(ReflectiveMethodInvocation.java:184)
	at org.springframework.data.projection.DefaultMethodInvokingMethodInterceptor.invoke(DefaultMethodInvokingMethodInterceptor.java:69)
	at org.springframework.aop.framework.ReflectiveMethodInvocation.proceed(ReflectiveMethodInvocation.java:184)
	at org.springframework.transaction.interceptor.TransactionAspectSupport.invokeWithinTransaction(TransactionAspectSupport.java:380)
	at org.springframework.transaction.interceptor.TransactionInterceptor.invoke(TransactionInterceptor.java:119)
	at org.springframework.aop.framework.ReflectiveMethodInvocation.proceed(ReflectiveMethodInvocation.java:184)
	at org.springframework.dao.support.PersistenceExceptionTranslationInterceptor.invoke(PersistenceExceptionTranslationInterceptor.java:138)
	... 240 common frames omitted
Caused by: org.h2.jdbc.JdbcSQLDataException: Value too long for column "EXPLANATION CHARACTER VARYING(500)": "'0000000000000000000000000000000000000000000000000000000000000000000000000000000... (501)"; SQL statement:
insert into answer_option (explanation,hint,invalid,is_correct,question_id,text,id) values (?,?,?,?,?,?,default) [22001-224]
	at org.h2.message.DbException.getJdbcSQLException(DbException.java:518)
	at org.h2.message.DbException.getJdbcSQLException(DbException.java:489)
	at org.h2.message.DbException.get(DbException.java:223)
	at org.h2.message.DbException.getValueTooLongException(DbException.java:334)
	at org.h2.value.Value.getValueTooLongException(Value.java:2594)
	at org.h2.value.Value.convertToVarchar(Value.java:1282)
	at org.h2.value.Value.convertTo(Value.java:1138)
	at org.h2.value.Value.convertForAssignTo(Value.java:1113)
	at org.h2.table.Column.validateConvertUpdateSequence(Column.java:369)
	at org.h2.table.Table.convertInsertRow(Table.java:936)
	at org.h2.command.dml.Insert.insertRows(Insert.java:167)
	at org.h2.command.dml.Insert.update(Insert.java:135)
	at org.h2.command.CommandContainer.executeUpdateWithGeneratedKeys(CommandContainer.java:242)
	at org.h2.command.CommandContainer.update(CommandContainer.java:163)
	at org.h2.command.Command.executeUpdate(Command.java:256)
	at org.h2.jdbc.JdbcPreparedStatement.executeUpdateInternal(JdbcPreparedStatement.java:216)
	at org.h2.jdbc.JdbcPreparedStatement.executeUpdate(JdbcPreparedStatement.java:174)
	at org.hibernate.engine.jdbc.internal.ResultSetReturnImpl.executeUpdate(ResultSetReturnImpl.java:194)
	... 358 common frames omitted

  Starting logs for QuizExerciseIntegrationTest > testUpdateQuizExerciseForExam()
    23:48:09.757 |  51 Pool-1-worker-25 | DEBUG | d.t.c.a.a.c.u.util.UserUtilService   : Generate 1 students...
    23:48:09.760 |  51 Pool-1-worker-25 | DEBUG | d.t.c.a.a.c.u.util.UserUtilService   : 1 students generated. Generate 1 tutors...
    23:48:09.763 |  51 Pool-1-worker-25 | DEBUG | d.t.c.a.a.c.u.util.UserUtilService   : 1 tutors generated. Generate 1 editors...
    23:48:09.765 |  51 Pool-1-worker-25 | DEBUG | d.t.c.a.a.c.u.util.UserUtilService   : 1 editors generated. Generate 1 instructors...
    23:48:09.768 |  51 Pool-1-worker-25 | DEBUG | d.t.c.a.a.c.u.util.UserUtilService   : 1 instructors generated
    23:48:09.769 |  51 Pool-1-worker-25 | DEBUG | d.t.c.a.a.c.u.util.UserUtilService   : Removing 4 users from all courses...
    23:48:09.770 |  51 Pool-1-worker-25 | DEBUG | d.t.c.a.a.c.u.util.UserUtilService   : Removing 4 users from all courses. Done
    23:48:09.770 |  51 Pool-1-worker-25 | DEBUG | d.t.c.a.a.c.u.util.UserUtilService   : Save 4 users to database...
    23:48:09.772 |  51 Pool-1-worker-25 | DEBUG | d.t.c.a.a.c.u.util.UserUtilService   : Save 4 users to database. Done
    23:48:09.773 |  51 Pool-1-worker-25 | INFO  | i.z.t.d.l.EmbeddedDatabaseReporter   : JDBC URL to connect to 'dataSource': url='jdbc:h2:tcp://localhost:41063/mem:df70fc46-7e57-4cb5-9cd0-c1d90c14afa7;USER=sa', scope='QuizExerciseIntegrationTest#testUpdateQuizExerciseForExam'
    23:48:09.774 |  51 Pool-1-worker-25 | INFO  | .c.a.a.c.s.TitleCacheEvictionService : Evicted entry '1' from title cache 'courseTitle'
    23:48:09.776 |  51 Pool-1-worker-25 | DEBUG | d.t.c.a.a.c.s.f.ApiVersionFilter     : Adding Version to Request POST /api/quiz-exercises
    23:48:09.777 |  51 Pool-1-worker-25 | INFO  | d.t.c.a.a.q.web.QuizExerciseResource : REST request to create QuizExercise : QuizExercise{id=null, title='3c05604f-db8a-4f44-a43f-64f86f550468', randomizeQuestionOrder='true', allowedNumberOfAttempts='1', isOpenForPractice='false', releaseDate='null', duration='3600', dueDate='null'}
    23:48:09.779 |  51 Pool-1-worker-25 | DEBUG | d.t.c.a.a.q.s.QuizExerciseService    : Save quiz exercise to database: QuizExercise{id=null, title='3c05604f-db8a-4f44-a43f-64f86f550468', randomizeQuestionOrder='true', allowedNumberOfAttempts='1', isOpenForPractice='false', releaseDate='null', duration='3600', dueDate='null'}
    23:48:09.803 |  51 Pool-1-worker-25 | DEBUG | d.t.c.a.a.c.s.f.ApiVersionFilter     : Adding Version to Request PUT /api/quiz-exercises/3734
    23:48:09.805 |  51 Pool-1-worker-25 | INFO  | d.t.c.a.a.q.web.QuizExerciseResource : REST request to update quiz exercise : QuizExercise{id=3734, title='3c05604f-db8a-4f44-a43f-64f86f550468', randomizeQuestionOrder='true', allowedNumberOfAttempts='1', isOpenForPractice='false', releaseDate='null', duration='3600', dueDate='null'}
    23:48:09.809 |  51 Pool-1-worker-25 | WARN  | d.t.c.a.a.core.service.FileService   : Could not delete file /api/files/drag-and-drop/drag-items/738/dnd_image_2025-02-14T23-48-09-779_dragItemImage1.png. Error message: /api/files/drag-and-drop/drag-items/738/dnd_image_2025-02-14T23-48-09-779_dragItemImage1.png
    23:48:09.809 |  51 Pool-1-worker-25 | WARN  | d.t.c.a.a.core.service.FileService   : Could not delete file /api/files/drag-and-drop/drag-items/740/dnd_image_2025-02-14T23-48-09-779_dragItemImage2.png. Error message: /api/files/drag-and-drop/drag-items/740/dnd_image_2025-02-14T23-48-09-779_dragItemImage2.png
    23:48:09.810 |  51 Pool-1-worker-25 | DEBUG | d.t.c.a.a.q.s.QuizExerciseService    : Save quiz exercise to database: QuizExercise{id=3734, title='3c05604f-db8a-4f44-a43f-64f86f550468', randomizeQuestionOrder='true', allowedNumberOfAttempts='1', isOpenForPractice='false', releaseDate='null', duration='3600', dueDate='null'}
    23:48:09.811 |  51 Pool-1-worker-25 | WARN  | o.h.e.i.StatefulPersistenceContext   : HHH000179: Narrowing proxy to class de.tum.cit.aet.artemis.quiz.domain.MultipleChoiceQuestionStatistic - this operation breaks ==
    23:48:09.811 |  51 Pool-1-worker-25 | WARN  | o.h.e.i.StatefulPersistenceContext   : HHH000179: Narrowing proxy to class de.tum.cit.aet.artemis.quiz.domain.MultipleChoiceQuestionStatistic - this operation breaks ==
    23:48:09.813 |  51 Pool-1-worker-25 | WARN  | o.h.e.i.StatefulPersistenceContext   : HHH000179: Narrowing proxy to class de.tum.cit.aet.artemis.quiz.domain.DragAndDropQuestionStatistic - this operation breaks ==
    23:48:09.813 |  51 Pool-1-worker-25 | WARN  | o.h.e.i.StatefulPersistenceContext   : HHH000179: Narrowing proxy to class de.tum.cit.aet.artemis.quiz.domain.DragAndDropQuestionStatistic - this operation breaks ==
    23:48:09.814 |  51 Pool-1-worker-25 | WARN  | o.h.e.i.StatefulPersistenceContext   : HHH000179: Narrowing proxy to class de.tum.cit.aet.artemis.quiz.domain.ShortAnswerQuestionStatistic - this operation breaks ==
    23:48:09.814 |  51 Pool-1-worker-25 | WARN  | o.h.e.i.StatefulPersistenceContext   : HHH000179: Narrowing proxy to class de.tum.cit.aet.artemis.quiz.domain.ShortAnswerQuestionStatistic - this operation breaks ==
    23:48:09.830 |  51 Pool-1-worker-25 | INFO  | d.t.c.a.a.e.service.ExerciseService  : User quizexerciseintegrationinstructor1 has updated QuizExercise 3c05604f-db8a-4f44-a43f-64f86f550468 with id 3734

  Starting logs for QuizExerciseIntegrationTest > testMultipleChoiceQuizExplanationLength_Valid()
    23:48:09.846 |  51 Pool-1-worker-25 | DEBUG | d.t.c.a.a.c.u.util.UserUtilService   : Generate 1 students...
    23:48:09.849 |  51 Pool-1-worker-25 | DEBUG | d.t.c.a.a.c.u.util.UserUtilService   : 1 students generated. Generate 1 tutors...
    23:48:09.852 |  51 Pool-1-worker-25 | DEBUG | d.t.c.a.a.c.u.util.UserUtilService   : 1 tutors generated. Generate 1 editors...
    23:48:09.855 |  51 Pool-1-worker-25 | DEBUG | d.t.c.a.a.c.u.util.UserUtilService   : 1 editors generated. Generate 1 instructors...
    23:48:09.858 |  51 Pool-1-worker-25 | DEBUG | d.t.c.a.a.c.u.util.UserUtilService   : 1 instructors generated
    23:48:09.860 |  51 Pool-1-worker-25 | DEBUG | d.t.c.a.a.c.u.util.UserUtilService   : Removing 4 users from all courses...
    23:48:09.861 |  51 Pool-1-worker-25 | DEBUG | d.t.c.a.a.c.u.util.UserUtilService   : Removing 4 users from all courses. Done
    23:48:09.861 |  51 Pool-1-worker-25 | DEBUG | d.t.c.a.a.c.u.util.UserUtilService   : Save 4 users to database...
    23:48:09.865 |  51 Pool-1-worker-25 | DEBUG | d.t.c.a.a.c.u.util.UserUtilService   : Save 4 users to database. Done
    23:48:09.865 |  51 Pool-1-worker-25 | INFO  | i.z.t.d.l.EmbeddedDatabaseReporter   : JDBC URL to connect to 'dataSource': url='jdbc:h2:tcp://localhost:41063/mem:df70fc46-7e57-4cb5-9cd0-c1d90c14afa7;USER=sa', scope='QuizExerciseIntegrationTest#testMultipleChoiceQuizExplanationLength_Valid'
    23:48:09.867 |  51 Pool-1-worker-25 | DEBUG | d.t.c.a.a.c.s.f.ApiVersionFilter     : Adding Version to Request POST /api/quiz-exercises
    23:48:09.868 |  51 Pool-1-worker-25 | INFO  | d.t.c.a.a.q.web.QuizExerciseResource : REST request to create QuizExercise : QuizExercise{id=null, title='new quiz', randomizeQuestionOrder='true', allowedNumberOfAttempts='1', isOpenForPractice='false', releaseDate='2025-02-15T04:48:09.866281484Z', duration='120', dueDate='null'}
    23:48:09.870 |  51 Pool-1-worker-25 | DEBUG | d.t.c.a.a.q.s.QuizExerciseService    : Save quiz exercise to database: QuizExercise{id=null, title='new quiz', randomizeQuestionOrder='true', allowedNumberOfAttempts='1', isOpenForPractice='false', releaseDate='2025-02-15T04:48:09.866281484Z', duration='120', dueDate='2025-02-15T04:50:14.866281484Z'}
    23:48:09.873 |  51 Pool-1-worker-25 | INFO  | .c.s.m.InstanceMessageReceiveService : Received schedule quiz start for quiz exercise 3735
    23:48:09.874 |  51 Pool-1-worker-25 | DEBUG | t.c.a.a.e.s.ExerciseLifecycleService : Scheduled Task for Exercise "new quiz" (#3735) to trigger on START.
    23:48:09.874 |  51 Pool-1-worker-25 | DEBUG | t.c.a.a.e.s.ExerciseLifecycleService : Scheduled 1 Tasks for Exercise "new quiz" (#3735) to trigger on DUE.

  Starting logs for QuizExerciseIntegrationTest > testEvaluateQuizKeepsResult()
    23:48:09.900 |  51 Pool-1-worker-25 | DEBUG | d.t.c.a.a.c.u.util.UserUtilService   : Generate 1 students...
    23:48:09.903 |  51 Pool-1-worker-25 | DEBUG | d.t.c.a.a.c.u.util.UserUtilService   : 1 students generated. Generate 1 tutors...
    23:48:09.905 |  51 Pool-1-worker-25 | DEBUG | d.t.c.a.a.c.u.util.UserUtilService   : 1 tutors generated. Generate 1 editors...
    23:48:09.907 |  51 Pool-1-worker-25 | DEBUG | d.t.c.a.a.c.u.util.UserUtilService   : 1 editors generated. Generate 1 instructors...
    23:48:09.910 |  51 Pool-1-worker-25 | DEBUG | d.t.c.a.a.c.u.util.UserUtilService   : 1 instructors generated
    23:48:09.912 |  51 Pool-1-worker-25 | DEBUG | d.t.c.a.a.c.u.util.UserUtilService   : Removing 4 users from all courses...
    23:48:09.912 |  51 Pool-1-worker-25 | DEBUG | d.t.c.a.a.c.u.util.UserUtilService   : Removing 4 users from all courses. Done
    23:48:09.912 |  51 Pool-1-worker-25 | DEBUG | d.t.c.a.a.c.u.util.UserUtilService   : Save 4 users to database...
    23:48:09.916 |  51 Pool-1-worker-25 | DEBUG | d.t.c.a.a.c.u.util.UserUtilService   : Save 4 users to database. Done
    23:48:09.916 |  51 Pool-1-worker-25 | INFO  | i.z.t.d.l.EmbeddedDatabaseReporter   : JDBC URL to connect to 'dataSource': url='jdbc:h2:tcp://localhost:41063/mem:df70fc46-7e57-4cb5-9cd0-c1d90c14afa7;USER=sa', scope='QuizExerciseIntegrationTest#testEvaluateQuizKeepsResult'
    23:48:09.937 |  51 Pool-1-worker-25 | DEBUG | .c.s.m.InstanceMessageReceiveService : Received schedule participant score for exercise 3736 and participant 714 (result to be deleted: null)
    23:48:09.937 |  51 Pool-1-worker-25 | DEBUG | .a.s.ParticipantScoreScheduleService : Scheduled task for exercise 3736 and participant 714 at 2025-02-14T23:48:10.037709305Z[Etc/UTC].
    23:48:09.958 |  51 Pool-1-worker-25 | DEBUG | .c.s.m.InstanceMessageReceiveService : Received schedule participant score for exercise 3736 and participant 714 (result to be deleted: null)
    23:48:09.958 |  51 Pool-1-worker-25 | DEBUG | .a.s.ParticipantScoreScheduleService : Scheduled task for exercise 3736 and participant 714 at 2025-02-14T23:48:10.058518846Z[Etc/UTC].
    23:48:09.961 |  51 Pool-1-worker-25 | DEBUG | d.t.c.a.a.c.s.f.ApiVersionFilter     : Adding Version to Request POST /api/quiz-exercises/3736/evaluate
    23:48:09.962 |  51 Pool-1-worker-25 | DEBUG | d.t.c.a.a.q.web.QuizExerciseResource : REST request to evaluate quiz exercise 3736
    23:48:09.962 |  51 Pool-1-worker-25 | INFO  | d.t.c.a.a.q.s.QuizResultService      : Starting quiz evaluation for quiz 3736
    23:48:09.965 |  51 Pool-1-worker-25 | DEBUG | d.t.c.a.a.q.s.QuizResultService      : A rated result already exists for participation 3322 (Participant quizexerciseintegrationstudent1First quizexerciseintegrationstudent1Last), skipping evaluation.
    23:48:09.965 |  51 Pool-1-worker-25 | INFO  | d.t.c.a.a.q.s.QuizResultService      : Quiz evaluation for quiz 3736 finished after 3.00ms with 0 created results
    23:48:09.968 |  51 Pool-1-worker-25 | DEBUG | d.t.c.a.a.q.s.QuizStatisticService   : update statistics with 0 new results
    23:48:09.969 |  51 Pool-1-worker-25 | INFO  | d.t.c.a.a.q.s.QuizResultService      : Statistic update for quiz 3736 finished after 6.95ms
    23:48:09.969 |  51 Pool-1-worker-25 | DEBUG | d.t.c.a.a.q.web.QuizExerciseResource : Evaluation of quiz exercise 3736 finished

  Starting logs for QuizExerciseIntegrationTest > createQuizExercise_NotIncludedInvalidBonusPoints()
    23:48:09.983 |  51 Pool-1-worker-25 | DEBUG | d.t.c.a.a.c.u.util.UserUtilService   : Generate 1 students...
    23:48:09.985 |  51 Pool-1-worker-25 | DEBUG | d.t.c.a.a.c.u.util.UserUtilService   : 1 students generated. Generate 1 tutors...
    23:48:09.988 |  51 Pool-1-worker-25 | DEBUG | d.t.c.a.a.c.u.util.UserUtilService   : 1 tutors generated. Generate 1 editors...
    23:48:09.991 |  51 Pool-1-worker-25 | DEBUG | d.t.c.a.a.c.u.util.UserUtilService   : 1 editors generated. Generate 1 instructors...
    23:48:09.994 |  51 Pool-1-worker-25 | DEBUG | d.t.c.a.a.c.u.util.UserUtilService   : 1 instructors generated
    23:48:09.996 |  51 Pool-1-worker-25 | DEBUG | d.t.c.a.a.c.u.util.UserUtilService   : Removing 4 users from all courses...
    23:48:09.997 |  51 Pool-1-worker-25 | DEBUG | d.t.c.a.a.c.u.util.UserUtilService   : Removing 4 users from all courses. Done
    23:48:09.997 |  51 Pool-1-worker-25 | DEBUG | d.t.c.a.a.c.u.util.UserUtilService   : Save 4 users to database...
    23:48:10.001 |  51 Pool-1-worker-25 | DEBUG | d.t.c.a.a.c.u.util.UserUtilService   : Save 4 users to database. Done
    23:48:10.001 |  51 Pool-1-worker-25 | INFO  | i.z.t.d.l.EmbeddedDatabaseReporter   : JDBC URL to connect to 'dataSource': url='jdbc:h2:tcp://localhost:41063/mem:df70fc46-7e57-4cb5-9cd0-c1d90c14afa7;USER=sa', scope='QuizExerciseIntegrationTest#createQuizExercise_NotIncludedInvalidBonusPoints'
    23:48:10.003 |  51 Pool-1-worker-25 | DEBUG | d.t.c.a.a.c.s.f.ApiVersionFilter     : Adding Version to Request POST /api/quiz-exercises
    23:48:10.004 |  51 Pool-1-worker-25 | INFO  | d.t.c.a.a.q.web.QuizExerciseResource : REST request to create QuizExercise : QuizExercise{id=null, title='new quiz', randomizeQuestionOrder='true', allowedNumberOfAttempts='1', isOpenForPractice='false', releaseDate='2025-02-15T04:48:10.001560169Z', duration='120', dueDate='null'}
    23:48:10.005 |  51 Pool-1-worker-25 | ERROR | tech.jhipster.web.util.HeaderUtil    : Entity processing failed, The provided bonus points are not allowed
    23:48:10.005 |  51 Pool-1-worker-25 | WARN  | o.z.p.spring.common.AdviceTraits     : Bad Request: The provided bonus points are not allowed

  Starting logs for QuizExerciseIntegrationTest > testQuizExerciseForExamBadRequestOtherOperations()
    23:48:10.018 |  51 Pool-1-worker-25 | DEBUG | d.t.c.a.a.c.u.util.UserUtilService   : Generate 1 students...
    23:48:10.021 |  51 Pool-1-worker-25 | DEBUG | d.t.c.a.a.c.u.util.UserUtilService   : 1 students generated. Generate 1 tutors...
    23:48:10.023 |  51 Pool-1-worker-25 | DEBUG | d.t.c.a.a.c.u.util.UserUtilService   : 1 tutors generated. Generate 1 editors...
    23:48:10.026 |  51 Pool-1-worker-25 | DEBUG | d.t.c.a.a.c.u.util.UserUtilService   : 1 editors generated. Generate 1 instructors...
    23:48:10.028 |  51 Pool-1-worker-25 | DEBUG | d.t.c.a.a.c.u.util.UserUtilService   : 1 instructors generated
    23:48:10.030 |  51 Pool-1-worker-25 | DEBUG | d.t.c.a.a.c.u.util.UserUtilService   : Removing 4 users from all courses...
    23:48:10.031 |  51 Pool-1-worker-25 | DEBUG | d.t.c.a.a.c.u.util.UserUtilService   : Removing 4 users from all courses. Done
    23:48:10.031 |  51 Pool-1-worker-25 | DEBUG | d.t.c.a.a.c.u.util.UserUtilService   : Save 4 users to database...
    23:48:10.035 |  51 Pool-1-worker-25 | DEBUG | d.t.c.a.a.c.u.util.UserUtilService   : Save 4 users to database. Done
    23:48:10.035 |  51 Pool-1-worker-25 | INFO  | i.z.t.d.l.EmbeddedDatabaseReporter   : JDBC URL to connect to 'dataSource': url='jdbc:h2:tcp://localhost:41063/mem:df70fc46-7e57-4cb5-9cd0-c1d90c14afa7;USER=sa', scope='QuizExerciseIntegrationTest#testQuizExerciseForExamBadRequestOtherOperations'
    23:48:10.037 |  51 Pool-1-worker-25 | INFO  | .c.a.a.c.s.TitleCacheEvictionService : Evicted entry '1' from title cache 'courseTitle'
    23:48:10.040 |  51 Pool-1-worker-25 | DEBUG | d.t.c.a.a.c.s.f.ApiVersionFilter     : Adding Version to Request POST /api/quiz-exercises
    23:48:10.041 |  51 Pool-1-worker-25 | INFO  | d.t.c.a.a.q.web.QuizExerciseResource : REST request to create QuizExercise : QuizExercise{id=null, title='1cb5a228-14e5-4a86-91fc-df86f26af90b', randomizeQuestionOrder='true', allowedNumberOfAttempts='1', isOpenForPractice='false', releaseDate='null', duration='3600', dueDate='null'}
    23:48:10.044 |  51 Pool-1-worker-25 | DEBUG | d.t.c.a.a.q.s.QuizExerciseService    : Save quiz exercise to database: QuizExercise{id=null, title='1cb5a228-14e5-4a86-91fc-df86f26af90b', randomizeQuestionOrder='true', allowedNumberOfAttempts='1', isOpenForPractice='false', releaseDate='null', duration='3600', dueDate='null'}
    23:48:10.067 |  51 Pool-1-worker-25 | DEBUG | d.t.c.a.a.c.s.f.ApiVersionFilter     : Adding Version to Request PUT /api/quiz-exercises/3737/add-batch
    23:48:10.069 |  51 Pool-1-worker-25 | INFO  | d.t.c.a.a.q.web.QuizExerciseResource : REST request to add quiz batch : 3737
    23:48:10.072 |  51 Pool-1-worker-25 | ERROR | tech.jhipster.web.util.HeaderUtil    : Entity processing failed, Batches cannot be created for exam exercises
    23:48:10.072 |  51 Pool-1-worker-25 | WARN  | o.z.p.spring.common.AdviceTraits     : Bad Request: Batches cannot be created for exam exercises
    23:48:10.073 |  51 Pool-1-worker-25 | DEBUG | d.t.c.a.a.c.s.f.ApiVersionFilter     : Adding Version to Request POST /api/quiz-exercises/3737/join
    23:48:10.074 |  51 Pool-1-worker-25 | INFO  | d.t.c.a.a.q.web.QuizExerciseResource : REST request to join quiz batch : 3737, QuizBatchJoinDTO[password=1234]
    23:48:10.076 |  51 Pool-1-worker-25 | ERROR | tech.jhipster.web.util.HeaderUtil    : Entity processing failed, Students cannot join quiz batches for exam exercises
    23:48:10.076 |  51 Pool-1-worker-25 | WARN  | o.z.p.spring.common.AdviceTraits     : Bad Request: Students cannot join quiz batches for exam exercises
    23:48:10.078 |  51 Pool-1-worker-25 | DEBUG | d.t.c.a.a.c.s.f.ApiVersionFilter     : Adding Version to Request PUT /api/quiz-exercises/3737/start-now
    23:48:10.079 |  51 Pool-1-worker-25 | DEBUG | d.t.c.a.a.q.web.QuizExerciseResource : REST request to perform action START_NOW on quiz exercise 3737
    23:48:10.083 |  51 Pool-1-worker-25 | ERROR | tech.jhipster.web.util.HeaderUtil    : Entity processing failed, These actions are not allowed for exam exercises
    23:48:10.083 |  51 Pool-1-worker-25 | WARN  | o.z.p.spring.common.AdviceTraits     : Bad Request: These actions are not allowed for exam exercises

  Starting logs for QuizExerciseIntegrationTest > testPerformSetVisible(QuizMode) [1] quizMode=SYNCHRONIZED
    23:48:10.098 |  51 Pool-1-worker-25 | DEBUG | d.t.c.a.a.c.u.util.UserUtilService   : Generate 1 students...
    23:48:10.101 |  51 Pool-1-worker-25 | DEBUG | d.t.c.a.a.c.u.util.UserUtilService   : 1 students generated. Generate 1 tutors...
    23:48:10.104 |  51 Pool-1-worker-25 | DEBUG | d.t.c.a.a.c.u.util.UserUtilService   : 1 tutors generated. Generate 1 editors...
    23:48:10.106 |  51 Pool-1-worker-25 | DEBUG | d.t.c.a.a.c.u.util.UserUtilService   : 1 editors generated. Generate 1 instructors...
    23:48:10.109 |  51 Pool-1-worker-25 | DEBUG | d.t.c.a.a.c.u.util.UserUtilService   : 1 instructors generated
    23:48:10.111 |  51 Pool-1-worker-25 | DEBUG | d.t.c.a.a.c.u.util.UserUtilService   : Removing 4 users from all courses...
    23:48:10.111 |  51 Pool-1-worker-25 | DEBUG | d.t.c.a.a.c.u.util.UserUtilService   : Removing 4 users from all courses. Done
    23:48:10.111 |  51 Pool-1-worker-25 | DEBUG | d.t.c.a.a.c.u.util.UserUtilService   : Save 4 users to database...
    23:48:10.114 |  51 Pool-1-worker-25 | DEBUG | d.t.c.a.a.c.u.util.UserUtilService   : Save 4 users to database. Done
    23:48:10.115 |  51 Pool-1-worker-25 | INFO  | i.z.t.d.l.EmbeddedDatabaseReporter   : JDBC URL to connect to 'dataSource': url='jdbc:h2:tcp://localhost:41063/mem:df70fc46-7e57-4cb5-9cd0-c1d90c14afa7;USER=sa', scope='QuizExerciseIntegrationTest#testPerformSetVisible'
    23:48:10.122 |  51 Pool-1-worker-25 | DEBUG | d.t.c.a.a.c.s.f.ApiVersionFilter     : Adding Version to Request PUT /api/quiz-exercises/3738/set-visible
    23:48:10.123 |  51 Pool-1-worker-25 | DEBUG | d.t.c.a.a.q.web.QuizExerciseResource : REST request to perform action SET_VISIBLE on quiz exercise 3738
    23:48:10.127 |  51 Pool-1-worker-25 | ERROR | tech.jhipster.web.util.HeaderUtil    : Entity processing failed, Quiz is already visible to students.
    23:48:10.128 |  51 Pool-1-worker-25 | DEBUG | d.t.c.a.a.q.s.QuizExerciseService    : Save quiz exercise to database: QuizExercise{id=3738, title='new quiz', randomizeQuestionOrder='true', allowedNumberOfAttempts='1', isOpenForPractice='false', releaseDate='2025-02-15T23:48:10.128191648Z[Etc/UTC]', duration='120', dueDate='2025-02-14T18:50:15.115339575Z[Etc/UTC]'}
    23:48:10.141 |  51 Pool-1-worker-25 | INFO  | .c.s.m.InstanceMessageReceiveService : Received schedule quiz start for quiz exercise 3738
    23:48:10.144 |  51 Pool-1-worker-25 | DEBUG | d.t.c.a.a.c.s.f.ApiVersionFilter     : Adding Version to Request PUT /api/quiz-exercises/3738/set-visible
    23:48:10.146 |  51 Pool-1-worker-25 | DEBUG | d.t.c.a.a.q.web.QuizExerciseResource : REST request to perform action SET_VISIBLE on quiz exercise 3738
    23:48:10.152 |  51 Pool-1-worker-25 | WARN  | o.h.e.i.StatefulPersistenceContext   : HHH000179: Narrowing proxy to class de.tum.cit.aet.artemis.quiz.domain.MultipleChoiceQuestionStatistic - this operation breaks ==
    23:48:10.152 |  51 Pool-1-worker-25 | WARN  | o.h.e.i.StatefulPersistenceContext   : HHH000179: Narrowing proxy to class de.tum.cit.aet.artemis.quiz.domain.MultipleChoiceQuestionStatistic - this operation breaks ==
    23:48:10.154 |  51 Pool-1-worker-25 | WARN  | o.h.e.i.StatefulPersistenceContext   : HHH000179: Narrowing proxy to class de.tum.cit.aet.artemis.quiz.domain.DragAndDropQuestionStatistic - this operation breaks ==
    23:48:10.154 |  51 Pool-1-worker-25 | WARN  | o.h.e.i.StatefulPersistenceContext   : HHH000179: Narrowing proxy to class de.tum.cit.aet.artemis.quiz.domain.DragAndDropQuestionStatistic - this operation breaks ==
    23:48:10.155 |  51 Pool-1-worker-25 | WARN  | o.h.e.i.StatefulPersistenceContext   : HHH000179: Narrowing proxy to class de.tum.cit.aet.artemis.quiz.domain.ShortAnswerQuestionStatistic - this operation breaks ==
    23:48:10.155 |  51 Pool-1-worker-25 | WARN  | o.h.e.i.StatefulPersistenceContext   : HHH000179: Narrowing proxy to class de.tum.cit.aet.artemis.quiz.domain.ShortAnswerQuestionStatistic - this operation breaks ==
    23:48:10.160 |  51 Pool-1-worker-25 | INFO  | d.t.c.a.a.q.s.QuizMessagingService   : Sent 'SET_VISIBLE' for quiz 3738 to all listening clients in 1 ms

  Starting logs for QuizExerciseIntegrationTest > testPerformSetVisible(QuizMode) [2] quizMode=BATCHED
    23:48:10.179 |  51 Pool-1-worker-25 | DEBUG | d.t.c.a.a.c.u.util.UserUtilService   : Generate 1 students...
    23:48:10.182 |  51 Pool-1-worker-25 | DEBUG | d.t.c.a.a.c.u.util.UserUtilService   : 1 students generated. Generate 1 tutors...
    23:48:10.185 |  51 Pool-1-worker-25 | DEBUG | d.t.c.a.a.c.u.util.UserUtilService   : 1 tutors generated. Generate 1 editors...
    23:48:10.187 |  51 Pool-1-worker-25 | DEBUG | d.t.c.a.a.c.u.util.UserUtilService   : 1 editors generated. Generate 1 instructors...
    23:48:10.190 |  51 Pool-1-worker-25 | DEBUG | d.t.c.a.a.c.u.util.UserUtilService   : 1 instructors generated
    23:48:10.192 |  51 Pool-1-worker-25 | DEBUG | d.t.c.a.a.c.u.util.UserUtilService   : Removing 4 users from all courses...
    23:48:10.193 |  51 Pool-1-worker-25 | DEBUG | d.t.c.a.a.c.u.util.UserUtilService   : Removing 4 users from all courses. Done
    23:48:10.193 |  51 Pool-1-worker-25 | DEBUG | d.t.c.a.a.c.u.util.UserUtilService   : Save 4 users to database...
    23:48:10.196 |  51 Pool-1-worker-25 | DEBUG | d.t.c.a.a.c.u.util.UserUtilService   : Save 4 users to database. Done
    23:48:10.197 |  51 Pool-1-worker-25 | INFO  | i.z.t.d.l.EmbeddedDatabaseReporter   : JDBC URL to connect to 'dataSource': url='jdbc:h2:tcp://localhost:41063/mem:df70fc46-7e57-4cb5-9cd0-c1d90c14afa7;USER=sa', scope='QuizExerciseIntegrationTest#testPerformSetVisible'
    23:48:10.203 |  51 Pool-1-worker-25 | DEBUG | d.t.c.a.a.c.s.f.ApiVersionFilter     : Adding Version to Request PUT /api/quiz-exercises/3739/set-visible
    23:48:10.205 |  51 Pool-1-worker-25 | DEBUG | d.t.c.a.a.q.web.QuizExerciseResource : REST request to perform action SET_VISIBLE on quiz exercise 3739
    23:48:10.210 |  51 Pool-1-worker-25 | ERROR | tech.jhipster.web.util.HeaderUtil    : Entity processing failed, Quiz is already visible to students.
    23:48:10.210 |  51 Pool-1-worker-25 | DEBUG | d.t.c.a.a.q.s.QuizExerciseService    : Save quiz exercise to database: QuizExercise{id=3739, title='new quiz', randomizeQuestionOrder='true', allowedNumberOfAttempts='1', isOpenForPractice='false', releaseDate='2025-02-15T23:48:10.210705111Z[Etc/UTC]', duration='120', dueDate='null'}
    23:48:10.225 |  51 Pool-1-worker-25 | INFO  | .c.s.m.InstanceMessageReceiveService : Received schedule quiz start for quiz exercise 3739
    23:48:10.228 |  51 Pool-1-worker-25 | DEBUG | d.t.c.a.a.c.s.f.ApiVersionFilter     : Adding Version to Request PUT /api/quiz-exercises/3739/set-visible
    23:48:10.230 |  51 Pool-1-worker-25 | DEBUG | d.t.c.a.a.q.web.QuizExerciseResource : REST request to perform action SET_VISIBLE on quiz exercise 3739
    23:48:10.236 |  51 Pool-1-worker-25 | WARN  | o.h.e.i.StatefulPersistenceContext   : HHH000179: Narrowing proxy to class de.tum.cit.aet.artemis.quiz.domain.MultipleChoiceQuestionStatistic - this operation breaks ==
    23:48:10.236 |  51 Pool-1-worker-25 | WARN  | o.h.e.i.StatefulPersistenceContext   : HHH000179: Narrowing proxy to class de.tum.cit.aet.artemis.quiz.domain.MultipleChoiceQuestionStatistic - this operation breaks ==
    23:48:10.239 |  51 Pool-1-worker-25 | WARN  | o.h.e.i.StatefulPersistenceContext   : HHH000179: Narrowing proxy to class de.tum.cit.aet.artemis.quiz.domain.DragAndDropQuestionStatistic - this operation breaks ==
    23:48:10.239 |  51 Pool-1-worker-25 | WARN  | o.h.e.i.StatefulPersistenceContext   : HHH000179: Narrowing proxy to class de.tum.cit.aet.artemis.quiz.domain.DragAndDropQuestionStatistic - this operation breaks ==
    23:48:10.240 |  51 Pool-1-worker-25 | WARN  | o.h.e.i.StatefulPersistenceContext   : HHH000179: Narrowing proxy to class de.tum.cit.aet.artemis.quiz.domain.ShortAnswerQuestionStatistic - this operation breaks ==
    23:48:10.240 |  51 Pool-1-worker-25 | WARN  | o.h.e.i.StatefulPersistenceContext   : HHH000179: Narrowing proxy to class de.tum.cit.aet.artemis.quiz.domain.ShortAnswerQuestionStatistic - this operation breaks ==
    23:48:10.245 |  51 Pool-1-worker-25 | INFO  | d.t.c.a.a.q.s.QuizMessagingService   : Sent 'SET_VISIBLE' for quiz 3739 to all listening clients in 0 ms

  Starting logs for QuizExerciseIntegrationTest > testPerformSetVisible(QuizMode) [3] quizMode=INDIVIDUAL
    23:48:10.263 |  51 Pool-1-worker-25 | DEBUG | d.t.c.a.a.c.u.util.UserUtilService   : Generate 1 students...
    23:48:10.267 |  51 Pool-1-worker-25 | DEBUG | d.t.c.a.a.c.u.util.UserUtilService   : 1 students generated. Generate 1 tutors...
    23:48:10.269 |  51 Pool-1-worker-25 | DEBUG | d.t.c.a.a.c.u.util.UserUtilService   : 1 tutors generated. Generate 1 editors...
    23:48:10.272 |  51 Pool-1-worker-25 | DEBUG | d.t.c.a.a.c.u.util.UserUtilService   : 1 editors generated. Generate 1 instructors...
    23:48:10.275 |  51 Pool-1-worker-25 | DEBUG | d.t.c.a.a.c.u.util.UserUtilService   : 1 instructors generated
    23:48:10.277 |  51 Pool-1-worker-25 | DEBUG | d.t.c.a.a.c.u.util.UserUtilService   : Removing 4 users from all courses...
    23:48:10.278 |  51 Pool-1-worker-25 | DEBUG | d.t.c.a.a.c.u.util.UserUtilService   : Removing 4 users from all courses. Done
    23:48:10.278 |  51 Pool-1-worker-25 | DEBUG | d.t.c.a.a.c.u.util.UserUtilService   : Save 4 users to database...
    23:48:10.281 |  51 Pool-1-worker-25 | DEBUG | d.t.c.a.a.c.u.util.UserUtilService   : Save 4 users to database. Done
    23:48:10.281 |  51 Pool-1-worker-25 | INFO  | i.z.t.d.l.EmbeddedDatabaseReporter   : JDBC URL to connect to 'dataSource': url='jdbc:h2:tcp://localhost:41063/mem:df70fc46-7e57-4cb5-9cd0-c1d90c14afa7;USER=sa', scope='QuizExerciseIntegrationTest#testPerformSetVisible'
    23:48:10.288 |  51 Pool-1-worker-25 | DEBUG | d.t.c.a.a.c.s.f.ApiVersionFilter     : Adding Version to Request PUT /api/quiz-exercises/3740/set-visible
    23:48:10.289 |  51 Pool-1-worker-25 | DEBUG | d.t.c.a.a.q.web.QuizExerciseResource : REST request to perform action SET_VISIBLE on quiz exercise 3740
    23:48:10.294 |  51 Pool-1-worker-25 | ERROR | tech.jhipster.web.util.HeaderUtil    : Entity processing failed, Quiz is already visible to students.
    23:48:10.295 |  51 Pool-1-worker-25 | DEBUG | d.t.c.a.a.q.s.QuizExerciseService    : Save quiz exercise to database: QuizExercise{id=3740, title='new quiz', randomizeQuestionOrder='true', allowedNumberOfAttempts='1', isOpenForPractice='false', releaseDate='2025-02-15T23:48:10.294986612Z[Etc/UTC]', duration='120', dueDate='null'}
    23:48:10.309 |  51 Pool-1-worker-25 | INFO  | .c.s.m.InstanceMessageReceiveService : Received schedule quiz start for quiz exercise 3740
    23:48:10.312 |  51 Pool-1-worker-25 | DEBUG | d.t.c.a.a.c.s.f.ApiVersionFilter     : Adding Version to Request PUT /api/quiz-exercises/3740/set-visible
    23:48:10.313 |  51 Pool-1-worker-25 | DEBUG | d.t.c.a.a.q.web.QuizExerciseResource : REST request to perform action SET_VISIBLE on quiz exercise 3740
    23:48:10.320 |  51 Pool-1-worker-25 | WARN  | o.h.e.i.StatefulPersistenceContext   : HHH000179: Narrowing proxy to class de.tum.cit.aet.artemis.quiz.domain.MultipleChoiceQuestionStatistic - this operation breaks ==
    23:48:10.320 |  51 Pool-1-worker-25 | WARN  | o.h.e.i.StatefulPersistenceContext   : HHH000179: Narrowing proxy to class de.tum.cit.aet.artemis.quiz.domain.MultipleChoiceQuestionStatistic - this operation breaks ==
    23:48:10.322 |  51 Pool-1-worker-25 | WARN  | o.h.e.i.StatefulPersistenceContext   : HHH000179: Narrowing proxy to class de.tum.cit.aet.artemis.quiz.domain.DragAndDropQuestionStatistic - this operation breaks ==
    23:48:10.322 |  51 Pool-1-worker-25 | WARN  | o.h.e.i.StatefulPersistenceContext   : HHH000179: Narrowing proxy to class de.tum.cit.aet.artemis.quiz.domain.DragAndDropQuestionStatistic - this operation breaks ==
    23:48:10.323 |  51 Pool-1-worker-25 | WARN  | o.h.e.i.StatefulPersistenceContext   : HHH000179: Narrowing proxy to class de.tum.cit.aet.artemis.quiz.domain.ShortAnswerQuestionStatistic - this operation breaks ==
    23:48:10.323 |  51 Pool-1-worker-25 | WARN  | o.h.e.i.StatefulPersistenceContext   : HHH000179: Narrowing proxy to class de.tum.cit.aet.artemis.quiz.domain.ShortAnswerQuestionStatistic - this operation breaks ==
    23:48:10.329 |  51 Pool-1-worker-25 | INFO  | d.t.c.a.a.q.s.QuizMessagingService   : Sent 'SET_VISIBLE' for quiz 3740 to all listening clients in 1 ms

  Starting logs for QuizExerciseIntegrationTest > testViewQuizExerciseAsNonTutorNotVisibleForbidden()
    23:48:10.346 |  51 Pool-1-worker-25 | DEBUG | d.t.c.a.a.c.u.util.UserUtilService   : Generate 1 students...
    23:48:10.350 |  51 Pool-1-worker-25 | DEBUG | d.t.c.a.a.c.u.util.UserUtilService   : 1 students generated. Generate 1 tutors...
    23:48:10.352 |  51 Pool-1-worker-25 | DEBUG | d.t.c.a.a.c.u.util.UserUtilService   : 1 tutors generated. Generate 1 editors...
    23:48:10.355 |  51 Pool-1-worker-25 | DEBUG | d.t.c.a.a.c.u.util.UserUtilService   : 1 editors generated. Generate 1 instructors...
    23:48:10.357 |  51 Pool-1-worker-25 | DEBUG | d.t.c.a.a.c.u.util.UserUtilService   : 1 instructors generated
    23:48:10.360 |  51 Pool-1-worker-25 | DEBUG | d.t.c.a.a.c.u.util.UserUtilService   : Removing 4 users from all courses...
    23:48:10.361 |  51 Pool-1-worker-25 | DEBUG | d.t.c.a.a.c.u.util.UserUtilService   : Removing 4 users from all courses. Done
    23:48:10.361 |  51 Pool-1-worker-25 | DEBUG | d.t.c.a.a.c.u.util.UserUtilService   : Save 4 users to database...
    23:48:10.364 |  51 Pool-1-worker-25 | DEBUG | d.t.c.a.a.c.u.util.UserUtilService   : Save 4 users to database. Done
    23:48:10.364 |  51 Pool-1-worker-25 | INFO  | i.z.t.d.l.EmbeddedDatabaseReporter   : JDBC URL to connect to 'dataSource': url='jdbc:h2:tcp://localhost:41063/mem:df70fc46-7e57-4cb5-9cd0-c1d90c14afa7;USER=sa', scope='QuizExerciseIntegrationTest#testViewQuizExerciseAsNonTutorNotVisibleForbidden'
    23:48:10.370 |  51 Pool-1-worker-25 | DEBUG | d.t.c.a.a.c.s.f.ApiVersionFilter     : Adding Version to Request GET /api/quiz-exercises/3741/for-student
    23:48:10.371 |  51 Pool-1-worker-25 | INFO  | d.t.c.a.a.q.web.QuizExerciseResource : REST request to get quiz exercise : 3741
    23:48:10.376 |  51 Pool-1-worker-25 | WARN  | o.z.p.spring.common.AdviceTraits     : Forbidden: You are not allowed to access this resource

  Starting logs for QuizExerciseIntegrationTest > testFilterForCourseDashboard_QuizSubmissionButNoParticipation()
    23:48:10.391 |  51 Pool-1-worker-25 | DEBUG | d.t.c.a.a.c.u.util.UserUtilService   : Generate 1 students...
    23:48:10.394 |  51 Pool-1-worker-25 | DEBUG | d.t.c.a.a.c.u.util.UserUtilService   : 1 students generated. Generate 1 tutors...
    23:48:10.397 |  51 Pool-1-worker-25 | DEBUG | d.t.c.a.a.c.u.util.UserUtilService   : 1 tutors generated. Generate 1 editors...
    23:48:10.400 |  51 Pool-1-worker-25 | DEBUG | d.t.c.a.a.c.u.util.UserUtilService   : 1 editors generated. Generate 1 instructors...
    23:48:10.403 |  51 Pool-1-worker-25 | DEBUG | d.t.c.a.a.c.u.util.UserUtilService   : 1 instructors generated
    23:48:10.405 |  51 Pool-1-worker-25 | DEBUG | d.t.c.a.a.c.u.util.UserUtilService   : Removing 4 users from all courses...
    23:48:10.406 |  51 Pool-1-worker-25 | DEBUG | d.t.c.a.a.c.u.util.UserUtilService   : Removing 4 users from all courses. Done
    23:48:10.406 |  51 Pool-1-worker-25 | DEBUG | d.t.c.a.a.c.u.util.UserUtilService   : Save 4 users to database...
    23:48:10.409 |  51 Pool-1-worker-25 | DEBUG | d.t.c.a.a.c.u.util.UserUtilService   : Save 4 users to database. Done
    23:48:10.409 |  51 Pool-1-worker-25 | INFO  | i.z.t.d.l.EmbeddedDatabaseReporter   : JDBC URL to connect to 'dataSource': url='jdbc:h2:tcp://localhost:41063/mem:df70fc46-7e57-4cb5-9cd0-c1d90c14afa7;USER=sa', scope='QuizExerciseIntegrationTest#testFilterForCourseDashboard_QuizSubmissionButNoParticipation'

  Starting logs for QuizExerciseIntegrationTest > testReevaluateStatistics()
    23:48:10.445 |  51 Pool-1-worker-25 | DEBUG | d.t.c.a.a.c.u.util.UserUtilService   : Generate 1 students...
    23:48:10.449 |  51 Pool-1-worker-25 | DEBUG | d.t.c.a.a.c.u.util.UserUtilService   : 1 students generated. Generate 1 tutors...
    23:48:10.452 |  51 Pool-1-worker-25 | DEBUG | d.t.c.a.a.c.u.util.UserUtilService   : 1 tutors generated. Generate 1 editors...
    23:48:10.454 |  51 Pool-1-worker-25 | DEBUG | d.t.c.a.a.c.u.util.UserUtilService   : 1 editors generated. Generate 1 instructors...
    23:48:10.457 |  51 Pool-1-worker-25 | DEBUG | d.t.c.a.a.c.u.util.UserUtilService   : 1 instructors generated
    23:48:10.460 |  51 Pool-1-worker-25 | DEBUG | d.t.c.a.a.c.u.util.UserUtilService   : Removing 4 users from all courses...
    23:48:10.461 |  51 Pool-1-worker-25 | DEBUG | d.t.c.a.a.c.u.util.UserUtilService   : Removing 4 users from all courses. Done
    23:48:10.461 |  51 Pool-1-worker-25 | DEBUG | d.t.c.a.a.c.u.util.UserUtilService   : Save 4 users to database...
    23:48:10.465 |  51 Pool-1-worker-25 | DEBUG | d.t.c.a.a.c.u.util.UserUtilService   : Save 4 users to database. Done
    23:48:10.465 |  51 Pool-1-worker-25 | INFO  | i.z.t.d.l.EmbeddedDatabaseReporter   : JDBC URL to connect to 'dataSource': url='jdbc:h2:tcp://localhost:41063/mem:df70fc46-7e57-4cb5-9cd0-c1d90c14afa7;USER=sa', scope='QuizExerciseIntegrationTest#testReevaluateStatistics'
    23:48:10.467 |  51 Pool-1-worker-25 | DEBUG | d.t.c.a.a.c.s.f.ApiVersionFilter     : Adding Version to Request POST /api/quiz-exercises
    23:48:10.468 |  51 Pool-1-worker-25 | INFO  | d.t.c.a.a.q.web.QuizExerciseResource : REST request to create QuizExercise : QuizExercise{id=null, title='new quiz', randomizeQuestionOrder='true', allowedNumberOfAttempts='1', isOpenForPractice='false', releaseDate='2025-02-14T23:48:15.465459436Z', duration='3600', dueDate='null'}
    23:48:10.472 |  51 Pool-1-worker-25 | DEBUG | d.t.c.a.a.q.s.QuizExerciseService    : Save quiz exercise to database: QuizExercise{id=null, title='new quiz', randomizeQuestionOrder='true', allowedNumberOfAttempts='1', isOpenForPractice='false', releaseDate='2025-02-14T23:48:15.465459436Z', duration='3600', dueDate='2025-02-15T00:48:20.465459436Z'}
    23:48:10.487 |  51 Pool-1-worker-25 | INFO  | .c.s.m.InstanceMessageReceiveService : Received schedule quiz start for quiz exercise 3743
    23:48:10.489 |  51 Pool-1-worker-25 | DEBUG | t.c.a.a.e.s.ExerciseLifecycleService : Scheduled Task for Exercise "new quiz" (#3743) to trigger on START.
    23:48:10.489 |  51 Pool-1-worker-25 | DEBUG | t.c.a.a.e.s.ExerciseLifecycleService : Scheduled 1 Tasks for Exercise "new quiz" (#3743) to trigger on DUE.
    23:48:10.509 |  51 Pool-1-worker-25 | DEBUG | d.t.c.a.a.c.s.f.ApiVersionFilter     : Adding Version to Request PUT /api/quiz-exercises/3743/re-evaluate
    23:48:10.511 |  51 Pool-1-worker-25 | INFO  | d.t.c.a.a.q.web.QuizExerciseResource : REST request to re-evaluate quiz exercise : 3743
    23:48:10.513 |  51 Pool-1-worker-25 | ERROR | tech.jhipster.web.util.HeaderUtil    : Entity processing failed, The quiz exercise has not ended yet. Re-evaluation is only allowed after a quiz has ended.
    23:48:10.513 |  51 Pool-1-worker-25 | WARN  | o.z.p.spring.common.AdviceTraits     : Bad Request: The quiz exercise has not ended yet. Re-evaluation is only allowed after a quiz has ended.
    23:48:10.514 |  51 Pool-1-worker-25 | DEBUG | d.t.c.a.a.c.s.f.ApiVersionFilter     : Adding Version to Request PUT /api/quiz-exercises/3743
    23:48:10.516 |  51 Pool-1-worker-25 | INFO  | d.t.c.a.a.q.web.QuizExerciseResource : REST request to update quiz exercise : QuizExercise{id=3743, title='new quiz', randomizeQuestionOrder='true', allowedNumberOfAttempts='1', isOpenForPractice='false', releaseDate='2025-02-14T18:48:10.513603436Z', duration='3600', dueDate='2025-02-14T23:48:10Z'}
    23:48:10.519 |  51 Pool-1-worker-25 | WARN  | d.t.c.a.a.core.service.FileService   : Could not delete file /api/files/drag-and-drop/drag-items/772/dnd_image_2025-02-14T23-48-10-471_dragItemImage2.png. Error message: /api/files/drag-and-drop/drag-items/772/dnd_image_2025-02-14T23-48-10-471_dragItemImage2.png
    23:48:10.519 |  51 Pool-1-worker-25 | WARN  | d.t.c.a.a.core.service.FileService   : Could not delete file /api/files/drag-and-drop/drag-items/770/dnd_image_2025-02-14T23-48-10-471_dragItemImage1.png. Error message: /api/files/drag-and-drop/drag-items/770/dnd_image_2025-02-14T23-48-10-471_dragItemImage1.png
    23:48:10.520 |  51 Pool-1-worker-25 | DEBUG | d.t.c.a.a.q.s.QuizExerciseService    : Save quiz exercise to database: QuizExercise{id=3743, title='new quiz', randomizeQuestionOrder='true', allowedNumberOfAttempts='1', isOpenForPractice='false', releaseDate='2025-02-14T18:48:10.513603436Z', duration='3600', dueDate='2025-02-14T23:48:10Z'}
    23:48:10.521 |  51 Pool-1-worker-25 | WARN  | o.h.e.i.StatefulPersistenceContext   : HHH000179: Narrowing proxy to class de.tum.cit.aet.artemis.quiz.domain.MultipleChoiceQuestionStatistic - this operation breaks ==
    23:48:10.521 |  51 Pool-1-worker-25 | WARN  | o.h.e.i.StatefulPersistenceContext   : HHH000179: Narrowing proxy to class de.tum.cit.aet.artemis.quiz.domain.MultipleChoiceQuestionStatistic - this operation breaks ==
    23:48:10.523 |  51 Pool-1-worker-25 | WARN  | o.h.e.i.StatefulPersistenceContext   : HHH000179: Narrowing proxy to class de.tum.cit.aet.artemis.quiz.domain.DragAndDropQuestionStatistic - this operation breaks ==
    23:48:10.523 |  51 Pool-1-worker-25 | WARN  | o.h.e.i.StatefulPersistenceContext   : HHH000179: Narrowing proxy to class de.tum.cit.aet.artemis.quiz.domain.DragAndDropQuestionStatistic - this operation breaks ==
    23:48:10.525 |  51 Pool-1-worker-25 | WARN  | o.h.e.i.StatefulPersistenceContext   : HHH000179: Narrowing proxy to class de.tum.cit.aet.artemis.quiz.domain.ShortAnswerQuestionStatistic - this operation breaks ==
    23:48:10.525 |  51 Pool-1-worker-25 | WARN  | o.h.e.i.StatefulPersistenceContext   : HHH000179: Narrowing proxy to class de.tum.cit.aet.artemis.quiz.domain.ShortAnswerQuestionStatistic - this operation breaks ==
    23:48:10.535 |  51 Pool-1-worker-25 | INFO  | .c.s.m.InstanceMessageReceiveService : Received schedule quiz start for quiz exercise 3743
    23:48:10.536 |  51 Pool-1-worker-25 | DEBUG | d.t.c.a.a.c.service.ScheduleService  : Cancelling scheduled task START for Exercise (#3743).
    23:48:10.537 |  51 Pool-1-worker-25 | INFO  | d.t.c.a.a.e.service.ExerciseService  : User quizexerciseintegrationinstructor1 has updated QuizExercise new quiz with id 3743
    23:48:10.568 |  51 Pool-1-worker-25 | DEBUG | .c.s.m.InstanceMessageReceiveService : Received schedule participant score for exercise 3743 and participant 718 (result to be deleted: null)
    23:48:10.568 |  51 Pool-1-worker-25 | DEBUG | .a.s.ParticipantScoreScheduleService : Scheduled task for exercise 3743 and participant 718 at 2025-02-14T23:48:10.668418700Z[Etc/UTC].
    23:48:10.594 |  51 Pool-1-worker-25 | DEBUG | .c.s.m.InstanceMessageReceiveService : Received schedule participant score for exercise 3743 and participant 718 (result to be deleted: null)
    23:48:10.595 |  51 Pool-1-worker-25 | DEBUG | .a.s.ParticipantScoreScheduleService : Scheduled task for exercise 3743 and participant 718 at 2025-02-14T23:48:10.695046242Z[Etc/UTC].
    23:48:10.613 |  51 Pool-1-worker-25 | DEBUG | .c.s.m.InstanceMessageReceiveService : Received schedule participant score for exercise 3743 and participant 719 (result to be deleted: null)
    23:48:10.613 |  51 Pool-1-worker-25 | DEBUG | .a.s.ParticipantScoreScheduleService : Scheduled task for exercise 3743 and participant 719 at 2025-02-14T23:48:10.713481526Z[Etc/UTC].
    23:48:10.637 |  51 Pool-1-worker-25 | DEBUG | .c.s.m.InstanceMessageReceiveService : Received schedule participant score for exercise 3743 and participant 719 (result to be deleted: null)
    23:48:10.637 |  51 Pool-1-worker-25 | DEBUG | .a.s.ParticipantScoreScheduleService : Scheduled task for exercise 3743 and participant 719 at 2025-02-14T23:48:10.737872577Z[Etc/UTC].
    23:48:10.655 |  51 Pool-1-worker-25 | DEBUG | .c.s.m.InstanceMessageReceiveService : Received schedule participant score for exercise 3743 and participant 720 (result to be deleted: null)
    23:48:10.655 |  51 Pool-1-worker-25 | DEBUG | .a.s.ParticipantScoreScheduleService : Scheduled task for exercise 3743 and participant 720 at 2025-02-14T23:48:10.755206686Z[Etc/UTC].
    23:48:10.681 |  51 Pool-1-worker-25 | DEBUG | .c.s.m.InstanceMessageReceiveService : Received schedule participant score for exercise 3743 and participant 720 (result to be deleted: null)
    23:48:10.681 |  51 Pool-1-worker-25 | DEBUG | .a.s.ParticipantScoreScheduleService : Scheduled task for exercise 3743 and participant 720 at 2025-02-14T23:48:10.781513270Z[Etc/UTC].
    23:48:10.695 | 664 taskScheduler-2  | DEBUG | .a.s.ParticipantScoreScheduleService : Processing exercise 3743 and participant 718 to update participant scores.
    23:48:10.699 |  51 Pool-1-worker-25 | DEBUG | .c.s.m.InstanceMessageReceiveService : Received schedule participant score for exercise 3743 and participant 722 (result to be deleted: null)
    23:48:10.699 |  51 Pool-1-worker-25 | DEBUG | .a.s.ParticipantScoreScheduleService : Scheduled task for exercise 3743 and participant 722 at 2025-02-14T23:48:10.799676458Z[Etc/UTC].
    23:48:10.702 | 664 taskScheduler-2  | DEBUG | .a.s.ParticipantScoreScheduleService : Updated participant score 117.
    23:48:10.708 | 664 taskScheduler-2  | DEBUG | .a.s.ParticipantScoreScheduleService : Updating the participant score for exercise 3743 and participant 718 took 13 ms.
    23:48:10.730 |  51 Pool-1-worker-25 | DEBUG | .c.s.m.InstanceMessageReceiveService : Received schedule participant score for exercise 3743 and participant 722 (result to be deleted: null)
    23:48:10.730 |  51 Pool-1-worker-25 | DEBUG | .a.s.ParticipantScoreScheduleService : Scheduled task for exercise 3743 and participant 722 at 2025-02-14T23:48:10.830802941Z[Etc/UTC].
    23:48:10.738 | 666 taskScheduler-4  | DEBUG | .a.s.ParticipantScoreScheduleService : Processing exercise 3743 and participant 719 to update participant scores.
    23:48:10.742 | 666 taskScheduler-4  | DEBUG | .a.s.ParticipantScoreScheduleService : Updated participant score 118.
    23:48:10.745 | 666 taskScheduler-4  | DEBUG | .a.s.ParticipantScoreScheduleService : Updating the participant score for exercise 3743 and participant 719 took 7 ms.
    23:48:10.748 |  51 Pool-1-worker-25 | DEBUG | .c.s.m.InstanceMessageReceiveService : Received schedule participant score for exercise 3743 and participant 723 (result to be deleted: null)
    23:48:10.748 |  51 Pool-1-worker-25 | DEBUG | .a.s.ParticipantScoreScheduleService : Scheduled task for exercise 3743 and participant 723 at 2025-02-14T23:48:10.848396554Z[Etc/UTC].
    23:48:10.768 |  51 Pool-1-worker-25 | DEBUG | .c.s.m.InstanceMessageReceiveService : Received schedule participant score for exercise 3743 and participant 723 (result to be deleted: null)
    23:48:10.768 |  51 Pool-1-worker-25 | DEBUG | .a.s.ParticipantScoreScheduleService : Scheduled task for exercise 3743 and participant 723 at 2025-02-14T23:48:10.868864729Z[Etc/UTC].
    23:48:10.781 | 663 taskScheduler-1  | DEBUG | .a.s.ParticipantScoreScheduleService : Processing exercise 3743 and participant 720 to update participant scores.
    23:48:10.784 |  51 Pool-1-worker-25 | DEBUG | .c.s.m.InstanceMessageReceiveService : Received schedule participant score for exercise 3743 and participant 724 (result to be deleted: null)
    23:48:10.784 |  51 Pool-1-worker-25 | DEBUG | .a.s.ParticipantScoreScheduleService : Scheduled task for exercise 3743 and participant 724 at 2025-02-14T23:48:10.884590418Z[Etc/UTC].
    23:48:10.786 | 663 taskScheduler-1  | DEBUG | .a.s.ParticipantScoreScheduleService : Updated participant score 119.
    23:48:10.789 | 663 taskScheduler-1  | DEBUG | .a.s.ParticipantScoreScheduleService : Updating the participant score for exercise 3743 and participant 720 took 8 ms.
    23:48:10.813 |  51 Pool-1-worker-25 | DEBUG | .c.s.m.InstanceMessageReceiveService : Received schedule participant score for exercise 3743 and participant 724 (result to be deleted: null)
    23:48:10.813 |  51 Pool-1-worker-25 | DEBUG | .a.s.ParticipantScoreScheduleService : Scheduled task for exercise 3743 and participant 724 at 2025-02-14T23:48:10.913642069Z[Etc/UTC].
    23:48:10.831 | 665 taskScheduler-3  | DEBUG | .a.s.ParticipantScoreScheduleService : Processing exercise 3743 and participant 722 to update participant scores.
    23:48:10.832 |  51 Pool-1-worker-25 | DEBUG | .c.s.m.InstanceMessageReceiveService : Received schedule participant score for exercise 3743 and participant 725 (result to be deleted: null)
    23:48:10.832 |  51 Pool-1-worker-25 | DEBUG | .a.s.ParticipantScoreScheduleService : Scheduled task for exercise 3743 and participant 725 at 2025-02-14T23:48:10.932066041Z[Etc/UTC].
    23:48:10.834 | 665 taskScheduler-3  | DEBUG | .a.s.ParticipantScoreScheduleService : Updated participant score 120.
    23:48:10.837 | 665 taskScheduler-3  | DEBUG | .a.s.ParticipantScoreScheduleService : Updating the participant score for exercise 3743 and participant 722 took 6 ms.
    23:48:10.861 |  51 Pool-1-worker-25 | DEBUG | .c.s.m.InstanceMessageReceiveService : Received schedule participant score for exercise 3743 and participant 725 (result to be deleted: null)
    23:48:10.861 |  51 Pool-1-worker-25 | DEBUG | .a.s.ParticipantScoreScheduleService : Scheduled task for exercise 3743 and participant 725 at 2025-02-14T23:48:10.961783075Z[Etc/UTC].
    23:48:10.868 | 664 taskScheduler-2  | DEBUG | .a.s.ParticipantScoreScheduleService : Processing exercise 3743 and participant 723 to update participant scores.
    23:48:10.873 | 664 taskScheduler-2  | DEBUG | .a.s.ParticipantScoreScheduleService : Updated participant score 121.
    23:48:10.877 | 664 taskScheduler-2  | DEBUG | .a.s.ParticipantScoreScheduleService : Updating the participant score for exercise 3743 and participant 723 took 9 ms.
    23:48:10.881 |  51 Pool-1-worker-25 | DEBUG | .c.s.m.InstanceMessageReceiveService : Received schedule participant score for exercise 3743 and participant 726 (result to be deleted: null)
    23:48:10.881 |  51 Pool-1-worker-25 | DEBUG | .a.s.ParticipantScoreScheduleService : Scheduled task for exercise 3743 and participant 726 at 2025-02-14T23:48:10.981715621Z[Etc/UTC].
    23:48:10.906 |  51 Pool-1-worker-25 | DEBUG | .c.s.m.InstanceMessageReceiveService : Received schedule participant score for exercise 3743 and participant 726 (result to be deleted: null)
    23:48:10.906 |  51 Pool-1-worker-25 | DEBUG | .a.s.ParticipantScoreScheduleService : Scheduled task for exercise 3743 and participant 726 at 2025-02-14T23:48:11.006209073Z[Etc/UTC].
    23:48:10.913 | 666 taskScheduler-4  | DEBUG | .a.s.ParticipantScoreScheduleService : Processing exercise 3743 and participant 724 to update participant scores.
    23:48:10.917 | 666 taskScheduler-4  | DEBUG | .a.s.ParticipantScoreScheduleService : Updated participant score 122.
    23:48:10.920 | 666 taskScheduler-4  | DEBUG | .a.s.ParticipantScoreScheduleService : Updating the participant score for exercise 3743 and participant 724 took 7 ms.
    23:48:10.923 |  51 Pool-1-worker-25 | DEBUG | .c.s.m.InstanceMessageReceiveService : Received schedule participant score for exercise 3743 and participant 714 (result to be deleted: null)
    23:48:10.923 |  51 Pool-1-worker-25 | DEBUG | .a.s.ParticipantScoreScheduleService : Scheduled task for exercise 3743 and participant 714 at 2025-02-14T23:48:11.023249244Z[Etc/UTC].
    23:48:10.948 |  51 Pool-1-worker-25 | DEBUG | .c.s.m.InstanceMessageReceiveService : Received schedule participant score for exercise 3743 and participant 714 (result to be deleted: null)
    23:48:10.948 |  51 Pool-1-worker-25 | DEBUG | .a.s.ParticipantScoreScheduleService : Scheduled task for exercise 3743 and participant 714 at 2025-02-14T23:48:11.048888904Z[Etc/UTC].
    23:48:10.961 |  51 Pool-1-worker-25 | DEBUG | .c.s.m.InstanceMessageReceiveService : Received schedule participant score for exercise 3743 and participant 721 (result to be deleted: null)
    23:48:10.961 |  51 Pool-1-worker-25 | DEBUG | .a.s.ParticipantScoreScheduleService : Scheduled task for exercise 3743 and participant 721 at 2025-02-14T23:48:11.061928376Z[Etc/UTC].
    23:48:10.962 | 663 taskScheduler-1  | DEBUG | .a.s.ParticipantScoreScheduleService : Processing exercise 3743 and participant 725 to update participant scores.
    23:48:10.967 | 663 taskScheduler-1  | DEBUG | .a.s.ParticipantScoreScheduleService : Updated participant score 123.
    23:48:10.970 | 663 taskScheduler-1  | DEBUG | .a.s.ParticipantScoreScheduleService : Updating the participant score for exercise 3743 and participant 725 took 8 ms.
    23:48:10.992 |  51 Pool-1-worker-25 | DEBUG | .c.s.m.InstanceMessageReceiveService : Received schedule participant score for exercise 3743 and participant 721 (result to be deleted: null)
    23:48:10.992 |  51 Pool-1-worker-25 | DEBUG | .a.s.ParticipantScoreScheduleService : Scheduled task for exercise 3743 and participant 721 at 2025-02-14T23:48:11.092187131Z[Etc/UTC].
    23:48:11.003 |  51 Pool-1-worker-25 | DEBUG | d.t.c.a.a.c.s.f.ApiVersionFilter     : Adding Version to Request GET /api/quiz-exercises/3743/recalculate-statistics
    23:48:11.004 |  51 Pool-1-worker-25 | INFO  | d.t.c.a.a.q.web.QuizExerciseResource : REST request to recalculate quiz statistics : 3743
    23:48:11.006 | 665 taskScheduler-3  | DEBUG | .a.s.ParticipantScoreScheduleService : Processing exercise 3743 and participant 726 to update participant scores.
    23:48:11.011 | 665 taskScheduler-3  | DEBUG | .a.s.ParticipantScoreScheduleService : Updated participant score 124.
    23:48:11.014 | 665 taskScheduler-3  | DEBUG | .a.s.ParticipantScoreScheduleService : Updating the participant score for exercise 3743 and participant 726 took 8 ms.
    23:48:11.044 |  51 Pool-1-worker-25 | DEBUG | .c.a.a.q.QuizExerciseIntegrationTest : QuizPointStatistic before re-evaluate: QuizPointStatistic{id=404, counters=[PointCounter{id=1408, points='0.0', rated=3, unrated=0}, PointCounter{id=1409, points='1.0', rated=0, unrated=0}, PointCounter{id=1410, points='2.0', rated=0, unrated=0}, PointCounter{id=1411, points='3.0', rated=2, unrated=0}, PointCounter{id=1412, points='4.0', rated=2, unrated=0}, PointCounter{id=1413, points='5.0', rated=0, unrated=0}, PointCounter{id=1414, points='6.0', rated=2, unrated=0}, PointCounter{id=1415, points='7.0', rated=1, unrated=0}, PointCounter{id=1416, points='8.0', rated=0, unrated=0}, PointCounter{id=1417, points='9.0', rated=0, unrated=0}]}
    23:48:11.046 |  51 Pool-1-worker-25 | DEBUG | d.t.c.a.a.c.s.f.ApiVersionFilter     : Adding Version to Request PUT /api/quiz-exercises/3743/re-evaluate
    23:48:11.048 |  51 Pool-1-worker-25 | INFO  | d.t.c.a.a.q.web.QuizExerciseResource : REST request to re-evaluate quiz exercise : 3743
    23:48:11.049 | 664 taskScheduler-2  | DEBUG | .a.s.ParticipantScoreScheduleService : Processing exercise 3743 and participant 714 to update participant scores.
    23:48:11.052 |  51 Pool-1-worker-25 | WARN  | d.t.c.a.a.core.service.FileService   : Could not delete file /api/files/drag-and-drop/drag-items/772/dnd_image_2025-02-14T23-48-10-471_dragItemImage2.png. Error message: /api/files/drag-and-drop/drag-items/772/dnd_image_2025-02-14T23-48-10-471_dragItemImage2.png
    23:48:11.053 |  51 Pool-1-worker-25 | WARN  | d.t.c.a.a.core.service.FileService   : Could not delete file /api/files/drag-and-drop/drag-items/770/dnd_image_2025-02-14T23-48-10-471_dragItemImage1.png. Error message: /api/files/drag-and-drop/drag-items/770/dnd_image_2025-02-14T23-48-10-471_dragItemImage1.png
    23:48:11.055 | 664 taskScheduler-2  | DEBUG | .a.s.ParticipantScoreScheduleService : Updated participant score 125.
    23:48:11.058 | 664 taskScheduler-2  | DEBUG | .a.s.ParticipantScoreScheduleService : Updating the participant score for exercise 3743 and participant 714 took 9 ms.
    23:48:11.060 |  51 Pool-1-worker-25 | INFO  | d.t.c.a.a.q.s.QuizExerciseService    : Found 10 results to update for quiz re-evaluate
    23:48:11.081 |  51 Pool-1-worker-25 | DEBUG | .c.s.m.InstanceMessageReceiveService : Received schedule participant score for exercise 3743 and participant 718 (result to be deleted: null)
    23:48:11.081 |  51 Pool-1-worker-25 | DEBUG | .a.s.ParticipantScoreScheduleService : Scheduled task for exercise 3743 and participant 718 at 2025-02-14T23:48:11.181881304Z[Etc/UTC].
    23:48:11.082 |  51 Pool-1-worker-25 | DEBUG | .c.s.m.InstanceMessageReceiveService : Received schedule participant score for exercise 3743 and participant 719 (result to be deleted: null)
    23:48:11.082 |  51 Pool-1-worker-25 | DEBUG | .a.s.ParticipantScoreScheduleService : Scheduled task for exercise 3743 and participant 719 at 2025-02-14T23:48:11.182047785Z[Etc/UTC].
    23:48:11.082 |  51 Pool-1-worker-25 | DEBUG | .c.s.m.InstanceMessageReceiveService : Received schedule participant score for exercise 3743 and participant 720 (result to be deleted: null)
    23:48:11.082 |  51 Pool-1-worker-25 | DEBUG | .a.s.ParticipantScoreScheduleService : Scheduled task for exercise 3743 and participant 720 at 2025-02-14T23:48:11.182203816Z[Etc/UTC].
    23:48:11.082 |  51 Pool-1-worker-25 | DEBUG | .c.s.m.InstanceMessageReceiveService : Received schedule participant score for exercise 3743 and participant 722 (result to be deleted: null)
    23:48:11.082 |  51 Pool-1-worker-25 | DEBUG | .a.s.ParticipantScoreScheduleService : Scheduled task for exercise 3743 and participant 722 at 2025-02-14T23:48:11.182331113Z[Etc/UTC].
    23:48:11.082 |  51 Pool-1-worker-25 | DEBUG | .c.s.m.InstanceMessageReceiveService : Received schedule participant score for exercise 3743 and participant 723 (result to be deleted: null)
    23:48:11.082 |  51 Pool-1-worker-25 | DEBUG | .a.s.ParticipantScoreScheduleService : Scheduled task for exercise 3743 and participant 723 at 2025-02-14T23:48:11.182457799Z[Etc/UTC].
    23:48:11.082 |  51 Pool-1-worker-25 | DEBUG | .c.s.m.InstanceMessageReceiveService : Received schedule participant score for exercise 3743 and participant 724 (result to be deleted: null)
    23:48:11.082 |  51 Pool-1-worker-25 | DEBUG | .a.s.ParticipantScoreScheduleService : Scheduled task for exercise 3743 and participant 724 at 2025-02-14T23:48:11.182581891Z[Etc/UTC].
    23:48:11.082 |  51 Pool-1-worker-25 | DEBUG | .c.s.m.InstanceMessageReceiveService : Received schedule participant score for exercise 3743 and participant 725 (result to be deleted: null)
    23:48:11.082 |  51 Pool-1-worker-25 | DEBUG | .a.s.ParticipantScoreScheduleService : Scheduled task for exercise 3743 and participant 725 at 2025-02-14T23:48:11.182720068Z[Etc/UTC].
    23:48:11.082 |  51 Pool-1-worker-25 | DEBUG | .c.s.m.InstanceMessageReceiveService : Received schedule participant score for exercise 3743 and participant 726 (result to be deleted: null)
    23:48:11.082 |  51 Pool-1-worker-25 | DEBUG | .a.s.ParticipantScoreScheduleService : Scheduled task for exercise 3743 and participant 726 at 2025-02-14T23:48:11.182842917Z[Etc/UTC].
    23:48:11.082 |  51 Pool-1-worker-25 | DEBUG | .c.s.m.InstanceMessageReceiveService : Received schedule participant score for exercise 3743 and participant 714 (result to be deleted: null)
    23:48:11.082 |  51 Pool-1-worker-25 | DEBUG | .a.s.ParticipantScoreScheduleService : Scheduled task for exercise 3743 and participant 714 at 2025-02-14T23:48:11.182959916Z[Etc/UTC].
    23:48:11.083 |  51 Pool-1-worker-25 | DEBUG | .c.s.m.InstanceMessageReceiveService : Received schedule participant score for exercise 3743 and participant 721 (result to be deleted: null)
    23:48:11.083 |  51 Pool-1-worker-25 | DEBUG | .a.s.ParticipantScoreScheduleService : Scheduled task for exercise 3743 and participant 721 at 2025-02-14T23:48:11.183077705Z[Etc/UTC].
    23:48:11.084 |  51 Pool-1-worker-25 | INFO  | d.t.c.a.a.q.s.QuizExerciseService    : 10 results have been updated successfully for quiz re-evaluate
    23:48:11.084 |  51 Pool-1-worker-25 | DEBUG | d.t.c.a.a.q.s.QuizExerciseService    : Save quiz exercise to database: QuizExercise{id=3743, title='new quiz', randomizeQuestionOrder='true', allowedNumberOfAttempts='1', isOpenForPractice='false', releaseDate='2025-02-14T18:48:10.513603Z', duration='3600', dueDate='2025-02-14T23:48:10Z'}
    23:48:11.086 |  51 Pool-1-worker-25 | WARN  | o.h.e.i.StatefulPersistenceContext   : HHH000179: Narrowing proxy to class de.tum.cit.aet.artemis.quiz.domain.MultipleChoiceQuestionStatistic - this operation breaks ==
    23:48:11.086 |  51 Pool-1-worker-25 | WARN  | o.h.e.i.StatefulPersistenceContext   : HHH000179: Narrowing proxy to class de.tum.cit.aet.artemis.quiz.domain.MultipleChoiceQuestionStatistic - this operation breaks ==
    23:48:11.087 |  51 Pool-1-worker-25 | WARN  | o.h.e.i.StatefulPersistenceContext   : HHH000179: Narrowing proxy to class de.tum.cit.aet.artemis.quiz.domain.DragAndDropQuestionStatistic - this operation breaks ==
    23:48:11.087 |  51 Pool-1-worker-25 | WARN  | o.h.e.i.StatefulPersistenceContext   : HHH000179: Narrowing proxy to class de.tum.cit.aet.artemis.quiz.domain.DragAndDropQuestionStatistic - this operation breaks ==
    23:48:11.089 |  51 Pool-1-worker-25 | WARN  | o.h.e.i.StatefulPersistenceContext   : HHH000179: Narrowing proxy to class de.tum.cit.aet.artemis.quiz.domain.ShortAnswerQuestionStatistic - this operation breaks ==
    23:48:11.089 |  51 Pool-1-worker-25 | WARN  | o.h.e.i.StatefulPersistenceContext   : HHH000179: Narrowing proxy to class de.tum.cit.aet.artemis.quiz.domain.ShortAnswerQuestionStatistic - this operation breaks ==
    23:48:11.096 |  51 Pool-1-worker-25 | INFO  | .c.s.m.InstanceMessageReceiveService : Received schedule quiz start for quiz exercise 3743
    23:48:11.102 |  51 Pool-1-worker-25 | INFO  | d.t.c.a.a.e.service.ExerciseService  : User quizexerciseintegrationinstructor1 has updated QuizExercise new quiz with id 3743
    23:48:11.107 |  51 Pool-1-worker-25 | DEBUG | .c.a.a.q.QuizExerciseIntegrationTest : AnswerCounters: AnswerCounter{id=1418, rated=6, unrated=0}
    23:48:11.107 |  51 Pool-1-worker-25 | DEBUG | .c.a.a.q.QuizExerciseIntegrationTest : MultipleChoiceQuestionStatistic: null
    23:48:11.107 |  51 Pool-1-worker-25 | DEBUG | .c.a.a.q.QuizExerciseIntegrationTest : AnswerCounters: AnswerCounter{id=1419, rated=4, unrated=0}
    23:48:11.107 |  51 Pool-1-worker-25 | DEBUG | .c.a.a.q.QuizExerciseIntegrationTest : MultipleChoiceQuestionStatistic: null
    23:48:11.107 |  51 Pool-1-worker-25 | DEBUG | .c.a.a.q.QuizExerciseIntegrationTest : DropLocationCounters: DropLocationCounter{id=1420}
    23:48:11.107 |  51 Pool-1-worker-25 | DEBUG | .c.a.a.q.QuizExerciseIntegrationTest : DragAndDropQuestionStatistic: null
    23:48:11.107 |  51 Pool-1-worker-25 | DEBUG | .c.a.a.q.QuizExerciseIntegrationTest : DropLocationCounters: DropLocationCounter{id=1421}
    23:48:11.107 |  51 Pool-1-worker-25 | DEBUG | .c.a.a.q.QuizExerciseIntegrationTest : DragAndDropQuestionStatistic: null
    23:48:11.107 |  51 Pool-1-worker-25 | DEBUG | .c.a.a.q.QuizExerciseIntegrationTest : DropLocationCounters: DropLocationCounter{id=1422}
    23:48:11.107 |  51 Pool-1-worker-25 | DEBUG | .c.a.a.q.QuizExerciseIntegrationTest : DragAndDropQuestionStatistic: null
    23:48:11.107 |  51 Pool-1-worker-25 | DEBUG | .c.a.a.q.QuizExerciseIntegrationTest : DropLocationCounters: DropLocationCounter{id=1423}
    23:48:11.107 |  51 Pool-1-worker-25 | DEBUG | .c.a.a.q.QuizExerciseIntegrationTest : DragAndDropQuestionStatistic: null
    23:48:11.107 |  51 Pool-1-worker-25 | DEBUG | .c.a.a.q.QuizExerciseIntegrationTest : ShortAnswerSpotCounters: ShortAnswerSpotCounter{id=1424}
    23:48:11.107 |  51 Pool-1-worker-25 | DEBUG | .c.a.a.q.QuizExerciseIntegrationTest : ShortAnswerQuestionStatistic: null
    23:48:11.107 |  51 Pool-1-worker-25 | DEBUG | .c.a.a.q.QuizExerciseIntegrationTest : ShortAnswerSpotCounters: ShortAnswerSpotCounter{id=1425}
    23:48:11.107 |  51 Pool-1-worker-25 | DEBUG | .c.a.a.q.QuizExerciseIntegrationTest : ShortAnswerQuestionStatistic: null
    23:48:11.107 |  51 Pool-1-worker-25 | DEBUG | .c.a.a.q.QuizExerciseIntegrationTest : QuizPointStatistic after re-evaluate (without changes): QuizPointStatistic{id=404, counters=[PointCounter{id=1408, points='0.0', rated=3, unrated=0}, PointCounter{id=1409, points='1.0', rated=0, unrated=0}, PointCounter{id=1410, points='2.0', rated=0, unrated=0}, PointCounter{id=1411, points='3.0', rated=2, unrated=0}, PointCounter{id=1412, points='4.0', rated=2, unrated=0}, PointCounter{id=1413, points='5.0', rated=0, unrated=0}, PointCounter{id=1414, points='6.0', rated=2, unrated=0}, PointCounter{id=1415, points='7.0', rated=1, unrated=0}, PointCounter{id=1416, points='8.0', rated=0, unrated=0}, PointCounter{id=1417, points='9.0', rated=0, unrated=0}]}
    23:48:11.108 |  51 Pool-1-worker-25 | DEBUG | d.t.c.a.a.c.s.f.ApiVersionFilter     : Adding Version to Request PUT /api/quiz-exercises/3743/re-evaluate
    23:48:11.112 |  51 Pool-1-worker-25 | INFO  | d.t.c.a.a.q.web.QuizExerciseResource : REST request to re-evaluate quiz exercise : 3743
    23:48:11.117 |  51 Pool-1-worker-25 | WARN  | d.t.c.a.a.core.service.FileService   : Could not delete file /api/files/drag-and-drop/drag-items/772/dnd_image_2025-02-14T23-48-10-471_dragItemImage2.png. Error message: /api/files/drag-and-drop/drag-items/772/dnd_image_2025-02-14T23-48-10-471_dragItemImage2.png
    23:48:11.117 |  51 Pool-1-worker-25 | WARN  | d.t.c.a.a.core.service.FileService   : Could not delete file /api/files/drag-and-drop/drag-items/770/dnd_image_2025-02-14T23-48-10-471_dragItemImage1.png. Error message: /api/files/drag-and-drop/drag-items/770/dnd_image_2025-02-14T23-48-10-471_dragItemImage1.png
    23:48:11.123 |  51 Pool-1-worker-25 | INFO  | d.t.c.a.a.q.s.QuizExerciseService    : Found 10 results to update for quiz re-evaluate
    23:48:11.143 |  51 Pool-1-worker-25 | DEBUG | .c.s.m.InstanceMessageReceiveService : Received schedule participant score for exercise 3743 and participant 714 (result to be deleted: null)
    23:48:11.143 |  51 Pool-1-worker-25 | DEBUG | .a.s.ParticipantScoreScheduleService : Scheduled task for exercise 3743 and participant 714 at 2025-02-14T23:48:11.243795569Z[Etc/UTC].
    23:48:11.144 |  51 Pool-1-worker-25 | INFO  | d.t.c.a.a.q.s.QuizExerciseService    : 10 results have been updated successfully for quiz re-evaluate
    23:48:11.144 |  51 Pool-1-worker-25 | DEBUG | d.t.c.a.a.q.s.QuizExerciseService    : Save quiz exercise to database: QuizExercise{id=3743, title='new quiz', randomizeQuestionOrder='true', allowedNumberOfAttempts='1', isOpenForPractice='false', releaseDate='2025-02-14T18:48:10.513603Z', duration='3600', dueDate='2025-02-14T23:48:10Z'}
    23:48:11.146 |  51 Pool-1-worker-25 | WARN  | o.h.e.i.StatefulPersistenceContext   : HHH000179: Narrowing proxy to class de.tum.cit.aet.artemis.quiz.domain.MultipleChoiceQuestionStatistic - this operation breaks ==
    23:48:11.146 |  51 Pool-1-worker-25 | WARN  | o.h.e.i.StatefulPersistenceContext   : HHH000179: Narrowing proxy to class de.tum.cit.aet.artemis.quiz.domain.MultipleChoiceQuestionStatistic - this operation breaks ==
    23:48:11.148 |  51 Pool-1-worker-25 | WARN  | o.h.e.i.StatefulPersistenceContext   : HHH000179: Narrowing proxy to class de.tum.cit.aet.artemis.quiz.domain.DragAndDropQuestionStatistic - this operation breaks ==
    23:48:11.148 |  51 Pool-1-worker-25 | WARN  | o.h.e.i.StatefulPersistenceContext   : HHH000179: Narrowing proxy to class de.tum.cit.aet.artemis.quiz.domain.DragAndDropQuestionStatistic - this operation breaks ==
    23:48:11.153 |  51 Pool-1-worker-25 | WARN  | o.h.e.i.StatefulPersistenceContext   : HHH000179: Narrowing proxy to class de.tum.cit.aet.artemis.quiz.domain.ShortAnswerQuestionStatistic - this operation breaks ==
    23:48:11.153 |  51 Pool-1-worker-25 | WARN  | o.h.e.i.StatefulPersistenceContext   : HHH000179: Narrowing proxy to class de.tum.cit.aet.artemis.quiz.domain.ShortAnswerQuestionStatistic - this operation breaks ==
    23:48:11.161 |  51 Pool-1-worker-25 | INFO  | .c.s.m.InstanceMessageReceiveService : Received schedule quiz start for quiz exercise 3743
    23:48:11.181 | 666 taskScheduler-4  | DEBUG | .a.s.ParticipantScoreScheduleService : Processing exercise 3743 and participant 718 to update participant scores.
    23:48:11.182 | 664 taskScheduler-2  | DEBUG | .a.s.ParticipantScoreScheduleService : Processing exercise 3743 and participant 719 to update participant scores.
    23:48:11.182 | 665 taskScheduler-3  | DEBUG | .a.s.ParticipantScoreScheduleService : Processing exercise 3743 and participant 720 to update participant scores.
    23:48:11.189 | 663 taskScheduler-1  | DEBUG | .a.s.ParticipantScoreScheduleService : Processing exercise 3743 and participant 722 to update participant scores.
    23:48:11.194 | 664 taskScheduler-2  | DEBUG | .a.s.ParticipantScoreScheduleService : Updated participant score 118.
    23:48:11.199 |  51 Pool-1-worker-25 | INFO  | d.t.c.a.a.e.service.ExerciseService  : User quizexerciseintegrationinstructor1 has updated QuizExercise new quiz with id 3743
    23:48:11.200 | 664 taskScheduler-2  | DEBUG | .a.s.ParticipantScoreScheduleService : Updating the participant score for exercise 3743 and participant 719 took 18 ms.
    23:48:11.200 | 664 taskScheduler-2  | DEBUG | .a.s.ParticipantScoreScheduleService : Processing exercise 3743 and participant 723 to update participant scores.
    23:48:11.202 | 663 taskScheduler-1  | DEBUG | .a.s.ParticipantScoreScheduleService : Updated participant score 120.
    23:48:11.205 | 666 taskScheduler-4  | DEBUG | .a.s.ParticipantScoreScheduleService : Updated participant score 117.
    23:48:11.207 | 663 taskScheduler-1  | DEBUG | .a.s.ParticipantScoreScheduleService : Updating the participant score for exercise 3743 and participant 722 took 18 ms.
    23:48:11.207 | 663 taskScheduler-1  | DEBUG | .a.s.ParticipantScoreScheduleService : Processing exercise 3743 and participant 724 to update participant scores.
    23:48:11.208 |  51 Pool-1-worker-25 | DEBUG | d.t.c.a.a.c.s.f.ApiVersionFilter     : Adding Version to Request GET /api/quiz-exercises/3743
    23:48:11.209 | 665 taskScheduler-3  | DEBUG | .a.s.ParticipantScoreScheduleService : Updated participant score 119.
    23:48:11.210 |  51 Pool-1-worker-25 | INFO  | d.t.c.a.a.q.web.QuizExerciseResource : REST request to get quiz exercise : 3743
    23:48:11.211 | 665 taskScheduler-3  | DEBUG | .a.s.ParticipantScoreScheduleService : Updating the participant score for exercise 3743 and participant 720 took 29 ms.
    23:48:11.211 | 665 taskScheduler-3  | DEBUG | .a.s.ParticipantScoreScheduleService : Processing exercise 3743 and participant 725 to update participant scores.
    23:48:11.211 | 664 taskScheduler-2  | DEBUG | .a.s.ParticipantScoreScheduleService : Updated participant score 121.
    23:48:11.213 | 666 taskScheduler-4  | DEBUG | .a.s.ParticipantScoreScheduleService : Updating the participant score for exercise 3743 and participant 718 took 32 ms.
    23:48:11.213 | 666 taskScheduler-4  | DEBUG | .a.s.ParticipantScoreScheduleService : Processing exercise 3743 and participant 726 to update participant scores.
    23:48:11.215 | 664 taskScheduler-2  | DEBUG | .a.s.ParticipantScoreScheduleService : Updating the participant score for exercise 3743 and participant 723 took 15 ms.
    23:48:11.215 | 664 taskScheduler-2  | DEBUG | .a.s.ParticipantScoreScheduleService : Processing exercise 3743 and participant 721 to update participant scores.
    23:48:11.221 | 666 taskScheduler-4  | DEBUG | .a.s.ParticipantScoreScheduleService : Updated participant score 124.
    23:48:11.221 | 664 taskScheduler-2  | DEBUG | .a.s.ParticipantScoreScheduleService : Updated participant score 126.
    23:48:11.223 | 663 taskScheduler-1  | DEBUG | .a.s.ParticipantScoreScheduleService : Updated participant score 122.
    23:48:11.224 | 665 taskScheduler-3  | DEBUG | .a.s.ParticipantScoreScheduleService : Updated participant score 123.
    23:48:11.224 | 664 taskScheduler-2  | DEBUG | .a.s.ParticipantScoreScheduleService : Updating the participant score for exercise 3743 and participant 721 took 9 ms.
    23:48:11.226 | 666 taskScheduler-4  | DEBUG | .a.s.ParticipantScoreScheduleService : Updating the participant score for exercise 3743 and participant 726 took 13 ms.
    23:48:11.226 | 665 taskScheduler-3  | DEBUG | .a.s.ParticipantScoreScheduleService : Updating the participant score for exercise 3743 and participant 725 took 15 ms.
    23:48:11.227 |  51 Pool-1-worker-25 | DEBUG | .c.a.a.q.QuizExerciseIntegrationTest : QuizPointStatistic after 1st re-evaluate: QuizPointStatistic{id=404, counters=[PointCounter{id=1408, points='0.0', rated=2, unrated=0}, PointCounter{id=1409, points='1.0', rated=0, unrated=0}, PointCounter{id=1410, points='2.0', rated=0, unrated=0}, PointCounter{id=1411, points='3.0', rated=2, unrated=0}, PointCounter{id=1412, points='4.0', rated=3, unrated=0}, PointCounter{id=1413, points='5.0', rated=0, unrated=0}, PointCounter{id=1414, points='6.0', rated=2, unrated=0}, PointCounter{id=1415, points='7.0', rated=1, unrated=0}, PointCounter{id=1416, points='8.0', rated=0, unrated=0}, PointCounter{id=1417, points='9.0', rated=0, unrated=0}]}
    23:48:11.228 | 663 taskScheduler-1  | DEBUG | .a.s.ParticipantScoreScheduleService : Updating the participant score for exercise 3743 and participant 724 took 21 ms.
    23:48:11.229 |  51 Pool-1-worker-25 | DEBUG | d.t.c.a.a.c.s.f.ApiVersionFilter     : Adding Version to Request PUT /api/quiz-exercises/3743/re-evaluate
    23:48:11.231 |  51 Pool-1-worker-25 | INFO  | d.t.c.a.a.q.web.QuizExerciseResource : REST request to re-evaluate quiz exercise : 3743
    23:48:11.236 |  51 Pool-1-worker-25 | WARN  | d.t.c.a.a.core.service.FileService   : Could not delete file /api/files/drag-and-drop/drag-items/772/dnd_image_2025-02-14T23-48-10-471_dragItemImage2.png. Error message: /api/files/drag-and-drop/drag-items/772/dnd_image_2025-02-14T23-48-10-471_dragItemImage2.png
    23:48:11.236 |  51 Pool-1-worker-25 | WARN  | d.t.c.a.a.core.service.FileService   : Could not delete file /api/files/drag-and-drop/drag-items/770/dnd_image_2025-02-14T23-48-10-471_dragItemImage1.png. Error message: /api/files/drag-and-drop/drag-items/770/dnd_image_2025-02-14T23-48-10-471_dragItemImage1.png
    23:48:11.239 |  51 Pool-1-worker-25 | INFO  | d.t.c.a.a.q.s.QuizExerciseService    : Found 10 results to update for quiz re-evaluate
    23:48:11.244 | 664 taskScheduler-2  | DEBUG | .a.s.ParticipantScoreScheduleService : Processing exercise 3743 and participant 714 to update participant scores.
    23:48:11.253 | 664 taskScheduler-2  | DEBUG | .a.s.ParticipantScoreScheduleService : Updated participant score 125.
    23:48:11.255 | 664 taskScheduler-2  | DEBUG | .a.s.ParticipantScoreScheduleService : Updating the participant score for exercise 3743 and participant 714 took 11 ms.
    23:48:11.259 |  51 Pool-1-worker-25 | DEBUG | .c.s.m.InstanceMessageReceiveService : Received schedule participant score for exercise 3743 and participant 718 (result to be deleted: null)
    23:48:11.259 |  51 Pool-1-worker-25 | DEBUG | .a.s.ParticipantScoreScheduleService : Scheduled task for exercise 3743 and participant 718 at 2025-02-14T23:48:11.359369300Z[Etc/UTC].
    23:48:11.259 |  51 Pool-1-worker-25 | DEBUG | .c.s.m.InstanceMessageReceiveService : Received schedule participant score for exercise 3743 and participant 719 (result to be deleted: null)
    23:48:11.259 |  51 Pool-1-worker-25 | DEBUG | .a.s.ParticipantScoreScheduleService : Scheduled task for exercise 3743 and participant 719 at 2025-02-14T23:48:11.359504472Z[Etc/UTC].
    23:48:11.259 |  51 Pool-1-worker-25 | DEBUG | .c.s.m.InstanceMessageReceiveService : Received schedule participant score for exercise 3743 and participant 722 (result to be deleted: null)
    23:48:11.259 |  51 Pool-1-worker-25 | DEBUG | .a.s.ParticipantScoreScheduleService : Scheduled task for exercise 3743 and participant 722 at 2025-02-14T23:48:11.359607465Z[Etc/UTC].
    23:48:11.259 |  51 Pool-1-worker-25 | DEBUG | .c.s.m.InstanceMessageReceiveService : Received schedule participant score for exercise 3743 and participant 723 (result to be deleted: null)
    23:48:11.259 |  51 Pool-1-worker-25 | DEBUG | .a.s.ParticipantScoreScheduleService : Scheduled task for exercise 3743 and participant 723 at 2025-02-14T23:48:11.359712040Z[Etc/UTC].
    23:48:11.259 |  51 Pool-1-worker-25 | DEBUG | .c.s.m.InstanceMessageReceiveService : Received schedule participant score for exercise 3743 and participant 725 (result to be deleted: null)
    23:48:11.259 |  51 Pool-1-worker-25 | DEBUG | .a.s.ParticipantScoreScheduleService : Scheduled task for exercise 3743 and participant 725 at 2025-02-14T23:48:11.359829899Z[Etc/UTC].
    23:48:11.259 |  51 Pool-1-worker-25 | DEBUG | .c.s.m.InstanceMessageReceiveService : Received schedule participant score for exercise 3743 and participant 726 (result to be deleted: null)
    23:48:11.259 |  51 Pool-1-worker-25 | DEBUG | .a.s.ParticipantScoreScheduleService : Scheduled task for exercise 3743 and participant 726 at 2025-02-14T23:48:11.359962787Z[Etc/UTC].
    23:48:11.260 |  51 Pool-1-worker-25 | DEBUG | .c.s.m.InstanceMessageReceiveService : Received schedule participant score for exercise 3743 and participant 714 (result to be deleted: null)
    23:48:11.260 |  51 Pool-1-worker-25 | DEBUG | .a.s.ParticipantScoreScheduleService : Scheduled task for exercise 3743 and participant 714 at 2025-02-14T23:48:11.360135119Z[Etc/UTC].
    23:48:11.260 |  51 Pool-1-worker-25 | DEBUG | .c.s.m.InstanceMessageReceiveService : Received schedule participant score for exercise 3743 and participant 721 (result to be deleted: null)
    23:48:11.260 |  51 Pool-1-worker-25 | DEBUG | .a.s.ParticipantScoreScheduleService : Scheduled task for exercise 3743 and participant 721 at 2025-02-14T23:48:11.360270632Z[Etc/UTC].
    23:48:11.260 |  51 Pool-1-worker-25 | INFO  | d.t.c.a.a.q.s.QuizExerciseService    : 10 results have been updated successfully for quiz re-evaluate
    23:48:11.261 |  51 Pool-1-worker-25 | DEBUG | d.t.c.a.a.q.s.QuizExerciseService    : Save quiz exercise to database: QuizExercise{id=3743, title='new quiz', randomizeQuestionOrder='true', allowedNumberOfAttempts='1', isOpenForPractice='false', releaseDate='2025-02-14T18:48:10.513603Z', duration='3600', dueDate='2025-02-14T23:48:10Z'}
    23:48:11.263 |  51 Pool-1-worker-25 | WARN  | o.h.e.i.StatefulPersistenceContext   : HHH000179: Narrowing proxy to class de.tum.cit.aet.artemis.quiz.domain.MultipleChoiceQuestionStatistic - this operation breaks ==
    23:48:11.263 |  51 Pool-1-worker-25 | WARN  | o.h.e.i.StatefulPersistenceContext   : HHH000179: Narrowing proxy to class de.tum.cit.aet.artemis.quiz.domain.MultipleChoiceQuestionStatistic - this operation breaks ==
    23:48:11.266 |  51 Pool-1-worker-25 | WARN  | o.h.e.i.StatefulPersistenceContext   : HHH000179: Narrowing proxy to class de.tum.cit.aet.artemis.quiz.domain.DragAndDropQuestionStatistic - this operation breaks ==
    23:48:11.266 |  51 Pool-1-worker-25 | WARN  | o.h.e.i.StatefulPersistenceContext   : HHH000179: Narrowing proxy to class de.tum.cit.aet.artemis.quiz.domain.DragAndDropQuestionStatistic - this operation breaks ==
    23:48:11.268 |  51 Pool-1-worker-25 | WARN  | o.h.e.i.StatefulPersistenceContext   : HHH000179: Narrowing proxy to class de.tum.cit.aet.artemis.quiz.domain.ShortAnswerQuestionStatistic - this operation breaks ==
    23:48:11.268 |  51 Pool-1-worker-25 | WARN  | o.h.e.i.StatefulPersistenceContext   : HHH000179: Narrowing proxy to class de.tum.cit.aet.artemis.quiz.domain.ShortAnswerQuestionStatistic - this operation breaks ==
    23:48:11.279 |  51 Pool-1-worker-25 | INFO  | .c.s.m.InstanceMessageReceiveService : Received schedule quiz start for quiz exercise 3743
    23:48:11.322 |  51 Pool-1-worker-25 | INFO  | d.t.c.a.a.e.service.ExerciseService  : User quizexerciseintegrationinstructor1 has updated QuizExercise new quiz with id 3743
    23:48:11.328 |  51 Pool-1-worker-25 | DEBUG | d.t.c.a.a.c.s.f.ApiVersionFilter     : Adding Version to Request GET /api/quiz-exercises/3743
    23:48:11.330 |  51 Pool-1-worker-25 | INFO  | d.t.c.a.a.q.web.QuizExerciseResource : REST request to get quiz exercise : 3743
    23:48:11.339 |  51 Pool-1-worker-25 | DEBUG | .c.a.a.q.QuizExerciseIntegrationTest : QuizPointStatistic after 2nd re-evaluate: QuizPointStatistic{id=404, counters=[PointCounter{id=1408, points='0.0', rated=0, unrated=0}, PointCounter{id=1409, points='1.0', rated=0, unrated=0}, PointCounter{id=1410, points='2.0', rated=2, unrated=0}, PointCounter{id=1411, points='3.0', rated=0, unrated=0}, PointCounter{id=1412, points='4.0', rated=0, unrated=0}, PointCounter{id=1413, points='5.0', rated=2, unrated=0}, PointCounter{id=1414, points='6.0', rated=5, unrated=0}, PointCounter{id=1415, points='7.0', rated=0, unrated=0}, PointCounter{id=1416, points='8.0', rated=0, unrated=0}, PointCounter{id=1417, points='9.0', rated=1, unrated=0}]}
    23:48:11.340 |  51 Pool-1-worker-25 | DEBUG | d.t.c.a.a.c.s.f.ApiVersionFilter     : Adding Version to Request PUT /api/quiz-exercises/3743/re-evaluate
    23:48:11.342 |  51 Pool-1-worker-25 | INFO  | d.t.c.a.a.q.web.QuizExerciseResource : REST request to re-evaluate quiz exercise : 3743
    23:48:11.346 |  51 Pool-1-worker-25 | WARN  | d.t.c.a.a.core.service.FileService   : Could not delete file /api/files/drag-and-drop/drag-items/772/dnd_image_2025-02-14T23-48-10-471_dragItemImage2.png. Error message: /api/files/drag-and-drop/drag-items/772/dnd_image_2025-02-14T23-48-10-471_dragItemImage2.png
    23:48:11.346 |  51 Pool-1-worker-25 | WARN  | d.t.c.a.a.core.service.FileService   : Could not delete file /api/files/drag-and-drop/backgrounds/586/dnd_image_2025-02-14T23-48-10-471_backgroundImage0.jpg. Error message: /api/files/drag-and-drop/backgrounds/586/dnd_image_2025-02-14T23-48-10-471_backgroundImage0.jpg
    23:48:11.346 |  51 Pool-1-worker-25 | WARN  | d.t.c.a.a.core.service.FileService   : Could not delete file /api/files/drag-and-drop/drag-items/770/dnd_image_2025-02-14T23-48-10-471_dragItemImage1.png. Error message: /api/files/drag-and-drop/drag-items/770/dnd_image_2025-02-14T23-48-10-471_dragItemImage1.png
    23:48:11.352 |  51 Pool-1-worker-25 | INFO  | d.t.c.a.a.q.s.QuizExerciseService    : Found 10 results to update for quiz re-evaluate
    23:48:11.362 | 665 taskScheduler-3  | DEBUG | .a.s.ParticipantScoreScheduleService : Processing exercise 3743 and participant 718 to update participant scores.
    23:48:11.363 | 663 taskScheduler-1  | DEBUG | .a.s.ParticipantScoreScheduleService : Processing exercise 3743 and participant 719 to update participant scores.
    23:48:11.365 | 666 taskScheduler-4  | DEBUG | .a.s.ParticipantScoreScheduleService : Processing exercise 3743 and participant 722 to update participant scores.
    23:48:11.368 | 664 taskScheduler-2  | DEBUG | .a.s.ParticipantScoreScheduleService : Processing exercise 3743 and participant 723 to update participant scores.
    23:48:11.372 |  51 Pool-1-worker-25 | DEBUG | .c.s.m.InstanceMessageReceiveService : Received schedule participant score for exercise 3743 and participant 718 (result to be deleted: null)
    23:48:11.372 |  51 Pool-1-worker-25 | DEBUG | .a.s.ParticipantScoreScheduleService : Scheduled task for exercise 3743 and participant 718 at 2025-02-14T23:48:11.472714069Z[Etc/UTC].
    23:48:11.372 |  51 Pool-1-worker-25 | DEBUG | .c.s.m.InstanceMessageReceiveService : Received schedule participant score for exercise 3743 and participant 719 (result to be deleted: null)
    23:48:11.372 |  51 Pool-1-worker-25 | DEBUG | .a.s.ParticipantScoreScheduleService : Scheduled task for exercise 3743 and participant 719 at 2025-02-14T23:48:11.472857527Z[Etc/UTC].
    23:48:11.372 |  51 Pool-1-worker-25 | DEBUG | .c.s.m.InstanceMessageReceiveService : Received schedule participant score for exercise 3743 and participant 720 (result to be deleted: null)
    23:48:11.372 |  51 Pool-1-worker-25 | DEBUG | .a.s.ParticipantScoreScheduleService : Scheduled task for exercise 3743 and participant 720 at 2025-02-14T23:48:11.472973743Z[Etc/UTC].
    23:48:11.373 |  51 Pool-1-worker-25 | DEBUG | .c.s.m.InstanceMessageReceiveService : Received schedule participant score for exercise 3743 and participant 723 (result to be deleted: null)
    23:48:11.373 |  51 Pool-1-worker-25 | DEBUG | .a.s.ParticipantScoreScheduleService : Scheduled task for exercise 3743 and participant 723 at 2025-02-14T23:48:11.473086734Z[Etc/UTC].
    23:48:11.373 |  51 Pool-1-worker-25 | DEBUG | .c.s.m.InstanceMessageReceiveService : Received schedule participant score for exercise 3743 and participant 724 (result to be deleted: null)
    23:48:11.373 |  51 Pool-1-worker-25 | DEBUG | .a.s.ParticipantScoreScheduleService : Scheduled task for exercise 3743 and participant 724 at 2025-02-14T23:48:11.473221716Z[Etc/UTC].
    23:48:11.373 |  51 Pool-1-worker-25 | DEBUG | .c.s.m.InstanceMessageReceiveService : Received schedule participant score for exercise 3743 and participant 725 (result to be deleted: null)
    23:48:11.373 |  51 Pool-1-worker-25 | DEBUG | .a.s.ParticipantScoreScheduleService : Scheduled task for exercise 3743 and participant 725 at 2025-02-14T23:48:11.473330008Z[Etc/UTC].
    23:48:11.373 |  51 Pool-1-worker-25 | DEBUG | .c.s.m.InstanceMessageReceiveService : Received schedule participant score for exercise 3743 and participant 726 (result to be deleted: null)
    23:48:11.373 |  51 Pool-1-worker-25 | DEBUG | .a.s.ParticipantScoreScheduleService : Scheduled task for exercise 3743 and participant 726 at 2025-02-14T23:48:11.473438210Z[Etc/UTC].
    23:48:11.373 |  51 Pool-1-worker-25 | DEBUG | .c.s.m.InstanceMessageReceiveService : Received schedule participant score for exercise 3743 and participant 714 (result to be deleted: null)
    23:48:11.373 |  51 Pool-1-worker-25 | DEBUG | .a.s.ParticipantScoreScheduleService : Scheduled task for exercise 3743 and participant 714 at 2025-02-14T23:48:11.473547864Z[Etc/UTC].
    23:48:11.373 |  51 Pool-1-worker-25 | DEBUG | .c.s.m.InstanceMessageReceiveService : Received schedule participant score for exercise 3743 and participant 721 (result to be deleted: null)
    23:48:11.373 |  51 Pool-1-worker-25 | DEBUG | .a.s.ParticipantScoreScheduleService : Scheduled task for exercise 3743 and participant 721 at 2025-02-14T23:48:11.473654593Z[Etc/UTC].
    23:48:11.374 |  51 Pool-1-worker-25 | INFO  | d.t.c.a.a.q.s.QuizExerciseService    : 10 results have been updated successfully for quiz re-evaluate
    23:48:11.374 |  51 Pool-1-worker-25 | DEBUG | d.t.c.a.a.q.s.QuizExerciseService    : Save quiz exercise to database: QuizExercise{id=3743, title='new quiz', randomizeQuestionOrder='true', allowedNumberOfAttempts='1', isOpenForPractice='false', releaseDate='2025-02-14T18:48:10.513603Z', duration='3600', dueDate='2025-02-14T23:48:10Z'}
    23:48:11.376 |  51 Pool-1-worker-25 | WARN  | o.h.e.i.StatefulPersistenceContext   : HHH000179: Narrowing proxy to class de.tum.cit.aet.artemis.quiz.domain.MultipleChoiceQuestionStatistic - this operation breaks ==
    23:48:11.376 |  51 Pool-1-worker-25 | WARN  | o.h.e.i.StatefulPersistenceContext   : HHH000179: Narrowing proxy to class de.tum.cit.aet.artemis.quiz.domain.MultipleChoiceQuestionStatistic - this operation breaks ==
    23:48:11.377 |  51 Pool-1-worker-25 | WARN  | o.h.e.i.StatefulPersistenceContext   : HHH000179: Narrowing proxy to class de.tum.cit.aet.artemis.quiz.domain.ShortAnswerQuestionStatistic - this operation breaks ==
    23:48:11.377 |  51 Pool-1-worker-25 | WARN  | o.h.e.i.StatefulPersistenceContext   : HHH000179: Narrowing proxy to class de.tum.cit.aet.artemis.quiz.domain.ShortAnswerQuestionStatistic - this operation breaks ==
    23:48:11.378 | 663 taskScheduler-1  | DEBUG | .a.s.ParticipantScoreScheduleService : Updated participant score 118.
    23:48:11.382 |  51 Pool-1-worker-25 | WARN  | o.h.e.i.StatefulPersistenceContext   : HHH000179: Narrowing proxy to class de.tum.cit.aet.artemis.quiz.domain.DragAndDropQuestionStatistic - this operation breaks ==
    23:48:11.382 | 666 taskScheduler-4  | DEBUG | .a.s.ParticipantScoreScheduleService : Updated participant score 120.
    23:48:11.382 | 663 taskScheduler-1  | DEBUG | .a.s.ParticipantScoreScheduleService : Updating the participant score for exercise 3743 and participant 719 took 19 ms.
    23:48:11.384 | 665 taskScheduler-3  | DEBUG | .a.s.ParticipantScoreScheduleService : Updated participant score 117.
    23:48:11.386 | 897 l-16191-thread-1 | INFO  | d.t.c.a.a.core.service.FileService   : Delete file uploads/images/drag-and-drop/drag-items/dnd_image_2025-02-14T23-48-10-471_dragItemImage1.png
    23:48:11.386 | 664 taskScheduler-2  | DEBUG | .a.s.ParticipantScoreScheduleService : Updated participant score 121.
    23:48:11.386 | 898 l-16193-thread-1 | INFO  | d.t.c.a.a.core.service.FileService   : Delete file uploads/images/drag-and-drop/drag-items/dnd_image_2025-02-14T23-48-10-471_dragItemImage2.png
    23:48:11.387 | 899 l-16189-thread-1 | INFO  | d.t.c.a.a.core.service.FileService   : Delete file uploads/images/drag-and-drop/backgrounds/dnd_image_2025-02-14T23-48-10-471_backgroundImage0.jpg
    23:48:11.389 | 665 taskScheduler-3  | DEBUG | .a.s.ParticipantScoreScheduleService : Updating the participant score for exercise 3743 and participant 718 took 27 ms.
    23:48:11.389 | 666 taskScheduler-4  | DEBUG | .a.s.ParticipantScoreScheduleService : Updating the participant score for exercise 3743 and participant 722 took 24 ms.
    23:48:11.391 |  51 Pool-1-worker-25 | INFO  | .c.s.m.InstanceMessageReceiveService : Received schedule quiz start for quiz exercise 3743
    23:48:11.392 | 664 taskScheduler-2  | DEBUG | .a.s.ParticipantScoreScheduleService : Updating the participant score for exercise 3743 and participant 723 took 24 ms.
    23:48:11.422 |  51 Pool-1-worker-25 | INFO  | d.t.c.a.a.e.service.ExerciseService  : User quizexerciseintegrationinstructor1 has updated QuizExercise new quiz with id 3743
    23:48:11.426 |  51 Pool-1-worker-25 | DEBUG | d.t.c.a.a.c.s.f.ApiVersionFilter     : Adding Version to Request GET /api/quiz-exercises/3743
    23:48:11.428 |  51 Pool-1-worker-25 | INFO  | d.t.c.a.a.q.web.QuizExerciseResource : REST request to get quiz exercise : 3743
    23:48:11.435 |  51 Pool-1-worker-25 | DEBUG | .c.a.a.q.QuizExerciseIntegrationTest : QuizPointStatistic after 3rd re-evaluate: QuizPointStatistic{id=404, counters=[PointCounter{id=1408, points='0.0', rated=0, unrated=0}, PointCounter{id=1409, points='1.0', rated=0, unrated=0}, PointCounter{id=1410, points='2.0', rated=4, unrated=0}, PointCounter{id=1411, points='3.0', rated=0, unrated=0}, PointCounter{id=1412, points='4.0', rated=0, unrated=0}, PointCounter{id=1413, points='5.0', rated=0, unrated=0}, PointCounter{id=1414, points='6.0', rated=6, unrated=0}]}

  Starting logs for QuizExerciseIntegrationTest > testDeleteQuizExerciseWithChannel()
    23:48:11.449 |  51 Pool-1-worker-25 | DEBUG | d.t.c.a.a.c.u.util.UserUtilService   : Generate 1 students...
    23:48:11.452 |  51 Pool-1-worker-25 | DEBUG | d.t.c.a.a.c.u.util.UserUtilService   : 1 students generated. Generate 1 tutors...
    23:48:11.455 |  51 Pool-1-worker-25 | DEBUG | d.t.c.a.a.c.u.util.UserUtilService   : 1 tutors generated. Generate 1 editors...
    23:48:11.457 |  51 Pool-1-worker-25 | DEBUG | d.t.c.a.a.c.u.util.UserUtilService   : 1 editors generated. Generate 1 instructors...
    23:48:11.460 |  51 Pool-1-worker-25 | DEBUG | d.t.c.a.a.c.u.util.UserUtilService   : 1 instructors generated
    23:48:11.462 |  51 Pool-1-worker-25 | DEBUG | d.t.c.a.a.c.u.util.UserUtilService   : Removing 13 users from all courses...
    23:48:11.464 |  51 Pool-1-worker-25 | DEBUG | d.t.c.a.a.c.u.util.UserUtilService   : Removing 13 users from all courses. Done
    23:48:11.464 |  51 Pool-1-worker-25 | DEBUG | d.t.c.a.a.c.u.util.UserUtilService   : Save 4 users to database...
    23:48:11.468 |  51 Pool-1-worker-25 | DEBUG | d.t.c.a.a.c.u.util.UserUtilService   : Save 4 users to database. Done
    23:48:11.468 |  51 Pool-1-worker-25 | INFO  | i.z.t.d.l.EmbeddedDatabaseReporter   : JDBC URL to connect to 'dataSource': url='jdbc:h2:tcp://localhost:41063/mem:df70fc46-7e57-4cb5-9cd0-c1d90c14afa7;USER=sa', scope='QuizExerciseIntegrationTest#testDeleteQuizExerciseWithChannel'
    23:48:11.473 | 665 taskScheduler-3  | DEBUG | .a.s.ParticipantScoreScheduleService : Processing exercise 3743 and participant 719 to update participant scores.
    23:48:11.476 | 665 taskScheduler-3  | DEBUG | .a.s.ParticipantScoreScheduleService : Participant score 118 is already up-to-date, skipping.
    23:48:11.476 | 665 taskScheduler-3  | DEBUG | .a.s.ParticipantScoreScheduleService : Processing exercise 3743 and participant 723 to update participant scores.
    23:48:11.476 | 663 taskScheduler-1  | DEBUG | .a.s.ParticipantScoreScheduleService : Processing exercise 3743 and participant 718 to update participant scores.
    23:48:11.477 |  51 Pool-1-worker-25 | DEBUG | d.t.c.a.a.c.s.f.ApiVersionFilter     : Adding Version to Request DELETE /api/quiz-exercises/3744
    23:48:11.477 | 663 taskScheduler-1  | DEBUG | .a.s.ParticipantScoreScheduleService : Participant score 117 is already up-to-date, skipping.
    23:48:11.478 |  51 Pool-1-worker-25 | INFO  | d.t.c.a.a.q.web.QuizExerciseResource : REST request to delete quiz exercise : 3744
    23:48:11.479 | 665 taskScheduler-3  | DEBUG | .a.s.ParticipantScoreScheduleService : Participant score 121 is already up-to-date, skipping.
    23:48:11.482 |  51 Pool-1-worker-25 | WARN  | d.t.c.a.a.q.web.QuizExerciseResource : Could not find file dragItemImage2.png for deletion
    23:48:11.482 |  51 Pool-1-worker-25 | WARN  | d.t.c.a.a.q.web.QuizExerciseResource : Could not find file dragItemImage4.png for deletion
    23:48:11.482 |  51 Pool-1-worker-25 | INFO  | d.t.c.a.a.e.service.ExerciseService  : User quizexerciseintegrationinstructor1 has requested to delete QuizExercise Title with id 3744
    23:48:11.483 |  51 Pool-1-worker-25 | INFO  | .t.c.a.a.e.s.ExerciseDeletionService : Request to delete QuizExercise with id 3744
    23:48:11.486 |  51 Pool-1-worker-25 | INFO  | .t.c.a.a.e.s.ExerciseDeletionService : Deleting the channel took 3.06ms
    23:48:11.488 |  51 Pool-1-worker-25 | INFO  | d.t.c.a.a.e.s.ParticipationService   : Request to delete all 0 participations of exercise with id : 3744
    23:48:11.499 |  51 Pool-1-worker-25 | WARN  | d.t.c.a.artemis.quiz.domain.DragItem : Could not delete file with path dragItemImage2.png. Assume already deleted, DragAndDropQuestion 774 can be removed.
    23:48:11.499 |  51 Pool-1-worker-25 | WARN  | d.t.c.a.artemis.quiz.domain.DragItem : Could not delete file with path dragItemImage4.png. Assume already deleted, DragAndDropQuestion 776 can be removed.
    23:48:11.501 |  51 Pool-1-worker-25 | INFO  | .c.a.a.c.s.TitleCacheEvictionService : Evicted entry '3744' from title cache 'exerciseTitle'
    23:48:11.501 |  51 Pool-1-worker-25 | INFO  | .c.s.m.InstanceMessageReceiveService : Received cancel quiz start for quiz exercise 3744

  Starting logs for QuizExerciseIntegrationTest > testGetExamQuizExercise()
    23:48:11.514 |  51 Pool-1-worker-25 | DEBUG | d.t.c.a.a.c.u.util.UserUtilService   : Generate 1 students...
    23:48:11.517 |  51 Pool-1-worker-25 | DEBUG | d.t.c.a.a.c.u.util.UserUtilService   : 1 students generated. Generate 1 tutors...
    23:48:11.520 |  51 Pool-1-worker-25 | DEBUG | d.t.c.a.a.c.u.util.UserUtilService   : 1 tutors generated. Generate 1 editors...
    23:48:11.523 |  51 Pool-1-worker-25 | DEBUG | d.t.c.a.a.c.u.util.UserUtilService   : 1 editors generated. Generate 1 instructors...
    23:48:11.526 |  51 Pool-1-worker-25 | DEBUG | d.t.c.a.a.c.u.util.UserUtilService   : 1 instructors generated
    23:48:11.528 |  51 Pool-1-worker-25 | DEBUG | d.t.c.a.a.c.u.util.UserUtilService   : Removing 4 users from all courses...
    23:48:11.529 |  51 Pool-1-worker-25 | DEBUG | d.t.c.a.a.c.u.util.UserUtilService   : Removing 4 users from all courses. Done
    23:48:11.529 |  51 Pool-1-worker-25 | DEBUG | d.t.c.a.a.c.u.util.UserUtilService   : Save 4 users to database...
    23:48:11.533 |  51 Pool-1-worker-25 | DEBUG | d.t.c.a.a.c.u.util.UserUtilService   : Save 4 users to database. Done
    23:48:11.533 |  51 Pool-1-worker-25 | INFO  | i.z.t.d.l.EmbeddedDatabaseReporter   : JDBC URL to connect to 'dataSource': url='jdbc:h2:tcp://localhost:41063/mem:df70fc46-7e57-4cb5-9cd0-c1d90c14afa7;USER=sa', scope='QuizExerciseIntegrationTest#testGetExamQuizExercise'
    23:48:11.541 |  51 Pool-1-worker-25 | DEBUG | d.t.c.a.a.c.s.f.ApiVersionFilter     : Adding Version to Request GET /api/quiz-exercises/3745
    23:48:11.542 |  51 Pool-1-worker-25 | INFO  | d.t.c.a.a.q.web.QuizExerciseResource : REST request to get quiz exercise : 3745

  Starting logs for QuizExerciseIntegrationTest > testCreateQuizExerciseWithoutQuizBatchForSynchronizedQuiz_asStudent()
    23:48:11.567 |  51 Pool-1-worker-25 | DEBUG | d.t.c.a.a.c.u.util.UserUtilService   : Generate 1 students...
    23:48:11.570 |  51 Pool-1-worker-25 | DEBUG | d.t.c.a.a.c.u.util.UserUtilService   : 1 students generated. Generate 1 tutors...
    23:48:11.573 |  51 Pool-1-worker-25 | DEBUG | d.t.c.a.a.c.u.util.UserUtilService   : 1 tutors generated. Generate 1 editors...
    23:48:11.576 |  51 Pool-1-worker-25 | DEBUG | d.t.c.a.a.c.u.util.UserUtilService   : 1 editors generated. Generate 1 instructors...
    23:48:11.578 |  51 Pool-1-worker-25 | DEBUG | d.t.c.a.a.c.u.util.UserUtilService   : 1 instructors generated
    23:48:11.580 |  51 Pool-1-worker-25 | DEBUG | d.t.c.a.a.c.u.util.UserUtilService   : Removing 4 users from all courses...
    23:48:11.581 |  51 Pool-1-worker-25 | DEBUG | d.t.c.a.a.c.u.util.UserUtilService   : Removing 4 users from all courses. Done
    23:48:11.581 |  51 Pool-1-worker-25 | DEBUG | d.t.c.a.a.c.u.util.UserUtilService   : Save 4 users to database...
    23:48:11.583 |  51 Pool-1-worker-25 | DEBUG | d.t.c.a.a.c.u.util.UserUtilService   : Save 4 users to database. Done
    23:48:11.583 |  51 Pool-1-worker-25 | INFO  | i.z.t.d.l.EmbeddedDatabaseReporter   : JDBC URL to connect to 'dataSource': url='jdbc:h2:tcp://localhost:41063/mem:df70fc46-7e57-4cb5-9cd0-c1d90c14afa7;USER=sa', scope='QuizExerciseIntegrationTest#testCreateQuizExerciseWithoutQuizBatchForSynchronizedQuiz_asStudent'
    23:48:11.590 |  51 Pool-1-worker-25 | DEBUG | d.t.c.a.a.c.s.f.ApiVersionFilter     : Adding Version to Request GET /api/quiz-exercises/3746/for-student
    23:48:11.591 |  51 Pool-1-worker-25 | INFO  | d.t.c.a.a.q.web.QuizExerciseResource : REST request to get quiz exercise : 3746
    23:48:11.596 |  51 Pool-1-worker-25 | INFO  | d.t.c.a.a.q.web.QuizExerciseResource : Found batch QuizBatch{id=283, startTime=2025-02-14T19:48:11.583961Z} for user quizexerciseintegrationstudent1

  Starting logs for QuizExerciseIntegrationTest > testGetQuizExercisesForExam()
    23:48:11.610 |  51 Pool-1-worker-25 | DEBUG | d.t.c.a.a.c.u.util.UserUtilService   : Generate 1 students...
    23:48:11.613 |  51 Pool-1-worker-25 | DEBUG | d.t.c.a.a.c.u.util.UserUtilService   : 1 students generated. Generate 1 tutors...
    23:48:11.615 |  51 Pool-1-worker-25 | DEBUG | d.t.c.a.a.c.u.util.UserUtilService   : 1 tutors generated. Generate 1 editors...
    23:48:11.618 |  51 Pool-1-worker-25 | DEBUG | d.t.c.a.a.c.u.util.UserUtilService   : 1 editors generated. Generate 1 instructors...
    23:48:11.621 |  51 Pool-1-worker-25 | DEBUG | d.t.c.a.a.c.u.util.UserUtilService   : 1 instructors generated
    23:48:11.623 |  51 Pool-1-worker-25 | DEBUG | d.t.c.a.a.c.u.util.UserUtilService   : Removing 4 users from all courses...
    23:48:11.624 |  51 Pool-1-worker-25 | DEBUG | d.t.c.a.a.c.u.util.UserUtilService   : Removing 4 users from all courses. Done
    23:48:11.624 |  51 Pool-1-worker-25 | DEBUG | d.t.c.a.a.c.u.util.UserUtilService   : Save 4 users to database...
    23:48:11.628 |  51 Pool-1-worker-25 | DEBUG | d.t.c.a.a.c.u.util.UserUtilService   : Save 4 users to database. Done
    23:48:11.628 |  51 Pool-1-worker-25 | INFO  | i.z.t.d.l.EmbeddedDatabaseReporter   : JDBC URL to connect to 'dataSource': url='jdbc:h2:tcp://localhost:41063/mem:df70fc46-7e57-4cb5-9cd0-c1d90c14afa7;USER=sa', scope='QuizExerciseIntegrationTest#testGetQuizExercisesForExam'
    23:48:11.635 |  51 Pool-1-worker-25 | DEBUG | d.t.c.a.a.c.s.f.ApiVersionFilter     : Adding Version to Request GET /api/exams/566/quiz-exercises
    23:48:11.636 |  51 Pool-1-worker-25 | INFO  | d.t.c.a.a.q.web.QuizExerciseResource : REST request to get all quiz exercises for the exam with id : 566

  Starting logs for QuizExerciseIntegrationTest > testPerformOpenForPractice(QuizMode) [1] quizMode=SYNCHRONIZED
    23:48:11.655 |  51 Pool-1-worker-25 | DEBUG | d.t.c.a.a.c.u.util.UserUtilService   : Generate 1 students...
    23:48:11.658 |  51 Pool-1-worker-25 | DEBUG | d.t.c.a.a.c.u.util.UserUtilService   : 1 students generated. Generate 1 tutors...
    23:48:11.661 |  51 Pool-1-worker-25 | DEBUG | d.t.c.a.a.c.u.util.UserUtilService   : 1 tutors generated. Generate 1 editors...
    23:48:11.663 |  51 Pool-1-worker-25 | DEBUG | d.t.c.a.a.c.u.util.UserUtilService   : 1 editors generated. Generate 1 instructors...
    23:48:11.666 |  51 Pool-1-worker-25 | DEBUG | d.t.c.a.a.c.u.util.UserUtilService   : 1 instructors generated
    23:48:11.668 |  51 Pool-1-worker-25 | DEBUG | d.t.c.a.a.c.u.util.UserUtilService   : Removing 4 users from all courses...
    23:48:11.669 |  51 Pool-1-worker-25 | DEBUG | d.t.c.a.a.c.u.util.UserUtilService   : Removing 4 users from all courses. Done
    23:48:11.669 |  51 Pool-1-worker-25 | DEBUG | d.t.c.a.a.c.u.util.UserUtilService   : Save 4 users to database...
    23:48:11.673 |  51 Pool-1-worker-25 | DEBUG | d.t.c.a.a.c.u.util.UserUtilService   : Save 4 users to database. Done
    23:48:11.673 |  51 Pool-1-worker-25 | INFO  | i.z.t.d.l.EmbeddedDatabaseReporter   : JDBC URL to connect to 'dataSource': url='jdbc:h2:tcp://localhost:41063/mem:df70fc46-7e57-4cb5-9cd0-c1d90c14afa7;USER=sa', scope='QuizExerciseIntegrationTest#testPerformOpenForPractice'
    23:48:11.680 |  51 Pool-1-worker-25 | DEBUG | d.t.c.a.a.c.s.f.ApiVersionFilter     : Adding Version to Request PUT /api/quiz-exercises/3748/open-for-practice
    23:48:11.681 |  51 Pool-1-worker-25 | DEBUG | d.t.c.a.a.q.web.QuizExerciseResource : REST request to perform action OPEN_FOR_PRACTICE on quiz exercise 3748
    23:48:11.686 |  51 Pool-1-worker-25 | ERROR | tech.jhipster.web.util.HeaderUtil    : Entity processing failed, Quiz hasn't ended yet.
    23:48:11.687 |  51 Pool-1-worker-25 | DEBUG | d.t.c.a.a.q.s.QuizExerciseService    : Save quiz exercise to database: QuizExercise{id=3748, title='new quiz', randomizeQuestionOrder='true', allowedNumberOfAttempts='1', isOpenForPractice='false', releaseDate='2025-02-15T04:48:11.673444002Z[Etc/UTC]', duration='180', dueDate='2025-02-14T23:48:11Z[Etc/UTC]'}
    23:48:11.698 |  51 Pool-1-worker-25 | INFO  | .c.s.m.InstanceMessageReceiveService : Received schedule quiz start for quiz exercise 3748
    23:48:11.701 |  51 Pool-1-worker-25 | DEBUG | d.t.c.a.a.c.s.f.ApiVersionFilter     : Adding Version to Request PUT /api/quiz-exercises/3748/open-for-practice
    23:48:11.702 |  51 Pool-1-worker-25 | DEBUG | d.t.c.a.a.q.web.QuizExerciseResource : REST request to perform action OPEN_FOR_PRACTICE on quiz exercise 3748
    23:48:11.714 |  51 Pool-1-worker-25 | WARN  | o.h.e.i.StatefulPersistenceContext   : HHH000179: Narrowing proxy to class de.tum.cit.aet.artemis.quiz.domain.MultipleChoiceQuestionStatistic - this operation breaks ==
    23:48:11.714 |  51 Pool-1-worker-25 | WARN  | o.h.e.i.StatefulPersistenceContext   : HHH000179: Narrowing proxy to class de.tum.cit.aet.artemis.quiz.domain.MultipleChoiceQuestionStatistic - this operation breaks ==
    23:48:11.718 |  51 Pool-1-worker-25 | WARN  | o.h.e.i.StatefulPersistenceContext   : HHH000179: Narrowing proxy to class de.tum.cit.aet.artemis.quiz.domain.DragAndDropQuestionStatistic - this operation breaks ==
    23:48:11.718 |  51 Pool-1-worker-25 | WARN  | o.h.e.i.StatefulPersistenceContext   : HHH000179: Narrowing proxy to class de.tum.cit.aet.artemis.quiz.domain.DragAndDropQuestionStatistic - this operation breaks ==
    23:48:11.719 |  51 Pool-1-worker-25 | WARN  | o.h.e.i.StatefulPersistenceContext   : HHH000179: Narrowing proxy to class de.tum.cit.aet.artemis.quiz.domain.ShortAnswerQuestionStatistic - this operation breaks ==
    23:48:11.719 |  51 Pool-1-worker-25 | WARN  | o.h.e.i.StatefulPersistenceContext   : HHH000179: Narrowing proxy to class de.tum.cit.aet.artemis.quiz.domain.ShortAnswerQuestionStatistic - this operation breaks ==

  Starting logs for QuizExerciseIntegrationTest > testPerformOpenForPractice(QuizMode) [2] quizMode=BATCHED
    23:48:11.748 |  51 Pool-1-worker-25 | DEBUG | d.t.c.a.a.c.u.util.UserUtilService   : Generate 1 students...
    23:48:11.751 |  51 Pool-1-worker-25 | DEBUG | d.t.c.a.a.c.u.util.UserUtilService   : 1 students generated. Generate 1 tutors...
    23:48:11.754 |  51 Pool-1-worker-25 | DEBUG | d.t.c.a.a.c.u.util.UserUtilService   : 1 tutors generated. Generate 1 editors...
    23:48:11.757 |  51 Pool-1-worker-25 | DEBUG | d.t.c.a.a.c.u.util.UserUtilService   : 1 editors generated. Generate 1 instructors...
    23:48:11.759 |  51 Pool-1-worker-25 | DEBUG | d.t.c.a.a.c.u.util.UserUtilService   : 1 instructors generated
    23:48:11.762 |  51 Pool-1-worker-25 | DEBUG | d.t.c.a.a.c.u.util.UserUtilService   : Removing 4 users from all courses...
    23:48:11.762 |  51 Pool-1-worker-25 | DEBUG | d.t.c.a.a.c.u.util.UserUtilService   : Removing 4 users from all courses. Done
    23:48:11.762 |  51 Pool-1-worker-25 | DEBUG | d.t.c.a.a.c.u.util.UserUtilService   : Save 4 users to database...
    23:48:11.766 |  51 Pool-1-worker-25 | DEBUG | d.t.c.a.a.c.u.util.UserUtilService   : Save 4 users to database. Done
    23:48:11.767 |  51 Pool-1-worker-25 | INFO  | i.z.t.d.l.EmbeddedDatabaseReporter   : JDBC URL to connect to 'dataSource': url='jdbc:h2:tcp://localhost:41063/mem:df70fc46-7e57-4cb5-9cd0-c1d90c14afa7;USER=sa', scope='QuizExerciseIntegrationTest#testPerformOpenForPractice'
    23:48:11.775 |  51 Pool-1-worker-25 | DEBUG | d.t.c.a.a.c.s.f.ApiVersionFilter     : Adding Version to Request PUT /api/quiz-exercises/3749/open-for-practice
    23:48:11.777 |  51 Pool-1-worker-25 | DEBUG | d.t.c.a.a.q.web.QuizExerciseResource : REST request to perform action OPEN_FOR_PRACTICE on quiz exercise 3749
    23:48:11.784 |  51 Pool-1-worker-25 | ERROR | tech.jhipster.web.util.HeaderUtil    : Entity processing failed, Quiz hasn't ended yet.
    23:48:11.784 |  51 Pool-1-worker-25 | DEBUG | d.t.c.a.a.q.s.QuizExerciseService    : Save quiz exercise to database: QuizExercise{id=3749, title='new quiz', randomizeQuestionOrder='true', allowedNumberOfAttempts='1', isOpenForPractice='false', releaseDate='2025-02-15T04:48:11.767133830Z[Etc/UTC]', duration='180', dueDate='2025-02-14T23:48:11Z[Etc/UTC]'}
    23:48:11.797 |  51 Pool-1-worker-25 | INFO  | .c.s.m.InstanceMessageReceiveService : Received schedule quiz start for quiz exercise 3749
    23:48:11.800 |  51 Pool-1-worker-25 | DEBUG | d.t.c.a.a.c.s.f.ApiVersionFilter     : Adding Version to Request PUT /api/quiz-exercises/3749/open-for-practice
    23:48:11.802 |  51 Pool-1-worker-25 | DEBUG | d.t.c.a.a.q.web.QuizExerciseResource : REST request to perform action OPEN_FOR_PRACTICE on quiz exercise 3749
    23:48:11.816 |  51 Pool-1-worker-25 | WARN  | o.h.e.i.StatefulPersistenceContext   : HHH000179: Narrowing proxy to class de.tum.cit.aet.artemis.quiz.domain.MultipleChoiceQuestionStatistic - this operation breaks ==
    23:48:11.816 |  51 Pool-1-worker-25 | WARN  | o.h.e.i.StatefulPersistenceContext   : HHH000179: Narrowing proxy to class de.tum.cit.aet.artemis.quiz.domain.MultipleChoiceQuestionStatistic - this operation breaks ==
    23:48:11.819 |  51 Pool-1-worker-25 | WARN  | o.h.e.i.StatefulPersistenceContext   : HHH000179: Narrowing proxy to class de.tum.cit.aet.artemis.quiz.domain.DragAndDropQuestionStatistic - this operation breaks ==
    23:48:11.819 |  51 Pool-1-worker-25 | WARN  | o.h.e.i.StatefulPersistenceContext   : HHH000179: Narrowing proxy to class de.tum.cit.aet.artemis.quiz.domain.DragAndDropQuestionStatistic - this operation breaks ==
    23:48:11.820 |  51 Pool-1-worker-25 | WARN  | o.h.e.i.StatefulPersistenceContext   : HHH000179: Narrowing proxy to class de.tum.cit.aet.artemis.quiz.domain.ShortAnswerQuestionStatistic - this operation breaks ==
    23:48:11.820 |  51 Pool-1-worker-25 | WARN  | o.h.e.i.StatefulPersistenceContext   : HHH000179: Narrowing proxy to class de.tum.cit.aet.artemis.quiz.domain.ShortAnswerQuestionStatistic - this operation breaks ==

  Starting logs for QuizExerciseIntegrationTest > testPerformOpenForPractice(QuizMode) [3] quizMode=INDIVIDUAL
    23:48:11.839 |  51 Pool-1-worker-25 | DEBUG | d.t.c.a.a.c.u.util.UserUtilService   : Generate 1 students...
    23:48:11.843 |  51 Pool-1-worker-25 | DEBUG | d.t.c.a.a.c.u.util.UserUtilService   : 1 students generated. Generate 1 tutors...
    23:48:11.845 |  51 Pool-1-worker-25 | DEBUG | d.t.c.a.a.c.u.util.UserUtilService   : 1 tutors generated. Generate 1 editors...
    23:48:11.848 |  51 Pool-1-worker-25 | DEBUG | d.t.c.a.a.c.u.util.UserUtilService   : 1 editors generated. Generate 1 instructors...
    23:48:11.851 |  51 Pool-1-worker-25 | DEBUG | d.t.c.a.a.c.u.util.UserUtilService   : 1 instructors generated
    23:48:11.854 |  51 Pool-1-worker-25 | DEBUG | d.t.c.a.a.c.u.util.UserUtilService   : Removing 4 users from all courses...
    23:48:11.855 |  51 Pool-1-worker-25 | DEBUG | d.t.c.a.a.c.u.util.UserUtilService   : Removing 4 users from all courses. Done
    23:48:11.855 |  51 Pool-1-worker-25 | DEBUG | d.t.c.a.a.c.u.util.UserUtilService   : Save 4 users to database...
    23:48:11.858 |  51 Pool-1-worker-25 | DEBUG | d.t.c.a.a.c.u.util.UserUtilService   : Save 4 users to database. Done
    23:48:11.858 |  51 Pool-1-worker-25 | INFO  | i.z.t.d.l.EmbeddedDatabaseReporter   : JDBC URL to connect to 'dataSource': url='jdbc:h2:tcp://localhost:41063/mem:df70fc46-7e57-4cb5-9cd0-c1d90c14afa7;USER=sa', scope='QuizExerciseIntegrationTest#testPerformOpenForPractice'
    23:48:11.864 |  51 Pool-1-worker-25 | DEBUG | d.t.c.a.a.c.s.f.ApiVersionFilter     : Adding Version to Request PUT /api/quiz-exercises/3750/open-for-practice
    23:48:11.865 |  51 Pool-1-worker-25 | DEBUG | d.t.c.a.a.q.web.QuizExerciseResource : REST request to perform action OPEN_FOR_PRACTICE on quiz exercise 3750
    23:48:11.869 |  51 Pool-1-worker-25 | ERROR | tech.jhipster.web.util.HeaderUtil    : Entity processing failed, Quiz hasn't ended yet.
    23:48:11.869 |  51 Pool-1-worker-25 | DEBUG | d.t.c.a.a.q.s.QuizExerciseService    : Save quiz exercise to database: QuizExercise{id=3750, title='new quiz', randomizeQuestionOrder='true', allowedNumberOfAttempts='1', isOpenForPractice='false', releaseDate='2025-02-15T04:48:11.859033486Z[Etc/UTC]', duration='180', dueDate='2025-02-14T23:48:11Z[Etc/UTC]'}
    23:48:11.887 |  51 Pool-1-worker-25 | INFO  | .c.s.m.InstanceMessageReceiveService : Received schedule quiz start for quiz exercise 3750
    23:48:11.890 |  51 Pool-1-worker-25 | DEBUG | d.t.c.a.a.c.s.f.ApiVersionFilter     : Adding Version to Request PUT /api/quiz-exercises/3750/open-for-practice
    23:48:11.891 |  51 Pool-1-worker-25 | DEBUG | d.t.c.a.a.q.web.QuizExerciseResource : REST request to perform action OPEN_FOR_PRACTICE on quiz exercise 3750
    23:48:11.903 |  51 Pool-1-worker-25 | WARN  | o.h.e.i.StatefulPersistenceContext   : HHH000179: Narrowing proxy to class de.tum.cit.aet.artemis.quiz.domain.MultipleChoiceQuestionStatistic - this operation breaks ==
    23:48:11.903 |  51 Pool-1-worker-25 | WARN  | o.h.e.i.StatefulPersistenceContext   : HHH000179: Narrowing proxy to class de.tum.cit.aet.artemis.quiz.domain.MultipleChoiceQuestionStatistic - this operation breaks ==
    23:48:11.906 |  51 Pool-1-worker-25 | WARN  | o.h.e.i.StatefulPersistenceContext   : HHH000179: Narrowing proxy to class de.tum.cit.aet.artemis.quiz.domain.DragAndDropQuestionStatistic - this operation breaks ==
    23:48:11.906 |  51 Pool-1-worker-25 | WARN  | o.h.e.i.StatefulPersistenceContext   : HHH000179: Narrowing proxy to class de.tum.cit.aet.artemis.quiz.domain.DragAndDropQuestionStatistic - this operation breaks ==
    23:48:11.907 |  51 Pool-1-worker-25 | WARN  | o.h.e.i.StatefulPersistenceContext   : HHH000179: Narrowing proxy to class de.tum.cit.aet.artemis.quiz.domain.ShortAnswerQuestionStatistic - this operation breaks ==
    23:48:11.907 |  51 Pool-1-worker-25 | WARN  | o.h.e.i.StatefulPersistenceContext   : HHH000179: Narrowing proxy to class de.tum.cit.aet.artemis.quiz.domain.ShortAnswerQuestionStatistic - this operation breaks ==

  Starting logs for QuizExerciseIntegrationTest > testUpdateQuizExercise_SingleChoiceMC_badRequest(ScoringType) [1] scoringType=PROPORTIONAL_WITH_PENALTY
    23:48:11.933 |  51 Pool-1-worker-25 | DEBUG | d.t.c.a.a.c.u.util.UserUtilService   : Generate 1 students...
    23:48:11.936 |  51 Pool-1-worker-25 | DEBUG | d.t.c.a.a.c.u.util.UserUtilService   : 1 students generated. Generate 1 tutors...
    23:48:11.939 |  51 Pool-1-worker-25 | DEBUG | d.t.c.a.a.c.u.util.UserUtilService   : 1 tutors generated. Generate 1 editors...
    23:48:11.942 |  51 Pool-1-worker-25 | DEBUG | d.t.c.a.a.c.u.util.UserUtilService   : 1 editors generated. Generate 1 instructors...
    23:48:11.944 |  51 Pool-1-worker-25 | DEBUG | d.t.c.a.a.c.u.util.UserUtilService   : 1 instructors generated
    23:48:11.947 |  51 Pool-1-worker-25 | DEBUG | d.t.c.a.a.c.u.util.UserUtilService   : Removing 4 users from all courses...
    23:48:11.948 |  51 Pool-1-worker-25 | DEBUG | d.t.c.a.a.c.u.util.UserUtilService   : Removing 4 users from all courses. Done
    23:48:11.948 |  51 Pool-1-worker-25 | DEBUG | d.t.c.a.a.c.u.util.UserUtilService   : Save 4 users to database...
    23:48:11.951 |  51 Pool-1-worker-25 | DEBUG | d.t.c.a.a.c.u.util.UserUtilService   : Save 4 users to database. Done
    23:48:11.951 |  51 Pool-1-worker-25 | INFO  | i.z.t.d.l.EmbeddedDatabaseReporter   : JDBC URL to connect to 'dataSource': url='jdbc:h2:tcp://localhost:41063/mem:df70fc46-7e57-4cb5-9cd0-c1d90c14afa7;USER=sa', scope='QuizExerciseIntegrationTest#testUpdateQuizExercise_SingleChoiceMC_badRequest'
    23:48:11.959 |  51 Pool-1-worker-25 | DEBUG | d.t.c.a.a.c.s.f.ApiVersionFilter     : Adding Version to Request PUT /api/quiz-exercises/3751
    23:48:11.962 |  51 Pool-1-worker-25 | INFO  | d.t.c.a.a.q.web.QuizExerciseResource : REST request to update quiz exercise : QuizExercise{id=3751, title='new quiz', randomizeQuestionOrder='true', allowedNumberOfAttempts='1', isOpenForPractice='false', releaseDate='2025-02-15T04:48:11.951855275Z', duration='120', dueDate='null'}
    23:48:11.963 |  51 Pool-1-worker-25 | ERROR | tech.jhipster.web.util.HeaderUtil    : Entity processing failed, The quiz exercise is invalid
    23:48:11.963 |  51 Pool-1-worker-25 | WARN  | o.z.p.spring.common.AdviceTraits     : Bad Request: The quiz exercise is invalid

  Starting logs for QuizExerciseIntegrationTest > testUpdateQuizExercise_SingleChoiceMC_badRequest(ScoringType) [2] scoringType=PROPORTIONAL_WITHOUT_PENALTY
    23:48:11.974 |  51 Pool-1-worker-25 | DEBUG | d.t.c.a.a.c.u.util.UserUtilService   : Generate 1 students...
    23:48:11.978 |  51 Pool-1-worker-25 | DEBUG | d.t.c.a.a.c.u.util.UserUtilService   : 1 students generated. Generate 1 tutors...
    23:48:11.980 |  51 Pool-1-worker-25 | DEBUG | d.t.c.a.a.c.u.util.UserUtilService   : 1 tutors generated. Generate 1 editors...
    23:48:11.983 |  51 Pool-1-worker-25 | DEBUG | d.t.c.a.a.c.u.util.UserUtilService   : 1 editors generated. Generate 1 instructors...
    23:48:11.985 |  51 Pool-1-worker-25 | DEBUG | d.t.c.a.a.c.u.util.UserUtilService   : 1 instructors generated
    23:48:11.988 |  51 Pool-1-worker-25 | DEBUG | d.t.c.a.a.c.u.util.UserUtilService   : Removing 4 users from all courses...
    23:48:11.988 |  51 Pool-1-worker-25 | DEBUG | d.t.c.a.a.c.u.util.UserUtilService   : Removing 4 users from all courses. Done
    23:48:11.988 |  51 Pool-1-worker-25 | DEBUG | d.t.c.a.a.c.u.util.UserUtilService   : Save 4 users to database...
    23:48:11.991 |  51 Pool-1-worker-25 | DEBUG | d.t.c.a.a.c.u.util.UserUtilService   : Save 4 users to database. Done
    23:48:11.991 |  51 Pool-1-worker-25 | INFO  | i.z.t.d.l.EmbeddedDatabaseReporter   : JDBC URL to connect to 'dataSource': url='jdbc:h2:tcp://localhost:41063/mem:df70fc46-7e57-4cb5-9cd0-c1d90c14afa7;USER=sa', scope='QuizExerciseIntegrationTest#testUpdateQuizExercise_SingleChoiceMC_badRequest'
    23:48:11.997 |  51 Pool-1-worker-25 | DEBUG | d.t.c.a.a.c.s.f.ApiVersionFilter     : Adding Version to Request PUT /api/quiz-exercises/3752
    23:48:11.999 |  51 Pool-1-worker-25 | INFO  | d.t.c.a.a.q.web.QuizExerciseResource : REST request to update quiz exercise : QuizExercise{id=3752, title='new quiz', randomizeQuestionOrder='true', allowedNumberOfAttempts='1', isOpenForPractice='false', releaseDate='2025-02-15T04:48:11.991785681Z', duration='120', dueDate='null'}
    23:48:12.000 |  51 Pool-1-worker-25 | ERROR | tech.jhipster.web.util.HeaderUtil    : Entity processing failed, The quiz exercise is invalid
    23:48:12.000 |  51 Pool-1-worker-25 | WARN  | o.z.p.spring.common.AdviceTraits     : Bad Request: The quiz exercise is invalid

  Starting logs for QuizExerciseIntegrationTest > importQuizExerciseFromExamToExam()
    23:48:12.013 |  51 Pool-1-worker-25 | DEBUG | d.t.c.a.a.c.u.util.UserUtilService   : Generate 1 students...
    23:48:12.015 |  51 Pool-1-worker-25 | DEBUG | d.t.c.a.a.c.u.util.UserUtilService   : 1 students generated. Generate 1 tutors...
    23:48:12.017 |  51 Pool-1-worker-25 | DEBUG | d.t.c.a.a.c.u.util.UserUtilService   : 1 tutors generated. Generate 1 editors...
    23:48:12.019 |  51 Pool-1-worker-25 | DEBUG | d.t.c.a.a.c.u.util.UserUtilService   : 1 editors generated. Generate 1 instructors...
    23:48:12.022 |  51 Pool-1-worker-25 | DEBUG | d.t.c.a.a.c.u.util.UserUtilService   : 1 instructors generated
    23:48:12.023 |  51 Pool-1-worker-25 | DEBUG | d.t.c.a.a.c.u.util.UserUtilService   : Removing 4 users from all courses...
    23:48:12.024 |  51 Pool-1-worker-25 | DEBUG | d.t.c.a.a.c.u.util.UserUtilService   : Removing 4 users from all courses. Done
    23:48:12.024 |  51 Pool-1-worker-25 | DEBUG | d.t.c.a.a.c.u.util.UserUtilService   : Save 4 users to database...
    23:48:12.027 |  51 Pool-1-worker-25 | DEBUG | d.t.c.a.a.c.u.util.UserUtilService   : Save 4 users to database. Done
    23:48:12.027 |  51 Pool-1-worker-25 | INFO  | i.z.t.d.l.EmbeddedDatabaseReporter   : JDBC URL to connect to 'dataSource': url='jdbc:h2:tcp://localhost:41063/mem:df70fc46-7e57-4cb5-9cd0-c1d90c14afa7;USER=sa', scope='QuizExerciseIntegrationTest#importQuizExerciseFromExamToExam'
    23:48:12.029 |  51 Pool-1-worker-25 | INFO  | .c.a.a.c.s.TitleCacheEvictionService : Evicted entry '1' from title cache 'courseTitle'
    23:48:12.031 |  51 Pool-1-worker-25 | DEBUG | d.t.c.a.a.q.s.QuizExerciseService    : Save quiz exercise to database: QuizExercise{id=null, title='d36687d3-626a-4763-a180-3afb684cb778', randomizeQuestionOrder='true', allowedNumberOfAttempts='1', isOpenForPractice='false', releaseDate='null', duration='10', dueDate='null'}
    23:48:12.041 |  51 Pool-1-worker-25 | DEBUG | d.t.c.a.a.c.s.f.ApiVersionFilter     : Adding Version to Request POST /api/quiz-exercises/import/3753
    23:48:12.043 |  51 Pool-1-worker-25 | INFO  | d.t.c.a.a.q.web.QuizExerciseResource : REST request to import from quiz exercise : 3753
    23:48:12.046 |  51 Pool-1-worker-25 | DEBUG | .c.a.a.q.s.QuizExerciseImportService : Creating a new Exercise based on exercise QuizExercise{id=3753, title='d36687d3-626a-4763-a180-3afb684cb778', randomizeQuestionOrder='true', allowedNumberOfAttempts='1', isOpenForPractice='false', releaseDate='null', duration='10', dueDate='null'}
    23:48:12.046 |  51 Pool-1-worker-25 | DEBUG | .c.a.a.q.s.QuizExerciseImportService : Copying the exercise basis from QuizExercise{id=3753, title='d36687d3-626a-4763-a180-3afb684cb778', randomizeQuestionOrder='true', allowedNumberOfAttempts='1', isOpenForPractice='false', releaseDate='null', duration='10', dueDate='null'}
    23:48:12.046 |  51 Pool-1-worker-25 | DEBUG | .c.a.a.q.s.QuizExerciseImportService : Copying the QuizQuestions to new QuizExercise: QuizExercise{id=null, title='d36687d3-626a-4763-a180-3afb684cb778', randomizeQuestionOrder='true', allowedNumberOfAttempts='1', isOpenForPractice='false', releaseDate='null', duration='10', dueDate='null'}
    23:48:12.046 |  51 Pool-1-worker-25 | WARN  | .c.a.a.q.s.QuizExerciseImportService : BackgroundFilePath of DragAndDropQuestion null is null
    23:48:12.046 |  51 Pool-1-worker-25 | DEBUG | d.t.c.a.a.core.service.FileService   : Moved File from uploads/images/drag-and-drop/drag-items/dnd_image_2025-02-14T23-48-12-031_dragItemImage2.png to uploads/images/drag-and-drop/drag-items/DragItem_2025-02-14T23-48-12-046_73936d44.png
    23:48:12.047 |  51 Pool-1-worker-25 | DEBUG | d.t.c.a.a.core.service.FileService   : Moved File from uploads/images/drag-and-drop/drag-items/dnd_image_2025-02-14T23-48-12-031_dragItemImage4.png to uploads/images/drag-and-drop/drag-items/DragItem_2025-02-14T23-48-12-047_11c0925b.png
    23:48:12.047 |  51 Pool-1-worker-25 | DEBUG | .c.a.a.q.s.QuizExerciseImportService : Copying the QuizBatches to new QuizExercise: QuizExercise{id=null, title='d36687d3-626a-4763-a180-3afb684cb778', randomizeQuestionOrder='true', allowedNumberOfAttempts='1', isOpenForPractice='false', releaseDate='null', duration='10', dueDate='null'}
    23:48:12.047 |  51 Pool-1-worker-25 | DEBUG | d.t.c.a.a.q.s.QuizExerciseService    : Save quiz exercise to database: QuizExercise{id=null, title='d36687d3-626a-4763-a180-3afb684cb778', randomizeQuestionOrder='true', allowedNumberOfAttempts='1', isOpenForPractice='false', releaseDate='null', duration='10', dueDate='null'}

  Starting logs for QuizExerciseIntegrationTest > testDeleteQuizExerciseAsNonInstructorForbidden()
    23:48:12.076 |  51 Pool-1-worker-25 | DEBUG | d.t.c.a.a.c.u.util.UserUtilService   : Generate 1 students...
    23:48:12.080 |  51 Pool-1-worker-25 | DEBUG | d.t.c.a.a.c.u.util.UserUtilService   : 1 students generated. Generate 1 tutors...
    23:48:12.082 |  51 Pool-1-worker-25 | DEBUG | d.t.c.a.a.c.u.util.UserUtilService   : 1 tutors generated. Generate 1 editors...
    23:48:12.085 |  51 Pool-1-worker-25 | DEBUG | d.t.c.a.a.c.u.util.UserUtilService   : 1 editors generated. Generate 1 instructors...
    23:48:12.087 |  51 Pool-1-worker-25 | DEBUG | d.t.c.a.a.c.u.util.UserUtilService   : 1 instructors generated
    23:48:12.089 |  51 Pool-1-worker-25 | DEBUG | d.t.c.a.a.c.u.util.UserUtilService   : Removing 4 users from all courses...
    23:48:12.089 |  51 Pool-1-worker-25 | DEBUG | d.t.c.a.a.c.u.util.UserUtilService   : Removing 4 users from all courses. Done
    23:48:12.089 |  51 Pool-1-worker-25 | DEBUG | d.t.c.a.a.c.u.util.UserUtilService   : Save 4 users to database...
    23:48:12.092 |  51 Pool-1-worker-25 | DEBUG | d.t.c.a.a.c.u.util.UserUtilService   : Save 4 users to database. Done
    23:48:12.092 |  51 Pool-1-worker-25 | INFO  | i.z.t.d.l.EmbeddedDatabaseReporter   : JDBC URL to connect to 'dataSource': url='jdbc:h2:tcp://localhost:41063/mem:df70fc46-7e57-4cb5-9cd0-c1d90c14afa7;USER=sa', scope='QuizExerciseIntegrationTest#testDeleteQuizExerciseAsNonInstructorForbidden'
    23:48:12.099 |  51 Pool-1-worker-25 | DEBUG | d.t.c.a.a.c.s.f.ApiVersionFilter     : Adding Version to Request DELETE /api/quiz-exercises/3755
    23:48:12.100 |  51 Pool-1-worker-25 | WARN  | o.z.p.spring.common.AdviceTraits     : Forbidden: Access Denied

  Starting logs for QuizExerciseIntegrationTest > testPerformStartNow()
    23:48:12.110 |  51 Pool-1-worker-25 | DEBUG | d.t.c.a.a.c.u.util.UserUtilService   : Generate 1 students...
    23:48:12.114 |  51 Pool-1-worker-25 | DEBUG | d.t.c.a.a.c.u.util.UserUtilService   : 1 students generated. Generate 1 tutors...
    23:48:12.116 |  51 Pool-1-worker-25 | DEBUG | d.t.c.a.a.c.u.util.UserUtilService   : 1 tutors generated. Generate 1 editors...
    23:48:12.119 |  51 Pool-1-worker-25 | DEBUG | d.t.c.a.a.c.u.util.UserUtilService   : 1 editors generated. Generate 1 instructors...
    23:48:12.121 |  51 Pool-1-worker-25 | DEBUG | d.t.c.a.a.c.u.util.UserUtilService   : 1 instructors generated
    23:48:12.122 |  51 Pool-1-worker-25 | DEBUG | d.t.c.a.a.c.u.util.UserUtilService   : Removing 4 users from all courses...
    23:48:12.123 |  51 Pool-1-worker-25 | DEBUG | d.t.c.a.a.c.u.util.UserUtilService   : Removing 4 users from all courses. Done
    23:48:12.123 |  51 Pool-1-worker-25 | DEBUG | d.t.c.a.a.c.u.util.UserUtilService   : Save 4 users to database...
    23:48:12.125 |  51 Pool-1-worker-25 | DEBUG | d.t.c.a.a.c.u.util.UserUtilService   : Save 4 users to database. Done
    23:48:12.126 |  51 Pool-1-worker-25 | INFO  | i.z.t.d.l.EmbeddedDatabaseReporter   : JDBC URL to connect to 'dataSource': url='jdbc:h2:tcp://localhost:41063/mem:df70fc46-7e57-4cb5-9cd0-c1d90c14afa7;USER=sa', scope='QuizExerciseIntegrationTest#testPerformStartNow'
    23:48:12.131 |  51 Pool-1-worker-25 | DEBUG | d.t.c.a.a.c.s.f.ApiVersionFilter     : Adding Version to Request PUT /api/quiz-exercises/3756/start-now
    23:48:12.133 |  51 Pool-1-worker-25 | DEBUG | d.t.c.a.a.q.web.QuizExerciseResource : REST request to perform action START_NOW on quiz exercise 3756
    23:48:12.143 |  51 Pool-1-worker-25 | INFO  | .c.s.m.InstanceMessageReceiveService : Received schedule quiz start for quiz exercise 3756
    23:48:12.145 |  51 Pool-1-worker-25 | DEBUG | t.c.a.a.e.s.ExerciseLifecycleService : Scheduled 1 Tasks for Exercise "new quiz" (#3756) to trigger on DUE.
    23:48:12.151 |  51 Pool-1-worker-25 | INFO  | d.t.c.a.a.q.s.QuizMessagingService   : Sent 'START_NOW' for quiz 3756 to all listening clients in 5 ms

  Starting logs for QuizExerciseIntegrationTest > importQuizExerciseFromCourseToExam()
    23:48:12.167 |  51 Pool-1-worker-25 | DEBUG | d.t.c.a.a.c.u.util.UserUtilService   : Generate 1 students...
    23:48:12.170 |  51 Pool-1-worker-25 | DEBUG | d.t.c.a.a.c.u.util.UserUtilService   : 1 students generated. Generate 1 tutors...
    23:48:12.173 |  51 Pool-1-worker-25 | DEBUG | d.t.c.a.a.c.u.util.UserUtilService   : 1 tutors generated. Generate 1 editors...
    23:48:12.176 |  51 Pool-1-worker-25 | DEBUG | d.t.c.a.a.c.u.util.UserUtilService   : 1 editors generated. Generate 1 instructors...
    23:48:12.178 |  51 Pool-1-worker-25 | DEBUG | d.t.c.a.a.c.u.util.UserUtilService   : 1 instructors generated
    23:48:12.180 |  51 Pool-1-worker-25 | DEBUG | d.t.c.a.a.c.u.util.UserUtilService   : Removing 4 users from all courses...
    23:48:12.181 |  51 Pool-1-worker-25 | DEBUG | d.t.c.a.a.c.u.util.UserUtilService   : Removing 4 users from all courses. Done
    23:48:12.181 |  51 Pool-1-worker-25 | DEBUG | d.t.c.a.a.c.u.util.UserUtilService   : Save 4 users to database...
    23:48:12.183 |  51 Pool-1-worker-25 | DEBUG | d.t.c.a.a.c.u.util.UserUtilService   : Save 4 users to database. Done
    23:48:12.183 |  51 Pool-1-worker-25 | INFO  | i.z.t.d.l.EmbeddedDatabaseReporter   : JDBC URL to connect to 'dataSource': url='jdbc:h2:tcp://localhost:41063/mem:df70fc46-7e57-4cb5-9cd0-c1d90c14afa7;USER=sa', scope='QuizExerciseIntegrationTest#importQuizExerciseFromCourseToExam'
    23:48:12.185 |  51 Pool-1-worker-25 | INFO  | .c.a.a.c.s.TitleCacheEvictionService : Evicted entry '1' from title cache 'courseTitle'
    23:48:12.187 |  51 Pool-1-worker-25 | DEBUG | d.t.c.a.a.q.s.QuizExerciseService    : Save quiz exercise to database: QuizExercise{id=null, title='new quiz', randomizeQuestionOrder='true', allowedNumberOfAttempts='1', isOpenForPractice='false', releaseDate='2025-02-15T01:48:12.186327983Z[Etc/UTC]', duration='120', dueDate='2025-02-15T01:50:17.186327983Z[Etc/UTC]'}
    23:48:12.197 |  51 Pool-1-worker-25 | INFO  | .c.s.m.InstanceMessageReceiveService : Received schedule quiz start for quiz exercise 3757
    23:48:12.199 |  51 Pool-1-worker-25 | DEBUG | t.c.a.a.e.s.ExerciseLifecycleService : Scheduled Task for Exercise "new quiz" (#3757) to trigger on START.
    23:48:12.199 |  51 Pool-1-worker-25 | DEBUG | t.c.a.a.e.s.ExerciseLifecycleService : Scheduled 1 Tasks for Exercise "new quiz" (#3757) to trigger on DUE.
    23:48:12.201 |  51 Pool-1-worker-25 | DEBUG | d.t.c.a.a.c.s.f.ApiVersionFilter     : Adding Version to Request POST /api/quiz-exercises/import/3757
    23:48:12.203 |  51 Pool-1-worker-25 | INFO  | d.t.c.a.a.q.web.QuizExerciseResource : REST request to import from quiz exercise : 3757
    23:48:12.205 |  51 Pool-1-worker-25 | DEBUG | .c.a.a.q.s.QuizExerciseImportService : Creating a new Exercise based on exercise QuizExercise{id=3757, title='new quiz', randomizeQuestionOrder='true', allowedNumberOfAttempts='1', isOpenForPractice='false', releaseDate='2025-02-15T01:48:12.186328Z', duration='120', dueDate='2025-02-15T01:50:17.186328Z'}
    23:48:12.205 |  51 Pool-1-worker-25 | DEBUG | .c.a.a.q.s.QuizExerciseImportService : Copying the exercise basis from QuizExercise{id=3757, title='new quiz', randomizeQuestionOrder='true', allowedNumberOfAttempts='1', isOpenForPractice='false', releaseDate='null', duration='120', dueDate='null'}
    23:48:12.205 |  51 Pool-1-worker-25 | DEBUG | .c.a.a.q.s.QuizExerciseImportService : Copying the QuizQuestions to new QuizExercise: QuizExercise{id=null, title='new quiz', randomizeQuestionOrder='true', allowedNumberOfAttempts='1', isOpenForPractice='false', releaseDate='null', duration='120', dueDate='null'}
    23:48:12.205 |  51 Pool-1-worker-25 | WARN  | .c.a.a.q.s.QuizExerciseImportService : BackgroundFilePath of DragAndDropQuestion null is null
    23:48:12.205 |  51 Pool-1-worker-25 | DEBUG | d.t.c.a.a.core.service.FileService   : Moved File from uploads/images/drag-and-drop/drag-items/dnd_image_2025-02-14T23-48-12-187_dragItemImage2.png to uploads/images/drag-and-drop/drag-items/DragItem_2025-02-14T23-48-12-205_8c065511.png
    23:48:12.206 |  51 Pool-1-worker-25 | DEBUG | d.t.c.a.a.core.service.FileService   : Moved File from uploads/images/drag-and-drop/drag-items/dnd_image_2025-02-14T23-48-12-187_dragItemImage4.png to uploads/images/drag-and-drop/drag-items/DragItem_2025-02-14T23-48-12-206_9ea8b031.png
    23:48:12.206 |  51 Pool-1-worker-25 | DEBUG | .c.a.a.q.s.QuizExerciseImportService : Copying the QuizBatches to new QuizExercise: QuizExercise{id=null, title='new quiz', randomizeQuestionOrder='true', allowedNumberOfAttempts='1', isOpenForPractice='false', releaseDate='null', duration='120', dueDate='null'}
    23:48:12.206 |  51 Pool-1-worker-25 | DEBUG | d.t.c.a.a.q.s.QuizExerciseService    : Save quiz exercise to database: QuizExercise{id=null, title='new quiz', randomizeQuestionOrder='true', allowedNumberOfAttempts='1', isOpenForPractice='false', releaseDate='null', duration='120', dueDate='null'}

  Starting logs for QuizExerciseIntegrationTest > importQuizExerciseFromExamToCourse_forbidden()
    23:48:12.236 |  51 Pool-1-worker-25 | DEBUG | d.t.c.a.a.c.u.util.UserUtilService   : Generate 1 students...
    23:48:12.239 |  51 Pool-1-worker-25 | DEBUG | d.t.c.a.a.c.u.util.UserUtilService   : 1 students generated. Generate 1 tutors...
    23:48:12.242 |  51 Pool-1-worker-25 | DEBUG | d.t.c.a.a.c.u.util.UserUtilService   : 1 tutors generated. Generate 1 editors...
    23:48:12.245 |  51 Pool-1-worker-25 | DEBUG | d.t.c.a.a.c.u.util.UserUtilService   : 1 editors generated. Generate 1 instructors...
    23:48:12.247 |  51 Pool-1-worker-25 | DEBUG | d.t.c.a.a.c.u.util.UserUtilService   : 1 instructors generated
    23:48:12.249 |  51 Pool-1-worker-25 | DEBUG | d.t.c.a.a.c.u.util.UserUtilService   : Removing 4 users from all courses...
    23:48:12.250 |  51 Pool-1-worker-25 | DEBUG | d.t.c.a.a.c.u.util.UserUtilService   : Removing 4 users from all courses. Done
    23:48:12.250 |  51 Pool-1-worker-25 | DEBUG | d.t.c.a.a.c.u.util.UserUtilService   : Save 4 users to database...
    23:48:12.254 |  51 Pool-1-worker-25 | DEBUG | d.t.c.a.a.c.u.util.UserUtilService   : Save 4 users to database. Done
    23:48:12.254 |  51 Pool-1-worker-25 | INFO  | i.z.t.d.l.EmbeddedDatabaseReporter   : JDBC URL to connect to 'dataSource': url='jdbc:h2:tcp://localhost:41063/mem:df70fc46-7e57-4cb5-9cd0-c1d90c14afa7;USER=sa', scope='QuizExerciseIntegrationTest#importQuizExerciseFromExamToCourse_forbidden'
    23:48:12.263 |  51 Pool-1-worker-25 | DEBUG | d.t.c.a.a.c.s.f.ApiVersionFilter     : Adding Version to Request POST /api/quiz-exercises/import/3759
    23:48:12.265 |  51 Pool-1-worker-25 | WARN  | o.z.p.spring.common.AdviceTraits     : Forbidden: Access Denied

  Starting logs for QuizExerciseIntegrationTest > testAddAndStartQuizBatch_AsStudentNotAllowed()
    23:48:12.277 |  51 Pool-1-worker-25 | DEBUG | d.t.c.a.a.c.u.util.UserUtilService   : Generate 1 students...
    23:48:12.280 |  51 Pool-1-worker-25 | DEBUG | d.t.c.a.a.c.u.util.UserUtilService   : 1 students generated. Generate 1 tutors...
    23:48:12.282 |  51 Pool-1-worker-25 | DEBUG | d.t.c.a.a.c.u.util.UserUtilService   : 1 tutors generated. Generate 1 editors...
    23:48:12.285 |  51 Pool-1-worker-25 | DEBUG | d.t.c.a.a.c.u.util.UserUtilService   : 1 editors generated. Generate 1 instructors...
    23:48:12.287 |  51 Pool-1-worker-25 | DEBUG | d.t.c.a.a.c.u.util.UserUtilService   : 1 instructors generated
    23:48:12.290 |  51 Pool-1-worker-25 | DEBUG | d.t.c.a.a.c.u.util.UserUtilService   : Removing 4 users from all courses...
    23:48:12.291 |  51 Pool-1-worker-25 | DEBUG | d.t.c.a.a.c.u.util.UserUtilService   : Removing 4 users from all courses. Done
    23:48:12.291 |  51 Pool-1-worker-25 | DEBUG | d.t.c.a.a.c.u.util.UserUtilService   : Save 4 users to database...
    23:48:12.294 |  51 Pool-1-worker-25 | DEBUG | d.t.c.a.a.c.u.util.UserUtilService   : Save 4 users to database. Done
    23:48:12.295 |  51 Pool-1-worker-25 | INFO  | i.z.t.d.l.EmbeddedDatabaseReporter   : JDBC URL to connect to 'dataSource': url='jdbc:h2:tcp://localhost:41063/mem:df70fc46-7e57-4cb5-9cd0-c1d90c14afa7;USER=sa', scope='QuizExerciseIntegrationTest#testAddAndStartQuizBatch_AsStudentNotAllowed'
    23:48:12.301 |  51 Pool-1-worker-25 | DEBUG | d.t.c.a.a.c.s.f.ApiVersionFilter     : Adding Version to Request PUT /api/quiz-exercises/3760/add-batch
    23:48:12.302 |  51 Pool-1-worker-25 | WARN  | o.z.p.spring.common.AdviceTraits     : Forbidden: Access Denied
    23:48:12.303 |  51 Pool-1-worker-25 | DEBUG | d.t.c.a.a.c.s.f.ApiVersionFilter     : Adding Version to Request PUT /api/quiz-exercises/null/start-batch
    23:48:12.303 |  51 Pool-1-worker-25 | WARN  | o.z.p.spring.common.AdviceTraits     : Bad Request: Method parameter 'quizBatchId': Failed to convert value of type 'java.lang.String' to required type 'java.lang.Long'; For input string: "null"

  Starting logs for QuizExerciseIntegrationTest > createQuizExercise_InvalidDates_badRequest()
    23:48:12.313 |  51 Pool-1-worker-25 | DEBUG | d.t.c.a.a.c.u.util.UserUtilService   : Generate 1 students...
    23:48:12.316 |  51 Pool-1-worker-25 | DEBUG | d.t.c.a.a.c.u.util.UserUtilService   : 1 students generated. Generate 1 tutors...
    23:48:12.319 |  51 Pool-1-worker-25 | DEBUG | d.t.c.a.a.c.u.util.UserUtilService   : 1 tutors generated. Generate 1 editors...
    23:48:12.321 |  51 Pool-1-worker-25 | DEBUG | d.t.c.a.a.c.u.util.UserUtilService   : 1 editors generated. Generate 1 instructors...
    23:48:12.324 |  51 Pool-1-worker-25 | DEBUG | d.t.c.a.a.c.u.util.UserUtilService   : 1 instructors generated
    23:48:12.325 |  51 Pool-1-worker-25 | DEBUG | d.t.c.a.a.c.u.util.UserUtilService   : Removing 4 users from all courses...
    23:48:12.326 |  51 Pool-1-worker-25 | DEBUG | d.t.c.a.a.c.u.util.UserUtilService   : Removing 4 users from all courses. Done
    23:48:12.326 |  51 Pool-1-worker-25 | DEBUG | d.t.c.a.a.c.u.util.UserUtilService   : Save 4 users to database...
    23:48:12.328 |  51 Pool-1-worker-25 | DEBUG | d.t.c.a.a.c.u.util.UserUtilService   : Save 4 users to database. Done
    23:48:12.328 |  51 Pool-1-worker-25 | INFO  | i.z.t.d.l.EmbeddedDatabaseReporter   : JDBC URL to connect to 'dataSource': url='jdbc:h2:tcp://localhost:41063/mem:df70fc46-7e57-4cb5-9cd0-c1d90c14afa7;USER=sa', scope='QuizExerciseIntegrationTest#createQuizExercise_InvalidDates_badRequest'
    23:48:12.330 |  51 Pool-1-worker-25 | DEBUG | d.t.c.a.a.c.s.f.ApiVersionFilter     : Adding Version to Request POST /api/quiz-exercises
    23:48:12.331 |  51 Pool-1-worker-25 | INFO  | d.t.c.a.a.q.web.QuizExerciseResource : REST request to create QuizExercise : QuizExercise{id=null, title='new quiz', randomizeQuestionOrder='true', allowedNumberOfAttempts='1', isOpenForPractice='false', releaseDate='2025-02-15T04:48:12.328606282Z', duration='120', dueDate='null'}
    23:48:12.331 |  51 Pool-1-worker-25 | ERROR | tech.jhipster.web.util.HeaderUtil    : Entity processing failed, Start time must not be before release date!
    23:48:12.331 |  51 Pool-1-worker-25 | WARN  | o.z.p.spring.common.AdviceTraits     : Bad Request: Start time must not be before release date!

  Starting logs for QuizExerciseIntegrationTest > testPerformStartNow_invalidMode(QuizMode) [1] quizMode=BATCHED
    23:48:12.346 |  51 Pool-1-worker-25 | DEBUG | d.t.c.a.a.c.u.util.UserUtilService   : Generate 1 students...
    23:48:12.349 |  51 Pool-1-worker-25 | DEBUG | d.t.c.a.a.c.u.util.UserUtilService   : 1 students generated. Generate 1 tutors...
    23:48:12.351 |  51 Pool-1-worker-25 | DEBUG | d.t.c.a.a.c.u.util.UserUtilService   : 1 tutors generated. Generate 1 editors...
    23:48:12.353 |  51 Pool-1-worker-25 | DEBUG | d.t.c.a.a.c.u.util.UserUtilService   : 1 editors generated. Generate 1 instructors...
    23:48:12.356 |  51 Pool-1-worker-25 | DEBUG | d.t.c.a.a.c.u.util.UserUtilService   : 1 instructors generated
    23:48:12.358 |  51 Pool-1-worker-25 | DEBUG | d.t.c.a.a.c.u.util.UserUtilService   : Removing 4 users from all courses...
    23:48:12.359 |  51 Pool-1-worker-25 | DEBUG | d.t.c.a.a.c.u.util.UserUtilService   : Removing 4 users from all courses. Done
    23:48:12.359 |  51 Pool-1-worker-25 | DEBUG | d.t.c.a.a.c.u.util.UserUtilService   : Save 4 users to database...
    23:48:12.363 |  51 Pool-1-worker-25 | DEBUG | d.t.c.a.a.c.u.util.UserUtilService   : Save 4 users to database. Done
    23:48:12.363 |  51 Pool-1-worker-25 | INFO  | i.z.t.d.l.EmbeddedDatabaseReporter   : JDBC URL to connect to 'dataSource': url='jdbc:h2:tcp://localhost:41063/mem:df70fc46-7e57-4cb5-9cd0-c1d90c14afa7;USER=sa', scope='QuizExerciseIntegrationTest#testPerformStartNow_invalidMode'
    23:48:12.370 |  51 Pool-1-worker-25 | DEBUG | d.t.c.a.a.c.s.f.ApiVersionFilter     : Adding Version to Request PUT /api/quiz-exercises/3761/start-now
    23:48:12.372 |  51 Pool-1-worker-25 | DEBUG | d.t.c.a.a.q.web.QuizExerciseResource : REST request to perform action START_NOW on quiz exercise 3761
    23:48:12.375 |  51 Pool-1-worker-25 | ERROR | tech.jhipster.web.util.HeaderUtil    : Entity processing failed, Quiz is not synchronized.

  Starting logs for QuizExerciseIntegrationTest > testPerformStartNow_invalidMode(QuizMode) [2] quizMode=INDIVIDUAL
    23:48:12.387 |  51 Pool-1-worker-25 | DEBUG | d.t.c.a.a.c.u.util.UserUtilService   : Generate 1 students...
    23:48:12.390 |  51 Pool-1-worker-25 | DEBUG | d.t.c.a.a.c.u.util.UserUtilService   : 1 students generated. Generate 1 tutors...
    23:48:12.393 |  51 Pool-1-worker-25 | DEBUG | d.t.c.a.a.c.u.util.UserUtilService   : 1 tutors generated. Generate 1 editors...
    23:48:12.396 |  51 Pool-1-worker-25 | DEBUG | d.t.c.a.a.c.u.util.UserUtilService   : 1 editors generated. Generate 1 instructors...
    23:48:12.398 |  51 Pool-1-worker-25 | DEBUG | d.t.c.a.a.c.u.util.UserUtilService   : 1 instructors generated
    23:48:12.401 |  51 Pool-1-worker-25 | DEBUG | d.t.c.a.a.c.u.util.UserUtilService   : Removing 4 users from all courses...
    23:48:12.401 |  51 Pool-1-worker-25 | DEBUG | d.t.c.a.a.c.u.util.UserUtilService   : Removing 4 users from all courses. Done
    23:48:12.401 |  51 Pool-1-worker-25 | DEBUG | d.t.c.a.a.c.u.util.UserUtilService   : Save 4 users to database...
    23:48:12.405 |  51 Pool-1-worker-25 | DEBUG | d.t.c.a.a.c.u.util.UserUtilService   : Save 4 users to database. Done
    23:48:12.405 |  51 Pool-1-worker-25 | INFO  | i.z.t.d.l.EmbeddedDatabaseReporter   : JDBC URL to connect to 'dataSource': url='jdbc:h2:tcp://localhost:41063/mem:df70fc46-7e57-4cb5-9cd0-c1d90c14afa7;USER=sa', scope='QuizExerciseIntegrationTest#testPerformStartNow_invalidMode'
    23:48:12.411 |  51 Pool-1-worker-25 | DEBUG | d.t.c.a.a.c.s.f.ApiVersionFilter     : Adding Version to Request PUT /api/quiz-exercises/3762/start-now
    23:48:12.412 |  51 Pool-1-worker-25 | DEBUG | d.t.c.a.a.q.web.QuizExerciseResource : REST request to perform action START_NOW on quiz exercise 3762
    23:48:12.416 |  51 Pool-1-worker-25 | ERROR | tech.jhipster.web.util.HeaderUtil    : Entity processing failed, Quiz is not synchronized.

Finished logs for QuizExerciseIntegrationTest
]]></system-out>
  <system-err><![CDATA[]]></system-err>
</testsuite>
