<?xml version="1.0" encoding="UTF-8"?>
<testsuite name="de.tum.cit.aet.artemis.programming.IdePreferencesIntegrationTest" tests="4" skipped="0" failures="0" errors="0" timestamp="2025-02-14T23:47:25" hostname="fv-az1721-502" time="0.231">
  <properties/>
  <testcase name="testDeleteIdePreferenceForCurrentUser()" classname="de.tum.cit.aet.artemis.programming.IdePreferencesIntegrationTest" time="0.091"/>
  <testcase name="testChangeIdePreferenceForCurrentUser()" classname="de.tum.cit.aet.artemis.programming.IdePreferencesIntegrationTest" time="0.044"/>
  <testcase name="testSetNewIdePreferenceForCurrentUser()" classname="de.tum.cit.aet.artemis.programming.IdePreferencesIntegrationTest" time="0.04"/>
  <testcase name="testGetIdePreferencesForCurrentUser()" classname="de.tum.cit.aet.artemis.programming.IdePreferencesIntegrationTest" time="0.051"/>
  <system-out><![CDATA[
Starting logs for IdePreferencesIntegrationTest

  Starting logs for IdePreferencesIntegrationTest > testDeleteIdePreferenceForCurrentUser()
    23:47:25.918 | 444 ool-1-worker-208 | DEBUG | d.t.c.a.a.c.u.util.UserUtilService   : Generate 2 students...
    23:47:25.929 | 444 ool-1-worker-208 | DEBUG | d.t.c.a.a.c.u.util.UserUtilService   : 2 students generated. Generate 0 tutors...
    23:47:25.931 | 444 ool-1-worker-208 | DEBUG | d.t.c.a.a.c.u.util.UserUtilService   : 0 tutors generated. Generate 0 editors...
    23:47:25.935 | 444 ool-1-worker-208 | DEBUG | d.t.c.a.a.c.u.util.UserUtilService   : 0 editors generated. Generate 0 instructors...
    23:47:25.936 | 444 ool-1-worker-208 | DEBUG | d.t.c.a.a.c.u.util.UserUtilService   : 0 instructors generated
    23:47:25.943 | 444 ool-1-worker-208 | DEBUG | d.t.c.a.a.c.u.util.UserUtilService   : Removing 6 users from all courses...
    23:47:25.949 | 444 ool-1-worker-208 | DEBUG | d.t.c.a.a.c.u.util.UserUtilService   : Removing 6 users from all courses. Done
    23:47:25.949 | 444 ool-1-worker-208 | DEBUG | d.t.c.a.a.c.u.util.UserUtilService   : Save 2 users to database...
    23:47:25.954 | 444 ool-1-worker-208 | DEBUG | d.t.c.a.a.c.u.util.UserUtilService   : Save 2 users to database. Done
    23:47:25.959 | 444 ool-1-worker-208 | INFO  | i.z.t.d.l.EmbeddedDatabaseReporter   : JDBC URL to connect to 'dataSource': url='jdbc:h2:tcp://localhost:41063/mem:df70fc46-7e57-4cb5-9cd0-c1d90c14afa7;USER=sa', scope='IdePreferencesIntegrationTest#testDeleteIdePreferenceForCurrentUser'
    23:47:25.972 | 444 ool-1-worker-208 | DEBUG | d.t.c.a.a.c.s.f.ApiVersionFilter     : Adding Version to Request DELETE /api/ide-settings
    23:47:25.978 | 444 ool-1-worker-208 | DEBUG | d.t.c.a.a.p.web.IdeSettingsResource  : REST request to delete IDE of user idepreferencesintegrationstudent1
    23:47:25.980 | 444 ool-1-worker-208 | DEBUG | d.t.c.a.a.p.web.IdeSettingsResource  : Successfully deleted IDE of user idepreferencesintegrationstudent1

  Starting logs for IdePreferencesIntegrationTest > testChangeIdePreferenceForCurrentUser()
    23:47:25.997 | 444 ool-1-worker-208 | DEBUG | d.t.c.a.a.c.u.util.UserUtilService   : Generate 2 students...
    23:47:26.002 | 444 ool-1-worker-208 | DEBUG | d.t.c.a.a.c.u.util.UserUtilService   : 2 students generated. Generate 0 tutors...
    23:47:26.003 | 444 ool-1-worker-208 | DEBUG | d.t.c.a.a.c.u.util.UserUtilService   : 0 tutors generated. Generate 0 editors...
    23:47:26.004 | 444 ool-1-worker-208 | DEBUG | d.t.c.a.a.c.u.util.UserUtilService   : 0 editors generated. Generate 0 instructors...
    23:47:26.006 | 444 ool-1-worker-208 | DEBUG | d.t.c.a.a.c.u.util.UserUtilService   : 0 instructors generated
    23:47:26.008 | 444 ool-1-worker-208 | DEBUG | d.t.c.a.a.c.u.util.UserUtilService   : Removing 2 users from all courses...
    23:47:26.008 | 444 ool-1-worker-208 | DEBUG | d.t.c.a.a.c.u.util.UserUtilService   : Removing 2 users from all courses. Done
    23:47:26.008 | 444 ool-1-worker-208 | DEBUG | d.t.c.a.a.c.u.util.UserUtilService   : Save 2 users to database...
    23:47:26.013 | 444 ool-1-worker-208 | DEBUG | d.t.c.a.a.c.u.util.UserUtilService   : Save 2 users to database. Done
    23:47:26.014 | 444 ool-1-worker-208 | INFO  | i.z.t.d.l.EmbeddedDatabaseReporter   : JDBC URL to connect to 'dataSource': url='jdbc:h2:tcp://localhost:41063/mem:df70fc46-7e57-4cb5-9cd0-c1d90c14afa7;USER=sa', scope='IdePreferencesIntegrationTest#testChangeIdePreferenceForCurrentUser'
    23:47:26.019 | 444 ool-1-worker-208 | DEBUG | d.t.c.a.a.c.s.f.ApiVersionFilter     : Adding Version to Request PUT /api/ide-settings
    23:47:26.022 | 444 ool-1-worker-208 | DEBUG | d.t.c.a.a.p.web.IdeSettingsResource  : REST request to set IDE of user idepreferencesintegrationstudent1
    23:47:26.024 | 444 ool-1-worker-208 | DEBUG | d.t.c.a.a.p.web.IdeSettingsResource  : Successfully set IDE of user idepreferencesintegrationstudent1

  Starting logs for IdePreferencesIntegrationTest > testSetNewIdePreferenceForCurrentUser()
    23:47:26.044 | 444 ool-1-worker-208 | DEBUG | d.t.c.a.a.c.u.util.UserUtilService   : Generate 2 students...
    23:47:26.048 | 444 ool-1-worker-208 | DEBUG | d.t.c.a.a.c.u.util.UserUtilService   : 2 students generated. Generate 0 tutors...
    23:47:26.050 | 444 ool-1-worker-208 | DEBUG | d.t.c.a.a.c.u.util.UserUtilService   : 0 tutors generated. Generate 0 editors...
    23:47:26.051 | 444 ool-1-worker-208 | DEBUG | d.t.c.a.a.c.u.util.UserUtilService   : 0 editors generated. Generate 0 instructors...
    23:47:26.052 | 444 ool-1-worker-208 | DEBUG | d.t.c.a.a.c.u.util.UserUtilService   : 0 instructors generated
    23:47:26.054 | 444 ool-1-worker-208 | DEBUG | d.t.c.a.a.c.u.util.UserUtilService   : Removing 2 users from all courses...
    23:47:26.055 | 444 ool-1-worker-208 | DEBUG | d.t.c.a.a.c.u.util.UserUtilService   : Removing 2 users from all courses. Done
    23:47:26.055 | 444 ool-1-worker-208 | DEBUG | d.t.c.a.a.c.u.util.UserUtilService   : Save 2 users to database...
    23:47:26.058 | 444 ool-1-worker-208 | DEBUG | d.t.c.a.a.c.u.util.UserUtilService   : Save 2 users to database. Done
    23:47:26.059 | 444 ool-1-worker-208 | INFO  | i.z.t.d.l.EmbeddedDatabaseReporter   : JDBC URL to connect to 'dataSource': url='jdbc:h2:tcp://localhost:41063/mem:df70fc46-7e57-4cb5-9cd0-c1d90c14afa7;USER=sa', scope='IdePreferencesIntegrationTest#testSetNewIdePreferenceForCurrentUser'
    23:47:26.060 | 444 ool-1-worker-208 | DEBUG | d.t.c.a.a.c.s.f.ApiVersionFilter     : Adding Version to Request PUT /api/ide-settings
    23:47:26.061 | 444 ool-1-worker-208 | DEBUG | d.t.c.a.a.p.web.IdeSettingsResource  : REST request to set IDE of user idepreferencesintegrationstudent1
    23:47:26.063 | 444 ool-1-worker-208 | DEBUG | d.t.c.a.a.p.web.IdeSettingsResource  : Successfully set IDE of user idepreferencesintegrationstudent1

  Starting logs for IdePreferencesIntegrationTest > testGetIdePreferencesForCurrentUser()
    23:47:26.093 | 444 ool-1-worker-208 | DEBUG | d.t.c.a.a.c.u.util.UserUtilService   : Generate 2 students...
    23:47:26.104 | 444 ool-1-worker-208 | DEBUG | d.t.c.a.a.c.u.util.UserUtilService   : 2 students generated. Generate 0 tutors...
    23:47:26.105 | 444 ool-1-worker-208 | DEBUG | d.t.c.a.a.c.u.util.UserUtilService   : 0 tutors generated. Generate 0 editors...
    23:47:26.106 | 444 ool-1-worker-208 | DEBUG | d.t.c.a.a.c.u.util.UserUtilService   : 0 editors generated. Generate 0 instructors...
    23:47:26.108 | 444 ool-1-worker-208 | DEBUG | d.t.c.a.a.c.u.util.UserUtilService   : 0 instructors generated
    23:47:26.110 | 444 ool-1-worker-208 | DEBUG | d.t.c.a.a.c.u.util.UserUtilService   : Removing 2 users from all courses...
    23:47:26.110 | 444 ool-1-worker-208 | DEBUG | d.t.c.a.a.c.u.util.UserUtilService   : Removing 2 users from all courses. Done
    23:47:26.110 | 444 ool-1-worker-208 | DEBUG | d.t.c.a.a.c.u.util.UserUtilService   : Save 2 users to database...
    23:47:26.113 | 444 ool-1-worker-208 | DEBUG | d.t.c.a.a.c.u.util.UserUtilService   : Save 2 users to database. Done
    23:47:26.114 | 444 ool-1-worker-208 | INFO  | i.z.t.d.l.EmbeddedDatabaseReporter   : JDBC URL to connect to 'dataSource': url='jdbc:h2:tcp://localhost:41063/mem:df70fc46-7e57-4cb5-9cd0-c1d90c14afa7;USER=sa', scope='IdePreferencesIntegrationTest#testGetIdePreferencesForCurrentUser'
    23:47:26.118 | 444 ool-1-worker-208 | DEBUG | d.t.c.a.a.c.s.f.ApiVersionFilter     : Adding Version to Request GET /api/ide-settings
    23:47:26.119 | 444 ool-1-worker-208 | DEBUG | d.t.c.a.a.p.web.IdeSettingsResource  : REST request to get IDEs of user idepreferencesintegrationstudent1
    23:47:26.120 | 444 ool-1-worker-208 | DEBUG | d.t.c.a.a.p.web.IdeSettingsResource  : Successfully queried IDEs of user idepreferencesintegrationstudent1

Finished logs for IdePreferencesIntegrationTest
]]></system-out>
  <system-err><![CDATA[]]></system-err>
</testsuite>
