<?xml version="1.0" encoding="UTF-8"?>
<testsuite name="de.tum.cit.aet.artemis.communication.ReactionIntegrationTest" tests="29" skipped="0" failures="0" errors="0" timestamp="2025-02-14T23:43:59" hostname="fv-az1721-502" time="6.053">
  <properties/>
  <testcase name="testDeleteOwnVoteReaction()" classname="de.tum.cit.aet.artemis.communication.ReactionIntegrationTest" time="0.228"/>
  <testcase name="testDeletePostReactionOfOthers_forbidden()" classname="de.tum.cit.aet.artemis.communication.ReactionIntegrationTest" time="0.313"/>
  <testcase name="testCreateMultipleOwnAnswerPostReaction_internalServerError()" classname="de.tum.cit.aet.artemis.communication.ReactionIntegrationTest" time="0.18"/>
  <testcase name="testGetPostsForCourse_OrderByVoteCountDESC()" classname="de.tum.cit.aet.artemis.communication.ReactionIntegrationTest" time="0.315"/>
  <testcase name="testDeletePostReactionWithWrongCourseId_badRequest()" classname="de.tum.cit.aet.artemis.communication.ReactionIntegrationTest" time="0.187"/>
  <testcase name="testValidateReactionConstraintViolation()" classname="de.tum.cit.aet.artemis.communication.ReactionIntegrationTest" time="0.393"/>
  <testcase name="[1] courseInformationSharingConfiguration=DISABLED, shouldBeAllowed=false" classname="de.tum.cit.aet.artemis.communication.ReactionIntegrationTest" time="0.305"/>
  <testcase name="[2] courseInformationSharingConfiguration=COMMUNICATION_AND_MESSAGING, shouldBeAllowed=true" classname="de.tum.cit.aet.artemis.communication.ReactionIntegrationTest" time="0.214"/>
  <testcase name="[3] courseInformationSharingConfiguration=COMMUNICATION_ONLY, shouldBeAllowed=true" classname="de.tum.cit.aet.artemis.communication.ReactionIntegrationTest" time="0.182"/>
  <testcase name="testCreateAnswerPostReactions()" classname="de.tum.cit.aet.artemis.communication.ReactionIntegrationTest" time="0.194"/>
  <testcase name="testDeletePostReaction()" classname="de.tum.cit.aet.artemis.communication.ReactionIntegrationTest" time="0.149"/>
  <testcase name="testCreateExistingReaction_badRequest()" classname="de.tum.cit.aet.artemis.communication.ReactionIntegrationTest" time="0.17"/>
  <testcase name="[1] courseInformationSharingConfiguration=DISABLED, shouldBeAllowed=false" classname="de.tum.cit.aet.artemis.communication.ReactionIntegrationTest" time="0.173"/>
  <testcase name="[2] courseInformationSharingConfiguration=COMMUNICATION_AND_MESSAGING, shouldBeAllowed=true" classname="de.tum.cit.aet.artemis.communication.ReactionIntegrationTest" time="0.19"/>
  <testcase name="[3] courseInformationSharingConfiguration=COMMUNICATION_ONLY, shouldBeAllowed=true" classname="de.tum.cit.aet.artemis.communication.ReactionIntegrationTest" time="0.157"/>
  <testcase name="testCreateReactionOnConversationBetweenOtherUsers_forbidden()" classname="de.tum.cit.aet.artemis.communication.ReactionIntegrationTest" time="0.156"/>
  <testcase name="[1] courseInformationSharingConfiguration=DISABLED, shouldBeAllowed=false" classname="de.tum.cit.aet.artemis.communication.ReactionIntegrationTest" time="0.149"/>
  <testcase name="[2] courseInformationSharingConfiguration=COMMUNICATION_AND_MESSAGING, shouldBeAllowed=true" classname="de.tum.cit.aet.artemis.communication.ReactionIntegrationTest" time="0.248"/>
  <testcase name="[3] courseInformationSharingConfiguration=COMMUNICATION_ONLY, shouldBeAllowed=true" classname="de.tum.cit.aet.artemis.communication.ReactionIntegrationTest" time="0.159"/>
  <testcase name="testCreateVoteReaction()" classname="de.tum.cit.aet.artemis.communication.ReactionIntegrationTest" time="0.183"/>
  <testcase name="[1] courseInformationSharingConfiguration=DISABLED, shouldBeAllowed=false" classname="de.tum.cit.aet.artemis.communication.ReactionIntegrationTest" time="0.162"/>
  <testcase name="[2] courseInformationSharingConfiguration=COMMUNICATION_AND_MESSAGING, shouldBeAllowed=true" classname="de.tum.cit.aet.artemis.communication.ReactionIntegrationTest" time="0.189"/>
  <testcase name="[3] courseInformationSharingConfiguration=COMMUNICATION_ONLY, shouldBeAllowed=true" classname="de.tum.cit.aet.artemis.communication.ReactionIntegrationTest" time="0.143"/>
  <testcase name="[1] courseInformationSharingConfiguration=DISABLED, shouldBeAllowed=false" classname="de.tum.cit.aet.artemis.communication.ReactionIntegrationTest" time="0.147"/>
  <testcase name="[2] courseInformationSharingConfiguration=COMMUNICATION_AND_MESSAGING, shouldBeAllowed=true" classname="de.tum.cit.aet.artemis.communication.ReactionIntegrationTest" time="0.15"/>
  <testcase name="[3] courseInformationSharingConfiguration=COMMUNICATION_ONLY, shouldBeAllowed=true" classname="de.tum.cit.aet.artemis.communication.ReactionIntegrationTest" time="0.205"/>
  <testcase name="testGetPostsForCourse_OrderByVoteCountASC()" classname="de.tum.cit.aet.artemis.communication.ReactionIntegrationTest" time="0.278"/>
  <testcase name="testCreatePostReactions()" classname="de.tum.cit.aet.artemis.communication.ReactionIntegrationTest" time="0.302"/>
  <testcase name="testCreateMultipleOwnPostReaction_internalServerError()" classname="de.tum.cit.aet.artemis.communication.ReactionIntegrationTest" time="0.171"/>
  <system-out><![CDATA[    23:43:28.983 | 370 ool-1-worker-134 | DEBUG | d.t.c.a.a.c.u.util.UserUtilService   : Removing 5 users from all courses. Done
    23:43:28.983 | 370 ool-1-worker-134 | DEBUG | d.t.c.a.a.c.u.util.UserUtilService   : Save 5 users to database...
    23:43:28.991 | 061 pool-4-thread-4  | INFO  | d.t.c.a.a.p.s.gitlab.GitLabService   : Protecting branch main for Gitlab repository SHORTFE0EF7D60DD6B04B2208788081DF074CE29FT934/shortfe0ef7d60dd6b04b2208788081df074ce29ft934-studexamstudent2
    23:43:28.999 | 370 ool-1-worker-134 | DEBUG | d.t.c.a.a.c.u.util.UserUtilService   : Save 5 users to database. Done
    23:43:29.029 | 061 pool-4-thread-4  | INFO  | d.t.c.a.a.p.s.gitlab.GitLabService   : Protecting branch main for Gitlab repository SHORTFE0EF7D60DD6B04B2208788081DF074CE29FT934/shortfe0ef7d60dd6b04b2208788081df074ce29ft934-studexamstudent1
    23:43:29.109 | 370 ool-1-worker-134 | INFO  | i.z.t.d.l.EmbeddedDatabaseReporter   : JDBC URL to connect to 'dataSource': url='jdbc:h2:tcp://localhost:41063/mem:736625c0-cf5e-400d-aeaa-8a7eabd6262b;USER=sa', scope='StudentExamIntegrationTest#testStudentExamSummaryAsStudentAfterPublishResults_dontFilter'
    23:43:29.154 | 370 ool-1-worker-134 | DEBUG | d.t.c.a.a.c.s.f.ApiVersionFilter     : Adding Version to Request POST /api/courses/414/exams/822/generate-student-exams
    23:43:29.154 | 370 ool-1-worker-134 | INFO  | d.t.c.a.a.exam.web.ExamResource      : REST request to generate student exams for exam 822
    23:43:29.161 | 370 ool-1-worker-134 | INFO  | d.t.c.a.a.e.s.ExamDeletionService    : User studexaminstructor1 has requested to delete existing student exams and participations for exam Real exam 1
    23:43:29.162 | 370 ool-1-worker-134 | INFO  | d.t.c.a.a.e.s.ParticipationService   : Request to delete all 0 participations of exercise with id : 1324
    23:43:29.163 | 370 ool-1-worker-134 | INFO  | d.t.c.a.a.e.s.ParticipationService   : Request to delete all 0 participations of exercise with id : 1325
    23:43:29.164 | 370 ool-1-worker-134 | INFO  | d.t.c.a.a.e.s.ParticipationService   : Request to delete all 0 participations of exercise with id : 1326
    23:43:29.165 | 370 ool-1-worker-134 | INFO  | d.t.c.a.a.e.s.ParticipationService   : Request to delete all 0 participations of exercise with id : 1327
    23:43:29.166 | 370 ool-1-worker-134 | INFO  | d.t.c.a.a.e.s.ParticipationService   : Request to delete all 0 participations of exercise with id : 1328
    23:43:29.167 | 370 ool-1-worker-134 | INFO  | d.t.c.a.a.e.s.ParticipationService   : Request to delete all 0 participations of exercise with id : 1329
    23:43:29.168 | 370 ool-1-worker-134 | INFO  | d.t.c.a.a.e.s.ParticipationService   : Request to delete all 0 participations of exercise with id : 1330
    23:43:29.169 | 370 ool-1-worker-134 | INFO  | d.t.c.a.a.e.s.ParticipationService   : Request to delete all 0 participations of exercise with id : 1331
    23:43:29.170 | 370 ool-1-worker-134 | INFO  | d.t.c.a.a.e.s.ParticipationService   : Request to delete all 0 participations of exercise with id : 1332
    23:43:29.171 | 370 ool-1-worker-134 | INFO  | d.t.c.a.a.e.s.ParticipationService   : Request to delete all 0 participations of exercise with id : 1333
    23:43:29.172 | 370 ool-1-worker-134 | INFO  | d.t.c.a.a.e.s.ParticipationService   : Request to delete all 0 participations of exercise with id : 1334
    23:43:29.175 | 370 ool-1-worker-134 | INFO  | d.t.c.a.a.exam.web.ExamResource      : Generated 1 student exams in 20.46ms for exam 822
    23:43:29.195 | 370 ool-1-worker-134 | DEBUG | d.t.c.a.a.c.s.f.ApiVersionFilter     : Adding Version to Request POST /api/courses/414/exams/822/student-exams/start-exercises
    23:43:29.201 | 370 ool-1-worker-134 | DEBUG | d.t.c.a.a.exam.service.ExamService   : Finished combination of template commits for programming exercise ProgrammingExercise{id=1334, templateRepositoryUri='https://version-control.fake.fake/git/SHORT7B4C249704270048F40BEFF0B76CABA101F6T228/short7b4c249704270048f40beff0b76caba101f6t228-exercise.git', solutionRepositoryUri='https://version-control.fake.fake/git/SHORT7B4C249704270048F40BEFF0B76CABA101F6T228/short7b4c249704270048f40beff0b76caba101f6t228-solution.git', templateBuildPlanId='SHORT7B4C249704270048F40BEFF0B76CABA101F6T228-BASE', solutionBuildPlanId='SHORT7B4C249704270048F40BEFF0B76CABA101F6T228-SOLUTION', allowOnlineEditor='null', allowOnlineIde='false', programmingLanguage='JAVA', packageName='de.test'', testCasesChanged='false'}
    23:43:29.201 | 370 ool-1-worker-134 | INFO  | d.t.c.a.a.e.web.StudentExamResource  : REST request to start exercises for student exams of exam 822
    23:43:29.212 | 651 ol-3510-thread-1 | INFO  | d.t.c.a.a.e.s.StudentExamService     : SUCCESS: Start exercise for student exam 360 and exercise 1324 and student studexamstudent1
    23:43:29.224 | 651 ol-3510-thread-1 | INFO  | d.t.c.a.a.e.s.StudentExamService     : SUCCESS: Start exercise for student exam 360 and exercise 1326 and student studexamstudent1
    23:43:29.229 | 651 ol-3510-thread-1 | INFO  | d.t.c.a.a.e.s.StudentExamService     : SUCCESS: Start exercise for student exam 360 and exercise 1328 and student studexamstudent1
    23:43:29.236 | 651 ol-3510-thread-1 | INFO  | d.t.c.a.a.e.s.StudentExamService     : SUCCESS: Start exercise for student exam 360 and exercise 1331 and student studexamstudent1
    23:43:29.243 | 651 ol-3510-thread-1 | INFO  | d.t.c.a.a.e.s.StudentExamService     : SUCCESS: Start exercise for student exam 360 and exercise 1332 and student studexamstudent1
    23:43:29.249 | 651 ol-3510-thread-1 | INFO  | d.t.c.a.a.e.s.StudentExamService     : SUCCESS: Start exercise for student exam 360 and exercise 1333 and student studexamstudent1
    23:43:29.254 | 651 ol-3510-thread-1 | DEBUG | d.t.c.a.a.p.service.GitService       : Cloning from file:/tmp/exerciseOriginRepo16577509996854141619/ to repos/server-integration-test/studentOriginRepo11775919897873033723
    23:43:29.271 | 651 ol-3510-thread-1 | ERROR | .a.a.p.s.j.b.JenkinsBuildPlanService : Pipeline Script not found
java.lang.IllegalArgumentException: Pipeline Script not found
	at de.tum.cit.aet.artemis.programming.service.jenkins.build_plan.JenkinsBuildPlanUtils.replaceScriptParameters(JenkinsBuildPlanUtils.java:22)
	at de.tum.cit.aet.artemis.programming.service.jenkins.build_plan.JenkinsBuildPlanService.updateBuildPlanURLs(JenkinsBuildPlanService.java:245)
	at de.tum.cit.aet.artemis.programming.service.jenkins.build_plan.JenkinsBuildPlanService.copyBuildPlan(JenkinsBuildPlanService.java:293)
	at de.tum.cit.aet.artemis.programming.service.jenkins.JenkinsService.copyBuildPlan(JenkinsService.java:128)
	at java.base/java.lang.invoke.MethodHandle.invokeWithArguments(MethodHandle.java:733)
	at org.mockito.internal.util.reflection.InstrumentationMemberAccessor$Dispatcher$ByteBuddy$oog9jsgw.invokeWithArguments(Unknown Source)
	at org.mockito.internal.util.reflection.InstrumentationMemberAccessor.invoke(InstrumentationMemberAccessor.java:251)
	at org.mockito.internal.util.reflection.ModuleMemberAccessor.invoke(ModuleMemberAccessor.java:55)
	at org.mockito.internal.creation.bytebuddy.MockMethodAdvice.tryInvoke(MockMethodAdvice.java:314)
	at org.mockito.internal.creation.bytebuddy.MockMethodAdvice$RealMethodCall.invoke(MockMethodAdvice.java:234)
	at org.mockito.internal.invocation.InterceptedInvocation.callRealMethod(InterceptedInvocation.java:142)
	at org.mockito.internal.stubbing.answers.CallsRealMethods.answer(CallsRealMethods.java:45)
	at org.mockito.Answers.answer(Answers.java:90)
	at org.mockito.internal.handler.MockHandlerImpl.handle(MockHandlerImpl.java:111)
	at org.mockito.internal.handler.NullResultGuardian.handle(NullResultGuardian.java:29)
	at org.mockito.internal.handler.InvocationNotifierHandler.handle(InvocationNotifierHandler.java:34)
	at org.mockito.internal.creation.bytebuddy.MockMethodInterceptor.doIntercept(MockMethodInterceptor.java:82)
	at org.mockito.internal.creation.bytebuddy.MockMethodAdvice.handle(MockMethodAdvice.java:134)
	at de.tum.cit.aet.artemis.programming.service.jenkins.JenkinsService.copyBuildPlan(JenkinsService.java:126)
	at de.tum.cit.aet.artemis.exercise.service.ParticipationService.copyBuildPlan(ParticipationService.java:518)
	at de.tum.cit.aet.artemis.exercise.service.ParticipationService.startProgrammingParticipation(ParticipationService.java:296)
	at de.tum.cit.aet.artemis.exercise.service.ParticipationService.startProgrammingExercise(ParticipationService.java:265)
	at de.tum.cit.aet.artemis.exercise.service.ParticipationService.startExerciseWithInitializationDate(ParticipationService.java:192)
	at de.tum.cit.aet.artemis.exercise.service.ParticipationService.startExercise(ParticipationService.java:151)
	at de.tum.cit.aet.artemis.exam.service.StudentExamService.setUpExerciseParticipationsAndSubmissionsWithInitializationDate(StudentExamService.java:686)
	at de.tum.cit.aet.artemis.exam.service.StudentExamService.setUpExerciseParticipationsAndSubmissions(StudentExamService.java:800)
	at de.tum.cit.aet.artemis.exam.service.StudentExamService.lambda$startExercises$15(StudentExamService.java:735)
	at java.base/java.util.concurrent.CompletableFuture$AsyncRun.run(CompletableFuture.java:1804)
	at java.base/java.util.concurrent.ThreadPoolExecutor.runWorker(ThreadPoolExecutor.java:1144)
	at java.base/java.util.concurrent.ThreadPoolExecutor$Worker.run(ThreadPoolExecutor.java:642)
	at java.base/java.lang.Thread.run(Thread.java:1583)
    23:43:29.277 | 651 ol-3510-thread-1 | ERROR | .a.a.p.s.j.b.JenkinsBuildPlanService : Pipeline Script not found
java.lang.IllegalArgumentException: Pipeline Script not found
	at de.tum.cit.aet.artemis.programming.service.jenkins.build_plan.JenkinsBuildPlanUtils.replaceScriptParameters(JenkinsBuildPlanUtils.java:29)
	at de.tum.cit.aet.artemis.programming.service.jenkins.build_plan.JenkinsBuildPlanService.updateBuildPlanRepositories(JenkinsBuildPlanService.java:219)
	at de.tum.cit.aet.artemis.programming.service.jenkins.build_plan.JenkinsBuildPlanService.configureBuildPlanForParticipation(JenkinsBuildPlanService.java:196)
	at de.tum.cit.aet.artemis.programming.service.jenkins.JenkinsService.configureBuildPlan(JenkinsService.java:138)
	at java.base/java.lang.invoke.MethodHandle.invokeWithArguments(MethodHandle.java:733)
	at org.mockito.internal.util.reflection.InstrumentationMemberAccessor$Dispatcher$ByteBuddy$oog9jsgw.invokeWithArguments(Unknown Source)
	at org.mockito.internal.util.reflection.InstrumentationMemberAccessor.invoke(InstrumentationMemberAccessor.java:251)
	at org.mockito.internal.util.reflection.ModuleMemberAccessor.invoke(ModuleMemberAccessor.java:55)
	at org.mockito.internal.creation.bytebuddy.MockMethodAdvice.tryInvoke(MockMethodAdvice.java:314)
	at org.mockito.internal.creation.bytebuddy.MockMethodAdvice$RealMethodCall.invoke(MockMethodAdvice.java:234)
	at org.mockito.internal.invocation.InterceptedInvocation.callRealMethod(InterceptedInvocation.java:142)
	at org.mockito.internal.stubbing.answers.CallsRealMethods.answer(CallsRealMethods.java:45)
	at org.mockito.Answers.answer(Answers.java:90)
	at org.mockito.internal.handler.MockHandlerImpl.handle(MockHandlerImpl.java:111)
	at org.mockito.internal.handler.NullResultGuardian.handle(NullResultGuardian.java:29)
	at org.mockito.internal.handler.InvocationNotifierHandler.handle(InvocationNotifierHandler.java:34)
	at org.mockito.internal.creation.bytebuddy.MockMethodInterceptor.doIntercept(MockMethodInterceptor.java:82)
	at org.mockito.internal.creation.bytebuddy.MockMethodAdvice.handle(MockMethodAdvice.java:134)
	at de.tum.cit.aet.artemis.programming.service.jenkins.JenkinsService.configureBuildPlan(JenkinsService.java:138)
	at de.tum.cit.aet.artemis.exercise.service.ParticipationService.configureBuildPlan(ParticipationService.java:532)
	at de.tum.cit.aet.artemis.exercise.service.ParticipationService.startProgrammingParticipation(ParticipationService.java:298)
	at de.tum.cit.aet.artemis.exercise.service.ParticipationService.startProgrammingExercise(ParticipationService.java:265)
	at de.tum.cit.aet.artemis.exercise.service.ParticipationService.startExerciseWithInitializationDate(ParticipationService.java:192)
	at de.tum.cit.aet.artemis.exercise.service.ParticipationService.startExercise(ParticipationService.java:151)
	at de.tum.cit.aet.artemis.exam.service.StudentExamService.setUpExerciseParticipationsAndSubmissionsWithInitializationDate(StudentExamService.java:686)
	at de.tum.cit.aet.artemis.exam.service.StudentExamService.setUpExerciseParticipationsAndSubmissions(StudentExamService.java:800)
	at de.tum.cit.aet.artemis.exam.service.StudentExamService.lambda$startExercises$15(StudentExamService.java:735)
	at java.base/java.util.concurrent.CompletableFuture$AsyncRun.run(CompletableFuture.java:1804)
	at java.base/java.util.concurrent.ThreadPoolExecutor.runWorker(ThreadPoolExecutor.java:1144)
	at java.base/java.util.concurrent.ThreadPoolExecutor$Worker.run(ThreadPoolExecutor.java:642)
	at java.base/java.lang.Thread.run(Thread.java:1583)
    23:43:29.284 | 651 ol-3510-thread-1 | INFO  | d.t.c.a.a.e.s.StudentExamService     : SUCCESS: Start exercise for student exam 360 and exercise 1334 and student studexamstudent1
    23:43:29.285 | 370 ool-1-worker-134 | INFO  | d.t.c.a.a.e.web.StudentExamResource  : Generated 7 participations in 89.76ms for student exams of exam 822
    23:43:29.286 | 370 ool-1-worker-134 | DEBUG | d.t.c.a.a.c.s.f.ApiVersionFilter     : Adding Version to Request GET /api/courses/414/exams/822/student-exams/start-exercises/status
    23:43:29.292 | 370 ool-1-worker-134 | DEBUG | d.t.c.a.a.c.s.f.ApiVersionFilter     : Adding Version to Request GET /api/courses/414/exams/822/student-exams/360/conduction
    23:43:29.293 | 370 ool-1-worker-134 | DEBUG | d.t.c.a.a.e.web.StudentExamResource  : REST request to get the student exam of user studexamstudent1 for exam 822
    23:43:29.301 | 370 ool-1-worker-134 | DEBUG | d.t.c.a.a.e.s.ExamSessionService     : Exam session started
    23:43:29.302 | 370 ool-1-worker-134 | INFO  | d.t.c.a.a.e.web.StudentExamResource  : getStudentExamForConduction done in 9ms for 7 exercises for user studexamstudent1
    23:43:29.306 | 566 localvc.event-13 | DEBUG | s.l.LocalCIWebsocketMessagingService : Sending message on topic /topic/admin/queued-jobs: [BuildJobQueueItem[id=5121739576609302, name=SHORT3D739532080B804BC608BDA0F7816DDB4316TSTEXC-LOCALCIINTSTUDENT1, buildAgent=BuildAgentDTO[name=null, memberAddress=null, displayName=null], participationId=512, courseId=164, exerciseId=315, retryCount=0, priority=2, status=null, repositoryInfo=RepositoryInfo[repositoryName=short3d739532080b804bc608bda0f7816ddb4316tstexc-localciintstudent1, repositoryType=user, triggeredByPushTo=user, assignmentRepositoryUri=, testRepositoryUri=, solutionRepositoryUri=, auxiliaryRepositoryUris=null, auxiliaryRepositoryCheckoutDirectories=null], jobTimingInfo=JobTimingInfo[submissionDate=2025-02-14T23:43:29.302618463Z[Etc/UTC], buildStartDate=null, buildCompletionDate=null, estimatedCompletionDate=null, estimatedDuration=19], buildConfig=BuildConfig[buildScript=, dockerImage=, commitHashToBuild=71f54bdf5e0f9c98936e24a4638fd2ffcf966edd, assignmentCommitHash=, testCommitHash=, branch=, programmingLanguage=null, projectType=null, scaEnabled=false, sequentialTestRunsEnabled=false, resultPaths=null, timeoutSeconds=0, assignmentCheckoutPath=, testCheckoutPath=, solutionCheckoutPath=, dockerRunConfig=null], submissionResult=null]]
    23:43:29.306 | 566 localvc.event-13 | DEBUG | s.l.LocalCIWebsocketMessagingService : Sending message on topic /topic/courses/164/queued-jobs: [BuildJobQueueItem[id=5121739576609302, name=SHORT3D739532080B804BC608BDA0F7816DDB4316TSTEXC-LOCALCIINTSTUDENT1, buildAgent=BuildAgentDTO[name=null, memberAddress=null, displayName=null], participationId=512, courseId=164, exerciseId=315, retryCount=0, priority=2, status=null, repositoryInfo=RepositoryInfo[repositoryName=short3d739532080b804bc608bda0f7816ddb4316tstexc-localciintstudent1, repositoryType=user, triggeredByPushTo=user, assignmentRepositoryUri=, testRepositoryUri=, solutionRepositoryUri=, auxiliaryRepositoryUris=null, auxiliaryRepositoryCheckoutDirectories=null], jobTimingInfo=JobTimingInfo[submissionDate=2025-02-14T23:43:29.302618463Z[Etc/UTC], buildStartDate=null, buildCompletionDate=null, estimatedCompletionDate=null, estimatedDuration=19], buildConfig=BuildConfig[buildScript=, dockerImage=, commitHashToBuild=71f54bdf5e0f9c98936e24a4638fd2ffcf966edd, assignmentCommitHash=, testCommitHash=, branch=, programmingLanguage=null, projectType=null, scaEnabled=false, sequentialTestRunsEnabled=false, resultPaths=null, timeoutSeconds=0, assignmentCheckoutPath=, testCheckoutPath=, solutionCheckoutPath=, dockerRunConfig=null], submissionResult=null]]
    23:43:29.306 | 566 localvc.event-13 | DEBUG | a.a.b.s.SharedQueueProcessingService : CIBuildJobQueueItem added to queue: BuildJobQueueItem[id=5121739576609302, name=SHORT3D739532080B804BC608BDA0F7816DDB4316TSTEXC-LOCALCIINTSTUDENT1, buildAgent=BuildAgentDTO[name=null, memberAddress=null, displayName=null], participationId=512, courseId=164, exerciseId=315, retryCount=0, priority=2, status=null, repositoryInfo=RepositoryInfo[repositoryName=short3d739532080b804bc608bda0f7816ddb4316tstexc-localciintstudent1, repositoryType=user, triggeredByPushTo=user, assignmentRepositoryUri=http://localhost:49152/git/SHORT3D739532080B804BC608BDA0F7816DDB4316TSTEXC/short3d739532080b804bc608bda0f7816ddb4316tstexc-localciintstudent1.git, testRepositoryUri=http://localhost:49152/git/SHORT3D739532080B804BC608BDA0F7816DDB4316TSTEXC/short3d739532080b804bc608bda0f7816ddb4316tstexc-tests.git, solutionRepositoryUri=null, auxiliaryRepositoryUris=[Ljava.lang.String;@140bf6c, auxiliaryRepositoryCheckoutDirectories=[Ljava.lang.String;@18c46858], jobTimingInfo=JobTimingInfo[submissionDate=2025-02-14T23:43:29.302618463Z[Etc/UTC], buildStartDate=null, buildCompletionDate=null, estimatedCompletionDate=null, estimatedDuration=19], buildConfig=BuildConfig[buildScript=#!/bin/bash
cd /var/tmp/testing-dir
chmod +x ./gradlew
./gradlew clean test
, dockerImage=dummy-docker-image:latest, commitHashToBuild=71f54bdf5e0f9c98936e24a4638fd2ffcf966edd, assignmentCommitHash=71f54bdf5e0f9c98936e24a4638fd2ffcf966edd, testCommitHash=71f54bdf5e0f9c98936e24a4638fd2ffcf966edd, branch=main, programmingLanguage=JAVA, projectType=PLAIN_GRADLE, scaEnabled=false, sequentialTestRunsEnabled=false, resultPaths=[/var/tmp/testing-dir/**/test-results/test/*.xml], timeoutSeconds=0, assignmentCheckoutPath=null, testCheckoutPath=null, solutionCheckoutPath=null, dockerRunConfig=null], submissionResult=null]
    23:43:29.306 | 370 ool-1-worker-134 | DEBUG | d.t.c.a.a.c.s.f.ApiVersionFilter     : Adding Version to Request PUT /api/exercises/1324/text-submissions
    23:43:29.307 | 566 localvc.event-13 | DEBUG | a.a.b.s.SharedQueueProcessingService : Current queued items: 1
    23:43:29.307 | 566 localvc.event-13 | DEBUG | a.a.b.s.SharedQueueProcessingService : Currently processing jobs on this node: 0, active threads in Pool: 0, maximum pool size of thread executor : 1
    23:43:29.307 | 370 ool-1-worker-134 | DEBUG | d.t.c.a.a.t.w.TextSubmissionResource : REST request to update text submission: TextSubmission{id=745, text='New Text', language='null'}
    23:43:29.307 | 566 localvc.event-13 | DEBUG | a.a.b.s.SharedQueueProcessingService : Currently processing jobs on this node: 0, active threads in Pool: 0, maximum pool size of thread executor : 1
    23:43:29.308 | 568 localvc.event-15 | DEBUG | a.p.s.l.LocalCIQueueWebsocketService : CIBuildJobQueueItem added to processing jobs: BuildJobQueueItem[id=5121739576609302, name=SHORT3D739532080B804BC608BDA0F7816DDB4316TSTEXC-LOCALCIINTSTUDENT1, buildAgent=BuildAgentDTO[name=artemis-build-agent-test, memberAddress=[127.0.0.1]:5703, displayName=artemis-build-agent-test], participationId=512, courseId=164, exerciseId=315, retryCount=0, priority=2, status=null, repositoryInfo=RepositoryInfo[repositoryName=short3d739532080b804bc608bda0f7816ddb4316tstexc-localciintstudent1, repositoryType=user, triggeredByPushTo=user, assignmentRepositoryUri=http://localhost:49152/git/SHORT3D739532080B804BC608BDA0F7816DDB4316TSTEXC/short3d739532080b804bc608bda0f7816ddb4316tstexc-localciintstudent1.git, testRepositoryUri=http://localhost:49152/git/SHORT3D739532080B804BC608BDA0F7816DDB4316TSTEXC/short3d739532080b804bc608bda0f7816ddb4316tstexc-tests.git, solutionRepositoryUri=null, auxiliaryRepositoryUris=[Ljava.lang.String;@62d388db, auxiliaryRepositoryCheckoutDirectories=[Ljava.lang.String;@7252ace4], jobTimingInfo=JobTimingInfo[submissionDate=2025-02-14T23:43:29.302618463Z[Etc/UTC], buildStartDate=2025-02-14T23:43:29.307985701Z[Etc/UTC], buildCompletionDate=null, estimatedCompletionDate=2025-02-14T23:43:48.307979980Z[Etc/UTC], estimatedDuration=19], buildConfig=BuildConfig[buildScript=#!/bin/bash
cd /var/tmp/testing-dir
chmod +x ./gradlew
./gradlew clean test
, dockerImage=dummy-docker-image:latest, commitHashToBuild=71f54bdf5e0f9c98936e24a4638fd2ffcf966edd, assignmentCommitHash=71f54bdf5e0f9c98936e24a4638fd2ffcf966edd, testCommitHash=71f54bdf5e0f9c98936e24a4638fd2ffcf966edd, branch=main, programmingLanguage=JAVA, projectType=PLAIN_GRADLE, scaEnabled=false, sequentialTestRunsEnabled=false, resultPaths=[/var/tmp/testing-dir/**/test-results/test/*.xml], timeoutSeconds=0, assignmentCheckoutPath=null, testCheckoutPath=null, solutionCheckoutPath=null, dockerRunConfig=null], submissionResult=null]
    23:43:29.308 | 568 localvc.event-15 | DEBUG | s.l.LocalCIWebsocketMessagingService : Sending message on topic /topic/admin/running-jobs: [BuildJobQueueItem[id=5121739576609302, name=SHORT3D739532080B804BC608BDA0F7816DDB4316TSTEXC-LOCALCIINTSTUDENT1, buildAgent=BuildAgentDTO[name=artemis-build-agent-test, memberAddress=[127.0.0.1]:5703, displayName=artemis-build-agent-test], participationId=512, courseId=164, exerciseId=315, retryCount=0, priority=2, status=null, repositoryInfo=RepositoryInfo[repositoryName=short3d739532080b804bc608bda0f7816ddb4316tstexc-localciintstudent1, repositoryType=user, triggeredByPushTo=user, assignmentRepositoryUri=, testRepositoryUri=, solutionRepositoryUri=, auxiliaryRepositoryUris=null, auxiliaryRepositoryCheckoutDirectories=null], jobTimingInfo=JobTimingInfo[submissionDate=2025-02-14T23:43:29.302618463Z[Etc/UTC], buildStartDate=2025-02-14T23:43:29.307985701Z[Etc/UTC], buildCompletionDate=null, estimatedCompletionDate=2025-02-14T23:43:48.307979980Z[Etc/UTC], estimatedDuration=19], buildConfig=BuildConfig[buildScript=, dockerImage=, commitHashToBuild=71f54bdf5e0f9c98936e24a4638fd2ffcf966edd, assignmentCommitHash=, testCommitHash=, branch=, programmingLanguage=null, projectType=null, scaEnabled=false, sequentialTestRunsEnabled=false, resultPaths=null, timeoutSeconds=0, assignmentCheckoutPath=, testCheckoutPath=, solutionCheckoutPath=, dockerRunConfig=null], submissionResult=null]]
    23:43:29.309 | 568 localvc.event-15 | DEBUG | s.l.LocalCIWebsocketMessagingService : Sending message on topic /topic/courses/164/running-jobs: [BuildJobQueueItem[id=5121739576609302, name=SHORT3D739532080B804BC608BDA0F7816DDB4316TSTEXC-LOCALCIINTSTUDENT1, buildAgent=BuildAgentDTO[name=artemis-build-agent-test, memberAddress=[127.0.0.1]:5703, displayName=artemis-build-agent-test], participationId=512, courseId=164, exerciseId=315, retryCount=0, priority=2, status=null, repositoryInfo=RepositoryInfo[repositoryName=short3d739532080b804bc608bda0f7816ddb4316tstexc-localciintstudent1, repositoryType=user, triggeredByPushTo=user, assignmentRepositoryUri=, testRepositoryUri=, solutionRepositoryUri=, auxiliaryRepositoryUris=null, auxiliaryRepositoryCheckoutDirectories=null], jobTimingInfo=JobTimingInfo[submissionDate=2025-02-14T23:43:29.302618463Z[Etc/UTC], buildStartDate=2025-02-14T23:43:29.307985701Z[Etc/UTC], buildCompletionDate=null, estimatedCompletionDate=2025-02-14T23:43:48.307979980Z[Etc/UTC], estimatedDuration=19], buildConfig=BuildConfig[buildScript=, dockerImage=, commitHashToBuild=71f54bdf5e0f9c98936e24a4638fd2ffcf966edd, assignmentCommitHash=, testCommitHash=, branch=, programmingLanguage=null, projectType=null, scaEnabled=false, sequentialTestRunsEnabled=false, resultPaths=null, timeoutSeconds=0, assignmentCheckoutPath=, testCheckoutPath=, solutionCheckoutPath=, dockerRunConfig=null], submissionResult=null]]
    23:43:29.315 | 566 localvc.event-13 | INFO  | a.a.b.s.SharedQueueProcessingService : Processing build job: BuildJobQueueItem[id=5121739576609302, name=SHORT3D739532080B804BC608BDA0F7816DDB4316TSTEXC-LOCALCIINTSTUDENT1, buildAgent=BuildAgentDTO[name=artemis-build-agent-test, memberAddress=[127.0.0.1]:5703, displayName=artemis-build-agent-test], participationId=512, courseId=164, exerciseId=315, retryCount=0, priority=2, status=null, repositoryInfo=RepositoryInfo[repositoryName=short3d739532080b804bc608bda0f7816ddb4316tstexc-localciintstudent1, repositoryType=user, triggeredByPushTo=user, assignmentRepositoryUri=http://localhost:49152/git/SHORT3D739532080B804BC608BDA0F7816DDB4316TSTEXC/short3d739532080b804bc608bda0f7816ddb4316tstexc-localciintstudent1.git, testRepositoryUri=http://localhost:49152/git/SHORT3D739532080B804BC608BDA0F7816DDB4316TSTEXC/short3d739532080b804bc608bda0f7816ddb4316tstexc-tests.git, solutionRepositoryUri=null, auxiliaryRepositoryUris=[Ljava.lang.String;@1bcc2551, auxiliaryRepositoryCheckoutDirectories=[Ljava.lang.String;@7fdd06f7], jobTimingInfo=JobTimingInfo[submissionDate=2025-02-14T23:43:29.302618463Z[Etc/UTC], buildStartDate=2025-02-14T23:43:29.307985701Z[Etc/UTC], buildCompletionDate=null, estimatedCompletionDate=2025-02-14T23:43:48.307979980Z[Etc/UTC], estimatedDuration=19], buildConfig=BuildConfig[buildScript=#!/bin/bash
cd /var/tmp/testing-dir
chmod +x ./gradlew
./gradlew clean test
, dockerImage=dummy-docker-image:latest, commitHashToBuild=71f54bdf5e0f9c98936e24a4638fd2ffcf966edd, assignmentCommitHash=71f54bdf5e0f9c98936e24a4638fd2ffcf966edd, testCommitHash=71f54bdf5e0f9c98936e24a4638fd2ffcf966edd, branch=main, programmingLanguage=JAVA, projectType=PLAIN_GRADLE, scaEnabled=false, sequentialTestRunsEnabled=false, resultPaths=[/var/tmp/testing-dir/**/test-results/test/*.xml], timeoutSeconds=0, assignmentCheckoutPath=null, testCheckoutPath=null, solutionCheckoutPath=null, dockerRunConfig=null], submissionResult=null]
    23:43:29.318 | 370 ool-1-worker-134 | INFO  | d.t.c.a.a.t.w.TextSubmissionResource : handleTextSubmission took 11ms for exercise 1324 and user studexamstudent1
    23:43:29.321 | 370 ool-1-worker-134 | DEBUG | d.t.c.a.a.c.s.f.ApiVersionFilter     : Adding Version to Request PUT /api/exercises/1326/submissions/exam
    23:43:29.323 | 370 ool-1-worker-134 | DEBUG | d.t.c.a.a.q.w.QuizSubmissionResource : REST request to submit QuizSubmission for exam : QuizSubmission{id=746, scoreInPoints='null'}
    23:43:29.336 | 370 ool-1-worker-134 | DEBUG | .a.q.s.AbstractQuizSubmissionService : submit exam quiz finished: QuizSubmission{id=746, scoreInPoints='null'}
    23:43:29.336 | 370 ool-1-worker-134 | INFO  | d.t.c.a.a.q.w.QuizSubmissionResource : submitQuizForExam took 13ms for exercise 1326 and user studexamstudent1
    23:43:29.346 | 370 ool-1-worker-134 | DEBUG | d.t.c.a.a.c.s.f.ApiVersionFilter     : Adding Version to Request PUT /api/exercises/1331/modeling-submissions
    23:43:29.360 | 370 ool-1-worker-134 | INFO  | c.a.a.m.w.ModelingSubmissionResource : save took 13ms for exercise 1331 and user studexamstudent1
    23:43:29.363 | 370 ool-1-worker-134 | DEBUG | d.t.c.a.a.c.s.f.ApiVersionFilter     : Adding Version to Request PUT /api/exercises/1332/text-submissions
    23:43:29.363 | 370 ool-1-worker-134 | DEBUG | d.t.c.a.a.t.w.TextSubmissionResource : REST request to update text submission: TextSubmission{id=749, text='New Text', language='null'}
    23:43:29.376 | 370 ool-1-worker-134 | INFO  | d.t.c.a.a.t.w.TextSubmissionResource : handleTextSubmission took 13ms for exercise 1332 and user studexamstudent1
    23:43:29.378 | 370 ool-1-worker-134 | DEBUG | d.t.c.a.a.c.s.f.ApiVersionFilter     : Adding Version to Request PUT /api/exercises/1333/text-submissions
    23:43:29.378 | 370 ool-1-worker-134 | DEBUG | d.t.c.a.a.t.w.TextSubmissionResource : REST request to update text submission: TextSubmission{id=750, text='New Text', language='null'}
    23:43:29.392 | 370 ool-1-worker-134 | INFO  | d.t.c.a.a.t.w.TextSubmissionResource : handleTextSubmission took 14ms for exercise 1333 and user studexamstudent1
    23:43:29.395 | 370 ool-1-worker-134 | DEBUG | d.t.c.a.a.c.s.f.ApiVersionFilter     : Adding Version to Request POST /api/programming-submissions/1069/trigger-build
    23:43:29.405 | 370 ool-1-worker-134 | DEBUG | d.t.c.a.a.c.s.f.ApiVersionFilter     : Adding Version to Request POST /api/courses/414/exams/822/student-exams/submit
    23:43:29.407 | 370 ool-1-worker-134 | DEBUG | d.t.c.a.a.e.web.StudentExamResource  : REST request to mark the studentExam as submitted : 360
    23:43:29.410 | 370 ool-1-worker-134 | DEBUG | d.t.c.a.a.e.web.StudentExamResource  : Completed input validation for submitStudentExam in 3.21ms
    23:43:29.410 | 370 ool-1-worker-134 | DEBUG | d.t.c.a.a.e.s.StudentExamService     : Submit student exam with id 360
    23:43:29.413 | 370 ool-1-worker-134 | DEBUG | d.t.c.a.a.e.s.StudentExamService     :     Set student exam to submitted in 2.84ms
    23:43:29.416 | 370 ool-1-worker-134 | DEBUG | d.t.c.a.a.e.s.StudentExamService     :     Potentially save submissions in 3.30ms
    23:43:29.416 | 370 ool-1-worker-134 | DEBUG | d.t.c.a.a.e.s.StudentExamService     :     Lock student repositories in 25µs
    23:43:29.416 | 370 ool-1-worker-134 | INFO  | d.t.c.a.a.e.web.StudentExamResource  : Completed submitStudentExam with 7 exercises for user studexamstudent1 in a total time of 9.53ms
    23:43:29.418 | 370 ool-1-worker-134 | DEBUG | d.t.c.a.a.c.s.f.ApiVersionFilter     : Adding Version to Request GET /api/courses/414/exams/822/student-exams/360/summary
    23:43:29.419 | 370 ool-1-worker-134 | DEBUG | d.t.c.a.a.e.web.StudentExamResource  : REST request to get the student exam of user studexamstudent1 for exam 822
    23:43:29.425 | 370 ool-1-worker-134 | INFO  | d.t.c.a.a.e.web.StudentExamResource  : getStudentExamForSummary done in 6ms for 7 exercises for user studexamstudent1
    23:43:29.436 | 370 ool-1-worker-134 | DEBUG | .c.s.m.InstanceMessageReceiveService : Received schedule participant score for exercise 1324 and participant 671 (result to be deleted: null)
    23:43:29.436 | 370 ool-1-worker-134 | DEBUG | .a.s.ParticipantScoreScheduleService : Scheduled task for exercise 1324 and participant 671 at 2025-02-14T23:43:29.536865962Z[Etc/UTC].
    23:43:29.448 | 370 ool-1-worker-134 | DEBUG | .c.s.m.InstanceMessageReceiveService : Received schedule participant score for exercise 1324 and participant 671 (result to be deleted: null)
    23:43:29.448 | 370 ool-1-worker-134 | DEBUG | .a.s.ParticipantScoreScheduleService : Scheduled task for exercise 1324 and participant 671 at 2025-02-14T23:43:29.548840622Z[Etc/UTC].
    23:43:29.450 | 370 ool-1-worker-134 | DEBUG | .c.s.m.InstanceMessageReceiveService : Received schedule participant score for exercise 1328 and participant 671 (result to be deleted: null)
    23:43:29.450 | 370 ool-1-worker-134 | DEBUG | .a.s.ParticipantScoreScheduleService : Scheduled task for exercise 1328 and participant 671 at 2025-02-14T23:43:29.550881258Z[Etc/UTC].
    23:43:29.459 | 370 ool-1-worker-134 | DEBUG | .c.s.m.InstanceMessageReceiveService : Received schedule participant score for exercise 1328 and participant 671 (result to be deleted: null)
    23:43:29.459 | 370 ool-1-worker-134 | DEBUG | .a.s.ParticipantScoreScheduleService : Scheduled task for exercise 1328 and participant 671 at 2025-02-14T23:43:29.559443084Z[Etc/UTC].
    23:43:29.460 | 370 ool-1-worker-134 | DEBUG | .c.s.m.InstanceMessageReceiveService : Received schedule participant score for exercise 1331 and participant 671 (result to be deleted: null)
    23:43:29.460 | 370 ool-1-worker-134 | DEBUG | .a.s.ParticipantScoreScheduleService : Scheduled task for exercise 1331 and participant 671 at 2025-02-14T23:43:29.560460231Z[Etc/UTC].
    23:43:29.466 | 370 ool-1-worker-134 | DEBUG | .c.s.m.InstanceMessageReceiveService : Received schedule participant score for exercise 1331 and participant 671 (result to be deleted: null)
    23:43:29.466 | 370 ool-1-worker-134 | DEBUG | .a.s.ParticipantScoreScheduleService : Scheduled task for exercise 1331 and participant 671 at 2025-02-14T23:43:29.566961385Z[Etc/UTC].
    23:43:29.468 | 370 ool-1-worker-134 | DEBUG | .c.s.m.InstanceMessageReceiveService : Received schedule participant score for exercise 1332 and participant 671 (result to be deleted: null)
    23:43:29.468 | 370 ool-1-worker-134 | DEBUG | .a.s.ParticipantScoreScheduleService : Scheduled task for exercise 1332 and participant 671 at 2025-02-14T23:43:29.568190858Z[Etc/UTC].
    23:43:29.473 | 370 ool-1-worker-134 | DEBUG | .c.s.m.InstanceMessageReceiveService : Received schedule participant score for exercise 1332 and participant 671 (result to be deleted: null)
    23:43:29.473 | 370 ool-1-worker-134 | DEBUG | .a.s.ParticipantScoreScheduleService : Scheduled task for exercise 1332 and participant 671 at 2025-02-14T23:43:29.573773448Z[Etc/UTC].
    23:43:29.474 | 370 ool-1-worker-134 | DEBUG | .c.s.m.InstanceMessageReceiveService : Received schedule participant score for exercise 1333 and participant 671 (result to be deleted: null)
    23:43:29.474 | 370 ool-1-worker-134 | DEBUG | .a.s.ParticipantScoreScheduleService : Scheduled task for exercise 1333 and participant 671 at 2025-02-14T23:43:29.574455069Z[Etc/UTC].
    23:43:29.479 | 370 ool-1-worker-134 | DEBUG | .c.s.m.InstanceMessageReceiveService : Received schedule participant score for exercise 1333 and participant 671 (result to be deleted: null)
    23:43:29.479 | 370 ool-1-worker-134 | DEBUG | .a.s.ParticipantScoreScheduleService : Scheduled task for exercise 1333 and participant 671 at 2025-02-14T23:43:29.579134055Z[Etc/UTC].
    23:43:29.479 | 370 ool-1-worker-134 | DEBUG | .c.s.m.InstanceMessageReceiveService : Received schedule participant score for exercise 1334 and participant 671 (result to be deleted: null)
    23:43:29.479 | 370 ool-1-worker-134 | DEBUG | .a.s.ParticipantScoreScheduleService : Scheduled task for exercise 1334 and participant 671 at 2025-02-14T23:43:29.579818812Z[Etc/UTC].
    23:43:29.484 | 370 ool-1-worker-134 | DEBUG | .c.s.m.InstanceMessageReceiveService : Received schedule participant score for exercise 1334 and participant 671 (result to be deleted: null)
    23:43:29.484 | 370 ool-1-worker-134 | DEBUG | .a.s.ParticipantScoreScheduleService : Scheduled task for exercise 1334 and participant 671 at 2025-02-14T23:43:29.584690336Z[Etc/UTC].
    23:43:29.488 | 370 ool-1-worker-134 | DEBUG | d.t.c.a.a.c.s.f.ApiVersionFilter     : Adding Version to Request POST /api/courses/414/exams/822/student-exams/evaluate-quiz-exercises
    23:43:29.489 | 370 ool-1-worker-134 | INFO  | d.t.c.a.a.exam.web.ExamResource      : REST request to evaluate quiz exercises of exam 822
    23:43:29.493 | 370 ool-1-worker-134 | DEBUG | d.t.c.a.a.exam.service.ExamService   : Evaluating 2 quiz exercises in exam 822
    23:43:29.493 | 370 ool-1-worker-134 | INFO  | d.t.c.a.a.q.s.QuizResultService      : Starting quiz evaluation for quiz 1326
    23:43:29.508 | 370 ool-1-worker-134 | DEBUG | .c.s.m.InstanceMessageReceiveService : Received schedule participant score for exercise 1326 and participant 671 (result to be deleted: null)
    23:43:29.508 | 370 ool-1-worker-134 | DEBUG | .a.s.ParticipantScoreScheduleService : Scheduled task for exercise 1326 and participant 671 at 2025-02-14T23:43:29.608148953Z[Etc/UTC].
    23:43:29.529 | 370 ool-1-worker-134 | DEBUG | .c.s.m.InstanceMessageReceiveService : Received schedule participant score for exercise 1326 and participant 671 (result to be deleted: null)
    23:43:29.529 | 370 ool-1-worker-134 | DEBUG | .a.s.ParticipantScoreScheduleService : Scheduled task for exercise 1326 and participant 671 at 2025-02-14T23:43:29.629417255Z[Etc/UTC].
    23:43:29.529 | 370 ool-1-worker-134 | INFO  | d.t.c.a.a.q.s.QuizResultService      : Quiz evaluation for quiz 1326 finished after 36.20ms with 1 created results
    23:43:29.529 | 370 ool-1-worker-134 | DEBUG | d.t.c.a.a.q.s.QuizStatisticService   : update statistics with 1 new results
    23:43:29.533 | 370 ool-1-worker-134 | INFO  | d.t.c.a.a.q.s.QuizResultService      : Statistic update for quiz 1326 finished after 39.53ms
    23:43:29.533 | 370 ool-1-worker-134 | INFO  | d.t.c.a.a.q.s.QuizResultService      : Starting quiz evaluation for quiz 1327
    23:43:29.536 | 370 ool-1-worker-134 | INFO  | d.t.c.a.a.q.s.QuizResultService      : Quiz evaluation for quiz 1327 finished after 3.37ms with 0 created results
    23:43:29.536 | 370 ool-1-worker-134 | DEBUG | d.t.c.a.a.q.s.QuizStatisticService   : update statistics with 0 new results
    23:43:29.537 | 370 ool-1-worker-134 | INFO  | d.t.c.a.a.q.s.QuizResultService      : Statistic update for quiz 1327 finished after 4.38ms
    23:43:29.537 | 370 ool-1-worker-134 | DEBUG | d.t.c.a.a.exam.service.ExamService   : Evaluated 2 quiz exercises in exam 822 in 43.97ms
    23:43:29.537 | 370 ool-1-worker-134 | INFO  | d.t.c.a.a.exam.web.ExamResource      : Evaluated 2 quiz exercises of exam 822
    23:43:29.540 | 370 ool-1-worker-134 | DEBUG | d.t.c.a.a.c.s.f.ApiVersionFilter     : Adding Version to Request GET /api/courses/414/exams/822/student-exams/360/conduction
    23:43:29.541 | 370 ool-1-worker-134 | DEBUG | d.t.c.a.a.e.web.StudentExamResource  : REST request to get the student exam of user studexamstudent1 for exam 822
    23:43:29.548 | 370 ool-1-worker-134 | DEBUG | d.t.c.a.a.e.s.ExamSessionService     : Exam session started
    23:43:29.548 | 328 taskScheduler-3  | DEBUG | .a.s.ParticipantScoreScheduleService : Processing exercise 1324 and participant 671 to update participant scores.
    23:43:29.549 | 370 ool-1-worker-134 | INFO  | d.t.c.a.a.e.web.StudentExamResource  : getStudentExamForConduction done in 9ms for 7 exercises for user studexamstudent1
    23:43:29.552 | 328 taskScheduler-3  | DEBUG | .a.s.ParticipantScoreScheduleService : Updating the participant score for exercise 1324 and participant 671 took 4 ms.
    23:43:29.558 | 370 ool-1-worker-134 | DEBUG | d.t.c.a.a.c.s.f.ApiVersionFilter     : Adding Version to Request DELETE /api/courses/411/exams/817
    23:43:29.558 | 370 ool-1-worker-134 | INFO  | d.t.c.a.a.exam.web.ExamResource      : REST request to delete exam : 817
    23:43:29.559 | 327 taskScheduler-2  | DEBUG | .a.s.ParticipantScoreScheduleService : Processing exercise 1328 and participant 671 to update participant scores.
    23:43:29.562 | 370 ool-1-worker-134 | INFO  | d.t.c.a.a.e.s.ExamDeletionService    : User studexaminstructor1 has requested to delete the exam Real exam 1
    23:43:29.565 | 327 taskScheduler-2  | DEBUG | .a.s.ParticipantScoreScheduleService : Updating the participant score for exercise 1328 and participant 671 took 6 ms.
    23:43:29.567 | 326 taskScheduler-1  | DEBUG | .a.s.ParticipantScoreScheduleService : Processing exercise 1331 and participant 671 to update participant scores.
    23:43:29.569 | 370 ool-1-worker-134 | INFO  | .c.a.a.c.s.TitleCacheEvictionService : Evicted entry '817' from title cache 'examTitle'
    23:43:29.573 | 328 taskScheduler-3  | DEBUG | .a.s.ParticipantScoreScheduleService : Processing exercise 1332 and participant 671 to update participant scores.
    23:43:29.579 | 326 taskScheduler-1  | DEBUG | .a.s.ParticipantScoreScheduleService : Updating the participant score for exercise 1331 and participant 671 took 12 ms.
    23:43:29.579 | 326 taskScheduler-1  | DEBUG | .a.s.ParticipantScoreScheduleService : Processing exercise 1333 and participant 671 to update participant scores.
    23:43:29.582 | 328 taskScheduler-3  | DEBUG | .a.s.ParticipantScoreScheduleService : Updating the participant score for exercise 1332 and participant 671 took 9 ms.
    23:43:29.588 | 326 taskScheduler-1  | DEBUG | .a.s.ParticipantScoreScheduleService : Updating the participant score for exercise 1333 and participant 671 took 9 ms.
    23:43:29.588 | 326 taskScheduler-1  | DEBUG | .a.s.ParticipantScoreScheduleService : Processing exercise 1334 and participant 671 to update participant scores.

  Starting logs for StudentExamIntegrationTest > testGradedStudentExamSummaryWithGradingScaleAsStudentAfterPublishResultsWithOwnUserId()
    23:43:29.603 | 370 ool-1-worker-134 | DEBUG | d.t.c.a.a.c.u.util.UserUtilService   : Generate 2 students...
    23:43:29.604 | 326 taskScheduler-1  | DEBUG | .a.s.ParticipantScoreScheduleService : Updating the participant score for exercise 1334 and participant 671 took 16 ms.
    23:43:29.607 | 370 ool-1-worker-134 | DEBUG | d.t.c.a.a.c.u.util.UserUtilService   : 2 students generated. Generate 1 tutors...
    23:43:29.609 | 370 ool-1-worker-134 | DEBUG | d.t.c.a.a.c.u.util.UserUtilService   : 1 tutors generated. Generate 0 editors...
    23:43:29.611 | 370 ool-1-worker-134 | DEBUG | d.t.c.a.a.c.u.util.UserUtilService   : 0 editors generated. Generate 2 instructors...
    23:43:29.614 | 370 ool-1-worker-134 | DEBUG | d.t.c.a.a.c.u.util.UserUtilService   : 2 instructors generated
    23:43:29.616 | 370 ool-1-worker-134 | DEBUG | d.t.c.a.a.c.u.util.UserUtilService   : Removing 5 users from all courses...
    23:43:29.617 | 370 ool-1-worker-134 | DEBUG | d.t.c.a.a.c.u.util.UserUtilService   : Removing 5 users from all courses. Done
    23:43:29.617 | 370 ool-1-worker-134 | DEBUG | d.t.c.a.a.c.u.util.UserUtilService   : Save 5 users to database...
    23:43:29.632 | 370 ool-1-worker-134 | DEBUG | d.t.c.a.a.c.u.util.UserUtilService   : Save 5 users to database. Done
    23:43:29.763 | 370 ool-1-worker-134 | INFO  | i.z.t.d.l.EmbeddedDatabaseReporter   : JDBC URL to connect to 'dataSource': url='jdbc:h2:tcp://localhost:41063/mem:736625c0-cf5e-400d-aeaa-8a7eabd6262b;USER=sa', scope='StudentExamIntegrationTest#testGradedStudentExamSummaryWithGradingScaleAsStudentAfterPublishResultsWithOwnUserId'
    23:43:29.805 | 370 ool-1-worker-134 | DEBUG | d.t.c.a.a.c.s.f.ApiVersionFilter     : Adding Version to Request POST /api/courses/418/exams/828/generate-student-exams
    23:43:29.805 | 370 ool-1-worker-134 | INFO  | d.t.c.a.a.exam.web.ExamResource      : REST request to generate student exams for exam 828
    23:43:29.812 | 370 ool-1-worker-134 | INFO  | d.t.c.a.a.e.s.ExamDeletionService    : User studexaminstructor1 has requested to delete existing student exams and participations for exam Real exam 1
    23:43:29.812 | 370 ool-1-worker-134 | INFO  | d.t.c.a.a.e.s.ParticipationService   : Request to delete all 0 participations of exercise with id : 1345
    23:43:29.814 | 370 ool-1-worker-134 | INFO  | d.t.c.a.a.e.s.ParticipationService   : Request to delete all 0 participations of exercise with id : 1346
    23:43:29.815 | 370 ool-1-worker-134 | INFO  | d.t.c.a.a.e.s.ParticipationService   : Request to delete all 0 participations of exercise with id : 1347
    23:43:29.816 | 370 ool-1-worker-134 | INFO  | d.t.c.a.a.e.s.ParticipationService   : Request to delete all 0 participations of exercise with id : 1348
    23:43:29.817 | 370 ool-1-worker-134 | INFO  | d.t.c.a.a.e.s.ParticipationService   : Request to delete all 0 participations of exercise with id : 1349
    23:43:29.818 | 370 ool-1-worker-134 | INFO  | d.t.c.a.a.e.s.ParticipationService   : Request to delete all 0 participations of exercise with id : 1350
    23:43:29.820 | 370 ool-1-worker-134 | INFO  | d.t.c.a.a.e.s.ParticipationService   : Request to delete all 0 participations of exercise with id : 1351
    23:43:29.821 | 370 ool-1-worker-134 | INFO  | d.t.c.a.a.e.s.ParticipationService   : Request to delete all 0 participations of exercise with id : 1352
    23:43:29.822 | 370 ool-1-worker-134 | INFO  | d.t.c.a.a.e.s.ParticipationService   : Request to delete all 0 participations of exercise with id : 1353
    23:43:29.823 | 370 ool-1-worker-134 | INFO  | d.t.c.a.a.e.s.ParticipationService   : Request to delete all 0 participations of exercise with id : 1354
    23:43:29.824 | 370 ool-1-worker-134 | INFO  | d.t.c.a.a.e.s.ParticipationService   : Request to delete all 0 participations of exercise with id : 1355
    23:43:29.827 | 370 ool-1-worker-134 | INFO  | d.t.c.a.a.exam.web.ExamResource      : Generated 1 student exams in 21.39ms for exam 828
    23:43:29.849 | 370 ool-1-worker-134 | DEBUG | d.t.c.a.a.c.s.f.ApiVersionFilter     : Adding Version to Request POST /api/courses/418/exams/828/student-exams/start-exercises
    23:43:29.855 | 370 ool-1-worker-134 | DEBUG | d.t.c.a.a.exam.service.ExamService   : Finished combination of template commits for programming exercise ProgrammingExercise{id=1355, templateRepositoryUri='https://version-control.fake.fake/git/SHORTB9929E730FF13040E10BE660C7A22CF6678CT320/shortb9929e730ff13040e10be660c7a22cf6678ct320-exercise.git', solutionRepositoryUri='https://version-control.fake.fake/git/SHORTB9929E730FF13040E10BE660C7A22CF6678CT320/shortb9929e730ff13040e10be660c7a22cf6678ct320-solution.git', templateBuildPlanId='SHORTB9929E730FF13040E10BE660C7A22CF6678CT320-BASE', solutionBuildPlanId='SHORTB9929E730FF13040E10BE660C7A22CF6678CT320-SOLUTION', allowOnlineEditor='null', allowOnlineIde='false', programmingLanguage='JAVA', packageName='de.test'', testCasesChanged='false'}
    23:43:29.855 | 370 ool-1-worker-134 | INFO  | d.t.c.a.a.e.web.StudentExamResource  : REST request to start exercises for student exams of exam 828
    23:43:29.864 | 674 ol-3678-thread-1 | INFO  | d.t.c.a.a.e.s.StudentExamService     : SUCCESS: Start exercise for student exam 366 and exercise 1346 and student studexamstudent1
    23:43:29.872 | 674 ol-3678-thread-1 | INFO  | d.t.c.a.a.e.s.StudentExamService     : SUCCESS: Start exercise for student exam 366 and exercise 1348 and student studexamstudent1
    23:43:29.877 | 674 ol-3678-thread-1 | INFO  | d.t.c.a.a.e.s.StudentExamService     : SUCCESS: Start exercise for student exam 366 and exercise 1349 and student studexamstudent1
    23:43:29.881 | 674 ol-3678-thread-1 | INFO  | d.t.c.a.a.e.s.StudentExamService     : SUCCESS: Start exercise for student exam 366 and exercise 1352 and student studexamstudent1
    23:43:29.886 | 674 ol-3678-thread-1 | INFO  | d.t.c.a.a.e.s.StudentExamService     : SUCCESS: Start exercise for student exam 366 and exercise 1353 and student studexamstudent1
    23:43:29.891 | 674 ol-3678-thread-1 | INFO  | d.t.c.a.a.e.s.StudentExamService     : SUCCESS: Start exercise for student exam 366 and exercise 1354 and student studexamstudent1
    23:43:29.894 | 674 ol-3678-thread-1 | DEBUG | d.t.c.a.a.p.service.GitService       : Cloning from file:/tmp/exerciseOriginRepo3476267769852914143/ to repos/server-integration-test/studentOriginRepo4747449799396827136
    23:43:29.908 | 674 ol-3678-thread-1 | ERROR | .a.a.p.s.j.b.JenkinsBuildPlanService : Pipeline Script not found
java.lang.IllegalArgumentException: Pipeline Script not found
	at de.tum.cit.aet.artemis.programming.service.jenkins.build_plan.JenkinsBuildPlanUtils.replaceScriptParameters(JenkinsBuildPlanUtils.java:22)
	at de.tum.cit.aet.artemis.programming.service.jenkins.build_plan.JenkinsBuildPlanService.updateBuildPlanURLs(JenkinsBuildPlanService.java:245)
	at de.tum.cit.aet.artemis.programming.service.jenkins.build_plan.JenkinsBuildPlanService.copyBuildPlan(JenkinsBuildPlanService.java:293)
	at de.tum.cit.aet.artemis.programming.service.jenkins.JenkinsService.copyBuildPlan(JenkinsService.java:128)
	at java.base/java.lang.invoke.MethodHandle.invokeWithArguments(MethodHandle.java:733)
	at org.mockito.internal.util.reflection.InstrumentationMemberAccessor$Dispatcher$ByteBuddy$oog9jsgw.invokeWithArguments(Unknown Source)
	at org.mockito.internal.util.reflection.InstrumentationMemberAccessor.invoke(InstrumentationMemberAccessor.java:251)
	at org.mockito.internal.util.reflection.ModuleMemberAccessor.invoke(ModuleMemberAccessor.java:55)
	at org.mockito.internal.creation.bytebuddy.MockMethodAdvice.tryInvoke(MockMethodAdvice.java:314)
	at org.mockito.internal.creation.bytebuddy.MockMethodAdvice$RealMethodCall.invoke(MockMethodAdvice.java:234)
	at org.mockito.internal.invocation.InterceptedInvocation.callRealMethod(InterceptedInvocation.java:142)
	at org.mockito.internal.stubbing.answers.CallsRealMethods.answer(CallsRealMethods.java:45)
	at org.mockito.Answers.answer(Answers.java:90)
	at org.mockito.internal.handler.MockHandlerImpl.handle(MockHandlerImpl.java:111)
	at org.mockito.internal.handler.NullResultGuardian.handle(NullResultGuardian.java:29)
	at org.mockito.internal.handler.InvocationNotifierHandler.handle(InvocationNotifierHandler.java:34)
	at org.mockito.internal.creation.bytebuddy.MockMethodInterceptor.doIntercept(MockMethodInterceptor.java:82)
	at org.mockito.internal.creation.bytebuddy.MockMethodAdvice.handle(MockMethodAdvice.java:134)
	at de.tum.cit.aet.artemis.programming.service.jenkins.JenkinsService.copyBuildPlan(JenkinsService.java:126)
	at de.tum.cit.aet.artemis.exercise.service.ParticipationService.copyBuildPlan(ParticipationService.java:518)
	at de.tum.cit.aet.artemis.exercise.service.ParticipationService.startProgrammingParticipation(ParticipationService.java:296)
	at de.tum.cit.aet.artemis.exercise.service.ParticipationService.startProgrammingExercise(ParticipationService.java:265)
	at de.tum.cit.aet.artemis.exercise.service.ParticipationService.startExerciseWithInitializationDate(ParticipationService.java:192)
	at de.tum.cit.aet.artemis.exercise.service.ParticipationService.startExercise(ParticipationService.java:151)
	at de.tum.cit.aet.artemis.exam.service.StudentExamService.setUpExerciseParticipationsAndSubmissionsWithInitializationDate(StudentExamService.java:686)
	at de.tum.cit.aet.artemis.exam.service.StudentExamService.setUpExerciseParticipationsAndSubmissions(StudentExamService.java:800)
	at de.tum.cit.aet.artemis.exam.service.StudentExamService.lambda$startExercises$15(StudentExamService.java:735)
	at java.base/java.util.concurrent.CompletableFuture$AsyncRun.run(CompletableFuture.java:1804)
	at java.base/java.util.concurrent.ThreadPoolExecutor.runWorker(ThreadPoolExecutor.java:1144)
	at java.base/java.util.concurrent.ThreadPoolExecutor$Worker.run(ThreadPoolExecutor.java:642)
	at java.base/java.lang.Thread.run(Thread.java:1583)
    23:43:29.912 | 674 ol-3678-thread-1 | ERROR | .a.a.p.s.j.b.JenkinsBuildPlanService : Pipeline Script not found
java.lang.IllegalArgumentException: Pipeline Script not found
	at de.tum.cit.aet.artemis.programming.service.jenkins.build_plan.JenkinsBuildPlanUtils.replaceScriptParameters(JenkinsBuildPlanUtils.java:29)
	at de.tum.cit.aet.artemis.programming.service.jenkins.build_plan.JenkinsBuildPlanService.updateBuildPlanRepositories(JenkinsBuildPlanService.java:219)
	at de.tum.cit.aet.artemis.programming.service.jenkins.build_plan.JenkinsBuildPlanService.configureBuildPlanForParticipation(JenkinsBuildPlanService.java:196)
	at de.tum.cit.aet.artemis.programming.service.jenkins.JenkinsService.configureBuildPlan(JenkinsService.java:138)
	at java.base/java.lang.invoke.MethodHandle.invokeWithArguments(MethodHandle.java:733)
	at org.mockito.internal.util.reflection.InstrumentationMemberAccessor$Dispatcher$ByteBuddy$oog9jsgw.invokeWithArguments(Unknown Source)
	at org.mockito.internal.util.reflection.InstrumentationMemberAccessor.invoke(InstrumentationMemberAccessor.java:251)
	at org.mockito.internal.util.reflection.ModuleMemberAccessor.invoke(ModuleMemberAccessor.java:55)
	at org.mockito.internal.creation.bytebuddy.MockMethodAdvice.tryInvoke(MockMethodAdvice.java:314)
	at org.mockito.internal.creation.bytebuddy.MockMethodAdvice$RealMethodCall.invoke(MockMethodAdvice.java:234)
	at org.mockito.internal.invocation.InterceptedInvocation.callRealMethod(InterceptedInvocation.java:142)
	at org.mockito.internal.stubbing.answers.CallsRealMethods.answer(CallsRealMethods.java:45)
	at org.mockito.Answers.answer(Answers.java:90)
	at org.mockito.internal.handler.MockHandlerImpl.handle(MockHandlerImpl.java:111)
	at org.mockito.internal.handler.NullResultGuardian.handle(NullResultGuardian.java:29)
	at org.mockito.internal.handler.InvocationNotifierHandler.handle(InvocationNotifierHandler.java:34)
	at org.mockito.internal.creation.bytebuddy.MockMethodInterceptor.doIntercept(MockMethodInterceptor.java:82)
	at org.mockito.internal.creation.bytebuddy.MockMethodAdvice.handle(MockMethodAdvice.java:134)
	at de.tum.cit.aet.artemis.programming.service.jenkins.JenkinsService.configureBuildPlan(JenkinsService.java:138)
	at de.tum.cit.aet.artemis.exercise.service.ParticipationService.configureBuildPlan(ParticipationService.java:532)
	at de.tum.cit.aet.artemis.exercise.service.ParticipationService.startProgrammingParticipation(ParticipationService.java:298)
	at de.tum.cit.aet.artemis.exercise.service.ParticipationService.startProgrammingExercise(ParticipationService.java:265)
	at de.tum.cit.aet.artemis.exercise.service.ParticipationService.startExerciseWithInitializationDate(ParticipationService.java:192)
	at de.tum.cit.aet.artemis.exercise.service.ParticipationService.startExercise(ParticipationService.java:151)
	at de.tum.cit.aet.artemis.exam.service.StudentExamService.setUpExerciseParticipationsAndSubmissionsWithInitializationDate(StudentExamService.java:686)
	at de.tum.cit.aet.artemis.exam.service.StudentExamService.setUpExerciseParticipationsAndSubmissions(StudentExamService.java:800)
	at de.tum.cit.aet.artemis.exam.service.StudentExamService.lambda$startExercises$15(StudentExamService.java:735)
	at java.base/java.util.concurrent.CompletableFuture$AsyncRun.run(CompletableFuture.java:1804)
	at java.base/java.util.concurrent.ThreadPoolExecutor.runWorker(ThreadPoolExecutor.java:1144)
	at java.base/java.util.concurrent.ThreadPoolExecutor$Worker.run(ThreadPoolExecutor.java:642)
	at java.base/java.lang.Thread.run(Thread.java:1583)
    23:43:29.917 | 674 ol-3678-thread-1 | INFO  | d.t.c.a.a.e.s.StudentExamService     : SUCCESS: Start exercise for student exam 366 and exercise 1355 and student studexamstudent1
    23:43:29.918 | 370 ool-1-worker-134 | INFO  | d.t.c.a.a.e.web.StudentExamResource  : Generated 7 participations in 69.06ms for student exams of exam 828
    23:43:29.920 | 370 ool-1-worker-134 | DEBUG | d.t.c.a.a.c.s.f.ApiVersionFilter     : Adding Version to Request GET /api/courses/418/exams/828/student-exams/start-exercises/status
    23:43:29.925 | 370 ool-1-worker-134 | DEBUG | d.t.c.a.a.c.s.f.ApiVersionFilter     : Adding Version to Request GET /api/courses/418/exams/828/student-exams/366/conduction
    23:43:29.927 | 370 ool-1-worker-134 | DEBUG | d.t.c.a.a.e.web.StudentExamResource  : REST request to get the student exam of user studexamstudent1 for exam 828
    23:43:29.934 | 370 ool-1-worker-134 | DEBUG | d.t.c.a.a.e.s.ExamSessionService     : Exam session started
    23:43:29.935 | 370 ool-1-worker-134 | INFO  | d.t.c.a.a.e.web.StudentExamResource  : getStudentExamForConduction done in 9ms for 7 exercises for user studexamstudent1
    23:43:29.940 | 370 ool-1-worker-134 | DEBUG | d.t.c.a.a.c.s.f.ApiVersionFilter     : Adding Version to Request PUT /api/exercises/1346/text-submissions
    23:43:29.940 | 370 ool-1-worker-134 | DEBUG | d.t.c.a.a.t.w.TextSubmissionResource : REST request to update text submission: TextSubmission{id=752, text='New Text', language='null'}
    23:43:29.952 | 370 ool-1-worker-134 | INFO  | d.t.c.a.a.t.w.TextSubmissionResource : handleTextSubmission took 12ms for exercise 1346 and user studexamstudent1
    23:43:29.954 | 370 ool-1-worker-134 | DEBUG | d.t.c.a.a.c.s.f.ApiVersionFilter     : Adding Version to Request PUT /api/exercises/1348/submissions/exam
    23:43:29.956 | 370 ool-1-worker-134 | DEBUG | d.t.c.a.a.q.w.QuizSubmissionResource : REST request to submit QuizSubmission for exam : QuizSubmission{id=753, scoreInPoints='null'}
    23:43:29.966 | 370 ool-1-worker-134 | DEBUG | .a.q.s.AbstractQuizSubmissionService : submit exam quiz finished: QuizSubmission{id=753, scoreInPoints='null'}
    23:43:29.966 | 370 ool-1-worker-134 | INFO  | d.t.c.a.a.q.w.QuizSubmissionResource : submitQuizForExam took 10ms for exercise 1348 and user studexamstudent1
    23:43:29.974 | 370 ool-1-worker-134 | DEBUG | d.t.c.a.a.c.s.f.ApiVersionFilter     : Adding Version to Request PUT /api/exercises/1352/modeling-submissions
    23:43:29.988 | 370 ool-1-worker-134 | INFO  | c.a.a.m.w.ModelingSubmissionResource : save took 14ms for exercise 1352 and user studexamstudent1
    23:43:29.991 | 370 ool-1-worker-134 | DEBUG | d.t.c.a.a.c.s.f.ApiVersionFilter     : Adding Version to Request PUT /api/exercises/1353/text-submissions
    23:43:29.991 | 370 ool-1-worker-134 | DEBUG | d.t.c.a.a.t.w.TextSubmissionResource : REST request to update text submission: TextSubmission{id=756, text='New Text', language='null'}
    23:43:30.002 | 370 ool-1-worker-134 | INFO  | d.t.c.a.a.t.w.TextSubmissionResource : handleTextSubmission took 11ms for exercise 1353 and user studexamstudent1
    23:43:30.004 | 370 ool-1-worker-134 | DEBUG | d.t.c.a.a.c.s.f.ApiVersionFilter     : Adding Version to Request PUT /api/exercises/1354/text-submissions
    23:43:30.004 | 370 ool-1-worker-134 | DEBUG | d.t.c.a.a.t.w.TextSubmissionResource : REST request to update text submission: TextSubmission{id=757, text='New Text', language='null'}
    23:43:30.021 | 370 ool-1-worker-134 | INFO  | d.t.c.a.a.t.w.TextSubmissionResource : handleTextSubmission took 17ms for exercise 1354 and user studexamstudent1
    23:43:30.025 | 370 ool-1-worker-134 | DEBUG | d.t.c.a.a.c.s.f.ApiVersionFilter     : Adding Version to Request POST /api/programming-submissions/1081/trigger-build
    23:43:30.043 | 370 ool-1-worker-134 | DEBUG | d.t.c.a.a.c.s.f.ApiVersionFilter     : Adding Version to Request POST /api/courses/418/exams/828/student-exams/submit
    23:43:30.049 | 370 ool-1-worker-134 | DEBUG | d.t.c.a.a.e.web.StudentExamResource  : REST request to mark the studentExam as submitted : 366
    23:43:30.055 | 370 ool-1-worker-134 | DEBUG | d.t.c.a.a.e.web.StudentExamResource  : Completed input validation for submitStudentExam in 6.05ms
    23:43:30.055 | 370 ool-1-worker-134 | DEBUG | d.t.c.a.a.e.s.StudentExamService     : Submit student exam with id 366
    23:43:30.056 | 370 ool-1-worker-134 | DEBUG | d.t.c.a.a.e.s.StudentExamService     :     Set student exam to submitted in 655µs
    23:43:30.062 | 370 ool-1-worker-134 | DEBUG | d.t.c.a.a.e.s.StudentExamService     :     Potentially save submissions in 6.28ms
    23:43:30.062 | 370 ool-1-worker-134 | DEBUG | d.t.c.a.a.e.s.StudentExamService     :     Lock student repositories in 27µs
    23:43:30.062 | 370 ool-1-worker-134 | INFO  | d.t.c.a.a.e.web.StudentExamResource  : Completed submitStudentExam with 7 exercises for user studexamstudent1 in a total time of 13.22ms
    23:43:30.067 | 370 ool-1-worker-134 | DEBUG | d.t.c.a.a.c.s.f.ApiVersionFilter     : Adding Version to Request GET /api/courses/418/exams/828/student-exams/366/summary
    23:43:30.073 | 370 ool-1-worker-134 | DEBUG | d.t.c.a.a.e.web.StudentExamResource  : REST request to get the student exam of user studexamstudent1 for exam 828
    23:43:30.078 | 370 ool-1-worker-134 | INFO  | d.t.c.a.a.e.web.StudentExamResource  : getStudentExamForSummary done in 10ms for 7 exercises for user studexamstudent1
    23:43:30.084 | 370 ool-1-worker-134 | DEBUG | .c.s.m.InstanceMessageReceiveService : Received schedule participant score for exercise 1346 and participant 671 (result to be deleted: null)
    23:43:30.084 | 370 ool-1-worker-134 | DEBUG | .a.s.ParticipantScoreScheduleService : Scheduled task for exercise 1346 and participant 671 at 2025-02-14T23:43:30.184839130Z[Etc/UTC].
    23:43:30.088 | 370 ool-1-worker-134 | DEBUG | .c.s.m.InstanceMessageReceiveService : Received schedule participant score for exercise 1346 and participant 671 (result to be deleted: null)
    23:43:30.088 | 370 ool-1-worker-134 | DEBUG | .a.s.ParticipantScoreScheduleService : Scheduled task for exercise 1346 and participant 671 at 2025-02-14T23:43:30.188877531Z[Etc/UTC].
    23:43:30.089 | 370 ool-1-worker-134 | DEBUG | .c.s.m.InstanceMessageReceiveService : Received schedule participant score for exercise 1349 and participant 671 (result to be deleted: null)
    23:43:30.089 | 370 ool-1-worker-134 | DEBUG | .a.s.ParticipantScoreScheduleService : Scheduled task for exercise 1349 and participant 671 at 2025-02-14T23:43:30.189633481Z[Etc/UTC].
    23:43:30.092 | 370 ool-1-worker-134 | DEBUG | .c.s.m.InstanceMessageReceiveService : Received schedule participant score for exercise 1349 and participant 671 (result to be deleted: null)
    23:43:30.092 | 370 ool-1-worker-134 | DEBUG | .a.s.ParticipantScoreScheduleService : Scheduled task for exercise 1349 and participant 671 at 2025-02-14T23:43:30.192571950Z[Etc/UTC].
    23:43:30.093 | 370 ool-1-worker-134 | DEBUG | .c.s.m.InstanceMessageReceiveService : Received schedule participant score for exercise 1352 and participant 671 (result to be deleted: null)
    23:43:30.093 | 370 ool-1-worker-134 | DEBUG | .a.s.ParticipantScoreScheduleService : Scheduled task for exercise 1352 and participant 671 at 2025-02-14T23:43:30.193292371Z[Etc/UTC].
    23:43:30.096 | 370 ool-1-worker-134 | DEBUG | .c.s.m.InstanceMessageReceiveService : Received schedule participant score for exercise 1352 and participant 671 (result to be deleted: null)
    23:43:30.096 | 370 ool-1-worker-134 | DEBUG | .a.s.ParticipantScoreScheduleService : Scheduled task for exercise 1352 and participant 671 at 2025-02-14T23:43:30.196144640Z[Etc/UTC].
    23:43:30.096 | 370 ool-1-worker-134 | DEBUG | .c.s.m.InstanceMessageReceiveService : Received schedule participant score for exercise 1353 and participant 671 (result to be deleted: null)
    23:43:30.096 | 370 ool-1-worker-134 | DEBUG | .a.s.ParticipantScoreScheduleService : Scheduled task for exercise 1353 and participant 671 at 2025-02-14T23:43:30.196671212Z[Etc/UTC].
    23:43:30.099 | 370 ool-1-worker-134 | DEBUG | .c.s.m.InstanceMessageReceiveService : Received schedule participant score for exercise 1353 and participant 671 (result to be deleted: null)
    23:43:30.099 | 370 ool-1-worker-134 | DEBUG | .a.s.ParticipantScoreScheduleService : Scheduled task for exercise 1353 and participant 671 at 2025-02-14T23:43:30.199664925Z[Etc/UTC].
    23:43:30.100 | 370 ool-1-worker-134 | DEBUG | .c.s.m.InstanceMessageReceiveService : Received schedule participant score for exercise 1354 and participant 671 (result to be deleted: null)
    23:43:30.100 | 370 ool-1-worker-134 | DEBUG | .a.s.ParticipantScoreScheduleService : Scheduled task for exercise 1354 and participant 671 at 2025-02-14T23:43:30.200229467Z[Etc/UTC].
    23:43:30.102 | 370 ool-1-worker-134 | DEBUG | .c.s.m.InstanceMessageReceiveService : Received schedule participant score for exercise 1354 and participant 671 (result to be deleted: null)
    23:43:30.103 | 370 ool-1-worker-134 | DEBUG | .a.s.ParticipantScoreScheduleService : Scheduled task for exercise 1354 and participant 671 at 2025-02-14T23:43:30.203026474Z[Etc/UTC].
    23:43:30.103 | 370 ool-1-worker-134 | DEBUG | .c.s.m.InstanceMessageReceiveService : Received schedule participant score for exercise 1355 and participant 671 (result to be deleted: null)
    23:43:30.103 | 370 ool-1-worker-134 | DEBUG | .a.s.ParticipantScoreScheduleService : Scheduled task for exercise 1355 and participant 671 at 2025-02-14T23:43:30.203569857Z[Etc/UTC].
    23:43:30.106 | 370 ool-1-worker-134 | DEBUG | .c.s.m.InstanceMessageReceiveService : Received schedule participant score for exercise 1355 and participant 671 (result to be deleted: null)
    23:43:30.106 | 370 ool-1-worker-134 | DEBUG | .a.s.ParticipantScoreScheduleService : Scheduled task for exercise 1355 and participant 671 at 2025-02-14T23:43:30.206713650Z[Etc/UTC].
    23:43:30.108 | 370 ool-1-worker-134 | DEBUG | d.t.c.a.a.c.s.f.ApiVersionFilter     : Adding Version to Request POST /api/courses/418/exams/828/student-exams/evaluate-quiz-exercises
    23:43:30.108 | 370 ool-1-worker-134 | INFO  | d.t.c.a.a.exam.web.ExamResource      : REST request to evaluate quiz exercises of exam 828
    23:43:30.112 | 370 ool-1-worker-134 | DEBUG | d.t.c.a.a.exam.service.ExamService   : Evaluating 2 quiz exercises in exam 828
    23:43:30.112 | 370 ool-1-worker-134 | INFO  | d.t.c.a.a.q.s.QuizResultService      : Starting quiz evaluation for quiz 1347
    23:43:30.115 | 370 ool-1-worker-134 | INFO  | d.t.c.a.a.q.s.QuizResultService      : Quiz evaluation for quiz 1347 finished after 3.02ms with 0 created results
    23:43:30.115 | 370 ool-1-worker-134 | DEBUG | d.t.c.a.a.q.s.QuizStatisticService   : update statistics with 0 new results
    23:43:30.115 | 370 ool-1-worker-134 | INFO  | d.t.c.a.a.q.s.QuizResultService      : Statistic update for quiz 1347 finished after 3.75ms
    23:43:30.116 | 370 ool-1-worker-134 | INFO  | d.t.c.a.a.q.s.QuizResultService      : Starting quiz evaluation for quiz 1348
    23:43:30.125 | 370 ool-1-worker-134 | DEBUG | .c.s.m.InstanceMessageReceiveService : Received schedule participant score for exercise 1348 and participant 671 (result to be deleted: null)
    23:43:30.125 | 370 ool-1-worker-134 | DEBUG | .a.s.ParticipantScoreScheduleService : Scheduled task for exercise 1348 and participant 671 at 2025-02-14T23:43:30.225185126Z[Etc/UTC].
    23:43:30.139 | 370 ool-1-worker-134 | DEBUG | .c.s.m.InstanceMessageReceiveService : Received schedule participant score for exercise 1348 and participant 671 (result to be deleted: null)
    23:43:30.139 | 370 ool-1-worker-134 | DEBUG | .a.s.ParticipantScoreScheduleService : Scheduled task for exercise 1348 and participant 671 at 2025-02-14T23:43:30.239097593Z[Etc/UTC].
    23:43:30.139 | 370 ool-1-worker-134 | INFO  | d.t.c.a.a.q.s.QuizResultService      : Quiz evaluation for quiz 1348 finished after 23.51ms with 1 created results
    23:43:30.139 | 370 ool-1-worker-134 | DEBUG | d.t.c.a.a.q.s.QuizStatisticService   : update statistics with 1 new results
    23:43:30.141 | 370 ool-1-worker-134 | INFO  | d.t.c.a.a.q.s.QuizResultService      : Statistic update for quiz 1348 finished after 25.51ms
    23:43:30.141 | 370 ool-1-worker-134 | DEBUG | d.t.c.a.a.exam.service.ExamService   : Evaluated 2 quiz exercises in exam 828 in 29.32ms
    23:43:30.141 | 370 ool-1-worker-134 | INFO  | d.t.c.a.a.exam.web.ExamResource      : Evaluated 2 quiz exercises of exam 828
    23:43:30.145 | 370 ool-1-worker-134 | DEBUG | d.t.c.a.a.c.s.f.ApiVersionFilter     : Adding Version to Request GET /api/courses/418/exams/828/student-exams/366/grade-summary
    23:43:30.146 | 370 ool-1-worker-134 | DEBUG | d.t.c.a.a.e.web.StudentExamResource  : REST request to get the student exam grades of user with id 671 for exam 828 by user studexamstudent1
    23:43:30.154 | 370 ool-1-worker-134 | INFO  | d.t.c.a.a.e.web.StudentExamResource  : getStudentExamGradesForSummary done in 9ms for 7 exercises for target user studexamstudent1 by caller user studexamstudent1
    23:43:30.161 | 370 ool-1-worker-134 | DEBUG | d.t.c.a.a.c.s.f.ApiVersionFilter     : Adding Version to Request GET /api/courses/418/exams/828/student-exams/366/grade-summary
    23:43:30.162 | 370 ool-1-worker-134 | DEBUG | d.t.c.a.a.e.web.StudentExamResource  : REST request to get the student exam grades of user with id null for exam 828 by user studexamstudent1
    23:43:30.169 | 370 ool-1-worker-134 | INFO  | d.t.c.a.a.e.web.StudentExamResource  : getStudentExamGradesForSummary done in 8ms for 7 exercises for target user studexamstudent1 by caller user studexamstudent1
    23:43:30.188 | 329 taskScheduler-4  | DEBUG | .a.s.ParticipantScoreScheduleService : Processing exercise 1346 and participant 671 to update participant scores.
    23:43:30.193 | 329 taskScheduler-4  | DEBUG | .a.s.ParticipantScoreScheduleService : Updating the participant score for exercise 1346 and participant 671 took 5 ms.

  Starting logs for StudentExamIntegrationTest > testGetWorkingTimesNoStudentExams()
    23:43:30.203 | 370 ool-1-worker-134 | DEBUG | d.t.c.a.a.c.u.util.UserUtilService   : Generate 2 students...
    23:43:30.206 | 370 ool-1-worker-134 | DEBUG | d.t.c.a.a.c.u.util.UserUtilService   : 2 students generated. Generate 1 tutors...
    23:43:30.208 | 370 ool-1-worker-134 | DEBUG | d.t.c.a.a.c.u.util.UserUtilService   : 1 tutors generated. Generate 0 editors...
    23:43:30.209 | 370 ool-1-worker-134 | DEBUG | d.t.c.a.a.c.u.util.UserUtilService   : 0 editors generated. Generate 2 instructors...
    23:43:30.212 | 370 ool-1-worker-134 | DEBUG | d.t.c.a.a.c.u.util.UserUtilService   : 2 instructors generated
    23:43:30.213 | 370 ool-1-worker-134 | DEBUG | d.t.c.a.a.c.u.util.UserUtilService   : Removing 5 users from all courses...
    23:43:30.214 | 370 ool-1-worker-134 | DEBUG | d.t.c.a.a.c.u.util.UserUtilService   : Removing 5 users from all courses. Done
    23:43:30.214 | 370 ool-1-worker-134 | DEBUG | d.t.c.a.a.c.u.util.UserUtilService   : Save 5 users to database...
    23:43:30.224 | 370 ool-1-worker-134 | DEBUG | d.t.c.a.a.c.u.util.UserUtilService   : Save 5 users to database. Done
    23:43:30.244 | 061 pool-4-thread-4  | INFO  | d.t.c.a.a.p.s.gitlab.GitLabService   : Unprotecting branch main for Gitlab repository SHORTB9FD6EFA053AA042250BE530C3131EDE23C4T4AD/shortb9fd6efa053aa042250be530c3131ede23c4t4ad-studexamstudent1
    23:43:30.319 | 370 ool-1-worker-134 | INFO  | i.z.t.d.l.EmbeddedDatabaseReporter   : JDBC URL to connect to 'dataSource': url='jdbc:h2:tcp://localhost:41063/mem:736625c0-cf5e-400d-aeaa-8a7eabd6262b;USER=sa', scope='StudentExamIntegrationTest#testGetWorkingTimesNoStudentExams'

  Starting logs for StudentExamIntegrationTest > testExamAnnouncementSent()
    23:43:30.400 | 370 ool-1-worker-134 | DEBUG | d.t.c.a.a.c.u.util.UserUtilService   : Generate 2 students...
    23:43:30.403 | 370 ool-1-worker-134 | DEBUG | d.t.c.a.a.c.u.util.UserUtilService   : 2 students generated. Generate 1 tutors...
    23:43:30.406 | 370 ool-1-worker-134 | DEBUG | d.t.c.a.a.c.u.util.UserUtilService   : 1 tutors generated. Generate 0 editors...
    23:43:30.448 | 370 ool-1-worker-134 | DEBUG | d.t.c.a.a.c.u.util.UserUtilService   : 0 editors generated. Generate 2 instructors...
    23:43:30.451 | 370 ool-1-worker-134 | DEBUG | d.t.c.a.a.c.u.util.UserUtilService   : 2 instructors generated
    23:43:30.452 | 370 ool-1-worker-134 | DEBUG | d.t.c.a.a.c.u.util.UserUtilService   : Removing 5 users from all courses...
    23:43:30.453 | 370 ool-1-worker-134 | DEBUG | d.t.c.a.a.c.u.util.UserUtilService   : Removing 5 users from all courses. Done
    23:43:30.453 | 370 ool-1-worker-134 | DEBUG | d.t.c.a.a.c.u.util.UserUtilService   : Save 5 users to database...
    23:43:30.463 | 370 ool-1-worker-134 | DEBUG | d.t.c.a.a.c.u.util.UserUtilService   : Save 5 users to database. Done
    23:43:30.556 | 370 ool-1-worker-134 | INFO  | i.z.t.d.l.EmbeddedDatabaseReporter   : JDBC URL to connect to 'dataSource': url='jdbc:h2:tcp://localhost:41063/mem:736625c0-cf5e-400d-aeaa-8a7eabd6262b;USER=sa', scope='StudentExamIntegrationTest#testExamAnnouncementSent'
    23:43:30.558 | 370 ool-1-worker-134 | DEBUG | d.t.c.a.a.c.s.f.ApiVersionFilter     : Adding Version to Request POST /api/courses/423/exams/835/announcements
    23:43:30.558 | 370 ool-1-worker-134 | DEBUG | d.t.c.a.a.exam.web.ExamResource      : REST request to create an announcement for exam with id 835
    23:43:30.565 | 370 ool-1-worker-134 | DEBUG | d.t.c.a.a.exam.web.ExamResource      : createExamAnnouncement took 6.92ms for exam 835

  Starting logs for StudentExamIntegrationTest > testGradedFinalExamSummaryWithPlagiarismAndNotParticipatedBonusExamAsStudent()
    23:43:30.605 | 370 ool-1-worker-134 | DEBUG | d.t.c.a.a.c.u.util.UserUtilService   : Generate 2 students...
    23:43:30.608 | 370 ool-1-worker-134 | DEBUG | d.t.c.a.a.c.u.util.UserUtilService   : 2 students generated. Generate 1 tutors...
    23:43:30.610 | 370 ool-1-worker-134 | DEBUG | d.t.c.a.a.c.u.util.UserUtilService   : 1 tutors generated. Generate 0 editors...
    23:43:30.611 | 370 ool-1-worker-134 | DEBUG | d.t.c.a.a.c.u.util.UserUtilService   : 0 editors generated. Generate 2 instructors...
    23:43:30.614 | 370 ool-1-worker-134 | DEBUG | d.t.c.a.a.c.u.util.UserUtilService   : 2 instructors generated
    23:43:30.615 | 370 ool-1-worker-134 | DEBUG | d.t.c.a.a.c.u.util.UserUtilService   : Removing 5 users from all courses...
    23:43:30.615 | 370 ool-1-worker-134 | DEBUG | d.t.c.a.a.c.u.util.UserUtilService   : Removing 5 users from all courses. Done
    23:43:30.615 | 370 ool-1-worker-134 | DEBUG | d.t.c.a.a.c.u.util.UserUtilService   : Save 5 users to database...
    23:43:30.625 | 370 ool-1-worker-134 | DEBUG | d.t.c.a.a.c.u.util.UserUtilService   : Save 5 users to database. Done
    23:43:30.717 | 566 localvc.event-13 | DEBUG | a.a.b.s.SharedQueueProcessingService : Build job completed: BuildJobQueueItem[id=5121739576609302, name=SHORT3D739532080B804BC608BDA0F7816DDB4316TSTEXC-LOCALCIINTSTUDENT1, buildAgent=BuildAgentDTO[name=artemis-build-agent-test, memberAddress=[127.0.0.1]:5703, displayName=artemis-build-agent-test], participationId=512, courseId=164, exerciseId=315, retryCount=0, priority=2, status=null, repositoryInfo=RepositoryInfo[repositoryName=short3d739532080b804bc608bda0f7816ddb4316tstexc-localciintstudent1, repositoryType=user, triggeredByPushTo=user, assignmentRepositoryUri=http://localhost:49152/git/SHORT3D739532080B804BC608BDA0F7816DDB4316TSTEXC/short3d739532080b804bc608bda0f7816ddb4316tstexc-localciintstudent1.git, testRepositoryUri=http://localhost:49152/git/SHORT3D739532080B804BC608BDA0F7816DDB4316TSTEXC/short3d739532080b804bc608bda0f7816ddb4316tstexc-tests.git, solutionRepositoryUri=null, auxiliaryRepositoryUris=[Ljava.lang.String;@1bcc2551, auxiliaryRepositoryCheckoutDirectories=[Ljava.lang.String;@7fdd06f7], jobTimingInfo=JobTimingInfo[submissionDate=2025-02-14T23:43:29.302618463Z[Etc/UTC], buildStartDate=2025-02-14T23:43:29.307985701Z[Etc/UTC], buildCompletionDate=null, estimatedCompletionDate=2025-02-14T23:43:48.307979980Z[Etc/UTC], estimatedDuration=19], buildConfig=BuildConfig[buildScript=#!/bin/bash
cd /var/tmp/testing-dir
chmod +x ./gradlew
./gradlew clean test
, dockerImage=dummy-docker-image:latest, commitHashToBuild=71f54bdf5e0f9c98936e24a4638fd2ffcf966edd, assignmentCommitHash=71f54bdf5e0f9c98936e24a4638fd2ffcf966edd, testCommitHash=71f54bdf5e0f9c98936e24a4638fd2ffcf966edd, branch=main, programmingLanguage=JAVA, projectType=PLAIN_GRADLE, scaEnabled=false, sequentialTestRunsEnabled=false, resultPaths=[/var/tmp/testing-dir/**/test-results/test/*.xml], timeoutSeconds=0, assignmentCheckoutPath=null, testCheckoutPath=null, solutionCheckoutPath=null, dockerRunConfig=null], submissionResult=null]
    23:43:30.720 | 568 localvc.event-15 | DEBUG | a.p.s.l.LocalCIQueueWebsocketService : CIBuildJobQueueItem removed from processing jobs: BuildJobQueueItem[id=5121739576609302, name=SHORT3D739532080B804BC608BDA0F7816DDB4316TSTEXC-LOCALCIINTSTUDENT1, buildAgent=BuildAgentDTO[name=artemis-build-agent-test, memberAddress=[127.0.0.1]:5703, displayName=artemis-build-agent-test], participationId=512, courseId=164, exerciseId=315, retryCount=0, priority=2, status=null, repositoryInfo=RepositoryInfo[repositoryName=short3d739532080b804bc608bda0f7816ddb4316tstexc-localciintstudent1, repositoryType=user, triggeredByPushTo=user, assignmentRepositoryUri=http://localhost:49152/git/SHORT3D739532080B804BC608BDA0F7816DDB4316TSTEXC/short3d739532080b804bc608bda0f7816ddb4316tstexc-localciintstudent1.git, testRepositoryUri=http://localhost:49152/git/SHORT3D739532080B804BC608BDA0F7816DDB4316TSTEXC/short3d739532080b804bc608bda0f7816ddb4316tstexc-tests.git, solutionRepositoryUri=null, auxiliaryRepositoryUris=[Ljava.lang.String;@4db47a8e, auxiliaryRepositoryCheckoutDirectories=[Ljava.lang.String;@2b60327f], jobTimingInfo=JobTimingInfo[submissionDate=2025-02-14T23:43:29.302618463Z[Etc/UTC], buildStartDate=2025-02-14T23:43:29.307985701Z[Etc/UTC], buildCompletionDate=null, estimatedCompletionDate=2025-02-14T23:43:48.307979980Z[Etc/UTC], estimatedDuration=19], buildConfig=BuildConfig[buildScript=#!/bin/bash
cd /var/tmp/testing-dir
chmod +x ./gradlew
./gradlew clean test
, dockerImage=dummy-docker-image:latest, commitHashToBuild=71f54bdf5e0f9c98936e24a4638fd2ffcf966edd, assignmentCommitHash=71f54bdf5e0f9c98936e24a4638fd2ffcf966edd, testCommitHash=71f54bdf5e0f9c98936e24a4638fd2ffcf966edd, branch=main, programmingLanguage=JAVA, projectType=PLAIN_GRADLE, scaEnabled=false, sequentialTestRunsEnabled=false, resultPaths=[/var/tmp/testing-dir/**/test-results/test/*.xml], timeoutSeconds=0, assignmentCheckoutPath=null, testCheckoutPath=null, solutionCheckoutPath=null, dockerRunConfig=null], submissionResult=null]
    23:43:30.720 | 568 localvc.event-15 | DEBUG | s.l.LocalCIWebsocketMessagingService : Sending message on topic /topic/admin/running-jobs: []
    23:43:30.720 | 568 localvc.event-15 | DEBUG | s.l.LocalCIWebsocketMessagingService : Sending message on topic /topic/courses/164/running-jobs: []
    23:43:30.724 | 566 localvc.event-13 | DEBUG | a.a.b.s.SharedQueueProcessingService : Currently processing jobs on this node: 0, active threads in Pool: 0, maximum pool size of thread executor : 1
    23:43:30.724 | 566 localvc.event-13 | DEBUG | s.l.LocalCIWebsocketMessagingService : Sending message on topic /topic/admin/queued-jobs: []
    23:43:30.725 | 566 localvc.event-13 | DEBUG | s.l.LocalCIWebsocketMessagingService : Sending message on topic /topic/courses/164/queued-jobs: []
    23:43:30.725 | 566 localvc.event-13 | DEBUG | a.a.b.s.SharedQueueProcessingService : CIBuildJobQueueItem removed from queue: BuildJobQueueItem[id=5121739576609302, name=SHORT3D739532080B804BC608BDA0F7816DDB4316TSTEXC-LOCALCIINTSTUDENT1, buildAgent=BuildAgentDTO[name=null, memberAddress=null, displayName=null], participationId=512, courseId=164, exerciseId=315, retryCount=0, priority=2, status=null, repositoryInfo=RepositoryInfo[repositoryName=short3d739532080b804bc608bda0f7816ddb4316tstexc-localciintstudent1, repositoryType=user, triggeredByPushTo=user, assignmentRepositoryUri=http://localhost:49152/git/SHORT3D739532080B804BC608BDA0F7816DDB4316TSTEXC/short3d739532080b804bc608bda0f7816ddb4316tstexc-localciintstudent1.git, testRepositoryUri=http://localhost:49152/git/SHORT3D739532080B804BC608BDA0F7816DDB4316TSTEXC/short3d739532080b804bc608bda0f7816ddb4316tstexc-tests.git, solutionRepositoryUri=null, auxiliaryRepositoryUris=[Ljava.lang.String;@2e40ac15, auxiliaryRepositoryCheckoutDirectories=[Ljava.lang.String;@3bf1daeb], jobTimingInfo=JobTimingInfo[submissionDate=2025-02-14T23:43:29.302618463Z[Etc/UTC], buildStartDate=null, buildCompletionDate=null, estimatedCompletionDate=null, estimatedDuration=19], buildConfig=BuildConfig[buildScript=#!/bin/bash
cd /var/tmp/testing-dir
chmod +x ./gradlew
./gradlew clean test
, dockerImage=dummy-docker-image:latest, commitHashToBuild=71f54bdf5e0f9c98936e24a4638fd2ffcf966edd, assignmentCommitHash=71f54bdf5e0f9c98936e24a4638fd2ffcf966edd, testCommitHash=71f54bdf5e0f9c98936e24a4638fd2ffcf966edd, branch=main, programmingLanguage=JAVA, projectType=PLAIN_GRADLE, scaEnabled=false, sequentialTestRunsEnabled=false, resultPaths=[/var/tmp/testing-dir/**/test-results/test/*.xml], timeoutSeconds=0, assignmentCheckoutPath=null, testCheckoutPath=null, solutionCheckoutPath=null, dockerRunConfig=null], submissionResult=null]
    23:43:30.728 | 566 localvc.event-13 | DEBUG | a.p.s.l.LocalCIQueueWebsocketService : Build agent updated: BuildAgentInformation[buildAgent=BuildAgentDTO[name=artemis-build-agent-test, memberAddress=[127.0.0.1]:5703, displayName=artemis-build-agent-test], maxNumberOfConcurrentBuildJobs=1, numberOfCurrentBuildJobs=1, runningBuildJobs=[BuildJobQueueItem[id=5121739576609302, name=SHORT3D739532080B804BC608BDA0F7816DDB4316TSTEXC-LOCALCIINTSTUDENT1, buildAgent=BuildAgentDTO[name=artemis-build-agent-test, memberAddress=[127.0.0.1]:5703, displayName=artemis-build-agent-test], participationId=512, courseId=164, exerciseId=315, retryCount=0, priority=2, status=null, repositoryInfo=RepositoryInfo[repositoryName=short3d739532080b804bc608bda0f7816ddb4316tstexc-localciintstudent1, repositoryType=user, triggeredByPushTo=user, assignmentRepositoryUri=http://localhost:49152/git/SHORT3D739532080B804BC608BDA0F7816DDB4316TSTEXC/short3d739532080b804bc608bda0f7816ddb4316tstexc-localciintstudent1.git, testRepositoryUri=http://localhost:49152/git/SHORT3D739532080B804BC608BDA0F7816DDB4316TSTEXC/short3d739532080b804bc608bda0f7816ddb4316tstexc-tests.git, solutionRepositoryUri=null, auxiliaryRepositoryUris=[Ljava.lang.String;@74b58bb2, auxiliaryRepositoryCheckoutDirectories=[Ljava.lang.String;@61edd47f], jobTimingInfo=JobTimingInfo[submissionDate=2025-02-14T23:43:29.302618463Z[Etc/UTC], buildStartDate=2025-02-14T23:43:29.307985701Z[Etc/UTC], buildCompletionDate=null, estimatedCompletionDate=2025-02-14T23:43:48.307979980Z[Etc/UTC], estimatedDuration=19], buildConfig=BuildConfig[buildScript=#!/bin/bash
cd /var/tmp/testing-dir
chmod +x ./gradlew
./gradlew clean test
, dockerImage=dummy-docker-image:latest, commitHashToBuild=71f54bdf5e0f9c98936e24a4638fd2ffcf966edd, assignmentCommitHash=71f54bdf5e0f9c98936e24a4638fd2ffcf966edd, testCommitHash=71f54bdf5e0f9c98936e24a4638fd2ffcf966edd, branch=main, programmingLanguage=JAVA, projectType=PLAIN_GRADLE, scaEnabled=false, sequentialTestRunsEnabled=false, resultPaths=[/var/tmp/testing-dir/**/test-results/test/*.xml], timeoutSeconds=0, assignmentCheckoutPath=null, testCheckoutPath=null, solutionCheckoutPath=null, dockerRunConfig=null], submissionResult=null]], status=ACTIVE, recentBuildJobs=[BuildJobQueueItem[id=4621739576562326, name=SHORT43ACF76B02BC1044B80938509D14043FABDETSTEXC-LOCALCIINTSTUDENT1, buildAgent=BuildAgentDTO[name=artemis-build-agent-test, memberAddress=[127.0.0.1]:5703, displayName=artemis-build-agent-test], participationId=462, courseId=147, exerciseId=298, retryCount=0, priority=2, status=SUCCESSFUL, repositoryInfo=RepositoryInfo[repositoryName=short43acf76b02bc1044b80938509d14043fabdetstexc-localciintstudent1, repositoryType=user, triggeredByPushTo=user, assignmentRepositoryUri=http://localhost:49152/git/SHORT43ACF76B02BC1044B80938509D14043FABDETSTEXC/short43acf76b02bc1044b80938509d14043fabdetstexc-localciintstudent1.git, testRepositoryUri=http://localhost:49152/git/SHORT43ACF76B02BC1044B80938509D14043FABDETSTEXC/short43acf76b02bc1044b80938509d14043fabdetstexc-tests.git, solutionRepositoryUri=null, auxiliaryRepositoryUris=[Ljava.lang.String;@4a66fc53, auxiliaryRepositoryCheckoutDirectories=[Ljava.lang.String;@7f754176], jobTimingInfo=JobTimingInfo[submissionDate=2025-02-14T23:42:42.326978596Z[Etc/UTC], buildStartDate=2025-02-14T23:42:42.420147010Z[Etc/UTC], buildCompletionDate=2025-02-14T23:42:45.573855829Z[Etc/UTC], estimatedCompletionDate=2025-02-14T23:43:01.420129377Z[Etc/UTC], estimatedDuration=19], buildConfig=BuildConfig[buildScript=#!/bin/bash
cd /var/tmp/testing-dir
chmod +x ./gradlew
./gradlew clean test
, dockerImage=dummy-docker-image:latest, commitHashToBuild=a9c717ccf7bcbe9531d3eee21dbaeb5aab2ff971, assignmentCommitHash=a9c717ccf7bcbe9531d3eee21dbaeb5aab2ff971, testCommitHash=a9c717ccf7bcbe9531d3eee21dbaeb5aab2ff971, branch=main, programmingLanguage=JAVA, projectType=PLAIN_GRADLE, scaEnabled=false, sequentialTestRunsEnabled=false, resultPaths=[/var/tmp/testing-dir/**/test-results/test/*.xml], timeoutSeconds=0, assignmentCheckoutPath=null, testCheckoutPath=null, solutionCheckoutPath=null, dockerRunConfig=DockerRunConfig[isNetworkDisabled=true, env=[key=value]]], submissionResult=ResultDTO[id=132, completionDate=2025-02-14T23:42:45.519869118Z[Etc/UTC], successful=false, score=7.7, rated=true, submission=SubmissionDTO[id=119, submitted=true, type=MANUAL, exampleSubmission=null, submissionDate=2025-02-14T23:42:42.302762Z, commitHash=a9c717ccf7bcbe9531d3eee21dbaeb5aab2ff971, buildFailed=false, buildArtifact=false, participation=ParticipationDTO[id=462, testRun=false, type=programming, submissionCount=null, exercise=ParticipationExerciseDTO[id=298, exerciseType=PROGRAMMING, type=programming, assessmentType=AUTOMATIC, dueDate=2025-02-16T23:42:41.553955Z, assessmentDueDate=null, maxPoints=42.0, course=CourseDTO[id=147, accuracyOfScores=1]]], submissionExerciseType=programming, isProcessing=false, buildStartDate=null, estimatedCompletionDate=null], participation=ParticipationDTO[id=462, testRun=false, type=programming, submissionCount=null, exercise=ParticipationExerciseDTO[id=298, exerciseType=PROGRAMMING, type=programming, assessmentType=AUTOMATIC, dueDate=2025-02-16T23:42:41.553955Z, assessmentDueDate=null, maxPoints=42.0, course=CourseDTO[id=147, accuracyOfScores=1]]], feedbacks=[FeedbackDTO[id=67, text=null, detailText=The exercise expects a class with the name Context in the package testpackage. You did not implement the class in the exercise., hasLongFeedbackText=false, reference=null, credits=0.0, positive=false, type=AUTOMATIC, visibility=ALWAYS, testCase=TestCaseDTO[testName=null, id=13]], FeedbackDTO[id=68, text=null, detailText=The exercise expects a class with the name Policy in the package testpackage. You did not implement the class in the exercise., hasLongFeedbackText=false, reference=null, credits=0.0, positive=false, type=AUTOMATIC, visibility=ALWAYS, testCase=TestCaseDTO[testName=null, id=14]], FeedbackDTO[id=69, text=null, detailText=The exercise expects a class with the name SortStrategy in the package testpackage. You did not implement the class in the exercise., hasLongFeedbackText=false, reference=null, credits=0.0, positive=false, type=AUTOMATIC, visibility=ALWAYS, testCase=TestCaseDTO[testName=null, id=15]], FeedbackDTO[id=70, text=null, detailText=The class 'MergeSort' does not implement the interface 'SortStrategy' as expected. Implement the interface and its methods., hasLongFeedbackText=false, reference=null, credits=0.0, positive=false, type=AUTOMATIC, visibility=ALWAYS, testCase=TestCaseDTO[testName=null, id=10]], FeedbackDTO[id=71, text=null, detailText=The exercise expects a class with the name SortStrategy in the package testpackage. You did not implement the class in the exercise., hasLongFeedbackText=false, reference=null, credits=0.0, positive=false, type=AUTOMATIC, visibility=ALWAYS, testCase=TestCaseDTO[testName=null, id=7]], FeedbackDTO[id=72, text=null, detailText=The class 'BubbleSort' does not implement the interface 'SortStrategy' as expected. Implement the interface and its methods., hasLongFeedbackText=false, reference=null, credits=0.0, positive=false, type=AUTOMATIC, visibility=ALWAYS, testCase=TestCaseDTO[testName=null, id=11]], FeedbackDTO[id=73, text=null, detailText=MergeSort does not sort correctly, hasLongFeedbackText=false, reference=null, credits=0.0, positive=false, type=AUTOMATIC, visibility=ALWAYS, testCase=TestCaseDTO[testName=null, id=16]], FeedbackDTO[id=74, text=null, detailText=The class 'Context' was not found within the submission. Make sure to implement it properly., hasLongFeedbackText=false, reference=null, credits=0.0, positive=false, type=AUTOMATIC, visibility=ALWAYS, testCase=TestCaseDTO[testName=null, id=17]], FeedbackDTO[id=75, text=null, detailText=The class 'Context' was not found within the submission. Make sure to implement it properly., hasLongFeedbackText=false, reference=null, credits=0.0, positive=false, type=AUTOMATIC, visibility=ALWAYS, testCase=TestCaseDTO[testName=null, id=18]], FeedbackDTO[id=76, text=null, detailText=The exercise expects a class with the name Policy in the package testpackage. You did not implement the class in the exercise., hasLongFeedbackText=false, reference=null, credits=0.0, positive=false, type=AUTOMATIC, visibility=ALWAYS, testCase=TestCaseDTO[testName=null, id=12]], FeedbackDTO[id=77, text=null, detailText=The exercise expects a class with the name Context in the package testpackage. You did not implement the class in the exercise., hasLongFeedbackText=false, reference=null, credits=0.0, positive=false, type=AUTOMATIC, visibility=ALWAYS, testCase=TestCaseDTO[testName=null, id=8]], FeedbackDTO[id=78, text=null, detailText=The exercise expects a class with the name Policy in the package testpackage. You did not implement the class in the exercise., hasLongFeedbackText=false, reference=null, credits=0.0, positive=false, type=AUTOMATIC, visibility=ALWAYS, testCase=TestCaseDTO[testName=null, id=9]], FeedbackDTO[id=79, text=null, detailText=null, hasLongFeedbackText=false, reference=null, credits=3.230769230769231, positive=true, type=AUTOMATIC, visibility=ALWAYS, testCase=TestCaseDTO[testName=null, id=19]]], assessmentType=AUTOMATIC, hasComplaint=null, exampleResult=null, testCaseCount=13, passedTestCaseCount=1, codeIssueCount=0]], BuildJobQueueItem[id=4651739576569330, name=SHORTB06DD3F905F4604F6E085260D83ED657A6DFTSTEXC-LOCALCIINTSTUDENT1, buildAgent=BuildAgentDTO[name=artemis-build-agent-test, memberAddress=[127.0.0.1]:5703, displayName=artemis-build-agent-test], participationId=465, courseId=148, exerciseId=299, retryCount=0, priority=2, status=SUCCESSFUL, repositoryInfo=RepositoryInfo[repositoryName=shortb06dd3f905f4604f6e085260d83ed657a6dftstexc-localciintstudent1, repositoryType=user, triggeredByPushTo=user, assignmentRepositoryUri=http://localhost:49152/git/SHORTB06DD3F905F4604F6E085260D83ED657A6DFTSTEXC/shortb06dd3f905f4604f6e085260d83ed657a6dftstexc-localciintstudent1.git, testRepositoryUri=http://localhost:49152/git/SHORTB06DD3F905F4604F6E085260D83ED657A6DFTSTEXC/shortb06dd3f905f4604f6e085260d83ed657a6dftstexc-tests.git, solutionRepositoryUri=null, auxiliaryRepositoryUris=[Ljava.lang.String;@27c5ad31, auxiliaryRepositoryCheckoutDirectories=[Ljava.lang.String;@2884db9a], jobTimingInfo=JobTimingInfo[submissionDate=2025-02-14T23:42:49.330093960Z[Etc/UTC], buildStartDate=2025-02-14T23:42:49.347797345Z[Etc/UTC], buildCompletionDate=2025-02-14T23:42:51.204319751Z[Etc/UTC], estimatedCompletionDate=2025-02-14T23:43:08.347788449Z[Etc/UTC], estimatedDuration=19], buildConfig=BuildConfig[buildScript=#!/bin/bash
cd /var/tmp/testing-dir
chmod +x ./gradlew
./gradlew clean test
, dockerImage=dummy-docker-image:latest, commitHashToBuild=41581fff25954d36cf07586926ee0c77d1003131, assignmentCommitHash=41581fff25954d36cf07586926ee0c77d1003131, testCommitHash=41581fff25954d36cf07586926ee0c77d1003131, branch=main, programmingLanguage=JAVA, projectType=PLAIN_GRADLE, scaEnabled=false, sequentialTestRunsEnabled=false, resultPaths=[/var/tmp/testing-dir/**/test-results/test/*.xml], timeoutSeconds=0, assignmentCheckoutPath=null, testCheckoutPath=null, solutionCheckoutPath=null, dockerRunConfig=null], submissionResult=ResultDTO[id=133, completionDate=2025-02-14T23:42:51.155372920Z[Etc/UTC], successful=false, score=7.7, rated=true, submission=SubmissionDTO[id=120, submitted=true, type=MANUAL, exampleSubmission=null, submissionDate=2025-02-14T23:42:49.321855Z, commitHash=41581fff25954d36cf07586926ee0c77d1003131, buildFailed=false, buildArtifact=false, participation=ParticipationDTO[id=465, testRun=false, type=programming, submissionCount=null, exercise=ParticipationExerciseDTO[id=299, exerciseType=PROGRAMMING, type=programming, assessmentType=AUTOMATIC, dueDate=2025-02-16T23:42:49.163661Z, assessmentDueDate=null, maxPoints=42.0, course=CourseDTO[id=148, accuracyOfScores=1]]], submissionExerciseType=programming, isProcessing=false, buildStartDate=null, estimatedCompletionDate=null], participation=ParticipationDTO[id=465, testRun=false, type=programming, submissionCount=null, exercise=ParticipationExerciseDTO[id=299, exerciseType=PROGRAMMING, type=programming, assessmentType=AUTOMATIC, dueDate=2025-02-16T23:42:49.163661Z, assessmentDueDate=null, maxPoints=42.0, course=CourseDTO[id=148, accuracyOfScores=1]]], feedbacks=[FeedbackDTO[id=80, text=null, detailText=The exercise expects a class with the name Context in the package testpackage. You did not implement the class in the exercise., hasLongFeedbackText=false, reference=null, credits=0.0, positive=false, type=AUTOMATIC, visibility=ALWAYS, testCase=TestCaseDTO[testName=null, id=26]], FeedbackDTO[id=81, text=null, detailText=The exercise expects a class with the name Policy in the package testpackage. You did not implement the class in the exercise., hasLongFeedbackText=false, reference=null, credits=0.0, positive=false, type=AUTOMATIC, visibility=ALWAYS, testCase=TestCaseDTO[testName=null, id=27]], FeedbackDTO[id=82, text=null, detailText=The exercise expects a class with the name SortStrategy in the package testpackage. You did not implement the class in the exercise., hasLongFeedbackText=false, reference=null, credits=0.0, positive=false, type=AUTOMATIC, visibility=ALWAYS, testCase=TestCaseDTO[testName=null, id=28]], FeedbackDTO[id=83, text=null, detailText=The class 'MergeSort' does not implement the interface 'SortStrategy' as expected. Implement the interface and its methods., hasLongFeedbackText=false, reference=null, credits=0.0, positive=false, type=AUTOMATIC, visibility=ALWAYS, testCase=TestCaseDTO[testName=null, id=23]], FeedbackDTO[id=84, text=null, detailText=The exercise expects a class with the name SortStrategy in the package testpackage. You did not implement the class in the exercise., hasLongFeedbackText=false, reference=null, credits=0.0, positive=false, type=AUTOMATIC, visibility=ALWAYS, testCase=TestCaseDTO[testName=null, id=20]], FeedbackDTO[id=85, text=null, detailText=The class 'BubbleSort' does not implement the interface 'SortStrategy' as expected. Implement the interface and its methods., hasLongFeedbackText=false, reference=null, credits=0.0, positive=false, type=AUTOMATIC, visibility=ALWAYS, testCase=TestCaseDTO[testName=null, id=24]], FeedbackDTO[id=86, text=null, detailText=MergeSort does not sort correctly, hasLongFeedbackText=false, reference=null, credits=0.0, positive=false, type=AUTOMATIC, visibility=ALWAYS, testCase=TestCaseDTO[testName=null, id=29]], FeedbackDTO[id=87, text=null, detailText=The class 'Context' was not found within the submission. Make sure to implement it properly., hasLongFeedbackText=false, reference=null, credits=0.0, positive=false, type=AUTOMATIC, visibility=ALWAYS, testCase=TestCaseDTO[testName=null, id=30]], FeedbackDTO[id=88, text=null, detailText=The class 'Context' was not found within the submission. Make sure to implement it properly., hasLongFeedbackText=false, reference=null, credits=0.0, positive=false, type=AUTOMATIC, visibility=ALWAYS, testCase=TestCaseDTO[testName=null, id=31]], FeedbackDTO[id=89, text=null, detailText=The exercise expects a class with the name Policy in the package testpackage. You did not implement the class in the exercise., hasLongFeedbackText=false, reference=null, credits=0.0, positive=false, type=AUTOMATIC, visibility=ALWAYS, testCase=TestCaseDTO[testName=null, id=25]], FeedbackDTO[id=90, text=null, detailText=The exercise expects a class with the name Context in the package testpackage. You did not implement the class in the exercise., hasLongFeedbackText=false, reference=null, credits=0.0, positive=false, type=AUTOMATIC, visibility=ALWAYS, testCase=TestCaseDTO[testName=null, id=21]], FeedbackDTO[id=91, text=null, detailText=The exercise expects a class with the name Policy in the package testpackage. You did not implement the class in the exercise., hasLongFeedbackText=false, reference=null, credits=0.0, positive=false, type=AUTOMATIC, visibility=ALWAYS, testCase=TestCaseDTO[testName=null, id=22]], FeedbackDTO[id=92, text=null, detailText=null, hasLongFeedbackText=false, reference=null, credits=3.230769230769231, positive=true, type=AUTOMATIC, visibility=ALWAYS, testCase=TestCaseDTO[testName=null, id=32]]], assessmentType=AUTOMATIC, hasComplaint=null, exampleResult=null, testCaseCount=13, passedTestCaseCount=1, codeIssueCount=0]], BuildJobQueueItem[id=4681739576573068, name=SHORTBCF65534040390488B0A46605F5F3776B89ATSTEXC-LOCALCIINTSTUDENT1, buildAgent=BuildAgentDTO[name=artemis-build-agent-test, memberAddress=[127.0.0.1]:5703, displayName=artemis-build-agent-test], participationId=468, courseId=149, exerciseId=300, retryCount=0, priority=2, status=SUCCESSFUL, repositoryInfo=RepositoryInfo[repositoryName=shortbcf65534040390488b0a46605f5f3776b89atstexc-localciintstudent1, repositoryType=user, triggeredByPushTo=user, assignmentRepositoryUri=http://localhost:49152/git/SHORTBCF65534040390488B0A46605F5F3776B89ATSTEXC/shortbcf65534040390488b0a46605f5f3776b89atstexc-localciintstudent1.git, testRepositoryUri=http://localhost:49152/git/SHORTBCF65534040390488B0A46605F5F3776B89ATSTEXC/shortbcf65534040390488b0a46605f5f3776b89atstexc-tests.git, solutionRepositoryUri=null, auxiliaryRepositoryUris=[Ljava.lang.String;@55fd2ebd, auxiliaryRepositoryCheckoutDirectories=[Ljava.lang.String;@d6ab85], jobTimingInfo=JobTimingInfo[submissionDate=2025-02-14T23:42:53.068019209Z[Etc/UTC], buildStartDate=2025-02-14T23:42:53.092867394Z[Etc/UTC], buildCompletionDate=2025-02-14T23:42:55.086950323Z[Etc/UTC], estimatedCompletionDate=2025-02-14T23:43:12.092858828Z[Etc/UTC], estimatedDuration=19], buildConfig=BuildConfig[buildScript=#!/bin/bash
cd /var/tmp/testing-dir
chmod +x ./gradlew
./gradlew clean test
, dockerImage=dummy-docker-image:latest, commitHashToBuild=2d5c0482fc77d3f5ec0841962528a43054e83170, assignmentCommitHash=2d5c0482fc77d3f5ec0841962528a43054e83170, testCommitHash=7477e25d56ce5fee2c938542a7e7ed4ed085d373, branch=main, programmingLanguage=JAVA, projectType=PLAIN_GRADLE, scaEnabled=false, sequentialTestRunsEnabled=false, resultPaths=[/var/tmp/testing-dir/**/test-results/test/*.xml], timeoutSeconds=0, assignmentCheckoutPath=null, testCheckoutPath=null, solutionCheckoutPath=null, dockerRunConfig=null], submissionResult=ResultDTO[id=134, completionDate=2025-02-14T23:42:55.059618627Z[Etc/UTC], successful=false, score=7.7, rated=true, submission=SubmissionDTO[id=121, submitted=true, type=MANUAL, exampleSubmission=null, submissionDate=2025-02-14T23:42:53.048221Z, commitHash=2d5c0482fc77d3f5ec0841962528a43054e83170, buildFailed=false, buildArtifact=false, participation=ParticipationDTO[id=468, testRun=false, type=programming, submissionCount=null, exercise=ParticipationExerciseDTO[id=300, exerciseType=PROGRAMMING, type=programming, assessmentType=AUTOMATIC, dueDate=2025-02-16T23:42:52.873722Z, assessmentDueDate=null, maxPoints=42.0, course=CourseDTO[id=149, accuracyOfScores=1]]], submissionExerciseType=programming, isProcessing=false, buildStartDate=null, estimatedCompletionDate=null], participation=ParticipationDTO[id=468, testRun=false, type=programming, submissionCount=null, exercise=ParticipationExerciseDTO[id=300, exerciseType=PROGRAMMING, type=programming, assessmentType=AUTOMATIC, dueDate=2025-02-16T23:42:52.873722Z, assessmentDueDate=null, maxPoints=42.0, course=CourseDTO[id=149, accuracyOfScores=1]]], feedbacks=[FeedbackDTO[id=93, text=null, detailText=The exercise expects a class with the name Context in the package testpackage. You did not implement the class in the exercise., hasLongFeedbackText=false, reference=null, credits=0.0, positive=false, type=AUTOMATIC, visibility=ALWAYS, testCase=TestCaseDTO[testName=null, id=39]], FeedbackDTO[id=94, text=null, detailText=The exercise expects a class with the name Policy in the package testpackage. You did not implement the class in the exercise., hasLongFeedbackText=false, reference=null, credits=0.0, positive=false, type=AUTOMATIC, visibility=ALWAYS, testCase=TestCaseDTO[testName=null, id=40]], FeedbackDTO[id=95, text=null, detailText=The exercise expects a class with the name SortStrategy in the package testpackage. You did not implement the class in the exercise., hasLongFeedbackText=false, reference=null, credits=0.0, positive=false, type=AUTOMATIC, visibility=ALWAYS, testCase=TestCaseDTO[testName=null, id=41]], FeedbackDTO[id=96, text=null, detailText=The class 'MergeSort' does not implement the interface 'SortStrategy' as expected. Implement the interface and its methods., hasLongFeedbackText=false, reference=null, credits=0.0, positive=false, type=AUTOMATIC, visibility=ALWAYS, testCase=TestCaseDTO[testName=null, id=36]], FeedbackDTO[id=97, text=null, detailText=The exercise expects a class with the name SortStrategy in the package testpackage. You did not implement the class in the exercise., hasLongFeedbackText=false, reference=null, credits=0.0, positive=false, type=AUTOMATIC, visibility=ALWAYS, testCase=TestCaseDTO[testName=null, id=33]], FeedbackDTO[id=98, text=null, detailText=The class 'BubbleSort' does not implement the interface 'SortStrategy' as expected. Implement the interface and its methods., hasLongFeedbackText=false, reference=null, credits=0.0, positive=false, type=AUTOMATIC, visibility=ALWAYS, testCase=TestCaseDTO[testName=null, id=37]], FeedbackDTO[id=99, text=null, detailText=MergeSort does not sort correctly, hasLongFeedbackText=false, reference=null, credits=0.0, positive=false, type=AUTOMATIC, visibility=ALWAYS, testCase=TestCaseDTO[testName=null, id=42]], FeedbackDTO[id=100, text=null, detailText=The class 'Context' was not found within the submission. Make sure to implement it properly., hasLongFeedbackText=false, reference=null, credits=0.0, positive=false, type=AUTOMATIC, visibility=ALWAYS, testCase=TestCaseDTO[testName=null, id=43]], FeedbackDTO[id=101, text=null, detailText=The class 'Context' was not found within the submission. Make sure to implement it properly., hasLongFeedbackText=false, reference=null, credits=0.0, positive=false, type=AUTOMATIC, visibility=ALWAYS, testCase=TestCaseDTO[testName=null, id=44]], FeedbackDTO[id=102, text=null, detailText=The exercise expects a class with the name Policy in the package testpackage. You did not implement the class in the exercise., hasLongFeedbackText=false, reference=null, credits=0.0, positive=false, type=AUTOMATIC, visibility=ALWAYS, testCase=TestCaseDTO[testName=null, id=38]], FeedbackDTO[id=103, text=null, detailText=The exercise expects a class with the name Context in the package testpackage. You did not implement the class in the exercise., hasLongFeedbackText=false, reference=null, credits=0.0, positive=false, type=AUTOMATIC, visibility=ALWAYS, testCase=TestCaseDTO[testName=null, id=34]], FeedbackDTO[id=104, text=null, detailText=The exercise expects a class with the name Policy in the package testpackage. You did not implement the class in the exercise., hasLongFeedbackText=false, reference=null, credits=0.0, positive=false, type=AUTOMATIC, visibility=ALWAYS, testCase=TestCaseDTO[testName=null, id=35]], FeedbackDTO[id=105, text=null, detailText=null, hasLongFeedbackText=false, reference=null, credits=3.230769230769231, positive=true, type=AUTOMATIC, visibility=ALWAYS, testCase=TestCaseDTO[testName=null, id=45]]], assessmentType=AUTOMATIC, hasComplaint=null, exampleResult=null, testCaseCount=13, passedTestCaseCount=1, codeIssueCount=0]], BuildJobQueueItem[id=4741739576577297, name=SHORT88A9A223023E2047B709E4A029FA08BCF2CFTSTEXC-LOCALCIINTSTUDENT1, buildAgent=BuildAgentDTO[name=artemis-build-agent-test, memberAddress=[127.0.0.1]:5703, displayName=artemis-build-agent-test], participationId=474, courseId=151, exerciseId=302, retryCount=0, priority=2, status=SUCCESSFUL, repositoryInfo=RepositoryInfo[repositoryName=short88a9a223023e2047b709e4a029fa08bcf2cftstexc-localciintstudent1, repositoryType=user, triggeredByPushTo=user, assignmentRepositoryUri=http://localhost:49152/git/SHORT88A9A223023E2047B709E4A029FA08BCF2CFTSTEXC/short88a9a223023e2047b709e4a029fa08bcf2cftstexc-localciintstudent1.git, testRepositoryUri=http://localhost:49152/git/SHORT88A9A223023E2047B709E4A029FA08BCF2CFTSTEXC/short88a9a223023e2047b709e4a029fa08bcf2cftstexc-tests.git, solutionRepositoryUri=null, auxiliaryRepositoryUris=[Ljava.lang.String;@af0228b, auxiliaryRepositoryCheckoutDirectories=[Ljava.lang.String;@4266044], jobTimingInfo=JobTimingInfo[submissionDate=2025-02-14T23:42:57.297342281Z[Etc/UTC], buildStartDate=2025-02-14T23:42:57.308570327Z[Etc/UTC], buildCompletionDate=2025-02-14T23:42:59.047616654Z[Etc/UTC], estimatedCompletionDate=2025-02-14T23:43:16.308558064Z[Etc/UTC], estimatedDuration=19], buildConfig=BuildConfig[buildScript=#!/bin/bash
cd /var/tmp/testing-dir
chmod +x ./gradlew
./gradlew clean test
, dockerImage=dummy-docker-image:latest, commitHashToBuild=736cbea1e46d6849b41266b2bf1cccd3b9ea55b1, assignmentCommitHash=736cbea1e46d6849b41266b2bf1cccd3b9ea55b1, testCommitHash=ea6267edd396a304305339b036512b63e0374c66, branch=main, programmingLanguage=JAVA, projectType=PLAIN_GRADLE, scaEnabled=false, sequentialTestRunsEnabled=false, resultPaths=[/var/tmp/testing-dir/**/test-results/test/*.xml], timeoutSeconds=0, assignmentCheckoutPath=null, testCheckoutPath=null, solutionCheckoutPath=null, dockerRunConfig=null], submissionResult=ResultDTO[id=135, completionDate=2025-02-14T23:42:59.014168821Z[Etc/UTC], successful=false, score=7.7, rated=true, submission=SubmissionDTO[id=123, submitted=true, type=MANUAL, exampleSubmission=null, submissionDate=2025-02-14T23:42:57.278471Z, commitHash=736cbea1e46d6849b41266b2bf1cccd3b9ea55b1, buildFailed=false, buildArtifact=false, participation=ParticipationDTO[id=474, testRun=false, type=programming, submissionCount=null, exercise=ParticipationExerciseDTO[id=302, exerciseType=PROGRAMMING, type=programming, assessmentType=AUTOMATIC, dueDate=2025-02-16T23:42:56.796251Z, assessmentDueDate=null, maxPoints=42.0, course=CourseDTO[id=151, accuracyOfScores=1]]], submissionExerciseType=programming, isProcessing=false, buildStartDate=null, estimatedCompletionDate=null], participation=ParticipationDTO[id=474, testRun=false, type=programming, submissionCount=null, exercise=ParticipationExerciseDTO[id=302, exerciseType=PROGRAMMING, type=programming, assessmentType=AUTOMATIC, dueDate=2025-02-16T23:42:56.796251Z, assessmentDueDate=null, maxPoints=42.0, course=CourseDTO[id=151, accuracyOfScores=1]]], feedbacks=[FeedbackDTO[id=106, text=null, detailText=The exercise expects a class with the name Context in the package testpackage. You did not implement the class in the exercise., hasLongFeedbackText=false, reference=null, credits=0.0, positive=false, type=AUTOMATIC, visibility=ALWAYS, testCase=TestCaseDTO[testName=null, id=65]], FeedbackDTO[id=107, text=null, detailText=The exercise expects a class with the name Policy in the package testpackage. You did not implement the class in the exercise., hasLongFeedbackText=false, reference=null, credits=0.0, positive=false, type=AUTOMATIC, visibility=ALWAYS, testCase=TestCaseDTO[testName=null, id=66]], FeedbackDTO[id=108, text=null, detailText=The exercise expects a class with the name SortStrategy in the package testpackage. You did not implement the class in the exercise., hasLongFeedbackText=false, reference=null, credits=0.0, positive=false, type=AUTOMATIC, visibility=ALWAYS, testCase=TestCaseDTO[testName=null, id=67]], FeedbackDTO[id=109, text=null, detailText=The class 'MergeSort' does not implement the interface 'SortStrategy' as expected. Implement the interface and its methods., hasLongFeedbackText=false, reference=null, credits=0.0, positive=false, type=AUTOMATIC, visibility=ALWAYS, testCase=TestCaseDTO[testName=null, id=62]], FeedbackDTO[id=110, text=null, detailText=The exercise expects a class with the name SortStrategy in the package testpackage. You did not implement the class in the exercise., hasLongFeedbackText=false, reference=null, credits=0.0, positive=false, type=AUTOMATIC, visibility=ALWAYS, testCase=TestCaseDTO[testName=null, id=59]], FeedbackDTO[id=111, text=null, detailText=The class 'BubbleSort' does not implement the interface 'SortStrategy' as expected. Implement the interface and its methods., hasLongFeedbackText=false, reference=null, credits=0.0, positive=false, type=AUTOMATIC, visibility=ALWAYS, testCase=TestCaseDTO[testName=null, id=63]], FeedbackDTO[id=112, text=null, detailText=MergeSort does not sort correctly, hasLongFeedbackText=false, reference=null, credits=0.0, positive=false, type=AUTOMATIC, visibility=ALWAYS, testCase=TestCaseDTO[testName=null, id=68]], FeedbackDTO[id=113, text=null, detailText=The class 'Context' was not found within the submission. Make sure to implement it properly., hasLongFeedbackText=false, reference=null, credits=0.0, positive=false, type=AUTOMATIC, visibility=ALWAYS, testCase=TestCaseDTO[testName=null, id=69]], FeedbackDTO[id=114, text=null, detailText=The class 'Context' was not found within the submission. Make sure to implement it properly., hasLongFeedbackText=false, reference=null, credits=0.0, positive=false, type=AUTOMATIC, visibility=ALWAYS, testCase=TestCaseDTO[testName=null, id=70]], FeedbackDTO[id=115, text=null, detailText=The exercise expects a class with the name Policy in the package testpackage. You did not implement the class in the exercise., hasLongFeedbackText=false, reference=null, credits=0.0, positive=false, type=AUTOMATIC, visibility=ALWAYS, testCase=TestCaseDTO[testName=null, id=64]], FeedbackDTO[id=116, text=null, detailText=The exercise expects a class with the name Context in the package testpackage. You did not implement the class in the exercise., hasLongFeedbackText=false, reference=null, credits=0.0, positive=false, type=AUTOMATIC, visibility=ALWAYS, testCase=TestCaseDTO[testName=null, id=60]], FeedbackDTO[id=117, text=null, detailText=The exercise expects a class with the name Policy in the package testpackage. You did not implement the class in the exercise., hasLongFeedbackText=false, reference=null, credits=0.0, positive=false, type=AUTOMATIC, visibility=ALWAYS, testCase=TestCaseDTO[testName=null, id=61]], FeedbackDTO[id=118, text=null, detailText=null, hasLongFeedbackText=false, reference=null, credits=3.230769230769231, positive=true, type=AUTOMATIC, visibility=ALWAYS, testCase=TestCaseDTO[testName=null, id=71]]], assessmentType=AUTOMATIC, hasComplaint=null, exampleResult=null, testCaseCount=13, passedTestCaseCount=1, codeIssueCount=0]], BuildJobQueueItem[id=4771739576580898, name=SHORT51E611E30D6B60466F0B8BA0AA97F58888C2TSTEXC-LOCALCIINTSTUDENT1, buildAgent=BuildAgentDTO[name=artemis-build-agent-test, memberAddress=[127.0.0.1]:5703, displayName=artemis-build-agent-test], participationId=477, courseId=152, exerciseId=303, retryCount=0, priority=2, status=SUCCESSFUL, repositoryInfo=RepositoryInfo[repositoryName=short51e611e30d6b60466f0b8ba0aa97f58888c2tstexc-localciintstudent1, repositoryType=user, triggeredByPushTo=user, assignmentRepositoryUri=http://localhost:49152/git/SHORT51E611E30D6B60466F0B8BA0AA97F58888C2TSTEXC/short51e611e30d6b60466f0b8ba0aa97f58888c2tstexc-localciintstudent1.git, testRepositoryUri=http://localhost:49152/git/SHORT51E611E30D6B60466F0B8BA0AA97F58888C2TSTEXC/short51e611e30d6b60466f0b8ba0aa97f58888c2tstexc-tests.git, solutionRepositoryUri=null, auxiliaryRepositoryUris=[Ljava.lang.String;@38122ebb, auxiliaryRepositoryCheckoutDirectories=[Ljava.lang.String;@d2d30bf], jobTimingInfo=JobTimingInfo[submissionDate=2025-02-14T23:43:00.898532688Z[Etc/UTC], buildStartDate=2025-02-14T23:43:00.905733056Z[Etc/UTC], buildCompletionDate=2025-02-14T23:43:02.692768910Z[Etc/UTC], estimatedCompletionDate=2025-02-14T23:43:19.905720463Z[Etc/UTC], estimatedDuration=19], buildConfig=BuildConfig[buildScript=#!/bin/bash
cd /var/tmp/testing-dir
chmod +x ./gradlew
./gradlew clean test
, dockerImage=dummy-docker-image:latest, commitHashToBuild=8f3057cbd462f5e3de4e6ba85115f60d8dbb5aea, assignmentCommitHash=8f3057cbd462f5e3de4e6ba85115f60d8dbb5aea, testCommitHash=8f3057cbd462f5e3de4e6ba85115f60d8dbb5aea, branch=main, programmingLanguage=JAVA, projectType=PLAIN_GRADLE, scaEnabled=true, sequentialTestRunsEnabled=false, resultPaths=[/var/tmp/testing-dir/**/test-results/test/*.xml], timeoutSeconds=0, assignmentCheckoutPath=null, testCheckoutPath=null, solutionCheckoutPath=null, dockerRunConfig=null], submissionResult=ResultDTO[id=136, completionDate=2025-02-14T23:43:02.637820510Z[Etc/UTC], successful=false, score=7.7, rated=true, submission=SubmissionDTO[id=124, submitted=true, type=MANUAL, exampleSubmission=null, submissionDate=2025-02-14T23:43:00.886601Z, commitHash=8f3057cbd462f5e3de4e6ba85115f60d8dbb5aea, buildFailed=false, buildArtifact=false, participation=ParticipationDTO[id=477, testRun=false, type=programming, submissionCount=null, exercise=ParticipationExerciseDTO[id=303, exerciseType=PROGRAMMING, type=programming, assessmentType=AUTOMATIC, dueDate=2025-02-16T23:43:00.631824Z, assessmentDueDate=null, maxPoints=42.0, course=CourseDTO[id=152, accuracyOfScores=1]]], submissionExerciseType=programming, isProcessing=false, buildStartDate=null, estimatedCompletionDate=null], participation=ParticipationDTO[id=477, testRun=false, type=programming, submissionCount=null, exercise=ParticipationExerciseDTO[id=303, exerciseType=PROGRAMMING, type=programming, assessmentType=AUTOMATIC, dueDate=2025-02-16T23:43:00.631824Z, assessmentDueDate=null, maxPoints=42.0, course=CourseDTO[id=152, accuracyOfScores=1]]], feedbacks=[FeedbackDTO[id=119, text=null, detailText=The exercise expects a class with the name Context in the package testpackage. You did not implement the class in the exercise., hasLongFeedbackText=false, reference=null, credits=0.0, positive=false, type=AUTOMATIC, visibility=ALWAYS, testCase=TestCaseDTO[testName=null, id=78]], FeedbackDTO[id=120, text=null, detailText=The exercise expects a class with the name Policy in the package testpackage. You did not implement the class in the exercise., hasLongFeedbackText=false, reference=null, credits=0.0, positive=false, type=AUTOMATIC, visibility=ALWAYS, testCase=TestCaseDTO[testName=null, id=79]], FeedbackDTO[id=121, text=null, detailText=The exercise expects a class with the name SortStrategy in the package testpackage. You did not implement the class in the exercise., hasLongFeedbackText=false, reference=null, credits=0.0, positive=false, type=AUTOMATIC, visibility=ALWAYS, testCase=TestCaseDTO[testName=null, id=80]], FeedbackDTO[id=122, text=null, detailText=The class 'MergeSort' does not implement the interface 'SortStrategy' as expected. Implement the interface and its methods., hasLongFeedbackText=false, reference=null, credits=0.0, positive=false, type=AUTOMATIC, visibility=ALWAYS, testCase=TestCaseDTO[testName=null, id=75]], FeedbackDTO[id=123, text=null, detailText=The exercise expects a class with the name SortStrategy in the package testpackage. You did not implement the class in the exercise., hasLongFeedbackText=false, reference=null, credits=0.0, positive=false, type=AUTOMATIC, visibility=ALWAYS, testCase=TestCaseDTO[testName=null, id=72]], FeedbackDTO[id=124, text=null, detailText=The class 'BubbleSort' does not implement the interface 'SortStrategy' as expected. Implement the interface and its methods., hasLongFeedbackText=false, reference=null, credits=0.0, positive=false, type=AUTOMATIC, visibility=ALWAYS, testCase=TestCaseDTO[testName=null, id=76]], FeedbackDTO[id=125, text=null, detailText=MergeSort does not sort correctly, hasLongFeedbackText=false, reference=null, credits=0.0, positive=false, type=AUTOMATIC, visibility=ALWAYS, testCase=TestCaseDTO[testName=null, id=81]], FeedbackDTO[id=126, text=null, detailText=The class 'Context' was not found within the submission. Make sure to implement it properly., hasLongFeedbackText=false, reference=null, credits=0.0, positive=false, type=AUTOMATIC, visibility=ALWAYS, testCase=TestCaseDTO[testName=null, id=82]], FeedbackDTO[id=127, text=null, detailText=The class 'Context' was not found within the submission. Make sure to implement it properly., hasLongFeedbackText=false, reference=null, credits=0.0, positive=false, type=AUTOMATIC, visibility=ALWAYS, testCase=TestCaseDTO[testName=null, id=83]], FeedbackDTO[id=128, text=null, detailText=The exercise expects a class with the name Policy in the package testpackage. You did not implement the class in the exercise., hasLongFeedbackText=false, reference=null, credits=0.0, positive=false, type=AUTOMATIC, visibility=ALWAYS, testCase=TestCaseDTO[testName=null, id=77]], FeedbackDTO[id=129, text=null, detailText=The exercise expects a class with the name Context in the package testpackage. You did not implement the class in the exercise., hasLongFeedbackText=false, reference=null, credits=0.0, positive=false, type=AUTOMATIC, visibility=ALWAYS, testCase=TestCaseDTO[testName=null, id=73]], FeedbackDTO[id=130, text=null, detailText=The exercise expects a class with the name Policy in the package testpackage. You did not implement the class in the exercise., hasLongFeedbackText=false, reference=null, credits=0.0, positive=false, type=AUTOMATIC, visibility=ALWAYS, testCase=TestCaseDTO[testName=null, id=74]], FeedbackDTO[id=131, text=null, detailText=null, hasLongFeedbackText=false, reference=null, credits=3.230769230769231, positive=true, type=AUTOMATIC, visibility=ALWAYS, testCase=TestCaseDTO[testName=null, id=84]], FeedbackDTO[id=132, text=SCAFeedbackIdentifier:Bad Practice, detailText={"filePath":"src/code/Client.java","startLine":6,"endLine":6,"startColumn":1,"endColumn":26,"rule":"UnusedImports","category":"Best Practices","message":"Avoid unused imports such as 'javax.swing.JFrame'","priority":"4"}, hasLongFeedbackText=false, reference=PMD, credits=0.0, positive=false, type=AUTOMATIC, visibility=null, testCase=null], FeedbackDTO[id=133, text=SCAFeedbackIdentifier:Code Style, detailText={"filePath":"src/code/Client.java","startLine":7,"endLine":7,"startColumn":1,"endColumn":19,"rule":"DontImportJavaLang","category":"Code Style","message":"Avoid importing anything from the package java.lang","priority":"4"}, hasLongFeedbackText=false, reference=PMD, credits=0.0, positive=false, type=AUTOMATIC, visibility=null, testCase=null], FeedbackDTO[id=134, text=SCAFeedbackIdentifier:Bad Practice, detailText={"filePath":"src/code/Client.java","startLine":7,"endLine":7,"startColumn":1,"endColumn":19,"rule":"UnusedImports","category":"Best Practices","message":"Avoid unused imports such as 'java.lang'","priority":"4"}, hasLongFeedbackText=false, reference=PMD, credits=0.0, positive=false, type=AUTOMATIC, visibility=null, testCase=null], FeedbackDTO[id=135, text=SCAFeedbackIdentifier:Bad Practice, detailText={"filePath":"src/code/Client.java","startLine":73,"endLine":73,"startColumn":18,"endColumn":27,"rule":"UnusedLocalVariable","category":"Best Practices","message":"Avoid unused local variables such as 'randomDate'.","priority":"3"}, hasLongFeedbackText=false, reference=PMD, credits=0.0, positive=false, type=AUTOMATIC, visibility=null, testCase=null], FeedbackDTO[id=136, text=SCAFeedbackIdentifier:Bad Practice, detailText={"filePath":"src/code/Client.java","startLine":81,"endLine":81,"startColumn":31,"endColumn":53,"rule":"UnusedPrivateMethod","category":"Best Practices","message":"Avoid unused private methods such as 'CreateRandomDatesList()'.","priority":"3"}, hasLongFeedbackText=false, reference=PMD, credits=0.0, positive=false, type=AUTOMATIC, visibility=null, testCase=null], FeedbackDTO[id=137, text=SCAFeedbackIdentifier:Potential Bugs, detailText={"filePath":"src/code/Client.java","startLine":94,"endLine":94,"startColumn":9,"endColumn":9,"rule":"EmptyStatementNotInLoop","category":"Error Prone","message":"An empty statement (semicolon) not part of a loop","priority":"3"}, hasLongFeedbackText=false, reference=PMD, credits=0.0, positive=false, type=AUTOMATIC, visibility=null, testCase=null], FeedbackDTO[id=138, text=SCAFeedbackIdentifier:Potential Bugs, detailText={"filePath":"src/code/Client.java","startLine":94,"endLine":94,"startColumn":10,"endColumn":10,"rule":"EmptyStatementNotInLoop","category":"Error Prone","message":"An empty statement (semicolon) not part of a loop","priority":"3"}, hasLongFeedbackText=false, reference=PMD, credits=0.0, positive=false, type=AUTOMATIC, visibility=null, testCase=null], FeedbackDTO[id=139, text=SCAFeedbackIdentifier:Potential Bugs, detailText={"filePath":"src/code/Client.java","startLine":94,"endLine":94,"startColumn":11,"endColumn":11,"rule":"EmptyStatementNotInLoop","category":"Error Prone","message":"An empty statement (semicolon) not part of a loop","priority":"3"}, hasLongFeedbackText=false, reference=PMD, credits=0.0, positive=false, type=AUTOMATIC, visibility=null, testCase=null], FeedbackDTO[id=140, text=SCAFeedbackIdentifier:Code Style, detailText={"filePath":"src/code/Client.java","startLine":73,"endLine":73,"rule":"DLS_DEAD_LOCAL_STORE","category":"STYLE","message":"Dead store to randomDate in code.Client.createRandomDatesList()","priority":"2"}, hasLongFeedbackText=false, reference=SPOTBUGS, credits=0.0, positive=false, type=AUTOMATIC, visibility=null, testCase=null], FeedbackDTO[id=141, text=SCAFeedbackIdentifier:Bad Practice, detailText={"filePath":"src/code/Client.java","startLine":82,"endLine":95,"rule":"NM_METHOD_NAMING_CONVENTION","category":"BAD_PRACTICE","message":"The method name code.Client.CreateRandomDatesList() doesn't start with a lower case letter","priority":"3"}, hasLongFeedbackText=false, reference=SPOTBUGS, credits=0.0, positive=false, type=AUTOMATIC, visibility=null, testCase=null], FeedbackDTO[id=142, text=SCAFeedbackIdentifier:Performance, detailText={"filePath":"src/code/Client.java","startLine":82,"endLine":95,"rule":"UPM_UNCALLED_PRIVATE_METHOD","category":"PERFORMANCE","message":"Private method code.Client.CreateRandomDatesList() is never called","priority":"2"}, hasLongFeedbackText=false, reference=SPOTBUGS, credits=0.0, positive=false, type=AUTOMATIC, visibility=null, testCase=null], FeedbackDTO[id=143, text=SCAFeedbackIdentifier:Code Style, detailText={"filePath":"src/code/Client.java","startLine":70,"endLine":70,"startColumn":9,"endColumn":9,"rule":"NeedBracesCheck","category":"blocks","message":"'for' construct must use '{}'s.","priority":"error"}, hasLongFeedbackText=false, reference=CHECKSTYLE, credits=0.0, positive=false, type=AUTOMATIC, visibility=null, testCase=null], FeedbackDTO[id=144, text=SCAFeedbackIdentifier:Code Style, detailText={"filePath":"src/code/Client.java","startLine":93,"endLine":93,"startColumn":9,"endColumn":9,"rule":"EmptyStatementCheck","category":"coding","message":"Empty statement.","priority":"error"}, hasLongFeedbackText=false, reference=CHECKSTYLE, credits=0.0, positive=false, type=AUTOMATIC, visibility=null, testCase=null], FeedbackDTO[id=145, text=SCAFeedbackIdentifier:Code Style, detailText={"filePath":"src/code/Client.java","startLine":93,"endLine":93,"startColumn":10,"endColumn":10,"rule":"EmptyStatementCheck","category":"coding","message":"Empty statement.","priority":"error"}, hasLongFeedbackText=false, reference=CHECKSTYLE, credits=0.0, positive=false, type=AUTOMATIC, visibility=null, testCase=null], FeedbackDTO[id=146, text=SCAFeedbackIdentifier:Code Style, detailText={"filePath":"src/code/Client.java","startLine":93,"endLine":93,"startColumn":11,"endColumn":11,"rule":"EmptyStatementCheck","category":"coding","message":"Empty statement.","priority":"error"}, hasLongFeedbackText=false, reference=CHECKSTYLE, credits=0.0, positive=false, type=AUTOMATIC, visibility=null, testCase=null]], assessmentType=AUTOMATIC, hasComplaint=null, exampleResult=null, testCaseCount=13, passedTestCaseCount=1, codeIssueCount=15]], BuildJobQueueItem[id=4821739576584632, name=SHORT433BAC4500363044960B6E10DFA0493471B2TSTEXC-LOCALCIINTSTUDENT1, buildAgent=BuildAgentDTO[name=artemis-build-agent-test, memberAddress=[127.0.0.1]:5703, displayName=artemis-build-agent-test], participationId=482, courseId=154, exerciseId=305, retryCount=0, priority=2, status=SUCCESSFUL, repositoryInfo=RepositoryInfo[repositoryName=short433bac4500363044960b6e10dfa0493471b2tstexc-localciintstudent1, repositoryType=user, triggeredByPushTo=user, assignmentRepositoryUri=http://localhost:49152/git/SHORT433BAC4500363044960B6E10DFA0493471B2TSTEXC/short433bac4500363044960b6e10dfa0493471b2tstexc-localciintstudent1.git, testRepositoryUri=http://localhost:49152/git/SHORT433BAC4500363044960B6E10DFA0493471B2TSTEXC/short433bac4500363044960b6e10dfa0493471b2tstexc-tests.git, solutionRepositoryUri=null, auxiliaryRepositoryUris=[Ljava.lang.String;@6c2afeb, auxiliaryRepositoryCheckoutDirectories=[Ljava.lang.String;@31d1cb37], jobTimingInfo=JobTimingInfo[submissionDate=2025-02-14T23:43:04.632341258Z[Etc/UTC], buildStartDate=2025-02-14T23:43:04.637633457Z[Etc/UTC], buildCompletionDate=2025-02-14T23:43:06.421238953Z[Etc/UTC], estimatedCompletionDate=2025-02-14T23:43:23.637623879Z[Etc/UTC], estimatedDuration=19], buildConfig=BuildConfig[buildScript=#!/bin/bash
cd /var/tmp/testing-dir
chmod +x ./gradlew
./gradlew clean test
, dockerImage=dummy-docker-image:latest, commitHashToBuild=8355c4f3cd5d3e0443707d3310206e460e333c6f, assignmentCommitHash=8355c4f3cd5d3e0443707d3310206e460e333c6f, testCommitHash=8355c4f3cd5d3e0443707d3310206e460e333c6f, branch=main, programmingLanguage=JAVA, projectType=PLAIN_GRADLE, scaEnabled=false, sequentialTestRunsEnabled=false, resultPaths=[/var/tmp/testing-dir/**/test-results/test/*.xml], timeoutSeconds=0, assignmentCheckoutPath=null, testCheckoutPath=null, solutionCheckoutPath=null, dockerRunConfig=null], submissionResult=ResultDTO[id=137, completionDate=2025-02-14T23:43:06.404877412Z[Etc/UTC], successful=false, score=7.7, rated=true, submission=SubmissionDTO[id=125, submitted=true, type=MANUAL, exampleSubmission=null, submissionDate=2025-02-14T23:43:04.623230Z, commitHash=8355c4f3cd5d3e0443707d3310206e460e333c6f, buildFailed=false, buildArtifact=false, participation=ParticipationDTO[id=482, testRun=false, type=programming, submissionCount=null, exercise=ParticipationExerciseDTO[id=305, exerciseType=PROGRAMMING, type=programming, assessmentType=AUTOMATIC, dueDate=2025-02-16T23:43:04.425734Z, assessmentDueDate=null, maxPoints=42.0, course=CourseDTO[id=154, accuracyOfScores=1]]], submissionExerciseType=programming, isProcessing=false, buildStartDate=null, estimatedCompletionDate=null], participation=ParticipationDTO[id=482, testRun=false, type=programming, submissionCount=null, exercise=ParticipationExerciseDTO[id=305, exerciseType=PROGRAMMING, type=programming, assessmentType=AUTOMATIC, dueDate=2025-02-16T23:43:04.425734Z, assessmentDueDate=null, maxPoints=42.0, course=CourseDTO[id=154, accuracyOfScores=1]]], feedbacks=[FeedbackDTO[id=147, text=null, detailText=The exercise expects a class with the name Context in the package testpackage. You did not implement the class in the exercise., hasLongFeedbackText=false, reference=null, credits=0.0, positive=false, type=AUTOMATIC, visibility=ALWAYS, testCase=TestCaseDTO[testName=null, id=104]], FeedbackDTO[id=148, text=null, detailText=The exercise expects a class with the name Policy in the package testpackage. You did not implement the class in the exercise., hasLongFeedbackText=false, reference=null, credits=0.0, positive=false, type=AUTOMATIC, visibility=ALWAYS, testCase=TestCaseDTO[testName=null, id=105]], FeedbackDTO[id=149, text=null, detailText=The exercise expects a class with the name SortStrategy in the package testpackage. You did not implement the class in the exercise., hasLongFeedbackText=false, reference=null, credits=0.0, positive=false, type=AUTOMATIC, visibility=ALWAYS, testCase=TestCaseDTO[testName=null, id=106]], FeedbackDTO[id=150, text=null, detailText=The class 'MergeSort' does not implement the interface 'SortStrategy' as expected. Implement the interface and its methods., hasLongFeedbackText=false, reference=null, credits=0.0, positive=false, type=AUTOMATIC, visibility=ALWAYS, testCase=TestCaseDTO[testName=null, id=101]], FeedbackDTO[id=151, text=null, detailText=The exercise expects a class with the name SortStrategy in the package testpackage. You did not implement the class in the exercise., hasLongFeedbackText=false, reference=null, credits=0.0, positive=false, type=AUTOMATIC, visibility=ALWAYS, testCase=TestCaseDTO[testName=null, id=98]], FeedbackDTO[id=152, text=null, detailText=The class 'BubbleSort' does not implement the interface 'SortStrategy' as expected. Implement the interface and its methods., hasLongFeedbackText=false, reference=null, credits=0.0, positive=false, type=AUTOMATIC, visibility=ALWAYS, testCase=TestCaseDTO[testName=null, id=102]], FeedbackDTO[id=153, text=null, detailText=MergeSort does not sort correctly, hasLongFeedbackText=false, reference=null, credits=0.0, positive=false, type=AUTOMATIC, visibility=ALWAYS, testCase=TestCaseDTO[testName=null, id=107]], FeedbackDTO[id=154, text=null, detailText=The class 'Context' was not found within the submission. Make sure to implement it properly., hasLongFeedbackText=false, reference=null, credits=0.0, positive=false, type=AUTOMATIC, visibility=ALWAYS, testCase=TestCaseDTO[testName=null, id=108]], FeedbackDTO[id=155, text=null, detailText=The class 'Context' was not found within the submission. Make sure to implement it properly., hasLongFeedbackText=false, reference=null, credits=0.0, positive=false, type=AUTOMATIC, visibility=ALWAYS, testCase=TestCaseDTO[testName=null, id=109]], FeedbackDTO[id=156, text=null, detailText=The exercise expects a class with the name Policy in the package testpackage. You did not implement the class in the exercise., hasLongFeedbackText=false, reference=null, credits=0.0, positive=false, type=AUTOMATIC, visibility=ALWAYS, testCase=TestCaseDTO[testName=null, id=103]], FeedbackDTO[id=157, text=null, detailText=The exercise expects a class with the name Context in the package testpackage. You did not implement the class in the exercise., hasLongFeedbackText=false, reference=null, credits=0.0, positive=false, type=AUTOMATIC, visibility=ALWAYS, testCase=TestCaseDTO[testName=null, id=99]], FeedbackDTO[id=158, text=null, detailText=The exercise expects a class with the name Policy in the package testpackage. You did not implement the class in the exercise., hasLongFeedbackText=false, reference=null, credits=0.0, positive=false, type=AUTOMATIC, visibility=ALWAYS, testCase=TestCaseDTO[testName=null, id=100]], FeedbackDTO[id=159, text=null, detailText=null, hasLongFeedbackText=false, reference=null, credits=3.230769230769231, positive=true, type=AUTOMATIC, visibility=ALWAYS, testCase=TestCaseDTO[testName=null, id=110]]], assessmentType=AUTOMATIC, hasComplaint=null, exampleResult=null, testCaseCount=13, passedTestCaseCount=1, codeIssueCount=0]], BuildJobQueueItem[id=4851739576588371, name=SHORT495D587A0856D04A9E08BC60D2E08365FB9ETSTEXC-LOCALCIINTSTUDENT1, buildAgent=BuildAgentDTO[name=artemis-build-agent-test, memberAddress=[127.0.0.1]:5703, displayName=artemis-build-agent-test], participationId=485, courseId=155, exerciseId=306, retryCount=0, priority=2, status=FAILED, repositoryInfo=RepositoryInfo[repositoryName=short495d587a0856d04a9e08bc60d2e08365fb9etstexc-localciintstudent1, repositoryType=user, triggeredByPushTo=user, assignmentRepositoryUri=http://localhost:49152/git/SHORT495D587A0856D04A9E08BC60D2E08365FB9ETSTEXC/short495d587a0856d04a9e08bc60d2e08365fb9etstexc-localciintstudent1.git, testRepositoryUri=http://localhost:49152/git/SHORT495D587A0856D04A9E08BC60D2E08365FB9ETSTEXC/short495d587a0856d04a9e08bc60d2e08365fb9etstexc-tests.git, solutionRepositoryUri=null, auxiliaryRepositoryUris=[Ljava.lang.String;@189f5c40, auxiliaryRepositoryCheckoutDirectories=[Ljava.lang.String;@7c533f24], jobTimingInfo=JobTimingInfo[submissionDate=2025-02-14T23:43:08.371015915Z[Etc/UTC], buildStartDate=2025-02-14T23:43:08.374658929Z[Etc/UTC], buildCompletionDate=2025-02-14T23:43:09.341007666Z[Etc/UTC], estimatedCompletionDate=2025-02-14T23:43:27.374650503Z[Etc/UTC], estimatedDuration=19], buildConfig=BuildConfig[buildScript=#!/bin/bash
cd /var/tmp/testing-dir
chmod +x ./gradlew
./gradlew clean test
, dockerImage=dummy-docker-image:latest, commitHashToBuild=ebb8aa4dc3625fe07e975266e18313ad871ce864, assignmentCommitHash=9b3a9bd71a0d80e5bbc42204c319ed3d1d4f0d6d, testCommitHash=9b3a9bd71a0d80e5bbc42204c319ed3d1d4f0d6d, branch=main, programmingLanguage=JAVA, projectType=PLAIN_GRADLE, scaEnabled=false, sequentialTestRunsEnabled=false, resultPaths=[/var/tmp/testing-dir/**/test-results/test/*.xml], timeoutSeconds=0, assignmentCheckoutPath=null, testCheckoutPath=null, solutionCheckoutPath=null, dockerRunConfig=null], submissionResult=ResultDTO[id=138, completionDate=2025-02-14T23:43:09.343306574Z[Etc/UTC], successful=false, score=0.0, rated=true, submission=SubmissionDTO[id=127, submitted=true, type=MANUAL, exampleSubmission=null, submissionDate=2025-02-14T23:43:09.343306574Z[Etc/UTC], commitHash=9b3a9bd71a0d80e5bbc42204c319ed3d1d4f0d6d, buildFailed=true, buildArtifact=false, participation=ParticipationDTO[id=485, testRun=false, type=programming, submissionCount=null, exercise=ParticipationExerciseDTO[id=306, exerciseType=PROGRAMMING, type=programming, assessmentType=AUTOMATIC, dueDate=2025-02-16T23:43:08.185273Z, assessmentDueDate=null, maxPoints=42.0, course=CourseDTO[id=155, accuracyOfScores=1]]], submissionExerciseType=programming, isProcessing=false, buildStartDate=null, estimatedCompletionDate=null], participation=ParticipationDTO[id=485, testRun=false, type=programming, submissionCount=null, exercise=ParticipationExerciseDTO[id=306, exerciseType=PROGRAMMING, type=programming, assessmentType=AUTOMATIC, dueDate=2025-02-16T23:43:08.185273Z, assessmentDueDate=null, maxPoints=42.0, course=CourseDTO[id=155, accuracyOfScores=1]]], feedbacks=[], assessmentType=AUTOMATIC, hasComplaint=null, exampleResult=null, testCaseCount=0, passedTestCaseCount=0, codeIssueCount=0]], BuildJobQueueItem[id=4881739576590204, name=SHORT80B5DD0E0D6B304EBB096E9020B949996A1CTSTEXC-LOCALCIINTSTUDENT1, buildAgent=BuildAgentDTO[name=artemis-build-agent-test, memberAddress=[127.0.0.1]:5703, displayName=artemis-build-agent-test], participationId=488, courseId=156, exerciseId=307, retryCount=0, priority=2, status=SUCCESSFUL, repositoryInfo=RepositoryInfo[repositoryName=short80b5dd0e0d6b304ebb096e9020b949996a1ctstexc-localciintstudent1, repositoryType=user, triggeredByPushTo=user, assignmentRepositoryUri=http://localhost:49152/git/SHORT80B5DD0E0D6B304EBB096E9020B949996A1CTSTEXC/short80b5dd0e0d6b304ebb096e9020b949996a1ctstexc-localciintstudent1.git, testRepositoryUri=http://localhost:49152/git/SHORT80B5DD0E0D6B304EBB096E9020B949996A1CTSTEXC/short80b5dd0e0d6b304ebb096e9020b949996a1ctstexc-tests.git, solutionRepositoryUri=null, auxiliaryRepositoryUris=[Ljava.lang.String;@6ffd7ab2, auxiliaryRepositoryCheckoutDirectories=[Ljava.lang.String;@50ca8c09], jobTimingInfo=JobTimingInfo[submissionDate=2025-02-14T23:43:10.204264160Z[Etc/UTC], buildStartDate=2025-02-14T23:43:10.223149139Z[Etc/UTC], buildCompletionDate=2025-02-14T23:43:12.086509109Z[Etc/UTC], estimatedCompletionDate=2025-02-14T23:43:29.223142246Z[Etc/UTC], estimatedDuration=19], buildConfig=BuildConfig[buildScript=#!/bin/bash
cd /var/tmp/testing-dir
chmod +x ./gradlew
./gradlew clean test
, dockerImage=dummy-docker-image:latest, commitHashToBuild=b806a93102242552beed7c01b08b2769731814b3, assignmentCommitHash=b806a93102242552beed7c01b08b2769731814b3, testCommitHash=b806a93102242552beed7c01b08b2769731814b3, branch=main, programmingLanguage=JAVA, projectType=PLAIN_GRADLE, scaEnabled=false, sequentialTestRunsEnabled=false, resultPaths=[/var/tmp/testing-dir/**/test-results/test/*.xml], timeoutSeconds=0, assignmentCheckoutPath=null, testCheckoutPath=null, solutionCheckoutPath=null, dockerRunConfig=null], submissionResult=ResultDTO[id=139, completionDate=2025-02-14T23:43:12.066436124Z[Etc/UTC], successful=false, score=0.0, rated=true, submission=SubmissionDTO[id=128, submitted=true, type=MANUAL, exampleSubmission=null, submissionDate=2025-02-14T23:43:10.192407Z, commitHash=b806a93102242552beed7c01b08b2769731814b3, buildFailed=true, buildArtifact=false, participation=ParticipationDTO[id=488, testRun=false, type=programming, submissionCount=null, exercise=ParticipationExerciseDTO[id=307, exerciseType=PROGRAMMING, type=programming, assessmentType=AUTOMATIC, dueDate=2025-02-16T23:43:09.986646Z, assessmentDueDate=null, maxPoints=42.0, course=CourseDTO[id=156, accuracyOfScores=1]]], submissionExerciseType=programming, isProcessing=false, buildStartDate=null, estimatedCompletionDate=null], participation=ParticipationDTO[id=488, testRun=false, type=programming, submissionCount=null, exercise=ParticipationExerciseDTO[id=307, exerciseType=PROGRAMMING, type=programming, assessmentType=AUTOMATIC, dueDate=2025-02-16T23:43:09.986646Z, assessmentDueDate=null, maxPoints=42.0, course=CourseDTO[id=156, accuracyOfScores=1]]], feedbacks=[], assessmentType=AUTOMATIC, hasComplaint=null, exampleResult=null, testCaseCount=0, passedTestCaseCount=0, codeIssueCount=0]], BuildJobQueueItem[id=4911739576593817, name=SHORT585B2198089880462509B3007867E72DFB7ATSTEXC-LOCALCIINTSTUDENT1, buildAgent=BuildAgentDTO[name=artemis-build-agent-test, memberAddress=[127.0.0.1]:5703, displayName=artemis-build-agent-test], participationId=491, courseId=157, exerciseId=308, retryCount=0, priority=2, status=SUCCESSFUL, repositoryInfo=RepositoryInfo[repositoryName=short585b2198089880462509b3007867e72dfb7atstexc-localciintstudent1, repositoryType=user, triggeredByPushTo=user, assignmentRepositoryUri=http://localhost:49152/git/SHORT585B2198089880462509B3007867E72DFB7ATSTEXC/short585b2198089880462509b3007867e72dfb7atstexc-localciintstudent1.git, testRepositoryUri=http://localhost:49152/git/SHORT585B2198089880462509B3007867E72DFB7ATSTEXC/short585b2198089880462509b3007867e72dfb7atstexc-tests.git, solutionRepositoryUri=null, auxiliaryRepositoryUris=[Ljava.lang.String;@3255b70c, auxiliaryRepositoryCheckoutDirectories=[Ljava.lang.String;@571a047d], jobTimingInfo=JobTimingInfo[submissionDate=2025-02-14T23:43:13.817124706Z[Etc/UTC], buildStartDate=2025-02-14T23:43:13.834335931Z[Etc/UTC], buildCompletionDate=2025-02-14T23:43:15.746259139Z[Etc/UTC], estimatedCompletionDate=2025-02-14T23:43:32.834326082Z[Etc/UTC], estimatedDuration=19], buildConfig=BuildConfig[buildScript=#!/bin/bash
cd /var/tmp/testing-dir
chmod +x ./gradlew
./gradlew clean test
, dockerImage=dummy-docker-image:latest, commitHashToBuild=42077d078a5d5042fe2d4bd8299a990d342fce6e, assignmentCommitHash=42077d078a5d5042fe2d4bd8299a990d342fce6e, testCommitHash=42077d078a5d5042fe2d4bd8299a990d342fce6e, branch=main, programmingLanguage=JAVA, projectType=PLAIN_GRADLE, scaEnabled=false, sequentialTestRunsEnabled=false, resultPaths=[/var/tmp/testing-dir/**/test-results/test/*.xml], timeoutSeconds=0, assignmentCheckoutPath=null, testCheckoutPath=null, solutionCheckoutPath=null, dockerRunConfig=null], submissionResult=ResultDTO[id=140, completionDate=2025-02-14T23:43:15.725343914Z[Etc/UTC], successful=false, score=0.0, rated=true, submission=SubmissionDTO[id=129, submitted=true, type=MANUAL, exampleSubmission=null, submissionDate=2025-02-14T23:43:13.805401Z, commitHash=42077d078a5d5042fe2d4bd8299a990d342fce6e, buildFailed=false, buildArtifact=false, participation=ParticipationDTO[id=491, testRun=false, type=programming, submissionCount=null, exercise=ParticipationExerciseDTO[id=308, exerciseType=PROGRAMMING, type=programming, assessmentType=AUTOMATIC, dueDate=2025-02-16T23:43:13.569213Z, assessmentDueDate=null, maxPoints=42.0, course=CourseDTO[id=157, accuracyOfScores=1]]], submissionExerciseType=programming, isProcessing=false, buildStartDate=null, estimatedCompletionDate=null], participation=ParticipationDTO[id=491, testRun=false, type=programming, submissionCount=null, exercise=ParticipationExerciseDTO[id=308, exerciseType=PROGRAMMING, type=programming, assessmentType=AUTOMATIC, dueDate=2025-02-16T23:43:13.569213Z, assessmentDueDate=null, maxPoints=42.0, course=CourseDTO[id=157, accuracyOfScores=1]]], feedbacks=[FeedbackDTO[id=160, text=null, detailText=Deine Einreichung enthält keine Ausgabe. (67cac2), hasLongFeedbackText=false, reference=null, credits=0.0, positive=false, type=AUTOMATIC, visibility=ALWAYS, testCase=TestCaseDTO[testName=null, id=146]], FeedbackDTO[id=161, text=null, detailText=test `add` failed on ≥ 1 cases:
(0, 0)
Your submission raised an error Failure("TODO add"), hasLongFeedbackText=false, reference=null, credits=0.0, positive=false, type=AUTOMATIC, visibility=ALWAYS, testCase=TestCaseDTO[testName=null, id=149]], FeedbackDTO[id=162, text=null, detailText=test `filter` failed on ≥ 1 cases:
(even, [1; 2; 3; 4])
Your submission raised an error Failure("TODO filter"), hasLongFeedbackText=false, reference=null, credits=0.0, positive=false, type=AUTOMATIC, visibility=ALWAYS, testCase=TestCaseDTO[testName=null, id=148]], FeedbackDTO[id=163, text=null, detailText=Test was not executed., hasLongFeedbackText=false, reference=null, credits=0.0, positive=null, type=AUTOMATIC, visibility=null, testCase=TestCaseDTO[testName=null, id=137]], FeedbackDTO[id=164, text=null, detailText=Test was not executed., hasLongFeedbackText=false, reference=null, credits=0.0, positive=null, type=AUTOMATIC, visibility=null, testCase=TestCaseDTO[testName=null, id=138]], FeedbackDTO[id=165, text=null, detailText=Test was not executed., hasLongFeedbackText=false, reference=null, credits=0.0, positive=null, type=AUTOMATIC, visibility=null, testCase=TestCaseDTO[testName=null, id=139]], FeedbackDTO[id=166, text=null, detailText=Test was not executed., hasLongFeedbackText=false, reference=null, credits=0.0, positive=null, type=AUTOMATIC, visibility=null, testCase=TestCaseDTO[testName=null, id=140]], FeedbackDTO[id=167, text=null, detailText=Test was not executed., hasLongFeedbackText=false, reference=null, credits=0.0, positive=null, type=AUTOMATIC, visibility=null, testCase=TestCaseDTO[testName=null, id=141]], FeedbackDTO[id=168, text=null, detailText=Test was not executed., hasLongFeedbackText=false, reference=null, credits=0.0, positive=null, type=AUTOMATIC, visibility=null, testCase=TestCaseDTO[testName=null, id=142]], FeedbackDTO[id=169, text=null, detailText=Test was not executed., hasLongFeedbackText=false, reference=null, credits=0.0, positive=null, type=AUTOMATIC, visibility=null, testCase=TestCaseDTO[testName=null, id=143]], FeedbackDTO[id=170, text=null, detailText=Test was not executed., hasLongFeedbackText=false, reference=null, credits=0.0, positive=null, type=AUTOMATIC, visibility=null, testCase=TestCaseDTO[testName=null, id=144]], FeedbackDTO[id=171, text=null, detailText=Test was not executed., hasLongFeedbackText=false, reference=null, credits=0.0, positive=null, type=AUTOMATIC, visibility=null, testCase=TestCaseDTO[testName=null, id=145]], FeedbackDTO[id=172, text=null, detailText=Test was not executed., hasLongFeedbackText=false, reference=null, credits=0.0, positive=null, type=AUTOMATIC, visibility=null, testCase=TestCaseDTO[testName=null, id=147]]], assessmentType=AUTOMATIC, hasComplaint=null, exampleResult=null, testCaseCount=13, passedTestCaseCount=0, codeIssueCount=0]], BuildJobQueueItem[id=4941739576597286, name=SHORTFBCBD7BF0E6EB0451A080E80FCB407DC1F12TSTEXC-LOCALCIINTSTUDENT1, buildAgent=BuildAgentDTO[name=artemis-build-agent-test, memberAddress=[127.0.0.1]:5703, displayName=artemis-build-agent-test], participationId=494, courseId=158, exerciseId=309, retryCount=0, priority=2, status=SUCCESSFUL, repositoryInfo=RepositoryInfo[repositoryName=shortfbcbd7bf0e6eb0451a080e80fcb407dc1f12tstexc-localciintstudent1, repositoryType=user, triggeredByPushTo=user, assignmentRepositoryUri=http://localhost:49152/git/SHORTFBCBD7BF0E6EB0451A080E80FCB407DC1F12TSTEXC/shortfbcbd7bf0e6eb0451a080e80fcb407dc1f12tstexc-localciintstudent1.git, testRepositoryUri=http://localhost:49152/git/SHORTFBCBD7BF0E6EB0451A080E80FCB407DC1F12TSTEXC/shortfbcbd7bf0e6eb0451a080e80fcb407dc1f12tstexc-tests.git, solutionRepositoryUri=null, auxiliaryRepositoryUris=[Ljava.lang.String;@53b6dcc6, auxiliaryRepositoryCheckoutDirectories=[Ljava.lang.String;@5798b87d], jobTimingInfo=JobTimingInfo[submissionDate=2025-02-14T23:43:17.286977233Z[Etc/UTC], buildStartDate=2025-02-14T23:43:17.293977347Z[Etc/UTC], buildCompletionDate=2025-02-14T23:43:18.740990762Z[Etc/UTC], estimatedCompletionDate=2025-02-14T23:43:36.293970494Z[Etc/UTC], estimatedDuration=19], buildConfig=BuildConfig[buildScript=#!/bin/bash
cd /var/tmp/testing-dir
chmod +x ./gradlew
./gradlew clean test
, dockerImage=dummy-docker-image:latest, commitHashToBuild=4a1af7e8a64e6505c5fc09b9f81ea41af9fcff44, assignmentCommitHash=4a1af7e8a64e6505c5fc09b9f81ea41af9fcff44, testCommitHash=4a1af7e8a64e6505c5fc09b9f81ea41af9fcff44, branch=main, programmingLanguage=JAVA, projectType=PLAIN_GRADLE, scaEnabled=false, sequentialTestRunsEnabled=false, resultPaths=[/var/tmp/testing-dir/**/test-results/test/*.xml], timeoutSeconds=0, assignmentCheckoutPath=null, testCheckoutPath=null, solutionCheckoutPath=null, dockerRunConfig=null], submissionResult=ResultDTO[id=141, completionDate=2025-02-14T23:43:18.729015138Z[Etc/UTC], successful=false, score=0.0, rated=true, submission=SubmissionDTO[id=130, submitted=true, type=MANUAL, exampleSubmission=null, submissionDate=2025-02-14T23:43:17.272936Z, commitHash=4a1af7e8a64e6505c5fc09b9f81ea41af9fcff44, buildFailed=true, buildArtifact=false, participation=ParticipationDTO[id=494, testRun=false, type=programming, submissionCount=null, exercise=ParticipationExerciseDTO[id=309, exerciseType=PROGRAMMING, type=programming, assessmentType=AUTOMATIC, dueDate=2025-02-16T23:43:17.147218Z, assessmentDueDate=null, maxPoints=42.0, course=CourseDTO[id=158, accuracyOfScores=1]]], submissionExerciseType=programming, isProcessing=false, buildStartDate=null, estimatedCompletionDate=null], participation=ParticipationDTO[id=494, testRun=false, type=programming, submissionCount=null, exercise=ParticipationExerciseDTO[id=309, exerciseType=PROGRAMMING, type=programming, assessmentType=AUTOMATIC, dueDate=2025-02-16T23:43:17.147218Z, assessmentDueDate=null, maxPoints=42.0, course=CourseDTO[id=158, accuracyOfScores=1]]], feedbacks=[], assessmentType=AUTOMATIC, hasComplaint=null, exampleResult=null, testCaseCount=0, passedTestCaseCount=0, codeIssueCount=0]], BuildJobQueueItem[id=4971739576599269, name=SHORT52AD57270517204728083260501A19D262D1TSTEXC-LOCALCIINTSTUDENT1, buildAgent=BuildAgentDTO[name=artemis-build-agent-test, memberAddress=[127.0.0.1]:5703, displayName=artemis-build-agent-test], participationId=497, courseId=159, exerciseId=310, retryCount=0, priority=2, status=SUCCESSFUL, repositoryInfo=RepositoryInfo[repositoryName=short52ad57270517204728083260501a19d262d1tstexc-localciintstudent1, repositoryType=user, triggeredByPushTo=user, assignmentRepositoryUri=http://localhost:49152/git/SHORT52AD57270517204728083260501A19D262D1TSTEXC/short52ad57270517204728083260501a19d262d1tstexc-localciintstudent1.git, testRepositoryUri=http://localhost:49152/git/SHORT52AD57270517204728083260501A19D262D1TSTEXC/short52ad57270517204728083260501a19d262d1tstexc-tests.git, solutionRepositoryUri=null, auxiliaryRepositoryUris=[Ljava.lang.String;@48ea9855, auxiliaryRepositoryCheckoutDirectories=[Ljava.lang.String;@4fd444d9], jobTimingInfo=JobTimingInfo[submissionDate=2025-02-14T23:43:19.269997499Z[Etc/UTC], buildStartDate=2025-02-14T23:43:19.277325895Z[Etc/UTC], buildCompletionDate=2025-02-14T23:43:20.497391524Z[Etc/UTC], estimatedCompletionDate=2025-02-14T23:43:38.277310787Z[Etc/UTC], estimatedDuration=19], buildConfig=BuildConfig[buildScript=#!/bin/bash
cd /var/tmp/testing-dir
chmod +x ./gradlew
./gradlew clean test
, dockerImage=dummy-docker-image:latest, commitHashToBuild=9f4f76247a188e9a0f3516a9fbd60e829d53fb05, assignmentCommitHash=9f4f76247a188e9a0f3516a9fbd60e829d53fb05, testCommitHash=9f4f76247a188e9a0f3516a9fbd60e829d53fb05, branch=main, programmingLanguage=JAVA, projectType=PLAIN_GRADLE, scaEnabled=false, sequentialTestRunsEnabled=false, resultPaths=[/var/tmp/testing-dir/**/test-results/test/*.xml], timeoutSeconds=0, assignmentCheckoutPath=null, testCheckoutPath=null, solutionCheckoutPath=null, dockerRunConfig=null], submissionResult=ResultDTO[id=142, completionDate=2025-02-14T23:43:20.484244187Z[Etc/UTC], successful=false, score=7.7, rated=true, submission=SubmissionDTO[id=131, submitted=true, type=MANUAL, exampleSubmission=null, submissionDate=2025-02-14T23:43:19.265464Z, commitHash=9f4f76247a188e9a0f3516a9fbd60e829d53fb05, buildFailed=false, buildArtifact=false, participation=ParticipationDTO[id=497, testRun=false, type=programming, submissionCount=null, exercise=ParticipationExerciseDTO[id=310, exerciseType=PROGRAMMING, type=programming, assessmentType=AUTOMATIC, dueDate=2025-02-16T23:43:19.182228Z, assessmentDueDate=null, maxPoints=42.0, course=CourseDTO[id=159, accuracyOfScores=1]]], submissionExerciseType=programming, isProcessing=false, buildStartDate=null, estimatedCompletionDate=null], participation=ParticipationDTO[id=497, testRun=false, type=programming, submissionCount=null, exercise=ParticipationExerciseDTO[id=310, exerciseType=PROGRAMMING, type=programming, assessmentType=AUTOMATIC, dueDate=2025-02-16T23:43:19.182228Z, assessmentDueDate=null, maxPoints=42.0, course=CourseDTO[id=159, accuracyOfScores=1]]], feedbacks=[FeedbackDTO[id=173, text=null, detailText=The exercise expects a class with the name Context in the package testpackage. You did not implement the class in the exercise., hasLongFeedbackText=false, reference=null, credits=0.0, positive=false, type=AUTOMATIC, visibility=ALWAYS, testCase=TestCaseDTO[testName=null, id=169]], FeedbackDTO[id=174, text=null, detailText=The exercise expects a class with the name Policy in the package testpackage. You did not implement the class in the exercise., hasLongFeedbackText=false, reference=null, credits=0.0, positive=false, type=AUTOMATIC, visibility=ALWAYS, testCase=TestCaseDTO[testName=null, id=170]], FeedbackDTO[id=175, text=null, detailText=The exercise expects a class with the name SortStrategy in the package testpackage. You did not implement the class in the exercise., hasLongFeedbackText=false, reference=null, credits=0.0, positive=false, type=AUTOMATIC, visibility=ALWAYS, testCase=TestCaseDTO[testName=null, id=171]], FeedbackDTO[id=176, text=null, detailText=The class 'MergeSort' does not implement the interface 'SortStrategy' as expected. Implement the interface and its methods., hasLongFeedbackText=false, reference=null, credits=0.0, positive=false, type=AUTOMATIC, visibility=ALWAYS, testCase=TestCaseDTO[testName=null, id=166]], FeedbackDTO[id=177, text=null, detailText=The exercise expects a class with the name SortStrategy in the package testpackage. You did not implement the class in the exercise., hasLongFeedbackText=false, reference=null, credits=0.0, positive=false, type=AUTOMATIC, visibility=ALWAYS, testCase=TestCaseDTO[testName=null, id=163]], FeedbackDTO[id=178, text=null, detailText=The class 'BubbleSort' does not implement the interface 'SortStrategy' as expected. Implement the interface and its methods., hasLongFeedbackText=false, reference=null, credits=0.0, positive=false, type=AUTOMATIC, visibility=ALWAYS, testCase=TestCaseDTO[testName=null, id=167]], FeedbackDTO[id=179, text=null, detailText=MergeSort does not sort correctly, hasLongFeedbackText=false, reference=null, credits=0.0, positive=false, type=AUTOMATIC, visibility=ALWAYS, testCase=TestCaseDTO[testName=null, id=172]], FeedbackDTO[id=180, text=null, detailText=The class 'Context' was not found within the submission. Make sure to implement it properly., hasLongFeedbackText=false, reference=null, credits=0.0, positive=false, type=AUTOMATIC, visibility=ALWAYS, testCase=TestCaseDTO[testName=null, id=173]], FeedbackDTO[id=181, text=null, detailText=The class 'Context' was not found within the submission. Make sure to implement it properly., hasLongFeedbackText=false, reference=null, credits=0.0, positive=false, type=AUTOMATIC, visibility=ALWAYS, testCase=TestCaseDTO[testName=null, id=174]], FeedbackDTO[id=182, text=null, detailText=The exercise expects a class with the name Policy in the package testpackage. You did not implement the class in the exercise., hasLongFeedbackText=false, reference=null, credits=0.0, positive=false, type=AUTOMATIC, visibility=ALWAYS, testCase=TestCaseDTO[testName=null, id=168]], FeedbackDTO[id=183, text=null, detailText=The exercise expects a class with the name Context in the package testpackage. You did not implement the class in the exercise., hasLongFeedbackText=false, reference=null, credits=0.0, positive=false, type=AUTOMATIC, visibility=ALWAYS, testCase=TestCaseDTO[testName=null, id=164]], FeedbackDTO[id=184, text=null, detailText=The exercise expects a class with the name Policy in the package testpackage. You did not implement the class in the exercise., hasLongFeedbackText=false, reference=null, credits=0.0, positive=false, type=AUTOMATIC, visibility=ALWAYS, testCase=TestCaseDTO[testName=null, id=165]], FeedbackDTO[id=185, text=null, detailText=null, hasLongFeedbackText=false, reference=null, credits=3.230769230769231, positive=true, type=AUTOMATIC, visibility=ALWAYS, testCase=TestCaseDTO[testName=null, id=175]]], assessmentType=AUTOMATIC, hasComplaint=null, exampleResult=null, testCaseCount=13, passedTestCaseCount=1, codeIssueCount=0]], BuildJobQueueItem[id=5001739576601035, name=SHORT582B1BDC0A17704D6D0A46800FC19163DA47TSTEXC-LOCALCIINTSTUDENT1, buildAgent=BuildAgentDTO[name=artemis-build-agent-test, memberAddress=[127.0.0.1]:5703, displayName=artemis-build-agent-test], participationId=500, courseId=160, exerciseId=311, retryCount=0, priority=2, status=SUCCESSFUL, repositoryInfo=RepositoryInfo[repositoryName=short582b1bdc0a17704d6d0a46800fc19163da47tstexc-localciintstudent1, repositoryType=user, triggeredByPushTo=user, assignmentRepositoryUri=http://localhost:49152/git/SHORT582B1BDC0A17704D6D0A46800FC19163DA47TSTEXC/short582b1bdc0a17704d6d0a46800fc19163da47tstexc-localciintstudent1.git, testRepositoryUri=http://localhost:49152/git/SHORT582B1BDC0A17704D6D0A46800FC19163DA47TSTEXC/short582b1bdc0a17704d6d0a46800fc19163da47tstexc-tests.git, solutionRepositoryUri=null, auxiliaryRepositoryUris=[Ljava.lang.String;@2a61f109, auxiliaryRepositoryCheckoutDirectories=[Ljava.lang.String;@3828ef68], jobTimingInfo=JobTimingInfo[submissionDate=2025-02-14T23:43:21.035120760Z[Etc/UTC], buildStartDate=2025-02-14T23:43:21.040320383Z[Etc/UTC], buildCompletionDate=2025-02-14T23:43:22.581236903Z[Etc/UTC], estimatedCompletionDate=2025-02-14T23:43:40.040312057Z[Etc/UTC], estimatedDuration=19], buildConfig=BuildConfig[buildScript=#!/bin/bash
cd /var/tmp/testing-dir
chmod +x ./gradlew
./gradlew clean test
, dockerImage=dummy-docker-image:latest, commitHashToBuild=887566cf754016f986627cf5c5c365dea16c907f, assignmentCommitHash=887566cf754016f986627cf5c5c365dea16c907f, testCommitHash=6af67146332066e7430917928a4b9b81c43b7c71, branch=main, programmingLanguage=JAVA, projectType=PLAIN_GRADLE, scaEnabled=false, sequentialTestRunsEnabled=false, resultPaths=[/var/tmp/testing-dir/**/test-results/test/*.xml], timeoutSeconds=0, assignmentCheckoutPath=customAssignmentPath, testCheckoutPath=null, solutionCheckoutPath=null, dockerRunConfig=null], submissionResult=ResultDTO[id=143, completionDate=2025-02-14T23:43:22.538158998Z[Etc/UTC], successful=false, score=7.7, rated=true, submission=SubmissionDTO[id=132, submitted=true, type=MANUAL, exampleSubmission=null, submissionDate=2025-02-14T23:43:21.028930Z, commitHash=887566cf754016f986627cf5c5c365dea16c907f, buildFailed=false, buildArtifact=false, participation=ParticipationDTO[id=500, testRun=false, type=programming, submissionCount=null, exercise=ParticipationExerciseDTO[id=311, exerciseType=PROGRAMMING, type=programming, assessmentType=AUTOMATIC, dueDate=2025-02-16T23:43:20.897280Z, assessmentDueDate=null, maxPoints=42.0, course=CourseDTO[id=160, accuracyOfScores=1]]], submissionExerciseType=programming, isProcessing=false, buildStartDate=null, estimatedCompletionDate=null], participation=ParticipationDTO[id=500, testRun=false, type=programming, submissionCount=null, exercise=ParticipationExerciseDTO[id=311, exerciseType=PROGRAMMING, type=programming, assessmentType=AUTOMATIC, dueDate=2025-02-16T23:43:20.897280Z, assessmentDueDate=null, maxPoints=42.0, course=CourseDTO[id=160, accuracyOfScores=1]]], feedbacks=[FeedbackDTO[id=186, text=null, detailText=The exercise expects a class with the name Context in the package testpackage. You did not implement the class in the exercise., hasLongFeedbackText=false, reference=null, credits=0.0, positive=false, type=AUTOMATIC, visibility=ALWAYS, testCase=TestCaseDTO[testName=null, id=182]], FeedbackDTO[id=187, text=null, detailText=The exercise expects a class with the name Policy in the package testpackage. You did not implement the class in the exercise., hasLongFeedbackText=false, reference=null, credits=0.0, positive=false, type=AUTOMATIC, visibility=ALWAYS, testCase=TestCaseDTO[testName=null, id=183]], FeedbackDTO[id=188, text=null, detailText=The exercise expects a class with the name SortStrategy in the package testpackage. You did not implement the class in the exercise., hasLongFeedbackText=false, reference=null, credits=0.0, positive=false, type=AUTOMATIC, visibility=ALWAYS, testCase=TestCaseDTO[testName=null, id=184]], FeedbackDTO[id=189, text=null, detailText=The class 'MergeSort' does not implement the interface 'SortStrategy' as expected. Implement the interface and its methods., hasLongFeedbackText=false, reference=null, credits=0.0, positive=false, type=AUTOMATIC, visibility=ALWAYS, testCase=TestCaseDTO[testName=null, id=179]], FeedbackDTO[id=190, text=null, detailText=The exercise expects a class with the name SortStrategy in the package testpackage. You did not implement the class in the exercise., hasLongFeedbackText=false, reference=null, credits=0.0, positive=false, type=AUTOMATIC, visibility=ALWAYS, testCase=TestCaseDTO[testName=null, id=176]], FeedbackDTO[id=191, text=null, detailText=The class 'BubbleSort' does not implement the interface 'SortStrategy' as expected. Implement the interface and its methods., hasLongFeedbackText=false, reference=null, credits=0.0, positive=false, type=AUTOMATIC, visibility=ALWAYS, testCase=TestCaseDTO[testName=null, id=180]], FeedbackDTO[id=192, text=null, detailText=MergeSort does not sort correctly, hasLongFeedbackText=false, reference=null, credits=0.0, positive=false, type=AUTOMATIC, visibility=ALWAYS, testCase=TestCaseDTO[testName=null, id=185]], FeedbackDTO[id=193, text=null, detailText=The class 'Context' was not found within the submission. Make sure to implement it properly., hasLongFeedbackText=false, reference=null, credits=0.0, positive=false, type=AUTOMATIC, visibility=ALWAYS, testCase=TestCaseDTO[testName=null, id=186]], FeedbackDTO[id=194, text=null, detailText=The class 'Context' was not found within the submission. Make sure to implement it properly., hasLongFeedbackText=false, reference=null, credits=0.0, positive=false, type=AUTOMATIC, visibility=ALWAYS, testCase=TestCaseDTO[testName=null, id=187]], FeedbackDTO[id=195, text=null, detailText=The exercise expects a class with the name Policy in the package testpackage. You did not implement the class in the exercise., hasLongFeedbackText=false, reference=null, credits=0.0, positive=false, type=AUTOMATIC, visibility=ALWAYS, testCase=TestCaseDTO[testName=null, id=181]], FeedbackDTO[id=196, text=null, detailText=The exercise expects a class with the name Context in the package testpackage. You did not implement the class in the exercise., hasLongFeedbackText=false, reference=null, credits=0.0, positive=false, type=AUTOMATIC, visibility=ALWAYS, testCase=TestCaseDTO[testName=null, id=177]], FeedbackDTO[id=197, text=null, detailText=The exercise expects a class with the name Policy in the package testpackage. You did not implement the class in the exercise., hasLongFeedbackText=false, reference=null, credits=0.0, positive=false, type=AUTOMATIC, visibility=ALWAYS, testCase=TestCaseDTO[testName=null, id=178]], FeedbackDTO[id=198, text=null, detailText=null, hasLongFeedbackText=false, reference=null, credits=3.230769230769231, positive=true, type=AUTOMATIC, visibility=ALWAYS, testCase=TestCaseDTO[testName=null, id=188]]], assessmentType=AUTOMATIC, hasComplaint=null, exampleResult=null, testCaseCount=13, passedTestCaseCount=1, codeIssueCount=0]], BuildJobQueueItem[id=5031739576604847, name=SHORT00FA1A240403404C7E097D7007C591BE2AB1TSTEXC-LOCALCIINTSTUDENT1, buildAgent=BuildAgentDTO[name=artemis-build-agent-test, memberAddress=[127.0.0.1]:5703, displayName=artemis-build-agent-test], participationId=503, courseId=161, exerciseId=312, retryCount=0, priority=2, status=FAILED, repositoryInfo=RepositoryInfo[repositoryName=short00fa1a240403404c7e097d7007c591be2ab1tstexc-localciintstudent1, repositoryType=user, triggeredByPushTo=user, assignmentRepositoryUri=http://localhost:49152/git/SHORT00FA1A240403404C7E097D7007C591BE2AB1TSTEXC/short00fa1a240403404c7e097d7007c591be2ab1tstexc-localciintstudent1.git, testRepositoryUri=http://localhost:49152/git/SHORT00FA1A240403404C7E097D7007C591BE2AB1TSTEXC/short00fa1a240403404c7e097d7007c591be2ab1tstexc-tests.git, solutionRepositoryUri=null, auxiliaryRepositoryUris=[Ljava.lang.String;@241ce008, auxiliaryRepositoryCheckoutDirectories=[Ljava.lang.String;@49038ade], jobTimingInfo=JobTimingInfo[submissionDate=2025-02-14T23:43:24.847396156Z[Etc/UTC], buildStartDate=2025-02-14T23:43:24.860457211Z[Etc/UTC], buildCompletionDate=2025-02-14T23:43:26.809353681Z[Etc/UTC], estimatedCompletionDate=2025-02-14T23:43:46.860451490Z[Etc/UTC], estimatedDuration=22], buildConfig=BuildConfig[buildScript=#!/bin/bash
cd /var/tmp/testing-dir
chmod +x ./gradlew
./gradlew clean test
, dockerImage=dummy-docker-image:latest, commitHashToBuild=9690714a509af0a98c6790a7e52ee3574c7ef689, assignmentCommitHash=9690714a509af0a98c6790a7e52ee3574c7ef689, testCommitHash=9690714a509af0a98c6790a7e52ee3574c7ef689, branch=main, programmingLanguage=JAVA, projectType=PLAIN_GRADLE, scaEnabled=false, sequentialTestRunsEnabled=false, resultPaths=[/var/tmp/testing-dir/**/test-results/test/*.xml], timeoutSeconds=0, assignmentCheckoutPath=null, testCheckoutPath=null, solutionCheckoutPath=null, dockerRunConfig=null], submissionResult=ResultDTO[id=144, completionDate=2025-02-14T23:43:26.809483684Z[Etc/UTC], successful=false, score=0.0, rated=true, submission=SubmissionDTO[id=133, submitted=true, type=MANUAL, exampleSubmission=null, submissionDate=2025-02-14T23:43:24.841319Z, commitHash=9690714a509af0a98c6790a7e52ee3574c7ef689, buildFailed=true, buildArtifact=false, participation=ParticipationDTO[id=503, testRun=false, type=programming, submissionCount=null, exercise=ParticipationExerciseDTO[id=312, exerciseType=PROGRAMMING, type=programming, assessmentType=AUTOMATIC, dueDate=2025-02-16T23:43:24.571329Z, assessmentDueDate=null, maxPoints=42.0, course=CourseDTO[id=161, accuracyOfScores=1]]], submissionExerciseType=programming, isProcessing=false, buildStartDate=null, estimatedCompletionDate=null], participation=ParticipationDTO[id=503, testRun=false, type=programming, submissionCount=null, exercise=ParticipationExerciseDTO[id=312, exerciseType=PROGRAMMING, type=programming, assessmentType=AUTOMATIC, dueDate=2025-02-16T23:43:24.571329Z, assessmentDueDate=null, maxPoints=42.0, course=CourseDTO[id=161, accuracyOfScores=1]]], feedbacks=[], assessmentType=AUTOMATIC, hasComplaint=null, exampleResult=null, testCaseCount=0, passedTestCaseCount=0, codeIssueCount=0]], BuildJobQueueItem[id=5061739576605250, name=SHORT62C808EE04ECE040740AF7B0CF3AE5F5BEF2TSTEXC-LOCALCIINTSTUDENT1, buildAgent=BuildAgentDTO[name=artemis-build-agent-test, memberAddress=[127.0.0.1]:5703, displayName=artemis-build-agent-test], participationId=506, courseId=162, exerciseId=313, retryCount=0, priority=2, status=SUCCESSFUL, repositoryInfo=RepositoryInfo[repositoryName=short62c808ee04ece040740af7b0cf3ae5f5bef2tstexc-localciintstudent1, repositoryType=user, triggeredByPushTo=user, assignmentRepositoryUri=http://localhost:49152/git/SHORT62C808EE04ECE040740AF7B0CF3AE5F5BEF2TSTEXC/short62c808ee04ece040740af7b0cf3ae5f5bef2tstexc-localciintstudent1.git, testRepositoryUri=http://localhost:49152/git/SHORT62C808EE04ECE040740AF7B0CF3AE5F5BEF2TSTEXC/short62c808ee04ece040740af7b0cf3ae5f5bef2tstexc-tests.git, solutionRepositoryUri=null, auxiliaryRepositoryUris=[Ljava.lang.String;@6c4fd34e, auxiliaryRepositoryCheckoutDirectories=[Ljava.lang.String;@13e33200], jobTimingInfo=JobTimingInfo[submissionDate=2025-02-14T23:43:25.250749866Z[Etc/UTC], buildStartDate=2025-02-14T23:43:26.820713075Z[Etc/UTC], buildCompletionDate=2025-02-14T23:43:28.304236378Z[Etc/UTC], estimatedCompletionDate=2025-02-14T23:43:45.820704920Z[Etc/UTC], estimatedDuration=19], buildConfig=BuildConfig[buildScript=#!/bin/bash
cd /var/tmp/testing-dir
chmod +x ./gradlew
./gradlew clean test
, dockerImage=dummy-docker-image:latest, commitHashToBuild=993b6f756e3e52a44d0537d4fa3a5d0e0acdbe89, assignmentCommitHash=993b6f756e3e52a44d0537d4fa3a5d0e0acdbe89, testCommitHash=993b6f756e3e52a44d0537d4fa3a5d0e0acdbe89, branch=main, programmingLanguage=JAVA, projectType=null, scaEnabled=false, sequentialTestRunsEnabled=false, resultPaths=[/var/tmp/testing-dir/**/test-results/test/*.xml], timeoutSeconds=0, assignmentCheckoutPath=null, testCheckoutPath=null, solutionCheckoutPath=null, dockerRunConfig=null], submissionResult=ResultDTO[id=145, completionDate=2025-02-14T23:43:28.269051286Z[Etc/UTC], successful=false, score=7.7, rated=true, submission=SubmissionDTO[id=134, submitted=true, type=MANUAL, exampleSubmission=null, submissionDate=2025-02-14T23:43:25.241685Z, commitHash=993b6f756e3e52a44d0537d4fa3a5d0e0acdbe89, buildFailed=false, buildArtifact=false, participation=ParticipationDTO[id=506, testRun=false, type=programming, submissionCount=null, exercise=ParticipationExerciseDTO[id=313, exerciseType=PROGRAMMING, type=programming, assessmentType=AUTOMATIC, dueDate=2025-02-16T23:43:24.986721Z, assessmentDueDate=null, maxPoints=42.0, course=CourseDTO[id=162, accuracyOfScores=1]]], submissionExerciseType=programming, isProcessing=false, buildStartDate=null, estimatedCompletionDate=null], participation=ParticipationDTO[id=506, testRun=false, type=programming, submissionCount=null, exercise=ParticipationExerciseDTO[id=313, exerciseType=PROGRAMMING, type=programming, assessmentType=AUTOMATIC, dueDate=2025-02-16T23:43:24.986721Z, assessmentDueDate=null, maxPoints=42.0, course=CourseDTO[id=162, accuracyOfScores=1]]], feedbacks=[FeedbackDTO[id=199, text=null, detailText=The exercise expects a class with the name Context in the package testpackage. You did not implement the class in the exercise., hasLongFeedbackText=false, reference=null, credits=0.0, positive=false, type=AUTOMATIC, visibility=ALWAYS, testCase=TestCaseDTO[testName=null, id=208]], FeedbackDTO[id=200, text=null, detailText=The exercise expects a class with the name Policy in the package testpackage. You did not implement the class in the exercise., hasLongFeedbackText=false, reference=null, credits=0.0, positive=false, type=AUTOMATIC, visibility=ALWAYS, testCase=TestCaseDTO[testName=null, id=209]], FeedbackDTO[id=201, text=null, detailText=The exercise expects a class with the name SortStrategy in the package testpackage. You did not implement the class in the exercise., hasLongFeedbackText=false, reference=null, credits=0.0, positive=false, type=AUTOMATIC, visibility=ALWAYS, testCase=TestCaseDTO[testName=null, id=210]], FeedbackDTO[id=202, text=null, detailText=The class 'MergeSort' does not implement the interface 'SortStrategy' as expected. Implement the interface and its methods., hasLongFeedbackText=false, reference=null, credits=0.0, positive=false, type=AUTOMATIC, visibility=ALWAYS, testCase=TestCaseDTO[testName=null, id=205]], FeedbackDTO[id=203, text=null, detailText=The exercise expects a class with the name SortStrategy in the package testpackage. You did not implement the class in the exercise., hasLongFeedbackText=false, reference=null, credits=0.0, positive=false, type=AUTOMATIC, visibility=ALWAYS, testCase=TestCaseDTO[testName=null, id=202]], FeedbackDTO[id=204, text=null, detailText=The class 'BubbleSort' does not implement the interface 'SortStrategy' as expected. Implement the interface and its methods., hasLongFeedbackText=false, reference=null, credits=0.0, positive=false, type=AUTOMATIC, visibility=ALWAYS, testCase=TestCaseDTO[testName=null, id=206]], FeedbackDTO[id=205, text=null, detailText=MergeSort does not sort correctly, hasLongFeedbackText=false, reference=null, credits=0.0, positive=false, type=AUTOMATIC, visibility=ALWAYS, testCase=TestCaseDTO[testName=null, id=211]], FeedbackDTO[id=206, text=null, detailText=The class 'Context' was not found within the submission. Make sure to implement it properly., hasLongFeedbackText=false, reference=null, credits=0.0, positive=false, type=AUTOMATIC, visibility=ALWAYS, testCase=TestCaseDTO[testName=null, id=212]], FeedbackDTO[id=207, text=null, detailText=The class 'Context' was not found within the submission. Make sure to implement it properly., hasLongFeedbackText=false, reference=null, credits=0.0, positive=false, type=AUTOMATIC, visibility=ALWAYS, testCase=TestCaseDTO[testName=null, id=213]], FeedbackDTO[id=208, text=null, detailText=The exercise expects a class with the name Policy in the package testpackage. You did not implement the class in the exercise., hasLongFeedbackText=false, reference=null, credits=0.0, positive=false, type=AUTOMATIC, visibility=ALWAYS, testCase=TestCaseDTO[testName=null, id=207]], FeedbackDTO[id=209, text=null, detailText=The exercise expects a class with the name Context in the package testpackage. You did not implement the class in the exercise., hasLongFeedbackText=false, reference=null, credits=0.0, positive=false, type=AUTOMATIC, visibility=ALWAYS, testCase=TestCaseDTO[testName=null, id=203]], FeedbackDTO[id=210, text=null, detailText=The exercise expects a class with the name Policy in the package testpackage. You did not implement the class in the exercise., hasLongFeedbackText=false, reference=null, credits=0.0, positive=false, type=AUTOMATIC, visibility=ALWAYS, testCase=TestCaseDTO[testName=null, id=204]], FeedbackDTO[id=211, text=null, detailText=null, hasLongFeedbackText=false, reference=null, credits=3.230769230769231, positive=true, type=AUTOMATIC, visibility=ALWAYS, testCase=TestCaseDTO[testName=null, id=214]]], assessmentType=AUTOMATIC, hasComplaint=null, exampleResult=null, testCaseCount=13, passedTestCaseCount=1, codeIssueCount=0]]], publicSshKey=ssh-rsa AAAAB3NzaC1yc2EAAAADAQABAAACAQCOPdMsxRE2jFJ/UEa5/LsBxtwzJcrh3/rYBCQvcMeVpiRfhzQPWu7mrt/G2Ew+i+vRloGH9aqKg6dd1liRncao53Zmd/ePxoatXePNhmzTfkCkcSkTUz7B+QMjkoDDV5jwuFPD6mF3JkhuzSi64n9Zy905t4w2IhVcjM2mL3eYNjiCXt6Qpq3Pkt7dM/Ksw1nxnvuiIALuJLB3FTkXkHqq3PJav+9HSq2r6ZaWgekneaGxlQlb+U+Vy3XOuArKAzK8c8i+0bR+AHiTG6ncYXt7ax3U+TdlDTF7OLP3umwaYjs1NBXOHwG42pevvpKn2fqavZZozk+M05jXLx3bq0O7itxfErWc7etky8qYPyyIMF/txQIVLd78+Ze4d7Y60t5MGbXM5cGE6fFif5fEJwgswXD+BrG0cafz1CTatjSKFdvp8Vp4VszXhHDan1PrP6JEFJ5Cc5GDmLRZPCFa3vL9f5qXgf4bkqKN8MYeEujwJE5nMRWoiJVNakix2bcrrneQMBlnYeYZVWXXXUusAQBzl4NgddC1umZpihZkL1b1MffZAUW3EGEXi7KHnllQhkTLLsQ8ntMgbylqaJKStqaXlLvdeRJcEnUuiFCrHEVVbXRFZR7XVDZ02CE5o3MuaRPty8Kh+jRTF3COlAckHwYEJCNNJvXFgb2CNXL4mjzYDw== test@localhost]
    23:43:30.730 | 370 ool-1-worker-134 | INFO  | i.z.t.d.l.EmbeddedDatabaseReporter   : JDBC URL to connect to 'dataSource': url='jdbc:h2:tcp://localhost:41063/mem:736625c0-cf5e-400d-aeaa-8a7eabd6262b;USER=sa', scope='StudentExamIntegrationTest#testGradedFinalExamSummaryWithPlagiarismAndNotParticipatedBonusExamAsStudent'
    23:43:30.731 | 566 localvc.event-13 | DEBUG | s.l.LocalCIWebsocketMessagingService : Sending message on topic /topic/admin/build-agents: [BuildAgentInformation[buildAgent=BuildAgentDTO[name=artemis-build-agent-test, memberAddress=[127.0.0.1]:5703, displayName=artemis-build-agent-test], maxNumberOfConcurrentBuildJobs=1, numberOfCurrentBuildJobs=0, runningBuildJobs=[], status=IDLE, recentBuildJobs=null, publicSshKey=null]]
    23:43:30.733 | 566 localvc.event-13 | DEBUG | s.l.LocalCIWebsocketMessagingService : Sending message on topic /topic/admin/build-agent/artemis-build-agent-test: BuildAgentInformation[buildAgent=BuildAgentDTO[name=artemis-build-agent-test, memberAddress=[127.0.0.1]:5703, displayName=artemis-build-agent-test], maxNumberOfConcurrentBuildJobs=1, numberOfCurrentBuildJobs=0, runningBuildJobs=[], status=IDLE, recentBuildJobs=[BuildJobQueueItem[id=4621739576562326, name=SHORT43ACF76B02BC1044B80938509D14043FABDETSTEXC-LOCALCIINTSTUDENT1, buildAgent=BuildAgentDTO[name=artemis-build-agent-test, memberAddress=[127.0.0.1]:5703, displayName=artemis-build-agent-test], participationId=462, courseId=147, exerciseId=298, retryCount=0, priority=2, status=SUCCESSFUL, repositoryInfo=RepositoryInfo[repositoryName=short43acf76b02bc1044b80938509d14043fabdetstexc-localciintstudent1, repositoryType=user, triggeredByPushTo=user, assignmentRepositoryUri=http://localhost:49152/git/SHORT43ACF76B02BC1044B80938509D14043FABDETSTEXC/short43acf76b02bc1044b80938509d14043fabdetstexc-localciintstudent1.git, testRepositoryUri=http://localhost:49152/git/SHORT43ACF76B02BC1044B80938509D14043FABDETSTEXC/short43acf76b02bc1044b80938509d14043fabdetstexc-tests.git, solutionRepositoryUri=null, auxiliaryRepositoryUris=[Ljava.lang.String;@17fbdf3d, auxiliaryRepositoryCheckoutDirectories=[Ljava.lang.String;@1d828cf0], jobTimingInfo=JobTimingInfo[submissionDate=2025-02-14T23:42:42.326978596Z[Etc/UTC], buildStartDate=2025-02-14T23:42:42.420147010Z[Etc/UTC], buildCompletionDate=2025-02-14T23:42:45.573855829Z[Etc/UTC], estimatedCompletionDate=2025-02-14T23:43:01.420129377Z[Etc/UTC], estimatedDuration=19], buildConfig=BuildConfig[buildScript=#!/bin/bash
cd /var/tmp/testing-dir
chmod +x ./gradlew
./gradlew clean test
, dockerImage=dummy-docker-image:latest, commitHashToBuild=a9c717ccf7bcbe9531d3eee21dbaeb5aab2ff971, assignmentCommitHash=a9c717ccf7bcbe9531d3eee21dbaeb5aab2ff971, testCommitHash=a9c717ccf7bcbe9531d3eee21dbaeb5aab2ff971, branch=main, programmingLanguage=JAVA, projectType=PLAIN_GRADLE, scaEnabled=false, sequentialTestRunsEnabled=false, resultPaths=[/var/tmp/testing-dir/**/test-results/test/*.xml], timeoutSeconds=0, assignmentCheckoutPath=null, testCheckoutPath=null, solutionCheckoutPath=null, dockerRunConfig=DockerRunConfig[isNetworkDisabled=true, env=[key=value]]], submissionResult=ResultDTO[id=132, completionDate=2025-02-14T23:42:45.519869118Z[Etc/UTC], successful=false, score=7.7, rated=true, submission=SubmissionDTO[id=119, submitted=true, type=MANUAL, exampleSubmission=null, submissionDate=2025-02-14T23:42:42.302762Z, commitHash=a9c717ccf7bcbe9531d3eee21dbaeb5aab2ff971, buildFailed=false, buildArtifact=false, participation=ParticipationDTO[id=462, testRun=false, type=programming, submissionCount=null, exercise=ParticipationExerciseDTO[id=298, exerciseType=PROGRAMMING, type=programming, assessmentType=AUTOMATIC, dueDate=2025-02-16T23:42:41.553955Z, assessmentDueDate=null, maxPoints=42.0, course=CourseDTO[id=147, accuracyOfScores=1]]], submissionExerciseType=programming, isProcessing=false, buildStartDate=null, estimatedCompletionDate=null], participation=ParticipationDTO[id=462, testRun=false, type=programming, submissionCount=null, exercise=ParticipationExerciseDTO[id=298, exerciseType=PROGRAMMING, type=programming, assessmentType=AUTOMATIC, dueDate=2025-02-16T23:42:41.553955Z, assessmentDueDate=null, maxPoints=42.0, course=CourseDTO[id=147, accuracyOfScores=1]]], feedbacks=[FeedbackDTO[id=67, text=null, detailText=The exercise expects a class with the name Context in the package testpackage. You did not implement the class in the exercise., hasLongFeedbackText=false, reference=null, credits=0.0, positive=false, type=AUTOMATIC, visibility=ALWAYS, testCase=TestCaseDTO[testName=null, id=13]], FeedbackDTO[id=68, text=null, detailText=The exercise expects a class with the name Policy in the package testpackage. You did not implement the class in the exercise., hasLongFeedbackText=false, reference=null, credits=0.0, positive=false, type=AUTOMATIC, visibility=ALWAYS, testCase=TestCaseDTO[testName=null, id=14]], FeedbackDTO[id=69, text=null, detailText=The exercise expects a class with the name SortStrategy in the package testpackage. You did not implement the class in the exercise., hasLongFeedbackText=false, reference=null, credits=0.0, positive=false, type=AUTOMATIC, visibility=ALWAYS, testCase=TestCaseDTO[testName=null, id=15]], FeedbackDTO[id=70, text=null, detailText=The class 'MergeSort' does not implement the interface 'SortStrategy' as expected. Implement the interface and its methods., hasLongFeedbackText=false, reference=null, credits=0.0, positive=false, type=AUTOMATIC, visibility=ALWAYS, testCase=TestCaseDTO[testName=null, id=10]], FeedbackDTO[id=71, text=null, detailText=The exercise expects a class with the name SortStrategy in the package testpackage. You did not implement the class in the exercise., hasLongFeedbackText=false, reference=null, credits=0.0, positive=false, type=AUTOMATIC, visibility=ALWAYS, testCase=TestCaseDTO[testName=null, id=7]], FeedbackDTO[id=72, text=null, detailText=The class 'BubbleSort' does not implement the interface 'SortStrategy' as expected. Implement the interface and its methods., hasLongFeedbackText=false, reference=null, credits=0.0, positive=false, type=AUTOMATIC, visibility=ALWAYS, testCase=TestCaseDTO[testName=null, id=11]], FeedbackDTO[id=73, text=null, detailText=MergeSort does not sort correctly, hasLongFeedbackText=false, reference=null, credits=0.0, positive=false, type=AUTOMATIC, visibility=ALWAYS, testCase=TestCaseDTO[testName=null, id=16]], FeedbackDTO[id=74, text=null, detailText=The class 'Context' was not found within the submission. Make sure to implement it properly., hasLongFeedbackText=false, reference=null, credits=0.0, positive=false, type=AUTOMATIC, visibility=ALWAYS, testCase=TestCaseDTO[testName=null, id=17]], FeedbackDTO[id=75, text=null, detailText=The class 'Context' was not found within the submission. Make sure to implement it properly., hasLongFeedbackText=false, reference=null, credits=0.0, positive=false, type=AUTOMATIC, visibility=ALWAYS, testCase=TestCaseDTO[testName=null, id=18]], FeedbackDTO[id=76, text=null, detailText=The exercise expects a class with the name Policy in the package testpackage. You did not implement the class in the exercise., hasLongFeedbackText=false, reference=null, credits=0.0, positive=false, type=AUTOMATIC, visibility=ALWAYS, testCase=TestCaseDTO[testName=null, id=12]], FeedbackDTO[id=77, text=null, detailText=The exercise expects a class with the name Context in the package testpackage. You did not implement the class in the exercise., hasLongFeedbackText=false, reference=null, credits=0.0, positive=false, type=AUTOMATIC, visibility=ALWAYS, testCase=TestCaseDTO[testName=null, id=8]], FeedbackDTO[id=78, text=null, detailText=The exercise expects a class with the name Policy in the package testpackage. You did not implement the class in the exercise., hasLongFeedbackText=false, reference=null, credits=0.0, positive=false, type=AUTOMATIC, visibility=ALWAYS, testCase=TestCaseDTO[testName=null, id=9]], FeedbackDTO[id=79, text=null, detailText=null, hasLongFeedbackText=false, reference=null, credits=3.230769230769231, positive=true, type=AUTOMATIC, visibility=ALWAYS, testCase=TestCaseDTO[testName=null, id=19]]], assessmentType=AUTOMATIC, hasComplaint=null, exampleResult=null, testCaseCount=13, passedTestCaseCount=1, codeIssueCount=0]], BuildJobQueueItem[id=4651739576569330, name=SHORTB06DD3F905F4604F6E085260D83ED657A6DFTSTEXC-LOCALCIINTSTUDENT1, buildAgent=BuildAgentDTO[name=artemis-build-agent-test, memberAddress=[127.0.0.1]:5703, displayName=artemis-build-agent-test], participationId=465, courseId=148, exerciseId=299, retryCount=0, priority=2, status=SUCCESSFUL, repositoryInfo=RepositoryInfo[repositoryName=shortb06dd3f905f4604f6e085260d83ed657a6dftstexc-localciintstudent1, repositoryType=user, triggeredByPushTo=user, assignmentRepositoryUri=http://localhost:49152/git/SHORTB06DD3F905F4604F6E085260D83ED657A6DFTSTEXC/shortb06dd3f905f4604f6e085260d83ed657a6dftstexc-localciintstudent1.git, testRepositoryUri=http://localhost:49152/git/SHORTB06DD3F905F4604F6E085260D83ED657A6DFTSTEXC/shortb06dd3f905f4604f6e085260d83ed657a6dftstexc-tests.git, solutionRepositoryUri=null, auxiliaryRepositoryUris=[Ljava.lang.String;@29ec69b8, auxiliaryRepositoryCheckoutDirectories=[Ljava.lang.String;@49fb0a73], jobTimingInfo=JobTimingInfo[submissionDate=2025-02-14T23:42:49.330093960Z[Etc/UTC], buildStartDate=2025-02-14T23:42:49.347797345Z[Etc/UTC], buildCompletionDate=2025-02-14T23:42:51.204319751Z[Etc/UTC], estimatedCompletionDate=2025-02-14T23:43:08.347788449Z[Etc/UTC], estimatedDuration=19], buildConfig=BuildConfig[buildScript=#!/bin/bash
cd /var/tmp/testing-dir
chmod +x ./gradlew
./gradlew clean test
, dockerImage=dummy-docker-image:latest, commitHashToBuild=41581fff25954d36cf07586926ee0c77d1003131, assignmentCommitHash=41581fff25954d36cf07586926ee0c77d1003131, testCommitHash=41581fff25954d36cf07586926ee0c77d1003131, branch=main, programmingLanguage=JAVA, projectType=PLAIN_GRADLE, scaEnabled=false, sequentialTestRunsEnabled=false, resultPaths=[/var/tmp/testing-dir/**/test-results/test/*.xml], timeoutSeconds=0, assignmentCheckoutPath=null, testCheckoutPath=null, solutionCheckoutPath=null, dockerRunConfig=null], submissionResult=ResultDTO[id=133, completionDate=2025-02-14T23:42:51.155372920Z[Etc/UTC], successful=false, score=7.7, rated=true, submission=SubmissionDTO[id=120, submitted=true, type=MANUAL, exampleSubmission=null, submissionDate=2025-02-14T23:42:49.321855Z, commitHash=41581fff25954d36cf07586926ee0c77d1003131, buildFailed=false, buildArtifact=false, participation=ParticipationDTO[id=465, testRun=false, type=programming, submissionCount=null, exercise=ParticipationExerciseDTO[id=299, exerciseType=PROGRAMMING, type=programming, assessmentType=AUTOMATIC, dueDate=2025-02-16T23:42:49.163661Z, assessmentDueDate=null, maxPoints=42.0, course=CourseDTO[id=148, accuracyOfScores=1]]], submissionExerciseType=programming, isProcessing=false, buildStartDate=null, estimatedCompletionDate=null], participation=ParticipationDTO[id=465, testRun=false, type=programming, submissionCount=null, exercise=ParticipationExerciseDTO[id=299, exerciseType=PROGRAMMING, type=programming, assessmentType=AUTOMATIC, dueDate=2025-02-16T23:42:49.163661Z, assessmentDueDate=null, maxPoints=42.0, course=CourseDTO[id=148, accuracyOfScores=1]]], feedbacks=[FeedbackDTO[id=80, text=null, detailText=The exercise expects a class with the name Context in the package testpackage. You did not implement the class in the exercise., hasLongFeedbackText=false, reference=null, credits=0.0, positive=false, type=AUTOMATIC, visibility=ALWAYS, testCase=TestCaseDTO[testName=null, id=26]], FeedbackDTO[id=81, text=null, detailText=The exercise expects a class with the name Policy in the package testpackage. You did not implement the class in the exercise., hasLongFeedbackText=false, reference=null, credits=0.0, positive=false, type=AUTOMATIC, visibility=ALWAYS, testCase=TestCaseDTO[testName=null, id=27]], FeedbackDTO[id=82, text=null, detailText=The exercise expects a class with the name SortStrategy in the package testpackage. You did not implement the class in the exercise., hasLongFeedbackText=false, reference=null, credits=0.0, positive=false, type=AUTOMATIC, visibility=ALWAYS, testCase=TestCaseDTO[testName=null, id=28]], FeedbackDTO[id=83, text=null, detailText=The class 'MergeSort' does not implement the interface 'SortStrategy' as expected. Implement the interface and its methods., hasLongFeedbackText=false, reference=null, credits=0.0, positive=false, type=AUTOMATIC, visibility=ALWAYS, testCase=TestCaseDTO[testName=null, id=23]], FeedbackDTO[id=84, text=null, detailText=The exercise expects a class with the name SortStrategy in the package testpackage. You did not implement the class in the exercise., hasLongFeedbackText=false, reference=null, credits=0.0, positive=false, type=AUTOMATIC, visibility=ALWAYS, testCase=TestCaseDTO[testName=null, id=20]], FeedbackDTO[id=85, text=null, detailText=The class 'BubbleSort' does not implement the interface 'SortStrategy' as expected. Implement the interface and its methods., hasLongFeedbackText=false, reference=null, credits=0.0, positive=false, type=AUTOMATIC, visibility=ALWAYS, testCase=TestCaseDTO[testName=null, id=24]], FeedbackDTO[id=86, text=null, detailText=MergeSort does not sort correctly, hasLongFeedbackText=false, reference=null, credits=0.0, positive=false, type=AUTOMATIC, visibility=ALWAYS, testCase=TestCaseDTO[testName=null, id=29]], FeedbackDTO[id=87, text=null, detailText=The class 'Context' was not found within the submission. Make sure to implement it properly., hasLongFeedbackText=false, reference=null, credits=0.0, positive=false, type=AUTOMATIC, visibility=ALWAYS, testCase=TestCaseDTO[testName=null, id=30]], FeedbackDTO[id=88, text=null, detailText=The class 'Context' was not found within the submission. Make sure to implement it properly., hasLongFeedbackText=false, reference=null, credits=0.0, positive=false, type=AUTOMATIC, visibility=ALWAYS, testCase=TestCaseDTO[testName=null, id=31]], FeedbackDTO[id=89, text=null, detailText=The exercise expects a class with the name Policy in the package testpackage. You did not implement the class in the exercise., hasLongFeedbackText=false, reference=null, credits=0.0, positive=false, type=AUTOMATIC, visibility=ALWAYS, testCase=TestCaseDTO[testName=null, id=25]], FeedbackDTO[id=90, text=null, detailText=The exercise expects a class with the name Context in the package testpackage. You did not implement the class in the exercise., hasLongFeedbackText=false, reference=null, credits=0.0, positive=false, type=AUTOMATIC, visibility=ALWAYS, testCase=TestCaseDTO[testName=null, id=21]], FeedbackDTO[id=91, text=null, detailText=The exercise expects a class with the name Policy in the package testpackage. You did not implement the class in the exercise., hasLongFeedbackText=false, reference=null, credits=0.0, positive=false, type=AUTOMATIC, visibility=ALWAYS, testCase=TestCaseDTO[testName=null, id=22]], FeedbackDTO[id=92, text=null, detailText=null, hasLongFeedbackText=false, reference=null, credits=3.230769230769231, positive=true, type=AUTOMATIC, visibility=ALWAYS, testCase=TestCaseDTO[testName=null, id=32]]], assessmentType=AUTOMATIC, hasComplaint=null, exampleResult=null, testCaseCount=13, passedTestCaseCount=1, codeIssueCount=0]], BuildJobQueueItem[id=4681739576573068, name=SHORTBCF65534040390488B0A46605F5F3776B89ATSTEXC-LOCALCIINTSTUDENT1, buildAgent=BuildAgentDTO[name=artemis-build-agent-test, memberAddress=[127.0.0.1]:5703, displayName=artemis-build-agent-test], participationId=468, courseId=149, exerciseId=300, retryCount=0, priority=2, status=SUCCESSFUL, repositoryInfo=RepositoryInfo[repositoryName=shortbcf65534040390488b0a46605f5f3776b89atstexc-localciintstudent1, repositoryType=user, triggeredByPushTo=user, assignmentRepositoryUri=http://localhost:49152/git/SHORTBCF65534040390488B0A46605F5F3776B89ATSTEXC/shortbcf65534040390488b0a46605f5f3776b89atstexc-localciintstudent1.git, testRepositoryUri=http://localhost:49152/git/SHORTBCF65534040390488B0A46605F5F3776B89ATSTEXC/shortbcf65534040390488b0a46605f5f3776b89atstexc-tests.git, solutionRepositoryUri=null, auxiliaryRepositoryUris=[Ljava.lang.String;@b02646, auxiliaryRepositoryCheckoutDirectories=[Ljava.lang.String;@9dcdfac], jobTimingInfo=JobTimingInfo[submissionDate=2025-02-14T23:42:53.068019209Z[Etc/UTC], buildStartDate=2025-02-14T23:42:53.092867394Z[Etc/UTC], buildCompletionDate=2025-02-14T23:42:55.086950323Z[Etc/UTC], estimatedCompletionDate=2025-02-14T23:43:12.092858828Z[Etc/UTC], estimatedDuration=19], buildConfig=BuildConfig[buildScript=#!/bin/bash
cd /var/tmp/testing-dir
chmod +x ./gradlew
./gradlew clean test
, dockerImage=dummy-docker-image:latest, commitHashToBuild=2d5c0482fc77d3f5ec0841962528a43054e83170, assignmentCommitHash=2d5c0482fc77d3f5ec0841962528a43054e83170, testCommitHash=7477e25d56ce5fee2c938542a7e7ed4ed085d373, branch=main, programmingLanguage=JAVA, projectType=PLAIN_GRADLE, scaEnabled=false, sequentialTestRunsEnabled=false, resultPaths=[/var/tmp/testing-dir/**/test-results/test/*.xml], timeoutSeconds=0, assignmentCheckoutPath=null, testCheckoutPath=null, solutionCheckoutPath=null, dockerRunConfig=null], submissionResult=ResultDTO[id=134, completionDate=2025-02-14T23:42:55.059618627Z[Etc/UTC], successful=false, score=7.7, rated=true, submission=SubmissionDTO[id=121, submitted=true, type=MANUAL, exampleSubmission=null, submissionDate=2025-02-14T23:42:53.048221Z, commitHash=2d5c0482fc77d3f5ec0841962528a43054e83170, buildFailed=false, buildArtifact=false, participation=ParticipationDTO[id=468, testRun=false, type=programming, submissionCount=null, exercise=ParticipationExerciseDTO[id=300, exerciseType=PROGRAMMING, type=programming, assessmentType=AUTOMATIC, dueDate=2025-02-16T23:42:52.873722Z, assessmentDueDate=null, maxPoints=42.0, course=CourseDTO[id=149, accuracyOfScores=1]]], submissionExerciseType=programming, isProcessing=false, buildStartDate=null, estimatedCompletionDate=null], participation=ParticipationDTO[id=468, testRun=false, type=programming, submissionCount=null, exercise=ParticipationExerciseDTO[id=300, exerciseType=PROGRAMMING, type=programming, assessmentType=AUTOMATIC, dueDate=2025-02-16T23:42:52.873722Z, assessmentDueDate=null, maxPoints=42.0, course=CourseDTO[id=149, accuracyOfScores=1]]], feedbacks=[FeedbackDTO[id=93, text=null, detailText=The exercise expects a class with the name Context in the package testpackage. You did not implement the class in the exercise., hasLongFeedbackText=false, reference=null, credits=0.0, positive=false, type=AUTOMATIC, visibility=ALWAYS, testCase=TestCaseDTO[testName=null, id=39]], FeedbackDTO[id=94, text=null, detailText=The exercise expects a class with the name Policy in the package testpackage. You did not implement the class in the exercise., hasLongFeedbackText=false, reference=null, credits=0.0, positive=false, type=AUTOMATIC, visibility=ALWAYS, testCase=TestCaseDTO[testName=null, id=40]], FeedbackDTO[id=95, text=null, detailText=The exercise expects a class with the name SortStrategy in the package testpackage. You did not implement the class in the exercise., hasLongFeedbackText=false, reference=null, credits=0.0, positive=false, type=AUTOMATIC, visibility=ALWAYS, testCase=TestCaseDTO[testName=null, id=41]], FeedbackDTO[id=96, text=null, detailText=The class 'MergeSort' does not implement the interface 'SortStrategy' as expected. Implement the interface and its methods., hasLongFeedbackText=false, reference=null, credits=0.0, positive=false, type=AUTOMATIC, visibility=ALWAYS, testCase=TestCaseDTO[testName=null, id=36]], FeedbackDTO[id=97, text=null, detailText=The exercise expects a class with the name SortStrategy in the package testpackage. You did not implement the class in the exercise., hasLongFeedbackText=false, reference=null, credits=0.0, positive=false, type=AUTOMATIC, visibility=ALWAYS, testCase=TestCaseDTO[testName=null, id=33]], FeedbackDTO[id=98, text=null, detailText=The class 'BubbleSort' does not implement the interface 'SortStrategy' as expected. Implement the interface and its methods., hasLongFeedbackText=false, reference=null, credits=0.0, positive=false, type=AUTOMATIC, visibility=ALWAYS, testCase=TestCaseDTO[testName=null, id=37]], FeedbackDTO[id=99, text=null, detailText=MergeSort does not sort correctly, hasLongFeedbackText=false, reference=null, credits=0.0, positive=false, type=AUTOMATIC, visibility=ALWAYS, testCase=TestCaseDTO[testName=null, id=42]], FeedbackDTO[id=100, text=null, detailText=The class 'Context' was not found within the submission. Make sure to implement it properly., hasLongFeedbackText=false, reference=null, credits=0.0, positive=false, type=AUTOMATIC, visibility=ALWAYS, testCase=TestCaseDTO[testName=null, id=43]], FeedbackDTO[id=101, text=null, detailText=The class 'Context' was not found within the submission. Make sure to implement it properly., hasLongFeedbackText=false, reference=null, credits=0.0, positive=false, type=AUTOMATIC, visibility=ALWAYS, testCase=TestCaseDTO[testName=null, id=44]], FeedbackDTO[id=102, text=null, detailText=The exercise expects a class with the name Policy in the package testpackage. You did not implement the class in the exercise., hasLongFeedbackText=false, reference=null, credits=0.0, positive=false, type=AUTOMATIC, visibility=ALWAYS, testCase=TestCaseDTO[testName=null, id=38]], FeedbackDTO[id=103, text=null, detailText=The exercise expects a class with the name Context in the package testpackage. You did not implement the class in the exercise., hasLongFeedbackText=false, reference=null, credits=0.0, positive=false, type=AUTOMATIC, visibility=ALWAYS, testCase=TestCaseDTO[testName=null, id=34]], FeedbackDTO[id=104, text=null, detailText=The exercise expects a class with the name Policy in the package testpackage. You did not implement the class in the exercise., hasLongFeedbackText=false, reference=null, credits=0.0, positive=false, type=AUTOMATIC, visibility=ALWAYS, testCase=TestCaseDTO[testName=null, id=35]], FeedbackDTO[id=105, text=null, detailText=null, hasLongFeedbackText=false, reference=null, credits=3.230769230769231, positive=true, type=AUTOMATIC, visibility=ALWAYS, testCase=TestCaseDTO[testName=null, id=45]]], assessmentType=AUTOMATIC, hasComplaint=null, exampleResult=null, testCaseCount=13, passedTestCaseCount=1, codeIssueCount=0]], BuildJobQueueItem[id=4741739576577297, name=SHORT88A9A223023E2047B709E4A029FA08BCF2CFTSTEXC-LOCALCIINTSTUDENT1, buildAgent=BuildAgentDTO[name=artemis-build-agent-test, memberAddress=[127.0.0.1]:5703, displayName=artemis-build-agent-test], participationId=474, courseId=151, exerciseId=302, retryCount=0, priority=2, status=SUCCESSFUL, repositoryInfo=RepositoryInfo[repositoryName=short88a9a223023e2047b709e4a029fa08bcf2cftstexc-localciintstudent1, repositoryType=user, triggeredByPushTo=user, assignmentRepositoryUri=http://localhost:49152/git/SHORT88A9A223023E2047B709E4A029FA08BCF2CFTSTEXC/short88a9a223023e2047b709e4a029fa08bcf2cftstexc-localciintstudent1.git, testRepositoryUri=http://localhost:49152/git/SHORT88A9A223023E2047B709E4A029FA08BCF2CFTSTEXC/short88a9a223023e2047b709e4a029fa08bcf2cftstexc-tests.git, solutionRepositoryUri=null, auxiliaryRepositoryUris=[Ljava.lang.String;@4337d686, auxiliaryRepositoryCheckoutDirectories=[Ljava.lang.String;@528ee401], jobTimingInfo=JobTimingInfo[submissionDate=2025-02-14T23:42:57.297342281Z[Etc/UTC], buildStartDate=2025-02-14T23:42:57.308570327Z[Etc/UTC], buildCompletionDate=2025-02-14T23:42:59.047616654Z[Etc/UTC], estimatedCompletionDate=2025-02-14T23:43:16.308558064Z[Etc/UTC], estimatedDuration=19], buildConfig=BuildConfig[buildScript=#!/bin/bash
cd /var/tmp/testing-dir
chmod +x ./gradlew
./gradlew clean test
, dockerImage=dummy-docker-image:latest, commitHashToBuild=736cbea1e46d6849b41266b2bf1cccd3b9ea55b1, assignmentCommitHash=736cbea1e46d6849b41266b2bf1cccd3b9ea55b1, testCommitHash=ea6267edd396a304305339b036512b63e0374c66, branch=main, programmingLanguage=JAVA, projectType=PLAIN_GRADLE, scaEnabled=false, sequentialTestRunsEnabled=false, resultPaths=[/var/tmp/testing-dir/**/test-results/test/*.xml], timeoutSeconds=0, assignmentCheckoutPath=null, testCheckoutPath=null, solutionCheckoutPath=null, dockerRunConfig=null], submissionResult=ResultDTO[id=135, completionDate=2025-02-14T23:42:59.014168821Z[Etc/UTC], successful=false, score=7.7, rated=true, submission=SubmissionDTO[id=123, submitted=true, type=MANUAL, exampleSubmission=null, submissionDate=2025-02-14T23:42:57.278471Z, commitHash=736cbea1e46d6849b41266b2bf1cccd3b9ea55b1, buildFailed=false, buildArtifact=false, participation=ParticipationDTO[id=474, testRun=false, type=programming, submissionCount=null, exercise=ParticipationExerciseDTO[id=302, exerciseType=PROGRAMMING, type=programming, assessmentType=AUTOMATIC, dueDate=2025-02-16T23:42:56.796251Z, assessmentDueDate=null, maxPoints=42.0, course=CourseDTO[id=151, accuracyOfScores=1]]], submissionExerciseType=programming, isProcessing=false, buildStartDate=null, estimatedCompletionDate=null], participation=ParticipationDTO[id=474, testRun=false, type=programming, submissionCount=null, exercise=ParticipationExerciseDTO[id=302, exerciseType=PROGRAMMING, type=programming, assessmentType=AUTOMATIC, dueDate=2025-02-16T23:42:56.796251Z, assessmentDueDate=null, maxPoints=42.0, course=CourseDTO[id=151, accuracyOfScores=1]]], feedbacks=[FeedbackDTO[id=106, text=null, detailText=The exercise expects a class with the name Context in the package testpackage. You did not implement the class in the exercise., hasLongFeedbackText=false, reference=null, credits=0.0, positive=false, type=AUTOMATIC, visibility=ALWAYS, testCase=TestCaseDTO[testName=null, id=65]], FeedbackDTO[id=107, text=null, detailText=The exercise expects a class with the name Policy in the package testpackage. You did not implement the class in the exercise., hasLongFeedbackText=false, reference=null, credits=0.0, positive=false, type=AUTOMATIC, visibility=ALWAYS, testCase=TestCaseDTO[testName=null, id=66]], FeedbackDTO[id=108, text=null, detailText=The exercise expects a class with the name SortStrategy in the package testpackage. You did not implement the class in the exercise., hasLongFeedbackText=false, reference=null, credits=0.0, positive=false, type=AUTOMATIC, visibility=ALWAYS, testCase=TestCaseDTO[testName=null, id=67]], FeedbackDTO[id=109, text=null, detailText=The class 'MergeSort' does not implement the interface 'SortStrategy' as expected. Implement the interface and its methods., hasLongFeedbackText=false, reference=null, credits=0.0, positive=false, type=AUTOMATIC, visibility=ALWAYS, testCase=TestCaseDTO[testName=null, id=62]], FeedbackDTO[id=110, text=null, detailText=The exercise expects a class with the name SortStrategy in the package testpackage. You did not implement the class in the exercise., hasLongFeedbackText=false, reference=null, credits=0.0, positive=false, type=AUTOMATIC, visibility=ALWAYS, testCase=TestCaseDTO[testName=null, id=59]], FeedbackDTO[id=111, text=null, detailText=The class 'BubbleSort' does not implement the interface 'SortStrategy' as expected. Implement the interface and its methods., hasLongFeedbackText=false, reference=null, credits=0.0, positive=false, type=AUTOMATIC, visibility=ALWAYS, testCase=TestCaseDTO[testName=null, id=63]], FeedbackDTO[id=112, text=null, detailText=MergeSort does not sort correctly, hasLongFeedbackText=false, reference=null, credits=0.0, positive=false, type=AUTOMATIC, visibility=ALWAYS, testCase=TestCaseDTO[testName=null, id=68]], FeedbackDTO[id=113, text=null, detailText=The class 'Context' was not found within the submission. Make sure to implement it properly., hasLongFeedbackText=false, reference=null, credits=0.0, positive=false, type=AUTOMATIC, visibility=ALWAYS, testCase=TestCaseDTO[testName=null, id=69]], FeedbackDTO[id=114, text=null, detailText=The class 'Context' was not found within the submission. Make sure to implement it properly., hasLongFeedbackText=false, reference=null, credits=0.0, positive=false, type=AUTOMATIC, visibility=ALWAYS, testCase=TestCaseDTO[testName=null, id=70]], FeedbackDTO[id=115, text=null, detailText=The exercise expects a class with the name Policy in the package testpackage. You did not implement the class in the exercise., hasLongFeedbackText=false, reference=null, credits=0.0, positive=false, type=AUTOMATIC, visibility=ALWAYS, testCase=TestCaseDTO[testName=null, id=64]], FeedbackDTO[id=116, text=null, detailText=The exercise expects a class with the name Context in the package testpackage. You did not implement the class in the exercise., hasLongFeedbackText=false, reference=null, credits=0.0, positive=false, type=AUTOMATIC, visibility=ALWAYS, testCase=TestCaseDTO[testName=null, id=60]], FeedbackDTO[id=117, text=null, detailText=The exercise expects a class with the name Policy in the package testpackage. You did not implement the class in the exercise., hasLongFeedbackText=false, reference=null, credits=0.0, positive=false, type=AUTOMATIC, visibility=ALWAYS, testCase=TestCaseDTO[testName=null, id=61]], FeedbackDTO[id=118, text=null, detailText=null, hasLongFeedbackText=false, reference=null, credits=3.230769230769231, positive=true, type=AUTOMATIC, visibility=ALWAYS, testCase=TestCaseDTO[testName=null, id=71]]], assessmentType=AUTOMATIC, hasComplaint=null, exampleResult=null, testCaseCount=13, passedTestCaseCount=1, codeIssueCount=0]], BuildJobQueueItem[id=4771739576580898, name=SHORT51E611E30D6B60466F0B8BA0AA97F58888C2TSTEXC-LOCALCIINTSTUDENT1, buildAgent=BuildAgentDTO[name=artemis-build-agent-test, memberAddress=[127.0.0.1]:5703, displayName=artemis-build-agent-test], participationId=477, courseId=152, exerciseId=303, retryCount=0, priority=2, status=SUCCESSFUL, repositoryInfo=RepositoryInfo[repositoryName=short51e611e30d6b60466f0b8ba0aa97f58888c2tstexc-localciintstudent1, repositoryType=user, triggeredByPushTo=user, assignmentRepositoryUri=http://localhost:49152/git/SHORT51E611E30D6B60466F0B8BA0AA97F58888C2TSTEXC/short51e611e30d6b60466f0b8ba0aa97f58888c2tstexc-localciintstudent1.git, testRepositoryUri=http://localhost:49152/git/SHORT51E611E30D6B60466F0B8BA0AA97F58888C2TSTEXC/short51e611e30d6b60466f0b8ba0aa97f58888c2tstexc-tests.git, solutionRepositoryUri=null, auxiliaryRepositoryUris=[Ljava.lang.String;@530d7a00, auxiliaryRepositoryCheckoutDirectories=[Ljava.lang.String;@3cc3ee72], jobTimingInfo=JobTimingInfo[submissionDate=2025-02-14T23:43:00.898532688Z[Etc/UTC], buildStartDate=2025-02-14T23:43:00.905733056Z[Etc/UTC], buildCompletionDate=2025-02-14T23:43:02.692768910Z[Etc/UTC], estimatedCompletionDate=2025-02-14T23:43:19.905720463Z[Etc/UTC], estimatedDuration=19], buildConfig=BuildConfig[buildScript=#!/bin/bash
cd /var/tmp/testing-dir
chmod +x ./gradlew
./gradlew clean test
, dockerImage=dummy-docker-image:latest, commitHashToBuild=8f3057cbd462f5e3de4e6ba85115f60d8dbb5aea, assignmentCommitHash=8f3057cbd462f5e3de4e6ba85115f60d8dbb5aea, testCommitHash=8f3057cbd462f5e3de4e6ba85115f60d8dbb5aea, branch=main, programmingLanguage=JAVA, projectType=PLAIN_GRADLE, scaEnabled=true, sequentialTestRunsEnabled=false, resultPaths=[/var/tmp/testing-dir/**/test-results/test/*.xml], timeoutSeconds=0, assignmentCheckoutPath=null, testCheckoutPath=null, solutionCheckoutPath=null, dockerRunConfig=null], submissionResult=ResultDTO[id=136, completionDate=2025-02-14T23:43:02.637820510Z[Etc/UTC], successful=false, score=7.7, rated=true, submission=SubmissionDTO[id=124, submitted=true, type=MANUAL, exampleSubmission=null, submissionDate=2025-02-14T23:43:00.886601Z, commitHash=8f3057cbd462f5e3de4e6ba85115f60d8dbb5aea, buildFailed=false, buildArtifact=false, participation=ParticipationDTO[id=477, testRun=false, type=programming, submissionCount=null, exercise=ParticipationExerciseDTO[id=303, exerciseType=PROGRAMMING, type=programming, assessmentType=AUTOMATIC, dueDate=2025-02-16T23:43:00.631824Z, assessmentDueDate=null, maxPoints=42.0, course=CourseDTO[id=152, accuracyOfScores=1]]], submissionExerciseType=programming, isProcessing=false, buildStartDate=null, estimatedCompletionDate=null], participation=ParticipationDTO[id=477, testRun=false, type=programming, submissionCount=null, exercise=ParticipationExerciseDTO[id=303, exerciseType=PROGRAMMING, type=programming, assessmentType=AUTOMATIC, dueDate=2025-02-16T23:43:00.631824Z, assessmentDueDate=null, maxPoints=42.0, course=CourseDTO[id=152, accuracyOfScores=1]]], feedbacks=[FeedbackDTO[id=119, text=null, detailText=The exercise expects a class with the name Context in the package testpackage. You did not implement the class in the exercise., hasLongFeedbackText=false, reference=null, credits=0.0, positive=false, type=AUTOMATIC, visibility=ALWAYS, testCase=TestCaseDTO[testName=null, id=78]], FeedbackDTO[id=120, text=null, detailText=The exercise expects a class with the name Policy in the package testpackage. You did not implement the class in the exercise., hasLongFeedbackText=false, reference=null, credits=0.0, positive=false, type=AUTOMATIC, visibility=ALWAYS, testCase=TestCaseDTO[testName=null, id=79]], FeedbackDTO[id=121, text=null, detailText=The exercise expects a class with the name SortStrategy in the package testpackage. You did not implement the class in the exercise., hasLongFeedbackText=false, reference=null, credits=0.0, positive=false, type=AUTOMATIC, visibility=ALWAYS, testCase=TestCaseDTO[testName=null, id=80]], FeedbackDTO[id=122, text=null, detailText=The class 'MergeSort' does not implement the interface 'SortStrategy' as expected. Implement the interface and its methods., hasLongFeedbackText=false, reference=null, credits=0.0, positive=false, type=AUTOMATIC, visibility=ALWAYS, testCase=TestCaseDTO[testName=null, id=75]], FeedbackDTO[id=123, text=null, detailText=The exercise expects a class with the name SortStrategy in the package testpackage. You did not implement the class in the exercise., hasLongFeedbackText=false, reference=null, credits=0.0, positive=false, type=AUTOMATIC, visibility=ALWAYS, testCase=TestCaseDTO[testName=null, id=72]], FeedbackDTO[id=124, text=null, detailText=The class 'BubbleSort' does not implement the interface 'SortStrategy' as expected. Implement the interface and its methods., hasLongFeedbackText=false, reference=null, credits=0.0, positive=false, type=AUTOMATIC, visibility=ALWAYS, testCase=TestCaseDTO[testName=null, id=76]], FeedbackDTO[id=125, text=null, detailText=MergeSort does not sort correctly, hasLongFeedbackText=false, reference=null, credits=0.0, positive=false, type=AUTOMATIC, visibility=ALWAYS, testCase=TestCaseDTO[testName=null, id=81]], FeedbackDTO[id=126, text=null, detailText=The class 'Context' was not found within the submission. Make sure to implement it properly., hasLongFeedbackText=false, reference=null, credits=0.0, positive=false, type=AUTOMATIC, visibility=ALWAYS, testCase=TestCaseDTO[testName=null, id=82]], FeedbackDTO[id=127, text=null, detailText=The class 'Context' was not found within the submission. Make sure to implement it properly., hasLongFeedbackText=false, reference=null, credits=0.0, positive=false, type=AUTOMATIC, visibility=ALWAYS, testCase=TestCaseDTO[testName=null, id=83]], FeedbackDTO[id=128, text=null, detailText=The exercise expects a class with the name Policy in the package testpackage. You did not implement the class in the exercise., hasLongFeedbackText=false, reference=null, credits=0.0, positive=false, type=AUTOMATIC, visibility=ALWAYS, testCase=TestCaseDTO[testName=null, id=77]], FeedbackDTO[id=129, text=null, detailText=The exercise expects a class with the name Context in the package testpackage. You did not implement the class in the exercise., hasLongFeedbackText=false, reference=null, credits=0.0, positive=false, type=AUTOMATIC, visibility=ALWAYS, testCase=TestCaseDTO[testName=null, id=73]], FeedbackDTO[id=130, text=null, detailText=The exercise expects a class with the name Policy in the package testpackage. You did not implement the class in the exercise., hasLongFeedbackText=false, reference=null, credits=0.0, positive=false, type=AUTOMATIC, visibility=ALWAYS, testCase=TestCaseDTO[testName=null, id=74]], FeedbackDTO[id=131, text=null, detailText=null, hasLongFeedbackText=false, reference=null, credits=3.230769230769231, positive=true, type=AUTOMATIC, visibility=ALWAYS, testCase=TestCaseDTO[testName=null, id=84]], FeedbackDTO[id=132, text=SCAFeedbackIdentifier:Bad Practice, detailText={"filePath":"src/code/Client.java","startLine":6,"endLine":6,"startColumn":1,"endColumn":26,"rule":"UnusedImports","category":"Best Practices","message":"Avoid unused imports such as 'javax.swing.JFrame'","priority":"4"}, hasLongFeedbackText=false, reference=PMD, credits=0.0, positive=false, type=AUTOMATIC, visibility=null, testCase=null], FeedbackDTO[id=133, text=SCAFeedbackIdentifier:Code Style, detailText={"filePath":"src/code/Client.java","startLine":7,"endLine":7,"startColumn":1,"endColumn":19,"rule":"DontImportJavaLang","category":"Code Style","message":"Avoid importing anything from the package java.lang","priority":"4"}, hasLongFeedbackText=false, reference=PMD, credits=0.0, positive=false, type=AUTOMATIC, visibility=null, testCase=null], FeedbackDTO[id=134, text=SCAFeedbackIdentifier:Bad Practice, detailText={"filePath":"src/code/Client.java","startLine":7,"endLine":7,"startColumn":1,"endColumn":19,"rule":"UnusedImports","category":"Best Practices","message":"Avoid unused imports such as 'java.lang'","priority":"4"}, hasLongFeedbackText=false, reference=PMD, credits=0.0, positive=false, type=AUTOMATIC, visibility=null, testCase=null], FeedbackDTO[id=135, text=SCAFeedbackIdentifier:Bad Practice, detailText={"filePath":"src/code/Client.java","startLine":73,"endLine":73,"startColumn":18,"endColumn":27,"rule":"UnusedLocalVariable","category":"Best Practices","message":"Avoid unused local variables such as 'randomDate'.","priority":"3"}, hasLongFeedbackText=false, reference=PMD, credits=0.0, positive=false, type=AUTOMATIC, visibility=null, testCase=null], FeedbackDTO[id=136, text=SCAFeedbackIdentifier:Bad Practice, detailText={"filePath":"src/code/Client.java","startLine":81,"endLine":81,"startColumn":31,"endColumn":53,"rule":"UnusedPrivateMethod","category":"Best Practices","message":"Avoid unused private methods such as 'CreateRandomDatesList()'.","priority":"3"}, hasLongFeedbackText=false, reference=PMD, credits=0.0, positive=false, type=AUTOMATIC, visibility=null, testCase=null], FeedbackDTO[id=137, text=SCAFeedbackIdentifier:Potential Bugs, detailText={"filePath":"src/code/Client.java","startLine":94,"endLine":94,"startColumn":9,"endColumn":9,"rule":"EmptyStatementNotInLoop","category":"Error Prone","message":"An empty statement (semicolon) not part of a loop","priority":"3"}, hasLongFeedbackText=false, reference=PMD, credits=0.0, positive=false, type=AUTOMATIC, visibility=null, testCase=null], FeedbackDTO[id=138, text=SCAFeedbackIdentifier:Potential Bugs, detailText={"filePath":"src/code/Client.java","startLine":94,"endLine":94,"startColumn":10,"endColumn":10,"rule":"EmptyStatementNotInLoop","category":"Error Prone","message":"An empty statement (semicolon) not part of a loop","priority":"3"}, hasLongFeedbackText=false, reference=PMD, credits=0.0, positive=false, type=AUTOMATIC, visibility=null, testCase=null], FeedbackDTO[id=139, text=SCAFeedbackIdentifier:Potential Bugs, detailText={"filePath":"src/code/Client.java","startLine":94,"endLine":94,"startColumn":11,"endColumn":11,"rule":"EmptyStatementNotInLoop","category":"Error Prone","message":"An empty statement (semicolon) not part of a loop","priority":"3"}, hasLongFeedbackText=false, reference=PMD, credits=0.0, positive=false, type=AUTOMATIC, visibility=null, testCase=null], FeedbackDTO[id=140, text=SCAFeedbackIdentifier:Code Style, detailText={"filePath":"src/code/Client.java","startLine":73,"endLine":73,"rule":"DLS_DEAD_LOCAL_STORE","category":"STYLE","message":"Dead store to randomDate in code.Client.createRandomDatesList()","priority":"2"}, hasLongFeedbackText=false, reference=SPOTBUGS, credits=0.0, positive=false, type=AUTOMATIC, visibility=null, testCase=null], FeedbackDTO[id=141, text=SCAFeedbackIdentifier:Bad Practice, detailText={"filePath":"src/code/Client.java","startLine":82,"endLine":95,"rule":"NM_METHOD_NAMING_CONVENTION","category":"BAD_PRACTICE","message":"The method name code.Client.CreateRandomDatesList() doesn't start with a lower case letter","priority":"3"}, hasLongFeedbackText=false, reference=SPOTBUGS, credits=0.0, positive=false, type=AUTOMATIC, visibility=null, testCase=null], FeedbackDTO[id=142, text=SCAFeedbackIdentifier:Performance, detailText={"filePath":"src/code/Client.java","startLine":82,"endLine":95,"rule":"UPM_UNCALLED_PRIVATE_METHOD","category":"PERFORMANCE","message":"Private method code.Client.CreateRandomDatesList() is never called","priority":"2"}, hasLongFeedbackText=false, reference=SPOTBUGS, credits=0.0, positive=false, type=AUTOMATIC, visibility=null, testCase=null], FeedbackDTO[id=143, text=SCAFeedbackIdentifier:Code Style, detailText={"filePath":"src/code/Client.java","startLine":70,"endLine":70,"startColumn":9,"endColumn":9,"rule":"NeedBracesCheck","category":"blocks","message":"'for' construct must use '{}'s.","priority":"error"}, hasLongFeedbackText=false, reference=CHECKSTYLE, credits=0.0, positive=false, type=AUTOMATIC, visibility=null, testCase=null], FeedbackDTO[id=144, text=SCAFeedbackIdentifier:Code Style, detailText={"filePath":"src/code/Client.java","startLine":93,"endLine":93,"startColumn":9,"endColumn":9,"rule":"EmptyStatementCheck","category":"coding","message":"Empty statement.","priority":"error"}, hasLongFeedbackText=false, reference=CHECKSTYLE, credits=0.0, positive=false, type=AUTOMATIC, visibility=null, testCase=null], FeedbackDTO[id=145, text=SCAFeedbackIdentifier:Code Style, detailText={"filePath":"src/code/Client.java","startLine":93,"endLine":93,"startColumn":10,"endColumn":10,"rule":"EmptyStatementCheck","category":"coding","message":"Empty statement.","priority":"error"}, hasLongFeedbackText=false, reference=CHECKSTYLE, credits=0.0, positive=false, type=AUTOMATIC, visibility=null, testCase=null], FeedbackDTO[id=146, text=SCAFeedbackIdentifier:Code Style, detailText={"filePath":"src/code/Client.java","startLine":93,"endLine":93,"startColumn":11,"endColumn":11,"rule":"EmptyStatementCheck","category":"coding","message":"Empty statement.","priority":"error"}, hasLongFeedbackText=false, reference=CHECKSTYLE, credits=0.0, positive=false, type=AUTOMATIC, visibility=null, testCase=null]], assessmentType=AUTOMATIC, hasComplaint=null, exampleResult=null, testCaseCount=13, passedTestCaseCount=1, codeIssueCount=15]], BuildJobQueueItem[id=4821739576584632, name=SHORT433BAC4500363044960B6E10DFA0493471B2TSTEXC-LOCALCIINTSTUDENT1, buildAgent=BuildAgentDTO[name=artemis-build-agent-test, memberAddress=[127.0.0.1]:5703, displayName=artemis-build-agent-test], participationId=482, courseId=154, exerciseId=305, retryCount=0, priority=2, status=SUCCESSFUL, repositoryInfo=RepositoryInfo[repositoryName=short433bac4500363044960b6e10dfa0493471b2tstexc-localciintstudent1, repositoryType=user, triggeredByPushTo=user, assignmentRepositoryUri=http://localhost:49152/git/SHORT433BAC4500363044960B6E10DFA0493471B2TSTEXC/short433bac4500363044960b6e10dfa0493471b2tstexc-localciintstudent1.git, testRepositoryUri=http://localhost:49152/git/SHORT433BAC4500363044960B6E10DFA0493471B2TSTEXC/short433bac4500363044960b6e10dfa0493471b2tstexc-tests.git, solutionRepositoryUri=null, auxiliaryRepositoryUris=[Ljava.lang.String;@41bd9c8a, auxiliaryRepositoryCheckoutDirectories=[Ljava.lang.String;@6436d650], jobTimingInfo=JobTimingInfo[submissionDate=2025-02-14T23:43:04.632341258Z[Etc/UTC], buildStartDate=2025-02-14T23:43:04.637633457Z[Etc/UTC], buildCompletionDate=2025-02-14T23:43:06.421238953Z[Etc/UTC], estimatedCompletionDate=2025-02-14T23:43:23.637623879Z[Etc/UTC], estimatedDuration=19], buildConfig=BuildConfig[buildScript=#!/bin/bash
cd /var/tmp/testing-dir
chmod +x ./gradlew
./gradlew clean test
, dockerImage=dummy-docker-image:latest, commitHashToBuild=8355c4f3cd5d3e0443707d3310206e460e333c6f, assignmentCommitHash=8355c4f3cd5d3e0443707d3310206e460e333c6f, testCommitHash=8355c4f3cd5d3e0443707d3310206e460e333c6f, branch=main, programmingLanguage=JAVA, projectType=PLAIN_GRADLE, scaEnabled=false, sequentialTestRunsEnabled=false, resultPaths=[/var/tmp/testing-dir/**/test-results/test/*.xml], timeoutSeconds=0, assignmentCheckoutPath=null, testCheckoutPath=null, solutionCheckoutPath=null, dockerRunConfig=null], submissionResult=ResultDTO[id=137, completionDate=2025-02-14T23:43:06.404877412Z[Etc/UTC], successful=false, score=7.7, rated=true, submission=SubmissionDTO[id=125, submitted=true, type=MANUAL, exampleSubmission=null, submissionDate=2025-02-14T23:43:04.623230Z, commitHash=8355c4f3cd5d3e0443707d3310206e460e333c6f, buildFailed=false, buildArtifact=false, participation=ParticipationDTO[id=482, testRun=false, type=programming, submissionCount=null, exercise=ParticipationExerciseDTO[id=305, exerciseType=PROGRAMMING, type=programming, assessmentType=AUTOMATIC, dueDate=2025-02-16T23:43:04.425734Z, assessmentDueDate=null, maxPoints=42.0, course=CourseDTO[id=154, accuracyOfScores=1]]], submissionExerciseType=programming, isProcessing=false, buildStartDate=null, estimatedCompletionDate=null], participation=ParticipationDTO[id=482, testRun=false, type=programming, submissionCount=null, exercise=ParticipationExerciseDTO[id=305, exerciseType=PROGRAMMING, type=programming, assessmentType=AUTOMATIC, dueDate=2025-02-16T23:43:04.425734Z, assessmentDueDate=null, maxPoints=42.0, course=CourseDTO[id=154, accuracyOfScores=1]]], feedbacks=[FeedbackDTO[id=147, text=null, detailText=The exercise expects a class with the name Context in the package testpackage. You did not implement the class in the exercise., hasLongFeedbackText=false, reference=null, credits=0.0, positive=false, type=AUTOMATIC, visibility=ALWAYS, testCase=TestCaseDTO[testName=null, id=104]], FeedbackDTO[id=148, text=null, detailText=The exercise expects a class with the name Policy in the package testpackage. You did not implement the class in the exercise., hasLongFeedbackText=false, reference=null, credits=0.0, positive=false, type=AUTOMATIC, visibility=ALWAYS, testCase=TestCaseDTO[testName=null, id=105]], FeedbackDTO[id=149, text=null, detailText=The exercise expects a class with the name SortStrategy in the package testpackage. You did not implement the class in the exercise., hasLongFeedbackText=false, reference=null, credits=0.0, positive=false, type=AUTOMATIC, visibility=ALWAYS, testCase=TestCaseDTO[testName=null, id=106]], FeedbackDTO[id=150, text=null, detailText=The class 'MergeSort' does not implement the interface 'SortStrategy' as expected. Implement the interface and its methods., hasLongFeedbackText=false, reference=null, credits=0.0, positive=false, type=AUTOMATIC, visibility=ALWAYS, testCase=TestCaseDTO[testName=null, id=101]], FeedbackDTO[id=151, text=null, detailText=The exercise expects a class with the name SortStrategy in the package testpackage. You did not implement the class in the exercise., hasLongFeedbackText=false, reference=null, credits=0.0, positive=false, type=AUTOMATIC, visibility=ALWAYS, testCase=TestCaseDTO[testName=null, id=98]], FeedbackDTO[id=152, text=null, detailText=The class 'BubbleSort' does not implement the interface 'SortStrategy' as expected. Implement the interface and its methods., hasLongFeedbackText=false, reference=null, credits=0.0, positive=false, type=AUTOMATIC, visibility=ALWAYS, testCase=TestCaseDTO[testName=null, id=102]], FeedbackDTO[id=153, text=null, detailText=MergeSort does not sort correctly, hasLongFeedbackText=false, reference=null, credits=0.0, positive=false, type=AUTOMATIC, visibility=ALWAYS, testCase=TestCaseDTO[testName=null, id=107]], FeedbackDTO[id=154, text=null, detailText=The class 'Context' was not found within the submission. Make sure to implement it properly., hasLongFeedbackText=false, reference=null, credits=0.0, positive=false, type=AUTOMATIC, visibility=ALWAYS, testCase=TestCaseDTO[testName=null, id=108]], FeedbackDTO[id=155, text=null, detailText=The class 'Context' was not found within the submission. Make sure to implement it properly., hasLongFeedbackText=false, reference=null, credits=0.0, positive=false, type=AUTOMATIC, visibility=ALWAYS, testCase=TestCaseDTO[testName=null, id=109]], FeedbackDTO[id=156, text=null, detailText=The exercise expects a class with the name Policy in the package testpackage. You did not implement the class in the exercise., hasLongFeedbackText=false, reference=null, credits=0.0, positive=false, type=AUTOMATIC, visibility=ALWAYS, testCase=TestCaseDTO[testName=null, id=103]], FeedbackDTO[id=157, text=null, detailText=The exercise expects a class with the name Context in the package testpackage. You did not implement the class in the exercise., hasLongFeedbackText=false, reference=null, credits=0.0, positive=false, type=AUTOMATIC, visibility=ALWAYS, testCase=TestCaseDTO[testName=null, id=99]], FeedbackDTO[id=158, text=null, detailText=The exercise expects a class with the name Policy in the package testpackage. You did not implement the class in the exercise., hasLongFeedbackText=false, reference=null, credits=0.0, positive=false, type=AUTOMATIC, visibility=ALWAYS, testCase=TestCaseDTO[testName=null, id=100]], FeedbackDTO[id=159, text=null, detailText=null, hasLongFeedbackText=false, reference=null, credits=3.230769230769231, positive=true, type=AUTOMATIC, visibility=ALWAYS, testCase=TestCaseDTO[testName=null, id=110]]], assessmentType=AUTOMATIC, hasComplaint=null, exampleResult=null, testCaseCount=13, passedTestCaseCount=1, codeIssueCount=0]], BuildJobQueueItem[id=4851739576588371, name=SHORT495D587A0856D04A9E08BC60D2E08365FB9ETSTEXC-LOCALCIINTSTUDENT1, buildAgent=BuildAgentDTO[name=artemis-build-agent-test, memberAddress=[127.0.0.1]:5703, displayName=artemis-build-agent-test], participationId=485, courseId=155, exerciseId=306, retryCount=0, priority=2, status=FAILED, repositoryInfo=RepositoryInfo[repositoryName=short495d587a0856d04a9e08bc60d2e08365fb9etstexc-localciintstudent1, repositoryType=user, triggeredByPushTo=user, assignmentRepositoryUri=http://localhost:49152/git/SHORT495D587A0856D04A9E08BC60D2E08365FB9ETSTEXC/short495d587a0856d04a9e08bc60d2e08365fb9etstexc-localciintstudent1.git, testRepositoryUri=http://localhost:49152/git/SHORT495D587A0856D04A9E08BC60D2E08365FB9ETSTEXC/short495d587a0856d04a9e08bc60d2e08365fb9etstexc-tests.git, solutionRepositoryUri=null, auxiliaryRepositoryUris=[Ljava.lang.String;@5cd37dac, auxiliaryRepositoryCheckoutDirectories=[Ljava.lang.String;@7fc0b83a], jobTimingInfo=JobTimingInfo[submissionDate=2025-02-14T23:43:08.371015915Z[Etc/UTC], buildStartDate=2025-02-14T23:43:08.374658929Z[Etc/UTC], buildCompletionDate=2025-02-14T23:43:09.341007666Z[Etc/UTC], estimatedCompletionDate=2025-02-14T23:43:27.374650503Z[Etc/UTC], estimatedDuration=19], buildConfig=BuildConfig[buildScript=#!/bin/bash
cd /var/tmp/testing-dir
chmod +x ./gradlew
./gradlew clean test
, dockerImage=dummy-docker-image:latest, commitHashToBuild=ebb8aa4dc3625fe07e975266e18313ad871ce864, assignmentCommitHash=9b3a9bd71a0d80e5bbc42204c319ed3d1d4f0d6d, testCommitHash=9b3a9bd71a0d80e5bbc42204c319ed3d1d4f0d6d, branch=main, programmingLanguage=JAVA, projectType=PLAIN_GRADLE, scaEnabled=false, sequentialTestRunsEnabled=false, resultPaths=[/var/tmp/testing-dir/**/test-results/test/*.xml], timeoutSeconds=0, assignmentCheckoutPath=null, testCheckoutPath=null, solutionCheckoutPath=null, dockerRunConfig=null], submissionResult=ResultDTO[id=138, completionDate=2025-02-14T23:43:09.343306574Z[Etc/UTC], successful=false, score=0.0, rated=true, submission=SubmissionDTO[id=127, submitted=true, type=MANUAL, exampleSubmission=null, submissionDate=2025-02-14T23:43:09.343306574Z[Etc/UTC], commitHash=9b3a9bd71a0d80e5bbc42204c319ed3d1d4f0d6d, buildFailed=true, buildArtifact=false, participation=ParticipationDTO[id=485, testRun=false, type=programming, submissionCount=null, exercise=ParticipationExerciseDTO[id=306, exerciseType=PROGRAMMING, type=programming, assessmentType=AUTOMATIC, dueDate=2025-02-16T23:43:08.185273Z, assessmentDueDate=null, maxPoints=42.0, course=CourseDTO[id=155, accuracyOfScores=1]]], submissionExerciseType=programming, isProcessing=false, buildStartDate=null, estimatedCompletionDate=null], participation=ParticipationDTO[id=485, testRun=false, type=programming, submissionCount=null, exercise=ParticipationExerciseDTO[id=306, exerciseType=PROGRAMMING, type=programming, assessmentType=AUTOMATIC, dueDate=2025-02-16T23:43:08.185273Z, assessmentDueDate=null, maxPoints=42.0, course=CourseDTO[id=155, accuracyOfScores=1]]], feedbacks=[], assessmentType=AUTOMATIC, hasComplaint=null, exampleResult=null, testCaseCount=0, passedTestCaseCount=0, codeIssueCount=0]], BuildJobQueueItem[id=4881739576590204, name=SHORT80B5DD0E0D6B304EBB096E9020B949996A1CTSTEXC-LOCALCIINTSTUDENT1, buildAgent=BuildAgentDTO[name=artemis-build-agent-test, memberAddress=[127.0.0.1]:5703, displayName=artemis-build-agent-test], participationId=488, courseId=156, exerciseId=307, retryCount=0, priority=2, status=SUCCESSFUL, repositoryInfo=RepositoryInfo[repositoryName=short80b5dd0e0d6b304ebb096e9020b949996a1ctstexc-localciintstudent1, repositoryType=user, triggeredByPushTo=user, assignmentRepositoryUri=http://localhost:49152/git/SHORT80B5DD0E0D6B304EBB096E9020B949996A1CTSTEXC/short80b5dd0e0d6b304ebb096e9020b949996a1ctstexc-localciintstudent1.git, testRepositoryUri=http://localhost:49152/git/SHORT80B5DD0E0D6B304EBB096E9020B949996A1CTSTEXC/short80b5dd0e0d6b304ebb096e9020b949996a1ctstexc-tests.git, solutionRepositoryUri=null, auxiliaryRepositoryUris=[Ljava.lang.String;@52343284, auxiliaryRepositoryCheckoutDirectories=[Ljava.lang.String;@62eac4], jobTimingInfo=JobTimingInfo[submissionDate=2025-02-14T23:43:10.204264160Z[Etc/UTC], buildStartDate=2025-02-14T23:43:10.223149139Z[Etc/UTC], buildCompletionDate=2025-02-14T23:43:12.086509109Z[Etc/UTC], estimatedCompletionDate=2025-02-14T23:43:29.223142246Z[Etc/UTC], estimatedDuration=19], buildConfig=BuildConfig[buildScript=#!/bin/bash
cd /var/tmp/testing-dir
chmod +x ./gradlew
./gradlew clean test
, dockerImage=dummy-docker-image:latest, commitHashToBuild=b806a93102242552beed7c01b08b2769731814b3, assignmentCommitHash=b806a93102242552beed7c01b08b2769731814b3, testCommitHash=b806a93102242552beed7c01b08b2769731814b3, branch=main, programmingLanguage=JAVA, projectType=PLAIN_GRADLE, scaEnabled=false, sequentialTestRunsEnabled=false, resultPaths=[/var/tmp/testing-dir/**/test-results/test/*.xml], timeoutSeconds=0, assignmentCheckoutPath=null, testCheckoutPath=null, solutionCheckoutPath=null, dockerRunConfig=null], submissionResult=ResultDTO[id=139, completionDate=2025-02-14T23:43:12.066436124Z[Etc/UTC], successful=false, score=0.0, rated=true, submission=SubmissionDTO[id=128, submitted=true, type=MANUAL, exampleSubmission=null, submissionDate=2025-02-14T23:43:10.192407Z, commitHash=b806a93102242552beed7c01b08b2769731814b3, buildFailed=true, buildArtifact=false, participation=ParticipationDTO[id=488, testRun=false, type=programming, submissionCount=null, exercise=ParticipationExerciseDTO[id=307, exerciseType=PROGRAMMING, type=programming, assessmentType=AUTOMATIC, dueDate=2025-02-16T23:43:09.986646Z, assessmentDueDate=null, maxPoints=42.0, course=CourseDTO[id=156, accuracyOfScores=1]]], submissionExerciseType=programming, isProcessing=false, buildStartDate=null, estimatedCompletionDate=null], participation=ParticipationDTO[id=488, testRun=false, type=programming, submissionCount=null, exercise=ParticipationExerciseDTO[id=307, exerciseType=PROGRAMMING, type=programming, assessmentType=AUTOMATIC, dueDate=2025-02-16T23:43:09.986646Z, assessmentDueDate=null, maxPoints=42.0, course=CourseDTO[id=156, accuracyOfScores=1]]], feedbacks=[], assessmentType=AUTOMATIC, hasComplaint=null, exampleResult=null, testCaseCount=0, passedTestCaseCount=0, codeIssueCount=0]], BuildJobQueueItem[id=4911739576593817, name=SHORT585B2198089880462509B3007867E72DFB7ATSTEXC-LOCALCIINTSTUDENT1, buildAgent=BuildAgentDTO[name=artemis-build-agent-test, memberAddress=[127.0.0.1]:5703, displayName=artemis-build-agent-test], participationId=491, courseId=157, exerciseId=308, retryCount=0, priority=2, status=SUCCESSFUL, repositoryInfo=RepositoryInfo[repositoryName=short585b2198089880462509b3007867e72dfb7atstexc-localciintstudent1, repositoryType=user, triggeredByPushTo=user, assignmentRepositoryUri=http://localhost:49152/git/SHORT585B2198089880462509B3007867E72DFB7ATSTEXC/short585b2198089880462509b3007867e72dfb7atstexc-localciintstudent1.git, testRepositoryUri=http://localhost:49152/git/SHORT585B2198089880462509B3007867E72DFB7ATSTEXC/short585b2198089880462509b3007867e72dfb7atstexc-tests.git, solutionRepositoryUri=null, auxiliaryRepositoryUris=[Ljava.lang.String;@479bd979, auxiliaryRepositoryCheckoutDirectories=[Ljava.lang.String;@3d60b8d8], jobTimingInfo=JobTimingInfo[submissionDate=2025-02-14T23:43:13.817124706Z[Etc/UTC], buildStartDate=2025-02-14T23:43:13.834335931Z[Etc/UTC], buildCompletionDate=2025-02-14T23:43:15.746259139Z[Etc/UTC], estimatedCompletionDate=2025-02-14T23:43:32.834326082Z[Etc/UTC], estimatedDuration=19], buildConfig=BuildConfig[buildScript=#!/bin/bash
cd /var/tmp/testing-dir
chmod +x ./gradlew
./gradlew clean test
, dockerImage=dummy-docker-image:latest, commitHashToBuild=42077d078a5d5042fe2d4bd8299a990d342fce6e, assignmentCommitHash=42077d078a5d5042fe2d4bd8299a990d342fce6e, testCommitHash=42077d078a5d5042fe2d4bd8299a990d342fce6e, branch=main, programmingLanguage=JAVA, projectType=PLAIN_GRADLE, scaEnabled=false, sequentialTestRunsEnabled=false, resultPaths=[/var/tmp/testing-dir/**/test-results/test/*.xml], timeoutSeconds=0, assignmentCheckoutPath=null, testCheckoutPath=null, solutionCheckoutPath=null, dockerRunConfig=null], submissionResult=ResultDTO[id=140, completionDate=2025-02-14T23:43:15.725343914Z[Etc/UTC], successful=false, score=0.0, rated=true, submission=SubmissionDTO[id=129, submitted=true, type=MANUAL, exampleSubmission=null, submissionDate=2025-02-14T23:43:13.805401Z, commitHash=42077d078a5d5042fe2d4bd8299a990d342fce6e, buildFailed=false, buildArtifact=false, participation=ParticipationDTO[id=491, testRun=false, type=programming, submissionCount=null, exercise=ParticipationExerciseDTO[id=308, exerciseType=PROGRAMMING, type=programming, assessmentType=AUTOMATIC, dueDate=2025-02-16T23:43:13.569213Z, assessmentDueDate=null, maxPoints=42.0, course=CourseDTO[id=157, accuracyOfScores=1]]], submissionExerciseType=programming, isProcessing=false, buildStartDate=null, estimatedCompletionDate=null], participation=ParticipationDTO[id=491, testRun=false, type=programming, submissionCount=null, exercise=ParticipationExerciseDTO[id=308, exerciseType=PROGRAMMING, type=programming, assessmentType=AUTOMATIC, dueDate=2025-02-16T23:43:13.569213Z, assessmentDueDate=null, maxPoints=42.0, course=CourseDTO[id=157, accuracyOfScores=1]]], feedbacks=[FeedbackDTO[id=160, text=null, detailText=Deine Einreichung enthält keine Ausgabe. (67cac2), hasLongFeedbackText=false, reference=null, credits=0.0, positive=false, type=AUTOMATIC, visibility=ALWAYS, testCase=TestCaseDTO[testName=null, id=146]], FeedbackDTO[id=161, text=null, detailText=test `add` failed on ≥ 1 cases:
(0, 0)
Your submission raised an error Failure("TODO add"), hasLongFeedbackText=false, reference=null, credits=0.0, positive=false, type=AUTOMATIC, visibility=ALWAYS, testCase=TestCaseDTO[testName=null, id=149]], FeedbackDTO[id=162, text=null, detailText=test `filter` failed on ≥ 1 cases:
(even, [1; 2; 3; 4])
Your submission raised an error Failure("TODO filter"), hasLongFeedbackText=false, reference=null, credits=0.0, positive=false, type=AUTOMATIC, visibility=ALWAYS, testCase=TestCaseDTO[testName=null, id=148]], FeedbackDTO[id=163, text=null, detailText=Test was not executed., hasLongFeedbackText=false, reference=null, credits=0.0, positive=null, type=AUTOMATIC, visibility=null, testCase=TestCaseDTO[testName=null, id=137]], FeedbackDTO[id=164, text=null, detailText=Test was not executed., hasLongFeedbackText=false, reference=null, credits=0.0, positive=null, type=AUTOMATIC, visibility=null, testCase=TestCaseDTO[testName=null, id=138]], FeedbackDTO[id=165, text=null, detailText=Test was not executed., hasLongFeedbackText=false, reference=null, credits=0.0, positive=null, type=AUTOMATIC, visibility=null, testCase=TestCaseDTO[testName=null, id=139]], FeedbackDTO[id=166, text=null, detailText=Test was not executed., hasLongFeedbackText=false, reference=null, credits=0.0, positive=null, type=AUTOMATIC, visibility=null, testCase=TestCaseDTO[testName=null, id=140]], FeedbackDTO[id=167, text=null, detailText=Test was not executed., hasLongFeedbackText=false, reference=null, credits=0.0, positive=null, type=AUTOMATIC, visibility=null, testCase=TestCaseDTO[testName=null, id=141]], FeedbackDTO[id=168, text=null, detailText=Test was not executed., hasLongFeedbackText=false, reference=null, credits=0.0, positive=null, type=AUTOMATIC, visibility=null, testCase=TestCaseDTO[testName=null, id=142]], FeedbackDTO[id=169, text=null, detailText=Test was not executed., hasLongFeedbackText=false, reference=null, credits=0.0, positive=null, type=AUTOMATIC, visibility=null, testCase=TestCaseDTO[testName=null, id=143]], FeedbackDTO[id=170, text=null, detailText=Test was not executed., hasLongFeedbackText=false, reference=null, credits=0.0, positive=null, type=AUTOMATIC, visibility=null, testCase=TestCaseDTO[testName=null, id=144]], FeedbackDTO[id=171, text=null, detailText=Test was not executed., hasLongFeedbackText=false, reference=null, credits=0.0, positive=null, type=AUTOMATIC, visibility=null, testCase=TestCaseDTO[testName=null, id=145]], FeedbackDTO[id=172, text=null, detailText=Test was not executed., hasLongFeedbackText=false, reference=null, credits=0.0, positive=null, type=AUTOMATIC, visibility=null, testCase=TestCaseDTO[testName=null, id=147]]], assessmentType=AUTOMATIC, hasComplaint=null, exampleResult=null, testCaseCount=13, passedTestCaseCount=0, codeIssueCount=0]], BuildJobQueueItem[id=4941739576597286, name=SHORTFBCBD7BF0E6EB0451A080E80FCB407DC1F12TSTEXC-LOCALCIINTSTUDENT1, buildAgent=BuildAgentDTO[name=artemis-build-agent-test, memberAddress=[127.0.0.1]:5703, displayName=artemis-build-agent-test], participationId=494, courseId=158, exerciseId=309, retryCount=0, priority=2, status=SUCCESSFUL, repositoryInfo=RepositoryInfo[repositoryName=shortfbcbd7bf0e6eb0451a080e80fcb407dc1f12tstexc-localciintstudent1, repositoryType=user, triggeredByPushTo=user, assignmentRepositoryUri=http://localhost:49152/git/SHORTFBCBD7BF0E6EB0451A080E80FCB407DC1F12TSTEXC/shortfbcbd7bf0e6eb0451a080e80fcb407dc1f12tstexc-localciintstudent1.git, testRepositoryUri=http://localhost:49152/git/SHORTFBCBD7BF0E6EB0451A080E80FCB407DC1F12TSTEXC/shortfbcbd7bf0e6eb0451a080e80fcb407dc1f12tstexc-tests.git, solutionRepositoryUri=null, auxiliaryRepositoryUris=[Ljava.lang.String;@4e331de2, auxiliaryRepositoryCheckoutDirectories=[Ljava.lang.String;@5990ea2a], jobTimingInfo=JobTimingInfo[submissionDate=2025-02-14T23:43:17.286977233Z[Etc/UTC], buildStartDate=2025-02-14T23:43:17.293977347Z[Etc/UTC], buildCompletionDate=2025-02-14T23:43:18.740990762Z[Etc/UTC], estimatedCompletionDate=2025-02-14T23:43:36.293970494Z[Etc/UTC], estimatedDuration=19], buildConfig=BuildConfig[buildScript=#!/bin/bash
cd /var/tmp/testing-dir
chmod +x ./gradlew
./gradlew clean test
, dockerImage=dummy-docker-image:latest, commitHashToBuild=4a1af7e8a64e6505c5fc09b9f81ea41af9fcff44, assignmentCommitHash=4a1af7e8a64e6505c5fc09b9f81ea41af9fcff44, testCommitHash=4a1af7e8a64e6505c5fc09b9f81ea41af9fcff44, branch=main, programmingLanguage=JAVA, projectType=PLAIN_GRADLE, scaEnabled=false, sequentialTestRunsEnabled=false, resultPaths=[/var/tmp/testing-dir/**/test-results/test/*.xml], timeoutSeconds=0, assignmentCheckoutPath=null, testCheckoutPath=null, solutionCheckoutPath=null, dockerRunConfig=null], submissionResult=ResultDTO[id=141, completionDate=2025-02-14T23:43:18.729015138Z[Etc/UTC], successful=false, score=0.0, rated=true, submission=SubmissionDTO[id=130, submitted=true, type=MANUAL, exampleSubmission=null, submissionDate=2025-02-14T23:43:17.272936Z, commitHash=4a1af7e8a64e6505c5fc09b9f81ea41af9fcff44, buildFailed=true, buildArtifact=false, participation=ParticipationDTO[id=494, testRun=false, type=programming, submissionCount=null, exercise=ParticipationExerciseDTO[id=309, exerciseType=PROGRAMMING, type=programming, assessmentType=AUTOMATIC, dueDate=2025-02-16T23:43:17.147218Z, assessmentDueDate=null, maxPoints=42.0, course=CourseDTO[id=158, accuracyOfScores=1]]], submissionExerciseType=programming, isProcessing=false, buildStartDate=null, estimatedCompletionDate=null], participation=ParticipationDTO[id=494, testRun=false, type=programming, submissionCount=null, exercise=ParticipationExerciseDTO[id=309, exerciseType=PROGRAMMING, type=programming, assessmentType=AUTOMATIC, dueDate=2025-02-16T23:43:17.147218Z, assessmentDueDate=null, maxPoints=42.0, course=CourseDTO[id=158, accuracyOfScores=1]]], feedbacks=[], assessmentType=AUTOMATIC, hasComplaint=null, exampleResult=null, testCaseCount=0, passedTestCaseCount=0, codeIssueCount=0]], BuildJobQueueItem[id=4971739576599269, name=SHORT52AD57270517204728083260501A19D262D1TSTEXC-LOCALCIINTSTUDENT1, buildAgent=BuildAgentDTO[name=artemis-build-agent-test, memberAddress=[127.0.0.1]:5703, displayName=artemis-build-agent-test], participationId=497, courseId=159, exerciseId=310, retryCount=0, priority=2, status=SUCCESSFUL, repositoryInfo=RepositoryInfo[repositoryName=short52ad57270517204728083260501a19d262d1tstexc-localciintstudent1, repositoryType=user, triggeredByPushTo=user, assignmentRepositoryUri=http://localhost:49152/git/SHORT52AD57270517204728083260501A19D262D1TSTEXC/short52ad57270517204728083260501a19d262d1tstexc-localciintstudent1.git, testRepositoryUri=http://localhost:49152/git/SHORT52AD57270517204728083260501A19D262D1TSTEXC/short52ad57270517204728083260501a19d262d1tstexc-tests.git, solutionRepositoryUri=null, auxiliaryRepositoryUris=[Ljava.lang.String;@4059b070, auxiliaryRepositoryCheckoutDirectories=[Ljava.lang.String;@784766db], jobTimingInfo=JobTimingInfo[submissionDate=2025-02-14T23:43:19.269997499Z[Etc/UTC], buildStartDate=2025-02-14T23:43:19.277325895Z[Etc/UTC], buildCompletionDate=2025-02-14T23:43:20.497391524Z[Etc/UTC], estimatedCompletionDate=2025-02-14T23:43:38.277310787Z[Etc/UTC], estimatedDuration=19], buildConfig=BuildConfig[buildScript=#!/bin/bash
cd /var/tmp/testing-dir
chmod +x ./gradlew
./gradlew clean test
, dockerImage=dummy-docker-image:latest, commitHashToBuild=9f4f76247a188e9a0f3516a9fbd60e829d53fb05, assignmentCommitHash=9f4f76247a188e9a0f3516a9fbd60e829d53fb05, testCommitHash=9f4f76247a188e9a0f3516a9fbd60e829d53fb05, branch=main, programmingLanguage=JAVA, projectType=PLAIN_GRADLE, scaEnabled=false, sequentialTestRunsEnabled=false, resultPaths=[/var/tmp/testing-dir/**/test-results/test/*.xml], timeoutSeconds=0, assignmentCheckoutPath=null, testCheckoutPath=null, solutionCheckoutPath=null, dockerRunConfig=null], submissionResult=ResultDTO[id=142, completionDate=2025-02-14T23:43:20.484244187Z[Etc/UTC], successful=false, score=7.7, rated=true, submission=SubmissionDTO[id=131, submitted=true, type=MANUAL, exampleSubmission=null, submissionDate=2025-02-14T23:43:19.265464Z, commitHash=9f4f76247a188e9a0f3516a9fbd60e829d53fb05, buildFailed=false, buildArtifact=false, participation=ParticipationDTO[id=497, testRun=false, type=programming, submissionCount=null, exercise=ParticipationExerciseDTO[id=310, exerciseType=PROGRAMMING, type=programming, assessmentType=AUTOMATIC, dueDate=2025-02-16T23:43:19.182228Z, assessmentDueDate=null, maxPoints=42.0, course=CourseDTO[id=159, accuracyOfScores=1]]], submissionExerciseType=programming, isProcessing=false, buildStartDate=null, estimatedCompletionDate=null], participation=ParticipationDTO[id=497, testRun=false, type=programming, submissionCount=null, exercise=ParticipationExerciseDTO[id=310, exerciseType=PROGRAMMING, type=programming, assessmentType=AUTOMATIC, dueDate=2025-02-16T23:43:19.182228Z, assessmentDueDate=null, maxPoints=42.0, course=CourseDTO[id=159, accuracyOfScores=1]]], feedbacks=[FeedbackDTO[id=173, text=null, detailText=The exercise expects a class with the name Context in the package testpackage. You did not implement the class in the exercise., hasLongFeedbackText=false, reference=null, credits=0.0, positive=false, type=AUTOMATIC, visibility=ALWAYS, testCase=TestCaseDTO[testName=null, id=169]], FeedbackDTO[id=174, text=null, detailText=The exercise expects a class with the name Policy in the package testpackage. You did not implement the class in the exercise., hasLongFeedbackText=false, reference=null, credits=0.0, positive=false, type=AUTOMATIC, visibility=ALWAYS, testCase=TestCaseDTO[testName=null, id=170]], FeedbackDTO[id=175, text=null, detailText=The exercise expects a class with the name SortStrategy in the package testpackage. You did not implement the class in the exercise., hasLongFeedbackText=false, reference=null, credits=0.0, positive=false, type=AUTOMATIC, visibility=ALWAYS, testCase=TestCaseDTO[testName=null, id=171]], FeedbackDTO[id=176, text=null, detailText=The class 'MergeSort' does not implement the interface 'SortStrategy' as expected. Implement the interface and its methods., hasLongFeedbackText=false, reference=null, credits=0.0, positive=false, type=AUTOMATIC, visibility=ALWAYS, testCase=TestCaseDTO[testName=null, id=166]], FeedbackDTO[id=177, text=null, detailText=The exercise expects a class with the name SortStrategy in the package testpackage. You did not implement the class in the exercise., hasLongFeedbackText=false, reference=null, credits=0.0, positive=false, type=AUTOMATIC, visibility=ALWAYS, testCase=TestCaseDTO[testName=null, id=163]], FeedbackDTO[id=178, text=null, detailText=The class 'BubbleSort' does not implement the interface 'SortStrategy' as expected. Implement the interface and its methods., hasLongFeedbackText=false, reference=null, credits=0.0, positive=false, type=AUTOMATIC, visibility=ALWAYS, testCase=TestCaseDTO[testName=null, id=167]], FeedbackDTO[id=179, text=null, detailText=MergeSort does not sort correctly, hasLongFeedbackText=false, reference=null, credits=0.0, positive=false, type=AUTOMATIC, visibility=ALWAYS, testCase=TestCaseDTO[testName=null, id=172]], FeedbackDTO[id=180, text=null, detailText=The class 'Context' was not found within the submission. Make sure to implement it properly., hasLongFeedbackText=false, reference=null, credits=0.0, positive=false, type=AUTOMATIC, visibility=ALWAYS, testCase=TestCaseDTO[testName=null, id=173]], FeedbackDTO[id=181, text=null, detailText=The class 'Context' was not found within the submission. Make sure to implement it properly., hasLongFeedbackText=false, reference=null, credits=0.0, positive=false, type=AUTOMATIC, visibility=ALWAYS, testCase=TestCaseDTO[testName=null, id=174]], FeedbackDTO[id=182, text=null, detailText=The exercise expects a class with the name Policy in the package testpackage. You did not implement the class in the exercise., hasLongFeedbackText=false, reference=null, credits=0.0, positive=false, type=AUTOMATIC, visibility=ALWAYS, testCase=TestCaseDTO[testName=null, id=168]], FeedbackDTO[id=183, text=null, detailText=The exercise expects a class with the name Context in the package testpackage. You did not implement the class in the exercise., hasLongFeedbackText=false, reference=null, credits=0.0, positive=false, type=AUTOMATIC, visibility=ALWAYS, testCase=TestCaseDTO[testName=null, id=164]], FeedbackDTO[id=184, text=null, detailText=The exercise expects a class with the name Policy in the package testpackage. You did not implement the class in the exercise., hasLongFeedbackText=false, reference=null, credits=0.0, positive=false, type=AUTOMATIC, visibility=ALWAYS, testCase=TestCaseDTO[testName=null, id=165]], FeedbackDTO[id=185, text=null, detailText=null, hasLongFeedbackText=false, reference=null, credits=3.230769230769231, positive=true, type=AUTOMATIC, visibility=ALWAYS, testCase=TestCaseDTO[testName=null, id=175]]], assessmentType=AUTOMATIC, hasComplaint=null, exampleResult=null, testCaseCount=13, passedTestCaseCount=1, codeIssueCount=0]], BuildJobQueueItem[id=5001739576601035, name=SHORT582B1BDC0A17704D6D0A46800FC19163DA47TSTEXC-LOCALCIINTSTUDENT1, buildAgent=BuildAgentDTO[name=artemis-build-agent-test, memberAddress=[127.0.0.1]:5703, displayName=artemis-build-agent-test], participationId=500, courseId=160, exerciseId=311, retryCount=0, priority=2, status=SUCCESSFUL, repositoryInfo=RepositoryInfo[repositoryName=short582b1bdc0a17704d6d0a46800fc19163da47tstexc-localciintstudent1, repositoryType=user, triggeredByPushTo=user, assignmentRepositoryUri=http://localhost:49152/git/SHORT582B1BDC0A17704D6D0A46800FC19163DA47TSTEXC/short582b1bdc0a17704d6d0a46800fc19163da47tstexc-localciintstudent1.git, testRepositoryUri=http://localhost:49152/git/SHORT582B1BDC0A17704D6D0A46800FC19163DA47TSTEXC/short582b1bdc0a17704d6d0a46800fc19163da47tstexc-tests.git, solutionRepositoryUri=null, auxiliaryRepositoryUris=[Ljava.lang.String;@2e4da83c, auxiliaryRepositoryCheckoutDirectories=[Ljava.lang.String;@70d2d665], jobTimingInfo=JobTimingInfo[submissionDate=2025-02-14T23:43:21.035120760Z[Etc/UTC], buildStartDate=2025-02-14T23:43:21.040320383Z[Etc/UTC], buildCompletionDate=2025-02-14T23:43:22.581236903Z[Etc/UTC], estimatedCompletionDate=2025-02-14T23:43:40.040312057Z[Etc/UTC], estimatedDuration=19], buildConfig=BuildConfig[buildScript=#!/bin/bash
cd /var/tmp/testing-dir
chmod +x ./gradlew
./gradlew clean test
, dockerImage=dummy-docker-image:latest, commitHashToBuild=887566cf754016f986627cf5c5c365dea16c907f, assignmentCommitHash=887566cf754016f986627cf5c5c365dea16c907f, testCommitHash=6af67146332066e7430917928a4b9b81c43b7c71, branch=main, programmingLanguage=JAVA, projectType=PLAIN_GRADLE, scaEnabled=false, sequentialTestRunsEnabled=false, resultPaths=[/var/tmp/testing-dir/**/test-results/test/*.xml], timeoutSeconds=0, assignmentCheckoutPath=customAssignmentPath, testCheckoutPath=null, solutionCheckoutPath=null, dockerRunConfig=null], submissionResult=ResultDTO[id=143, completionDate=2025-02-14T23:43:22.538158998Z[Etc/UTC], successful=false, score=7.7, rated=true, submission=SubmissionDTO[id=132, submitted=true, type=MANUAL, exampleSubmission=null, submissionDate=2025-02-14T23:43:21.028930Z, commitHash=887566cf754016f986627cf5c5c365dea16c907f, buildFailed=false, buildArtifact=false, participation=ParticipationDTO[id=500, testRun=false, type=programming, submissionCount=null, exercise=ParticipationExerciseDTO[id=311, exerciseType=PROGRAMMING, type=programming, assessmentType=AUTOMATIC, dueDate=2025-02-16T23:43:20.897280Z, assessmentDueDate=null, maxPoints=42.0, course=CourseDTO[id=160, accuracyOfScores=1]]], submissionExerciseType=programming, isProcessing=false, buildStartDate=null, estimatedCompletionDate=null], participation=ParticipationDTO[id=500, testRun=false, type=programming, submissionCount=null, exercise=ParticipationExerciseDTO[id=311, exerciseType=PROGRAMMING, type=programming, assessmentType=AUTOMATIC, dueDate=2025-02-16T23:43:20.897280Z, assessmentDueDate=null, maxPoints=42.0, course=CourseDTO[id=160, accuracyOfScores=1]]], feedbacks=[FeedbackDTO[id=186, text=null, detailText=The exercise expects a class with the name Context in the package testpackage. You did not implement the class in the exercise., hasLongFeedbackText=false, reference=null, credits=0.0, positive=false, type=AUTOMATIC, visibility=ALWAYS, testCase=TestCaseDTO[testName=null, id=182]], FeedbackDTO[id=187, text=null, detailText=The exercise expects a class with the name Policy in the package testpackage. You did not implement the class in the exercise., hasLongFeedbackText=false, reference=null, credits=0.0, positive=false, type=AUTOMATIC, visibility=ALWAYS, testCase=TestCaseDTO[testName=null, id=183]], FeedbackDTO[id=188, text=null, detailText=The exercise expects a class with the name SortStrategy in the package testpackage. You did not implement the class in the exercise., hasLongFeedbackText=false, reference=null, credits=0.0, positive=false, type=AUTOMATIC, visibility=ALWAYS, testCase=TestCaseDTO[testName=null, id=184]], FeedbackDTO[id=189, text=null, detailText=The class 'MergeSort' does not implement the interface 'SortStrategy' as expected. Implement the interface and its methods., hasLongFeedbackText=false, reference=null, credits=0.0, positive=false, type=AUTOMATIC, visibility=ALWAYS, testCase=TestCaseDTO[testName=null, id=179]], FeedbackDTO[id=190, text=null, detailText=The exercise expects a class with the name SortStrategy in the package testpackage. You did not implement the class in the exercise., hasLongFeedbackText=false, reference=null, credits=0.0, positive=false, type=AUTOMATIC, visibility=ALWAYS, testCase=TestCaseDTO[testName=null, id=176]], FeedbackDTO[id=191, text=null, detailText=The class 'BubbleSort' does not implement the interface 'SortStrategy' as expected. Implement the interface and its methods., hasLongFeedbackText=false, reference=null, credits=0.0, positive=false, type=AUTOMATIC, visibility=ALWAYS, testCase=TestCaseDTO[testName=null, id=180]], FeedbackDTO[id=192, text=null, detailText=MergeSort does not sort correctly, hasLongFeedbackText=false, reference=null, credits=0.0, positive=false, type=AUTOMATIC, visibility=ALWAYS, testCase=TestCaseDTO[testName=null, id=185]], FeedbackDTO[id=193, text=null, detailText=The class 'Context' was not found within the submission. Make sure to implement it properly., hasLongFeedbackText=false, reference=null, credits=0.0, positive=false, type=AUTOMATIC, visibility=ALWAYS, testCase=TestCaseDTO[testName=null, id=186]], FeedbackDTO[id=194, text=null, detailText=The class 'Context' was not found within the submission. Make sure to implement it properly., hasLongFeedbackText=false, reference=null, credits=0.0, positive=false, type=AUTOMATIC, visibility=ALWAYS, testCase=TestCaseDTO[testName=null, id=187]], FeedbackDTO[id=195, text=null, detailText=The exercise expects a class with the name Policy in the package testpackage. You did not implement the class in the exercise., hasLongFeedbackText=false, reference=null, credits=0.0, positive=false, type=AUTOMATIC, visibility=ALWAYS, testCase=TestCaseDTO[testName=null, id=181]], FeedbackDTO[id=196, text=null, detailText=The exercise expects a class with the name Context in the package testpackage. You did not implement the class in the exercise., hasLongFeedbackText=false, reference=null, credits=0.0, positive=false, type=AUTOMATIC, visibility=ALWAYS, testCase=TestCaseDTO[testName=null, id=177]], FeedbackDTO[id=197, text=null, detailText=The exercise expects a class with the name Policy in the package testpackage. You did not implement the class in the exercise., hasLongFeedbackText=false, reference=null, credits=0.0, positive=false, type=AUTOMATIC, visibility=ALWAYS, testCase=TestCaseDTO[testName=null, id=178]], FeedbackDTO[id=198, text=null, detailText=null, hasLongFeedbackText=false, reference=null, credits=3.230769230769231, positive=true, type=AUTOMATIC, visibility=ALWAYS, testCase=TestCaseDTO[testName=null, id=188]]], assessmentType=AUTOMATIC, hasComplaint=null, exampleResult=null, testCaseCount=13, passedTestCaseCount=1, codeIssueCount=0]], BuildJobQueueItem[id=5031739576604847, name=SHORT00FA1A240403404C7E097D7007C591BE2AB1TSTEXC-LOCALCIINTSTUDENT1, buildAgent=BuildAgentDTO[name=artemis-build-agent-test, memberAddress=[127.0.0.1]:5703, displayName=artemis-build-agent-test], participationId=503, courseId=161, exerciseId=312, retryCount=0, priority=2, status=FAILED, repositoryInfo=RepositoryInfo[repositoryName=short00fa1a240403404c7e097d7007c591be2ab1tstexc-localciintstudent1, repositoryType=user, triggeredByPushTo=user, assignmentRepositoryUri=http://localhost:49152/git/SHORT00FA1A240403404C7E097D7007C591BE2AB1TSTEXC/short00fa1a240403404c7e097d7007c591be2ab1tstexc-localciintstudent1.git, testRepositoryUri=http://localhost:49152/git/SHORT00FA1A240403404C7E097D7007C591BE2AB1TSTEXC/short00fa1a240403404c7e097d7007c591be2ab1tstexc-tests.git, solutionRepositoryUri=null, auxiliaryRepositoryUris=[Ljava.lang.String;@7d85323f, auxiliaryRepositoryCheckoutDirectories=[Ljava.lang.String;@3e37e2ea], jobTimingInfo=JobTimingInfo[submissionDate=2025-02-14T23:43:24.847396156Z[Etc/UTC], buildStartDate=2025-02-14T23:43:24.860457211Z[Etc/UTC], buildCompletionDate=2025-02-14T23:43:26.809353681Z[Etc/UTC], estimatedCompletionDate=2025-02-14T23:43:46.860451490Z[Etc/UTC], estimatedDuration=22], buildConfig=BuildConfig[buildScript=#!/bin/bash
cd /var/tmp/testing-dir
chmod +x ./gradlew
./gradlew clean test
, dockerImage=dummy-docker-image:latest, commitHashToBuild=9690714a509af0a98c6790a7e52ee3574c7ef689, assignmentCommitHash=9690714a509af0a98c6790a7e52ee3574c7ef689, testCommitHash=9690714a509af0a98c6790a7e52ee3574c7ef689, branch=main, programmingLanguage=JAVA, projectType=PLAIN_GRADLE, scaEnabled=false, sequentialTestRunsEnabled=false, resultPaths=[/var/tmp/testing-dir/**/test-results/test/*.xml], timeoutSeconds=0, assignmentCheckoutPath=null, testCheckoutPath=null, solutionCheckoutPath=null, dockerRunConfig=null], submissionResult=ResultDTO[id=144, completionDate=2025-02-14T23:43:26.809483684Z[Etc/UTC], successful=false, score=0.0, rated=true, submission=SubmissionDTO[id=133, submitted=true, type=MANUAL, exampleSubmission=null, submissionDate=2025-02-14T23:43:24.841319Z, commitHash=9690714a509af0a98c6790a7e52ee3574c7ef689, buildFailed=true, buildArtifact=false, participation=ParticipationDTO[id=503, testRun=false, type=programming, submissionCount=null, exercise=ParticipationExerciseDTO[id=312, exerciseType=PROGRAMMING, type=programming, assessmentType=AUTOMATIC, dueDate=2025-02-16T23:43:24.571329Z, assessmentDueDate=null, maxPoints=42.0, course=CourseDTO[id=161, accuracyOfScores=1]]], submissionExerciseType=programming, isProcessing=false, buildStartDate=null, estimatedCompletionDate=null], participation=ParticipationDTO[id=503, testRun=false, type=programming, submissionCount=null, exercise=ParticipationExerciseDTO[id=312, exerciseType=PROGRAMMING, type=programming, assessmentType=AUTOMATIC, dueDate=2025-02-16T23:43:24.571329Z, assessmentDueDate=null, maxPoints=42.0, course=CourseDTO[id=161, accuracyOfScores=1]]], feedbacks=[], assessmentType=AUTOMATIC, hasComplaint=null, exampleResult=null, testCaseCount=0, passedTestCaseCount=0, codeIssueCount=0]], BuildJobQueueItem[id=5061739576605250, name=SHORT62C808EE04ECE040740AF7B0CF3AE5F5BEF2TSTEXC-LOCALCIINTSTUDENT1, buildAgent=BuildAgentDTO[name=artemis-build-agent-test, memberAddress=[127.0.0.1]:5703, displayName=artemis-build-agent-test], participationId=506, courseId=162, exerciseId=313, retryCount=0, priority=2, status=SUCCESSFUL, repositoryInfo=RepositoryInfo[repositoryName=short62c808ee04ece040740af7b0cf3ae5f5bef2tstexc-localciintstudent1, repositoryType=user, triggeredByPushTo=user, assignmentRepositoryUri=http://localhost:49152/git/SHORT62C808EE04ECE040740AF7B0CF3AE5F5BEF2TSTEXC/short62c808ee04ece040740af7b0cf3ae5f5bef2tstexc-localciintstudent1.git, testRepositoryUri=http://localhost:49152/git/SHORT62C808EE04ECE040740AF7B0CF3AE5F5BEF2TSTEXC/short62c808ee04ece040740af7b0cf3ae5f5bef2tstexc-tests.git, solutionRepositoryUri=null, auxiliaryRepositoryUris=[Ljava.lang.String;@7d78a158, auxiliaryRepositoryCheckoutDirectories=[Ljava.lang.String;@1bff316c], jobTimingInfo=JobTimingInfo[submissionDate=2025-02-14T23:43:25.250749866Z[Etc/UTC], buildStartDate=2025-02-14T23:43:26.820713075Z[Etc/UTC], buildCompletionDate=2025-02-14T23:43:28.304236378Z[Etc/UTC], estimatedCompletionDate=2025-02-14T23:43:45.820704920Z[Etc/UTC], estimatedDuration=19], buildConfig=BuildConfig[buildScript=#!/bin/bash
cd /var/tmp/testing-dir
chmod +x ./gradlew
./gradlew clean test
, dockerImage=dummy-docker-image:latest, commitHashToBuild=993b6f756e3e52a44d0537d4fa3a5d0e0acdbe89, assignmentCommitHash=993b6f756e3e52a44d0537d4fa3a5d0e0acdbe89, testCommitHash=993b6f756e3e52a44d0537d4fa3a5d0e0acdbe89, branch=main, programmingLanguage=JAVA, projectType=null, scaEnabled=false, sequentialTestRunsEnabled=false, resultPaths=[/var/tmp/testing-dir/**/test-results/test/*.xml], timeoutSeconds=0, assignmentCheckoutPath=null, testCheckoutPath=null, solutionCheckoutPath=null, dockerRunConfig=null], submissionResult=ResultDTO[id=145, completionDate=2025-02-14T23:43:28.269051286Z[Etc/UTC], successful=false, score=7.7, rated=true, submission=SubmissionDTO[id=134, submitted=true, type=MANUAL, exampleSubmission=null, submissionDate=2025-02-14T23:43:25.241685Z, commitHash=993b6f756e3e52a44d0537d4fa3a5d0e0acdbe89, buildFailed=false, buildArtifact=false, participation=ParticipationDTO[id=506, testRun=false, type=programming, submissionCount=null, exercise=ParticipationExerciseDTO[id=313, exerciseType=PROGRAMMING, type=programming, assessmentType=AUTOMATIC, dueDate=2025-02-16T23:43:24.986721Z, assessmentDueDate=null, maxPoints=42.0, course=CourseDTO[id=162, accuracyOfScores=1]]], submissionExerciseType=programming, isProcessing=false, buildStartDate=null, estimatedCompletionDate=null], participation=ParticipationDTO[id=506, testRun=false, type=programming, submissionCount=null, exercise=ParticipationExerciseDTO[id=313, exerciseType=PROGRAMMING, type=programming, assessmentType=AUTOMATIC, dueDate=2025-02-16T23:43:24.986721Z, assessmentDueDate=null, maxPoints=42.0, course=CourseDTO[id=162, accuracyOfScores=1]]], feedbacks=[FeedbackDTO[id=199, text=null, detailText=The exercise expects a class with the name Context in the package testpackage. You did not implement the class in the exercise., hasLongFeedbackText=false, reference=null, credits=0.0, positive=false, type=AUTOMATIC, visibility=ALWAYS, testCase=TestCaseDTO[testName=null, id=208]], FeedbackDTO[id=200, text=null, detailText=The exercise expects a class with the name Policy in the package testpackage. You did not implement the class in the exercise., hasLongFeedbackText=false, reference=null, credits=0.0, positive=false, type=AUTOMATIC, visibility=ALWAYS, testCase=TestCaseDTO[testName=null, id=209]], FeedbackDTO[id=201, text=null, detailText=The exercise expects a class with the name SortStrategy in the package testpackage. You did not implement the class in the exercise., hasLongFeedbackText=false, reference=null, credits=0.0, positive=false, type=AUTOMATIC, visibility=ALWAYS, testCase=TestCaseDTO[testName=null, id=210]], FeedbackDTO[id=202, text=null, detailText=The class 'MergeSort' does not implement the interface 'SortStrategy' as expected. Implement the interface and its methods., hasLongFeedbackText=false, reference=null, credits=0.0, positive=false, type=AUTOMATIC, visibility=ALWAYS, testCase=TestCaseDTO[testName=null, id=205]], FeedbackDTO[id=203, text=null, detailText=The exercise expects a class with the name SortStrategy in the package testpackage. You did not implement the class in the exercise., hasLongFeedbackText=false, reference=null, credits=0.0, positive=false, type=AUTOMATIC, visibility=ALWAYS, testCase=TestCaseDTO[testName=null, id=202]], FeedbackDTO[id=204, text=null, detailText=The class 'BubbleSort' does not implement the interface 'SortStrategy' as expected. Implement the interface and its methods., hasLongFeedbackText=false, reference=null, credits=0.0, positive=false, type=AUTOMATIC, visibility=ALWAYS, testCase=TestCaseDTO[testName=null, id=206]], FeedbackDTO[id=205, text=null, detailText=MergeSort does not sort correctly, hasLongFeedbackText=false, reference=null, credits=0.0, positive=false, type=AUTOMATIC, visibility=ALWAYS, testCase=TestCaseDTO[testName=null, id=211]], FeedbackDTO[id=206, text=null, detailText=The class 'Context' was not found within the submission. Make sure to implement it properly., hasLongFeedbackText=false, reference=null, credits=0.0, positive=false, type=AUTOMATIC, visibility=ALWAYS, testCase=TestCaseDTO[testName=null, id=212]], FeedbackDTO[id=207, text=null, detailText=The class 'Context' was not found within the submission. Make sure to implement it properly., hasLongFeedbackText=false, reference=null, credits=0.0, positive=false, type=AUTOMATIC, visibility=ALWAYS, testCase=TestCaseDTO[testName=null, id=213]], FeedbackDTO[id=208, text=null, detailText=The exercise expects a class with the name Policy in the package testpackage. You did not implement the class in the exercise., hasLongFeedbackText=false, reference=null, credits=0.0, positive=false, type=AUTOMATIC, visibility=ALWAYS, testCase=TestCaseDTO[testName=null, id=207]], FeedbackDTO[id=209, text=null, detailText=The exercise expects a class with the name Context in the package testpackage. You did not implement the class in the exercise., hasLongFeedbackText=false, reference=null, credits=0.0, positive=false, type=AUTOMATIC, visibility=ALWAYS, testCase=TestCaseDTO[testName=null, id=203]], FeedbackDTO[id=210, text=null, detailText=The exercise expects a class with the name Policy in the package testpackage. You did not implement the class in the exercise., hasLongFeedbackText=false, reference=null, credits=0.0, positive=false, type=AUTOMATIC, visibility=ALWAYS, testCase=TestCaseDTO[testName=null, id=204]], FeedbackDTO[id=211, text=null, detailText=null, hasLongFeedbackText=false, reference=null, credits=3.230769230769231, positive=true, type=AUTOMATIC, visibility=ALWAYS, testCase=TestCaseDTO[testName=null, id=214]]], assessmentType=AUTOMATIC, hasComplaint=null, exampleResult=null, testCaseCount=13, passedTestCaseCount=1, codeIssueCount=0]], BuildJobQueueItem[id=5121739576609302, name=SHORT3D739532080B804BC608BDA0F7816DDB4316TSTEXC-LOCALCIINTSTUDENT1, buildAgent=BuildAgentDTO[name=artemis-build-agent-test, memberAddress=[127.0.0.1]:5703, displayName=artemis-build-agent-test], participationId=512, courseId=164, exerciseId=315, retryCount=0, priority=2, status=SUCCESSFUL, repositoryInfo=RepositoryInfo[repositoryName=short3d739532080b804bc608bda0f7816ddb4316tstexc-localciintstudent1, repositoryType=user, triggeredByPushTo=user, assignmentRepositoryUri=http://localhost:49152/git/SHORT3D739532080B804BC608BDA0F7816DDB4316TSTEXC/short3d739532080b804bc608bda0f7816ddb4316tstexc-localciintstudent1.git, testRepositoryUri=http://localhost:49152/git/SHORT3D739532080B804BC608BDA0F7816DDB4316TSTEXC/short3d739532080b804bc608bda0f7816ddb4316tstexc-tests.git, solutionRepositoryUri=null, auxiliaryRepositoryUris=[Ljava.lang.String;@4f3ffce6, auxiliaryRepositoryCheckoutDirectories=[Ljava.lang.String;@4e9e6759], jobTimingInfo=JobTimingInfo[submissionDate=2025-02-14T23:43:29.302618463Z[Etc/UTC], buildStartDate=2025-02-14T23:43:29.307985701Z[Etc/UTC], buildCompletionDate=2025-02-14T23:43:30.717961572Z[Etc/UTC], estimatedCompletionDate=2025-02-14T23:43:48.307979980Z[Etc/UTC], estimatedDuration=19], buildConfig=BuildConfig[buildScript=#!/bin/bash
cd /var/tmp/testing-dir
chmod +x ./gradlew
./gradlew clean test
, dockerImage=dummy-docker-image:latest, commitHashToBuild=71f54bdf5e0f9c98936e24a4638fd2ffcf966edd, assignmentCommitHash=71f54bdf5e0f9c98936e24a4638fd2ffcf966edd, testCommitHash=71f54bdf5e0f9c98936e24a4638fd2ffcf966edd, branch=main, programmingLanguage=JAVA, projectType=PLAIN_GRADLE, scaEnabled=false, sequentialTestRunsEnabled=false, resultPaths=[/var/tmp/testing-dir/**/test-results/test/*.xml], timeoutSeconds=0, assignmentCheckoutPath=null, testCheckoutPath=null, solutionCheckoutPath=null, dockerRunConfig=null], submissionResult=null]], publicSshKey=ssh-rsa AAAAB3NzaC1yc2EAAAADAQABAAACAQCOPdMsxRE2jFJ/UEa5/LsBxtwzJcrh3/rYBCQvcMeVpiRfhzQPWu7mrt/G2Ew+i+vRloGH9aqKg6dd1liRncao53Zmd/ePxoatXePNhmzTfkCkcSkTUz7B+QMjkoDDV5jwuFPD6mF3JkhuzSi64n9Zy905t4w2IhVcjM2mL3eYNjiCXt6Qpq3Pkt7dM/Ksw1nxnvuiIALuJLB3FTkXkHqq3PJav+9HSq2r6ZaWgekneaGxlQlb+U+Vy3XOuArKAzK8c8i+0bR+AHiTG6ncYXt7ax3U+TdlDTF7OLP3umwaYjs1NBXOHwG42pevvpKn2fqavZZozk+M05jXLx3bq0O7itxfErWc7etky8qYPyyIMF/txQIVLd78+Ze4d7Y60t5MGbXM5cGE6fFif5fEJwgswXD+BrG0cafz1CTatjSKFdvp8Vp4VszXhHDan1PrP6JEFJ5Cc5GDmLRZPCFa3vL9f5qXgf4bkqKN8MYeEujwJE5nMRWoiJVNakix2bcrrneQMBlnYeYZVWXXXUusAQBzl4NgddC1umZpihZkL1b1MffZAUW3EGEXi7KHnllQhkTLLsQ8ntMgbylqaJKStqaXlLvdeRJcEnUuiFCrHEVVbXRFZR7XVDZ02CE5o3MuaRPty8Kh+jRTF3COlAckHwYEJCNNJvXFgb2CNXL4mjzYDw== test@localhost]
    23:43:30.738 | 566 localvc.event-13 | DEBUG | a.p.s.l.SharedQueueManagementService : Build agent updated: null
    23:43:30.743 | 566 localvc.event-13 | DEBUG | p.s.l.LocalCIResultProcessingService : Result of build job with id 5121739576609302 added to queue
    23:43:30.744 | 566 localvc.event-13 | INFO  | p.s.l.LocalCIResultProcessingService : Processing build job result with id 5121739576609302
    23:43:30.744 | 566 localvc.event-13 | DEBUG | p.s.l.LocalCIResultProcessingService : Build jobs waiting in queue: 0
    23:43:30.744 | 566 localvc.event-13 | DEBUG | p.s.l.LocalCIResultProcessingService : Queued build jobs: []
    23:43:30.746 | 566 localvc.event-13 | DEBUG | .s.ProgrammingExerciseGradingService : Received new build result (NEW) for participation 512
    23:43:30.770 | 566 localvc.event-13 | DEBUG | .c.s.m.InstanceMessageReceiveService : Received schedule participant score for exercise 315 and participant 37 (result to be deleted: null)
    23:43:30.770 | 566 localvc.event-13 | DEBUG | .a.s.ParticipantScoreScheduleService : Scheduled task for exercise 315 and participant 37 at 2025-02-14T23:43:30.870826386Z[Etc/UTC].
    23:43:30.771 | 370 ool-1-worker-134 | DEBUG | d.t.c.a.a.c.s.f.ApiVersionFilter     : Adding Version to Request POST /api/courses/429/exams/845/generate-student-exams
    23:43:30.772 | 370 ool-1-worker-134 | INFO  | d.t.c.a.a.exam.web.ExamResource      : REST request to generate student exams for exam 845
    23:43:30.773 | 566 localvc.event-13 | DEBUG | .a.a.p.s.ProgrammingMessagingService : Send result to client over websocket. Result: Result{id146, completionDate=2025-02-14T23:43:30.706391245Z[Etc/UTC], successful=false, score=0.0, rated=true, assessmentType=AUTOMATIC, hasComplaint=null, testCaseCount=0, passedTestCaseCount=0, codeIssueCount=0}, Submission: ProgrammingSubmission{commitHash='71f54bdf5e0f9c98936e24a4638fd2ffcf966edd', buildFailed=true, buildArtifact=false, type=MANUAL}, Participation: ProgrammingExerciseStudentParticipation{id=512, repositoryUri='http://localhost:49152/git/SHORT3D739532080B804BC608BDA0F7816DDB4316TSTEXC/short3d739532080b804bc608bda0f7816ddb4316tstexc-localciintstudent1.git', buildPlanId='SHORT3D739532080B804BC608BDA0F7816DDB4316TSTEXC-LOCALCIINTSTUDENT1', initializationState='INITIALIZED', initializationDate='2025-02-14T23:43:29.284751Z', individualDueDate=null', presentationScore=null}
    23:43:30.777 | 370 ool-1-worker-134 | INFO  | d.t.c.a.a.e.s.ExamDeletionService    : User studexaminstructor1 has requested to delete existing student exams and participations for exam Real exam 1
    23:43:30.778 | 370 ool-1-worker-134 | INFO  | d.t.c.a.a.e.s.ParticipationService   : Request to delete all 0 participations of exercise with id : 1397
    23:43:30.779 | 370 ool-1-worker-134 | INFO  | d.t.c.a.a.e.s.ParticipationService   : Request to delete all 0 participations of exercise with id : 1398
    23:43:30.781 | 370 ool-1-worker-134 | INFO  | d.t.c.a.a.e.s.ParticipationService   : Request to delete all 0 participations of exercise with id : 1399
    23:43:30.782 | 370 ool-1-worker-134 | INFO  | d.t.c.a.a.e.s.ParticipationService   : Request to delete all 0 participations of exercise with id : 1400
    23:43:30.782 | 566 localvc.event-13 | DEBUG | d.t.c.a.a.p.s.BuildLogEntryService   : Saved build logs for build job 5121739576609302 to file /tmp/build-logs/short3d739532080b804bc608bda0f7816ddb4316/TSTEXC/5121739576609302.log
    23:43:30.783 | 370 ool-1-worker-134 | INFO  | d.t.c.a.a.e.s.ParticipationService   : Request to delete all 0 participations of exercise with id : 1401
    23:43:30.783 | 566 localvc.event-13 | DEBUG | a.p.s.l.LocalCIQueueWebsocketService : Build agent updated: BuildAgentInformation[buildAgent=BuildAgentDTO[name=artemis-build-agent-test, memberAddress=[127.0.0.1]:5703, displayName=artemis-build-agent-test], maxNumberOfConcurrentBuildJobs=1, numberOfCurrentBuildJobs=0, runningBuildJobs=[], status=IDLE, recentBuildJobs=[BuildJobQueueItem[id=4621739576562326, name=SHORT43ACF76B02BC1044B80938509D14043FABDETSTEXC-LOCALCIINTSTUDENT1, buildAgent=BuildAgentDTO[name=artemis-build-agent-test, memberAddress=[127.0.0.1]:5703, displayName=artemis-build-agent-test], participationId=462, courseId=147, exerciseId=298, retryCount=0, priority=2, status=SUCCESSFUL, repositoryInfo=RepositoryInfo[repositoryName=short43acf76b02bc1044b80938509d14043fabdetstexc-localciintstudent1, repositoryType=user, triggeredByPushTo=user, assignmentRepositoryUri=http://localhost:49152/git/SHORT43ACF76B02BC1044B80938509D14043FABDETSTEXC/short43acf76b02bc1044b80938509d14043fabdetstexc-localciintstudent1.git, testRepositoryUri=http://localhost:49152/git/SHORT43ACF76B02BC1044B80938509D14043FABDETSTEXC/short43acf76b02bc1044b80938509d14043fabdetstexc-tests.git, solutionRepositoryUri=null, auxiliaryRepositoryUris=[Ljava.lang.String;@2918a936, auxiliaryRepositoryCheckoutDirectories=[Ljava.lang.String;@481b42f7], jobTimingInfo=JobTimingInfo[submissionDate=2025-02-14T23:42:42.326978596Z[Etc/UTC], buildStartDate=2025-02-14T23:42:42.420147010Z[Etc/UTC], buildCompletionDate=2025-02-14T23:42:45.573855829Z[Etc/UTC], estimatedCompletionDate=2025-02-14T23:43:01.420129377Z[Etc/UTC], estimatedDuration=19], buildConfig=BuildConfig[buildScript=#!/bin/bash
cd /var/tmp/testing-dir
chmod +x ./gradlew
./gradlew clean test
, dockerImage=dummy-docker-image:latest, commitHashToBuild=a9c717ccf7bcbe9531d3eee21dbaeb5aab2ff971, assignmentCommitHash=a9c717ccf7bcbe9531d3eee21dbaeb5aab2ff971, testCommitHash=a9c717ccf7bcbe9531d3eee21dbaeb5aab2ff971, branch=main, programmingLanguage=JAVA, projectType=PLAIN_GRADLE, scaEnabled=false, sequentialTestRunsEnabled=false, resultPaths=[/var/tmp/testing-dir/**/test-results/test/*.xml], timeoutSeconds=0, assignmentCheckoutPath=null, testCheckoutPath=null, solutionCheckoutPath=null, dockerRunConfig=DockerRunConfig[isNetworkDisabled=true, env=[key=value]]], submissionResult=ResultDTO[id=132, completionDate=2025-02-14T23:42:45.519869118Z[Etc/UTC], successful=false, score=7.7, rated=true, submission=SubmissionDTO[id=119, submitted=true, type=MANUAL, exampleSubmission=null, submissionDate=2025-02-14T23:42:42.302762Z, commitHash=a9c717ccf7bcbe9531d3eee21dbaeb5aab2ff971, buildFailed=false, buildArtifact=false, participation=ParticipationDTO[id=462, testRun=false, type=programming, submissionCount=null, exercise=ParticipationExerciseDTO[id=298, exerciseType=PROGRAMMING, type=programming, assessmentType=AUTOMATIC, dueDate=2025-02-16T23:42:41.553955Z, assessmentDueDate=null, maxPoints=42.0, course=CourseDTO[id=147, accuracyOfScores=1]]], submissionExerciseType=programming, isProcessing=false, buildStartDate=null, estimatedCompletionDate=null], participation=ParticipationDTO[id=462, testRun=false, type=programming, submissionCount=null, exercise=ParticipationExerciseDTO[id=298, exerciseType=PROGRAMMING, type=programming, assessmentType=AUTOMATIC, dueDate=2025-02-16T23:42:41.553955Z, assessmentDueDate=null, maxPoints=42.0, course=CourseDTO[id=147, accuracyOfScores=1]]], feedbacks=[FeedbackDTO[id=67, text=null, detailText=The exercise expects a class with the name Context in the package testpackage. You did not implement the class in the exercise., hasLongFeedbackText=false, reference=null, credits=0.0, positive=false, type=AUTOMATIC, visibility=ALWAYS, testCase=TestCaseDTO[testName=null, id=13]], FeedbackDTO[id=68, text=null, detailText=The exercise expects a class with the name Policy in the package testpackage. You did not implement the class in the exercise., hasLongFeedbackText=false, reference=null, credits=0.0, positive=false, type=AUTOMATIC, visibility=ALWAYS, testCase=TestCaseDTO[testName=null, id=14]], FeedbackDTO[id=69, text=null, detailText=The exercise expects a class with the name SortStrategy in the package testpackage. You did not implement the class in the exercise., hasLongFeedbackText=false, reference=null, credits=0.0, positive=false, type=AUTOMATIC, visibility=ALWAYS, testCase=TestCaseDTO[testName=null, id=15]], FeedbackDTO[id=70, text=null, detailText=The class 'MergeSort' does not implement the interface 'SortStrategy' as expected. Implement the interface and its methods., hasLongFeedbackText=false, reference=null, credits=0.0, positive=false, type=AUTOMATIC, visibility=ALWAYS, testCase=TestCaseDTO[testName=null, id=10]], FeedbackDTO[id=71, text=null, detailText=The exercise expects a class with the name SortStrategy in the package testpackage. You did not implement the class in the exercise., hasLongFeedbackText=false, reference=null, credits=0.0, positive=false, type=AUTOMATIC, visibility=ALWAYS, testCase=TestCaseDTO[testName=null, id=7]], FeedbackDTO[id=72, text=null, detailText=The class 'BubbleSort' does not implement the interface 'SortStrategy' as expected. Implement the interface and its methods., hasLongFeedbackText=false, reference=null, credits=0.0, positive=false, type=AUTOMATIC, visibility=ALWAYS, testCase=TestCaseDTO[testName=null, id=11]], FeedbackDTO[id=73, text=null, detailText=MergeSort does not sort correctly, hasLongFeedbackText=false, reference=null, credits=0.0, positive=false, type=AUTOMATIC, visibility=ALWAYS, testCase=TestCaseDTO[testName=null, id=16]], FeedbackDTO[id=74, text=null, detailText=The class 'Context' was not found within the submission. Make sure to implement it properly., hasLongFeedbackText=false, reference=null, credits=0.0, positive=false, type=AUTOMATIC, visibility=ALWAYS, testCase=TestCaseDTO[testName=null, id=17]], FeedbackDTO[id=75, text=null, detailText=The class 'Context' was not found within the submission. Make sure to implement it properly., hasLongFeedbackText=false, reference=null, credits=0.0, positive=false, type=AUTOMATIC, visibility=ALWAYS, testCase=TestCaseDTO[testName=null, id=18]], FeedbackDTO[id=76, text=null, detailText=The exercise expects a class with the name Policy in the package testpackage. You did not implement the class in the exercise., hasLongFeedbackText=false, reference=null, credits=0.0, positive=false, type=AUTOMATIC, visibility=ALWAYS, testCase=TestCaseDTO[testName=null, id=12]], FeedbackDTO[id=77, text=null, detailText=The exercise expects a class with the name Context in the package testpackage. You did not implement the class in the exercise., hasLongFeedbackText=false, reference=null, credits=0.0, positive=false, type=AUTOMATIC, visibility=ALWAYS, testCase=TestCaseDTO[testName=null, id=8]], FeedbackDTO[id=78, text=null, detailText=The exercise expects a class with the name Policy in the package testpackage. You did not implement the class in the exercise., hasLongFeedbackText=false, reference=null, credits=0.0, positive=false, type=AUTOMATIC, visibility=ALWAYS, testCase=TestCaseDTO[testName=null, id=9]], FeedbackDTO[id=79, text=null, detailText=null, hasLongFeedbackText=false, reference=null, credits=3.230769230769231, positive=true, type=AUTOMATIC, visibility=ALWAYS, testCase=TestCaseDTO[testName=null, id=19]]], assessmentType=AUTOMATIC, hasComplaint=null, exampleResult=null, testCaseCount=13, passedTestCaseCount=1, codeIssueCount=0]], BuildJobQueueItem[id=4651739576569330, name=SHORTB06DD3F905F4604F6E085260D83ED657A6DFTSTEXC-LOCALCIINTSTUDENT1, buildAgent=BuildAgentDTO[name=artemis-build-agent-test, memberAddress=[127.0.0.1]:5703, displayName=artemis-build-agent-test], participationId=465, courseId=148, exerciseId=299, retryCount=0, priority=2, status=SUCCESSFUL, repositoryInfo=RepositoryInfo[repositoryName=shortb06dd3f905f4604f6e085260d83ed657a6dftstexc-localciintstudent1, repositoryType=user, triggeredByPushTo=user, assignmentRepositoryUri=http://localhost:49152/git/SHORTB06DD3F905F4604F6E085260D83ED657A6DFTSTEXC/shortb06dd3f905f4604f6e085260d83ed657a6dftstexc-localciintstudent1.git, testRepositoryUri=http://localhost:49152/git/SHORTB06DD3F905F4604F6E085260D83ED657A6DFTSTEXC/shortb06dd3f905f4604f6e085260d83ed657a6dftstexc-tests.git, solutionRepositoryUri=null, auxiliaryRepositoryUris=[Ljava.lang.String;@9bd21e0, auxiliaryRepositoryCheckoutDirectories=[Ljava.lang.String;@6070b659], jobTimingInfo=JobTimingInfo[submissionDate=2025-02-14T23:42:49.330093960Z[Etc/UTC], buildStartDate=2025-02-14T23:42:49.347797345Z[Etc/UTC], buildCompletionDate=2025-02-14T23:42:51.204319751Z[Etc/UTC], estimatedCompletionDate=2025-02-14T23:43:08.347788449Z[Etc/UTC], estimatedDuration=19], buildConfig=BuildConfig[buildScript=#!/bin/bash
cd /var/tmp/testing-dir
chmod +x ./gradlew
./gradlew clean test
, dockerImage=dummy-docker-image:latest, commitHashToBuild=41581fff25954d36cf07586926ee0c77d1003131, assignmentCommitHash=41581fff25954d36cf07586926ee0c77d1003131, testCommitHash=41581fff25954d36cf07586926ee0c77d1003131, branch=main, programmingLanguage=JAVA, projectType=PLAIN_GRADLE, scaEnabled=false, sequentialTestRunsEnabled=false, resultPaths=[/var/tmp/testing-dir/**/test-results/test/*.xml], timeoutSeconds=0, assignmentCheckoutPath=null, testCheckoutPath=null, solutionCheckoutPath=null, dockerRunConfig=null], submissionResult=ResultDTO[id=133, completionDate=2025-02-14T23:42:51.155372920Z[Etc/UTC], successful=false, score=7.7, rated=true, submission=SubmissionDTO[id=120, submitted=true, type=MANUAL, exampleSubmission=null, submissionDate=2025-02-14T23:42:49.321855Z, commitHash=41581fff25954d36cf07586926ee0c77d1003131, buildFailed=false, buildArtifact=false, participation=ParticipationDTO[id=465, testRun=false, type=programming, submissionCount=null, exercise=ParticipationExerciseDTO[id=299, exerciseType=PROGRAMMING, type=programming, assessmentType=AUTOMATIC, dueDate=2025-02-16T23:42:49.163661Z, assessmentDueDate=null, maxPoints=42.0, course=CourseDTO[id=148, accuracyOfScores=1]]], submissionExerciseType=programming, isProcessing=false, buildStartDate=null, estimatedCompletionDate=null], participation=ParticipationDTO[id=465, testRun=false, type=programming, submissionCount=null, exercise=ParticipationExerciseDTO[id=299, exerciseType=PROGRAMMING, type=programming, assessmentType=AUTOMATIC, dueDate=2025-02-16T23:42:49.163661Z, assessmentDueDate=null, maxPoints=42.0, course=CourseDTO[id=148, accuracyOfScores=1]]], feedbacks=[FeedbackDTO[id=80, text=null, detailText=The exercise expects a class with the name Context in the package testpackage. You did not implement the class in the exercise., hasLongFeedbackText=false, reference=null, credits=0.0, positive=false, type=AUTOMATIC, visibility=ALWAYS, testCase=TestCaseDTO[testName=null, id=26]], FeedbackDTO[id=81, text=null, detailText=The exercise expects a class with the name Policy in the package testpackage. You did not implement the class in the exercise., hasLongFeedbackText=false, reference=null, credits=0.0, positive=false, type=AUTOMATIC, visibility=ALWAYS, testCase=TestCaseDTO[testName=null, id=27]], FeedbackDTO[id=82, text=null, detailText=The exercise expects a class with the name SortStrategy in the package testpackage. You did not implement the class in the exercise., hasLongFeedbackText=false, reference=null, credits=0.0, positive=false, type=AUTOMATIC, visibility=ALWAYS, testCase=TestCaseDTO[testName=null, id=28]], FeedbackDTO[id=83, text=null, detailText=The class 'MergeSort' does not implement the interface 'SortStrategy' as expected. Implement the interface and its methods., hasLongFeedbackText=false, reference=null, credits=0.0, positive=false, type=AUTOMATIC, visibility=ALWAYS, testCase=TestCaseDTO[testName=null, id=23]], FeedbackDTO[id=84, text=null, detailText=The exercise expects a class with the name SortStrategy in the package testpackage. You did not implement the class in the exercise., hasLongFeedbackText=false, reference=null, credits=0.0, positive=false, type=AUTOMATIC, visibility=ALWAYS, testCase=TestCaseDTO[testName=null, id=20]], FeedbackDTO[id=85, text=null, detailText=The class 'BubbleSort' does not implement the interface 'SortStrategy' as expected. Implement the interface and its methods., hasLongFeedbackText=false, reference=null, credits=0.0, positive=false, type=AUTOMATIC, visibility=ALWAYS, testCase=TestCaseDTO[testName=null, id=24]], FeedbackDTO[id=86, text=null, detailText=MergeSort does not sort correctly, hasLongFeedbackText=false, reference=null, credits=0.0, positive=false, type=AUTOMATIC, visibility=ALWAYS, testCase=TestCaseDTO[testName=null, id=29]], FeedbackDTO[id=87, text=null, detailText=The class 'Context' was not found within the submission. Make sure to implement it properly., hasLongFeedbackText=false, reference=null, credits=0.0, positive=false, type=AUTOMATIC, visibility=ALWAYS, testCase=TestCaseDTO[testName=null, id=30]], FeedbackDTO[id=88, text=null, detailText=The class 'Context' was not found within the submission. Make sure to implement it properly., hasLongFeedbackText=false, reference=null, credits=0.0, positive=false, type=AUTOMATIC, visibility=ALWAYS, testCase=TestCaseDTO[testName=null, id=31]], FeedbackDTO[id=89, text=null, detailText=The exercise expects a class with the name Policy in the package testpackage. You did not implement the class in the exercise., hasLongFeedbackText=false, reference=null, credits=0.0, positive=false, type=AUTOMATIC, visibility=ALWAYS, testCase=TestCaseDTO[testName=null, id=25]], FeedbackDTO[id=90, text=null, detailText=The exercise expects a class with the name Context in the package testpackage. You did not implement the class in the exercise., hasLongFeedbackText=false, reference=null, credits=0.0, positive=false, type=AUTOMATIC, visibility=ALWAYS, testCase=TestCaseDTO[testName=null, id=21]], FeedbackDTO[id=91, text=null, detailText=The exercise expects a class with the name Policy in the package testpackage. You did not implement the class in the exercise., hasLongFeedbackText=false, reference=null, credits=0.0, positive=false, type=AUTOMATIC, visibility=ALWAYS, testCase=TestCaseDTO[testName=null, id=22]], FeedbackDTO[id=92, text=null, detailText=null, hasLongFeedbackText=false, reference=null, credits=3.230769230769231, positive=true, type=AUTOMATIC, visibility=ALWAYS, testCase=TestCaseDTO[testName=null, id=32]]], assessmentType=AUTOMATIC, hasComplaint=null, exampleResult=null, testCaseCount=13, passedTestCaseCount=1, codeIssueCount=0]], BuildJobQueueItem[id=4681739576573068, name=SHORTBCF65534040390488B0A46605F5F3776B89ATSTEXC-LOCALCIINTSTUDENT1, buildAgent=BuildAgentDTO[name=artemis-build-agent-test, memberAddress=[127.0.0.1]:5703, displayName=artemis-build-agent-test], participationId=468, courseId=149, exerciseId=300, retryCount=0, priority=2, status=SUCCESSFUL, repositoryInfo=RepositoryInfo[repositoryName=shortbcf65534040390488b0a46605f5f3776b89atstexc-localciintstudent1, repositoryType=user, triggeredByPushTo=user, assignmentRepositoryUri=http://localhost:49152/git/SHORTBCF65534040390488B0A46605F5F3776B89ATSTEXC/shortbcf65534040390488b0a46605f5f3776b89atstexc-localciintstudent1.git, testRepositoryUri=http://localhost:49152/git/SHORTBCF65534040390488B0A46605F5F3776B89ATSTEXC/shortbcf65534040390488b0a46605f5f3776b89atstexc-tests.git, solutionRepositoryUri=null, auxiliaryRepositoryUris=[Ljava.lang.String;@c4df278, auxiliaryRepositoryCheckoutDirectories=[Ljava.lang.String;@1e5305fc], jobTimingInfo=JobTimingInfo[submissionDate=2025-02-14T23:42:53.068019209Z[Etc/UTC], buildStartDate=2025-02-14T23:42:53.092867394Z[Etc/UTC], buildCompletionDate=2025-02-14T23:42:55.086950323Z[Etc/UTC], estimatedCompletionDate=2025-02-14T23:43:12.092858828Z[Etc/UTC], estimatedDuration=19], buildConfig=BuildConfig[buildScript=#!/bin/bash
cd /var/tmp/testing-dir
chmod +x ./gradlew
./gradlew clean test
, dockerImage=dummy-docker-image:latest, commitHashToBuild=2d5c0482fc77d3f5ec0841962528a43054e83170, assignmentCommitHash=2d5c0482fc77d3f5ec0841962528a43054e83170, testCommitHash=7477e25d56ce5fee2c938542a7e7ed4ed085d373, branch=main, programmingLanguage=JAVA, projectType=PLAIN_GRADLE, scaEnabled=false, sequentialTestRunsEnabled=false, resultPaths=[/var/tmp/testing-dir/**/test-results/test/*.xml], timeoutSeconds=0, assignmentCheckoutPath=null, testCheckoutPath=null, solutionCheckoutPath=null, dockerRunConfig=null], submissionResult=ResultDTO[id=134, completionDate=2025-02-14T23:42:55.059618627Z[Etc/UTC], successful=false, score=7.7, rated=true, submission=SubmissionDTO[id=121, submitted=true, type=MANUAL, exampleSubmission=null, submissionDate=2025-02-14T23:42:53.048221Z, commitHash=2d5c0482fc77d3f5ec0841962528a43054e83170, buildFailed=false, buildArtifact=false, participation=ParticipationDTO[id=468, testRun=false, type=programming, submissionCount=null, exercise=ParticipationExerciseDTO[id=300, exerciseType=PROGRAMMING, type=programming, assessmentType=AUTOMATIC, dueDate=2025-02-16T23:42:52.873722Z, assessmentDueDate=null, maxPoints=42.0, course=CourseDTO[id=149, accuracyOfScores=1]]], submissionExerciseType=programming, isProcessing=false, buildStartDate=null, estimatedCompletionDate=null], participation=ParticipationDTO[id=468, testRun=false, type=programming, submissionCount=null, exercise=ParticipationExerciseDTO[id=300, exerciseType=PROGRAMMING, type=programming, assessmentType=AUTOMATIC, dueDate=2025-02-16T23:42:52.873722Z, assessmentDueDate=null, maxPoints=42.0, course=CourseDTO[id=149, accuracyOfScores=1]]], feedbacks=[FeedbackDTO[id=93, text=null, detailText=The exercise expects a class with the name Context in the package testpackage. You did not implement the class in the exercise., hasLongFeedbackText=false, reference=null, credits=0.0, positive=false, type=AUTOMATIC, visibility=ALWAYS, testCase=TestCaseDTO[testName=null, id=39]], FeedbackDTO[id=94, text=null, detailText=The exercise expects a class with the name Policy in the package testpackage. You did not implement the class in the exercise., hasLongFeedbackText=false, reference=null, credits=0.0, positive=false, type=AUTOMATIC, visibility=ALWAYS, testCase=TestCaseDTO[testName=null, id=40]], FeedbackDTO[id=95, text=null, detailText=The exercise expects a class with the name SortStrategy in the package testpackage. You did not implement the class in the exercise., hasLongFeedbackText=false, reference=null, credits=0.0, positive=false, type=AUTOMATIC, visibility=ALWAYS, testCase=TestCaseDTO[testName=null, id=41]], FeedbackDTO[id=96, text=null, detailText=The class 'MergeSort' does not implement the interface 'SortStrategy' as expected. Implement the interface and its methods., hasLongFeedbackText=false, reference=null, credits=0.0, positive=false, type=AUTOMATIC, visibility=ALWAYS, testCase=TestCaseDTO[testName=null, id=36]], FeedbackDTO[id=97, text=null, detailText=The exercise expects a class with the name SortStrategy in the package testpackage. You did not implement the class in the exercise., hasLongFeedbackText=false, reference=null, credits=0.0, positive=false, type=AUTOMATIC, visibility=ALWAYS, testCase=TestCaseDTO[testName=null, id=33]], FeedbackDTO[id=98, text=null, detailText=The class 'BubbleSort' does not implement the interface 'SortStrategy' as expected. Implement the interface and its methods., hasLongFeedbackText=false, reference=null, credits=0.0, positive=false, type=AUTOMATIC, visibility=ALWAYS, testCase=TestCaseDTO[testName=null, id=37]], FeedbackDTO[id=99, text=null, detailText=MergeSort does not sort correctly, hasLongFeedbackText=false, reference=null, credits=0.0, positive=false, type=AUTOMATIC, visibility=ALWAYS, testCase=TestCaseDTO[testName=null, id=42]], FeedbackDTO[id=100, text=null, detailText=The class 'Context' was not found within the submission. Make sure to implement it properly., hasLongFeedbackText=false, reference=null, credits=0.0, positive=false, type=AUTOMATIC, visibility=ALWAYS, testCase=TestCaseDTO[testName=null, id=43]], FeedbackDTO[id=101, text=null, detailText=The class 'Context' was not found within the submission. Make sure to implement it properly., hasLongFeedbackText=false, reference=null, credits=0.0, positive=false, type=AUTOMATIC, visibility=ALWAYS, testCase=TestCaseDTO[testName=null, id=44]], FeedbackDTO[id=102, text=null, detailText=The exercise expects a class with the name Policy in the package testpackage. You did not implement the class in the exercise., hasLongFeedbackText=false, reference=null, credits=0.0, positive=false, type=AUTOMATIC, visibility=ALWAYS, testCase=TestCaseDTO[testName=null, id=38]], FeedbackDTO[id=103, text=null, detailText=The exercise expects a class with the name Context in the package testpackage. You did not implement the class in the exercise., hasLongFeedbackText=false, reference=null, credits=0.0, positive=false, type=AUTOMATIC, visibility=ALWAYS, testCase=TestCaseDTO[testName=null, id=34]], FeedbackDTO[id=104, text=null, detailText=The exercise expects a class with the name Policy in the package testpackage. You did not implement the class in the exercise., hasLongFeedbackText=false, reference=null, credits=0.0, positive=false, type=AUTOMATIC, visibility=ALWAYS, testCase=TestCaseDTO[testName=null, id=35]], FeedbackDTO[id=105, text=null, detailText=null, hasLongFeedbackText=false, reference=null, credits=3.230769230769231, positive=true, type=AUTOMATIC, visibility=ALWAYS, testCase=TestCaseDTO[testName=null, id=45]]], assessmentType=AUTOMATIC, hasComplaint=null, exampleResult=null, testCaseCount=13, passedTestCaseCount=1, codeIssueCount=0]], BuildJobQueueItem[id=4741739576577297, name=SHORT88A9A223023E2047B709E4A029FA08BCF2CFTSTEXC-LOCALCIINTSTUDENT1, buildAgent=BuildAgentDTO[name=artemis-build-agent-test, memberAddress=[127.0.0.1]:5703, displayName=artemis-build-agent-test], participationId=474, courseId=151, exerciseId=302, retryCount=0, priority=2, status=SUCCESSFUL, repositoryInfo=RepositoryInfo[repositoryName=short88a9a223023e2047b709e4a029fa08bcf2cftstexc-localciintstudent1, repositoryType=user, triggeredByPushTo=user, assignmentRepositoryUri=http://localhost:49152/git/SHORT88A9A223023E2047B709E4A029FA08BCF2CFTSTEXC/short88a9a223023e2047b709e4a029fa08bcf2cftstexc-localciintstudent1.git, testRepositoryUri=http://localhost:49152/git/SHORT88A9A223023E2047B709E4A029FA08BCF2CFTSTEXC/short88a9a223023e2047b709e4a029fa08bcf2cftstexc-tests.git, solutionRepositoryUri=null, auxiliaryRepositoryUris=[Ljava.lang.String;@7e8195f7, auxiliaryRepositoryCheckoutDirectories=[Ljava.lang.String;@1ba62600], jobTimingInfo=JobTimingInfo[submissionDate=2025-02-14T23:42:57.297342281Z[Etc/UTC], buildStartDate=2025-02-14T23:42:57.308570327Z[Etc/UTC], buildCompletionDate=2025-02-14T23:42:59.047616654Z[Etc/UTC], estimatedCompletionDate=2025-02-14T23:43:16.308558064Z[Etc/UTC], estimatedDuration=19], buildConfig=BuildConfig[buildScript=#!/bin/bash
cd /var/tmp/testing-dir
chmod +x ./gradlew
./gradlew clean test
, dockerImage=dummy-docker-image:latest, commitHashToBuild=736cbea1e46d6849b41266b2bf1cccd3b9ea55b1, assignmentCommitHash=736cbea1e46d6849b41266b2bf1cccd3b9ea55b1, testCommitHash=ea6267edd396a304305339b036512b63e0374c66, branch=main, programmingLanguage=JAVA, projectType=PLAIN_GRADLE, scaEnabled=false, sequentialTestRunsEnabled=false, resultPaths=[/var/tmp/testing-dir/**/test-results/test/*.xml], timeoutSeconds=0, assignmentCheckoutPath=null, testCheckoutPath=null, solutionCheckoutPath=null, dockerRunConfig=null], submissionResult=ResultDTO[id=135, completionDate=2025-02-14T23:42:59.014168821Z[Etc/UTC], successful=false, score=7.7, rated=true, submission=SubmissionDTO[id=123, submitted=true, type=MANUAL, exampleSubmission=null, submissionDate=2025-02-14T23:42:57.278471Z, commitHash=736cbea1e46d6849b41266b2bf1cccd3b9ea55b1, buildFailed=false, buildArtifact=false, participation=ParticipationDTO[id=474, testRun=false, type=programming, submissionCount=null, exercise=ParticipationExerciseDTO[id=302, exerciseType=PROGRAMMING, type=programming, assessmentType=AUTOMATIC, dueDate=2025-02-16T23:42:56.796251Z, assessmentDueDate=null, maxPoints=42.0, course=CourseDTO[id=151, accuracyOfScores=1]]], submissionExerciseType=programming, isProcessing=false, buildStartDate=null, estimatedCompletionDate=null], participation=ParticipationDTO[id=474, testRun=false, type=programming, submissionCount=null, exercise=ParticipationExerciseDTO[id=302, exerciseType=PROGRAMMING, type=programming, assessmentType=AUTOMATIC, dueDate=2025-02-16T23:42:56.796251Z, assessmentDueDate=null, maxPoints=42.0, course=CourseDTO[id=151, accuracyOfScores=1]]], feedbacks=[FeedbackDTO[id=106, text=null, detailText=The exercise expects a class with the name Context in the package testpackage. You did not implement the class in the exercise., hasLongFeedbackText=false, reference=null, credits=0.0, positive=false, type=AUTOMATIC, visibility=ALWAYS, testCase=TestCaseDTO[testName=null, id=65]], FeedbackDTO[id=107, text=null, detailText=The exercise expects a class with the name Policy in the package testpackage. You did not implement the class in the exercise., hasLongFeedbackText=false, reference=null, credits=0.0, positive=false, type=AUTOMATIC, visibility=ALWAYS, testCase=TestCaseDTO[testName=null, id=66]], FeedbackDTO[id=108, text=null, detailText=The exercise expects a class with the name SortStrategy in the package testpackage. You did not implement the class in the exercise., hasLongFeedbackText=false, reference=null, credits=0.0, positive=false, type=AUTOMATIC, visibility=ALWAYS, testCase=TestCaseDTO[testName=null, id=67]], FeedbackDTO[id=109, text=null, detailText=The class 'MergeSort' does not implement the interface 'SortStrategy' as expected. Implement the interface and its methods., hasLongFeedbackText=false, reference=null, credits=0.0, positive=false, type=AUTOMATIC, visibility=ALWAYS, testCase=TestCaseDTO[testName=null, id=62]], FeedbackDTO[id=110, text=null, detailText=The exercise expects a class with the name SortStrategy in the package testpackage. You did not implement the class in the exercise., hasLongFeedbackText=false, reference=null, credits=0.0, positive=false, type=AUTOMATIC, visibility=ALWAYS, testCase=TestCaseDTO[testName=null, id=59]], FeedbackDTO[id=111, text=null, detailText=The class 'BubbleSort' does not implement the interface 'SortStrategy' as expected. Implement the interface and its methods., hasLongFeedbackText=false, reference=null, credits=0.0, positive=false, type=AUTOMATIC, visibility=ALWAYS, testCase=TestCaseDTO[testName=null, id=63]], FeedbackDTO[id=112, text=null, detailText=MergeSort does not sort correctly, hasLongFeedbackText=false, reference=null, credits=0.0, positive=false, type=AUTOMATIC, visibility=ALWAYS, testCase=TestCaseDTO[testName=null, id=68]], FeedbackDTO[id=113, text=null, detailText=The class 'Context' was not found within the submission. Make sure to implement it properly., hasLongFeedbackText=false, reference=null, credits=0.0, positive=false, type=AUTOMATIC, visibility=ALWAYS, testCase=TestCaseDTO[testName=null, id=69]], FeedbackDTO[id=114, text=null, detailText=The class 'Context' was not found within the submission. Make sure to implement it properly., hasLongFeedbackText=false, reference=null, credits=0.0, positive=false, type=AUTOMATIC, visibility=ALWAYS, testCase=TestCaseDTO[testName=null, id=70]], FeedbackDTO[id=115, text=null, detailText=The exercise expects a class with the name Policy in the package testpackage. You did not implement the class in the exercise., hasLongFeedbackText=false, reference=null, credits=0.0, positive=false, type=AUTOMATIC, visibility=ALWAYS, testCase=TestCaseDTO[testName=null, id=64]], FeedbackDTO[id=116, text=null, detailText=The exercise expects a class with the name Context in the package testpackage. You did not implement the class in the exercise., hasLongFeedbackText=false, reference=null, credits=0.0, positive=false, type=AUTOMATIC, visibility=ALWAYS, testCase=TestCaseDTO[testName=null, id=60]], FeedbackDTO[id=117, text=null, detailText=The exercise expects a class with the name Policy in the package testpackage. You did not implement the class in the exercise., hasLongFeedbackText=false, reference=null, credits=0.0, positive=false, type=AUTOMATIC, visibility=ALWAYS, testCase=TestCaseDTO[testName=null, id=61]], FeedbackDTO[id=118, text=null, detailText=null, hasLongFeedbackText=false, reference=null, credits=3.230769230769231, positive=true, type=AUTOMATIC, visibility=ALWAYS, testCase=TestCaseDTO[testName=null, id=71]]], assessmentType=AUTOMATIC, hasComplaint=null, exampleResult=null, testCaseCount=13, passedTestCaseCount=1, codeIssueCount=0]], BuildJobQueueItem[id=4771739576580898, name=SHORT51E611E30D6B60466F0B8BA0AA97F58888C2TSTEXC-LOCALCIINTSTUDENT1, buildAgent=BuildAgentDTO[name=artemis-build-agent-test, memberAddress=[127.0.0.1]:5703, displayName=artemis-build-agent-test], participationId=477, courseId=152, exerciseId=303, retryCount=0, priority=2, status=SUCCESSFUL, repositoryInfo=RepositoryInfo[repositoryName=short51e611e30d6b60466f0b8ba0aa97f58888c2tstexc-localciintstudent1, repositoryType=user, triggeredByPushTo=user, assignmentRepositoryUri=http://localhost:49152/git/SHORT51E611E30D6B60466F0B8BA0AA97F58888C2TSTEXC/short51e611e30d6b60466f0b8ba0aa97f58888c2tstexc-localciintstudent1.git, testRepositoryUri=http://localhost:49152/git/SHORT51E611E30D6B60466F0B8BA0AA97F58888C2TSTEXC/short51e611e30d6b60466f0b8ba0aa97f58888c2tstexc-tests.git, solutionRepositoryUri=null, auxiliaryRepositoryUris=[Ljava.lang.String;@781bd93e, auxiliaryRepositoryCheckoutDirectories=[Ljava.lang.String;@7ee15f24], jobTimingInfo=JobTimingInfo[submissionDate=2025-02-14T23:43:00.898532688Z[Etc/UTC], buildStartDate=2025-02-14T23:43:00.905733056Z[Etc/UTC], buildCompletionDate=2025-02-14T23:43:02.692768910Z[Etc/UTC], estimatedCompletionDate=2025-02-14T23:43:19.905720463Z[Etc/UTC], estimatedDuration=19], buildConfig=BuildConfig[buildScript=#!/bin/bash
cd /var/tmp/testing-dir
chmod +x ./gradlew
./gradlew clean test
, dockerImage=dummy-docker-image:latest, commitHashToBuild=8f3057cbd462f5e3de4e6ba85115f60d8dbb5aea, assignmentCommitHash=8f3057cbd462f5e3de4e6ba85115f60d8dbb5aea, testCommitHash=8f3057cbd462f5e3de4e6ba85115f60d8dbb5aea, branch=main, programmingLanguage=JAVA, projectType=PLAIN_GRADLE, scaEnabled=true, sequentialTestRunsEnabled=false, resultPaths=[/var/tmp/testing-dir/**/test-results/test/*.xml], timeoutSeconds=0, assignmentCheckoutPath=null, testCheckoutPath=null, solutionCheckoutPath=null, dockerRunConfig=null], submissionResult=ResultDTO[id=136, completionDate=2025-02-14T23:43:02.637820510Z[Etc/UTC], successful=false, score=7.7, rated=true, submission=SubmissionDTO[id=124, submitted=true, type=MANUAL, exampleSubmission=null, submissionDate=2025-02-14T23:43:00.886601Z, commitHash=8f3057cbd462f5e3de4e6ba85115f60d8dbb5aea, buildFailed=false, buildArtifact=false, participation=ParticipationDTO[id=477, testRun=false, type=programming, submissionCount=null, exercise=ParticipationExerciseDTO[id=303, exerciseType=PROGRAMMING, type=programming, assessmentType=AUTOMATIC, dueDate=2025-02-16T23:43:00.631824Z, assessmentDueDate=null, maxPoints=42.0, course=CourseDTO[id=152, accuracyOfScores=1]]], submissionExerciseType=programming, isProcessing=false, buildStartDate=null, estimatedCompletionDate=null], participation=ParticipationDTO[id=477, testRun=false, type=programming, submissionCount=null, exercise=ParticipationExerciseDTO[id=303, exerciseType=PROGRAMMING, type=programming, assessmentType=AUTOMATIC, dueDate=2025-02-16T23:43:00.631824Z, assessmentDueDate=null, maxPoints=42.0, course=CourseDTO[id=152, accuracyOfScores=1]]], feedbacks=[FeedbackDTO[id=119, text=null, detailText=The exercise expects a class with the name Context in the package testpackage. You did not implement the class in the exercise., hasLongFeedbackText=false, reference=null, credits=0.0, positive=false, type=AUTOMATIC, visibility=ALWAYS, testCase=TestCaseDTO[testName=null, id=78]], FeedbackDTO[id=120, text=null, detailText=The exercise expects a class with the name Policy in the package testpackage. You did not implement the class in the exercise., hasLongFeedbackText=false, reference=null, credits=0.0, positive=false, type=AUTOMATIC, visibility=ALWAYS, testCase=TestCaseDTO[testName=null, id=79]], FeedbackDTO[id=121, text=null, detailText=The exercise expects a class with the name SortStrategy in the package testpackage. You did not implement the class in the exercise., hasLongFeedbackText=false, reference=null, credits=0.0, positive=false, type=AUTOMATIC, visibility=ALWAYS, testCase=TestCaseDTO[testName=null, id=80]], FeedbackDTO[id=122, text=null, detailText=The class 'MergeSort' does not implement the interface 'SortStrategy' as expected. Implement the interface and its methods., hasLongFeedbackText=false, reference=null, credits=0.0, positive=false, type=AUTOMATIC, visibility=ALWAYS, testCase=TestCaseDTO[testName=null, id=75]], FeedbackDTO[id=123, text=null, detailText=The exercise expects a class with the name SortStrategy in the package testpackage. You did not implement the class in the exercise., hasLongFeedbackText=false, reference=null, credits=0.0, positive=false, type=AUTOMATIC, visibility=ALWAYS, testCase=TestCaseDTO[testName=null, id=72]], FeedbackDTO[id=124, text=null, detailText=The class 'BubbleSort' does not implement the interface 'SortStrategy' as expected. Implement the interface and its methods., hasLongFeedbackText=false, reference=null, credits=0.0, positive=false, type=AUTOMATIC, visibility=ALWAYS, testCase=TestCaseDTO[testName=null, id=76]], FeedbackDTO[id=125, text=null, detailText=MergeSort does not sort correctly, hasLongFeedbackText=false, reference=null, credits=0.0, positive=false, type=AUTOMATIC, visibility=ALWAYS, testCase=TestCaseDTO[testName=null, id=81]], FeedbackDTO[id=126, text=null, detailText=The class 'Context' was not found within the submission. Make sure to implement it properly., hasLongFeedbackText=false, reference=null, credits=0.0, positive=false, type=AUTOMATIC, visibility=ALWAYS, testCase=TestCaseDTO[testName=null, id=82]], FeedbackDTO[id=127, text=null, detailText=The class 'Context' was not found within the submission. Make sure to implement it properly., hasLongFeedbackText=false, reference=null, credits=0.0, positive=false, type=AUTOMATIC, visibility=ALWAYS, testCase=TestCaseDTO[testName=null, id=83]], FeedbackDTO[id=128, text=null, detailText=The exercise expects a class with the name Policy in the package testpackage. You did not implement the class in the exercise., hasLongFeedbackText=false, reference=null, credits=0.0, positive=false, type=AUTOMATIC, visibility=ALWAYS, testCase=TestCaseDTO[testName=null, id=77]], FeedbackDTO[id=129, text=null, detailText=The exercise expects a class with the name Context in the package testpackage. You did not implement the class in the exercise., hasLongFeedbackText=false, reference=null, credits=0.0, positive=false, type=AUTOMATIC, visibility=ALWAYS, testCase=TestCaseDTO[testName=null, id=73]], FeedbackDTO[id=130, text=null, detailText=The exercise expects a class with the name Policy in the package testpackage. You did not implement the class in the exercise., hasLongFeedbackText=false, reference=null, credits=0.0, positive=false, type=AUTOMATIC, visibility=ALWAYS, testCase=TestCaseDTO[testName=null, id=74]], FeedbackDTO[id=131, text=null, detailText=null, hasLongFeedbackText=false, reference=null, credits=3.230769230769231, positive=true, type=AUTOMATIC, visibility=ALWAYS, testCase=TestCaseDTO[testName=null, id=84]], FeedbackDTO[id=132, text=SCAFeedbackIdentifier:Bad Practice, detailText={"filePath":"src/code/Client.java","startLine":6,"endLine":6,"startColumn":1,"endColumn":26,"rule":"UnusedImports","category":"Best Practices","message":"Avoid unused imports such as 'javax.swing.JFrame'","priority":"4"}, hasLongFeedbackText=false, reference=PMD, credits=0.0, positive=false, type=AUTOMATIC, visibility=null, testCase=null], FeedbackDTO[id=133, text=SCAFeedbackIdentifier:Code Style, detailText={"filePath":"src/code/Client.java","startLine":7,"endLine":7,"startColumn":1,"endColumn":19,"rule":"DontImportJavaLang","category":"Code Style","message":"Avoid importing anything from the package java.lang","priority":"4"}, hasLongFeedbackText=false, reference=PMD, credits=0.0, positive=false, type=AUTOMATIC, visibility=null, testCase=null], FeedbackDTO[id=134, text=SCAFeedbackIdentifier:Bad Practice, detailText={"filePath":"src/code/Client.java","startLine":7,"endLine":7,"startColumn":1,"endColumn":19,"rule":"UnusedImports","category":"Best Practices","message":"Avoid unused imports such as 'java.lang'","priority":"4"}, hasLongFeedbackText=false, reference=PMD, credits=0.0, positive=false, type=AUTOMATIC, visibility=null, testCase=null], FeedbackDTO[id=135, text=SCAFeedbackIdentifier:Bad Practice, detailText={"filePath":"src/code/Client.java","startLine":73,"endLine":73,"startColumn":18,"endColumn":27,"rule":"UnusedLocalVariable","category":"Best Practices","message":"Avoid unused local variables such as 'randomDate'.","priority":"3"}, hasLongFeedbackText=false, reference=PMD, credits=0.0, positive=false, type=AUTOMATIC, visibility=null, testCase=null], FeedbackDTO[id=136, text=SCAFeedbackIdentifier:Bad Practice, detailText={"filePath":"src/code/Client.java","startLine":81,"endLine":81,"startColumn":31,"endColumn":53,"rule":"UnusedPrivateMethod","category":"Best Practices","message":"Avoid unused private methods such as 'CreateRandomDatesList()'.","priority":"3"}, hasLongFeedbackText=false, reference=PMD, credits=0.0, positive=false, type=AUTOMATIC, visibility=null, testCase=null], FeedbackDTO[id=137, text=SCAFeedbackIdentifier:Potential Bugs, detailText={"filePath":"src/code/Client.java","startLine":94,"endLine":94,"startColumn":9,"endColumn":9,"rule":"EmptyStatementNotInLoop","category":"Error Prone","message":"An empty statement (semicolon) not part of a loop","priority":"3"}, hasLongFeedbackText=false, reference=PMD, credits=0.0, positive=false, type=AUTOMATIC, visibility=null, testCase=null], FeedbackDTO[id=138, text=SCAFeedbackIdentifier:Potential Bugs, detailText={"filePath":"src/code/Client.java","startLine":94,"endLine":94,"startColumn":10,"endColumn":10,"rule":"EmptyStatementNotInLoop","category":"Error Prone","message":"An empty statement (semicolon) not part of a loop","priority":"3"}, hasLongFeedbackText=false, reference=PMD, credits=0.0, positive=false, type=AUTOMATIC, visibility=null, testCase=null], FeedbackDTO[id=139, text=SCAFeedbackIdentifier:Potential Bugs, detailText={"filePath":"src/code/Client.java","startLine":94,"endLine":94,"startColumn":11,"endColumn":11,"rule":"EmptyStatementNotInLoop","category":"Error Prone","message":"An empty statement (semicolon) not part of a loop","priority":"3"}, hasLongFeedbackText=false, reference=PMD, credits=0.0, positive=false, type=AUTOMATIC, visibility=null, testCase=null], FeedbackDTO[id=140, text=SCAFeedbackIdentifier:Code Style, detailText={"filePath":"src/code/Client.java","startLine":73,"endLine":73,"rule":"DLS_DEAD_LOCAL_STORE","category":"STYLE","message":"Dead store to randomDate in code.Client.createRandomDatesList()","priority":"2"}, hasLongFeedbackText=false, reference=SPOTBUGS, credits=0.0, positive=false, type=AUTOMATIC, visibility=null, testCase=null], FeedbackDTO[id=141, text=SCAFeedbackIdentifier:Bad Practice, detailText={"filePath":"src/code/Client.java","startLine":82,"endLine":95,"rule":"NM_METHOD_NAMING_CONVENTION","category":"BAD_PRACTICE","message":"The method name code.Client.CreateRandomDatesList() doesn't start with a lower case letter","priority":"3"}, hasLongFeedbackText=false, reference=SPOTBUGS, credits=0.0, positive=false, type=AUTOMATIC, visibility=null, testCase=null], FeedbackDTO[id=142, text=SCAFeedbackIdentifier:Performance, detailText={"filePath":"src/code/Client.java","startLine":82,"endLine":95,"rule":"UPM_UNCALLED_PRIVATE_METHOD","category":"PERFORMANCE","message":"Private method code.Client.CreateRandomDatesList() is never called","priority":"2"}, hasLongFeedbackText=false, reference=SPOTBUGS, credits=0.0, positive=false, type=AUTOMATIC, visibility=null, testCase=null], FeedbackDTO[id=143, text=SCAFeedbackIdentifier:Code Style, detailText={"filePath":"src/code/Client.java","startLine":70,"endLine":70,"startColumn":9,"endColumn":9,"rule":"NeedBracesCheck","category":"blocks","message":"'for' construct must use '{}'s.","priority":"error"}, hasLongFeedbackText=false, reference=CHECKSTYLE, credits=0.0, positive=false, type=AUTOMATIC, visibility=null, testCase=null], FeedbackDTO[id=144, text=SCAFeedbackIdentifier:Code Style, detailText={"filePath":"src/code/Client.java","startLine":93,"endLine":93,"startColumn":9,"endColumn":9,"rule":"EmptyStatementCheck","category":"coding","message":"Empty statement.","priority":"error"}, hasLongFeedbackText=false, reference=CHECKSTYLE, credits=0.0, positive=false, type=AUTOMATIC, visibility=null, testCase=null], FeedbackDTO[id=145, text=SCAFeedbackIdentifier:Code Style, detailText={"filePath":"src/code/Client.java","startLine":93,"endLine":93,"startColumn":10,"endColumn":10,"rule":"EmptyStatementCheck","category":"coding","message":"Empty statement.","priority":"error"}, hasLongFeedbackText=false, reference=CHECKSTYLE, credits=0.0, positive=false, type=AUTOMATIC, visibility=null, testCase=null], FeedbackDTO[id=146, text=SCAFeedbackIdentifier:Code Style, detailText={"filePath":"src/code/Client.java","startLine":93,"endLine":93,"startColumn":11,"endColumn":11,"rule":"EmptyStatementCheck","category":"coding","message":"Empty statement.","priority":"error"}, hasLongFeedbackText=false, reference=CHECKSTYLE, credits=0.0, positive=false, type=AUTOMATIC, visibility=null, testCase=null]], assessmentType=AUTOMATIC, hasComplaint=null, exampleResult=null, testCaseCount=13, passedTestCaseCount=1, codeIssueCount=15]], BuildJobQueueItem[id=4821739576584632, name=SHORT433BAC4500363044960B6E10DFA0493471B2TSTEXC-LOCALCIINTSTUDENT1, buildAgent=BuildAgentDTO[name=artemis-build-agent-test, memberAddress=[127.0.0.1]:5703, displayName=artemis-build-agent-test], participationId=482, courseId=154, exerciseId=305, retryCount=0, priority=2, status=SUCCESSFUL, repositoryInfo=RepositoryInfo[repositoryName=short433bac4500363044960b6e10dfa0493471b2tstexc-localciintstudent1, repositoryType=user, triggeredByPushTo=user, assignmentRepositoryUri=http://localhost:49152/git/SHORT433BAC4500363044960B6E10DFA0493471B2TSTEXC/short433bac4500363044960b6e10dfa0493471b2tstexc-localciintstudent1.git, testRepositoryUri=http://localhost:49152/git/SHORT433BAC4500363044960B6E10DFA0493471B2TSTEXC/short433bac4500363044960b6e10dfa0493471b2tstexc-tests.git, solutionRepositoryUri=null, auxiliaryRepositoryUris=[Ljava.lang.String;@cbd5322, auxiliaryRepositoryCheckoutDirectories=[Ljava.lang.String;@2681e293], jobTimingInfo=JobTimingInfo[submissionDate=2025-02-14T23:43:04.632341258Z[Etc/UTC], buildStartDate=2025-02-14T23:43:04.637633457Z[Etc/UTC], buildCompletionDate=2025-02-14T23:43:06.421238953Z[Etc/UTC], estimatedCompletionDate=2025-02-14T23:43:23.637623879Z[Etc/UTC], estimatedDuration=19], buildConfig=BuildConfig[buildScript=#!/bin/bash
cd /var/tmp/testing-dir
chmod +x ./gradlew
./gradlew clean test
, dockerImage=dummy-docker-image:latest, commitHashToBuild=8355c4f3cd5d3e0443707d3310206e460e333c6f, assignmentCommitHash=8355c4f3cd5d3e0443707d3310206e460e333c6f, testCommitHash=8355c4f3cd5d3e0443707d3310206e460e333c6f, branch=main, programmingLanguage=JAVA, projectType=PLAIN_GRADLE, scaEnabled=false, sequentialTestRunsEnabled=false, resultPaths=[/var/tmp/testing-dir/**/test-results/test/*.xml], timeoutSeconds=0, assignmentCheckoutPath=null, testCheckoutPath=null, solutionCheckoutPath=null, dockerRunConfig=null], submissionResult=ResultDTO[id=137, completionDate=2025-02-14T23:43:06.404877412Z[Etc/UTC], successful=false, score=7.7, rated=true, submission=SubmissionDTO[id=125, submitted=true, type=MANUAL, exampleSubmission=null, submissionDate=2025-02-14T23:43:04.623230Z, commitHash=8355c4f3cd5d3e0443707d3310206e460e333c6f, buildFailed=false, buildArtifact=false, participation=ParticipationDTO[id=482, testRun=false, type=programming, submissionCount=null, exercise=ParticipationExerciseDTO[id=305, exerciseType=PROGRAMMING, type=programming, assessmentType=AUTOMATIC, dueDate=2025-02-16T23:43:04.425734Z, assessmentDueDate=null, maxPoints=42.0, course=CourseDTO[id=154, accuracyOfScores=1]]], submissionExerciseType=programming, isProcessing=false, buildStartDate=null, estimatedCompletionDate=null], participation=ParticipationDTO[id=482, testRun=false, type=programming, submissionCount=null, exercise=ParticipationExerciseDTO[id=305, exerciseType=PROGRAMMING, type=programming, assessmentType=AUTOMATIC, dueDate=2025-02-16T23:43:04.425734Z, assessmentDueDate=null, maxPoints=42.0, course=CourseDTO[id=154, accuracyOfScores=1]]], feedbacks=[FeedbackDTO[id=147, text=null, detailText=The exercise expects a class with the name Context in the package testpackage. You did not implement the class in the exercise., hasLongFeedbackText=false, reference=null, credits=0.0, positive=false, type=AUTOMATIC, visibility=ALWAYS, testCase=TestCaseDTO[testName=null, id=104]], FeedbackDTO[id=148, text=null, detailText=The exercise expects a class with the name Policy in the package testpackage. You did not implement the class in the exercise., hasLongFeedbackText=false, reference=null, credits=0.0, positive=false, type=AUTOMATIC, visibility=ALWAYS, testCase=TestCaseDTO[testName=null, id=105]], FeedbackDTO[id=149, text=null, detailText=The exercise expects a class with the name SortStrategy in the package testpackage. You did not implement the class in the exercise., hasLongFeedbackText=false, reference=null, credits=0.0, positive=false, type=AUTOMATIC, visibility=ALWAYS, testCase=TestCaseDTO[testName=null, id=106]], FeedbackDTO[id=150, text=null, detailText=The class 'MergeSort' does not implement the interface 'SortStrategy' as expected. Implement the interface and its methods., hasLongFeedbackText=false, reference=null, credits=0.0, positive=false, type=AUTOMATIC, visibility=ALWAYS, testCase=TestCaseDTO[testName=null, id=101]], FeedbackDTO[id=151, text=null, detailText=The exercise expects a class with the name SortStrategy in the package testpackage. You did not implement the class in the exercise., hasLongFeedbackText=false, reference=null, credits=0.0, positive=false, type=AUTOMATIC, visibility=ALWAYS, testCase=TestCaseDTO[testName=null, id=98]], FeedbackDTO[id=152, text=null, detailText=The class 'BubbleSort' does not implement the interface 'SortStrategy' as expected. Implement the interface and its methods., hasLongFeedbackText=false, reference=null, credits=0.0, positive=false, type=AUTOMATIC, visibility=ALWAYS, testCase=TestCaseDTO[testName=null, id=102]], FeedbackDTO[id=153, text=null, detailText=MergeSort does not sort correctly, hasLongFeedbackText=false, reference=null, credits=0.0, positive=false, type=AUTOMATIC, visibility=ALWAYS, testCase=TestCaseDTO[testName=null, id=107]], FeedbackDTO[id=154, text=null, detailText=The class 'Context' was not found within the submission. Make sure to implement it properly., hasLongFeedbackText=false, reference=null, credits=0.0, positive=false, type=AUTOMATIC, visibility=ALWAYS, testCase=TestCaseDTO[testName=null, id=108]], FeedbackDTO[id=155, text=null, detailText=The class 'Context' was not found within the submission. Make sure to implement it properly., hasLongFeedbackText=false, reference=null, credits=0.0, positive=false, type=AUTOMATIC, visibility=ALWAYS, testCase=TestCaseDTO[testName=null, id=109]], FeedbackDTO[id=156, text=null, detailText=The exercise expects a class with the name Policy in the package testpackage. You did not implement the class in the exercise., hasLongFeedbackText=false, reference=null, credits=0.0, positive=false, type=AUTOMATIC, visibility=ALWAYS, testCase=TestCaseDTO[testName=null, id=103]], FeedbackDTO[id=157, text=null, detailText=The exercise expects a class with the name Context in the package testpackage. You did not implement the class in the exercise., hasLongFeedbackText=false, reference=null, credits=0.0, positive=false, type=AUTOMATIC, visibility=ALWAYS, testCase=TestCaseDTO[testName=null, id=99]], FeedbackDTO[id=158, text=null, detailText=The exercise expects a class with the name Policy in the package testpackage. You did not implement the class in the exercise., hasLongFeedbackText=false, reference=null, credits=0.0, positive=false, type=AUTOMATIC, visibility=ALWAYS, testCase=TestCaseDTO[testName=null, id=100]], FeedbackDTO[id=159, text=null, detailText=null, hasLongFeedbackText=false, reference=null, credits=3.230769230769231, positive=true, type=AUTOMATIC, visibility=ALWAYS, testCase=TestCaseDTO[testName=null, id=110]]], assessmentType=AUTOMATIC, hasComplaint=null, exampleResult=null, testCaseCount=13, passedTestCaseCount=1, codeIssueCount=0]], BuildJobQueueItem[id=4851739576588371, name=SHORT495D587A0856D04A9E08BC60D2E08365FB9ETSTEXC-LOCALCIINTSTUDENT1, buildAgent=BuildAgentDTO[name=artemis-build-agent-test, memberAddress=[127.0.0.1]:5703, displayName=artemis-build-agent-test], participationId=485, courseId=155, exerciseId=306, retryCount=0, priority=2, status=FAILED, repositoryInfo=RepositoryInfo[repositoryName=short495d587a0856d04a9e08bc60d2e08365fb9etstexc-localciintstudent1, repositoryType=user, triggeredByPushTo=user, assignmentRepositoryUri=http://localhost:49152/git/SHORT495D587A0856D04A9E08BC60D2E08365FB9ETSTEXC/short495d587a0856d04a9e08bc60d2e08365fb9etstexc-localciintstudent1.git, testRepositoryUri=http://localhost:49152/git/SHORT495D587A0856D04A9E08BC60D2E08365FB9ETSTEXC/short495d587a0856d04a9e08bc60d2e08365fb9etstexc-tests.git, solutionRepositoryUri=null, auxiliaryRepositoryUris=[Ljava.lang.String;@750d54, auxiliaryRepositoryCheckoutDirectories=[Ljava.lang.String;@74197a01], jobTimingInfo=JobTimingInfo[submissionDate=2025-02-14T23:43:08.371015915Z[Etc/UTC], buildStartDate=2025-02-14T23:43:08.374658929Z[Etc/UTC], buildCompletionDate=2025-02-14T23:43:09.341007666Z[Etc/UTC], estimatedCompletionDate=2025-02-14T23:43:27.374650503Z[Etc/UTC], estimatedDuration=19], buildConfig=BuildConfig[buildScript=#!/bin/bash
cd /var/tmp/testing-dir
chmod +x ./gradlew
./gradlew clean test
, dockerImage=dummy-docker-image:latest, commitHashToBuild=ebb8aa4dc3625fe07e975266e18313ad871ce864, assignmentCommitHash=9b3a9bd71a0d80e5bbc42204c319ed3d1d4f0d6d, testCommitHash=9b3a9bd71a0d80e5bbc42204c319ed3d1d4f0d6d, branch=main, programmingLanguage=JAVA, projectType=PLAIN_GRADLE, scaEnabled=false, sequentialTestRunsEnabled=false, resultPaths=[/var/tmp/testing-dir/**/test-results/test/*.xml], timeoutSeconds=0, assignmentCheckoutPath=null, testCheckoutPath=null, solutionCheckoutPath=null, dockerRunConfig=null], submissionResult=ResultDTO[id=138, completionDate=2025-02-14T23:43:09.343306574Z[Etc/UTC], successful=false, score=0.0, rated=true, submission=SubmissionDTO[id=127, submitted=true, type=MANUAL, exampleSubmission=null, submissionDate=2025-02-14T23:43:09.343306574Z[Etc/UTC], commitHash=9b3a9bd71a0d80e5bbc42204c319ed3d1d4f0d6d, buildFailed=true, buildArtifact=false, participation=ParticipationDTO[id=485, testRun=false, type=programming, submissionCount=null, exercise=ParticipationExerciseDTO[id=306, exerciseType=PROGRAMMING, type=programming, assessmentType=AUTOMATIC, dueDate=2025-02-16T23:43:08.185273Z, assessmentDueDate=null, maxPoints=42.0, course=CourseDTO[id=155, accuracyOfScores=1]]], submissionExerciseType=programming, isProcessing=false, buildStartDate=null, estimatedCompletionDate=null], participation=ParticipationDTO[id=485, testRun=false, type=programming, submissionCount=null, exercise=ParticipationExerciseDTO[id=306, exerciseType=PROGRAMMING, type=programming, assessmentType=AUTOMATIC, dueDate=2025-02-16T23:43:08.185273Z, assessmentDueDate=null, maxPoints=42.0, course=CourseDTO[id=155, accuracyOfScores=1]]], feedbacks=[], assessmentType=AUTOMATIC, hasComplaint=null, exampleResult=null, testCaseCount=0, passedTestCaseCount=0, codeIssueCount=0]], BuildJobQueueItem[id=4881739576590204, name=SHORT80B5DD0E0D6B304EBB096E9020B949996A1CTSTEXC-LOCALCIINTSTUDENT1, buildAgent=BuildAgentDTO[name=artemis-build-agent-test, memberAddress=[127.0.0.1]:5703, displayName=artemis-build-agent-test], participationId=488, courseId=156, exerciseId=307, retryCount=0, priority=2, status=SUCCESSFUL, repositoryInfo=RepositoryInfo[repositoryName=short80b5dd0e0d6b304ebb096e9020b949996a1ctstexc-localciintstudent1, repositoryType=user, triggeredByPushTo=user, assignmentRepositoryUri=http://localhost:49152/git/SHORT80B5DD0E0D6B304EBB096E9020B949996A1CTSTEXC/short80b5dd0e0d6b304ebb096e9020b949996a1ctstexc-localciintstudent1.git, testRepositoryUri=http://localhost:49152/git/SHORT80B5DD0E0D6B304EBB096E9020B949996A1CTSTEXC/short80b5dd0e0d6b304ebb096e9020b949996a1ctstexc-tests.git, solutionRepositoryUri=null, auxiliaryRepositoryUris=[Ljava.lang.String;@12db03e3, auxiliaryRepositoryCheckoutDirectories=[Ljava.lang.String;@3be7ee51], jobTimingInfo=JobTimingInfo[submissionDate=2025-02-14T23:43:10.204264160Z[Etc/UTC], buildStartDate=2025-02-14T23:43:10.223149139Z[Etc/UTC], buildCompletionDate=2025-02-14T23:43:12.086509109Z[Etc/UTC], estimatedCompletionDate=2025-02-14T23:43:29.223142246Z[Etc/UTC], estimatedDuration=19], buildConfig=BuildConfig[buildScript=#!/bin/bash
cd /var/tmp/testing-dir
chmod +x ./gradlew
./gradlew clean test
, dockerImage=dummy-docker-image:latest, commitHashToBuild=b806a93102242552beed7c01b08b2769731814b3, assignmentCommitHash=b806a93102242552beed7c01b08b2769731814b3, testCommitHash=b806a93102242552beed7c01b08b2769731814b3, branch=main, programmingLanguage=JAVA, projectType=PLAIN_GRADLE, scaEnabled=false, sequentialTestRunsEnabled=false, resultPaths=[/var/tmp/testing-dir/**/test-results/test/*.xml], timeoutSeconds=0, assignmentCheckoutPath=null, testCheckoutPath=null, solutionCheckoutPath=null, dockerRunConfig=null], submissionResult=ResultDTO[id=139, completionDate=2025-02-14T23:43:12.066436124Z[Etc/UTC], successful=false, score=0.0, rated=true, submission=SubmissionDTO[id=128, submitted=true, type=MANUAL, exampleSubmission=null, submissionDate=2025-02-14T23:43:10.192407Z, commitHash=b806a93102242552beed7c01b08b2769731814b3, buildFailed=true, buildArtifact=false, participation=ParticipationDTO[id=488, testRun=false, type=programming, submissionCount=null, exercise=ParticipationExerciseDTO[id=307, exerciseType=PROGRAMMING, type=programming, assessmentType=AUTOMATIC, dueDate=2025-02-16T23:43:09.986646Z, assessmentDueDate=null, maxPoints=42.0, course=CourseDTO[id=156, accuracyOfScores=1]]], submissionExerciseType=programming, isProcessing=false, buildStartDate=null, estimatedCompletionDate=null], participation=ParticipationDTO[id=488, testRun=false, type=programming, submissionCount=null, exercise=ParticipationExerciseDTO[id=307, exerciseType=PROGRAMMING, type=programming, assessmentType=AUTOMATIC, dueDate=2025-02-16T23:43:09.986646Z, assessmentDueDate=null, maxPoints=42.0, course=CourseDTO[id=156, accuracyOfScores=1]]], feedbacks=[], assessmentType=AUTOMATIC, hasComplaint=null, exampleResult=null, testCaseCount=0, passedTestCaseCount=0, codeIssueCount=0]], BuildJobQueueItem[id=4911739576593817, name=SHORT585B2198089880462509B3007867E72DFB7ATSTEXC-LOCALCIINTSTUDENT1, buildAgent=BuildAgentDTO[name=artemis-build-agent-test, memberAddress=[127.0.0.1]:5703, displayName=artemis-build-agent-test], participationId=491, courseId=157, exerciseId=308, retryCount=0, priority=2, status=SUCCESSFUL, repositoryInfo=RepositoryInfo[repositoryName=short585b2198089880462509b3007867e72dfb7atstexc-localciintstudent1, repositoryType=user, triggeredByPushTo=user, assignmentRepositoryUri=http://localhost:49152/git/SHORT585B2198089880462509B3007867E72DFB7ATSTEXC/short585b2198089880462509b3007867e72dfb7atstexc-localciintstudent1.git, testRepositoryUri=http://localhost:49152/git/SHORT585B2198089880462509B3007867E72DFB7ATSTEXC/short585b2198089880462509b3007867e72dfb7atstexc-tests.git, solutionRepositoryUri=null, auxiliaryRepositoryUris=[Ljava.lang.String;@13d04bd4, auxiliaryRepositoryCheckoutDirectories=[Ljava.lang.String;@2c26e2dd], jobTimingInfo=JobTimingInfo[submissionDate=2025-02-14T23:43:13.817124706Z[Etc/UTC], buildStartDate=2025-02-14T23:43:13.834335931Z[Etc/UTC], buildCompletionDate=2025-02-14T23:43:15.746259139Z[Etc/UTC], estimatedCompletionDate=2025-02-14T23:43:32.834326082Z[Etc/UTC], estimatedDuration=19], buildConfig=BuildConfig[buildScript=#!/bin/bash
cd /var/tmp/testing-dir
chmod +x ./gradlew
./gradlew clean test
, dockerImage=dummy-docker-image:latest, commitHashToBuild=42077d078a5d5042fe2d4bd8299a990d342fce6e, assignmentCommitHash=42077d078a5d5042fe2d4bd8299a990d342fce6e, testCommitHash=42077d078a5d5042fe2d4bd8299a990d342fce6e, branch=main, programmingLanguage=JAVA, projectType=PLAIN_GRADLE, scaEnabled=false, sequentialTestRunsEnabled=false, resultPaths=[/var/tmp/testing-dir/**/test-results/test/*.xml], timeoutSeconds=0, assignmentCheckoutPath=null, testCheckoutPath=null, solutionCheckoutPath=null, dockerRunConfig=null], submissionResult=ResultDTO[id=140, completionDate=2025-02-14T23:43:15.725343914Z[Etc/UTC], successful=false, score=0.0, rated=true, submission=SubmissionDTO[id=129, submitted=true, type=MANUAL, exampleSubmission=null, submissionDate=2025-02-14T23:43:13.805401Z, commitHash=42077d078a5d5042fe2d4bd8299a990d342fce6e, buildFailed=false, buildArtifact=false, participation=ParticipationDTO[id=491, testRun=false, type=programming, submissionCount=null, exercise=ParticipationExerciseDTO[id=308, exerciseType=PROGRAMMING, type=programming, assessmentType=AUTOMATIC, dueDate=2025-02-16T23:43:13.569213Z, assessmentDueDate=null, maxPoints=42.0, course=CourseDTO[id=157, accuracyOfScores=1]]], submissionExerciseType=programming, isProcessing=false, buildStartDate=null, estimatedCompletionDate=null], participation=ParticipationDTO[id=491, testRun=false, type=programming, submissionCount=null, exercise=ParticipationExerciseDTO[id=308, exerciseType=PROGRAMMING, type=programming, assessmentType=AUTOMATIC, dueDate=2025-02-16T23:43:13.569213Z, assessmentDueDate=null, maxPoints=42.0, course=CourseDTO[id=157, accuracyOfScores=1]]], feedbacks=[FeedbackDTO[id=160, text=null, detailText=Deine Einreichung enthält keine Ausgabe. (67cac2), hasLongFeedbackText=false, reference=null, credits=0.0, positive=false, type=AUTOMATIC, visibility=ALWAYS, testCase=TestCaseDTO[testName=null, id=146]], FeedbackDTO[id=161, text=null, detailText=test `add` failed on ≥ 1 cases:
(0, 0)
Your submission raised an error Failure("TODO add"), hasLongFeedbackText=false, reference=null, credits=0.0, positive=false, type=AUTOMATIC, visibility=ALWAYS, testCase=TestCaseDTO[testName=null, id=149]], FeedbackDTO[id=162, text=null, detailText=test `filter` failed on ≥ 1 cases:
(even, [1; 2; 3; 4])
Your submission raised an error Failure("TODO filter"), hasLongFeedbackText=false, reference=null, credits=0.0, positive=false, type=AUTOMATIC, visibility=ALWAYS, testCase=TestCaseDTO[testName=null, id=148]], FeedbackDTO[id=163, text=null, detailText=Test was not executed., hasLongFeedbackText=false, reference=null, credits=0.0, positive=null, type=AUTOMATIC, visibility=null, testCase=TestCaseDTO[testName=null, id=137]], FeedbackDTO[id=164, text=null, detailText=Test was not executed., hasLongFeedbackText=false, reference=null, credits=0.0, positive=null, type=AUTOMATIC, visibility=null, testCase=TestCaseDTO[testName=null, id=138]], FeedbackDTO[id=165, text=null, detailText=Test was not executed., hasLongFeedbackText=false, reference=null, credits=0.0, positive=null, type=AUTOMATIC, visibility=null, testCase=TestCaseDTO[testName=null, id=139]], FeedbackDTO[id=166, text=null, detailText=Test was not executed., hasLongFeedbackText=false, reference=null, credits=0.0, positive=null, type=AUTOMATIC, visibility=null, testCase=TestCaseDTO[testName=null, id=140]], FeedbackDTO[id=167, text=null, detailText=Test was not executed., hasLongFeedbackText=false, reference=null, credits=0.0, positive=null, type=AUTOMATIC, visibility=null, testCase=TestCaseDTO[testName=null, id=141]], FeedbackDTO[id=168, text=null, detailText=Test was not executed., hasLongFeedbackText=false, reference=null, credits=0.0, positive=null, type=AUTOMATIC, visibility=null, testCase=TestCaseDTO[testName=null, id=142]], FeedbackDTO[id=169, text=null, detailText=Test was not executed., hasLongFeedbackText=false, reference=null, credits=0.0, positive=null, type=AUTOMATIC, visibility=null, testCase=TestCaseDTO[testName=null, id=143]], FeedbackDTO[id=170, text=null, detailText=Test was not executed., hasLongFeedbackText=false, reference=null, credits=0.0, positive=null, type=AUTOMATIC, visibility=null, testCase=TestCaseDTO[testName=null, id=144]], FeedbackDTO[id=171, text=null, detailText=Test was not executed., hasLongFeedbackText=false, reference=null, credits=0.0, positive=null, type=AUTOMATIC, visibility=null, testCase=TestCaseDTO[testName=null, id=145]], FeedbackDTO[id=172, text=null, detailText=Test was not executed., hasLongFeedbackText=false, reference=null, credits=0.0, positive=null, type=AUTOMATIC, visibility=null, testCase=TestCaseDTO[testName=null, id=147]]], assessmentType=AUTOMATIC, hasComplaint=null, exampleResult=null, testCaseCount=13, passedTestCaseCount=0, codeIssueCount=0]], BuildJobQueueItem[id=4941739576597286, name=SHORTFBCBD7BF0E6EB0451A080E80FCB407DC1F12TSTEXC-LOCALCIINTSTUDENT1, buildAgent=BuildAgentDTO[name=artemis-build-agent-test, memberAddress=[127.0.0.1]:5703, displayName=artemis-build-agent-test], participationId=494, courseId=158, exerciseId=309, retryCount=0, priority=2, status=SUCCESSFUL, repositoryInfo=RepositoryInfo[repositoryName=shortfbcbd7bf0e6eb0451a080e80fcb407dc1f12tstexc-localciintstudent1, repositoryType=user, triggeredByPushTo=user, assignmentRepositoryUri=http://localhost:49152/git/SHORTFBCBD7BF0E6EB0451A080E80FCB407DC1F12TSTEXC/shortfbcbd7bf0e6eb0451a080e80fcb407dc1f12tstexc-localciintstudent1.git, testRepositoryUri=http://localhost:49152/git/SHORTFBCBD7BF0E6EB0451A080E80FCB407DC1F12TSTEXC/shortfbcbd7bf0e6eb0451a080e80fcb407dc1f12tstexc-tests.git, solutionRepositoryUri=null, auxiliaryRepositoryUris=[Ljava.lang.String;@662828a1, auxiliaryRepositoryCheckoutDirectories=[Ljava.lang.String;@6239d753], jobTimingInfo=JobTimingInfo[submissionDate=2025-02-14T23:43:17.286977233Z[Etc/UTC], buildStartDate=2025-02-14T23:43:17.293977347Z[Etc/UTC], buildCompletionDate=2025-02-14T23:43:18.740990762Z[Etc/UTC], estimatedCompletionDate=2025-02-14T23:43:36.293970494Z[Etc/UTC], estimatedDuration=19], buildConfig=BuildConfig[buildScript=#!/bin/bash
cd /var/tmp/testing-dir
chmod +x ./gradlew
./gradlew clean test
, dockerImage=dummy-docker-image:latest, commitHashToBuild=4a1af7e8a64e6505c5fc09b9f81ea41af9fcff44, assignmentCommitHash=4a1af7e8a64e6505c5fc09b9f81ea41af9fcff44, testCommitHash=4a1af7e8a64e6505c5fc09b9f81ea41af9fcff44, branch=main, programmingLanguage=JAVA, projectType=PLAIN_GRADLE, scaEnabled=false, sequentialTestRunsEnabled=false, resultPaths=[/var/tmp/testing-dir/**/test-results/test/*.xml], timeoutSeconds=0, assignmentCheckoutPath=null, testCheckoutPath=null, solutionCheckoutPath=null, dockerRunConfig=null], submissionResult=ResultDTO[id=141, completionDate=2025-02-14T23:43:18.729015138Z[Etc/UTC], successful=false, score=0.0, rated=true, submission=SubmissionDTO[id=130, submitted=true, type=MANUAL, exampleSubmission=null, submissionDate=2025-02-14T23:43:17.272936Z, commitHash=4a1af7e8a64e6505c5fc09b9f81ea41af9fcff44, buildFailed=true, buildArtifact=false, participation=ParticipationDTO[id=494, testRun=false, type=programming, submissionCount=null, exercise=ParticipationExerciseDTO[id=309, exerciseType=PROGRAMMING, type=programming, assessmentType=AUTOMATIC, dueDate=2025-02-16T23:43:17.147218Z, assessmentDueDate=null, maxPoints=42.0, course=CourseDTO[id=158, accuracyOfScores=1]]], submissionExerciseType=programming, isProcessing=false, buildStartDate=null, estimatedCompletionDate=null], participation=ParticipationDTO[id=494, testRun=false, type=programming, submissionCount=null, exercise=ParticipationExerciseDTO[id=309, exerciseType=PROGRAMMING, type=programming, assessmentType=AUTOMATIC, dueDate=2025-02-16T23:43:17.147218Z, assessmentDueDate=null, maxPoints=42.0, course=CourseDTO[id=158, accuracyOfScores=1]]], feedbacks=[], assessmentType=AUTOMATIC, hasComplaint=null, exampleResult=null, testCaseCount=0, passedTestCaseCount=0, codeIssueCount=0]], BuildJobQueueItem[id=4971739576599269, name=SHORT52AD57270517204728083260501A19D262D1TSTEXC-LOCALCIINTSTUDENT1, buildAgent=BuildAgentDTO[name=artemis-build-agent-test, memberAddress=[127.0.0.1]:5703, displayName=artemis-build-agent-test], participationId=497, courseId=159, exerciseId=310, retryCount=0, priority=2, status=SUCCESSFUL, repositoryInfo=RepositoryInfo[repositoryName=short52ad57270517204728083260501a19d262d1tstexc-localciintstudent1, repositoryType=user, triggeredByPushTo=user, assignmentRepositoryUri=http://localhost:49152/git/SHORT52AD57270517204728083260501A19D262D1TSTEXC/short52ad57270517204728083260501a19d262d1tstexc-localciintstudent1.git, testRepositoryUri=http://localhost:49152/git/SHORT52AD57270517204728083260501A19D262D1TSTEXC/short52ad57270517204728083260501a19d262d1tstexc-tests.git, solutionRepositoryUri=null, auxiliaryRepositoryUris=[Ljava.lang.String;@73a6ae2b, auxiliaryRepositoryCheckoutDirectories=[Ljava.lang.String;@680d8a88], jobTimingInfo=JobTimingInfo[submissionDate=2025-02-14T23:43:19.269997499Z[Etc/UTC], buildStartDate=2025-02-14T23:43:19.277325895Z[Etc/UTC], buildCompletionDate=2025-02-14T23:43:20.497391524Z[Etc/UTC], estimatedCompletionDate=2025-02-14T23:43:38.277310787Z[Etc/UTC], estimatedDuration=19], buildConfig=BuildConfig[buildScript=#!/bin/bash
cd /var/tmp/testing-dir
chmod +x ./gradlew
./gradlew clean test
, dockerImage=dummy-docker-image:latest, commitHashToBuild=9f4f76247a188e9a0f3516a9fbd60e829d53fb05, assignmentCommitHash=9f4f76247a188e9a0f3516a9fbd60e829d53fb05, testCommitHash=9f4f76247a188e9a0f3516a9fbd60e829d53fb05, branch=main, programmingLanguage=JAVA, projectType=PLAIN_GRADLE, scaEnabled=false, sequentialTestRunsEnabled=false, resultPaths=[/var/tmp/testing-dir/**/test-results/test/*.xml], timeoutSeconds=0, assignmentCheckoutPath=null, testCheckoutPath=null, solutionCheckoutPath=null, dockerRunConfig=null], submissionResult=ResultDTO[id=142, completionDate=2025-02-14T23:43:20.484244187Z[Etc/UTC], successful=false, score=7.7, rated=true, submission=SubmissionDTO[id=131, submitted=true, type=MANUAL, exampleSubmission=null, submissionDate=2025-02-14T23:43:19.265464Z, commitHash=9f4f76247a188e9a0f3516a9fbd60e829d53fb05, buildFailed=false, buildArtifact=false, participation=ParticipationDTO[id=497, testRun=false, type=programming, submissionCount=null, exercise=ParticipationExerciseDTO[id=310, exerciseType=PROGRAMMING, type=programming, assessmentType=AUTOMATIC, dueDate=2025-02-16T23:43:19.182228Z, assessmentDueDate=null, maxPoints=42.0, course=CourseDTO[id=159, accuracyOfScores=1]]], submissionExerciseType=programming, isProcessing=false, buildStartDate=null, estimatedCompletionDate=null], participation=ParticipationDTO[id=497, testRun=false, type=programming, submissionCount=null, exercise=ParticipationExerciseDTO[id=310, exerciseType=PROGRAMMING, type=programming, assessmentType=AUTOMATIC, dueDate=2025-02-16T23:43:19.182228Z, assessmentDueDate=null, maxPoints=42.0, course=CourseDTO[id=159, accuracyOfScores=1]]], feedbacks=[FeedbackDTO[id=173, text=null, detailText=The exercise expects a class with the name Context in the package testpackage. You did not implement the class in the exercise., hasLongFeedbackText=false, reference=null, credits=0.0, positive=false, type=AUTOMATIC, visibility=ALWAYS, testCase=TestCaseDTO[testName=null, id=169]], FeedbackDTO[id=174, text=null, detailText=The exercise expects a class with the name Policy in the package testpackage. You did not implement the class in the exercise., hasLongFeedbackText=false, reference=null, credits=0.0, positive=false, type=AUTOMATIC, visibility=ALWAYS, testCase=TestCaseDTO[testName=null, id=170]], FeedbackDTO[id=175, text=null, detailText=The exercise expects a class with the name SortStrategy in the package testpackage. You did not implement the class in the exercise., hasLongFeedbackText=false, reference=null, credits=0.0, positive=false, type=AUTOMATIC, visibility=ALWAYS, testCase=TestCaseDTO[testName=null, id=171]], FeedbackDTO[id=176, text=null, detailText=The class 'MergeSort' does not implement the interface 'SortStrategy' as expected. Implement the interface and its methods., hasLongFeedbackText=false, reference=null, credits=0.0, positive=false, type=AUTOMATIC, visibility=ALWAYS, testCase=TestCaseDTO[testName=null, id=166]], FeedbackDTO[id=177, text=null, detailText=The exercise expects a class with the name SortStrategy in the package testpackage. You did not implement the class in the exercise., hasLongFeedbackText=false, reference=null, credits=0.0, positive=false, type=AUTOMATIC, visibility=ALWAYS, testCase=TestCaseDTO[testName=null, id=163]], FeedbackDTO[id=178, text=null, detailText=The class 'BubbleSort' does not implement the interface 'SortStrategy' as expected. Implement the interface and its methods., hasLongFeedbackText=false, reference=null, credits=0.0, positive=false, type=AUTOMATIC, visibility=ALWAYS, testCase=TestCaseDTO[testName=null, id=167]], FeedbackDTO[id=179, text=null, detailText=MergeSort does not sort correctly, hasLongFeedbackText=false, reference=null, credits=0.0, positive=false, type=AUTOMATIC, visibility=ALWAYS, testCase=TestCaseDTO[testName=null, id=172]], FeedbackDTO[id=180, text=null, detailText=The class 'Context' was not found within the submission. Make sure to implement it properly., hasLongFeedbackText=false, reference=null, credits=0.0, positive=false, type=AUTOMATIC, visibility=ALWAYS, testCase=TestCaseDTO[testName=null, id=173]], FeedbackDTO[id=181, text=null, detailText=The class 'Context' was not found within the submission. Make sure to implement it properly., hasLongFeedbackText=false, reference=null, credits=0.0, positive=false, type=AUTOMATIC, visibility=ALWAYS, testCase=TestCaseDTO[testName=null, id=174]], FeedbackDTO[id=182, text=null, detailText=The exercise expects a class with the name Policy in the package testpackage. You did not implement the class in the exercise., hasLongFeedbackText=false, reference=null, credits=0.0, positive=false, type=AUTOMATIC, visibility=ALWAYS, testCase=TestCaseDTO[testName=null, id=168]], FeedbackDTO[id=183, text=null, detailText=The exercise expects a class with the name Context in the package testpackage. You did not implement the class in the exercise., hasLongFeedbackText=false, reference=null, credits=0.0, positive=false, type=AUTOMATIC, visibility=ALWAYS, testCase=TestCaseDTO[testName=null, id=164]], FeedbackDTO[id=184, text=null, detailText=The exercise expects a class with the name Policy in the package testpackage. You did not implement the class in the exercise., hasLongFeedbackText=false, reference=null, credits=0.0, positive=false, type=AUTOMATIC, visibility=ALWAYS, testCase=TestCaseDTO[testName=null, id=165]], FeedbackDTO[id=185, text=null, detailText=null, hasLongFeedbackText=false, reference=null, credits=3.230769230769231, positive=true, type=AUTOMATIC, visibility=ALWAYS, testCase=TestCaseDTO[testName=null, id=175]]], assessmentType=AUTOMATIC, hasComplaint=null, exampleResult=null, testCaseCount=13, passedTestCaseCount=1, codeIssueCount=0]], BuildJobQueueItem[id=5001739576601035, name=SHORT582B1BDC0A17704D6D0A46800FC19163DA47TSTEXC-LOCALCIINTSTUDENT1, buildAgent=BuildAgentDTO[name=artemis-build-agent-test, memberAddress=[127.0.0.1]:5703, displayName=artemis-build-agent-test], participationId=500, courseId=160, exerciseId=311, retryCount=0, priority=2, status=SUCCESSFUL, repositoryInfo=RepositoryInfo[repositoryName=short582b1bdc0a17704d6d0a46800fc19163da47tstexc-localciintstudent1, repositoryType=user, triggeredByPushTo=user, assignmentRepositoryUri=http://localhost:49152/git/SHORT582B1BDC0A17704D6D0A46800FC19163DA47TSTEXC/short582b1bdc0a17704d6d0a46800fc19163da47tstexc-localciintstudent1.git, testRepositoryUri=http://localhost:49152/git/SHORT582B1BDC0A17704D6D0A46800FC19163DA47TSTEXC/short582b1bdc0a17704d6d0a46800fc19163da47tstexc-tests.git, solutionRepositoryUri=null, auxiliaryRepositoryUris=[Ljava.lang.String;@4f47ca08, auxiliaryRepositoryCheckoutDirectories=[Ljava.lang.String;@63e80ffc], jobTimingInfo=JobTimingInfo[submissionDate=2025-02-14T23:43:21.035120760Z[Etc/UTC], buildStartDate=2025-02-14T23:43:21.040320383Z[Etc/UTC], buildCompletionDate=2025-02-14T23:43:22.581236903Z[Etc/UTC], estimatedCompletionDate=2025-02-14T23:43:40.040312057Z[Etc/UTC], estimatedDuration=19], buildConfig=BuildConfig[buildScript=#!/bin/bash
cd /var/tmp/testing-dir
chmod +x ./gradlew
./gradlew clean test
, dockerImage=dummy-docker-image:latest, commitHashToBuild=887566cf754016f986627cf5c5c365dea16c907f, assignmentCommitHash=887566cf754016f986627cf5c5c365dea16c907f, testCommitHash=6af67146332066e7430917928a4b9b81c43b7c71, branch=main, programmingLanguage=JAVA, projectType=PLAIN_GRADLE, scaEnabled=false, sequentialTestRunsEnabled=false, resultPaths=[/var/tmp/testing-dir/**/test-results/test/*.xml], timeoutSeconds=0, assignmentCheckoutPath=customAssignmentPath, testCheckoutPath=null, solutionCheckoutPath=null, dockerRunConfig=null], submissionResult=ResultDTO[id=143, completionDate=2025-02-14T23:43:22.538158998Z[Etc/UTC], successful=false, score=7.7, rated=true, submission=SubmissionDTO[id=132, submitted=true, type=MANUAL, exampleSubmission=null, submissionDate=2025-02-14T23:43:21.028930Z, commitHash=887566cf754016f986627cf5c5c365dea16c907f, buildFailed=false, buildArtifact=false, participation=ParticipationDTO[id=500, testRun=false, type=programming, submissionCount=null, exercise=ParticipationExerciseDTO[id=311, exerciseType=PROGRAMMING, type=programming, assessmentType=AUTOMATIC, dueDate=2025-02-16T23:43:20.897280Z, assessmentDueDate=null, maxPoints=42.0, course=CourseDTO[id=160, accuracyOfScores=1]]], submissionExerciseType=programming, isProcessing=false, buildStartDate=null, estimatedCompletionDate=null], participation=ParticipationDTO[id=500, testRun=false, type=programming, submissionCount=null, exercise=ParticipationExerciseDTO[id=311, exerciseType=PROGRAMMING, type=programming, assessmentType=AUTOMATIC, dueDate=2025-02-16T23:43:20.897280Z, assessmentDueDate=null, maxPoints=42.0, course=CourseDTO[id=160, accuracyOfScores=1]]], feedbacks=[FeedbackDTO[id=186, text=null, detailText=The exercise expects a class with the name Context in the package testpackage. You did not implement the class in the exercise., hasLongFeedbackText=false, reference=null, credits=0.0, positive=false, type=AUTOMATIC, visibility=ALWAYS, testCase=TestCaseDTO[testName=null, id=182]], FeedbackDTO[id=187, text=null, detailText=The exercise expects a class with the name Policy in the package testpackage. You did not implement the class in the exercise., hasLongFeedbackText=false, reference=null, credits=0.0, positive=false, type=AUTOMATIC, visibility=ALWAYS, testCase=TestCaseDTO[testName=null, id=183]], FeedbackDTO[id=188, text=null, detailText=The exercise expects a class with the name SortStrategy in the package testpackage. You did not implement the class in the exercise., hasLongFeedbackText=false, reference=null, credits=0.0, positive=false, type=AUTOMATIC, visibility=ALWAYS, testCase=TestCaseDTO[testName=null, id=184]], FeedbackDTO[id=189, text=null, detailText=The class 'MergeSort' does not implement the interface 'SortStrategy' as expected. Implement the interface and its methods., hasLongFeedbackText=false, reference=null, credits=0.0, positive=false, type=AUTOMATIC, visibility=ALWAYS, testCase=TestCaseDTO[testName=null, id=179]], FeedbackDTO[id=190, text=null, detailText=The exercise expects a class with the name SortStrategy in the package testpackage. You did not implement the class in the exercise., hasLongFeedbackText=false, reference=null, credits=0.0, positive=false, type=AUTOMATIC, visibility=ALWAYS, testCase=TestCaseDTO[testName=null, id=176]], FeedbackDTO[id=191, text=null, detailText=The class 'BubbleSort' does not implement the interface 'SortStrategy' as expected. Implement the interface and its methods., hasLongFeedbackText=false, reference=null, credits=0.0, positive=false, type=AUTOMATIC, visibility=ALWAYS, testCase=TestCaseDTO[testName=null, id=180]], FeedbackDTO[id=192, text=null, detailText=MergeSort does not sort correctly, hasLongFeedbackText=false, reference=null, credits=0.0, positive=false, type=AUTOMATIC, visibility=ALWAYS, testCase=TestCaseDTO[testName=null, id=185]], FeedbackDTO[id=193, text=null, detailText=The class 'Context' was not found within the submission. Make sure to implement it properly., hasLongFeedbackText=false, reference=null, credits=0.0, positive=false, type=AUTOMATIC, visibility=ALWAYS, testCase=TestCaseDTO[testName=null, id=186]], FeedbackDTO[id=194, text=null, detailText=The class 'Context' was not found within the submission. Make sure to implement it properly., hasLongFeedbackText=false, reference=null, credits=0.0, positive=false, type=AUTOMATIC, visibility=ALWAYS, testCase=TestCaseDTO[testName=null, id=187]], FeedbackDTO[id=195, text=null, detailText=The exercise expects a class with the name Policy in the package testpackage. You did not implement the class in the exercise., hasLongFeedbackText=false, reference=null, credits=0.0, positive=false, type=AUTOMATIC, visibility=ALWAYS, testCase=TestCaseDTO[testName=null, id=181]], FeedbackDTO[id=196, text=null, detailText=The exercise expects a class with the name Context in the package testpackage. You did not implement the class in the exercise., hasLongFeedbackText=false, reference=null, credits=0.0, positive=false, type=AUTOMATIC, visibility=ALWAYS, testCase=TestCaseDTO[testName=null, id=177]], FeedbackDTO[id=197, text=null, detailText=The exercise expects a class with the name Policy in the package testpackage. You did not implement the class in the exercise., hasLongFeedbackText=false, reference=null, credits=0.0, positive=false, type=AUTOMATIC, visibility=ALWAYS, testCase=TestCaseDTO[testName=null, id=178]], FeedbackDTO[id=198, text=null, detailText=null, hasLongFeedbackText=false, reference=null, credits=3.230769230769231, positive=true, type=AUTOMATIC, visibility=ALWAYS, testCase=TestCaseDTO[testName=null, id=188]]], assessmentType=AUTOMATIC, hasComplaint=null, exampleResult=null, testCaseCount=13, passedTestCaseCount=1, codeIssueCount=0]], BuildJobQueueItem[id=5031739576604847, name=SHORT00FA1A240403404C7E097D7007C591BE2AB1TSTEXC-LOCALCIINTSTUDENT1, buildAgent=BuildAgentDTO[name=artemis-build-agent-test, memberAddress=[127.0.0.1]:5703, displayName=artemis-build-agent-test], participationId=503, courseId=161, exerciseId=312, retryCount=0, priority=2, status=FAILED, repositoryInfo=RepositoryInfo[repositoryName=short00fa1a240403404c7e097d7007c591be2ab1tstexc-localciintstudent1, repositoryType=user, triggeredByPushTo=user, assignmentRepositoryUri=http://localhost:49152/git/SHORT00FA1A240403404C7E097D7007C591BE2AB1TSTEXC/short00fa1a240403404c7e097d7007c591be2ab1tstexc-localciintstudent1.git, testRepositoryUri=http://localhost:49152/git/SHORT00FA1A240403404C7E097D7007C591BE2AB1TSTEXC/short00fa1a240403404c7e097d7007c591be2ab1tstexc-tests.git, solutionRepositoryUri=null, auxiliaryRepositoryUris=[Ljava.lang.String;@25f9225c, auxiliaryRepositoryCheckoutDirectories=[Ljava.lang.String;@21a4a5a1], jobTimingInfo=JobTimingInfo[submissionDate=2025-02-14T23:43:24.847396156Z[Etc/UTC], buildStartDate=2025-02-14T23:43:24.860457211Z[Etc/UTC], buildCompletionDate=2025-02-14T23:43:26.809353681Z[Etc/UTC], estimatedCompletionDate=2025-02-14T23:43:46.860451490Z[Etc/UTC], estimatedDuration=22], buildConfig=BuildConfig[buildScript=#!/bin/bash
cd /var/tmp/testing-dir
chmod +x ./gradlew
./gradlew clean test
, dockerImage=dummy-docker-image:latest, commitHashToBuild=9690714a509af0a98c6790a7e52ee3574c7ef689, assignmentCommitHash=9690714a509af0a98c6790a7e52ee3574c7ef689, testCommitHash=9690714a509af0a98c6790a7e52ee3574c7ef689, branch=main, programmingLanguage=JAVA, projectType=PLAIN_GRADLE, scaEnabled=false, sequentialTestRunsEnabled=false, resultPaths=[/var/tmp/testing-dir/**/test-results/test/*.xml], timeoutSeconds=0, assignmentCheckoutPath=null, testCheckoutPath=null, solutionCheckoutPath=null, dockerRunConfig=null], submissionResult=ResultDTO[id=144, completionDate=2025-02-14T23:43:26.809483684Z[Etc/UTC], successful=false, score=0.0, rated=true, submission=SubmissionDTO[id=133, submitted=true, type=MANUAL, exampleSubmission=null, submissionDate=2025-02-14T23:43:24.841319Z, commitHash=9690714a509af0a98c6790a7e52ee3574c7ef689, buildFailed=true, buildArtifact=false, participation=ParticipationDTO[id=503, testRun=false, type=programming, submissionCount=null, exercise=ParticipationExerciseDTO[id=312, exerciseType=PROGRAMMING, type=programming, assessmentType=AUTOMATIC, dueDate=2025-02-16T23:43:24.571329Z, assessmentDueDate=null, maxPoints=42.0, course=CourseDTO[id=161, accuracyOfScores=1]]], submissionExerciseType=programming, isProcessing=false, buildStartDate=null, estimatedCompletionDate=null], participation=ParticipationDTO[id=503, testRun=false, type=programming, submissionCount=null, exercise=ParticipationExerciseDTO[id=312, exerciseType=PROGRAMMING, type=programming, assessmentType=AUTOMATIC, dueDate=2025-02-16T23:43:24.571329Z, assessmentDueDate=null, maxPoints=42.0, course=CourseDTO[id=161, accuracyOfScores=1]]], feedbacks=[], assessmentType=AUTOMATIC, hasComplaint=null, exampleResult=null, testCaseCount=0, passedTestCaseCount=0, codeIssueCount=0]], BuildJobQueueItem[id=5061739576605250, name=SHORT62C808EE04ECE040740AF7B0CF3AE5F5BEF2TSTEXC-LOCALCIINTSTUDENT1, buildAgent=BuildAgentDTO[name=artemis-build-agent-test, memberAddress=[127.0.0.1]:5703, displayName=artemis-build-agent-test], participationId=506, courseId=162, exerciseId=313, retryCount=0, priority=2, status=SUCCESSFUL, repositoryInfo=RepositoryInfo[repositoryName=short62c808ee04ece040740af7b0cf3ae5f5bef2tstexc-localciintstudent1, repositoryType=user, triggeredByPushTo=user, assignmentRepositoryUri=http://localhost:49152/git/SHORT62C808EE04ECE040740AF7B0CF3AE5F5BEF2TSTEXC/short62c808ee04ece040740af7b0cf3ae5f5bef2tstexc-localciintstudent1.git, testRepositoryUri=http://localhost:49152/git/SHORT62C808EE04ECE040740AF7B0CF3AE5F5BEF2TSTEXC/short62c808ee04ece040740af7b0cf3ae5f5bef2tstexc-tests.git, solutionRepositoryUri=null, auxiliaryRepositoryUris=[Ljava.lang.String;@50c22c17, auxiliaryRepositoryCheckoutDirectories=[Ljava.lang.String;@73764e1c], jobTimingInfo=JobTimingInfo[submissionDate=2025-02-14T23:43:25.250749866Z[Etc/UTC], buildStartDate=2025-02-14T23:43:26.820713075Z[Etc/UTC], buildCompletionDate=2025-02-14T23:43:28.304236378Z[Etc/UTC], estimatedCompletionDate=2025-02-14T23:43:45.820704920Z[Etc/UTC], estimatedDuration=19], buildConfig=BuildConfig[buildScript=#!/bin/bash
cd /var/tmp/testing-dir
chmod +x ./gradlew
./gradlew clean test
, dockerImage=dummy-docker-image:latest, commitHashToBuild=993b6f756e3e52a44d0537d4fa3a5d0e0acdbe89, assignmentCommitHash=993b6f756e3e52a44d0537d4fa3a5d0e0acdbe89, testCommitHash=993b6f756e3e52a44d0537d4fa3a5d0e0acdbe89, branch=main, programmingLanguage=JAVA, projectType=null, scaEnabled=false, sequentialTestRunsEnabled=false, resultPaths=[/var/tmp/testing-dir/**/test-results/test/*.xml], timeoutSeconds=0, assignmentCheckoutPath=null, testCheckoutPath=null, solutionCheckoutPath=null, dockerRunConfig=null], submissionResult=ResultDTO[id=145, completionDate=2025-02-14T23:43:28.269051286Z[Etc/UTC], successful=false, score=7.7, rated=true, submission=SubmissionDTO[id=134, submitted=true, type=MANUAL, exampleSubmission=null, submissionDate=2025-02-14T23:43:25.241685Z, commitHash=993b6f756e3e52a44d0537d4fa3a5d0e0acdbe89, buildFailed=false, buildArtifact=false, participation=ParticipationDTO[id=506, testRun=false, type=programming, submissionCount=null, exercise=ParticipationExerciseDTO[id=313, exerciseType=PROGRAMMING, type=programming, assessmentType=AUTOMATIC, dueDate=2025-02-16T23:43:24.986721Z, assessmentDueDate=null, maxPoints=42.0, course=CourseDTO[id=162, accuracyOfScores=1]]], submissionExerciseType=programming, isProcessing=false, buildStartDate=null, estimatedCompletionDate=null], participation=ParticipationDTO[id=506, testRun=false, type=programming, submissionCount=null, exercise=ParticipationExerciseDTO[id=313, exerciseType=PROGRAMMING, type=programming, assessmentType=AUTOMATIC, dueDate=2025-02-16T23:43:24.986721Z, assessmentDueDate=null, maxPoints=42.0, course=CourseDTO[id=162, accuracyOfScores=1]]], feedbacks=[FeedbackDTO[id=199, text=null, detailText=The exercise expects a class with the name Context in the package testpackage. You did not implement the class in the exercise., hasLongFeedbackText=false, reference=null, credits=0.0, positive=false, type=AUTOMATIC, visibility=ALWAYS, testCase=TestCaseDTO[testName=null, id=208]], FeedbackDTO[id=200, text=null, detailText=The exercise expects a class with the name Policy in the package testpackage. You did not implement the class in the exercise., hasLongFeedbackText=false, reference=null, credits=0.0, positive=false, type=AUTOMATIC, visibility=ALWAYS, testCase=TestCaseDTO[testName=null, id=209]], FeedbackDTO[id=201, text=null, detailText=The exercise expects a class with the name SortStrategy in the package testpackage. You did not implement the class in the exercise., hasLongFeedbackText=false, reference=null, credits=0.0, positive=false, type=AUTOMATIC, visibility=ALWAYS, testCase=TestCaseDTO[testName=null, id=210]], FeedbackDTO[id=202, text=null, detailText=The class 'MergeSort' does not implement the interface 'SortStrategy' as expected. Implement the interface and its methods., hasLongFeedbackText=false, reference=null, credits=0.0, positive=false, type=AUTOMATIC, visibility=ALWAYS, testCase=TestCaseDTO[testName=null, id=205]], FeedbackDTO[id=203, text=null, detailText=The exercise expects a class with the name SortStrategy in the package testpackage. You did not implement the class in the exercise., hasLongFeedbackText=false, reference=null, credits=0.0, positive=false, type=AUTOMATIC, visibility=ALWAYS, testCase=TestCaseDTO[testName=null, id=202]], FeedbackDTO[id=204, text=null, detailText=The class 'BubbleSort' does not implement the interface 'SortStrategy' as expected. Implement the interface and its methods., hasLongFeedbackText=false, reference=null, credits=0.0, positive=false, type=AUTOMATIC, visibility=ALWAYS, testCase=TestCaseDTO[testName=null, id=206]], FeedbackDTO[id=205, text=null, detailText=MergeSort does not sort correctly, hasLongFeedbackText=false, reference=null, credits=0.0, positive=false, type=AUTOMATIC, visibility=ALWAYS, testCase=TestCaseDTO[testName=null, id=211]], FeedbackDTO[id=206, text=null, detailText=The class 'Context' was not found within the submission. Make sure to implement it properly., hasLongFeedbackText=false, reference=null, credits=0.0, positive=false, type=AUTOMATIC, visibility=ALWAYS, testCase=TestCaseDTO[testName=null, id=212]], FeedbackDTO[id=207, text=null, detailText=The class 'Context' was not found within the submission. Make sure to implement it properly., hasLongFeedbackText=false, reference=null, credits=0.0, positive=false, type=AUTOMATIC, visibility=ALWAYS, testCase=TestCaseDTO[testName=null, id=213]], FeedbackDTO[id=208, text=null, detailText=The exercise expects a class with the name Policy in the package testpackage. You did not implement the class in the exercise., hasLongFeedbackText=false, reference=null, credits=0.0, positive=false, type=AUTOMATIC, visibility=ALWAYS, testCase=TestCaseDTO[testName=null, id=207]], FeedbackDTO[id=209, text=null, detailText=The exercise expects a class with the name Context in the package testpackage. You did not implement the class in the exercise., hasLongFeedbackText=false, reference=null, credits=0.0, positive=false, type=AUTOMATIC, visibility=ALWAYS, testCase=TestCaseDTO[testName=null, id=203]], FeedbackDTO[id=210, text=null, detailText=The exercise expects a class with the name Policy in the package testpackage. You did not implement the class in the exercise., hasLongFeedbackText=false, reference=null, credits=0.0, positive=false, type=AUTOMATIC, visibility=ALWAYS, testCase=TestCaseDTO[testName=null, id=204]], FeedbackDTO[id=211, text=null, detailText=null, hasLongFeedbackText=false, reference=null, credits=3.230769230769231, positive=true, type=AUTOMATIC, visibility=ALWAYS, testCase=TestCaseDTO[testName=null, id=214]]], assessmentType=AUTOMATIC, hasComplaint=null, exampleResult=null, testCaseCount=13, passedTestCaseCount=1, codeIssueCount=0]], BuildJobQueueItem[id=5121739576609302, name=SHORT3D739532080B804BC608BDA0F7816DDB4316TSTEXC-LOCALCIINTSTUDENT1, buildAgent=BuildAgentDTO[name=artemis-build-agent-test, memberAddress=[127.0.0.1]:5703, displayName=artemis-build-agent-test], participationId=512, courseId=164, exerciseId=315, retryCount=0, priority=2, status=SUCCESSFUL, repositoryInfo=RepositoryInfo[repositoryName=short3d739532080b804bc608bda0f7816ddb4316tstexc-localciintstudent1, repositoryType=user, triggeredByPushTo=user, assignmentRepositoryUri=http://localhost:49152/git/SHORT3D739532080B804BC608BDA0F7816DDB4316TSTEXC/short3d739532080b804bc608bda0f7816ddb4316tstexc-localciintstudent1.git, testRepositoryUri=http://localhost:49152/git/SHORT3D739532080B804BC608BDA0F7816DDB4316TSTEXC/short3d739532080b804bc608bda0f7816ddb4316tstexc-tests.git, solutionRepositoryUri=null, auxiliaryRepositoryUris=[Ljava.lang.String;@1ff179ec, auxiliaryRepositoryCheckoutDirectories=[Ljava.lang.String;@1bfc4e1e], jobTimingInfo=JobTimingInfo[submissionDate=2025-02-14T23:43:29.302618463Z[Etc/UTC], buildStartDate=2025-02-14T23:43:29.307985701Z[Etc/UTC], buildCompletionDate=2025-02-14T23:43:30.717961572Z[Etc/UTC], estimatedCompletionDate=2025-02-14T23:43:48.307979980Z[Etc/UTC], estimatedDuration=19], buildConfig=BuildConfig[buildScript=#!/bin/bash
cd /var/tmp/testing-dir
chmod +x ./gradlew
./gradlew clean test
, dockerImage=dummy-docker-image:latest, commitHashToBuild=71f54bdf5e0f9c98936e24a4638fd2ffcf966edd, assignmentCommitHash=71f54bdf5e0f9c98936e24a4638fd2ffcf966edd, testCommitHash=71f54bdf5e0f9c98936e24a4638fd2ffcf966edd, branch=main, programmingLanguage=JAVA, projectType=PLAIN_GRADLE, scaEnabled=false, sequentialTestRunsEnabled=false, resultPaths=[/var/tmp/testing-dir/**/test-results/test/*.xml], timeoutSeconds=0, assignmentCheckoutPath=null, testCheckoutPath=null, solutionCheckoutPath=null, dockerRunConfig=null], submissionResult=null]], publicSshKey=ssh-rsa AAAAB3NzaC1yc2EAAAADAQABAAACAQCOPdMsxRE2jFJ/UEa5/LsBxtwzJcrh3/rYBCQvcMeVpiRfhzQPWu7mrt/G2Ew+i+vRloGH9aqKg6dd1liRncao53Zmd/ePxoatXePNhmzTfkCkcSkTUz7B+QMjkoDDV5jwuFPD6mF3JkhuzSi64n9Zy905t4w2IhVcjM2mL3eYNjiCXt6Qpq3Pkt7dM/Ksw1nxnvuiIALuJLB3FTkXkHqq3PJav+9HSq2r6ZaWgekneaGxlQlb+U+Vy3XOuArKAzK8c8i+0bR+AHiTG6ncYXt7ax3U+TdlDTF7OLP3umwaYjs1NBXOHwG42pevvpKn2fqavZZozk+M05jXLx3bq0O7itxfErWc7etky8qYPyyIMF/txQIVLd78+Ze4d7Y60t5MGbXM5cGE6fFif5fEJwgswXD+BrG0cafz1CTatjSKFdvp8Vp4VszXhHDan1PrP6JEFJ5Cc5GDmLRZPCFa3vL9f5qXgf4bkqKN8MYeEujwJE5nMRWoiJVNakix2bcrrneQMBlnYeYZVWXXXUusAQBzl4NgddC1umZpihZkL1b1MffZAUW3EGEXi7KHnllQhkTLLsQ8ntMgbylqaJKStqaXlLvdeRJcEnUuiFCrHEVVbXRFZR7XVDZ02CE5o3MuaRPty8Kh+jRTF3COlAckHwYEJCNNJvXFgb2CNXL4mjzYDw== test@localhost]
    23:43:30.784 | 370 ool-1-worker-134 | INFO  | d.t.c.a.a.e.s.ParticipationService   : Request to delete all 0 participations of exercise with id : 1402
    23:43:30.786 | 370 ool-1-worker-134 | INFO  | d.t.c.a.a.e.s.ParticipationService   : Request to delete all 0 participations of exercise with id : 1403
    23:43:30.787 | 566 localvc.event-13 | DEBUG | s.l.LocalCIWebsocketMessagingService : Sending message on topic /topic/admin/build-agents: [BuildAgentInformation[buildAgent=BuildAgentDTO[name=artemis-build-agent-test, memberAddress=[127.0.0.1]:5703, displayName=artemis-build-agent-test], maxNumberOfConcurrentBuildJobs=1, numberOfCurrentBuildJobs=0, runningBuildJobs=[], status=IDLE, recentBuildJobs=null, publicSshKey=null]]
    23:43:30.788 | 370 ool-1-worker-134 | INFO  | d.t.c.a.a.e.s.ParticipationService   : Request to delete all 0 participations of exercise with id : 1404
    23:43:30.788 | 566 localvc.event-13 | DEBUG | s.l.LocalCIWebsocketMessagingService : Sending message on topic /topic/admin/build-agent/artemis-build-agent-test: BuildAgentInformation[buildAgent=BuildAgentDTO[name=artemis-build-agent-test, memberAddress=[127.0.0.1]:5703, displayName=artemis-build-agent-test], maxNumberOfConcurrentBuildJobs=1, numberOfCurrentBuildJobs=0, runningBuildJobs=[], status=IDLE, recentBuildJobs=[BuildJobQueueItem[id=4621739576562326, name=SHORT43ACF76B02BC1044B80938509D14043FABDETSTEXC-LOCALCIINTSTUDENT1, buildAgent=BuildAgentDTO[name=artemis-build-agent-test, memberAddress=[127.0.0.1]:5703, displayName=artemis-build-agent-test], participationId=462, courseId=147, exerciseId=298, retryCount=0, priority=2, status=SUCCESSFUL, repositoryInfo=RepositoryInfo[repositoryName=short43acf76b02bc1044b80938509d14043fabdetstexc-localciintstudent1, repositoryType=user, triggeredByPushTo=user, assignmentRepositoryUri=http://localhost:49152/git/SHORT43ACF76B02BC1044B80938509D14043FABDETSTEXC/short43acf76b02bc1044b80938509d14043fabdetstexc-localciintstudent1.git, testRepositoryUri=http://localhost:49152/git/SHORT43ACF76B02BC1044B80938509D14043FABDETSTEXC/short43acf76b02bc1044b80938509d14043fabdetstexc-tests.git, solutionRepositoryUri=null, auxiliaryRepositoryUris=[Ljava.lang.String;@ff2fc8d, auxiliaryRepositoryCheckoutDirectories=[Ljava.lang.String;@7687dfd3], jobTimingInfo=JobTimingInfo[submissionDate=2025-02-14T23:42:42.326978596Z[Etc/UTC], buildStartDate=2025-02-14T23:42:42.420147010Z[Etc/UTC], buildCompletionDate=2025-02-14T23:42:45.573855829Z[Etc/UTC], estimatedCompletionDate=2025-02-14T23:43:01.420129377Z[Etc/UTC], estimatedDuration=19], buildConfig=BuildConfig[buildScript=#!/bin/bash
cd /var/tmp/testing-dir
chmod +x ./gradlew
./gradlew clean test
, dockerImage=dummy-docker-image:latest, commitHashToBuild=a9c717ccf7bcbe9531d3eee21dbaeb5aab2ff971, assignmentCommitHash=a9c717ccf7bcbe9531d3eee21dbaeb5aab2ff971, testCommitHash=a9c717ccf7bcbe9531d3eee21dbaeb5aab2ff971, branch=main, programmingLanguage=JAVA, projectType=PLAIN_GRADLE, scaEnabled=false, sequentialTestRunsEnabled=false, resultPaths=[/var/tmp/testing-dir/**/test-results/test/*.xml], timeoutSeconds=0, assignmentCheckoutPath=null, testCheckoutPath=null, solutionCheckoutPath=null, dockerRunConfig=DockerRunConfig[isNetworkDisabled=true, env=[key=value]]], submissionResult=ResultDTO[id=132, completionDate=2025-02-14T23:42:45.519869118Z[Etc/UTC], successful=false, score=7.7, rated=true, submission=SubmissionDTO[id=119, submitted=true, type=MANUAL, exampleSubmission=null, submissionDate=2025-02-14T23:42:42.302762Z, commitHash=a9c717ccf7bcbe9531d3eee21dbaeb5aab2ff971, buildFailed=false, buildArtifact=false, participation=ParticipationDTO[id=462, testRun=false, type=programming, submissionCount=null, exercise=ParticipationExerciseDTO[id=298, exerciseType=PROGRAMMING, type=programming, assessmentType=AUTOMATIC, dueDate=2025-02-16T23:42:41.553955Z, assessmentDueDate=null, maxPoints=42.0, course=CourseDTO[id=147, accuracyOfScores=1]]], submissionExerciseType=programming, isProcessing=false, buildStartDate=null, estimatedCompletionDate=null], participation=ParticipationDTO[id=462, testRun=false, type=programming, submissionCount=null, exercise=ParticipationExerciseDTO[id=298, exerciseType=PROGRAMMING, type=programming, assessmentType=AUTOMATIC, dueDate=2025-02-16T23:42:41.553955Z, assessmentDueDate=null, maxPoints=42.0, course=CourseDTO[id=147, accuracyOfScores=1]]], feedbacks=[FeedbackDTO[id=67, text=null, detailText=The exercise expects a class with the name Context in the package testpackage. You did not implement the class in the exercise., hasLongFeedbackText=false, reference=null, credits=0.0, positive=false, type=AUTOMATIC, visibility=ALWAYS, testCase=TestCaseDTO[testName=null, id=13]], FeedbackDTO[id=68, text=null, detailText=The exercise expects a class with the name Policy in the package testpackage. You did not implement the class in the exercise., hasLongFeedbackText=false, reference=null, credits=0.0, positive=false, type=AUTOMATIC, visibility=ALWAYS, testCase=TestCaseDTO[testName=null, id=14]], FeedbackDTO[id=69, text=null, detailText=The exercise expects a class with the name SortStrategy in the package testpackage. You did not implement the class in the exercise., hasLongFeedbackText=false, reference=null, credits=0.0, positive=false, type=AUTOMATIC, visibility=ALWAYS, testCase=TestCaseDTO[testName=null, id=15]], FeedbackDTO[id=70, text=null, detailText=The class 'MergeSort' does not implement the interface 'SortStrategy' as expected. Implement the interface and its methods., hasLongFeedbackText=false, reference=null, credits=0.0, positive=false, type=AUTOMATIC, visibility=ALWAYS, testCase=TestCaseDTO[testName=null, id=10]], FeedbackDTO[id=71, text=null, detailText=The exercise expects a class with the name SortStrategy in the package testpackage. You did not implement the class in the exercise., hasLongFeedbackText=false, reference=null, credits=0.0, positive=false, type=AUTOMATIC, visibility=ALWAYS, testCase=TestCaseDTO[testName=null, id=7]], FeedbackDTO[id=72, text=null, detailText=The class 'BubbleSort' does not implement the interface 'SortStrategy' as expected. Implement the interface and its methods., hasLongFeedbackText=false, reference=null, credits=0.0, positive=false, type=AUTOMATIC, visibility=ALWAYS, testCase=TestCaseDTO[testName=null, id=11]], FeedbackDTO[id=73, text=null, detailText=MergeSort does not sort correctly, hasLongFeedbackText=false, reference=null, credits=0.0, positive=false, type=AUTOMATIC, visibility=ALWAYS, testCase=TestCaseDTO[testName=null, id=16]], FeedbackDTO[id=74, text=null, detailText=The class 'Context' was not found within the submission. Make sure to implement it properly., hasLongFeedbackText=false, reference=null, credits=0.0, positive=false, type=AUTOMATIC, visibility=ALWAYS, testCase=TestCaseDTO[testName=null, id=17]], FeedbackDTO[id=75, text=null, detailText=The class 'Context' was not found within the submission. Make sure to implement it properly., hasLongFeedbackText=false, reference=null, credits=0.0, positive=false, type=AUTOMATIC, visibility=ALWAYS, testCase=TestCaseDTO[testName=null, id=18]], FeedbackDTO[id=76, text=null, detailText=The exercise expects a class with the name Policy in the package testpackage. You did not implement the class in the exercise., hasLongFeedbackText=false, reference=null, credits=0.0, positive=false, type=AUTOMATIC, visibility=ALWAYS, testCase=TestCaseDTO[testName=null, id=12]], FeedbackDTO[id=77, text=null, detailText=The exercise expects a class with the name Context in the package testpackage. You did not implement the class in the exercise., hasLongFeedbackText=false, reference=null, credits=0.0, positive=false, type=AUTOMATIC, visibility=ALWAYS, testCase=TestCaseDTO[testName=null, id=8]], FeedbackDTO[id=78, text=null, detailText=The exercise expects a class with the name Policy in the package testpackage. You did not implement the class in the exercise., hasLongFeedbackText=false, reference=null, credits=0.0, positive=false, type=AUTOMATIC, visibility=ALWAYS, testCase=TestCaseDTO[testName=null, id=9]], FeedbackDTO[id=79, text=null, detailText=null, hasLongFeedbackText=false, reference=null, credits=3.230769230769231, positive=true, type=AUTOMATIC, visibility=ALWAYS, testCase=TestCaseDTO[testName=null, id=19]]], assessmentType=AUTOMATIC, hasComplaint=null, exampleResult=null, testCaseCount=13, passedTestCaseCount=1, codeIssueCount=0]], BuildJobQueueItem[id=4651739576569330, name=SHORTB06DD3F905F4604F6E085260D83ED657A6DFTSTEXC-LOCALCIINTSTUDENT1, buildAgent=BuildAgentDTO[name=artemis-build-agent-test, memberAddress=[127.0.0.1]:5703, displayName=artemis-build-agent-test], participationId=465, courseId=148, exerciseId=299, retryCount=0, priority=2, status=SUCCESSFUL, repositoryInfo=RepositoryInfo[repositoryName=shortb06dd3f905f4604f6e085260d83ed657a6dftstexc-localciintstudent1, repositoryType=user, triggeredByPushTo=user, assignmentRepositoryUri=http://localhost:49152/git/SHORTB06DD3F905F4604F6E085260D83ED657A6DFTSTEXC/shortb06dd3f905f4604f6e085260d83ed657a6dftstexc-localciintstudent1.git, testRepositoryUri=http://localhost:49152/git/SHORTB06DD3F905F4604F6E085260D83ED657A6DFTSTEXC/shortb06dd3f905f4604f6e085260d83ed657a6dftstexc-tests.git, solutionRepositoryUri=null, auxiliaryRepositoryUris=[Ljava.lang.String;@57e6fa8a, auxiliaryRepositoryCheckoutDirectories=[Ljava.lang.String;@a23b8a5], jobTimingInfo=JobTimingInfo[submissionDate=2025-02-14T23:42:49.330093960Z[Etc/UTC], buildStartDate=2025-02-14T23:42:49.347797345Z[Etc/UTC], buildCompletionDate=2025-02-14T23:42:51.204319751Z[Etc/UTC], estimatedCompletionDate=2025-02-14T23:43:08.347788449Z[Etc/UTC], estimatedDuration=19], buildConfig=BuildConfig[buildScript=#!/bin/bash
cd /var/tmp/testing-dir
chmod +x ./gradlew
./gradlew clean test
, dockerImage=dummy-docker-image:latest, commitHashToBuild=41581fff25954d36cf07586926ee0c77d1003131, assignmentCommitHash=41581fff25954d36cf07586926ee0c77d1003131, testCommitHash=41581fff25954d36cf07586926ee0c77d1003131, branch=main, programmingLanguage=JAVA, projectType=PLAIN_GRADLE, scaEnabled=false, sequentialTestRunsEnabled=false, resultPaths=[/var/tmp/testing-dir/**/test-results/test/*.xml], timeoutSeconds=0, assignmentCheckoutPath=null, testCheckoutPath=null, solutionCheckoutPath=null, dockerRunConfig=null], submissionResult=ResultDTO[id=133, completionDate=2025-02-14T23:42:51.155372920Z[Etc/UTC], successful=false, score=7.7, rated=true, submission=SubmissionDTO[id=120, submitted=true, type=MANUAL, exampleSubmission=null, submissionDate=2025-02-14T23:42:49.321855Z, commitHash=41581fff25954d36cf07586926ee0c77d1003131, buildFailed=false, buildArtifact=false, participation=ParticipationDTO[id=465, testRun=false, type=programming, submissionCount=null, exercise=ParticipationExerciseDTO[id=299, exerciseType=PROGRAMMING, type=programming, assessmentType=AUTOMATIC, dueDate=2025-02-16T23:42:49.163661Z, assessmentDueDate=null, maxPoints=42.0, course=CourseDTO[id=148, accuracyOfScores=1]]], submissionExerciseType=programming, isProcessing=false, buildStartDate=null, estimatedCompletionDate=null], participation=ParticipationDTO[id=465, testRun=false, type=programming, submissionCount=null, exercise=ParticipationExerciseDTO[id=299, exerciseType=PROGRAMMING, type=programming, assessmentType=AUTOMATIC, dueDate=2025-02-16T23:42:49.163661Z, assessmentDueDate=null, maxPoints=42.0, course=CourseDTO[id=148, accuracyOfScores=1]]], feedbacks=[FeedbackDTO[id=80, text=null, detailText=The exercise expects a class with the name Context in the package testpackage. You did not implement the class in the exercise., hasLongFeedbackText=false, reference=null, credits=0.0, positive=false, type=AUTOMATIC, visibility=ALWAYS, testCase=TestCaseDTO[testName=null, id=26]], FeedbackDTO[id=81, text=null, detailText=The exercise expects a class with the name Policy in the package testpackage. You did not implement the class in the exercise., hasLongFeedbackText=false, reference=null, credits=0.0, positive=false, type=AUTOMATIC, visibility=ALWAYS, testCase=TestCaseDTO[testName=null, id=27]], FeedbackDTO[id=82, text=null, detailText=The exercise expects a class with the name SortStrategy in the package testpackage. You did not implement the class in the exercise., hasLongFeedbackText=false, reference=null, credits=0.0, positive=false, type=AUTOMATIC, visibility=ALWAYS, testCase=TestCaseDTO[testName=null, id=28]], FeedbackDTO[id=83, text=null, detailText=The class 'MergeSort' does not implement the interface 'SortStrategy' as expected. Implement the interface and its methods., hasLongFeedbackText=false, reference=null, credits=0.0, positive=false, type=AUTOMATIC, visibility=ALWAYS, testCase=TestCaseDTO[testName=null, id=23]], FeedbackDTO[id=84, text=null, detailText=The exercise expects a class with the name SortStrategy in the package testpackage. You did not implement the class in the exercise., hasLongFeedbackText=false, reference=null, credits=0.0, positive=false, type=AUTOMATIC, visibility=ALWAYS, testCase=TestCaseDTO[testName=null, id=20]], FeedbackDTO[id=85, text=null, detailText=The class 'BubbleSort' does not implement the interface 'SortStrategy' as expected. Implement the interface and its methods., hasLongFeedbackText=false, reference=null, credits=0.0, positive=false, type=AUTOMATIC, visibility=ALWAYS, testCase=TestCaseDTO[testName=null, id=24]], FeedbackDTO[id=86, text=null, detailText=MergeSort does not sort correctly, hasLongFeedbackText=false, reference=null, credits=0.0, positive=false, type=AUTOMATIC, visibility=ALWAYS, testCase=TestCaseDTO[testName=null, id=29]], FeedbackDTO[id=87, text=null, detailText=The class 'Context' was not found within the submission. Make sure to implement it properly., hasLongFeedbackText=false, reference=null, credits=0.0, positive=false, type=AUTOMATIC, visibility=ALWAYS, testCase=TestCaseDTO[testName=null, id=30]], FeedbackDTO[id=88, text=null, detailText=The class 'Context' was not found within the submission. Make sure to implement it properly., hasLongFeedbackText=false, reference=null, credits=0.0, positive=false, type=AUTOMATIC, visibility=ALWAYS, testCase=TestCaseDTO[testName=null, id=31]], FeedbackDTO[id=89, text=null, detailText=The exercise expects a class with the name Policy in the package testpackage. You did not implement the class in the exercise., hasLongFeedbackText=false, reference=null, credits=0.0, positive=false, type=AUTOMATIC, visibility=ALWAYS, testCase=TestCaseDTO[testName=null, id=25]], FeedbackDTO[id=90, text=null, detailText=The exercise expects a class with the name Context in the package testpackage. You did not implement the class in the exercise., hasLongFeedbackText=false, reference=null, credits=0.0, positive=false, type=AUTOMATIC, visibility=ALWAYS, testCase=TestCaseDTO[testName=null, id=21]], FeedbackDTO[id=91, text=null, detailText=The exercise expects a class with the name Policy in the package testpackage. You did not implement the class in the exercise., hasLongFeedbackText=false, reference=null, credits=0.0, positive=false, type=AUTOMATIC, visibility=ALWAYS, testCase=TestCaseDTO[testName=null, id=22]], FeedbackDTO[id=92, text=null, detailText=null, hasLongFeedbackText=false, reference=null, credits=3.230769230769231, positive=true, type=AUTOMATIC, visibility=ALWAYS, testCase=TestCaseDTO[testName=null, id=32]]], assessmentType=AUTOMATIC, hasComplaint=null, exampleResult=null, testCaseCount=13, passedTestCaseCount=1, codeIssueCount=0]], BuildJobQueueItem[id=4681739576573068, name=SHORTBCF65534040390488B0A46605F5F3776B89ATSTEXC-LOCALCIINTSTUDENT1, buildAgent=BuildAgentDTO[name=artemis-build-agent-test, memberAddress=[127.0.0.1]:5703, displayName=artemis-build-agent-test], participationId=468, courseId=149, exerciseId=300, retryCount=0, priority=2, status=SUCCESSFUL, repositoryInfo=RepositoryInfo[repositoryName=shortbcf65534040390488b0a46605f5f3776b89atstexc-localciintstudent1, repositoryType=user, triggeredByPushTo=user, assignmentRepositoryUri=http://localhost:49152/git/SHORTBCF65534040390488B0A46605F5F3776B89ATSTEXC/shortbcf65534040390488b0a46605f5f3776b89atstexc-localciintstudent1.git, testRepositoryUri=http://localhost:49152/git/SHORTBCF65534040390488B0A46605F5F3776B89ATSTEXC/shortbcf65534040390488b0a46605f5f3776b89atstexc-tests.git, solutionRepositoryUri=null, auxiliaryRepositoryUris=[Ljava.lang.String;@122d3bf8, auxiliaryRepositoryCheckoutDirectories=[Ljava.lang.String;@5a1c0729], jobTimingInfo=JobTimingInfo[submissionDate=2025-02-14T23:42:53.068019209Z[Etc/UTC], buildStartDate=2025-02-14T23:42:53.092867394Z[Etc/UTC], buildCompletionDate=2025-02-14T23:42:55.086950323Z[Etc/UTC], estimatedCompletionDate=2025-02-14T23:43:12.092858828Z[Etc/UTC], estimatedDuration=19], buildConfig=BuildConfig[buildScript=#!/bin/bash
cd /var/tmp/testing-dir
chmod +x ./gradlew
./gradlew clean test
, dockerImage=dummy-docker-image:latest, commitHashToBuild=2d5c0482fc77d3f5ec0841962528a43054e83170, assignmentCommitHash=2d5c0482fc77d3f5ec0841962528a43054e83170, testCommitHash=7477e25d56ce5fee2c938542a7e7ed4ed085d373, branch=main, programmingLanguage=JAVA, projectType=PLAIN_GRADLE, scaEnabled=false, sequentialTestRunsEnabled=false, resultPaths=[/var/tmp/testing-dir/**/test-results/test/*.xml], timeoutSeconds=0, assignmentCheckoutPath=null, testCheckoutPath=null, solutionCheckoutPath=null, dockerRunConfig=null], submissionResult=ResultDTO[id=134, completionDate=2025-02-14T23:42:55.059618627Z[Etc/UTC], successful=false, score=7.7, rated=true, submission=SubmissionDTO[id=121, submitted=true, type=MANUAL, exampleSubmission=null, submissionDate=2025-02-14T23:42:53.048221Z, commitHash=2d5c0482fc77d3f5ec0841962528a43054e83170, buildFailed=false, buildArtifact=false, participation=ParticipationDTO[id=468, testRun=false, type=programming, submissionCount=null, exercise=ParticipationExerciseDTO[id=300, exerciseType=PROGRAMMING, type=programming, assessmentType=AUTOMATIC, dueDate=2025-02-16T23:42:52.873722Z, assessmentDueDate=null, maxPoints=42.0, course=CourseDTO[id=149, accuracyOfScores=1]]], submissionExerciseType=programming, isProcessing=false, buildStartDate=null, estimatedCompletionDate=null], participation=ParticipationDTO[id=468, testRun=false, type=programming, submissionCount=null, exercise=ParticipationExerciseDTO[id=300, exerciseType=PROGRAMMING, type=programming, assessmentType=AUTOMATIC, dueDate=2025-02-16T23:42:52.873722Z, assessmentDueDate=null, maxPoints=42.0, course=CourseDTO[id=149, accuracyOfScores=1]]], feedbacks=[FeedbackDTO[id=93, text=null, detailText=The exercise expects a class with the name Context in the package testpackage. You did not implement the class in the exercise., hasLongFeedbackText=false, reference=null, credits=0.0, positive=false, type=AUTOMATIC, visibility=ALWAYS, testCase=TestCaseDTO[testName=null, id=39]], FeedbackDTO[id=94, text=null, detailText=The exercise expects a class with the name Policy in the package testpackage. You did not implement the class in the exercise., hasLongFeedbackText=false, reference=null, credits=0.0, positive=false, type=AUTOMATIC, visibility=ALWAYS, testCase=TestCaseDTO[testName=null, id=40]], FeedbackDTO[id=95, text=null, detailText=The exercise expects a class with the name SortStrategy in the package testpackage. You did not implement the class in the exercise., hasLongFeedbackText=false, reference=null, credits=0.0, positive=false, type=AUTOMATIC, visibility=ALWAYS, testCase=TestCaseDTO[testName=null, id=41]], FeedbackDTO[id=96, text=null, detailText=The class 'MergeSort' does not implement the interface 'SortStrategy' as expected. Implement the interface and its methods., hasLongFeedbackText=false, reference=null, credits=0.0, positive=false, type=AUTOMATIC, visibility=ALWAYS, testCase=TestCaseDTO[testName=null, id=36]], FeedbackDTO[id=97, text=null, detailText=The exercise expects a class with the name SortStrategy in the package testpackage. You did not implement the class in the exercise., hasLongFeedbackText=false, reference=null, credits=0.0, positive=false, type=AUTOMATIC, visibility=ALWAYS, testCase=TestCaseDTO[testName=null, id=33]], FeedbackDTO[id=98, text=null, detailText=The class 'BubbleSort' does not implement the interface 'SortStrategy' as expected. Implement the interface and its methods., hasLongFeedbackText=false, reference=null, credits=0.0, positive=false, type=AUTOMATIC, visibility=ALWAYS, testCase=TestCaseDTO[testName=null, id=37]], FeedbackDTO[id=99, text=null, detailText=MergeSort does not sort correctly, hasLongFeedbackText=false, reference=null, credits=0.0, positive=false, type=AUTOMATIC, visibility=ALWAYS, testCase=TestCaseDTO[testName=null, id=42]], FeedbackDTO[id=100, text=null, detailText=The class 'Context' was not found within the submission. Make sure to implement it properly., hasLongFeedbackText=false, reference=null, credits=0.0, positive=false, type=AUTOMATIC, visibility=ALWAYS, testCase=TestCaseDTO[testName=null, id=43]], FeedbackDTO[id=101, text=null, detailText=The class 'Context' was not found within the submission. Make sure to implement it properly., hasLongFeedbackText=false, reference=null, credits=0.0, positive=false, type=AUTOMATIC, visibility=ALWAYS, testCase=TestCaseDTO[testName=null, id=44]], FeedbackDTO[id=102, text=null, detailText=The exercise expects a class with the name Policy in the package testpackage. You did not implement the class in the exercise., hasLongFeedbackText=false, reference=null, credits=0.0, positive=false, type=AUTOMATIC, visibility=ALWAYS, testCase=TestCaseDTO[testName=null, id=38]], FeedbackDTO[id=103, text=null, detailText=The exercise expects a class with the name Context in the package testpackage. You did not implement the class in the exercise., hasLongFeedbackText=false, reference=null, credits=0.0, positive=false, type=AUTOMATIC, visibility=ALWAYS, testCase=TestCaseDTO[testName=null, id=34]], FeedbackDTO[id=104, text=null, detailText=The exercise expects a class with the name Policy in the package testpackage. You did not implement the class in the exercise., hasLongFeedbackText=false, reference=null, credits=0.0, positive=false, type=AUTOMATIC, visibility=ALWAYS, testCase=TestCaseDTO[testName=null, id=35]], FeedbackDTO[id=105, text=null, detailText=null, hasLongFeedbackText=false, reference=null, credits=3.230769230769231, positive=true, type=AUTOMATIC, visibility=ALWAYS, testCase=TestCaseDTO[testName=null, id=45]]], assessmentType=AUTOMATIC, hasComplaint=null, exampleResult=null, testCaseCount=13, passedTestCaseCount=1, codeIssueCount=0]], BuildJobQueueItem[id=4741739576577297, name=SHORT88A9A223023E2047B709E4A029FA08BCF2CFTSTEXC-LOCALCIINTSTUDENT1, buildAgent=BuildAgentDTO[name=artemis-build-agent-test, memberAddress=[127.0.0.1]:5703, displayName=artemis-build-agent-test], participationId=474, courseId=151, exerciseId=302, retryCount=0, priority=2, status=SUCCESSFUL, repositoryInfo=RepositoryInfo[repositoryName=short88a9a223023e2047b709e4a029fa08bcf2cftstexc-localciintstudent1, repositoryType=user, triggeredByPushTo=user, assignmentRepositoryUri=http://localhost:49152/git/SHORT88A9A223023E2047B709E4A029FA08BCF2CFTSTEXC/short88a9a223023e2047b709e4a029fa08bcf2cftstexc-localciintstudent1.git, testRepositoryUri=http://localhost:49152/git/SHORT88A9A223023E2047B709E4A029FA08BCF2CFTSTEXC/short88a9a223023e2047b709e4a029fa08bcf2cftstexc-tests.git, solutionRepositoryUri=null, auxiliaryRepositoryUris=[Ljava.lang.String;@3a4e944a, auxiliaryRepositoryCheckoutDirectories=[Ljava.lang.String;@2dbfe536], jobTimingInfo=JobTimingInfo[submissionDate=2025-02-14T23:42:57.297342281Z[Etc/UTC], buildStartDate=2025-02-14T23:42:57.308570327Z[Etc/UTC], buildCompletionDate=2025-02-14T23:42:59.047616654Z[Etc/UTC], estimatedCompletionDate=2025-02-14T23:43:16.308558064Z[Etc/UTC], estimatedDuration=19], buildConfig=BuildConfig[buildScript=#!/bin/bash
cd /var/tmp/testing-dir
chmod +x ./gradlew
./gradlew clean test
, dockerImage=dummy-docker-image:latest, commitHashToBuild=736cbea1e46d6849b41266b2bf1cccd3b9ea55b1, assignmentCommitHash=736cbea1e46d6849b41266b2bf1cccd3b9ea55b1, testCommitHash=ea6267edd396a304305339b036512b63e0374c66, branch=main, programmingLanguage=JAVA, projectType=PLAIN_GRADLE, scaEnabled=false, sequentialTestRunsEnabled=false, resultPaths=[/var/tmp/testing-dir/**/test-results/test/*.xml], timeoutSeconds=0, assignmentCheckoutPath=null, testCheckoutPath=null, solutionCheckoutPath=null, dockerRunConfig=null], submissionResult=ResultDTO[id=135, completionDate=2025-02-14T23:42:59.014168821Z[Etc/UTC], successful=false, score=7.7, rated=true, submission=SubmissionDTO[id=123, submitted=true, type=MANUAL, exampleSubmission=null, submissionDate=2025-02-14T23:42:57.278471Z, commitHash=736cbea1e46d6849b41266b2bf1cccd3b9ea55b1, buildFailed=false, buildArtifact=false, participation=ParticipationDTO[id=474, testRun=false, type=programming, submissionCount=null, exercise=ParticipationExerciseDTO[id=302, exerciseType=PROGRAMMING, type=programming, assessmentType=AUTOMATIC, dueDate=2025-02-16T23:42:56.796251Z, assessmentDueDate=null, maxPoints=42.0, course=CourseDTO[id=151, accuracyOfScores=1]]], submissionExerciseType=programming, isProcessing=false, buildStartDate=null, estimatedCompletionDate=null], participation=ParticipationDTO[id=474, testRun=false, type=programming, submissionCount=null, exercise=ParticipationExerciseDTO[id=302, exerciseType=PROGRAMMING, type=programming, assessmentType=AUTOMATIC, dueDate=2025-02-16T23:42:56.796251Z, assessmentDueDate=null, maxPoints=42.0, course=CourseDTO[id=151, accuracyOfScores=1]]], feedbacks=[FeedbackDTO[id=106, text=null, detailText=The exercise expects a class with the name Context in the package testpackage. You did not implement the class in the exercise., hasLongFeedbackText=false, reference=null, credits=0.0, positive=false, type=AUTOMATIC, visibility=ALWAYS, testCase=TestCaseDTO[testName=null, id=65]], FeedbackDTO[id=107, text=null, detailText=The exercise expects a class with the name Policy in the package testpackage. You did not implement the class in the exercise., hasLongFeedbackText=false, reference=null, credits=0.0, positive=false, type=AUTOMATIC, visibility=ALWAYS, testCase=TestCaseDTO[testName=null, id=66]], FeedbackDTO[id=108, text=null, detailText=The exercise expects a class with the name SortStrategy in the package testpackage. You did not implement the class in the exercise., hasLongFeedbackText=false, reference=null, credits=0.0, positive=false, type=AUTOMATIC, visibility=ALWAYS, testCase=TestCaseDTO[testName=null, id=67]], FeedbackDTO[id=109, text=null, detailText=The class 'MergeSort' does not implement the interface 'SortStrategy' as expected. Implement the interface and its methods., hasLongFeedbackText=false, reference=null, credits=0.0, positive=false, type=AUTOMATIC, visibility=ALWAYS, testCase=TestCaseDTO[testName=null, id=62]], FeedbackDTO[id=110, text=null, detailText=The exercise expects a class with the name SortStrategy in the package testpackage. You did not implement the class in the exercise., hasLongFeedbackText=false, reference=null, credits=0.0, positive=false, type=AUTOMATIC, visibility=ALWAYS, testCase=TestCaseDTO[testName=null, id=59]], FeedbackDTO[id=111, text=null, detailText=The class 'BubbleSort' does not implement the interface 'SortStrategy' as expected. Implement the interface and its methods., hasLongFeedbackText=false, reference=null, credits=0.0, positive=false, type=AUTOMATIC, visibility=ALWAYS, testCase=TestCaseDTO[testName=null, id=63]], FeedbackDTO[id=112, text=null, detailText=MergeSort does not sort correctly, hasLongFeedbackText=false, reference=null, credits=0.0, positive=false, type=AUTOMATIC, visibility=ALWAYS, testCase=TestCaseDTO[testName=null, id=68]], FeedbackDTO[id=113, text=null, detailText=The class 'Context' was not found within the submission. Make sure to implement it properly., hasLongFeedbackText=false, reference=null, credits=0.0, positive=false, type=AUTOMATIC, visibility=ALWAYS, testCase=TestCaseDTO[testName=null, id=69]], FeedbackDTO[id=114, text=null, detailText=The class 'Context' was not found within the submission. Make sure to implement it properly., hasLongFeedbackText=false, reference=null, credits=0.0, positive=false, type=AUTOMATIC, visibility=ALWAYS, testCase=TestCaseDTO[testName=null, id=70]], FeedbackDTO[id=115, text=null, detailText=The exercise expects a class with the name Policy in the package testpackage. You did not implement the class in the exercise., hasLongFeedbackText=false, reference=null, credits=0.0, positive=false, type=AUTOMATIC, visibility=ALWAYS, testCase=TestCaseDTO[testName=null, id=64]], FeedbackDTO[id=116, text=null, detailText=The exercise expects a class with the name Context in the package testpackage. You did not implement the class in the exercise., hasLongFeedbackText=false, reference=null, credits=0.0, positive=false, type=AUTOMATIC, visibility=ALWAYS, testCase=TestCaseDTO[testName=null, id=60]], FeedbackDTO[id=117, text=null, detailText=The exercise expects a class with the name Policy in the package testpackage. You did not implement the class in the exercise., hasLongFeedbackText=false, reference=null, credits=0.0, positive=false, type=AUTOMATIC, visibility=ALWAYS, testCase=TestCaseDTO[testName=null, id=61]], FeedbackDTO[id=118, text=null, detailText=null, hasLongFeedbackText=false, reference=null, credits=3.230769230769231, positive=true, type=AUTOMATIC, visibility=ALWAYS, testCase=TestCaseDTO[testName=null, id=71]]], assessmentType=AUTOMATIC, hasComplaint=null, exampleResult=null, testCaseCount=13, passedTestCaseCount=1, codeIssueCount=0]], BuildJobQueueItem[id=4771739576580898, name=SHORT51E611E30D6B60466F0B8BA0AA97F58888C2TSTEXC-LOCALCIINTSTUDENT1, buildAgent=BuildAgentDTO[name=artemis-build-agent-test, memberAddress=[127.0.0.1]:5703, displayName=artemis-build-agent-test], participationId=477, courseId=152, exerciseId=303, retryCount=0, priority=2, status=SUCCESSFUL, repositoryInfo=RepositoryInfo[repositoryName=short51e611e30d6b60466f0b8ba0aa97f58888c2tstexc-localciintstudent1, repositoryType=user, triggeredByPushTo=user, assignmentRepositoryUri=http://localhost:49152/git/SHORT51E611E30D6B60466F0B8BA0AA97F58888C2TSTEXC/short51e611e30d6b60466f0b8ba0aa97f58888c2tstexc-localciintstudent1.git, testRepositoryUri=http://localhost:49152/git/SHORT51E611E30D6B60466F0B8BA0AA97F58888C2TSTEXC/short51e611e30d6b60466f0b8ba0aa97f58888c2tstexc-tests.git, solutionRepositoryUri=null, auxiliaryRepositoryUris=[Ljava.lang.String;@5636e982, auxiliaryRepositoryCheckoutDirectories=[Ljava.lang.String;@6ca98922], jobTimingInfo=JobTimingInfo[submissionDate=2025-02-14T23:43:00.898532688Z[Etc/UTC], buildStartDate=2025-02-14T23:43:00.905733056Z[Etc/UTC], buildCompletionDate=2025-02-14T23:43:02.692768910Z[Etc/UTC], estimatedCompletionDate=2025-02-14T23:43:19.905720463Z[Etc/UTC], estimatedDuration=19], buildConfig=BuildConfig[buildScript=#!/bin/bash
cd /var/tmp/testing-dir
chmod +x ./gradlew
./gradlew clean test
, dockerImage=dummy-docker-image:latest, commitHashToBuild=8f3057cbd462f5e3de4e6ba85115f60d8dbb5aea, assignmentCommitHash=8f3057cbd462f5e3de4e6ba85115f60d8dbb5aea, testCommitHash=8f3057cbd462f5e3de4e6ba85115f60d8dbb5aea, branch=main, programmingLanguage=JAVA, projectType=PLAIN_GRADLE, scaEnabled=true, sequentialTestRunsEnabled=false, resultPaths=[/var/tmp/testing-dir/**/test-results/test/*.xml], timeoutSeconds=0, assignmentCheckoutPath=null, testCheckoutPath=null, solutionCheckoutPath=null, dockerRunConfig=null], submissionResult=ResultDTO[id=136, completionDate=2025-02-14T23:43:02.637820510Z[Etc/UTC], successful=false, score=7.7, rated=true, submission=SubmissionDTO[id=124, submitted=true, type=MANUAL, exampleSubmission=null, submissionDate=2025-02-14T23:43:00.886601Z, commitHash=8f3057cbd462f5e3de4e6ba85115f60d8dbb5aea, buildFailed=false, buildArtifact=false, participation=ParticipationDTO[id=477, testRun=false, type=programming, submissionCount=null, exercise=ParticipationExerciseDTO[id=303, exerciseType=PROGRAMMING, type=programming, assessmentType=AUTOMATIC, dueDate=2025-02-16T23:43:00.631824Z, assessmentDueDate=null, maxPoints=42.0, course=CourseDTO[id=152, accuracyOfScores=1]]], submissionExerciseType=programming, isProcessing=false, buildStartDate=null, estimatedCompletionDate=null], participation=ParticipationDTO[id=477, testRun=false, type=programming, submissionCount=null, exercise=ParticipationExerciseDTO[id=303, exerciseType=PROGRAMMING, type=programming, assessmentType=AUTOMATIC, dueDate=2025-02-16T23:43:00.631824Z, assessmentDueDate=null, maxPoints=42.0, course=CourseDTO[id=152, accuracyOfScores=1]]], feedbacks=[FeedbackDTO[id=119, text=null, detailText=The exercise expects a class with the name Context in the package testpackage. You did not implement the class in the exercise., hasLongFeedbackText=false, reference=null, credits=0.0, positive=false, type=AUTOMATIC, visibility=ALWAYS, testCase=TestCaseDTO[testName=null, id=78]], FeedbackDTO[id=120, text=null, detailText=The exercise expects a class with the name Policy in the package testpackage. You did not implement the class in the exercise., hasLongFeedbackText=false, reference=null, credits=0.0, positive=false, type=AUTOMATIC, visibility=ALWAYS, testCase=TestCaseDTO[testName=null, id=79]], FeedbackDTO[id=121, text=null, detailText=The exercise expects a class with the name SortStrategy in the package testpackage. You did not implement the class in the exercise., hasLongFeedbackText=false, reference=null, credits=0.0, positive=false, type=AUTOMATIC, visibility=ALWAYS, testCase=TestCaseDTO[testName=null, id=80]], FeedbackDTO[id=122, text=null, detailText=The class 'MergeSort' does not implement the interface 'SortStrategy' as expected. Implement the interface and its methods., hasLongFeedbackText=false, reference=null, credits=0.0, positive=false, type=AUTOMATIC, visibility=ALWAYS, testCase=TestCaseDTO[testName=null, id=75]], FeedbackDTO[id=123, text=null, detailText=The exercise expects a class with the name SortStrategy in the package testpackage. You did not implement the class in the exercise., hasLongFeedbackText=false, reference=null, credits=0.0, positive=false, type=AUTOMATIC, visibility=ALWAYS, testCase=TestCaseDTO[testName=null, id=72]], FeedbackDTO[id=124, text=null, detailText=The class 'BubbleSort' does not implement the interface 'SortStrategy' as expected. Implement the interface and its methods., hasLongFeedbackText=false, reference=null, credits=0.0, positive=false, type=AUTOMATIC, visibility=ALWAYS, testCase=TestCaseDTO[testName=null, id=76]], FeedbackDTO[id=125, text=null, detailText=MergeSort does not sort correctly, hasLongFeedbackText=false, reference=null, credits=0.0, positive=false, type=AUTOMATIC, visibility=ALWAYS, testCase=TestCaseDTO[testName=null, id=81]], FeedbackDTO[id=126, text=null, detailText=The class 'Context' was not found within the submission. Make sure to implement it properly., hasLongFeedbackText=false, reference=null, credits=0.0, positive=false, type=AUTOMATIC, visibility=ALWAYS, testCase=TestCaseDTO[testName=null, id=82]], FeedbackDTO[id=127, text=null, detailText=The class 'Context' was not found within the submission. Make sure to implement it properly., hasLongFeedbackText=false, reference=null, credits=0.0, positive=false, type=AUTOMATIC, visibility=ALWAYS, testCase=TestCaseDTO[testName=null, id=83]], FeedbackDTO[id=128, text=null, detailText=The exercise expects a class with the name Policy in the package testpackage. You did not implement the class in the exercise., hasLongFeedbackText=false, reference=null, credits=0.0, positive=false, type=AUTOMATIC, visibility=ALWAYS, testCase=TestCaseDTO[testName=null, id=77]], FeedbackDTO[id=129, text=null, detailText=The exercise expects a class with the name Context in the package testpackage. You did not implement the class in the exercise., hasLongFeedbackText=false, reference=null, credits=0.0, positive=false, type=AUTOMATIC, visibility=ALWAYS, testCase=TestCaseDTO[testName=null, id=73]], FeedbackDTO[id=130, text=null, detailText=The exercise expects a class with the name Policy in the package testpackage. You did not implement the class in the exercise., hasLongFeedbackText=false, reference=null, credits=0.0, positive=false, type=AUTOMATIC, visibility=ALWAYS, testCase=TestCaseDTO[testName=null, id=74]], FeedbackDTO[id=131, text=null, detailText=null, hasLongFeedbackText=false, reference=null, credits=3.230769230769231, positive=true, type=AUTOMATIC, visibility=ALWAYS, testCase=TestCaseDTO[testName=null, id=84]], FeedbackDTO[id=132, text=SCAFeedbackIdentifier:Bad Practice, detailText={"filePath":"src/code/Client.java","startLine":6,"endLine":6,"startColumn":1,"endColumn":26,"rule":"UnusedImports","category":"Best Practices","message":"Avoid unused imports such as 'javax.swing.JFrame'","priority":"4"}, hasLongFeedbackText=false, reference=PMD, credits=0.0, positive=false, type=AUTOMATIC, visibility=null, testCase=null], FeedbackDTO[id=133, text=SCAFeedbackIdentifier:Code Style, detailText={"filePath":"src/code/Client.java","startLine":7,"endLine":7,"startColumn":1,"endColumn":19,"rule":"DontImportJavaLang","category":"Code Style","message":"Avoid importing anything from the package java.lang","priority":"4"}, hasLongFeedbackText=false, reference=PMD, credits=0.0, positive=false, type=AUTOMATIC, visibility=null, testCase=null], FeedbackDTO[id=134, text=SCAFeedbackIdentifier:Bad Practice, detailText={"filePath":"src/code/Client.java","startLine":7,"endLine":7,"startColumn":1,"endColumn":19,"rule":"UnusedImports","category":"Best Practices","message":"Avoid unused imports such as 'java.lang'","priority":"4"}, hasLongFeedbackText=false, reference=PMD, credits=0.0, positive=false, type=AUTOMATIC, visibility=null, testCase=null], FeedbackDTO[id=135, text=SCAFeedbackIdentifier:Bad Practice, detailText={"filePath":"src/code/Client.java","startLine":73,"endLine":73,"startColumn":18,"endColumn":27,"rule":"UnusedLocalVariable","category":"Best Practices","message":"Avoid unused local variables such as 'randomDate'.","priority":"3"}, hasLongFeedbackText=false, reference=PMD, credits=0.0, positive=false, type=AUTOMATIC, visibility=null, testCase=null], FeedbackDTO[id=136, text=SCAFeedbackIdentifier:Bad Practice, detailText={"filePath":"src/code/Client.java","startLine":81,"endLine":81,"startColumn":31,"endColumn":53,"rule":"UnusedPrivateMethod","category":"Best Practices","message":"Avoid unused private methods such as 'CreateRandomDatesList()'.","priority":"3"}, hasLongFeedbackText=false, reference=PMD, credits=0.0, positive=false, type=AUTOMATIC, visibility=null, testCase=null], FeedbackDTO[id=137, text=SCAFeedbackIdentifier:Potential Bugs, detailText={"filePath":"src/code/Client.java","startLine":94,"endLine":94,"startColumn":9,"endColumn":9,"rule":"EmptyStatementNotInLoop","category":"Error Prone","message":"An empty statement (semicolon) not part of a loop","priority":"3"}, hasLongFeedbackText=false, reference=PMD, credits=0.0, positive=false, type=AUTOMATIC, visibility=null, testCase=null], FeedbackDTO[id=138, text=SCAFeedbackIdentifier:Potential Bugs, detailText={"filePath":"src/code/Client.java","startLine":94,"endLine":94,"startColumn":10,"endColumn":10,"rule":"EmptyStatementNotInLoop","category":"Error Prone","message":"An empty statement (semicolon) not part of a loop","priority":"3"}, hasLongFeedbackText=false, reference=PMD, credits=0.0, positive=false, type=AUTOMATIC, visibility=null, testCase=null], FeedbackDTO[id=139, text=SCAFeedbackIdentifier:Potential Bugs, detailText={"filePath":"src/code/Client.java","startLine":94,"endLine":94,"startColumn":11,"endColumn":11,"rule":"EmptyStatementNotInLoop","category":"Error Prone","message":"An empty statement (semicolon) not part of a loop","priority":"3"}, hasLongFeedbackText=false, reference=PMD, credits=0.0, positive=false, type=AUTOMATIC, visibility=null, testCase=null], FeedbackDTO[id=140, text=SCAFeedbackIdentifier:Code Style, detailText={"filePath":"src/code/Client.java","startLine":73,"endLine":73,"rule":"DLS_DEAD_LOCAL_STORE","category":"STYLE","message":"Dead store to randomDate in code.Client.createRandomDatesList()","priority":"2"}, hasLongFeedbackText=false, reference=SPOTBUGS, credits=0.0, positive=false, type=AUTOMATIC, visibility=null, testCase=null], FeedbackDTO[id=141, text=SCAFeedbackIdentifier:Bad Practice, detailText={"filePath":"src/code/Client.java","startLine":82,"endLine":95,"rule":"NM_METHOD_NAMING_CONVENTION","category":"BAD_PRACTICE","message":"The method name code.Client.CreateRandomDatesList() doesn't start with a lower case letter","priority":"3"}, hasLongFeedbackText=false, reference=SPOTBUGS, credits=0.0, positive=false, type=AUTOMATIC, visibility=null, testCase=null], FeedbackDTO[id=142, text=SCAFeedbackIdentifier:Performance, detailText={"filePath":"src/code/Client.java","startLine":82,"endLine":95,"rule":"UPM_UNCALLED_PRIVATE_METHOD","category":"PERFORMANCE","message":"Private method code.Client.CreateRandomDatesList() is never called","priority":"2"}, hasLongFeedbackText=false, reference=SPOTBUGS, credits=0.0, positive=false, type=AUTOMATIC, visibility=null, testCase=null], FeedbackDTO[id=143, text=SCAFeedbackIdentifier:Code Style, detailText={"filePath":"src/code/Client.java","startLine":70,"endLine":70,"startColumn":9,"endColumn":9,"rule":"NeedBracesCheck","category":"blocks","message":"'for' construct must use '{}'s.","priority":"error"}, hasLongFeedbackText=false, reference=CHECKSTYLE, credits=0.0, positive=false, type=AUTOMATIC, visibility=null, testCase=null], FeedbackDTO[id=144, text=SCAFeedbackIdentifier:Code Style, detailText={"filePath":"src/code/Client.java","startLine":93,"endLine":93,"startColumn":9,"endColumn":9,"rule":"EmptyStatementCheck","category":"coding","message":"Empty statement.","priority":"error"}, hasLongFeedbackText=false, reference=CHECKSTYLE, credits=0.0, positive=false, type=AUTOMATIC, visibility=null, testCase=null], FeedbackDTO[id=145, text=SCAFeedbackIdentifier:Code Style, detailText={"filePath":"src/code/Client.java","startLine":93,"endLine":93,"startColumn":10,"endColumn":10,"rule":"EmptyStatementCheck","category":"coding","message":"Empty statement.","priority":"error"}, hasLongFeedbackText=false, reference=CHECKSTYLE, credits=0.0, positive=false, type=AUTOMATIC, visibility=null, testCase=null], FeedbackDTO[id=146, text=SCAFeedbackIdentifier:Code Style, detailText={"filePath":"src/code/Client.java","startLine":93,"endLine":93,"startColumn":11,"endColumn":11,"rule":"EmptyStatementCheck","category":"coding","message":"Empty statement.","priority":"error"}, hasLongFeedbackText=false, reference=CHECKSTYLE, credits=0.0, positive=false, type=AUTOMATIC, visibility=null, testCase=null]], assessmentType=AUTOMATIC, hasComplaint=null, exampleResult=null, testCaseCount=13, passedTestCaseCount=1, codeIssueCount=15]], BuildJobQueueItem[id=4821739576584632, name=SHORT433BAC4500363044960B6E10DFA0493471B2TSTEXC-LOCALCIINTSTUDENT1, buildAgent=BuildAgentDTO[name=artemis-build-agent-test, memberAddress=[127.0.0.1]:5703, displayName=artemis-build-agent-test], participationId=482, courseId=154, exerciseId=305, retryCount=0, priority=2, status=SUCCESSFUL, repositoryInfo=RepositoryInfo[repositoryName=short433bac4500363044960b6e10dfa0493471b2tstexc-localciintstudent1, repositoryType=user, triggeredByPushTo=user, assignmentRepositoryUri=http://localhost:49152/git/SHORT433BAC4500363044960B6E10DFA0493471B2TSTEXC/short433bac4500363044960b6e10dfa0493471b2tstexc-localciintstudent1.git, testRepositoryUri=http://localhost:49152/git/SHORT433BAC4500363044960B6E10DFA0493471B2TSTEXC/short433bac4500363044960b6e10dfa0493471b2tstexc-tests.git, solutionRepositoryUri=null, auxiliaryRepositoryUris=[Ljava.lang.String;@220bbc39, auxiliaryRepositoryCheckoutDirectories=[Ljava.lang.String;@704f6b1b], jobTimingInfo=JobTimingInfo[submissionDate=2025-02-14T23:43:04.632341258Z[Etc/UTC], buildStartDate=2025-02-14T23:43:04.637633457Z[Etc/UTC], buildCompletionDate=2025-02-14T23:43:06.421238953Z[Etc/UTC], estimatedCompletionDate=2025-02-14T23:43:23.637623879Z[Etc/UTC], estimatedDuration=19], buildConfig=BuildConfig[buildScript=#!/bin/bash
cd /var/tmp/testing-dir
chmod +x ./gradlew
./gradlew clean test
, dockerImage=dummy-docker-image:latest, commitHashToBuild=8355c4f3cd5d3e0443707d3310206e460e333c6f, assignmentCommitHash=8355c4f3cd5d3e0443707d3310206e460e333c6f, testCommitHash=8355c4f3cd5d3e0443707d3310206e460e333c6f, branch=main, programmingLanguage=JAVA, projectType=PLAIN_GRADLE, scaEnabled=false, sequentialTestRunsEnabled=false, resultPaths=[/var/tmp/testing-dir/**/test-results/test/*.xml], timeoutSeconds=0, assignmentCheckoutPath=null, testCheckoutPath=null, solutionCheckoutPath=null, dockerRunConfig=null], submissionResult=ResultDTO[id=137, completionDate=2025-02-14T23:43:06.404877412Z[Etc/UTC], successful=false, score=7.7, rated=true, submission=SubmissionDTO[id=125, submitted=true, type=MANUAL, exampleSubmission=null, submissionDate=2025-02-14T23:43:04.623230Z, commitHash=8355c4f3cd5d3e0443707d3310206e460e333c6f, buildFailed=false, buildArtifact=false, participation=ParticipationDTO[id=482, testRun=false, type=programming, submissionCount=null, exercise=ParticipationExerciseDTO[id=305, exerciseType=PROGRAMMING, type=programming, assessmentType=AUTOMATIC, dueDate=2025-02-16T23:43:04.425734Z, assessmentDueDate=null, maxPoints=42.0, course=CourseDTO[id=154, accuracyOfScores=1]]], submissionExerciseType=programming, isProcessing=false, buildStartDate=null, estimatedCompletionDate=null], participation=ParticipationDTO[id=482, testRun=false, type=programming, submissionCount=null, exercise=ParticipationExerciseDTO[id=305, exerciseType=PROGRAMMING, type=programming, assessmentType=AUTOMATIC, dueDate=2025-02-16T23:43:04.425734Z, assessmentDueDate=null, maxPoints=42.0, course=CourseDTO[id=154, accuracyOfScores=1]]], feedbacks=[FeedbackDTO[id=147, text=null, detailText=The exercise expects a class with the name Context in the package testpackage. You did not implement the class in the exercise., hasLongFeedbackText=false, reference=null, credits=0.0, positive=false, type=AUTOMATIC, visibility=ALWAYS, testCase=TestCaseDTO[testName=null, id=104]], FeedbackDTO[id=148, text=null, detailText=The exercise expects a class with the name Policy in the package testpackage. You did not implement the class in the exercise., hasLongFeedbackText=false, reference=null, credits=0.0, positive=false, type=AUTOMATIC, visibility=ALWAYS, testCase=TestCaseDTO[testName=null, id=105]], FeedbackDTO[id=149, text=null, detailText=The exercise expects a class with the name SortStrategy in the package testpackage. You did not implement the class in the exercise., hasLongFeedbackText=false, reference=null, credits=0.0, positive=false, type=AUTOMATIC, visibility=ALWAYS, testCase=TestCaseDTO[testName=null, id=106]], FeedbackDTO[id=150, text=null, detailText=The class 'MergeSort' does not implement the interface 'SortStrategy' as expected. Implement the interface and its methods., hasLongFeedbackText=false, reference=null, credits=0.0, positive=false, type=AUTOMATIC, visibility=ALWAYS, testCase=TestCaseDTO[testName=null, id=101]], FeedbackDTO[id=151, text=null, detailText=The exercise expects a class with the name SortStrategy in the package testpackage. You did not implement the class in the exercise., hasLongFeedbackText=false, reference=null, credits=0.0, positive=false, type=AUTOMATIC, visibility=ALWAYS, testCase=TestCaseDTO[testName=null, id=98]], FeedbackDTO[id=152, text=null, detailText=The class 'BubbleSort' does not implement the interface 'SortStrategy' as expected. Implement the interface and its methods., hasLongFeedbackText=false, reference=null, credits=0.0, positive=false, type=AUTOMATIC, visibility=ALWAYS, testCase=TestCaseDTO[testName=null, id=102]], FeedbackDTO[id=153, text=null, detailText=MergeSort does not sort correctly, hasLongFeedbackText=false, reference=null, credits=0.0, positive=false, type=AUTOMATIC, visibility=ALWAYS, testCase=TestCaseDTO[testName=null, id=107]], FeedbackDTO[id=154, text=null, detailText=The class 'Context' was not found within the submission. Make sure to implement it properly., hasLongFeedbackText=false, reference=null, credits=0.0, positive=false, type=AUTOMATIC, visibility=ALWAYS, testCase=TestCaseDTO[testName=null, id=108]], FeedbackDTO[id=155, text=null, detailText=The class 'Context' was not found within the submission. Make sure to implement it properly., hasLongFeedbackText=false, reference=null, credits=0.0, positive=false, type=AUTOMATIC, visibility=ALWAYS, testCase=TestCaseDTO[testName=null, id=109]], FeedbackDTO[id=156, text=null, detailText=The exercise expects a class with the name Policy in the package testpackage. You did not implement the class in the exercise., hasLongFeedbackText=false, reference=null, credits=0.0, positive=false, type=AUTOMATIC, visibility=ALWAYS, testCase=TestCaseDTO[testName=null, id=103]], FeedbackDTO[id=157, text=null, detailText=The exercise expects a class with the name Context in the package testpackage. You did not implement the class in the exercise., hasLongFeedbackText=false, reference=null, credits=0.0, positive=false, type=AUTOMATIC, visibility=ALWAYS, testCase=TestCaseDTO[testName=null, id=99]], FeedbackDTO[id=158, text=null, detailText=The exercise expects a class with the name Policy in the package testpackage. You did not implement the class in the exercise., hasLongFeedbackText=false, reference=null, credits=0.0, positive=false, type=AUTOMATIC, visibility=ALWAYS, testCase=TestCaseDTO[testName=null, id=100]], FeedbackDTO[id=159, text=null, detailText=null, hasLongFeedbackText=false, reference=null, credits=3.230769230769231, positive=true, type=AUTOMATIC, visibility=ALWAYS, testCase=TestCaseDTO[testName=null, id=110]]], assessmentType=AUTOMATIC, hasComplaint=null, exampleResult=null, testCaseCount=13, passedTestCaseCount=1, codeIssueCount=0]], BuildJobQueueItem[id=4851739576588371, name=SHORT495D587A0856D04A9E08BC60D2E08365FB9ETSTEXC-LOCALCIINTSTUDENT1, buildAgent=BuildAgentDTO[name=artemis-build-agent-test, memberAddress=[127.0.0.1]:5703, displayName=artemis-build-agent-test], participationId=485, courseId=155, exerciseId=306, retryCount=0, priority=2, status=FAILED, repositoryInfo=RepositoryInfo[repositoryName=short495d587a0856d04a9e08bc60d2e08365fb9etstexc-localciintstudent1, repositoryType=user, triggeredByPushTo=user, assignmentRepositoryUri=http://localhost:49152/git/SHORT495D587A0856D04A9E08BC60D2E08365FB9ETSTEXC/short495d587a0856d04a9e08bc60d2e08365fb9etstexc-localciintstudent1.git, testRepositoryUri=http://localhost:49152/git/SHORT495D587A0856D04A9E08BC60D2E08365FB9ETSTEXC/short495d587a0856d04a9e08bc60d2e08365fb9etstexc-tests.git, solutionRepositoryUri=null, auxiliaryRepositoryUris=[Ljava.lang.String;@11d4e669, auxiliaryRepositoryCheckoutDirectories=[Ljava.lang.String;@31948de8], jobTimingInfo=JobTimingInfo[submissionDate=2025-02-14T23:43:08.371015915Z[Etc/UTC], buildStartDate=2025-02-14T23:43:08.374658929Z[Etc/UTC], buildCompletionDate=2025-02-14T23:43:09.341007666Z[Etc/UTC], estimatedCompletionDate=2025-02-14T23:43:27.374650503Z[Etc/UTC], estimatedDuration=19], buildConfig=BuildConfig[buildScript=#!/bin/bash
cd /var/tmp/testing-dir
chmod +x ./gradlew
./gradlew clean test
, dockerImage=dummy-docker-image:latest, commitHashToBuild=ebb8aa4dc3625fe07e975266e18313ad871ce864, assignmentCommitHash=9b3a9bd71a0d80e5bbc42204c319ed3d1d4f0d6d, testCommitHash=9b3a9bd71a0d80e5bbc42204c319ed3d1d4f0d6d, branch=main, programmingLanguage=JAVA, projectType=PLAIN_GRADLE, scaEnabled=false, sequentialTestRunsEnabled=false, resultPaths=[/var/tmp/testing-dir/**/test-results/test/*.xml], timeoutSeconds=0, assignmentCheckoutPath=null, testCheckoutPath=null, solutionCheckoutPath=null, dockerRunConfig=null], submissionResult=ResultDTO[id=138, completionDate=2025-02-14T23:43:09.343306574Z[Etc/UTC], successful=false, score=0.0, rated=true, submission=SubmissionDTO[id=127, submitted=true, type=MANUAL, exampleSubmission=null, submissionDate=2025-02-14T23:43:09.343306574Z[Etc/UTC], commitHash=9b3a9bd71a0d80e5bbc42204c319ed3d1d4f0d6d, buildFailed=true, buildArtifact=false, participation=ParticipationDTO[id=485, testRun=false, type=programming, submissionCount=null, exercise=ParticipationExerciseDTO[id=306, exerciseType=PROGRAMMING, type=programming, assessmentType=AUTOMATIC, dueDate=2025-02-16T23:43:08.185273Z, assessmentDueDate=null, maxPoints=42.0, course=CourseDTO[id=155, accuracyOfScores=1]]], submissionExerciseType=programming, isProcessing=false, buildStartDate=null, estimatedCompletionDate=null], participation=ParticipationDTO[id=485, testRun=false, type=programming, submissionCount=null, exercise=ParticipationExerciseDTO[id=306, exerciseType=PROGRAMMING, type=programming, assessmentType=AUTOMATIC, dueDate=2025-02-16T23:43:08.185273Z, assessmentDueDate=null, maxPoints=42.0, course=CourseDTO[id=155, accuracyOfScores=1]]], feedbacks=[], assessmentType=AUTOMATIC, hasComplaint=null, exampleResult=null, testCaseCount=0, passedTestCaseCount=0, codeIssueCount=0]], BuildJobQueueItem[id=4881739576590204, name=SHORT80B5DD0E0D6B304EBB096E9020B949996A1CTSTEXC-LOCALCIINTSTUDENT1, buildAgent=BuildAgentDTO[name=artemis-build-agent-test, memberAddress=[127.0.0.1]:5703, displayName=artemis-build-agent-test], participationId=488, courseId=156, exerciseId=307, retryCount=0, priority=2, status=SUCCESSFUL, repositoryInfo=RepositoryInfo[repositoryName=short80b5dd0e0d6b304ebb096e9020b949996a1ctstexc-localciintstudent1, repositoryType=user, triggeredByPushTo=user, assignmentRepositoryUri=http://localhost:49152/git/SHORT80B5DD0E0D6B304EBB096E9020B949996A1CTSTEXC/short80b5dd0e0d6b304ebb096e9020b949996a1ctstexc-localciintstudent1.git, testRepositoryUri=http://localhost:49152/git/SHORT80B5DD0E0D6B304EBB096E9020B949996A1CTSTEXC/short80b5dd0e0d6b304ebb096e9020b949996a1ctstexc-tests.git, solutionRepositoryUri=null, auxiliaryRepositoryUris=[Ljava.lang.String;@4e811597, auxiliaryRepositoryCheckoutDirectories=[Ljava.lang.String;@459da8ef], jobTimingInfo=JobTimingInfo[submissionDate=2025-02-14T23:43:10.204264160Z[Etc/UTC], buildStartDate=2025-02-14T23:43:10.223149139Z[Etc/UTC], buildCompletionDate=2025-02-14T23:43:12.086509109Z[Etc/UTC], estimatedCompletionDate=2025-02-14T23:43:29.223142246Z[Etc/UTC], estimatedDuration=19], buildConfig=BuildConfig[buildScript=#!/bin/bash
cd /var/tmp/testing-dir
chmod +x ./gradlew
./gradlew clean test
, dockerImage=dummy-docker-image:latest, commitHashToBuild=b806a93102242552beed7c01b08b2769731814b3, assignmentCommitHash=b806a93102242552beed7c01b08b2769731814b3, testCommitHash=b806a93102242552beed7c01b08b2769731814b3, branch=main, programmingLanguage=JAVA, projectType=PLAIN_GRADLE, scaEnabled=false, sequentialTestRunsEnabled=false, resultPaths=[/var/tmp/testing-dir/**/test-results/test/*.xml], timeoutSeconds=0, assignmentCheckoutPath=null, testCheckoutPath=null, solutionCheckoutPath=null, dockerRunConfig=null], submissionResult=ResultDTO[id=139, completionDate=2025-02-14T23:43:12.066436124Z[Etc/UTC], successful=false, score=0.0, rated=true, submission=SubmissionDTO[id=128, submitted=true, type=MANUAL, exampleSubmission=null, submissionDate=2025-02-14T23:43:10.192407Z, commitHash=b806a93102242552beed7c01b08b2769731814b3, buildFailed=true, buildArtifact=false, participation=ParticipationDTO[id=488, testRun=false, type=programming, submissionCount=null, exercise=ParticipationExerciseDTO[id=307, exerciseType=PROGRAMMING, type=programming, assessmentType=AUTOMATIC, dueDate=2025-02-16T23:43:09.986646Z, assessmentDueDate=null, maxPoints=42.0, course=CourseDTO[id=156, accuracyOfScores=1]]], submissionExerciseType=programming, isProcessing=false, buildStartDate=null, estimatedCompletionDate=null], participation=ParticipationDTO[id=488, testRun=false, type=programming, submissionCount=null, exercise=ParticipationExerciseDTO[id=307, exerciseType=PROGRAMMING, type=programming, assessmentType=AUTOMATIC, dueDate=2025-02-16T23:43:09.986646Z, assessmentDueDate=null, maxPoints=42.0, course=CourseDTO[id=156, accuracyOfScores=1]]], feedbacks=[], assessmentType=AUTOMATIC, hasComplaint=null, exampleResult=null, testCaseCount=0, passedTestCaseCount=0, codeIssueCount=0]], BuildJobQueueItem[id=4911739576593817, name=SHORT585B2198089880462509B3007867E72DFB7ATSTEXC-LOCALCIINTSTUDENT1, buildAgent=BuildAgentDTO[name=artemis-build-agent-test, memberAddress=[127.0.0.1]:5703, displayName=artemis-build-agent-test], participationId=491, courseId=157, exerciseId=308, retryCount=0, priority=2, status=SUCCESSFUL, repositoryInfo=RepositoryInfo[repositoryName=short585b2198089880462509b3007867e72dfb7atstexc-localciintstudent1, repositoryType=user, triggeredByPushTo=user, assignmentRepositoryUri=http://localhost:49152/git/SHORT585B2198089880462509B3007867E72DFB7ATSTEXC/short585b2198089880462509b3007867e72dfb7atstexc-localciintstudent1.git, testRepositoryUri=http://localhost:49152/git/SHORT585B2198089880462509B3007867E72DFB7ATSTEXC/short585b2198089880462509b3007867e72dfb7atstexc-tests.git, solutionRepositoryUri=null, auxiliaryRepositoryUris=[Ljava.lang.String;@734cf99b, auxiliaryRepositoryCheckoutDirectories=[Ljava.lang.String;@6622d1d7], jobTimingInfo=JobTimingInfo[submissionDate=2025-02-14T23:43:13.817124706Z[Etc/UTC], buildStartDate=2025-02-14T23:43:13.834335931Z[Etc/UTC], buildCompletionDate=2025-02-14T23:43:15.746259139Z[Etc/UTC], estimatedCompletionDate=2025-02-14T23:43:32.834326082Z[Etc/UTC], estimatedDuration=19], buildConfig=BuildConfig[buildScript=#!/bin/bash
cd /var/tmp/testing-dir
chmod +x ./gradlew
./gradlew clean test
, dockerImage=dummy-docker-image:latest, commitHashToBuild=42077d078a5d5042fe2d4bd8299a990d342fce6e, assignmentCommitHash=42077d078a5d5042fe2d4bd8299a990d342fce6e, testCommitHash=42077d078a5d5042fe2d4bd8299a990d342fce6e, branch=main, programmingLanguage=JAVA, projectType=PLAIN_GRADLE, scaEnabled=false, sequentialTestRunsEnabled=false, resultPaths=[/var/tmp/testing-dir/**/test-results/test/*.xml], timeoutSeconds=0, assignmentCheckoutPath=null, testCheckoutPath=null, solutionCheckoutPath=null, dockerRunConfig=null], submissionResult=ResultDTO[id=140, completionDate=2025-02-14T23:43:15.725343914Z[Etc/UTC], successful=false, score=0.0, rated=true, submission=SubmissionDTO[id=129, submitted=true, type=MANUAL, exampleSubmission=null, submissionDate=2025-02-14T23:43:13.805401Z, commitHash=42077d078a5d5042fe2d4bd8299a990d342fce6e, buildFailed=false, buildArtifact=false, participation=ParticipationDTO[id=491, testRun=false, type=programming, submissionCount=null, exercise=ParticipationExerciseDTO[id=308, exerciseType=PROGRAMMING, type=programming, assessmentType=AUTOMATIC, dueDate=2025-02-16T23:43:13.569213Z, assessmentDueDate=null, maxPoints=42.0, course=CourseDTO[id=157, accuracyOfScores=1]]], submissionExerciseType=programming, isProcessing=false, buildStartDate=null, estimatedCompletionDate=null], participation=ParticipationDTO[id=491, testRun=false, type=programming, submissionCount=null, exercise=ParticipationExerciseDTO[id=308, exerciseType=PROGRAMMING, type=programming, assessmentType=AUTOMATIC, dueDate=2025-02-16T23:43:13.569213Z, assessmentDueDate=null, maxPoints=42.0, course=CourseDTO[id=157, accuracyOfScores=1]]], feedbacks=[FeedbackDTO[id=160, text=null, detailText=Deine Einreichung enthält keine Ausgabe. (67cac2), hasLongFeedbackText=false, reference=null, credits=0.0, positive=false, type=AUTOMATIC, visibility=ALWAYS, testCase=TestCaseDTO[testName=null, id=146]], FeedbackDTO[id=161, text=null, detailText=test `add` failed on ≥ 1 cases:
(0, 0)
Your submission raised an error Failure("TODO add"), hasLongFeedbackText=false, reference=null, credits=0.0, positive=false, type=AUTOMATIC, visibility=ALWAYS, testCase=TestCaseDTO[testName=null, id=149]], FeedbackDTO[id=162, text=null, detailText=test `filter` failed on ≥ 1 cases:
(even, [1; 2; 3; 4])
Your submission raised an error Failure("TODO filter"), hasLongFeedbackText=false, reference=null, credits=0.0, positive=false, type=AUTOMATIC, visibility=ALWAYS, testCase=TestCaseDTO[testName=null, id=148]], FeedbackDTO[id=163, text=null, detailText=Test was not executed., hasLongFeedbackText=false, reference=null, credits=0.0, positive=null, type=AUTOMATIC, visibility=null, testCase=TestCaseDTO[testName=null, id=137]], FeedbackDTO[id=164, text=null, detailText=Test was not executed., hasLongFeedbackText=false, reference=null, credits=0.0, positive=null, type=AUTOMATIC, visibility=null, testCase=TestCaseDTO[testName=null, id=138]], FeedbackDTO[id=165, text=null, detailText=Test was not executed., hasLongFeedbackText=false, reference=null, credits=0.0, positive=null, type=AUTOMATIC, visibility=null, testCase=TestCaseDTO[testName=null, id=139]], FeedbackDTO[id=166, text=null, detailText=Test was not executed., hasLongFeedbackText=false, reference=null, credits=0.0, positive=null, type=AUTOMATIC, visibility=null, testCase=TestCaseDTO[testName=null, id=140]], FeedbackDTO[id=167, text=null, detailText=Test was not executed., hasLongFeedbackText=false, reference=null, credits=0.0, positive=null, type=AUTOMATIC, visibility=null, testCase=TestCaseDTO[testName=null, id=141]], FeedbackDTO[id=168, text=null, detailText=Test was not executed., hasLongFeedbackText=false, reference=null, credits=0.0, positive=null, type=AUTOMATIC, visibility=null, testCase=TestCaseDTO[testName=null, id=142]], FeedbackDTO[id=169, text=null, detailText=Test was not executed., hasLongFeedbackText=false, reference=null, credits=0.0, positive=null, type=AUTOMATIC, visibility=null, testCase=TestCaseDTO[testName=null, id=143]], FeedbackDTO[id=170, text=null, detailText=Test was not executed., hasLongFeedbackText=false, reference=null, credits=0.0, positive=null, type=AUTOMATIC, visibility=null, testCase=TestCaseDTO[testName=null, id=144]], FeedbackDTO[id=171, text=null, detailText=Test was not executed., hasLongFeedbackText=false, reference=null, credits=0.0, positive=null, type=AUTOMATIC, visibility=null, testCase=TestCaseDTO[testName=null, id=145]], FeedbackDTO[id=172, text=null, detailText=Test was not executed., hasLongFeedbackText=false, reference=null, credits=0.0, positive=null, type=AUTOMATIC, visibility=null, testCase=TestCaseDTO[testName=null, id=147]]], assessmentType=AUTOMATIC, hasComplaint=null, exampleResult=null, testCaseCount=13, passedTestCaseCount=0, codeIssueCount=0]], BuildJobQueueItem[id=4941739576597286, name=SHORTFBCBD7BF0E6EB0451A080E80FCB407DC1F12TSTEXC-LOCALCIINTSTUDENT1, buildAgent=BuildAgentDTO[name=artemis-build-agent-test, memberAddress=[127.0.0.1]:5703, displayName=artemis-build-agent-test], participationId=494, courseId=158, exerciseId=309, retryCount=0, priority=2, status=SUCCESSFUL, repositoryInfo=RepositoryInfo[repositoryName=shortfbcbd7bf0e6eb0451a080e80fcb407dc1f12tstexc-localciintstudent1, repositoryType=user, triggeredByPushTo=user, assignmentRepositoryUri=http://localhost:49152/git/SHORTFBCBD7BF0E6EB0451A080E80FCB407DC1F12TSTEXC/shortfbcbd7bf0e6eb0451a080e80fcb407dc1f12tstexc-localciintstudent1.git, testRepositoryUri=http://localhost:49152/git/SHORTFBCBD7BF0E6EB0451A080E80FCB407DC1F12TSTEXC/shortfbcbd7bf0e6eb0451a080e80fcb407dc1f12tstexc-tests.git, solutionRepositoryUri=null, auxiliaryRepositoryUris=[Ljava.lang.String;@20c95d29, auxiliaryRepositoryCheckoutDirectories=[Ljava.lang.String;@83b430f], jobTimingInfo=JobTimingInfo[submissionDate=2025-02-14T23:43:17.286977233Z[Etc/UTC], buildStartDate=2025-02-14T23:43:17.293977347Z[Etc/UTC], buildCompletionDate=2025-02-14T23:43:18.740990762Z[Etc/UTC], estimatedCompletionDate=2025-02-14T23:43:36.293970494Z[Etc/UTC], estimatedDuration=19], buildConfig=BuildConfig[buildScript=#!/bin/bash
cd /var/tmp/testing-dir
chmod +x ./gradlew
./gradlew clean test
, dockerImage=dummy-docker-image:latest, commitHashToBuild=4a1af7e8a64e6505c5fc09b9f81ea41af9fcff44, assignmentCommitHash=4a1af7e8a64e6505c5fc09b9f81ea41af9fcff44, testCommitHash=4a1af7e8a64e6505c5fc09b9f81ea41af9fcff44, branch=main, programmingLanguage=JAVA, projectType=PLAIN_GRADLE, scaEnabled=false, sequentialTestRunsEnabled=false, resultPaths=[/var/tmp/testing-dir/**/test-results/test/*.xml], timeoutSeconds=0, assignmentCheckoutPath=null, testCheckoutPath=null, solutionCheckoutPath=null, dockerRunConfig=null], submissionResult=ResultDTO[id=141, completionDate=2025-02-14T23:43:18.729015138Z[Etc/UTC], successful=false, score=0.0, rated=true, submission=SubmissionDTO[id=130, submitted=true, type=MANUAL, exampleSubmission=null, submissionDate=2025-02-14T23:43:17.272936Z, commitHash=4a1af7e8a64e6505c5fc09b9f81ea41af9fcff44, buildFailed=true, buildArtifact=false, participation=ParticipationDTO[id=494, testRun=false, type=programming, submissionCount=null, exercise=ParticipationExerciseDTO[id=309, exerciseType=PROGRAMMING, type=programming, assessmentType=AUTOMATIC, dueDate=2025-02-16T23:43:17.147218Z, assessmentDueDate=null, maxPoints=42.0, course=CourseDTO[id=158, accuracyOfScores=1]]], submissionExerciseType=programming, isProcessing=false, buildStartDate=null, estimatedCompletionDate=null], participation=ParticipationDTO[id=494, testRun=false, type=programming, submissionCount=null, exercise=ParticipationExerciseDTO[id=309, exerciseType=PROGRAMMING, type=programming, assessmentType=AUTOMATIC, dueDate=2025-02-16T23:43:17.147218Z, assessmentDueDate=null, maxPoints=42.0, course=CourseDTO[id=158, accuracyOfScores=1]]], feedbacks=[], assessmentType=AUTOMATIC, hasComplaint=null, exampleResult=null, testCaseCount=0, passedTestCaseCount=0, codeIssueCount=0]], BuildJobQueueItem[id=4971739576599269, name=SHORT52AD57270517204728083260501A19D262D1TSTEXC-LOCALCIINTSTUDENT1, buildAgent=BuildAgentDTO[name=artemis-build-agent-test, memberAddress=[127.0.0.1]:5703, displayName=artemis-build-agent-test], participationId=497, courseId=159, exerciseId=310, retryCount=0, priority=2, status=SUCCESSFUL, repositoryInfo=RepositoryInfo[repositoryName=short52ad57270517204728083260501a19d262d1tstexc-localciintstudent1, repositoryType=user, triggeredByPushTo=user, assignmentRepositoryUri=http://localhost:49152/git/SHORT52AD57270517204728083260501A19D262D1TSTEXC/short52ad57270517204728083260501a19d262d1tstexc-localciintstudent1.git, testRepositoryUri=http://localhost:49152/git/SHORT52AD57270517204728083260501A19D262D1TSTEXC/short52ad57270517204728083260501a19d262d1tstexc-tests.git, solutionRepositoryUri=null, auxiliaryRepositoryUris=[Ljava.lang.String;@1c2ff3b2, auxiliaryRepositoryCheckoutDirectories=[Ljava.lang.String;@6cf33589], jobTimingInfo=JobTimingInfo[submissionDate=2025-02-14T23:43:19.269997499Z[Etc/UTC], buildStartDate=2025-02-14T23:43:19.277325895Z[Etc/UTC], buildCompletionDate=2025-02-14T23:43:20.497391524Z[Etc/UTC], estimatedCompletionDate=2025-02-14T23:43:38.277310787Z[Etc/UTC], estimatedDuration=19], buildConfig=BuildConfig[buildScript=#!/bin/bash
cd /var/tmp/testing-dir
chmod +x ./gradlew
./gradlew clean test
, dockerImage=dummy-docker-image:latest, commitHashToBuild=9f4f76247a188e9a0f3516a9fbd60e829d53fb05, assignmentCommitHash=9f4f76247a188e9a0f3516a9fbd60e829d53fb05, testCommitHash=9f4f76247a188e9a0f3516a9fbd60e829d53fb05, branch=main, programmingLanguage=JAVA, projectType=PLAIN_GRADLE, scaEnabled=false, sequentialTestRunsEnabled=false, resultPaths=[/var/tmp/testing-dir/**/test-results/test/*.xml], timeoutSeconds=0, assignmentCheckoutPath=null, testCheckoutPath=null, solutionCheckoutPath=null, dockerRunConfig=null], submissionResult=ResultDTO[id=142, completionDate=2025-02-14T23:43:20.484244187Z[Etc/UTC], successful=false, score=7.7, rated=true, submission=SubmissionDTO[id=131, submitted=true, type=MANUAL, exampleSubmission=null, submissionDate=2025-02-14T23:43:19.265464Z, commitHash=9f4f76247a188e9a0f3516a9fbd60e829d53fb05, buildFailed=false, buildArtifact=false, participation=ParticipationDTO[id=497, testRun=false, type=programming, submissionCount=null, exercise=ParticipationExerciseDTO[id=310, exerciseType=PROGRAMMING, type=programming, assessmentType=AUTOMATIC, dueDate=2025-02-16T23:43:19.182228Z, assessmentDueDate=null, maxPoints=42.0, course=CourseDTO[id=159, accuracyOfScores=1]]], submissionExerciseType=programming, isProcessing=false, buildStartDate=null, estimatedCompletionDate=null], participation=ParticipationDTO[id=497, testRun=false, type=programming, submissionCount=null, exercise=ParticipationExerciseDTO[id=310, exerciseType=PROGRAMMING, type=programming, assessmentType=AUTOMATIC, dueDate=2025-02-16T23:43:19.182228Z, assessmentDueDate=null, maxPoints=42.0, course=CourseDTO[id=159, accuracyOfScores=1]]], feedbacks=[FeedbackDTO[id=173, text=null, detailText=The exercise expects a class with the name Context in the package testpackage. You did not implement the class in the exercise., hasLongFeedbackText=false, reference=null, credits=0.0, positive=false, type=AUTOMATIC, visibility=ALWAYS, testCase=TestCaseDTO[testName=null, id=169]], FeedbackDTO[id=174, text=null, detailText=The exercise expects a class with the name Policy in the package testpackage. You did not implement the class in the exercise., hasLongFeedbackText=false, reference=null, credits=0.0, positive=false, type=AUTOMATIC, visibility=ALWAYS, testCase=TestCaseDTO[testName=null, id=170]], FeedbackDTO[id=175, text=null, detailText=The exercise expects a class with the name SortStrategy in the package testpackage. You did not implement the class in the exercise., hasLongFeedbackText=false, reference=null, credits=0.0, positive=false, type=AUTOMATIC, visibility=ALWAYS, testCase=TestCaseDTO[testName=null, id=171]], FeedbackDTO[id=176, text=null, detailText=The class 'MergeSort' does not implement the interface 'SortStrategy' as expected. Implement the interface and its methods., hasLongFeedbackText=false, reference=null, credits=0.0, positive=false, type=AUTOMATIC, visibility=ALWAYS, testCase=TestCaseDTO[testName=null, id=166]], FeedbackDTO[id=177, text=null, detailText=The exercise expects a class with the name SortStrategy in the package testpackage. You did not implement the class in the exercise., hasLongFeedbackText=false, reference=null, credits=0.0, positive=false, type=AUTOMATIC, visibility=ALWAYS, testCase=TestCaseDTO[testName=null, id=163]], FeedbackDTO[id=178, text=null, detailText=The class 'BubbleSort' does not implement the interface 'SortStrategy' as expected. Implement the interface and its methods., hasLongFeedbackText=false, reference=null, credits=0.0, positive=false, type=AUTOMATIC, visibility=ALWAYS, testCase=TestCaseDTO[testName=null, id=167]], FeedbackDTO[id=179, text=null, detailText=MergeSort does not sort correctly, hasLongFeedbackText=false, reference=null, credits=0.0, positive=false, type=AUTOMATIC, visibility=ALWAYS, testCase=TestCaseDTO[testName=null, id=172]], FeedbackDTO[id=180, text=null, detailText=The class 'Context' was not found within the submission. Make sure to implement it properly., hasLongFeedbackText=false, reference=null, credits=0.0, positive=false, type=AUTOMATIC, visibility=ALWAYS, testCase=TestCaseDTO[testName=null, id=173]], FeedbackDTO[id=181, text=null, detailText=The class 'Context' was not found within the submission. Make sure to implement it properly., hasLongFeedbackText=false, reference=null, credits=0.0, positive=false, type=AUTOMATIC, visibility=ALWAYS, testCase=TestCaseDTO[testName=null, id=174]], FeedbackDTO[id=182, text=null, detailText=The exercise expects a class with the name Policy in the package testpackage. You did not implement the class in the exercise., hasLongFeedbackText=false, reference=null, credits=0.0, positive=false, type=AUTOMATIC, visibility=ALWAYS, testCase=TestCaseDTO[testName=null, id=168]], FeedbackDTO[id=183, text=null, detailText=The exercise expects a class with the name Context in the package testpackage. You did not implement the class in the exercise., hasLongFeedbackText=false, reference=null, credits=0.0, positive=false, type=AUTOMATIC, visibility=ALWAYS, testCase=TestCaseDTO[testName=null, id=164]], FeedbackDTO[id=184, text=null, detailText=The exercise expects a class with the name Policy in the package testpackage. You did not implement the class in the exercise., hasLongFeedbackText=false, reference=null, credits=0.0, positive=false, type=AUTOMATIC, visibility=ALWAYS, testCase=TestCaseDTO[testName=null, id=165]], FeedbackDTO[id=185, text=null, detailText=null, hasLongFeedbackText=false, reference=null, credits=3.230769230769231, positive=true, type=AUTOMATIC, visibility=ALWAYS, testCase=TestCaseDTO[testName=null, id=175]]], assessmentType=AUTOMATIC, hasComplaint=null, exampleResult=null, testCaseCount=13, passedTestCaseCount=1, codeIssueCount=0]], BuildJobQueueItem[id=5001739576601035, name=SHORT582B1BDC0A17704D6D0A46800FC19163DA47TSTEXC-LOCALCIINTSTUDENT1, buildAgent=BuildAgentDTO[name=artemis-build-agent-test, memberAddress=[127.0.0.1]:5703, displayName=artemis-build-agent-test], participationId=500, courseId=160, exerciseId=311, retryCount=0, priority=2, status=SUCCESSFUL, repositoryInfo=RepositoryInfo[repositoryName=short582b1bdc0a17704d6d0a46800fc19163da47tstexc-localciintstudent1, repositoryType=user, triggeredByPushTo=user, assignmentRepositoryUri=http://localhost:49152/git/SHORT582B1BDC0A17704D6D0A46800FC19163DA47TSTEXC/short582b1bdc0a17704d6d0a46800fc19163da47tstexc-localciintstudent1.git, testRepositoryUri=http://localhost:49152/git/SHORT582B1BDC0A17704D6D0A46800FC19163DA47TSTEXC/short582b1bdc0a17704d6d0a46800fc19163da47tstexc-tests.git, solutionRepositoryUri=null, auxiliaryRepositoryUris=[Ljava.lang.String;@6390d2b, auxiliaryRepositoryCheckoutDirectories=[Ljava.lang.String;@544805d8], jobTimingInfo=JobTimingInfo[submissionDate=2025-02-14T23:43:21.035120760Z[Etc/UTC], buildStartDate=2025-02-14T23:43:21.040320383Z[Etc/UTC], buildCompletionDate=2025-02-14T23:43:22.581236903Z[Etc/UTC], estimatedCompletionDate=2025-02-14T23:43:40.040312057Z[Etc/UTC], estimatedDuration=19], buildConfig=BuildConfig[buildScript=#!/bin/bash
cd /var/tmp/testing-dir
chmod +x ./gradlew
./gradlew clean test
, dockerImage=dummy-docker-image:latest, commitHashToBuild=887566cf754016f986627cf5c5c365dea16c907f, assignmentCommitHash=887566cf754016f986627cf5c5c365dea16c907f, testCommitHash=6af67146332066e7430917928a4b9b81c43b7c71, branch=main, programmingLanguage=JAVA, projectType=PLAIN_GRADLE, scaEnabled=false, sequentialTestRunsEnabled=false, resultPaths=[/var/tmp/testing-dir/**/test-results/test/*.xml], timeoutSeconds=0, assignmentCheckoutPath=customAssignmentPath, testCheckoutPath=null, solutionCheckoutPath=null, dockerRunConfig=null], submissionResult=ResultDTO[id=143, completionDate=2025-02-14T23:43:22.538158998Z[Etc/UTC], successful=false, score=7.7, rated=true, submission=SubmissionDTO[id=132, submitted=true, type=MANUAL, exampleSubmission=null, submissionDate=2025-02-14T23:43:21.028930Z, commitHash=887566cf754016f986627cf5c5c365dea16c907f, buildFailed=false, buildArtifact=false, participation=ParticipationDTO[id=500, testRun=false, type=programming, submissionCount=null, exercise=ParticipationExerciseDTO[id=311, exerciseType=PROGRAMMING, type=programming, assessmentType=AUTOMATIC, dueDate=2025-02-16T23:43:20.897280Z, assessmentDueDate=null, maxPoints=42.0, course=CourseDTO[id=160, accuracyOfScores=1]]], submissionExerciseType=programming, isProcessing=false, buildStartDate=null, estimatedCompletionDate=null], participation=ParticipationDTO[id=500, testRun=false, type=programming, submissionCount=null, exercise=ParticipationExerciseDTO[id=311, exerciseType=PROGRAMMING, type=programming, assessmentType=AUTOMATIC, dueDate=2025-02-16T23:43:20.897280Z, assessmentDueDate=null, maxPoints=42.0, course=CourseDTO[id=160, accuracyOfScores=1]]], feedbacks=[FeedbackDTO[id=186, text=null, detailText=The exercise expects a class with the name Context in the package testpackage. You did not implement the class in the exercise., hasLongFeedbackText=false, reference=null, credits=0.0, positive=false, type=AUTOMATIC, visibility=ALWAYS, testCase=TestCaseDTO[testName=null, id=182]], FeedbackDTO[id=187, text=null, detailText=The exercise expects a class with the name Policy in the package testpackage. You did not implement the class in the exercise., hasLongFeedbackText=false, reference=null, credits=0.0, positive=false, type=AUTOMATIC, visibility=ALWAYS, testCase=TestCaseDTO[testName=null, id=183]], FeedbackDTO[id=188, text=null, detailText=The exercise expects a class with the name SortStrategy in the package testpackage. You did not implement the class in the exercise., hasLongFeedbackText=false, reference=null, credits=0.0, positive=false, type=AUTOMATIC, visibility=ALWAYS, testCase=TestCaseDTO[testName=null, id=184]], FeedbackDTO[id=189, text=null, detailText=The class 'MergeSort' does not implement the interface 'SortStrategy' as expected. Implement the interface and its methods., hasLongFeedbackText=false, reference=null, credits=0.0, positive=false, type=AUTOMATIC, visibility=ALWAYS, testCase=TestCaseDTO[testName=null, id=179]], FeedbackDTO[id=190, text=null, detailText=The exercise expects a class with the name SortStrategy in the package testpackage. You did not implement the class in the exercise., hasLongFeedbackText=false, reference=null, credits=0.0, positive=false, type=AUTOMATIC, visibility=ALWAYS, testCase=TestCaseDTO[testName=null, id=176]], FeedbackDTO[id=191, text=null, detailText=The class 'BubbleSort' does not implement the interface 'SortStrategy' as expected. Implement the interface and its methods., hasLongFeedbackText=false, reference=null, credits=0.0, positive=false, type=AUTOMATIC, visibility=ALWAYS, testCase=TestCaseDTO[testName=null, id=180]], FeedbackDTO[id=192, text=null, detailText=MergeSort does not sort correctly, hasLongFeedbackText=false, reference=null, credits=0.0, positive=false, type=AUTOMATIC, visibility=ALWAYS, testCase=TestCaseDTO[testName=null, id=185]], FeedbackDTO[id=193, text=null, detailText=The class 'Context' was not found within the submission. Make sure to implement it properly., hasLongFeedbackText=false, reference=null, credits=0.0, positive=false, type=AUTOMATIC, visibility=ALWAYS, testCase=TestCaseDTO[testName=null, id=186]], FeedbackDTO[id=194, text=null, detailText=The class 'Context' was not found within the submission. Make sure to implement it properly., hasLongFeedbackText=false, reference=null, credits=0.0, positive=false, type=AUTOMATIC, visibility=ALWAYS, testCase=TestCaseDTO[testName=null, id=187]], FeedbackDTO[id=195, text=null, detailText=The exercise expects a class with the name Policy in the package testpackage. You did not implement the class in the exercise., hasLongFeedbackText=false, reference=null, credits=0.0, positive=false, type=AUTOMATIC, visibility=ALWAYS, testCase=TestCaseDTO[testName=null, id=181]], FeedbackDTO[id=196, text=null, detailText=The exercise expects a class with the name Context in the package testpackage. You did not implement the class in the exercise., hasLongFeedbackText=false, reference=null, credits=0.0, positive=false, type=AUTOMATIC, visibility=ALWAYS, testCase=TestCaseDTO[testName=null, id=177]], FeedbackDTO[id=197, text=null, detailText=The exercise expects a class with the name Policy in the package testpackage. You did not implement the class in the exercise., hasLongFeedbackText=false, reference=null, credits=0.0, positive=false, type=AUTOMATIC, visibility=ALWAYS, testCase=TestCaseDTO[testName=null, id=178]], FeedbackDTO[id=198, text=null, detailText=null, hasLongFeedbackText=false, reference=null, credits=3.230769230769231, positive=true, type=AUTOMATIC, visibility=ALWAYS, testCase=TestCaseDTO[testName=null, id=188]]], assessmentType=AUTOMATIC, hasComplaint=null, exampleResult=null, testCaseCount=13, passedTestCaseCount=1, codeIssueCount=0]], BuildJobQueueItem[id=5031739576604847, name=SHORT00FA1A240403404C7E097D7007C591BE2AB1TSTEXC-LOCALCIINTSTUDENT1, buildAgent=BuildAgentDTO[name=artemis-build-agent-test, memberAddress=[127.0.0.1]:5703, displayName=artemis-build-agent-test], participationId=503, courseId=161, exerciseId=312, retryCount=0, priority=2, status=FAILED, repositoryInfo=RepositoryInfo[repositoryName=short00fa1a240403404c7e097d7007c591be2ab1tstexc-localciintstudent1, repositoryType=user, triggeredByPushTo=user, assignmentRepositoryUri=http://localhost:49152/git/SHORT00FA1A240403404C7E097D7007C591BE2AB1TSTEXC/short00fa1a240403404c7e097d7007c591be2ab1tstexc-localciintstudent1.git, testRepositoryUri=http://localhost:49152/git/SHORT00FA1A240403404C7E097D7007C591BE2AB1TSTEXC/short00fa1a240403404c7e097d7007c591be2ab1tstexc-tests.git, solutionRepositoryUri=null, auxiliaryRepositoryUris=[Ljava.lang.String;@3799ce80, auxiliaryRepositoryCheckoutDirectories=[Ljava.lang.String;@4233fa87], jobTimingInfo=JobTimingInfo[submissionDate=2025-02-14T23:43:24.847396156Z[Etc/UTC], buildStartDate=2025-02-14T23:43:24.860457211Z[Etc/UTC], buildCompletionDate=2025-02-14T23:43:26.809353681Z[Etc/UTC], estimatedCompletionDate=2025-02-14T23:43:46.860451490Z[Etc/UTC], estimatedDuration=22], buildConfig=BuildConfig[buildScript=#!/bin/bash
cd /var/tmp/testing-dir
chmod +x ./gradlew
./gradlew clean test
, dockerImage=dummy-docker-image:latest, commitHashToBuild=9690714a509af0a98c6790a7e52ee3574c7ef689, assignmentCommitHash=9690714a509af0a98c6790a7e52ee3574c7ef689, testCommitHash=9690714a509af0a98c6790a7e52ee3574c7ef689, branch=main, programmingLanguage=JAVA, projectType=PLAIN_GRADLE, scaEnabled=false, sequentialTestRunsEnabled=false, resultPaths=[/var/tmp/testing-dir/**/test-results/test/*.xml], timeoutSeconds=0, assignmentCheckoutPath=null, testCheckoutPath=null, solutionCheckoutPath=null, dockerRunConfig=null], submissionResult=ResultDTO[id=144, completionDate=2025-02-14T23:43:26.809483684Z[Etc/UTC], successful=false, score=0.0, rated=true, submission=SubmissionDTO[id=133, submitted=true, type=MANUAL, exampleSubmission=null, submissionDate=2025-02-14T23:43:24.841319Z, commitHash=9690714a509af0a98c6790a7e52ee3574c7ef689, buildFailed=true, buildArtifact=false, participation=ParticipationDTO[id=503, testRun=false, type=programming, submissionCount=null, exercise=ParticipationExerciseDTO[id=312, exerciseType=PROGRAMMING, type=programming, assessmentType=AUTOMATIC, dueDate=2025-02-16T23:43:24.571329Z, assessmentDueDate=null, maxPoints=42.0, course=CourseDTO[id=161, accuracyOfScores=1]]], submissionExerciseType=programming, isProcessing=false, buildStartDate=null, estimatedCompletionDate=null], participation=ParticipationDTO[id=503, testRun=false, type=programming, submissionCount=null, exercise=ParticipationExerciseDTO[id=312, exerciseType=PROGRAMMING, type=programming, assessmentType=AUTOMATIC, dueDate=2025-02-16T23:43:24.571329Z, assessmentDueDate=null, maxPoints=42.0, course=CourseDTO[id=161, accuracyOfScores=1]]], feedbacks=[], assessmentType=AUTOMATIC, hasComplaint=null, exampleResult=null, testCaseCount=0, passedTestCaseCount=0, codeIssueCount=0]], BuildJobQueueItem[id=5061739576605250, name=SHORT62C808EE04ECE040740AF7B0CF3AE5F5BEF2TSTEXC-LOCALCIINTSTUDENT1, buildAgent=BuildAgentDTO[name=artemis-build-agent-test, memberAddress=[127.0.0.1]:5703, displayName=artemis-build-agent-test], participationId=506, courseId=162, exerciseId=313, retryCount=0, priority=2, status=SUCCESSFUL, repositoryInfo=RepositoryInfo[repositoryName=short62c808ee04ece040740af7b0cf3ae5f5bef2tstexc-localciintstudent1, repositoryType=user, triggeredByPushTo=user, assignmentRepositoryUri=http://localhost:49152/git/SHORT62C808EE04ECE040740AF7B0CF3AE5F5BEF2TSTEXC/short62c808ee04ece040740af7b0cf3ae5f5bef2tstexc-localciintstudent1.git, testRepositoryUri=http://localhost:49152/git/SHORT62C808EE04ECE040740AF7B0CF3AE5F5BEF2TSTEXC/short62c808ee04ece040740af7b0cf3ae5f5bef2tstexc-tests.git, solutionRepositoryUri=null, auxiliaryRepositoryUris=[Ljava.lang.String;@c2df7bf, auxiliaryRepositoryCheckoutDirectories=[Ljava.lang.String;@18df5527], jobTimingInfo=JobTimingInfo[submissionDate=2025-02-14T23:43:25.250749866Z[Etc/UTC], buildStartDate=2025-02-14T23:43:26.820713075Z[Etc/UTC], buildCompletionDate=2025-02-14T23:43:28.304236378Z[Etc/UTC], estimatedCompletionDate=2025-02-14T23:43:45.820704920Z[Etc/UTC], estimatedDuration=19], buildConfig=BuildConfig[buildScript=#!/bin/bash
cd /var/tmp/testing-dir
chmod +x ./gradlew
./gradlew clean test
, dockerImage=dummy-docker-image:latest, commitHashToBuild=993b6f756e3e52a44d0537d4fa3a5d0e0acdbe89, assignmentCommitHash=993b6f756e3e52a44d0537d4fa3a5d0e0acdbe89, testCommitHash=993b6f756e3e52a44d0537d4fa3a5d0e0acdbe89, branch=main, programmingLanguage=JAVA, projectType=null, scaEnabled=false, sequentialTestRunsEnabled=false, resultPaths=[/var/tmp/testing-dir/**/test-results/test/*.xml], timeoutSeconds=0, assignmentCheckoutPath=null, testCheckoutPath=null, solutionCheckoutPath=null, dockerRunConfig=null], submissionResult=ResultDTO[id=145, completionDate=2025-02-14T23:43:28.269051286Z[Etc/UTC], successful=false, score=7.7, rated=true, submission=SubmissionDTO[id=134, submitted=true, type=MANUAL, exampleSubmission=null, submissionDate=2025-02-14T23:43:25.241685Z, commitHash=993b6f756e3e52a44d0537d4fa3a5d0e0acdbe89, buildFailed=false, buildArtifact=false, participation=ParticipationDTO[id=506, testRun=false, type=programming, submissionCount=null, exercise=ParticipationExerciseDTO[id=313, exerciseType=PROGRAMMING, type=programming, assessmentType=AUTOMATIC, dueDate=2025-02-16T23:43:24.986721Z, assessmentDueDate=null, maxPoints=42.0, course=CourseDTO[id=162, accuracyOfScores=1]]], submissionExerciseType=programming, isProcessing=false, buildStartDate=null, estimatedCompletionDate=null], participation=ParticipationDTO[id=506, testRun=false, type=programming, submissionCount=null, exercise=ParticipationExerciseDTO[id=313, exerciseType=PROGRAMMING, type=programming, assessmentType=AUTOMATIC, dueDate=2025-02-16T23:43:24.986721Z, assessmentDueDate=null, maxPoints=42.0, course=CourseDTO[id=162, accuracyOfScores=1]]], feedbacks=[FeedbackDTO[id=199, text=null, detailText=The exercise expects a class with the name Context in the package testpackage. You did not implement the class in the exercise., hasLongFeedbackText=false, reference=null, credits=0.0, positive=false, type=AUTOMATIC, visibility=ALWAYS, testCase=TestCaseDTO[testName=null, id=208]], FeedbackDTO[id=200, text=null, detailText=The exercise expects a class with the name Policy in the package testpackage. You did not implement the class in the exercise., hasLongFeedbackText=false, reference=null, credits=0.0, positive=false, type=AUTOMATIC, visibility=ALWAYS, testCase=TestCaseDTO[testName=null, id=209]], FeedbackDTO[id=201, text=null, detailText=The exercise expects a class with the name SortStrategy in the package testpackage. You did not implement the class in the exercise., hasLongFeedbackText=false, reference=null, credits=0.0, positive=false, type=AUTOMATIC, visibility=ALWAYS, testCase=TestCaseDTO[testName=null, id=210]], FeedbackDTO[id=202, text=null, detailText=The class 'MergeSort' does not implement the interface 'SortStrategy' as expected. Implement the interface and its methods., hasLongFeedbackText=false, reference=null, credits=0.0, positive=false, type=AUTOMATIC, visibility=ALWAYS, testCase=TestCaseDTO[testName=null, id=205]], FeedbackDTO[id=203, text=null, detailText=The exercise expects a class with the name SortStrategy in the package testpackage. You did not implement the class in the exercise., hasLongFeedbackText=false, reference=null, credits=0.0, positive=false, type=AUTOMATIC, visibility=ALWAYS, testCase=TestCaseDTO[testName=null, id=202]], FeedbackDTO[id=204, text=null, detailText=The class 'BubbleSort' does not implement the interface 'SortStrategy' as expected. Implement the interface and its methods., hasLongFeedbackText=false, reference=null, credits=0.0, positive=false, type=AUTOMATIC, visibility=ALWAYS, testCase=TestCaseDTO[testName=null, id=206]], FeedbackDTO[id=205, text=null, detailText=MergeSort does not sort correctly, hasLongFeedbackText=false, reference=null, credits=0.0, positive=false, type=AUTOMATIC, visibility=ALWAYS, testCase=TestCaseDTO[testName=null, id=211]], FeedbackDTO[id=206, text=null, detailText=The class 'Context' was not found within the submission. Make sure to implement it properly., hasLongFeedbackText=false, reference=null, credits=0.0, positive=false, type=AUTOMATIC, visibility=ALWAYS, testCase=TestCaseDTO[testName=null, id=212]], FeedbackDTO[id=207, text=null, detailText=The class 'Context' was not found within the submission. Make sure to implement it properly., hasLongFeedbackText=false, reference=null, credits=0.0, positive=false, type=AUTOMATIC, visibility=ALWAYS, testCase=TestCaseDTO[testName=null, id=213]], FeedbackDTO[id=208, text=null, detailText=The exercise expects a class with the name Policy in the package testpackage. You did not implement the class in the exercise., hasLongFeedbackText=false, reference=null, credits=0.0, positive=false, type=AUTOMATIC, visibility=ALWAYS, testCase=TestCaseDTO[testName=null, id=207]], FeedbackDTO[id=209, text=null, detailText=The exercise expects a class with the name Context in the package testpackage. You did not implement the class in the exercise., hasLongFeedbackText=false, reference=null, credits=0.0, positive=false, type=AUTOMATIC, visibility=ALWAYS, testCase=TestCaseDTO[testName=null, id=203]], FeedbackDTO[id=210, text=null, detailText=The exercise expects a class with the name Policy in the package testpackage. You did not implement the class in the exercise., hasLongFeedbackText=false, reference=null, credits=0.0, positive=false, type=AUTOMATIC, visibility=ALWAYS, testCase=TestCaseDTO[testName=null, id=204]], FeedbackDTO[id=211, text=null, detailText=null, hasLongFeedbackText=false, reference=null, credits=3.230769230769231, positive=true, type=AUTOMATIC, visibility=ALWAYS, testCase=TestCaseDTO[testName=null, id=214]]], assessmentType=AUTOMATIC, hasComplaint=null, exampleResult=null, testCaseCount=13, passedTestCaseCount=1, codeIssueCount=0]], BuildJobQueueItem[id=5121739576609302, name=SHORT3D739532080B804BC608BDA0F7816DDB4316TSTEXC-LOCALCIINTSTUDENT1, buildAgent=BuildAgentDTO[name=artemis-build-agent-test, memberAddress=[127.0.0.1]:5703, displayName=artemis-build-agent-test], participationId=512, courseId=164, exerciseId=315, retryCount=0, priority=2, status=SUCCESSFUL, repositoryInfo=RepositoryInfo[repositoryName=short3d739532080b804bc608bda0f7816ddb4316tstexc-localciintstudent1, repositoryType=user, triggeredByPushTo=user, assignmentRepositoryUri=http://localhost:49152/git/SHORT3D739532080B804BC608BDA0F7816DDB4316TSTEXC/short3d739532080b804bc608bda0f7816ddb4316tstexc-localciintstudent1.git, testRepositoryUri=http://localhost:49152/git/SHORT3D739532080B804BC608BDA0F7816DDB4316TSTEXC/short3d739532080b804bc608bda0f7816ddb4316tstexc-tests.git, solutionRepositoryUri=null, auxiliaryRepositoryUris=[Ljava.lang.String;@614b6572, auxiliaryRepositoryCheckoutDirectories=[Ljava.lang.String;@3c715c1e], jobTimingInfo=JobTimingInfo[submissionDate=2025-02-14T23:43:29.302618463Z[Etc/UTC], buildStartDate=2025-02-14T23:43:29.307985701Z[Etc/UTC], buildCompletionDate=2025-02-14T23:43:30.717961572Z[Etc/UTC], estimatedCompletionDate=2025-02-14T23:43:48.307979980Z[Etc/UTC], estimatedDuration=19], buildConfig=BuildConfig[buildScript=#!/bin/bash
cd /var/tmp/testing-dir
chmod +x ./gradlew
./gradlew clean test
, dockerImage=dummy-docker-image:latest, commitHashToBuild=71f54bdf5e0f9c98936e24a4638fd2ffcf966edd, assignmentCommitHash=71f54bdf5e0f9c98936e24a4638fd2ffcf966edd, testCommitHash=71f54bdf5e0f9c98936e24a4638fd2ffcf966edd, branch=main, programmingLanguage=JAVA, projectType=PLAIN_GRADLE, scaEnabled=false, sequentialTestRunsEnabled=false, resultPaths=[/var/tmp/testing-dir/**/test-results/test/*.xml], timeoutSeconds=0, assignmentCheckoutPath=null, testCheckoutPath=null, solutionCheckoutPath=null, dockerRunConfig=null], submissionResult=ResultDTO[id=146, completionDate=2025-02-14T23:43:30.706391245Z[Etc/UTC], successful=false, score=0.0, rated=true, submission=SubmissionDTO[id=135, submitted=true, type=MANUAL, exampleSubmission=null, submissionDate=2025-02-14T23:43:29.291920Z, commitHash=71f54bdf5e0f9c98936e24a4638fd2ffcf966edd, buildFailed=true, buildArtifact=false, participation=ParticipationDTO[id=512, testRun=false, type=programming, submissionCount=null, exercise=ParticipationExerciseDTO[id=315, exerciseType=PROGRAMMING, type=programming, assessmentType=AUTOMATIC, dueDate=2025-02-16T23:43:29.183823Z, assessmentDueDate=null, maxPoints=42.0, course=CourseDTO[id=164, accuracyOfScores=1]]], submissionExerciseType=programming, isProcessing=false, buildStartDate=null, estimatedCompletionDate=null], participation=ParticipationDTO[id=512, testRun=false, type=programming, submissionCount=null, exercise=ParticipationExerciseDTO[id=315, exerciseType=PROGRAMMING, type=programming, assessmentType=AUTOMATIC, dueDate=2025-02-16T23:43:29.183823Z, assessmentDueDate=null, maxPoints=42.0, course=CourseDTO[id=164, accuracyOfScores=1]]], feedbacks=[], assessmentType=AUTOMATIC, hasComplaint=null, exampleResult=null, testCaseCount=0, passedTestCaseCount=0, codeIssueCount=0]]], publicSshKey=ssh-rsa AAAAB3NzaC1yc2EAAAADAQABAAACAQCOPdMsxRE2jFJ/UEa5/LsBxtwzJcrh3/rYBCQvcMeVpiRfhzQPWu7mrt/G2Ew+i+vRloGH9aqKg6dd1liRncao53Zmd/ePxoatXePNhmzTfkCkcSkTUz7B+QMjkoDDV5jwuFPD6mF3JkhuzSi64n9Zy905t4w2IhVcjM2mL3eYNjiCXt6Qpq3Pkt7dM/Ksw1nxnvuiIALuJLB3FTkXkHqq3PJav+9HSq2r6ZaWgekneaGxlQlb+U+Vy3XOuArKAzK8c8i+0bR+AHiTG6ncYXt7ax3U+TdlDTF7OLP3umwaYjs1NBXOHwG42pevvpKn2fqavZZozk+M05jXLx3bq0O7itxfErWc7etky8qYPyyIMF/txQIVLd78+Ze4d7Y60t5MGbXM5cGE6fFif5fEJwgswXD+BrG0cafz1CTatjSKFdvp8Vp4VszXhHDan1PrP6JEFJ5Cc5GDmLRZPCFa3vL9f5qXgf4bkqKN8MYeEujwJE5nMRWoiJVNakix2bcrrneQMBlnYeYZVWXXXUusAQBzl4NgddC1umZpihZkL1b1MffZAUW3EGEXi7KHnllQhkTLLsQ8ntMgbylqaJKStqaXlLvdeRJcEnUuiFCrHEVVbXRFZR7XVDZ02CE5o3MuaRPty8Kh+jRTF3COlAckHwYEJCNNJvXFgb2CNXL4mjzYDw== test@localhost]
    23:43:30.789 | 370 ool-1-worker-134 | INFO  | d.t.c.a.a.e.s.ParticipationService   : Request to delete all 0 participations of exercise with id : 1405
    23:43:30.791 | 566 localvc.event-13 | DEBUG | a.p.s.l.SharedQueueManagementService : Build agent updated: null
    23:43:30.791 | 370 ool-1-worker-134 | INFO  | d.t.c.a.a.e.s.ParticipationService   : Request to delete all 0 participations of exercise with id : 1406
    23:43:30.793 | 370 ool-1-worker-134 | INFO  | d.t.c.a.a.e.s.ParticipationService   : Request to delete all 0 participations of exercise with id : 1407
    23:43:30.796 | 370 ool-1-worker-134 | INFO  | d.t.c.a.a.exam.web.ExamResource      : Generated 1 student exams in 24.25ms for exam 845
    23:43:30.797 | 566 localvc.event-13 | DEBUG | a.p.s.l.LocalCIQueueWebsocketService : Build agent updated: BuildAgentInformation[buildAgent=BuildAgentDTO[name=artemis-build-agent-test, memberAddress=[127.0.0.1]:5703, displayName=artemis-build-agent-test], maxNumberOfConcurrentBuildJobs=1, numberOfCurrentBuildJobs=0, runningBuildJobs=[], status=IDLE, recentBuildJobs=[BuildJobQueueItem[id=4621739576562326, name=SHORT43ACF76B02BC1044B80938509D14043FABDETSTEXC-LOCALCIINTSTUDENT1, buildAgent=BuildAgentDTO[name=artemis-build-agent-test, memberAddress=[127.0.0.1]:5703, displayName=artemis-build-agent-test], participationId=462, courseId=147, exerciseId=298, retryCount=0, priority=2, status=SUCCESSFUL, repositoryInfo=RepositoryInfo[repositoryName=short43acf76b02bc1044b80938509d14043fabdetstexc-localciintstudent1, repositoryType=user, triggeredByPushTo=user, assignmentRepositoryUri=http://localhost:49152/git/SHORT43ACF76B02BC1044B80938509D14043FABDETSTEXC/short43acf76b02bc1044b80938509d14043fabdetstexc-localciintstudent1.git, testRepositoryUri=http://localhost:49152/git/SHORT43ACF76B02BC1044B80938509D14043FABDETSTEXC/short43acf76b02bc1044b80938509d14043fabdetstexc-tests.git, solutionRepositoryUri=null, auxiliaryRepositoryUris=[Ljava.lang.String;@3d96d49a, auxiliaryRepositoryCheckoutDirectories=[Ljava.lang.String;@74c46af], jobTimingInfo=JobTimingInfo[submissionDate=2025-02-14T23:42:42.326978596Z[Etc/UTC], buildStartDate=2025-02-14T23:42:42.420147010Z[Etc/UTC], buildCompletionDate=2025-02-14T23:42:45.573855829Z[Etc/UTC], estimatedCompletionDate=2025-02-14T23:43:01.420129377Z[Etc/UTC], estimatedDuration=19], buildConfig=BuildConfig[buildScript=#!/bin/bash
cd /var/tmp/testing-dir
chmod +x ./gradlew
./gradlew clean test
, dockerImage=dummy-docker-image:latest, commitHashToBuild=a9c717ccf7bcbe9531d3eee21dbaeb5aab2ff971, assignmentCommitHash=a9c717ccf7bcbe9531d3eee21dbaeb5aab2ff971, testCommitHash=a9c717ccf7bcbe9531d3eee21dbaeb5aab2ff971, branch=main, programmingLanguage=JAVA, projectType=PLAIN_GRADLE, scaEnabled=false, sequentialTestRunsEnabled=false, resultPaths=[/var/tmp/testing-dir/**/test-results/test/*.xml], timeoutSeconds=0, assignmentCheckoutPath=null, testCheckoutPath=null, solutionCheckoutPath=null, dockerRunConfig=DockerRunConfig[isNetworkDisabled=true, env=[key=value]]], submissionResult=ResultDTO[id=132, completionDate=2025-02-14T23:42:45.519869118Z[Etc/UTC], successful=false, score=7.7, rated=true, submission=SubmissionDTO[id=119, submitted=true, type=MANUAL, exampleSubmission=null, submissionDate=2025-02-14T23:42:42.302762Z, commitHash=a9c717ccf7bcbe9531d3eee21dbaeb5aab2ff971, buildFailed=false, buildArtifact=false, participation=ParticipationDTO[id=462, testRun=false, type=programming, submissionCount=null, exercise=ParticipationExerciseDTO[id=298, exerciseType=PROGRAMMING, type=programming, assessmentType=AUTOMATIC, dueDate=2025-02-16T23:42:41.553955Z, assessmentDueDate=null, maxPoints=42.0, course=CourseDTO[id=147, accuracyOfScores=1]]], submissionExerciseType=programming, isProcessing=false, buildStartDate=null, estimatedCompletionDate=null], participation=ParticipationDTO[id=462, testRun=false, type=programming, submissionCount=null, exercise=ParticipationExerciseDTO[id=298, exerciseType=PROGRAMMING, type=programming, assessmentType=AUTOMATIC, dueDate=2025-02-16T23:42:41.553955Z, assessmentDueDate=null, maxPoints=42.0, course=CourseDTO[id=147, accuracyOfScores=1]]], feedbacks=[FeedbackDTO[id=67, text=null, detailText=The exercise expects a class with the name Context in the package testpackage. You did not implement the class in the exercise., hasLongFeedbackText=false, reference=null, credits=0.0, positive=false, type=AUTOMATIC, visibility=ALWAYS, testCase=TestCaseDTO[testName=null, id=13]], FeedbackDTO[id=68, text=null, detailText=The exercise expects a class with the name Policy in the package testpackage. You did not implement the class in the exercise., hasLongFeedbackText=false, reference=null, credits=0.0, positive=false, type=AUTOMATIC, visibility=ALWAYS, testCase=TestCaseDTO[testName=null, id=14]], FeedbackDTO[id=69, text=null, detailText=The exercise expects a class with the name SortStrategy in the package testpackage. You did not implement the class in the exercise., hasLongFeedbackText=false, reference=null, credits=0.0, positive=false, type=AUTOMATIC, visibility=ALWAYS, testCase=TestCaseDTO[testName=null, id=15]], FeedbackDTO[id=70, text=null, detailText=The class 'MergeSort' does not implement the interface 'SortStrategy' as expected. Implement the interface and its methods., hasLongFeedbackText=false, reference=null, credits=0.0, positive=false, type=AUTOMATIC, visibility=ALWAYS, testCase=TestCaseDTO[testName=null, id=10]], FeedbackDTO[id=71, text=null, detailText=The exercise expects a class with the name SortStrategy in the package testpackage. You did not implement the class in the exercise., hasLongFeedbackText=false, reference=null, credits=0.0, positive=false, type=AUTOMATIC, visibility=ALWAYS, testCase=TestCaseDTO[testName=null, id=7]], FeedbackDTO[id=72, text=null, detailText=The class 'BubbleSort' does not implement the interface 'SortStrategy' as expected. Implement the interface and its methods., hasLongFeedbackText=false, reference=null, credits=0.0, positive=false, type=AUTOMATIC, visibility=ALWAYS, testCase=TestCaseDTO[testName=null, id=11]], FeedbackDTO[id=73, text=null, detailText=MergeSort does not sort correctly, hasLongFeedbackText=false, reference=null, credits=0.0, positive=false, type=AUTOMATIC, visibility=ALWAYS, testCase=TestCaseDTO[testName=null, id=16]], FeedbackDTO[id=74, text=null, detailText=The class 'Context' was not found within the submission. Make sure to implement it properly., hasLongFeedbackText=false, reference=null, credits=0.0, positive=false, type=AUTOMATIC, visibility=ALWAYS, testCase=TestCaseDTO[testName=null, id=17]], FeedbackDTO[id=75, text=null, detailText=The class 'Context' was not found within the submission. Make sure to implement it properly., hasLongFeedbackText=false, reference=null, credits=0.0, positive=false, type=AUTOMATIC, visibility=ALWAYS, testCase=TestCaseDTO[testName=null, id=18]], FeedbackDTO[id=76, text=null, detailText=The exercise expects a class with the name Policy in the package testpackage. You did not implement the class in the exercise., hasLongFeedbackText=false, reference=null, credits=0.0, positive=false, type=AUTOMATIC, visibility=ALWAYS, testCase=TestCaseDTO[testName=null, id=12]], FeedbackDTO[id=77, text=null, detailText=The exercise expects a class with the name Context in the package testpackage. You did not implement the class in the exercise., hasLongFeedbackText=false, reference=null, credits=0.0, positive=false, type=AUTOMATIC, visibility=ALWAYS, testCase=TestCaseDTO[testName=null, id=8]], FeedbackDTO[id=78, text=null, detailText=The exercise expects a class with the name Policy in the package testpackage. You did not implement the class in the exercise., hasLongFeedbackText=false, reference=null, credits=0.0, positive=false, type=AUTOMATIC, visibility=ALWAYS, testCase=TestCaseDTO[testName=null, id=9]], FeedbackDTO[id=79, text=null, detailText=null, hasLongFeedbackText=false, reference=null, credits=3.230769230769231, positive=true, type=AUTOMATIC, visibility=ALWAYS, testCase=TestCaseDTO[testName=null, id=19]]], assessmentType=AUTOMATIC, hasComplaint=null, exampleResult=null, testCaseCount=13, passedTestCaseCount=1, codeIssueCount=0]], BuildJobQueueItem[id=4651739576569330, name=SHORTB06DD3F905F4604F6E085260D83ED657A6DFTSTEXC-LOCALCIINTSTUDENT1, buildAgent=BuildAgentDTO[name=artemis-build-agent-test, memberAddress=[127.0.0.1]:5703, displayName=artemis-build-agent-test], participationId=465, courseId=148, exerciseId=299, retryCount=0, priority=2, status=SUCCESSFUL, repositoryInfo=RepositoryInfo[repositoryName=shortb06dd3f905f4604f6e085260d83ed657a6dftstexc-localciintstudent1, repositoryType=user, triggeredByPushTo=user, assignmentRepositoryUri=http://localhost:49152/git/SHORTB06DD3F905F4604F6E085260D83ED657A6DFTSTEXC/shortb06dd3f905f4604f6e085260d83ed657a6dftstexc-localciintstudent1.git, testRepositoryUri=http://localhost:49152/git/SHORTB06DD3F905F4604F6E085260D83ED657A6DFTSTEXC/shortb06dd3f905f4604f6e085260d83ed657a6dftstexc-tests.git, solutionRepositoryUri=null, auxiliaryRepositoryUris=[Ljava.lang.String;@316b6bf4, auxiliaryRepositoryCheckoutDirectories=[Ljava.lang.String;@78810a3d], jobTimingInfo=JobTimingInfo[submissionDate=2025-02-14T23:42:49.330093960Z[Etc/UTC], buildStartDate=2025-02-14T23:42:49.347797345Z[Etc/UTC], buildCompletionDate=2025-02-14T23:42:51.204319751Z[Etc/UTC], estimatedCompletionDate=2025-02-14T23:43:08.347788449Z[Etc/UTC], estimatedDuration=19], buildConfig=BuildConfig[buildScript=#!/bin/bash
cd /var/tmp/testing-dir
chmod +x ./gradlew
./gradlew clean test
, dockerImage=dummy-docker-image:latest, commitHashToBuild=41581fff25954d36cf07586926ee0c77d1003131, assignmentCommitHash=41581fff25954d36cf07586926ee0c77d1003131, testCommitHash=41581fff25954d36cf07586926ee0c77d1003131, branch=main, programmingLanguage=JAVA, projectType=PLAIN_GRADLE, scaEnabled=false, sequentialTestRunsEnabled=false, resultPaths=[/var/tmp/testing-dir/**/test-results/test/*.xml], timeoutSeconds=0, assignmentCheckoutPath=null, testCheckoutPath=null, solutionCheckoutPath=null, dockerRunConfig=null], submissionResult=ResultDTO[id=133, completionDate=2025-02-14T23:42:51.155372920Z[Etc/UTC], successful=false, score=7.7, rated=true, submission=SubmissionDTO[id=120, submitted=true, type=MANUAL, exampleSubmission=null, submissionDate=2025-02-14T23:42:49.321855Z, commitHash=41581fff25954d36cf07586926ee0c77d1003131, buildFailed=false, buildArtifact=false, participation=ParticipationDTO[id=465, testRun=false, type=programming, submissionCount=null, exercise=ParticipationExerciseDTO[id=299, exerciseType=PROGRAMMING, type=programming, assessmentType=AUTOMATIC, dueDate=2025-02-16T23:42:49.163661Z, assessmentDueDate=null, maxPoints=42.0, course=CourseDTO[id=148, accuracyOfScores=1]]], submissionExerciseType=programming, isProcessing=false, buildStartDate=null, estimatedCompletionDate=null], participation=ParticipationDTO[id=465, testRun=false, type=programming, submissionCount=null, exercise=ParticipationExerciseDTO[id=299, exerciseType=PROGRAMMING, type=programming, assessmentType=AUTOMATIC, dueDate=2025-02-16T23:42:49.163661Z, assessmentDueDate=null, maxPoints=42.0, course=CourseDTO[id=148, accuracyOfScores=1]]], feedbacks=[FeedbackDTO[id=80, text=null, detailText=The exercise expects a class with the name Context in the package testpackage. You did not implement the class in the exercise., hasLongFeedbackText=false, reference=null, credits=0.0, positive=false, type=AUTOMATIC, visibility=ALWAYS, testCase=TestCaseDTO[testName=null, id=26]], FeedbackDTO[id=81, text=null, detailText=The exercise expects a class with the name Policy in the package testpackage. You did not implement the class in the exercise., hasLongFeedbackText=false, reference=null, credits=0.0, positive=false, type=AUTOMATIC, visibility=ALWAYS, testCase=TestCaseDTO[testName=null, id=27]], FeedbackDTO[id=82, text=null, detailText=The exercise expects a class with the name SortStrategy in the package testpackage. You did not implement the class in the exercise., hasLongFeedbackText=false, reference=null, credits=0.0, positive=false, type=AUTOMATIC, visibility=ALWAYS, testCase=TestCaseDTO[testName=null, id=28]], FeedbackDTO[id=83, text=null, detailText=The class 'MergeSort' does not implement the interface 'SortStrategy' as expected. Implement the interface and its methods., hasLongFeedbackText=false, reference=null, credits=0.0, positive=false, type=AUTOMATIC, visibility=ALWAYS, testCase=TestCaseDTO[testName=null, id=23]], FeedbackDTO[id=84, text=null, detailText=The exercise expects a class with the name SortStrategy in the package testpackage. You did not implement the class in the exercise., hasLongFeedbackText=false, reference=null, credits=0.0, positive=false, type=AUTOMATIC, visibility=ALWAYS, testCase=TestCaseDTO[testName=null, id=20]], FeedbackDTO[id=85, text=null, detailText=The class 'BubbleSort' does not implement the interface 'SortStrategy' as expected. Implement the interface and its methods., hasLongFeedbackText=false, reference=null, credits=0.0, positive=false, type=AUTOMATIC, visibility=ALWAYS, testCase=TestCaseDTO[testName=null, id=24]], FeedbackDTO[id=86, text=null, detailText=MergeSort does not sort correctly, hasLongFeedbackText=false, reference=null, credits=0.0, positive=false, type=AUTOMATIC, visibility=ALWAYS, testCase=TestCaseDTO[testName=null, id=29]], FeedbackDTO[id=87, text=null, detailText=The class 'Context' was not found within the submission. Make sure to implement it properly., hasLongFeedbackText=false, reference=null, credits=0.0, positive=false, type=AUTOMATIC, visibility=ALWAYS, testCase=TestCaseDTO[testName=null, id=30]], FeedbackDTO[id=88, text=null, detailText=The class 'Context' was not found within the submission. Make sure to implement it properly., hasLongFeedbackText=false, reference=null, credits=0.0, positive=false, type=AUTOMATIC, visibility=ALWAYS, testCase=TestCaseDTO[testName=null, id=31]], FeedbackDTO[id=89, text=null, detailText=The exercise expects a class with the name Policy in the package testpackage. You did not implement the class in the exercise., hasLongFeedbackText=false, reference=null, credits=0.0, positive=false, type=AUTOMATIC, visibility=ALWAYS, testCase=TestCaseDTO[testName=null, id=25]], FeedbackDTO[id=90, text=null, detailText=The exercise expects a class with the name Context in the package testpackage. You did not implement the class in the exercise., hasLongFeedbackText=false, reference=null, credits=0.0, positive=false, type=AUTOMATIC, visibility=ALWAYS, testCase=TestCaseDTO[testName=null, id=21]], FeedbackDTO[id=91, text=null, detailText=The exercise expects a class with the name Policy in the package testpackage. You did not implement the class in the exercise., hasLongFeedbackText=false, reference=null, credits=0.0, positive=false, type=AUTOMATIC, visibility=ALWAYS, testCase=TestCaseDTO[testName=null, id=22]], FeedbackDTO[id=92, text=null, detailText=null, hasLongFeedbackText=false, reference=null, credits=3.230769230769231, positive=true, type=AUTOMATIC, visibility=ALWAYS, testCase=TestCaseDTO[testName=null, id=32]]], assessmentType=AUTOMATIC, hasComplaint=null, exampleResult=null, testCaseCount=13, passedTestCaseCount=1, codeIssueCount=0]], BuildJobQueueItem[id=4681739576573068, name=SHORTBCF65534040390488B0A46605F5F3776B89ATSTEXC-LOCALCIINTSTUDENT1, buildAgent=BuildAgentDTO[name=artemis-build-agent-test, memberAddress=[127.0.0.1]:5703, displayName=artemis-build-agent-test], participationId=468, courseId=149, exerciseId=300, retryCount=0, priority=2, status=SUCCESSFUL, repositoryInfo=RepositoryInfo[repositoryName=shortbcf65534040390488b0a46605f5f3776b89atstexc-localciintstudent1, repositoryType=user, triggeredByPushTo=user, assignmentRepositoryUri=http://localhost:49152/git/SHORTBCF65534040390488B0A46605F5F3776B89ATSTEXC/shortbcf65534040390488b0a46605f5f3776b89atstexc-localciintstudent1.git, testRepositoryUri=http://localhost:49152/git/SHORTBCF65534040390488B0A46605F5F3776B89ATSTEXC/shortbcf65534040390488b0a46605f5f3776b89atstexc-tests.git, solutionRepositoryUri=null, auxiliaryRepositoryUris=[Ljava.lang.String;@733833b3, auxiliaryRepositoryCheckoutDirectories=[Ljava.lang.String;@16a46a45], jobTimingInfo=JobTimingInfo[submissionDate=2025-02-14T23:42:53.068019209Z[Etc/UTC], buildStartDate=2025-02-14T23:42:53.092867394Z[Etc/UTC], buildCompletionDate=2025-02-14T23:42:55.086950323Z[Etc/UTC], estimatedCompletionDate=2025-02-14T23:43:12.092858828Z[Etc/UTC], estimatedDuration=19], buildConfig=BuildConfig[buildScript=#!/bin/bash
cd /var/tmp/testing-dir
chmod +x ./gradlew
./gradlew clean test
, dockerImage=dummy-docker-image:latest, commitHashToBuild=2d5c0482fc77d3f5ec0841962528a43054e83170, assignmentCommitHash=2d5c0482fc77d3f5ec0841962528a43054e83170, testCommitHash=7477e25d56ce5fee2c938542a7e7ed4ed085d373, branch=main, programmingLanguage=JAVA, projectType=PLAIN_GRADLE, scaEnabled=false, sequentialTestRunsEnabled=false, resultPaths=[/var/tmp/testing-dir/**/test-results/test/*.xml], timeoutSeconds=0, assignmentCheckoutPath=null, testCheckoutPath=null, solutionCheckoutPath=null, dockerRunConfig=null], submissionResult=ResultDTO[id=134, completionDate=2025-02-14T23:42:55.059618627Z[Etc/UTC], successful=false, score=7.7, rated=true, submission=SubmissionDTO[id=121, submitted=true, type=MANUAL, exampleSubmission=null, submissionDate=2025-02-14T23:42:53.048221Z, commitHash=2d5c0482fc77d3f5ec0841962528a43054e83170, buildFailed=false, buildArtifact=false, participation=ParticipationDTO[id=468, testRun=false, type=programming, submissionCount=null, exercise=ParticipationExerciseDTO[id=300, exerciseType=PROGRAMMING, type=programming, assessmentType=AUTOMATIC, dueDate=2025-02-16T23:42:52.873722Z, assessmentDueDate=null, maxPoints=42.0, course=CourseDTO[id=149, accuracyOfScores=1]]], submissionExerciseType=programming, isProcessing=false, buildStartDate=null, estimatedCompletionDate=null], participation=ParticipationDTO[id=468, testRun=false, type=programming, submissionCount=null, exercise=ParticipationExerciseDTO[id=300, exerciseType=PROGRAMMING, type=programming, assessmentType=AUTOMATIC, dueDate=2025-02-16T23:42:52.873722Z, assessmentDueDate=null, maxPoints=42.0, course=CourseDTO[id=149, accuracyOfScores=1]]], feedbacks=[FeedbackDTO[id=93, text=null, detailText=The exercise expects a class with the name Context in the package testpackage. You did not implement the class in the exercise., hasLongFeedbackText=false, reference=null, credits=0.0, positive=false, type=AUTOMATIC, visibility=ALWAYS, testCase=TestCaseDTO[testName=null, id=39]], FeedbackDTO[id=94, text=null, detailText=The exercise expects a class with the name Policy in the package testpackage. You did not implement the class in the exercise., hasLongFeedbackText=false, reference=null, credits=0.0, positive=false, type=AUTOMATIC, visibility=ALWAYS, testCase=TestCaseDTO[testName=null, id=40]], FeedbackDTO[id=95, text=null, detailText=The exercise expects a class with the name SortStrategy in the package testpackage. You did not implement the class in the exercise., hasLongFeedbackText=false, reference=null, credits=0.0, positive=false, type=AUTOMATIC, visibility=ALWAYS, testCase=TestCaseDTO[testName=null, id=41]], FeedbackDTO[id=96, text=null, detailText=The class 'MergeSort' does not implement the interface 'SortStrategy' as expected. Implement the interface and its methods., hasLongFeedbackText=false, reference=null, credits=0.0, positive=false, type=AUTOMATIC, visibility=ALWAYS, testCase=TestCaseDTO[testName=null, id=36]], FeedbackDTO[id=97, text=null, detailText=The exercise expects a class with the name SortStrategy in the package testpackage. You did not implement the class in the exercise., hasLongFeedbackText=false, reference=null, credits=0.0, positive=false, type=AUTOMATIC, visibility=ALWAYS, testCase=TestCaseDTO[testName=null, id=33]], FeedbackDTO[id=98, text=null, detailText=The class 'BubbleSort' does not implement the interface 'SortStrategy' as expected. Implement the interface and its methods., hasLongFeedbackText=false, reference=null, credits=0.0, positive=false, type=AUTOMATIC, visibility=ALWAYS, testCase=TestCaseDTO[testName=null, id=37]], FeedbackDTO[id=99, text=null, detailText=MergeSort does not sort correctly, hasLongFeedbackText=false, reference=null, credits=0.0, positive=false, type=AUTOMATIC, visibility=ALWAYS, testCase=TestCaseDTO[testName=null, id=42]], FeedbackDTO[id=100, text=null, detailText=The class 'Context' was not found within the submission. Make sure to implement it properly., hasLongFeedbackText=false, reference=null, credits=0.0, positive=false, type=AUTOMATIC, visibility=ALWAYS, testCase=TestCaseDTO[testName=null, id=43]], FeedbackDTO[id=101, text=null, detailText=The class 'Context' was not found within the submission. Make sure to implement it properly., hasLongFeedbackText=false, reference=null, credits=0.0, positive=false, type=AUTOMATIC, visibility=ALWAYS, testCase=TestCaseDTO[testName=null, id=44]], FeedbackDTO[id=102, text=null, detailText=The exercise expects a class with the name Policy in the package testpackage. You did not implement the class in the exercise., hasLongFeedbackText=false, reference=null, credits=0.0, positive=false, type=AUTOMATIC, visibility=ALWAYS, testCase=TestCaseDTO[testName=null, id=38]], FeedbackDTO[id=103, text=null, detailText=The exercise expects a class with the name Context in the package testpackage. You did not implement the class in the exercise., hasLongFeedbackText=false, reference=null, credits=0.0, positive=false, type=AUTOMATIC, visibility=ALWAYS, testCase=TestCaseDTO[testName=null, id=34]], FeedbackDTO[id=104, text=null, detailText=The exercise expects a class with the name Policy in the package testpackage. You did not implement the class in the exercise., hasLongFeedbackText=false, reference=null, credits=0.0, positive=false, type=AUTOMATIC, visibility=ALWAYS, testCase=TestCaseDTO[testName=null, id=35]], FeedbackDTO[id=105, text=null, detailText=null, hasLongFeedbackText=false, reference=null, credits=3.230769230769231, positive=true, type=AUTOMATIC, visibility=ALWAYS, testCase=TestCaseDTO[testName=null, id=45]]], assessmentType=AUTOMATIC, hasComplaint=null, exampleResult=null, testCaseCount=13, passedTestCaseCount=1, codeIssueCount=0]], BuildJobQueueItem[id=4741739576577297, name=SHORT88A9A223023E2047B709E4A029FA08BCF2CFTSTEXC-LOCALCIINTSTUDENT1, buildAgent=BuildAgentDTO[name=artemis-build-agent-test, memberAddress=[127.0.0.1]:5703, displayName=artemis-build-agent-test], participationId=474, courseId=151, exerciseId=302, retryCount=0, priority=2, status=SUCCESSFUL, repositoryInfo=RepositoryInfo[repositoryName=short88a9a223023e2047b709e4a029fa08bcf2cftstexc-localciintstudent1, repositoryType=user, triggeredByPushTo=user, assignmentRepositoryUri=http://localhost:49152/git/SHORT88A9A223023E2047B709E4A029FA08BCF2CFTSTEXC/short88a9a223023e2047b709e4a029fa08bcf2cftstexc-localciintstudent1.git, testRepositoryUri=http://localhost:49152/git/SHORT88A9A223023E2047B709E4A029FA08BCF2CFTSTEXC/short88a9a223023e2047b709e4a029fa08bcf2cftstexc-tests.git, solutionRepositoryUri=null, auxiliaryRepositoryUris=[Ljava.lang.String;@7cfa97ae, auxiliaryRepositoryCheckoutDirectories=[Ljava.lang.String;@c5aaaee], jobTimingInfo=JobTimingInfo[submissionDate=2025-02-14T23:42:57.297342281Z[Etc/UTC], buildStartDate=2025-02-14T23:42:57.308570327Z[Etc/UTC], buildCompletionDate=2025-02-14T23:42:59.047616654Z[Etc/UTC], estimatedCompletionDate=2025-02-14T23:43:16.308558064Z[Etc/UTC], estimatedDuration=19], buildConfig=BuildConfig[buildScript=#!/bin/bash
cd /var/tmp/testing-dir
chmod +x ./gradlew
./gradlew clean test
, dockerImage=dummy-docker-image:latest, commitHashToBuild=736cbea1e46d6849b41266b2bf1cccd3b9ea55b1, assignmentCommitHash=736cbea1e46d6849b41266b2bf1cccd3b9ea55b1, testCommitHash=ea6267edd396a304305339b036512b63e0374c66, branch=main, programmingLanguage=JAVA, projectType=PLAIN_GRADLE, scaEnabled=false, sequentialTestRunsEnabled=false, resultPaths=[/var/tmp/testing-dir/**/test-results/test/*.xml], timeoutSeconds=0, assignmentCheckoutPath=null, testCheckoutPath=null, solutionCheckoutPath=null, dockerRunConfig=null], submissionResult=ResultDTO[id=135, completionDate=2025-02-14T23:42:59.014168821Z[Etc/UTC], successful=false, score=7.7, rated=true, submission=SubmissionDTO[id=123, submitted=true, type=MANUAL, exampleSubmission=null, submissionDate=2025-02-14T23:42:57.278471Z, commitHash=736cbea1e46d6849b41266b2bf1cccd3b9ea55b1, buildFailed=false, buildArtifact=false, participation=ParticipationDTO[id=474, testRun=false, type=programming, submissionCount=null, exercise=ParticipationExerciseDTO[id=302, exerciseType=PROGRAMMING, type=programming, assessmentType=AUTOMATIC, dueDate=2025-02-16T23:42:56.796251Z, assessmentDueDate=null, maxPoints=42.0, course=CourseDTO[id=151, accuracyOfScores=1]]], submissionExerciseType=programming, isProcessing=false, buildStartDate=null, estimatedCompletionDate=null], participation=ParticipationDTO[id=474, testRun=false, type=programming, submissionCount=null, exercise=ParticipationExerciseDTO[id=302, exerciseType=PROGRAMMING, type=programming, assessmentType=AUTOMATIC, dueDate=2025-02-16T23:42:56.796251Z, assessmentDueDate=null, maxPoints=42.0, course=CourseDTO[id=151, accuracyOfScores=1]]], feedbacks=[FeedbackDTO[id=106, text=null, detailText=The exercise expects a class with the name Context in the package testpackage. You did not implement the class in the exercise., hasLongFeedbackText=false, reference=null, credits=0.0, positive=false, type=AUTOMATIC, visibility=ALWAYS, testCase=TestCaseDTO[testName=null, id=65]], FeedbackDTO[id=107, text=null, detailText=The exercise expects a class with the name Policy in the package testpackage. You did not implement the class in the exercise., hasLongFeedbackText=false, reference=null, credits=0.0, positive=false, type=AUTOMATIC, visibility=ALWAYS, testCase=TestCaseDTO[testName=null, id=66]], FeedbackDTO[id=108, text=null, detailText=The exercise expects a class with the name SortStrategy in the package testpackage. You did not implement the class in the exercise., hasLongFeedbackText=false, reference=null, credits=0.0, positive=false, type=AUTOMATIC, visibility=ALWAYS, testCase=TestCaseDTO[testName=null, id=67]], FeedbackDTO[id=109, text=null, detailText=The class 'MergeSort' does not implement the interface 'SortStrategy' as expected. Implement the interface and its methods., hasLongFeedbackText=false, reference=null, credits=0.0, positive=false, type=AUTOMATIC, visibility=ALWAYS, testCase=TestCaseDTO[testName=null, id=62]], FeedbackDTO[id=110, text=null, detailText=The exercise expects a class with the name SortStrategy in the package testpackage. You did not implement the class in the exercise., hasLongFeedbackText=false, reference=null, credits=0.0, positive=false, type=AUTOMATIC, visibility=ALWAYS, testCase=TestCaseDTO[testName=null, id=59]], FeedbackDTO[id=111, text=null, detailText=The class 'BubbleSort' does not implement the interface 'SortStrategy' as expected. Implement the interface and its methods., hasLongFeedbackText=false, reference=null, credits=0.0, positive=false, type=AUTOMATIC, visibility=ALWAYS, testCase=TestCaseDTO[testName=null, id=63]], FeedbackDTO[id=112, text=null, detailText=MergeSort does not sort correctly, hasLongFeedbackText=false, reference=null, credits=0.0, positive=false, type=AUTOMATIC, visibility=ALWAYS, testCase=TestCaseDTO[testName=null, id=68]], FeedbackDTO[id=113, text=null, detailText=The class 'Context' was not found within the submission. Make sure to implement it properly., hasLongFeedbackText=false, reference=null, credits=0.0, positive=false, type=AUTOMATIC, visibility=ALWAYS, testCase=TestCaseDTO[testName=null, id=69]], FeedbackDTO[id=114, text=null, detailText=The class 'Context' was not found within the submission. Make sure to implement it properly., hasLongFeedbackText=false, reference=null, credits=0.0, positive=false, type=AUTOMATIC, visibility=ALWAYS, testCase=TestCaseDTO[testName=null, id=70]], FeedbackDTO[id=115, text=null, detailText=The exercise expects a class with the name Policy in the package testpackage. You did not implement the class in the exercise., hasLongFeedbackText=false, reference=null, credits=0.0, positive=false, type=AUTOMATIC, visibility=ALWAYS, testCase=TestCaseDTO[testName=null, id=64]], FeedbackDTO[id=116, text=null, detailText=The exercise expects a class with the name Context in the package testpackage. You did not implement the class in the exercise., hasLongFeedbackText=false, reference=null, credits=0.0, positive=false, type=AUTOMATIC, visibility=ALWAYS, testCase=TestCaseDTO[testName=null, id=60]], FeedbackDTO[id=117, text=null, detailText=The exercise expects a class with the name Policy in the package testpackage. You did not implement the class in the exercise., hasLongFeedbackText=false, reference=null, credits=0.0, positive=false, type=AUTOMATIC, visibility=ALWAYS, testCase=TestCaseDTO[testName=null, id=61]], FeedbackDTO[id=118, text=null, detailText=null, hasLongFeedbackText=false, reference=null, credits=3.230769230769231, positive=true, type=AUTOMATIC, visibility=ALWAYS, testCase=TestCaseDTO[testName=null, id=71]]], assessmentType=AUTOMATIC, hasComplaint=null, exampleResult=null, testCaseCount=13, passedTestCaseCount=1, codeIssueCount=0]], BuildJobQueueItem[id=4771739576580898, name=SHORT51E611E30D6B60466F0B8BA0AA97F58888C2TSTEXC-LOCALCIINTSTUDENT1, buildAgent=BuildAgentDTO[name=artemis-build-agent-test, memberAddress=[127.0.0.1]:5703, displayName=artemis-build-agent-test], participationId=477, courseId=152, exerciseId=303, retryCount=0, priority=2, status=SUCCESSFUL, repositoryInfo=RepositoryInfo[repositoryName=short51e611e30d6b60466f0b8ba0aa97f58888c2tstexc-localciintstudent1, repositoryType=user, triggeredByPushTo=user, assignmentRepositoryUri=http://localhost:49152/git/SHORT51E611E30D6B60466F0B8BA0AA97F58888C2TSTEXC/short51e611e30d6b60466f0b8ba0aa97f58888c2tstexc-localciintstudent1.git, testRepositoryUri=http://localhost:49152/git/SHORT51E611E30D6B60466F0B8BA0AA97F58888C2TSTEXC/short51e611e30d6b60466f0b8ba0aa97f58888c2tstexc-tests.git, solutionRepositoryUri=null, auxiliaryRepositoryUris=[Ljava.lang.String;@3ecda57d, auxiliaryRepositoryCheckoutDirectories=[Ljava.lang.String;@b0e16a3], jobTimingInfo=JobTimingInfo[submissionDate=2025-02-14T23:43:00.898532688Z[Etc/UTC], buildStartDate=2025-02-14T23:43:00.905733056Z[Etc/UTC], buildCompletionDate=2025-02-14T23:43:02.692768910Z[Etc/UTC], estimatedCompletionDate=2025-02-14T23:43:19.905720463Z[Etc/UTC], estimatedDuration=19], buildConfig=BuildConfig[buildScript=#!/bin/bash
cd /var/tmp/testing-dir
chmod +x ./gradlew
./gradlew clean test
, dockerImage=dummy-docker-image:latest, commitHashToBuild=8f3057cbd462f5e3de4e6ba85115f60d8dbb5aea, assignmentCommitHash=8f3057cbd462f5e3de4e6ba85115f60d8dbb5aea, testCommitHash=8f3057cbd462f5e3de4e6ba85115f60d8dbb5aea, branch=main, programmingLanguage=JAVA, projectType=PLAIN_GRADLE, scaEnabled=true, sequentialTestRunsEnabled=false, resultPaths=[/var/tmp/testing-dir/**/test-results/test/*.xml], timeoutSeconds=0, assignmentCheckoutPath=null, testCheckoutPath=null, solutionCheckoutPath=null, dockerRunConfig=null], submissionResult=ResultDTO[id=136, completionDate=2025-02-14T23:43:02.637820510Z[Etc/UTC], successful=false, score=7.7, rated=true, submission=SubmissionDTO[id=124, submitted=true, type=MANUAL, exampleSubmission=null, submissionDate=2025-02-14T23:43:00.886601Z, commitHash=8f3057cbd462f5e3de4e6ba85115f60d8dbb5aea, buildFailed=false, buildArtifact=false, participation=ParticipationDTO[id=477, testRun=false, type=programming, submissionCount=null, exercise=ParticipationExerciseDTO[id=303, exerciseType=PROGRAMMING, type=programming, assessmentType=AUTOMATIC, dueDate=2025-02-16T23:43:00.631824Z, assessmentDueDate=null, maxPoints=42.0, course=CourseDTO[id=152, accuracyOfScores=1]]], submissionExerciseType=programming, isProcessing=false, buildStartDate=null, estimatedCompletionDate=null], participation=ParticipationDTO[id=477, testRun=false, type=programming, submissionCount=null, exercise=ParticipationExerciseDTO[id=303, exerciseType=PROGRAMMING, type=programming, assessmentType=AUTOMATIC, dueDate=2025-02-16T23:43:00.631824Z, assessmentDueDate=null, maxPoints=42.0, course=CourseDTO[id=152, accuracyOfScores=1]]], feedbacks=[FeedbackDTO[id=119, text=null, detailText=The exercise expects a class with the name Context in the package testpackage. You did not implement the class in the exercise., hasLongFeedbackText=false, reference=null, credits=0.0, positive=false, type=AUTOMATIC, visibility=ALWAYS, testCase=TestCaseDTO[testName=null, id=78]], FeedbackDTO[id=120, text=null, detailText=The exercise expects a class with the name Policy in the package testpackage. You did not implement the class in the exercise., hasLongFeedbackText=false, reference=null, credits=0.0, positive=false, type=AUTOMATIC, visibility=ALWAYS, testCase=TestCaseDTO[testName=null, id=79]], FeedbackDTO[id=121, text=null, detailText=The exercise expects a class with the name SortStrategy in the package testpackage. You did not implement the class in the exercise., hasLongFeedbackText=false, reference=null, credits=0.0, positive=false, type=AUTOMATIC, visibility=ALWAYS, testCase=TestCaseDTO[testName=null, id=80]], FeedbackDTO[id=122, text=null, detailText=The class 'MergeSort' does not implement the interface 'SortStrategy' as expected. Implement the interface and its methods., hasLongFeedbackText=false, reference=null, credits=0.0, positive=false, type=AUTOMATIC, visibility=ALWAYS, testCase=TestCaseDTO[testName=null, id=75]], FeedbackDTO[id=123, text=null, detailText=The exercise expects a class with the name SortStrategy in the package testpackage. You did not implement the class in the exercise., hasLongFeedbackText=false, reference=null, credits=0.0, positive=false, type=AUTOMATIC, visibility=ALWAYS, testCase=TestCaseDTO[testName=null, id=72]], FeedbackDTO[id=124, text=null, detailText=The class 'BubbleSort' does not implement the interface 'SortStrategy' as expected. Implement the interface and its methods., hasLongFeedbackText=false, reference=null, credits=0.0, positive=false, type=AUTOMATIC, visibility=ALWAYS, testCase=TestCaseDTO[testName=null, id=76]], FeedbackDTO[id=125, text=null, detailText=MergeSort does not sort correctly, hasLongFeedbackText=false, reference=null, credits=0.0, positive=false, type=AUTOMATIC, visibility=ALWAYS, testCase=TestCaseDTO[testName=null, id=81]], FeedbackDTO[id=126, text=null, detailText=The class 'Context' was not found within the submission. Make sure to implement it properly., hasLongFeedbackText=false, reference=null, credits=0.0, positive=false, type=AUTOMATIC, visibility=ALWAYS, testCase=TestCaseDTO[testName=null, id=82]], FeedbackDTO[id=127, text=null, detailText=The class 'Context' was not found within the submission. Make sure to implement it properly., hasLongFeedbackText=false, reference=null, credits=0.0, positive=false, type=AUTOMATIC, visibility=ALWAYS, testCase=TestCaseDTO[testName=null, id=83]], FeedbackDTO[id=128, text=null, detailText=The exercise expects a class with the name Policy in the package testpackage. You did not implement the class in the exercise., hasLongFeedbackText=false, reference=null, credits=0.0, positive=false, type=AUTOMATIC, visibility=ALWAYS, testCase=TestCaseDTO[testName=null, id=77]], FeedbackDTO[id=129, text=null, detailText=The exercise expects a class with the name Context in the package testpackage. You did not implement the class in the exercise., hasLongFeedbackText=false, reference=null, credits=0.0, positive=false, type=AUTOMATIC, visibility=ALWAYS, testCase=TestCaseDTO[testName=null, id=73]], FeedbackDTO[id=130, text=null, detailText=The exercise expects a class with the name Policy in the package testpackage. You did not implement the class in the exercise., hasLongFeedbackText=false, reference=null, credits=0.0, positive=false, type=AUTOMATIC, visibility=ALWAYS, testCase=TestCaseDTO[testName=null, id=74]], FeedbackDTO[id=131, text=null, detailText=null, hasLongFeedbackText=false, reference=null, credits=3.230769230769231, positive=true, type=AUTOMATIC, visibility=ALWAYS, testCase=TestCaseDTO[testName=null, id=84]], FeedbackDTO[id=132, text=SCAFeedbackIdentifier:Bad Practice, detailText={"filePath":"src/code/Client.java","startLine":6,"endLine":6,"startColumn":1,"endColumn":26,"rule":"UnusedImports","category":"Best Practices","message":"Avoid unused imports such as 'javax.swing.JFrame'","priority":"4"}, hasLongFeedbackText=false, reference=PMD, credits=0.0, positive=false, type=AUTOMATIC, visibility=null, testCase=null], FeedbackDTO[id=133, text=SCAFeedbackIdentifier:Code Style, detailText={"filePath":"src/code/Client.java","startLine":7,"endLine":7,"startColumn":1,"endColumn":19,"rule":"DontImportJavaLang","category":"Code Style","message":"Avoid importing anything from the package java.lang","priority":"4"}, hasLongFeedbackText=false, reference=PMD, credits=0.0, positive=false, type=AUTOMATIC, visibility=null, testCase=null], FeedbackDTO[id=134, text=SCAFeedbackIdentifier:Bad Practice, detailText={"filePath":"src/code/Client.java","startLine":7,"endLine":7,"startColumn":1,"endColumn":19,"rule":"UnusedImports","category":"Best Practices","message":"Avoid unused imports such as 'java.lang'","priority":"4"}, hasLongFeedbackText=false, reference=PMD, credits=0.0, positive=false, type=AUTOMATIC, visibility=null, testCase=null], FeedbackDTO[id=135, text=SCAFeedbackIdentifier:Bad Practice, detailText={"filePath":"src/code/Client.java","startLine":73,"endLine":73,"startColumn":18,"endColumn":27,"rule":"UnusedLocalVariable","category":"Best Practices","message":"Avoid unused local variables such as 'randomDate'.","priority":"3"}, hasLongFeedbackText=false, reference=PMD, credits=0.0, positive=false, type=AUTOMATIC, visibility=null, testCase=null], FeedbackDTO[id=136, text=SCAFeedbackIdentifier:Bad Practice, detailText={"filePath":"src/code/Client.java","startLine":81,"endLine":81,"startColumn":31,"endColumn":53,"rule":"UnusedPrivateMethod","category":"Best Practices","message":"Avoid unused private methods such as 'CreateRandomDatesList()'.","priority":"3"}, hasLongFeedbackText=false, reference=PMD, credits=0.0, positive=false, type=AUTOMATIC, visibility=null, testCase=null], FeedbackDTO[id=137, text=SCAFeedbackIdentifier:Potential Bugs, detailText={"filePath":"src/code/Client.java","startLine":94,"endLine":94,"startColumn":9,"endColumn":9,"rule":"EmptyStatementNotInLoop","category":"Error Prone","message":"An empty statement (semicolon) not part of a loop","priority":"3"}, hasLongFeedbackText=false, reference=PMD, credits=0.0, positive=false, type=AUTOMATIC, visibility=null, testCase=null], FeedbackDTO[id=138, text=SCAFeedbackIdentifier:Potential Bugs, detailText={"filePath":"src/code/Client.java","startLine":94,"endLine":94,"startColumn":10,"endColumn":10,"rule":"EmptyStatementNotInLoop","category":"Error Prone","message":"An empty statement (semicolon) not part of a loop","priority":"3"}, hasLongFeedbackText=false, reference=PMD, credits=0.0, positive=false, type=AUTOMATIC, visibility=null, testCase=null], FeedbackDTO[id=139, text=SCAFeedbackIdentifier:Potential Bugs, detailText={"filePath":"src/code/Client.java","startLine":94,"endLine":94,"startColumn":11,"endColumn":11,"rule":"EmptyStatementNotInLoop","category":"Error Prone","message":"An empty statement (semicolon) not part of a loop","priority":"3"}, hasLongFeedbackText=false, reference=PMD, credits=0.0, positive=false, type=AUTOMATIC, visibility=null, testCase=null], FeedbackDTO[id=140, text=SCAFeedbackIdentifier:Code Style, detailText={"filePath":"src/code/Client.java","startLine":73,"endLine":73,"rule":"DLS_DEAD_LOCAL_STORE","category":"STYLE","message":"Dead store to randomDate in code.Client.createRandomDatesList()","priority":"2"}, hasLongFeedbackText=false, reference=SPOTBUGS, credits=0.0, positive=false, type=AUTOMATIC, visibility=null, testCase=null], FeedbackDTO[id=141, text=SCAFeedbackIdentifier:Bad Practice, detailText={"filePath":"src/code/Client.java","startLine":82,"endLine":95,"rule":"NM_METHOD_NAMING_CONVENTION","category":"BAD_PRACTICE","message":"The method name code.Client.CreateRandomDatesList() doesn't start with a lower case letter","priority":"3"}, hasLongFeedbackText=false, reference=SPOTBUGS, credits=0.0, positive=false, type=AUTOMATIC, visibility=null, testCase=null], FeedbackDTO[id=142, text=SCAFeedbackIdentifier:Performance, detailText={"filePath":"src/code/Client.java","startLine":82,"endLine":95,"rule":"UPM_UNCALLED_PRIVATE_METHOD","category":"PERFORMANCE","message":"Private method code.Client.CreateRandomDatesList() is never called","priority":"2"}, hasLongFeedbackText=false, reference=SPOTBUGS, credits=0.0, positive=false, type=AUTOMATIC, visibility=null, testCase=null], FeedbackDTO[id=143, text=SCAFeedbackIdentifier:Code Style, detailText={"filePath":"src/code/Client.java","startLine":70,"endLine":70,"startColumn":9,"endColumn":9,"rule":"NeedBracesCheck","category":"blocks","message":"'for' construct must use '{}'s.","priority":"error"}, hasLongFeedbackText=false, reference=CHECKSTYLE, credits=0.0, positive=false, type=AUTOMATIC, visibility=null, testCase=null], FeedbackDTO[id=144, text=SCAFeedbackIdentifier:Code Style, detailText={"filePath":"src/code/Client.java","startLine":93,"endLine":93,"startColumn":9,"endColumn":9,"rule":"EmptyStatementCheck","category":"coding","message":"Empty statement.","priority":"error"}, hasLongFeedbackText=false, reference=CHECKSTYLE, credits=0.0, positive=false, type=AUTOMATIC, visibility=null, testCase=null], FeedbackDTO[id=145, text=SCAFeedbackIdentifier:Code Style, detailText={"filePath":"src/code/Client.java","startLine":93,"endLine":93,"startColumn":10,"endColumn":10,"rule":"EmptyStatementCheck","category":"coding","message":"Empty statement.","priority":"error"}, hasLongFeedbackText=false, reference=CHECKSTYLE, credits=0.0, positive=false, type=AUTOMATIC, visibility=null, testCase=null], FeedbackDTO[id=146, text=SCAFeedbackIdentifier:Code Style, detailText={"filePath":"src/code/Client.java","startLine":93,"endLine":93,"startColumn":11,"endColumn":11,"rule":"EmptyStatementCheck","category":"coding","message":"Empty statement.","priority":"error"}, hasLongFeedbackText=false, reference=CHECKSTYLE, credits=0.0, positive=false, type=AUTOMATIC, visibility=null, testCase=null]], assessmentType=AUTOMATIC, hasComplaint=null, exampleResult=null, testCaseCount=13, passedTestCaseCount=1, codeIssueCount=15]], BuildJobQueueItem[id=4821739576584632, name=SHORT433BAC4500363044960B6E10DFA0493471B2TSTEXC-LOCALCIINTSTUDENT1, buildAgent=BuildAgentDTO[name=artemis-build-agent-test, memberAddress=[127.0.0.1]:5703, displayName=artemis-build-agent-test], participationId=482, courseId=154, exerciseId=305, retryCount=0, priority=2, status=SUCCESSFUL, repositoryInfo=RepositoryInfo[repositoryName=short433bac4500363044960b6e10dfa0493471b2tstexc-localciintstudent1, repositoryType=user, triggeredByPushTo=user, assignmentRepositoryUri=http://localhost:49152/git/SHORT433BAC4500363044960B6E10DFA0493471B2TSTEXC/short433bac4500363044960b6e10dfa0493471b2tstexc-localciintstudent1.git, testRepositoryUri=http://localhost:49152/git/SHORT433BAC4500363044960B6E10DFA0493471B2TSTEXC/short433bac4500363044960b6e10dfa0493471b2tstexc-tests.git, solutionRepositoryUri=null, auxiliaryRepositoryUris=[Ljava.lang.String;@23e1b78b, auxiliaryRepositoryCheckoutDirectories=[Ljava.lang.String;@7a3574c3], jobTimingInfo=JobTimingInfo[submissionDate=2025-02-14T23:43:04.632341258Z[Etc/UTC], buildStartDate=2025-02-14T23:43:04.637633457Z[Etc/UTC], buildCompletionDate=2025-02-14T23:43:06.421238953Z[Etc/UTC], estimatedCompletionDate=2025-02-14T23:43:23.637623879Z[Etc/UTC], estimatedDuration=19], buildConfig=BuildConfig[buildScript=#!/bin/bash
cd /var/tmp/testing-dir
chmod +x ./gradlew
./gradlew clean test
, dockerImage=dummy-docker-image:latest, commitHashToBuild=8355c4f3cd5d3e0443707d3310206e460e333c6f, assignmentCommitHash=8355c4f3cd5d3e0443707d3310206e460e333c6f, testCommitHash=8355c4f3cd5d3e0443707d3310206e460e333c6f, branch=main, programmingLanguage=JAVA, projectType=PLAIN_GRADLE, scaEnabled=false, sequentialTestRunsEnabled=false, resultPaths=[/var/tmp/testing-dir/**/test-results/test/*.xml], timeoutSeconds=0, assignmentCheckoutPath=null, testCheckoutPath=null, solutionCheckoutPath=null, dockerRunConfig=null], submissionResult=ResultDTO[id=137, completionDate=2025-02-14T23:43:06.404877412Z[Etc/UTC], successful=false, score=7.7, rated=true, submission=SubmissionDTO[id=125, submitted=true, type=MANUAL, exampleSubmission=null, submissionDate=2025-02-14T23:43:04.623230Z, commitHash=8355c4f3cd5d3e0443707d3310206e460e333c6f, buildFailed=false, buildArtifact=false, participation=ParticipationDTO[id=482, testRun=false, type=programming, submissionCount=null, exercise=ParticipationExerciseDTO[id=305, exerciseType=PROGRAMMING, type=programming, assessmentType=AUTOMATIC, dueDate=2025-02-16T23:43:04.425734Z, assessmentDueDate=null, maxPoints=42.0, course=CourseDTO[id=154, accuracyOfScores=1]]], submissionExerciseType=programming, isProcessing=false, buildStartDate=null, estimatedCompletionDate=null], participation=ParticipationDTO[id=482, testRun=false, type=programming, submissionCount=null, exercise=ParticipationExerciseDTO[id=305, exerciseType=PROGRAMMING, type=programming, assessmentType=AUTOMATIC, dueDate=2025-02-16T23:43:04.425734Z, assessmentDueDate=null, maxPoints=42.0, course=CourseDTO[id=154, accuracyOfScores=1]]], feedbacks=[FeedbackDTO[id=147, text=null, detailText=The exercise expects a class with the name Context in the package testpackage. You did not implement the class in the exercise., hasLongFeedbackText=false, reference=null, credits=0.0, positive=false, type=AUTOMATIC, visibility=ALWAYS, testCase=TestCaseDTO[testName=null, id=104]], FeedbackDTO[id=148, text=null, detailText=The exercise expects a class with the name Policy in the package testpackage. You did not implement the class in the exercise., hasLongFeedbackText=false, reference=null, credits=0.0, positive=false, type=AUTOMATIC, visibility=ALWAYS, testCase=TestCaseDTO[testName=null, id=105]], FeedbackDTO[id=149, text=null, detailText=The exercise expects a class with the name SortStrategy in the package testpackage. You did not implement the class in the exercise., hasLongFeedbackText=false, reference=null, credits=0.0, positive=false, type=AUTOMATIC, visibility=ALWAYS, testCase=TestCaseDTO[testName=null, id=106]], FeedbackDTO[id=150, text=null, detailText=The class 'MergeSort' does not implement the interface 'SortStrategy' as expected. Implement the interface and its methods., hasLongFeedbackText=false, reference=null, credits=0.0, positive=false, type=AUTOMATIC, visibility=ALWAYS, testCase=TestCaseDTO[testName=null, id=101]], FeedbackDTO[id=151, text=null, detailText=The exercise expects a class with the name SortStrategy in the package testpackage. You did not implement the class in the exercise., hasLongFeedbackText=false, reference=null, credits=0.0, positive=false, type=AUTOMATIC, visibility=ALWAYS, testCase=TestCaseDTO[testName=null, id=98]], FeedbackDTO[id=152, text=null, detailText=The class 'BubbleSort' does not implement the interface 'SortStrategy' as expected. Implement the interface and its methods., hasLongFeedbackText=false, reference=null, credits=0.0, positive=false, type=AUTOMATIC, visibility=ALWAYS, testCase=TestCaseDTO[testName=null, id=102]], FeedbackDTO[id=153, text=null, detailText=MergeSort does not sort correctly, hasLongFeedbackText=false, reference=null, credits=0.0, positive=false, type=AUTOMATIC, visibility=ALWAYS, testCase=TestCaseDTO[testName=null, id=107]], FeedbackDTO[id=154, text=null, detailText=The class 'Context' was not found within the submission. Make sure to implement it properly., hasLongFeedbackText=false, reference=null, credits=0.0, positive=false, type=AUTOMATIC, visibility=ALWAYS, testCase=TestCaseDTO[testName=null, id=108]], FeedbackDTO[id=155, text=null, detailText=The class 'Context' was not found within the submission. Make sure to implement it properly., hasLongFeedbackText=false, reference=null, credits=0.0, positive=false, type=AUTOMATIC, visibility=ALWAYS, testCase=TestCaseDTO[testName=null, id=109]], FeedbackDTO[id=156, text=null, detailText=The exercise expects a class with the name Policy in the package testpackage. You did not implement the class in the exercise., hasLongFeedbackText=false, reference=null, credits=0.0, positive=false, type=AUTOMATIC, visibility=ALWAYS, testCase=TestCaseDTO[testName=null, id=103]], FeedbackDTO[id=157, text=null, detailText=The exercise expects a class with the name Context in the package testpackage. You did not implement the class in the exercise., hasLongFeedbackText=false, reference=null, credits=0.0, positive=false, type=AUTOMATIC, visibility=ALWAYS, testCase=TestCaseDTO[testName=null, id=99]], FeedbackDTO[id=158, text=null, detailText=The exercise expects a class with the name Policy in the package testpackage. You did not implement the class in the exercise., hasLongFeedbackText=false, reference=null, credits=0.0, positive=false, type=AUTOMATIC, visibility=ALWAYS, testCase=TestCaseDTO[testName=null, id=100]], FeedbackDTO[id=159, text=null, detailText=null, hasLongFeedbackText=false, reference=null, credits=3.230769230769231, positive=true, type=AUTOMATIC, visibility=ALWAYS, testCase=TestCaseDTO[testName=null, id=110]]], assessmentType=AUTOMATIC, hasComplaint=null, exampleResult=null, testCaseCount=13, passedTestCaseCount=1, codeIssueCount=0]], BuildJobQueueItem[id=4851739576588371, name=SHORT495D587A0856D04A9E08BC60D2E08365FB9ETSTEXC-LOCALCIINTSTUDENT1, buildAgent=BuildAgentDTO[name=artemis-build-agent-test, memberAddress=[127.0.0.1]:5703, displayName=artemis-build-agent-test], participationId=485, courseId=155, exerciseId=306, retryCount=0, priority=2, status=FAILED, repositoryInfo=RepositoryInfo[repositoryName=short495d587a0856d04a9e08bc60d2e08365fb9etstexc-localciintstudent1, repositoryType=user, triggeredByPushTo=user, assignmentRepositoryUri=http://localhost:49152/git/SHORT495D587A0856D04A9E08BC60D2E08365FB9ETSTEXC/short495d587a0856d04a9e08bc60d2e08365fb9etstexc-localciintstudent1.git, testRepositoryUri=http://localhost:49152/git/SHORT495D587A0856D04A9E08BC60D2E08365FB9ETSTEXC/short495d587a0856d04a9e08bc60d2e08365fb9etstexc-tests.git, solutionRepositoryUri=null, auxiliaryRepositoryUris=[Ljava.lang.String;@2980d0b5, auxiliaryRepositoryCheckoutDirectories=[Ljava.lang.String;@52406028], jobTimingInfo=JobTimingInfo[submissionDate=2025-02-14T23:43:08.371015915Z[Etc/UTC], buildStartDate=2025-02-14T23:43:08.374658929Z[Etc/UTC], buildCompletionDate=2025-02-14T23:43:09.341007666Z[Etc/UTC], estimatedCompletionDate=2025-02-14T23:43:27.374650503Z[Etc/UTC], estimatedDuration=19], buildConfig=BuildConfig[buildScript=#!/bin/bash
cd /var/tmp/testing-dir
chmod +x ./gradlew
./gradlew clean test
, dockerImage=dummy-docker-image:latest, commitHashToBuild=ebb8aa4dc3625fe07e975266e18313ad871ce864, assignmentCommitHash=9b3a9bd71a0d80e5bbc42204c319ed3d1d4f0d6d, testCommitHash=9b3a9bd71a0d80e5bbc42204c319ed3d1d4f0d6d, branch=main, programmingLanguage=JAVA, projectType=PLAIN_GRADLE, scaEnabled=false, sequentialTestRunsEnabled=false, resultPaths=[/var/tmp/testing-dir/**/test-results/test/*.xml], timeoutSeconds=0, assignmentCheckoutPath=null, testCheckoutPath=null, solutionCheckoutPath=null, dockerRunConfig=null], submissionResult=ResultDTO[id=138, completionDate=2025-02-14T23:43:09.343306574Z[Etc/UTC], successful=false, score=0.0, rated=true, submission=SubmissionDTO[id=127, submitted=true, type=MANUAL, exampleSubmission=null, submissionDate=2025-02-14T23:43:09.343306574Z[Etc/UTC], commitHash=9b3a9bd71a0d80e5bbc42204c319ed3d1d4f0d6d, buildFailed=true, buildArtifact=false, participation=ParticipationDTO[id=485, testRun=false, type=programming, submissionCount=null, exercise=ParticipationExerciseDTO[id=306, exerciseType=PROGRAMMING, type=programming, assessmentType=AUTOMATIC, dueDate=2025-02-16T23:43:08.185273Z, assessmentDueDate=null, maxPoints=42.0, course=CourseDTO[id=155, accuracyOfScores=1]]], submissionExerciseType=programming, isProcessing=false, buildStartDate=null, estimatedCompletionDate=null], participation=ParticipationDTO[id=485, testRun=false, type=programming, submissionCount=null, exercise=ParticipationExerciseDTO[id=306, exerciseType=PROGRAMMING, type=programming, assessmentType=AUTOMATIC, dueDate=2025-02-16T23:43:08.185273Z, assessmentDueDate=null, maxPoints=42.0, course=CourseDTO[id=155, accuracyOfScores=1]]], feedbacks=[], assessmentType=AUTOMATIC, hasComplaint=null, exampleResult=null, testCaseCount=0, passedTestCaseCount=0, codeIssueCount=0]], BuildJobQueueItem[id=4881739576590204, name=SHORT80B5DD0E0D6B304EBB096E9020B949996A1CTSTEXC-LOCALCIINTSTUDENT1, buildAgent=BuildAgentDTO[name=artemis-build-agent-test, memberAddress=[127.0.0.1]:5703, displayName=artemis-build-agent-test], participationId=488, courseId=156, exerciseId=307, retryCount=0, priority=2, status=SUCCESSFUL, repositoryInfo=RepositoryInfo[repositoryName=short80b5dd0e0d6b304ebb096e9020b949996a1ctstexc-localciintstudent1, repositoryType=user, triggeredByPushTo=user, assignmentRepositoryUri=http://localhost:49152/git/SHORT80B5DD0E0D6B304EBB096E9020B949996A1CTSTEXC/short80b5dd0e0d6b304ebb096e9020b949996a1ctstexc-localciintstudent1.git, testRepositoryUri=http://localhost:49152/git/SHORT80B5DD0E0D6B304EBB096E9020B949996A1CTSTEXC/short80b5dd0e0d6b304ebb096e9020b949996a1ctstexc-tests.git, solutionRepositoryUri=null, auxiliaryRepositoryUris=[Ljava.lang.String;@7cb3d804, auxiliaryRepositoryCheckoutDirectories=[Ljava.lang.String;@2df1383d], jobTimingInfo=JobTimingInfo[submissionDate=2025-02-14T23:43:10.204264160Z[Etc/UTC], buildStartDate=2025-02-14T23:43:10.223149139Z[Etc/UTC], buildCompletionDate=2025-02-14T23:43:12.086509109Z[Etc/UTC], estimatedCompletionDate=2025-02-14T23:43:29.223142246Z[Etc/UTC], estimatedDuration=19], buildConfig=BuildConfig[buildScript=#!/bin/bash
cd /var/tmp/testing-dir
chmod +x ./gradlew
./gradlew clean test
, dockerImage=dummy-docker-image:latest, commitHashToBuild=b806a93102242552beed7c01b08b2769731814b3, assignmentCommitHash=b806a93102242552beed7c01b08b2769731814b3, testCommitHash=b806a93102242552beed7c01b08b2769731814b3, branch=main, programmingLanguage=JAVA, projectType=PLAIN_GRADLE, scaEnabled=false, sequentialTestRunsEnabled=false, resultPaths=[/var/tmp/testing-dir/**/test-results/test/*.xml], timeoutSeconds=0, assignmentCheckoutPath=null, testCheckoutPath=null, solutionCheckoutPath=null, dockerRunConfig=null], submissionResult=ResultDTO[id=139, completionDate=2025-02-14T23:43:12.066436124Z[Etc/UTC], successful=false, score=0.0, rated=true, submission=SubmissionDTO[id=128, submitted=true, type=MANUAL, exampleSubmission=null, submissionDate=2025-02-14T23:43:10.192407Z, commitHash=b806a93102242552beed7c01b08b2769731814b3, buildFailed=true, buildArtifact=false, participation=ParticipationDTO[id=488, testRun=false, type=programming, submissionCount=null, exercise=ParticipationExerciseDTO[id=307, exerciseType=PROGRAMMING, type=programming, assessmentType=AUTOMATIC, dueDate=2025-02-16T23:43:09.986646Z, assessmentDueDate=null, maxPoints=42.0, course=CourseDTO[id=156, accuracyOfScores=1]]], submissionExerciseType=programming, isProcessing=false, buildStartDate=null, estimatedCompletionDate=null], participation=ParticipationDTO[id=488, testRun=false, type=programming, submissionCount=null, exercise=ParticipationExerciseDTO[id=307, exerciseType=PROGRAMMING, type=programming, assessmentType=AUTOMATIC, dueDate=2025-02-16T23:43:09.986646Z, assessmentDueDate=null, maxPoints=42.0, course=CourseDTO[id=156, accuracyOfScores=1]]], feedbacks=[], assessmentType=AUTOMATIC, hasComplaint=null, exampleResult=null, testCaseCount=0, passedTestCaseCount=0, codeIssueCount=0]], BuildJobQueueItem[id=4911739576593817, name=SHORT585B2198089880462509B3007867E72DFB7ATSTEXC-LOCALCIINTSTUDENT1, buildAgent=BuildAgentDTO[name=artemis-build-agent-test, memberAddress=[127.0.0.1]:5703, displayName=artemis-build-agent-test], participationId=491, courseId=157, exerciseId=308, retryCount=0, priority=2, status=SUCCESSFUL, repositoryInfo=RepositoryInfo[repositoryName=short585b2198089880462509b3007867e72dfb7atstexc-localciintstudent1, repositoryType=user, triggeredByPushTo=user, assignmentRepositoryUri=http://localhost:49152/git/SHORT585B2198089880462509B3007867E72DFB7ATSTEXC/short585b2198089880462509b3007867e72dfb7atstexc-localciintstudent1.git, testRepositoryUri=http://localhost:49152/git/SHORT585B2198089880462509B3007867E72DFB7ATSTEXC/short585b2198089880462509b3007867e72dfb7atstexc-tests.git, solutionRepositoryUri=null, auxiliaryRepositoryUris=[Ljava.lang.String;@2db404e, auxiliaryRepositoryCheckoutDirectories=[Ljava.lang.String;@53cb211d], jobTimingInfo=JobTimingInfo[submissionDate=2025-02-14T23:43:13.817124706Z[Etc/UTC], buildStartDate=2025-02-14T23:43:13.834335931Z[Etc/UTC], buildCompletionDate=2025-02-14T23:43:15.746259139Z[Etc/UTC], estimatedCompletionDate=2025-02-14T23:43:32.834326082Z[Etc/UTC], estimatedDuration=19], buildConfig=BuildConfig[buildScript=#!/bin/bash
cd /var/tmp/testing-dir
chmod +x ./gradlew
./gradlew clean test
, dockerImage=dummy-docker-image:latest, commitHashToBuild=42077d078a5d5042fe2d4bd8299a990d342fce6e, assignmentCommitHash=42077d078a5d5042fe2d4bd8299a990d342fce6e, testCommitHash=42077d078a5d5042fe2d4bd8299a990d342fce6e, branch=main, programmingLanguage=JAVA, projectType=PLAIN_GRADLE, scaEnabled=false, sequentialTestRunsEnabled=false, resultPaths=[/var/tmp/testing-dir/**/test-results/test/*.xml], timeoutSeconds=0, assignmentCheckoutPath=null, testCheckoutPath=null, solutionCheckoutPath=null, dockerRunConfig=null], submissionResult=ResultDTO[id=140, completionDate=2025-02-14T23:43:15.725343914Z[Etc/UTC], successful=false, score=0.0, rated=true, submission=SubmissionDTO[id=129, submitted=true, type=MANUAL, exampleSubmission=null, submissionDate=2025-02-14T23:43:13.805401Z, commitHash=42077d078a5d5042fe2d4bd8299a990d342fce6e, buildFailed=false, buildArtifact=false, participation=ParticipationDTO[id=491, testRun=false, type=programming, submissionCount=null, exercise=ParticipationExerciseDTO[id=308, exerciseType=PROGRAMMING, type=programming, assessmentType=AUTOMATIC, dueDate=2025-02-16T23:43:13.569213Z, assessmentDueDate=null, maxPoints=42.0, course=CourseDTO[id=157, accuracyOfScores=1]]], submissionExerciseType=programming, isProcessing=false, buildStartDate=null, estimatedCompletionDate=null], participation=ParticipationDTO[id=491, testRun=false, type=programming, submissionCount=null, exercise=ParticipationExerciseDTO[id=308, exerciseType=PROGRAMMING, type=programming, assessmentType=AUTOMATIC, dueDate=2025-02-16T23:43:13.569213Z, assessmentDueDate=null, maxPoints=42.0, course=CourseDTO[id=157, accuracyOfScores=1]]], feedbacks=[FeedbackDTO[id=160, text=null, detailText=Deine Einreichung enthält keine Ausgabe. (67cac2), hasLongFeedbackText=false, reference=null, credits=0.0, positive=false, type=AUTOMATIC, visibility=ALWAYS, testCase=TestCaseDTO[testName=null, id=146]], FeedbackDTO[id=161, text=null, detailText=test `add` failed on ≥ 1 cases:
(0, 0)
Your submission raised an error Failure("TODO add"), hasLongFeedbackText=false, reference=null, credits=0.0, positive=false, type=AUTOMATIC, visibility=ALWAYS, testCase=TestCaseDTO[testName=null, id=149]], FeedbackDTO[id=162, text=null, detailText=test `filter` failed on ≥ 1 cases:
(even, [1; 2; 3; 4])
Your submission raised an error Failure("TODO filter"), hasLongFeedbackText=false, reference=null, credits=0.0, positive=false, type=AUTOMATIC, visibility=ALWAYS, testCase=TestCaseDTO[testName=null, id=148]], FeedbackDTO[id=163, text=null, detailText=Test was not executed., hasLongFeedbackText=false, reference=null, credits=0.0, positive=null, type=AUTOMATIC, visibility=null, testCase=TestCaseDTO[testName=null, id=137]], FeedbackDTO[id=164, text=null, detailText=Test was not executed., hasLongFeedbackText=false, reference=null, credits=0.0, positive=null, type=AUTOMATIC, visibility=null, testCase=TestCaseDTO[testName=null, id=138]], FeedbackDTO[id=165, text=null, detailText=Test was not executed., hasLongFeedbackText=false, reference=null, credits=0.0, positive=null, type=AUTOMATIC, visibility=null, testCase=TestCaseDTO[testName=null, id=139]], FeedbackDTO[id=166, text=null, detailText=Test was not executed., hasLongFeedbackText=false, reference=null, credits=0.0, positive=null, type=AUTOMATIC, visibility=null, testCase=TestCaseDTO[testName=null, id=140]], FeedbackDTO[id=167, text=null, detailText=Test was not executed., hasLongFeedbackText=false, reference=null, credits=0.0, positive=null, type=AUTOMATIC, visibility=null, testCase=TestCaseDTO[testName=null, id=141]], FeedbackDTO[id=168, text=null, detailText=Test was not executed., hasLongFeedbackText=false, reference=null, credits=0.0, positive=null, type=AUTOMATIC, visibility=null, testCase=TestCaseDTO[testName=null, id=142]], FeedbackDTO[id=169, text=null, detailText=Test was not executed., hasLongFeedbackText=false, reference=null, credits=0.0, positive=null, type=AUTOMATIC, visibility=null, testCase=TestCaseDTO[testName=null, id=143]], FeedbackDTO[id=170, text=null, detailText=Test was not executed., hasLongFeedbackText=false, reference=null, credits=0.0, positive=null, type=AUTOMATIC, visibility=null, testCase=TestCaseDTO[testName=null, id=144]], FeedbackDTO[id=171, text=null, detailText=Test was not executed., hasLongFeedbackText=false, reference=null, credits=0.0, positive=null, type=AUTOMATIC, visibility=null, testCase=TestCaseDTO[testName=null, id=145]], FeedbackDTO[id=172, text=null, detailText=Test was not executed., hasLongFeedbackText=false, reference=null, credits=0.0, positive=null, type=AUTOMATIC, visibility=null, testCase=TestCaseDTO[testName=null, id=147]]], assessmentType=AUTOMATIC, hasComplaint=null, exampleResult=null, testCaseCount=13, passedTestCaseCount=0, codeIssueCount=0]], BuildJobQueueItem[id=4941739576597286, name=SHORTFBCBD7BF0E6EB0451A080E80FCB407DC1F12TSTEXC-LOCALCIINTSTUDENT1, buildAgent=BuildAgentDTO[name=artemis-build-agent-test, memberAddress=[127.0.0.1]:5703, displayName=artemis-build-agent-test], participationId=494, courseId=158, exerciseId=309, retryCount=0, priority=2, status=SUCCESSFUL, repositoryInfo=RepositoryInfo[repositoryName=shortfbcbd7bf0e6eb0451a080e80fcb407dc1f12tstexc-localciintstudent1, repositoryType=user, triggeredByPushTo=user, assignmentRepositoryUri=http://localhost:49152/git/SHORTFBCBD7BF0E6EB0451A080E80FCB407DC1F12TSTEXC/shortfbcbd7bf0e6eb0451a080e80fcb407dc1f12tstexc-localciintstudent1.git, testRepositoryUri=http://localhost:49152/git/SHORTFBCBD7BF0E6EB0451A080E80FCB407DC1F12TSTEXC/shortfbcbd7bf0e6eb0451a080e80fcb407dc1f12tstexc-tests.git, solutionRepositoryUri=null, auxiliaryRepositoryUris=[Ljava.lang.String;@31daa098, auxiliaryRepositoryCheckoutDirectories=[Ljava.lang.String;@154e464e], jobTimingInfo=JobTimingInfo[submissionDate=2025-02-14T23:43:17.286977233Z[Etc/UTC], buildStartDate=2025-02-14T23:43:17.293977347Z[Etc/UTC], buildCompletionDate=2025-02-14T23:43:18.740990762Z[Etc/UTC], estimatedCompletionDate=2025-02-14T23:43:36.293970494Z[Etc/UTC], estimatedDuration=19], buildConfig=BuildConfig[buildScript=#!/bin/bash
cd /var/tmp/testing-dir
chmod +x ./gradlew
./gradlew clean test
, dockerImage=dummy-docker-image:latest, commitHashToBuild=4a1af7e8a64e6505c5fc09b9f81ea41af9fcff44, assignmentCommitHash=4a1af7e8a64e6505c5fc09b9f81ea41af9fcff44, testCommitHash=4a1af7e8a64e6505c5fc09b9f81ea41af9fcff44, branch=main, programmingLanguage=JAVA, projectType=PLAIN_GRADLE, scaEnabled=false, sequentialTestRunsEnabled=false, resultPaths=[/var/tmp/testing-dir/**/test-results/test/*.xml], timeoutSeconds=0, assignmentCheckoutPath=null, testCheckoutPath=null, solutionCheckoutPath=null, dockerRunConfig=null], submissionResult=ResultDTO[id=141, completionDate=2025-02-14T23:43:18.729015138Z[Etc/UTC], successful=false, score=0.0, rated=true, submission=SubmissionDTO[id=130, submitted=true, type=MANUAL, exampleSubmission=null, submissionDate=2025-02-14T23:43:17.272936Z, commitHash=4a1af7e8a64e6505c5fc09b9f81ea41af9fcff44, buildFailed=true, buildArtifact=false, participation=ParticipationDTO[id=494, testRun=false, type=programming, submissionCount=null, exercise=ParticipationExerciseDTO[id=309, exerciseType=PROGRAMMING, type=programming, assessmentType=AUTOMATIC, dueDate=2025-02-16T23:43:17.147218Z, assessmentDueDate=null, maxPoints=42.0, course=CourseDTO[id=158, accuracyOfScores=1]]], submissionExerciseType=programming, isProcessing=false, buildStartDate=null, estimatedCompletionDate=null], participation=ParticipationDTO[id=494, testRun=false, type=programming, submissionCount=null, exercise=ParticipationExerciseDTO[id=309, exerciseType=PROGRAMMING, type=programming, assessmentType=AUTOMATIC, dueDate=2025-02-16T23:43:17.147218Z, assessmentDueDate=null, maxPoints=42.0, course=CourseDTO[id=158, accuracyOfScores=1]]], feedbacks=[], assessmentType=AUTOMATIC, hasComplaint=null, exampleResult=null, testCaseCount=0, passedTestCaseCount=0, codeIssueCount=0]], BuildJobQueueItem[id=4971739576599269, name=SHORT52AD57270517204728083260501A19D262D1TSTEXC-LOCALCIINTSTUDENT1, buildAgent=BuildAgentDTO[name=artemis-build-agent-test, memberAddress=[127.0.0.1]:5703, displayName=artemis-build-agent-test], participationId=497, courseId=159, exerciseId=310, retryCount=0, priority=2, status=SUCCESSFUL, repositoryInfo=RepositoryInfo[repositoryName=short52ad57270517204728083260501a19d262d1tstexc-localciintstudent1, repositoryType=user, triggeredByPushTo=user, assignmentRepositoryUri=http://localhost:49152/git/SHORT52AD57270517204728083260501A19D262D1TSTEXC/short52ad57270517204728083260501a19d262d1tstexc-localciintstudent1.git, testRepositoryUri=http://localhost:49152/git/SHORT52AD57270517204728083260501A19D262D1TSTEXC/short52ad57270517204728083260501a19d262d1tstexc-tests.git, solutionRepositoryUri=null, auxiliaryRepositoryUris=[Ljava.lang.String;@4d4fbd99, auxiliaryRepositoryCheckoutDirectories=[Ljava.lang.String;@4786bee4], jobTimingInfo=JobTimingInfo[submissionDate=2025-02-14T23:43:19.269997499Z[Etc/UTC], buildStartDate=2025-02-14T23:43:19.277325895Z[Etc/UTC], buildCompletionDate=2025-02-14T23:43:20.497391524Z[Etc/UTC], estimatedCompletionDate=2025-02-14T23:43:38.277310787Z[Etc/UTC], estimatedDuration=19], buildConfig=BuildConfig[buildScript=#!/bin/bash
cd /var/tmp/testing-dir
chmod +x ./gradlew
./gradlew clean test
, dockerImage=dummy-docker-image:latest, commitHashToBuild=9f4f76247a188e9a0f3516a9fbd60e829d53fb05, assignmentCommitHash=9f4f76247a188e9a0f3516a9fbd60e829d53fb05, testCommitHash=9f4f76247a188e9a0f3516a9fbd60e829d53fb05, branch=main, programmingLanguage=JAVA, projectType=PLAIN_GRADLE, scaEnabled=false, sequentialTestRunsEnabled=false, resultPaths=[/var/tmp/testing-dir/**/test-results/test/*.xml], timeoutSeconds=0, assignmentCheckoutPath=null, testCheckoutPath=null, solutionCheckoutPath=null, dockerRunConfig=null], submissionResult=ResultDTO[id=142, completionDate=2025-02-14T23:43:20.484244187Z[Etc/UTC], successful=false, score=7.7, rated=true, submission=SubmissionDTO[id=131, submitted=true, type=MANUAL, exampleSubmission=null, submissionDate=2025-02-14T23:43:19.265464Z, commitHash=9f4f76247a188e9a0f3516a9fbd60e829d53fb05, buildFailed=false, buildArtifact=false, participation=ParticipationDTO[id=497, testRun=false, type=programming, submissionCount=null, exercise=ParticipationExerciseDTO[id=310, exerciseType=PROGRAMMING, type=programming, assessmentType=AUTOMATIC, dueDate=2025-02-16T23:43:19.182228Z, assessmentDueDate=null, maxPoints=42.0, course=CourseDTO[id=159, accuracyOfScores=1]]], submissionExerciseType=programming, isProcessing=false, buildStartDate=null, estimatedCompletionDate=null], participation=ParticipationDTO[id=497, testRun=false, type=programming, submissionCount=null, exercise=ParticipationExerciseDTO[id=310, exerciseType=PROGRAMMING, type=programming, assessmentType=AUTOMATIC, dueDate=2025-02-16T23:43:19.182228Z, assessmentDueDate=null, maxPoints=42.0, course=CourseDTO[id=159, accuracyOfScores=1]]], feedbacks=[FeedbackDTO[id=173, text=null, detailText=The exercise expects a class with the name Context in the package testpackage. You did not implement the class in the exercise., hasLongFeedbackText=false, reference=null, credits=0.0, positive=false, type=AUTOMATIC, visibility=ALWAYS, testCase=TestCaseDTO[testName=null, id=169]], FeedbackDTO[id=174, text=null, detailText=The exercise expects a class with the name Policy in the package testpackage. You did not implement the class in the exercise., hasLongFeedbackText=false, reference=null, credits=0.0, positive=false, type=AUTOMATIC, visibility=ALWAYS, testCase=TestCaseDTO[testName=null, id=170]], FeedbackDTO[id=175, text=null, detailText=The exercise expects a class with the name SortStrategy in the package testpackage. You did not implement the class in the exercise., hasLongFeedbackText=false, reference=null, credits=0.0, positive=false, type=AUTOMATIC, visibility=ALWAYS, testCase=TestCaseDTO[testName=null, id=171]], FeedbackDTO[id=176, text=null, detailText=The class 'MergeSort' does not implement the interface 'SortStrategy' as expected. Implement the interface and its methods., hasLongFeedbackText=false, reference=null, credits=0.0, positive=false, type=AUTOMATIC, visibility=ALWAYS, testCase=TestCaseDTO[testName=null, id=166]], FeedbackDTO[id=177, text=null, detailText=The exercise expects a class with the name SortStrategy in the package testpackage. You did not implement the class in the exercise., hasLongFeedbackText=false, reference=null, credits=0.0, positive=false, type=AUTOMATIC, visibility=ALWAYS, testCase=TestCaseDTO[testName=null, id=163]], FeedbackDTO[id=178, text=null, detailText=The class 'BubbleSort' does not implement the interface 'SortStrategy' as expected. Implement the interface and its methods., hasLongFeedbackText=false, reference=null, credits=0.0, positive=false, type=AUTOMATIC, visibility=ALWAYS, testCase=TestCaseDTO[testName=null, id=167]], FeedbackDTO[id=179, text=null, detailText=MergeSort does not sort correctly, hasLongFeedbackText=false, reference=null, credits=0.0, positive=false, type=AUTOMATIC, visibility=ALWAYS, testCase=TestCaseDTO[testName=null, id=172]], FeedbackDTO[id=180, text=null, detailText=The class 'Context' was not found within the submission. Make sure to implement it properly., hasLongFeedbackText=false, reference=null, credits=0.0, positive=false, type=AUTOMATIC, visibility=ALWAYS, testCase=TestCaseDTO[testName=null, id=173]], FeedbackDTO[id=181, text=null, detailText=The class 'Context' was not found within the submission. Make sure to implement it properly., hasLongFeedbackText=false, reference=null, credits=0.0, positive=false, type=AUTOMATIC, visibility=ALWAYS, testCase=TestCaseDTO[testName=null, id=174]], FeedbackDTO[id=182, text=null, detailText=The exercise expects a class with the name Policy in the package testpackage. You did not implement the class in the exercise., hasLongFeedbackText=false, reference=null, credits=0.0, positive=false, type=AUTOMATIC, visibility=ALWAYS, testCase=TestCaseDTO[testName=null, id=168]], FeedbackDTO[id=183, text=null, detailText=The exercise expects a class with the name Context in the package testpackage. You did not implement the class in the exercise., hasLongFeedbackText=false, reference=null, credits=0.0, positive=false, type=AUTOMATIC, visibility=ALWAYS, testCase=TestCaseDTO[testName=null, id=164]], FeedbackDTO[id=184, text=null, detailText=The exercise expects a class with the name Policy in the package testpackage. You did not implement the class in the exercise., hasLongFeedbackText=false, reference=null, credits=0.0, positive=false, type=AUTOMATIC, visibility=ALWAYS, testCase=TestCaseDTO[testName=null, id=165]], FeedbackDTO[id=185, text=null, detailText=null, hasLongFeedbackText=false, reference=null, credits=3.230769230769231, positive=true, type=AUTOMATIC, visibility=ALWAYS, testCase=TestCaseDTO[testName=null, id=175]]], assessmentType=AUTOMATIC, hasComplaint=null, exampleResult=null, testCaseCount=13, passedTestCaseCount=1, codeIssueCount=0]], BuildJobQueueItem[id=5001739576601035, name=SHORT582B1BDC0A17704D6D0A46800FC19163DA47TSTEXC-LOCALCIINTSTUDENT1, buildAgent=BuildAgentDTO[name=artemis-build-agent-test, memberAddress=[127.0.0.1]:5703, displayName=artemis-build-agent-test], participationId=500, courseId=160, exerciseId=311, retryCount=0, priority=2, status=SUCCESSFUL, repositoryInfo=RepositoryInfo[repositoryName=short582b1bdc0a17704d6d0a46800fc19163da47tstexc-localciintstudent1, repositoryType=user, triggeredByPushTo=user, assignmentRepositoryUri=http://localhost:49152/git/SHORT582B1BDC0A17704D6D0A46800FC19163DA47TSTEXC/short582b1bdc0a17704d6d0a46800fc19163da47tstexc-localciintstudent1.git, testRepositoryUri=http://localhost:49152/git/SHORT582B1BDC0A17704D6D0A46800FC19163DA47TSTEXC/short582b1bdc0a17704d6d0a46800fc19163da47tstexc-tests.git, solutionRepositoryUri=null, auxiliaryRepositoryUris=[Ljava.lang.String;@23bc08ec, auxiliaryRepositoryCheckoutDirectories=[Ljava.lang.String;@442756e3], jobTimingInfo=JobTimingInfo[submissionDate=2025-02-14T23:43:21.035120760Z[Etc/UTC], buildStartDate=2025-02-14T23:43:21.040320383Z[Etc/UTC], buildCompletionDate=2025-02-14T23:43:22.581236903Z[Etc/UTC], estimatedCompletionDate=2025-02-14T23:43:40.040312057Z[Etc/UTC], estimatedDuration=19], buildConfig=BuildConfig[buildScript=#!/bin/bash
cd /var/tmp/testing-dir
chmod +x ./gradlew
./gradlew clean test
, dockerImage=dummy-docker-image:latest, commitHashToBuild=887566cf754016f986627cf5c5c365dea16c907f, assignmentCommitHash=887566cf754016f986627cf5c5c365dea16c907f, testCommitHash=6af67146332066e7430917928a4b9b81c43b7c71, branch=main, programmingLanguage=JAVA, projectType=PLAIN_GRADLE, scaEnabled=false, sequentialTestRunsEnabled=false, resultPaths=[/var/tmp/testing-dir/**/test-results/test/*.xml], timeoutSeconds=0, assignmentCheckoutPath=customAssignmentPath, testCheckoutPath=null, solutionCheckoutPath=null, dockerRunConfig=null], submissionResult=ResultDTO[id=143, completionDate=2025-02-14T23:43:22.538158998Z[Etc/UTC], successful=false, score=7.7, rated=true, submission=SubmissionDTO[id=132, submitted=true, type=MANUAL, exampleSubmission=null, submissionDate=2025-02-14T23:43:21.028930Z, commitHash=887566cf754016f986627cf5c5c365dea16c907f, buildFailed=false, buildArtifact=false, participation=ParticipationDTO[id=500, testRun=false, type=programming, submissionCount=null, exercise=ParticipationExerciseDTO[id=311, exerciseType=PROGRAMMING, type=programming, assessmentType=AUTOMATIC, dueDate=2025-02-16T23:43:20.897280Z, assessmentDueDate=null, maxPoints=42.0, course=CourseDTO[id=160, accuracyOfScores=1]]], submissionExerciseType=programming, isProcessing=false, buildStartDate=null, estimatedCompletionDate=null], participation=ParticipationDTO[id=500, testRun=false, type=programming, submissionCount=null, exercise=ParticipationExerciseDTO[id=311, exerciseType=PROGRAMMING, type=programming, assessmentType=AUTOMATIC, dueDate=2025-02-16T23:43:20.897280Z, assessmentDueDate=null, maxPoints=42.0, course=CourseDTO[id=160, accuracyOfScores=1]]], feedbacks=[FeedbackDTO[id=186, text=null, detailText=The exercise expects a class with the name Context in the package testpackage. You did not implement the class in the exercise., hasLongFeedbackText=false, reference=null, credits=0.0, positive=false, type=AUTOMATIC, visibility=ALWAYS, testCase=TestCaseDTO[testName=null, id=182]], FeedbackDTO[id=187, text=null, detailText=The exercise expects a class with the name Policy in the package testpackage. You did not implement the class in the exercise., hasLongFeedbackText=false, reference=null, credits=0.0, positive=false, type=AUTOMATIC, visibility=ALWAYS, testCase=TestCaseDTO[testName=null, id=183]], FeedbackDTO[id=188, text=null, detailText=The exercise expects a class with the name SortStrategy in the package testpackage. You did not implement the class in the exercise., hasLongFeedbackText=false, reference=null, credits=0.0, positive=false, type=AUTOMATIC, visibility=ALWAYS, testCase=TestCaseDTO[testName=null, id=184]], FeedbackDTO[id=189, text=null, detailText=The class 'MergeSort' does not implement the interface 'SortStrategy' as expected. Implement the interface and its methods., hasLongFeedbackText=false, reference=null, credits=0.0, positive=false, type=AUTOMATIC, visibility=ALWAYS, testCase=TestCaseDTO[testName=null, id=179]], FeedbackDTO[id=190, text=null, detailText=The exercise expects a class with the name SortStrategy in the package testpackage. You did not implement the class in the exercise., hasLongFeedbackText=false, reference=null, credits=0.0, positive=false, type=AUTOMATIC, visibility=ALWAYS, testCase=TestCaseDTO[testName=null, id=176]], FeedbackDTO[id=191, text=null, detailText=The class 'BubbleSort' does not implement the interface 'SortStrategy' as expected. Implement the interface and its methods., hasLongFeedbackText=false, reference=null, credits=0.0, positive=false, type=AUTOMATIC, visibility=ALWAYS, testCase=TestCaseDTO[testName=null, id=180]], FeedbackDTO[id=192, text=null, detailText=MergeSort does not sort correctly, hasLongFeedbackText=false, reference=null, credits=0.0, positive=false, type=AUTOMATIC, visibility=ALWAYS, testCase=TestCaseDTO[testName=null, id=185]], FeedbackDTO[id=193, text=null, detailText=The class 'Context' was not found within the submission. Make sure to implement it properly., hasLongFeedbackText=false, reference=null, credits=0.0, positive=false, type=AUTOMATIC, visibility=ALWAYS, testCase=TestCaseDTO[testName=null, id=186]], FeedbackDTO[id=194, text=null, detailText=The class 'Context' was not found within the submission. Make sure to implement it properly., hasLongFeedbackText=false, reference=null, credits=0.0, positive=false, type=AUTOMATIC, visibility=ALWAYS, testCase=TestCaseDTO[testName=null, id=187]], FeedbackDTO[id=195, text=null, detailText=The exercise expects a class with the name Policy in the package testpackage. You did not implement the class in the exercise., hasLongFeedbackText=false, reference=null, credits=0.0, positive=false, type=AUTOMATIC, visibility=ALWAYS, testCase=TestCaseDTO[testName=null, id=181]], FeedbackDTO[id=196, text=null, detailText=The exercise expects a class with the name Context in the package testpackage. You did not implement the class in the exercise., hasLongFeedbackText=false, reference=null, credits=0.0, positive=false, type=AUTOMATIC, visibility=ALWAYS, testCase=TestCaseDTO[testName=null, id=177]], FeedbackDTO[id=197, text=null, detailText=The exercise expects a class with the name Policy in the package testpackage. You did not implement the class in the exercise., hasLongFeedbackText=false, reference=null, credits=0.0, positive=false, type=AUTOMATIC, visibility=ALWAYS, testCase=TestCaseDTO[testName=null, id=178]], FeedbackDTO[id=198, text=null, detailText=null, hasLongFeedbackText=false, reference=null, credits=3.230769230769231, positive=true, type=AUTOMATIC, visibility=ALWAYS, testCase=TestCaseDTO[testName=null, id=188]]], assessmentType=AUTOMATIC, hasComplaint=null, exampleResult=null, testCaseCount=13, passedTestCaseCount=1, codeIssueCount=0]], BuildJobQueueItem[id=5031739576604847, name=SHORT00FA1A240403404C7E097D7007C591BE2AB1TSTEXC-LOCALCIINTSTUDENT1, buildAgent=BuildAgentDTO[name=artemis-build-agent-test, memberAddress=[127.0.0.1]:5703, displayName=artemis-build-agent-test], participationId=503, courseId=161, exerciseId=312, retryCount=0, priority=2, status=FAILED, repositoryInfo=RepositoryInfo[repositoryName=short00fa1a240403404c7e097d7007c591be2ab1tstexc-localciintstudent1, repositoryType=user, triggeredByPushTo=user, assignmentRepositoryUri=http://localhost:49152/git/SHORT00FA1A240403404C7E097D7007C591BE2AB1TSTEXC/short00fa1a240403404c7e097d7007c591be2ab1tstexc-localciintstudent1.git, testRepositoryUri=http://localhost:49152/git/SHORT00FA1A240403404C7E097D7007C591BE2AB1TSTEXC/short00fa1a240403404c7e097d7007c591be2ab1tstexc-tests.git, solutionRepositoryUri=null, auxiliaryRepositoryUris=[Ljava.lang.String;@74b4888b, auxiliaryRepositoryCheckoutDirectories=[Ljava.lang.String;@6b76967], jobTimingInfo=JobTimingInfo[submissionDate=2025-02-14T23:43:24.847396156Z[Etc/UTC], buildStartDate=2025-02-14T23:43:24.860457211Z[Etc/UTC], buildCompletionDate=2025-02-14T23:43:26.809353681Z[Etc/UTC], estimatedCompletionDate=2025-02-14T23:43:46.860451490Z[Etc/UTC], estimatedDuration=22], buildConfig=BuildConfig[buildScript=#!/bin/bash
cd /var/tmp/testing-dir
chmod +x ./gradlew
./gradlew clean test
, dockerImage=dummy-docker-image:latest, commitHashToBuild=9690714a509af0a98c6790a7e52ee3574c7ef689, assignmentCommitHash=9690714a509af0a98c6790a7e52ee3574c7ef689, testCommitHash=9690714a509af0a98c6790a7e52ee3574c7ef689, branch=main, programmingLanguage=JAVA, projectType=PLAIN_GRADLE, scaEnabled=false, sequentialTestRunsEnabled=false, resultPaths=[/var/tmp/testing-dir/**/test-results/test/*.xml], timeoutSeconds=0, assignmentCheckoutPath=null, testCheckoutPath=null, solutionCheckoutPath=null, dockerRunConfig=null], submissionResult=ResultDTO[id=144, completionDate=2025-02-14T23:43:26.809483684Z[Etc/UTC], successful=false, score=0.0, rated=true, submission=SubmissionDTO[id=133, submitted=true, type=MANUAL, exampleSubmission=null, submissionDate=2025-02-14T23:43:24.841319Z, commitHash=9690714a509af0a98c6790a7e52ee3574c7ef689, buildFailed=true, buildArtifact=false, participation=ParticipationDTO[id=503, testRun=false, type=programming, submissionCount=null, exercise=ParticipationExerciseDTO[id=312, exerciseType=PROGRAMMING, type=programming, assessmentType=AUTOMATIC, dueDate=2025-02-16T23:43:24.571329Z, assessmentDueDate=null, maxPoints=42.0, course=CourseDTO[id=161, accuracyOfScores=1]]], submissionExerciseType=programming, isProcessing=false, buildStartDate=null, estimatedCompletionDate=null], participation=ParticipationDTO[id=503, testRun=false, type=programming, submissionCount=null, exercise=ParticipationExerciseDTO[id=312, exerciseType=PROGRAMMING, type=programming, assessmentType=AUTOMATIC, dueDate=2025-02-16T23:43:24.571329Z, assessmentDueDate=null, maxPoints=42.0, course=CourseDTO[id=161, accuracyOfScores=1]]], feedbacks=[], assessmentType=AUTOMATIC, hasComplaint=null, exampleResult=null, testCaseCount=0, passedTestCaseCount=0, codeIssueCount=0]], BuildJobQueueItem[id=5061739576605250, name=SHORT62C808EE04ECE040740AF7B0CF3AE5F5BEF2TSTEXC-LOCALCIINTSTUDENT1, buildAgent=BuildAgentDTO[name=artemis-build-agent-test, memberAddress=[127.0.0.1]:5703, displayName=artemis-build-agent-test], participationId=506, courseId=162, exerciseId=313, retryCount=0, priority=2, status=SUCCESSFUL, repositoryInfo=RepositoryInfo[repositoryName=short62c808ee04ece040740af7b0cf3ae5f5bef2tstexc-localciintstudent1, repositoryType=user, triggeredByPushTo=user, assignmentRepositoryUri=http://localhost:49152/git/SHORT62C808EE04ECE040740AF7B0CF3AE5F5BEF2TSTEXC/short62c808ee04ece040740af7b0cf3ae5f5bef2tstexc-localciintstudent1.git, testRepositoryUri=http://localhost:49152/git/SHORT62C808EE04ECE040740AF7B0CF3AE5F5BEF2TSTEXC/short62c808ee04ece040740af7b0cf3ae5f5bef2tstexc-tests.git, solutionRepositoryUri=null, auxiliaryRepositoryUris=[Ljava.lang.String;@450ffa35, auxiliaryRepositoryCheckoutDirectories=[Ljava.lang.String;@3be12c39], jobTimingInfo=JobTimingInfo[submissionDate=2025-02-14T23:43:25.250749866Z[Etc/UTC], buildStartDate=2025-02-14T23:43:26.820713075Z[Etc/UTC], buildCompletionDate=2025-02-14T23:43:28.304236378Z[Etc/UTC], estimatedCompletionDate=2025-02-14T23:43:45.820704920Z[Etc/UTC], estimatedDuration=19], buildConfig=BuildConfig[buildScript=#!/bin/bash
cd /var/tmp/testing-dir
chmod +x ./gradlew
./gradlew clean test
, dockerImage=dummy-docker-image:latest, commitHashToBuild=993b6f756e3e52a44d0537d4fa3a5d0e0acdbe89, assignmentCommitHash=993b6f756e3e52a44d0537d4fa3a5d0e0acdbe89, testCommitHash=993b6f756e3e52a44d0537d4fa3a5d0e0acdbe89, branch=main, programmingLanguage=JAVA, projectType=null, scaEnabled=false, sequentialTestRunsEnabled=false, resultPaths=[/var/tmp/testing-dir/**/test-results/test/*.xml], timeoutSeconds=0, assignmentCheckoutPath=null, testCheckoutPath=null, solutionCheckoutPath=null, dockerRunConfig=null], submissionResult=ResultDTO[id=145, completionDate=2025-02-14T23:43:28.269051286Z[Etc/UTC], successful=false, score=7.7, rated=true, submission=SubmissionDTO[id=134, submitted=true, type=MANUAL, exampleSubmission=null, submissionDate=2025-02-14T23:43:25.241685Z, commitHash=993b6f756e3e52a44d0537d4fa3a5d0e0acdbe89, buildFailed=false, buildArtifact=false, participation=ParticipationDTO[id=506, testRun=false, type=programming, submissionCount=null, exercise=ParticipationExerciseDTO[id=313, exerciseType=PROGRAMMING, type=programming, assessmentType=AUTOMATIC, dueDate=2025-02-16T23:43:24.986721Z, assessmentDueDate=null, maxPoints=42.0, course=CourseDTO[id=162, accuracyOfScores=1]]], submissionExerciseType=programming, isProcessing=false, buildStartDate=null, estimatedCompletionDate=null], participation=ParticipationDTO[id=506, testRun=false, type=programming, submissionCount=null, exercise=ParticipationExerciseDTO[id=313, exerciseType=PROGRAMMING, type=programming, assessmentType=AUTOMATIC, dueDate=2025-02-16T23:43:24.986721Z, assessmentDueDate=null, maxPoints=42.0, course=CourseDTO[id=162, accuracyOfScores=1]]], feedbacks=[FeedbackDTO[id=199, text=null, detailText=The exercise expects a class with the name Context in the package testpackage. You did not implement the class in the exercise., hasLongFeedbackText=false, reference=null, credits=0.0, positive=false, type=AUTOMATIC, visibility=ALWAYS, testCase=TestCaseDTO[testName=null, id=208]], FeedbackDTO[id=200, text=null, detailText=The exercise expects a class with the name Policy in the package testpackage. You did not implement the class in the exercise., hasLongFeedbackText=false, reference=null, credits=0.0, positive=false, type=AUTOMATIC, visibility=ALWAYS, testCase=TestCaseDTO[testName=null, id=209]], FeedbackDTO[id=201, text=null, detailText=The exercise expects a class with the name SortStrategy in the package testpackage. You did not implement the class in the exercise., hasLongFeedbackText=false, reference=null, credits=0.0, positive=false, type=AUTOMATIC, visibility=ALWAYS, testCase=TestCaseDTO[testName=null, id=210]], FeedbackDTO[id=202, text=null, detailText=The class 'MergeSort' does not implement the interface 'SortStrategy' as expected. Implement the interface and its methods., hasLongFeedbackText=false, reference=null, credits=0.0, positive=false, type=AUTOMATIC, visibility=ALWAYS, testCase=TestCaseDTO[testName=null, id=205]], FeedbackDTO[id=203, text=null, detailText=The exercise expects a class with the name SortStrategy in the package testpackage. You did not implement the class in the exercise., hasLongFeedbackText=false, reference=null, credits=0.0, positive=false, type=AUTOMATIC, visibility=ALWAYS, testCase=TestCaseDTO[testName=null, id=202]], FeedbackDTO[id=204, text=null, detailText=The class 'BubbleSort' does not implement the interface 'SortStrategy' as expected. Implement the interface and its methods., hasLongFeedbackText=false, reference=null, credits=0.0, positive=false, type=AUTOMATIC, visibility=ALWAYS, testCase=TestCaseDTO[testName=null, id=206]], FeedbackDTO[id=205, text=null, detailText=MergeSort does not sort correctly, hasLongFeedbackText=false, reference=null, credits=0.0, positive=false, type=AUTOMATIC, visibility=ALWAYS, testCase=TestCaseDTO[testName=null, id=211]], FeedbackDTO[id=206, text=null, detailText=The class 'Context' was not found within the submission. Make sure to implement it properly., hasLongFeedbackText=false, reference=null, credits=0.0, positive=false, type=AUTOMATIC, visibility=ALWAYS, testCase=TestCaseDTO[testName=null, id=212]], FeedbackDTO[id=207, text=null, detailText=The class 'Context' was not found within the submission. Make sure to implement it properly., hasLongFeedbackText=false, reference=null, credits=0.0, positive=false, type=AUTOMATIC, visibility=ALWAYS, testCase=TestCaseDTO[testName=null, id=213]], FeedbackDTO[id=208, text=null, detailText=The exercise expects a class with the name Policy in the package testpackage. You did not implement the class in the exercise., hasLongFeedbackText=false, reference=null, credits=0.0, positive=false, type=AUTOMATIC, visibility=ALWAYS, testCase=TestCaseDTO[testName=null, id=207]], FeedbackDTO[id=209, text=null, detailText=The exercise expects a class with the name Context in the package testpackage. You did not implement the class in the exercise., hasLongFeedbackText=false, reference=null, credits=0.0, positive=false, type=AUTOMATIC, visibility=ALWAYS, testCase=TestCaseDTO[testName=null, id=203]], FeedbackDTO[id=210, text=null, detailText=The exercise expects a class with the name Policy in the package testpackage. You did not implement the class in the exercise., hasLongFeedbackText=false, reference=null, credits=0.0, positive=false, type=AUTOMATIC, visibility=ALWAYS, testCase=TestCaseDTO[testName=null, id=204]], FeedbackDTO[id=211, text=null, detailText=null, hasLongFeedbackText=false, reference=null, credits=3.230769230769231, positive=true, type=AUTOMATIC, visibility=ALWAYS, testCase=TestCaseDTO[testName=null, id=214]]], assessmentType=AUTOMATIC, hasComplaint=null, exampleResult=null, testCaseCount=13, passedTestCaseCount=1, codeIssueCount=0]], BuildJobQueueItem[id=5121739576609302, name=SHORT3D739532080B804BC608BDA0F7816DDB4316TSTEXC-LOCALCIINTSTUDENT1, buildAgent=BuildAgentDTO[name=artemis-build-agent-test, memberAddress=[127.0.0.1]:5703, displayName=artemis-build-agent-test], participationId=512, courseId=164, exerciseId=315, retryCount=0, priority=2, status=SUCCESSFUL, repositoryInfo=RepositoryInfo[repositoryName=short3d739532080b804bc608bda0f7816ddb4316tstexc-localciintstudent1, repositoryType=user, triggeredByPushTo=user, assignmentRepositoryUri=http://localhost:49152/git/SHORT3D739532080B804BC608BDA0F7816DDB4316TSTEXC/short3d739532080b804bc608bda0f7816ddb4316tstexc-localciintstudent1.git, testRepositoryUri=http://localhost:49152/git/SHORT3D739532080B804BC608BDA0F7816DDB4316TSTEXC/short3d739532080b804bc608bda0f7816ddb4316tstexc-tests.git, solutionRepositoryUri=null, auxiliaryRepositoryUris=[Ljava.lang.String;@6bc10b1e, auxiliaryRepositoryCheckoutDirectories=[Ljava.lang.String;@5680bb50], jobTimingInfo=JobTimingInfo[submissionDate=2025-02-14T23:43:29.302618463Z[Etc/UTC], buildStartDate=2025-02-14T23:43:29.307985701Z[Etc/UTC], buildCompletionDate=2025-02-14T23:43:30.717961572Z[Etc/UTC], estimatedCompletionDate=2025-02-14T23:43:48.307979980Z[Etc/UTC], estimatedDuration=19], buildConfig=BuildConfig[buildScript=#!/bin/bash
cd /var/tmp/testing-dir
chmod +x ./gradlew
./gradlew clean test
, dockerImage=dummy-docker-image:latest, commitHashToBuild=71f54bdf5e0f9c98936e24a4638fd2ffcf966edd, assignmentCommitHash=71f54bdf5e0f9c98936e24a4638fd2ffcf966edd, testCommitHash=71f54bdf5e0f9c98936e24a4638fd2ffcf966edd, branch=main, programmingLanguage=JAVA, projectType=PLAIN_GRADLE, scaEnabled=false, sequentialTestRunsEnabled=false, resultPaths=[/var/tmp/testing-dir/**/test-results/test/*.xml], timeoutSeconds=0, assignmentCheckoutPath=null, testCheckoutPath=null, solutionCheckoutPath=null, dockerRunConfig=null], submissionResult=ResultDTO[id=146, completionDate=2025-02-14T23:43:30.706391245Z[Etc/UTC], successful=false, score=0.0, rated=true, submission=SubmissionDTO[id=135, submitted=true, type=MANUAL, exampleSubmission=null, submissionDate=2025-02-14T23:43:29.291920Z, commitHash=71f54bdf5e0f9c98936e24a4638fd2ffcf966edd, buildFailed=true, buildArtifact=false, participation=ParticipationDTO[id=512, testRun=false, type=programming, submissionCount=null, exercise=ParticipationExerciseDTO[id=315, exerciseType=PROGRAMMING, type=programming, assessmentType=AUTOMATIC, dueDate=2025-02-16T23:43:29.183823Z, assessmentDueDate=null, maxPoints=42.0, course=CourseDTO[id=164, accuracyOfScores=1]]], submissionExerciseType=programming, isProcessing=false, buildStartDate=null, estimatedCompletionDate=null], participation=ParticipationDTO[id=512, testRun=false, type=programming, submissionCount=null, exercise=ParticipationExerciseDTO[id=315, exerciseType=PROGRAMMING, type=programming, assessmentType=AUTOMATIC, dueDate=2025-02-16T23:43:29.183823Z, assessmentDueDate=null, maxPoints=42.0, course=CourseDTO[id=164, accuracyOfScores=1]]], feedbacks=[], assessmentType=AUTOMATIC, hasComplaint=null, exampleResult=null, testCaseCount=0, passedTestCaseCount=0, codeIssueCount=0]]], publicSshKey=ssh-rsa AAAAB3NzaC1yc2EAAAADAQABAAACAQCOPdMsxRE2jFJ/UEa5/LsBxtwzJcrh3/rYBCQvcMeVpiRfhzQPWu7mrt/G2Ew+i+vRloGH9aqKg6dd1liRncao53Zmd/ePxoatXePNhmzTfkCkcSkTUz7B+QMjkoDDV5jwuFPD6mF3JkhuzSi64n9Zy905t4w2IhVcjM2mL3eYNjiCXt6Qpq3Pkt7dM/Ksw1nxnvuiIALuJLB3FTkXkHqq3PJav+9HSq2r6ZaWgekneaGxlQlb+U+Vy3XOuArKAzK8c8i+0bR+AHiTG6ncYXt7ax3U+TdlDTF7OLP3umwaYjs1NBXOHwG42pevvpKn2fqavZZozk+M05jXLx3bq0O7itxfErWc7etky8qYPyyIMF/txQIVLd78+Ze4d7Y60t5MGbXM5cGE6fFif5fEJwgswXD+BrG0cafz1CTatjSKFdvp8Vp4VszXhHDan1PrP6JEFJ5Cc5GDmLRZPCFa3vL9f5qXgf4bkqKN8MYeEujwJE5nMRWoiJVNakix2bcrrneQMBlnYeYZVWXXXUusAQBzl4NgddC1umZpihZkL1b1MffZAUW3EGEXi7KHnllQhkTLLsQ8ntMgbylqaJKStqaXlLvdeRJcEnUuiFCrHEVVbXRFZR7XVDZ02CE5o3MuaRPty8Kh+jRTF3COlAckHwYEJCNNJvXFgb2CNXL4mjzYDw== test@localhost]
    23:43:30.830 | 566 localvc.event-13 | DEBUG | s.l.LocalCIWebsocketMessagingService : Sending message on topic /topic/admin/build-agents: [BuildAgentInformation[buildAgent=BuildAgentDTO[name=artemis-build-agent-test, memberAddress=[127.0.0.1]:5703, displayName=artemis-build-agent-test], maxNumberOfConcurrentBuildJobs=1, numberOfCurrentBuildJobs=0, runningBuildJobs=[], status=IDLE, recentBuildJobs=null, publicSshKey=null]]
    23:43:30.835 | 566 localvc.event-13 | DEBUG | s.l.LocalCIWebsocketMessagingService : Sending message on topic /topic/admin/build-agent/artemis-build-agent-test: BuildAgentInformation[buildAgent=BuildAgentDTO[name=artemis-build-agent-test, memberAddress=[127.0.0.1]:5703, displayName=artemis-build-agent-test], maxNumberOfConcurrentBuildJobs=1, numberOfCurrentBuildJobs=0, runningBuildJobs=[], status=IDLE, recentBuildJobs=[BuildJobQueueItem[id=4621739576562326, name=SHORT43ACF76B02BC1044B80938509D14043FABDETSTEXC-LOCALCIINTSTUDENT1, buildAgent=BuildAgentDTO[name=artemis-build-agent-test, memberAddress=[127.0.0.1]:5703, displayName=artemis-build-agent-test], participationId=462, courseId=147, exerciseId=298, retryCount=0, priority=2, status=SUCCESSFUL, repositoryInfo=RepositoryInfo[repositoryName=short43acf76b02bc1044b80938509d14043fabdetstexc-localciintstudent1, repositoryType=user, triggeredByPushTo=user, assignmentRepositoryUri=http://localhost:49152/git/SHORT43ACF76B02BC1044B80938509D14043FABDETSTEXC/short43acf76b02bc1044b80938509d14043fabdetstexc-localciintstudent1.git, testRepositoryUri=http://localhost:49152/git/SHORT43ACF76B02BC1044B80938509D14043FABDETSTEXC/short43acf76b02bc1044b80938509d14043fabdetstexc-tests.git, solutionRepositoryUri=null, auxiliaryRepositoryUris=[Ljava.lang.String;@3dac3d89, auxiliaryRepositoryCheckoutDirectories=[Ljava.lang.String;@6ea54b57], jobTimingInfo=JobTimingInfo[submissionDate=2025-02-14T23:42:42.326978596Z[Etc/UTC], buildStartDate=2025-02-14T23:42:42.420147010Z[Etc/UTC], buildCompletionDate=2025-02-14T23:42:45.573855829Z[Etc/UTC], estimatedCompletionDate=2025-02-14T23:43:01.420129377Z[Etc/UTC], estimatedDuration=19], buildConfig=BuildConfig[buildScript=#!/bin/bash
cd /var/tmp/testing-dir
chmod +x ./gradlew
./gradlew clean test
, dockerImage=dummy-docker-image:latest, commitHashToBuild=a9c717ccf7bcbe9531d3eee21dbaeb5aab2ff971, assignmentCommitHash=a9c717ccf7bcbe9531d3eee21dbaeb5aab2ff971, testCommitHash=a9c717ccf7bcbe9531d3eee21dbaeb5aab2ff971, branch=main, programmingLanguage=JAVA, projectType=PLAIN_GRADLE, scaEnabled=false, sequentialTestRunsEnabled=false, resultPaths=[/var/tmp/testing-dir/**/test-results/test/*.xml], timeoutSeconds=0, assignmentCheckoutPath=null, testCheckoutPath=null, solutionCheckoutPath=null, dockerRunConfig=DockerRunConfig[isNetworkDisabled=true, env=[key=value]]], submissionResult=ResultDTO[id=132, completionDate=2025-02-14T23:42:45.519869118Z[Etc/UTC], successful=false, score=7.7, rated=true, submission=SubmissionDTO[id=119, submitted=true, type=MANUAL, exampleSubmission=null, submissionDate=2025-02-14T23:42:42.302762Z, commitHash=a9c717ccf7bcbe9531d3eee21dbaeb5aab2ff971, buildFailed=false, buildArtifact=false, participation=ParticipationDTO[id=462, testRun=false, type=programming, submissionCount=null, exercise=ParticipationExerciseDTO[id=298, exerciseType=PROGRAMMING, type=programming, assessmentType=AUTOMATIC, dueDate=2025-02-16T23:42:41.553955Z, assessmentDueDate=null, maxPoints=42.0, course=CourseDTO[id=147, accuracyOfScores=1]]], submissionExerciseType=programming, isProcessing=false, buildStartDate=null, estimatedCompletionDate=null], participation=ParticipationDTO[id=462, testRun=false, type=programming, submissionCount=null, exercise=ParticipationExerciseDTO[id=298, exerciseType=PROGRAMMING, type=programming, assessmentType=AUTOMATIC, dueDate=2025-02-16T23:42:41.553955Z, assessmentDueDate=null, maxPoints=42.0, course=CourseDTO[id=147, accuracyOfScores=1]]], feedbacks=[FeedbackDTO[id=67, text=null, detailText=The exercise expects a class with the name Context in the package testpackage. You did not implement the class in the exercise., hasLongFeedbackText=false, reference=null, credits=0.0, positive=false, type=AUTOMATIC, visibility=ALWAYS, testCase=TestCaseDTO[testName=null, id=13]], FeedbackDTO[id=68, text=null, detailText=The exercise expects a class with the name Policy in the package testpackage. You did not implement the class in the exercise., hasLongFeedbackText=false, reference=null, credits=0.0, positive=false, type=AUTOMATIC, visibility=ALWAYS, testCase=TestCaseDTO[testName=null, id=14]], FeedbackDTO[id=69, text=null, detailText=The exercise expects a class with the name SortStrategy in the package testpackage. You did not implement the class in the exercise., hasLongFeedbackText=false, reference=null, credits=0.0, positive=false, type=AUTOMATIC, visibility=ALWAYS, testCase=TestCaseDTO[testName=null, id=15]], FeedbackDTO[id=70, text=null, detailText=The class 'MergeSort' does not implement the interface 'SortStrategy' as expected. Implement the interface and its methods., hasLongFeedbackText=false, reference=null, credits=0.0, positive=false, type=AUTOMATIC, visibility=ALWAYS, testCase=TestCaseDTO[testName=null, id=10]], FeedbackDTO[id=71, text=null, detailText=The exercise expects a class with the name SortStrategy in the package testpackage. You did not implement the class in the exercise., hasLongFeedbackText=false, reference=null, credits=0.0, positive=false, type=AUTOMATIC, visibility=ALWAYS, testCase=TestCaseDTO[testName=null, id=7]], FeedbackDTO[id=72, text=null, detailText=The class 'BubbleSort' does not implement the interface 'SortStrategy' as expected. Implement the interface and its methods., hasLongFeedbackText=false, reference=null, credits=0.0, positive=false, type=AUTOMATIC, visibility=ALWAYS, testCase=TestCaseDTO[testName=null, id=11]], FeedbackDTO[id=73, text=null, detailText=MergeSort does not sort correctly, hasLongFeedbackText=false, reference=null, credits=0.0, positive=false, type=AUTOMATIC, visibility=ALWAYS, testCase=TestCaseDTO[testName=null, id=16]], FeedbackDTO[id=74, text=null, detailText=The class 'Context' was not found within the submission. Make sure to implement it properly., hasLongFeedbackText=false, reference=null, credits=0.0, positive=false, type=AUTOMATIC, visibility=ALWAYS, testCase=TestCaseDTO[testName=null, id=17]], FeedbackDTO[id=75, text=null, detailText=The class 'Context' was not found within the submission. Make sure to implement it properly., hasLongFeedbackText=false, reference=null, credits=0.0, positive=false, type=AUTOMATIC, visibility=ALWAYS, testCase=TestCaseDTO[testName=null, id=18]], FeedbackDTO[id=76, text=null, detailText=The exercise expects a class with the name Policy in the package testpackage. You did not implement the class in the exercise., hasLongFeedbackText=false, reference=null, credits=0.0, positive=false, type=AUTOMATIC, visibility=ALWAYS, testCase=TestCaseDTO[testName=null, id=12]], FeedbackDTO[id=77, text=null, detailText=The exercise expects a class with the name Context in the package testpackage. You did not implement the class in the exercise., hasLongFeedbackText=false, reference=null, credits=0.0, positive=false, type=AUTOMATIC, visibility=ALWAYS, testCase=TestCaseDTO[testName=null, id=8]], FeedbackDTO[id=78, text=null, detailText=The exercise expects a class with the name Policy in the package testpackage. You did not implement the class in the exercise., hasLongFeedbackText=false, reference=null, credits=0.0, positive=false, type=AUTOMATIC, visibility=ALWAYS, testCase=TestCaseDTO[testName=null, id=9]], FeedbackDTO[id=79, text=null, detailText=null, hasLongFeedbackText=false, reference=null, credits=3.230769230769231, positive=true, type=AUTOMATIC, visibility=ALWAYS, testCase=TestCaseDTO[testName=null, id=19]]], assessmentType=AUTOMATIC, hasComplaint=null, exampleResult=null, testCaseCount=13, passedTestCaseCount=1, codeIssueCount=0]], BuildJobQueueItem[id=4651739576569330, name=SHORTB06DD3F905F4604F6E085260D83ED657A6DFTSTEXC-LOCALCIINTSTUDENT1, buildAgent=BuildAgentDTO[name=artemis-build-agent-test, memberAddress=[127.0.0.1]:5703, displayName=artemis-build-agent-test], participationId=465, courseId=148, exerciseId=299, retryCount=0, priority=2, status=SUCCESSFUL, repositoryInfo=RepositoryInfo[repositoryName=shortb06dd3f905f4604f6e085260d83ed657a6dftstexc-localciintstudent1, repositoryType=user, triggeredByPushTo=user, assignmentRepositoryUri=http://localhost:49152/git/SHORTB06DD3F905F4604F6E085260D83ED657A6DFTSTEXC/shortb06dd3f905f4604f6e085260d83ed657a6dftstexc-localciintstudent1.git, testRepositoryUri=http://localhost:49152/git/SHORTB06DD3F905F4604F6E085260D83ED657A6DFTSTEXC/shortb06dd3f905f4604f6e085260d83ed657a6dftstexc-tests.git, solutionRepositoryUri=null, auxiliaryRepositoryUris=[Ljava.lang.String;@2363d861, auxiliaryRepositoryCheckoutDirectories=[Ljava.lang.String;@4ffc5b5f], jobTimingInfo=JobTimingInfo[submissionDate=2025-02-14T23:42:49.330093960Z[Etc/UTC], buildStartDate=2025-02-14T23:42:49.347797345Z[Etc/UTC], buildCompletionDate=2025-02-14T23:42:51.204319751Z[Etc/UTC], estimatedCompletionDate=2025-02-14T23:43:08.347788449Z[Etc/UTC], estimatedDuration=19], buildConfig=BuildConfig[buildScript=#!/bin/bash
cd /var/tmp/testing-dir
chmod +x ./gradlew
./gradlew clean test
, dockerImage=dummy-docker-image:latest, commitHashToBuild=41581fff25954d36cf07586926ee0c77d1003131, assignmentCommitHash=41581fff25954d36cf07586926ee0c77d1003131, testCommitHash=41581fff25954d36cf07586926ee0c77d1003131, branch=main, programmingLanguage=JAVA, projectType=PLAIN_GRADLE, scaEnabled=false, sequentialTestRunsEnabled=false, resultPaths=[/var/tmp/testing-dir/**/test-results/test/*.xml], timeoutSeconds=0, assignmentCheckoutPath=null, testCheckoutPath=null, solutionCheckoutPath=null, dockerRunConfig=null], submissionResult=ResultDTO[id=133, completionDate=2025-02-14T23:42:51.155372920Z[Etc/UTC], successful=false, score=7.7, rated=true, submission=SubmissionDTO[id=120, submitted=true, type=MANUAL, exampleSubmission=null, submissionDate=2025-02-14T23:42:49.321855Z, commitHash=41581fff25954d36cf07586926ee0c77d1003131, buildFailed=false, buildArtifact=false, participation=ParticipationDTO[id=465, testRun=false, type=programming, submissionCount=null, exercise=ParticipationExerciseDTO[id=299, exerciseType=PROGRAMMING, type=programming, assessmentType=AUTOMATIC, dueDate=2025-02-16T23:42:49.163661Z, assessmentDueDate=null, maxPoints=42.0, course=CourseDTO[id=148, accuracyOfScores=1]]], submissionExerciseType=programming, isProcessing=false, buildStartDate=null, estimatedCompletionDate=null], participation=ParticipationDTO[id=465, testRun=false, type=programming, submissionCount=null, exercise=ParticipationExerciseDTO[id=299, exerciseType=PROGRAMMING, type=programming, assessmentType=AUTOMATIC, dueDate=2025-02-16T23:42:49.163661Z, assessmentDueDate=null, maxPoints=42.0, course=CourseDTO[id=148, accuracyOfScores=1]]], feedbacks=[FeedbackDTO[id=80, text=null, detailText=The exercise expects a class with the name Context in the package testpackage. You did not implement the class in the exercise., hasLongFeedbackText=false, reference=null, credits=0.0, positive=false, type=AUTOMATIC, visibility=ALWAYS, testCase=TestCaseDTO[testName=null, id=26]], FeedbackDTO[id=81, text=null, detailText=The exercise expects a class with the name Policy in the package testpackage. You did not implement the class in the exercise., hasLongFeedbackText=false, reference=null, credits=0.0, positive=false, type=AUTOMATIC, visibility=ALWAYS, testCase=TestCaseDTO[testName=null, id=27]], FeedbackDTO[id=82, text=null, detailText=The exercise expects a class with the name SortStrategy in the package testpackage. You did not implement the class in the exercise., hasLongFeedbackText=false, reference=null, credits=0.0, positive=false, type=AUTOMATIC, visibility=ALWAYS, testCase=TestCaseDTO[testName=null, id=28]], FeedbackDTO[id=83, text=null, detailText=The class 'MergeSort' does not implement the interface 'SortStrategy' as expected. Implement the interface and its methods., hasLongFeedbackText=false, reference=null, credits=0.0, positive=false, type=AUTOMATIC, visibility=ALWAYS, testCase=TestCaseDTO[testName=null, id=23]], FeedbackDTO[id=84, text=null, detailText=The exercise expects a class with the name SortStrategy in the package testpackage. You did not implement the class in the exercise., hasLongFeedbackText=false, reference=null, credits=0.0, positive=false, type=AUTOMATIC, visibility=ALWAYS, testCase=TestCaseDTO[testName=null, id=20]], FeedbackDTO[id=85, text=null, detailText=The class 'BubbleSort' does not implement the interface 'SortStrategy' as expected. Implement the interface and its methods., hasLongFeedbackText=false, reference=null, credits=0.0, positive=false, type=AUTOMATIC, visibility=ALWAYS, testCase=TestCaseDTO[testName=null, id=24]], FeedbackDTO[id=86, text=null, detailText=MergeSort does not sort correctly, hasLongFeedbackText=false, reference=null, credits=0.0, positive=false, type=AUTOMATIC, visibility=ALWAYS, testCase=TestCaseDTO[testName=null, id=29]], FeedbackDTO[id=87, text=null, detailText=The class 'Context' was not found within the submission. Make sure to implement it properly., hasLongFeedbackText=false, reference=null, credits=0.0, positive=false, type=AUTOMATIC, visibility=ALWAYS, testCase=TestCaseDTO[testName=null, id=30]], FeedbackDTO[id=88, text=null, detailText=The class 'Context' was not found within the submission. Make sure to implement it properly., hasLongFeedbackText=false, reference=null, credits=0.0, positive=false, type=AUTOMATIC, visibility=ALWAYS, testCase=TestCaseDTO[testName=null, id=31]], FeedbackDTO[id=89, text=null, detailText=The exercise expects a class with the name Policy in the package testpackage. You did not implement the class in the exercise., hasLongFeedbackText=false, reference=null, credits=0.0, positive=false, type=AUTOMATIC, visibility=ALWAYS, testCase=TestCaseDTO[testName=null, id=25]], FeedbackDTO[id=90, text=null, detailText=The exercise expects a class with the name Context in the package testpackage. You did not implement the class in the exercise., hasLongFeedbackText=false, reference=null, credits=0.0, positive=false, type=AUTOMATIC, visibility=ALWAYS, testCase=TestCaseDTO[testName=null, id=21]], FeedbackDTO[id=91, text=null, detailText=The exercise expects a class with the name Policy in the package testpackage. You did not implement the class in the exercise., hasLongFeedbackText=false, reference=null, credits=0.0, positive=false, type=AUTOMATIC, visibility=ALWAYS, testCase=TestCaseDTO[testName=null, id=22]], FeedbackDTO[id=92, text=null, detailText=null, hasLongFeedbackText=false, reference=null, credits=3.230769230769231, positive=true, type=AUTOMATIC, visibility=ALWAYS, testCase=TestCaseDTO[testName=null, id=32]]], assessmentType=AUTOMATIC, hasComplaint=null, exampleResult=null, testCaseCount=13, passedTestCaseCount=1, codeIssueCount=0]], BuildJobQueueItem[id=4681739576573068, name=SHORTBCF65534040390488B0A46605F5F3776B89ATSTEXC-LOCALCIINTSTUDENT1, buildAgent=BuildAgentDTO[name=artemis-build-agent-test, memberAddress=[127.0.0.1]:5703, displayName=artemis-build-agent-test], participationId=468, courseId=149, exerciseId=300, retryCount=0, priority=2, status=SUCCESSFUL, repositoryInfo=RepositoryInfo[repositoryName=shortbcf65534040390488b0a46605f5f3776b89atstexc-localciintstudent1, repositoryType=user, triggeredByPushTo=user, assignmentRepositoryUri=http://localhost:49152/git/SHORTBCF65534040390488B0A46605F5F3776B89ATSTEXC/shortbcf65534040390488b0a46605f5f3776b89atstexc-localciintstudent1.git, testRepositoryUri=http://localhost:49152/git/SHORTBCF65534040390488B0A46605F5F3776B89ATSTEXC/shortbcf65534040390488b0a46605f5f3776b89atstexc-tests.git, solutionRepositoryUri=null, auxiliaryRepositoryUris=[Ljava.lang.String;@1360675c, auxiliaryRepositoryCheckoutDirectories=[Ljava.lang.String;@575b7994], jobTimingInfo=JobTimingInfo[submissionDate=2025-02-14T23:42:53.068019209Z[Etc/UTC], buildStartDate=2025-02-14T23:42:53.092867394Z[Etc/UTC], buildCompletionDate=2025-02-14T23:42:55.086950323Z[Etc/UTC], estimatedCompletionDate=2025-02-14T23:43:12.092858828Z[Etc/UTC], estimatedDuration=19], buildConfig=BuildConfig[buildScript=#!/bin/bash
cd /var/tmp/testing-dir
chmod +x ./gradlew
./gradlew clean test
, dockerImage=dummy-docker-image:latest, commitHashToBuild=2d5c0482fc77d3f5ec0841962528a43054e83170, assignmentCommitHash=2d5c0482fc77d3f5ec0841962528a43054e83170, testCommitHash=7477e25d56ce5fee2c938542a7e7ed4ed085d373, branch=main, programmingLanguage=JAVA, projectType=PLAIN_GRADLE, scaEnabled=false, sequentialTestRunsEnabled=false, resultPaths=[/var/tmp/testing-dir/**/test-results/test/*.xml], timeoutSeconds=0, assignmentCheckoutPath=null, testCheckoutPath=null, solutionCheckoutPath=null, dockerRunConfig=null], submissionResult=ResultDTO[id=134, completionDate=2025-02-14T23:42:55.059618627Z[Etc/UTC], successful=false, score=7.7, rated=true, submission=SubmissionDTO[id=121, submitted=true, type=MANUAL, exampleSubmission=null, submissionDate=2025-02-14T23:42:53.048221Z, commitHash=2d5c0482fc77d3f5ec0841962528a43054e83170, buildFailed=false, buildArtifact=false, participation=ParticipationDTO[id=468, testRun=false, type=programming, submissionCount=null, exercise=ParticipationExerciseDTO[id=300, exerciseType=PROGRAMMING, type=programming, assessmentType=AUTOMATIC, dueDate=2025-02-16T23:42:52.873722Z, assessmentDueDate=null, maxPoints=42.0, course=CourseDTO[id=149, accuracyOfScores=1]]], submissionExerciseType=programming, isProcessing=false, buildStartDate=null, estimatedCompletionDate=null], participation=ParticipationDTO[id=468, testRun=false, type=programming, submissionCount=null, exercise=ParticipationExerciseDTO[id=300, exerciseType=PROGRAMMING, type=programming, assessmentType=AUTOMATIC, dueDate=2025-02-16T23:42:52.873722Z, assessmentDueDate=null, maxPoints=42.0, course=CourseDTO[id=149, accuracyOfScores=1]]], feedbacks=[FeedbackDTO[id=93, text=null, detailText=The exercise expects a class with the name Context in the package testpackage. You did not implement the class in the exercise., hasLongFeedbackText=false, reference=null, credits=0.0, positive=false, type=AUTOMATIC, visibility=ALWAYS, testCase=TestCaseDTO[testName=null, id=39]], FeedbackDTO[id=94, text=null, detailText=The exercise expects a class with the name Policy in the package testpackage. You did not implement the class in the exercise., hasLongFeedbackText=false, reference=null, credits=0.0, positive=false, type=AUTOMATIC, visibility=ALWAYS, testCase=TestCaseDTO[testName=null, id=40]], FeedbackDTO[id=95, text=null, detailText=The exercise expects a class with the name SortStrategy in the package testpackage. You did not implement the class in the exercise., hasLongFeedbackText=false, reference=null, credits=0.0, positive=false, type=AUTOMATIC, visibility=ALWAYS, testCase=TestCaseDTO[testName=null, id=41]], FeedbackDTO[id=96, text=null, detailText=The class 'MergeSort' does not implement the interface 'SortStrategy' as expected. Implement the interface and its methods., hasLongFeedbackText=false, reference=null, credits=0.0, positive=false, type=AUTOMATIC, visibility=ALWAYS, testCase=TestCaseDTO[testName=null, id=36]], FeedbackDTO[id=97, text=null, detailText=The exercise expects a class with the name SortStrategy in the package testpackage. You did not implement the class in the exercise., hasLongFeedbackText=false, reference=null, credits=0.0, positive=false, type=AUTOMATIC, visibility=ALWAYS, testCase=TestCaseDTO[testName=null, id=33]], FeedbackDTO[id=98, text=null, detailText=The class 'BubbleSort' does not implement the interface 'SortStrategy' as expected. Implement the interface and its methods., hasLongFeedbackText=false, reference=null, credits=0.0, positive=false, type=AUTOMATIC, visibility=ALWAYS, testCase=TestCaseDTO[testName=null, id=37]], FeedbackDTO[id=99, text=null, detailText=MergeSort does not sort correctly, hasLongFeedbackText=false, reference=null, credits=0.0, positive=false, type=AUTOMATIC, visibility=ALWAYS, testCase=TestCaseDTO[testName=null, id=42]], FeedbackDTO[id=100, text=null, detailText=The class 'Context' was not found within the submission. Make sure to implement it properly., hasLongFeedbackText=false, reference=null, credits=0.0, positive=false, type=AUTOMATIC, visibility=ALWAYS, testCase=TestCaseDTO[testName=null, id=43]], FeedbackDTO[id=101, text=null, detailText=The class 'Context' was not found within the submission. Make sure to implement it properly., hasLongFeedbackText=false, reference=null, credits=0.0, positive=false, type=AUTOMATIC, visibility=ALWAYS, testCase=TestCaseDTO[testName=null, id=44]], FeedbackDTO[id=102, text=null, detailText=The exercise expects a class with the name Policy in the package testpackage. You did not implement the class in the exercise., hasLongFeedbackText=false, reference=null, credits=0.0, positive=false, type=AUTOMATIC, visibility=ALWAYS, testCase=TestCaseDTO[testName=null, id=38]], FeedbackDTO[id=103, text=null, detailText=The exercise expects a class with the name Context in the package testpackage. You did not implement the class in the exercise., hasLongFeedbackText=false, reference=null, credits=0.0, positive=false, type=AUTOMATIC, visibility=ALWAYS, testCase=TestCaseDTO[testName=null, id=34]], FeedbackDTO[id=104, text=null, detailText=The exercise expects a class with the name Policy in the package testpackage. You did not implement the class in the exercise., hasLongFeedbackText=false, reference=null, credits=0.0, positive=false, type=AUTOMATIC, visibility=ALWAYS, testCase=TestCaseDTO[testName=null, id=35]], FeedbackDTO[id=105, text=null, detailText=null, hasLongFeedbackText=false, reference=null, credits=3.230769230769231, positive=true, type=AUTOMATIC, visibility=ALWAYS, testCase=TestCaseDTO[testName=null, id=45]]], assessmentType=AUTOMATIC, hasComplaint=null, exampleResult=null, testCaseCount=13, passedTestCaseCount=1, codeIssueCount=0]], BuildJobQueueItem[id=4741739576577297, name=SHORT88A9A223023E2047B709E4A029FA08BCF2CFTSTEXC-LOCALCIINTSTUDENT1, buildAgent=BuildAgentDTO[name=artemis-build-agent-test, memberAddress=[127.0.0.1]:5703, displayName=artemis-build-agent-test], participationId=474, courseId=151, exerciseId=302, retryCount=0, priority=2, status=SUCCESSFUL, repositoryInfo=RepositoryInfo[repositoryName=short88a9a223023e2047b709e4a029fa08bcf2cftstexc-localciintstudent1, repositoryType=user, triggeredByPushTo=user, assignmentRepositoryUri=http://localhost:49152/git/SHORT88A9A223023E2047B709E4A029FA08BCF2CFTSTEXC/short88a9a223023e2047b709e4a029fa08bcf2cftstexc-localciintstudent1.git, testRepositoryUri=http://localhost:49152/git/SHORT88A9A223023E2047B709E4A029FA08BCF2CFTSTEXC/short88a9a223023e2047b709e4a029fa08bcf2cftstexc-tests.git, solutionRepositoryUri=null, auxiliaryRepositoryUris=[Ljava.lang.String;@6a4603ce, auxiliaryRepositoryCheckoutDirectories=[Ljava.lang.String;@47cd9b7a], jobTimingInfo=JobTimingInfo[submissionDate=2025-02-14T23:42:57.297342281Z[Etc/UTC], buildStartDate=2025-02-14T23:42:57.308570327Z[Etc/UTC], buildCompletionDate=2025-02-14T23:42:59.047616654Z[Etc/UTC], estimatedCompletionDate=2025-02-14T23:43:16.308558064Z[Etc/UTC], estimatedDuration=19], buildConfig=BuildConfig[buildScript=#!/bin/bash
cd /var/tmp/testing-dir
chmod +x ./gradlew
./gradlew clean test
, dockerImage=dummy-docker-image:latest, commitHashToBuild=736cbea1e46d6849b41266b2bf1cccd3b9ea55b1, assignmentCommitHash=736cbea1e46d6849b41266b2bf1cccd3b9ea55b1, testCommitHash=ea6267edd396a304305339b036512b63e0374c66, branch=main, programmingLanguage=JAVA, projectType=PLAIN_GRADLE, scaEnabled=false, sequentialTestRunsEnabled=false, resultPaths=[/var/tmp/testing-dir/**/test-results/test/*.xml], timeoutSeconds=0, assignmentCheckoutPath=null, testCheckoutPath=null, solutionCheckoutPath=null, dockerRunConfig=null], submissionResult=ResultDTO[id=135, completionDate=2025-02-14T23:42:59.014168821Z[Etc/UTC], successful=false, score=7.7, rated=true, submission=SubmissionDTO[id=123, submitted=true, type=MANUAL, exampleSubmission=null, submissionDate=2025-02-14T23:42:57.278471Z, commitHash=736cbea1e46d6849b41266b2bf1cccd3b9ea55b1, buildFailed=false, buildArtifact=false, participation=ParticipationDTO[id=474, testRun=false, type=programming, submissionCount=null, exercise=ParticipationExerciseDTO[id=302, exerciseType=PROGRAMMING, type=programming, assessmentType=AUTOMATIC, dueDate=2025-02-16T23:42:56.796251Z, assessmentDueDate=null, maxPoints=42.0, course=CourseDTO[id=151, accuracyOfScores=1]]], submissionExerciseType=programming, isProcessing=false, buildStartDate=null, estimatedCompletionDate=null], participation=ParticipationDTO[id=474, testRun=false, type=programming, submissionCount=null, exercise=ParticipationExerciseDTO[id=302, exerciseType=PROGRAMMING, type=programming, assessmentType=AUTOMATIC, dueDate=2025-02-16T23:42:56.796251Z, assessmentDueDate=null, maxPoints=42.0, course=CourseDTO[id=151, accuracyOfScores=1]]], feedbacks=[FeedbackDTO[id=106, text=null, detailText=The exercise expects a class with the name Context in the package testpackage. You did not implement the class in the exercise., hasLongFeedbackText=false, reference=null, credits=0.0, positive=false, type=AUTOMATIC, visibility=ALWAYS, testCase=TestCaseDTO[testName=null, id=65]], FeedbackDTO[id=107, text=null, detailText=The exercise expects a class with the name Policy in the package testpackage. You did not implement the class in the exercise., hasLongFeedbackText=false, reference=null, credits=0.0, positive=false, type=AUTOMATIC, visibility=ALWAYS, testCase=TestCaseDTO[testName=null, id=66]], FeedbackDTO[id=108, text=null, detailText=The exercise expects a class with the name SortStrategy in the package testpackage. You did not implement the class in the exercise., hasLongFeedbackText=false, reference=null, credits=0.0, positive=false, type=AUTOMATIC, visibility=ALWAYS, testCase=TestCaseDTO[testName=null, id=67]], FeedbackDTO[id=109, text=null, detailText=The class 'MergeSort' does not implement the interface 'SortStrategy' as expected. Implement the interface and its methods., hasLongFeedbackText=false, reference=null, credits=0.0, positive=false, type=AUTOMATIC, visibility=ALWAYS, testCase=TestCaseDTO[testName=null, id=62]], FeedbackDTO[id=110, text=null, detailText=The exercise expects a class with the name SortStrategy in the package testpackage. You did not implement the class in the exercise., hasLongFeedbackText=false, reference=null, credits=0.0, positive=false, type=AUTOMATIC, visibility=ALWAYS, testCase=TestCaseDTO[testName=null, id=59]], FeedbackDTO[id=111, text=null, detailText=The class 'BubbleSort' does not implement the interface 'SortStrategy' as expected. Implement the interface and its methods., hasLongFeedbackText=false, reference=null, credits=0.0, positive=false, type=AUTOMATIC, visibility=ALWAYS, testCase=TestCaseDTO[testName=null, id=63]], FeedbackDTO[id=112, text=null, detailText=MergeSort does not sort correctly, hasLongFeedbackText=false, reference=null, credits=0.0, positive=false, type=AUTOMATIC, visibility=ALWAYS, testCase=TestCaseDTO[testName=null, id=68]], FeedbackDTO[id=113, text=null, detailText=The class 'Context' was not found within the submission. Make sure to implement it properly., hasLongFeedbackText=false, reference=null, credits=0.0, positive=false, type=AUTOMATIC, visibility=ALWAYS, testCase=TestCaseDTO[testName=null, id=69]], FeedbackDTO[id=114, text=null, detailText=The class 'Context' was not found within the submission. Make sure to implement it properly., hasLongFeedbackText=false, reference=null, credits=0.0, positive=false, type=AUTOMATIC, visibility=ALWAYS, testCase=TestCaseDTO[testName=null, id=70]], FeedbackDTO[id=115, text=null, detailText=The exercise expects a class with the name Policy in the package testpackage. You did not implement the class in the exercise., hasLongFeedbackText=false, reference=null, credits=0.0, positive=false, type=AUTOMATIC, visibility=ALWAYS, testCase=TestCaseDTO[testName=null, id=64]], FeedbackDTO[id=116, text=null, detailText=The exercise expects a class with the name Context in the package testpackage. You did not implement the class in the exercise., hasLongFeedbackText=false, reference=null, credits=0.0, positive=false, type=AUTOMATIC, visibility=ALWAYS, testCase=TestCaseDTO[testName=null, id=60]], FeedbackDTO[id=117, text=null, detailText=The exercise expects a class with the name Policy in the package testpackage. You did not implement the class in the exercise., hasLongFeedbackText=false, reference=null, credits=0.0, positive=false, type=AUTOMATIC, visibility=ALWAYS, testCase=TestCaseDTO[testName=null, id=61]], FeedbackDTO[id=118, text=null, detailText=null, hasLongFeedbackText=false, reference=null, credits=3.230769230769231, positive=true, type=AUTOMATIC, visibility=ALWAYS, testCase=TestCaseDTO[testName=null, id=71]]], assessmentType=AUTOMATIC, hasComplaint=null, exampleResult=null, testCaseCount=13, passedTestCaseCount=1, codeIssueCount=0]], BuildJobQueueItem[id=4771739576580898, name=SHORT51E611E30D6B60466F0B8BA0AA97F58888C2TSTEXC-LOCALCIINTSTUDENT1, buildAgent=BuildAgentDTO[name=artemis-build-agent-test, memberAddress=[127.0.0.1]:5703, displayName=artemis-build-agent-test], participationId=477, courseId=152, exerciseId=303, retryCount=0, priority=2, status=SUCCESSFUL, repositoryInfo=RepositoryInfo[repositoryName=short51e611e30d6b60466f0b8ba0aa97f58888c2tstexc-localciintstudent1, repositoryType=user, triggeredByPushTo=user, assignmentRepositoryUri=http://localhost:49152/git/SHORT51E611E30D6B60466F0B8BA0AA97F58888C2TSTEXC/short51e611e30d6b60466f0b8ba0aa97f58888c2tstexc-localciintstudent1.git, testRepositoryUri=http://localhost:49152/git/SHORT51E611E30D6B60466F0B8BA0AA97F58888C2TSTEXC/short51e611e30d6b60466f0b8ba0aa97f58888c2tstexc-tests.git, solutionRepositoryUri=null, auxiliaryRepositoryUris=[Ljava.lang.String;@57074e58, auxiliaryRepositoryCheckoutDirectories=[Ljava.lang.String;@5b1c1af5], jobTimingInfo=JobTimingInfo[submissionDate=2025-02-14T23:43:00.898532688Z[Etc/UTC], buildStartDate=2025-02-14T23:43:00.905733056Z[Etc/UTC], buildCompletionDate=2025-02-14T23:43:02.692768910Z[Etc/UTC], estimatedCompletionDate=2025-02-14T23:43:19.905720463Z[Etc/UTC], estimatedDuration=19], buildConfig=BuildConfig[buildScript=#!/bin/bash
cd /var/tmp/testing-dir
chmod +x ./gradlew
./gradlew clean test
, dockerImage=dummy-docker-image:latest, commitHashToBuild=8f3057cbd462f5e3de4e6ba85115f60d8dbb5aea, assignmentCommitHash=8f3057cbd462f5e3de4e6ba85115f60d8dbb5aea, testCommitHash=8f3057cbd462f5e3de4e6ba85115f60d8dbb5aea, branch=main, programmingLanguage=JAVA, projectType=PLAIN_GRADLE, scaEnabled=true, sequentialTestRunsEnabled=false, resultPaths=[/var/tmp/testing-dir/**/test-results/test/*.xml], timeoutSeconds=0, assignmentCheckoutPath=null, testCheckoutPath=null, solutionCheckoutPath=null, dockerRunConfig=null], submissionResult=ResultDTO[id=136, completionDate=2025-02-14T23:43:02.637820510Z[Etc/UTC], successful=false, score=7.7, rated=true, submission=SubmissionDTO[id=124, submitted=true, type=MANUAL, exampleSubmission=null, submissionDate=2025-02-14T23:43:00.886601Z, commitHash=8f3057cbd462f5e3de4e6ba85115f60d8dbb5aea, buildFailed=false, buildArtifact=false, participation=ParticipationDTO[id=477, testRun=false, type=programming, submissionCount=null, exercise=ParticipationExerciseDTO[id=303, exerciseType=PROGRAMMING, type=programming, assessmentType=AUTOMATIC, dueDate=2025-02-16T23:43:00.631824Z, assessmentDueDate=null, maxPoints=42.0, course=CourseDTO[id=152, accuracyOfScores=1]]], submissionExerciseType=programming, isProcessing=false, buildStartDate=null, estimatedCompletionDate=null], participation=ParticipationDTO[id=477, testRun=false, type=programming, submissionCount=null, exercise=ParticipationExerciseDTO[id=303, exerciseType=PROGRAMMING, type=programming, assessmentType=AUTOMATIC, dueDate=2025-02-16T23:43:00.631824Z, assessmentDueDate=null, maxPoints=42.0, course=CourseDTO[id=152, accuracyOfScores=1]]], feedbacks=[FeedbackDTO[id=119, text=null, detailText=The exercise expects a class with the name Context in the package testpackage. You did not implement the class in the exercise., hasLongFeedbackText=false, reference=null, credits=0.0, positive=false, type=AUTOMATIC, visibility=ALWAYS, testCase=TestCaseDTO[testName=null, id=78]], FeedbackDTO[id=120, text=null, detailText=The exercise expects a class with the name Policy in the package testpackage. You did not implement the class in the exercise., hasLongFeedbackText=false, reference=null, credits=0.0, positive=false, type=AUTOMATIC, visibility=ALWAYS, testCase=TestCaseDTO[testName=null, id=79]], FeedbackDTO[id=121, text=null, detailText=The exercise expects a class with the name SortStrategy in the package testpackage. You did not implement the class in the exercise., hasLongFeedbackText=false, reference=null, credits=0.0, positive=false, type=AUTOMATIC, visibility=ALWAYS, testCase=TestCaseDTO[testName=null, id=80]], FeedbackDTO[id=122, text=null, detailText=The class 'MergeSort' does not implement the interface 'SortStrategy' as expected. Implement the interface and its methods., hasLongFeedbackText=false, reference=null, credits=0.0, positive=false, type=AUTOMATIC, visibility=ALWAYS, testCase=TestCaseDTO[testName=null, id=75]], FeedbackDTO[id=123, text=null, detailText=The exercise expects a class with the name SortStrategy in the package testpackage. You did not implement the class in the exercise., hasLongFeedbackText=false, reference=null, credits=0.0, positive=false, type=AUTOMATIC, visibility=ALWAYS, testCase=TestCaseDTO[testName=null, id=72]], FeedbackDTO[id=124, text=null, detailText=The class 'BubbleSort' does not implement the interface 'SortStrategy' as expected. Implement the interface and its methods., hasLongFeedbackText=false, reference=null, credits=0.0, positive=false, type=AUTOMATIC, visibility=ALWAYS, testCase=TestCaseDTO[testName=null, id=76]], FeedbackDTO[id=125, text=null, detailText=MergeSort does not sort correctly, hasLongFeedbackText=false, reference=null, credits=0.0, positive=false, type=AUTOMATIC, visibility=ALWAYS, testCase=TestCaseDTO[testName=null, id=81]], FeedbackDTO[id=126, text=null, detailText=The class 'Context' was not found within the submission. Make sure to implement it properly., hasLongFeedbackText=false, reference=null, credits=0.0, positive=false, type=AUTOMATIC, visibility=ALWAYS, testCase=TestCaseDTO[testName=null, id=82]], FeedbackDTO[id=127, text=null, detailText=The class 'Context' was not found within the submission. Make sure to implement it properly., hasLongFeedbackText=false, reference=null, credits=0.0, positive=false, type=AUTOMATIC, visibility=ALWAYS, testCase=TestCaseDTO[testName=null, id=83]], FeedbackDTO[id=128, text=null, detailText=The exercise expects a class with the name Policy in the package testpackage. You did not implement the class in the exercise., hasLongFeedbackText=false, reference=null, credits=0.0, positive=false, type=AUTOMATIC, visibility=ALWAYS, testCase=TestCaseDTO[testName=null, id=77]], FeedbackDTO[id=129, text=null, detailText=The exercise expects a class with the name Context in the package testpackage. You did not implement the class in the exercise., hasLongFeedbackText=false, reference=null, credits=0.0, positive=false, type=AUTOMATIC, visibility=ALWAYS, testCase=TestCaseDTO[testName=null, id=73]], FeedbackDTO[id=130, text=null, detailText=The exercise expects a class with the name Policy in the package testpackage. You did not implement the class in the exercise., hasLongFeedbackText=false, reference=null, credits=0.0, positive=false, type=AUTOMATIC, visibility=ALWAYS, testCase=TestCaseDTO[testName=null, id=74]], FeedbackDTO[id=131, text=null, detailText=null, hasLongFeedbackText=false, reference=null, credits=3.230769230769231, positive=true, type=AUTOMATIC, visibility=ALWAYS, testCase=TestCaseDTO[testName=null, id=84]], FeedbackDTO[id=132, text=SCAFeedbackIdentifier:Bad Practice, detailText={"filePath":"src/code/Client.java","startLine":6,"endLine":6,"startColumn":1,"endColumn":26,"rule":"UnusedImports","category":"Best Practices","message":"Avoid unused imports such as 'javax.swing.JFrame'","priority":"4"}, hasLongFeedbackText=false, reference=PMD, credits=0.0, positive=false, type=AUTOMATIC, visibility=null, testCase=null], FeedbackDTO[id=133, text=SCAFeedbackIdentifier:Code Style, detailText={"filePath":"src/code/Client.java","startLine":7,"endLine":7,"startColumn":1,"endColumn":19,"rule":"DontImportJavaLang","category":"Code Style","message":"Avoid importing anything from the package java.lang","priority":"4"}, hasLongFeedbackText=false, reference=PMD, credits=0.0, positive=false, type=AUTOMATIC, visibility=null, testCase=null], FeedbackDTO[id=134, text=SCAFeedbackIdentifier:Bad Practice, detailText={"filePath":"src/code/Client.java","startLine":7,"endLine":7,"startColumn":1,"endColumn":19,"rule":"UnusedImports","category":"Best Practices","message":"Avoid unused imports such as 'java.lang'","priority":"4"}, hasLongFeedbackText=false, reference=PMD, credits=0.0, positive=false, type=AUTOMATIC, visibility=null, testCase=null], FeedbackDTO[id=135, text=SCAFeedbackIdentifier:Bad Practice, detailText={"filePath":"src/code/Client.java","startLine":73,"endLine":73,"startColumn":18,"endColumn":27,"rule":"UnusedLocalVariable","category":"Best Practices","message":"Avoid unused local variables such as 'randomDate'.","priority":"3"}, hasLongFeedbackText=false, reference=PMD, credits=0.0, positive=false, type=AUTOMATIC, visibility=null, testCase=null], FeedbackDTO[id=136, text=SCAFeedbackIdentifier:Bad Practice, detailText={"filePath":"src/code/Client.java","startLine":81,"endLine":81,"startColumn":31,"endColumn":53,"rule":"UnusedPrivateMethod","category":"Best Practices","message":"Avoid unused private methods such as 'CreateRandomDatesList()'.","priority":"3"}, hasLongFeedbackText=false, reference=PMD, credits=0.0, positive=false, type=AUTOMATIC, visibility=null, testCase=null], FeedbackDTO[id=137, text=SCAFeedbackIdentifier:Potential Bugs, detailText={"filePath":"src/code/Client.java","startLine":94,"endLine":94,"startColumn":9,"endColumn":9,"rule":"EmptyStatementNotInLoop","category":"Error Prone","message":"An empty statement (semicolon) not part of a loop","priority":"3"}, hasLongFeedbackText=false, reference=PMD, credits=0.0, positive=false, type=AUTOMATIC, visibility=null, testCase=null], FeedbackDTO[id=138, text=SCAFeedbackIdentifier:Potential Bugs, detailText={"filePath":"src/code/Client.java","startLine":94,"endLine":94,"startColumn":10,"endColumn":10,"rule":"EmptyStatementNotInLoop","category":"Error Prone","message":"An empty statement (semicolon) not part of a loop","priority":"3"}, hasLongFeedbackText=false, reference=PMD, credits=0.0, positive=false, type=AUTOMATIC, visibility=null, testCase=null], FeedbackDTO[id=139, text=SCAFeedbackIdentifier:Potential Bugs, detailText={"filePath":"src/code/Client.java","startLine":94,"endLine":94,"startColumn":11,"endColumn":11,"rule":"EmptyStatementNotInLoop","category":"Error Prone","message":"An empty statement (semicolon) not part of a loop","priority":"3"}, hasLongFeedbackText=false, reference=PMD, credits=0.0, positive=false, type=AUTOMATIC, visibility=null, testCase=null], FeedbackDTO[id=140, text=SCAFeedbackIdentifier:Code Style, detailText={"filePath":"src/code/Client.java","startLine":73,"endLine":73,"rule":"DLS_DEAD_LOCAL_STORE","category":"STYLE","message":"Dead store to randomDate in code.Client.createRandomDatesList()","priority":"2"}, hasLongFeedbackText=false, reference=SPOTBUGS, credits=0.0, positive=false, type=AUTOMATIC, visibility=null, testCase=null], FeedbackDTO[id=141, text=SCAFeedbackIdentifier:Bad Practice, detailText={"filePath":"src/code/Client.java","startLine":82,"endLine":95,"rule":"NM_METHOD_NAMING_CONVENTION","category":"BAD_PRACTICE","message":"The method name code.Client.CreateRandomDatesList() doesn't start with a lower case letter","priority":"3"}, hasLongFeedbackText=false, reference=SPOTBUGS, credits=0.0, positive=false, type=AUTOMATIC, visibility=null, testCase=null], FeedbackDTO[id=142, text=SCAFeedbackIdentifier:Performance, detailText={"filePath":"src/code/Client.java","startLine":82,"endLine":95,"rule":"UPM_UNCALLED_PRIVATE_METHOD","category":"PERFORMANCE","message":"Private method code.Client.CreateRandomDatesList() is never called","priority":"2"}, hasLongFeedbackText=false, reference=SPOTBUGS, credits=0.0, positive=false, type=AUTOMATIC, visibility=null, testCase=null], FeedbackDTO[id=143, text=SCAFeedbackIdentifier:Code Style, detailText={"filePath":"src/code/Client.java","startLine":70,"endLine":70,"startColumn":9,"endColumn":9,"rule":"NeedBracesCheck","category":"blocks","message":"'for' construct must use '{}'s.","priority":"error"}, hasLongFeedbackText=false, reference=CHECKSTYLE, credits=0.0, positive=false, type=AUTOMATIC, visibility=null, testCase=null], FeedbackDTO[id=144, text=SCAFeedbackIdentifier:Code Style, detailText={"filePath":"src/code/Client.java","startLine":93,"endLine":93,"startColumn":9,"endColumn":9,"rule":"EmptyStatementCheck","category":"coding","message":"Empty statement.","priority":"error"}, hasLongFeedbackText=false, reference=CHECKSTYLE, credits=0.0, positive=false, type=AUTOMATIC, visibility=null, testCase=null], FeedbackDTO[id=145, text=SCAFeedbackIdentifier:Code Style, detailText={"filePath":"src/code/Client.java","startLine":93,"endLine":93,"startColumn":10,"endColumn":10,"rule":"EmptyStatementCheck","category":"coding","message":"Empty statement.","priority":"error"}, hasLongFeedbackText=false, reference=CHECKSTYLE, credits=0.0, positive=false, type=AUTOMATIC, visibility=null, testCase=null], FeedbackDTO[id=146, text=SCAFeedbackIdentifier:Code Style, detailText={"filePath":"src/code/Client.java","startLine":93,"endLine":93,"startColumn":11,"endColumn":11,"rule":"EmptyStatementCheck","category":"coding","message":"Empty statement.","priority":"error"}, hasLongFeedbackText=false, reference=CHECKSTYLE, credits=0.0, positive=false, type=AUTOMATIC, visibility=null, testCase=null]], assessmentType=AUTOMATIC, hasComplaint=null, exampleResult=null, testCaseCount=13, passedTestCaseCount=1, codeIssueCount=15]], BuildJobQueueItem[id=4821739576584632, name=SHORT433BAC4500363044960B6E10DFA0493471B2TSTEXC-LOCALCIINTSTUDENT1, buildAgent=BuildAgentDTO[name=artemis-build-agent-test, memberAddress=[127.0.0.1]:5703, displayName=artemis-build-agent-test], participationId=482, courseId=154, exerciseId=305, retryCount=0, priority=2, status=SUCCESSFUL, repositoryInfo=RepositoryInfo[repositoryName=short433bac4500363044960b6e10dfa0493471b2tstexc-localciintstudent1, repositoryType=user, triggeredByPushTo=user, assignmentRepositoryUri=http://localhost:49152/git/SHORT433BAC4500363044960B6E10DFA0493471B2TSTEXC/short433bac4500363044960b6e10dfa0493471b2tstexc-localciintstudent1.git, testRepositoryUri=http://localhost:49152/git/SHORT433BAC4500363044960B6E10DFA0493471B2TSTEXC/short433bac4500363044960b6e10dfa0493471b2tstexc-tests.git, solutionRepositoryUri=null, auxiliaryRepositoryUris=[Ljava.lang.String;@19e3a2b, auxiliaryRepositoryCheckoutDirectories=[Ljava.lang.String;@2aa37729], jobTimingInfo=JobTimingInfo[submissionDate=2025-02-14T23:43:04.632341258Z[Etc/UTC], buildStartDate=2025-02-14T23:43:04.637633457Z[Etc/UTC], buildCompletionDate=2025-02-14T23:43:06.421238953Z[Etc/UTC], estimatedCompletionDate=2025-02-14T23:43:23.637623879Z[Etc/UTC], estimatedDuration=19], buildConfig=BuildConfig[buildScript=#!/bin/bash
cd /var/tmp/testing-dir
chmod +x ./gradlew
./gradlew clean test
, dockerImage=dummy-docker-image:latest, commitHashToBuild=8355c4f3cd5d3e0443707d3310206e460e333c6f, assignmentCommitHash=8355c4f3cd5d3e0443707d3310206e460e333c6f, testCommitHash=8355c4f3cd5d3e0443707d3310206e460e333c6f, branch=main, programmingLanguage=JAVA, projectType=PLAIN_GRADLE, scaEnabled=false, sequentialTestRunsEnabled=false, resultPaths=[/var/tmp/testing-dir/**/test-results/test/*.xml], timeoutSeconds=0, assignmentCheckoutPath=null, testCheckoutPath=null, solutionCheckoutPath=null, dockerRunConfig=null], submissionResult=ResultDTO[id=137, completionDate=2025-02-14T23:43:06.404877412Z[Etc/UTC], successful=false, score=7.7, rated=true, submission=SubmissionDTO[id=125, submitted=true, type=MANUAL, exampleSubmission=null, submissionDate=2025-02-14T23:43:04.623230Z, commitHash=8355c4f3cd5d3e0443707d3310206e460e333c6f, buildFailed=false, buildArtifact=false, participation=ParticipationDTO[id=482, testRun=false, type=programming, submissionCount=null, exercise=ParticipationExerciseDTO[id=305, exerciseType=PROGRAMMING, type=programming, assessmentType=AUTOMATIC, dueDate=2025-02-16T23:43:04.425734Z, assessmentDueDate=null, maxPoints=42.0, course=CourseDTO[id=154, accuracyOfScores=1]]], submissionExerciseType=programming, isProcessing=false, buildStartDate=null, estimatedCompletionDate=null], participation=ParticipationDTO[id=482, testRun=false, type=programming, submissionCount=null, exercise=ParticipationExerciseDTO[id=305, exerciseType=PROGRAMMING, type=programming, assessmentType=AUTOMATIC, dueDate=2025-02-16T23:43:04.425734Z, assessmentDueDate=null, maxPoints=42.0, course=CourseDTO[id=154, accuracyOfScores=1]]], feedbacks=[FeedbackDTO[id=147, text=null, detailText=The exercise expects a class with the name Context in the package testpackage. You did not implement the class in the exercise., hasLongFeedbackText=false, reference=null, credits=0.0, positive=false, type=AUTOMATIC, visibility=ALWAYS, testCase=TestCaseDTO[testName=null, id=104]], FeedbackDTO[id=148, text=null, detailText=The exercise expects a class with the name Policy in the package testpackage. You did not implement the class in the exercise., hasLongFeedbackText=false, reference=null, credits=0.0, positive=false, type=AUTOMATIC, visibility=ALWAYS, testCase=TestCaseDTO[testName=null, id=105]], FeedbackDTO[id=149, text=null, detailText=The exercise expects a class with the name SortStrategy in the package testpackage. You did not implement the class in the exercise., hasLongFeedbackText=false, reference=null, credits=0.0, positive=false, type=AUTOMATIC, visibility=ALWAYS, testCase=TestCaseDTO[testName=null, id=106]], FeedbackDTO[id=150, text=null, detailText=The class 'MergeSort' does not implement the interface 'SortStrategy' as expected. Implement the interface and its methods., hasLongFeedbackText=false, reference=null, credits=0.0, positive=false, type=AUTOMATIC, visibility=ALWAYS, testCase=TestCaseDTO[testName=null, id=101]], FeedbackDTO[id=151, text=null, detailText=The exercise expects a class with the name SortStrategy in the package testpackage. You did not implement the class in the exercise., hasLongFeedbackText=false, reference=null, credits=0.0, positive=false, type=AUTOMATIC, visibility=ALWAYS, testCase=TestCaseDTO[testName=null, id=98]], FeedbackDTO[id=152, text=null, detailText=The class 'BubbleSort' does not implement the interface 'SortStrategy' as expected. Implement the interface and its methods., hasLongFeedbackText=false, reference=null, credits=0.0, positive=false, type=AUTOMATIC, visibility=ALWAYS, testCase=TestCaseDTO[testName=null, id=102]], FeedbackDTO[id=153, text=null, detailText=MergeSort does not sort correctly, hasLongFeedbackText=false, reference=null, credits=0.0, positive=false, type=AUTOMATIC, visibility=ALWAYS, testCase=TestCaseDTO[testName=null, id=107]], FeedbackDTO[id=154, text=null, detailText=The class 'Context' was not found within the submission. Make sure to implement it properly., hasLongFeedbackText=false, reference=null, credits=0.0, positive=false, type=AUTOMATIC, visibility=ALWAYS, testCase=TestCaseDTO[testName=null, id=108]], FeedbackDTO[id=155, text=null, detailText=The class 'Context' was not found within the submission. Make sure to implement it properly., hasLongFeedbackText=false, reference=null, credits=0.0, positive=false, type=AUTOMATIC, visibility=ALWAYS, testCase=TestCaseDTO[testName=null, id=109]], FeedbackDTO[id=156, text=null, detailText=The exercise expects a class with the name Policy in the package testpackage. You did not implement the class in the exercise., hasLongFeedbackText=false, reference=null, credits=0.0, positive=false, type=AUTOMATIC, visibility=ALWAYS, testCase=TestCaseDTO[testName=null, id=103]], FeedbackDTO[id=157, text=null, detailText=The exercise expects a class with the name Context in the package testpackage. You did not implement the class in the exercise., hasLongFeedbackText=false, reference=null, credits=0.0, positive=false, type=AUTOMATIC, visibility=ALWAYS, testCase=TestCaseDTO[testName=null, id=99]], FeedbackDTO[id=158, text=null, detailText=The exercise expects a class with the name Policy in the package testpackage. You did not implement the class in the exercise., hasLongFeedbackText=false, reference=null, credits=0.0, positive=false, type=AUTOMATIC, visibility=ALWAYS, testCase=TestCaseDTO[testName=null, id=100]], FeedbackDTO[id=159, text=null, detailText=null, hasLongFeedbackText=false, reference=null, credits=3.230769230769231, positive=true, type=AUTOMATIC, visibility=ALWAYS, testCase=TestCaseDTO[testName=null, id=110]]], assessmentType=AUTOMATIC, hasComplaint=null, exampleResult=null, testCaseCount=13, passedTestCaseCount=1, codeIssueCount=0]], BuildJobQueueItem[id=4851739576588371, name=SHORT495D587A0856D04A9E08BC60D2E08365FB9ETSTEXC-LOCALCIINTSTUDENT1, buildAgent=BuildAgentDTO[name=artemis-build-agent-test, memberAddress=[127.0.0.1]:5703, displayName=artemis-build-agent-test], participationId=485, courseId=155, exerciseId=306, retryCount=0, priority=2, status=FAILED, repositoryInfo=RepositoryInfo[repositoryName=short495d587a0856d04a9e08bc60d2e08365fb9etstexc-localciintstudent1, repositoryType=user, triggeredByPushTo=user, assignmentRepositoryUri=http://localhost:49152/git/SHORT495D587A0856D04A9E08BC60D2E08365FB9ETSTEXC/short495d587a0856d04a9e08bc60d2e08365fb9etstexc-localciintstudent1.git, testRepositoryUri=http://localhost:49152/git/SHORT495D587A0856D04A9E08BC60D2E08365FB9ETSTEXC/short495d587a0856d04a9e08bc60d2e08365fb9etstexc-tests.git, solutionRepositoryUri=null, auxiliaryRepositoryUris=[Ljava.lang.String;@473b99ab, auxiliaryRepositoryCheckoutDirectories=[Ljava.lang.String;@7c4be80b], jobTimingInfo=JobTimingInfo[submissionDate=2025-02-14T23:43:08.371015915Z[Etc/UTC], buildStartDate=2025-02-14T23:43:08.374658929Z[Etc/UTC], buildCompletionDate=2025-02-14T23:43:09.341007666Z[Etc/UTC], estimatedCompletionDate=2025-02-14T23:43:27.374650503Z[Etc/UTC], estimatedDuration=19], buildConfig=BuildConfig[buildScript=#!/bin/bash
cd /var/tmp/testing-dir
chmod +x ./gradlew
./gradlew clean test
, dockerImage=dummy-docker-image:latest, commitHashToBuild=ebb8aa4dc3625fe07e975266e18313ad871ce864, assignmentCommitHash=9b3a9bd71a0d80e5bbc42204c319ed3d1d4f0d6d, testCommitHash=9b3a9bd71a0d80e5bbc42204c319ed3d1d4f0d6d, branch=main, programmingLanguage=JAVA, projectType=PLAIN_GRADLE, scaEnabled=false, sequentialTestRunsEnabled=false, resultPaths=[/var/tmp/testing-dir/**/test-results/test/*.xml], timeoutSeconds=0, assignmentCheckoutPath=null, testCheckoutPath=null, solutionCheckoutPath=null, dockerRunConfig=null], submissionResult=ResultDTO[id=138, completionDate=2025-02-14T23:43:09.343306574Z[Etc/UTC], successful=false, score=0.0, rated=true, submission=SubmissionDTO[id=127, submitted=true, type=MANUAL, exampleSubmission=null, submissionDate=2025-02-14T23:43:09.343306574Z[Etc/UTC], commitHash=9b3a9bd71a0d80e5bbc42204c319ed3d1d4f0d6d, buildFailed=true, buildArtifact=false, participation=ParticipationDTO[id=485, testRun=false, type=programming, submissionCount=null, exercise=ParticipationExerciseDTO[id=306, exerciseType=PROGRAMMING, type=programming, assessmentType=AUTOMATIC, dueDate=2025-02-16T23:43:08.185273Z, assessmentDueDate=null, maxPoints=42.0, course=CourseDTO[id=155, accuracyOfScores=1]]], submissionExerciseType=programming, isProcessing=false, buildStartDate=null, estimatedCompletionDate=null], participation=ParticipationDTO[id=485, testRun=false, type=programming, submissionCount=null, exercise=ParticipationExerciseDTO[id=306, exerciseType=PROGRAMMING, type=programming, assessmentType=AUTOMATIC, dueDate=2025-02-16T23:43:08.185273Z, assessmentDueDate=null, maxPoints=42.0, course=CourseDTO[id=155, accuracyOfScores=1]]], feedbacks=[], assessmentType=AUTOMATIC, hasComplaint=null, exampleResult=null, testCaseCount=0, passedTestCaseCount=0, codeIssueCount=0]], BuildJobQueueItem[id=4881739576590204, name=SHORT80B5DD0E0D6B304EBB096E9020B949996A1CTSTEXC-LOCALCIINTSTUDENT1, buildAgent=BuildAgentDTO[name=artemis-build-agent-test, memberAddress=[127.0.0.1]:5703, displayName=artemis-build-agent-test], participationId=488, courseId=156, exerciseId=307, retryCount=0, priority=2, status=SUCCESSFUL, repositoryInfo=RepositoryInfo[repositoryName=short80b5dd0e0d6b304ebb096e9020b949996a1ctstexc-localciintstudent1, repositoryType=user, triggeredByPushTo=user, assignmentRepositoryUri=http://localhost:49152/git/SHORT80B5DD0E0D6B304EBB096E9020B949996A1CTSTEXC/short80b5dd0e0d6b304ebb096e9020b949996a1ctstexc-localciintstudent1.git, testRepositoryUri=http://localhost:49152/git/SHORT80B5DD0E0D6B304EBB096E9020B949996A1CTSTEXC/short80b5dd0e0d6b304ebb096e9020b949996a1ctstexc-tests.git, solutionRepositoryUri=null, auxiliaryRepositoryUris=[Ljava.lang.String;@c74dacb, auxiliaryRepositoryCheckoutDirectories=[Ljava.lang.String;@3ddfee53], jobTimingInfo=JobTimingInfo[submissionDate=2025-02-14T23:43:10.204264160Z[Etc/UTC], buildStartDate=2025-02-14T23:43:10.223149139Z[Etc/UTC], buildCompletionDate=2025-02-14T23:43:12.086509109Z[Etc/UTC], estimatedCompletionDate=2025-02-14T23:43:29.223142246Z[Etc/UTC], estimatedDuration=19], buildConfig=BuildConfig[buildScript=#!/bin/bash
cd /var/tmp/testing-dir
chmod +x ./gradlew
./gradlew clean test
, dockerImage=dummy-docker-image:latest, commitHashToBuild=b806a93102242552beed7c01b08b2769731814b3, assignmentCommitHash=b806a93102242552beed7c01b08b2769731814b3, testCommitHash=b806a93102242552beed7c01b08b2769731814b3, branch=main, programmingLanguage=JAVA, projectType=PLAIN_GRADLE, scaEnabled=false, sequentialTestRunsEnabled=false, resultPaths=[/var/tmp/testing-dir/**/test-results/test/*.xml], timeoutSeconds=0, assignmentCheckoutPath=null, testCheckoutPath=null, solutionCheckoutPath=null, dockerRunConfig=null], submissionResult=ResultDTO[id=139, completionDate=2025-02-14T23:43:12.066436124Z[Etc/UTC], successful=false, score=0.0, rated=true, submission=SubmissionDTO[id=128, submitted=true, type=MANUAL, exampleSubmission=null, submissionDate=2025-02-14T23:43:10.192407Z, commitHash=b806a93102242552beed7c01b08b2769731814b3, buildFailed=true, buildArtifact=false, participation=ParticipationDTO[id=488, testRun=false, type=programming, submissionCount=null, exercise=ParticipationExerciseDTO[id=307, exerciseType=PROGRAMMING, type=programming, assessmentType=AUTOMATIC, dueDate=2025-02-16T23:43:09.986646Z, assessmentDueDate=null, maxPoints=42.0, course=CourseDTO[id=156, accuracyOfScores=1]]], submissionExerciseType=programming, isProcessing=false, buildStartDate=null, estimatedCompletionDate=null], participation=ParticipationDTO[id=488, testRun=false, type=programming, submissionCount=null, exercise=ParticipationExerciseDTO[id=307, exerciseType=PROGRAMMING, type=programming, assessmentType=AUTOMATIC, dueDate=2025-02-16T23:43:09.986646Z, assessmentDueDate=null, maxPoints=42.0, course=CourseDTO[id=156, accuracyOfScores=1]]], feedbacks=[], assessmentType=AUTOMATIC, hasComplaint=null, exampleResult=null, testCaseCount=0, passedTestCaseCount=0, codeIssueCount=0]], BuildJobQueueItem[id=4911739576593817, name=SHORT585B2198089880462509B3007867E72DFB7ATSTEXC-LOCALCIINTSTUDENT1, buildAgent=BuildAgentDTO[name=artemis-build-agent-test, memberAddress=[127.0.0.1]:5703, displayName=artemis-build-agent-test], participationId=491, courseId=157, exerciseId=308, retryCount=0, priority=2, status=SUCCESSFUL, repositoryInfo=RepositoryInfo[repositoryName=short585b2198089880462509b3007867e72dfb7atstexc-localciintstudent1, repositoryType=user, triggeredByPushTo=user, assignmentRepositoryUri=http://localhost:49152/git/SHORT585B2198089880462509B3007867E72DFB7ATSTEXC/short585b2198089880462509b3007867e72dfb7atstexc-localciintstudent1.git, testRepositoryUri=http://localhost:49152/git/SHORT585B2198089880462509B3007867E72DFB7ATSTEXC/short585b2198089880462509b3007867e72dfb7atstexc-tests.git, solutionRepositoryUri=null, auxiliaryRepositoryUris=[Ljava.lang.String;@26b2de82, auxiliaryRepositoryCheckoutDirectories=[Ljava.lang.String;@51a71ef], jobTimingInfo=JobTimingInfo[submissionDate=2025-02-14T23:43:13.817124706Z[Etc/UTC], buildStartDate=2025-02-14T23:43:13.834335931Z[Etc/UTC], buildCompletionDate=2025-02-14T23:43:15.746259139Z[Etc/UTC], estimatedCompletionDate=2025-02-14T23:43:32.834326082Z[Etc/UTC], estimatedDuration=19], buildConfig=BuildConfig[buildScript=#!/bin/bash
cd /var/tmp/testing-dir
chmod +x ./gradlew
./gradlew clean test
, dockerImage=dummy-docker-image:latest, commitHashToBuild=42077d078a5d5042fe2d4bd8299a990d342fce6e, assignmentCommitHash=42077d078a5d5042fe2d4bd8299a990d342fce6e, testCommitHash=42077d078a5d5042fe2d4bd8299a990d342fce6e, branch=main, programmingLanguage=JAVA, projectType=PLAIN_GRADLE, scaEnabled=false, sequentialTestRunsEnabled=false, resultPaths=[/var/tmp/testing-dir/**/test-results/test/*.xml], timeoutSeconds=0, assignmentCheckoutPath=null, testCheckoutPath=null, solutionCheckoutPath=null, dockerRunConfig=null], submissionResult=ResultDTO[id=140, completionDate=2025-02-14T23:43:15.725343914Z[Etc/UTC], successful=false, score=0.0, rated=true, submission=SubmissionDTO[id=129, submitted=true, type=MANUAL, exampleSubmission=null, submissionDate=2025-02-14T23:43:13.805401Z, commitHash=42077d078a5d5042fe2d4bd8299a990d342fce6e, buildFailed=false, buildArtifact=false, participation=ParticipationDTO[id=491, testRun=false, type=programming, submissionCount=null, exercise=ParticipationExerciseDTO[id=308, exerciseType=PROGRAMMING, type=programming, assessmentType=AUTOMATIC, dueDate=2025-02-16T23:43:13.569213Z, assessmentDueDate=null, maxPoints=42.0, course=CourseDTO[id=157, accuracyOfScores=1]]], submissionExerciseType=programming, isProcessing=false, buildStartDate=null, estimatedCompletionDate=null], participation=ParticipationDTO[id=491, testRun=false, type=programming, submissionCount=null, exercise=ParticipationExerciseDTO[id=308, exerciseType=PROGRAMMING, type=programming, assessmentType=AUTOMATIC, dueDate=2025-02-16T23:43:13.569213Z, assessmentDueDate=null, maxPoints=42.0, course=CourseDTO[id=157, accuracyOfScores=1]]], feedbacks=[FeedbackDTO[id=160, text=null, detailText=Deine Einreichung enthält keine Ausgabe. (67cac2), hasLongFeedbackText=false, reference=null, credits=0.0, positive=false, type=AUTOMATIC, visibility=ALWAYS, testCase=TestCaseDTO[testName=null, id=146]], FeedbackDTO[id=161, text=null, detailText=test `add` failed on ≥ 1 cases:
(0, 0)
Your submission raised an error Failure("TODO add"), hasLongFeedbackText=false, reference=null, credits=0.0, positive=false, type=AUTOMATIC, visibility=ALWAYS, testCase=TestCaseDTO[testName=null, id=149]], FeedbackDTO[id=162, text=null, detailText=test `filter` failed on ≥ 1 cases:
(even, [1; 2; 3; 4])
Your submission raised an error Failure("TODO filter"), hasLongFeedbackText=false, reference=null, credits=0.0, positive=false, type=AUTOMATIC, visibility=ALWAYS, testCase=TestCaseDTO[testName=null, id=148]], FeedbackDTO[id=163, text=null, detailText=Test was not executed., hasLongFeedbackText=false, reference=null, credits=0.0, positive=null, type=AUTOMATIC, visibility=null, testCase=TestCaseDTO[testName=null, id=137]], FeedbackDTO[id=164, text=null, detailText=Test was not executed., hasLongFeedbackText=false, reference=null, credits=0.0, positive=null, type=AUTOMATIC, visibility=null, testCase=TestCaseDTO[testName=null, id=138]], FeedbackDTO[id=165, text=null, detailText=Test was not executed., hasLongFeedbackText=false, reference=null, credits=0.0, positive=null, type=AUTOMATIC, visibility=null, testCase=TestCaseDTO[testName=null, id=139]], FeedbackDTO[id=166, text=null, detailText=Test was not executed., hasLongFeedbackText=false, reference=null, credits=0.0, positive=null, type=AUTOMATIC, visibility=null, testCase=TestCaseDTO[testName=null, id=140]], FeedbackDTO[id=167, text=null, detailText=Test was not executed., hasLongFeedbackText=false, reference=null, credits=0.0, positive=null, type=AUTOMATIC, visibility=null, testCase=TestCaseDTO[testName=null, id=141]], FeedbackDTO[id=168, text=null, detailText=Test was not executed., hasLongFeedbackText=false, reference=null, credits=0.0, positive=null, type=AUTOMATIC, visibility=null, testCase=TestCaseDTO[testName=null, id=142]], FeedbackDTO[id=169, text=null, detailText=Test was not executed., hasLongFeedbackText=false, reference=null, credits=0.0, positive=null, type=AUTOMATIC, visibility=null, testCase=TestCaseDTO[testName=null, id=143]], FeedbackDTO[id=170, text=null, detailText=Test was not executed., hasLongFeedbackText=false, reference=null, credits=0.0, positive=null, type=AUTOMATIC, visibility=null, testCase=TestCaseDTO[testName=null, id=144]], FeedbackDTO[id=171, text=null, detailText=Test was not executed., hasLongFeedbackText=false, reference=null, credits=0.0, positive=null, type=AUTOMATIC, visibility=null, testCase=TestCaseDTO[testName=null, id=145]], FeedbackDTO[id=172, text=null, detailText=Test was not executed., hasLongFeedbackText=false, reference=null, credits=0.0, positive=null, type=AUTOMATIC, visibility=null, testCase=TestCaseDTO[testName=null, id=147]]], assessmentType=AUTOMATIC, hasComplaint=null, exampleResult=null, testCaseCount=13, passedTestCaseCount=0, codeIssueCount=0]], BuildJobQueueItem[id=4941739576597286, name=SHORTFBCBD7BF0E6EB0451A080E80FCB407DC1F12TSTEXC-LOCALCIINTSTUDENT1, buildAgent=BuildAgentDTO[name=artemis-build-agent-test, memberAddress=[127.0.0.1]:5703, displayName=artemis-build-agent-test], participationId=494, courseId=158, exerciseId=309, retryCount=0, priority=2, status=SUCCESSFUL, repositoryInfo=RepositoryInfo[repositoryName=shortfbcbd7bf0e6eb0451a080e80fcb407dc1f12tstexc-localciintstudent1, repositoryType=user, triggeredByPushTo=user, assignmentRepositoryUri=http://localhost:49152/git/SHORTFBCBD7BF0E6EB0451A080E80FCB407DC1F12TSTEXC/shortfbcbd7bf0e6eb0451a080e80fcb407dc1f12tstexc-localciintstudent1.git, testRepositoryUri=http://localhost:49152/git/SHORTFBCBD7BF0E6EB0451A080E80FCB407DC1F12TSTEXC/shortfbcbd7bf0e6eb0451a080e80fcb407dc1f12tstexc-tests.git, solutionRepositoryUri=null, auxiliaryRepositoryUris=[Ljava.lang.String;@2f925105, auxiliaryRepositoryCheckoutDirectories=[Ljava.lang.String;@6dfd8fd2], jobTimingInfo=JobTimingInfo[submissionDate=2025-02-14T23:43:17.286977233Z[Etc/UTC], buildStartDate=2025-02-14T23:43:17.293977347Z[Etc/UTC], buildCompletionDate=2025-02-14T23:43:18.740990762Z[Etc/UTC], estimatedCompletionDate=2025-02-14T23:43:36.293970494Z[Etc/UTC], estimatedDuration=19], buildConfig=BuildConfig[buildScript=#!/bin/bash
cd /var/tmp/testing-dir
chmod +x ./gradlew
./gradlew clean test
, dockerImage=dummy-docker-image:latest, commitHashToBuild=4a1af7e8a64e6505c5fc09b9f81ea41af9fcff44, assignmentCommitHash=4a1af7e8a64e6505c5fc09b9f81ea41af9fcff44, testCommitHash=4a1af7e8a64e6505c5fc09b9f81ea41af9fcff44, branch=main, programmingLanguage=JAVA, projectType=PLAIN_GRADLE, scaEnabled=false, sequentialTestRunsEnabled=false, resultPaths=[/var/tmp/testing-dir/**/test-results/test/*.xml], timeoutSeconds=0, assignmentCheckoutPath=null, testCheckoutPath=null, solutionCheckoutPath=null, dockerRunConfig=null], submissionResult=ResultDTO[id=141, completionDate=2025-02-14T23:43:18.729015138Z[Etc/UTC], successful=false, score=0.0, rated=true, submission=SubmissionDTO[id=130, submitted=true, type=MANUAL, exampleSubmission=null, submissionDate=2025-02-14T23:43:17.272936Z, commitHash=4a1af7e8a64e6505c5fc09b9f81ea41af9fcff44, buildFailed=true, buildArtifact=false, participation=ParticipationDTO[id=494, testRun=false, type=programming, submissionCount=null, exercise=ParticipationExerciseDTO[id=309, exerciseType=PROGRAMMING, type=programming, assessmentType=AUTOMATIC, dueDate=2025-02-16T23:43:17.147218Z, assessmentDueDate=null, maxPoints=42.0, course=CourseDTO[id=158, accuracyOfScores=1]]], submissionExerciseType=programming, isProcessing=false, buildStartDate=null, estimatedCompletionDate=null], participation=ParticipationDTO[id=494, testRun=false, type=programming, submissionCount=null, exercise=ParticipationExerciseDTO[id=309, exerciseType=PROGRAMMING, type=programming, assessmentType=AUTOMATIC, dueDate=2025-02-16T23:43:17.147218Z, assessmentDueDate=null, maxPoints=42.0, course=CourseDTO[id=158, accuracyOfScores=1]]], feedbacks=[], assessmentType=AUTOMATIC, hasComplaint=null, exampleResult=null, testCaseCount=0, passedTestCaseCount=0, codeIssueCount=0]], BuildJobQueueItem[id=4971739576599269, name=SHORT52AD57270517204728083260501A19D262D1TSTEXC-LOCALCIINTSTUDENT1, buildAgent=BuildAgentDTO[name=artemis-build-agent-test, memberAddress=[127.0.0.1]:5703, displayName=artemis-build-agent-test], participationId=497, courseId=159, exerciseId=310, retryCount=0, priority=2, status=SUCCESSFUL, repositoryInfo=RepositoryInfo[repositoryName=short52ad57270517204728083260501a19d262d1tstexc-localciintstudent1, repositoryType=user, triggeredByPushTo=user, assignmentRepositoryUri=http://localhost:49152/git/SHORT52AD57270517204728083260501A19D262D1TSTEXC/short52ad57270517204728083260501a19d262d1tstexc-localciintstudent1.git, testRepositoryUri=http://localhost:49152/git/SHORT52AD57270517204728083260501A19D262D1TSTEXC/short52ad57270517204728083260501a19d262d1tstexc-tests.git, solutionRepositoryUri=null, auxiliaryRepositoryUris=[Ljava.lang.String;@5d8b1a21, auxiliaryRepositoryCheckoutDirectories=[Ljava.lang.String;@bc89d76], jobTimingInfo=JobTimingInfo[submissionDate=2025-02-14T23:43:19.269997499Z[Etc/UTC], buildStartDate=2025-02-14T23:43:19.277325895Z[Etc/UTC], buildCompletionDate=2025-02-14T23:43:20.497391524Z[Etc/UTC], estimatedCompletionDate=2025-02-14T23:43:38.277310787Z[Etc/UTC], estimatedDuration=19], buildConfig=BuildConfig[buildScript=#!/bin/bash
cd /var/tmp/testing-dir
chmod +x ./gradlew
./gradlew clean test
, dockerImage=dummy-docker-image:latest, commitHashToBuild=9f4f76247a188e9a0f3516a9fbd60e829d53fb05, assignmentCommitHash=9f4f76247a188e9a0f3516a9fbd60e829d53fb05, testCommitHash=9f4f76247a188e9a0f3516a9fbd60e829d53fb05, branch=main, programmingLanguage=JAVA, projectType=PLAIN_GRADLE, scaEnabled=false, sequentialTestRunsEnabled=false, resultPaths=[/var/tmp/testing-dir/**/test-results/test/*.xml], timeoutSeconds=0, assignmentCheckoutPath=null, testCheckoutPath=null, solutionCheckoutPath=null, dockerRunConfig=null], submissionResult=ResultDTO[id=142, completionDate=2025-02-14T23:43:20.484244187Z[Etc/UTC], successful=false, score=7.7, rated=true, submission=SubmissionDTO[id=131, submitted=true, type=MANUAL, exampleSubmission=null, submissionDate=2025-02-14T23:43:19.265464Z, commitHash=9f4f76247a188e9a0f3516a9fbd60e829d53fb05, buildFailed=false, buildArtifact=false, participation=ParticipationDTO[id=497, testRun=false, type=programming, submissionCount=null, exercise=ParticipationExerciseDTO[id=310, exerciseType=PROGRAMMING, type=programming, assessmentType=AUTOMATIC, dueDate=2025-02-16T23:43:19.182228Z, assessmentDueDate=null, maxPoints=42.0, course=CourseDTO[id=159, accuracyOfScores=1]]], submissionExerciseType=programming, isProcessing=false, buildStartDate=null, estimatedCompletionDate=null], participation=ParticipationDTO[id=497, testRun=false, type=programming, submissionCount=null, exercise=ParticipationExerciseDTO[id=310, exerciseType=PROGRAMMING, type=programming, assessmentType=AUTOMATIC, dueDate=2025-02-16T23:43:19.182228Z, assessmentDueDate=null, maxPoints=42.0, course=CourseDTO[id=159, accuracyOfScores=1]]], feedbacks=[FeedbackDTO[id=173, text=null, detailText=The exercise expects a class with the name Context in the package testpackage. You did not implement the class in the exercise., hasLongFeedbackText=false, reference=null, credits=0.0, positive=false, type=AUTOMATIC, visibility=ALWAYS, testCase=TestCaseDTO[testName=null, id=169]], FeedbackDTO[id=174, text=null, detailText=The exercise expects a class with the name Policy in the package testpackage. You did not implement the class in the exercise., hasLongFeedbackText=false, reference=null, credits=0.0, positive=false, type=AUTOMATIC, visibility=ALWAYS, testCase=TestCaseDTO[testName=null, id=170]], FeedbackDTO[id=175, text=null, detailText=The exercise expects a class with the name SortStrategy in the package testpackage. You did not implement the class in the exercise., hasLongFeedbackText=false, reference=null, credits=0.0, positive=false, type=AUTOMATIC, visibility=ALWAYS, testCase=TestCaseDTO[testName=null, id=171]], FeedbackDTO[id=176, text=null, detailText=The class 'MergeSort' does not implement the interface 'SortStrategy' as expected. Implement the interface and its methods., hasLongFeedbackText=false, reference=null, credits=0.0, positive=false, type=AUTOMATIC, visibility=ALWAYS, testCase=TestCaseDTO[testName=null, id=166]], FeedbackDTO[id=177, text=null, detailText=The exercise expects a class with the name SortStrategy in the package testpackage. You did not implement the class in the exercise., hasLongFeedbackText=false, reference=null, credits=0.0, positive=false, type=AUTOMATIC, visibility=ALWAYS, testCase=TestCaseDTO[testName=null, id=163]], FeedbackDTO[id=178, text=null, detailText=The class 'BubbleSort' does not implement the interface 'SortStrategy' as expected. Implement the interface and its methods., hasLongFeedbackText=false, reference=null, credits=0.0, positive=false, type=AUTOMATIC, visibility=ALWAYS, testCase=TestCaseDTO[testName=null, id=167]], FeedbackDTO[id=179, text=null, detailText=MergeSort does not sort correctly, hasLongFeedbackText=false, reference=null, credits=0.0, positive=false, type=AUTOMATIC, visibility=ALWAYS, testCase=TestCaseDTO[testName=null, id=172]], FeedbackDTO[id=180, text=null, detailText=The class 'Context' was not found within the submission. Make sure to implement it properly., hasLongFeedbackText=false, reference=null, credits=0.0, positive=false, type=AUTOMATIC, visibility=ALWAYS, testCase=TestCaseDTO[testName=null, id=173]], FeedbackDTO[id=181, text=null, detailText=The class 'Context' was not found within the submission. Make sure to implement it properly., hasLongFeedbackText=false, reference=null, credits=0.0, positive=false, type=AUTOMATIC, visibility=ALWAYS, testCase=TestCaseDTO[testName=null, id=174]], FeedbackDTO[id=182, text=null, detailText=The exercise expects a class with the name Policy in the package testpackage. You did not implement the class in the exercise., hasLongFeedbackText=false, reference=null, credits=0.0, positive=false, type=AUTOMATIC, visibility=ALWAYS, testCase=TestCaseDTO[testName=null, id=168]], FeedbackDTO[id=183, text=null, detailText=The exercise expects a class with the name Context in the package testpackage. You did not implement the class in the exercise., hasLongFeedbackText=false, reference=null, credits=0.0, positive=false, type=AUTOMATIC, visibility=ALWAYS, testCase=TestCaseDTO[testName=null, id=164]], FeedbackDTO[id=184, text=null, detailText=The exercise expects a class with the name Policy in the package testpackage. You did not implement the class in the exercise., hasLongFeedbackText=false, reference=null, credits=0.0, positive=false, type=AUTOMATIC, visibility=ALWAYS, testCase=TestCaseDTO[testName=null, id=165]], FeedbackDTO[id=185, text=null, detailText=null, hasLongFeedbackText=false, reference=null, credits=3.230769230769231, positive=true, type=AUTOMATIC, visibility=ALWAYS, testCase=TestCaseDTO[testName=null, id=175]]], assessmentType=AUTOMATIC, hasComplaint=null, exampleResult=null, testCaseCount=13, passedTestCaseCount=1, codeIssueCount=0]], BuildJobQueueItem[id=5001739576601035, name=SHORT582B1BDC0A17704D6D0A46800FC19163DA47TSTEXC-LOCALCIINTSTUDENT1, buildAgent=BuildAgentDTO[name=artemis-build-agent-test, memberAddress=[127.0.0.1]:5703, displayName=artemis-build-agent-test], participationId=500, courseId=160, exerciseId=311, retryCount=0, priority=2, status=SUCCESSFUL, repositoryInfo=RepositoryInfo[repositoryName=short582b1bdc0a17704d6d0a46800fc19163da47tstexc-localciintstudent1, repositoryType=user, triggeredByPushTo=user, assignmentRepositoryUri=http://localhost:49152/git/SHORT582B1BDC0A17704D6D0A46800FC19163DA47TSTEXC/short582b1bdc0a17704d6d0a46800fc19163da47tstexc-localciintstudent1.git, testRepositoryUri=http://localhost:49152/git/SHORT582B1BDC0A17704D6D0A46800FC19163DA47TSTEXC/short582b1bdc0a17704d6d0a46800fc19163da47tstexc-tests.git, solutionRepositoryUri=null, auxiliaryRepositoryUris=[Ljava.lang.String;@366fff73, auxiliaryRepositoryCheckoutDirectories=[Ljava.lang.String;@37ed7573], jobTimingInfo=JobTimingInfo[submissionDate=2025-02-14T23:43:21.035120760Z[Etc/UTC], buildStartDate=2025-02-14T23:43:21.040320383Z[Etc/UTC], buildCompletionDate=2025-02-14T23:43:22.581236903Z[Etc/UTC], estimatedCompletionDate=2025-02-14T23:43:40.040312057Z[Etc/UTC], estimatedDuration=19], buildConfig=BuildConfig[buildScript=#!/bin/bash
cd /var/tmp/testing-dir
chmod +x ./gradlew
./gradlew clean test
, dockerImage=dummy-docker-image:latest, commitHashToBuild=887566cf754016f986627cf5c5c365dea16c907f, assignmentCommitHash=887566cf754016f986627cf5c5c365dea16c907f, testCommitHash=6af67146332066e7430917928a4b9b81c43b7c71, branch=main, programmingLanguage=JAVA, projectType=PLAIN_GRADLE, scaEnabled=false, sequentialTestRunsEnabled=false, resultPaths=[/var/tmp/testing-dir/**/test-results/test/*.xml], timeoutSeconds=0, assignmentCheckoutPath=customAssignmentPath, testCheckoutPath=null, solutionCheckoutPath=null, dockerRunConfig=null], submissionResult=ResultDTO[id=143, completionDate=2025-02-14T23:43:22.538158998Z[Etc/UTC], successful=false, score=7.7, rated=true, submission=SubmissionDTO[id=132, submitted=true, type=MANUAL, exampleSubmission=null, submissionDate=2025-02-14T23:43:21.028930Z, commitHash=887566cf754016f986627cf5c5c365dea16c907f, buildFailed=false, buildArtifact=false, participation=ParticipationDTO[id=500, testRun=false, type=programming, submissionCount=null, exercise=ParticipationExerciseDTO[id=311, exerciseType=PROGRAMMING, type=programming, assessmentType=AUTOMATIC, dueDate=2025-02-16T23:43:20.897280Z, assessmentDueDate=null, maxPoints=42.0, course=CourseDTO[id=160, accuracyOfScores=1]]], submissionExerciseType=programming, isProcessing=false, buildStartDate=null, estimatedCompletionDate=null], participation=ParticipationDTO[id=500, testRun=false, type=programming, submissionCount=null, exercise=ParticipationExerciseDTO[id=311, exerciseType=PROGRAMMING, type=programming, assessmentType=AUTOMATIC, dueDate=2025-02-16T23:43:20.897280Z, assessmentDueDate=null, maxPoints=42.0, course=CourseDTO[id=160, accuracyOfScores=1]]], feedbacks=[FeedbackDTO[id=186, text=null, detailText=The exercise expects a class with the name Context in the package testpackage. You did not implement the class in the exercise., hasLongFeedbackText=false, reference=null, credits=0.0, positive=false, type=AUTOMATIC, visibility=ALWAYS, testCase=TestCaseDTO[testName=null, id=182]], FeedbackDTO[id=187, text=null, detailText=The exercise expects a class with the name Policy in the package testpackage. You did not implement the class in the exercise., hasLongFeedbackText=false, reference=null, credits=0.0, positive=false, type=AUTOMATIC, visibility=ALWAYS, testCase=TestCaseDTO[testName=null, id=183]], FeedbackDTO[id=188, text=null, detailText=The exercise expects a class with the name SortStrategy in the package testpackage. You did not implement the class in the exercise., hasLongFeedbackText=false, reference=null, credits=0.0, positive=false, type=AUTOMATIC, visibility=ALWAYS, testCase=TestCaseDTO[testName=null, id=184]], FeedbackDTO[id=189, text=null, detailText=The class 'MergeSort' does not implement the interface 'SortStrategy' as expected. Implement the interface and its methods., hasLongFeedbackText=false, reference=null, credits=0.0, positive=false, type=AUTOMATIC, visibility=ALWAYS, testCase=TestCaseDTO[testName=null, id=179]], FeedbackDTO[id=190, text=null, detailText=The exercise expects a class with the name SortStrategy in the package testpackage. You did not implement the class in the exercise., hasLongFeedbackText=false, reference=null, credits=0.0, positive=false, type=AUTOMATIC, visibility=ALWAYS, testCase=TestCaseDTO[testName=null, id=176]], FeedbackDTO[id=191, text=null, detailText=The class 'BubbleSort' does not implement the interface 'SortStrategy' as expected. Implement the interface and its methods., hasLongFeedbackText=false, reference=null, credits=0.0, positive=false, type=AUTOMATIC, visibility=ALWAYS, testCase=TestCaseDTO[testName=null, id=180]], FeedbackDTO[id=192, text=null, detailText=MergeSort does not sort correctly, hasLongFeedbackText=false, reference=null, credits=0.0, positive=false, type=AUTOMATIC, visibility=ALWAYS, testCase=TestCaseDTO[testName=null, id=185]], FeedbackDTO[id=193, text=null, detailText=The class 'Context' was not found within the submission. Make sure to implement it properly., hasLongFeedbackText=false, reference=null, credits=0.0, positive=false, type=AUTOMATIC, visibility=ALWAYS, testCase=TestCaseDTO[testName=null, id=186]], FeedbackDTO[id=194, text=null, detailText=The class 'Context' was not found within the submission. Make sure to implement it properly., hasLongFeedbackText=false, reference=null, credits=0.0, positive=false, type=AUTOMATIC, visibility=ALWAYS, testCase=TestCaseDTO[testName=null, id=187]], FeedbackDTO[id=195, text=null, detailText=The exercise expects a class with the name Policy in the package testpackage. You did not implement the class in the exercise., hasLongFeedbackText=false, reference=null, credits=0.0, positive=false, type=AUTOMATIC, visibility=ALWAYS, testCase=TestCaseDTO[testName=null, id=181]], FeedbackDTO[id=196, text=null, detailText=The exercise expects a class with the name Context in the package testpackage. You did not implement the class in the exercise., hasLongFeedbackText=false, reference=null, credits=0.0, positive=false, type=AUTOMATIC, visibility=ALWAYS, testCase=TestCaseDTO[testName=null, id=177]], FeedbackDTO[id=197, text=null, detailText=The exercise expects a class with the name Policy in the package testpackage. You did not implement the class in the exercise., hasLongFeedbackText=false, reference=null, credits=0.0, positive=false, type=AUTOMATIC, visibility=ALWAYS, testCase=TestCaseDTO[testName=null, id=178]], FeedbackDTO[id=198, text=null, detailText=null, hasLongFeedbackText=false, reference=null, credits=3.230769230769231, positive=true, type=AUTOMATIC, visibility=ALWAYS, testCase=TestCaseDTO[testName=null, id=188]]], assessmentType=AUTOMATIC, hasComplaint=null, exampleResult=null, testCaseCount=13, passedTestCaseCount=1, codeIssueCount=0]], BuildJobQueueItem[id=5031739576604847, name=SHORT00FA1A240403404C7E097D7007C591BE2AB1TSTEXC-LOCALCIINTSTUDENT1, buildAgent=BuildAgentDTO[name=artemis-build-agent-test, memberAddress=[127.0.0.1]:5703, displayName=artemis-build-agent-test], participationId=503, courseId=161, exerciseId=312, retryCount=0, priority=2, status=FAILED, repositoryInfo=RepositoryInfo[repositoryName=short00fa1a240403404c7e097d7007c591be2ab1tstexc-localciintstudent1, repositoryType=user, triggeredByPushTo=user, assignmentRepositoryUri=http://localhost:49152/git/SHORT00FA1A240403404C7E097D7007C591BE2AB1TSTEXC/short00fa1a240403404c7e097d7007c591be2ab1tstexc-localciintstudent1.git, testRepositoryUri=http://localhost:49152/git/SHORT00FA1A240403404C7E097D7007C591BE2AB1TSTEXC/short00fa1a240403404c7e097d7007c591be2ab1tstexc-tests.git, solutionRepositoryUri=null, auxiliaryRepositoryUris=[Ljava.lang.String;@32322bbd, auxiliaryRepositoryCheckoutDirectories=[Ljava.lang.String;@7d5e23a0], jobTimingInfo=JobTimingInfo[submissionDate=2025-02-14T23:43:24.847396156Z[Etc/UTC], buildStartDate=2025-02-14T23:43:24.860457211Z[Etc/UTC], buildCompletionDate=2025-02-14T23:43:26.809353681Z[Etc/UTC], estimatedCompletionDate=2025-02-14T23:43:46.860451490Z[Etc/UTC], estimatedDuration=22], buildConfig=BuildConfig[buildScript=#!/bin/bash
cd /var/tmp/testing-dir
chmod +x ./gradlew
./gradlew clean test
, dockerImage=dummy-docker-image:latest, commitHashToBuild=9690714a509af0a98c6790a7e52ee3574c7ef689, assignmentCommitHash=9690714a509af0a98c6790a7e52ee3574c7ef689, testCommitHash=9690714a509af0a98c6790a7e52ee3574c7ef689, branch=main, programmingLanguage=JAVA, projectType=PLAIN_GRADLE, scaEnabled=false, sequentialTestRunsEnabled=false, resultPaths=[/var/tmp/testing-dir/**/test-results/test/*.xml], timeoutSeconds=0, assignmentCheckoutPath=null, testCheckoutPath=null, solutionCheckoutPath=null, dockerRunConfig=null], submissionResult=ResultDTO[id=144, completionDate=2025-02-14T23:43:26.809483684Z[Etc/UTC], successful=false, score=0.0, rated=true, submission=SubmissionDTO[id=133, submitted=true, type=MANUAL, exampleSubmission=null, submissionDate=2025-02-14T23:43:24.841319Z, commitHash=9690714a509af0a98c6790a7e52ee3574c7ef689, buildFailed=true, buildArtifact=false, participation=ParticipationDTO[id=503, testRun=false, type=programming, submissionCount=null, exercise=ParticipationExerciseDTO[id=312, exerciseType=PROGRAMMING, type=programming, assessmentType=AUTOMATIC, dueDate=2025-02-16T23:43:24.571329Z, assessmentDueDate=null, maxPoints=42.0, course=CourseDTO[id=161, accuracyOfScores=1]]], submissionExerciseType=programming, isProcessing=false, buildStartDate=null, estimatedCompletionDate=null], participation=ParticipationDTO[id=503, testRun=false, type=programming, submissionCount=null, exercise=ParticipationExerciseDTO[id=312, exerciseType=PROGRAMMING, type=programming, assessmentType=AUTOMATIC, dueDate=2025-02-16T23:43:24.571329Z, assessmentDueDate=null, maxPoints=42.0, course=CourseDTO[id=161, accuracyOfScores=1]]], feedbacks=[], assessmentType=AUTOMATIC, hasComplaint=null, exampleResult=null, testCaseCount=0, passedTestCaseCount=0, codeIssueCount=0]], BuildJobQueueItem[id=5061739576605250, name=SHORT62C808EE04ECE040740AF7B0CF3AE5F5BEF2TSTEXC-LOCALCIINTSTUDENT1, buildAgent=BuildAgentDTO[name=artemis-build-agent-test, memberAddress=[127.0.0.1]:5703, displayName=artemis-build-agent-test], participationId=506, courseId=162, exerciseId=313, retryCount=0, priority=2, status=SUCCESSFUL, repositoryInfo=RepositoryInfo[repositoryName=short62c808ee04ece040740af7b0cf3ae5f5bef2tstexc-localciintstudent1, repositoryType=user, triggeredByPushTo=user, assignmentRepositoryUri=http://localhost:49152/git/SHORT62C808EE04ECE040740AF7B0CF3AE5F5BEF2TSTEXC/short62c808ee04ece040740af7b0cf3ae5f5bef2tstexc-localciintstudent1.git, testRepositoryUri=http://localhost:49152/git/SHORT62C808EE04ECE040740AF7B0CF3AE5F5BEF2TSTEXC/short62c808ee04ece040740af7b0cf3ae5f5bef2tstexc-tests.git, solutionRepositoryUri=null, auxiliaryRepositoryUris=[Ljava.lang.String;@3403df1f, auxiliaryRepositoryCheckoutDirectories=[Ljava.lang.String;@68996201], jobTimingInfo=JobTimingInfo[submissionDate=2025-02-14T23:43:25.250749866Z[Etc/UTC], buildStartDate=2025-02-14T23:43:26.820713075Z[Etc/UTC], buildCompletionDate=2025-02-14T23:43:28.304236378Z[Etc/UTC], estimatedCompletionDate=2025-02-14T23:43:45.820704920Z[Etc/UTC], estimatedDuration=19], buildConfig=BuildConfig[buildScript=#!/bin/bash
cd /var/tmp/testing-dir
chmod +x ./gradlew
./gradlew clean test
, dockerImage=dummy-docker-image:latest, commitHashToBuild=993b6f756e3e52a44d0537d4fa3a5d0e0acdbe89, assignmentCommitHash=993b6f756e3e52a44d0537d4fa3a5d0e0acdbe89, testCommitHash=993b6f756e3e52a44d0537d4fa3a5d0e0acdbe89, branch=main, programmingLanguage=JAVA, projectType=null, scaEnabled=false, sequentialTestRunsEnabled=false, resultPaths=[/var/tmp/testing-dir/**/test-results/test/*.xml], timeoutSeconds=0, assignmentCheckoutPath=null, testCheckoutPath=null, solutionCheckoutPath=null, dockerRunConfig=null], submissionResult=ResultDTO[id=145, completionDate=2025-02-14T23:43:28.269051286Z[Etc/UTC], successful=false, score=7.7, rated=true, submission=SubmissionDTO[id=134, submitted=true, type=MANUAL, exampleSubmission=null, submissionDate=2025-02-14T23:43:25.241685Z, commitHash=993b6f756e3e52a44d0537d4fa3a5d0e0acdbe89, buildFailed=false, buildArtifact=false, participation=ParticipationDTO[id=506, testRun=false, type=programming, submissionCount=null, exercise=ParticipationExerciseDTO[id=313, exerciseType=PROGRAMMING, type=programming, assessmentType=AUTOMATIC, dueDate=2025-02-16T23:43:24.986721Z, assessmentDueDate=null, maxPoints=42.0, course=CourseDTO[id=162, accuracyOfScores=1]]], submissionExerciseType=programming, isProcessing=false, buildStartDate=null, estimatedCompletionDate=null], participation=ParticipationDTO[id=506, testRun=false, type=programming, submissionCount=null, exercise=ParticipationExerciseDTO[id=313, exerciseType=PROGRAMMING, type=programming, assessmentType=AUTOMATIC, dueDate=2025-02-16T23:43:24.986721Z, assessmentDueDate=null, maxPoints=42.0, course=CourseDTO[id=162, accuracyOfScores=1]]], feedbacks=[FeedbackDTO[id=199, text=null, detailText=The exercise expects a class with the name Context in the package testpackage. You did not implement the class in the exercise., hasLongFeedbackText=false, reference=null, credits=0.0, positive=false, type=AUTOMATIC, visibility=ALWAYS, testCase=TestCaseDTO[testName=null, id=208]], FeedbackDTO[id=200, text=null, detailText=The exercise expects a class with the name Policy in the package testpackage. You did not implement the class in the exercise., hasLongFeedbackText=false, reference=null, credits=0.0, positive=false, type=AUTOMATIC, visibility=ALWAYS, testCase=TestCaseDTO[testName=null, id=209]], FeedbackDTO[id=201, text=null, detailText=The exercise expects a class with the name SortStrategy in the package testpackage. You did not implement the class in the exercise., hasLongFeedbackText=false, reference=null, credits=0.0, positive=false, type=AUTOMATIC, visibility=ALWAYS, testCase=TestCaseDTO[testName=null, id=210]], FeedbackDTO[id=202, text=null, detailText=The class 'MergeSort' does not implement the interface 'SortStrategy' as expected. Implement the interface and its methods., hasLongFeedbackText=false, reference=null, credits=0.0, positive=false, type=AUTOMATIC, visibility=ALWAYS, testCase=TestCaseDTO[testName=null, id=205]], FeedbackDTO[id=203, text=null, detailText=The exercise expects a class with the name SortStrategy in the package testpackage. You did not implement the class in the exercise., hasLongFeedbackText=false, reference=null, credits=0.0, positive=false, type=AUTOMATIC, visibility=ALWAYS, testCase=TestCaseDTO[testName=null, id=202]], FeedbackDTO[id=204, text=null, detailText=The class 'BubbleSort' does not implement the interface 'SortStrategy' as expected. Implement the interface and its methods., hasLongFeedbackText=false, reference=null, credits=0.0, positive=false, type=AUTOMATIC, visibility=ALWAYS, testCase=TestCaseDTO[testName=null, id=206]], FeedbackDTO[id=205, text=null, detailText=MergeSort does not sort correctly, hasLongFeedbackText=false, reference=null, credits=0.0, positive=false, type=AUTOMATIC, visibility=ALWAYS, testCase=TestCaseDTO[testName=null, id=211]], FeedbackDTO[id=206, text=null, detailText=The class 'Context' was not found within the submission. Make sure to implement it properly., hasLongFeedbackText=false, reference=null, credits=0.0, positive=false, type=AUTOMATIC, visibility=ALWAYS, testCase=TestCaseDTO[testName=null, id=212]], FeedbackDTO[id=207, text=null, detailText=The class 'Context' was not found within the submission. Make sure to implement it properly., hasLongFeedbackText=false, reference=null, credits=0.0, positive=false, type=AUTOMATIC, visibility=ALWAYS, testCase=TestCaseDTO[testName=null, id=213]], FeedbackDTO[id=208, text=null, detailText=The exercise expects a class with the name Policy in the package testpackage. You did not implement the class in the exercise., hasLongFeedbackText=false, reference=null, credits=0.0, positive=false, type=AUTOMATIC, visibility=ALWAYS, testCase=TestCaseDTO[testName=null, id=207]], FeedbackDTO[id=209, text=null, detailText=The exercise expects a class with the name Context in the package testpackage. You did not implement the class in the exercise., hasLongFeedbackText=false, reference=null, credits=0.0, positive=false, type=AUTOMATIC, visibility=ALWAYS, testCase=TestCaseDTO[testName=null, id=203]], FeedbackDTO[id=210, text=null, detailText=The exercise expects a class with the name Policy in the package testpackage. You did not implement the class in the exercise., hasLongFeedbackText=false, reference=null, credits=0.0, positive=false, type=AUTOMATIC, visibility=ALWAYS, testCase=TestCaseDTO[testName=null, id=204]], FeedbackDTO[id=211, text=null, detailText=null, hasLongFeedbackText=false, reference=null, credits=3.230769230769231, positive=true, type=AUTOMATIC, visibility=ALWAYS, testCase=TestCaseDTO[testName=null, id=214]]], assessmentType=AUTOMATIC, hasComplaint=null, exampleResult=null, testCaseCount=13, passedTestCaseCount=1, codeIssueCount=0]], BuildJobQueueItem[id=5121739576609302, name=SHORT3D739532080B804BC608BDA0F7816DDB4316TSTEXC-LOCALCIINTSTUDENT1, buildAgent=BuildAgentDTO[name=artemis-build-agent-test, memberAddress=[127.0.0.1]:5703, displayName=artemis-build-agent-test], participationId=512, courseId=164, exerciseId=315, retryCount=0, priority=2, status=SUCCESSFUL, repositoryInfo=RepositoryInfo[repositoryName=short3d739532080b804bc608bda0f7816ddb4316tstexc-localciintstudent1, repositoryType=user, triggeredByPushTo=user, assignmentRepositoryUri=http://localhost:49152/git/SHORT3D739532080B804BC608BDA0F7816DDB4316TSTEXC/short3d739532080b804bc608bda0f7816ddb4316tstexc-localciintstudent1.git, testRepositoryUri=http://localhost:49152/git/SHORT3D739532080B804BC608BDA0F7816DDB4316TSTEXC/short3d739532080b804bc608bda0f7816ddb4316tstexc-tests.git, solutionRepositoryUri=null, auxiliaryRepositoryUris=[Ljava.lang.String;@4b55c36c, auxiliaryRepositoryCheckoutDirectories=[Ljava.lang.String;@479aba85], jobTimingInfo=JobTimingInfo[submissionDate=2025-02-14T23:43:29.302618463Z[Etc/UTC], buildStartDate=2025-02-14T23:43:29.307985701Z[Etc/UTC], buildCompletionDate=2025-02-14T23:43:30.717961572Z[Etc/UTC], estimatedCompletionDate=2025-02-14T23:43:48.307979980Z[Etc/UTC], estimatedDuration=19], buildConfig=BuildConfig[buildScript=#!/bin/bash
cd /var/tmp/testing-dir
chmod +x ./gradlew
./gradlew clean test
, dockerImage=dummy-docker-image:latest, commitHashToBuild=71f54bdf5e0f9c98936e24a4638fd2ffcf966edd, assignmentCommitHash=71f54bdf5e0f9c98936e24a4638fd2ffcf966edd, testCommitHash=71f54bdf5e0f9c98936e24a4638fd2ffcf966edd, branch=main, programmingLanguage=JAVA, projectType=PLAIN_GRADLE, scaEnabled=false, sequentialTestRunsEnabled=false, resultPaths=[/var/tmp/testing-dir/**/test-results/test/*.xml], timeoutSeconds=0, assignmentCheckoutPath=null, testCheckoutPath=null, solutionCheckoutPath=null, dockerRunConfig=null], submissionResult=ResultDTO[id=146, completionDate=2025-02-14T23:43:30.706391245Z[Etc/UTC], successful=false, score=0.0, rated=true, submission=SubmissionDTO[id=135, submitted=true, type=MANUAL, exampleSubmission=null, submissionDate=2025-02-14T23:43:29.291920Z, commitHash=71f54bdf5e0f9c98936e24a4638fd2ffcf966edd, buildFailed=true, buildArtifact=false, participation=ParticipationDTO[id=512, testRun=false, type=programming, submissionCount=null, exercise=ParticipationExerciseDTO[id=315, exerciseType=PROGRAMMING, type=programming, assessmentType=AUTOMATIC, dueDate=2025-02-16T23:43:29.183823Z, assessmentDueDate=null, maxPoints=42.0, course=CourseDTO[id=164, accuracyOfScores=1]]], submissionExerciseType=programming, isProcessing=false, buildStartDate=null, estimatedCompletionDate=null], participation=ParticipationDTO[id=512, testRun=false, type=programming, submissionCount=null, exercise=ParticipationExerciseDTO[id=315, exerciseType=PROGRAMMING, type=programming, assessmentType=AUTOMATIC, dueDate=2025-02-16T23:43:29.183823Z, assessmentDueDate=null, maxPoints=42.0, course=CourseDTO[id=164, accuracyOfScores=1]]], feedbacks=[], assessmentType=AUTOMATIC, hasComplaint=null, exampleResult=null, testCaseCount=0, passedTestCaseCount=0, codeIssueCount=0]]], publicSshKey=ssh-rsa AAAAB3NzaC1yc2EAAAADAQABAAACAQCOPdMsxRE2jFJ/UEa5/LsBxtwzJcrh3/rYBCQvcMeVpiRfhzQPWu7mrt/G2Ew+i+vRloGH9aqKg6dd1liRncao53Zmd/ePxoatXePNhmzTfkCkcSkTUz7B+QMjkoDDV5jwuFPD6mF3JkhuzSi64n9Zy905t4w2IhVcjM2mL3eYNjiCXt6Qpq3Pkt7dM/Ksw1nxnvuiIALuJLB3FTkXkHqq3PJav+9HSq2r6ZaWgekneaGxlQlb+U+Vy3XOuArKAzK8c8i+0bR+AHiTG6ncYXt7ax3U+TdlDTF7OLP3umwaYjs1NBXOHwG42pevvpKn2fqavZZozk+M05jXLx3bq0O7itxfErWc7etky8qYPyyIMF/txQIVLd78+Ze4d7Y60t5MGbXM5cGE6fFif5fEJwgswXD+BrG0cafz1CTatjSKFdvp8Vp4VszXhHDan1PrP6JEFJ5Cc5GDmLRZPCFa3vL9f5qXgf4bkqKN8MYeEujwJE5nMRWoiJVNakix2bcrrneQMBlnYeYZVWXXXUusAQBzl4NgddC1umZpihZkL1b1MffZAUW3EGEXi7KHnllQhkTLLsQ8ntMgbylqaJKStqaXlLvdeRJcEnUuiFCrHEVVbXRFZR7XVDZ02CE5o3MuaRPty8Kh+jRTF3COlAckHwYEJCNNJvXFgb2CNXL4mjzYDw== test@localhost]
    23:43:30.842 | 566 localvc.event-13 | DEBUG | a.p.s.l.SharedQueueManagementService : Build agent updated: null
    23:43:30.866 | 370 ool-1-worker-134 | DEBUG | d.t.c.a.a.c.s.f.ApiVersionFilter     : Adding Version to Request POST /api/courses/429/exams/845/student-exams/start-exercises
    23:43:30.872 | 370 ool-1-worker-134 | DEBUG | d.t.c.a.a.exam.service.ExamService   : Finished combination of template commits for programming exercise ProgrammingExercise{id=1407, templateRepositoryUri='https://version-control.fake.fake/git/SHORTCCBF8CB90C63D045770A1180E269D1B856A7T8D6/shortccbf8cb90c63d045770a1180e269d1b856a7t8d6-exercise.git', solutionRepositoryUri='https://version-control.fake.fake/git/SHORTCCBF8CB90C63D045770A1180E269D1B856A7T8D6/shortccbf8cb90c63d045770a1180e269d1b856a7t8d6-solution.git', templateBuildPlanId='SHORTCCBF8CB90C63D045770A1180E269D1B856A7T8D6-BASE', solutionBuildPlanId='SHORTCCBF8CB90C63D045770A1180E269D1B856A7T8D6-SOLUTION', allowOnlineEditor='null', allowOnlineIde='false', programmingLanguage='JAVA', packageName='de.test'', testCasesChanged='false'}
    23:43:30.873 | 370 ool-1-worker-134 | INFO  | d.t.c.a.a.e.web.StudentExamResource  : REST request to start exercises for student exams of exam 845
    23:43:30.884 | 689 ol-3922-thread-1 | INFO  | d.t.c.a.a.e.s.StudentExamService     : SUCCESS: Start exercise for student exam 382 and exercise 1397 and student studexamstudent1
    23:43:30.893 | 689 ol-3922-thread-1 | INFO  | d.t.c.a.a.e.s.StudentExamService     : SUCCESS: Start exercise for student exam 382 and exercise 1399 and student studexamstudent1
    23:43:30.898 | 689 ol-3922-thread-1 | INFO  | d.t.c.a.a.e.s.StudentExamService     : SUCCESS: Start exercise for student exam 382 and exercise 1402 and student studexamstudent1
    23:43:30.903 | 689 ol-3922-thread-1 | INFO  | d.t.c.a.a.e.s.StudentExamService     : SUCCESS: Start exercise for student exam 382 and exercise 1403 and student studexamstudent1
    23:43:30.907 | 689 ol-3922-thread-1 | INFO  | d.t.c.a.a.e.s.StudentExamService     : SUCCESS: Start exercise for student exam 382 and exercise 1405 and student studexamstudent1
    23:43:30.912 | 689 ol-3922-thread-1 | INFO  | d.t.c.a.a.e.s.StudentExamService     : SUCCESS: Start exercise for student exam 382 and exercise 1406 and student studexamstudent1
    23:43:30.916 | 689 ol-3922-thread-1 | DEBUG | d.t.c.a.a.p.service.GitService       : Cloning from file:/tmp/exerciseOriginRepo1228935999560461198/ to repos/server-integration-test/studentOriginRepo468680370340169021
    23:43:30.931 | 689 ol-3922-thread-1 | ERROR | .a.a.p.s.j.b.JenkinsBuildPlanService : Pipeline Script not found
java.lang.IllegalArgumentException: Pipeline Script not found
	at de.tum.cit.aet.artemis.programming.service.jenkins.build_plan.JenkinsBuildPlanUtils.replaceScriptParameters(JenkinsBuildPlanUtils.java:22)
	at de.tum.cit.aet.artemis.programming.service.jenkins.build_plan.JenkinsBuildPlanService.updateBuildPlanURLs(JenkinsBuildPlanService.java:245)
	at de.tum.cit.aet.artemis.programming.service.jenkins.build_plan.JenkinsBuildPlanService.copyBuildPlan(JenkinsBuildPlanService.java:293)
	at de.tum.cit.aet.artemis.programming.service.jenkins.JenkinsService.copyBuildPlan(JenkinsService.java:128)
	at java.base/java.lang.invoke.MethodHandle.invokeWithArguments(MethodHandle.java:733)
	at org.mockito.internal.util.reflection.InstrumentationMemberAccessor$Dispatcher$ByteBuddy$oog9jsgw.invokeWithArguments(Unknown Source)
	at org.mockito.internal.util.reflection.InstrumentationMemberAccessor.invoke(InstrumentationMemberAccessor.java:251)
	at org.mockito.internal.util.reflection.ModuleMemberAccessor.invoke(ModuleMemberAccessor.java:55)
	at org.mockito.internal.creation.bytebuddy.MockMethodAdvice.tryInvoke(MockMethodAdvice.java:314)
	at org.mockito.internal.creation.bytebuddy.MockMethodAdvice$RealMethodCall.invoke(MockMethodAdvice.java:234)
	at org.mockito.internal.invocation.InterceptedInvocation.callRealMethod(InterceptedInvocation.java:142)
	at org.mockito.internal.stubbing.answers.CallsRealMethods.answer(CallsRealMethods.java:45)
	at org.mockito.Answers.answer(Answers.java:90)
	at org.mockito.internal.handler.MockHandlerImpl.handle(MockHandlerImpl.java:111)
	at org.mockito.internal.handler.NullResultGuardian.handle(NullResultGuardian.java:29)
	at org.mockito.internal.handler.InvocationNotifierHandler.handle(InvocationNotifierHandler.java:34)
	at org.mockito.internal.creation.bytebuddy.MockMethodInterceptor.doIntercept(MockMethodInterceptor.java:82)
	at org.mockito.internal.creation.bytebuddy.MockMethodAdvice.handle(MockMethodAdvice.java:134)
	at de.tum.cit.aet.artemis.programming.service.jenkins.JenkinsService.copyBuildPlan(JenkinsService.java:126)
	at de.tum.cit.aet.artemis.exercise.service.ParticipationService.copyBuildPlan(ParticipationService.java:518)
	at de.tum.cit.aet.artemis.exercise.service.ParticipationService.startProgrammingParticipation(ParticipationService.java:296)
	at de.tum.cit.aet.artemis.exercise.service.ParticipationService.startProgrammingExercise(ParticipationService.java:265)
	at de.tum.cit.aet.artemis.exercise.service.ParticipationService.startExerciseWithInitializationDate(ParticipationService.java:192)
	at de.tum.cit.aet.artemis.exercise.service.ParticipationService.startExercise(ParticipationService.java:151)
	at de.tum.cit.aet.artemis.exam.service.StudentExamService.setUpExerciseParticipationsAndSubmissionsWithInitializationDate(StudentExamService.java:686)
	at de.tum.cit.aet.artemis.exam.service.StudentExamService.setUpExerciseParticipationsAndSubmissions(StudentExamService.java:800)
	at de.tum.cit.aet.artemis.exam.service.StudentExamService.lambda$startExercises$15(StudentExamService.java:735)
	at java.base/java.util.concurrent.CompletableFuture$AsyncRun.run(CompletableFuture.java:1804)
	at java.base/java.util.concurrent.ThreadPoolExecutor.runWorker(ThreadPoolExecutor.java:1144)
	at java.base/java.util.concurrent.ThreadPoolExecutor$Worker.run(ThreadPoolExecutor.java:642)
	at java.base/java.lang.Thread.run(Thread.java:1583)
    23:43:30.941 | 689 ol-3922-thread-1 | ERROR | .a.a.p.s.j.b.JenkinsBuildPlanService : Pipeline Script not found
java.lang.IllegalArgumentException: Pipeline Script not found
	at de.tum.cit.aet.artemis.programming.service.jenkins.build_plan.JenkinsBuildPlanUtils.replaceScriptParameters(JenkinsBuildPlanUtils.java:29)
	at de.tum.cit.aet.artemis.programming.service.jenkins.build_plan.JenkinsBuildPlanService.updateBuildPlanRepositories(JenkinsBuildPlanService.java:219)
	at de.tum.cit.aet.artemis.programming.service.jenkins.build_plan.JenkinsBuildPlanService.configureBuildPlanForParticipation(JenkinsBuildPlanService.java:196)
	at de.tum.cit.aet.artemis.programming.service.jenkins.JenkinsService.configureBuildPlan(JenkinsService.java:138)
	at java.base/java.lang.invoke.MethodHandle.invokeWithArguments(MethodHandle.java:733)
	at org.mockito.internal.util.reflection.InstrumentationMemberAccessor$Dispatcher$ByteBuddy$oog9jsgw.invokeWithArguments(Unknown Source)
	at org.mockito.internal.util.reflection.InstrumentationMemberAccessor.invoke(InstrumentationMemberAccessor.java:251)
	at org.mockito.internal.util.reflection.ModuleMemberAccessor.invoke(ModuleMemberAccessor.java:55)
	at org.mockito.internal.creation.bytebuddy.MockMethodAdvice.tryInvoke(MockMethodAdvice.java:314)
	at org.mockito.internal.creation.bytebuddy.MockMethodAdvice$RealMethodCall.invoke(MockMethodAdvice.java:234)
	at org.mockito.internal.invocation.InterceptedInvocation.callRealMethod(InterceptedInvocation.java:142)
	at org.mockito.internal.stubbing.answers.CallsRealMethods.answer(CallsRealMethods.java:45)
	at org.mockito.Answers.answer(Answers.java:90)
	at org.mockito.internal.handler.MockHandlerImpl.handle(MockHandlerImpl.java:111)
	at org.mockito.internal.handler.NullResultGuardian.handle(NullResultGuardian.java:29)
	at org.mockito.internal.handler.InvocationNotifierHandler.handle(InvocationNotifierHandler.java:34)
	at org.mockito.internal.creation.bytebuddy.MockMethodInterceptor.doIntercept(MockMethodInterceptor.java:82)
	at org.mockito.internal.creation.bytebuddy.MockMethodAdvice.handle(MockMethodAdvice.java:134)
	at de.tum.cit.aet.artemis.programming.service.jenkins.JenkinsService.configureBuildPlan(JenkinsService.java:138)
	at de.tum.cit.aet.artemis.exercise.service.ParticipationService.configureBuildPlan(ParticipationService.java:532)
	at de.tum.cit.aet.artemis.exercise.service.ParticipationService.startProgrammingParticipation(ParticipationService.java:298)
	at de.tum.cit.aet.artemis.exercise.service.ParticipationService.startProgrammingExercise(ParticipationService.java:265)
	at de.tum.cit.aet.artemis.exercise.service.ParticipationService.startExerciseWithInitializationDate(ParticipationService.java:192)
	at de.tum.cit.aet.artemis.exercise.service.ParticipationService.startExercise(ParticipationService.java:151)
	at de.tum.cit.aet.artemis.exam.service.StudentExamService.setUpExerciseParticipationsAndSubmissionsWithInitializationDate(StudentExamService.java:686)
	at de.tum.cit.aet.artemis.exam.service.StudentExamService.setUpExerciseParticipationsAndSubmissions(StudentExamService.java:800)
	at de.tum.cit.aet.artemis.exam.service.StudentExamService.lambda$startExercises$15(StudentExamService.java:735)
	at java.base/java.util.concurrent.CompletableFuture$AsyncRun.run(CompletableFuture.java:1804)
	at java.base/java.util.concurrent.ThreadPoolExecutor.runWorker(ThreadPoolExecutor.java:1144)
	at java.base/java.util.concurrent.ThreadPoolExecutor$Worker.run(ThreadPoolExecutor.java:642)
	at java.base/java.lang.Thread.run(Thread.java:1583)
    23:43:30.950 | 689 ol-3922-thread-1 | INFO  | d.t.c.a.a.e.s.StudentExamService     : SUCCESS: Start exercise for student exam 382 and exercise 1407 and student studexamstudent1
    23:43:30.952 | 370 ool-1-worker-134 | INFO  | d.t.c.a.a.e.web.StudentExamResource  : Generated 7 participations in 84.64ms for student exams of exam 845
    23:43:30.953 | 370 ool-1-worker-134 | DEBUG | d.t.c.a.a.c.s.f.ApiVersionFilter     : Adding Version to Request GET /api/courses/429/exams/845/student-exams/start-exercises/status
    23:43:30.958 | 370 ool-1-worker-134 | DEBUG | d.t.c.a.a.c.s.f.ApiVersionFilter     : Adding Version to Request GET /api/courses/429/exams/845/student-exams/382/conduction
    23:43:30.959 | 370 ool-1-worker-134 | DEBUG | d.t.c.a.a.e.web.StudentExamResource  : REST request to get the student exam of user studexamstudent1 for exam 845
    23:43:30.967 | 370 ool-1-worker-134 | DEBUG | d.t.c.a.a.e.s.ExamSessionService     : Exam session started
    23:43:30.968 | 370 ool-1-worker-134 | INFO  | d.t.c.a.a.e.web.StudentExamResource  : getStudentExamForConduction done in 10ms for 7 exercises for user studexamstudent1
    23:43:30.974 | 370 ool-1-worker-134 | DEBUG | d.t.c.a.a.c.s.f.ApiVersionFilter     : Adding Version to Request PUT /api/exercises/1397/text-submissions
    23:43:30.974 | 370 ool-1-worker-134 | DEBUG | d.t.c.a.a.t.w.TextSubmissionResource : REST request to update text submission: TextSubmission{id=759, text='New Text', language='null'}
    23:43:30.984 | 370 ool-1-worker-134 | INFO  | d.t.c.a.a.t.w.TextSubmissionResource : handleTextSubmission took 10ms for exercise 1397 and user studexamstudent1
    23:43:30.986 | 370 ool-1-worker-134 | DEBUG | d.t.c.a.a.c.s.f.ApiVersionFilter     : Adding Version to Request PUT /api/exercises/1399/submissions/exam
    23:43:30.988 | 370 ool-1-worker-134 | DEBUG | d.t.c.a.a.q.w.QuizSubmissionResource : REST request to submit QuizSubmission for exam : QuizSubmission{id=760, scoreInPoints='null'}
    23:43:30.997 | 370 ool-1-worker-134 | DEBUG | .a.q.s.AbstractQuizSubmissionService : submit exam quiz finished: QuizSubmission{id=760, scoreInPoints='null'}
    23:43:30.997 | 370 ool-1-worker-134 | INFO  | d.t.c.a.a.q.w.QuizSubmissionResource : submitQuizForExam took 9ms for exercise 1399 and user studexamstudent1
    23:43:31.004 | 370 ool-1-worker-134 | DEBUG | d.t.c.a.a.c.s.f.ApiVersionFilter     : Adding Version to Request PUT /api/exercises/1403/modeling-submissions
    23:43:31.016 | 370 ool-1-worker-134 | INFO  | c.a.a.m.w.ModelingSubmissionResource : save took 11ms for exercise 1403 and user studexamstudent1
    23:43:31.018 | 370 ool-1-worker-134 | DEBUG | d.t.c.a.a.c.s.f.ApiVersionFilter     : Adding Version to Request PUT /api/exercises/1405/text-submissions
    23:43:31.019 | 370 ool-1-worker-134 | DEBUG | d.t.c.a.a.t.w.TextSubmissionResource : REST request to update text submission: TextSubmission{id=763, text='New Text', language='null'}
    23:43:31.029 | 370 ool-1-worker-134 | INFO  | d.t.c.a.a.t.w.TextSubmissionResource : handleTextSubmission took 10ms for exercise 1405 and user studexamstudent1
    23:43:31.031 | 370 ool-1-worker-134 | DEBUG | d.t.c.a.a.c.s.f.ApiVersionFilter     : Adding Version to Request PUT /api/exercises/1406/text-submissions
    23:43:31.031 | 370 ool-1-worker-134 | DEBUG | d.t.c.a.a.t.w.TextSubmissionResource : REST request to update text submission: TextSubmission{id=764, text='New Text', language='null'}
    23:43:31.042 | 370 ool-1-worker-134 | INFO  | d.t.c.a.a.t.w.TextSubmissionResource : handleTextSubmission took 10ms for exercise 1406 and user studexamstudent1
    23:43:31.044 | 370 ool-1-worker-134 | DEBUG | d.t.c.a.a.c.s.f.ApiVersionFilter     : Adding Version to Request POST /api/programming-submissions/1099/trigger-build
    23:43:31.052 | 370 ool-1-worker-134 | DEBUG | d.t.c.a.a.c.s.f.ApiVersionFilter     : Adding Version to Request POST /api/courses/429/exams/845/student-exams/submit
    23:43:31.055 | 370 ool-1-worker-134 | DEBUG | d.t.c.a.a.e.web.StudentExamResource  : REST request to mark the studentExam as submitted : 382
    23:43:31.057 | 370 ool-1-worker-134 | DEBUG | d.t.c.a.a.e.web.StudentExamResource  : Completed input validation for submitStudentExam in 2.17ms
    23:43:31.057 | 370 ool-1-worker-134 | DEBUG | d.t.c.a.a.e.s.StudentExamService     : Submit student exam with id 382
    23:43:31.057 | 370 ool-1-worker-134 | DEBUG | d.t.c.a.a.e.s.StudentExamService     :     Set student exam to submitted in 586µs
    23:43:31.060 | 370 ool-1-worker-134 | DEBUG | d.t.c.a.a.e.s.StudentExamService     :     Potentially save submissions in 2.67ms
    23:43:31.060 | 370 ool-1-worker-134 | DEBUG | d.t.c.a.a.e.s.StudentExamService     :     Lock student repositories in 45µs
    23:43:31.060 | 370 ool-1-worker-134 | INFO  | d.t.c.a.a.e.web.StudentExamResource  : Completed submitStudentExam with 7 exercises for user studexamstudent1 in a total time of 5.61ms
    23:43:31.061 | 370 ool-1-worker-134 | DEBUG | d.t.c.a.a.c.s.f.ApiVersionFilter     : Adding Version to Request GET /api/courses/429/exams/845/student-exams/382/summary
    23:43:31.063 | 370 ool-1-worker-134 | DEBUG | d.t.c.a.a.e.web.StudentExamResource  : REST request to get the student exam of user studexamstudent1 for exam 845
    23:43:31.068 | 370 ool-1-worker-134 | INFO  | d.t.c.a.a.e.web.StudentExamResource  : getStudentExamForSummary done in 6ms for 7 exercises for user studexamstudent1
    23:43:31.075 | 370 ool-1-worker-134 | DEBUG | .c.s.m.InstanceMessageReceiveService : Received schedule participant score for exercise 1397 and participant 671 (result to be deleted: null)
    23:43:31.075 | 370 ool-1-worker-134 | DEBUG | .a.s.ParticipantScoreScheduleService : Scheduled task for exercise 1397 and participant 671 at 2025-02-14T23:43:31.175095440Z[Etc/UTC].
    23:43:31.081 | 370 ool-1-worker-134 | DEBUG | .c.s.m.InstanceMessageReceiveService : Received schedule participant score for exercise 1397 and participant 671 (result to be deleted: null)
    23:43:31.081 | 370 ool-1-worker-134 | DEBUG | .a.s.ParticipantScoreScheduleService : Scheduled task for exercise 1397 and participant 671 at 2025-02-14T23:43:31.181214862Z[Etc/UTC].
    23:43:31.082 | 370 ool-1-worker-134 | DEBUG | .c.s.m.InstanceMessageReceiveService : Received schedule participant score for exercise 1402 and participant 671 (result to be deleted: null)
    23:43:31.082 | 370 ool-1-worker-134 | DEBUG | .a.s.ParticipantScoreScheduleService : Scheduled task for exercise 1402 and participant 671 at 2025-02-14T23:43:31.182089022Z[Etc/UTC].
    23:43:31.087 | 370 ool-1-worker-134 | DEBUG | .c.s.m.InstanceMessageReceiveService : Received schedule participant score for exercise 1402 and participant 671 (result to be deleted: null)
    23:43:31.087 | 370 ool-1-worker-134 | DEBUG | .a.s.ParticipantScoreScheduleService : Scheduled task for exercise 1402 and participant 671 at 2025-02-14T23:43:31.187150611Z[Etc/UTC].
    23:43:31.088 | 370 ool-1-worker-134 | DEBUG | .c.s.m.InstanceMessageReceiveService : Received schedule participant score for exercise 1403 and participant 671 (result to be deleted: null)
    23:43:31.088 | 370 ool-1-worker-134 | DEBUG | .a.s.ParticipantScoreScheduleService : Scheduled task for exercise 1403 and participant 671 at 2025-02-14T23:43:31.188124277Z[Etc/UTC].
    23:43:31.093 | 370 ool-1-worker-134 | DEBUG | .c.s.m.InstanceMessageReceiveService : Received schedule participant score for exercise 1403 and participant 671 (result to be deleted: null)
    23:43:31.093 | 370 ool-1-worker-134 | DEBUG | .a.s.ParticipantScoreScheduleService : Scheduled task for exercise 1403 and participant 671 at 2025-02-14T23:43:31.193061284Z[Etc/UTC].
    23:43:31.093 | 370 ool-1-worker-134 | DEBUG | .c.s.m.InstanceMessageReceiveService : Received schedule participant score for exercise 1405 and participant 671 (result to be deleted: null)
    23:43:31.093 | 370 ool-1-worker-134 | DEBUG | .a.s.ParticipantScoreScheduleService : Scheduled task for exercise 1405 and participant 671 at 2025-02-14T23:43:31.193830889Z[Etc/UTC].
    23:43:31.098 | 370 ool-1-worker-134 | DEBUG | .c.s.m.InstanceMessageReceiveService : Received schedule participant score for exercise 1405 and participant 671 (result to be deleted: null)
    23:43:31.098 | 370 ool-1-worker-134 | DEBUG | .a.s.ParticipantScoreScheduleService : Scheduled task for exercise 1405 and participant 671 at 2025-02-14T23:43:31.198926982Z[Etc/UTC].
    23:43:31.099 | 370 ool-1-worker-134 | DEBUG | .c.s.m.InstanceMessageReceiveService : Received schedule participant score for exercise 1406 and participant 671 (result to be deleted: null)
    23:43:31.099 | 370 ool-1-worker-134 | DEBUG | .a.s.ParticipantScoreScheduleService : Scheduled task for exercise 1406 and participant 671 at 2025-02-14T23:43:31.199821981Z[Etc/UTC].
    23:43:31.104 | 370 ool-1-worker-134 | DEBUG | .c.s.m.InstanceMessageReceiveService : Received schedule participant score for exercise 1406 and participant 671 (result to be deleted: null)
    23:43:31.104 | 370 ool-1-worker-134 | DEBUG | .a.s.ParticipantScoreScheduleService : Scheduled task for exercise 1406 and participant 671 at 2025-02-14T23:43:31.204938783Z[Etc/UTC].
    23:43:31.105 | 370 ool-1-worker-134 | DEBUG | .c.s.m.InstanceMessageReceiveService : Received schedule participant score for exercise 1407 and participant 671 (result to be deleted: null)
    23:43:31.105 | 370 ool-1-worker-134 | DEBUG | .a.s.ParticipantScoreScheduleService : Scheduled task for exercise 1407 and participant 671 at 2025-02-14T23:43:31.205877273Z[Etc/UTC].
    23:43:31.111 | 370 ool-1-worker-134 | DEBUG | .c.s.m.InstanceMessageReceiveService : Received schedule participant score for exercise 1407 and participant 671 (result to be deleted: null)
    23:43:31.111 | 370 ool-1-worker-134 | DEBUG | .a.s.ParticipantScoreScheduleService : Scheduled task for exercise 1407 and participant 671 at 2025-02-14T23:43:31.211323780Z[Etc/UTC].
    23:43:31.113 | 370 ool-1-worker-134 | DEBUG | d.t.c.a.a.c.s.f.ApiVersionFilter     : Adding Version to Request POST /api/courses/429/exams/845/student-exams/evaluate-quiz-exercises
    23:43:31.114 | 370 ool-1-worker-134 | INFO  | d.t.c.a.a.exam.web.ExamResource      : REST request to evaluate quiz exercises of exam 845
    23:43:31.120 | 370 ool-1-worker-134 | DEBUG | d.t.c.a.a.exam.service.ExamService   : Evaluating 2 quiz exercises in exam 845
    23:43:31.120 | 370 ool-1-worker-134 | INFO  | d.t.c.a.a.q.s.QuizResultService      : Starting quiz evaluation for quiz 1399
    23:43:31.141 | 370 ool-1-worker-134 | DEBUG | .c.s.m.InstanceMessageReceiveService : Received schedule participant score for exercise 1399 and participant 671 (result to be deleted: null)
    23:43:31.141 | 370 ool-1-worker-134 | DEBUG | .a.s.ParticipantScoreScheduleService : Scheduled task for exercise 1399 and participant 671 at 2025-02-14T23:43:31.241731245Z[Etc/UTC].
    23:43:31.176 | 370 ool-1-worker-134 | DEBUG | .c.s.m.InstanceMessageReceiveService : Received schedule participant score for exercise 1399 and participant 671 (result to be deleted: null)
    23:43:31.176 | 370 ool-1-worker-134 | DEBUG | .a.s.ParticipantScoreScheduleService : Scheduled task for exercise 1399 and participant 671 at 2025-02-14T23:43:31.276141605Z[Etc/UTC].
    23:43:31.176 | 370 ool-1-worker-134 | INFO  | d.t.c.a.a.q.s.QuizResultService      : Quiz evaluation for quiz 1399 finished after 56.36ms with 1 created results
    23:43:31.176 | 370 ool-1-worker-134 | DEBUG | d.t.c.a.a.q.s.QuizStatisticService   : update statistics with 1 new results
    23:43:31.179 | 370 ool-1-worker-134 | INFO  | d.t.c.a.a.q.s.QuizResultService      : Statistic update for quiz 1399 finished after 59.50ms
    23:43:31.179 | 370 ool-1-worker-134 | INFO  | d.t.c.a.a.q.s.QuizResultService      : Starting quiz evaluation for quiz 1400
    23:43:31.181 | 328 taskScheduler-3  | DEBUG | .a.s.ParticipantScoreScheduleService : Processing exercise 1397 and participant 671 to update participant scores.
    23:43:31.184 | 370 ool-1-worker-134 | INFO  | d.t.c.a.a.q.s.QuizResultService      : Quiz evaluation for quiz 1400 finished after 4.99ms with 0 created results
    23:43:31.184 | 370 ool-1-worker-134 | DEBUG | d.t.c.a.a.q.s.QuizStatisticService   : update statistics with 0 new results
    23:43:31.185 | 370 ool-1-worker-134 | INFO  | d.t.c.a.a.q.s.QuizResultService      : Statistic update for quiz 1400 finished after 6.05ms
    23:43:31.185 | 370 ool-1-worker-134 | DEBUG | d.t.c.a.a.exam.service.ExamService   : Evaluated 2 quiz exercises in exam 845 in 65.62ms
    23:43:31.185 | 370 ool-1-worker-134 | INFO  | d.t.c.a.a.exam.web.ExamResource      : Evaluated 2 quiz exercises of exam 845
    23:43:31.188 | 327 taskScheduler-2  | DEBUG | .a.s.ParticipantScoreScheduleService : Processing exercise 1402 and participant 671 to update participant scores.
    23:43:31.188 | 328 taskScheduler-3  | DEBUG | .a.s.ParticipantScoreScheduleService : Updating the participant score for exercise 1397 and participant 671 took 7 ms.
    23:43:31.196 | 328 taskScheduler-3  | DEBUG | .a.s.ParticipantScoreScheduleService : Processing exercise 1403 and participant 671 to update participant scores.
    23:43:31.200 | 326 taskScheduler-1  | DEBUG | .a.s.ParticipantScoreScheduleService : Processing exercise 1405 and participant 671 to update participant scores.
    23:43:31.205 | 329 taskScheduler-4  | DEBUG | .a.s.ParticipantScoreScheduleService : Processing exercise 1406 and participant 671 to update participant scores.
    23:43:31.208 | 326 taskScheduler-1  | DEBUG | .a.s.ParticipantScoreScheduleService : Updating the participant score for exercise 1405 and participant 671 took 8 ms.
    23:43:31.214 | 370 ool-1-worker-134 | DEBUG | .c.s.m.InstanceMessageReceiveService : Received schedule participant score for exercise 1397 and participant 671 (result to be deleted: null)
    23:43:31.214 | 370 ool-1-worker-134 | DEBUG | .a.s.ParticipantScoreScheduleService : Scheduled task for exercise 1397 and participant 671 at 2025-02-14T23:43:31.314758710Z[Etc/UTC].
    23:43:31.216 | 326 taskScheduler-1  | DEBUG | .a.s.ParticipantScoreScheduleService : Processing exercise 1407 and participant 671 to update participant scores.
    23:43:31.221 | 329 taskScheduler-4  | DEBUG | .a.s.ParticipantScoreScheduleService : Updating the participant score for exercise 1406 and participant 671 took 16 ms.
    23:43:31.222 | 328 taskScheduler-3  | DEBUG | .a.s.ParticipantScoreScheduleService : Updating the participant score for exercise 1403 and participant 671 took 26 ms.
    23:43:31.222 | 327 taskScheduler-2  | DEBUG | .a.s.ParticipantScoreScheduleService : Updating the participant score for exercise 1402 and participant 671 took 34 ms.
    23:43:31.229 | 370 ool-1-worker-134 | DEBUG | t.c.a.a.e.StudentExamIntegrationTest : Found 1 student exams for student 671 studexamstudent1 and exam 845
    23:43:31.232 | 370 ool-1-worker-134 | DEBUG | d.t.c.a.a.c.s.f.ApiVersionFilter     : Adding Version to Request GET /api/courses/429/exams/845/student-exams/382/grade-summary
    23:43:31.234 | 326 taskScheduler-1  | DEBUG | .a.s.ParticipantScoreScheduleService : Updating the participant score for exercise 1407 and participant 671 took 18 ms.
    23:43:31.238 | 370 ool-1-worker-134 | DEBUG | d.t.c.a.a.e.web.StudentExamResource  : REST request to get the student exam grades of user with id null for exam 845 by user studexamstudent1
    23:43:31.268 | 370 ool-1-worker-134 | INFO  | d.t.c.a.a.e.web.StudentExamResource  : getStudentExamGradesForSummary done in 35ms for 7 exercises for target user studexamstudent1 by caller user studexamstudent1
    23:43:31.276 | 329 taskScheduler-4  | DEBUG | .a.s.ParticipantScoreScheduleService : Processing exercise 1399 and participant 671 to update participant scores.
    23:43:31.302 | 329 taskScheduler-4  | DEBUG | .a.s.ParticipantScoreScheduleService : Updated participant score 214.
    23:43:31.302 | 329 taskScheduler-4  | DEBUG | .a.s.ParticipantScoreScheduleService : Updating the participant score for exercise 1399 and participant 671 took 26 ms.
    23:43:31.314 | 327 taskScheduler-2  | DEBUG | .a.s.ParticipantScoreScheduleService : Processing exercise 1397 and participant 671 to update participant scores.
    23:43:31.325 | 327 taskScheduler-2  | DEBUG | .a.s.ParticipantScoreScheduleService : Updating the participant score for exercise 1397 and participant 671 took 11 ms.

  Starting logs for StudentExamIntegrationTest > testFindOneWithExercisesByUserIdAndExamId()
    23:43:31.396 | 370 ool-1-worker-134 | DEBUG | d.t.c.a.a.c.u.util.UserUtilService   : Generate 2 students...
    23:43:31.414 | 370 ool-1-worker-134 | DEBUG | d.t.c.a.a.c.u.util.UserUtilService   : 2 students generated. Generate 1 tutors...
    23:43:31.422 | 370 ool-1-worker-134 | DEBUG | d.t.c.a.a.c.u.util.UserUtilService   : 1 tutors generated. Generate 0 editors...
    23:43:31.425 | 370 ool-1-worker-134 | DEBUG | d.t.c.a.a.c.u.util.UserUtilService   : 0 editors generated. Generate 2 instructors...
    23:43:31.434 | 370 ool-1-worker-134 | DEBUG | d.t.c.a.a.c.u.util.UserUtilService   : 2 instructors generated
    23:43:31.435 | 370 ool-1-worker-134 | DEBUG | d.t.c.a.a.c.u.util.UserUtilService   : Removing 5 users from all courses...
    23:43:31.437 | 370 ool-1-worker-134 | DEBUG | d.t.c.a.a.c.u.util.UserUtilService   : Removing 5 users from all courses. Done
    23:43:31.437 | 370 ool-1-worker-134 | DEBUG | d.t.c.a.a.c.u.util.UserUtilService   : Save 5 users to database...
    23:43:31.470 | 370 ool-1-worker-134 | DEBUG | d.t.c.a.a.c.u.util.UserUtilService   : Save 5 users to database. Done
    23:43:31.653 | 370 ool-1-worker-134 | INFO  | i.z.t.d.l.EmbeddedDatabaseReporter   : JDBC URL to connect to 'dataSource': url='jdbc:h2:tcp://localhost:41063/mem:736625c0-cf5e-400d-aeaa-8a7eabd6262b;USER=sa', scope='StudentExamIntegrationTest#testFindOneWithExercisesByUserIdAndExamId'

  Starting logs for StudentExamIntegrationTest > testgetExamTooEarly_forbidden()
    23:43:31.888 | 370 ool-1-worker-134 | DEBUG | d.t.c.a.a.c.u.util.UserUtilService   : Generate 2 students...
    23:43:31.900 | 370 ool-1-worker-134 | DEBUG | d.t.c.a.a.c.u.util.UserUtilService   : 2 students generated. Generate 1 tutors...
    23:43:31.905 | 370 ool-1-worker-134 | DEBUG | d.t.c.a.a.c.u.util.UserUtilService   : 1 tutors generated. Generate 0 editors...
    23:43:31.907 | 370 ool-1-worker-134 | DEBUG | d.t.c.a.a.c.u.util.UserUtilService   : 0 editors generated. Generate 2 instructors...
    23:43:31.919 | 370 ool-1-worker-134 | DEBUG | d.t.c.a.a.c.u.util.UserUtilService   : 2 instructors generated
    23:43:31.921 | 370 ool-1-worker-134 | DEBUG | d.t.c.a.a.c.u.util.UserUtilService   : Removing 5 users from all courses...
    23:43:31.925 | 370 ool-1-worker-134 | DEBUG | d.t.c.a.a.c.u.util.UserUtilService   : Removing 5 users from all courses. Done
    23:43:31.925 | 370 ool-1-worker-134 | DEBUG | d.t.c.a.a.c.u.util.UserUtilService   : Save 5 users to database...
    23:43:31.963 | 370 ool-1-worker-134 | DEBUG | d.t.c.a.a.c.u.util.UserUtilService   : Save 5 users to database. Done
    23:43:32.236 | 370 ool-1-worker-134 | INFO  | i.z.t.d.l.EmbeddedDatabaseReporter   : JDBC URL to connect to 'dataSource': url='jdbc:h2:tcp://localhost:41063/mem:736625c0-cf5e-400d-aeaa-8a7eabd6262b;USER=sa', scope='StudentExamIntegrationTest#testgetExamTooEarly_forbidden'
    23:43:32.310 | 058 pool-4-thread-1  | INFO  | d.t.c.a.a.p.s.gitlab.GitLabService   : Unprotecting branch main for Gitlab repository SHORT02C9CD880256D0439F0A29F0734634575CA5T18C/short02c9cd880256d0439f0a29f0734634575ca5t18c-studexamstudent1
    23:43:32.340 | 370 ool-1-worker-134 | DEBUG | d.t.c.a.a.c.s.f.ApiVersionFilter     : Adding Version to Request POST /api/courses/436/exams/856/generate-student-exams
    23:43:32.340 | 370 ool-1-worker-134 | INFO  | d.t.c.a.a.exam.web.ExamResource      : REST request to generate student exams for exam 856
    23:43:32.348 | 370 ool-1-worker-134 | INFO  | d.t.c.a.a.e.s.ExamDeletionService    : User studexaminstructor1 has requested to delete existing student exams and participations for exam Real exam 1
    23:43:32.348 | 370 ool-1-worker-134 | INFO  | d.t.c.a.a.e.s.ParticipationService   : Request to delete all 0 participations of exercise with id : 1428
    23:43:32.350 | 370 ool-1-worker-134 | INFO  | d.t.c.a.a.e.s.ParticipationService   : Request to delete all 0 participations of exercise with id : 1429
    23:43:32.351 | 370 ool-1-worker-134 | INFO  | d.t.c.a.a.e.s.ParticipationService   : Request to delete all 0 participations of exercise with id : 1430
    23:43:32.352 | 370 ool-1-worker-134 | INFO  | d.t.c.a.a.e.s.ParticipationService   : Request to delete all 0 participations of exercise with id : 1431
    23:43:32.354 | 370 ool-1-worker-134 | INFO  | d.t.c.a.a.e.s.ParticipationService   : Request to delete all 0 participations of exercise with id : 1432
    23:43:32.355 | 370 ool-1-worker-134 | INFO  | d.t.c.a.a.e.s.ParticipationService   : Request to delete all 0 participations of exercise with id : 1433
    23:43:32.356 | 370 ool-1-worker-134 | INFO  | d.t.c.a.a.e.s.ParticipationService   : Request to delete all 0 participations of exercise with id : 1434
    23:43:32.357 | 370 ool-1-worker-134 | INFO  | d.t.c.a.a.e.s.ParticipationService   : Request to delete all 0 participations of exercise with id : 1435
    23:43:32.359 | 370 ool-1-worker-134 | INFO  | d.t.c.a.a.e.s.ParticipationService   : Request to delete all 0 participations of exercise with id : 1436
    23:43:32.360 | 370 ool-1-worker-134 | INFO  | d.t.c.a.a.e.s.ParticipationService   : Request to delete all 0 participations of exercise with id : 1437
    23:43:32.361 | 370 ool-1-worker-134 | INFO  | d.t.c.a.a.e.s.ParticipationService   : Request to delete all 0 participations of exercise with id : 1438
    23:43:32.364 | 370 ool-1-worker-134 | INFO  | d.t.c.a.a.exam.web.ExamResource      : Generated 1 student exams in 23.45ms for exam 856
    23:43:32.408 | 370 ool-1-worker-134 | DEBUG | d.t.c.a.a.c.s.f.ApiVersionFilter     : Adding Version to Request POST /api/courses/436/exams/856/student-exams/start-exercises
    23:43:32.434 | 370 ool-1-worker-134 | DEBUG | d.t.c.a.a.exam.service.ExamService   : Finished combination of template commits for programming exercise ProgrammingExercise{id=1438, templateRepositoryUri='https://version-control.fake.fake/git/SHORT36F9D7F3012FE042390B5370ACF8A972B465T0AD/short36f9d7f3012fe042390b5370acf8a972b465t0ad-exercise.git', solutionRepositoryUri='https://version-control.fake.fake/git/SHORT36F9D7F3012FE042390B5370ACF8A972B465T0AD/short36f9d7f3012fe042390b5370acf8a972b465t0ad-solution.git', templateBuildPlanId='SHORT36F9D7F3012FE042390B5370ACF8A972B465T0AD-BASE', solutionBuildPlanId='SHORT36F9D7F3012FE042390B5370ACF8A972B465T0AD-SOLUTION', allowOnlineEditor='null', allowOnlineIde='false', programmingLanguage='JAVA', packageName='de.test'', testCasesChanged='false'}
    23:43:32.435 | 370 ool-1-worker-134 | INFO  | d.t.c.a.a.e.web.StudentExamResource  : REST request to start exercises for student exams of exam 856
    23:43:32.474 | 700 ol-4101-thread-1 | INFO  | d.t.c.a.a.e.s.StudentExamService     : SUCCESS: Start exercise for student exam 394 and exercise 1429 and student studexamstudent1
    23:43:32.507 | 700 ol-4101-thread-1 | INFO  | d.t.c.a.a.e.s.StudentExamService     : SUCCESS: Start exercise for student exam 394 and exercise 1431 and student studexamstudent1
    23:43:32.519 | 700 ol-4101-thread-1 | INFO  | d.t.c.a.a.e.s.StudentExamService     : SUCCESS: Start exercise for student exam 394 and exercise 1433 and student studexamstudent1
    23:43:32.537 | 700 ol-4101-thread-1 | INFO  | d.t.c.a.a.e.s.StudentExamService     : SUCCESS: Start exercise for student exam 394 and exercise 1434 and student studexamstudent1
    23:43:32.550 | 700 ol-4101-thread-1 | INFO  | d.t.c.a.a.e.s.StudentExamService     : SUCCESS: Start exercise for student exam 394 and exercise 1436 and student studexamstudent1
    23:43:32.567 | 700 ol-4101-thread-1 | INFO  | d.t.c.a.a.e.s.StudentExamService     : SUCCESS: Start exercise for student exam 394 and exercise 1437 and student studexamstudent1
    23:43:32.578 | 700 ol-4101-thread-1 | DEBUG | d.t.c.a.a.p.service.GitService       : Cloning from file:/tmp/exerciseOriginRepo9510677592405986733/ to repos/server-integration-test/studentOriginRepo10785837503943814867
    23:43:32.616 | 700 ol-4101-thread-1 | ERROR | .a.a.p.s.j.b.JenkinsBuildPlanService : Pipeline Script not found
java.lang.IllegalArgumentException: Pipeline Script not found
	at de.tum.cit.aet.artemis.programming.service.jenkins.build_plan.JenkinsBuildPlanUtils.replaceScriptParameters(JenkinsBuildPlanUtils.java:22)
	at de.tum.cit.aet.artemis.programming.service.jenkins.build_plan.JenkinsBuildPlanService.updateBuildPlanURLs(JenkinsBuildPlanService.java:245)
	at de.tum.cit.aet.artemis.programming.service.jenkins.build_plan.JenkinsBuildPlanService.copyBuildPlan(JenkinsBuildPlanService.java:293)
	at de.tum.cit.aet.artemis.programming.service.jenkins.JenkinsService.copyBuildPlan(JenkinsService.java:128)
	at java.base/java.lang.invoke.MethodHandle.invokeWithArguments(MethodHandle.java:733)
	at org.mockito.internal.util.reflection.InstrumentationMemberAccessor$Dispatcher$ByteBuddy$oog9jsgw.invokeWithArguments(Unknown Source)
	at org.mockito.internal.util.reflection.InstrumentationMemberAccessor.invoke(InstrumentationMemberAccessor.java:251)
	at org.mockito.internal.util.reflection.ModuleMemberAccessor.invoke(ModuleMemberAccessor.java:55)
	at org.mockito.internal.creation.bytebuddy.MockMethodAdvice.tryInvoke(MockMethodAdvice.java:314)
	at org.mockito.internal.creation.bytebuddy.MockMethodAdvice$RealMethodCall.invoke(MockMethodAdvice.java:234)
	at org.mockito.internal.invocation.InterceptedInvocation.callRealMethod(InterceptedInvocation.java:142)
	at org.mockito.internal.stubbing.answers.CallsRealMethods.answer(CallsRealMethods.java:45)
	at org.mockito.Answers.answer(Answers.java:90)
	at org.mockito.internal.handler.MockHandlerImpl.handle(MockHandlerImpl.java:111)
	at org.mockito.internal.handler.NullResultGuardian.handle(NullResultGuardian.java:29)
	at org.mockito.internal.handler.InvocationNotifierHandler.handle(InvocationNotifierHandler.java:34)
	at org.mockito.internal.creation.bytebuddy.MockMethodInterceptor.doIntercept(MockMethodInterceptor.java:82)
	at org.mockito.internal.creation.bytebuddy.MockMethodAdvice.handle(MockMethodAdvice.java:134)
	at de.tum.cit.aet.artemis.programming.service.jenkins.JenkinsService.copyBuildPlan(JenkinsService.java:126)
	at de.tum.cit.aet.artemis.exercise.service.ParticipationService.copyBuildPlan(ParticipationService.java:518)
	at de.tum.cit.aet.artemis.exercise.service.ParticipationService.startProgrammingParticipation(ParticipationService.java:296)
	at de.tum.cit.aet.artemis.exercise.service.ParticipationService.startProgrammingExercise(ParticipationService.java:265)
	at de.tum.cit.aet.artemis.exercise.service.ParticipationService.startExerciseWithInitializationDate(ParticipationService.java:192)
	at de.tum.cit.aet.artemis.exercise.service.ParticipationService.startExercise(ParticipationService.java:151)
	at de.tum.cit.aet.artemis.exam.service.StudentExamService.setUpExerciseParticipationsAndSubmissionsWithInitializationDate(StudentExamService.java:686)
	at de.tum.cit.aet.artemis.exam.service.StudentExamService.setUpExerciseParticipationsAndSubmissions(StudentExamService.java:800)
	at de.tum.cit.aet.artemis.exam.service.StudentExamService.lambda$startExercises$15(StudentExamService.java:735)
	at java.base/java.util.concurrent.CompletableFuture$AsyncRun.run(CompletableFuture.java:1804)
	at java.base/java.util.concurrent.ThreadPoolExecutor.runWorker(ThreadPoolExecutor.java:1144)
	at java.base/java.util.concurrent.ThreadPoolExecutor$Worker.run(ThreadPoolExecutor.java:642)
	at java.base/java.lang.Thread.run(Thread.java:1583)
    23:43:32.628 | 700 ol-4101-thread-1 | ERROR | .a.a.p.s.j.b.JenkinsBuildPlanService : Pipeline Script not found
java.lang.IllegalArgumentException: Pipeline Script not found
	at de.tum.cit.aet.artemis.programming.service.jenkins.build_plan.JenkinsBuildPlanUtils.replaceScriptParameters(JenkinsBuildPlanUtils.java:29)
	at de.tum.cit.aet.artemis.programming.service.jenkins.build_plan.JenkinsBuildPlanService.updateBuildPlanRepositories(JenkinsBuildPlanService.java:219)
	at de.tum.cit.aet.artemis.programming.service.jenkins.build_plan.JenkinsBuildPlanService.configureBuildPlanForParticipation(JenkinsBuildPlanService.java:196)
	at de.tum.cit.aet.artemis.programming.service.jenkins.JenkinsService.configureBuildPlan(JenkinsService.java:138)
	at java.base/java.lang.invoke.MethodHandle.invokeWithArguments(MethodHandle.java:733)
	at org.mockito.internal.util.reflection.InstrumentationMemberAccessor$Dispatcher$ByteBuddy$oog9jsgw.invokeWithArguments(Unknown Source)
	at org.mockito.internal.util.reflection.InstrumentationMemberAccessor.invoke(InstrumentationMemberAccessor.java:251)
	at org.mockito.internal.util.reflection.ModuleMemberAccessor.invoke(ModuleMemberAccessor.java:55)
	at org.mockito.internal.creation.bytebuddy.MockMethodAdvice.tryInvoke(MockMethodAdvice.java:314)
	at org.mockito.internal.creation.bytebuddy.MockMethodAdvice$RealMethodCall.invoke(MockMethodAdvice.java:234)
	at org.mockito.internal.invocation.InterceptedInvocation.callRealMethod(InterceptedInvocation.java:142)
	at org.mockito.internal.stubbing.answers.CallsRealMethods.answer(CallsRealMethods.java:45)
	at org.mockito.Answers.answer(Answers.java:90)
	at org.mockito.internal.handler.MockHandlerImpl.handle(MockHandlerImpl.java:111)
	at org.mockito.internal.handler.NullResultGuardian.handle(NullResultGuardian.java:29)
	at org.mockito.internal.handler.InvocationNotifierHandler.handle(InvocationNotifierHandler.java:34)
	at org.mockito.internal.creation.bytebuddy.MockMethodInterceptor.doIntercept(MockMethodInterceptor.java:82)
	at org.mockito.internal.creation.bytebuddy.MockMethodAdvice.handle(MockMethodAdvice.java:134)
	at de.tum.cit.aet.artemis.programming.service.jenkins.JenkinsService.configureBuildPlan(JenkinsService.java:138)
	at de.tum.cit.aet.artemis.exercise.service.ParticipationService.configureBuildPlan(ParticipationService.java:532)
	at de.tum.cit.aet.artemis.exercise.service.ParticipationService.startProgrammingParticipation(ParticipationService.java:298)
	at de.tum.cit.aet.artemis.exercise.service.ParticipationService.startProgrammingExercise(ParticipationService.java:265)
	at de.tum.cit.aet.artemis.exercise.service.ParticipationService.startExerciseWithInitializationDate(ParticipationService.java:192)
	at de.tum.cit.aet.artemis.exercise.service.ParticipationService.startExercise(ParticipationService.java:151)
	at de.tum.cit.aet.artemis.exam.service.StudentExamService.setUpExerciseParticipationsAndSubmissionsWithInitializationDate(StudentExamService.java:686)
	at de.tum.cit.aet.artemis.exam.service.StudentExamService.setUpExerciseParticipationsAndSubmissions(StudentExamService.java:800)
	at de.tum.cit.aet.artemis.exam.service.StudentExamService.lambda$startExercises$15(StudentExamService.java:735)
	at java.base/java.util.concurrent.CompletableFuture$AsyncRun.run(CompletableFuture.java:1804)
	at java.base/java.util.concurrent.ThreadPoolExecutor.runWorker(ThreadPoolExecutor.java:1144)
	at java.base/java.util.concurrent.ThreadPoolExecutor$Worker.run(ThreadPoolExecutor.java:642)
	at java.base/java.lang.Thread.run(Thread.java:1583)
    23:43:32.644 | 700 ol-4101-thread-1 | INFO  | d.t.c.a.a.e.s.StudentExamService     : SUCCESS: Start exercise for student exam 394 and exercise 1438 and student studexamstudent1
    23:43:32.647 | 370 ool-1-worker-134 | INFO  | d.t.c.a.a.e.web.StudentExamResource  : Generated 7 participations in 231.74ms for student exams of exam 856
    23:43:32.649 | 370 ool-1-worker-134 | DEBUG | d.t.c.a.a.c.s.f.ApiVersionFilter     : Adding Version to Request GET /api/courses/436/exams/856/student-exams/start-exercises/status
    23:43:32.665 | 370 ool-1-worker-134 | DEBUG | d.t.c.a.a.c.s.f.ApiVersionFilter     : Adding Version to Request GET /api/courses/436/exams/856/student-exams/394/conduction
    23:43:32.671 | 370 ool-1-worker-134 | DEBUG | d.t.c.a.a.e.web.StudentExamResource  : REST request to get the student exam of user studexamstudent1 for exam 856
    23:43:32.677 | 370 ool-1-worker-134 | WARN  | o.z.p.spring.common.AdviceTraits     : Forbidden: Students cannot download the student exams until 5 minutes before the exam start

  Starting logs for StudentExamIntegrationTest > testGetStudentExamForTestExamForConduction_realExam()
    23:43:32.769 | 370 ool-1-worker-134 | DEBUG | d.t.c.a.a.c.u.util.UserUtilService   : Generate 2 students...
    23:43:32.779 | 370 ool-1-worker-134 | DEBUG | d.t.c.a.a.c.u.util.UserUtilService   : 2 students generated. Generate 1 tutors...
    23:43:32.784 | 370 ool-1-worker-134 | DEBUG | d.t.c.a.a.c.u.util.UserUtilService   : 1 tutors generated. Generate 0 editors...
    23:43:32.785 | 370 ool-1-worker-134 | DEBUG | d.t.c.a.a.c.u.util.UserUtilService   : 0 editors generated. Generate 2 instructors...
    23:43:32.796 | 370 ool-1-worker-134 | DEBUG | d.t.c.a.a.c.u.util.UserUtilService   : 2 instructors generated
    23:43:32.801 | 370 ool-1-worker-134 | DEBUG | d.t.c.a.a.c.u.util.UserUtilService   : Removing 5 users from all courses...
    23:43:32.802 | 370 ool-1-worker-134 | DEBUG | d.t.c.a.a.c.u.util.UserUtilService   : Removing 5 users from all courses. Done
    23:43:32.802 | 370 ool-1-worker-134 | DEBUG | d.t.c.a.a.c.u.util.UserUtilService   : Save 5 users to database...
    23:43:32.845 | 370 ool-1-worker-134 | DEBUG | d.t.c.a.a.c.u.util.UserUtilService   : Save 5 users to database. Done
    23:43:33.103 | 370 ool-1-worker-134 | INFO  | i.z.t.d.l.EmbeddedDatabaseReporter   : JDBC URL to connect to 'dataSource': url='jdbc:h2:tcp://localhost:41063/mem:736625c0-cf5e-400d-aeaa-8a7eabd6262b;USER=sa', scope='StudentExamIntegrationTest#testGetStudentExamForTestExamForConduction_realExam'
    23:43:33.105 | 370 ool-1-worker-134 | DEBUG | d.t.c.a.a.c.s.f.ApiVersionFilter     : Adding Version to Request GET /api/courses/437/exams/857/student-exams/396/conduction
    23:43:33.108 | 370 ool-1-worker-134 | DEBUG | d.t.c.a.a.e.web.StudentExamResource  : REST request to get the student exam of user studexamstudent2 for exam 857
    23:43:33.113 | 370 ool-1-worker-134 | WARN  | o.z.p.spring.common.AdviceTraits     : Forbidden: Current user is not the user of the requested student exam

  Starting logs for StudentExamIntegrationTest > testTestRunGradeSummaryDoesNotReturn404()
    23:43:33.165 | 370 ool-1-worker-134 | DEBUG | d.t.c.a.a.c.u.util.UserUtilService   : Generate 2 students...
    23:43:33.169 | 370 ool-1-worker-134 | DEBUG | d.t.c.a.a.c.u.util.UserUtilService   : 2 students generated. Generate 1 tutors...
    23:43:33.172 | 370 ool-1-worker-134 | DEBUG | d.t.c.a.a.c.u.util.UserUtilService   : 1 tutors generated. Generate 0 editors...
    23:43:33.174 | 370 ool-1-worker-134 | DEBUG | d.t.c.a.a.c.u.util.UserUtilService   : 0 editors generated. Generate 2 instructors...
    23:43:33.179 | 370 ool-1-worker-134 | DEBUG | d.t.c.a.a.c.u.util.UserUtilService   : 2 instructors generated
    23:43:33.181 | 370 ool-1-worker-134 | DEBUG | d.t.c.a.a.c.u.util.UserUtilService   : Removing 5 users from all courses...
    23:43:33.182 | 370 ool-1-worker-134 | DEBUG | d.t.c.a.a.c.u.util.UserUtilService   : Removing 5 users from all courses. Done
    23:43:33.182 | 370 ool-1-worker-134 | DEBUG | d.t.c.a.a.c.u.util.UserUtilService   : Save 5 users to database...
    23:43:33.200 | 370 ool-1-worker-134 | DEBUG | d.t.c.a.a.c.u.util.UserUtilService   : Save 5 users to database. Done
    23:43:33.353 | 370 ool-1-worker-134 | INFO  | i.z.t.d.l.EmbeddedDatabaseReporter   : JDBC URL to connect to 'dataSource': url='jdbc:h2:tcp://localhost:41063/mem:736625c0-cf5e-400d-aeaa-8a7eabd6262b;USER=sa', scope='StudentExamIntegrationTest#testTestRunGradeSummaryDoesNotReturn404'
    23:43:33.389 | 370 ool-1-worker-134 | DEBUG | d.t.c.a.a.c.s.f.ApiVersionFilter     : Adding Version to Request POST /api/courses/440/exams/867/test-run
    23:43:33.400 | 370 ool-1-worker-134 | INFO  | d.t.c.a.a.e.web.StudentExamResource  : REST request to create a test run of exam 867
    23:43:33.430 | 370 ool-1-worker-134 | INFO  | d.t.c.a.a.e.s.StudentExamService     : SUCCESS: Start exercise for student exam 405 and exercise 1459 and student studexaminstructor1
    23:43:33.442 | 058 pool-4-thread-1  | INFO  | d.t.c.a.a.p.s.gitlab.GitLabService   : Unprotecting branch main for Gitlab repository SHORTA3B7B2490506F04EAD0929C011896D98A6ECT041/shorta3b7b2490506f04ead0929c011896d98a6ect041-studexamstudent1
    23:43:33.447 | 370 ool-1-worker-134 | INFO  | d.t.c.a.a.e.s.StudentExamService     : SUCCESS: Start exercise for student exam 405 and exercise 1461 and student studexaminstructor1
    23:43:33.473 | 370 ool-1-worker-134 | INFO  | d.t.c.a.a.e.s.StudentExamService     : SUCCESS: Start exercise for student exam 405 and exercise 1463 and student studexaminstructor1
    23:43:33.506 | 370 ool-1-worker-134 | DEBUG | d.t.c.a.a.c.s.f.ApiVersionFilter     : Adding Version to Request GET /api/courses/440/exams/867/student-exams/405/grade-summary
    23:43:33.508 | 370 ool-1-worker-134 | DEBUG | d.t.c.a.a.e.web.StudentExamResource  : REST request to get the student exam grades of user with id 674 for exam 867 by user studexaminstructor1
    23:43:33.516 | 370 ool-1-worker-134 | INFO  | d.t.c.a.a.e.web.StudentExamResource  : getStudentExamGradesForSummary done in 9ms for 3 exercises for target user studexaminstructor1 by caller user studexaminstructor1

  Starting logs for StudentExamIntegrationTest > testExamsCanNotBeSentBeforeVisibleDate()
    23:43:33.569 | 370 ool-1-worker-134 | DEBUG | d.t.c.a.a.c.u.util.UserUtilService   : Generate 2 students...
    23:43:33.578 | 370 ool-1-worker-134 | DEBUG | d.t.c.a.a.c.u.util.UserUtilService   : 2 students generated. Generate 1 tutors...
    23:43:33.582 | 370 ool-1-worker-134 | DEBUG | d.t.c.a.a.c.u.util.UserUtilService   : 1 tutors generated. Generate 0 editors...
    23:43:33.586 | 370 ool-1-worker-134 | DEBUG | d.t.c.a.a.c.u.util.UserUtilService   : 0 editors generated. Generate 2 instructors...
    23:43:33.596 | 370 ool-1-worker-134 | DEBUG | d.t.c.a.a.c.u.util.UserUtilService   : 2 instructors generated
    23:43:33.601 | 370 ool-1-worker-134 | DEBUG | d.t.c.a.a.c.u.util.UserUtilService   : Removing 5 users from all courses...
    23:43:33.601 | 370 ool-1-worker-134 | DEBUG | d.t.c.a.a.c.u.util.UserUtilService   : Removing 5 users from all courses. Done
    23:43:33.601 | 370 ool-1-worker-134 | DEBUG | d.t.c.a.a.c.u.util.UserUtilService   : Save 5 users to database...
    23:43:33.647 | 370 ool-1-worker-134 | DEBUG | d.t.c.a.a.c.u.util.UserUtilService   : Save 5 users to database. Done
    23:43:33.830 | 370 ool-1-worker-134 | INFO  | i.z.t.d.l.EmbeddedDatabaseReporter   : JDBC URL to connect to 'dataSource': url='jdbc:h2:tcp://localhost:41063/mem:736625c0-cf5e-400d-aeaa-8a7eabd6262b;USER=sa', scope='StudentExamIntegrationTest#testExamsCanNotBeSentBeforeVisibleDate'
    23:43:33.833 | 370 ool-1-worker-134 | DEBUG | d.t.c.a.a.c.s.f.ApiVersionFilter     : Adding Version to Request POST /api/courses/443/exams/868/announcements
    23:43:33.834 | 370 ool-1-worker-134 | DEBUG | d.t.c.a.a.exam.web.ExamResource      : REST request to create an announcement for exam with id 868
    23:43:33.837 | 370 ool-1-worker-134 | ERROR | tech.jhipster.web.util.HeaderUtil    : Entity processing failed, Exam is not visible to students
    23:43:33.837 | 370 ool-1-worker-134 | WARN  | o.z.p.spring.common.AdviceTraits     : Bad Request: Exam is not visible to students

  Starting logs for StudentExamIntegrationTest > testGetStudentExamForTestExamForSummary_UserIdMismatch()
    23:43:33.880 | 370 ool-1-worker-134 | DEBUG | d.t.c.a.a.c.u.util.UserUtilService   : Generate 2 students...
    23:43:33.885 | 370 ool-1-worker-134 | DEBUG | d.t.c.a.a.c.u.util.UserUtilService   : 2 students generated. Generate 1 tutors...
    23:43:33.888 | 370 ool-1-worker-134 | DEBUG | d.t.c.a.a.c.u.util.UserUtilService   : 1 tutors generated. Generate 0 editors...
    23:43:33.889 | 370 ool-1-worker-134 | DEBUG | d.t.c.a.a.c.u.util.UserUtilService   : 0 editors generated. Generate 2 instructors...
    23:43:33.893 | 370 ool-1-worker-134 | DEBUG | d.t.c.a.a.c.u.util.UserUtilService   : 2 instructors generated
    23:43:33.895 | 370 ool-1-worker-134 | DEBUG | d.t.c.a.a.c.u.util.UserUtilService   : Removing 5 users from all courses...
    23:43:33.896 | 370 ool-1-worker-134 | DEBUG | d.t.c.a.a.c.u.util.UserUtilService   : Removing 5 users from all courses. Done
    23:43:33.896 | 370 ool-1-worker-134 | DEBUG | d.t.c.a.a.c.u.util.UserUtilService   : Save 5 users to database...
    23:43:33.916 | 370 ool-1-worker-134 | DEBUG | d.t.c.a.a.c.u.util.UserUtilService   : Save 5 users to database. Done
    23:43:34.111 | 370 ool-1-worker-134 | INFO  | i.z.t.d.l.EmbeddedDatabaseReporter   : JDBC URL to connect to 'dataSource': url='jdbc:h2:tcp://localhost:41063/mem:736625c0-cf5e-400d-aeaa-8a7eabd6262b;USER=sa', scope='StudentExamIntegrationTest#testGetStudentExamForTestExamForSummary_UserIdMismatch'
    23:43:34.113 | 370 ool-1-worker-134 | DEBUG | d.t.c.a.a.c.s.f.ApiVersionFilter     : Adding Version to Request GET /api/courses/446/exams/875/student-exams/415/summary
    23:43:34.115 | 370 ool-1-worker-134 | DEBUG | d.t.c.a.a.e.web.StudentExamResource  : REST request to get the student exam of user studexamstudent2 for exam 875
    23:43:34.119 | 370 ool-1-worker-134 | WARN  | o.z.p.spring.common.AdviceTraits     : Forbidden: Current user is not the user of the requested student exam

  Starting logs for StudentExamIntegrationTest > testUpdateWorkingTimeInvalid()
    23:43:34.186 | 370 ool-1-worker-134 | DEBUG | d.t.c.a.a.c.u.util.UserUtilService   : Generate 2 students...
    23:43:34.190 | 370 ool-1-worker-134 | DEBUG | d.t.c.a.a.c.u.util.UserUtilService   : 2 students generated. Generate 1 tutors...
    23:43:34.193 | 370 ool-1-worker-134 | DEBUG | d.t.c.a.a.c.u.util.UserUtilService   : 1 tutors generated. Generate 0 editors...
    23:43:34.194 | 370 ool-1-worker-134 | DEBUG | d.t.c.a.a.c.u.util.UserUtilService   : 0 editors generated. Generate 2 instructors...
    23:43:34.198 | 370 ool-1-worker-134 | DEBUG | d.t.c.a.a.c.u.util.UserUtilService   : 2 instructors generated
    23:43:34.200 | 370 ool-1-worker-134 | DEBUG | d.t.c.a.a.c.u.util.UserUtilService   : Removing 5 users from all courses...
    23:43:34.201 | 370 ool-1-worker-134 | DEBUG | d.t.c.a.a.c.u.util.UserUtilService   : Removing 5 users from all courses. Done
    23:43:34.201 | 370 ool-1-worker-134 | DEBUG | d.t.c.a.a.c.u.util.UserUtilService   : Save 5 users to database...
    23:43:34.222 | 370 ool-1-worker-134 | DEBUG | d.t.c.a.a.c.u.util.UserUtilService   : Save 5 users to database. Done
    23:43:34.244 | 058 pool-4-thread-1  | INFO  | d.t.c.a.a.p.s.gitlab.GitLabService   : Protecting branch main for Gitlab repository SHORTB9FD6EFA053AA042250BE530C3131EDE23C4T4AD/shortb9fd6efa053aa042250be530c3131ede23c4t4ad-studexamstudent1
    23:43:34.372 | 058 pool-4-thread-1  | INFO  | d.t.c.a.a.p.s.gitlab.GitLabService   : Unprotecting branch main for Gitlab repository SHORT2BA924B2000B6049C0087A40CD018715EF4ETBA5/short2ba924b2000b6049c0087a40cd018715ef4etba5-studexamstudent2
    23:43:34.394 | 058 pool-4-thread-1  | INFO  | d.t.c.a.a.p.s.gitlab.GitLabService   : Unprotecting branch main for Gitlab repository SHORT2BA924B2000B6049C0087A40CD018715EF4ETBA5/short2ba924b2000b6049c0087a40cd018715ef4etba5-studexamstudent1
    23:43:34.428 | 370 ool-1-worker-134 | INFO  | i.z.t.d.l.EmbeddedDatabaseReporter   : JDBC URL to connect to 'dataSource': url='jdbc:h2:tcp://localhost:41063/mem:736625c0-cf5e-400d-aeaa-8a7eabd6262b;USER=sa', scope='StudentExamIntegrationTest#testUpdateWorkingTimeInvalid'
    23:43:34.433 | 370 ool-1-worker-134 | DEBUG | d.t.c.a.a.c.s.f.ApiVersionFilter     : Adding Version to Request PATCH /api/courses/449/exams/878/student-exams/417/working-time
    23:43:34.437 | 370 ool-1-worker-134 | DEBUG | d.t.c.a.a.e.web.StudentExamResource  : REST request to update the working time of student exam : 417
    23:43:34.442 | 370 ool-1-worker-134 | WARN  | o.z.p.spring.common.AdviceTraits     : Bad Request: HTTP 400 Bad Request
    23:43:34.449 | 370 ool-1-worker-134 | DEBUG | d.t.c.a.a.c.s.f.ApiVersionFilter     : Adding Version to Request PATCH /api/courses/449/exams/878/student-exams/417/working-time
    23:43:34.449 | 370 ool-1-worker-134 | DEBUG | d.t.c.a.a.e.web.StudentExamResource  : REST request to update the working time of student exam : 417
    23:43:34.453 | 370 ool-1-worker-134 | WARN  | o.z.p.spring.common.AdviceTraits     : Bad Request: HTTP 400 Bad Request

  Starting logs for StudentExamIntegrationTest > testSubmitTestRun()
    23:43:34.527 | 370 ool-1-worker-134 | DEBUG | d.t.c.a.a.c.u.util.UserUtilService   : Generate 2 students...
    23:43:34.533 | 370 ool-1-worker-134 | DEBUG | d.t.c.a.a.c.u.util.UserUtilService   : 2 students generated. Generate 1 tutors...
    23:43:34.539 | 370 ool-1-worker-134 | DEBUG | d.t.c.a.a.c.u.util.UserUtilService   : 1 tutors generated. Generate 0 editors...
    23:43:34.540 | 370 ool-1-worker-134 | DEBUG | d.t.c.a.a.c.u.util.UserUtilService   : 0 editors generated. Generate 2 instructors...
    23:43:34.551 | 370 ool-1-worker-134 | DEBUG | d.t.c.a.a.c.u.util.UserUtilService   : 2 instructors generated
    23:43:34.555 | 370 ool-1-worker-134 | DEBUG | d.t.c.a.a.c.u.util.UserUtilService   : Removing 5 users from all courses...
    23:43:34.557 | 370 ool-1-worker-134 | DEBUG | d.t.c.a.a.c.u.util.UserUtilService   : Removing 5 users from all courses. Done
    23:43:34.557 | 370 ool-1-worker-134 | DEBUG | d.t.c.a.a.c.u.util.UserUtilService   : Save 5 users to database...
    23:43:34.601 | 370 ool-1-worker-134 | DEBUG | d.t.c.a.a.c.u.util.UserUtilService   : Save 5 users to database. Done
    23:43:34.809 | 370 ool-1-worker-134 | INFO  | i.z.t.d.l.EmbeddedDatabaseReporter   : JDBC URL to connect to 'dataSource': url='jdbc:h2:tcp://localhost:41063/mem:736625c0-cf5e-400d-aeaa-8a7eabd6262b;USER=sa', scope='StudentExamIntegrationTest#testSubmitTestRun'
    23:43:34.856 | 370 ool-1-worker-134 | DEBUG | d.t.c.a.a.c.s.f.ApiVersionFilter     : Adding Version to Request POST /api/courses/452/exams/888/test-run
    23:43:34.868 | 370 ool-1-worker-134 | INFO  | d.t.c.a.a.e.web.StudentExamResource  : REST request to create a test run of exam 888
    23:43:34.896 | 370 ool-1-worker-134 | INFO  | d.t.c.a.a.e.s.StudentExamService     : SUCCESS: Start exercise for student exam 426 and exercise 1504 and student studexaminstructor1
    23:43:34.915 | 370 ool-1-worker-134 | INFO  | d.t.c.a.a.e.s.StudentExamService     : SUCCESS: Start exercise for student exam 426 and exercise 1506 and student studexaminstructor1
    23:43:34.941 | 370 ool-1-worker-134 | INFO  | d.t.c.a.a.e.s.StudentExamService     : SUCCESS: Start exercise for student exam 426 and exercise 1508 and student studexaminstructor1
    23:43:34.977 | 370 ool-1-worker-134 | DEBUG | d.t.c.a.a.c.s.f.ApiVersionFilter     : Adding Version to Request GET /api/courses/452/exams/888/test-run/426/conduction
    23:43:34.982 | 370 ool-1-worker-134 | DEBUG | d.t.c.a.a.e.web.StudentExamResource  : REST request to get the test run for exam 888 with id 426
    23:43:35.005 | 370 ool-1-worker-134 | DEBUG | d.t.c.a.a.e.s.ExamSessionService     : Exam session started
    23:43:35.006 | 370 ool-1-worker-134 | INFO  | d.t.c.a.a.e.web.StudentExamResource  : getTestRunForConduction done in 28ms for 3 exercises for user studexaminstructor1
    23:43:35.020 | 370 ool-1-worker-134 | DEBUG | d.t.c.a.a.c.s.f.ApiVersionFilter     : Adding Version to Request PUT /api/exercises/1508/submissions/exam
    23:43:35.026 | 370 ool-1-worker-134 | DEBUG | d.t.c.a.a.q.w.QuizSubmissionResource : REST request to submit QuizSubmission for exam : QuizSubmission{id=777, scoreInPoints='null'}
    23:43:35.061 | 370 ool-1-worker-134 | DEBUG | .a.q.s.AbstractQuizSubmissionService : submit exam quiz finished: QuizSubmission{id=777, scoreInPoints='null'}
    23:43:35.061 | 370 ool-1-worker-134 | INFO  | d.t.c.a.a.q.w.QuizSubmissionResource : submitQuizForExam took 35ms for exercise 1508 and user studexaminstructor1
    23:43:35.086 | 370 ool-1-worker-134 | DEBUG | d.t.c.a.a.c.s.f.ApiVersionFilter     : Adding Version to Request POST /api/courses/452/exams/888/student-exams/submit
    23:43:35.092 | 370 ool-1-worker-134 | DEBUG | d.t.c.a.a.e.web.StudentExamResource  : REST request to mark the studentExam as submitted : 426
    23:43:35.098 | 370 ool-1-worker-134 | DEBUG | d.t.c.a.a.e.web.StudentExamResource  : Completed input validation for submitStudentExam in 5.79ms
    23:43:35.098 | 370 ool-1-worker-134 | DEBUG | d.t.c.a.a.e.s.StudentExamService     : Submit student exam with id 426
    23:43:35.100 | 370 ool-1-worker-134 | DEBUG | d.t.c.a.a.e.s.StudentExamService     :     Set student exam to submitted in 1.54ms
    23:43:35.109 | 370 ool-1-worker-134 | DEBUG | d.t.c.a.a.e.s.StudentExamService     :     Potentially save submissions in 9.06ms
    23:43:35.109 | 370 ool-1-worker-134 | DEBUG | d.t.c.a.a.e.s.StudentExamService     :     Lock student repositories in 1µs
    23:43:35.121 | 370 ool-1-worker-134 | DEBUG | .c.s.m.InstanceMessageReceiveService : Received schedule participant score for exercise 1508 and participant 674 (result to be deleted: null)
    23:43:35.125 | 370 ool-1-worker-134 | DEBUG | .a.s.ParticipantScoreScheduleService : Scheduled task for exercise 1508 and participant 674 at 2025-02-14T23:43:35.221819674Z[Etc/UTC].
    23:43:35.136 | 370 ool-1-worker-134 | DEBUG | .c.s.m.InstanceMessageReceiveService : Received schedule participant score for exercise 1508 and participant 674 (result to be deleted: null)
    23:43:35.139 | 370 ool-1-worker-134 | DEBUG | .a.s.ParticipantScoreScheduleService : Scheduled task for exercise 1508 and participant 674 at 2025-02-14T23:43:35.239205800Z[Etc/UTC].
    23:43:35.141 | 370 ool-1-worker-134 | INFO  | d.t.c.a.a.e.web.StudentExamResource  : Completed submitStudentExam with 3 exercises for user studexaminstructor1 in a total time of 48.35ms
    23:43:35.144 | 370 ool-1-worker-134 | DEBUG | d.t.c.a.a.c.s.f.ApiVersionFilter     : Adding Version to Request GET /api/courses/452/exams/888/student-exams/426/summary
    23:43:35.151 | 370 ool-1-worker-134 | DEBUG | d.t.c.a.a.e.web.StudentExamResource  : REST request to get the student exam of user studexaminstructor1 for exam 888
    23:43:35.164 | 370 ool-1-worker-134 | INFO  | d.t.c.a.a.e.web.StudentExamResource  : getStudentExamForSummary done in 18ms for 3 exercises for user studexaminstructor1
    23:43:35.239 | 328 taskScheduler-3  | DEBUG | .a.s.ParticipantScoreScheduleService : Processing exercise 1508 and participant 674 to update participant scores.
    23:43:35.245 | 328 taskScheduler-3  | DEBUG | .a.s.ParticipantScoreScheduleService : Updating the participant score for exercise 1508 and participant 674 took 6 ms.

  Starting logs for StudentExamIntegrationTest > testGetStudentExamsForCoursePerUser_NoCourseAccess()
    23:43:35.322 | 370 ool-1-worker-134 | DEBUG | d.t.c.a.a.c.u.util.UserUtilService   : Generate 2 students...
    23:43:35.330 | 370 ool-1-worker-134 | DEBUG | d.t.c.a.a.c.u.util.UserUtilService   : 2 students generated. Generate 1 tutors...
    23:43:35.335 | 370 ool-1-worker-134 | DEBUG | d.t.c.a.a.c.u.util.UserUtilService   : 1 tutors generated. Generate 0 editors...
    23:43:35.337 | 370 ool-1-worker-134 | DEBUG | d.t.c.a.a.c.u.util.UserUtilService   : 0 editors generated. Generate 2 instructors...
    23:43:35.347 | 370 ool-1-worker-134 | DEBUG | d.t.c.a.a.c.u.util.UserUtilService   : 2 instructors generated
    23:43:35.349 | 370 ool-1-worker-134 | DEBUG | d.t.c.a.a.c.u.util.UserUtilService   : Removing 5 users from all courses...
    23:43:35.350 | 370 ool-1-worker-134 | DEBUG | d.t.c.a.a.c.u.util.UserUtilService   : Removing 5 users from all courses. Done
    23:43:35.350 | 370 ool-1-worker-134 | DEBUG | d.t.c.a.a.c.u.util.UserUtilService   : Save 5 users to database...
    23:43:35.367 | 060 pool-4-thread-3  | INFO  | d.t.c.a.a.p.s.gitlab.GitLabService   : Unprotecting branch main for Gitlab repository SHORT817B5BE60D1E0041740BC3C0577CF9F66DAFT77C/short817b5be60d1e0041740bc3c0577cf9f66daft77c-studexamstudent2
    23:43:35.376 | 060 pool-4-thread-3  | INFO  | d.t.c.a.a.p.s.gitlab.GitLabService   : Unprotecting branch main for Gitlab repository SHORT817B5BE60D1E0041740BC3C0577CF9F66DAFT77C/short817b5be60d1e0041740bc3c0577cf9f66daft77c-studexamstudent1
    23:43:35.384 | 370 ool-1-worker-134 | DEBUG | d.t.c.a.a.c.u.util.UserUtilService   : Save 5 users to database. Done
    23:43:35.538 | 370 ool-1-worker-134 | INFO  | i.z.t.d.l.EmbeddedDatabaseReporter   : JDBC URL to connect to 'dataSource': url='jdbc:h2:tcp://localhost:41063/mem:736625c0-cf5e-400d-aeaa-8a7eabd6262b;USER=sa', scope='StudentExamIntegrationTest#testGetStudentExamsForCoursePerUser_NoCourseAccess'
    23:43:35.541 | 370 ool-1-worker-134 | DEBUG | d.t.c.a.a.c.s.f.ApiVersionFilter     : Adding Version to Request GET /api/courses/455/test-exams-per-user
    23:43:35.544 | 370 ool-1-worker-134 | WARN  | o.z.p.spring.common.AdviceTraits     : Forbidden: You are not allowed to access exams in this course!

  Starting logs for StudentExamIntegrationTest > testDeleteTestRun()
    23:43:35.581 | 370 ool-1-worker-134 | DEBUG | d.t.c.a.a.c.u.util.UserUtilService   : Generate 2 students...
    23:43:35.585 | 370 ool-1-worker-134 | DEBUG | d.t.c.a.a.c.u.util.UserUtilService   : 2 students generated. Generate 1 tutors...
    23:43:35.587 | 370 ool-1-worker-134 | DEBUG | d.t.c.a.a.c.u.util.UserUtilService   : 1 tutors generated. Generate 0 editors...
    23:43:35.589 | 370 ool-1-worker-134 | DEBUG | d.t.c.a.a.c.u.util.UserUtilService   : 0 editors generated. Generate 2 instructors...
    23:43:35.593 | 370 ool-1-worker-134 | DEBUG | d.t.c.a.a.c.u.util.UserUtilService   : 2 instructors generated
    23:43:35.594 | 370 ool-1-worker-134 | DEBUG | d.t.c.a.a.c.u.util.UserUtilService   : Removing 5 users from all courses...
    23:43:35.595 | 370 ool-1-worker-134 | DEBUG | d.t.c.a.a.c.u.util.UserUtilService   : Removing 5 users from all courses. Done
    23:43:35.595 | 370 ool-1-worker-134 | DEBUG | d.t.c.a.a.c.u.util.UserUtilService   : Save 5 users to database...
    23:43:35.616 | 370 ool-1-worker-134 | DEBUG | d.t.c.a.a.c.u.util.UserUtilService   : Save 5 users to database. Done
    23:43:35.682 | 922 pool-5-thread-2  | INFO  | d.t.c.a.a.c.s.UserScheduleService    : Removing user User{login='abd123cd', firstName='abd123cdFirst', lastName='abd123cdLast', email='abd123cd@test.de', imageUrl='null', activated='false', langKey='en', activationKey='ofDaJigbD4fFdEusY4tU'} because it hasn't been activated within the hour.
    23:43:35.683 | 922 pool-5-thread-2  | WARN  | .a.p.s.g.GitLabUserManagementService : Cannot delete user ''abd123cd'' in GitLab. User does not exist!
    23:43:35.792 | 924 pool-5-thread-4  | INFO  | d.t.c.a.a.c.s.UserScheduleService    : Removing user User{login='ab123cd', firstName='New Firstname', lastName='ab123cdLast', email='ab123cd@test.de', imageUrl='null', activated='false', langKey='en', activationKey='W04oid8LmKpZ4z8lqKO2'} because it hasn't been activated within the hour.
    23:43:35.794 | 924 pool-5-thread-4  | WARN  | .a.p.s.g.GitLabUserManagementService : Cannot delete user ''ab123cd'' in GitLab. User does not exist!
    23:43:35.852 | 370 ool-1-worker-134 | INFO  | i.z.t.d.l.EmbeddedDatabaseReporter   : JDBC URL to connect to 'dataSource': url='jdbc:h2:tcp://localhost:41063/mem:736625c0-cf5e-400d-aeaa-8a7eabd6262b;USER=sa', scope='StudentExamIntegrationTest#testDeleteTestRun'
    23:43:35.898 | 370 ool-1-worker-134 | DEBUG | d.t.c.a.a.c.s.f.ApiVersionFilter     : Adding Version to Request DELETE /api/courses/458/exams/899/test-run/438
    23:43:35.898 | 370 ool-1-worker-134 | INFO  | d.t.c.a.a.e.web.StudentExamResource  : REST request to delete the test run with id 438
    23:43:35.904 | 370 ool-1-worker-134 | INFO  | d.t.c.a.a.e.s.ParticipationService   : Request to delete Participation : StudentParticipation{id=1136, presentationScore=null, student=User{login='studexaminstructor1', firstName='studexaminstructor1First', lastName='studexaminstructor1Last', email='studexaminstructor1@test.de', imageUrl='null', activated='true', langKey='en', activationKey='null'}}
    23:43:35.904 | 370 ool-1-worker-134 | DEBUG | d.t.c.a.a.e.s.ParticipationService   : Request to delete all results and submissions of participation with id : 1136
    23:43:35.908 | 370 ool-1-worker-134 | INFO  | d.t.c.a.a.e.s.ParticipationService   : Request to delete Participation : StudentParticipation{id=1137, presentationScore=null, student=User{login='studexaminstructor1', firstName='studexaminstructor1First', lastName='studexaminstructor1Last', email='studexaminstructor1@test.de', imageUrl='null', activated='true', langKey='en', activationKey='null'}}
    23:43:35.908 | 370 ool-1-worker-134 | DEBUG | d.t.c.a.a.e.s.ParticipationService   : Request to delete all results and submissions of participation with id : 1137
    23:43:35.912 | 370 ool-1-worker-134 | INFO  | d.t.c.a.a.e.s.ExamDeletionService    : Request to delete Test Run 438

  Starting logs for StudentExamIntegrationTest > testStartExercises_testExam()
    23:43:35.952 | 370 ool-1-worker-134 | DEBUG | d.t.c.a.a.c.u.util.UserUtilService   : Generate 2 students...
    23:43:35.956 | 370 ool-1-worker-134 | DEBUG | d.t.c.a.a.c.u.util.UserUtilService   : 2 students generated. Generate 1 tutors...
    23:43:35.959 | 370 ool-1-worker-134 | DEBUG | d.t.c.a.a.c.u.util.UserUtilService   : 1 tutors generated. Generate 0 editors...
    23:43:35.960 | 370 ool-1-worker-134 | DEBUG | d.t.c.a.a.c.u.util.UserUtilService   : 0 editors generated. Generate 2 instructors...
    23:43:35.964 | 370 ool-1-worker-134 | DEBUG | d.t.c.a.a.c.u.util.UserUtilService   : 2 instructors generated
    23:43:35.965 | 370 ool-1-worker-134 | DEBUG | d.t.c.a.a.c.u.util.UserUtilService   : Removing 5 users from all courses...
    23:43:35.966 | 370 ool-1-worker-134 | DEBUG | d.t.c.a.a.c.u.util.UserUtilService   : Removing 5 users from all courses. Done
    23:43:35.966 | 370 ool-1-worker-134 | DEBUG | d.t.c.a.a.c.u.util.UserUtilService   : Save 5 users to database...
    23:43:35.996 | 370 ool-1-worker-134 | DEBUG | d.t.c.a.a.c.u.util.UserUtilService   : Save 5 users to database. Done
    23:43:36.011 | 852 pool-5-thread-1  | INFO  | d.t.c.a.a.c.s.UserScheduleService    : Removing user User{login='ab123cdg', firstName='ab123cdgFirst', lastName='ab123cdgLast', email='ab123cdg@test.de', imageUrl='null', activated='false', langKey='en', activationKey='8gGztWo5Dlimw5o3BPGh'} because it hasn't been activated within the hour.
    23:43:36.011 | 852 pool-5-thread-1  | WARN  | .a.p.s.g.GitLabUserManagementService : Cannot delete user ''ab123cdg'' in GitLab. User does not exist!
    23:43:36.030 | 060 pool-4-thread-3  | INFO  | d.t.c.a.a.p.s.gitlab.GitLabService   : Unprotecting branch main for Gitlab repository SHORT3AA7656B00F36041890A23F0B5F691CFBE3FT5F3/short3aa7656b00f36041890a23f0b5f691cfbe3ft5f3-studexamstudent1
    23:43:36.153 | 370 ool-1-worker-134 | INFO  | i.z.t.d.l.EmbeddedDatabaseReporter   : JDBC URL to connect to 'dataSource': url='jdbc:h2:tcp://localhost:41063/mem:736625c0-cf5e-400d-aeaa-8a7eabd6262b;USER=sa', scope='StudentExamIntegrationTest#testStartExercises_testExam'
    23:43:36.155 | 370 ool-1-worker-134 | DEBUG | d.t.c.a.a.c.s.f.ApiVersionFilter     : Adding Version to Request POST /api/courses/461/exams/902/student-exams/start-exercises
    23:43:36.160 | 370 ool-1-worker-134 | ERROR | tech.jhipster.web.util.HeaderUtil    : Entity processing failed, Start exercises is only allowed for real exams
    23:43:36.160 | 370 ool-1-worker-134 | WARN  | o.z.p.spring.common.AdviceTraits     : Bad Request: Start exercises is only allowed for real exams

  Starting logs for StudentExamIntegrationTest > testGradedFinalExamSummaryWithBonusExamAndPlagiarismAsStudent()
    23:43:36.194 | 370 ool-1-worker-134 | DEBUG | d.t.c.a.a.c.u.util.UserUtilService   : Generate 2 students...
    23:43:36.197 | 370 ool-1-worker-134 | DEBUG | d.t.c.a.a.c.u.util.UserUtilService   : 2 students generated. Generate 1 tutors...
    23:43:36.203 | 370 ool-1-worker-134 | DEBUG | d.t.c.a.a.c.u.util.UserUtilService   : 1 tutors generated. Generate 0 editors...
    23:43:36.204 | 370 ool-1-worker-134 | DEBUG | d.t.c.a.a.c.u.util.UserUtilService   : 0 editors generated. Generate 2 instructors...
    23:43:36.213 | 370 ool-1-worker-134 | DEBUG | d.t.c.a.a.c.u.util.UserUtilService   : 2 instructors generated
    23:43:36.215 | 370 ool-1-worker-134 | DEBUG | d.t.c.a.a.c.u.util.UserUtilService   : Removing 5 users from all courses...
    23:43:36.216 | 370 ool-1-worker-134 | DEBUG | d.t.c.a.a.c.u.util.UserUtilService   : Removing 5 users from all courses. Done
    23:43:36.216 | 370 ool-1-worker-134 | DEBUG | d.t.c.a.a.c.u.util.UserUtilService   : Save 5 users to database...
    23:43:36.255 | 370 ool-1-worker-134 | DEBUG | d.t.c.a.a.c.u.util.UserUtilService   : Save 5 users to database. Done
    23:43:36.310 | 060 pool-4-thread-3  | INFO  | d.t.c.a.a.p.s.gitlab.GitLabService   : Protecting branch main for Gitlab repository SHORT02C9CD880256D0439F0A29F0734634575CA5T18C/short02c9cd880256d0439f0a29f0734634575ca5t18c-studexamstudent1
    23:43:36.400 | 370 ool-1-worker-134 | INFO  | i.z.t.d.l.EmbeddedDatabaseReporter   : JDBC URL to connect to 'dataSource': url='jdbc:h2:tcp://localhost:41063/mem:736625c0-cf5e-400d-aeaa-8a7eabd6262b;USER=sa', scope='StudentExamIntegrationTest#testGradedFinalExamSummaryWithBonusExamAndPlagiarismAsStudent'
    23:43:36.445 | 370 ool-1-worker-134 | DEBUG | d.t.c.a.a.c.s.f.ApiVersionFilter     : Adding Version to Request POST /api/courses/467/exams/910/generate-student-exams
    23:43:36.446 | 370 ool-1-worker-134 | INFO  | d.t.c.a.a.exam.web.ExamResource      : REST request to generate student exams for exam 910
    23:43:36.457 | 370 ool-1-worker-134 | INFO  | d.t.c.a.a.e.s.ExamDeletionService    : User studexaminstructor1 has requested to delete existing student exams and participations for exam Real exam 1
    23:43:36.459 | 370 ool-1-worker-134 | INFO  | d.t.c.a.a.e.s.ParticipationService   : Request to delete all 0 participations of exercise with id : 1553
    23:43:36.461 | 370 ool-1-worker-134 | INFO  | d.t.c.a.a.e.s.ParticipationService   : Request to delete all 0 participations of exercise with id : 1554
    23:43:36.465 | 370 ool-1-worker-134 | INFO  | d.t.c.a.a.e.s.ParticipationService   : Request to delete all 0 participations of exercise with id : 1555
    23:43:36.466 | 370 ool-1-worker-134 | INFO  | d.t.c.a.a.e.s.ParticipationService   : Request to delete all 0 participations of exercise with id : 1556
    23:43:36.467 | 370 ool-1-worker-134 | INFO  | d.t.c.a.a.e.s.ParticipationService   : Request to delete all 0 participations of exercise with id : 1557
    23:43:36.472 | 370 ool-1-worker-134 | INFO  | d.t.c.a.a.e.s.ParticipationService   : Request to delete all 0 participations of exercise with id : 1558
    23:43:36.473 | 370 ool-1-worker-134 | INFO  | d.t.c.a.a.e.s.ParticipationService   : Request to delete all 0 participations of exercise with id : 1559
    23:43:36.477 | 370 ool-1-worker-134 | INFO  | d.t.c.a.a.e.s.ParticipationService   : Request to delete all 0 participations of exercise with id : 1560
    23:43:36.478 | 370 ool-1-worker-134 | INFO  | d.t.c.a.a.e.s.ParticipationService   : Request to delete all 0 participations of exercise with id : 1561
    23:43:36.482 | 370 ool-1-worker-134 | INFO  | d.t.c.a.a.e.s.ParticipationService   : Request to delete all 0 participations of exercise with id : 1562
    23:43:36.483 | 370 ool-1-worker-134 | INFO  | d.t.c.a.a.e.s.ParticipationService   : Request to delete all 0 participations of exercise with id : 1563
    23:43:36.491 | 370 ool-1-worker-134 | INFO  | d.t.c.a.a.exam.web.ExamResource      : Generated 1 student exams in 45.01ms for exam 910
    23:43:36.533 | 370 ool-1-worker-134 | DEBUG | d.t.c.a.a.c.s.f.ApiVersionFilter     : Adding Version to Request POST /api/courses/467/exams/910/student-exams/start-exercises
    23:43:36.550 | 370 ool-1-worker-134 | DEBUG | d.t.c.a.a.exam.service.ExamService   : Finished combination of template commits for programming exercise ProgrammingExercise{id=1563, templateRepositoryUri='https://version-control.fake.fake/git/SHORT9263EBE003CCE04CBB0935A0D07BC643C8A1T7A2/short9263ebe003cce04cbb0935a0d07bc643c8a1t7a2-exercise.git', solutionRepositoryUri='https://version-control.fake.fake/git/SHORT9263EBE003CCE04CBB0935A0D07BC643C8A1T7A2/short9263ebe003cce04cbb0935a0d07bc643c8a1t7a2-solution.git', templateBuildPlanId='SHORT9263EBE003CCE04CBB0935A0D07BC643C8A1T7A2-BASE', solutionBuildPlanId='SHORT9263EBE003CCE04CBB0935A0D07BC643C8A1T7A2-SOLUTION', allowOnlineEditor='null', allowOnlineIde='false', programmingLanguage='JAVA', packageName='de.test'', testCasesChanged='false'}
    23:43:36.550 | 370 ool-1-worker-134 | INFO  | d.t.c.a.a.e.web.StudentExamResource  : REST request to start exercises for student exams of exam 910
    23:43:36.573 | 704 ol-4591-thread-1 | INFO  | d.t.c.a.a.e.s.StudentExamService     : SUCCESS: Start exercise for student exam 449 and exercise 1554 and student studexamstudent1
    23:43:36.600 | 704 ol-4591-thread-1 | INFO  | d.t.c.a.a.e.s.StudentExamService     : SUCCESS: Start exercise for student exam 449 and exercise 1555 and student studexamstudent1
    23:43:36.610 | 704 ol-4591-thread-1 | INFO  | d.t.c.a.a.e.s.StudentExamService     : SUCCESS: Start exercise for student exam 449 and exercise 1557 and student studexamstudent1
    23:43:36.616 | 704 ol-4591-thread-1 | INFO  | d.t.c.a.a.e.s.StudentExamService     : SUCCESS: Start exercise for student exam 449 and exercise 1560 and student studexamstudent1
    23:43:36.623 | 704 ol-4591-thread-1 | INFO  | d.t.c.a.a.e.s.StudentExamService     : SUCCESS: Start exercise for student exam 449 and exercise 1561 and student studexamstudent1
    23:43:36.629 | 704 ol-4591-thread-1 | INFO  | d.t.c.a.a.e.s.StudentExamService     : SUCCESS: Start exercise for student exam 449 and exercise 1562 and student studexamstudent1
    23:43:36.636 | 704 ol-4591-thread-1 | DEBUG | d.t.c.a.a.p.service.GitService       : Cloning from file:/tmp/exerciseOriginRepo10360527647396854086/ to repos/server-integration-test/studentOriginRepo7891682387120013542
    23:43:36.656 | 704 ol-4591-thread-1 | ERROR | .a.a.p.s.j.b.JenkinsBuildPlanService : Pipeline Script not found
java.lang.IllegalArgumentException: Pipeline Script not found
	at de.tum.cit.aet.artemis.programming.service.jenkins.build_plan.JenkinsBuildPlanUtils.replaceScriptParameters(JenkinsBuildPlanUtils.java:22)
	at de.tum.cit.aet.artemis.programming.service.jenkins.build_plan.JenkinsBuildPlanService.updateBuildPlanURLs(JenkinsBuildPlanService.java:245)
	at de.tum.cit.aet.artemis.programming.service.jenkins.build_plan.JenkinsBuildPlanService.copyBuildPlan(JenkinsBuildPlanService.java:293)
	at de.tum.cit.aet.artemis.programming.service.jenkins.JenkinsService.copyBuildPlan(JenkinsService.java:128)
	at java.base/java.lang.invoke.MethodHandle.invokeWithArguments(MethodHandle.java:733)
	at org.mockito.internal.util.reflection.InstrumentationMemberAccessor$Dispatcher$ByteBuddy$oog9jsgw.invokeWithArguments(Unknown Source)
	at org.mockito.internal.util.reflection.InstrumentationMemberAccessor.invoke(InstrumentationMemberAccessor.java:251)
	at org.mockito.internal.util.reflection.ModuleMemberAccessor.invoke(ModuleMemberAccessor.java:55)
	at org.mockito.internal.creation.bytebuddy.MockMethodAdvice.tryInvoke(MockMethodAdvice.java:314)
	at org.mockito.internal.creation.bytebuddy.MockMethodAdvice$RealMethodCall.invoke(MockMethodAdvice.java:234)
	at org.mockito.internal.invocation.InterceptedInvocation.callRealMethod(InterceptedInvocation.java:142)
	at org.mockito.internal.stubbing.answers.CallsRealMethods.answer(CallsRealMethods.java:45)
	at org.mockito.Answers.answer(Answers.java:90)
	at org.mockito.internal.handler.MockHandlerImpl.handle(MockHandlerImpl.java:111)
	at org.mockito.internal.handler.NullResultGuardian.handle(NullResultGuardian.java:29)
	at org.mockito.internal.handler.InvocationNotifierHandler.handle(InvocationNotifierHandler.java:34)
	at org.mockito.internal.creation.bytebuddy.MockMethodInterceptor.doIntercept(MockMethodInterceptor.java:82)
	at org.mockito.internal.creation.bytebuddy.MockMethodAdvice.handle(MockMethodAdvice.java:134)
	at de.tum.cit.aet.artemis.programming.service.jenkins.JenkinsService.copyBuildPlan(JenkinsService.java:126)
	at de.tum.cit.aet.artemis.exercise.service.ParticipationService.copyBuildPlan(ParticipationService.java:518)
	at de.tum.cit.aet.artemis.exercise.service.ParticipationService.startProgrammingParticipation(ParticipationService.java:296)
	at de.tum.cit.aet.artemis.exercise.service.ParticipationService.startProgrammingExercise(ParticipationService.java:265)
	at de.tum.cit.aet.artemis.exercise.service.ParticipationService.startExerciseWithInitializationDate(ParticipationService.java:192)
	at de.tum.cit.aet.artemis.exercise.service.ParticipationService.startExercise(ParticipationService.java:151)
	at de.tum.cit.aet.artemis.exam.service.StudentExamService.setUpExerciseParticipationsAndSubmissionsWithInitializationDate(StudentExamService.java:686)
	at de.tum.cit.aet.artemis.exam.service.StudentExamService.setUpExerciseParticipationsAndSubmissions(StudentExamService.java:800)
	at de.tum.cit.aet.artemis.exam.service.StudentExamService.lambda$startExercises$15(StudentExamService.java:735)
	at java.base/java.util.concurrent.CompletableFuture$AsyncRun.run(CompletableFuture.java:1804)
	at java.base/java.util.concurrent.ThreadPoolExecutor.runWorker(ThreadPoolExecutor.java:1144)
	at java.base/java.util.concurrent.ThreadPoolExecutor$Worker.run(ThreadPoolExecutor.java:642)
	at java.base/java.lang.Thread.run(Thread.java:1583)
    23:43:36.663 | 704 ol-4591-thread-1 | ERROR | .a.a.p.s.j.b.JenkinsBuildPlanService : Pipeline Script not found
java.lang.IllegalArgumentException: Pipeline Script not found
	at de.tum.cit.aet.artemis.programming.service.jenkins.build_plan.JenkinsBuildPlanUtils.replaceScriptParameters(JenkinsBuildPlanUtils.java:29)
	at de.tum.cit.aet.artemis.programming.service.jenkins.build_plan.JenkinsBuildPlanService.updateBuildPlanRepositories(JenkinsBuildPlanService.java:219)
	at de.tum.cit.aet.artemis.programming.service.jenkins.build_plan.JenkinsBuildPlanService.configureBuildPlanForParticipation(JenkinsBuildPlanService.java:196)
	at de.tum.cit.aet.artemis.programming.service.jenkins.JenkinsService.configureBuildPlan(JenkinsService.java:138)
	at java.base/java.lang.invoke.MethodHandle.invokeWithArguments(MethodHandle.java:733)
	at org.mockito.internal.util.reflection.InstrumentationMemberAccessor$Dispatcher$ByteBuddy$oog9jsgw.invokeWithArguments(Unknown Source)
	at org.mockito.internal.util.reflection.InstrumentationMemberAccessor.invoke(InstrumentationMemberAccessor.java:251)
	at org.mockito.internal.util.reflection.ModuleMemberAccessor.invoke(ModuleMemberAccessor.java:55)
	at org.mockito.internal.creation.bytebuddy.MockMethodAdvice.tryInvoke(MockMethodAdvice.java:314)
	at org.mockito.internal.creation.bytebuddy.MockMethodAdvice$RealMethodCall.invoke(MockMethodAdvice.java:234)
	at org.mockito.internal.invocation.InterceptedInvocation.callRealMethod(InterceptedInvocation.java:142)
	at org.mockito.internal.stubbing.answers.CallsRealMethods.answer(CallsRealMethods.java:45)
	at org.mockito.Answers.answer(Answers.java:90)
	at org.mockito.internal.handler.MockHandlerImpl.handle(MockHandlerImpl.java:111)
	at org.mockito.internal.handler.NullResultGuardian.handle(NullResultGuardian.java:29)
	at org.mockito.internal.handler.InvocationNotifierHandler.handle(InvocationNotifierHandler.java:34)
	at org.mockito.internal.creation.bytebuddy.MockMethodInterceptor.doIntercept(MockMethodInterceptor.java:82)
	at org.mockito.internal.creation.bytebuddy.MockMethodAdvice.handle(MockMethodAdvice.java:134)
	at de.tum.cit.aet.artemis.programming.service.jenkins.JenkinsService.configureBuildPlan(JenkinsService.java:138)
	at de.tum.cit.aet.artemis.exercise.service.ParticipationService.configureBuildPlan(ParticipationService.java:532)
	at de.tum.cit.aet.artemis.exercise.service.ParticipationService.startProgrammingParticipation(ParticipationService.java:298)
	at de.tum.cit.aet.artemis.exercise.service.ParticipationService.startProgrammingExercise(ParticipationService.java:265)
	at de.tum.cit.aet.artemis.exercise.service.ParticipationService.startExerciseWithInitializationDate(ParticipationService.java:192)
	at de.tum.cit.aet.artemis.exercise.service.ParticipationService.startExercise(ParticipationService.java:151)
	at de.tum.cit.aet.artemis.exam.service.StudentExamService.setUpExerciseParticipationsAndSubmissionsWithInitializationDate(StudentExamService.java:686)
	at de.tum.cit.aet.artemis.exam.service.StudentExamService.setUpExerciseParticipationsAndSubmissions(StudentExamService.java:800)
	at de.tum.cit.aet.artemis.exam.service.StudentExamService.lambda$startExercises$15(StudentExamService.java:735)
	at java.base/java.util.concurrent.CompletableFuture$AsyncRun.run(CompletableFuture.java:1804)
	at java.base/java.util.concurrent.ThreadPoolExecutor.runWorker(ThreadPoolExecutor.java:1144)
	at java.base/java.util.concurrent.ThreadPoolExecutor$Worker.run(ThreadPoolExecutor.java:642)
	at java.base/java.lang.Thread.run(Thread.java:1583)
    23:43:36.670 | 704 ol-4591-thread-1 | INFO  | d.t.c.a.a.e.s.StudentExamService     : SUCCESS: Start exercise for student exam 449 and exercise 1563 and student studexamstudent1
    23:43:36.674 | 370 ool-1-worker-134 | INFO  | d.t.c.a.a.e.web.StudentExamResource  : Generated 7 participations in 137.35ms for student exams of exam 910
    23:43:36.676 | 370 ool-1-worker-134 | DEBUG | d.t.c.a.a.c.s.f.ApiVersionFilter     : Adding Version to Request GET /api/courses/467/exams/910/student-exams/start-exercises/status
    23:43:36.688 | 370 ool-1-worker-134 | DEBUG | d.t.c.a.a.c.s.f.ApiVersionFilter     : Adding Version to Request GET /api/courses/467/exams/910/student-exams/449/conduction
    23:43:36.691 | 370 ool-1-worker-134 | DEBUG | d.t.c.a.a.e.web.StudentExamResource  : REST request to get the student exam of user studexamstudent1 for exam 910
    23:43:36.710 | 370 ool-1-worker-134 | DEBUG | d.t.c.a.a.e.s.ExamSessionService     : Exam session started
    23:43:36.710 | 370 ool-1-worker-134 | INFO  | d.t.c.a.a.e.web.StudentExamResource  : getStudentExamForConduction done in 21ms for 7 exercises for user studexamstudent1
    23:43:36.722 | 370 ool-1-worker-134 | DEBUG | d.t.c.a.a.c.s.f.ApiVersionFilter     : Adding Version to Request PUT /api/exercises/1554/text-submissions
    23:43:36.723 | 370 ool-1-worker-134 | DEBUG | d.t.c.a.a.t.w.TextSubmissionResource : REST request to update text submission: TextSubmission{id=780, text='New Text', language='null'}
    23:43:36.735 | 370 ool-1-worker-134 | INFO  | d.t.c.a.a.t.w.TextSubmissionResource : handleTextSubmission took 12ms for exercise 1554 and user studexamstudent1
    23:43:36.738 | 370 ool-1-worker-134 | DEBUG | d.t.c.a.a.c.s.f.ApiVersionFilter     : Adding Version to Request PUT /api/exercises/1555/submissions/exam
    23:43:36.741 | 370 ool-1-worker-134 | DEBUG | d.t.c.a.a.q.w.QuizSubmissionResource : REST request to submit QuizSubmission for exam : QuizSubmission{id=781, scoreInPoints='null'}
    23:43:36.753 | 370 ool-1-worker-134 | DEBUG | .a.q.s.AbstractQuizSubmissionService : submit exam quiz finished: QuizSubmission{id=781, scoreInPoints='null'}
    23:43:36.753 | 370 ool-1-worker-134 | INFO  | d.t.c.a.a.q.w.QuizSubmissionResource : submitQuizForExam took 12ms for exercise 1555 and user studexamstudent1
    23:43:36.762 | 370 ool-1-worker-134 | DEBUG | d.t.c.a.a.c.s.f.ApiVersionFilter     : Adding Version to Request PUT /api/exercises/1560/modeling-submissions
    23:43:36.774 | 370 ool-1-worker-134 | INFO  | c.a.a.m.w.ModelingSubmissionResource : save took 12ms for exercise 1560 and user studexamstudent1
    23:43:36.777 | 370 ool-1-worker-134 | DEBUG | d.t.c.a.a.c.s.f.ApiVersionFilter     : Adding Version to Request PUT /api/exercises/1561/text-submissions
    23:43:36.778 | 370 ool-1-worker-134 | DEBUG | d.t.c.a.a.t.w.TextSubmissionResource : REST request to update text submission: TextSubmission{id=784, text='New Text', language='null'}
    23:43:36.789 | 370 ool-1-worker-134 | INFO  | d.t.c.a.a.t.w.TextSubmissionResource : handleTextSubmission took 11ms for exercise 1561 and user studexamstudent1
    23:43:36.791 | 370 ool-1-worker-134 | DEBUG | d.t.c.a.a.c.s.f.ApiVersionFilter     : Adding Version to Request PUT /api/exercises/1562/text-submissions
    23:43:36.792 | 370 ool-1-worker-134 | DEBUG | d.t.c.a.a.t.w.TextSubmissionResource : REST request to update text submission: TextSubmission{id=785, text='New Text', language='null'}
    23:43:36.830 | 370 ool-1-worker-134 | INFO  | d.t.c.a.a.t.w.TextSubmissionResource : handleTextSubmission took 38ms for exercise 1562 and user studexamstudent1
    23:43:36.839 | 370 ool-1-worker-134 | DEBUG | d.t.c.a.a.c.s.f.ApiVersionFilter     : Adding Version to Request POST /api/programming-submissions/1151/trigger-build
    23:43:36.860 | 370 ool-1-worker-134 | DEBUG | d.t.c.a.a.c.s.f.ApiVersionFilter     : Adding Version to Request POST /api/courses/467/exams/910/student-exams/submit
    23:43:36.865 | 370 ool-1-worker-134 | DEBUG | d.t.c.a.a.e.web.StudentExamResource  : REST request to mark the studentExam as submitted : 449
    23:43:36.871 | 370 ool-1-worker-134 | DEBUG | d.t.c.a.a.e.web.StudentExamResource  : Completed input validation for submitStudentExam in 5.82ms
    23:43:36.871 | 370 ool-1-worker-134 | DEBUG | d.t.c.a.a.e.s.StudentExamService     : Submit student exam with id 449
    23:43:36.874 | 370 ool-1-worker-134 | DEBUG | d.t.c.a.a.e.s.StudentExamService     :     Set student exam to submitted in 3.05ms
    23:43:36.877 | 370 ool-1-worker-134 | DEBUG | d.t.c.a.a.e.s.StudentExamService     :     Potentially save submissions in 3.05ms
    23:43:36.877 | 370 ool-1-worker-134 | DEBUG | d.t.c.a.a.e.s.StudentExamService     :     Lock student repositories in 25µs
    23:43:36.877 | 370 ool-1-worker-134 | INFO  | d.t.c.a.a.e.web.StudentExamResource  : Completed submitStudentExam with 7 exercises for user studexamstudent1 in a total time of 12.12ms
    23:43:36.882 | 370 ool-1-worker-134 | DEBUG | d.t.c.a.a.c.s.f.ApiVersionFilter     : Adding Version to Request GET /api/courses/467/exams/910/student-exams/449/summary
    23:43:36.883 | 370 ool-1-worker-134 | DEBUG | d.t.c.a.a.e.web.StudentExamResource  : REST request to get the student exam of user studexamstudent1 for exam 910
    23:43:36.900 | 370 ool-1-worker-134 | INFO  | d.t.c.a.a.e.web.StudentExamResource  : getStudentExamForSummary done in 18ms for 7 exercises for user studexamstudent1
    23:43:36.913 | 370 ool-1-worker-134 | DEBUG | .c.s.m.InstanceMessageReceiveService : Received schedule participant score for exercise 1554 and participant 671 (result to be deleted: null)
    23:43:36.913 | 370 ool-1-worker-134 | DEBUG | .a.s.ParticipantScoreScheduleService : Scheduled task for exercise 1554 and participant 671 at 2025-02-14T23:43:37.013136060Z[Etc/UTC].
    23:43:36.925 | 370 ool-1-worker-134 | DEBUG | .c.s.m.InstanceMessageReceiveService : Received schedule participant score for exercise 1554 and participant 671 (result to be deleted: null)
    23:43:36.925 | 370 ool-1-worker-134 | DEBUG | .a.s.ParticipantScoreScheduleService : Scheduled task for exercise 1554 and participant 671 at 2025-02-14T23:43:37.025363804Z[Etc/UTC].
    23:43:36.926 | 370 ool-1-worker-134 | DEBUG | .c.s.m.InstanceMessageReceiveService : Received schedule participant score for exercise 1557 and participant 671 (result to be deleted: null)
    23:43:36.926 | 370 ool-1-worker-134 | DEBUG | .a.s.ParticipantScoreScheduleService : Scheduled task for exercise 1557 and participant 671 at 2025-02-14T23:43:37.026204161Z[Etc/UTC].
    23:43:36.934 | 370 ool-1-worker-134 | DEBUG | .c.s.m.InstanceMessageReceiveService : Received schedule participant score for exercise 1557 and participant 671 (result to be deleted: null)
    23:43:36.934 | 370 ool-1-worker-134 | DEBUG | .a.s.ParticipantScoreScheduleService : Scheduled task for exercise 1557 and participant 671 at 2025-02-14T23:43:37.034524598Z[Etc/UTC].
    23:43:36.937 | 370 ool-1-worker-134 | DEBUG | .c.s.m.InstanceMessageReceiveService : Received schedule participant score for exercise 1560 and participant 671 (result to be deleted: null)
    23:43:36.937 | 370 ool-1-worker-134 | DEBUG | .a.s.ParticipantScoreScheduleService : Scheduled task for exercise 1560 and participant 671 at 2025-02-14T23:43:37.037902758Z[Etc/UTC].
    23:43:36.948 | 370 ool-1-worker-134 | DEBUG | .c.s.m.InstanceMessageReceiveService : Received schedule participant score for exercise 1560 and participant 671 (result to be deleted: null)
    23:43:36.948 | 370 ool-1-worker-134 | DEBUG | .a.s.ParticipantScoreScheduleService : Scheduled task for exercise 1560 and participant 671 at 2025-02-14T23:43:37.048772790Z[Etc/UTC].
    23:43:36.949 | 370 ool-1-worker-134 | DEBUG | .c.s.m.InstanceMessageReceiveService : Received schedule participant score for exercise 1561 and participant 671 (result to be deleted: null)
    23:43:36.949 | 370 ool-1-worker-134 | DEBUG | .a.s.ParticipantScoreScheduleService : Scheduled task for exercise 1561 and participant 671 at 2025-02-14T23:43:37.049573953Z[Etc/UTC].
    23:43:36.960 | 370 ool-1-worker-134 | DEBUG | .c.s.m.InstanceMessageReceiveService : Received schedule participant score for exercise 1561 and participant 671 (result to be deleted: null)
    23:43:36.960 | 370 ool-1-worker-134 | DEBUG | .a.s.ParticipantScoreScheduleService : Scheduled task for exercise 1561 and participant 671 at 2025-02-14T23:43:37.060522181Z[Etc/UTC].
    23:43:36.964 | 370 ool-1-worker-134 | DEBUG | .c.s.m.InstanceMessageReceiveService : Received schedule participant score for exercise 1562 and participant 671 (result to be deleted: null)
    23:43:36.964 | 370 ool-1-worker-134 | DEBUG | .a.s.ParticipantScoreScheduleService : Scheduled task for exercise 1562 and participant 671 at 2025-02-14T23:43:37.064711103Z[Etc/UTC].
    23:43:36.972 | 370 ool-1-worker-134 | DEBUG | .c.s.m.InstanceMessageReceiveService : Received schedule participant score for exercise 1562 and participant 671 (result to be deleted: null)
    23:43:36.972 | 370 ool-1-worker-134 | DEBUG | .a.s.ParticipantScoreScheduleService : Scheduled task for exercise 1562 and participant 671 at 2025-02-14T23:43:37.072221890Z[Etc/UTC].
    23:43:36.975 | 370 ool-1-worker-134 | DEBUG | .c.s.m.InstanceMessageReceiveService : Received schedule participant score for exercise 1563 and participant 671 (result to be deleted: null)
    23:43:36.975 | 370 ool-1-worker-134 | DEBUG | .a.s.ParticipantScoreScheduleService : Scheduled task for exercise 1563 and participant 671 at 2025-02-14T23:43:37.075749168Z[Etc/UTC].
    23:43:36.983 | 370 ool-1-worker-134 | DEBUG | .c.s.m.InstanceMessageReceiveService : Received schedule participant score for exercise 1563 and participant 671 (result to be deleted: null)
    23:43:36.983 | 370 ool-1-worker-134 | DEBUG | .a.s.ParticipantScoreScheduleService : Scheduled task for exercise 1563 and participant 671 at 2025-02-14T23:43:37.083217886Z[Etc/UTC].
    23:43:36.988 | 370 ool-1-worker-134 | DEBUG | d.t.c.a.a.c.s.f.ApiVersionFilter     : Adding Version to Request POST /api/courses/467/exams/910/student-exams/evaluate-quiz-exercises
    23:43:36.988 | 370 ool-1-worker-134 | INFO  | d.t.c.a.a.exam.web.ExamResource      : REST request to evaluate quiz exercises of exam 910
    23:43:36.993 | 370 ool-1-worker-134 | DEBUG | d.t.c.a.a.exam.service.ExamService   : Evaluating 2 quiz exercises in exam 910
    23:43:36.993 | 370 ool-1-worker-134 | INFO  | d.t.c.a.a.q.s.QuizResultService      : Starting quiz evaluation for quiz 1555
    23:43:37.004 | 370 ool-1-worker-134 | DEBUG | .c.s.m.InstanceMessageReceiveService : Received schedule participant score for exercise 1555 and participant 671 (result to be deleted: null)
    23:43:37.004 | 370 ool-1-worker-134 | DEBUG | .a.s.ParticipantScoreScheduleService : Scheduled task for exercise 1555 and participant 671 at 2025-02-14T23:43:37.104967417Z[Etc/UTC].
    23:43:37.025 | 327 taskScheduler-2  | DEBUG | .a.s.ParticipantScoreScheduleService : Processing exercise 1554 and participant 671 to update participant scores.
    23:43:37.025 | 370 ool-1-worker-134 | DEBUG | .c.s.m.InstanceMessageReceiveService : Received schedule participant score for exercise 1555 and participant 671 (result to be deleted: null)
    23:43:37.025 | 370 ool-1-worker-134 | DEBUG | .a.s.ParticipantScoreScheduleService : Scheduled task for exercise 1555 and participant 671 at 2025-02-14T23:43:37.125885827Z[Etc/UTC].
    23:43:37.026 | 370 ool-1-worker-134 | INFO  | d.t.c.a.a.q.s.QuizResultService      : Quiz evaluation for quiz 1555 finished after 33.13ms with 1 created results
    23:43:37.026 | 370 ool-1-worker-134 | DEBUG | d.t.c.a.a.q.s.QuizStatisticService   : update statistics with 1 new results
    23:43:37.029 | 370 ool-1-worker-134 | INFO  | d.t.c.a.a.q.s.QuizResultService      : Statistic update for quiz 1555 finished after 35.89ms
    23:43:37.029 | 370 ool-1-worker-134 | INFO  | d.t.c.a.a.q.s.QuizResultService      : Starting quiz evaluation for quiz 1556
    23:43:37.033 | 370 ool-1-worker-134 | INFO  | d.t.c.a.a.q.s.QuizResultService      : Quiz evaluation for quiz 1556 finished after 4.10ms with 0 created results
    23:43:37.033 | 370 ool-1-worker-134 | DEBUG | d.t.c.a.a.q.s.QuizStatisticService   : update statistics with 0 new results
    23:43:37.034 | 370 ool-1-worker-134 | INFO  | d.t.c.a.a.q.s.QuizResultService      : Statistic update for quiz 1556 finished after 5.04ms
    23:43:37.034 | 370 ool-1-worker-134 | DEBUG | d.t.c.a.a.exam.service.ExamService   : Evaluated 2 quiz exercises in exam 910 in 40.99ms
    23:43:37.034 | 370 ool-1-worker-134 | INFO  | d.t.c.a.a.exam.web.ExamResource      : Evaluated 2 quiz exercises of exam 910
    23:43:37.034 | 326 taskScheduler-1  | DEBUG | .a.s.ParticipantScoreScheduleService : Processing exercise 1557 and participant 671 to update participant scores.
    23:43:37.038 | 326 taskScheduler-1  | DEBUG | .a.s.ParticipantScoreScheduleService : Updating the participant score for exercise 1557 and participant 671 took 4 ms.
    23:43:37.045 | 327 taskScheduler-2  | DEBUG | .a.s.ParticipantScoreScheduleService : Updating the participant score for exercise 1554 and participant 671 took 20 ms.
    23:43:37.048 | 329 taskScheduler-4  | DEBUG | .a.s.ParticipantScoreScheduleService : Processing exercise 1560 and participant 671 to update participant scores.
    23:43:37.055 | 329 taskScheduler-4  | DEBUG | .a.s.ParticipantScoreScheduleService : Updating the participant score for exercise 1560 and participant 671 took 7 ms.
    23:43:37.060 | 328 taskScheduler-3  | DEBUG | .a.s.ParticipantScoreScheduleService : Processing exercise 1561 and participant 671 to update participant scores.
    23:43:37.067 | 328 taskScheduler-3  | DEBUG | .a.s.ParticipantScoreScheduleService : Updating the participant score for exercise 1561 and participant 671 took 7 ms.
    23:43:37.072 | 327 taskScheduler-2  | DEBUG | .a.s.ParticipantScoreScheduleService : Processing exercise 1562 and participant 671 to update participant scores.
    23:43:37.081 | 327 taskScheduler-2  | DEBUG | .a.s.ParticipantScoreScheduleService : Updating the participant score for exercise 1562 and participant 671 took 9 ms.
    23:43:37.083 | 326 taskScheduler-1  | DEBUG | .a.s.ParticipantScoreScheduleService : Processing exercise 1563 and participant 671 to update participant scores.
    23:43:37.089 | 326 taskScheduler-1  | DEBUG | .a.s.ParticipantScoreScheduleService : Updating the participant score for exercise 1563 and participant 671 took 6 ms.
    23:43:37.125 | 328 taskScheduler-3  | DEBUG | .a.s.ParticipantScoreScheduleService : Processing exercise 1555 and participant 671 to update participant scores.
    23:43:37.129 | 370 ool-1-worker-134 | DEBUG | d.t.c.a.a.c.s.f.ApiVersionFilter     : Adding Version to Request POST /api/courses/468/exams/911/generate-student-exams
    23:43:37.129 | 370 ool-1-worker-134 | INFO  | d.t.c.a.a.exam.web.ExamResource      : REST request to generate student exams for exam 911
    23:43:37.132 | 328 taskScheduler-3  | DEBUG | .a.s.ParticipantScoreScheduleService : Updated participant score 215.
    23:43:37.132 | 328 taskScheduler-3  | DEBUG | .a.s.ParticipantScoreScheduleService : Updating the participant score for exercise 1555 and participant 671 took 7 ms.
    23:43:37.142 | 370 ool-1-worker-134 | INFO  | d.t.c.a.a.e.s.ExamDeletionService    : User studexaminstructor1 has requested to delete existing student exams and participations for exam Real exam 1
    23:43:37.143 | 370 ool-1-worker-134 | INFO  | d.t.c.a.a.e.s.ParticipationService   : Request to delete all 0 participations of exercise with id : 1564
    23:43:37.147 | 370 ool-1-worker-134 | INFO  | d.t.c.a.a.e.s.ParticipationService   : Request to delete all 0 participations of exercise with id : 1565
    23:43:37.148 | 370 ool-1-worker-134 | INFO  | d.t.c.a.a.e.s.ParticipationService   : Request to delete all 0 participations of exercise with id : 1566
    23:43:37.152 | 370 ool-1-worker-134 | INFO  | d.t.c.a.a.e.s.ParticipationService   : Request to delete all 0 participations of exercise with id : 1567
    23:43:37.153 | 370 ool-1-worker-134 | INFO  | d.t.c.a.a.e.s.ParticipationService   : Request to delete all 0 participations of exercise with id : 1568
    23:43:37.154 | 370 ool-1-worker-134 | INFO  | d.t.c.a.a.e.s.ParticipationService   : Request to delete all 0 participations of exercise with id : 1569
    23:43:37.158 | 370 ool-1-worker-134 | INFO  | d.t.c.a.a.e.s.ParticipationService   : Request to delete all 0 participations of exercise with id : 1570
    23:43:37.159 | 370 ool-1-worker-134 | INFO  | d.t.c.a.a.e.s.ParticipationService   : Request to delete all 0 participations of exercise with id : 1571
    23:43:37.160 | 370 ool-1-worker-134 | INFO  | d.t.c.a.a.e.s.ParticipationService   : Request to delete all 0 participations of exercise with id : 1572
    23:43:37.164 | 370 ool-1-worker-134 | INFO  | d.t.c.a.a.e.s.ParticipationService   : Request to delete all 0 participations of exercise with id : 1573
    23:43:37.165 | 370 ool-1-worker-134 | INFO  | d.t.c.a.a.e.s.ParticipationService   : Request to delete all 0 participations of exercise with id : 1574
    23:43:37.170 | 370 ool-1-worker-134 | INFO  | d.t.c.a.a.exam.web.ExamResource      : Generated 1 student exams in 40.67ms for exam 911
    23:43:37.206 | 370 ool-1-worker-134 | DEBUG | d.t.c.a.a.c.s.f.ApiVersionFilter     : Adding Version to Request POST /api/courses/468/exams/911/student-exams/start-exercises
    23:43:37.217 | 370 ool-1-worker-134 | DEBUG | d.t.c.a.a.exam.service.ExamService   : Finished combination of template commits for programming exercise ProgrammingExercise{id=1574, templateRepositoryUri='https://version-control.fake.fake/git/SHORT76E752270FD56046930AB190E96BDA8B24FDT6A7/short76e752270fd56046930ab190e96bda8b24fdt6a7-exercise.git', solutionRepositoryUri='https://version-control.fake.fake/git/SHORT76E752270FD56046930AB190E96BDA8B24FDT6A7/short76e752270fd56046930ab190e96bda8b24fdt6a7-solution.git', templateBuildPlanId='SHORT76E752270FD56046930AB190E96BDA8B24FDT6A7-BASE', solutionBuildPlanId='SHORT76E752270FD56046930AB190E96BDA8B24FDT6A7-SOLUTION', allowOnlineEditor='null', allowOnlineIde='false', programmingLanguage='JAVA', packageName='de.test'', testCasesChanged='false'}
    23:43:37.218 | 370 ool-1-worker-134 | INFO  | d.t.c.a.a.e.web.StudentExamResource  : REST request to start exercises for student exams of exam 911
    23:43:37.244 | 706 ol-4711-thread-1 | INFO  | d.t.c.a.a.e.s.StudentExamService     : SUCCESS: Start exercise for student exam 450 and exercise 1564 and student studexamstudent1
    23:43:37.266 | 060 pool-4-thread-3  | INFO  | d.t.c.a.a.p.s.gitlab.GitLabService   : Unprotecting branch main for Gitlab repository SHORT7B4C249704270048F40BEFF0B76CABA101F6T228/short7b4c249704270048f40beff0b76caba101f6t228-studexamstudent1
    23:43:37.271 | 706 ol-4711-thread-1 | INFO  | d.t.c.a.a.e.s.StudentExamService     : SUCCESS: Start exercise for student exam 450 and exercise 1567 and student studexamstudent1
    23:43:37.287 | 706 ol-4711-thread-1 | INFO  | d.t.c.a.a.e.s.StudentExamService     : SUCCESS: Start exercise for student exam 450 and exercise 1569 and student studexamstudent1
    23:43:37.300 | 706 ol-4711-thread-1 | INFO  | d.t.c.a.a.e.s.StudentExamService     : SUCCESS: Start exercise for student exam 450 and exercise 1571 and student studexamstudent1
    23:43:37.307 |  90 ns.HealthMonitor | INFO  | c.h.i.diagnostics.HealthMonitor      : [127.0.0.1]:5701 [dev] [5.5.0] processors=4, physical.memory.total=15.6G, physical.memory.free=2.8G, swap.space.total=0, swap.space.free=0, heap.memory.used=2.3G, heap.memory.free=712.3M, heap.memory.total=3.0G, heap.memory.max=6.0G, heap.memory.used/total=76.83%, heap.memory.used/max=38.47%, minor.gc.count=127, minor.gc.time=6636ms, major.gc.count=0, major.gc.time=0ms, unknown.gc.count=57, unknown.gc.time=944ms, load.process=0.00%, load.system=99.73%, load.systemAverage=5.79, thread.count=488, thread.peakCount=500, cluster.timeDiff=0, event.q.size=0, executor.q.async.size=0, executor.q.client.size=0, executor.q.client.query.size=0, executor.q.client.blocking.size=0, executor.q.query.size=0, executor.q.scheduled.size=0, executor.q.io.size=0, executor.q.system.size=0, executor.q.operations.size=0, executor.q.priorityOperation.size=0, operations.completed.count=1136, executor.q.mapLoad.size=0, executor.q.mapLoadAllKeys.size=0, executor.q.cluster.size=0, executor.q.response.size=0, operations.running.count=0, operations.pending.invocations.percentage=0.00%, operations.pending.invocations.count=0, proxy.count=206, clientEndpoint.count=0, connection.active.count=0, client.connection.count=0, connection.count=0
    23:43:37.316 | 706 ol-4711-thread-1 | INFO  | d.t.c.a.a.e.s.StudentExamService     : SUCCESS: Start exercise for student exam 450 and exercise 1572 and student studexamstudent1
    23:43:37.329 | 706 ol-4711-thread-1 | INFO  | d.t.c.a.a.e.s.StudentExamService     : SUCCESS: Start exercise for student exam 450 and exercise 1573 and student studexamstudent1
    23:43:37.343 | 706 ol-4711-thread-1 | DEBUG | d.t.c.a.a.p.service.GitService       : Cloning from file:/tmp/exerciseOriginRepo10360527647396854086/ to repos/server-integration-test/studentOriginRepo8818277601479520357
    23:43:37.383 | 706 ol-4711-thread-1 | ERROR | .a.a.p.s.j.b.JenkinsBuildPlanService : Pipeline Script not found
java.lang.IllegalArgumentException: Pipeline Script not found
	at de.tum.cit.aet.artemis.programming.service.jenkins.build_plan.JenkinsBuildPlanUtils.replaceScriptParameters(JenkinsBuildPlanUtils.java:22)
	at de.tum.cit.aet.artemis.programming.service.jenkins.build_plan.JenkinsBuildPlanService.updateBuildPlanURLs(JenkinsBuildPlanService.java:245)
	at de.tum.cit.aet.artemis.programming.service.jenkins.build_plan.JenkinsBuildPlanService.copyBuildPlan(JenkinsBuildPlanService.java:293)
	at de.tum.cit.aet.artemis.programming.service.jenkins.JenkinsService.copyBuildPlan(JenkinsService.java:128)
	at java.base/java.lang.invoke.MethodHandle.invokeWithArguments(MethodHandle.java:733)
	at org.mockito.internal.util.reflection.InstrumentationMemberAccessor$Dispatcher$ByteBuddy$oog9jsgw.invokeWithArguments(Unknown Source)
	at org.mockito.internal.util.reflection.InstrumentationMemberAccessor.invoke(InstrumentationMemberAccessor.java:251)
	at org.mockito.internal.util.reflection.ModuleMemberAccessor.invoke(ModuleMemberAccessor.java:55)
	at org.mockito.internal.creation.bytebuddy.MockMethodAdvice.tryInvoke(MockMethodAdvice.java:314)
	at org.mockito.internal.creation.bytebuddy.MockMethodAdvice$RealMethodCall.invoke(MockMethodAdvice.java:234)
	at org.mockito.internal.invocation.InterceptedInvocation.callRealMethod(InterceptedInvocation.java:142)
	at org.mockito.internal.stubbing.answers.CallsRealMethods.answer(CallsRealMethods.java:45)
	at org.mockito.Answers.answer(Answers.java:90)
	at org.mockito.internal.handler.MockHandlerImpl.handle(MockHandlerImpl.java:111)
	at org.mockito.internal.handler.NullResultGuardian.handle(NullResultGuardian.java:29)
	at org.mockito.internal.handler.InvocationNotifierHandler.handle(InvocationNotifierHandler.java:34)
	at org.mockito.internal.creation.bytebuddy.MockMethodInterceptor.doIntercept(MockMethodInterceptor.java:82)
	at org.mockito.internal.creation.bytebuddy.MockMethodAdvice.handle(MockMethodAdvice.java:134)
	at de.tum.cit.aet.artemis.programming.service.jenkins.JenkinsService.copyBuildPlan(JenkinsService.java:126)
	at de.tum.cit.aet.artemis.exercise.service.ParticipationService.copyBuildPlan(ParticipationService.java:518)
	at de.tum.cit.aet.artemis.exercise.service.ParticipationService.startProgrammingParticipation(ParticipationService.java:296)
	at de.tum.cit.aet.artemis.exercise.service.ParticipationService.startProgrammingExercise(ParticipationService.java:265)
	at de.tum.cit.aet.artemis.exercise.service.ParticipationService.startExerciseWithInitializationDate(ParticipationService.java:192)
	at de.tum.cit.aet.artemis.exercise.service.ParticipationService.startExercise(ParticipationService.java:151)
	at de.tum.cit.aet.artemis.exam.service.StudentExamService.setUpExerciseParticipationsAndSubmissionsWithInitializationDate(StudentExamService.java:686)
	at de.tum.cit.aet.artemis.exam.service.StudentExamService.setUpExerciseParticipationsAndSubmissions(StudentExamService.java:800)
	at de.tum.cit.aet.artemis.exam.service.StudentExamService.lambda$startExercises$15(StudentExamService.java:735)
	at java.base/java.util.concurrent.CompletableFuture$AsyncRun.run(CompletableFuture.java:1804)
	at java.base/java.util.concurrent.ThreadPoolExecutor.runWorker(ThreadPoolExecutor.java:1144)
	at java.base/java.util.concurrent.ThreadPoolExecutor$Worker.run(ThreadPoolExecutor.java:642)
	at java.base/java.lang.Thread.run(Thread.java:1583)
    23:43:37.393 | 706 ol-4711-thread-1 | ERROR | .a.a.p.s.j.b.JenkinsBuildPlanService : Pipeline Script not found
java.lang.IllegalArgumentException: Pipeline Script not found
	at de.tum.cit.aet.artemis.programming.service.jenkins.build_plan.JenkinsBuildPlanUtils.replaceScriptParameters(JenkinsBuildPlanUtils.java:29)
	at de.tum.cit.aet.artemis.programming.service.jenkins.build_plan.JenkinsBuildPlanService.updateBuildPlanRepositories(JenkinsBuildPlanService.java:219)
	at de.tum.cit.aet.artemis.programming.service.jenkins.build_plan.JenkinsBuildPlanService.configureBuildPlanForParticipation(JenkinsBuildPlanService.java:196)
	at de.tum.cit.aet.artemis.programming.service.jenkins.JenkinsService.configureBuildPlan(JenkinsService.java:138)
	at java.base/java.lang.invoke.MethodHandle.invokeWithArguments(MethodHandle.java:733)
	at org.mockito.internal.util.reflection.InstrumentationMemberAccessor$Dispatcher$ByteBuddy$oog9jsgw.invokeWithArguments(Unknown Source)
	at org.mockito.internal.util.reflection.InstrumentationMemberAccessor.invoke(InstrumentationMemberAccessor.java:251)
	at org.mockito.internal.util.reflection.ModuleMemberAccessor.invoke(ModuleMemberAccessor.java:55)
	at org.mockito.internal.creation.bytebuddy.MockMethodAdvice.tryInvoke(MockMethodAdvice.java:314)
	at org.mockito.internal.creation.bytebuddy.MockMethodAdvice$RealMethodCall.invoke(MockMethodAdvice.java:234)
	at org.mockito.internal.invocation.InterceptedInvocation.callRealMethod(InterceptedInvocation.java:142)
	at org.mockito.internal.stubbing.answers.CallsRealMethods.answer(CallsRealMethods.java:45)
	at org.mockito.Answers.answer(Answers.java:90)
	at org.mockito.internal.handler.MockHandlerImpl.handle(MockHandlerImpl.java:111)
	at org.mockito.internal.handler.NullResultGuardian.handle(NullResultGuardian.java:29)
	at org.mockito.internal.handler.InvocationNotifierHandler.handle(InvocationNotifierHandler.java:34)
	at org.mockito.internal.creation.bytebuddy.MockMethodInterceptor.doIntercept(MockMethodInterceptor.java:82)
	at org.mockito.internal.creation.bytebuddy.MockMethodAdvice.handle(MockMethodAdvice.java:134)
	at de.tum.cit.aet.artemis.programming.service.jenkins.JenkinsService.configureBuildPlan(JenkinsService.java:138)
	at de.tum.cit.aet.artemis.exercise.service.ParticipationService.configureBuildPlan(ParticipationService.java:532)
	at de.tum.cit.aet.artemis.exercise.service.ParticipationService.startProgrammingParticipation(ParticipationService.java:298)
	at de.tum.cit.aet.artemis.exercise.service.ParticipationService.startProgrammingExercise(ParticipationService.java:265)
	at de.tum.cit.aet.artemis.exercise.service.ParticipationService.startExerciseWithInitializationDate(ParticipationService.java:192)
	at de.tum.cit.aet.artemis.exercise.service.ParticipationService.startExercise(ParticipationService.java:151)
	at de.tum.cit.aet.artemis.exam.service.StudentExamService.setUpExerciseParticipationsAndSubmissionsWithInitializationDate(StudentExamService.java:686)
	at de.tum.cit.aet.artemis.exam.service.StudentExamService.setUpExerciseParticipationsAndSubmissions(StudentExamService.java:800)
	at de.tum.cit.aet.artemis.exam.service.StudentExamService.lambda$startExercises$15(StudentExamService.java:735)
	at java.base/java.util.concurrent.CompletableFuture$AsyncRun.run(CompletableFuture.java:1804)
	at java.base/java.util.concurrent.ThreadPoolExecutor.runWorker(ThreadPoolExecutor.java:1144)
	at java.base/java.util.concurrent.ThreadPoolExecutor$Worker.run(ThreadPoolExecutor.java:642)
	at java.base/java.lang.Thread.run(Thread.java:1583)
    23:43:37.408 | 706 ol-4711-thread-1 | INFO  | d.t.c.a.a.e.s.StudentExamService     : SUCCESS: Start exercise for student exam 450 and exercise 1574 and student studexamstudent1
    23:43:37.410 | 370 ool-1-worker-134 | INFO  | d.t.c.a.a.e.web.StudentExamResource  : Generated 7 participations in 202.92ms for student exams of exam 911
    23:43:37.411 | 370 ool-1-worker-134 | DEBUG | d.t.c.a.a.c.s.f.ApiVersionFilter     : Adding Version to Request GET /api/courses/468/exams/911/student-exams/start-exercises/status
    23:43:37.424 | 370 ool-1-worker-134 | DEBUG | d.t.c.a.a.c.s.f.ApiVersionFilter     : Adding Version to Request GET /api/courses/468/exams/911/student-exams/450/conduction
    23:43:37.426 | 370 ool-1-worker-134 | DEBUG | d.t.c.a.a.e.web.StudentExamResource  : REST request to get the student exam of user studexamstudent1 for exam 911
    23:43:37.442 | 370 ool-1-worker-134 | DEBUG | d.t.c.a.a.e.s.ExamSessionService     : Exam session started
    23:43:37.442 | 370 ool-1-worker-134 | INFO  | d.t.c.a.a.e.web.StudentExamResource  : getStudentExamForConduction done in 17ms for 7 exercises for user studexamstudent1
    23:43:37.443 | 059 pool-4-thread-2  | INFO  | d.t.c.a.a.p.s.gitlab.GitLabService   : Protecting branch main for Gitlab repository SHORTA3B7B2490506F04EAD0929C011896D98A6ECT041/shorta3b7b2490506f04ead0929c011896d98a6ect041-studexamstudent1
    23:43:37.451 | 370 ool-1-worker-134 | DEBUG | d.t.c.a.a.c.s.f.ApiVersionFilter     : Adding Version to Request PUT /api/exercises/1564/text-submissions
    23:43:37.452 | 370 ool-1-worker-134 | DEBUG | d.t.c.a.a.t.w.TextSubmissionResource : REST request to update text submission: TextSubmission{id=787, text='New Text', language='null'}
    23:43:37.477 | 370 ool-1-worker-134 | INFO  | d.t.c.a.a.t.w.TextSubmissionResource : handleTextSubmission took 25ms for exercise 1564 and user studexamstudent1
    23:43:37.482 | 370 ool-1-worker-134 | DEBUG | d.t.c.a.a.c.s.f.ApiVersionFilter     : Adding Version to Request PUT /api/exercises/1567/submissions/exam
    23:43:37.487 | 370 ool-1-worker-134 | DEBUG | d.t.c.a.a.q.w.QuizSubmissionResource : REST request to submit QuizSubmission for exam : QuizSubmission{id=788, scoreInPoints='null'}
    23:43:37.520 | 370 ool-1-worker-134 | DEBUG | .a.q.s.AbstractQuizSubmissionService : submit exam quiz finished: QuizSubmission{id=788, scoreInPoints='null'}
    23:43:37.520 | 370 ool-1-worker-134 | INFO  | d.t.c.a.a.q.w.QuizSubmissionResource : submitQuizForExam took 33ms for exercise 1567 and user studexamstudent1
    23:43:37.537 | 370 ool-1-worker-134 | DEBUG | d.t.c.a.a.c.s.f.ApiVersionFilter     : Adding Version to Request PUT /api/exercises/1571/modeling-submissions
    23:43:37.566 | 370 ool-1-worker-134 | INFO  | c.a.a.m.w.ModelingSubmissionResource : save took 28ms for exercise 1571 and user studexamstudent1
    23:43:37.569 | 370 ool-1-worker-134 | DEBUG | d.t.c.a.a.c.s.f.ApiVersionFilter     : Adding Version to Request PUT /api/exercises/1572/text-submissions
    23:43:37.570 | 370 ool-1-worker-134 | DEBUG | d.t.c.a.a.t.w.TextSubmissionResource : REST request to update text submission: TextSubmission{id=791, text='New Text', language='null'}
    23:43:37.600 | 370 ool-1-worker-134 | INFO  | d.t.c.a.a.t.w.TextSubmissionResource : handleTextSubmission took 30ms for exercise 1572 and user studexamstudent1
    23:43:37.602 | 370 ool-1-worker-134 | DEBUG | d.t.c.a.a.c.s.f.ApiVersionFilter     : Adding Version to Request PUT /api/exercises/1573/text-submissions
    23:43:37.603 | 370 ool-1-worker-134 | DEBUG | d.t.c.a.a.t.w.TextSubmissionResource : REST request to update text submission: TextSubmission{id=792, text='New Text', language='null'}
    23:43:37.614 | 370 ool-1-worker-134 | INFO  | d.t.c.a.a.t.w.TextSubmissionResource : handleTextSubmission took 11ms for exercise 1573 and user studexamstudent1
    23:43:37.617 | 370 ool-1-worker-134 | DEBUG | d.t.c.a.a.c.s.f.ApiVersionFilter     : Adding Version to Request POST /api/programming-submissions/1161/trigger-build
    23:43:37.636 | 370 ool-1-worker-134 | DEBUG | d.t.c.a.a.c.s.f.ApiVersionFilter     : Adding Version to Request POST /api/courses/468/exams/911/student-exams/submit
    23:43:37.643 | 370 ool-1-worker-134 | DEBUG | d.t.c.a.a.e.web.StudentExamResource  : REST request to mark the studentExam as submitted : 450
    23:43:37.647 | 370 ool-1-worker-134 | DEBUG | d.t.c.a.a.e.web.StudentExamResource  : Completed input validation for submitStudentExam in 3.97ms
    23:43:37.647 | 370 ool-1-worker-134 | DEBUG | d.t.c.a.a.e.s.StudentExamService     : Submit student exam with id 450
    23:43:37.649 | 370 ool-1-worker-134 | DEBUG | d.t.c.a.a.e.s.StudentExamService     :     Set student exam to submitted in 1.96ms
    23:43:37.655 | 370 ool-1-worker-134 | DEBUG | d.t.c.a.a.e.s.StudentExamService     :     Potentially save submissions in 6.01ms
    23:43:37.655 | 370 ool-1-worker-134 | DEBUG | d.t.c.a.a.e.s.StudentExamService     :     Lock student repositories in 26µs
    23:43:37.655 | 370 ool-1-worker-134 | INFO  | d.t.c.a.a.e.web.StudentExamResource  : Completed submitStudentExam with 7 exercises for user studexamstudent1 in a total time of 12.16ms
    23:43:37.660 | 370 ool-1-worker-134 | DEBUG | d.t.c.a.a.c.s.f.ApiVersionFilter     : Adding Version to Request GET /api/courses/468/exams/911/student-exams/450/summary
    23:43:37.662 | 370 ool-1-worker-134 | DEBUG | d.t.c.a.a.e.web.StudentExamResource  : REST request to get the student exam of user studexamstudent1 for exam 911
    23:43:37.674 | 370 ool-1-worker-134 | INFO  | d.t.c.a.a.e.web.StudentExamResource  : getStudentExamForSummary done in 13ms for 7 exercises for user studexamstudent1
    23:43:37.690 | 370 ool-1-worker-134 | DEBUG | .c.s.m.InstanceMessageReceiveService : Received schedule participant score for exercise 1564 and participant 671 (result to be deleted: null)
    23:43:37.690 | 370 ool-1-worker-134 | DEBUG | .a.s.ParticipantScoreScheduleService : Scheduled task for exercise 1564 and participant 671 at 2025-02-14T23:43:37.790596903Z[Etc/UTC].
    23:43:37.701 | 370 ool-1-worker-134 | DEBUG | .c.s.m.InstanceMessageReceiveService : Received schedule participant score for exercise 1564 and participant 671 (result to be deleted: null)
    23:43:37.701 | 370 ool-1-worker-134 | DEBUG | .a.s.ParticipantScoreScheduleService : Scheduled task for exercise 1564 and participant 671 at 2025-02-14T23:43:37.801342202Z[Etc/UTC].
    23:43:37.702 | 370 ool-1-worker-134 | DEBUG | .c.s.m.InstanceMessageReceiveService : Received schedule participant score for exercise 1569 and participant 671 (result to be deleted: null)
    23:43:37.702 | 370 ool-1-worker-134 | DEBUG | .a.s.ParticipantScoreScheduleService : Scheduled task for exercise 1569 and participant 671 at 2025-02-14T23:43:37.902868809Z[Etc/UTC].
    23:43:37.712 | 370 ool-1-worker-134 | DEBUG | .c.s.m.InstanceMessageReceiveService : Received schedule participant score for exercise 1569 and participant 671 (result to be deleted: null)
    23:43:37.712 | 370 ool-1-worker-134 | DEBUG | .a.s.ParticipantScoreScheduleService : Scheduled task for exercise 1569 and participant 671 at 2025-02-14T23:43:38.212269504Z[Etc/UTC].
    23:43:37.713 | 370 ool-1-worker-134 | DEBUG | .c.s.m.InstanceMessageReceiveService : Received schedule participant score for exercise 1571 and participant 671 (result to be deleted: null)
    23:43:37.713 | 370 ool-1-worker-134 | DEBUG | .a.s.ParticipantScoreScheduleService : Scheduled task for exercise 1571 and participant 671 at 2025-02-14T23:43:38.213201963Z[Etc/UTC].
    23:43:37.718 | 370 ool-1-worker-134 | DEBUG | .c.s.m.InstanceMessageReceiveService : Received schedule participant score for exercise 1571 and participant 671 (result to be deleted: null)
    23:43:37.718 | 370 ool-1-worker-134 | DEBUG | .a.s.ParticipantScoreScheduleService : Scheduled task for exercise 1571 and participant 671 at 2025-02-14T23:43:38.218247042Z[Etc/UTC].
    23:43:37.718 | 370 ool-1-worker-134 | DEBUG | .c.s.m.InstanceMessageReceiveService : Received schedule participant score for exercise 1572 and participant 671 (result to be deleted: null)
    23:43:37.718 | 370 ool-1-worker-134 | DEBUG | .a.s.ParticipantScoreScheduleService : Scheduled task for exercise 1572 and participant 671 at 2025-02-14T23:43:38.218923904Z[Etc/UTC].
    23:43:37.723 | 370 ool-1-worker-134 | DEBUG | .c.s.m.InstanceMessageReceiveService : Received schedule participant score for exercise 1572 and participant 671 (result to be deleted: null)
    23:43:37.723 | 370 ool-1-worker-134 | DEBUG | .a.s.ParticipantScoreScheduleService : Scheduled task for exercise 1572 and participant 671 at 2025-02-14T23:43:38.223675245Z[Etc/UTC].
    23:43:37.725 | 370 ool-1-worker-134 | DEBUG | .c.s.m.InstanceMessageReceiveService : Received schedule participant score for exercise 1573 and participant 671 (result to be deleted: null)
    23:43:37.725 | 370 ool-1-worker-134 | DEBUG | .a.s.ParticipantScoreScheduleService : Scheduled task for exercise 1573 and participant 671 at 2025-02-14T23:43:38.225122243Z[Etc/UTC].
    23:43:37.729 | 370 ool-1-worker-134 | DEBUG | .c.s.m.InstanceMessageReceiveService : Received schedule participant score for exercise 1573 and participant 671 (result to be deleted: null)
    23:43:37.729 | 370 ool-1-worker-134 | DEBUG | .a.s.ParticipantScoreScheduleService : Scheduled task for exercise 1573 and participant 671 at 2025-02-14T23:43:38.229905013Z[Etc/UTC].
    23:43:37.730 | 370 ool-1-worker-134 | DEBUG | .c.s.m.InstanceMessageReceiveService : Received schedule participant score for exercise 1574 and participant 671 (result to be deleted: null)
    23:43:37.730 | 370 ool-1-worker-134 | DEBUG | .a.s.ParticipantScoreScheduleService : Scheduled task for exercise 1574 and participant 671 at 2025-02-14T23:43:38.230591733Z[Etc/UTC].
    23:43:37.736 | 370 ool-1-worker-134 | DEBUG | .c.s.m.InstanceMessageReceiveService : Received schedule participant score for exercise 1574 and participant 671 (result to be deleted: null)
    23:43:37.736 | 370 ool-1-worker-134 | DEBUG | .a.s.ParticipantScoreScheduleService : Scheduled task for exercise 1574 and participant 671 at 2025-02-14T23:43:38.236903414Z[Etc/UTC].
    23:43:37.739 | 370 ool-1-worker-134 | DEBUG | d.t.c.a.a.c.s.f.ApiVersionFilter     : Adding Version to Request POST /api/courses/468/exams/911/student-exams/evaluate-quiz-exercises
    23:43:37.739 | 370 ool-1-worker-134 | INFO  | d.t.c.a.a.exam.web.ExamResource      : REST request to evaluate quiz exercises of exam 911
    23:43:37.743 | 370 ool-1-worker-134 | DEBUG | d.t.c.a.a.exam.service.ExamService   : Evaluating 2 quiz exercises in exam 911
    23:43:37.743 | 370 ool-1-worker-134 | INFO  | d.t.c.a.a.q.s.QuizResultService      : Starting quiz evaluation for quiz 1566
    23:43:37.747 | 370 ool-1-worker-134 | INFO  | d.t.c.a.a.q.s.QuizResultService      : Quiz evaluation for quiz 1566 finished after 3.68ms with 0 created results
    23:43:37.747 | 370 ool-1-worker-134 | DEBUG | d.t.c.a.a.q.s.QuizStatisticService   : update statistics with 0 new results
    23:43:37.748 | 370 ool-1-worker-134 | INFO  | d.t.c.a.a.q.s.QuizResultService      : Statistic update for quiz 1566 finished after 4.67ms
    23:43:37.748 | 370 ool-1-worker-134 | INFO  | d.t.c.a.a.q.s.QuizResultService      : Starting quiz evaluation for quiz 1567
    23:43:37.765 | 370 ool-1-worker-134 | DEBUG | .c.s.m.InstanceMessageReceiveService : Received schedule participant score for exercise 1567 and participant 671 (result to be deleted: null)
    23:43:37.766 | 370 ool-1-worker-134 | DEBUG | .a.s.ParticipantScoreScheduleService : Scheduled task for exercise 1567 and participant 671 at 2025-02-14T23:43:37.865992682Z[Etc/UTC].
    23:43:37.806 | 326 taskScheduler-1  | DEBUG | .a.s.ParticipantScoreScheduleService : Processing exercise 1564 and participant 671 to update participant scores.
    23:43:37.813 | 370 ool-1-worker-134 | DEBUG | .c.s.m.InstanceMessageReceiveService : Received schedule participant score for exercise 1567 and participant 671 (result to be deleted: null)
    23:43:37.813 | 370 ool-1-worker-134 | DEBUG | .a.s.ParticipantScoreScheduleService : Scheduled task for exercise 1567 and participant 671 at 2025-02-14T23:43:38.313662452Z[Etc/UTC].
    23:43:37.814 | 326 taskScheduler-1  | DEBUG | .a.s.ParticipantScoreScheduleService : Updating the participant score for exercise 1564 and participant 671 took 8 ms.
    23:43:37.815 | 370 ool-1-worker-134 | INFO  | d.t.c.a.a.q.s.QuizResultService      : Quiz evaluation for quiz 1567 finished after 66.54ms with 1 created results
    23:43:37.815 | 370 ool-1-worker-134 | DEBUG | d.t.c.a.a.q.s.QuizStatisticService   : update statistics with 1 new results
    23:43:37.820 | 370 ool-1-worker-134 | INFO  | d.t.c.a.a.q.s.QuizResultService      : Statistic update for quiz 1567 finished after 72.25ms
    23:43:37.820 | 370 ool-1-worker-134 | DEBUG | d.t.c.a.a.exam.service.ExamService   : Evaluated 2 quiz exercises in exam 911 in 76.99ms
    23:43:37.820 | 370 ool-1-worker-134 | INFO  | d.t.c.a.a.exam.web.ExamResource      : Evaluated 2 quiz exercises of exam 911
    23:43:37.830 | 370 ool-1-worker-134 | DEBUG | .c.s.m.InstanceMessageReceiveService : Received schedule participant score for exercise 1554 and participant 671 (result to be deleted: null)
    23:43:37.830 | 370 ool-1-worker-134 | DEBUG | .a.s.ParticipantScoreScheduleService : Scheduled task for exercise 1554 and participant 671 at 2025-02-14T23:43:38.330183812Z[Etc/UTC].
    23:43:37.832 | 370 ool-1-worker-134 | DEBUG | d.t.c.a.a.c.s.f.ApiVersionFilter     : Adding Version to Request GET /api/courses/467/exams/910/student-exams/449/grade-summary
    23:43:37.834 | 370 ool-1-worker-134 | DEBUG | d.t.c.a.a.e.web.StudentExamResource  : REST request to get the student exam grades of user with id null for exam 910 by user studexamstudent1
    23:43:37.861 | 370 ool-1-worker-134 | INFO  | d.t.c.a.a.e.web.StudentExamResource  : getStudentExamGradesForSummary done in 28ms for 7 exercises for target user studexamstudent1 by caller user studexamstudent1

  Starting logs for StudentExamIntegrationTest > testSubmitStudentExam_early()
    23:43:37.904 | 059 pool-4-thread-2  | INFO  | d.t.c.a.a.p.s.gitlab.GitLabService   : Unprotecting branch main for Gitlab repository SHORTB9929E730FF13040E10BE660C7A22CF6678CT320/shortb9929e730ff13040e10be660c7a22cf6678ct320-studexamstudent1
    23:43:37.916 | 370 ool-1-worker-134 | DEBUG | d.t.c.a.a.c.u.util.UserUtilService   : Generate 2 students...
    23:43:37.923 | 370 ool-1-worker-134 | DEBUG | d.t.c.a.a.c.u.util.UserUtilService   : 2 students generated. Generate 1 tutors...
    23:43:37.929 | 370 ool-1-worker-134 | DEBUG | d.t.c.a.a.c.u.util.UserUtilService   : 1 tutors generated. Generate 0 editors...
    23:43:37.930 | 370 ool-1-worker-134 | DEBUG | d.t.c.a.a.c.u.util.UserUtilService   : 0 editors generated. Generate 2 instructors...
    23:43:37.940 | 370 ool-1-worker-134 | DEBUG | d.t.c.a.a.c.u.util.UserUtilService   : 2 instructors generated
    23:43:37.942 | 370 ool-1-worker-134 | DEBUG | d.t.c.a.a.c.u.util.UserUtilService   : Removing 5 users from all courses...
    23:43:37.945 | 370 ool-1-worker-134 | DEBUG | d.t.c.a.a.c.u.util.UserUtilService   : Removing 5 users from all courses. Done
    23:43:37.945 | 370 ool-1-worker-134 | DEBUG | d.t.c.a.a.c.u.util.UserUtilService   : Save 5 users to database...
    23:43:37.972 | 370 ool-1-worker-134 | DEBUG | d.t.c.a.a.c.u.util.UserUtilService   : Save 5 users to database. Done
    23:43:38.122 | 370 ool-1-worker-134 | INFO  | i.z.t.d.l.EmbeddedDatabaseReporter   : JDBC URL to connect to 'dataSource': url='jdbc:h2:tcp://localhost:41063/mem:736625c0-cf5e-400d-aeaa-8a7eabd6262b;USER=sa', scope='StudentExamIntegrationTest#testSubmitStudentExam_early'
    23:43:38.172 | 370 ool-1-worker-134 | DEBUG | d.t.c.a.a.c.s.f.ApiVersionFilter     : Adding Version to Request POST /api/courses/472/exams/917/generate-student-exams
    23:43:38.173 | 370 ool-1-worker-134 | INFO  | d.t.c.a.a.exam.web.ExamResource      : REST request to generate student exams for exam 917
    23:43:38.186 | 370 ool-1-worker-134 | INFO  | d.t.c.a.a.e.s.ExamDeletionService    : User studexaminstructor1 has requested to delete existing student exams and participations for exam Real exam 1
    23:43:38.190 | 370 ool-1-worker-134 | INFO  | d.t.c.a.a.e.s.ParticipationService   : Request to delete all 0 participations of exercise with id : 1585
    23:43:38.191 | 370 ool-1-worker-134 | INFO  | d.t.c.a.a.e.s.ParticipationService   : Request to delete all 0 participations of exercise with id : 1586
    23:43:38.195 | 370 ool-1-worker-134 | INFO  | d.t.c.a.a.e.s.ParticipationService   : Request to delete all 0 participations of exercise with id : 1587
    23:43:38.196 | 370 ool-1-worker-134 | INFO  | d.t.c.a.a.e.s.ParticipationService   : Request to delete all 0 participations of exercise with id : 1588
    23:43:38.197 | 370 ool-1-worker-134 | INFO  | d.t.c.a.a.e.s.ParticipationService   : Request to delete all 0 participations of exercise with id : 1589
    23:43:38.198 | 370 ool-1-worker-134 | INFO  | d.t.c.a.a.e.s.ParticipationService   : Request to delete all 0 participations of exercise with id : 1590
    23:43:38.199 | 370 ool-1-worker-134 | INFO  | d.t.c.a.a.e.s.ParticipationService   : Request to delete all 0 participations of exercise with id : 1591
    23:43:38.200 | 370 ool-1-worker-134 | INFO  | d.t.c.a.a.e.s.ParticipationService   : Request to delete all 0 participations of exercise with id : 1592
    23:43:38.201 | 370 ool-1-worker-134 | INFO  | d.t.c.a.a.e.s.ParticipationService   : Request to delete all 0 participations of exercise with id : 1593
    23:43:38.202 | 370 ool-1-worker-134 | INFO  | d.t.c.a.a.e.s.ParticipationService   : Request to delete all 0 participations of exercise with id : 1594
    23:43:38.203 | 370 ool-1-worker-134 | INFO  | d.t.c.a.a.e.s.ParticipationService   : Request to delete all 0 participations of exercise with id : 1595
    23:43:38.206 | 370 ool-1-worker-134 | INFO  | d.t.c.a.a.exam.web.ExamResource      : Generated 1 student exams in 32.50ms for exam 917
    23:43:38.225 | 370 ool-1-worker-134 | DEBUG | d.t.c.a.a.c.s.f.ApiVersionFilter     : Adding Version to Request POST /api/courses/472/exams/917/student-exams/start-exercises
    23:43:38.231 | 370 ool-1-worker-134 | DEBUG | d.t.c.a.a.exam.service.ExamService   : Finished combination of template commits for programming exercise ProgrammingExercise{id=1595, templateRepositoryUri='https://version-control.fake.fake/git/SHORTAD4D2C120033204F5909C3806A57C2175565TF31/shortad4d2c120033204f5909c3806a57c2175565tf31-exercise.git', solutionRepositoryUri='https://version-control.fake.fake/git/SHORTAD4D2C120033204F5909C3806A57C2175565TF31/shortad4d2c120033204f5909c3806a57c2175565tf31-solution.git', templateBuildPlanId='SHORTAD4D2C120033204F5909C3806A57C2175565TF31-BASE', solutionBuildPlanId='SHORTAD4D2C120033204F5909C3806A57C2175565TF31-SOLUTION', allowOnlineEditor='null', allowOnlineIde='false', programmingLanguage='JAVA', packageName='de.test'', testCasesChanged='false'}
    23:43:38.231 | 370 ool-1-worker-134 | INFO  | d.t.c.a.a.e.web.StudentExamResource  : REST request to start exercises for student exams of exam 917
    23:43:38.263 | 709 ol-4900-thread-1 | INFO  | d.t.c.a.a.e.s.StudentExamService     : SUCCESS: Start exercise for student exam 456 and exercise 1585 and student studexamstudent1
    23:43:38.289 | 709 ol-4900-thread-1 | INFO  | d.t.c.a.a.e.s.StudentExamService     : SUCCESS: Start exercise for student exam 456 and exercise 1587 and student studexamstudent1
    23:43:38.297 | 709 ol-4900-thread-1 | INFO  | d.t.c.a.a.e.s.StudentExamService     : SUCCESS: Start exercise for student exam 456 and exercise 1589 and student studexamstudent1
    23:43:38.304 | 709 ol-4900-thread-1 | INFO  | d.t.c.a.a.e.s.StudentExamService     : SUCCESS: Start exercise for student exam 456 and exercise 1592 and student studexamstudent1
    23:43:38.310 | 709 ol-4900-thread-1 | INFO  | d.t.c.a.a.e.s.StudentExamService     : SUCCESS: Start exercise for student exam 456 and exercise 1593 and student studexamstudent1
    23:43:38.317 | 709 ol-4900-thread-1 | INFO  | d.t.c.a.a.e.s.StudentExamService     : SUCCESS: Start exercise for student exam 456 and exercise 1594 and student studexamstudent1
    23:43:38.322 | 709 ol-4900-thread-1 | DEBUG | d.t.c.a.a.p.service.GitService       : Cloning from file:/tmp/exerciseOriginRepo6841344361339411920/ to repos/server-integration-test/studentOriginRepo3044534759986625315
    23:43:38.342 | 709 ol-4900-thread-1 | ERROR | .a.a.p.s.j.b.JenkinsBuildPlanService : Pipeline Script not found
java.lang.IllegalArgumentException: Pipeline Script not found
	at de.tum.cit.aet.artemis.programming.service.jenkins.build_plan.JenkinsBuildPlanUtils.replaceScriptParameters(JenkinsBuildPlanUtils.java:22)
	at de.tum.cit.aet.artemis.programming.service.jenkins.build_plan.JenkinsBuildPlanService.updateBuildPlanURLs(JenkinsBuildPlanService.java:245)
	at de.tum.cit.aet.artemis.programming.service.jenkins.build_plan.JenkinsBuildPlanService.copyBuildPlan(JenkinsBuildPlanService.java:293)
	at de.tum.cit.aet.artemis.programming.service.jenkins.JenkinsService.copyBuildPlan(JenkinsService.java:128)
	at java.base/java.lang.invoke.MethodHandle.invokeWithArguments(MethodHandle.java:733)
	at org.mockito.internal.util.reflection.InstrumentationMemberAccessor$Dispatcher$ByteBuddy$oog9jsgw.invokeWithArguments(Unknown Source)
	at org.mockito.internal.util.reflection.InstrumentationMemberAccessor.invoke(InstrumentationMemberAccessor.java:251)
	at org.mockito.internal.util.reflection.ModuleMemberAccessor.invoke(ModuleMemberAccessor.java:55)
	at org.mockito.internal.creation.bytebuddy.MockMethodAdvice.tryInvoke(MockMethodAdvice.java:314)
	at org.mockito.internal.creation.bytebuddy.MockMethodAdvice$RealMethodCall.invoke(MockMethodAdvice.java:234)
	at org.mockito.internal.invocation.InterceptedInvocation.callRealMethod(InterceptedInvocation.java:142)
	at org.mockito.internal.stubbing.answers.CallsRealMethods.answer(CallsRealMethods.java:45)
	at org.mockito.Answers.answer(Answers.java:90)
	at org.mockito.internal.handler.MockHandlerImpl.handle(MockHandlerImpl.java:111)
	at org.mockito.internal.handler.NullResultGuardian.handle(NullResultGuardian.java:29)
	at org.mockito.internal.handler.InvocationNotifierHandler.handle(InvocationNotifierHandler.java:34)
	at org.mockito.internal.creation.bytebuddy.MockMethodInterceptor.doIntercept(MockMethodInterceptor.java:82)
	at org.mockito.internal.creation.bytebuddy.MockMethodAdvice.handle(MockMethodAdvice.java:134)
	at de.tum.cit.aet.artemis.programming.service.jenkins.JenkinsService.copyBuildPlan(JenkinsService.java:126)
	at de.tum.cit.aet.artemis.exercise.service.ParticipationService.copyBuildPlan(ParticipationService.java:518)
	at de.tum.cit.aet.artemis.exercise.service.ParticipationService.startProgrammingParticipation(ParticipationService.java:296)
	at de.tum.cit.aet.artemis.exercise.service.ParticipationService.startProgrammingExercise(ParticipationService.java:265)
	at de.tum.cit.aet.artemis.exercise.service.ParticipationService.startExerciseWithInitializationDate(ParticipationService.java:192)
	at de.tum.cit.aet.artemis.exercise.service.ParticipationService.startExercise(ParticipationService.java:151)
	at de.tum.cit.aet.artemis.exam.service.StudentExamService.setUpExerciseParticipationsAndSubmissionsWithInitializationDate(StudentExamService.java:686)
	at de.tum.cit.aet.artemis.exam.service.StudentExamService.setUpExerciseParticipationsAndSubmissions(StudentExamService.java:800)
	at de.tum.cit.aet.artemis.exam.service.StudentExamService.lambda$startExercises$15(StudentExamService.java:735)
	at java.base/java.util.concurrent.CompletableFuture$AsyncRun.run(CompletableFuture.java:1804)
	at java.base/java.util.concurrent.ThreadPoolExecutor.runWorker(ThreadPoolExecutor.java:1144)
	at java.base/java.util.concurrent.ThreadPoolExecutor$Worker.run(ThreadPoolExecutor.java:642)
	at java.base/java.lang.Thread.run(Thread.java:1583)
    23:43:38.356 | 709 ol-4900-thread-1 | ERROR | .a.a.p.s.j.b.JenkinsBuildPlanService : Pipeline Script not found
java.lang.IllegalArgumentException: Pipeline Script not found
	at de.tum.cit.aet.artemis.programming.service.jenkins.build_plan.JenkinsBuildPlanUtils.replaceScriptParameters(JenkinsBuildPlanUtils.java:29)
	at de.tum.cit.aet.artemis.programming.service.jenkins.build_plan.JenkinsBuildPlanService.updateBuildPlanRepositories(JenkinsBuildPlanService.java:219)
	at de.tum.cit.aet.artemis.programming.service.jenkins.build_plan.JenkinsBuildPlanService.configureBuildPlanForParticipation(JenkinsBuildPlanService.java:196)
	at de.tum.cit.aet.artemis.programming.service.jenkins.JenkinsService.configureBuildPlan(JenkinsService.java:138)
	at java.base/java.lang.invoke.MethodHandle.invokeWithArguments(MethodHandle.java:733)
	at org.mockito.internal.util.reflection.InstrumentationMemberAccessor$Dispatcher$ByteBuddy$oog9jsgw.invokeWithArguments(Unknown Source)
	at org.mockito.internal.util.reflection.InstrumentationMemberAccessor.invoke(InstrumentationMemberAccessor.java:251)
	at org.mockito.internal.util.reflection.ModuleMemberAccessor.invoke(ModuleMemberAccessor.java:55)
	at org.mockito.internal.creation.bytebuddy.MockMethodAdvice.tryInvoke(MockMethodAdvice.java:314)
	at org.mockito.internal.creation.bytebuddy.MockMethodAdvice$RealMethodCall.invoke(MockMethodAdvice.java:234)
	at org.mockito.internal.invocation.InterceptedInvocation.callRealMethod(InterceptedInvocation.java:142)
	at org.mockito.internal.stubbing.answers.CallsRealMethods.answer(CallsRealMethods.java:45)
	at org.mockito.Answers.answer(Answers.java:90)
	at org.mockito.internal.handler.MockHandlerImpl.handle(MockHandlerImpl.java:111)
	at org.mockito.internal.handler.NullResultGuardian.handle(NullResultGuardian.java:29)
	at org.mockito.internal.handler.InvocationNotifierHandler.handle(InvocationNotifierHandler.java:34)
	at org.mockito.internal.creation.bytebuddy.MockMethodInterceptor.doIntercept(MockMethodInterceptor.java:82)
	at org.mockito.internal.creation.bytebuddy.MockMethodAdvice.handle(MockMethodAdvice.java:134)
	at de.tum.cit.aet.artemis.programming.service.jenkins.JenkinsService.configureBuildPlan(JenkinsService.java:138)
	at de.tum.cit.aet.artemis.exercise.service.ParticipationService.configureBuildPlan(ParticipationService.java:532)
	at de.tum.cit.aet.artemis.exercise.service.ParticipationService.startProgrammingParticipation(ParticipationService.java:298)
	at de.tum.cit.aet.artemis.exercise.service.ParticipationService.startProgrammingExercise(ParticipationService.java:265)
	at de.tum.cit.aet.artemis.exercise.service.ParticipationService.startExerciseWithInitializationDate(ParticipationService.java:192)
	at de.tum.cit.aet.artemis.exercise.service.ParticipationService.startExercise(ParticipationService.java:151)
	at de.tum.cit.aet.artemis.exam.service.StudentExamService.setUpExerciseParticipationsAndSubmissionsWithInitializationDate(StudentExamService.java:686)
	at de.tum.cit.aet.artemis.exam.service.StudentExamService.setUpExerciseParticipationsAndSubmissions(StudentExamService.java:800)
	at de.tum.cit.aet.artemis.exam.service.StudentExamService.lambda$startExercises$15(StudentExamService.java:735)
	at java.base/java.util.concurrent.CompletableFuture$AsyncRun.run(CompletableFuture.java:1804)
	at java.base/java.util.concurrent.ThreadPoolExecutor.runWorker(ThreadPoolExecutor.java:1144)
	at java.base/java.util.concurrent.ThreadPoolExecutor$Worker.run(ThreadPoolExecutor.java:642)
	at java.base/java.lang.Thread.run(Thread.java:1583)
    23:43:38.362 | 709 ol-4900-thread-1 | INFO  | d.t.c.a.a.e.s.StudentExamService     : SUCCESS: Start exercise for student exam 456 and exercise 1595 and student studexamstudent1
    23:43:38.364 | 370 ool-1-worker-134 | INFO  | d.t.c.a.a.e.web.StudentExamResource  : Generated 7 participations in 138.32ms for student exams of exam 917
    23:43:38.365 | 370 ool-1-worker-134 | DEBUG | d.t.c.a.a.c.s.f.ApiVersionFilter     : Adding Version to Request GET /api/courses/472/exams/917/student-exams/start-exercises/status
    23:43:38.370 | 059 pool-4-thread-2  | INFO  | d.t.c.a.a.p.s.gitlab.GitLabService   : Protecting branch main for Gitlab repository SHORT2BA924B2000B6049C0087A40CD018715EF4ETBA5/short2ba924b2000b6049c0087a40cd018715ef4etba5-studexamstudent2
    23:43:38.371 | 370 ool-1-worker-134 | DEBUG | d.t.c.a.a.c.s.f.ApiVersionFilter     : Adding Version to Request GET /api/courses/472/exams/917/student-exams/456/conduction
    23:43:38.372 | 370 ool-1-worker-134 | DEBUG | d.t.c.a.a.e.web.StudentExamResource  : REST request to get the student exam of user studexamstudent1 for exam 917
    23:43:38.381 | 370 ool-1-worker-134 | DEBUG | d.t.c.a.a.e.s.ExamSessionService     : Exam session started
    23:43:38.382 | 370 ool-1-worker-134 | INFO  | d.t.c.a.a.e.web.StudentExamResource  : getStudentExamForConduction done in 11ms for 7 exercises for user studexamstudent1
    23:43:38.388 | 370 ool-1-worker-134 | DEBUG | d.t.c.a.a.c.s.f.ApiVersionFilter     : Adding Version to Request POST /api/courses/472/exams/917/student-exams/submit
    23:43:38.391 | 370 ool-1-worker-134 | DEBUG | d.t.c.a.a.e.web.StudentExamResource  : REST request to mark the studentExam as submitted : 456
    23:43:38.393 | 370 ool-1-worker-134 | DEBUG | d.t.c.a.a.e.web.StudentExamResource  : Completed input validation for submitStudentExam in 2.79ms
    23:43:38.393 | 370 ool-1-worker-134 | DEBUG | d.t.c.a.a.e.s.StudentExamService     : Submit student exam with id 456
    23:43:38.394 | 059 pool-4-thread-2  | INFO  | d.t.c.a.a.p.s.gitlab.GitLabService   : Protecting branch main for Gitlab repository SHORT2BA924B2000B6049C0087A40CD018715EF4ETBA5/short2ba924b2000b6049c0087a40cd018715ef4etba5-studexamstudent1
    23:43:38.394 | 370 ool-1-worker-134 | DEBUG | d.t.c.a.a.e.s.StudentExamService     :     Set student exam to submitted in 684µs
    23:43:38.396 | 370 ool-1-worker-134 | DEBUG | d.t.c.a.a.e.s.StudentExamService     :     Potentially save submissions in 1.70ms
    23:43:38.396 |  68 artemis-task-1   | DEBUG | grammingExerciseParticipationService : lock student repositories for User{login='studexamstudent1', firstName='studexamstudent1First', lastName='studexamstudent1Last', email='studexamstudent1@test.de', imageUrl='null', activated='true', langKey='en', activationKey='null'}
    23:43:38.397 |  68 artemis-task-1   | INFO  | d.t.c.a.a.p.s.gitlab.GitLabService   : Adding user 1 with permissions 20 to repository SHORTAD4D2C120033204F5909C3806A57C2175565TF31/shortad4d2c120033204f5909c3806a57c2175565tf31-studexamstudent1
    23:43:38.397 | 370 ool-1-worker-134 | DEBUG | d.t.c.a.a.e.s.StudentExamService     :     Lock student repositories in 1.63ms
    23:43:38.397 | 370 ool-1-worker-134 | INFO  | d.t.c.a.a.e.web.StudentExamResource  : Completed submitStudentExam with 7 exercises for user studexamstudent1 in a total time of 6.94ms
    23:43:38.399 | 370 ool-1-worker-134 | DEBUG | d.t.c.a.a.c.s.f.ApiVersionFilter     : Adding Version to Request GET /api/courses/472/exams/917/student-exams/456/summary
    23:43:38.400 | 370 ool-1-worker-134 | DEBUG | d.t.c.a.a.e.web.StudentExamResource  : REST request to get the student exam of user studexamstudent1 for exam 917
    23:43:38.406 | 370 ool-1-worker-134 | INFO  | d.t.c.a.a.e.web.StudentExamResource  : getStudentExamForSummary done in 7ms for 7 exercises for user studexamstudent1
    23:43:38.417 | 370 ool-1-worker-134 | DEBUG | d.t.c.a.a.c.s.f.ApiVersionFilter     : Adding Version to Request DELETE /api/courses/469/exams/912
    23:43:38.418 | 370 ool-1-worker-134 | INFO  | d.t.c.a.a.exam.web.ExamResource      : REST request to delete exam : 912
    23:43:38.428 | 370 ool-1-worker-134 | INFO  | d.t.c.a.a.e.s.ExamDeletionService    : User studexaminstructor1 has requested to delete the exam Real exam 1
    23:43:38.443 | 370 ool-1-worker-134 | INFO  | .c.a.a.c.s.TitleCacheEvictionService : Evicted entry '912' from title cache 'examTitle'

  Starting logs for StudentExamIntegrationTest > testExamAttendanceCheck()
    23:43:38.491 | 370 ool-1-worker-134 | DEBUG | d.t.c.a.a.c.u.util.UserUtilService   : Generate 2 students...
    23:43:38.495 | 370 ool-1-worker-134 | DEBUG | d.t.c.a.a.c.u.util.UserUtilService   : 2 students generated. Generate 1 tutors...
    23:43:38.497 | 370 ool-1-worker-134 | DEBUG | d.t.c.a.a.c.u.util.UserUtilService   : 1 tutors generated. Generate 0 editors...
    23:43:38.499 | 370 ool-1-worker-134 | DEBUG | d.t.c.a.a.c.u.util.UserUtilService   : 0 editors generated. Generate 2 instructors...
    23:43:38.503 | 370 ool-1-worker-134 | DEBUG | d.t.c.a.a.c.u.util.UserUtilService   : 2 instructors generated
    23:43:38.504 | 370 ool-1-worker-134 | DEBUG | d.t.c.a.a.c.u.util.UserUtilService   : Removing 5 users from all courses...
    23:43:38.505 | 370 ool-1-worker-134 | DEBUG | d.t.c.a.a.c.u.util.UserUtilService   : Removing 5 users from all courses. Done
    23:43:38.505 | 370 ool-1-worker-134 | DEBUG | d.t.c.a.a.c.u.util.UserUtilService   : Save 5 users to database...
    23:43:38.533 | 370 ool-1-worker-134 | DEBUG | d.t.c.a.a.c.u.util.UserUtilService   : Save 5 users to database. Done
    23:43:38.675 | 370 ool-1-worker-134 | INFO  | i.z.t.d.l.EmbeddedDatabaseReporter   : JDBC URL to connect to 'dataSource': url='jdbc:h2:tcp://localhost:41063/mem:736625c0-cf5e-400d-aeaa-8a7eabd6262b;USER=sa', scope='StudentExamIntegrationTest#testExamAttendanceCheck'
    23:43:38.683 | 370 ool-1-worker-134 | DEBUG | d.t.c.a.a.c.s.f.ApiVersionFilter     : Adding Version to Request POST /api/courses/473/exams/918/students/studexamstudent1/attendance-check
    23:43:38.684 | 370 ool-1-worker-134 | DEBUG | d.t.c.a.a.e.web.StudentExamResource  : REST request for attendance-check for student : studexamstudent1

  Starting logs for StudentExamIntegrationTest > testGetWorkingTimesDifferentStudentExams()
    23:43:38.785 | 370 ool-1-worker-134 | DEBUG | d.t.c.a.a.c.u.util.UserUtilService   : Generate 2 students...
    23:43:38.795 | 370 ool-1-worker-134 | DEBUG | d.t.c.a.a.c.u.util.UserUtilService   : 2 students generated. Generate 1 tutors...
    23:43:38.797 | 370 ool-1-worker-134 | DEBUG | d.t.c.a.a.c.u.util.UserUtilService   : 1 tutors generated. Generate 0 editors...
    23:43:38.799 | 370 ool-1-worker-134 | DEBUG | d.t.c.a.a.c.u.util.UserUtilService   : 0 editors generated. Generate 2 instructors...
    23:43:38.802 | 370 ool-1-worker-134 | DEBUG | d.t.c.a.a.c.u.util.UserUtilService   : 2 instructors generated
    23:43:38.805 | 370 ool-1-worker-134 | DEBUG | d.t.c.a.a.c.u.util.UserUtilService   : Removing 5 users from all courses...
    23:43:38.805 | 370 ool-1-worker-134 | DEBUG | d.t.c.a.a.c.u.util.UserUtilService   : Removing 5 users from all courses. Done
    23:43:38.805 | 370 ool-1-worker-134 | DEBUG | d.t.c.a.a.c.u.util.UserUtilService   : Save 5 users to database...
    23:43:38.829 | 370 ool-1-worker-134 | DEBUG | d.t.c.a.a.c.u.util.UserUtilService   : Save 5 users to database. Done
    23:43:38.926 | 059 pool-4-thread-2  | INFO  | d.t.c.a.a.p.s.gitlab.GitLabService   : Unprotecting branch main for Gitlab repository SHORTCCBF8CB90C63D045770A1180E269D1B856A7T8D6/shortccbf8cb90c63d045770a1180e269d1b856a7t8d6-studexamstudent1
    23:43:38.994 | 370 ool-1-worker-134 | INFO  | i.z.t.d.l.EmbeddedDatabaseReporter   : JDBC URL to connect to 'dataSource': url='jdbc:h2:tcp://localhost:41063/mem:736625c0-cf5e-400d-aeaa-8a7eabd6262b;USER=sa', scope='StudentExamIntegrationTest#testGetWorkingTimesDifferentStudentExams'
    23:43:39.041 | 370 ool-1-worker-134 | DEBUG | d.t.c.a.a.c.s.f.ApiVersionFilter     : Adding Version to Request POST /api/courses/479/exams/928/generate-student-exams
    23:43:39.041 | 370 ool-1-worker-134 | INFO  | d.t.c.a.a.exam.web.ExamResource      : REST request to generate student exams for exam 928
    23:43:39.053 | 370 ool-1-worker-134 | INFO  | d.t.c.a.a.e.s.ExamDeletionService    : User studexaminstructor1 has requested to delete existing student exams and participations for exam Real exam 1
    23:43:39.054 | 370 ool-1-worker-134 | INFO  | d.t.c.a.a.e.s.ParticipationService   : Request to delete all 0 participations of exercise with id : 1616
    23:43:39.056 | 370 ool-1-worker-134 | INFO  | d.t.c.a.a.e.s.ParticipationService   : Request to delete all 0 participations of exercise with id : 1617
    23:43:39.057 | 370 ool-1-worker-134 | INFO  | d.t.c.a.a.e.s.ParticipationService   : Request to delete all 0 participations of exercise with id : 1618
    23:43:39.058 | 370 ool-1-worker-134 | INFO  | d.t.c.a.a.e.s.ParticipationService   : Request to delete all 0 participations of exercise with id : 1619
    23:43:39.059 | 370 ool-1-worker-134 | INFO  | d.t.c.a.a.e.s.ParticipationService   : Request to delete all 0 participations of exercise with id : 1620
    23:43:39.060 | 370 ool-1-worker-134 | INFO  | d.t.c.a.a.e.s.ParticipationService   : Request to delete all 0 participations of exercise with id : 1621
    23:43:39.062 | 370 ool-1-worker-134 | INFO  | d.t.c.a.a.e.s.ParticipationService   : Request to delete all 0 participations of exercise with id : 1622
    23:43:39.063 | 370 ool-1-worker-134 | INFO  | d.t.c.a.a.e.s.ParticipationService   : Request to delete all 0 participations of exercise with id : 1623
    23:43:39.064 | 370 ool-1-worker-134 | INFO  | d.t.c.a.a.e.s.ParticipationService   : Request to delete all 0 participations of exercise with id : 1624
    23:43:39.065 | 370 ool-1-worker-134 | INFO  | d.t.c.a.a.e.s.ParticipationService   : Request to delete all 0 participations of exercise with id : 1625
    23:43:39.066 | 370 ool-1-worker-134 | INFO  | d.t.c.a.a.e.s.ParticipationService   : Request to delete all 0 participations of exercise with id : 1626
    23:43:39.069 | 370 ool-1-worker-134 | INFO  | d.t.c.a.a.exam.web.ExamResource      : Generated 2 student exams in 28.27ms for exam 928

  Starting logs for StudentExamIntegrationTest > testAssessUnsubmittedStudentExams_forbidden()
    23:43:39.148 | 370 ool-1-worker-134 | DEBUG | d.t.c.a.a.c.u.util.UserUtilService   : Generate 2 students...
    23:43:39.152 | 370 ool-1-worker-134 | DEBUG | d.t.c.a.a.c.u.util.UserUtilService   : 2 students generated. Generate 1 tutors...
    23:43:39.154 | 370 ool-1-worker-134 | DEBUG | d.t.c.a.a.c.u.util.UserUtilService   : 1 tutors generated. Generate 0 editors...
    23:43:39.158 | 370 ool-1-worker-134 | DEBUG | d.t.c.a.a.c.u.util.UserUtilService   : 0 editors generated. Generate 2 instructors...
    23:43:39.161 | 370 ool-1-worker-134 | DEBUG | d.t.c.a.a.c.u.util.UserUtilService   : 2 instructors generated
    23:43:39.163 | 370 ool-1-worker-134 | DEBUG | d.t.c.a.a.c.u.util.UserUtilService   : Removing 5 users from all courses...
    23:43:39.164 | 370 ool-1-worker-134 | DEBUG | d.t.c.a.a.c.u.util.UserUtilService   : Removing 5 users from all courses. Done
    23:43:39.164 | 370 ool-1-worker-134 | DEBUG | d.t.c.a.a.c.u.util.UserUtilService   : Save 5 users to database...
    23:43:39.190 | 370 ool-1-worker-134 | DEBUG | d.t.c.a.a.c.u.util.UserUtilService   : Save 5 users to database. Done
    23:43:39.328 | 370 ool-1-worker-134 | INFO  | i.z.t.d.l.EmbeddedDatabaseReporter   : JDBC URL to connect to 'dataSource': url='jdbc:h2:tcp://localhost:41063/mem:736625c0-cf5e-400d-aeaa-8a7eabd6262b;USER=sa', scope='StudentExamIntegrationTest#testAssessUnsubmittedStudentExams_forbidden'
    23:43:39.366 | 061 pool-4-thread-4  | INFO  | d.t.c.a.a.p.s.gitlab.GitLabService   : Protecting branch main for Gitlab repository SHORT817B5BE60D1E0041740BC3C0577CF9F66DAFT77C/short817b5be60d1e0041740bc3c0577cf9f66daft77c-studexamstudent2
    23:43:39.376 | 061 pool-4-thread-4  | INFO  | d.t.c.a.a.p.s.gitlab.GitLabService   : Protecting branch main for Gitlab repository SHORT817B5BE60D1E0041740BC3C0577CF9F66DAFT77C/short817b5be60d1e0041740bc3c0577cf9f66daft77c-studexamstudent1
    23:43:39.385 | 370 ool-1-worker-134 | DEBUG | d.t.c.a.a.c.s.f.ApiVersionFilter     : Adding Version to Request POST /api/courses/483/exams/934/generate-student-exams
    23:43:39.386 | 370 ool-1-worker-134 | INFO  | d.t.c.a.a.exam.web.ExamResource      : REST request to generate student exams for exam 934
    23:43:39.400 | 370 ool-1-worker-134 | INFO  | d.t.c.a.a.e.s.ExamDeletionService    : User studexaminstructor1 has requested to delete existing student exams and participations for exam Real exam 1
    23:43:39.401 | 370 ool-1-worker-134 | INFO  | d.t.c.a.a.e.s.ParticipationService   : Request to delete all 0 participations of exercise with id : 1637
    23:43:39.402 | 370 ool-1-worker-134 | INFO  | d.t.c.a.a.e.s.ParticipationService   : Request to delete all 0 participations of exercise with id : 1638
    23:43:39.403 | 370 ool-1-worker-134 | INFO  | d.t.c.a.a.e.s.ParticipationService   : Request to delete all 0 participations of exercise with id : 1639
    23:43:39.406 | 370 ool-1-worker-134 | INFO  | d.t.c.a.a.e.s.ParticipationService   : Request to delete all 0 participations of exercise with id : 1640
    23:43:39.407 | 370 ool-1-worker-134 | INFO  | d.t.c.a.a.e.s.ParticipationService   : Request to delete all 0 participations of exercise with id : 1641
    23:43:39.412 | 370 ool-1-worker-134 | INFO  | d.t.c.a.a.e.s.ParticipationService   : Request to delete all 0 participations of exercise with id : 1642
    23:43:39.413 | 370 ool-1-worker-134 | INFO  | d.t.c.a.a.e.s.ParticipationService   : Request to delete all 0 participations of exercise with id : 1643
    23:43:39.414 | 370 ool-1-worker-134 | INFO  | d.t.c.a.a.e.s.ParticipationService   : Request to delete all 0 participations of exercise with id : 1644
    23:43:39.418 | 370 ool-1-worker-134 | INFO  | d.t.c.a.a.e.s.ParticipationService   : Request to delete all 0 participations of exercise with id : 1645
    23:43:39.419 | 370 ool-1-worker-134 | INFO  | d.t.c.a.a.e.s.ParticipationService   : Request to delete all 0 participations of exercise with id : 1646
    23:43:39.420 | 370 ool-1-worker-134 | INFO  | d.t.c.a.a.e.s.ParticipationService   : Request to delete all 0 participations of exercise with id : 1647
    23:43:39.425 | 370 ool-1-worker-134 | INFO  | d.t.c.a.a.exam.web.ExamResource      : Generated 1 student exams in 39.28ms for exam 934
    23:43:39.468 | 370 ool-1-worker-134 | DEBUG | d.t.c.a.a.c.s.f.ApiVersionFilter     : Adding Version to Request POST /api/courses/483/exams/934/student-exams/start-exercises
    23:43:39.478 | 370 ool-1-worker-134 | DEBUG | d.t.c.a.a.exam.service.ExamService   : Finished combination of template commits for programming exercise ProgrammingExercise{id=1647, templateRepositoryUri='https://version-control.fake.fake/git/SHORTF399EB2F08FAF045AE098380260FFB945EA7TA49/shortf399eb2f08faf045ae098380260ffb945ea7ta49-exercise.git', solutionRepositoryUri='https://version-control.fake.fake/git/SHORTF399EB2F08FAF045AE098380260FFB945EA7TA49/shortf399eb2f08faf045ae098380260ffb945ea7ta49-solution.git', templateBuildPlanId='SHORTF399EB2F08FAF045AE098380260FFB945EA7TA49-BASE', solutionBuildPlanId='SHORTF399EB2F08FAF045AE098380260FFB945EA7TA49-SOLUTION', allowOnlineEditor='null', allowOnlineIde='false', programmingLanguage='JAVA', packageName='de.test'', testCasesChanged='false'}
    23:43:39.478 | 370 ool-1-worker-134 | INFO  | d.t.c.a.a.e.web.StudentExamResource  : REST request to start exercises for student exams of exam 934
    23:43:39.499 | 720 ol-4984-thread-1 | INFO  | d.t.c.a.a.e.s.StudentExamService     : SUCCESS: Start exercise for student exam 474 and exercise 1637 and student studexamstudent1
    23:43:39.511 | 720 ol-4984-thread-1 | INFO  | d.t.c.a.a.e.s.StudentExamService     : SUCCESS: Start exercise for student exam 474 and exercise 1639 and student studexamstudent1
    23:43:39.518 | 720 ol-4984-thread-1 | INFO  | d.t.c.a.a.e.s.StudentExamService     : SUCCESS: Start exercise for student exam 474 and exercise 1641 and student studexamstudent1
    23:43:39.524 | 720 ol-4984-thread-1 | INFO  | d.t.c.a.a.e.s.StudentExamService     : SUCCESS: Start exercise for student exam 474 and exercise 1643 and student studexamstudent1
    23:43:39.531 | 720 ol-4984-thread-1 | INFO  | d.t.c.a.a.e.s.StudentExamService     : SUCCESS: Start exercise for student exam 474 and exercise 1645 and student studexamstudent1
    23:43:39.537 | 720 ol-4984-thread-1 | INFO  | d.t.c.a.a.e.s.StudentExamService     : SUCCESS: Start exercise for student exam 474 and exercise 1646 and student studexamstudent1
    23:43:39.543 | 720 ol-4984-thread-1 | DEBUG | d.t.c.a.a.p.service.GitService       : Cloning from file:/tmp/exerciseOriginRepo14280590078804637485/ to repos/server-integration-test/studentOriginRepo14338979126722001162
    23:43:39.560 | 720 ol-4984-thread-1 | ERROR | .a.a.p.s.j.b.JenkinsBuildPlanService : Pipeline Script not found
java.lang.IllegalArgumentException: Pipeline Script not found
	at de.tum.cit.aet.artemis.programming.service.jenkins.build_plan.JenkinsBuildPlanUtils.replaceScriptParameters(JenkinsBuildPlanUtils.java:22)
	at de.tum.cit.aet.artemis.programming.service.jenkins.build_plan.JenkinsBuildPlanService.updateBuildPlanURLs(JenkinsBuildPlanService.java:245)
	at de.tum.cit.aet.artemis.programming.service.jenkins.build_plan.JenkinsBuildPlanService.copyBuildPlan(JenkinsBuildPlanService.java:293)
	at de.tum.cit.aet.artemis.programming.service.jenkins.JenkinsService.copyBuildPlan(JenkinsService.java:128)
	at java.base/java.lang.invoke.MethodHandle.invokeWithArguments(MethodHandle.java:733)
	at org.mockito.internal.util.reflection.InstrumentationMemberAccessor$Dispatcher$ByteBuddy$oog9jsgw.invokeWithArguments(Unknown Source)
	at org.mockito.internal.util.reflection.InstrumentationMemberAccessor.invoke(InstrumentationMemberAccessor.java:251)
	at org.mockito.internal.util.reflection.ModuleMemberAccessor.invoke(ModuleMemberAccessor.java:55)
	at org.mockito.internal.creation.bytebuddy.MockMethodAdvice.tryInvoke(MockMethodAdvice.java:314)
	at org.mockito.internal.creation.bytebuddy.MockMethodAdvice$RealMethodCall.invoke(MockMethodAdvice.java:234)
	at org.mockito.internal.invocation.InterceptedInvocation.callRealMethod(InterceptedInvocation.java:142)
	at org.mockito.internal.stubbing.answers.CallsRealMethods.answer(CallsRealMethods.java:45)
	at org.mockito.Answers.answer(Answers.java:90)
	at org.mockito.internal.handler.MockHandlerImpl.handle(MockHandlerImpl.java:111)
	at org.mockito.internal.handler.NullResultGuardian.handle(NullResultGuardian.java:29)
	at org.mockito.internal.handler.InvocationNotifierHandler.handle(InvocationNotifierHandler.java:34)
	at org.mockito.internal.creation.bytebuddy.MockMethodInterceptor.doIntercept(MockMethodInterceptor.java:82)
	at org.mockito.internal.creation.bytebuddy.MockMethodAdvice.handle(MockMethodAdvice.java:134)
	at de.tum.cit.aet.artemis.programming.service.jenkins.JenkinsService.copyBuildPlan(JenkinsService.java:126)
	at de.tum.cit.aet.artemis.exercise.service.ParticipationService.copyBuildPlan(ParticipationService.java:518)
	at de.tum.cit.aet.artemis.exercise.service.ParticipationService.startProgrammingParticipation(ParticipationService.java:296)
	at de.tum.cit.aet.artemis.exercise.service.ParticipationService.startProgrammingExercise(ParticipationService.java:265)
	at de.tum.cit.aet.artemis.exercise.service.ParticipationService.startExerciseWithInitializationDate(ParticipationService.java:192)
	at de.tum.cit.aet.artemis.exercise.service.ParticipationService.startExercise(ParticipationService.java:151)
	at de.tum.cit.aet.artemis.exam.service.StudentExamService.setUpExerciseParticipationsAndSubmissionsWithInitializationDate(StudentExamService.java:686)
	at de.tum.cit.aet.artemis.exam.service.StudentExamService.setUpExerciseParticipationsAndSubmissions(StudentExamService.java:800)
	at de.tum.cit.aet.artemis.exam.service.StudentExamService.lambda$startExercises$15(StudentExamService.java:735)
	at java.base/java.util.concurrent.CompletableFuture$AsyncRun.run(CompletableFuture.java:1804)
	at java.base/java.util.concurrent.ThreadPoolExecutor.runWorker(ThreadPoolExecutor.java:1144)
	at java.base/java.util.concurrent.ThreadPoolExecutor$Worker.run(ThreadPoolExecutor.java:642)
	at java.base/java.lang.Thread.run(Thread.java:1583)
    23:43:39.565 | 720 ol-4984-thread-1 | ERROR | .a.a.p.s.j.b.JenkinsBuildPlanService : Pipeline Script not found
java.lang.IllegalArgumentException: Pipeline Script not found
	at de.tum.cit.aet.artemis.programming.service.jenkins.build_plan.JenkinsBuildPlanUtils.replaceScriptParameters(JenkinsBuildPlanUtils.java:29)
	at de.tum.cit.aet.artemis.programming.service.jenkins.build_plan.JenkinsBuildPlanService.updateBuildPlanRepositories(JenkinsBuildPlanService.java:219)
	at de.tum.cit.aet.artemis.programming.service.jenkins.build_plan.JenkinsBuildPlanService.configureBuildPlanForParticipation(JenkinsBuildPlanService.java:196)
	at de.tum.cit.aet.artemis.programming.service.jenkins.JenkinsService.configureBuildPlan(JenkinsService.java:138)
	at java.base/java.lang.invoke.MethodHandle.invokeWithArguments(MethodHandle.java:733)
	at org.mockito.internal.util.reflection.InstrumentationMemberAccessor$Dispatcher$ByteBuddy$oog9jsgw.invokeWithArguments(Unknown Source)
	at org.mockito.internal.util.reflection.InstrumentationMemberAccessor.invoke(InstrumentationMemberAccessor.java:251)
	at org.mockito.internal.util.reflection.ModuleMemberAccessor.invoke(ModuleMemberAccessor.java:55)
	at org.mockito.internal.creation.bytebuddy.MockMethodAdvice.tryInvoke(MockMethodAdvice.java:314)
	at org.mockito.internal.creation.bytebuddy.MockMethodAdvice$RealMethodCall.invoke(MockMethodAdvice.java:234)
	at org.mockito.internal.invocation.InterceptedInvocation.callRealMethod(InterceptedInvocation.java:142)
	at org.mockito.internal.stubbing.answers.CallsRealMethods.answer(CallsRealMethods.java:45)
	at org.mockito.Answers.answer(Answers.java:90)
	at org.mockito.internal.handler.MockHandlerImpl.handle(MockHandlerImpl.java:111)
	at org.mockito.internal.handler.NullResultGuardian.handle(NullResultGuardian.java:29)
	at org.mockito.internal.handler.InvocationNotifierHandler.handle(InvocationNotifierHandler.java:34)
	at org.mockito.internal.creation.bytebuddy.MockMethodInterceptor.doIntercept(MockMethodInterceptor.java:82)
	at org.mockito.internal.creation.bytebuddy.MockMethodAdvice.handle(MockMethodAdvice.java:134)
	at de.tum.cit.aet.artemis.programming.service.jenkins.JenkinsService.configureBuildPlan(JenkinsService.java:138)
	at de.tum.cit.aet.artemis.exercise.service.ParticipationService.configureBuildPlan(ParticipationService.java:532)
	at de.tum.cit.aet.artemis.exercise.service.ParticipationService.startProgrammingParticipation(ParticipationService.java:298)
	at de.tum.cit.aet.artemis.exercise.service.ParticipationService.startProgrammingExercise(ParticipationService.java:265)
	at de.tum.cit.aet.artemis.exercise.service.ParticipationService.startExerciseWithInitializationDate(ParticipationService.java:192)
	at de.tum.cit.aet.artemis.exercise.service.ParticipationService.startExercise(ParticipationService.java:151)
	at de.tum.cit.aet.artemis.exam.service.StudentExamService.setUpExerciseParticipationsAndSubmissionsWithInitializationDate(StudentExamService.java:686)
	at de.tum.cit.aet.artemis.exam.service.StudentExamService.setUpExerciseParticipationsAndSubmissions(StudentExamService.java:800)
	at de.tum.cit.aet.artemis.exam.service.StudentExamService.lambda$startExercises$15(StudentExamService.java:735)
	at java.base/java.util.concurrent.CompletableFuture$AsyncRun.run(CompletableFuture.java:1804)
	at java.base/java.util.concurrent.ThreadPoolExecutor.runWorker(ThreadPoolExecutor.java:1144)
	at java.base/java.util.concurrent.ThreadPoolExecutor$Worker.run(ThreadPoolExecutor.java:642)
	at java.base/java.lang.Thread.run(Thread.java:1583)
    23:43:39.571 | 720 ol-4984-thread-1 | INFO  | d.t.c.a.a.e.s.StudentExamService     : SUCCESS: Start exercise for student exam 474 and exercise 1647 and student studexamstudent1
    23:43:39.572 | 370 ool-1-worker-134 | INFO  | d.t.c.a.a.e.web.StudentExamResource  : Generated 7 participations in 102.90ms for student exams of exam 934
    23:43:39.574 | 370 ool-1-worker-134 | DEBUG | d.t.c.a.a.c.s.f.ApiVersionFilter     : Adding Version to Request GET /api/courses/483/exams/934/student-exams/start-exercises/status
    23:43:39.591 | 370 ool-1-worker-134 | DEBUG | d.t.c.a.a.c.s.f.ApiVersionFilter     : Adding Version to Request POST /api/courses/483/exams/934/student-exams/assess-unsubmitted-and-empty-student-exams
    23:43:39.592 | 370 ool-1-worker-134 | WARN  | o.z.p.spring.common.AdviceTraits     : Forbidden: Access Denied

  Starting logs for StudentExamIntegrationTest > testGetStudentExamForTestExamForConduction_success()
    23:43:39.656 | 370 ool-1-worker-134 | DEBUG | d.t.c.a.a.c.u.util.UserUtilService   : Generate 2 students...
    23:43:39.660 | 370 ool-1-worker-134 | DEBUG | d.t.c.a.a.c.u.util.UserUtilService   : 2 students generated. Generate 1 tutors...
    23:43:39.663 | 370 ool-1-worker-134 | DEBUG | d.t.c.a.a.c.u.util.UserUtilService   : 1 tutors generated. Generate 0 editors...
    23:43:39.664 | 370 ool-1-worker-134 | DEBUG | d.t.c.a.a.c.u.util.UserUtilService   : 0 editors generated. Generate 2 instructors...
    23:43:39.668 | 370 ool-1-worker-134 | DEBUG | d.t.c.a.a.c.u.util.UserUtilService   : 2 instructors generated
    23:43:39.670 | 370 ool-1-worker-134 | DEBUG | d.t.c.a.a.c.u.util.UserUtilService   : Removing 5 users from all courses...
    23:43:39.673 | 370 ool-1-worker-134 | DEBUG | d.t.c.a.a.c.u.util.UserUtilService   : Removing 5 users from all courses. Done
    23:43:39.673 | 370 ool-1-worker-134 | DEBUG | d.t.c.a.a.c.u.util.UserUtilService   : Save 5 users to database...
    23:43:39.703 | 370 ool-1-worker-134 | DEBUG | d.t.c.a.a.c.u.util.UserUtilService   : Save 5 users to database. Done
    23:43:39.770 | 733 pool-3-thread-3  | DEBUG | d.t.c.a.a.core.service.FileService   : Delete directory ./exports/server-integration-test/courses/_temp-exports_/139-Real_exam_1-20250214-234239
    23:43:39.845 | 370 ool-1-worker-134 | INFO  | i.z.t.d.l.EmbeddedDatabaseReporter   : JDBC URL to connect to 'dataSource': url='jdbc:h2:tcp://localhost:41063/mem:736625c0-cf5e-400d-aeaa-8a7eabd6262b;USER=sa', scope='StudentExamIntegrationTest#testGetStudentExamForTestExamForConduction_success'
    23:43:39.847 | 370 ool-1-worker-134 | DEBUG | d.t.c.a.a.c.s.f.ApiVersionFilter     : Adding Version to Request GET /api/courses/484/exams/937/student-exams/478/conduction
    23:43:39.848 | 370 ool-1-worker-134 | DEBUG | d.t.c.a.a.e.web.StudentExamResource  : REST request to get the student exam of user studexamstudent1 for exam 937
    23:43:39.852 | 370 ool-1-worker-134 | DEBUG | d.t.c.a.a.e.s.ExamSessionService     : Exam session started
    23:43:39.853 | 370 ool-1-worker-134 | INFO  | d.t.c.a.a.e.web.StudentExamResource  : getStudentExamForConduction done in 6ms for 0 exercises for user studexamstudent1

  Starting logs for StudentExamIntegrationTest > testAssessEmptyExamSubmissionsForMultipleCorrectionRounds()
    23:43:39.888 | 370 ool-1-worker-134 | DEBUG | d.t.c.a.a.c.u.util.UserUtilService   : Generate 2 students...
    23:43:39.892 | 370 ool-1-worker-134 | DEBUG | d.t.c.a.a.c.u.util.UserUtilService   : 2 students generated. Generate 1 tutors...
    23:43:39.894 | 370 ool-1-worker-134 | DEBUG | d.t.c.a.a.c.u.util.UserUtilService   : 1 tutors generated. Generate 0 editors...
    23:43:39.896 | 370 ool-1-worker-134 | DEBUG | d.t.c.a.a.c.u.util.UserUtilService   : 0 editors generated. Generate 2 instructors...
    23:43:39.900 | 370 ool-1-worker-134 | DEBUG | d.t.c.a.a.c.u.util.UserUtilService   : 2 instructors generated
    23:43:39.901 | 370 ool-1-worker-134 | DEBUG | d.t.c.a.a.c.u.util.UserUtilService   : Removing 5 users from all courses...
    23:43:39.902 | 370 ool-1-worker-134 | DEBUG | d.t.c.a.a.c.u.util.UserUtilService   : Removing 5 users from all courses. Done
    23:43:39.902 | 370 ool-1-worker-134 | DEBUG | d.t.c.a.a.c.u.util.UserUtilService   : Save 5 users to database...
    23:43:39.922 | 370 ool-1-worker-134 | DEBUG | d.t.c.a.a.c.u.util.UserUtilService   : Save 5 users to database. Done
    23:43:40.027 | 061 pool-4-thread-4  | INFO  | d.t.c.a.a.p.s.gitlab.GitLabService   : Protecting branch main for Gitlab repository SHORT3AA7656B00F36041890A23F0B5F691CFBE3FT5F3/short3aa7656b00f36041890a23f0b5f691cfbe3ft5f3-studexamstudent1
    23:43:40.047 | 370 ool-1-worker-134 | INFO  | i.z.t.d.l.EmbeddedDatabaseReporter   : JDBC URL to connect to 'dataSource': url='jdbc:h2:tcp://localhost:41063/mem:736625c0-cf5e-400d-aeaa-8a7eabd6262b;USER=sa', scope='StudentExamIntegrationTest#testAssessEmptyExamSubmissionsForMultipleCorrectionRounds'
    23:43:40.090 | 370 ool-1-worker-134 | DEBUG | d.t.c.a.a.c.s.f.ApiVersionFilter     : Adding Version to Request POST /api/courses/490/exams/945/generate-student-exams
    23:43:40.090 | 370 ool-1-worker-134 | INFO  | d.t.c.a.a.exam.web.ExamResource      : REST request to generate student exams for exam 945
    23:43:40.108 | 370 ool-1-worker-134 | INFO  | d.t.c.a.a.e.s.ExamDeletionService    : User studexaminstructor1 has requested to delete existing student exams and participations for exam Real exam 1
    23:43:40.109 | 370 ool-1-worker-134 | INFO  | d.t.c.a.a.e.s.ParticipationService   : Request to delete all 0 participations of exercise with id : 1668
    23:43:40.110 | 370 ool-1-worker-134 | INFO  | d.t.c.a.a.e.s.ParticipationService   : Request to delete all 0 participations of exercise with id : 1669
    23:43:40.116 | 370 ool-1-worker-134 | INFO  | d.t.c.a.a.e.s.ParticipationService   : Request to delete all 0 participations of exercise with id : 1670
    23:43:40.117 | 370 ool-1-worker-134 | INFO  | d.t.c.a.a.e.s.ParticipationService   : Request to delete all 0 participations of exercise with id : 1671
    23:43:40.121 | 370 ool-1-worker-134 | INFO  | d.t.c.a.a.e.s.ParticipationService   : Request to delete all 0 participations of exercise with id : 1672
    23:43:40.122 | 370 ool-1-worker-134 | INFO  | d.t.c.a.a.e.s.ParticipationService   : Request to delete all 0 participations of exercise with id : 1673
    23:43:40.123 | 370 ool-1-worker-134 | INFO  | d.t.c.a.a.e.s.ParticipationService   : Request to delete all 0 participations of exercise with id : 1674
    23:43:40.127 | 370 ool-1-worker-134 | INFO  | d.t.c.a.a.e.s.ParticipationService   : Request to delete all 0 participations of exercise with id : 1675
    23:43:40.128 | 370 ool-1-worker-134 | INFO  | d.t.c.a.a.e.s.ParticipationService   : Request to delete all 0 participations of exercise with id : 1676
    23:43:40.133 | 370 ool-1-worker-134 | INFO  | d.t.c.a.a.e.s.ParticipationService   : Request to delete all 0 participations of exercise with id : 1677
    23:43:40.134 | 370 ool-1-worker-134 | INFO  | d.t.c.a.a.e.s.ParticipationService   : Request to delete all 0 participations of exercise with id : 1678
    23:43:40.137 | 370 ool-1-worker-134 | INFO  | d.t.c.a.a.exam.web.ExamResource      : Generated 2 student exams in 46.66ms for exam 945
    23:43:40.169 | 370 ool-1-worker-134 | DEBUG | d.t.c.a.a.c.s.f.ApiVersionFilter     : Adding Version to Request POST /api/courses/490/exams/945/student-exams/start-exercises
    23:43:40.176 | 370 ool-1-worker-134 | DEBUG | d.t.c.a.a.exam.service.ExamService   : Finished combination of template commits for programming exercise ProgrammingExercise{id=1678, templateRepositoryUri='https://version-control.fake.fake/git/SHORT5C1438A509C5B041AF0880004C4E53D464CET83D/short5c1438a509c5b041af0880004c4e53d464cet83d-exercise.git', solutionRepositoryUri='https://version-control.fake.fake/git/SHORT5C1438A509C5B041AF0880004C4E53D464CET83D/short5c1438a509c5b041af0880004c4e53d464cet83d-solution.git', templateBuildPlanId='SHORT5C1438A509C5B041AF0880004C4E53D464CET83D-BASE', solutionBuildPlanId='SHORT5C1438A509C5B041AF0880004C4E53D464CET83D-SOLUTION', allowOnlineEditor='null', allowOnlineIde='false', programmingLanguage='JAVA', packageName='de.test'', testCasesChanged='false'}
    23:43:40.177 | 370 ool-1-worker-134 | INFO  | d.t.c.a.a.e.web.StudentExamResource  : REST request to start exercises for student exams of exam 945
    23:43:40.200 | 733 ol-5017-thread-1 | INFO  | d.t.c.a.a.e.s.StudentExamService     : SUCCESS: Start exercise for student exam 485 and exercise 1668 and student studexamstudent2
    23:43:40.205 | 734 ol-5017-thread-2 | INFO  | d.t.c.a.a.e.s.StudentExamService     : SUCCESS: Start exercise for student exam 486 and exercise 1668 and student studexamstudent1
    23:43:40.230 | 734 ol-5017-thread-2 | INFO  | d.t.c.a.a.e.s.StudentExamService     : SUCCESS: Start exercise for student exam 486 and exercise 1671 and student studexamstudent1
    23:43:40.233 | 733 ol-5017-thread-1 | INFO  | d.t.c.a.a.e.s.StudentExamService     : SUCCESS: Start exercise for student exam 485 and exercise 1670 and student studexamstudent2
    23:43:40.238 | 734 ol-5017-thread-2 | INFO  | d.t.c.a.a.e.s.StudentExamService     : SUCCESS: Start exercise for student exam 486 and exercise 1672 and student studexamstudent1
    23:43:40.247 | 734 ol-5017-thread-2 | INFO  | d.t.c.a.a.e.s.StudentExamService     : SUCCESS: Start exercise for student exam 486 and exercise 1675 and student studexamstudent1
    23:43:40.249 | 733 ol-5017-thread-1 | INFO  | d.t.c.a.a.e.s.StudentExamService     : SUCCESS: Start exercise for student exam 485 and exercise 1672 and student studexamstudent2
    23:43:40.255 | 734 ol-5017-thread-2 | INFO  | d.t.c.a.a.e.s.StudentExamService     : SUCCESS: Start exercise for student exam 486 and exercise 1676 and student studexamstudent1
    23:43:40.266 | 733 ol-5017-thread-1 | INFO  | d.t.c.a.a.e.s.StudentExamService     : SUCCESS: Start exercise for student exam 485 and exercise 1674 and student studexamstudent2
    23:43:40.269 | 734 ol-5017-thread-2 | INFO  | d.t.c.a.a.e.s.StudentExamService     : SUCCESS: Start exercise for student exam 486 and exercise 1677 and student studexamstudent1
    23:43:40.275 | 734 ol-5017-thread-2 | DEBUG | d.t.c.a.a.p.service.GitService       : Cloning from file:/tmp/exerciseOriginRepo1694789244174049125/ to repos/server-integration-test/studentOriginRepo1690850854475896202
    23:43:40.281 | 733 ol-5017-thread-1 | INFO  | d.t.c.a.a.e.s.StudentExamService     : SUCCESS: Start exercise for student exam 485 and exercise 1676 and student studexamstudent2
    23:43:40.299 | 733 ol-5017-thread-1 | INFO  | d.t.c.a.a.e.s.StudentExamService     : SUCCESS: Start exercise for student exam 485 and exercise 1677 and student studexamstudent2
    23:43:40.303 | 733 ol-5017-thread-1 | DEBUG | d.t.c.a.a.p.service.GitService       : Cloning from file:/tmp/exerciseOriginRepo1694789244174049125/ to repos/server-integration-test/studentOriginRepo3166830904958932654
    23:43:40.313 | 734 ol-5017-thread-2 | ERROR | .a.a.p.s.j.b.JenkinsBuildPlanService : Pipeline Script not found
java.lang.IllegalArgumentException: Pipeline Script not found
	at de.tum.cit.aet.artemis.programming.service.jenkins.build_plan.JenkinsBuildPlanUtils.replaceScriptParameters(JenkinsBuildPlanUtils.java:22)
	at de.tum.cit.aet.artemis.programming.service.jenkins.build_plan.JenkinsBuildPlanService.updateBuildPlanURLs(JenkinsBuildPlanService.java:245)
	at de.tum.cit.aet.artemis.programming.service.jenkins.build_plan.JenkinsBuildPlanService.copyBuildPlan(JenkinsBuildPlanService.java:293)
	at de.tum.cit.aet.artemis.programming.service.jenkins.JenkinsService.copyBuildPlan(JenkinsService.java:128)
	at java.base/java.lang.invoke.MethodHandle.invokeWithArguments(MethodHandle.java:733)
	at org.mockito.internal.util.reflection.InstrumentationMemberAccessor$Dispatcher$ByteBuddy$oog9jsgw.invokeWithArguments(Unknown Source)
	at org.mockito.internal.util.reflection.InstrumentationMemberAccessor.invoke(InstrumentationMemberAccessor.java:251)
	at org.mockito.internal.util.reflection.ModuleMemberAccessor.invoke(ModuleMemberAccessor.java:55)
	at org.mockito.internal.creation.bytebuddy.MockMethodAdvice.tryInvoke(MockMethodAdvice.java:314)
	at org.mockito.internal.creation.bytebuddy.MockMethodAdvice$RealMethodCall.invoke(MockMethodAdvice.java:234)
	at org.mockito.internal.invocation.InterceptedInvocation.callRealMethod(InterceptedInvocation.java:142)
	at org.mockito.internal.stubbing.answers.CallsRealMethods.answer(CallsRealMethods.java:45)
	at org.mockito.Answers.answer(Answers.java:90)
	at org.mockito.internal.handler.MockHandlerImpl.handle(MockHandlerImpl.java:111)
	at org.mockito.internal.handler.NullResultGuardian.handle(NullResultGuardian.java:29)
	at org.mockito.internal.handler.InvocationNotifierHandler.handle(InvocationNotifierHandler.java:34)
	at org.mockito.internal.creation.bytebuddy.MockMethodInterceptor.doIntercept(MockMethodInterceptor.java:82)
	at org.mockito.internal.creation.bytebuddy.MockMethodAdvice.handle(MockMethodAdvice.java:134)
	at de.tum.cit.aet.artemis.programming.service.jenkins.JenkinsService.copyBuildPlan(JenkinsService.java:126)
	at de.tum.cit.aet.artemis.exercise.service.ParticipationService.copyBuildPlan(ParticipationService.java:518)
	at de.tum.cit.aet.artemis.exercise.service.ParticipationService.startProgrammingParticipation(ParticipationService.java:296)
	at de.tum.cit.aet.artemis.exercise.service.ParticipationService.startProgrammingExercise(ParticipationService.java:265)
	at de.tum.cit.aet.artemis.exercise.service.ParticipationService.startExerciseWithInitializationDate(ParticipationService.java:192)
	at de.tum.cit.aet.artemis.exercise.service.ParticipationService.startExercise(ParticipationService.java:151)
	at de.tum.cit.aet.artemis.exam.service.StudentExamService.setUpExerciseParticipationsAndSubmissionsWithInitializationDate(StudentExamService.java:686)
	at de.tum.cit.aet.artemis.exam.service.StudentExamService.setUpExerciseParticipationsAndSubmissions(StudentExamService.java:800)
	at de.tum.cit.aet.artemis.exam.service.StudentExamService.lambda$startExercises$15(StudentExamService.java:735)
	at java.base/java.util.concurrent.CompletableFuture$AsyncRun.run(CompletableFuture.java:1804)
	at java.base/java.util.concurrent.ThreadPoolExecutor.runWorker(ThreadPoolExecutor.java:1144)
	at java.base/java.util.concurrent.ThreadPoolExecutor$Worker.run(ThreadPoolExecutor.java:642)
	at java.base/java.lang.Thread.run(Thread.java:1583)
    23:43:40.331 | 734 ol-5017-thread-2 | ERROR | .a.a.p.s.j.b.JenkinsBuildPlanService : Pipeline Script not found
java.lang.IllegalArgumentException: Pipeline Script not found
	at de.tum.cit.aet.artemis.programming.service.jenkins.build_plan.JenkinsBuildPlanUtils.replaceScriptParameters(JenkinsBuildPlanUtils.java:29)
	at de.tum.cit.aet.artemis.programming.service.jenkins.build_plan.JenkinsBuildPlanService.updateBuildPlanRepositories(JenkinsBuildPlanService.java:219)
	at de.tum.cit.aet.artemis.programming.service.jenkins.build_plan.JenkinsBuildPlanService.configureBuildPlanForParticipation(JenkinsBuildPlanService.java:196)
	at de.tum.cit.aet.artemis.programming.service.jenkins.JenkinsService.configureBuildPlan(JenkinsService.java:138)
	at java.base/java.lang.invoke.MethodHandle.invokeWithArguments(MethodHandle.java:733)
	at org.mockito.internal.util.reflection.InstrumentationMemberAccessor$Dispatcher$ByteBuddy$oog9jsgw.invokeWithArguments(Unknown Source)
	at org.mockito.internal.util.reflection.InstrumentationMemberAccessor.invoke(InstrumentationMemberAccessor.java:251)
	at org.mockito.internal.util.reflection.ModuleMemberAccessor.invoke(ModuleMemberAccessor.java:55)
	at org.mockito.internal.creation.bytebuddy.MockMethodAdvice.tryInvoke(MockMethodAdvice.java:314)
	at org.mockito.internal.creation.bytebuddy.MockMethodAdvice$RealMethodCall.invoke(MockMethodAdvice.java:234)
	at org.mockito.internal.invocation.InterceptedInvocation.callRealMethod(InterceptedInvocation.java:142)
	at org.mockito.internal.stubbing.answers.CallsRealMethods.answer(CallsRealMethods.java:45)
	at org.mockito.Answers.answer(Answers.java:90)
	at org.mockito.internal.handler.MockHandlerImpl.handle(MockHandlerImpl.java:111)
	at org.mockito.internal.handler.NullResultGuardian.handle(NullResultGuardian.java:29)
	at org.mockito.internal.handler.InvocationNotifierHandler.handle(InvocationNotifierHandler.java:34)
	at org.mockito.internal.creation.bytebuddy.MockMethodInterceptor.doIntercept(MockMethodInterceptor.java:82)
	at org.mockito.internal.creation.bytebuddy.MockMethodAdvice.handle(MockMethodAdvice.java:134)
	at de.tum.cit.aet.artemis.programming.service.jenkins.JenkinsService.configureBuildPlan(JenkinsService.java:138)
	at de.tum.cit.aet.artemis.exercise.service.ParticipationService.configureBuildPlan(ParticipationService.java:532)
	at de.tum.cit.aet.artemis.exercise.service.ParticipationService.startProgrammingParticipation(ParticipationService.java:298)
	at de.tum.cit.aet.artemis.exercise.service.ParticipationService.startProgrammingExercise(ParticipationService.java:265)
	at de.tum.cit.aet.artemis.exercise.service.ParticipationService.startExerciseWithInitializationDate(ParticipationService.java:192)
	at de.tum.cit.aet.artemis.exercise.service.ParticipationService.startExercise(ParticipationService.java:151)
	at de.tum.cit.aet.artemis.exam.service.StudentExamService.setUpExerciseParticipationsAndSubmissionsWithInitializationDate(StudentExamService.java:686)
	at de.tum.cit.aet.artemis.exam.service.StudentExamService.setUpExerciseParticipationsAndSubmissions(StudentExamService.java:800)
	at de.tum.cit.aet.artemis.exam.service.StudentExamService.lambda$startExercises$15(StudentExamService.java:735)
	at java.base/java.util.concurrent.CompletableFuture$AsyncRun.run(CompletableFuture.java:1804)
	at java.base/java.util.concurrent.ThreadPoolExecutor.runWorker(ThreadPoolExecutor.java:1144)
	at java.base/java.util.concurrent.ThreadPoolExecutor$Worker.run(ThreadPoolExecutor.java:642)
	at java.base/java.lang.Thread.run(Thread.java:1583)
    23:43:40.340 | 733 ol-5017-thread-1 | ERROR | .a.a.p.s.j.b.JenkinsBuildPlanService : Pipeline Script not found
java.lang.IllegalArgumentException: Pipeline Script not found
	at de.tum.cit.aet.artemis.programming.service.jenkins.build_plan.JenkinsBuildPlanUtils.replaceScriptParameters(JenkinsBuildPlanUtils.java:22)
	at de.tum.cit.aet.artemis.programming.service.jenkins.build_plan.JenkinsBuildPlanService.updateBuildPlanURLs(JenkinsBuildPlanService.java:245)
	at de.tum.cit.aet.artemis.programming.service.jenkins.build_plan.JenkinsBuildPlanService.copyBuildPlan(JenkinsBuildPlanService.java:293)
	at de.tum.cit.aet.artemis.programming.service.jenkins.JenkinsService.copyBuildPlan(JenkinsService.java:128)
	at java.base/java.lang.invoke.MethodHandle.invokeWithArguments(MethodHandle.java:733)
	at org.mockito.internal.util.reflection.InstrumentationMemberAccessor$Dispatcher$ByteBuddy$oog9jsgw.invokeWithArguments(Unknown Source)
	at org.mockito.internal.util.reflection.InstrumentationMemberAccessor.invoke(InstrumentationMemberAccessor.java:251)
	at org.mockito.internal.util.reflection.ModuleMemberAccessor.invoke(ModuleMemberAccessor.java:55)
	at org.mockito.internal.creation.bytebuddy.MockMethodAdvice.tryInvoke(MockMethodAdvice.java:314)
	at org.mockito.internal.creation.bytebuddy.MockMethodAdvice$RealMethodCall.invoke(MockMethodAdvice.java:234)
	at org.mockito.internal.invocation.InterceptedInvocation.callRealMethod(InterceptedInvocation.java:142)
	at org.mockito.internal.stubbing.answers.CallsRealMethods.answer(CallsRealMethods.java:45)
	at org.mockito.Answers.answer(Answers.java:90)
	at org.mockito.internal.handler.MockHandlerImpl.handle(MockHandlerImpl.java:111)
	at org.mockito.internal.handler.NullResultGuardian.handle(NullResultGuardian.java:29)
	at org.mockito.internal.handler.InvocationNotifierHandler.handle(InvocationNotifierHandler.java:34)
	at org.mockito.internal.creation.bytebuddy.MockMethodInterceptor.doIntercept(MockMethodInterceptor.java:82)
	at org.mockito.internal.creation.bytebuddy.MockMethodAdvice.handle(MockMethodAdvice.java:134)
	at de.tum.cit.aet.artemis.programming.service.jenkins.JenkinsService.copyBuildPlan(JenkinsService.java:126)
	at de.tum.cit.aet.artemis.exercise.service.ParticipationService.copyBuildPlan(ParticipationService.java:518)
	at de.tum.cit.aet.artemis.exercise.service.ParticipationService.startProgrammingParticipation(ParticipationService.java:296)
	at de.tum.cit.aet.artemis.exercise.service.ParticipationService.startProgrammingExercise(ParticipationService.java:265)
	at de.tum.cit.aet.artemis.exercise.service.ParticipationService.startExerciseWithInitializationDate(ParticipationService.java:192)
	at de.tum.cit.aet.artemis.exercise.service.ParticipationService.startExercise(ParticipationService.java:151)
	at de.tum.cit.aet.artemis.exam.service.StudentExamService.setUpExerciseParticipationsAndSubmissionsWithInitializationDate(StudentExamService.java:686)
	at de.tum.cit.aet.artemis.exam.service.StudentExamService.setUpExerciseParticipationsAndSubmissions(StudentExamService.java:800)
	at de.tum.cit.aet.artemis.exam.service.StudentExamService.lambda$startExercises$15(StudentExamService.java:735)
	at java.base/java.util.concurrent.CompletableFuture$AsyncRun.run(CompletableFuture.java:1804)
	at java.base/java.util.concurrent.ThreadPoolExecutor.runWorker(ThreadPoolExecutor.java:1144)
	at java.base/java.util.concurrent.ThreadPoolExecutor$Worker.run(ThreadPoolExecutor.java:642)
	at java.base/java.lang.Thread.run(Thread.java:1583)
    23:43:40.348 | 734 ol-5017-thread-2 | INFO  | d.t.c.a.a.e.s.StudentExamService     : SUCCESS: Start exercise for student exam 486 and exercise 1678 and student studexamstudent1
    23:43:40.355 | 733 ol-5017-thread-1 | ERROR | .a.a.p.s.j.b.JenkinsBuildPlanService : Pipeline Script not found
java.lang.IllegalArgumentException: Pipeline Script not found
	at de.tum.cit.aet.artemis.programming.service.jenkins.build_plan.JenkinsBuildPlanUtils.replaceScriptParameters(JenkinsBuildPlanUtils.java:29)
	at de.tum.cit.aet.artemis.programming.service.jenkins.build_plan.JenkinsBuildPlanService.updateBuildPlanRepositories(JenkinsBuildPlanService.java:219)
	at de.tum.cit.aet.artemis.programming.service.jenkins.build_plan.JenkinsBuildPlanService.configureBuildPlanForParticipation(JenkinsBuildPlanService.java:196)
	at de.tum.cit.aet.artemis.programming.service.jenkins.JenkinsService.configureBuildPlan(JenkinsService.java:138)
	at java.base/java.lang.invoke.MethodHandle.invokeWithArguments(MethodHandle.java:733)
	at org.mockito.internal.util.reflection.InstrumentationMemberAccessor$Dispatcher$ByteBuddy$oog9jsgw.invokeWithArguments(Unknown Source)
	at org.mockito.internal.util.reflection.InstrumentationMemberAccessor.invoke(InstrumentationMemberAccessor.java:251)
	at org.mockito.internal.util.reflection.ModuleMemberAccessor.invoke(ModuleMemberAccessor.java:55)
	at org.mockito.internal.creation.bytebuddy.MockMethodAdvice.tryInvoke(MockMethodAdvice.java:314)
	at org.mockito.internal.creation.bytebuddy.MockMethodAdvice$RealMethodCall.invoke(MockMethodAdvice.java:234)
	at org.mockito.internal.invocation.InterceptedInvocation.callRealMethod(InterceptedInvocation.java:142)
	at org.mockito.internal.stubbing.answers.CallsRealMethods.answer(CallsRealMethods.java:45)
	at org.mockito.Answers.answer(Answers.java:90)
	at org.mockito.internal.handler.MockHandlerImpl.handle(MockHandlerImpl.java:111)
	at org.mockito.internal.handler.NullResultGuardian.handle(NullResultGuardian.java:29)
	at org.mockito.internal.handler.InvocationNotifierHandler.handle(InvocationNotifierHandler.java:34)
	at org.mockito.internal.creation.bytebuddy.MockMethodInterceptor.doIntercept(MockMethodInterceptor.java:82)
	at org.mockito.internal.creation.bytebuddy.MockMethodAdvice.handle(MockMethodAdvice.java:134)
	at de.tum.cit.aet.artemis.programming.service.jenkins.JenkinsService.configureBuildPlan(JenkinsService.java:138)
	at de.tum.cit.aet.artemis.exercise.service.ParticipationService.configureBuildPlan(ParticipationService.java:532)
	at de.tum.cit.aet.artemis.exercise.service.ParticipationService.startProgrammingParticipation(ParticipationService.java:298)
	at de.tum.cit.aet.artemis.exercise.service.ParticipationService.startProgrammingExercise(ParticipationService.java:265)
	at de.tum.cit.aet.artemis.exercise.service.ParticipationService.startExerciseWithInitializationDate(ParticipationService.java:192)
	at de.tum.cit.aet.artemis.exercise.service.ParticipationService.startExercise(ParticipationService.java:151)
	at de.tum.cit.aet.artemis.exam.service.StudentExamService.setUpExerciseParticipationsAndSubmissionsWithInitializationDate(StudentExamService.java:686)
	at de.tum.cit.aet.artemis.exam.service.StudentExamService.setUpExerciseParticipationsAndSubmissions(StudentExamService.java:800)
	at de.tum.cit.aet.artemis.exam.service.StudentExamService.lambda$startExercises$15(StudentExamService.java:735)
	at java.base/java.util.concurrent.CompletableFuture$AsyncRun.run(CompletableFuture.java:1804)
	at java.base/java.util.concurrent.ThreadPoolExecutor.runWorker(ThreadPoolExecutor.java:1144)
	at java.base/java.util.concurrent.ThreadPoolExecutor$Worker.run(ThreadPoolExecutor.java:642)
	at java.base/java.lang.Thread.run(Thread.java:1583)
    23:43:40.370 | 733 ol-5017-thread-1 | INFO  | d.t.c.a.a.e.s.StudentExamService     : SUCCESS: Start exercise for student exam 485 and exercise 1678 and student studexamstudent2
    23:43:40.372 | 370 ool-1-worker-134 | INFO  | d.t.c.a.a.e.web.StudentExamResource  : Generated 14 participations in 202.10ms for student exams of exam 945
    23:43:40.374 | 370 ool-1-worker-134 | DEBUG | d.t.c.a.a.c.s.f.ApiVersionFilter     : Adding Version to Request GET /api/courses/490/exams/945/student-exams/start-exercises/status
    23:43:40.389 | 370 ool-1-worker-134 | DEBUG | d.t.c.a.a.c.s.f.ApiVersionFilter     : Adding Version to Request POST /api/courses/490/exams/945/student-exams/assess-unsubmitted-and-empty-student-exams
    23:43:40.390 | 370 ool-1-worker-134 | INFO  | d.t.c.a.a.e.web.StudentExamResource  : REST request to automatically assess the not submitted student exams of the exam with id 945
    23:43:40.394 | 370 ool-1-worker-134 | INFO  | d.t.c.a.a.e.web.StudentExamResource  : Graded 0 unsubmitted student exams of exam 945
    23:43:40.400 | 370 ool-1-worker-134 | DEBUG | .c.s.m.InstanceMessageReceiveService : Received schedule participant score for exercise 1668 and participant 672 (result to be deleted: null)
    23:43:40.400 | 370 ool-1-worker-134 | DEBUG | .a.s.ParticipantScoreScheduleService : Scheduled task for exercise 1668 and participant 672 at 2025-02-14T23:43:40.500417759Z[Etc/UTC].
    23:43:40.409 | 370 ool-1-worker-134 | DEBUG | .c.s.m.InstanceMessageReceiveService : Received schedule participant score for exercise 1668 and participant 672 (result to be deleted: null)
    23:43:40.409 | 370 ool-1-worker-134 | DEBUG | .a.s.ParticipantScoreScheduleService : Scheduled task for exercise 1668 and participant 672 at 2025-02-14T23:43:40.509509025Z[Etc/UTC].
    23:43:40.416 | 370 ool-1-worker-134 | DEBUG | .c.s.m.InstanceMessageReceiveService : Received schedule participant score for exercise 1668 and participant 672 (result to be deleted: null)
    23:43:40.416 | 370 ool-1-worker-134 | DEBUG | .a.s.ParticipantScoreScheduleService : Scheduled task for exercise 1668 and participant 672 at 2025-02-14T23:43:40.516272399Z[Etc/UTC].
    23:43:40.417 | 370 ool-1-worker-134 | DEBUG | .c.s.m.InstanceMessageReceiveService : Received schedule participant score for exercise 1668 and participant 672 (result to be deleted: null)
    23:43:40.417 | 370 ool-1-worker-134 | DEBUG | .a.s.ParticipantScoreScheduleService : Scheduled task for exercise 1668 and participant 672 at 2025-02-14T23:43:40.517061130Z[Etc/UTC].
    23:43:40.424 | 370 ool-1-worker-134 | DEBUG | .c.s.m.InstanceMessageReceiveService : Received schedule participant score for exercise 1668 and participant 672 (result to be deleted: null)
    23:43:40.424 | 370 ool-1-worker-134 | DEBUG | .a.s.ParticipantScoreScheduleService : Scheduled task for exercise 1668 and participant 672 at 2025-02-14T23:43:40.524159008Z[Etc/UTC].
    23:43:40.424 | 370 ool-1-worker-134 | DEBUG | .c.s.m.InstanceMessageReceiveService : Received schedule participant score for exercise 1668 and participant 672 (result to be deleted: null)
    23:43:40.424 | 370 ool-1-worker-134 | DEBUG | .a.s.ParticipantScoreScheduleService : Scheduled task for exercise 1668 and participant 672 at 2025-02-14T23:43:40.524307545Z[Etc/UTC].
    23:43:40.435 | 370 ool-1-worker-134 | DEBUG | .c.s.m.InstanceMessageReceiveService : Received schedule participant score for exercise 1668 and participant 672 (result to be deleted: null)
    23:43:40.435 | 370 ool-1-worker-134 | DEBUG | .a.s.ParticipantScoreScheduleService : Scheduled task for exercise 1668 and participant 672 at 2025-02-14T23:43:40.535637125Z[Etc/UTC].
    23:43:40.437 | 370 ool-1-worker-134 | DEBUG | .c.s.m.InstanceMessageReceiveService : Received schedule participant score for exercise 1672 and participant 672 (result to be deleted: null)
    23:43:40.437 | 370 ool-1-worker-134 | DEBUG | .a.s.ParticipantScoreScheduleService : Scheduled task for exercise 1672 and participant 672 at 2025-02-14T23:43:40.537660329Z[Etc/UTC].
    23:43:40.450 | 370 ool-1-worker-134 | DEBUG | .c.s.m.InstanceMessageReceiveService : Received schedule participant score for exercise 1672 and participant 672 (result to be deleted: null)
    23:43:40.450 | 370 ool-1-worker-134 | DEBUG | .a.s.ParticipantScoreScheduleService : Scheduled task for exercise 1672 and participant 672 at 2025-02-14T23:43:40.550621352Z[Etc/UTC].
    23:43:40.465 | 370 ool-1-worker-134 | DEBUG | .c.s.m.InstanceMessageReceiveService : Received schedule participant score for exercise 1672 and participant 672 (result to be deleted: null)
    23:43:40.465 | 370 ool-1-worker-134 | DEBUG | .a.s.ParticipantScoreScheduleService : Scheduled task for exercise 1672 and participant 672 at 2025-02-14T23:43:40.565321018Z[Etc/UTC].
    23:43:40.466 | 370 ool-1-worker-134 | DEBUG | .c.s.m.InstanceMessageReceiveService : Received schedule participant score for exercise 1672 and participant 672 (result to be deleted: null)
    23:43:40.466 | 370 ool-1-worker-134 | DEBUG | .a.s.ParticipantScoreScheduleService : Scheduled task for exercise 1672 and participant 672 at 2025-02-14T23:43:40.566401253Z[Etc/UTC].
    23:43:40.487 | 370 ool-1-worker-134 | DEBUG | .c.s.m.InstanceMessageReceiveService : Received schedule participant score for exercise 1672 and participant 672 (result to be deleted: null)
    23:43:40.487 | 370 ool-1-worker-134 | DEBUG | .a.s.ParticipantScoreScheduleService : Scheduled task for exercise 1672 and participant 672 at 2025-02-14T23:43:40.587971452Z[Etc/UTC].
    23:43:40.488 | 370 ool-1-worker-134 | DEBUG | .c.s.m.InstanceMessageReceiveService : Received schedule participant score for exercise 1672 and participant 672 (result to be deleted: null)
    23:43:40.488 | 370 ool-1-worker-134 | DEBUG | .a.s.ParticipantScoreScheduleService : Scheduled task for exercise 1672 and participant 672 at 2025-02-14T23:43:40.588186523Z[Etc/UTC].
    23:43:40.500 | 370 ool-1-worker-134 | DEBUG | .c.s.m.InstanceMessageReceiveService : Received schedule participant score for exercise 1672 and participant 672 (result to be deleted: null)
    23:43:40.500 | 370 ool-1-worker-134 | DEBUG | .a.s.ParticipantScoreScheduleService : Scheduled task for exercise 1672 and participant 672 at 2025-02-14T23:43:40.600521979Z[Etc/UTC].
    23:43:40.506 | 370 ool-1-worker-134 | DEBUG | .c.s.m.InstanceMessageReceiveService : Received schedule participant score for exercise 1674 and participant 672 (result to be deleted: null)
    23:43:40.506 | 370 ool-1-worker-134 | DEBUG | .a.s.ParticipantScoreScheduleService : Scheduled task for exercise 1674 and participant 672 at 2025-02-14T23:43:40.606252798Z[Etc/UTC].
    23:43:40.524 | 370 ool-1-worker-134 | DEBUG | .c.s.m.InstanceMessageReceiveService : Received schedule participant score for exercise 1674 and participant 672 (result to be deleted: null)
    23:43:40.524 | 370 ool-1-worker-134 | DEBUG | .a.s.ParticipantScoreScheduleService : Scheduled task for exercise 1674 and participant 672 at 2025-02-14T23:43:40.624376229Z[Etc/UTC].
    23:43:40.535 | 329 taskScheduler-4  | DEBUG | .a.s.ParticipantScoreScheduleService : Processing exercise 1668 and participant 672 to update participant scores.
    23:43:40.538 | 370 ool-1-worker-134 | DEBUG | .c.s.m.InstanceMessageReceiveService : Received schedule participant score for exercise 1674 and participant 672 (result to be deleted: null)
    23:43:40.538 | 370 ool-1-worker-134 | DEBUG | .a.s.ParticipantScoreScheduleService : Scheduled task for exercise 1674 and participant 672 at 2025-02-14T23:43:40.638413692Z[Etc/UTC].
    23:43:40.539 | 370 ool-1-worker-134 | DEBUG | .c.s.m.InstanceMessageReceiveService : Received schedule participant score for exercise 1674 and participant 672 (result to be deleted: null)
    23:43:40.539 | 370 ool-1-worker-134 | DEBUG | .a.s.ParticipantScoreScheduleService : Scheduled task for exercise 1674 and participant 672 at 2025-02-14T23:43:40.639976888Z[Etc/UTC].
    23:43:40.546 | 329 taskScheduler-4  | DEBUG | .a.s.ParticipantScoreScheduleService : Updated participant score 216.
    23:43:40.546 | 329 taskScheduler-4  | DEBUG | .a.s.ParticipantScoreScheduleService : Updating the participant score for exercise 1668 and participant 672 took 11 ms.
    23:43:40.553 | 370 ool-1-worker-134 | DEBUG | .c.s.m.InstanceMessageReceiveService : Received schedule participant score for exercise 1674 and participant 672 (result to be deleted: null)
    23:43:40.553 | 370 ool-1-worker-134 | DEBUG | .a.s.ParticipantScoreScheduleService : Scheduled task for exercise 1674 and participant 672 at 2025-02-14T23:43:40.653846535Z[Etc/UTC].
    23:43:40.554 | 370 ool-1-worker-134 | DEBUG | .c.s.m.InstanceMessageReceiveService : Received schedule participant score for exercise 1674 and participant 672 (result to be deleted: null)
    23:43:40.554 | 370 ool-1-worker-134 | DEBUG | .a.s.ParticipantScoreScheduleService : Scheduled task for exercise 1674 and participant 672 at 2025-02-14T23:43:40.654060474Z[Etc/UTC].
    23:43:40.563 | 370 ool-1-worker-134 | DEBUG | .c.s.m.InstanceMessageReceiveService : Received schedule participant score for exercise 1674 and participant 672 (result to be deleted: null)
    23:43:40.563 | 370 ool-1-worker-134 | DEBUG | .a.s.ParticipantScoreScheduleService : Scheduled task for exercise 1674 and participant 672 at 2025-02-14T23:43:40.663370618Z[Etc/UTC].
    23:43:40.567 | 370 ool-1-worker-134 | DEBUG | .c.s.m.InstanceMessageReceiveService : Received schedule participant score for exercise 1676 and participant 672 (result to be deleted: null)
    23:43:40.567 | 370 ool-1-worker-134 | DEBUG | .a.s.ParticipantScoreScheduleService : Scheduled task for exercise 1676 and participant 672 at 2025-02-14T23:43:40.667078814Z[Etc/UTC].
    23:43:40.598 | 370 ool-1-worker-134 | DEBUG | .c.s.m.InstanceMessageReceiveService : Received schedule participant score for exercise 1676 and participant 672 (result to be deleted: null)
    23:43:40.598 | 370 ool-1-worker-134 | DEBUG | .a.s.ParticipantScoreScheduleService : Scheduled task for exercise 1676 and participant 672 at 2025-02-14T23:43:40.698592796Z[Etc/UTC].
    23:43:40.600 | 327 taskScheduler-2  | DEBUG | .a.s.ParticipantScoreScheduleService : Processing exercise 1672 and participant 672 to update participant scores.
    23:43:40.608 | 059 pool-4-thread-2  | INFO  | d.t.c.a.a.p.s.gitlab.GitLabService   : Unprotecting branch main for Gitlab repository SHORT36F9D7F3012FE042390B5370ACF8A972B465T0AD/short36f9d7f3012fe042390b5370acf8a972b465t0ad-studexamstudent1
    23:43:40.614 | 327 taskScheduler-2  | DEBUG | .a.s.ParticipantScoreScheduleService : Updated participant score 217.
    23:43:40.614 | 327 taskScheduler-2  | DEBUG | .a.s.ParticipantScoreScheduleService : Updating the participant score for exercise 1672 and participant 672 took 14 ms.
    23:43:40.619 | 370 ool-1-worker-134 | DEBUG | .c.s.m.InstanceMessageReceiveService : Received schedule participant score for exercise 1676 and participant 672 (result to be deleted: null)
    23:43:40.619 | 370 ool-1-worker-134 | DEBUG | .a.s.ParticipantScoreScheduleService : Scheduled task for exercise 1676 and participant 672 at 2025-02-14T23:43:40.719685926Z[Etc/UTC].
    23:43:40.620 | 370 ool-1-worker-134 | DEBUG | .c.s.m.InstanceMessageReceiveService : Received schedule participant score for exercise 1676 and participant 672 (result to be deleted: null)
    23:43:40.620 | 370 ool-1-worker-134 | DEBUG | .a.s.ParticipantScoreScheduleService : Scheduled task for exercise 1676 and participant 672 at 2025-02-14T23:43:40.720629155Z[Etc/UTC].
    23:43:40.641 | 370 ool-1-worker-134 | DEBUG | .c.s.m.InstanceMessageReceiveService : Received schedule participant score for exercise 1676 and participant 672 (result to be deleted: null)
    23:43:40.642 | 370 ool-1-worker-134 | DEBUG | .a.s.ParticipantScoreScheduleService : Scheduled task for exercise 1676 and participant 672 at 2025-02-14T23:43:40.741997228Z[Etc/UTC].
    23:43:40.643 | 370 ool-1-worker-134 | DEBUG | .c.s.m.InstanceMessageReceiveService : Received schedule participant score for exercise 1676 and participant 672 (result to be deleted: null)
    23:43:40.643 | 370 ool-1-worker-134 | DEBUG | .a.s.ParticipantScoreScheduleService : Scheduled task for exercise 1676 and participant 672 at 2025-02-14T23:43:40.743729158Z[Etc/UTC].
    23:43:40.658 | 370 ool-1-worker-134 | DEBUG | .c.s.m.InstanceMessageReceiveService : Received schedule participant score for exercise 1676 and participant 672 (result to be deleted: null)
    23:43:40.658 | 370 ool-1-worker-134 | DEBUG | .a.s.ParticipantScoreScheduleService : Scheduled task for exercise 1676 and participant 672 at 2025-02-14T23:43:40.758274920Z[Etc/UTC].
    23:43:40.662 | 370 ool-1-worker-134 | DEBUG | .c.s.m.InstanceMessageReceiveService : Received schedule participant score for exercise 1677 and participant 672 (result to be deleted: null)
    23:43:40.662 | 370 ool-1-worker-134 | DEBUG | .a.s.ParticipantScoreScheduleService : Scheduled task for exercise 1677 and participant 672 at 2025-02-14T23:43:40.762047326Z[Etc/UTC].
    23:43:40.663 | 328 taskScheduler-3  | DEBUG | .a.s.ParticipantScoreScheduleService : Processing exercise 1674 and participant 672 to update participant scores.
    23:43:40.672 | 328 taskScheduler-3  | DEBUG | .a.s.ParticipantScoreScheduleService : Updated participant score 218.
    23:43:40.675 | 328 taskScheduler-3  | DEBUG | .a.s.ParticipantScoreScheduleService : Updating the participant score for exercise 1674 and participant 672 took 12 ms.
    23:43:40.677 | 370 ool-1-worker-134 | DEBUG | .c.s.m.InstanceMessageReceiveService : Received schedule participant score for exercise 1677 and participant 672 (result to be deleted: null)
    23:43:40.677 | 370 ool-1-worker-134 | DEBUG | .a.s.ParticipantScoreScheduleService : Scheduled task for exercise 1677 and participant 672 at 2025-02-14T23:43:40.777419255Z[Etc/UTC].
    23:43:40.683 | 370 ool-1-worker-134 | DEBUG | .c.s.m.InstanceMessageReceiveService : Received schedule participant score for exercise 1677 and participant 672 (result to be deleted: null)
    23:43:40.683 | 370 ool-1-worker-134 | DEBUG | .a.s.ParticipantScoreScheduleService : Scheduled task for exercise 1677 and participant 672 at 2025-02-14T23:43:40.783875006Z[Etc/UTC].
    23:43:40.684 | 370 ool-1-worker-134 | DEBUG | .c.s.m.InstanceMessageReceiveService : Received schedule participant score for exercise 1677 and participant 672 (result to be deleted: null)
    23:43:40.684 | 370 ool-1-worker-134 | DEBUG | .a.s.ParticipantScoreScheduleService : Scheduled task for exercise 1677 and participant 672 at 2025-02-14T23:43:40.784721514Z[Etc/UTC].
    23:43:40.694 | 370 ool-1-worker-134 | DEBUG | .c.s.m.InstanceMessageReceiveService : Received schedule participant score for exercise 1677 and participant 672 (result to be deleted: null)
    23:43:40.694 | 370 ool-1-worker-134 | DEBUG | .a.s.ParticipantScoreScheduleService : Scheduled task for exercise 1677 and participant 672 at 2025-02-14T23:43:40.794168994Z[Etc/UTC].
    23:43:40.694 | 370 ool-1-worker-134 | DEBUG | .c.s.m.InstanceMessageReceiveService : Received schedule participant score for exercise 1677 and participant 672 (result to be deleted: null)
    23:43:40.694 | 370 ool-1-worker-134 | DEBUG | .a.s.ParticipantScoreScheduleService : Scheduled task for exercise 1677 and participant 672 at 2025-02-14T23:43:40.794365601Z[Etc/UTC].
    23:43:40.701 | 370 ool-1-worker-134 | DEBUG | .c.s.m.InstanceMessageReceiveService : Received schedule participant score for exercise 1677 and participant 672 (result to be deleted: null)
    23:43:40.701 | 370 ool-1-worker-134 | DEBUG | .a.s.ParticipantScoreScheduleService : Scheduled task for exercise 1677 and participant 672 at 2025-02-14T23:43:40.801498475Z[Etc/UTC].
    23:43:40.709 | 370 ool-1-worker-134 | DEBUG | .c.s.m.InstanceMessageReceiveService : Received schedule participant score for exercise 1678 and participant 672 (result to be deleted: null)
    23:43:40.709 | 370 ool-1-worker-134 | DEBUG | .a.s.ParticipantScoreScheduleService : Scheduled task for exercise 1678 and participant 672 at 2025-02-14T23:43:40.809785901Z[Etc/UTC].
    23:43:40.721 | 370 ool-1-worker-134 | DEBUG | .c.s.m.InstanceMessageReceiveService : Received schedule participant score for exercise 1678 and participant 672 (result to be deleted: null)
    23:43:40.721 | 370 ool-1-worker-134 | DEBUG | .a.s.ParticipantScoreScheduleService : Scheduled task for exercise 1678 and participant 672 at 2025-02-14T23:43:40.821803074Z[Etc/UTC].
    23:43:40.736 | 370 ool-1-worker-134 | DEBUG | .c.s.m.InstanceMessageReceiveService : Received schedule participant score for exercise 1678 and participant 672 (result to be deleted: null)
    23:43:40.736 | 370 ool-1-worker-134 | DEBUG | .a.s.ParticipantScoreScheduleService : Scheduled task for exercise 1678 and participant 672 at 2025-02-14T23:43:40.836482782Z[Etc/UTC].
    23:43:40.737 | 370 ool-1-worker-134 | DEBUG | .c.s.m.InstanceMessageReceiveService : Received schedule participant score for exercise 1678 and participant 672 (result to be deleted: null)
    23:43:40.737 | 370 ool-1-worker-134 | DEBUG | .a.s.ParticipantScoreScheduleService : Scheduled task for exercise 1678 and participant 672 at 2025-02-14T23:43:40.837456238Z[Etc/UTC].
    23:43:40.758 | 326 taskScheduler-1  | DEBUG | .a.s.ParticipantScoreScheduleService : Processing exercise 1676 and participant 672 to update participant scores.
    23:43:40.758 | 370 ool-1-worker-134 | DEBUG | .c.s.m.InstanceMessageReceiveService : Received schedule participant score for exercise 1678 and participant 672 (result to be deleted: null)
    23:43:40.758 | 370 ool-1-worker-134 | DEBUG | .a.s.ParticipantScoreScheduleService : Scheduled task for exercise 1678 and participant 672 at 2025-02-14T23:43:40.858679009Z[Etc/UTC].
    23:43:40.758 | 370 ool-1-worker-134 | DEBUG | .c.s.m.InstanceMessageReceiveService : Received schedule participant score for exercise 1678 and participant 672 (result to be deleted: null)
    23:43:40.758 | 370 ool-1-worker-134 | DEBUG | .a.s.ParticipantScoreScheduleService : Scheduled task for exercise 1678 and participant 672 at 2025-02-14T23:43:40.858829180Z[Etc/UTC].
    23:43:40.769 | 326 taskScheduler-1  | DEBUG | .a.s.ParticipantScoreScheduleService : Updated participant score 219.
    23:43:40.769 | 326 taskScheduler-1  | DEBUG | .a.s.ParticipantScoreScheduleService : Updating the participant score for exercise 1676 and participant 672 took 11 ms.
    23:43:40.772 | 370 ool-1-worker-134 | DEBUG | .c.s.m.InstanceMessageReceiveService : Received schedule participant score for exercise 1678 and participant 672 (result to be deleted: null)
    23:43:40.772 | 370 ool-1-worker-134 | DEBUG | .a.s.ParticipantScoreScheduleService : Scheduled task for exercise 1678 and participant 672 at 2025-02-14T23:43:40.872439934Z[Etc/UTC].
    23:43:40.777 | 370 ool-1-worker-134 | DEBUG | .c.s.m.InstanceMessageReceiveService : Received schedule participant score for exercise 1668 and participant 671 (result to be deleted: null)
    23:43:40.777 | 370 ool-1-worker-134 | DEBUG | .a.s.ParticipantScoreScheduleService : Scheduled task for exercise 1668 and participant 671 at 2025-02-14T23:43:40.877970229Z[Etc/UTC].
    23:43:40.799 | 370 ool-1-worker-134 | DEBUG | .c.s.m.InstanceMessageReceiveService : Received schedule participant score for exercise 1668 and participant 671 (result to be deleted: null)
    23:43:40.799 | 370 ool-1-worker-134 | DEBUG | .a.s.ParticipantScoreScheduleService : Scheduled task for exercise 1668 and participant 671 at 2025-02-14T23:43:40.899586164Z[Etc/UTC].
    23:43:40.801 | 327 taskScheduler-2  | DEBUG | .a.s.ParticipantScoreScheduleService : Processing exercise 1677 and participant 672 to update participant scores.
    23:43:40.807 | 370 ool-1-worker-134 | DEBUG | .c.s.m.InstanceMessageReceiveService : Received schedule participant score for exercise 1668 and participant 671 (result to be deleted: null)
    23:43:40.807 | 370 ool-1-worker-134 | DEBUG | .a.s.ParticipantScoreScheduleService : Scheduled task for exercise 1668 and participant 671 at 2025-02-14T23:43:40.907236843Z[Etc/UTC].
    23:43:40.808 | 370 ool-1-worker-134 | DEBUG | .c.s.m.InstanceMessageReceiveService : Received schedule participant score for exercise 1668 and participant 671 (result to be deleted: null)
    23:43:40.808 | 370 ool-1-worker-134 | DEBUG | .a.s.ParticipantScoreScheduleService : Scheduled task for exercise 1668 and participant 671 at 2025-02-14T23:43:40.908142141Z[Etc/UTC].
    23:43:40.815 | 327 taskScheduler-2  | DEBUG | .a.s.ParticipantScoreScheduleService : Updated participant score 220.
    23:43:40.815 | 327 taskScheduler-2  | DEBUG | .a.s.ParticipantScoreScheduleService : Updating the participant score for exercise 1677 and participant 672 took 14 ms.
    23:43:40.816 | 370 ool-1-worker-134 | DEBUG | .c.s.m.InstanceMessageReceiveService : Received schedule participant score for exercise 1668 and participant 671 (result to be deleted: null)
    23:43:40.816 | 370 ool-1-worker-134 | DEBUG | .a.s.ParticipantScoreScheduleService : Scheduled task for exercise 1668 and participant 671 at 2025-02-14T23:43:40.916567515Z[Etc/UTC].
    23:43:40.816 | 370 ool-1-worker-134 | DEBUG | .c.s.m.InstanceMessageReceiveService : Received schedule participant score for exercise 1668 and participant 671 (result to be deleted: null)
    23:43:40.816 | 370 ool-1-worker-134 | DEBUG | .a.s.ParticipantScoreScheduleService : Scheduled task for exercise 1668 and participant 671 at 2025-02-14T23:43:40.916729567Z[Etc/UTC].
    23:43:40.822 | 370 ool-1-worker-134 | DEBUG | .c.s.m.InstanceMessageReceiveService : Received schedule participant score for exercise 1668 and participant 671 (result to be deleted: null)
    23:43:40.822 | 370 ool-1-worker-134 | DEBUG | .a.s.ParticipantScoreScheduleService : Scheduled task for exercise 1668 and participant 671 at 2025-02-14T23:43:40.922787335Z[Etc/UTC].
    23:43:40.824 | 370 ool-1-worker-134 | DEBUG | .c.s.m.InstanceMessageReceiveService : Received schedule participant score for exercise 1672 and participant 671 (result to be deleted: null)
    23:43:40.824 | 370 ool-1-worker-134 | DEBUG | .a.s.ParticipantScoreScheduleService : Scheduled task for exercise 1672 and participant 671 at 2025-02-14T23:43:40.924559160Z[Etc/UTC].
    23:43:40.835 | 370 ool-1-worker-134 | DEBUG | .c.s.m.InstanceMessageReceiveService : Received schedule participant score for exercise 1672 and participant 671 (result to be deleted: null)
    23:43:40.835 | 370 ool-1-worker-134 | DEBUG | .a.s.ParticipantScoreScheduleService : Scheduled task for exercise 1672 and participant 671 at 2025-02-14T23:43:40.935320961Z[Etc/UTC].
    23:43:40.843 | 370 ool-1-worker-134 | DEBUG | .c.s.m.InstanceMessageReceiveService : Received schedule participant score for exercise 1672 and participant 671 (result to be deleted: null)
    23:43:40.844 | 370 ool-1-worker-134 | DEBUG | .a.s.ParticipantScoreScheduleService : Scheduled task for exercise 1672 and participant 671 at 2025-02-14T23:43:40.944032198Z[Etc/UTC].
    23:43:40.847 | 370 ool-1-worker-134 | DEBUG | .c.s.m.InstanceMessageReceiveService : Received schedule participant score for exercise 1672 and participant 671 (result to be deleted: null)
    23:43:40.847 | 370 ool-1-worker-134 | DEBUG | .a.s.ParticipantScoreScheduleService : Scheduled task for exercise 1672 and participant 671 at 2025-02-14T23:43:40.947793183Z[Etc/UTC].
    23:43:40.864 | 370 ool-1-worker-134 | DEBUG | .c.s.m.InstanceMessageReceiveService : Received schedule participant score for exercise 1672 and participant 671 (result to be deleted: null)
    23:43:40.864 | 370 ool-1-worker-134 | DEBUG | .a.s.ParticipantScoreScheduleService : Scheduled task for exercise 1672 and participant 671 at 2025-02-14T23:43:40.964178292Z[Etc/UTC].
    23:43:40.864 | 370 ool-1-worker-134 | DEBUG | .c.s.m.InstanceMessageReceiveService : Received schedule participant score for exercise 1672 and participant 671 (result to be deleted: null)
    23:43:40.864 | 370 ool-1-worker-134 | DEBUG | .a.s.ParticipantScoreScheduleService : Scheduled task for exercise 1672 and participant 671 at 2025-02-14T23:43:40.964325737Z[Etc/UTC].
    23:43:40.872 | 326 taskScheduler-1  | DEBUG | .a.s.ParticipantScoreScheduleService : Processing exercise 1678 and participant 672 to update participant scores.
    23:43:40.878 | 370 ool-1-worker-134 | DEBUG | .c.s.m.InstanceMessageReceiveService : Received schedule participant score for exercise 1672 and participant 671 (result to be deleted: null)
    23:43:40.878 | 370 ool-1-worker-134 | DEBUG | .a.s.ParticipantScoreScheduleService : Scheduled task for exercise 1672 and participant 671 at 2025-02-14T23:43:40.978626729Z[Etc/UTC].
    23:43:40.880 | 370 ool-1-worker-134 | DEBUG | .c.s.m.InstanceMessageReceiveService : Received schedule participant score for exercise 1675 and participant 671 (result to be deleted: null)
    23:43:40.880 | 370 ool-1-worker-134 | DEBUG | .a.s.ParticipantScoreScheduleService : Scheduled task for exercise 1675 and participant 671 at 2025-02-14T23:43:40.980411137Z[Etc/UTC].
    23:43:40.880 | 326 taskScheduler-1  | DEBUG | .a.s.ParticipantScoreScheduleService : Updated participant score 221.
    23:43:40.884 | 326 taskScheduler-1  | DEBUG | .a.s.ParticipantScoreScheduleService : Updating the participant score for exercise 1678 and participant 672 took 12 ms.
    23:43:40.900 | 370 ool-1-worker-134 | DEBUG | .c.s.m.InstanceMessageReceiveService : Received schedule participant score for exercise 1675 and participant 671 (result to be deleted: null)
    23:43:40.900 | 370 ool-1-worker-134 | DEBUG | .a.s.ParticipantScoreScheduleService : Scheduled task for exercise 1675 and participant 671 at 2025-02-14T23:43:41.000682344Z[Etc/UTC].
    23:43:40.916 | 370 ool-1-worker-134 | DEBUG | .c.s.m.InstanceMessageReceiveService : Received schedule participant score for exercise 1675 and participant 671 (result to be deleted: null)
    23:43:40.916 | 370 ool-1-worker-134 | DEBUG | .a.s.ParticipantScoreScheduleService : Scheduled task for exercise 1675 and participant 671 at 2025-02-14T23:43:41.016505596Z[Etc/UTC].
    23:43:40.917 | 370 ool-1-worker-134 | DEBUG | .c.s.m.InstanceMessageReceiveService : Received schedule participant score for exercise 1675 and participant 671 (result to be deleted: null)
    23:43:40.917 | 370 ool-1-worker-134 | DEBUG | .a.s.ParticipantScoreScheduleService : Scheduled task for exercise 1675 and participant 671 at 2025-02-14T23:43:41.017448554Z[Etc/UTC].
    23:43:40.922 | 329 taskScheduler-4  | DEBUG | .a.s.ParticipantScoreScheduleService : Processing exercise 1668 and participant 671 to update participant scores.
    23:43:40.927 | 329 taskScheduler-4  | DEBUG | .a.s.ParticipantScoreScheduleService : Updated participant score 222.
    23:43:40.927 | 329 taskScheduler-4  | DEBUG | .a.s.ParticipantScoreScheduleService : Updating the participant score for exercise 1668 and participant 671 took 5 ms.
    23:43:40.935 | 370 ool-1-worker-134 | DEBUG | .c.s.m.InstanceMessageReceiveService : Received schedule participant score for exercise 1675 and participant 671 (result to be deleted: null)
    23:43:40.935 | 370 ool-1-worker-134 | DEBUG | .a.s.ParticipantScoreScheduleService : Scheduled task for exercise 1675 and participant 671 at 2025-02-14T23:43:41.035550936Z[Etc/UTC].
    23:43:40.935 | 370 ool-1-worker-134 | DEBUG | .c.s.m.InstanceMessageReceiveService : Received schedule participant score for exercise 1675 and participant 671 (result to be deleted: null)
    23:43:40.935 | 370 ool-1-worker-134 | DEBUG | .a.s.ParticipantScoreScheduleService : Scheduled task for exercise 1675 and participant 671 at 2025-02-14T23:43:41.035699714Z[Etc/UTC].
    23:43:40.950 | 370 ool-1-worker-134 | DEBUG | .c.s.m.InstanceMessageReceiveService : Received schedule participant score for exercise 1675 and participant 671 (result to be deleted: null)
    23:43:40.950 | 370 ool-1-worker-134 | DEBUG | .a.s.ParticipantScoreScheduleService : Scheduled task for exercise 1675 and participant 671 at 2025-02-14T23:43:41.050564768Z[Etc/UTC].
    23:43:40.952 | 370 ool-1-worker-134 | DEBUG | .c.s.m.InstanceMessageReceiveService : Received schedule participant score for exercise 1676 and participant 671 (result to be deleted: null)
    23:43:40.952 | 370 ool-1-worker-134 | DEBUG | .a.s.ParticipantScoreScheduleService : Scheduled task for exercise 1676 and participant 671 at 2025-02-14T23:43:41.052357772Z[Etc/UTC].
    23:43:40.971 | 370 ool-1-worker-134 | DEBUG | .c.s.m.InstanceMessageReceiveService : Received schedule participant score for exercise 1676 and participant 671 (result to be deleted: null)
    23:43:40.971 | 370 ool-1-worker-134 | DEBUG | .a.s.ParticipantScoreScheduleService : Scheduled task for exercise 1676 and participant 671 at 2025-02-14T23:43:41.071151353Z[Etc/UTC].
    23:43:40.978 | 327 taskScheduler-2  | DEBUG | .a.s.ParticipantScoreScheduleService : Processing exercise 1672 and participant 671 to update participant scores.
    23:43:40.983 | 327 taskScheduler-2  | DEBUG | .a.s.ParticipantScoreScheduleService : Updated participant score 223.
    23:43:40.983 | 327 taskScheduler-2  | DEBUG | .a.s.ParticipantScoreScheduleService : Updating the participant score for exercise 1672 and participant 671 took 5 ms.
    23:43:40.987 | 370 ool-1-worker-134 | DEBUG | .c.s.m.InstanceMessageReceiveService : Received schedule participant score for exercise 1676 and participant 671 (result to be deleted: null)
    23:43:40.987 | 370 ool-1-worker-134 | DEBUG | .a.s.ParticipantScoreScheduleService : Scheduled task for exercise 1676 and participant 671 at 2025-02-14T23:43:41.087407993Z[Etc/UTC].
    23:43:40.988 | 370 ool-1-worker-134 | DEBUG | .c.s.m.InstanceMessageReceiveService : Received schedule participant score for exercise 1676 and participant 671 (result to be deleted: null)
    23:43:40.988 | 370 ool-1-worker-134 | DEBUG | .a.s.ParticipantScoreScheduleService : Scheduled task for exercise 1676 and participant 671 at 2025-02-14T23:43:41.088348467Z[Etc/UTC].
    23:43:41.004 | 370 ool-1-worker-134 | DEBUG | .c.s.m.InstanceMessageReceiveService : Received schedule participant score for exercise 1676 and participant 671 (result to be deleted: null)
    23:43:41.004 | 370 ool-1-worker-134 | DEBUG | .a.s.ParticipantScoreScheduleService : Scheduled task for exercise 1676 and participant 671 at 2025-02-14T23:43:41.104656602Z[Etc/UTC].
    23:43:41.004 | 370 ool-1-worker-134 | DEBUG | .c.s.m.InstanceMessageReceiveService : Received schedule participant score for exercise 1676 and participant 671 (result to be deleted: null)
    23:43:41.004 | 370 ool-1-worker-134 | DEBUG | .a.s.ParticipantScoreScheduleService : Scheduled task for exercise 1676 and participant 671 at 2025-02-14T23:43:41.104823253Z[Etc/UTC].
    23:43:41.016 | 370 ool-1-worker-134 | DEBUG | .c.s.m.InstanceMessageReceiveService : Received schedule participant score for exercise 1676 and participant 671 (result to be deleted: null)
    23:43:41.017 | 370 ool-1-worker-134 | DEBUG | .a.s.ParticipantScoreScheduleService : Scheduled task for exercise 1676 and participant 671 at 2025-02-14T23:43:41.117032123Z[Etc/UTC].
    23:43:41.022 | 370 ool-1-worker-134 | DEBUG | .c.s.m.InstanceMessageReceiveService : Received schedule participant score for exercise 1677 and participant 671 (result to be deleted: null)
    23:43:41.022 | 370 ool-1-worker-134 | DEBUG | .a.s.ParticipantScoreScheduleService : Scheduled task for exercise 1677 and participant 671 at 2025-02-14T23:43:41.122217264Z[Etc/UTC].
    23:43:41.037 | 370 ool-1-worker-134 | DEBUG | .c.s.m.InstanceMessageReceiveService : Received schedule participant score for exercise 1677 and participant 671 (result to be deleted: null)
    23:43:41.037 | 370 ool-1-worker-134 | DEBUG | .a.s.ParticipantScoreScheduleService : Scheduled task for exercise 1677 and participant 671 at 2025-02-14T23:43:41.137788783Z[Etc/UTC].
    23:43:41.045 | 370 ool-1-worker-134 | DEBUG | .c.s.m.InstanceMessageReceiveService : Received schedule participant score for exercise 1677 and participant 671 (result to be deleted: null)
    23:43:41.045 | 370 ool-1-worker-134 | DEBUG | .a.s.ParticipantScoreScheduleService : Scheduled task for exercise 1677 and participant 671 at 2025-02-14T23:43:41.145662879Z[Etc/UTC].
    23:43:41.047 | 370 ool-1-worker-134 | DEBUG | .c.s.m.InstanceMessageReceiveService : Received schedule participant score for exercise 1677 and participant 671 (result to be deleted: null)
    23:43:41.047 | 370 ool-1-worker-134 | DEBUG | .a.s.ParticipantScoreScheduleService : Scheduled task for exercise 1677 and participant 671 at 2025-02-14T23:43:41.147909358Z[Etc/UTC].
    23:43:41.050 | 326 taskScheduler-1  | DEBUG | .a.s.ParticipantScoreScheduleService : Processing exercise 1675 and participant 671 to update participant scores.
    23:43:41.058 | 326 taskScheduler-1  | DEBUG | .a.s.ParticipantScoreScheduleService : Updated participant score 224.
    23:43:41.061 | 370 ool-1-worker-134 | DEBUG | .c.s.m.InstanceMessageReceiveService : Received schedule participant score for exercise 1677 and participant 671 (result to be deleted: null)
    23:43:41.061 | 370 ool-1-worker-134 | DEBUG | .a.s.ParticipantScoreScheduleService : Scheduled task for exercise 1677 and participant 671 at 2025-02-14T23:43:41.161589312Z[Etc/UTC].
    23:43:41.062 | 370 ool-1-worker-134 | DEBUG | .c.s.m.InstanceMessageReceiveService : Received schedule participant score for exercise 1677 and participant 671 (result to be deleted: null)
    23:43:41.062 | 370 ool-1-worker-134 | DEBUG | .a.s.ParticipantScoreScheduleService : Scheduled task for exercise 1677 and participant 671 at 2025-02-14T23:43:41.162920585Z[Etc/UTC].
    23:43:41.063 | 326 taskScheduler-1  | DEBUG | .a.s.ParticipantScoreScheduleService : Updating the participant score for exercise 1675 and participant 671 took 13 ms.
    23:43:41.070 | 370 ool-1-worker-134 | DEBUG | .c.s.m.InstanceMessageReceiveService : Received schedule participant score for exercise 1677 and participant 671 (result to be deleted: null)
    23:43:41.070 | 370 ool-1-worker-134 | DEBUG | .a.s.ParticipantScoreScheduleService : Scheduled task for exercise 1677 and participant 671 at 2025-02-14T23:43:41.170894578Z[Etc/UTC].
    23:43:41.085 | 370 ool-1-worker-134 | DEBUG | .c.s.m.InstanceMessageReceiveService : Received schedule participant score for exercise 1678 and participant 671 (result to be deleted: null)
    23:43:41.085 | 370 ool-1-worker-134 | DEBUG | .a.s.ParticipantScoreScheduleService : Scheduled task for exercise 1678 and participant 671 at 2025-02-14T23:43:41.185899403Z[Etc/UTC].
    23:43:41.096 | 370 ool-1-worker-134 | DEBUG | .c.s.m.InstanceMessageReceiveService : Received schedule participant score for exercise 1678 and participant 671 (result to be deleted: null)
    23:43:41.096 | 370 ool-1-worker-134 | DEBUG | .a.s.ParticipantScoreScheduleService : Scheduled task for exercise 1678 and participant 671 at 2025-02-14T23:43:41.196289441Z[Etc/UTC].
    23:43:41.110 | 370 ool-1-worker-134 | DEBUG | .c.s.m.InstanceMessageReceiveService : Received schedule participant score for exercise 1678 and participant 671 (result to be deleted: null)
    23:43:41.110 | 370 ool-1-worker-134 | DEBUG | .a.s.ParticipantScoreScheduleService : Scheduled task for exercise 1678 and participant 671 at 2025-02-14T23:43:41.210798692Z[Etc/UTC].
    23:43:41.111 | 370 ool-1-worker-134 | DEBUG | .c.s.m.InstanceMessageReceiveService : Received schedule participant score for exercise 1678 and participant 671 (result to be deleted: null)
    23:43:41.111 | 370 ool-1-worker-134 | DEBUG | .a.s.ParticipantScoreScheduleService : Scheduled task for exercise 1678 and participant 671 at 2025-02-14T23:43:41.211984123Z[Etc/UTC].
    23:43:41.117 | 329 taskScheduler-4  | DEBUG | .a.s.ParticipantScoreScheduleService : Processing exercise 1676 and participant 671 to update participant scores.
    23:43:41.121 | 329 taskScheduler-4  | DEBUG | .a.s.ParticipantScoreScheduleService : Updated participant score 225.
    23:43:41.125 | 329 taskScheduler-4  | DEBUG | .a.s.ParticipantScoreScheduleService : Updating the participant score for exercise 1676 and participant 671 took 8 ms.
    23:43:41.130 | 370 ool-1-worker-134 | DEBUG | .c.s.m.InstanceMessageReceiveService : Received schedule participant score for exercise 1678 and participant 671 (result to be deleted: null)
    23:43:41.130 | 370 ool-1-worker-134 | DEBUG | .a.s.ParticipantScoreScheduleService : Scheduled task for exercise 1678 and participant 671 at 2025-02-14T23:43:41.230918977Z[Etc/UTC].
    23:43:41.133 | 370 ool-1-worker-134 | DEBUG | .c.s.m.InstanceMessageReceiveService : Received schedule participant score for exercise 1678 and participant 671 (result to be deleted: null)
    23:43:41.133 | 370 ool-1-worker-134 | DEBUG | .a.s.ParticipantScoreScheduleService : Scheduled task for exercise 1678 and participant 671 at 2025-02-14T23:43:41.233252399Z[Etc/UTC].
    23:43:41.145 | 370 ool-1-worker-134 | DEBUG | .c.s.m.InstanceMessageReceiveService : Received schedule participant score for exercise 1678 and participant 671 (result to be deleted: null)
    23:43:41.145 | 370 ool-1-worker-134 | DEBUG | .a.s.ParticipantScoreScheduleService : Scheduled task for exercise 1678 and participant 671 at 2025-02-14T23:43:41.245653628Z[Etc/UTC].
    23:43:41.171 | 326 taskScheduler-1  | DEBUG | .a.s.ParticipantScoreScheduleService : Processing exercise 1677 and participant 671 to update participant scores.
    23:43:41.185 | 326 taskScheduler-1  | DEBUG | .a.s.ParticipantScoreScheduleService : Updated participant score 226.
    23:43:41.186 | 326 taskScheduler-1  | DEBUG | .a.s.ParticipantScoreScheduleService : Updating the participant score for exercise 1677 and participant 671 took 15 ms.

  Starting logs for StudentExamIntegrationTest > testConductionOfTestExam_successful()
    23:43:41.266 | 059 pool-4-thread-2  | INFO  | d.t.c.a.a.p.s.gitlab.GitLabService   : Protecting branch main for Gitlab repository SHORT7B4C249704270048F40BEFF0B76CABA101F6T228/short7b4c249704270048f40beff0b76caba101f6t228-studexamstudent1
    23:43:41.272 | 370 ool-1-worker-134 | DEBUG | d.t.c.a.a.c.u.util.UserUtilService   : Generate 2 students...
    23:43:41.276 | 370 ool-1-worker-134 | DEBUG | d.t.c.a.a.c.u.util.UserUtilService   : 2 students generated. Generate 1 tutors...
    23:43:41.279 | 370 ool-1-worker-134 | DEBUG | d.t.c.a.a.c.u.util.UserUtilService   : 1 tutors generated. Generate 0 editors...
    23:43:41.280 | 370 ool-1-worker-134 | DEBUG | d.t.c.a.a.c.u.util.UserUtilService   : 0 editors generated. Generate 2 instructors...
    23:43:41.284 | 370 ool-1-worker-134 | DEBUG | d.t.c.a.a.c.u.util.UserUtilService   : 2 instructors generated
    23:43:41.286 | 370 ool-1-worker-134 | DEBUG | d.t.c.a.a.c.u.util.UserUtilService   : Removing 5 users from all courses...
    23:43:41.287 | 370 ool-1-worker-134 | DEBUG | d.t.c.a.a.c.u.util.UserUtilService   : Removing 5 users from all courses. Done
    23:43:41.287 | 370 ool-1-worker-134 | DEBUG | d.t.c.a.a.c.u.util.UserUtilService   : Save 5 users to database...
    23:43:41.320 | 370 ool-1-worker-134 | DEBUG | d.t.c.a.a.c.u.util.UserUtilService   : Save 5 users to database. Done
    23:43:41.530 | 370 ool-1-worker-134 | INFO  | i.z.t.d.l.EmbeddedDatabaseReporter   : JDBC URL to connect to 'dataSource': url='jdbc:h2:tcp://localhost:41063/mem:736625c0-cf5e-400d-aeaa-8a7eabd6262b;USER=sa', scope='StudentExamIntegrationTest#testConductionOfTestExam_successful'
    23:43:41.579 | 370 ool-1-worker-134 | DEBUG | d.t.c.a.a.c.s.f.ApiVersionFilter     : Adding Version to Request GET /api/courses/491/exams/951/own-student-exam
    23:43:41.583 | 370 ool-1-worker-134 | DEBUG | d.t.c.a.a.exam.web.ExamResource      : REST request to get exam 951 for conduction
    23:43:41.601 | 370 ool-1-worker-134 | INFO  | d.t.c.a.a.e.s.StudentExamService     : Generated 1 student exam for 671 in 2.75ms for exam 951
    23:43:41.611 | 370 ool-1-worker-134 | DEBUG | d.t.c.a.a.c.s.f.ApiVersionFilter     : Adding Version to Request GET /api/courses/491/exams/951/student-exams/492/conduction
    23:43:41.613 | 370 ool-1-worker-134 | DEBUG | d.t.c.a.a.e.web.StudentExamResource  : REST request to get the student exam of user studexamstudent1 for exam 951
    23:43:41.644 | 370 ool-1-worker-134 | INFO  | d.t.c.a.a.e.s.StudentExamService     : SUCCESS: Start exercise for student exam 492 and exercise 1690 and student studexamstudent1
    23:43:41.663 | 370 ool-1-worker-134 | INFO  | d.t.c.a.a.e.s.StudentExamService     : SUCCESS: Start exercise for student exam 492 and exercise 1691 and student studexamstudent1
    23:43:41.684 | 370 ool-1-worker-134 | INFO  | d.t.c.a.a.e.s.StudentExamService     : SUCCESS: Start exercise for student exam 492 and exercise 1693 and student studexamstudent1
    23:43:41.702 | 370 ool-1-worker-134 | DEBUG | d.t.c.a.a.e.s.ExamSessionService     : Exam session started
    23:43:41.709 | 370 ool-1-worker-134 | INFO  | d.t.c.a.a.e.web.StudentExamResource  : getStudentExamForConduction done in 97ms for 3 exercises for user studexamstudent1

  Starting logs for StudentExamIntegrationTest > testGradedStudentExamSummaryWithGradingScaleWithCorrectlyRoundedPoints()
    23:43:41.785 | 370 ool-1-worker-134 | DEBUG | d.t.c.a.a.c.u.util.UserUtilService   : Generate 2 students...
    23:43:41.794 | 370 ool-1-worker-134 | DEBUG | d.t.c.a.a.c.u.util.UserUtilService   : 2 students generated. Generate 1 tutors...
    23:43:41.800 | 370 ool-1-worker-134 | DEBUG | d.t.c.a.a.c.u.util.UserUtilService   : 1 tutors generated. Generate 0 editors...
    23:43:41.801 | 370 ool-1-worker-134 | DEBUG | d.t.c.a.a.c.u.util.UserUtilService   : 0 editors generated. Generate 2 instructors...
    23:43:41.811 | 370 ool-1-worker-134 | DEBUG | d.t.c.a.a.c.u.util.UserUtilService   : 2 instructors generated
    23:43:41.813 | 370 ool-1-worker-134 | DEBUG | d.t.c.a.a.c.u.util.UserUtilService   : Removing 5 users from all courses...
    23:43:41.817 | 370 ool-1-worker-134 | DEBUG | d.t.c.a.a.c.u.util.UserUtilService   : Removing 5 users from all courses. Done
    23:43:41.817 | 370 ool-1-worker-134 | DEBUG | d.t.c.a.a.c.u.util.UserUtilService   : Save 5 users to database...
    23:43:41.864 | 370 ool-1-worker-134 | DEBUG | d.t.c.a.a.c.u.util.UserUtilService   : Save 5 users to database. Done
    23:43:41.904 | 059 pool-4-thread-2  | INFO  | d.t.c.a.a.p.s.gitlab.GitLabService   : Protecting branch main for Gitlab repository SHORTB9929E730FF13040E10BE660C7A22CF6678CT320/shortb9929e730ff13040e10be660c7a22cf6678ct320-studexamstudent1
    23:43:42.046 | 370 ool-1-worker-134 | INFO  | i.z.t.d.l.EmbeddedDatabaseReporter   : JDBC URL to connect to 'dataSource': url='jdbc:h2:tcp://localhost:41063/mem:736625c0-cf5e-400d-aeaa-8a7eabd6262b;USER=sa', scope='StudentExamIntegrationTest#testGradedStudentExamSummaryWithGradingScaleWithCorrectlyRoundedPoints'
    23:43:42.130 | 370 ool-1-worker-134 | DEBUG | d.t.c.a.a.c.s.f.ApiVersionFilter     : Adding Version to Request POST /api/courses/497/exams/957/generate-student-exams
    23:43:42.133 | 370 ool-1-worker-134 | INFO  | d.t.c.a.a.exam.web.ExamResource      : REST request to generate student exams for exam 957
    23:43:42.145 | 370 ool-1-worker-134 | INFO  | d.t.c.a.a.e.s.ExamDeletionService    : User studexaminstructor1 has requested to delete existing student exams and participations for exam Real exam 1
    23:43:42.146 | 370 ool-1-worker-134 | INFO  | d.t.c.a.a.e.s.ParticipationService   : Request to delete all 0 participations of exercise with id : 1704
    23:43:42.150 | 370 ool-1-worker-134 | INFO  | d.t.c.a.a.e.s.ParticipationService   : Request to delete all 0 participations of exercise with id : 1705
    23:43:42.152 | 370 ool-1-worker-134 | INFO  | d.t.c.a.a.e.s.ParticipationService   : Request to delete all 0 participations of exercise with id : 1706
    23:43:42.154 | 370 ool-1-worker-134 | INFO  | d.t.c.a.a.e.s.ParticipationService   : Request to delete all 0 participations of exercise with id : 1707
    23:43:42.155 | 370 ool-1-worker-134 | INFO  | d.t.c.a.a.e.s.ParticipationService   : Request to delete all 0 participations of exercise with id : 1708
    23:43:42.157 | 370 ool-1-worker-134 | INFO  | d.t.c.a.a.e.s.ParticipationService   : Request to delete all 0 participations of exercise with id : 1709
    23:43:42.159 | 370 ool-1-worker-134 | INFO  | d.t.c.a.a.e.s.ParticipationService   : Request to delete all 0 participations of exercise with id : 1710
    23:43:42.160 | 370 ool-1-worker-134 | INFO  | d.t.c.a.a.e.s.ParticipationService   : Request to delete all 0 participations of exercise with id : 1711
    23:43:42.162 | 370 ool-1-worker-134 | INFO  | d.t.c.a.a.e.s.ParticipationService   : Request to delete all 0 participations of exercise with id : 1712
    23:43:42.163 | 370 ool-1-worker-134 | INFO  | d.t.c.a.a.e.s.ParticipationService   : Request to delete all 0 participations of exercise with id : 1713
    23:43:42.164 | 370 ool-1-worker-134 | INFO  | d.t.c.a.a.e.s.ParticipationService   : Request to delete all 0 participations of exercise with id : 1714
    23:43:42.167 | 370 ool-1-worker-134 | INFO  | d.t.c.a.a.exam.web.ExamResource      : Generated 1 student exams in 34.18ms for exam 957
    23:43:42.190 | 370 ool-1-worker-134 | DEBUG | d.t.c.a.a.c.s.f.ApiVersionFilter     : Adding Version to Request POST /api/courses/497/exams/957/student-exams/start-exercises
    23:43:42.196 | 370 ool-1-worker-134 | DEBUG | d.t.c.a.a.exam.service.ExamService   : Finished combination of template commits for programming exercise ProgrammingExercise{id=1714, templateRepositoryUri='https://version-control.fake.fake/git/SHORT075843F603A560438009EE70DB89F7DCF685T885/short075843f603a560438009ee70db89f7dcf685t885-exercise.git', solutionRepositoryUri='https://version-control.fake.fake/git/SHORT075843F603A560438009EE70DB89F7DCF685T885/short075843f603a560438009ee70db89f7dcf685t885-solution.git', templateBuildPlanId='SHORT075843F603A560438009EE70DB89F7DCF685T885-BASE', solutionBuildPlanId='SHORT075843F603A560438009EE70DB89F7DCF685T885-SOLUTION', allowOnlineEditor='null', allowOnlineIde='false', programmingLanguage='JAVA', packageName='de.test'', testCasesChanged='false'}
    23:43:42.197 | 370 ool-1-worker-134 | INFO  | d.t.c.a.a.e.web.StudentExamResource  : REST request to start exercises for student exams of exam 957
    23:43:42.210 | 780 ol-5092-thread-1 | INFO  | d.t.c.a.a.e.s.StudentExamService     : SUCCESS: Start exercise for student exam 498 and exercise 1704 and student studexamstudent1
    23:43:42.239 | 780 ol-5092-thread-1 | INFO  | d.t.c.a.a.e.s.StudentExamService     : SUCCESS: Start exercise for student exam 498 and exercise 1706 and student studexamstudent1
    23:43:42.254 | 780 ol-5092-thread-1 | INFO  | d.t.c.a.a.e.s.StudentExamService     : SUCCESS: Start exercise for student exam 498 and exercise 1709 and student studexamstudent1
    23:43:42.269 | 780 ol-5092-thread-1 | INFO  | d.t.c.a.a.e.s.StudentExamService     : SUCCESS: Start exercise for student exam 498 and exercise 1711 and student studexamstudent1
    23:43:42.276 | 780 ol-5092-thread-1 | INFO  | d.t.c.a.a.e.s.StudentExamService     : SUCCESS: Start exercise for student exam 498 and exercise 1712 and student studexamstudent1
    23:43:42.283 | 780 ol-5092-thread-1 | INFO  | d.t.c.a.a.e.s.StudentExamService     : SUCCESS: Start exercise for student exam 498 and exercise 1713 and student studexamstudent1
    23:43:42.288 | 780 ol-5092-thread-1 | DEBUG | d.t.c.a.a.p.service.GitService       : Cloning from file:/tmp/exerciseOriginRepo6021055508125205004/ to repos/server-integration-test/studentOriginRepo15138960710272430670
    23:43:42.305 | 780 ol-5092-thread-1 | ERROR | .a.a.p.s.j.b.JenkinsBuildPlanService : Pipeline Script not found
java.lang.IllegalArgumentException: Pipeline Script not found
	at de.tum.cit.aet.artemis.programming.service.jenkins.build_plan.JenkinsBuildPlanUtils.replaceScriptParameters(JenkinsBuildPlanUtils.java:22)
	at de.tum.cit.aet.artemis.programming.service.jenkins.build_plan.JenkinsBuildPlanService.updateBuildPlanURLs(JenkinsBuildPlanService.java:245)
	at de.tum.cit.aet.artemis.programming.service.jenkins.build_plan.JenkinsBuildPlanService.copyBuildPlan(JenkinsBuildPlanService.java:293)
	at de.tum.cit.aet.artemis.programming.service.jenkins.JenkinsService.copyBuildPlan(JenkinsService.java:128)
	at java.base/java.lang.invoke.MethodHandle.invokeWithArguments(MethodHandle.java:733)
	at org.mockito.internal.util.reflection.InstrumentationMemberAccessor$Dispatcher$ByteBuddy$oog9jsgw.invokeWithArguments(Unknown Source)
	at org.mockito.internal.util.reflection.InstrumentationMemberAccessor.invoke(InstrumentationMemberAccessor.java:251)
	at org.mockito.internal.util.reflection.ModuleMemberAccessor.invoke(ModuleMemberAccessor.java:55)
	at org.mockito.internal.creation.bytebuddy.MockMethodAdvice.tryInvoke(MockMethodAdvice.java:314)
	at org.mockito.internal.creation.bytebuddy.MockMethodAdvice$RealMethodCall.invoke(MockMethodAdvice.java:234)
	at org.mockito.internal.invocation.InterceptedInvocation.callRealMethod(InterceptedInvocation.java:142)
	at org.mockito.internal.stubbing.answers.CallsRealMethods.answer(CallsRealMethods.java:45)
	at org.mockito.Answers.answer(Answers.java:90)
	at org.mockito.internal.handler.MockHandlerImpl.handle(MockHandlerImpl.java:111)
	at org.mockito.internal.handler.NullResultGuardian.handle(NullResultGuardian.java:29)
	at org.mockito.internal.handler.InvocationNotifierHandler.handle(InvocationNotifierHandler.java:34)
	at org.mockito.internal.creation.bytebuddy.MockMethodInterceptor.doIntercept(MockMethodInterceptor.java:82)
	at org.mockito.internal.creation.bytebuddy.MockMethodAdvice.handle(MockMethodAdvice.java:134)
	at de.tum.cit.aet.artemis.programming.service.jenkins.JenkinsService.copyBuildPlan(JenkinsService.java:126)
	at de.tum.cit.aet.artemis.exercise.service.ParticipationService.copyBuildPlan(ParticipationService.java:518)
	at de.tum.cit.aet.artemis.exercise.service.ParticipationService.startProgrammingParticipation(ParticipationService.java:296)
	at de.tum.cit.aet.artemis.exercise.service.ParticipationService.startProgrammingExercise(ParticipationService.java:265)
	at de.tum.cit.aet.artemis.exercise.service.ParticipationService.startExerciseWithInitializationDate(ParticipationService.java:192)
	at de.tum.cit.aet.artemis.exercise.service.ParticipationService.startExercise(ParticipationService.java:151)
	at de.tum.cit.aet.artemis.exam.service.StudentExamService.setUpExerciseParticipationsAndSubmissionsWithInitializationDate(StudentExamService.java:686)
	at de.tum.cit.aet.artemis.exam.service.StudentExamService.setUpExerciseParticipationsAndSubmissions(StudentExamService.java:800)
	at de.tum.cit.aet.artemis.exam.service.StudentExamService.lambda$startExercises$15(StudentExamService.java:735)
	at java.base/java.util.concurrent.CompletableFuture$AsyncRun.run(CompletableFuture.java:1804)
	at java.base/java.util.concurrent.ThreadPoolExecutor.runWorker(ThreadPoolExecutor.java:1144)
	at java.base/java.util.concurrent.ThreadPoolExecutor$Worker.run(ThreadPoolExecutor.java:642)
	at java.base/java.lang.Thread.run(Thread.java:1583)
    23:43:42.407 | 780 ol-5092-thread-1 | ERROR | .a.a.p.s.j.b.JenkinsBuildPlanService : Pipeline Script not found
java.lang.IllegalArgumentException: Pipeline Script not found
	at de.tum.cit.aet.artemis.programming.service.jenkins.build_plan.JenkinsBuildPlanUtils.replaceScriptParameters(JenkinsBuildPlanUtils.java:29)
	at de.tum.cit.aet.artemis.programming.service.jenkins.build_plan.JenkinsBuildPlanService.updateBuildPlanRepositories(JenkinsBuildPlanService.java:219)
	at de.tum.cit.aet.artemis.programming.service.jenkins.build_plan.JenkinsBuildPlanService.configureBuildPlanForParticipation(JenkinsBuildPlanService.java:196)
	at de.tum.cit.aet.artemis.programming.service.jenkins.JenkinsService.configureBuildPlan(JenkinsService.java:138)
	at java.base/java.lang.invoke.MethodHandle.invokeWithArguments(MethodHandle.java:733)
	at org.mockito.internal.util.reflection.InstrumentationMemberAccessor$Dispatcher$ByteBuddy$oog9jsgw.invokeWithArguments(Unknown Source)
	at org.mockito.internal.util.reflection.InstrumentationMemberAccessor.invoke(InstrumentationMemberAccessor.java:251)
	at org.mockito.internal.util.reflection.ModuleMemberAccessor.invoke(ModuleMemberAccessor.java:55)
	at org.mockito.internal.creation.bytebuddy.MockMethodAdvice.tryInvoke(MockMethodAdvice.java:314)
	at org.mockito.internal.creation.bytebuddy.MockMethodAdvice$RealMethodCall.invoke(MockMethodAdvice.java:234)
	at org.mockito.internal.invocation.InterceptedInvocation.callRealMethod(InterceptedInvocation.java:142)
	at org.mockito.internal.stubbing.answers.CallsRealMethods.answer(CallsRealMethods.java:45)
	at org.mockito.Answers.answer(Answers.java:90)
	at org.mockito.internal.handler.MockHandlerImpl.handle(MockHandlerImpl.java:111)
	at org.mockito.internal.handler.NullResultGuardian.handle(NullResultGuardian.java:29)
	at org.mockito.internal.handler.InvocationNotifierHandler.handle(InvocationNotifierHandler.java:34)
	at org.mockito.internal.creation.bytebuddy.MockMethodInterceptor.doIntercept(MockMethodInterceptor.java:82)
	at org.mockito.internal.creation.bytebuddy.MockMethodAdvice.handle(MockMethodAdvice.java:134)
	at de.tum.cit.aet.artemis.programming.service.jenkins.JenkinsService.configureBuildPlan(JenkinsService.java:138)
	at de.tum.cit.aet.artemis.exercise.service.ParticipationService.configureBuildPlan(ParticipationService.java:532)
	at de.tum.cit.aet.artemis.exercise.service.ParticipationService.startProgrammingParticipation(ParticipationService.java:298)
	at de.tum.cit.aet.artemis.exercise.service.ParticipationService.startProgrammingExercise(ParticipationService.java:265)
	at de.tum.cit.aet.artemis.exercise.service.ParticipationService.startExerciseWithInitializationDate(ParticipationService.java:192)
	at de.tum.cit.aet.artemis.exercise.service.ParticipationService.startExercise(ParticipationService.java:151)
	at de.tum.cit.aet.artemis.exam.service.StudentExamService.setUpExerciseParticipationsAndSubmissionsWithInitializationDate(StudentExamService.java:686)
	at de.tum.cit.aet.artemis.exam.service.StudentExamService.setUpExerciseParticipationsAndSubmissions(StudentExamService.java:800)
	at de.tum.cit.aet.artemis.exam.service.StudentExamService.lambda$startExercises$15(StudentExamService.java:735)
	at java.base/java.util.concurrent.CompletableFuture$AsyncRun.run(CompletableFuture.java:1804)
	at java.base/java.util.concurrent.ThreadPoolExecutor.runWorker(ThreadPoolExecutor.java:1144)
	at java.base/java.util.concurrent.ThreadPoolExecutor$Worker.run(ThreadPoolExecutor.java:642)
	at java.base/java.lang.Thread.run(Thread.java:1583)
    23:43:42.420 | 780 ol-5092-thread-1 | INFO  | d.t.c.a.a.e.s.StudentExamService     : SUCCESS: Start exercise for student exam 498 and exercise 1714 and student studexamstudent1
    23:43:42.421 | 370 ool-1-worker-134 | INFO  | d.t.c.a.a.e.web.StudentExamResource  : Generated 7 participations in 231.03ms for student exams of exam 957
    23:43:42.423 | 370 ool-1-worker-134 | DEBUG | d.t.c.a.a.c.s.f.ApiVersionFilter     : Adding Version to Request GET /api/courses/497/exams/957/student-exams/start-exercises/status
    23:43:42.430 | 370 ool-1-worker-134 | DEBUG | d.t.c.a.a.c.s.f.ApiVersionFilter     : Adding Version to Request GET /api/courses/497/exams/957/student-exams/498/conduction
    23:43:42.431 | 370 ool-1-worker-134 | DEBUG | d.t.c.a.a.e.web.StudentExamResource  : REST request to get the student exam of user studexamstudent1 for exam 957
    23:43:42.438 | 370 ool-1-worker-134 | DEBUG | d.t.c.a.a.e.s.ExamSessionService     : Exam session started
    23:43:42.439 | 370 ool-1-worker-134 | INFO  | d.t.c.a.a.e.web.StudentExamResource  : getStudentExamForConduction done in 9ms for 7 exercises for user studexamstudent1
    23:43:42.445 | 370 ool-1-worker-134 | DEBUG | d.t.c.a.a.c.s.f.ApiVersionFilter     : Adding Version to Request PUT /api/exercises/1704/text-submissions
    23:43:42.446 | 370 ool-1-worker-134 | DEBUG | d.t.c.a.a.t.w.TextSubmissionResource : REST request to update text submission: TextSubmission{id=823, text='New Text', language='null'}
    23:43:42.466 | 370 ool-1-worker-134 | INFO  | d.t.c.a.a.t.w.TextSubmissionResource : handleTextSubmission took 20ms for exercise 1704 and user studexamstudent1
    23:43:42.468 | 370 ool-1-worker-134 | DEBUG | d.t.c.a.a.c.s.f.ApiVersionFilter     : Adding Version to Request PUT /api/exercises/1706/submissions/exam
    23:43:42.473 | 370 ool-1-worker-134 | DEBUG | d.t.c.a.a.q.w.QuizSubmissionResource : REST request to submit QuizSubmission for exam : QuizSubmission{id=824, scoreInPoints='null'}
    23:43:42.488 | 370 ool-1-worker-134 | DEBUG | .a.q.s.AbstractQuizSubmissionService : submit exam quiz finished: QuizSubmission{id=824, scoreInPoints='null'}
    23:43:42.488 | 370 ool-1-worker-134 | INFO  | d.t.c.a.a.q.w.QuizSubmissionResource : submitQuizForExam took 15ms for exercise 1706 and user studexamstudent1
    23:43:42.498 | 370 ool-1-worker-134 | DEBUG | d.t.c.a.a.c.s.f.ApiVersionFilter     : Adding Version to Request PUT /api/exercises/1711/modeling-submissions
    23:43:42.512 | 370 ool-1-worker-134 | INFO  | c.a.a.m.w.ModelingSubmissionResource : save took 13ms for exercise 1711 and user studexamstudent1
    23:43:42.514 | 370 ool-1-worker-134 | DEBUG | d.t.c.a.a.c.s.f.ApiVersionFilter     : Adding Version to Request PUT /api/exercises/1712/text-submissions
    23:43:42.515 | 370 ool-1-worker-134 | DEBUG | d.t.c.a.a.t.w.TextSubmissionResource : REST request to update text submission: TextSubmission{id=827, text='New Text', language='null'}
    23:43:42.529 | 370 ool-1-worker-134 | INFO  | d.t.c.a.a.t.w.TextSubmissionResource : handleTextSubmission took 14ms for exercise 1712 and user studexamstudent1
    23:43:42.531 | 370 ool-1-worker-134 | DEBUG | d.t.c.a.a.c.s.f.ApiVersionFilter     : Adding Version to Request PUT /api/exercises/1713/text-submissions
    23:43:42.532 | 370 ool-1-worker-134 | DEBUG | d.t.c.a.a.t.w.TextSubmissionResource : REST request to update text submission: TextSubmission{id=828, text='New Text', language='null'}
    23:43:42.544 | 370 ool-1-worker-134 | INFO  | d.t.c.a.a.t.w.TextSubmissionResource : handleTextSubmission took 12ms for exercise 1713 and user studexamstudent1
    23:43:42.546 | 370 ool-1-worker-134 | DEBUG | d.t.c.a.a.c.s.f.ApiVersionFilter     : Adding Version to Request POST /api/programming-submissions/1230/trigger-build
    23:43:42.556 | 370 ool-1-worker-134 | DEBUG | d.t.c.a.a.c.s.f.ApiVersionFilter     : Adding Version to Request POST /api/courses/497/exams/957/student-exams/submit
    23:43:42.559 | 370 ool-1-worker-134 | DEBUG | d.t.c.a.a.e.web.StudentExamResource  : REST request to mark the studentExam as submitted : 498
    23:43:42.562 | 370 ool-1-worker-134 | DEBUG | d.t.c.a.a.e.web.StudentExamResource  : Completed input validation for submitStudentExam in 2.98ms
    23:43:42.562 | 370 ool-1-worker-134 | DEBUG | d.t.c.a.a.e.s.StudentExamService     : Submit student exam with id 498
    23:43:42.563 | 370 ool-1-worker-134 | DEBUG | d.t.c.a.a.e.s.StudentExamService     :     Set student exam to submitted in 773µs
    23:43:42.566 | 370 ool-1-worker-134 | DEBUG | d.t.c.a.a.e.s.StudentExamService     :     Potentially save submissions in 3.32ms
    23:43:42.566 | 370 ool-1-worker-134 | DEBUG | d.t.c.a.a.e.s.StudentExamService     :     Lock student repositories in 27µs
    23:43:42.566 | 370 ool-1-worker-134 | INFO  | d.t.c.a.a.e.web.StudentExamResource  : Completed submitStudentExam with 7 exercises for user studexamstudent1 in a total time of 7.29ms
    23:43:42.568 | 370 ool-1-worker-134 | DEBUG | d.t.c.a.a.c.s.f.ApiVersionFilter     : Adding Version to Request GET /api/courses/497/exams/957/student-exams/498/summary
    23:43:42.570 | 370 ool-1-worker-134 | DEBUG | d.t.c.a.a.e.web.StudentExamResource  : REST request to get the student exam of user studexamstudent1 for exam 957
    23:43:42.576 | 370 ool-1-worker-134 | INFO  | d.t.c.a.a.e.web.StudentExamResource  : getStudentExamForSummary done in 7ms for 7 exercises for user studexamstudent1
    23:43:42.583 | 370 ool-1-worker-134 | DEBUG | .c.s.m.InstanceMessageReceiveService : Received schedule participant score for exercise 1704 and participant 671 (result to be deleted: null)
    23:43:42.583 | 370 ool-1-worker-134 | DEBUG | .a.s.ParticipantScoreScheduleService : Scheduled task for exercise 1704 and participant 671 at 2025-02-14T23:43:42.683686714Z[Etc/UTC].
    23:43:42.589 | 370 ool-1-worker-134 | DEBUG | .c.s.m.InstanceMessageReceiveService : Received schedule participant score for exercise 1704 and participant 671 (result to be deleted: null)
    23:43:42.589 | 370 ool-1-worker-134 | DEBUG | .a.s.ParticipantScoreScheduleService : Scheduled task for exercise 1704 and participant 671 at 2025-02-14T23:43:42.689889853Z[Etc/UTC].
    23:43:42.590 | 370 ool-1-worker-134 | DEBUG | .c.s.m.InstanceMessageReceiveService : Received schedule participant score for exercise 1709 and participant 671 (result to be deleted: null)
    23:43:42.590 | 370 ool-1-worker-134 | DEBUG | .a.s.ParticipantScoreScheduleService : Scheduled task for exercise 1709 and participant 671 at 2025-02-14T23:43:42.690758133Z[Etc/UTC].
    23:43:42.595 | 370 ool-1-worker-134 | DEBUG | .c.s.m.InstanceMessageReceiveService : Received schedule participant score for exercise 1709 and participant 671 (result to be deleted: null)
    23:43:42.595 | 370 ool-1-worker-134 | DEBUG | .a.s.ParticipantScoreScheduleService : Scheduled task for exercise 1709 and participant 671 at 2025-02-14T23:43:42.695925780Z[Etc/UTC].
    23:43:42.596 | 370 ool-1-worker-134 | DEBUG | .c.s.m.InstanceMessageReceiveService : Received schedule participant score for exercise 1711 and participant 671 (result to be deleted: null)
    23:43:42.596 | 370 ool-1-worker-134 | DEBUG | .a.s.ParticipantScoreScheduleService : Scheduled task for exercise 1711 and participant 671 at 2025-02-14T23:43:42.696877996Z[Etc/UTC].
    23:43:42.601 | 370 ool-1-worker-134 | DEBUG | .c.s.m.InstanceMessageReceiveService : Received schedule participant score for exercise 1711 and participant 671 (result to be deleted: null)
    23:43:42.601 | 370 ool-1-worker-134 | DEBUG | .a.s.ParticipantScoreScheduleService : Scheduled task for exercise 1711 and participant 671 at 2025-02-14T23:43:42.701664634Z[Etc/UTC].
    23:43:42.602 | 370 ool-1-worker-134 | DEBUG | .c.s.m.InstanceMessageReceiveService : Received schedule participant score for exercise 1712 and participant 671 (result to be deleted: null)
    23:43:42.602 | 370 ool-1-worker-134 | DEBUG | .a.s.ParticipantScoreScheduleService : Scheduled task for exercise 1712 and participant 671 at 2025-02-14T23:43:42.702429861Z[Etc/UTC].
    23:43:42.607 | 370 ool-1-worker-134 | DEBUG | .c.s.m.InstanceMessageReceiveService : Received schedule participant score for exercise 1712 and participant 671 (result to be deleted: null)
    23:43:42.607 | 370 ool-1-worker-134 | DEBUG | .a.s.ParticipantScoreScheduleService : Scheduled task for exercise 1712 and participant 671 at 2025-02-14T23:43:42.707066959Z[Etc/UTC].
    23:43:42.607 | 370 ool-1-worker-134 | DEBUG | .c.s.m.InstanceMessageReceiveService : Received schedule participant score for exercise 1713 and participant 671 (result to be deleted: null)
    23:43:42.607 | 370 ool-1-worker-134 | DEBUG | .a.s.ParticipantScoreScheduleService : Scheduled task for exercise 1713 and participant 671 at 2025-02-14T23:43:42.707843358Z[Etc/UTC].
    23:43:42.612 | 370 ool-1-worker-134 | DEBUG | .c.s.m.InstanceMessageReceiveService : Received schedule participant score for exercise 1713 and participant 671 (result to be deleted: null)
    23:43:42.612 | 370 ool-1-worker-134 | DEBUG | .a.s.ParticipantScoreScheduleService : Scheduled task for exercise 1713 and participant 671 at 2025-02-14T23:43:42.712532132Z[Etc/UTC].
    23:43:42.613 | 370 ool-1-worker-134 | DEBUG | .c.s.m.InstanceMessageReceiveService : Received schedule participant score for exercise 1714 and participant 671 (result to be deleted: null)
    23:43:42.613 | 370 ool-1-worker-134 | DEBUG | .a.s.ParticipantScoreScheduleService : Scheduled task for exercise 1714 and participant 671 at 2025-02-14T23:43:42.713264408Z[Etc/UTC].
    23:43:42.617 | 370 ool-1-worker-134 | DEBUG | .c.s.m.InstanceMessageReceiveService : Received schedule participant score for exercise 1714 and participant 671 (result to be deleted: null)
    23:43:42.618 | 370 ool-1-worker-134 | DEBUG | .a.s.ParticipantScoreScheduleService : Scheduled task for exercise 1714 and participant 671 at 2025-02-14T23:43:42.718001413Z[Etc/UTC].
    23:43:42.620 | 370 ool-1-worker-134 | DEBUG | d.t.c.a.a.c.s.f.ApiVersionFilter     : Adding Version to Request POST /api/courses/497/exams/957/student-exams/evaluate-quiz-exercises
    23:43:42.620 | 370 ool-1-worker-134 | INFO  | d.t.c.a.a.exam.web.ExamResource      : REST request to evaluate quiz exercises of exam 957
    23:43:42.625 | 370 ool-1-worker-134 | DEBUG | d.t.c.a.a.exam.service.ExamService   : Evaluating 2 quiz exercises in exam 957
    23:43:42.625 | 370 ool-1-worker-134 | INFO  | d.t.c.a.a.q.s.QuizResultService      : Starting quiz evaluation for quiz 1706
    23:43:42.638 | 370 ool-1-worker-134 | DEBUG | .c.s.m.InstanceMessageReceiveService : Received schedule participant score for exercise 1706 and participant 671 (result to be deleted: null)
    23:43:42.638 | 370 ool-1-worker-134 | DEBUG | .a.s.ParticipantScoreScheduleService : Scheduled task for exercise 1706 and participant 671 at 2025-02-14T23:43:42.738191098Z[Etc/UTC].
    23:43:42.660 | 370 ool-1-worker-134 | DEBUG | .c.s.m.InstanceMessageReceiveService : Received schedule participant score for exercise 1706 and participant 671 (result to be deleted: null)
    23:43:42.660 | 370 ool-1-worker-134 | DEBUG | .a.s.ParticipantScoreScheduleService : Scheduled task for exercise 1706 and participant 671 at 2025-02-14T23:43:42.760921632Z[Etc/UTC].
    23:43:42.661 | 370 ool-1-worker-134 | INFO  | d.t.c.a.a.q.s.QuizResultService      : Quiz evaluation for quiz 1706 finished after 36.29ms with 1 created results
    23:43:42.661 | 370 ool-1-worker-134 | DEBUG | d.t.c.a.a.q.s.QuizStatisticService   : update statistics with 1 new results
    23:43:42.664 | 370 ool-1-worker-134 | INFO  | d.t.c.a.a.q.s.QuizResultService      : Statistic update for quiz 1706 finished after 39.05ms
    23:43:42.664 | 370 ool-1-worker-134 | INFO  | d.t.c.a.a.q.s.QuizResultService      : Starting quiz evaluation for quiz 1707
    23:43:42.668 | 370 ool-1-worker-134 | INFO  | d.t.c.a.a.q.s.QuizResultService      : Quiz evaluation for quiz 1707 finished after 3.87ms with 0 created results
    23:43:42.668 | 370 ool-1-worker-134 | DEBUG | d.t.c.a.a.q.s.QuizStatisticService   : update statistics with 0 new results
    23:43:42.669 | 370 ool-1-worker-134 | INFO  | d.t.c.a.a.q.s.QuizResultService      : Statistic update for quiz 1707 finished after 4.88ms
    23:43:42.669 | 370 ool-1-worker-134 | DEBUG | d.t.c.a.a.exam.service.ExamService   : Evaluated 2 quiz exercises in exam 957 in 44.05ms
    23:43:42.669 | 370 ool-1-worker-134 | INFO  | d.t.c.a.a.exam.web.ExamResource      : Evaluated 2 quiz exercises of exam 957
    23:43:42.679 | 370 ool-1-worker-134 | DEBUG | .c.s.m.InstanceMessageReceiveService : Received schedule participant score for exercise 1704 and participant 671 (result to be deleted: null)
    23:43:42.679 | 370 ool-1-worker-134 | DEBUG | .a.s.ParticipantScoreScheduleService : Scheduled task for exercise 1704 and participant 671 at 2025-02-14T23:43:42.779754677Z[Etc/UTC].
    23:43:42.679 | 370 ool-1-worker-134 | DEBUG | .c.s.m.InstanceMessageReceiveService : Received schedule participant score for exercise 1709 and participant 671 (result to be deleted: null)
    23:43:42.679 | 370 ool-1-worker-134 | DEBUG | .a.s.ParticipantScoreScheduleService : Scheduled task for exercise 1709 and participant 671 at 2025-02-14T23:43:42.779987701Z[Etc/UTC].
    23:43:42.680 | 370 ool-1-worker-134 | DEBUG | .c.s.m.InstanceMessageReceiveService : Received schedule participant score for exercise 1711 and participant 671 (result to be deleted: null)
    23:43:42.680 | 370 ool-1-worker-134 | DEBUG | .a.s.ParticipantScoreScheduleService : Scheduled task for exercise 1711 and participant 671 at 2025-02-14T23:43:42.780171524Z[Etc/UTC].
    23:43:42.680 | 370 ool-1-worker-134 | DEBUG | .c.s.m.InstanceMessageReceiveService : Received schedule participant score for exercise 1712 and participant 671 (result to be deleted: null)
    23:43:42.680 | 370 ool-1-worker-134 | DEBUG | .a.s.ParticipantScoreScheduleService : Scheduled task for exercise 1712 and participant 671 at 2025-02-14T23:43:42.780334969Z[Etc/UTC].
    23:43:42.680 | 370 ool-1-worker-134 | DEBUG | .c.s.m.InstanceMessageReceiveService : Received schedule participant score for exercise 1713 and participant 671 (result to be deleted: null)
    23:43:42.680 | 370 ool-1-worker-134 | DEBUG | .a.s.ParticipantScoreScheduleService : Scheduled task for exercise 1713 and participant 671 at 2025-02-14T23:43:42.780498654Z[Etc/UTC].
    23:43:42.680 | 370 ool-1-worker-134 | DEBUG | .c.s.m.InstanceMessageReceiveService : Received schedule participant score for exercise 1714 and participant 671 (result to be deleted: null)
    23:43:42.680 | 370 ool-1-worker-134 | DEBUG | .a.s.ParticipantScoreScheduleService : Scheduled task for exercise 1714 and participant 671 at 2025-02-14T23:43:42.780703656Z[Etc/UTC].
    23:43:42.680 | 370 ool-1-worker-134 | DEBUG | .c.s.m.InstanceMessageReceiveService : Received schedule participant score for exercise 1706 and participant 671 (result to be deleted: null)
    23:43:42.680 | 370 ool-1-worker-134 | DEBUG | .a.s.ParticipantScoreScheduleService : Scheduled task for exercise 1706 and participant 671 at 2025-02-14T23:43:42.780873994Z[Etc/UTC].
    23:43:42.686 | 370 ool-1-worker-134 | DEBUG | d.t.c.a.a.c.s.f.ApiVersionFilter     : Adding Version to Request GET /api/courses/497/exams/957/student-exams/498/grade-summary
    23:43:42.687 | 370 ool-1-worker-134 | DEBUG | d.t.c.a.a.e.web.StudentExamResource  : REST request to get the student exam grades of user with id null for exam 957 by user studexamstudent1
    23:43:42.697 | 370 ool-1-worker-134 | INFO  | d.t.c.a.a.e.web.StudentExamResource  : getStudentExamGradesForSummary done in 11ms for 7 exercises for target user studexamstudent1 by caller user studexamstudent1

  Starting logs for StudentExamIntegrationTest > testFindMaxWorkingTimeById()
    23:43:42.775 | 370 ool-1-worker-134 | DEBUG | d.t.c.a.a.c.u.util.UserUtilService   : Generate 2 students...
    23:43:42.785 | 370 ool-1-worker-134 | DEBUG | d.t.c.a.a.c.u.util.UserUtilService   : 2 students generated. Generate 1 tutors...
    23:43:42.790 | 370 ool-1-worker-134 | DEBUG | d.t.c.a.a.c.u.util.UserUtilService   : 1 tutors generated. Generate 0 editors...
    23:43:42.792 | 370 ool-1-worker-134 | DEBUG | d.t.c.a.a.c.u.util.UserUtilService   : 0 editors generated. Generate 2 instructors...
    23:43:42.801 | 370 ool-1-worker-134 | DEBUG | d.t.c.a.a.c.u.util.UserUtilService   : 2 instructors generated
    23:43:42.803 | 370 ool-1-worker-134 | DEBUG | d.t.c.a.a.c.u.util.UserUtilService   : Removing 5 users from all courses...
    23:43:42.806 | 370 ool-1-worker-134 | DEBUG | d.t.c.a.a.c.u.util.UserUtilService   : Removing 5 users from all courses. Done
    23:43:42.806 | 370 ool-1-worker-134 | DEBUG | d.t.c.a.a.c.u.util.UserUtilService   : Save 5 users to database...
    23:43:42.844 | 370 ool-1-worker-134 | DEBUG | d.t.c.a.a.c.u.util.UserUtilService   : Save 5 users to database. Done
    23:43:42.926 | 059 pool-4-thread-2  | INFO  | d.t.c.a.a.p.s.gitlab.GitLabService   : Protecting branch main for Gitlab repository SHORTCCBF8CB90C63D045770A1180E269D1B856A7T8D6/shortccbf8cb90c63d045770a1180e269d1b856a7t8d6-studexamstudent1
    23:43:43.015 | 370 ool-1-worker-134 | INFO  | i.z.t.d.l.EmbeddedDatabaseReporter   : JDBC URL to connect to 'dataSource': url='jdbc:h2:tcp://localhost:41063/mem:736625c0-cf5e-400d-aeaa-8a7eabd6262b;USER=sa', scope='StudentExamIntegrationTest#testFindMaxWorkingTimeById'

  Starting logs for StudentExamIntegrationTest > [1] isTestExam=true
    23:43:43.078 | 370 ool-1-worker-134 | DEBUG | d.t.c.a.a.c.u.util.UserUtilService   : Generate 2 students...
    23:43:43.082 | 370 ool-1-worker-134 | DEBUG | d.t.c.a.a.c.u.util.UserUtilService   : 2 students generated. Generate 1 tutors...
    23:43:43.085 | 370 ool-1-worker-134 | DEBUG | d.t.c.a.a.c.u.util.UserUtilService   : 1 tutors generated. Generate 0 editors...
    23:43:43.086 | 370 ool-1-worker-134 | DEBUG | d.t.c.a.a.c.u.util.UserUtilService   : 0 editors generated. Generate 2 instructors...
    23:43:43.090 | 370 ool-1-worker-134 | DEBUG | d.t.c.a.a.c.u.util.UserUtilService   : 2 instructors generated
    23:43:43.092 | 370 ool-1-worker-134 | DEBUG | d.t.c.a.a.c.u.util.UserUtilService   : Removing 5 users from all courses...
    23:43:43.093 | 370 ool-1-worker-134 | DEBUG | d.t.c.a.a.c.u.util.UserUtilService   : Removing 5 users from all courses. Done
    23:43:43.093 | 370 ool-1-worker-134 | DEBUG | d.t.c.a.a.c.u.util.UserUtilService   : Save 5 users to database...
    23:43:43.115 | 370 ool-1-worker-134 | DEBUG | d.t.c.a.a.c.u.util.UserUtilService   : Save 5 users to database. Done
    23:43:43.279 | 370 ool-1-worker-134 | INFO  | i.z.t.d.l.EmbeddedDatabaseReporter   : JDBC URL to connect to 'dataSource': url='jdbc:h2:tcp://localhost:41063/mem:736625c0-cf5e-400d-aeaa-8a7eabd6262b;USER=sa', scope='StudentExamIntegrationTest#testGetTestRunForConduction'
    23:43:43.321 | 370 ool-1-worker-134 | DEBUG | PersonalAccessTokenManagementService : Generate secure vcs access token
    23:43:43.330 | 370 ool-1-worker-134 | DEBUG | d.t.c.a.a.c.s.f.ApiVersionFilter     : Adding Version to Request GET /api/courses/504/exams/968/test-run/509/conduction
    23:43:43.332 | 370 ool-1-worker-134 | DEBUG | d.t.c.a.a.e.web.StudentExamResource  : REST request to get the test run for exam 968 with id 509
    23:43:43.337 | 370 ool-1-worker-134 | INFO  | d.t.c.a.a.e.s.StudentExamService     : SUCCESS: Start exercise for student exam 509 and exercise 1735 and student studexaminstructor1
    23:43:43.339 | 370 ool-1-worker-134 | INFO  | d.t.c.a.a.e.s.StudentExamService     : SUCCESS: Start exercise for student exam 509 and exercise 1737 and student studexaminstructor1
    23:43:43.345 | 370 ool-1-worker-134 | DEBUG | d.t.c.a.a.e.s.ExamSessionService     : Exam session started
    23:43:43.345 | 370 ool-1-worker-134 | INFO  | d.t.c.a.a.e.web.StudentExamResource  : getTestRunForConduction done in 14ms for 3 exercises for user studexaminstructor1

  Starting logs for StudentExamIntegrationTest > [2] isTestExam=false
    23:43:43.391 | 370 ool-1-worker-134 | DEBUG | d.t.c.a.a.c.u.util.UserUtilService   : Generate 2 students...
    23:43:43.395 | 370 ool-1-worker-134 | DEBUG | d.t.c.a.a.c.u.util.UserUtilService   : 2 students generated. Generate 1 tutors...
    23:43:43.398 | 370 ool-1-worker-134 | DEBUG | d.t.c.a.a.c.u.util.UserUtilService   : 1 tutors generated. Generate 0 editors...
    23:43:43.400 | 370 ool-1-worker-134 | DEBUG | d.t.c.a.a.c.u.util.UserUtilService   : 0 editors generated. Generate 2 instructors...
    23:43:43.404 | 370 ool-1-worker-134 | DEBUG | d.t.c.a.a.c.u.util.UserUtilService   : 2 instructors generated
    23:43:43.406 | 370 ool-1-worker-134 | DEBUG | d.t.c.a.a.c.u.util.UserUtilService   : Removing 5 users from all courses...
    23:43:43.407 | 370 ool-1-worker-134 | DEBUG | d.t.c.a.a.c.u.util.UserUtilService   : Removing 5 users from all courses. Done
    23:43:43.407 | 370 ool-1-worker-134 | DEBUG | d.t.c.a.a.c.u.util.UserUtilService   : Save 5 users to database...
    23:43:43.432 | 370 ool-1-worker-134 | DEBUG | d.t.c.a.a.c.u.util.UserUtilService   : Save 5 users to database. Done
    23:43:43.581 | 370 ool-1-worker-134 | INFO  | i.z.t.d.l.EmbeddedDatabaseReporter   : JDBC URL to connect to 'dataSource': url='jdbc:h2:tcp://localhost:41063/mem:736625c0-cf5e-400d-aeaa-8a7eabd6262b;USER=sa', scope='StudentExamIntegrationTest#testGetTestRunForConduction'
    23:43:43.621 | 370 ool-1-worker-134 | DEBUG | PersonalAccessTokenManagementService : Generate secure vcs access token
    23:43:43.631 | 370 ool-1-worker-134 | DEBUG | d.t.c.a.a.c.s.f.ApiVersionFilter     : Adding Version to Request GET /api/courses/508/exams/974/test-run/515/conduction
    23:43:43.633 | 370 ool-1-worker-134 | DEBUG | d.t.c.a.a.e.web.StudentExamResource  : REST request to get the test run for exam 974 with id 515
    23:43:43.637 | 370 ool-1-worker-134 | DEBUG | d.t.c.a.a.e.s.ExamSessionService     : Exam session started
    23:43:43.638 | 370 ool-1-worker-134 | INFO  | d.t.c.a.a.e.web.StudentExamResource  : getTestRunForConduction done in 6ms for 3 exercises for user studexaminstructor1

  Starting logs for StudentExamIntegrationTest > testGetStudentExamForTestExamForConduction_NotVisible()
    23:43:43.676 | 370 ool-1-worker-134 | DEBUG | d.t.c.a.a.c.u.util.UserUtilService   : Generate 2 students...
    23:43:43.681 | 370 ool-1-worker-134 | DEBUG | d.t.c.a.a.c.u.util.UserUtilService   : 2 students generated. Generate 1 tutors...
    23:43:43.684 | 370 ool-1-worker-134 | DEBUG | d.t.c.a.a.c.u.util.UserUtilService   : 1 tutors generated. Generate 0 editors...
    23:43:43.685 | 370 ool-1-worker-134 | DEBUG | d.t.c.a.a.c.u.util.UserUtilService   : 0 editors generated. Generate 2 instructors...
    23:43:43.689 | 370 ool-1-worker-134 | DEBUG | d.t.c.a.a.c.u.util.UserUtilService   : 2 instructors generated
    23:43:43.691 | 370 ool-1-worker-134 | DEBUG | d.t.c.a.a.c.u.util.UserUtilService   : Removing 5 users from all courses...
    23:43:43.692 | 370 ool-1-worker-134 | DEBUG | d.t.c.a.a.c.u.util.UserUtilService   : Removing 5 users from all courses. Done
    23:43:43.692 | 370 ool-1-worker-134 | DEBUG | d.t.c.a.a.c.u.util.UserUtilService   : Save 5 users to database...
    23:43:43.716 | 370 ool-1-worker-134 | DEBUG | d.t.c.a.a.c.u.util.UserUtilService   : Save 5 users to database. Done
    23:43:43.839 | 370 ool-1-worker-134 | INFO  | i.z.t.d.l.EmbeddedDatabaseReporter   : JDBC URL to connect to 'dataSource': url='jdbc:h2:tcp://localhost:41063/mem:736625c0-cf5e-400d-aeaa-8a7eabd6262b;USER=sa', scope='StudentExamIntegrationTest#testGetStudentExamForTestExamForConduction_NotVisible'
    23:43:43.843 | 370 ool-1-worker-134 | DEBUG | d.t.c.a.a.c.s.f.ApiVersionFilter     : Adding Version to Request GET /api/courses/509/exams/980/student-exams/521/conduction
    23:43:43.845 | 370 ool-1-worker-134 | DEBUG | d.t.c.a.a.e.web.StudentExamResource  : REST request to get the student exam of user studexamstudent1 for exam 980
    23:43:43.847 | 370 ool-1-worker-134 | WARN  | o.z.p.spring.common.AdviceTraits     : Forbidden: Students cannot download the student exams until 5 minutes before the exam start

  Starting logs for StudentExamIntegrationTest > testGetStudentExamForConduction_studentExamNotExistent()
    23:43:43.886 | 370 ool-1-worker-134 | DEBUG | d.t.c.a.a.c.u.util.UserUtilService   : Generate 2 students...
    23:43:43.890 | 370 ool-1-worker-134 | DEBUG | d.t.c.a.a.c.u.util.UserUtilService   : 2 students generated. Generate 1 tutors...
    23:43:43.892 | 370 ool-1-worker-134 | DEBUG | d.t.c.a.a.c.u.util.UserUtilService   : 1 tutors generated. Generate 0 editors...
    23:43:43.894 | 370 ool-1-worker-134 | DEBUG | d.t.c.a.a.c.u.util.UserUtilService   : 0 editors generated. Generate 2 instructors...
    23:43:43.898 | 370 ool-1-worker-134 | DEBUG | d.t.c.a.a.c.u.util.UserUtilService   : 2 instructors generated
    23:43:43.899 | 370 ool-1-worker-134 | DEBUG | d.t.c.a.a.c.u.util.UserUtilService   : Removing 5 users from all courses...
    23:43:43.900 | 370 ool-1-worker-134 | DEBUG | d.t.c.a.a.c.u.util.UserUtilService   : Removing 5 users from all courses. Done
    23:43:43.900 | 370 ool-1-worker-134 | DEBUG | d.t.c.a.a.c.u.util.UserUtilService   : Save 5 users to database...
    23:43:43.923 | 370 ool-1-worker-134 | DEBUG | d.t.c.a.a.c.u.util.UserUtilService   : Save 5 users to database. Done
    23:43:44.052 | 370 ool-1-worker-134 | INFO  | i.z.t.d.l.EmbeddedDatabaseReporter   : JDBC URL to connect to 'dataSource': url='jdbc:h2:tcp://localhost:41063/mem:736625c0-cf5e-400d-aeaa-8a7eabd6262b;USER=sa', scope='StudentExamIntegrationTest#testGetStudentExamForConduction_studentExamNotExistent'
    23:43:44.053 | 370 ool-1-worker-134 | DEBUG | d.t.c.a.a.c.s.f.ApiVersionFilter     : Adding Version to Request GET /api/courses/512/exams/983/student-exams/5555/conduction
    23:43:44.055 | 370 ool-1-worker-134 | DEBUG | d.t.c.a.a.e.web.StudentExamResource  : REST request to get the student exam of user studexamstudent1 for exam 983
    23:43:44.058 | 370 ool-1-worker-134 | WARN  | o.z.p.spring.common.AdviceTraits     : Not Found: StudentExam with identifier: "5555" does not exist

  Starting logs for StudentExamIntegrationTest > testUpdateWorkingTime()
    23:43:44.099 | 370 ool-1-worker-134 | DEBUG | d.t.c.a.a.c.u.util.UserUtilService   : Generate 2 students...
    23:43:44.103 | 370 ool-1-worker-134 | DEBUG | d.t.c.a.a.c.u.util.UserUtilService   : 2 students generated. Generate 1 tutors...
    23:43:44.105 | 370 ool-1-worker-134 | DEBUG | d.t.c.a.a.c.u.util.UserUtilService   : 1 tutors generated. Generate 0 editors...
    23:43:44.107 | 370 ool-1-worker-134 | DEBUG | d.t.c.a.a.c.u.util.UserUtilService   : 0 editors generated. Generate 2 instructors...
    23:43:44.111 | 370 ool-1-worker-134 | DEBUG | d.t.c.a.a.c.u.util.UserUtilService   : 2 instructors generated
    23:43:44.112 | 370 ool-1-worker-134 | DEBUG | d.t.c.a.a.c.u.util.UserUtilService   : Removing 5 users from all courses...
    23:43:44.113 | 370 ool-1-worker-134 | DEBUG | d.t.c.a.a.c.u.util.UserUtilService   : Removing 5 users from all courses. Done
    23:43:44.113 | 370 ool-1-worker-134 | DEBUG | d.t.c.a.a.c.u.util.UserUtilService   : Save 5 users to database...
    23:43:44.138 | 370 ool-1-worker-134 | DEBUG | d.t.c.a.a.c.u.util.UserUtilService   : Save 5 users to database. Done
    23:43:44.240 | 370 ool-1-worker-134 | INFO  | i.z.t.d.l.EmbeddedDatabaseReporter   : JDBC URL to connect to 'dataSource': url='jdbc:h2:tcp://localhost:41063/mem:736625c0-cf5e-400d-aeaa-8a7eabd6262b;USER=sa', scope='StudentExamIntegrationTest#testUpdateWorkingTime'
    23:43:44.243 | 370 ool-1-worker-134 | DEBUG | d.t.c.a.a.c.s.f.ApiVersionFilter     : Adding Version to Request PATCH /api/courses/515/exams/986/student-exams/528/working-time
    23:43:44.244 | 370 ool-1-worker-134 | DEBUG | d.t.c.a.a.e.web.StudentExamResource  : REST request to update the working time of student exam : 528
    23:43:44.250 | 370 ool-1-worker-134 | DEBUG | d.t.c.a.a.exam.service.ExamService   : Request to get exam 986 with exercise groups (with details: false)

  Starting logs for StudentExamIntegrationTest > testDeleteTestRunWithMissingParticipation()
    23:43:44.290 | 370 ool-1-worker-134 | DEBUG | d.t.c.a.a.c.u.util.UserUtilService   : Generate 2 students...
    23:43:44.294 | 370 ool-1-worker-134 | DEBUG | d.t.c.a.a.c.u.util.UserUtilService   : 2 students generated. Generate 1 tutors...
    23:43:44.297 | 370 ool-1-worker-134 | DEBUG | d.t.c.a.a.c.u.util.UserUtilService   : 1 tutors generated. Generate 0 editors...
    23:43:44.298 | 370 ool-1-worker-134 | DEBUG | d.t.c.a.a.c.u.util.UserUtilService   : 0 editors generated. Generate 2 instructors...
    23:43:44.302 | 370 ool-1-worker-134 | DEBUG | d.t.c.a.a.c.u.util.UserUtilService   : 2 instructors generated
    23:43:44.304 | 370 ool-1-worker-134 | DEBUG | d.t.c.a.a.c.u.util.UserUtilService   : Removing 5 users from all courses...
    23:43:44.305 | 370 ool-1-worker-134 | DEBUG | d.t.c.a.a.c.u.util.UserUtilService   : Removing 5 users from all courses. Done
    23:43:44.305 | 370 ool-1-worker-134 | DEBUG | d.t.c.a.a.c.u.util.UserUtilService   : Save 5 users to database...
    23:43:44.320 | 370 ool-1-worker-134 | DEBUG | d.t.c.a.a.c.u.util.UserUtilService   : Save 5 users to database. Done
    23:43:44.415 | 370 ool-1-worker-134 | INFO  | i.z.t.d.l.EmbeddedDatabaseReporter   : JDBC URL to connect to 'dataSource': url='jdbc:h2:tcp://localhost:41063/mem:736625c0-cf5e-400d-aeaa-8a7eabd6262b;USER=sa', scope='StudentExamIntegrationTest#testDeleteTestRunWithMissingParticipation'
    23:43:44.440 | 370 ool-1-worker-134 | INFO  | d.t.c.a.a.e.s.ParticipationService   : Request to delete Participation : StudentParticipation{id=1255, presentationScore=null, student=User{login='studexaminstructor1', firstName='studexaminstructor1First', lastName='studexaminstructor1Last', email='studexaminstructor1@test.de', imageUrl='null', activated='true', langKey='en', activationKey='null'}}
    23:43:44.440 | 370 ool-1-worker-134 | DEBUG | d.t.c.a.a.e.s.ParticipationService   : Request to delete all results and submissions of participation with id : 1255
    23:43:44.445 | 370 ool-1-worker-134 | DEBUG | d.t.c.a.a.c.s.f.ApiVersionFilter     : Adding Version to Request DELETE /api/courses/518/exams/996/test-run/537
    23:43:44.446 | 370 ool-1-worker-134 | INFO  | d.t.c.a.a.e.web.StudentExamResource  : REST request to delete the test run with id 537
    23:43:44.451 | 370 ool-1-worker-134 | INFO  | d.t.c.a.a.e.s.ParticipationService   : Request to delete Participation : StudentParticipation{id=1256, presentationScore=null, student=User{login='studexaminstructor1', firstName='studexaminstructor1First', lastName='studexaminstructor1Last', email='studexaminstructor1@test.de', imageUrl='null', activated='true', langKey='en', activationKey='null'}}
    23:43:44.451 | 370 ool-1-worker-134 | DEBUG | d.t.c.a.a.e.s.ParticipationService   : Request to delete all results and submissions of participation with id : 1256
    23:43:44.455 | 370 ool-1-worker-134 | INFO  | d.t.c.a.a.e.s.ExamDeletionService    : Request to delete Test Run 537

  Starting logs for StudentExamIntegrationTest > testGetStudentExamForTestExamForConduction_UserIdMismatch()
    23:43:44.496 | 370 ool-1-worker-134 | DEBUG | d.t.c.a.a.c.u.util.UserUtilService   : Generate 2 students...
    23:43:44.500 | 370 ool-1-worker-134 | DEBUG | d.t.c.a.a.c.u.util.UserUtilService   : 2 students generated. Generate 1 tutors...
    23:43:44.503 | 370 ool-1-worker-134 | DEBUG | d.t.c.a.a.c.u.util.UserUtilService   : 1 tutors generated. Generate 0 editors...
    23:43:44.504 | 370 ool-1-worker-134 | DEBUG | d.t.c.a.a.c.u.util.UserUtilService   : 0 editors generated. Generate 2 instructors...
    23:43:44.508 | 370 ool-1-worker-134 | DEBUG | d.t.c.a.a.c.u.util.UserUtilService   : 2 instructors generated
    23:43:44.509 | 370 ool-1-worker-134 | DEBUG | d.t.c.a.a.c.u.util.UserUtilService   : Removing 5 users from all courses...
    23:43:44.510 | 370 ool-1-worker-134 | DEBUG | d.t.c.a.a.c.u.util.UserUtilService   : Removing 5 users from all courses. Done
    23:43:44.510 | 370 ool-1-worker-134 | DEBUG | d.t.c.a.a.c.u.util.UserUtilService   : Save 5 users to database...
    23:43:44.527 | 370 ool-1-worker-134 | DEBUG | d.t.c.a.a.c.u.util.UserUtilService   : Save 5 users to database. Done
    23:43:44.605 | 060 pool-4-thread-3  | INFO  | d.t.c.a.a.p.s.gitlab.GitLabService   : Protecting branch main for Gitlab repository SHORT36F9D7F3012FE042390B5370ACF8A972B465T0AD/short36f9d7f3012fe042390b5370acf8a972b465t0ad-studexamstudent1
    23:43:44.630 | 370 ool-1-worker-134 | INFO  | i.z.t.d.l.EmbeddedDatabaseReporter   : JDBC URL to connect to 'dataSource': url='jdbc:h2:tcp://localhost:41063/mem:736625c0-cf5e-400d-aeaa-8a7eabd6262b;USER=sa', scope='StudentExamIntegrationTest#testGetStudentExamForTestExamForConduction_UserIdMismatch'
    23:43:44.631 | 370 ool-1-worker-134 | DEBUG | d.t.c.a.a.c.s.f.ApiVersionFilter     : Adding Version to Request GET /api/courses/521/exams/999/student-exams/541/conduction
    23:43:44.633 | 370 ool-1-worker-134 | DEBUG | d.t.c.a.a.e.web.StudentExamResource  : REST request to get the student exam of user studexamstudent2 for exam 999
    23:43:44.635 | 370 ool-1-worker-134 | WARN  | o.z.p.spring.common.AdviceTraits     : Forbidden: Current user is not the user of the requested student exam
    23:43:44.649 | 060 pool-4-thread-3  | INFO  | d.t.c.a.a.p.s.gitlab.GitLabService   : Unprotecting branch main for Gitlab repository SHORT9263EBE003CCE04CBB0935A0D07BC643C8A1T7A2/short9263ebe003cce04cbb0935a0d07bc643c8a1t7a2-studexamstudent1

  Starting logs for StudentExamIntegrationTest > testAll_asTutor()
    23:43:44.671 | 370 ool-1-worker-134 | DEBUG | d.t.c.a.a.c.u.util.UserUtilService   : Generate 2 students...
    23:43:44.675 | 370 ool-1-worker-134 | DEBUG | d.t.c.a.a.c.u.util.UserUtilService   : 2 students generated. Generate 1 tutors...
    23:43:44.680 | 370 ool-1-worker-134 | DEBUG | d.t.c.a.a.c.u.util.UserUtilService   : 1 tutors generated. Generate 0 editors...
    23:43:44.681 | 370 ool-1-worker-134 | DEBUG | d.t.c.a.a.c.u.util.UserUtilService   : 0 editors generated. Generate 2 instructors...
    23:43:44.685 | 370 ool-1-worker-134 | DEBUG | d.t.c.a.a.c.u.util.UserUtilService   : 2 instructors generated
    23:43:44.686 | 370 ool-1-worker-134 | DEBUG | d.t.c.a.a.c.u.util.UserUtilService   : Removing 5 users from all courses...
    23:43:44.687 | 370 ool-1-worker-134 | DEBUG | d.t.c.a.a.c.u.util.UserUtilService   : Removing 5 users from all courses. Done
    23:43:44.687 | 370 ool-1-worker-134 | DEBUG | d.t.c.a.a.c.u.util.UserUtilService   : Save 5 users to database...
    23:43:44.709 | 370 ool-1-worker-134 | DEBUG | d.t.c.a.a.c.u.util.UserUtilService   : Save 5 users to database. Done
    23:43:44.875 | 370 ool-1-worker-134 | INFO  | i.z.t.d.l.EmbeddedDatabaseReporter   : JDBC URL to connect to 'dataSource': url='jdbc:h2:tcp://localhost:41063/mem:736625c0-cf5e-400d-aeaa-8a7eabd6262b;USER=sa', scope='StudentExamIntegrationTest#testAll_asTutor'
    23:43:44.880 | 370 ool-1-worker-134 | DEBUG | d.t.c.a.a.c.s.f.ApiVersionFilter     : Adding Version to Request GET /api/courses/524/exams/1002/student-exams/544
    23:43:44.881 | 370 ool-1-worker-134 | WARN  | o.z.p.spring.common.AdviceTraits     : Forbidden: Access Denied
    23:43:44.884 | 370 ool-1-worker-134 | DEBUG | d.t.c.a.a.c.s.f.ApiVersionFilter     : Adding Version to Request GET /api/courses/524/exams/1002/student-exams
    23:43:44.885 | 370 ool-1-worker-134 | WARN  | o.z.p.spring.common.AdviceTraits     : Forbidden: Access Denied

  Starting logs for StudentExamIntegrationTest > testGetStudentExamForExam_withProgrammingExerciseWithActiveSubmissionPolicy_asInstructor()
    23:43:44.946 | 370 ool-1-worker-134 | DEBUG | d.t.c.a.a.c.u.util.UserUtilService   : Generate 2 students...
    23:43:44.950 | 370 ool-1-worker-134 | DEBUG | d.t.c.a.a.c.u.util.UserUtilService   : 2 students generated. Generate 1 tutors...
    23:43:44.953 | 370 ool-1-worker-134 | DEBUG | d.t.c.a.a.c.u.util.UserUtilService   : 1 tutors generated. Generate 0 editors...
    23:43:44.954 | 370 ool-1-worker-134 | DEBUG | d.t.c.a.a.c.u.util.UserUtilService   : 0 editors generated. Generate 2 instructors...
    23:43:44.958 | 370 ool-1-worker-134 | DEBUG | d.t.c.a.a.c.u.util.UserUtilService   : 2 instructors generated
    23:43:44.960 | 370 ool-1-worker-134 | DEBUG | d.t.c.a.a.c.u.util.UserUtilService   : Removing 5 users from all courses...
    23:43:44.964 | 370 ool-1-worker-134 | DEBUG | d.t.c.a.a.c.u.util.UserUtilService   : Removing 5 users from all courses. Done
    23:43:44.964 | 370 ool-1-worker-134 | DEBUG | d.t.c.a.a.c.u.util.UserUtilService   : Save 5 users to database...
    23:43:44.991 | 370 ool-1-worker-134 | DEBUG | d.t.c.a.a.c.u.util.UserUtilService   : Save 5 users to database. Done
    23:43:45.031 | 732 pool-3-thread-2  | DEBUG | d.t.c.a.a.core.service.FileService   : Delete directory ./exports/server-integration-test/courses/_temp-exports_/shortdd7420d109911040ce0a49d004dd88f4216d-Course_title_ce2e51d4-23a2-4db5-aa40-735fc95cffc8-20250214-234244
    23:43:45.106 | 370 ool-1-worker-134 | INFO  | i.z.t.d.l.EmbeddedDatabaseReporter   : JDBC URL to connect to 'dataSource': url='jdbc:h2:tcp://localhost:41063/mem:736625c0-cf5e-400d-aeaa-8a7eabd6262b;USER=sa', scope='StudentExamIntegrationTest#testGetStudentExamForExam_withProgrammingExerciseWithActiveSubmissionPolicy_asInstructor'
    23:43:45.110 | 370 ool-1-worker-134 | DEBUG | d.t.c.a.a.c.s.f.ApiVersionFilter     : Adding Version to Request GET /api/courses/527/exams/1007/student-exams/549
    23:43:45.111 | 370 ool-1-worker-134 | DEBUG | d.t.c.a.a.e.web.StudentExamResource  : REST request to get student exam : 549

  Starting logs for StudentExamIntegrationTest > testDeleteTestRunWithReferencedParticipationsDeleteOneParticipation()
    23:43:45.152 | 370 ool-1-worker-134 | DEBUG | d.t.c.a.a.c.u.util.UserUtilService   : Generate 2 students...
    23:43:45.156 | 370 ool-1-worker-134 | DEBUG | d.t.c.a.a.c.u.util.UserUtilService   : 2 students generated. Generate 1 tutors...
    23:43:45.159 | 370 ool-1-worker-134 | DEBUG | d.t.c.a.a.c.u.util.UserUtilService   : 1 tutors generated. Generate 0 editors...
    23:43:45.160 | 370 ool-1-worker-134 | DEBUG | d.t.c.a.a.c.u.util.UserUtilService   : 0 editors generated. Generate 2 instructors...
    23:43:45.165 | 370 ool-1-worker-134 | DEBUG | d.t.c.a.a.c.u.util.UserUtilService   : 2 instructors generated
    23:43:45.166 | 370 ool-1-worker-134 | DEBUG | d.t.c.a.a.c.u.util.UserUtilService   : Removing 5 users from all courses...
    23:43:45.167 | 370 ool-1-worker-134 | DEBUG | d.t.c.a.a.c.u.util.UserUtilService   : Removing 5 users from all courses. Done
    23:43:45.167 | 370 ool-1-worker-134 | DEBUG | d.t.c.a.a.c.u.util.UserUtilService   : Save 5 users to database...
    23:43:45.195 | 370 ool-1-worker-134 | DEBUG | d.t.c.a.a.c.u.util.UserUtilService   : Save 5 users to database. Done
    23:43:45.324 | 370 ool-1-worker-134 | INFO  | i.z.t.d.l.EmbeddedDatabaseReporter   : JDBC URL to connect to 'dataSource': url='jdbc:h2:tcp://localhost:41063/mem:736625c0-cf5e-400d-aeaa-8a7eabd6262b;USER=sa', scope='StudentExamIntegrationTest#testDeleteTestRunWithReferencedParticipationsDeleteOneParticipation'
    23:43:45.350 | 370 ool-1-worker-134 | DEBUG | d.t.c.a.a.c.s.f.ApiVersionFilter     : Adding Version to Request DELETE /api/courses/530/exams/1017/test-run/558
    23:43:45.350 | 370 ool-1-worker-134 | INFO  | d.t.c.a.a.e.web.StudentExamResource  : REST request to delete the test run with id 558
    23:43:45.355 | 370 ool-1-worker-134 | INFO  | d.t.c.a.a.e.s.ParticipationService   : Request to delete Participation : StudentParticipation{id=1266, presentationScore=null, student=User{login='studexaminstructor1', firstName='studexaminstructor1First', lastName='studexaminstructor1Last', email='studexaminstructor1@test.de', imageUrl='null', activated='true', langKey='en', activationKey='null'}}
    23:43:45.355 | 370 ool-1-worker-134 | DEBUG | d.t.c.a.a.e.s.ParticipationService   : Request to delete all results and submissions of participation with id : 1266
    23:43:45.360 | 370 ool-1-worker-134 | INFO  | d.t.c.a.a.e.s.ExamDeletionService    : Request to delete Test Run 558
    23:43:45.372 | 061 pool-4-thread-4  | INFO  | d.t.c.a.a.p.s.gitlab.GitLabService   : Unprotecting branch main for Gitlab repository SHORT76E752270FD56046930AB190E96BDA8B24FDT6A7/short76e752270fd56046930ab190e96bda8b24fdt6a7-studexamstudent1

  Starting logs for StudentExamIntegrationTest > testGradedStudentExamSummaryWithGradingScaleAsInstructorAfterPublishResultsWithOtherUserId()
    23:43:45.442 | 370 ool-1-worker-134 | DEBUG | d.t.c.a.a.c.u.util.UserUtilService   : Generate 2 students...
    23:43:45.449 | 370 ool-1-worker-134 | DEBUG | d.t.c.a.a.c.u.util.UserUtilService   : 2 students generated. Generate 1 tutors...
    23:43:45.455 | 370 ool-1-worker-134 | DEBUG | d.t.c.a.a.c.u.util.UserUtilService   : 1 tutors generated. Generate 0 editors...
    23:43:45.456 | 370 ool-1-worker-134 | DEBUG | d.t.c.a.a.c.u.util.UserUtilService   : 0 editors generated. Generate 2 instructors...
    23:43:45.466 | 370 ool-1-worker-134 | DEBUG | d.t.c.a.a.c.u.util.UserUtilService   : 2 instructors generated
    23:43:45.470 | 370 ool-1-worker-134 | DEBUG | d.t.c.a.a.c.u.util.UserUtilService   : Removing 5 users from all courses...
    23:43:45.472 | 370 ool-1-worker-134 | DEBUG | d.t.c.a.a.c.u.util.UserUtilService   : Removing 5 users from all courses. Done
    23:43:45.472 | 370 ool-1-worker-134 | DEBUG | d.t.c.a.a.c.u.util.UserUtilService   : Save 5 users to database...
    23:43:45.527 | 370 ool-1-worker-134 | DEBUG | d.t.c.a.a.c.u.util.UserUtilService   : Save 5 users to database. Done
    23:43:45.683 | 370 ool-1-worker-134 | INFO  | i.z.t.d.l.EmbeddedDatabaseReporter   : JDBC URL to connect to 'dataSource': url='jdbc:h2:tcp://localhost:41063/mem:736625c0-cf5e-400d-aeaa-8a7eabd6262b;USER=sa', scope='StudentExamIntegrationTest#testGradedStudentExamSummaryWithGradingScaleAsInstructorAfterPublishResultsWithOtherUserId'
    23:43:45.733 | 370 ool-1-worker-134 | DEBUG | d.t.c.a.a.c.s.f.ApiVersionFilter     : Adding Version to Request POST /api/courses/536/exams/1023/generate-student-exams
    23:43:45.733 | 370 ool-1-worker-134 | INFO  | d.t.c.a.a.exam.web.ExamResource      : REST request to generate student exams for exam 1023
    23:43:45.741 | 370 ool-1-worker-134 | INFO  | d.t.c.a.a.e.s.ExamDeletionService    : User studexaminstructor1 has requested to delete existing student exams and participations for exam Real exam 1
    23:43:45.742 | 370 ool-1-worker-134 | INFO  | d.t.c.a.a.e.s.ParticipationService   : Request to delete all 0 participations of exercise with id : 1853
    23:43:45.744 | 370 ool-1-worker-134 | INFO  | d.t.c.a.a.e.s.ParticipationService   : Request to delete all 0 participations of exercise with id : 1854
    23:43:45.745 | 370 ool-1-worker-134 | INFO  | d.t.c.a.a.e.s.ParticipationService   : Request to delete all 0 participations of exercise with id : 1856
    23:43:45.746 | 370 ool-1-worker-134 | INFO  | d.t.c.a.a.e.s.ParticipationService   : Request to delete all 0 participations of exercise with id : 1855
    23:43:45.748 | 370 ool-1-worker-134 | INFO  | d.t.c.a.a.e.s.ParticipationService   : Request to delete all 0 participations of exercise with id : 1857
    23:43:45.749 | 370 ool-1-worker-134 | INFO  | d.t.c.a.a.e.s.ParticipationService   : Request to delete all 0 participations of exercise with id : 1858
    23:43:45.750 | 370 ool-1-worker-134 | INFO  | d.t.c.a.a.e.s.ParticipationService   : Request to delete all 0 participations of exercise with id : 1859
    23:43:45.752 | 370 ool-1-worker-134 | INFO  | d.t.c.a.a.e.s.ParticipationService   : Request to delete all 0 participations of exercise with id : 1860
    23:43:45.753 | 370 ool-1-worker-134 | INFO  | d.t.c.a.a.e.s.ParticipationService   : Request to delete all 0 participations of exercise with id : 1861
    23:43:45.757 | 370 ool-1-worker-134 | INFO  | d.t.c.a.a.e.s.ParticipationService   : Request to delete all 0 participations of exercise with id : 1862
    23:43:45.759 | 370 ool-1-worker-134 | INFO  | d.t.c.a.a.e.s.ParticipationService   : Request to delete all 0 participations of exercise with id : 1863
    23:43:45.764 | 370 ool-1-worker-134 | INFO  | d.t.c.a.a.exam.web.ExamResource      : Generated 1 student exams in 31.02ms for exam 1023
    23:43:45.812 | 370 ool-1-worker-134 | DEBUG | d.t.c.a.a.c.s.f.ApiVersionFilter     : Adding Version to Request POST /api/courses/536/exams/1023/student-exams/start-exercises
    23:43:45.825 | 370 ool-1-worker-134 | DEBUG | d.t.c.a.a.exam.service.ExamService   : Finished combination of template commits for programming exercise ProgrammingExercise{id=1863, templateRepositoryUri='https://version-control.fake.fake/git/SHORT782032EF0820B049D40AC3F02F7868A0721DT819/short782032ef0820b049d40ac3f02f7868a0721dt819-exercise.git', solutionRepositoryUri='https://version-control.fake.fake/git/SHORT782032EF0820B049D40AC3F02F7868A0721DT819/short782032ef0820b049d40ac3f02f7868a0721dt819-solution.git', templateBuildPlanId='SHORT782032EF0820B049D40AC3F02F7868A0721DT819-BASE', solutionBuildPlanId='SHORT782032EF0820B049D40AC3F02F7868A0721DT819-SOLUTION', allowOnlineEditor='null', allowOnlineIde='false', programmingLanguage='JAVA', packageName='de.test'', testCasesChanged='false'}
    23:43:45.825 | 370 ool-1-worker-134 | INFO  | d.t.c.a.a.e.web.StudentExamResource  : REST request to start exercises for student exams of exam 1023
    23:43:45.849 | 866 ol-5333-thread-1 | INFO  | d.t.c.a.a.e.s.StudentExamService     : SUCCESS: Start exercise for student exam 565 and exercise 1854 and student studexamstudent1
    23:43:45.864 | 866 ol-5333-thread-1 | INFO  | d.t.c.a.a.e.s.StudentExamService     : SUCCESS: Start exercise for student exam 565 and exercise 1856 and student studexamstudent1
    23:43:45.871 | 866 ol-5333-thread-1 | INFO  | d.t.c.a.a.e.s.StudentExamService     : SUCCESS: Start exercise for student exam 565 and exercise 1857 and student studexamstudent1
    23:43:45.880 | 866 ol-5333-thread-1 | INFO  | d.t.c.a.a.e.s.StudentExamService     : SUCCESS: Start exercise for student exam 565 and exercise 1859 and student studexamstudent1
    23:43:45.887 | 866 ol-5333-thread-1 | INFO  | d.t.c.a.a.e.s.StudentExamService     : SUCCESS: Start exercise for student exam 565 and exercise 1861 and student studexamstudent1
    23:43:45.896 | 866 ol-5333-thread-1 | INFO  | d.t.c.a.a.e.s.StudentExamService     : SUCCESS: Start exercise for student exam 565 and exercise 1862 and student studexamstudent1
    23:43:45.903 | 866 ol-5333-thread-1 | DEBUG | d.t.c.a.a.p.service.GitService       : Cloning from file:/tmp/exerciseOriginRepo7312670977168431677/ to repos/server-integration-test/studentOriginRepo13331250881034726581
    23:43:45.922 | 866 ol-5333-thread-1 | ERROR | .a.a.p.s.j.b.JenkinsBuildPlanService : Pipeline Script not found
java.lang.IllegalArgumentException: Pipeline Script not found
	at de.tum.cit.aet.artemis.programming.service.jenkins.build_plan.JenkinsBuildPlanUtils.replaceScriptParameters(JenkinsBuildPlanUtils.java:22)
	at de.tum.cit.aet.artemis.programming.service.jenkins.build_plan.JenkinsBuildPlanService.updateBuildPlanURLs(JenkinsBuildPlanService.java:245)
	at de.tum.cit.aet.artemis.programming.service.jenkins.build_plan.JenkinsBuildPlanService.copyBuildPlan(JenkinsBuildPlanService.java:293)
	at de.tum.cit.aet.artemis.programming.service.jenkins.JenkinsService.copyBuildPlan(JenkinsService.java:128)
	at java.base/java.lang.invoke.MethodHandle.invokeWithArguments(MethodHandle.java:733)
	at org.mockito.internal.util.reflection.InstrumentationMemberAccessor$Dispatcher$ByteBuddy$oog9jsgw.invokeWithArguments(Unknown Source)
	at org.mockito.internal.util.reflection.InstrumentationMemberAccessor.invoke(InstrumentationMemberAccessor.java:251)
	at org.mockito.internal.util.reflection.ModuleMemberAccessor.invoke(ModuleMemberAccessor.java:55)
	at org.mockito.internal.creation.bytebuddy.MockMethodAdvice.tryInvoke(MockMethodAdvice.java:314)
	at org.mockito.internal.creation.bytebuddy.MockMethodAdvice$RealMethodCall.invoke(MockMethodAdvice.java:234)
	at org.mockito.internal.invocation.InterceptedInvocation.callRealMethod(InterceptedInvocation.java:142)
	at org.mockito.internal.stubbing.answers.CallsRealMethods.answer(CallsRealMethods.java:45)
	at org.mockito.Answers.answer(Answers.java:90)
	at org.mockito.internal.handler.MockHandlerImpl.handle(MockHandlerImpl.java:111)
	at org.mockito.internal.handler.NullResultGuardian.handle(NullResultGuardian.java:29)
	at org.mockito.internal.handler.InvocationNotifierHandler.handle(InvocationNotifierHandler.java:34)
	at org.mockito.internal.creation.bytebuddy.MockMethodInterceptor.doIntercept(MockMethodInterceptor.java:82)
	at org.mockito.internal.creation.bytebuddy.MockMethodAdvice.handle(MockMethodAdvice.java:134)
	at de.tum.cit.aet.artemis.programming.service.jenkins.JenkinsService.copyBuildPlan(JenkinsService.java:126)
	at de.tum.cit.aet.artemis.exercise.service.ParticipationService.copyBuildPlan(ParticipationService.java:518)
	at de.tum.cit.aet.artemis.exercise.service.ParticipationService.startProgrammingParticipation(ParticipationService.java:296)
	at de.tum.cit.aet.artemis.exercise.service.ParticipationService.startProgrammingExercise(ParticipationService.java:265)
	at de.tum.cit.aet.artemis.exercise.service.ParticipationService.startExerciseWithInitializationDate(ParticipationService.java:192)
	at de.tum.cit.aet.artemis.exercise.service.ParticipationService.startExercise(ParticipationService.java:151)
	at de.tum.cit.aet.artemis.exam.service.StudentExamService.setUpExerciseParticipationsAndSubmissionsWithInitializationDate(StudentExamService.java:686)
	at de.tum.cit.aet.artemis.exam.service.StudentExamService.setUpExerciseParticipationsAndSubmissions(StudentExamService.java:800)
	at de.tum.cit.aet.artemis.exam.service.StudentExamService.lambda$startExercises$15(StudentExamService.java:735)
	at java.base/java.util.concurrent.CompletableFuture$AsyncRun.run(CompletableFuture.java:1804)
	at java.base/java.util.concurrent.ThreadPoolExecutor.runWorker(ThreadPoolExecutor.java:1144)
	at java.base/java.util.concurrent.ThreadPoolExecutor$Worker.run(ThreadPoolExecutor.java:642)
	at java.base/java.lang.Thread.run(Thread.java:1583)
    23:43:45.930 | 866 ol-5333-thread-1 | ERROR | .a.a.p.s.j.b.JenkinsBuildPlanService : Pipeline Script not found
java.lang.IllegalArgumentException: Pipeline Script not found
	at de.tum.cit.aet.artemis.programming.service.jenkins.build_plan.JenkinsBuildPlanUtils.replaceScriptParameters(JenkinsBuildPlanUtils.java:29)
	at de.tum.cit.aet.artemis.programming.service.jenkins.build_plan.JenkinsBuildPlanService.updateBuildPlanRepositories(JenkinsBuildPlanService.java:219)
	at de.tum.cit.aet.artemis.programming.service.jenkins.build_plan.JenkinsBuildPlanService.configureBuildPlanForParticipation(JenkinsBuildPlanService.java:196)
	at de.tum.cit.aet.artemis.programming.service.jenkins.JenkinsService.configureBuildPlan(JenkinsService.java:138)
	at java.base/java.lang.invoke.MethodHandle.invokeWithArguments(MethodHandle.java:733)
	at org.mockito.internal.util.reflection.InstrumentationMemberAccessor$Dispatcher$ByteBuddy$oog9jsgw.invokeWithArguments(Unknown Source)
	at org.mockito.internal.util.reflection.InstrumentationMemberAccessor.invoke(InstrumentationMemberAccessor.java:251)
	at org.mockito.internal.util.reflection.ModuleMemberAccessor.invoke(ModuleMemberAccessor.java:55)
	at org.mockito.internal.creation.bytebuddy.MockMethodAdvice.tryInvoke(MockMethodAdvice.java:314)
	at org.mockito.internal.creation.bytebuddy.MockMethodAdvice$RealMethodCall.invoke(MockMethodAdvice.java:234)
	at org.mockito.internal.invocation.InterceptedInvocation.callRealMethod(InterceptedInvocation.java:142)
	at org.mockito.internal.stubbing.answers.CallsRealMethods.answer(CallsRealMethods.java:45)
	at org.mockito.Answers.answer(Answers.java:90)
	at org.mockito.internal.handler.MockHandlerImpl.handle(MockHandlerImpl.java:111)
	at org.mockito.internal.handler.NullResultGuardian.handle(NullResultGuardian.java:29)
	at org.mockito.internal.handler.InvocationNotifierHandler.handle(InvocationNotifierHandler.java:34)
	at org.mockito.internal.creation.bytebuddy.MockMethodInterceptor.doIntercept(MockMethodInterceptor.java:82)
	at org.mockito.internal.creation.bytebuddy.MockMethodAdvice.handle(MockMethodAdvice.java:134)
	at de.tum.cit.aet.artemis.programming.service.jenkins.JenkinsService.configureBuildPlan(JenkinsService.java:138)
	at de.tum.cit.aet.artemis.exercise.service.ParticipationService.configureBuildPlan(ParticipationService.java:532)
	at de.tum.cit.aet.artemis.exercise.service.ParticipationService.startProgrammingParticipation(ParticipationService.java:298)
	at de.tum.cit.aet.artemis.exercise.service.ParticipationService.startProgrammingExercise(ParticipationService.java:265)
	at de.tum.cit.aet.artemis.exercise.service.ParticipationService.startExerciseWithInitializationDate(ParticipationService.java:192)
	at de.tum.cit.aet.artemis.exercise.service.ParticipationService.startExercise(ParticipationService.java:151)
	at de.tum.cit.aet.artemis.exam.service.StudentExamService.setUpExerciseParticipationsAndSubmissionsWithInitializationDate(StudentExamService.java:686)
	at de.tum.cit.aet.artemis.exam.service.StudentExamService.setUpExerciseParticipationsAndSubmissions(StudentExamService.java:800)
	at de.tum.cit.aet.artemis.exam.service.StudentExamService.lambda$startExercises$15(StudentExamService.java:735)
	at java.base/java.util.concurrent.CompletableFuture$AsyncRun.run(CompletableFuture.java:1804)
	at java.base/java.util.concurrent.ThreadPoolExecutor.runWorker(ThreadPoolExecutor.java:1144)
	at java.base/java.util.concurrent.ThreadPoolExecutor$Worker.run(ThreadPoolExecutor.java:642)
	at java.base/java.lang.Thread.run(Thread.java:1583)
    23:43:45.937 | 866 ol-5333-thread-1 | INFO  | d.t.c.a.a.e.s.StudentExamService     : SUCCESS: Start exercise for student exam 565 and exercise 1863 and student studexamstudent1
    23:43:45.938 | 370 ool-1-worker-134 | INFO  | d.t.c.a.a.e.web.StudentExamResource  : Generated 7 participations in 124.05ms for student exams of exam 1023
    23:43:45.940 | 370 ool-1-worker-134 | DEBUG | d.t.c.a.a.c.s.f.ApiVersionFilter     : Adding Version to Request GET /api/courses/536/exams/1023/student-exams/start-exercises/status
    23:43:45.947 | 370 ool-1-worker-134 | DEBUG | d.t.c.a.a.c.s.f.ApiVersionFilter     : Adding Version to Request GET /api/courses/536/exams/1023/student-exams/565/conduction
    23:43:45.949 | 370 ool-1-worker-134 | DEBUG | d.t.c.a.a.e.web.StudentExamResource  : REST request to get the student exam of user studexamstudent1 for exam 1023
    23:43:45.960 | 370 ool-1-worker-134 | DEBUG | d.t.c.a.a.e.s.ExamSessionService     : Exam session started
    23:43:45.961 | 370 ool-1-worker-134 | INFO  | d.t.c.a.a.e.web.StudentExamResource  : getStudentExamForConduction done in 13ms for 7 exercises for user studexamstudent1
    23:43:45.968 | 370 ool-1-worker-134 | DEBUG | d.t.c.a.a.c.s.f.ApiVersionFilter     : Adding Version to Request PUT /api/exercises/1854/text-submissions
    23:43:45.969 | 370 ool-1-worker-134 | DEBUG | d.t.c.a.a.t.w.TextSubmissionResource : REST request to update text submission: TextSubmission{id=840, text='New Text', language='null'}
    23:43:45.985 | 370 ool-1-worker-134 | INFO  | d.t.c.a.a.t.w.TextSubmissionResource : handleTextSubmission took 16ms for exercise 1854 and user studexamstudent1
    23:43:45.987 | 370 ool-1-worker-134 | DEBUG | d.t.c.a.a.c.s.f.ApiVersionFilter     : Adding Version to Request PUT /api/exercises/1856/submissions/exam
    23:43:45.990 | 370 ool-1-worker-134 | DEBUG | d.t.c.a.a.q.w.QuizSubmissionResource : REST request to submit QuizSubmission for exam : QuizSubmission{id=841, scoreInPoints='null'}
    23:43:46.005 | 370 ool-1-worker-134 | DEBUG | .a.q.s.AbstractQuizSubmissionService : submit exam quiz finished: QuizSubmission{id=841, scoreInPoints='null'}
    23:43:46.005 | 370 ool-1-worker-134 | INFO  | d.t.c.a.a.q.w.QuizSubmissionResource : submitQuizForExam took 15ms for exercise 1856 and user studexamstudent1
    23:43:46.014 | 370 ool-1-worker-134 | DEBUG | d.t.c.a.a.c.s.f.ApiVersionFilter     : Adding Version to Request PUT /api/exercises/1859/modeling-submissions
    23:43:46.029 | 370 ool-1-worker-134 | INFO  | c.a.a.m.w.ModelingSubmissionResource : save took 14ms for exercise 1859 and user studexamstudent1
    23:43:46.031 | 370 ool-1-worker-134 | DEBUG | d.t.c.a.a.c.s.f.ApiVersionFilter     : Adding Version to Request PUT /api/exercises/1861/text-submissions
    23:43:46.032 | 370 ool-1-worker-134 | DEBUG | d.t.c.a.a.t.w.TextSubmissionResource : REST request to update text submission: TextSubmission{id=844, text='New Text', language='null'}
    23:43:46.047 | 370 ool-1-worker-134 | INFO  | d.t.c.a.a.t.w.TextSubmissionResource : handleTextSubmission took 15ms for exercise 1861 and user studexamstudent1
    23:43:46.049 | 370 ool-1-worker-134 | DEBUG | d.t.c.a.a.c.s.f.ApiVersionFilter     : Adding Version to Request PUT /api/exercises/1862/text-submissions
    23:43:46.050 | 370 ool-1-worker-134 | DEBUG | d.t.c.a.a.t.w.TextSubmissionResource : REST request to update text submission: TextSubmission{id=845, text='New Text', language='null'}
    23:43:46.064 | 370 ool-1-worker-134 | INFO  | d.t.c.a.a.t.w.TextSubmissionResource : handleTextSubmission took 14ms for exercise 1862 and user studexamstudent1
    23:43:46.067 | 370 ool-1-worker-134 | DEBUG | d.t.c.a.a.c.s.f.ApiVersionFilter     : Adding Version to Request POST /api/programming-submissions/1278/trigger-build
    23:43:46.082 | 370 ool-1-worker-134 | DEBUG | d.t.c.a.a.c.s.f.ApiVersionFilter     : Adding Version to Request POST /api/courses/536/exams/1023/student-exams/submit
    23:43:46.089 | 370 ool-1-worker-134 | DEBUG | d.t.c.a.a.e.web.StudentExamResource  : REST request to mark the studentExam as submitted : 565
    23:43:46.093 | 370 ool-1-worker-134 | DEBUG | d.t.c.a.a.e.web.StudentExamResource  : Completed input validation for submitStudentExam in 3.35ms
    23:43:46.093 | 370 ool-1-worker-134 | DEBUG | d.t.c.a.a.e.s.StudentExamService     : Submit student exam with id 565
    23:43:46.094 | 370 ool-1-worker-134 | DEBUG | d.t.c.a.a.e.s.StudentExamService     :     Set student exam to submitted in 813µs
    23:43:46.097 | 370 ool-1-worker-134 | DEBUG | d.t.c.a.a.e.s.StudentExamService     :     Potentially save submissions in 3.55ms
    23:43:46.097 | 370 ool-1-worker-134 | DEBUG | d.t.c.a.a.e.s.StudentExamService     :     Lock student repositories in 30µs
    23:43:46.097 | 370 ool-1-worker-134 | INFO  | d.t.c.a.a.e.web.StudentExamResource  : Completed submitStudentExam with 7 exercises for user studexamstudent1 in a total time of 7.97ms
    23:43:46.099 | 370 ool-1-worker-134 | DEBUG | d.t.c.a.a.c.s.f.ApiVersionFilter     : Adding Version to Request GET /api/courses/536/exams/1023/student-exams/565/summary
    23:43:46.101 | 370 ool-1-worker-134 | DEBUG | d.t.c.a.a.e.web.StudentExamResource  : REST request to get the student exam of user studexamstudent1 for exam 1023
    23:43:46.108 | 370 ool-1-worker-134 | INFO  | d.t.c.a.a.e.web.StudentExamResource  : getStudentExamForSummary done in 8ms for 7 exercises for user studexamstudent1
    23:43:46.120 | 370 ool-1-worker-134 | DEBUG | .c.s.m.InstanceMessageReceiveService : Received schedule participant score for exercise 1854 and participant 671 (result to be deleted: null)
    23:43:46.124 | 370 ool-1-worker-134 | DEBUG | .a.s.ParticipantScoreScheduleService : Scheduled task for exercise 1854 and participant 671 at 2025-02-14T23:43:46.224157053Z[Etc/UTC].
    23:43:46.137 | 370 ool-1-worker-134 | DEBUG | .c.s.m.InstanceMessageReceiveService : Received schedule participant score for exercise 1854 and participant 671 (result to be deleted: null)
    23:43:46.137 | 370 ool-1-worker-134 | DEBUG | .a.s.ParticipantScoreScheduleService : Scheduled task for exercise 1854 and participant 671 at 2025-02-14T23:43:46.237434767Z[Etc/UTC].
    23:43:46.138 | 370 ool-1-worker-134 | DEBUG | .c.s.m.InstanceMessageReceiveService : Received schedule participant score for exercise 1857 and participant 671 (result to be deleted: null)
    23:43:46.138 | 370 ool-1-worker-134 | DEBUG | .a.s.ParticipantScoreScheduleService : Scheduled task for exercise 1857 and participant 671 at 2025-02-14T23:43:46.238462504Z[Etc/UTC].
    23:43:46.150 | 370 ool-1-worker-134 | DEBUG | .c.s.m.InstanceMessageReceiveService : Received schedule participant score for exercise 1857 and participant 671 (result to be deleted: null)
    23:43:46.150 | 370 ool-1-worker-134 | DEBUG | .a.s.ParticipantScoreScheduleService : Scheduled task for exercise 1857 and participant 671 at 2025-02-14T23:43:46.250458126Z[Etc/UTC].
    23:43:46.152 | 370 ool-1-worker-134 | DEBUG | .c.s.m.InstanceMessageReceiveService : Received schedule participant score for exercise 1859 and participant 671 (result to be deleted: null)
    23:43:46.152 | 370 ool-1-worker-134 | DEBUG | .a.s.ParticipantScoreScheduleService : Scheduled task for exercise 1859 and participant 671 at 2025-02-14T23:43:46.252687625Z[Etc/UTC].
    23:43:46.163 | 370 ool-1-worker-134 | DEBUG | .c.s.m.InstanceMessageReceiveService : Received schedule participant score for exercise 1859 and participant 671 (result to be deleted: null)
    23:43:46.163 | 370 ool-1-worker-134 | DEBUG | .a.s.ParticipantScoreScheduleService : Scheduled task for exercise 1859 and participant 671 at 2025-02-14T23:43:46.263763722Z[Etc/UTC].
    23:43:46.164 | 370 ool-1-worker-134 | DEBUG | .c.s.m.InstanceMessageReceiveService : Received schedule participant score for exercise 1861 and participant 671 (result to be deleted: null)
    23:43:46.164 | 370 ool-1-worker-134 | DEBUG | .a.s.ParticipantScoreScheduleService : Scheduled task for exercise 1861 and participant 671 at 2025-02-14T23:43:46.264691292Z[Etc/UTC].
    23:43:46.176 | 370 ool-1-worker-134 | DEBUG | .c.s.m.InstanceMessageReceiveService : Received schedule participant score for exercise 1861 and participant 671 (result to be deleted: null)
    23:43:46.176 | 370 ool-1-worker-134 | DEBUG | .a.s.ParticipantScoreScheduleService : Scheduled task for exercise 1861 and participant 671 at 2025-02-14T23:43:46.276903208Z[Etc/UTC].
    23:43:46.177 | 370 ool-1-worker-134 | DEBUG | .c.s.m.InstanceMessageReceiveService : Received schedule participant score for exercise 1862 and participant 671 (result to be deleted: null)
    23:43:46.178 | 370 ool-1-worker-134 | DEBUG | .a.s.ParticipantScoreScheduleService : Scheduled task for exercise 1862 and participant 671 at 2025-02-14T23:43:46.278004231Z[Etc/UTC].
    23:43:46.183 | 370 ool-1-worker-134 | DEBUG | .c.s.m.InstanceMessageReceiveService : Received schedule participant score for exercise 1862 and participant 671 (result to be deleted: null)
    23:43:46.183 | 370 ool-1-worker-134 | DEBUG | .a.s.ParticipantScoreScheduleService : Scheduled task for exercise 1862 and participant 671 at 2025-02-14T23:43:46.283967564Z[Etc/UTC].
    23:43:46.184 | 370 ool-1-worker-134 | DEBUG | .c.s.m.InstanceMessageReceiveService : Received schedule participant score for exercise 1863 and participant 671 (result to be deleted: null)
    23:43:46.184 | 370 ool-1-worker-134 | DEBUG | .a.s.ParticipantScoreScheduleService : Scheduled task for exercise 1863 and participant 671 at 2025-02-14T23:43:46.284920120Z[Etc/UTC].
    23:43:46.190 | 370 ool-1-worker-134 | DEBUG | .c.s.m.InstanceMessageReceiveService : Received schedule participant score for exercise 1863 and participant 671 (result to be deleted: null)
    23:43:46.190 | 370 ool-1-worker-134 | DEBUG | .a.s.ParticipantScoreScheduleService : Scheduled task for exercise 1863 and participant 671 at 2025-02-14T23:43:46.290756195Z[Etc/UTC].
    23:43:46.193 | 370 ool-1-worker-134 | DEBUG | d.t.c.a.a.c.s.f.ApiVersionFilter     : Adding Version to Request POST /api/courses/536/exams/1023/student-exams/evaluate-quiz-exercises
    23:43:46.193 | 370 ool-1-worker-134 | INFO  | d.t.c.a.a.exam.web.ExamResource      : REST request to evaluate quiz exercises of exam 1023
    23:43:46.199 | 370 ool-1-worker-134 | DEBUG | d.t.c.a.a.exam.service.ExamService   : Evaluating 2 quiz exercises in exam 1023
    23:43:46.199 | 370 ool-1-worker-134 | INFO  | d.t.c.a.a.q.s.QuizResultService      : Starting quiz evaluation for quiz 1856
    23:43:46.213 | 370 ool-1-worker-134 | DEBUG | .c.s.m.InstanceMessageReceiveService : Received schedule participant score for exercise 1856 and participant 671 (result to be deleted: null)
    23:43:46.213 | 370 ool-1-worker-134 | DEBUG | .a.s.ParticipantScoreScheduleService : Scheduled task for exercise 1856 and participant 671 at 2025-02-14T23:43:46.313426967Z[Etc/UTC].
    23:43:46.237 | 326 taskScheduler-1  | DEBUG | .a.s.ParticipantScoreScheduleService : Processing exercise 1854 and participant 671 to update participant scores.
    23:43:46.237 | 370 ool-1-worker-134 | DEBUG | .c.s.m.InstanceMessageReceiveService : Received schedule participant score for exercise 1856 and participant 671 (result to be deleted: null)
    23:43:46.237 | 370 ool-1-worker-134 | DEBUG | .a.s.ParticipantScoreScheduleService : Scheduled task for exercise 1856 and participant 671 at 2025-02-14T23:43:46.337847342Z[Etc/UTC].
    23:43:46.238 | 370 ool-1-worker-134 | INFO  | d.t.c.a.a.q.s.QuizResultService      : Quiz evaluation for quiz 1856 finished after 39.23ms with 1 created results
    23:43:46.238 | 370 ool-1-worker-134 | DEBUG | d.t.c.a.a.q.s.QuizStatisticService   : update statistics with 1 new results
    23:43:46.241 | 370 ool-1-worker-134 | INFO  | d.t.c.a.a.q.s.QuizResultService      : Statistic update for quiz 1856 finished after 42.22ms
    23:43:46.241 | 370 ool-1-worker-134 | INFO  | d.t.c.a.a.q.s.QuizResultService      : Starting quiz evaluation for quiz 1855
    23:43:46.246 | 370 ool-1-worker-134 | INFO  | d.t.c.a.a.q.s.QuizResultService      : Quiz evaluation for quiz 1855 finished after 4.66ms with 0 created results
    23:43:46.246 | 370 ool-1-worker-134 | DEBUG | d.t.c.a.a.q.s.QuizStatisticService   : update statistics with 0 new results
    23:43:46.247 | 370 ool-1-worker-134 | INFO  | d.t.c.a.a.q.s.QuizResultService      : Statistic update for quiz 1855 finished after 5.74ms
    23:43:46.247 | 370 ool-1-worker-134 | DEBUG | d.t.c.a.a.exam.service.ExamService   : Evaluated 2 quiz exercises in exam 1023 in 48.03ms
    23:43:46.247 | 370 ool-1-worker-134 | INFO  | d.t.c.a.a.exam.web.ExamResource      : Evaluated 2 quiz exercises of exam 1023
    23:43:46.251 | 370 ool-1-worker-134 | DEBUG | d.t.c.a.a.c.s.f.ApiVersionFilter     : Adding Version to Request GET /api/courses/536/exams/1023/student-exams/565/grade-summary
    23:43:46.252 | 328 taskScheduler-3  | DEBUG | .a.s.ParticipantScoreScheduleService : Processing exercise 1857 and participant 671 to update participant scores.
    23:43:46.253 | 370 ool-1-worker-134 | DEBUG | d.t.c.a.a.e.web.StudentExamResource  : REST request to get the student exam grades of user with id 671 for exam 1023 by user studexaminstructor1
    23:43:46.259 | 326 taskScheduler-1  | DEBUG | .a.s.ParticipantScoreScheduleService : Updating the participant score for exercise 1854 and participant 671 took 22 ms.
    23:43:46.263 | 327 taskScheduler-2  | DEBUG | .a.s.ParticipantScoreScheduleService : Processing exercise 1859 and participant 671 to update participant scores.
    23:43:46.265 | 370 ool-1-worker-134 | INFO  | d.t.c.a.a.e.web.StudentExamResource  : getStudentExamGradesForSummary done in 13ms for 7 exercises for target user studexamstudent1 by caller user studexaminstructor1
    23:43:46.268 | 327 taskScheduler-2  | DEBUG | .a.s.ParticipantScoreScheduleService : Updating the participant score for exercise 1859 and participant 671 took 5 ms.
    23:43:46.271 | 328 taskScheduler-3  | DEBUG | .a.s.ParticipantScoreScheduleService : Updating the participant score for exercise 1857 and participant 671 took 19 ms.
    23:43:46.276 | 329 taskScheduler-4  | DEBUG | .a.s.ParticipantScoreScheduleService : Processing exercise 1861 and participant 671 to update participant scores.
    23:43:46.281 | 329 taskScheduler-4  | DEBUG | .a.s.ParticipantScoreScheduleService : Updating the participant score for exercise 1861 and participant 671 took 5 ms.
    23:43:46.284 | 326 taskScheduler-1  | DEBUG | .a.s.ParticipantScoreScheduleService : Processing exercise 1862 and participant 671 to update participant scores.
    23:43:46.291 | 326 taskScheduler-1  | DEBUG | .a.s.ParticipantScoreScheduleService : Updating the participant score for exercise 1862 and participant 671 took 7 ms.
    23:43:46.291 | 326 taskScheduler-1  | DEBUG | .a.s.ParticipantScoreScheduleService : Processing exercise 1863 and participant 671 to update participant scores.
    23:43:46.300 | 326 taskScheduler-1  | DEBUG | .a.s.ParticipantScoreScheduleService : Updating the participant score for exercise 1863 and participant 671 took 9 ms.
    23:43:46.336 | 059 pool-4-thread-2  | INFO  | d.t.c.a.a.p.s.gitlab.GitLabService   : Unprotecting branch main for Gitlab repository SHORTAD4D2C120033204F5909C3806A57C2175565TF31/shortad4d2c120033204f5909c3806a57c2175565tf31-studexamstudent1

  Starting logs for StudentExamIntegrationTest > testGetStudentExam_asInstructor()
    23:43:46.362 | 370 ool-1-worker-134 | DEBUG | d.t.c.a.a.c.u.util.UserUtilService   : Generate 2 students...
    23:43:46.366 | 370 ool-1-worker-134 | DEBUG | d.t.c.a.a.c.u.util.UserUtilService   : 2 students generated. Generate 1 tutors...
    23:43:46.370 | 370 ool-1-worker-134 | DEBUG | d.t.c.a.a.c.u.util.UserUtilService   : 1 tutors generated. Generate 0 editors...
    23:43:46.371 | 370 ool-1-worker-134 | DEBUG | d.t.c.a.a.c.u.util.UserUtilService   : 0 editors generated. Generate 2 instructors...
    23:43:46.376 | 370 ool-1-worker-134 | DEBUG | d.t.c.a.a.c.u.util.UserUtilService   : 2 instructors generated
    23:43:46.378 | 370 ool-1-worker-134 | DEBUG | d.t.c.a.a.c.u.util.UserUtilService   : Removing 5 users from all courses...
    23:43:46.379 | 370 ool-1-worker-134 | DEBUG | d.t.c.a.a.c.u.util.UserUtilService   : Removing 5 users from all courses. Done
    23:43:46.379 | 370 ool-1-worker-134 | DEBUG | d.t.c.a.a.c.u.util.UserUtilService   : Save 5 users to database...
    23:43:46.402 | 370 ool-1-worker-134 | DEBUG | d.t.c.a.a.c.u.util.UserUtilService   : Save 5 users to database. Done
    23:43:46.553 | 370 ool-1-worker-134 | INFO  | i.z.t.d.l.EmbeddedDatabaseReporter   : JDBC URL to connect to 'dataSource': url='jdbc:h2:tcp://localhost:41063/mem:736625c0-cf5e-400d-aeaa-8a7eabd6262b;USER=sa', scope='StudentExamIntegrationTest#testGetStudentExam_asInstructor'
    23:43:46.554 | 370 ool-1-worker-134 | DEBUG | d.t.c.a.a.c.s.f.ApiVersionFilter     : Adding Version to Request GET /api/courses/537/exams/1024/student-exams/567
    23:43:46.555 | 370 ool-1-worker-134 | DEBUG | d.t.c.a.a.e.web.StudentExamResource  : REST request to get student exam : 567

  Starting logs for StudentExamIntegrationTest > testSubmitExamOtherUser_forbidden()
    23:43:46.597 | 370 ool-1-worker-134 | DEBUG | d.t.c.a.a.c.u.util.UserUtilService   : Generate 2 students...
    23:43:46.601 | 370 ool-1-worker-134 | DEBUG | d.t.c.a.a.c.u.util.UserUtilService   : 2 students generated. Generate 1 tutors...
    23:43:46.604 | 370 ool-1-worker-134 | DEBUG | d.t.c.a.a.c.u.util.UserUtilService   : 1 tutors generated. Generate 0 editors...
    23:43:46.606 | 370 ool-1-worker-134 | DEBUG | d.t.c.a.a.c.u.util.UserUtilService   : 0 editors generated. Generate 2 instructors...
    23:43:46.615 | 370 ool-1-worker-134 | DEBUG | d.t.c.a.a.c.u.util.UserUtilService   : 2 instructors generated
    23:43:46.620 | 370 ool-1-worker-134 | DEBUG | d.t.c.a.a.c.u.util.UserUtilService   : Removing 5 users from all courses...
    23:43:46.621 | 370 ool-1-worker-134 | DEBUG | d.t.c.a.a.c.u.util.UserUtilService   : Removing 5 users from all courses. Done
    23:43:46.621 | 370 ool-1-worker-134 | DEBUG | d.t.c.a.a.c.u.util.UserUtilService   : Save 5 users to database...
    23:43:46.670 | 370 ool-1-worker-134 | DEBUG | d.t.c.a.a.c.u.util.UserUtilService   : Save 5 users to database. Done
    23:43:46.894 | 370 ool-1-worker-134 | INFO  | i.z.t.d.l.EmbeddedDatabaseReporter   : JDBC URL to connect to 'dataSource': url='jdbc:h2:tcp://localhost:41063/mem:736625c0-cf5e-400d-aeaa-8a7eabd6262b;USER=sa', scope='StudentExamIntegrationTest#testSubmitExamOtherUser_forbidden'
    23:43:46.957 | 370 ool-1-worker-134 | DEBUG | d.t.c.a.a.c.s.f.ApiVersionFilter     : Adding Version to Request POST /api/courses/543/exams/1034/generate-student-exams
    23:43:46.958 | 370 ool-1-worker-134 | INFO  | d.t.c.a.a.exam.web.ExamResource      : REST request to generate student exams for exam 1034
    23:43:46.968 | 370 ool-1-worker-134 | INFO  | d.t.c.a.a.e.s.ExamDeletionService    : User studexaminstructor1 has requested to delete existing student exams and participations for exam Real exam 1
    23:43:46.969 | 370 ool-1-worker-134 | INFO  | d.t.c.a.a.e.s.ParticipationService   : Request to delete all 0 participations of exercise with id : 1884
    23:43:46.971 | 370 ool-1-worker-134 | INFO  | d.t.c.a.a.e.s.ParticipationService   : Request to delete all 0 participations of exercise with id : 1885
    23:43:46.972 | 370 ool-1-worker-134 | INFO  | d.t.c.a.a.e.s.ParticipationService   : Request to delete all 0 participations of exercise with id : 1886
    23:43:46.973 | 370 ool-1-worker-134 | INFO  | d.t.c.a.a.e.s.ParticipationService   : Request to delete all 0 participations of exercise with id : 1887
    23:43:46.975 | 370 ool-1-worker-134 | INFO  | d.t.c.a.a.e.s.ParticipationService   : Request to delete all 0 participations of exercise with id : 1888
    23:43:46.978 | 370 ool-1-worker-134 | INFO  | d.t.c.a.a.e.s.ParticipationService   : Request to delete all 0 participations of exercise with id : 1889
    23:43:46.979 | 370 ool-1-worker-134 | INFO  | d.t.c.a.a.e.s.ParticipationService   : Request to delete all 0 participations of exercise with id : 1890
    23:43:46.980 | 370 ool-1-worker-134 | INFO  | d.t.c.a.a.e.s.ParticipationService   : Request to delete all 0 participations of exercise with id : 1891
    23:43:46.982 | 370 ool-1-worker-134 | INFO  | d.t.c.a.a.e.s.ParticipationService   : Request to delete all 0 participations of exercise with id : 1892
    23:43:46.983 | 370 ool-1-worker-134 | INFO  | d.t.c.a.a.e.s.ParticipationService   : Request to delete all 0 participations of exercise with id : 1893
    23:43:46.984 | 370 ool-1-worker-134 | INFO  | d.t.c.a.a.e.s.ParticipationService   : Request to delete all 0 participations of exercise with id : 1894
    23:43:46.989 | 370 ool-1-worker-134 | INFO  | d.t.c.a.a.exam.web.ExamResource      : Generated 1 student exams in 30.87ms for exam 1034
    23:43:47.012 | 370 ool-1-worker-134 | DEBUG | d.t.c.a.a.c.s.f.ApiVersionFilter     : Adding Version to Request POST /api/courses/543/exams/1034/student-exams/start-exercises
    23:43:47.021 | 370 ool-1-worker-134 | DEBUG | d.t.c.a.a.exam.service.ExamService   : Finished combination of template commits for programming exercise ProgrammingExercise{id=1894, templateRepositoryUri='https://version-control.fake.fake/git/SHORTD1ED502C0B652048A60A9D80539B8BB1A261T8C8/shortd1ed502c0b652048a60a9d80539b8bb1a261t8c8-exercise.git', solutionRepositoryUri='https://version-control.fake.fake/git/SHORTD1ED502C0B652048A60A9D80539B8BB1A261T8C8/shortd1ed502c0b652048a60a9d80539b8bb1a261t8c8-solution.git', templateBuildPlanId='SHORTD1ED502C0B652048A60A9D80539B8BB1A261T8C8-BASE', solutionBuildPlanId='SHORTD1ED502C0B652048A60A9D80539B8BB1A261T8C8-SOLUTION', allowOnlineEditor='null', allowOnlineIde='false', programmingLanguage='JAVA', packageName='de.test'', testCasesChanged='false'}
    23:43:47.021 | 370 ool-1-worker-134 | INFO  | d.t.c.a.a.e.web.StudentExamResource  : REST request to start exercises for student exams of exam 1034
    23:43:47.050 | 896 ol-5512-thread-1 | INFO  | d.t.c.a.a.e.s.StudentExamService     : SUCCESS: Start exercise for student exam 576 and exercise 1885 and student studexamstudent1
    23:43:47.059 | 731 pool-3-thread-1  | DEBUG | d.t.c.a.a.core.service.FileService   : Delete directory ./exports/server-integration-test/courses/_temp-exports_/514-Real_exam_1-20250214-234247
    23:43:47.076 | 896 ol-5512-thread-1 | INFO  | d.t.c.a.a.e.s.StudentExamService     : SUCCESS: Start exercise for student exam 576 and exercise 1887 and student studexamstudent1
    23:43:47.096 | 896 ol-5512-thread-1 | INFO  | d.t.c.a.a.e.s.StudentExamService     : SUCCESS: Start exercise for student exam 576 and exercise 1888 and student studexamstudent1
    23:43:47.114 | 896 ol-5512-thread-1 | INFO  | d.t.c.a.a.e.s.StudentExamService     : SUCCESS: Start exercise for student exam 576 and exercise 1890 and student studexamstudent1
    23:43:47.131 | 896 ol-5512-thread-1 | INFO  | d.t.c.a.a.e.s.StudentExamService     : SUCCESS: Start exercise for student exam 576 and exercise 1892 and student studexamstudent1
    23:43:47.145 | 896 ol-5512-thread-1 | INFO  | d.t.c.a.a.e.s.StudentExamService     : SUCCESS: Start exercise for student exam 576 and exercise 1893 and student studexamstudent1
    23:43:47.157 | 896 ol-5512-thread-1 | DEBUG | d.t.c.a.a.p.service.GitService       : Cloning from file:/tmp/exerciseOriginRepo8589148925435762386/ to repos/server-integration-test/studentOriginRepo9078384661118601371
    23:43:47.177 | 896 ol-5512-thread-1 | ERROR | .a.a.p.s.j.b.JenkinsBuildPlanService : Pipeline Script not found
java.lang.IllegalArgumentException: Pipeline Script not found
	at de.tum.cit.aet.artemis.programming.service.jenkins.build_plan.JenkinsBuildPlanUtils.replaceScriptParameters(JenkinsBuildPlanUtils.java:22)
	at de.tum.cit.aet.artemis.programming.service.jenkins.build_plan.JenkinsBuildPlanService.updateBuildPlanURLs(JenkinsBuildPlanService.java:245)
	at de.tum.cit.aet.artemis.programming.service.jenkins.build_plan.JenkinsBuildPlanService.copyBuildPlan(JenkinsBuildPlanService.java:293)
	at de.tum.cit.aet.artemis.programming.service.jenkins.JenkinsService.copyBuildPlan(JenkinsService.java:128)
	at java.base/java.lang.invoke.MethodHandle.invokeWithArguments(MethodHandle.java:733)
	at org.mockito.internal.util.reflection.InstrumentationMemberAccessor$Dispatcher$ByteBuddy$oog9jsgw.invokeWithArguments(Unknown Source)
	at org.mockito.internal.util.reflection.InstrumentationMemberAccessor.invoke(InstrumentationMemberAccessor.java:251)
	at org.mockito.internal.util.reflection.ModuleMemberAccessor.invoke(ModuleMemberAccessor.java:55)
	at org.mockito.internal.creation.bytebuddy.MockMethodAdvice.tryInvoke(MockMethodAdvice.java:314)
	at org.mockito.internal.creation.bytebuddy.MockMethodAdvice$RealMethodCall.invoke(MockMethodAdvice.java:234)
	at org.mockito.internal.invocation.InterceptedInvocation.callRealMethod(InterceptedInvocation.java:142)
	at org.mockito.internal.stubbing.answers.CallsRealMethods.answer(CallsRealMethods.java:45)
	at org.mockito.Answers.answer(Answers.java:90)
	at org.mockito.internal.handler.MockHandlerImpl.handle(MockHandlerImpl.java:111)
	at org.mockito.internal.handler.NullResultGuardian.handle(NullResultGuardian.java:29)
	at org.mockito.internal.handler.InvocationNotifierHandler.handle(InvocationNotifierHandler.java:34)
	at org.mockito.internal.creation.bytebuddy.MockMethodInterceptor.doIntercept(MockMethodInterceptor.java:82)
	at org.mockito.internal.creation.bytebuddy.MockMethodAdvice.handle(MockMethodAdvice.java:134)
	at de.tum.cit.aet.artemis.programming.service.jenkins.JenkinsService.copyBuildPlan(JenkinsService.java:126)
	at de.tum.cit.aet.artemis.exercise.service.ParticipationService.copyBuildPlan(ParticipationService.java:518)
	at de.tum.cit.aet.artemis.exercise.service.ParticipationService.startProgrammingParticipation(ParticipationService.java:296)
	at de.tum.cit.aet.artemis.exercise.service.ParticipationService.startProgrammingExercise(ParticipationService.java:265)
	at de.tum.cit.aet.artemis.exercise.service.ParticipationService.startExerciseWithInitializationDate(ParticipationService.java:192)
	at de.tum.cit.aet.artemis.exercise.service.ParticipationService.startExercise(ParticipationService.java:151)
	at de.tum.cit.aet.artemis.exam.service.StudentExamService.setUpExerciseParticipationsAndSubmissionsWithInitializationDate(StudentExamService.java:686)
	at de.tum.cit.aet.artemis.exam.service.StudentExamService.setUpExerciseParticipationsAndSubmissions(StudentExamService.java:800)
	at de.tum.cit.aet.artemis.exam.service.StudentExamService.lambda$startExercises$15(StudentExamService.java:735)
	at java.base/java.util.concurrent.CompletableFuture$AsyncRun.run(CompletableFuture.java:1804)
	at java.base/java.util.concurrent.ThreadPoolExecutor.runWorker(ThreadPoolExecutor.java:1144)
	at java.base/java.util.concurrent.ThreadPoolExecutor$Worker.run(ThreadPoolExecutor.java:642)
	at java.base/java.lang.Thread.run(Thread.java:1583)
    23:43:47.186 | 896 ol-5512-thread-1 | ERROR | .a.a.p.s.j.b.JenkinsBuildPlanService : Pipeline Script not found
java.lang.IllegalArgumentException: Pipeline Script not found
	at de.tum.cit.aet.artemis.programming.service.jenkins.build_plan.JenkinsBuildPlanUtils.replaceScriptParameters(JenkinsBuildPlanUtils.java:29)
	at de.tum.cit.aet.artemis.programming.service.jenkins.build_plan.JenkinsBuildPlanService.updateBuildPlanRepositories(JenkinsBuildPlanService.java:219)
	at de.tum.cit.aet.artemis.programming.service.jenkins.build_plan.JenkinsBuildPlanService.configureBuildPlanForParticipation(JenkinsBuildPlanService.java:196)
	at de.tum.cit.aet.artemis.programming.service.jenkins.JenkinsService.configureBuildPlan(JenkinsService.java:138)
	at java.base/java.lang.invoke.MethodHandle.invokeWithArguments(MethodHandle.java:733)
	at org.mockito.internal.util.reflection.InstrumentationMemberAccessor$Dispatcher$ByteBuddy$oog9jsgw.invokeWithArguments(Unknown Source)
	at org.mockito.internal.util.reflection.InstrumentationMemberAccessor.invoke(InstrumentationMemberAccessor.java:251)
	at org.mockito.internal.util.reflection.ModuleMemberAccessor.invoke(ModuleMemberAccessor.java:55)
	at org.mockito.internal.creation.bytebuddy.MockMethodAdvice.tryInvoke(MockMethodAdvice.java:314)
	at org.mockito.internal.creation.bytebuddy.MockMethodAdvice$RealMethodCall.invoke(MockMethodAdvice.java:234)
	at org.mockito.internal.invocation.InterceptedInvocation.callRealMethod(InterceptedInvocation.java:142)
	at org.mockito.internal.stubbing.answers.CallsRealMethods.answer(CallsRealMethods.java:45)
	at org.mockito.Answers.answer(Answers.java:90)
	at org.mockito.internal.handler.MockHandlerImpl.handle(MockHandlerImpl.java:111)
	at org.mockito.internal.handler.NullResultGuardian.handle(NullResultGuardian.java:29)
	at org.mockito.internal.handler.InvocationNotifierHandler.handle(InvocationNotifierHandler.java:34)
	at org.mockito.internal.creation.bytebuddy.MockMethodInterceptor.doIntercept(MockMethodInterceptor.java:82)
	at org.mockito.internal.creation.bytebuddy.MockMethodAdvice.handle(MockMethodAdvice.java:134)
	at de.tum.cit.aet.artemis.programming.service.jenkins.JenkinsService.configureBuildPlan(JenkinsService.java:138)
	at de.tum.cit.aet.artemis.exercise.service.ParticipationService.configureBuildPlan(ParticipationService.java:532)
	at de.tum.cit.aet.artemis.exercise.service.ParticipationService.startProgrammingParticipation(ParticipationService.java:298)
	at de.tum.cit.aet.artemis.exercise.service.ParticipationService.startProgrammingExercise(ParticipationService.java:265)
	at de.tum.cit.aet.artemis.exercise.service.ParticipationService.startExerciseWithInitializationDate(ParticipationService.java:192)
	at de.tum.cit.aet.artemis.exercise.service.ParticipationService.startExercise(ParticipationService.java:151)
	at de.tum.cit.aet.artemis.exam.service.StudentExamService.setUpExerciseParticipationsAndSubmissionsWithInitializationDate(StudentExamService.java:686)
	at de.tum.cit.aet.artemis.exam.service.StudentExamService.setUpExerciseParticipationsAndSubmissions(StudentExamService.java:800)
	at de.tum.cit.aet.artemis.exam.service.StudentExamService.lambda$startExercises$15(StudentExamService.java:735)
	at java.base/java.util.concurrent.CompletableFuture$AsyncRun.run(CompletableFuture.java:1804)
	at java.base/java.util.concurrent.ThreadPoolExecutor.runWorker(ThreadPoolExecutor.java:1144)
	at java.base/java.util.concurrent.ThreadPoolExecutor$Worker.run(ThreadPoolExecutor.java:642)
	at java.base/java.lang.Thread.run(Thread.java:1583)
    23:43:47.192 | 896 ol-5512-thread-1 | INFO  | d.t.c.a.a.e.s.StudentExamService     : SUCCESS: Start exercise for student exam 576 and exercise 1894 and student studexamstudent1
    23:43:47.193 | 370 ool-1-worker-134 | INFO  | d.t.c.a.a.e.web.StudentExamResource  : Generated 7 participations in 180.95ms for student exams of exam 1034
    23:43:47.195 | 370 ool-1-worker-134 | DEBUG | d.t.c.a.a.c.s.f.ApiVersionFilter     : Adding Version to Request GET /api/courses/543/exams/1034/student-exams/start-exercises/status
    23:43:47.209 | 370 ool-1-worker-134 | DEBUG | d.t.c.a.a.c.s.f.ApiVersionFilter     : Adding Version to Request GET /api/courses/543/exams/1034/student-exams/576/conduction
    23:43:47.213 | 370 ool-1-worker-134 | DEBUG | d.t.c.a.a.e.web.StudentExamResource  : REST request to get the student exam of user studexamstudent1 for exam 1034
    23:43:47.228 | 370 ool-1-worker-134 | DEBUG | d.t.c.a.a.e.s.ExamSessionService     : Exam session started
    23:43:47.229 | 370 ool-1-worker-134 | INFO  | d.t.c.a.a.e.web.StudentExamResource  : getStudentExamForConduction done in 17ms for 7 exercises for user studexamstudent1
    23:43:47.238 | 370 ool-1-worker-134 | DEBUG | d.t.c.a.a.c.s.f.ApiVersionFilter     : Adding Version to Request POST /api/courses/543/exams/1034/student-exams/submit
    23:43:47.240 | 370 ool-1-worker-134 | DEBUG | d.t.c.a.a.e.web.StudentExamResource  : REST request to mark the studentExam as submitted : 576
    23:43:47.241 | 370 ool-1-worker-134 | WARN  | o.z.p.spring.common.AdviceTraits     : Forbidden: Current user is not the user of the requested student exam
    23:43:47.247 | 370 ool-1-worker-134 | DEBUG | d.t.c.a.a.c.s.f.ApiVersionFilter     : Adding Version to Request DELETE /api/courses/540/exams/1029
    23:43:47.251 | 370 ool-1-worker-134 | INFO  | d.t.c.a.a.exam.web.ExamResource      : REST request to delete exam : 1029
    23:43:47.257 | 370 ool-1-worker-134 | INFO  | d.t.c.a.a.e.s.ExamDeletionService    : User studexaminstructor1 has requested to delete the exam Real exam 1
    23:43:47.264 | 370 ool-1-worker-134 | INFO  | .c.a.a.c.s.TitleCacheEvictionService : Evicted entry '1029' from title cache 'examTitle'

  Starting logs for StudentExamIntegrationTest > testSubmitStudentExam_notInTime()
    23:43:47.310 | 370 ool-1-worker-134 | DEBUG | d.t.c.a.a.c.u.util.UserUtilService   : Generate 2 students...
    23:43:47.320 | 370 ool-1-worker-134 | DEBUG | d.t.c.a.a.c.u.util.UserUtilService   : 2 students generated. Generate 1 tutors...
    23:43:47.324 | 370 ool-1-worker-134 | DEBUG | d.t.c.a.a.c.u.util.UserUtilService   : 1 tutors generated. Generate 0 editors...
    23:43:47.326 | 370 ool-1-worker-134 | DEBUG | d.t.c.a.a.c.u.util.UserUtilService   : 0 editors generated. Generate 2 instructors...
    23:43:47.335 | 370 ool-1-worker-134 | DEBUG | d.t.c.a.a.c.u.util.UserUtilService   : 2 instructors generated
    23:43:47.339 | 370 ool-1-worker-134 | DEBUG | d.t.c.a.a.c.u.util.UserUtilService   : Removing 5 users from all courses...
    23:43:47.340 | 370 ool-1-worker-134 | DEBUG | d.t.c.a.a.c.u.util.UserUtilService   : Removing 5 users from all courses. Done
    23:43:47.340 | 370 ool-1-worker-134 | DEBUG | d.t.c.a.a.c.u.util.UserUtilService   : Save 5 users to database...
    23:43:47.376 | 370 ool-1-worker-134 | DEBUG | d.t.c.a.a.c.u.util.UserUtilService   : Save 5 users to database. Done
    23:43:47.551 | 370 ool-1-worker-134 | INFO  | i.z.t.d.l.EmbeddedDatabaseReporter   : JDBC URL to connect to 'dataSource': url='jdbc:h2:tcp://localhost:41063/mem:736625c0-cf5e-400d-aeaa-8a7eabd6262b;USER=sa', scope='StudentExamIntegrationTest#testSubmitStudentExam_notInTime'
    23:43:47.559 | 059 pool-4-thread-2  | INFO  | d.t.c.a.a.p.s.gitlab.GitLabService   : Unprotecting branch main for Gitlab repository SHORTF399EB2F08FAF045AE098380260FFB945EA7TA49/shortf399eb2f08faf045ae098380260ffb945ea7ta49-studexamstudent1
    23:43:47.562 | 370 ool-1-worker-134 | DEBUG | d.t.c.a.a.c.s.f.ApiVersionFilter     : Adding Version to Request POST /api/courses/544/exams/1035/student-exams/submit
    23:43:47.563 | 370 ool-1-worker-134 | DEBUG | d.t.c.a.a.e.web.StudentExamResource  : REST request to mark the studentExam as submitted : 578
    23:43:47.569 | 370 ool-1-worker-134 | WARN  | o.z.p.spring.common.AdviceTraits     : Forbidden: You can only submit between start and end of the exam.
    23:43:47.578 | 370 ool-1-worker-134 | DEBUG | d.t.c.a.a.c.s.f.ApiVersionFilter     : Adding Version to Request POST /api/courses/544/exams/1035/student-exams/submit
    23:43:47.579 | 370 ool-1-worker-134 | DEBUG | d.t.c.a.a.e.web.StudentExamResource  : REST request to mark the studentExam as submitted : 578
    23:43:47.584 | 370 ool-1-worker-134 | WARN  | o.z.p.spring.common.AdviceTraits     : Forbidden: You can only submit between start and end of the exam.

  Starting logs for StudentExamIntegrationTest > testAll_asStudent()
    23:43:47.620 | 370 ool-1-worker-134 | DEBUG | d.t.c.a.a.c.u.util.UserUtilService   : Generate 2 students...
    23:43:47.623 | 370 ool-1-worker-134 | DEBUG | d.t.c.a.a.c.u.util.UserUtilService   : 2 students generated. Generate 1 tutors...
    23:43:47.626 | 370 ool-1-worker-134 | DEBUG | d.t.c.a.a.c.u.util.UserUtilService   : 1 tutors generated. Generate 0 editors...
    23:43:47.627 | 370 ool-1-worker-134 | DEBUG | d.t.c.a.a.c.u.util.UserUtilService   : 0 editors generated. Generate 2 instructors...
    23:43:47.631 | 370 ool-1-worker-134 | DEBUG | d.t.c.a.a.c.u.util.UserUtilService   : 2 instructors generated
    23:43:47.633 | 370 ool-1-worker-134 | DEBUG | d.t.c.a.a.c.u.util.UserUtilService   : Removing 5 users from all courses...
    23:43:47.634 | 370 ool-1-worker-134 | DEBUG | d.t.c.a.a.c.u.util.UserUtilService   : Removing 5 users from all courses. Done
    23:43:47.634 | 370 ool-1-worker-134 | DEBUG | d.t.c.a.a.c.u.util.UserUtilService   : Save 5 users to database...
    23:43:47.660 | 370 ool-1-worker-134 | DEBUG | d.t.c.a.a.c.u.util.UserUtilService   : Save 5 users to database. Done
    23:43:47.804 | 370 ool-1-worker-134 | INFO  | i.z.t.d.l.EmbeddedDatabaseReporter   : JDBC URL to connect to 'dataSource': url='jdbc:h2:tcp://localhost:41063/mem:736625c0-cf5e-400d-aeaa-8a7eabd6262b;USER=sa', scope='StudentExamIntegrationTest#testAll_asStudent'
    23:43:47.805 | 370 ool-1-worker-134 | DEBUG | d.t.c.a.a.c.s.f.ApiVersionFilter     : Adding Version to Request GET /api/courses/547/exams/1040/student-exams/583
    23:43:47.808 | 370 ool-1-worker-134 | WARN  | o.z.p.spring.common.AdviceTraits     : Forbidden: Access Denied
    23:43:47.810 | 370 ool-1-worker-134 | DEBUG | d.t.c.a.a.c.s.f.ApiVersionFilter     : Adding Version to Request GET /api/courses/547/exams/1040/student-exams
    23:43:47.811 | 370 ool-1-worker-134 | WARN  | o.z.p.spring.common.AdviceTraits     : Forbidden: Access Denied

  Starting logs for StudentExamIntegrationTest > testAssessUnsubmittedStudentExams_badRequest()
    23:43:47.856 | 370 ool-1-worker-134 | DEBUG | d.t.c.a.a.c.u.util.UserUtilService   : Generate 2 students...
    23:43:47.865 | 370 ool-1-worker-134 | DEBUG | d.t.c.a.a.c.u.util.UserUtilService   : 2 students generated. Generate 1 tutors...
    23:43:47.868 | 370 ool-1-worker-134 | DEBUG | d.t.c.a.a.c.u.util.UserUtilService   : 1 tutors generated. Generate 0 editors...
    23:43:47.869 | 370 ool-1-worker-134 | DEBUG | d.t.c.a.a.c.u.util.UserUtilService   : 0 editors generated. Generate 2 instructors...
    23:43:47.874 | 370 ool-1-worker-134 | DEBUG | d.t.c.a.a.c.u.util.UserUtilService   : 2 instructors generated
    23:43:47.875 | 370 ool-1-worker-134 | DEBUG | d.t.c.a.a.c.u.util.UserUtilService   : Removing 5 users from all courses...
    23:43:47.876 | 370 ool-1-worker-134 | DEBUG | d.t.c.a.a.c.u.util.UserUtilService   : Removing 5 users from all courses. Done
    23:43:47.876 | 370 ool-1-worker-134 | DEBUG | d.t.c.a.a.c.u.util.UserUtilService   : Save 5 users to database...
    23:43:47.912 | 370 ool-1-worker-134 | DEBUG | d.t.c.a.a.c.u.util.UserUtilService   : Save 5 users to database. Done
    23:43:48.043 | 370 ool-1-worker-134 | INFO  | i.z.t.d.l.EmbeddedDatabaseReporter   : JDBC URL to connect to 'dataSource': url='jdbc:h2:tcp://localhost:41063/mem:736625c0-cf5e-400d-aeaa-8a7eabd6262b;USER=sa', scope='StudentExamIntegrationTest#testAssessUnsubmittedStudentExams_badRequest'
    23:43:48.094 | 370 ool-1-worker-134 | DEBUG | d.t.c.a.a.c.s.f.ApiVersionFilter     : Adding Version to Request POST /api/courses/553/exams/1050/generate-student-exams
    23:43:48.095 | 370 ool-1-worker-134 | INFO  | d.t.c.a.a.exam.web.ExamResource      : REST request to generate student exams for exam 1050
    23:43:48.102 | 370 ool-1-worker-134 | INFO  | d.t.c.a.a.e.s.ExamDeletionService    : User studexaminstructor1 has requested to delete existing student exams and participations for exam Real exam 1
    23:43:48.103 | 370 ool-1-worker-134 | INFO  | d.t.c.a.a.e.s.ParticipationService   : Request to delete all 0 participations of exercise with id : 1925
    23:43:48.105 | 370 ool-1-worker-134 | INFO  | d.t.c.a.a.e.s.ParticipationService   : Request to delete all 0 participations of exercise with id : 1926
    23:43:48.107 | 370 ool-1-worker-134 | INFO  | d.t.c.a.a.e.s.ParticipationService   : Request to delete all 0 participations of exercise with id : 1927
    23:43:48.108 | 370 ool-1-worker-134 | INFO  | d.t.c.a.a.e.s.ParticipationService   : Request to delete all 0 participations of exercise with id : 1928
    23:43:48.110 | 370 ool-1-worker-134 | INFO  | d.t.c.a.a.e.s.ParticipationService   : Request to delete all 0 participations of exercise with id : 1929
    23:43:48.112 | 370 ool-1-worker-134 | INFO  | d.t.c.a.a.e.s.ParticipationService   : Request to delete all 0 participations of exercise with id : 1930
    23:43:48.113 | 370 ool-1-worker-134 | INFO  | d.t.c.a.a.e.s.ParticipationService   : Request to delete all 0 participations of exercise with id : 1931
    23:43:48.115 | 370 ool-1-worker-134 | INFO  | d.t.c.a.a.e.s.ParticipationService   : Request to delete all 0 participations of exercise with id : 1932
    23:43:48.116 | 370 ool-1-worker-134 | INFO  | d.t.c.a.a.e.s.ParticipationService   : Request to delete all 0 participations of exercise with id : 1933
    23:43:48.117 | 370 ool-1-worker-134 | INFO  | d.t.c.a.a.e.s.ParticipationService   : Request to delete all 0 participations of exercise with id : 1934
    23:43:48.122 | 370 ool-1-worker-134 | INFO  | d.t.c.a.a.e.s.ParticipationService   : Request to delete all 0 participations of exercise with id : 1935
    23:43:48.128 | 370 ool-1-worker-134 | INFO  | d.t.c.a.a.exam.web.ExamResource      : Generated 1 student exams in 33.75ms for exam 1050
    23:43:48.162 | 370 ool-1-worker-134 | DEBUG | d.t.c.a.a.c.s.f.ApiVersionFilter     : Adding Version to Request POST /api/courses/553/exams/1050/student-exams/start-exercises
    23:43:48.170 | 370 ool-1-worker-134 | DEBUG | d.t.c.a.a.exam.service.ExamService   : Finished combination of template commits for programming exercise ProgrammingExercise{id=1935, templateRepositoryUri='https://version-control.fake.fake/git/SHORT644FEA6B021F50408608080006824C0AC1ACT638/short644fea6b021f50408608080006824c0ac1act638-exercise.git', solutionRepositoryUri='https://version-control.fake.fake/git/SHORT644FEA6B021F50408608080006824C0AC1ACT638/short644fea6b021f50408608080006824c0ac1act638-solution.git', templateBuildPlanId='SHORT644FEA6B021F50408608080006824C0AC1ACT638-BASE', solutionBuildPlanId='SHORT644FEA6B021F50408608080006824C0AC1ACT638-SOLUTION', allowOnlineEditor='null', allowOnlineIde='false', programmingLanguage='JAVA', packageName='de.test'', testCasesChanged='false'}
    23:43:48.171 | 370 ool-1-worker-134 | INFO  | d.t.c.a.a.e.web.StudentExamResource  : REST request to start exercises for student exams of exam 1050
    23:43:48.183 | 908 ol-5562-thread-1 | INFO  | d.t.c.a.a.e.s.StudentExamService     : SUCCESS: Start exercise for student exam 592 and exercise 1926 and student studexamstudent1
    23:43:48.204 | 908 ol-5562-thread-1 | INFO  | d.t.c.a.a.e.s.StudentExamService     : SUCCESS: Start exercise for student exam 592 and exercise 1927 and student studexamstudent1
    23:43:48.213 | 908 ol-5562-thread-1 | INFO  | d.t.c.a.a.e.s.StudentExamService     : SUCCESS: Start exercise for student exam 592 and exercise 1930 and student studexamstudent1
    23:43:48.221 | 908 ol-5562-thread-1 | INFO  | d.t.c.a.a.e.s.StudentExamService     : SUCCESS: Start exercise for student exam 592 and exercise 1932 and student studexamstudent1
    23:43:48.228 | 908 ol-5562-thread-1 | INFO  | d.t.c.a.a.e.s.StudentExamService     : SUCCESS: Start exercise for student exam 592 and exercise 1933 and student studexamstudent1
    23:43:48.236 | 908 ol-5562-thread-1 | INFO  | d.t.c.a.a.e.s.StudentExamService     : SUCCESS: Start exercise for student exam 592 and exercise 1934 and student studexamstudent1
    23:43:48.242 | 908 ol-5562-thread-1 | DEBUG | d.t.c.a.a.p.service.GitService       : Cloning from file:/tmp/exerciseOriginRepo12465966618033770766/ to repos/server-integration-test/studentOriginRepo5925837578279642238
    23:43:48.260 | 908 ol-5562-thread-1 | ERROR | .a.a.p.s.j.b.JenkinsBuildPlanService : Pipeline Script not found
java.lang.IllegalArgumentException: Pipeline Script not found
	at de.tum.cit.aet.artemis.programming.service.jenkins.build_plan.JenkinsBuildPlanUtils.replaceScriptParameters(JenkinsBuildPlanUtils.java:22)
	at de.tum.cit.aet.artemis.programming.service.jenkins.build_plan.JenkinsBuildPlanService.updateBuildPlanURLs(JenkinsBuildPlanService.java:245)
	at de.tum.cit.aet.artemis.programming.service.jenkins.build_plan.JenkinsBuildPlanService.copyBuildPlan(JenkinsBuildPlanService.java:293)
	at de.tum.cit.aet.artemis.programming.service.jenkins.JenkinsService.copyBuildPlan(JenkinsService.java:128)
	at java.base/java.lang.invoke.MethodHandle.invokeWithArguments(MethodHandle.java:733)
	at org.mockito.internal.util.reflection.InstrumentationMemberAccessor$Dispatcher$ByteBuddy$oog9jsgw.invokeWithArguments(Unknown Source)
	at org.mockito.internal.util.reflection.InstrumentationMemberAccessor.invoke(InstrumentationMemberAccessor.java:251)
	at org.mockito.internal.util.reflection.ModuleMemberAccessor.invoke(ModuleMemberAccessor.java:55)
	at org.mockito.internal.creation.bytebuddy.MockMethodAdvice.tryInvoke(MockMethodAdvice.java:314)
	at org.mockito.internal.creation.bytebuddy.MockMethodAdvice$RealMethodCall.invoke(MockMethodAdvice.java:234)
	at org.mockito.internal.invocation.InterceptedInvocation.callRealMethod(InterceptedInvocation.java:142)
	at org.mockito.internal.stubbing.answers.CallsRealMethods.answer(CallsRealMethods.java:45)
	at org.mockito.Answers.answer(Answers.java:90)
	at org.mockito.internal.handler.MockHandlerImpl.handle(MockHandlerImpl.java:111)
	at org.mockito.internal.handler.NullResultGuardian.handle(NullResultGuardian.java:29)
	at org.mockito.internal.handler.InvocationNotifierHandler.handle(InvocationNotifierHandler.java:34)
	at org.mockito.internal.creation.bytebuddy.MockMethodInterceptor.doIntercept(MockMethodInterceptor.java:82)
	at org.mockito.internal.creation.bytebuddy.MockMethodAdvice.handle(MockMethodAdvice.java:134)
	at de.tum.cit.aet.artemis.programming.service.jenkins.JenkinsService.copyBuildPlan(JenkinsService.java:126)
	at de.tum.cit.aet.artemis.exercise.service.ParticipationService.copyBuildPlan(ParticipationService.java:518)
	at de.tum.cit.aet.artemis.exercise.service.ParticipationService.startProgrammingParticipation(ParticipationService.java:296)
	at de.tum.cit.aet.artemis.exercise.service.ParticipationService.startProgrammingExercise(ParticipationService.java:265)
	at de.tum.cit.aet.artemis.exercise.service.ParticipationService.startExerciseWithInitializationDate(ParticipationService.java:192)
	at de.tum.cit.aet.artemis.exercise.service.ParticipationService.startExercise(ParticipationService.java:151)
	at de.tum.cit.aet.artemis.exam.service.StudentExamService.setUpExerciseParticipationsAndSubmissionsWithInitializationDate(StudentExamService.java:686)
	at de.tum.cit.aet.artemis.exam.service.StudentExamService.setUpExerciseParticipationsAndSubmissions(StudentExamService.java:800)
	at de.tum.cit.aet.artemis.exam.service.StudentExamService.lambda$startExercises$15(StudentExamService.java:735)
	at java.base/java.util.concurrent.CompletableFuture$AsyncRun.run(CompletableFuture.java:1804)
	at java.base/java.util.concurrent.ThreadPoolExecutor.runWorker(ThreadPoolExecutor.java:1144)
	at java.base/java.util.concurrent.ThreadPoolExecutor$Worker.run(ThreadPoolExecutor.java:642)
	at java.base/java.lang.Thread.run(Thread.java:1583)
    23:43:48.265 | 908 ol-5562-thread-1 | ERROR | .a.a.p.s.j.b.JenkinsBuildPlanService : Pipeline Script not found
java.lang.IllegalArgumentException: Pipeline Script not found
	at de.tum.cit.aet.artemis.programming.service.jenkins.build_plan.JenkinsBuildPlanUtils.replaceScriptParameters(JenkinsBuildPlanUtils.java:29)
	at de.tum.cit.aet.artemis.programming.service.jenkins.build_plan.JenkinsBuildPlanService.updateBuildPlanRepositories(JenkinsBuildPlanService.java:219)
	at de.tum.cit.aet.artemis.programming.service.jenkins.build_plan.JenkinsBuildPlanService.configureBuildPlanForParticipation(JenkinsBuildPlanService.java:196)
	at de.tum.cit.aet.artemis.programming.service.jenkins.JenkinsService.configureBuildPlan(JenkinsService.java:138)
	at java.base/java.lang.invoke.MethodHandle.invokeWithArguments(MethodHandle.java:733)
	at org.mockito.internal.util.reflection.InstrumentationMemberAccessor$Dispatcher$ByteBuddy$oog9jsgw.invokeWithArguments(Unknown Source)
	at org.mockito.internal.util.reflection.InstrumentationMemberAccessor.invoke(InstrumentationMemberAccessor.java:251)
	at org.mockito.internal.util.reflection.ModuleMemberAccessor.invoke(ModuleMemberAccessor.java:55)
	at org.mockito.internal.creation.bytebuddy.MockMethodAdvice.tryInvoke(MockMethodAdvice.java:314)
	at org.mockito.internal.creation.bytebuddy.MockMethodAdvice$RealMethodCall.invoke(MockMethodAdvice.java:234)
	at org.mockito.internal.invocation.InterceptedInvocation.callRealMethod(InterceptedInvocation.java:142)
	at org.mockito.internal.stubbing.answers.CallsRealMethods.answer(CallsRealMethods.java:45)
	at org.mockito.Answers.answer(Answers.java:90)
	at org.mockito.internal.handler.MockHandlerImpl.handle(MockHandlerImpl.java:111)
	at org.mockito.internal.handler.NullResultGuardian.handle(NullResultGuardian.java:29)
	at org.mockito.internal.handler.InvocationNotifierHandler.handle(InvocationNotifierHandler.java:34)
	at org.mockito.internal.creation.bytebuddy.MockMethodInterceptor.doIntercept(MockMethodInterceptor.java:82)
	at org.mockito.internal.creation.bytebuddy.MockMethodAdvice.handle(MockMethodAdvice.java:134)
	at de.tum.cit.aet.artemis.programming.service.jenkins.JenkinsService.configureBuildPlan(JenkinsService.java:138)
	at de.tum.cit.aet.artemis.exercise.service.ParticipationService.configureBuildPlan(ParticipationService.java:532)
	at de.tum.cit.aet.artemis.exercise.service.ParticipationService.startProgrammingParticipation(ParticipationService.java:298)
	at de.tum.cit.aet.artemis.exercise.service.ParticipationService.startProgrammingExercise(ParticipationService.java:265)
	at de.tum.cit.aet.artemis.exercise.service.ParticipationService.startExerciseWithInitializationDate(ParticipationService.java:192)
	at de.tum.cit.aet.artemis.exercise.service.ParticipationService.startExercise(ParticipationService.java:151)
	at de.tum.cit.aet.artemis.exam.service.StudentExamService.setUpExerciseParticipationsAndSubmissionsWithInitializationDate(StudentExamService.java:686)
	at de.tum.cit.aet.artemis.exam.service.StudentExamService.setUpExerciseParticipationsAndSubmissions(StudentExamService.java:800)
	at de.tum.cit.aet.artemis.exam.service.StudentExamService.lambda$startExercises$15(StudentExamService.java:735)
	at java.base/java.util.concurrent.CompletableFuture$AsyncRun.run(CompletableFuture.java:1804)
	at java.base/java.util.concurrent.ThreadPoolExecutor.runWorker(ThreadPoolExecutor.java:1144)
	at java.base/java.util.concurrent.ThreadPoolExecutor$Worker.run(ThreadPoolExecutor.java:642)
	at java.base/java.lang.Thread.run(Thread.java:1583)
    23:43:48.272 | 908 ol-5562-thread-1 | INFO  | d.t.c.a.a.e.s.StudentExamService     : SUCCESS: Start exercise for student exam 592 and exercise 1935 and student studexamstudent1
    23:43:48.274 | 370 ool-1-worker-134 | INFO  | d.t.c.a.a.e.web.StudentExamResource  : Generated 7 participations in 110.07ms for student exams of exam 1050
    23:43:48.276 | 370 ool-1-worker-134 | DEBUG | d.t.c.a.a.c.s.f.ApiVersionFilter     : Adding Version to Request GET /api/courses/553/exams/1050/student-exams/start-exercises/status
    23:43:48.281 | 370 ool-1-worker-134 | DEBUG | d.t.c.a.a.c.s.f.ApiVersionFilter     : Adding Version to Request POST /api/courses/553/exams/1050/student-exams/assess-unsubmitted-and-empty-student-exams
    23:43:48.282 | 370 ool-1-worker-134 | INFO  | d.t.c.a.a.e.web.StudentExamResource  : REST request to automatically assess the not submitted student exams of the exam with id 1050
    23:43:48.285 | 370 ool-1-worker-134 | WARN  | o.z.p.spring.common.AdviceTraits     : Bad Request: HTTP 400 Bad Request
    23:43:48.298 | 060 pool-4-thread-3  | INFO  | d.t.c.a.a.p.s.gitlab.GitLabService   : Unprotecting branch main for Gitlab repository SHORT5C1438A509C5B041AF0880004C4E53D464CET83D/short5c1438a509c5b041af0880004c4e53d464cet83d-studexamstudent1

  Starting logs for StudentExamIntegrationTest > testGetLongestWorkingTimeForExam()
    23:43:48.325 | 370 ool-1-worker-134 | DEBUG | d.t.c.a.a.c.u.util.UserUtilService   : Generate 2 students...
    23:43:48.329 | 370 ool-1-worker-134 | DEBUG | d.t.c.a.a.c.u.util.UserUtilService   : 2 students generated. Generate 1 tutors...
    23:43:48.330 | 060 pool-4-thread-3  | INFO  | d.t.c.a.a.p.s.gitlab.GitLabService   : Unprotecting branch main for Gitlab repository SHORT5C1438A509C5B041AF0880004C4E53D464CET83D/short5c1438a509c5b041af0880004c4e53d464cet83d-studexamstudent2
    23:43:48.333 | 370 ool-1-worker-134 | DEBUG | d.t.c.a.a.c.u.util.UserUtilService   : 1 tutors generated. Generate 0 editors...
    23:43:48.334 | 370 ool-1-worker-134 | DEBUG | d.t.c.a.a.c.u.util.UserUtilService   : 0 editors generated. Generate 2 instructors...
    23:43:48.338 | 370 ool-1-worker-134 | DEBUG | d.t.c.a.a.c.u.util.UserUtilService   : 2 instructors generated
    23:43:48.340 | 370 ool-1-worker-134 | DEBUG | d.t.c.a.a.c.u.util.UserUtilService   : Removing 5 users from all courses...
    23:43:48.341 | 370 ool-1-worker-134 | DEBUG | d.t.c.a.a.c.u.util.UserUtilService   : Removing 5 users from all courses. Done
    23:43:48.341 | 370 ool-1-worker-134 | DEBUG | d.t.c.a.a.c.u.util.UserUtilService   : Save 5 users to database...
    23:43:48.366 | 370 ool-1-worker-134 | DEBUG | d.t.c.a.a.c.u.util.UserUtilService   : Save 5 users to database. Done
    23:43:48.483 | 370 ool-1-worker-134 | INFO  | i.z.t.d.l.EmbeddedDatabaseReporter   : JDBC URL to connect to 'dataSource': url='jdbc:h2:tcp://localhost:41063/mem:736625c0-cf5e-400d-aeaa-8a7eabd6262b;USER=sa', scope='StudentExamIntegrationTest#testGetLongestWorkingTimeForExam'
    23:43:48.529 | 370 ool-1-worker-134 | DEBUG | d.t.c.a.a.c.s.f.ApiVersionFilter     : Adding Version to Request POST /api/courses/557/exams/1056/generate-student-exams
    23:43:48.529 | 370 ool-1-worker-134 | INFO  | d.t.c.a.a.exam.web.ExamResource      : REST request to generate student exams for exam 1056
    23:43:48.536 | 370 ool-1-worker-134 | INFO  | d.t.c.a.a.e.s.ExamDeletionService    : User studexaminstructor1 has requested to delete existing student exams and participations for exam Real exam 1
    23:43:48.537 | 370 ool-1-worker-134 | INFO  | d.t.c.a.a.e.s.ParticipationService   : Request to delete all 0 participations of exercise with id : 1946
    23:43:48.538 | 370 ool-1-worker-134 | INFO  | d.t.c.a.a.e.s.ParticipationService   : Request to delete all 0 participations of exercise with id : 1947
    23:43:48.540 | 370 ool-1-worker-134 | INFO  | d.t.c.a.a.e.s.ParticipationService   : Request to delete all 0 participations of exercise with id : 1948
    23:43:48.541 | 370 ool-1-worker-134 | INFO  | d.t.c.a.a.e.s.ParticipationService   : Request to delete all 0 participations of exercise with id : 1949
    23:43:48.542 | 370 ool-1-worker-134 | INFO  | d.t.c.a.a.e.s.ParticipationService   : Request to delete all 0 participations of exercise with id : 1950
    23:43:48.543 | 370 ool-1-worker-134 | INFO  | d.t.c.a.a.e.s.ParticipationService   : Request to delete all 0 participations of exercise with id : 1951
    23:43:48.544 | 370 ool-1-worker-134 | INFO  | d.t.c.a.a.e.s.ParticipationService   : Request to delete all 0 participations of exercise with id : 1952
    23:43:48.546 | 370 ool-1-worker-134 | INFO  | d.t.c.a.a.e.s.ParticipationService   : Request to delete all 0 participations of exercise with id : 1953
    23:43:48.547 | 370 ool-1-worker-134 | INFO  | d.t.c.a.a.e.s.ParticipationService   : Request to delete all 0 participations of exercise with id : 1954
    23:43:48.548 | 370 ool-1-worker-134 | INFO  | d.t.c.a.a.e.s.ParticipationService   : Request to delete all 0 participations of exercise with id : 1955
    23:43:48.549 | 370 ool-1-worker-134 | INFO  | d.t.c.a.a.e.s.ParticipationService   : Request to delete all 0 participations of exercise with id : 1956
    23:43:48.552 | 370 ool-1-worker-134 | INFO  | d.t.c.a.a.exam.web.ExamResource      : Generated 2 student exams in 23.08ms for exam 1056
    23:43:48.586 | 370 ool-1-worker-134 | DEBUG | d.t.c.a.a.c.s.f.ApiVersionFilter     : Adding Version to Request POST /api/courses/557/exams/1056/student-exams/start-exercises
    23:43:48.592 | 370 ool-1-worker-134 | DEBUG | d.t.c.a.a.exam.service.ExamService   : Finished combination of template commits for programming exercise ProgrammingExercise{id=1956, templateRepositoryUri='https://version-control.fake.fake/git/SHORT697D244E0BC680405109753072EBE6C6107CT37A/short697d244e0bc680405109753072ebe6c6107ct37a-exercise.git', solutionRepositoryUri='https://version-control.fake.fake/git/SHORT697D244E0BC680405109753072EBE6C6107CT37A/short697d244e0bc680405109753072ebe6c6107ct37a-solution.git', templateBuildPlanId='SHORT697D244E0BC680405109753072EBE6C6107CT37A-BASE', solutionBuildPlanId='SHORT697D244E0BC680405109753072EBE6C6107CT37A-SOLUTION', allowOnlineEditor='null', allowOnlineIde='false', programmingLanguage='JAVA', packageName='de.test'', testCasesChanged='false'}
    23:43:48.593 | 370 ool-1-worker-134 | INFO  | d.t.c.a.a.e.web.StudentExamResource  : REST request to start exercises for student exams of exam 1056
    23:43:48.608 | 911 ol-5588-thread-2 | INFO  | d.t.c.a.a.e.s.StudentExamService     : SUCCESS: Start exercise for student exam 599 and exercise 1946 and student studexamstudent1
    23:43:48.608 | 910 ol-5588-thread-1 | INFO  | d.t.c.a.a.e.s.StudentExamService     : SUCCESS: Start exercise for student exam 598 and exercise 1946 and student studexamstudent2
    23:43:48.623 | 911 ol-5588-thread-2 | INFO  | d.t.c.a.a.e.s.StudentExamService     : SUCCESS: Start exercise for student exam 599 and exercise 1948 and student studexamstudent1
    23:43:48.624 | 910 ol-5588-thread-1 | INFO  | d.t.c.a.a.e.s.StudentExamService     : SUCCESS: Start exercise for student exam 598 and exercise 1949 and student studexamstudent2
    23:43:48.633 | 911 ol-5588-thread-2 | INFO  | d.t.c.a.a.e.s.StudentExamService     : SUCCESS: Start exercise for student exam 599 and exercise 1950 and student studexamstudent1
    23:43:48.634 | 910 ol-5588-thread-1 | INFO  | d.t.c.a.a.e.s.StudentExamService     : SUCCESS: Start exercise for student exam 598 and exercise 1951 and student studexamstudent2
    23:43:48.644 | 911 ol-5588-thread-2 | INFO  | d.t.c.a.a.e.s.StudentExamService     : SUCCESS: Start exercise for student exam 599 and exercise 1952 and student studexamstudent1
    23:43:48.644 | 910 ol-5588-thread-1 | INFO  | d.t.c.a.a.e.s.StudentExamService     : SUCCESS: Start exercise for student exam 598 and exercise 1952 and student studexamstudent2
    23:43:48.649 | 058 pool-4-thread-1  | INFO  | d.t.c.a.a.p.s.gitlab.GitLabService   : Protecting branch main for Gitlab repository SHORT9263EBE003CCE04CBB0935A0D07BC643C8A1T7A2/short9263ebe003cce04cbb0935a0d07bc643c8a1t7a2-studexamstudent1
    23:43:48.653 | 911 ol-5588-thread-2 | INFO  | d.t.c.a.a.e.s.StudentExamService     : SUCCESS: Start exercise for student exam 599 and exercise 1954 and student studexamstudent1
    23:43:48.653 | 910 ol-5588-thread-1 | INFO  | d.t.c.a.a.e.s.StudentExamService     : SUCCESS: Start exercise for student exam 598 and exercise 1954 and student studexamstudent2
    23:43:48.662 | 911 ol-5588-thread-2 | INFO  | d.t.c.a.a.e.s.StudentExamService     : SUCCESS: Start exercise for student exam 599 and exercise 1955 and student studexamstudent1
    23:43:48.662 | 910 ol-5588-thread-1 | INFO  | d.t.c.a.a.e.s.StudentExamService     : SUCCESS: Start exercise for student exam 598 and exercise 1955 and student studexamstudent2
    23:43:48.668 | 911 ol-5588-thread-2 | DEBUG | d.t.c.a.a.p.service.GitService       : Cloning from file:/tmp/exerciseOriginRepo4552781380690089792/ to repos/server-integration-test/studentOriginRepo7674143728864063076
    23:43:48.669 | 910 ol-5588-thread-1 | DEBUG | d.t.c.a.a.p.service.GitService       : Cloning from file:/tmp/exerciseOriginRepo4552781380690089792/ to repos/server-integration-test/studentOriginRepo14082847330097785171
    23:43:48.699 | 910 ol-5588-thread-1 | ERROR | .a.a.p.s.j.b.JenkinsBuildPlanService : Pipeline Script not found
java.lang.IllegalArgumentException: Pipeline Script not found
	at de.tum.cit.aet.artemis.programming.service.jenkins.build_plan.JenkinsBuildPlanUtils.replaceScriptParameters(JenkinsBuildPlanUtils.java:22)
	at de.tum.cit.aet.artemis.programming.service.jenkins.build_plan.JenkinsBuildPlanService.updateBuildPlanURLs(JenkinsBuildPlanService.java:245)
	at de.tum.cit.aet.artemis.programming.service.jenkins.build_plan.JenkinsBuildPlanService.copyBuildPlan(JenkinsBuildPlanService.java:293)
	at de.tum.cit.aet.artemis.programming.service.jenkins.JenkinsService.copyBuildPlan(JenkinsService.java:128)
	at java.base/java.lang.invoke.MethodHandle.invokeWithArguments(MethodHandle.java:733)
	at org.mockito.internal.util.reflection.InstrumentationMemberAccessor$Dispatcher$ByteBuddy$oog9jsgw.invokeWithArguments(Unknown Source)
	at org.mockito.internal.util.reflection.InstrumentationMemberAccessor.invoke(InstrumentationMemberAccessor.java:251)
	at org.mockito.internal.util.reflection.ModuleMemberAccessor.invoke(ModuleMemberAccessor.java:55)
	at org.mockito.internal.creation.bytebuddy.MockMethodAdvice.tryInvoke(MockMethodAdvice.java:314)
	at org.mockito.internal.creation.bytebuddy.MockMethodAdvice$RealMethodCall.invoke(MockMethodAdvice.java:234)
	at org.mockito.internal.invocation.InterceptedInvocation.callRealMethod(InterceptedInvocation.java:142)
	at org.mockito.internal.stubbing.answers.CallsRealMethods.answer(CallsRealMethods.java:45)
	at org.mockito.Answers.answer(Answers.java:90)
	at org.mockito.internal.handler.MockHandlerImpl.handle(MockHandlerImpl.java:111)
	at org.mockito.internal.handler.NullResultGuardian.handle(NullResultGuardian.java:29)
	at org.mockito.internal.handler.InvocationNotifierHandler.handle(InvocationNotifierHandler.java:34)
	at org.mockito.internal.creation.bytebuddy.MockMethodInterceptor.doIntercept(MockMethodInterceptor.java:82)
	at org.mockito.internal.creation.bytebuddy.MockMethodAdvice.handle(MockMethodAdvice.java:134)
	at de.tum.cit.aet.artemis.programming.service.jenkins.JenkinsService.copyBuildPlan(JenkinsService.java:126)
	at de.tum.cit.aet.artemis.exercise.service.ParticipationService.copyBuildPlan(ParticipationService.java:518)
	at de.tum.cit.aet.artemis.exercise.service.ParticipationService.startProgrammingParticipation(ParticipationService.java:296)
	at de.tum.cit.aet.artemis.exercise.service.ParticipationService.startProgrammingExercise(ParticipationService.java:265)
	at de.tum.cit.aet.artemis.exercise.service.ParticipationService.startExerciseWithInitializationDate(ParticipationService.java:192)
	at de.tum.cit.aet.artemis.exercise.service.ParticipationService.startExercise(ParticipationService.java:151)
	at de.tum.cit.aet.artemis.exam.service.StudentExamService.setUpExerciseParticipationsAndSubmissionsWithInitializationDate(StudentExamService.java:686)
	at de.tum.cit.aet.artemis.exam.service.StudentExamService.setUpExerciseParticipationsAndSubmissions(StudentExamService.java:800)
	at de.tum.cit.aet.artemis.exam.service.StudentExamService.lambda$startExercises$15(StudentExamService.java:735)
	at java.base/java.util.concurrent.CompletableFuture$AsyncRun.run(CompletableFuture.java:1804)
	at java.base/java.util.concurrent.ThreadPoolExecutor.runWorker(ThreadPoolExecutor.java:1144)
	at java.base/java.util.concurrent.ThreadPoolExecutor$Worker.run(ThreadPoolExecutor.java:642)
	at java.base/java.lang.Thread.run(Thread.java:1583)
    23:43:48.701 | 911 ol-5588-thread-2 | ERROR | .a.a.p.s.j.b.JenkinsBuildPlanService : Pipeline Script not found
java.lang.IllegalArgumentException: Pipeline Script not found
	at de.tum.cit.aet.artemis.programming.service.jenkins.build_plan.JenkinsBuildPlanUtils.replaceScriptParameters(JenkinsBuildPlanUtils.java:22)
	at de.tum.cit.aet.artemis.programming.service.jenkins.build_plan.JenkinsBuildPlanService.updateBuildPlanURLs(JenkinsBuildPlanService.java:245)
	at de.tum.cit.aet.artemis.programming.service.jenkins.build_plan.JenkinsBuildPlanService.copyBuildPlan(JenkinsBuildPlanService.java:293)
	at de.tum.cit.aet.artemis.programming.service.jenkins.JenkinsService.copyBuildPlan(JenkinsService.java:128)
	at java.base/java.lang.invoke.MethodHandle.invokeWithArguments(MethodHandle.java:733)
	at org.mockito.internal.util.reflection.InstrumentationMemberAccessor$Dispatcher$ByteBuddy$oog9jsgw.invokeWithArguments(Unknown Source)
	at org.mockito.internal.util.reflection.InstrumentationMemberAccessor.invoke(InstrumentationMemberAccessor.java:251)
	at org.mockito.internal.util.reflection.ModuleMemberAccessor.invoke(ModuleMemberAccessor.java:55)
	at org.mockito.internal.creation.bytebuddy.MockMethodAdvice.tryInvoke(MockMethodAdvice.java:314)
	at org.mockito.internal.creation.bytebuddy.MockMethodAdvice$RealMethodCall.invoke(MockMethodAdvice.java:234)
	at org.mockito.internal.invocation.InterceptedInvocation.callRealMethod(InterceptedInvocation.java:142)
	at org.mockito.internal.stubbing.answers.CallsRealMethods.answer(CallsRealMethods.java:45)
	at org.mockito.Answers.answer(Answers.java:90)
	at org.mockito.internal.handler.MockHandlerImpl.handle(MockHandlerImpl.java:111)
	at org.mockito.internal.handler.NullResultGuardian.handle(NullResultGuardian.java:29)
	at org.mockito.internal.handler.InvocationNotifierHandler.handle(InvocationNotifierHandler.java:34)
	at org.mockito.internal.creation.bytebuddy.MockMethodInterceptor.doIntercept(MockMethodInterceptor.java:82)
	at org.mockito.internal.creation.bytebuddy.MockMethodAdvice.handle(MockMethodAdvice.java:134)
	at de.tum.cit.aet.artemis.programming.service.jenkins.JenkinsService.copyBuildPlan(JenkinsService.java:126)
	at de.tum.cit.aet.artemis.exercise.service.ParticipationService.copyBuildPlan(ParticipationService.java:518)
	at de.tum.cit.aet.artemis.exercise.service.ParticipationService.startProgrammingParticipation(ParticipationService.java:296)
	at de.tum.cit.aet.artemis.exercise.service.ParticipationService.startProgrammingExercise(ParticipationService.java:265)
	at de.tum.cit.aet.artemis.exercise.service.ParticipationService.startExerciseWithInitializationDate(ParticipationService.java:192)
	at de.tum.cit.aet.artemis.exercise.service.ParticipationService.startExercise(ParticipationService.java:151)
	at de.tum.cit.aet.artemis.exam.service.StudentExamService.setUpExerciseParticipationsAndSubmissionsWithInitializationDate(StudentExamService.java:686)
	at de.tum.cit.aet.artemis.exam.service.StudentExamService.setUpExerciseParticipationsAndSubmissions(StudentExamService.java:800)
	at de.tum.cit.aet.artemis.exam.service.StudentExamService.lambda$startExercises$15(StudentExamService.java:735)
	at java.base/java.util.concurrent.CompletableFuture$AsyncRun.run(CompletableFuture.java:1804)
	at java.base/java.util.concurrent.ThreadPoolExecutor.runWorker(ThreadPoolExecutor.java:1144)
	at java.base/java.util.concurrent.ThreadPoolExecutor$Worker.run(ThreadPoolExecutor.java:642)
	at java.base/java.lang.Thread.run(Thread.java:1583)
    23:43:48.706 | 910 ol-5588-thread-1 | ERROR | .a.a.p.s.j.b.JenkinsBuildPlanService : Pipeline Script not found
java.lang.IllegalArgumentException: Pipeline Script not found
	at de.tum.cit.aet.artemis.programming.service.jenkins.build_plan.JenkinsBuildPlanUtils.replaceScriptParameters(JenkinsBuildPlanUtils.java:29)
	at de.tum.cit.aet.artemis.programming.service.jenkins.build_plan.JenkinsBuildPlanService.updateBuildPlanRepositories(JenkinsBuildPlanService.java:219)
	at de.tum.cit.aet.artemis.programming.service.jenkins.build_plan.JenkinsBuildPlanService.configureBuildPlanForParticipation(JenkinsBuildPlanService.java:196)
	at de.tum.cit.aet.artemis.programming.service.jenkins.JenkinsService.configureBuildPlan(JenkinsService.java:138)
	at java.base/java.lang.invoke.MethodHandle.invokeWithArguments(MethodHandle.java:733)
	at org.mockito.internal.util.reflection.InstrumentationMemberAccessor$Dispatcher$ByteBuddy$oog9jsgw.invokeWithArguments(Unknown Source)
	at org.mockito.internal.util.reflection.InstrumentationMemberAccessor.invoke(InstrumentationMemberAccessor.java:251)
	at org.mockito.internal.util.reflection.ModuleMemberAccessor.invoke(ModuleMemberAccessor.java:55)
	at org.mockito.internal.creation.bytebuddy.MockMethodAdvice.tryInvoke(MockMethodAdvice.java:314)
	at org.mockito.internal.creation.bytebuddy.MockMethodAdvice$RealMethodCall.invoke(MockMethodAdvice.java:234)
	at org.mockito.internal.invocation.InterceptedInvocation.callRealMethod(InterceptedInvocation.java:142)
	at org.mockito.internal.stubbing.answers.CallsRealMethods.answer(CallsRealMethods.java:45)
	at org.mockito.Answers.answer(Answers.java:90)
	at org.mockito.internal.handler.MockHandlerImpl.handle(MockHandlerImpl.java:111)
	at org.mockito.internal.handler.NullResultGuardian.handle(NullResultGuardian.java:29)
	at org.mockito.internal.handler.InvocationNotifierHandler.handle(InvocationNotifierHandler.java:34)
	at org.mockito.internal.creation.bytebuddy.MockMethodInterceptor.doIntercept(MockMethodInterceptor.java:82)
	at org.mockito.internal.creation.bytebuddy.MockMethodAdvice.handle(MockMethodAdvice.java:134)
	at de.tum.cit.aet.artemis.programming.service.jenkins.JenkinsService.configureBuildPlan(JenkinsService.java:138)
	at de.tum.cit.aet.artemis.exercise.service.ParticipationService.configureBuildPlan(ParticipationService.java:532)
	at de.tum.cit.aet.artemis.exercise.service.ParticipationService.startProgrammingParticipation(ParticipationService.java:298)
	at de.tum.cit.aet.artemis.exercise.service.ParticipationService.startProgrammingExercise(ParticipationService.java:265)
	at de.tum.cit.aet.artemis.exercise.service.ParticipationService.startExerciseWithInitializationDate(ParticipationService.java:192)
	at de.tum.cit.aet.artemis.exercise.service.ParticipationService.startExercise(ParticipationService.java:151)
	at de.tum.cit.aet.artemis.exam.service.StudentExamService.setUpExerciseParticipationsAndSubmissionsWithInitializationDate(StudentExamService.java:686)
	at de.tum.cit.aet.artemis.exam.service.StudentExamService.setUpExerciseParticipationsAndSubmissions(StudentExamService.java:800)
	at de.tum.cit.aet.artemis.exam.service.StudentExamService.lambda$startExercises$15(StudentExamService.java:735)
	at java.base/java.util.concurrent.CompletableFuture$AsyncRun.run(CompletableFuture.java:1804)
	at java.base/java.util.concurrent.ThreadPoolExecutor.runWorker(ThreadPoolExecutor.java:1144)
	at java.base/java.util.concurrent.ThreadPoolExecutor$Worker.run(ThreadPoolExecutor.java:642)
	at java.base/java.lang.Thread.run(Thread.java:1583)
    23:43:48.741 | 911 ol-5588-thread-2 | ERROR | .a.a.p.s.j.b.JenkinsBuildPlanService : Pipeline Script not found
java.lang.IllegalArgumentException: Pipeline Script not found
	at de.tum.cit.aet.artemis.programming.service.jenkins.build_plan.JenkinsBuildPlanUtils.replaceScriptParameters(JenkinsBuildPlanUtils.java:29)
	at de.tum.cit.aet.artemis.programming.service.jenkins.build_plan.JenkinsBuildPlanService.updateBuildPlanRepositories(JenkinsBuildPlanService.java:219)
	at de.tum.cit.aet.artemis.programming.service.jenkins.build_plan.JenkinsBuildPlanService.configureBuildPlanForParticipation(JenkinsBuildPlanService.java:196)
	at de.tum.cit.aet.artemis.programming.service.jenkins.JenkinsService.configureBuildPlan(JenkinsService.java:138)
	at java.base/java.lang.invoke.MethodHandle.invokeWithArguments(MethodHandle.java:733)
	at org.mockito.internal.util.reflection.InstrumentationMemberAccessor$Dispatcher$ByteBuddy$oog9jsgw.invokeWithArguments(Unknown Source)
	at org.mockito.internal.util.reflection.InstrumentationMemberAccessor.invoke(InstrumentationMemberAccessor.java:251)
	at org.mockito.internal.util.reflection.ModuleMemberAccessor.invoke(ModuleMemberAccessor.java:55)
	at org.mockito.internal.creation.bytebuddy.MockMethodAdvice.tryInvoke(MockMethodAdvice.java:314)
	at org.mockito.internal.creation.bytebuddy.MockMethodAdvice$RealMethodCall.invoke(MockMethodAdvice.java:234)
	at org.mockito.internal.invocation.InterceptedInvocation.callRealMethod(InterceptedInvocation.java:142)
	at org.mockito.internal.stubbing.answers.CallsRealMethods.answer(CallsRealMethods.java:45)
	at org.mockito.Answers.answer(Answers.java:90)
	at org.mockito.internal.handler.MockHandlerImpl.handle(MockHandlerImpl.java:111)
	at org.mockito.internal.handler.NullResultGuardian.handle(NullResultGuardian.java:29)
	at org.mockito.internal.handler.InvocationNotifierHandler.handle(InvocationNotifierHandler.java:34)
	at org.mockito.internal.creation.bytebuddy.MockMethodInterceptor.doIntercept(MockMethodInterceptor.java:82)
	at org.mockito.internal.creation.bytebuddy.MockMethodAdvice.handle(MockMethodAdvice.java:134)
	at de.tum.cit.aet.artemis.programming.service.jenkins.JenkinsService.configureBuildPlan(JenkinsService.java:138)
	at de.tum.cit.aet.artemis.exercise.service.ParticipationService.configureBuildPlan(ParticipationService.java:532)
	at de.tum.cit.aet.artemis.exercise.service.ParticipationService.startProgrammingParticipation(ParticipationService.java:298)
	at de.tum.cit.aet.artemis.exercise.service.ParticipationService.startProgrammingExercise(ParticipationService.java:265)
	at de.tum.cit.aet.artemis.exercise.service.ParticipationService.startExerciseWithInitializationDate(ParticipationService.java:192)
	at de.tum.cit.aet.artemis.exercise.service.ParticipationService.startExercise(ParticipationService.java:151)
	at de.tum.cit.aet.artemis.exam.service.StudentExamService.setUpExerciseParticipationsAndSubmissionsWithInitializationDate(StudentExamService.java:686)
	at de.tum.cit.aet.artemis.exam.service.StudentExamService.setUpExerciseParticipationsAndSubmissions(StudentExamService.java:800)
	at de.tum.cit.aet.artemis.exam.service.StudentExamService.lambda$startExercises$15(StudentExamService.java:735)
	at java.base/java.util.concurrent.CompletableFuture$AsyncRun.run(CompletableFuture.java:1804)
	at java.base/java.util.concurrent.ThreadPoolExecutor.runWorker(ThreadPoolExecutor.java:1144)
	at java.base/java.util.concurrent.ThreadPoolExecutor$Worker.run(ThreadPoolExecutor.java:642)
	at java.base/java.lang.Thread.run(Thread.java:1583)
    23:43:48.749 | 911 ol-5588-thread-2 | INFO  | d.t.c.a.a.e.s.StudentExamService     : SUCCESS: Start exercise for student exam 599 and exercise 1956 and student studexamstudent1
    23:43:48.752 | 910 ol-5588-thread-1 | INFO  | d.t.c.a.a.e.s.StudentExamService     : SUCCESS: Start exercise for student exam 598 and exercise 1956 and student studexamstudent2
    23:43:48.753 | 370 ool-1-worker-134 | INFO  | d.t.c.a.a.e.web.StudentExamResource  : Generated 14 participations in 167.19ms for student exams of exam 1056
    23:43:48.755 | 370 ool-1-worker-134 | DEBUG | d.t.c.a.a.c.s.f.ApiVersionFilter     : Adding Version to Request GET /api/courses/557/exams/1056/student-exams/start-exercises/status
    23:43:48.762 | 370 ool-1-worker-134 | DEBUG | d.t.c.a.a.c.s.f.ApiVersionFilter     : Adding Version to Request GET /api/courses/557/exams/1056/longest-working-time

  Starting logs for StudentExamIntegrationTest > testGetStudentExamForTestExamForConduction_NoExamAccess()
    23:43:48.813 | 370 ool-1-worker-134 | DEBUG | d.t.c.a.a.c.u.util.UserUtilService   : Generate 2 students...
    23:43:48.817 | 370 ool-1-worker-134 | DEBUG | d.t.c.a.a.c.u.util.UserUtilService   : 2 students generated. Generate 1 tutors...
    23:43:48.819 | 370 ool-1-worker-134 | DEBUG | d.t.c.a.a.c.u.util.UserUtilService   : 1 tutors generated. Generate 0 editors...
    23:43:48.821 | 370 ool-1-worker-134 | DEBUG | d.t.c.a.a.c.u.util.UserUtilService   : 0 editors generated. Generate 2 instructors...
    23:43:48.826 | 370 ool-1-worker-134 | DEBUG | d.t.c.a.a.c.u.util.UserUtilService   : 2 instructors generated
    23:43:48.828 | 370 ool-1-worker-134 | DEBUG | d.t.c.a.a.c.u.util.UserUtilService   : Removing 5 users from all courses...
    23:43:48.829 | 370 ool-1-worker-134 | DEBUG | d.t.c.a.a.c.u.util.UserUtilService   : Removing 5 users from all courses. Done
    23:43:48.829 | 370 ool-1-worker-134 | DEBUG | d.t.c.a.a.c.u.util.UserUtilService   : Save 5 users to database...
    23:43:48.861 | 370 ool-1-worker-134 | DEBUG | d.t.c.a.a.c.u.util.UserUtilService   : Save 5 users to database. Done
    23:43:49.053 | 370 ool-1-worker-134 | INFO  | i.z.t.d.l.EmbeddedDatabaseReporter   : JDBC URL to connect to 'dataSource': url='jdbc:h2:tcp://localhost:41063/mem:736625c0-cf5e-400d-aeaa-8a7eabd6262b;USER=sa', scope='StudentExamIntegrationTest#testGetStudentExamForTestExamForConduction_NoExamAccess'
    23:43:49.060 | 370 ool-1-worker-134 | DEBUG | d.t.c.a.a.c.s.f.ApiVersionFilter     : Adding Version to Request GET /api/courses/558/exams/1059/student-exams/605/conduction
    23:43:49.063 | 370 ool-1-worker-134 | DEBUG | d.t.c.a.a.e.web.StudentExamResource  : REST request to get the student exam of user studexamstudent1 for exam 1059
    23:43:49.069 | 370 ool-1-worker-134 | WARN  | o.z.p.spring.common.AdviceTraits     : Forbidden: Current user is not the user of the requested student exam

  Starting logs for StudentExamIntegrationTest > testGetStudentExamForConduction_notVisible()
    23:43:49.150 | 370 ool-1-worker-134 | DEBUG | d.t.c.a.a.c.u.util.UserUtilService   : Generate 2 students...
    23:43:49.159 | 370 ool-1-worker-134 | DEBUG | d.t.c.a.a.c.u.util.UserUtilService   : 2 students generated. Generate 1 tutors...
    23:43:49.162 | 370 ool-1-worker-134 | DEBUG | d.t.c.a.a.c.u.util.UserUtilService   : 1 tutors generated. Generate 0 editors...
    23:43:49.163 | 370 ool-1-worker-134 | DEBUG | d.t.c.a.a.c.u.util.UserUtilService   : 0 editors generated. Generate 2 instructors...
    23:43:49.168 | 370 ool-1-worker-134 | DEBUG | d.t.c.a.a.c.u.util.UserUtilService   : 2 instructors generated
    23:43:49.169 | 370 ool-1-worker-134 | DEBUG | d.t.c.a.a.c.u.util.UserUtilService   : Removing 5 users from all courses...
    23:43:49.206 | 370 ool-1-worker-134 | DEBUG | d.t.c.a.a.c.u.util.UserUtilService   : Removing 5 users from all courses. Done
    23:43:49.207 | 370 ool-1-worker-134 | DEBUG | d.t.c.a.a.c.u.util.UserUtilService   : Save 5 users to database...
    23:43:49.236 | 370 ool-1-worker-134 | DEBUG | d.t.c.a.a.c.u.util.UserUtilService   : Save 5 users to database. Done
    23:43:49.372 | 058 pool-4-thread-1  | INFO  | d.t.c.a.a.p.s.gitlab.GitLabService   : Protecting branch main for Gitlab repository SHORT76E752270FD56046930AB190E96BDA8B24FDT6A7/short76e752270fd56046930ab190e96bda8b24fdt6a7-studexamstudent1
    23:43:49.375 | 370 ool-1-worker-134 | INFO  | i.z.t.d.l.EmbeddedDatabaseReporter   : JDBC URL to connect to 'dataSource': url='jdbc:h2:tcp://localhost:41063/mem:736625c0-cf5e-400d-aeaa-8a7eabd6262b;USER=sa', scope='StudentExamIntegrationTest#testGetStudentExamForConduction_notVisible'
    23:43:49.381 | 370 ool-1-worker-134 | DEBUG | d.t.c.a.a.c.s.f.ApiVersionFilter     : Adding Version to Request GET /api/courses/561/exams/1067/student-exams/611/conduction
    23:43:49.382 | 370 ool-1-worker-134 | DEBUG | d.t.c.a.a.e.web.StudentExamResource  : REST request to get the student exam of user studexamstudent1 for exam 1067
    23:43:49.385 | 370 ool-1-worker-134 | WARN  | o.z.p.spring.common.AdviceTraits     : Forbidden: Students cannot download the student exams until 5 minutes before the exam start

  Starting logs for StudentExamIntegrationTest > testGetAllTestRunSubmissionsForExercise_notExamExercise()
    23:43:49.426 | 370 ool-1-worker-134 | DEBUG | d.t.c.a.a.c.u.util.UserUtilService   : Generate 2 students...
    23:43:49.429 | 370 ool-1-worker-134 | DEBUG | d.t.c.a.a.c.u.util.UserUtilService   : 2 students generated. Generate 1 tutors...
    23:43:49.432 | 370 ool-1-worker-134 | DEBUG | d.t.c.a.a.c.u.util.UserUtilService   : 1 tutors generated. Generate 0 editors...
    23:43:49.434 | 370 ool-1-worker-134 | DEBUG | d.t.c.a.a.c.u.util.UserUtilService   : 0 editors generated. Generate 2 instructors...
    23:43:49.439 | 370 ool-1-worker-134 | DEBUG | d.t.c.a.a.c.u.util.UserUtilService   : 2 instructors generated
    23:43:49.440 | 370 ool-1-worker-134 | DEBUG | d.t.c.a.a.c.u.util.UserUtilService   : Removing 5 users from all courses...
    23:43:49.441 | 370 ool-1-worker-134 | DEBUG | d.t.c.a.a.c.u.util.UserUtilService   : Removing 5 users from all courses. Done
    23:43:49.441 | 370 ool-1-worker-134 | DEBUG | d.t.c.a.a.c.u.util.UserUtilService   : Save 5 users to database...
    23:43:49.467 | 370 ool-1-worker-134 | DEBUG | d.t.c.a.a.c.u.util.UserUtilService   : Save 5 users to database. Done
    23:43:49.580 | 370 ool-1-worker-134 | INFO  | i.z.t.d.l.EmbeddedDatabaseReporter   : JDBC URL to connect to 'dataSource': url='jdbc:h2:tcp://localhost:41063/mem:736625c0-cf5e-400d-aeaa-8a7eabd6262b;USER=sa', scope='StudentExamIntegrationTest#testGetAllTestRunSubmissionsForExercise_notExamExercise'
    23:43:49.589 | 370 ool-1-worker-134 | DEBUG | d.t.c.a.a.c.s.f.ApiVersionFilter     : Adding Version to Request GET /api/exercises/1987/test-run-submissions
    23:43:49.590 | 370 ool-1-worker-134 | DEBUG | d.t.c.a.a.e.web.SubmissionResource   : REST request to get all test run submissions for exercise 1987
    23:43:49.591 | 370 ool-1-worker-134 | WARN  | o.z.p.spring.common.AdviceTraits     : Forbidden: You are not allowed to access this resource

  Starting logs for StudentExamIntegrationTest > testGetStudentExamForConduction_successful()
    23:43:49.615 | 370 ool-1-worker-134 | DEBUG | d.t.c.a.a.c.u.util.UserUtilService   : Generate 2 students...
    23:43:49.618 | 370 ool-1-worker-134 | DEBUG | d.t.c.a.a.c.u.util.UserUtilService   : 2 students generated. Generate 1 tutors...
    23:43:49.620 | 370 ool-1-worker-134 | DEBUG | d.t.c.a.a.c.u.util.UserUtilService   : 1 tutors generated. Generate 0 editors...
    23:43:49.621 | 370 ool-1-worker-134 | DEBUG | d.t.c.a.a.c.u.util.UserUtilService   : 0 editors generated. Generate 2 instructors...
    23:43:49.624 | 370 ool-1-worker-134 | DEBUG | d.t.c.a.a.c.u.util.UserUtilService   : 2 instructors generated
    23:43:49.625 | 370 ool-1-worker-134 | DEBUG | d.t.c.a.a.c.u.util.UserUtilService   : Removing 5 users from all courses...
    23:43:49.626 | 370 ool-1-worker-134 | DEBUG | d.t.c.a.a.c.u.util.UserUtilService   : Removing 5 users from all courses. Done
    23:43:49.626 | 370 ool-1-worker-134 | DEBUG | d.t.c.a.a.c.u.util.UserUtilService   : Save 5 users to database...
    23:43:49.641 | 370 ool-1-worker-134 | DEBUG | d.t.c.a.a.c.u.util.UserUtilService   : Save 5 users to database. Done
    23:43:49.783 | 370 ool-1-worker-134 | INFO  | i.z.t.d.l.EmbeddedDatabaseReporter   : JDBC URL to connect to 'dataSource': url='jdbc:h2:tcp://localhost:41063/mem:736625c0-cf5e-400d-aeaa-8a7eabd6262b;USER=sa', scope='StudentExamIntegrationTest#testGetStudentExamForConduction_successful'
    23:43:49.785 | 370 ool-1-worker-134 | DEBUG | d.t.c.a.a.c.s.f.ApiVersionFilter     : Adding Version to Request GET /api/courses/568/exams/1075/student-exams/620/conduction
    23:43:49.787 | 370 ool-1-worker-134 | DEBUG | d.t.c.a.a.e.web.StudentExamResource  : REST request to get the student exam of user studexamstudent1 for exam 1075
    23:43:49.793 | 370 ool-1-worker-134 | DEBUG | d.t.c.a.a.e.s.ExamSessionService     : Exam session started
    23:43:49.794 | 370 ool-1-worker-134 | INFO  | d.t.c.a.a.e.web.StudentExamResource  : getStudentExamForConduction done in 8ms for 0 exercises for user studexamstudent1

  Starting logs for StudentExamIntegrationTest > testGetStudentExamForConduction()
    23:43:49.845 | 370 ool-1-worker-134 | DEBUG | d.t.c.a.a.c.u.util.UserUtilService   : Generate 2 students...
    23:43:49.854 | 370 ool-1-worker-134 | DEBUG | d.t.c.a.a.c.u.util.UserUtilService   : 2 students generated. Generate 1 tutors...
    23:43:49.858 | 370 ool-1-worker-134 | DEBUG | d.t.c.a.a.c.u.util.UserUtilService   : 1 tutors generated. Generate 0 editors...
    23:43:49.859 | 370 ool-1-worker-134 | DEBUG | d.t.c.a.a.c.u.util.UserUtilService   : 0 editors generated. Generate 2 instructors...
    23:43:49.868 | 370 ool-1-worker-134 | DEBUG | d.t.c.a.a.c.u.util.UserUtilService   : 2 instructors generated
    23:43:49.869 | 370 ool-1-worker-134 | DEBUG | d.t.c.a.a.c.u.util.UserUtilService   : Removing 5 users from all courses...
    23:43:49.870 | 370 ool-1-worker-134 | DEBUG | d.t.c.a.a.c.u.util.UserUtilService   : Removing 5 users from all courses. Done
    23:43:49.870 | 370 ool-1-worker-134 | DEBUG | d.t.c.a.a.c.u.util.UserUtilService   : Save 5 users to database...
    23:43:49.900 | 370 ool-1-worker-134 | DEBUG | d.t.c.a.a.c.u.util.UserUtilService   : Save 5 users to database. Done
    23:43:50.030 | 370 ool-1-worker-134 | INFO  | i.z.t.d.l.EmbeddedDatabaseReporter   : JDBC URL to connect to 'dataSource': url='jdbc:h2:tcp://localhost:41063/mem:736625c0-cf5e-400d-aeaa-8a7eabd6262b;USER=sa', scope='StudentExamIntegrationTest#testGetStudentExamForConduction'
    23:43:50.097 | 370 ool-1-worker-134 | DEBUG | d.t.c.a.a.c.s.f.ApiVersionFilter     : Adding Version to Request POST /api/courses/574/exams/1083/generate-student-exams
    23:43:50.097 | 370 ool-1-worker-134 | INFO  | d.t.c.a.a.exam.web.ExamResource      : REST request to generate student exams for exam 1083
    23:43:50.105 | 370 ool-1-worker-134 | INFO  | d.t.c.a.a.e.s.ExamDeletionService    : User studexaminstructor1 has requested to delete existing student exams and participations for exam Real exam 1
    23:43:50.106 | 370 ool-1-worker-134 | INFO  | d.t.c.a.a.e.s.ParticipationService   : Request to delete all 0 participations of exercise with id : 2008
    23:43:50.108 | 370 ool-1-worker-134 | INFO  | d.t.c.a.a.e.s.ParticipationService   : Request to delete all 0 participations of exercise with id : 2009
    23:43:50.109 | 370 ool-1-worker-134 | INFO  | d.t.c.a.a.e.s.ParticipationService   : Request to delete all 0 participations of exercise with id : 2010
    23:43:50.111 | 370 ool-1-worker-134 | INFO  | d.t.c.a.a.e.s.ParticipationService   : Request to delete all 0 participations of exercise with id : 2011
    23:43:50.112 | 370 ool-1-worker-134 | INFO  | d.t.c.a.a.e.s.ParticipationService   : Request to delete all 0 participations of exercise with id : 2012
    23:43:50.113 | 370 ool-1-worker-134 | INFO  | d.t.c.a.a.e.s.ParticipationService   : Request to delete all 0 participations of exercise with id : 2013
    23:43:50.115 | 370 ool-1-worker-134 | INFO  | d.t.c.a.a.e.s.ParticipationService   : Request to delete all 0 participations of exercise with id : 2014
    23:43:50.116 | 370 ool-1-worker-134 | INFO  | d.t.c.a.a.e.s.ParticipationService   : Request to delete all 0 participations of exercise with id : 2015
    23:43:50.118 | 370 ool-1-worker-134 | INFO  | d.t.c.a.a.e.s.ParticipationService   : Request to delete all 0 participations of exercise with id : 2016
    23:43:50.119 | 370 ool-1-worker-134 | INFO  | d.t.c.a.a.e.s.ParticipationService   : Request to delete all 0 participations of exercise with id : 2017
    23:43:50.120 | 370 ool-1-worker-134 | INFO  | d.t.c.a.a.e.s.ParticipationService   : Request to delete all 0 participations of exercise with id : 2018
    23:43:50.124 | 370 ool-1-worker-134 | INFO  | d.t.c.a.a.exam.web.ExamResource      : Generated 2 student exams in 26.62ms for exam 1083
    23:43:50.164 | 370 ool-1-worker-134 | DEBUG | d.t.c.a.a.c.s.f.ApiVersionFilter     : Adding Version to Request POST /api/courses/574/exams/1083/student-exams/start-exercises
    23:43:50.177 | 370 ool-1-worker-134 | DEBUG | d.t.c.a.a.exam.service.ExamService   : Finished combination of template commits for programming exercise ProgrammingExercise{id=2018, templateRepositoryUri='https://version-control.fake.fake/git/SHORT805C7E0608F1E0440908A7F0CBA9BEED3D98T616/short805c7e0608f1e0440908a7f0cba9beed3d98t616-exercise.git', solutionRepositoryUri='https://version-control.fake.fake/git/SHORT805C7E0608F1E0440908A7F0CBA9BEED3D98T616/short805c7e0608f1e0440908a7f0cba9beed3d98t616-solution.git', templateBuildPlanId='SHORT805C7E0608F1E0440908A7F0CBA9BEED3D98T616-BASE', solutionBuildPlanId='SHORT805C7E0608F1E0440908A7F0CBA9BEED3D98T616-SOLUTION', allowOnlineEditor='null', allowOnlineIde='false', programmingLanguage='JAVA', packageName='de.test'', testCasesChanged='false'}
    23:43:50.181 | 370 ool-1-worker-134 | INFO  | d.t.c.a.a.e.web.StudentExamResource  : REST request to start exercises for student exams of exam 1083
    23:43:50.214 | 924 ol-5645-thread-1 | INFO  | d.t.c.a.a.e.s.StudentExamService     : SUCCESS: Start exercise for student exam 627 and exercise 2009 and student studexamstudent2
    23:43:50.224 | 925 ol-5645-thread-2 | INFO  | d.t.c.a.a.e.s.StudentExamService     : SUCCESS: Start exercise for student exam 628 and exercise 2009 and student studexamstudent1
    23:43:50.240 | 925 ol-5645-thread-2 | INFO  | d.t.c.a.a.e.s.StudentExamService     : SUCCESS: Start exercise for student exam 628 and exercise 2011 and student studexamstudent1
    23:43:50.247 | 925 ol-5645-thread-2 | INFO  | d.t.c.a.a.e.s.StudentExamService     : SUCCESS: Start exercise for student exam 628 and exercise 2013 and student studexamstudent1
    23:43:50.250 | 924 ol-5645-thread-1 | INFO  | d.t.c.a.a.e.s.StudentExamService     : SUCCESS: Start exercise for student exam 627 and exercise 2010 and student studexamstudent2
    23:43:50.255 | 925 ol-5645-thread-2 | INFO  | d.t.c.a.a.e.s.StudentExamService     : SUCCESS: Start exercise for student exam 628 and exercise 2014 and student studexamstudent1
    23:43:50.264 | 924 ol-5645-thread-1 | INFO  | d.t.c.a.a.e.s.StudentExamService     : SUCCESS: Start exercise for student exam 627 and exercise 2013 and student studexamstudent2
    23:43:50.265 | 925 ol-5645-thread-2 | INFO  | d.t.c.a.a.e.s.StudentExamService     : SUCCESS: Start exercise for student exam 628 and exercise 2016 and student studexamstudent1
    23:43:50.278 | 925 ol-5645-thread-2 | INFO  | d.t.c.a.a.e.s.StudentExamService     : SUCCESS: Start exercise for student exam 628 and exercise 2017 and student studexamstudent1
    23:43:50.280 | 924 ol-5645-thread-1 | INFO  | d.t.c.a.a.e.s.StudentExamService     : SUCCESS: Start exercise for student exam 627 and exercise 2015 and student studexamstudent2
    23:43:50.283 | 925 ol-5645-thread-2 | DEBUG | d.t.c.a.a.p.service.GitService       : Cloning from file:/tmp/exerciseOriginRepo1203494518185231570/ to repos/server-integration-test/studentOriginRepo727251192177919132
    23:43:50.295 | 924 ol-5645-thread-1 | INFO  | d.t.c.a.a.e.s.StudentExamService     : SUCCESS: Start exercise for student exam 627 and exercise 2016 and student studexamstudent2
    23:43:50.300 | 058 pool-4-thread-1  | INFO  | d.t.c.a.a.p.s.gitlab.GitLabService   : Unprotecting branch main for Gitlab repository SHORT075843F603A560438009EE70DB89F7DCF685T885/short075843f603a560438009ee70db89f7dcf685t885-studexamstudent1
    23:43:50.303 | 924 ol-5645-thread-1 | INFO  | d.t.c.a.a.e.s.StudentExamService     : SUCCESS: Start exercise for student exam 627 and exercise 2017 and student studexamstudent2
    23:43:50.306 | 924 ol-5645-thread-1 | DEBUG | d.t.c.a.a.p.service.GitService       : Cloning from file:/tmp/exerciseOriginRepo1203494518185231570/ to repos/server-integration-test/studentOriginRepo18163080921836006838
    23:43:50.324 | 924 ol-5645-thread-1 | ERROR | .a.a.p.s.j.b.JenkinsBuildPlanService : Pipeline Script not found
java.lang.IllegalArgumentException: Pipeline Script not found
	at de.tum.cit.aet.artemis.programming.service.jenkins.build_plan.JenkinsBuildPlanUtils.replaceScriptParameters(JenkinsBuildPlanUtils.java:22)
	at de.tum.cit.aet.artemis.programming.service.jenkins.build_plan.JenkinsBuildPlanService.updateBuildPlanURLs(JenkinsBuildPlanService.java:245)
	at de.tum.cit.aet.artemis.programming.service.jenkins.build_plan.JenkinsBuildPlanService.copyBuildPlan(JenkinsBuildPlanService.java:293)
	at de.tum.cit.aet.artemis.programming.service.jenkins.JenkinsService.copyBuildPlan(JenkinsService.java:128)
	at java.base/java.lang.invoke.MethodHandle.invokeWithArguments(MethodHandle.java:733)
	at org.mockito.internal.util.reflection.InstrumentationMemberAccessor$Dispatcher$ByteBuddy$oog9jsgw.invokeWithArguments(Unknown Source)
	at org.mockito.internal.util.reflection.InstrumentationMemberAccessor.invoke(InstrumentationMemberAccessor.java:251)
	at org.mockito.internal.util.reflection.ModuleMemberAccessor.invoke(ModuleMemberAccessor.java:55)
	at org.mockito.internal.creation.bytebuddy.MockMethodAdvice.tryInvoke(MockMethodAdvice.java:314)
	at org.mockito.internal.creation.bytebuddy.MockMethodAdvice$RealMethodCall.invoke(MockMethodAdvice.java:234)
	at org.mockito.internal.invocation.InterceptedInvocation.callRealMethod(InterceptedInvocation.java:142)
	at org.mockito.internal.stubbing.answers.CallsRealMethods.answer(CallsRealMethods.java:45)
	at org.mockito.Answers.answer(Answers.java:90)
	at org.mockito.internal.handler.MockHandlerImpl.handle(MockHandlerImpl.java:111)
	at org.mockito.internal.handler.NullResultGuardian.handle(NullResultGuardian.java:29)
	at org.mockito.internal.handler.InvocationNotifierHandler.handle(InvocationNotifierHandler.java:34)
	at org.mockito.internal.creation.bytebuddy.MockMethodInterceptor.doIntercept(MockMethodInterceptor.java:82)
	at org.mockito.internal.creation.bytebuddy.MockMethodAdvice.handle(MockMethodAdvice.java:134)
	at de.tum.cit.aet.artemis.programming.service.jenkins.JenkinsService.copyBuildPlan(JenkinsService.java:126)
	at de.tum.cit.aet.artemis.exercise.service.ParticipationService.copyBuildPlan(ParticipationService.java:518)
	at de.tum.cit.aet.artemis.exercise.service.ParticipationService.startProgrammingParticipation(ParticipationService.java:296)
	at de.tum.cit.aet.artemis.exercise.service.ParticipationService.startProgrammingExercise(ParticipationService.java:265)
	at de.tum.cit.aet.artemis.exercise.service.ParticipationService.startExerciseWithInitializationDate(ParticipationService.java:192)
	at de.tum.cit.aet.artemis.exercise.service.ParticipationService.startExercise(ParticipationService.java:151)
	at de.tum.cit.aet.artemis.exam.service.StudentExamService.setUpExerciseParticipationsAndSubmissionsWithInitializationDate(StudentExamService.java:686)
	at de.tum.cit.aet.artemis.exam.service.StudentExamService.setUpExerciseParticipationsAndSubmissions(StudentExamService.java:800)
	at de.tum.cit.aet.artemis.exam.service.StudentExamService.lambda$startExercises$15(StudentExamService.java:735)
	at java.base/java.util.concurrent.CompletableFuture$AsyncRun.run(CompletableFuture.java:1804)
	at java.base/java.util.concurrent.ThreadPoolExecutor.runWorker(ThreadPoolExecutor.java:1144)
	at java.base/java.util.concurrent.ThreadPoolExecutor$Worker.run(ThreadPoolExecutor.java:642)
	at java.base/java.lang.Thread.run(Thread.java:1583)
    23:43:50.324 | 925 ol-5645-thread-2 | ERROR | .a.a.p.s.j.b.JenkinsBuildPlanService : Pipeline Script not found
java.lang.IllegalArgumentException: Pipeline Script not found
	at de.tum.cit.aet.artemis.programming.service.jenkins.build_plan.JenkinsBuildPlanUtils.replaceScriptParameters(JenkinsBuildPlanUtils.java:22)
	at de.tum.cit.aet.artemis.programming.service.jenkins.build_plan.JenkinsBuildPlanService.updateBuildPlanURLs(JenkinsBuildPlanService.java:245)
	at de.tum.cit.aet.artemis.programming.service.jenkins.build_plan.JenkinsBuildPlanService.copyBuildPlan(JenkinsBuildPlanService.java:293)
	at de.tum.cit.aet.artemis.programming.service.jenkins.JenkinsService.copyBuildPlan(JenkinsService.java:128)
	at java.base/java.lang.invoke.MethodHandle.invokeWithArguments(MethodHandle.java:733)
	at org.mockito.internal.util.reflection.InstrumentationMemberAccessor$Dispatcher$ByteBuddy$oog9jsgw.invokeWithArguments(Unknown Source)
	at org.mockito.internal.util.reflection.InstrumentationMemberAccessor.invoke(InstrumentationMemberAccessor.java:251)
	at org.mockito.internal.util.reflection.ModuleMemberAccessor.invoke(ModuleMemberAccessor.java:55)
	at org.mockito.internal.creation.bytebuddy.MockMethodAdvice.tryInvoke(MockMethodAdvice.java:314)
	at org.mockito.internal.creation.bytebuddy.MockMethodAdvice$RealMethodCall.invoke(MockMethodAdvice.java:234)
	at org.mockito.internal.invocation.InterceptedInvocation.callRealMethod(InterceptedInvocation.java:142)
	at org.mockito.internal.stubbing.answers.CallsRealMethods.answer(CallsRealMethods.java:45)
	at org.mockito.Answers.answer(Answers.java:90)
	at org.mockito.internal.handler.MockHandlerImpl.handle(MockHandlerImpl.java:111)
	at org.mockito.internal.handler.NullResultGuardian.handle(NullResultGuardian.java:29)
	at org.mockito.internal.handler.InvocationNotifierHandler.handle(InvocationNotifierHandler.java:34)
	at org.mockito.internal.creation.bytebuddy.MockMethodInterceptor.doIntercept(MockMethodInterceptor.java:82)
	at org.mockito.internal.creation.bytebuddy.MockMethodAdvice.handle(MockMethodAdvice.java:134)
	at de.tum.cit.aet.artemis.programming.service.jenkins.JenkinsService.copyBuildPlan(JenkinsService.java:126)
	at de.tum.cit.aet.artemis.exercise.service.ParticipationService.copyBuildPlan(ParticipationService.java:518)
	at de.tum.cit.aet.artemis.exercise.service.ParticipationService.startProgrammingParticipation(ParticipationService.java:296)
	at de.tum.cit.aet.artemis.exercise.service.ParticipationService.startProgrammingExercise(ParticipationService.java:265)
	at de.tum.cit.aet.artemis.exercise.service.ParticipationService.startExerciseWithInitializationDate(ParticipationService.java:192)
	at de.tum.cit.aet.artemis.exercise.service.ParticipationService.startExercise(ParticipationService.java:151)
	at de.tum.cit.aet.artemis.exam.service.StudentExamService.setUpExerciseParticipationsAndSubmissionsWithInitializationDate(StudentExamService.java:686)
	at de.tum.cit.aet.artemis.exam.service.StudentExamService.setUpExerciseParticipationsAndSubmissions(StudentExamService.java:800)
	at de.tum.cit.aet.artemis.exam.service.StudentExamService.lambda$startExercises$15(StudentExamService.java:735)
	at java.base/java.util.concurrent.CompletableFuture$AsyncRun.run(CompletableFuture.java:1804)
	at java.base/java.util.concurrent.ThreadPoolExecutor.runWorker(ThreadPoolExecutor.java:1144)
	at java.base/java.util.concurrent.ThreadPoolExecutor$Worker.run(ThreadPoolExecutor.java:642)
	at java.base/java.lang.Thread.run(Thread.java:1583)
    23:43:50.334 | 060 pool-4-thread-3  | INFO  | d.t.c.a.a.p.s.gitlab.GitLabService   : Protecting branch main for Gitlab repository SHORTAD4D2C120033204F5909C3806A57C2175565TF31/shortad4d2c120033204f5909c3806a57c2175565tf31-studexamstudent1
    23:43:50.338 | 925 ol-5645-thread-2 | ERROR | .a.a.p.s.j.b.JenkinsBuildPlanService : Pipeline Script not found
java.lang.IllegalArgumentException: Pipeline Script not found
	at de.tum.cit.aet.artemis.programming.service.jenkins.build_plan.JenkinsBuildPlanUtils.replaceScriptParameters(JenkinsBuildPlanUtils.java:29)
	at de.tum.cit.aet.artemis.programming.service.jenkins.build_plan.JenkinsBuildPlanService.updateBuildPlanRepositories(JenkinsBuildPlanService.java:219)
	at de.tum.cit.aet.artemis.programming.service.jenkins.build_plan.JenkinsBuildPlanService.configureBuildPlanForParticipation(JenkinsBuildPlanService.java:196)
	at de.tum.cit.aet.artemis.programming.service.jenkins.JenkinsService.configureBuildPlan(JenkinsService.java:138)
	at java.base/java.lang.invoke.MethodHandle.invokeWithArguments(MethodHandle.java:733)
	at org.mockito.internal.util.reflection.InstrumentationMemberAccessor$Dispatcher$ByteBuddy$oog9jsgw.invokeWithArguments(Unknown Source)
	at org.mockito.internal.util.reflection.InstrumentationMemberAccessor.invoke(InstrumentationMemberAccessor.java:251)
	at org.mockito.internal.util.reflection.ModuleMemberAccessor.invoke(ModuleMemberAccessor.java:55)
	at org.mockito.internal.creation.bytebuddy.MockMethodAdvice.tryInvoke(MockMethodAdvice.java:314)
	at org.mockito.internal.creation.bytebuddy.MockMethodAdvice$RealMethodCall.invoke(MockMethodAdvice.java:234)
	at org.mockito.internal.invocation.InterceptedInvocation.callRealMethod(InterceptedInvocation.java:142)
	at org.mockito.internal.stubbing.answers.CallsRealMethods.answer(CallsRealMethods.java:45)
	at org.mockito.Answers.answer(Answers.java:90)
	at org.mockito.internal.handler.MockHandlerImpl.handle(MockHandlerImpl.java:111)
	at org.mockito.internal.handler.NullResultGuardian.handle(NullResultGuardian.java:29)
	at org.mockito.internal.handler.InvocationNotifierHandler.handle(InvocationNotifierHandler.java:34)
	at org.mockito.internal.creation.bytebuddy.MockMethodInterceptor.doIntercept(MockMethodInterceptor.java:82)
	at org.mockito.internal.creation.bytebuddy.MockMethodAdvice.handle(MockMethodAdvice.java:134)
	at de.tum.cit.aet.artemis.programming.service.jenkins.JenkinsService.configureBuildPlan(JenkinsService.java:138)
	at de.tum.cit.aet.artemis.exercise.service.ParticipationService.configureBuildPlan(ParticipationService.java:532)
	at de.tum.cit.aet.artemis.exercise.service.ParticipationService.startProgrammingParticipation(ParticipationService.java:298)
	at de.tum.cit.aet.artemis.exercise.service.ParticipationService.startProgrammingExercise(ParticipationService.java:265)
	at de.tum.cit.aet.artemis.exercise.service.ParticipationService.startExerciseWithInitializationDate(ParticipationService.java:192)
	at de.tum.cit.aet.artemis.exercise.service.ParticipationService.startExercise(ParticipationService.java:151)
	at de.tum.cit.aet.artemis.exam.service.StudentExamService.setUpExerciseParticipationsAndSubmissionsWithInitializationDate(StudentExamService.java:686)
	at de.tum.cit.aet.artemis.exam.service.StudentExamService.setUpExerciseParticipationsAndSubmissions(StudentExamService.java:800)
	at de.tum.cit.aet.artemis.exam.service.StudentExamService.lambda$startExercises$15(StudentExamService.java:735)
	at java.base/java.util.concurrent.CompletableFuture$AsyncRun.run(CompletableFuture.java:1804)
	at java.base/java.util.concurrent.ThreadPoolExecutor.runWorker(ThreadPoolExecutor.java:1144)
	at java.base/java.util.concurrent.ThreadPoolExecutor$Worker.run(ThreadPoolExecutor.java:642)
	at java.base/java.lang.Thread.run(Thread.java:1583)
    23:43:50.340 | 924 ol-5645-thread-1 | ERROR | .a.a.p.s.j.b.JenkinsBuildPlanService : Pipeline Script not found
java.lang.IllegalArgumentException: Pipeline Script not found
	at de.tum.cit.aet.artemis.programming.service.jenkins.build_plan.JenkinsBuildPlanUtils.replaceScriptParameters(JenkinsBuildPlanUtils.java:29)
	at de.tum.cit.aet.artemis.programming.service.jenkins.build_plan.JenkinsBuildPlanService.updateBuildPlanRepositories(JenkinsBuildPlanService.java:219)
	at de.tum.cit.aet.artemis.programming.service.jenkins.build_plan.JenkinsBuildPlanService.configureBuildPlanForParticipation(JenkinsBuildPlanService.java:196)
	at de.tum.cit.aet.artemis.programming.service.jenkins.JenkinsService.configureBuildPlan(JenkinsService.java:138)
	at java.base/java.lang.invoke.MethodHandle.invokeWithArguments(MethodHandle.java:733)
	at org.mockito.internal.util.reflection.InstrumentationMemberAccessor$Dispatcher$ByteBuddy$oog9jsgw.invokeWithArguments(Unknown Source)
	at org.mockito.internal.util.reflection.InstrumentationMemberAccessor.invoke(InstrumentationMemberAccessor.java:251)
	at org.mockito.internal.util.reflection.ModuleMemberAccessor.invoke(ModuleMemberAccessor.java:55)
	at org.mockito.internal.creation.bytebuddy.MockMethodAdvice.tryInvoke(MockMethodAdvice.java:314)
	at org.mockito.internal.creation.bytebuddy.MockMethodAdvice$RealMethodCall.invoke(MockMethodAdvice.java:234)
	at org.mockito.internal.invocation.InterceptedInvocation.callRealMethod(InterceptedInvocation.java:142)
	at org.mockito.internal.stubbing.answers.CallsRealMethods.answer(CallsRealMethods.java:45)
	at org.mockito.Answers.answer(Answers.java:90)
	at org.mockito.internal.handler.MockHandlerImpl.handle(MockHandlerImpl.java:111)
	at org.mockito.internal.handler.NullResultGuardian.handle(NullResultGuardian.java:29)
	at org.mockito.internal.handler.InvocationNotifierHandler.handle(InvocationNotifierHandler.java:34)
	at org.mockito.internal.creation.bytebuddy.MockMethodInterceptor.doIntercept(MockMethodInterceptor.java:82)
	at org.mockito.internal.creation.bytebuddy.MockMethodAdvice.handle(MockMethodAdvice.java:134)
	at de.tum.cit.aet.artemis.programming.service.jenkins.JenkinsService.configureBuildPlan(JenkinsService.java:138)
	at de.tum.cit.aet.artemis.exercise.service.ParticipationService.configureBuildPlan(ParticipationService.java:532)
	at de.tum.cit.aet.artemis.exercise.service.ParticipationService.startProgrammingParticipation(ParticipationService.java:298)
	at de.tum.cit.aet.artemis.exercise.service.ParticipationService.startProgrammingExercise(ParticipationService.java:265)
	at de.tum.cit.aet.artemis.exercise.service.ParticipationService.startExerciseWithInitializationDate(ParticipationService.java:192)
	at de.tum.cit.aet.artemis.exercise.service.ParticipationService.startExercise(ParticipationService.java:151)
	at de.tum.cit.aet.artemis.exam.service.StudentExamService.setUpExerciseParticipationsAndSubmissionsWithInitializationDate(StudentExamService.java:686)
	at de.tum.cit.aet.artemis.exam.service.StudentExamService.setUpExerciseParticipationsAndSubmissions(StudentExamService.java:800)
	at de.tum.cit.aet.artemis.exam.service.StudentExamService.lambda$startExercises$15(StudentExamService.java:735)
	at java.base/java.util.concurrent.CompletableFuture$AsyncRun.run(CompletableFuture.java:1804)
	at java.base/java.util.concurrent.ThreadPoolExecutor.runWorker(ThreadPoolExecutor.java:1144)
	at java.base/java.util.concurrent.ThreadPoolExecutor$Worker.run(ThreadPoolExecutor.java:642)
	at java.base/java.lang.Thread.run(Thread.java:1583)
    23:43:50.354 | 924 ol-5645-thread-1 | INFO  | d.t.c.a.a.e.s.StudentExamService     : SUCCESS: Start exercise for student exam 627 and exercise 2018 and student studexamstudent2
    23:43:50.355 | 925 ol-5645-thread-2 | INFO  | d.t.c.a.a.e.s.StudentExamService     : SUCCESS: Start exercise for student exam 628 and exercise 2018 and student studexamstudent1
    23:43:50.356 | 370 ool-1-worker-134 | INFO  | d.t.c.a.a.e.web.StudentExamResource  : Generated 14 participations in 191.98ms for student exams of exam 1083
    23:43:50.358 | 370 ool-1-worker-134 | DEBUG | d.t.c.a.a.c.s.f.ApiVersionFilter     : Adding Version to Request GET /api/courses/574/exams/1083/student-exams/start-exercises/status
    23:43:50.363 | 370 ool-1-worker-134 | DEBUG | d.t.c.a.a.c.s.f.ApiVersionFilter     : Adding Version to Request GET /api/courses/574/exams/1083/student-exams/627/conduction
    23:43:50.365 | 370 ool-1-worker-134 | DEBUG | d.t.c.a.a.e.web.StudentExamResource  : REST request to get the student exam of user studexamstudent2 for exam 1083
    23:43:50.374 | 370 ool-1-worker-134 | DEBUG | d.t.c.a.a.e.s.ExamSessionService     : Exam session started
    23:43:50.375 | 370 ool-1-worker-134 | INFO  | d.t.c.a.a.e.web.StudentExamResource  : getStudentExamForConduction done in 11ms for 7 exercises for user studexamstudent2
    23:43:50.383 | 370 ool-1-worker-134 | DEBUG | d.t.c.a.a.c.s.f.ApiVersionFilter     : Adding Version to Request GET /api/courses/574/exams/1083/student-exams/628/conduction
    23:43:50.385 | 370 ool-1-worker-134 | DEBUG | d.t.c.a.a.e.web.StudentExamResource  : REST request to get the student exam of user studexamstudent1 for exam 1083
    23:43:50.403 | 370 ool-1-worker-134 | DEBUG | d.t.c.a.a.e.s.ExamSessionService     : Exam session started
    23:43:50.404 | 370 ool-1-worker-134 | INFO  | d.t.c.a.a.e.web.StudentExamResource  : getStudentExamForConduction done in 20ms for 7 exercises for user studexamstudent1
    23:43:50.420 | 370 ool-1-worker-134 | DEBUG | d.t.c.a.a.c.s.f.ApiVersionFilter     : Adding Version to Request DELETE /api/courses/571/exams/1078
    23:43:50.420 | 370 ool-1-worker-134 | INFO  | d.t.c.a.a.exam.web.ExamResource      : REST request to delete exam : 1078
    23:43:50.433 | 370 ool-1-worker-134 | INFO  | d.t.c.a.a.e.s.ExamDeletionService    : User studexaminstructor1 has requested to delete the exam Real exam 1
    23:43:50.447 | 370 ool-1-worker-134 | INFO  | .c.a.a.c.s.TitleCacheEvictionService : Evicted entry '1078' from title cache 'examTitle'

  Starting logs for StudentExamIntegrationTest > testGradedStudentExamSummaryWithGradingScaleAsStudentAfterPublishResults()
    23:43:50.505 | 370 ool-1-worker-134 | DEBUG | d.t.c.a.a.c.u.util.UserUtilService   : Generate 2 students...
    23:43:50.510 | 370 ool-1-worker-134 | DEBUG | d.t.c.a.a.c.u.util.UserUtilService   : 2 students generated. Generate 1 tutors...
    23:43:50.513 | 370 ool-1-worker-134 | DEBUG | d.t.c.a.a.c.u.util.UserUtilService   : 1 tutors generated. Generate 0 editors...
    23:43:50.514 | 370 ool-1-worker-134 | DEBUG | d.t.c.a.a.c.u.util.UserUtilService   : 0 editors generated. Generate 2 instructors...
    23:43:50.518 | 370 ool-1-worker-134 | DEBUG | d.t.c.a.a.c.u.util.UserUtilService   : 2 instructors generated
    23:43:50.519 | 370 ool-1-worker-134 | DEBUG | d.t.c.a.a.c.u.util.UserUtilService   : Removing 5 users from all courses...
    23:43:50.520 | 370 ool-1-worker-134 | DEBUG | d.t.c.a.a.c.u.util.UserUtilService   : Removing 5 users from all courses. Done
    23:43:50.523 | 370 ool-1-worker-134 | DEBUG | d.t.c.a.a.c.u.util.UserUtilService   : Save 5 users to database...
    23:43:50.571 | 370 ool-1-worker-134 | DEBUG | d.t.c.a.a.c.u.util.UserUtilService   : Save 5 users to database. Done
    23:43:50.697 | 370 ool-1-worker-134 | INFO  | i.z.t.d.l.EmbeddedDatabaseReporter   : JDBC URL to connect to 'dataSource': url='jdbc:h2:tcp://localhost:41063/mem:736625c0-cf5e-400d-aeaa-8a7eabd6262b;USER=sa', scope='StudentExamIntegrationTest#testGradedStudentExamSummaryWithGradingScaleAsStudentAfterPublishResults'
    23:43:50.741 | 370 ool-1-worker-134 | DEBUG | d.t.c.a.a.c.s.f.ApiVersionFilter     : Adding Version to Request POST /api/courses/578/exams/1089/generate-student-exams
    23:43:50.741 | 370 ool-1-worker-134 | INFO  | d.t.c.a.a.exam.web.ExamResource      : REST request to generate student exams for exam 1089
    23:43:50.748 | 370 ool-1-worker-134 | INFO  | d.t.c.a.a.e.s.ExamDeletionService    : User studexaminstructor1 has requested to delete existing student exams and participations for exam Real exam 1
    23:43:50.749 | 370 ool-1-worker-134 | INFO  | d.t.c.a.a.e.s.ParticipationService   : Request to delete all 0 participations of exercise with id : 2029
    23:43:50.751 | 370 ool-1-worker-134 | INFO  | d.t.c.a.a.e.s.ParticipationService   : Request to delete all 0 participations of exercise with id : 2030
    23:43:50.752 | 370 ool-1-worker-134 | INFO  | d.t.c.a.a.e.s.ParticipationService   : Request to delete all 0 participations of exercise with id : 2032
    23:43:50.754 | 370 ool-1-worker-134 | INFO  | d.t.c.a.a.e.s.ParticipationService   : Request to delete all 0 participations of exercise with id : 2031
    23:43:50.755 | 370 ool-1-worker-134 | INFO  | d.t.c.a.a.e.s.ParticipationService   : Request to delete all 0 participations of exercise with id : 2033
    23:43:50.757 | 370 ool-1-worker-134 | INFO  | d.t.c.a.a.e.s.ParticipationService   : Request to delete all 0 participations of exercise with id : 2034
    23:43:50.758 | 370 ool-1-worker-134 | INFO  | d.t.c.a.a.e.s.ParticipationService   : Request to delete all 0 participations of exercise with id : 2035
    23:43:50.760 | 370 ool-1-worker-134 | INFO  | d.t.c.a.a.e.s.ParticipationService   : Request to delete all 0 participations of exercise with id : 2036
    23:43:50.761 | 370 ool-1-worker-134 | INFO  | d.t.c.a.a.e.s.ParticipationService   : Request to delete all 0 participations of exercise with id : 2037
    23:43:50.762 | 370 ool-1-worker-134 | INFO  | d.t.c.a.a.e.s.ParticipationService   : Request to delete all 0 participations of exercise with id : 2038
    23:43:50.764 | 370 ool-1-worker-134 | INFO  | d.t.c.a.a.e.s.ParticipationService   : Request to delete all 0 participations of exercise with id : 2039
    23:43:50.767 | 370 ool-1-worker-134 | INFO  | d.t.c.a.a.exam.web.ExamResource      : Generated 1 student exams in 25.02ms for exam 1089
    23:43:50.787 | 370 ool-1-worker-134 | DEBUG | d.t.c.a.a.c.s.f.ApiVersionFilter     : Adding Version to Request POST /api/courses/578/exams/1089/student-exams/start-exercises
    23:43:50.793 | 370 ool-1-worker-134 | DEBUG | d.t.c.a.a.exam.service.ExamService   : Finished combination of template commits for programming exercise ProgrammingExercise{id=2039, templateRepositoryUri='https://version-control.fake.fake/git/SHORT8F63C69A0D7DC043810A2F90C2ED9347A244TEC8/short8f63c69a0d7dc043810a2f90c2ed9347a244tec8-exercise.git', solutionRepositoryUri='https://version-control.fake.fake/git/SHORT8F63C69A0D7DC043810A2F90C2ED9347A244TEC8/short8f63c69a0d7dc043810a2f90c2ed9347a244tec8-solution.git', templateBuildPlanId='SHORT8F63C69A0D7DC043810A2F90C2ED9347A244TEC8-BASE', solutionBuildPlanId='SHORT8F63C69A0D7DC043810A2F90C2ED9347A244TEC8-SOLUTION', allowOnlineEditor='null', allowOnlineIde='false', programmingLanguage='JAVA', packageName='de.test'', testCasesChanged='false'}
    23:43:50.793 | 370 ool-1-worker-134 | INFO  | d.t.c.a.a.e.web.StudentExamResource  : REST request to start exercises for student exams of exam 1089
    23:43:50.817 | 932 ol-5702-thread-1 | INFO  | d.t.c.a.a.e.s.StudentExamService     : SUCCESS: Start exercise for student exam 634 and exercise 2029 and student studexamstudent1
    23:43:50.839 | 932 ol-5702-thread-1 | INFO  | d.t.c.a.a.e.s.StudentExamService     : SUCCESS: Start exercise for student exam 634 and exercise 2032 and student studexamstudent1
    23:43:50.847 | 932 ol-5702-thread-1 | INFO  | d.t.c.a.a.e.s.StudentExamService     : SUCCESS: Start exercise for student exam 634 and exercise 2033 and student studexamstudent1
    23:43:50.855 | 932 ol-5702-thread-1 | INFO  | d.t.c.a.a.e.s.StudentExamService     : SUCCESS: Start exercise for student exam 634 and exercise 2035 and student studexamstudent1
    23:43:50.862 | 932 ol-5702-thread-1 | INFO  | d.t.c.a.a.e.s.StudentExamService     : SUCCESS: Start exercise for student exam 634 and exercise 2037 and student studexamstudent1
    23:43:50.878 | 932 ol-5702-thread-1 | INFO  | d.t.c.a.a.e.s.StudentExamService     : SUCCESS: Start exercise for student exam 634 and exercise 2038 and student studexamstudent1
    23:43:50.887 | 932 ol-5702-thread-1 | DEBUG | d.t.c.a.a.p.service.GitService       : Cloning from file:/tmp/exerciseOriginRepo5860563581168749973/ to repos/server-integration-test/studentOriginRepo5112917352438912939
    23:43:50.912 | 932 ol-5702-thread-1 | ERROR | .a.a.p.s.j.b.JenkinsBuildPlanService : Pipeline Script not found
java.lang.IllegalArgumentException: Pipeline Script not found
	at de.tum.cit.aet.artemis.programming.service.jenkins.build_plan.JenkinsBuildPlanUtils.replaceScriptParameters(JenkinsBuildPlanUtils.java:22)
	at de.tum.cit.aet.artemis.programming.service.jenkins.build_plan.JenkinsBuildPlanService.updateBuildPlanURLs(JenkinsBuildPlanService.java:245)
	at de.tum.cit.aet.artemis.programming.service.jenkins.build_plan.JenkinsBuildPlanService.copyBuildPlan(JenkinsBuildPlanService.java:293)
	at de.tum.cit.aet.artemis.programming.service.jenkins.JenkinsService.copyBuildPlan(JenkinsService.java:128)
	at java.base/java.lang.invoke.MethodHandle.invokeWithArguments(MethodHandle.java:733)
	at org.mockito.internal.util.reflection.InstrumentationMemberAccessor$Dispatcher$ByteBuddy$oog9jsgw.invokeWithArguments(Unknown Source)
	at org.mockito.internal.util.reflection.InstrumentationMemberAccessor.invoke(InstrumentationMemberAccessor.java:251)
	at org.mockito.internal.util.reflection.ModuleMemberAccessor.invoke(ModuleMemberAccessor.java:55)
	at org.mockito.internal.creation.bytebuddy.MockMethodAdvice.tryInvoke(MockMethodAdvice.java:314)
	at org.mockito.internal.creation.bytebuddy.MockMethodAdvice$RealMethodCall.invoke(MockMethodAdvice.java:234)
	at org.mockito.internal.invocation.InterceptedInvocation.callRealMethod(InterceptedInvocation.java:142)
	at org.mockito.internal.stubbing.answers.CallsRealMethods.answer(CallsRealMethods.java:45)
	at org.mockito.Answers.answer(Answers.java:90)
	at org.mockito.internal.handler.MockHandlerImpl.handle(MockHandlerImpl.java:111)
	at org.mockito.internal.handler.NullResultGuardian.handle(NullResultGuardian.java:29)
	at org.mockito.internal.handler.InvocationNotifierHandler.handle(InvocationNotifierHandler.java:34)
	at org.mockito.internal.creation.bytebuddy.MockMethodInterceptor.doIntercept(MockMethodInterceptor.java:82)
	at org.mockito.internal.creation.bytebuddy.MockMethodAdvice.handle(MockMethodAdvice.java:134)
	at de.tum.cit.aet.artemis.programming.service.jenkins.JenkinsService.copyBuildPlan(JenkinsService.java:126)
	at de.tum.cit.aet.artemis.exercise.service.ParticipationService.copyBuildPlan(ParticipationService.java:518)
	at de.tum.cit.aet.artemis.exercise.service.ParticipationService.startProgrammingParticipation(ParticipationService.java:296)
	at de.tum.cit.aet.artemis.exercise.service.ParticipationService.startProgrammingExercise(ParticipationService.java:265)
	at de.tum.cit.aet.artemis.exercise.service.ParticipationService.startExerciseWithInitializationDate(ParticipationService.java:192)
	at de.tum.cit.aet.artemis.exercise.service.ParticipationService.startExercise(ParticipationService.java:151)
	at de.tum.cit.aet.artemis.exam.service.StudentExamService.setUpExerciseParticipationsAndSubmissionsWithInitializationDate(StudentExamService.java:686)
	at de.tum.cit.aet.artemis.exam.service.StudentExamService.setUpExerciseParticipationsAndSubmissions(StudentExamService.java:800)
	at de.tum.cit.aet.artemis.exam.service.StudentExamService.lambda$startExercises$15(StudentExamService.java:735)
	at java.base/java.util.concurrent.CompletableFuture$AsyncRun.run(CompletableFuture.java:1804)
	at java.base/java.util.concurrent.ThreadPoolExecutor.runWorker(ThreadPoolExecutor.java:1144)
	at java.base/java.util.concurrent.ThreadPoolExecutor$Worker.run(ThreadPoolExecutor.java:642)
	at java.base/java.lang.Thread.run(Thread.java:1583)
    23:43:50.925 | 932 ol-5702-thread-1 | ERROR | .a.a.p.s.j.b.JenkinsBuildPlanService : Pipeline Script not found
java.lang.IllegalArgumentException: Pipeline Script not found
	at de.tum.cit.aet.artemis.programming.service.jenkins.build_plan.JenkinsBuildPlanUtils.replaceScriptParameters(JenkinsBuildPlanUtils.java:29)
	at de.tum.cit.aet.artemis.programming.service.jenkins.build_plan.JenkinsBuildPlanService.updateBuildPlanRepositories(JenkinsBuildPlanService.java:219)
	at de.tum.cit.aet.artemis.programming.service.jenkins.build_plan.JenkinsBuildPlanService.configureBuildPlanForParticipation(JenkinsBuildPlanService.java:196)
	at de.tum.cit.aet.artemis.programming.service.jenkins.JenkinsService.configureBuildPlan(JenkinsService.java:138)
	at java.base/java.lang.invoke.MethodHandle.invokeWithArguments(MethodHandle.java:733)
	at org.mockito.internal.util.reflection.InstrumentationMemberAccessor$Dispatcher$ByteBuddy$oog9jsgw.invokeWithArguments(Unknown Source)
	at org.mockito.internal.util.reflection.InstrumentationMemberAccessor.invoke(InstrumentationMemberAccessor.java:251)
	at org.mockito.internal.util.reflection.ModuleMemberAccessor.invoke(ModuleMemberAccessor.java:55)
	at org.mockito.internal.creation.bytebuddy.MockMethodAdvice.tryInvoke(MockMethodAdvice.java:314)
	at org.mockito.internal.creation.bytebuddy.MockMethodAdvice$RealMethodCall.invoke(MockMethodAdvice.java:234)
	at org.mockito.internal.invocation.InterceptedInvocation.callRealMethod(InterceptedInvocation.java:142)
	at org.mockito.internal.stubbing.answers.CallsRealMethods.answer(CallsRealMethods.java:45)
	at org.mockito.Answers.answer(Answers.java:90)
	at org.mockito.internal.handler.MockHandlerImpl.handle(MockHandlerImpl.java:111)
	at org.mockito.internal.handler.NullResultGuardian.handle(NullResultGuardian.java:29)
	at org.mockito.internal.handler.InvocationNotifierHandler.handle(InvocationNotifierHandler.java:34)
	at org.mockito.internal.creation.bytebuddy.MockMethodInterceptor.doIntercept(MockMethodInterceptor.java:82)
	at org.mockito.internal.creation.bytebuddy.MockMethodAdvice.handle(MockMethodAdvice.java:134)
	at de.tum.cit.aet.artemis.programming.service.jenkins.JenkinsService.configureBuildPlan(JenkinsService.java:138)
	at de.tum.cit.aet.artemis.exercise.service.ParticipationService.configureBuildPlan(ParticipationService.java:532)
	at de.tum.cit.aet.artemis.exercise.service.ParticipationService.startProgrammingParticipation(ParticipationService.java:298)
	at de.tum.cit.aet.artemis.exercise.service.ParticipationService.startProgrammingExercise(ParticipationService.java:265)
	at de.tum.cit.aet.artemis.exercise.service.ParticipationService.startExerciseWithInitializationDate(ParticipationService.java:192)
	at de.tum.cit.aet.artemis.exercise.service.ParticipationService.startExercise(ParticipationService.java:151)
	at de.tum.cit.aet.artemis.exam.service.StudentExamService.setUpExerciseParticipationsAndSubmissionsWithInitializationDate(StudentExamService.java:686)
	at de.tum.cit.aet.artemis.exam.service.StudentExamService.setUpExerciseParticipationsAndSubmissions(StudentExamService.java:800)
	at de.tum.cit.aet.artemis.exam.service.StudentExamService.lambda$startExercises$15(StudentExamService.java:735)
	at java.base/java.util.concurrent.CompletableFuture$AsyncRun.run(CompletableFuture.java:1804)
	at java.base/java.util.concurrent.ThreadPoolExecutor.runWorker(ThreadPoolExecutor.java:1144)
	at java.base/java.util.concurrent.ThreadPoolExecutor$Worker.run(ThreadPoolExecutor.java:642)
	at java.base/java.lang.Thread.run(Thread.java:1583)
    23:43:50.932 | 932 ol-5702-thread-1 | INFO  | d.t.c.a.a.e.s.StudentExamService     : SUCCESS: Start exercise for student exam 634 and exercise 2039 and student studexamstudent1
    23:43:50.933 | 370 ool-1-worker-134 | INFO  | d.t.c.a.a.e.web.StudentExamResource  : Generated 7 participations in 145.71ms for student exams of exam 1089
    23:43:50.935 | 370 ool-1-worker-134 | DEBUG | d.t.c.a.a.c.s.f.ApiVersionFilter     : Adding Version to Request GET /api/courses/578/exams/1089/student-exams/start-exercises/status
    23:43:50.944 | 370 ool-1-worker-134 | DEBUG | d.t.c.a.a.c.s.f.ApiVersionFilter     : Adding Version to Request GET /api/courses/578/exams/1089/student-exams/634/conduction
    23:43:50.946 | 370 ool-1-worker-134 | DEBUG | d.t.c.a.a.e.web.StudentExamResource  : REST request to get the student exam of user studexamstudent1 for exam 1089
    23:43:50.959 | 370 ool-1-worker-134 | DEBUG | d.t.c.a.a.e.s.ExamSessionService     : Exam session started
    23:43:50.960 | 370 ool-1-worker-134 | INFO  | d.t.c.a.a.e.web.StudentExamResource  : getStudentExamForConduction done in 15ms for 7 exercises for user studexamstudent1
    23:43:50.967 | 370 ool-1-worker-134 | DEBUG | d.t.c.a.a.c.s.f.ApiVersionFilter     : Adding Version to Request PUT /api/exercises/2029/text-submissions
    23:43:50.968 | 370 ool-1-worker-134 | DEBUG | d.t.c.a.a.t.w.TextSubmissionResource : REST request to update text submission: TextSubmission{id=883, text='New Text', language='null'}
    23:43:50.994 | 370 ool-1-worker-134 | INFO  | d.t.c.a.a.t.w.TextSubmissionResource : handleTextSubmission took 26ms for exercise 2029 and user studexamstudent1
    23:43:51.004 | 370 ool-1-worker-134 | DEBUG | d.t.c.a.a.c.s.f.ApiVersionFilter     : Adding Version to Request PUT /api/exercises/2032/submissions/exam
    23:43:51.013 | 370 ool-1-worker-134 | DEBUG | d.t.c.a.a.q.w.QuizSubmissionResource : REST request to submit QuizSubmission for exam : QuizSubmission{id=884, scoreInPoints='null'}
    23:43:51.035 | 370 ool-1-worker-134 | DEBUG | .a.q.s.AbstractQuizSubmissionService : submit exam quiz finished: QuizSubmission{id=884, scoreInPoints='null'}
    23:43:51.035 | 370 ool-1-worker-134 | INFO  | d.t.c.a.a.q.w.QuizSubmissionResource : submitQuizForExam took 22ms for exercise 2032 and user studexamstudent1
    23:43:51.047 | 370 ool-1-worker-134 | DEBUG | d.t.c.a.a.c.s.f.ApiVersionFilter     : Adding Version to Request PUT /api/exercises/2035/modeling-submissions
    23:43:51.085 | 370 ool-1-worker-134 | INFO  | c.a.a.m.w.ModelingSubmissionResource : save took 37ms for exercise 2035 and user studexamstudent1
    23:43:51.093 | 370 ool-1-worker-134 | DEBUG | d.t.c.a.a.c.s.f.ApiVersionFilter     : Adding Version to Request PUT /api/exercises/2037/text-submissions
    23:43:51.099 | 370 ool-1-worker-134 | DEBUG | d.t.c.a.a.t.w.TextSubmissionResource : REST request to update text submission: TextSubmission{id=887, text='New Text', language='null'}
    23:43:51.115 | 370 ool-1-worker-134 | INFO  | d.t.c.a.a.t.w.TextSubmissionResource : handleTextSubmission took 16ms for exercise 2037 and user studexamstudent1
    23:43:51.121 | 370 ool-1-worker-134 | DEBUG | d.t.c.a.a.c.s.f.ApiVersionFilter     : Adding Version to Request PUT /api/exercises/2038/text-submissions
    23:43:51.121 | 370 ool-1-worker-134 | DEBUG | d.t.c.a.a.t.w.TextSubmissionResource : REST request to update text submission: TextSubmission{id=888, text='New Text', language='null'}
    23:43:51.148 | 370 ool-1-worker-134 | INFO  | d.t.c.a.a.t.w.TextSubmissionResource : handleTextSubmission took 27ms for exercise 2038 and user studexamstudent1
    23:43:51.155 | 370 ool-1-worker-134 | DEBUG | d.t.c.a.a.c.s.f.ApiVersionFilter     : Adding Version to Request POST /api/programming-submissions/1370/trigger-build
    23:43:51.167 | 370 ool-1-worker-134 | DEBUG | d.t.c.a.a.c.s.f.ApiVersionFilter     : Adding Version to Request POST /api/courses/578/exams/1089/student-exams/submit
    23:43:51.170 | 370 ool-1-worker-134 | DEBUG | d.t.c.a.a.e.web.StudentExamResource  : REST request to mark the studentExam as submitted : 634
    23:43:51.173 | 370 ool-1-worker-134 | DEBUG | d.t.c.a.a.e.web.StudentExamResource  : Completed input validation for submitStudentExam in 2.87ms
    23:43:51.173 | 370 ool-1-worker-134 | DEBUG | d.t.c.a.a.e.s.StudentExamService     : Submit student exam with id 634
    23:43:51.174 | 370 ool-1-worker-134 | DEBUG | d.t.c.a.a.e.s.StudentExamService     :     Set student exam to submitted in 719µs
    23:43:51.177 | 370 ool-1-worker-134 | DEBUG | d.t.c.a.a.e.s.StudentExamService     :     Potentially save submissions in 3.25ms
    23:43:51.177 | 370 ool-1-worker-134 | DEBUG | d.t.c.a.a.e.s.StudentExamService     :     Lock student repositories in 28µs
    23:43:51.177 | 370 ool-1-worker-134 | INFO  | d.t.c.a.a.e.web.StudentExamResource  : Completed submitStudentExam with 7 exercises for user studexamstudent1 in a total time of 7.06ms
    23:43:51.179 | 370 ool-1-worker-134 | DEBUG | d.t.c.a.a.c.s.f.ApiVersionFilter     : Adding Version to Request GET /api/courses/578/exams/1089/student-exams/634/summary
    23:43:51.180 | 370 ool-1-worker-134 | DEBUG | d.t.c.a.a.e.web.StudentExamResource  : REST request to get the student exam of user studexamstudent1 for exam 1089
    23:43:51.189 | 370 ool-1-worker-134 | INFO  | d.t.c.a.a.e.web.StudentExamResource  : getStudentExamForSummary done in 10ms for 7 exercises for user studexamstudent1
    23:43:51.195 | 370 ool-1-worker-134 | DEBUG | .c.s.m.InstanceMessageReceiveService : Received schedule participant score for exercise 2029 and participant 671 (result to be deleted: null)
    23:43:51.195 | 370 ool-1-worker-134 | DEBUG | .a.s.ParticipantScoreScheduleService : Scheduled task for exercise 2029 and participant 671 at 2025-02-14T23:43:51.295758075Z[Etc/UTC].
    23:43:51.200 | 370 ool-1-worker-134 | DEBUG | .c.s.m.InstanceMessageReceiveService : Received schedule participant score for exercise 2029 and participant 671 (result to be deleted: null)
    23:43:51.200 | 370 ool-1-worker-134 | DEBUG | .a.s.ParticipantScoreScheduleService : Scheduled task for exercise 2029 and participant 671 at 2025-02-14T23:43:51.300174542Z[Etc/UTC].
    23:43:51.200 | 370 ool-1-worker-134 | DEBUG | .c.s.m.InstanceMessageReceiveService : Received schedule participant score for exercise 2033 and participant 671 (result to be deleted: null)
    23:43:51.200 | 370 ool-1-worker-134 | DEBUG | .a.s.ParticipantScoreScheduleService : Scheduled task for exercise 2033 and participant 671 at 2025-02-14T23:43:51.300804236Z[Etc/UTC].
    23:43:51.204 | 370 ool-1-worker-134 | DEBUG | .c.s.m.InstanceMessageReceiveService : Received schedule participant score for exercise 2033 and participant 671 (result to be deleted: null)
    23:43:51.204 | 370 ool-1-worker-134 | DEBUG | .a.s.ParticipantScoreScheduleService : Scheduled task for exercise 2033 and participant 671 at 2025-02-14T23:43:51.304795048Z[Etc/UTC].
    23:43:51.205 | 370 ool-1-worker-134 | DEBUG | .c.s.m.InstanceMessageReceiveService : Received schedule participant score for exercise 2035 and participant 671 (result to be deleted: null)
    23:43:51.205 | 370 ool-1-worker-134 | DEBUG | .a.s.ParticipantScoreScheduleService : Scheduled task for exercise 2035 and participant 671 at 2025-02-14T23:43:51.305637687Z[Etc/UTC].
    23:43:51.209 | 370 ool-1-worker-134 | DEBUG | .c.s.m.InstanceMessageReceiveService : Received schedule participant score for exercise 2035 and participant 671 (result to be deleted: null)
    23:43:51.209 | 370 ool-1-worker-134 | DEBUG | .a.s.ParticipantScoreScheduleService : Scheduled task for exercise 2035 and participant 671 at 2025-02-14T23:43:51.309278998Z[Etc/UTC].
    23:43:51.209 | 370 ool-1-worker-134 | DEBUG | .c.s.m.InstanceMessageReceiveService : Received schedule participant score for exercise 2037 and participant 671 (result to be deleted: null)
    23:43:51.209 | 370 ool-1-worker-134 | DEBUG | .a.s.ParticipantScoreScheduleService : Scheduled task for exercise 2037 and participant 671 at 2025-02-14T23:43:51.309818324Z[Etc/UTC].
    23:43:51.213 | 370 ool-1-worker-134 | DEBUG | .c.s.m.InstanceMessageReceiveService : Received schedule participant score for exercise 2037 and participant 671 (result to be deleted: null)
    23:43:51.213 | 370 ool-1-worker-134 | DEBUG | .a.s.ParticipantScoreScheduleService : Scheduled task for exercise 2037 and participant 671 at 2025-02-14T23:43:51.313354839Z[Etc/UTC].
    23:43:51.213 | 370 ool-1-worker-134 | DEBUG | .c.s.m.InstanceMessageReceiveService : Received schedule participant score for exercise 2038 and participant 671 (result to be deleted: null)
    23:43:51.213 | 370 ool-1-worker-134 | DEBUG | .a.s.ParticipantScoreScheduleService : Scheduled task for exercise 2038 and participant 671 at 2025-02-14T23:43:51.313908581Z[Etc/UTC].
    23:43:51.218 | 370 ool-1-worker-134 | DEBUG | .c.s.m.InstanceMessageReceiveService : Received schedule participant score for exercise 2038 and participant 671 (result to be deleted: null)
    23:43:51.218 | 370 ool-1-worker-134 | DEBUG | .a.s.ParticipantScoreScheduleService : Scheduled task for exercise 2038 and participant 671 at 2025-02-14T23:43:51.318268752Z[Etc/UTC].
    23:43:51.218 | 370 ool-1-worker-134 | DEBUG | .c.s.m.InstanceMessageReceiveService : Received schedule participant score for exercise 2039 and participant 671 (result to be deleted: null)
    23:43:51.218 | 370 ool-1-worker-134 | DEBUG | .a.s.ParticipantScoreScheduleService : Scheduled task for exercise 2039 and participant 671 at 2025-02-14T23:43:51.318821924Z[Etc/UTC].
    23:43:51.223 | 370 ool-1-worker-134 | DEBUG | .c.s.m.InstanceMessageReceiveService : Received schedule participant score for exercise 2039 and participant 671 (result to be deleted: null)
    23:43:51.223 | 370 ool-1-worker-134 | DEBUG | .a.s.ParticipantScoreScheduleService : Scheduled task for exercise 2039 and participant 671 at 2025-02-14T23:43:51.323111313Z[Etc/UTC].
    23:43:51.224 | 370 ool-1-worker-134 | DEBUG | d.t.c.a.a.c.s.f.ApiVersionFilter     : Adding Version to Request POST /api/courses/578/exams/1089/student-exams/evaluate-quiz-exercises
    23:43:51.225 | 370 ool-1-worker-134 | INFO  | d.t.c.a.a.exam.web.ExamResource      : REST request to evaluate quiz exercises of exam 1089
    23:43:51.229 | 370 ool-1-worker-134 | DEBUG | d.t.c.a.a.exam.service.ExamService   : Evaluating 2 quiz exercises in exam 1089
    23:43:51.229 | 370 ool-1-worker-134 | INFO  | d.t.c.a.a.q.s.QuizResultService      : Starting quiz evaluation for quiz 2032
    23:43:51.240 | 370 ool-1-worker-134 | DEBUG | .c.s.m.InstanceMessageReceiveService : Received schedule participant score for exercise 2032 and participant 671 (result to be deleted: null)
    23:43:51.240 | 370 ool-1-worker-134 | DEBUG | .a.s.ParticipantScoreScheduleService : Scheduled task for exercise 2032 and participant 671 at 2025-02-14T23:43:51.340655461Z[Etc/UTC].
    23:43:51.264 | 370 ool-1-worker-134 | DEBUG | .c.s.m.InstanceMessageReceiveService : Received schedule participant score for exercise 2032 and participant 671 (result to be deleted: null)
    23:43:51.264 | 370 ool-1-worker-134 | DEBUG | .a.s.ParticipantScoreScheduleService : Scheduled task for exercise 2032 and participant 671 at 2025-02-14T23:43:51.364851363Z[Etc/UTC].
    23:43:51.265 | 370 ool-1-worker-134 | INFO  | d.t.c.a.a.q.s.QuizResultService      : Quiz evaluation for quiz 2032 finished after 36.08ms with 1 created results
    23:43:51.265 | 370 ool-1-worker-134 | DEBUG | d.t.c.a.a.q.s.QuizStatisticService   : update statistics with 1 new results
    23:43:51.267 | 370 ool-1-worker-134 | INFO  | d.t.c.a.a.q.s.QuizResultService      : Statistic update for quiz 2032 finished after 38.56ms
    23:43:51.267 | 370 ool-1-worker-134 | INFO  | d.t.c.a.a.q.s.QuizResultService      : Starting quiz evaluation for quiz 2031
    23:43:51.271 | 370 ool-1-worker-134 | INFO  | d.t.c.a.a.q.s.QuizResultService      : Quiz evaluation for quiz 2031 finished after 3.90ms with 0 created results
    23:43:51.271 | 370 ool-1-worker-134 | DEBUG | d.t.c.a.a.q.s.QuizStatisticService   : update statistics with 0 new results
    23:43:51.272 | 370 ool-1-worker-134 | INFO  | d.t.c.a.a.q.s.QuizResultService      : Statistic update for quiz 2031 finished after 4.99ms
    23:43:51.272 | 370 ool-1-worker-134 | DEBUG | d.t.c.a.a.exam.service.ExamService   : Evaluated 2 quiz exercises in exam 1089 in 43.61ms
    23:43:51.272 | 370 ool-1-worker-134 | INFO  | d.t.c.a.a.exam.web.ExamResource      : Evaluated 2 quiz exercises of exam 1089
    23:43:51.277 | 370 ool-1-worker-134 | DEBUG | d.t.c.a.a.c.s.f.ApiVersionFilter     : Adding Version to Request GET /api/courses/578/exams/1089/student-exams/634/grade-summary
    23:43:51.278 | 370 ool-1-worker-134 | DEBUG | d.t.c.a.a.e.web.StudentExamResource  : REST request to get the student exam grades of user with id null for exam 1089 by user studexamstudent1
    23:43:51.289 | 370 ool-1-worker-134 | INFO  | d.t.c.a.a.e.web.StudentExamResource  : getStudentExamGradesForSummary done in 12ms for 7 exercises for target user studexamstudent1 by caller user studexamstudent1
    23:43:51.297 | 370 ool-1-worker-134 | DEBUG | d.t.c.a.a.c.s.f.ApiVersionFilter     : Adding Version to Request GET /api/courses/578/exams/1089/student-exams/634/conduction
    23:43:51.299 | 370 ool-1-worker-134 | DEBUG | d.t.c.a.a.e.web.StudentExamResource  : REST request to get the student exam of user studexamstudent1 for exam 1089
    23:43:51.300 | 329 taskScheduler-4  | DEBUG | .a.s.ParticipantScoreScheduleService : Processing exercise 2029 and participant 671 to update participant scores.
    23:43:51.305 | 326 taskScheduler-1  | DEBUG | .a.s.ParticipantScoreScheduleService : Processing exercise 2033 and participant 671 to update participant scores.
    23:43:51.306 | 370 ool-1-worker-134 | DEBUG | d.t.c.a.a.e.s.ExamSessionService     : Exam session started
    23:43:51.307 | 370 ool-1-worker-134 | INFO  | d.t.c.a.a.e.web.StudentExamResource  : getStudentExamForConduction done in 9ms for 7 exercises for user studexamstudent1
    23:43:51.309 | 327 taskScheduler-2  | DEBUG | .a.s.ParticipantScoreScheduleService : Processing exercise 2035 and participant 671 to update participant scores.
    23:43:51.313 | 328 taskScheduler-3  | DEBUG | .a.s.ParticipantScoreScheduleService : Processing exercise 2037 and participant 671 to update participant scores.
    23:43:51.314 | 329 taskScheduler-4  | DEBUG | .a.s.ParticipantScoreScheduleService : Updating the participant score for exercise 2029 and participant 671 took 14 ms.
    23:43:51.318 | 326 taskScheduler-1  | DEBUG | .a.s.ParticipantScoreScheduleService : Updating the participant score for exercise 2033 and participant 671 took 13 ms.
    23:43:51.318 | 329 taskScheduler-4  | DEBUG | .a.s.ParticipantScoreScheduleService : Processing exercise 2038 and participant 671 to update participant scores.
    23:43:51.320 | 328 taskScheduler-3  | DEBUG | .a.s.ParticipantScoreScheduleService : Updating the participant score for exercise 2037 and participant 671 took 7 ms.
    23:43:51.322 | 370 ool-1-worker-134 | DEBUG | d.t.c.a.a.c.s.f.ApiVersionFilter     : Adding Version to Request DELETE /api/courses/575/exams/1084
    23:43:51.322 | 327 taskScheduler-2  | DEBUG | .a.s.ParticipantScoreScheduleService : Updating the participant score for exercise 2035 and participant 671 took 13 ms.
    23:43:51.323 | 370 ool-1-worker-134 | INFO  | d.t.c.a.a.exam.web.ExamResource      : REST request to delete exam : 1084
    23:43:51.325 | 326 taskScheduler-1  | DEBUG | .a.s.ParticipantScoreScheduleService : Processing exercise 2039 and participant 671 to update participant scores.
    23:43:51.330 | 370 ool-1-worker-134 | INFO  | d.t.c.a.a.e.s.ExamDeletionService    : User studexaminstructor1 has requested to delete the exam Real exam 1
    23:43:51.331 | 329 taskScheduler-4  | DEBUG | .a.s.ParticipantScoreScheduleService : Updating the participant score for exercise 2038 and participant 671 took 13 ms.
    23:43:51.332 | 326 taskScheduler-1  | DEBUG | .a.s.ParticipantScoreScheduleService : Updating the participant score for exercise 2039 and participant 671 took 7 ms.
    23:43:51.336 | 370 ool-1-worker-134 | INFO  | .c.a.a.c.s.TitleCacheEvictionService : Evicted entry '1084' from title cache 'examTitle'

  Starting logs for StudentExamIntegrationTest > testSubmitAndUnSubmitStudentExamAfterExamIsOver()
    23:43:51.371 | 370 ool-1-worker-134 | DEBUG | d.t.c.a.a.c.u.util.UserUtilService   : Generate 2 students...
    23:43:51.374 | 370 ool-1-worker-134 | DEBUG | d.t.c.a.a.c.u.util.UserUtilService   : 2 students generated. Generate 1 tutors...
    23:43:51.377 | 370 ool-1-worker-134 | DEBUG | d.t.c.a.a.c.u.util.UserUtilService   : 1 tutors generated. Generate 0 editors...
    23:43:51.378 | 370 ool-1-worker-134 | DEBUG | d.t.c.a.a.c.u.util.UserUtilService   : 0 editors generated. Generate 2 instructors...
    23:43:51.382 | 370 ool-1-worker-134 | DEBUG | d.t.c.a.a.c.u.util.UserUtilService   : 2 instructors generated
    23:43:51.383 | 370 ool-1-worker-134 | DEBUG | d.t.c.a.a.c.u.util.UserUtilService   : Removing 5 users from all courses...
    23:43:51.383 | 370 ool-1-worker-134 | DEBUG | d.t.c.a.a.c.u.util.UserUtilService   : Removing 5 users from all courses. Done
    23:43:51.383 | 370 ool-1-worker-134 | DEBUG | d.t.c.a.a.c.u.util.UserUtilService   : Save 5 users to database...
    23:43:51.399 | 370 ool-1-worker-134 | DEBUG | d.t.c.a.a.c.u.util.UserUtilService   : Save 5 users to database. Done
    23:43:51.486 | 370 ool-1-worker-134 | INFO  | i.z.t.d.l.EmbeddedDatabaseReporter   : JDBC URL to connect to 'dataSource': url='jdbc:h2:tcp://localhost:41063/mem:736625c0-cf5e-400d-aeaa-8a7eabd6262b;USER=sa', scope='StudentExamIntegrationTest#testSubmitAndUnSubmitStudentExamAfterExamIsOver'
    23:43:51.530 | 370 ool-1-worker-134 | DEBUG | d.t.c.a.a.c.s.f.ApiVersionFilter     : Adding Version to Request POST /api/courses/582/exams/1095/generate-student-exams
    23:43:51.531 | 370 ool-1-worker-134 | INFO  | d.t.c.a.a.exam.web.ExamResource      : REST request to generate student exams for exam 1095
    23:43:51.537 | 370 ool-1-worker-134 | INFO  | d.t.c.a.a.e.s.ExamDeletionService    : User studexaminstructor1 has requested to delete existing student exams and participations for exam Real exam 1
    23:43:51.538 | 370 ool-1-worker-134 | INFO  | d.t.c.a.a.e.s.ParticipationService   : Request to delete all 0 participations of exercise with id : 2050
    23:43:51.540 | 370 ool-1-worker-134 | INFO  | d.t.c.a.a.e.s.ParticipationService   : Request to delete all 0 participations of exercise with id : 2051
    23:43:51.541 | 370 ool-1-worker-134 | INFO  | d.t.c.a.a.e.s.ParticipationService   : Request to delete all 0 participations of exercise with id : 2052
    23:43:51.542 | 370 ool-1-worker-134 | INFO  | d.t.c.a.a.e.s.ParticipationService   : Request to delete all 0 participations of exercise with id : 2053
    23:43:51.543 | 370 ool-1-worker-134 | INFO  | d.t.c.a.a.e.s.ParticipationService   : Request to delete all 0 participations of exercise with id : 2054
    23:43:51.544 | 370 ool-1-worker-134 | INFO  | d.t.c.a.a.e.s.ParticipationService   : Request to delete all 0 participations of exercise with id : 2055
    23:43:51.545 | 370 ool-1-worker-134 | INFO  | d.t.c.a.a.e.s.ParticipationService   : Request to delete all 0 participations of exercise with id : 2056
    23:43:51.546 | 370 ool-1-worker-134 | INFO  | d.t.c.a.a.e.s.ParticipationService   : Request to delete all 0 participations of exercise with id : 2057
    23:43:51.547 | 370 ool-1-worker-134 | INFO  | d.t.c.a.a.e.s.ParticipationService   : Request to delete all 0 participations of exercise with id : 2058
    23:43:51.548 | 370 ool-1-worker-134 | INFO  | d.t.c.a.a.e.s.ParticipationService   : Request to delete all 0 participations of exercise with id : 2059
    23:43:51.549 | 370 ool-1-worker-134 | INFO  | d.t.c.a.a.e.s.ParticipationService   : Request to delete all 0 participations of exercise with id : 2060
    23:43:51.552 | 370 ool-1-worker-134 | INFO  | d.t.c.a.a.exam.web.ExamResource      : Generated 1 student exams in 20.85ms for exam 1095
    23:43:51.554 | 059 pool-4-thread-2  | INFO  | d.t.c.a.a.p.s.gitlab.GitLabService   : Protecting branch main for Gitlab repository SHORTF399EB2F08FAF045AE098380260FFB945EA7TA49/shortf399eb2f08faf045ae098380260ffb945ea7ta49-studexamstudent1
    23:43:51.610 | 370 ool-1-worker-134 | DEBUG | d.t.c.a.a.c.s.f.ApiVersionFilter     : Adding Version to Request POST /api/courses/582/exams/1095/student-exams/start-exercises
    23:43:51.617 | 370 ool-1-worker-134 | DEBUG | d.t.c.a.a.exam.service.ExamService   : Finished combination of template commits for programming exercise ProgrammingExercise{id=2060, templateRepositoryUri='https://version-control.fake.fake/git/SHORTBC276B940427C046A00AC440E4CFB5F67D55T1A0/shortbc276b940427c046a00ac440e4cfb5f67d55t1a0-exercise.git', solutionRepositoryUri='https://version-control.fake.fake/git/SHORTBC276B940427C046A00AC440E4CFB5F67D55T1A0/shortbc276b940427c046a00ac440e4cfb5f67d55t1a0-solution.git', templateBuildPlanId='SHORTBC276B940427C046A00AC440E4CFB5F67D55T1A0-BASE', solutionBuildPlanId='SHORTBC276B940427C046A00AC440E4CFB5F67D55T1A0-SOLUTION', allowOnlineEditor='null', allowOnlineIde='false', programmingLanguage='JAVA', packageName='de.test'', testCasesChanged='false'}
    23:43:51.617 | 370 ool-1-worker-134 | INFO  | d.t.c.a.a.e.web.StudentExamResource  : REST request to start exercises for student exams of exam 1095
    23:43:51.628 | 937 ol-5917-thread-1 | INFO  | d.t.c.a.a.e.s.StudentExamService     : SUCCESS: Start exercise for student exam 640 and exercise 2050 and student studexamstudent1
    23:43:51.640 | 937 ol-5917-thread-1 | INFO  | d.t.c.a.a.e.s.StudentExamService     : SUCCESS: Start exercise for student exam 640 and exercise 2053 and student studexamstudent1
    23:43:51.648 | 937 ol-5917-thread-1 | INFO  | d.t.c.a.a.e.s.StudentExamService     : SUCCESS: Start exercise for student exam 640 and exercise 2054 and student studexamstudent1
    23:43:51.655 | 937 ol-5917-thread-1 | INFO  | d.t.c.a.a.e.s.StudentExamService     : SUCCESS: Start exercise for student exam 640 and exercise 2056 and student studexamstudent1
    23:43:51.662 | 937 ol-5917-thread-1 | INFO  | d.t.c.a.a.e.s.StudentExamService     : SUCCESS: Start exercise for student exam 640 and exercise 2058 and student studexamstudent1
    23:43:51.669 | 937 ol-5917-thread-1 | INFO  | d.t.c.a.a.e.s.StudentExamService     : SUCCESS: Start exercise for student exam 640 and exercise 2059 and student studexamstudent1
    23:43:51.675 | 937 ol-5917-thread-1 | DEBUG | d.t.c.a.a.p.service.GitService       : Cloning from file:/tmp/exerciseOriginRepo14793961829923728582/ to repos/server-integration-test/studentOriginRepo2829232300133877952
    23:43:51.692 | 937 ol-5917-thread-1 | ERROR | .a.a.p.s.j.b.JenkinsBuildPlanService : Pipeline Script not found
java.lang.IllegalArgumentException: Pipeline Script not found
	at de.tum.cit.aet.artemis.programming.service.jenkins.build_plan.JenkinsBuildPlanUtils.replaceScriptParameters(JenkinsBuildPlanUtils.java:22)
	at de.tum.cit.aet.artemis.programming.service.jenkins.build_plan.JenkinsBuildPlanService.updateBuildPlanURLs(JenkinsBuildPlanService.java:245)
	at de.tum.cit.aet.artemis.programming.service.jenkins.build_plan.JenkinsBuildPlanService.copyBuildPlan(JenkinsBuildPlanService.java:293)
	at de.tum.cit.aet.artemis.programming.service.jenkins.JenkinsService.copyBuildPlan(JenkinsService.java:128)
	at java.base/java.lang.invoke.MethodHandle.invokeWithArguments(MethodHandle.java:733)
	at org.mockito.internal.util.reflection.InstrumentationMemberAccessor$Dispatcher$ByteBuddy$oog9jsgw.invokeWithArguments(Unknown Source)
	at org.mockito.internal.util.reflection.InstrumentationMemberAccessor.invoke(InstrumentationMemberAccessor.java:251)
	at org.mockito.internal.util.reflection.ModuleMemberAccessor.invoke(ModuleMemberAccessor.java:55)
	at org.mockito.internal.creation.bytebuddy.MockMethodAdvice.tryInvoke(MockMethodAdvice.java:314)
	at org.mockito.internal.creation.bytebuddy.MockMethodAdvice$RealMethodCall.invoke(MockMethodAdvice.java:234)
	at org.mockito.internal.invocation.InterceptedInvocation.callRealMethod(InterceptedInvocation.java:142)
	at org.mockito.internal.stubbing.answers.CallsRealMethods.answer(CallsRealMethods.java:45)
	at org.mockito.Answers.answer(Answers.java:90)
	at org.mockito.internal.handler.MockHandlerImpl.handle(MockHandlerImpl.java:111)
	at org.mockito.internal.handler.NullResultGuardian.handle(NullResultGuardian.java:29)
	at org.mockito.internal.handler.InvocationNotifierHandler.handle(InvocationNotifierHandler.java:34)
	at org.mockito.internal.creation.bytebuddy.MockMethodInterceptor.doIntercept(MockMethodInterceptor.java:82)
	at org.mockito.internal.creation.bytebuddy.MockMethodAdvice.handle(MockMethodAdvice.java:134)
	at de.tum.cit.aet.artemis.programming.service.jenkins.JenkinsService.copyBuildPlan(JenkinsService.java:126)
	at de.tum.cit.aet.artemis.exercise.service.ParticipationService.copyBuildPlan(ParticipationService.java:518)
	at de.tum.cit.aet.artemis.exercise.service.ParticipationService.startProgrammingParticipation(ParticipationService.java:296)
	at de.tum.cit.aet.artemis.exercise.service.ParticipationService.startProgrammingExercise(ParticipationService.java:265)
	at de.tum.cit.aet.artemis.exercise.service.ParticipationService.startExerciseWithInitializationDate(ParticipationService.java:192)
	at de.tum.cit.aet.artemis.exercise.service.ParticipationService.startExercise(ParticipationService.java:151)
	at de.tum.cit.aet.artemis.exam.service.StudentExamService.setUpExerciseParticipationsAndSubmissionsWithInitializationDate(StudentExamService.java:686)
	at de.tum.cit.aet.artemis.exam.service.StudentExamService.setUpExerciseParticipationsAndSubmissions(StudentExamService.java:800)
	at de.tum.cit.aet.artemis.exam.service.StudentExamService.lambda$startExercises$15(StudentExamService.java:735)
	at java.base/java.util.concurrent.CompletableFuture$AsyncRun.run(CompletableFuture.java:1804)
	at java.base/java.util.concurrent.ThreadPoolExecutor.runWorker(ThreadPoolExecutor.java:1144)
	at java.base/java.util.concurrent.ThreadPoolExecutor$Worker.run(ThreadPoolExecutor.java:642)
	at java.base/java.lang.Thread.run(Thread.java:1583)
    23:43:51.699 | 937 ol-5917-thread-1 | ERROR | .a.a.p.s.j.b.JenkinsBuildPlanService : Pipeline Script not found
java.lang.IllegalArgumentException: Pipeline Script not found
	at de.tum.cit.aet.artemis.programming.service.jenkins.build_plan.JenkinsBuildPlanUtils.replaceScriptParameters(JenkinsBuildPlanUtils.java:29)
	at de.tum.cit.aet.artemis.programming.service.jenkins.build_plan.JenkinsBuildPlanService.updateBuildPlanRepositories(JenkinsBuildPlanService.java:219)
	at de.tum.cit.aet.artemis.programming.service.jenkins.build_plan.JenkinsBuildPlanService.configureBuildPlanForParticipation(JenkinsBuildPlanService.java:196)
	at de.tum.cit.aet.artemis.programming.service.jenkins.JenkinsService.configureBuildPlan(JenkinsService.java:138)
	at java.base/java.lang.invoke.MethodHandle.invokeWithArguments(MethodHandle.java:733)
	at org.mockito.internal.util.reflection.InstrumentationMemberAccessor$Dispatcher$ByteBuddy$oog9jsgw.invokeWithArguments(Unknown Source)
	at org.mockito.internal.util.reflection.InstrumentationMemberAccessor.invoke(InstrumentationMemberAccessor.java:251)
	at org.mockito.internal.util.reflection.ModuleMemberAccessor.invoke(ModuleMemberAccessor.java:55)
	at org.mockito.internal.creation.bytebuddy.MockMethodAdvice.tryInvoke(MockMethodAdvice.java:314)
	at org.mockito.internal.creation.bytebuddy.MockMethodAdvice$RealMethodCall.invoke(MockMethodAdvice.java:234)
	at org.mockito.internal.invocation.InterceptedInvocation.callRealMethod(InterceptedInvocation.java:142)
	at org.mockito.internal.stubbing.answers.CallsRealMethods.answer(CallsRealMethods.java:45)
	at org.mockito.Answers.answer(Answers.java:90)
	at org.mockito.internal.handler.MockHandlerImpl.handle(MockHandlerImpl.java:111)
	at org.mockito.internal.handler.NullResultGuardian.handle(NullResultGuardian.java:29)
	at org.mockito.internal.handler.InvocationNotifierHandler.handle(InvocationNotifierHandler.java:34)
	at org.mockito.internal.creation.bytebuddy.MockMethodInterceptor.doIntercept(MockMethodInterceptor.java:82)
	at org.mockito.internal.creation.bytebuddy.MockMethodAdvice.handle(MockMethodAdvice.java:134)
	at de.tum.cit.aet.artemis.programming.service.jenkins.JenkinsService.configureBuildPlan(JenkinsService.java:138)
	at de.tum.cit.aet.artemis.exercise.service.ParticipationService.configureBuildPlan(ParticipationService.java:532)
	at de.tum.cit.aet.artemis.exercise.service.ParticipationService.startProgrammingParticipation(ParticipationService.java:298)
	at de.tum.cit.aet.artemis.exercise.service.ParticipationService.startProgrammingExercise(ParticipationService.java:265)
	at de.tum.cit.aet.artemis.exercise.service.ParticipationService.startExerciseWithInitializationDate(ParticipationService.java:192)
	at de.tum.cit.aet.artemis.exercise.service.ParticipationService.startExercise(ParticipationService.java:151)
	at de.tum.cit.aet.artemis.exam.service.StudentExamService.setUpExerciseParticipationsAndSubmissionsWithInitializationDate(StudentExamService.java:686)
	at de.tum.cit.aet.artemis.exam.service.StudentExamService.setUpExerciseParticipationsAndSubmissions(StudentExamService.java:800)
	at de.tum.cit.aet.artemis.exam.service.StudentExamService.lambda$startExercises$15(StudentExamService.java:735)
	at java.base/java.util.concurrent.CompletableFuture$AsyncRun.run(CompletableFuture.java:1804)
	at java.base/java.util.concurrent.ThreadPoolExecutor.runWorker(ThreadPoolExecutor.java:1144)
	at java.base/java.util.concurrent.ThreadPoolExecutor$Worker.run(ThreadPoolExecutor.java:642)
	at java.base/java.lang.Thread.run(Thread.java:1583)
    23:43:51.710 | 937 ol-5917-thread-1 | INFO  | d.t.c.a.a.e.s.StudentExamService     : SUCCESS: Start exercise for student exam 640 and exercise 2060 and student studexamstudent1
    23:43:51.714 | 370 ool-1-worker-134 | INFO  | d.t.c.a.a.e.web.StudentExamResource  : Generated 7 participations in 103.10ms for student exams of exam 1095
    23:43:51.715 | 370 ool-1-worker-134 | DEBUG | d.t.c.a.a.c.s.f.ApiVersionFilter     : Adding Version to Request GET /api/courses/582/exams/1095/student-exams/start-exercises/status
    23:43:51.727 | 370 ool-1-worker-134 | DEBUG | d.t.c.a.a.c.s.f.ApiVersionFilter     : Adding Version to Request PUT /api/courses/582/exams/1095/student-exams/640/toggle-to-submitted
    23:43:51.729 | 370 ool-1-worker-134 | WARN  | o.z.p.spring.common.AdviceTraits     : Forbidden: Access Denied
    23:43:51.731 | 370 ool-1-worker-134 | DEBUG | d.t.c.a.a.c.s.f.ApiVersionFilter     : Adding Version to Request PUT /api/courses/582/exams/1095/student-exams/640/toggle-to-submitted
    23:43:51.732 | 370 ool-1-worker-134 | WARN  | o.z.p.spring.common.AdviceTraits     : Forbidden: Access Denied
    23:43:51.733 | 370 ool-1-worker-134 | DEBUG | d.t.c.a.a.c.s.f.ApiVersionFilter     : Adding Version to Request PUT /api/courses/579/exams/1095/student-exams/640/toggle-to-submitted
    23:43:51.739 | 370 ool-1-worker-134 | WARN  | o.z.p.spring.common.AdviceTraits     : Conflict: Exercise course id does not match the stored course id
    23:43:51.740 | 370 ool-1-worker-134 | DEBUG | d.t.c.a.a.c.s.f.ApiVersionFilter     : Adding Version to Request PUT /api/courses/582/exams/1095/student-exams/640/toggle-to-submitted
    23:43:51.744 | 370 ool-1-worker-134 | INFO  | d.t.c.a.a.e.web.StudentExamResource  : REST request by user: studexaminstructor1 for exam with id 1095 to set student-exam 640 to SUBMITTED
    23:43:51.748 | 370 ool-1-worker-134 | DEBUG | d.t.c.a.a.c.s.f.ApiVersionFilter     : Adding Version to Request PUT /api/courses/582/exams/1095/student-exams/640/toggle-to-unsubmitted
    23:43:51.749 | 370 ool-1-worker-134 | WARN  | o.z.p.spring.common.AdviceTraits     : Forbidden: Access Denied
    23:43:51.752 | 370 ool-1-worker-134 | DEBUG | d.t.c.a.a.c.s.f.ApiVersionFilter     : Adding Version to Request PUT /api/courses/582/exams/1095/student-exams/640/toggle-to-unsubmitted
    23:43:51.753 | 370 ool-1-worker-134 | WARN  | o.z.p.spring.common.AdviceTraits     : Forbidden: Access Denied
    23:43:51.754 | 370 ool-1-worker-134 | DEBUG | d.t.c.a.a.c.s.f.ApiVersionFilter     : Adding Version to Request PUT /api/courses/579/exams/1095/student-exams/640/toggle-to-unsubmitted
    23:43:51.756 | 370 ool-1-worker-134 | WARN  | o.z.p.spring.common.AdviceTraits     : Conflict: Exercise course id does not match the stored course id
    23:43:51.757 | 370 ool-1-worker-134 | DEBUG | d.t.c.a.a.c.s.f.ApiVersionFilter     : Adding Version to Request PUT /api/courses/582/exams/1095/student-exams/640/toggle-to-unsubmitted
    23:43:51.759 | 370 ool-1-worker-134 | INFO  | d.t.c.a.a.e.web.StudentExamResource  : REST request by user: studexaminstructor1 for exam with id 1095 to set student-exam 640 to UNSUBMITTED

  Starting logs for StudentExamIntegrationTest > testGradedStudentExamSummaryWithGradingScaleAsStudentBeforePublishResults()
    23:43:51.787 | 370 ool-1-worker-134 | DEBUG | d.t.c.a.a.c.u.util.UserUtilService   : Generate 2 students...
    23:43:51.790 | 370 ool-1-worker-134 | DEBUG | d.t.c.a.a.c.u.util.UserUtilService   : 2 students generated. Generate 1 tutors...
    23:43:51.792 | 370 ool-1-worker-134 | DEBUG | d.t.c.a.a.c.u.util.UserUtilService   : 1 tutors generated. Generate 0 editors...
    23:43:51.794 | 370 ool-1-worker-134 | DEBUG | d.t.c.a.a.c.u.util.UserUtilService   : 0 editors generated. Generate 2 instructors...
    23:43:51.797 | 370 ool-1-worker-134 | DEBUG | d.t.c.a.a.c.u.util.UserUtilService   : 2 instructors generated
    23:43:51.798 | 370 ool-1-worker-134 | DEBUG | d.t.c.a.a.c.u.util.UserUtilService   : Removing 5 users from all courses...
    23:43:51.798 | 370 ool-1-worker-134 | DEBUG | d.t.c.a.a.c.u.util.UserUtilService   : Removing 5 users from all courses. Done
    23:43:51.798 | 370 ool-1-worker-134 | DEBUG | d.t.c.a.a.c.u.util.UserUtilService   : Save 5 users to database...
    23:43:51.814 | 370 ool-1-worker-134 | DEBUG | d.t.c.a.a.c.u.util.UserUtilService   : Save 5 users to database. Done
    23:43:51.927 | 370 ool-1-worker-134 | INFO  | i.z.t.d.l.EmbeddedDatabaseReporter   : JDBC URL to connect to 'dataSource': url='jdbc:h2:tcp://localhost:41063/mem:736625c0-cf5e-400d-aeaa-8a7eabd6262b;USER=sa', scope='StudentExamIntegrationTest#testGradedStudentExamSummaryWithGradingScaleAsStudentBeforePublishResults'
    23:43:51.968 | 370 ool-1-worker-134 | DEBUG | d.t.c.a.a.c.s.f.ApiVersionFilter     : Adding Version to Request POST /api/courses/586/exams/1101/generate-student-exams
    23:43:51.969 | 370 ool-1-worker-134 | INFO  | d.t.c.a.a.exam.web.ExamResource      : REST request to generate student exams for exam 1101
    23:43:51.975 | 370 ool-1-worker-134 | INFO  | d.t.c.a.a.e.s.ExamDeletionService    : User studexaminstructor1 has requested to delete existing student exams and participations for exam Real exam 1
    23:43:51.976 | 370 ool-1-worker-134 | INFO  | d.t.c.a.a.e.s.ParticipationService   : Request to delete all 0 participations of exercise with id : 2071
    23:43:51.978 | 370 ool-1-worker-134 | INFO  | d.t.c.a.a.e.s.ParticipationService   : Request to delete all 0 participations of exercise with id : 2072
    23:43:51.979 | 370 ool-1-worker-134 | INFO  | d.t.c.a.a.e.s.ParticipationService   : Request to delete all 0 participations of exercise with id : 2073
    23:43:51.980 | 370 ool-1-worker-134 | INFO  | d.t.c.a.a.e.s.ParticipationService   : Request to delete all 0 participations of exercise with id : 2074
    23:43:51.982 | 370 ool-1-worker-134 | INFO  | d.t.c.a.a.e.s.ParticipationService   : Request to delete all 0 participations of exercise with id : 2075
    23:43:51.983 | 370 ool-1-worker-134 | INFO  | d.t.c.a.a.e.s.ParticipationService   : Request to delete all 0 participations of exercise with id : 2076
    23:43:51.984 | 370 ool-1-worker-134 | INFO  | d.t.c.a.a.e.s.ParticipationService   : Request to delete all 0 participations of exercise with id : 2077
    23:43:51.985 | 370 ool-1-worker-134 | INFO  | d.t.c.a.a.e.s.ParticipationService   : Request to delete all 0 participations of exercise with id : 2078
    23:43:51.987 | 370 ool-1-worker-134 | INFO  | d.t.c.a.a.e.s.ParticipationService   : Request to delete all 0 participations of exercise with id : 2079
    23:43:51.988 | 370 ool-1-worker-134 | INFO  | d.t.c.a.a.e.s.ParticipationService   : Request to delete all 0 participations of exercise with id : 2080
    23:43:51.989 | 370 ool-1-worker-134 | INFO  | d.t.c.a.a.e.s.ParticipationService   : Request to delete all 0 participations of exercise with id : 2081
    23:43:51.991 | 370 ool-1-worker-134 | INFO  | d.t.c.a.a.exam.web.ExamResource      : Generated 1 student exams in 22.54ms for exam 1101
    23:43:52.013 | 370 ool-1-worker-134 | DEBUG | d.t.c.a.a.c.s.f.ApiVersionFilter     : Adding Version to Request POST /api/courses/586/exams/1101/student-exams/start-exercises
    23:43:52.020 | 370 ool-1-worker-134 | DEBUG | d.t.c.a.a.exam.service.ExamService   : Finished combination of template commits for programming exercise ProgrammingExercise{id=2081, templateRepositoryUri='https://version-control.fake.fake/git/SHORT3D855F230CDF1043BE09BFA0337DE1619493T926/short3d855f230cdf1043be09bfa0337de1619493t926-exercise.git', solutionRepositoryUri='https://version-control.fake.fake/git/SHORT3D855F230CDF1043BE09BFA0337DE1619493T926/short3d855f230cdf1043be09bfa0337de1619493t926-solution.git', templateBuildPlanId='SHORT3D855F230CDF1043BE09BFA0337DE1619493T926-BASE', solutionBuildPlanId='SHORT3D855F230CDF1043BE09BFA0337DE1619493T926-SOLUTION', allowOnlineEditor='null', allowOnlineIde='false', programmingLanguage='JAVA', packageName='de.test'', testCasesChanged='false'}
    23:43:52.021 | 370 ool-1-worker-134 | INFO  | d.t.c.a.a.e.web.StudentExamResource  : REST request to start exercises for student exams of exam 1101
    23:43:52.032 | 942 ol-5943-thread-1 | INFO  | d.t.c.a.a.e.s.StudentExamService     : SUCCESS: Start exercise for student exam 646 and exercise 2071 and student studexamstudent1
    23:43:52.049 | 942 ol-5943-thread-1 | INFO  | d.t.c.a.a.e.s.StudentExamService     : SUCCESS: Start exercise for student exam 646 and exercise 2074 and student studexamstudent1
    23:43:52.057 | 942 ol-5943-thread-1 | INFO  | d.t.c.a.a.e.s.StudentExamService     : SUCCESS: Start exercise for student exam 646 and exercise 2076 and student studexamstudent1
    23:43:52.064 | 942 ol-5943-thread-1 | INFO  | d.t.c.a.a.e.s.StudentExamService     : SUCCESS: Start exercise for student exam 646 and exercise 2078 and student studexamstudent1
    23:43:52.071 | 942 ol-5943-thread-1 | INFO  | d.t.c.a.a.e.s.StudentExamService     : SUCCESS: Start exercise for student exam 646 and exercise 2079 and student studexamstudent1
    23:43:52.093 | 942 ol-5943-thread-1 | INFO  | d.t.c.a.a.e.s.StudentExamService     : SUCCESS: Start exercise for student exam 646 and exercise 2080 and student studexamstudent1
    23:43:52.104 | 942 ol-5943-thread-1 | DEBUG | d.t.c.a.a.p.service.GitService       : Cloning from file:/tmp/exerciseOriginRepo13482214550106267685/ to repos/server-integration-test/studentOriginRepo5300390891950764805
    23:43:52.121 | 942 ol-5943-thread-1 | ERROR | .a.a.p.s.j.b.JenkinsBuildPlanService : Pipeline Script not found
java.lang.IllegalArgumentException: Pipeline Script not found
	at de.tum.cit.aet.artemis.programming.service.jenkins.build_plan.JenkinsBuildPlanUtils.replaceScriptParameters(JenkinsBuildPlanUtils.java:22)
	at de.tum.cit.aet.artemis.programming.service.jenkins.build_plan.JenkinsBuildPlanService.updateBuildPlanURLs(JenkinsBuildPlanService.java:245)
	at de.tum.cit.aet.artemis.programming.service.jenkins.build_plan.JenkinsBuildPlanService.copyBuildPlan(JenkinsBuildPlanService.java:293)
	at de.tum.cit.aet.artemis.programming.service.jenkins.JenkinsService.copyBuildPlan(JenkinsService.java:128)
	at java.base/java.lang.invoke.MethodHandle.invokeWithArguments(MethodHandle.java:733)
	at org.mockito.internal.util.reflection.InstrumentationMemberAccessor$Dispatcher$ByteBuddy$oog9jsgw.invokeWithArguments(Unknown Source)
	at org.mockito.internal.util.reflection.InstrumentationMemberAccessor.invoke(InstrumentationMemberAccessor.java:251)
	at org.mockito.internal.util.reflection.ModuleMemberAccessor.invoke(ModuleMemberAccessor.java:55)
	at org.mockito.internal.creation.bytebuddy.MockMethodAdvice.tryInvoke(MockMethodAdvice.java:314)
	at org.mockito.internal.creation.bytebuddy.MockMethodAdvice$RealMethodCall.invoke(MockMethodAdvice.java:234)
	at org.mockito.internal.invocation.InterceptedInvocation.callRealMethod(InterceptedInvocation.java:142)
	at org.mockito.internal.stubbing.answers.CallsRealMethods.answer(CallsRealMethods.java:45)
	at org.mockito.Answers.answer(Answers.java:90)
	at org.mockito.internal.handler.MockHandlerImpl.handle(MockHandlerImpl.java:111)
	at org.mockito.internal.handler.NullResultGuardian.handle(NullResultGuardian.java:29)
	at org.mockito.internal.handler.InvocationNotifierHandler.handle(InvocationNotifierHandler.java:34)
	at org.mockito.internal.creation.bytebuddy.MockMethodInterceptor.doIntercept(MockMethodInterceptor.java:82)
	at org.mockito.internal.creation.bytebuddy.MockMethodAdvice.handle(MockMethodAdvice.java:134)
	at de.tum.cit.aet.artemis.programming.service.jenkins.JenkinsService.copyBuildPlan(JenkinsService.java:126)
	at de.tum.cit.aet.artemis.exercise.service.ParticipationService.copyBuildPlan(ParticipationService.java:518)
	at de.tum.cit.aet.artemis.exercise.service.ParticipationService.startProgrammingParticipation(ParticipationService.java:296)
	at de.tum.cit.aet.artemis.exercise.service.ParticipationService.startProgrammingExercise(ParticipationService.java:265)
	at de.tum.cit.aet.artemis.exercise.service.ParticipationService.startExerciseWithInitializationDate(ParticipationService.java:192)
	at de.tum.cit.aet.artemis.exercise.service.ParticipationService.startExercise(ParticipationService.java:151)
	at de.tum.cit.aet.artemis.exam.service.StudentExamService.setUpExerciseParticipationsAndSubmissionsWithInitializationDate(StudentExamService.java:686)
	at de.tum.cit.aet.artemis.exam.service.StudentExamService.setUpExerciseParticipationsAndSubmissions(StudentExamService.java:800)
	at de.tum.cit.aet.artemis.exam.service.StudentExamService.lambda$startExercises$15(StudentExamService.java:735)
	at java.base/java.util.concurrent.CompletableFuture$AsyncRun.run(CompletableFuture.java:1804)
	at java.base/java.util.concurrent.ThreadPoolExecutor.runWorker(ThreadPoolExecutor.java:1144)
	at java.base/java.util.concurrent.ThreadPoolExecutor$Worker.run(ThreadPoolExecutor.java:642)
	at java.base/java.lang.Thread.run(Thread.java:1583)
    23:43:52.126 | 942 ol-5943-thread-1 | ERROR | .a.a.p.s.j.b.JenkinsBuildPlanService : Pipeline Script not found
java.lang.IllegalArgumentException: Pipeline Script not found
	at de.tum.cit.aet.artemis.programming.service.jenkins.build_plan.JenkinsBuildPlanUtils.replaceScriptParameters(JenkinsBuildPlanUtils.java:29)
	at de.tum.cit.aet.artemis.programming.service.jenkins.build_plan.JenkinsBuildPlanService.updateBuildPlanRepositories(JenkinsBuildPlanService.java:219)
	at de.tum.cit.aet.artemis.programming.service.jenkins.build_plan.JenkinsBuildPlanService.configureBuildPlanForParticipation(JenkinsBuildPlanService.java:196)
	at de.tum.cit.aet.artemis.programming.service.jenkins.JenkinsService.configureBuildPlan(JenkinsService.java:138)
	at java.base/java.lang.invoke.MethodHandle.invokeWithArguments(MethodHandle.java:733)
	at org.mockito.internal.util.reflection.InstrumentationMemberAccessor$Dispatcher$ByteBuddy$oog9jsgw.invokeWithArguments(Unknown Source)
	at org.mockito.internal.util.reflection.InstrumentationMemberAccessor.invoke(InstrumentationMemberAccessor.java:251)
	at org.mockito.internal.util.reflection.ModuleMemberAccessor.invoke(ModuleMemberAccessor.java:55)
	at org.mockito.internal.creation.bytebuddy.MockMethodAdvice.tryInvoke(MockMethodAdvice.java:314)
	at org.mockito.internal.creation.bytebuddy.MockMethodAdvice$RealMethodCall.invoke(MockMethodAdvice.java:234)
	at org.mockito.internal.invocation.InterceptedInvocation.callRealMethod(InterceptedInvocation.java:142)
	at org.mockito.internal.stubbing.answers.CallsRealMethods.answer(CallsRealMethods.java:45)
	at org.mockito.Answers.answer(Answers.java:90)
	at org.mockito.internal.handler.MockHandlerImpl.handle(MockHandlerImpl.java:111)
	at org.mockito.internal.handler.NullResultGuardian.handle(NullResultGuardian.java:29)
	at org.mockito.internal.handler.InvocationNotifierHandler.handle(InvocationNotifierHandler.java:34)
	at org.mockito.internal.creation.bytebuddy.MockMethodInterceptor.doIntercept(MockMethodInterceptor.java:82)
	at org.mockito.internal.creation.bytebuddy.MockMethodAdvice.handle(MockMethodAdvice.java:134)
	at de.tum.cit.aet.artemis.programming.service.jenkins.JenkinsService.configureBuildPlan(JenkinsService.java:138)
	at de.tum.cit.aet.artemis.exercise.service.ParticipationService.configureBuildPlan(ParticipationService.java:532)
	at de.tum.cit.aet.artemis.exercise.service.ParticipationService.startProgrammingParticipation(ParticipationService.java:298)
	at de.tum.cit.aet.artemis.exercise.service.ParticipationService.startProgrammingExercise(ParticipationService.java:265)
	at de.tum.cit.aet.artemis.exercise.service.ParticipationService.startExerciseWithInitializationDate(ParticipationService.java:192)
	at de.tum.cit.aet.artemis.exercise.service.ParticipationService.startExercise(ParticipationService.java:151)
	at de.tum.cit.aet.artemis.exam.service.StudentExamService.setUpExerciseParticipationsAndSubmissionsWithInitializationDate(StudentExamService.java:686)
	at de.tum.cit.aet.artemis.exam.service.StudentExamService.setUpExerciseParticipationsAndSubmissions(StudentExamService.java:800)
	at de.tum.cit.aet.artemis.exam.service.StudentExamService.lambda$startExercises$15(StudentExamService.java:735)
	at java.base/java.util.concurrent.CompletableFuture$AsyncRun.run(CompletableFuture.java:1804)
	at java.base/java.util.concurrent.ThreadPoolExecutor.runWorker(ThreadPoolExecutor.java:1144)
	at java.base/java.util.concurrent.ThreadPoolExecutor$Worker.run(ThreadPoolExecutor.java:642)
	at java.base/java.lang.Thread.run(Thread.java:1583)
    23:43:52.133 | 942 ol-5943-thread-1 | INFO  | d.t.c.a.a.e.s.StudentExamService     : SUCCESS: Start exercise for student exam 646 and exercise 2081 and student studexamstudent1
    23:43:52.134 | 370 ool-1-worker-134 | INFO  | d.t.c.a.a.e.web.StudentExamResource  : Generated 7 participations in 120.36ms for student exams of exam 1101
    23:43:52.136 | 370 ool-1-worker-134 | DEBUG | d.t.c.a.a.c.s.f.ApiVersionFilter     : Adding Version to Request GET /api/courses/586/exams/1101/student-exams/start-exercises/status
    23:43:52.144 | 370 ool-1-worker-134 | DEBUG | d.t.c.a.a.c.s.f.ApiVersionFilter     : Adding Version to Request GET /api/courses/586/exams/1101/student-exams/646/conduction
    23:43:52.145 | 370 ool-1-worker-134 | DEBUG | d.t.c.a.a.e.web.StudentExamResource  : REST request to get the student exam of user studexamstudent1 for exam 1101
    23:43:52.153 | 370 ool-1-worker-134 | DEBUG | d.t.c.a.a.e.s.ExamSessionService     : Exam session started
    23:43:52.153 | 370 ool-1-worker-134 | INFO  | d.t.c.a.a.e.web.StudentExamResource  : getStudentExamForConduction done in 8ms for 7 exercises for user studexamstudent1
    23:43:52.158 | 370 ool-1-worker-134 | DEBUG | d.t.c.a.a.c.s.f.ApiVersionFilter     : Adding Version to Request PUT /api/exercises/2071/text-submissions
    23:43:52.159 | 370 ool-1-worker-134 | DEBUG | d.t.c.a.a.t.w.TextSubmissionResource : REST request to update text submission: TextSubmission{id=896, text='New Text', language='null'}
    23:43:52.191 | 370 ool-1-worker-134 | INFO  | d.t.c.a.a.t.w.TextSubmissionResource : handleTextSubmission took 32ms for exercise 2071 and user studexamstudent1
    23:43:52.195 | 370 ool-1-worker-134 | DEBUG | d.t.c.a.a.c.s.f.ApiVersionFilter     : Adding Version to Request PUT /api/exercises/2074/submissions/exam
    23:43:52.200 | 370 ool-1-worker-134 | DEBUG | d.t.c.a.a.q.w.QuizSubmissionResource : REST request to submit QuizSubmission for exam : QuizSubmission{id=897, scoreInPoints='null'}
    23:43:52.214 | 370 ool-1-worker-134 | DEBUG | .a.q.s.AbstractQuizSubmissionService : submit exam quiz finished: QuizSubmission{id=897, scoreInPoints='null'}
    23:43:52.214 | 370 ool-1-worker-134 | INFO  | d.t.c.a.a.q.w.QuizSubmissionResource : submitQuizForExam took 14ms for exercise 2074 and user studexamstudent1
    23:43:52.223 | 370 ool-1-worker-134 | DEBUG | d.t.c.a.a.c.s.f.ApiVersionFilter     : Adding Version to Request PUT /api/exercises/2078/modeling-submissions
    23:43:52.237 | 370 ool-1-worker-134 | INFO  | c.a.a.m.w.ModelingSubmissionResource : save took 13ms for exercise 2078 and user studexamstudent1
    23:43:52.240 | 370 ool-1-worker-134 | DEBUG | d.t.c.a.a.c.s.f.ApiVersionFilter     : Adding Version to Request PUT /api/exercises/2079/text-submissions
    23:43:52.241 | 370 ool-1-worker-134 | DEBUG | d.t.c.a.a.t.w.TextSubmissionResource : REST request to update text submission: TextSubmission{id=900, text='New Text', language='null'}
    23:43:52.254 | 370 ool-1-worker-134 | INFO  | d.t.c.a.a.t.w.TextSubmissionResource : handleTextSubmission took 13ms for exercise 2079 and user studexamstudent1
    23:43:52.256 | 370 ool-1-worker-134 | DEBUG | d.t.c.a.a.c.s.f.ApiVersionFilter     : Adding Version to Request PUT /api/exercises/2080/text-submissions
    23:43:52.257 | 370 ool-1-worker-134 | DEBUG | d.t.c.a.a.t.w.TextSubmissionResource : REST request to update text submission: TextSubmission{id=901, text='New Text', language='null'}
    23:43:52.270 | 370 ool-1-worker-134 | INFO  | d.t.c.a.a.t.w.TextSubmissionResource : handleTextSubmission took 13ms for exercise 2080 and user studexamstudent1
    23:43:52.272 | 370 ool-1-worker-134 | DEBUG | d.t.c.a.a.c.s.f.ApiVersionFilter     : Adding Version to Request POST /api/programming-submissions/1394/trigger-build
    23:43:52.281 | 370 ool-1-worker-134 | DEBUG | d.t.c.a.a.c.s.f.ApiVersionFilter     : Adding Version to Request POST /api/courses/586/exams/1101/student-exams/submit
    23:43:52.284 | 370 ool-1-worker-134 | DEBUG | d.t.c.a.a.e.web.StudentExamResource  : REST request to mark the studentExam as submitted : 646
    23:43:52.286 | 370 ool-1-worker-134 | DEBUG | d.t.c.a.a.e.web.StudentExamResource  : Completed input validation for submitStudentExam in 2.83ms
    23:43:52.286 | 370 ool-1-worker-134 | DEBUG | d.t.c.a.a.e.s.StudentExamService     : Submit student exam with id 646
    23:43:52.287 | 370 ool-1-worker-134 | DEBUG | d.t.c.a.a.e.s.StudentExamService     :     Set student exam to submitted in 618µs
    23:43:52.290 | 370 ool-1-worker-134 | DEBUG | d.t.c.a.a.e.s.StudentExamService     :     Potentially save submissions in 3.12ms
    23:43:52.290 | 370 ool-1-worker-134 | DEBUG | d.t.c.a.a.e.s.StudentExamService     :     Lock student repositories in 20µs
    23:43:52.290 | 370 ool-1-worker-134 | INFO  | d.t.c.a.a.e.web.StudentExamResource  : Completed submitStudentExam with 7 exercises for user studexamstudent1 in a total time of 6.76ms
    23:43:52.292 | 370 ool-1-worker-134 | DEBUG | d.t.c.a.a.c.s.f.ApiVersionFilter     : Adding Version to Request GET /api/courses/586/exams/1101/student-exams/646/summary
    23:43:52.294 | 370 ool-1-worker-134 | DEBUG | d.t.c.a.a.e.web.StudentExamResource  : REST request to get the student exam of user studexamstudent1 for exam 1101
    23:43:52.300 | 061 pool-4-thread-4  | INFO  | d.t.c.a.a.p.s.gitlab.GitLabService   : Protecting branch main for Gitlab repository SHORT5C1438A509C5B041AF0880004C4E53D464CET83D/short5c1438a509c5b041af0880004c4e53d464cet83d-studexamstudent1
    23:43:52.300 | 370 ool-1-worker-134 | INFO  | d.t.c.a.a.e.web.StudentExamResource  : getStudentExamForSummary done in 7ms for 7 exercises for user studexamstudent1
    23:43:52.307 | 370 ool-1-worker-134 | DEBUG | .c.s.m.InstanceMessageReceiveService : Received schedule participant score for exercise 2071 and participant 671 (result to be deleted: null)
    23:43:52.307 | 370 ool-1-worker-134 | DEBUG | .a.s.ParticipantScoreScheduleService : Scheduled task for exercise 2071 and participant 671 at 2025-02-14T23:43:52.407475113Z[Etc/UTC].
    23:43:52.313 | 370 ool-1-worker-134 | DEBUG | .c.s.m.InstanceMessageReceiveService : Received schedule participant score for exercise 2071 and participant 671 (result to be deleted: null)
    23:43:52.313 | 370 ool-1-worker-134 | DEBUG | .a.s.ParticipantScoreScheduleService : Scheduled task for exercise 2071 and participant 671 at 2025-02-14T23:43:52.413949687Z[Etc/UTC].
    23:43:52.314 | 370 ool-1-worker-134 | DEBUG | .c.s.m.InstanceMessageReceiveService : Received schedule participant score for exercise 2076 and participant 671 (result to be deleted: null)
    23:43:52.314 | 370 ool-1-worker-134 | DEBUG | .a.s.ParticipantScoreScheduleService : Scheduled task for exercise 2076 and participant 671 at 2025-02-14T23:43:52.414714523Z[Etc/UTC].
    23:43:52.320 | 370 ool-1-worker-134 | DEBUG | .c.s.m.InstanceMessageReceiveService : Received schedule participant score for exercise 2076 and participant 671 (result to be deleted: null)
    23:43:52.320 | 370 ool-1-worker-134 | DEBUG | .a.s.ParticipantScoreScheduleService : Scheduled task for exercise 2076 and participant 671 at 2025-02-14T23:43:52.420196106Z[Etc/UTC].
    23:43:52.321 | 370 ool-1-worker-134 | DEBUG | .c.s.m.InstanceMessageReceiveService : Received schedule participant score for exercise 2078 and participant 671 (result to be deleted: null)
    23:43:52.321 | 370 ool-1-worker-134 | DEBUG | .a.s.ParticipantScoreScheduleService : Scheduled task for exercise 2078 and participant 671 at 2025-02-14T23:43:52.421223622Z[Etc/UTC].
    23:43:52.326 | 370 ool-1-worker-134 | DEBUG | .c.s.m.InstanceMessageReceiveService : Received schedule participant score for exercise 2078 and participant 671 (result to be deleted: null)
    23:43:52.326 | 370 ool-1-worker-134 | DEBUG | .a.s.ParticipantScoreScheduleService : Scheduled task for exercise 2078 and participant 671 at 2025-02-14T23:43:52.426089076Z[Etc/UTC].
    23:43:52.326 | 370 ool-1-worker-134 | DEBUG | .c.s.m.InstanceMessageReceiveService : Received schedule participant score for exercise 2079 and participant 671 (result to be deleted: null)
    23:43:52.326 | 370 ool-1-worker-134 | DEBUG | .a.s.ParticipantScoreScheduleService : Scheduled task for exercise 2079 and participant 671 at 2025-02-14T23:43:52.426922881Z[Etc/UTC].
    23:43:52.331 | 058 pool-4-thread-1  | INFO  | d.t.c.a.a.p.s.gitlab.GitLabService   : Protecting branch main for Gitlab repository SHORT5C1438A509C5B041AF0880004C4E53D464CET83D/short5c1438a509c5b041af0880004c4e53d464cet83d-studexamstudent2
    23:43:52.333 | 370 ool-1-worker-134 | DEBUG | .c.s.m.InstanceMessageReceiveService : Received schedule participant score for exercise 2079 and participant 671 (result to be deleted: null)
    23:43:52.333 | 370 ool-1-worker-134 | DEBUG | .a.s.ParticipantScoreScheduleService : Scheduled task for exercise 2079 and participant 671 at 2025-02-14T23:43:52.433292810Z[Etc/UTC].
    23:43:52.334 | 370 ool-1-worker-134 | DEBUG | .c.s.m.InstanceMessageReceiveService : Received schedule participant score for exercise 2080 and participant 671 (result to be deleted: null)
    23:43:52.334 | 370 ool-1-worker-134 | DEBUG | .a.s.ParticipantScoreScheduleService : Scheduled task for exercise 2080 and participant 671 at 2025-02-14T23:43:52.434081701Z[Etc/UTC].
    23:43:52.339 | 370 ool-1-worker-134 | DEBUG | .c.s.m.InstanceMessageReceiveService : Received schedule participant score for exercise 2080 and participant 671 (result to be deleted: null)
    23:43:52.339 | 370 ool-1-worker-134 | DEBUG | .a.s.ParticipantScoreScheduleService : Scheduled task for exercise 2080 and participant 671 at 2025-02-14T23:43:52.439361808Z[Etc/UTC].
    23:43:52.340 | 370 ool-1-worker-134 | DEBUG | .c.s.m.InstanceMessageReceiveService : Received schedule participant score for exercise 2081 and participant 671 (result to be deleted: null)
    23:43:52.340 | 370 ool-1-worker-134 | DEBUG | .a.s.ParticipantScoreScheduleService : Scheduled task for exercise 2081 and participant 671 at 2025-02-14T23:43:52.440121544Z[Etc/UTC].
    23:43:52.345 | 370 ool-1-worker-134 | DEBUG | .c.s.m.InstanceMessageReceiveService : Received schedule participant score for exercise 2081 and participant 671 (result to be deleted: null)
    23:43:52.345 | 370 ool-1-worker-134 | DEBUG | .a.s.ParticipantScoreScheduleService : Scheduled task for exercise 2081 and participant 671 at 2025-02-14T23:43:52.445517227Z[Etc/UTC].
    23:43:52.347 | 370 ool-1-worker-134 | DEBUG | d.t.c.a.a.c.s.f.ApiVersionFilter     : Adding Version to Request POST /api/courses/586/exams/1101/student-exams/evaluate-quiz-exercises
    23:43:52.348 | 370 ool-1-worker-134 | INFO  | d.t.c.a.a.exam.web.ExamResource      : REST request to evaluate quiz exercises of exam 1101
    23:43:52.352 | 370 ool-1-worker-134 | DEBUG | d.t.c.a.a.exam.service.ExamService   : Evaluating 2 quiz exercises in exam 1101
    23:43:52.352 | 370 ool-1-worker-134 | INFO  | d.t.c.a.a.q.s.QuizResultService      : Starting quiz evaluation for quiz 2073
    23:43:52.356 | 370 ool-1-worker-134 | INFO  | d.t.c.a.a.q.s.QuizResultService      : Quiz evaluation for quiz 2073 finished after 3.74ms with 0 created results
    23:43:52.356 | 370 ool-1-worker-134 | DEBUG | d.t.c.a.a.q.s.QuizStatisticService   : update statistics with 0 new results
    23:43:52.357 | 370 ool-1-worker-134 | INFO  | d.t.c.a.a.q.s.QuizResultService      : Statistic update for quiz 2073 finished after 4.79ms
    23:43:52.357 | 370 ool-1-worker-134 | INFO  | d.t.c.a.a.q.s.QuizResultService      : Starting quiz evaluation for quiz 2074
    23:43:52.369 | 370 ool-1-worker-134 | DEBUG | .c.s.m.InstanceMessageReceiveService : Received schedule participant score for exercise 2074 and participant 671 (result to be deleted: null)
    23:43:52.369 | 370 ool-1-worker-134 | DEBUG | .a.s.ParticipantScoreScheduleService : Scheduled task for exercise 2074 and participant 671 at 2025-02-14T23:43:52.469183050Z[Etc/UTC].
    23:43:52.391 | 370 ool-1-worker-134 | DEBUG | .c.s.m.InstanceMessageReceiveService : Received schedule participant score for exercise 2074 and participant 671 (result to be deleted: null)
    23:43:52.391 | 370 ool-1-worker-134 | DEBUG | .a.s.ParticipantScoreScheduleService : Scheduled task for exercise 2074 and participant 671 at 2025-02-14T23:43:52.491562746Z[Etc/UTC].
    23:43:52.392 | 370 ool-1-worker-134 | INFO  | d.t.c.a.a.q.s.QuizResultService      : Quiz evaluation for quiz 2074 finished after 34.31ms with 1 created results
    23:43:52.392 | 370 ool-1-worker-134 | DEBUG | d.t.c.a.a.q.s.QuizStatisticService   : update statistics with 1 new results
    23:43:52.394 | 370 ool-1-worker-134 | INFO  | d.t.c.a.a.q.s.QuizResultService      : Statistic update for quiz 2074 finished after 37.02ms
    23:43:52.394 | 370 ool-1-worker-134 | DEBUG | d.t.c.a.a.exam.service.ExamService   : Evaluated 2 quiz exercises in exam 1101 in 41.87ms
    23:43:52.394 | 370 ool-1-worker-134 | INFO  | d.t.c.a.a.exam.web.ExamResource      : Evaluated 2 quiz exercises of exam 1101
    23:43:52.400 | 370 ool-1-worker-134 | DEBUG | d.t.c.a.a.c.s.f.ApiVersionFilter     : Adding Version to Request GET /api/courses/586/exams/1101/student-exams/646/grade-summary
    23:43:52.401 | 370 ool-1-worker-134 | DEBUG | d.t.c.a.a.e.web.StudentExamResource  : REST request to get the student exam grades of user with id null for exam 1101 by user studexamstudent1
    23:43:52.406 | 370 ool-1-worker-134 | WARN  | o.z.p.spring.common.AdviceTraits     : Forbidden: You are not allowed to access the grade summary of a student exam before the release date of results
    23:43:52.414 | 327 taskScheduler-2  | DEBUG | .a.s.ParticipantScoreScheduleService : Processing exercise 2071 and participant 671 to update participant scores.
    23:43:52.420 | 329 taskScheduler-4  | DEBUG | .a.s.ParticipantScoreScheduleService : Processing exercise 2076 and participant 671 to update participant scores.
    23:43:52.427 | 326 taskScheduler-1  | DEBUG | .a.s.ParticipantScoreScheduleService : Processing exercise 2078 and participant 671 to update participant scores.
    23:43:52.430 | 327 taskScheduler-2  | DEBUG | .a.s.ParticipantScoreScheduleService : Updating the participant score for exercise 2071 and participant 671 took 16 ms.
    23:43:52.432 | 329 taskScheduler-4  | DEBUG | .a.s.ParticipantScoreScheduleService : Updating the participant score for exercise 2076 and participant 671 took 12 ms.
    23:43:52.433 | 328 taskScheduler-3  | DEBUG | .a.s.ParticipantScoreScheduleService : Processing exercise 2079 and participant 671 to update participant scores.
    23:43:52.439 | 327 taskScheduler-2  | DEBUG | .a.s.ParticipantScoreScheduleService : Processing exercise 2080 and participant 671 to update participant scores.
    23:43:52.442 | 326 taskScheduler-1  | DEBUG | .a.s.ParticipantScoreScheduleService : Updating the participant score for exercise 2078 and participant 671 took 15 ms.
    23:43:52.444 | 328 taskScheduler-3  | DEBUG | .a.s.ParticipantScoreScheduleService : Updating the participant score for exercise 2079 and participant 671 took 11 ms.
    23:43:52.446 | 327 taskScheduler-2  | DEBUG | .a.s.ParticipantScoreScheduleService : Updating the participant score for exercise 2080 and participant 671 took 7 ms.
    23:43:52.446 | 327 taskScheduler-2  | DEBUG | .a.s.ParticipantScoreScheduleService : Processing exercise 2081 and participant 671 to update participant scores.
    23:43:52.454 | 327 taskScheduler-2  | DEBUG | .a.s.ParticipantScoreScheduleService : Updating the participant score for exercise 2081 and participant 671 took 8 ms.

  Starting logs for StudentExamIntegrationTest > testGetAllTestRunSubmissionsForExercise_noTestRunSubmissions()
    23:43:52.469 | 370 ool-1-worker-134 | DEBUG | d.t.c.a.a.c.u.util.UserUtilService   : Generate 2 students...
    23:43:52.473 | 370 ool-1-worker-134 | DEBUG | d.t.c.a.a.c.u.util.UserUtilService   : 2 students generated. Generate 1 tutors...
    23:43:52.476 | 370 ool-1-worker-134 | DEBUG | d.t.c.a.a.c.u.util.UserUtilService   : 1 tutors generated. Generate 0 editors...
    23:43:52.477 | 370 ool-1-worker-134 | DEBUG | d.t.c.a.a.c.u.util.UserUtilService   : 0 editors generated. Generate 2 instructors...
    23:43:52.481 | 370 ool-1-worker-134 | DEBUG | d.t.c.a.a.c.u.util.UserUtilService   : 2 instructors generated
    23:43:52.482 | 370 ool-1-worker-134 | DEBUG | d.t.c.a.a.c.u.util.UserUtilService   : Removing 5 users from all courses...
    23:43:52.483 | 370 ool-1-worker-134 | DEBUG | d.t.c.a.a.c.u.util.UserUtilService   : Removing 5 users from all courses. Done
    23:43:52.483 | 370 ool-1-worker-134 | DEBUG | d.t.c.a.a.c.u.util.UserUtilService   : Save 5 users to database...
    23:43:52.510 | 370 ool-1-worker-134 | DEBUG | d.t.c.a.a.c.u.util.UserUtilService   : Save 5 users to database. Done
    23:43:52.662 | 370 ool-1-worker-134 | INFO  | i.z.t.d.l.EmbeddedDatabaseReporter   : JDBC URL to connect to 'dataSource': url='jdbc:h2:tcp://localhost:41063/mem:736625c0-cf5e-400d-aeaa-8a7eabd6262b;USER=sa', scope='StudentExamIntegrationTest#testGetAllTestRunSubmissionsForExercise_noTestRunSubmissions'
    23:43:52.670 | 370 ool-1-worker-134 | DEBUG | d.t.c.a.a.c.s.f.ApiVersionFilter     : Adding Version to Request GET /api/exercises/2092/test-run-submissions
    23:43:52.670 | 370 ool-1-worker-134 | DEBUG | d.t.c.a.a.e.web.SubmissionResource   : REST request to get all test run submissions for exercise 2092

  Starting logs for StudentExamIntegrationTest > testGradedFinalExamSummaryWithBonusExam(boolean) [1] asStudent=true
    23:43:52.711 | 370 ool-1-worker-134 | DEBUG | d.t.c.a.a.c.u.util.UserUtilService   : Generate 2 students...
    23:43:52.714 | 370 ool-1-worker-134 | DEBUG | d.t.c.a.a.c.u.util.UserUtilService   : 2 students generated. Generate 1 tutors...
    23:43:52.717 | 370 ool-1-worker-134 | DEBUG | d.t.c.a.a.c.u.util.UserUtilService   : 1 tutors generated. Generate 0 editors...
    23:43:52.718 | 370 ool-1-worker-134 | DEBUG | d.t.c.a.a.c.u.util.UserUtilService   : 0 editors generated. Generate 2 instructors...
    23:43:52.722 | 370 ool-1-worker-134 | DEBUG | d.t.c.a.a.c.u.util.UserUtilService   : 2 instructors generated
    23:43:52.723 | 370 ool-1-worker-134 | DEBUG | d.t.c.a.a.c.u.util.UserUtilService   : Removing 5 users from all courses...
    23:43:52.724 | 370 ool-1-worker-134 | DEBUG | d.t.c.a.a.c.u.util.UserUtilService   : Removing 5 users from all courses. Done
    23:43:52.724 | 370 ool-1-worker-134 | DEBUG | d.t.c.a.a.c.u.util.UserUtilService   : Save 5 users to database...
    23:43:52.750 | 370 ool-1-worker-134 | DEBUG | d.t.c.a.a.c.u.util.UserUtilService   : Save 5 users to database. Done
    23:43:52.832 | 370 ool-1-worker-134 | INFO  | i.z.t.d.l.EmbeddedDatabaseReporter   : JDBC URL to connect to 'dataSource': url='jdbc:h2:tcp://localhost:41063/mem:736625c0-cf5e-400d-aeaa-8a7eabd6262b;USER=sa', scope='StudentExamIntegrationTest#testGradedFinalExamSummaryWithBonusExam'
    23:43:52.867 | 370 ool-1-worker-134 | DEBUG | d.t.c.a.a.c.s.f.ApiVersionFilter     : Adding Version to Request POST /api/courses/594/exams/1113/generate-student-exams
    23:43:52.868 | 370 ool-1-worker-134 | INFO  | d.t.c.a.a.exam.web.ExamResource      : REST request to generate student exams for exam 1113
    23:43:52.874 | 370 ool-1-worker-134 | INFO  | d.t.c.a.a.e.s.ExamDeletionService    : User studexaminstructor1 has requested to delete existing student exams and participations for exam Real exam 1
    23:43:52.876 | 370 ool-1-worker-134 | INFO  | d.t.c.a.a.e.s.ParticipationService   : Request to delete all 0 participations of exercise with id : 2106
    23:43:52.877 | 370 ool-1-worker-134 | INFO  | d.t.c.a.a.e.s.ParticipationService   : Request to delete all 0 participations of exercise with id : 2107
    23:43:52.878 | 370 ool-1-worker-134 | INFO  | d.t.c.a.a.e.s.ParticipationService   : Request to delete all 0 participations of exercise with id : 2108
    23:43:52.879 | 370 ool-1-worker-134 | INFO  | d.t.c.a.a.e.s.ParticipationService   : Request to delete all 0 participations of exercise with id : 2109
    23:43:52.880 | 370 ool-1-worker-134 | INFO  | d.t.c.a.a.e.s.ParticipationService   : Request to delete all 0 participations of exercise with id : 2110
    23:43:52.881 | 370 ool-1-worker-134 | INFO  | d.t.c.a.a.e.s.ParticipationService   : Request to delete all 0 participations of exercise with id : 2111
    23:43:52.882 | 370 ool-1-worker-134 | INFO  | d.t.c.a.a.e.s.ParticipationService   : Request to delete all 0 participations of exercise with id : 2112
    23:43:52.883 | 370 ool-1-worker-134 | INFO  | d.t.c.a.a.e.s.ParticipationService   : Request to delete all 0 participations of exercise with id : 2113
    23:43:52.884 | 370 ool-1-worker-134 | INFO  | d.t.c.a.a.e.s.ParticipationService   : Request to delete all 0 participations of exercise with id : 2114
    23:43:52.885 | 370 ool-1-worker-134 | INFO  | d.t.c.a.a.e.s.ParticipationService   : Request to delete all 0 participations of exercise with id : 2115
    23:43:52.886 | 370 ool-1-worker-134 | INFO  | d.t.c.a.a.e.s.ParticipationService   : Request to delete all 0 participations of exercise with id : 2116
    23:43:52.887 | 370 ool-1-worker-134 | INFO  | d.t.c.a.a.exam.web.ExamResource      : Generated 1 student exams in 19.77ms for exam 1113
    23:43:52.908 | 370 ool-1-worker-134 | DEBUG | d.t.c.a.a.c.s.f.ApiVersionFilter     : Adding Version to Request POST /api/courses/594/exams/1113/student-exams/start-exercises
    23:43:52.914 | 370 ool-1-worker-134 | DEBUG | d.t.c.a.a.exam.service.ExamService   : Finished combination of template commits for programming exercise ProgrammingExercise{id=2116, templateRepositoryUri='https://version-control.fake.fake/git/SHORT5688773E03BF3048BD0A66E0F0E86995F45AT2AB/short5688773e03bf3048bd0a66e0f0e86995f45at2ab-exercise.git', solutionRepositoryUri='https://version-control.fake.fake/git/SHORT5688773E03BF3048BD0A66E0F0E86995F45AT2AB/short5688773e03bf3048bd0a66e0f0e86995f45at2ab-solution.git', templateBuildPlanId='SHORT5688773E03BF3048BD0A66E0F0E86995F45AT2AB-BASE', solutionBuildPlanId='SHORT5688773E03BF3048BD0A66E0F0E86995F45AT2AB-SOLUTION', allowOnlineEditor='null', allowOnlineIde='false', programmingLanguage='JAVA', packageName='de.test'', testCasesChanged='false'}
    23:43:52.915 | 370 ool-1-worker-134 | INFO  | d.t.c.a.a.e.web.StudentExamResource  : REST request to start exercises for student exams of exam 1113
    23:43:52.936 | 960 ol-6080-thread-1 | INFO  | d.t.c.a.a.e.s.StudentExamService     : SUCCESS: Start exercise for student exam 657 and exercise 2107 and student studexamstudent1
    23:43:52.958 | 960 ol-6080-thread-1 | INFO  | d.t.c.a.a.e.s.StudentExamService     : SUCCESS: Start exercise for student exam 657 and exercise 2109 and student studexamstudent1
    23:43:52.973 | 960 ol-6080-thread-1 | INFO  | d.t.c.a.a.e.s.StudentExamService     : SUCCESS: Start exercise for student exam 657 and exercise 2111 and student studexamstudent1
    23:43:53.046 | 960 ol-6080-thread-1 | INFO  | d.t.c.a.a.e.s.StudentExamService     : SUCCESS: Start exercise for student exam 657 and exercise 2112 and student studexamstudent1
    23:43:53.053 | 960 ol-6080-thread-1 | INFO  | d.t.c.a.a.e.s.StudentExamService     : SUCCESS: Start exercise for student exam 657 and exercise 2114 and student studexamstudent1
    23:43:53.059 | 960 ol-6080-thread-1 | INFO  | d.t.c.a.a.e.s.StudentExamService     : SUCCESS: Start exercise for student exam 657 and exercise 2115 and student studexamstudent1
    23:43:53.065 | 960 ol-6080-thread-1 | DEBUG | d.t.c.a.a.p.service.GitService       : Cloning from file:/tmp/exerciseOriginRepo1472193357123177848/ to repos/server-integration-test/studentOriginRepo3182187204559260728
    23:43:53.082 | 960 ol-6080-thread-1 | ERROR | .a.a.p.s.j.b.JenkinsBuildPlanService : Pipeline Script not found
java.lang.IllegalArgumentException: Pipeline Script not found
	at de.tum.cit.aet.artemis.programming.service.jenkins.build_plan.JenkinsBuildPlanUtils.replaceScriptParameters(JenkinsBuildPlanUtils.java:22)
	at de.tum.cit.aet.artemis.programming.service.jenkins.build_plan.JenkinsBuildPlanService.updateBuildPlanURLs(JenkinsBuildPlanService.java:245)
	at de.tum.cit.aet.artemis.programming.service.jenkins.build_plan.JenkinsBuildPlanService.copyBuildPlan(JenkinsBuildPlanService.java:293)
	at de.tum.cit.aet.artemis.programming.service.jenkins.JenkinsService.copyBuildPlan(JenkinsService.java:128)
	at java.base/java.lang.invoke.MethodHandle.invokeWithArguments(MethodHandle.java:733)
	at org.mockito.internal.util.reflection.InstrumentationMemberAccessor$Dispatcher$ByteBuddy$oog9jsgw.invokeWithArguments(Unknown Source)
	at org.mockito.internal.util.reflection.InstrumentationMemberAccessor.invoke(InstrumentationMemberAccessor.java:251)
	at org.mockito.internal.util.reflection.ModuleMemberAccessor.invoke(ModuleMemberAccessor.java:55)
	at org.mockito.internal.creation.bytebuddy.MockMethodAdvice.tryInvoke(MockMethodAdvice.java:314)
	at org.mockito.internal.creation.bytebuddy.MockMethodAdvice$RealMethodCall.invoke(MockMethodAdvice.java:234)
	at org.mockito.internal.invocation.InterceptedInvocation.callRealMethod(InterceptedInvocation.java:142)
	at org.mockito.internal.stubbing.answers.CallsRealMethods.answer(CallsRealMethods.java:45)
	at org.mockito.Answers.answer(Answers.java:90)
	at org.mockito.internal.handler.MockHandlerImpl.handle(MockHandlerImpl.java:111)
	at org.mockito.internal.handler.NullResultGuardian.handle(NullResultGuardian.java:29)
	at org.mockito.internal.handler.InvocationNotifierHandler.handle(InvocationNotifierHandler.java:34)
	at org.mockito.internal.creation.bytebuddy.MockMethodInterceptor.doIntercept(MockMethodInterceptor.java:82)
	at org.mockito.internal.creation.bytebuddy.MockMethodAdvice.handle(MockMethodAdvice.java:134)
	at de.tum.cit.aet.artemis.programming.service.jenkins.JenkinsService.copyBuildPlan(JenkinsService.java:126)
	at de.tum.cit.aet.artemis.exercise.service.ParticipationService.copyBuildPlan(ParticipationService.java:518)
	at de.tum.cit.aet.artemis.exercise.service.ParticipationService.startProgrammingParticipation(ParticipationService.java:296)
	at de.tum.cit.aet.artemis.exercise.service.ParticipationService.startProgrammingExercise(ParticipationService.java:265)
	at de.tum.cit.aet.artemis.exercise.service.ParticipationService.startExerciseWithInitializationDate(ParticipationService.java:192)
	at de.tum.cit.aet.artemis.exercise.service.ParticipationService.startExercise(ParticipationService.java:151)
	at de.tum.cit.aet.artemis.exam.service.StudentExamService.setUpExerciseParticipationsAndSubmissionsWithInitializationDate(StudentExamService.java:686)
	at de.tum.cit.aet.artemis.exam.service.StudentExamService.setUpExerciseParticipationsAndSubmissions(StudentExamService.java:800)
	at de.tum.cit.aet.artemis.exam.service.StudentExamService.lambda$startExercises$15(StudentExamService.java:735)
	at java.base/java.util.concurrent.CompletableFuture$AsyncRun.run(CompletableFuture.java:1804)
	at java.base/java.util.concurrent.ThreadPoolExecutor.runWorker(ThreadPoolExecutor.java:1144)
	at java.base/java.util.concurrent.ThreadPoolExecutor$Worker.run(ThreadPoolExecutor.java:642)
	at java.base/java.lang.Thread.run(Thread.java:1583)
    23:43:53.088 | 960 ol-6080-thread-1 | ERROR | .a.a.p.s.j.b.JenkinsBuildPlanService : Pipeline Script not found
java.lang.IllegalArgumentException: Pipeline Script not found
	at de.tum.cit.aet.artemis.programming.service.jenkins.build_plan.JenkinsBuildPlanUtils.replaceScriptParameters(JenkinsBuildPlanUtils.java:29)
	at de.tum.cit.aet.artemis.programming.service.jenkins.build_plan.JenkinsBuildPlanService.updateBuildPlanRepositories(JenkinsBuildPlanService.java:219)
	at de.tum.cit.aet.artemis.programming.service.jenkins.build_plan.JenkinsBuildPlanService.configureBuildPlanForParticipation(JenkinsBuildPlanService.java:196)
	at de.tum.cit.aet.artemis.programming.service.jenkins.JenkinsService.configureBuildPlan(JenkinsService.java:138)
	at java.base/java.lang.invoke.MethodHandle.invokeWithArguments(MethodHandle.java:733)
	at org.mockito.internal.util.reflection.InstrumentationMemberAccessor$Dispatcher$ByteBuddy$oog9jsgw.invokeWithArguments(Unknown Source)
	at org.mockito.internal.util.reflection.InstrumentationMemberAccessor.invoke(InstrumentationMemberAccessor.java:251)
	at org.mockito.internal.util.reflection.ModuleMemberAccessor.invoke(ModuleMemberAccessor.java:55)
	at org.mockito.internal.creation.bytebuddy.MockMethodAdvice.tryInvoke(MockMethodAdvice.java:314)
	at org.mockito.internal.creation.bytebuddy.MockMethodAdvice$RealMethodCall.invoke(MockMethodAdvice.java:234)
	at org.mockito.internal.invocation.InterceptedInvocation.callRealMethod(InterceptedInvocation.java:142)
	at org.mockito.internal.stubbing.answers.CallsRealMethods.answer(CallsRealMethods.java:45)
	at org.mockito.Answers.answer(Answers.java:90)
	at org.mockito.internal.handler.MockHandlerImpl.handle(MockHandlerImpl.java:111)
	at org.mockito.internal.handler.NullResultGuardian.handle(NullResultGuardian.java:29)
	at org.mockito.internal.handler.InvocationNotifierHandler.handle(InvocationNotifierHandler.java:34)
	at org.mockito.internal.creation.bytebuddy.MockMethodInterceptor.doIntercept(MockMethodInterceptor.java:82)
	at org.mockito.internal.creation.bytebuddy.MockMethodAdvice.handle(MockMethodAdvice.java:134)
	at de.tum.cit.aet.artemis.programming.service.jenkins.JenkinsService.configureBuildPlan(JenkinsService.java:138)
	at de.tum.cit.aet.artemis.exercise.service.ParticipationService.configureBuildPlan(ParticipationService.java:532)
	at de.tum.cit.aet.artemis.exercise.service.ParticipationService.startProgrammingParticipation(ParticipationService.java:298)
	at de.tum.cit.aet.artemis.exercise.service.ParticipationService.startProgrammingExercise(ParticipationService.java:265)
	at de.tum.cit.aet.artemis.exercise.service.ParticipationService.startExerciseWithInitializationDate(ParticipationService.java:192)
	at de.tum.cit.aet.artemis.exercise.service.ParticipationService.startExercise(ParticipationService.java:151)
	at de.tum.cit.aet.artemis.exam.service.StudentExamService.setUpExerciseParticipationsAndSubmissionsWithInitializationDate(StudentExamService.java:686)
	at de.tum.cit.aet.artemis.exam.service.StudentExamService.setUpExerciseParticipationsAndSubmissions(StudentExamService.java:800)
	at de.tum.cit.aet.artemis.exam.service.StudentExamService.lambda$startExercises$15(StudentExamService.java:735)
	at java.base/java.util.concurrent.CompletableFuture$AsyncRun.run(CompletableFuture.java:1804)
	at java.base/java.util.concurrent.ThreadPoolExecutor.runWorker(ThreadPoolExecutor.java:1144)
	at java.base/java.util.concurrent.ThreadPoolExecutor$Worker.run(ThreadPoolExecutor.java:642)
	at java.base/java.lang.Thread.run(Thread.java:1583)
    23:43:53.094 | 960 ol-6080-thread-1 | INFO  | d.t.c.a.a.e.s.StudentExamService     : SUCCESS: Start exercise for student exam 657 and exercise 2116 and student studexamstudent1
    23:43:53.095 | 370 ool-1-worker-134 | INFO  | d.t.c.a.a.e.web.StudentExamResource  : Generated 7 participations in 186.03ms for student exams of exam 1113
    23:43:53.097 | 370 ool-1-worker-134 | DEBUG | d.t.c.a.a.c.s.f.ApiVersionFilter     : Adding Version to Request GET /api/courses/594/exams/1113/student-exams/start-exercises/status
    23:43:53.102 | 370 ool-1-worker-134 | DEBUG | d.t.c.a.a.c.s.f.ApiVersionFilter     : Adding Version to Request GET /api/courses/594/exams/1113/student-exams/657/conduction
    23:43:53.103 | 370 ool-1-worker-134 | DEBUG | d.t.c.a.a.e.web.StudentExamResource  : REST request to get the student exam of user studexamstudent1 for exam 1113
    23:43:53.110 | 370 ool-1-worker-134 | DEBUG | d.t.c.a.a.e.s.ExamSessionService     : Exam session started
    23:43:53.111 | 370 ool-1-worker-134 | INFO  | d.t.c.a.a.e.web.StudentExamResource  : getStudentExamForConduction done in 8ms for 7 exercises for user studexamstudent1
    23:43:53.116 | 370 ool-1-worker-134 | DEBUG | d.t.c.a.a.c.s.f.ApiVersionFilter     : Adding Version to Request PUT /api/exercises/2107/text-submissions
    23:43:53.116 | 370 ool-1-worker-134 | DEBUG | d.t.c.a.a.t.w.TextSubmissionResource : REST request to update text submission: TextSubmission{id=903, text='New Text', language='null'}
    23:43:53.129 | 370 ool-1-worker-134 | INFO  | d.t.c.a.a.t.w.TextSubmissionResource : handleTextSubmission took 13ms for exercise 2107 and user studexamstudent1
    23:43:53.131 | 370 ool-1-worker-134 | DEBUG | d.t.c.a.a.c.s.f.ApiVersionFilter     : Adding Version to Request PUT /api/exercises/2109/submissions/exam
    23:43:53.133 | 370 ool-1-worker-134 | DEBUG | d.t.c.a.a.q.w.QuizSubmissionResource : REST request to submit QuizSubmission for exam : QuizSubmission{id=904, scoreInPoints='null'}
    23:43:53.147 | 370 ool-1-worker-134 | DEBUG | .a.q.s.AbstractQuizSubmissionService : submit exam quiz finished: QuizSubmission{id=904, scoreInPoints='null'}
    23:43:53.147 | 370 ool-1-worker-134 | INFO  | d.t.c.a.a.q.w.QuizSubmissionResource : submitQuizForExam took 14ms for exercise 2109 and user studexamstudent1
    23:43:53.156 | 370 ool-1-worker-134 | DEBUG | d.t.c.a.a.c.s.f.ApiVersionFilter     : Adding Version to Request PUT /api/exercises/2112/modeling-submissions
    23:43:53.169 | 370 ool-1-worker-134 | INFO  | c.a.a.m.w.ModelingSubmissionResource : save took 12ms for exercise 2112 and user studexamstudent1
    23:43:53.171 | 370 ool-1-worker-134 | DEBUG | d.t.c.a.a.c.s.f.ApiVersionFilter     : Adding Version to Request PUT /api/exercises/2114/text-submissions
    23:43:53.172 | 370 ool-1-worker-134 | DEBUG | d.t.c.a.a.t.w.TextSubmissionResource : REST request to update text submission: TextSubmission{id=907, text='New Text', language='null'}
    23:43:53.185 | 370 ool-1-worker-134 | INFO  | d.t.c.a.a.t.w.TextSubmissionResource : handleTextSubmission took 13ms for exercise 2114 and user studexamstudent1
    23:43:53.187 | 370 ool-1-worker-134 | DEBUG | d.t.c.a.a.c.s.f.ApiVersionFilter     : Adding Version to Request PUT /api/exercises/2115/text-submissions
    23:43:53.187 | 370 ool-1-worker-134 | DEBUG | d.t.c.a.a.t.w.TextSubmissionResource : REST request to update text submission: TextSubmission{id=908, text='New Text', language='null'}
    23:43:53.199 | 370 ool-1-worker-134 | INFO  | d.t.c.a.a.t.w.TextSubmissionResource : handleTextSubmission took 12ms for exercise 2115 and user studexamstudent1
    23:43:53.201 | 370 ool-1-worker-134 | DEBUG | d.t.c.a.a.c.s.f.ApiVersionFilter     : Adding Version to Request POST /api/programming-submissions/1408/trigger-build
    23:43:53.209 | 370 ool-1-worker-134 | DEBUG | d.t.c.a.a.c.s.f.ApiVersionFilter     : Adding Version to Request POST /api/courses/594/exams/1113/student-exams/submit
    23:43:53.211 | 370 ool-1-worker-134 | DEBUG | d.t.c.a.a.e.web.StudentExamResource  : REST request to mark the studentExam as submitted : 657
    23:43:53.214 | 370 ool-1-worker-134 | DEBUG | d.t.c.a.a.e.web.StudentExamResource  : Completed input validation for submitStudentExam in 2.47ms
    23:43:53.214 | 370 ool-1-worker-134 | DEBUG | d.t.c.a.a.e.s.StudentExamService     : Submit student exam with id 657
    23:43:53.215 | 370 ool-1-worker-134 | DEBUG | d.t.c.a.a.e.s.StudentExamService     :     Set student exam to submitted in 738µs
    23:43:53.218 | 370 ool-1-worker-134 | DEBUG | d.t.c.a.a.e.s.StudentExamService     :     Potentially save submissions in 3.19ms
    23:43:53.218 | 370 ool-1-worker-134 | DEBUG | d.t.c.a.a.e.s.StudentExamService     :     Lock student repositories in 29µs
    23:43:53.218 | 370 ool-1-worker-134 | INFO  | d.t.c.a.a.e.web.StudentExamResource  : Completed submitStudentExam with 7 exercises for user studexamstudent1 in a total time of 6.63ms
    23:43:53.220 | 370 ool-1-worker-134 | DEBUG | d.t.c.a.a.c.s.f.ApiVersionFilter     : Adding Version to Request GET /api/courses/594/exams/1113/student-exams/657/summary
    23:43:53.221 | 370 ool-1-worker-134 | DEBUG | d.t.c.a.a.e.web.StudentExamResource  : REST request to get the student exam of user studexamstudent1 for exam 1113
    23:43:53.227 | 370 ool-1-worker-134 | INFO  | d.t.c.a.a.e.web.StudentExamResource  : getStudentExamForSummary done in 7ms for 7 exercises for user studexamstudent1
    23:43:53.233 | 370 ool-1-worker-134 | DEBUG | .c.s.m.InstanceMessageReceiveService : Received schedule participant score for exercise 2107 and participant 671 (result to be deleted: null)
    23:43:53.233 | 370 ool-1-worker-134 | DEBUG | .a.s.ParticipantScoreScheduleService : Scheduled task for exercise 2107 and participant 671 at 2025-02-14T23:43:53.333235828Z[Etc/UTC].
    23:43:53.238 | 370 ool-1-worker-134 | DEBUG | .c.s.m.InstanceMessageReceiveService : Received schedule participant score for exercise 2107 and participant 671 (result to be deleted: null)
    23:43:53.238 | 370 ool-1-worker-134 | DEBUG | .a.s.ParticipantScoreScheduleService : Scheduled task for exercise 2107 and participant 671 at 2025-02-14T23:43:53.338878461Z[Etc/UTC].
    23:43:53.239 | 370 ool-1-worker-134 | DEBUG | .c.s.m.InstanceMessageReceiveService : Received schedule participant score for exercise 2111 and participant 671 (result to be deleted: null)
    23:43:53.239 | 370 ool-1-worker-134 | DEBUG | .a.s.ParticipantScoreScheduleService : Scheduled task for exercise 2111 and participant 671 at 2025-02-14T23:43:53.339688311Z[Etc/UTC].
    23:43:53.244 | 370 ool-1-worker-134 | DEBUG | .c.s.m.InstanceMessageReceiveService : Received schedule participant score for exercise 2111 and participant 671 (result to be deleted: null)
    23:43:53.244 | 370 ool-1-worker-134 | DEBUG | .a.s.ParticipantScoreScheduleService : Scheduled task for exercise 2111 and participant 671 at 2025-02-14T23:43:53.344522406Z[Etc/UTC].
    23:43:53.245 | 370 ool-1-worker-134 | DEBUG | .c.s.m.InstanceMessageReceiveService : Received schedule participant score for exercise 2112 and participant 671 (result to be deleted: null)
    23:43:53.245 | 370 ool-1-worker-134 | DEBUG | .a.s.ParticipantScoreScheduleService : Scheduled task for exercise 2112 and participant 671 at 2025-02-14T23:43:53.345378225Z[Etc/UTC].
    23:43:53.248 | 370 ool-1-worker-134 | DEBUG | .c.s.m.InstanceMessageReceiveService : Received schedule participant score for exercise 2112 and participant 671 (result to be deleted: null)
    23:43:53.248 | 370 ool-1-worker-134 | DEBUG | .a.s.ParticipantScoreScheduleService : Scheduled task for exercise 2112 and participant 671 at 2025-02-14T23:43:53.348893240Z[Etc/UTC].
    23:43:53.249 | 370 ool-1-worker-134 | DEBUG | .c.s.m.InstanceMessageReceiveService : Received schedule participant score for exercise 2114 and participant 671 (result to be deleted: null)
    23:43:53.249 | 370 ool-1-worker-134 | DEBUG | .a.s.ParticipantScoreScheduleService : Scheduled task for exercise 2114 and participant 671 at 2025-02-14T23:43:53.349453214Z[Etc/UTC].
    23:43:53.252 | 370 ool-1-worker-134 | DEBUG | .c.s.m.InstanceMessageReceiveService : Received schedule participant score for exercise 2114 and participant 671 (result to be deleted: null)
    23:43:53.252 | 370 ool-1-worker-134 | DEBUG | .a.s.ParticipantScoreScheduleService : Scheduled task for exercise 2114 and participant 671 at 2025-02-14T23:43:53.352740344Z[Etc/UTC].
    23:43:53.253 | 370 ool-1-worker-134 | DEBUG | .c.s.m.InstanceMessageReceiveService : Received schedule participant score for exercise 2115 and participant 671 (result to be deleted: null)
    23:43:53.253 | 370 ool-1-worker-134 | DEBUG | .a.s.ParticipantScoreScheduleService : Scheduled task for exercise 2115 and participant 671 at 2025-02-14T23:43:53.353455969Z[Etc/UTC].
    23:43:53.258 | 370 ool-1-worker-134 | DEBUG | .c.s.m.InstanceMessageReceiveService : Received schedule participant score for exercise 2115 and participant 671 (result to be deleted: null)
    23:43:53.258 | 370 ool-1-worker-134 | DEBUG | .a.s.ParticipantScoreScheduleService : Scheduled task for exercise 2115 and participant 671 at 2025-02-14T23:43:53.358800476Z[Etc/UTC].
    23:43:53.259 | 370 ool-1-worker-134 | DEBUG | .c.s.m.InstanceMessageReceiveService : Received schedule participant score for exercise 2116 and participant 671 (result to be deleted: null)
    23:43:53.259 | 370 ool-1-worker-134 | DEBUG | .a.s.ParticipantScoreScheduleService : Scheduled task for exercise 2116 and participant 671 at 2025-02-14T23:43:53.359378514Z[Etc/UTC].
    23:43:53.262 | 370 ool-1-worker-134 | DEBUG | .c.s.m.InstanceMessageReceiveService : Received schedule participant score for exercise 2116 and participant 671 (result to be deleted: null)
    23:43:53.262 | 370 ool-1-worker-134 | DEBUG | .a.s.ParticipantScoreScheduleService : Scheduled task for exercise 2116 and participant 671 at 2025-02-14T23:43:53.362796157Z[Etc/UTC].
    23:43:53.264 | 370 ool-1-worker-134 | DEBUG | d.t.c.a.a.c.s.f.ApiVersionFilter     : Adding Version to Request POST /api/courses/594/exams/1113/student-exams/evaluate-quiz-exercises
    23:43:53.264 | 370 ool-1-worker-134 | INFO  | d.t.c.a.a.exam.web.ExamResource      : REST request to evaluate quiz exercises of exam 1113
    23:43:53.267 | 370 ool-1-worker-134 | DEBUG | d.t.c.a.a.exam.service.ExamService   : Evaluating 2 quiz exercises in exam 1113
    23:43:53.268 | 370 ool-1-worker-134 | INFO  | d.t.c.a.a.q.s.QuizResultService      : Starting quiz evaluation for quiz 2108
    23:43:53.270 | 370 ool-1-worker-134 | INFO  | d.t.c.a.a.q.s.QuizResultService      : Quiz evaluation for quiz 2108 finished after 2.73ms with 0 created results
    23:43:53.270 | 370 ool-1-worker-134 | DEBUG | d.t.c.a.a.q.s.QuizStatisticService   : update statistics with 0 new results
    23:43:53.271 | 370 ool-1-worker-134 | INFO  | d.t.c.a.a.q.s.QuizResultService      : Statistic update for quiz 2108 finished after 3.58ms
    23:43:53.271 | 370 ool-1-worker-134 | INFO  | d.t.c.a.a.q.s.QuizResultService      : Starting quiz evaluation for quiz 2109
    23:43:53.281 | 370 ool-1-worker-134 | DEBUG | .c.s.m.InstanceMessageReceiveService : Received schedule participant score for exercise 2109 and participant 671 (result to be deleted: null)
    23:43:53.281 | 370 ool-1-worker-134 | DEBUG | .a.s.ParticipantScoreScheduleService : Scheduled task for exercise 2109 and participant 671 at 2025-02-14T23:43:53.381546694Z[Etc/UTC].
    23:43:53.303 | 370 ool-1-worker-134 | DEBUG | .c.s.m.InstanceMessageReceiveService : Received schedule participant score for exercise 2109 and participant 671 (result to be deleted: null)
    23:43:53.303 | 370 ool-1-worker-134 | DEBUG | .a.s.ParticipantScoreScheduleService : Scheduled task for exercise 2109 and participant 671 at 2025-02-14T23:43:53.403874653Z[Etc/UTC].
    23:43:53.304 | 370 ool-1-worker-134 | INFO  | d.t.c.a.a.q.s.QuizResultService      : Quiz evaluation for quiz 2109 finished after 32.75ms with 1 created results
    23:43:53.304 | 370 ool-1-worker-134 | DEBUG | d.t.c.a.a.q.s.QuizStatisticService   : update statistics with 1 new results
    23:43:53.306 | 370 ool-1-worker-134 | INFO  | d.t.c.a.a.q.s.QuizResultService      : Statistic update for quiz 2109 finished after 35.17ms
    23:43:53.306 | 370 ool-1-worker-134 | DEBUG | d.t.c.a.a.exam.service.ExamService   : Evaluated 2 quiz exercises in exam 1113 in 38.80ms
    23:43:53.306 | 370 ool-1-worker-134 | INFO  | d.t.c.a.a.exam.web.ExamResource      : Evaluated 2 quiz exercises of exam 1113
    23:43:53.338 | 327 taskScheduler-2  | DEBUG | .a.s.ParticipantScoreScheduleService : Processing exercise 2107 and participant 671 to update participant scores.
    23:43:53.344 | 327 taskScheduler-2  | DEBUG | .a.s.ParticipantScoreScheduleService : Updating the participant score for exercise 2107 and participant 671 took 6 ms.
    23:43:53.344 | 326 taskScheduler-1  | DEBUG | .a.s.ParticipantScoreScheduleService : Processing exercise 2111 and participant 671 to update participant scores.
    23:43:53.348 | 326 taskScheduler-1  | DEBUG | .a.s.ParticipantScoreScheduleService : Updating the participant score for exercise 2111 and participant 671 took 4 ms.
    23:43:53.348 | 328 taskScheduler-3  | DEBUG | .a.s.ParticipantScoreScheduleService : Processing exercise 2112 and participant 671 to update participant scores.
    23:43:53.349 | 370 ool-1-worker-134 | DEBUG | d.t.c.a.a.c.s.f.ApiVersionFilter     : Adding Version to Request POST /api/courses/595/exams/1114/generate-student-exams
    23:43:53.349 | 370 ool-1-worker-134 | INFO  | d.t.c.a.a.exam.web.ExamResource      : REST request to generate student exams for exam 1114
    23:43:53.353 | 328 taskScheduler-3  | DEBUG | .a.s.ParticipantScoreScheduleService : Updating the participant score for exercise 2112 and participant 671 took 5 ms.
    23:43:53.353 | 328 taskScheduler-3  | DEBUG | .a.s.ParticipantScoreScheduleService : Processing exercise 2114 and participant 671 to update participant scores.
    23:43:53.356 | 370 ool-1-worker-134 | INFO  | d.t.c.a.a.e.s.ExamDeletionService    : User studexaminstructor1 has requested to delete existing student exams and participations for exam Real exam 1
    23:43:53.356 | 370 ool-1-worker-134 | INFO  | d.t.c.a.a.e.s.ParticipationService   : Request to delete all 0 participations of exercise with id : 2117
    23:43:53.358 | 370 ool-1-worker-134 | INFO  | d.t.c.a.a.e.s.ParticipationService   : Request to delete all 0 participations of exercise with id : 2118
    23:43:53.358 | 328 taskScheduler-3  | DEBUG | .a.s.ParticipantScoreScheduleService : Updating the participant score for exercise 2114 and participant 671 took 5 ms.
    23:43:53.358 | 327 taskScheduler-2  | DEBUG | .a.s.ParticipantScoreScheduleService : Processing exercise 2115 and participant 671 to update participant scores.
    23:43:53.359 | 370 ool-1-worker-134 | INFO  | d.t.c.a.a.e.s.ParticipationService   : Request to delete all 0 participations of exercise with id : 2119
    23:43:53.360 | 370 ool-1-worker-134 | INFO  | d.t.c.a.a.e.s.ParticipationService   : Request to delete all 0 participations of exercise with id : 2120
    23:43:53.361 | 370 ool-1-worker-134 | INFO  | d.t.c.a.a.e.s.ParticipationService   : Request to delete all 0 participations of exercise with id : 2121
    23:43:53.362 | 370 ool-1-worker-134 | INFO  | d.t.c.a.a.e.s.ParticipationService   : Request to delete all 0 participations of exercise with id : 2122
    23:43:53.362 | 326 taskScheduler-1  | DEBUG | .a.s.ParticipantScoreScheduleService : Processing exercise 2116 and participant 671 to update participant scores.
    23:43:53.363 | 370 ool-1-worker-134 | INFO  | d.t.c.a.a.e.s.ParticipationService   : Request to delete all 0 participations of exercise with id : 2123
    23:43:53.364 | 370 ool-1-worker-134 | INFO  | d.t.c.a.a.e.s.ParticipationService   : Request to delete all 0 participations of exercise with id : 2124
    23:43:53.365 | 327 taskScheduler-2  | DEBUG | .a.s.ParticipantScoreScheduleService : Updating the participant score for exercise 2115 and participant 671 took 7 ms.
    23:43:53.366 | 370 ool-1-worker-134 | INFO  | d.t.c.a.a.e.s.ParticipationService   : Request to delete all 0 participations of exercise with id : 2125
    23:43:53.367 | 370 ool-1-worker-134 | INFO  | d.t.c.a.a.e.s.ParticipationService   : Request to delete all 0 participations of exercise with id : 2126
    23:43:53.368 | 370 ool-1-worker-134 | INFO  | d.t.c.a.a.e.s.ParticipationService   : Request to delete all 0 participations of exercise with id : 2127
    23:43:53.369 | 326 taskScheduler-1  | DEBUG | .a.s.ParticipantScoreScheduleService : Updating the participant score for exercise 2116 and participant 671 took 7 ms.
    23:43:53.370 | 370 ool-1-worker-134 | INFO  | d.t.c.a.a.exam.web.ExamResource      : Generated 1 student exams in 20.82ms for exam 1114
    23:43:53.384 | 370 ool-1-worker-134 | DEBUG | d.t.c.a.a.c.s.f.ApiVersionFilter     : Adding Version to Request POST /api/courses/595/exams/1114/student-exams/start-exercises
    23:43:53.389 | 370 ool-1-worker-134 | DEBUG | d.t.c.a.a.exam.service.ExamService   : Finished combination of template commits for programming exercise ProgrammingExercise{id=2127, templateRepositoryUri='https://version-control.fake.fake/git/SHORTA5F6F2100A2DA0489B09E8E03FA18F59E4A9T0BB/shorta5f6f2100a2da0489b09e8e03fa18f59e4a9t0bb-exercise.git', solutionRepositoryUri='https://version-control.fake.fake/git/SHORTA5F6F2100A2DA0489B09E8E03FA18F59E4A9T0BB/shorta5f6f2100a2da0489b09e8e03fa18f59e4a9t0bb-solution.git', templateBuildPlanId='SHORTA5F6F2100A2DA0489B09E8E03FA18F59E4A9T0BB-BASE', solutionBuildPlanId='SHORTA5F6F2100A2DA0489B09E8E03FA18F59E4A9T0BB-SOLUTION', allowOnlineEditor='null', allowOnlineIde='false', programmingLanguage='JAVA', packageName='de.test'', testCasesChanged='false'}
    23:43:53.389 | 370 ool-1-worker-134 | INFO  | d.t.c.a.a.e.web.StudentExamResource  : REST request to start exercises for student exams of exam 1114
    23:43:53.398 | 962 ol-6200-thread-1 | INFO  | d.t.c.a.a.e.s.StudentExamService     : SUCCESS: Start exercise for student exam 658 and exercise 2117 and student studexamstudent1
    23:43:53.403 | 327 taskScheduler-2  | DEBUG | .a.s.ParticipantScoreScheduleService : Processing exercise 2109 and participant 671 to update participant scores.
    23:43:53.406 | 962 ol-6200-thread-1 | INFO  | d.t.c.a.a.e.s.StudentExamService     : SUCCESS: Start exercise for student exam 658 and exercise 2120 and student studexamstudent1
    23:43:53.409 | 327 taskScheduler-2  | DEBUG | .a.s.ParticipantScoreScheduleService : Updated participant score 227.
    23:43:53.409 | 327 taskScheduler-2  | DEBUG | .a.s.ParticipantScoreScheduleService : Updating the participant score for exercise 2109 and participant 671 took 6 ms.
    23:43:53.412 | 962 ol-6200-thread-1 | INFO  | d.t.c.a.a.e.s.StudentExamService     : SUCCESS: Start exercise for student exam 658 and exercise 2122 and student studexamstudent1
    23:43:53.417 | 962 ol-6200-thread-1 | INFO  | d.t.c.a.a.e.s.StudentExamService     : SUCCESS: Start exercise for student exam 658 and exercise 2123 and student studexamstudent1
    23:43:53.421 | 962 ol-6200-thread-1 | INFO  | d.t.c.a.a.e.s.StudentExamService     : SUCCESS: Start exercise for student exam 658 and exercise 2125 and student studexamstudent1
    23:43:53.426 | 962 ol-6200-thread-1 | INFO  | d.t.c.a.a.e.s.StudentExamService     : SUCCESS: Start exercise for student exam 658 and exercise 2126 and student studexamstudent1
    23:43:53.430 | 962 ol-6200-thread-1 | DEBUG | d.t.c.a.a.p.service.GitService       : Cloning from file:/tmp/exerciseOriginRepo1472193357123177848/ to repos/server-integration-test/studentOriginRepo6039636719353250551
    23:43:53.484 | 962 ol-6200-thread-1 | ERROR | .a.a.p.s.j.b.JenkinsBuildPlanService : Pipeline Script not found
java.lang.IllegalArgumentException: Pipeline Script not found
	at de.tum.cit.aet.artemis.programming.service.jenkins.build_plan.JenkinsBuildPlanUtils.replaceScriptParameters(JenkinsBuildPlanUtils.java:22)
	at de.tum.cit.aet.artemis.programming.service.jenkins.build_plan.JenkinsBuildPlanService.updateBuildPlanURLs(JenkinsBuildPlanService.java:245)
	at de.tum.cit.aet.artemis.programming.service.jenkins.build_plan.JenkinsBuildPlanService.copyBuildPlan(JenkinsBuildPlanService.java:293)
	at de.tum.cit.aet.artemis.programming.service.jenkins.JenkinsService.copyBuildPlan(JenkinsService.java:128)
	at java.base/java.lang.invoke.MethodHandle.invokeWithArguments(MethodHandle.java:733)
	at org.mockito.internal.util.reflection.InstrumentationMemberAccessor$Dispatcher$ByteBuddy$oog9jsgw.invokeWithArguments(Unknown Source)
	at org.mockito.internal.util.reflection.InstrumentationMemberAccessor.invoke(InstrumentationMemberAccessor.java:251)
	at org.mockito.internal.util.reflection.ModuleMemberAccessor.invoke(ModuleMemberAccessor.java:55)
	at org.mockito.internal.creation.bytebuddy.MockMethodAdvice.tryInvoke(MockMethodAdvice.java:314)
	at org.mockito.internal.creation.bytebuddy.MockMethodAdvice$RealMethodCall.invoke(MockMethodAdvice.java:234)
	at org.mockito.internal.invocation.InterceptedInvocation.callRealMethod(InterceptedInvocation.java:142)
	at org.mockito.internal.stubbing.answers.CallsRealMethods.answer(CallsRealMethods.java:45)
	at org.mockito.Answers.answer(Answers.java:90)
	at org.mockito.internal.handler.MockHandlerImpl.handle(MockHandlerImpl.java:111)
	at org.mockito.internal.handler.NullResultGuardian.handle(NullResultGuardian.java:29)
	at org.mockito.internal.handler.InvocationNotifierHandler.handle(InvocationNotifierHandler.java:34)
	at org.mockito.internal.creation.bytebuddy.MockMethodInterceptor.doIntercept(MockMethodInterceptor.java:82)
	at org.mockito.internal.creation.bytebuddy.MockMethodAdvice.handle(MockMethodAdvice.java:134)
	at de.tum.cit.aet.artemis.programming.service.jenkins.JenkinsService.copyBuildPlan(JenkinsService.java:126)
	at de.tum.cit.aet.artemis.exercise.service.ParticipationService.copyBuildPlan(ParticipationService.java:518)
	at de.tum.cit.aet.artemis.exercise.service.ParticipationService.startProgrammingParticipation(ParticipationService.java:296)
	at de.tum.cit.aet.artemis.exercise.service.ParticipationService.startProgrammingExercise(ParticipationService.java:265)
	at de.tum.cit.aet.artemis.exercise.service.ParticipationService.startExerciseWithInitializationDate(ParticipationService.java:192)
	at de.tum.cit.aet.artemis.exercise.service.ParticipationService.startExercise(ParticipationService.java:151)
	at de.tum.cit.aet.artemis.exam.service.StudentExamService.setUpExerciseParticipationsAndSubmissionsWithInitializationDate(StudentExamService.java:686)
	at de.tum.cit.aet.artemis.exam.service.StudentExamService.setUpExerciseParticipationsAndSubmissions(StudentExamService.java:800)
	at de.tum.cit.aet.artemis.exam.service.StudentExamService.lambda$startExercises$15(StudentExamService.java:735)
	at java.base/java.util.concurrent.CompletableFuture$AsyncRun.run(CompletableFuture.java:1804)
	at java.base/java.util.concurrent.ThreadPoolExecutor.runWorker(ThreadPoolExecutor.java:1144)
	at java.base/java.util.concurrent.ThreadPoolExecutor$Worker.run(ThreadPoolExecutor.java:642)
	at java.base/java.lang.Thread.run(Thread.java:1583)
    23:43:53.492 | 962 ol-6200-thread-1 | ERROR | .a.a.p.s.j.b.JenkinsBuildPlanService : Pipeline Script not found
java.lang.IllegalArgumentException: Pipeline Script not found
	at de.tum.cit.aet.artemis.programming.service.jenkins.build_plan.JenkinsBuildPlanUtils.replaceScriptParameters(JenkinsBuildPlanUtils.java:29)
	at de.tum.cit.aet.artemis.programming.service.jenkins.build_plan.JenkinsBuildPlanService.updateBuildPlanRepositories(JenkinsBuildPlanService.java:219)
	at de.tum.cit.aet.artemis.programming.service.jenkins.build_plan.JenkinsBuildPlanService.configureBuildPlanForParticipation(JenkinsBuildPlanService.java:196)
	at de.tum.cit.aet.artemis.programming.service.jenkins.JenkinsService.configureBuildPlan(JenkinsService.java:138)
	at java.base/java.lang.invoke.MethodHandle.invokeWithArguments(MethodHandle.java:733)
	at org.mockito.internal.util.reflection.InstrumentationMemberAccessor$Dispatcher$ByteBuddy$oog9jsgw.invokeWithArguments(Unknown Source)
	at org.mockito.internal.util.reflection.InstrumentationMemberAccessor.invoke(InstrumentationMemberAccessor.java:251)
	at org.mockito.internal.util.reflection.ModuleMemberAccessor.invoke(ModuleMemberAccessor.java:55)
	at org.mockito.internal.creation.bytebuddy.MockMethodAdvice.tryInvoke(MockMethodAdvice.java:314)
	at org.mockito.internal.creation.bytebuddy.MockMethodAdvice$RealMethodCall.invoke(MockMethodAdvice.java:234)
	at org.mockito.internal.invocation.InterceptedInvocation.callRealMethod(InterceptedInvocation.java:142)
	at org.mockito.internal.stubbing.answers.CallsRealMethods.answer(CallsRealMethods.java:45)
	at org.mockito.Answers.answer(Answers.java:90)
	at org.mockito.internal.handler.MockHandlerImpl.handle(MockHandlerImpl.java:111)
	at org.mockito.internal.handler.NullResultGuardian.handle(NullResultGuardian.java:29)
	at org.mockito.internal.handler.InvocationNotifierHandler.handle(InvocationNotifierHandler.java:34)
	at org.mockito.internal.creation.bytebuddy.MockMethodInterceptor.doIntercept(MockMethodInterceptor.java:82)
	at org.mockito.internal.creation.bytebuddy.MockMethodAdvice.handle(MockMethodAdvice.java:134)
	at de.tum.cit.aet.artemis.programming.service.jenkins.JenkinsService.configureBuildPlan(JenkinsService.java:138)
	at de.tum.cit.aet.artemis.exercise.service.ParticipationService.configureBuildPlan(ParticipationService.java:532)
	at de.tum.cit.aet.artemis.exercise.service.ParticipationService.startProgrammingParticipation(ParticipationService.java:298)
	at de.tum.cit.aet.artemis.exercise.service.ParticipationService.startProgrammingExercise(ParticipationService.java:265)
	at de.tum.cit.aet.artemis.exercise.service.ParticipationService.startExerciseWithInitializationDate(ParticipationService.java:192)
	at de.tum.cit.aet.artemis.exercise.service.ParticipationService.startExercise(ParticipationService.java:151)
	at de.tum.cit.aet.artemis.exam.service.StudentExamService.setUpExerciseParticipationsAndSubmissionsWithInitializationDate(StudentExamService.java:686)
	at de.tum.cit.aet.artemis.exam.service.StudentExamService.setUpExerciseParticipationsAndSubmissions(StudentExamService.java:800)
	at de.tum.cit.aet.artemis.exam.service.StudentExamService.lambda$startExercises$15(StudentExamService.java:735)
	at java.base/java.util.concurrent.CompletableFuture$AsyncRun.run(CompletableFuture.java:1804)
	at java.base/java.util.concurrent.ThreadPoolExecutor.runWorker(ThreadPoolExecutor.java:1144)
	at java.base/java.util.concurrent.ThreadPoolExecutor$Worker.run(ThreadPoolExecutor.java:642)
	at java.base/java.lang.Thread.run(Thread.java:1583)
    23:43:53.501 | 962 ol-6200-thread-1 | INFO  | d.t.c.a.a.e.s.StudentExamService     : SUCCESS: Start exercise for student exam 658 and exercise 2127 and student studexamstudent1
    23:43:53.503 | 370 ool-1-worker-134 | INFO  | d.t.c.a.a.e.web.StudentExamResource  : Generated 7 participations in 118.74ms for student exams of exam 1114
    23:43:53.509 | 370 ool-1-worker-134 | DEBUG | d.t.c.a.a.c.s.f.ApiVersionFilter     : Adding Version to Request GET /api/courses/595/exams/1114/student-exams/start-exercises/status
    23:43:53.517 | 370 ool-1-worker-134 | DEBUG | d.t.c.a.a.c.s.f.ApiVersionFilter     : Adding Version to Request GET /api/courses/595/exams/1114/student-exams/658/conduction
    23:43:53.518 | 370 ool-1-worker-134 | DEBUG | d.t.c.a.a.e.web.StudentExamResource  : REST request to get the student exam of user studexamstudent1 for exam 1114
    23:43:53.528 | 370 ool-1-worker-134 | DEBUG | d.t.c.a.a.e.s.ExamSessionService     : Exam session started
    23:43:53.530 | 370 ool-1-worker-134 | INFO  | d.t.c.a.a.e.web.StudentExamResource  : getStudentExamForConduction done in 12ms for 7 exercises for user studexamstudent1
    23:43:53.537 | 370 ool-1-worker-134 | DEBUG | d.t.c.a.a.c.s.f.ApiVersionFilter     : Adding Version to Request PUT /api/exercises/2117/text-submissions
    23:43:53.538 | 370 ool-1-worker-134 | DEBUG | d.t.c.a.a.t.w.TextSubmissionResource : REST request to update text submission: TextSubmission{id=910, text='New Text', language='null'}
    23:43:53.552 | 370 ool-1-worker-134 | INFO  | d.t.c.a.a.t.w.TextSubmissionResource : handleTextSubmission took 14ms for exercise 2117 and user studexamstudent1
    23:43:53.555 | 370 ool-1-worker-134 | DEBUG | d.t.c.a.a.c.s.f.ApiVersionFilter     : Adding Version to Request PUT /api/exercises/2120/submissions/exam
    23:43:53.558 | 370 ool-1-worker-134 | DEBUG | d.t.c.a.a.q.w.QuizSubmissionResource : REST request to submit QuizSubmission for exam : QuizSubmission{id=911, scoreInPoints='null'}
    23:43:53.572 | 370 ool-1-worker-134 | DEBUG | .a.q.s.AbstractQuizSubmissionService : submit exam quiz finished: QuizSubmission{id=911, scoreInPoints='null'}
    23:43:53.572 | 370 ool-1-worker-134 | INFO  | d.t.c.a.a.q.w.QuizSubmissionResource : submitQuizForExam took 14ms for exercise 2120 and user studexamstudent1
    23:43:53.581 | 370 ool-1-worker-134 | DEBUG | d.t.c.a.a.c.s.f.ApiVersionFilter     : Adding Version to Request PUT /api/exercises/2123/modeling-submissions
    23:43:53.597 | 370 ool-1-worker-134 | INFO  | c.a.a.m.w.ModelingSubmissionResource : save took 15ms for exercise 2123 and user studexamstudent1
    23:43:53.599 | 370 ool-1-worker-134 | DEBUG | d.t.c.a.a.c.s.f.ApiVersionFilter     : Adding Version to Request PUT /api/exercises/2125/text-submissions
    23:43:53.600 | 370 ool-1-worker-134 | DEBUG | d.t.c.a.a.t.w.TextSubmissionResource : REST request to update text submission: TextSubmission{id=914, text='New Text', language='null'}
    23:43:53.612 | 370 ool-1-worker-134 | INFO  | d.t.c.a.a.t.w.TextSubmissionResource : handleTextSubmission took 12ms for exercise 2125 and user studexamstudent1
    23:43:53.614 | 370 ool-1-worker-134 | DEBUG | d.t.c.a.a.c.s.f.ApiVersionFilter     : Adding Version to Request PUT /api/exercises/2126/text-submissions
    23:43:53.615 | 370 ool-1-worker-134 | DEBUG | d.t.c.a.a.t.w.TextSubmissionResource : REST request to update text submission: TextSubmission{id=915, text='New Text', language='null'}
    23:43:53.627 | 370 ool-1-worker-134 | INFO  | d.t.c.a.a.t.w.TextSubmissionResource : handleTextSubmission took 12ms for exercise 2126 and user studexamstudent1
    23:43:53.630 | 370 ool-1-worker-134 | DEBUG | d.t.c.a.a.c.s.f.ApiVersionFilter     : Adding Version to Request POST /api/programming-submissions/1418/trigger-build
    23:43:53.639 | 370 ool-1-worker-134 | DEBUG | d.t.c.a.a.c.s.f.ApiVersionFilter     : Adding Version to Request POST /api/courses/595/exams/1114/student-exams/submit
    23:43:53.641 | 370 ool-1-worker-134 | DEBUG | d.t.c.a.a.e.web.StudentExamResource  : REST request to mark the studentExam as submitted : 658
    23:43:53.644 | 370 ool-1-worker-134 | DEBUG | d.t.c.a.a.e.web.StudentExamResource  : Completed input validation for submitStudentExam in 2.93ms
    23:43:53.644 | 370 ool-1-worker-134 | DEBUG | d.t.c.a.a.e.s.StudentExamService     : Submit student exam with id 658
    23:43:53.645 | 370 ool-1-worker-134 | DEBUG | d.t.c.a.a.e.s.StudentExamService     :     Set student exam to submitted in 695µs
    23:43:53.648 | 370 ool-1-worker-134 | DEBUG | d.t.c.a.a.e.s.StudentExamService     :     Potentially save submissions in 3.36ms
    23:43:53.648 | 370 ool-1-worker-134 | DEBUG | d.t.c.a.a.e.s.StudentExamService     :     Lock student repositories in 66µs
    23:43:53.649 | 370 ool-1-worker-134 | INFO  | d.t.c.a.a.e.web.StudentExamResource  : Completed submitStudentExam with 7 exercises for user studexamstudent1 in a total time of 7.23ms
    23:43:53.650 | 370 ool-1-worker-134 | DEBUG | d.t.c.a.a.c.s.f.ApiVersionFilter     : Adding Version to Request GET /api/courses/595/exams/1114/student-exams/658/summary
    23:43:53.652 | 370 ool-1-worker-134 | DEBUG | d.t.c.a.a.e.web.StudentExamResource  : REST request to get the student exam of user studexamstudent1 for exam 1114
    23:43:53.658 | 370 ool-1-worker-134 | INFO  | d.t.c.a.a.e.web.StudentExamResource  : getStudentExamForSummary done in 7ms for 7 exercises for user studexamstudent1
    23:43:53.665 | 370 ool-1-worker-134 | DEBUG | .c.s.m.InstanceMessageReceiveService : Received schedule participant score for exercise 2117 and participant 671 (result to be deleted: null)
    23:43:53.666 | 370 ool-1-worker-134 | DEBUG | .a.s.ParticipantScoreScheduleService : Scheduled task for exercise 2117 and participant 671 at 2025-02-14T23:43:53.765952612Z[Etc/UTC].
    23:43:53.680 | 370 ool-1-worker-134 | DEBUG | .c.s.m.InstanceMessageReceiveService : Received schedule participant score for exercise 2117 and participant 671 (result to be deleted: null)
    23:43:53.680 | 370 ool-1-worker-134 | DEBUG | .a.s.ParticipantScoreScheduleService : Scheduled task for exercise 2117 and participant 671 at 2025-02-14T23:43:53.780135852Z[Etc/UTC].
    23:43:53.682 | 370 ool-1-worker-134 | DEBUG | .c.s.m.InstanceMessageReceiveService : Received schedule participant score for exercise 2122 and participant 671 (result to be deleted: null)
    23:43:53.682 | 370 ool-1-worker-134 | DEBUG | .a.s.ParticipantScoreScheduleService : Scheduled task for exercise 2122 and participant 671 at 2025-02-14T23:43:53.782608453Z[Etc/UTC].
    23:43:53.695 | 370 ool-1-worker-134 | DEBUG | .c.s.m.InstanceMessageReceiveService : Received schedule participant score for exercise 2122 and participant 671 (result to be deleted: null)
    23:43:53.695 | 370 ool-1-worker-134 | DEBUG | .a.s.ParticipantScoreScheduleService : Scheduled task for exercise 2122 and participant 671 at 2025-02-14T23:43:53.795079660Z[Etc/UTC].
    23:43:53.697 | 370 ool-1-worker-134 | DEBUG | .c.s.m.InstanceMessageReceiveService : Received schedule participant score for exercise 2123 and participant 671 (result to be deleted: null)
    23:43:53.697 | 370 ool-1-worker-134 | DEBUG | .a.s.ParticipantScoreScheduleService : Scheduled task for exercise 2123 and participant 671 at 2025-02-14T23:43:53.797362558Z[Etc/UTC].
    23:43:53.708 | 370 ool-1-worker-134 | DEBUG | .c.s.m.InstanceMessageReceiveService : Received schedule participant score for exercise 2123 and participant 671 (result to be deleted: null)
    23:43:53.708 | 370 ool-1-worker-134 | DEBUG | .a.s.ParticipantScoreScheduleService : Scheduled task for exercise 2123 and participant 671 at 2025-02-14T23:43:53.808824012Z[Etc/UTC].
    23:43:53.710 | 370 ool-1-worker-134 | DEBUG | .c.s.m.InstanceMessageReceiveService : Received schedule participant score for exercise 2125 and participant 671 (result to be deleted: null)
    23:43:53.710 | 370 ool-1-worker-134 | DEBUG | .a.s.ParticipantScoreScheduleService : Scheduled task for exercise 2125 and participant 671 at 2025-02-14T23:43:53.810680441Z[Etc/UTC].
    23:43:53.716 | 370 ool-1-worker-134 | DEBUG | .c.s.m.InstanceMessageReceiveService : Received schedule participant score for exercise 2125 and participant 671 (result to be deleted: null)
    23:43:53.716 | 370 ool-1-worker-134 | DEBUG | .a.s.ParticipantScoreScheduleService : Scheduled task for exercise 2125 and participant 671 at 2025-02-14T23:43:53.816181590Z[Etc/UTC].
    23:43:53.716 | 370 ool-1-worker-134 | DEBUG | .c.s.m.InstanceMessageReceiveService : Received schedule participant score for exercise 2126 and participant 671 (result to be deleted: null)
    23:43:53.716 | 370 ool-1-worker-134 | DEBUG | .a.s.ParticipantScoreScheduleService : Scheduled task for exercise 2126 and participant 671 at 2025-02-14T23:43:53.816940556Z[Etc/UTC].
    23:43:53.722 | 370 ool-1-worker-134 | DEBUG | .c.s.m.InstanceMessageReceiveService : Received schedule participant score for exercise 2126 and participant 671 (result to be deleted: null)
    23:43:53.722 | 370 ool-1-worker-134 | DEBUG | .a.s.ParticipantScoreScheduleService : Scheduled task for exercise 2126 and participant 671 at 2025-02-14T23:43:53.822261529Z[Etc/UTC].
    23:43:53.722 | 370 ool-1-worker-134 | DEBUG | .c.s.m.InstanceMessageReceiveService : Received schedule participant score for exercise 2127 and participant 671 (result to be deleted: null)
    23:43:53.723 | 370 ool-1-worker-134 | DEBUG | .a.s.ParticipantScoreScheduleService : Scheduled task for exercise 2127 and participant 671 at 2025-02-14T23:43:53.823017478Z[Etc/UTC].
    23:43:53.728 | 370 ool-1-worker-134 | DEBUG | .c.s.m.InstanceMessageReceiveService : Received schedule participant score for exercise 2127 and participant 671 (result to be deleted: null)
    23:43:53.728 | 370 ool-1-worker-134 | DEBUG | .a.s.ParticipantScoreScheduleService : Scheduled task for exercise 2127 and participant 671 at 2025-02-14T23:43:53.828493090Z[Etc/UTC].
    23:43:53.730 | 370 ool-1-worker-134 | DEBUG | d.t.c.a.a.c.s.f.ApiVersionFilter     : Adding Version to Request POST /api/courses/595/exams/1114/student-exams/evaluate-quiz-exercises
    23:43:53.731 | 370 ool-1-worker-134 | INFO  | d.t.c.a.a.exam.web.ExamResource      : REST request to evaluate quiz exercises of exam 1114
    23:43:53.736 | 370 ool-1-worker-134 | DEBUG | d.t.c.a.a.exam.service.ExamService   : Evaluating 2 quiz exercises in exam 1114
    23:43:53.736 | 370 ool-1-worker-134 | INFO  | d.t.c.a.a.q.s.QuizResultService      : Starting quiz evaluation for quiz 2119
    23:43:53.740 | 370 ool-1-worker-134 | INFO  | d.t.c.a.a.q.s.QuizResultService      : Quiz evaluation for quiz 2119 finished after 4.15ms with 0 created results
    23:43:53.740 | 370 ool-1-worker-134 | DEBUG | d.t.c.a.a.q.s.QuizStatisticService   : update statistics with 0 new results
    23:43:53.741 | 370 ool-1-worker-134 | INFO  | d.t.c.a.a.q.s.QuizResultService      : Statistic update for quiz 2119 finished after 5.52ms
    23:43:53.741 | 370 ool-1-worker-134 | INFO  | d.t.c.a.a.q.s.QuizResultService      : Starting quiz evaluation for quiz 2120
    23:43:53.753 | 370 ool-1-worker-134 | DEBUG | .c.s.m.InstanceMessageReceiveService : Received schedule participant score for exercise 2120 and participant 671 (result to be deleted: null)
    23:43:53.753 | 370 ool-1-worker-134 | DEBUG | .a.s.ParticipantScoreScheduleService : Scheduled task for exercise 2120 and participant 671 at 2025-02-14T23:43:53.853183454Z[Etc/UTC].
    23:43:53.779 | 370 ool-1-worker-134 | DEBUG | .c.s.m.InstanceMessageReceiveService : Received schedule participant score for exercise 2120 and participant 671 (result to be deleted: null)
    23:43:53.779 | 370 ool-1-worker-134 | DEBUG | .a.s.ParticipantScoreScheduleService : Scheduled task for exercise 2120 and participant 671 at 2025-02-14T23:43:53.879431473Z[Etc/UTC].
    23:43:53.779 | 370 ool-1-worker-134 | INFO  | d.t.c.a.a.q.s.QuizResultService      : Quiz evaluation for quiz 2120 finished after 38.36ms with 1 created results
    23:43:53.779 | 370 ool-1-worker-134 | DEBUG | d.t.c.a.a.q.s.QuizStatisticService   : update statistics with 1 new results
    23:43:53.780 | 326 taskScheduler-1  | DEBUG | .a.s.ParticipantScoreScheduleService : Processing exercise 2117 and participant 671 to update participant scores.
    23:43:53.787 | 326 taskScheduler-1  | DEBUG | .a.s.ParticipantScoreScheduleService : Updating the participant score for exercise 2117 and participant 671 took 7 ms.
    23:43:53.787 | 370 ool-1-worker-134 | INFO  | d.t.c.a.a.q.s.QuizResultService      : Statistic update for quiz 2120 finished after 45.90ms
    23:43:53.787 | 370 ool-1-worker-134 | DEBUG | d.t.c.a.a.exam.service.ExamService   : Evaluated 2 quiz exercises in exam 1114 in 51.49ms
    23:43:53.787 | 370 ool-1-worker-134 | INFO  | d.t.c.a.a.exam.web.ExamResource      : Evaluated 2 quiz exercises of exam 1114
    23:43:53.794 | 370 ool-1-worker-134 | DEBUG | .c.s.m.InstanceMessageReceiveService : Received schedule participant score for exercise 2107 and participant 671 (result to be deleted: null)
    23:43:53.794 | 370 ool-1-worker-134 | DEBUG | .a.s.ParticipantScoreScheduleService : Scheduled task for exercise 2107 and participant 671 at 2025-02-14T23:43:53.894197480Z[Etc/UTC].
    23:43:53.795 | 328 taskScheduler-3  | DEBUG | .a.s.ParticipantScoreScheduleService : Processing exercise 2122 and participant 671 to update participant scores.
    23:43:53.796 | 370 ool-1-worker-134 | DEBUG | d.t.c.a.a.c.s.f.ApiVersionFilter     : Adding Version to Request GET /api/courses/594/exams/1113/student-exams/657/grade-summary
    23:43:53.798 | 370 ool-1-worker-134 | DEBUG | d.t.c.a.a.e.web.StudentExamResource  : REST request to get the student exam grades of user with id null for exam 1113 by user studexamstudent1
    23:43:53.808 | 329 taskScheduler-4  | DEBUG | .a.s.ParticipantScoreScheduleService : Processing exercise 2123 and participant 671 to update participant scores.
    23:43:53.810 | 328 taskScheduler-3  | DEBUG | .a.s.ParticipantScoreScheduleService : Updating the participant score for exercise 2122 and participant 671 took 15 ms.
    23:43:53.816 | 328 taskScheduler-3  | DEBUG | .a.s.ParticipantScoreScheduleService : Processing exercise 2125 and participant 671 to update participant scores.
    23:43:53.817 | 329 taskScheduler-4  | DEBUG | .a.s.ParticipantScoreScheduleService : Updating the participant score for exercise 2123 and participant 671 took 9 ms.
    23:43:53.822 | 326 taskScheduler-1  | DEBUG | .a.s.ParticipantScoreScheduleService : Processing exercise 2126 and participant 671 to update participant scores.
    23:43:53.823 | 328 taskScheduler-3  | DEBUG | .a.s.ParticipantScoreScheduleService : Updating the participant score for exercise 2125 and participant 671 took 7 ms.
    23:43:53.827 | 370 ool-1-worker-134 | INFO  | d.t.c.a.a.e.web.StudentExamResource  : getStudentExamGradesForSummary done in 30ms for 7 exercises for target user studexamstudent1 by caller user studexamstudent1
    23:43:53.829 | 326 taskScheduler-1  | DEBUG | .a.s.ParticipantScoreScheduleService : Updating the participant score for exercise 2126 and participant 671 took 7 ms.
    23:43:53.829 | 326 taskScheduler-1  | DEBUG | .a.s.ParticipantScoreScheduleService : Processing exercise 2127 and participant 671 to update participant scores.
    23:43:53.837 | 326 taskScheduler-1  | DEBUG | .a.s.ParticipantScoreScheduleService : Updating the participant score for exercise 2127 and participant 671 took 8 ms.

  Starting logs for StudentExamIntegrationTest > testGradedFinalExamSummaryWithBonusExam(boolean) [2] asStudent=false
    23:43:53.864 | 370 ool-1-worker-134 | DEBUG | d.t.c.a.a.c.u.util.UserUtilService   : Generate 2 students...
    23:43:53.868 | 370 ool-1-worker-134 | DEBUG | d.t.c.a.a.c.u.util.UserUtilService   : 2 students generated. Generate 1 tutors...
    23:43:53.870 | 370 ool-1-worker-134 | DEBUG | d.t.c.a.a.c.u.util.UserUtilService   : 1 tutors generated. Generate 0 editors...
    23:43:53.871 | 370 ool-1-worker-134 | DEBUG | d.t.c.a.a.c.u.util.UserUtilService   : 0 editors generated. Generate 2 instructors...
    23:43:53.874 | 370 ool-1-worker-134 | DEBUG | d.t.c.a.a.c.u.util.UserUtilService   : 2 instructors generated
    23:43:53.876 | 370 ool-1-worker-134 | DEBUG | d.t.c.a.a.c.u.util.UserUtilService   : Removing 5 users from all courses...
    23:43:53.877 | 370 ool-1-worker-134 | DEBUG | d.t.c.a.a.c.u.util.UserUtilService   : Removing 5 users from all courses. Done
    23:43:53.877 | 370 ool-1-worker-134 | DEBUG | d.t.c.a.a.c.u.util.UserUtilService   : Save 5 users to database...
    23:43:53.903 | 370 ool-1-worker-134 | DEBUG | d.t.c.a.a.c.u.util.UserUtilService   : Save 5 users to database. Done
    23:43:53.914 | 060 pool-4-thread-3  | INFO  | d.t.c.a.a.p.s.gitlab.GitLabService   : Unprotecting branch main for Gitlab repository SHORT782032EF0820B049D40AC3F02F7868A0721DT819/short782032ef0820b049d40ac3f02f7868a0721dt819-studexamstudent1
    23:43:54.048 | 370 ool-1-worker-134 | INFO  | i.z.t.d.l.EmbeddedDatabaseReporter   : JDBC URL to connect to 'dataSource': url='jdbc:h2:tcp://localhost:41063/mem:736625c0-cf5e-400d-aeaa-8a7eabd6262b;USER=sa', scope='StudentExamIntegrationTest#testGradedFinalExamSummaryWithBonusExam'
    23:43:54.095 | 370 ool-1-worker-134 | DEBUG | d.t.c.a.a.c.s.f.ApiVersionFilter     : Adding Version to Request POST /api/courses/599/exams/1120/generate-student-exams
    23:43:54.096 | 370 ool-1-worker-134 | INFO  | d.t.c.a.a.exam.web.ExamResource      : REST request to generate student exams for exam 1120
    23:43:54.103 | 370 ool-1-worker-134 | INFO  | d.t.c.a.a.e.s.ExamDeletionService    : User studexaminstructor1 has requested to delete existing student exams and participations for exam Real exam 1
    23:43:54.104 | 370 ool-1-worker-134 | INFO  | d.t.c.a.a.e.s.ParticipationService   : Request to delete all 0 participations of exercise with id : 2138
    23:43:54.105 | 370 ool-1-worker-134 | INFO  | d.t.c.a.a.e.s.ParticipationService   : Request to delete all 0 participations of exercise with id : 2139
    23:43:54.107 | 370 ool-1-worker-134 | INFO  | d.t.c.a.a.e.s.ParticipationService   : Request to delete all 0 participations of exercise with id : 2140
    23:43:54.108 | 370 ool-1-worker-134 | INFO  | d.t.c.a.a.e.s.ParticipationService   : Request to delete all 0 participations of exercise with id : 2141
    23:43:54.109 | 370 ool-1-worker-134 | INFO  | d.t.c.a.a.e.s.ParticipationService   : Request to delete all 0 participations of exercise with id : 2142
    23:43:54.110 | 370 ool-1-worker-134 | INFO  | d.t.c.a.a.e.s.ParticipationService   : Request to delete all 0 participations of exercise with id : 2143
    23:43:54.112 | 370 ool-1-worker-134 | INFO  | d.t.c.a.a.e.s.ParticipationService   : Request to delete all 0 participations of exercise with id : 2144
    23:43:54.113 | 370 ool-1-worker-134 | INFO  | d.t.c.a.a.e.s.ParticipationService   : Request to delete all 0 participations of exercise with id : 2145
    23:43:54.114 | 370 ool-1-worker-134 | INFO  | d.t.c.a.a.e.s.ParticipationService   : Request to delete all 0 participations of exercise with id : 2146
    23:43:54.115 | 370 ool-1-worker-134 | INFO  | d.t.c.a.a.e.s.ParticipationService   : Request to delete all 0 participations of exercise with id : 2147
    23:43:54.117 | 370 ool-1-worker-134 | INFO  | d.t.c.a.a.e.s.ParticipationService   : Request to delete all 0 participations of exercise with id : 2148
    23:43:54.119 | 370 ool-1-worker-134 | INFO  | d.t.c.a.a.exam.web.ExamResource      : Generated 1 student exams in 23.03ms for exam 1120
    23:43:54.141 | 370 ool-1-worker-134 | DEBUG | d.t.c.a.a.c.s.f.ApiVersionFilter     : Adding Version to Request POST /api/courses/599/exams/1120/student-exams/start-exercises
    23:43:54.147 | 370 ool-1-worker-134 | DEBUG | d.t.c.a.a.exam.service.ExamService   : Finished combination of template commits for programming exercise ProgrammingExercise{id=2148, templateRepositoryUri='https://version-control.fake.fake/git/SHORT99E1FAA00B12F042B70BFD4086A46B201CD5TD12/short99e1faa00b12f042b70bfd4086a46b201cd5td12-exercise.git', solutionRepositoryUri='https://version-control.fake.fake/git/SHORT99E1FAA00B12F042B70BFD4086A46B201CD5TD12/short99e1faa00b12f042b70bfd4086a46b201cd5td12-solution.git', templateBuildPlanId='SHORT99E1FAA00B12F042B70BFD4086A46B201CD5TD12-BASE', solutionBuildPlanId='SHORT99E1FAA00B12F042B70BFD4086A46B201CD5TD12-SOLUTION', allowOnlineEditor='null', allowOnlineIde='false', programmingLanguage='JAVA', packageName='de.test'', testCasesChanged='false'}
    23:43:54.148 | 370 ool-1-worker-134 | INFO  | d.t.c.a.a.e.web.StudentExamResource  : REST request to start exercises for student exams of exam 1120
    23:43:54.162 | 966 ol-6389-thread-1 | INFO  | d.t.c.a.a.e.s.StudentExamService     : SUCCESS: Start exercise for student exam 664 and exercise 2139 and student studexamstudent1
    23:43:54.176 | 966 ol-6389-thread-1 | INFO  | d.t.c.a.a.e.s.StudentExamService     : SUCCESS: Start exercise for student exam 664 and exercise 2140 and student studexamstudent1
    23:43:54.185 | 966 ol-6389-thread-1 | INFO  | d.t.c.a.a.e.s.StudentExamService     : SUCCESS: Start exercise for student exam 664 and exercise 2143 and student studexamstudent1
    23:43:54.193 | 966 ol-6389-thread-1 | INFO  | d.t.c.a.a.e.s.StudentExamService     : SUCCESS: Start exercise for student exam 664 and exercise 2144 and student studexamstudent1
    23:43:54.201 | 966 ol-6389-thread-1 | INFO  | d.t.c.a.a.e.s.StudentExamService     : SUCCESS: Start exercise for student exam 664 and exercise 2146 and student studexamstudent1
    23:43:54.208 | 966 ol-6389-thread-1 | INFO  | d.t.c.a.a.e.s.StudentExamService     : SUCCESS: Start exercise for student exam 664 and exercise 2147 and student studexamstudent1
    23:43:54.214 | 966 ol-6389-thread-1 | DEBUG | d.t.c.a.a.p.service.GitService       : Cloning from file:/tmp/exerciseOriginRepo9565986129827236003/ to repos/server-integration-test/studentOriginRepo14937029418465382925
    23:43:54.231 | 966 ol-6389-thread-1 | ERROR | .a.a.p.s.j.b.JenkinsBuildPlanService : Pipeline Script not found
java.lang.IllegalArgumentException: Pipeline Script not found
	at de.tum.cit.aet.artemis.programming.service.jenkins.build_plan.JenkinsBuildPlanUtils.replaceScriptParameters(JenkinsBuildPlanUtils.java:22)
	at de.tum.cit.aet.artemis.programming.service.jenkins.build_plan.JenkinsBuildPlanService.updateBuildPlanURLs(JenkinsBuildPlanService.java:245)
	at de.tum.cit.aet.artemis.programming.service.jenkins.build_plan.JenkinsBuildPlanService.copyBuildPlan(JenkinsBuildPlanService.java:293)
	at de.tum.cit.aet.artemis.programming.service.jenkins.JenkinsService.copyBuildPlan(JenkinsService.java:128)
	at java.base/java.lang.invoke.MethodHandle.invokeWithArguments(MethodHandle.java:733)
	at org.mockito.internal.util.reflection.InstrumentationMemberAccessor$Dispatcher$ByteBuddy$oog9jsgw.invokeWithArguments(Unknown Source)
	at org.mockito.internal.util.reflection.InstrumentationMemberAccessor.invoke(InstrumentationMemberAccessor.java:251)
	at org.mockito.internal.util.reflection.ModuleMemberAccessor.invoke(ModuleMemberAccessor.java:55)
	at org.mockito.internal.creation.bytebuddy.MockMethodAdvice.tryInvoke(MockMethodAdvice.java:314)
	at org.mockito.internal.creation.bytebuddy.MockMethodAdvice$RealMethodCall.invoke(MockMethodAdvice.java:234)
	at org.mockito.internal.invocation.InterceptedInvocation.callRealMethod(InterceptedInvocation.java:142)
	at org.mockito.internal.stubbing.answers.CallsRealMethods.answer(CallsRealMethods.java:45)
	at org.mockito.Answers.answer(Answers.java:90)
	at org.mockito.internal.handler.MockHandlerImpl.handle(MockHandlerImpl.java:111)
	at org.mockito.internal.handler.NullResultGuardian.handle(NullResultGuardian.java:29)
	at org.mockito.internal.handler.InvocationNotifierHandler.handle(InvocationNotifierHandler.java:34)
	at org.mockito.internal.creation.bytebuddy.MockMethodInterceptor.doIntercept(MockMethodInterceptor.java:82)
	at org.mockito.internal.creation.bytebuddy.MockMethodAdvice.handle(MockMethodAdvice.java:134)
	at de.tum.cit.aet.artemis.programming.service.jenkins.JenkinsService.copyBuildPlan(JenkinsService.java:126)
	at de.tum.cit.aet.artemis.exercise.service.ParticipationService.copyBuildPlan(ParticipationService.java:518)
	at de.tum.cit.aet.artemis.exercise.service.ParticipationService.startProgrammingParticipation(ParticipationService.java:296)
	at de.tum.cit.aet.artemis.exercise.service.ParticipationService.startProgrammingExercise(ParticipationService.java:265)
	at de.tum.cit.aet.artemis.exercise.service.ParticipationService.startExerciseWithInitializationDate(ParticipationService.java:192)
	at de.tum.cit.aet.artemis.exercise.service.ParticipationService.startExercise(ParticipationService.java:151)
	at de.tum.cit.aet.artemis.exam.service.StudentExamService.setUpExerciseParticipationsAndSubmissionsWithInitializationDate(StudentExamService.java:686)
	at de.tum.cit.aet.artemis.exam.service.StudentExamService.setUpExerciseParticipationsAndSubmissions(StudentExamService.java:800)
	at de.tum.cit.aet.artemis.exam.service.StudentExamService.lambda$startExercises$15(StudentExamService.java:735)
	at java.base/java.util.concurrent.CompletableFuture$AsyncRun.run(CompletableFuture.java:1804)
	at java.base/java.util.concurrent.ThreadPoolExecutor.runWorker(ThreadPoolExecutor.java:1144)
	at java.base/java.util.concurrent.ThreadPoolExecutor$Worker.run(ThreadPoolExecutor.java:642)
	at java.base/java.lang.Thread.run(Thread.java:1583)
    23:43:54.237 | 966 ol-6389-thread-1 | ERROR | .a.a.p.s.j.b.JenkinsBuildPlanService : Pipeline Script not found
java.lang.IllegalArgumentException: Pipeline Script not found
	at de.tum.cit.aet.artemis.programming.service.jenkins.build_plan.JenkinsBuildPlanUtils.replaceScriptParameters(JenkinsBuildPlanUtils.java:29)
	at de.tum.cit.aet.artemis.programming.service.jenkins.build_plan.JenkinsBuildPlanService.updateBuildPlanRepositories(JenkinsBuildPlanService.java:219)
	at de.tum.cit.aet.artemis.programming.service.jenkins.build_plan.JenkinsBuildPlanService.configureBuildPlanForParticipation(JenkinsBuildPlanService.java:196)
	at de.tum.cit.aet.artemis.programming.service.jenkins.JenkinsService.configureBuildPlan(JenkinsService.java:138)
	at java.base/java.lang.invoke.MethodHandle.invokeWithArguments(MethodHandle.java:733)
	at org.mockito.internal.util.reflection.InstrumentationMemberAccessor$Dispatcher$ByteBuddy$oog9jsgw.invokeWithArguments(Unknown Source)
	at org.mockito.internal.util.reflection.InstrumentationMemberAccessor.invoke(InstrumentationMemberAccessor.java:251)
	at org.mockito.internal.util.reflection.ModuleMemberAccessor.invoke(ModuleMemberAccessor.java:55)
	at org.mockito.internal.creation.bytebuddy.MockMethodAdvice.tryInvoke(MockMethodAdvice.java:314)
	at org.mockito.internal.creation.bytebuddy.MockMethodAdvice$RealMethodCall.invoke(MockMethodAdvice.java:234)
	at org.mockito.internal.invocation.InterceptedInvocation.callRealMethod(InterceptedInvocation.java:142)
	at org.mockito.internal.stubbing.answers.CallsRealMethods.answer(CallsRealMethods.java:45)
	at org.mockito.Answers.answer(Answers.java:90)
	at org.mockito.internal.handler.MockHandlerImpl.handle(MockHandlerImpl.java:111)
	at org.mockito.internal.handler.NullResultGuardian.handle(NullResultGuardian.java:29)
	at org.mockito.internal.handler.InvocationNotifierHandler.handle(InvocationNotifierHandler.java:34)
	at org.mockito.internal.creation.bytebuddy.MockMethodInterceptor.doIntercept(MockMethodInterceptor.java:82)
	at org.mockito.internal.creation.bytebuddy.MockMethodAdvice.handle(MockMethodAdvice.java:134)
	at de.tum.cit.aet.artemis.programming.service.jenkins.JenkinsService.configureBuildPlan(JenkinsService.java:138)
	at de.tum.cit.aet.artemis.exercise.service.ParticipationService.configureBuildPlan(ParticipationService.java:532)
	at de.tum.cit.aet.artemis.exercise.service.ParticipationService.startProgrammingParticipation(ParticipationService.java:298)
	at de.tum.cit.aet.artemis.exercise.service.ParticipationService.startProgrammingExercise(ParticipationService.java:265)
	at de.tum.cit.aet.artemis.exercise.service.ParticipationService.startExerciseWithInitializationDate(ParticipationService.java:192)
	at de.tum.cit.aet.artemis.exercise.service.ParticipationService.startExercise(ParticipationService.java:151)
	at de.tum.cit.aet.artemis.exam.service.StudentExamService.setUpExerciseParticipationsAndSubmissionsWithInitializationDate(StudentExamService.java:686)
	at de.tum.cit.aet.artemis.exam.service.StudentExamService.setUpExerciseParticipationsAndSubmissions(StudentExamService.java:800)
	at de.tum.cit.aet.artemis.exam.service.StudentExamService.lambda$startExercises$15(StudentExamService.java:735)
	at java.base/java.util.concurrent.CompletableFuture$AsyncRun.run(CompletableFuture.java:1804)
	at java.base/java.util.concurrent.ThreadPoolExecutor.runWorker(ThreadPoolExecutor.java:1144)
	at java.base/java.util.concurrent.ThreadPoolExecutor$Worker.run(ThreadPoolExecutor.java:642)
	at java.base/java.lang.Thread.run(Thread.java:1583)
    23:43:54.244 | 966 ol-6389-thread-1 | INFO  | d.t.c.a.a.e.s.StudentExamService     : SUCCESS: Start exercise for student exam 664 and exercise 2148 and student studexamstudent1
    23:43:54.244 | 370 ool-1-worker-134 | INFO  | d.t.c.a.a.e.web.StudentExamResource  : Generated 7 participations in 103.30ms for student exams of exam 1120
    23:43:54.255 | 370 ool-1-worker-134 | DEBUG | d.t.c.a.a.c.s.f.ApiVersionFilter     : Adding Version to Request GET /api/courses/599/exams/1120/student-exams/start-exercises/status
    23:43:54.267 | 370 ool-1-worker-134 | DEBUG | d.t.c.a.a.c.s.f.ApiVersionFilter     : Adding Version to Request GET /api/courses/599/exams/1120/student-exams/664/conduction
    23:43:54.274 | 370 ool-1-worker-134 | DEBUG | d.t.c.a.a.e.web.StudentExamResource  : REST request to get the student exam of user studexamstudent1 for exam 1120
    23:43:54.290 | 370 ool-1-worker-134 | DEBUG | d.t.c.a.a.e.s.ExamSessionService     : Exam session started
    23:43:54.292 | 370 ool-1-worker-134 | INFO  | d.t.c.a.a.e.web.StudentExamResource  : getStudentExamForConduction done in 24ms for 7 exercises for user studexamstudent1
    23:43:54.300 | 059 pool-4-thread-2  | INFO  | d.t.c.a.a.p.s.gitlab.GitLabService   : Protecting branch main for Gitlab repository SHORT075843F603A560438009EE70DB89F7DCF685T885/short075843f603a560438009ee70db89f7dcf685t885-studexamstudent1
    23:43:54.306 | 370 ool-1-worker-134 | DEBUG | d.t.c.a.a.c.s.f.ApiVersionFilter     : Adding Version to Request PUT /api/exercises/2139/text-submissions
    23:43:54.306 | 370 ool-1-worker-134 | DEBUG | d.t.c.a.a.t.w.TextSubmissionResource : REST request to update text submission: TextSubmission{id=917, text='New Text', language='null'}
    23:43:54.326 | 370 ool-1-worker-134 | INFO  | d.t.c.a.a.t.w.TextSubmissionResource : handleTextSubmission took 20ms for exercise 2139 and user studexamstudent1
    23:43:54.328 | 370 ool-1-worker-134 | DEBUG | d.t.c.a.a.c.s.f.ApiVersionFilter     : Adding Version to Request PUT /api/exercises/2140/submissions/exam
    23:43:54.330 | 370 ool-1-worker-134 | DEBUG | d.t.c.a.a.q.w.QuizSubmissionResource : REST request to submit QuizSubmission for exam : QuizSubmission{id=918, scoreInPoints='null'}
    23:43:54.343 | 370 ool-1-worker-134 | DEBUG | .a.q.s.AbstractQuizSubmissionService : submit exam quiz finished: QuizSubmission{id=918, scoreInPoints='null'}
    23:43:54.343 | 370 ool-1-worker-134 | INFO  | d.t.c.a.a.q.w.QuizSubmissionResource : submitQuizForExam took 13ms for exercise 2140 and user studexamstudent1
    23:43:54.352 | 370 ool-1-worker-134 | DEBUG | d.t.c.a.a.c.s.f.ApiVersionFilter     : Adding Version to Request PUT /api/exercises/2144/modeling-submissions
    23:43:54.366 | 370 ool-1-worker-134 | INFO  | c.a.a.m.w.ModelingSubmissionResource : save took 14ms for exercise 2144 and user studexamstudent1
    23:43:54.369 | 370 ool-1-worker-134 | DEBUG | d.t.c.a.a.c.s.f.ApiVersionFilter     : Adding Version to Request PUT /api/exercises/2146/text-submissions
    23:43:54.370 | 370 ool-1-worker-134 | DEBUG | d.t.c.a.a.t.w.TextSubmissionResource : REST request to update text submission: TextSubmission{id=921, text='New Text', language='null'}
    23:43:54.383 | 370 ool-1-worker-134 | INFO  | d.t.c.a.a.t.w.TextSubmissionResource : handleTextSubmission took 13ms for exercise 2146 and user studexamstudent1
    23:43:54.385 | 370 ool-1-worker-134 | DEBUG | d.t.c.a.a.c.s.f.ApiVersionFilter     : Adding Version to Request PUT /api/exercises/2147/text-submissions
    23:43:54.386 | 370 ool-1-worker-134 | DEBUG | d.t.c.a.a.t.w.TextSubmissionResource : REST request to update text submission: TextSubmission{id=922, text='New Text', language='null'}
    23:43:54.399 | 370 ool-1-worker-134 | INFO  | d.t.c.a.a.t.w.TextSubmissionResource : handleTextSubmission took 13ms for exercise 2147 and user studexamstudent1
    23:43:54.401 | 370 ool-1-worker-134 | DEBUG | d.t.c.a.a.c.s.f.ApiVersionFilter     : Adding Version to Request POST /api/programming-submissions/1430/trigger-build
    23:43:54.410 | 370 ool-1-worker-134 | DEBUG | d.t.c.a.a.c.s.f.ApiVersionFilter     : Adding Version to Request POST /api/courses/599/exams/1120/student-exams/submit
    23:43:54.412 | 370 ool-1-worker-134 | DEBUG | d.t.c.a.a.e.web.StudentExamResource  : REST request to mark the studentExam as submitted : 664
    23:43:54.415 | 370 ool-1-worker-134 | DEBUG | d.t.c.a.a.e.web.StudentExamResource  : Completed input validation for submitStudentExam in 2.98ms
    23:43:54.415 | 370 ool-1-worker-134 | DEBUG | d.t.c.a.a.e.s.StudentExamService     : Submit student exam with id 664
    23:43:54.416 | 370 ool-1-worker-134 | DEBUG | d.t.c.a.a.e.s.StudentExamService     :     Set student exam to submitted in 676µs
    23:43:54.419 | 370 ool-1-worker-134 | DEBUG | d.t.c.a.a.e.s.StudentExamService     :     Potentially save submissions in 3.20ms
    23:43:54.419 | 370 ool-1-worker-134 | DEBUG | d.t.c.a.a.e.s.StudentExamService     :     Lock student repositories in 28µs
    23:43:54.419 | 370 ool-1-worker-134 | INFO  | d.t.c.a.a.e.web.StudentExamResource  : Completed submitStudentExam with 7 exercises for user studexamstudent1 in a total time of 7.06ms
    23:43:54.421 | 370 ool-1-worker-134 | DEBUG | d.t.c.a.a.c.s.f.ApiVersionFilter     : Adding Version to Request GET /api/courses/599/exams/1120/student-exams/664/summary
    23:43:54.422 | 370 ool-1-worker-134 | DEBUG | d.t.c.a.a.e.web.StudentExamResource  : REST request to get the student exam of user studexamstudent1 for exam 1120
    23:43:54.429 | 370 ool-1-worker-134 | INFO  | d.t.c.a.a.e.web.StudentExamResource  : getStudentExamForSummary done in 7ms for 7 exercises for user studexamstudent1
    23:43:54.435 | 370 ool-1-worker-134 | DEBUG | .c.s.m.InstanceMessageReceiveService : Received schedule participant score for exercise 2139 and participant 671 (result to be deleted: null)
    23:43:54.435 | 370 ool-1-worker-134 | DEBUG | .a.s.ParticipantScoreScheduleService : Scheduled task for exercise 2139 and participant 671 at 2025-02-14T23:43:54.535973620Z[Etc/UTC].
    23:43:54.442 | 370 ool-1-worker-134 | DEBUG | .c.s.m.InstanceMessageReceiveService : Received schedule participant score for exercise 2139 and participant 671 (result to be deleted: null)
    23:43:54.442 | 370 ool-1-worker-134 | DEBUG | .a.s.ParticipantScoreScheduleService : Scheduled task for exercise 2139 and participant 671 at 2025-02-14T23:43:54.542447674Z[Etc/UTC].
    23:43:54.443 | 370 ool-1-worker-134 | DEBUG | .c.s.m.InstanceMessageReceiveService : Received schedule participant score for exercise 2143 and participant 671 (result to be deleted: null)
    23:43:54.443 | 370 ool-1-worker-134 | DEBUG | .a.s.ParticipantScoreScheduleService : Scheduled task for exercise 2143 and participant 671 at 2025-02-14T23:43:54.543266480Z[Etc/UTC].
    23:43:54.448 | 370 ool-1-worker-134 | DEBUG | .c.s.m.InstanceMessageReceiveService : Received schedule participant score for exercise 2143 and participant 671 (result to be deleted: null)
    23:43:54.448 | 370 ool-1-worker-134 | DEBUG | .a.s.ParticipantScoreScheduleService : Scheduled task for exercise 2143 and participant 671 at 2025-02-14T23:43:54.548865312Z[Etc/UTC].
    23:43:54.449 | 370 ool-1-worker-134 | DEBUG | .c.s.m.InstanceMessageReceiveService : Received schedule participant score for exercise 2144 and participant 671 (result to be deleted: null)
    23:43:54.449 | 370 ool-1-worker-134 | DEBUG | .a.s.ParticipantScoreScheduleService : Scheduled task for exercise 2144 and participant 671 at 2025-02-14T23:43:54.549848866Z[Etc/UTC].
    23:43:54.455 | 370 ool-1-worker-134 | DEBUG | .c.s.m.InstanceMessageReceiveService : Received schedule participant score for exercise 2144 and participant 671 (result to be deleted: null)
    23:43:54.455 | 370 ool-1-worker-134 | DEBUG | .a.s.ParticipantScoreScheduleService : Scheduled task for exercise 2144 and participant 671 at 2025-02-14T23:43:54.555384118Z[Etc/UTC].
    23:43:54.456 | 370 ool-1-worker-134 | DEBUG | .c.s.m.InstanceMessageReceiveService : Received schedule participant score for exercise 2146 and participant 671 (result to be deleted: null)
    23:43:54.456 | 370 ool-1-worker-134 | DEBUG | .a.s.ParticipantScoreScheduleService : Scheduled task for exercise 2146 and participant 671 at 2025-02-14T23:43:54.556203326Z[Etc/UTC].
    23:43:54.461 | 370 ool-1-worker-134 | DEBUG | .c.s.m.InstanceMessageReceiveService : Received schedule participant score for exercise 2146 and participant 671 (result to be deleted: null)
    23:43:54.461 | 370 ool-1-worker-134 | DEBUG | .a.s.ParticipantScoreScheduleService : Scheduled task for exercise 2146 and participant 671 at 2025-02-14T23:43:54.561671223Z[Etc/UTC].
    23:43:54.462 | 370 ool-1-worker-134 | DEBUG | .c.s.m.InstanceMessageReceiveService : Received schedule participant score for exercise 2147 and participant 671 (result to be deleted: null)
    23:43:54.462 | 370 ool-1-worker-134 | DEBUG | .a.s.ParticipantScoreScheduleService : Scheduled task for exercise 2147 and participant 671 at 2025-02-14T23:43:54.562509747Z[Etc/UTC].
    23:43:54.468 | 370 ool-1-worker-134 | DEBUG | .c.s.m.InstanceMessageReceiveService : Received schedule participant score for exercise 2147 and participant 671 (result to be deleted: null)
    23:43:54.468 | 370 ool-1-worker-134 | DEBUG | .a.s.ParticipantScoreScheduleService : Scheduled task for exercise 2147 and participant 671 at 2025-02-14T23:43:54.568397938Z[Etc/UTC].
    23:43:54.469 | 370 ool-1-worker-134 | DEBUG | .c.s.m.InstanceMessageReceiveService : Received schedule participant score for exercise 2148 and participant 671 (result to be deleted: null)
    23:43:54.469 | 370 ool-1-worker-134 | DEBUG | .a.s.ParticipantScoreScheduleService : Scheduled task for exercise 2148 and participant 671 at 2025-02-14T23:43:54.569260466Z[Etc/UTC].
    23:43:54.475 | 370 ool-1-worker-134 | DEBUG | .c.s.m.InstanceMessageReceiveService : Received schedule participant score for exercise 2148 and participant 671 (result to be deleted: null)
    23:43:54.475 | 370 ool-1-worker-134 | DEBUG | .a.s.ParticipantScoreScheduleService : Scheduled task for exercise 2148 and participant 671 at 2025-02-14T23:43:54.575558401Z[Etc/UTC].
    23:43:54.477 | 370 ool-1-worker-134 | DEBUG | d.t.c.a.a.c.s.f.ApiVersionFilter     : Adding Version to Request POST /api/courses/599/exams/1120/student-exams/evaluate-quiz-exercises
    23:43:54.478 | 370 ool-1-worker-134 | INFO  | d.t.c.a.a.exam.web.ExamResource      : REST request to evaluate quiz exercises of exam 1120
    23:43:54.482 | 370 ool-1-worker-134 | DEBUG | d.t.c.a.a.exam.service.ExamService   : Evaluating 2 quiz exercises in exam 1120
    23:43:54.482 | 370 ool-1-worker-134 | INFO  | d.t.c.a.a.q.s.QuizResultService      : Starting quiz evaluation for quiz 2140
    23:43:54.495 | 370 ool-1-worker-134 | DEBUG | .c.s.m.InstanceMessageReceiveService : Received schedule participant score for exercise 2140 and participant 671 (result to be deleted: null)
    23:43:54.495 | 370 ool-1-worker-134 | DEBUG | .a.s.ParticipantScoreScheduleService : Scheduled task for exercise 2140 and participant 671 at 2025-02-14T23:43:54.595323711Z[Etc/UTC].
    23:43:54.518 | 370 ool-1-worker-134 | DEBUG | .c.s.m.InstanceMessageReceiveService : Received schedule participant score for exercise 2140 and participant 671 (result to be deleted: null)
    23:43:54.518 | 370 ool-1-worker-134 | DEBUG | .a.s.ParticipantScoreScheduleService : Scheduled task for exercise 2140 and participant 671 at 2025-02-14T23:43:54.618237722Z[Etc/UTC].
    23:43:54.518 | 370 ool-1-worker-134 | INFO  | d.t.c.a.a.q.s.QuizResultService      : Quiz evaluation for quiz 2140 finished after 35.77ms with 1 created results
    23:43:54.518 | 370 ool-1-worker-134 | DEBUG | d.t.c.a.a.q.s.QuizStatisticService   : update statistics with 1 new results
    23:43:54.543 | 327 taskScheduler-2  | DEBUG | .a.s.ParticipantScoreScheduleService : Processing exercise 2139 and participant 671 to update participant scores.
    23:43:54.548 | 370 ool-1-worker-134 | INFO  | d.t.c.a.a.q.s.QuizResultService      : Statistic update for quiz 2140 finished after 65.08ms
    23:43:54.548 | 370 ool-1-worker-134 | INFO  | d.t.c.a.a.q.s.QuizResultService      : Starting quiz evaluation for quiz 2141
    23:43:54.548 | 328 taskScheduler-3  | DEBUG | .a.s.ParticipantScoreScheduleService : Processing exercise 2143 and participant 671 to update participant scores.
    23:43:54.549 | 327 taskScheduler-2  | DEBUG | .a.s.ParticipantScoreScheduleService : Updating the participant score for exercise 2139 and participant 671 took 6 ms.
    23:43:54.552 | 328 taskScheduler-3  | DEBUG | .a.s.ParticipantScoreScheduleService : Updating the participant score for exercise 2143 and participant 671 took 4 ms.
    23:43:54.553 | 370 ool-1-worker-134 | INFO  | d.t.c.a.a.q.s.QuizResultService      : Quiz evaluation for quiz 2141 finished after 5.57ms with 0 created results
    23:43:54.553 | 370 ool-1-worker-134 | DEBUG | d.t.c.a.a.q.s.QuizStatisticService   : update statistics with 0 new results
    23:43:54.554 | 370 ool-1-worker-134 | INFO  | d.t.c.a.a.q.s.QuizResultService      : Statistic update for quiz 2141 finished after 6.53ms
    23:43:54.554 | 370 ool-1-worker-134 | DEBUG | d.t.c.a.a.exam.service.ExamService   : Evaluated 2 quiz exercises in exam 1120 in 71.67ms
    23:43:54.554 | 370 ool-1-worker-134 | INFO  | d.t.c.a.a.exam.web.ExamResource      : Evaluated 2 quiz exercises of exam 1120
    23:43:54.555 | 326 taskScheduler-1  | DEBUG | .a.s.ParticipantScoreScheduleService : Processing exercise 2144 and participant 671 to update participant scores.
    23:43:54.560 | 326 taskScheduler-1  | DEBUG | .a.s.ParticipantScoreScheduleService : Updating the participant score for exercise 2144 and participant 671 took 5 ms.
    23:43:54.561 | 329 taskScheduler-4  | DEBUG | .a.s.ParticipantScoreScheduleService : Processing exercise 2146 and participant 671 to update participant scores.
    23:43:54.566 | 329 taskScheduler-4  | DEBUG | .a.s.ParticipantScoreScheduleService : Updating the participant score for exercise 2146 and participant 671 took 5 ms.
    23:43:54.568 | 328 taskScheduler-3  | DEBUG | .a.s.ParticipantScoreScheduleService : Processing exercise 2147 and participant 671 to update participant scores.
    23:43:54.576 | 326 taskScheduler-1  | DEBUG | .a.s.ParticipantScoreScheduleService : Processing exercise 2148 and participant 671 to update participant scores.
    23:43:54.581 | 328 taskScheduler-3  | DEBUG | .a.s.ParticipantScoreScheduleService : Updating the participant score for exercise 2147 and participant 671 took 13 ms.
    23:43:54.582 | 326 taskScheduler-1  | DEBUG | .a.s.ParticipantScoreScheduleService : Updating the participant score for exercise 2148 and participant 671 took 6 ms.
    23:43:54.602 | 370 ool-1-worker-134 | DEBUG | d.t.c.a.a.c.s.f.ApiVersionFilter     : Adding Version to Request POST /api/courses/600/exams/1121/generate-student-exams
    23:43:54.603 | 370 ool-1-worker-134 | INFO  | d.t.c.a.a.exam.web.ExamResource      : REST request to generate student exams for exam 1121
    23:43:54.609 | 370 ool-1-worker-134 | INFO  | d.t.c.a.a.e.s.ExamDeletionService    : User studexaminstructor1 has requested to delete existing student exams and participations for exam Real exam 1
    23:43:54.610 | 370 ool-1-worker-134 | INFO  | d.t.c.a.a.e.s.ParticipationService   : Request to delete all 0 participations of exercise with id : 2149
    23:43:54.612 | 370 ool-1-worker-134 | INFO  | d.t.c.a.a.e.s.ParticipationService   : Request to delete all 0 participations of exercise with id : 2150
    23:43:54.613 | 370 ool-1-worker-134 | INFO  | d.t.c.a.a.e.s.ParticipationService   : Request to delete all 0 participations of exercise with id : 2151
    23:43:54.614 | 370 ool-1-worker-134 | INFO  | d.t.c.a.a.e.s.ParticipationService   : Request to delete all 0 participations of exercise with id : 2152
    23:43:54.615 | 370 ool-1-worker-134 | INFO  | d.t.c.a.a.e.s.ParticipationService   : Request to delete all 0 participations of exercise with id : 2153
    23:43:54.616 | 370 ool-1-worker-134 | INFO  | d.t.c.a.a.e.s.ParticipationService   : Request to delete all 0 participations of exercise with id : 2154
    23:43:54.618 | 370 ool-1-worker-134 | INFO  | d.t.c.a.a.e.s.ParticipationService   : Request to delete all 0 participations of exercise with id : 2155
    23:43:54.618 | 328 taskScheduler-3  | DEBUG | .a.s.ParticipantScoreScheduleService : Processing exercise 2140 and participant 671 to update participant scores.
    23:43:54.619 | 370 ool-1-worker-134 | INFO  | d.t.c.a.a.e.s.ParticipationService   : Request to delete all 0 participations of exercise with id : 2156
    23:43:54.620 | 370 ool-1-worker-134 | INFO  | d.t.c.a.a.e.s.ParticipationService   : Request to delete all 0 participations of exercise with id : 2157
    23:43:54.621 | 370 ool-1-worker-134 | INFO  | d.t.c.a.a.e.s.ParticipationService   : Request to delete all 0 participations of exercise with id : 2158
    23:43:54.623 | 370 ool-1-worker-134 | INFO  | d.t.c.a.a.e.s.ParticipationService   : Request to delete all 0 participations of exercise with id : 2159
    23:43:54.625 | 370 ool-1-worker-134 | INFO  | d.t.c.a.a.exam.web.ExamResource      : Generated 1 student exams in 22.29ms for exam 1121
    23:43:54.629 | 328 taskScheduler-3  | DEBUG | .a.s.ParticipantScoreScheduleService : Updated participant score 228.
    23:43:54.629 | 328 taskScheduler-3  | DEBUG | .a.s.ParticipantScoreScheduleService : Updating the participant score for exercise 2140 and participant 671 took 11 ms.
    23:43:54.644 | 370 ool-1-worker-134 | DEBUG | d.t.c.a.a.c.s.f.ApiVersionFilter     : Adding Version to Request POST /api/courses/600/exams/1121/student-exams/start-exercises
    23:43:54.651 | 370 ool-1-worker-134 | DEBUG | d.t.c.a.a.exam.service.ExamService   : Finished combination of template commits for programming exercise ProgrammingExercise{id=2159, templateRepositoryUri='https://version-control.fake.fake/git/SHORTCD99EEFF01904040380A09307C4BDB91C871T479/shortcd99eeff01904040380a09307c4bdb91c871t479-exercise.git', solutionRepositoryUri='https://version-control.fake.fake/git/SHORTCD99EEFF01904040380A09307C4BDB91C871T479/shortcd99eeff01904040380a09307c4bdb91c871t479-solution.git', templateBuildPlanId='SHORTCD99EEFF01904040380A09307C4BDB91C871T479-BASE', solutionBuildPlanId='SHORTCD99EEFF01904040380A09307C4BDB91C871T479-SOLUTION', allowOnlineEditor='null', allowOnlineIde='false', programmingLanguage='JAVA', packageName='de.test'', testCasesChanged='false'}
    23:43:54.651 | 370 ool-1-worker-134 | INFO  | d.t.c.a.a.e.web.StudentExamResource  : REST request to start exercises for student exams of exam 1121
    23:43:54.663 | 969 ol-6509-thread-1 | INFO  | d.t.c.a.a.e.s.StudentExamService     : SUCCESS: Start exercise for student exam 665 and exercise 2149 and student studexamstudent1
    23:43:54.675 | 969 ol-6509-thread-1 | INFO  | d.t.c.a.a.e.s.StudentExamService     : SUCCESS: Start exercise for student exam 665 and exercise 2152 and student studexamstudent1
    23:43:54.682 | 969 ol-6509-thread-1 | INFO  | d.t.c.a.a.e.s.StudentExamService     : SUCCESS: Start exercise for student exam 665 and exercise 2154 and student studexamstudent1
    23:43:54.691 | 969 ol-6509-thread-1 | INFO  | d.t.c.a.a.e.s.StudentExamService     : SUCCESS: Start exercise for student exam 665 and exercise 2156 and student studexamstudent1
    23:43:54.699 | 969 ol-6509-thread-1 | INFO  | d.t.c.a.a.e.s.StudentExamService     : SUCCESS: Start exercise for student exam 665 and exercise 2157 and student studexamstudent1
    23:43:54.707 | 969 ol-6509-thread-1 | INFO  | d.t.c.a.a.e.s.StudentExamService     : SUCCESS: Start exercise for student exam 665 and exercise 2158 and student studexamstudent1
    23:43:54.713 | 969 ol-6509-thread-1 | DEBUG | d.t.c.a.a.p.service.GitService       : Cloning from file:/tmp/exerciseOriginRepo9565986129827236003/ to repos/server-integration-test/studentOriginRepo9190212175826737033
    23:43:54.731 | 969 ol-6509-thread-1 | ERROR | .a.a.p.s.j.b.JenkinsBuildPlanService : Pipeline Script not found
java.lang.IllegalArgumentException: Pipeline Script not found
	at de.tum.cit.aet.artemis.programming.service.jenkins.build_plan.JenkinsBuildPlanUtils.replaceScriptParameters(JenkinsBuildPlanUtils.java:22)
	at de.tum.cit.aet.artemis.programming.service.jenkins.build_plan.JenkinsBuildPlanService.updateBuildPlanURLs(JenkinsBuildPlanService.java:245)
	at de.tum.cit.aet.artemis.programming.service.jenkins.build_plan.JenkinsBuildPlanService.copyBuildPlan(JenkinsBuildPlanService.java:293)
	at de.tum.cit.aet.artemis.programming.service.jenkins.JenkinsService.copyBuildPlan(JenkinsService.java:128)
	at java.base/java.lang.invoke.MethodHandle.invokeWithArguments(MethodHandle.java:733)
	at org.mockito.internal.util.reflection.InstrumentationMemberAccessor$Dispatcher$ByteBuddy$oog9jsgw.invokeWithArguments(Unknown Source)
	at org.mockito.internal.util.reflection.InstrumentationMemberAccessor.invoke(InstrumentationMemberAccessor.java:251)
	at org.mockito.internal.util.reflection.ModuleMemberAccessor.invoke(ModuleMemberAccessor.java:55)
	at org.mockito.internal.creation.bytebuddy.MockMethodAdvice.tryInvoke(MockMethodAdvice.java:314)
	at org.mockito.internal.creation.bytebuddy.MockMethodAdvice$RealMethodCall.invoke(MockMethodAdvice.java:234)
	at org.mockito.internal.invocation.InterceptedInvocation.callRealMethod(InterceptedInvocation.java:142)
	at org.mockito.internal.stubbing.answers.CallsRealMethods.answer(CallsRealMethods.java:45)
	at org.mockito.Answers.answer(Answers.java:90)
	at org.mockito.internal.handler.MockHandlerImpl.handle(MockHandlerImpl.java:111)
	at org.mockito.internal.handler.NullResultGuardian.handle(NullResultGuardian.java:29)
	at org.mockito.internal.handler.InvocationNotifierHandler.handle(InvocationNotifierHandler.java:34)
	at org.mockito.internal.creation.bytebuddy.MockMethodInterceptor.doIntercept(MockMethodInterceptor.java:82)
	at org.mockito.internal.creation.bytebuddy.MockMethodAdvice.handle(MockMethodAdvice.java:134)
	at de.tum.cit.aet.artemis.programming.service.jenkins.JenkinsService.copyBuildPlan(JenkinsService.java:126)
	at de.tum.cit.aet.artemis.exercise.service.ParticipationService.copyBuildPlan(ParticipationService.java:518)
	at de.tum.cit.aet.artemis.exercise.service.ParticipationService.startProgrammingParticipation(ParticipationService.java:296)
	at de.tum.cit.aet.artemis.exercise.service.ParticipationService.startProgrammingExercise(ParticipationService.java:265)
	at de.tum.cit.aet.artemis.exercise.service.ParticipationService.startExerciseWithInitializationDate(ParticipationService.java:192)
	at de.tum.cit.aet.artemis.exercise.service.ParticipationService.startExercise(ParticipationService.java:151)
	at de.tum.cit.aet.artemis.exam.service.StudentExamService.setUpExerciseParticipationsAndSubmissionsWithInitializationDate(StudentExamService.java:686)
	at de.tum.cit.aet.artemis.exam.service.StudentExamService.setUpExerciseParticipationsAndSubmissions(StudentExamService.java:800)
	at de.tum.cit.aet.artemis.exam.service.StudentExamService.lambda$startExercises$15(StudentExamService.java:735)
	at java.base/java.util.concurrent.CompletableFuture$AsyncRun.run(CompletableFuture.java:1804)
	at java.base/java.util.concurrent.ThreadPoolExecutor.runWorker(ThreadPoolExecutor.java:1144)
	at java.base/java.util.concurrent.ThreadPoolExecutor$Worker.run(ThreadPoolExecutor.java:642)
	at java.base/java.lang.Thread.run(Thread.java:1583)
    23:43:54.739 | 969 ol-6509-thread-1 | ERROR | .a.a.p.s.j.b.JenkinsBuildPlanService : Pipeline Script not found
java.lang.IllegalArgumentException: Pipeline Script not found
	at de.tum.cit.aet.artemis.programming.service.jenkins.build_plan.JenkinsBuildPlanUtils.replaceScriptParameters(JenkinsBuildPlanUtils.java:29)
	at de.tum.cit.aet.artemis.programming.service.jenkins.build_plan.JenkinsBuildPlanService.updateBuildPlanRepositories(JenkinsBuildPlanService.java:219)
	at de.tum.cit.aet.artemis.programming.service.jenkins.build_plan.JenkinsBuildPlanService.configureBuildPlanForParticipation(JenkinsBuildPlanService.java:196)
	at de.tum.cit.aet.artemis.programming.service.jenkins.JenkinsService.configureBuildPlan(JenkinsService.java:138)
	at java.base/java.lang.invoke.MethodHandle.invokeWithArguments(MethodHandle.java:733)
	at org.mockito.internal.util.reflection.InstrumentationMemberAccessor$Dispatcher$ByteBuddy$oog9jsgw.invokeWithArguments(Unknown Source)
	at org.mockito.internal.util.reflection.InstrumentationMemberAccessor.invoke(InstrumentationMemberAccessor.java:251)
	at org.mockito.internal.util.reflection.ModuleMemberAccessor.invoke(ModuleMemberAccessor.java:55)
	at org.mockito.internal.creation.bytebuddy.MockMethodAdvice.tryInvoke(MockMethodAdvice.java:314)
	at org.mockito.internal.creation.bytebuddy.MockMethodAdvice$RealMethodCall.invoke(MockMethodAdvice.java:234)
	at org.mockito.internal.invocation.InterceptedInvocation.callRealMethod(InterceptedInvocation.java:142)
	at org.mockito.internal.stubbing.answers.CallsRealMethods.answer(CallsRealMethods.java:45)
	at org.mockito.Answers.answer(Answers.java:90)
	at org.mockito.internal.handler.MockHandlerImpl.handle(MockHandlerImpl.java:111)
	at org.mockito.internal.handler.NullResultGuardian.handle(NullResultGuardian.java:29)
	at org.mockito.internal.handler.InvocationNotifierHandler.handle(InvocationNotifierHandler.java:34)
	at org.mockito.internal.creation.bytebuddy.MockMethodInterceptor.doIntercept(MockMethodInterceptor.java:82)
	at org.mockito.internal.creation.bytebuddy.MockMethodAdvice.handle(MockMethodAdvice.java:134)
	at de.tum.cit.aet.artemis.programming.service.jenkins.JenkinsService.configureBuildPlan(JenkinsService.java:138)
	at de.tum.cit.aet.artemis.exercise.service.ParticipationService.configureBuildPlan(ParticipationService.java:532)
	at de.tum.cit.aet.artemis.exercise.service.ParticipationService.startProgrammingParticipation(ParticipationService.java:298)
	at de.tum.cit.aet.artemis.exercise.service.ParticipationService.startProgrammingExercise(ParticipationService.java:265)
	at de.tum.cit.aet.artemis.exercise.service.ParticipationService.startExerciseWithInitializationDate(ParticipationService.java:192)
	at de.tum.cit.aet.artemis.exercise.service.ParticipationService.startExercise(ParticipationService.java:151)
	at de.tum.cit.aet.artemis.exam.service.StudentExamService.setUpExerciseParticipationsAndSubmissionsWithInitializationDate(StudentExamService.java:686)
	at de.tum.cit.aet.artemis.exam.service.StudentExamService.setUpExerciseParticipationsAndSubmissions(StudentExamService.java:800)
	at de.tum.cit.aet.artemis.exam.service.StudentExamService.lambda$startExercises$15(StudentExamService.java:735)
	at java.base/java.util.concurrent.CompletableFuture$AsyncRun.run(CompletableFuture.java:1804)
	at java.base/java.util.concurrent.ThreadPoolExecutor.runWorker(ThreadPoolExecutor.java:1144)
	at java.base/java.util.concurrent.ThreadPoolExecutor$Worker.run(ThreadPoolExecutor.java:642)
	at java.base/java.lang.Thread.run(Thread.java:1583)
    23:43:54.747 | 969 ol-6509-thread-1 | INFO  | d.t.c.a.a.e.s.StudentExamService     : SUCCESS: Start exercise for student exam 665 and exercise 2159 and student studexamstudent1
    23:43:54.748 | 370 ool-1-worker-134 | INFO  | d.t.c.a.a.e.web.StudentExamResource  : Generated 7 participations in 103.67ms for student exams of exam 1121
    23:43:54.750 | 370 ool-1-worker-134 | DEBUG | d.t.c.a.a.c.s.f.ApiVersionFilter     : Adding Version to Request GET /api/courses/600/exams/1121/student-exams/start-exercises/status
    23:43:54.756 | 370 ool-1-worker-134 | DEBUG | d.t.c.a.a.c.s.f.ApiVersionFilter     : Adding Version to Request GET /api/courses/600/exams/1121/student-exams/665/conduction
    23:43:54.758 | 370 ool-1-worker-134 | DEBUG | d.t.c.a.a.e.web.StudentExamResource  : REST request to get the student exam of user studexamstudent1 for exam 1121
    23:43:54.765 | 370 ool-1-worker-134 | DEBUG | d.t.c.a.a.e.s.ExamSessionService     : Exam session started
    23:43:54.766 | 370 ool-1-worker-134 | INFO  | d.t.c.a.a.e.web.StudentExamResource  : getStudentExamForConduction done in 9ms for 7 exercises for user studexamstudent1
    23:43:54.771 | 370 ool-1-worker-134 | DEBUG | d.t.c.a.a.c.s.f.ApiVersionFilter     : Adding Version to Request PUT /api/exercises/2149/text-submissions
    23:43:54.771 | 370 ool-1-worker-134 | DEBUG | d.t.c.a.a.t.w.TextSubmissionResource : REST request to update text submission: TextSubmission{id=924, text='New Text', language='null'}
    23:43:54.789 | 370 ool-1-worker-134 | INFO  | d.t.c.a.a.t.w.TextSubmissionResource : handleTextSubmission took 18ms for exercise 2149 and user studexamstudent1
    23:43:54.791 | 370 ool-1-worker-134 | DEBUG | d.t.c.a.a.c.s.f.ApiVersionFilter     : Adding Version to Request PUT /api/exercises/2152/submissions/exam
    23:43:54.794 | 370 ool-1-worker-134 | DEBUG | d.t.c.a.a.q.w.QuizSubmissionResource : REST request to submit QuizSubmission for exam : QuizSubmission{id=925, scoreInPoints='null'}
    23:43:54.811 | 370 ool-1-worker-134 | DEBUG | .a.q.s.AbstractQuizSubmissionService : submit exam quiz finished: QuizSubmission{id=925, scoreInPoints='null'}
    23:43:54.811 | 370 ool-1-worker-134 | INFO  | d.t.c.a.a.q.w.QuizSubmissionResource : submitQuizForExam took 17ms for exercise 2152 and user studexamstudent1
    23:43:54.820 | 370 ool-1-worker-134 | DEBUG | d.t.c.a.a.c.s.f.ApiVersionFilter     : Adding Version to Request PUT /api/exercises/2156/modeling-submissions
    23:43:54.834 | 370 ool-1-worker-134 | INFO  | c.a.a.m.w.ModelingSubmissionResource : save took 13ms for exercise 2156 and user studexamstudent1
    23:43:54.837 | 370 ool-1-worker-134 | DEBUG | d.t.c.a.a.c.s.f.ApiVersionFilter     : Adding Version to Request PUT /api/exercises/2157/text-submissions
    23:43:54.837 | 370 ool-1-worker-134 | DEBUG | d.t.c.a.a.t.w.TextSubmissionResource : REST request to update text submission: TextSubmission{id=928, text='New Text', language='null'}
    23:43:54.850 | 370 ool-1-worker-134 | INFO  | d.t.c.a.a.t.w.TextSubmissionResource : handleTextSubmission took 13ms for exercise 2157 and user studexamstudent1
    23:43:54.852 | 370 ool-1-worker-134 | DEBUG | d.t.c.a.a.c.s.f.ApiVersionFilter     : Adding Version to Request PUT /api/exercises/2158/text-submissions
    23:43:54.853 | 370 ool-1-worker-134 | DEBUG | d.t.c.a.a.t.w.TextSubmissionResource : REST request to update text submission: TextSubmission{id=929, text='New Text', language='null'}
    23:43:54.866 | 370 ool-1-worker-134 | INFO  | d.t.c.a.a.t.w.TextSubmissionResource : handleTextSubmission took 13ms for exercise 2158 and user studexamstudent1
    23:43:54.868 | 370 ool-1-worker-134 | DEBUG | d.t.c.a.a.c.s.f.ApiVersionFilter     : Adding Version to Request POST /api/programming-submissions/1440/trigger-build
    23:43:54.879 | 370 ool-1-worker-134 | DEBUG | d.t.c.a.a.c.s.f.ApiVersionFilter     : Adding Version to Request POST /api/courses/600/exams/1121/student-exams/submit
    23:43:54.882 | 370 ool-1-worker-134 | DEBUG | d.t.c.a.a.e.web.StudentExamResource  : REST request to mark the studentExam as submitted : 665
    23:43:54.886 | 370 ool-1-worker-134 | DEBUG | d.t.c.a.a.e.web.StudentExamResource  : Completed input validation for submitStudentExam in 3.52ms
    23:43:54.886 | 370 ool-1-worker-134 | DEBUG | d.t.c.a.a.e.s.StudentExamService     : Submit student exam with id 665
    23:43:54.890 | 370 ool-1-worker-134 | DEBUG | d.t.c.a.a.e.s.StudentExamService     :     Set student exam to submitted in 4.62ms
    23:43:54.895 | 370 ool-1-worker-134 | DEBUG | d.t.c.a.a.e.s.StudentExamService     :     Potentially save submissions in 4.84ms
    23:43:54.895 | 370 ool-1-worker-134 | DEBUG | d.t.c.a.a.e.s.StudentExamService     :     Lock student repositories in 31µs
    23:43:54.895 | 370 ool-1-worker-134 | INFO  | d.t.c.a.a.e.web.StudentExamResource  : Completed submitStudentExam with 7 exercises for user studexamstudent1 in a total time of 13.19ms
    23:43:54.900 | 370 ool-1-worker-134 | DEBUG | d.t.c.a.a.c.s.f.ApiVersionFilter     : Adding Version to Request GET /api/courses/600/exams/1121/student-exams/665/summary
    23:43:54.901 | 370 ool-1-worker-134 | DEBUG | d.t.c.a.a.e.web.StudentExamResource  : REST request to get the student exam of user studexamstudent1 for exam 1121
    23:43:54.920 | 370 ool-1-worker-134 | INFO  | d.t.c.a.a.e.web.StudentExamResource  : getStudentExamForSummary done in 20ms for 7 exercises for user studexamstudent1
    23:43:54.934 | 370 ool-1-worker-134 | DEBUG | .c.s.m.InstanceMessageReceiveService : Received schedule participant score for exercise 2149 and participant 671 (result to be deleted: null)
    23:43:54.934 | 370 ool-1-worker-134 | DEBUG | .a.s.ParticipantScoreScheduleService : Scheduled task for exercise 2149 and participant 671 at 2025-02-14T23:43:55.034160226Z[Etc/UTC].
    23:43:54.943 | 370 ool-1-worker-134 | DEBUG | .c.s.m.InstanceMessageReceiveService : Received schedule participant score for exercise 2149 and participant 671 (result to be deleted: null)
    23:43:54.943 | 370 ool-1-worker-134 | DEBUG | .a.s.ParticipantScoreScheduleService : Scheduled task for exercise 2149 and participant 671 at 2025-02-14T23:43:55.043245036Z[Etc/UTC].
    23:43:54.944 | 370 ool-1-worker-134 | DEBUG | .c.s.m.InstanceMessageReceiveService : Received schedule participant score for exercise 2154 and participant 671 (result to be deleted: null)
    23:43:54.944 | 370 ool-1-worker-134 | DEBUG | .a.s.ParticipantScoreScheduleService : Scheduled task for exercise 2154 and participant 671 at 2025-02-14T23:43:55.044181233Z[Etc/UTC].
    23:43:54.949 | 370 ool-1-worker-134 | DEBUG | .c.s.m.InstanceMessageReceiveService : Received schedule participant score for exercise 2154 and participant 671 (result to be deleted: null)
    23:43:54.949 | 370 ool-1-worker-134 | DEBUG | .a.s.ParticipantScoreScheduleService : Scheduled task for exercise 2154 and participant 671 at 2025-02-14T23:43:55.049722436Z[Etc/UTC].
    23:43:54.950 | 370 ool-1-worker-134 | DEBUG | .c.s.m.InstanceMessageReceiveService : Received schedule participant score for exercise 2156 and participant 671 (result to be deleted: null)
    23:43:54.950 | 370 ool-1-worker-134 | DEBUG | .a.s.ParticipantScoreScheduleService : Scheduled task for exercise 2156 and participant 671 at 2025-02-14T23:43:55.050791329Z[Etc/UTC].
    23:43:54.956 | 370 ool-1-worker-134 | DEBUG | .c.s.m.InstanceMessageReceiveService : Received schedule participant score for exercise 2156 and participant 671 (result to be deleted: null)
    23:43:54.956 | 370 ool-1-worker-134 | DEBUG | .a.s.ParticipantScoreScheduleService : Scheduled task for exercise 2156 and participant 671 at 2025-02-14T23:43:55.056080644Z[Etc/UTC].
    23:43:54.956 | 370 ool-1-worker-134 | DEBUG | .c.s.m.InstanceMessageReceiveService : Received schedule participant score for exercise 2157 and participant 671 (result to be deleted: null)
    23:43:54.956 | 370 ool-1-worker-134 | DEBUG | .a.s.ParticipantScoreScheduleService : Scheduled task for exercise 2157 and participant 671 at 2025-02-14T23:43:55.056891275Z[Etc/UTC].
    23:43:54.962 | 370 ool-1-worker-134 | DEBUG | .c.s.m.InstanceMessageReceiveService : Received schedule participant score for exercise 2157 and participant 671 (result to be deleted: null)
    23:43:54.962 | 370 ool-1-worker-134 | DEBUG | .a.s.ParticipantScoreScheduleService : Scheduled task for exercise 2157 and participant 671 at 2025-02-14T23:43:55.062161043Z[Etc/UTC].
    23:43:54.962 | 370 ool-1-worker-134 | DEBUG | .c.s.m.InstanceMessageReceiveService : Received schedule participant score for exercise 2158 and participant 671 (result to be deleted: null)
    23:43:54.962 | 370 ool-1-worker-134 | DEBUG | .a.s.ParticipantScoreScheduleService : Scheduled task for exercise 2158 and participant 671 at 2025-02-14T23:43:55.062899901Z[Etc/UTC].
    23:43:54.968 | 370 ool-1-worker-134 | DEBUG | .c.s.m.InstanceMessageReceiveService : Received schedule participant score for exercise 2158 and participant 671 (result to be deleted: null)
    23:43:54.968 | 370 ool-1-worker-134 | DEBUG | .a.s.ParticipantScoreScheduleService : Scheduled task for exercise 2158 and participant 671 at 2025-02-14T23:43:55.068061736Z[Etc/UTC].
    23:43:54.968 | 370 ool-1-worker-134 | DEBUG | .c.s.m.InstanceMessageReceiveService : Received schedule participant score for exercise 2159 and participant 671 (result to be deleted: null)
    23:43:54.968 | 370 ool-1-worker-134 | DEBUG | .a.s.ParticipantScoreScheduleService : Scheduled task for exercise 2159 and participant 671 at 2025-02-14T23:43:55.068813358Z[Etc/UTC].
    23:43:54.974 | 370 ool-1-worker-134 | DEBUG | .c.s.m.InstanceMessageReceiveService : Received schedule participant score for exercise 2159 and participant 671 (result to be deleted: null)
    23:43:54.974 | 370 ool-1-worker-134 | DEBUG | .a.s.ParticipantScoreScheduleService : Scheduled task for exercise 2159 and participant 671 at 2025-02-14T23:43:55.074824919Z[Etc/UTC].
    23:43:54.977 | 370 ool-1-worker-134 | DEBUG | d.t.c.a.a.c.s.f.ApiVersionFilter     : Adding Version to Request POST /api/courses/600/exams/1121/student-exams/evaluate-quiz-exercises
    23:43:54.977 | 370 ool-1-worker-134 | INFO  | d.t.c.a.a.exam.web.ExamResource      : REST request to evaluate quiz exercises of exam 1121
    23:43:54.982 | 370 ool-1-worker-134 | DEBUG | d.t.c.a.a.exam.service.ExamService   : Evaluating 2 quiz exercises in exam 1121
    23:43:54.982 | 370 ool-1-worker-134 | INFO  | d.t.c.a.a.q.s.QuizResultService      : Starting quiz evaluation for quiz 2151
    23:43:54.986 | 370 ool-1-worker-134 | INFO  | d.t.c.a.a.q.s.QuizResultService      : Quiz evaluation for quiz 2151 finished after 4.00ms with 0 created results
    23:43:54.986 | 370 ool-1-worker-134 | DEBUG | d.t.c.a.a.q.s.QuizStatisticService   : update statistics with 0 new results
    23:43:54.988 | 370 ool-1-worker-134 | INFO  | d.t.c.a.a.q.s.QuizResultService      : Statistic update for quiz 2151 finished after 5.11ms
    23:43:54.988 | 370 ool-1-worker-134 | INFO  | d.t.c.a.a.q.s.QuizResultService      : Starting quiz evaluation for quiz 2152
    23:43:54.999 | 370 ool-1-worker-134 | DEBUG | .c.s.m.InstanceMessageReceiveService : Received schedule participant score for exercise 2152 and participant 671 (result to be deleted: null)
    23:43:54.999 | 370 ool-1-worker-134 | DEBUG | .a.s.ParticipantScoreScheduleService : Scheduled task for exercise 2152 and participant 671 at 2025-02-14T23:43:55.099629096Z[Etc/UTC].
    23:43:55.022 | 370 ool-1-worker-134 | DEBUG | .c.s.m.InstanceMessageReceiveService : Received schedule participant score for exercise 2152 and participant 671 (result to be deleted: null)
    23:43:55.022 | 370 ool-1-worker-134 | DEBUG | .a.s.ParticipantScoreScheduleService : Scheduled task for exercise 2152 and participant 671 at 2025-02-14T23:43:55.122528931Z[Etc/UTC].
    23:43:55.023 | 370 ool-1-worker-134 | INFO  | d.t.c.a.a.q.s.QuizResultService      : Quiz evaluation for quiz 2152 finished after 35.02ms with 1 created results
    23:43:55.023 | 370 ool-1-worker-134 | DEBUG | d.t.c.a.a.q.s.QuizStatisticService   : update statistics with 1 new results
    23:43:55.025 | 370 ool-1-worker-134 | INFO  | d.t.c.a.a.q.s.QuizResultService      : Statistic update for quiz 2152 finished after 37.84ms
    23:43:55.025 | 370 ool-1-worker-134 | DEBUG | d.t.c.a.a.exam.service.ExamService   : Evaluated 2 quiz exercises in exam 1121 in 43.01ms
    23:43:55.025 | 370 ool-1-worker-134 | INFO  | d.t.c.a.a.exam.web.ExamResource      : Evaluated 2 quiz exercises of exam 1121
    23:43:55.032 | 370 ool-1-worker-134 | DEBUG | .c.s.m.InstanceMessageReceiveService : Received schedule participant score for exercise 2139 and participant 671 (result to be deleted: null)
    23:43:55.032 | 370 ool-1-worker-134 | DEBUG | .a.s.ParticipantScoreScheduleService : Scheduled task for exercise 2139 and participant 671 at 2025-02-14T23:43:55.132538087Z[Etc/UTC].
    23:43:55.034 | 370 ool-1-worker-134 | DEBUG | d.t.c.a.a.c.s.f.ApiVersionFilter     : Adding Version to Request GET /api/courses/599/exams/1120/student-exams/664/grade-summary
    23:43:55.036 | 370 ool-1-worker-134 | DEBUG | d.t.c.a.a.e.web.StudentExamResource  : REST request to get the student exam grades of user with id 671 for exam 1120 by user studexaminstructor1
    23:43:55.043 | 326 taskScheduler-1  | DEBUG | .a.s.ParticipantScoreScheduleService : Processing exercise 2149 and participant 671 to update participant scores.
    23:43:55.049 | 329 taskScheduler-4  | DEBUG | .a.s.ParticipantScoreScheduleService : Processing exercise 2154 and participant 671 to update participant scores.
    23:43:55.052 | 326 taskScheduler-1  | DEBUG | .a.s.ParticipantScoreScheduleService : Updating the participant score for exercise 2149 and participant 671 took 9 ms.
    23:43:55.056 | 327 taskScheduler-2  | DEBUG | .a.s.ParticipantScoreScheduleService : Processing exercise 2156 and participant 671 to update participant scores.
    23:43:55.060 | 329 taskScheduler-4  | DEBUG | .a.s.ParticipantScoreScheduleService : Updating the participant score for exercise 2154 and participant 671 took 11 ms.
    23:43:55.062 | 328 taskScheduler-3  | DEBUG | .a.s.ParticipantScoreScheduleService : Processing exercise 2157 and participant 671 to update participant scores.
    23:43:55.065 | 327 taskScheduler-2  | DEBUG | .a.s.ParticipantScoreScheduleService : Updating the participant score for exercise 2156 and participant 671 took 9 ms.
    23:43:55.069 | 329 taskScheduler-4  | DEBUG | .a.s.ParticipantScoreScheduleService : Processing exercise 2158 and participant 671 to update participant scores.
    23:43:55.071 | 328 taskScheduler-3  | DEBUG | .a.s.ParticipantScoreScheduleService : Updating the participant score for exercise 2157 and participant 671 took 9 ms.
    23:43:55.074 | 327 taskScheduler-2  | DEBUG | .a.s.ParticipantScoreScheduleService : Processing exercise 2159 and participant 671 to update participant scores.
    23:43:55.078 | 370 ool-1-worker-134 | INFO  | d.t.c.a.a.e.web.StudentExamResource  : getStudentExamGradesForSummary done in 43ms for 7 exercises for target user studexamstudent1 by caller user studexaminstructor1
    23:43:55.080 | 329 taskScheduler-4  | DEBUG | .a.s.ParticipantScoreScheduleService : Updating the participant score for exercise 2158 and participant 671 took 11 ms.
    23:43:55.082 | 327 taskScheduler-2  | DEBUG | .a.s.ParticipantScoreScheduleService : Updating the participant score for exercise 2159 and participant 671 took 8 ms.

  Starting logs for StudentExamIntegrationTest > testAssessEmptyExamSubmissions()
    23:43:55.130 | 370 ool-1-worker-134 | DEBUG | d.t.c.a.a.c.u.util.UserUtilService   : Generate 2 students...
    23:43:55.134 | 370 ool-1-worker-134 | DEBUG | d.t.c.a.a.c.u.util.UserUtilService   : 2 students generated. Generate 1 tutors...
    23:43:55.137 | 370 ool-1-worker-134 | DEBUG | d.t.c.a.a.c.u.util.UserUtilService   : 1 tutors generated. Generate 0 editors...
    23:43:55.138 | 370 ool-1-worker-134 | DEBUG | d.t.c.a.a.c.u.util.UserUtilService   : 0 editors generated. Generate 2 instructors...
    23:43:55.142 | 370 ool-1-worker-134 | DEBUG | d.t.c.a.a.c.u.util.UserUtilService   : 2 instructors generated
    23:43:55.144 | 370 ool-1-worker-134 | DEBUG | d.t.c.a.a.c.u.util.UserUtilService   : Removing 5 users from all courses...
    23:43:55.145 | 370 ool-1-worker-134 | DEBUG | d.t.c.a.a.c.u.util.UserUtilService   : Removing 5 users from all courses. Done
    23:43:55.145 | 370 ool-1-worker-134 | DEBUG | d.t.c.a.a.c.u.util.UserUtilService   : Save 5 users to database...
    23:43:55.172 | 059 pool-4-thread-2  | INFO  | d.t.c.a.a.p.s.gitlab.GitLabService   : Unprotecting branch main for Gitlab repository SHORTD1ED502C0B652048A60A9D80539B8BB1A261T8C8/shortd1ed502c0b652048a60a9d80539b8bb1a261t8c8-studexamstudent1
    23:43:55.173 | 370 ool-1-worker-134 | DEBUG | d.t.c.a.a.c.u.util.UserUtilService   : Save 5 users to database. Done
    23:43:55.284 | 370 ool-1-worker-134 | INFO  | i.z.t.d.l.EmbeddedDatabaseReporter   : JDBC URL to connect to 'dataSource': url='jdbc:h2:tcp://localhost:41063/mem:736625c0-cf5e-400d-aeaa-8a7eabd6262b;USER=sa', scope='StudentExamIntegrationTest#testAssessEmptyExamSubmissions'
    23:43:55.331 | 370 ool-1-worker-134 | DEBUG | d.t.c.a.a.c.s.f.ApiVersionFilter     : Adding Version to Request POST /api/courses/604/exams/1127/generate-student-exams
    23:43:55.331 | 370 ool-1-worker-134 | INFO  | d.t.c.a.a.exam.web.ExamResource      : REST request to generate student exams for exam 1127
    23:43:55.338 | 370 ool-1-worker-134 | INFO  | d.t.c.a.a.e.s.ExamDeletionService    : User studexaminstructor1 has requested to delete existing student exams and participations for exam Real exam 1
    23:43:55.339 | 370 ool-1-worker-134 | INFO  | d.t.c.a.a.e.s.ParticipationService   : Request to delete all 0 participations of exercise with id : 2170
    23:43:55.341 | 370 ool-1-worker-134 | INFO  | d.t.c.a.a.e.s.ParticipationService   : Request to delete all 0 participations of exercise with id : 2171
    23:43:55.342 | 370 ool-1-worker-134 | INFO  | d.t.c.a.a.e.s.ParticipationService   : Request to delete all 0 participations of exercise with id : 2172
    23:43:55.343 | 370 ool-1-worker-134 | INFO  | d.t.c.a.a.e.s.ParticipationService   : Request to delete all 0 participations of exercise with id : 2173
    23:43:55.344 | 370 ool-1-worker-134 | INFO  | d.t.c.a.a.e.s.ParticipationService   : Request to delete all 0 participations of exercise with id : 2174
    23:43:55.345 | 370 ool-1-worker-134 | INFO  | d.t.c.a.a.e.s.ParticipationService   : Request to delete all 0 participations of exercise with id : 2175
    23:43:55.346 | 370 ool-1-worker-134 | INFO  | d.t.c.a.a.e.s.ParticipationService   : Request to delete all 0 participations of exercise with id : 2176
    23:43:55.351 | 370 ool-1-worker-134 | INFO  | d.t.c.a.a.e.s.ParticipationService   : Request to delete all 0 participations of exercise with id : 2177
    23:43:55.354 | 370 ool-1-worker-134 | INFO  | d.t.c.a.a.e.s.ParticipationService   : Request to delete all 0 participations of exercise with id : 2178
    23:43:55.355 | 370 ool-1-worker-134 | INFO  | d.t.c.a.a.e.s.ParticipationService   : Request to delete all 0 participations of exercise with id : 2179
    23:43:55.357 | 370 ool-1-worker-134 | INFO  | d.t.c.a.a.e.s.ParticipationService   : Request to delete all 0 participations of exercise with id : 2180
    23:43:55.363 | 370 ool-1-worker-134 | INFO  | d.t.c.a.a.exam.web.ExamResource      : Generated 2 student exams in 32.04ms for exam 1127
    23:43:55.402 | 370 ool-1-worker-134 | DEBUG | d.t.c.a.a.c.s.f.ApiVersionFilter     : Adding Version to Request POST /api/courses/604/exams/1127/student-exams/start-exercises
    23:43:55.409 | 370 ool-1-worker-134 | DEBUG | d.t.c.a.a.exam.service.ExamService   : Finished combination of template commits for programming exercise ProgrammingExercise{id=2180, templateRepositoryUri='https://version-control.fake.fake/git/SHORTC8D982FE09C5C04B2E09005039C8E7E41B7FT27B/shortc8d982fe09c5c04b2e09005039c8e7e41b7ft27b-exercise.git', solutionRepositoryUri='https://version-control.fake.fake/git/SHORTC8D982FE09C5C04B2E09005039C8E7E41B7FT27B/shortc8d982fe09c5c04b2e09005039c8e7e41b7ft27b-solution.git', templateBuildPlanId='SHORTC8D982FE09C5C04B2E09005039C8E7E41B7FT27B-BASE', solutionBuildPlanId='SHORTC8D982FE09C5C04B2E09005039C8E7E41B7FT27B-SOLUTION', allowOnlineEditor='null', allowOnlineIde='false', programmingLanguage='JAVA', packageName='de.test'', testCasesChanged='false'}
    23:43:55.410 | 370 ool-1-worker-134 | INFO  | d.t.c.a.a.e.web.StudentExamResource  : REST request to start exercises for student exams of exam 1127
    23:43:55.423 | 987 ol-6698-thread-1 | INFO  | d.t.c.a.a.e.s.StudentExamService     : SUCCESS: Start exercise for student exam 672 and exercise 2171 and student studexamstudent1
    23:43:55.432 | 988 ol-6698-thread-2 | INFO  | d.t.c.a.a.e.s.StudentExamService     : SUCCESS: Start exercise for student exam 671 and exercise 2170 and student studexamstudent2
    23:43:55.435 | 987 ol-6698-thread-1 | INFO  | d.t.c.a.a.e.s.StudentExamService     : SUCCESS: Start exercise for student exam 672 and exercise 2173 and student studexamstudent1
    23:43:55.445 | 987 ol-6698-thread-1 | INFO  | d.t.c.a.a.e.s.StudentExamService     : SUCCESS: Start exercise for student exam 672 and exercise 2174 and student studexamstudent1
    23:43:55.450 | 988 ol-6698-thread-2 | INFO  | d.t.c.a.a.e.s.StudentExamService     : SUCCESS: Start exercise for student exam 671 and exercise 2172 and student studexamstudent2
    23:43:55.456 | 987 ol-6698-thread-1 | INFO  | d.t.c.a.a.e.s.StudentExamService     : SUCCESS: Start exercise for student exam 672 and exercise 2176 and student studexamstudent1
    23:43:55.464 | 988 ol-6698-thread-2 | INFO  | d.t.c.a.a.e.s.StudentExamService     : SUCCESS: Start exercise for student exam 671 and exercise 2175 and student studexamstudent2
    23:43:55.464 | 987 ol-6698-thread-1 | INFO  | d.t.c.a.a.e.s.StudentExamService     : SUCCESS: Start exercise for student exam 672 and exercise 2178 and student studexamstudent1
    23:43:55.472 | 987 ol-6698-thread-1 | INFO  | d.t.c.a.a.e.s.StudentExamService     : SUCCESS: Start exercise for student exam 672 and exercise 2179 and student studexamstudent1
    23:43:55.478 | 988 ol-6698-thread-2 | INFO  | d.t.c.a.a.e.s.StudentExamService     : SUCCESS: Start exercise for student exam 671 and exercise 2177 and student studexamstudent2
    23:43:55.481 | 987 ol-6698-thread-1 | DEBUG | d.t.c.a.a.p.service.GitService       : Cloning from file:/tmp/exerciseOriginRepo9916090000682051643/ to repos/server-integration-test/studentOriginRepo16518055244217575451
    23:43:55.489 | 988 ol-6698-thread-2 | INFO  | d.t.c.a.a.e.s.StudentExamService     : SUCCESS: Start exercise for student exam 671 and exercise 2178 and student studexamstudent2
    23:43:55.501 | 988 ol-6698-thread-2 | INFO  | d.t.c.a.a.e.s.StudentExamService     : SUCCESS: Start exercise for student exam 671 and exercise 2179 and student studexamstudent2
    23:43:55.504 | 988 ol-6698-thread-2 | DEBUG | d.t.c.a.a.p.service.GitService       : Cloning from file:/tmp/exerciseOriginRepo9916090000682051643/ to repos/server-integration-test/studentOriginRepo17755019399416949396
    23:43:55.509 | 987 ol-6698-thread-1 | ERROR | .a.a.p.s.j.b.JenkinsBuildPlanService : Pipeline Script not found
java.lang.IllegalArgumentException: Pipeline Script not found
	at de.tum.cit.aet.artemis.programming.service.jenkins.build_plan.JenkinsBuildPlanUtils.replaceScriptParameters(JenkinsBuildPlanUtils.java:22)
	at de.tum.cit.aet.artemis.programming.service.jenkins.build_plan.JenkinsBuildPlanService.updateBuildPlanURLs(JenkinsBuildPlanService.java:245)
	at de.tum.cit.aet.artemis.programming.service.jenkins.build_plan.JenkinsBuildPlanService.copyBuildPlan(JenkinsBuildPlanService.java:293)
	at de.tum.cit.aet.artemis.programming.service.jenkins.JenkinsService.copyBuildPlan(JenkinsService.java:128)
	at java.base/java.lang.invoke.MethodHandle.invokeWithArguments(MethodHandle.java:733)
	at org.mockito.internal.util.reflection.InstrumentationMemberAccessor$Dispatcher$ByteBuddy$oog9jsgw.invokeWithArguments(Unknown Source)
	at org.mockito.internal.util.reflection.InstrumentationMemberAccessor.invoke(InstrumentationMemberAccessor.java:251)
	at org.mockito.internal.util.reflection.ModuleMemberAccessor.invoke(ModuleMemberAccessor.java:55)
	at org.mockito.internal.creation.bytebuddy.MockMethodAdvice.tryInvoke(MockMethodAdvice.java:314)
	at org.mockito.internal.creation.bytebuddy.MockMethodAdvice$RealMethodCall.invoke(MockMethodAdvice.java:234)
	at org.mockito.internal.invocation.InterceptedInvocation.callRealMethod(InterceptedInvocation.java:142)
	at org.mockito.internal.stubbing.answers.CallsRealMethods.answer(CallsRealMethods.java:45)
	at org.mockito.Answers.answer(Answers.java:90)
	at org.mockito.internal.handler.MockHandlerImpl.handle(MockHandlerImpl.java:111)
	at org.mockito.internal.handler.NullResultGuardian.handle(NullResultGuardian.java:29)
	at org.mockito.internal.handler.InvocationNotifierHandler.handle(InvocationNotifierHandler.java:34)
	at org.mockito.internal.creation.bytebuddy.MockMethodInterceptor.doIntercept(MockMethodInterceptor.java:82)
	at org.mockito.internal.creation.bytebuddy.MockMethodAdvice.handle(MockMethodAdvice.java:134)
	at de.tum.cit.aet.artemis.programming.service.jenkins.JenkinsService.copyBuildPlan(JenkinsService.java:126)
	at de.tum.cit.aet.artemis.exercise.service.ParticipationService.copyBuildPlan(ParticipationService.java:518)
	at de.tum.cit.aet.artemis.exercise.service.ParticipationService.startProgrammingParticipation(ParticipationService.java:296)
	at de.tum.cit.aet.artemis.exercise.service.ParticipationService.startProgrammingExercise(ParticipationService.java:265)
	at de.tum.cit.aet.artemis.exercise.service.ParticipationService.startExerciseWithInitializationDate(ParticipationService.java:192)
	at de.tum.cit.aet.artemis.exercise.service.ParticipationService.startExercise(ParticipationService.java:151)
	at de.tum.cit.aet.artemis.exam.service.StudentExamService.setUpExerciseParticipationsAndSubmissionsWithInitializationDate(StudentExamService.java:686)
	at de.tum.cit.aet.artemis.exam.service.StudentExamService.setUpExerciseParticipationsAndSubmissions(StudentExamService.java:800)
	at de.tum.cit.aet.artemis.exam.service.StudentExamService.lambda$startExercises$15(StudentExamService.java:735)
	at java.base/java.util.concurrent.CompletableFuture$AsyncRun.run(CompletableFuture.java:1804)
	at java.base/java.util.concurrent.ThreadPoolExecutor.runWorker(ThreadPoolExecutor.java:1144)
	at java.base/java.util.concurrent.ThreadPoolExecutor$Worker.run(ThreadPoolExecutor.java:642)
	at java.base/java.lang.Thread.run(Thread.java:1583)
    23:43:55.519 | 987 ol-6698-thread-1 | ERROR | .a.a.p.s.j.b.JenkinsBuildPlanService : Pipeline Script not found
java.lang.IllegalArgumentException: Pipeline Script not found
	at de.tum.cit.aet.artemis.programming.service.jenkins.build_plan.JenkinsBuildPlanUtils.replaceScriptParameters(JenkinsBuildPlanUtils.java:29)
	at de.tum.cit.aet.artemis.programming.service.jenkins.build_plan.JenkinsBuildPlanService.updateBuildPlanRepositories(JenkinsBuildPlanService.java:219)
	at de.tum.cit.aet.artemis.programming.service.jenkins.build_plan.JenkinsBuildPlanService.configureBuildPlanForParticipation(JenkinsBuildPlanService.java:196)
	at de.tum.cit.aet.artemis.programming.service.jenkins.JenkinsService.configureBuildPlan(JenkinsService.java:138)
	at java.base/java.lang.invoke.MethodHandle.invokeWithArguments(MethodHandle.java:733)
	at org.mockito.internal.util.reflection.InstrumentationMemberAccessor$Dispatcher$ByteBuddy$oog9jsgw.invokeWithArguments(Unknown Source)
	at org.mockito.internal.util.reflection.InstrumentationMemberAccessor.invoke(InstrumentationMemberAccessor.java:251)
	at org.mockito.internal.util.reflection.ModuleMemberAccessor.invoke(ModuleMemberAccessor.java:55)
	at org.mockito.internal.creation.bytebuddy.MockMethodAdvice.tryInvoke(MockMethodAdvice.java:314)
	at org.mockito.internal.creation.bytebuddy.MockMethodAdvice$RealMethodCall.invoke(MockMethodAdvice.java:234)
	at org.mockito.internal.invocation.InterceptedInvocation.callRealMethod(InterceptedInvocation.java:142)
	at org.mockito.internal.stubbing.answers.CallsRealMethods.answer(CallsRealMethods.java:45)
	at org.mockito.Answers.answer(Answers.java:90)
	at org.mockito.internal.handler.MockHandlerImpl.handle(MockHandlerImpl.java:111)
	at org.mockito.internal.handler.NullResultGuardian.handle(NullResultGuardian.java:29)
	at org.mockito.internal.handler.InvocationNotifierHandler.handle(InvocationNotifierHandler.java:34)
	at org.mockito.internal.creation.bytebuddy.MockMethodInterceptor.doIntercept(MockMethodInterceptor.java:82)
	at org.mockito.internal.creation.bytebuddy.MockMethodAdvice.handle(MockMethodAdvice.java:134)
	at de.tum.cit.aet.artemis.programming.service.jenkins.JenkinsService.configureBuildPlan(JenkinsService.java:138)
	at de.tum.cit.aet.artemis.exercise.service.ParticipationService.configureBuildPlan(ParticipationService.java:532)
	at de.tum.cit.aet.artemis.exercise.service.ParticipationService.startProgrammingParticipation(ParticipationService.java:298)
	at de.tum.cit.aet.artemis.exercise.service.ParticipationService.startProgrammingExercise(ParticipationService.java:265)
	at de.tum.cit.aet.artemis.exercise.service.ParticipationService.startExerciseWithInitializationDate(ParticipationService.java:192)
	at de.tum.cit.aet.artemis.exercise.service.ParticipationService.startExercise(ParticipationService.java:151)
	at de.tum.cit.aet.artemis.exam.service.StudentExamService.setUpExerciseParticipationsAndSubmissionsWithInitializationDate(StudentExamService.java:686)
	at de.tum.cit.aet.artemis.exam.service.StudentExamService.setUpExerciseParticipationsAndSubmissions(StudentExamService.java:800)
	at de.tum.cit.aet.artemis.exam.service.StudentExamService.lambda$startExercises$15(StudentExamService.java:735)
	at java.base/java.util.concurrent.CompletableFuture$AsyncRun.run(CompletableFuture.java:1804)
	at java.base/java.util.concurrent.ThreadPoolExecutor.runWorker(ThreadPoolExecutor.java:1144)
	at java.base/java.util.concurrent.ThreadPoolExecutor$Worker.run(ThreadPoolExecutor.java:642)
	at java.base/java.lang.Thread.run(Thread.java:1583)
    23:43:55.530 | 988 ol-6698-thread-2 | ERROR | .a.a.p.s.j.b.JenkinsBuildPlanService : Pipeline Script not found
java.lang.IllegalArgumentException: Pipeline Script not found
	at de.tum.cit.aet.artemis.programming.service.jenkins.build_plan.JenkinsBuildPlanUtils.replaceScriptParameters(JenkinsBuildPlanUtils.java:22)
	at de.tum.cit.aet.artemis.programming.service.jenkins.build_plan.JenkinsBuildPlanService.updateBuildPlanURLs(JenkinsBuildPlanService.java:245)
	at de.tum.cit.aet.artemis.programming.service.jenkins.build_plan.JenkinsBuildPlanService.copyBuildPlan(JenkinsBuildPlanService.java:293)
	at de.tum.cit.aet.artemis.programming.service.jenkins.JenkinsService.copyBuildPlan(JenkinsService.java:128)
	at java.base/java.lang.invoke.MethodHandle.invokeWithArguments(MethodHandle.java:733)
	at org.mockito.internal.util.reflection.InstrumentationMemberAccessor$Dispatcher$ByteBuddy$oog9jsgw.invokeWithArguments(Unknown Source)
	at org.mockito.internal.util.reflection.InstrumentationMemberAccessor.invoke(InstrumentationMemberAccessor.java:251)
	at org.mockito.internal.util.reflection.ModuleMemberAccessor.invoke(ModuleMemberAccessor.java:55)
	at org.mockito.internal.creation.bytebuddy.MockMethodAdvice.tryInvoke(MockMethodAdvice.java:314)
	at org.mockito.internal.creation.bytebuddy.MockMethodAdvice$RealMethodCall.invoke(MockMethodAdvice.java:234)
	at org.mockito.internal.invocation.InterceptedInvocation.callRealMethod(InterceptedInvocation.java:142)
	at org.mockito.internal.stubbing.answers.CallsRealMethods.answer(CallsRealMethods.java:45)
	at org.mockito.Answers.answer(Answers.java:90)
	at org.mockito.internal.handler.MockHandlerImpl.handle(MockHandlerImpl.java:111)
	at org.mockito.internal.handler.NullResultGuardian.handle(NullResultGuardian.java:29)
	at org.mockito.internal.handler.InvocationNotifierHandler.handle(InvocationNotifierHandler.java:34)
	at org.mockito.internal.creation.bytebuddy.MockMethodInterceptor.doIntercept(MockMethodInterceptor.java:82)
	at org.mockito.internal.creation.bytebuddy.MockMethodAdvice.handle(MockMethodAdvice.java:134)
	at de.tum.cit.aet.artemis.programming.service.jenkins.JenkinsService.copyBuildPlan(JenkinsService.java:126)
	at de.tum.cit.aet.artemis.exercise.service.ParticipationService.copyBuildPlan(ParticipationService.java:518)
	at de.tum.cit.aet.artemis.exercise.service.ParticipationService.startProgrammingParticipation(ParticipationService.java:296)
	at de.tum.cit.aet.artemis.exercise.service.ParticipationService.startProgrammingExercise(ParticipationService.java:265)
	at de.tum.cit.aet.artemis.exercise.service.ParticipationService.startExerciseWithInitializationDate(ParticipationService.java:192)
	at de.tum.cit.aet.artemis.exercise.service.ParticipationService.startExercise(ParticipationService.java:151)
	at de.tum.cit.aet.artemis.exam.service.StudentExamService.setUpExerciseParticipationsAndSubmissionsWithInitializationDate(StudentExamService.java:686)
	at de.tum.cit.aet.artemis.exam.service.StudentExamService.setUpExerciseParticipationsAndSubmissions(StudentExamService.java:800)
	at de.tum.cit.aet.artemis.exam.service.StudentExamService.lambda$startExercises$15(StudentExamService.java:735)
	at java.base/java.util.concurrent.CompletableFuture$AsyncRun.run(CompletableFuture.java:1804)
	at java.base/java.util.concurrent.ThreadPoolExecutor.runWorker(ThreadPoolExecutor.java:1144)
	at java.base/java.util.concurrent.ThreadPoolExecutor$Worker.run(ThreadPoolExecutor.java:642)
	at java.base/java.lang.Thread.run(Thread.java:1583)
    23:43:55.536 | 988 ol-6698-thread-2 | ERROR | .a.a.p.s.j.b.JenkinsBuildPlanService : Pipeline Script not found
java.lang.IllegalArgumentException: Pipeline Script not found
	at de.tum.cit.aet.artemis.programming.service.jenkins.build_plan.JenkinsBuildPlanUtils.replaceScriptParameters(JenkinsBuildPlanUtils.java:29)
	at de.tum.cit.aet.artemis.programming.service.jenkins.build_plan.JenkinsBuildPlanService.updateBuildPlanRepositories(JenkinsBuildPlanService.java:219)
	at de.tum.cit.aet.artemis.programming.service.jenkins.build_plan.JenkinsBuildPlanService.configureBuildPlanForParticipation(JenkinsBuildPlanService.java:196)
	at de.tum.cit.aet.artemis.programming.service.jenkins.JenkinsService.configureBuildPlan(JenkinsService.java:138)
	at java.base/java.lang.invoke.MethodHandle.invokeWithArguments(MethodHandle.java:733)
	at org.mockito.internal.util.reflection.InstrumentationMemberAccessor$Dispatcher$ByteBuddy$oog9jsgw.invokeWithArguments(Unknown Source)
	at org.mockito.internal.util.reflection.InstrumentationMemberAccessor.invoke(InstrumentationMemberAccessor.java:251)
	at org.mockito.internal.util.reflection.ModuleMemberAccessor.invoke(ModuleMemberAccessor.java:55)
	at org.mockito.internal.creation.bytebuddy.MockMethodAdvice.tryInvoke(MockMethodAdvice.java:314)
	at org.mockito.internal.creation.bytebuddy.MockMethodAdvice$RealMethodCall.invoke(MockMethodAdvice.java:234)
	at org.mockito.internal.invocation.InterceptedInvocation.callRealMethod(InterceptedInvocation.java:142)
	at org.mockito.internal.stubbing.answers.CallsRealMethods.answer(CallsRealMethods.java:45)
	at org.mockito.Answers.answer(Answers.java:90)
	at org.mockito.internal.handler.MockHandlerImpl.handle(MockHandlerImpl.java:111)
	at org.mockito.internal.handler.NullResultGuardian.handle(NullResultGuardian.java:29)
	at org.mockito.internal.handler.InvocationNotifierHandler.handle(InvocationNotifierHandler.java:34)
	at org.mockito.internal.creation.bytebuddy.MockMethodInterceptor.doIntercept(MockMethodInterceptor.java:82)
	at org.mockito.internal.creation.bytebuddy.MockMethodAdvice.handle(MockMethodAdvice.java:134)
	at de.tum.cit.aet.artemis.programming.service.jenkins.JenkinsService.configureBuildPlan(JenkinsService.java:138)
	at de.tum.cit.aet.artemis.exercise.service.ParticipationService.configureBuildPlan(ParticipationService.java:532)
	at de.tum.cit.aet.artemis.exercise.service.ParticipationService.startProgrammingParticipation(ParticipationService.java:298)
	at de.tum.cit.aet.artemis.exercise.service.ParticipationService.startProgrammingExercise(ParticipationService.java:265)
	at de.tum.cit.aet.artemis.exercise.service.ParticipationService.startExerciseWithInitializationDate(ParticipationService.java:192)
	at de.tum.cit.aet.artemis.exercise.service.ParticipationService.startExercise(ParticipationService.java:151)
	at de.tum.cit.aet.artemis.exam.service.StudentExamService.setUpExerciseParticipationsAndSubmissionsWithInitializationDate(StudentExamService.java:686)
	at de.tum.cit.aet.artemis.exam.service.StudentExamService.setUpExerciseParticipationsAndSubmissions(StudentExamService.java:800)
	at de.tum.cit.aet.artemis.exam.service.StudentExamService.lambda$startExercises$15(StudentExamService.java:735)
	at java.base/java.util.concurrent.CompletableFuture$AsyncRun.run(CompletableFuture.java:1804)
	at java.base/java.util.concurrent.ThreadPoolExecutor.runWorker(ThreadPoolExecutor.java:1144)
	at java.base/java.util.concurrent.ThreadPoolExecutor$Worker.run(ThreadPoolExecutor.java:642)
	at java.base/java.lang.Thread.run(Thread.java:1583)
    23:43:55.538 | 987 ol-6698-thread-1 | INFO  | d.t.c.a.a.e.s.StudentExamService     : SUCCESS: Start exercise for student exam 672 and exercise 2180 and student studexamstudent1
    23:43:55.544 | 988 ol-6698-thread-2 | INFO  | d.t.c.a.a.e.s.StudentExamService     : SUCCESS: Start exercise for student exam 671 and exercise 2180 and student studexamstudent2
    23:43:55.547 | 370 ool-1-worker-134 | INFO  | d.t.c.a.a.e.web.StudentExamResource  : Generated 14 participations in 144.50ms for student exams of exam 1127
    23:43:55.549 | 370 ool-1-worker-134 | DEBUG | d.t.c.a.a.c.s.f.ApiVersionFilter     : Adding Version to Request GET /api/courses/604/exams/1127/student-exams/start-exercises/status
    23:43:55.559 | 370 ool-1-worker-134 | DEBUG | d.t.c.a.a.c.s.f.ApiVersionFilter     : Adding Version to Request POST /api/courses/604/exams/1127/student-exams/assess-unsubmitted-and-empty-student-exams
    23:43:55.560 | 370 ool-1-worker-134 | INFO  | d.t.c.a.a.e.web.StudentExamResource  : REST request to automatically assess the not submitted student exams of the exam with id 1127
    23:43:55.563 | 370 ool-1-worker-134 | INFO  | d.t.c.a.a.e.web.StudentExamResource  : Graded 0 unsubmitted student exams of exam 1127
    23:43:55.568 | 370 ool-1-worker-134 | DEBUG | .c.s.m.InstanceMessageReceiveService : Received schedule participant score for exercise 2170 and participant 672 (result to be deleted: null)
    23:43:55.568 | 370 ool-1-worker-134 | DEBUG | .a.s.ParticipantScoreScheduleService : Scheduled task for exercise 2170 and participant 672 at 2025-02-14T23:43:55.668517282Z[Etc/UTC].
    23:43:55.579 | 370 ool-1-worker-134 | DEBUG | .c.s.m.InstanceMessageReceiveService : Received schedule participant score for exercise 2170 and participant 672 (result to be deleted: null)
    23:43:55.579 | 370 ool-1-worker-134 | DEBUG | .a.s.ParticipantScoreScheduleService : Scheduled task for exercise 2170 and participant 672 at 2025-02-14T23:43:55.679696960Z[Etc/UTC].
    23:43:55.586 | 370 ool-1-worker-134 | DEBUG | .c.s.m.InstanceMessageReceiveService : Received schedule participant score for exercise 2170 and participant 672 (result to be deleted: null)
    23:43:55.586 | 370 ool-1-worker-134 | DEBUG | .a.s.ParticipantScoreScheduleService : Scheduled task for exercise 2170 and participant 672 at 2025-02-14T23:43:55.686469470Z[Etc/UTC].
    23:43:55.587 | 370 ool-1-worker-134 | DEBUG | .c.s.m.InstanceMessageReceiveService : Received schedule participant score for exercise 2170 and participant 672 (result to be deleted: null)
    23:43:55.587 | 370 ool-1-worker-134 | DEBUG | .a.s.ParticipantScoreScheduleService : Scheduled task for exercise 2170 and participant 672 at 2025-02-14T23:43:55.687399495Z[Etc/UTC].
    23:43:55.596 | 370 ool-1-worker-134 | DEBUG | .c.s.m.InstanceMessageReceiveService : Received schedule participant score for exercise 2170 and participant 672 (result to be deleted: null)
    23:43:55.596 | 370 ool-1-worker-134 | DEBUG | .a.s.ParticipantScoreScheduleService : Scheduled task for exercise 2170 and participant 672 at 2025-02-14T23:43:55.696201570Z[Etc/UTC].
    23:43:55.596 | 370 ool-1-worker-134 | DEBUG | .c.s.m.InstanceMessageReceiveService : Received schedule participant score for exercise 2170 and participant 672 (result to be deleted: null)
    23:43:55.596 | 370 ool-1-worker-134 | DEBUG | .a.s.ParticipantScoreScheduleService : Scheduled task for exercise 2170 and participant 672 at 2025-02-14T23:43:55.696374402Z[Etc/UTC].
    23:43:55.603 | 370 ool-1-worker-134 | DEBUG | .c.s.m.InstanceMessageReceiveService : Received schedule participant score for exercise 2170 and participant 672 (result to be deleted: null)
    23:43:55.603 | 370 ool-1-worker-134 | DEBUG | .a.s.ParticipantScoreScheduleService : Scheduled task for exercise 2170 and participant 672 at 2025-02-14T23:43:55.703437754Z[Etc/UTC].
    23:43:55.605 | 370 ool-1-worker-134 | DEBUG | .c.s.m.InstanceMessageReceiveService : Received schedule participant score for exercise 2175 and participant 672 (result to be deleted: null)
    23:43:55.605 | 370 ool-1-worker-134 | DEBUG | .a.s.ParticipantScoreScheduleService : Scheduled task for exercise 2175 and participant 672 at 2025-02-14T23:43:55.705258269Z[Etc/UTC].
    23:43:55.615 | 370 ool-1-worker-134 | DEBUG | .c.s.m.InstanceMessageReceiveService : Received schedule participant score for exercise 2175 and participant 672 (result to be deleted: null)
    23:43:55.615 | 370 ool-1-worker-134 | DEBUG | .a.s.ParticipantScoreScheduleService : Scheduled task for exercise 2175 and participant 672 at 2025-02-14T23:43:55.715879847Z[Etc/UTC].
    23:43:55.622 | 370 ool-1-worker-134 | DEBUG | .c.s.m.InstanceMessageReceiveService : Received schedule participant score for exercise 2175 and participant 672 (result to be deleted: null)
    23:43:55.622 | 370 ool-1-worker-134 | DEBUG | .a.s.ParticipantScoreScheduleService : Scheduled task for exercise 2175 and participant 672 at 2025-02-14T23:43:55.722450761Z[Etc/UTC].
    23:43:55.623 | 370 ool-1-worker-134 | DEBUG | .c.s.m.InstanceMessageReceiveService : Received schedule participant score for exercise 2175 and participant 672 (result to be deleted: null)
    23:43:55.623 | 370 ool-1-worker-134 | DEBUG | .a.s.ParticipantScoreScheduleService : Scheduled task for exercise 2175 and participant 672 at 2025-02-14T23:43:55.723335711Z[Etc/UTC].
    23:43:55.632 | 370 ool-1-worker-134 | DEBUG | .c.s.m.InstanceMessageReceiveService : Received schedule participant score for exercise 2175 and participant 672 (result to be deleted: null)
    23:43:55.632 | 370 ool-1-worker-134 | DEBUG | .a.s.ParticipantScoreScheduleService : Scheduled task for exercise 2175 and participant 672 at 2025-02-14T23:43:55.732300620Z[Etc/UTC].
    23:43:55.632 | 370 ool-1-worker-134 | DEBUG | .c.s.m.InstanceMessageReceiveService : Received schedule participant score for exercise 2175 and participant 672 (result to be deleted: null)
    23:43:55.632 | 370 ool-1-worker-134 | DEBUG | .a.s.ParticipantScoreScheduleService : Scheduled task for exercise 2175 and participant 672 at 2025-02-14T23:43:55.732464876Z[Etc/UTC].
    23:43:55.638 | 370 ool-1-worker-134 | DEBUG | .c.s.m.InstanceMessageReceiveService : Received schedule participant score for exercise 2175 and participant 672 (result to be deleted: null)
    23:43:55.638 | 370 ool-1-worker-134 | DEBUG | .a.s.ParticipantScoreScheduleService : Scheduled task for exercise 2175 and participant 672 at 2025-02-14T23:43:55.738661031Z[Etc/UTC].
    23:43:55.640 | 370 ool-1-worker-134 | DEBUG | .c.s.m.InstanceMessageReceiveService : Received schedule participant score for exercise 2177 and participant 672 (result to be deleted: null)
    23:43:55.640 | 370 ool-1-worker-134 | DEBUG | .a.s.ParticipantScoreScheduleService : Scheduled task for exercise 2177 and participant 672 at 2025-02-14T23:43:55.740324393Z[Etc/UTC].
    23:43:55.650 | 370 ool-1-worker-134 | DEBUG | .c.s.m.InstanceMessageReceiveService : Received schedule participant score for exercise 2177 and participant 672 (result to be deleted: null)
    23:43:55.650 | 370 ool-1-worker-134 | DEBUG | .a.s.ParticipantScoreScheduleService : Scheduled task for exercise 2177 and participant 672 at 2025-02-14T23:43:55.750879878Z[Etc/UTC].
    23:43:55.658 | 370 ool-1-worker-134 | DEBUG | .c.s.m.InstanceMessageReceiveService : Received schedule participant score for exercise 2177 and participant 672 (result to be deleted: null)
    23:43:55.658 | 370 ool-1-worker-134 | DEBUG | .a.s.ParticipantScoreScheduleService : Scheduled task for exercise 2177 and participant 672 at 2025-02-14T23:43:55.758163721Z[Etc/UTC].
    23:43:55.659 | 370 ool-1-worker-134 | DEBUG | .c.s.m.InstanceMessageReceiveService : Received schedule participant score for exercise 2177 and participant 672 (result to be deleted: null)
    23:43:55.659 | 370 ool-1-worker-134 | DEBUG | .a.s.ParticipantScoreScheduleService : Scheduled task for exercise 2177 and participant 672 at 2025-02-14T23:43:55.759058510Z[Etc/UTC].
    23:43:55.667 | 370 ool-1-worker-134 | DEBUG | .c.s.m.InstanceMessageReceiveService : Received schedule participant score for exercise 2177 and participant 672 (result to be deleted: null)
    23:43:55.667 | 370 ool-1-worker-134 | DEBUG | .a.s.ParticipantScoreScheduleService : Scheduled task for exercise 2177 and participant 672 at 2025-02-14T23:43:55.767831430Z[Etc/UTC].
    23:43:55.667 | 370 ool-1-worker-134 | DEBUG | .c.s.m.InstanceMessageReceiveService : Received schedule participant score for exercise 2177 and participant 672 (result to be deleted: null)
    23:43:55.667 | 370 ool-1-worker-134 | DEBUG | .a.s.ParticipantScoreScheduleService : Scheduled task for exercise 2177 and participant 672 at 2025-02-14T23:43:55.767986689Z[Etc/UTC].
    23:43:55.674 | 370 ool-1-worker-134 | DEBUG | .c.s.m.InstanceMessageReceiveService : Received schedule participant score for exercise 2177 and participant 672 (result to be deleted: null)
    23:43:55.674 | 370 ool-1-worker-134 | DEBUG | .a.s.ParticipantScoreScheduleService : Scheduled task for exercise 2177 and participant 672 at 2025-02-14T23:43:55.774130036Z[Etc/UTC].
    23:43:55.675 | 370 ool-1-worker-134 | DEBUG | .c.s.m.InstanceMessageReceiveService : Received schedule participant score for exercise 2178 and participant 672 (result to be deleted: null)
    23:43:55.675 | 370 ool-1-worker-134 | DEBUG | .a.s.ParticipantScoreScheduleService : Scheduled task for exercise 2178 and participant 672 at 2025-02-14T23:43:55.775811352Z[Etc/UTC].
    23:43:55.686 | 370 ool-1-worker-134 | DEBUG | .c.s.m.InstanceMessageReceiveService : Received schedule participant score for exercise 2178 and participant 672 (result to be deleted: null)
    23:43:55.686 | 370 ool-1-worker-134 | DEBUG | .a.s.ParticipantScoreScheduleService : Scheduled task for exercise 2178 and participant 672 at 2025-02-14T23:43:55.786346619Z[Etc/UTC].
    23:43:55.692 | 370 ool-1-worker-134 | DEBUG | .c.s.m.InstanceMessageReceiveService : Received schedule participant score for exercise 2178 and participant 672 (result to be deleted: null)
    23:43:55.692 | 370 ool-1-worker-134 | DEBUG | .a.s.ParticipantScoreScheduleService : Scheduled task for exercise 2178 and participant 672 at 2025-02-14T23:43:55.792588038Z[Etc/UTC].
    23:43:55.693 | 370 ool-1-worker-134 | DEBUG | .c.s.m.InstanceMessageReceiveService : Received schedule participant score for exercise 2178 and participant 672 (result to be deleted: null)
    23:43:55.693 | 370 ool-1-worker-134 | DEBUG | .a.s.ParticipantScoreScheduleService : Scheduled task for exercise 2178 and participant 672 at 2025-02-14T23:43:55.793467157Z[Etc/UTC].
    23:43:55.702 | 370 ool-1-worker-134 | DEBUG | .c.s.m.InstanceMessageReceiveService : Received schedule participant score for exercise 2178 and participant 672 (result to be deleted: null)
    23:43:55.702 | 370 ool-1-worker-134 | DEBUG | .a.s.ParticipantScoreScheduleService : Scheduled task for exercise 2178 and participant 672 at 2025-02-14T23:43:55.802233926Z[Etc/UTC].
    23:43:55.702 | 370 ool-1-worker-134 | DEBUG | .c.s.m.InstanceMessageReceiveService : Received schedule participant score for exercise 2178 and participant 672 (result to be deleted: null)
    23:43:55.702 | 370 ool-1-worker-134 | DEBUG | .a.s.ParticipantScoreScheduleService : Scheduled task for exercise 2178 and participant 672 at 2025-02-14T23:43:55.802386400Z[Etc/UTC].
    23:43:55.703 | 326 taskScheduler-1  | DEBUG | .a.s.ParticipantScoreScheduleService : Processing exercise 2170 and participant 672 to update participant scores.
    23:43:55.710 | 370 ool-1-worker-134 | DEBUG | .c.s.m.InstanceMessageReceiveService : Received schedule participant score for exercise 2178 and participant 672 (result to be deleted: null)
    23:43:55.710 | 370 ool-1-worker-134 | DEBUG | .a.s.ParticipantScoreScheduleService : Scheduled task for exercise 2178 and participant 672 at 2025-02-14T23:43:55.810501785Z[Etc/UTC].
    23:43:55.711 | 326 taskScheduler-1  | DEBUG | .a.s.ParticipantScoreScheduleService : Updated participant score 229.
    23:43:55.711 | 326 taskScheduler-1  | DEBUG | .a.s.ParticipantScoreScheduleService : Updating the participant score for exercise 2170 and participant 672 took 8 ms.
    23:43:55.712 | 370 ool-1-worker-134 | DEBUG | .c.s.m.InstanceMessageReceiveService : Received schedule participant score for exercise 2179 and participant 672 (result to be deleted: null)
    23:43:55.712 | 370 ool-1-worker-134 | DEBUG | .a.s.ParticipantScoreScheduleService : Scheduled task for exercise 2179 and participant 672 at 2025-02-14T23:43:55.812159847Z[Etc/UTC].
    23:43:55.722 | 370 ool-1-worker-134 | DEBUG | .c.s.m.InstanceMessageReceiveService : Received schedule participant score for exercise 2179 and participant 672 (result to be deleted: null)
    23:43:55.723 | 370 ool-1-worker-134 | DEBUG | .a.s.ParticipantScoreScheduleService : Scheduled task for exercise 2179 and participant 672 at 2025-02-14T23:43:55.823022534Z[Etc/UTC].
    23:43:55.729 | 370 ool-1-worker-134 | DEBUG | .c.s.m.InstanceMessageReceiveService : Received schedule participant score for exercise 2179 and participant 672 (result to be deleted: null)
    23:43:55.729 | 370 ool-1-worker-134 | DEBUG | .a.s.ParticipantScoreScheduleService : Scheduled task for exercise 2179 and participant 672 at 2025-02-14T23:43:55.829621280Z[Etc/UTC].
    23:43:55.730 | 370 ool-1-worker-134 | DEBUG | .c.s.m.InstanceMessageReceiveService : Received schedule participant score for exercise 2179 and participant 672 (result to be deleted: null)
    23:43:55.730 | 370 ool-1-worker-134 | DEBUG | .a.s.ParticipantScoreScheduleService : Scheduled task for exercise 2179 and participant 672 at 2025-02-14T23:43:55.830528993Z[Etc/UTC].
    23:43:55.738 | 329 taskScheduler-4  | DEBUG | .a.s.ParticipantScoreScheduleService : Processing exercise 2175 and participant 672 to update participant scores.
    23:43:55.739 | 370 ool-1-worker-134 | DEBUG | .c.s.m.InstanceMessageReceiveService : Received schedule participant score for exercise 2179 and participant 672 (result to be deleted: null)
    23:43:55.739 | 370 ool-1-worker-134 | DEBUG | .a.s.ParticipantScoreScheduleService : Scheduled task for exercise 2179 and participant 672 at 2025-02-14T23:43:55.839787669Z[Etc/UTC].
    23:43:55.739 | 370 ool-1-worker-134 | DEBUG | .c.s.m.InstanceMessageReceiveService : Received schedule participant score for exercise 2179 and participant 672 (result to be deleted: null)
    23:43:55.739 | 370 ool-1-worker-134 | DEBUG | .a.s.ParticipantScoreScheduleService : Scheduled task for exercise 2179 and participant 672 at 2025-02-14T23:43:55.839943920Z[Etc/UTC].
    23:43:55.746 | 370 ool-1-worker-134 | DEBUG | .c.s.m.InstanceMessageReceiveService : Received schedule participant score for exercise 2179 and participant 672 (result to be deleted: null)
    23:43:55.746 | 370 ool-1-worker-134 | DEBUG | .a.s.ParticipantScoreScheduleService : Scheduled task for exercise 2179 and participant 672 at 2025-02-14T23:43:55.846445936Z[Etc/UTC].
    23:43:55.752 | 329 taskScheduler-4  | DEBUG | .a.s.ParticipantScoreScheduleService : Updated participant score 230.
    23:43:55.753 | 370 ool-1-worker-134 | DEBUG | .c.s.m.InstanceMessageReceiveService : Received schedule participant score for exercise 2180 and participant 672 (result to be deleted: null)
    23:43:55.753 | 370 ool-1-worker-134 | DEBUG | .a.s.ParticipantScoreScheduleService : Scheduled task for exercise 2180 and participant 672 at 2025-02-14T23:43:55.853800411Z[Etc/UTC].
    23:43:55.754 | 329 taskScheduler-4  | DEBUG | .a.s.ParticipantScoreScheduleService : Updating the participant score for exercise 2175 and participant 672 took 16 ms.
    23:43:55.760 | 370 ool-1-worker-134 | DEBUG | .c.s.m.InstanceMessageReceiveService : Received schedule participant score for exercise 2180 and participant 672 (result to be deleted: null)
    23:43:55.760 | 370 ool-1-worker-134 | DEBUG | .a.s.ParticipantScoreScheduleService : Scheduled task for exercise 2180 and participant 672 at 2025-02-14T23:43:55.860268724Z[Etc/UTC].
    23:43:55.766 | 370 ool-1-worker-134 | DEBUG | .c.s.m.InstanceMessageReceiveService : Received schedule participant score for exercise 2180 and participant 672 (result to be deleted: null)
    23:43:55.766 | 370 ool-1-worker-134 | DEBUG | .a.s.ParticipantScoreScheduleService : Scheduled task for exercise 2180 and participant 672 at 2025-02-14T23:43:55.866552713Z[Etc/UTC].
    23:43:55.767 | 370 ool-1-worker-134 | DEBUG | .c.s.m.InstanceMessageReceiveService : Received schedule participant score for exercise 2180 and participant 672 (result to be deleted: null)
    23:43:55.767 | 370 ool-1-worker-134 | DEBUG | .a.s.ParticipantScoreScheduleService : Scheduled task for exercise 2180 and participant 672 at 2025-02-14T23:43:55.867482326Z[Etc/UTC].
    23:43:55.774 | 328 taskScheduler-3  | DEBUG | .a.s.ParticipantScoreScheduleService : Processing exercise 2177 and participant 672 to update participant scores.
    23:43:55.776 | 370 ool-1-worker-134 | DEBUG | .c.s.m.InstanceMessageReceiveService : Received schedule participant score for exercise 2180 and participant 672 (result to be deleted: null)
    23:43:55.776 | 370 ool-1-worker-134 | DEBUG | .a.s.ParticipantScoreScheduleService : Scheduled task for exercise 2180 and participant 672 at 2025-02-14T23:43:55.876592565Z[Etc/UTC].
    23:43:55.776 | 370 ool-1-worker-134 | DEBUG | .c.s.m.InstanceMessageReceiveService : Received schedule participant score for exercise 2180 and participant 672 (result to be deleted: null)
    23:43:55.776 | 370 ool-1-worker-134 | DEBUG | .a.s.ParticipantScoreScheduleService : Scheduled task for exercise 2180 and participant 672 at 2025-02-14T23:43:55.876757784Z[Etc/UTC].
    23:43:55.784 | 370 ool-1-worker-134 | DEBUG | .c.s.m.InstanceMessageReceiveService : Received schedule participant score for exercise 2180 and participant 672 (result to be deleted: null)
    23:43:55.784 | 370 ool-1-worker-134 | DEBUG | .a.s.ParticipantScoreScheduleService : Scheduled task for exercise 2180 and participant 672 at 2025-02-14T23:43:55.884495904Z[Etc/UTC].
    23:43:55.785 | 328 taskScheduler-3  | DEBUG | .a.s.ParticipantScoreScheduleService : Updated participant score 231.
    23:43:55.785 | 328 taskScheduler-3  | DEBUG | .a.s.ParticipantScoreScheduleService : Updating the participant score for exercise 2177 and participant 672 took 11 ms.
    23:43:55.787 | 370 ool-1-worker-134 | DEBUG | .c.s.m.InstanceMessageReceiveService : Received schedule participant score for exercise 2171 and participant 671 (result to be deleted: null)
    23:43:55.787 | 370 ool-1-worker-134 | DEBUG | .a.s.ParticipantScoreScheduleService : Scheduled task for exercise 2171 and participant 671 at 2025-02-14T23:43:55.887952871Z[Etc/UTC].
    23:43:55.798 | 370 ool-1-worker-134 | DEBUG | .c.s.m.InstanceMessageReceiveService : Received schedule participant score for exercise 2171 and participant 671 (result to be deleted: null)
    23:43:55.798 | 370 ool-1-worker-134 | DEBUG | .a.s.ParticipantScoreScheduleService : Scheduled task for exercise 2171 and participant 671 at 2025-02-14T23:43:55.898325846Z[Etc/UTC].
    23:43:55.804 | 370 ool-1-worker-134 | DEBUG | .c.s.m.InstanceMessageReceiveService : Received schedule participant score for exercise 2171 and participant 671 (result to be deleted: null)
    23:43:55.804 | 370 ool-1-worker-134 | DEBUG | .a.s.ParticipantScoreScheduleService : Scheduled task for exercise 2171 and participant 671 at 2025-02-14T23:43:55.904702076Z[Etc/UTC].
    23:43:55.805 | 370 ool-1-worker-134 | DEBUG | .c.s.m.InstanceMessageReceiveService : Received schedule participant score for exercise 2171 and participant 671 (result to be deleted: null)
    23:43:55.805 | 370 ool-1-worker-134 | DEBUG | .a.s.ParticipantScoreScheduleService : Scheduled task for exercise 2171 and participant 671 at 2025-02-14T23:43:55.905619607Z[Etc/UTC].
    23:43:55.813 | 326 taskScheduler-1  | DEBUG | .a.s.ParticipantScoreScheduleService : Processing exercise 2178 and participant 672 to update participant scores.
    23:43:55.814 | 370 ool-1-worker-134 | DEBUG | .c.s.m.InstanceMessageReceiveService : Received schedule participant score for exercise 2171 and participant 671 (result to be deleted: null)
    23:43:55.814 | 370 ool-1-worker-134 | DEBUG | .a.s.ParticipantScoreScheduleService : Scheduled task for exercise 2171 and participant 671 at 2025-02-14T23:43:55.914920282Z[Etc/UTC].
    23:43:55.815 | 370 ool-1-worker-134 | DEBUG | .c.s.m.InstanceMessageReceiveService : Received schedule participant score for exercise 2171 and participant 671 (result to be deleted: null)
    23:43:55.815 | 370 ool-1-worker-134 | DEBUG | .a.s.ParticipantScoreScheduleService : Scheduled task for exercise 2171 and participant 671 at 2025-02-14T23:43:55.915082284Z[Etc/UTC].
    23:43:55.821 | 370 ool-1-worker-134 | DEBUG | .c.s.m.InstanceMessageReceiveService : Received schedule participant score for exercise 2171 and participant 671 (result to be deleted: null)
    23:43:55.821 | 370 ool-1-worker-134 | DEBUG | .a.s.ParticipantScoreScheduleService : Scheduled task for exercise 2171 and participant 671 at 2025-02-14T23:43:55.921507987Z[Etc/UTC].
    23:43:55.822 | 326 taskScheduler-1  | DEBUG | .a.s.ParticipantScoreScheduleService : Updated participant score 232.
    23:43:55.823 | 326 taskScheduler-1  | DEBUG | .a.s.ParticipantScoreScheduleService : Updating the participant score for exercise 2178 and participant 672 took 10 ms.
    23:43:55.823 | 370 ool-1-worker-134 | DEBUG | .c.s.m.InstanceMessageReceiveService : Received schedule participant score for exercise 2174 and participant 671 (result to be deleted: null)
    23:43:55.823 | 370 ool-1-worker-134 | DEBUG | .a.s.ParticipantScoreScheduleService : Scheduled task for exercise 2174 and participant 671 at 2025-02-14T23:43:55.923204140Z[Etc/UTC].
    23:43:55.834 | 370 ool-1-worker-134 | DEBUG | .c.s.m.InstanceMessageReceiveService : Received schedule participant score for exercise 2174 and participant 671 (result to be deleted: null)
    23:43:55.834 | 370 ool-1-worker-134 | DEBUG | .a.s.ParticipantScoreScheduleService : Scheduled task for exercise 2174 and participant 671 at 2025-02-14T23:43:55.934628535Z[Etc/UTC].
    23:43:55.840 | 370 ool-1-worker-134 | DEBUG | .c.s.m.InstanceMessageReceiveService : Received schedule participant score for exercise 2174 and participant 671 (result to be deleted: null)
    23:43:55.840 | 370 ool-1-worker-134 | DEBUG | .a.s.ParticipantScoreScheduleService : Scheduled task for exercise 2174 and participant 671 at 2025-02-14T23:43:55.940795486Z[Etc/UTC].
    23:43:55.841 | 370 ool-1-worker-134 | DEBUG | .c.s.m.InstanceMessageReceiveService : Received schedule participant score for exercise 2174 and participant 671 (result to be deleted: null)
    23:43:55.841 | 370 ool-1-worker-134 | DEBUG | .a.s.ParticipantScoreScheduleService : Scheduled task for exercise 2174 and participant 671 at 2025-02-14T23:43:55.941749355Z[Etc/UTC].
    23:43:55.846 | 327 taskScheduler-2  | DEBUG | .a.s.ParticipantScoreScheduleService : Processing exercise 2179 and participant 672 to update participant scores.
    23:43:55.851 | 370 ool-1-worker-134 | DEBUG | .c.s.m.InstanceMessageReceiveService : Received schedule participant score for exercise 2174 and participant 671 (result to be deleted: null)
    23:43:55.851 | 370 ool-1-worker-134 | DEBUG | .a.s.ParticipantScoreScheduleService : Scheduled task for exercise 2174 and participant 671 at 2025-02-14T23:43:55.951469932Z[Etc/UTC].
    23:43:55.851 | 370 ool-1-worker-134 | DEBUG | .c.s.m.InstanceMessageReceiveService : Received schedule participant score for exercise 2174 and participant 671 (result to be deleted: null)
    23:43:55.851 | 370 ool-1-worker-134 | DEBUG | .a.s.ParticipantScoreScheduleService : Scheduled task for exercise 2174 and participant 671 at 2025-02-14T23:43:55.951628228Z[Etc/UTC].
    23:43:55.851 | 327 taskScheduler-2  | DEBUG | .a.s.ParticipantScoreScheduleService : Updated participant score 233.
    23:43:55.854 | 327 taskScheduler-2  | DEBUG | .a.s.ParticipantScoreScheduleService : Updating the participant score for exercise 2179 and participant 672 took 8 ms.
    23:43:55.857 | 370 ool-1-worker-134 | DEBUG | .c.s.m.InstanceMessageReceiveService : Received schedule participant score for exercise 2174 and participant 671 (result to be deleted: null)
    23:43:55.857 | 370 ool-1-worker-134 | DEBUG | .a.s.ParticipantScoreScheduleService : Scheduled task for exercise 2174 and participant 671 at 2025-02-14T23:43:55.957737671Z[Etc/UTC].
    23:43:55.859 | 370 ool-1-worker-134 | DEBUG | .c.s.m.InstanceMessageReceiveService : Received schedule participant score for exercise 2176 and participant 671 (result to be deleted: null)
    23:43:55.859 | 370 ool-1-worker-134 | DEBUG | .a.s.ParticipantScoreScheduleService : Scheduled task for exercise 2176 and participant 671 at 2025-02-14T23:43:55.959437791Z[Etc/UTC].
    23:43:55.870 | 370 ool-1-worker-134 | DEBUG | .c.s.m.InstanceMessageReceiveService : Received schedule participant score for exercise 2176 and participant 671 (result to be deleted: null)
    23:43:55.870 | 370 ool-1-worker-134 | DEBUG | .a.s.ParticipantScoreScheduleService : Scheduled task for exercise 2176 and participant 671 at 2025-02-14T23:43:55.970186496Z[Etc/UTC].
    23:43:55.879 | 370 ool-1-worker-134 | DEBUG | .c.s.m.InstanceMessageReceiveService : Received schedule participant score for exercise 2176 and participant 671 (result to be deleted: null)
    23:43:55.879 | 370 ool-1-worker-134 | DEBUG | .a.s.ParticipantScoreScheduleService : Scheduled task for exercise 2176 and participant 671 at 2025-02-14T23:43:55.979664582Z[Etc/UTC].
    23:43:55.882 | 370 ool-1-worker-134 | DEBUG | .c.s.m.InstanceMessageReceiveService : Received schedule participant score for exercise 2176 and participant 671 (result to be deleted: null)
    23:43:55.882 | 370 ool-1-worker-134 | DEBUG | .a.s.ParticipantScoreScheduleService : Scheduled task for exercise 2176 and participant 671 at 2025-02-14T23:43:55.982334491Z[Etc/UTC].
    23:43:55.884 | 328 taskScheduler-3  | DEBUG | .a.s.ParticipantScoreScheduleService : Processing exercise 2180 and participant 672 to update participant scores.
    23:43:55.893 | 370 ool-1-worker-134 | DEBUG | .c.s.m.InstanceMessageReceiveService : Received schedule participant score for exercise 2176 and participant 671 (result to be deleted: null)
    23:43:55.893 | 370 ool-1-worker-134 | DEBUG | .a.s.ParticipantScoreScheduleService : Scheduled task for exercise 2176 and participant 671 at 2025-02-14T23:43:55.993260767Z[Etc/UTC].
    23:43:55.893 | 370 ool-1-worker-134 | DEBUG | .c.s.m.InstanceMessageReceiveService : Received schedule participant score for exercise 2176 and participant 671 (result to be deleted: null)
    23:43:55.893 | 370 ool-1-worker-134 | DEBUG | .a.s.ParticipantScoreScheduleService : Scheduled task for exercise 2176 and participant 671 at 2025-02-14T23:43:55.993439500Z[Etc/UTC].
    23:43:55.893 | 328 taskScheduler-3  | DEBUG | .a.s.ParticipantScoreScheduleService : Updated participant score 234.
    23:43:55.894 | 328 taskScheduler-3  | DEBUG | .a.s.ParticipantScoreScheduleService : Updating the participant score for exercise 2180 and participant 672 took 10 ms.
    23:43:55.906 | 370 ool-1-worker-134 | DEBUG | .c.s.m.InstanceMessageReceiveService : Received schedule participant score for exercise 2176 and participant 671 (result to be deleted: null)
    23:43:55.906 | 370 ool-1-worker-134 | DEBUG | .a.s.ParticipantScoreScheduleService : Scheduled task for exercise 2176 and participant 671 at 2025-02-14T23:43:56.006177264Z[Etc/UTC].
    23:43:55.910 | 370 ool-1-worker-134 | DEBUG | .c.s.m.InstanceMessageReceiveService : Received schedule participant score for exercise 2178 and participant 671 (result to be deleted: null)
    23:43:55.910 | 370 ool-1-worker-134 | DEBUG | .a.s.ParticipantScoreScheduleService : Scheduled task for exercise 2178 and participant 671 at 2025-02-14T23:43:56.010326232Z[Etc/UTC].
    23:43:55.921 | 329 taskScheduler-4  | DEBUG | .a.s.ParticipantScoreScheduleService : Processing exercise 2171 and participant 671 to update participant scores.
    23:43:55.923 | 370 ool-1-worker-134 | DEBUG | .c.s.m.InstanceMessageReceiveService : Received schedule participant score for exercise 2178 and participant 671 (result to be deleted: null)
    23:43:55.923 | 370 ool-1-worker-134 | DEBUG | .a.s.ParticipantScoreScheduleService : Scheduled task for exercise 2178 and participant 671 at 2025-02-14T23:43:56.023713977Z[Etc/UTC].
    23:43:55.927 | 329 taskScheduler-4  | DEBUG | .a.s.ParticipantScoreScheduleService : Updated participant score 235.
    23:43:55.927 | 329 taskScheduler-4  | DEBUG | .a.s.ParticipantScoreScheduleService : Updating the participant score for exercise 2171 and participant 671 took 6 ms.
    23:43:55.931 | 370 ool-1-worker-134 | DEBUG | .c.s.m.InstanceMessageReceiveService : Received schedule participant score for exercise 2178 and participant 671 (result to be deleted: null)
    23:43:55.931 | 370 ool-1-worker-134 | DEBUG | .a.s.ParticipantScoreScheduleService : Scheduled task for exercise 2178 and participant 671 at 2025-02-14T23:43:56.031531066Z[Etc/UTC].
    23:43:55.932 | 370 ool-1-worker-134 | DEBUG | .c.s.m.InstanceMessageReceiveService : Received schedule participant score for exercise 2178 and participant 671 (result to be deleted: null)
    23:43:55.932 | 370 ool-1-worker-134 | DEBUG | .a.s.ParticipantScoreScheduleService : Scheduled task for exercise 2178 and participant 671 at 2025-02-14T23:43:56.032467802Z[Etc/UTC].
    23:43:55.942 | 370 ool-1-worker-134 | DEBUG | .c.s.m.InstanceMessageReceiveService : Received schedule participant score for exercise 2178 and participant 671 (result to be deleted: null)
    23:43:55.942 | 370 ool-1-worker-134 | DEBUG | .a.s.ParticipantScoreScheduleService : Scheduled task for exercise 2178 and participant 671 at 2025-02-14T23:43:56.042224938Z[Etc/UTC].
    23:43:55.942 | 370 ool-1-worker-134 | DEBUG | .c.s.m.InstanceMessageReceiveService : Received schedule participant score for exercise 2178 and participant 671 (result to be deleted: null)
    23:43:55.942 | 370 ool-1-worker-134 | DEBUG | .a.s.ParticipantScoreScheduleService : Scheduled task for exercise 2178 and participant 671 at 2025-02-14T23:43:56.042424280Z[Etc/UTC].
    23:43:55.948 | 370 ool-1-worker-134 | DEBUG | .c.s.m.InstanceMessageReceiveService : Received schedule participant score for exercise 2178 and participant 671 (result to be deleted: null)
    23:43:55.948 | 370 ool-1-worker-134 | DEBUG | .a.s.ParticipantScoreScheduleService : Scheduled task for exercise 2178 and participant 671 at 2025-02-14T23:43:56.048956502Z[Etc/UTC].
    23:43:55.950 | 370 ool-1-worker-134 | DEBUG | .c.s.m.InstanceMessageReceiveService : Received schedule participant score for exercise 2179 and participant 671 (result to be deleted: null)
    23:43:55.950 | 370 ool-1-worker-134 | DEBUG | .a.s.ParticipantScoreScheduleService : Scheduled task for exercise 2179 and participant 671 at 2025-02-14T23:43:56.050841958Z[Etc/UTC].
    23:43:55.957 | 327 taskScheduler-2  | DEBUG | .a.s.ParticipantScoreScheduleService : Processing exercise 2174 and participant 671 to update participant scores.
    23:43:55.961 | 370 ool-1-worker-134 | DEBUG | .c.s.m.InstanceMessageReceiveService : Received schedule participant score for exercise 2179 and participant 671 (result to be deleted: null)
    23:43:55.962 | 370 ool-1-worker-134 | DEBUG | .a.s.ParticipantScoreScheduleService : Scheduled task for exercise 2179 and participant 671 at 2025-02-14T23:43:56.061998734Z[Etc/UTC].
    23:43:55.965 | 327 taskScheduler-2  | DEBUG | .a.s.ParticipantScoreScheduleService : Updated participant score 236.
    23:43:55.967 | 327 taskScheduler-2  | DEBUG | .a.s.ParticipantScoreScheduleService : Updating the participant score for exercise 2174 and participant 671 took 10 ms.
    23:43:55.969 | 370 ool-1-worker-134 | DEBUG | .c.s.m.InstanceMessageReceiveService : Received schedule participant score for exercise 2179 and participant 671 (result to be deleted: null)
    23:43:55.970 | 370 ool-1-worker-134 | DEBUG | .a.s.ParticipantScoreScheduleService : Scheduled task for exercise 2179 and participant 671 at 2025-02-14T23:43:56.070033347Z[Etc/UTC].
    23:43:55.970 | 370 ool-1-worker-134 | DEBUG | .c.s.m.InstanceMessageReceiveService : Received schedule participant score for exercise 2179 and participant 671 (result to be deleted: null)
    23:43:55.970 | 370 ool-1-worker-134 | DEBUG | .a.s.ParticipantScoreScheduleService : Scheduled task for exercise 2179 and participant 671 at 2025-02-14T23:43:56.070949205Z[Etc/UTC].
    23:43:55.983 | 370 ool-1-worker-134 | DEBUG | .c.s.m.InstanceMessageReceiveService : Received schedule participant score for exercise 2179 and participant 671 (result to be deleted: null)
    23:43:55.983 | 370 ool-1-worker-134 | DEBUG | .a.s.ParticipantScoreScheduleService : Scheduled task for exercise 2179 and participant 671 at 2025-02-14T23:43:56.083864310Z[Etc/UTC].
    23:43:55.984 | 370 ool-1-worker-134 | DEBUG | .c.s.m.InstanceMessageReceiveService : Received schedule participant score for exercise 2179 and participant 671 (result to be deleted: null)
    23:43:55.984 | 370 ool-1-worker-134 | DEBUG | .a.s.ParticipantScoreScheduleService : Scheduled task for exercise 2179 and participant 671 at 2025-02-14T23:43:56.084042502Z[Etc/UTC].
    23:43:55.992 | 370 ool-1-worker-134 | DEBUG | .c.s.m.InstanceMessageReceiveService : Received schedule participant score for exercise 2179 and participant 671 (result to be deleted: null)
    23:43:55.992 | 370 ool-1-worker-134 | DEBUG | .a.s.ParticipantScoreScheduleService : Scheduled task for exercise 2179 and participant 671 at 2025-02-14T23:43:56.092679409Z[Etc/UTC].
    23:43:56.002 | 370 ool-1-worker-134 | DEBUG | .c.s.m.InstanceMessageReceiveService : Received schedule participant score for exercise 2180 and participant 671 (result to be deleted: null)
    23:43:56.002 | 370 ool-1-worker-134 | DEBUG | .a.s.ParticipantScoreScheduleService : Scheduled task for exercise 2180 and participant 671 at 2025-02-14T23:43:56.102644243Z[Etc/UTC].
    23:43:56.006 | 326 taskScheduler-1  | DEBUG | .a.s.ParticipantScoreScheduleService : Processing exercise 2176 and participant 671 to update participant scores.
    23:43:56.010 | 370 ool-1-worker-134 | DEBUG | .c.s.m.InstanceMessageReceiveService : Received schedule participant score for exercise 2180 and participant 671 (result to be deleted: null)
    23:43:56.010 | 370 ool-1-worker-134 | DEBUG | .a.s.ParticipantScoreScheduleService : Scheduled task for exercise 2180 and participant 671 at 2025-02-14T23:43:56.110389396Z[Etc/UTC].
    23:43:56.011 | 326 taskScheduler-1  | DEBUG | .a.s.ParticipantScoreScheduleService : Updated participant score 237.
    23:43:56.011 | 326 taskScheduler-1  | DEBUG | .a.s.ParticipantScoreScheduleService : Updating the participant score for exercise 2176 and participant 671 took 5 ms.
    23:43:56.022 | 370 ool-1-worker-134 | DEBUG | .c.s.m.InstanceMessageReceiveService : Received schedule participant score for exercise 2180 and participant 671 (result to be deleted: null)
    23:43:56.022 | 370 ool-1-worker-134 | DEBUG | .a.s.ParticipantScoreScheduleService : Scheduled task for exercise 2180 and participant 671 at 2025-02-14T23:43:56.122472791Z[Etc/UTC].
    23:43:56.028 | 370 ool-1-worker-134 | DEBUG | .c.s.m.InstanceMessageReceiveService : Received schedule participant score for exercise 2180 and participant 671 (result to be deleted: null)
    23:43:56.028 | 370 ool-1-worker-134 | DEBUG | .a.s.ParticipantScoreScheduleService : Scheduled task for exercise 2180 and participant 671 at 2025-02-14T23:43:56.128584458Z[Etc/UTC].
    23:43:56.042 | 370 ool-1-worker-134 | DEBUG | .c.s.m.InstanceMessageReceiveService : Received schedule participant score for exercise 2180 and participant 671 (result to be deleted: null)
    23:43:56.042 | 370 ool-1-worker-134 | DEBUG | .a.s.ParticipantScoreScheduleService : Scheduled task for exercise 2180 and participant 671 at 2025-02-14T23:43:56.142715543Z[Etc/UTC].
    23:43:56.042 | 370 ool-1-worker-134 | DEBUG | .c.s.m.InstanceMessageReceiveService : Received schedule participant score for exercise 2180 and participant 671 (result to be deleted: null)
    23:43:56.042 | 370 ool-1-worker-134 | DEBUG | .a.s.ParticipantScoreScheduleService : Scheduled task for exercise 2180 and participant 671 at 2025-02-14T23:43:56.142893936Z[Etc/UTC].
    23:43:56.049 | 329 taskScheduler-4  | DEBUG | .a.s.ParticipantScoreScheduleService : Processing exercise 2178 and participant 671 to update participant scores.
    23:43:56.051 | 370 ool-1-worker-134 | DEBUG | .c.s.m.InstanceMessageReceiveService : Received schedule participant score for exercise 2180 and participant 671 (result to be deleted: null)
    23:43:56.051 | 370 ool-1-worker-134 | DEBUG | .a.s.ParticipantScoreScheduleService : Scheduled task for exercise 2180 and participant 671 at 2025-02-14T23:43:56.151459001Z[Etc/UTC].
    23:43:56.060 | 329 taskScheduler-4  | DEBUG | .a.s.ParticipantScoreScheduleService : Updated participant score 238.
    23:43:56.062 | 329 taskScheduler-4  | DEBUG | .a.s.ParticipantScoreScheduleService : Updating the participant score for exercise 2178 and participant 671 took 13 ms.

  Starting logs for StudentExamIntegrationTest > testGetStudentExamsForCoursePerUser_success_noStudentExams()
    23:43:56.104 | 370 ool-1-worker-134 | DEBUG | d.t.c.a.a.c.u.util.UserUtilService   : Generate 2 students...
    23:43:56.108 | 370 ool-1-worker-134 | DEBUG | d.t.c.a.a.c.u.util.UserUtilService   : 2 students generated. Generate 1 tutors...
    23:43:56.111 | 370 ool-1-worker-134 | DEBUG | d.t.c.a.a.c.u.util.UserUtilService   : 1 tutors generated. Generate 0 editors...
    23:43:56.112 | 370 ool-1-worker-134 | DEBUG | d.t.c.a.a.c.u.util.UserUtilService   : 0 editors generated. Generate 2 instructors...
    23:43:56.116 | 370 ool-1-worker-134 | DEBUG | d.t.c.a.a.c.u.util.UserUtilService   : 2 instructors generated
    23:43:56.118 | 370 ool-1-worker-134 | DEBUG | d.t.c.a.a.c.u.util.UserUtilService   : Removing 5 users from all courses...
    23:43:56.119 | 370 ool-1-worker-134 | DEBUG | d.t.c.a.a.c.u.util.UserUtilService   : Removing 5 users from all courses. Done
    23:43:56.119 | 370 ool-1-worker-134 | DEBUG | d.t.c.a.a.c.u.util.UserUtilService   : Save 5 users to database...
    23:43:56.147 | 370 ool-1-worker-134 | DEBUG | d.t.c.a.a.c.u.util.UserUtilService   : Save 5 users to database. Done
    23:43:56.254 | 059 pool-4-thread-2  | INFO  | d.t.c.a.a.p.s.gitlab.GitLabService   : Unprotecting branch main for Gitlab repository SHORT644FEA6B021F50408608080006824C0AC1ACT638/short644fea6b021f50408608080006824c0ac1act638-studexamstudent1
    23:43:56.287 | 370 ool-1-worker-134 | INFO  | i.z.t.d.l.EmbeddedDatabaseReporter   : JDBC URL to connect to 'dataSource': url='jdbc:h2:tcp://localhost:41063/mem:736625c0-cf5e-400d-aeaa-8a7eabd6262b;USER=sa', scope='StudentExamIntegrationTest#testGetStudentExamsForCoursePerUser_success_noStudentExams'
    23:43:56.289 | 370 ool-1-worker-134 | DEBUG | d.t.c.a.a.c.s.f.ApiVersionFilter     : Adding Version to Request GET /api/courses/608/test-exams-per-user
    23:43:56.687 | 059 pool-4-thread-2  | INFO  | d.t.c.a.a.p.s.gitlab.GitLabService   : Unprotecting branch main for Gitlab repository SHORT697D244E0BC680405109753072EBE6C6107CT37A/short697d244e0bc680405109753072ebe6c6107ct37a-studexamstudent1
    23:43:56.688 | 059 pool-4-thread-2  | INFO  | d.t.c.a.a.p.s.gitlab.GitLabService   : Unprotecting branch main for Gitlab repository SHORT697D244E0BC680405109753072EBE6C6107CT37A/short697d244e0bc680405109753072ebe6c6107ct37a-studexamstudent2
    23:43:57.308 |  90 ns.HealthMonitor | INFO  | c.h.i.diagnostics.HealthMonitor      : [127.0.0.1]:5701 [dev] [5.5.0] processors=4, physical.memory.total=15.6G, physical.memory.free=2.7G, swap.space.total=0, swap.space.free=0, heap.memory.used=2.8G, heap.memory.free=246.8M, heap.memory.total=3.0G, heap.memory.max=6.0G, heap.memory.used/total=91.93%, heap.memory.used/max=46.09%, minor.gc.count=136, minor.gc.time=6992ms, major.gc.count=0, major.gc.time=0ms, unknown.gc.count=60, unknown.gc.time=980ms, load.process=0.00%, load.system=99.18%, load.systemAverage=5.85, thread.count=485, thread.peakCount=500, cluster.timeDiff=0, event.q.size=0, executor.q.async.size=0, executor.q.client.size=0, executor.q.client.query.size=0, executor.q.client.blocking.size=0, executor.q.query.size=0, executor.q.scheduled.size=0, executor.q.io.size=0, executor.q.system.size=0, executor.q.operations.size=0, executor.q.priorityOperation.size=0, operations.completed.count=1354, executor.q.mapLoad.size=0, executor.q.mapLoadAllKeys.size=0, executor.q.cluster.size=0, executor.q.response.size=0, operations.running.count=0, operations.pending.invocations.percentage=0.00%, operations.pending.invocations.count=0, proxy.count=206, clientEndpoint.count=0, connection.active.count=0, client.connection.count=0, connection.count=0
    23:43:57.916 | 059 pool-4-thread-2  | INFO  | d.t.c.a.a.p.s.gitlab.GitLabService   : Protecting branch main for Gitlab repository SHORT782032EF0820B049D40AC3F02F7868A0721DT819/short782032ef0820b049d40ac3f02f7868a0721dt819-studexamstudent1
    23:43:58.313 | 059 pool-4-thread-2  | INFO  | d.t.c.a.a.p.s.gitlab.GitLabService   : Unprotecting branch main for Gitlab repository SHORT805C7E0608F1E0440908A7F0CBA9BEED3D98T616/short805c7e0608f1e0440908a7f0cba9beed3d98t616-studexamstudent1
    23:43:58.320 | 059 pool-4-thread-2  | INFO  | d.t.c.a.a.p.s.gitlab.GitLabService   : Unprotecting branch main for Gitlab repository SHORT805C7E0608F1E0440908A7F0CBA9BEED3D98T616/short805c7e0608f1e0440908a7f0cba9beed3d98t616-studexamstudent2
    23:43:58.904 | 059 pool-4-thread-2  | INFO  | d.t.c.a.a.p.s.gitlab.GitLabService   : Unprotecting branch main for Gitlab repository SHORT8F63C69A0D7DC043810A2F90C2ED9347A244TEC8/short8f63c69a0d7dc043810a2f90c2ed9347a244tec8-studexamstudent1
    23:43:59.172 | 059 pool-4-thread-2  | INFO  | d.t.c.a.a.p.s.gitlab.GitLabService   : Protecting branch main for Gitlab repository SHORTD1ED502C0B652048A60A9D80539B8BB1A261T8C8/shortd1ed502c0b652048a60a9d80539b8bb1a261t8c8-studexamstudent1

Finished logs for StudentExamIntegrationTest

Starting logs for PyrisLectureIngestionTest

  Starting logs for PyrisLectureIngestionTest > testStageNotDoneKeepsDeletionIngestionJob()
    23:44:01.955 | 408 ool-1-worker-172 | DEBUG | d.t.c.a.a.c.u.util.UserUtilService   : Generate 1 students...
    23:44:01.957 | 408 ool-1-worker-172 | DEBUG | d.t.c.a.a.c.u.util.UserUtilService   : 1 students generated. Generate 1 tutors...
    23:44:01.959 | 408 ool-1-worker-172 | DEBUG | d.t.c.a.a.c.u.util.UserUtilService   : 1 tutors generated. Generate 0 editors...
    23:44:01.961 | 408 ool-1-worker-172 | DEBUG | d.t.c.a.a.c.u.util.UserUtilService   : 0 editors generated. Generate 1 instructors...
    23:44:01.962 | 408 ool-1-worker-172 | DEBUG | d.t.c.a.a.c.u.util.UserUtilService   : 1 instructors generated
    23:44:01.964 | 408 ool-1-worker-172 | DEBUG | d.t.c.a.a.c.u.util.UserUtilService   : Removing 3 users from all courses...
    23:44:01.964 | 408 ool-1-worker-172 | DEBUG | d.t.c.a.a.c.u.util.UserUtilService   : Removing 3 users from all courses. Done
    23:44:01.964 | 408 ool-1-worker-172 | DEBUG | d.t.c.a.a.c.u.util.UserUtilService   : Save 3 users to database...
    23:44:01.966 | 408 ool-1-worker-172 | DEBUG | d.t.c.a.a.c.u.util.UserUtilService   : Save 3 users to database. Done
    23:44:01.998 | 408 ool-1-worker-172 | DEBUG | .c.s.m.InstanceMessageReceiveService : Received schedule participant score for exercise 542 and participant 96 (result to be deleted: null)
    23:44:01.998 | 408 ool-1-worker-172 | DEBUG | .a.s.ParticipantScoreScheduleService : Scheduled task for exercise 542 and participant 96 at 2025-02-14T23:44:02.098136660Z[Etc/UTC].
    23:44:01.998 | 408 ool-1-worker-172 | DEBUG | .c.s.m.InstanceMessageReceiveService : Received schedule participant score for exercise 542 and participant 96 (result to be deleted: null)
    23:44:01.998 | 408 ool-1-worker-172 | DEBUG | .a.s.ParticipantScoreScheduleService : Scheduled task for exercise 542 and participant 96 at 2025-02-14T23:44:02.098686886Z[Etc/UTC].
    23:44:01.999 | 408 ool-1-worker-172 | DEBUG | .c.s.m.InstanceMessageReceiveService : Received schedule participant score for exercise 543 and participant 96 (result to be deleted: null)
    23:44:01.999 | 408 ool-1-worker-172 | DEBUG | .a.s.ParticipantScoreScheduleService : Scheduled task for exercise 543 and participant 96 at 2025-02-14T23:44:02.099374178Z[Etc/UTC].
    23:44:01.999 | 408 ool-1-worker-172 | DEBUG | .c.s.m.InstanceMessageReceiveService : Received schedule participant score for exercise 545 and participant 96 (result to be deleted: null)
    23:44:01.999 | 408 ool-1-worker-172 | DEBUG | .a.s.ParticipantScoreScheduleService : Scheduled task for exercise 545 and participant 96 at 2025-02-14T23:44:02.099859623Z[Etc/UTC].
    23:44:02.000 | 408 ool-1-worker-172 | DEBUG | .c.s.m.InstanceMessageReceiveService : Received schedule participant score for exercise 545 and participant 96 (result to be deleted: null)
    23:44:02.000 | 408 ool-1-worker-172 | DEBUG | .a.s.ParticipantScoreScheduleService : Scheduled task for exercise 545 and participant 96 at 2025-02-14T23:44:02.100359005Z[Etc/UTC].
    23:44:02.008 | 408 ool-1-worker-172 | DEBUG | .c.s.m.InstanceMessageReceiveService : Received schedule participant score for exercise 542 and participant 96 (result to be deleted: null)
    23:44:02.008 | 408 ool-1-worker-172 | DEBUG | .a.s.ParticipantScoreScheduleService : Scheduled task for exercise 542 and participant 96 at 2025-02-14T23:44:02.108421532Z[Etc/UTC].
    23:44:02.016 | 408 ool-1-worker-172 | DEBUG | .c.s.m.InstanceMessageReceiveService : Received schedule participant score for exercise 542 and participant 96 (result to be deleted: null)
    23:44:02.016 | 408 ool-1-worker-172 | DEBUG | .a.s.ParticipantScoreScheduleService : Scheduled task for exercise 542 and participant 96 at 2025-02-14T23:44:02.116345131Z[Etc/UTC].
    23:44:02.026 | 408 ool-1-worker-172 | DEBUG | .c.s.m.InstanceMessageReceiveService : Received schedule participant score for exercise 543 and participant 96 (result to be deleted: null)
    23:44:02.026 | 408 ool-1-worker-172 | DEBUG | .a.s.ParticipantScoreScheduleService : Scheduled task for exercise 543 and participant 96 at 2025-02-14T23:44:02.126473020Z[Etc/UTC].
    23:44:02.038 | 408 ool-1-worker-172 | DEBUG | .c.s.m.InstanceMessageReceiveService : Received schedule participant score for exercise 545 and participant 96 (result to be deleted: null)
    23:44:02.038 | 408 ool-1-worker-172 | DEBUG | .a.s.ParticipantScoreScheduleService : Scheduled task for exercise 545 and participant 96 at 2025-02-14T23:44:02.138311460Z[Etc/UTC].
    23:44:02.046 | 408 ool-1-worker-172 | DEBUG | .c.s.m.InstanceMessageReceiveService : Received schedule participant score for exercise 545 and participant 96 (result to be deleted: null)
    23:44:02.046 | 408 ool-1-worker-172 | DEBUG | .a.s.ParticipantScoreScheduleService : Scheduled task for exercise 545 and participant 96 at 2025-02-14T23:44:02.146759466Z[Etc/UTC].
    23:44:02.051 | 408 ool-1-worker-172 | INFO  | .c.a.a.c.s.TitleCacheEvictionService : Evicted entry '49' from title cache 'lectureTitle'
    23:44:02.071 | 408 ool-1-worker-172 | INFO  | i.z.t.d.l.EmbeddedDatabaseReporter   : JDBC URL to connect to 'dataSource': url='jdbc:h2:tcp://localhost:41063/mem:f240edcd-27ce-47a3-b4ab-a6a00c154135;USER=sa', scope='PyrisLectureIngestionTest#testStageNotDoneKeepsDeletionIngestionJob'
    23:44:02.078 | 408 ool-1-worker-172 | INFO  | d.t.c.a.a.c.s.jwt.TokenProvider      : Invalid JWT token: artemislocal_ase_in_tum_de-unknown-1739576642072-YkyKgApcOv from source bearer
    23:44:02.078 | 408 ool-1-worker-172 | INFO  | d.t.c.a.a.c.s.jwt.TokenProvider      : Invalid JWT token: artemislocal_ase_in_tum_de-unknown-1739576642072-YkyKgApcOv from source bearer
    23:44:02.079 | 408 ool-1-worker-172 | DEBUG | d.t.c.a.a.c.s.f.ApiVersionFilter     : Adding Version to Request POST /api/public/pyris/webhooks/ingestion/runs/artemislocal_ase_in_tum_de-unknown-1739576642072-YkyKgApcOv/status

  Starting logs for PyrisLectureIngestionTest > testAllStagesDoneRemovesDeletionIngestionJob()
    23:44:02.097 | 408 ool-1-worker-172 | DEBUG | d.t.c.a.a.c.u.util.UserUtilService   : Generate 1 students...
    23:44:02.100 | 408 ool-1-worker-172 | DEBUG | d.t.c.a.a.c.u.util.UserUtilService   : 1 students generated. Generate 1 tutors...
    23:44:02.103 | 408 ool-1-worker-172 | DEBUG | d.t.c.a.a.c.u.util.UserUtilService   : 1 tutors generated. Generate 0 editors...
    23:44:02.104 | 408 ool-1-worker-172 | DEBUG | d.t.c.a.a.c.u.util.UserUtilService   : 0 editors generated. Generate 1 instructors...
    23:44:02.107 | 408 ool-1-worker-172 | DEBUG | d.t.c.a.a.c.u.util.UserUtilService   : 1 instructors generated
    23:44:02.108 | 408 ool-1-worker-172 | DEBUG | d.t.c.a.a.c.u.util.UserUtilService   : Removing 3 users from all courses...
    23:44:02.108 | 408 ool-1-worker-172 | DEBUG | d.t.c.a.a.c.u.util.UserUtilService   : Removing 3 users from all courses. Done
    23:44:02.108 | 408 ool-1-worker-172 | DEBUG | d.t.c.a.a.c.u.util.UserUtilService   : Save 3 users to database...
    23:44:02.115 | 408 ool-1-worker-172 | DEBUG | d.t.c.a.a.c.u.util.UserUtilService   : Save 3 users to database. Done
    23:44:02.149 | 408 ool-1-worker-172 | DEBUG | .c.s.m.InstanceMessageReceiveService : Received schedule participant score for exercise 547 and participant 96 (result to be deleted: null)
    23:44:02.149 | 408 ool-1-worker-172 | DEBUG | .a.s.ParticipantScoreScheduleService : Scheduled task for exercise 547 and participant 96 at 2025-02-14T23:44:02.249864871Z[Etc/UTC].
    23:44:02.150 | 408 ool-1-worker-172 | DEBUG | .c.s.m.InstanceMessageReceiveService : Received schedule participant score for exercise 547 and participant 96 (result to be deleted: null)
    23:44:02.150 | 408 ool-1-worker-172 | DEBUG | .a.s.ParticipantScoreScheduleService : Scheduled task for exercise 547 and participant 96 at 2025-02-14T23:44:02.250434994Z[Etc/UTC].
    23:44:02.150 | 408 ool-1-worker-172 | DEBUG | .c.s.m.InstanceMessageReceiveService : Received schedule participant score for exercise 548 and participant 96 (result to be deleted: null)
    23:44:02.150 | 408 ool-1-worker-172 | DEBUG | .a.s.ParticipantScoreScheduleService : Scheduled task for exercise 548 and participant 96 at 2025-02-14T23:44:02.250957729Z[Etc/UTC].
    23:44:02.151 | 408 ool-1-worker-172 | DEBUG | .c.s.m.InstanceMessageReceiveService : Received schedule participant score for exercise 550 and participant 96 (result to be deleted: null)
    23:44:02.151 | 408 ool-1-worker-172 | DEBUG | .a.s.ParticipantScoreScheduleService : Scheduled task for exercise 550 and participant 96 at 2025-02-14T23:44:02.251469564Z[Etc/UTC].
    23:44:02.151 | 408 ool-1-worker-172 | DEBUG | .c.s.m.InstanceMessageReceiveService : Received schedule participant score for exercise 550 and participant 96 (result to be deleted: null)
    23:44:02.151 | 408 ool-1-worker-172 | DEBUG | .a.s.ParticipantScoreScheduleService : Scheduled task for exercise 550 and participant 96 at 2025-02-14T23:44:02.251937397Z[Etc/UTC].
    23:44:02.159 | 408 ool-1-worker-172 | DEBUG | .c.s.m.InstanceMessageReceiveService : Received schedule participant score for exercise 547 and participant 96 (result to be deleted: null)
    23:44:02.159 | 408 ool-1-worker-172 | DEBUG | .a.s.ParticipantScoreScheduleService : Scheduled task for exercise 547 and participant 96 at 2025-02-14T23:44:02.259844695Z[Etc/UTC].
    23:44:02.170 | 408 ool-1-worker-172 | DEBUG | .c.s.m.InstanceMessageReceiveService : Received schedule participant score for exercise 547 and participant 96 (result to be deleted: null)
    23:44:02.170 | 408 ool-1-worker-172 | DEBUG | .a.s.ParticipantScoreScheduleService : Scheduled task for exercise 547 and participant 96 at 2025-02-14T23:44:02.270927004Z[Etc/UTC].
    23:44:02.179 | 408 ool-1-worker-172 | DEBUG | .c.s.m.InstanceMessageReceiveService : Received schedule participant score for exercise 548 and participant 96 (result to be deleted: null)
    23:44:02.180 | 408 ool-1-worker-172 | DEBUG | .a.s.ParticipantScoreScheduleService : Scheduled task for exercise 548 and participant 96 at 2025-02-14T23:44:02.279985639Z[Etc/UTC].
    23:44:02.190 | 408 ool-1-worker-172 | DEBUG | .c.s.m.InstanceMessageReceiveService : Received schedule participant score for exercise 550 and participant 96 (result to be deleted: null)
    23:44:02.190 | 408 ool-1-worker-172 | DEBUG | .a.s.ParticipantScoreScheduleService : Scheduled task for exercise 550 and participant 96 at 2025-02-14T23:44:02.290200701Z[Etc/UTC].
    23:44:02.198 | 408 ool-1-worker-172 | DEBUG | .c.s.m.InstanceMessageReceiveService : Received schedule participant score for exercise 550 and participant 96 (result to be deleted: null)
    23:44:02.198 | 408 ool-1-worker-172 | DEBUG | .a.s.ParticipantScoreScheduleService : Scheduled task for exercise 550 and participant 96 at 2025-02-14T23:44:02.298466107Z[Etc/UTC].
    23:44:02.203 | 408 ool-1-worker-172 | INFO  | .c.a.a.c.s.TitleCacheEvictionService : Evicted entry '51' from title cache 'lectureTitle'
    23:44:02.230 | 408 ool-1-worker-172 | INFO  | i.z.t.d.l.EmbeddedDatabaseReporter   : JDBC URL to connect to 'dataSource': url='jdbc:h2:tcp://localhost:41063/mem:f240edcd-27ce-47a3-b4ab-a6a00c154135;USER=sa', scope='PyrisLectureIngestionTest#testAllStagesDoneRemovesDeletionIngestionJob'
    23:44:02.234 | 408 ool-1-worker-172 | INFO  | d.t.c.a.a.c.s.jwt.TokenProvider      : Invalid JWT token: artemislocal_ase_in_tum_de-unknown-1739576642231-Gi8uE8OKxy from source bearer
    23:44:02.234 | 408 ool-1-worker-172 | INFO  | d.t.c.a.a.c.s.jwt.TokenProvider      : Invalid JWT token: artemislocal_ase_in_tum_de-unknown-1739576642231-Gi8uE8OKxy from source bearer
    23:44:02.234 | 408 ool-1-worker-172 | DEBUG | d.t.c.a.a.c.s.f.ApiVersionFilter     : Adding Version to Request POST /api/public/pyris/webhooks/ingestion/runs/artemislocal_ase_in_tum_de-unknown-1739576642231-Gi8uE8OKxy/status

  Starting logs for PyrisLectureIngestionTest > testAllStagesDoneIngestionStateDone()
    23:44:02.255 | 408 ool-1-worker-172 | DEBUG | d.t.c.a.a.c.u.util.UserUtilService   : Generate 1 students...
    23:44:02.260 | 408 ool-1-worker-172 | DEBUG | d.t.c.a.a.c.u.util.UserUtilService   : 1 students generated. Generate 1 tutors...
    23:44:02.266 | 408 ool-1-worker-172 | DEBUG | d.t.c.a.a.c.u.util.UserUtilService   : 1 tutors generated. Generate 0 editors...
    23:44:02.267 | 408 ool-1-worker-172 | DEBUG | d.t.c.a.a.c.u.util.UserUtilService   : 0 editors generated. Generate 1 instructors...
    23:44:02.276 | 408 ool-1-worker-172 | DEBUG | d.t.c.a.a.c.u.util.UserUtilService   : 1 instructors generated
    23:44:02.277 | 408 ool-1-worker-172 | DEBUG | d.t.c.a.a.c.u.util.UserUtilService   : Removing 3 users from all courses...
    23:44:02.278 | 408 ool-1-worker-172 | DEBUG | d.t.c.a.a.c.u.util.UserUtilService   : Removing 3 users from all courses. Done
    23:44:02.278 | 408 ool-1-worker-172 | DEBUG | d.t.c.a.a.c.u.util.UserUtilService   : Save 3 users to database...
    23:44:02.286 | 408 ool-1-worker-172 | DEBUG | d.t.c.a.a.c.u.util.UserUtilService   : Save 3 users to database. Done
    23:44:02.345 | 408 ool-1-worker-172 | DEBUG | .c.s.m.InstanceMessageReceiveService : Received schedule participant score for exercise 552 and participant 96 (result to be deleted: null)
    23:44:02.345 | 408 ool-1-worker-172 | DEBUG | .a.s.ParticipantScoreScheduleService : Scheduled task for exercise 552 and participant 96 at 2025-02-14T23:44:02.445209997Z[Etc/UTC].
    23:44:02.345 | 408 ool-1-worker-172 | DEBUG | .c.s.m.InstanceMessageReceiveService : Received schedule participant score for exercise 552 and participant 96 (result to be deleted: null)
    23:44:02.347 | 408 ool-1-worker-172 | DEBUG | .a.s.ParticipantScoreScheduleService : Scheduled task for exercise 552 and participant 96 at 2025-02-14T23:44:02.447174801Z[Etc/UTC].
    23:44:02.348 | 408 ool-1-worker-172 | DEBUG | .c.s.m.InstanceMessageReceiveService : Received schedule participant score for exercise 553 and participant 96 (result to be deleted: null)
    23:44:02.348 | 408 ool-1-worker-172 | DEBUG | .a.s.ParticipantScoreScheduleService : Scheduled task for exercise 553 and participant 96 at 2025-02-14T23:44:02.448488441Z[Etc/UTC].
    23:44:02.349 | 408 ool-1-worker-172 | DEBUG | .c.s.m.InstanceMessageReceiveService : Received schedule participant score for exercise 555 and participant 96 (result to be deleted: null)
    23:44:02.349 | 408 ool-1-worker-172 | DEBUG | .a.s.ParticipantScoreScheduleService : Scheduled task for exercise 555 and participant 96 at 2025-02-14T23:44:02.449651300Z[Etc/UTC].
    23:44:02.352 | 408 ool-1-worker-172 | DEBUG | .c.s.m.InstanceMessageReceiveService : Received schedule participant score for exercise 555 and participant 96 (result to be deleted: null)
    23:44:02.352 | 408 ool-1-worker-172 | DEBUG | .a.s.ParticipantScoreScheduleService : Scheduled task for exercise 555 and participant 96 at 2025-02-14T23:44:02.452172854Z[Etc/UTC].
    23:44:02.360 | 408 ool-1-worker-172 | DEBUG | .c.s.m.InstanceMessageReceiveService : Received schedule participant score for exercise 552 and participant 96 (result to be deleted: null)
    23:44:02.360 | 408 ool-1-worker-172 | DEBUG | .a.s.ParticipantScoreScheduleService : Scheduled task for exercise 552 and participant 96 at 2025-02-14T23:44:02.460877499Z[Etc/UTC].
    23:44:02.368 | 408 ool-1-worker-172 | DEBUG | .c.s.m.InstanceMessageReceiveService : Received schedule participant score for exercise 552 and participant 96 (result to be deleted: null)
    23:44:02.368 | 408 ool-1-worker-172 | DEBUG | .a.s.ParticipantScoreScheduleService : Scheduled task for exercise 552 and participant 96 at 2025-02-14T23:44:02.468615651Z[Etc/UTC].
    23:44:02.376 | 408 ool-1-worker-172 | DEBUG | .c.s.m.InstanceMessageReceiveService : Received schedule participant score for exercise 553 and participant 96 (result to be deleted: null)
    23:44:02.376 | 408 ool-1-worker-172 | DEBUG | .a.s.ParticipantScoreScheduleService : Scheduled task for exercise 553 and participant 96 at 2025-02-14T23:44:02.476313098Z[Etc/UTC].
    23:44:02.384 | 408 ool-1-worker-172 | DEBUG | .c.s.m.InstanceMessageReceiveService : Received schedule participant score for exercise 555 and participant 96 (result to be deleted: null)
    23:44:02.384 | 408 ool-1-worker-172 | DEBUG | .a.s.ParticipantScoreScheduleService : Scheduled task for exercise 555 and participant 96 at 2025-02-14T23:44:02.484669504Z[Etc/UTC].
    23:44:02.393 | 408 ool-1-worker-172 | DEBUG | .c.s.m.InstanceMessageReceiveService : Received schedule participant score for exercise 555 and participant 96 (result to be deleted: null)
    23:44:02.393 | 408 ool-1-worker-172 | DEBUG | .a.s.ParticipantScoreScheduleService : Scheduled task for exercise 555 and participant 96 at 2025-02-14T23:44:02.493428199Z[Etc/UTC].
    23:44:02.397 | 408 ool-1-worker-172 | INFO  | .c.a.a.c.s.TitleCacheEvictionService : Evicted entry '53' from title cache 'lectureTitle'
    23:44:02.419 | 408 ool-1-worker-172 | INFO  | i.z.t.d.l.EmbeddedDatabaseReporter   : JDBC URL to connect to 'dataSource': url='jdbc:h2:tcp://localhost:41063/mem:f240edcd-27ce-47a3-b4ab-a6a00c154135;USER=sa', scope='PyrisLectureIngestionTest#testAllStagesDoneIngestionStateDone'
    23:44:02.466 | 408 ool-1-worker-172 | INFO  | d.t.c.a.a.c.s.jwt.TokenProvider      : Invalid JWT token: artemislocal_ase_in_tum_de-unknown-1739576642426-aJHYS3Z55z from source bearer
    23:44:02.466 | 408 ool-1-worker-172 | INFO  | d.t.c.a.a.c.s.jwt.TokenProvider      : Invalid JWT token: artemislocal_ase_in_tum_de-unknown-1739576642426-aJHYS3Z55z from source bearer
    23:44:02.466 | 408 ool-1-worker-172 | DEBUG | d.t.c.a.a.c.s.f.ApiVersionFilter     : Adding Version to Request POST /api/public/pyris/webhooks/ingestion/runs/artemislocal_ase_in_tum_de-unknown-1739576642426-aJHYS3Z55z/status
    23:44:02.468 | 601 taskScheduler-2  | DEBUG | .a.s.ParticipantScoreScheduleService : Processing exercise 552 and participant 96 to update participant scores.
    23:44:02.484 | 601 taskScheduler-2  | DEBUG | .a.s.ParticipantScoreScheduleService : Updating the participant score for exercise 552 and participant 96 took 16 ms.

  Starting logs for PyrisLectureIngestionTest > testAddLectureToPyrisDBAddJobWithCourseSettingsEnabled()
    23:44:02.498 | 408 ool-1-worker-172 | DEBUG | d.t.c.a.a.c.u.util.UserUtilService   : Generate 1 students...
    23:44:02.501 | 408 ool-1-worker-172 | DEBUG | d.t.c.a.a.c.u.util.UserUtilService   : 1 students generated. Generate 1 tutors...
    23:44:02.504 | 408 ool-1-worker-172 | DEBUG | d.t.c.a.a.c.u.util.UserUtilService   : 1 tutors generated. Generate 0 editors...
    23:44:02.505 | 408 ool-1-worker-172 | DEBUG | d.t.c.a.a.c.u.util.UserUtilService   : 0 editors generated. Generate 1 instructors...
    23:44:02.508 | 408 ool-1-worker-172 | DEBUG | d.t.c.a.a.c.u.util.UserUtilService   : 1 instructors generated
    23:44:02.509 | 408 ool-1-worker-172 | DEBUG | d.t.c.a.a.c.u.util.UserUtilService   : Removing 3 users from all courses...
    23:44:02.510 | 408 ool-1-worker-172 | DEBUG | d.t.c.a.a.c.u.util.UserUtilService   : Removing 3 users from all courses. Done
    23:44:02.510 | 408 ool-1-worker-172 | DEBUG | d.t.c.a.a.c.u.util.UserUtilService   : Save 3 users to database...
    23:44:02.513 | 408 ool-1-worker-172 | DEBUG | d.t.c.a.a.c.u.util.UserUtilService   : Save 3 users to database. Done
    23:44:02.557 | 408 ool-1-worker-172 | DEBUG | .c.s.m.InstanceMessageReceiveService : Received schedule participant score for exercise 557 and participant 96 (result to be deleted: null)
    23:44:02.557 | 408 ool-1-worker-172 | DEBUG | .a.s.ParticipantScoreScheduleService : Scheduled task for exercise 557 and participant 96 at 2025-02-14T23:44:02.657181926Z[Etc/UTC].
    23:44:02.557 | 408 ool-1-worker-172 | DEBUG | .c.s.m.InstanceMessageReceiveService : Received schedule participant score for exercise 557 and participant 96 (result to be deleted: null)
    23:44:02.557 | 408 ool-1-worker-172 | DEBUG | .a.s.ParticipantScoreScheduleService : Scheduled task for exercise 557 and participant 96 at 2025-02-14T23:44:02.657708739Z[Etc/UTC].
    23:44:02.560 | 408 ool-1-worker-172 | DEBUG | .c.s.m.InstanceMessageReceiveService : Received schedule participant score for exercise 558 and participant 96 (result to be deleted: null)
    23:44:02.560 | 408 ool-1-worker-172 | DEBUG | .a.s.ParticipantScoreScheduleService : Scheduled task for exercise 558 and participant 96 at 2025-02-14T23:44:02.660540771Z[Etc/UTC].
    23:44:02.560 | 408 ool-1-worker-172 | DEBUG | .c.s.m.InstanceMessageReceiveService : Received schedule participant score for exercise 560 and participant 96 (result to be deleted: null)
    23:44:02.560 | 408 ool-1-worker-172 | DEBUG | .a.s.ParticipantScoreScheduleService : Scheduled task for exercise 560 and participant 96 at 2025-02-14T23:44:02.660973298Z[Etc/UTC].
    23:44:02.561 | 408 ool-1-worker-172 | DEBUG | .c.s.m.InstanceMessageReceiveService : Received schedule participant score for exercise 560 and participant 96 (result to be deleted: null)
    23:44:02.561 | 408 ool-1-worker-172 | DEBUG | .a.s.ParticipantScoreScheduleService : Scheduled task for exercise 560 and participant 96 at 2025-02-14T23:44:02.661421113Z[Etc/UTC].
    23:44:02.575 | 408 ool-1-worker-172 | DEBUG | .c.s.m.InstanceMessageReceiveService : Received schedule participant score for exercise 557 and participant 96 (result to be deleted: null)
    23:44:02.575 | 408 ool-1-worker-172 | DEBUG | .a.s.ParticipantScoreScheduleService : Scheduled task for exercise 557 and participant 96 at 2025-02-14T23:44:02.675631509Z[Etc/UTC].
    23:44:02.587 | 408 ool-1-worker-172 | DEBUG | .c.s.m.InstanceMessageReceiveService : Received schedule participant score for exercise 557 and participant 96 (result to be deleted: null)
    23:44:02.587 | 408 ool-1-worker-172 | DEBUG | .a.s.ParticipantScoreScheduleService : Scheduled task for exercise 557 and participant 96 at 2025-02-14T23:44:02.687199996Z[Etc/UTC].
    23:44:02.597 | 408 ool-1-worker-172 | DEBUG | .c.s.m.InstanceMessageReceiveService : Received schedule participant score for exercise 558 and participant 96 (result to be deleted: null)
    23:44:02.597 | 408 ool-1-worker-172 | DEBUG | .a.s.ParticipantScoreScheduleService : Scheduled task for exercise 558 and participant 96 at 2025-02-14T23:44:02.697191361Z[Etc/UTC].
    23:44:02.605 | 408 ool-1-worker-172 | DEBUG | .c.s.m.InstanceMessageReceiveService : Received schedule participant score for exercise 560 and participant 96 (result to be deleted: null)
    23:44:02.606 | 408 ool-1-worker-172 | DEBUG | .a.s.ParticipantScoreScheduleService : Scheduled task for exercise 560 and participant 96 at 2025-02-14T23:44:02.706059641Z[Etc/UTC].
    23:44:02.616 | 408 ool-1-worker-172 | DEBUG | .c.s.m.InstanceMessageReceiveService : Received schedule participant score for exercise 560 and participant 96 (result to be deleted: null)
    23:44:02.616 | 408 ool-1-worker-172 | DEBUG | .a.s.ParticipantScoreScheduleService : Scheduled task for exercise 560 and participant 96 at 2025-02-14T23:44:02.716796135Z[Etc/UTC].
    23:44:02.622 | 408 ool-1-worker-172 | INFO  | .c.a.a.c.s.TitleCacheEvictionService : Evicted entry '55' from title cache 'lectureTitle'
    23:44:02.654 | 408 ool-1-worker-172 | INFO  | i.z.t.d.l.EmbeddedDatabaseReporter   : JDBC URL to connect to 'dataSource': url='jdbc:h2:tcp://localhost:41063/mem:f240edcd-27ce-47a3-b4ab-a6a00c154135;USER=sa', scope='PyrisLectureIngestionTest#testAddLectureToPyrisDBAddJobWithCourseSettingsEnabled'
    23:44:02.657 | 408 ool-1-worker-172 | DEBUG | d.t.c.a.a.c.s.f.ApiVersionFilter     : Adding Version to Request POST /api/courses/367/ingest
    23:44:02.687 | 600 taskScheduler-1  | DEBUG | .a.s.ParticipantScoreScheduleService : Processing exercise 557 and participant 96 to update participant scores.
    23:44:02.692 | 600 taskScheduler-1  | DEBUG | .a.s.ParticipantScoreScheduleService : Updating the participant score for exercise 557 and participant 96 took 5 ms.
    23:44:02.694 | 408 ool-1-worker-172 | ERROR | d.t.c.a.a.i.s.p.PyrisWebhookService  : Attachment 16 is not a file or is not of type pdf thus it will not be sent to Pyris

  Starting logs for PyrisLectureIngestionTest > testErrorStageRemovesAdditionIngestionJob()
    23:44:02.711 | 408 ool-1-worker-172 | DEBUG | d.t.c.a.a.c.u.util.UserUtilService   : Generate 1 students...
    23:44:02.715 | 408 ool-1-worker-172 | DEBUG | d.t.c.a.a.c.u.util.UserUtilService   : 1 students generated. Generate 1 tutors...
    23:44:02.717 | 408 ool-1-worker-172 | DEBUG | d.t.c.a.a.c.u.util.UserUtilService   : 1 tutors generated. Generate 0 editors...
    23:44:02.719 | 408 ool-1-worker-172 | DEBUG | d.t.c.a.a.c.u.util.UserUtilService   : 0 editors generated. Generate 1 instructors...
    23:44:02.722 | 408 ool-1-worker-172 | DEBUG | d.t.c.a.a.c.u.util.UserUtilService   : 1 instructors generated
    23:44:02.723 | 408 ool-1-worker-172 | DEBUG | d.t.c.a.a.c.u.util.UserUtilService   : Removing 3 users from all courses...
    23:44:02.724 | 408 ool-1-worker-172 | DEBUG | d.t.c.a.a.c.u.util.UserUtilService   : Removing 3 users from all courses. Done
    23:44:02.724 | 408 ool-1-worker-172 | DEBUG | d.t.c.a.a.c.u.util.UserUtilService   : Save 3 users to database...
    23:44:02.727 | 408 ool-1-worker-172 | DEBUG | d.t.c.a.a.c.u.util.UserUtilService   : Save 3 users to database. Done
    23:44:02.763 | 408 ool-1-worker-172 | DEBUG | .c.s.m.InstanceMessageReceiveService : Received schedule participant score for exercise 562 and participant 96 (result to be deleted: null)
    23:44:02.764 | 408 ool-1-worker-172 | DEBUG | .a.s.ParticipantScoreScheduleService : Scheduled task for exercise 562 and participant 96 at 2025-02-14T23:44:02.864044258Z[Etc/UTC].
    23:44:02.764 | 408 ool-1-worker-172 | DEBUG | .c.s.m.InstanceMessageReceiveService : Received schedule participant score for exercise 562 and participant 96 (result to be deleted: null)
    23:44:02.764 | 408 ool-1-worker-172 | DEBUG | .a.s.ParticipantScoreScheduleService : Scheduled task for exercise 562 and participant 96 at 2025-02-14T23:44:02.864689992Z[Etc/UTC].
    23:44:02.765 | 408 ool-1-worker-172 | DEBUG | .c.s.m.InstanceMessageReceiveService : Received schedule participant score for exercise 563 and participant 96 (result to be deleted: null)
    23:44:02.765 | 408 ool-1-worker-172 | DEBUG | .a.s.ParticipantScoreScheduleService : Scheduled task for exercise 563 and participant 96 at 2025-02-14T23:44:02.865174145Z[Etc/UTC].
    23:44:02.765 | 408 ool-1-worker-172 | DEBUG | .c.s.m.InstanceMessageReceiveService : Received schedule participant score for exercise 565 and participant 96 (result to be deleted: null)
    23:44:02.765 | 408 ool-1-worker-172 | DEBUG | .a.s.ParticipantScoreScheduleService : Scheduled task for exercise 565 and participant 96 at 2025-02-14T23:44:02.865628793Z[Etc/UTC].
    23:44:02.766 | 408 ool-1-worker-172 | DEBUG | .c.s.m.InstanceMessageReceiveService : Received schedule participant score for exercise 565 and participant 96 (result to be deleted: null)
    23:44:02.766 | 408 ool-1-worker-172 | DEBUG | .a.s.ParticipantScoreScheduleService : Scheduled task for exercise 565 and participant 96 at 2025-02-14T23:44:02.866165103Z[Etc/UTC].
    23:44:02.774 | 408 ool-1-worker-172 | DEBUG | .c.s.m.InstanceMessageReceiveService : Received schedule participant score for exercise 562 and participant 96 (result to be deleted: null)
    23:44:02.774 | 408 ool-1-worker-172 | DEBUG | .a.s.ParticipantScoreScheduleService : Scheduled task for exercise 562 and participant 96 at 2025-02-14T23:44:02.874643286Z[Etc/UTC].
    23:44:02.781 | 408 ool-1-worker-172 | DEBUG | .c.s.m.InstanceMessageReceiveService : Received schedule participant score for exercise 562 and participant 96 (result to be deleted: null)
    23:44:02.781 | 408 ool-1-worker-172 | DEBUG | .a.s.ParticipantScoreScheduleService : Scheduled task for exercise 562 and participant 96 at 2025-02-14T23:44:02.881947229Z[Etc/UTC].
    23:44:02.789 | 408 ool-1-worker-172 | DEBUG | .c.s.m.InstanceMessageReceiveService : Received schedule participant score for exercise 563 and participant 96 (result to be deleted: null)
    23:44:02.789 | 408 ool-1-worker-172 | DEBUG | .a.s.ParticipantScoreScheduleService : Scheduled task for exercise 563 and participant 96 at 2025-02-14T23:44:02.889760962Z[Etc/UTC].
    23:44:02.800 | 408 ool-1-worker-172 | DEBUG | .c.s.m.InstanceMessageReceiveService : Received schedule participant score for exercise 565 and participant 96 (result to be deleted: null)
    23:44:02.800 | 408 ool-1-worker-172 | DEBUG | .a.s.ParticipantScoreScheduleService : Scheduled task for exercise 565 and participant 96 at 2025-02-14T23:44:02.900139018Z[Etc/UTC].
    23:44:02.807 | 408 ool-1-worker-172 | DEBUG | .c.s.m.InstanceMessageReceiveService : Received schedule participant score for exercise 565 and participant 96 (result to be deleted: null)
    23:44:02.808 | 408 ool-1-worker-172 | DEBUG | .a.s.ParticipantScoreScheduleService : Scheduled task for exercise 565 and participant 96 at 2025-02-14T23:44:02.908011742Z[Etc/UTC].
    23:44:02.812 | 408 ool-1-worker-172 | INFO  | .c.a.a.c.s.TitleCacheEvictionService : Evicted entry '57' from title cache 'lectureTitle'
    23:44:02.836 | 408 ool-1-worker-172 | INFO  | i.z.t.d.l.EmbeddedDatabaseReporter   : JDBC URL to connect to 'dataSource': url='jdbc:h2:tcp://localhost:41063/mem:f240edcd-27ce-47a3-b4ab-a6a00c154135;USER=sa', scope='PyrisLectureIngestionTest#testErrorStageRemovesAdditionIngestionJob'
    23:44:02.860 | 408 ool-1-worker-172 | INFO  | d.t.c.a.a.c.s.jwt.TokenProvider      : Invalid JWT token: artemislocal_ase_in_tum_de-unknown-1739576642843-dRlfTODMzl from source bearer
    23:44:02.860 | 408 ool-1-worker-172 | INFO  | d.t.c.a.a.c.s.jwt.TokenProvider      : Invalid JWT token: artemislocal_ase_in_tum_de-unknown-1739576642843-dRlfTODMzl from source bearer
    23:44:02.860 | 408 ool-1-worker-172 | DEBUG | d.t.c.a.a.c.s.f.ApiVersionFilter     : Adding Version to Request POST /api/public/pyris/webhooks/ingestion/runs/artemislocal_ase_in_tum_de-unknown-1739576642843-dRlfTODMzl/status

  Starting logs for PyrisLectureIngestionTest > testIngestLectureUnitButtonInPyris()
    23:44:02.878 | 408 ool-1-worker-172 | DEBUG | d.t.c.a.a.c.u.util.UserUtilService   : Generate 1 students...
    23:44:02.881 | 408 ool-1-worker-172 | DEBUG | d.t.c.a.a.c.u.util.UserUtilService   : 1 students generated. Generate 1 tutors...
    23:44:02.884 | 408 ool-1-worker-172 | DEBUG | d.t.c.a.a.c.u.util.UserUtilService   : 1 tutors generated. Generate 0 editors...
    23:44:02.885 | 408 ool-1-worker-172 | DEBUG | d.t.c.a.a.c.u.util.UserUtilService   : 0 editors generated. Generate 1 instructors...
    23:44:02.888 | 408 ool-1-worker-172 | DEBUG | d.t.c.a.a.c.u.util.UserUtilService   : 1 instructors generated
    23:44:02.889 | 408 ool-1-worker-172 | DEBUG | d.t.c.a.a.c.u.util.UserUtilService   : Removing 3 users from all courses...
    23:44:02.890 | 408 ool-1-worker-172 | DEBUG | d.t.c.a.a.c.u.util.UserUtilService   : Removing 3 users from all courses. Done
    23:44:02.890 | 408 ool-1-worker-172 | DEBUG | d.t.c.a.a.c.u.util.UserUtilService   : Save 3 users to database...
    23:44:02.893 | 408 ool-1-worker-172 | DEBUG | d.t.c.a.a.c.u.util.UserUtilService   : Save 3 users to database. Done
    23:44:02.922 | 408 ool-1-worker-172 | DEBUG | .c.s.m.InstanceMessageReceiveService : Received schedule participant score for exercise 567 and participant 96 (result to be deleted: null)
    23:44:02.922 | 408 ool-1-worker-172 | DEBUG | .a.s.ParticipantScoreScheduleService : Scheduled task for exercise 567 and participant 96 at 2025-02-14T23:44:03.022794030Z[Etc/UTC].
    23:44:02.923 | 408 ool-1-worker-172 | DEBUG | .c.s.m.InstanceMessageReceiveService : Received schedule participant score for exercise 567 and participant 96 (result to be deleted: null)
    23:44:02.923 | 408 ool-1-worker-172 | DEBUG | .a.s.ParticipantScoreScheduleService : Scheduled task for exercise 567 and participant 96 at 2025-02-14T23:44:03.023346861Z[Etc/UTC].
    23:44:02.923 | 408 ool-1-worker-172 | DEBUG | .c.s.m.InstanceMessageReceiveService : Received schedule participant score for exercise 568 and participant 96 (result to be deleted: null)
    23:44:02.923 | 408 ool-1-worker-172 | DEBUG | .a.s.ParticipantScoreScheduleService : Scheduled task for exercise 568 and participant 96 at 2025-02-14T23:44:03.023818992Z[Etc/UTC].
    23:44:02.924 | 408 ool-1-worker-172 | DEBUG | .c.s.m.InstanceMessageReceiveService : Received schedule participant score for exercise 570 and participant 96 (result to be deleted: null)
    23:44:02.924 | 408 ool-1-worker-172 | DEBUG | .a.s.ParticipantScoreScheduleService : Scheduled task for exercise 570 and participant 96 at 2025-02-14T23:44:03.024308334Z[Etc/UTC].
    23:44:02.924 | 408 ool-1-worker-172 | DEBUG | .c.s.m.InstanceMessageReceiveService : Received schedule participant score for exercise 570 and participant 96 (result to be deleted: null)
    23:44:02.924 | 408 ool-1-worker-172 | DEBUG | .a.s.ParticipantScoreScheduleService : Scheduled task for exercise 570 and participant 96 at 2025-02-14T23:44:03.024774013Z[Etc/UTC].
    23:44:02.932 | 408 ool-1-worker-172 | DEBUG | .c.s.m.InstanceMessageReceiveService : Received schedule participant score for exercise 567 and participant 96 (result to be deleted: null)
    23:44:02.932 | 408 ool-1-worker-172 | DEBUG | .a.s.ParticipantScoreScheduleService : Scheduled task for exercise 567 and participant 96 at 2025-02-14T23:44:03.032509730Z[Etc/UTC].
    23:44:02.940 | 408 ool-1-worker-172 | DEBUG | .c.s.m.InstanceMessageReceiveService : Received schedule participant score for exercise 567 and participant 96 (result to be deleted: null)
    23:44:02.940 | 408 ool-1-worker-172 | DEBUG | .a.s.ParticipantScoreScheduleService : Scheduled task for exercise 567 and participant 96 at 2025-02-14T23:44:03.040658329Z[Etc/UTC].
    23:44:02.948 | 408 ool-1-worker-172 | DEBUG | .c.s.m.InstanceMessageReceiveService : Received schedule participant score for exercise 568 and participant 96 (result to be deleted: null)
    23:44:02.948 | 408 ool-1-worker-172 | DEBUG | .a.s.ParticipantScoreScheduleService : Scheduled task for exercise 568 and participant 96 at 2025-02-14T23:44:03.048389218Z[Etc/UTC].
    23:44:02.956 | 408 ool-1-worker-172 | DEBUG | .c.s.m.InstanceMessageReceiveService : Received schedule participant score for exercise 570 and participant 96 (result to be deleted: null)
    23:44:02.956 | 408 ool-1-worker-172 | DEBUG | .a.s.ParticipantScoreScheduleService : Scheduled task for exercise 570 and participant 96 at 2025-02-14T23:44:03.056312696Z[Etc/UTC].
    23:44:02.964 | 408 ool-1-worker-172 | DEBUG | .c.s.m.InstanceMessageReceiveService : Received schedule participant score for exercise 570 and participant 96 (result to be deleted: null)
    23:44:02.964 | 408 ool-1-worker-172 | DEBUG | .a.s.ParticipantScoreScheduleService : Scheduled task for exercise 570 and participant 96 at 2025-02-14T23:44:03.064363631Z[Etc/UTC].
    23:44:02.968 | 408 ool-1-worker-172 | INFO  | .c.a.a.c.s.TitleCacheEvictionService : Evicted entry '59' from title cache 'lectureTitle'
    23:44:02.991 | 408 ool-1-worker-172 | INFO  | i.z.t.d.l.EmbeddedDatabaseReporter   : JDBC URL to connect to 'dataSource': url='jdbc:h2:tcp://localhost:41063/mem:f240edcd-27ce-47a3-b4ab-a6a00c154135;USER=sa', scope='PyrisLectureIngestionTest#testIngestLectureUnitButtonInPyris'

  Starting logs for PyrisLectureIngestionTest > testIngestionJobDone()
    23:44:03.035 | 408 ool-1-worker-172 | DEBUG | d.t.c.a.a.c.u.util.UserUtilService   : Generate 1 students...
    23:44:03.044 | 408 ool-1-worker-172 | DEBUG | d.t.c.a.a.c.u.util.UserUtilService   : 1 students generated. Generate 1 tutors...
    23:44:03.049 | 408 ool-1-worker-172 | DEBUG | d.t.c.a.a.c.u.util.UserUtilService   : 1 tutors generated. Generate 0 editors...
    23:44:03.051 | 408 ool-1-worker-172 | DEBUG | d.t.c.a.a.c.u.util.UserUtilService   : 0 editors generated. Generate 1 instructors...
    23:44:03.056 | 408 ool-1-worker-172 | DEBUG | d.t.c.a.a.c.u.util.UserUtilService   : 1 instructors generated
    23:44:03.057 | 408 ool-1-worker-172 | DEBUG | d.t.c.a.a.c.u.util.UserUtilService   : Removing 3 users from all courses...
    23:44:03.058 | 408 ool-1-worker-172 | DEBUG | d.t.c.a.a.c.u.util.UserUtilService   : Removing 3 users from all courses. Done
    23:44:03.058 | 408 ool-1-worker-172 | DEBUG | d.t.c.a.a.c.u.util.UserUtilService   : Save 3 users to database...
    23:44:03.067 | 408 ool-1-worker-172 | DEBUG | d.t.c.a.a.c.u.util.UserUtilService   : Save 3 users to database. Done
    23:44:03.112 | 408 ool-1-worker-172 | DEBUG | .c.s.m.InstanceMessageReceiveService : Received schedule participant score for exercise 572 and participant 96 (result to be deleted: null)
    23:44:03.112 | 408 ool-1-worker-172 | DEBUG | .a.s.ParticipantScoreScheduleService : Scheduled task for exercise 572 and participant 96 at 2025-02-14T23:44:03.212549382Z[Etc/UTC].
    23:44:03.113 | 408 ool-1-worker-172 | DEBUG | .c.s.m.InstanceMessageReceiveService : Received schedule participant score for exercise 572 and participant 96 (result to be deleted: null)
    23:44:03.113 | 408 ool-1-worker-172 | DEBUG | .a.s.ParticipantScoreScheduleService : Scheduled task for exercise 572 and participant 96 at 2025-02-14T23:44:03.213128221Z[Etc/UTC].
    23:44:03.113 | 408 ool-1-worker-172 | DEBUG | .c.s.m.InstanceMessageReceiveService : Received schedule participant score for exercise 573 and participant 96 (result to be deleted: null)
    23:44:03.113 | 408 ool-1-worker-172 | DEBUG | .a.s.ParticipantScoreScheduleService : Scheduled task for exercise 573 and participant 96 at 2025-02-14T23:44:03.213633444Z[Etc/UTC].
    23:44:03.114 | 408 ool-1-worker-172 | DEBUG | .c.s.m.InstanceMessageReceiveService : Received schedule participant score for exercise 575 and participant 96 (result to be deleted: null)
    23:44:03.114 | 408 ool-1-worker-172 | DEBUG | .a.s.ParticipantScoreScheduleService : Scheduled task for exercise 575 and participant 96 at 2025-02-14T23:44:03.214139888Z[Etc/UTC].
    23:44:03.114 | 408 ool-1-worker-172 | DEBUG | .c.s.m.InstanceMessageReceiveService : Received schedule participant score for exercise 575 and participant 96 (result to be deleted: null)
    23:44:03.114 | 408 ool-1-worker-172 | DEBUG | .a.s.ParticipantScoreScheduleService : Scheduled task for exercise 575 and participant 96 at 2025-02-14T23:44:03.214638538Z[Etc/UTC].
    23:44:03.122 | 408 ool-1-worker-172 | DEBUG | .c.s.m.InstanceMessageReceiveService : Received schedule participant score for exercise 572 and participant 96 (result to be deleted: null)
    23:44:03.122 | 408 ool-1-worker-172 | DEBUG | .a.s.ParticipantScoreScheduleService : Scheduled task for exercise 572 and participant 96 at 2025-02-14T23:44:03.222692640Z[Etc/UTC].
    23:44:03.130 | 408 ool-1-worker-172 | DEBUG | .c.s.m.InstanceMessageReceiveService : Received schedule participant score for exercise 572 and participant 96 (result to be deleted: null)
    23:44:03.130 | 408 ool-1-worker-172 | DEBUG | .a.s.ParticipantScoreScheduleService : Scheduled task for exercise 572 and participant 96 at 2025-02-14T23:44:03.230792276Z[Etc/UTC].
    23:44:03.140 | 408 ool-1-worker-172 | DEBUG | .c.s.m.InstanceMessageReceiveService : Received schedule participant score for exercise 573 and participant 96 (result to be deleted: null)
    23:44:03.140 | 408 ool-1-worker-172 | DEBUG | .a.s.ParticipantScoreScheduleService : Scheduled task for exercise 573 and participant 96 at 2025-02-14T23:44:03.240065482Z[Etc/UTC].
    23:44:03.149 | 408 ool-1-worker-172 | DEBUG | .c.s.m.InstanceMessageReceiveService : Received schedule participant score for exercise 575 and participant 96 (result to be deleted: null)
    23:44:03.149 | 408 ool-1-worker-172 | DEBUG | .a.s.ParticipantScoreScheduleService : Scheduled task for exercise 575 and participant 96 at 2025-02-14T23:44:03.249570149Z[Etc/UTC].
    23:44:03.158 | 408 ool-1-worker-172 | DEBUG | .c.s.m.InstanceMessageReceiveService : Received schedule participant score for exercise 575 and participant 96 (result to be deleted: null)
    23:44:03.158 | 408 ool-1-worker-172 | DEBUG | .a.s.ParticipantScoreScheduleService : Scheduled task for exercise 575 and participant 96 at 2025-02-14T23:44:03.258485998Z[Etc/UTC].
    23:44:03.162 | 408 ool-1-worker-172 | INFO  | .c.a.a.c.s.TitleCacheEvictionService : Evicted entry '61' from title cache 'lectureTitle'
    23:44:03.206 | 408 ool-1-worker-172 | INFO  | i.z.t.d.l.EmbeddedDatabaseReporter   : JDBC URL to connect to 'dataSource': url='jdbc:h2:tcp://localhost:41063/mem:f240edcd-27ce-47a3-b4ab-a6a00c154135;USER=sa', scope='PyrisLectureIngestionTest#testIngestionJobDone'
    23:44:03.209 | 408 ool-1-worker-172 | INFO  | d.t.c.a.a.c.s.jwt.TokenProvider      : Invalid JWT token: artemislocal_ase_in_tum_de-unknown-1739576643208-VEV9W6JBog from source bearer
    23:44:03.209 | 408 ool-1-worker-172 | INFO  | d.t.c.a.a.c.s.jwt.TokenProvider      : Invalid JWT token: artemislocal_ase_in_tum_de-unknown-1739576643208-VEV9W6JBog from source bearer
    23:44:03.210 | 408 ool-1-worker-172 | DEBUG | d.t.c.a.a.c.s.f.ApiVersionFilter     : Adding Version to Request POST /api/public/pyris/webhooks/ingestion/runs/artemislocal_ase_in_tum_de-unknown-1739576643207-XQwopaTNW6/status
    23:44:03.211 | 408 ool-1-worker-172 | WARN  | o.z.p.spring.common.AdviceTraits     : Conflict: Run ID in URL does not match run ID in request body
    23:44:03.212 | 408 ool-1-worker-172 | INFO  | d.t.c.a.a.c.s.jwt.TokenProvider      : Invalid JWT token: artemislocal_ase_in_tum_de-unknown-1739576643208-VEV9W6JBog from source bearer
    23:44:03.212 | 408 ool-1-worker-172 | INFO  | d.t.c.a.a.c.s.jwt.TokenProvider      : Invalid JWT token: artemislocal_ase_in_tum_de-unknown-1739576643208-VEV9W6JBog from source bearer
    23:44:03.213 | 408 ool-1-worker-172 | DEBUG | d.t.c.a.a.c.s.f.ApiVersionFilter     : Adding Version to Request POST /api/public/pyris/webhooks/ingestion/runs/artemislocal_ase_in_tum_de-unknown-1739576643208-VEV9W6JBog/status
    23:44:03.214 | 408 ool-1-worker-172 | WARN  | o.z.p.spring.common.AdviceTraits     : Conflict: Run ID is not an ingestion job

  Starting logs for PyrisLectureIngestionTest > testRunIdIngestionJob()
    23:44:03.244 | 408 ool-1-worker-172 | DEBUG | d.t.c.a.a.c.u.util.UserUtilService   : Generate 1 students...
    23:44:03.248 | 408 ool-1-worker-172 | DEBUG | d.t.c.a.a.c.u.util.UserUtilService   : 1 students generated. Generate 1 tutors...
    23:44:03.254 | 408 ool-1-worker-172 | DEBUG | d.t.c.a.a.c.u.util.UserUtilService   : 1 tutors generated. Generate 0 editors...
    23:44:03.256 | 408 ool-1-worker-172 | DEBUG | d.t.c.a.a.c.u.util.UserUtilService   : 0 editors generated. Generate 1 instructors...
    23:44:03.263 | 408 ool-1-worker-172 | DEBUG | d.t.c.a.a.c.u.util.UserUtilService   : 1 instructors generated
    23:44:03.265 | 408 ool-1-worker-172 | DEBUG | d.t.c.a.a.c.u.util.UserUtilService   : Removing 3 users from all courses...
    23:44:03.267 | 408 ool-1-worker-172 | DEBUG | d.t.c.a.a.c.u.util.UserUtilService   : Removing 3 users from all courses. Done
    23:44:03.267 | 408 ool-1-worker-172 | DEBUG | d.t.c.a.a.c.u.util.UserUtilService   : Save 3 users to database...
    23:44:03.276 | 408 ool-1-worker-172 | DEBUG | d.t.c.a.a.c.u.util.UserUtilService   : Save 3 users to database. Done
    23:44:03.333 | 408 ool-1-worker-172 | DEBUG | .c.s.m.InstanceMessageReceiveService : Received schedule participant score for exercise 577 and participant 96 (result to be deleted: null)
    23:44:03.333 | 408 ool-1-worker-172 | DEBUG | .a.s.ParticipantScoreScheduleService : Scheduled task for exercise 577 and participant 96 at 2025-02-14T23:44:03.433230715Z[Etc/UTC].
    23:44:03.333 | 408 ool-1-worker-172 | DEBUG | .c.s.m.InstanceMessageReceiveService : Received schedule participant score for exercise 577 and participant 96 (result to be deleted: null)
    23:44:03.333 | 408 ool-1-worker-172 | DEBUG | .a.s.ParticipantScoreScheduleService : Scheduled task for exercise 577 and participant 96 at 2025-02-14T23:44:03.433796339Z[Etc/UTC].
    23:44:03.334 | 408 ool-1-worker-172 | DEBUG | .c.s.m.InstanceMessageReceiveService : Received schedule participant score for exercise 578 and participant 96 (result to be deleted: null)
    23:44:03.334 | 408 ool-1-worker-172 | DEBUG | .a.s.ParticipantScoreScheduleService : Scheduled task for exercise 578 and participant 96 at 2025-02-14T23:44:03.434352046Z[Etc/UTC].
    23:44:03.334 | 408 ool-1-worker-172 | DEBUG | .c.s.m.InstanceMessageReceiveService : Received schedule participant score for exercise 580 and participant 96 (result to be deleted: null)
    23:44:03.334 | 408 ool-1-worker-172 | DEBUG | .a.s.ParticipantScoreScheduleService : Scheduled task for exercise 580 and participant 96 at 2025-02-14T23:44:03.434846859Z[Etc/UTC].
    23:44:03.335 | 408 ool-1-worker-172 | DEBUG | .c.s.m.InstanceMessageReceiveService : Received schedule participant score for exercise 580 and participant 96 (result to be deleted: null)
    23:44:03.335 | 408 ool-1-worker-172 | DEBUG | .a.s.ParticipantScoreScheduleService : Scheduled task for exercise 580 and participant 96 at 2025-02-14T23:44:03.435382618Z[Etc/UTC].
    23:44:03.343 | 408 ool-1-worker-172 | DEBUG | .c.s.m.InstanceMessageReceiveService : Received schedule participant score for exercise 577 and participant 96 (result to be deleted: null)
    23:44:03.343 | 408 ool-1-worker-172 | DEBUG | .a.s.ParticipantScoreScheduleService : Scheduled task for exercise 577 and participant 96 at 2025-02-14T23:44:03.443440016Z[Etc/UTC].
    23:44:03.351 | 408 ool-1-worker-172 | DEBUG | .c.s.m.InstanceMessageReceiveService : Received schedule participant score for exercise 577 and participant 96 (result to be deleted: null)
    23:44:03.352 | 408 ool-1-worker-172 | DEBUG | .a.s.ParticipantScoreScheduleService : Scheduled task for exercise 577 and participant 96 at 2025-02-14T23:44:03.451992397Z[Etc/UTC].
    23:44:03.360 | 408 ool-1-worker-172 | DEBUG | .c.s.m.InstanceMessageReceiveService : Received schedule participant score for exercise 578 and participant 96 (result to be deleted: null)
    23:44:03.360 | 408 ool-1-worker-172 | DEBUG | .a.s.ParticipantScoreScheduleService : Scheduled task for exercise 578 and participant 96 at 2025-02-14T23:44:03.460962958Z[Etc/UTC].
    23:44:03.373 | 408 ool-1-worker-172 | DEBUG | .c.s.m.InstanceMessageReceiveService : Received schedule participant score for exercise 580 and participant 96 (result to be deleted: null)
    23:44:03.373 | 408 ool-1-worker-172 | DEBUG | .a.s.ParticipantScoreScheduleService : Scheduled task for exercise 580 and participant 96 at 2025-02-14T23:44:03.473613252Z[Etc/UTC].
    23:44:03.383 | 408 ool-1-worker-172 | DEBUG | .c.s.m.InstanceMessageReceiveService : Received schedule participant score for exercise 580 and participant 96 (result to be deleted: null)
    23:44:03.383 | 408 ool-1-worker-172 | DEBUG | .a.s.ParticipantScoreScheduleService : Scheduled task for exercise 580 and participant 96 at 2025-02-14T23:44:03.483244495Z[Etc/UTC].
    23:44:03.387 | 408 ool-1-worker-172 | INFO  | .c.a.a.c.s.TitleCacheEvictionService : Evicted entry '64' from title cache 'lectureTitle'
    23:44:03.413 | 408 ool-1-worker-172 | INFO  | i.z.t.d.l.EmbeddedDatabaseReporter   : JDBC URL to connect to 'dataSource': url='jdbc:h2:tcp://localhost:41063/mem:f240edcd-27ce-47a3-b4ab-a6a00c154135;USER=sa', scope='PyrisLectureIngestionTest#testRunIdIngestionJob'
    23:44:03.416 | 408 ool-1-worker-172 | INFO  | d.t.c.a.a.c.s.jwt.TokenProvider      : Invalid JWT token: artemislocal_ase_in_tum_de-unknown-1739576643414-hdsuowtX6p from source bearer
    23:44:03.416 | 408 ool-1-worker-172 | INFO  | d.t.c.a.a.c.s.jwt.TokenProvider      : Invalid JWT token: artemislocal_ase_in_tum_de-unknown-1739576643414-hdsuowtX6p from source bearer
    23:44:03.416 | 408 ool-1-worker-172 | DEBUG | d.t.c.a.a.c.s.f.ApiVersionFilter     : Adding Version to Request POST /api/public/pyris/webhooks/ingestion/runs/artemislocal_ase_in_tum_de-unknown-1739576643414-eh0MJY7l7i/status
    23:44:03.418 | 408 ool-1-worker-172 | WARN  | o.z.p.spring.common.AdviceTraits     : Conflict: Run ID in URL does not match run ID in request body
    23:44:03.420 | 408 ool-1-worker-172 | INFO  | d.t.c.a.a.c.s.jwt.TokenProvider      : Invalid JWT token: artemislocal_ase_in_tum_de-unknown-1739576643414-hdsuowtX6p from source bearer
    23:44:03.420 | 408 ool-1-worker-172 | INFO  | d.t.c.a.a.c.s.jwt.TokenProvider      : Invalid JWT token: artemislocal_ase_in_tum_de-unknown-1739576643414-hdsuowtX6p from source bearer
    23:44:03.420 | 408 ool-1-worker-172 | DEBUG | d.t.c.a.a.c.s.f.ApiVersionFilter     : Adding Version to Request POST /api/public/pyris/webhooks/ingestion/runs/artemislocal_ase_in_tum_de-unknown-1739576643414-hdsuowtX6p/status
    23:44:03.421 | 408 ool-1-worker-172 | WARN  | o.z.p.spring.common.AdviceTraits     : Conflict: Run ID is not an ingestion job

  Starting logs for PyrisLectureIngestionTest > autoIngestionWhenAttachmentUnitCreatedAndAutoUpdateEnabled()
    23:44:03.448 | 408 ool-1-worker-172 | DEBUG | d.t.c.a.a.c.u.util.UserUtilService   : Generate 1 students...
    23:44:03.450 | 408 ool-1-worker-172 | DEBUG | d.t.c.a.a.c.u.util.UserUtilService   : 1 students generated. Generate 1 tutors...
    23:44:03.454 | 408 ool-1-worker-172 | DEBUG | d.t.c.a.a.c.u.util.UserUtilService   : 1 tutors generated. Generate 0 editors...
    23:44:03.455 | 408 ool-1-worker-172 | DEBUG | d.t.c.a.a.c.u.util.UserUtilService   : 0 editors generated. Generate 1 instructors...
    23:44:03.459 | 408 ool-1-worker-172 | DEBUG | d.t.c.a.a.c.u.util.UserUtilService   : 1 instructors generated
    23:44:03.460 | 408 ool-1-worker-172 | DEBUG | d.t.c.a.a.c.u.util.UserUtilService   : Removing 3 users from all courses...
    23:44:03.461 | 408 ool-1-worker-172 | DEBUG | d.t.c.a.a.c.u.util.UserUtilService   : Removing 3 users from all courses. Done
    23:44:03.461 | 408 ool-1-worker-172 | DEBUG | d.t.c.a.a.c.u.util.UserUtilService   : Save 3 users to database...
    23:44:03.464 | 408 ool-1-worker-172 | DEBUG | d.t.c.a.a.c.u.util.UserUtilService   : Save 3 users to database. Done
    23:44:03.496 | 408 ool-1-worker-172 | DEBUG | .c.s.m.InstanceMessageReceiveService : Received schedule participant score for exercise 582 and participant 96 (result to be deleted: null)
    23:44:03.496 | 408 ool-1-worker-172 | DEBUG | .a.s.ParticipantScoreScheduleService : Scheduled task for exercise 582 and participant 96 at 2025-02-14T23:44:03.596373412Z[Etc/UTC].
    23:44:03.496 | 408 ool-1-worker-172 | DEBUG | .c.s.m.InstanceMessageReceiveService : Received schedule participant score for exercise 582 and participant 96 (result to be deleted: null)
    23:44:03.496 | 408 ool-1-worker-172 | DEBUG | .a.s.ParticipantScoreScheduleService : Scheduled task for exercise 582 and participant 96 at 2025-02-14T23:44:03.596990283Z[Etc/UTC].
    23:44:03.497 | 408 ool-1-worker-172 | DEBUG | .c.s.m.InstanceMessageReceiveService : Received schedule participant score for exercise 583 and participant 96 (result to be deleted: null)
    23:44:03.497 | 408 ool-1-worker-172 | DEBUG | .a.s.ParticipantScoreScheduleService : Scheduled task for exercise 583 and participant 96 at 2025-02-14T23:44:03.597552902Z[Etc/UTC].
    23:44:03.498 | 408 ool-1-worker-172 | DEBUG | .c.s.m.InstanceMessageReceiveService : Received schedule participant score for exercise 585 and participant 96 (result to be deleted: null)
    23:44:03.498 | 408 ool-1-worker-172 | DEBUG | .a.s.ParticipantScoreScheduleService : Scheduled task for exercise 585 and participant 96 at 2025-02-14T23:44:03.598040932Z[Etc/UTC].
    23:44:03.498 | 408 ool-1-worker-172 | DEBUG | .c.s.m.InstanceMessageReceiveService : Received schedule participant score for exercise 585 and participant 96 (result to be deleted: null)
    23:44:03.498 | 408 ool-1-worker-172 | DEBUG | .a.s.ParticipantScoreScheduleService : Scheduled task for exercise 585 and participant 96 at 2025-02-14T23:44:03.598634038Z[Etc/UTC].
    23:44:03.507 | 408 ool-1-worker-172 | DEBUG | .c.s.m.InstanceMessageReceiveService : Received schedule participant score for exercise 582 and participant 96 (result to be deleted: null)
    23:44:03.507 | 408 ool-1-worker-172 | DEBUG | .a.s.ParticipantScoreScheduleService : Scheduled task for exercise 582 and participant 96 at 2025-02-14T23:44:03.607164248Z[Etc/UTC].
    23:44:03.515 | 408 ool-1-worker-172 | DEBUG | .c.s.m.InstanceMessageReceiveService : Received schedule participant score for exercise 582 and participant 96 (result to be deleted: null)
    23:44:03.515 | 408 ool-1-worker-172 | DEBUG | .a.s.ParticipantScoreScheduleService : Scheduled task for exercise 582 and participant 96 at 2025-02-14T23:44:03.615591606Z[Etc/UTC].
    23:44:03.526 | 408 ool-1-worker-172 | DEBUG | .c.s.m.InstanceMessageReceiveService : Received schedule participant score for exercise 583 and participant 96 (result to be deleted: null)
    23:44:03.526 | 408 ool-1-worker-172 | DEBUG | .a.s.ParticipantScoreScheduleService : Scheduled task for exercise 583 and participant 96 at 2025-02-14T23:44:03.626856195Z[Etc/UTC].
    23:44:03.536 | 408 ool-1-worker-172 | DEBUG | .c.s.m.InstanceMessageReceiveService : Received schedule participant score for exercise 585 and participant 96 (result to be deleted: null)
    23:44:03.537 | 408 ool-1-worker-172 | DEBUG | .a.s.ParticipantScoreScheduleService : Scheduled task for exercise 585 and participant 96 at 2025-02-14T23:44:03.637058063Z[Etc/UTC].
    23:44:03.545 | 408 ool-1-worker-172 | DEBUG | .c.s.m.InstanceMessageReceiveService : Received schedule participant score for exercise 585 and participant 96 (result to be deleted: null)
    23:44:03.545 | 408 ool-1-worker-172 | DEBUG | .a.s.ParticipantScoreScheduleService : Scheduled task for exercise 585 and participant 96 at 2025-02-14T23:44:03.645742110Z[Etc/UTC].
    23:44:03.551 | 408 ool-1-worker-172 | INFO  | .c.a.a.c.s.TitleCacheEvictionService : Evicted entry '65' from title cache 'lectureTitle'
    23:44:03.575 | 408 ool-1-worker-172 | INFO  | i.z.t.d.l.EmbeddedDatabaseReporter   : JDBC URL to connect to 'dataSource': url='jdbc:h2:tcp://localhost:41063/mem:f240edcd-27ce-47a3-b4ab-a6a00c154135;USER=sa', scope='PyrisLectureIngestionTest#autoIngestionWhenAttachmentUnitCreatedAndAutoUpdateEnabled'

  Starting logs for PyrisLectureIngestionTest > testDeleteLecturefromPyrisDatabaseWithCourseSettingsEnabled()
    23:44:03.598 | 408 ool-1-worker-172 | DEBUG | d.t.c.a.a.c.u.util.UserUtilService   : Generate 1 students...
    23:44:03.601 | 408 ool-1-worker-172 | DEBUG | d.t.c.a.a.c.u.util.UserUtilService   : 1 students generated. Generate 1 tutors...
    23:44:03.604 | 408 ool-1-worker-172 | DEBUG | d.t.c.a.a.c.u.util.UserUtilService   : 1 tutors generated. Generate 0 editors...
    23:44:03.605 | 408 ool-1-worker-172 | DEBUG | d.t.c.a.a.c.u.util.UserUtilService   : 0 editors generated. Generate 1 instructors...
    23:44:03.608 | 408 ool-1-worker-172 | DEBUG | d.t.c.a.a.c.u.util.UserUtilService   : 1 instructors generated
    23:44:03.609 | 408 ool-1-worker-172 | DEBUG | d.t.c.a.a.c.u.util.UserUtilService   : Removing 3 users from all courses...
    23:44:03.610 | 408 ool-1-worker-172 | DEBUG | d.t.c.a.a.c.u.util.UserUtilService   : Removing 3 users from all courses. Done
    23:44:03.610 | 408 ool-1-worker-172 | DEBUG | d.t.c.a.a.c.u.util.UserUtilService   : Save 3 users to database...
    23:44:03.613 | 408 ool-1-worker-172 | DEBUG | d.t.c.a.a.c.u.util.UserUtilService   : Save 3 users to database. Done
    23:44:03.653 | 408 ool-1-worker-172 | DEBUG | .c.s.m.InstanceMessageReceiveService : Received schedule participant score for exercise 587 and participant 96 (result to be deleted: null)
    23:44:03.654 | 408 ool-1-worker-172 | DEBUG | .a.s.ParticipantScoreScheduleService : Scheduled task for exercise 587 and participant 96 at 2025-02-14T23:44:03.754011263Z[Etc/UTC].
    23:44:03.654 | 408 ool-1-worker-172 | DEBUG | .c.s.m.InstanceMessageReceiveService : Received schedule participant score for exercise 587 and participant 96 (result to be deleted: null)
    23:44:03.654 | 408 ool-1-worker-172 | DEBUG | .a.s.ParticipantScoreScheduleService : Scheduled task for exercise 587 and participant 96 at 2025-02-14T23:44:03.754601173Z[Etc/UTC].
    23:44:03.655 | 408 ool-1-worker-172 | DEBUG | .c.s.m.InstanceMessageReceiveService : Received schedule participant score for exercise 588 and participant 96 (result to be deleted: null)
    23:44:03.655 | 408 ool-1-worker-172 | DEBUG | .a.s.ParticipantScoreScheduleService : Scheduled task for exercise 588 and participant 96 at 2025-02-14T23:44:03.755130751Z[Etc/UTC].
    23:44:03.655 | 408 ool-1-worker-172 | DEBUG | .c.s.m.InstanceMessageReceiveService : Received schedule participant score for exercise 590 and participant 96 (result to be deleted: null)
    23:44:03.655 | 408 ool-1-worker-172 | DEBUG | .a.s.ParticipantScoreScheduleService : Scheduled task for exercise 590 and participant 96 at 2025-02-14T23:44:03.755632546Z[Etc/UTC].
    23:44:03.656 | 408 ool-1-worker-172 | DEBUG | .c.s.m.InstanceMessageReceiveService : Received schedule participant score for exercise 590 and participant 96 (result to be deleted: null)
    23:44:03.656 | 408 ool-1-worker-172 | DEBUG | .a.s.ParticipantScoreScheduleService : Scheduled task for exercise 590 and participant 96 at 2025-02-14T23:44:03.756147136Z[Etc/UTC].
    23:44:03.664 | 408 ool-1-worker-172 | DEBUG | .c.s.m.InstanceMessageReceiveService : Received schedule participant score for exercise 587 and participant 96 (result to be deleted: null)
    23:44:03.664 | 408 ool-1-worker-172 | DEBUG | .a.s.ParticipantScoreScheduleService : Scheduled task for exercise 587 and participant 96 at 2025-02-14T23:44:03.764660104Z[Etc/UTC].
    23:44:03.708 | 408 ool-1-worker-172 | DEBUG | .c.s.m.InstanceMessageReceiveService : Received schedule participant score for exercise 587 and participant 96 (result to be deleted: null)
    23:44:03.708 | 408 ool-1-worker-172 | DEBUG | .a.s.ParticipantScoreScheduleService : Scheduled task for exercise 587 and participant 96 at 2025-02-14T23:44:03.808914993Z[Etc/UTC].
    23:44:03.718 | 408 ool-1-worker-172 | DEBUG | .c.s.m.InstanceMessageReceiveService : Received schedule participant score for exercise 588 and participant 96 (result to be deleted: null)
    23:44:03.718 | 408 ool-1-worker-172 | DEBUG | .a.s.ParticipantScoreScheduleService : Scheduled task for exercise 588 and participant 96 at 2025-02-14T23:44:03.818396457Z[Etc/UTC].
    23:44:03.728 | 408 ool-1-worker-172 | DEBUG | .c.s.m.InstanceMessageReceiveService : Received schedule participant score for exercise 590 and participant 96 (result to be deleted: null)
    23:44:03.728 | 408 ool-1-worker-172 | DEBUG | .a.s.ParticipantScoreScheduleService : Scheduled task for exercise 590 and participant 96 at 2025-02-14T23:44:03.828260785Z[Etc/UTC].
    23:44:03.736 | 408 ool-1-worker-172 | DEBUG | .c.s.m.InstanceMessageReceiveService : Received schedule participant score for exercise 590 and participant 96 (result to be deleted: null)
    23:44:03.736 | 408 ool-1-worker-172 | DEBUG | .a.s.ParticipantScoreScheduleService : Scheduled task for exercise 590 and participant 96 at 2025-02-14T23:44:03.836897414Z[Etc/UTC].
    23:44:03.741 | 408 ool-1-worker-172 | INFO  | .c.a.a.c.s.TitleCacheEvictionService : Evicted entry '68' from title cache 'lectureTitle'
    23:44:03.766 | 408 ool-1-worker-172 | INFO  | i.z.t.d.l.EmbeddedDatabaseReporter   : JDBC URL to connect to 'dataSource': url='jdbc:h2:tcp://localhost:41063/mem:f240edcd-27ce-47a3-b4ab-a6a00c154135;USER=sa', scope='PyrisLectureIngestionTest#testDeleteLecturefromPyrisDatabaseWithCourseSettingsEnabled'

  Starting logs for PyrisLectureIngestionTest > testStageNotDoneKeepsAdditionIngestionJob()
    23:44:03.787 | 408 ool-1-worker-172 | DEBUG | d.t.c.a.a.c.u.util.UserUtilService   : Generate 1 students...
    23:44:03.791 | 408 ool-1-worker-172 | DEBUG | d.t.c.a.a.c.u.util.UserUtilService   : 1 students generated. Generate 1 tutors...
    23:44:03.793 | 408 ool-1-worker-172 | DEBUG | d.t.c.a.a.c.u.util.UserUtilService   : 1 tutors generated. Generate 0 editors...
    23:44:03.795 | 408 ool-1-worker-172 | DEBUG | d.t.c.a.a.c.u.util.UserUtilService   : 0 editors generated. Generate 1 instructors...
    23:44:03.798 | 408 ool-1-worker-172 | DEBUG | d.t.c.a.a.c.u.util.UserUtilService   : 1 instructors generated
    23:44:03.800 | 408 ool-1-worker-172 | DEBUG | d.t.c.a.a.c.u.util.UserUtilService   : Removing 3 users from all courses...
    23:44:03.801 | 408 ool-1-worker-172 | DEBUG | d.t.c.a.a.c.u.util.UserUtilService   : Removing 3 users from all courses. Done
    23:44:03.801 | 408 ool-1-worker-172 | DEBUG | d.t.c.a.a.c.u.util.UserUtilService   : Save 3 users to database...
    23:44:03.804 | 408 ool-1-worker-172 | DEBUG | d.t.c.a.a.c.u.util.UserUtilService   : Save 3 users to database. Done
    23:44:03.848 | 408 ool-1-worker-172 | DEBUG | .c.s.m.InstanceMessageReceiveService : Received schedule participant score for exercise 592 and participant 96 (result to be deleted: null)
    23:44:03.849 | 408 ool-1-worker-172 | DEBUG | .a.s.ParticipantScoreScheduleService : Scheduled task for exercise 592 and participant 96 at 2025-02-14T23:44:03.948975293Z[Etc/UTC].
    23:44:03.849 | 408 ool-1-worker-172 | DEBUG | .c.s.m.InstanceMessageReceiveService : Received schedule participant score for exercise 592 and participant 96 (result to be deleted: null)
    23:44:03.849 | 408 ool-1-worker-172 | DEBUG | .a.s.ParticipantScoreScheduleService : Scheduled task for exercise 592 and participant 96 at 2025-02-14T23:44:03.949653197Z[Etc/UTC].
    23:44:03.850 | 408 ool-1-worker-172 | DEBUG | .c.s.m.InstanceMessageReceiveService : Received schedule participant score for exercise 593 and participant 96 (result to be deleted: null)
    23:44:03.850 | 408 ool-1-worker-172 | DEBUG | .a.s.ParticipantScoreScheduleService : Scheduled task for exercise 593 and participant 96 at 2025-02-14T23:44:03.950155083Z[Etc/UTC].
    23:44:03.850 | 408 ool-1-worker-172 | DEBUG | .c.s.m.InstanceMessageReceiveService : Received schedule participant score for exercise 595 and participant 96 (result to be deleted: null)
    23:44:03.850 | 408 ool-1-worker-172 | DEBUG | .a.s.ParticipantScoreScheduleService : Scheduled task for exercise 595 and participant 96 at 2025-02-14T23:44:03.950646831Z[Etc/UTC].
    23:44:03.851 | 408 ool-1-worker-172 | DEBUG | .c.s.m.InstanceMessageReceiveService : Received schedule participant score for exercise 595 and participant 96 (result to be deleted: null)
    23:44:03.851 | 408 ool-1-worker-172 | DEBUG | .a.s.ParticipantScoreScheduleService : Scheduled task for exercise 595 and participant 96 at 2025-02-14T23:44:03.951160990Z[Etc/UTC].
    23:44:03.858 | 408 ool-1-worker-172 | DEBUG | .c.s.m.InstanceMessageReceiveService : Received schedule participant score for exercise 592 and participant 96 (result to be deleted: null)
    23:44:03.858 | 408 ool-1-worker-172 | DEBUG | .a.s.ParticipantScoreScheduleService : Scheduled task for exercise 592 and participant 96 at 2025-02-14T23:44:03.958708366Z[Etc/UTC].
    23:44:03.866 | 408 ool-1-worker-172 | DEBUG | .c.s.m.InstanceMessageReceiveService : Received schedule participant score for exercise 592 and participant 96 (result to be deleted: null)
    23:44:03.866 | 408 ool-1-worker-172 | DEBUG | .a.s.ParticipantScoreScheduleService : Scheduled task for exercise 592 and participant 96 at 2025-02-14T23:44:03.966502804Z[Etc/UTC].
    23:44:03.874 | 408 ool-1-worker-172 | DEBUG | .c.s.m.InstanceMessageReceiveService : Received schedule participant score for exercise 593 and participant 96 (result to be deleted: null)
    23:44:03.874 | 408 ool-1-worker-172 | DEBUG | .a.s.ParticipantScoreScheduleService : Scheduled task for exercise 593 and participant 96 at 2025-02-14T23:44:03.974484841Z[Etc/UTC].
    23:44:03.884 | 408 ool-1-worker-172 | DEBUG | .c.s.m.InstanceMessageReceiveService : Received schedule participant score for exercise 595 and participant 96 (result to be deleted: null)
    23:44:03.884 | 408 ool-1-worker-172 | DEBUG | .a.s.ParticipantScoreScheduleService : Scheduled task for exercise 595 and participant 96 at 2025-02-14T23:44:03.984770645Z[Etc/UTC].
    23:44:03.894 | 408 ool-1-worker-172 | DEBUG | .c.s.m.InstanceMessageReceiveService : Received schedule participant score for exercise 595 and participant 96 (result to be deleted: null)
    23:44:03.894 | 408 ool-1-worker-172 | DEBUG | .a.s.ParticipantScoreScheduleService : Scheduled task for exercise 595 and participant 96 at 2025-02-14T23:44:03.994232522Z[Etc/UTC].
    23:44:03.898 | 408 ool-1-worker-172 | INFO  | .c.a.a.c.s.TitleCacheEvictionService : Evicted entry '70' from title cache 'lectureTitle'
    23:44:03.919 | 408 ool-1-worker-172 | INFO  | i.z.t.d.l.EmbeddedDatabaseReporter   : JDBC URL to connect to 'dataSource': url='jdbc:h2:tcp://localhost:41063/mem:f240edcd-27ce-47a3-b4ab-a6a00c154135;USER=sa', scope='PyrisLectureIngestionTest#testStageNotDoneKeepsAdditionIngestionJob'
    23:44:03.959 | 408 ool-1-worker-172 | INFO  | d.t.c.a.a.c.s.jwt.TokenProvider      : Invalid JWT token: artemislocal_ase_in_tum_de-unknown-1739576643930-bjRvPCsje0 from source bearer
    23:44:03.959 | 408 ool-1-worker-172 | INFO  | d.t.c.a.a.c.s.jwt.TokenProvider      : Invalid JWT token: artemislocal_ase_in_tum_de-unknown-1739576643930-bjRvPCsje0 from source bearer
    23:44:03.960 | 408 ool-1-worker-172 | DEBUG | d.t.c.a.a.c.s.f.ApiVersionFilter     : Adding Version to Request POST /api/public/pyris/webhooks/ingestion/runs/artemislocal_ase_in_tum_de-unknown-1739576643930-bjRvPCsje0/status

  Starting logs for PyrisLectureIngestionTest > noAutoIngestionWhenAttachmentUnitCreatedAndAutoUpdateDisabled()
    23:44:03.985 | 408 ool-1-worker-172 | DEBUG | d.t.c.a.a.c.u.util.UserUtilService   : Generate 1 students...
    23:44:03.987 | 408 ool-1-worker-172 | DEBUG | d.t.c.a.a.c.u.util.UserUtilService   : 1 students generated. Generate 1 tutors...
    23:44:03.990 | 408 ool-1-worker-172 | DEBUG | d.t.c.a.a.c.u.util.UserUtilService   : 1 tutors generated. Generate 0 editors...
    23:44:03.991 | 408 ool-1-worker-172 | DEBUG | d.t.c.a.a.c.u.util.UserUtilService   : 0 editors generated. Generate 1 instructors...
    23:44:03.994 | 408 ool-1-worker-172 | DEBUG | d.t.c.a.a.c.u.util.UserUtilService   : 1 instructors generated
    23:44:03.995 | 408 ool-1-worker-172 | DEBUG | d.t.c.a.a.c.u.util.UserUtilService   : Removing 3 users from all courses...
    23:44:03.996 | 408 ool-1-worker-172 | DEBUG | d.t.c.a.a.c.u.util.UserUtilService   : Removing 3 users from all courses. Done
    23:44:03.996 | 408 ool-1-worker-172 | DEBUG | d.t.c.a.a.c.u.util.UserUtilService   : Save 3 users to database...
    23:44:03.999 | 408 ool-1-worker-172 | DEBUG | d.t.c.a.a.c.u.util.UserUtilService   : Save 3 users to database. Done
    23:44:04.030 | 408 ool-1-worker-172 | DEBUG | .c.s.m.InstanceMessageReceiveService : Received schedule participant score for exercise 597 and participant 96 (result to be deleted: null)
    23:44:04.030 | 408 ool-1-worker-172 | DEBUG | .a.s.ParticipantScoreScheduleService : Scheduled task for exercise 597 and participant 96 at 2025-02-14T23:44:04.130467724Z[Etc/UTC].
    23:44:04.031 | 408 ool-1-worker-172 | DEBUG | .c.s.m.InstanceMessageReceiveService : Received schedule participant score for exercise 597 and participant 96 (result to be deleted: null)
    23:44:04.031 | 408 ool-1-worker-172 | DEBUG | .a.s.ParticipantScoreScheduleService : Scheduled task for exercise 597 and participant 96 at 2025-02-14T23:44:04.131282154Z[Etc/UTC].
    23:44:04.031 | 408 ool-1-worker-172 | DEBUG | .c.s.m.InstanceMessageReceiveService : Received schedule participant score for exercise 598 and participant 96 (result to be deleted: null)
    23:44:04.031 | 408 ool-1-worker-172 | DEBUG | .a.s.ParticipantScoreScheduleService : Scheduled task for exercise 598 and participant 96 at 2025-02-14T23:44:04.131760165Z[Etc/UTC].
    23:44:04.032 | 408 ool-1-worker-172 | DEBUG | .c.s.m.InstanceMessageReceiveService : Received schedule participant score for exercise 600 and participant 96 (result to be deleted: null)
    23:44:04.032 | 408 ool-1-worker-172 | DEBUG | .a.s.ParticipantScoreScheduleService : Scheduled task for exercise 600 and participant 96 at 2025-02-14T23:44:04.132314890Z[Etc/UTC].
    23:44:04.032 | 408 ool-1-worker-172 | DEBUG | .c.s.m.InstanceMessageReceiveService : Received schedule participant score for exercise 600 and participant 96 (result to be deleted: null)
    23:44:04.032 | 408 ool-1-worker-172 | DEBUG | .a.s.ParticipantScoreScheduleService : Scheduled task for exercise 600 and participant 96 at 2025-02-14T23:44:04.132786389Z[Etc/UTC].
    23:44:04.042 | 408 ool-1-worker-172 | DEBUG | .c.s.m.InstanceMessageReceiveService : Received schedule participant score for exercise 597 and participant 96 (result to be deleted: null)
    23:44:04.042 | 408 ool-1-worker-172 | DEBUG | .a.s.ParticipantScoreScheduleService : Scheduled task for exercise 597 and participant 96 at 2025-02-14T23:44:04.142494054Z[Etc/UTC].
    23:44:04.050 | 408 ool-1-worker-172 | DEBUG | .c.s.m.InstanceMessageReceiveService : Received schedule participant score for exercise 597 and participant 96 (result to be deleted: null)
    23:44:04.050 | 408 ool-1-worker-172 | DEBUG | .a.s.ParticipantScoreScheduleService : Scheduled task for exercise 597 and participant 96 at 2025-02-14T23:44:04.150679779Z[Etc/UTC].
    23:44:04.059 | 408 ool-1-worker-172 | DEBUG | .c.s.m.InstanceMessageReceiveService : Received schedule participant score for exercise 598 and participant 96 (result to be deleted: null)
    23:44:04.059 | 408 ool-1-worker-172 | DEBUG | .a.s.ParticipantScoreScheduleService : Scheduled task for exercise 598 and participant 96 at 2025-02-14T23:44:04.159801981Z[Etc/UTC].
    23:44:04.069 | 408 ool-1-worker-172 | DEBUG | .c.s.m.InstanceMessageReceiveService : Received schedule participant score for exercise 600 and participant 96 (result to be deleted: null)
    23:44:04.069 | 408 ool-1-worker-172 | DEBUG | .a.s.ParticipantScoreScheduleService : Scheduled task for exercise 600 and participant 96 at 2025-02-14T23:44:04.169764980Z[Etc/UTC].
    23:44:04.082 | 408 ool-1-worker-172 | DEBUG | .c.s.m.InstanceMessageReceiveService : Received schedule participant score for exercise 600 and participant 96 (result to be deleted: null)
    23:44:04.082 | 408 ool-1-worker-172 | DEBUG | .a.s.ParticipantScoreScheduleService : Scheduled task for exercise 600 and participant 96 at 2025-02-14T23:44:04.182420661Z[Etc/UTC].
    23:44:04.087 | 408 ool-1-worker-172 | INFO  | .c.a.a.c.s.TitleCacheEvictionService : Evicted entry '72' from title cache 'lectureTitle'
    23:44:04.109 | 408 ool-1-worker-172 | INFO  | i.z.t.d.l.EmbeddedDatabaseReporter   : JDBC URL to connect to 'dataSource': url='jdbc:h2:tcp://localhost:41063/mem:f240edcd-27ce-47a3-b4ab-a6a00c154135;USER=sa', scope='PyrisLectureIngestionTest#noAutoIngestionWhenAttachmentUnitCreatedAndAutoUpdateDisabled'

  Starting logs for PyrisLectureIngestionTest > testErrorStageRemovesDeletionIngestionJob()
    23:44:04.125 | 408 ool-1-worker-172 | DEBUG | d.t.c.a.a.c.u.util.UserUtilService   : Generate 1 students...
    23:44:04.127 | 408 ool-1-worker-172 | DEBUG | d.t.c.a.a.c.u.util.UserUtilService   : 1 students generated. Generate 1 tutors...
    23:44:04.133 | 408 ool-1-worker-172 | DEBUG | d.t.c.a.a.c.u.util.UserUtilService   : 1 tutors generated. Generate 0 editors...
    23:44:04.134 | 408 ool-1-worker-172 | DEBUG | d.t.c.a.a.c.u.util.UserUtilService   : 0 editors generated. Generate 1 instructors...
    23:44:04.137 | 408 ool-1-worker-172 | DEBUG | d.t.c.a.a.c.u.util.UserUtilService   : 1 instructors generated
    23:44:04.138 | 408 ool-1-worker-172 | DEBUG | d.t.c.a.a.c.u.util.UserUtilService   : Removing 3 users from all courses...
    23:44:04.139 | 408 ool-1-worker-172 | DEBUG | d.t.c.a.a.c.u.util.UserUtilService   : Removing 3 users from all courses. Done
    23:44:04.139 | 408 ool-1-worker-172 | DEBUG | d.t.c.a.a.c.u.util.UserUtilService   : Save 3 users to database...
    23:44:04.142 | 408 ool-1-worker-172 | DEBUG | d.t.c.a.a.c.u.util.UserUtilService   : Save 3 users to database. Done
    23:44:04.173 | 408 ool-1-worker-172 | DEBUG | .c.s.m.InstanceMessageReceiveService : Received schedule participant score for exercise 602 and participant 96 (result to be deleted: null)
    23:44:04.173 | 408 ool-1-worker-172 | DEBUG | .a.s.ParticipantScoreScheduleService : Scheduled task for exercise 602 and participant 96 at 2025-02-14T23:44:04.273768180Z[Etc/UTC].
    23:44:04.174 | 408 ool-1-worker-172 | DEBUG | .c.s.m.InstanceMessageReceiveService : Received schedule participant score for exercise 602 and participant 96 (result to be deleted: null)
    23:44:04.174 | 408 ool-1-worker-172 | DEBUG | .a.s.ParticipantScoreScheduleService : Scheduled task for exercise 602 and participant 96 at 2025-02-14T23:44:04.274290143Z[Etc/UTC].
    23:44:04.174 | 408 ool-1-worker-172 | DEBUG | .c.s.m.InstanceMessageReceiveService : Received schedule participant score for exercise 603 and participant 96 (result to be deleted: null)
    23:44:04.174 | 408 ool-1-worker-172 | DEBUG | .a.s.ParticipantScoreScheduleService : Scheduled task for exercise 603 and participant 96 at 2025-02-14T23:44:04.274756002Z[Etc/UTC].
    23:44:04.175 | 408 ool-1-worker-172 | DEBUG | .c.s.m.InstanceMessageReceiveService : Received schedule participant score for exercise 605 and participant 96 (result to be deleted: null)
    23:44:04.175 | 408 ool-1-worker-172 | DEBUG | .a.s.ParticipantScoreScheduleService : Scheduled task for exercise 605 and participant 96 at 2025-02-14T23:44:04.275469282Z[Etc/UTC].
    23:44:04.175 | 408 ool-1-worker-172 | DEBUG | .c.s.m.InstanceMessageReceiveService : Received schedule participant score for exercise 605 and participant 96 (result to be deleted: null)
    23:44:04.175 | 408 ool-1-worker-172 | DEBUG | .a.s.ParticipantScoreScheduleService : Scheduled task for exercise 605 and participant 96 at 2025-02-14T23:44:04.275937375Z[Etc/UTC].
    23:44:04.183 | 408 ool-1-worker-172 | DEBUG | .c.s.m.InstanceMessageReceiveService : Received schedule participant score for exercise 602 and participant 96 (result to be deleted: null)
    23:44:04.183 | 408 ool-1-worker-172 | DEBUG | .a.s.ParticipantScoreScheduleService : Scheduled task for exercise 602 and participant 96 at 2025-02-14T23:44:04.283879165Z[Etc/UTC].
    23:44:04.192 | 408 ool-1-worker-172 | DEBUG | .c.s.m.InstanceMessageReceiveService : Received schedule participant score for exercise 602 and participant 96 (result to be deleted: null)
    23:44:04.192 | 408 ool-1-worker-172 | DEBUG | .a.s.ParticipantScoreScheduleService : Scheduled task for exercise 602 and participant 96 at 2025-02-14T23:44:04.292225790Z[Etc/UTC].
    23:44:04.200 | 408 ool-1-worker-172 | DEBUG | .c.s.m.InstanceMessageReceiveService : Received schedule participant score for exercise 603 and participant 96 (result to be deleted: null)
    23:44:04.200 | 408 ool-1-worker-172 | DEBUG | .a.s.ParticipantScoreScheduleService : Scheduled task for exercise 603 and participant 96 at 2025-02-14T23:44:04.300488699Z[Etc/UTC].
    23:44:04.213 | 408 ool-1-worker-172 | DEBUG | .c.s.m.InstanceMessageReceiveService : Received schedule participant score for exercise 605 and participant 96 (result to be deleted: null)
    23:44:04.214 | 408 ool-1-worker-172 | DEBUG | .a.s.ParticipantScoreScheduleService : Scheduled task for exercise 605 and participant 96 at 2025-02-14T23:44:04.314050400Z[Etc/UTC].
    23:44:04.234 | 408 ool-1-worker-172 | DEBUG | .c.s.m.InstanceMessageReceiveService : Received schedule participant score for exercise 605 and participant 96 (result to be deleted: null)
    23:44:04.234 | 408 ool-1-worker-172 | DEBUG | .a.s.ParticipantScoreScheduleService : Scheduled task for exercise 605 and participant 96 at 2025-02-14T23:44:04.334450062Z[Etc/UTC].
    23:44:04.245 | 408 ool-1-worker-172 | INFO  | .c.a.a.c.s.TitleCacheEvictionService : Evicted entry '75' from title cache 'lectureTitle'
    23:44:04.290 | 408 ool-1-worker-172 | INFO  | i.z.t.d.l.EmbeddedDatabaseReporter   : JDBC URL to connect to 'dataSource': url='jdbc:h2:tcp://localhost:41063/mem:f240edcd-27ce-47a3-b4ab-a6a00c154135;USER=sa', scope='PyrisLectureIngestionTest#testErrorStageRemovesDeletionIngestionJob'
    23:44:04.292 | 600 taskScheduler-1  | DEBUG | .a.s.ParticipantScoreScheduleService : Processing exercise 602 and participant 96 to update participant scores.
    23:44:04.293 | 408 ool-1-worker-172 | INFO  | d.t.c.a.a.c.s.jwt.TokenProvider      : Invalid JWT token: artemislocal_ase_in_tum_de-unknown-1739576644291-MK3Ep1YiYb from source bearer
    23:44:04.293 | 408 ool-1-worker-172 | INFO  | d.t.c.a.a.c.s.jwt.TokenProvider      : Invalid JWT token: artemislocal_ase_in_tum_de-unknown-1739576644291-MK3Ep1YiYb from source bearer
    23:44:04.294 | 408 ool-1-worker-172 | DEBUG | d.t.c.a.a.c.s.f.ApiVersionFilter     : Adding Version to Request POST /api/public/pyris/webhooks/ingestion/runs/artemislocal_ase_in_tum_de-unknown-1739576644291-MK3Ep1YiYb/status
    23:44:04.298 | 600 taskScheduler-1  | DEBUG | .a.s.ParticipantScoreScheduleService : Updating the participant score for exercise 602 and participant 96 took 6 ms.

  Starting logs for PyrisLectureIngestionTest > testIngestLecturesButtonInPyris()
    23:44:04.310 | 408 ool-1-worker-172 | DEBUG | d.t.c.a.a.c.u.util.UserUtilService   : Generate 1 students...
    23:44:04.313 | 408 ool-1-worker-172 | DEBUG | d.t.c.a.a.c.u.util.UserUtilService   : 1 students generated. Generate 1 tutors...
    23:44:04.316 | 408 ool-1-worker-172 | DEBUG | d.t.c.a.a.c.u.util.UserUtilService   : 1 tutors generated. Generate 0 editors...
    23:44:04.317 | 408 ool-1-worker-172 | DEBUG | d.t.c.a.a.c.u.util.UserUtilService   : 0 editors generated. Generate 1 instructors...
    23:44:04.319 | 408 ool-1-worker-172 | DEBUG | d.t.c.a.a.c.u.util.UserUtilService   : 1 instructors generated
    23:44:04.321 | 408 ool-1-worker-172 | DEBUG | d.t.c.a.a.c.u.util.UserUtilService   : Removing 3 users from all courses...
    23:44:04.321 | 408 ool-1-worker-172 | DEBUG | d.t.c.a.a.c.u.util.UserUtilService   : Removing 3 users from all courses. Done
    23:44:04.321 | 408 ool-1-worker-172 | DEBUG | d.t.c.a.a.c.u.util.UserUtilService   : Save 3 users to database...
    23:44:04.324 | 408 ool-1-worker-172 | DEBUG | d.t.c.a.a.c.u.util.UserUtilService   : Save 3 users to database. Done
    23:44:04.353 | 408 ool-1-worker-172 | DEBUG | .c.s.m.InstanceMessageReceiveService : Received schedule participant score for exercise 607 and participant 96 (result to be deleted: null)
    23:44:04.354 | 408 ool-1-worker-172 | DEBUG | .a.s.ParticipantScoreScheduleService : Scheduled task for exercise 607 and participant 96 at 2025-02-14T23:44:04.454002428Z[Etc/UTC].
    23:44:04.354 | 408 ool-1-worker-172 | DEBUG | .c.s.m.InstanceMessageReceiveService : Received schedule participant score for exercise 607 and participant 96 (result to be deleted: null)
    23:44:04.354 | 408 ool-1-worker-172 | DEBUG | .a.s.ParticipantScoreScheduleService : Scheduled task for exercise 607 and participant 96 at 2025-02-14T23:44:04.454553015Z[Etc/UTC].
    23:44:04.355 | 408 ool-1-worker-172 | DEBUG | .c.s.m.InstanceMessageReceiveService : Received schedule participant score for exercise 608 and participant 96 (result to be deleted: null)
    23:44:04.355 | 408 ool-1-worker-172 | DEBUG | .a.s.ParticipantScoreScheduleService : Scheduled task for exercise 608 and participant 96 at 2025-02-14T23:44:04.455036717Z[Etc/UTC].
    23:44:04.355 | 408 ool-1-worker-172 | DEBUG | .c.s.m.InstanceMessageReceiveService : Received schedule participant score for exercise 610 and participant 96 (result to be deleted: null)
    23:44:04.355 | 408 ool-1-worker-172 | DEBUG | .a.s.ParticipantScoreScheduleService : Scheduled task for exercise 610 and participant 96 at 2025-02-14T23:44:04.455522293Z[Etc/UTC].
    23:44:04.355 | 408 ool-1-worker-172 | DEBUG | .c.s.m.InstanceMessageReceiveService : Received schedule participant score for exercise 610 and participant 96 (result to be deleted: null)
    23:44:04.356 | 408 ool-1-worker-172 | DEBUG | .a.s.ParticipantScoreScheduleService : Scheduled task for exercise 610 and participant 96 at 2025-02-14T23:44:04.456013669Z[Etc/UTC].
    23:44:04.364 | 408 ool-1-worker-172 | DEBUG | .c.s.m.InstanceMessageReceiveService : Received schedule participant score for exercise 607 and participant 96 (result to be deleted: null)
    23:44:04.364 | 408 ool-1-worker-172 | DEBUG | .a.s.ParticipantScoreScheduleService : Scheduled task for exercise 607 and participant 96 at 2025-02-14T23:44:04.464265337Z[Etc/UTC].
    23:44:04.372 | 408 ool-1-worker-172 | DEBUG | .c.s.m.InstanceMessageReceiveService : Received schedule participant score for exercise 607 and participant 96 (result to be deleted: null)
    23:44:04.372 | 408 ool-1-worker-172 | DEBUG | .a.s.ParticipantScoreScheduleService : Scheduled task for exercise 607 and participant 96 at 2025-02-14T23:44:04.472859003Z[Etc/UTC].
    23:44:04.381 | 408 ool-1-worker-172 | DEBUG | .c.s.m.InstanceMessageReceiveService : Received schedule participant score for exercise 608 and participant 96 (result to be deleted: null)
    23:44:04.381 | 408 ool-1-worker-172 | DEBUG | .a.s.ParticipantScoreScheduleService : Scheduled task for exercise 608 and participant 96 at 2025-02-14T23:44:04.481266992Z[Etc/UTC].
    23:44:04.389 | 408 ool-1-worker-172 | DEBUG | .c.s.m.InstanceMessageReceiveService : Received schedule participant score for exercise 610 and participant 96 (result to be deleted: null)
    23:44:04.389 | 408 ool-1-worker-172 | DEBUG | .a.s.ParticipantScoreScheduleService : Scheduled task for exercise 610 and participant 96 at 2025-02-14T23:44:04.489669612Z[Etc/UTC].
    23:44:04.397 | 408 ool-1-worker-172 | DEBUG | .c.s.m.InstanceMessageReceiveService : Received schedule participant score for exercise 610 and participant 96 (result to be deleted: null)
    23:44:04.397 | 408 ool-1-worker-172 | DEBUG | .a.s.ParticipantScoreScheduleService : Scheduled task for exercise 610 and participant 96 at 2025-02-14T23:44:04.497661115Z[Etc/UTC].
    23:44:04.401 | 408 ool-1-worker-172 | INFO  | .c.a.a.c.s.TitleCacheEvictionService : Evicted entry '77' from title cache 'lectureTitle'
    23:44:04.423 | 408 ool-1-worker-172 | INFO  | i.z.t.d.l.EmbeddedDatabaseReporter   : JDBC URL to connect to 'dataSource': url='jdbc:h2:tcp://localhost:41063/mem:f240edcd-27ce-47a3-b4ab-a6a00c154135;USER=sa', scope='PyrisLectureIngestionTest#testIngestLecturesButtonInPyris'
    23:44:04.426 | 408 ool-1-worker-172 | DEBUG | d.t.c.a.a.c.s.f.ApiVersionFilter     : Adding Version to Request POST /api/courses/389/ingest
    23:44:04.455 | 408 ool-1-worker-172 | ERROR | d.t.c.a.a.i.s.p.PyrisWebhookService  : Attachment 36 is not a file or is not of type pdf thus it will not be sent to Pyris

Finished logs for PyrisLectureIngestionTest

Starting logs for ReactionIntegrationTest

  Starting logs for ReactionIntegrationTest > testDeleteOwnVoteReaction()
    23:43:59.181 | 139 Pool-1-worker-54 | DEBUG | d.t.c.a.a.c.u.util.UserUtilService   : Generate 5 students...
    23:43:59.186 | 139 Pool-1-worker-54 | DEBUG | d.t.c.a.a.c.u.util.UserUtilService   : 5 students generated. Generate 5 tutors...
    23:43:59.192 | 139 Pool-1-worker-54 | DEBUG | d.t.c.a.a.c.u.util.UserUtilService   : 5 tutors generated. Generate 4 editors...
    23:43:59.195 | 139 Pool-1-worker-54 | DEBUG | d.t.c.a.a.c.u.util.UserUtilService   : 4 editors generated. Generate 4 instructors...
    23:43:59.201 | 139 Pool-1-worker-54 | DEBUG | d.t.c.a.a.c.u.util.UserUtilService   : 4 instructors generated
    23:43:59.207 | 139 Pool-1-worker-54 | DEBUG | d.t.c.a.a.c.u.util.UserUtilService   : Removing 3 users from all courses...
    23:43:59.208 | 139 Pool-1-worker-54 | DEBUG | d.t.c.a.a.c.u.util.UserUtilService   : Removing 3 users from all courses. Done
    23:43:59.208 | 139 Pool-1-worker-54 | DEBUG | d.t.c.a.a.c.u.util.UserUtilService   : Save 18 users to database...
    23:43:59.223 | 139 Pool-1-worker-54 | DEBUG | d.t.c.a.a.c.u.util.UserUtilService   : Save 18 users to database. Done

Finished logs for StudentExamIntegrationTest
    23:43:59.346 | 139 Pool-1-worker-54 | INFO  | i.z.t.d.l.EmbeddedDatabaseReporter   : JDBC URL to connect to 'dataSource': url='jdbc:h2:tcp://localhost:41063/mem:df70fc46-7e57-4cb5-9cd0-c1d90c14afa7;USER=sa', scope='ReactionIntegrationTest#testDeleteOwnVoteReaction'
    23:43:59.349 | 139 Pool-1-worker-54 | DEBUG | d.t.c.a.a.c.s.f.ApiVersionFilter     : Adding Version to Request POST /api/courses/1115/postings/reactions
    23:43:59.376 | 139 Pool-1-worker-54 | DEBUG | d.t.c.a.a.c.s.f.ApiVersionFilter     : Adding Version to Request DELETE /api/courses/1115/postings/reactions/18

  Starting logs for ReactionIntegrationTest > testDeletePostReactionOfOthers_forbidden()
    23:43:59.460 | 139 Pool-1-worker-54 | DEBUG | d.t.c.a.a.c.u.util.UserUtilService   : Generate 5 students...
    23:43:59.477 | 139 Pool-1-worker-54 | DEBUG | d.t.c.a.a.c.u.util.UserUtilService   : 5 students generated. Generate 5 tutors...
    23:43:59.499 | 139 Pool-1-worker-54 | DEBUG | d.t.c.a.a.c.u.util.UserUtilService   : 5 tutors generated. Generate 4 editors...
    23:43:59.519 | 139 Pool-1-worker-54 | DEBUG | d.t.c.a.a.c.u.util.UserUtilService   : 4 editors generated. Generate 4 instructors...
    23:43:59.532 | 139 Pool-1-worker-54 | DEBUG | d.t.c.a.a.c.u.util.UserUtilService   : 4 instructors generated
    23:43:59.537 | 139 Pool-1-worker-54 | DEBUG | d.t.c.a.a.c.u.util.UserUtilService   : Removing 18 users from all courses...
    23:43:59.539 | 139 Pool-1-worker-54 | DEBUG | d.t.c.a.a.c.u.util.UserUtilService   : Removing 18 users from all courses. Done
    23:43:59.539 | 139 Pool-1-worker-54 | DEBUG | d.t.c.a.a.c.u.util.UserUtilService   : Save 18 users to database...
    23:43:59.602 | 139 Pool-1-worker-54 | DEBUG | d.t.c.a.a.c.u.util.UserUtilService   : Save 18 users to database. Done
    23:43:59.692 | 139 Pool-1-worker-54 | INFO  | i.z.t.d.l.EmbeddedDatabaseReporter   : JDBC URL to connect to 'dataSource': url='jdbc:h2:tcp://localhost:41063/mem:df70fc46-7e57-4cb5-9cd0-c1d90c14afa7;USER=sa', scope='ReactionIntegrationTest#testDeletePostReactionOfOthers_forbidden'
    23:43:59.699 | 139 Pool-1-worker-54 | DEBUG | d.t.c.a.a.c.s.f.ApiVersionFilter     : Adding Version to Request DELETE /api/courses/1116/postings/reactions/19
    23:43:59.704 | 139 Pool-1-worker-54 | WARN  | o.z.p.spring.common.AdviceTraits     : Forbidden: You are not allowed to access the Reaction with id 19

  Starting logs for ReactionIntegrationTest > testCreateMultipleOwnAnswerPostReaction_internalServerError()
    23:43:59.720 | 139 Pool-1-worker-54 | DEBUG | d.t.c.a.a.c.u.util.UserUtilService   : Generate 5 students...
    23:43:59.727 | 139 Pool-1-worker-54 | DEBUG | d.t.c.a.a.c.u.util.UserUtilService   : 5 students generated. Generate 5 tutors...
    23:43:59.735 | 139 Pool-1-worker-54 | DEBUG | d.t.c.a.a.c.u.util.UserUtilService   : 5 tutors generated. Generate 4 editors...
    23:43:59.741 | 139 Pool-1-worker-54 | DEBUG | d.t.c.a.a.c.u.util.UserUtilService   : 4 editors generated. Generate 4 instructors...
    23:43:59.747 | 139 Pool-1-worker-54 | DEBUG | d.t.c.a.a.c.u.util.UserUtilService   : 4 instructors generated
    23:43:59.749 | 139 Pool-1-worker-54 | DEBUG | d.t.c.a.a.c.u.util.UserUtilService   : Removing 18 users from all courses...
    23:43:59.751 | 139 Pool-1-worker-54 | DEBUG | d.t.c.a.a.c.u.util.UserUtilService   : Removing 18 users from all courses. Done
    23:43:59.751 | 139 Pool-1-worker-54 | DEBUG | d.t.c.a.a.c.u.util.UserUtilService   : Save 18 users to database...
    23:43:59.762 | 139 Pool-1-worker-54 | DEBUG | d.t.c.a.a.c.u.util.UserUtilService   : Save 18 users to database. Done
    23:43:59.835 | 139 Pool-1-worker-54 | INFO  | i.z.t.d.l.EmbeddedDatabaseReporter   : JDBC URL to connect to 'dataSource': url='jdbc:h2:tcp://localhost:41063/mem:df70fc46-7e57-4cb5-9cd0-c1d90c14afa7;USER=sa', scope='ReactionIntegrationTest#testCreateMultipleOwnAnswerPostReaction_internalServerError'
    23:43:59.837 | 139 Pool-1-worker-54 | DEBUG | d.t.c.a.a.c.s.f.ApiVersionFilter     : Adding Version to Request POST /api/courses/1117/postings/reactions
    23:43:59.859 | 139 Pool-1-worker-54 | DEBUG | d.t.c.a.a.c.s.f.ApiVersionFilter     : Adding Version to Request POST /api/courses/1117/postings/reactions
    23:43:59.868 | 139 Pool-1-worker-54 | WARN  | o.h.e.jdbc.spi.SqlExceptionHelper    : SQL Error: 23505, SQLState: 23505
    23:43:59.868 | 139 Pool-1-worker-54 | ERROR | o.h.e.jdbc.spi.SqlExceptionHelper    : Unique index or primary key violation: "PUBLIC.UNIQUE_ANSWER_POST_REACTION ON PUBLIC.REACTION(EMOJI_ID NULLS FIRST, USER_ID NULLS FIRST, ANSWER_POST_ID NULLS FIRST) VALUES ( /* key:20 */ 'smiley', CAST(204 AS BIGINT), CAST(417 AS BIGINT))"; SQL statement:
insert into reaction (answer_post_id,creation_date,emoji_id,post_id,user_id,id) values (?,?,?,?,?,default) [23505-224]
    23:43:59.875 | 139 Pool-1-worker-54 | WARN  | d.t.c.a.a.c.web.ReactionResource     : could not execute statement [Unique index or primary key violation: "PUBLIC.UNIQUE_ANSWER_POST_REACTION ON PUBLIC.REACTION(EMOJI_ID NULLS FIRST, USER_ID NULLS FIRST, ANSWER_POST_ID NULLS FIRST) VALUES ( /* key:20 */ 'smiley', CAST(204 AS BIGINT), CAST(417 AS BIGINT))"; SQL statement:
insert into reaction (answer_post_id,creation_date,emoji_id,post_id,user_id,id) values (?,?,?,?,?,default) [23505-224]] [insert into reaction (answer_post_id,creation_date,emoji_id,post_id,user_id,id) values (?,?,?,?,?,default)]; SQL [insert into reaction (answer_post_id,creation_date,emoji_id,post_id,user_id,id) values (?,?,?,?,?,default)]; constraint ["PUBLIC.UNIQUE_ANSWER_POST_REACTION ON PUBLIC.REACTION(EMOJI_ID NULLS FIRST, USER_ID NULLS FIRST, ANSWER_POST_ID NULLS FIRST) VALUES ( /* key:20 */ 'smiley', CAST(204 AS BIGINT), CAST(417 AS BIGINT))"; SQL statement:
insert into reaction (answer_post_id,creation_date,emoji_id,post_id,user_id,id) values (?,?,?,?,?,default) [23505-224]]
org.springframework.dao.DataIntegrityViolationException: could not execute statement [Unique index or primary key violation: "PUBLIC.UNIQUE_ANSWER_POST_REACTION ON PUBLIC.REACTION(EMOJI_ID NULLS FIRST, USER_ID NULLS FIRST, ANSWER_POST_ID NULLS FIRST) VALUES ( /* key:20 */ 'smiley', CAST(204 AS BIGINT), CAST(417 AS BIGINT))"; SQL statement:
insert into reaction (answer_post_id,creation_date,emoji_id,post_id,user_id,id) values (?,?,?,?,?,default) [23505-224]] [insert into reaction (answer_post_id,creation_date,emoji_id,post_id,user_id,id) values (?,?,?,?,?,default)]; SQL [insert into reaction (answer_post_id,creation_date,emoji_id,post_id,user_id,id) values (?,?,?,?,?,default)]; constraint ["PUBLIC.UNIQUE_ANSWER_POST_REACTION ON PUBLIC.REACTION(EMOJI_ID NULLS FIRST, USER_ID NULLS FIRST, ANSWER_POST_ID NULLS FIRST) VALUES ( /* key:20 */ 'smiley', CAST(204 AS BIGINT), CAST(417 AS BIGINT))"; SQL statement:
insert into reaction (answer_post_id,creation_date,emoji_id,post_id,user_id,id) values (?,?,?,?,?,default) [23505-224]]
	at org.springframework.orm.jpa.vendor.HibernateJpaDialect.convertHibernateAccessException(HibernateJpaDialect.java:290)
	at org.springframework.orm.jpa.vendor.HibernateJpaDialect.translateExceptionIfPossible(HibernateJpaDialect.java:241)
	at org.springframework.orm.jpa.AbstractEntityManagerFactoryBean.translateExceptionIfPossible(AbstractEntityManagerFactoryBean.java:560)
	at org.springframework.dao.support.ChainedPersistenceExceptionTranslator.translateExceptionIfPossible(ChainedPersistenceExceptionTranslator.java:61)
	at org.springframework.dao.support.DataAccessUtils.translateIfNecessary(DataAccessUtils.java:343)
	at org.springframework.dao.support.PersistenceExceptionTranslationInterceptor.invoke(PersistenceExceptionTranslationInterceptor.java:160)
	at org.springframework.aop.framework.ReflectiveMethodInvocation.proceed(ReflectiveMethodInvocation.java:184)
	at org.springframework.data.jpa.repository.support.CrudMethodMetadataPostProcessor$CrudMethodMetadataPopulatingMethodInterceptor.invoke(CrudMethodMetadataPostProcessor.java:165)
	at org.springframework.aop.framework.ReflectiveMethodInvocation.proceed(ReflectiveMethodInvocation.java:184)
	at org.springframework.aop.framework.JdkDynamicAopProxy.invoke(JdkDynamicAopProxy.java:223)
	at jdk.proxy3/jdk.proxy3.$Proxy401.save(Unknown Source)
	at de.tum.cit.aet.artemis.communication.service.ReactionService.createReactionForAnswer(ReactionService.java:168)
	at de.tum.cit.aet.artemis.communication.service.ReactionService.createReaction(ReactionService.java:94)
	at de.tum.cit.aet.artemis.communication.web.ReactionResource.createReaction(ReactionResource.java:54)
	at java.base/jdk.internal.reflect.DirectMethodHandleAccessor.invoke(DirectMethodHandleAccessor.java:103)
	at java.base/java.lang.reflect.Method.invoke(Method.java:580)
	at org.springframework.aop.support.AopUtils.invokeJoinpointUsingReflection(AopUtils.java:359)
	at org.springframework.aop.framework.ReflectiveMethodInvocation.invokeJoinpoint(ReflectiveMethodInvocation.java:196)
	at org.springframework.aop.framework.ReflectiveMethodInvocation.proceed(ReflectiveMethodInvocation.java:163)
	at org.springframework.security.authorization.method.AuthorizationManagerBeforeMethodInterceptor.proceed(AuthorizationManagerBeforeMethodInterceptor.java:268)
	at org.springframework.security.authorization.method.AuthorizationManagerBeforeMethodInterceptor.attemptAuthorization(AuthorizationManagerBeforeMethodInterceptor.java:263)
	at org.springframework.security.authorization.method.AuthorizationManagerBeforeMethodInterceptor.invoke(AuthorizationManagerBeforeMethodInterceptor.java:196)
	at org.springframework.security.config.annotation.method.configuration.DeferringMethodInterceptor.invoke(DeferringMethodInterceptor.java:44)
	at org.springframework.aop.framework.ReflectiveMethodInvocation.proceed(ReflectiveMethodInvocation.java:184)
	at org.springframework.aop.framework.CglibAopProxy$DynamicAdvisedInterceptor.intercept(CglibAopProxy.java:727)
	at de.tum.cit.aet.artemis.communication.web.ReactionResource$$SpringCGLIB$$0.createReaction(<generated>)
	at java.base/jdk.internal.reflect.DirectMethodHandleAccessor.invoke(DirectMethodHandleAccessor.java:103)
	at java.base/java.lang.reflect.Method.invoke(Method.java:580)
	at org.springframework.web.method.support.InvocableHandlerMethod.doInvoke(InvocableHandlerMethod.java:257)
	at org.springframework.web.method.support.InvocableHandlerMethod.invokeForRequest(InvocableHandlerMethod.java:190)
	at org.springframework.web.servlet.mvc.method.annotation.ServletInvocableHandlerMethod.invokeAndHandle(ServletInvocableHandlerMethod.java:118)
	at org.springframework.web.servlet.mvc.method.annotation.RequestMappingHandlerAdapter.invokeHandlerMethod(RequestMappingHandlerAdapter.java:986)
	at org.springframework.web.servlet.mvc.method.annotation.RequestMappingHandlerAdapter.handleInternal(RequestMappingHandlerAdapter.java:891)
	at org.springframework.web.servlet.mvc.method.AbstractHandlerMethodAdapter.handle(AbstractHandlerMethodAdapter.java:87)
	at org.springframework.web.servlet.DispatcherServlet.doDispatch(DispatcherServlet.java:1088)
	at org.springframework.web.servlet.DispatcherServlet.doService(DispatcherServlet.java:978)
	at org.springframework.web.servlet.FrameworkServlet.processRequest(FrameworkServlet.java:1014)
	at org.springframework.web.servlet.FrameworkServlet.doPost(FrameworkServlet.java:914)
	at jakarta.servlet.http.HttpServlet.service(HttpServlet.java:547)
	at org.springframework.web.servlet.FrameworkServlet.service(FrameworkServlet.java:885)
	at org.springframework.test.web.servlet.TestDispatcherServlet.service(TestDispatcherServlet.java:72)
	at jakarta.servlet.http.HttpServlet.service(HttpServlet.java:614)
	at org.springframework.mock.web.MockFilterChain$ServletFilterProxy.doFilter(MockFilterChain.java:165)
	at org.springframework.mock.web.MockFilterChain.doFilter(MockFilterChain.java:132)
	at org.springframework.web.filter.OncePerRequestFilter.doFilter(OncePerRequestFilter.java:110)
	at org.springframework.test.web.servlet.setup.MockMvcFilterDecorator.doFilter(MockMvcFilterDecorator.java:162)
	at org.springframework.mock.web.MockFilterChain.doFilter(MockFilterChain.java:132)
	at de.tum.cit.aet.artemis.core.security.filter.ApiVersionFilter.doFilter(ApiVersionFilter.java:55)
	at org.springframework.test.web.servlet.setup.MockMvcFilterDecorator.doFilter(MockMvcFilterDecorator.java:162)
	at org.springframework.mock.web.MockFilterChain.doFilter(MockFilterChain.java:132)
	at io.sentry.spring.jakarta.SentryUserFilter.doFilterInternal(SentryUserFilter.java:56)
	at org.springframework.web.filter.OncePerRequestFilter.doFilter(OncePerRequestFilter.java:116)
	at org.springframework.test.web.servlet.setup.MockMvcFilterDecorator.doFilter(MockMvcFilterDecorator.java:162)
	at org.springframework.mock.web.MockFilterChain.doFilter(MockFilterChain.java:132)
	at org.springframework.web.filter.CompositeFilter$VirtualFilterChain.doFilter(CompositeFilter.java:108)
	at org.springframework.security.web.FilterChainProxy.lambda$doFilterInternal$3(FilterChainProxy.java:231)
	at org.springframework.security.web.ObservationFilterChainDecorator$FilterObservation$SimpleFilterObservation.lambda$wrap$1(ObservationFilterChainDecorator.java:479)
	at org.springframework.security.web.ObservationFilterChainDecorator$AroundFilterObservation$SimpleAroundFilterObservation.lambda$wrap$1(ObservationFilterChainDecorator.java:340)
	at org.springframework.security.web.ObservationFilterChainDecorator.lambda$wrapSecured$0(ObservationFilterChainDecorator.java:82)
	at org.springframework.security.web.ObservationFilterChainDecorator$VirtualFilterChain.doFilter(ObservationFilterChainDecorator.java:128)
	at org.springframework.security.web.access.intercept.AuthorizationFilter.doFilter(AuthorizationFilter.java:101)
	at org.springframework.security.web.ObservationFilterChainDecorator$ObservationFilter.wrapFilter(ObservationFilterChainDecorator.java:240)
	at org.springframework.security.web.ObservationFilterChainDecorator$ObservationFilter.doFilter(ObservationFilterChainDecorator.java:227)
	at org.springframework.security.web.ObservationFilterChainDecorator$VirtualFilterChain.doFilter(ObservationFilterChainDecorator.java:137)
	at org.springframework.security.web.access.ExceptionTranslationFilter.doFilter(ExceptionTranslationFilter.java:126)
	at org.springframework.security.web.access.ExceptionTranslationFilter.doFilter(ExceptionTranslationFilter.java:120)
	at org.springframework.security.web.ObservationFilterChainDecorator$ObservationFilter.wrapFilter(ObservationFilterChainDecorator.java:240)
	at org.springframework.security.web.ObservationFilterChainDecorator$ObservationFilter.doFilter(ObservationFilterChainDecorator.java:227)
	at org.springframework.security.web.ObservationFilterChainDecorator$VirtualFilterChain.doFilter(ObservationFilterChainDecorator.java:137)
	at org.springframework.security.web.session.SessionManagementFilter.doFilter(SessionManagementFilter.java:131)
	at org.springframework.security.web.session.SessionManagementFilter.doFilter(SessionManagementFilter.java:85)
	at org.springframework.security.web.ObservationFilterChainDecorator$ObservationFilter.wrapFilter(ObservationFilterChainDecorator.java:240)
	at org.springframework.security.web.ObservationFilterChainDecorator$ObservationFilter.doFilter(ObservationFilterChainDecorator.java:227)
	at org.springframework.security.web.ObservationFilterChainDecorator$VirtualFilterChain.doFilter(ObservationFilterChainDecorator.java:137)
	at org.springframework.security.web.authentication.AnonymousAuthenticationFilter.doFilter(AnonymousAuthenticationFilter.java:100)
	at org.springframework.security.web.ObservationFilterChainDecorator$ObservationFilter.wrapFilter(ObservationFilterChainDecorator.java:240)
	at org.springframework.security.web.ObservationFilterChainDecorator$ObservationFilter.doFilter(ObservationFilterChainDecorator.java:227)
	at org.springframework.security.web.ObservationFilterChainDecorator$VirtualFilterChain.doFilter(ObservationFilterChainDecorator.java:137)
	at org.springframework.security.web.servletapi.SecurityContextHolderAwareRequestFilter.doFilter(SecurityContextHolderAwareRequestFilter.java:179)
	at org.springframework.security.web.ObservationFilterChainDecorator$ObservationFilter.wrapFilter(ObservationFilterChainDecorator.java:240)
	at org.springframework.security.web.ObservationFilterChainDecorator$ObservationFilter.doFilter(ObservationFilterChainDecorator.java:227)
	at org.springframework.security.web.ObservationFilterChainDecorator$VirtualFilterChain.doFilter(ObservationFilterChainDecorator.java:137)
	at org.springframework.security.web.savedrequest.RequestCacheAwareFilter.doFilter(RequestCacheAwareFilter.java:63)
	at org.springframework.security.web.ObservationFilterChainDecorator$ObservationFilter.wrapFilter(ObservationFilterChainDecorator.java:240)
	at org.springframework.security.web.ObservationFilterChainDecorator$ObservationFilter.doFilter(ObservationFilterChainDecorator.java:227)
	at org.springframework.security.web.ObservationFilterChainDecorator$VirtualFilterChain.doFilter(ObservationFilterChainDecorator.java:137)
	at de.tum.cit.aet.artemis.core.security.filter.SpaWebFilter.doFilterInternal(SpaWebFilter.java:23)
	at org.springframework.web.filter.OncePerRequestFilter.doFilter(OncePerRequestFilter.java:116)
	at org.springframework.security.web.ObservationFilterChainDecorator$ObservationFilter.wrapFilter(ObservationFilterChainDecorator.java:240)
	at org.springframework.security.web.ObservationFilterChainDecorator$ObservationFilter.doFilter(ObservationFilterChainDecorator.java:227)
	at org.springframework.security.web.ObservationFilterChainDecorator$VirtualFilterChain.doFilter(ObservationFilterChainDecorator.java:137)
	at org.springframework.web.filter.OncePerRequestFilter.doFilter(OncePerRequestFilter.java:110)
	at org.springframework.security.web.ObservationFilterChainDecorator$ObservationFilter.wrapFilter(ObservationFilterChainDecorator.java:240)
	at org.springframework.security.web.ObservationFilterChainDecorator$ObservationFilter.doFilter(ObservationFilterChainDecorator.java:227)
	at org.springframework.security.web.ObservationFilterChainDecorator$VirtualFilterChain.doFilter(ObservationFilterChainDecorator.java:137)
	at de.tum.cit.aet.artemis.lti.config.Lti13LaunchFilter.doFilterInternal(Lti13LaunchFilter.java:60)
	at org.springframework.web.filter.OncePerRequestFilter.doFilter(OncePerRequestFilter.java:116)
	at org.springframework.security.web.ObservationFilterChainDecorator$ObservationFilter.wrapFilter(ObservationFilterChainDecorator.java:240)
	at org.springframework.security.web.ObservationFilterChainDecorator$ObservationFilter.doFilter(ObservationFilterChainDecorator.java:227)
	at org.springframework.security.web.ObservationFilterChainDecorator$VirtualFilterChain.doFilter(ObservationFilterChainDecorator.java:137)
	at de.tum.cit.aet.artemis.core.security.jwt.JWTFilter.doFilter(JWTFilter.java:55)
	at org.springframework.security.web.ObservationFilterChainDecorator$ObservationFilter.wrapFilter(ObservationFilterChainDecorator.java:240)
	at org.springframework.security.web.ObservationFilterChainDecorator$ObservationFilter.doFilter(ObservationFilterChainDecorator.java:227)
	at org.springframework.security.web.ObservationFilterChainDecorator$VirtualFilterChain.doFilter(ObservationFilterChainDecorator.java:137)
	at de.tum.cit.aet.artemis.core.security.jwt.JWTFilter.doFilter(JWTFilter.java:55)
	at org.springframework.security.web.ObservationFilterChainDecorator$ObservationFilter.wrapFilter(ObservationFilterChainDecorator.java:240)
	at org.springframework.security.web.ObservationFilterChainDecorator$ObservationFilter.doFilter(ObservationFilterChainDecorator.java:227)
	at org.springframework.security.web.ObservationFilterChainDecorator$VirtualFilterChain.doFilter(ObservationFilterChainDecorator.java:137)
	at org.springframework.web.filter.CorsFilter.doFilterInternal(CorsFilter.java:91)
	at org.springframework.web.filter.OncePerRequestFilter.doFilter(OncePerRequestFilter.java:116)
	at org.springframework.security.web.ObservationFilterChainDecorator$ObservationFilter.wrapFilter(ObservationFilterChainDecorator.java:240)
	at org.springframework.security.web.ObservationFilterChainDecorator$ObservationFilter.doFilter(ObservationFilterChainDecorator.java:227)
	at org.springframework.security.web.ObservationFilterChainDecorator$VirtualFilterChain.doFilter(ObservationFilterChainDecorator.java:137)
	at org.springframework.web.filter.OncePerRequestFilter.doFilter(OncePerRequestFilter.java:110)
	at org.springframework.security.web.ObservationFilterChainDecorator$ObservationFilter.wrapFilter(ObservationFilterChainDecorator.java:240)
	at org.springframework.security.web.ObservationFilterChainDecorator$ObservationFilter.doFilter(ObservationFilterChainDecorator.java:227)
	at org.springframework.security.web.ObservationFilterChainDecorator$VirtualFilterChain.doFilter(ObservationFilterChainDecorator.java:137)
	at uk.ac.ox.ctl.lti13.security.oauth2.client.lti.web.OAuth2AuthorizationRequestRedirectFilter.doFilterInternal(OAuth2AuthorizationRequestRedirectFilter.java:142)
	at org.springframework.web.filter.OncePerRequestFilter.doFilter(OncePerRequestFilter.java:116)
	at org.springframework.security.web.ObservationFilterChainDecorator$ObservationFilter.wrapFilter(ObservationFilterChainDecorator.java:240)
	at org.springframework.security.web.ObservationFilterChainDecorator$ObservationFilter.doFilter(ObservationFilterChainDecorator.java:227)
	at org.springframework.security.web.ObservationFilterChainDecorator$VirtualFilterChain.doFilter(ObservationFilterChainDecorator.java:137)
	at org.springframework.security.web.authentication.logout.LogoutFilter.doFilter(LogoutFilter.java:107)
	at org.springframework.security.web.authentication.logout.LogoutFilter.doFilter(LogoutFilter.java:93)
	at org.springframework.security.web.ObservationFilterChainDecorator$ObservationFilter.wrapFilter(ObservationFilterChainDecorator.java:240)
	at org.springframework.security.web.ObservationFilterChainDecorator$ObservationFilter.doFilter(ObservationFilterChainDecorator.java:227)
	at org.springframework.security.web.ObservationFilterChainDecorator$VirtualFilterChain.doFilter(ObservationFilterChainDecorator.java:137)
	at org.springframework.security.web.header.HeaderWriterFilter.doHeadersAfter(HeaderWriterFilter.java:90)
	at org.springframework.security.web.header.HeaderWriterFilter.doFilterInternal(HeaderWriterFilter.java:75)
	at org.springframework.web.filter.OncePerRequestFilter.doFilter(OncePerRequestFilter.java:116)
	at org.springframework.security.web.ObservationFilterChainDecorator$ObservationFilter.wrapFilter(ObservationFilterChainDecorator.java:240)
	at org.springframework.security.web.ObservationFilterChainDecorator$ObservationFilter.doFilter(ObservationFilterChainDecorator.java:227)
	at org.springframework.security.web.ObservationFilterChainDecorator$VirtualFilterChain.doFilter(ObservationFilterChainDecorator.java:137)
	at org.springframework.security.web.context.SecurityContextHolderFilter.doFilter(SecurityContextHolderFilter.java:82)
	at org.springframework.security.web.context.SecurityContextHolderFilter.doFilter(SecurityContextHolderFilter.java:69)
	at org.springframework.security.web.ObservationFilterChainDecorator$ObservationFilter.wrapFilter(ObservationFilterChainDecorator.java:240)
	at org.springframework.security.web.ObservationFilterChainDecorator$ObservationFilter.doFilter(ObservationFilterChainDecorator.java:227)
	at org.springframework.security.web.ObservationFilterChainDecorator$VirtualFilterChain.doFilter(ObservationFilterChainDecorator.java:137)
	at org.springframework.security.web.context.request.async.WebAsyncManagerIntegrationFilter.doFilterInternal(WebAsyncManagerIntegrationFilter.java:62)
	at org.springframework.web.filter.OncePerRequestFilter.doFilter(OncePerRequestFilter.java:116)
	at org.springframework.security.web.ObservationFilterChainDecorator$ObservationFilter.wrapFilter(ObservationFilterChainDecorator.java:240)
	at org.springframework.security.web.ObservationFilterChainDecorator$ObservationFilter.doFilter(ObservationFilterChainDecorator.java:227)
	at org.springframework.security.web.ObservationFilterChainDecorator$VirtualFilterChain.doFilter(ObservationFilterChainDecorator.java:137)
	at org.springframework.security.web.session.DisableEncodeUrlFilter.doFilterInternal(DisableEncodeUrlFilter.java:42)
	at org.springframework.web.filter.OncePerRequestFilter.doFilter(OncePerRequestFilter.java:116)
	at org.springframework.security.web.ObservationFilterChainDecorator$ObservationFilter.wrapFilter(ObservationFilterChainDecorator.java:240)
	at org.springframework.security.web.ObservationFilterChainDecorator$AroundFilterObservation$SimpleAroundFilterObservation.lambda$wrap$0(ObservationFilterChainDecorator.java:323)
	at org.springframework.security.web.ObservationFilterChainDecorator$ObservationFilter.doFilter(ObservationFilterChainDecorator.java:224)
	at org.springframework.security.web.ObservationFilterChainDecorator$VirtualFilterChain.doFilter(ObservationFilterChainDecorator.java:137)
	at org.springframework.security.web.FilterChainProxy.doFilterInternal(FilterChainProxy.java:233)
	at org.springframework.security.web.FilterChainProxy.doFilter(FilterChainProxy.java:191)
	at org.springframework.web.filter.CompositeFilter$VirtualFilterChain.doFilter(CompositeFilter.java:113)
	at org.springframework.web.servlet.handler.HandlerMappingIntrospector.lambda$createCacheFilter$3(HandlerMappingIntrospector.java:243)
	at org.springframework.web.filter.CompositeFilter$VirtualFilterChain.doFilter(CompositeFilter.java:113)
	at org.springframework.web.filter.CompositeFilter.doFilter(CompositeFilter.java:74)
	at org.springframework.security.config.annotation.web.configuration.WebMvcSecurityConfiguration$CompositeFilterChainProxy.doFilter(WebMvcSecurityConfiguration.java:238)
	at org.springframework.web.filter.DelegatingFilterProxy.invokeDelegate(DelegatingFilterProxy.java:362)
	at org.springframework.web.filter.DelegatingFilterProxy.doFilter(DelegatingFilterProxy.java:278)
	at org.springframework.test.web.servlet.setup.MockMvcFilterDecorator.doFilter(MockMvcFilterDecorator.java:162)
	at org.springframework.mock.web.MockFilterChain.doFilter(MockFilterChain.java:132)
	at org.springframework.web.filter.RequestContextFilter.doFilterInternal(RequestContextFilter.java:100)
]]></system-out>
  <system-err><![CDATA[]]></system-err>
</testsuite>
