<?xml version="1.0" encoding="UTF-8"?>
<testsuite name="de.tum.cit.aet.artemis.atlas.service.LearningObjectServiceTest" tests="7" skipped="0" failures="0" errors="0" timestamp="2025-02-14T23:43:23" hostname="fv-az1721-502" time="0.458">
  <properties/>
  <testcase name="testIsCompletedByUserInvalidLearningObject()" classname="de.tum.cit.aet.artemis.atlas.service.LearningObjectServiceTest" time="0.086"/>
  <testcase name="testIsCompletedByUserLectureUnit(boolean) [1] true" classname="de.tum.cit.aet.artemis.atlas.service.LearningObjectServiceTest" time="0.05"/>
  <testcase name="testIsCompletedByUserLectureUnit(boolean) [2] false" classname="de.tum.cit.aet.artemis.atlas.service.LearningObjectServiceTest" time="0.042"/>
  <testcase name="testIsCompletedByUserExercise(boolean) [1] true" classname="de.tum.cit.aet.artemis.atlas.service.LearningObjectServiceTest" time="0.069"/>
  <testcase name="testIsCompletedByUserExercise(boolean) [2] false" classname="de.tum.cit.aet.artemis.atlas.service.LearningObjectServiceTest" time="0.077"/>
  <testcase name="testIsCompletedByUserManuallyAssessedExercise(boolean) [1] true" classname="de.tum.cit.aet.artemis.atlas.service.LearningObjectServiceTest" time="0.05"/>
  <testcase name="testIsCompletedByUserManuallyAssessedExercise(boolean) [2] false" classname="de.tum.cit.aet.artemis.atlas.service.LearningObjectServiceTest" time="0.067"/>
  <system-out><![CDATA[
Starting logs for LearningObjectServiceTest

  Starting logs for LearningObjectServiceTest > testIsCompletedByUserInvalidLearningObject()
    23:43:23.067 | 127 Pool-1-worker-42 | DEBUG | d.t.c.a.a.c.u.util.UserUtilService   : Generate 1 students...
    23:43:23.071 | 127 Pool-1-worker-42 | DEBUG | d.t.c.a.a.c.u.util.UserUtilService   : 1 students generated. Generate 0 tutors...
    23:43:23.076 | 127 Pool-1-worker-42 | DEBUG | d.t.c.a.a.c.u.util.UserUtilService   : 0 tutors generated. Generate 0 editors...
    23:43:23.077 | 127 Pool-1-worker-42 | DEBUG | d.t.c.a.a.c.u.util.UserUtilService   : 0 editors generated. Generate 0 instructors...
    23:43:23.085 | 127 Pool-1-worker-42 | DEBUG | d.t.c.a.a.c.u.util.UserUtilService   : 0 instructors generated
    23:43:23.088 | 127 Pool-1-worker-42 | DEBUG | d.t.c.a.a.c.u.util.UserUtilService   : Removing 2 users from all courses...
    23:43:23.088 | 127 Pool-1-worker-42 | DEBUG | d.t.c.a.a.c.u.util.UserUtilService   : Removing 2 users from all courses. Done
    23:43:23.088 | 127 Pool-1-worker-42 | DEBUG | d.t.c.a.a.c.u.util.UserUtilService   : Save 1 users to database...
    23:43:23.095 | 127 Pool-1-worker-42 | DEBUG | d.t.c.a.a.c.u.util.UserUtilService   : Save 1 users to database. Done
    23:43:23.130 | 127 Pool-1-worker-42 | INFO  | i.z.t.d.l.EmbeddedDatabaseReporter   : JDBC URL to connect to 'dataSource': url='jdbc:h2:tcp://localhost:41063/mem:df70fc46-7e57-4cb5-9cd0-c1d90c14afa7;USER=sa', scope='LearningObjectServiceTest#testIsCompletedByUserInvalidLearningObject'

  Starting logs for LearningObjectServiceTest > testIsCompletedByUserLectureUnit(boolean) [1] true
    23:43:23.152 | 127 Pool-1-worker-42 | DEBUG | d.t.c.a.a.c.u.util.UserUtilService   : Generate 1 students...
    23:43:23.155 | 127 Pool-1-worker-42 | DEBUG | d.t.c.a.a.c.u.util.UserUtilService   : 1 students generated. Generate 0 tutors...
    23:43:23.157 | 127 Pool-1-worker-42 | DEBUG | d.t.c.a.a.c.u.util.UserUtilService   : 0 tutors generated. Generate 0 editors...
    23:43:23.158 | 127 Pool-1-worker-42 | DEBUG | d.t.c.a.a.c.u.util.UserUtilService   : 0 editors generated. Generate 0 instructors...
    23:43:23.159 | 127 Pool-1-worker-42 | DEBUG | d.t.c.a.a.c.u.util.UserUtilService   : 0 instructors generated
    23:43:23.161 | 127 Pool-1-worker-42 | DEBUG | d.t.c.a.a.c.u.util.UserUtilService   : Removing 1 users from all courses...
    23:43:23.161 | 127 Pool-1-worker-42 | DEBUG | d.t.c.a.a.c.u.util.UserUtilService   : Removing 1 users from all courses. Done
    23:43:23.161 | 127 Pool-1-worker-42 | DEBUG | d.t.c.a.a.c.u.util.UserUtilService   : Save 1 users to database...
    23:43:23.165 | 127 Pool-1-worker-42 | DEBUG | d.t.c.a.a.c.u.util.UserUtilService   : Save 1 users to database. Done
    23:43:23.185 | 127 Pool-1-worker-42 | INFO  | i.z.t.d.l.EmbeddedDatabaseReporter   : JDBC URL to connect to 'dataSource': url='jdbc:h2:tcp://localhost:41063/mem:df70fc46-7e57-4cb5-9cd0-c1d90c14afa7;USER=sa', scope='LearningObjectServiceTest#testIsCompletedByUserLectureUnit'

  Starting logs for LearningObjectServiceTest > testIsCompletedByUserLectureUnit(boolean) [2] false
    23:43:23.201 | 127 Pool-1-worker-42 | DEBUG | d.t.c.a.a.c.u.util.UserUtilService   : Generate 1 students...
    23:43:23.204 | 127 Pool-1-worker-42 | DEBUG | d.t.c.a.a.c.u.util.UserUtilService   : 1 students generated. Generate 0 tutors...
    23:43:23.205 | 127 Pool-1-worker-42 | DEBUG | d.t.c.a.a.c.u.util.UserUtilService   : 0 tutors generated. Generate 0 editors...
    23:43:23.207 | 127 Pool-1-worker-42 | DEBUG | d.t.c.a.a.c.u.util.UserUtilService   : 0 editors generated. Generate 0 instructors...
    23:43:23.208 | 127 Pool-1-worker-42 | DEBUG | d.t.c.a.a.c.u.util.UserUtilService   : 0 instructors generated
    23:43:23.209 | 127 Pool-1-worker-42 | DEBUG | d.t.c.a.a.c.u.util.UserUtilService   : Removing 1 users from all courses...
    23:43:23.210 | 127 Pool-1-worker-42 | DEBUG | d.t.c.a.a.c.u.util.UserUtilService   : Removing 1 users from all courses. Done
    23:43:23.210 | 127 Pool-1-worker-42 | DEBUG | d.t.c.a.a.c.u.util.UserUtilService   : Save 1 users to database...
    23:43:23.213 | 127 Pool-1-worker-42 | DEBUG | d.t.c.a.a.c.u.util.UserUtilService   : Save 1 users to database. Done
    23:43:23.230 | 127 Pool-1-worker-42 | INFO  | i.z.t.d.l.EmbeddedDatabaseReporter   : JDBC URL to connect to 'dataSource': url='jdbc:h2:tcp://localhost:41063/mem:df70fc46-7e57-4cb5-9cd0-c1d90c14afa7;USER=sa', scope='LearningObjectServiceTest#testIsCompletedByUserLectureUnit'

  Starting logs for LearningObjectServiceTest > testIsCompletedByUserExercise(boolean) [1] true
    23:43:23.247 | 127 Pool-1-worker-42 | DEBUG | d.t.c.a.a.c.u.util.UserUtilService   : Generate 1 students...
    23:43:23.250 | 127 Pool-1-worker-42 | DEBUG | d.t.c.a.a.c.u.util.UserUtilService   : 1 students generated. Generate 0 tutors...
    23:43:23.251 | 127 Pool-1-worker-42 | DEBUG | d.t.c.a.a.c.u.util.UserUtilService   : 0 tutors generated. Generate 0 editors...
    23:43:23.253 | 127 Pool-1-worker-42 | DEBUG | d.t.c.a.a.c.u.util.UserUtilService   : 0 editors generated. Generate 0 instructors...
    23:43:23.254 | 127 Pool-1-worker-42 | DEBUG | d.t.c.a.a.c.u.util.UserUtilService   : 0 instructors generated
    23:43:23.255 | 127 Pool-1-worker-42 | DEBUG | d.t.c.a.a.c.u.util.UserUtilService   : Removing 1 users from all courses...
    23:43:23.256 | 127 Pool-1-worker-42 | DEBUG | d.t.c.a.a.c.u.util.UserUtilService   : Removing 1 users from all courses. Done
    23:43:23.256 | 127 Pool-1-worker-42 | DEBUG | d.t.c.a.a.c.u.util.UserUtilService   : Save 1 users to database...
    23:43:23.258 | 127 Pool-1-worker-42 | DEBUG | d.t.c.a.a.c.u.util.UserUtilService   : Save 1 users to database. Done
    23:43:23.289 | 127 Pool-1-worker-42 | INFO  | i.z.t.d.l.EmbeddedDatabaseReporter   : JDBC URL to connect to 'dataSource': url='jdbc:h2:tcp://localhost:41063/mem:df70fc46-7e57-4cb5-9cd0-c1d90c14afa7;USER=sa', scope='LearningObjectServiceTest#testIsCompletedByUserExercise'

  Starting logs for LearningObjectServiceTest > testIsCompletedByUserExercise(boolean) [2] false
    23:43:23.319 | 127 Pool-1-worker-42 | DEBUG | d.t.c.a.a.c.u.util.UserUtilService   : Generate 1 students...
    23:43:23.330 | 127 Pool-1-worker-42 | DEBUG | d.t.c.a.a.c.u.util.UserUtilService   : 1 students generated. Generate 0 tutors...
    23:43:23.333 | 127 Pool-1-worker-42 | DEBUG | d.t.c.a.a.c.u.util.UserUtilService   : 0 tutors generated. Generate 0 editors...
    23:43:23.334 | 127 Pool-1-worker-42 | DEBUG | d.t.c.a.a.c.u.util.UserUtilService   : 0 editors generated. Generate 0 instructors...
    23:43:23.339 | 127 Pool-1-worker-42 | DEBUG | d.t.c.a.a.c.u.util.UserUtilService   : 0 instructors generated
    23:43:23.340 | 127 Pool-1-worker-42 | DEBUG | d.t.c.a.a.c.u.util.UserUtilService   : Removing 1 users from all courses...
    23:43:23.340 | 127 Pool-1-worker-42 | DEBUG | d.t.c.a.a.c.u.util.UserUtilService   : Removing 1 users from all courses. Done
    23:43:23.340 | 127 Pool-1-worker-42 | DEBUG | d.t.c.a.a.c.u.util.UserUtilService   : Save 1 users to database...
    23:43:23.348 | 127 Pool-1-worker-42 | DEBUG | d.t.c.a.a.c.u.util.UserUtilService   : Save 1 users to database. Done
    23:43:23.380 | 127 Pool-1-worker-42 | INFO  | i.z.t.d.l.EmbeddedDatabaseReporter   : JDBC URL to connect to 'dataSource': url='jdbc:h2:tcp://localhost:41063/mem:df70fc46-7e57-4cb5-9cd0-c1d90c14afa7;USER=sa', scope='LearningObjectServiceTest#testIsCompletedByUserExercise'

  Starting logs for LearningObjectServiceTest > testIsCompletedByUserManuallyAssessedExercise(boolean) [1] true
    23:43:23.396 | 127 Pool-1-worker-42 | DEBUG | d.t.c.a.a.c.u.util.UserUtilService   : Generate 1 students...
    23:43:23.399 | 127 Pool-1-worker-42 | DEBUG | d.t.c.a.a.c.u.util.UserUtilService   : 1 students generated. Generate 0 tutors...
    23:43:23.401 | 127 Pool-1-worker-42 | DEBUG | d.t.c.a.a.c.u.util.UserUtilService   : 0 tutors generated. Generate 0 editors...
    23:43:23.402 | 127 Pool-1-worker-42 | DEBUG | d.t.c.a.a.c.u.util.UserUtilService   : 0 editors generated. Generate 0 instructors...
    23:43:23.403 | 127 Pool-1-worker-42 | DEBUG | d.t.c.a.a.c.u.util.UserUtilService   : 0 instructors generated
    23:43:23.404 | 127 Pool-1-worker-42 | DEBUG | d.t.c.a.a.c.u.util.UserUtilService   : Removing 1 users from all courses...
    23:43:23.405 | 127 Pool-1-worker-42 | DEBUG | d.t.c.a.a.c.u.util.UserUtilService   : Removing 1 users from all courses. Done
    23:43:23.405 | 127 Pool-1-worker-42 | DEBUG | d.t.c.a.a.c.u.util.UserUtilService   : Save 1 users to database...
    23:43:23.408 | 127 Pool-1-worker-42 | DEBUG | d.t.c.a.a.c.u.util.UserUtilService   : Save 1 users to database. Done
    23:43:23.426 | 127 Pool-1-worker-42 | INFO  | i.z.t.d.l.EmbeddedDatabaseReporter   : JDBC URL to connect to 'dataSource': url='jdbc:h2:tcp://localhost:41063/mem:df70fc46-7e57-4cb5-9cd0-c1d90c14afa7;USER=sa', scope='LearningObjectServiceTest#testIsCompletedByUserManuallyAssessedExercise'

  Starting logs for LearningObjectServiceTest > testIsCompletedByUserManuallyAssessedExercise(boolean) [2] false
    23:43:23.448 | 127 Pool-1-worker-42 | DEBUG | d.t.c.a.a.c.u.util.UserUtilService   : Generate 1 students...
    23:43:23.451 | 127 Pool-1-worker-42 | DEBUG | d.t.c.a.a.c.u.util.UserUtilService   : 1 students generated. Generate 0 tutors...
    23:43:23.452 | 127 Pool-1-worker-42 | DEBUG | d.t.c.a.a.c.u.util.UserUtilService   : 0 tutors generated. Generate 0 editors...
    23:43:23.454 | 127 Pool-1-worker-42 | DEBUG | d.t.c.a.a.c.u.util.UserUtilService   : 0 editors generated. Generate 0 instructors...
    23:43:23.455 | 127 Pool-1-worker-42 | DEBUG | d.t.c.a.a.c.u.util.UserUtilService   : 0 instructors generated
    23:43:23.456 | 127 Pool-1-worker-42 | DEBUG | d.t.c.a.a.c.u.util.UserUtilService   : Removing 1 users from all courses...
    23:43:23.457 | 127 Pool-1-worker-42 | DEBUG | d.t.c.a.a.c.u.util.UserUtilService   : Removing 1 users from all courses. Done
    23:43:23.457 | 127 Pool-1-worker-42 | DEBUG | d.t.c.a.a.c.u.util.UserUtilService   : Save 1 users to database...
    23:43:23.459 | 127 Pool-1-worker-42 | DEBUG | d.t.c.a.a.c.u.util.UserUtilService   : Save 1 users to database. Done
    23:43:23.493 | 127 Pool-1-worker-42 | INFO  | i.z.t.d.l.EmbeddedDatabaseReporter   : JDBC URL to connect to 'dataSource': url='jdbc:h2:tcp://localhost:41063/mem:df70fc46-7e57-4cb5-9cd0-c1d90c14afa7;USER=sa', scope='LearningObjectServiceTest#testIsCompletedByUserManuallyAssessedExercise'

Finished logs for LearningObjectServiceTest
]]></system-out>
  <system-err><![CDATA[]]></system-err>
</testsuite>
