<?xml version="1.0" encoding="UTF-8"?>
<testsuite name="de.tum.cit.aet.artemis.text.service.TextBlockServiceTest" tests="8" skipped="0" failures="0" errors="0" timestamp="2025-02-14T23:46:33" hostname="fv-az1721-502" time="0.011">
  <properties/>
  <testcase name="respectLeadingTabs()" classname="de.tum.cit.aet.artemis.text.service.TextBlockServiceTest" time="0.003"/>
  <testcase name="splitSubmissionIntoBlocksForManySentencesWithoutPunctuation()" classname="de.tum.cit.aet.artemis.text.service.TextBlockServiceTest" time="0.001"/>
  <testcase name="splitSubmissionIntoBlocksForEmptyText()" classname="de.tum.cit.aet.artemis.text.service.TextBlockServiceTest" time="0.0"/>
  <testcase name="splitSubmissionsIntoBlocksForManySentencesWithNewlinesWithoutFullstop()" classname="de.tum.cit.aet.artemis.text.service.TextBlockServiceTest" time="0.0"/>
  <testcase name="splitSubmissionIntoBlocksForTwoSentencesWithoutNewLine()" classname="de.tum.cit.aet.artemis.text.service.TextBlockServiceTest" time="0.001"/>
  <testcase name="respectLeadingWhitespace()" classname="de.tum.cit.aet.artemis.text.service.TextBlockServiceTest" time="0.0"/>
  <testcase name="splitAssemblaCodeLinesIntoTextBlocks()" classname="de.tum.cit.aet.artemis.text.service.TextBlockServiceTest" time="0.005"/>
  <testcase name="splitSubmissionIntoBlocksForSingleSentence()" classname="de.tum.cit.aet.artemis.text.service.TextBlockServiceTest" time="0.001"/>
  <system-out><![CDATA[
Starting logs for TextBlockServiceTest

  Starting logs for TextBlockServiceTest > respectLeadingTabs()

  Starting logs for TextBlockServiceTest > splitSubmissionIntoBlocksForManySentencesWithoutPunctuation()

  Starting logs for TextBlockServiceTest > splitSubmissionIntoBlocksForEmptyText()

  Starting logs for TextBlockServiceTest > splitSubmissionsIntoBlocksForManySentencesWithNewlinesWithoutFullstop()

  Starting logs for TextBlockServiceTest > splitSubmissionIntoBlocksForTwoSentencesWithoutNewLine()

  Starting logs for TextBlockServiceTest > respectLeadingWhitespace()

  Starting logs for TextBlockServiceTest > splitAssemblaCodeLinesIntoTextBlocks()

  Starting logs for TextBlockServiceTest > splitSubmissionIntoBlocksForSingleSentence()

Finished logs for TextBlockServiceTest
]]></system-out>
  <system-err><![CDATA[]]></system-err>
</testsuite>
