<?xml version="1.0" encoding="UTF-8"?>
<testsuite name="de.tum.cit.aet.artemis.programming.ProgrammingExerciseParticipationIntegrationTest" tests="93" skipped="0" failures="0" errors="0" timestamp="2025-02-14T23:47:45" hostname="fv-az1721-502" time="9.364">
  <properties/>
  <testcase name="testGetParticipationAllResults_studentCannotAccessParticipationIfExerciseNotStarted()" classname="de.tum.cit.aet.artemis.programming.ProgrammingExerciseParticipationIntegrationTest" time="0.185"/>
  <testcase name="testGetLatestResultWithFeedbacksForSolutionParticipationAsTutorShouldReturnForbidden()" classname="de.tum.cit.aet.artemis.programming.ProgrammingExerciseParticipationIntegrationTest" time="0.116"/>
  <testcase name="testGetParticipationWithLatestResultAsAStudent(ZonedDateTime, ZonedDateTime, AssessmentType, ZonedDateTime, ZonedDateTime, boolean) [1] startDate=null, releaseDate=null, assessmentType=null, completionDate=null, assessmentDueDate=null, expectLastCreatedResult=false" classname="de.tum.cit.aet.artemis.programming.ProgrammingExerciseParticipationIntegrationTest" time="0.144"/>
  <testcase name="testGetParticipationWithLatestResultAsAStudent(ZonedDateTime, ZonedDateTime, AssessmentType, ZonedDateTime, ZonedDateTime, boolean) [2] startDate=2025-02-11T23:47:46.088351019Z[Etc/UTC], releaseDate=2025-02-10T23:47:46.088365125Z[Etc/UTC], assessmentType=AUTOMATIC, completionDate=null, assessmentDueDate=null, expectLastCreatedResult=true" classname="de.tum.cit.aet.artemis.programming.ProgrammingExerciseParticipationIntegrationTest" time="0.172"/>
  <testcase name="testGetParticipationWithLatestResultAsAStudent(ZonedDateTime, ZonedDateTime, AssessmentType, ZonedDateTime, ZonedDateTime, boolean) [3] startDate=2025-02-11T23:47:46.088351019Z[Etc/UTC], releaseDate=2025-02-10T23:47:46.088365125Z[Etc/UTC], assessmentType=AUTOMATIC, completionDate=2025-02-14T23:47:46.088365406Z[Etc/UTC], assessmentDueDate=null, expectLastCreatedResult=true" classname="de.tum.cit.aet.artemis.programming.ProgrammingExerciseParticipationIntegrationTest" time="0.119"/>
  <testcase name="testGetParticipationWithLatestResultAsAStudent(ZonedDateTime, ZonedDateTime, AssessmentType, ZonedDateTime, ZonedDateTime, boolean) [4] startDate=2025-02-11T23:47:46.088351019Z[Etc/UTC], releaseDate=2025-02-10T23:47:46.088365125Z[Etc/UTC], assessmentType=AUTOMATIC, completionDate=2025-02-14T23:47:46.088365406Z[Etc/UTC], assessmentDueDate=2025-02-17T23:47:46.088365586Z[Etc/UTC], expectLastCreatedResult=true" classname="de.tum.cit.aet.artemis.programming.ProgrammingExerciseParticipationIntegrationTest" time="0.107"/>
  <testcase name="testGetParticipationWithLatestResultAsAStudent(ZonedDateTime, ZonedDateTime, AssessmentType, ZonedDateTime, ZonedDateTime, boolean) [5] startDate=2025-02-11T23:47:46.088351019Z[Etc/UTC], releaseDate=2025-02-10T23:47:46.088365125Z[Etc/UTC], assessmentType=AUTOMATIC, completionDate=2025-02-14T23:47:46.088365406Z[Etc/UTC], assessmentDueDate=2025-02-13T23:47:46.088366277Z[Etc/UTC], expectLastCreatedResult=true" classname="de.tum.cit.aet.artemis.programming.ProgrammingExerciseParticipationIntegrationTest" time="0.117"/>
  <testcase name="testGetParticipationWithLatestResultAsAStudent(ZonedDateTime, ZonedDateTime, AssessmentType, ZonedDateTime, ZonedDateTime, boolean) [6] startDate=2025-02-11T23:47:46.088351019Z[Etc/UTC], releaseDate=2025-02-10T23:47:46.088365125Z[Etc/UTC], assessmentType=AUTOMATIC, completionDate=null, assessmentDueDate=2025-02-17T23:47:46.088365586Z[Etc/UTC], expectLastCreatedResult=true" classname="de.tum.cit.aet.artemis.programming.ProgrammingExerciseParticipationIntegrationTest" time="0.099"/>
  <testcase name="testGetParticipationWithLatestResultAsAStudent(ZonedDateTime, ZonedDateTime, AssessmentType, ZonedDateTime, ZonedDateTime, boolean) [7] startDate=2025-02-11T23:47:46.088351019Z[Etc/UTC], releaseDate=2025-02-10T23:47:46.088365125Z[Etc/UTC], assessmentType=AUTOMATIC, completionDate=null, assessmentDueDate=2025-02-13T23:47:46.088366277Z[Etc/UTC], expectLastCreatedResult=true" classname="de.tum.cit.aet.artemis.programming.ProgrammingExerciseParticipationIntegrationTest" time="0.103"/>
  <testcase name="testGetParticipationWithLatestResultAsAStudent(ZonedDateTime, ZonedDateTime, AssessmentType, ZonedDateTime, ZonedDateTime, boolean) [8] startDate=2025-02-11T23:47:46.088351019Z[Etc/UTC], releaseDate=2025-02-10T23:47:46.088365125Z[Etc/UTC], assessmentType=SEMI_AUTOMATIC, completionDate=null, assessmentDueDate=null, expectLastCreatedResult=false" classname="de.tum.cit.aet.artemis.programming.ProgrammingExerciseParticipationIntegrationTest" time="0.141"/>
  <testcase name="testGetParticipationWithLatestResultAsAStudent(ZonedDateTime, ZonedDateTime, AssessmentType, ZonedDateTime, ZonedDateTime, boolean) [9] startDate=2025-02-11T23:47:46.088351019Z[Etc/UTC], releaseDate=2025-02-10T23:47:46.088365125Z[Etc/UTC], assessmentType=SEMI_AUTOMATIC, completionDate=null, assessmentDueDate=2025-02-17T23:47:46.088365586Z[Etc/UTC], expectLastCreatedResult=false" classname="de.tum.cit.aet.artemis.programming.ProgrammingExerciseParticipationIntegrationTest" time="0.109"/>
  <testcase name="testGetParticipationWithLatestResultAsAStudent(ZonedDateTime, ZonedDateTime, AssessmentType, ZonedDateTime, ZonedDateTime, boolean) [10] startDate=2025-02-11T23:47:46.088351019Z[Etc/UTC], releaseDate=2025-02-10T23:47:46.088365125Z[Etc/UTC], assessmentType=SEMI_AUTOMATIC, completionDate=null, assessmentDueDate=2025-02-13T23:47:46.088366277Z[Etc/UTC], expectLastCreatedResult=false" classname="de.tum.cit.aet.artemis.programming.ProgrammingExerciseParticipationIntegrationTest" time="0.135"/>
  <testcase name="testGetParticipationWithLatestResultAsAStudent(ZonedDateTime, ZonedDateTime, AssessmentType, ZonedDateTime, ZonedDateTime, boolean) [11] startDate=2025-02-11T23:47:46.088351019Z[Etc/UTC], releaseDate=2025-02-10T23:47:46.088365125Z[Etc/UTC], assessmentType=SEMI_AUTOMATIC, completionDate=2025-02-14T23:47:46.088365406Z[Etc/UTC], assessmentDueDate=2025-02-17T23:47:46.088365586Z[Etc/UTC], expectLastCreatedResult=false" classname="de.tum.cit.aet.artemis.programming.ProgrammingExerciseParticipationIntegrationTest" time="0.278"/>
  <testcase name="testGetParticipationWithLatestResultAsAStudent(ZonedDateTime, ZonedDateTime, AssessmentType, ZonedDateTime, ZonedDateTime, boolean) [12] startDate=2025-02-11T23:47:46.088351019Z[Etc/UTC], releaseDate=2025-02-10T23:47:46.088365125Z[Etc/UTC], assessmentType=SEMI_AUTOMATIC, completionDate=2025-02-14T23:47:46.088365406Z[Etc/UTC], assessmentDueDate=2025-02-13T23:47:46.088366277Z[Etc/UTC], expectLastCreatedResult=true" classname="de.tum.cit.aet.artemis.programming.ProgrammingExerciseParticipationIntegrationTest" time="0.1"/>
  <testcase name="retrieveCommitInfoGitExceptionEmptyList()" classname="de.tum.cit.aet.artemis.programming.ProgrammingExerciseParticipationIntegrationTest" time="0.081"/>
  <testcase name="checkResetRepository_participationLocked_forbidden()" classname="de.tum.cit.aet.artemis.programming.ProgrammingExerciseParticipationIntegrationTest" time="0.116"/>
  <testcase name="testGetResultWithFeedbacksFilteredBeforeLastDueDate(AssessmentType) [1] assessmentType=AUTOMATIC" classname="de.tum.cit.aet.artemis.programming.ProgrammingExerciseParticipationIntegrationTest" time="0.115"/>
  <testcase name="testGetResultWithFeedbacksFilteredBeforeLastDueDate(AssessmentType) [2] assessmentType=SEMI_AUTOMATIC" classname="de.tum.cit.aet.artemis.programming.ProgrammingExerciseParticipationIntegrationTest" time="0.103"/>
  <testcase name="testGetResultWithFeedbacksFilteredBeforeLastDueDate(AssessmentType) [3] assessmentType=MANUAL" classname="de.tum.cit.aet.artemis.programming.ProgrammingExerciseParticipationIntegrationTest" time="0.1"/>
  <testcase name="testGetResultWithFeedbacksFilteredBeforeLastDueDate(AssessmentType) [4] assessmentType=AUTOMATIC_ATHENA" classname="de.tum.cit.aet.artemis.programming.ProgrammingExerciseParticipationIntegrationTest" time="0.096"/>
  <testcase name="testGetParticipationWithAllResultsAsAnInstructor_noCompletionDate_notFound()" classname="de.tum.cit.aet.artemis.programming.ProgrammingExerciseParticipationIntegrationTest" time="0.085"/>
  <testcase name="testGetLatestResultWithFeedbacksForSolutionParticipationAsTutor()" classname="de.tum.cit.aet.artemis.programming.ProgrammingExerciseParticipationIntegrationTest" time="0.095"/>
  <testcase name="testGetParticipationWithLatestResult_afterExam_hidesResultsBeforeExamResultsPublished()" classname="de.tum.cit.aet.artemis.programming.ProgrammingExerciseParticipationIntegrationTest" time="0.123"/>
  <testcase name="testGetParticipationAllResults_showsResultsDuringExam()" classname="de.tum.cit.aet.artemis.programming.ProgrammingExerciseParticipationIntegrationTest" time="0.138"/>
  <testcase name="testGetAllResultsAsTutor()" classname="de.tum.cit.aet.artemis.programming.ProgrammingExerciseParticipationIntegrationTest" time="0.097"/>
  <testcase name="retrieveCommitInfoInstructorSuccess()" classname="de.tum.cit.aet.artemis.programming.ProgrammingExerciseParticipationIntegrationTest" time="0.086"/>
  <testcase name="testGetLatestPendingSubmissionIfNotExists_student()" classname="de.tum.cit.aet.artemis.programming.ProgrammingExerciseParticipationIntegrationTest" time="0.075"/>
  <testcase name="testGetParticipationWithLatestResult_cannotAccessParticipation()" classname="de.tum.cit.aet.artemis.programming.ProgrammingExerciseParticipationIntegrationTest" time="0.072"/>
  <testcase name="testGetLatestResultWithFeedbacksForTemplateParticipationAsTutor()" classname="de.tum.cit.aet.artemis.programming.ProgrammingExerciseParticipationIntegrationTest" time="0.105"/>
  <testcase name="retrieveCommitHistoryStudentNotOwningParticipationForbidden()" classname="de.tum.cit.aet.artemis.programming.ProgrammingExerciseParticipationIntegrationTest" time="0.077"/>
  <testcase name="checkResetRepository_noAccessToGradedParticipation_forbidden()" classname="de.tum.cit.aet.artemis.programming.ProgrammingExerciseParticipationIntegrationTest" time="0.085"/>
  <testcase name="checkIfParticipationHasResult_withResult_returnsTrue()" classname="de.tum.cit.aet.artemis.programming.ProgrammingExerciseParticipationIntegrationTest" time="0.072"/>
  <testcase name="testGetLatestPendingSubmissionIfNotExists_instructor()" classname="de.tum.cit.aet.artemis.programming.ProgrammingExerciseParticipationIntegrationTest" time="0.061"/>
  <testcase name="testGetParticipationAllResults_afterExam_hidesResultsBeforeExamResultsPublished()" classname="de.tum.cit.aet.artemis.programming.ProgrammingExerciseParticipationIntegrationTest" time="0.087"/>
  <testcase name="checkIfParticipationHasResult_withoutResult_returnsFalse()" classname="de.tum.cit.aet.artemis.programming.ProgrammingExerciseParticipationIntegrationTest" time="0.061"/>
  <testcase name="testGetLatestPendingSubmissionIfExists_student()" classname="de.tum.cit.aet.artemis.programming.ProgrammingExerciseParticipationIntegrationTest" time="0.064"/>
  <testcase name="testGetParticipationAllResults_studentCanAccessIfNoStartDateSet()" classname="de.tum.cit.aet.artemis.programming.ProgrammingExerciseParticipationIntegrationTest" time="0.078"/>
  <testcase name="getParticipationRepositoryFilesInstructorSuccess()" classname="de.tum.cit.aet.artemis.programming.ProgrammingExerciseParticipationIntegrationTest" time="0.067"/>
  <testcase name="testGetLatestResultWithFeedbacksForSolutionParticipationAsInstructor()" classname="de.tum.cit.aet.artemis.programming.ProgrammingExerciseParticipationIntegrationTest" time="0.074"/>
  <testcase name="retrieveCommitHistoryTutorNotOwningParticipationSuccess()" classname="de.tum.cit.aet.artemis.programming.ProgrammingExerciseParticipationIntegrationTest" time="0.049"/>
  <testcase name="testGetLatestResultWithSubmission(boolean) [1] withSubmission=true" classname="de.tum.cit.aet.artemis.programming.ProgrammingExerciseParticipationIntegrationTest" time="0.114"/>
  <testcase name="testGetLatestResultWithSubmission(boolean) [2] withSubmission=false" classname="de.tum.cit.aet.artemis.programming.ProgrammingExerciseParticipationIntegrationTest" time="0.146"/>
  <testcase name="testGetParticipationWithLatestResultAsAnInstructor_noCompletionDate_notFound()" classname="de.tum.cit.aet.artemis.programming.ProgrammingExerciseParticipationIntegrationTest" time="0.063"/>
  <testcase name="testGetParticipationWithLatestResult_studentCannotAccessParticipationIfExerciseNotStarted()" classname="de.tum.cit.aet.artemis.programming.ProgrammingExerciseParticipationIntegrationTest" time="0.059"/>
  <testcase name="testGetParticipationWithAllResults_cannotAccessParticipation1()" classname="de.tum.cit.aet.artemis.programming.ProgrammingExerciseParticipationIntegrationTest" time="0.072"/>
  <testcase name="testGetParticipationWithAllResults_cannotAccessParticipation2()" classname="de.tum.cit.aet.artemis.programming.ProgrammingExerciseParticipationIntegrationTest" time="0.111"/>
  <testcase name="testGetLatestPendingSubmissionIfNotExists_ta()" classname="de.tum.cit.aet.artemis.programming.ProgrammingExerciseParticipationIntegrationTest" time="0.077"/>
  <testcase name="testGetLatestSubmissionsForExercise_studentForbidden()" classname="de.tum.cit.aet.artemis.programming.ProgrammingExerciseParticipationIntegrationTest" time="0.068"/>
  <testcase name="testGetParticipationWithResultsForStudentParticipation_forbidden()" classname="de.tum.cit.aet.artemis.programming.ProgrammingExerciseParticipationIntegrationTest" time="0.054"/>
  <testcase name="testGetLatestResultWithFeedbacksAsStudent_afterExam_hidesResultBeforeExamResultsPublished()" classname="de.tum.cit.aet.artemis.programming.ProgrammingExerciseParticipationIntegrationTest" time="0.103"/>
  <testcase name="testGetParticipationWithLatestResult_showsResultsAfterExamResultsPublished()" classname="de.tum.cit.aet.artemis.programming.ProgrammingExerciseParticipationIntegrationTest" time="0.106"/>
  <testcase name="testGetLatestResultWithFeedbacksAsStudent_showsResultDuringExam()" classname="de.tum.cit.aet.artemis.programming.ProgrammingExerciseParticipationIntegrationTest" time="0.11"/>
  <testcase name="testGetParticipationWithLatestResult_canAccessParticipationIfExerciseNotStartedAndNotStudent()" classname="de.tum.cit.aet.artemis.programming.ProgrammingExerciseParticipationIntegrationTest" time="0.065"/>
  <testcase name="testGetParticipationWithLatestResult_showsResultsDuringExam()" classname="de.tum.cit.aet.artemis.programming.ProgrammingExerciseParticipationIntegrationTest" time="0.101"/>
  <testcase name="retrieveCommitHistoryStudentSuccess()" classname="de.tum.cit.aet.artemis.programming.ProgrammingExerciseParticipationIntegrationTest" time="0.073"/>
  <testcase name="testGetParticipationAllResults_canAccessParticipationIfExerciseNotStartedAndNotStudent()" classname="de.tum.cit.aet.artemis.programming.ProgrammingExerciseParticipationIntegrationTest" time="0.092"/>
  <testcase name="testGetLatestResultWithFeedbacksAsStudent()" classname="de.tum.cit.aet.artemis.programming.ProgrammingExerciseParticipationIntegrationTest" time="0.09"/>
  <testcase name="testGetLatestPendingSubmissionIfExists_ta()" classname="de.tum.cit.aet.artemis.programming.ProgrammingExerciseParticipationIntegrationTest" time="0.07"/>
  <testcase name="testGetParticipationWithAllResults(ZonedDateTime, ZonedDateTime, AssessmentType, ZonedDateTime, ZonedDateTime, boolean) [1] startDate=null, releaseDate=null, assessmentType=null, completionDate=null, assessmentDueDate=null, expectLastCreatedResult=false" classname="de.tum.cit.aet.artemis.programming.ProgrammingExerciseParticipationIntegrationTest" time="0.105"/>
  <testcase name="testGetParticipationWithAllResults(ZonedDateTime, ZonedDateTime, AssessmentType, ZonedDateTime, ZonedDateTime, boolean) [2] startDate=2025-02-11T23:47:51.661136939Z[Etc/UTC], releaseDate=2025-02-10T23:47:51.661139674Z[Etc/UTC], assessmentType=AUTOMATIC, completionDate=null, assessmentDueDate=null, expectLastCreatedResult=true" classname="de.tum.cit.aet.artemis.programming.ProgrammingExerciseParticipationIntegrationTest" time="0.121"/>
  <testcase name="testGetParticipationWithAllResults(ZonedDateTime, ZonedDateTime, AssessmentType, ZonedDateTime, ZonedDateTime, boolean) [3] startDate=2025-02-11T23:47:51.661136939Z[Etc/UTC], releaseDate=2025-02-10T23:47:51.661139674Z[Etc/UTC], assessmentType=AUTOMATIC, completionDate=2025-02-14T23:47:51.661140105Z[Etc/UTC], assessmentDueDate=null, expectLastCreatedResult=true" classname="de.tum.cit.aet.artemis.programming.ProgrammingExerciseParticipationIntegrationTest" time="0.107"/>
  <testcase name="testGetParticipationWithAllResults(ZonedDateTime, ZonedDateTime, AssessmentType, ZonedDateTime, ZonedDateTime, boolean) [4] startDate=2025-02-11T23:47:51.661136939Z[Etc/UTC], releaseDate=2025-02-10T23:47:51.661139674Z[Etc/UTC], assessmentType=AUTOMATIC, completionDate=2025-02-14T23:47:51.661140105Z[Etc/UTC], assessmentDueDate=2025-02-17T23:47:51.661140345Z[Etc/UTC], expectLastCreatedResult=true" classname="de.tum.cit.aet.artemis.programming.ProgrammingExerciseParticipationIntegrationTest" time="0.123"/>
  <testcase name="testGetParticipationWithAllResults(ZonedDateTime, ZonedDateTime, AssessmentType, ZonedDateTime, ZonedDateTime, boolean) [5] startDate=2025-02-11T23:47:51.661136939Z[Etc/UTC], releaseDate=2025-02-10T23:47:51.661139674Z[Etc/UTC], assessmentType=AUTOMATIC, completionDate=2025-02-14T23:47:51.661140105Z[Etc/UTC], assessmentDueDate=2025-02-13T23:47:51.661141367Z[Etc/UTC], expectLastCreatedResult=true" classname="de.tum.cit.aet.artemis.programming.ProgrammingExerciseParticipationIntegrationTest" time="0.102"/>
  <testcase name="testGetParticipationWithAllResults(ZonedDateTime, ZonedDateTime, AssessmentType, ZonedDateTime, ZonedDateTime, boolean) [6] startDate=2025-02-11T23:47:51.661136939Z[Etc/UTC], releaseDate=2025-02-10T23:47:51.661139674Z[Etc/UTC], assessmentType=AUTOMATIC, completionDate=null, assessmentDueDate=2025-02-17T23:47:51.661140345Z[Etc/UTC], expectLastCreatedResult=true" classname="de.tum.cit.aet.artemis.programming.ProgrammingExerciseParticipationIntegrationTest" time="0.103"/>
  <testcase name="testGetParticipationWithAllResults(ZonedDateTime, ZonedDateTime, AssessmentType, ZonedDateTime, ZonedDateTime, boolean) [7] startDate=2025-02-11T23:47:51.661136939Z[Etc/UTC], releaseDate=2025-02-10T23:47:51.661139674Z[Etc/UTC], assessmentType=AUTOMATIC, completionDate=null, assessmentDueDate=2025-02-13T23:47:51.661141367Z[Etc/UTC], expectLastCreatedResult=true" classname="de.tum.cit.aet.artemis.programming.ProgrammingExerciseParticipationIntegrationTest" time="0.106"/>
  <testcase name="testGetParticipationWithAllResults(ZonedDateTime, ZonedDateTime, AssessmentType, ZonedDateTime, ZonedDateTime, boolean) [8] startDate=2025-02-11T23:47:51.661136939Z[Etc/UTC], releaseDate=2025-02-10T23:47:51.661139674Z[Etc/UTC], assessmentType=SEMI_AUTOMATIC, completionDate=null, assessmentDueDate=null, expectLastCreatedResult=false" classname="de.tum.cit.aet.artemis.programming.ProgrammingExerciseParticipationIntegrationTest" time="0.106"/>
  <testcase name="testGetParticipationWithAllResults(ZonedDateTime, ZonedDateTime, AssessmentType, ZonedDateTime, ZonedDateTime, boolean) [9] startDate=2025-02-11T23:47:51.661136939Z[Etc/UTC], releaseDate=2025-02-10T23:47:51.661139674Z[Etc/UTC], assessmentType=SEMI_AUTOMATIC, completionDate=null, assessmentDueDate=2025-02-17T23:47:51.661140345Z[Etc/UTC], expectLastCreatedResult=false" classname="de.tum.cit.aet.artemis.programming.ProgrammingExerciseParticipationIntegrationTest" time="0.107"/>
  <testcase name="testGetParticipationWithAllResults(ZonedDateTime, ZonedDateTime, AssessmentType, ZonedDateTime, ZonedDateTime, boolean) [10] startDate=2025-02-11T23:47:51.661136939Z[Etc/UTC], releaseDate=2025-02-10T23:47:51.661139674Z[Etc/UTC], assessmentType=SEMI_AUTOMATIC, completionDate=null, assessmentDueDate=2025-02-13T23:47:51.661141367Z[Etc/UTC], expectLastCreatedResult=false" classname="de.tum.cit.aet.artemis.programming.ProgrammingExerciseParticipationIntegrationTest" time="0.097"/>
  <testcase name="testGetParticipationWithAllResults(ZonedDateTime, ZonedDateTime, AssessmentType, ZonedDateTime, ZonedDateTime, boolean) [11] startDate=2025-02-11T23:47:51.661136939Z[Etc/UTC], releaseDate=2025-02-10T23:47:51.661139674Z[Etc/UTC], assessmentType=SEMI_AUTOMATIC, completionDate=2025-02-14T23:47:51.661140105Z[Etc/UTC], assessmentDueDate=2025-02-17T23:47:51.661140345Z[Etc/UTC], expectLastCreatedResult=false" classname="de.tum.cit.aet.artemis.programming.ProgrammingExerciseParticipationIntegrationTest" time="0.119"/>
  <testcase name="testGetParticipationWithAllResults(ZonedDateTime, ZonedDateTime, AssessmentType, ZonedDateTime, ZonedDateTime, boolean) [12] startDate=2025-02-11T23:47:51.661136939Z[Etc/UTC], releaseDate=2025-02-10T23:47:51.661139674Z[Etc/UTC], assessmentType=SEMI_AUTOMATIC, completionDate=2025-02-14T23:47:51.661140105Z[Etc/UTC], assessmentDueDate=2025-02-13T23:47:51.661141367Z[Etc/UTC], expectLastCreatedResult=true" classname="de.tum.cit.aet.artemis.programming.ProgrammingExerciseParticipationIntegrationTest" time="0.099"/>
  <testcase name="testGetLatestPendingSubmission_cannotAccessParticipation()" classname="de.tum.cit.aet.artemis.programming.ProgrammingExerciseParticipationIntegrationTest" time="0.107"/>
  <testcase name="checkResetRepository_exam_badRequest()" classname="de.tum.cit.aet.artemis.programming.ProgrammingExerciseParticipationIntegrationTest" time="0.087"/>
  <testcase name="testGetLatestPendingSubmissionIfExists_instructor()" classname="de.tum.cit.aet.artemis.programming.ProgrammingExerciseParticipationIntegrationTest" time="0.057"/>
  <testcase name="testGetLatestResultWithFeedbacksForTemplateParticipationAsTutorShouldReturnForbidden()" classname="de.tum.cit.aet.artemis.programming.ProgrammingExerciseParticipationIntegrationTest" time="0.078"/>
  <testcase name="checkResetRepository_noAccess_forbidden()" classname="de.tum.cit.aet.artemis.programming.ProgrammingExerciseParticipationIntegrationTest" time="0.08"/>
  <testcase name="testGetParticipationAllResults_showsResultsAfterExamResultsPublished()" classname="de.tum.cit.aet.artemis.programming.ProgrammingExerciseParticipationIntegrationTest" time="0.114"/>
  <testcase name="testGetParticipationWithLatestResult_multipleResultsAvailable(ZonedDateTime, ZonedDateTime, AssessmentType, ZonedDateTime, ZonedDateTime, boolean) [1] startDate=null, releaseDate=null, assessmentType=null, completionDate=null, assessmentDueDate=null, expectLastCreatedResult=false" classname="de.tum.cit.aet.artemis.programming.ProgrammingExerciseParticipationIntegrationTest" time="0.095"/>
  <testcase name="testGetParticipationWithLatestResult_multipleResultsAvailable(ZonedDateTime, ZonedDateTime, AssessmentType, ZonedDateTime, ZonedDateTime, boolean) [2] startDate=2025-02-11T23:47:53.516210165Z[Etc/UTC], releaseDate=2025-02-10T23:47:53.516212269Z[Etc/UTC], assessmentType=AUTOMATIC, completionDate=null, assessmentDueDate=null, expectLastCreatedResult=true" classname="de.tum.cit.aet.artemis.programming.ProgrammingExerciseParticipationIntegrationTest" time="0.077"/>
  <testcase name="testGetParticipationWithLatestResult_multipleResultsAvailable(ZonedDateTime, ZonedDateTime, AssessmentType, ZonedDateTime, ZonedDateTime, boolean) [3] startDate=2025-02-11T23:47:53.516210165Z[Etc/UTC], releaseDate=2025-02-10T23:47:53.516212269Z[Etc/UTC], assessmentType=AUTOMATIC, completionDate=2025-02-14T23:47:53.516212600Z[Etc/UTC], assessmentDueDate=null, expectLastCreatedResult=true" classname="de.tum.cit.aet.artemis.programming.ProgrammingExerciseParticipationIntegrationTest" time="0.091"/>
  <testcase name="testGetParticipationWithLatestResult_multipleResultsAvailable(ZonedDateTime, ZonedDateTime, AssessmentType, ZonedDateTime, ZonedDateTime, boolean) [4] startDate=2025-02-11T23:47:53.516210165Z[Etc/UTC], releaseDate=2025-02-10T23:47:53.516212269Z[Etc/UTC], assessmentType=AUTOMATIC, completionDate=2025-02-14T23:47:53.516212600Z[Etc/UTC], assessmentDueDate=2025-02-17T23:47:53.516212760Z[Etc/UTC], expectLastCreatedResult=true" classname="de.tum.cit.aet.artemis.programming.ProgrammingExerciseParticipationIntegrationTest" time="0.095"/>
  <testcase name="testGetParticipationWithLatestResult_multipleResultsAvailable(ZonedDateTime, ZonedDateTime, AssessmentType, ZonedDateTime, ZonedDateTime, boolean) [5] startDate=2025-02-11T23:47:53.516210165Z[Etc/UTC], releaseDate=2025-02-10T23:47:53.516212269Z[Etc/UTC], assessmentType=AUTOMATIC, completionDate=2025-02-14T23:47:53.516212600Z[Etc/UTC], assessmentDueDate=2025-02-13T23:47:53.516213581Z[Etc/UTC], expectLastCreatedResult=true" classname="de.tum.cit.aet.artemis.programming.ProgrammingExerciseParticipationIntegrationTest" time="0.086"/>
  <testcase name="testGetParticipationWithLatestResult_multipleResultsAvailable(ZonedDateTime, ZonedDateTime, AssessmentType, ZonedDateTime, ZonedDateTime, boolean) [6] startDate=2025-02-11T23:47:53.516210165Z[Etc/UTC], releaseDate=2025-02-10T23:47:53.516212269Z[Etc/UTC], assessmentType=AUTOMATIC, completionDate=null, assessmentDueDate=2025-02-17T23:47:53.516212760Z[Etc/UTC], expectLastCreatedResult=true" classname="de.tum.cit.aet.artemis.programming.ProgrammingExerciseParticipationIntegrationTest" time="0.098"/>
  <testcase name="testGetParticipationWithLatestResult_multipleResultsAvailable(ZonedDateTime, ZonedDateTime, AssessmentType, ZonedDateTime, ZonedDateTime, boolean) [7] startDate=2025-02-11T23:47:53.516210165Z[Etc/UTC], releaseDate=2025-02-10T23:47:53.516212269Z[Etc/UTC], assessmentType=AUTOMATIC, completionDate=null, assessmentDueDate=2025-02-13T23:47:53.516213581Z[Etc/UTC], expectLastCreatedResult=true" classname="de.tum.cit.aet.artemis.programming.ProgrammingExerciseParticipationIntegrationTest" time="0.097"/>
  <testcase name="testGetParticipationWithLatestResult_multipleResultsAvailable(ZonedDateTime, ZonedDateTime, AssessmentType, ZonedDateTime, ZonedDateTime, boolean) [8] startDate=2025-02-11T23:47:53.516210165Z[Etc/UTC], releaseDate=2025-02-10T23:47:53.516212269Z[Etc/UTC], assessmentType=SEMI_AUTOMATIC, completionDate=null, assessmentDueDate=null, expectLastCreatedResult=false" classname="de.tum.cit.aet.artemis.programming.ProgrammingExerciseParticipationIntegrationTest" time="0.097"/>
  <testcase name="testGetParticipationWithLatestResult_multipleResultsAvailable(ZonedDateTime, ZonedDateTime, AssessmentType, ZonedDateTime, ZonedDateTime, boolean) [9] startDate=2025-02-11T23:47:53.516210165Z[Etc/UTC], releaseDate=2025-02-10T23:47:53.516212269Z[Etc/UTC], assessmentType=SEMI_AUTOMATIC, completionDate=null, assessmentDueDate=2025-02-17T23:47:53.516212760Z[Etc/UTC], expectLastCreatedResult=false" classname="de.tum.cit.aet.artemis.programming.ProgrammingExerciseParticipationIntegrationTest" time="0.083"/>
  <testcase name="testGetParticipationWithLatestResult_multipleResultsAvailable(ZonedDateTime, ZonedDateTime, AssessmentType, ZonedDateTime, ZonedDateTime, boolean) [10] startDate=2025-02-11T23:47:53.516210165Z[Etc/UTC], releaseDate=2025-02-10T23:47:53.516212269Z[Etc/UTC], assessmentType=SEMI_AUTOMATIC, completionDate=null, assessmentDueDate=2025-02-13T23:47:53.516213581Z[Etc/UTC], expectLastCreatedResult=false" classname="de.tum.cit.aet.artemis.programming.ProgrammingExerciseParticipationIntegrationTest" time="0.097"/>
  <testcase name="testGetParticipationWithLatestResult_multipleResultsAvailable(ZonedDateTime, ZonedDateTime, AssessmentType, ZonedDateTime, ZonedDateTime, boolean) [11] startDate=2025-02-11T23:47:53.516210165Z[Etc/UTC], releaseDate=2025-02-10T23:47:53.516212269Z[Etc/UTC], assessmentType=SEMI_AUTOMATIC, completionDate=2025-02-14T23:47:53.516212600Z[Etc/UTC], assessmentDueDate=2025-02-17T23:47:53.516212760Z[Etc/UTC], expectLastCreatedResult=false" classname="de.tum.cit.aet.artemis.programming.ProgrammingExerciseParticipationIntegrationTest" time="0.095"/>
  <testcase name="testGetParticipationWithLatestResult_multipleResultsAvailable(ZonedDateTime, ZonedDateTime, AssessmentType, ZonedDateTime, ZonedDateTime, boolean) [12] startDate=2025-02-11T23:47:53.516210165Z[Etc/UTC], releaseDate=2025-02-10T23:47:53.516212269Z[Etc/UTC], assessmentType=SEMI_AUTOMATIC, completionDate=2025-02-14T23:47:53.516212600Z[Etc/UTC], assessmentDueDate=2025-02-13T23:47:53.516213581Z[Etc/UTC], expectLastCreatedResult=true" classname="de.tum.cit.aet.artemis.programming.ProgrammingExerciseParticipationIntegrationTest" time="0.1"/>
  <testcase name="getLatestSubmissionsForExercise_instructor()" classname="de.tum.cit.aet.artemis.programming.ProgrammingExerciseParticipationIntegrationTest" time="0.132"/>
  <testcase name="testGetLatestPendingSubmission_notProgrammingParticipation()" classname="de.tum.cit.aet.artemis.programming.ProgrammingExerciseParticipationIntegrationTest" time="0.076"/>
  <testcase name="retrieveCommitInfoEditorForbidden()" classname="de.tum.cit.aet.artemis.programming.ProgrammingExerciseParticipationIntegrationTest" time="0.073"/>
  <testcase name="testGetLatestResultWithFeedbacksForTemplateParticipationAsInstructor()" classname="de.tum.cit.aet.artemis.programming.ProgrammingExerciseParticipationIntegrationTest" time="0.093"/>
  <testcase name="testGetLatestResultWithFeedbacksAsStudent_showsResultAfterExamResultsPublished()" classname="de.tum.cit.aet.artemis.programming.ProgrammingExerciseParticipationIntegrationTest" time="0.112"/>
  <system-out><![CDATA[[INFO] 
[INFO] --- surefire:3.2.5:test (default-test) @ c397a138-5740-420f-845b-6d0326a003a0-Tests ---
Downloading from central: https://repo.maven.apache.org/maven2/org/apache/maven/surefire/maven-surefire-common/3.2.5/maven-surefire-common-3.2.5.pom
Progress (1): 6.2 kB
                    
Downloaded from central: https://repo.maven.apache.org/maven2/org/apache/maven/surefire/maven-surefire-common/3.2.5/maven-surefire-common-3.2.5.pom (6.2 kB at 694 kB/s)
Downloading from central: https://repo.maven.apache.org/maven2/org/apache/maven/surefire/surefire-api/3.2.5/surefire-api-3.2.5.pom
Progress (1): 3.5 kB
                    
Downloaded from central: https://repo.maven.apache.org/maven2/org/apache/maven/surefire/surefire-api/3.2.5/surefire-api-3.2.5.pom (3.5 kB at 392 kB/s)
Downloading from central: https://repo.maven.apache.org/maven2/org/apache/maven/surefire/surefire-logger-api/3.2.5/surefire-logger-api-3.2.5.pom
Progress (1): 3.3 kB
                    
Downloaded from central: https://repo.maven.apache.org/maven2/org/apache/maven/surefire/surefire-logger-api/3.2.5/surefire-logger-api-3.2.5.pom (3.3 kB at 251 kB/s)
Downloading from central: https://repo.maven.apache.org/maven2/org/apache/maven/surefire/surefire-shared-utils/3.2.5/surefire-shared-utils-3.2.5.pom
Progress (1): 4.1 kB
                    
Downloaded from central: https://repo.maven.apache.org/maven2/org/apache/maven/surefire/surefire-shared-utils/3.2.5/surefire-shared-utils-3.2.5.pom (4.1 kB at 369 kB/s)
Downloading from central: https://repo.maven.apache.org/maven2/org/apache/maven/surefire/surefire-extensions-api/3.2.5/surefire-extensions-api-3.2.5.pom
Progress (1): 3.3 kB
                    
Downloaded from central: https://repo.maven.apache.org/maven2/org/apache/maven/surefire/surefire-extensions-api/3.2.5/surefire-extensions-api-3.2.5.pom (3.3 kB at 330 kB/s)
Downloading from central: https://repo.maven.apache.org/maven2/org/apache/maven/surefire/surefire-booter/3.2.5/surefire-booter-3.2.5.pom
Progress (1): 4.5 kB
                    
Downloaded from central: https://repo.maven.apache.org/maven2/org/apache/maven/surefire/surefire-booter/3.2.5/surefire-booter-3.2.5.pom (4.5 kB at 557 kB/s)
Downloading from central: https://repo.maven.apache.org/maven2/org/apache/maven/surefire/surefire-extensions-spi/3.2.5/surefire-extensions-spi-3.2.5.pom
Progress (1): 1.8 kB
                    
Downloaded from central: https://repo.maven.apache.org/maven2/org/apache/maven/surefire/surefire-extensions-spi/3.2.5/surefire-extensions-spi-3.2.5.pom (1.8 kB at 220 kB/s)
Downloading from central: https://repo.maven.apache.org/maven2/org/apache/maven/shared/maven-common-artifact-filters/3.1.1/maven-common-artifact-filters-3.1.1.pom
Progress (1): 5.8 kB
                    
Downloaded from central: https://repo.maven.apache.org/maven2/org/apache/maven/shared/maven-common-artifact-filters/3.1.1/maven-common-artifact-filters-3.1.1.pom (5.8 kB at 644 kB/s)
Downloading from central: https://repo.maven.apache.org/maven2/org/apache/maven/maven-artifact/3.2.5/maven-artifact-3.2.5.pom
Progress (1): 2.3 kB
                    
Downloaded from central: https://repo.maven.apache.org/maven2/org/apache/maven/maven-artifact/3.2.5/maven-artifact-3.2.5.pom (2.3 kB at 181 kB/s)
Downloading from central: https://repo.maven.apache.org/maven2/org/apache/maven/maven/3.2.5/maven-3.2.5.pom
Progress (1): 16/22 kB
Progress (1): 22 kB   
                   
Downloaded from central: https://repo.maven.apache.org/maven2/org/apache/maven/maven/3.2.5/maven-3.2.5.pom (22 kB at 2.0 MB/s)
Downloading from central: https://repo.maven.apache.org/maven2/org/apache/maven/maven-parent/25/maven-parent-25.pom
Progress (1): 16/37 kB
Progress (1): 32/37 kB
Progress (1): 37 kB   
                   
Downloaded from central: https://repo.maven.apache.org/maven2/org/apache/maven/maven-parent/25/maven-parent-25.pom (37 kB at 3.1 MB/s)
Downloading from central: https://repo.maven.apache.org/maven2/org/apache/apache/15/apache-15.pom
Progress (1): 15 kB
                   
Downloaded from central: https://repo.maven.apache.org/maven2/org/apache/apache/15/apache-15.pom (15 kB at 1.5 MB/s)
Downloading from central: https://repo.maven.apache.org/maven2/org/apache/maven/maven-core/3.2.5/maven-core-3.2.5.pom
Progress (1): 8.1 kB
                    
Downloaded from central: https://repo.maven.apache.org/maven2/org/apache/maven/maven-core/3.2.5/maven-core-3.2.5.pom (8.1 kB at 672 kB/s)
Downloading from central: https://repo.maven.apache.org/maven2/org/apache/maven/maven-settings/3.2.5/maven-settings-3.2.5.pom
Progress (1): 2.2 kB
                    
Downloaded from central: https://repo.maven.apache.org/maven2/org/apache/maven/maven-settings/3.2.5/maven-settings-3.2.5.pom (2.2 kB at 271 kB/s)
Downloading from central: https://repo.maven.apache.org/maven2/org/apache/maven/maven-settings-builder/3.2.5/maven-settings-builder-3.2.5.pom
Progress (1): 2.6 kB
                    
Downloaded from central: https://repo.maven.apache.org/maven2/org/apache/maven/maven-settings-builder/3.2.5/maven-settings-builder-3.2.5.pom (2.6 kB at 260 kB/s)
Downloading from central: https://repo.maven.apache.org/maven2/org/codehaus/plexus/plexus-interpolation/1.21/plexus-interpolation-1.21.pom
Progress (1): 1.5 kB
                    
Downloaded from central: https://repo.maven.apache.org/maven2/org/codehaus/plexus/plexus-interpolation/1.21/plexus-interpolation-1.21.pom (1.5 kB at 103 kB/s)
Downloading from central: https://repo.maven.apache.org/maven2/org/codehaus/plexus/plexus-components/1.3.1/plexus-components-1.3.1.pom
Progress (1): 3.1 kB
                    
Downloaded from central: https://repo.maven.apache.org/maven2/org/codehaus/plexus/plexus-components/1.3.1/plexus-components-1.3.1.pom (3.1 kB at 255 kB/s)
Downloading from central: https://repo.maven.apache.org/maven2/org/codehaus/plexus/plexus/3.3.1/plexus-3.3.1.pom
Progress (1): 16/20 kB
Progress (1): 20 kB   
                   
Downloaded from central: https://repo.maven.apache.org/maven2/org/codehaus/plexus/plexus/3.3.1/plexus-3.3.1.pom (20 kB at 1.6 MB/s)
Downloading from central: https://repo.maven.apache.org/maven2/org/sonatype/spice/spice-parent/17/spice-parent-17.pom
Progress (1): 6.8 kB
                    
Downloaded from central: https://repo.maven.apache.org/maven2/org/sonatype/spice/spice-parent/17/spice-parent-17.pom (6.8 kB at 966 kB/s)
Downloading from central: https://repo.maven.apache.org/maven2/org/sonatype/forge/forge-parent/10/forge-parent-10.pom
Progress (1): 14 kB
                   
Downloaded from central: https://repo.maven.apache.org/maven2/org/sonatype/forge/forge-parent/10/forge-parent-10.pom (14 kB at 1.0 MB/s)
Downloading from central: https://repo.maven.apache.org/maven2/org/codehaus/plexus/plexus-component-annotations/1.5.5/plexus-component-annotations-1.5.5.pom
Progress (1): 815 B
                   
Downloaded from central: https://repo.maven.apache.org/maven2/org/codehaus/plexus/plexus-component-annotations/1.5.5/plexus-component-annotations-1.5.5.pom (815 B at 102 kB/s)
Downloading from central: https://repo.maven.apache.org/maven2/org/codehaus/plexus/plexus-containers/1.5.5/plexus-containers-1.5.5.pom
Progress (1): 4.2 kB
                    
Downloaded from central: https://repo.maven.apache.org/maven2/org/codehaus/plexus/plexus-containers/1.5.5/plexus-containers-1.5.5.pom (4.2 kB at 424 kB/s)
Downloading from central: https://repo.maven.apache.org/maven2/org/codehaus/plexus/plexus/2.0.7/plexus-2.0.7.pom
Progress (1): 16/17 kB
Progress (1): 17 kB   
                   
Downloaded from central: https://repo.maven.apache.org/maven2/org/codehaus/plexus/plexus/2.0.7/plexus-2.0.7.pom (17 kB at 1.6 MB/s)
Downloading from central: https://repo.maven.apache.org/maven2/org/sonatype/plexus/plexus-sec-dispatcher/1.3/plexus-sec-dispatcher-1.3.pom
Progress (1): 3.0 kB
                    
Downloaded from central: https://repo.maven.apache.org/maven2/org/sonatype/plexus/plexus-sec-dispatcher/1.3/plexus-sec-dispatcher-1.3.pom (3.0 kB at 269 kB/s)
Downloading from central: https://repo.maven.apache.org/maven2/org/sonatype/spice/spice-parent/12/spice-parent-12.pom
Progress (1): 6.8 kB
                    
Downloaded from central: https://repo.maven.apache.org/maven2/org/sonatype/spice/spice-parent/12/spice-parent-12.pom (6.8 kB at 680 kB/s)
Downloading from central: https://repo.maven.apache.org/maven2/org/sonatype/forge/forge-parent/4/forge-parent-4.pom
Progress (1): 8.4 kB
                    
Downloaded from central: https://repo.maven.apache.org/maven2/org/sonatype/forge/forge-parent/4/forge-parent-4.pom (8.4 kB at 700 kB/s)
Downloading from central: https://repo.maven.apache.org/maven2/org/sonatype/plexus/plexus-cipher/1.4/plexus-cipher-1.4.pom
Progress (1): 2.1 kB
                    
Downloaded from central: https://repo.maven.apache.org/maven2/org/sonatype/plexus/plexus-cipher/1.4/plexus-cipher-1.4.pom (2.1 kB at 229 kB/s)
Downloading from central: https://repo.maven.apache.org/maven2/org/apache/maven/maven-repository-metadata/3.2.5/maven-repository-metadata-3.2.5.pom
Progress (1): 2.2 kB
                    
Downloaded from central: https://repo.maven.apache.org/maven2/org/apache/maven/maven-repository-metadata/3.2.5/maven-repository-metadata-3.2.5.pom (2.2 kB at 279 kB/s)
Downloading from central: https://repo.maven.apache.org/maven2/org/apache/maven/maven-plugin-api/3.2.5/maven-plugin-api-3.2.5.pom
Progress (1): 3.0 kB
                    
Downloaded from central: https://repo.maven.apache.org/maven2/org/apache/maven/maven-plugin-api/3.2.5/maven-plugin-api-3.2.5.pom (3.0 kB at 303 kB/s)
Downloading from central: https://repo.maven.apache.org/maven2/org/eclipse/sisu/org.eclipse.sisu.plexus/0.9.0.M2/org.eclipse.sisu.plexus-0.9.0.M2.pom
Progress (1): 15 kB
                   
Downloaded from central: https://repo.maven.apache.org/maven2/org/eclipse/sisu/org.eclipse.sisu.plexus/0.9.0.M2/org.eclipse.sisu.plexus-0.9.0.M2.pom (15 kB at 1.7 MB/s)
Downloading from central: https://repo.maven.apache.org/maven2/org/eclipse/sisu/sisu-plexus/0.9.0.M2/sisu-plexus-0.9.0.M2.pom
Progress (1): 15 kB
                   
Downloaded from central: https://repo.maven.apache.org/maven2/org/eclipse/sisu/sisu-plexus/0.9.0.M2/sisu-plexus-0.9.0.M2.pom (15 kB at 1.3 MB/s)
Downloading from central: https://repo.maven.apache.org/maven2/javax/annotation/javax.annotation-api/1.2/javax.annotation-api-1.2.pom
Progress (1): 13 kB
                   
Downloaded from central: https://repo.maven.apache.org/maven2/javax/annotation/javax.annotation-api/1.2/javax.annotation-api-1.2.pom (13 kB at 1.1 MB/s)
Downloading from central: https://repo.maven.apache.org/maven2/net/java/jvnet-parent/3/jvnet-parent-3.pom
Progress (1): 4.8 kB
                    
Downloaded from central: https://repo.maven.apache.org/maven2/net/java/jvnet-parent/3/jvnet-parent-3.pom (4.8 kB at 435 kB/s)
Downloading from central: https://repo.maven.apache.org/maven2/javax/enterprise/cdi-api/1.2/cdi-api-1.2.pom
Progress (1): 6.3 kB
                    
Downloaded from central: https://repo.maven.apache.org/maven2/javax/enterprise/cdi-api/1.2/cdi-api-1.2.pom (6.3 kB at 523 kB/s)
Downloading from central: https://repo.maven.apache.org/maven2/org/jboss/weld/weld-parent/26/weld-parent-26.pom
Progress (1): 16/32 kB
Progress (1): 32/32 kB
Progress (1): 32 kB   
                   
Downloaded from central: https://repo.maven.apache.org/maven2/org/jboss/weld/weld-parent/26/weld-parent-26.pom (32 kB at 3.6 MB/s)
Downloading from central: https://repo.maven.apache.org/maven2/org/eclipse/sisu/org.eclipse.sisu.inject/0.9.0.M2/org.eclipse.sisu.inject-0.9.0.M2.pom
Progress (1): 16/17 kB
Progress (1): 17 kB   
                   
Downloaded from central: https://repo.maven.apache.org/maven2/org/eclipse/sisu/org.eclipse.sisu.inject/0.9.0.M2/org.eclipse.sisu.inject-0.9.0.M2.pom (17 kB at 1.6 MB/s)
Downloading from central: https://repo.maven.apache.org/maven2/org/eclipse/sisu/sisu-inject/0.9.0.M2/sisu-inject-0.9.0.M2.pom
Progress (1): 15 kB
                   
Downloaded from central: https://repo.maven.apache.org/maven2/org/eclipse/sisu/sisu-inject/0.9.0.M2/sisu-inject-0.9.0.M2.pom (15 kB at 1.1 MB/s)
Downloading from central: https://repo.maven.apache.org/maven2/org/codehaus/plexus/plexus-component-annotations/2.1.0/plexus-component-annotations-2.1.0.pom
Progress (1): 750 B
                   
Downloaded from central: https://repo.maven.apache.org/maven2/org/codehaus/plexus/plexus-component-annotations/2.1.0/plexus-component-annotations-2.1.0.pom (750 B at 83 kB/s)
Downloading from central: https://repo.maven.apache.org/maven2/org/codehaus/plexus/plexus-containers/2.1.0/plexus-containers-2.1.0.pom
Progress (1): 4.8 kB
                    
Downloaded from central: https://repo.maven.apache.org/maven2/org/codehaus/plexus/plexus-containers/2.1.0/plexus-containers-2.1.0.pom (4.8 kB at 480 kB/s)
Downloading from central: https://repo.maven.apache.org/maven2/org/codehaus/plexus/plexus-classworlds/2.6.0/plexus-classworlds-2.6.0.pom
Progress (1): 7.9 kB
                    
Downloaded from central: https://repo.maven.apache.org/maven2/org/codehaus/plexus/plexus-classworlds/2.6.0/plexus-classworlds-2.6.0.pom (7.9 kB at 659 kB/s)
Downloading from central: https://repo.maven.apache.org/maven2/org/apache/maven/maven-model-builder/3.2.5/maven-model-builder-3.2.5.pom
Progress (1): 3.0 kB
                    
Downloaded from central: https://repo.maven.apache.org/maven2/org/apache/maven/maven-model-builder/3.2.5/maven-model-builder-3.2.5.pom (3.0 kB at 230 kB/s)
Downloading from central: https://repo.maven.apache.org/maven2/org/apache/maven/maven-aether-provider/3.2.5/maven-aether-provider-3.2.5.pom
Progress (1): 4.2 kB
                    
Downloaded from central: https://repo.maven.apache.org/maven2/org/apache/maven/maven-aether-provider/3.2.5/maven-aether-provider-3.2.5.pom (4.2 kB at 531 kB/s)
Downloading from central: https://repo.maven.apache.org/maven2/org/eclipse/aether/aether-spi/1.0.0.v20140518/aether-spi-1.0.0.v20140518.pom
Progress (1): 2.1 kB
                    
Downloaded from central: https://repo.maven.apache.org/maven2/org/eclipse/aether/aether-spi/1.0.0.v20140518/aether-spi-1.0.0.v20140518.pom (2.1 kB at 228 kB/s)
Downloading from central: https://repo.maven.apache.org/maven2/org/eclipse/aether/aether-impl/1.0.0.v20140518/aether-impl-1.0.0.v20140518.pom
Progress (1): 3.5 kB
                    
Downloaded from central: https://repo.maven.apache.org/maven2/org/eclipse/aether/aether-impl/1.0.0.v20140518/aether-impl-1.0.0.v20140518.pom (3.5 kB at 316 kB/s)
Downloading from central: https://repo.maven.apache.org/maven2/org/sonatype/sisu/sisu-guice/3.2.3/sisu-guice-3.2.3.pom
Progress (1): 11 kB
                   
Downloaded from central: https://repo.maven.apache.org/maven2/org/sonatype/sisu/sisu-guice/3.2.3/sisu-guice-3.2.3.pom (11 kB at 1.2 MB/s)
Downloading from central: https://repo.maven.apache.org/maven2/org/sonatype/sisu/inject/guice-parent/3.2.3/guice-parent-3.2.3.pom
Progress (1): 13 kB
                   
Downloaded from central: https://repo.maven.apache.org/maven2/org/sonatype/sisu/inject/guice-parent/3.2.3/guice-parent-3.2.3.pom (13 kB at 1.2 MB/s)
Downloading from central: https://repo.maven.apache.org/maven2/org/sonatype/forge/forge-parent/38/forge-parent-38.pom
Progress (1): 16/19 kB
Progress (1): 19 kB   
                   
Downloaded from central: https://repo.maven.apache.org/maven2/org/sonatype/forge/forge-parent/38/forge-parent-38.pom (19 kB at 1.6 MB/s)
Downloading from central: https://repo.maven.apache.org/maven2/aopalliance/aopalliance/1.0/aopalliance-1.0.pom
Progress (1): 363 B
                   
Downloaded from central: https://repo.maven.apache.org/maven2/aopalliance/aopalliance/1.0/aopalliance-1.0.pom (363 B at 36 kB/s)
Downloading from central: https://repo.maven.apache.org/maven2/com/google/guava/guava/16.0.1/guava-16.0.1.pom
Progress (1): 6.1 kB
                    
Downloaded from central: https://repo.maven.apache.org/maven2/com/google/guava/guava/16.0.1/guava-16.0.1.pom (6.1 kB at 610 kB/s)
Downloading from central: https://repo.maven.apache.org/maven2/com/google/guava/guava-parent/16.0.1/guava-parent-16.0.1.pom
Progress (1): 7.3 kB
                    
Downloaded from central: https://repo.maven.apache.org/maven2/com/google/guava/guava-parent/16.0.1/guava-parent-16.0.1.pom (7.3 kB at 667 kB/s)
Downloading from central: https://repo.maven.apache.org/maven2/org/sonatype/oss/oss-parent/7/oss-parent-7.pom
Progress (1): 4.8 kB
                    
Downloaded from central: https://repo.maven.apache.org/maven2/org/sonatype/oss/oss-parent/7/oss-parent-7.pom (4.8 kB at 402 kB/s)
Downloading from central: https://repo.maven.apache.org/maven2/org/codehaus/plexus/plexus-classworlds/2.5.2/plexus-classworlds-2.5.2.pom
Progress (1): 7.3 kB
                    
Downloaded from central: https://repo.maven.apache.org/maven2/org/codehaus/plexus/plexus-classworlds/2.5.2/plexus-classworlds-2.5.2.pom (7.3 kB at 664 kB/s)
Downloading from central: https://repo.maven.apache.org/maven2/commons-io/commons-io/2.15.1/commons-io-2.15.1.pom
Progress (1): 16/20 kB
Progress (1): 20 kB   
                   
Downloaded from central: https://repo.maven.apache.org/maven2/commons-io/commons-io/2.15.1/commons-io-2.15.1.pom (20 kB at 2.0 MB/s)
Downloading from central: https://repo.maven.apache.org/maven2/org/apache/commons/commons-parent/65/commons-parent-65.pom
Progress (1): 16/78 kB
Progress (1): 33/78 kB
Progress (1): 49/78 kB
Progress (1): 66/78 kB
Progress (1): 78 kB   
                   
Downloaded from central: https://repo.maven.apache.org/maven2/org/apache/commons/commons-parent/65/commons-parent-65.pom (78 kB at 7.1 MB/s)
Downloading from central: https://repo.maven.apache.org/maven2/org/junit/junit-bom/5.10.1/junit-bom-5.10.1.pom
Progress (1): 5.6 kB
                    
Downloaded from central: https://repo.maven.apache.org/maven2/org/junit/junit-bom/5.10.1/junit-bom-5.10.1.pom (5.6 kB at 706 kB/s)
Downloading from central: https://repo.maven.apache.org/maven2/org/apache/maven/surefire/maven-surefire-common/3.2.5/maven-surefire-common-3.2.5.jar
Progress (1): 16/308 kB
Progress (1): 33/308 kB
Progress (1): 49/308 kB
Progress (1): 64/308 kB
Progress (1): 81/308 kB
Progress (1): 97/308 kB
Progress (1): 114/308 kB
Progress (1): 130/308 kB
Progress (1): 146/308 kB
Progress (1): 163/308 kB
Progress (1): 179/308 kB
Progress (1): 195/308 kB
Progress (1): 212/308 kB
Progress (1): 228/308 kB
Progress (1): 245/308 kB
Progress (1): 261/308 kB
Progress (1): 277/308 kB
Progress (1): 294/308 kB
Progress (1): 308 kB    
                    
Downloaded from central: https://repo.maven.apache.org/maven2/org/apache/maven/surefire/maven-surefire-common/3.2.5/maven-surefire-common-3.2.5.jar (308 kB at 16 MB/s)
Downloading from central: https://repo.maven.apache.org/maven2/org/apache/maven/surefire/surefire-api/3.2.5/surefire-api-3.2.5.jar
Downloading from central: https://repo.maven.apache.org/maven2/org/apache/maven/surefire/surefire-logger-api/3.2.5/surefire-logger-api-3.2.5.jar
Downloading from central: https://repo.maven.apache.org/maven2/org/apache/maven/surefire/surefire-booter/3.2.5/surefire-booter-3.2.5.jar
Downloading from central: https://repo.maven.apache.org/maven2/org/apache/maven/surefire/surefire-extensions-api/3.2.5/surefire-extensions-api-3.2.5.jar
Downloading from central: https://repo.maven.apache.org/maven2/org/apache/maven/surefire/surefire-extensions-spi/3.2.5/surefire-extensions-spi-3.2.5.jar
Progress (1): 14 kB
Progress (2): 14 kB | 16/171 kB
Progress (2): 14 kB | 33/171 kB
Progress (2): 14 kB | 49/171 kB
Progress (2): 14 kB | 64/171 kB
Progress (2): 14 kB | 80/171 kB
                               
Downloaded from central: https://repo.maven.apache.org/maven2/org/apache/maven/surefire/surefire-logger-api/3.2.5/surefire-logger-api-3.2.5.jar (14 kB at 1.4 MB/s)
Downloading from central: https://repo.maven.apache.org/maven2/org/eclipse/aether/aether-api/1.0.0.v20140518/aether-api-1.0.0.v20140518.jar
Progress (1): 97/171 kB
Progress (1): 113/171 kB
Progress (1): 129/171 kB
Progress (1): 146/171 kB
Progress (1): 162/171 kB
Progress (1): 171 kB    
Progress (2): 171 kB | 8.2 kB
Progress (3): 171 kB | 8.2 kB | 16/118 kB
Progress (3): 171 kB | 8.2 kB | 33/118 kB
Progress (3): 171 kB | 8.2 kB | 49/118 kB
                                         
Downloaded from central: https://repo.maven.apache.org/maven2/org/apache/maven/surefire/surefire-extensions-spi/3.2.5/surefire-extensions-spi-3.2.5.jar (8.2 kB at 681 kB/s)
Downloading from central: https://repo.maven.apache.org/maven2/org/apache/maven/shared/maven-common-artifact-filters/3.1.1/maven-common-artifact-filters-3.1.1.jar
Progress (2): 171 kB | 66/118 kB
Progress (2): 171 kB | 82/118 kB
Progress (2): 171 kB | 98/118 kB
Progress (2): 171 kB | 115/118 kB
Progress (2): 171 kB | 118 kB    
Progress (3): 171 kB | 118 kB | 16/26 kB
Progress (3): 171 kB | 118 kB | 26 kB   
                                     
Downloaded from central: https://repo.maven.apache.org/maven2/org/apache/maven/surefire/surefire-booter/3.2.5/surefire-booter-3.2.5.jar (118 kB at 7.8 MB/s)
Downloading from central: https://repo.maven.apache.org/maven2/commons-io/commons-io/2.15.1/commons-io-2.15.1.jar
Downloaded from central: https://repo.maven.apache.org/maven2/org/apache/maven/surefire/surefire-extensions-api/3.2.5/surefire-extensions-api-3.2.5.jar (26 kB at 1.7 MB/s)
Downloading from central: https://repo.maven.apache.org/maven2/org/apache/maven/surefire/surefire-shared-utils/3.2.5/surefire-shared-utils-3.2.5.jar
Downloaded from central: https://repo.maven.apache.org/maven2/org/apache/maven/surefire/surefire-api/3.2.5/surefire-api-3.2.5.jar (171 kB at 10 MB/s)
Progress (1): 16/136 kB
Progress (1): 33/136 kB
Progress (1): 49/136 kB
Progress (1): 62/136 kB
Progress (1): 78/136 kB
Progress (1): 94/136 kB
Progress (1): 111/136 kB
Progress (1): 127/136 kB
Progress (1): 136 kB    
                    
Downloaded from central: https://repo.maven.apache.org/maven2/org/eclipse/aether/aether-api/1.0.0.v20140518/aether-api-1.0.0.v20140518.jar (136 kB at 7.2 MB/s)
Progress (1): 16/61 kB
Progress (1): 33/61 kB
Progress (1): 49/61 kB
Progress (1): 61 kB   
                   
Downloaded from central: https://repo.maven.apache.org/maven2/org/apache/maven/shared/maven-common-artifact-filters/3.1.1/maven-common-artifact-filters-3.1.1.jar (61 kB at 2.9 MB/s)
Progress (1): 0/2.4 MB
Progress (2): 0/2.4 MB | 16/501 kB
Progress (2): 0/2.4 MB | 33/501 kB
Progress (2): 0/2.4 MB | 33/501 kB
Progress (2): 0/2.4 MB | 49/501 kB
Progress (2): 0/2.4 MB | 49/501 kB
Progress (2): 0/2.4 MB | 62/501 kB
Progress (2): 0.1/2.4 MB | 62/501 kB
Progress (2): 0.1/2.4 MB | 79/501 kB
Progress (2): 0.1/2.4 MB | 79/501 kB
Progress (2): 0.1/2.4 MB | 95/501 kB
Progress (2): 0.1/2.4 MB | 111/501 kB
Progress (2): 0.1/2.4 MB | 111/501 kB
Progress (2): 0.1/2.4 MB | 128/501 kB
Progress (2): 0.1/2.4 MB | 128/501 kB
Progress (2): 0.1/2.4 MB | 144/501 kB
Progress (2): 0.1/2.4 MB | 144/501 kB
Progress (2): 0.1/2.4 MB | 144/501 kB
Progress (2): 0.2/2.4 MB | 144/501 kB
Progress (2): 0.2/2.4 MB | 144/501 kB
Progress (2): 0.2/2.4 MB | 161/501 kB
Progress (2): 0.2/2.4 MB | 177/501 kB
Progress (2): 0.2/2.4 MB | 193/501 kB
Progress (2): 0.2/2.4 MB | 210/501 kB
Progress (2): 0.2/2.4 MB | 226/501 kB
Progress (2): 0.2/2.4 MB | 243/501 kB
Progress (2): 0.2/2.4 MB | 259/501 kB
Progress (2): 0.2/2.4 MB | 275/501 kB
Progress (2): 0.2/2.4 MB | 292/501 kB
Progress (2): 0.2/2.4 MB | 308/501 kB
Progress (2): 0.2/2.4 MB | 308/501 kB
Progress (2): 0.2/2.4 MB | 324/501 kB
Progress (2): 0.2/2.4 MB | 341/501 kB
Progress (2): 0.2/2.4 MB | 357/501 kB
Progress (2): 0.2/2.4 MB | 357/501 kB
Progress (2): 0.2/2.4 MB | 374/501 kB
Progress (2): 0.2/2.4 MB | 374/501 kB
Progress (2): 0.2/2.4 MB | 390/501 kB
Progress (2): 0.2/2.4 MB | 390/501 kB
Progress (2): 0.3/2.4 MB | 390/501 kB
Progress (2): 0.3/2.4 MB | 390/501 kB
Progress (2): 0.3/2.4 MB | 390/501 kB
Progress (2): 0.3/2.4 MB | 390/501 kB
Progress (2): 0.3/2.4 MB | 390/501 kB
Progress (2): 0.3/2.4 MB | 390/501 kB
Progress (2): 0.4/2.4 MB | 390/501 kB
Progress (2): 0.4/2.4 MB | 390/501 kB
Progress (2): 0.4/2.4 MB | 390/501 kB
Progress (2): 0.4/2.4 MB | 390/501 kB
Progress (2): 0.4/2.4 MB | 390/501 kB
Progress (2): 0.4/2.4 MB | 390/501 kB
Progress (2): 0.4/2.4 MB | 406/501 kB
Progress (2): 0.4/2.4 MB | 423/501 kB
Progress (2): 0.4/2.4 MB | 439/501 kB
Progress (2): 0.4/2.4 MB | 456/501 kB
Progress (2): 0.5/2.4 MB | 456/501 kB
Progress (2): 0.5/2.4 MB | 456/501 kB
Progress (2): 0.5/2.4 MB | 472/501 kB
Progress (2): 0.5/2.4 MB | 472/501 kB
Progress (2): 0.5/2.4 MB | 472/501 kB
Progress (2): 0.5/2.4 MB | 488/501 kB
Progress (2): 0.5/2.4 MB | 488/501 kB
Progress (2): 0.5/2.4 MB | 488/501 kB
Progress (2): 0.5/2.4 MB | 501 kB    
Progress (2): 0.6/2.4 MB | 501 kB
Progress (2): 0.6/2.4 MB | 501 kB
                                 
Downloaded from central: https://repo.maven.apache.org/maven2/commons-io/commons-io/2.15.1/commons-io-2.15.1.jar (501 kB at 14 MB/s)
Progress (1): 0.6/2.4 MB
Progress (1): 0.6/2.4 MB
Progress (1): 0.6/2.4 MB
Progress (1): 0.6/2.4 MB
Progress (1): 0.7/2.4 MB
Progress (1): 0.7/2.4 MB
Progress (1): 0.7/2.4 MB
Progress (1): 0.7/2.4 MB
Progress (1): 0.7/2.4 MB
Progress (1): 0.7/2.4 MB
Progress (1): 0.8/2.4 MB
Progress (1): 0.8/2.4 MB
Progress (1): 0.8/2.4 MB
Progress (1): 0.8/2.4 MB
Progress (1): 0.8/2.4 MB
Progress (1): 0.8/2.4 MB
Progress (1): 0.8/2.4 MB
Progress (1): 0.9/2.4 MB
Progress (1): 0.9/2.4 MB
Progress (1): 0.9/2.4 MB
Progress (1): 0.9/2.4 MB
Progress (1): 0.9/2.4 MB
Progress (1): 0.9/2.4 MB
Progress (1): 1.0/2.4 MB
Progress (1): 1.0/2.4 MB
Progress (1): 1.0/2.4 MB
Progress (1): 1.0/2.4 MB
Progress (1): 1.0/2.4 MB
Progress (1): 1.0/2.4 MB
Progress (1): 1.1/2.4 MB
Progress (1): 1.1/2.4 MB
Progress (1): 1.1/2.4 MB
Progress (1): 1.1/2.4 MB
Progress (1): 1.1/2.4 MB
Progress (1): 1.1/2.4 MB
Progress (1): 1.2/2.4 MB
Progress (1): 1.2/2.4 MB
Progress (1): 1.2/2.4 MB
Progress (1): 1.2/2.4 MB
Progress (1): 1.2/2.4 MB
Progress (1): 1.2/2.4 MB
Progress (1): 1.3/2.4 MB
Progress (1): 1.3/2.4 MB
Progress (1): 1.3/2.4 MB
Progress (1): 1.3/2.4 MB
Progress (1): 1.3/2.4 MB
Progress (1): 1.3/2.4 MB
Progress (1): 1.4/2.4 MB
Progress (1): 1.4/2.4 MB
Progress (1): 1.4/2.4 MB
Progress (1): 1.4/2.4 MB
Progress (1): 1.4/2.4 MB
Progress (1): 1.4/2.4 MB
Progress (1): 1.5/2.4 MB
Progress (1): 1.5/2.4 MB
Progress (1): 1.5/2.4 MB
Progress (1): 1.5/2.4 MB
Progress (1): 1.5/2.4 MB
Progress (1): 1.5/2.4 MB
Progress (1): 1.6/2.4 MB
Progress (1): 1.6/2.4 MB
Progress (1): 1.6/2.4 MB
Progress (1): 1.6/2.4 MB
Progress (1): 1.6/2.4 MB
Progress (1): 1.6/2.4 MB
Progress (1): 1.7/2.4 MB
Progress (1): 1.7/2.4 MB
Progress (1): 1.7/2.4 MB
Progress (1): 1.7/2.4 MB
Progress (1): 1.7/2.4 MB
Progress (1): 1.7/2.4 MB
Progress (1): 1.7/2.4 MB
Progress (1): 1.8/2.4 MB
Progress (1): 1.8/2.4 MB
Progress (1): 1.8/2.4 MB
Progress (1): 1.8/2.4 MB
Progress (1): 1.8/2.4 MB
Progress (1): 1.8/2.4 MB
Progress (1): 1.9/2.4 MB
Progress (1): 1.9/2.4 MB
Progress (1): 1.9/2.4 MB
Progress (1): 1.9/2.4 MB
Progress (1): 1.9/2.4 MB
Progress (1): 1.9/2.4 MB
Progress (1): 2.0/2.4 MB
Progress (1): 2.0/2.4 MB
Progress (1): 2.0/2.4 MB
Progress (1): 2.0/2.4 MB
Progress (1): 2.0/2.4 MB
Progress (1): 2.0/2.4 MB
Progress (1): 2.1/2.4 MB
Progress (1): 2.1/2.4 MB
Progress (1): 2.1/2.4 MB
Progress (1): 2.1/2.4 MB
Progress (1): 2.1/2.4 MB
Progress (1): 2.1/2.4 MB
Progress (1): 2.2/2.4 MB
Progress (1): 2.2/2.4 MB
Progress (1): 2.2/2.4 MB
Progress (1): 2.2/2.4 MB
Progress (1): 2.2/2.4 MB
Progress (1): 2.2/2.4 MB
Progress (1): 2.3/2.4 MB
Progress (1): 2.3/2.4 MB
Progress (1): 2.3/2.4 MB
Progress (1): 2.3/2.4 MB
Progress (1): 2.3/2.4 MB
Progress (1): 2.3/2.4 MB
Progress (1): 2.4/2.4 MB
Progress (1): 2.4/2.4 MB
Progress (1): 2.4/2.4 MB
Progress (1): 2.4/2.4 MB
Progress (1): 2.4/2.4 MB
Progress (1): 2.4/2.4 MB
Progress (1): 2.4 MB    
                    
Downloaded from central: https://repo.maven.apache.org/maven2/org/apache/maven/surefire/surefire-shared-utils/3.2.5/surefire-shared-utils-3.2.5.jar (2.4 MB at 38 MB/s)
[INFO] Using auto detected provider org.apache.maven.surefire.junitplatform.JUnitPlatformProvider
Downloading from central: https://repo.maven.apache.org/maven2/org/apache/maven/surefire/surefire-junit-platform/3.2.5/surefire-junit-platform-3.2.5.pom
Progress (1): 4.7 kB
                    
Downloaded from central: https://repo.maven.apache.org/maven2/org/apache/maven/surefire/surefire-junit-platform/3.2.5/surefire-junit-platform-3.2.5.pom (4.7 kB at 311 kB/s)
Downloading from central: https://repo.maven.apache.org/maven2/org/apache/maven/surefire/surefire-providers/3.2.5/surefire-providers-3.2.5.pom
Progress (1): 2.6 kB
                    
Downloaded from central: https://repo.maven.apache.org/maven2/org/apache/maven/surefire/surefire-providers/3.2.5/surefire-providers-3.2.5.pom (2.6 kB at 237 kB/s)
Downloading from central: https://repo.maven.apache.org/maven2/org/apache/maven/surefire/common-java5/3.2.5/common-java5-3.2.5.pom
Progress (1): 2.8 kB
                    
Downloaded from central: https://repo.maven.apache.org/maven2/org/apache/maven/surefire/common-java5/3.2.5/common-java5-3.2.5.pom (2.8 kB at 216 kB/s)
Downloading from central: https://repo.maven.apache.org/maven2/org/junit/platform/junit-platform-launcher/1.9.3/junit-platform-launcher-1.9.3.pom
Progress (1): 3.0 kB
                    
Downloaded from central: https://repo.maven.apache.org/maven2/org/junit/platform/junit-platform-launcher/1.9.3/junit-platform-launcher-1.9.3.pom (3.0 kB at 275 kB/s)
Downloading from central: https://repo.maven.apache.org/maven2/org/junit/platform/junit-platform-engine/1.9.3/junit-platform-engine-1.9.3.pom
Progress (1): 3.2 kB
                    
Downloaded from central: https://repo.maven.apache.org/maven2/org/junit/platform/junit-platform-engine/1.9.3/junit-platform-engine-1.9.3.pom (3.2 kB at 267 kB/s)
Downloading from central: https://repo.maven.apache.org/maven2/org/opentest4j/opentest4j/1.2.0/opentest4j-1.2.0.pom
Progress (1): 1.7 kB
                    
Downloaded from central: https://repo.maven.apache.org/maven2/org/opentest4j/opentest4j/1.2.0/opentest4j-1.2.0.pom (1.7 kB at 210 kB/s)
Downloading from central: https://repo.maven.apache.org/maven2/org/junit/platform/junit-platform-commons/1.9.3/junit-platform-commons-1.9.3.pom
Progress (1): 2.8 kB
                    
Downloaded from central: https://repo.maven.apache.org/maven2/org/junit/platform/junit-platform-commons/1.9.3/junit-platform-commons-1.9.3.pom (2.8 kB at 236 kB/s)
Downloading from central: https://repo.maven.apache.org/maven2/org/apache/maven/surefire/surefire-junit-platform/3.2.5/surefire-junit-platform-3.2.5.jar
Progress (1): 16/27 kB
Progress (1): 27 kB   
                   
Downloaded from central: https://repo.maven.apache.org/maven2/org/apache/maven/surefire/surefire-junit-platform/3.2.5/surefire-junit-platform-3.2.5.jar (27 kB at 2.1 MB/s)
Downloading from central: https://repo.maven.apache.org/maven2/org/apache/maven/surefire/common-java5/3.2.5/common-java5-3.2.5.jar
Downloading from central: https://repo.maven.apache.org/maven2/org/junit/platform/junit-platform-launcher/1.9.3/junit-platform-launcher-1.9.3.jar
Downloading from central: https://repo.maven.apache.org/maven2/org/opentest4j/opentest4j/1.2.0/opentest4j-1.2.0.jar
Downloading from central: https://repo.maven.apache.org/maven2/org/junit/platform/junit-platform-engine/1.9.3/junit-platform-engine-1.9.3.jar
Downloading from central: https://repo.maven.apache.org/maven2/org/junit/platform/junit-platform-commons/1.9.3/junit-platform-commons-1.9.3.jar
Progress (1): 16/18 kB
Progress (1): 18 kB   
                   
Downloaded from central: https://repo.maven.apache.org/maven2/org/apache/maven/surefire/common-java5/3.2.5/common-java5-3.2.5.jar (18 kB at 1.6 MB/s)
Progress (1): 16/169 kB
Progress (1): 32/169 kB
Progress (1): 49/169 kB
Progress (1): 65/169 kB
Progress (1): 81/169 kB
Progress (1): 97/169 kB
Progress (2): 97/169 kB | 16/103 kB
Progress (3): 97/169 kB | 16/103 kB | 16/189 kB
Progress (3): 97/169 kB | 33/103 kB | 16/189 kB
Progress (3): 97/169 kB | 33/103 kB | 33/189 kB
Progress (3): 97/169 kB | 49/103 kB | 33/189 kB
Progress (3): 97/169 kB | 49/103 kB | 49/189 kB
Progress (3): 97/169 kB | 66/103 kB | 49/189 kB
Progress (3): 97/169 kB | 66/103 kB | 64/189 kB
Progress (3): 97/169 kB | 82/103 kB | 64/189 kB
Progress (3): 97/169 kB | 82/103 kB | 81/189 kB
Progress (3): 97/169 kB | 98/103 kB | 81/189 kB
Progress (3): 97/169 kB | 103 kB | 81/189 kB   
                                            
Downloaded from central: https://repo.maven.apache.org/maven2/org/junit/platform/junit-platform-commons/1.9.3/junit-platform-commons-1.9.3.jar (103 kB at 10 MB/s)
Progress (3): 97/169 kB | 81/189 kB | 7.7 kB
Progress (3): 113/169 kB | 81/189 kB | 7.7 kB
Progress (3): 130/169 kB | 81/189 kB | 7.7 kB
Progress (3): 146/169 kB | 81/189 kB | 7.7 kB
Progress (3): 146/169 kB | 97/189 kB | 7.7 kB
Progress (3): 163/169 kB | 97/189 kB | 7.7 kB
Progress (3): 169 kB | 97/189 kB | 7.7 kB    
Progress (3): 169 kB | 113/189 kB | 7.7 kB
Progress (3): 169 kB | 130/189 kB | 7.7 kB
                                          
Downloaded from central: https://repo.maven.apache.org/maven2/org/junit/platform/junit-platform-launcher/1.9.3/junit-platform-launcher-1.9.3.jar (169 kB at 11 MB/s)
Progress (2): 146/189 kB | 7.7 kB
                                 
Downloaded from central: https://repo.maven.apache.org/maven2/org/opentest4j/opentest4j/1.2.0/opentest4j-1.2.0.jar (7.7 kB at 547 kB/s)
Progress (1): 163/189 kB
Progress (1): 179/189 kB
Progress (1): 189 kB    
                    
Downloaded from central: https://repo.maven.apache.org/maven2/org/junit/platform/junit-platform-engine/1.9.3/junit-platform-engine-1.9.3.jar (189 kB at 12 MB/s)
[INFO] 
[INFO] -------------------------------------------------------
[INFO]  T E S T S
[INFO] -------------------------------------------------------
[INFO] Running de.test.ConstructorTest
WARNING: A terminally deprecated method in java.lang.System has been called
WARNING: System::setSecurityManager has been called by de.tum.in.test.api.security.ArtemisSecurityManager (file:/home/runner/.m2/repository/de/tum/in/ase/artemis-java-test-sandbox/1.13.0/artemis-java-test-sandbox-1.13.0.jar)
WARNING: Please consider reporting this to the maintainers of de.tum.in.test.api.security.ArtemisSecurityManager
WARNING: System::setSecurityManager will be removed in a future release
[DEBUG] [main] Validated build configuration regarding trusted package rules, 0 are missing.
NOTICE: The warning above is expected and the issue is already known.
        Visit https://github.com/ls1intum/Ares/discussions/113 for more details.
[INFO] [main] Request install with ASC-Impl [testMethod=Optional.empty, executionPath=/tmp/testLocalRepo10608706804174944927, whitelistedPaths=Optional[[PathRule["target" (STARTS_WITH) in WHITELIST; level READ]]], blacklistedPaths=[PathRule["target/test-classes" (STARTS_WITH) in BLACKLIST; level READ]], allowedLocalPorts=[], trustedPackages=[]]
[INFO] [main] Request uninstall
[DEBUG] [main] Validated build configuration regarding trusted package rules, 0 are missing.
[INFO] [main] Request install with ASC-Impl [testMethod=Optional[protected org.junit.jupiter.api.DynamicContainer de.test.ConstructorTest.generateTestsForAllClasses() throws java.net.URISyntaxException], executionPath=/tmp/testLocalRepo10608706804174944927, whitelistedPaths=Optional[[PathRule["target" (STARTS_WITH) in WHITELIST; level READ]]], blacklistedPaths=[PathRule["target/test-classes" (STARTS_WITH) in BLACKLIST; level READ]], allowedLocalPorts=[], trustedPackages=[]]
[INFO] [main] Request whitelisting: Thread[ajts-to-1,5,Test-Threadgroup] []
[INFO] [main] Thread whitelisted: Thread[ajts-to-1,5,Test-Threadgroup]
[INFO] [main] Request uninstall
[DEBUG] [main] Validated build configuration regarding trusted package rules, 0 are missing.
[INFO] [main] Request install with ASC-Impl [testMethod=Optional[protected org.junit.jupiter.api.DynamicContainer de.test.ConstructorTest.generateTestsForAllClasses() throws java.net.URISyntaxException], executionPath=/tmp/testLocalRepo10608706804174944927, whitelistedPaths=Optional[[PathRule["target" (STARTS_WITH) in WHITELIST; level READ]]], blacklistedPaths=[PathRule["target/test-classes" (STARTS_WITH) in BLACKLIST; level READ]], allowedLocalPorts=[], trustedPackages=[]]
[INFO] [main] Request whitelisting: Thread[ajts-to-2,5,Test-Threadgroup] []
[INFO] [main] Thread whitelisted: Thread[ajts-to-2,5,Test-Threadgroup]
[INFO] [main] Request uninstall
[INFO] Tests run: 1, Failures: 0, Errors: 0, Skipped: 0, Time elapsed: 0.733 s -- in de.test.ConstructorTest
[INFO] Running de.test.MethodTest
[DEBUG] [main] Validated build configuration regarding trusted package rules, 0 are missing.
[INFO] [main] Request install with ASC-Impl [testMethod=Optional.empty, executionPath=/tmp/testLocalRepo10608706804174944927, whitelistedPaths=Optional[[PathRule["target" (STARTS_WITH) in WHITELIST; level READ]]], blacklistedPaths=[PathRule["target/test-classes" (STARTS_WITH) in BLACKLIST; level READ]], allowedLocalPorts=[], trustedPackages=[]]
[INFO] [main] Request uninstall
[DEBUG] [main] Validated build configuration regarding trusted package rules, 0 are missing.
[INFO] [main] Request install with ASC-Impl [testMethod=Optional[protected org.junit.jupiter.api.DynamicContainer de.test.MethodTest.generateTestsForAllClasses() throws java.net.URISyntaxException], executionPath=/tmp/testLocalRepo10608706804174944927, whitelistedPaths=Optional[[PathRule["target" (STARTS_WITH) in WHITELIST; level READ]]], blacklistedPaths=[PathRule["target/test-classes" (STARTS_WITH) in BLACKLIST; level READ]], allowedLocalPorts=[], trustedPackages=[]]
[INFO] [main] Request whitelisting: Thread[ajts-to-3,5,Test-Threadgroup] []
[INFO] [main] Thread whitelisted: Thread[ajts-to-3,5,Test-Threadgroup]
[INFO] [main] Request uninstall
[DEBUG] [main] Validated build configuration regarding trusted package rules, 0 are missing.
[INFO] [main] Request install with ASC-Impl [testMethod=Optional[protected org.junit.jupiter.api.DynamicContainer de.test.MethodTest.generateTestsForAllClasses() throws java.net.URISyntaxException], executionPath=/tmp/testLocalRepo10608706804174944927, whitelistedPaths=Optional[[PathRule["target" (STARTS_WITH) in WHITELIST; level READ]]], blacklistedPaths=[PathRule["target/test-classes" (STARTS_WITH) in BLACKLIST; level READ]], allowedLocalPorts=[], trustedPackages=[]]
[INFO] [main] Request whitelisting: Thread[ajts-to-4,5,Test-Threadgroup] []
[INFO] [main] Thread whitelisted: Thread[ajts-to-4,5,Test-Threadgroup]
[INFO] [main] Request uninstall
[DEBUG] [main] Validated build configuration regarding trusted package rules, 0 are missing.
[INFO] [main] Request install with ASC-Impl [testMethod=Optional[protected org.junit.jupiter.api.DynamicContainer de.test.MethodTest.generateTestsForAllClasses() throws java.net.URISyntaxException], executionPath=/tmp/testLocalRepo10608706804174944927, whitelistedPaths=Optional[[PathRule["target" (STARTS_WITH) in WHITELIST; level READ]]], blacklistedPaths=[PathRule["target/test-classes" (STARTS_WITH) in BLACKLIST; level READ]], allowedLocalPorts=[], trustedPackages=[]]
[INFO] [main] Request whitelisting: Thread[ajts-to-5,5,Test-Threadgroup] []
[INFO] [main] Thread whitelisted: Thread[ajts-to-5,5,Test-Threadgroup]
[INFO] [main] Request uninstall
[DEBUG] [main] Validated build configuration regarding trusted package rules, 0 are missing.
[INFO] [main] Request install with ASC-Impl [testMethod=Optional[protected org.junit.jupiter.api.DynamicContainer de.test.MethodTest.generateTestsForAllClasses() throws java.net.URISyntaxException], executionPath=/tmp/testLocalRepo10608706804174944927, whitelistedPaths=Optional[[PathRule["target" (STARTS_WITH) in WHITELIST; level READ]]], blacklistedPaths=[PathRule["target/test-classes" (STARTS_WITH) in BLACKLIST; level READ]], allowedLocalPorts=[], trustedPackages=[]]
[INFO] [main] Request whitelisting: Thread[ajts-to-6,5,Test-Threadgroup] []
[INFO] [main] Thread whitelisted: Thread[ajts-to-6,5,Test-Threadgroup]
[INFO] [main] Request uninstall
[INFO] Tests run: 3, Failures: 0, Errors: 0, Skipped: 0, Time elapsed: 0.191 s -- in de.test.MethodTest
[INFO] Running de.test.SortingExampleBehaviorTest
[DEBUG] [main] Validated build configuration regarding trusted package rules, 0 are missing.
[INFO] [main] Request install with ASC-Impl [testMethod=Optional.empty, executionPath=/tmp/testLocalRepo10608706804174944927, whitelistedPaths=Optional[[PathRule["target" (STARTS_WITH) in WHITELIST; level READ]]], blacklistedPaths=[PathRule["target/test-classes" (STARTS_WITH) in BLACKLIST; level READ]], allowedLocalPorts=[], trustedPackages=[]]
[INFO] [main] Request uninstall
[DEBUG] [main] Validated build configuration regarding trusted package rules, 0 are missing.
[INFO] [main] Request install with ASC-Impl [testMethod=Optional[void de.test.SortingExampleBehaviorTest.testMergeSort()], executionPath=/tmp/testLocalRepo10608706804174944927, whitelistedPaths=Optional[[PathRule["target" (STARTS_WITH) in WHITELIST; level READ]]], blacklistedPaths=[PathRule["target/test-classes" (STARTS_WITH) in BLACKLIST; level READ]], allowedLocalPorts=[], trustedPackages=[]]
[INFO] [main] Request whitelisting: Thread[ajts-to-7,5,Test-Threadgroup] []
[INFO] [main] Thread whitelisted: Thread[ajts-to-7,5,Test-Threadgroup]
[INFO] [main] Request uninstall
[DEBUG] [main] Validated build configuration regarding trusted package rules, 0 are missing.
[INFO] [main] Request install with ASC-Impl [testMethod=Optional[void de.test.SortingExampleBehaviorTest.testMergeSort()], executionPath=/tmp/testLocalRepo10608706804174944927, whitelistedPaths=Optional[[PathRule["target" (STARTS_WITH) in WHITELIST; level READ]]], blacklistedPaths=[PathRule["target/test-classes" (STARTS_WITH) in BLACKLIST; level READ]], allowedLocalPorts=[], trustedPackages=[]]
[INFO] [main] Request whitelisting: Thread[ajts-to-8,5,Test-Threadgroup] []
[INFO] [main] Thread whitelisted: Thread[ajts-to-8,5,Test-Threadgroup]
[INFO] [main] Request uninstall
[DEBUG] [main] Validated build configuration regarding trusted package rules, 0 are missing.
[INFO] [main] Request install with ASC-Impl [testMethod=Optional.empty, executionPath=/tmp/testLocalRepo10608706804174944927, whitelistedPaths=Optional[[PathRule["target" (STARTS_WITH) in WHITELIST; level READ]]], blacklistedPaths=[PathRule["target/test-classes" (STARTS_WITH) in BLACKLIST; level READ]], allowedLocalPorts=[], trustedPackages=[]]
[INFO] [main] Request uninstall
[DEBUG] [main] Validated build configuration regarding trusted package rules, 0 are missing.
[INFO] [main] Request install with ASC-Impl [testMethod=Optional[void de.test.SortingExampleBehaviorTest.testUseBubbleSortForSmallList() throws java.lang.ReflectiveOperationException], executionPath=/tmp/testLocalRepo10608706804174944927, whitelistedPaths=Optional[[PathRule["target" (STARTS_WITH) in WHITELIST; level READ]]], blacklistedPaths=[PathRule["target/test-classes" (STARTS_WITH) in BLACKLIST; level READ]], allowedLocalPorts=[], trustedPackages=[]]
[INFO] [main] Request whitelisting: Thread[ajts-to-9,5,Test-Threadgroup] []
[INFO] [main] Thread whitelisted: Thread[ajts-to-9,5,Test-Threadgroup]
[INFO] [main] Request uninstall
[DEBUG] [main] Validated build configuration regarding trusted package rules, 0 are missing.
[INFO] [main] Request install with ASC-Impl [testMethod=Optional[void de.test.SortingExampleBehaviorTest.testUseBubbleSortForSmallList() throws java.lang.ReflectiveOperationException], executionPath=/tmp/testLocalRepo10608706804174944927, whitelistedPaths=Optional[[PathRule["target" (STARTS_WITH) in WHITELIST; level READ]]], blacklistedPaths=[PathRule["target/test-classes" (STARTS_WITH) in BLACKLIST; level READ]], allowedLocalPorts=[], trustedPackages=[]]
[INFO] [main] Request whitelisting: Thread[ajts-to-10,5,Test-Threadgroup] []
[INFO] [main] Thread whitelisted: Thread[ajts-to-10,5,Test-Threadgroup]
[INFO] [main] Request uninstall
[DEBUG] [main] Validated build configuration regarding trusted package rules, 0 are missing.
[INFO] [main] Request install with ASC-Impl [testMethod=Optional.empty, executionPath=/tmp/testLocalRepo10608706804174944927, whitelistedPaths=Optional[[PathRule["target" (STARTS_WITH) in WHITELIST; level READ]]], blacklistedPaths=[PathRule["target/test-classes" (STARTS_WITH) in BLACKLIST; level READ]], allowedLocalPorts=[], trustedPackages=[]]
[INFO] [main] Request uninstall
[DEBUG] [main] Validated build configuration regarding trusted package rules, 0 are missing.
[INFO] [main] Request install with ASC-Impl [testMethod=Optional[void de.test.SortingExampleBehaviorTest.testBubbleSort()], executionPath=/tmp/testLocalRepo10608706804174944927, whitelistedPaths=Optional[[PathRule["target" (STARTS_WITH) in WHITELIST; level READ]]], blacklistedPaths=[PathRule["target/test-classes" (STARTS_WITH) in BLACKLIST; level READ]], allowedLocalPorts=[], trustedPackages=[]]
[INFO] [main] Request whitelisting: Thread[ajts-to-11,5,Test-Threadgroup] []
[INFO] [main] Thread whitelisted: Thread[ajts-to-11,5,Test-Threadgroup]
[INFO] [main] Request uninstall
[DEBUG] [main] Validated build configuration regarding trusted package rules, 0 are missing.
[INFO] [main] Request install with ASC-Impl [testMethod=Optional[void de.test.SortingExampleBehaviorTest.testBubbleSort()], executionPath=/tmp/testLocalRepo10608706804174944927, whitelistedPaths=Optional[[PathRule["target" (STARTS_WITH) in WHITELIST; level READ]]], blacklistedPaths=[PathRule["target/test-classes" (STARTS_WITH) in BLACKLIST; level READ]], allowedLocalPorts=[], trustedPackages=[]]
[INFO] [main] Request whitelisting: Thread[ajts-to-12,5,Test-Threadgroup] []
[INFO] [main] Thread whitelisted: Thread[ajts-to-12,5,Test-Threadgroup]
[INFO] [main] Request uninstall
[DEBUG] [main] Validated build configuration regarding trusted package rules, 0 are missing.
[INFO] [main] Request install with ASC-Impl [testMethod=Optional.empty, executionPath=/tmp/testLocalRepo10608706804174944927, whitelistedPaths=Optional[[PathRule["target" (STARTS_WITH) in WHITELIST; level READ]]], blacklistedPaths=[PathRule["target/test-classes" (STARTS_WITH) in BLACKLIST; level READ]], allowedLocalPorts=[], trustedPackages=[]]
[INFO] [main] Request uninstall
[DEBUG] [main] Validated build configuration regarding trusted package rules, 0 are missing.
[INFO] [main] Request install with ASC-Impl [testMethod=Optional[void de.test.SortingExampleBehaviorTest.testUseMergeSortForBigList() throws java.lang.ReflectiveOperationException], executionPath=/tmp/testLocalRepo10608706804174944927, whitelistedPaths=Optional[[PathRule["target" (STARTS_WITH) in WHITELIST; level READ]]], blacklistedPaths=[PathRule["target/test-classes" (STARTS_WITH) in BLACKLIST; level READ]], allowedLocalPorts=[], trustedPackages=[]]
[INFO] [main] Request whitelisting: Thread[ajts-to-13,5,Test-Threadgroup] []
[INFO] [main] Thread whitelisted: Thread[ajts-to-13,5,Test-Threadgroup]
[INFO] [main] Request uninstall
[DEBUG] [main] Validated build configuration regarding trusted package rules, 0 are missing.
[INFO] [main] Request install with ASC-Impl [testMethod=Optional[void de.test.SortingExampleBehaviorTest.testUseMergeSortForBigList() throws java.lang.ReflectiveOperationException], executionPath=/tmp/testLocalRepo10608706804174944927, whitelistedPaths=Optional[[PathRule["target" (STARTS_WITH) in WHITELIST; level READ]]], blacklistedPaths=[PathRule["target/test-classes" (STARTS_WITH) in BLACKLIST; level READ]], allowedLocalPorts=[], trustedPackages=[]]
[INFO] [main] Request whitelisting: Thread[ajts-to-14,5,Test-Threadgroup] []
[INFO] [main] Thread whitelisted: Thread[ajts-to-14,5,Test-Threadgroup]
[INFO] [main] Request uninstall
[INFO] Tests run: 4, Failures: 0, Errors: 0, Skipped: 0, Time elapsed: 0.337 s -- in de.test.SortingExampleBehaviorTest
[INFO] Running de.test.ClassTest
[DEBUG] [main] Validated build configuration regarding trusted package rules, 0 are missing.
[INFO] [main] Request install with ASC-Impl [testMethod=Optional.empty, executionPath=/tmp/testLocalRepo10608706804174944927, whitelistedPaths=Optional[[PathRule["target" (STARTS_WITH) in WHITELIST; level READ]]], blacklistedPaths=[PathRule["target/test-classes" (STARTS_WITH) in BLACKLIST; level READ]], allowedLocalPorts=[], trustedPackages=[]]
[INFO] [main] Request uninstall
[DEBUG] [main] Validated build configuration regarding trusted package rules, 0 are missing.
[INFO] [main] Request install with ASC-Impl [testMethod=Optional[protected org.junit.jupiter.api.DynamicContainer de.test.ClassTest.generateTestsForAllClasses() throws java.net.URISyntaxException], executionPath=/tmp/testLocalRepo10608706804174944927, whitelistedPaths=Optional[[PathRule["target" (STARTS_WITH) in WHITELIST; level READ]]], blacklistedPaths=[PathRule["target/test-classes" (STARTS_WITH) in BLACKLIST; level READ]], allowedLocalPorts=[], trustedPackages=[]]
[INFO] [main] Request whitelisting: Thread[ajts-to-15,5,Test-Threadgroup] []
[INFO] [main] Thread whitelisted: Thread[ajts-to-15,5,Test-Threadgroup]
[INFO] [main] Request uninstall
[DEBUG] [main] Validated build configuration regarding trusted package rules, 0 are missing.
[INFO] [main] Request install with ASC-Impl [testMethod=Optional[protected org.junit.jupiter.api.DynamicContainer de.test.ClassTest.generateTestsForAllClasses() throws java.net.URISyntaxException], executionPath=/tmp/testLocalRepo10608706804174944927, whitelistedPaths=Optional[[PathRule["target" (STARTS_WITH) in WHITELIST; level READ]]], blacklistedPaths=[PathRule["target/test-classes" (STARTS_WITH) in BLACKLIST; level READ]], allowedLocalPorts=[], trustedPackages=[]]
[INFO] [main] Request whitelisting: Thread[ajts-to-16,5,Test-Threadgroup] []
[INFO] [main] Thread whitelisted: Thread[ajts-to-16,5,Test-Threadgroup]
[INFO] [main] Request uninstall
[DEBUG] [main] Validated build configuration regarding trusted package rules, 0 are missing.
[INFO] [main] Request install with ASC-Impl [testMethod=Optional[protected org.junit.jupiter.api.DynamicContainer de.test.ClassTest.generateTestsForAllClasses() throws java.net.URISyntaxException], executionPath=/tmp/testLocalRepo10608706804174944927, whitelistedPaths=Optional[[PathRule["target" (STARTS_WITH) in WHITELIST; level READ]]], blacklistedPaths=[PathRule["target/test-classes" (STARTS_WITH) in BLACKLIST; level READ]], allowedLocalPorts=[], trustedPackages=[]]
[INFO] [main] Request whitelisting: Thread[ajts-to-17,5,Test-Threadgroup] []
[INFO] [main] Thread whitelisted: Thread[ajts-to-17,5,Test-Threadgroup]
[INFO] [main] Request uninstall
[DEBUG] [main] Validated build configuration regarding trusted package rules, 0 are missing.
[INFO] [main] Request install with ASC-Impl [testMethod=Optional[protected org.junit.jupiter.api.DynamicContainer de.test.ClassTest.generateTestsForAllClasses() throws java.net.URISyntaxException], executionPath=/tmp/testLocalRepo10608706804174944927, whitelistedPaths=Optional[[PathRule["target" (STARTS_WITH) in WHITELIST; level READ]]], blacklistedPaths=[PathRule["target/test-classes" (STARTS_WITH) in BLACKLIST; level READ]], allowedLocalPorts=[], trustedPackages=[]]
[INFO] [main] Request whitelisting: Thread[ajts-to-18,5,Test-Threadgroup] []
[INFO] [main] Thread whitelisted: Thread[ajts-to-18,5,Test-Threadgroup]
[INFO] [main] Request uninstall
[INFO] Tests run: 3, Failures: 0, Errors: 0, Skipped: 0, Time elapsed: 0.142 s -- in de.test.ClassTest
[INFO] Running de.test.AttributeTest
[DEBUG] [main] Validated build configuration regarding trusted package rules, 0 are missing.
[INFO] [main] Request install with ASC-Impl [testMethod=Optional.empty, executionPath=/tmp/testLocalRepo10608706804174944927, whitelistedPaths=Optional[[PathRule["target" (STARTS_WITH) in WHITELIST; level READ]]], blacklistedPaths=[PathRule["target/test-classes" (STARTS_WITH) in BLACKLIST; level READ]], allowedLocalPorts=[], trustedPackages=[]]
[INFO] [main] Request uninstall
[DEBUG] [main] Validated build configuration regarding trusted package rules, 0 are missing.
[INFO] [main] Request install with ASC-Impl [testMethod=Optional[protected org.junit.jupiter.api.DynamicContainer de.test.AttributeTest.generateTestsForAllClasses() throws java.net.URISyntaxException], executionPath=/tmp/testLocalRepo10608706804174944927, whitelistedPaths=Optional[[PathRule["target" (STARTS_WITH) in WHITELIST; level READ]]], blacklistedPaths=[PathRule["target/test-classes" (STARTS_WITH) in BLACKLIST; level READ]], allowedLocalPorts=[], trustedPackages=[]]
[INFO] [main] Request whitelisting: Thread[ajts-to-19,5,Test-Threadgroup] []
[INFO] [main] Thread whitelisted: Thread[ajts-to-19,5,Test-Threadgroup]
[INFO] [main] Request uninstall
[DEBUG] [main] Validated build configuration regarding trusted package rules, 0 are missing.
[INFO] [main] Request install with ASC-Impl [testMethod=Optional[protected org.junit.jupiter.api.DynamicContainer de.test.AttributeTest.generateTestsForAllClasses() throws java.net.URISyntaxException], executionPath=/tmp/testLocalRepo10608706804174944927, whitelistedPaths=Optional[[PathRule["target" (STARTS_WITH) in WHITELIST; level READ]]], blacklistedPaths=[PathRule["target/test-classes" (STARTS_WITH) in BLACKLIST; level READ]], allowedLocalPorts=[], trustedPackages=[]]
[INFO] [main] Request whitelisting: Thread[ajts-to-20,5,Test-Threadgroup] []
[INFO] [main] Thread whitelisted: Thread[ajts-to-20,5,Test-Threadgroup]
[INFO] [main] Request uninstall
[DEBUG] [main] Validated build configuration regarding trusted package rules, 0 are missing.
[INFO] [main] Request install with ASC-Impl [testMethod=Optional[protected org.junit.jupiter.api.DynamicContainer de.test.AttributeTest.generateTestsForAllClasses() throws java.net.URISyntaxException], executionPath=/tmp/testLocalRepo10608706804174944927, whitelistedPaths=Optional[[PathRule["target" (STARTS_WITH) in WHITELIST; level READ]]], blacklistedPaths=[PathRule["target/test-classes" (STARTS_WITH) in BLACKLIST; level READ]], allowedLocalPorts=[], trustedPackages=[]]
[INFO] [main] Request whitelisting: Thread[ajts-to-21,5,Test-Threadgroup] []
[INFO] [main] Thread whitelisted: Thread[ajts-to-21,5,Test-Threadgroup]
[INFO] [main] Request uninstall
[DEBUG] [main] State TERMINATED after interrupt and join of Thread[ajts-to-21,5,]
[INFO] Tests run: 2, Failures: 0, Errors: 0, Skipped: 0, Time elapsed: 0.131 s -- in de.test.AttributeTest
[INFO] 
[INFO] Results:
[INFO] 
[INFO] Tests run: 13, Failures: 0, Errors: 0, Skipped: 0
[INFO] 
[INFO] ------------------------------------------------------------------------
[INFO] BUILD SUCCESS
[INFO] ------------------------------------------------------------------------
[INFO] Total time:  8.931 s
[INFO] Finished at: 2025-02-14T23:47:49Z
[INFO] ------------------------------------------------------------------------
[WARN] Maven will be executed in interactive mode, but no input stream has been configured for this MavenInvoker instance.
Apache Maven 3.9.9 (8e8579a9e76f7d015ee5ec7bfcdc97d260186937)
Maven home: /usr/share/apache-maven-3.9.9
Java version: 17.0.14, vendor: Eclipse Adoptium, runtime: /usr/lib/jvm/temurin-17-jdk-amd64
Default locale: en, platform encoding: UTF-8
OS name: "linux", version: "6.8.0-1021-azure", arch: "amd64", family: "unix"
[INFO] Scanning for projects...
[INFO] 
[INFO] ---------< de.test:2c987627-3977-4a29-a9d1-21fdfb468d84-Tests >---------
[INFO] Building 2c987627-3977-4a29-a9d1-21fdfb468d84 Tests 1.0
[INFO]   from pom.xml
[INFO] --------------------------------[ jar ]---------------------------------
Downloading from central: https://repo.maven.apache.org/maven2/org/apache/commons/commons-lang3/3.14.0/commons-lang3-3.14.0.pom
Progress (1): 1.4/31 kB
Progress (1): 2.8/31 kB
Progress (1): 4.1/31 kB
Progress (1): 5.5/31 kB
Progress (1): 6.9/31 kB
Progress (1): 8.3/31 kB
Progress (1): 9.7/31 kB
Progress (1): 11/31 kB 
Progress (1): 12/31 kB
Progress (1): 14/31 kB
Progress (1): 15/31 kB
Progress (1): 16/31 kB
Progress (1): 17/31 kB
Progress (1): 19/31 kB
Progress (1): 20/31 kB
Progress (1): 21/31 kB
Progress (1): 23/31 kB
Progress (1): 24/31 kB
Progress (1): 26/31 kB
Progress (1): 27/31 kB
Progress (1): 28/31 kB
Progress (1): 30/31 kB
Progress (1): 31 kB   
                   
Downloaded from central: https://repo.maven.apache.org/maven2/org/apache/commons/commons-lang3/3.14.0/commons-lang3-3.14.0.pom (31 kB at 89 kB/s)
Downloading from central: https://repo.maven.apache.org/maven2/org/apache/commons/commons-parent/64/commons-parent-64.pom
Progress (1): 1.4/78 kB
Progress (1): 2.8/78 kB
Progress (1): 4.1/78 kB
Progress (1): 5.5/78 kB
Progress (1): 6.9/78 kB
Progress (1): 8.3/78 kB
Progress (1): 9.7/78 kB
Progress (1): 11/78 kB 
Progress (1): 12/78 kB
Progress (1): 14/78 kB
Progress (1): 15/78 kB
Progress (1): 16/78 kB
Progress (1): 32/78 kB
Progress (1): 49/78 kB
Progress (1): 65/78 kB
Progress (1): 78 kB   
                   
Downloaded from central: https://repo.maven.apache.org/maven2/org/apache/commons/commons-parent/64/commons-parent-64.pom (78 kB at 2.2 MB/s)
Downloading from central: https://repo.maven.apache.org/maven2/org/apache/commons/commons-lang3/3.14.0/commons-lang3-3.14.0.jar
Progress (1): 16/658 kB
Progress (1): 33/658 kB
Progress (1): 49/658 kB
Progress (1): 62/658 kB
Progress (1): 79/658 kB
Progress (1): 95/658 kB
Progress (1): 111/658 kB
Progress (1): 128/658 kB
Progress (1): 144/658 kB
Progress (1): 161/658 kB
Progress (1): 177/658 kB
Progress (1): 193/658 kB
Progress (1): 210/658 kB
Progress (1): 226/658 kB
Progress (1): 242/658 kB
Progress (1): 259/658 kB
Progress (1): 275/658 kB
Progress (1): 292/658 kB
Progress (1): 308/658 kB
Progress (1): 324/658 kB
Progress (1): 341/658 kB
Progress (1): 357/658 kB
Progress (1): 374/658 kB
Progress (1): 390/658 kB
Progress (1): 406/658 kB
Progress (1): 423/658 kB
Progress (1): 439/658 kB
Progress (1): 455/658 kB
Progress (1): 472/658 kB
Progress (1): 488/658 kB
Progress (1): 505/658 kB
Progress (1): 521/658 kB
Progress (1): 537/658 kB
Progress (1): 554/658 kB
Progress (1): 570/658 kB
Progress (1): 587/658 kB
Progress (1): 603/658 kB
Progress (1): 619/658 kB
Progress (1): 636/658 kB
Progress (1): 652/658 kB
Progress (1): 658 kB    
                    
Downloaded from central: https://repo.maven.apache.org/maven2/org/apache/commons/commons-lang3/3.14.0/commons-lang3-3.14.0.jar (658 kB at 5.0 MB/s)
[INFO] 
[INFO] --- clean:3.2.0:clean (default-clean) @ 2c987627-3977-4a29-a9d1-21fdfb468d84-Tests ---
[INFO] 
[INFO] --- resources:3.3.1:resources (default-resources) @ 2c987627-3977-4a29-a9d1-21fdfb468d84-Tests ---
[INFO] skip non existing resourceDirectory /tmp/testLocalRepo8086663005378633686/src/main/resources
[INFO] 
[INFO] --- compiler:3.13.0:compile (default-compile) @ 2c987627-3977-4a29-a9d1-21fdfb468d84-Tests ---
[INFO] Recompiling the module because of changed source code.
[INFO] Compiling 6 source files with javac [debug target 17] to target/classes
[INFO] /tmp/testLocalRepo8086663005378633686/assignment/src/de/test/Client.java: /tmp/testLocalRepo8086663005378633686/assignment/src/de/test/Client.java uses or overrides a deprecated API.
[INFO] /tmp/testLocalRepo8086663005378633686/assignment/src/de/test/Client.java: Recompile with -Xlint:deprecation for details.
[INFO] 
[INFO] --- enforcer:3.4.1:enforce (enforce-no-student-code-in-trusted-packages) @ 2c987627-3977-4a29-a9d1-21fdfb468d84-Tests ---
[INFO] Rule 0: org.apache.maven.enforcer.rules.files.RequireFilesDontExist passed
[INFO] 
[INFO] --- resources:3.3.1:testResources (default-testResources) @ 2c987627-3977-4a29-a9d1-21fdfb468d84-Tests ---
[INFO] Copying 7 resources from test to target/test-classes
[INFO] 
[INFO] --- compiler:3.13.0:testCompile (default-testCompile) @ 2c987627-3977-4a29-a9d1-21fdfb468d84-Tests ---
[INFO] Recompiling the module because of changed dependency.
[INFO] Compiling 5 source files with javac [debug target 17] to target/test-classes
[INFO] 
[INFO] --- surefire:3.2.5:test (default-test) @ 2c987627-3977-4a29-a9d1-21fdfb468d84-Tests ---
[INFO] Using auto detected provider org.apache.maven.surefire.junitplatform.JUnitPlatformProvider

Starting logs for ProgrammingExerciseParticipationIntegrationTest

  Starting logs for ProgrammingExerciseParticipationIntegrationTest > testGetParticipationAllResults_studentCannotAccessParticipationIfExerciseNotStarted()
    23:47:45.804 | 454 ool-1-worker-218 | DEBUG | d.t.c.a.a.c.u.util.UserUtilService   : Generate 4 students...
    23:47:45.814 | 454 ool-1-worker-218 | DEBUG | d.t.c.a.a.c.u.util.UserUtilService   : 4 students generated. Generate 2 tutors...
    23:47:45.820 | 454 ool-1-worker-218 | DEBUG | d.t.c.a.a.c.u.util.UserUtilService   : 2 tutors generated. Generate 0 editors...
    23:47:45.823 | 454 ool-1-worker-218 | DEBUG | d.t.c.a.a.c.u.util.UserUtilService   : 0 editors generated. Generate 2 instructors...
    23:47:45.829 | 454 ool-1-worker-218 | DEBUG | d.t.c.a.a.c.u.util.UserUtilService   : 2 instructors generated
    23:47:45.835 | 454 ool-1-worker-218 | DEBUG | d.t.c.a.a.c.u.util.UserUtilService   : Removing 7 users from all courses...
    23:47:45.837 | 454 ool-1-worker-218 | DEBUG | d.t.c.a.a.c.u.util.UserUtilService   : Removing 7 users from all courses. Done
    23:47:45.837 | 454 ool-1-worker-218 | DEBUG | d.t.c.a.a.c.u.util.UserUtilService   : Save 8 users to database...
    23:47:45.843 | 454 ool-1-worker-218 | DEBUG | d.t.c.a.a.c.u.util.UserUtilService   : Save 8 users to database. Done
    23:47:45.906 | 454 ool-1-worker-218 | INFO  | i.z.t.d.l.EmbeddedDatabaseReporter   : JDBC URL to connect to 'dataSource': url='jdbc:h2:tcp://localhost:41063/mem:df70fc46-7e57-4cb5-9cd0-c1d90c14afa7;USER=sa', scope='ProgrammingExerciseParticipationIntegrationTest#testGetParticipationAllResults_studentCannotAccessParticipationIfExerciseNotStarted'
    23:47:45.919 | 454 ool-1-worker-218 | DEBUG | PersonalAccessTokenManagementService : Generate secure vcs access token
    23:47:45.923 | 454 ool-1-worker-218 | DEBUG | d.t.c.a.a.c.s.f.ApiVersionFilter     : Adding Version to Request GET /api/programming-exercise-participations/2853/student-participation-with-all-results
    23:47:45.958 | 454 ool-1-worker-218 | WARN  | o.z.p.spring.common.AdviceTraits     : Forbidden: Participation not yet started

  Starting logs for ProgrammingExerciseParticipationIntegrationTest > testGetLatestResultWithFeedbacksForSolutionParticipationAsTutorShouldReturnForbidden()
    23:47:45.976 | 454 ool-1-worker-218 | DEBUG | d.t.c.a.a.c.u.util.UserUtilService   : Generate 4 students...
    23:47:45.983 | 454 ool-1-worker-218 | DEBUG | d.t.c.a.a.c.u.util.UserUtilService   : 4 students generated. Generate 2 tutors...
    23:47:45.988 | 454 ool-1-worker-218 | DEBUG | d.t.c.a.a.c.u.util.UserUtilService   : 2 tutors generated. Generate 0 editors...
    23:47:45.989 | 454 ool-1-worker-218 | DEBUG | d.t.c.a.a.c.u.util.UserUtilService   : 0 editors generated. Generate 2 instructors...
    23:47:45.993 | 454 ool-1-worker-218 | DEBUG | d.t.c.a.a.c.u.util.UserUtilService   : 2 instructors generated
    23:47:45.996 | 454 ool-1-worker-218 | DEBUG | d.t.c.a.a.c.u.util.UserUtilService   : Removing 8 users from all courses...
    23:47:45.997 | 454 ool-1-worker-218 | DEBUG | d.t.c.a.a.c.u.util.UserUtilService   : Removing 8 users from all courses. Done
    23:47:45.997 | 454 ool-1-worker-218 | DEBUG | d.t.c.a.a.c.u.util.UserUtilService   : Save 8 users to database...
    23:47:46.020 | 454 ool-1-worker-218 | DEBUG | d.t.c.a.a.c.u.util.UserUtilService   : Save 8 users to database. Done
    23:47:46.049 | 454 ool-1-worker-218 | INFO  | i.z.t.d.l.EmbeddedDatabaseReporter   : JDBC URL to connect to 'dataSource': url='jdbc:h2:tcp://localhost:41063/mem:df70fc46-7e57-4cb5-9cd0-c1d90c14afa7;USER=sa', scope='ProgrammingExerciseParticipationIntegrationTest#testGetLatestResultWithFeedbacksForSolutionParticipationAsTutorShouldReturnForbidden'
    23:47:46.074 | 454 ool-1-worker-218 | DEBUG | d.t.c.a.a.c.s.f.ApiVersionFilter     : Adding Version to Request GET /api/programming-exercise-participations/2856/latest-result-with-feedbacks
    23:47:46.079 | 454 ool-1-worker-218 | WARN  | o.z.p.spring.common.AdviceTraits     : Forbidden: You are not allowed to access the participation with id 2856

  Starting logs for ProgrammingExerciseParticipationIntegrationTest > testGetParticipationWithLatestResultAsAStudent(ZonedDateTime, ZonedDateTime, AssessmentType, ZonedDateTime, ZonedDateTime, boolean) [1] startDate=null, releaseDate=null, assessmentType=null, completionDate=null, assessmentDueDate=null, expectLastCreatedResult=false
    23:47:46.095 | 454 ool-1-worker-218 | DEBUG | d.t.c.a.a.c.u.util.UserUtilService   : Generate 4 students...
    23:47:46.109 | 454 ool-1-worker-218 | DEBUG | d.t.c.a.a.c.u.util.UserUtilService   : 4 students generated. Generate 2 tutors...
    23:47:46.115 | 454 ool-1-worker-218 | DEBUG | d.t.c.a.a.c.u.util.UserUtilService   : 2 tutors generated. Generate 0 editors...
    23:47:46.118 | 454 ool-1-worker-218 | DEBUG | d.t.c.a.a.c.u.util.UserUtilService   : 0 editors generated. Generate 2 instructors...
    23:47:46.126 | 454 ool-1-worker-218 | DEBUG | d.t.c.a.a.c.u.util.UserUtilService   : 2 instructors generated
    23:47:46.129 | 454 ool-1-worker-218 | DEBUG | d.t.c.a.a.c.u.util.UserUtilService   : Removing 8 users from all courses...
    23:47:46.130 | 454 ool-1-worker-218 | DEBUG | d.t.c.a.a.c.u.util.UserUtilService   : Removing 8 users from all courses. Done
    23:47:46.130 | 454 ool-1-worker-218 | DEBUG | d.t.c.a.a.c.u.util.UserUtilService   : Save 8 users to database...
    23:47:46.142 | 454 ool-1-worker-218 | DEBUG | d.t.c.a.a.c.u.util.UserUtilService   : Save 8 users to database. Done
    23:47:46.176 | 454 ool-1-worker-218 | INFO  | i.z.t.d.l.EmbeddedDatabaseReporter   : JDBC URL to connect to 'dataSource': url='jdbc:h2:tcp://localhost:41063/mem:df70fc46-7e57-4cb5-9cd0-c1d90c14afa7;USER=sa', scope='ProgrammingExerciseParticipationIntegrationTest#testGetParticipationWithLatestResultAsAStudent'
    23:47:46.188 | 454 ool-1-worker-218 | DEBUG | PersonalAccessTokenManagementService : Generate secure vcs access token
    23:47:46.194 | 454 ool-1-worker-218 | DEBUG | .c.s.m.InstanceMessageReceiveService : Received schedule participant score for exercise 3484 and participant 703 (result to be deleted: null)
    23:47:46.194 | 454 ool-1-worker-218 | DEBUG | .a.s.ParticipantScoreScheduleService : Scheduled task for exercise 3484 and participant 703 at 2025-02-14T23:47:46.294825218Z[Etc/UTC].
    23:47:46.212 | 454 ool-1-worker-218 | DEBUG | .c.s.m.InstanceMessageReceiveService : Received schedule participant score for exercise 3484 and participant 703 (result to be deleted: null)
    23:47:46.212 | 454 ool-1-worker-218 | DEBUG | .a.s.ParticipantScoreScheduleService : Scheduled task for exercise 3484 and participant 703 at 2025-02-14T23:47:46.312184893Z[Etc/UTC].
    23:47:46.214 | 454 ool-1-worker-218 | DEBUG | d.t.c.a.a.c.s.f.ApiVersionFilter     : Adding Version to Request GET /api/programming-exercise-participations/2859/student-participation-with-latest-result-and-feedbacks
    23:47:46.223 | 454 ool-1-worker-218 | WARN  | o.z.p.spring.common.AdviceTraits     : Not Found: Participation with id: "2859" does not exist

  Starting logs for ProgrammingExerciseParticipationIntegrationTest > testGetParticipationWithLatestResultAsAStudent(ZonedDateTime, ZonedDateTime, AssessmentType, ZonedDateTime, ZonedDateTime, boolean) [2] startDate=2025-02-11T23:47:46.088351019Z[Etc/UTC], releaseDate=2025-02-10T23:47:46.088365125Z[Etc/UTC], assessmentType=AUTOMATIC, completionDate=null, assessmentDueDate=null, expectLastCreatedResult=true
    23:47:46.248 | 454 ool-1-worker-218 | DEBUG | d.t.c.a.a.c.u.util.UserUtilService   : Generate 4 students...
    23:47:46.263 | 454 ool-1-worker-218 | DEBUG | d.t.c.a.a.c.u.util.UserUtilService   : 4 students generated. Generate 2 tutors...
    23:47:46.268 | 454 ool-1-worker-218 | DEBUG | d.t.c.a.a.c.u.util.UserUtilService   : 2 tutors generated. Generate 0 editors...
    23:47:46.269 | 454 ool-1-worker-218 | DEBUG | d.t.c.a.a.c.u.util.UserUtilService   : 0 editors generated. Generate 2 instructors...
    23:47:46.277 | 454 ool-1-worker-218 | DEBUG | d.t.c.a.a.c.u.util.UserUtilService   : 2 instructors generated
    23:47:46.283 | 454 ool-1-worker-218 | DEBUG | d.t.c.a.a.c.u.util.UserUtilService   : Removing 8 users from all courses...
    23:47:46.287 | 454 ool-1-worker-218 | DEBUG | d.t.c.a.a.c.u.util.UserUtilService   : Removing 8 users from all courses. Done
    23:47:46.287 | 454 ool-1-worker-218 | DEBUG | d.t.c.a.a.c.u.util.UserUtilService   : Save 8 users to database...
    23:47:46.294 | 454 ool-1-worker-218 | DEBUG | d.t.c.a.a.c.u.util.UserUtilService   : Save 8 users to database. Done
    23:47:46.335 | 454 ool-1-worker-218 | INFO  | i.z.t.d.l.EmbeddedDatabaseReporter   : JDBC URL to connect to 'dataSource': url='jdbc:h2:tcp://localhost:41063/mem:df70fc46-7e57-4cb5-9cd0-c1d90c14afa7;USER=sa', scope='ProgrammingExerciseParticipationIntegrationTest#testGetParticipationWithLatestResultAsAStudent'
    23:47:46.345 | 454 ool-1-worker-218 | DEBUG | PersonalAccessTokenManagementService : Generate secure vcs access token
    23:47:46.347 | 454 ool-1-worker-218 | DEBUG | .c.s.m.InstanceMessageReceiveService : Received schedule participant score for exercise 3485 and participant 703 (result to be deleted: null)
    23:47:46.347 | 454 ool-1-worker-218 | DEBUG | .a.s.ParticipantScoreScheduleService : Scheduled task for exercise 3485 and participant 703 at 2025-02-14T23:47:46.447922196Z[Etc/UTC].
    23:47:46.363 | 454 ool-1-worker-218 | DEBUG | .c.s.m.InstanceMessageReceiveService : Received schedule participant score for exercise 3485 and participant 703 (result to be deleted: null)
    23:47:46.363 | 454 ool-1-worker-218 | DEBUG | .a.s.ParticipantScoreScheduleService : Scheduled task for exercise 3485 and participant 703 at 2025-02-14T23:47:46.463455975Z[Etc/UTC].
    23:47:46.366 | 454 ool-1-worker-218 | DEBUG | d.t.c.a.a.c.s.f.ApiVersionFilter     : Adding Version to Request GET /api/programming-exercise-participations/2862/student-participation-with-latest-result-and-feedbacks

  Starting logs for ProgrammingExerciseParticipationIntegrationTest > testGetParticipationWithLatestResultAsAStudent(ZonedDateTime, ZonedDateTime, AssessmentType, ZonedDateTime, ZonedDateTime, boolean) [3] startDate=2025-02-11T23:47:46.088351019Z[Etc/UTC], releaseDate=2025-02-10T23:47:46.088365125Z[Etc/UTC], assessmentType=AUTOMATIC, completionDate=2025-02-14T23:47:46.088365406Z[Etc/UTC], assessmentDueDate=null, expectLastCreatedResult=true
    23:47:46.420 | 454 ool-1-worker-218 | DEBUG | d.t.c.a.a.c.u.util.UserUtilService   : Generate 4 students...
    23:47:46.433 | 454 ool-1-worker-218 | DEBUG | d.t.c.a.a.c.u.util.UserUtilService   : 4 students generated. Generate 2 tutors...
    23:47:46.437 | 454 ool-1-worker-218 | DEBUG | d.t.c.a.a.c.u.util.UserUtilService   : 2 tutors generated. Generate 0 editors...
    23:47:46.439 | 454 ool-1-worker-218 | DEBUG | d.t.c.a.a.c.u.util.UserUtilService   : 0 editors generated. Generate 2 instructors...
    23:47:46.447 | 454 ool-1-worker-218 | DEBUG | d.t.c.a.a.c.u.util.UserUtilService   : 2 instructors generated
    23:47:46.451 | 454 ool-1-worker-218 | DEBUG | d.t.c.a.a.c.u.util.UserUtilService   : Removing 8 users from all courses...
    23:47:46.454 | 454 ool-1-worker-218 | DEBUG | d.t.c.a.a.c.u.util.UserUtilService   : Removing 8 users from all courses. Done
    23:47:46.454 | 454 ool-1-worker-218 | DEBUG | d.t.c.a.a.c.u.util.UserUtilService   : Save 8 users to database...
    23:47:46.462 | 454 ool-1-worker-218 | DEBUG | d.t.c.a.a.c.u.util.UserUtilService   : Save 8 users to database. Done
    23:47:46.486 | 454 ool-1-worker-218 | INFO  | i.z.t.d.l.EmbeddedDatabaseReporter   : JDBC URL to connect to 'dataSource': url='jdbc:h2:tcp://localhost:41063/mem:df70fc46-7e57-4cb5-9cd0-c1d90c14afa7;USER=sa', scope='ProgrammingExerciseParticipationIntegrationTest#testGetParticipationWithLatestResultAsAStudent'
    23:47:46.494 | 454 ool-1-worker-218 | DEBUG | PersonalAccessTokenManagementService : Generate secure vcs access token
    23:47:46.497 | 454 ool-1-worker-218 | DEBUG | .c.s.m.InstanceMessageReceiveService : Received schedule participant score for exercise 3486 and participant 703 (result to be deleted: null)
    23:47:46.497 | 454 ool-1-worker-218 | DEBUG | .a.s.ParticipantScoreScheduleService : Scheduled task for exercise 3486 and participant 703 at 2025-02-14T23:47:46.597449405Z[Etc/UTC].
    23:47:46.509 | 454 ool-1-worker-218 | DEBUG | .c.s.m.InstanceMessageReceiveService : Received schedule participant score for exercise 3486 and participant 703 (result to be deleted: null)
    23:47:46.509 | 454 ool-1-worker-218 | DEBUG | .a.s.ParticipantScoreScheduleService : Scheduled task for exercise 3486 and participant 703 at 2025-02-14T23:47:46.609540664Z[Etc/UTC].
    23:47:46.511 | 454 ool-1-worker-218 | DEBUG | d.t.c.a.a.c.s.f.ApiVersionFilter     : Adding Version to Request GET /api/programming-exercise-participations/2865/student-participation-with-latest-result-and-feedbacks

  Starting logs for ProgrammingExerciseParticipationIntegrationTest > testGetParticipationWithLatestResultAsAStudent(ZonedDateTime, ZonedDateTime, AssessmentType, ZonedDateTime, ZonedDateTime, boolean) [4] startDate=2025-02-11T23:47:46.088351019Z[Etc/UTC], releaseDate=2025-02-10T23:47:46.088365125Z[Etc/UTC], assessmentType=AUTOMATIC, completionDate=2025-02-14T23:47:46.088365406Z[Etc/UTC], assessmentDueDate=2025-02-17T23:47:46.088365586Z[Etc/UTC], expectLastCreatedResult=true
    23:47:46.536 | 454 ool-1-worker-218 | DEBUG | d.t.c.a.a.c.u.util.UserUtilService   : Generate 4 students...
    23:47:46.544 | 454 ool-1-worker-218 | DEBUG | d.t.c.a.a.c.u.util.UserUtilService   : 4 students generated. Generate 2 tutors...
    23:47:46.549 | 454 ool-1-worker-218 | DEBUG | d.t.c.a.a.c.u.util.UserUtilService   : 2 tutors generated. Generate 0 editors...
    23:47:46.550 | 454 ool-1-worker-218 | DEBUG | d.t.c.a.a.c.u.util.UserUtilService   : 0 editors generated. Generate 2 instructors...
    23:47:46.554 | 454 ool-1-worker-218 | DEBUG | d.t.c.a.a.c.u.util.UserUtilService   : 2 instructors generated
    23:47:46.557 | 454 ool-1-worker-218 | DEBUG | d.t.c.a.a.c.u.util.UserUtilService   : Removing 8 users from all courses...
    23:47:46.558 | 454 ool-1-worker-218 | DEBUG | d.t.c.a.a.c.u.util.UserUtilService   : Removing 8 users from all courses. Done
    23:47:46.558 | 454 ool-1-worker-218 | DEBUG | d.t.c.a.a.c.u.util.UserUtilService   : Save 8 users to database...
    23:47:46.564 | 454 ool-1-worker-218 | DEBUG | d.t.c.a.a.c.u.util.UserUtilService   : Save 8 users to database. Done
    23:47:46.595 | 454 ool-1-worker-218 | INFO  | i.z.t.d.l.EmbeddedDatabaseReporter   : JDBC URL to connect to 'dataSource': url='jdbc:h2:tcp://localhost:41063/mem:df70fc46-7e57-4cb5-9cd0-c1d90c14afa7;USER=sa', scope='ProgrammingExerciseParticipationIntegrationTest#testGetParticipationWithLatestResultAsAStudent'
    23:47:46.604 | 454 ool-1-worker-218 | DEBUG | PersonalAccessTokenManagementService : Generate secure vcs access token
    23:47:46.607 | 454 ool-1-worker-218 | DEBUG | .c.s.m.InstanceMessageReceiveService : Received schedule participant score for exercise 3487 and participant 703 (result to be deleted: null)
    23:47:46.607 | 454 ool-1-worker-218 | DEBUG | .a.s.ParticipantScoreScheduleService : Scheduled task for exercise 3487 and participant 703 at 2025-02-14T23:47:46.707360856Z[Etc/UTC].
    23:47:46.619 | 454 ool-1-worker-218 | DEBUG | .c.s.m.InstanceMessageReceiveService : Received schedule participant score for exercise 3487 and participant 703 (result to be deleted: null)
    23:47:46.619 | 454 ool-1-worker-218 | DEBUG | .a.s.ParticipantScoreScheduleService : Scheduled task for exercise 3487 and participant 703 at 2025-02-14T23:47:46.719404894Z[Etc/UTC].
    23:47:46.621 | 454 ool-1-worker-218 | DEBUG | d.t.c.a.a.c.s.f.ApiVersionFilter     : Adding Version to Request GET /api/programming-exercise-participations/2868/student-participation-with-latest-result-and-feedbacks

  Starting logs for ProgrammingExerciseParticipationIntegrationTest > testGetParticipationWithLatestResultAsAStudent(ZonedDateTime, ZonedDateTime, AssessmentType, ZonedDateTime, ZonedDateTime, boolean) [5] startDate=2025-02-11T23:47:46.088351019Z[Etc/UTC], releaseDate=2025-02-10T23:47:46.088365125Z[Etc/UTC], assessmentType=AUTOMATIC, completionDate=2025-02-14T23:47:46.088365406Z[Etc/UTC], assessmentDueDate=2025-02-13T23:47:46.088366277Z[Etc/UTC], expectLastCreatedResult=true
    23:47:46.644 | 454 ool-1-worker-218 | DEBUG | d.t.c.a.a.c.u.util.UserUtilService   : Generate 4 students...
    23:47:46.657 | 454 ool-1-worker-218 | DEBUG | d.t.c.a.a.c.u.util.UserUtilService   : 4 students generated. Generate 2 tutors...
    23:47:46.662 | 454 ool-1-worker-218 | DEBUG | d.t.c.a.a.c.u.util.UserUtilService   : 2 tutors generated. Generate 0 editors...
    23:47:46.663 | 454 ool-1-worker-218 | DEBUG | d.t.c.a.a.c.u.util.UserUtilService   : 0 editors generated. Generate 2 instructors...
    23:47:46.672 | 454 ool-1-worker-218 | DEBUG | d.t.c.a.a.c.u.util.UserUtilService   : 2 instructors generated
    23:47:46.674 | 454 ool-1-worker-218 | DEBUG | d.t.c.a.a.c.u.util.UserUtilService   : Removing 8 users from all courses...
    23:47:46.676 | 454 ool-1-worker-218 | DEBUG | d.t.c.a.a.c.u.util.UserUtilService   : Removing 8 users from all courses. Done
    23:47:46.676 | 454 ool-1-worker-218 | DEBUG | d.t.c.a.a.c.u.util.UserUtilService   : Save 8 users to database...
    23:47:46.686 | 454 ool-1-worker-218 | DEBUG | d.t.c.a.a.c.u.util.UserUtilService   : Save 8 users to database. Done
    23:47:46.715 | 454 ool-1-worker-218 | INFO  | i.z.t.d.l.EmbeddedDatabaseReporter   : JDBC URL to connect to 'dataSource': url='jdbc:h2:tcp://localhost:41063/mem:df70fc46-7e57-4cb5-9cd0-c1d90c14afa7;USER=sa', scope='ProgrammingExerciseParticipationIntegrationTest#testGetParticipationWithLatestResultAsAStudent'
    23:47:46.724 | 454 ool-1-worker-218 | DEBUG | PersonalAccessTokenManagementService : Generate secure vcs access token
    23:47:46.727 | 454 ool-1-worker-218 | DEBUG | .c.s.m.InstanceMessageReceiveService : Received schedule participant score for exercise 3488 and participant 703 (result to be deleted: null)
    23:47:46.727 | 454 ool-1-worker-218 | DEBUG | .a.s.ParticipantScoreScheduleService : Scheduled task for exercise 3488 and participant 703 at 2025-02-14T23:47:46.827216227Z[Etc/UTC].
    23:47:46.741 | 454 ool-1-worker-218 | DEBUG | .c.s.m.InstanceMessageReceiveService : Received schedule participant score for exercise 3488 and participant 703 (result to be deleted: null)
    23:47:46.741 | 454 ool-1-worker-218 | DEBUG | .a.s.ParticipantScoreScheduleService : Scheduled task for exercise 3488 and participant 703 at 2025-02-14T23:47:46.841641130Z[Etc/UTC].
    23:47:46.743 | 454 ool-1-worker-218 | DEBUG | d.t.c.a.a.c.s.f.ApiVersionFilter     : Adding Version to Request GET /api/programming-exercise-participations/2871/student-participation-with-latest-result-and-feedbacks

  Starting logs for ProgrammingExerciseParticipationIntegrationTest > testGetParticipationWithLatestResultAsAStudent(ZonedDateTime, ZonedDateTime, AssessmentType, ZonedDateTime, ZonedDateTime, boolean) [6] startDate=2025-02-11T23:47:46.088351019Z[Etc/UTC], releaseDate=2025-02-10T23:47:46.088365125Z[Etc/UTC], assessmentType=AUTOMATIC, completionDate=null, assessmentDueDate=2025-02-17T23:47:46.088365586Z[Etc/UTC], expectLastCreatedResult=true
    23:47:46.761 | 454 ool-1-worker-218 | DEBUG | d.t.c.a.a.c.u.util.UserUtilService   : Generate 4 students...
    23:47:46.768 | 454 ool-1-worker-218 | DEBUG | d.t.c.a.a.c.u.util.UserUtilService   : 4 students generated. Generate 2 tutors...
    23:47:46.773 | 454 ool-1-worker-218 | DEBUG | d.t.c.a.a.c.u.util.UserUtilService   : 2 tutors generated. Generate 0 editors...
    23:47:46.774 | 454 ool-1-worker-218 | DEBUG | d.t.c.a.a.c.u.util.UserUtilService   : 0 editors generated. Generate 2 instructors...
    23:47:46.778 | 454 ool-1-worker-218 | DEBUG | d.t.c.a.a.c.u.util.UserUtilService   : 2 instructors generated
    23:47:46.781 | 454 ool-1-worker-218 | DEBUG | d.t.c.a.a.c.u.util.UserUtilService   : Removing 8 users from all courses...
    23:47:46.783 | 454 ool-1-worker-218 | DEBUG | d.t.c.a.a.c.u.util.UserUtilService   : Removing 8 users from all courses. Done
    23:47:46.783 | 454 ool-1-worker-218 | DEBUG | d.t.c.a.a.c.u.util.UserUtilService   : Save 8 users to database...
    23:47:46.789 | 454 ool-1-worker-218 | DEBUG | d.t.c.a.a.c.u.util.UserUtilService   : Save 8 users to database. Done
    23:47:46.815 | 454 ool-1-worker-218 | INFO  | i.z.t.d.l.EmbeddedDatabaseReporter   : JDBC URL to connect to 'dataSource': url='jdbc:h2:tcp://localhost:41063/mem:df70fc46-7e57-4cb5-9cd0-c1d90c14afa7;USER=sa', scope='ProgrammingExerciseParticipationIntegrationTest#testGetParticipationWithLatestResultAsAStudent'
    23:47:46.824 | 454 ool-1-worker-218 | DEBUG | PersonalAccessTokenManagementService : Generate secure vcs access token
    23:47:46.826 | 454 ool-1-worker-218 | DEBUG | .c.s.m.InstanceMessageReceiveService : Received schedule participant score for exercise 3489 and participant 703 (result to be deleted: null)
    23:47:46.826 | 454 ool-1-worker-218 | DEBUG | .a.s.ParticipantScoreScheduleService : Scheduled task for exercise 3489 and participant 703 at 2025-02-14T23:47:46.926919442Z[Etc/UTC].
    23:47:46.838 | 454 ool-1-worker-218 | DEBUG | .c.s.m.InstanceMessageReceiveService : Received schedule participant score for exercise 3489 and participant 703 (result to be deleted: null)
    23:47:46.838 | 454 ool-1-worker-218 | DEBUG | .a.s.ParticipantScoreScheduleService : Scheduled task for exercise 3489 and participant 703 at 2025-02-14T23:47:46.938089583Z[Etc/UTC].
    23:47:46.840 | 454 ool-1-worker-218 | DEBUG | d.t.c.a.a.c.s.f.ApiVersionFilter     : Adding Version to Request GET /api/programming-exercise-participations/2874/student-participation-with-latest-result-and-feedbacks

  Starting logs for ProgrammingExerciseParticipationIntegrationTest > testGetParticipationWithLatestResultAsAStudent(ZonedDateTime, ZonedDateTime, AssessmentType, ZonedDateTime, ZonedDateTime, boolean) [7] startDate=2025-02-11T23:47:46.088351019Z[Etc/UTC], releaseDate=2025-02-10T23:47:46.088365125Z[Etc/UTC], assessmentType=AUTOMATIC, completionDate=null, assessmentDueDate=2025-02-13T23:47:46.088366277Z[Etc/UTC], expectLastCreatedResult=true
    23:47:46.863 | 454 ool-1-worker-218 | DEBUG | d.t.c.a.a.c.u.util.UserUtilService   : Generate 4 students...
    23:47:46.871 | 454 ool-1-worker-218 | DEBUG | d.t.c.a.a.c.u.util.UserUtilService   : 4 students generated. Generate 2 tutors...
    23:47:46.875 | 454 ool-1-worker-218 | DEBUG | d.t.c.a.a.c.u.util.UserUtilService   : 2 tutors generated. Generate 0 editors...
    23:47:46.877 | 454 ool-1-worker-218 | DEBUG | d.t.c.a.a.c.u.util.UserUtilService   : 0 editors generated. Generate 2 instructors...
    23:47:46.881 | 454 ool-1-worker-218 | DEBUG | d.t.c.a.a.c.u.util.UserUtilService   : 2 instructors generated
    23:47:46.884 | 454 ool-1-worker-218 | DEBUG | d.t.c.a.a.c.u.util.UserUtilService   : Removing 8 users from all courses...
    23:47:46.885 | 454 ool-1-worker-218 | DEBUG | d.t.c.a.a.c.u.util.UserUtilService   : Removing 8 users from all courses. Done
    23:47:46.885 | 454 ool-1-worker-218 | DEBUG | d.t.c.a.a.c.u.util.UserUtilService   : Save 8 users to database...
    23:47:46.891 | 454 ool-1-worker-218 | DEBUG | d.t.c.a.a.c.u.util.UserUtilService   : Save 8 users to database. Done
    23:47:46.918 | 454 ool-1-worker-218 | INFO  | i.z.t.d.l.EmbeddedDatabaseReporter   : JDBC URL to connect to 'dataSource': url='jdbc:h2:tcp://localhost:41063/mem:df70fc46-7e57-4cb5-9cd0-c1d90c14afa7;USER=sa', scope='ProgrammingExerciseParticipationIntegrationTest#testGetParticipationWithLatestResultAsAStudent'
    23:47:46.926 | 454 ool-1-worker-218 | DEBUG | PersonalAccessTokenManagementService : Generate secure vcs access token
    23:47:46.929 | 454 ool-1-worker-218 | DEBUG | .c.s.m.InstanceMessageReceiveService : Received schedule participant score for exercise 3490 and participant 703 (result to be deleted: null)
    23:47:46.929 | 454 ool-1-worker-218 | DEBUG | .a.s.ParticipantScoreScheduleService : Scheduled task for exercise 3490 and participant 703 at 2025-02-14T23:47:47.029461838Z[Etc/UTC].
    23:47:46.941 | 454 ool-1-worker-218 | DEBUG | .c.s.m.InstanceMessageReceiveService : Received schedule participant score for exercise 3490 and participant 703 (result to be deleted: null)
    23:47:46.941 | 454 ool-1-worker-218 | DEBUG | .a.s.ParticipantScoreScheduleService : Scheduled task for exercise 3490 and participant 703 at 2025-02-14T23:47:47.041328248Z[Etc/UTC].
    23:47:46.943 | 454 ool-1-worker-218 | DEBUG | d.t.c.a.a.c.s.f.ApiVersionFilter     : Adding Version to Request GET /api/programming-exercise-participations/2877/student-participation-with-latest-result-and-feedbacks

  Starting logs for ProgrammingExerciseParticipationIntegrationTest > testGetParticipationWithLatestResultAsAStudent(ZonedDateTime, ZonedDateTime, AssessmentType, ZonedDateTime, ZonedDateTime, boolean) [8] startDate=2025-02-11T23:47:46.088351019Z[Etc/UTC], releaseDate=2025-02-10T23:47:46.088365125Z[Etc/UTC], assessmentType=SEMI_AUTOMATIC, completionDate=null, assessmentDueDate=null, expectLastCreatedResult=false
    23:47:46.969 | 454 ool-1-worker-218 | DEBUG | d.t.c.a.a.c.u.util.UserUtilService   : Generate 4 students...
    23:47:46.980 | 454 ool-1-worker-218 | DEBUG | d.t.c.a.a.c.u.util.UserUtilService   : 4 students generated. Generate 2 tutors...
    23:47:46.984 | 454 ool-1-worker-218 | DEBUG | d.t.c.a.a.c.u.util.UserUtilService   : 2 tutors generated. Generate 0 editors...
    23:47:46.985 | 454 ool-1-worker-218 | DEBUG | d.t.c.a.a.c.u.util.UserUtilService   : 0 editors generated. Generate 2 instructors...
    23:47:46.990 | 454 ool-1-worker-218 | DEBUG | d.t.c.a.a.c.u.util.UserUtilService   : 2 instructors generated
    23:47:46.993 | 454 ool-1-worker-218 | DEBUG | d.t.c.a.a.c.u.util.UserUtilService   : Removing 8 users from all courses...
    23:47:46.994 | 454 ool-1-worker-218 | DEBUG | d.t.c.a.a.c.u.util.UserUtilService   : Removing 8 users from all courses. Done
    23:47:46.994 | 454 ool-1-worker-218 | DEBUG | d.t.c.a.a.c.u.util.UserUtilService   : Save 8 users to database...
    23:47:47.000 | 454 ool-1-worker-218 | DEBUG | d.t.c.a.a.c.u.util.UserUtilService   : Save 8 users to database. Done
    23:47:47.052 | 454 ool-1-worker-218 | INFO  | i.z.t.d.l.EmbeddedDatabaseReporter   : JDBC URL to connect to 'dataSource': url='jdbc:h2:tcp://localhost:41063/mem:df70fc46-7e57-4cb5-9cd0-c1d90c14afa7;USER=sa', scope='ProgrammingExerciseParticipationIntegrationTest#testGetParticipationWithLatestResultAsAStudent'
    23:47:47.069 | 454 ool-1-worker-218 | DEBUG | PersonalAccessTokenManagementService : Generate secure vcs access token
    23:47:47.075 | 454 ool-1-worker-218 | DEBUG | .c.s.m.InstanceMessageReceiveService : Received schedule participant score for exercise 3491 and participant 703 (result to be deleted: null)
    23:47:47.075 | 454 ool-1-worker-218 | DEBUG | .a.s.ParticipantScoreScheduleService : Scheduled task for exercise 3491 and participant 703 at 2025-02-14T23:47:47.175591219Z[Etc/UTC].
    23:47:47.090 | 454 ool-1-worker-218 | DEBUG | .c.s.m.InstanceMessageReceiveService : Received schedule participant score for exercise 3491 and participant 703 (result to be deleted: null)
    23:47:47.090 | 454 ool-1-worker-218 | DEBUG | .a.s.ParticipantScoreScheduleService : Scheduled task for exercise 3491 and participant 703 at 2025-02-14T23:47:47.190776158Z[Etc/UTC].
    23:47:47.092 | 454 ool-1-worker-218 | DEBUG | d.t.c.a.a.c.s.f.ApiVersionFilter     : Adding Version to Request GET /api/programming-exercise-participations/2880/student-participation-with-latest-result-and-feedbacks
    23:47:47.095 | 454 ool-1-worker-218 | WARN  | o.z.p.spring.common.AdviceTraits     : Not Found: Participation with id: "2880" does not exist

  Starting logs for ProgrammingExerciseParticipationIntegrationTest > testGetParticipationWithLatestResultAsAStudent(ZonedDateTime, ZonedDateTime, AssessmentType, ZonedDateTime, ZonedDateTime, boolean) [9] startDate=2025-02-11T23:47:46.088351019Z[Etc/UTC], releaseDate=2025-02-10T23:47:46.088365125Z[Etc/UTC], assessmentType=SEMI_AUTOMATIC, completionDate=null, assessmentDueDate=2025-02-17T23:47:46.088365586Z[Etc/UTC], expectLastCreatedResult=false
    23:47:47.112 | 454 ool-1-worker-218 | DEBUG | d.t.c.a.a.c.u.util.UserUtilService   : Generate 4 students...
    23:47:47.120 | 454 ool-1-worker-218 | DEBUG | d.t.c.a.a.c.u.util.UserUtilService   : 4 students generated. Generate 2 tutors...
    23:47:47.125 | 454 ool-1-worker-218 | DEBUG | d.t.c.a.a.c.u.util.UserUtilService   : 2 tutors generated. Generate 0 editors...
    23:47:47.126 | 454 ool-1-worker-218 | DEBUG | d.t.c.a.a.c.u.util.UserUtilService   : 0 editors generated. Generate 2 instructors...
    23:47:47.131 | 454 ool-1-worker-218 | DEBUG | d.t.c.a.a.c.u.util.UserUtilService   : 2 instructors generated
    23:47:47.133 | 454 ool-1-worker-218 | DEBUG | d.t.c.a.a.c.u.util.UserUtilService   : Removing 8 users from all courses...
    23:47:47.135 | 454 ool-1-worker-218 | DEBUG | d.t.c.a.a.c.u.util.UserUtilService   : Removing 8 users from all courses. Done
    23:47:47.135 | 454 ool-1-worker-218 | DEBUG | d.t.c.a.a.c.u.util.UserUtilService   : Save 8 users to database...
    23:47:47.141 | 454 ool-1-worker-218 | DEBUG | d.t.c.a.a.c.u.util.UserUtilService   : Save 8 users to database. Done
    23:47:47.172 | 454 ool-1-worker-218 | INFO  | i.z.t.d.l.EmbeddedDatabaseReporter   : JDBC URL to connect to 'dataSource': url='jdbc:h2:tcp://localhost:41063/mem:df70fc46-7e57-4cb5-9cd0-c1d90c14afa7;USER=sa', scope='ProgrammingExerciseParticipationIntegrationTest#testGetParticipationWithLatestResultAsAStudent'
    23:47:47.188 | 454 ool-1-worker-218 | DEBUG | PersonalAccessTokenManagementService : Generate secure vcs access token
    23:47:47.190 | 454 ool-1-worker-218 | DEBUG | .c.s.m.InstanceMessageReceiveService : Received schedule participant score for exercise 3492 and participant 703 (result to be deleted: null)
    23:47:47.190 | 454 ool-1-worker-218 | DEBUG | .a.s.ParticipantScoreScheduleService : Scheduled task for exercise 3492 and participant 703 at 2025-02-14T23:47:47.290701006Z[Etc/UTC].
    23:47:47.202 | 454 ool-1-worker-218 | DEBUG | .c.s.m.InstanceMessageReceiveService : Received schedule participant score for exercise 3492 and participant 703 (result to be deleted: null)
    23:47:47.202 | 454 ool-1-worker-218 | DEBUG | .a.s.ParticipantScoreScheduleService : Scheduled task for exercise 3492 and participant 703 at 2025-02-14T23:47:47.302479392Z[Etc/UTC].
    23:47:47.204 | 454 ool-1-worker-218 | DEBUG | d.t.c.a.a.c.s.f.ApiVersionFilter     : Adding Version to Request GET /api/programming-exercise-participations/2883/student-participation-with-latest-result-and-feedbacks
    23:47:47.207 | 454 ool-1-worker-218 | WARN  | o.z.p.spring.common.AdviceTraits     : Not Found: Participation with id: "2883" does not exist

  Starting logs for ProgrammingExerciseParticipationIntegrationTest > testGetParticipationWithLatestResultAsAStudent(ZonedDateTime, ZonedDateTime, AssessmentType, ZonedDateTime, ZonedDateTime, boolean) [10] startDate=2025-02-11T23:47:46.088351019Z[Etc/UTC], releaseDate=2025-02-10T23:47:46.088365125Z[Etc/UTC], assessmentType=SEMI_AUTOMATIC, completionDate=null, assessmentDueDate=2025-02-13T23:47:46.088366277Z[Etc/UTC], expectLastCreatedResult=false
    23:47:47.224 | 454 ool-1-worker-218 | DEBUG | d.t.c.a.a.c.u.util.UserUtilService   : Generate 4 students...
    23:47:47.231 | 454 ool-1-worker-218 | DEBUG | d.t.c.a.a.c.u.util.UserUtilService   : 4 students generated. Generate 2 tutors...
    23:47:47.236 | 454 ool-1-worker-218 | DEBUG | d.t.c.a.a.c.u.util.UserUtilService   : 2 tutors generated. Generate 0 editors...
    23:47:47.237 | 454 ool-1-worker-218 | DEBUG | d.t.c.a.a.c.u.util.UserUtilService   : 0 editors generated. Generate 2 instructors...
    23:47:47.242 | 454 ool-1-worker-218 | DEBUG | d.t.c.a.a.c.u.util.UserUtilService   : 2 instructors generated
    23:47:47.246 | 454 ool-1-worker-218 | DEBUG | d.t.c.a.a.c.u.util.UserUtilService   : Removing 8 users from all courses...
    23:47:47.248 | 454 ool-1-worker-218 | DEBUG | d.t.c.a.a.c.u.util.UserUtilService   : Removing 8 users from all courses. Done
    23:47:47.248 | 454 ool-1-worker-218 | DEBUG | d.t.c.a.a.c.u.util.UserUtilService   : Save 8 users to database...
    23:47:47.257 | 454 ool-1-worker-218 | DEBUG | d.t.c.a.a.c.u.util.UserUtilService   : Save 8 users to database. Done
    23:47:47.298 | 454 ool-1-worker-218 | INFO  | i.z.t.d.l.EmbeddedDatabaseReporter   : JDBC URL to connect to 'dataSource': url='jdbc:h2:tcp://localhost:41063/mem:df70fc46-7e57-4cb5-9cd0-c1d90c14afa7;USER=sa', scope='ProgrammingExerciseParticipationIntegrationTest#testGetParticipationWithLatestResultAsAStudent'
    23:47:47.311 | 454 ool-1-worker-218 | DEBUG | PersonalAccessTokenManagementService : Generate secure vcs access token
    23:47:47.313 | 454 ool-1-worker-218 | DEBUG | .c.s.m.InstanceMessageReceiveService : Received schedule participant score for exercise 3493 and participant 703 (result to be deleted: null)
    23:47:47.313 | 454 ool-1-worker-218 | DEBUG | .a.s.ParticipantScoreScheduleService : Scheduled task for exercise 3493 and participant 703 at 2025-02-14T23:47:47.413708408Z[Etc/UTC].
    23:47:47.332 | 454 ool-1-worker-218 | DEBUG | .c.s.m.InstanceMessageReceiveService : Received schedule participant score for exercise 3493 and participant 703 (result to be deleted: null)
    23:47:47.332 | 454 ool-1-worker-218 | DEBUG | .a.s.ParticipantScoreScheduleService : Scheduled task for exercise 3493 and participant 703 at 2025-02-14T23:47:47.432772892Z[Etc/UTC].
    23:47:47.336 | 454 ool-1-worker-218 | DEBUG | d.t.c.a.a.c.s.f.ApiVersionFilter     : Adding Version to Request GET /api/programming-exercise-participations/2886/student-participation-with-latest-result-and-feedbacks
    23:47:47.339 | 454 ool-1-worker-218 | WARN  | o.z.p.spring.common.AdviceTraits     : Not Found: Participation with id: "2886" does not exist

  Starting logs for ProgrammingExerciseParticipationIntegrationTest > testGetParticipationWithLatestResultAsAStudent(ZonedDateTime, ZonedDateTime, AssessmentType, ZonedDateTime, ZonedDateTime, boolean) [11] startDate=2025-02-11T23:47:46.088351019Z[Etc/UTC], releaseDate=2025-02-10T23:47:46.088365125Z[Etc/UTC], assessmentType=SEMI_AUTOMATIC, completionDate=2025-02-14T23:47:46.088365406Z[Etc/UTC], assessmentDueDate=2025-02-17T23:47:46.088365586Z[Etc/UTC], expectLastCreatedResult=false
    23:47:47.364 | 454 ool-1-worker-218 | DEBUG | d.t.c.a.a.c.u.util.UserUtilService   : Generate 4 students...
    23:47:47.374 | 454 ool-1-worker-218 | DEBUG | d.t.c.a.a.c.u.util.UserUtilService   : 4 students generated. Generate 2 tutors...
    23:47:47.383 | 454 ool-1-worker-218 | DEBUG | d.t.c.a.a.c.u.util.UserUtilService   : 2 tutors generated. Generate 0 editors...
    23:47:47.385 | 454 ool-1-worker-218 | DEBUG | d.t.c.a.a.c.u.util.UserUtilService   : 0 editors generated. Generate 2 instructors...
    23:47:47.395 | 454 ool-1-worker-218 | DEBUG | d.t.c.a.a.c.u.util.UserUtilService   : 2 instructors generated
    23:47:47.400 | 454 ool-1-worker-218 | DEBUG | d.t.c.a.a.c.u.util.UserUtilService   : Removing 8 users from all courses...
    23:47:47.401 | 454 ool-1-worker-218 | DEBUG | d.t.c.a.a.c.u.util.UserUtilService   : Removing 8 users from all courses. Done
    23:47:47.401 | 454 ool-1-worker-218 | DEBUG | d.t.c.a.a.c.u.util.UserUtilService   : Save 8 users to database...
    23:47:47.419 | 454 ool-1-worker-218 | DEBUG | d.t.c.a.a.c.u.util.UserUtilService   : Save 8 users to database. Done
    23:47:47.470 | 454 ool-1-worker-218 | INFO  | i.z.t.d.l.EmbeddedDatabaseReporter   : JDBC URL to connect to 'dataSource': url='jdbc:h2:tcp://localhost:41063/mem:df70fc46-7e57-4cb5-9cd0-c1d90c14afa7;USER=sa', scope='ProgrammingExerciseParticipationIntegrationTest#testGetParticipationWithLatestResultAsAStudent'
    23:47:47.600 | 454 ool-1-worker-218 | DEBUG | PersonalAccessTokenManagementService : Generate secure vcs access token
    23:47:47.604 | 454 ool-1-worker-218 | DEBUG | .c.s.m.InstanceMessageReceiveService : Received schedule participant score for exercise 3494 and participant 703 (result to be deleted: null)
    23:47:47.604 | 454 ool-1-worker-218 | DEBUG | .a.s.ParticipantScoreScheduleService : Scheduled task for exercise 3494 and participant 703 at 2025-02-14T23:47:47.704934257Z[Etc/UTC].
    23:47:47.616 | 454 ool-1-worker-218 | DEBUG | .c.s.m.InstanceMessageReceiveService : Received schedule participant score for exercise 3494 and participant 703 (result to be deleted: null)
    23:47:47.616 | 454 ool-1-worker-218 | DEBUG | .a.s.ParticipantScoreScheduleService : Scheduled task for exercise 3494 and participant 703 at 2025-02-14T23:47:47.716351800Z[Etc/UTC].
    23:47:47.620 | 454 ool-1-worker-218 | DEBUG | d.t.c.a.a.c.s.f.ApiVersionFilter     : Adding Version to Request GET /api/programming-exercise-participations/2889/student-participation-with-latest-result-and-feedbacks
    23:47:47.624 | 454 ool-1-worker-218 | WARN  | o.z.p.spring.common.AdviceTraits     : Not Found: Participation with id: "2889" does not exist

  Starting logs for ProgrammingExerciseParticipationIntegrationTest > testGetParticipationWithLatestResultAsAStudent(ZonedDateTime, ZonedDateTime, AssessmentType, ZonedDateTime, ZonedDateTime, boolean) [12] startDate=2025-02-11T23:47:46.088351019Z[Etc/UTC], releaseDate=2025-02-10T23:47:46.088365125Z[Etc/UTC], assessmentType=SEMI_AUTOMATIC, completionDate=2025-02-14T23:47:46.088365406Z[Etc/UTC], assessmentDueDate=2025-02-13T23:47:46.088366277Z[Etc/UTC], expectLastCreatedResult=true
    23:47:47.648 | 454 ool-1-worker-218 | DEBUG | d.t.c.a.a.c.u.util.UserUtilService   : Generate 4 students...
    23:47:47.655 | 454 ool-1-worker-218 | DEBUG | d.t.c.a.a.c.u.util.UserUtilService   : 4 students generated. Generate 2 tutors...
    23:47:47.659 | 454 ool-1-worker-218 | DEBUG | d.t.c.a.a.c.u.util.UserUtilService   : 2 tutors generated. Generate 0 editors...
    23:47:47.660 | 454 ool-1-worker-218 | DEBUG | d.t.c.a.a.c.u.util.UserUtilService   : 0 editors generated. Generate 2 instructors...
    23:47:47.664 | 454 ool-1-worker-218 | DEBUG | d.t.c.a.a.c.u.util.UserUtilService   : 2 instructors generated
    23:47:47.667 | 454 ool-1-worker-218 | DEBUG | d.t.c.a.a.c.u.util.UserUtilService   : Removing 8 users from all courses...
    23:47:47.668 | 454 ool-1-worker-218 | DEBUG | d.t.c.a.a.c.u.util.UserUtilService   : Removing 8 users from all courses. Done
    23:47:47.668 | 454 ool-1-worker-218 | DEBUG | d.t.c.a.a.c.u.util.UserUtilService   : Save 8 users to database...
    23:47:47.674 | 454 ool-1-worker-218 | DEBUG | d.t.c.a.a.c.u.util.UserUtilService   : Save 8 users to database. Done
    23:47:47.700 | 454 ool-1-worker-218 | INFO  | i.z.t.d.l.EmbeddedDatabaseReporter   : JDBC URL to connect to 'dataSource': url='jdbc:h2:tcp://localhost:41063/mem:df70fc46-7e57-4cb5-9cd0-c1d90c14afa7;USER=sa', scope='ProgrammingExerciseParticipationIntegrationTest#testGetParticipationWithLatestResultAsAStudent'
    23:47:47.708 | 454 ool-1-worker-218 | DEBUG | PersonalAccessTokenManagementService : Generate secure vcs access token
    23:47:47.710 | 454 ool-1-worker-218 | DEBUG | .c.s.m.InstanceMessageReceiveService : Received schedule participant score for exercise 3495 and participant 703 (result to be deleted: null)
    23:47:47.710 | 454 ool-1-worker-218 | DEBUG | .a.s.ParticipantScoreScheduleService : Scheduled task for exercise 3495 and participant 703 at 2025-02-14T23:47:47.810610989Z[Etc/UTC].
    23:47:47.720 | 454 ool-1-worker-218 | DEBUG | .c.s.m.InstanceMessageReceiveService : Received schedule participant score for exercise 3495 and participant 703 (result to be deleted: null)
    23:47:47.720 | 454 ool-1-worker-218 | DEBUG | .a.s.ParticipantScoreScheduleService : Scheduled task for exercise 3495 and participant 703 at 2025-02-14T23:47:47.820770295Z[Etc/UTC].
    23:47:47.722 | 454 ool-1-worker-218 | DEBUG | d.t.c.a.a.c.s.f.ApiVersionFilter     : Adding Version to Request GET /api/programming-exercise-participations/2892/student-participation-with-latest-result-and-feedbacks

  Starting logs for ProgrammingExerciseParticipationIntegrationTest > retrieveCommitInfoGitExceptionEmptyList()
    23:47:47.749 | 454 ool-1-worker-218 | DEBUG | d.t.c.a.a.c.u.util.UserUtilService   : Generate 4 students...
    23:47:47.756 | 454 ool-1-worker-218 | DEBUG | d.t.c.a.a.c.u.util.UserUtilService   : 4 students generated. Generate 2 tutors...
    23:47:47.760 | 454 ool-1-worker-218 | DEBUG | d.t.c.a.a.c.u.util.UserUtilService   : 2 tutors generated. Generate 0 editors...
    23:47:47.762 | 454 ool-1-worker-218 | DEBUG | d.t.c.a.a.c.u.util.UserUtilService   : 0 editors generated. Generate 2 instructors...
    23:47:47.765 | 454 ool-1-worker-218 | DEBUG | d.t.c.a.a.c.u.util.UserUtilService   : 2 instructors generated
    23:47:47.768 | 454 ool-1-worker-218 | DEBUG | d.t.c.a.a.c.u.util.UserUtilService   : Removing 8 users from all courses...
    23:47:47.769 | 454 ool-1-worker-218 | DEBUG | d.t.c.a.a.c.u.util.UserUtilService   : Removing 8 users from all courses. Done
    23:47:47.769 | 454 ool-1-worker-218 | DEBUG | d.t.c.a.a.c.u.util.UserUtilService   : Save 8 users to database...
    23:47:47.774 | 454 ool-1-worker-218 | DEBUG | d.t.c.a.a.c.u.util.UserUtilService   : Save 8 users to database. Done
    23:47:47.801 | 454 ool-1-worker-218 | INFO  | i.z.t.d.l.EmbeddedDatabaseReporter   : JDBC URL to connect to 'dataSource': url='jdbc:h2:tcp://localhost:41063/mem:df70fc46-7e57-4cb5-9cd0-c1d90c14afa7;USER=sa', scope='ProgrammingExerciseParticipationIntegrationTest#retrieveCommitInfoGitExceptionEmptyList'
    23:47:47.804 | 454 ool-1-worker-218 | DEBUG | PersonalAccessTokenManagementService : Generate secure vcs access token
    23:47:47.807 | 454 ool-1-worker-218 | DEBUG | d.t.c.a.a.c.s.f.ApiVersionFilter     : Adding Version to Request GET /api/programming-exercise-participations/2895/commits-info
    23:47:47.813 | 454 ool-1-worker-218 | ERROR | grammingExerciseParticipationService : Could not get commit infos for participation 2895 with repository uri https://version-control.fake.fake/git/SHORTDBE7F4F402A4204F0209EB800DC9FF599D97TSTEXC/shortdbe7f4f402a4204f0209eb800dc9ff599d97tstexc-programmingexerciseparticipationstudent1.git

  Starting logs for ProgrammingExerciseParticipationIntegrationTest > checkResetRepository_participationLocked_forbidden()
    23:47:47.832 | 454 ool-1-worker-218 | DEBUG | d.t.c.a.a.c.u.util.UserUtilService   : Generate 4 students...
    23:47:47.839 | 454 ool-1-worker-218 | DEBUG | d.t.c.a.a.c.u.util.UserUtilService   : 4 students generated. Generate 2 tutors...
    23:47:47.842 | 454 ool-1-worker-218 | DEBUG | d.t.c.a.a.c.u.util.UserUtilService   : 2 tutors generated. Generate 0 editors...
    23:47:47.844 | 454 ool-1-worker-218 | DEBUG | d.t.c.a.a.c.u.util.UserUtilService   : 0 editors generated. Generate 2 instructors...
    23:47:47.848 | 454 ool-1-worker-218 | DEBUG | d.t.c.a.a.c.u.util.UserUtilService   : 2 instructors generated
    23:47:47.850 | 454 ool-1-worker-218 | DEBUG | d.t.c.a.a.c.u.util.UserUtilService   : Removing 8 users from all courses...
    23:47:47.851 | 454 ool-1-worker-218 | DEBUG | d.t.c.a.a.c.u.util.UserUtilService   : Removing 8 users from all courses. Done
    23:47:47.851 | 454 ool-1-worker-218 | DEBUG | d.t.c.a.a.c.u.util.UserUtilService   : Save 8 users to database...
    23:47:47.856 | 454 ool-1-worker-218 | DEBUG | d.t.c.a.a.c.u.util.UserUtilService   : Save 8 users to database. Done
    23:47:47.884 | 454 ool-1-worker-218 | INFO  | i.z.t.d.l.EmbeddedDatabaseReporter   : JDBC URL to connect to 'dataSource': url='jdbc:h2:tcp://localhost:41063/mem:df70fc46-7e57-4cb5-9cd0-c1d90c14afa7;USER=sa', scope='ProgrammingExerciseParticipationIntegrationTest#checkResetRepository_participationLocked_forbidden'
    23:47:47.887 | 454 ool-1-worker-218 | DEBUG | PersonalAccessTokenManagementService : Generate secure vcs access token
    23:47:47.893 | 454 ool-1-worker-218 | DEBUG | d.t.c.a.a.c.s.f.ApiVersionFilter     : Adding Version to Request PUT /api/programming-exercise-participations/2898/reset-repository
    23:47:47.927 | 454 ool-1-worker-218 | WARN  | o.z.p.spring.common.AdviceTraits     : Forbidden: You are not allowed to access the participation with id 2898

  Starting logs for ProgrammingExerciseParticipationIntegrationTest > testGetResultWithFeedbacksFilteredBeforeLastDueDate(AssessmentType) [1] assessmentType=AUTOMATIC
    23:47:47.953 | 454 ool-1-worker-218 | DEBUG | d.t.c.a.a.c.u.util.UserUtilService   : Generate 4 students...
[DEBUG] [main] Validated build configuration regarding trusted package rules, 0 are missing.
[INFO] [main] Request install with ASC-Impl [testMethod=Optional[protected org.junit.jupiter.api.DynamicContainer de.test.MethodTest.generateTestsForAllClasses() throws java.net.URISyntaxException], executionPath=/tmp/testLocalRepo8086663005378633686, whitelistedPaths=Optional[[PathRule["target" (STARTS_WITH) in WHITELIST; level READ]]], blacklistedPaths=[PathRule["target/test-classes" (STARTS_WITH) in BLACKLIST; level READ]], allowedLocalPorts=[], trustedPackages=[]]
[INFO] [main] Request whitelisting: Thread[ajts-to-4,5,Test-Threadgroup] []
[INFO] [main] Thread whitelisted: Thread[ajts-to-4,5,Test-Threadgroup]
[INFO] [main] Request uninstall
    23:47:47.964 | 454 ool-1-worker-218 | DEBUG | d.t.c.a.a.c.u.util.UserUtilService   : 4 students generated. Generate 2 tutors...
    23:47:47.968 | 454 ool-1-worker-218 | DEBUG | d.t.c.a.a.c.u.util.UserUtilService   : 2 tutors generated. Generate 0 editors...
    23:47:47.970 | 454 ool-1-worker-218 | DEBUG | d.t.c.a.a.c.u.util.UserUtilService   : 0 editors generated. Generate 2 instructors...
    23:47:47.974 | 454 ool-1-worker-218 | DEBUG | d.t.c.a.a.c.u.util.UserUtilService   : 2 instructors generated
    23:47:47.977 | 454 ool-1-worker-218 | DEBUG | d.t.c.a.a.c.u.util.UserUtilService   : Removing 8 users from all courses...
    23:47:47.978 | 454 ool-1-worker-218 | DEBUG | d.t.c.a.a.c.u.util.UserUtilService   : Removing 8 users from all courses. Done
    23:47:47.978 | 454 ool-1-worker-218 | DEBUG | d.t.c.a.a.c.u.util.UserUtilService   : Save 8 users to database...
    23:47:47.984 | 454 ool-1-worker-218 | DEBUG | d.t.c.a.a.c.u.util.UserUtilService   : Save 8 users to database. Done
    23:47:48.009 | 454 ool-1-worker-218 | INFO  | i.z.t.d.l.EmbeddedDatabaseReporter   : JDBC URL to connect to 'dataSource': url='jdbc:h2:tcp://localhost:41063/mem:df70fc46-7e57-4cb5-9cd0-c1d90c14afa7;USER=sa', scope='ProgrammingExerciseParticipationIntegrationTest#testGetResultWithFeedbacksFilteredBeforeLastDueDate'
    23:47:48.017 | 454 ool-1-worker-218 | DEBUG | PersonalAccessTokenManagementService : Generate secure vcs access token
    23:47:48.023 | 454 ool-1-worker-218 | DEBUG | PersonalAccessTokenManagementService : Generate secure vcs access token
    23:47:48.024 | 454 ool-1-worker-218 | DEBUG | .c.s.m.InstanceMessageReceiveService : Received schedule participant score for exercise 3498 and participant 703 (result to be deleted: null)
    23:47:48.025 | 454 ool-1-worker-218 | DEBUG | .a.s.ParticipantScoreScheduleService : Scheduled task for exercise 3498 and participant 703 at 2025-02-14T23:47:48.125036067Z[Etc/UTC].
    23:47:48.039 | 454 ool-1-worker-218 | DEBUG | .c.s.m.InstanceMessageReceiveService : Received schedule participant score for exercise 3498 and participant 703 (result to be deleted: null)
    23:47:48.039 | 454 ool-1-worker-218 | DEBUG | .a.s.ParticipantScoreScheduleService : Scheduled task for exercise 3498 and participant 703 at 2025-02-14T23:47:48.139729096Z[Etc/UTC].
    23:47:48.043 | 454 ool-1-worker-218 | DEBUG | d.t.c.a.a.c.s.f.ApiVersionFilter     : Adding Version to Request GET /api/programming-exercise-participations/2902/latest-result-with-feedbacks

  Starting logs for ProgrammingExerciseParticipationIntegrationTest > testGetResultWithFeedbacksFilteredBeforeLastDueDate(AssessmentType) [2] assessmentType=SEMI_AUTOMATIC
    23:47:48.070 | 454 ool-1-worker-218 | DEBUG | d.t.c.a.a.c.u.util.UserUtilService   : Generate 4 students...
    23:47:48.078 | 454 ool-1-worker-218 | DEBUG | d.t.c.a.a.c.u.util.UserUtilService   : 4 students generated. Generate 2 tutors...
    23:47:48.082 | 454 ool-1-worker-218 | DEBUG | d.t.c.a.a.c.u.util.UserUtilService   : 2 tutors generated. Generate 0 editors...
    23:47:48.083 | 454 ool-1-worker-218 | DEBUG | d.t.c.a.a.c.u.util.UserUtilService   : 0 editors generated. Generate 2 instructors...
    23:47:48.088 | 454 ool-1-worker-218 | DEBUG | d.t.c.a.a.c.u.util.UserUtilService   : 2 instructors generated
    23:47:48.090 | 454 ool-1-worker-218 | DEBUG | d.t.c.a.a.c.u.util.UserUtilService   : Removing 8 users from all courses...
    23:47:48.092 | 454 ool-1-worker-218 | DEBUG | d.t.c.a.a.c.u.util.UserUtilService   : Removing 8 users from all courses. Done
    23:47:48.092 | 454 ool-1-worker-218 | DEBUG | d.t.c.a.a.c.u.util.UserUtilService   : Save 8 users to database...
    23:47:48.098 | 454 ool-1-worker-218 | DEBUG | d.t.c.a.a.c.u.util.UserUtilService   : Save 8 users to database. Done
    23:47:48.123 | 454 ool-1-worker-218 | INFO  | i.z.t.d.l.EmbeddedDatabaseReporter   : JDBC URL to connect to 'dataSource': url='jdbc:h2:tcp://localhost:41063/mem:df70fc46-7e57-4cb5-9cd0-c1d90c14afa7;USER=sa', scope='ProgrammingExerciseParticipationIntegrationTest#testGetResultWithFeedbacksFilteredBeforeLastDueDate'
    23:47:48.131 | 454 ool-1-worker-218 | DEBUG | PersonalAccessTokenManagementService : Generate secure vcs access token
    23:47:48.137 | 454 ool-1-worker-218 | DEBUG | PersonalAccessTokenManagementService : Generate secure vcs access token
    23:47:48.139 | 454 ool-1-worker-218 | DEBUG | .c.s.m.InstanceMessageReceiveService : Received schedule participant score for exercise 3499 and participant 703 (result to be deleted: null)
    23:47:48.139 | 454 ool-1-worker-218 | DEBUG | .a.s.ParticipantScoreScheduleService : Scheduled task for exercise 3499 and participant 703 at 2025-02-14T23:47:48.239723343Z[Etc/UTC].
    23:47:48.149 | 454 ool-1-worker-218 | DEBUG | .c.s.m.InstanceMessageReceiveService : Received schedule participant score for exercise 3499 and participant 703 (result to be deleted: null)
    23:47:48.149 | 454 ool-1-worker-218 | DEBUG | .a.s.ParticipantScoreScheduleService : Scheduled task for exercise 3499 and participant 703 at 2025-02-14T23:47:48.249290966Z[Etc/UTC].
    23:47:48.152 | 454 ool-1-worker-218 | DEBUG | d.t.c.a.a.c.s.f.ApiVersionFilter     : Adding Version to Request GET /api/programming-exercise-participations/2906/latest-result-with-feedbacks

  Starting logs for ProgrammingExerciseParticipationIntegrationTest > testGetResultWithFeedbacksFilteredBeforeLastDueDate(AssessmentType) [3] assessmentType=MANUAL
    23:47:48.176 | 454 ool-1-worker-218 | DEBUG | d.t.c.a.a.c.u.util.UserUtilService   : Generate 4 students...
    23:47:48.183 | 454 ool-1-worker-218 | DEBUG | d.t.c.a.a.c.u.util.UserUtilService   : 4 students generated. Generate 2 tutors...
    23:47:48.187 | 454 ool-1-worker-218 | DEBUG | d.t.c.a.a.c.u.util.UserUtilService   : 2 tutors generated. Generate 0 editors...
    23:47:48.189 | 454 ool-1-worker-218 | DEBUG | d.t.c.a.a.c.u.util.UserUtilService   : 0 editors generated. Generate 2 instructors...
    23:47:48.194 | 454 ool-1-worker-218 | DEBUG | d.t.c.a.a.c.u.util.UserUtilService   : 2 instructors generated
    23:47:48.197 | 454 ool-1-worker-218 | DEBUG | d.t.c.a.a.c.u.util.UserUtilService   : Removing 8 users from all courses...
    23:47:48.199 | 454 ool-1-worker-218 | DEBUG | d.t.c.a.a.c.u.util.UserUtilService   : Removing 8 users from all courses. Done
    23:47:48.199 | 454 ool-1-worker-218 | DEBUG | d.t.c.a.a.c.u.util.UserUtilService   : Save 8 users to database...
    23:47:48.205 | 454 ool-1-worker-218 | DEBUG | d.t.c.a.a.c.u.util.UserUtilService   : Save 8 users to database. Done
    23:47:48.228 | 454 ool-1-worker-218 | INFO  | i.z.t.d.l.EmbeddedDatabaseReporter   : JDBC URL to connect to 'dataSource': url='jdbc:h2:tcp://localhost:41063/mem:df70fc46-7e57-4cb5-9cd0-c1d90c14afa7;USER=sa', scope='ProgrammingExerciseParticipationIntegrationTest#testGetResultWithFeedbacksFilteredBeforeLastDueDate'
    23:47:48.236 | 454 ool-1-worker-218 | DEBUG | PersonalAccessTokenManagementService : Generate secure vcs access token
    23:47:48.241 | 454 ool-1-worker-218 | DEBUG | PersonalAccessTokenManagementService : Generate secure vcs access token
    23:47:48.243 | 454 ool-1-worker-218 | DEBUG | .c.s.m.InstanceMessageReceiveService : Received schedule participant score for exercise 3500 and participant 703 (result to be deleted: null)
    23:47:48.243 | 454 ool-1-worker-218 | DEBUG | .a.s.ParticipantScoreScheduleService : Scheduled task for exercise 3500 and participant 703 at 2025-02-14T23:47:48.343296481Z[Etc/UTC].
    23:47:48.253 | 454 ool-1-worker-218 | DEBUG | .c.s.m.InstanceMessageReceiveService : Received schedule participant score for exercise 3500 and participant 703 (result to be deleted: null)
    23:47:48.253 | 454 ool-1-worker-218 | DEBUG | .a.s.ParticipantScoreScheduleService : Scheduled task for exercise 3500 and participant 703 at 2025-02-14T23:47:48.353160047Z[Etc/UTC].
    23:47:48.256 | 454 ool-1-worker-218 | DEBUG | d.t.c.a.a.c.s.f.ApiVersionFilter     : Adding Version to Request GET /api/programming-exercise-participations/2910/latest-result-with-feedbacks

  Starting logs for ProgrammingExerciseParticipationIntegrationTest > testGetResultWithFeedbacksFilteredBeforeLastDueDate(AssessmentType) [4] assessmentType=AUTOMATIC_ATHENA
    23:47:48.278 | 454 ool-1-worker-218 | DEBUG | d.t.c.a.a.c.u.util.UserUtilService   : Generate 4 students...
    23:47:48.284 | 454 ool-1-worker-218 | DEBUG | d.t.c.a.a.c.u.util.UserUtilService   : 4 students generated. Generate 2 tutors...
    23:47:48.288 | 454 ool-1-worker-218 | DEBUG | d.t.c.a.a.c.u.util.UserUtilService   : 2 tutors generated. Generate 0 editors...
    23:47:48.290 | 454 ool-1-worker-218 | DEBUG | d.t.c.a.a.c.u.util.UserUtilService   : 0 editors generated. Generate 2 instructors...
    23:47:48.294 | 454 ool-1-worker-218 | DEBUG | d.t.c.a.a.c.u.util.UserUtilService   : 2 instructors generated
    23:47:48.296 | 454 ool-1-worker-218 | DEBUG | d.t.c.a.a.c.u.util.UserUtilService   : Removing 8 users from all courses...
    23:47:48.297 | 454 ool-1-worker-218 | DEBUG | d.t.c.a.a.c.u.util.UserUtilService   : Removing 8 users from all courses. Done
    23:47:48.297 | 454 ool-1-worker-218 | DEBUG | d.t.c.a.a.c.u.util.UserUtilService   : Save 8 users to database...
    23:47:48.302 | 454 ool-1-worker-218 | DEBUG | d.t.c.a.a.c.u.util.UserUtilService   : Save 8 users to database. Done
    23:47:48.325 | 454 ool-1-worker-218 | INFO  | i.z.t.d.l.EmbeddedDatabaseReporter   : JDBC URL to connect to 'dataSource': url='jdbc:h2:tcp://localhost:41063/mem:df70fc46-7e57-4cb5-9cd0-c1d90c14afa7;USER=sa', scope='ProgrammingExerciseParticipationIntegrationTest#testGetResultWithFeedbacksFilteredBeforeLastDueDate'
    23:47:48.333 | 454 ool-1-worker-218 | DEBUG | PersonalAccessTokenManagementService : Generate secure vcs access token
    23:47:48.338 | 454 ool-1-worker-218 | DEBUG | PersonalAccessTokenManagementService : Generate secure vcs access token
    23:47:48.340 | 454 ool-1-worker-218 | DEBUG | .c.s.m.InstanceMessageReceiveService : Received schedule participant score for exercise 3501 and participant 703 (result to be deleted: null)
    23:47:48.340 | 454 ool-1-worker-218 | DEBUG | .a.s.ParticipantScoreScheduleService : Scheduled task for exercise 3501 and participant 703 at 2025-02-14T23:47:48.440432315Z[Etc/UTC].
    23:47:48.351 | 454 ool-1-worker-218 | DEBUG | .c.s.m.InstanceMessageReceiveService : Received schedule participant score for exercise 3501 and participant 703 (result to be deleted: null)
    23:47:48.351 | 454 ool-1-worker-218 | DEBUG | .a.s.ParticipantScoreScheduleService : Scheduled task for exercise 3501 and participant 703 at 2025-02-14T23:47:48.451298289Z[Etc/UTC].
    23:47:48.354 | 454 ool-1-worker-218 | DEBUG | d.t.c.a.a.c.s.f.ApiVersionFilter     : Adding Version to Request GET /api/programming-exercise-participations/2914/latest-result-with-feedbacks

  Starting logs for ProgrammingExerciseParticipationIntegrationTest > testGetParticipationWithAllResultsAsAnInstructor_noCompletionDate_notFound()
    23:47:48.377 | 454 ool-1-worker-218 | DEBUG | d.t.c.a.a.c.u.util.UserUtilService   : Generate 4 students...
    23:47:48.387 | 454 ool-1-worker-218 | DEBUG | d.t.c.a.a.c.u.util.UserUtilService   : 4 students generated. Generate 2 tutors...
    23:47:48.391 | 454 ool-1-worker-218 | DEBUG | d.t.c.a.a.c.u.util.UserUtilService   : 2 tutors generated. Generate 0 editors...
    23:47:48.392 | 454 ool-1-worker-218 | DEBUG | d.t.c.a.a.c.u.util.UserUtilService   : 0 editors generated. Generate 2 instructors...
    23:47:48.396 | 454 ool-1-worker-218 | DEBUG | d.t.c.a.a.c.u.util.UserUtilService   : 2 instructors generated
    23:47:48.398 | 454 ool-1-worker-218 | DEBUG | d.t.c.a.a.c.u.util.UserUtilService   : Removing 8 users from all courses...
    23:47:48.400 | 454 ool-1-worker-218 | DEBUG | d.t.c.a.a.c.u.util.UserUtilService   : Removing 8 users from all courses. Done
    23:47:48.400 | 454 ool-1-worker-218 | DEBUG | d.t.c.a.a.c.u.util.UserUtilService   : Save 8 users to database...
    23:47:48.405 | 454 ool-1-worker-218 | DEBUG | d.t.c.a.a.c.u.util.UserUtilService   : Save 8 users to database. Done
    23:47:48.429 | 454 ool-1-worker-218 | INFO  | i.z.t.d.l.EmbeddedDatabaseReporter   : JDBC URL to connect to 'dataSource': url='jdbc:h2:tcp://localhost:41063/mem:df70fc46-7e57-4cb5-9cd0-c1d90c14afa7;USER=sa', scope='ProgrammingExerciseParticipationIntegrationTest#testGetParticipationWithAllResultsAsAnInstructor_noCompletionDate_notFound'
    23:47:48.432 | 454 ool-1-worker-218 | DEBUG | PersonalAccessTokenManagementService : Generate secure vcs access token
    23:47:48.434 | 454 ool-1-worker-218 | DEBUG | .c.s.m.InstanceMessageReceiveService : Received schedule participant score for exercise 3502 and participant 703 (result to be deleted: null)
    23:47:48.434 | 454 ool-1-worker-218 | DEBUG | .a.s.ParticipantScoreScheduleService : Scheduled task for exercise 3502 and participant 703 at 2025-02-14T23:47:48.534268275Z[Etc/UTC].
    23:47:48.444 | 454 ool-1-worker-218 | DEBUG | .c.s.m.InstanceMessageReceiveService : Received schedule participant score for exercise 3502 and participant 703 (result to be deleted: null)
    23:47:48.444 | 454 ool-1-worker-218 | DEBUG | .a.s.ParticipantScoreScheduleService : Scheduled task for exercise 3502 and participant 703 at 2025-02-14T23:47:48.544929308Z[Etc/UTC].
    23:47:48.446 | 454 ool-1-worker-218 | DEBUG | d.t.c.a.a.c.s.f.ApiVersionFilter     : Adding Version to Request GET /api/programming-exercise-participations/2917/student-participation-with-all-results
    23:47:48.449 | 454 ool-1-worker-218 | WARN  | o.z.p.spring.common.AdviceTraits     : Not Found: Participation with id: "2917" does not exist

  Starting logs for ProgrammingExerciseParticipationIntegrationTest > testGetLatestResultWithFeedbacksForSolutionParticipationAsTutor()
    23:47:48.464 | 454 ool-1-worker-218 | DEBUG | d.t.c.a.a.c.u.util.UserUtilService   : Generate 4 students...
    23:47:48.470 | 454 ool-1-worker-218 | DEBUG | d.t.c.a.a.c.u.util.UserUtilService   : 4 students generated. Generate 2 tutors...
    23:47:48.474 | 454 ool-1-worker-218 | DEBUG | d.t.c.a.a.c.u.util.UserUtilService   : 2 tutors generated. Generate 0 editors...
    23:47:48.475 | 454 ool-1-worker-218 | DEBUG | d.t.c.a.a.c.u.util.UserUtilService   : 0 editors generated. Generate 2 instructors...
    23:47:48.479 | 454 ool-1-worker-218 | DEBUG | d.t.c.a.a.c.u.util.UserUtilService   : 2 instructors generated
    23:47:48.481 | 454 ool-1-worker-218 | DEBUG | d.t.c.a.a.c.u.util.UserUtilService   : Removing 8 users from all courses...
    23:47:48.483 | 454 ool-1-worker-218 | DEBUG | d.t.c.a.a.c.u.util.UserUtilService   : Removing 8 users from all courses. Done
    23:47:48.483 | 454 ool-1-worker-218 | DEBUG | d.t.c.a.a.c.u.util.UserUtilService   : Save 8 users to database...
    23:47:48.488 | 454 ool-1-worker-218 | DEBUG | d.t.c.a.a.c.u.util.UserUtilService   : Save 8 users to database. Done
    23:47:48.512 | 454 ool-1-worker-218 | INFO  | i.z.t.d.l.EmbeddedDatabaseReporter   : JDBC URL to connect to 'dataSource': url='jdbc:h2:tcp://localhost:41063/mem:df70fc46-7e57-4cb5-9cd0-c1d90c14afa7;USER=sa', scope='ProgrammingExerciseParticipationIntegrationTest#testGetLatestResultWithFeedbacksForSolutionParticipationAsTutor'
    23:47:48.535 | 454 ool-1-worker-218 | DEBUG | d.t.c.a.a.c.s.f.ApiVersionFilter     : Adding Version to Request GET /api/programming-exercise-participations/2920/latest-result-with-feedbacks

  Starting logs for ProgrammingExerciseParticipationIntegrationTest > testGetParticipationWithLatestResult_afterExam_hidesResultsBeforeExamResultsPublished()
    23:47:48.560 | 454 ool-1-worker-218 | DEBUG | d.t.c.a.a.c.u.util.UserUtilService   : Generate 4 students...
    23:47:48.567 | 454 ool-1-worker-218 | DEBUG | d.t.c.a.a.c.u.util.UserUtilService   : 4 students generated. Generate 2 tutors...
    23:47:48.571 | 454 ool-1-worker-218 | DEBUG | d.t.c.a.a.c.u.util.UserUtilService   : 2 tutors generated. Generate 0 editors...
    23:47:48.573 | 454 ool-1-worker-218 | DEBUG | d.t.c.a.a.c.u.util.UserUtilService   : 0 editors generated. Generate 2 instructors...
    23:47:48.577 | 454 ool-1-worker-218 | DEBUG | d.t.c.a.a.c.u.util.UserUtilService   : 2 instructors generated
    23:47:48.579 | 454 ool-1-worker-218 | DEBUG | d.t.c.a.a.c.u.util.UserUtilService   : Removing 8 users from all courses...
    23:47:48.581 | 454 ool-1-worker-218 | DEBUG | d.t.c.a.a.c.u.util.UserUtilService   : Removing 8 users from all courses. Done
    23:47:48.581 | 454 ool-1-worker-218 | DEBUG | d.t.c.a.a.c.u.util.UserUtilService   : Save 8 users to database...
    23:47:48.588 | 454 ool-1-worker-218 | DEBUG | d.t.c.a.a.c.u.util.UserUtilService   : Save 8 users to database. Done
    23:47:48.613 | 454 ool-1-worker-218 | INFO  | i.z.t.d.l.EmbeddedDatabaseReporter   : JDBC URL to connect to 'dataSource': url='jdbc:h2:tcp://localhost:41063/mem:df70fc46-7e57-4cb5-9cd0-c1d90c14afa7;USER=sa', scope='ProgrammingExerciseParticipationIntegrationTest#testGetParticipationWithLatestResult_afterExam_hidesResultsBeforeExamResultsPublished'
    23:47:48.640 | 454 ool-1-worker-218 | DEBUG | PersonalAccessTokenManagementService : Generate secure vcs access token
    23:47:48.643 | 454 ool-1-worker-218 | DEBUG | .c.s.m.InstanceMessageReceiveService : Received schedule participant score for exercise 3505 and participant 703 (result to be deleted: null)
    23:47:48.643 | 454 ool-1-worker-218 | DEBUG | .a.s.ParticipantScoreScheduleService : Scheduled task for exercise 3505 and participant 703 at 2025-02-14T23:47:48.743328286Z[Etc/UTC].
    23:47:48.654 | 454 ool-1-worker-218 | DEBUG | .c.s.m.InstanceMessageReceiveService : Received schedule participant score for exercise 3505 and participant 703 (result to be deleted: null)
    23:47:48.654 | 454 ool-1-worker-218 | DEBUG | .a.s.ParticipantScoreScheduleService : Scheduled task for exercise 3505 and participant 703 at 2025-02-14T23:47:48.754263119Z[Etc/UTC].
    23:47:48.656 | 454 ool-1-worker-218 | DEBUG | d.t.c.a.a.c.s.f.ApiVersionFilter     : Adding Version to Request GET /api/programming-exercise-participations/2925/student-participation-with-latest-result-and-feedbacks

  Starting logs for ProgrammingExerciseParticipationIntegrationTest > testGetParticipationAllResults_showsResultsDuringExam()
    23:47:48.686 | 454 ool-1-worker-218 | DEBUG | d.t.c.a.a.c.u.util.UserUtilService   : Generate 4 students...
    23:47:48.693 | 454 ool-1-worker-218 | DEBUG | d.t.c.a.a.c.u.util.UserUtilService   : 4 students generated. Generate 2 tutors...
    23:47:48.697 | 454 ool-1-worker-218 | DEBUG | d.t.c.a.a.c.u.util.UserUtilService   : 2 tutors generated. Generate 0 editors...
    23:47:48.698 | 454 ool-1-worker-218 | DEBUG | d.t.c.a.a.c.u.util.UserUtilService   : 0 editors generated. Generate 2 instructors...
    23:47:48.702 | 454 ool-1-worker-218 | DEBUG | d.t.c.a.a.c.u.util.UserUtilService   : 2 instructors generated
    23:47:48.705 | 454 ool-1-worker-218 | DEBUG | d.t.c.a.a.c.u.util.UserUtilService   : Removing 8 users from all courses...
    23:47:48.708 | 454 ool-1-worker-218 | DEBUG | d.t.c.a.a.c.u.util.UserUtilService   : Removing 8 users from all courses. Done
    23:47:48.708 | 454 ool-1-worker-218 | DEBUG | d.t.c.a.a.c.u.util.UserUtilService   : Save 8 users to database...
    23:47:48.717 | 454 ool-1-worker-218 | DEBUG | d.t.c.a.a.c.u.util.UserUtilService   : Save 8 users to database. Done
    23:47:48.747 | 454 ool-1-worker-218 | INFO  | i.z.t.d.l.EmbeddedDatabaseReporter   : JDBC URL to connect to 'dataSource': url='jdbc:h2:tcp://localhost:41063/mem:df70fc46-7e57-4cb5-9cd0-c1d90c14afa7;USER=sa', scope='ProgrammingExerciseParticipationIntegrationTest#testGetParticipationAllResults_showsResultsDuringExam'
    23:47:48.786 | 454 ool-1-worker-218 | DEBUG | PersonalAccessTokenManagementService : Generate secure vcs access token
    23:47:48.788 | 454 ool-1-worker-218 | DEBUG | .c.s.m.InstanceMessageReceiveService : Received schedule participant score for exercise 3507 and participant 703 (result to be deleted: null)
    23:47:48.788 | 454 ool-1-worker-218 | DEBUG | .a.s.ParticipantScoreScheduleService : Scheduled task for exercise 3507 and participant 703 at 2025-02-14T23:47:48.888928947Z[Etc/UTC].
    23:47:48.800 | 454 ool-1-worker-218 | DEBUG | .c.s.m.InstanceMessageReceiveService : Received schedule participant score for exercise 3507 and participant 703 (result to be deleted: null)
    23:47:48.800 | 454 ool-1-worker-218 | DEBUG | .a.s.ParticipantScoreScheduleService : Scheduled task for exercise 3507 and participant 703 at 2025-02-14T23:47:48.900093608Z[Etc/UTC].
    23:47:48.801 | 454 ool-1-worker-218 | DEBUG | .c.s.m.InstanceMessageReceiveService : Received schedule participant score for exercise 3507 and participant 703 (result to be deleted: null)
    23:47:48.801 | 454 ool-1-worker-218 | DEBUG | .a.s.ParticipantScoreScheduleService : Scheduled task for exercise 3507 and participant 703 at 2025-02-14T23:47:48.901086269Z[Etc/UTC].
    23:47:48.802 | 454 ool-1-worker-218 | DEBUG | d.t.c.a.a.c.s.f.ApiVersionFilter     : Adding Version to Request GET /api/programming-exercise-participations/2930/student-participation-with-all-results

  Starting logs for ProgrammingExerciseParticipationIntegrationTest > testGetAllResultsAsTutor()
    23:47:48.825 | 454 ool-1-worker-218 | DEBUG | d.t.c.a.a.c.u.util.UserUtilService   : Generate 4 students...
    23:47:48.831 | 454 ool-1-worker-218 | DEBUG | d.t.c.a.a.c.u.util.UserUtilService   : 4 students generated. Generate 2 tutors...
    23:47:48.835 | 454 ool-1-worker-218 | DEBUG | d.t.c.a.a.c.u.util.UserUtilService   : 2 tutors generated. Generate 0 editors...
    23:47:48.836 | 454 ool-1-worker-218 | DEBUG | d.t.c.a.a.c.u.util.UserUtilService   : 0 editors generated. Generate 2 instructors...
    23:47:48.840 | 454 ool-1-worker-218 | DEBUG | d.t.c.a.a.c.u.util.UserUtilService   : 2 instructors generated
    23:47:48.842 | 454 ool-1-worker-218 | DEBUG | d.t.c.a.a.c.u.util.UserUtilService   : Removing 8 users from all courses...
    23:47:48.844 | 454 ool-1-worker-218 | DEBUG | d.t.c.a.a.c.u.util.UserUtilService   : Removing 8 users from all courses. Done
    23:47:48.844 | 454 ool-1-worker-218 | DEBUG | d.t.c.a.a.c.u.util.UserUtilService   : Save 8 users to database...
    23:47:48.849 | 454 ool-1-worker-218 | DEBUG | d.t.c.a.a.c.u.util.UserUtilService   : Save 8 users to database. Done
    23:47:48.872 | 454 ool-1-worker-218 | INFO  | i.z.t.d.l.EmbeddedDatabaseReporter   : JDBC URL to connect to 'dataSource': url='jdbc:h2:tcp://localhost:41063/mem:df70fc46-7e57-4cb5-9cd0-c1d90c14afa7;USER=sa', scope='ProgrammingExerciseParticipationIntegrationTest#testGetAllResultsAsTutor'
    23:47:48.875 | 454 ool-1-worker-218 | DEBUG | PersonalAccessTokenManagementService : Generate secure vcs access token
    23:47:48.877 | 454 ool-1-worker-218 | DEBUG | .c.s.m.InstanceMessageReceiveService : Received schedule participant score for exercise 3508 and participant 703 (result to be deleted: null)
    23:47:48.877 | 454 ool-1-worker-218 | DEBUG | .a.s.ParticipantScoreScheduleService : Scheduled task for exercise 3508 and participant 703 at 2025-02-14T23:47:48.977134306Z[Etc/UTC].
    23:47:48.887 | 454 ool-1-worker-218 | DEBUG | .c.s.m.InstanceMessageReceiveService : Received schedule participant score for exercise 3508 and participant 703 (result to be deleted: null)
    23:47:48.887 | 454 ool-1-worker-218 | DEBUG | .a.s.ParticipantScoreScheduleService : Scheduled task for exercise 3508 and participant 703 at 2025-02-14T23:47:48.987926894Z[Etc/UTC].
    23:47:48.889 | 454 ool-1-worker-218 | DEBUG | d.t.c.a.a.c.s.f.ApiVersionFilter     : Adding Version to Request GET /api/programming-exercise-participations/2933/student-participation-with-all-results

  Starting logs for ProgrammingExerciseParticipationIntegrationTest > retrieveCommitInfoInstructorSuccess()
    23:47:48.925 | 454 ool-1-worker-218 | DEBUG | d.t.c.a.a.c.u.util.UserUtilService   : Generate 4 students...
    23:47:48.932 | 454 ool-1-worker-218 | DEBUG | d.t.c.a.a.c.u.util.UserUtilService   : 4 students generated. Generate 2 tutors...
    23:47:48.935 | 454 ool-1-worker-218 | DEBUG | d.t.c.a.a.c.u.util.UserUtilService   : 2 tutors generated. Generate 0 editors...
    23:47:48.937 | 454 ool-1-worker-218 | DEBUG | d.t.c.a.a.c.u.util.UserUtilService   : 0 editors generated. Generate 2 instructors...
    23:47:48.942 | 454 ool-1-worker-218 | DEBUG | d.t.c.a.a.c.u.util.UserUtilService   : 2 instructors generated
    23:47:48.944 | 454 ool-1-worker-218 | DEBUG | d.t.c.a.a.c.u.util.UserUtilService   : Removing 8 users from all courses...
    23:47:48.945 | 454 ool-1-worker-218 | DEBUG | d.t.c.a.a.c.u.util.UserUtilService   : Removing 8 users from all courses. Done
    23:47:48.946 | 454 ool-1-worker-218 | DEBUG | d.t.c.a.a.c.u.util.UserUtilService   : Save 8 users to database...
    23:47:48.952 | 454 ool-1-worker-218 | DEBUG | d.t.c.a.a.c.u.util.UserUtilService   : Save 8 users to database. Done
    23:47:48.987 | 454 ool-1-worker-218 | INFO  | i.z.t.d.l.EmbeddedDatabaseReporter   : JDBC URL to connect to 'dataSource': url='jdbc:h2:tcp://localhost:41063/mem:df70fc46-7e57-4cb5-9cd0-c1d90c14afa7;USER=sa', scope='ProgrammingExerciseParticipationIntegrationTest#retrieveCommitInfoInstructorSuccess'
    23:47:48.990 | 454 ool-1-worker-218 | DEBUG | PersonalAccessTokenManagementService : Generate secure vcs access token
    23:47:48.993 | 454 ool-1-worker-218 | DEBUG | d.t.c.a.a.c.s.f.ApiVersionFilter     : Adding Version to Request GET /api/programming-exercise-participations/2936/commits-info

  Starting logs for ProgrammingExerciseParticipationIntegrationTest > testGetLatestPendingSubmissionIfNotExists_student()
    23:47:49.011 | 454 ool-1-worker-218 | DEBUG | d.t.c.a.a.c.u.util.UserUtilService   : Generate 4 students...
    23:47:49.018 | 454 ool-1-worker-218 | DEBUG | d.t.c.a.a.c.u.util.UserUtilService   : 4 students generated. Generate 2 tutors...
    23:47:49.022 | 454 ool-1-worker-218 | DEBUG | d.t.c.a.a.c.u.util.UserUtilService   : 2 tutors generated. Generate 0 editors...
    23:47:49.023 | 454 ool-1-worker-218 | DEBUG | d.t.c.a.a.c.u.util.UserUtilService   : 0 editors generated. Generate 2 instructors...
    23:47:49.028 | 454 ool-1-worker-218 | DEBUG | d.t.c.a.a.c.u.util.UserUtilService   : 2 instructors generated
    23:47:49.030 | 454 ool-1-worker-218 | DEBUG | d.t.c.a.a.c.u.util.UserUtilService   : Removing 8 users from all courses...
    23:47:49.032 | 454 ool-1-worker-218 | DEBUG | d.t.c.a.a.c.u.util.UserUtilService   : Removing 8 users from all courses. Done
    23:47:49.032 | 454 ool-1-worker-218 | DEBUG | d.t.c.a.a.c.u.util.UserUtilService   : Save 8 users to database...
    23:47:49.038 | 454 ool-1-worker-218 | DEBUG | d.t.c.a.a.c.u.util.UserUtilService   : Save 8 users to database. Done
    23:47:49.056 | 454 ool-1-worker-218 | INFO  | i.z.t.d.l.EmbeddedDatabaseReporter   : JDBC URL to connect to 'dataSource': url='jdbc:h2:tcp://localhost:41063/mem:df70fc46-7e57-4cb5-9cd0-c1d90c14afa7;USER=sa', scope='ProgrammingExerciseParticipationIntegrationTest#testGetLatestPendingSubmissionIfNotExists_student'
    23:47:49.060 | 454 ool-1-worker-218 | DEBUG | PersonalAccessTokenManagementService : Generate secure vcs access token
    23:47:49.063 | 454 ool-1-worker-218 | DEBUG | d.t.c.a.a.c.s.f.ApiVersionFilter     : Adding Version to Request GET /api/programming-exercise-participations/2939/latest-pending-submission

  Starting logs for ProgrammingExerciseParticipationIntegrationTest > testGetParticipationWithLatestResult_cannotAccessParticipation()
    23:47:49.088 | 454 ool-1-worker-218 | DEBUG | d.t.c.a.a.c.u.util.UserUtilService   : Generate 4 students...
    23:47:49.095 | 454 ool-1-worker-218 | DEBUG | d.t.c.a.a.c.u.util.UserUtilService   : 4 students generated. Generate 2 tutors...
    23:47:49.098 | 454 ool-1-worker-218 | DEBUG | d.t.c.a.a.c.u.util.UserUtilService   : 2 tutors generated. Generate 0 editors...
    23:47:49.100 | 454 ool-1-worker-218 | DEBUG | d.t.c.a.a.c.u.util.UserUtilService   : 0 editors generated. Generate 2 instructors...
    23:47:49.104 | 454 ool-1-worker-218 | DEBUG | d.t.c.a.a.c.u.util.UserUtilService   : 2 instructors generated
    23:47:49.106 | 454 ool-1-worker-218 | DEBUG | d.t.c.a.a.c.u.util.UserUtilService   : Removing 8 users from all courses...
    23:47:49.107 | 454 ool-1-worker-218 | DEBUG | d.t.c.a.a.c.u.util.UserUtilService   : Removing 8 users from all courses. Done
    23:47:49.107 | 454 ool-1-worker-218 | DEBUG | d.t.c.a.a.c.u.util.UserUtilService   : Save 8 users to database...
    23:47:49.113 | 454 ool-1-worker-218 | DEBUG | d.t.c.a.a.c.u.util.UserUtilService   : Save 8 users to database. Done
    23:47:49.137 | 454 ool-1-worker-218 | INFO  | i.z.t.d.l.EmbeddedDatabaseReporter   : JDBC URL to connect to 'dataSource': url='jdbc:h2:tcp://localhost:41063/mem:df70fc46-7e57-4cb5-9cd0-c1d90c14afa7;USER=sa', scope='ProgrammingExerciseParticipationIntegrationTest#testGetParticipationWithLatestResult_cannotAccessParticipation'
    23:47:49.141 | 454 ool-1-worker-218 | DEBUG | PersonalAccessTokenManagementService : Generate secure vcs access token
    23:47:49.143 | 454 ool-1-worker-218 | DEBUG | d.t.c.a.a.c.s.f.ApiVersionFilter     : Adding Version to Request GET /api/programming-exercise-participations/2942/student-participation-with-latest-result-and-feedbacks
    23:47:49.147 | 454 ool-1-worker-218 | WARN  | o.z.p.spring.common.AdviceTraits     : Forbidden: You are not allowed to access the participation with id 2942

  Starting logs for ProgrammingExerciseParticipationIntegrationTest > testGetLatestResultWithFeedbacksForTemplateParticipationAsTutor()
    23:47:49.162 | 454 ool-1-worker-218 | DEBUG | d.t.c.a.a.c.u.util.UserUtilService   : Generate 4 students...
    23:47:49.169 | 454 ool-1-worker-218 | DEBUG | d.t.c.a.a.c.u.util.UserUtilService   : 4 students generated. Generate 2 tutors...
    23:47:49.173 | 454 ool-1-worker-218 | DEBUG | d.t.c.a.a.c.u.util.UserUtilService   : 2 tutors generated. Generate 0 editors...
    23:47:49.175 | 454 ool-1-worker-218 | DEBUG | d.t.c.a.a.c.u.util.UserUtilService   : 0 editors generated. Generate 2 instructors...
    23:47:49.185 | 454 ool-1-worker-218 | DEBUG | d.t.c.a.a.c.u.util.UserUtilService   : 2 instructors generated
    23:47:49.189 | 454 ool-1-worker-218 | DEBUG | d.t.c.a.a.c.u.util.UserUtilService   : Removing 8 users from all courses...
    23:47:49.192 | 454 ool-1-worker-218 | DEBUG | d.t.c.a.a.c.u.util.UserUtilService   : Removing 8 users from all courses. Done
    23:47:49.192 | 454 ool-1-worker-218 | DEBUG | d.t.c.a.a.c.u.util.UserUtilService   : Save 8 users to database...
    23:47:49.201 | 454 ool-1-worker-218 | DEBUG | d.t.c.a.a.c.u.util.UserUtilService   : Save 8 users to database. Done
    23:47:49.224 | 454 ool-1-worker-218 | INFO  | i.z.t.d.l.EmbeddedDatabaseReporter   : JDBC URL to connect to 'dataSource': url='jdbc:h2:tcp://localhost:41063/mem:df70fc46-7e57-4cb5-9cd0-c1d90c14afa7;USER=sa', scope='ProgrammingExerciseParticipationIntegrationTest#testGetLatestResultWithFeedbacksForTemplateParticipationAsTutor'
    23:47:49.245 | 454 ool-1-worker-218 | DEBUG | d.t.c.a.a.c.s.f.ApiVersionFilter     : Adding Version to Request GET /api/programming-exercise-participations/2945/latest-result-with-feedbacks

  Starting logs for ProgrammingExerciseParticipationIntegrationTest > retrieveCommitHistoryStudentNotOwningParticipationForbidden()
    23:47:49.269 | 454 ool-1-worker-218 | DEBUG | d.t.c.a.a.c.u.util.UserUtilService   : Generate 4 students...
    23:47:49.279 | 454 ool-1-worker-218 | DEBUG | d.t.c.a.a.c.u.util.UserUtilService   : 4 students generated. Generate 2 tutors...
    23:47:49.283 | 454 ool-1-worker-218 | DEBUG | d.t.c.a.a.c.u.util.UserUtilService   : 2 tutors generated. Generate 0 editors...
    23:47:49.284 | 454 ool-1-worker-218 | DEBUG | d.t.c.a.a.c.u.util.UserUtilService   : 0 editors generated. Generate 2 instructors...
    23:47:49.288 | 454 ool-1-worker-218 | DEBUG | d.t.c.a.a.c.u.util.UserUtilService   : 2 instructors generated
    23:47:49.290 | 454 ool-1-worker-218 | DEBUG | d.t.c.a.a.c.u.util.UserUtilService   : Removing 8 users from all courses...
    23:47:49.291 | 454 ool-1-worker-218 | DEBUG | d.t.c.a.a.c.u.util.UserUtilService   : Removing 8 users from all courses. Done
    23:47:49.291 | 454 ool-1-worker-218 | DEBUG | d.t.c.a.a.c.u.util.UserUtilService   : Save 8 users to database...
    23:47:49.297 | 454 ool-1-worker-218 | DEBUG | d.t.c.a.a.c.u.util.UserUtilService   : Save 8 users to database. Done
    23:47:49.321 | 454 ool-1-worker-218 | INFO  | i.z.t.d.l.EmbeddedDatabaseReporter   : JDBC URL to connect to 'dataSource': url='jdbc:h2:tcp://localhost:41063/mem:df70fc46-7e57-4cb5-9cd0-c1d90c14afa7;USER=sa', scope='ProgrammingExerciseParticipationIntegrationTest#retrieveCommitHistoryStudentNotOwningParticipationForbidden'
    23:47:49.325 | 454 ool-1-worker-218 | DEBUG | PersonalAccessTokenManagementService : Generate secure vcs access token
    23:47:49.327 | 454 ool-1-worker-218 | DEBUG | d.t.c.a.a.c.s.f.ApiVersionFilter     : Adding Version to Request GET /api/programming-exercise-participations/2948/commit-history
    23:47:49.331 | 454 ool-1-worker-218 | WARN  | o.z.p.spring.common.AdviceTraits     : Forbidden: You are not allowed to access the participation with id 2948

  Starting logs for ProgrammingExerciseParticipationIntegrationTest > checkResetRepository_noAccessToGradedParticipation_forbidden()
    23:47:49.347 | 454 ool-1-worker-218 | DEBUG | d.t.c.a.a.c.u.util.UserUtilService   : Generate 4 students...
    23:47:49.354 | 454 ool-1-worker-218 | DEBUG | d.t.c.a.a.c.u.util.UserUtilService   : 4 students generated. Generate 2 tutors...
    23:47:49.358 | 454 ool-1-worker-218 | DEBUG | d.t.c.a.a.c.u.util.UserUtilService   : 2 tutors generated. Generate 0 editors...
    23:47:49.359 | 454 ool-1-worker-218 | DEBUG | d.t.c.a.a.c.u.util.UserUtilService   : 0 editors generated. Generate 2 instructors...
    23:47:49.366 | 454 ool-1-worker-218 | DEBUG | d.t.c.a.a.c.u.util.UserUtilService   : 2 instructors generated
    23:47:49.368 | 454 ool-1-worker-218 | DEBUG | d.t.c.a.a.c.u.util.UserUtilService   : Removing 8 users from all courses...
    23:47:49.370 | 454 ool-1-worker-218 | DEBUG | d.t.c.a.a.c.u.util.UserUtilService   : Removing 8 users from all courses. Done
    23:47:49.370 | 454 ool-1-worker-218 | DEBUG | d.t.c.a.a.c.u.util.UserUtilService   : Save 8 users to database...
    23:47:49.376 | 454 ool-1-worker-218 | DEBUG | d.t.c.a.a.c.u.util.UserUtilService   : Save 8 users to database. Done
    23:47:49.399 | 454 ool-1-worker-218 | INFO  | i.z.t.d.l.EmbeddedDatabaseReporter   : JDBC URL to connect to 'dataSource': url='jdbc:h2:tcp://localhost:41063/mem:df70fc46-7e57-4cb5-9cd0-c1d90c14afa7;USER=sa', scope='ProgrammingExerciseParticipationIntegrationTest#checkResetRepository_noAccessToGradedParticipation_forbidden'
    23:47:49.402 | 454 ool-1-worker-218 | DEBUG | PersonalAccessTokenManagementService : Generate secure vcs access token
    23:47:49.406 | 454 ool-1-worker-218 | DEBUG | PersonalAccessTokenManagementService : Generate secure vcs access token
    23:47:49.409 | 454 ool-1-worker-218 | DEBUG | d.t.c.a.a.c.s.f.ApiVersionFilter     : Adding Version to Request PUT /api/programming-exercise-participations/2952/reset-repository
    23:47:49.419 | 454 ool-1-worker-218 | WARN  | o.z.p.spring.common.AdviceTraits     : Forbidden: You are not allowed to access the participation with id 2951

  Starting logs for ProgrammingExerciseParticipationIntegrationTest > checkIfParticipationHasResult_withResult_returnsTrue()
    23:47:49.432 | 454 ool-1-worker-218 | DEBUG | d.t.c.a.a.c.u.util.UserUtilService   : Generate 4 students...
    23:47:49.437 | 454 ool-1-worker-218 | DEBUG | d.t.c.a.a.c.u.util.UserUtilService   : 4 students generated. Generate 2 tutors...
    23:47:49.441 | 454 ool-1-worker-218 | DEBUG | d.t.c.a.a.c.u.util.UserUtilService   : 2 tutors generated. Generate 0 editors...
    23:47:49.442 | 454 ool-1-worker-218 | DEBUG | d.t.c.a.a.c.u.util.UserUtilService   : 0 editors generated. Generate 2 instructors...
    23:47:49.446 | 454 ool-1-worker-218 | DEBUG | d.t.c.a.a.c.u.util.UserUtilService   : 2 instructors generated
    23:47:49.447 | 454 ool-1-worker-218 | DEBUG | d.t.c.a.a.c.u.util.UserUtilService   : Removing 8 users from all courses...
    23:47:49.448 | 454 ool-1-worker-218 | DEBUG | d.t.c.a.a.c.u.util.UserUtilService   : Removing 8 users from all courses. Done
    23:47:49.448 | 454 ool-1-worker-218 | DEBUG | d.t.c.a.a.c.u.util.UserUtilService   : Save 8 users to database...
    23:47:49.454 | 454 ool-1-worker-218 | DEBUG | d.t.c.a.a.c.u.util.UserUtilService   : Save 8 users to database. Done
    23:47:49.475 | 454 ool-1-worker-218 | INFO  | i.z.t.d.l.EmbeddedDatabaseReporter   : JDBC URL to connect to 'dataSource': url='jdbc:h2:tcp://localhost:41063/mem:df70fc46-7e57-4cb5-9cd0-c1d90c14afa7;USER=sa', scope='ProgrammingExerciseParticipationIntegrationTest#checkIfParticipationHasResult_withResult_returnsTrue'
    23:47:49.478 | 454 ool-1-worker-218 | DEBUG | PersonalAccessTokenManagementService : Generate secure vcs access token
    23:47:49.480 | 454 ool-1-worker-218 | DEBUG | .c.s.m.InstanceMessageReceiveService : Received schedule participant score for exercise 3515 and participant 703 (result to be deleted: null)
    23:47:49.480 | 454 ool-1-worker-218 | DEBUG | .a.s.ParticipantScoreScheduleService : Scheduled task for exercise 3515 and participant 703 at 2025-02-14T23:47:49.580751562Z[Etc/UTC].
    23:47:49.490 | 454 ool-1-worker-218 | DEBUG | .c.s.m.InstanceMessageReceiveService : Received schedule participant score for exercise 3515 and participant 703 (result to be deleted: null)
    23:47:49.490 | 454 ool-1-worker-218 | DEBUG | .a.s.ParticipantScoreScheduleService : Scheduled task for exercise 3515 and participant 703 at 2025-02-14T23:47:49.590081352Z[Etc/UTC].
    23:47:49.490 | 454 ool-1-worker-218 | DEBUG | .c.s.m.InstanceMessageReceiveService : Received schedule participant score for exercise 3515 and participant 703 (result to be deleted: null)
    23:47:49.490 | 454 ool-1-worker-218 | DEBUG | .a.s.ParticipantScoreScheduleService : Scheduled task for exercise 3515 and participant 703 at 2025-02-14T23:47:49.590868710Z[Etc/UTC].
    23:47:49.492 | 454 ool-1-worker-218 | DEBUG | d.t.c.a.a.c.s.f.ApiVersionFilter     : Adding Version to Request GET /api/programming-exercise-participations/2955/has-result

  Starting logs for ProgrammingExerciseParticipationIntegrationTest > testGetLatestPendingSubmissionIfNotExists_instructor()
    23:47:49.506 | 454 ool-1-worker-218 | DEBUG | d.t.c.a.a.c.u.util.UserUtilService   : Generate 4 students...
    23:47:49.511 | 454 ool-1-worker-218 | DEBUG | d.t.c.a.a.c.u.util.UserUtilService   : 4 students generated. Generate 2 tutors...
    23:47:49.515 | 454 ool-1-worker-218 | DEBUG | d.t.c.a.a.c.u.util.UserUtilService   : 2 tutors generated. Generate 0 editors...
    23:47:49.516 | 454 ool-1-worker-218 | DEBUG | d.t.c.a.a.c.u.util.UserUtilService   : 0 editors generated. Generate 2 instructors...
    23:47:49.520 | 454 ool-1-worker-218 | DEBUG | d.t.c.a.a.c.u.util.UserUtilService   : 2 instructors generated
    23:47:49.522 | 454 ool-1-worker-218 | DEBUG | d.t.c.a.a.c.u.util.UserUtilService   : Removing 8 users from all courses...
    23:47:49.523 | 454 ool-1-worker-218 | DEBUG | d.t.c.a.a.c.u.util.UserUtilService   : Removing 8 users from all courses. Done
    23:47:49.523 | 454 ool-1-worker-218 | DEBUG | d.t.c.a.a.c.u.util.UserUtilService   : Save 8 users to database...
    23:47:49.529 | 454 ool-1-worker-218 | DEBUG | d.t.c.a.a.c.u.util.UserUtilService   : Save 8 users to database. Done
    23:47:49.549 | 454 ool-1-worker-218 | INFO  | i.z.t.d.l.EmbeddedDatabaseReporter   : JDBC URL to connect to 'dataSource': url='jdbc:h2:tcp://localhost:41063/mem:df70fc46-7e57-4cb5-9cd0-c1d90c14afa7;USER=sa', scope='ProgrammingExerciseParticipationIntegrationTest#testGetLatestPendingSubmissionIfNotExists_instructor'
    23:47:49.552 | 454 ool-1-worker-218 | DEBUG | PersonalAccessTokenManagementService : Generate secure vcs access token
    23:47:49.554 | 454 ool-1-worker-218 | DEBUG | d.t.c.a.a.c.s.f.ApiVersionFilter     : Adding Version to Request GET /api/programming-exercise-participations/2958/latest-pending-submission

  Starting logs for ProgrammingExerciseParticipationIntegrationTest > testGetParticipationAllResults_afterExam_hidesResultsBeforeExamResultsPublished()
    23:47:49.568 | 454 ool-1-worker-218 | DEBUG | d.t.c.a.a.c.u.util.UserUtilService   : Generate 4 students...
    23:47:49.573 | 454 ool-1-worker-218 | DEBUG | d.t.c.a.a.c.u.util.UserUtilService   : 4 students generated. Generate 2 tutors...
    23:47:49.577 | 454 ool-1-worker-218 | DEBUG | d.t.c.a.a.c.u.util.UserUtilService   : 2 tutors generated. Generate 0 editors...
    23:47:49.578 | 454 ool-1-worker-218 | DEBUG | d.t.c.a.a.c.u.util.UserUtilService   : 0 editors generated. Generate 2 instructors...
    23:47:49.582 | 454 ool-1-worker-218 | DEBUG | d.t.c.a.a.c.u.util.UserUtilService   : 2 instructors generated
    23:47:49.584 | 454 ool-1-worker-218 | DEBUG | d.t.c.a.a.c.u.util.UserUtilService   : Removing 8 users from all courses...
    23:47:49.586 | 454 ool-1-worker-218 | DEBUG | d.t.c.a.a.c.u.util.UserUtilService   : Removing 8 users from all courses. Done
    23:47:49.586 | 454 ool-1-worker-218 | DEBUG | d.t.c.a.a.c.u.util.UserUtilService   : Save 8 users to database...
    23:47:49.590 | 454 ool-1-worker-218 | DEBUG | d.t.c.a.a.c.u.util.UserUtilService   : Save 8 users to database. Done
    23:47:49.610 | 454 ool-1-worker-218 | INFO  | i.z.t.d.l.EmbeddedDatabaseReporter   : JDBC URL to connect to 'dataSource': url='jdbc:h2:tcp://localhost:41063/mem:df70fc46-7e57-4cb5-9cd0-c1d90c14afa7;USER=sa', scope='ProgrammingExerciseParticipationIntegrationTest#testGetParticipationAllResults_afterExam_hidesResultsBeforeExamResultsPublished'
    23:47:49.626 | 454 ool-1-worker-218 | DEBUG | PersonalAccessTokenManagementService : Generate secure vcs access token
    23:47:49.629 | 454 ool-1-worker-218 | DEBUG | .c.s.m.InstanceMessageReceiveService : Received schedule participant score for exercise 3518 and participant 703 (result to be deleted: null)
    23:47:49.629 | 454 ool-1-worker-218 | DEBUG | .a.s.ParticipantScoreScheduleService : Scheduled task for exercise 3518 and participant 703 at 2025-02-14T23:47:49.729142293Z[Etc/UTC].
    23:47:49.635 | 454 ool-1-worker-218 | DEBUG | .c.s.m.InstanceMessageReceiveService : Received schedule participant score for exercise 3518 and participant 703 (result to be deleted: null)
    23:47:49.635 | 454 ool-1-worker-218 | DEBUG | .a.s.ParticipantScoreScheduleService : Scheduled task for exercise 3518 and participant 703 at 2025-02-14T23:47:49.735842980Z[Etc/UTC].
    23:47:49.636 | 454 ool-1-worker-218 | DEBUG | .c.s.m.InstanceMessageReceiveService : Received schedule participant score for exercise 3518 and participant 703 (result to be deleted: null)
    23:47:49.636 | 454 ool-1-worker-218 | DEBUG | .a.s.ParticipantScoreScheduleService : Scheduled task for exercise 3518 and participant 703 at 2025-02-14T23:47:49.736513199Z[Etc/UTC].
    23:47:49.637 | 454 ool-1-worker-218 | DEBUG | d.t.c.a.a.c.s.f.ApiVersionFilter     : Adding Version to Request GET /api/programming-exercise-participations/2963/student-participation-with-all-results

  Starting logs for ProgrammingExerciseParticipationIntegrationTest > checkIfParticipationHasResult_withoutResult_returnsFalse()
    23:47:49.657 | 454 ool-1-worker-218 | DEBUG | d.t.c.a.a.c.u.util.UserUtilService   : Generate 4 students...
    23:47:49.663 | 454 ool-1-worker-218 | DEBUG | d.t.c.a.a.c.u.util.UserUtilService   : 4 students generated. Generate 2 tutors...
    23:47:49.666 | 454 ool-1-worker-218 | DEBUG | d.t.c.a.a.c.u.util.UserUtilService   : 2 tutors generated. Generate 0 editors...
    23:47:49.667 | 454 ool-1-worker-218 | DEBUG | d.t.c.a.a.c.u.util.UserUtilService   : 0 editors generated. Generate 2 instructors...
    23:47:49.671 | 454 ool-1-worker-218 | DEBUG | d.t.c.a.a.c.u.util.UserUtilService   : 2 instructors generated
    23:47:49.673 | 454 ool-1-worker-218 | DEBUG | d.t.c.a.a.c.u.util.UserUtilService   : Removing 8 users from all courses...
    23:47:49.675 | 454 ool-1-worker-218 | DEBUG | d.t.c.a.a.c.u.util.UserUtilService   : Removing 8 users from all courses. Done
    23:47:49.675 | 454 ool-1-worker-218 | DEBUG | d.t.c.a.a.c.u.util.UserUtilService   : Save 8 users to database...
    23:47:49.680 | 454 ool-1-worker-218 | DEBUG | d.t.c.a.a.c.u.util.UserUtilService   : Save 8 users to database. Done
    23:47:49.699 | 454 ool-1-worker-218 | INFO  | i.z.t.d.l.EmbeddedDatabaseReporter   : JDBC URL to connect to 'dataSource': url='jdbc:h2:tcp://localhost:41063/mem:df70fc46-7e57-4cb5-9cd0-c1d90c14afa7;USER=sa', scope='ProgrammingExerciseParticipationIntegrationTest#checkIfParticipationHasResult_withoutResult_returnsFalse'
    23:47:49.703 | 454 ool-1-worker-218 | DEBUG | PersonalAccessTokenManagementService : Generate secure vcs access token
    23:47:49.705 | 454 ool-1-worker-218 | DEBUG | d.t.c.a.a.c.s.f.ApiVersionFilter     : Adding Version to Request GET /api/programming-exercise-participations/2966/has-result

  Starting logs for ProgrammingExerciseParticipationIntegrationTest > testGetLatestPendingSubmissionIfExists_student()
    23:47:49.720 | 454 ool-1-worker-218 | DEBUG | d.t.c.a.a.c.u.util.UserUtilService   : Generate 4 students...
    23:47:49.726 | 454 ool-1-worker-218 | DEBUG | d.t.c.a.a.c.u.util.UserUtilService   : 4 students generated. Generate 2 tutors...
    23:47:49.729 | 454 ool-1-worker-218 | DEBUG | d.t.c.a.a.c.u.util.UserUtilService   : 2 tutors generated. Generate 0 editors...
    23:47:49.730 | 454 ool-1-worker-218 | DEBUG | d.t.c.a.a.c.u.util.UserUtilService   : 0 editors generated. Generate 2 instructors...
    23:47:49.734 | 454 ool-1-worker-218 | DEBUG | d.t.c.a.a.c.u.util.UserUtilService   : 2 instructors generated
    23:47:49.737 | 454 ool-1-worker-218 | DEBUG | d.t.c.a.a.c.u.util.UserUtilService   : Removing 8 users from all courses...
    23:47:49.738 | 454 ool-1-worker-218 | DEBUG | d.t.c.a.a.c.u.util.UserUtilService   : Removing 8 users from all courses. Done
    23:47:49.738 | 454 ool-1-worker-218 | DEBUG | d.t.c.a.a.c.u.util.UserUtilService   : Save 8 users to database...
    23:47:49.743 | 454 ool-1-worker-218 | DEBUG | d.t.c.a.a.c.u.util.UserUtilService   : Save 8 users to database. Done
    23:47:49.763 | 454 ool-1-worker-218 | INFO  | i.z.t.d.l.EmbeddedDatabaseReporter   : JDBC URL to connect to 'dataSource': url='jdbc:h2:tcp://localhost:41063/mem:df70fc46-7e57-4cb5-9cd0-c1d90c14afa7;USER=sa', scope='ProgrammingExerciseParticipationIntegrationTest#testGetLatestPendingSubmissionIfExists_student'
    23:47:49.767 | 454 ool-1-worker-218 | DEBUG | PersonalAccessTokenManagementService : Generate secure vcs access token
    23:47:49.770 | 454 ool-1-worker-218 | DEBUG | d.t.c.a.a.c.s.f.ApiVersionFilter     : Adding Version to Request GET /api/programming-exercise-participations/2969/latest-pending-submission

  Starting logs for ProgrammingExerciseParticipationIntegrationTest > testGetParticipationAllResults_studentCanAccessIfNoStartDateSet()
    23:47:49.785 | 454 ool-1-worker-218 | DEBUG | d.t.c.a.a.c.u.util.UserUtilService   : Generate 4 students...
    23:47:49.791 | 454 ool-1-worker-218 | DEBUG | d.t.c.a.a.c.u.util.UserUtilService   : 4 students generated. Generate 2 tutors...
    23:47:49.795 | 454 ool-1-worker-218 | DEBUG | d.t.c.a.a.c.u.util.UserUtilService   : 2 tutors generated. Generate 0 editors...
    23:47:49.796 | 454 ool-1-worker-218 | DEBUG | d.t.c.a.a.c.u.util.UserUtilService   : 0 editors generated. Generate 2 instructors...
    23:47:49.800 | 454 ool-1-worker-218 | DEBUG | d.t.c.a.a.c.u.util.UserUtilService   : 2 instructors generated
    23:47:49.802 | 454 ool-1-worker-218 | DEBUG | d.t.c.a.a.c.u.util.UserUtilService   : Removing 8 users from all courses...
    23:47:49.803 | 454 ool-1-worker-218 | DEBUG | d.t.c.a.a.c.u.util.UserUtilService   : Removing 8 users from all courses. Done
    23:47:49.803 | 454 ool-1-worker-218 | DEBUG | d.t.c.a.a.c.u.util.UserUtilService   : Save 8 users to database...
    23:47:49.809 | 454 ool-1-worker-218 | DEBUG | d.t.c.a.a.c.u.util.UserUtilService   : Save 8 users to database. Done
    23:47:49.833 | 454 ool-1-worker-218 | INFO  | i.z.t.d.l.EmbeddedDatabaseReporter   : JDBC URL to connect to 'dataSource': url='jdbc:h2:tcp://localhost:41063/mem:df70fc46-7e57-4cb5-9cd0-c1d90c14afa7;USER=sa', scope='ProgrammingExerciseParticipationIntegrationTest#testGetParticipationAllResults_studentCanAccessIfNoStartDateSet'
    23:47:49.842 | 454 ool-1-worker-218 | DEBUG | PersonalAccessTokenManagementService : Generate secure vcs access token
    23:47:49.845 | 454 ool-1-worker-218 | DEBUG | d.t.c.a.a.c.s.f.ApiVersionFilter     : Adding Version to Request GET /api/programming-exercise-participations/2972/student-participation-with-all-results

  Starting logs for ProgrammingExerciseParticipationIntegrationTest > getParticipationRepositoryFilesInstructorSuccess()
    23:47:49.866 | 454 ool-1-worker-218 | DEBUG | d.t.c.a.a.c.u.util.UserUtilService   : Generate 4 students...
    23:47:49.873 | 454 ool-1-worker-218 | DEBUG | d.t.c.a.a.c.u.util.UserUtilService   : 4 students generated. Generate 2 tutors...
    23:47:49.879 | 454 ool-1-worker-218 | DEBUG | d.t.c.a.a.c.u.util.UserUtilService   : 2 tutors generated. Generate 0 editors...
    23:47:49.880 | 454 ool-1-worker-218 | DEBUG | d.t.c.a.a.c.u.util.UserUtilService   : 0 editors generated. Generate 2 instructors...
    23:47:49.884 | 454 ool-1-worker-218 | DEBUG | d.t.c.a.a.c.u.util.UserUtilService   : 2 instructors generated
    23:47:49.886 | 454 ool-1-worker-218 | DEBUG | d.t.c.a.a.c.u.util.UserUtilService   : Removing 8 users from all courses...
    23:47:49.887 | 454 ool-1-worker-218 | DEBUG | d.t.c.a.a.c.u.util.UserUtilService   : Removing 8 users from all courses. Done
    23:47:49.887 | 454 ool-1-worker-218 | DEBUG | d.t.c.a.a.c.u.util.UserUtilService   : Save 8 users to database...
    23:47:49.893 | 454 ool-1-worker-218 | DEBUG | d.t.c.a.a.c.u.util.UserUtilService   : Save 8 users to database. Done
    23:47:49.914 | 454 ool-1-worker-218 | INFO  | i.z.t.d.l.EmbeddedDatabaseReporter   : JDBC URL to connect to 'dataSource': url='jdbc:h2:tcp://localhost:41063/mem:df70fc46-7e57-4cb5-9cd0-c1d90c14afa7;USER=sa', scope='ProgrammingExerciseParticipationIntegrationTest#getParticipationRepositoryFilesInstructorSuccess'
    23:47:49.916 | 454 ool-1-worker-218 | DEBUG | PersonalAccessTokenManagementService : Generate secure vcs access token
    23:47:49.919 | 454 ool-1-worker-218 | DEBUG | d.t.c.a.a.c.s.f.ApiVersionFilter     : Adding Version to Request GET /api/programming-exercise-participations/2975/files-content/commitHash
    23:47:49.921 | 454 ool-1-worker-218 | DEBUG | d.t.c.a.a.p.s.RepositoryService      : Checking out repo to get files at commit commitHash for participation 2975

  Starting logs for ProgrammingExerciseParticipationIntegrationTest > testGetLatestResultWithFeedbacksForSolutionParticipationAsInstructor()
    23:47:49.935 | 454 ool-1-worker-218 | DEBUG | d.t.c.a.a.c.u.util.UserUtilService   : Generate 4 students...
    23:47:49.942 | 454 ool-1-worker-218 | DEBUG | d.t.c.a.a.c.u.util.UserUtilService   : 4 students generated. Generate 2 tutors...
    23:47:49.945 | 454 ool-1-worker-218 | DEBUG | d.t.c.a.a.c.u.util.UserUtilService   : 2 tutors generated. Generate 0 editors...
    23:47:49.946 | 454 ool-1-worker-218 | DEBUG | d.t.c.a.a.c.u.util.UserUtilService   : 0 editors generated. Generate 2 instructors...
    23:47:49.950 | 454 ool-1-worker-218 | DEBUG | d.t.c.a.a.c.u.util.UserUtilService   : 2 instructors generated
    23:47:49.952 | 454 ool-1-worker-218 | DEBUG | d.t.c.a.a.c.u.util.UserUtilService   : Removing 8 users from all courses...
    23:47:49.954 | 454 ool-1-worker-218 | DEBUG | d.t.c.a.a.c.u.util.UserUtilService   : Removing 8 users from all courses. Done
    23:47:49.954 | 454 ool-1-worker-218 | DEBUG | d.t.c.a.a.c.u.util.UserUtilService   : Save 8 users to database...
    23:47:49.960 | 454 ool-1-worker-218 | DEBUG | d.t.c.a.a.c.u.util.UserUtilService   : Save 8 users to database. Done
    23:47:49.977 | 454 ool-1-worker-218 | INFO  | i.z.t.d.l.EmbeddedDatabaseReporter   : JDBC URL to connect to 'dataSource': url='jdbc:h2:tcp://localhost:41063/mem:df70fc46-7e57-4cb5-9cd0-c1d90c14afa7;USER=sa', scope='ProgrammingExerciseParticipationIntegrationTest#testGetLatestResultWithFeedbacksForSolutionParticipationAsInstructor'
    23:47:49.993 | 454 ool-1-worker-218 | DEBUG | d.t.c.a.a.c.s.f.ApiVersionFilter     : Adding Version to Request GET /api/programming-exercise-participations/2978/latest-result-with-feedbacks

  Starting logs for ProgrammingExerciseParticipationIntegrationTest > retrieveCommitHistoryTutorNotOwningParticipationSuccess()
    23:47:50.008 | 454 ool-1-worker-218 | DEBUG | d.t.c.a.a.c.u.util.UserUtilService   : Generate 4 students...
    23:47:50.013 | 454 ool-1-worker-218 | DEBUG | d.t.c.a.a.c.u.util.UserUtilService   : 4 students generated. Generate 2 tutors...
    23:47:50.016 | 454 ool-1-worker-218 | DEBUG | d.t.c.a.a.c.u.util.UserUtilService   : 2 tutors generated. Generate 0 editors...
    23:47:50.017 | 454 ool-1-worker-218 | DEBUG | d.t.c.a.a.c.u.util.UserUtilService   : 0 editors generated. Generate 2 instructors...
    23:47:50.020 | 454 ool-1-worker-218 | DEBUG | d.t.c.a.a.c.u.util.UserUtilService   : 2 instructors generated
    23:47:50.022 | 454 ool-1-worker-218 | DEBUG | d.t.c.a.a.c.u.util.UserUtilService   : Removing 8 users from all courses...
    23:47:50.023 | 454 ool-1-worker-218 | DEBUG | d.t.c.a.a.c.u.util.UserUtilService   : Removing 8 users from all courses. Done
    23:47:50.023 | 454 ool-1-worker-218 | DEBUG | d.t.c.a.a.c.u.util.UserUtilService   : Save 8 users to database...
    23:47:50.026 | 454 ool-1-worker-218 | DEBUG | d.t.c.a.a.c.u.util.UserUtilService   : Save 8 users to database. Done
    23:47:50.042 | 454 ool-1-worker-218 | INFO  | i.z.t.d.l.EmbeddedDatabaseReporter   : JDBC URL to connect to 'dataSource': url='jdbc:h2:tcp://localhost:41063/mem:df70fc46-7e57-4cb5-9cd0-c1d90c14afa7;USER=sa', scope='ProgrammingExerciseParticipationIntegrationTest#retrieveCommitHistoryTutorNotOwningParticipationSuccess'
    23:47:50.044 | 454 ool-1-worker-218 | DEBUG | PersonalAccessTokenManagementService : Generate secure vcs access token
    23:47:50.046 | 454 ool-1-worker-218 | DEBUG | d.t.c.a.a.c.s.f.ApiVersionFilter     : Adding Version to Request GET /api/programming-exercise-participations/2981/commit-history

  Starting logs for ProgrammingExerciseParticipationIntegrationTest > testGetLatestResultWithSubmission(boolean) [1] withSubmission=true
    23:47:50.059 | 454 ool-1-worker-218 | DEBUG | d.t.c.a.a.c.u.util.UserUtilService   : Generate 4 students...
    23:47:50.064 | 454 ool-1-worker-218 | DEBUG | d.t.c.a.a.c.u.util.UserUtilService   : 4 students generated. Generate 2 tutors...
    23:47:50.067 | 454 ool-1-worker-218 | DEBUG | d.t.c.a.a.c.u.util.UserUtilService   : 2 tutors generated. Generate 0 editors...
    23:47:50.068 | 454 ool-1-worker-218 | DEBUG | d.t.c.a.a.c.u.util.UserUtilService   : 0 editors generated. Generate 2 instructors...
    23:47:50.071 | 454 ool-1-worker-218 | DEBUG | d.t.c.a.a.c.u.util.UserUtilService   : 2 instructors generated
    23:47:50.073 | 454 ool-1-worker-218 | DEBUG | d.t.c.a.a.c.u.util.UserUtilService   : Removing 8 users from all courses...
    23:47:50.073 | 454 ool-1-worker-218 | DEBUG | d.t.c.a.a.c.u.util.UserUtilService   : Removing 8 users from all courses. Done
    23:47:50.073 | 454 ool-1-worker-218 | DEBUG | d.t.c.a.a.c.u.util.UserUtilService   : Save 8 users to database...
    23:47:50.078 | 454 ool-1-worker-218 | DEBUG | d.t.c.a.a.c.u.util.UserUtilService   : Save 8 users to database. Done
    23:47:50.094 | 454 ool-1-worker-218 | INFO  | i.z.t.d.l.EmbeddedDatabaseReporter   : JDBC URL to connect to 'dataSource': url='jdbc:h2:tcp://localhost:41063/mem:df70fc46-7e57-4cb5-9cd0-c1d90c14afa7;USER=sa', scope='ProgrammingExerciseParticipationIntegrationTest#testGetLatestResultWithSubmission'
    23:47:50.096 | 454 ool-1-worker-218 | DEBUG | PersonalAccessTokenManagementService : Generate secure vcs access token
    23:47:50.098 | 454 ool-1-worker-218 | DEBUG | .c.s.m.InstanceMessageReceiveService : Received schedule participant score for exercise 3525 and participant 703 (result to be deleted: null)
    23:47:50.098 | 454 ool-1-worker-218 | DEBUG | .a.s.ParticipantScoreScheduleService : Scheduled task for exercise 3525 and participant 703 at 2025-02-14T23:47:50.198310977Z[Etc/UTC].
    23:47:50.104 | 454 ool-1-worker-218 | DEBUG | .c.s.m.InstanceMessageReceiveService : Received schedule participant score for exercise 3525 and participant 703 (result to be deleted: null)
    23:47:50.105 | 454 ool-1-worker-218 | DEBUG | .a.s.ParticipantScoreScheduleService : Scheduled task for exercise 3525 and participant 703 at 2025-02-14T23:47:50.205021802Z[Etc/UTC].
    23:47:50.114 | 454 ool-1-worker-218 | DEBUG | .c.s.m.InstanceMessageReceiveService : Received schedule participant score for exercise 3525 and participant 703 (result to be deleted: null)
    23:47:50.114 | 454 ool-1-worker-218 | DEBUG | .a.s.ParticipantScoreScheduleService : Scheduled task for exercise 3525 and participant 703 at 2025-02-14T23:47:50.214833932Z[Etc/UTC].
    23:47:50.132 | 454 ool-1-worker-218 | DEBUG | .c.s.m.InstanceMessageReceiveService : Received schedule participant score for exercise 3525 and participant 703 (result to be deleted: null)
    23:47:50.132 | 454 ool-1-worker-218 | DEBUG | .a.s.ParticipantScoreScheduleService : Scheduled task for exercise 3525 and participant 703 at 2025-02-14T23:47:50.232211871Z[Etc/UTC].
    23:47:50.155 | 454 ool-1-worker-218 | DEBUG | .c.s.m.InstanceMessageReceiveService : Received schedule participant score for exercise 3525 and participant 703 (result to be deleted: null)
    23:47:50.155 | 454 ool-1-worker-218 | DEBUG | .a.s.ParticipantScoreScheduleService : Scheduled task for exercise 3525 and participant 703 at 2025-02-14T23:47:50.255210202Z[Etc/UTC].
    23:47:50.156 | 454 ool-1-worker-218 | DEBUG | d.t.c.a.a.c.s.f.ApiVersionFilter     : Adding Version to Request GET /api/programming-exercise-participations/2984/latest-result-with-feedbacks

  Starting logs for ProgrammingExerciseParticipationIntegrationTest > testGetLatestResultWithSubmission(boolean) [2] withSubmission=false
    23:47:50.174 | 454 ool-1-worker-218 | DEBUG | d.t.c.a.a.c.u.util.UserUtilService   : Generate 4 students...
    23:47:50.179 | 454 ool-1-worker-218 | DEBUG | d.t.c.a.a.c.u.util.UserUtilService   : 4 students generated. Generate 2 tutors...
    23:47:50.183 | 454 ool-1-worker-218 | DEBUG | d.t.c.a.a.c.u.util.UserUtilService   : 2 tutors generated. Generate 0 editors...
    23:47:50.184 | 454 ool-1-worker-218 | DEBUG | d.t.c.a.a.c.u.util.UserUtilService   : 0 editors generated. Generate 2 instructors...
    23:47:50.188 | 454 ool-1-worker-218 | DEBUG | d.t.c.a.a.c.u.util.UserUtilService   : 2 instructors generated
    23:47:50.190 | 454 ool-1-worker-218 | DEBUG | d.t.c.a.a.c.u.util.UserUtilService   : Removing 8 users from all courses...
    23:47:50.190 | 454 ool-1-worker-218 | DEBUG | d.t.c.a.a.c.u.util.UserUtilService   : Removing 8 users from all courses. Done
    23:47:50.190 | 454 ool-1-worker-218 | DEBUG | d.t.c.a.a.c.u.util.UserUtilService   : Save 8 users to database...
    23:47:50.194 | 454 ool-1-worker-218 | DEBUG | d.t.c.a.a.c.u.util.UserUtilService   : Save 8 users to database. Done
    23:47:50.212 | 454 ool-1-worker-218 | INFO  | i.z.t.d.l.EmbeddedDatabaseReporter   : JDBC URL to connect to 'dataSource': url='jdbc:h2:tcp://localhost:41063/mem:df70fc46-7e57-4cb5-9cd0-c1d90c14afa7;USER=sa', scope='ProgrammingExerciseParticipationIntegrationTest#testGetLatestResultWithSubmission'
    23:47:50.215 | 454 ool-1-worker-218 | DEBUG | PersonalAccessTokenManagementService : Generate secure vcs access token
    23:47:50.216 | 454 ool-1-worker-218 | DEBUG | .c.s.m.InstanceMessageReceiveService : Received schedule participant score for exercise 3526 and participant 703 (result to be deleted: null)
    23:47:50.216 | 454 ool-1-worker-218 | DEBUG | .a.s.ParticipantScoreScheduleService : Scheduled task for exercise 3526 and participant 703 at 2025-02-14T23:47:50.316628205Z[Etc/UTC].
    23:47:50.226 | 454 ool-1-worker-218 | DEBUG | .c.s.m.InstanceMessageReceiveService : Received schedule participant score for exercise 3526 and participant 703 (result to be deleted: null)
    23:47:50.226 | 454 ool-1-worker-218 | DEBUG | .a.s.ParticipantScoreScheduleService : Scheduled task for exercise 3526 and participant 703 at 2025-02-14T23:47:50.326186150Z[Etc/UTC].
    23:47:50.241 | 454 ool-1-worker-218 | DEBUG | .c.s.m.InstanceMessageReceiveService : Received schedule participant score for exercise 3526 and participant 703 (result to be deleted: null)
    23:47:50.241 | 454 ool-1-worker-218 | DEBUG | .a.s.ParticipantScoreScheduleService : Scheduled task for exercise 3526 and participant 703 at 2025-02-14T23:47:50.341609163Z[Etc/UTC].
    23:47:50.268 | 454 ool-1-worker-218 | DEBUG | .c.s.m.InstanceMessageReceiveService : Received schedule participant score for exercise 3526 and participant 703 (result to be deleted: null)
    23:47:50.268 | 454 ool-1-worker-218 | DEBUG | .a.s.ParticipantScoreScheduleService : Scheduled task for exercise 3526 and participant 703 at 2025-02-14T23:47:50.368403113Z[Etc/UTC].
    23:47:50.301 | 454 ool-1-worker-218 | DEBUG | .c.s.m.InstanceMessageReceiveService : Received schedule participant score for exercise 3526 and participant 703 (result to be deleted: null)
    23:47:50.301 | 454 ool-1-worker-218 | DEBUG | .a.s.ParticipantScoreScheduleService : Scheduled task for exercise 3526 and participant 703 at 2025-02-14T23:47:50.401605735Z[Etc/UTC].
    23:47:50.303 | 454 ool-1-worker-218 | DEBUG | d.t.c.a.a.c.s.f.ApiVersionFilter     : Adding Version to Request GET /api/programming-exercise-participations/2987/latest-result-with-feedbacks

  Starting logs for ProgrammingExerciseParticipationIntegrationTest > testGetParticipationWithLatestResultAsAnInstructor_noCompletionDate_notFound()
    23:47:50.322 | 454 ool-1-worker-218 | DEBUG | d.t.c.a.a.c.u.util.UserUtilService   : Generate 4 students...
    23:47:50.327 | 454 ool-1-worker-218 | DEBUG | d.t.c.a.a.c.u.util.UserUtilService   : 4 students generated. Generate 2 tutors...
    23:47:50.330 | 454 ool-1-worker-218 | DEBUG | d.t.c.a.a.c.u.util.UserUtilService   : 2 tutors generated. Generate 0 editors...
    23:47:50.331 | 454 ool-1-worker-218 | DEBUG | d.t.c.a.a.c.u.util.UserUtilService   : 0 editors generated. Generate 2 instructors...
    23:47:50.334 | 454 ool-1-worker-218 | DEBUG | d.t.c.a.a.c.u.util.UserUtilService   : 2 instructors generated
    23:47:50.336 | 454 ool-1-worker-218 | DEBUG | d.t.c.a.a.c.u.util.UserUtilService   : Removing 8 users from all courses...
    23:47:50.337 | 454 ool-1-worker-218 | DEBUG | d.t.c.a.a.c.u.util.UserUtilService   : Removing 8 users from all courses. Done
    23:47:50.337 | 454 ool-1-worker-218 | DEBUG | d.t.c.a.a.c.u.util.UserUtilService   : Save 8 users to database...
    23:47:50.340 | 454 ool-1-worker-218 | DEBUG | d.t.c.a.a.c.u.util.UserUtilService   : Save 8 users to database. Done
    23:47:50.361 | 454 ool-1-worker-218 | INFO  | i.z.t.d.l.EmbeddedDatabaseReporter   : JDBC URL to connect to 'dataSource': url='jdbc:h2:tcp://localhost:41063/mem:df70fc46-7e57-4cb5-9cd0-c1d90c14afa7;USER=sa', scope='ProgrammingExerciseParticipationIntegrationTest#testGetParticipationWithLatestResultAsAnInstructor_noCompletionDate_notFound'
    23:47:50.364 | 454 ool-1-worker-218 | DEBUG | PersonalAccessTokenManagementService : Generate secure vcs access token
    23:47:50.365 | 454 ool-1-worker-218 | DEBUG | .c.s.m.InstanceMessageReceiveService : Received schedule participant score for exercise 3527 and participant 703 (result to be deleted: null)
    23:47:50.365 | 454 ool-1-worker-218 | DEBUG | .a.s.ParticipantScoreScheduleService : Scheduled task for exercise 3527 and participant 703 at 2025-02-14T23:47:50.465490528Z[Etc/UTC].
    23:47:50.372 | 454 ool-1-worker-218 | DEBUG | .c.s.m.InstanceMessageReceiveService : Received schedule participant score for exercise 3527 and participant 703 (result to be deleted: null)
    23:47:50.372 | 454 ool-1-worker-218 | DEBUG | .a.s.ParticipantScoreScheduleService : Scheduled task for exercise 3527 and participant 703 at 2025-02-14T23:47:50.472831939Z[Etc/UTC].
    23:47:50.374 | 454 ool-1-worker-218 | DEBUG | d.t.c.a.a.c.s.f.ApiVersionFilter     : Adding Version to Request GET /api/programming-exercise-participations/2990/student-participation-with-latest-result-and-feedbacks
    23:47:50.375 | 454 ool-1-worker-218 | WARN  | o.z.p.spring.common.AdviceTraits     : Not Found: Participation with id: "2990" does not exist

  Starting logs for ProgrammingExerciseParticipationIntegrationTest > testGetParticipationWithLatestResult_studentCannotAccessParticipationIfExerciseNotStarted()
    23:47:50.387 | 454 ool-1-worker-218 | DEBUG | d.t.c.a.a.c.u.util.UserUtilService   : Generate 4 students...
    23:47:50.392 | 454 ool-1-worker-218 | DEBUG | d.t.c.a.a.c.u.util.UserUtilService   : 4 students generated. Generate 2 tutors...
    23:47:50.396 | 454 ool-1-worker-218 | DEBUG | d.t.c.a.a.c.u.util.UserUtilService   : 2 tutors generated. Generate 0 editors...
    23:47:50.397 | 454 ool-1-worker-218 | DEBUG | d.t.c.a.a.c.u.util.UserUtilService   : 0 editors generated. Generate 2 instructors...
    23:47:50.401 | 454 ool-1-worker-218 | DEBUG | d.t.c.a.a.c.u.util.UserUtilService   : 2 instructors generated
    23:47:50.403 | 454 ool-1-worker-218 | DEBUG | d.t.c.a.a.c.u.util.UserUtilService   : Removing 8 users from all courses...
    23:47:50.404 | 454 ool-1-worker-218 | DEBUG | d.t.c.a.a.c.u.util.UserUtilService   : Removing 8 users from all courses. Done
    23:47:50.404 | 454 ool-1-worker-218 | DEBUG | d.t.c.a.a.c.u.util.UserUtilService   : Save 8 users to database...
    23:47:50.407 | 454 ool-1-worker-218 | DEBUG | d.t.c.a.a.c.u.util.UserUtilService   : Save 8 users to database. Done
    23:47:50.424 | 454 ool-1-worker-218 | INFO  | i.z.t.d.l.EmbeddedDatabaseReporter   : JDBC URL to connect to 'dataSource': url='jdbc:h2:tcp://localhost:41063/mem:df70fc46-7e57-4cb5-9cd0-c1d90c14afa7;USER=sa', scope='ProgrammingExerciseParticipationIntegrationTest#testGetParticipationWithLatestResult_studentCannotAccessParticipationIfExerciseNotStarted'
    23:47:50.429 | 454 ool-1-worker-218 | DEBUG | PersonalAccessTokenManagementService : Generate secure vcs access token
    23:47:50.432 | 454 ool-1-worker-218 | DEBUG | d.t.c.a.a.c.s.f.ApiVersionFilter     : Adding Version to Request GET /api/programming-exercise-participations/2993/student-participation-with-latest-result-and-feedbacks
    23:47:50.435 | 454 ool-1-worker-218 | WARN  | o.z.p.spring.common.AdviceTraits     : Forbidden: Participation not yet started

  Starting logs for ProgrammingExerciseParticipationIntegrationTest > testGetParticipationWithAllResults_cannotAccessParticipation1()
    23:47:50.446 | 454 ool-1-worker-218 | DEBUG | d.t.c.a.a.c.u.util.UserUtilService   : Generate 4 students...
    23:47:50.453 | 454 ool-1-worker-218 | DEBUG | d.t.c.a.a.c.u.util.UserUtilService   : 4 students generated. Generate 2 tutors...
    23:47:50.457 | 454 ool-1-worker-218 | DEBUG | d.t.c.a.a.c.u.util.UserUtilService   : 2 tutors generated. Generate 0 editors...
    23:47:50.458 | 454 ool-1-worker-218 | DEBUG | d.t.c.a.a.c.u.util.UserUtilService   : 0 editors generated. Generate 2 instructors...
    23:47:50.462 | 454 ool-1-worker-218 | DEBUG | d.t.c.a.a.c.u.util.UserUtilService   : 2 instructors generated
    23:47:50.464 | 454 ool-1-worker-218 | DEBUG | d.t.c.a.a.c.u.util.UserUtilService   : Removing 8 users from all courses...
    23:47:50.465 | 454 ool-1-worker-218 | DEBUG | d.t.c.a.a.c.u.util.UserUtilService   : Removing 8 users from all courses. Done
    23:47:50.465 | 454 ool-1-worker-218 | DEBUG | d.t.c.a.a.c.u.util.UserUtilService   : Save 8 users to database...
    23:47:50.470 | 454 ool-1-worker-218 | DEBUG | d.t.c.a.a.c.u.util.UserUtilService   : Save 8 users to database. Done
    23:47:50.493 | 454 ool-1-worker-218 | INFO  | i.z.t.d.l.EmbeddedDatabaseReporter   : JDBC URL to connect to 'dataSource': url='jdbc:h2:tcp://localhost:41063/mem:df70fc46-7e57-4cb5-9cd0-c1d90c14afa7;USER=sa', scope='ProgrammingExerciseParticipationIntegrationTest#testGetParticipationWithAllResults_cannotAccessParticipation1'
    23:47:50.495 | 454 ool-1-worker-218 | DEBUG | PersonalAccessTokenManagementService : Generate secure vcs access token
    23:47:50.497 | 454 ool-1-worker-218 | DEBUG | .c.s.m.InstanceMessageReceiveService : Received schedule participant score for exercise 3529 and participant 703 (result to be deleted: null)
    23:47:50.497 | 454 ool-1-worker-218 | DEBUG | .a.s.ParticipantScoreScheduleService : Scheduled task for exercise 3529 and participant 703 at 2025-02-14T23:47:50.597466702Z[Etc/UTC].
    23:47:50.505 | 454 ool-1-worker-218 | DEBUG | .c.s.m.InstanceMessageReceiveService : Received schedule participant score for exercise 3529 and participant 703 (result to be deleted: null)
    23:47:50.505 | 454 ool-1-worker-218 | DEBUG | .a.s.ParticipantScoreScheduleService : Scheduled task for exercise 3529 and participant 703 at 2025-02-14T23:47:50.605337010Z[Etc/UTC].
    23:47:50.506 | 454 ool-1-worker-218 | DEBUG | d.t.c.a.a.c.s.f.ApiVersionFilter     : Adding Version to Request GET /api/programming-exercise-participations/2996/student-participation-with-all-results
    23:47:50.509 | 454 ool-1-worker-218 | WARN  | o.z.p.spring.common.AdviceTraits     : Forbidden: You are not allowed to access the participation with id 2996

  Starting logs for ProgrammingExerciseParticipationIntegrationTest > testGetParticipationWithAllResults_cannotAccessParticipation2()
    23:47:50.521 | 454 ool-1-worker-218 | DEBUG | d.t.c.a.a.c.u.util.UserUtilService   : Generate 4 students...
    23:47:50.528 | 454 ool-1-worker-218 | DEBUG | d.t.c.a.a.c.u.util.UserUtilService   : 4 students generated. Generate 2 tutors...
    23:47:50.532 | 454 ool-1-worker-218 | DEBUG | d.t.c.a.a.c.u.util.UserUtilService   : 2 tutors generated. Generate 0 editors...
    23:47:50.533 | 454 ool-1-worker-218 | DEBUG | d.t.c.a.a.c.u.util.UserUtilService   : 0 editors generated. Generate 2 instructors...
    23:47:50.537 | 454 ool-1-worker-218 | DEBUG | d.t.c.a.a.c.u.util.UserUtilService   : 2 instructors generated
    23:47:50.539 | 454 ool-1-worker-218 | DEBUG | d.t.c.a.a.c.u.util.UserUtilService   : Removing 8 users from all courses...
    23:47:50.540 | 454 ool-1-worker-218 | DEBUG | d.t.c.a.a.c.u.util.UserUtilService   : Removing 8 users from all courses. Done
    23:47:50.540 | 454 ool-1-worker-218 | DEBUG | d.t.c.a.a.c.u.util.UserUtilService   : Save 8 users to database...
    23:47:50.593 | 454 ool-1-worker-218 | DEBUG | d.t.c.a.a.c.u.util.UserUtilService   : Save 8 users to database. Done
    23:47:50.615 | 454 ool-1-worker-218 | INFO  | i.z.t.d.l.EmbeddedDatabaseReporter   : JDBC URL to connect to 'dataSource': url='jdbc:h2:tcp://localhost:41063/mem:df70fc46-7e57-4cb5-9cd0-c1d90c14afa7;USER=sa', scope='ProgrammingExerciseParticipationIntegrationTest#testGetParticipationWithAllResults_cannotAccessParticipation2'
    23:47:50.618 | 454 ool-1-worker-218 | DEBUG | PersonalAccessTokenManagementService : Generate secure vcs access token
    23:47:50.620 | 454 ool-1-worker-218 | DEBUG | d.t.c.a.a.c.s.f.ApiVersionFilter     : Adding Version to Request GET /api/programming-exercise-participations/2999/student-participation-with-all-results
    23:47:50.622 | 454 ool-1-worker-218 | WARN  | o.z.p.spring.common.AdviceTraits     : Forbidden: You are not allowed to access the participation with id 2999

  Starting logs for ProgrammingExerciseParticipationIntegrationTest > testGetLatestPendingSubmissionIfNotExists_ta()
    23:47:50.634 | 454 ool-1-worker-218 | DEBUG | d.t.c.a.a.c.u.util.UserUtilService   : Generate 4 students...
    23:47:50.641 | 454 ool-1-worker-218 | DEBUG | d.t.c.a.a.c.u.util.UserUtilService   : 4 students generated. Generate 2 tutors...
    23:47:50.645 | 454 ool-1-worker-218 | DEBUG | d.t.c.a.a.c.u.util.UserUtilService   : 2 tutors generated. Generate 0 editors...
    23:47:50.646 | 454 ool-1-worker-218 | DEBUG | d.t.c.a.a.c.u.util.UserUtilService   : 0 editors generated. Generate 2 instructors...
    23:47:50.650 | 454 ool-1-worker-218 | DEBUG | d.t.c.a.a.c.u.util.UserUtilService   : 2 instructors generated
    23:47:50.653 | 454 ool-1-worker-218 | DEBUG | d.t.c.a.a.c.u.util.UserUtilService   : Removing 8 users from all courses...
    23:47:50.654 | 454 ool-1-worker-218 | DEBUG | d.t.c.a.a.c.u.util.UserUtilService   : Removing 8 users from all courses. Done
    23:47:50.654 | 454 ool-1-worker-218 | DEBUG | d.t.c.a.a.c.u.util.UserUtilService   : Save 8 users to database...
    23:47:50.661 | 454 ool-1-worker-218 | DEBUG | d.t.c.a.a.c.u.util.UserUtilService   : Save 8 users to database. Done
    23:47:50.687 | 454 ool-1-worker-218 | INFO  | i.z.t.d.l.EmbeddedDatabaseReporter   : JDBC URL to connect to 'dataSource': url='jdbc:h2:tcp://localhost:41063/mem:df70fc46-7e57-4cb5-9cd0-c1d90c14afa7;USER=sa', scope='ProgrammingExerciseParticipationIntegrationTest#testGetLatestPendingSubmissionIfNotExists_ta'
    23:47:50.691 | 454 ool-1-worker-218 | DEBUG | PersonalAccessTokenManagementService : Generate secure vcs access token
    23:47:50.694 | 454 ool-1-worker-218 | DEBUG | d.t.c.a.a.c.s.f.ApiVersionFilter     : Adding Version to Request GET /api/programming-exercise-participations/3002/latest-pending-submission

  Starting logs for ProgrammingExerciseParticipationIntegrationTest > testGetLatestSubmissionsForExercise_studentForbidden()
    23:47:50.714 | 454 ool-1-worker-218 | DEBUG | d.t.c.a.a.c.u.util.UserUtilService   : Generate 4 students...
    23:47:50.721 | 454 ool-1-worker-218 | DEBUG | d.t.c.a.a.c.u.util.UserUtilService   : 4 students generated. Generate 2 tutors...
    23:47:50.725 | 454 ool-1-worker-218 | DEBUG | d.t.c.a.a.c.u.util.UserUtilService   : 2 tutors generated. Generate 0 editors...
    23:47:50.727 | 454 ool-1-worker-218 | DEBUG | d.t.c.a.a.c.u.util.UserUtilService   : 0 editors generated. Generate 2 instructors...
    23:47:50.731 | 454 ool-1-worker-218 | DEBUG | d.t.c.a.a.c.u.util.UserUtilService   : 2 instructors generated
    23:47:50.733 | 454 ool-1-worker-218 | DEBUG | d.t.c.a.a.c.u.util.UserUtilService   : Removing 8 users from all courses...
    23:47:50.735 | 454 ool-1-worker-218 | DEBUG | d.t.c.a.a.c.u.util.UserUtilService   : Removing 8 users from all courses. Done
    23:47:50.735 | 454 ool-1-worker-218 | DEBUG | d.t.c.a.a.c.u.util.UserUtilService   : Save 8 users to database...
    23:47:50.741 | 454 ool-1-worker-218 | DEBUG | d.t.c.a.a.c.u.util.UserUtilService   : Save 8 users to database. Done
    23:47:50.765 | 454 ool-1-worker-218 | INFO  | i.z.t.d.l.EmbeddedDatabaseReporter   : JDBC URL to connect to 'dataSource': url='jdbc:h2:tcp://localhost:41063/mem:df70fc46-7e57-4cb5-9cd0-c1d90c14afa7;USER=sa', scope='ProgrammingExerciseParticipationIntegrationTest#testGetLatestSubmissionsForExercise_studentForbidden'
    23:47:50.767 | 454 ool-1-worker-218 | DEBUG | d.t.c.a.a.c.s.f.ApiVersionFilter     : Adding Version to Request GET /api/programming-exercises/3532/latest-pending-submissions
    23:47:50.769 | 454 ool-1-worker-218 | WARN  | o.z.p.spring.common.AdviceTraits     : Forbidden: Access Denied

  Starting logs for ProgrammingExerciseParticipationIntegrationTest > testGetParticipationWithResultsForStudentParticipation_forbidden()
    23:47:50.784 | 454 ool-1-worker-218 | DEBUG | d.t.c.a.a.c.u.util.UserUtilService   : Generate 4 students...
    23:47:50.790 | 454 ool-1-worker-218 | DEBUG | d.t.c.a.a.c.u.util.UserUtilService   : 4 students generated. Generate 2 tutors...
    23:47:50.794 | 454 ool-1-worker-218 | DEBUG | d.t.c.a.a.c.u.util.UserUtilService   : 2 tutors generated. Generate 0 editors...
    23:47:50.796 | 454 ool-1-worker-218 | DEBUG | d.t.c.a.a.c.u.util.UserUtilService   : 0 editors generated. Generate 2 instructors...
    23:47:50.799 | 454 ool-1-worker-218 | DEBUG | d.t.c.a.a.c.u.util.UserUtilService   : 2 instructors generated
    23:47:50.800 | 454 ool-1-worker-218 | DEBUG | d.t.c.a.a.c.u.util.UserUtilService   : Removing 8 users from all courses...
    23:47:50.801 | 454 ool-1-worker-218 | DEBUG | d.t.c.a.a.c.u.util.UserUtilService   : Removing 8 users from all courses. Done
    23:47:50.801 | 454 ool-1-worker-218 | DEBUG | d.t.c.a.a.c.u.util.UserUtilService   : Save 8 users to database...
    23:47:50.806 | 454 ool-1-worker-218 | DEBUG | d.t.c.a.a.c.u.util.UserUtilService   : Save 8 users to database. Done
    23:47:50.823 | 454 ool-1-worker-218 | INFO  | i.z.t.d.l.EmbeddedDatabaseReporter   : JDBC URL to connect to 'dataSource': url='jdbc:h2:tcp://localhost:41063/mem:df70fc46-7e57-4cb5-9cd0-c1d90c14afa7;USER=sa', scope='ProgrammingExerciseParticipationIntegrationTest#testGetParticipationWithResultsForStudentParticipation_forbidden'
    23:47:50.824 | 454 ool-1-worker-218 | DEBUG | d.t.c.a.a.c.s.f.ApiVersionFilter     : Adding Version to Request GET /api/programming-exercises/3533/latest-pending-submissions
    23:47:50.825 | 454 ool-1-worker-218 | WARN  | o.z.p.spring.common.AdviceTraits     : Forbidden: Access Denied

  Starting logs for ProgrammingExerciseParticipationIntegrationTest > testGetLatestResultWithFeedbacksAsStudent_afterExam_hidesResultBeforeExamResultsPublished()
    23:47:50.838 | 454 ool-1-worker-218 | DEBUG | d.t.c.a.a.c.u.util.UserUtilService   : Generate 4 students...
    23:47:50.846 | 454 ool-1-worker-218 | DEBUG | d.t.c.a.a.c.u.util.UserUtilService   : 4 students generated. Generate 2 tutors...
    23:47:50.849 | 454 ool-1-worker-218 | DEBUG | d.t.c.a.a.c.u.util.UserUtilService   : 2 tutors generated. Generate 0 editors...
    23:47:50.851 | 454 ool-1-worker-218 | DEBUG | d.t.c.a.a.c.u.util.UserUtilService   : 0 editors generated. Generate 2 instructors...
    23:47:50.855 | 454 ool-1-worker-218 | DEBUG | d.t.c.a.a.c.u.util.UserUtilService   : 2 instructors generated
    23:47:50.857 | 454 ool-1-worker-218 | DEBUG | d.t.c.a.a.c.u.util.UserUtilService   : Removing 8 users from all courses...
    23:47:50.858 | 454 ool-1-worker-218 | DEBUG | d.t.c.a.a.c.u.util.UserUtilService   : Removing 8 users from all courses. Done
    23:47:50.858 | 454 ool-1-worker-218 | DEBUG | d.t.c.a.a.c.u.util.UserUtilService   : Save 8 users to database...
    23:47:50.863 | 454 ool-1-worker-218 | DEBUG | d.t.c.a.a.c.u.util.UserUtilService   : Save 8 users to database. Done
    23:47:50.889 | 454 ool-1-worker-218 | INFO  | i.z.t.d.l.EmbeddedDatabaseReporter   : JDBC URL to connect to 'dataSource': url='jdbc:h2:tcp://localhost:41063/mem:df70fc46-7e57-4cb5-9cd0-c1d90c14afa7;USER=sa', scope='ProgrammingExerciseParticipationIntegrationTest#testGetLatestResultWithFeedbacksAsStudent_afterExam_hidesResultBeforeExamResultsPublished'
    23:47:50.911 | 454 ool-1-worker-218 | DEBUG | PersonalAccessTokenManagementService : Generate secure vcs access token
    23:47:50.913 | 454 ool-1-worker-218 | DEBUG | .c.s.m.InstanceMessageReceiveService : Received schedule participant score for exercise 3535 and participant 703 (result to be deleted: null)
    23:47:50.914 | 454 ool-1-worker-218 | DEBUG | .a.s.ParticipantScoreScheduleService : Scheduled task for exercise 3535 and participant 703 at 2025-02-14T23:47:51.014029948Z[Etc/UTC].
    23:47:50.924 | 454 ool-1-worker-218 | DEBUG | .c.s.m.InstanceMessageReceiveService : Received schedule participant score for exercise 3535 and participant 703 (result to be deleted: null)
    23:47:50.924 | 454 ool-1-worker-218 | DEBUG | .a.s.ParticipantScoreScheduleService : Scheduled task for exercise 3535 and participant 703 at 2025-02-14T23:47:51.024501067Z[Etc/UTC].
    23:47:50.926 | 454 ool-1-worker-218 | DEBUG | d.t.c.a.a.c.s.f.ApiVersionFilter     : Adding Version to Request GET /api/programming-exercise-participations/3011/latest-result-with-feedbacks

  Starting logs for ProgrammingExerciseParticipationIntegrationTest > testGetParticipationWithLatestResult_showsResultsAfterExamResultsPublished()
    23:47:50.943 | 454 ool-1-worker-218 | DEBUG | d.t.c.a.a.c.u.util.UserUtilService   : Generate 4 students...
    23:47:50.950 | 454 ool-1-worker-218 | DEBUG | d.t.c.a.a.c.u.util.UserUtilService   : 4 students generated. Generate 2 tutors...
    23:47:50.954 | 454 ool-1-worker-218 | DEBUG | d.t.c.a.a.c.u.util.UserUtilService   : 2 tutors generated. Generate 0 editors...
    23:47:50.955 | 454 ool-1-worker-218 | DEBUG | d.t.c.a.a.c.u.util.UserUtilService   : 0 editors generated. Generate 2 instructors...
    23:47:50.960 | 454 ool-1-worker-218 | DEBUG | d.t.c.a.a.c.u.util.UserUtilService   : 2 instructors generated
    23:47:50.962 | 454 ool-1-worker-218 | DEBUG | d.t.c.a.a.c.u.util.UserUtilService   : Removing 8 users from all courses...
    23:47:50.964 | 454 ool-1-worker-218 | DEBUG | d.t.c.a.a.c.u.util.UserUtilService   : Removing 8 users from all courses. Done
    23:47:50.964 | 454 ool-1-worker-218 | DEBUG | d.t.c.a.a.c.u.util.UserUtilService   : Save 8 users to database...
    23:47:50.970 | 454 ool-1-worker-218 | DEBUG | d.t.c.a.a.c.u.util.UserUtilService   : Save 8 users to database. Done
    23:47:50.994 | 454 ool-1-worker-218 | INFO  | i.z.t.d.l.EmbeddedDatabaseReporter   : JDBC URL to connect to 'dataSource': url='jdbc:h2:tcp://localhost:41063/mem:df70fc46-7e57-4cb5-9cd0-c1d90c14afa7;USER=sa', scope='ProgrammingExerciseParticipationIntegrationTest#testGetParticipationWithLatestResult_showsResultsAfterExamResultsPublished'
    23:47:51.015 | 454 ool-1-worker-218 | DEBUG | PersonalAccessTokenManagementService : Generate secure vcs access token
    23:47:51.018 | 454 ool-1-worker-218 | DEBUG | .c.s.m.InstanceMessageReceiveService : Received schedule participant score for exercise 3537 and participant 703 (result to be deleted: null)
    23:47:51.018 | 454 ool-1-worker-218 | DEBUG | .a.s.ParticipantScoreScheduleService : Scheduled task for exercise 3537 and participant 703 at 2025-02-14T23:47:51.118277905Z[Etc/UTC].
    23:47:51.028 | 454 ool-1-worker-218 | DEBUG | .c.s.m.InstanceMessageReceiveService : Received schedule participant score for exercise 3537 and participant 703 (result to be deleted: null)
    23:47:51.028 | 454 ool-1-worker-218 | DEBUG | .a.s.ParticipantScoreScheduleService : Scheduled task for exercise 3537 and participant 703 at 2025-02-14T23:47:51.128263901Z[Etc/UTC].
    23:47:51.029 | 454 ool-1-worker-218 | DEBUG | d.t.c.a.a.c.s.f.ApiVersionFilter     : Adding Version to Request GET /api/programming-exercise-participations/3016/student-participation-with-latest-result-and-feedbacks

  Starting logs for ProgrammingExerciseParticipationIntegrationTest > testGetLatestResultWithFeedbacksAsStudent_showsResultDuringExam()
    23:47:51.049 | 454 ool-1-worker-218 | DEBUG | d.t.c.a.a.c.u.util.UserUtilService   : Generate 4 students...
    23:47:51.056 | 454 ool-1-worker-218 | DEBUG | d.t.c.a.a.c.u.util.UserUtilService   : 4 students generated. Generate 2 tutors...
    23:47:51.060 | 454 ool-1-worker-218 | DEBUG | d.t.c.a.a.c.u.util.UserUtilService   : 2 tutors generated. Generate 0 editors...
    23:47:51.062 | 454 ool-1-worker-218 | DEBUG | d.t.c.a.a.c.u.util.UserUtilService   : 0 editors generated. Generate 2 instructors...
    23:47:51.066 | 454 ool-1-worker-218 | DEBUG | d.t.c.a.a.c.u.util.UserUtilService   : 2 instructors generated
    23:47:51.068 | 454 ool-1-worker-218 | DEBUG | d.t.c.a.a.c.u.util.UserUtilService   : Removing 8 users from all courses...
    23:47:51.069 | 454 ool-1-worker-218 | DEBUG | d.t.c.a.a.c.u.util.UserUtilService   : Removing 8 users from all courses. Done
    23:47:51.069 | 454 ool-1-worker-218 | DEBUG | d.t.c.a.a.c.u.util.UserUtilService   : Save 8 users to database...
    23:47:51.077 | 454 ool-1-worker-218 | DEBUG | d.t.c.a.a.c.u.util.UserUtilService   : Save 8 users to database. Done
    23:47:51.102 | 454 ool-1-worker-218 | INFO  | i.z.t.d.l.EmbeddedDatabaseReporter   : JDBC URL to connect to 'dataSource': url='jdbc:h2:tcp://localhost:41063/mem:df70fc46-7e57-4cb5-9cd0-c1d90c14afa7;USER=sa', scope='ProgrammingExerciseParticipationIntegrationTest#testGetLatestResultWithFeedbacksAsStudent_showsResultDuringExam'
    23:47:51.124 | 454 ool-1-worker-218 | DEBUG | PersonalAccessTokenManagementService : Generate secure vcs access token
    23:47:51.127 | 454 ool-1-worker-218 | DEBUG | .c.s.m.InstanceMessageReceiveService : Received schedule participant score for exercise 3539 and participant 703 (result to be deleted: null)
    23:47:51.127 | 454 ool-1-worker-218 | DEBUG | .a.s.ParticipantScoreScheduleService : Scheduled task for exercise 3539 and participant 703 at 2025-02-14T23:47:51.227675801Z[Etc/UTC].
    23:47:51.137 | 454 ool-1-worker-218 | DEBUG | .c.s.m.InstanceMessageReceiveService : Received schedule participant score for exercise 3539 and participant 703 (result to be deleted: null)
    23:47:51.137 | 454 ool-1-worker-218 | DEBUG | .a.s.ParticipantScoreScheduleService : Scheduled task for exercise 3539 and participant 703 at 2025-02-14T23:47:51.237970039Z[Etc/UTC].
    23:47:51.139 | 454 ool-1-worker-218 | DEBUG | d.t.c.a.a.c.s.f.ApiVersionFilter     : Adding Version to Request GET /api/programming-exercise-participations/3021/latest-result-with-feedbacks

  Starting logs for ProgrammingExerciseParticipationIntegrationTest > testGetParticipationWithLatestResult_canAccessParticipationIfExerciseNotStartedAndNotStudent()
    23:47:51.164 | 454 ool-1-worker-218 | DEBUG | d.t.c.a.a.c.u.util.UserUtilService   : Generate 4 students...
    23:47:51.170 | 454 ool-1-worker-218 | DEBUG | d.t.c.a.a.c.u.util.UserUtilService   : 4 students generated. Generate 2 tutors...
    23:47:51.174 | 454 ool-1-worker-218 | DEBUG | d.t.c.a.a.c.u.util.UserUtilService   : 2 tutors generated. Generate 0 editors...
    23:47:51.175 | 454 ool-1-worker-218 | DEBUG | d.t.c.a.a.c.u.util.UserUtilService   : 0 editors generated. Generate 2 instructors...
    23:47:51.179 | 454 ool-1-worker-218 | DEBUG | d.t.c.a.a.c.u.util.UserUtilService   : 2 instructors generated
    23:47:51.181 | 454 ool-1-worker-218 | DEBUG | d.t.c.a.a.c.u.util.UserUtilService   : Removing 8 users from all courses...
    23:47:51.182 | 454 ool-1-worker-218 | DEBUG | d.t.c.a.a.c.u.util.UserUtilService   : Removing 8 users from all courses. Done
    23:47:51.182 | 454 ool-1-worker-218 | DEBUG | d.t.c.a.a.c.u.util.UserUtilService   : Save 8 users to database...
    23:47:51.186 | 454 ool-1-worker-218 | DEBUG | d.t.c.a.a.c.u.util.UserUtilService   : Save 8 users to database. Done
    23:47:51.204 | 454 ool-1-worker-218 | INFO  | i.z.t.d.l.EmbeddedDatabaseReporter   : JDBC URL to connect to 'dataSource': url='jdbc:h2:tcp://localhost:41063/mem:df70fc46-7e57-4cb5-9cd0-c1d90c14afa7;USER=sa', scope='ProgrammingExerciseParticipationIntegrationTest#testGetParticipationWithLatestResult_canAccessParticipationIfExerciseNotStartedAndNotStudent'
    23:47:51.210 | 454 ool-1-worker-218 | DEBUG | PersonalAccessTokenManagementService : Generate secure vcs access token
    23:47:51.212 | 454 ool-1-worker-218 | DEBUG | d.t.c.a.a.c.s.f.ApiVersionFilter     : Adding Version to Request GET /api/programming-exercise-participations/3024/student-participation-with-latest-result-and-feedbacks

  Starting logs for ProgrammingExerciseParticipationIntegrationTest > testGetParticipationWithLatestResult_showsResultsDuringExam()
    23:47:51.230 | 454 ool-1-worker-218 | DEBUG | d.t.c.a.a.c.u.util.UserUtilService   : Generate 4 students...
    23:47:51.237 | 454 ool-1-worker-218 | DEBUG | d.t.c.a.a.c.u.util.UserUtilService   : 4 students generated. Generate 2 tutors...
    23:47:51.241 | 454 ool-1-worker-218 | DEBUG | d.t.c.a.a.c.u.util.UserUtilService   : 2 tutors generated. Generate 0 editors...
    23:47:51.242 | 454 ool-1-worker-218 | DEBUG | d.t.c.a.a.c.u.util.UserUtilService   : 0 editors generated. Generate 2 instructors...
    23:47:51.246 | 454 ool-1-worker-218 | DEBUG | d.t.c.a.a.c.u.util.UserUtilService   : 2 instructors generated
    23:47:51.249 | 454 ool-1-worker-218 | DEBUG | d.t.c.a.a.c.u.util.UserUtilService   : Removing 8 users from all courses...
    23:47:51.250 | 454 ool-1-worker-218 | DEBUG | d.t.c.a.a.c.u.util.UserUtilService   : Removing 8 users from all courses. Done
    23:47:51.250 | 454 ool-1-worker-218 | DEBUG | d.t.c.a.a.c.u.util.UserUtilService   : Save 8 users to database...
    23:47:51.255 | 454 ool-1-worker-218 | DEBUG | d.t.c.a.a.c.u.util.UserUtilService   : Save 8 users to database. Done
    23:47:51.280 | 454 ool-1-worker-218 | INFO  | i.z.t.d.l.EmbeddedDatabaseReporter   : JDBC URL to connect to 'dataSource': url='jdbc:h2:tcp://localhost:41063/mem:df70fc46-7e57-4cb5-9cd0-c1d90c14afa7;USER=sa', scope='ProgrammingExerciseParticipationIntegrationTest#testGetParticipationWithLatestResult_showsResultsDuringExam'
    23:47:51.298 | 454 ool-1-worker-218 | DEBUG | PersonalAccessTokenManagementService : Generate secure vcs access token
    23:47:51.300 | 454 ool-1-worker-218 | DEBUG | .c.s.m.InstanceMessageReceiveService : Received schedule participant score for exercise 3542 and participant 703 (result to be deleted: null)
    23:47:51.300 | 454 ool-1-worker-218 | DEBUG | .a.s.ParticipantScoreScheduleService : Scheduled task for exercise 3542 and participant 703 at 2025-02-14T23:47:51.400610529Z[Etc/UTC].
    23:47:51.309 | 454 ool-1-worker-218 | DEBUG | .c.s.m.InstanceMessageReceiveService : Received schedule participant score for exercise 3542 and participant 703 (result to be deleted: null)
    23:47:51.309 | 454 ool-1-worker-218 | DEBUG | .a.s.ParticipantScoreScheduleService : Scheduled task for exercise 3542 and participant 703 at 2025-02-14T23:47:51.409434235Z[Etc/UTC].
    23:47:51.311 | 454 ool-1-worker-218 | DEBUG | d.t.c.a.a.c.s.f.ApiVersionFilter     : Adding Version to Request GET /api/programming-exercise-participations/3029/student-participation-with-latest-result-and-feedbacks

  Starting logs for ProgrammingExerciseParticipationIntegrationTest > retrieveCommitHistoryStudentSuccess()
    23:47:51.333 | 454 ool-1-worker-218 | DEBUG | d.t.c.a.a.c.u.util.UserUtilService   : Generate 4 students...
    23:47:51.340 | 454 ool-1-worker-218 | DEBUG | d.t.c.a.a.c.u.util.UserUtilService   : 4 students generated. Generate 2 tutors...
    23:47:51.346 | 454 ool-1-worker-218 | DEBUG | d.t.c.a.a.c.u.util.UserUtilService   : 2 tutors generated. Generate 0 editors...
    23:47:51.347 | 454 ool-1-worker-218 | DEBUG | d.t.c.a.a.c.u.util.UserUtilService   : 0 editors generated. Generate 2 instructors...
    23:47:51.351 | 454 ool-1-worker-218 | DEBUG | d.t.c.a.a.c.u.util.UserUtilService   : 2 instructors generated
    23:47:51.354 | 454 ool-1-worker-218 | DEBUG | d.t.c.a.a.c.u.util.UserUtilService   : Removing 8 users from all courses...
    23:47:51.355 | 454 ool-1-worker-218 | DEBUG | d.t.c.a.a.c.u.util.UserUtilService   : Removing 8 users from all courses. Done
    23:47:51.355 | 454 ool-1-worker-218 | DEBUG | d.t.c.a.a.c.u.util.UserUtilService   : Save 8 users to database...
    23:47:51.361 | 454 ool-1-worker-218 | DEBUG | d.t.c.a.a.c.u.util.UserUtilService   : Save 8 users to database. Done
    23:47:51.385 | 454 ool-1-worker-218 | INFO  | i.z.t.d.l.EmbeddedDatabaseReporter   : JDBC URL to connect to 'dataSource': url='jdbc:h2:tcp://localhost:41063/mem:df70fc46-7e57-4cb5-9cd0-c1d90c14afa7;USER=sa', scope='ProgrammingExerciseParticipationIntegrationTest#retrieveCommitHistoryStudentSuccess'
    23:47:51.388 | 454 ool-1-worker-218 | DEBUG | PersonalAccessTokenManagementService : Generate secure vcs access token
    23:47:51.391 | 454 ool-1-worker-218 | DEBUG | d.t.c.a.a.c.s.f.ApiVersionFilter     : Adding Version to Request GET /api/programming-exercise-participations/3032/commit-history

  Starting logs for ProgrammingExerciseParticipationIntegrationTest > testGetParticipationAllResults_canAccessParticipationIfExerciseNotStartedAndNotStudent()
    23:47:51.407 | 454 ool-1-worker-218 | DEBUG | d.t.c.a.a.c.u.util.UserUtilService   : Generate 4 students...
    23:47:51.414 | 454 ool-1-worker-218 | DEBUG | d.t.c.a.a.c.u.util.UserUtilService   : 4 students generated. Generate 2 tutors...
    23:47:51.418 | 454 ool-1-worker-218 | DEBUG | d.t.c.a.a.c.u.util.UserUtilService   : 2 tutors generated. Generate 0 editors...
    23:47:51.419 | 454 ool-1-worker-218 | DEBUG | d.t.c.a.a.c.u.util.UserUtilService   : 0 editors generated. Generate 2 instructors...
    23:47:51.426 | 454 ool-1-worker-218 | DEBUG | d.t.c.a.a.c.u.util.UserUtilService   : 2 instructors generated
    23:47:51.431 | 454 ool-1-worker-218 | DEBUG | d.t.c.a.a.c.u.util.UserUtilService   : Removing 8 users from all courses...
    23:47:51.433 | 454 ool-1-worker-218 | DEBUG | d.t.c.a.a.c.u.util.UserUtilService   : Removing 8 users from all courses. Done
    23:47:51.433 | 454 ool-1-worker-218 | DEBUG | d.t.c.a.a.c.u.util.UserUtilService   : Save 8 users to database...
    23:47:51.439 | 454 ool-1-worker-218 | DEBUG | d.t.c.a.a.c.u.util.UserUtilService   : Save 8 users to database. Done
    23:47:51.462 | 454 ool-1-worker-218 | INFO  | i.z.t.d.l.EmbeddedDatabaseReporter   : JDBC URL to connect to 'dataSource': url='jdbc:h2:tcp://localhost:41063/mem:df70fc46-7e57-4cb5-9cd0-c1d90c14afa7;USER=sa', scope='ProgrammingExerciseParticipationIntegrationTest#testGetParticipationAllResults_canAccessParticipationIfExerciseNotStartedAndNotStudent'
    23:47:51.473 | 454 ool-1-worker-218 | DEBUG | PersonalAccessTokenManagementService : Generate secure vcs access token
    23:47:51.480 | 454 ool-1-worker-218 | DEBUG | d.t.c.a.a.c.s.f.ApiVersionFilter     : Adding Version to Request GET /api/programming-exercise-participations/3035/student-participation-with-all-results

  Starting logs for ProgrammingExerciseParticipationIntegrationTest > testGetLatestResultWithFeedbacksAsStudent()
    23:47:51.502 | 454 ool-1-worker-218 | DEBUG | d.t.c.a.a.c.u.util.UserUtilService   : Generate 4 students...
    23:47:51.509 | 454 ool-1-worker-218 | DEBUG | d.t.c.a.a.c.u.util.UserUtilService   : 4 students generated. Generate 2 tutors...
    23:47:51.512 | 454 ool-1-worker-218 | DEBUG | d.t.c.a.a.c.u.util.UserUtilService   : 2 tutors generated. Generate 0 editors...
    23:47:51.513 | 454 ool-1-worker-218 | DEBUG | d.t.c.a.a.c.u.util.UserUtilService   : 0 editors generated. Generate 2 instructors...
    23:47:51.517 | 454 ool-1-worker-218 | DEBUG | d.t.c.a.a.c.u.util.UserUtilService   : 2 instructors generated
    23:47:51.520 | 454 ool-1-worker-218 | DEBUG | d.t.c.a.a.c.u.util.UserUtilService   : Removing 8 users from all courses...
    23:47:51.521 | 454 ool-1-worker-218 | DEBUG | d.t.c.a.a.c.u.util.UserUtilService   : Removing 8 users from all courses. Done
    23:47:51.521 | 454 ool-1-worker-218 | DEBUG | d.t.c.a.a.c.u.util.UserUtilService   : Save 8 users to database...
    23:47:51.526 | 454 ool-1-worker-218 | DEBUG | d.t.c.a.a.c.u.util.UserUtilService   : Save 8 users to database. Done
    23:47:51.549 | 454 ool-1-worker-218 | INFO  | i.z.t.d.l.EmbeddedDatabaseReporter   : JDBC URL to connect to 'dataSource': url='jdbc:h2:tcp://localhost:41063/mem:df70fc46-7e57-4cb5-9cd0-c1d90c14afa7;USER=sa', scope='ProgrammingExerciseParticipationIntegrationTest#testGetLatestResultWithFeedbacksAsStudent'
    23:47:51.555 | 454 ool-1-worker-218 | DEBUG | PersonalAccessTokenManagementService : Generate secure vcs access token
    23:47:51.557 | 454 ool-1-worker-218 | DEBUG | .c.s.m.InstanceMessageReceiveService : Received schedule participant score for exercise 3545 and participant 703 (result to be deleted: null)
    23:47:51.557 | 454 ool-1-worker-218 | DEBUG | .a.s.ParticipantScoreScheduleService : Scheduled task for exercise 3545 and participant 703 at 2025-02-14T23:47:51.657796622Z[Etc/UTC].
    23:47:51.569 | 454 ool-1-worker-218 | DEBUG | .c.s.m.InstanceMessageReceiveService : Received schedule participant score for exercise 3545 and participant 703 (result to be deleted: null)
    23:47:51.569 | 454 ool-1-worker-218 | DEBUG | .a.s.ParticipantScoreScheduleService : Scheduled task for exercise 3545 and participant 703 at 2025-02-14T23:47:51.669210599Z[Etc/UTC].
    23:47:51.571 | 454 ool-1-worker-218 | DEBUG | d.t.c.a.a.c.s.f.ApiVersionFilter     : Adding Version to Request GET /api/programming-exercise-participations/3038/latest-result-with-feedbacks

  Starting logs for ProgrammingExerciseParticipationIntegrationTest > testGetLatestPendingSubmissionIfExists_ta()
    23:47:51.594 | 454 ool-1-worker-218 | DEBUG | d.t.c.a.a.c.u.util.UserUtilService   : Generate 4 students...
    23:47:51.601 | 454 ool-1-worker-218 | DEBUG | d.t.c.a.a.c.u.util.UserUtilService   : 4 students generated. Generate 2 tutors...
    23:47:51.604 | 454 ool-1-worker-218 | DEBUG | d.t.c.a.a.c.u.util.UserUtilService   : 2 tutors generated. Generate 0 editors...
    23:47:51.606 | 454 ool-1-worker-218 | DEBUG | d.t.c.a.a.c.u.util.UserUtilService   : 0 editors generated. Generate 2 instructors...
    23:47:51.610 | 454 ool-1-worker-218 | DEBUG | d.t.c.a.a.c.u.util.UserUtilService   : 2 instructors generated
    23:47:51.612 | 454 ool-1-worker-218 | DEBUG | d.t.c.a.a.c.u.util.UserUtilService   : Removing 8 users from all courses...
    23:47:51.613 | 454 ool-1-worker-218 | DEBUG | d.t.c.a.a.c.u.util.UserUtilService   : Removing 8 users from all courses. Done
    23:47:51.613 | 454 ool-1-worker-218 | DEBUG | d.t.c.a.a.c.u.util.UserUtilService   : Save 8 users to database...
    23:47:51.618 | 454 ool-1-worker-218 | DEBUG | d.t.c.a.a.c.u.util.UserUtilService   : Save 8 users to database. Done
    23:47:51.641 | 454 ool-1-worker-218 | INFO  | i.z.t.d.l.EmbeddedDatabaseReporter   : JDBC URL to connect to 'dataSource': url='jdbc:h2:tcp://localhost:41063/mem:df70fc46-7e57-4cb5-9cd0-c1d90c14afa7;USER=sa', scope='ProgrammingExerciseParticipationIntegrationTest#testGetLatestPendingSubmissionIfExists_ta'
    23:47:51.644 | 454 ool-1-worker-218 | DEBUG | PersonalAccessTokenManagementService : Generate secure vcs access token
    23:47:51.647 | 454 ool-1-worker-218 | DEBUG | d.t.c.a.a.c.s.f.ApiVersionFilter     : Adding Version to Request GET /api/programming-exercise-participations/3041/latest-pending-submission

  Starting logs for ProgrammingExerciseParticipationIntegrationTest > testGetParticipationWithAllResults(ZonedDateTime, ZonedDateTime, AssessmentType, ZonedDateTime, ZonedDateTime, boolean) [1] startDate=null, releaseDate=null, assessmentType=null, completionDate=null, assessmentDueDate=null, expectLastCreatedResult=false
    23:47:51.669 | 454 ool-1-worker-218 | DEBUG | d.t.c.a.a.c.u.util.UserUtilService   : Generate 4 students...
    23:47:51.676 | 454 ool-1-worker-218 | DEBUG | d.t.c.a.a.c.u.util.UserUtilService   : 4 students generated. Generate 2 tutors...
    23:47:51.680 | 454 ool-1-worker-218 | DEBUG | d.t.c.a.a.c.u.util.UserUtilService   : 2 tutors generated. Generate 0 editors...
    23:47:51.681 | 454 ool-1-worker-218 | DEBUG | d.t.c.a.a.c.u.util.UserUtilService   : 0 editors generated. Generate 2 instructors...
    23:47:51.685 | 454 ool-1-worker-218 | DEBUG | d.t.c.a.a.c.u.util.UserUtilService   : 2 instructors generated
    23:47:51.687 | 454 ool-1-worker-218 | DEBUG | d.t.c.a.a.c.u.util.UserUtilService   : Removing 8 users from all courses...
    23:47:51.689 | 454 ool-1-worker-218 | DEBUG | d.t.c.a.a.c.u.util.UserUtilService   : Removing 8 users from all courses. Done
    23:47:51.689 | 454 ool-1-worker-218 | DEBUG | d.t.c.a.a.c.u.util.UserUtilService   : Save 8 users to database...
    23:47:51.695 | 454 ool-1-worker-218 | DEBUG | d.t.c.a.a.c.u.util.UserUtilService   : Save 8 users to database. Done
    23:47:51.719 | 454 ool-1-worker-218 | INFO  | i.z.t.d.l.EmbeddedDatabaseReporter   : JDBC URL to connect to 'dataSource': url='jdbc:h2:tcp://localhost:41063/mem:df70fc46-7e57-4cb5-9cd0-c1d90c14afa7;USER=sa', scope='ProgrammingExerciseParticipationIntegrationTest#testGetParticipationWithAllResults'
    23:47:51.723 | 454 ool-1-worker-218 | DEBUG | PersonalAccessTokenManagementService : Generate secure vcs access token
    23:47:51.725 | 454 ool-1-worker-218 | DEBUG | .c.s.m.InstanceMessageReceiveService : Received schedule participant score for exercise 3547 and participant 703 (result to be deleted: null)
    23:47:51.725 | 454 ool-1-worker-218 | DEBUG | .a.s.ParticipantScoreScheduleService : Scheduled task for exercise 3547 and participant 703 at 2025-02-14T23:47:51.825118091Z[Etc/UTC].
    23:47:51.736 | 454 ool-1-worker-218 | DEBUG | .c.s.m.InstanceMessageReceiveService : Received schedule participant score for exercise 3547 and participant 703 (result to be deleted: null)
    23:47:51.736 | 454 ool-1-worker-218 | DEBUG | .a.s.ParticipantScoreScheduleService : Scheduled task for exercise 3547 and participant 703 at 2025-02-14T23:47:51.836367882Z[Etc/UTC].
    23:47:51.739 | 454 ool-1-worker-218 | DEBUG | .c.s.m.InstanceMessageReceiveService : Received schedule participant score for exercise 3547 and participant 703 (result to be deleted: null)
    23:47:51.740 | 454 ool-1-worker-218 | DEBUG | .a.s.ParticipantScoreScheduleService : Scheduled task for exercise 3547 and participant 703 at 2025-02-14T23:47:51.840037996Z[Etc/UTC].
    23:47:51.750 | 454 ool-1-worker-218 | DEBUG | .c.s.m.InstanceMessageReceiveService : Received schedule participant score for exercise 3547 and participant 703 (result to be deleted: null)
    23:47:51.750 | 454 ool-1-worker-218 | DEBUG | .a.s.ParticipantScoreScheduleService : Scheduled task for exercise 3547 and participant 703 at 2025-02-14T23:47:51.850621164Z[Etc/UTC].
    23:47:51.752 | 454 ool-1-worker-218 | DEBUG | .c.s.m.InstanceMessageReceiveService : Received schedule participant score for exercise 3547 and participant 703 (result to be deleted: null)
    23:47:51.752 | 454 ool-1-worker-218 | DEBUG | .a.s.ParticipantScoreScheduleService : Scheduled task for exercise 3547 and participant 703 at 2025-02-14T23:47:51.852154814Z[Etc/UTC].
    23:47:51.753 | 454 ool-1-worker-218 | DEBUG | d.t.c.a.a.c.s.f.ApiVersionFilter     : Adding Version to Request GET /api/programming-exercise-participations/3044/student-participation-with-all-results

  Starting logs for ProgrammingExerciseParticipationIntegrationTest > testGetParticipationWithAllResults(ZonedDateTime, ZonedDateTime, AssessmentType, ZonedDateTime, ZonedDateTime, boolean) [2] startDate=2025-02-11T23:47:51.661136939Z[Etc/UTC], releaseDate=2025-02-10T23:47:51.661139674Z[Etc/UTC], assessmentType=AUTOMATIC, completionDate=null, assessmentDueDate=null, expectLastCreatedResult=true
    23:47:51.774 | 454 ool-1-worker-218 | DEBUG | d.t.c.a.a.c.u.util.UserUtilService   : Generate 4 students...
    23:47:51.784 | 454 ool-1-worker-218 | DEBUG | d.t.c.a.a.c.u.util.UserUtilService   : 4 students generated. Generate 2 tutors...
    23:47:51.788 | 454 ool-1-worker-218 | DEBUG | d.t.c.a.a.c.u.util.UserUtilService   : 2 tutors generated. Generate 0 editors...
    23:47:51.789 | 454 ool-1-worker-218 | DEBUG | d.t.c.a.a.c.u.util.UserUtilService   : 0 editors generated. Generate 2 instructors...
    23:47:51.794 | 454 ool-1-worker-218 | DEBUG | d.t.c.a.a.c.u.util.UserUtilService   : 2 instructors generated
    23:47:51.797 | 454 ool-1-worker-218 | DEBUG | d.t.c.a.a.c.u.util.UserUtilService   : Removing 8 users from all courses...
    23:47:51.798 | 454 ool-1-worker-218 | DEBUG | d.t.c.a.a.c.u.util.UserUtilService   : Removing 8 users from all courses. Done
    23:47:51.798 | 454 ool-1-worker-218 | DEBUG | d.t.c.a.a.c.u.util.UserUtilService   : Save 8 users to database...
    23:47:51.804 | 454 ool-1-worker-218 | DEBUG | d.t.c.a.a.c.u.util.UserUtilService   : Save 8 users to database. Done
    23:47:51.829 | 454 ool-1-worker-218 | INFO  | i.z.t.d.l.EmbeddedDatabaseReporter   : JDBC URL to connect to 'dataSource': url='jdbc:h2:tcp://localhost:41063/mem:df70fc46-7e57-4cb5-9cd0-c1d90c14afa7;USER=sa', scope='ProgrammingExerciseParticipationIntegrationTest#testGetParticipationWithAllResults'
    23:47:51.833 | 454 ool-1-worker-218 | DEBUG | PersonalAccessTokenManagementService : Generate secure vcs access token
    23:47:51.834 | 454 ool-1-worker-218 | DEBUG | .c.s.m.InstanceMessageReceiveService : Received schedule participant score for exercise 3548 and participant 703 (result to be deleted: null)
    23:47:51.835 | 454 ool-1-worker-218 | DEBUG | .a.s.ParticipantScoreScheduleService : Scheduled task for exercise 3548 and participant 703 at 2025-02-14T23:47:51.934999424Z[Etc/UTC].
    23:47:51.846 | 454 ool-1-worker-218 | DEBUG | .c.s.m.InstanceMessageReceiveService : Received schedule participant score for exercise 3548 and participant 703 (result to be deleted: null)
    23:47:51.846 | 454 ool-1-worker-218 | DEBUG | .a.s.ParticipantScoreScheduleService : Scheduled task for exercise 3548 and participant 703 at 2025-02-14T23:47:51.946276235Z[Etc/UTC].
    23:47:51.856 | 454 ool-1-worker-218 | DEBUG | .c.s.m.InstanceMessageReceiveService : Received schedule participant score for exercise 3548 and participant 703 (result to be deleted: null)
    23:47:51.856 | 454 ool-1-worker-218 | DEBUG | .a.s.ParticipantScoreScheduleService : Scheduled task for exercise 3548 and participant 703 at 2025-02-14T23:47:51.956237442Z[Etc/UTC].
    23:47:51.869 | 454 ool-1-worker-218 | DEBUG | .c.s.m.InstanceMessageReceiveService : Received schedule participant score for exercise 3548 and participant 703 (result to be deleted: null)
    23:47:51.870 | 454 ool-1-worker-218 | DEBUG | .a.s.ParticipantScoreScheduleService : Scheduled task for exercise 3548 and participant 703 at 2025-02-14T23:47:51.970007553Z[Etc/UTC].
    23:47:51.872 | 454 ool-1-worker-218 | DEBUG | .c.s.m.InstanceMessageReceiveService : Received schedule participant score for exercise 3548 and participant 703 (result to be deleted: null)
    23:47:51.872 | 454 ool-1-worker-218 | DEBUG | .a.s.ParticipantScoreScheduleService : Scheduled task for exercise 3548 and participant 703 at 2025-02-14T23:47:51.972242651Z[Etc/UTC].
    23:47:51.873 | 454 ool-1-worker-218 | DEBUG | d.t.c.a.a.c.s.f.ApiVersionFilter     : Adding Version to Request GET /api/programming-exercise-participations/3047/student-participation-with-all-results

  Starting logs for ProgrammingExerciseParticipationIntegrationTest > testGetParticipationWithAllResults(ZonedDateTime, ZonedDateTime, AssessmentType, ZonedDateTime, ZonedDateTime, boolean) [3] startDate=2025-02-11T23:47:51.661136939Z[Etc/UTC], releaseDate=2025-02-10T23:47:51.661139674Z[Etc/UTC], assessmentType=AUTOMATIC, completionDate=2025-02-14T23:47:51.661140105Z[Etc/UTC], assessmentDueDate=null, expectLastCreatedResult=true
    23:47:51.896 | 454 ool-1-worker-218 | DEBUG | d.t.c.a.a.c.u.util.UserUtilService   : Generate 4 students...
    23:47:51.903 | 454 ool-1-worker-218 | DEBUG | d.t.c.a.a.c.u.util.UserUtilService   : 4 students generated. Generate 2 tutors...
    23:47:51.907 | 454 ool-1-worker-218 | DEBUG | d.t.c.a.a.c.u.util.UserUtilService   : 2 tutors generated. Generate 0 editors...
    23:47:51.908 | 454 ool-1-worker-218 | DEBUG | d.t.c.a.a.c.u.util.UserUtilService   : 0 editors generated. Generate 2 instructors...
    23:47:51.913 | 454 ool-1-worker-218 | DEBUG | d.t.c.a.a.c.u.util.UserUtilService   : 2 instructors generated
    23:47:51.915 | 454 ool-1-worker-218 | DEBUG | d.t.c.a.a.c.u.util.UserUtilService   : Removing 8 users from all courses...
    23:47:51.916 | 454 ool-1-worker-218 | DEBUG | d.t.c.a.a.c.u.util.UserUtilService   : Removing 8 users from all courses. Done
    23:47:51.916 | 454 ool-1-worker-218 | DEBUG | d.t.c.a.a.c.u.util.UserUtilService   : Save 8 users to database...
    23:47:51.925 | 454 ool-1-worker-218 | DEBUG | d.t.c.a.a.c.u.util.UserUtilService   : Save 8 users to database. Done
    23:47:51.946 | 454 ool-1-worker-218 | INFO  | i.z.t.d.l.EmbeddedDatabaseReporter   : JDBC URL to connect to 'dataSource': url='jdbc:h2:tcp://localhost:41063/mem:df70fc46-7e57-4cb5-9cd0-c1d90c14afa7;USER=sa', scope='ProgrammingExerciseParticipationIntegrationTest#testGetParticipationWithAllResults'
    23:47:51.950 | 454 ool-1-worker-218 | DEBUG | PersonalAccessTokenManagementService : Generate secure vcs access token
    23:47:51.951 | 454 ool-1-worker-218 | DEBUG | .c.s.m.InstanceMessageReceiveService : Received schedule participant score for exercise 3549 and participant 703 (result to be deleted: null)
    23:47:51.951 | 454 ool-1-worker-218 | DEBUG | .a.s.ParticipantScoreScheduleService : Scheduled task for exercise 3549 and participant 703 at 2025-02-14T23:47:52.051874662Z[Etc/UTC].
    23:47:51.963 | 454 ool-1-worker-218 | DEBUG | .c.s.m.InstanceMessageReceiveService : Received schedule participant score for exercise 3549 and participant 703 (result to be deleted: null)
    23:47:51.963 | 454 ool-1-worker-218 | DEBUG | .a.s.ParticipantScoreScheduleService : Scheduled task for exercise 3549 and participant 703 at 2025-02-14T23:47:52.063228367Z[Etc/UTC].
    23:47:51.966 | 454 ool-1-worker-218 | DEBUG | .c.s.m.InstanceMessageReceiveService : Received schedule participant score for exercise 3549 and participant 703 (result to be deleted: null)
    23:47:51.966 | 454 ool-1-worker-218 | DEBUG | .a.s.ParticipantScoreScheduleService : Scheduled task for exercise 3549 and participant 703 at 2025-02-14T23:47:52.066562976Z[Etc/UTC].
    23:47:51.979 | 454 ool-1-worker-218 | DEBUG | .c.s.m.InstanceMessageReceiveService : Received schedule participant score for exercise 3549 and participant 703 (result to be deleted: null)
    23:47:51.979 | 454 ool-1-worker-218 | DEBUG | .a.s.ParticipantScoreScheduleService : Scheduled task for exercise 3549 and participant 703 at 2025-02-14T23:47:52.079160269Z[Etc/UTC].
    23:47:51.981 | 454 ool-1-worker-218 | DEBUG | .c.s.m.InstanceMessageReceiveService : Received schedule participant score for exercise 3549 and participant 703 (result to be deleted: null)
    23:47:51.981 | 454 ool-1-worker-218 | DEBUG | .a.s.ParticipantScoreScheduleService : Scheduled task for exercise 3549 and participant 703 at 2025-02-14T23:47:52.081095589Z[Etc/UTC].
    23:47:51.982 | 454 ool-1-worker-218 | DEBUG | d.t.c.a.a.c.s.f.ApiVersionFilter     : Adding Version to Request GET /api/programming-exercise-participations/3050/student-participation-with-all-results

  Starting logs for ProgrammingExerciseParticipationIntegrationTest > testGetParticipationWithAllResults(ZonedDateTime, ZonedDateTime, AssessmentType, ZonedDateTime, ZonedDateTime, boolean) [4] startDate=2025-02-11T23:47:51.661136939Z[Etc/UTC], releaseDate=2025-02-10T23:47:51.661139674Z[Etc/UTC], assessmentType=AUTOMATIC, completionDate=2025-02-14T23:47:51.661140105Z[Etc/UTC], assessmentDueDate=2025-02-17T23:47:51.661140345Z[Etc/UTC], expectLastCreatedResult=true
    23:47:52.006 | 454 ool-1-worker-218 | DEBUG | d.t.c.a.a.c.u.util.UserUtilService   : Generate 4 students...
    23:47:52.013 | 454 ool-1-worker-218 | DEBUG | d.t.c.a.a.c.u.util.UserUtilService   : 4 students generated. Generate 2 tutors...
    23:47:52.017 | 454 ool-1-worker-218 | DEBUG | d.t.c.a.a.c.u.util.UserUtilService   : 2 tutors generated. Generate 0 editors...
    23:47:52.018 | 454 ool-1-worker-218 | DEBUG | d.t.c.a.a.c.u.util.UserUtilService   : 0 editors generated. Generate 2 instructors...
    23:47:52.022 | 454 ool-1-worker-218 | DEBUG | d.t.c.a.a.c.u.util.UserUtilService   : 2 instructors generated
    23:47:52.024 | 454 ool-1-worker-218 | DEBUG | d.t.c.a.a.c.u.util.UserUtilService   : Removing 8 users from all courses...
    23:47:52.026 | 454 ool-1-worker-218 | DEBUG | d.t.c.a.a.c.u.util.UserUtilService   : Removing 8 users from all courses. Done
    23:47:52.026 | 454 ool-1-worker-218 | DEBUG | d.t.c.a.a.c.u.util.UserUtilService   : Save 8 users to database...
    23:47:52.031 | 454 ool-1-worker-218 | DEBUG | d.t.c.a.a.c.u.util.UserUtilService   : Save 8 users to database. Done
    23:47:52.056 | 454 ool-1-worker-218 | INFO  | i.z.t.d.l.EmbeddedDatabaseReporter   : JDBC URL to connect to 'dataSource': url='jdbc:h2:tcp://localhost:41063/mem:df70fc46-7e57-4cb5-9cd0-c1d90c14afa7;USER=sa', scope='ProgrammingExerciseParticipationIntegrationTest#testGetParticipationWithAllResults'
    23:47:52.060 | 454 ool-1-worker-218 | DEBUG | PersonalAccessTokenManagementService : Generate secure vcs access token
    23:47:52.061 | 454 ool-1-worker-218 | DEBUG | .c.s.m.InstanceMessageReceiveService : Received schedule participant score for exercise 3550 and participant 703 (result to be deleted: null)
    23:47:52.061 | 454 ool-1-worker-218 | DEBUG | .a.s.ParticipantScoreScheduleService : Scheduled task for exercise 3550 and participant 703 at 2025-02-14T23:47:52.161889476Z[Etc/UTC].
    23:47:52.072 | 454 ool-1-worker-218 | DEBUG | .c.s.m.InstanceMessageReceiveService : Received schedule participant score for exercise 3550 and participant 703 (result to be deleted: null)
    23:47:52.072 | 454 ool-1-worker-218 | DEBUG | .a.s.ParticipantScoreScheduleService : Scheduled task for exercise 3550 and participant 703 at 2025-02-14T23:47:52.172824470Z[Etc/UTC].
    23:47:52.079 | 454 ool-1-worker-218 | DEBUG | .c.s.m.InstanceMessageReceiveService : Received schedule participant score for exercise 3550 and participant 703 (result to be deleted: null)
    23:47:52.079 | 454 ool-1-worker-218 | DEBUG | .a.s.ParticipantScoreScheduleService : Scheduled task for exercise 3550 and participant 703 at 2025-02-14T23:47:52.179915184Z[Etc/UTC].
    23:47:52.100 | 454 ool-1-worker-218 | DEBUG | .c.s.m.InstanceMessageReceiveService : Received schedule participant score for exercise 3550 and participant 703 (result to be deleted: null)
    23:47:52.100 | 454 ool-1-worker-218 | DEBUG | .a.s.ParticipantScoreScheduleService : Scheduled task for exercise 3550 and participant 703 at 2025-02-14T23:47:52.200460290Z[Etc/UTC].
    23:47:52.104 | 454 ool-1-worker-218 | DEBUG | .c.s.m.InstanceMessageReceiveService : Received schedule participant score for exercise 3550 and participant 703 (result to be deleted: null)
    23:47:52.104 | 454 ool-1-worker-218 | DEBUG | .a.s.ParticipantScoreScheduleService : Scheduled task for exercise 3550 and participant 703 at 2025-02-14T23:47:52.204823577Z[Etc/UTC].
    23:47:52.107 | 454 ool-1-worker-218 | DEBUG | d.t.c.a.a.c.s.f.ApiVersionFilter     : Adding Version to Request GET /api/programming-exercise-participations/3053/student-participation-with-all-results

  Starting logs for ProgrammingExerciseParticipationIntegrationTest > testGetParticipationWithAllResults(ZonedDateTime, ZonedDateTime, AssessmentType, ZonedDateTime, ZonedDateTime, boolean) [5] startDate=2025-02-11T23:47:51.661136939Z[Etc/UTC], releaseDate=2025-02-10T23:47:51.661139674Z[Etc/UTC], assessmentType=AUTOMATIC, completionDate=2025-02-14T23:47:51.661140105Z[Etc/UTC], assessmentDueDate=2025-02-13T23:47:51.661141367Z[Etc/UTC], expectLastCreatedResult=true
    23:47:52.130 | 454 ool-1-worker-218 | DEBUG | d.t.c.a.a.c.u.util.UserUtilService   : Generate 4 students...
    23:47:52.138 | 454 ool-1-worker-218 | DEBUG | d.t.c.a.a.c.u.util.UserUtilService   : 4 students generated. Generate 2 tutors...
    23:47:52.141 | 454 ool-1-worker-218 | DEBUG | d.t.c.a.a.c.u.util.UserUtilService   : 2 tutors generated. Generate 0 editors...
    23:47:52.143 | 454 ool-1-worker-218 | DEBUG | d.t.c.a.a.c.u.util.UserUtilService   : 0 editors generated. Generate 2 instructors...
    23:47:52.147 | 454 ool-1-worker-218 | DEBUG | d.t.c.a.a.c.u.util.UserUtilService   : 2 instructors generated
    23:47:52.149 | 454 ool-1-worker-218 | DEBUG | d.t.c.a.a.c.u.util.UserUtilService   : Removing 8 users from all courses...
    23:47:52.151 | 454 ool-1-worker-218 | DEBUG | d.t.c.a.a.c.u.util.UserUtilService   : Removing 8 users from all courses. Done
    23:47:52.151 | 454 ool-1-worker-218 | DEBUG | d.t.c.a.a.c.u.util.UserUtilService   : Save 8 users to database...
    23:47:52.157 | 454 ool-1-worker-218 | DEBUG | d.t.c.a.a.c.u.util.UserUtilService   : Save 8 users to database. Done
    23:47:52.178 | 454 ool-1-worker-218 | INFO  | i.z.t.d.l.EmbeddedDatabaseReporter   : JDBC URL to connect to 'dataSource': url='jdbc:h2:tcp://localhost:41063/mem:df70fc46-7e57-4cb5-9cd0-c1d90c14afa7;USER=sa', scope='ProgrammingExerciseParticipationIntegrationTest#testGetParticipationWithAllResults'
    23:47:52.181 | 454 ool-1-worker-218 | DEBUG | PersonalAccessTokenManagementService : Generate secure vcs access token
    23:47:52.183 | 454 ool-1-worker-218 | DEBUG | .c.s.m.InstanceMessageReceiveService : Received schedule participant score for exercise 3551 and participant 703 (result to be deleted: null)
    23:47:52.183 | 454 ool-1-worker-218 | DEBUG | .a.s.ParticipantScoreScheduleService : Scheduled task for exercise 3551 and participant 703 at 2025-02-14T23:47:52.283250379Z[Etc/UTC].
    23:47:52.194 | 454 ool-1-worker-218 | DEBUG | .c.s.m.InstanceMessageReceiveService : Received schedule participant score for exercise 3551 and participant 703 (result to be deleted: null)
    23:47:52.194 | 454 ool-1-worker-218 | DEBUG | .a.s.ParticipantScoreScheduleService : Scheduled task for exercise 3551 and participant 703 at 2025-02-14T23:47:52.294087581Z[Etc/UTC].
    23:47:52.197 | 454 ool-1-worker-218 | DEBUG | .c.s.m.InstanceMessageReceiveService : Received schedule participant score for exercise 3551 and participant 703 (result to be deleted: null)
    23:47:52.197 | 454 ool-1-worker-218 | DEBUG | .a.s.ParticipantScoreScheduleService : Scheduled task for exercise 3551 and participant 703 at 2025-02-14T23:47:52.297789024Z[Etc/UTC].
    23:47:52.208 | 454 ool-1-worker-218 | DEBUG | .c.s.m.InstanceMessageReceiveService : Received schedule participant score for exercise 3551 and participant 703 (result to be deleted: null)
    23:47:52.208 | 454 ool-1-worker-218 | DEBUG | .a.s.ParticipantScoreScheduleService : Scheduled task for exercise 3551 and participant 703 at 2025-02-14T23:47:52.308406164Z[Etc/UTC].
    23:47:52.210 | 454 ool-1-worker-218 | DEBUG | .c.s.m.InstanceMessageReceiveService : Received schedule participant score for exercise 3551 and participant 703 (result to be deleted: null)
    23:47:52.210 | 454 ool-1-worker-218 | DEBUG | .a.s.ParticipantScoreScheduleService : Scheduled task for exercise 3551 and participant 703 at 2025-02-14T23:47:52.310383602Z[Etc/UTC].
    23:47:52.211 | 454 ool-1-worker-218 | DEBUG | d.t.c.a.a.c.s.f.ApiVersionFilter     : Adding Version to Request GET /api/programming-exercise-participations/3056/student-participation-with-all-results

  Starting logs for ProgrammingExerciseParticipationIntegrationTest > testGetParticipationWithAllResults(ZonedDateTime, ZonedDateTime, AssessmentType, ZonedDateTime, ZonedDateTime, boolean) [6] startDate=2025-02-11T23:47:51.661136939Z[Etc/UTC], releaseDate=2025-02-10T23:47:51.661139674Z[Etc/UTC], assessmentType=AUTOMATIC, completionDate=null, assessmentDueDate=2025-02-17T23:47:51.661140345Z[Etc/UTC], expectLastCreatedResult=true
    23:47:52.234 | 454 ool-1-worker-218 | DEBUG | d.t.c.a.a.c.u.util.UserUtilService   : Generate 4 students...
    23:47:52.241 | 454 ool-1-worker-218 | DEBUG | d.t.c.a.a.c.u.util.UserUtilService   : 4 students generated. Generate 2 tutors...
    23:47:52.245 | 454 ool-1-worker-218 | DEBUG | d.t.c.a.a.c.u.util.UserUtilService   : 2 tutors generated. Generate 0 editors...
    23:47:52.246 | 454 ool-1-worker-218 | DEBUG | d.t.c.a.a.c.u.util.UserUtilService   : 0 editors generated. Generate 2 instructors...
    23:47:52.250 | 454 ool-1-worker-218 | DEBUG | d.t.c.a.a.c.u.util.UserUtilService   : 2 instructors generated
    23:47:52.252 | 454 ool-1-worker-218 | DEBUG | d.t.c.a.a.c.u.util.UserUtilService   : Removing 8 users from all courses...
    23:47:52.254 | 454 ool-1-worker-218 | DEBUG | d.t.c.a.a.c.u.util.UserUtilService   : Removing 8 users from all courses. Done
    23:47:52.254 | 454 ool-1-worker-218 | DEBUG | d.t.c.a.a.c.u.util.UserUtilService   : Save 8 users to database...
    23:47:52.259 | 454 ool-1-worker-218 | DEBUG | d.t.c.a.a.c.u.util.UserUtilService   : Save 8 users to database. Done
    23:47:52.283 | 454 ool-1-worker-218 | INFO  | i.z.t.d.l.EmbeddedDatabaseReporter   : JDBC URL to connect to 'dataSource': url='jdbc:h2:tcp://localhost:41063/mem:df70fc46-7e57-4cb5-9cd0-c1d90c14afa7;USER=sa', scope='ProgrammingExerciseParticipationIntegrationTest#testGetParticipationWithAllResults'
    23:47:52.286 | 454 ool-1-worker-218 | DEBUG | PersonalAccessTokenManagementService : Generate secure vcs access token
    23:47:52.288 | 454 ool-1-worker-218 | DEBUG | .c.s.m.InstanceMessageReceiveService : Received schedule participant score for exercise 3552 and participant 703 (result to be deleted: null)
    23:47:52.288 | 454 ool-1-worker-218 | DEBUG | .a.s.ParticipantScoreScheduleService : Scheduled task for exercise 3552 and participant 703 at 2025-02-14T23:47:52.388655186Z[Etc/UTC].
    23:47:52.299 | 454 ool-1-worker-218 | DEBUG | .c.s.m.InstanceMessageReceiveService : Received schedule participant score for exercise 3552 and participant 703 (result to be deleted: null)
    23:47:52.299 | 454 ool-1-worker-218 | DEBUG | .a.s.ParticipantScoreScheduleService : Scheduled task for exercise 3552 and participant 703 at 2025-02-14T23:47:52.399413480Z[Etc/UTC].
    23:47:52.302 | 454 ool-1-worker-218 | DEBUG | .c.s.m.InstanceMessageReceiveService : Received schedule participant score for exercise 3552 and participant 703 (result to be deleted: null)
    23:47:52.303 | 454 ool-1-worker-218 | DEBUG | .a.s.ParticipantScoreScheduleService : Scheduled task for exercise 3552 and participant 703 at 2025-02-14T23:47:52.403021028Z[Etc/UTC].
    23:47:52.313 | 454 ool-1-worker-218 | DEBUG | .c.s.m.InstanceMessageReceiveService : Received schedule participant score for exercise 3552 and participant 703 (result to be deleted: null)
    23:47:52.313 | 454 ool-1-worker-218 | DEBUG | .a.s.ParticipantScoreScheduleService : Scheduled task for exercise 3552 and participant 703 at 2025-02-14T23:47:52.413242460Z[Etc/UTC].
    23:47:52.315 | 454 ool-1-worker-218 | DEBUG | .c.s.m.InstanceMessageReceiveService : Received schedule participant score for exercise 3552 and participant 703 (result to be deleted: null)
    23:47:52.315 | 454 ool-1-worker-218 | DEBUG | .a.s.ParticipantScoreScheduleService : Scheduled task for exercise 3552 and participant 703 at 2025-02-14T23:47:52.415068095Z[Etc/UTC].
    23:47:52.316 | 454 ool-1-worker-218 | DEBUG | d.t.c.a.a.c.s.f.ApiVersionFilter     : Adding Version to Request GET /api/programming-exercise-participations/3059/student-participation-with-all-results

  Starting logs for ProgrammingExerciseParticipationIntegrationTest > testGetParticipationWithAllResults(ZonedDateTime, ZonedDateTime, AssessmentType, ZonedDateTime, ZonedDateTime, boolean) [7] startDate=2025-02-11T23:47:51.661136939Z[Etc/UTC], releaseDate=2025-02-10T23:47:51.661139674Z[Etc/UTC], assessmentType=AUTOMATIC, completionDate=null, assessmentDueDate=2025-02-13T23:47:51.661141367Z[Etc/UTC], expectLastCreatedResult=true
    23:47:52.340 | 454 ool-1-worker-218 | DEBUG | d.t.c.a.a.c.u.util.UserUtilService   : Generate 4 students...
    23:47:52.347 | 454 ool-1-worker-218 | DEBUG | d.t.c.a.a.c.u.util.UserUtilService   : 4 students generated. Generate 2 tutors...
    23:47:52.351 | 454 ool-1-worker-218 | DEBUG | d.t.c.a.a.c.u.util.UserUtilService   : 2 tutors generated. Generate 0 editors...
    23:47:52.352 | 454 ool-1-worker-218 | DEBUG | d.t.c.a.a.c.u.util.UserUtilService   : 0 editors generated. Generate 2 instructors...
    23:47:52.356 | 454 ool-1-worker-218 | DEBUG | d.t.c.a.a.c.u.util.UserUtilService   : 2 instructors generated
    23:47:52.359 | 454 ool-1-worker-218 | DEBUG | d.t.c.a.a.c.u.util.UserUtilService   : Removing 8 users from all courses...
    23:47:52.360 | 454 ool-1-worker-218 | DEBUG | d.t.c.a.a.c.u.util.UserUtilService   : Removing 8 users from all courses. Done
    23:47:52.360 | 454 ool-1-worker-218 | DEBUG | d.t.c.a.a.c.u.util.UserUtilService   : Save 8 users to database...
    23:47:52.367 | 454 ool-1-worker-218 | DEBUG | d.t.c.a.a.c.u.util.UserUtilService   : Save 8 users to database. Done
    23:47:52.392 | 454 ool-1-worker-218 | INFO  | i.z.t.d.l.EmbeddedDatabaseReporter   : JDBC URL to connect to 'dataSource': url='jdbc:h2:tcp://localhost:41063/mem:df70fc46-7e57-4cb5-9cd0-c1d90c14afa7;USER=sa', scope='ProgrammingExerciseParticipationIntegrationTest#testGetParticipationWithAllResults'
    23:47:52.395 | 454 ool-1-worker-218 | DEBUG | PersonalAccessTokenManagementService : Generate secure vcs access token
    23:47:52.396 | 454 ool-1-worker-218 | DEBUG | .c.s.m.InstanceMessageReceiveService : Received schedule participant score for exercise 3553 and participant 703 (result to be deleted: null)
    23:47:52.396 | 454 ool-1-worker-218 | DEBUG | .a.s.ParticipantScoreScheduleService : Scheduled task for exercise 3553 and participant 703 at 2025-02-14T23:47:52.496956955Z[Etc/UTC].
    23:47:52.407 | 454 ool-1-worker-218 | DEBUG | .c.s.m.InstanceMessageReceiveService : Received schedule participant score for exercise 3553 and participant 703 (result to be deleted: null)
    23:47:52.407 | 454 ool-1-worker-218 | DEBUG | .a.s.ParticipantScoreScheduleService : Scheduled task for exercise 3553 and participant 703 at 2025-02-14T23:47:52.507919880Z[Etc/UTC].
    23:47:52.411 | 454 ool-1-worker-218 | DEBUG | .c.s.m.InstanceMessageReceiveService : Received schedule participant score for exercise 3553 and participant 703 (result to be deleted: null)
    23:47:52.411 | 454 ool-1-worker-218 | DEBUG | .a.s.ParticipantScoreScheduleService : Scheduled task for exercise 3553 and participant 703 at 2025-02-14T23:47:52.511479058Z[Etc/UTC].
    23:47:52.421 | 454 ool-1-worker-218 | DEBUG | .c.s.m.InstanceMessageReceiveService : Received schedule participant score for exercise 3553 and participant 703 (result to be deleted: null)
    23:47:52.421 | 454 ool-1-worker-218 | DEBUG | .a.s.ParticipantScoreScheduleService : Scheduled task for exercise 3553 and participant 703 at 2025-02-14T23:47:52.521831335Z[Etc/UTC].
    23:47:52.423 | 454 ool-1-worker-218 | DEBUG | .c.s.m.InstanceMessageReceiveService : Received schedule participant score for exercise 3553 and participant 703 (result to be deleted: null)
    23:47:52.423 | 454 ool-1-worker-218 | DEBUG | .a.s.ParticipantScoreScheduleService : Scheduled task for exercise 3553 and participant 703 at 2025-02-14T23:47:52.523677538Z[Etc/UTC].
    23:47:52.425 | 454 ool-1-worker-218 | DEBUG | d.t.c.a.a.c.s.f.ApiVersionFilter     : Adding Version to Request GET /api/programming-exercise-participations/3062/student-participation-with-all-results

  Starting logs for ProgrammingExerciseParticipationIntegrationTest > testGetParticipationWithAllResults(ZonedDateTime, ZonedDateTime, AssessmentType, ZonedDateTime, ZonedDateTime, boolean) [8] startDate=2025-02-11T23:47:51.661136939Z[Etc/UTC], releaseDate=2025-02-10T23:47:51.661139674Z[Etc/UTC], assessmentType=SEMI_AUTOMATIC, completionDate=null, assessmentDueDate=null, expectLastCreatedResult=false
    23:47:52.448 | 454 ool-1-worker-218 | DEBUG | d.t.c.a.a.c.u.util.UserUtilService   : Generate 4 students...
    23:47:52.455 | 454 ool-1-worker-218 | DEBUG | d.t.c.a.a.c.u.util.UserUtilService   : 4 students generated. Generate 2 tutors...
    23:47:52.459 | 454 ool-1-worker-218 | DEBUG | d.t.c.a.a.c.u.util.UserUtilService   : 2 tutors generated. Generate 0 editors...
    23:47:52.460 | 454 ool-1-worker-218 | DEBUG | d.t.c.a.a.c.u.util.UserUtilService   : 0 editors generated. Generate 2 instructors...
    23:47:52.464 | 454 ool-1-worker-218 | DEBUG | d.t.c.a.a.c.u.util.UserUtilService   : 2 instructors generated
    23:47:52.466 | 454 ool-1-worker-218 | DEBUG | d.t.c.a.a.c.u.util.UserUtilService   : Removing 8 users from all courses...
    23:47:52.468 | 454 ool-1-worker-218 | DEBUG | d.t.c.a.a.c.u.util.UserUtilService   : Removing 8 users from all courses. Done
    23:47:52.468 | 454 ool-1-worker-218 | DEBUG | d.t.c.a.a.c.u.util.UserUtilService   : Save 8 users to database...
    23:47:52.474 | 454 ool-1-worker-218 | DEBUG | d.t.c.a.a.c.u.util.UserUtilService   : Save 8 users to database. Done
    23:47:52.498 | 454 ool-1-worker-218 | INFO  | i.z.t.d.l.EmbeddedDatabaseReporter   : JDBC URL to connect to 'dataSource': url='jdbc:h2:tcp://localhost:41063/mem:df70fc46-7e57-4cb5-9cd0-c1d90c14afa7;USER=sa', scope='ProgrammingExerciseParticipationIntegrationTest#testGetParticipationWithAllResults'
    23:47:52.502 | 454 ool-1-worker-218 | DEBUG | PersonalAccessTokenManagementService : Generate secure vcs access token
    23:47:52.503 | 454 ool-1-worker-218 | DEBUG | .c.s.m.InstanceMessageReceiveService : Received schedule participant score for exercise 3554 and participant 703 (result to be deleted: null)
    23:47:52.504 | 454 ool-1-worker-218 | DEBUG | .a.s.ParticipantScoreScheduleService : Scheduled task for exercise 3554 and participant 703 at 2025-02-14T23:47:52.604045872Z[Etc/UTC].
    23:47:52.515 | 454 ool-1-worker-218 | DEBUG | .c.s.m.InstanceMessageReceiveService : Received schedule participant score for exercise 3554 and participant 703 (result to be deleted: null)
    23:47:52.515 | 454 ool-1-worker-218 | DEBUG | .a.s.ParticipantScoreScheduleService : Scheduled task for exercise 3554 and participant 703 at 2025-02-14T23:47:52.615195987Z[Etc/UTC].
    23:47:52.518 | 454 ool-1-worker-218 | DEBUG | .c.s.m.InstanceMessageReceiveService : Received schedule participant score for exercise 3554 and participant 703 (result to be deleted: null)
    23:47:52.518 | 454 ool-1-worker-218 | DEBUG | .a.s.ParticipantScoreScheduleService : Scheduled task for exercise 3554 and participant 703 at 2025-02-14T23:47:52.618940160Z[Etc/UTC].
    23:47:52.529 | 454 ool-1-worker-218 | DEBUG | .c.s.m.InstanceMessageReceiveService : Received schedule participant score for exercise 3554 and participant 703 (result to be deleted: null)
    23:47:52.529 | 454 ool-1-worker-218 | DEBUG | .a.s.ParticipantScoreScheduleService : Scheduled task for exercise 3554 and participant 703 at 2025-02-14T23:47:52.629965121Z[Etc/UTC].
    23:47:52.531 | 454 ool-1-worker-218 | DEBUG | .c.s.m.InstanceMessageReceiveService : Received schedule participant score for exercise 3554 and participant 703 (result to be deleted: null)
    23:47:52.531 | 454 ool-1-worker-218 | DEBUG | .a.s.ParticipantScoreScheduleService : Scheduled task for exercise 3554 and participant 703 at 2025-02-14T23:47:52.631856128Z[Etc/UTC].
    23:47:52.533 | 454 ool-1-worker-218 | DEBUG | d.t.c.a.a.c.s.f.ApiVersionFilter     : Adding Version to Request GET /api/programming-exercise-participations/3065/student-participation-with-all-results

  Starting logs for ProgrammingExerciseParticipationIntegrationTest > testGetParticipationWithAllResults(ZonedDateTime, ZonedDateTime, AssessmentType, ZonedDateTime, ZonedDateTime, boolean) [9] startDate=2025-02-11T23:47:51.661136939Z[Etc/UTC], releaseDate=2025-02-10T23:47:51.661139674Z[Etc/UTC], assessmentType=SEMI_AUTOMATIC, completionDate=null, assessmentDueDate=2025-02-17T23:47:51.661140345Z[Etc/UTC], expectLastCreatedResult=false
    23:47:52.557 | 454 ool-1-worker-218 | DEBUG | d.t.c.a.a.c.u.util.UserUtilService   : Generate 4 students...
    23:47:52.564 | 454 ool-1-worker-218 | DEBUG | d.t.c.a.a.c.u.util.UserUtilService   : 4 students generated. Generate 2 tutors...
    23:47:52.568 | 454 ool-1-worker-218 | DEBUG | d.t.c.a.a.c.u.util.UserUtilService   : 2 tutors generated. Generate 0 editors...
    23:47:52.569 | 454 ool-1-worker-218 | DEBUG | d.t.c.a.a.c.u.util.UserUtilService   : 0 editors generated. Generate 2 instructors...
    23:47:52.574 | 454 ool-1-worker-218 | DEBUG | d.t.c.a.a.c.u.util.UserUtilService   : 2 instructors generated
    23:47:52.576 | 454 ool-1-worker-218 | DEBUG | d.t.c.a.a.c.u.util.UserUtilService   : Removing 8 users from all courses...
    23:47:52.578 | 454 ool-1-worker-218 | DEBUG | d.t.c.a.a.c.u.util.UserUtilService   : Removing 8 users from all courses. Done
    23:47:52.578 | 454 ool-1-worker-218 | DEBUG | d.t.c.a.a.c.u.util.UserUtilService   : Save 8 users to database...
    23:47:52.584 | 454 ool-1-worker-218 | DEBUG | d.t.c.a.a.c.u.util.UserUtilService   : Save 8 users to database. Done
    23:47:52.610 | 454 ool-1-worker-218 | INFO  | i.z.t.d.l.EmbeddedDatabaseReporter   : JDBC URL to connect to 'dataSource': url='jdbc:h2:tcp://localhost:41063/mem:df70fc46-7e57-4cb5-9cd0-c1d90c14afa7;USER=sa', scope='ProgrammingExerciseParticipationIntegrationTest#testGetParticipationWithAllResults'
    23:47:52.613 | 454 ool-1-worker-218 | DEBUG | PersonalAccessTokenManagementService : Generate secure vcs access token
    23:47:52.615 | 454 ool-1-worker-218 | DEBUG | .c.s.m.InstanceMessageReceiveService : Received schedule participant score for exercise 3555 and participant 703 (result to be deleted: null)
    23:47:52.615 | 454 ool-1-worker-218 | DEBUG | .a.s.ParticipantScoreScheduleService : Scheduled task for exercise 3555 and participant 703 at 2025-02-14T23:47:52.715877815Z[Etc/UTC].
    23:47:52.626 | 454 ool-1-worker-218 | DEBUG | .c.s.m.InstanceMessageReceiveService : Received schedule participant score for exercise 3555 and participant 703 (result to be deleted: null)
    23:47:52.626 | 454 ool-1-worker-218 | DEBUG | .a.s.ParticipantScoreScheduleService : Scheduled task for exercise 3555 and participant 703 at 2025-02-14T23:47:52.726631701Z[Etc/UTC].
    23:47:52.629 | 454 ool-1-worker-218 | DEBUG | .c.s.m.InstanceMessageReceiveService : Received schedule participant score for exercise 3555 and participant 703 (result to be deleted: null)
    23:47:52.630 | 454 ool-1-worker-218 | DEBUG | .a.s.ParticipantScoreScheduleService : Scheduled task for exercise 3555 and participant 703 at 2025-02-14T23:47:52.730026802Z[Etc/UTC].
    23:47:52.640 | 454 ool-1-worker-218 | DEBUG | .c.s.m.InstanceMessageReceiveService : Received schedule participant score for exercise 3555 and participant 703 (result to be deleted: null)
    23:47:52.640 | 454 ool-1-worker-218 | DEBUG | .a.s.ParticipantScoreScheduleService : Scheduled task for exercise 3555 and participant 703 at 2025-02-14T23:47:52.740376204Z[Etc/UTC].
    23:47:52.642 | 454 ool-1-worker-218 | DEBUG | .c.s.m.InstanceMessageReceiveService : Received schedule participant score for exercise 3555 and participant 703 (result to be deleted: null)
    23:47:52.642 | 454 ool-1-worker-218 | DEBUG | .a.s.ParticipantScoreScheduleService : Scheduled task for exercise 3555 and participant 703 at 2025-02-14T23:47:52.742184737Z[Etc/UTC].
    23:47:52.643 | 454 ool-1-worker-218 | DEBUG | d.t.c.a.a.c.s.f.ApiVersionFilter     : Adding Version to Request GET /api/programming-exercise-participations/3068/student-participation-with-all-results

  Starting logs for ProgrammingExerciseParticipationIntegrationTest > testGetParticipationWithAllResults(ZonedDateTime, ZonedDateTime, AssessmentType, ZonedDateTime, ZonedDateTime, boolean) [10] startDate=2025-02-11T23:47:51.661136939Z[Etc/UTC], releaseDate=2025-02-10T23:47:51.661139674Z[Etc/UTC], assessmentType=SEMI_AUTOMATIC, completionDate=null, assessmentDueDate=2025-02-13T23:47:51.661141367Z[Etc/UTC], expectLastCreatedResult=false
    23:47:52.666 | 454 ool-1-worker-218 | DEBUG | d.t.c.a.a.c.u.util.UserUtilService   : Generate 4 students...
    23:47:52.673 | 454 ool-1-worker-218 | DEBUG | d.t.c.a.a.c.u.util.UserUtilService   : 4 students generated. Generate 2 tutors...
    23:47:52.677 | 454 ool-1-worker-218 | DEBUG | d.t.c.a.a.c.u.util.UserUtilService   : 2 tutors generated. Generate 0 editors...
    23:47:52.678 | 454 ool-1-worker-218 | DEBUG | d.t.c.a.a.c.u.util.UserUtilService   : 0 editors generated. Generate 2 instructors...
    23:47:52.682 | 454 ool-1-worker-218 | DEBUG | d.t.c.a.a.c.u.util.UserUtilService   : 2 instructors generated
    23:47:52.684 | 454 ool-1-worker-218 | DEBUG | d.t.c.a.a.c.u.util.UserUtilService   : Removing 8 users from all courses...
    23:47:52.686 | 454 ool-1-worker-218 | DEBUG | d.t.c.a.a.c.u.util.UserUtilService   : Removing 8 users from all courses. Done
    23:47:52.686 | 454 ool-1-worker-218 | DEBUG | d.t.c.a.a.c.u.util.UserUtilService   : Save 8 users to database...
    23:47:52.691 | 454 ool-1-worker-218 | DEBUG | d.t.c.a.a.c.u.util.UserUtilService   : Save 8 users to database. Done
    23:47:52.715 | 454 ool-1-worker-218 | INFO  | i.z.t.d.l.EmbeddedDatabaseReporter   : JDBC URL to connect to 'dataSource': url='jdbc:h2:tcp://localhost:41063/mem:df70fc46-7e57-4cb5-9cd0-c1d90c14afa7;USER=sa', scope='ProgrammingExerciseParticipationIntegrationTest#testGetParticipationWithAllResults'
    23:47:52.718 | 454 ool-1-worker-218 | DEBUG | PersonalAccessTokenManagementService : Generate secure vcs access token
    23:47:52.720 | 454 ool-1-worker-218 | DEBUG | .c.s.m.InstanceMessageReceiveService : Received schedule participant score for exercise 3556 and participant 703 (result to be deleted: null)
    23:47:52.720 | 454 ool-1-worker-218 | DEBUG | .a.s.ParticipantScoreScheduleService : Scheduled task for exercise 3556 and participant 703 at 2025-02-14T23:47:52.820370470Z[Etc/UTC].
    23:47:52.728 | 454 ool-1-worker-218 | DEBUG | .c.s.m.InstanceMessageReceiveService : Received schedule participant score for exercise 3556 and participant 703 (result to be deleted: null)
    23:47:52.728 | 454 ool-1-worker-218 | DEBUG | .a.s.ParticipantScoreScheduleService : Scheduled task for exercise 3556 and participant 703 at 2025-02-14T23:47:52.828848612Z[Etc/UTC].
    23:47:52.732 | 454 ool-1-worker-218 | DEBUG | .c.s.m.InstanceMessageReceiveService : Received schedule participant score for exercise 3556 and participant 703 (result to be deleted: null)
    23:47:52.732 | 454 ool-1-worker-218 | DEBUG | .a.s.ParticipantScoreScheduleService : Scheduled task for exercise 3556 and participant 703 at 2025-02-14T23:47:52.832456410Z[Etc/UTC].
    23:47:52.740 | 454 ool-1-worker-218 | DEBUG | .c.s.m.InstanceMessageReceiveService : Received schedule participant score for exercise 3556 and participant 703 (result to be deleted: null)
    23:47:52.740 | 454 ool-1-worker-218 | DEBUG | .a.s.ParticipantScoreScheduleService : Scheduled task for exercise 3556 and participant 703 at 2025-02-14T23:47:52.840938943Z[Etc/UTC].
    23:47:52.742 | 454 ool-1-worker-218 | DEBUG | .c.s.m.InstanceMessageReceiveService : Received schedule participant score for exercise 3556 and participant 703 (result to be deleted: null)
    23:47:52.742 | 454 ool-1-worker-218 | DEBUG | .a.s.ParticipantScoreScheduleService : Scheduled task for exercise 3556 and participant 703 at 2025-02-14T23:47:52.842665881Z[Etc/UTC].
    23:47:52.744 | 454 ool-1-worker-218 | DEBUG | d.t.c.a.a.c.s.f.ApiVersionFilter     : Adding Version to Request GET /api/programming-exercise-participations/3071/student-participation-with-all-results

  Starting logs for ProgrammingExerciseParticipationIntegrationTest > testGetParticipationWithAllResults(ZonedDateTime, ZonedDateTime, AssessmentType, ZonedDateTime, ZonedDateTime, boolean) [11] startDate=2025-02-11T23:47:51.661136939Z[Etc/UTC], releaseDate=2025-02-10T23:47:51.661139674Z[Etc/UTC], assessmentType=SEMI_AUTOMATIC, completionDate=2025-02-14T23:47:51.661140105Z[Etc/UTC], assessmentDueDate=2025-02-17T23:47:51.661140345Z[Etc/UTC], expectLastCreatedResult=false
    23:47:52.767 | 454 ool-1-worker-218 | DEBUG | d.t.c.a.a.c.u.util.UserUtilService   : Generate 4 students...
    23:47:52.777 | 454 ool-1-worker-218 | DEBUG | d.t.c.a.a.c.u.util.UserUtilService   : 4 students generated. Generate 2 tutors...
    23:47:52.791 | 454 ool-1-worker-218 | DEBUG | d.t.c.a.a.c.u.util.UserUtilService   : 2 tutors generated. Generate 0 editors...
    23:47:52.792 | 454 ool-1-worker-218 | DEBUG | d.t.c.a.a.c.u.util.UserUtilService   : 0 editors generated. Generate 2 instructors...
    23:47:52.797 | 454 ool-1-worker-218 | DEBUG | d.t.c.a.a.c.u.util.UserUtilService   : 2 instructors generated
    23:47:52.802 | 454 ool-1-worker-218 | DEBUG | d.t.c.a.a.c.u.util.UserUtilService   : Removing 8 users from all courses...
    23:47:52.803 | 454 ool-1-worker-218 | DEBUG | d.t.c.a.a.c.u.util.UserUtilService   : Removing 8 users from all courses. Done
    23:47:52.803 | 454 ool-1-worker-218 | DEBUG | d.t.c.a.a.c.u.util.UserUtilService   : Save 8 users to database...
    23:47:52.808 | 454 ool-1-worker-218 | DEBUG | d.t.c.a.a.c.u.util.UserUtilService   : Save 8 users to database. Done
    23:47:52.832 | 454 ool-1-worker-218 | INFO  | i.z.t.d.l.EmbeddedDatabaseReporter   : JDBC URL to connect to 'dataSource': url='jdbc:h2:tcp://localhost:41063/mem:df70fc46-7e57-4cb5-9cd0-c1d90c14afa7;USER=sa', scope='ProgrammingExerciseParticipationIntegrationTest#testGetParticipationWithAllResults'
    23:47:52.839 | 454 ool-1-worker-218 | DEBUG | PersonalAccessTokenManagementService : Generate secure vcs access token
    23:47:52.841 | 454 ool-1-worker-218 | DEBUG | .c.s.m.InstanceMessageReceiveService : Received schedule participant score for exercise 3557 and participant 703 (result to be deleted: null)
    23:47:52.841 | 454 ool-1-worker-218 | DEBUG | .a.s.ParticipantScoreScheduleService : Scheduled task for exercise 3557 and participant 703 at 2025-02-14T23:47:52.941380630Z[Etc/UTC].
    23:47:52.851 | 454 ool-1-worker-218 | DEBUG | .c.s.m.InstanceMessageReceiveService : Received schedule participant score for exercise 3557 and participant 703 (result to be deleted: null)
    23:47:52.851 | 454 ool-1-worker-218 | DEBUG | .a.s.ParticipantScoreScheduleService : Scheduled task for exercise 3557 and participant 703 at 2025-02-14T23:47:52.951733919Z[Etc/UTC].
    23:47:52.855 | 454 ool-1-worker-218 | DEBUG | .c.s.m.InstanceMessageReceiveService : Received schedule participant score for exercise 3557 and participant 703 (result to be deleted: null)
    23:47:52.855 | 454 ool-1-worker-218 | DEBUG | .a.s.ParticipantScoreScheduleService : Scheduled task for exercise 3557 and participant 703 at 2025-02-14T23:47:52.955129301Z[Etc/UTC].
    23:47:52.864 | 454 ool-1-worker-218 | DEBUG | .c.s.m.InstanceMessageReceiveService : Received schedule participant score for exercise 3557 and participant 703 (result to be deleted: null)
    23:47:52.864 | 454 ool-1-worker-218 | DEBUG | .a.s.ParticipantScoreScheduleService : Scheduled task for exercise 3557 and participant 703 at 2025-02-14T23:47:52.964950748Z[Etc/UTC].
    23:47:52.866 | 454 ool-1-worker-218 | DEBUG | .c.s.m.InstanceMessageReceiveService : Received schedule participant score for exercise 3557 and participant 703 (result to be deleted: null)
    23:47:52.866 | 454 ool-1-worker-218 | DEBUG | .a.s.ParticipantScoreScheduleService : Scheduled task for exercise 3557 and participant 703 at 2025-02-14T23:47:52.966295856Z[Etc/UTC].
    23:47:52.867 | 454 ool-1-worker-218 | DEBUG | d.t.c.a.a.c.s.f.ApiVersionFilter     : Adding Version to Request GET /api/programming-exercise-participations/3074/student-participation-with-all-results

  Starting logs for ProgrammingExerciseParticipationIntegrationTest > testGetParticipationWithAllResults(ZonedDateTime, ZonedDateTime, AssessmentType, ZonedDateTime, ZonedDateTime, boolean) [12] startDate=2025-02-11T23:47:51.661136939Z[Etc/UTC], releaseDate=2025-02-10T23:47:51.661139674Z[Etc/UTC], assessmentType=SEMI_AUTOMATIC, completionDate=2025-02-14T23:47:51.661140105Z[Etc/UTC], assessmentDueDate=2025-02-13T23:47:51.661141367Z[Etc/UTC], expectLastCreatedResult=true
    23:47:52.887 | 454 ool-1-worker-218 | DEBUG | d.t.c.a.a.c.u.util.UserUtilService   : Generate 4 students...
    23:47:52.894 | 454 ool-1-worker-218 | DEBUG | d.t.c.a.a.c.u.util.UserUtilService   : 4 students generated. Generate 2 tutors...
    23:47:52.898 | 454 ool-1-worker-218 | DEBUG | d.t.c.a.a.c.u.util.UserUtilService   : 2 tutors generated. Generate 0 editors...
    23:47:52.900 | 454 ool-1-worker-218 | DEBUG | d.t.c.a.a.c.u.util.UserUtilService   : 0 editors generated. Generate 2 instructors...
    23:47:52.904 | 454 ool-1-worker-218 | DEBUG | d.t.c.a.a.c.u.util.UserUtilService   : 2 instructors generated
    23:47:52.906 | 454 ool-1-worker-218 | DEBUG | d.t.c.a.a.c.u.util.UserUtilService   : Removing 8 users from all courses...
    23:47:52.908 | 454 ool-1-worker-218 | DEBUG | d.t.c.a.a.c.u.util.UserUtilService   : Removing 8 users from all courses. Done
    23:47:52.908 | 454 ool-1-worker-218 | DEBUG | d.t.c.a.a.c.u.util.UserUtilService   : Save 8 users to database...
    23:47:52.913 | 454 ool-1-worker-218 | DEBUG | d.t.c.a.a.c.u.util.UserUtilService   : Save 8 users to database. Done
    23:47:52.936 | 454 ool-1-worker-218 | INFO  | i.z.t.d.l.EmbeddedDatabaseReporter   : JDBC URL to connect to 'dataSource': url='jdbc:h2:tcp://localhost:41063/mem:df70fc46-7e57-4cb5-9cd0-c1d90c14afa7;USER=sa', scope='ProgrammingExerciseParticipationIntegrationTest#testGetParticipationWithAllResults'
    23:47:52.940 | 454 ool-1-worker-218 | DEBUG | PersonalAccessTokenManagementService : Generate secure vcs access token
    23:47:52.942 | 454 ool-1-worker-218 | DEBUG | .c.s.m.InstanceMessageReceiveService : Received schedule participant score for exercise 3558 and participant 703 (result to be deleted: null)
    23:47:52.942 | 454 ool-1-worker-218 | DEBUG | .a.s.ParticipantScoreScheduleService : Scheduled task for exercise 3558 and participant 703 at 2025-02-14T23:47:53.042279403Z[Etc/UTC].
    23:47:52.953 | 454 ool-1-worker-218 | DEBUG | .c.s.m.InstanceMessageReceiveService : Received schedule participant score for exercise 3558 and participant 703 (result to be deleted: null)
    23:47:52.953 | 454 ool-1-worker-218 | DEBUG | .a.s.ParticipantScoreScheduleService : Scheduled task for exercise 3558 and participant 703 at 2025-02-14T23:47:53.053582613Z[Etc/UTC].
    23:47:52.956 | 454 ool-1-worker-218 | DEBUG | .c.s.m.InstanceMessageReceiveService : Received schedule participant score for exercise 3558 and participant 703 (result to be deleted: null)
    23:47:52.956 | 454 ool-1-worker-218 | DEBUG | .a.s.ParticipantScoreScheduleService : Scheduled task for exercise 3558 and participant 703 at 2025-02-14T23:47:53.056307585Z[Etc/UTC].
    23:47:52.965 | 454 ool-1-worker-218 | DEBUG | .c.s.m.InstanceMessageReceiveService : Received schedule participant score for exercise 3558 and participant 703 (result to be deleted: null)
    23:47:52.965 | 454 ool-1-worker-218 | DEBUG | .a.s.ParticipantScoreScheduleService : Scheduled task for exercise 3558 and participant 703 at 2025-02-14T23:47:53.065135940Z[Etc/UTC].
    23:47:52.966 | 454 ool-1-worker-218 | DEBUG | .c.s.m.InstanceMessageReceiveService : Received schedule participant score for exercise 3558 and participant 703 (result to be deleted: null)
    23:47:52.966 | 454 ool-1-worker-218 | DEBUG | .a.s.ParticipantScoreScheduleService : Scheduled task for exercise 3558 and participant 703 at 2025-02-14T23:47:53.066549817Z[Etc/UTC].
    23:47:52.967 | 454 ool-1-worker-218 | DEBUG | d.t.c.a.a.c.s.f.ApiVersionFilter     : Adding Version to Request GET /api/programming-exercise-participations/3077/student-participation-with-all-results

  Starting logs for ProgrammingExerciseParticipationIntegrationTest > testGetLatestPendingSubmission_cannotAccessParticipation()
    23:47:52.989 | 454 ool-1-worker-218 | DEBUG | d.t.c.a.a.c.u.util.UserUtilService   : Generate 4 students...
    23:47:53.002 | 454 ool-1-worker-218 | DEBUG | d.t.c.a.a.c.u.util.UserUtilService   : 4 students generated. Generate 2 tutors...
    23:47:53.013 | 454 ool-1-worker-218 | DEBUG | d.t.c.a.a.c.u.util.UserUtilService   : 2 tutors generated. Generate 0 editors...
    23:47:53.014 | 454 ool-1-worker-218 | DEBUG | d.t.c.a.a.c.u.util.UserUtilService   : 0 editors generated. Generate 2 instructors...
    23:47:53.024 | 454 ool-1-worker-218 | DEBUG | d.t.c.a.a.c.u.util.UserUtilService   : 2 instructors generated
    23:47:53.030 | 454 ool-1-worker-218 | DEBUG | d.t.c.a.a.c.u.util.UserUtilService   : Removing 8 users from all courses...
    23:47:53.032 | 454 ool-1-worker-218 | DEBUG | d.t.c.a.a.c.u.util.UserUtilService   : Removing 8 users from all courses. Done
    23:47:53.032 | 454 ool-1-worker-218 | DEBUG | d.t.c.a.a.c.u.util.UserUtilService   : Save 8 users to database...
    23:47:53.043 | 454 ool-1-worker-218 | DEBUG | d.t.c.a.a.c.u.util.UserUtilService   : Save 8 users to database. Done
    23:47:53.068 | 454 ool-1-worker-218 | INFO  | i.z.t.d.l.EmbeddedDatabaseReporter   : JDBC URL to connect to 'dataSource': url='jdbc:h2:tcp://localhost:41063/mem:df70fc46-7e57-4cb5-9cd0-c1d90c14afa7;USER=sa', scope='ProgrammingExerciseParticipationIntegrationTest#testGetLatestPendingSubmission_cannotAccessParticipation'
    23:47:53.072 | 454 ool-1-worker-218 | DEBUG | PersonalAccessTokenManagementService : Generate secure vcs access token
    23:47:53.081 | 454 ool-1-worker-218 | DEBUG | d.t.c.a.a.c.s.f.ApiVersionFilter     : Adding Version to Request GET /api/programming-exercise-participations/3080/latest-pending-submission
    23:47:53.084 | 454 ool-1-worker-218 | WARN  | o.z.p.spring.common.AdviceTraits     : Forbidden: You are not allowed to access the participation with id 3080

  Starting logs for ProgrammingExerciseParticipationIntegrationTest > checkResetRepository_exam_badRequest()
    23:47:53.098 | 454 ool-1-worker-218 | DEBUG | d.t.c.a.a.c.u.util.UserUtilService   : Generate 4 students...
    23:47:53.105 | 454 ool-1-worker-218 | DEBUG | d.t.c.a.a.c.u.util.UserUtilService   : 4 students generated. Generate 2 tutors...
    23:47:53.109 | 454 ool-1-worker-218 | DEBUG | d.t.c.a.a.c.u.util.UserUtilService   : 2 tutors generated. Generate 0 editors...
    23:47:53.110 | 454 ool-1-worker-218 | DEBUG | d.t.c.a.a.c.u.util.UserUtilService   : 0 editors generated. Generate 2 instructors...
    23:47:53.114 | 454 ool-1-worker-218 | DEBUG | d.t.c.a.a.c.u.util.UserUtilService   : 2 instructors generated
    23:47:53.117 | 454 ool-1-worker-218 | DEBUG | d.t.c.a.a.c.u.util.UserUtilService   : Removing 8 users from all courses...
    23:47:53.118 | 454 ool-1-worker-218 | DEBUG | d.t.c.a.a.c.u.util.UserUtilService   : Removing 8 users from all courses. Done
    23:47:53.118 | 454 ool-1-worker-218 | DEBUG | d.t.c.a.a.c.u.util.UserUtilService   : Save 8 users to database...
    23:47:53.124 | 454 ool-1-worker-218 | DEBUG | d.t.c.a.a.c.u.util.UserUtilService   : Save 8 users to database. Done
    23:47:53.147 | 454 ool-1-worker-218 | INFO  | i.z.t.d.l.EmbeddedDatabaseReporter   : JDBC URL to connect to 'dataSource': url='jdbc:h2:tcp://localhost:41063/mem:df70fc46-7e57-4cb5-9cd0-c1d90c14afa7;USER=sa', scope='ProgrammingExerciseParticipationIntegrationTest#checkResetRepository_exam_badRequest'
    23:47:53.162 | 454 ool-1-worker-218 | DEBUG | PersonalAccessTokenManagementService : Generate secure vcs access token
    23:47:53.164 | 454 ool-1-worker-218 | DEBUG | d.t.c.a.a.c.s.f.ApiVersionFilter     : Adding Version to Request PUT /api/programming-exercise-participations/3085/reset-repository
    23:47:53.174 | 454 ool-1-worker-218 | ERROR | tech.jhipster.web.util.HeaderUtil    : Entity processing failed, Cannot reset repository in an exam
    23:47:53.174 | 454 ool-1-worker-218 | WARN  | o.z.p.spring.common.AdviceTraits     : Bad Request: Cannot reset repository in an exam

  Starting logs for ProgrammingExerciseParticipationIntegrationTest > testGetLatestPendingSubmissionIfExists_instructor()
    23:47:53.184 | 454 ool-1-worker-218 | DEBUG | d.t.c.a.a.c.u.util.UserUtilService   : Generate 4 students...
    23:47:53.189 | 454 ool-1-worker-218 | DEBUG | d.t.c.a.a.c.u.util.UserUtilService   : 4 students generated. Generate 2 tutors...
    23:47:53.192 | 454 ool-1-worker-218 | DEBUG | d.t.c.a.a.c.u.util.UserUtilService   : 2 tutors generated. Generate 0 editors...
    23:47:53.193 | 454 ool-1-worker-218 | DEBUG | d.t.c.a.a.c.u.util.UserUtilService   : 0 editors generated. Generate 2 instructors...
    23:47:53.196 | 454 ool-1-worker-218 | DEBUG | d.t.c.a.a.c.u.util.UserUtilService   : 2 instructors generated
    23:47:53.198 | 454 ool-1-worker-218 | DEBUG | d.t.c.a.a.c.u.util.UserUtilService   : Removing 8 users from all courses...
    23:47:53.199 | 454 ool-1-worker-218 | DEBUG | d.t.c.a.a.c.u.util.UserUtilService   : Removing 8 users from all courses. Done
    23:47:53.199 | 454 ool-1-worker-218 | DEBUG | d.t.c.a.a.c.u.util.UserUtilService   : Save 8 users to database...
    23:47:53.202 | 454 ool-1-worker-218 | DEBUG | d.t.c.a.a.c.u.util.UserUtilService   : Save 8 users to database. Done
    23:47:53.224 | 454 ool-1-worker-218 | INFO  | i.z.t.d.l.EmbeddedDatabaseReporter   : JDBC URL to connect to 'dataSource': url='jdbc:h2:tcp://localhost:41063/mem:df70fc46-7e57-4cb5-9cd0-c1d90c14afa7;USER=sa', scope='ProgrammingExerciseParticipationIntegrationTest#testGetLatestPendingSubmissionIfExists_instructor'
    23:47:53.227 | 454 ool-1-worker-218 | DEBUG | PersonalAccessTokenManagementService : Generate secure vcs access token
    23:47:53.229 | 454 ool-1-worker-218 | DEBUG | d.t.c.a.a.c.s.f.ApiVersionFilter     : Adding Version to Request GET /api/programming-exercise-participations/3088/latest-pending-submission

  Starting logs for ProgrammingExerciseParticipationIntegrationTest > testGetLatestResultWithFeedbacksForTemplateParticipationAsTutorShouldReturnForbidden()
    23:47:53.242 | 454 ool-1-worker-218 | DEBUG | d.t.c.a.a.c.u.util.UserUtilService   : Generate 4 students...
    23:47:53.247 | 454 ool-1-worker-218 | DEBUG | d.t.c.a.a.c.u.util.UserUtilService   : 4 students generated. Generate 2 tutors...
    23:47:53.250 | 454 ool-1-worker-218 | DEBUG | d.t.c.a.a.c.u.util.UserUtilService   : 2 tutors generated. Generate 0 editors...
    23:47:53.251 | 454 ool-1-worker-218 | DEBUG | d.t.c.a.a.c.u.util.UserUtilService   : 0 editors generated. Generate 2 instructors...
    23:47:53.254 | 454 ool-1-worker-218 | DEBUG | d.t.c.a.a.c.u.util.UserUtilService   : 2 instructors generated
    23:47:53.256 | 454 ool-1-worker-218 | DEBUG | d.t.c.a.a.c.u.util.UserUtilService   : Removing 8 users from all courses...
    23:47:53.257 | 454 ool-1-worker-218 | DEBUG | d.t.c.a.a.c.u.util.UserUtilService   : Removing 8 users from all courses. Done
    23:47:53.257 | 454 ool-1-worker-218 | DEBUG | d.t.c.a.a.c.u.util.UserUtilService   : Save 8 users to database...
    23:47:53.260 | 454 ool-1-worker-218 | DEBUG | d.t.c.a.a.c.u.util.UserUtilService   : Save 8 users to database. Done
    23:47:53.283 | 454 ool-1-worker-218 | INFO  | i.z.t.d.l.EmbeddedDatabaseReporter   : JDBC URL to connect to 'dataSource': url='jdbc:h2:tcp://localhost:41063/mem:df70fc46-7e57-4cb5-9cd0-c1d90c14afa7;USER=sa', scope='ProgrammingExerciseParticipationIntegrationTest#testGetLatestResultWithFeedbacksForTemplateParticipationAsTutorShouldReturnForbidden'
    23:47:53.305 | 454 ool-1-worker-218 | DEBUG | d.t.c.a.a.c.s.f.ApiVersionFilter     : Adding Version to Request GET /api/programming-exercise-participations/3091/latest-result-with-feedbacks
    23:47:53.309 | 454 ool-1-worker-218 | WARN  | o.z.p.spring.common.AdviceTraits     : Forbidden: You are not allowed to access the participation with id 3091

  Starting logs for ProgrammingExerciseParticipationIntegrationTest > checkResetRepository_noAccess_forbidden()
    23:47:53.322 | 454 ool-1-worker-218 | DEBUG | d.t.c.a.a.c.u.util.UserUtilService   : Generate 4 students...
    23:47:53.329 | 454 ool-1-worker-218 | DEBUG | d.t.c.a.a.c.u.util.UserUtilService   : 4 students generated. Generate 2 tutors...
    23:47:53.333 | 454 ool-1-worker-218 | DEBUG | d.t.c.a.a.c.u.util.UserUtilService   : 2 tutors generated. Generate 0 editors...
    23:47:53.334 | 454 ool-1-worker-218 | DEBUG | d.t.c.a.a.c.u.util.UserUtilService   : 0 editors generated. Generate 2 instructors...
    23:47:53.338 | 454 ool-1-worker-218 | DEBUG | d.t.c.a.a.c.u.util.UserUtilService   : 2 instructors generated
    23:47:53.341 | 454 ool-1-worker-218 | DEBUG | d.t.c.a.a.c.u.util.UserUtilService   : Removing 8 users from all courses...
    23:47:53.342 | 454 ool-1-worker-218 | DEBUG | d.t.c.a.a.c.u.util.UserUtilService   : Removing 8 users from all courses. Done
    23:47:53.342 | 454 ool-1-worker-218 | DEBUG | d.t.c.a.a.c.u.util.UserUtilService   : Save 8 users to database...
    23:47:53.348 | 454 ool-1-worker-218 | DEBUG | d.t.c.a.a.c.u.util.UserUtilService   : Save 8 users to database. Done
    23:47:53.371 | 454 ool-1-worker-218 | INFO  | i.z.t.d.l.EmbeddedDatabaseReporter   : JDBC URL to connect to 'dataSource': url='jdbc:h2:tcp://localhost:41063/mem:df70fc46-7e57-4cb5-9cd0-c1d90c14afa7;USER=sa', scope='ProgrammingExerciseParticipationIntegrationTest#checkResetRepository_noAccess_forbidden'
    23:47:53.374 | 454 ool-1-worker-218 | DEBUG | PersonalAccessTokenManagementService : Generate secure vcs access token
    23:47:53.376 | 454 ool-1-worker-218 | DEBUG | d.t.c.a.a.c.s.f.ApiVersionFilter     : Adding Version to Request PUT /api/programming-exercise-participations/3094/reset-repository
    23:47:53.389 | 454 ool-1-worker-218 | WARN  | o.z.p.spring.common.AdviceTraits     : Forbidden: You are not allowed to access the participation with id 3094

  Starting logs for ProgrammingExerciseParticipationIntegrationTest > testGetParticipationAllResults_showsResultsAfterExamResultsPublished()
    23:47:53.405 | 454 ool-1-worker-218 | DEBUG | d.t.c.a.a.c.u.util.UserUtilService   : Generate 4 students...
    23:47:53.413 | 454 ool-1-worker-218 | DEBUG | d.t.c.a.a.c.u.util.UserUtilService   : 4 students generated. Generate 2 tutors...
    23:47:53.417 | 454 ool-1-worker-218 | DEBUG | d.t.c.a.a.c.u.util.UserUtilService   : 2 tutors generated. Generate 0 editors...
    23:47:53.418 | 454 ool-1-worker-218 | DEBUG | d.t.c.a.a.c.u.util.UserUtilService   : 0 editors generated. Generate 2 instructors...
    23:47:53.422 | 454 ool-1-worker-218 | DEBUG | d.t.c.a.a.c.u.util.UserUtilService   : 2 instructors generated
    23:47:53.425 | 454 ool-1-worker-218 | DEBUG | d.t.c.a.a.c.u.util.UserUtilService   : Removing 8 users from all courses...
    23:47:53.426 | 454 ool-1-worker-218 | DEBUG | d.t.c.a.a.c.u.util.UserUtilService   : Removing 8 users from all courses. Done
    23:47:53.426 | 454 ool-1-worker-218 | DEBUG | d.t.c.a.a.c.u.util.UserUtilService   : Save 8 users to database...
    23:47:53.432 | 454 ool-1-worker-218 | DEBUG | d.t.c.a.a.c.u.util.UserUtilService   : Save 8 users to database. Done
    23:47:53.457 | 454 ool-1-worker-218 | INFO  | i.z.t.d.l.EmbeddedDatabaseReporter   : JDBC URL to connect to 'dataSource': url='jdbc:h2:tcp://localhost:41063/mem:df70fc46-7e57-4cb5-9cd0-c1d90c14afa7;USER=sa', scope='ProgrammingExerciseParticipationIntegrationTest#testGetParticipationAllResults_showsResultsAfterExamResultsPublished'
    23:47:53.480 | 454 ool-1-worker-218 | DEBUG | PersonalAccessTokenManagementService : Generate secure vcs access token
    23:47:53.482 | 454 ool-1-worker-218 | DEBUG | .c.s.m.InstanceMessageReceiveService : Received schedule participant score for exercise 3566 and participant 703 (result to be deleted: null)
    23:47:53.483 | 454 ool-1-worker-218 | DEBUG | .a.s.ParticipantScoreScheduleService : Scheduled task for exercise 3566 and participant 703 at 2025-02-14T23:47:53.582980967Z[Etc/UTC].
    23:47:53.494 | 454 ool-1-worker-218 | DEBUG | .c.s.m.InstanceMessageReceiveService : Received schedule participant score for exercise 3566 and participant 703 (result to be deleted: null)
    23:47:53.494 | 454 ool-1-worker-218 | DEBUG | .a.s.ParticipantScoreScheduleService : Scheduled task for exercise 3566 and participant 703 at 2025-02-14T23:47:53.594127291Z[Etc/UTC].
    23:47:53.495 | 454 ool-1-worker-218 | DEBUG | .c.s.m.InstanceMessageReceiveService : Received schedule participant score for exercise 3566 and participant 703 (result to be deleted: null)
    23:47:53.495 | 454 ool-1-worker-218 | DEBUG | .a.s.ParticipantScoreScheduleService : Scheduled task for exercise 3566 and participant 703 at 2025-02-14T23:47:53.595297714Z[Etc/UTC].
    23:47:53.496 | 454 ool-1-worker-218 | DEBUG | d.t.c.a.a.c.s.f.ApiVersionFilter     : Adding Version to Request GET /api/programming-exercise-participations/3099/student-participation-with-all-results

  Starting logs for ProgrammingExerciseParticipationIntegrationTest > testGetParticipationWithLatestResult_multipleResultsAvailable(ZonedDateTime, ZonedDateTime, AssessmentType, ZonedDateTime, ZonedDateTime, boolean) [1] startDate=null, releaseDate=null, assessmentType=null, completionDate=null, assessmentDueDate=null, expectLastCreatedResult=false
    23:47:53.523 | 454 ool-1-worker-218 | DEBUG | d.t.c.a.a.c.u.util.UserUtilService   : Generate 4 students...
    23:47:53.531 | 454 ool-1-worker-218 | DEBUG | d.t.c.a.a.c.u.util.UserUtilService   : 4 students generated. Generate 2 tutors...
    23:47:53.535 | 454 ool-1-worker-218 | DEBUG | d.t.c.a.a.c.u.util.UserUtilService   : 2 tutors generated. Generate 0 editors...
    23:47:53.536 | 454 ool-1-worker-218 | DEBUG | d.t.c.a.a.c.u.util.UserUtilService   : 0 editors generated. Generate 2 instructors...
    23:47:53.541 | 454 ool-1-worker-218 | DEBUG | d.t.c.a.a.c.u.util.UserUtilService   : 2 instructors generated
    23:47:53.544 | 454 ool-1-worker-218 | DEBUG | d.t.c.a.a.c.u.util.UserUtilService   : Removing 8 users from all courses...
    23:47:53.545 | 454 ool-1-worker-218 | DEBUG | d.t.c.a.a.c.u.util.UserUtilService   : Removing 8 users from all courses. Done
    23:47:53.545 | 454 ool-1-worker-218 | DEBUG | d.t.c.a.a.c.u.util.UserUtilService   : Save 8 users to database...
    23:47:53.551 | 454 ool-1-worker-218 | DEBUG | d.t.c.a.a.c.u.util.UserUtilService   : Save 8 users to database. Done
    23:47:53.577 | 454 ool-1-worker-218 | INFO  | i.z.t.d.l.EmbeddedDatabaseReporter   : JDBC URL to connect to 'dataSource': url='jdbc:h2:tcp://localhost:41063/mem:df70fc46-7e57-4cb5-9cd0-c1d90c14afa7;USER=sa', scope='ProgrammingExerciseParticipationIntegrationTest#testGetParticipationWithLatestResult_multipleResultsAvailable'
    23:47:53.581 | 454 ool-1-worker-218 | DEBUG | PersonalAccessTokenManagementService : Generate secure vcs access token
    23:47:53.582 | 454 ool-1-worker-218 | DEBUG | .c.s.m.InstanceMessageReceiveService : Received schedule participant score for exercise 3567 and participant 703 (result to be deleted: null)
    23:47:53.582 | 454 ool-1-worker-218 | DEBUG | .a.s.ParticipantScoreScheduleService : Scheduled task for exercise 3567 and participant 703 at 2025-02-14T23:47:53.682909447Z[Etc/UTC].
    23:47:53.594 | 454 ool-1-worker-218 | DEBUG | .c.s.m.InstanceMessageReceiveService : Received schedule participant score for exercise 3567 and participant 703 (result to be deleted: null)
    23:47:53.595 | 454 ool-1-worker-218 | DEBUG | .a.s.ParticipantScoreScheduleService : Scheduled task for exercise 3567 and participant 703 at 2025-02-14T23:47:53.694993135Z[Etc/UTC].
    23:47:53.597 | 454 ool-1-worker-218 | DEBUG | .c.s.m.InstanceMessageReceiveService : Received schedule participant score for exercise 3567 and participant 703 (result to be deleted: null)
    23:47:53.597 | 454 ool-1-worker-218 | DEBUG | .a.s.ParticipantScoreScheduleService : Scheduled task for exercise 3567 and participant 703 at 2025-02-14T23:47:53.697207986Z[Etc/UTC].
    23:47:53.598 | 454 ool-1-worker-218 | DEBUG | d.t.c.a.a.c.s.f.ApiVersionFilter     : Adding Version to Request GET /api/programming-exercise-participations/3102/student-participation-with-latest-result-and-feedbacks

  Starting logs for ProgrammingExerciseParticipationIntegrationTest > testGetParticipationWithLatestResult_multipleResultsAvailable(ZonedDateTime, ZonedDateTime, AssessmentType, ZonedDateTime, ZonedDateTime, boolean) [2] startDate=2025-02-11T23:47:53.516210165Z[Etc/UTC], releaseDate=2025-02-10T23:47:53.516212269Z[Etc/UTC], assessmentType=AUTOMATIC, completionDate=null, assessmentDueDate=null, expectLastCreatedResult=true
    23:47:53.617 | 454 ool-1-worker-218 | DEBUG | d.t.c.a.a.c.u.util.UserUtilService   : Generate 4 students...
    23:47:53.623 | 454 ool-1-worker-218 | DEBUG | d.t.c.a.a.c.u.util.UserUtilService   : 4 students generated. Generate 2 tutors...
    23:47:53.627 | 454 ool-1-worker-218 | DEBUG | d.t.c.a.a.c.u.util.UserUtilService   : 2 tutors generated. Generate 0 editors...
    23:47:53.628 | 454 ool-1-worker-218 | DEBUG | d.t.c.a.a.c.u.util.UserUtilService   : 0 editors generated. Generate 2 instructors...
    23:47:53.632 | 454 ool-1-worker-218 | DEBUG | d.t.c.a.a.c.u.util.UserUtilService   : 2 instructors generated
    23:47:53.634 | 454 ool-1-worker-218 | DEBUG | d.t.c.a.a.c.u.util.UserUtilService   : Removing 8 users from all courses...
    23:47:53.635 | 454 ool-1-worker-218 | DEBUG | d.t.c.a.a.c.u.util.UserUtilService   : Removing 8 users from all courses. Done
    23:47:53.635 | 454 ool-1-worker-218 | DEBUG | d.t.c.a.a.c.u.util.UserUtilService   : Save 8 users to database...
    23:47:53.640 | 454 ool-1-worker-218 | DEBUG | d.t.c.a.a.c.u.util.UserUtilService   : Save 8 users to database. Done
    23:47:53.659 | 454 ool-1-worker-218 | INFO  | i.z.t.d.l.EmbeddedDatabaseReporter   : JDBC URL to connect to 'dataSource': url='jdbc:h2:tcp://localhost:41063/mem:df70fc46-7e57-4cb5-9cd0-c1d90c14afa7;USER=sa', scope='ProgrammingExerciseParticipationIntegrationTest#testGetParticipationWithLatestResult_multipleResultsAvailable'
    23:47:53.661 | 454 ool-1-worker-218 | DEBUG | PersonalAccessTokenManagementService : Generate secure vcs access token
    23:47:53.662 | 454 ool-1-worker-218 | DEBUG | .c.s.m.InstanceMessageReceiveService : Received schedule participant score for exercise 3568 and participant 703 (result to be deleted: null)
    23:47:53.662 | 454 ool-1-worker-218 | DEBUG | .a.s.ParticipantScoreScheduleService : Scheduled task for exercise 3568 and participant 703 at 2025-02-14T23:47:53.762959999Z[Etc/UTC].
    23:47:53.671 | 454 ool-1-worker-218 | DEBUG | .c.s.m.InstanceMessageReceiveService : Received schedule participant score for exercise 3568 and participant 703 (result to be deleted: null)
    23:47:53.671 | 454 ool-1-worker-218 | DEBUG | .a.s.ParticipantScoreScheduleService : Scheduled task for exercise 3568 and participant 703 at 2025-02-14T23:47:53.771463257Z[Etc/UTC].
    23:47:53.673 | 454 ool-1-worker-218 | DEBUG | .c.s.m.InstanceMessageReceiveService : Received schedule participant score for exercise 3568 and participant 703 (result to be deleted: null)
    23:47:53.673 | 454 ool-1-worker-218 | DEBUG | .a.s.ParticipantScoreScheduleService : Scheduled task for exercise 3568 and participant 703 at 2025-02-14T23:47:53.773451385Z[Etc/UTC].
    23:47:53.674 | 454 ool-1-worker-218 | DEBUG | d.t.c.a.a.c.s.f.ApiVersionFilter     : Adding Version to Request GET /api/programming-exercise-participations/3105/student-participation-with-latest-result-and-feedbacks

  Starting logs for ProgrammingExerciseParticipationIntegrationTest > testGetParticipationWithLatestResult_multipleResultsAvailable(ZonedDateTime, ZonedDateTime, AssessmentType, ZonedDateTime, ZonedDateTime, boolean) [3] startDate=2025-02-11T23:47:53.516210165Z[Etc/UTC], releaseDate=2025-02-10T23:47:53.516212269Z[Etc/UTC], assessmentType=AUTOMATIC, completionDate=2025-02-14T23:47:53.516212600Z[Etc/UTC], assessmentDueDate=null, expectLastCreatedResult=true
    23:47:53.695 | 454 ool-1-worker-218 | DEBUG | d.t.c.a.a.c.u.util.UserUtilService   : Generate 4 students...
    23:47:53.701 | 454 ool-1-worker-218 | DEBUG | d.t.c.a.a.c.u.util.UserUtilService   : 4 students generated. Generate 2 tutors...
    23:47:53.704 | 454 ool-1-worker-218 | DEBUG | d.t.c.a.a.c.u.util.UserUtilService   : 2 tutors generated. Generate 0 editors...
    23:47:53.706 | 454 ool-1-worker-218 | DEBUG | d.t.c.a.a.c.u.util.UserUtilService   : 0 editors generated. Generate 2 instructors...
    23:47:53.709 | 454 ool-1-worker-218 | DEBUG | d.t.c.a.a.c.u.util.UserUtilService   : 2 instructors generated
    23:47:53.712 | 454 ool-1-worker-218 | DEBUG | d.t.c.a.a.c.u.util.UserUtilService   : Removing 8 users from all courses...
    23:47:53.713 | 454 ool-1-worker-218 | DEBUG | d.t.c.a.a.c.u.util.UserUtilService   : Removing 8 users from all courses. Done
    23:47:53.713 | 454 ool-1-worker-218 | DEBUG | d.t.c.a.a.c.u.util.UserUtilService   : Save 8 users to database...
    23:47:53.719 | 454 ool-1-worker-218 | DEBUG | d.t.c.a.a.c.u.util.UserUtilService   : Save 8 users to database. Done
    23:47:53.744 | 454 ool-1-worker-218 | INFO  | i.z.t.d.l.EmbeddedDatabaseReporter   : JDBC URL to connect to 'dataSource': url='jdbc:h2:tcp://localhost:41063/mem:df70fc46-7e57-4cb5-9cd0-c1d90c14afa7;USER=sa', scope='ProgrammingExerciseParticipationIntegrationTest#testGetParticipationWithLatestResult_multipleResultsAvailable'
    23:47:53.748 | 454 ool-1-worker-218 | DEBUG | PersonalAccessTokenManagementService : Generate secure vcs access token
    23:47:53.750 | 454 ool-1-worker-218 | DEBUG | .c.s.m.InstanceMessageReceiveService : Received schedule participant score for exercise 3569 and participant 703 (result to be deleted: null)
    23:47:53.750 | 454 ool-1-worker-218 | DEBUG | .a.s.ParticipantScoreScheduleService : Scheduled task for exercise 3569 and participant 703 at 2025-02-14T23:47:53.850252306Z[Etc/UTC].
    23:47:53.761 | 454 ool-1-worker-218 | DEBUG | .c.s.m.InstanceMessageReceiveService : Received schedule participant score for exercise 3569 and participant 703 (result to be deleted: null)
    23:47:53.761 | 454 ool-1-worker-218 | DEBUG | .a.s.ParticipantScoreScheduleService : Scheduled task for exercise 3569 and participant 703 at 2025-02-14T23:47:53.861861196Z[Etc/UTC].
    23:47:53.763 | 454 ool-1-worker-218 | DEBUG | .c.s.m.InstanceMessageReceiveService : Received schedule participant score for exercise 3569 and participant 703 (result to be deleted: null)
    23:47:53.764 | 454 ool-1-worker-218 | DEBUG | .a.s.ParticipantScoreScheduleService : Scheduled task for exercise 3569 and participant 703 at 2025-02-14T23:47:53.864018810Z[Etc/UTC].
    23:47:53.765 | 454 ool-1-worker-218 | DEBUG | d.t.c.a.a.c.s.f.ApiVersionFilter     : Adding Version to Request GET /api/programming-exercise-participations/3108/student-participation-with-latest-result-and-feedbacks

  Starting logs for ProgrammingExerciseParticipationIntegrationTest > testGetParticipationWithLatestResult_multipleResultsAvailable(ZonedDateTime, ZonedDateTime, AssessmentType, ZonedDateTime, ZonedDateTime, boolean) [4] startDate=2025-02-11T23:47:53.516210165Z[Etc/UTC], releaseDate=2025-02-10T23:47:53.516212269Z[Etc/UTC], assessmentType=AUTOMATIC, completionDate=2025-02-14T23:47:53.516212600Z[Etc/UTC], assessmentDueDate=2025-02-17T23:47:53.516212760Z[Etc/UTC], expectLastCreatedResult=true
    23:47:53.789 | 454 ool-1-worker-218 | DEBUG | d.t.c.a.a.c.u.util.UserUtilService   : Generate 4 students...
    23:47:53.796 | 454 ool-1-worker-218 | DEBUG | d.t.c.a.a.c.u.util.UserUtilService   : 4 students generated. Generate 2 tutors...
    23:47:53.800 | 454 ool-1-worker-218 | DEBUG | d.t.c.a.a.c.u.util.UserUtilService   : 2 tutors generated. Generate 0 editors...
    23:47:53.802 | 454 ool-1-worker-218 | DEBUG | d.t.c.a.a.c.u.util.UserUtilService   : 0 editors generated. Generate 2 instructors...
    23:47:53.806 | 454 ool-1-worker-218 | DEBUG | d.t.c.a.a.c.u.util.UserUtilService   : 2 instructors generated
    23:47:53.808 | 454 ool-1-worker-218 | DEBUG | d.t.c.a.a.c.u.util.UserUtilService   : Removing 8 users from all courses...
    23:47:53.810 | 454 ool-1-worker-218 | DEBUG | d.t.c.a.a.c.u.util.UserUtilService   : Removing 8 users from all courses. Done
    23:47:53.810 | 454 ool-1-worker-218 | DEBUG | d.t.c.a.a.c.u.util.UserUtilService   : Save 8 users to database...
    23:47:53.816 | 454 ool-1-worker-218 | DEBUG | d.t.c.a.a.c.u.util.UserUtilService   : Save 8 users to database. Done
    23:47:53.841 | 454 ool-1-worker-218 | INFO  | i.z.t.d.l.EmbeddedDatabaseReporter   : JDBC URL to connect to 'dataSource': url='jdbc:h2:tcp://localhost:41063/mem:df70fc46-7e57-4cb5-9cd0-c1d90c14afa7;USER=sa', scope='ProgrammingExerciseParticipationIntegrationTest#testGetParticipationWithLatestResult_multipleResultsAvailable'
    23:47:53.845 | 454 ool-1-worker-218 | DEBUG | PersonalAccessTokenManagementService : Generate secure vcs access token
    23:47:53.847 | 454 ool-1-worker-218 | DEBUG | .c.s.m.InstanceMessageReceiveService : Received schedule participant score for exercise 3570 and participant 703 (result to be deleted: null)
    23:47:53.847 | 454 ool-1-worker-218 | DEBUG | .a.s.ParticipantScoreScheduleService : Scheduled task for exercise 3570 and participant 703 at 2025-02-14T23:47:53.947288144Z[Etc/UTC].
    23:47:53.859 | 454 ool-1-worker-218 | DEBUG | .c.s.m.InstanceMessageReceiveService : Received schedule participant score for exercise 3570 and participant 703 (result to be deleted: null)
    23:47:53.859 | 454 ool-1-worker-218 | DEBUG | .a.s.ParticipantScoreScheduleService : Scheduled task for exercise 3570 and participant 703 at 2025-02-14T23:47:53.959145287Z[Etc/UTC].
    23:47:53.861 | 454 ool-1-worker-218 | DEBUG | .c.s.m.InstanceMessageReceiveService : Received schedule participant score for exercise 3570 and participant 703 (result to be deleted: null)
    23:47:53.861 | 454 ool-1-worker-218 | DEBUG | .a.s.ParticipantScoreScheduleService : Scheduled task for exercise 3570 and participant 703 at 2025-02-14T23:47:53.961303743Z[Etc/UTC].
    23:47:53.862 | 454 ool-1-worker-218 | DEBUG | d.t.c.a.a.c.s.f.ApiVersionFilter     : Adding Version to Request GET /api/programming-exercise-participations/3111/student-participation-with-latest-result-and-feedbacks

  Starting logs for ProgrammingExerciseParticipationIntegrationTest > testGetParticipationWithLatestResult_multipleResultsAvailable(ZonedDateTime, ZonedDateTime, AssessmentType, ZonedDateTime, ZonedDateTime, boolean) [5] startDate=2025-02-11T23:47:53.516210165Z[Etc/UTC], releaseDate=2025-02-10T23:47:53.516212269Z[Etc/UTC], assessmentType=AUTOMATIC, completionDate=2025-02-14T23:47:53.516212600Z[Etc/UTC], assessmentDueDate=2025-02-13T23:47:53.516213581Z[Etc/UTC], expectLastCreatedResult=true
    23:47:53.887 | 454 ool-1-worker-218 | DEBUG | d.t.c.a.a.c.u.util.UserUtilService   : Generate 4 students...
    23:47:53.894 | 454 ool-1-worker-218 | DEBUG | d.t.c.a.a.c.u.util.UserUtilService   : 4 students generated. Generate 2 tutors...
    23:47:53.897 | 454 ool-1-worker-218 | DEBUG | d.t.c.a.a.c.u.util.UserUtilService   : 2 tutors generated. Generate 0 editors...
    23:47:53.899 | 454 ool-1-worker-218 | DEBUG | d.t.c.a.a.c.u.util.UserUtilService   : 0 editors generated. Generate 2 instructors...
    23:47:53.903 | 454 ool-1-worker-218 | DEBUG | d.t.c.a.a.c.u.util.UserUtilService   : 2 instructors generated
    23:47:53.905 | 454 ool-1-worker-218 | DEBUG | d.t.c.a.a.c.u.util.UserUtilService   : Removing 8 users from all courses...
    23:47:53.907 | 454 ool-1-worker-218 | DEBUG | d.t.c.a.a.c.u.util.UserUtilService   : Removing 8 users from all courses. Done
    23:47:53.907 | 454 ool-1-worker-218 | DEBUG | d.t.c.a.a.c.u.util.UserUtilService   : Save 8 users to database...
    23:47:53.913 | 454 ool-1-worker-218 | DEBUG | d.t.c.a.a.c.u.util.UserUtilService   : Save 8 users to database. Done
    23:47:53.934 | 454 ool-1-worker-218 | INFO  | i.z.t.d.l.EmbeddedDatabaseReporter   : JDBC URL to connect to 'dataSource': url='jdbc:h2:tcp://localhost:41063/mem:df70fc46-7e57-4cb5-9cd0-c1d90c14afa7;USER=sa', scope='ProgrammingExerciseParticipationIntegrationTest#testGetParticipationWithLatestResult_multipleResultsAvailable'
    23:47:53.937 | 454 ool-1-worker-218 | DEBUG | PersonalAccessTokenManagementService : Generate secure vcs access token
    23:47:53.939 | 454 ool-1-worker-218 | DEBUG | .c.s.m.InstanceMessageReceiveService : Received schedule participant score for exercise 3571 and participant 703 (result to be deleted: null)
    23:47:53.939 | 454 ool-1-worker-218 | DEBUG | .a.s.ParticipantScoreScheduleService : Scheduled task for exercise 3571 and participant 703 at 2025-02-14T23:47:54.039684584Z[Etc/UTC].
    23:47:53.950 | 454 ool-1-worker-218 | DEBUG | .c.s.m.InstanceMessageReceiveService : Received schedule participant score for exercise 3571 and participant 703 (result to be deleted: null)
    23:47:53.950 | 454 ool-1-worker-218 | DEBUG | .a.s.ParticipantScoreScheduleService : Scheduled task for exercise 3571 and participant 703 at 2025-02-14T23:47:54.050397042Z[Etc/UTC].
    23:47:53.951 | 454 ool-1-worker-218 | DEBUG | .c.s.m.InstanceMessageReceiveService : Received schedule participant score for exercise 3571 and participant 703 (result to be deleted: null)
    23:47:53.952 | 454 ool-1-worker-218 | DEBUG | .a.s.ParticipantScoreScheduleService : Scheduled task for exercise 3571 and participant 703 at 2025-02-14T23:47:54.052017334Z[Etc/UTC].
    23:47:53.953 | 454 ool-1-worker-218 | DEBUG | d.t.c.a.a.c.s.f.ApiVersionFilter     : Adding Version to Request GET /api/programming-exercise-participations/3114/student-participation-with-latest-result-and-feedbacks

  Starting logs for ProgrammingExerciseParticipationIntegrationTest > testGetParticipationWithLatestResult_multipleResultsAvailable(ZonedDateTime, ZonedDateTime, AssessmentType, ZonedDateTime, ZonedDateTime, boolean) [6] startDate=2025-02-11T23:47:53.516210165Z[Etc/UTC], releaseDate=2025-02-10T23:47:53.516212269Z[Etc/UTC], assessmentType=AUTOMATIC, completionDate=null, assessmentDueDate=2025-02-17T23:47:53.516212760Z[Etc/UTC], expectLastCreatedResult=true
    23:47:53.975 | 454 ool-1-worker-218 | DEBUG | d.t.c.a.a.c.u.util.UserUtilService   : Generate 4 students...
    23:47:53.982 | 454 ool-1-worker-218 | DEBUG | d.t.c.a.a.c.u.util.UserUtilService   : 4 students generated. Generate 2 tutors...
    23:47:53.987 | 454 ool-1-worker-218 | DEBUG | d.t.c.a.a.c.u.util.UserUtilService   : 2 tutors generated. Generate 0 editors...
    23:47:53.988 | 454 ool-1-worker-218 | DEBUG | d.t.c.a.a.c.u.util.UserUtilService   : 0 editors generated. Generate 2 instructors...
    23:47:53.992 | 454 ool-1-worker-218 | DEBUG | d.t.c.a.a.c.u.util.UserUtilService   : 2 instructors generated
    23:47:53.995 | 454 ool-1-worker-218 | DEBUG | d.t.c.a.a.c.u.util.UserUtilService   : Removing 8 users from all courses...
    23:47:53.996 | 454 ool-1-worker-218 | DEBUG | d.t.c.a.a.c.u.util.UserUtilService   : Removing 8 users from all courses. Done
    23:47:53.996 | 454 ool-1-worker-218 | DEBUG | d.t.c.a.a.c.u.util.UserUtilService   : Save 8 users to database...
    23:47:54.003 | 454 ool-1-worker-218 | DEBUG | d.t.c.a.a.c.u.util.UserUtilService   : Save 8 users to database. Done
    23:47:54.028 | 454 ool-1-worker-218 | INFO  | i.z.t.d.l.EmbeddedDatabaseReporter   : JDBC URL to connect to 'dataSource': url='jdbc:h2:tcp://localhost:41063/mem:df70fc46-7e57-4cb5-9cd0-c1d90c14afa7;USER=sa', scope='ProgrammingExerciseParticipationIntegrationTest#testGetParticipationWithLatestResult_multipleResultsAvailable'
    23:47:54.032 | 454 ool-1-worker-218 | DEBUG | PersonalAccessTokenManagementService : Generate secure vcs access token
    23:47:54.034 | 454 ool-1-worker-218 | DEBUG | .c.s.m.InstanceMessageReceiveService : Received schedule participant score for exercise 3572 and participant 703 (result to be deleted: null)
    23:47:54.034 | 454 ool-1-worker-218 | DEBUG | .a.s.ParticipantScoreScheduleService : Scheduled task for exercise 3572 and participant 703 at 2025-02-14T23:47:54.134835213Z[Etc/UTC].
    23:47:54.047 | 454 ool-1-worker-218 | DEBUG | .c.s.m.InstanceMessageReceiveService : Received schedule participant score for exercise 3572 and participant 703 (result to be deleted: null)
    23:47:54.047 | 454 ool-1-worker-218 | DEBUG | .a.s.ParticipantScoreScheduleService : Scheduled task for exercise 3572 and participant 703 at 2025-02-14T23:47:54.147255156Z[Etc/UTC].
    23:47:54.049 | 454 ool-1-worker-218 | DEBUG | .c.s.m.InstanceMessageReceiveService : Received schedule participant score for exercise 3572 and participant 703 (result to be deleted: null)
    23:47:54.049 | 454 ool-1-worker-218 | DEBUG | .a.s.ParticipantScoreScheduleService : Scheduled task for exercise 3572 and participant 703 at 2025-02-14T23:47:54.149557660Z[Etc/UTC].
    23:47:54.051 | 454 ool-1-worker-218 | DEBUG | d.t.c.a.a.c.s.f.ApiVersionFilter     : Adding Version to Request GET /api/programming-exercise-participations/3117/student-participation-with-latest-result-and-feedbacks

  Starting logs for ProgrammingExerciseParticipationIntegrationTest > testGetParticipationWithLatestResult_multipleResultsAvailable(ZonedDateTime, ZonedDateTime, AssessmentType, ZonedDateTime, ZonedDateTime, boolean) [7] startDate=2025-02-11T23:47:53.516210165Z[Etc/UTC], releaseDate=2025-02-10T23:47:53.516212269Z[Etc/UTC], assessmentType=AUTOMATIC, completionDate=null, assessmentDueDate=2025-02-13T23:47:53.516213581Z[Etc/UTC], expectLastCreatedResult=true
    23:47:54.076 | 454 ool-1-worker-218 | DEBUG | d.t.c.a.a.c.u.util.UserUtilService   : Generate 4 students...
    23:47:54.083 | 454 ool-1-worker-218 | DEBUG | d.t.c.a.a.c.u.util.UserUtilService   : 4 students generated. Generate 2 tutors...
    23:47:54.088 | 454 ool-1-worker-218 | DEBUG | d.t.c.a.a.c.u.util.UserUtilService   : 2 tutors generated. Generate 0 editors...
    23:47:54.089 | 454 ool-1-worker-218 | DEBUG | d.t.c.a.a.c.u.util.UserUtilService   : 0 editors generated. Generate 2 instructors...
    23:47:54.094 | 454 ool-1-worker-218 | DEBUG | d.t.c.a.a.c.u.util.UserUtilService   : 2 instructors generated
    23:47:54.096 | 454 ool-1-worker-218 | DEBUG | d.t.c.a.a.c.u.util.UserUtilService   : Removing 8 users from all courses...
    23:47:54.097 | 454 ool-1-worker-218 | DEBUG | d.t.c.a.a.c.u.util.UserUtilService   : Removing 8 users from all courses. Done
    23:47:54.097 | 454 ool-1-worker-218 | DEBUG | d.t.c.a.a.c.u.util.UserUtilService   : Save 8 users to database...
    23:47:54.104 | 454 ool-1-worker-218 | DEBUG | d.t.c.a.a.c.u.util.UserUtilService   : Save 8 users to database. Done
    23:47:54.129 | 454 ool-1-worker-218 | INFO  | i.z.t.d.l.EmbeddedDatabaseReporter   : JDBC URL to connect to 'dataSource': url='jdbc:h2:tcp://localhost:41063/mem:df70fc46-7e57-4cb5-9cd0-c1d90c14afa7;USER=sa', scope='ProgrammingExerciseParticipationIntegrationTest#testGetParticipationWithLatestResult_multipleResultsAvailable'
    23:47:54.133 | 454 ool-1-worker-218 | DEBUG | PersonalAccessTokenManagementService : Generate secure vcs access token
    23:47:54.135 | 454 ool-1-worker-218 | DEBUG | .c.s.m.InstanceMessageReceiveService : Received schedule participant score for exercise 3573 and participant 703 (result to be deleted: null)
    23:47:54.135 | 454 ool-1-worker-218 | DEBUG | .a.s.ParticipantScoreScheduleService : Scheduled task for exercise 3573 and participant 703 at 2025-02-14T23:47:54.235354719Z[Etc/UTC].
    23:47:54.147 | 454 ool-1-worker-218 | DEBUG | .c.s.m.InstanceMessageReceiveService : Received schedule participant score for exercise 3573 and participant 703 (result to be deleted: null)
    23:47:54.147 | 454 ool-1-worker-218 | DEBUG | .a.s.ParticipantScoreScheduleService : Scheduled task for exercise 3573 and participant 703 at 2025-02-14T23:47:54.247218294Z[Etc/UTC].
    23:47:54.149 | 454 ool-1-worker-218 | DEBUG | .c.s.m.InstanceMessageReceiveService : Received schedule participant score for exercise 3573 and participant 703 (result to be deleted: null)
    23:47:54.149 | 454 ool-1-worker-218 | DEBUG | .a.s.ParticipantScoreScheduleService : Scheduled task for exercise 3573 and participant 703 at 2025-02-14T23:47:54.249557617Z[Etc/UTC].
    23:47:54.151 | 454 ool-1-worker-218 | DEBUG | d.t.c.a.a.c.s.f.ApiVersionFilter     : Adding Version to Request GET /api/programming-exercise-participations/3120/student-participation-with-latest-result-and-feedbacks

  Starting logs for ProgrammingExerciseParticipationIntegrationTest > testGetParticipationWithLatestResult_multipleResultsAvailable(ZonedDateTime, ZonedDateTime, AssessmentType, ZonedDateTime, ZonedDateTime, boolean) [8] startDate=2025-02-11T23:47:53.516210165Z[Etc/UTC], releaseDate=2025-02-10T23:47:53.516212269Z[Etc/UTC], assessmentType=SEMI_AUTOMATIC, completionDate=null, assessmentDueDate=null, expectLastCreatedResult=false
    23:47:54.177 | 454 ool-1-worker-218 | DEBUG | d.t.c.a.a.c.u.util.UserUtilService   : Generate 4 students...
    23:47:54.184 | 454 ool-1-worker-218 | DEBUG | d.t.c.a.a.c.u.util.UserUtilService   : 4 students generated. Generate 2 tutors...
    23:47:54.188 | 454 ool-1-worker-218 | DEBUG | d.t.c.a.a.c.u.util.UserUtilService   : 2 tutors generated. Generate 0 editors...
    23:47:54.190 | 454 ool-1-worker-218 | DEBUG | d.t.c.a.a.c.u.util.UserUtilService   : 0 editors generated. Generate 2 instructors...
    23:47:54.194 | 454 ool-1-worker-218 | DEBUG | d.t.c.a.a.c.u.util.UserUtilService   : 2 instructors generated
    23:47:54.196 | 454 ool-1-worker-218 | DEBUG | d.t.c.a.a.c.u.util.UserUtilService   : Removing 8 users from all courses...
    23:47:54.197 | 454 ool-1-worker-218 | DEBUG | d.t.c.a.a.c.u.util.UserUtilService   : Removing 8 users from all courses. Done
    23:47:54.197 | 454 ool-1-worker-218 | DEBUG | d.t.c.a.a.c.u.util.UserUtilService   : Save 8 users to database...
    23:47:54.206 | 454 ool-1-worker-218 | DEBUG | d.t.c.a.a.c.u.util.UserUtilService   : Save 8 users to database. Done
    23:47:54.232 | 454 ool-1-worker-218 | INFO  | i.z.t.d.l.EmbeddedDatabaseReporter   : JDBC URL to connect to 'dataSource': url='jdbc:h2:tcp://localhost:41063/mem:df70fc46-7e57-4cb5-9cd0-c1d90c14afa7;USER=sa', scope='ProgrammingExerciseParticipationIntegrationTest#testGetParticipationWithLatestResult_multipleResultsAvailable'
    23:47:54.235 | 454 ool-1-worker-218 | DEBUG | PersonalAccessTokenManagementService : Generate secure vcs access token
    23:47:54.237 | 454 ool-1-worker-218 | DEBUG | .c.s.m.InstanceMessageReceiveService : Received schedule participant score for exercise 3574 and participant 703 (result to be deleted: null)
    23:47:54.237 | 454 ool-1-worker-218 | DEBUG | .a.s.ParticipantScoreScheduleService : Scheduled task for exercise 3574 and participant 703 at 2025-02-14T23:47:54.337568725Z[Etc/UTC].
    23:47:54.249 | 454 ool-1-worker-218 | DEBUG | .c.s.m.InstanceMessageReceiveService : Received schedule participant score for exercise 3574 and participant 703 (result to be deleted: null)
    23:47:54.249 | 454 ool-1-worker-218 | DEBUG | .a.s.ParticipantScoreScheduleService : Scheduled task for exercise 3574 and participant 703 at 2025-02-14T23:47:54.349305002Z[Etc/UTC].
    23:47:54.251 | 454 ool-1-worker-218 | DEBUG | .c.s.m.InstanceMessageReceiveService : Received schedule participant score for exercise 3574 and participant 703 (result to be deleted: null)
    23:47:54.251 | 454 ool-1-worker-218 | DEBUG | .a.s.ParticipantScoreScheduleService : Scheduled task for exercise 3574 and participant 703 at 2025-02-14T23:47:54.351438211Z[Etc/UTC].
    23:47:54.252 | 454 ool-1-worker-218 | DEBUG | d.t.c.a.a.c.s.f.ApiVersionFilter     : Adding Version to Request GET /api/programming-exercise-participations/3123/student-participation-with-latest-result-and-feedbacks

  Starting logs for ProgrammingExerciseParticipationIntegrationTest > testGetParticipationWithLatestResult_multipleResultsAvailable(ZonedDateTime, ZonedDateTime, AssessmentType, ZonedDateTime, ZonedDateTime, boolean) [9] startDate=2025-02-11T23:47:53.516210165Z[Etc/UTC], releaseDate=2025-02-10T23:47:53.516212269Z[Etc/UTC], assessmentType=SEMI_AUTOMATIC, completionDate=null, assessmentDueDate=2025-02-17T23:47:53.516212760Z[Etc/UTC], expectLastCreatedResult=false
    23:47:54.275 | 454 ool-1-worker-218 | DEBUG | d.t.c.a.a.c.u.util.UserUtilService   : Generate 4 students...
    23:47:54.281 | 454 ool-1-worker-218 | DEBUG | d.t.c.a.a.c.u.util.UserUtilService   : 4 students generated. Generate 2 tutors...
    23:47:54.284 | 454 ool-1-worker-218 | DEBUG | d.t.c.a.a.c.u.util.UserUtilService   : 2 tutors generated. Generate 0 editors...
    23:47:54.285 | 454 ool-1-worker-218 | DEBUG | d.t.c.a.a.c.u.util.UserUtilService   : 0 editors generated. Generate 2 instructors...
    23:47:54.289 | 454 ool-1-worker-218 | DEBUG | d.t.c.a.a.c.u.util.UserUtilService   : 2 instructors generated
    23:47:54.291 | 454 ool-1-worker-218 | DEBUG | d.t.c.a.a.c.u.util.UserUtilService   : Removing 8 users from all courses...
    23:47:54.292 | 454 ool-1-worker-218 | DEBUG | d.t.c.a.a.c.u.util.UserUtilService   : Removing 8 users from all courses. Done
    23:47:54.292 | 454 ool-1-worker-218 | DEBUG | d.t.c.a.a.c.u.util.UserUtilService   : Save 8 users to database...
    23:47:54.297 | 454 ool-1-worker-218 | DEBUG | d.t.c.a.a.c.u.util.UserUtilService   : Save 8 users to database. Done
    23:47:54.319 | 454 ool-1-worker-218 | INFO  | i.z.t.d.l.EmbeddedDatabaseReporter   : JDBC URL to connect to 'dataSource': url='jdbc:h2:tcp://localhost:41063/mem:df70fc46-7e57-4cb5-9cd0-c1d90c14afa7;USER=sa', scope='ProgrammingExerciseParticipationIntegrationTest#testGetParticipationWithLatestResult_multipleResultsAvailable'
    23:47:54.322 | 454 ool-1-worker-218 | DEBUG | PersonalAccessTokenManagementService : Generate secure vcs access token
    23:47:54.324 | 454 ool-1-worker-218 | DEBUG | .c.s.m.InstanceMessageReceiveService : Received schedule participant score for exercise 3575 and participant 703 (result to be deleted: null)
    23:47:54.324 | 454 ool-1-worker-218 | DEBUG | .a.s.ParticipantScoreScheduleService : Scheduled task for exercise 3575 and participant 703 at 2025-02-14T23:47:54.424696967Z[Etc/UTC].
    23:47:54.333 | 454 ool-1-worker-218 | DEBUG | .c.s.m.InstanceMessageReceiveService : Received schedule participant score for exercise 3575 and participant 703 (result to be deleted: null)
    23:47:54.333 | 454 ool-1-worker-218 | DEBUG | .a.s.ParticipantScoreScheduleService : Scheduled task for exercise 3575 and participant 703 at 2025-02-14T23:47:54.433983556Z[Etc/UTC].
    23:47:54.335 | 454 ool-1-worker-218 | DEBUG | .c.s.m.InstanceMessageReceiveService : Received schedule participant score for exercise 3575 and participant 703 (result to be deleted: null)
    23:47:54.336 | 454 ool-1-worker-218 | DEBUG | .a.s.ParticipantScoreScheduleService : Scheduled task for exercise 3575 and participant 703 at 2025-02-14T23:47:54.435998454Z[Etc/UTC].
    23:47:54.337 | 454 ool-1-worker-218 | DEBUG | d.t.c.a.a.c.s.f.ApiVersionFilter     : Adding Version to Request GET /api/programming-exercise-participations/3126/student-participation-with-latest-result-and-feedbacks

  Starting logs for ProgrammingExerciseParticipationIntegrationTest > testGetParticipationWithLatestResult_multipleResultsAvailable(ZonedDateTime, ZonedDateTime, AssessmentType, ZonedDateTime, ZonedDateTime, boolean) [10] startDate=2025-02-11T23:47:53.516210165Z[Etc/UTC], releaseDate=2025-02-10T23:47:53.516212269Z[Etc/UTC], assessmentType=SEMI_AUTOMATIC, completionDate=null, assessmentDueDate=2025-02-13T23:47:53.516213581Z[Etc/UTC], expectLastCreatedResult=false
    23:47:54.359 | 454 ool-1-worker-218 | DEBUG | d.t.c.a.a.c.u.util.UserUtilService   : Generate 4 students...
    23:47:54.367 | 454 ool-1-worker-218 | DEBUG | d.t.c.a.a.c.u.util.UserUtilService   : 4 students generated. Generate 2 tutors...
    23:47:54.371 | 454 ool-1-worker-218 | DEBUG | d.t.c.a.a.c.u.util.UserUtilService   : 2 tutors generated. Generate 0 editors...
    23:47:54.372 | 454 ool-1-worker-218 | DEBUG | d.t.c.a.a.c.u.util.UserUtilService   : 0 editors generated. Generate 2 instructors...
    23:47:54.377 | 454 ool-1-worker-218 | DEBUG | d.t.c.a.a.c.u.util.UserUtilService   : 2 instructors generated
    23:47:54.379 | 454 ool-1-worker-218 | DEBUG | d.t.c.a.a.c.u.util.UserUtilService   : Removing 8 users from all courses...
    23:47:54.380 | 454 ool-1-worker-218 | DEBUG | d.t.c.a.a.c.u.util.UserUtilService   : Removing 8 users from all courses. Done
    23:47:54.380 | 454 ool-1-worker-218 | DEBUG | d.t.c.a.a.c.u.util.UserUtilService   : Save 8 users to database...
    23:47:54.386 | 454 ool-1-worker-218 | DEBUG | d.t.c.a.a.c.u.util.UserUtilService   : Save 8 users to database. Done
    23:47:54.412 | 454 ool-1-worker-218 | INFO  | i.z.t.d.l.EmbeddedDatabaseReporter   : JDBC URL to connect to 'dataSource': url='jdbc:h2:tcp://localhost:41063/mem:df70fc46-7e57-4cb5-9cd0-c1d90c14afa7;USER=sa', scope='ProgrammingExerciseParticipationIntegrationTest#testGetParticipationWithLatestResult_multipleResultsAvailable'
    23:47:54.415 | 454 ool-1-worker-218 | DEBUG | PersonalAccessTokenManagementService : Generate secure vcs access token
    23:47:54.417 | 454 ool-1-worker-218 | DEBUG | .c.s.m.InstanceMessageReceiveService : Received schedule participant score for exercise 3576 and participant 703 (result to be deleted: null)
    23:47:54.417 | 454 ool-1-worker-218 | DEBUG | .a.s.ParticipantScoreScheduleService : Scheduled task for exercise 3576 and participant 703 at 2025-02-14T23:47:54.517414522Z[Etc/UTC].
    23:47:54.428 | 454 ool-1-worker-218 | DEBUG | .c.s.m.InstanceMessageReceiveService : Received schedule participant score for exercise 3576 and participant 703 (result to be deleted: null)
    23:47:54.428 | 454 ool-1-worker-218 | DEBUG | .a.s.ParticipantScoreScheduleService : Scheduled task for exercise 3576 and participant 703 at 2025-02-14T23:47:54.528843256Z[Etc/UTC].
    23:47:54.430 | 454 ool-1-worker-218 | DEBUG | .c.s.m.InstanceMessageReceiveService : Received schedule participant score for exercise 3576 and participant 703 (result to be deleted: null)
    23:47:54.430 | 454 ool-1-worker-218 | DEBUG | .a.s.ParticipantScoreScheduleService : Scheduled task for exercise 3576 and participant 703 at 2025-02-14T23:47:54.530819031Z[Etc/UTC].
    23:47:54.432 | 454 ool-1-worker-218 | DEBUG | d.t.c.a.a.c.s.f.ApiVersionFilter     : Adding Version to Request GET /api/programming-exercise-participations/3129/student-participation-with-latest-result-and-feedbacks

  Starting logs for ProgrammingExerciseParticipationIntegrationTest > testGetParticipationWithLatestResult_multipleResultsAvailable(ZonedDateTime, ZonedDateTime, AssessmentType, ZonedDateTime, ZonedDateTime, boolean) [11] startDate=2025-02-11T23:47:53.516210165Z[Etc/UTC], releaseDate=2025-02-10T23:47:53.516212269Z[Etc/UTC], assessmentType=SEMI_AUTOMATIC, completionDate=2025-02-14T23:47:53.516212600Z[Etc/UTC], assessmentDueDate=2025-02-17T23:47:53.516212760Z[Etc/UTC], expectLastCreatedResult=false
    23:47:54.459 | 454 ool-1-worker-218 | DEBUG | d.t.c.a.a.c.u.util.UserUtilService   : Generate 4 students...
    23:47:54.466 | 454 ool-1-worker-218 | DEBUG | d.t.c.a.a.c.u.util.UserUtilService   : 4 students generated. Generate 2 tutors...
    23:47:54.470 | 454 ool-1-worker-218 | DEBUG | d.t.c.a.a.c.u.util.UserUtilService   : 2 tutors generated. Generate 0 editors...
    23:47:54.472 | 454 ool-1-worker-218 | DEBUG | d.t.c.a.a.c.u.util.UserUtilService   : 0 editors generated. Generate 2 instructors...
    23:47:54.476 | 454 ool-1-worker-218 | DEBUG | d.t.c.a.a.c.u.util.UserUtilService   : 2 instructors generated
    23:47:54.479 | 454 ool-1-worker-218 | DEBUG | d.t.c.a.a.c.u.util.UserUtilService   : Removing 8 users from all courses...
    23:47:54.480 | 454 ool-1-worker-218 | DEBUG | d.t.c.a.a.c.u.util.UserUtilService   : Removing 8 users from all courses. Done
    23:47:54.480 | 454 ool-1-worker-218 | DEBUG | d.t.c.a.a.c.u.util.UserUtilService   : Save 8 users to database...
    23:47:54.486 | 454 ool-1-worker-218 | DEBUG | d.t.c.a.a.c.u.util.UserUtilService   : Save 8 users to database. Done
    23:47:54.511 | 454 ool-1-worker-218 | INFO  | i.z.t.d.l.EmbeddedDatabaseReporter   : JDBC URL to connect to 'dataSource': url='jdbc:h2:tcp://localhost:41063/mem:df70fc46-7e57-4cb5-9cd0-c1d90c14afa7;USER=sa', scope='ProgrammingExerciseParticipationIntegrationTest#testGetParticipationWithLatestResult_multipleResultsAvailable'
    23:47:54.514 | 454 ool-1-worker-218 | DEBUG | PersonalAccessTokenManagementService : Generate secure vcs access token
    23:47:54.516 | 454 ool-1-worker-218 | DEBUG | .c.s.m.InstanceMessageReceiveService : Received schedule participant score for exercise 3577 and participant 703 (result to be deleted: null)
    23:47:54.516 | 454 ool-1-worker-218 | DEBUG | .a.s.ParticipantScoreScheduleService : Scheduled task for exercise 3577 and participant 703 at 2025-02-14T23:47:54.616751482Z[Etc/UTC].
    23:47:54.527 | 454 ool-1-worker-218 | DEBUG | .c.s.m.InstanceMessageReceiveService : Received schedule participant score for exercise 3577 and participant 703 (result to be deleted: null)
    23:47:54.527 | 454 ool-1-worker-218 | DEBUG | .a.s.ParticipantScoreScheduleService : Scheduled task for exercise 3577 and participant 703 at 2025-02-14T23:47:54.627598221Z[Etc/UTC].
    23:47:54.529 | 454 ool-1-worker-218 | DEBUG | .c.s.m.InstanceMessageReceiveService : Received schedule participant score for exercise 3577 and participant 703 (result to be deleted: null)
    23:47:54.529 | 454 ool-1-worker-218 | DEBUG | .a.s.ParticipantScoreScheduleService : Scheduled task for exercise 3577 and participant 703 at 2025-02-14T23:47:54.629576530Z[Etc/UTC].
    23:47:54.530 | 454 ool-1-worker-218 | DEBUG | d.t.c.a.a.c.s.f.ApiVersionFilter     : Adding Version to Request GET /api/programming-exercise-participations/3132/student-participation-with-latest-result-and-feedbacks

  Starting logs for ProgrammingExerciseParticipationIntegrationTest > testGetParticipationWithLatestResult_multipleResultsAvailable(ZonedDateTime, ZonedDateTime, AssessmentType, ZonedDateTime, ZonedDateTime, boolean) [12] startDate=2025-02-11T23:47:53.516210165Z[Etc/UTC], releaseDate=2025-02-10T23:47:53.516212269Z[Etc/UTC], assessmentType=SEMI_AUTOMATIC, completionDate=2025-02-14T23:47:53.516212600Z[Etc/UTC], assessmentDueDate=2025-02-13T23:47:53.516213581Z[Etc/UTC], expectLastCreatedResult=true
    23:47:54.557 | 454 ool-1-worker-218 | DEBUG | d.t.c.a.a.c.u.util.UserUtilService   : Generate 4 students...
    23:47:54.565 | 454 ool-1-worker-218 | DEBUG | d.t.c.a.a.c.u.util.UserUtilService   : 4 students generated. Generate 2 tutors...
    23:47:54.569 | 454 ool-1-worker-218 | DEBUG | d.t.c.a.a.c.u.util.UserUtilService   : 2 tutors generated. Generate 0 editors...
    23:47:54.570 | 454 ool-1-worker-218 | DEBUG | d.t.c.a.a.c.u.util.UserUtilService   : 0 editors generated. Generate 2 instructors...
    23:47:54.575 | 454 ool-1-worker-218 | DEBUG | d.t.c.a.a.c.u.util.UserUtilService   : 2 instructors generated
    23:47:54.577 | 454 ool-1-worker-218 | DEBUG | d.t.c.a.a.c.u.util.UserUtilService   : Removing 8 users from all courses...
    23:47:54.579 | 454 ool-1-worker-218 | DEBUG | d.t.c.a.a.c.u.util.UserUtilService   : Removing 8 users from all courses. Done
    23:47:54.579 | 454 ool-1-worker-218 | DEBUG | d.t.c.a.a.c.u.util.UserUtilService   : Save 8 users to database...
    23:47:54.585 | 454 ool-1-worker-218 | DEBUG | d.t.c.a.a.c.u.util.UserUtilService   : Save 8 users to database. Done
    23:47:54.611 | 454 ool-1-worker-218 | INFO  | i.z.t.d.l.EmbeddedDatabaseReporter   : JDBC URL to connect to 'dataSource': url='jdbc:h2:tcp://localhost:41063/mem:df70fc46-7e57-4cb5-9cd0-c1d90c14afa7;USER=sa', scope='ProgrammingExerciseParticipationIntegrationTest#testGetParticipationWithLatestResult_multipleResultsAvailable'
    23:47:54.615 | 454 ool-1-worker-218 | DEBUG | PersonalAccessTokenManagementService : Generate secure vcs access token
    23:47:54.617 | 454 ool-1-worker-218 | DEBUG | .c.s.m.InstanceMessageReceiveService : Received schedule participant score for exercise 3578 and participant 703 (result to be deleted: null)
    23:47:54.617 | 454 ool-1-worker-218 | DEBUG | .a.s.ParticipantScoreScheduleService : Scheduled task for exercise 3578 and participant 703 at 2025-02-14T23:47:54.717657838Z[Etc/UTC].
    23:47:54.629 | 454 ool-1-worker-218 | DEBUG | .c.s.m.InstanceMessageReceiveService : Received schedule participant score for exercise 3578 and participant 703 (result to be deleted: null)
    23:47:54.629 | 454 ool-1-worker-218 | DEBUG | .a.s.ParticipantScoreScheduleService : Scheduled task for exercise 3578 and participant 703 at 2025-02-14T23:47:54.729770999Z[Etc/UTC].
    23:47:54.631 | 454 ool-1-worker-218 | DEBUG | .c.s.m.InstanceMessageReceiveService : Received schedule participant score for exercise 3578 and participant 703 (result to be deleted: null)
    23:47:54.631 | 454 ool-1-worker-218 | DEBUG | .a.s.ParticipantScoreScheduleService : Scheduled task for exercise 3578 and participant 703 at 2025-02-14T23:47:54.731872658Z[Etc/UTC].
    23:47:54.636 | 454 ool-1-worker-218 | DEBUG | d.t.c.a.a.c.s.f.ApiVersionFilter     : Adding Version to Request GET /api/programming-exercise-participations/3135/student-participation-with-latest-result-and-feedbacks

  Starting logs for ProgrammingExerciseParticipationIntegrationTest > getLatestSubmissionsForExercise_instructor()
    23:47:54.660 | 454 ool-1-worker-218 | DEBUG | d.t.c.a.a.c.u.util.UserUtilService   : Generate 4 students...
    23:47:54.667 | 454 ool-1-worker-218 | DEBUG | d.t.c.a.a.c.u.util.UserUtilService   : 4 students generated. Generate 2 tutors...
    23:47:54.671 | 454 ool-1-worker-218 | DEBUG | d.t.c.a.a.c.u.util.UserUtilService   : 2 tutors generated. Generate 0 editors...
    23:47:54.673 | 454 ool-1-worker-218 | DEBUG | d.t.c.a.a.c.u.util.UserUtilService   : 0 editors generated. Generate 2 instructors...
    23:47:54.677 | 454 ool-1-worker-218 | DEBUG | d.t.c.a.a.c.u.util.UserUtilService   : 2 instructors generated
    23:47:54.679 | 454 ool-1-worker-218 | DEBUG | d.t.c.a.a.c.u.util.UserUtilService   : Removing 8 users from all courses...
    23:47:54.680 | 454 ool-1-worker-218 | DEBUG | d.t.c.a.a.c.u.util.UserUtilService   : Removing 8 users from all courses. Done
    23:47:54.680 | 454 ool-1-worker-218 | DEBUG | d.t.c.a.a.c.u.util.UserUtilService   : Save 8 users to database...
    23:47:54.687 | 454 ool-1-worker-218 | DEBUG | d.t.c.a.a.c.u.util.UserUtilService   : Save 8 users to database. Done
    23:47:54.711 | 454 ool-1-worker-218 | INFO  | i.z.t.d.l.EmbeddedDatabaseReporter   : JDBC URL to connect to 'dataSource': url='jdbc:h2:tcp://localhost:41063/mem:df70fc46-7e57-4cb5-9cd0-c1d90c14afa7;USER=sa', scope='ProgrammingExerciseParticipationIntegrationTest#getLatestSubmissionsForExercise_instructor'
    23:47:54.714 | 454 ool-1-worker-218 | DEBUG | PersonalAccessTokenManagementService : Generate secure vcs access token
    23:47:54.719 | 454 ool-1-worker-218 | DEBUG | PersonalAccessTokenManagementService : Generate secure vcs access token
    23:47:54.723 | 454 ool-1-worker-218 | DEBUG | PersonalAccessTokenManagementService : Generate secure vcs access token
    23:47:54.726 | 454 ool-1-worker-218 | DEBUG | .c.s.m.InstanceMessageReceiveService : Received schedule participant score for exercise 3579 and participant 705 (result to be deleted: null)
    23:47:54.726 | 454 ool-1-worker-218 | DEBUG | .a.s.ParticipantScoreScheduleService : Scheduled task for exercise 3579 and participant 705 at 2025-02-14T23:47:54.826270607Z[Etc/UTC].
    23:47:54.743 | 454 ool-1-worker-218 | DEBUG | .c.s.m.InstanceMessageReceiveService : Received schedule participant score for exercise 3579 and participant 705 (result to be deleted: null)
    23:47:54.743 | 454 ool-1-worker-218 | DEBUG | .a.s.ParticipantScoreScheduleService : Scheduled task for exercise 3579 and participant 705 at 2025-02-14T23:47:54.843671650Z[Etc/UTC].
    23:47:54.753 | 454 ool-1-worker-218 | DEBUG | .c.s.m.InstanceMessageReceiveService : Received schedule participant score for exercise 3579 and participant 705 (result to be deleted: null)
    23:47:54.753 | 454 ool-1-worker-218 | DEBUG | .a.s.ParticipantScoreScheduleService : Scheduled task for exercise 3579 and participant 705 at 2025-02-14T23:47:54.853871813Z[Etc/UTC].
    23:47:54.771 | 454 ool-1-worker-218 | DEBUG | d.t.c.a.a.c.s.f.ApiVersionFilter     : Adding Version to Request GET /api/programming-exercises/3579/latest-pending-submissions

  Starting logs for ProgrammingExerciseParticipationIntegrationTest > testGetLatestPendingSubmission_notProgrammingParticipation()
    23:47:54.796 | 454 ool-1-worker-218 | DEBUG | d.t.c.a.a.c.u.util.UserUtilService   : Generate 4 students...
    23:47:54.803 | 454 ool-1-worker-218 | DEBUG | d.t.c.a.a.c.u.util.UserUtilService   : 4 students generated. Generate 2 tutors...
    23:47:54.807 | 454 ool-1-worker-218 | DEBUG | d.t.c.a.a.c.u.util.UserUtilService   : 2 tutors generated. Generate 0 editors...
    23:47:54.808 | 454 ool-1-worker-218 | DEBUG | d.t.c.a.a.c.u.util.UserUtilService   : 0 editors generated. Generate 2 instructors...
    23:47:54.813 | 454 ool-1-worker-218 | DEBUG | d.t.c.a.a.c.u.util.UserUtilService   : 2 instructors generated
    23:47:54.815 | 454 ool-1-worker-218 | DEBUG | d.t.c.a.a.c.u.util.UserUtilService   : Removing 8 users from all courses...
    23:47:54.816 | 454 ool-1-worker-218 | DEBUG | d.t.c.a.a.c.u.util.UserUtilService   : Removing 8 users from all courses. Done
    23:47:54.816 | 454 ool-1-worker-218 | DEBUG | d.t.c.a.a.c.u.util.UserUtilService   : Save 8 users to database...
    23:47:54.821 | 454 ool-1-worker-218 | DEBUG | d.t.c.a.a.c.u.util.UserUtilService   : Save 8 users to database. Done
    23:47:54.846 | 454 ool-1-worker-218 | INFO  | i.z.t.d.l.EmbeddedDatabaseReporter   : JDBC URL to connect to 'dataSource': url='jdbc:h2:tcp://localhost:41063/mem:df70fc46-7e57-4cb5-9cd0-c1d90c14afa7;USER=sa', scope='ProgrammingExerciseParticipationIntegrationTest#testGetLatestPendingSubmission_notProgrammingParticipation'
    23:47:54.847 | 454 ool-1-worker-218 | DEBUG | d.t.c.a.a.c.s.f.ApiVersionFilter     : Adding Version to Request GET /api/programming-exercise-participations/3143/latest-pending-submission
    23:47:54.858 | 454 ool-1-worker-218 | WARN  | o.z.p.spring.common.AdviceTraits     : Not Found: participation with id: "3143" does not exist

  Starting logs for ProgrammingExerciseParticipationIntegrationTest > retrieveCommitInfoEditorForbidden()
    23:47:54.875 | 454 ool-1-worker-218 | DEBUG | d.t.c.a.a.c.u.util.UserUtilService   : Generate 4 students...
    23:47:54.882 | 454 ool-1-worker-218 | DEBUG | d.t.c.a.a.c.u.util.UserUtilService   : 4 students generated. Generate 2 tutors...
    23:47:54.886 | 454 ool-1-worker-218 | DEBUG | d.t.c.a.a.c.u.util.UserUtilService   : 2 tutors generated. Generate 0 editors...
    23:47:54.887 | 454 ool-1-worker-218 | DEBUG | d.t.c.a.a.c.u.util.UserUtilService   : 0 editors generated. Generate 2 instructors...
    23:47:54.891 | 454 ool-1-worker-218 | DEBUG | d.t.c.a.a.c.u.util.UserUtilService   : 2 instructors generated
    23:47:54.894 | 454 ool-1-worker-218 | DEBUG | d.t.c.a.a.c.u.util.UserUtilService   : Removing 8 users from all courses...
    23:47:54.895 | 454 ool-1-worker-218 | DEBUG | d.t.c.a.a.c.u.util.UserUtilService   : Removing 8 users from all courses. Done
    23:47:54.895 | 454 ool-1-worker-218 | DEBUG | d.t.c.a.a.c.u.util.UserUtilService   : Save 8 users to database...
    23:47:54.902 | 454 ool-1-worker-218 | DEBUG | d.t.c.a.a.c.u.util.UserUtilService   : Save 8 users to database. Done
    23:47:54.927 | 454 ool-1-worker-218 | INFO  | i.z.t.d.l.EmbeddedDatabaseReporter   : JDBC URL to connect to 'dataSource': url='jdbc:h2:tcp://localhost:41063/mem:df70fc46-7e57-4cb5-9cd0-c1d90c14afa7;USER=sa', scope='ProgrammingExerciseParticipationIntegrationTest#retrieveCommitInfoEditorForbidden'
    23:47:54.930 | 454 ool-1-worker-218 | DEBUG | PersonalAccessTokenManagementService : Generate secure vcs access token
    23:47:54.932 | 454 ool-1-worker-218 | DEBUG | d.t.c.a.a.c.s.f.ApiVersionFilter     : Adding Version to Request GET /api/programming-exercise-participations/3146/commits-info
    23:47:54.933 | 454 ool-1-worker-218 | WARN  | o.z.p.spring.common.AdviceTraits     : Forbidden: Access Denied

  Starting logs for ProgrammingExerciseParticipationIntegrationTest > testGetLatestResultWithFeedbacksForTemplateParticipationAsInstructor()
    23:47:54.948 | 454 ool-1-worker-218 | DEBUG | d.t.c.a.a.c.u.util.UserUtilService   : Generate 4 students...
    23:47:54.955 | 454 ool-1-worker-218 | DEBUG | d.t.c.a.a.c.u.util.UserUtilService   : 4 students generated. Generate 2 tutors...
    23:47:54.959 | 454 ool-1-worker-218 | DEBUG | d.t.c.a.a.c.u.util.UserUtilService   : 2 tutors generated. Generate 0 editors...
    23:47:54.960 | 454 ool-1-worker-218 | DEBUG | d.t.c.a.a.c.u.util.UserUtilService   : 0 editors generated. Generate 2 instructors...
    23:47:54.964 | 454 ool-1-worker-218 | DEBUG | d.t.c.a.a.c.u.util.UserUtilService   : 2 instructors generated
    23:47:54.967 | 454 ool-1-worker-218 | DEBUG | d.t.c.a.a.c.u.util.UserUtilService   : Removing 8 users from all courses...
    23:47:54.969 | 454 ool-1-worker-218 | DEBUG | d.t.c.a.a.c.u.util.UserUtilService   : Removing 8 users from all courses. Done
    23:47:54.969 | 454 ool-1-worker-218 | DEBUG | d.t.c.a.a.c.u.util.UserUtilService   : Save 8 users to database...
    23:47:54.975 | 454 ool-1-worker-218 | DEBUG | d.t.c.a.a.c.u.util.UserUtilService   : Save 8 users to database. Done
    23:47:54.999 | 454 ool-1-worker-218 | INFO  | i.z.t.d.l.EmbeddedDatabaseReporter   : JDBC URL to connect to 'dataSource': url='jdbc:h2:tcp://localhost:41063/mem:df70fc46-7e57-4cb5-9cd0-c1d90c14afa7;USER=sa', scope='ProgrammingExerciseParticipationIntegrationTest#testGetLatestResultWithFeedbacksForTemplateParticipationAsInstructor'
    23:47:55.020 | 454 ool-1-worker-218 | DEBUG | d.t.c.a.a.c.s.f.ApiVersionFilter     : Adding Version to Request GET /api/programming-exercise-participations/3149/latest-result-with-feedbacks

  Starting logs for ProgrammingExerciseParticipationIntegrationTest > testGetLatestResultWithFeedbacksAsStudent_showsResultAfterExamResultsPublished()
    23:47:55.042 | 454 ool-1-worker-218 | DEBUG | d.t.c.a.a.c.u.util.UserUtilService   : Generate 4 students...
    23:47:55.049 | 454 ool-1-worker-218 | DEBUG | d.t.c.a.a.c.u.util.UserUtilService   : 4 students generated. Generate 2 tutors...
    23:47:55.053 | 454 ool-1-worker-218 | DEBUG | d.t.c.a.a.c.u.util.UserUtilService   : 2 tutors generated. Generate 0 editors...
    23:47:55.055 | 454 ool-1-worker-218 | DEBUG | d.t.c.a.a.c.u.util.UserUtilService   : 0 editors generated. Generate 2 instructors...
    23:47:55.058 | 454 ool-1-worker-218 | DEBUG | d.t.c.a.a.c.u.util.UserUtilService   : 2 instructors generated
    23:47:55.061 | 454 ool-1-worker-218 | DEBUG | d.t.c.a.a.c.u.util.UserUtilService   : Removing 8 users from all courses...
    23:47:55.062 | 454 ool-1-worker-218 | DEBUG | d.t.c.a.a.c.u.util.UserUtilService   : Removing 8 users from all courses. Done
    23:47:55.062 | 454 ool-1-worker-218 | DEBUG | d.t.c.a.a.c.u.util.UserUtilService   : Save 8 users to database...
    23:47:55.068 | 454 ool-1-worker-218 | DEBUG | d.t.c.a.a.c.u.util.UserUtilService   : Save 8 users to database. Done
    23:47:55.093 | 454 ool-1-worker-218 | INFO  | i.z.t.d.l.EmbeddedDatabaseReporter   : JDBC URL to connect to 'dataSource': url='jdbc:h2:tcp://localhost:41063/mem:df70fc46-7e57-4cb5-9cd0-c1d90c14afa7;USER=sa', scope='ProgrammingExerciseParticipationIntegrationTest#testGetLatestResultWithFeedbacksAsStudent_showsResultAfterExamResultsPublished'
    23:47:55.114 | 454 ool-1-worker-218 | DEBUG | PersonalAccessTokenManagementService : Generate secure vcs access token
    23:47:55.117 | 454 ool-1-worker-218 | DEBUG | .c.s.m.InstanceMessageReceiveService : Received schedule participant score for exercise 3584 and participant 703 (result to be deleted: null)
    23:47:55.117 | 454 ool-1-worker-218 | DEBUG | .a.s.ParticipantScoreScheduleService : Scheduled task for exercise 3584 and participant 703 at 2025-02-14T23:47:55.217441862Z[Etc/UTC].
    23:47:55.128 | 454 ool-1-worker-218 | DEBUG | .c.s.m.InstanceMessageReceiveService : Received schedule participant score for exercise 3584 and participant 703 (result to be deleted: null)
    23:47:55.128 | 454 ool-1-worker-218 | DEBUG | .a.s.ParticipantScoreScheduleService : Scheduled task for exercise 3584 and participant 703 at 2025-02-14T23:47:55.228917123Z[Etc/UTC].
    23:47:55.130 | 454 ool-1-worker-218 | DEBUG | d.t.c.a.a.c.s.f.ApiVersionFilter     : Adding Version to Request GET /api/programming-exercise-participations/3154/latest-result-with-feedbacks

Finished logs for ProgrammingExerciseParticipationIntegrationTest
]]></system-out>
  <system-err><![CDATA[]]></system-err>
</testsuite>
