<?xml version="1.0" encoding="UTF-8"?>
<testsuite name="de.tum.cit.aet.artemis.programming.icl.LocalVCLocalCIIntegrationTest$BuildJobConfigurationTest" tests="4" skipped="0" failures="0" errors="0" timestamp="2025-02-14T23:46:01" hostname="fv-az1721-502" time="1.512">
  <properties/>
  <testcase name="testPriorityRunningExam()" classname="de.tum.cit.aet.artemis.programming.icl.LocalVCLocalCIIntegrationTest$BuildJobConfigurationTest" time="0.363"/>
  <testcase name="testBuildPriorityBeforeDueDate()" classname="de.tum.cit.aet.artemis.programming.icl.LocalVCLocalCIIntegrationTest$BuildJobConfigurationTest" time="0.464"/>
  <testcase name="testBuildPriorityAfterDueDate()" classname="de.tum.cit.aet.artemis.programming.icl.LocalVCLocalCIIntegrationTest$BuildJobConfigurationTest" time="0.323"/>
  <testcase name="testDockerFlagsParsing()" classname="de.tum.cit.aet.artemis.programming.icl.LocalVCLocalCIIntegrationTest$BuildJobConfigurationTest" time="0.35"/>
  <system-out><![CDATA[
Starting logs for BuildJobConfigurationTest

  Starting logs for BuildJobConfigurationTest > testPriorityRunningExam()
    23:46:01.509 |  27 nPool-1-worker-1 | DEBUG | d.t.c.a.a.c.u.util.UserUtilService   : Generate 2 students...
    23:46:01.513 |  27 nPool-1-worker-1 | DEBUG | d.t.c.a.a.c.u.util.UserUtilService   : 2 students generated. Generate 1 tutors...
    23:46:01.516 |  27 nPool-1-worker-1 | DEBUG | d.t.c.a.a.c.u.util.UserUtilService   : 1 tutors generated. Generate 0 editors...
    23:46:01.517 |  27 nPool-1-worker-1 | DEBUG | d.t.c.a.a.c.u.util.UserUtilService   : 0 editors generated. Generate 2 instructors...
    23:46:01.522 |  27 nPool-1-worker-1 | DEBUG | d.t.c.a.a.c.u.util.UserUtilService   : 2 instructors generated
    23:46:01.523 |  27 nPool-1-worker-1 | DEBUG | d.t.c.a.a.c.u.util.UserUtilService   : Removing 4 users from all courses...
    23:46:01.524 |  27 nPool-1-worker-1 | DEBUG | d.t.c.a.a.c.u.util.UserUtilService   : Removing 4 users from all courses. Done
    23:46:01.524 |  27 nPool-1-worker-1 | DEBUG | d.t.c.a.a.c.u.util.UserUtilService   : Save 5 users to database...
    23:46:01.529 |  27 nPool-1-worker-1 | DEBUG | d.t.c.a.a.c.u.util.UserUtilService   : Save 5 users to database. Done
    23:46:01.754 |  27 nPool-1-worker-1 | INFO  | i.z.t.d.l.EmbeddedDatabaseReporter   : JDBC URL to connect to 'dataSource': url='jdbc:h2:tcp://localhost:41063/mem:f240edcd-27ce-47a3-b4ab-a6a00c154135;USER=sa', scope='BuildJobConfigurationTest#testPriorityRunningExam'
    23:46:01.770 |  27 nPool-1-worker-1 | INFO  | .a.p.i.LocalVCLocalCIIntegrationTest : Creating participation
    23:46:01.773 |  27 nPool-1-worker-1 | DEBUG | PersonalAccessTokenManagementService : Generate secure vcs access token
    23:46:01.778 |  27 nPool-1-worker-1 | DEBUG | .c.a.a.p.i.LocalVCLocalCITestService : Created participation with id: 2050
    23:46:01.811 |  27 nPool-1-worker-1 | INFO  | .t.c.a.a.p.s.l.LocalCITriggerService : Triggering build for participation 2050 and commit hash null
    23:46:01.811 |  27 nPool-1-worker-1 | DEBUG | d.t.c.a.a.p.s.AbstractGitService     : getLastCommitHash http://localhost:49152/git/SHORTC98F8213027B1042960AFE600BC07253889DTSTEXC/shortc98f8213027b1042960afe600bc07253889dtstexc-localvcciintstudent1.git
    23:46:01.812 |  27 nPool-1-worker-1 | ERROR | d.t.c.a.a.p.s.AbstractGitService     : Cannot use ssh properly because of mismatch of Jgit transport object: org.eclipse.jgit.transport.TransportLocal@4b67cd25
    23:46:01.813 |  27 nPool-1-worker-1 | DEBUG | d.t.c.a.a.p.s.AbstractGitService     : getLastCommitHash http://localhost:49152/git/SHORTC98F8213027B1042960AFE600BC07253889DTSTEXC/shortc98f8213027b1042960afe600bc07253889dtstexc-tests.git
    23:46:01.814 |  27 nPool-1-worker-1 | ERROR | d.t.c.a.a.p.s.AbstractGitService     : Cannot use ssh properly because of mismatch of Jgit transport object: org.eclipse.jgit.transport.TransportLocal@15ad3ed4
    23:46:01.820 |  27 nPool-1-worker-1 | INFO  | .t.c.a.a.p.s.l.LocalCITriggerService : Added build job 20501739576761816 for exercise TSTEXC and participation 2050 with priority 1 to the queue
    23:46:01.820 | 566 localvc.event-13 | DEBUG | s.l.LocalCIWebsocketMessagingService : Sending message on topic /topic/admin/queued-jobs: [BuildJobQueueItem[id=20501739576761816, name=SHORTC98F8213027B1042960AFE600BC07253889DTSTEXC-LOCALVCCIINTSTUDENT1, buildAgent=BuildAgentDTO[name=null, memberAddress=null, displayName=null], participationId=2050, courseId=1000, exerciseId=2617, retryCount=0, priority=1, status=null, repositoryInfo=RepositoryInfo[repositoryName=shortc98f8213027b1042960afe600bc07253889dtstexc-localvcciintstudent1, repositoryType=user, triggeredByPushTo=user, assignmentRepositoryUri=, testRepositoryUri=, solutionRepositoryUri=, auxiliaryRepositoryUris=null, auxiliaryRepositoryCheckoutDirectories=null], jobTimingInfo=JobTimingInfo[submissionDate=2025-02-14T23:46:01.816398072Z[Etc/UTC], buildStartDate=null, buildCompletionDate=null, estimatedCompletionDate=null, estimatedDuration=19], buildConfig=BuildConfig[buildScript=, dockerImage=, commitHashToBuild=null, assignmentCommitHash=, testCommitHash=, branch=, programmingLanguage=null, projectType=null, scaEnabled=false, sequentialTestRunsEnabled=false, resultPaths=null, timeoutSeconds=0, assignmentCheckoutPath=, testCheckoutPath=, solutionCheckoutPath=, dockerRunConfig=null], submissionResult=null]]
    23:46:01.820 | 566 localvc.event-13 | DEBUG | s.l.LocalCIWebsocketMessagingService : Sending message on topic /topic/courses/1000/queued-jobs: [BuildJobQueueItem[id=20501739576761816, name=SHORTC98F8213027B1042960AFE600BC07253889DTSTEXC-LOCALVCCIINTSTUDENT1, buildAgent=BuildAgentDTO[name=null, memberAddress=null, displayName=null], participationId=2050, courseId=1000, exerciseId=2617, retryCount=0, priority=1, status=null, repositoryInfo=RepositoryInfo[repositoryName=shortc98f8213027b1042960afe600bc07253889dtstexc-localvcciintstudent1, repositoryType=user, triggeredByPushTo=user, assignmentRepositoryUri=, testRepositoryUri=, solutionRepositoryUri=, auxiliaryRepositoryUris=null, auxiliaryRepositoryCheckoutDirectories=null], jobTimingInfo=JobTimingInfo[submissionDate=2025-02-14T23:46:01.816398072Z[Etc/UTC], buildStartDate=null, buildCompletionDate=null, estimatedCompletionDate=null, estimatedDuration=19], buildConfig=BuildConfig[buildScript=, dockerImage=, commitHashToBuild=null, assignmentCommitHash=, testCommitHash=, branch=, programmingLanguage=null, projectType=null, scaEnabled=false, sequentialTestRunsEnabled=false, resultPaths=null, timeoutSeconds=0, assignmentCheckoutPath=, testCheckoutPath=, solutionCheckoutPath=, dockerRunConfig=null], submissionResult=null]]
    23:46:01.821 |  27 nPool-1-worker-1 | INFO  | .a.p.i.LocalVCLocalCIIntegrationTest : Trigger build done
    23:46:01.821 | 974 waitility-thread | INFO  | .a.p.i.LocalVCLocalCIIntegrationTest : Poll queue jobs: is null false
    23:46:01.822 | 566 localvc.event-13 | DEBUG | s.l.LocalCIWebsocketMessagingService : Sending message on topic /topic/admin/queued-jobs: []
    23:46:01.822 | 566 localvc.event-13 | DEBUG | s.l.LocalCIWebsocketMessagingService : Sending message on topic /topic/courses/1000/queued-jobs: []
    23:46:01.822 |  27 nPool-1-worker-1 | INFO  | .a.p.i.LocalVCLocalCIIntegrationTest : Polled queue item
    23:46:01.822 |  27 nPool-1-worker-1 | INFO  | .a.p.i.LocalVCLocalCIIntegrationTest : Assertions done
    23:46:01.823 |  27 nPool-1-worker-1 | INFO  | .a.p.i.LocalVCLocalCIIntegrationTest : Clear queued jobs done
    23:46:01.823 |  27 nPool-1-worker-1 | INFO  | .a.p.i.LocalVCLocalCIIntegrationTest : Cleanup queue processing service done

  Starting logs for BuildJobConfigurationTest > testBuildPriorityBeforeDueDate()
    23:46:01.876 |  27 nPool-1-worker-1 | DEBUG | d.t.c.a.a.c.u.util.UserUtilService   : Generate 2 students...
    23:46:01.880 |  27 nPool-1-worker-1 | DEBUG | d.t.c.a.a.c.u.util.UserUtilService   : 2 students generated. Generate 1 tutors...
    23:46:01.883 |  27 nPool-1-worker-1 | DEBUG | d.t.c.a.a.c.u.util.UserUtilService   : 1 tutors generated. Generate 0 editors...
    23:46:01.888 |  27 nPool-1-worker-1 | DEBUG | d.t.c.a.a.c.u.util.UserUtilService   : 0 editors generated. Generate 2 instructors...
    23:46:01.895 |  27 nPool-1-worker-1 | DEBUG | d.t.c.a.a.c.u.util.UserUtilService   : 2 instructors generated
    23:46:01.898 |  27 nPool-1-worker-1 | DEBUG | d.t.c.a.a.c.u.util.UserUtilService   : Removing 4 users from all courses...
    23:46:01.900 |  27 nPool-1-worker-1 | DEBUG | d.t.c.a.a.c.u.util.UserUtilService   : Removing 4 users from all courses. Done
    23:46:01.900 |  27 nPool-1-worker-1 | DEBUG | d.t.c.a.a.c.u.util.UserUtilService   : Save 5 users to database...
    23:46:01.909 |  27 nPool-1-worker-1 | DEBUG | d.t.c.a.a.c.u.util.UserUtilService   : Save 5 users to database. Done
    23:46:02.166 |  27 nPool-1-worker-1 | INFO  | i.z.t.d.l.EmbeddedDatabaseReporter   : JDBC URL to connect to 'dataSource': url='jdbc:h2:tcp://localhost:41063/mem:f240edcd-27ce-47a3-b4ab-a6a00c154135;USER=sa', scope='BuildJobConfigurationTest#testBuildPriorityBeforeDueDate'
    23:46:02.166 |  27 nPool-1-worker-1 | INFO  | .a.p.i.LocalVCLocalCIIntegrationTest : Creating participation
    23:46:02.171 |  27 nPool-1-worker-1 | DEBUG | PersonalAccessTokenManagementService : Generate secure vcs access token
    23:46:02.175 |  27 nPool-1-worker-1 | DEBUG | .c.a.a.p.i.LocalVCLocalCITestService : Created participation with id: 2053
    23:46:02.234 |  27 nPool-1-worker-1 | INFO  | .t.c.a.a.p.s.l.LocalCITriggerService : Triggering build for participation 2053 and commit hash null
    23:46:02.234 |  27 nPool-1-worker-1 | DEBUG | d.t.c.a.a.p.s.AbstractGitService     : getLastCommitHash http://localhost:49152/git/SHORTB24E9DD7099A904A410BE230745E12BD1915TSTEXC/shortb24e9dd7099a904a410be230745e12bd1915tstexc-localvcciintstudent1.git
    23:46:02.234 |  27 nPool-1-worker-1 | ERROR | d.t.c.a.a.p.s.AbstractGitService     : Cannot use ssh properly because of mismatch of Jgit transport object: org.eclipse.jgit.transport.TransportLocal@105e0570
    23:46:02.258 |  27 nPool-1-worker-1 | DEBUG | d.t.c.a.a.p.s.AbstractGitService     : getLastCommitHash http://localhost:49152/git/SHORTB24E9DD7099A904A410BE230745E12BD1915TSTEXC/shortb24e9dd7099a904a410be230745e12bd1915tstexc-tests.git
    23:46:02.258 |  27 nPool-1-worker-1 | ERROR | d.t.c.a.a.p.s.AbstractGitService     : Cannot use ssh properly because of mismatch of Jgit transport object: org.eclipse.jgit.transport.TransportLocal@2c2e4ac8
    23:46:02.279 |  27 nPool-1-worker-1 | INFO  | .t.c.a.a.p.s.l.LocalCITriggerService : Added build job 20531739576762272 for exercise TSTEXC and participation 2053 with priority 2 to the queue
    23:46:02.279 | 566 localvc.event-13 | DEBUG | s.l.LocalCIWebsocketMessagingService : Sending message on topic /topic/admin/queued-jobs: [BuildJobQueueItem[id=20531739576762272, name=SHORTB24E9DD7099A904A410BE230745E12BD1915TSTEXC-LOCALVCCIINTSTUDENT1, buildAgent=BuildAgentDTO[name=null, memberAddress=null, displayName=null], participationId=2053, courseId=1001, exerciseId=2618, retryCount=0, priority=2, status=null, repositoryInfo=RepositoryInfo[repositoryName=shortb24e9dd7099a904a410be230745e12bd1915tstexc-localvcciintstudent1, repositoryType=user, triggeredByPushTo=user, assignmentRepositoryUri=, testRepositoryUri=, solutionRepositoryUri=, auxiliaryRepositoryUris=null, auxiliaryRepositoryCheckoutDirectories=null], jobTimingInfo=JobTimingInfo[submissionDate=2025-02-14T23:46:02.272221285Z[Etc/UTC], buildStartDate=null, buildCompletionDate=null, estimatedCompletionDate=null, estimatedDuration=19], buildConfig=BuildConfig[buildScript=, dockerImage=, commitHashToBuild=null, assignmentCommitHash=, testCommitHash=, branch=, programmingLanguage=null, projectType=null, scaEnabled=false, sequentialTestRunsEnabled=false, resultPaths=null, timeoutSeconds=0, assignmentCheckoutPath=, testCheckoutPath=, solutionCheckoutPath=, dockerRunConfig=null], submissionResult=null]]
    23:46:02.280 | 566 localvc.event-13 | DEBUG | s.l.LocalCIWebsocketMessagingService : Sending message on topic /topic/courses/1001/queued-jobs: [BuildJobQueueItem[id=20531739576762272, name=SHORTB24E9DD7099A904A410BE230745E12BD1915TSTEXC-LOCALVCCIINTSTUDENT1, buildAgent=BuildAgentDTO[name=null, memberAddress=null, displayName=null], participationId=2053, courseId=1001, exerciseId=2618, retryCount=0, priority=2, status=null, repositoryInfo=RepositoryInfo[repositoryName=shortb24e9dd7099a904a410be230745e12bd1915tstexc-localvcciintstudent1, repositoryType=user, triggeredByPushTo=user, assignmentRepositoryUri=, testRepositoryUri=, solutionRepositoryUri=, auxiliaryRepositoryUris=null, auxiliaryRepositoryCheckoutDirectories=null], jobTimingInfo=JobTimingInfo[submissionDate=2025-02-14T23:46:02.272221285Z[Etc/UTC], buildStartDate=null, buildCompletionDate=null, estimatedCompletionDate=null, estimatedDuration=19], buildConfig=BuildConfig[buildScript=, dockerImage=, commitHashToBuild=null, assignmentCommitHash=, testCommitHash=, branch=, programmingLanguage=null, projectType=null, scaEnabled=false, sequentialTestRunsEnabled=false, resultPaths=null, timeoutSeconds=0, assignmentCheckoutPath=, testCheckoutPath=, solutionCheckoutPath=, dockerRunConfig=null], submissionResult=null]]
    23:46:02.280 |  27 nPool-1-worker-1 | INFO  | .a.p.i.LocalVCLocalCIIntegrationTest : Trigger build done
    23:46:02.286 | 984 waitility-thread | INFO  | .a.p.i.LocalVCLocalCIIntegrationTest : Poll queue jobs: is null false
    23:46:02.286 |  27 nPool-1-worker-1 | INFO  | .a.p.i.LocalVCLocalCIIntegrationTest : Polled queue item
    23:46:02.286 |  27 nPool-1-worker-1 | INFO  | .a.p.i.LocalVCLocalCIIntegrationTest : Assertions done
    23:46:02.286 | 566 localvc.event-13 | DEBUG | s.l.LocalCIWebsocketMessagingService : Sending message on topic /topic/admin/queued-jobs: []
    23:46:02.286 |  27 nPool-1-worker-1 | INFO  | .a.p.i.LocalVCLocalCIIntegrationTest : Clear queued jobs done
    23:46:02.287 | 566 localvc.event-13 | DEBUG | s.l.LocalCIWebsocketMessagingService : Sending message on topic /topic/courses/1001/queued-jobs: []
    23:46:02.289 |  27 nPool-1-worker-1 | INFO  | .a.p.i.LocalVCLocalCIIntegrationTest : Cleanup queue processing service done

  Starting logs for BuildJobConfigurationTest > testBuildPriorityAfterDueDate()
    23:46:02.347 |  27 nPool-1-worker-1 | DEBUG | d.t.c.a.a.c.u.util.UserUtilService   : Generate 2 students...
    23:46:02.353 |  27 nPool-1-worker-1 | DEBUG | d.t.c.a.a.c.u.util.UserUtilService   : 2 students generated. Generate 1 tutors...
    23:46:02.356 |  27 nPool-1-worker-1 | DEBUG | d.t.c.a.a.c.u.util.UserUtilService   : 1 tutors generated. Generate 0 editors...
    23:46:02.357 |  27 nPool-1-worker-1 | DEBUG | d.t.c.a.a.c.u.util.UserUtilService   : 0 editors generated. Generate 2 instructors...
    23:46:02.361 |  27 nPool-1-worker-1 | DEBUG | d.t.c.a.a.c.u.util.UserUtilService   : 2 instructors generated
    23:46:02.362 |  27 nPool-1-worker-1 | DEBUG | d.t.c.a.a.c.u.util.UserUtilService   : Removing 4 users from all courses...
    23:46:02.363 |  27 nPool-1-worker-1 | DEBUG | d.t.c.a.a.c.u.util.UserUtilService   : Removing 4 users from all courses. Done
    23:46:02.363 |  27 nPool-1-worker-1 | DEBUG | d.t.c.a.a.c.u.util.UserUtilService   : Save 5 users to database...
    23:46:02.368 |  27 nPool-1-worker-1 | DEBUG | d.t.c.a.a.c.u.util.UserUtilService   : Save 5 users to database. Done
    23:46:02.533 |  27 nPool-1-worker-1 | INFO  | i.z.t.d.l.EmbeddedDatabaseReporter   : JDBC URL to connect to 'dataSource': url='jdbc:h2:tcp://localhost:41063/mem:f240edcd-27ce-47a3-b4ab-a6a00c154135;USER=sa', scope='BuildJobConfigurationTest#testBuildPriorityAfterDueDate'
    23:46:02.538 |  27 nPool-1-worker-1 | INFO  | .a.p.i.LocalVCLocalCIIntegrationTest : Creating participation
    23:46:02.543 |  27 nPool-1-worker-1 | DEBUG | PersonalAccessTokenManagementService : Generate secure vcs access token
    23:46:02.548 |  27 nPool-1-worker-1 | DEBUG | .c.a.a.p.i.LocalVCLocalCITestService : Created participation with id: 2056
    23:46:02.596 |  27 nPool-1-worker-1 | INFO  | .t.c.a.a.p.s.l.LocalCITriggerService : Triggering build for participation 2056 and commit hash null
    23:46:02.596 |  27 nPool-1-worker-1 | DEBUG | d.t.c.a.a.p.s.AbstractGitService     : getLastCommitHash http://localhost:49152/git/SHORT5092226A034FE04E240897007B42FFE84BAFTSTEXC/short5092226a034fe04e240897007b42ffe84baftstexc-localvcciintstudent1.git
    23:46:02.596 |  27 nPool-1-worker-1 | ERROR | d.t.c.a.a.p.s.AbstractGitService     : Cannot use ssh properly because of mismatch of Jgit transport object: org.eclipse.jgit.transport.TransportLocal@7eeada84
    23:46:02.600 |  27 nPool-1-worker-1 | DEBUG | d.t.c.a.a.p.s.AbstractGitService     : getLastCommitHash http://localhost:49152/git/SHORT5092226A034FE04E240897007B42FFE84BAFTSTEXC/short5092226a034fe04e240897007b42ffe84baftstexc-tests.git
    23:46:02.600 |  27 nPool-1-worker-1 | ERROR | d.t.c.a.a.p.s.AbstractGitService     : Cannot use ssh properly because of mismatch of Jgit transport object: org.eclipse.jgit.transport.TransportLocal@5e5d0b87
    23:46:02.606 | 566 localvc.event-13 | DEBUG | s.l.LocalCIWebsocketMessagingService : Sending message on topic /topic/admin/queued-jobs: [BuildJobQueueItem[id=20561739576762602, name=SHORT5092226A034FE04E240897007B42FFE84BAFTSTEXC-LOCALVCCIINTSTUDENT1, buildAgent=BuildAgentDTO[name=null, memberAddress=null, displayName=null], participationId=2056, courseId=1002, exerciseId=2619, retryCount=0, priority=3, status=null, repositoryInfo=RepositoryInfo[repositoryName=short5092226a034fe04e240897007b42ffe84baftstexc-localvcciintstudent1, repositoryType=user, triggeredByPushTo=user, assignmentRepositoryUri=, testRepositoryUri=, solutionRepositoryUri=, auxiliaryRepositoryUris=null, auxiliaryRepositoryCheckoutDirectories=null], jobTimingInfo=JobTimingInfo[submissionDate=2025-02-14T23:46:02.602633177Z[Etc/UTC], buildStartDate=null, buildCompletionDate=null, estimatedCompletionDate=null, estimatedDuration=19], buildConfig=BuildConfig[buildScript=, dockerImage=, commitHashToBuild=null, assignmentCommitHash=, testCommitHash=, branch=, programmingLanguage=null, projectType=null, scaEnabled=false, sequentialTestRunsEnabled=false, resultPaths=null, timeoutSeconds=0, assignmentCheckoutPath=, testCheckoutPath=, solutionCheckoutPath=, dockerRunConfig=null], submissionResult=null]]
    23:46:02.608 | 566 localvc.event-13 | DEBUG | s.l.LocalCIWebsocketMessagingService : Sending message on topic /topic/courses/1002/queued-jobs: [BuildJobQueueItem[id=20561739576762602, name=SHORT5092226A034FE04E240897007B42FFE84BAFTSTEXC-LOCALVCCIINTSTUDENT1, buildAgent=BuildAgentDTO[name=null, memberAddress=null, displayName=null], participationId=2056, courseId=1002, exerciseId=2619, retryCount=0, priority=3, status=null, repositoryInfo=RepositoryInfo[repositoryName=short5092226a034fe04e240897007b42ffe84baftstexc-localvcciintstudent1, repositoryType=user, triggeredByPushTo=user, assignmentRepositoryUri=, testRepositoryUri=, solutionRepositoryUri=, auxiliaryRepositoryUris=null, auxiliaryRepositoryCheckoutDirectories=null], jobTimingInfo=JobTimingInfo[submissionDate=2025-02-14T23:46:02.602633177Z[Etc/UTC], buildStartDate=null, buildCompletionDate=null, estimatedCompletionDate=null, estimatedDuration=19], buildConfig=BuildConfig[buildScript=, dockerImage=, commitHashToBuild=null, assignmentCommitHash=, testCommitHash=, branch=, programmingLanguage=null, projectType=null, scaEnabled=false, sequentialTestRunsEnabled=false, resultPaths=null, timeoutSeconds=0, assignmentCheckoutPath=, testCheckoutPath=, solutionCheckoutPath=, dockerRunConfig=null], submissionResult=null]]
    23:46:02.612 |  27 nPool-1-worker-1 | INFO  | .t.c.a.a.p.s.l.LocalCITriggerService : Added build job 20561739576762602 for exercise TSTEXC and participation 2056 with priority 3 to the queue
    23:46:02.612 |  27 nPool-1-worker-1 | INFO  | .a.p.i.LocalVCLocalCIIntegrationTest : Trigger build done
    23:46:02.615 | 997 waitility-thread | INFO  | .a.p.i.LocalVCLocalCIIntegrationTest : Poll queue jobs: is null false
    23:46:02.615 |  27 nPool-1-worker-1 | INFO  | .a.p.i.LocalVCLocalCIIntegrationTest : Polled queue item
    23:46:02.615 |  27 nPool-1-worker-1 | INFO  | .a.p.i.LocalVCLocalCIIntegrationTest : Assertions done
    23:46:02.616 |  27 nPool-1-worker-1 | INFO  | .a.p.i.LocalVCLocalCIIntegrationTest : Clear queued jobs done
    23:46:02.617 | 566 localvc.event-13 | DEBUG | s.l.LocalCIWebsocketMessagingService : Sending message on topic /topic/admin/queued-jobs: []
    23:46:02.617 | 566 localvc.event-13 | DEBUG | s.l.LocalCIWebsocketMessagingService : Sending message on topic /topic/courses/1002/queued-jobs: []
    23:46:02.617 |  27 nPool-1-worker-1 | INFO  | .a.p.i.LocalVCLocalCIIntegrationTest : Cleanup queue processing service done

  Starting logs for BuildJobConfigurationTest > testDockerFlagsParsing()
    23:46:02.673 |  27 nPool-1-worker-1 | DEBUG | d.t.c.a.a.c.u.util.UserUtilService   : Generate 2 students...
    23:46:02.680 |  27 nPool-1-worker-1 | DEBUG | d.t.c.a.a.c.u.util.UserUtilService   : 2 students generated. Generate 1 tutors...
    23:46:02.684 |  27 nPool-1-worker-1 | DEBUG | d.t.c.a.a.c.u.util.UserUtilService   : 1 tutors generated. Generate 0 editors...
    23:46:02.689 |  27 nPool-1-worker-1 | DEBUG | d.t.c.a.a.c.u.util.UserUtilService   : 0 editors generated. Generate 2 instructors...
    23:46:02.696 |  27 nPool-1-worker-1 | DEBUG | d.t.c.a.a.c.u.util.UserUtilService   : 2 instructors generated
    23:46:02.697 |  27 nPool-1-worker-1 | DEBUG | d.t.c.a.a.c.u.util.UserUtilService   : Removing 4 users from all courses...
    23:46:02.701 |  27 nPool-1-worker-1 | DEBUG | d.t.c.a.a.c.u.util.UserUtilService   : Removing 4 users from all courses. Done
    23:46:02.701 |  27 nPool-1-worker-1 | DEBUG | d.t.c.a.a.c.u.util.UserUtilService   : Save 5 users to database...
    23:46:02.708 |  27 nPool-1-worker-1 | DEBUG | d.t.c.a.a.c.u.util.UserUtilService   : Save 5 users to database. Done
    23:46:02.922 |  27 nPool-1-worker-1 | INFO  | i.z.t.d.l.EmbeddedDatabaseReporter   : JDBC URL to connect to 'dataSource': url='jdbc:h2:tcp://localhost:41063/mem:f240edcd-27ce-47a3-b4ab-a6a00c154135;USER=sa', scope='BuildJobConfigurationTest#testDockerFlagsParsing'
    23:46:02.938 |  27 nPool-1-worker-1 | DEBUG | PersonalAccessTokenManagementService : Generate secure vcs access token
    23:46:02.943 |  27 nPool-1-worker-1 | DEBUG | .c.a.a.p.i.LocalVCLocalCITestService : Created participation with id: 2059
    23:46:02.943 |  27 nPool-1-worker-1 | INFO  | .t.c.a.a.p.s.l.LocalCITriggerService : Triggering build for participation 2059 and commit hash null
    23:46:02.943 |  27 nPool-1-worker-1 | DEBUG | d.t.c.a.a.p.s.AbstractGitService     : getLastCommitHash http://localhost:49152/git/SHORT8B6C061B05725041A90B2AB0F66E0C0032FETSTEXC/short8b6c061b05725041a90b2ab0f66e0c0032fetstexc-localvcciintstudent1.git
    23:46:02.943 |  27 nPool-1-worker-1 | ERROR | d.t.c.a.a.p.s.AbstractGitService     : Cannot use ssh properly because of mismatch of Jgit transport object: org.eclipse.jgit.transport.TransportLocal@55e44fa2
    23:46:02.946 |  27 nPool-1-worker-1 | DEBUG | d.t.c.a.a.p.s.AbstractGitService     : getLastCommitHash http://localhost:49152/git/SHORT8B6C061B05725041A90B2AB0F66E0C0032FETSTEXC/short8b6c061b05725041a90b2ab0f66e0c0032fetstexc-tests.git
    23:46:02.947 |  27 nPool-1-worker-1 | ERROR | d.t.c.a.a.p.s.AbstractGitService     : Cannot use ssh properly because of mismatch of Jgit transport object: org.eclipse.jgit.transport.TransportLocal@4d353973
    23:46:02.956 | 566 localvc.event-13 | DEBUG | s.l.LocalCIWebsocketMessagingService : Sending message on topic /topic/admin/queued-jobs: [BuildJobQueueItem[id=20591739576762951, name=SHORT8B6C061B05725041A90B2AB0F66E0C0032FETSTEXC-LOCALVCCIINTSTUDENT1, buildAgent=BuildAgentDTO[name=null, memberAddress=null, displayName=null], participationId=2059, courseId=1003, exerciseId=2620, retryCount=0, priority=2, status=null, repositoryInfo=RepositoryInfo[repositoryName=short8b6c061b05725041a90b2ab0f66e0c0032fetstexc-localvcciintstudent1, repositoryType=user, triggeredByPushTo=user, assignmentRepositoryUri=, testRepositoryUri=, solutionRepositoryUri=, auxiliaryRepositoryUris=null, auxiliaryRepositoryCheckoutDirectories=null], jobTimingInfo=JobTimingInfo[submissionDate=2025-02-14T23:46:02.951748828Z[Etc/UTC], buildStartDate=null, buildCompletionDate=null, estimatedCompletionDate=null, estimatedDuration=19], buildConfig=BuildConfig[buildScript=, dockerImage=, commitHashToBuild=null, assignmentCommitHash=, testCommitHash=, branch=, programmingLanguage=null, projectType=null, scaEnabled=false, sequentialTestRunsEnabled=false, resultPaths=null, timeoutSeconds=0, assignmentCheckoutPath=, testCheckoutPath=, solutionCheckoutPath=, dockerRunConfig=null], submissionResult=null]]
    23:46:02.956 | 566 localvc.event-13 | DEBUG | s.l.LocalCIWebsocketMessagingService : Sending message on topic /topic/courses/1003/queued-jobs: [BuildJobQueueItem[id=20591739576762951, name=SHORT8B6C061B05725041A90B2AB0F66E0C0032FETSTEXC-LOCALVCCIINTSTUDENT1, buildAgent=BuildAgentDTO[name=null, memberAddress=null, displayName=null], participationId=2059, courseId=1003, exerciseId=2620, retryCount=0, priority=2, status=null, repositoryInfo=RepositoryInfo[repositoryName=short8b6c061b05725041a90b2ab0f66e0c0032fetstexc-localvcciintstudent1, repositoryType=user, triggeredByPushTo=user, assignmentRepositoryUri=, testRepositoryUri=, solutionRepositoryUri=, auxiliaryRepositoryUris=null, auxiliaryRepositoryCheckoutDirectories=null], jobTimingInfo=JobTimingInfo[submissionDate=2025-02-14T23:46:02.951748828Z[Etc/UTC], buildStartDate=null, buildCompletionDate=null, estimatedCompletionDate=null, estimatedDuration=19], buildConfig=BuildConfig[buildScript=, dockerImage=, commitHashToBuild=null, assignmentCommitHash=, testCommitHash=, branch=, programmingLanguage=null, projectType=null, scaEnabled=false, sequentialTestRunsEnabled=false, resultPaths=null, timeoutSeconds=0, assignmentCheckoutPath=, testCheckoutPath=, solutionCheckoutPath=, dockerRunConfig=null], submissionResult=null]]
    23:46:02.958 |  27 nPool-1-worker-1 | INFO  | .t.c.a.a.p.s.l.LocalCITriggerService : Added build job 20591739576762951 for exercise TSTEXC and participation 2059 with priority 2 to the queue
    23:46:02.962 | 566 localvc.event-13 | DEBUG | s.l.LocalCIWebsocketMessagingService : Sending message on topic /topic/admin/queued-jobs: []
    23:46:02.962 | 566 localvc.event-13 | DEBUG | s.l.LocalCIWebsocketMessagingService : Sending message on topic /topic/courses/1003/queued-jobs: []
    23:46:02.963 |  27 nPool-1-worker-1 | INFO  | .a.p.i.LocalVCLocalCIIntegrationTest : Clear queued jobs done
    23:46:02.963 |  27 nPool-1-worker-1 | INFO  | .a.p.i.LocalVCLocalCIIntegrationTest : Cleanup queue processing service done

Finished logs for BuildJobConfigurationTest
]]></system-out>
  <system-err><![CDATA[]]></system-err>
</testsuite>
