<?xml version="1.0" encoding="UTF-8"?>
<testsuite name="de.tum.cit.aet.artemis.communication.architecture.CommunicationRepositoryArchitectureTest" tests="16" skipped="0" failures="0" errors="0" timestamp="2025-02-14T23:39:23" hostname="fv-az1721-502" time="1.62">
  <properties/>
  <testcase name="testNoEntityGraphsOnQueries()" classname="de.tum.cit.aet.artemis.communication.architecture.CommunicationRepositoryArchitectureTest" time="0.205"/>
  <testcase name="testNoUnusedRepositoryMethods()" classname="de.tum.cit.aet.artemis.communication.architecture.CommunicationRepositoryArchitectureTest" time="0.285"/>
  <testcase name="testTransactional()" classname="de.tum.cit.aet.artemis.communication.architecture.CommunicationRepositoryArchitectureTest" time="0.18"/>
  <testcase name="shouldBeInRepositoryPackage()" classname="de.tum.cit.aet.artemis.communication.architecture.CommunicationRepositoryArchitectureTest" time="0.012"/>
  <testcase name="testRepositoryParamAnnotation()" classname="de.tum.cit.aet.artemis.communication.architecture.CommunicationRepositoryArchitectureTest" time="0.218"/>
  <testcase name="orElseThrowShouldNotBeCalled()" classname="de.tum.cit.aet.artemis.communication.architecture.CommunicationRepositoryArchitectureTest" time="0.05"/>
  <testcase name="repositoriesImplementArtemisJpaRepository()" classname="de.tum.cit.aet.artemis.communication.architecture.CommunicationRepositoryArchitectureTest" time="0.039"/>
  <testcase name="persistenceShouldNotAccessServices()" classname="de.tum.cit.aet.artemis.communication.architecture.CommunicationRepositoryArchitectureTest" time="0.038"/>
  <testcase name="usedInProductionCode()" classname="de.tum.cit.aet.artemis.communication.architecture.CommunicationRepositoryArchitectureTest" time="0.125"/>
  <testcase name="shouldBeAnnotatedRepository()" classname="de.tum.cit.aet.artemis.communication.architecture.CommunicationRepositoryArchitectureTest" time="0.021"/>
  <testcase name="enforceUsageOfTestRepository()" classname="de.tum.cit.aet.artemis.communication.architecture.CommunicationRepositoryArchitectureTest" time="0.063"/>
  <testcase name="testJPQLStyle()" classname="de.tum.cit.aet.artemis.communication.architecture.CommunicationRepositoryArchitectureTest" time="0.165"/>
  <testcase name="shouldBeNamedRepository()" classname="de.tum.cit.aet.artemis.communication.architecture.CommunicationRepositoryArchitectureTest" time="0.018"/>
  <testcase name="enforceStructureOfTestRepositories()" classname="de.tum.cit.aet.artemis.communication.architecture.CommunicationRepositoryArchitectureTest" time="0.031"/>
  <testcase name="testOnlySpringTransactionalAnnotation()" classname="de.tum.cit.aet.artemis.communication.architecture.CommunicationRepositoryArchitectureTest" time="0.126"/>
  <testcase name="enforcePrimaryBeanAnnotationOnTestRepositories()" classname="de.tum.cit.aet.artemis.communication.architecture.CommunicationRepositoryArchitectureTest" time="0.017"/>
  <system-out><![CDATA[
Starting logs for CommunicationRepositoryArchitectureTest

  Starting logs for CommunicationRepositoryArchitectureTest > testNoEntityGraphsOnQueries()

  Starting logs for CommunicationRepositoryArchitectureTest > testNoUnusedRepositoryMethods()

  Starting logs for CommunicationRepositoryArchitectureTest > testTransactional()

  Starting logs for CommunicationRepositoryArchitectureTest > shouldBeInRepositoryPackage()

  Starting logs for CommunicationRepositoryArchitectureTest > testRepositoryParamAnnotation()

  Starting logs for CommunicationRepositoryArchitectureTest > orElseThrowShouldNotBeCalled()

  Starting logs for CommunicationRepositoryArchitectureTest > repositoriesImplementArtemisJpaRepository()

  Starting logs for CommunicationRepositoryArchitectureTest > persistenceShouldNotAccessServices()

  Starting logs for CommunicationRepositoryArchitectureTest > usedInProductionCode()

  Starting logs for CommunicationRepositoryArchitectureTest > shouldBeAnnotatedRepository()

  Starting logs for CommunicationRepositoryArchitectureTest > enforceUsageOfTestRepository()

  Starting logs for CommunicationRepositoryArchitectureTest > testJPQLStyle()

  Starting logs for CommunicationRepositoryArchitectureTest > shouldBeNamedRepository()

  Starting logs for CommunicationRepositoryArchitectureTest > enforceStructureOfTestRepositories()

  Starting logs for CommunicationRepositoryArchitectureTest > testOnlySpringTransactionalAnnotation()

  Starting logs for CommunicationRepositoryArchitectureTest > enforcePrimaryBeanAnnotationOnTestRepositories()

Finished logs for CommunicationRepositoryArchitectureTest
]]></system-out>
  <system-err><![CDATA[]]></system-err>
</testsuite>
