<?xml version="1.0" encoding="UTF-8"?>
<testsuite name="de.tum.cit.aet.artemis.lecture.service.LectureServiceTest" tests="6" skipped="0" failures="0" errors="0" timestamp="2025-02-14T23:47:02" hostname="fv-az1721-502" time="0.62">
  <properties/>
  <testcase name="testGetLecturesPageable_notFound()" classname="de.tum.cit.aet.artemis.lecture.service.LectureServiceTest" time="0.121"/>
  <testcase name="testFilterActiveAttachments_student()" classname="de.tum.cit.aet.artemis.lecture.service.LectureServiceTest" time="0.103"/>
  <testcase name="testPageableResults()" classname="de.tum.cit.aet.artemis.lecture.service.LectureServiceTest" time="0.089"/>
  <testcase name="testFilterActiveAttachments_editor()" classname="de.tum.cit.aet.artemis.lecture.service.LectureServiceTest" time="0.109"/>
  <testcase name="testGetLecturesPageable_unauthorized()" classname="de.tum.cit.aet.artemis.lecture.service.LectureServiceTest" time="0.103"/>
  <testcase name="testGetLecturesPageable()" classname="de.tum.cit.aet.artemis.lecture.service.LectureServiceTest" time="0.084"/>
  <system-out><![CDATA[
Starting logs for LectureServiceTest

  Starting logs for LectureServiceTest > testGetLecturesPageable_notFound()
    23:47:02.061 | 421 ool-1-worker-185 | DEBUG | d.t.c.a.a.c.u.util.UserUtilService   : Generate 1 students...
    23:47:02.064 | 421 ool-1-worker-185 | DEBUG | d.t.c.a.a.c.u.util.UserUtilService   : 1 students generated. Generate 0 tutors...
    23:47:02.066 | 421 ool-1-worker-185 | DEBUG | d.t.c.a.a.c.u.util.UserUtilService   : 0 tutors generated. Generate 1 editors...
    23:47:02.067 | 421 ool-1-worker-185 | DEBUG | d.t.c.a.a.c.u.util.UserUtilService   : 1 editors generated. Generate 0 instructors...
    23:47:02.069 | 421 ool-1-worker-185 | DEBUG | d.t.c.a.a.c.u.util.UserUtilService   : 0 instructors generated
    23:47:02.071 | 421 ool-1-worker-185 | DEBUG | d.t.c.a.a.c.u.util.UserUtilService   : Removing 1 users from all courses...
    23:47:02.071 | 421 ool-1-worker-185 | DEBUG | d.t.c.a.a.c.u.util.UserUtilService   : Removing 1 users from all courses. Done
    23:47:02.071 | 421 ool-1-worker-185 | DEBUG | d.t.c.a.a.c.u.util.UserUtilService   : Save 2 users to database...
    23:47:02.073 | 421 ool-1-worker-185 | DEBUG | d.t.c.a.a.c.u.util.UserUtilService   : Save 2 users to database. Done
    23:47:02.141 | 421 ool-1-worker-185 | INFO  | i.z.t.d.l.EmbeddedDatabaseReporter   : JDBC URL to connect to 'dataSource': url='jdbc:h2:tcp://localhost:41063/mem:df70fc46-7e57-4cb5-9cd0-c1d90c14afa7;USER=sa', scope='LectureServiceTest#testGetLecturesPageable_notFound'

  Starting logs for LectureServiceTest > testFilterActiveAttachments_student()
    23:47:02.189 | 421 ool-1-worker-185 | DEBUG | d.t.c.a.a.c.u.util.UserUtilService   : Generate 1 students...
    23:47:02.195 | 421 ool-1-worker-185 | DEBUG | d.t.c.a.a.c.u.util.UserUtilService   : 1 students generated. Generate 0 tutors...
    23:47:02.197 | 421 ool-1-worker-185 | DEBUG | d.t.c.a.a.c.u.util.UserUtilService   : 0 tutors generated. Generate 1 editors...
    23:47:02.201 | 421 ool-1-worker-185 | DEBUG | d.t.c.a.a.c.u.util.UserUtilService   : 1 editors generated. Generate 0 instructors...
    23:47:02.206 | 421 ool-1-worker-185 | DEBUG | d.t.c.a.a.c.u.util.UserUtilService   : 0 instructors generated
    23:47:02.208 | 421 ool-1-worker-185 | DEBUG | d.t.c.a.a.c.u.util.UserUtilService   : Removing 2 users from all courses...
    23:47:02.212 | 421 ool-1-worker-185 | DEBUG | d.t.c.a.a.c.u.util.UserUtilService   : Removing 2 users from all courses. Done
    23:47:02.212 | 421 ool-1-worker-185 | DEBUG | d.t.c.a.a.c.u.util.UserUtilService   : Save 2 users to database...
    23:47:02.220 | 421 ool-1-worker-185 | DEBUG | d.t.c.a.a.c.u.util.UserUtilService   : Save 2 users to database. Done
    23:47:02.269 | 421 ool-1-worker-185 | INFO  | i.z.t.d.l.EmbeddedDatabaseReporter   : JDBC URL to connect to 'dataSource': url='jdbc:h2:tcp://localhost:41063/mem:df70fc46-7e57-4cb5-9cd0-c1d90c14afa7;USER=sa', scope='LectureServiceTest#testFilterActiveAttachments_student'

  Starting logs for LectureServiceTest > testPageableResults()
    23:47:02.284 | 421 ool-1-worker-185 | DEBUG | d.t.c.a.a.c.u.util.UserUtilService   : Generate 1 students...
    23:47:02.287 | 421 ool-1-worker-185 | DEBUG | d.t.c.a.a.c.u.util.UserUtilService   : 1 students generated. Generate 0 tutors...
    23:47:02.289 | 421 ool-1-worker-185 | DEBUG | d.t.c.a.a.c.u.util.UserUtilService   : 0 tutors generated. Generate 1 editors...
    23:47:02.291 | 421 ool-1-worker-185 | DEBUG | d.t.c.a.a.c.u.util.UserUtilService   : 1 editors generated. Generate 0 instructors...
    23:47:02.293 | 421 ool-1-worker-185 | DEBUG | d.t.c.a.a.c.u.util.UserUtilService   : 0 instructors generated
    23:47:02.295 | 421 ool-1-worker-185 | DEBUG | d.t.c.a.a.c.u.util.UserUtilService   : Removing 2 users from all courses...
    23:47:02.295 | 421 ool-1-worker-185 | DEBUG | d.t.c.a.a.c.u.util.UserUtilService   : Removing 2 users from all courses. Done
    23:47:02.295 | 421 ool-1-worker-185 | DEBUG | d.t.c.a.a.c.u.util.UserUtilService   : Save 2 users to database...
    23:47:02.298 | 421 ool-1-worker-185 | DEBUG | d.t.c.a.a.c.u.util.UserUtilService   : Save 2 users to database. Done
    23:47:02.347 | 421 ool-1-worker-185 | INFO  | i.z.t.d.l.EmbeddedDatabaseReporter   : JDBC URL to connect to 'dataSource': url='jdbc:h2:tcp://localhost:41063/mem:df70fc46-7e57-4cb5-9cd0-c1d90c14afa7;USER=sa', scope='LectureServiceTest#testPageableResults'
    23:47:02.350 | 421 ool-1-worker-185 | INFO  | .c.a.a.c.s.TitleCacheEvictionService : Evicted entry '837' from title cache 'lectureTitle'
    23:47:02.350 | 421 ool-1-worker-185 | INFO  | .c.a.a.c.s.TitleCacheEvictionService : Evicted entry '838' from title cache 'lectureTitle'

  Starting logs for LectureServiceTest > testFilterActiveAttachments_editor()
    23:47:02.375 | 421 ool-1-worker-185 | DEBUG | d.t.c.a.a.c.u.util.UserUtilService   : Generate 1 students...
    23:47:02.378 | 421 ool-1-worker-185 | DEBUG | d.t.c.a.a.c.u.util.UserUtilService   : 1 students generated. Generate 0 tutors...
    23:47:02.379 | 421 ool-1-worker-185 | DEBUG | d.t.c.a.a.c.u.util.UserUtilService   : 0 tutors generated. Generate 1 editors...
    23:47:02.382 | 421 ool-1-worker-185 | DEBUG | d.t.c.a.a.c.u.util.UserUtilService   : 1 editors generated. Generate 0 instructors...
    23:47:02.383 | 421 ool-1-worker-185 | DEBUG | d.t.c.a.a.c.u.util.UserUtilService   : 0 instructors generated
    23:47:02.387 | 421 ool-1-worker-185 | DEBUG | d.t.c.a.a.c.u.util.UserUtilService   : Removing 2 users from all courses...
    23:47:02.388 | 421 ool-1-worker-185 | DEBUG | d.t.c.a.a.c.u.util.UserUtilService   : Removing 2 users from all courses. Done
    23:47:02.388 | 421 ool-1-worker-185 | DEBUG | d.t.c.a.a.c.u.util.UserUtilService   : Save 2 users to database...
    23:47:02.396 | 421 ool-1-worker-185 | DEBUG | d.t.c.a.a.c.u.util.UserUtilService   : Save 2 users to database. Done
    23:47:02.460 | 421 ool-1-worker-185 | INFO  | i.z.t.d.l.EmbeddedDatabaseReporter   : JDBC URL to connect to 'dataSource': url='jdbc:h2:tcp://localhost:41063/mem:df70fc46-7e57-4cb5-9cd0-c1d90c14afa7;USER=sa', scope='LectureServiceTest#testFilterActiveAttachments_editor'

  Starting logs for LectureServiceTest > testGetLecturesPageable_unauthorized()
    23:47:02.492 | 421 ool-1-worker-185 | DEBUG | d.t.c.a.a.c.u.util.UserUtilService   : Generate 1 students...
    23:47:02.499 | 421 ool-1-worker-185 | DEBUG | d.t.c.a.a.c.u.util.UserUtilService   : 1 students generated. Generate 0 tutors...
    23:47:02.501 | 421 ool-1-worker-185 | DEBUG | d.t.c.a.a.c.u.util.UserUtilService   : 0 tutors generated. Generate 1 editors...
    23:47:02.506 | 421 ool-1-worker-185 | DEBUG | d.t.c.a.a.c.u.util.UserUtilService   : 1 editors generated. Generate 0 instructors...
    23:47:02.508 | 421 ool-1-worker-185 | DEBUG | d.t.c.a.a.c.u.util.UserUtilService   : 0 instructors generated
    23:47:02.510 | 421 ool-1-worker-185 | DEBUG | d.t.c.a.a.c.u.util.UserUtilService   : Removing 2 users from all courses...
    23:47:02.511 | 421 ool-1-worker-185 | DEBUG | d.t.c.a.a.c.u.util.UserUtilService   : Removing 2 users from all courses. Done
    23:47:02.511 | 421 ool-1-worker-185 | DEBUG | d.t.c.a.a.c.u.util.UserUtilService   : Save 2 users to database...
    23:47:02.514 | 421 ool-1-worker-185 | DEBUG | d.t.c.a.a.c.u.util.UserUtilService   : Save 2 users to database. Done
    23:47:02.572 | 421 ool-1-worker-185 | INFO  | i.z.t.d.l.EmbeddedDatabaseReporter   : JDBC URL to connect to 'dataSource': url='jdbc:h2:tcp://localhost:41063/mem:df70fc46-7e57-4cb5-9cd0-c1d90c14afa7;USER=sa', scope='LectureServiceTest#testGetLecturesPageable_unauthorized'

  Starting logs for LectureServiceTest > testGetLecturesPageable()
    23:47:02.590 | 421 ool-1-worker-185 | DEBUG | d.t.c.a.a.c.u.util.UserUtilService   : Generate 1 students...
    23:47:02.594 | 421 ool-1-worker-185 | DEBUG | d.t.c.a.a.c.u.util.UserUtilService   : 1 students generated. Generate 0 tutors...
    23:47:02.595 | 421 ool-1-worker-185 | DEBUG | d.t.c.a.a.c.u.util.UserUtilService   : 0 tutors generated. Generate 1 editors...
    23:47:02.598 | 421 ool-1-worker-185 | DEBUG | d.t.c.a.a.c.u.util.UserUtilService   : 1 editors generated. Generate 0 instructors...
    23:47:02.599 | 421 ool-1-worker-185 | DEBUG | d.t.c.a.a.c.u.util.UserUtilService   : 0 instructors generated
    23:47:02.601 | 421 ool-1-worker-185 | DEBUG | d.t.c.a.a.c.u.util.UserUtilService   : Removing 2 users from all courses...
    23:47:02.602 | 421 ool-1-worker-185 | DEBUG | d.t.c.a.a.c.u.util.UserUtilService   : Removing 2 users from all courses. Done
    23:47:02.602 | 421 ool-1-worker-185 | DEBUG | d.t.c.a.a.c.u.util.UserUtilService   : Save 2 users to database...
    23:47:02.605 | 421 ool-1-worker-185 | DEBUG | d.t.c.a.a.c.u.util.UserUtilService   : Save 2 users to database. Done
    23:47:02.655 | 421 ool-1-worker-185 | INFO  | i.z.t.d.l.EmbeddedDatabaseReporter   : JDBC URL to connect to 'dataSource': url='jdbc:h2:tcp://localhost:41063/mem:df70fc46-7e57-4cb5-9cd0-c1d90c14afa7;USER=sa', scope='LectureServiceTest#testGetLecturesPageable'
    23:47:02.658 | 421 ool-1-worker-185 | INFO  | .c.a.a.c.s.TitleCacheEvictionService : Evicted entry '843' from title cache 'lectureTitle'
    23:47:02.658 | 421 ool-1-worker-185 | INFO  | .c.a.a.c.s.TitleCacheEvictionService : Evicted entry '844' from title cache 'lectureTitle'

Finished logs for LectureServiceTest
]]></system-out>
  <system-err><![CDATA[]]></system-err>
</testsuite>
