<?xml version="1.0" encoding="UTF-8"?>
<testsuite name="de.tum.cit.aet.artemis.modeling.architecture.ModelingResourceArchitectureTest" tests="7" skipped="0" failures="0" errors="0" timestamp="2025-02-14T23:40:02" hostname="fv-az1721-502" time="0.193">
  <properties/>
  <testcase name="testNoOverrideOfEnforceAdmin()" classname="de.tum.cit.aet.artemis.modeling.architecture.ModelingResourceArchitectureTest" time="0.015"/>
  <testcase name="testUseKebabCaseForRestEndpoints()" classname="de.tum.cit.aet.artemis.modeling.architecture.ModelingResourceArchitectureTest" time="0.08"/>
  <testcase name="allPublicMethodsShouldReturnResponseEntity()" classname="de.tum.cit.aet.artemis.modeling.architecture.ModelingResourceArchitectureTest" time="0.03"/>
  <testcase name="testClassWithEnforceAdminInCorrectlyNamed()" classname="de.tum.cit.aet.artemis.modeling.architecture.ModelingResourceArchitectureTest" time="0.006"/>
  <testcase name="shouldBeNamedResource()" classname="de.tum.cit.aet.artemis.modeling.architecture.ModelingResourceArchitectureTest" time="0.002"/>
  <testcase name="shouldBeInResourcePackage()" classname="de.tum.cit.aet.artemis.modeling.architecture.ModelingResourceArchitectureTest" time="0.005"/>
  <testcase name="shouldCorrectlyUseRequestMappingAnnotations()" classname="de.tum.cit.aet.artemis.modeling.architecture.ModelingResourceArchitectureTest" time="0.044"/>
  <system-out><![CDATA[
Starting logs for ModelingResourceArchitectureTest

  Starting logs for ModelingResourceArchitectureTest > testNoOverrideOfEnforceAdmin()

  Starting logs for ModelingResourceArchitectureTest > testUseKebabCaseForRestEndpoints()

  Starting logs for ModelingResourceArchitectureTest > allPublicMethodsShouldReturnResponseEntity()

  Starting logs for ModelingResourceArchitectureTest > testClassWithEnforceAdminInCorrectlyNamed()

  Starting logs for ModelingResourceArchitectureTest > shouldBeNamedResource()

  Starting logs for ModelingResourceArchitectureTest > shouldBeInResourcePackage()

  Starting logs for ModelingResourceArchitectureTest > shouldCorrectlyUseRequestMappingAnnotations()

Finished logs for ModelingResourceArchitectureTest
]]></system-out>
  <system-err><![CDATA[]]></system-err>
</testsuite>
