<?xml version="1.0" encoding="UTF-8"?>
<testsuite name="de.tum.cit.aet.artemis.exercise.service.ParticipationLifecycleServiceTest" tests="6" skipped="0" failures="0" errors="0" timestamp="2025-02-14T23:46:04" hostname="fv-az1721-502" time="0.236">
  <properties/>
  <testcase name="scheduleTaskDueDateBeforeBuildAndTestDate()" classname="de.tum.cit.aet.artemis.exercise.service.ParticipationLifecycleServiceTest" time="0.037"/>
  <testcase name="scheduleTaskOnlyBuildAndTestAfterDueDate()" classname="de.tum.cit.aet.artemis.exercise.service.ParticipationLifecycleServiceTest" time="0.04"/>
  <testcase name="scheduleNoDueDate()" classname="de.tum.cit.aet.artemis.exercise.service.ParticipationLifecycleServiceTest" time="0.033"/>
  <testcase name="scheduleOnIndividualDueDate()" classname="de.tum.cit.aet.artemis.exercise.service.ParticipationLifecycleServiceTest" time="0.035"/>
  <testcase name="scheduleTaskNoBuildAndTestDate()" classname="de.tum.cit.aet.artemis.exercise.service.ParticipationLifecycleServiceTest" time="0.042"/>
  <testcase name="scheduleTaskDueDateAfterBuildAndTestDate()" classname="de.tum.cit.aet.artemis.exercise.service.ParticipationLifecycleServiceTest" time="0.043"/>
  <system-out><![CDATA[
Starting logs for ParticipationLifecycleServiceTest

  Starting logs for ParticipationLifecycleServiceTest > scheduleTaskDueDateBeforeBuildAndTestDate()
    23:46:04.955 | 386 ool-1-worker-150 | DEBUG | d.t.c.a.a.c.u.util.UserUtilService   : Generate 1 students...
    23:46:04.956 | 386 ool-1-worker-150 | DEBUG | d.t.c.a.a.c.u.util.UserUtilService   : 1 students generated. Generate 1 tutors...
    23:46:04.958 | 386 ool-1-worker-150 | DEBUG | d.t.c.a.a.c.u.util.UserUtilService   : 1 tutors generated. Generate 1 editors...
    23:46:04.960 | 386 ool-1-worker-150 | DEBUG | d.t.c.a.a.c.u.util.UserUtilService   : 1 editors generated. Generate 1 instructors...
    23:46:04.962 | 386 ool-1-worker-150 | DEBUG | d.t.c.a.a.c.u.util.UserUtilService   : 1 instructors generated
    23:46:04.964 | 386 ool-1-worker-150 | DEBUG | d.t.c.a.a.c.u.util.UserUtilService   : Removing 5 users from all courses...
    23:46:04.964 | 386 ool-1-worker-150 | DEBUG | d.t.c.a.a.c.u.util.UserUtilService   : Removing 5 users from all courses. Done
    23:46:04.964 | 386 ool-1-worker-150 | DEBUG | d.t.c.a.a.c.u.util.UserUtilService   : Save 4 users to database...
    23:46:04.966 | 386 ool-1-worker-150 | DEBUG | d.t.c.a.a.c.u.util.UserUtilService   : Save 4 users to database. Done
    23:46:04.982 | 386 ool-1-worker-150 | DEBUG | PersonalAccessTokenManagementService : Generate secure vcs access token
    23:46:04.983 | 386 ool-1-worker-150 | INFO  | i.z.t.d.l.EmbeddedDatabaseReporter   : JDBC URL to connect to 'dataSource': url='jdbc:h2:tcp://localhost:41063/mem:df70fc46-7e57-4cb5-9cd0-c1d90c14afa7;USER=sa', scope='ParticipationLifecycleServiceTest#scheduleTaskDueDateBeforeBuildAndTestDate'
    23:46:04.983 | 386 ool-1-worker-150 | DEBUG | .a.e.s.ParticipationLifecycleService : Scheduled task for participation 1421 in exercise 'Programming' (2068) to trigger on BUILD_AND_TEST_AFTER_DUE_DATE.

  Starting logs for ParticipationLifecycleServiceTest > scheduleTaskOnlyBuildAndTestAfterDueDate()
    23:46:04.993 | 386 ool-1-worker-150 | DEBUG | d.t.c.a.a.c.u.util.UserUtilService   : Generate 1 students...
    23:46:04.995 | 386 ool-1-worker-150 | DEBUG | d.t.c.a.a.c.u.util.UserUtilService   : 1 students generated. Generate 1 tutors...
    23:46:04.997 | 386 ool-1-worker-150 | DEBUG | d.t.c.a.a.c.u.util.UserUtilService   : 1 tutors generated. Generate 1 editors...
    23:46:04.999 | 386 ool-1-worker-150 | DEBUG | d.t.c.a.a.c.u.util.UserUtilService   : 1 editors generated. Generate 1 instructors...
    23:46:05.001 | 386 ool-1-worker-150 | DEBUG | d.t.c.a.a.c.u.util.UserUtilService   : 1 instructors generated
    23:46:05.003 | 386 ool-1-worker-150 | DEBUG | d.t.c.a.a.c.u.util.UserUtilService   : Removing 4 users from all courses...
    23:46:05.003 | 386 ool-1-worker-150 | DEBUG | d.t.c.a.a.c.u.util.UserUtilService   : Removing 4 users from all courses. Done
    23:46:05.003 | 386 ool-1-worker-150 | DEBUG | d.t.c.a.a.c.u.util.UserUtilService   : Save 4 users to database...
    23:46:05.009 | 386 ool-1-worker-150 | DEBUG | d.t.c.a.a.c.u.util.UserUtilService   : Save 4 users to database. Done
    23:46:05.023 | 386 ool-1-worker-150 | DEBUG | PersonalAccessTokenManagementService : Generate secure vcs access token
    23:46:05.024 | 386 ool-1-worker-150 | INFO  | i.z.t.d.l.EmbeddedDatabaseReporter   : JDBC URL to connect to 'dataSource': url='jdbc:h2:tcp://localhost:41063/mem:df70fc46-7e57-4cb5-9cd0-c1d90c14afa7;USER=sa', scope='ParticipationLifecycleServiceTest#scheduleTaskOnlyBuildAndTestAfterDueDate'
    23:46:05.024 | 386 ool-1-worker-150 | DEBUG | .a.e.s.ParticipationLifecycleService : Scheduled task for participation 1424 in exercise 'Programming' (2069) to trigger on BUILD_AND_TEST_AFTER_DUE_DATE.

  Starting logs for ParticipationLifecycleServiceTest > scheduleNoDueDate()
    23:46:05.033 | 386 ool-1-worker-150 | DEBUG | d.t.c.a.a.c.u.util.UserUtilService   : Generate 1 students...
    23:46:05.036 | 386 ool-1-worker-150 | DEBUG | d.t.c.a.a.c.u.util.UserUtilService   : 1 students generated. Generate 1 tutors...
    23:46:05.038 | 386 ool-1-worker-150 | DEBUG | d.t.c.a.a.c.u.util.UserUtilService   : 1 tutors generated. Generate 1 editors...
    23:46:05.040 | 386 ool-1-worker-150 | DEBUG | d.t.c.a.a.c.u.util.UserUtilService   : 1 editors generated. Generate 1 instructors...
    23:46:05.042 | 386 ool-1-worker-150 | DEBUG | d.t.c.a.a.c.u.util.UserUtilService   : 1 instructors generated
    23:46:05.043 | 386 ool-1-worker-150 | DEBUG | d.t.c.a.a.c.u.util.UserUtilService   : Removing 4 users from all courses...
    23:46:05.044 | 386 ool-1-worker-150 | DEBUG | d.t.c.a.a.c.u.util.UserUtilService   : Removing 4 users from all courses. Done
    23:46:05.044 | 386 ool-1-worker-150 | DEBUG | d.t.c.a.a.c.u.util.UserUtilService   : Save 4 users to database...
    23:46:05.046 | 386 ool-1-worker-150 | DEBUG | d.t.c.a.a.c.u.util.UserUtilService   : Save 4 users to database. Done
    23:46:05.057 | 386 ool-1-worker-150 | DEBUG | PersonalAccessTokenManagementService : Generate secure vcs access token
    23:46:05.058 | 386 ool-1-worker-150 | INFO  | i.z.t.d.l.EmbeddedDatabaseReporter   : JDBC URL to connect to 'dataSource': url='jdbc:h2:tcp://localhost:41063/mem:df70fc46-7e57-4cb5-9cd0-c1d90c14afa7;USER=sa', scope='ParticipationLifecycleServiceTest#scheduleNoDueDate'
    23:46:05.058 | 386 ool-1-worker-150 | WARN  | .a.e.s.ParticipationLifecycleService : Cannot schedule a task for lifecycle DUE for participation (id: 1427, exercise: Programming, exercise id: 2070) as no appropriate date is known!

  Starting logs for ParticipationLifecycleServiceTest > scheduleOnIndividualDueDate()
    23:46:05.068 | 386 ool-1-worker-150 | DEBUG | d.t.c.a.a.c.u.util.UserUtilService   : Generate 1 students...
    23:46:05.070 | 386 ool-1-worker-150 | DEBUG | d.t.c.a.a.c.u.util.UserUtilService   : 1 students generated. Generate 1 tutors...
    23:46:05.073 | 386 ool-1-worker-150 | DEBUG | d.t.c.a.a.c.u.util.UserUtilService   : 1 tutors generated. Generate 1 editors...
    23:46:05.075 | 386 ool-1-worker-150 | DEBUG | d.t.c.a.a.c.u.util.UserUtilService   : 1 editors generated. Generate 1 instructors...
    23:46:05.077 | 386 ool-1-worker-150 | DEBUG | d.t.c.a.a.c.u.util.UserUtilService   : 1 instructors generated
    23:46:05.078 | 386 ool-1-worker-150 | DEBUG | d.t.c.a.a.c.u.util.UserUtilService   : Removing 4 users from all courses...
    23:46:05.079 | 386 ool-1-worker-150 | DEBUG | d.t.c.a.a.c.u.util.UserUtilService   : Removing 4 users from all courses. Done
    23:46:05.079 | 386 ool-1-worker-150 | DEBUG | d.t.c.a.a.c.u.util.UserUtilService   : Save 4 users to database...
    23:46:05.081 | 386 ool-1-worker-150 | DEBUG | d.t.c.a.a.c.u.util.UserUtilService   : Save 4 users to database. Done
    23:46:05.093 | 386 ool-1-worker-150 | DEBUG | PersonalAccessTokenManagementService : Generate secure vcs access token
    23:46:05.094 | 386 ool-1-worker-150 | INFO  | i.z.t.d.l.EmbeddedDatabaseReporter   : JDBC URL to connect to 'dataSource': url='jdbc:h2:tcp://localhost:41063/mem:df70fc46-7e57-4cb5-9cd0-c1d90c14afa7;USER=sa', scope='ParticipationLifecycleServiceTest#scheduleOnIndividualDueDate'
    23:46:05.094 | 386 ool-1-worker-150 | DEBUG | .a.e.s.ParticipationLifecycleService : Scheduled task for participation 1430 in exercise 'Programming' (2071) to trigger on DUE.

  Starting logs for ParticipationLifecycleServiceTest > scheduleTaskNoBuildAndTestDate()
    23:46:05.105 | 386 ool-1-worker-150 | DEBUG | d.t.c.a.a.c.u.util.UserUtilService   : Generate 1 students...
    23:46:05.108 | 386 ool-1-worker-150 | DEBUG | d.t.c.a.a.c.u.util.UserUtilService   : 1 students generated. Generate 1 tutors...
    23:46:05.110 | 386 ool-1-worker-150 | DEBUG | d.t.c.a.a.c.u.util.UserUtilService   : 1 tutors generated. Generate 1 editors...
    23:46:05.113 | 386 ool-1-worker-150 | DEBUG | d.t.c.a.a.c.u.util.UserUtilService   : 1 editors generated. Generate 1 instructors...
    23:46:05.116 | 386 ool-1-worker-150 | DEBUG | d.t.c.a.a.c.u.util.UserUtilService   : 1 instructors generated
    23:46:05.118 | 386 ool-1-worker-150 | DEBUG | d.t.c.a.a.c.u.util.UserUtilService   : Removing 4 users from all courses...
    23:46:05.118 | 386 ool-1-worker-150 | DEBUG | d.t.c.a.a.c.u.util.UserUtilService   : Removing 4 users from all courses. Done
    23:46:05.118 | 386 ool-1-worker-150 | DEBUG | d.t.c.a.a.c.u.util.UserUtilService   : Save 4 users to database...
    23:46:05.122 | 386 ool-1-worker-150 | DEBUG | d.t.c.a.a.c.u.util.UserUtilService   : Save 4 users to database. Done
    23:46:05.137 | 386 ool-1-worker-150 | DEBUG | PersonalAccessTokenManagementService : Generate secure vcs access token
    23:46:05.138 | 386 ool-1-worker-150 | INFO  | i.z.t.d.l.EmbeddedDatabaseReporter   : JDBC URL to connect to 'dataSource': url='jdbc:h2:tcp://localhost:41063/mem:df70fc46-7e57-4cb5-9cd0-c1d90c14afa7;USER=sa', scope='ParticipationLifecycleServiceTest#scheduleTaskNoBuildAndTestDate'
    23:46:05.138 | 386 ool-1-worker-150 | WARN  | .a.e.s.ParticipationLifecycleService : Cannot schedule a task for lifecycle BUILD_AND_TEST_AFTER_DUE_DATE for participation (id: 1433, exercise: Programming, exercise id: 2072) as no appropriate date is known!

  Starting logs for ParticipationLifecycleServiceTest > scheduleTaskDueDateAfterBuildAndTestDate()
    23:46:05.147 | 386 ool-1-worker-150 | DEBUG | d.t.c.a.a.c.u.util.UserUtilService   : Generate 1 students...
    23:46:05.150 | 386 ool-1-worker-150 | DEBUG | d.t.c.a.a.c.u.util.UserUtilService   : 1 students generated. Generate 1 tutors...
    23:46:05.152 | 386 ool-1-worker-150 | DEBUG | d.t.c.a.a.c.u.util.UserUtilService   : 1 tutors generated. Generate 1 editors...
    23:46:05.154 | 386 ool-1-worker-150 | DEBUG | d.t.c.a.a.c.u.util.UserUtilService   : 1 editors generated. Generate 1 instructors...
    23:46:05.156 | 386 ool-1-worker-150 | DEBUG | d.t.c.a.a.c.u.util.UserUtilService   : 1 instructors generated
    23:46:05.157 | 386 ool-1-worker-150 | DEBUG | d.t.c.a.a.c.u.util.UserUtilService   : Removing 4 users from all courses...
    23:46:05.158 | 386 ool-1-worker-150 | DEBUG | d.t.c.a.a.c.u.util.UserUtilService   : Removing 4 users from all courses. Done
    23:46:05.158 | 386 ool-1-worker-150 | DEBUG | d.t.c.a.a.c.u.util.UserUtilService   : Save 4 users to database...
    23:46:05.161 | 386 ool-1-worker-150 | DEBUG | d.t.c.a.a.c.u.util.UserUtilService   : Save 4 users to database. Done
    23:46:05.178 | 386 ool-1-worker-150 | DEBUG | PersonalAccessTokenManagementService : Generate secure vcs access token
    23:46:05.180 | 386 ool-1-worker-150 | INFO  | i.z.t.d.l.EmbeddedDatabaseReporter   : JDBC URL to connect to 'dataSource': url='jdbc:h2:tcp://localhost:41063/mem:df70fc46-7e57-4cb5-9cd0-c1d90c14afa7;USER=sa', scope='ParticipationLifecycleServiceTest#scheduleTaskDueDateAfterBuildAndTestDate'
    23:46:05.180 | 386 ool-1-worker-150 | DEBUG | .a.e.s.ParticipationLifecycleService : Scheduled task for participation 1436 in exercise 'Programming' (2073) to trigger on BUILD_AND_TEST_AFTER_DUE_DATE.

Finished logs for ParticipationLifecycleServiceTest
]]></system-out>
  <system-err><![CDATA[]]></system-err>
</testsuite>
