<?xml version="1.0" encoding="UTF-8"?>
<testsuite name="de.tum.cit.aet.artemis.iris.IrisLectureChatMessageIntegrationTest" tests="12" skipped="0" failures="0" errors="0" timestamp="2025-02-14T23:43:49" hostname="fv-az1721-502" time="0.794">
  <properties/>
  <testcase name="sendTwoMessages()" classname="de.tum.cit.aet.artemis.iris.IrisLectureChatMessageIntegrationTest" time="0.152"/>
  <testcase name="sendOneMessage()" classname="de.tum.cit.aet.artemis.iris.IrisLectureChatMessageIntegrationTest" time="0.064"/>
  <testcase name="sendMessageWithoutContent()" classname="de.tum.cit.aet.artemis.iris.IrisLectureChatMessageIntegrationTest" time="0.042"/>
  <testcase name="rateMessageHelpfulNull()" classname="de.tum.cit.aet.artemis.iris.IrisLectureChatMessageIntegrationTest" time="0.04"/>
  <testcase name="rateMessageHelpfulTrue()" classname="de.tum.cit.aet.artemis.iris.IrisLectureChatMessageIntegrationTest" time="0.039"/>
  <testcase name="rateMessageWrongSender()" classname="de.tum.cit.aet.artemis.iris.IrisLectureChatMessageIntegrationTest" time="0.038"/>
  <testcase name="rateMessageHelpfulFalse()" classname="de.tum.cit.aet.artemis.iris.IrisLectureChatMessageIntegrationTest" time="0.039"/>
  <testcase name="sendMessageRateLimitReached()" classname="de.tum.cit.aet.artemis.iris.IrisLectureChatMessageIntegrationTest" time="0.115"/>
  <testcase name="rateMessageWrongSession()" classname="de.tum.cit.aet.artemis.iris.IrisLectureChatMessageIntegrationTest" time="0.038"/>
  <testcase name="sendOneMessageToWrongSession()" classname="de.tum.cit.aet.artemis.iris.IrisLectureChatMessageIntegrationTest" time="0.058"/>
  <testcase name="getMessages()" classname="de.tum.cit.aet.artemis.iris.IrisLectureChatMessageIntegrationTest" time="0.047"/>
  <testcase name="resendMessage()" classname="de.tum.cit.aet.artemis.iris.IrisLectureChatMessageIntegrationTest" time="0.101"/>
  <system-out><![CDATA[
Starting logs for IrisLectureChatMessageIntegrationTest

  Starting logs for IrisLectureChatMessageIntegrationTest > sendTwoMessages()
    23:43:49.294 | 402 ool-1-worker-166 | DEBUG | d.t.c.a.a.c.u.util.UserUtilService   : Generate 2 students...
    23:43:49.298 | 402 ool-1-worker-166 | DEBUG | d.t.c.a.a.c.u.util.UserUtilService   : 2 students generated. Generate 0 tutors...
    23:43:49.299 | 402 ool-1-worker-166 | DEBUG | d.t.c.a.a.c.u.util.UserUtilService   : 0 tutors generated. Generate 0 editors...
    23:43:49.301 | 402 ool-1-worker-166 | DEBUG | d.t.c.a.a.c.u.util.UserUtilService   : 0 editors generated. Generate 0 instructors...
    23:43:49.302 | 402 ool-1-worker-166 | DEBUG | d.t.c.a.a.c.u.util.UserUtilService   : 0 instructors generated
    23:43:49.303 | 402 ool-1-worker-166 | DEBUG | d.t.c.a.a.c.u.util.UserUtilService   : Removing 2 users from all courses...
    23:43:49.304 | 402 ool-1-worker-166 | DEBUG | d.t.c.a.a.c.u.util.UserUtilService   : Removing 2 users from all courses. Done
    23:43:49.304 | 402 ool-1-worker-166 | DEBUG | d.t.c.a.a.c.u.util.UserUtilService   : Save 2 users to database...
    23:43:49.305 | 402 ool-1-worker-166 | DEBUG | d.t.c.a.a.c.u.util.UserUtilService   : Save 2 users to database. Done
    23:43:49.309 | 402 ool-1-worker-166 | INFO  | i.z.t.d.l.EmbeddedDatabaseReporter   : JDBC URL to connect to 'dataSource': url='jdbc:h2:tcp://localhost:41063/mem:f240edcd-27ce-47a3-b4ab-a6a00c154135;USER=sa', scope='IrisLectureChatMessageIntegrationTest#sendTwoMessages'
    23:43:49.313 | 402 ool-1-worker-166 | DEBUG | d.t.c.a.a.c.s.f.ApiVersionFilter     : Adding Version to Request POST /api/iris/sessions/30/messages
    23:43:49.331 | 402 ool-1-worker-166 | DEBUG | d.t.c.a.a.i.s.w.IrisWebsocketService : Sent message to Iris user irislecturechatmessageintegrationstudent1 on topic /topic/iris/30: IrisChatWebsocketDTO[type=MESSAGE, message=IrisMessage{id=36, session=IrisLectureChatSession{user=irislecturechatmessageintegrationstudent1, lecture=Lecture{id=9, title='null', description='Test Lecture', visibleDate='2025-02-14T23:43:49.306505Z', startDate='null', endDate='null'}}, sentAt=2025-02-14T23:43:49.324670Z, helpful=null, sender=USER, content=[IrisMessageContent{message=36, textContent='The happy car jumped over the lazy dog.'}, IrisMessageContent{message=36, textContent='The angry car jumped over the lazy dog.'}, IrisMessageContent{message=36, textContent='The smart phone jumped over the lazy dog.'}], messageDifferentiator=null}, rateLimitInfo=IrisRateLimitInformation[currentMessageCount=0, rateLimit=-1, rateLimitTimeframeHours=0], stages=null, suggestions=null, tokens=null]
    23:43:49.347 | 402 ool-1-worker-166 | DEBUG | d.t.c.a.a.i.s.w.IrisWebsocketService : Sent message to Iris user irislecturechatmessageintegrationstudent1 on topic /topic/iris/30: IrisChatWebsocketDTO[type=STATUS, message=null, rateLimitInfo=IrisRateLimitInformation[currentMessageCount=0, rateLimit=-1, rateLimitTimeframeHours=0], stages=[PyrisStageDTO[name=Preparing, weight=10, state=IN_PROGRESS, message=null], PyrisStageDTO[name=Executing pipeline, weight=30, state=NOT_STARTED, message=null]], suggestions=null, tokens=null]
    23:43:49.352 | 402 ool-1-worker-166 | DEBUG | d.t.c.a.a.i.s.w.IrisWebsocketService : Sent message to Iris user irislecturechatmessageintegrationstudent1 on topic /topic/iris/30: IrisChatWebsocketDTO[type=STATUS, message=null, rateLimitInfo=IrisRateLimitInformation[currentMessageCount=0, rateLimit=-1, rateLimitTimeframeHours=0], stages=[PyrisStageDTO[name=Preparing, weight=10, state=DONE, message=null], PyrisStageDTO[name=Executing pipeline, weight=30, state=IN_PROGRESS, message=null]], suggestions=null, tokens=null]
    23:43:49.364 | 402 ool-1-worker-166 | INFO  | d.t.c.a.a.c.s.jwt.TokenProvider      : Invalid JWT token: artemislocal_ase_in_tum_de-unknown-1739576629337-KJOFm8u79Z from source bearer
    23:43:49.364 | 402 ool-1-worker-166 | INFO  | d.t.c.a.a.c.s.jwt.TokenProvider      : Invalid JWT token: artemislocal_ase_in_tum_de-unknown-1739576629337-KJOFm8u79Z from source bearer
    23:43:49.364 | 402 ool-1-worker-166 | DEBUG | d.t.c.a.a.c.s.f.ApiVersionFilter     : Adding Version to Request POST /api/public/pyris/pipelines/lecture-chat/runs/artemislocal_ase_in_tum_de-unknown-1739576629337-KJOFm8u79Z/status
    23:43:49.377 | 402 ool-1-worker-166 | DEBUG | d.t.c.a.a.i.s.w.IrisWebsocketService : Sent message to Iris user irislecturechatmessageintegrationstudent1 on topic /topic/iris/30: IrisChatWebsocketDTO[type=MESSAGE, message=IrisMessage{id=37, session=IrisLectureChatSession{user=irislecturechatmessageintegrationstudent1, lecture=Lecture{id=9, title='null', description='Test Lecture', visibleDate='2025-02-14T23:43:49.306505Z', startDate='null', endDate='null'}}, sentAt=2025-02-14T23:43:49.371085Z, helpful=null, sender=LLM, content=[IrisMessageContent{message=37, textContent='Hello World 1'}], messageDifferentiator=null}, rateLimitInfo=IrisRateLimitInformation[currentMessageCount=0, rateLimit=-1, rateLimitTimeframeHours=0], stages=[PyrisStageDTO[name=Preparing, weight=10, state=DONE, message=null]], suggestions=null, tokens=null]
    23:43:49.380 | 402 ool-1-worker-166 | DEBUG | d.t.c.a.a.c.s.f.ApiVersionFilter     : Adding Version to Request POST /api/iris/sessions/30/messages
    23:43:49.394 | 402 ool-1-worker-166 | DEBUG | d.t.c.a.a.i.s.w.IrisWebsocketService : Sent message to Iris user irislecturechatmessageintegrationstudent1 on topic /topic/iris/30: IrisChatWebsocketDTO[type=MESSAGE, message=IrisMessage{id=38, session=IrisLectureChatSession{user=irislecturechatmessageintegrationstudent1, lecture=Lecture{id=9, title='null', description='Test Lecture', visibleDate='2025-02-14T23:43:49.306505Z', startDate='null', endDate='null'}}, sentAt=2025-02-14T23:43:49.390722Z, helpful=null, sender=USER, content=[IrisMessageContent{message=38, textContent='The silly shoe jumped over the lazy dog.'}, IrisMessageContent{message=38, textContent='The happy shoe jumped over the lazy dog.'}, IrisMessageContent{message=38, textContent='The funny house jumped over the lazy dog.'}], messageDifferentiator=null}, rateLimitInfo=IrisRateLimitInformation[currentMessageCount=0, rateLimit=-1, rateLimitTimeframeHours=0], stages=null, suggestions=null, tokens=null]
    23:43:49.399 | 402 ool-1-worker-166 | DEBUG | d.t.c.a.a.i.s.w.IrisWebsocketService : Sent message to Iris user irislecturechatmessageintegrationstudent1 on topic /topic/iris/30: IrisChatWebsocketDTO[type=STATUS, message=null, rateLimitInfo=IrisRateLimitInformation[currentMessageCount=0, rateLimit=-1, rateLimitTimeframeHours=0], stages=[PyrisStageDTO[name=Preparing, weight=10, state=IN_PROGRESS, message=null], PyrisStageDTO[name=Executing pipeline, weight=30, state=NOT_STARTED, message=null]], suggestions=null, tokens=null]
    23:43:49.401 | 402 ool-1-worker-166 | DEBUG | d.t.c.a.a.i.s.w.IrisWebsocketService : Sent message to Iris user irislecturechatmessageintegrationstudent1 on topic /topic/iris/30: IrisChatWebsocketDTO[type=STATUS, message=null, rateLimitInfo=IrisRateLimitInformation[currentMessageCount=0, rateLimit=-1, rateLimitTimeframeHours=0], stages=[PyrisStageDTO[name=Preparing, weight=10, state=DONE, message=null], PyrisStageDTO[name=Executing pipeline, weight=30, state=IN_PROGRESS, message=null]], suggestions=null, tokens=null]
    23:43:49.407 | 402 ool-1-worker-166 | INFO  | d.t.c.a.a.c.s.jwt.TokenProvider      : Invalid JWT token: artemislocal_ase_in_tum_de-unknown-1739576629397-dNUf8Cqnlh from source bearer
    23:43:49.407 | 402 ool-1-worker-166 | INFO  | d.t.c.a.a.c.s.jwt.TokenProvider      : Invalid JWT token: artemislocal_ase_in_tum_de-unknown-1739576629397-dNUf8Cqnlh from source bearer
    23:43:49.407 | 402 ool-1-worker-166 | DEBUG | d.t.c.a.a.c.s.f.ApiVersionFilter     : Adding Version to Request POST /api/public/pyris/pipelines/lecture-chat/runs/artemislocal_ase_in_tum_de-unknown-1739576629397-dNUf8Cqnlh/status
    23:43:49.422 | 402 ool-1-worker-166 | DEBUG | d.t.c.a.a.i.s.w.IrisWebsocketService : Sent message to Iris user irislecturechatmessageintegrationstudent1 on topic /topic/iris/30: IrisChatWebsocketDTO[type=MESSAGE, message=IrisMessage{id=39, session=IrisLectureChatSession{user=irislecturechatmessageintegrationstudent1, lecture=Lecture{id=9, title='null', description='Test Lecture', visibleDate='2025-02-14T23:43:49.306505Z', startDate='null', endDate='null'}}, sentAt=2025-02-14T23:43:49.413167Z, helpful=null, sender=LLM, content=[IrisMessageContent{message=39, textContent='Hello World 2'}], messageDifferentiator=null}, rateLimitInfo=IrisRateLimitInformation[currentMessageCount=0, rateLimit=-1, rateLimitTimeframeHours=0], stages=[PyrisStageDTO[name=Preparing, weight=10, state=DONE, message=null]], suggestions=null, tokens=null]

  Starting logs for IrisLectureChatMessageIntegrationTest > sendOneMessage()
    23:43:49.439 | 402 ool-1-worker-166 | DEBUG | d.t.c.a.a.c.u.util.UserUtilService   : Generate 2 students...
    23:43:49.443 | 402 ool-1-worker-166 | DEBUG | d.t.c.a.a.c.u.util.UserUtilService   : 2 students generated. Generate 0 tutors...
    23:43:49.444 | 402 ool-1-worker-166 | DEBUG | d.t.c.a.a.c.u.util.UserUtilService   : 0 tutors generated. Generate 0 editors...
    23:43:49.445 | 402 ool-1-worker-166 | DEBUG | d.t.c.a.a.c.u.util.UserUtilService   : 0 editors generated. Generate 0 instructors...
    23:43:49.447 | 402 ool-1-worker-166 | DEBUG | d.t.c.a.a.c.u.util.UserUtilService   : 0 instructors generated
    23:43:49.448 | 402 ool-1-worker-166 | DEBUG | d.t.c.a.a.c.u.util.UserUtilService   : Removing 2 users from all courses...
    23:43:49.448 | 402 ool-1-worker-166 | DEBUG | d.t.c.a.a.c.u.util.UserUtilService   : Removing 2 users from all courses. Done
    23:43:49.448 | 402 ool-1-worker-166 | DEBUG | d.t.c.a.a.c.u.util.UserUtilService   : Save 2 users to database...
    23:43:49.452 | 402 ool-1-worker-166 | DEBUG | d.t.c.a.a.c.u.util.UserUtilService   : Save 2 users to database. Done
    23:43:49.456 | 402 ool-1-worker-166 | INFO  | i.z.t.d.l.EmbeddedDatabaseReporter   : JDBC URL to connect to 'dataSource': url='jdbc:h2:tcp://localhost:41063/mem:f240edcd-27ce-47a3-b4ab-a6a00c154135;USER=sa', scope='IrisLectureChatMessageIntegrationTest#sendOneMessage'
    23:43:49.459 | 402 ool-1-worker-166 | DEBUG | d.t.c.a.a.c.s.f.ApiVersionFilter     : Adding Version to Request POST /api/iris/sessions/31/messages
    23:43:49.470 | 402 ool-1-worker-166 | DEBUG | d.t.c.a.a.i.s.w.IrisWebsocketService : Sent message to Iris user irislecturechatmessageintegrationstudent1 on topic /topic/iris/31: IrisChatWebsocketDTO[type=MESSAGE, message=IrisMessage{id=40, session=IrisLectureChatSession{user=irislecturechatmessageintegrationstudent1, lecture=Lecture{id=10, title='null', description='Test Lecture', visibleDate='2025-02-14T23:43:49.453611Z', startDate='null', endDate='null'}}, sentAt=2025-02-14T23:43:49.466913Z, helpful=null, sender=USER, content=[IrisMessageContent{message=40, textContent='The silly house jumped over the lazy dog.'}, IrisMessageContent{message=40, textContent='The beautiful car jumped over the lazy dog.'}, IrisMessageContent{message=40, textContent='The beautiful car jumped over the lazy dog.'}], messageDifferentiator=1453}, rateLimitInfo=IrisRateLimitInformation[currentMessageCount=0, rateLimit=-1, rateLimitTimeframeHours=0], stages=null, suggestions=null, tokens=null]
    23:43:49.474 | 402 ool-1-worker-166 | DEBUG | d.t.c.a.a.i.s.w.IrisWebsocketService : Sent message to Iris user irislecturechatmessageintegrationstudent1 on topic /topic/iris/31: IrisChatWebsocketDTO[type=STATUS, message=null, rateLimitInfo=IrisRateLimitInformation[currentMessageCount=0, rateLimit=-1, rateLimitTimeframeHours=0], stages=[PyrisStageDTO[name=Preparing, weight=10, state=IN_PROGRESS, message=null], PyrisStageDTO[name=Executing pipeline, weight=30, state=NOT_STARTED, message=null]], suggestions=null, tokens=null]
    23:43:49.476 | 402 ool-1-worker-166 | DEBUG | d.t.c.a.a.i.s.w.IrisWebsocketService : Sent message to Iris user irislecturechatmessageintegrationstudent1 on topic /topic/iris/31: IrisChatWebsocketDTO[type=STATUS, message=null, rateLimitInfo=IrisRateLimitInformation[currentMessageCount=0, rateLimit=-1, rateLimitTimeframeHours=0], stages=[PyrisStageDTO[name=Preparing, weight=10, state=DONE, message=null], PyrisStageDTO[name=Executing pipeline, weight=30, state=IN_PROGRESS, message=null]], suggestions=null, tokens=null]
    23:43:49.480 | 402 ool-1-worker-166 | INFO  | d.t.c.a.a.c.s.jwt.TokenProvider      : Invalid JWT token: artemislocal_ase_in_tum_de-unknown-1739576629472-hFArBjBBNW from source bearer
    23:43:49.480 | 402 ool-1-worker-166 | INFO  | d.t.c.a.a.c.s.jwt.TokenProvider      : Invalid JWT token: artemislocal_ase_in_tum_de-unknown-1739576629472-hFArBjBBNW from source bearer
    23:43:49.480 | 402 ool-1-worker-166 | DEBUG | d.t.c.a.a.c.s.f.ApiVersionFilter     : Adding Version to Request POST /api/public/pyris/pipelines/lecture-chat/runs/artemislocal_ase_in_tum_de-unknown-1739576629472-hFArBjBBNW/status
    23:43:49.485 | 402 ool-1-worker-166 | DEBUG | d.t.c.a.a.i.s.w.IrisWebsocketService : Sent message to Iris user irislecturechatmessageintegrationstudent1 on topic /topic/iris/31: IrisChatWebsocketDTO[type=MESSAGE, message=IrisMessage{id=41, session=IrisLectureChatSession{user=irislecturechatmessageintegrationstudent1, lecture=Lecture{id=10, title='null', description='Test Lecture', visibleDate='2025-02-14T23:43:49.453611Z', startDate='null', endDate='null'}}, sentAt=2025-02-14T23:43:49.482062Z, helpful=null, sender=LLM, content=[IrisMessageContent{message=41, textContent='Hello World'}], messageDifferentiator=null}, rateLimitInfo=IrisRateLimitInformation[currentMessageCount=0, rateLimit=-1, rateLimitTimeframeHours=0], stages=[PyrisStageDTO[name=Preparing, weight=10, state=DONE, message=null]], suggestions=null, tokens=null]

  Starting logs for IrisLectureChatMessageIntegrationTest > sendMessageWithoutContent()
    23:43:49.505 | 402 ool-1-worker-166 | DEBUG | d.t.c.a.a.c.u.util.UserUtilService   : Generate 2 students...
    23:43:49.509 | 402 ool-1-worker-166 | DEBUG | d.t.c.a.a.c.u.util.UserUtilService   : 2 students generated. Generate 0 tutors...
    23:43:49.510 | 402 ool-1-worker-166 | DEBUG | d.t.c.a.a.c.u.util.UserUtilService   : 0 tutors generated. Generate 0 editors...
    23:43:49.511 | 402 ool-1-worker-166 | DEBUG | d.t.c.a.a.c.u.util.UserUtilService   : 0 editors generated. Generate 0 instructors...
    23:43:49.515 | 402 ool-1-worker-166 | DEBUG | d.t.c.a.a.c.u.util.UserUtilService   : 0 instructors generated
    23:43:49.517 | 402 ool-1-worker-166 | DEBUG | d.t.c.a.a.c.u.util.UserUtilService   : Removing 2 users from all courses...
    23:43:49.517 | 402 ool-1-worker-166 | DEBUG | d.t.c.a.a.c.u.util.UserUtilService   : Removing 2 users from all courses. Done
    23:43:49.517 | 402 ool-1-worker-166 | DEBUG | d.t.c.a.a.c.u.util.UserUtilService   : Save 2 users to database...
    23:43:49.519 | 402 ool-1-worker-166 | DEBUG | d.t.c.a.a.c.u.util.UserUtilService   : Save 2 users to database. Done
    23:43:49.523 | 402 ool-1-worker-166 | INFO  | i.z.t.d.l.EmbeddedDatabaseReporter   : JDBC URL to connect to 'dataSource': url='jdbc:h2:tcp://localhost:41063/mem:f240edcd-27ce-47a3-b4ab-a6a00c154135;USER=sa', scope='IrisLectureChatMessageIntegrationTest#sendMessageWithoutContent'
    23:43:49.525 | 402 ool-1-worker-166 | DEBUG | d.t.c.a.a.c.s.f.ApiVersionFilter     : Adding Version to Request POST /api/iris/sessions/32/messages
    23:43:49.533 | 402 ool-1-worker-166 | WARN  | o.z.p.spring.common.AdviceTraits     : Bad Request: Message must have at least one content element

  Starting logs for IrisLectureChatMessageIntegrationTest > rateMessageHelpfulNull()
    23:43:49.549 | 402 ool-1-worker-166 | DEBUG | d.t.c.a.a.c.u.util.UserUtilService   : Generate 2 students...
    23:43:49.553 | 402 ool-1-worker-166 | DEBUG | d.t.c.a.a.c.u.util.UserUtilService   : 2 students generated. Generate 0 tutors...
    23:43:49.554 | 402 ool-1-worker-166 | DEBUG | d.t.c.a.a.c.u.util.UserUtilService   : 0 tutors generated. Generate 0 editors...
    23:43:49.556 | 402 ool-1-worker-166 | DEBUG | d.t.c.a.a.c.u.util.UserUtilService   : 0 editors generated. Generate 0 instructors...
    23:43:49.557 | 402 ool-1-worker-166 | DEBUG | d.t.c.a.a.c.u.util.UserUtilService   : 0 instructors generated
    23:43:49.558 | 402 ool-1-worker-166 | DEBUG | d.t.c.a.a.c.u.util.UserUtilService   : Removing 2 users from all courses...
    23:43:49.559 | 402 ool-1-worker-166 | DEBUG | d.t.c.a.a.c.u.util.UserUtilService   : Removing 2 users from all courses. Done
    23:43:49.559 | 402 ool-1-worker-166 | DEBUG | d.t.c.a.a.c.u.util.UserUtilService   : Save 2 users to database...
    23:43:49.561 | 402 ool-1-worker-166 | DEBUG | d.t.c.a.a.c.u.util.UserUtilService   : Save 2 users to database. Done
    23:43:49.564 | 402 ool-1-worker-166 | INFO  | i.z.t.d.l.EmbeddedDatabaseReporter   : JDBC URL to connect to 'dataSource': url='jdbc:h2:tcp://localhost:41063/mem:f240edcd-27ce-47a3-b4ab-a6a00c154135;USER=sa', scope='IrisLectureChatMessageIntegrationTest#rateMessageHelpfulNull'
    23:43:49.570 | 402 ool-1-worker-166 | DEBUG | d.t.c.a.a.c.s.f.ApiVersionFilter     : Adding Version to Request PUT /api/iris/sessions/33/messages/42/helpful

  Starting logs for IrisLectureChatMessageIntegrationTest > rateMessageHelpfulTrue()
    23:43:49.591 | 402 ool-1-worker-166 | DEBUG | d.t.c.a.a.c.u.util.UserUtilService   : Generate 2 students...
    23:43:49.595 | 402 ool-1-worker-166 | DEBUG | d.t.c.a.a.c.u.util.UserUtilService   : 2 students generated. Generate 0 tutors...
    23:43:49.597 | 402 ool-1-worker-166 | DEBUG | d.t.c.a.a.c.u.util.UserUtilService   : 0 tutors generated. Generate 0 editors...
    23:43:49.598 | 402 ool-1-worker-166 | DEBUG | d.t.c.a.a.c.u.util.UserUtilService   : 0 editors generated. Generate 0 instructors...
    23:43:49.599 | 402 ool-1-worker-166 | DEBUG | d.t.c.a.a.c.u.util.UserUtilService   : 0 instructors generated
    23:43:49.600 | 402 ool-1-worker-166 | DEBUG | d.t.c.a.a.c.u.util.UserUtilService   : Removing 2 users from all courses...
    23:43:49.601 | 402 ool-1-worker-166 | DEBUG | d.t.c.a.a.c.u.util.UserUtilService   : Removing 2 users from all courses. Done
    23:43:49.601 | 402 ool-1-worker-166 | DEBUG | d.t.c.a.a.c.u.util.UserUtilService   : Save 2 users to database...
    23:43:49.603 | 402 ool-1-worker-166 | DEBUG | d.t.c.a.a.c.u.util.UserUtilService   : Save 2 users to database. Done
    23:43:49.606 | 402 ool-1-worker-166 | INFO  | i.z.t.d.l.EmbeddedDatabaseReporter   : JDBC URL to connect to 'dataSource': url='jdbc:h2:tcp://localhost:41063/mem:f240edcd-27ce-47a3-b4ab-a6a00c154135;USER=sa', scope='IrisLectureChatMessageIntegrationTest#rateMessageHelpfulTrue'
    23:43:49.611 | 402 ool-1-worker-166 | DEBUG | d.t.c.a.a.c.s.f.ApiVersionFilter     : Adding Version to Request PUT /api/iris/sessions/34/messages/43/helpful

  Starting logs for IrisLectureChatMessageIntegrationTest > rateMessageWrongSender()
    23:43:49.631 | 402 ool-1-worker-166 | DEBUG | d.t.c.a.a.c.u.util.UserUtilService   : Generate 2 students...
    23:43:49.635 | 402 ool-1-worker-166 | DEBUG | d.t.c.a.a.c.u.util.UserUtilService   : 2 students generated. Generate 0 tutors...
    23:43:49.636 | 402 ool-1-worker-166 | DEBUG | d.t.c.a.a.c.u.util.UserUtilService   : 0 tutors generated. Generate 0 editors...
    23:43:49.638 | 402 ool-1-worker-166 | DEBUG | d.t.c.a.a.c.u.util.UserUtilService   : 0 editors generated. Generate 0 instructors...
    23:43:49.639 | 402 ool-1-worker-166 | DEBUG | d.t.c.a.a.c.u.util.UserUtilService   : 0 instructors generated
    23:43:49.640 | 402 ool-1-worker-166 | DEBUG | d.t.c.a.a.c.u.util.UserUtilService   : Removing 2 users from all courses...
    23:43:49.640 | 402 ool-1-worker-166 | DEBUG | d.t.c.a.a.c.u.util.UserUtilService   : Removing 2 users from all courses. Done
    23:43:49.640 | 402 ool-1-worker-166 | DEBUG | d.t.c.a.a.c.u.util.UserUtilService   : Save 2 users to database...
    23:43:49.643 | 402 ool-1-worker-166 | DEBUG | d.t.c.a.a.c.u.util.UserUtilService   : Save 2 users to database. Done
    23:43:49.646 | 402 ool-1-worker-166 | INFO  | i.z.t.d.l.EmbeddedDatabaseReporter   : JDBC URL to connect to 'dataSource': url='jdbc:h2:tcp://localhost:41063/mem:f240edcd-27ce-47a3-b4ab-a6a00c154135;USER=sa', scope='IrisLectureChatMessageIntegrationTest#rateMessageWrongSender'
    23:43:49.651 | 402 ool-1-worker-166 | DEBUG | d.t.c.a.a.c.s.f.ApiVersionFilter     : Adding Version to Request PUT /api/iris/sessions/35/messages/44/helpful
    23:43:49.656 | 402 ool-1-worker-166 | WARN  | o.z.p.spring.common.AdviceTraits     : Bad Request: You can only rate messages sent by Iris

  Starting logs for IrisLectureChatMessageIntegrationTest > rateMessageHelpfulFalse()
    23:43:49.671 | 402 ool-1-worker-166 | DEBUG | d.t.c.a.a.c.u.util.UserUtilService   : Generate 2 students...
    23:43:49.675 | 402 ool-1-worker-166 | DEBUG | d.t.c.a.a.c.u.util.UserUtilService   : 2 students generated. Generate 0 tutors...
    23:43:49.676 | 402 ool-1-worker-166 | DEBUG | d.t.c.a.a.c.u.util.UserUtilService   : 0 tutors generated. Generate 0 editors...
    23:43:49.678 | 402 ool-1-worker-166 | DEBUG | d.t.c.a.a.c.u.util.UserUtilService   : 0 editors generated. Generate 0 instructors...
    23:43:49.679 | 402 ool-1-worker-166 | DEBUG | d.t.c.a.a.c.u.util.UserUtilService   : 0 instructors generated
    23:43:49.680 | 402 ool-1-worker-166 | DEBUG | d.t.c.a.a.c.u.util.UserUtilService   : Removing 2 users from all courses...
    23:43:49.681 | 402 ool-1-worker-166 | DEBUG | d.t.c.a.a.c.u.util.UserUtilService   : Removing 2 users from all courses. Done
    23:43:49.681 | 402 ool-1-worker-166 | DEBUG | d.t.c.a.a.c.u.util.UserUtilService   : Save 2 users to database...
    23:43:49.683 | 402 ool-1-worker-166 | DEBUG | d.t.c.a.a.c.u.util.UserUtilService   : Save 2 users to database. Done
    23:43:49.686 | 402 ool-1-worker-166 | INFO  | i.z.t.d.l.EmbeddedDatabaseReporter   : JDBC URL to connect to 'dataSource': url='jdbc:h2:tcp://localhost:41063/mem:f240edcd-27ce-47a3-b4ab-a6a00c154135;USER=sa', scope='IrisLectureChatMessageIntegrationTest#rateMessageHelpfulFalse'
    23:43:49.691 | 402 ool-1-worker-166 | DEBUG | d.t.c.a.a.c.s.f.ApiVersionFilter     : Adding Version to Request PUT /api/iris/sessions/36/messages/45/helpful

  Starting logs for IrisLectureChatMessageIntegrationTest > sendMessageRateLimitReached()
    23:43:49.712 | 402 ool-1-worker-166 | DEBUG | d.t.c.a.a.c.u.util.UserUtilService   : Generate 2 students...
    23:43:49.715 | 402 ool-1-worker-166 | DEBUG | d.t.c.a.a.c.u.util.UserUtilService   : 2 students generated. Generate 0 tutors...
    23:43:49.717 | 402 ool-1-worker-166 | DEBUG | d.t.c.a.a.c.u.util.UserUtilService   : 0 tutors generated. Generate 0 editors...
    23:43:49.718 | 402 ool-1-worker-166 | DEBUG | d.t.c.a.a.c.u.util.UserUtilService   : 0 editors generated. Generate 0 instructors...
    23:43:49.719 | 402 ool-1-worker-166 | DEBUG | d.t.c.a.a.c.u.util.UserUtilService   : 0 instructors generated
    23:43:49.720 | 402 ool-1-worker-166 | DEBUG | d.t.c.a.a.c.u.util.UserUtilService   : Removing 2 users from all courses...
    23:43:49.721 | 402 ool-1-worker-166 | DEBUG | d.t.c.a.a.c.u.util.UserUtilService   : Removing 2 users from all courses. Done
    23:43:49.721 | 402 ool-1-worker-166 | DEBUG | d.t.c.a.a.c.u.util.UserUtilService   : Save 2 users to database...
    23:43:49.723 | 402 ool-1-worker-166 | DEBUG | d.t.c.a.a.c.u.util.UserUtilService   : Save 2 users to database. Done
    23:43:49.726 | 402 ool-1-worker-166 | INFO  | i.z.t.d.l.EmbeddedDatabaseReporter   : JDBC URL to connect to 'dataSource': url='jdbc:h2:tcp://localhost:41063/mem:f240edcd-27ce-47a3-b4ab-a6a00c154135;USER=sa', scope='IrisLectureChatMessageIntegrationTest#sendMessageRateLimitReached'
    23:43:49.735 | 402 ool-1-worker-166 | DEBUG | d.t.c.a.a.c.s.f.ApiVersionFilter     : Adding Version to Request POST /api/iris/sessions/37/messages
    23:43:49.757 | 402 ool-1-worker-166 | DEBUG | d.t.c.a.a.i.s.w.IrisWebsocketService : Sent message to Iris user irislecturechatmessageintegrationstudent2 on topic /topic/iris/37: IrisChatWebsocketDTO[type=MESSAGE, message=IrisMessage{id=46, session=IrisLectureChatSession{user=irislecturechatmessageintegrationstudent2, lecture=Lecture{id=16, title='null', description='Test Lecture', visibleDate='2025-02-14T23:43:49.724078Z', startDate='null', endDate='null'}}, sentAt=2025-02-14T23:43:49.748660Z, helpful=null, sender=USER, content=[IrisMessageContent{message=46, textContent='The crazy shoe jumped over the lazy dog.'}, IrisMessageContent{message=46, textContent='The smart computer jumped over the lazy dog.'}, IrisMessageContent{message=46, textContent='The smart computer jumped over the lazy dog.'}], messageDifferentiator=null}, rateLimitInfo=IrisRateLimitInformation[currentMessageCount=0, rateLimit=1, rateLimitTimeframeHours=10], stages=null, suggestions=null, tokens=null]
    23:43:49.766 | 402 ool-1-worker-166 | DEBUG | d.t.c.a.a.i.s.w.IrisWebsocketService : Sent message to Iris user irislecturechatmessageintegrationstudent2 on topic /topic/iris/37: IrisChatWebsocketDTO[type=STATUS, message=null, rateLimitInfo=IrisRateLimitInformation[currentMessageCount=0, rateLimit=1, rateLimitTimeframeHours=10], stages=[PyrisStageDTO[name=Preparing, weight=10, state=IN_PROGRESS, message=null], PyrisStageDTO[name=Executing pipeline, weight=30, state=NOT_STARTED, message=null]], suggestions=null, tokens=null]
    23:43:49.769 | 402 ool-1-worker-166 | DEBUG | d.t.c.a.a.i.s.w.IrisWebsocketService : Sent message to Iris user irislecturechatmessageintegrationstudent2 on topic /topic/iris/37: IrisChatWebsocketDTO[type=STATUS, message=null, rateLimitInfo=IrisRateLimitInformation[currentMessageCount=0, rateLimit=1, rateLimitTimeframeHours=10], stages=[PyrisStageDTO[name=Preparing, weight=10, state=DONE, message=null], PyrisStageDTO[name=Executing pipeline, weight=30, state=IN_PROGRESS, message=null]], suggestions=null, tokens=null]
    23:43:49.775 | 402 ool-1-worker-166 | INFO  | d.t.c.a.a.c.s.jwt.TokenProvider      : Invalid JWT token: artemislocal_ase_in_tum_de-unknown-1739576629760-Iz7seenmFt from source bearer
    23:43:49.775 | 402 ool-1-worker-166 | INFO  | d.t.c.a.a.c.s.jwt.TokenProvider      : Invalid JWT token: artemislocal_ase_in_tum_de-unknown-1739576629760-Iz7seenmFt from source bearer
    23:43:49.775 | 402 ool-1-worker-166 | DEBUG | d.t.c.a.a.c.s.f.ApiVersionFilter     : Adding Version to Request POST /api/public/pyris/pipelines/lecture-chat/runs/artemislocal_ase_in_tum_de-unknown-1739576629760-Iz7seenmFt/status
    23:43:49.786 | 402 ool-1-worker-166 | DEBUG | d.t.c.a.a.i.s.w.IrisWebsocketService : Sent message to Iris user irislecturechatmessageintegrationstudent2 on topic /topic/iris/37: IrisChatWebsocketDTO[type=MESSAGE, message=IrisMessage{id=47, session=IrisLectureChatSession{user=irislecturechatmessageintegrationstudent2, lecture=Lecture{id=16, title='null', description='Test Lecture', visibleDate='2025-02-14T23:43:49.724078Z', startDate='null', endDate='null'}}, sentAt=2025-02-14T23:43:49.780174Z, helpful=null, sender=LLM, content=[IrisMessageContent{message=47, textContent='Hello World'}], messageDifferentiator=null}, rateLimitInfo=IrisRateLimitInformation[currentMessageCount=1, rateLimit=1, rateLimitTimeframeHours=10], stages=[PyrisStageDTO[name=Preparing, weight=10, state=DONE, message=null]], suggestions=null, tokens=null]
    23:43:49.796 | 402 ool-1-worker-166 | DEBUG | d.t.c.a.a.c.s.f.ApiVersionFilter     : Adding Version to Request POST /api/iris/sessions/37/messages
    23:43:49.802 | 402 ool-1-worker-166 | WARN  | o.z.p.spring.common.AdviceTraits     : Too Many Requests: You have exceeded the rate limit of Iris
    23:43:49.806 | 402 ool-1-worker-166 | DEBUG | d.t.c.a.a.c.s.f.ApiVersionFilter     : Adding Version to Request POST /api/iris/sessions/37/messages/47/resend
    23:43:49.812 | 402 ool-1-worker-166 | WARN  | o.z.p.spring.common.AdviceTraits     : Too Many Requests: You have exceeded the rate limit of Iris

  Starting logs for IrisLectureChatMessageIntegrationTest > rateMessageWrongSession()
    23:43:49.829 | 402 ool-1-worker-166 | DEBUG | d.t.c.a.a.c.u.util.UserUtilService   : Generate 2 students...
    23:43:49.834 | 402 ool-1-worker-166 | DEBUG | d.t.c.a.a.c.u.util.UserUtilService   : 2 students generated. Generate 0 tutors...
    23:43:49.835 | 402 ool-1-worker-166 | DEBUG | d.t.c.a.a.c.u.util.UserUtilService   : 0 tutors generated. Generate 0 editors...
    23:43:49.837 | 402 ool-1-worker-166 | DEBUG | d.t.c.a.a.c.u.util.UserUtilService   : 0 editors generated. Generate 0 instructors...
    23:43:49.838 | 402 ool-1-worker-166 | DEBUG | d.t.c.a.a.c.u.util.UserUtilService   : 0 instructors generated
    23:43:49.839 | 402 ool-1-worker-166 | DEBUG | d.t.c.a.a.c.u.util.UserUtilService   : Removing 2 users from all courses...
    23:43:49.840 | 402 ool-1-worker-166 | DEBUG | d.t.c.a.a.c.u.util.UserUtilService   : Removing 2 users from all courses. Done
    23:43:49.840 | 402 ool-1-worker-166 | DEBUG | d.t.c.a.a.c.u.util.UserUtilService   : Save 2 users to database...
    23:43:49.842 | 402 ool-1-worker-166 | DEBUG | d.t.c.a.a.c.u.util.UserUtilService   : Save 2 users to database. Done
    23:43:49.846 | 402 ool-1-worker-166 | INFO  | i.z.t.d.l.EmbeddedDatabaseReporter   : JDBC URL to connect to 'dataSource': url='jdbc:h2:tcp://localhost:41063/mem:f240edcd-27ce-47a3-b4ab-a6a00c154135;USER=sa', scope='IrisLectureChatMessageIntegrationTest#rateMessageWrongSession'
    23:43:49.852 | 402 ool-1-worker-166 | DEBUG | d.t.c.a.a.c.s.f.ApiVersionFilter     : Adding Version to Request PUT /api/iris/sessions/39/messages/49/helpful
    23:43:49.854 | 402 ool-1-worker-166 | WARN  | o.z.p.spring.common.AdviceTraits     : Conflict: The message does not belong to the session

  Starting logs for IrisLectureChatMessageIntegrationTest > sendOneMessageToWrongSession()
    23:43:49.870 | 402 ool-1-worker-166 | DEBUG | d.t.c.a.a.c.u.util.UserUtilService   : Generate 2 students...
    23:43:49.874 | 402 ool-1-worker-166 | DEBUG | d.t.c.a.a.c.u.util.UserUtilService   : 2 students generated. Generate 0 tutors...
    23:43:49.875 | 402 ool-1-worker-166 | DEBUG | d.t.c.a.a.c.u.util.UserUtilService   : 0 tutors generated. Generate 0 editors...
    23:43:49.876 | 402 ool-1-worker-166 | DEBUG | d.t.c.a.a.c.u.util.UserUtilService   : 0 editors generated. Generate 0 instructors...
    23:43:49.878 | 402 ool-1-worker-166 | DEBUG | d.t.c.a.a.c.u.util.UserUtilService   : 0 instructors generated
    23:43:49.879 | 402 ool-1-worker-166 | DEBUG | d.t.c.a.a.c.u.util.UserUtilService   : Removing 2 users from all courses...
    23:43:49.879 | 402 ool-1-worker-166 | DEBUG | d.t.c.a.a.c.u.util.UserUtilService   : Removing 2 users from all courses. Done
    23:43:49.879 | 402 ool-1-worker-166 | DEBUG | d.t.c.a.a.c.u.util.UserUtilService   : Save 2 users to database...
    23:43:49.882 | 402 ool-1-worker-166 | DEBUG | d.t.c.a.a.c.u.util.UserUtilService   : Save 2 users to database. Done
    23:43:49.888 | 402 ool-1-worker-166 | INFO  | i.z.t.d.l.EmbeddedDatabaseReporter   : JDBC URL to connect to 'dataSource': url='jdbc:h2:tcp://localhost:41063/mem:f240edcd-27ce-47a3-b4ab-a6a00c154135;USER=sa', scope='IrisLectureChatMessageIntegrationTest#sendOneMessageToWrongSession'
    23:43:49.892 | 402 ool-1-worker-166 | DEBUG | d.t.c.a.a.c.s.f.ApiVersionFilter     : Adding Version to Request POST /api/iris/sessions/41/messages
    23:43:49.906 | 402 ool-1-worker-166 | WARN  | o.z.p.spring.common.AdviceTraits     : Forbidden: You are not allowed to access the Iris Lecture chat Session with id 41

  Starting logs for IrisLectureChatMessageIntegrationTest > getMessages()
    23:43:49.930 | 402 ool-1-worker-166 | DEBUG | d.t.c.a.a.c.u.util.UserUtilService   : Generate 2 students...
    23:43:49.934 | 402 ool-1-worker-166 | DEBUG | d.t.c.a.a.c.u.util.UserUtilService   : 2 students generated. Generate 0 tutors...
    23:43:49.935 | 402 ool-1-worker-166 | DEBUG | d.t.c.a.a.c.u.util.UserUtilService   : 0 tutors generated. Generate 0 editors...
    23:43:49.936 | 402 ool-1-worker-166 | DEBUG | d.t.c.a.a.c.u.util.UserUtilService   : 0 editors generated. Generate 0 instructors...
    23:43:49.938 | 402 ool-1-worker-166 | DEBUG | d.t.c.a.a.c.u.util.UserUtilService   : 0 instructors generated
    23:43:49.939 | 402 ool-1-worker-166 | DEBUG | d.t.c.a.a.c.u.util.UserUtilService   : Removing 2 users from all courses...
    23:43:49.939 | 402 ool-1-worker-166 | DEBUG | d.t.c.a.a.c.u.util.UserUtilService   : Removing 2 users from all courses. Done
    23:43:49.939 | 402 ool-1-worker-166 | DEBUG | d.t.c.a.a.c.u.util.UserUtilService   : Save 2 users to database...
    23:43:49.942 | 402 ool-1-worker-166 | DEBUG | d.t.c.a.a.c.u.util.UserUtilService   : Save 2 users to database. Done
    23:43:49.945 | 402 ool-1-worker-166 | INFO  | i.z.t.d.l.EmbeddedDatabaseReporter   : JDBC URL to connect to 'dataSource': url='jdbc:h2:tcp://localhost:41063/mem:f240edcd-27ce-47a3-b4ab-a6a00c154135;USER=sa', scope='IrisLectureChatMessageIntegrationTest#getMessages'
    23:43:49.956 | 402 ool-1-worker-166 | DEBUG | d.t.c.a.a.c.s.f.ApiVersionFilter     : Adding Version to Request GET /api/iris/sessions/42/messages

  Starting logs for IrisLectureChatMessageIntegrationTest > resendMessage()
    23:43:49.980 | 402 ool-1-worker-166 | DEBUG | d.t.c.a.a.c.u.util.UserUtilService   : Generate 2 students...
    23:43:49.984 | 402 ool-1-worker-166 | DEBUG | d.t.c.a.a.c.u.util.UserUtilService   : 2 students generated. Generate 0 tutors...
    23:43:49.985 | 402 ool-1-worker-166 | DEBUG | d.t.c.a.a.c.u.util.UserUtilService   : 0 tutors generated. Generate 0 editors...
    23:43:49.986 | 402 ool-1-worker-166 | DEBUG | d.t.c.a.a.c.u.util.UserUtilService   : 0 editors generated. Generate 0 instructors...
    23:43:49.987 | 402 ool-1-worker-166 | DEBUG | d.t.c.a.a.c.u.util.UserUtilService   : 0 instructors generated
    23:43:49.989 | 402 ool-1-worker-166 | DEBUG | d.t.c.a.a.c.u.util.UserUtilService   : Removing 2 users from all courses...
    23:43:49.989 | 402 ool-1-worker-166 | DEBUG | d.t.c.a.a.c.u.util.UserUtilService   : Removing 2 users from all courses. Done
    23:43:49.989 | 402 ool-1-worker-166 | DEBUG | d.t.c.a.a.c.u.util.UserUtilService   : Save 2 users to database...
    23:43:49.991 | 402 ool-1-worker-166 | DEBUG | d.t.c.a.a.c.u.util.UserUtilService   : Save 2 users to database. Done
    23:43:49.995 | 402 ool-1-worker-166 | INFO  | i.z.t.d.l.EmbeddedDatabaseReporter   : JDBC URL to connect to 'dataSource': url='jdbc:h2:tcp://localhost:41063/mem:f240edcd-27ce-47a3-b4ab-a6a00c154135;USER=sa', scope='IrisLectureChatMessageIntegrationTest#resendMessage'
    23:43:50.000 | 402 ool-1-worker-166 | DEBUG | d.t.c.a.a.c.s.f.ApiVersionFilter     : Adding Version to Request POST /api/iris/sessions/43/messages/54/resend
    23:43:50.014 | 402 ool-1-worker-166 | DEBUG | d.t.c.a.a.i.s.w.IrisWebsocketService : Sent message to Iris user irislecturechatmessageintegrationstudent1 on topic /topic/iris/43: IrisChatWebsocketDTO[type=STATUS, message=null, rateLimitInfo=IrisRateLimitInformation[currentMessageCount=0, rateLimit=-1, rateLimitTimeframeHours=0], stages=[PyrisStageDTO[name=Preparing, weight=10, state=IN_PROGRESS, message=null], PyrisStageDTO[name=Executing pipeline, weight=30, state=NOT_STARTED, message=null]], suggestions=null, tokens=null]
    23:43:50.019 | 402 ool-1-worker-166 | DEBUG | d.t.c.a.a.i.s.w.IrisWebsocketService : Sent message to Iris user irislecturechatmessageintegrationstudent1 on topic /topic/iris/43: IrisChatWebsocketDTO[type=STATUS, message=null, rateLimitInfo=IrisRateLimitInformation[currentMessageCount=0, rateLimit=-1, rateLimitTimeframeHours=0], stages=[PyrisStageDTO[name=Preparing, weight=10, state=DONE, message=null], PyrisStageDTO[name=Executing pipeline, weight=30, state=IN_PROGRESS, message=null]], suggestions=null, tokens=null]
    23:43:50.021 | 402 ool-1-worker-166 | INFO  | d.t.c.a.a.c.s.jwt.TokenProvider      : Invalid JWT token: artemislocal_ase_in_tum_de-unknown-1739576630010-Q2sb90K6DX from source bearer
    23:43:50.021 | 402 ool-1-worker-166 | INFO  | d.t.c.a.a.c.s.jwt.TokenProvider      : Invalid JWT token: artemislocal_ase_in_tum_de-unknown-1739576630010-Q2sb90K6DX from source bearer
    23:43:50.021 | 402 ool-1-worker-166 | DEBUG | d.t.c.a.a.c.s.f.ApiVersionFilter     : Adding Version to Request POST /api/public/pyris/pipelines/lecture-chat/runs/artemislocal_ase_in_tum_de-unknown-1739576630010-Q2sb90K6DX/status
    23:43:50.036 | 402 ool-1-worker-166 | DEBUG | d.t.c.a.a.i.s.w.IrisWebsocketService : Sent message to Iris user irislecturechatmessageintegrationstudent1 on topic /topic/iris/43: IrisChatWebsocketDTO[type=MESSAGE, message=IrisMessage{id=55, session=IrisLectureChatSession{user=irislecturechatmessageintegrationstudent1, lecture=Lecture{id=20, title='null', description='Test Lecture', visibleDate='2025-02-14T23:43:49.992509Z', startDate='null', endDate='null'}}, sentAt=2025-02-14T23:43:50.027085Z, helpful=null, sender=LLM, content=[IrisMessageContent{message=55, textContent='Hello World'}], messageDifferentiator=null}, rateLimitInfo=IrisRateLimitInformation[currentMessageCount=0, rateLimit=-1, rateLimitTimeframeHours=0], stages=[PyrisStageDTO[name=Preparing, weight=10, state=DONE, message=null]], suggestions=null, tokens=null]

Finished logs for IrisLectureChatMessageIntegrationTest
]]></system-out>
  <system-err><![CDATA[]]></system-err>
</testsuite>
