<?xml version="1.0" encoding="UTF-8"?>
<testsuite name="de.tum.cit.aet.artemis.core.service.AuthorizationCheckServiceTest" tests="0" skipped="0" failures="0" errors="0" timestamp="1970-01-01T00:00:00" hostname="fv-az1721-502" time="0.0">
  <properties/>
  <system-out><![CDATA[
Starting logs for AuthorizationCheckServiceTest

Finished logs for AuthorizationCheckServiceTest
]]></system-out>
  <system-err><![CDATA[]]></system-err>
</testsuite>
