<?xml version="1.0" encoding="UTF-8"?>
<testsuite name="de.tum.cit.aet.artemis.athena.service.connectors.AthenaSubmissionSendingServiceTest" tests="5" skipped="0" failures="0" errors="0" timestamp="2025-02-14T23:42:08" hostname="fv-az1721-502" time="6.143">
  <properties/>
  <testcase name="testSendMultipleSubmissionBatches()" classname="de.tum.cit.aet.artemis.athena.service.connectors.AthenaSubmissionSendingServiceTest" time="1.501"/>
  <testcase name="testSendSubmissionsSuccessProgramming()" classname="de.tum.cit.aet.artemis.athena.service.connectors.AthenaSubmissionSendingServiceTest" time="1.47"/>
  <testcase name="testSendNoSubmissions()" classname="de.tum.cit.aet.artemis.athena.service.connectors.AthenaSubmissionSendingServiceTest" time="1.097"/>
  <testcase name="testSendSubmissionsWithFeedbackSuggestionsDisabledText()" classname="de.tum.cit.aet.artemis.athena.service.connectors.AthenaSubmissionSendingServiceTest" time="1.03"/>
  <testcase name="testSendTextSubmissionsSuccess()" classname="de.tum.cit.aet.artemis.athena.service.connectors.AthenaSubmissionSendingServiceTest" time="1.03"/>
  <system-out><![CDATA[
Starting logs for AthenaSubmissionSendingServiceTest

  Starting logs for AthenaSubmissionSendingServiceTest > testSendMultipleSubmissionBatches()
    23:42:08.160 | 117 Pool-1-worker-32 | DEBUG | d.t.c.a.a.c.u.util.UserUtilService   : Generate 190 students...
    23:42:08.342 | 117 Pool-1-worker-32 | DEBUG | d.t.c.a.a.c.u.util.UserUtilService   : 190 students generated. Generate 0 tutors...
    23:42:08.343 | 117 Pool-1-worker-32 | DEBUG | d.t.c.a.a.c.u.util.UserUtilService   : 0 tutors generated. Generate 0 editors...
    23:42:08.345 | 117 Pool-1-worker-32 | DEBUG | d.t.c.a.a.c.u.util.UserUtilService   : 0 editors generated. Generate 0 instructors...
    23:42:08.346 | 117 Pool-1-worker-32 | DEBUG | d.t.c.a.a.c.u.util.UserUtilService   : 0 instructors generated
    23:42:08.348 | 117 Pool-1-worker-32 | DEBUG | d.t.c.a.a.c.u.util.UserUtilService   : Removing 2 users from all courses...
    23:42:08.349 | 117 Pool-1-worker-32 | DEBUG | d.t.c.a.a.c.u.util.UserUtilService   : Removing 2 users from all courses. Done
    23:42:08.349 | 117 Pool-1-worker-32 | DEBUG | d.t.c.a.a.c.u.util.UserUtilService   : Save 190 users to database...
    23:42:08.497 | 117 Pool-1-worker-32 | DEBUG | d.t.c.a.a.c.u.util.UserUtilService   : Save 190 users to database. Done
    23:42:08.501 | 117 Pool-1-worker-32 | INFO  | i.z.t.d.l.EmbeddedDatabaseReporter   : JDBC URL to connect to 'dataSource': url='jdbc:h2:tcp://localhost:41063/mem:736625c0-cf5e-400d-aeaa-8a7eabd6262b;USER=sa', scope='AthenaSubmissionSendingServiceTest#testSendMultipleSubmissionBatches'
    23:42:09.178 | 117 Pool-1-worker-32 | DEBUG | a.a.s.AthenaSubmissionSendingService : Start Athena Submission Sending Service for Exercise 'Title' (#153).
    23:42:09.275 | 117 Pool-1-worker-32 | INFO  | a.a.s.AthenaSubmissionSendingService : Calling Athena to calculate automatic feedback for 100 submissions (skipped 0 because of individual due date filter)
    23:42:09.278 | 117 Pool-1-worker-32 | DEBUG | d.t.c.a.a.a.service.AthenaConnector  : Calling Athena.
    23:42:09.284 | 117 Pool-1-worker-32 | DEBUG | d.t.c.a.a.a.service.AthenaConnector  : Finished remote call in 5.87ms
    23:42:09.284 | 117 Pool-1-worker-32 | INFO  | a.a.s.AthenaSubmissionSendingService : Athena (calculating automatic feedback) responded: null
    23:42:09.364 | 117 Pool-1-worker-32 | INFO  | a.a.s.AthenaSubmissionSendingService : Calling Athena to calculate automatic feedback for 90 submissions (skipped 0 because of individual due date filter)
    23:42:09.366 | 117 Pool-1-worker-32 | DEBUG | d.t.c.a.a.a.service.AthenaConnector  : Calling Athena.
    23:42:09.372 | 117 Pool-1-worker-32 | DEBUG | d.t.c.a.a.a.service.AthenaConnector  : Finished remote call in 6.52ms
    23:42:09.372 | 117 Pool-1-worker-32 | INFO  | a.a.s.AthenaSubmissionSendingService : Athena (calculating automatic feedback) responded: null

  Starting logs for AthenaSubmissionSendingServiceTest > testSendSubmissionsSuccessProgramming()
    23:42:09.666 | 117 Pool-1-worker-32 | DEBUG | d.t.c.a.a.c.u.util.UserUtilService   : Generate 190 students...
    23:42:10.112 | 117 Pool-1-worker-32 | DEBUG | d.t.c.a.a.c.u.util.UserUtilService   : 190 students generated. Generate 0 tutors...
    23:42:10.117 | 117 Pool-1-worker-32 | DEBUG | d.t.c.a.a.c.u.util.UserUtilService   : 0 tutors generated. Generate 0 editors...
    23:42:10.118 | 117 Pool-1-worker-32 | DEBUG | d.t.c.a.a.c.u.util.UserUtilService   : 0 editors generated. Generate 0 instructors...
    23:42:10.122 | 117 Pool-1-worker-32 | DEBUG | d.t.c.a.a.c.u.util.UserUtilService   : 0 instructors generated
    23:42:10.149 | 117 Pool-1-worker-32 | DEBUG | d.t.c.a.a.c.u.util.UserUtilService   : Removing 190 users from all courses...
    23:42:10.242 | 117 Pool-1-worker-32 | DEBUG | d.t.c.a.a.c.u.util.UserUtilService   : Removing 190 users from all courses. Done
    23:42:10.242 | 117 Pool-1-worker-32 | DEBUG | d.t.c.a.a.c.u.util.UserUtilService   : Save 190 users to database...
    23:42:11.044 | 117 Pool-1-worker-32 | DEBUG | d.t.c.a.a.c.u.util.UserUtilService   : Save 190 users to database. Done
    23:42:11.047 | 117 Pool-1-worker-32 | INFO  | i.z.t.d.l.EmbeddedDatabaseReporter   : JDBC URL to connect to 'dataSource': url='jdbc:h2:tcp://localhost:41063/mem:736625c0-cf5e-400d-aeaa-8a7eabd6262b;USER=sa', scope='AthenaSubmissionSendingServiceTest#testSendSubmissionsSuccessProgramming'
    23:42:11.053 | 117 Pool-1-worker-32 | DEBUG | a.a.s.AthenaSubmissionSendingService : Start Athena Submission Sending Service for Exercise 'Title' (#156).
    23:42:11.063 | 117 Pool-1-worker-32 | INFO  | a.a.s.AthenaSubmissionSendingService : Calling Athena to calculate automatic feedback for 1 submissions (skipped 0 because of individual due date filter)
    23:42:11.067 | 117 Pool-1-worker-32 | DEBUG | d.t.c.a.a.a.service.AthenaConnector  : Calling Athena.
    23:42:11.073 | 117 Pool-1-worker-32 | DEBUG | d.t.c.a.a.a.service.AthenaConnector  : Finished remote call in 6.04ms
    23:42:11.073 | 117 Pool-1-worker-32 | INFO  | a.a.s.AthenaSubmissionSendingService : Athena (calculating automatic feedback) responded: null

  Starting logs for AthenaSubmissionSendingServiceTest > testSendNoSubmissions()
    23:42:11.149 | 117 Pool-1-worker-32 | DEBUG | d.t.c.a.a.c.u.util.UserUtilService   : Generate 190 students...
    23:42:11.714 | 117 Pool-1-worker-32 | DEBUG | d.t.c.a.a.c.u.util.UserUtilService   : 190 students generated. Generate 0 tutors...
    23:42:11.715 | 117 Pool-1-worker-32 | DEBUG | d.t.c.a.a.c.u.util.UserUtilService   : 0 tutors generated. Generate 0 editors...
    23:42:11.720 | 117 Pool-1-worker-32 | DEBUG | d.t.c.a.a.c.u.util.UserUtilService   : 0 editors generated. Generate 0 instructors...
    23:42:11.721 | 117 Pool-1-worker-32 | DEBUG | d.t.c.a.a.c.u.util.UserUtilService   : 0 instructors generated
    23:42:11.745 | 117 Pool-1-worker-32 | DEBUG | d.t.c.a.a.c.u.util.UserUtilService   : Removing 190 users from all courses...
    23:42:11.836 | 117 Pool-1-worker-32 | DEBUG | d.t.c.a.a.c.u.util.UserUtilService   : Removing 190 users from all courses. Done
    23:42:11.836 | 117 Pool-1-worker-32 | DEBUG | d.t.c.a.a.c.u.util.UserUtilService   : Save 190 users to database...
    23:42:12.206 | 117 Pool-1-worker-32 | DEBUG | d.t.c.a.a.c.u.util.UserUtilService   : Save 190 users to database. Done
    23:42:12.208 | 117 Pool-1-worker-32 | INFO  | i.z.t.d.l.EmbeddedDatabaseReporter   : JDBC URL to connect to 'dataSource': url='jdbc:h2:tcp://localhost:41063/mem:736625c0-cf5e-400d-aeaa-8a7eabd6262b;USER=sa', scope='AthenaSubmissionSendingServiceTest#testSendNoSubmissions'
    23:42:12.208 | 117 Pool-1-worker-32 | DEBUG | a.a.s.AthenaSubmissionSendingService : Start Athena Submission Sending Service for Exercise 'Title' (#157).
    23:42:12.209 | 117 Pool-1-worker-32 | INFO  | a.a.s.AthenaSubmissionSendingService : No submissions found to send (total: 0, filtered: 0)
    23:42:12.209 | 117 Pool-1-worker-32 | DEBUG | a.a.s.AthenaSubmissionSendingService : Start Athena Submission Sending Service for Exercise 'Title' (#158).
    23:42:12.210 | 117 Pool-1-worker-32 | INFO  | a.a.s.AthenaSubmissionSendingService : No submissions found to send (total: 0, filtered: 0)

  Starting logs for AthenaSubmissionSendingServiceTest > testSendSubmissionsWithFeedbackSuggestionsDisabledText()
    23:42:12.238 | 117 Pool-1-worker-32 | DEBUG | d.t.c.a.a.c.u.util.UserUtilService   : Generate 190 students...
    23:42:12.778 | 117 Pool-1-worker-32 | DEBUG | d.t.c.a.a.c.u.util.UserUtilService   : 190 students generated. Generate 0 tutors...
    23:42:12.780 | 117 Pool-1-worker-32 | DEBUG | d.t.c.a.a.c.u.util.UserUtilService   : 0 tutors generated. Generate 0 editors...
    23:42:12.784 | 117 Pool-1-worker-32 | DEBUG | d.t.c.a.a.c.u.util.UserUtilService   : 0 editors generated. Generate 0 instructors...
    23:42:12.788 | 117 Pool-1-worker-32 | DEBUG | d.t.c.a.a.c.u.util.UserUtilService   : 0 instructors generated
    23:42:12.808 | 117 Pool-1-worker-32 | DEBUG | d.t.c.a.a.c.u.util.UserUtilService   : Removing 190 users from all courses...
    23:42:12.864 | 117 Pool-1-worker-32 | DEBUG | d.t.c.a.a.c.u.util.UserUtilService   : Removing 190 users from all courses. Done
    23:42:12.864 | 117 Pool-1-worker-32 | DEBUG | d.t.c.a.a.c.u.util.UserUtilService   : Save 190 users to database...
    23:42:13.218 | 117 Pool-1-worker-32 | DEBUG | d.t.c.a.a.c.u.util.UserUtilService   : Save 190 users to database. Done
    23:42:13.227 | 117 Pool-1-worker-32 | INFO  | i.z.t.d.l.EmbeddedDatabaseReporter   : JDBC URL to connect to 'dataSource': url='jdbc:h2:tcp://localhost:41063/mem:736625c0-cf5e-400d-aeaa-8a7eabd6262b;USER=sa', scope='AthenaSubmissionSendingServiceTest#testSendSubmissionsWithFeedbackSuggestionsDisabledText'

  Starting logs for AthenaSubmissionSendingServiceTest > testSendTextSubmissionsSuccess()
    23:42:13.282 | 117 Pool-1-worker-32 | DEBUG | d.t.c.a.a.c.u.util.UserUtilService   : Generate 190 students...
    23:42:13.893 | 117 Pool-1-worker-32 | DEBUG | d.t.c.a.a.c.u.util.UserUtilService   : 190 students generated. Generate 0 tutors...
    23:42:13.894 | 117 Pool-1-worker-32 | DEBUG | d.t.c.a.a.c.u.util.UserUtilService   : 0 tutors generated. Generate 0 editors...
    23:42:13.896 | 117 Pool-1-worker-32 | DEBUG | d.t.c.a.a.c.u.util.UserUtilService   : 0 editors generated. Generate 0 instructors...
    23:42:13.897 | 117 Pool-1-worker-32 | DEBUG | d.t.c.a.a.c.u.util.UserUtilService   : 0 instructors generated
    23:42:13.913 | 117 Pool-1-worker-32 | DEBUG | d.t.c.a.a.c.u.util.UserUtilService   : Removing 190 users from all courses...
    23:42:13.993 | 117 Pool-1-worker-32 | DEBUG | d.t.c.a.a.c.u.util.UserUtilService   : Removing 190 users from all courses. Done
    23:42:13.993 | 117 Pool-1-worker-32 | DEBUG | d.t.c.a.a.c.u.util.UserUtilService   : Save 190 users to database...
    23:42:14.259 | 117 Pool-1-worker-32 | DEBUG | d.t.c.a.a.c.u.util.UserUtilService   : Save 190 users to database. Done
    23:42:14.262 | 117 Pool-1-worker-32 | INFO  | i.z.t.d.l.EmbeddedDatabaseReporter   : JDBC URL to connect to 'dataSource': url='jdbc:h2:tcp://localhost:41063/mem:736625c0-cf5e-400d-aeaa-8a7eabd6262b;USER=sa', scope='AthenaSubmissionSendingServiceTest#testSendTextSubmissionsSuccess'
    23:42:14.266 | 117 Pool-1-worker-32 | DEBUG | a.a.s.AthenaSubmissionSendingService : Start Athena Submission Sending Service for Exercise 'Title' (#161).
    23:42:14.270 | 117 Pool-1-worker-32 | INFO  | a.a.s.AthenaSubmissionSendingService : Calling Athena to calculate automatic feedback for 1 submissions (skipped 0 because of individual due date filter)
    23:42:14.271 | 117 Pool-1-worker-32 | DEBUG | d.t.c.a.a.a.service.AthenaConnector  : Calling Athena.
    23:42:14.273 | 117 Pool-1-worker-32 | DEBUG | d.t.c.a.a.a.service.AthenaConnector  : Finished remote call in 1.66ms
    23:42:14.273 | 117 Pool-1-worker-32 | INFO  | a.a.s.AthenaSubmissionSendingService : Athena (calculating automatic feedback) responded: null

Finished logs for AthenaSubmissionSendingServiceTest
]]></system-out>
  <system-err><![CDATA[]]></system-err>
</testsuite>
