<?xml version="1.0" encoding="UTF-8"?>
<testsuite name="de.tum.cit.aet.artemis.communication.FaqIntegrationTest" tests="18" skipped="0" failures="0" errors="0" timestamp="2025-02-14T23:43:43" hostname="fv-az1721-502" time="2.708">
  <properties/>
  <testcase name="getFaq_StudentsShouldOnlyGetAcceptedFaqByCourseId()" classname="de.tum.cit.aet.artemis.communication.FaqIntegrationTest" time="0.136"/>
  <testcase name="updateFaq_Tutor_cannotAcceptFaq()" classname="de.tum.cit.aet.artemis.communication.FaqIntegrationTest" time="0.143"/>
  <testcase name="getFaq_shouldGetFaqByCourseIdAndState()" classname="de.tum.cit.aet.artemis.communication.FaqIntegrationTest" time="0.117"/>
  <testcase name="createFaq_alreadyId_shouldReturnBadRequest()" classname="de.tum.cit.aet.artemis.communication.FaqIntegrationTest" time="0.121"/>
  <testcase name="getFaq_ShouldGetFaqByCourseId()" classname="de.tum.cit.aet.artemis.communication.FaqIntegrationTest" time="0.12"/>
  <testcase name="testGetFaqByFaqId_shouldNotGet_IdMismatch()" classname="de.tum.cit.aet.artemis.communication.FaqIntegrationTest" time="0.176"/>
  <testcase name="testGetFaqCategoriesByCourseId()" classname="de.tum.cit.aet.artemis.communication.FaqIntegrationTest" time="0.127"/>
  <testcase name="getFaqs_StudentShouldOnlyGetAcceptedFaqByCourse()" classname="de.tum.cit.aet.artemis.communication.FaqIntegrationTest" time="0.14"/>
  <testcase name="createFaq_correctRequestBody_shouldCreateFaq()" classname="de.tum.cit.aet.artemis.communication.FaqIntegrationTest" time="0.132"/>
  <testcase name="getFaq_InstructorsShouldGetAllFaqByCourseId()" classname="de.tum.cit.aet.artemis.communication.FaqIntegrationTest" time="0.122"/>
  <testcase name="deleteFaq_IdsDoNotMatch_shouldNotDeleteFAQ()" classname="de.tum.cit.aet.artemis.communication.FaqIntegrationTest" time="0.188"/>
  <testcase name="testGetFaqByFaqId()" classname="de.tum.cit.aet.artemis.communication.FaqIntegrationTest" time="0.171"/>
  <testcase name="updateFaq_correctRequestBody_shouldUpdateFaq()" classname="de.tum.cit.aet.artemis.communication.FaqIntegrationTest" time="0.182"/>
  <testcase name="deleteFaq_shouldDeleteFAQ()" classname="de.tum.cit.aet.artemis.communication.FaqIntegrationTest" time="0.146"/>
  <testcase name="updateFaq_Instructor_canAcceptFaq()" classname="de.tum.cit.aet.artemis.communication.FaqIntegrationTest" time="0.166"/>
  <testcase name="testAll_asStudent()" classname="de.tum.cit.aet.artemis.communication.FaqIntegrationTest" time="0.226"/>
  <testcase name="createFaq_courseId_noMatch_shouldReturnBadRequest()" classname="de.tum.cit.aet.artemis.communication.FaqIntegrationTest" time="0.134"/>
  <testcase name="updateFaq_IdsDoNotMatch_shouldNotUpdateFaq()" classname="de.tum.cit.aet.artemis.communication.FaqIntegrationTest" time="0.119"/>
  <system-out><![CDATA[
Starting logs for FaqIntegrationTest

  Starting logs for FaqIntegrationTest > getFaq_StudentsShouldOnlyGetAcceptedFaqByCourseId()
    23:43:43.999 | 135 Pool-1-worker-50 | DEBUG | d.t.c.a.a.c.u.util.UserUtilService   : Generate 1 students...
    23:43:44.005 | 135 Pool-1-worker-50 | DEBUG | d.t.c.a.a.c.u.util.UserUtilService   : 1 students generated. Generate 2 tutors...
    23:43:44.007 | 135 Pool-1-worker-50 | DEBUG | d.t.c.a.a.c.u.util.UserUtilService   : 2 tutors generated. Generate 0 editors...
    23:43:44.011 | 135 Pool-1-worker-50 | DEBUG | d.t.c.a.a.c.u.util.UserUtilService   : 0 editors generated. Generate 1 instructors...
    23:43:44.013 | 135 Pool-1-worker-50 | DEBUG | d.t.c.a.a.c.u.util.UserUtilService   : 1 instructors generated
    23:43:44.014 | 135 Pool-1-worker-50 | DEBUG | d.t.c.a.a.c.u.util.UserUtilService   : Removing 4 users from all courses...
    23:43:44.015 | 135 Pool-1-worker-50 | DEBUG | d.t.c.a.a.c.u.util.UserUtilService   : Removing 4 users from all courses. Done
    23:43:44.015 | 135 Pool-1-worker-50 | DEBUG | d.t.c.a.a.c.u.util.UserUtilService   : Save 4 users to database...
    23:43:44.017 | 135 Pool-1-worker-50 | DEBUG | d.t.c.a.a.c.u.util.UserUtilService   : Save 4 users to database. Done
    23:43:44.051 | 135 Pool-1-worker-50 | DEBUG | .c.s.m.InstanceMessageReceiveService : Received schedule participant score for exercise 1087 and participant 164 (result to be deleted: null)
    23:43:44.051 | 135 Pool-1-worker-50 | DEBUG | .a.s.ParticipantScoreScheduleService : Scheduled task for exercise 1087 and participant 164 at 2025-02-14T23:43:44.151601906Z[Etc/UTC].
    23:43:44.052 | 135 Pool-1-worker-50 | DEBUG | .c.s.m.InstanceMessageReceiveService : Received schedule participant score for exercise 1087 and participant 164 (result to be deleted: null)
    23:43:44.052 | 135 Pool-1-worker-50 | DEBUG | .a.s.ParticipantScoreScheduleService : Scheduled task for exercise 1087 and participant 164 at 2025-02-14T23:43:44.152176207Z[Etc/UTC].
    23:43:44.052 | 135 Pool-1-worker-50 | DEBUG | .c.s.m.InstanceMessageReceiveService : Received schedule participant score for exercise 1088 and participant 164 (result to be deleted: null)
    23:43:44.052 | 135 Pool-1-worker-50 | DEBUG | .a.s.ParticipantScoreScheduleService : Scheduled task for exercise 1088 and participant 164 at 2025-02-14T23:43:44.152670629Z[Etc/UTC].
    23:43:44.053 | 135 Pool-1-worker-50 | DEBUG | .c.s.m.InstanceMessageReceiveService : Received schedule participant score for exercise 1090 and participant 164 (result to be deleted: null)
    23:43:44.053 | 135 Pool-1-worker-50 | DEBUG | .a.s.ParticipantScoreScheduleService : Scheduled task for exercise 1090 and participant 164 at 2025-02-14T23:43:44.153186030Z[Etc/UTC].
    23:43:44.053 | 135 Pool-1-worker-50 | DEBUG | .c.s.m.InstanceMessageReceiveService : Received schedule participant score for exercise 1090 and participant 164 (result to be deleted: null)
    23:43:44.053 | 135 Pool-1-worker-50 | DEBUG | .a.s.ParticipantScoreScheduleService : Scheduled task for exercise 1090 and participant 164 at 2025-02-14T23:43:44.153682326Z[Etc/UTC].
    23:43:44.060 | 135 Pool-1-worker-50 | DEBUG | .c.s.m.InstanceMessageReceiveService : Received schedule participant score for exercise 1087 and participant 164 (result to be deleted: null)
    23:43:44.060 | 135 Pool-1-worker-50 | DEBUG | .a.s.ParticipantScoreScheduleService : Scheduled task for exercise 1087 and participant 164 at 2025-02-14T23:43:44.160152383Z[Etc/UTC].
    23:43:44.066 | 135 Pool-1-worker-50 | DEBUG | .c.s.m.InstanceMessageReceiveService : Received schedule participant score for exercise 1087 and participant 164 (result to be deleted: null)
    23:43:44.066 | 135 Pool-1-worker-50 | DEBUG | .a.s.ParticipantScoreScheduleService : Scheduled task for exercise 1087 and participant 164 at 2025-02-14T23:43:44.166137105Z[Etc/UTC].
    23:43:44.072 | 135 Pool-1-worker-50 | DEBUG | .c.s.m.InstanceMessageReceiveService : Received schedule participant score for exercise 1088 and participant 164 (result to be deleted: null)
    23:43:44.072 | 135 Pool-1-worker-50 | DEBUG | .a.s.ParticipantScoreScheduleService : Scheduled task for exercise 1088 and participant 164 at 2025-02-14T23:43:44.172076282Z[Etc/UTC].
    23:43:44.080 | 135 Pool-1-worker-50 | DEBUG | .c.s.m.InstanceMessageReceiveService : Received schedule participant score for exercise 1090 and participant 164 (result to be deleted: null)
    23:43:44.081 | 135 Pool-1-worker-50 | DEBUG | .a.s.ParticipantScoreScheduleService : Scheduled task for exercise 1090 and participant 164 at 2025-02-14T23:43:44.181050319Z[Etc/UTC].
    23:43:44.087 | 135 Pool-1-worker-50 | DEBUG | .c.s.m.InstanceMessageReceiveService : Received schedule participant score for exercise 1090 and participant 164 (result to be deleted: null)
    23:43:44.087 | 135 Pool-1-worker-50 | DEBUG | .a.s.ParticipantScoreScheduleService : Scheduled task for exercise 1090 and participant 164 at 2025-02-14T23:43:44.187982719Z[Etc/UTC].
    23:43:44.100 | 135 Pool-1-worker-50 | INFO  | i.z.t.d.l.EmbeddedDatabaseReporter   : JDBC URL to connect to 'dataSource': url='jdbc:h2:tcp://localhost:41063/mem:df70fc46-7e57-4cb5-9cd0-c1d90c14afa7;USER=sa', scope='FaqIntegrationTest#getFaq_StudentsShouldOnlyGetAcceptedFaqByCourseId'
    23:43:44.102 | 135 Pool-1-worker-50 | DEBUG | d.t.c.a.a.c.s.f.ApiVersionFilter     : Adding Version to Request GET /api/courses/995/faqs
    23:43:44.105 | 135 Pool-1-worker-50 | DEBUG | d.t.c.a.a.c.web.FaqResource          : REST request to get all Faqs for the course with id : 995

  Starting logs for FaqIntegrationTest > updateFaq_Tutor_cannotAcceptFaq()
    23:43:44.126 | 135 Pool-1-worker-50 | DEBUG | d.t.c.a.a.c.u.util.UserUtilService   : Generate 1 students...
    23:43:44.132 | 135 Pool-1-worker-50 | DEBUG | d.t.c.a.a.c.u.util.UserUtilService   : 1 students generated. Generate 2 tutors...
    23:43:44.139 | 135 Pool-1-worker-50 | DEBUG | d.t.c.a.a.c.u.util.UserUtilService   : 2 tutors generated. Generate 0 editors...
    23:43:44.140 | 135 Pool-1-worker-50 | DEBUG | d.t.c.a.a.c.u.util.UserUtilService   : 0 editors generated. Generate 1 instructors...
    23:43:44.146 | 135 Pool-1-worker-50 | DEBUG | d.t.c.a.a.c.u.util.UserUtilService   : 1 instructors generated
    23:43:44.149 | 135 Pool-1-worker-50 | DEBUG | d.t.c.a.a.c.u.util.UserUtilService   : Removing 4 users from all courses...
    23:43:44.150 | 135 Pool-1-worker-50 | DEBUG | d.t.c.a.a.c.u.util.UserUtilService   : Removing 4 users from all courses. Done
    23:43:44.150 | 135 Pool-1-worker-50 | DEBUG | d.t.c.a.a.c.u.util.UserUtilService   : Save 4 users to database...
    23:43:44.158 | 135 Pool-1-worker-50 | DEBUG | d.t.c.a.a.c.u.util.UserUtilService   : Save 4 users to database. Done
    23:43:44.197 | 135 Pool-1-worker-50 | DEBUG | .c.s.m.InstanceMessageReceiveService : Received schedule participant score for exercise 1092 and participant 164 (result to be deleted: null)
    23:43:44.197 | 135 Pool-1-worker-50 | DEBUG | .a.s.ParticipantScoreScheduleService : Scheduled task for exercise 1092 and participant 164 at 2025-02-14T23:43:44.297714193Z[Etc/UTC].
    23:43:44.198 | 135 Pool-1-worker-50 | DEBUG | .c.s.m.InstanceMessageReceiveService : Received schedule participant score for exercise 1092 and participant 164 (result to be deleted: null)
    23:43:44.198 | 135 Pool-1-worker-50 | DEBUG | .a.s.ParticipantScoreScheduleService : Scheduled task for exercise 1092 and participant 164 at 2025-02-14T23:43:44.298251606Z[Etc/UTC].
    23:43:44.198 | 135 Pool-1-worker-50 | DEBUG | .c.s.m.InstanceMessageReceiveService : Received schedule participant score for exercise 1093 and participant 164 (result to be deleted: null)
    23:43:44.198 | 135 Pool-1-worker-50 | DEBUG | .a.s.ParticipantScoreScheduleService : Scheduled task for exercise 1093 and participant 164 at 2025-02-14T23:43:44.298736891Z[Etc/UTC].
    23:43:44.199 | 135 Pool-1-worker-50 | DEBUG | .c.s.m.InstanceMessageReceiveService : Received schedule participant score for exercise 1095 and participant 164 (result to be deleted: null)
    23:43:44.199 | 135 Pool-1-worker-50 | DEBUG | .a.s.ParticipantScoreScheduleService : Scheduled task for exercise 1095 and participant 164 at 2025-02-14T23:43:44.299227907Z[Etc/UTC].
    23:43:44.199 | 135 Pool-1-worker-50 | DEBUG | .c.s.m.InstanceMessageReceiveService : Received schedule participant score for exercise 1095 and participant 164 (result to be deleted: null)
    23:43:44.199 | 135 Pool-1-worker-50 | DEBUG | .a.s.ParticipantScoreScheduleService : Scheduled task for exercise 1095 and participant 164 at 2025-02-14T23:43:44.299747926Z[Etc/UTC].
    23:43:44.206 | 135 Pool-1-worker-50 | DEBUG | .c.s.m.InstanceMessageReceiveService : Received schedule participant score for exercise 1092 and participant 164 (result to be deleted: null)
    23:43:44.206 | 135 Pool-1-worker-50 | DEBUG | .a.s.ParticipantScoreScheduleService : Scheduled task for exercise 1092 and participant 164 at 2025-02-14T23:43:44.306403209Z[Etc/UTC].
    23:43:44.213 | 135 Pool-1-worker-50 | DEBUG | .c.s.m.InstanceMessageReceiveService : Received schedule participant score for exercise 1092 and participant 164 (result to be deleted: null)
    23:43:44.213 | 135 Pool-1-worker-50 | DEBUG | .a.s.ParticipantScoreScheduleService : Scheduled task for exercise 1092 and participant 164 at 2025-02-14T23:43:44.313210194Z[Etc/UTC].
    23:43:44.220 | 135 Pool-1-worker-50 | DEBUG | .c.s.m.InstanceMessageReceiveService : Received schedule participant score for exercise 1093 and participant 164 (result to be deleted: null)
    23:43:44.220 | 135 Pool-1-worker-50 | DEBUG | .a.s.ParticipantScoreScheduleService : Scheduled task for exercise 1093 and participant 164 at 2025-02-14T23:43:44.320402258Z[Etc/UTC].
    23:43:44.227 | 135 Pool-1-worker-50 | DEBUG | .c.s.m.InstanceMessageReceiveService : Received schedule participant score for exercise 1095 and participant 164 (result to be deleted: null)
    23:43:44.227 | 135 Pool-1-worker-50 | DEBUG | .a.s.ParticipantScoreScheduleService : Scheduled task for exercise 1095 and participant 164 at 2025-02-14T23:43:44.327056288Z[Etc/UTC].
    23:43:44.233 | 135 Pool-1-worker-50 | DEBUG | .c.s.m.InstanceMessageReceiveService : Received schedule participant score for exercise 1095 and participant 164 (result to be deleted: null)
    23:43:44.233 | 135 Pool-1-worker-50 | DEBUG | .a.s.ParticipantScoreScheduleService : Scheduled task for exercise 1095 and participant 164 at 2025-02-14T23:43:44.333306114Z[Etc/UTC].
    23:43:44.243 | 135 Pool-1-worker-50 | INFO  | i.z.t.d.l.EmbeddedDatabaseReporter   : JDBC URL to connect to 'dataSource': url='jdbc:h2:tcp://localhost:41063/mem:df70fc46-7e57-4cb5-9cd0-c1d90c14afa7;USER=sa', scope='FaqIntegrationTest#updateFaq_Tutor_cannotAcceptFaq'
    23:43:44.248 | 135 Pool-1-worker-50 | DEBUG | d.t.c.a.a.c.s.f.ApiVersionFilter     : Adding Version to Request PUT /api/courses/997/faqs/2
    23:43:44.254 | 135 Pool-1-worker-50 | DEBUG | d.t.c.a.a.c.web.FaqResource          : REST request to update Faq : Faq{id=2, questionTitle='Updated', questionAnswer='title', faqState='ACCEPTED}
    23:43:44.256 | 135 Pool-1-worker-50 | WARN  | o.z.p.spring.common.AdviceTraits     : Forbidden: You are not allowed to access the Course with id 997

  Starting logs for FaqIntegrationTest > getFaq_shouldGetFaqByCourseIdAndState()
    23:43:44.269 | 135 Pool-1-worker-50 | DEBUG | d.t.c.a.a.c.u.util.UserUtilService   : Generate 1 students...
    23:43:44.272 | 135 Pool-1-worker-50 | DEBUG | d.t.c.a.a.c.u.util.UserUtilService   : 1 students generated. Generate 2 tutors...
    23:43:44.276 | 135 Pool-1-worker-50 | DEBUG | d.t.c.a.a.c.u.util.UserUtilService   : 2 tutors generated. Generate 0 editors...
    23:43:44.277 | 135 Pool-1-worker-50 | DEBUG | d.t.c.a.a.c.u.util.UserUtilService   : 0 editors generated. Generate 1 instructors...
    23:43:44.280 | 135 Pool-1-worker-50 | DEBUG | d.t.c.a.a.c.u.util.UserUtilService   : 1 instructors generated
    23:43:44.281 | 135 Pool-1-worker-50 | DEBUG | d.t.c.a.a.c.u.util.UserUtilService   : Removing 4 users from all courses...
    23:43:44.282 | 135 Pool-1-worker-50 | DEBUG | d.t.c.a.a.c.u.util.UserUtilService   : Removing 4 users from all courses. Done
    23:43:44.282 | 135 Pool-1-worker-50 | DEBUG | d.t.c.a.a.c.u.util.UserUtilService   : Save 4 users to database...
    23:43:44.286 | 135 Pool-1-worker-50 | DEBUG | d.t.c.a.a.c.u.util.UserUtilService   : Save 4 users to database. Done
    23:43:44.320 | 135 Pool-1-worker-50 | DEBUG | .c.s.m.InstanceMessageReceiveService : Received schedule participant score for exercise 1097 and participant 164 (result to be deleted: null)
    23:43:44.320 | 135 Pool-1-worker-50 | DEBUG | .a.s.ParticipantScoreScheduleService : Scheduled task for exercise 1097 and participant 164 at 2025-02-14T23:43:44.420240392Z[Etc/UTC].
    23:43:44.320 | 135 Pool-1-worker-50 | DEBUG | .c.s.m.InstanceMessageReceiveService : Received schedule participant score for exercise 1097 and participant 164 (result to be deleted: null)
    23:43:44.320 | 135 Pool-1-worker-50 | DEBUG | .a.s.ParticipantScoreScheduleService : Scheduled task for exercise 1097 and participant 164 at 2025-02-14T23:43:44.420788344Z[Etc/UTC].
    23:43:44.321 | 135 Pool-1-worker-50 | DEBUG | .c.s.m.InstanceMessageReceiveService : Received schedule participant score for exercise 1098 and participant 164 (result to be deleted: null)
    23:43:44.321 | 135 Pool-1-worker-50 | DEBUG | .a.s.ParticipantScoreScheduleService : Scheduled task for exercise 1098 and participant 164 at 2025-02-14T23:43:44.421319876Z[Etc/UTC].
    23:43:44.321 | 135 Pool-1-worker-50 | DEBUG | .c.s.m.InstanceMessageReceiveService : Received schedule participant score for exercise 1100 and participant 164 (result to be deleted: null)
    23:43:44.321 | 135 Pool-1-worker-50 | DEBUG | .a.s.ParticipantScoreScheduleService : Scheduled task for exercise 1100 and participant 164 at 2025-02-14T23:43:44.421823344Z[Etc/UTC].
    23:43:44.322 | 135 Pool-1-worker-50 | DEBUG | .c.s.m.InstanceMessageReceiveService : Received schedule participant score for exercise 1100 and participant 164 (result to be deleted: null)
    23:43:44.322 | 135 Pool-1-worker-50 | DEBUG | .a.s.ParticipantScoreScheduleService : Scheduled task for exercise 1100 and participant 164 at 2025-02-14T23:43:44.422390342Z[Etc/UTC].
    23:43:44.322 | 641 nt.HealthMonitor | INFO  | c.h.i.diagnostics.HealthMonitor      : [127.0.0.1]:5704 [dev] [5.5.0] processors=4, physical.memory.total=15.6G, physical.memory.free=2.8G, swap.space.total=0, swap.space.free=0, heap.memory.used=2.4G, heap.memory.free=615.8M, heap.memory.total=3.0G, heap.memory.max=6.0G, heap.memory.used/total=79.98%, heap.memory.used/max=40.04%, minor.gc.count=129, minor.gc.time=6765ms, major.gc.count=0, major.gc.time=0ms, unknown.gc.count=58, unknown.gc.time=944ms, load.process=0.00%, load.system=95.63%, load.systemAverage=5.89, thread.count=487, thread.peakCount=500, cluster.timeDiff=0, event.q.size=3, executor.q.async.size=0, executor.q.client.size=0, executor.q.client.query.size=0, executor.q.client.blocking.size=0, executor.q.query.size=0, executor.q.scheduled.size=0, executor.q.io.size=0, executor.q.system.size=0, executor.q.operations.size=0, executor.q.priorityOperation.size=0, operations.completed.count=548, executor.q.mapLoad.size=0, executor.q.mapLoadAllKeys.size=0, executor.q.cluster.size=0, executor.q.response.size=0, operations.running.count=0, operations.pending.invocations.percentage=0.00%, operations.pending.invocations.count=0, proxy.count=208, clientEndpoint.count=0, connection.active.count=0, client.connection.count=0, connection.count=0
    23:43:44.329 | 135 Pool-1-worker-50 | DEBUG | .c.s.m.InstanceMessageReceiveService : Received schedule participant score for exercise 1097 and participant 164 (result to be deleted: null)
    23:43:44.329 | 135 Pool-1-worker-50 | DEBUG | .a.s.ParticipantScoreScheduleService : Scheduled task for exercise 1097 and participant 164 at 2025-02-14T23:43:44.429542689Z[Etc/UTC].
    23:43:44.336 | 135 Pool-1-worker-50 | DEBUG | .c.s.m.InstanceMessageReceiveService : Received schedule participant score for exercise 1097 and participant 164 (result to be deleted: null)
    23:43:44.336 | 135 Pool-1-worker-50 | DEBUG | .a.s.ParticipantScoreScheduleService : Scheduled task for exercise 1097 and participant 164 at 2025-02-14T23:43:44.436362568Z[Etc/UTC].
    23:43:44.342 | 135 Pool-1-worker-50 | DEBUG | .c.s.m.InstanceMessageReceiveService : Received schedule participant score for exercise 1098 and participant 164 (result to be deleted: null)
    23:43:44.342 | 135 Pool-1-worker-50 | DEBUG | .a.s.ParticipantScoreScheduleService : Scheduled task for exercise 1098 and participant 164 at 2025-02-14T23:43:44.442375943Z[Etc/UTC].
    23:43:44.349 | 135 Pool-1-worker-50 | DEBUG | .c.s.m.InstanceMessageReceiveService : Received schedule participant score for exercise 1100 and participant 164 (result to be deleted: null)
    23:43:44.349 | 135 Pool-1-worker-50 | DEBUG | .a.s.ParticipantScoreScheduleService : Scheduled task for exercise 1100 and participant 164 at 2025-02-14T23:43:44.449705804Z[Etc/UTC].
    23:43:44.356 | 135 Pool-1-worker-50 | DEBUG | .c.s.m.InstanceMessageReceiveService : Received schedule participant score for exercise 1100 and participant 164 (result to be deleted: null)
    23:43:44.356 | 135 Pool-1-worker-50 | DEBUG | .a.s.ParticipantScoreScheduleService : Scheduled task for exercise 1100 and participant 164 at 2025-02-14T23:43:44.456461754Z[Etc/UTC].
    23:43:44.365 | 135 Pool-1-worker-50 | INFO  | i.z.t.d.l.EmbeddedDatabaseReporter   : JDBC URL to connect to 'dataSource': url='jdbc:h2:tcp://localhost:41063/mem:df70fc46-7e57-4cb5-9cd0-c1d90c14afa7;USER=sa', scope='FaqIntegrationTest#getFaq_shouldGetFaqByCourseIdAndState'
    23:43:44.367 | 135 Pool-1-worker-50 | DEBUG | d.t.c.a.a.c.s.f.ApiVersionFilter     : Adding Version to Request GET /api/courses/999/faq-state/PROPOSED
    23:43:44.370 | 135 Pool-1-worker-50 | DEBUG | d.t.c.a.a.c.web.FaqResource          : REST request to get all Faqs for the course with id : 999and status PROPOSED

  Starting logs for FaqIntegrationTest > createFaq_alreadyId_shouldReturnBadRequest()
    23:43:44.387 | 135 Pool-1-worker-50 | DEBUG | d.t.c.a.a.c.u.util.UserUtilService   : Generate 1 students...
    23:43:44.390 | 135 Pool-1-worker-50 | DEBUG | d.t.c.a.a.c.u.util.UserUtilService   : 1 students generated. Generate 2 tutors...
    23:43:44.393 | 135 Pool-1-worker-50 | DEBUG | d.t.c.a.a.c.u.util.UserUtilService   : 2 tutors generated. Generate 0 editors...
    23:43:44.395 | 135 Pool-1-worker-50 | DEBUG | d.t.c.a.a.c.u.util.UserUtilService   : 0 editors generated. Generate 1 instructors...
    23:43:44.397 | 135 Pool-1-worker-50 | DEBUG | d.t.c.a.a.c.u.util.UserUtilService   : 1 instructors generated
    23:43:44.398 | 135 Pool-1-worker-50 | DEBUG | d.t.c.a.a.c.u.util.UserUtilService   : Removing 4 users from all courses...
    23:43:44.399 | 135 Pool-1-worker-50 | DEBUG | d.t.c.a.a.c.u.util.UserUtilService   : Removing 4 users from all courses. Done
    23:43:44.399 | 135 Pool-1-worker-50 | DEBUG | d.t.c.a.a.c.u.util.UserUtilService   : Save 4 users to database...
    23:43:44.402 | 135 Pool-1-worker-50 | DEBUG | d.t.c.a.a.c.u.util.UserUtilService   : Save 4 users to database. Done
    23:43:44.438 | 135 Pool-1-worker-50 | DEBUG | .c.s.m.InstanceMessageReceiveService : Received schedule participant score for exercise 1102 and participant 164 (result to be deleted: null)
    23:43:44.438 | 135 Pool-1-worker-50 | DEBUG | .a.s.ParticipantScoreScheduleService : Scheduled task for exercise 1102 and participant 164 at 2025-02-14T23:43:44.538727247Z[Etc/UTC].
    23:43:44.439 | 135 Pool-1-worker-50 | DEBUG | .c.s.m.InstanceMessageReceiveService : Received schedule participant score for exercise 1102 and participant 164 (result to be deleted: null)
    23:43:44.439 | 135 Pool-1-worker-50 | DEBUG | .a.s.ParticipantScoreScheduleService : Scheduled task for exercise 1102 and participant 164 at 2025-02-14T23:43:44.539253318Z[Etc/UTC].
    23:43:44.439 | 135 Pool-1-worker-50 | DEBUG | .c.s.m.InstanceMessageReceiveService : Received schedule participant score for exercise 1103 and participant 164 (result to be deleted: null)
    23:43:44.439 | 135 Pool-1-worker-50 | DEBUG | .a.s.ParticipantScoreScheduleService : Scheduled task for exercise 1103 and participant 164 at 2025-02-14T23:43:44.539634509Z[Etc/UTC].
    23:43:44.439 | 135 Pool-1-worker-50 | DEBUG | .c.s.m.InstanceMessageReceiveService : Received schedule participant score for exercise 1105 and participant 164 (result to be deleted: null)
    23:43:44.440 | 135 Pool-1-worker-50 | DEBUG | .a.s.ParticipantScoreScheduleService : Scheduled task for exercise 1105 and participant 164 at 2025-02-14T23:43:44.540021230Z[Etc/UTC].
    23:43:44.440 | 135 Pool-1-worker-50 | DEBUG | .c.s.m.InstanceMessageReceiveService : Received schedule participant score for exercise 1105 and participant 164 (result to be deleted: null)
    23:43:44.440 | 135 Pool-1-worker-50 | DEBUG | .a.s.ParticipantScoreScheduleService : Scheduled task for exercise 1105 and participant 164 at 2025-02-14T23:43:44.540516213Z[Etc/UTC].
    23:43:44.446 | 135 Pool-1-worker-50 | DEBUG | .c.s.m.InstanceMessageReceiveService : Received schedule participant score for exercise 1102 and participant 164 (result to be deleted: null)
    23:43:44.446 | 135 Pool-1-worker-50 | DEBUG | .a.s.ParticipantScoreScheduleService : Scheduled task for exercise 1102 and participant 164 at 2025-02-14T23:43:44.546867158Z[Etc/UTC].
    23:43:44.453 | 135 Pool-1-worker-50 | DEBUG | .c.s.m.InstanceMessageReceiveService : Received schedule participant score for exercise 1102 and participant 164 (result to be deleted: null)
    23:43:44.453 | 135 Pool-1-worker-50 | DEBUG | .a.s.ParticipantScoreScheduleService : Scheduled task for exercise 1102 and participant 164 at 2025-02-14T23:43:44.553075728Z[Etc/UTC].
    23:43:44.458 | 135 Pool-1-worker-50 | DEBUG | .c.s.m.InstanceMessageReceiveService : Received schedule participant score for exercise 1103 and participant 164 (result to be deleted: null)
    23:43:44.458 | 135 Pool-1-worker-50 | DEBUG | .a.s.ParticipantScoreScheduleService : Scheduled task for exercise 1103 and participant 164 at 2025-02-14T23:43:44.558799570Z[Etc/UTC].
    23:43:44.464 | 135 Pool-1-worker-50 | DEBUG | .c.s.m.InstanceMessageReceiveService : Received schedule participant score for exercise 1105 and participant 164 (result to be deleted: null)
    23:43:44.464 | 135 Pool-1-worker-50 | DEBUG | .a.s.ParticipantScoreScheduleService : Scheduled task for exercise 1105 and participant 164 at 2025-02-14T23:43:44.564082654Z[Etc/UTC].
    23:43:44.471 | 135 Pool-1-worker-50 | DEBUG | .c.s.m.InstanceMessageReceiveService : Received schedule participant score for exercise 1105 and participant 164 (result to be deleted: null)
    23:43:44.471 | 135 Pool-1-worker-50 | DEBUG | .a.s.ParticipantScoreScheduleService : Scheduled task for exercise 1105 and participant 164 at 2025-02-14T23:43:44.571267223Z[Etc/UTC].
    23:43:44.480 | 135 Pool-1-worker-50 | INFO  | i.z.t.d.l.EmbeddedDatabaseReporter   : JDBC URL to connect to 'dataSource': url='jdbc:h2:tcp://localhost:41063/mem:df70fc46-7e57-4cb5-9cd0-c1d90c14afa7;USER=sa', scope='FaqIntegrationTest#createFaq_alreadyId_shouldReturnBadRequest'
    23:43:44.489 | 135 Pool-1-worker-50 | DEBUG | d.t.c.a.a.c.s.f.ApiVersionFilter     : Adding Version to Request POST /api/courses/1001/faqs
    23:43:44.496 | 135 Pool-1-worker-50 | DEBUG | d.t.c.a.a.c.web.FaqResource          : REST request to save Faq : Faq{id=4, questionTitle='title', questionAnswer='answer', faqState='ACCEPTED}
    23:43:44.496 | 135 Pool-1-worker-50 | ERROR | tech.jhipster.web.util.HeaderUtil    : Entity processing failed, A new faq cannot already have an ID
    23:43:44.496 | 135 Pool-1-worker-50 | WARN  | o.z.p.spring.common.AdviceTraits     : Bad Request: A new faq cannot already have an ID

  Starting logs for FaqIntegrationTest > getFaq_ShouldGetFaqByCourseId()
    23:43:44.511 | 135 Pool-1-worker-50 | DEBUG | d.t.c.a.a.c.u.util.UserUtilService   : Generate 1 students...
    23:43:44.513 | 135 Pool-1-worker-50 | DEBUG | d.t.c.a.a.c.u.util.UserUtilService   : 1 students generated. Generate 2 tutors...
    23:43:44.517 | 135 Pool-1-worker-50 | DEBUG | d.t.c.a.a.c.u.util.UserUtilService   : 2 tutors generated. Generate 0 editors...
    23:43:44.518 | 135 Pool-1-worker-50 | DEBUG | d.t.c.a.a.c.u.util.UserUtilService   : 0 editors generated. Generate 1 instructors...
    23:43:44.521 | 135 Pool-1-worker-50 | DEBUG | d.t.c.a.a.c.u.util.UserUtilService   : 1 instructors generated
    23:43:44.522 | 135 Pool-1-worker-50 | DEBUG | d.t.c.a.a.c.u.util.UserUtilService   : Removing 4 users from all courses...
    23:43:44.523 | 135 Pool-1-worker-50 | DEBUG | d.t.c.a.a.c.u.util.UserUtilService   : Removing 4 users from all courses. Done
    23:43:44.523 | 135 Pool-1-worker-50 | DEBUG | d.t.c.a.a.c.u.util.UserUtilService   : Save 4 users to database...
    23:43:44.526 | 135 Pool-1-worker-50 | DEBUG | d.t.c.a.a.c.u.util.UserUtilService   : Save 4 users to database. Done
    23:43:44.563 | 135 Pool-1-worker-50 | DEBUG | .c.s.m.InstanceMessageReceiveService : Received schedule participant score for exercise 1107 and participant 164 (result to be deleted: null)
    23:43:44.563 | 135 Pool-1-worker-50 | DEBUG | .a.s.ParticipantScoreScheduleService : Scheduled task for exercise 1107 and participant 164 at 2025-02-14T23:43:44.663254224Z[Etc/UTC].
    23:43:44.563 | 135 Pool-1-worker-50 | DEBUG | .c.s.m.InstanceMessageReceiveService : Received schedule participant score for exercise 1107 and participant 164 (result to be deleted: null)
    23:43:44.563 | 135 Pool-1-worker-50 | DEBUG | .a.s.ParticipantScoreScheduleService : Scheduled task for exercise 1107 and participant 164 at 2025-02-14T23:43:44.663790635Z[Etc/UTC].
    23:43:44.564 | 135 Pool-1-worker-50 | DEBUG | .c.s.m.InstanceMessageReceiveService : Received schedule participant score for exercise 1108 and participant 164 (result to be deleted: null)
    23:43:44.564 | 135 Pool-1-worker-50 | DEBUG | .a.s.ParticipantScoreScheduleService : Scheduled task for exercise 1108 and participant 164 at 2025-02-14T23:43:44.664315614Z[Etc/UTC].
    23:43:44.564 | 135 Pool-1-worker-50 | DEBUG | .c.s.m.InstanceMessageReceiveService : Received schedule participant score for exercise 1110 and participant 164 (result to be deleted: null)
    23:43:44.564 | 135 Pool-1-worker-50 | DEBUG | .a.s.ParticipantScoreScheduleService : Scheduled task for exercise 1110 and participant 164 at 2025-02-14T23:43:44.664818161Z[Etc/UTC].
    23:43:44.565 | 135 Pool-1-worker-50 | DEBUG | .c.s.m.InstanceMessageReceiveService : Received schedule participant score for exercise 1110 and participant 164 (result to be deleted: null)
    23:43:44.565 | 135 Pool-1-worker-50 | DEBUG | .a.s.ParticipantScoreScheduleService : Scheduled task for exercise 1110 and participant 164 at 2025-02-14T23:43:44.665351426Z[Etc/UTC].
    23:43:44.571 | 135 Pool-1-worker-50 | DEBUG | .c.s.m.InstanceMessageReceiveService : Received schedule participant score for exercise 1107 and participant 164 (result to be deleted: null)
    23:43:44.572 | 135 Pool-1-worker-50 | DEBUG | .a.s.ParticipantScoreScheduleService : Scheduled task for exercise 1107 and participant 164 at 2025-02-14T23:43:44.672033117Z[Etc/UTC].
    23:43:44.578 | 135 Pool-1-worker-50 | DEBUG | .c.s.m.InstanceMessageReceiveService : Received schedule participant score for exercise 1107 and participant 164 (result to be deleted: null)
    23:43:44.578 | 135 Pool-1-worker-50 | DEBUG | .a.s.ParticipantScoreScheduleService : Scheduled task for exercise 1107 and participant 164 at 2025-02-14T23:43:44.678872063Z[Etc/UTC].
    23:43:44.585 | 135 Pool-1-worker-50 | DEBUG | .c.s.m.InstanceMessageReceiveService : Received schedule participant score for exercise 1108 and participant 164 (result to be deleted: null)
    23:43:44.586 | 135 Pool-1-worker-50 | DEBUG | .a.s.ParticipantScoreScheduleService : Scheduled task for exercise 1108 and participant 164 at 2025-02-14T23:43:44.686027428Z[Etc/UTC].
    23:43:44.593 | 135 Pool-1-worker-50 | DEBUG | .c.s.m.InstanceMessageReceiveService : Received schedule participant score for exercise 1110 and participant 164 (result to be deleted: null)
    23:43:44.593 | 135 Pool-1-worker-50 | DEBUG | .a.s.ParticipantScoreScheduleService : Scheduled task for exercise 1110 and participant 164 at 2025-02-14T23:43:44.693836743Z[Etc/UTC].
    23:43:44.601 | 135 Pool-1-worker-50 | DEBUG | .c.s.m.InstanceMessageReceiveService : Received schedule participant score for exercise 1110 and participant 164 (result to be deleted: null)
    23:43:44.601 | 135 Pool-1-worker-50 | DEBUG | .a.s.ParticipantScoreScheduleService : Scheduled task for exercise 1110 and participant 164 at 2025-02-14T23:43:44.701396272Z[Etc/UTC].
    23:43:44.612 | 135 Pool-1-worker-50 | INFO  | i.z.t.d.l.EmbeddedDatabaseReporter   : JDBC URL to connect to 'dataSource': url='jdbc:h2:tcp://localhost:41063/mem:df70fc46-7e57-4cb5-9cd0-c1d90c14afa7;USER=sa', scope='FaqIntegrationTest#getFaq_ShouldGetFaqByCourseId'
    23:43:44.615 | 135 Pool-1-worker-50 | DEBUG | d.t.c.a.a.c.s.f.ApiVersionFilter     : Adding Version to Request GET /api/courses/1003/faqs
    23:43:44.616 | 135 Pool-1-worker-50 | DEBUG | d.t.c.a.a.c.web.FaqResource          : REST request to get all Faqs for the course with id : 1003

  Starting logs for FaqIntegrationTest > testGetFaqByFaqId_shouldNotGet_IdMismatch()
    23:43:44.633 | 135 Pool-1-worker-50 | DEBUG | d.t.c.a.a.c.u.util.UserUtilService   : Generate 1 students...
    23:43:44.636 | 135 Pool-1-worker-50 | DEBUG | d.t.c.a.a.c.u.util.UserUtilService   : 1 students generated. Generate 2 tutors...
    23:43:44.639 | 135 Pool-1-worker-50 | DEBUG | d.t.c.a.a.c.u.util.UserUtilService   : 2 tutors generated. Generate 0 editors...
    23:43:44.641 | 135 Pool-1-worker-50 | DEBUG | d.t.c.a.a.c.u.util.UserUtilService   : 0 editors generated. Generate 1 instructors...
    23:43:44.643 | 135 Pool-1-worker-50 | DEBUG | d.t.c.a.a.c.u.util.UserUtilService   : 1 instructors generated
    23:43:44.645 | 135 Pool-1-worker-50 | DEBUG | d.t.c.a.a.c.u.util.UserUtilService   : Removing 4 users from all courses...
    23:43:44.646 | 135 Pool-1-worker-50 | DEBUG | d.t.c.a.a.c.u.util.UserUtilService   : Removing 4 users from all courses. Done
    23:43:44.646 | 135 Pool-1-worker-50 | DEBUG | d.t.c.a.a.c.u.util.UserUtilService   : Save 4 users to database...
    23:43:44.652 | 135 Pool-1-worker-50 | DEBUG | d.t.c.a.a.c.u.util.UserUtilService   : Save 4 users to database. Done
    23:43:44.722 | 135 Pool-1-worker-50 | DEBUG | .c.s.m.InstanceMessageReceiveService : Received schedule participant score for exercise 1112 and participant 164 (result to be deleted: null)
    23:43:44.722 | 135 Pool-1-worker-50 | DEBUG | .a.s.ParticipantScoreScheduleService : Scheduled task for exercise 1112 and participant 164 at 2025-02-14T23:43:44.822088590Z[Etc/UTC].
    23:43:44.726 | 135 Pool-1-worker-50 | DEBUG | .c.s.m.InstanceMessageReceiveService : Received schedule participant score for exercise 1112 and participant 164 (result to be deleted: null)
    23:43:44.726 | 135 Pool-1-worker-50 | DEBUG | .a.s.ParticipantScoreScheduleService : Scheduled task for exercise 1112 and participant 164 at 2025-02-14T23:43:44.826633767Z[Etc/UTC].
    23:43:44.727 | 135 Pool-1-worker-50 | DEBUG | .c.s.m.InstanceMessageReceiveService : Received schedule participant score for exercise 1113 and participant 164 (result to be deleted: null)
    23:43:44.727 | 135 Pool-1-worker-50 | DEBUG | .a.s.ParticipantScoreScheduleService : Scheduled task for exercise 1113 and participant 164 at 2025-02-14T23:43:44.827206084Z[Etc/UTC].
    23:43:44.727 | 135 Pool-1-worker-50 | DEBUG | .c.s.m.InstanceMessageReceiveService : Received schedule participant score for exercise 1115 and participant 164 (result to be deleted: null)
    23:43:44.727 | 135 Pool-1-worker-50 | DEBUG | .a.s.ParticipantScoreScheduleService : Scheduled task for exercise 1115 and participant 164 at 2025-02-14T23:43:44.827699765Z[Etc/UTC].
    23:43:44.728 | 135 Pool-1-worker-50 | DEBUG | .c.s.m.InstanceMessageReceiveService : Received schedule participant score for exercise 1115 and participant 164 (result to be deleted: null)
    23:43:44.728 | 135 Pool-1-worker-50 | DEBUG | .a.s.ParticipantScoreScheduleService : Scheduled task for exercise 1115 and participant 164 at 2025-02-14T23:43:44.828248619Z[Etc/UTC].
    23:43:44.741 | 135 Pool-1-worker-50 | DEBUG | .c.s.m.InstanceMessageReceiveService : Received schedule participant score for exercise 1112 and participant 164 (result to be deleted: null)
    23:43:44.741 | 135 Pool-1-worker-50 | DEBUG | .a.s.ParticipantScoreScheduleService : Scheduled task for exercise 1112 and participant 164 at 2025-02-14T23:43:44.841714076Z[Etc/UTC].
    23:43:44.755 | 135 Pool-1-worker-50 | DEBUG | .c.s.m.InstanceMessageReceiveService : Received schedule participant score for exercise 1112 and participant 164 (result to be deleted: null)
    23:43:44.755 | 135 Pool-1-worker-50 | DEBUG | .a.s.ParticipantScoreScheduleService : Scheduled task for exercise 1112 and participant 164 at 2025-02-14T23:43:44.855883422Z[Etc/UTC].
    23:43:44.763 | 135 Pool-1-worker-50 | DEBUG | .c.s.m.InstanceMessageReceiveService : Received schedule participant score for exercise 1113 and participant 164 (result to be deleted: null)
    23:43:44.763 | 135 Pool-1-worker-50 | DEBUG | .a.s.ParticipantScoreScheduleService : Scheduled task for exercise 1113 and participant 164 at 2025-02-14T23:43:44.863260130Z[Etc/UTC].
    23:43:44.770 | 135 Pool-1-worker-50 | DEBUG | .c.s.m.InstanceMessageReceiveService : Received schedule participant score for exercise 1115 and participant 164 (result to be deleted: null)
    23:43:44.771 | 135 Pool-1-worker-50 | DEBUG | .a.s.ParticipantScoreScheduleService : Scheduled task for exercise 1115 and participant 164 at 2025-02-14T23:43:44.870997881Z[Etc/UTC].
    23:43:44.778 | 135 Pool-1-worker-50 | DEBUG | .c.s.m.InstanceMessageReceiveService : Received schedule participant score for exercise 1115 and participant 164 (result to be deleted: null)
    23:43:44.778 | 135 Pool-1-worker-50 | DEBUG | .a.s.ParticipantScoreScheduleService : Scheduled task for exercise 1115 and participant 164 at 2025-02-14T23:43:44.878258112Z[Etc/UTC].
    23:43:44.787 | 135 Pool-1-worker-50 | INFO  | i.z.t.d.l.EmbeddedDatabaseReporter   : JDBC URL to connect to 'dataSource': url='jdbc:h2:tcp://localhost:41063/mem:df70fc46-7e57-4cb5-9cd0-c1d90c14afa7;USER=sa', scope='FaqIntegrationTest#testGetFaqByFaqId_shouldNotGet_IdMismatch'
    23:43:44.790 | 135 Pool-1-worker-50 | DEBUG | d.t.c.a.a.c.s.f.ApiVersionFilter     : Adding Version to Request GET /api/courses/1006/faqs/6
    23:43:44.792 | 135 Pool-1-worker-50 | DEBUG | d.t.c.a.a.c.web.FaqResource          : REST request to get faq 6
    23:43:44.793 | 135 Pool-1-worker-50 | ERROR | tech.jhipster.web.util.HeaderUtil    : Entity processing failed, Course ID in path and FAQ do not match
    23:43:44.793 | 135 Pool-1-worker-50 | WARN  | o.z.p.spring.common.AdviceTraits     : Bad Request: Course ID in path and FAQ do not match

  Starting logs for FaqIntegrationTest > testGetFaqCategoriesByCourseId()
    23:43:44.812 | 135 Pool-1-worker-50 | DEBUG | d.t.c.a.a.c.u.util.UserUtilService   : Generate 1 students...
    23:43:44.815 | 135 Pool-1-worker-50 | DEBUG | d.t.c.a.a.c.u.util.UserUtilService   : 1 students generated. Generate 2 tutors...
    23:43:44.819 | 135 Pool-1-worker-50 | DEBUG | d.t.c.a.a.c.u.util.UserUtilService   : 2 tutors generated. Generate 0 editors...
    23:43:44.820 | 135 Pool-1-worker-50 | DEBUG | d.t.c.a.a.c.u.util.UserUtilService   : 0 editors generated. Generate 1 instructors...
    23:43:44.823 | 135 Pool-1-worker-50 | DEBUG | d.t.c.a.a.c.u.util.UserUtilService   : 1 instructors generated
    23:43:44.824 | 135 Pool-1-worker-50 | DEBUG | d.t.c.a.a.c.u.util.UserUtilService   : Removing 4 users from all courses...
    23:43:44.825 | 135 Pool-1-worker-50 | DEBUG | d.t.c.a.a.c.u.util.UserUtilService   : Removing 4 users from all courses. Done
    23:43:44.825 | 135 Pool-1-worker-50 | DEBUG | d.t.c.a.a.c.u.util.UserUtilService   : Save 4 users to database...
    23:43:44.830 | 135 Pool-1-worker-50 | DEBUG | d.t.c.a.a.c.u.util.UserUtilService   : Save 4 users to database. Done
    23:43:44.872 | 135 Pool-1-worker-50 | DEBUG | .c.s.m.InstanceMessageReceiveService : Received schedule participant score for exercise 1117 and participant 164 (result to be deleted: null)
    23:43:44.872 | 135 Pool-1-worker-50 | DEBUG | .a.s.ParticipantScoreScheduleService : Scheduled task for exercise 1117 and participant 164 at 2025-02-14T23:43:44.972264870Z[Etc/UTC].
    23:43:44.872 | 135 Pool-1-worker-50 | DEBUG | .c.s.m.InstanceMessageReceiveService : Received schedule participant score for exercise 1117 and participant 164 (result to be deleted: null)
    23:43:44.872 | 135 Pool-1-worker-50 | DEBUG | .a.s.ParticipantScoreScheduleService : Scheduled task for exercise 1117 and participant 164 at 2025-02-14T23:43:44.972828752Z[Etc/UTC].
    23:43:44.873 | 135 Pool-1-worker-50 | DEBUG | .c.s.m.InstanceMessageReceiveService : Received schedule participant score for exercise 1118 and participant 164 (result to be deleted: null)
    23:43:44.873 | 135 Pool-1-worker-50 | DEBUG | .a.s.ParticipantScoreScheduleService : Scheduled task for exercise 1118 and participant 164 at 2025-02-14T23:43:44.973341198Z[Etc/UTC].
    23:43:44.875 | 135 Pool-1-worker-50 | DEBUG | .c.s.m.InstanceMessageReceiveService : Received schedule participant score for exercise 1120 and participant 164 (result to be deleted: null)
    23:43:44.875 | 135 Pool-1-worker-50 | DEBUG | .a.s.ParticipantScoreScheduleService : Scheduled task for exercise 1120 and participant 164 at 2025-02-14T23:43:44.975759017Z[Etc/UTC].
    23:43:44.876 | 135 Pool-1-worker-50 | DEBUG | .c.s.m.InstanceMessageReceiveService : Received schedule participant score for exercise 1120 and participant 164 (result to be deleted: null)
    23:43:44.876 | 135 Pool-1-worker-50 | DEBUG | .a.s.ParticipantScoreScheduleService : Scheduled task for exercise 1120 and participant 164 at 2025-02-14T23:43:44.976330573Z[Etc/UTC].
    23:43:44.883 | 135 Pool-1-worker-50 | DEBUG | .c.s.m.InstanceMessageReceiveService : Received schedule participant score for exercise 1117 and participant 164 (result to be deleted: null)
    23:43:44.883 | 135 Pool-1-worker-50 | DEBUG | .a.s.ParticipantScoreScheduleService : Scheduled task for exercise 1117 and participant 164 at 2025-02-14T23:43:44.983090200Z[Etc/UTC].
    23:43:44.889 | 135 Pool-1-worker-50 | DEBUG | .c.s.m.InstanceMessageReceiveService : Received schedule participant score for exercise 1117 and participant 164 (result to be deleted: null)
    23:43:44.889 | 135 Pool-1-worker-50 | DEBUG | .a.s.ParticipantScoreScheduleService : Scheduled task for exercise 1117 and participant 164 at 2025-02-14T23:43:44.989791779Z[Etc/UTC].
    23:43:44.896 | 135 Pool-1-worker-50 | DEBUG | .c.s.m.InstanceMessageReceiveService : Received schedule participant score for exercise 1118 and participant 164 (result to be deleted: null)
    23:43:44.896 | 135 Pool-1-worker-50 | DEBUG | .a.s.ParticipantScoreScheduleService : Scheduled task for exercise 1118 and participant 164 at 2025-02-14T23:43:44.996664908Z[Etc/UTC].
    23:43:44.903 | 135 Pool-1-worker-50 | DEBUG | .c.s.m.InstanceMessageReceiveService : Received schedule participant score for exercise 1120 and participant 164 (result to be deleted: null)
    23:43:44.903 | 135 Pool-1-worker-50 | DEBUG | .a.s.ParticipantScoreScheduleService : Scheduled task for exercise 1120 and participant 164 at 2025-02-14T23:43:45.003800907Z[Etc/UTC].
    23:43:44.910 | 135 Pool-1-worker-50 | DEBUG | .c.s.m.InstanceMessageReceiveService : Received schedule participant score for exercise 1120 and participant 164 (result to be deleted: null)
    23:43:44.910 | 135 Pool-1-worker-50 | DEBUG | .a.s.ParticipantScoreScheduleService : Scheduled task for exercise 1120 and participant 164 at 2025-02-14T23:43:45.010562047Z[Etc/UTC].
    23:43:44.919 | 135 Pool-1-worker-50 | INFO  | i.z.t.d.l.EmbeddedDatabaseReporter   : JDBC URL to connect to 'dataSource': url='jdbc:h2:tcp://localhost:41063/mem:df70fc46-7e57-4cb5-9cd0-c1d90c14afa7;USER=sa', scope='FaqIntegrationTest#testGetFaqCategoriesByCourseId'
    23:43:44.921 | 135 Pool-1-worker-50 | DEBUG | d.t.c.a.a.c.s.f.ApiVersionFilter     : Adding Version to Request GET /api/courses/1007/faq-categories
    23:43:44.924 | 135 Pool-1-worker-50 | DEBUG | d.t.c.a.a.c.web.FaqResource          : REST request to get all Faq Categories for the course with id : 1007

  Starting logs for FaqIntegrationTest > getFaqs_StudentShouldOnlyGetAcceptedFaqByCourse()
    23:43:44.949 | 135 Pool-1-worker-50 | DEBUG | d.t.c.a.a.c.u.util.UserUtilService   : Generate 1 students...
    23:43:44.957 | 135 Pool-1-worker-50 | DEBUG | d.t.c.a.a.c.u.util.UserUtilService   : 1 students generated. Generate 2 tutors...
    23:43:44.963 | 135 Pool-1-worker-50 | DEBUG | d.t.c.a.a.c.u.util.UserUtilService   : 2 tutors generated. Generate 0 editors...
    23:43:44.968 | 135 Pool-1-worker-50 | DEBUG | d.t.c.a.a.c.u.util.UserUtilService   : 0 editors generated. Generate 1 instructors...
    23:43:44.971 | 135 Pool-1-worker-50 | DEBUG | d.t.c.a.a.c.u.util.UserUtilService   : 1 instructors generated
    23:43:44.972 | 135 Pool-1-worker-50 | DEBUG | d.t.c.a.a.c.u.util.UserUtilService   : Removing 4 users from all courses...
    23:43:44.973 | 135 Pool-1-worker-50 | DEBUG | d.t.c.a.a.c.u.util.UserUtilService   : Removing 4 users from all courses. Done
    23:43:44.973 | 135 Pool-1-worker-50 | DEBUG | d.t.c.a.a.c.u.util.UserUtilService   : Save 4 users to database...
    23:43:44.977 | 135 Pool-1-worker-50 | DEBUG | d.t.c.a.a.c.u.util.UserUtilService   : Save 4 users to database. Done
    23:43:45.015 | 135 Pool-1-worker-50 | DEBUG | .c.s.m.InstanceMessageReceiveService : Received schedule participant score for exercise 1122 and participant 164 (result to be deleted: null)
    23:43:45.015 | 135 Pool-1-worker-50 | DEBUG | .a.s.ParticipantScoreScheduleService : Scheduled task for exercise 1122 and participant 164 at 2025-02-14T23:43:45.115477659Z[Etc/UTC].
    23:43:45.015 | 135 Pool-1-worker-50 | DEBUG | .c.s.m.InstanceMessageReceiveService : Received schedule participant score for exercise 1122 and participant 164 (result to be deleted: null)
    23:43:45.016 | 135 Pool-1-worker-50 | DEBUG | .a.s.ParticipantScoreScheduleService : Scheduled task for exercise 1122 and participant 164 at 2025-02-14T23:43:45.116034257Z[Etc/UTC].
    23:43:45.016 | 135 Pool-1-worker-50 | DEBUG | .c.s.m.InstanceMessageReceiveService : Received schedule participant score for exercise 1123 and participant 164 (result to be deleted: null)
    23:43:45.016 | 135 Pool-1-worker-50 | DEBUG | .a.s.ParticipantScoreScheduleService : Scheduled task for exercise 1123 and participant 164 at 2025-02-14T23:43:45.116636009Z[Etc/UTC].
    23:43:45.017 | 135 Pool-1-worker-50 | DEBUG | .c.s.m.InstanceMessageReceiveService : Received schedule participant score for exercise 1125 and participant 164 (result to be deleted: null)
    23:43:45.017 | 135 Pool-1-worker-50 | DEBUG | .a.s.ParticipantScoreScheduleService : Scheduled task for exercise 1125 and participant 164 at 2025-02-14T23:43:45.117239925Z[Etc/UTC].
    23:43:45.017 | 135 Pool-1-worker-50 | DEBUG | .c.s.m.InstanceMessageReceiveService : Received schedule participant score for exercise 1125 and participant 164 (result to be deleted: null)
    23:43:45.017 | 135 Pool-1-worker-50 | DEBUG | .a.s.ParticipantScoreScheduleService : Scheduled task for exercise 1125 and participant 164 at 2025-02-14T23:43:45.117791124Z[Etc/UTC].
    23:43:45.025 | 135 Pool-1-worker-50 | DEBUG | .c.s.m.InstanceMessageReceiveService : Received schedule participant score for exercise 1122 and participant 164 (result to be deleted: null)
    23:43:45.025 | 135 Pool-1-worker-50 | DEBUG | .a.s.ParticipantScoreScheduleService : Scheduled task for exercise 1122 and participant 164 at 2025-02-14T23:43:45.125415163Z[Etc/UTC].
    23:43:45.032 | 135 Pool-1-worker-50 | DEBUG | .c.s.m.InstanceMessageReceiveService : Received schedule participant score for exercise 1122 and participant 164 (result to be deleted: null)
    23:43:45.032 | 135 Pool-1-worker-50 | DEBUG | .a.s.ParticipantScoreScheduleService : Scheduled task for exercise 1122 and participant 164 at 2025-02-14T23:43:45.132628757Z[Etc/UTC].
    23:43:45.040 | 135 Pool-1-worker-50 | DEBUG | .c.s.m.InstanceMessageReceiveService : Received schedule participant score for exercise 1123 and participant 164 (result to be deleted: null)
    23:43:45.040 | 135 Pool-1-worker-50 | DEBUG | .a.s.ParticipantScoreScheduleService : Scheduled task for exercise 1123 and participant 164 at 2025-02-14T23:43:45.140144254Z[Etc/UTC].
    23:43:45.048 | 135 Pool-1-worker-50 | DEBUG | .c.s.m.InstanceMessageReceiveService : Received schedule participant score for exercise 1125 and participant 164 (result to be deleted: null)
    23:43:45.048 | 135 Pool-1-worker-50 | DEBUG | .a.s.ParticipantScoreScheduleService : Scheduled task for exercise 1125 and participant 164 at 2025-02-14T23:43:45.148321765Z[Etc/UTC].
    23:43:45.054 | 135 Pool-1-worker-50 | DEBUG | .c.s.m.InstanceMessageReceiveService : Received schedule participant score for exercise 1125 and participant 164 (result to be deleted: null)
    23:43:45.054 | 135 Pool-1-worker-50 | DEBUG | .a.s.ParticipantScoreScheduleService : Scheduled task for exercise 1125 and participant 164 at 2025-02-14T23:43:45.154939778Z[Etc/UTC].
    23:43:45.063 | 135 Pool-1-worker-50 | INFO  | i.z.t.d.l.EmbeddedDatabaseReporter   : JDBC URL to connect to 'dataSource': url='jdbc:h2:tcp://localhost:41063/mem:df70fc46-7e57-4cb5-9cd0-c1d90c14afa7;USER=sa', scope='FaqIntegrationTest#getFaqs_StudentShouldOnlyGetAcceptedFaqByCourse'
    23:43:45.065 | 135 Pool-1-worker-50 | DEBUG | d.t.c.a.a.c.s.f.ApiVersionFilter     : Adding Version to Request GET /api/courses/1009/faqs
    23:43:45.067 | 135 Pool-1-worker-50 | DEBUG | d.t.c.a.a.c.web.FaqResource          : REST request to get all Faqs for the course with id : 1009

  Starting logs for FaqIntegrationTest > createFaq_correctRequestBody_shouldCreateFaq()
    23:43:45.086 | 135 Pool-1-worker-50 | DEBUG | d.t.c.a.a.c.u.util.UserUtilService   : Generate 1 students...
    23:43:45.089 | 135 Pool-1-worker-50 | DEBUG | d.t.c.a.a.c.u.util.UserUtilService   : 1 students generated. Generate 2 tutors...
    23:43:45.093 | 135 Pool-1-worker-50 | DEBUG | d.t.c.a.a.c.u.util.UserUtilService   : 2 tutors generated. Generate 0 editors...
    23:43:45.094 | 135 Pool-1-worker-50 | DEBUG | d.t.c.a.a.c.u.util.UserUtilService   : 0 editors generated. Generate 1 instructors...
    23:43:45.097 | 135 Pool-1-worker-50 | DEBUG | d.t.c.a.a.c.u.util.UserUtilService   : 1 instructors generated
    23:43:45.099 | 135 Pool-1-worker-50 | DEBUG | d.t.c.a.a.c.u.util.UserUtilService   : Removing 4 users from all courses...
    23:43:45.099 | 135 Pool-1-worker-50 | DEBUG | d.t.c.a.a.c.u.util.UserUtilService   : Removing 4 users from all courses. Done
    23:43:45.099 | 135 Pool-1-worker-50 | DEBUG | d.t.c.a.a.c.u.util.UserUtilService   : Save 4 users to database...
    23:43:45.104 | 135 Pool-1-worker-50 | DEBUG | d.t.c.a.a.c.u.util.UserUtilService   : Save 4 users to database. Done
    23:43:45.139 | 135 Pool-1-worker-50 | DEBUG | .c.s.m.InstanceMessageReceiveService : Received schedule participant score for exercise 1127 and participant 164 (result to be deleted: null)
    23:43:45.139 | 135 Pool-1-worker-50 | DEBUG | .a.s.ParticipantScoreScheduleService : Scheduled task for exercise 1127 and participant 164 at 2025-02-14T23:43:45.239907647Z[Etc/UTC].
    23:43:45.140 | 135 Pool-1-worker-50 | DEBUG | .c.s.m.InstanceMessageReceiveService : Received schedule participant score for exercise 1127 and participant 164 (result to be deleted: null)
    23:43:45.140 | 135 Pool-1-worker-50 | DEBUG | .a.s.ParticipantScoreScheduleService : Scheduled task for exercise 1127 and participant 164 at 2025-02-14T23:43:45.240489292Z[Etc/UTC].
    23:43:45.140 | 135 Pool-1-worker-50 | DEBUG | .c.s.m.InstanceMessageReceiveService : Received schedule participant score for exercise 1128 and participant 164 (result to be deleted: null)
    23:43:45.140 | 135 Pool-1-worker-50 | DEBUG | .a.s.ParticipantScoreScheduleService : Scheduled task for exercise 1128 and participant 164 at 2025-02-14T23:43:45.240968956Z[Etc/UTC].
    23:43:45.141 | 135 Pool-1-worker-50 | DEBUG | .c.s.m.InstanceMessageReceiveService : Received schedule participant score for exercise 1130 and participant 164 (result to be deleted: null)
    23:43:45.141 | 135 Pool-1-worker-50 | DEBUG | .a.s.ParticipantScoreScheduleService : Scheduled task for exercise 1130 and participant 164 at 2025-02-14T23:43:45.241483106Z[Etc/UTC].
    23:43:45.141 | 135 Pool-1-worker-50 | DEBUG | .c.s.m.InstanceMessageReceiveService : Received schedule participant score for exercise 1130 and participant 164 (result to be deleted: null)
    23:43:45.141 | 135 Pool-1-worker-50 | DEBUG | .a.s.ParticipantScoreScheduleService : Scheduled task for exercise 1130 and participant 164 at 2025-02-14T23:43:45.241934377Z[Etc/UTC].
    23:43:45.148 | 135 Pool-1-worker-50 | DEBUG | .c.s.m.InstanceMessageReceiveService : Received schedule participant score for exercise 1127 and participant 164 (result to be deleted: null)
    23:43:45.148 | 135 Pool-1-worker-50 | DEBUG | .a.s.ParticipantScoreScheduleService : Scheduled task for exercise 1127 and participant 164 at 2025-02-14T23:43:45.248895029Z[Etc/UTC].
    23:43:45.156 | 135 Pool-1-worker-50 | DEBUG | .c.s.m.InstanceMessageReceiveService : Received schedule participant score for exercise 1127 and participant 164 (result to be deleted: null)
    23:43:45.156 | 135 Pool-1-worker-50 | DEBUG | .a.s.ParticipantScoreScheduleService : Scheduled task for exercise 1127 and participant 164 at 2025-02-14T23:43:45.256164668Z[Etc/UTC].
    23:43:45.163 | 135 Pool-1-worker-50 | DEBUG | .c.s.m.InstanceMessageReceiveService : Received schedule participant score for exercise 1128 and participant 164 (result to be deleted: null)
    23:43:45.163 | 135 Pool-1-worker-50 | DEBUG | .a.s.ParticipantScoreScheduleService : Scheduled task for exercise 1128 and participant 164 at 2025-02-14T23:43:45.263622136Z[Etc/UTC].
    23:43:45.172 | 135 Pool-1-worker-50 | DEBUG | .c.s.m.InstanceMessageReceiveService : Received schedule participant score for exercise 1130 and participant 164 (result to be deleted: null)
    23:43:45.172 | 135 Pool-1-worker-50 | DEBUG | .a.s.ParticipantScoreScheduleService : Scheduled task for exercise 1130 and participant 164 at 2025-02-14T23:43:45.272410487Z[Etc/UTC].
    23:43:45.179 | 135 Pool-1-worker-50 | DEBUG | .c.s.m.InstanceMessageReceiveService : Received schedule participant score for exercise 1130 and participant 164 (result to be deleted: null)
    23:43:45.179 | 135 Pool-1-worker-50 | DEBUG | .a.s.ParticipantScoreScheduleService : Scheduled task for exercise 1130 and participant 164 at 2025-02-14T23:43:45.279655479Z[Etc/UTC].
    23:43:45.189 | 135 Pool-1-worker-50 | INFO  | i.z.t.d.l.EmbeddedDatabaseReporter   : JDBC URL to connect to 'dataSource': url='jdbc:h2:tcp://localhost:41063/mem:df70fc46-7e57-4cb5-9cd0-c1d90c14afa7;USER=sa', scope='FaqIntegrationTest#createFaq_correctRequestBody_shouldCreateFaq'
    23:43:45.191 | 135 Pool-1-worker-50 | DEBUG | d.t.c.a.a.c.s.f.ApiVersionFilter     : Adding Version to Request POST /api/courses/1011/faqs
    23:43:45.194 | 135 Pool-1-worker-50 | DEBUG | d.t.c.a.a.c.web.FaqResource          : REST request to save Faq : Faq{id=null, questionTitle='title', questionAnswer='answer', faqState='ACCEPTED}

  Starting logs for FaqIntegrationTest > getFaq_InstructorsShouldGetAllFaqByCourseId()
    23:43:45.223 | 135 Pool-1-worker-50 | DEBUG | d.t.c.a.a.c.u.util.UserUtilService   : Generate 1 students...
    23:43:45.226 | 135 Pool-1-worker-50 | DEBUG | d.t.c.a.a.c.u.util.UserUtilService   : 1 students generated. Generate 2 tutors...
    23:43:45.230 | 135 Pool-1-worker-50 | DEBUG | d.t.c.a.a.c.u.util.UserUtilService   : 2 tutors generated. Generate 0 editors...
    23:43:45.231 | 135 Pool-1-worker-50 | DEBUG | d.t.c.a.a.c.u.util.UserUtilService   : 0 editors generated. Generate 1 instructors...
    23:43:45.233 | 135 Pool-1-worker-50 | DEBUG | d.t.c.a.a.c.u.util.UserUtilService   : 1 instructors generated
    23:43:45.235 | 135 Pool-1-worker-50 | DEBUG | d.t.c.a.a.c.u.util.UserUtilService   : Removing 4 users from all courses...
    23:43:45.236 | 135 Pool-1-worker-50 | DEBUG | d.t.c.a.a.c.u.util.UserUtilService   : Removing 4 users from all courses. Done
    23:43:45.236 | 135 Pool-1-worker-50 | DEBUG | d.t.c.a.a.c.u.util.UserUtilService   : Save 4 users to database...
    23:43:45.239 | 135 Pool-1-worker-50 | DEBUG | d.t.c.a.a.c.u.util.UserUtilService   : Save 4 users to database. Done
    23:43:45.285 | 135 Pool-1-worker-50 | DEBUG | .c.s.m.InstanceMessageReceiveService : Received schedule participant score for exercise 1132 and participant 164 (result to be deleted: null)
    23:43:45.285 | 135 Pool-1-worker-50 | DEBUG | .a.s.ParticipantScoreScheduleService : Scheduled task for exercise 1132 and participant 164 at 2025-02-14T23:43:45.385178988Z[Etc/UTC].
    23:43:45.285 | 135 Pool-1-worker-50 | DEBUG | .c.s.m.InstanceMessageReceiveService : Received schedule participant score for exercise 1132 and participant 164 (result to be deleted: null)
    23:43:45.285 | 135 Pool-1-worker-50 | DEBUG | .a.s.ParticipantScoreScheduleService : Scheduled task for exercise 1132 and participant 164 at 2025-02-14T23:43:45.385802831Z[Etc/UTC].
    23:43:45.286 | 135 Pool-1-worker-50 | DEBUG | .c.s.m.InstanceMessageReceiveService : Received schedule participant score for exercise 1133 and participant 164 (result to be deleted: null)
    23:43:45.286 | 135 Pool-1-worker-50 | DEBUG | .a.s.ParticipantScoreScheduleService : Scheduled task for exercise 1133 and participant 164 at 2025-02-14T23:43:45.386345764Z[Etc/UTC].
    23:43:45.286 | 135 Pool-1-worker-50 | DEBUG | .c.s.m.InstanceMessageReceiveService : Received schedule participant score for exercise 1135 and participant 164 (result to be deleted: null)
    23:43:45.286 | 135 Pool-1-worker-50 | DEBUG | .a.s.ParticipantScoreScheduleService : Scheduled task for exercise 1135 and participant 164 at 2025-02-14T23:43:45.386822132Z[Etc/UTC].
    23:43:45.287 | 135 Pool-1-worker-50 | DEBUG | .c.s.m.InstanceMessageReceiveService : Received schedule participant score for exercise 1135 and participant 164 (result to be deleted: null)
    23:43:45.287 | 135 Pool-1-worker-50 | DEBUG | .a.s.ParticipantScoreScheduleService : Scheduled task for exercise 1135 and participant 164 at 2025-02-14T23:43:45.387357080Z[Etc/UTC].
    23:43:45.293 | 135 Pool-1-worker-50 | DEBUG | .c.s.m.InstanceMessageReceiveService : Received schedule participant score for exercise 1132 and participant 164 (result to be deleted: null)
    23:43:45.293 | 135 Pool-1-worker-50 | DEBUG | .a.s.ParticipantScoreScheduleService : Scheduled task for exercise 1132 and participant 164 at 2025-02-14T23:43:45.393772748Z[Etc/UTC].
    23:43:45.299 | 135 Pool-1-worker-50 | DEBUG | .c.s.m.InstanceMessageReceiveService : Received schedule participant score for exercise 1132 and participant 164 (result to be deleted: null)
    23:43:45.299 | 135 Pool-1-worker-50 | DEBUG | .a.s.ParticipantScoreScheduleService : Scheduled task for exercise 1132 and participant 164 at 2025-02-14T23:43:45.399217641Z[Etc/UTC].
    23:43:45.304 | 135 Pool-1-worker-50 | DEBUG | .c.s.m.InstanceMessageReceiveService : Received schedule participant score for exercise 1133 and participant 164 (result to be deleted: null)
    23:43:45.304 | 135 Pool-1-worker-50 | DEBUG | .a.s.ParticipantScoreScheduleService : Scheduled task for exercise 1133 and participant 164 at 2025-02-14T23:43:45.404545881Z[Etc/UTC].
    23:43:45.309 | 135 Pool-1-worker-50 | DEBUG | .c.s.m.InstanceMessageReceiveService : Received schedule participant score for exercise 1135 and participant 164 (result to be deleted: null)
    23:43:45.309 | 135 Pool-1-worker-50 | DEBUG | .a.s.ParticipantScoreScheduleService : Scheduled task for exercise 1135 and participant 164 at 2025-02-14T23:43:45.409259321Z[Etc/UTC].
    23:43:45.313 | 135 Pool-1-worker-50 | DEBUG | .c.s.m.InstanceMessageReceiveService : Received schedule participant score for exercise 1135 and participant 164 (result to be deleted: null)
    23:43:45.314 | 135 Pool-1-worker-50 | DEBUG | .a.s.ParticipantScoreScheduleService : Scheduled task for exercise 1135 and participant 164 at 2025-02-14T23:43:45.414011081Z[Etc/UTC].
    23:43:45.321 | 135 Pool-1-worker-50 | INFO  | i.z.t.d.l.EmbeddedDatabaseReporter   : JDBC URL to connect to 'dataSource': url='jdbc:h2:tcp://localhost:41063/mem:df70fc46-7e57-4cb5-9cd0-c1d90c14afa7;USER=sa', scope='FaqIntegrationTest#getFaq_InstructorsShouldGetAllFaqByCourseId'
    23:43:45.323 | 135 Pool-1-worker-50 | DEBUG | d.t.c.a.a.c.s.f.ApiVersionFilter     : Adding Version to Request GET /api/courses/1013/faqs
    23:43:45.326 | 135 Pool-1-worker-50 | DEBUG | d.t.c.a.a.c.web.FaqResource          : REST request to get all Faqs for the course with id : 1013

  Starting logs for FaqIntegrationTest > deleteFaq_IdsDoNotMatch_shouldNotDeleteFAQ()
    23:43:45.341 | 135 Pool-1-worker-50 | DEBUG | d.t.c.a.a.c.u.util.UserUtilService   : Generate 1 students...
    23:43:45.343 | 135 Pool-1-worker-50 | DEBUG | d.t.c.a.a.c.u.util.UserUtilService   : 1 students generated. Generate 2 tutors...
    23:43:45.346 | 135 Pool-1-worker-50 | DEBUG | d.t.c.a.a.c.u.util.UserUtilService   : 2 tutors generated. Generate 0 editors...
    23:43:45.348 | 135 Pool-1-worker-50 | DEBUG | d.t.c.a.a.c.u.util.UserUtilService   : 0 editors generated. Generate 1 instructors...
    23:43:45.350 | 135 Pool-1-worker-50 | DEBUG | d.t.c.a.a.c.u.util.UserUtilService   : 1 instructors generated
    23:43:45.352 | 135 Pool-1-worker-50 | DEBUG | d.t.c.a.a.c.u.util.UserUtilService   : Removing 4 users from all courses...
    23:43:45.352 | 135 Pool-1-worker-50 | DEBUG | d.t.c.a.a.c.u.util.UserUtilService   : Removing 4 users from all courses. Done
    23:43:45.352 | 135 Pool-1-worker-50 | DEBUG | d.t.c.a.a.c.u.util.UserUtilService   : Save 4 users to database...
    23:43:45.356 | 135 Pool-1-worker-50 | DEBUG | d.t.c.a.a.c.u.util.UserUtilService   : Save 4 users to database. Done
    23:43:45.387 | 135 Pool-1-worker-50 | DEBUG | .c.s.m.InstanceMessageReceiveService : Received schedule participant score for exercise 1137 and participant 164 (result to be deleted: null)
    23:43:45.387 | 135 Pool-1-worker-50 | DEBUG | .a.s.ParticipantScoreScheduleService : Scheduled task for exercise 1137 and participant 164 at 2025-02-14T23:43:45.487601522Z[Etc/UTC].
    23:43:45.388 | 135 Pool-1-worker-50 | DEBUG | .c.s.m.InstanceMessageReceiveService : Received schedule participant score for exercise 1137 and participant 164 (result to be deleted: null)
    23:43:45.388 | 135 Pool-1-worker-50 | DEBUG | .a.s.ParticipantScoreScheduleService : Scheduled task for exercise 1137 and participant 164 at 2025-02-14T23:43:45.488081389Z[Etc/UTC].
    23:43:45.388 | 135 Pool-1-worker-50 | DEBUG | .c.s.m.InstanceMessageReceiveService : Received schedule participant score for exercise 1138 and participant 164 (result to be deleted: null)
    23:43:45.388 | 135 Pool-1-worker-50 | DEBUG | .a.s.ParticipantScoreScheduleService : Scheduled task for exercise 1138 and participant 164 at 2025-02-14T23:43:45.488492115Z[Etc/UTC].
    23:43:45.388 | 135 Pool-1-worker-50 | DEBUG | .c.s.m.InstanceMessageReceiveService : Received schedule participant score for exercise 1140 and participant 164 (result to be deleted: null)
    23:43:45.388 | 135 Pool-1-worker-50 | DEBUG | .a.s.ParticipantScoreScheduleService : Scheduled task for exercise 1140 and participant 164 at 2025-02-14T23:43:45.488866484Z[Etc/UTC].
    23:43:45.389 | 135 Pool-1-worker-50 | DEBUG | .c.s.m.InstanceMessageReceiveService : Received schedule participant score for exercise 1140 and participant 164 (result to be deleted: null)
    23:43:45.389 | 135 Pool-1-worker-50 | DEBUG | .a.s.ParticipantScoreScheduleService : Scheduled task for exercise 1140 and participant 164 at 2025-02-14T23:43:45.489282079Z[Etc/UTC].
    23:43:45.431 | 135 Pool-1-worker-50 | DEBUG | .c.s.m.InstanceMessageReceiveService : Received schedule participant score for exercise 1137 and participant 164 (result to be deleted: null)
    23:43:45.432 | 135 Pool-1-worker-50 | DEBUG | .a.s.ParticipantScoreScheduleService : Scheduled task for exercise 1137 and participant 164 at 2025-02-14T23:43:45.531913939Z[Etc/UTC].
    23:43:45.440 | 135 Pool-1-worker-50 | DEBUG | .c.s.m.InstanceMessageReceiveService : Received schedule participant score for exercise 1137 and participant 164 (result to be deleted: null)
    23:43:45.440 | 135 Pool-1-worker-50 | DEBUG | .a.s.ParticipantScoreScheduleService : Scheduled task for exercise 1137 and participant 164 at 2025-02-14T23:43:45.540642198Z[Etc/UTC].
    23:43:45.448 | 135 Pool-1-worker-50 | DEBUG | .c.s.m.InstanceMessageReceiveService : Received schedule participant score for exercise 1138 and participant 164 (result to be deleted: null)
    23:43:45.448 | 135 Pool-1-worker-50 | DEBUG | .a.s.ParticipantScoreScheduleService : Scheduled task for exercise 1138 and participant 164 at 2025-02-14T23:43:45.548468354Z[Etc/UTC].
    23:43:45.456 | 135 Pool-1-worker-50 | DEBUG | .c.s.m.InstanceMessageReceiveService : Received schedule participant score for exercise 1140 and participant 164 (result to be deleted: null)
    23:43:45.456 | 135 Pool-1-worker-50 | DEBUG | .a.s.ParticipantScoreScheduleService : Scheduled task for exercise 1140 and participant 164 at 2025-02-14T23:43:45.556488843Z[Etc/UTC].
    23:43:45.463 | 135 Pool-1-worker-50 | DEBUG | .c.s.m.InstanceMessageReceiveService : Received schedule participant score for exercise 1140 and participant 164 (result to be deleted: null)
    23:43:45.463 | 135 Pool-1-worker-50 | DEBUG | .a.s.ParticipantScoreScheduleService : Scheduled task for exercise 1140 and participant 164 at 2025-02-14T23:43:45.563958895Z[Etc/UTC].
    23:43:45.486 | 135 Pool-1-worker-50 | INFO  | i.z.t.d.l.EmbeddedDatabaseReporter   : JDBC URL to connect to 'dataSource': url='jdbc:h2:tcp://localhost:41063/mem:df70fc46-7e57-4cb5-9cd0-c1d90c14afa7;USER=sa', scope='FaqIntegrationTest#deleteFaq_IdsDoNotMatch_shouldNotDeleteFAQ'
    23:43:45.492 | 135 Pool-1-worker-50 | DEBUG | d.t.c.a.a.c.s.f.ApiVersionFilter     : Adding Version to Request DELETE /api/courses/1016/faqs/12
    23:43:45.502 | 135 Pool-1-worker-50 | DEBUG | d.t.c.a.a.c.web.FaqResource          : REST request to delete faq 12
    23:43:45.503 | 135 Pool-1-worker-50 | ERROR | tech.jhipster.web.util.HeaderUtil    : Entity processing failed, Course ID of the FAQ provided courseID must match
    23:43:45.503 | 135 Pool-1-worker-50 | WARN  | o.z.p.spring.common.AdviceTraits     : Bad Request: Course ID of the FAQ provided courseID must match

  Starting logs for FaqIntegrationTest > testGetFaqByFaqId()
    23:43:45.541 | 135 Pool-1-worker-50 | DEBUG | d.t.c.a.a.c.u.util.UserUtilService   : Generate 1 students...
    23:43:45.545 | 135 Pool-1-worker-50 | DEBUG | d.t.c.a.a.c.u.util.UserUtilService   : 1 students generated. Generate 2 tutors...
    23:43:45.549 | 135 Pool-1-worker-50 | DEBUG | d.t.c.a.a.c.u.util.UserUtilService   : 2 tutors generated. Generate 0 editors...
    23:43:45.551 | 135 Pool-1-worker-50 | DEBUG | d.t.c.a.a.c.u.util.UserUtilService   : 0 editors generated. Generate 1 instructors...
    23:43:45.557 | 135 Pool-1-worker-50 | DEBUG | d.t.c.a.a.c.u.util.UserUtilService   : 1 instructors generated
    23:43:45.559 | 135 Pool-1-worker-50 | DEBUG | d.t.c.a.a.c.u.util.UserUtilService   : Removing 4 users from all courses...
    23:43:45.561 | 135 Pool-1-worker-50 | DEBUG | d.t.c.a.a.c.u.util.UserUtilService   : Removing 4 users from all courses. Done
    23:43:45.561 | 135 Pool-1-worker-50 | DEBUG | d.t.c.a.a.c.u.util.UserUtilService   : Save 4 users to database...
    23:43:45.565 | 135 Pool-1-worker-50 | DEBUG | d.t.c.a.a.c.u.util.UserUtilService   : Save 4 users to database. Done
    23:43:45.624 | 135 Pool-1-worker-50 | DEBUG | .c.s.m.InstanceMessageReceiveService : Received schedule participant score for exercise 1142 and participant 164 (result to be deleted: null)
    23:43:45.624 | 135 Pool-1-worker-50 | DEBUG | .a.s.ParticipantScoreScheduleService : Scheduled task for exercise 1142 and participant 164 at 2025-02-14T23:43:45.724482248Z[Etc/UTC].
    23:43:45.625 | 135 Pool-1-worker-50 | DEBUG | .c.s.m.InstanceMessageReceiveService : Received schedule participant score for exercise 1142 and participant 164 (result to be deleted: null)
    23:43:45.625 | 135 Pool-1-worker-50 | DEBUG | .a.s.ParticipantScoreScheduleService : Scheduled task for exercise 1142 and participant 164 at 2025-02-14T23:43:45.725055727Z[Etc/UTC].
    23:43:45.625 | 135 Pool-1-worker-50 | DEBUG | .c.s.m.InstanceMessageReceiveService : Received schedule participant score for exercise 1143 and participant 164 (result to be deleted: null)
    23:43:45.625 | 135 Pool-1-worker-50 | DEBUG | .a.s.ParticipantScoreScheduleService : Scheduled task for exercise 1143 and participant 164 at 2025-02-14T23:43:45.725625590Z[Etc/UTC].
    23:43:45.626 | 135 Pool-1-worker-50 | DEBUG | .c.s.m.InstanceMessageReceiveService : Received schedule participant score for exercise 1145 and participant 164 (result to be deleted: null)
    23:43:45.626 | 135 Pool-1-worker-50 | DEBUG | .a.s.ParticipantScoreScheduleService : Scheduled task for exercise 1145 and participant 164 at 2025-02-14T23:43:45.726177249Z[Etc/UTC].
    23:43:45.626 | 135 Pool-1-worker-50 | DEBUG | .c.s.m.InstanceMessageReceiveService : Received schedule participant score for exercise 1145 and participant 164 (result to be deleted: null)
    23:43:45.626 | 135 Pool-1-worker-50 | DEBUG | .a.s.ParticipantScoreScheduleService : Scheduled task for exercise 1145 and participant 164 at 2025-02-14T23:43:45.726724089Z[Etc/UTC].
    23:43:45.633 | 135 Pool-1-worker-50 | DEBUG | .c.s.m.InstanceMessageReceiveService : Received schedule participant score for exercise 1142 and participant 164 (result to be deleted: null)
    23:43:45.633 | 135 Pool-1-worker-50 | DEBUG | .a.s.ParticipantScoreScheduleService : Scheduled task for exercise 1142 and participant 164 at 2025-02-14T23:43:45.733530393Z[Etc/UTC].
    23:43:45.641 | 135 Pool-1-worker-50 | DEBUG | .c.s.m.InstanceMessageReceiveService : Received schedule participant score for exercise 1142 and participant 164 (result to be deleted: null)
    23:43:45.641 | 135 Pool-1-worker-50 | DEBUG | .a.s.ParticipantScoreScheduleService : Scheduled task for exercise 1142 and participant 164 at 2025-02-14T23:43:45.741470702Z[Etc/UTC].
    23:43:45.648 | 135 Pool-1-worker-50 | DEBUG | .c.s.m.InstanceMessageReceiveService : Received schedule participant score for exercise 1143 and participant 164 (result to be deleted: null)
    23:43:45.648 | 135 Pool-1-worker-50 | DEBUG | .a.s.ParticipantScoreScheduleService : Scheduled task for exercise 1143 and participant 164 at 2025-02-14T23:43:45.748924143Z[Etc/UTC].
    23:43:45.656 | 135 Pool-1-worker-50 | DEBUG | .c.s.m.InstanceMessageReceiveService : Received schedule participant score for exercise 1145 and participant 164 (result to be deleted: null)
    23:43:45.656 | 135 Pool-1-worker-50 | DEBUG | .a.s.ParticipantScoreScheduleService : Scheduled task for exercise 1145 and participant 164 at 2025-02-14T23:43:45.756964429Z[Etc/UTC].
    23:43:45.663 | 135 Pool-1-worker-50 | DEBUG | .c.s.m.InstanceMessageReceiveService : Received schedule participant score for exercise 1145 and participant 164 (result to be deleted: null)
    23:43:45.663 | 135 Pool-1-worker-50 | DEBUG | .a.s.ParticipantScoreScheduleService : Scheduled task for exercise 1145 and participant 164 at 2025-02-14T23:43:45.763939928Z[Etc/UTC].
    23:43:45.681 | 135 Pool-1-worker-50 | INFO  | i.z.t.d.l.EmbeddedDatabaseReporter   : JDBC URL to connect to 'dataSource': url='jdbc:h2:tcp://localhost:41063/mem:df70fc46-7e57-4cb5-9cd0-c1d90c14afa7;USER=sa', scope='FaqIntegrationTest#testGetFaqByFaqId'
    23:43:45.685 | 135 Pool-1-worker-50 | DEBUG | d.t.c.a.a.c.s.f.ApiVersionFilter     : Adding Version to Request GET /api/courses/1017/faqs/13
    23:43:45.690 | 135 Pool-1-worker-50 | DEBUG | d.t.c.a.a.c.web.FaqResource          : REST request to get faq 13

  Starting logs for FaqIntegrationTest > updateFaq_correctRequestBody_shouldUpdateFaq()
    23:43:45.712 | 135 Pool-1-worker-50 | DEBUG | d.t.c.a.a.c.u.util.UserUtilService   : Generate 1 students...
    23:43:45.715 | 135 Pool-1-worker-50 | DEBUG | d.t.c.a.a.c.u.util.UserUtilService   : 1 students generated. Generate 2 tutors...
    23:43:45.719 | 135 Pool-1-worker-50 | DEBUG | d.t.c.a.a.c.u.util.UserUtilService   : 2 tutors generated. Generate 0 editors...
    23:43:45.721 | 135 Pool-1-worker-50 | DEBUG | d.t.c.a.a.c.u.util.UserUtilService   : 0 editors generated. Generate 1 instructors...
    23:43:45.724 | 135 Pool-1-worker-50 | DEBUG | d.t.c.a.a.c.u.util.UserUtilService   : 1 instructors generated
    23:43:45.726 | 135 Pool-1-worker-50 | DEBUG | d.t.c.a.a.c.u.util.UserUtilService   : Removing 4 users from all courses...
    23:43:45.727 | 135 Pool-1-worker-50 | DEBUG | d.t.c.a.a.c.u.util.UserUtilService   : Removing 4 users from all courses. Done
    23:43:45.727 | 135 Pool-1-worker-50 | DEBUG | d.t.c.a.a.c.u.util.UserUtilService   : Save 4 users to database...
    23:43:45.736 | 135 Pool-1-worker-50 | DEBUG | d.t.c.a.a.c.u.util.UserUtilService   : Save 4 users to database. Done
    23:43:45.813 | 135 Pool-1-worker-50 | DEBUG | .c.s.m.InstanceMessageReceiveService : Received schedule participant score for exercise 1147 and participant 164 (result to be deleted: null)
    23:43:45.813 | 135 Pool-1-worker-50 | DEBUG | .a.s.ParticipantScoreScheduleService : Scheduled task for exercise 1147 and participant 164 at 2025-02-14T23:43:45.913221170Z[Etc/UTC].
    23:43:45.814 | 135 Pool-1-worker-50 | DEBUG | .c.s.m.InstanceMessageReceiveService : Received schedule participant score for exercise 1147 and participant 164 (result to be deleted: null)
    23:43:45.815 | 135 Pool-1-worker-50 | DEBUG | .a.s.ParticipantScoreScheduleService : Scheduled task for exercise 1147 and participant 164 at 2025-02-14T23:43:45.915038650Z[Etc/UTC].
    23:43:45.815 | 135 Pool-1-worker-50 | DEBUG | .c.s.m.InstanceMessageReceiveService : Received schedule participant score for exercise 1148 and participant 164 (result to be deleted: null)
    23:43:45.815 | 135 Pool-1-worker-50 | DEBUG | .a.s.ParticipantScoreScheduleService : Scheduled task for exercise 1148 and participant 164 at 2025-02-14T23:43:45.915665970Z[Etc/UTC].
    23:43:45.816 | 135 Pool-1-worker-50 | DEBUG | .c.s.m.InstanceMessageReceiveService : Received schedule participant score for exercise 1150 and participant 164 (result to be deleted: null)
    23:43:45.816 | 135 Pool-1-worker-50 | DEBUG | .a.s.ParticipantScoreScheduleService : Scheduled task for exercise 1150 and participant 164 at 2025-02-14T23:43:45.916236294Z[Etc/UTC].
    23:43:45.818 | 135 Pool-1-worker-50 | DEBUG | .c.s.m.InstanceMessageReceiveService : Received schedule participant score for exercise 1150 and participant 164 (result to be deleted: null)
    23:43:45.818 | 135 Pool-1-worker-50 | DEBUG | .a.s.ParticipantScoreScheduleService : Scheduled task for exercise 1150 and participant 164 at 2025-02-14T23:43:45.918573873Z[Etc/UTC].
    23:43:45.827 | 135 Pool-1-worker-50 | DEBUG | .c.s.m.InstanceMessageReceiveService : Received schedule participant score for exercise 1147 and participant 164 (result to be deleted: null)
    23:43:45.827 | 135 Pool-1-worker-50 | DEBUG | .a.s.ParticipantScoreScheduleService : Scheduled task for exercise 1147 and participant 164 at 2025-02-14T23:43:45.927878024Z[Etc/UTC].
    23:43:45.835 | 135 Pool-1-worker-50 | DEBUG | .c.s.m.InstanceMessageReceiveService : Received schedule participant score for exercise 1147 and participant 164 (result to be deleted: null)
    23:43:45.835 | 135 Pool-1-worker-50 | DEBUG | .a.s.ParticipantScoreScheduleService : Scheduled task for exercise 1147 and participant 164 at 2025-02-14T23:43:45.935156038Z[Etc/UTC].
    23:43:45.843 | 135 Pool-1-worker-50 | DEBUG | .c.s.m.InstanceMessageReceiveService : Received schedule participant score for exercise 1148 and participant 164 (result to be deleted: null)
    23:43:45.843 | 135 Pool-1-worker-50 | DEBUG | .a.s.ParticipantScoreScheduleService : Scheduled task for exercise 1148 and participant 164 at 2025-02-14T23:43:45.943081729Z[Etc/UTC].
    23:43:45.851 | 135 Pool-1-worker-50 | DEBUG | .c.s.m.InstanceMessageReceiveService : Received schedule participant score for exercise 1150 and participant 164 (result to be deleted: null)
    23:43:45.851 | 135 Pool-1-worker-50 | DEBUG | .a.s.ParticipantScoreScheduleService : Scheduled task for exercise 1150 and participant 164 at 2025-02-14T23:43:45.951327779Z[Etc/UTC].
    23:43:45.860 | 135 Pool-1-worker-50 | DEBUG | .c.s.m.InstanceMessageReceiveService : Received schedule participant score for exercise 1150 and participant 164 (result to be deleted: null)
    23:43:45.860 | 135 Pool-1-worker-50 | DEBUG | .a.s.ParticipantScoreScheduleService : Scheduled task for exercise 1150 and participant 164 at 2025-02-14T23:43:45.960732331Z[Etc/UTC].
    23:43:45.872 | 135 Pool-1-worker-50 | INFO  | i.z.t.d.l.EmbeddedDatabaseReporter   : JDBC URL to connect to 'dataSource': url='jdbc:h2:tcp://localhost:41063/mem:df70fc46-7e57-4cb5-9cd0-c1d90c14afa7;USER=sa', scope='FaqIntegrationTest#updateFaq_correctRequestBody_shouldUpdateFaq'
    23:43:45.874 | 135 Pool-1-worker-50 | DEBUG | d.t.c.a.a.c.s.f.ApiVersionFilter     : Adding Version to Request PUT /api/courses/1019/faqs/14
    23:43:45.877 | 135 Pool-1-worker-50 | DEBUG | d.t.c.a.a.c.web.FaqResource          : REST request to update Faq : Faq{id=14, questionTitle='Updated', questionAnswer='Update', faqState='PROPOSED}

  Starting logs for FaqIntegrationTest > deleteFaq_shouldDeleteFAQ()
    23:43:45.896 | 135 Pool-1-worker-50 | DEBUG | d.t.c.a.a.c.u.util.UserUtilService   : Generate 1 students...
    23:43:45.899 | 135 Pool-1-worker-50 | DEBUG | d.t.c.a.a.c.u.util.UserUtilService   : 1 students generated. Generate 2 tutors...
    23:43:45.903 | 135 Pool-1-worker-50 | DEBUG | d.t.c.a.a.c.u.util.UserUtilService   : 2 tutors generated. Generate 0 editors...
    23:43:45.905 | 135 Pool-1-worker-50 | DEBUG | d.t.c.a.a.c.u.util.UserUtilService   : 0 editors generated. Generate 1 instructors...
    23:43:45.907 | 135 Pool-1-worker-50 | DEBUG | d.t.c.a.a.c.u.util.UserUtilService   : 1 instructors generated
    23:43:45.909 | 135 Pool-1-worker-50 | DEBUG | d.t.c.a.a.c.u.util.UserUtilService   : Removing 4 users from all courses...
    23:43:45.910 | 135 Pool-1-worker-50 | DEBUG | d.t.c.a.a.c.u.util.UserUtilService   : Removing 4 users from all courses. Done
    23:43:45.910 | 135 Pool-1-worker-50 | DEBUG | d.t.c.a.a.c.u.util.UserUtilService   : Save 4 users to database...
    23:43:45.914 | 135 Pool-1-worker-50 | DEBUG | d.t.c.a.a.c.u.util.UserUtilService   : Save 4 users to database. Done
    23:43:45.955 | 135 Pool-1-worker-50 | DEBUG | .c.s.m.InstanceMessageReceiveService : Received schedule participant score for exercise 1152 and participant 164 (result to be deleted: null)
    23:43:45.956 | 135 Pool-1-worker-50 | DEBUG | .a.s.ParticipantScoreScheduleService : Scheduled task for exercise 1152 and participant 164 at 2025-02-14T23:43:46.056076802Z[Etc/UTC].
    23:43:45.956 | 135 Pool-1-worker-50 | DEBUG | .c.s.m.InstanceMessageReceiveService : Received schedule participant score for exercise 1152 and participant 164 (result to be deleted: null)
    23:43:45.956 | 135 Pool-1-worker-50 | DEBUG | .a.s.ParticipantScoreScheduleService : Scheduled task for exercise 1152 and participant 164 at 2025-02-14T23:43:46.056717637Z[Etc/UTC].
    23:43:45.957 | 135 Pool-1-worker-50 | DEBUG | .c.s.m.InstanceMessageReceiveService : Received schedule participant score for exercise 1153 and participant 164 (result to be deleted: null)
    23:43:45.957 | 135 Pool-1-worker-50 | DEBUG | .a.s.ParticipantScoreScheduleService : Scheduled task for exercise 1153 and participant 164 at 2025-02-14T23:43:46.057390272Z[Etc/UTC].
    23:43:45.957 | 135 Pool-1-worker-50 | DEBUG | .c.s.m.InstanceMessageReceiveService : Received schedule participant score for exercise 1155 and participant 164 (result to be deleted: null)
    23:43:45.957 | 135 Pool-1-worker-50 | DEBUG | .a.s.ParticipantScoreScheduleService : Scheduled task for exercise 1155 and participant 164 at 2025-02-14T23:43:46.057978028Z[Etc/UTC].
    23:43:45.958 | 135 Pool-1-worker-50 | DEBUG | .c.s.m.InstanceMessageReceiveService : Received schedule participant score for exercise 1155 and participant 164 (result to be deleted: null)
    23:43:45.958 | 135 Pool-1-worker-50 | DEBUG | .a.s.ParticipantScoreScheduleService : Scheduled task for exercise 1155 and participant 164 at 2025-02-14T23:43:46.058560093Z[Etc/UTC].
    23:43:45.966 | 135 Pool-1-worker-50 | DEBUG | .c.s.m.InstanceMessageReceiveService : Received schedule participant score for exercise 1152 and participant 164 (result to be deleted: null)
    23:43:45.966 | 135 Pool-1-worker-50 | DEBUG | .a.s.ParticipantScoreScheduleService : Scheduled task for exercise 1152 and participant 164 at 2025-02-14T23:43:46.066064600Z[Etc/UTC].
    23:43:45.973 | 135 Pool-1-worker-50 | DEBUG | .c.s.m.InstanceMessageReceiveService : Received schedule participant score for exercise 1152 and participant 164 (result to be deleted: null)
    23:43:45.973 | 135 Pool-1-worker-50 | DEBUG | .a.s.ParticipantScoreScheduleService : Scheduled task for exercise 1152 and participant 164 at 2025-02-14T23:43:46.073860410Z[Etc/UTC].
    23:43:45.981 | 135 Pool-1-worker-50 | DEBUG | .c.s.m.InstanceMessageReceiveService : Received schedule participant score for exercise 1153 and participant 164 (result to be deleted: null)
    23:43:45.981 | 135 Pool-1-worker-50 | DEBUG | .a.s.ParticipantScoreScheduleService : Scheduled task for exercise 1153 and participant 164 at 2025-02-14T23:43:46.081894033Z[Etc/UTC].
    23:43:45.989 | 135 Pool-1-worker-50 | DEBUG | .c.s.m.InstanceMessageReceiveService : Received schedule participant score for exercise 1155 and participant 164 (result to be deleted: null)
    23:43:45.989 | 135 Pool-1-worker-50 | DEBUG | .a.s.ParticipantScoreScheduleService : Scheduled task for exercise 1155 and participant 164 at 2025-02-14T23:43:46.089752629Z[Etc/UTC].
    23:43:45.997 | 135 Pool-1-worker-50 | DEBUG | .c.s.m.InstanceMessageReceiveService : Received schedule participant score for exercise 1155 and participant 164 (result to be deleted: null)
    23:43:45.997 | 135 Pool-1-worker-50 | DEBUG | .a.s.ParticipantScoreScheduleService : Scheduled task for exercise 1155 and participant 164 at 2025-02-14T23:43:46.097378192Z[Etc/UTC].
    23:43:46.007 | 135 Pool-1-worker-50 | INFO  | i.z.t.d.l.EmbeddedDatabaseReporter   : JDBC URL to connect to 'dataSource': url='jdbc:h2:tcp://localhost:41063/mem:df70fc46-7e57-4cb5-9cd0-c1d90c14afa7;USER=sa', scope='FaqIntegrationTest#deleteFaq_shouldDeleteFAQ'
    23:43:46.009 | 135 Pool-1-worker-50 | DEBUG | d.t.c.a.a.c.s.f.ApiVersionFilter     : Adding Version to Request DELETE /api/courses/1021/faqs/15
    23:43:46.010 | 135 Pool-1-worker-50 | DEBUG | d.t.c.a.a.c.web.FaqResource          : REST request to delete faq 15

  Starting logs for FaqIntegrationTest > updateFaq_Instructor_canAcceptFaq()
    23:43:46.043 | 135 Pool-1-worker-50 | DEBUG | d.t.c.a.a.c.u.util.UserUtilService   : Generate 1 students...
    23:43:46.046 | 135 Pool-1-worker-50 | DEBUG | d.t.c.a.a.c.u.util.UserUtilService   : 1 students generated. Generate 2 tutors...
    23:43:46.051 | 135 Pool-1-worker-50 | DEBUG | d.t.c.a.a.c.u.util.UserUtilService   : 2 tutors generated. Generate 0 editors...
    23:43:46.052 | 135 Pool-1-worker-50 | DEBUG | d.t.c.a.a.c.u.util.UserUtilService   : 0 editors generated. Generate 1 instructors...
    23:43:46.055 | 135 Pool-1-worker-50 | DEBUG | d.t.c.a.a.c.u.util.UserUtilService   : 1 instructors generated
    23:43:46.057 | 135 Pool-1-worker-50 | DEBUG | d.t.c.a.a.c.u.util.UserUtilService   : Removing 4 users from all courses...
    23:43:46.057 | 135 Pool-1-worker-50 | DEBUG | d.t.c.a.a.c.u.util.UserUtilService   : Removing 4 users from all courses. Done
    23:43:46.057 | 135 Pool-1-worker-50 | DEBUG | d.t.c.a.a.c.u.util.UserUtilService   : Save 4 users to database...
    23:43:46.062 | 135 Pool-1-worker-50 | DEBUG | d.t.c.a.a.c.u.util.UserUtilService   : Save 4 users to database. Done
    23:43:46.111 | 135 Pool-1-worker-50 | DEBUG | .c.s.m.InstanceMessageReceiveService : Received schedule participant score for exercise 1157 and participant 164 (result to be deleted: null)
    23:43:46.111 | 135 Pool-1-worker-50 | DEBUG | .a.s.ParticipantScoreScheduleService : Scheduled task for exercise 1157 and participant 164 at 2025-02-14T23:43:46.211830080Z[Etc/UTC].
    23:43:46.112 | 135 Pool-1-worker-50 | DEBUG | .c.s.m.InstanceMessageReceiveService : Received schedule participant score for exercise 1157 and participant 164 (result to be deleted: null)
    23:43:46.112 | 135 Pool-1-worker-50 | DEBUG | .a.s.ParticipantScoreScheduleService : Scheduled task for exercise 1157 and participant 164 at 2025-02-14T23:43:46.212487556Z[Etc/UTC].
    23:43:46.112 | 135 Pool-1-worker-50 | DEBUG | .c.s.m.InstanceMessageReceiveService : Received schedule participant score for exercise 1158 and participant 164 (result to be deleted: null)
    23:43:46.113 | 135 Pool-1-worker-50 | DEBUG | .a.s.ParticipantScoreScheduleService : Scheduled task for exercise 1158 and participant 164 at 2025-02-14T23:43:46.213033434Z[Etc/UTC].
    23:43:46.113 | 135 Pool-1-worker-50 | DEBUG | .c.s.m.InstanceMessageReceiveService : Received schedule participant score for exercise 1160 and participant 164 (result to be deleted: null)
    23:43:46.113 | 135 Pool-1-worker-50 | DEBUG | .a.s.ParticipantScoreScheduleService : Scheduled task for exercise 1160 and participant 164 at 2025-02-14T23:43:46.213614838Z[Etc/UTC].
    23:43:46.114 | 135 Pool-1-worker-50 | DEBUG | .c.s.m.InstanceMessageReceiveService : Received schedule participant score for exercise 1160 and participant 164 (result to be deleted: null)
    23:43:46.114 | 135 Pool-1-worker-50 | DEBUG | .a.s.ParticipantScoreScheduleService : Scheduled task for exercise 1160 and participant 164 at 2025-02-14T23:43:46.214201192Z[Etc/UTC].
    23:43:46.123 | 135 Pool-1-worker-50 | DEBUG | .c.s.m.InstanceMessageReceiveService : Received schedule participant score for exercise 1157 and participant 164 (result to be deleted: null)
    23:43:46.123 | 135 Pool-1-worker-50 | DEBUG | .a.s.ParticipantScoreScheduleService : Scheduled task for exercise 1157 and participant 164 at 2025-02-14T23:43:46.223285515Z[Etc/UTC].
    23:43:46.133 | 135 Pool-1-worker-50 | DEBUG | .c.s.m.InstanceMessageReceiveService : Received schedule participant score for exercise 1157 and participant 164 (result to be deleted: null)
    23:43:46.133 | 135 Pool-1-worker-50 | DEBUG | .a.s.ParticipantScoreScheduleService : Scheduled task for exercise 1157 and participant 164 at 2025-02-14T23:43:46.233329478Z[Etc/UTC].
    23:43:46.141 | 135 Pool-1-worker-50 | DEBUG | .c.s.m.InstanceMessageReceiveService : Received schedule participant score for exercise 1158 and participant 164 (result to be deleted: null)
    23:43:46.141 | 135 Pool-1-worker-50 | DEBUG | .a.s.ParticipantScoreScheduleService : Scheduled task for exercise 1158 and participant 164 at 2025-02-14T23:43:46.241850900Z[Etc/UTC].
    23:43:46.150 | 135 Pool-1-worker-50 | DEBUG | .c.s.m.InstanceMessageReceiveService : Received schedule participant score for exercise 1160 and participant 164 (result to be deleted: null)
    23:43:46.150 | 135 Pool-1-worker-50 | DEBUG | .a.s.ParticipantScoreScheduleService : Scheduled task for exercise 1160 and participant 164 at 2025-02-14T23:43:46.250458104Z[Etc/UTC].
    23:43:46.157 | 135 Pool-1-worker-50 | DEBUG | .c.s.m.InstanceMessageReceiveService : Received schedule participant score for exercise 1160 and participant 164 (result to be deleted: null)
    23:43:46.157 | 135 Pool-1-worker-50 | DEBUG | .a.s.ParticipantScoreScheduleService : Scheduled task for exercise 1160 and participant 164 at 2025-02-14T23:43:46.257877852Z[Etc/UTC].
    23:43:46.168 | 135 Pool-1-worker-50 | INFO  | i.z.t.d.l.EmbeddedDatabaseReporter   : JDBC URL to connect to 'dataSource': url='jdbc:h2:tcp://localhost:41063/mem:df70fc46-7e57-4cb5-9cd0-c1d90c14afa7;USER=sa', scope='FaqIntegrationTest#updateFaq_Instructor_canAcceptFaq'
    23:43:46.170 | 135 Pool-1-worker-50 | DEBUG | d.t.c.a.a.c.s.f.ApiVersionFilter     : Adding Version to Request PUT /api/courses/1023/faqs/16
    23:43:46.173 | 135 Pool-1-worker-50 | DEBUG | d.t.c.a.a.c.web.FaqResource          : REST request to update Faq : Faq{id=16, questionTitle='Updated', questionAnswer='title', faqState='ACCEPTED}

  Starting logs for FaqIntegrationTest > testAll_asStudent()
    23:43:46.221 | 135 Pool-1-worker-50 | DEBUG | d.t.c.a.a.c.u.util.UserUtilService   : Generate 1 students...
    23:43:46.226 | 135 Pool-1-worker-50 | DEBUG | d.t.c.a.a.c.u.util.UserUtilService   : 1 students generated. Generate 2 tutors...
    23:43:46.231 | 135 Pool-1-worker-50 | DEBUG | d.t.c.a.a.c.u.util.UserUtilService   : 2 tutors generated. Generate 0 editors...
    23:43:46.232 | 135 Pool-1-worker-50 | DEBUG | d.t.c.a.a.c.u.util.UserUtilService   : 0 editors generated. Generate 1 instructors...
    23:43:46.235 | 135 Pool-1-worker-50 | DEBUG | d.t.c.a.a.c.u.util.UserUtilService   : 1 instructors generated
    23:43:46.237 | 135 Pool-1-worker-50 | DEBUG | d.t.c.a.a.c.u.util.UserUtilService   : Removing 4 users from all courses...
    23:43:46.238 | 135 Pool-1-worker-50 | DEBUG | d.t.c.a.a.c.u.util.UserUtilService   : Removing 4 users from all courses. Done
    23:43:46.238 | 135 Pool-1-worker-50 | DEBUG | d.t.c.a.a.c.u.util.UserUtilService   : Save 4 users to database...
    23:43:46.243 | 135 Pool-1-worker-50 | DEBUG | d.t.c.a.a.c.u.util.UserUtilService   : Save 4 users to database. Done
    23:43:46.295 | 135 Pool-1-worker-50 | DEBUG | .c.s.m.InstanceMessageReceiveService : Received schedule participant score for exercise 1162 and participant 164 (result to be deleted: null)
    23:43:46.295 | 135 Pool-1-worker-50 | DEBUG | .a.s.ParticipantScoreScheduleService : Scheduled task for exercise 1162 and participant 164 at 2025-02-14T23:43:46.395077467Z[Etc/UTC].
    23:43:46.295 | 135 Pool-1-worker-50 | DEBUG | .c.s.m.InstanceMessageReceiveService : Received schedule participant score for exercise 1162 and participant 164 (result to be deleted: null)
    23:43:46.295 | 135 Pool-1-worker-50 | DEBUG | .a.s.ParticipantScoreScheduleService : Scheduled task for exercise 1162 and participant 164 at 2025-02-14T23:43:46.395700820Z[Etc/UTC].
    23:43:46.298 | 135 Pool-1-worker-50 | DEBUG | .c.s.m.InstanceMessageReceiveService : Received schedule participant score for exercise 1163 and participant 164 (result to be deleted: null)
    23:43:46.298 | 135 Pool-1-worker-50 | DEBUG | .a.s.ParticipantScoreScheduleService : Scheduled task for exercise 1163 and participant 164 at 2025-02-14T23:43:46.398660670Z[Etc/UTC].
    23:43:46.299 | 135 Pool-1-worker-50 | DEBUG | .c.s.m.InstanceMessageReceiveService : Received schedule participant score for exercise 1165 and participant 164 (result to be deleted: null)
    23:43:46.299 | 135 Pool-1-worker-50 | DEBUG | .a.s.ParticipantScoreScheduleService : Scheduled task for exercise 1165 and participant 164 at 2025-02-14T23:43:46.399224061Z[Etc/UTC].
    23:43:46.299 | 135 Pool-1-worker-50 | DEBUG | .c.s.m.InstanceMessageReceiveService : Received schedule participant score for exercise 1165 and participant 164 (result to be deleted: null)
    23:43:46.299 | 135 Pool-1-worker-50 | DEBUG | .a.s.ParticipantScoreScheduleService : Scheduled task for exercise 1165 and participant 164 at 2025-02-14T23:43:46.399727009Z[Etc/UTC].
    23:43:46.313 | 135 Pool-1-worker-50 | DEBUG | .c.s.m.InstanceMessageReceiveService : Received schedule participant score for exercise 1162 and participant 164 (result to be deleted: null)
    23:43:46.313 | 135 Pool-1-worker-50 | DEBUG | .a.s.ParticipantScoreScheduleService : Scheduled task for exercise 1162 and participant 164 at 2025-02-14T23:43:46.413860118Z[Etc/UTC].
    23:43:46.332 | 135 Pool-1-worker-50 | DEBUG | .c.s.m.InstanceMessageReceiveService : Received schedule participant score for exercise 1162 and participant 164 (result to be deleted: null)
    23:43:46.332 | 135 Pool-1-worker-50 | DEBUG | .a.s.ParticipantScoreScheduleService : Scheduled task for exercise 1162 and participant 164 at 2025-02-14T23:43:46.432712559Z[Etc/UTC].
    23:43:46.358 | 135 Pool-1-worker-50 | DEBUG | .c.s.m.InstanceMessageReceiveService : Received schedule participant score for exercise 1163 and participant 164 (result to be deleted: null)
    23:43:46.358 | 135 Pool-1-worker-50 | DEBUG | .a.s.ParticipantScoreScheduleService : Scheduled task for exercise 1163 and participant 164 at 2025-02-14T23:43:46.458638904Z[Etc/UTC].
    23:43:46.382 | 135 Pool-1-worker-50 | DEBUG | .c.s.m.InstanceMessageReceiveService : Received schedule participant score for exercise 1165 and participant 164 (result to be deleted: null)
    23:43:46.382 | 135 Pool-1-worker-50 | DEBUG | .a.s.ParticipantScoreScheduleService : Scheduled task for exercise 1165 and participant 164 at 2025-02-14T23:43:46.482331432Z[Etc/UTC].
    23:43:46.400 | 135 Pool-1-worker-50 | DEBUG | .c.s.m.InstanceMessageReceiveService : Received schedule participant score for exercise 1165 and participant 164 (result to be deleted: null)
    23:43:46.400 | 135 Pool-1-worker-50 | DEBUG | .a.s.ParticipantScoreScheduleService : Scheduled task for exercise 1165 and participant 164 at 2025-02-14T23:43:46.500364114Z[Etc/UTC].
    23:43:46.415 | 135 Pool-1-worker-50 | INFO  | i.z.t.d.l.EmbeddedDatabaseReporter   : JDBC URL to connect to 'dataSource': url='jdbc:h2:tcp://localhost:41063/mem:df70fc46-7e57-4cb5-9cd0-c1d90c14afa7;USER=sa', scope='FaqIntegrationTest#testAll_asStudent'
    23:43:46.417 | 135 Pool-1-worker-50 | DEBUG | d.t.c.a.a.c.s.f.ApiVersionFilter     : Adding Version to Request POST /api/courses/1025/faqs
    23:43:46.418 | 135 Pool-1-worker-50 | WARN  | o.z.p.spring.common.AdviceTraits     : Forbidden: Access Denied
    23:43:46.421 | 135 Pool-1-worker-50 | DEBUG | d.t.c.a.a.c.s.f.ApiVersionFilter     : Adding Version to Request PUT /api/courses/1025/faqs/17
    23:43:46.423 | 135 Pool-1-worker-50 | WARN  | o.z.p.spring.common.AdviceTraits     : Forbidden: Access Denied
    23:43:46.425 | 135 Pool-1-worker-50 | DEBUG | d.t.c.a.a.c.s.f.ApiVersionFilter     : Adding Version to Request DELETE /api/courses/1025/faqs/17
    23:43:46.426 | 135 Pool-1-worker-50 | WARN  | o.z.p.spring.common.AdviceTraits     : Forbidden: Access Denied

  Starting logs for FaqIntegrationTest > createFaq_courseId_noMatch_shouldReturnBadRequest()
    23:43:46.443 | 135 Pool-1-worker-50 | DEBUG | d.t.c.a.a.c.u.util.UserUtilService   : Generate 1 students...
    23:43:46.446 | 135 Pool-1-worker-50 | DEBUG | d.t.c.a.a.c.u.util.UserUtilService   : 1 students generated. Generate 2 tutors...
    23:43:46.450 | 135 Pool-1-worker-50 | DEBUG | d.t.c.a.a.c.u.util.UserUtilService   : 2 tutors generated. Generate 0 editors...
    23:43:46.452 | 135 Pool-1-worker-50 | DEBUG | d.t.c.a.a.c.u.util.UserUtilService   : 0 editors generated. Generate 1 instructors...
    23:43:46.455 | 135 Pool-1-worker-50 | DEBUG | d.t.c.a.a.c.u.util.UserUtilService   : 1 instructors generated
    23:43:46.456 | 135 Pool-1-worker-50 | DEBUG | d.t.c.a.a.c.u.util.UserUtilService   : Removing 4 users from all courses...
    23:43:46.457 | 135 Pool-1-worker-50 | DEBUG | d.t.c.a.a.c.u.util.UserUtilService   : Removing 4 users from all courses. Done
    23:43:46.457 | 135 Pool-1-worker-50 | DEBUG | d.t.c.a.a.c.u.util.UserUtilService   : Save 4 users to database...
    23:43:46.461 | 135 Pool-1-worker-50 | DEBUG | d.t.c.a.a.c.u.util.UserUtilService   : Save 4 users to database. Done
    23:43:46.503 | 135 Pool-1-worker-50 | DEBUG | .c.s.m.InstanceMessageReceiveService : Received schedule participant score for exercise 1167 and participant 164 (result to be deleted: null)
    23:43:46.503 | 135 Pool-1-worker-50 | DEBUG | .a.s.ParticipantScoreScheduleService : Scheduled task for exercise 1167 and participant 164 at 2025-02-14T23:43:46.603092448Z[Etc/UTC].
    23:43:46.503 | 135 Pool-1-worker-50 | DEBUG | .c.s.m.InstanceMessageReceiveService : Received schedule participant score for exercise 1167 and participant 164 (result to be deleted: null)
    23:43:46.503 | 135 Pool-1-worker-50 | DEBUG | .a.s.ParticipantScoreScheduleService : Scheduled task for exercise 1167 and participant 164 at 2025-02-14T23:43:46.603848017Z[Etc/UTC].
    23:43:46.504 | 135 Pool-1-worker-50 | DEBUG | .c.s.m.InstanceMessageReceiveService : Received schedule participant score for exercise 1168 and participant 164 (result to be deleted: null)
    23:43:46.504 | 135 Pool-1-worker-50 | DEBUG | .a.s.ParticipantScoreScheduleService : Scheduled task for exercise 1168 and participant 164 at 2025-02-14T23:43:46.604469225Z[Etc/UTC].
    23:43:46.505 | 135 Pool-1-worker-50 | DEBUG | .c.s.m.InstanceMessageReceiveService : Received schedule participant score for exercise 1170 and participant 164 (result to be deleted: null)
    23:43:46.505 | 135 Pool-1-worker-50 | DEBUG | .a.s.ParticipantScoreScheduleService : Scheduled task for exercise 1170 and participant 164 at 2025-02-14T23:43:46.605053835Z[Etc/UTC].
    23:43:46.505 | 135 Pool-1-worker-50 | DEBUG | .c.s.m.InstanceMessageReceiveService : Received schedule participant score for exercise 1170 and participant 164 (result to be deleted: null)
    23:43:46.505 | 135 Pool-1-worker-50 | DEBUG | .a.s.ParticipantScoreScheduleService : Scheduled task for exercise 1170 and participant 164 at 2025-02-14T23:43:46.605769440Z[Etc/UTC].
    23:43:46.513 | 135 Pool-1-worker-50 | DEBUG | .c.s.m.InstanceMessageReceiveService : Received schedule participant score for exercise 1167 and participant 164 (result to be deleted: null)
    23:43:46.513 | 135 Pool-1-worker-50 | DEBUG | .a.s.ParticipantScoreScheduleService : Scheduled task for exercise 1167 and participant 164 at 2025-02-14T23:43:46.613597219Z[Etc/UTC].
    23:43:46.521 | 135 Pool-1-worker-50 | DEBUG | .c.s.m.InstanceMessageReceiveService : Received schedule participant score for exercise 1167 and participant 164 (result to be deleted: null)
    23:43:46.521 | 135 Pool-1-worker-50 | DEBUG | .a.s.ParticipantScoreScheduleService : Scheduled task for exercise 1167 and participant 164 at 2025-02-14T23:43:46.621145627Z[Etc/UTC].
    23:43:46.528 | 135 Pool-1-worker-50 | DEBUG | .c.s.m.InstanceMessageReceiveService : Received schedule participant score for exercise 1168 and participant 164 (result to be deleted: null)
    23:43:46.528 | 135 Pool-1-worker-50 | DEBUG | .a.s.ParticipantScoreScheduleService : Scheduled task for exercise 1168 and participant 164 at 2025-02-14T23:43:46.628745352Z[Etc/UTC].
    23:43:46.536 | 135 Pool-1-worker-50 | DEBUG | .c.s.m.InstanceMessageReceiveService : Received schedule participant score for exercise 1170 and participant 164 (result to be deleted: null)
    23:43:46.536 | 135 Pool-1-worker-50 | DEBUG | .a.s.ParticipantScoreScheduleService : Scheduled task for exercise 1170 and participant 164 at 2025-02-14T23:43:46.636946968Z[Etc/UTC].
    23:43:46.544 | 135 Pool-1-worker-50 | DEBUG | .c.s.m.InstanceMessageReceiveService : Received schedule participant score for exercise 1170 and participant 164 (result to be deleted: null)
    23:43:46.544 | 135 Pool-1-worker-50 | DEBUG | .a.s.ParticipantScoreScheduleService : Scheduled task for exercise 1170 and participant 164 at 2025-02-14T23:43:46.644780979Z[Etc/UTC].
    23:43:46.556 | 135 Pool-1-worker-50 | INFO  | i.z.t.d.l.EmbeddedDatabaseReporter   : JDBC URL to connect to 'dataSource': url='jdbc:h2:tcp://localhost:41063/mem:df70fc46-7e57-4cb5-9cd0-c1d90c14afa7;USER=sa', scope='FaqIntegrationTest#createFaq_courseId_noMatch_shouldReturnBadRequest'
    23:43:46.557 | 135 Pool-1-worker-50 | DEBUG | d.t.c.a.a.c.s.f.ApiVersionFilter     : Adding Version to Request POST /api/courses/1028/faqs
    23:43:46.560 | 135 Pool-1-worker-50 | DEBUG | d.t.c.a.a.c.web.FaqResource          : REST request to save Faq : Faq{id=null, questionTitle='title', questionAnswer='answer', faqState='ACCEPTED}
    23:43:46.562 | 135 Pool-1-worker-50 | ERROR | tech.jhipster.web.util.HeaderUtil    : Entity processing failed, Course ID in path and FAQ do not match
    23:43:46.562 | 135 Pool-1-worker-50 | WARN  | o.z.p.spring.common.AdviceTraits     : Bad Request: Course ID in path and FAQ do not match

  Starting logs for FaqIntegrationTest > updateFaq_IdsDoNotMatch_shouldNotUpdateFaq()
    23:43:46.576 | 135 Pool-1-worker-50 | DEBUG | d.t.c.a.a.c.u.util.UserUtilService   : Generate 1 students...
    23:43:46.579 | 135 Pool-1-worker-50 | DEBUG | d.t.c.a.a.c.u.util.UserUtilService   : 1 students generated. Generate 2 tutors...
    23:43:46.582 | 135 Pool-1-worker-50 | DEBUG | d.t.c.a.a.c.u.util.UserUtilService   : 2 tutors generated. Generate 0 editors...
    23:43:46.584 | 135 Pool-1-worker-50 | DEBUG | d.t.c.a.a.c.u.util.UserUtilService   : 0 editors generated. Generate 1 instructors...
    23:43:46.586 | 135 Pool-1-worker-50 | DEBUG | d.t.c.a.a.c.u.util.UserUtilService   : 1 instructors generated
    23:43:46.588 | 135 Pool-1-worker-50 | DEBUG | d.t.c.a.a.c.u.util.UserUtilService   : Removing 4 users from all courses...
    23:43:46.589 | 135 Pool-1-worker-50 | DEBUG | d.t.c.a.a.c.u.util.UserUtilService   : Removing 4 users from all courses. Done
    23:43:46.589 | 135 Pool-1-worker-50 | DEBUG | d.t.c.a.a.c.u.util.UserUtilService   : Save 4 users to database...
    23:43:46.592 | 135 Pool-1-worker-50 | DEBUG | d.t.c.a.a.c.u.util.UserUtilService   : Save 4 users to database. Done
    23:43:46.628 | 135 Pool-1-worker-50 | DEBUG | .c.s.m.InstanceMessageReceiveService : Received schedule participant score for exercise 1172 and participant 164 (result to be deleted: null)
    23:43:46.629 | 135 Pool-1-worker-50 | DEBUG | .a.s.ParticipantScoreScheduleService : Scheduled task for exercise 1172 and participant 164 at 2025-02-14T23:43:46.728986828Z[Etc/UTC].
    23:43:46.629 | 135 Pool-1-worker-50 | DEBUG | .c.s.m.InstanceMessageReceiveService : Received schedule participant score for exercise 1172 and participant 164 (result to be deleted: null)
    23:43:46.629 | 135 Pool-1-worker-50 | DEBUG | .a.s.ParticipantScoreScheduleService : Scheduled task for exercise 1172 and participant 164 at 2025-02-14T23:43:46.729563754Z[Etc/UTC].
    23:43:46.630 | 135 Pool-1-worker-50 | DEBUG | .c.s.m.InstanceMessageReceiveService : Received schedule participant score for exercise 1173 and participant 164 (result to be deleted: null)
    23:43:46.630 | 135 Pool-1-worker-50 | DEBUG | .a.s.ParticipantScoreScheduleService : Scheduled task for exercise 1173 and participant 164 at 2025-02-14T23:43:46.730093241Z[Etc/UTC].
    23:43:46.630 | 135 Pool-1-worker-50 | DEBUG | .c.s.m.InstanceMessageReceiveService : Received schedule participant score for exercise 1175 and participant 164 (result to be deleted: null)
    23:43:46.630 | 135 Pool-1-worker-50 | DEBUG | .a.s.ParticipantScoreScheduleService : Scheduled task for exercise 1175 and participant 164 at 2025-02-14T23:43:46.730643738Z[Etc/UTC].
    23:43:46.631 | 135 Pool-1-worker-50 | DEBUG | .c.s.m.InstanceMessageReceiveService : Received schedule participant score for exercise 1175 and participant 164 (result to be deleted: null)
    23:43:46.631 | 135 Pool-1-worker-50 | DEBUG | .a.s.ParticipantScoreScheduleService : Scheduled task for exercise 1175 and participant 164 at 2025-02-14T23:43:46.731185338Z[Etc/UTC].
    23:43:46.637 | 135 Pool-1-worker-50 | DEBUG | .c.s.m.InstanceMessageReceiveService : Received schedule participant score for exercise 1172 and participant 164 (result to be deleted: null)
    23:43:46.637 | 135 Pool-1-worker-50 | DEBUG | .a.s.ParticipantScoreScheduleService : Scheduled task for exercise 1172 and participant 164 at 2025-02-14T23:43:46.737848636Z[Etc/UTC].
    23:43:46.644 | 135 Pool-1-worker-50 | DEBUG | .c.s.m.InstanceMessageReceiveService : Received schedule participant score for exercise 1172 and participant 164 (result to be deleted: null)
    23:43:46.644 | 135 Pool-1-worker-50 | DEBUG | .a.s.ParticipantScoreScheduleService : Scheduled task for exercise 1172 and participant 164 at 2025-02-14T23:43:46.744869851Z[Etc/UTC].
    23:43:46.652 | 135 Pool-1-worker-50 | DEBUG | .c.s.m.InstanceMessageReceiveService : Received schedule participant score for exercise 1173 and participant 164 (result to be deleted: null)
    23:43:46.652 | 135 Pool-1-worker-50 | DEBUG | .a.s.ParticipantScoreScheduleService : Scheduled task for exercise 1173 and participant 164 at 2025-02-14T23:43:46.752506844Z[Etc/UTC].
    23:43:46.660 | 135 Pool-1-worker-50 | DEBUG | .c.s.m.InstanceMessageReceiveService : Received schedule participant score for exercise 1175 and participant 164 (result to be deleted: null)
    23:43:46.660 | 135 Pool-1-worker-50 | DEBUG | .a.s.ParticipantScoreScheduleService : Scheduled task for exercise 1175 and participant 164 at 2025-02-14T23:43:46.760154638Z[Etc/UTC].
    23:43:46.667 | 135 Pool-1-worker-50 | DEBUG | .c.s.m.InstanceMessageReceiveService : Received schedule participant score for exercise 1175 and participant 164 (result to be deleted: null)
    23:43:46.667 | 135 Pool-1-worker-50 | DEBUG | .a.s.ParticipantScoreScheduleService : Scheduled task for exercise 1175 and participant 164 at 2025-02-14T23:43:46.767663993Z[Etc/UTC].
    23:43:46.677 | 135 Pool-1-worker-50 | INFO  | i.z.t.d.l.EmbeddedDatabaseReporter   : JDBC URL to connect to 'dataSource': url='jdbc:h2:tcp://localhost:41063/mem:df70fc46-7e57-4cb5-9cd0-c1d90c14afa7;USER=sa', scope='FaqIntegrationTest#updateFaq_IdsDoNotMatch_shouldNotUpdateFaq'
    23:43:46.680 | 135 Pool-1-worker-50 | DEBUG | d.t.c.a.a.c.s.f.ApiVersionFilter     : Adding Version to Request PUT /api/courses/1029/faqs/19
    23:43:46.682 | 135 Pool-1-worker-50 | DEBUG | d.t.c.a.a.c.web.FaqResource          : REST request to update Faq : Faq{id=20, questionTitle='Updated', questionAnswer='title', faqState='PROPOSED}
    23:43:46.682 | 135 Pool-1-worker-50 | ERROR | tech.jhipster.web.util.HeaderUtil    : Entity processing failed, Id of FAQ and path must match
    23:43:46.682 | 135 Pool-1-worker-50 | WARN  | o.z.p.spring.common.AdviceTraits     : Bad Request: Id of FAQ and path must match

Finished logs for FaqIntegrationTest
]]></system-out>
  <system-err><![CDATA[]]></system-err>
</testsuite>
