<?xml version="1.0" encoding="UTF-8"?>
<testsuite name="de.tum.cit.aet.artemis.communication.OneToOneChatIntegrationTest" tests="14" skipped="0" failures="0" errors="0" timestamp="2025-02-14T23:43:56" hostname="fv-az1721-502" time="2.16">
  <properties/>
  <testcase name="[1] courseInformationSharingConfiguration=DISABLED" classname="de.tum.cit.aet.artemis.communication.OneToOneChatIntegrationTest" time="1.317"/>
  <testcase name="[2] courseInformationSharingConfiguration=COMMUNICATION_ONLY" classname="de.tum.cit.aet.artemis.communication.OneToOneChatIntegrationTest" time="0.068"/>
  <testcase name="shouldReturnExistingChatWhenRequestedWithUserIdAndChatExists()" classname="de.tum.cit.aet.artemis.communication.OneToOneChatIntegrationTest" time="0.088"/>
  <testcase name="[1] courseInformationSharingConfiguration=DISABLED" classname="de.tum.cit.aet.artemis.communication.OneToOneChatIntegrationTest" time="0.076"/>
  <testcase name="[2] courseInformationSharingConfiguration=COMMUNICATION_ONLY" classname="de.tum.cit.aet.artemis.communication.OneToOneChatIntegrationTest" time="0.044"/>
  <testcase name="shouldReturnBadRequestWhenStudentIsNotAllowedInCourse()" classname="de.tum.cit.aet.artemis.communication.OneToOneChatIntegrationTest" time="0.042"/>
  <testcase name="shouldReturnBadRequestWhenSupplyingInsufficientAmountOfLogins()" classname="de.tum.cit.aet.artemis.communication.OneToOneChatIntegrationTest" time="0.048"/>
  <testcase name="shouldUseExistingOneToOneChatWhenChatAlreadyExists()" classname="de.tum.cit.aet.artemis.communication.OneToOneChatIntegrationTest" time="0.074"/>
  <testcase name="shouldReturnNotFoundWhenUnknownUserIdIsPassed()" classname="de.tum.cit.aet.artemis.communication.OneToOneChatIntegrationTest" time="0.044"/>
  <testcase name="shouldReturnExistingChatWhenChatAlreadyExists()" classname="de.tum.cit.aet.artemis.communication.OneToOneChatIntegrationTest" time="0.063"/>
  <testcase name="shouldNotifyChatPartnerAboutNewConversationWhenChatIsStarted()" classname="de.tum.cit.aet.artemis.communication.OneToOneChatIntegrationTest" time="0.102"/>
  <testcase name="shouldReturnForbiddenWhenStudentIsNotInCourse()" classname="de.tum.cit.aet.artemis.communication.OneToOneChatIntegrationTest" time="0.046"/>
  <testcase name="shouldCreateMultipleOneToOneChatsWhenDifferentLoginsAreProvided()" classname="de.tum.cit.aet.artemis.communication.OneToOneChatIntegrationTest" time="0.073"/>
  <testcase name="shouldCreateOneToOneChatWhenRequestedWithUserId()" classname="de.tum.cit.aet.artemis.communication.OneToOneChatIntegrationTest" time="0.048"/>
  <system-out><![CDATA[
Starting logs for OneToOneChatIntegrationTest

  Starting logs for OneToOneChatIntegrationTest > [1] courseInformationSharingConfiguration=DISABLED
    23:43:57.013 | 138 Pool-1-worker-53 | DEBUG | d.t.c.a.a.c.u.util.UserUtilService   : Generate 3 students...
    23:43:57.019 | 138 Pool-1-worker-53 | DEBUG | d.t.c.a.a.c.u.util.UserUtilService   : 3 students generated. Generate 0 tutors...
    23:43:57.021 | 138 Pool-1-worker-53 | DEBUG | d.t.c.a.a.c.u.util.UserUtilService   : 0 tutors generated. Generate 0 editors...
    23:43:57.023 | 138 Pool-1-worker-53 | DEBUG | d.t.c.a.a.c.u.util.UserUtilService   : 0 editors generated. Generate 0 instructors...
    23:43:57.029 | 138 Pool-1-worker-53 | DEBUG | d.t.c.a.a.c.u.util.UserUtilService   : 0 instructors generated
    23:43:57.031 | 138 Pool-1-worker-53 | DEBUG | d.t.c.a.a.c.u.util.UserUtilService   : Removing 13 users from all courses...
    23:43:57.033 | 138 Pool-1-worker-53 | DEBUG | d.t.c.a.a.c.u.util.UserUtilService   : Removing 13 users from all courses. Done
    23:43:57.033 | 138 Pool-1-worker-53 | DEBUG | d.t.c.a.a.c.u.util.UserUtilService   : Save 3 users to database...
    23:43:57.041 | 138 Pool-1-worker-53 | DEBUG | d.t.c.a.a.c.u.util.UserUtilService   : Save 3 users to database. Done
    23:43:57.042 | 138 Pool-1-worker-53 | INFO  | i.z.t.d.l.EmbeddedDatabaseReporter   : JDBC URL to connect to 'dataSource': url='jdbc:h2:tcp://localhost:41063/mem:df70fc46-7e57-4cb5-9cd0-c1d90c14afa7;USER=sa', scope='OneToOneChatIntegrationTest#shouldReturnForbiddenWhenMessagingIsDisabled'
    23:43:57.045 | 138 Pool-1-worker-53 | DEBUG | d.t.c.a.a.c.s.f.ApiVersionFilter     : Adding Version to Request POST /api/courses/1101/one-to-one-chats
    23:43:57.047 | 138 Pool-1-worker-53 | DEBUG | d.t.c.a.a.c.w.c.OneToOneChatResource : REST request to create one to one chat in course 1101 between : ooteststudent1 and : [ooteststudent2]
    23:43:57.049 | 138 Pool-1-worker-53 | WARN  | o.z.p.spring.common.AdviceTraits     : Forbidden: 403 FORBIDDEN "Messaging is not enabled for this course"

  Starting logs for OneToOneChatIntegrationTest > [2] courseInformationSharingConfiguration=COMMUNICATION_ONLY
    23:43:58.332 | 138 Pool-1-worker-53 | DEBUG | d.t.c.a.a.c.u.util.UserUtilService   : Generate 3 students...
    23:43:58.343 | 138 Pool-1-worker-53 | DEBUG | d.t.c.a.a.c.u.util.UserUtilService   : 3 students generated. Generate 0 tutors...
    23:43:58.344 | 138 Pool-1-worker-53 | DEBUG | d.t.c.a.a.c.u.util.UserUtilService   : 0 tutors generated. Generate 0 editors...
    23:43:58.347 | 138 Pool-1-worker-53 | DEBUG | d.t.c.a.a.c.u.util.UserUtilService   : 0 editors generated. Generate 0 instructors...
    23:43:58.349 | 138 Pool-1-worker-53 | DEBUG | d.t.c.a.a.c.u.util.UserUtilService   : 0 instructors generated
    23:43:58.350 | 138 Pool-1-worker-53 | DEBUG | d.t.c.a.a.c.u.util.UserUtilService   : Removing 3 users from all courses...
    23:43:58.351 | 138 Pool-1-worker-53 | DEBUG | d.t.c.a.a.c.u.util.UserUtilService   : Removing 3 users from all courses. Done
    23:43:58.351 | 138 Pool-1-worker-53 | DEBUG | d.t.c.a.a.c.u.util.UserUtilService   : Save 3 users to database...
    23:43:58.357 | 138 Pool-1-worker-53 | DEBUG | d.t.c.a.a.c.u.util.UserUtilService   : Save 3 users to database. Done
    23:43:58.358 | 138 Pool-1-worker-53 | INFO  | i.z.t.d.l.EmbeddedDatabaseReporter   : JDBC URL to connect to 'dataSource': url='jdbc:h2:tcp://localhost:41063/mem:df70fc46-7e57-4cb5-9cd0-c1d90c14afa7;USER=sa', scope='OneToOneChatIntegrationTest#shouldReturnForbiddenWhenMessagingIsDisabled'
    23:43:58.360 | 138 Pool-1-worker-53 | DEBUG | d.t.c.a.a.c.s.f.ApiVersionFilter     : Adding Version to Request POST /api/courses/1102/one-to-one-chats
    23:43:58.362 | 138 Pool-1-worker-53 | DEBUG | d.t.c.a.a.c.w.c.OneToOneChatResource : REST request to create one to one chat in course 1102 between : ooteststudent1 and : [ooteststudent2]
    23:43:58.363 | 138 Pool-1-worker-53 | WARN  | o.z.p.spring.common.AdviceTraits     : Forbidden: 403 FORBIDDEN "Messaging is not enabled for this course"

  Starting logs for OneToOneChatIntegrationTest > shouldReturnExistingChatWhenRequestedWithUserIdAndChatExists()
    23:43:58.387 | 138 Pool-1-worker-53 | DEBUG | d.t.c.a.a.c.u.util.UserUtilService   : Generate 3 students...
    23:43:58.391 | 138 Pool-1-worker-53 | DEBUG | d.t.c.a.a.c.u.util.UserUtilService   : 3 students generated. Generate 0 tutors...
    23:43:58.413 | 138 Pool-1-worker-53 | DEBUG | d.t.c.a.a.c.u.util.UserUtilService   : 0 tutors generated. Generate 0 editors...
    23:43:58.414 | 138 Pool-1-worker-53 | DEBUG | d.t.c.a.a.c.u.util.UserUtilService   : 0 editors generated. Generate 0 instructors...
    23:43:58.416 | 138 Pool-1-worker-53 | DEBUG | d.t.c.a.a.c.u.util.UserUtilService   : 0 instructors generated
    23:43:58.417 | 138 Pool-1-worker-53 | DEBUG | d.t.c.a.a.c.u.util.UserUtilService   : Removing 3 users from all courses...
    23:43:58.421 | 138 Pool-1-worker-53 | DEBUG | d.t.c.a.a.c.u.util.UserUtilService   : Removing 3 users from all courses. Done
    23:43:58.421 | 138 Pool-1-worker-53 | DEBUG | d.t.c.a.a.c.u.util.UserUtilService   : Save 3 users to database...
    23:43:58.424 | 138 Pool-1-worker-53 | DEBUG | d.t.c.a.a.c.u.util.UserUtilService   : Save 3 users to database. Done
    23:43:58.425 | 138 Pool-1-worker-53 | INFO  | i.z.t.d.l.EmbeddedDatabaseReporter   : JDBC URL to connect to 'dataSource': url='jdbc:h2:tcp://localhost:41063/mem:df70fc46-7e57-4cb5-9cd0-c1d90c14afa7;USER=sa', scope='OneToOneChatIntegrationTest#shouldReturnExistingChatWhenRequestedWithUserIdAndChatExists'
    23:43:58.426 | 138 Pool-1-worker-53 | DEBUG | d.t.c.a.a.c.s.f.ApiVersionFilter     : Adding Version to Request POST /api/courses/1103/one-to-one-chats/201
    23:43:58.429 | 138 Pool-1-worker-53 | DEBUG | d.t.c.a.a.c.w.c.OneToOneChatResource : REST request to create one to one chat by id in course 1103 between : ooteststudent1 and : ooteststudent2
    23:43:58.442 | 138 Pool-1-worker-53 | DEBUG | d.t.c.a.a.c.s.f.ApiVersionFilter     : Adding Version to Request POST /api/courses/1103/one-to-one-chats/201
    23:43:58.443 | 138 Pool-1-worker-53 | DEBUG | d.t.c.a.a.c.w.c.OneToOneChatResource : REST request to create one to one chat by id in course 1103 between : ooteststudent1 and : ooteststudent2

  Starting logs for OneToOneChatIntegrationTest > [1] courseInformationSharingConfiguration=DISABLED
    23:43:58.476 | 138 Pool-1-worker-53 | DEBUG | d.t.c.a.a.c.u.util.UserUtilService   : Generate 3 students...
    23:43:58.484 | 138 Pool-1-worker-53 | DEBUG | d.t.c.a.a.c.u.util.UserUtilService   : 3 students generated. Generate 0 tutors...
    23:43:58.488 | 138 Pool-1-worker-53 | DEBUG | d.t.c.a.a.c.u.util.UserUtilService   : 0 tutors generated. Generate 0 editors...
    23:43:58.489 | 138 Pool-1-worker-53 | DEBUG | d.t.c.a.a.c.u.util.UserUtilService   : 0 editors generated. Generate 0 instructors...
    23:43:58.494 | 138 Pool-1-worker-53 | DEBUG | d.t.c.a.a.c.u.util.UserUtilService   : 0 instructors generated
    23:43:58.495 | 138 Pool-1-worker-53 | DEBUG | d.t.c.a.a.c.u.util.UserUtilService   : Removing 3 users from all courses...
    23:43:58.499 | 138 Pool-1-worker-53 | DEBUG | d.t.c.a.a.c.u.util.UserUtilService   : Removing 3 users from all courses. Done
    23:43:58.499 | 138 Pool-1-worker-53 | DEBUG | d.t.c.a.a.c.u.util.UserUtilService   : Save 3 users to database...
    23:43:58.505 | 138 Pool-1-worker-53 | DEBUG | d.t.c.a.a.c.u.util.UserUtilService   : Save 3 users to database. Done
    23:43:58.507 | 138 Pool-1-worker-53 | INFO  | i.z.t.d.l.EmbeddedDatabaseReporter   : JDBC URL to connect to 'dataSource': url='jdbc:h2:tcp://localhost:41063/mem:df70fc46-7e57-4cb5-9cd0-c1d90c14afa7;USER=sa', scope='OneToOneChatIntegrationTest#shouldReturnForbiddenWhenMessagingIsDisabledAndUserIdIsSupplied'
    23:43:58.513 | 138 Pool-1-worker-53 | DEBUG | d.t.c.a.a.c.s.f.ApiVersionFilter     : Adding Version to Request POST /api/courses/1104/one-to-one-chats/201
    23:43:58.516 | 138 Pool-1-worker-53 | DEBUG | d.t.c.a.a.c.w.c.OneToOneChatResource : REST request to create one to one chat by id in course 1104 between : ooteststudent1 and : ooteststudent2
    23:43:58.520 | 138 Pool-1-worker-53 | WARN  | o.z.p.spring.common.AdviceTraits     : Forbidden: 403 FORBIDDEN "Messaging is not enabled for this course"

  Starting logs for OneToOneChatIntegrationTest > [2] courseInformationSharingConfiguration=COMMUNICATION_ONLY
    23:43:58.560 | 138 Pool-1-worker-53 | DEBUG | d.t.c.a.a.c.u.util.UserUtilService   : Generate 3 students...
    23:43:58.565 | 138 Pool-1-worker-53 | DEBUG | d.t.c.a.a.c.u.util.UserUtilService   : 3 students generated. Generate 0 tutors...
    23:43:58.567 | 138 Pool-1-worker-53 | DEBUG | d.t.c.a.a.c.u.util.UserUtilService   : 0 tutors generated. Generate 0 editors...
    23:43:58.568 | 138 Pool-1-worker-53 | DEBUG | d.t.c.a.a.c.u.util.UserUtilService   : 0 editors generated. Generate 0 instructors...
    23:43:58.569 | 138 Pool-1-worker-53 | DEBUG | d.t.c.a.a.c.u.util.UserUtilService   : 0 instructors generated
    23:43:58.571 | 138 Pool-1-worker-53 | DEBUG | d.t.c.a.a.c.u.util.UserUtilService   : Removing 3 users from all courses...
    23:43:58.571 | 138 Pool-1-worker-53 | DEBUG | d.t.c.a.a.c.u.util.UserUtilService   : Removing 3 users from all courses. Done
    23:43:58.571 | 138 Pool-1-worker-53 | DEBUG | d.t.c.a.a.c.u.util.UserUtilService   : Save 3 users to database...
    23:43:58.574 | 138 Pool-1-worker-53 | DEBUG | d.t.c.a.a.c.u.util.UserUtilService   : Save 3 users to database. Done
    23:43:58.575 | 138 Pool-1-worker-53 | INFO  | i.z.t.d.l.EmbeddedDatabaseReporter   : JDBC URL to connect to 'dataSource': url='jdbc:h2:tcp://localhost:41063/mem:df70fc46-7e57-4cb5-9cd0-c1d90c14afa7;USER=sa', scope='OneToOneChatIntegrationTest#shouldReturnForbiddenWhenMessagingIsDisabledAndUserIdIsSupplied'
    23:43:58.577 | 138 Pool-1-worker-53 | DEBUG | d.t.c.a.a.c.s.f.ApiVersionFilter     : Adding Version to Request POST /api/courses/1105/one-to-one-chats/201
    23:43:58.579 | 138 Pool-1-worker-53 | DEBUG | d.t.c.a.a.c.w.c.OneToOneChatResource : REST request to create one to one chat by id in course 1105 between : ooteststudent1 and : ooteststudent2
    23:43:58.580 | 138 Pool-1-worker-53 | WARN  | o.z.p.spring.common.AdviceTraits     : Forbidden: 403 FORBIDDEN "Messaging is not enabled for this course"

  Starting logs for OneToOneChatIntegrationTest > shouldReturnBadRequestWhenStudentIsNotAllowedInCourse()
    23:43:58.601 | 138 Pool-1-worker-53 | DEBUG | d.t.c.a.a.c.u.util.UserUtilService   : Generate 3 students...
    23:43:58.606 | 138 Pool-1-worker-53 | DEBUG | d.t.c.a.a.c.u.util.UserUtilService   : 3 students generated. Generate 0 tutors...
    23:43:58.607 | 138 Pool-1-worker-53 | DEBUG | d.t.c.a.a.c.u.util.UserUtilService   : 0 tutors generated. Generate 0 editors...
    23:43:58.609 | 138 Pool-1-worker-53 | DEBUG | d.t.c.a.a.c.u.util.UserUtilService   : 0 editors generated. Generate 0 instructors...
    23:43:58.610 | 138 Pool-1-worker-53 | DEBUG | d.t.c.a.a.c.u.util.UserUtilService   : 0 instructors generated
    23:43:58.611 | 138 Pool-1-worker-53 | DEBUG | d.t.c.a.a.c.u.util.UserUtilService   : Removing 3 users from all courses...
    23:43:58.612 | 138 Pool-1-worker-53 | DEBUG | d.t.c.a.a.c.u.util.UserUtilService   : Removing 3 users from all courses. Done
    23:43:58.612 | 138 Pool-1-worker-53 | DEBUG | d.t.c.a.a.c.u.util.UserUtilService   : Save 3 users to database...
    23:43:58.619 | 138 Pool-1-worker-53 | DEBUG | d.t.c.a.a.c.u.util.UserUtilService   : Save 3 users to database. Done
    23:43:58.619 | 138 Pool-1-worker-53 | INFO  | i.z.t.d.l.EmbeddedDatabaseReporter   : JDBC URL to connect to 'dataSource': url='jdbc:h2:tcp://localhost:41063/mem:df70fc46-7e57-4cb5-9cd0-c1d90c14afa7;USER=sa', scope='OneToOneChatIntegrationTest#shouldReturnBadRequestWhenStudentIsNotAllowedInCourse'
    23:43:58.621 | 138 Pool-1-worker-53 | DEBUG | d.t.c.a.a.c.s.f.ApiVersionFilter     : Adding Version to Request POST /api/courses/1106/one-to-one-chats
    23:43:58.622 | 138 Pool-1-worker-53 | DEBUG | d.t.c.a.a.c.w.c.OneToOneChatResource : REST request to create one to one chat in course 1106 between : ooteststudent42 and : [ooteststudent2]
    23:43:58.624 | 138 Pool-1-worker-53 | WARN  | o.z.p.spring.common.AdviceTraits     : Forbidden: You are not allowed to access the Course with id 1106

  Starting logs for OneToOneChatIntegrationTest > shouldReturnBadRequestWhenSupplyingInsufficientAmountOfLogins()
    23:43:58.644 | 138 Pool-1-worker-53 | DEBUG | d.t.c.a.a.c.u.util.UserUtilService   : Generate 3 students...
    23:43:58.649 | 138 Pool-1-worker-53 | DEBUG | d.t.c.a.a.c.u.util.UserUtilService   : 3 students generated. Generate 0 tutors...
    23:43:58.650 | 138 Pool-1-worker-53 | DEBUG | d.t.c.a.a.c.u.util.UserUtilService   : 0 tutors generated. Generate 0 editors...
    23:43:58.652 | 138 Pool-1-worker-53 | DEBUG | d.t.c.a.a.c.u.util.UserUtilService   : 0 editors generated. Generate 0 instructors...
    23:43:58.653 | 138 Pool-1-worker-53 | DEBUG | d.t.c.a.a.c.u.util.UserUtilService   : 0 instructors generated
    23:43:58.654 | 138 Pool-1-worker-53 | DEBUG | d.t.c.a.a.c.u.util.UserUtilService   : Removing 3 users from all courses...
    23:43:58.655 | 138 Pool-1-worker-53 | DEBUG | d.t.c.a.a.c.u.util.UserUtilService   : Removing 3 users from all courses. Done
    23:43:58.655 | 138 Pool-1-worker-53 | DEBUG | d.t.c.a.a.c.u.util.UserUtilService   : Save 3 users to database...
    23:43:58.658 | 138 Pool-1-worker-53 | DEBUG | d.t.c.a.a.c.u.util.UserUtilService   : Save 3 users to database. Done
    23:43:58.659 | 138 Pool-1-worker-53 | INFO  | i.z.t.d.l.EmbeddedDatabaseReporter   : JDBC URL to connect to 'dataSource': url='jdbc:h2:tcp://localhost:41063/mem:df70fc46-7e57-4cb5-9cd0-c1d90c14afa7;USER=sa', scope='OneToOneChatIntegrationTest#shouldReturnBadRequestWhenSupplyingInsufficientAmountOfLogins'
    23:43:58.660 | 138 Pool-1-worker-53 | DEBUG | d.t.c.a.a.c.s.f.ApiVersionFilter     : Adding Version to Request POST /api/courses/1107/one-to-one-chats
    23:43:58.662 | 138 Pool-1-worker-53 | DEBUG | d.t.c.a.a.c.w.c.OneToOneChatResource : REST request to create one to one chat in course 1107 between : ooteststudent1 and : [ooteststudent2, ooteststudent3]
    23:43:58.667 | 138 Pool-1-worker-53 | ERROR | tech.jhipster.web.util.HeaderUtil    : Entity processing failed, A one-to-one chat can only be started with two users
    23:43:58.667 | 138 Pool-1-worker-53 | WARN  | o.z.p.spring.common.AdviceTraits     : Bad Request: A one-to-one chat can only be started with two users
    23:43:58.669 | 138 Pool-1-worker-53 | DEBUG | d.t.c.a.a.c.s.f.ApiVersionFilter     : Adding Version to Request POST /api/courses/1107/one-to-one-chats
    23:43:58.670 | 138 Pool-1-worker-53 | DEBUG | d.t.c.a.a.c.w.c.OneToOneChatResource : REST request to create one to one chat in course 1107 between : ooteststudent1 and : []
    23:43:58.672 | 138 Pool-1-worker-53 | ERROR | tech.jhipster.web.util.HeaderUtil    : Entity processing failed, A one-to-one chat can only be started with two users
    23:43:58.672 | 138 Pool-1-worker-53 | WARN  | o.z.p.spring.common.AdviceTraits     : Bad Request: A one-to-one chat can only be started with two users

  Starting logs for OneToOneChatIntegrationTest > shouldUseExistingOneToOneChatWhenChatAlreadyExists()
    23:43:58.696 | 138 Pool-1-worker-53 | DEBUG | d.t.c.a.a.c.u.util.UserUtilService   : Generate 3 students...
    23:43:58.702 | 138 Pool-1-worker-53 | DEBUG | d.t.c.a.a.c.u.util.UserUtilService   : 3 students generated. Generate 0 tutors...
    23:43:58.703 | 138 Pool-1-worker-53 | DEBUG | d.t.c.a.a.c.u.util.UserUtilService   : 0 tutors generated. Generate 0 editors...
    23:43:58.704 | 138 Pool-1-worker-53 | DEBUG | d.t.c.a.a.c.u.util.UserUtilService   : 0 editors generated. Generate 0 instructors...
    23:43:58.706 | 138 Pool-1-worker-53 | DEBUG | d.t.c.a.a.c.u.util.UserUtilService   : 0 instructors generated
    23:43:58.707 | 138 Pool-1-worker-53 | DEBUG | d.t.c.a.a.c.u.util.UserUtilService   : Removing 3 users from all courses...
    23:43:58.708 | 138 Pool-1-worker-53 | DEBUG | d.t.c.a.a.c.u.util.UserUtilService   : Removing 3 users from all courses. Done
    23:43:58.708 | 138 Pool-1-worker-53 | DEBUG | d.t.c.a.a.c.u.util.UserUtilService   : Save 3 users to database...
    23:43:58.711 | 138 Pool-1-worker-53 | DEBUG | d.t.c.a.a.c.u.util.UserUtilService   : Save 3 users to database. Done
    23:43:58.712 | 138 Pool-1-worker-53 | INFO  | i.z.t.d.l.EmbeddedDatabaseReporter   : JDBC URL to connect to 'dataSource': url='jdbc:h2:tcp://localhost:41063/mem:df70fc46-7e57-4cb5-9cd0-c1d90c14afa7;USER=sa', scope='OneToOneChatIntegrationTest#shouldUseExistingOneToOneChatWhenChatAlreadyExists'
    23:43:58.714 | 138 Pool-1-worker-53 | DEBUG | d.t.c.a.a.c.s.f.ApiVersionFilter     : Adding Version to Request POST /api/courses/1108/one-to-one-chats
    23:43:58.717 | 138 Pool-1-worker-53 | DEBUG | d.t.c.a.a.c.w.c.OneToOneChatResource : REST request to create one to one chat in course 1108 between : ooteststudent1 and : [ooteststudent2]
    23:43:58.731 | 138 Pool-1-worker-53 | DEBUG | d.t.c.a.a.c.s.f.ApiVersionFilter     : Adding Version to Request POST /api/courses/1108/one-to-one-chats
    23:43:58.733 | 138 Pool-1-worker-53 | DEBUG | d.t.c.a.a.c.w.c.OneToOneChatResource : REST request to create one to one chat in course 1108 between : ooteststudent2 and : [ooteststudent1]

  Starting logs for OneToOneChatIntegrationTest > shouldReturnNotFoundWhenUnknownUserIdIsPassed()
    23:43:58.768 | 138 Pool-1-worker-53 | DEBUG | d.t.c.a.a.c.u.util.UserUtilService   : Generate 3 students...
    23:43:58.773 | 138 Pool-1-worker-53 | DEBUG | d.t.c.a.a.c.u.util.UserUtilService   : 3 students generated. Generate 0 tutors...
    23:43:58.775 | 138 Pool-1-worker-53 | DEBUG | d.t.c.a.a.c.u.util.UserUtilService   : 0 tutors generated. Generate 0 editors...
    23:43:58.776 | 138 Pool-1-worker-53 | DEBUG | d.t.c.a.a.c.u.util.UserUtilService   : 0 editors generated. Generate 0 instructors...
    23:43:58.777 | 138 Pool-1-worker-53 | DEBUG | d.t.c.a.a.c.u.util.UserUtilService   : 0 instructors generated
    23:43:58.779 | 138 Pool-1-worker-53 | DEBUG | d.t.c.a.a.c.u.util.UserUtilService   : Removing 3 users from all courses...
    23:43:58.779 | 138 Pool-1-worker-53 | DEBUG | d.t.c.a.a.c.u.util.UserUtilService   : Removing 3 users from all courses. Done
    23:43:58.779 | 138 Pool-1-worker-53 | DEBUG | d.t.c.a.a.c.u.util.UserUtilService   : Save 3 users to database...
    23:43:58.782 | 138 Pool-1-worker-53 | DEBUG | d.t.c.a.a.c.u.util.UserUtilService   : Save 3 users to database. Done
    23:43:58.783 | 138 Pool-1-worker-53 | INFO  | i.z.t.d.l.EmbeddedDatabaseReporter   : JDBC URL to connect to 'dataSource': url='jdbc:h2:tcp://localhost:41063/mem:df70fc46-7e57-4cb5-9cd0-c1d90c14afa7;USER=sa', scope='OneToOneChatIntegrationTest#shouldReturnNotFoundWhenUnknownUserIdIsPassed'
    23:43:58.784 | 138 Pool-1-worker-53 | DEBUG | d.t.c.a.a.c.s.f.ApiVersionFilter     : Adding Version to Request POST /api/courses/1109/one-to-one-chats/99999
    23:43:58.786 | 138 Pool-1-worker-53 | WARN  | o.z.p.spring.common.AdviceTraits     : Not Found: User with identifier: "99999" does not exist

  Starting logs for OneToOneChatIntegrationTest > shouldReturnExistingChatWhenChatAlreadyExists()
    23:43:58.816 | 138 Pool-1-worker-53 | DEBUG | d.t.c.a.a.c.u.util.UserUtilService   : Generate 3 students...
    23:43:58.821 | 138 Pool-1-worker-53 | DEBUG | d.t.c.a.a.c.u.util.UserUtilService   : 3 students generated. Generate 0 tutors...
    23:43:58.822 | 138 Pool-1-worker-53 | DEBUG | d.t.c.a.a.c.u.util.UserUtilService   : 0 tutors generated. Generate 0 editors...
    23:43:58.824 | 138 Pool-1-worker-53 | DEBUG | d.t.c.a.a.c.u.util.UserUtilService   : 0 editors generated. Generate 0 instructors...
    23:43:58.825 | 138 Pool-1-worker-53 | DEBUG | d.t.c.a.a.c.u.util.UserUtilService   : 0 instructors generated
    23:43:58.826 | 138 Pool-1-worker-53 | DEBUG | d.t.c.a.a.c.u.util.UserUtilService   : Removing 3 users from all courses...
    23:43:58.827 | 138 Pool-1-worker-53 | DEBUG | d.t.c.a.a.c.u.util.UserUtilService   : Removing 3 users from all courses. Done
    23:43:58.827 | 138 Pool-1-worker-53 | DEBUG | d.t.c.a.a.c.u.util.UserUtilService   : Save 3 users to database...
    23:43:58.830 | 138 Pool-1-worker-53 | DEBUG | d.t.c.a.a.c.u.util.UserUtilService   : Save 3 users to database. Done
    23:43:58.830 | 138 Pool-1-worker-53 | INFO  | i.z.t.d.l.EmbeddedDatabaseReporter   : JDBC URL to connect to 'dataSource': url='jdbc:h2:tcp://localhost:41063/mem:df70fc46-7e57-4cb5-9cd0-c1d90c14afa7;USER=sa', scope='OneToOneChatIntegrationTest#shouldReturnExistingChatWhenChatAlreadyExists'
    23:43:58.832 | 138 Pool-1-worker-53 | DEBUG | d.t.c.a.a.c.s.f.ApiVersionFilter     : Adding Version to Request POST /api/courses/1110/one-to-one-chats
    23:43:58.834 | 138 Pool-1-worker-53 | DEBUG | d.t.c.a.a.c.w.c.OneToOneChatResource : REST request to create one to one chat in course 1110 between : ooteststudent1 and : [ooteststudent2]
    23:43:58.848 | 138 Pool-1-worker-53 | DEBUG | d.t.c.a.a.c.s.f.ApiVersionFilter     : Adding Version to Request POST /api/courses/1110/one-to-one-chats
    23:43:58.850 | 138 Pool-1-worker-53 | DEBUG | d.t.c.a.a.c.w.c.OneToOneChatResource : REST request to create one to one chat in course 1110 between : ooteststudent1 and : [ooteststudent2]

  Starting logs for OneToOneChatIntegrationTest > shouldNotifyChatPartnerAboutNewConversationWhenChatIsStarted()
    23:43:58.879 | 138 Pool-1-worker-53 | DEBUG | d.t.c.a.a.c.u.util.UserUtilService   : Generate 3 students...
    23:43:58.884 | 138 Pool-1-worker-53 | DEBUG | d.t.c.a.a.c.u.util.UserUtilService   : 3 students generated. Generate 0 tutors...
    23:43:58.886 | 138 Pool-1-worker-53 | DEBUG | d.t.c.a.a.c.u.util.UserUtilService   : 0 tutors generated. Generate 0 editors...
    23:43:58.887 | 138 Pool-1-worker-53 | DEBUG | d.t.c.a.a.c.u.util.UserUtilService   : 0 editors generated. Generate 0 instructors...
    23:43:58.888 | 138 Pool-1-worker-53 | DEBUG | d.t.c.a.a.c.u.util.UserUtilService   : 0 instructors generated
    23:43:58.890 | 138 Pool-1-worker-53 | DEBUG | d.t.c.a.a.c.u.util.UserUtilService   : Removing 3 users from all courses...
    23:43:58.890 | 138 Pool-1-worker-53 | DEBUG | d.t.c.a.a.c.u.util.UserUtilService   : Removing 3 users from all courses. Done
    23:43:58.890 | 138 Pool-1-worker-53 | DEBUG | d.t.c.a.a.c.u.util.UserUtilService   : Save 3 users to database...
    23:43:58.893 | 138 Pool-1-worker-53 | DEBUG | d.t.c.a.a.c.u.util.UserUtilService   : Save 3 users to database. Done
    23:43:58.894 | 138 Pool-1-worker-53 | INFO  | i.z.t.d.l.EmbeddedDatabaseReporter   : JDBC URL to connect to 'dataSource': url='jdbc:h2:tcp://localhost:41063/mem:df70fc46-7e57-4cb5-9cd0-c1d90c14afa7;USER=sa', scope='OneToOneChatIntegrationTest#shouldNotifyChatPartnerAboutNewConversationWhenChatIsStarted'
    23:43:58.895 | 138 Pool-1-worker-53 | DEBUG | d.t.c.a.a.c.s.f.ApiVersionFilter     : Adding Version to Request POST /api/courses/1111/one-to-one-chats
    23:43:58.897 | 138 Pool-1-worker-53 | DEBUG | d.t.c.a.a.c.w.c.OneToOneChatResource : REST request to create one to one chat in course 1111 between : ooteststudent1 and : [ooteststudent2]
    23:43:58.908 | 138 Pool-1-worker-53 | DEBUG | .a.c.r.ConversationMessageRepository : findPostIdsWithSpecification took 496µs
    23:43:58.910 | 138 Pool-1-worker-53 | DEBUG | .a.c.r.ConversationMessageRepository : findByPostIdsWithEagerRelationships took 1.18ms
    23:43:58.912 | 138 Pool-1-worker-53 | DEBUG | d.t.c.a.a.c.s.f.ApiVersionFilter     : Adding Version to Request POST /api/courses/1111/messages
    23:43:58.913 | 138 Pool-1-worker-53 | DEBUG | .a.a.c.w.ConversationMessageResource : POST createMessage invoked for course 1111 with post null
    23:43:58.914 | 138 Pool-1-worker-53 | DEBUG | a.a.c.s.ConversationMessagingService :       createMessage:conversationService.isMemberOrCreateForCourseWideElseThrow DONE
    23:43:58.914 | 138 Pool-1-worker-53 | DEBUG | a.a.c.s.ConversationMessagingService :       createMessage:additional authorization DONE
    23:43:58.915 | 138 Pool-1-worker-53 | DEBUG | a.a.c.s.ConversationMessagingService :       createMessage:parseUserMentions DONE
    23:43:58.916 | 138 Pool-1-worker-53 | DEBUG | a.a.c.s.ConversationMessagingService :       conversationMessageRepository.save DONE
    23:43:58.916 | 138 Pool-1-worker-53 | DEBUG | a.a.c.s.ConversationMessagingService :       conversationMessageRepository.save DONE
    23:43:58.916 | 138 Pool-1-worker-53 | DEBUG | .a.a.c.w.ConversationMessageResource : createMessage took 3.36ms
    23:43:58.920 | 138 Pool-1-worker-53 | DEBUG | .a.c.r.ConversationMessageRepository : findPostIdsWithSpecification took 392µs
    23:43:58.922 | 138 Pool-1-worker-53 | DEBUG | .a.c.r.ConversationMessageRepository : findByPostIdsWithEagerRelationships took 1.45ms
    23:43:58.924 | 621 artemis-task-1   | DEBUG | a.a.c.s.ConversationMessagingService :       getNotificationRecipients DONE
    23:43:58.935 | 621 artemis-task-1   | DEBUG | a.a.c.s.ConversationMessagingService :       broadcastForPost DONE
    23:43:58.938 | 621 artemis-task-1   | DEBUG | a.a.c.s.ConversationMessagingService :       conversationNotificationService.notifyAboutNewMessage DONE
    23:43:58.942 | 621 artemis-task-1   | DEBUG | a.a.c.s.ConversationMessagingService :       incrementUnreadMessagesCountOfParticipants DONE
    23:43:58.942 | 621 artemis-task-1   | DEBUG | a.a.c.s.ConversationMessagingService :       notifyAboutMessageCreation DONE

  Starting logs for OneToOneChatIntegrationTest > shouldReturnForbiddenWhenStudentIsNotInCourse()
    23:43:58.990 | 138 Pool-1-worker-53 | DEBUG | d.t.c.a.a.c.u.util.UserUtilService   : Generate 3 students...
    23:43:58.995 | 138 Pool-1-worker-53 | DEBUG | d.t.c.a.a.c.u.util.UserUtilService   : 3 students generated. Generate 0 tutors...
    23:43:58.996 | 138 Pool-1-worker-53 | DEBUG | d.t.c.a.a.c.u.util.UserUtilService   : 0 tutors generated. Generate 0 editors...
    23:43:58.998 | 138 Pool-1-worker-53 | DEBUG | d.t.c.a.a.c.u.util.UserUtilService   : 0 editors generated. Generate 0 instructors...
    23:43:58.999 | 138 Pool-1-worker-53 | DEBUG | d.t.c.a.a.c.u.util.UserUtilService   : 0 instructors generated
    23:43:59.000 | 138 Pool-1-worker-53 | DEBUG | d.t.c.a.a.c.u.util.UserUtilService   : Removing 3 users from all courses...
    23:43:59.001 | 138 Pool-1-worker-53 | DEBUG | d.t.c.a.a.c.u.util.UserUtilService   : Removing 3 users from all courses. Done
    23:43:59.001 | 138 Pool-1-worker-53 | DEBUG | d.t.c.a.a.c.u.util.UserUtilService   : Save 3 users to database...
    23:43:59.004 | 138 Pool-1-worker-53 | DEBUG | d.t.c.a.a.c.u.util.UserUtilService   : Save 3 users to database. Done
    23:43:59.005 | 138 Pool-1-worker-53 | INFO  | i.z.t.d.l.EmbeddedDatabaseReporter   : JDBC URL to connect to 'dataSource': url='jdbc:h2:tcp://localhost:41063/mem:df70fc46-7e57-4cb5-9cd0-c1d90c14afa7;USER=sa', scope='OneToOneChatIntegrationTest#shouldReturnForbiddenWhenStudentIsNotInCourse'
    23:43:59.007 | 138 Pool-1-worker-53 | DEBUG | d.t.c.a.a.c.s.f.ApiVersionFilter     : Adding Version to Request POST /api/courses/1112/one-to-one-chats/201
    23:43:59.008 | 138 Pool-1-worker-53 | DEBUG | d.t.c.a.a.c.w.c.OneToOneChatResource : REST request to create one to one chat by id in course 1112 between : ooteststudent42 and : ooteststudent2
    23:43:59.010 | 138 Pool-1-worker-53 | WARN  | o.z.p.spring.common.AdviceTraits     : Forbidden: You are not allowed to access the Course with id 1112

  Starting logs for OneToOneChatIntegrationTest > shouldCreateMultipleOneToOneChatsWhenDifferentLoginsAreProvided()
    23:43:59.032 | 138 Pool-1-worker-53 | DEBUG | d.t.c.a.a.c.u.util.UserUtilService   : Generate 3 students...
    23:43:59.037 | 138 Pool-1-worker-53 | DEBUG | d.t.c.a.a.c.u.util.UserUtilService   : 3 students generated. Generate 0 tutors...
    23:43:59.042 | 138 Pool-1-worker-53 | DEBUG | d.t.c.a.a.c.u.util.UserUtilService   : 0 tutors generated. Generate 0 editors...
    23:43:59.043 | 138 Pool-1-worker-53 | DEBUG | d.t.c.a.a.c.u.util.UserUtilService   : 0 editors generated. Generate 0 instructors...
    23:43:59.044 | 138 Pool-1-worker-53 | DEBUG | d.t.c.a.a.c.u.util.UserUtilService   : 0 instructors generated
    23:43:59.046 | 138 Pool-1-worker-53 | DEBUG | d.t.c.a.a.c.u.util.UserUtilService   : Removing 3 users from all courses...
    23:43:59.047 | 138 Pool-1-worker-53 | DEBUG | d.t.c.a.a.c.u.util.UserUtilService   : Removing 3 users from all courses. Done
    23:43:59.047 | 138 Pool-1-worker-53 | DEBUG | d.t.c.a.a.c.u.util.UserUtilService   : Save 3 users to database...
    23:43:59.050 | 138 Pool-1-worker-53 | DEBUG | d.t.c.a.a.c.u.util.UserUtilService   : Save 3 users to database. Done
    23:43:59.050 | 138 Pool-1-worker-53 | INFO  | i.z.t.d.l.EmbeddedDatabaseReporter   : JDBC URL to connect to 'dataSource': url='jdbc:h2:tcp://localhost:41063/mem:df70fc46-7e57-4cb5-9cd0-c1d90c14afa7;USER=sa', scope='OneToOneChatIntegrationTest#shouldCreateMultipleOneToOneChatsWhenDifferentLoginsAreProvided'
    23:43:59.053 | 138 Pool-1-worker-53 | DEBUG | d.t.c.a.a.c.s.f.ApiVersionFilter     : Adding Version to Request POST /api/courses/1113/one-to-one-chats
    23:43:59.055 | 138 Pool-1-worker-53 | DEBUG | d.t.c.a.a.c.w.c.OneToOneChatResource : REST request to create one to one chat in course 1113 between : ooteststudent1 and : [ooteststudent2]
    23:43:59.070 | 138 Pool-1-worker-53 | DEBUG | d.t.c.a.a.c.s.f.ApiVersionFilter     : Adding Version to Request POST /api/courses/1113/one-to-one-chats
    23:43:59.071 | 138 Pool-1-worker-53 | DEBUG | d.t.c.a.a.c.w.c.OneToOneChatResource : REST request to create one to one chat in course 1113 between : ooteststudent1 and : [ooteststudent3]

  Starting logs for OneToOneChatIntegrationTest > shouldCreateOneToOneChatWhenRequestedWithUserId()
    23:43:59.104 | 138 Pool-1-worker-53 | DEBUG | d.t.c.a.a.c.u.util.UserUtilService   : Generate 3 students...
    23:43:59.109 | 138 Pool-1-worker-53 | DEBUG | d.t.c.a.a.c.u.util.UserUtilService   : 3 students generated. Generate 0 tutors...
    23:43:59.111 | 138 Pool-1-worker-53 | DEBUG | d.t.c.a.a.c.u.util.UserUtilService   : 0 tutors generated. Generate 0 editors...
    23:43:59.112 | 138 Pool-1-worker-53 | DEBUG | d.t.c.a.a.c.u.util.UserUtilService   : 0 editors generated. Generate 0 instructors...
    23:43:59.113 | 138 Pool-1-worker-53 | DEBUG | d.t.c.a.a.c.u.util.UserUtilService   : 0 instructors generated
    23:43:59.115 | 138 Pool-1-worker-53 | DEBUG | d.t.c.a.a.c.u.util.UserUtilService   : Removing 3 users from all courses...
    23:43:59.116 | 138 Pool-1-worker-53 | DEBUG | d.t.c.a.a.c.u.util.UserUtilService   : Removing 3 users from all courses. Done
    23:43:59.116 | 138 Pool-1-worker-53 | DEBUG | d.t.c.a.a.c.u.util.UserUtilService   : Save 3 users to database...
    23:43:59.118 | 138 Pool-1-worker-53 | DEBUG | d.t.c.a.a.c.u.util.UserUtilService   : Save 3 users to database. Done
    23:43:59.119 | 138 Pool-1-worker-53 | INFO  | i.z.t.d.l.EmbeddedDatabaseReporter   : JDBC URL to connect to 'dataSource': url='jdbc:h2:tcp://localhost:41063/mem:df70fc46-7e57-4cb5-9cd0-c1d90c14afa7;USER=sa', scope='OneToOneChatIntegrationTest#shouldCreateOneToOneChatWhenRequestedWithUserId'
    23:43:59.121 | 138 Pool-1-worker-53 | DEBUG | d.t.c.a.a.c.s.f.ApiVersionFilter     : Adding Version to Request POST /api/courses/1114/one-to-one-chats/201
    23:43:59.123 | 138 Pool-1-worker-53 | DEBUG | d.t.c.a.a.c.w.c.OneToOneChatResource : REST request to create one to one chat by id in course 1114 between : ooteststudent1 and : ooteststudent2

Finished logs for OneToOneChatIntegrationTest
]]></system-out>
  <system-err><![CDATA[]]></system-err>
</testsuite>
