<?xml version="1.0" encoding="UTF-8"?>
<testsuite name="de.tum.cit.aet.artemis.exercise.service.ExerciseLifecycleServiceTest" tests="2" skipped="0" failures="0" errors="0" timestamp="2025-02-14T23:46:03" hostname="fv-az1721-502" time="0.672">
  <properties/>
  <testcase name="testScheduleExerciseOnReleaseTask()" classname="de.tum.cit.aet.artemis.exercise.service.ExerciseLifecycleServiceTest" time="0.641"/>
  <testcase name="testCancellationOfScheduledTask()" classname="de.tum.cit.aet.artemis.exercise.service.ExerciseLifecycleServiceTest" time="0.029"/>
  <system-out><![CDATA[
Starting logs for ExerciseLifecycleServiceTest

  Starting logs for ExerciseLifecycleServiceTest > testScheduleExerciseOnReleaseTask()
    23:46:03.462 | 384 ool-1-worker-148 | INFO  | i.z.t.d.l.EmbeddedDatabaseReporter   : JDBC URL to connect to 'dataSource': url='jdbc:h2:tcp://localhost:41063/mem:df70fc46-7e57-4cb5-9cd0-c1d90c14afa7;USER=sa', scope='ExerciseLifecycleServiceTest#testScheduleExerciseOnReleaseTask'
    23:46:03.466 | 384 ool-1-worker-148 | DEBUG | t.c.a.a.e.s.ExerciseLifecycleService : Scheduled Task for Exercise "ExerciseLifecycleServiceTest:testScheduleExerciseOnReleaseTask" (#null) to trigger on RELEASE.
    23:46:03.466 | 384 ool-1-worker-148 | DEBUG | t.c.a.a.e.s.ExerciseLifecycleService : Scheduled Task for Exercise "ExerciseLifecycleServiceTest:testScheduleExerciseOnReleaseTask" (#null) to trigger on DUE.
    23:46:03.466 | 384 ool-1-worker-148 | DEBUG | t.c.a.a.e.s.ExerciseLifecycleService : Scheduled Task for Exercise "ExerciseLifecycleServiceTest:testScheduleExerciseOnReleaseTask" (#null) to trigger on ASSESSMENT_DUE.

  Starting logs for ExerciseLifecycleServiceTest > testCancellationOfScheduledTask()
    23:46:04.100 | 566 localvc.event-13 | DEBUG | s.l.LocalCIWebsocketMessagingService : Sending message on topic /topic/admin/queued-jobs: [BuildJobQueueItem[id=20631739576764096, name=SHORT4DC244B40E51904DBF09D1D07EFB51569A98T9E7-BASE, buildAgent=BuildAgentDTO[name=null, memberAddress=null, displayName=null], participationId=2063, courseId=1004, exerciseId=2622, retryCount=0, priority=2, status=null, repositoryInfo=RepositoryInfo[repositoryName=short4dc244b40e51904dbf09d1d07efb51569a98t9e7-exercise, repositoryType=exercise, triggeredByPushTo=exercise, assignmentRepositoryUri=, testRepositoryUri=, solutionRepositoryUri=, auxiliaryRepositoryUris=null, auxiliaryRepositoryCheckoutDirectories=null], jobTimingInfo=JobTimingInfo[submissionDate=2025-02-14T23:46:04.096728486Z[Etc/UTC], buildStartDate=null, buildCompletionDate=null, estimatedCompletionDate=null, estimatedDuration=19], buildConfig=BuildConfig[buildScript=, dockerImage=, commitHashToBuild=null, assignmentCommitHash=, testCommitHash=, branch=, programmingLanguage=null, projectType=null, scaEnabled=false, sequentialTestRunsEnabled=false, resultPaths=null, timeoutSeconds=0, assignmentCheckoutPath=, testCheckoutPath=, solutionCheckoutPath=, dockerRunConfig=null], submissionResult=null]]
    23:46:04.100 | 566 localvc.event-13 | DEBUG | s.l.LocalCIWebsocketMessagingService : Sending message on topic /topic/courses/1004/queued-jobs: [BuildJobQueueItem[id=20631739576764096, name=SHORT4DC244B40E51904DBF09D1D07EFB51569A98T9E7-BASE, buildAgent=BuildAgentDTO[name=null, memberAddress=null, displayName=null], participationId=2063, courseId=1004, exerciseId=2622, retryCount=0, priority=2, status=null, repositoryInfo=RepositoryInfo[repositoryName=short4dc244b40e51904dbf09d1d07efb51569a98t9e7-exercise, repositoryType=exercise, triggeredByPushTo=exercise, assignmentRepositoryUri=, testRepositoryUri=, solutionRepositoryUri=, auxiliaryRepositoryUris=null, auxiliaryRepositoryCheckoutDirectories=null], jobTimingInfo=JobTimingInfo[submissionDate=2025-02-14T23:46:04.096728486Z[Etc/UTC], buildStartDate=null, buildCompletionDate=null, estimatedCompletionDate=null, estimatedDuration=19], buildConfig=BuildConfig[buildScript=, dockerImage=, commitHashToBuild=null, assignmentCommitHash=, testCommitHash=, branch=, programmingLanguage=null, projectType=null, scaEnabled=false, sequentialTestRunsEnabled=false, resultPaths=null, timeoutSeconds=0, assignmentCheckoutPath=, testCheckoutPath=, solutionCheckoutPath=, dockerRunConfig=null], submissionResult=null]]
    23:46:04.100 | 384 ool-1-worker-148 | INFO  | i.z.t.d.l.EmbeddedDatabaseReporter   : JDBC URL to connect to 'dataSource': url='jdbc:h2:tcp://localhost:41063/mem:df70fc46-7e57-4cb5-9cd0-c1d90c14afa7;USER=sa', scope='ExerciseLifecycleServiceTest#testCancellationOfScheduledTask'
    23:46:04.101 | 566 localvc.event-13 | DEBUG | a.a.b.s.SharedQueueProcessingService : CIBuildJobQueueItem added to queue: BuildJobQueueItem[id=20631739576764096, name=SHORT4DC244B40E51904DBF09D1D07EFB51569A98T9E7-BASE, buildAgent=BuildAgentDTO[name=null, memberAddress=null, displayName=null], participationId=2063, courseId=1004, exerciseId=2622, retryCount=0, priority=2, status=null, repositoryInfo=RepositoryInfo[repositoryName=short4dc244b40e51904dbf09d1d07efb51569a98t9e7-exercise, repositoryType=exercise, triggeredByPushTo=exercise, assignmentRepositoryUri=http://localhost:49152/git/SHORT4DC244B40E51904DBF09D1D07EFB51569A98T9E7/short4dc244b40e51904dbf09d1d07efb51569a98t9e7-exercise.git, testRepositoryUri=http://localhost:49152/git/SHORT4DC244B40E51904DBF09D1D07EFB51569A98T9E7/short4dc244b40e51904dbf09d1d07efb51569a98t9e7-tests.git, solutionRepositoryUri=null, auxiliaryRepositoryUris=[Ljava.lang.String;@480b1aee, auxiliaryRepositoryCheckoutDirectories=[Ljava.lang.String;@28eba5eb], jobTimingInfo=JobTimingInfo[submissionDate=2025-02-14T23:46:04.096728486Z[Etc/UTC], buildStartDate=null, buildCompletionDate=null, estimatedCompletionDate=null, estimatedDuration=19], buildConfig=BuildConfig[buildScript=#!/bin/bash
cd /var/tmp/testing-dir
Some script, dockerImage=dummy-docker-image, commitHashToBuild=null, assignmentCommitHash=c012d390834ea02544e9b3baca8f528ff58cb582, testCommitHash=106892b5032dbcc929f32d283777eb646a0a7ab0, branch=main, programmingLanguage=JAVA, projectType=PLAIN_GRADLE, scaEnabled=false, sequentialTestRunsEnabled=false, resultPaths=[/var/tmp/testing-dir/**/test-results/test/*.xml], timeoutSeconds=0, assignmentCheckoutPath=null, testCheckoutPath=null, solutionCheckoutPath=null, dockerRunConfig=null], submissionResult=null]
    23:46:04.101 | 566 localvc.event-13 | DEBUG | a.a.b.s.SharedQueueProcessingService : Current queued items: 1
    23:46:04.101 | 566 localvc.event-13 | DEBUG | a.a.b.s.SharedQueueProcessingService : Currently processing jobs on this node: 0, active threads in Pool: 0, maximum pool size of thread executor : 1
    23:46:04.102 | 566 localvc.event-13 | DEBUG | a.a.b.s.SharedQueueProcessingService : Currently processing jobs on this node: 0, active threads in Pool: 0, maximum pool size of thread executor : 1
    23:46:04.106 | 384 ool-1-worker-148 | DEBUG | t.c.a.a.e.s.ExerciseLifecycleService : Scheduled Task for Exercise "ExerciseLifecycleServiceTest:testCancellationOfScheduledTask" (#null) to trigger on DUE.
    23:46:04.111 | 566 localvc.event-13 | INFO  | a.a.b.s.SharedQueueProcessingService : Processing build job: BuildJobQueueItem[id=20631739576764096, name=SHORT4DC244B40E51904DBF09D1D07EFB51569A98T9E7-BASE, buildAgent=BuildAgentDTO[name=artemis-build-agent-test, memberAddress=[127.0.0.1]:5703, displayName=artemis-build-agent-test], participationId=2063, courseId=1004, exerciseId=2622, retryCount=0, priority=2, status=null, repositoryInfo=RepositoryInfo[repositoryName=short4dc244b40e51904dbf09d1d07efb51569a98t9e7-exercise, repositoryType=exercise, triggeredByPushTo=exercise, assignmentRepositoryUri=http://localhost:49152/git/SHORT4DC244B40E51904DBF09D1D07EFB51569A98T9E7/short4dc244b40e51904dbf09d1d07efb51569a98t9e7-exercise.git, testRepositoryUri=http://localhost:49152/git/SHORT4DC244B40E51904DBF09D1D07EFB51569A98T9E7/short4dc244b40e51904dbf09d1d07efb51569a98t9e7-tests.git, solutionRepositoryUri=null, auxiliaryRepositoryUris=[Ljava.lang.String;@b10fd9, auxiliaryRepositoryCheckoutDirectories=[Ljava.lang.String;@d6c0d1d], jobTimingInfo=JobTimingInfo[submissionDate=2025-02-14T23:46:04.096728486Z[Etc/UTC], buildStartDate=2025-02-14T23:46:04.102262636Z[Etc/UTC], buildCompletionDate=null, estimatedCompletionDate=2025-02-14T23:46:23.102258508Z[Etc/UTC], estimatedDuration=19], buildConfig=BuildConfig[buildScript=#!/bin/bash
cd /var/tmp/testing-dir
Some script, dockerImage=dummy-docker-image, commitHashToBuild=null, assignmentCommitHash=c012d390834ea02544e9b3baca8f528ff58cb582, testCommitHash=106892b5032dbcc929f32d283777eb646a0a7ab0, branch=main, programmingLanguage=JAVA, projectType=PLAIN_GRADLE, scaEnabled=false, sequentialTestRunsEnabled=false, resultPaths=[/var/tmp/testing-dir/**/test-results/test/*.xml], timeoutSeconds=0, assignmentCheckoutPath=null, testCheckoutPath=null, solutionCheckoutPath=null, dockerRunConfig=null], submissionResult=null]

Finished logs for ExerciseLifecycleServiceTest
]]></system-out>
  <system-err><![CDATA[]]></system-err>
</testsuite>
