<?xml version="1.0" encoding="UTF-8"?>
<testsuite name="de.tum.cit.aet.artemis.assessment.FeedbackTest" tests="8" skipped="0" failures="0" errors="0" timestamp="2025-02-14T23:38:40" hostname="fv-az1721-502" time="0.278">
  <properties/>
  <testcase name="setShortDetailText()" classname="de.tum.cit.aet.artemis.assessment.FeedbackTest" time="0.178"/>
  <testcase name="trimVeryLongLongFeedback()" classname="de.tum.cit.aet.artemis.assessment.FeedbackTest" time="0.064"/>
  <testcase name="detailTextTrimMarker()" classname="de.tum.cit.aet.artemis.assessment.FeedbackTest" time="0.001"/>
  <testcase name="setLongDetailText()" classname="de.tum.cit.aet.artemis.assessment.FeedbackTest" time="0.004"/>
  <testcase name="setNullDetailText()" classname="de.tum.cit.aet.artemis.assessment.FeedbackTest" time="0.005"/>
  <testcase name="setTruncatedFeedbackDetailText()" classname="de.tum.cit.aet.artemis.assessment.FeedbackTest" time="0.021"/>
  <testcase name="setTruncatedFeedbackDetailTextNull()" classname="de.tum.cit.aet.artemis.assessment.FeedbackTest" time="0.001"/>
  <testcase name="setDetailTextBetweenSoftMaxLengthAndTrueMax()" classname="de.tum.cit.aet.artemis.assessment.FeedbackTest" time="0.0"/>
  <system-out><![CDATA[
Starting logs for FeedbackTest

  Starting logs for FeedbackTest > setShortDetailText()

  Starting logs for FeedbackTest > trimVeryLongLongFeedback()

  Starting logs for FeedbackTest > detailTextTrimMarker()

  Starting logs for FeedbackTest > setLongDetailText()

  Starting logs for FeedbackTest > setNullDetailText()

  Starting logs for FeedbackTest > setTruncatedFeedbackDetailText()

  Starting logs for FeedbackTest > setTruncatedFeedbackDetailTextNull()

  Starting logs for FeedbackTest > setDetailTextBetweenSoftMaxLengthAndTrueMax()

Finished logs for FeedbackTest
]]></system-out>
  <system-err><![CDATA[]]></system-err>
</testsuite>
