<?xml version="1.0" encoding="UTF-8"?>
<testsuite name="de.tum.cit.aet.artemis.exercise.participation.SubmissionExportIntegrationTest" tests="9" skipped="0" failures="0" errors="0" timestamp="2025-02-14T23:45:59" hostname="fv-az1721-502" time="1.346">
  <properties/>
  <testcase name="testWrongExerciseId_asInstructor()" classname="de.tum.cit.aet.artemis.exercise.participation.SubmissionExportIntegrationTest" time="0.132"/>
  <testcase name="testNoSubmissionsForStudent_asInstructor()" classname="de.tum.cit.aet.artemis.exercise.participation.SubmissionExportIntegrationTest" time="0.149"/>
  <testcase name="testNoSubmissionsForStudent_asTutor()" classname="de.tum.cit.aet.artemis.exercise.participation.SubmissionExportIntegrationTest" time="0.141"/>
  <testcase name="testNoSubmissionsForDate_asInstructor()" classname="de.tum.cit.aet.artemis.exercise.participation.SubmissionExportIntegrationTest" time="0.17"/>
  <testcase name="testExportTextExerciseSubmission_IOException()" classname="de.tum.cit.aet.artemis.exercise.participation.SubmissionExportIntegrationTest" time="0.171"/>
  <testcase name="testNoSubmissionsForStudent_asInstructorNotInGroup()" classname="de.tum.cit.aet.artemis.exercise.participation.SubmissionExportIntegrationTest" time="0.14"/>
  <testcase name="testExportAll_IOException()" classname="de.tum.cit.aet.artemis.exercise.participation.SubmissionExportIntegrationTest" time="0.123"/>
  <testcase name="testExportAll()" classname="de.tum.cit.aet.artemis.exercise.participation.SubmissionExportIntegrationTest" time="0.173"/>
  <testcase name="testAll_asStudent()" classname="de.tum.cit.aet.artemis.exercise.participation.SubmissionExportIntegrationTest" time="0.135"/>
  <system-out><![CDATA[
Starting logs for SubmissionExportIntegrationTest

  Starting logs for SubmissionExportIntegrationTest > testWrongExerciseId_asInstructor()
    23:45:59.416 | 380 ool-1-worker-144 | DEBUG | d.t.c.a.a.c.u.util.UserUtilService   : Generate 3 students...
    23:45:59.419 | 380 ool-1-worker-144 | DEBUG | d.t.c.a.a.c.u.util.UserUtilService   : 3 students generated. Generate 1 tutors...
    23:45:59.421 | 380 ool-1-worker-144 | DEBUG | d.t.c.a.a.c.u.util.UserUtilService   : 1 tutors generated. Generate 0 editors...
    23:45:59.422 | 380 ool-1-worker-144 | DEBUG | d.t.c.a.a.c.u.util.UserUtilService   : 0 editors generated. Generate 1 instructors...
    23:45:59.424 | 380 ool-1-worker-144 | DEBUG | d.t.c.a.a.c.u.util.UserUtilService   : 1 instructors generated
    23:45:59.427 | 380 ool-1-worker-144 | DEBUG | d.t.c.a.a.c.u.util.UserUtilService   : Removing 3 users from all courses...
    23:45:59.427 | 380 ool-1-worker-144 | DEBUG | d.t.c.a.a.c.u.util.UserUtilService   : Removing 3 users from all courses. Done
    23:45:59.427 | 380 ool-1-worker-144 | DEBUG | d.t.c.a.a.c.u.util.UserUtilService   : Save 5 users to database...
    23:45:59.430 | 380 ool-1-worker-144 | DEBUG | d.t.c.a.a.c.u.util.UserUtilService   : Save 5 users to database. Done
    23:45:59.513 | 380 ool-1-worker-144 | INFO  | i.z.t.d.l.EmbeddedDatabaseReporter   : JDBC URL to connect to 'dataSource': url='jdbc:h2:tcp://localhost:41063/mem:df70fc46-7e57-4cb5-9cd0-c1d90c14afa7;USER=sa', scope='SubmissionExportIntegrationTest#testWrongExerciseId_asInstructor'
    23:45:59.515 | 380 ool-1-worker-144 | DEBUG | d.t.c.a.a.c.s.f.ApiVersionFilter     : Adding Version to Request POST /api/text-exercises/5489218954/export-submissions
    23:45:59.523 | 380 ool-1-worker-144 | WARN  | o.z.p.spring.common.AdviceTraits     : Not Found: TextExercise with identifier: "5489218954" does not exist
    23:45:59.525 | 380 ool-1-worker-144 | DEBUG | d.t.c.a.a.c.s.f.ApiVersionFilter     : Adding Version to Request POST /api/modeling-exercises/5489218954/export-submissions
    23:45:59.529 | 380 ool-1-worker-144 | WARN  | o.z.p.spring.common.AdviceTraits     : Not Found: ModelingExercise with identifier: "5489218954" does not exist
    23:45:59.530 | 380 ool-1-worker-144 | DEBUG | d.t.c.a.a.c.s.f.ApiVersionFilter     : Adding Version to Request POST /api/file-upload-exercises/5489218954/export-submissions
    23:45:59.534 | 380 ool-1-worker-144 | WARN  | o.z.p.spring.common.AdviceTraits     : Not Found: FileUploadExercise with identifier: "5489218954" does not exist

  Starting logs for SubmissionExportIntegrationTest > testNoSubmissionsForStudent_asInstructor()
    23:45:59.548 | 380 ool-1-worker-144 | DEBUG | d.t.c.a.a.c.u.util.UserUtilService   : Generate 3 students...
    23:45:59.554 | 380 ool-1-worker-144 | DEBUG | d.t.c.a.a.c.u.util.UserUtilService   : 3 students generated. Generate 1 tutors...
    23:45:59.557 | 380 ool-1-worker-144 | DEBUG | d.t.c.a.a.c.u.util.UserUtilService   : 1 tutors generated. Generate 0 editors...
    23:45:59.558 | 380 ool-1-worker-144 | DEBUG | d.t.c.a.a.c.u.util.UserUtilService   : 0 editors generated. Generate 1 instructors...
    23:45:59.561 | 380 ool-1-worker-144 | DEBUG | d.t.c.a.a.c.u.util.UserUtilService   : 1 instructors generated
    23:45:59.563 | 380 ool-1-worker-144 | DEBUG | d.t.c.a.a.c.u.util.UserUtilService   : Removing 5 users from all courses...
    23:45:59.564 | 380 ool-1-worker-144 | DEBUG | d.t.c.a.a.c.u.util.UserUtilService   : Removing 5 users from all courses. Done
    23:45:59.564 | 380 ool-1-worker-144 | DEBUG | d.t.c.a.a.c.u.util.UserUtilService   : Save 5 users to database...
    23:45:59.575 | 380 ool-1-worker-144 | DEBUG | d.t.c.a.a.c.u.util.UserUtilService   : Save 5 users to database. Done
    23:45:59.660 | 380 ool-1-worker-144 | INFO  | i.z.t.d.l.EmbeddedDatabaseReporter   : JDBC URL to connect to 'dataSource': url='jdbc:h2:tcp://localhost:41063/mem:df70fc46-7e57-4cb5-9cd0-c1d90c14afa7;USER=sa', scope='SubmissionExportIntegrationTest#testNoSubmissionsForStudent_asInstructor'
    23:45:59.661 | 380 ool-1-worker-144 | DEBUG | d.t.c.a.a.c.s.f.ApiVersionFilter     : Adding Version to Request POST /api/text-exercises/1996/export-submissions
    23:45:59.668 | 380 ool-1-worker-144 | ERROR | tech.jhipster.web.util.HeaderUtil    : Entity processing failed, Failed to export student submissions.
    23:45:59.668 | 380 ool-1-worker-144 | WARN  | o.z.p.spring.common.AdviceTraits     : Bad Request: Failed to export student submissions.
    23:45:59.669 | 380 ool-1-worker-144 | DEBUG | d.t.c.a.a.c.s.f.ApiVersionFilter     : Adding Version to Request POST /api/modeling-exercises/1995/export-submissions
    23:45:59.677 | 380 ool-1-worker-144 | ERROR | tech.jhipster.web.util.HeaderUtil    : Entity processing failed, Failed to export student submissions.
    23:45:59.677 | 380 ool-1-worker-144 | WARN  | o.z.p.spring.common.AdviceTraits     : Bad Request: Failed to export student submissions.
    23:45:59.678 | 380 ool-1-worker-144 | DEBUG | d.t.c.a.a.c.s.f.ApiVersionFilter     : Adding Version to Request POST /api/file-upload-exercises/1997/export-submissions
    23:45:59.684 | 380 ool-1-worker-144 | ERROR | tech.jhipster.web.util.HeaderUtil    : Entity processing failed, Failed to export student submissions.
    23:45:59.684 | 380 ool-1-worker-144 | WARN  | o.z.p.spring.common.AdviceTraits     : Bad Request: Failed to export student submissions.

  Starting logs for SubmissionExportIntegrationTest > testNoSubmissionsForStudent_asTutor()
    23:45:59.700 | 380 ool-1-worker-144 | DEBUG | d.t.c.a.a.c.u.util.UserUtilService   : Generate 3 students...
    23:45:59.706 | 380 ool-1-worker-144 | DEBUG | d.t.c.a.a.c.u.util.UserUtilService   : 3 students generated. Generate 1 tutors...
    23:45:59.709 | 380 ool-1-worker-144 | DEBUG | d.t.c.a.a.c.u.util.UserUtilService   : 1 tutors generated. Generate 0 editors...
    23:45:59.710 | 380 ool-1-worker-144 | DEBUG | d.t.c.a.a.c.u.util.UserUtilService   : 0 editors generated. Generate 1 instructors...
    23:45:59.713 | 380 ool-1-worker-144 | DEBUG | d.t.c.a.a.c.u.util.UserUtilService   : 1 instructors generated
    23:45:59.715 | 380 ool-1-worker-144 | DEBUG | d.t.c.a.a.c.u.util.UserUtilService   : Removing 5 users from all courses...
    23:45:59.716 | 380 ool-1-worker-144 | DEBUG | d.t.c.a.a.c.u.util.UserUtilService   : Removing 5 users from all courses. Done
    23:45:59.716 | 380 ool-1-worker-144 | DEBUG | d.t.c.a.a.c.u.util.UserUtilService   : Save 5 users to database...
    23:45:59.721 | 380 ool-1-worker-144 | DEBUG | d.t.c.a.a.c.u.util.UserUtilService   : Save 5 users to database. Done
    23:45:59.806 | 380 ool-1-worker-144 | INFO  | i.z.t.d.l.EmbeddedDatabaseReporter   : JDBC URL to connect to 'dataSource': url='jdbc:h2:tcp://localhost:41063/mem:df70fc46-7e57-4cb5-9cd0-c1d90c14afa7;USER=sa', scope='SubmissionExportIntegrationTest#testNoSubmissionsForStudent_asTutor'
    23:45:59.807 | 380 ool-1-worker-144 | DEBUG | d.t.c.a.a.c.s.f.ApiVersionFilter     : Adding Version to Request POST /api/text-exercises/1999/export-submissions
    23:45:59.811 | 380 ool-1-worker-144 | WARN  | o.z.p.spring.common.AdviceTraits     : Forbidden: You are not allowed to access the Course with id 1759
    23:45:59.813 | 380 ool-1-worker-144 | DEBUG | d.t.c.a.a.c.s.f.ApiVersionFilter     : Adding Version to Request POST /api/modeling-exercises/1998/export-submissions
    23:45:59.816 | 380 ool-1-worker-144 | WARN  | o.z.p.spring.common.AdviceTraits     : Forbidden: You are not allowed to access the Course with id 1759
    23:45:59.817 | 380 ool-1-worker-144 | DEBUG | d.t.c.a.a.c.s.f.ApiVersionFilter     : Adding Version to Request POST /api/file-upload-exercises/2000/export-submissions
    23:45:59.826 | 380 ool-1-worker-144 | WARN  | o.z.p.spring.common.AdviceTraits     : Forbidden: You are not allowed to access the Course with id 1759

  Starting logs for SubmissionExportIntegrationTest > testNoSubmissionsForDate_asInstructor()
    23:45:59.842 | 380 ool-1-worker-144 | DEBUG | d.t.c.a.a.c.u.util.UserUtilService   : Generate 3 students...
    23:45:59.847 | 380 ool-1-worker-144 | DEBUG | d.t.c.a.a.c.u.util.UserUtilService   : 3 students generated. Generate 1 tutors...
    23:45:59.850 | 380 ool-1-worker-144 | DEBUG | d.t.c.a.a.c.u.util.UserUtilService   : 1 tutors generated. Generate 0 editors...
    23:45:59.852 | 380 ool-1-worker-144 | DEBUG | d.t.c.a.a.c.u.util.UserUtilService   : 0 editors generated. Generate 1 instructors...
    23:45:59.854 | 380 ool-1-worker-144 | DEBUG | d.t.c.a.a.c.u.util.UserUtilService   : 1 instructors generated
    23:45:59.856 | 380 ool-1-worker-144 | DEBUG | d.t.c.a.a.c.u.util.UserUtilService   : Removing 5 users from all courses...
    23:45:59.858 | 380 ool-1-worker-144 | DEBUG | d.t.c.a.a.c.u.util.UserUtilService   : Removing 5 users from all courses. Done
    23:45:59.858 | 380 ool-1-worker-144 | DEBUG | d.t.c.a.a.c.u.util.UserUtilService   : Save 5 users to database...
    23:45:59.863 | 380 ool-1-worker-144 | DEBUG | d.t.c.a.a.c.u.util.UserUtilService   : Save 5 users to database. Done
    23:45:59.970 | 380 ool-1-worker-144 | INFO  | i.z.t.d.l.EmbeddedDatabaseReporter   : JDBC URL to connect to 'dataSource': url='jdbc:h2:tcp://localhost:41063/mem:df70fc46-7e57-4cb5-9cd0-c1d90c14afa7;USER=sa', scope='SubmissionExportIntegrationTest#testNoSubmissionsForDate_asInstructor'
    23:45:59.971 | 380 ool-1-worker-144 | DEBUG | d.t.c.a.a.c.s.f.ApiVersionFilter     : Adding Version to Request POST /api/text-exercises/2002/export-submissions
    23:45:59.979 | 380 ool-1-worker-144 | ERROR | tech.jhipster.web.util.HeaderUtil    : Entity processing failed, Failed to export student submissions.
    23:45:59.979 | 380 ool-1-worker-144 | WARN  | o.z.p.spring.common.AdviceTraits     : Bad Request: Failed to export student submissions.
    23:45:59.980 | 380 ool-1-worker-144 | DEBUG | d.t.c.a.a.c.s.f.ApiVersionFilter     : Adding Version to Request POST /api/modeling-exercises/2001/export-submissions
    23:45:59.987 | 380 ool-1-worker-144 | ERROR | tech.jhipster.web.util.HeaderUtil    : Entity processing failed, Failed to export student submissions.
    23:45:59.987 | 380 ool-1-worker-144 | WARN  | o.z.p.spring.common.AdviceTraits     : Bad Request: Failed to export student submissions.
    23:45:59.988 | 380 ool-1-worker-144 | DEBUG | d.t.c.a.a.c.s.f.ApiVersionFilter     : Adding Version to Request POST /api/file-upload-exercises/2003/export-submissions
    23:45:59.995 | 380 ool-1-worker-144 | ERROR | tech.jhipster.web.util.HeaderUtil    : Entity processing failed, Failed to export student submissions.
    23:45:59.995 | 380 ool-1-worker-144 | WARN  | o.z.p.spring.common.AdviceTraits     : Bad Request: Failed to export student submissions.
    23:46:00.000 | 663 taskScheduler-1  | DEBUG | .a.s.ParticipantScoreScheduleService : Schedule tasks to process...

  Starting logs for SubmissionExportIntegrationTest > testExportTextExerciseSubmission_IOException()
    23:46:00.014 | 380 ool-1-worker-144 | DEBUG | d.t.c.a.a.c.u.util.UserUtilService   : Generate 3 students...
    23:46:00.020 | 380 ool-1-worker-144 | DEBUG | d.t.c.a.a.c.u.util.UserUtilService   : 3 students generated. Generate 1 tutors...
    23:46:00.022 | 380 ool-1-worker-144 | DEBUG | d.t.c.a.a.c.u.util.UserUtilService   : 1 tutors generated. Generate 0 editors...
    23:46:00.024 | 380 ool-1-worker-144 | DEBUG | d.t.c.a.a.c.u.util.UserUtilService   : 0 editors generated. Generate 1 instructors...
    23:46:00.027 | 380 ool-1-worker-144 | DEBUG | d.t.c.a.a.c.u.util.UserUtilService   : 1 instructors generated
    23:46:00.028 | 380 ool-1-worker-144 | DEBUG | d.t.c.a.a.c.u.util.UserUtilService   : Removing 5 users from all courses...
    23:46:00.029 | 380 ool-1-worker-144 | DEBUG | d.t.c.a.a.c.u.util.UserUtilService   : Removing 5 users from all courses. Done
    23:46:00.029 | 380 ool-1-worker-144 | DEBUG | d.t.c.a.a.c.u.util.UserUtilService   : Save 5 users to database...
    23:46:00.034 | 380 ool-1-worker-144 | DEBUG | d.t.c.a.a.c.u.util.UserUtilService   : Save 5 users to database. Done
    23:46:00.162 | 380 ool-1-worker-144 | INFO  | i.z.t.d.l.EmbeddedDatabaseReporter   : JDBC URL to connect to 'dataSource': url='jdbc:h2:tcp://localhost:41063/mem:df70fc46-7e57-4cb5-9cd0-c1d90c14afa7;USER=sa', scope='SubmissionExportIntegrationTest#testExportTextExerciseSubmission_IOException'
    23:46:00.164 | 380 ool-1-worker-144 | DEBUG | d.t.c.a.a.c.s.f.ApiVersionFilter     : Adding Version to Request POST /api/text-exercises/2005/export-submissions
    23:46:00.171 | 380 ool-1-worker-144 | ERROR | .t.c.a.a.e.s.SubmissionExportService : Failed to zip submissions for exercise 2005 to exports/1739576760168/shortc6b8f01a01c4304e490936b0fc07f7b52a20-Text-2005-20250214-234600.zip: {}
java.io.IOException: null
    23:46:00.171 | 380 ool-1-worker-144 | DEBUG | .t.c.a.a.e.s.SubmissionExportService : Delete all temporary files
    23:46:00.172 | 380 ool-1-worker-144 | ERROR | tech.jhipster.web.util.HeaderUtil    : Entity processing failed, Failed to export student submissions.
    23:46:00.172 | 380 ool-1-worker-144 | WARN  | o.z.p.spring.common.AdviceTraits     : Bad Request: Failed to export student submissions.

  Starting logs for SubmissionExportIntegrationTest > testNoSubmissionsForStudent_asInstructorNotInGroup()
    23:46:00.187 | 380 ool-1-worker-144 | DEBUG | d.t.c.a.a.c.u.util.UserUtilService   : Generate 3 students...
    23:46:00.193 | 380 ool-1-worker-144 | DEBUG | d.t.c.a.a.c.u.util.UserUtilService   : 3 students generated. Generate 1 tutors...
    23:46:00.196 | 380 ool-1-worker-144 | DEBUG | d.t.c.a.a.c.u.util.UserUtilService   : 1 tutors generated. Generate 0 editors...
    23:46:00.197 | 380 ool-1-worker-144 | DEBUG | d.t.c.a.a.c.u.util.UserUtilService   : 0 editors generated. Generate 1 instructors...
    23:46:00.200 | 380 ool-1-worker-144 | DEBUG | d.t.c.a.a.c.u.util.UserUtilService   : 1 instructors generated
    23:46:00.202 | 380 ool-1-worker-144 | DEBUG | d.t.c.a.a.c.u.util.UserUtilService   : Removing 5 users from all courses...
    23:46:00.203 | 380 ool-1-worker-144 | DEBUG | d.t.c.a.a.c.u.util.UserUtilService   : Removing 5 users from all courses. Done
    23:46:00.203 | 380 ool-1-worker-144 | DEBUG | d.t.c.a.a.c.u.util.UserUtilService   : Save 5 users to database...
    23:46:00.207 | 380 ool-1-worker-144 | DEBUG | d.t.c.a.a.c.u.util.UserUtilService   : Save 5 users to database. Done
    23:46:00.296 | 380 ool-1-worker-144 | INFO  | i.z.t.d.l.EmbeddedDatabaseReporter   : JDBC URL to connect to 'dataSource': url='jdbc:h2:tcp://localhost:41063/mem:df70fc46-7e57-4cb5-9cd0-c1d90c14afa7;USER=sa', scope='SubmissionExportIntegrationTest#testNoSubmissionsForStudent_asInstructorNotInGroup'
    23:46:00.304 | 380 ool-1-worker-144 | DEBUG | d.t.c.a.a.c.s.f.ApiVersionFilter     : Adding Version to Request POST /api/text-exercises/2008/export-submissions
    23:46:00.307 | 380 ool-1-worker-144 | WARN  | o.z.p.spring.common.AdviceTraits     : Forbidden: You are not allowed to access the Course with id 1762
    23:46:00.308 | 380 ool-1-worker-144 | DEBUG | d.t.c.a.a.c.s.f.ApiVersionFilter     : Adding Version to Request POST /api/modeling-exercises/2007/export-submissions
    23:46:00.311 | 380 ool-1-worker-144 | WARN  | o.z.p.spring.common.AdviceTraits     : Forbidden: You are not allowed to access the Course with id 1762
    23:46:00.312 | 380 ool-1-worker-144 | DEBUG | d.t.c.a.a.c.s.f.ApiVersionFilter     : Adding Version to Request POST /api/file-upload-exercises/2009/export-submissions
    23:46:00.314 | 380 ool-1-worker-144 | WARN  | o.z.p.spring.common.AdviceTraits     : Forbidden: You are not allowed to access the Course with id 1762

  Starting logs for SubmissionExportIntegrationTest > testExportAll_IOException()
    23:46:00.331 | 380 ool-1-worker-144 | DEBUG | d.t.c.a.a.c.u.util.UserUtilService   : Generate 3 students...
    23:46:00.337 | 380 ool-1-worker-144 | DEBUG | d.t.c.a.a.c.u.util.UserUtilService   : 3 students generated. Generate 1 tutors...
    23:46:00.339 | 380 ool-1-worker-144 | DEBUG | d.t.c.a.a.c.u.util.UserUtilService   : 1 tutors generated. Generate 0 editors...
    23:46:00.341 | 380 ool-1-worker-144 | DEBUG | d.t.c.a.a.c.u.util.UserUtilService   : 0 editors generated. Generate 1 instructors...
    23:46:00.343 | 380 ool-1-worker-144 | DEBUG | d.t.c.a.a.c.u.util.UserUtilService   : 1 instructors generated
    23:46:00.345 | 380 ool-1-worker-144 | DEBUG | d.t.c.a.a.c.u.util.UserUtilService   : Removing 5 users from all courses...
    23:46:00.346 | 380 ool-1-worker-144 | DEBUG | d.t.c.a.a.c.u.util.UserUtilService   : Removing 5 users from all courses. Done
    23:46:00.346 | 380 ool-1-worker-144 | DEBUG | d.t.c.a.a.c.u.util.UserUtilService   : Save 5 users to database...
    23:46:00.350 | 380 ool-1-worker-144 | DEBUG | d.t.c.a.a.c.u.util.UserUtilService   : Save 5 users to database. Done
    23:46:00.429 | 380 ool-1-worker-144 | INFO  | i.z.t.d.l.EmbeddedDatabaseReporter   : JDBC URL to connect to 'dataSource': url='jdbc:h2:tcp://localhost:41063/mem:df70fc46-7e57-4cb5-9cd0-c1d90c14afa7;USER=sa', scope='SubmissionExportIntegrationTest#testExportAll_IOException'
    23:46:00.431 | 380 ool-1-worker-144 | DEBUG | d.t.c.a.a.c.s.f.ApiVersionFilter     : Adding Version to Request POST /api/file-upload-exercises/2012/export-submissions
    23:46:00.437 | 380 ool-1-worker-144 | ERROR | .t.c.a.a.e.s.SubmissionExportService : Failed to zip submissions for exercise 2012 to exports/1739576760434/shorte6e195c9056e6042f90bdb90752cb2a7e9cd-FileUpload-2012-20250214-234600.zip: {}
java.io.IOException: null
    23:46:00.437 | 380 ool-1-worker-144 | DEBUG | .t.c.a.a.e.s.SubmissionExportService : Delete all temporary files
    23:46:00.438 | 380 ool-1-worker-144 | ERROR | tech.jhipster.web.util.HeaderUtil    : Entity processing failed, Failed to export student submissions.
    23:46:00.438 | 380 ool-1-worker-144 | WARN  | o.z.p.spring.common.AdviceTraits     : Bad Request: Failed to export student submissions.

  Starting logs for SubmissionExportIntegrationTest > testExportAll()
    23:46:00.452 | 380 ool-1-worker-144 | DEBUG | d.t.c.a.a.c.u.util.UserUtilService   : Generate 3 students...
    23:46:00.459 | 380 ool-1-worker-144 | DEBUG | d.t.c.a.a.c.u.util.UserUtilService   : 3 students generated. Generate 1 tutors...
    23:46:00.462 | 380 ool-1-worker-144 | DEBUG | d.t.c.a.a.c.u.util.UserUtilService   : 1 tutors generated. Generate 0 editors...
    23:46:00.463 | 380 ool-1-worker-144 | DEBUG | d.t.c.a.a.c.u.util.UserUtilService   : 0 editors generated. Generate 1 instructors...
    23:46:00.466 | 380 ool-1-worker-144 | DEBUG | d.t.c.a.a.c.u.util.UserUtilService   : 1 instructors generated
    23:46:00.468 | 380 ool-1-worker-144 | DEBUG | d.t.c.a.a.c.u.util.UserUtilService   : Removing 5 users from all courses...
    23:46:00.469 | 380 ool-1-worker-144 | DEBUG | d.t.c.a.a.c.u.util.UserUtilService   : Removing 5 users from all courses. Done
    23:46:00.469 | 380 ool-1-worker-144 | DEBUG | d.t.c.a.a.c.u.util.UserUtilService   : Save 5 users to database...
    23:46:00.474 | 380 ool-1-worker-144 | DEBUG | d.t.c.a.a.c.u.util.UserUtilService   : Save 5 users to database. Done
    23:46:00.556 | 380 ool-1-worker-144 | INFO  | i.z.t.d.l.EmbeddedDatabaseReporter   : JDBC URL to connect to 'dataSource': url='jdbc:h2:tcp://localhost:41063/mem:df70fc46-7e57-4cb5-9cd0-c1d90c14afa7;USER=sa', scope='SubmissionExportIntegrationTest#testExportAll'
    23:46:00.557 | 380 ool-1-worker-144 | DEBUG | d.t.c.a.a.c.s.f.ApiVersionFilter     : Adding Version to Request POST /api/text-exercises/2014/export-submissions
    23:46:00.571 | 380 ool-1-worker-144 | DEBUG | .t.c.a.a.e.s.SubmissionExportService : Delete all temporary files
    23:46:00.575 | 380 ool-1-worker-144 | DEBUG | d.t.c.a.a.c.s.f.ApiVersionFilter     : Adding Version to Request POST /api/modeling-exercises/2013/export-submissions
    23:46:00.598 | 380 ool-1-worker-144 | DEBUG | .t.c.a.a.e.s.SubmissionExportService : Delete all temporary files
    23:46:00.602 | 380 ool-1-worker-144 | DEBUG | d.t.c.a.a.c.s.f.ApiVersionFilter     : Adding Version to Request POST /api/file-upload-exercises/2015/export-submissions
    23:46:00.603 | 566 localvc.event-13 | DEBUG | a.a.b.s.SharedQueueProcessingService : Build job completed: BuildJobQueueItem[id=20471739576759335, name=SHORT07624A260BD060493708A050BB6FAE261DD5TSTEXC-LOCALVCCIINTSTUDENT1, buildAgent=BuildAgentDTO[name=artemis-build-agent-test, memberAddress=[127.0.0.1]:5703, displayName=artemis-build-agent-test], participationId=2047, courseId=999, exerciseId=2616, retryCount=0, priority=2, status=null, repositoryInfo=RepositoryInfo[repositoryName=short07624a260bd060493708a050bb6fae261dd5tstexc-localvcciintstudent1, repositoryType=user, triggeredByPushTo=user, assignmentRepositoryUri=http://localhost:49152/git/SHORT07624A260BD060493708A050BB6FAE261DD5TSTEXC/short07624a260bd060493708a050bb6fae261dd5tstexc-localvcciintstudent1.git, testRepositoryUri=http://localhost:49152/git/SHORT07624A260BD060493708A050BB6FAE261DD5TSTEXC/short07624a260bd060493708a050bb6fae261dd5tstexc-tests.git, solutionRepositoryUri=null, auxiliaryRepositoryUris=[Ljava.lang.String;@50e338d2, auxiliaryRepositoryCheckoutDirectories=[Ljava.lang.String;@17918738], jobTimingInfo=JobTimingInfo[submissionDate=2025-02-14T23:45:59.335772293Z[Etc/UTC], buildStartDate=2025-02-14T23:45:59.344175895Z[Etc/UTC], buildCompletionDate=null, estimatedCompletionDate=2025-02-14T23:46:18.344169813Z[Etc/UTC], estimatedDuration=19], buildConfig=BuildConfig[buildScript=#!/bin/bash
cd /var/tmp/testing-dir
chmod +x ./gradlew
./gradlew clean test
, dockerImage=dummy-docker-image:latest, commitHashToBuild=18a07c7296dd70e3280c5bdcec7fccd0be6b8148, assignmentCommitHash=18a07c7296dd70e3280c5bdcec7fccd0be6b8148, testCommitHash=d654a233667bae063bb900e455fd2da456e10333, branch=main, programmingLanguage=JAVA, projectType=PLAIN_GRADLE, scaEnabled=false, sequentialTestRunsEnabled=false, resultPaths=[/var/tmp/testing-dir/**/test-results/test/*.xml], timeoutSeconds=0, assignmentCheckoutPath=null, testCheckoutPath=null, solutionCheckoutPath=null, dockerRunConfig=null], submissionResult=null]
    23:46:00.603 | 565 localvc.event-12 | DEBUG | a.p.s.l.LocalCIQueueWebsocketService : CIBuildJobQueueItem removed from processing jobs: BuildJobQueueItem[id=20471739576759335, name=SHORT07624A260BD060493708A050BB6FAE261DD5TSTEXC-LOCALVCCIINTSTUDENT1, buildAgent=BuildAgentDTO[name=artemis-build-agent-test, memberAddress=[127.0.0.1]:5703, displayName=artemis-build-agent-test], participationId=2047, courseId=999, exerciseId=2616, retryCount=0, priority=2, status=null, repositoryInfo=RepositoryInfo[repositoryName=short07624a260bd060493708a050bb6fae261dd5tstexc-localvcciintstudent1, repositoryType=user, triggeredByPushTo=user, assignmentRepositoryUri=http://localhost:49152/git/SHORT07624A260BD060493708A050BB6FAE261DD5TSTEXC/short07624a260bd060493708a050bb6fae261dd5tstexc-localvcciintstudent1.git, testRepositoryUri=http://localhost:49152/git/SHORT07624A260BD060493708A050BB6FAE261DD5TSTEXC/short07624a260bd060493708a050bb6fae261dd5tstexc-tests.git, solutionRepositoryUri=null, auxiliaryRepositoryUris=[Ljava.lang.String;@48acb1c3, auxiliaryRepositoryCheckoutDirectories=[Ljava.lang.String;@166a2aec], jobTimingInfo=JobTimingInfo[submissionDate=2025-02-14T23:45:59.335772293Z[Etc/UTC], buildStartDate=2025-02-14T23:45:59.344175895Z[Etc/UTC], buildCompletionDate=null, estimatedCompletionDate=2025-02-14T23:46:18.344169813Z[Etc/UTC], estimatedDuration=19], buildConfig=BuildConfig[buildScript=#!/bin/bash
cd /var/tmp/testing-dir
chmod +x ./gradlew
./gradlew clean test
, dockerImage=dummy-docker-image:latest, commitHashToBuild=18a07c7296dd70e3280c5bdcec7fccd0be6b8148, assignmentCommitHash=18a07c7296dd70e3280c5bdcec7fccd0be6b8148, testCommitHash=d654a233667bae063bb900e455fd2da456e10333, branch=main, programmingLanguage=JAVA, projectType=PLAIN_GRADLE, scaEnabled=false, sequentialTestRunsEnabled=false, resultPaths=[/var/tmp/testing-dir/**/test-results/test/*.xml], timeoutSeconds=0, assignmentCheckoutPath=null, testCheckoutPath=null, solutionCheckoutPath=null, dockerRunConfig=null], submissionResult=null]
    23:46:00.604 | 565 localvc.event-12 | DEBUG | s.l.LocalCIWebsocketMessagingService : Sending message on topic /topic/admin/running-jobs: []
    23:46:00.604 | 565 localvc.event-12 | DEBUG | s.l.LocalCIWebsocketMessagingService : Sending message on topic /topic/courses/999/running-jobs: []
    23:46:00.611 | 380 ool-1-worker-144 | DEBUG | .t.c.a.a.e.s.SubmissionExportService : Delete all temporary files
    23:46:00.612 | 566 localvc.event-13 | DEBUG | a.a.b.s.SharedQueueProcessingService : Currently processing jobs on this node: 0, active threads in Pool: 0, maximum pool size of thread executor : 1
    23:46:00.615 | 566 localvc.event-13 | DEBUG | s.l.LocalCIWebsocketMessagingService : Sending message on topic /topic/admin/queued-jobs: []
    23:46:00.615 | 566 localvc.event-13 | DEBUG | s.l.LocalCIWebsocketMessagingService : Sending message on topic /topic/courses/999/queued-jobs: []
    23:46:00.615 | 566 localvc.event-13 | DEBUG | a.a.b.s.SharedQueueProcessingService : CIBuildJobQueueItem removed from queue: BuildJobQueueItem[id=20471739576759335, name=SHORT07624A260BD060493708A050BB6FAE261DD5TSTEXC-LOCALVCCIINTSTUDENT1, buildAgent=BuildAgentDTO[name=null, memberAddress=null, displayName=null], participationId=2047, courseId=999, exerciseId=2616, retryCount=0, priority=2, status=null, repositoryInfo=RepositoryInfo[repositoryName=short07624a260bd060493708a050bb6fae261dd5tstexc-localvcciintstudent1, repositoryType=user, triggeredByPushTo=user, assignmentRepositoryUri=http://localhost:49152/git/SHORT07624A260BD060493708A050BB6FAE261DD5TSTEXC/short07624a260bd060493708a050bb6fae261dd5tstexc-localvcciintstudent1.git, testRepositoryUri=http://localhost:49152/git/SHORT07624A260BD060493708A050BB6FAE261DD5TSTEXC/short07624a260bd060493708a050bb6fae261dd5tstexc-tests.git, solutionRepositoryUri=null, auxiliaryRepositoryUris=[Ljava.lang.String;@58614dfa, auxiliaryRepositoryCheckoutDirectories=[Ljava.lang.String;@d108509], jobTimingInfo=JobTimingInfo[submissionDate=2025-02-14T23:45:59.335772293Z[Etc/UTC], buildStartDate=null, buildCompletionDate=null, estimatedCompletionDate=null, estimatedDuration=19], buildConfig=BuildConfig[buildScript=#!/bin/bash
cd /var/tmp/testing-dir
chmod +x ./gradlew
./gradlew clean test
, dockerImage=dummy-docker-image:latest, commitHashToBuild=18a07c7296dd70e3280c5bdcec7fccd0be6b8148, assignmentCommitHash=18a07c7296dd70e3280c5bdcec7fccd0be6b8148, testCommitHash=d654a233667bae063bb900e455fd2da456e10333, branch=main, programmingLanguage=JAVA, projectType=PLAIN_GRADLE, scaEnabled=false, sequentialTestRunsEnabled=false, resultPaths=[/var/tmp/testing-dir/**/test-results/test/*.xml], timeoutSeconds=0, assignmentCheckoutPath=null, testCheckoutPath=null, solutionCheckoutPath=null, dockerRunConfig=null], submissionResult=null]
    23:46:00.615 | 566 localvc.event-13 | DEBUG | s.l.LocalCIWebsocketMessagingService : Sending message on topic /topic/admin/queued-jobs: []
    23:46:00.615 | 566 localvc.event-13 | DEBUG | s.l.LocalCIWebsocketMessagingService : Sending message on topic /topic/courses/999/queued-jobs: []
    23:46:00.616 | 566 localvc.event-13 | DEBUG | a.p.s.l.LocalCIQueueWebsocketService : Build agent updated: BuildAgentInformation[buildAgent=BuildAgentDTO[name=artemis-build-agent-test, memberAddress=[127.0.0.1]:5703, displayName=artemis-build-agent-test], maxNumberOfConcurrentBuildJobs=1, numberOfCurrentBuildJobs=1, runningBuildJobs=[BuildJobQueueItem[id=20471739576759335, name=SHORT07624A260BD060493708A050BB6FAE261DD5TSTEXC-LOCALVCCIINTSTUDENT1, buildAgent=BuildAgentDTO[name=artemis-build-agent-test, memberAddress=[127.0.0.1]:5703, displayName=artemis-build-agent-test], participationId=2047, courseId=999, exerciseId=2616, retryCount=0, priority=2, status=null, repositoryInfo=RepositoryInfo[repositoryName=short07624a260bd060493708a050bb6fae261dd5tstexc-localvcciintstudent1, repositoryType=user, triggeredByPushTo=user, assignmentRepositoryUri=http://localhost:49152/git/SHORT07624A260BD060493708A050BB6FAE261DD5TSTEXC/short07624a260bd060493708a050bb6fae261dd5tstexc-localvcciintstudent1.git, testRepositoryUri=http://localhost:49152/git/SHORT07624A260BD060493708A050BB6FAE261DD5TSTEXC/short07624a260bd060493708a050bb6fae261dd5tstexc-tests.git, solutionRepositoryUri=null, auxiliaryRepositoryUris=[Ljava.lang.String;@4573b5d1, auxiliaryRepositoryCheckoutDirectories=[Ljava.lang.String;@4c4248bb], jobTimingInfo=JobTimingInfo[submissionDate=2025-02-14T23:45:59.335772293Z[Etc/UTC], buildStartDate=2025-02-14T23:45:59.344175895Z[Etc/UTC], buildCompletionDate=null, estimatedCompletionDate=2025-02-14T23:46:18.344169813Z[Etc/UTC], estimatedDuration=19], buildConfig=BuildConfig[buildScript=#!/bin/bash
cd /var/tmp/testing-dir
chmod +x ./gradlew
./gradlew clean test
, dockerImage=dummy-docker-image:latest, commitHashToBuild=18a07c7296dd70e3280c5bdcec7fccd0be6b8148, assignmentCommitHash=18a07c7296dd70e3280c5bdcec7fccd0be6b8148, testCommitHash=d654a233667bae063bb900e455fd2da456e10333, branch=main, programmingLanguage=JAVA, projectType=PLAIN_GRADLE, scaEnabled=false, sequentialTestRunsEnabled=false, resultPaths=[/var/tmp/testing-dir/**/test-results/test/*.xml], timeoutSeconds=0, assignmentCheckoutPath=null, testCheckoutPath=null, solutionCheckoutPath=null, dockerRunConfig=null], submissionResult=null]], status=ACTIVE, recentBuildJobs=[BuildJobQueueItem[id=19141739576708030, name=SHORT5F02A8F400311042E70858306EB148073CFDTSTEXC-LOCALVCINTSTUDENT1, buildAgent=BuildAgentDTO[name=artemis-build-agent-test, memberAddress=[127.0.0.1]:5703, displayName=artemis-build-agent-test], participationId=1914, courseId=947, exerciseId=2564, retryCount=0, priority=2, status=FAILED, repositoryInfo=RepositoryInfo[repositoryName=short5f02a8f400311042e70858306eb148073cfdtstexc-localvcintstudent1, repositoryType=user, triggeredByPushTo=user, assignmentRepositoryUri=http://localhost:49152/git/SHORT5F02A8F400311042E70858306EB148073CFDTSTEXC/short5f02a8f400311042e70858306eb148073cfdtstexc-localvcintstudent1.git, testRepositoryUri=http://localhost:49152/git/SHORT5F02A8F400311042E70858306EB148073CFDTSTEXC/short5f02a8f400311042e70858306eb148073cfdtstexc-tests.git, solutionRepositoryUri=null, auxiliaryRepositoryUris=[Ljava.lang.String;@41a655fc, auxiliaryRepositoryCheckoutDirectories=[Ljava.lang.String;@2f456ca7], jobTimingInfo=JobTimingInfo[submissionDate=2025-02-14T23:45:08.030118216Z[Etc/UTC], buildStartDate=2025-02-14T23:45:08.041011412Z[Etc/UTC], buildCompletionDate=2025-02-14T23:45:08.054603331Z[Etc/UTC], estimatedCompletionDate=2025-02-14T23:45:27.041005080Z[Etc/UTC], estimatedDuration=19], buildConfig=BuildConfig[buildScript=#!/bin/bash
cd /var/tmp/testing-dir
chmod +x ./gradlew
./gradlew clean test
, dockerImage=dummy-docker-image:latest, commitHashToBuild=6e7146cac5059504aa9d170ec3fa23aec740bb51, assignmentCommitHash=6e7146cac5059504aa9d170ec3fa23aec740bb51, testCommitHash=931e5303581c7a2f01339ba603cfafbfe668b901, branch=main, programmingLanguage=JAVA, projectType=PLAIN_GRADLE, scaEnabled=false, sequentialTestRunsEnabled=false, resultPaths=[/var/tmp/testing-dir/**/test-results/test/*.xml], timeoutSeconds=0, assignmentCheckoutPath=null, testCheckoutPath=null, solutionCheckoutPath=null, dockerRunConfig=null], submissionResult=ResultDTO[id=622, completionDate=2025-02-14T23:45:08.054683681Z[Etc/UTC], successful=false, score=0.0, rated=true, submission=SubmissionDTO[id=814, submitted=true, type=MANUAL, exampleSubmission=null, submissionDate=2025-02-14T23:45:08.016200Z, commitHash=6e7146cac5059504aa9d170ec3fa23aec740bb51, buildFailed=true, buildArtifact=false, participation=ParticipationDTO[id=1914, testRun=false, type=programming, submissionCount=null, exercise=ParticipationExerciseDTO[id=2564, exerciseType=PROGRAMMING, type=programming, assessmentType=AUTOMATIC, dueDate=2025-02-16T23:45:07.324348Z, assessmentDueDate=null, maxPoints=42.0, course=CourseDTO[id=947, accuracyOfScores=1]]], submissionExerciseType=programming, isProcessing=false, buildStartDate=null, estimatedCompletionDate=null], participation=ParticipationDTO[id=1914, testRun=false, type=programming, submissionCount=null, exercise=ParticipationExerciseDTO[id=2564, exerciseType=PROGRAMMING, type=programming, assessmentType=AUTOMATIC, dueDate=2025-02-16T23:45:07.324348Z, assessmentDueDate=null, maxPoints=42.0, course=CourseDTO[id=947, accuracyOfScores=1]]], feedbacks=[], assessmentType=AUTOMATIC, hasComplaint=null, exampleResult=null, testCaseCount=0, passedTestCaseCount=0, codeIssueCount=0]], BuildJobQueueItem[id=19361739576711303, name=SHORT9AFDAE3804CA304DDF0889A0CB0F56104A86TSTEXC-LOCALVCINTSTUDENT1, buildAgent=BuildAgentDTO[name=artemis-build-agent-test, memberAddress=[127.0.0.1]:5703, displayName=artemis-build-agent-test], participationId=1936, courseId=956, exerciseId=2573, retryCount=0, priority=2, status=FAILED, repositoryInfo=RepositoryInfo[repositoryName=short9afdae3804ca304ddf0889a0cb0f56104a86tstexc-localvcintstudent1, repositoryType=user, triggeredByPushTo=user, assignmentRepositoryUri=http://localhost:49152/git/SHORT9AFDAE3804CA304DDF0889A0CB0F56104A86TSTEXC/short9afdae3804ca304ddf0889a0cb0f56104a86tstexc-localvcintstudent1.git, testRepositoryUri=http://localhost:49152/git/SHORT9AFDAE3804CA304DDF0889A0CB0F56104A86TSTEXC/short9afdae3804ca304ddf0889a0cb0f56104a86tstexc-tests.git, solutionRepositoryUri=null, auxiliaryRepositoryUris=[Ljava.lang.String;@774089a3, auxiliaryRepositoryCheckoutDirectories=[Ljava.lang.String;@29190060], jobTimingInfo=JobTimingInfo[submissionDate=2025-02-14T23:45:11.303805653Z[Etc/UTC], buildStartDate=2025-02-14T23:45:11.310981356Z[Etc/UTC], buildCompletionDate=2025-02-14T23:45:11.319178384Z[Etc/UTC], estimatedCompletionDate=2025-02-14T23:45:30.310974944Z[Etc/UTC], estimatedDuration=19], buildConfig=BuildConfig[buildScript=#!/bin/bash
cd /var/tmp/testing-dir
chmod +x ./gradlew
./gradlew clean test
, dockerImage=dummy-docker-image:latest, commitHashToBuild=a1099e378cffde441ef85f9b12577ca174b8e1e4, assignmentCommitHash=a1099e378cffde441ef85f9b12577ca174b8e1e4, testCommitHash=bd38d61c299ab11a1dea82a3ca5493fe04d97d47, branch=main, programmingLanguage=JAVA, projectType=PLAIN_GRADLE, scaEnabled=false, sequentialTestRunsEnabled=false, resultPaths=[/var/tmp/testing-dir/**/test-results/test/*.xml], timeoutSeconds=0, assignmentCheckoutPath=null, testCheckoutPath=null, solutionCheckoutPath=null, dockerRunConfig=null], submissionResult=ResultDTO[id=623, completionDate=2025-02-14T23:45:11.319278430Z[Etc/UTC], successful=false, score=0.0, rated=true, submission=SubmissionDTO[id=815, submitted=true, type=MANUAL, exampleSubmission=null, submissionDate=2025-02-14T23:45:11.294386Z, commitHash=a1099e378cffde441ef85f9b12577ca174b8e1e4, buildFailed=true, buildArtifact=false, participation=ParticipationDTO[id=1936, testRun=false, type=programming, submissionCount=null, exercise=ParticipationExerciseDTO[id=2573, exerciseType=PROGRAMMING, type=programming, assessmentType=AUTOMATIC, dueDate=2025-02-16T23:45:10.996982Z, assessmentDueDate=null, maxPoints=42.0, course=CourseDTO[id=956, accuracyOfScores=1]]], submissionExerciseType=programming, isProcessing=false, buildStartDate=null, estimatedCompletionDate=null], participation=ParticipationDTO[id=1936, testRun=false, type=programming, submissionCount=null, exercise=ParticipationExerciseDTO[id=2573, exerciseType=PROGRAMMING, type=programming, assessmentType=AUTOMATIC, dueDate=2025-02-16T23:45:10.996982Z, assessmentDueDate=null, maxPoints=42.0, course=CourseDTO[id=956, accuracyOfScores=1]]], feedbacks=[], assessmentType=AUTOMATIC, hasComplaint=null, exampleResult=null, testCaseCount=0, passedTestCaseCount=0, codeIssueCount=0]], BuildJobQueueItem[id=19351739576711674, name=SHORT9AFDAE3804CA304DDF0889A0CB0F56104A86TSTEXC-BASE, buildAgent=BuildAgentDTO[name=artemis-build-agent-test, memberAddress=[127.0.0.1]:5703, displayName=artemis-build-agent-test], participationId=1935, courseId=956, exerciseId=2573, retryCount=0, priority=2, status=FAILED, repositoryInfo=RepositoryInfo[repositoryName=short9afdae3804ca304ddf0889a0cb0f56104a86tstexc-exercise, repositoryType=exercise, triggeredByPushTo=exercise, assignmentRepositoryUri=http://localhost:49152/git/SHORT9AFDAE3804CA304DDF0889A0CB0F56104A86TSTEXC/short9afdae3804ca304ddf0889a0cb0f56104a86tstexc-exercise.git, testRepositoryUri=http://localhost:49152/git/SHORT9AFDAE3804CA304DDF0889A0CB0F56104A86TSTEXC/short9afdae3804ca304ddf0889a0cb0f56104a86tstexc-tests.git, solutionRepositoryUri=null, auxiliaryRepositoryUris=[Ljava.lang.String;@5ae3a90a, auxiliaryRepositoryCheckoutDirectories=[Ljava.lang.String;@5ec7d6a5], jobTimingInfo=JobTimingInfo[submissionDate=2025-02-14T23:45:11.674556681Z[Etc/UTC], buildStartDate=2025-02-14T23:45:11.677776879Z[Etc/UTC], buildCompletionDate=2025-02-14T23:45:11.688097378Z[Etc/UTC], estimatedCompletionDate=2025-02-14T23:45:30.677771620Z[Etc/UTC], estimatedDuration=19], buildConfig=BuildConfig[buildScript=#!/bin/bash
cd /var/tmp/testing-dir
chmod +x ./gradlew
./gradlew clean test
, dockerImage=dummy-docker-image:latest, commitHashToBuild=a1099e378cffde441ef85f9b12577ca174b8e1e4, assignmentCommitHash=a1099e378cffde441ef85f9b12577ca174b8e1e4, testCommitHash=bd38d61c299ab11a1dea82a3ca5493fe04d97d47, branch=main, programmingLanguage=JAVA, projectType=PLAIN_GRADLE, scaEnabled=false, sequentialTestRunsEnabled=false, resultPaths=[/var/tmp/testing-dir/**/test-results/test/*.xml], timeoutSeconds=0, assignmentCheckoutPath=null, testCheckoutPath=null, solutionCheckoutPath=null, dockerRunConfig=null], submissionResult=ResultDTO[id=624, completionDate=2025-02-14T23:45:11.688214837Z[Etc/UTC], successful=false, score=0.0, rated=true, submission=SubmissionDTO[id=816, submitted=true, type=MANUAL, exampleSubmission=null, submissionDate=2025-02-14T23:45:11.656934Z, commitHash=a1099e378cffde441ef85f9b12577ca174b8e1e4, buildFailed=true, buildArtifact=false, participation=ParticipationDTO[id=1935, testRun=false, type=template, submissionCount=null, exercise=ParticipationExerciseDTO[id=2573, exerciseType=PROGRAMMING, type=programming, assessmentType=AUTOMATIC, dueDate=2025-02-16T23:45:10.996982Z, assessmentDueDate=null, maxPoints=42.0, course=CourseDTO[id=956, accuracyOfScores=1]]], submissionExerciseType=programming, isProcessing=false, buildStartDate=null, estimatedCompletionDate=null], participation=ParticipationDTO[id=1935, testRun=false, type=template, submissionCount=null, exercise=ParticipationExerciseDTO[id=2573, exerciseType=PROGRAMMING, type=programming, assessmentType=AUTOMATIC, dueDate=2025-02-16T23:45:10.996982Z, assessmentDueDate=null, maxPoints=42.0, course=CourseDTO[id=956, accuracyOfScores=1]]], feedbacks=[], assessmentType=AUTOMATIC, hasComplaint=null, exampleResult=null, testCaseCount=0, passedTestCaseCount=0, codeIssueCount=0]], BuildJobQueueItem[id=19341739576712112, name=SHORT9AFDAE3804CA304DDF0889A0CB0F56104A86TSTEXC-SOLUTION, buildAgent=BuildAgentDTO[name=artemis-build-agent-test, memberAddress=[127.0.0.1]:5703, displayName=artemis-build-agent-test], participationId=1934, courseId=956, exerciseId=2573, retryCount=0, priority=2, status=FAILED, repositoryInfo=RepositoryInfo[repositoryName=short9afdae3804ca304ddf0889a0cb0f56104a86tstexc-solution, repositoryType=solution, triggeredByPushTo=solution, assignmentRepositoryUri=http://localhost:49152/git/SHORT9AFDAE3804CA304DDF0889A0CB0F56104A86TSTEXC/short9afdae3804ca304ddf0889a0cb0f56104a86tstexc-solution.git, testRepositoryUri=http://localhost:49152/git/SHORT9AFDAE3804CA304DDF0889A0CB0F56104A86TSTEXC/short9afdae3804ca304ddf0889a0cb0f56104a86tstexc-tests.git, solutionRepositoryUri=null, auxiliaryRepositoryUris=[Ljava.lang.String;@2d39414f, auxiliaryRepositoryCheckoutDirectories=[Ljava.lang.String;@4c424e88], jobTimingInfo=JobTimingInfo[submissionDate=2025-02-14T23:45:12.112332872Z[Etc/UTC], buildStartDate=2025-02-14T23:45:12.121617114Z[Etc/UTC], buildCompletionDate=2025-02-14T23:45:12.127931701Z[Etc/UTC], estimatedCompletionDate=2025-02-14T23:45:31.121609600Z[Etc/UTC], estimatedDuration=19], buildConfig=BuildConfig[buildScript=#!/bin/bash
cd /var/tmp/testing-dir
chmod +x ./gradlew
./gradlew clean test
, dockerImage=dummy-docker-image:latest, commitHashToBuild=a1099e378cffde441ef85f9b12577ca174b8e1e4, assignmentCommitHash=a1099e378cffde441ef85f9b12577ca174b8e1e4, testCommitHash=bd38d61c299ab11a1dea82a3ca5493fe04d97d47, branch=main, programmingLanguage=JAVA, projectType=PLAIN_GRADLE, scaEnabled=false, sequentialTestRunsEnabled=false, resultPaths=[/var/tmp/testing-dir/**/test-results/test/*.xml], timeoutSeconds=0, assignmentCheckoutPath=null, testCheckoutPath=null, solutionCheckoutPath=null, dockerRunConfig=null], submissionResult=ResultDTO[id=625, completionDate=2025-02-14T23:45:12.128011800Z[Etc/UTC], successful=false, score=0.0, rated=true, submission=SubmissionDTO[id=817, submitted=true, type=MANUAL, exampleSubmission=null, submissionDate=2025-02-14T23:45:12.098737Z, commitHash=a1099e378cffde441ef85f9b12577ca174b8e1e4, buildFailed=true, buildArtifact=false, participation=ParticipationDTO[id=1934, testRun=false, type=solution, submissionCount=null, exercise=ParticipationExerciseDTO[id=2573, exerciseType=PROGRAMMING, type=programming, assessmentType=AUTOMATIC, dueDate=2025-02-16T23:45:10.996982Z, assessmentDueDate=null, maxPoints=42.0, course=CourseDTO[id=956, accuracyOfScores=1]]], submissionExerciseType=programming, isProcessing=false, buildStartDate=null, estimatedCompletionDate=null], participation=ParticipationDTO[id=1934, testRun=false, type=solution, submissionCount=null, exercise=ParticipationExerciseDTO[id=2573, exerciseType=PROGRAMMING, type=programming, assessmentType=AUTOMATIC, dueDate=2025-02-16T23:45:10.996982Z, assessmentDueDate=null, maxPoints=42.0, course=CourseDTO[id=956, accuracyOfScores=1]]], feedbacks=[], assessmentType=AUTOMATIC, hasComplaint=null, exampleResult=null, testCaseCount=0, passedTestCaseCount=0, codeIssueCount=0]], BuildJobQueueItem[id=19341739576713025, name=SHORT9AFDAE3804CA304DDF0889A0CB0F56104A86TSTEXC-SOLUTION, buildAgent=BuildAgentDTO[name=artemis-build-agent-test, memberAddress=[127.0.0.1]:5703, displayName=artemis-build-agent-test], participationId=1934, courseId=956, exerciseId=2573, retryCount=0, priority=2, status=FAILED, repositoryInfo=RepositoryInfo[repositoryName=short9afdae3804ca304ddf0889a0cb0f56104a86tstexc-solution, repositoryType=solution, triggeredByPushTo=tests, assignmentRepositoryUri=http://localhost:49152/git/SHORT9AFDAE3804CA304DDF0889A0CB0F56104A86TSTEXC/short9afdae3804ca304ddf0889a0cb0f56104a86tstexc-solution.git, testRepositoryUri=http://localhost:49152/git/SHORT9AFDAE3804CA304DDF0889A0CB0F56104A86TSTEXC/short9afdae3804ca304ddf0889a0cb0f56104a86tstexc-tests.git, solutionRepositoryUri=null, auxiliaryRepositoryUris=[Ljava.lang.String;@bae05f3, auxiliaryRepositoryCheckoutDirectories=[Ljava.lang.String;@6bbc98dd], jobTimingInfo=JobTimingInfo[submissionDate=2025-02-14T23:45:13.025319671Z[Etc/UTC], buildStartDate=2025-02-14T23:45:13.040293146Z[Etc/UTC], buildCompletionDate=2025-02-14T23:45:13.053032917Z[Etc/UTC], estimatedCompletionDate=2025-02-14T23:45:32.040285703Z[Etc/UTC], estimatedDuration=19], buildConfig=BuildConfig[buildScript=#!/bin/bash
cd /var/tmp/testing-dir
chmod +x ./gradlew
./gradlew clean test
, dockerImage=dummy-docker-image:latest, commitHashToBuild=784f8f0049d2a1a54f21c67dd772bea86715267a, assignmentCommitHash=a1099e378cffde441ef85f9b12577ca174b8e1e4, testCommitHash=784f8f0049d2a1a54f21c67dd772bea86715267a, branch=main, programmingLanguage=JAVA, projectType=PLAIN_GRADLE, scaEnabled=false, sequentialTestRunsEnabled=false, resultPaths=[/var/tmp/testing-dir/**/test-results/test/*.xml], timeoutSeconds=0, assignmentCheckoutPath=null, testCheckoutPath=null, solutionCheckoutPath=null, dockerRunConfig=null], submissionResult=ResultDTO[id=626, completionDate=2025-02-14T23:45:13.053131811Z[Etc/UTC], successful=false, score=0.0, rated=true, submission=SubmissionDTO[id=818, submitted=true, type=TEST, exampleSubmission=null, submissionDate=2025-02-14T23:45:13.005779Z, commitHash=784f8f0049d2a1a54f21c67dd772bea86715267a, buildFailed=true, buildArtifact=false, participation=ParticipationDTO[id=1934, testRun=false, type=solution, submissionCount=null, exercise=ParticipationExerciseDTO[id=2573, exerciseType=PROGRAMMING, type=programming, assessmentType=AUTOMATIC, dueDate=2025-02-16T23:45:10.996982Z, assessmentDueDate=null, maxPoints=42.0, course=CourseDTO[id=956, accuracyOfScores=1]]], submissionExerciseType=programming, isProcessing=false, buildStartDate=null, estimatedCompletionDate=null], participation=ParticipationDTO[id=1934, testRun=false, type=solution, submissionCount=null, exercise=ParticipationExerciseDTO[id=2573, exerciseType=PROGRAMMING, type=programming, assessmentType=AUTOMATIC, dueDate=2025-02-16T23:45:10.996982Z, assessmentDueDate=null, maxPoints=42.0, course=CourseDTO[id=956, accuracyOfScores=1]]], feedbacks=[], assessmentType=AUTOMATIC, hasComplaint=null, exampleResult=null, testCaseCount=0, passedTestCaseCount=0, codeIssueCount=0]], BuildJobQueueItem[id=19581739576715555, name=SHORTC1A3F9FC03D2304B4308FA20AF16D54AAA49TSTEXC-LOCALVCSSHINTSTUDENT1, buildAgent=BuildAgentDTO[name=artemis-build-agent-test, memberAddress=[127.0.0.1]:5703, displayName=artemis-build-agent-test], participationId=1958, courseId=965, exerciseId=2582, retryCount=0, priority=2, status=FAILED, repositoryInfo=RepositoryInfo[repositoryName=shortc1a3f9fc03d2304b4308fa20af16d54aaa49tstexc-localvcsshintstudent1, repositoryType=user, triggeredByPushTo=user, assignmentRepositoryUri=http://localhost:49152/git/SHORTC1A3F9FC03D2304B4308FA20AF16D54AAA49TSTEXC/shortc1a3f9fc03d2304b4308fa20af16d54aaa49tstexc-localvcsshintstudent1.git, testRepositoryUri=http://localhost:49152/git/SHORTC1A3F9FC03D2304B4308FA20AF16D54AAA49TSTEXC/shortc1a3f9fc03d2304b4308fa20af16d54aaa49tstexc-tests.git, solutionRepositoryUri=null, auxiliaryRepositoryUris=[Ljava.lang.String;@ce88fdc, auxiliaryRepositoryCheckoutDirectories=[Ljava.lang.String;@5200a6c7], jobTimingInfo=JobTimingInfo[submissionDate=2025-02-14T23:45:15.555989584Z[Etc/UTC], buildStartDate=2025-02-14T23:45:15.568477627Z[Etc/UTC], buildCompletionDate=2025-02-14T23:45:15.579021148Z[Etc/UTC], estimatedCompletionDate=2025-02-14T23:45:34.568443924Z[Etc/UTC], estimatedDuration=19], buildConfig=BuildConfig[buildScript=#!/bin/bash
cd /var/tmp/testing-dir
chmod +x ./gradlew
./gradlew clean test
, dockerImage=dummy-docker-image:latest, commitHashToBuild=ca76dac20e040e6609db02fd7fedd56bf58829d7, assignmentCommitHash=ca76dac20e040e6609db02fd7fedd56bf58829d7, testCommitHash=bd0d58c226dc63bfa4bc9052870589952c0a1f83, branch=main, programmingLanguage=JAVA, projectType=PLAIN_GRADLE, scaEnabled=false, sequentialTestRunsEnabled=false, resultPaths=[/var/tmp/testing-dir/**/test-results/test/*.xml], timeoutSeconds=0, assignmentCheckoutPath=null, testCheckoutPath=null, solutionCheckoutPath=null, dockerRunConfig=null], submissionResult=ResultDTO[id=627, completionDate=2025-02-14T23:45:15.579119131Z[Etc/UTC], successful=false, score=0.0, rated=true, submission=SubmissionDTO[id=820, submitted=true, type=MANUAL, exampleSubmission=null, submissionDate=2025-02-14T23:45:15.548349Z, commitHash=ca76dac20e040e6609db02fd7fedd56bf58829d7, buildFailed=true, buildArtifact=false, participation=ParticipationDTO[id=1958, testRun=false, type=programming, submissionCount=null, exercise=ParticipationExerciseDTO[id=2582, exerciseType=PROGRAMMING, type=programming, assessmentType=AUTOMATIC, dueDate=2025-02-16T23:45:15.103512Z, assessmentDueDate=null, maxPoints=42.0, course=CourseDTO[id=965, accuracyOfScores=1]]], submissionExerciseType=programming, isProcessing=false, buildStartDate=null, estimatedCompletionDate=null], participation=ParticipationDTO[id=1958, testRun=false, type=programming, submissionCount=null, exercise=ParticipationExerciseDTO[id=2582, exerciseType=PROGRAMMING, type=programming, assessmentType=AUTOMATIC, dueDate=2025-02-16T23:45:15.103512Z, assessmentDueDate=null, maxPoints=42.0, course=CourseDTO[id=965, accuracyOfScores=1]]], feedbacks=[], assessmentType=AUTOMATIC, hasComplaint=null, exampleResult=null, testCaseCount=0, passedTestCaseCount=0, codeIssueCount=0]], BuildJobQueueItem[id=19801739576719393, name=SHORTB2A6C58B0D447045380A858075B170A5B7C6TSTEXC-LOCALVCSSHINTSTUDENT1, buildAgent=BuildAgentDTO[name=artemis-build-agent-test, memberAddress=[127.0.0.1]:5703, displayName=artemis-build-agent-test], participationId=1980, courseId=974, exerciseId=2591, retryCount=0, priority=2, status=FAILED, repositoryInfo=RepositoryInfo[repositoryName=shortb2a6c58b0d447045380a858075b170a5b7c6tstexc-localvcsshintstudent1, repositoryType=user, triggeredByPushTo=user, assignmentRepositoryUri=http://localhost:49152/git/SHORTB2A6C58B0D447045380A858075B170A5B7C6TSTEXC/shortb2a6c58b0d447045380a858075b170a5b7c6tstexc-localvcsshintstudent1.git, testRepositoryUri=http://localhost:49152/git/SHORTB2A6C58B0D447045380A858075B170A5B7C6TSTEXC/shortb2a6c58b0d447045380a858075b170a5b7c6tstexc-tests.git, solutionRepositoryUri=null, auxiliaryRepositoryUris=[Ljava.lang.String;@297ab0e9, auxiliaryRepositoryCheckoutDirectories=[Ljava.lang.String;@260faf6b], jobTimingInfo=JobTimingInfo[submissionDate=2025-02-14T23:45:19.393259829Z[Etc/UTC], buildStartDate=2025-02-14T23:45:19.405438171Z[Etc/UTC], buildCompletionDate=2025-02-14T23:45:19.414070673Z[Etc/UTC], estimatedCompletionDate=2025-02-14T23:45:38.405431569Z[Etc/UTC], estimatedDuration=19], buildConfig=BuildConfig[buildScript=#!/bin/bash
cd /var/tmp/testing-dir
chmod +x ./gradlew
./gradlew clean test
, dockerImage=dummy-docker-image:latest, commitHashToBuild=363cdbf709a9fff149f813ab848ee800a675cc77, assignmentCommitHash=363cdbf709a9fff149f813ab848ee800a675cc77, testCommitHash=a5e046ece417b2e538f21f816e2524dab61e0d10, branch=main, programmingLanguage=JAVA, projectType=PLAIN_GRADLE, scaEnabled=false, sequentialTestRunsEnabled=false, resultPaths=[/var/tmp/testing-dir/**/test-results/test/*.xml], timeoutSeconds=0, assignmentCheckoutPath=null, testCheckoutPath=null, solutionCheckoutPath=null, dockerRunConfig=null], submissionResult=ResultDTO[id=628, completionDate=2025-02-14T23:45:19.414171040Z[Etc/UTC], successful=false, score=0.0, rated=true, submission=SubmissionDTO[id=821, submitted=true, type=MANUAL, exampleSubmission=null, submissionDate=2025-02-14T23:45:19.376840Z, commitHash=363cdbf709a9fff149f813ab848ee800a675cc77, buildFailed=true, buildArtifact=false, participation=ParticipationDTO[id=1980, testRun=false, type=programming, submissionCount=null, exercise=ParticipationExerciseDTO[id=2591, exerciseType=PROGRAMMING, type=programming, assessmentType=AUTOMATIC, dueDate=2025-02-16T23:45:18.950569Z, assessmentDueDate=null, maxPoints=42.0, course=CourseDTO[id=974, accuracyOfScores=1]]], submissionExerciseType=programming, isProcessing=false, buildStartDate=null, estimatedCompletionDate=null], participation=ParticipationDTO[id=1980, testRun=false, type=programming, submissionCount=null, exercise=ParticipationExerciseDTO[id=2591, exerciseType=PROGRAMMING, type=programming, assessmentType=AUTOMATIC, dueDate=2025-02-16T23:45:18.950569Z, assessmentDueDate=null, maxPoints=42.0, course=CourseDTO[id=974, accuracyOfScores=1]]], feedbacks=[], assessmentType=AUTOMATIC, hasComplaint=null, exampleResult=null, testCaseCount=0, passedTestCaseCount=0, codeIssueCount=0]], BuildJobQueueItem[id=19791739576719787, name=SHORTB2A6C58B0D447045380A858075B170A5B7C6TSTEXC-BASE, buildAgent=BuildAgentDTO[name=artemis-build-agent-test, memberAddress=[127.0.0.1]:5703, displayName=artemis-build-agent-test], participationId=1979, courseId=974, exerciseId=2591, retryCount=0, priority=2, status=FAILED, repositoryInfo=RepositoryInfo[repositoryName=shortb2a6c58b0d447045380a858075b170a5b7c6tstexc-exercise, repositoryType=exercise, triggeredByPushTo=exercise, assignmentRepositoryUri=http://localhost:49152/git/SHORTB2A6C58B0D447045380A858075B170A5B7C6TSTEXC/shortb2a6c58b0d447045380a858075b170a5b7c6tstexc-exercise.git, testRepositoryUri=http://localhost:49152/git/SHORTB2A6C58B0D447045380A858075B170A5B7C6TSTEXC/shortb2a6c58b0d447045380a858075b170a5b7c6tstexc-tests.git, solutionRepositoryUri=null, auxiliaryRepositoryUris=[Ljava.lang.String;@6e514219, auxiliaryRepositoryCheckoutDirectories=[Ljava.lang.String;@3930e78a], jobTimingInfo=JobTimingInfo[submissionDate=2025-02-14T23:45:19.787985058Z[Etc/UTC], buildStartDate=2025-02-14T23:45:19.796327417Z[Etc/UTC], buildCompletionDate=2025-02-14T23:45:19.799750982Z[Etc/UTC], estimatedCompletionDate=2025-02-14T23:45:38.796319082Z[Etc/UTC], estimatedDuration=19], buildConfig=BuildConfig[buildScript=#!/bin/bash
cd /var/tmp/testing-dir
chmod +x ./gradlew
./gradlew clean test
, dockerImage=dummy-docker-image:latest, commitHashToBuild=363cdbf709a9fff149f813ab848ee800a675cc77, assignmentCommitHash=363cdbf709a9fff149f813ab848ee800a675cc77, testCommitHash=a5e046ece417b2e538f21f816e2524dab61e0d10, branch=main, programmingLanguage=JAVA, projectType=PLAIN_GRADLE, scaEnabled=false, sequentialTestRunsEnabled=false, resultPaths=[/var/tmp/testing-dir/**/test-results/test/*.xml], timeoutSeconds=0, assignmentCheckoutPath=null, testCheckoutPath=null, solutionCheckoutPath=null, dockerRunConfig=null], submissionResult=ResultDTO[id=629, completionDate=2025-02-14T23:45:19.799820341Z[Etc/UTC], successful=false, score=0.0, rated=true, submission=SubmissionDTO[id=822, submitted=true, type=MANUAL, exampleSubmission=null, submissionDate=2025-02-14T23:45:19.775952Z, commitHash=363cdbf709a9fff149f813ab848ee800a675cc77, buildFailed=true, buildArtifact=false, participation=ParticipationDTO[id=1979, testRun=false, type=template, submissionCount=null, exercise=ParticipationExerciseDTO[id=2591, exerciseType=PROGRAMMING, type=programming, assessmentType=AUTOMATIC, dueDate=2025-02-16T23:45:18.950569Z, assessmentDueDate=null, maxPoints=42.0, course=CourseDTO[id=974, accuracyOfScores=1]]], submissionExerciseType=programming, isProcessing=false, buildStartDate=null, estimatedCompletionDate=null], participation=ParticipationDTO[id=1979, testRun=false, type=template, submissionCount=null, exercise=ParticipationExerciseDTO[id=2591, exerciseType=PROGRAMMING, type=programming, assessmentType=AUTOMATIC, dueDate=2025-02-16T23:45:18.950569Z, assessmentDueDate=null, maxPoints=42.0, course=CourseDTO[id=974, accuracyOfScores=1]]], feedbacks=[], assessmentType=AUTOMATIC, hasComplaint=null, exampleResult=null, testCaseCount=0, passedTestCaseCount=0, codeIssueCount=0]], BuildJobQueueItem[id=19781739576720235, name=SHORTB2A6C58B0D447045380A858075B170A5B7C6TSTEXC-SOLUTION, buildAgent=BuildAgentDTO[name=artemis-build-agent-test, memberAddress=[127.0.0.1]:5703, displayName=artemis-build-agent-test], participationId=1978, courseId=974, exerciseId=2591, retryCount=0, priority=2, status=FAILED, repositoryInfo=RepositoryInfo[repositoryName=shortb2a6c58b0d447045380a858075b170a5b7c6tstexc-solution, repositoryType=solution, triggeredByPushTo=solution, assignmentRepositoryUri=http://localhost:49152/git/SHORTB2A6C58B0D447045380A858075B170A5B7C6TSTEXC/shortb2a6c58b0d447045380a858075b170a5b7c6tstexc-solution.git, testRepositoryUri=http://localhost:49152/git/SHORTB2A6C58B0D447045380A858075B170A5B7C6TSTEXC/shortb2a6c58b0d447045380a858075b170a5b7c6tstexc-tests.git, solutionRepositoryUri=null, auxiliaryRepositoryUris=[Ljava.lang.String;@45b1e5bd, auxiliaryRepositoryCheckoutDirectories=[Ljava.lang.String;@1e1e6e97], jobTimingInfo=JobTimingInfo[submissionDate=2025-02-14T23:45:20.235272325Z[Etc/UTC], buildStartDate=2025-02-14T23:45:20.243033812Z[Etc/UTC], buildCompletionDate=2025-02-14T23:45:20.250721018Z[Etc/UTC], estimatedCompletionDate=2025-02-14T23:45:39.243026949Z[Etc/UTC], estimatedDuration=19], buildConfig=BuildConfig[buildScript=#!/bin/bash
cd /var/tmp/testing-dir
chmod +x ./gradlew
./gradlew clean test
, dockerImage=dummy-docker-image:latest, commitHashToBuild=c710d0e68c9c7db8cda7d1a278308de2b9642cc0, assignmentCommitHash=c710d0e68c9c7db8cda7d1a278308de2b9642cc0, testCommitHash=a5e046ece417b2e538f21f816e2524dab61e0d10, branch=main, programmingLanguage=JAVA, projectType=PLAIN_GRADLE, scaEnabled=false, sequentialTestRunsEnabled=false, resultPaths=[/var/tmp/testing-dir/**/test-results/test/*.xml], timeoutSeconds=0, assignmentCheckoutPath=null, testCheckoutPath=null, solutionCheckoutPath=null, dockerRunConfig=null], submissionResult=ResultDTO[id=630, completionDate=2025-02-14T23:45:20.250809893Z[Etc/UTC], successful=false, score=0.0, rated=true, submission=SubmissionDTO[id=823, submitted=true, type=MANUAL, exampleSubmission=null, submissionDate=2025-02-14T23:45:20.211707Z, commitHash=c710d0e68c9c7db8cda7d1a278308de2b9642cc0, buildFailed=true, buildArtifact=false, participation=ParticipationDTO[id=1978, testRun=false, type=solution, submissionCount=null, exercise=ParticipationExerciseDTO[id=2591, exerciseType=PROGRAMMING, type=programming, assessmentType=AUTOMATIC, dueDate=2025-02-16T23:45:18.950569Z, assessmentDueDate=null, maxPoints=42.0, course=CourseDTO[id=974, accuracyOfScores=1]]], submissionExerciseType=programming, isProcessing=false, buildStartDate=null, estimatedCompletionDate=null], participation=ParticipationDTO[id=1978, testRun=false, type=solution, submissionCount=null, exercise=ParticipationExerciseDTO[id=2591, exerciseType=PROGRAMMING, type=programming, assessmentType=AUTOMATIC, dueDate=2025-02-16T23:45:18.950569Z, assessmentDueDate=null, maxPoints=42.0, course=CourseDTO[id=974, accuracyOfScores=1]]], feedbacks=[], assessmentType=AUTOMATIC, hasComplaint=null, exampleResult=null, testCaseCount=0, passedTestCaseCount=0, codeIssueCount=0]], BuildJobQueueItem[id=19781739576720802, name=SHORTB2A6C58B0D447045380A858075B170A5B7C6TSTEXC-SOLUTION, buildAgent=BuildAgentDTO[name=artemis-build-agent-test, memberAddress=[127.0.0.1]:5703, displayName=artemis-build-agent-test], participationId=1978, courseId=974, exerciseId=2591, retryCount=0, priority=2, status=FAILED, repositoryInfo=RepositoryInfo[repositoryName=shortb2a6c58b0d447045380a858075b170a5b7c6tstexc-solution, repositoryType=solution, triggeredByPushTo=tests, assignmentRepositoryUri=http://localhost:49152/git/SHORTB2A6C58B0D447045380A858075B170A5B7C6TSTEXC/shortb2a6c58b0d447045380a858075b170a5b7c6tstexc-solution.git, testRepositoryUri=http://localhost:49152/git/SHORTB2A6C58B0D447045380A858075B170A5B7C6TSTEXC/shortb2a6c58b0d447045380a858075b170a5b7c6tstexc-tests.git, solutionRepositoryUri=null, auxiliaryRepositoryUris=[Ljava.lang.String;@7abbb6c7, auxiliaryRepositoryCheckoutDirectories=[Ljava.lang.String;@440902ad], jobTimingInfo=JobTimingInfo[submissionDate=2025-02-14T23:45:20.802935026Z[Etc/UTC], buildStartDate=2025-02-14T23:45:20.809306435Z[Etc/UTC], buildCompletionDate=2025-02-14T23:45:20.822452342Z[Etc/UTC], estimatedCompletionDate=2025-02-14T23:45:39.809298491Z[Etc/UTC], estimatedDuration=19], buildConfig=BuildConfig[buildScript=#!/bin/bash
cd /var/tmp/testing-dir
chmod +x ./gradlew
./gradlew clean test
, dockerImage=dummy-docker-image:latest, commitHashToBuild=c710d0e68c9c7db8cda7d1a278308de2b9642cc0, assignmentCommitHash=c710d0e68c9c7db8cda7d1a278308de2b9642cc0, testCommitHash=c710d0e68c9c7db8cda7d1a278308de2b9642cc0, branch=main, programmingLanguage=JAVA, projectType=PLAIN_GRADLE, scaEnabled=false, sequentialTestRunsEnabled=false, resultPaths=[/var/tmp/testing-dir/**/test-results/test/*.xml], timeoutSeconds=0, assignmentCheckoutPath=null, testCheckoutPath=null, solutionCheckoutPath=null, dockerRunConfig=null], submissionResult=ResultDTO[id=631, completionDate=2025-02-14T23:45:20.822527362Z[Etc/UTC], successful=false, score=0.0, rated=true, submission=SubmissionDTO[id=824, submitted=true, type=TEST, exampleSubmission=null, submissionDate=2025-02-14T23:45:20.791240Z, commitHash=c710d0e68c9c7db8cda7d1a278308de2b9642cc0, buildFailed=true, buildArtifact=false, participation=ParticipationDTO[id=1978, testRun=false, type=solution, submissionCount=null, exercise=ParticipationExerciseDTO[id=2591, exerciseType=PROGRAMMING, type=programming, assessmentType=AUTOMATIC, dueDate=2025-02-16T23:45:18.950569Z, assessmentDueDate=null, maxPoints=42.0, course=CourseDTO[id=974, accuracyOfScores=1]]], submissionExerciseType=programming, isProcessing=false, buildStartDate=null, estimatedCompletionDate=null], participation=ParticipationDTO[id=1978, testRun=false, type=solution, submissionCount=null, exercise=ParticipationExerciseDTO[id=2591, exerciseType=PROGRAMMING, type=programming, assessmentType=AUTOMATIC, dueDate=2025-02-16T23:45:18.950569Z, assessmentDueDate=null, maxPoints=42.0, course=CourseDTO[id=974, accuracyOfScores=1]]], feedbacks=[], assessmentType=AUTOMATIC, hasComplaint=null, exampleResult=null, testCaseCount=0, passedTestCaseCount=0, codeIssueCount=0]], BuildJobQueueItem[id=20061739576732554, name=SHORT94A899E303D7504C5D0840704DAAFA3DFF4DTSTEXC-LOCALVCCIINTINSTRUCTOR1, buildAgent=BuildAgentDTO[name=artemis-build-agent-test, memberAddress=[127.0.0.1]:5703, displayName=artemis-build-agent-test], participationId=2006, courseId=984, exerciseId=2601, retryCount=0, priority=2, status=SUCCESSFUL, repositoryInfo=RepositoryInfo[repositoryName=short94a899e303d7504c5d0840704daafa3dff4dtstexc-localvcciintinstructor1, repositoryType=user, triggeredByPushTo=user, assignmentRepositoryUri=http://localhost:49152/git/SHORT94A899E303D7504C5D0840704DAAFA3DFF4DTSTEXC/short94a899e303d7504c5d0840704daafa3dff4dtstexc-localvcciintinstructor1.git, testRepositoryUri=http://localhost:49152/git/SHORT94A899E303D7504C5D0840704DAAFA3DFF4DTSTEXC/short94a899e303d7504c5d0840704daafa3dff4dtstexc-tests.git, solutionRepositoryUri=null, auxiliaryRepositoryUris=[Ljava.lang.String;@e5f8b9c, auxiliaryRepositoryCheckoutDirectories=[Ljava.lang.String;@63583616], jobTimingInfo=JobTimingInfo[submissionDate=2025-02-14T23:45:32.554795798Z[Etc/UTC], buildStartDate=2025-02-14T23:45:32.567287465Z[Etc/UTC], buildCompletionDate=2025-02-14T23:45:34.535226768Z[Etc/UTC], estimatedCompletionDate=2025-02-14T23:45:51.567257960Z[Etc/UTC], estimatedDuration=19], buildConfig=BuildConfig[buildScript=#!/bin/bash
cd /var/tmp/testing-dir
chmod +x ./gradlew
./gradlew clean test
, dockerImage=dummy-docker-image:latest, commitHashToBuild=ca2dbc0ae87edf7035058a6a17c0ea60e90a290f, assignmentCommitHash=ca2dbc0ae87edf7035058a6a17c0ea60e90a290f, testCommitHash=0207f6f98af5fbb66ad68455f3fc3cf128af8ae9, branch=main, programmingLanguage=JAVA, projectType=PLAIN_GRADLE, scaEnabled=false, sequentialTestRunsEnabled=false, resultPaths=[/var/tmp/testing-dir/**/test-results/test/*.xml], timeoutSeconds=0, assignmentCheckoutPath=null, testCheckoutPath=null, solutionCheckoutPath=null, dockerRunConfig=null], submissionResult=ResultDTO[id=632, completionDate=2025-02-14T23:45:34.504415716Z[Etc/UTC], successful=false, score=7.7, rated=false, submission=SubmissionDTO[id=826, submitted=true, type=MANUAL, exampleSubmission=null, submissionDate=2025-02-14T23:45:32.541533Z, commitHash=ca2dbc0ae87edf7035058a6a17c0ea60e90a290f, buildFailed=false, buildArtifact=false, participation=ParticipationDTO[id=2006, testRun=true, type=programming, submissionCount=null, exercise=ParticipationExerciseDTO[id=2601, exerciseType=PROGRAMMING, type=programming, assessmentType=AUTOMATIC, dueDate=2025-02-16T23:45:31.864042Z, assessmentDueDate=null, maxPoints=42.0, course=CourseDTO[id=984, accuracyOfScores=1]]], submissionExerciseType=programming, isProcessing=false, buildStartDate=null, estimatedCompletionDate=null], participation=ParticipationDTO[id=2006, testRun=true, type=programming, submissionCount=null, exercise=ParticipationExerciseDTO[id=2601, exerciseType=PROGRAMMING, type=programming, assessmentType=AUTOMATIC, dueDate=2025-02-16T23:45:31.864042Z, assessmentDueDate=null, maxPoints=42.0, course=CourseDTO[id=984, accuracyOfScores=1]]], feedbacks=[FeedbackDTO[id=920, text=null, detailText=The exercise expects a class with the name Context in the package testpackage. You did not implement the class in the exercise., hasLongFeedbackText=false, reference=null, credits=0.0, positive=false, type=AUTOMATIC, visibility=ALWAYS, testCase=TestCaseDTO[testName=null, id=1357]], FeedbackDTO[id=921, text=null, detailText=The exercise expects a class with the name Policy in the package testpackage. You did not implement the class in the exercise., hasLongFeedbackText=false, reference=null, credits=0.0, positive=false, type=AUTOMATIC, visibility=ALWAYS, testCase=TestCaseDTO[testName=null, id=1358]], FeedbackDTO[id=922, text=null, detailText=The exercise expects a class with the name SortStrategy in the package testpackage. You did not implement the class in the exercise., hasLongFeedbackText=false, reference=null, credits=0.0, positive=false, type=AUTOMATIC, visibility=ALWAYS, testCase=TestCaseDTO[testName=null, id=1359]], FeedbackDTO[id=923, text=null, detailText=The class 'MergeSort' does not implement the interface 'SortStrategy' as expected. Implement the interface and its methods., hasLongFeedbackText=false, reference=null, credits=0.0, positive=false, type=AUTOMATIC, visibility=ALWAYS, testCase=TestCaseDTO[testName=null, id=1354]], FeedbackDTO[id=924, text=null, detailText=The exercise expects a class with the name SortStrategy in the package testpackage. You did not implement the class in the exercise., hasLongFeedbackText=false, reference=null, credits=0.0, positive=false, type=AUTOMATIC, visibility=ALWAYS, testCase=TestCaseDTO[testName=null, id=1351]], FeedbackDTO[id=925, text=null, detailText=The class 'BubbleSort' does not implement the interface 'SortStrategy' as expected. Implement the interface and its methods., hasLongFeedbackText=false, reference=null, credits=0.0, positive=false, type=AUTOMATIC, visibility=ALWAYS, testCase=TestCaseDTO[testName=null, id=1355]], FeedbackDTO[id=926, text=null, detailText=MergeSort does not sort correctly, hasLongFeedbackText=false, reference=null, credits=0.0, positive=false, type=AUTOMATIC, visibility=ALWAYS, testCase=TestCaseDTO[testName=null, id=1360]], FeedbackDTO[id=927, text=null, detailText=The class 'Context' was not found within the submission. Make sure to implement it properly., hasLongFeedbackText=false, reference=null, credits=0.0, positive=false, type=AUTOMATIC, visibility=ALWAYS, testCase=TestCaseDTO[testName=null, id=1361]], FeedbackDTO[id=928, text=null, detailText=The class 'Context' was not found within the submission. Make sure to implement it properly., hasLongFeedbackText=false, reference=null, credits=0.0, positive=false, type=AUTOMATIC, visibility=ALWAYS, testCase=TestCaseDTO[testName=null, id=1362]], FeedbackDTO[id=929, text=null, detailText=The exercise expects a class with the name Policy in the package testpackage. You did not implement the class in the exercise., hasLongFeedbackText=false, reference=null, credits=0.0, positive=false, type=AUTOMATIC, visibility=ALWAYS, testCase=TestCaseDTO[testName=null, id=1356]], FeedbackDTO[id=930, text=null, detailText=The exercise expects a class with the name Context in the package testpackage. You did not implement the class in the exercise., hasLongFeedbackText=false, reference=null, credits=0.0, positive=false, type=AUTOMATIC, visibility=ALWAYS, testCase=TestCaseDTO[testName=null, id=1352]], FeedbackDTO[id=931, text=null, detailText=The exercise expects a class with the name Policy in the package testpackage. You did not implement the class in the exercise., hasLongFeedbackText=false, reference=null, credits=0.0, positive=false, type=AUTOMATIC, visibility=ALWAYS, testCase=TestCaseDTO[testName=null, id=1353]], FeedbackDTO[id=932, text=null, detailText=null, hasLongFeedbackText=false, reference=null, credits=3.230769230769231, positive=true, type=AUTOMATIC, visibility=ALWAYS, testCase=TestCaseDTO[testName=null, id=1363]]], assessmentType=AUTOMATIC, hasComplaint=null, exampleResult=null, testCaseCount=13, passedTestCaseCount=1, codeIssueCount=0]], BuildJobQueueItem[id=20111739576737317, name=SHORTD49A6DAE04F9E049850BD5601663FD17A5B7TSTEXC-BASE, buildAgent=BuildAgentDTO[name=artemis-build-agent-test, memberAddress=[127.0.0.1]:5703, displayName=artemis-build-agent-test], participationId=2011, courseId=986, exerciseId=2603, retryCount=0, priority=2, status=SUCCESSFUL, repositoryInfo=RepositoryInfo[repositoryName=shortd49a6dae04f9e049850bd5601663fd17a5b7tstexc-exercise, repositoryType=exercise, triggeredByPushTo=exercise, assignmentRepositoryUri=http://localhost:49152/git/SHORTD49A6DAE04F9E049850BD5601663FD17A5B7TSTEXC/shortd49a6dae04f9e049850bd5601663fd17a5b7tstexc-exercise.git, testRepositoryUri=http://localhost:49152/git/SHORTD49A6DAE04F9E049850BD5601663FD17A5B7TSTEXC/shortd49a6dae04f9e049850bd5601663fd17a5b7tstexc-tests.git, solutionRepositoryUri=null, auxiliaryRepositoryUris=[Ljava.lang.String;@44f2b934, auxiliaryRepositoryCheckoutDirectories=[Ljava.lang.String;@4862d76d], jobTimingInfo=JobTimingInfo[submissionDate=2025-02-14T23:45:37.317968648Z[Etc/UTC], buildStartDate=2025-02-14T23:45:37.324534774Z[Etc/UTC], buildCompletionDate=2025-02-14T23:45:38.527225461Z[Etc/UTC], estimatedCompletionDate=2025-02-14T23:45:56.324506331Z[Etc/UTC], estimatedDuration=19], buildConfig=BuildConfig[buildScript=#!/bin/bash
cd /var/tmp/testing-dir
chmod +x ./gradlew
./gradlew clean test
, dockerImage=dummy-docker-image:latest, commitHashToBuild=c795243c185829bbefa399f45dcbcfac22311b2f, assignmentCommitHash=c795243c185829bbefa399f45dcbcfac22311b2f, testCommitHash=fa8b162170bf767d852e05e0eb7a128efa2e1f34, branch=main, programmingLanguage=JAVA, projectType=PLAIN_GRADLE, scaEnabled=false, sequentialTestRunsEnabled=false, resultPaths=[/var/tmp/testing-dir/**/test-results/test/*.xml], timeoutSeconds=0, assignmentCheckoutPath=null, testCheckoutPath=null, solutionCheckoutPath=null, dockerRunConfig=null], submissionResult=ResultDTO[id=633, completionDate=2025-02-14T23:45:38.476795726Z[Etc/UTC], successful=false, score=0.0, rated=true, submission=SubmissionDTO[id=827, submitted=true, type=MANUAL, exampleSubmission=null, submissionDate=2025-02-14T23:45:37.303401Z, commitHash=c795243c185829bbefa399f45dcbcfac22311b2f, buildFailed=false, buildArtifact=false, participation=ParticipationDTO[id=2011, testRun=false, type=template, submissionCount=null, exercise=ParticipationExerciseDTO[id=2603, exerciseType=PROGRAMMING, type=programming, assessmentType=AUTOMATIC, dueDate=2025-02-16T23:45:36.830269Z, assessmentDueDate=null, maxPoints=42.0, course=CourseDTO[id=986, accuracyOfScores=1]]], submissionExerciseType=programming, isProcessing=false, buildStartDate=null, estimatedCompletionDate=null], participation=ParticipationDTO[id=2011, testRun=false, type=template, submissionCount=null, exercise=ParticipationExerciseDTO[id=2603, exerciseType=PROGRAMMING, type=programming, assessmentType=AUTOMATIC, dueDate=2025-02-16T23:45:36.830269Z, assessmentDueDate=null, maxPoints=42.0, course=CourseDTO[id=986, accuracyOfScores=1]]], feedbacks=[FeedbackDTO[id=933, text=null, detailText=The exercise expects a class with the name Context in the package testpackage. You did not implement the class in the exercise., hasLongFeedbackText=false, reference=null, credits=0.0, positive=false, type=AUTOMATIC, visibility=ALWAYS, testCase=TestCaseDTO[testName=testMethods[Context], id=1383]], FeedbackDTO[id=934, text=null, detailText=The exercise expects a class with the name Policy in the package testpackage. You did not implement the class in the exercise., hasLongFeedbackText=false, reference=null, credits=0.0, positive=false, type=AUTOMATIC, visibility=ALWAYS, testCase=TestCaseDTO[testName=testMethods[Policy], id=1384]], FeedbackDTO[id=935, text=null, detailText=The exercise expects a class with the name SortStrategy in the package testpackage. You did not implement the class in the exercise., hasLongFeedbackText=false, reference=null, credits=0.0, positive=false, type=AUTOMATIC, visibility=ALWAYS, testCase=TestCaseDTO[testName=testMethods[SortStrategy], id=1385]], FeedbackDTO[id=936, text=null, detailText=The class 'MergeSort' does not implement the interface 'SortStrategy' as expected. Implement the interface and its methods., hasLongFeedbackText=false, reference=null, credits=0.0, positive=false, type=AUTOMATIC, visibility=ALWAYS, testCase=TestCaseDTO[testName=testClass[MergeSort], id=1380]], FeedbackDTO[id=937, text=null, detailText=The exercise expects a class with the name SortStrategy in the package testpackage. You did not implement the class in the exercise., hasLongFeedbackText=false, reference=null, credits=0.0, positive=false, type=AUTOMATIC, visibility=ALWAYS, testCase=TestCaseDTO[testName=testClass[SortStrategy], id=1377]], FeedbackDTO[id=938, text=null, detailText=The class 'BubbleSort' does not implement the interface 'SortStrategy' as expected. Implement the interface and its methods., hasLongFeedbackText=false, reference=null, credits=0.0, positive=false, type=AUTOMATIC, visibility=ALWAYS, testCase=TestCaseDTO[testName=testClass[BubbleSort], id=1381]], FeedbackDTO[id=939, text=null, detailText=MergeSort does not sort correctly, hasLongFeedbackText=false, reference=null, credits=0.0, positive=false, type=AUTOMATIC, visibility=ALWAYS, testCase=TestCaseDTO[testName=testMergeSort(), id=1386]], FeedbackDTO[id=940, text=null, detailText=The class 'Context' was not found within the submission. Make sure to implement it properly., hasLongFeedbackText=false, reference=null, credits=0.0, positive=false, type=AUTOMATIC, visibility=ALWAYS, testCase=TestCaseDTO[testName=testUseBubbleSortForSmallList(), id=1387]], FeedbackDTO[id=941, text=null, detailText=BubbleSort does not sort correctly, hasLongFeedbackText=false, reference=null, credits=0.0, positive=false, type=AUTOMATIC, visibility=ALWAYS, testCase=TestCaseDTO[testName=testBubbleSort(), id=1389]], FeedbackDTO[id=942, text=null, detailText=The class 'Context' was not found within the submission. Make sure to implement it properly., hasLongFeedbackText=false, reference=null, credits=0.0, positive=false, type=AUTOMATIC, visibility=ALWAYS, testCase=TestCaseDTO[testName=testUseMergeSortForBigList(), id=1388]], FeedbackDTO[id=943, text=null, detailText=The exercise expects a class with the name Policy in the package testpackage. You did not implement the class in the exercise., hasLongFeedbackText=false, reference=null, credits=0.0, positive=false, type=AUTOMATIC, visibility=ALWAYS, testCase=TestCaseDTO[testName=testConstructors[Policy], id=1382]], FeedbackDTO[id=944, text=null, detailText=The exercise expects a class with the name Context in the package testpackage. You did not implement the class in the exercise., hasLongFeedbackText=false, reference=null, credits=0.0, positive=false, type=AUTOMATIC, visibility=ALWAYS, testCase=TestCaseDTO[testName=testAttributes[Context], id=1378]], FeedbackDTO[id=945, text=null, detailText=The exercise expects a class with the name Policy in the package testpackage. You did not implement the class in the exercise., hasLongFeedbackText=false, reference=null, credits=0.0, positive=false, type=AUTOMATIC, visibility=ALWAYS, testCase=TestCaseDTO[testName=testAttributes[Policy], id=1379]]], assessmentType=AUTOMATIC, hasComplaint=null, exampleResult=null, testCaseCount=13, passedTestCaseCount=0, codeIssueCount=0]], BuildJobQueueItem[id=20171739576740018, name=SHORT7914AFA00ADC3047140B99D01AC07810CE44TSTEXC-LOCALVCCIINTSTUDENT1, buildAgent=BuildAgentDTO[name=artemis-build-agent-test, memberAddress=[127.0.0.1]:5703, displayName=artemis-build-agent-test], participationId=2017, courseId=988, exerciseId=2605, retryCount=0, priority=2, status=SUCCESSFUL, repositoryInfo=RepositoryInfo[repositoryName=short7914afa00adc3047140b99d01ac07810ce44tstexc-practice-localvcciintstudent1, repositoryType=user, triggeredByPushTo=user, assignmentRepositoryUri=http://localhost:49152/git/SHORT7914AFA00ADC3047140B99D01AC07810CE44TSTEXC/short7914afa00adc3047140b99d01ac07810ce44tstexc-practice-localvcciintstudent1.git, testRepositoryUri=http://localhost:49152/git/SHORT7914AFA00ADC3047140B99D01AC07810CE44TSTEXC/short7914afa00adc3047140b99d01ac07810ce44tstexc-tests.git, solutionRepositoryUri=null, auxiliaryRepositoryUris=[Ljava.lang.String;@3a93b696, auxiliaryRepositoryCheckoutDirectories=[Ljava.lang.String;@18d9cf54], jobTimingInfo=JobTimingInfo[submissionDate=2025-02-14T23:45:40.018961253Z[Etc/UTC], buildStartDate=2025-02-14T23:45:40.029742701Z[Etc/UTC], buildCompletionDate=2025-02-14T23:45:41.150208242Z[Etc/UTC], estimatedCompletionDate=2025-02-14T23:45:59.029734065Z[Etc/UTC], estimatedDuration=19], buildConfig=BuildConfig[buildScript=#!/bin/bash
cd /var/tmp/testing-dir
chmod +x ./gradlew
./gradlew clean test
, dockerImage=dummy-docker-image:latest, commitHashToBuild=d80b57877989b971e83ccdb4863c8a7023c76266, assignmentCommitHash=d80b57877989b971e83ccdb4863c8a7023c76266, testCommitHash=327b116890c92b1312314341f43f21ef13ecf7d7, branch=main, programmingLanguage=JAVA, projectType=PLAIN_GRADLE, scaEnabled=false, sequentialTestRunsEnabled=false, resultPaths=[/var/tmp/testing-dir/**/test-results/test/*.xml], timeoutSeconds=0, assignmentCheckoutPath=null, testCheckoutPath=null, solutionCheckoutPath=null, dockerRunConfig=null], submissionResult=ResultDTO[id=634, completionDate=2025-02-14T23:45:41.120192603Z[Etc/UTC], successful=false, score=7.7, rated=false, submission=SubmissionDTO[id=828, submitted=true, type=MANUAL, exampleSubmission=null, submissionDate=2025-02-14T23:45:40.008666Z, commitHash=d80b57877989b971e83ccdb4863c8a7023c76266, buildFailed=false, buildArtifact=false, participation=ParticipationDTO[id=2017, testRun=true, type=programming, submissionCount=null, exercise=ParticipationExerciseDTO[id=2605, exerciseType=PROGRAMMING, type=programming, assessmentType=AUTOMATIC, dueDate=2025-02-16T23:45:39.523500Z, assessmentDueDate=null, maxPoints=42.0, course=CourseDTO[id=988, accuracyOfScores=1]]], submissionExerciseType=programming, isProcessing=false, buildStartDate=null, estimatedCompletionDate=null], participation=ParticipationDTO[id=2017, testRun=true, type=programming, submissionCount=null, exercise=ParticipationExerciseDTO[id=2605, exerciseType=PROGRAMMING, type=programming, assessmentType=AUTOMATIC, dueDate=2025-02-16T23:45:39.523500Z, assessmentDueDate=null, maxPoints=42.0, course=CourseDTO[id=988, accuracyOfScores=1]]], feedbacks=[FeedbackDTO[id=946, text=null, detailText=The exercise expects a class with the name Context in the package testpackage. You did not implement the class in the exercise., hasLongFeedbackText=false, reference=null, credits=0.0, positive=false, type=AUTOMATIC, visibility=ALWAYS, testCase=TestCaseDTO[testName=null, id=1409]], FeedbackDTO[id=947, text=null, detailText=The exercise expects a class with the name Policy in the package testpackage. You did not implement the class in the exercise., hasLongFeedbackText=false, reference=null, credits=0.0, positive=false, type=AUTOMATIC, visibility=ALWAYS, testCase=TestCaseDTO[testName=null, id=1410]], FeedbackDTO[id=948, text=null, detailText=The exercise expects a class with the name SortStrategy in the package testpackage. You did not implement the class in the exercise., hasLongFeedbackText=false, reference=null, credits=0.0, positive=false, type=AUTOMATIC, visibility=ALWAYS, testCase=TestCaseDTO[testName=null, id=1411]], FeedbackDTO[id=949, text=null, detailText=The class 'MergeSort' does not implement the interface 'SortStrategy' as expected. Implement the interface and its methods., hasLongFeedbackText=false, reference=null, credits=0.0, positive=false, type=AUTOMATIC, visibility=ALWAYS, testCase=TestCaseDTO[testName=null, id=1406]], FeedbackDTO[id=950, text=null, detailText=The exercise expects a class with the name SortStrategy in the package testpackage. You did not implement the class in the exercise., hasLongFeedbackText=false, reference=null, credits=0.0, positive=false, type=AUTOMATIC, visibility=ALWAYS, testCase=TestCaseDTO[testName=null, id=1403]], FeedbackDTO[id=951, text=null, detailText=The class 'BubbleSort' does not implement the interface 'SortStrategy' as expected. Implement the interface and its methods., hasLongFeedbackText=false, reference=null, credits=0.0, positive=false, type=AUTOMATIC, visibility=ALWAYS, testCase=TestCaseDTO[testName=null, id=1407]], FeedbackDTO[id=952, text=null, detailText=MergeSort does not sort correctly, hasLongFeedbackText=false, reference=null, credits=0.0, positive=false, type=AUTOMATIC, visibility=ALWAYS, testCase=TestCaseDTO[testName=null, id=1412]], FeedbackDTO[id=953, text=null, detailText=The class 'Context' was not found within the submission. Make sure to implement it properly., hasLongFeedbackText=false, reference=null, credits=0.0, positive=false, type=AUTOMATIC, visibility=ALWAYS, testCase=TestCaseDTO[testName=null, id=1413]], FeedbackDTO[id=954, text=null, detailText=The class 'Context' was not found within the submission. Make sure to implement it properly., hasLongFeedbackText=false, reference=null, credits=0.0, positive=false, type=AUTOMATIC, visibility=ALWAYS, testCase=TestCaseDTO[testName=null, id=1414]], FeedbackDTO[id=955, text=null, detailText=The exercise expects a class with the name Policy in the package testpackage. You did not implement the class in the exercise., hasLongFeedbackText=false, reference=null, credits=0.0, positive=false, type=AUTOMATIC, visibility=ALWAYS, testCase=TestCaseDTO[testName=null, id=1408]], FeedbackDTO[id=956, text=null, detailText=The exercise expects a class with the name Context in the package testpackage. You did not implement the class in the exercise., hasLongFeedbackText=false, reference=null, credits=0.0, positive=false, type=AUTOMATIC, visibility=ALWAYS, testCase=TestCaseDTO[testName=null, id=1404]], FeedbackDTO[id=957, text=null, detailText=The exercise expects a class with the name Policy in the package testpackage. You did not implement the class in the exercise., hasLongFeedbackText=false, reference=null, credits=0.0, positive=false, type=AUTOMATIC, visibility=ALWAYS, testCase=TestCaseDTO[testName=null, id=1405]], FeedbackDTO[id=958, text=null, detailText=null, hasLongFeedbackText=false, reference=null, credits=3.230769230769231, positive=true, type=AUTOMATIC, visibility=ALWAYS, testCase=TestCaseDTO[testName=null, id=1415]]], assessmentType=AUTOMATIC, hasComplaint=null, exampleResult=null, testCaseCount=13, passedTestCaseCount=1, codeIssueCount=0]], BuildJobQueueItem[id=20261739576743984, name=SHORT53C73BE505404043100AC2F00C039353CE8FTSTEXC-LOCALVCCIINTSTUDENT1, buildAgent=BuildAgentDTO[name=artemis-build-agent-test, memberAddress=[127.0.0.1]:5703, displayName=artemis-build-agent-test], participationId=2026, courseId=991, exerciseId=2608, retryCount=0, priority=1, status=SUCCESSFUL, repositoryInfo=RepositoryInfo[repositoryName=short53c73be505404043100ac2f00c039353ce8ftstexc-localvcciintstudent1, repositoryType=user, triggeredByPushTo=user, assignmentRepositoryUri=http://localhost:49152/git/SHORT53C73BE505404043100AC2F00C039353CE8FTSTEXC/short53c73be505404043100ac2f00c039353ce8ftstexc-localvcciintstudent1.git, testRepositoryUri=http://localhost:49152/git/SHORT53C73BE505404043100AC2F00C039353CE8FTSTEXC/short53c73be505404043100ac2f00c039353ce8ftstexc-tests.git, solutionRepositoryUri=null, auxiliaryRepositoryUris=[Ljava.lang.String;@49b3ee62, auxiliaryRepositoryCheckoutDirectories=[Ljava.lang.String;@17348186], jobTimingInfo=JobTimingInfo[submissionDate=2025-02-14T23:45:43.984518859Z[Etc/UTC], buildStartDate=2025-02-14T23:45:43.991385682Z[Etc/UTC], buildCompletionDate=2025-02-14T23:45:44.982059928Z[Etc/UTC], estimatedCompletionDate=2025-02-14T23:46:02.991380122Z[Etc/UTC], estimatedDuration=19], buildConfig=BuildConfig[buildScript=#!/bin/bash
cd /var/tmp/testing-dir
chmod +x ./gradlew
./gradlew clean test
, dockerImage=dummy-docker-image:latest, commitHashToBuild=3e90ae9fef2e44ffb41451a080bdaa6a44ad6848, assignmentCommitHash=3e90ae9fef2e44ffb41451a080bdaa6a44ad6848, testCommitHash=0582754c87aae13e640312855ce7dbe490ecb50c, branch=main, programmingLanguage=JAVA, projectType=PLAIN_GRADLE, scaEnabled=false, sequentialTestRunsEnabled=false, resultPaths=[/var/tmp/testing-dir/**/test-results/test/*.xml], timeoutSeconds=0, assignmentCheckoutPath=null, testCheckoutPath=null, solutionCheckoutPath=null, dockerRunConfig=null], submissionResult=ResultDTO[id=635, completionDate=2025-02-14T23:45:44.961313737Z[Etc/UTC], successful=false, score=7.7, rated=true, submission=SubmissionDTO[id=829, submitted=true, type=MANUAL, exampleSubmission=null, submissionDate=2025-02-14T23:45:43.967766Z, commitHash=3e90ae9fef2e44ffb41451a080bdaa6a44ad6848, buildFailed=false, buildArtifact=false, participation=ParticipationDTO[id=2026, testRun=false, type=programming, submissionCount=null, exercise=ParticipationExerciseDTO[id=2608, exerciseType=PROGRAMMING, type=programming, assessmentType=AUTOMATIC, dueDate=2025-02-16T23:45:43.597978Z, assessmentDueDate=null, maxPoints=42.0, course=CourseDTO[id=991, accuracyOfScores=1]]], submissionExerciseType=programming, isProcessing=false, buildStartDate=null, estimatedCompletionDate=null], participation=ParticipationDTO[id=2026, testRun=false, type=programming, submissionCount=null, exercise=ParticipationExerciseDTO[id=2608, exerciseType=PROGRAMMING, type=programming, assessmentType=AUTOMATIC, dueDate=2025-02-16T23:45:43.597978Z, assessmentDueDate=null, maxPoints=42.0, course=CourseDTO[id=991, accuracyOfScores=1]]], feedbacks=[FeedbackDTO[id=959, text=null, detailText=The exercise expects a class with the name Context in the package testpackage. You did not implement the class in the exercise., hasLongFeedbackText=false, reference=null, credits=0.0, positive=false, type=AUTOMATIC, visibility=ALWAYS, testCase=TestCaseDTO[testName=null, id=1448]], FeedbackDTO[id=960, text=null, detailText=The exercise expects a class with the name Policy in the package testpackage. You did not implement the class in the exercise., hasLongFeedbackText=false, reference=null, credits=0.0, positive=false, type=AUTOMATIC, visibility=ALWAYS, testCase=TestCaseDTO[testName=null, id=1449]], FeedbackDTO[id=961, text=null, detailText=The exercise expects a class with the name SortStrategy in the package testpackage. You did not implement the class in the exercise., hasLongFeedbackText=false, reference=null, credits=0.0, positive=false, type=AUTOMATIC, visibility=ALWAYS, testCase=TestCaseDTO[testName=null, id=1450]], FeedbackDTO[id=962, text=null, detailText=The class 'MergeSort' does not implement the interface 'SortStrategy' as expected. Implement the interface and its methods., hasLongFeedbackText=false, reference=null, credits=0.0, positive=false, type=AUTOMATIC, visibility=ALWAYS, testCase=TestCaseDTO[testName=null, id=1445]], FeedbackDTO[id=963, text=null, detailText=The exercise expects a class with the name SortStrategy in the package testpackage. You did not implement the class in the exercise., hasLongFeedbackText=false, reference=null, credits=0.0, positive=false, type=AUTOMATIC, visibility=ALWAYS, testCase=TestCaseDTO[testName=null, id=1442]], FeedbackDTO[id=964, text=null, detailText=The class 'BubbleSort' does not implement the interface 'SortStrategy' as expected. Implement the interface and its methods., hasLongFeedbackText=false, reference=null, credits=0.0, positive=false, type=AUTOMATIC, visibility=ALWAYS, testCase=TestCaseDTO[testName=null, id=1446]], FeedbackDTO[id=965, text=null, detailText=MergeSort does not sort correctly, hasLongFeedbackText=false, reference=null, credits=0.0, positive=false, type=AUTOMATIC, visibility=ALWAYS, testCase=TestCaseDTO[testName=null, id=1451]], FeedbackDTO[id=966, text=null, detailText=The class 'Context' was not found within the submission. Make sure to implement it properly., hasLongFeedbackText=false, reference=null, credits=0.0, positive=false, type=AUTOMATIC, visibility=ALWAYS, testCase=TestCaseDTO[testName=null, id=1452]], FeedbackDTO[id=967, text=null, detailText=The class 'Context' was not found within the submission. Make sure to implement it properly., hasLongFeedbackText=false, reference=null, credits=0.0, positive=false, type=AUTOMATIC, visibility=ALWAYS, testCase=TestCaseDTO[testName=null, id=1453]], FeedbackDTO[id=968, text=null, detailText=The exercise expects a class with the name Policy in the package testpackage. You did not implement the class in the exercise., hasLongFeedbackText=false, reference=null, credits=0.0, positive=false, type=AUTOMATIC, visibility=ALWAYS, testCase=TestCaseDTO[testName=null, id=1447]], FeedbackDTO[id=969, text=null, detailText=The exercise expects a class with the name Context in the package testpackage. You did not implement the class in the exercise., hasLongFeedbackText=false, reference=null, credits=0.0, positive=false, type=AUTOMATIC, visibility=ALWAYS, testCase=TestCaseDTO[testName=null, id=1443]], FeedbackDTO[id=970, text=null, detailText=The exercise expects a class with the name Policy in the package testpackage. You did not implement the class in the exercise., hasLongFeedbackText=false, reference=null, credits=0.0, positive=false, type=AUTOMATIC, visibility=ALWAYS, testCase=TestCaseDTO[testName=null, id=1444]], FeedbackDTO[id=971, text=null, detailText=null, hasLongFeedbackText=false, reference=null, credits=3.230769230769231, positive=true, type=AUTOMATIC, visibility=ALWAYS, testCase=TestCaseDTO[testName=null, id=1454]]], assessmentType=AUTOMATIC, hasComplaint=null, exampleResult=null, testCaseCount=13, passedTestCaseCount=1, codeIssueCount=0]], BuildJobQueueItem[id=20271739576746886, name=SHORT0FC863930E92904248098A506171F81CF6CFTSTEXC-SOLUTION, buildAgent=BuildAgentDTO[name=artemis-build-agent-test, memberAddress=[127.0.0.1]:5703, displayName=artemis-build-agent-test], participationId=2027, courseId=992, exerciseId=2609, retryCount=0, priority=2, status=SUCCESSFUL, repositoryInfo=RepositoryInfo[repositoryName=short0fc863930e92904248098a506171f81cf6cftstexc-solution, repositoryType=solution, triggeredByPushTo=auxiliary, assignmentRepositoryUri=http://localhost:49152/git/SHORT0FC863930E92904248098A506171F81CF6CFTSTEXC/short0fc863930e92904248098a506171f81cf6cftstexc-solution.git, testRepositoryUri=http://localhost:49152/git/SHORT0FC863930E92904248098A506171F81CF6CFTSTEXC/short0fc863930e92904248098a506171f81cf6cftstexc-tests.git, solutionRepositoryUri=null, auxiliaryRepositoryUris=[Ljava.lang.String;@3034a2f0, auxiliaryRepositoryCheckoutDirectories=[Ljava.lang.String;@664168cd], jobTimingInfo=JobTimingInfo[submissionDate=2025-02-14T23:45:46.886984066Z[Etc/UTC], buildStartDate=2025-02-14T23:45:46.897709578Z[Etc/UTC], buildCompletionDate=2025-02-14T23:45:48.628460156Z[Etc/UTC], estimatedCompletionDate=2025-02-14T23:46:05.897701272Z[Etc/UTC], estimatedDuration=19], buildConfig=BuildConfig[buildScript=#!/bin/bash
cd /var/tmp/testing-dir
chmod +x ./gradlew
./gradlew clean test
, dockerImage=dummy-docker-image:latest, commitHashToBuild=null, assignmentCommitHash=115a2e943bee242fdad360b50d8ad5f30792577e, testCommitHash=9b3a9bd71a0d80e5bbc42204c319ed3d1d4f0d6d, branch=main, programmingLanguage=JAVA, projectType=PLAIN_GRADLE, scaEnabled=false, sequentialTestRunsEnabled=false, resultPaths=[/var/tmp/testing-dir/**/test-results/test/*.xml], timeoutSeconds=0, assignmentCheckoutPath=null, testCheckoutPath=null, solutionCheckoutPath=null, dockerRunConfig=null], submissionResult=ResultDTO[id=636, completionDate=2025-02-14T23:45:48.593370968Z[Etc/UTC], successful=true, score=100.0, rated=true, submission=SubmissionDTO[id=830, submitted=true, type=TEST, exampleSubmission=null, submissionDate=2025-02-14T23:45:46.873671Z, commitHash=9b3a9bd71a0d80e5bbc42204c319ed3d1d4f0d6d, buildFailed=false, buildArtifact=false, participation=ParticipationDTO[id=2027, testRun=false, type=solution, submissionCount=null, exercise=ParticipationExerciseDTO[id=2609, exerciseType=PROGRAMMING, type=programming, assessmentType=AUTOMATIC, dueDate=2025-02-16T23:45:46.386304Z, assessmentDueDate=null, maxPoints=42.0, course=CourseDTO[id=992, accuracyOfScores=1]]], submissionExerciseType=programming, isProcessing=false, buildStartDate=null, estimatedCompletionDate=null], participation=ParticipationDTO[id=2027, testRun=false, type=solution, submissionCount=null, exercise=ParticipationExerciseDTO[id=2609, exerciseType=PROGRAMMING, type=programming, assessmentType=AUTOMATIC, dueDate=2025-02-16T23:45:46.386304Z, assessmentDueDate=null, maxPoints=42.0, course=CourseDTO[id=992, accuracyOfScores=1]]], feedbacks=[FeedbackDTO[id=972, text=null, detailText=null, hasLongFeedbackText=false, reference=null, credits=3.230769230769231, positive=true, type=AUTOMATIC, visibility=ALWAYS, testCase=TestCaseDTO[testName=testMethods[Context], id=1461]], FeedbackDTO[id=973, text=null, detailText=null, hasLongFeedbackText=false, reference=null, credits=3.230769230769231, positive=true, type=AUTOMATIC, visibility=ALWAYS, testCase=TestCaseDTO[testName=testMethods[Policy], id=1462]], FeedbackDTO[id=974, text=null, detailText=null, hasLongFeedbackText=false, reference=null, credits=3.230769230769231, positive=true, type=AUTOMATIC, visibility=ALWAYS, testCase=TestCaseDTO[testName=testMethods[SortStrategy], id=1463]], FeedbackDTO[id=975, text=null, detailText=null, hasLongFeedbackText=false, reference=null, credits=3.230769230769231, positive=true, type=AUTOMATIC, visibility=ALWAYS, testCase=TestCaseDTO[testName=testClass[MergeSort], id=1458]], FeedbackDTO[id=976, text=null, detailText=null, hasLongFeedbackText=false, reference=null, credits=3.230769230769231, positive=true, type=AUTOMATIC, visibility=ALWAYS, testCase=TestCaseDTO[testName=testClass[SortStrategy], id=1455]], FeedbackDTO[id=977, text=null, detailText=null, hasLongFeedbackText=false, reference=null, credits=3.230769230769231, positive=true, type=AUTOMATIC, visibility=ALWAYS, testCase=TestCaseDTO[testName=testClass[BubbleSort], id=1459]], FeedbackDTO[id=978, text=null, detailText=null, hasLongFeedbackText=false, reference=null, credits=3.230769230769231, positive=true, type=AUTOMATIC, visibility=ALWAYS, testCase=TestCaseDTO[testName=testMergeSort(), id=1464]], FeedbackDTO[id=979, text=null, detailText=null, hasLongFeedbackText=false, reference=null, credits=3.230769230769231, positive=true, type=AUTOMATIC, visibility=ALWAYS, testCase=TestCaseDTO[testName=testUseBubbleSortForSmallList(), id=1465]], FeedbackDTO[id=980, text=null, detailText=null, hasLongFeedbackText=false, reference=null, credits=3.230769230769231, positive=true, type=AUTOMATIC, visibility=ALWAYS, testCase=TestCaseDTO[testName=testBubbleSort(), id=1467]], FeedbackDTO[id=981, text=null, detailText=null, hasLongFeedbackText=false, reference=null, credits=3.230769230769231, positive=true, type=AUTOMATIC, visibility=ALWAYS, testCase=TestCaseDTO[testName=testUseMergeSortForBigList(), id=1466]], FeedbackDTO[id=982, text=null, detailText=null, hasLongFeedbackText=false, reference=null, credits=3.230769230769231, positive=true, type=AUTOMATIC, visibility=ALWAYS, testCase=TestCaseDTO[testName=testConstructors[Policy], id=1460]], FeedbackDTO[id=983, text=null, detailText=null, hasLongFeedbackText=false, reference=null, credits=3.230769230769231, positive=true, type=AUTOMATIC, visibility=ALWAYS, testCase=TestCaseDTO[testName=testAttributes[Context], id=1456]], FeedbackDTO[id=984, text=null, detailText=null, hasLongFeedbackText=false, reference=null, credits=3.230769230769231, positive=true, type=AUTOMATIC, visibility=ALWAYS, testCase=TestCaseDTO[testName=testAttributes[Policy], id=1457]]], assessmentType=AUTOMATIC, hasComplaint=null, exampleResult=null, testCaseCount=13, passedTestCaseCount=13, codeIssueCount=0]], BuildJobQueueItem[id=20281739576748768, name=SHORT0FC863930E92904248098A506171F81CF6CFTSTEXC-BASE, buildAgent=BuildAgentDTO[name=artemis-build-agent-test, memberAddress=[127.0.0.1]:5703, displayName=artemis-build-agent-test], participationId=2028, courseId=992, exerciseId=2609, retryCount=0, priority=2, status=SUCCESSFUL, repositoryInfo=RepositoryInfo[repositoryName=short0fc863930e92904248098a506171f81cf6cftstexc-exercise, repositoryType=exercise, triggeredByPushTo=auxiliary, assignmentRepositoryUri=http://localhost:49152/git/SHORT0FC863930E92904248098A506171F81CF6CFTSTEXC/short0fc863930e92904248098a506171f81cf6cftstexc-exercise.git, testRepositoryUri=http://localhost:49152/git/SHORT0FC863930E92904248098A506171F81CF6CFTSTEXC/short0fc863930e92904248098a506171f81cf6cftstexc-tests.git, solutionRepositoryUri=null, auxiliaryRepositoryUris=[Ljava.lang.String;@30574a99, auxiliaryRepositoryCheckoutDirectories=[Ljava.lang.String;@3dcc5a4], jobTimingInfo=JobTimingInfo[submissionDate=2025-02-14T23:45:48.768063548Z[Etc/UTC], buildStartDate=2025-02-14T23:45:48.802531989Z[Etc/UTC], buildCompletionDate=2025-02-14T23:45:50.482681367Z[Etc/UTC], estimatedCompletionDate=2025-02-14T23:45:50.802523092Z[Etc/UTC], estimatedDuration=2], buildConfig=BuildConfig[buildScript=#!/bin/bash
cd /var/tmp/testing-dir
chmod +x ./gradlew
./gradlew clean test
, dockerImage=dummy-docker-image:latest, commitHashToBuild=9b3a9bd71a0d80e5bbc42204c319ed3d1d4f0d6d, assignmentCommitHash=115a2e943bee242fdad360b50d8ad5f30792577e, testCommitHash=9b3a9bd71a0d80e5bbc42204c319ed3d1d4f0d6d, branch=main, programmingLanguage=JAVA, projectType=PLAIN_GRADLE, scaEnabled=false, sequentialTestRunsEnabled=false, resultPaths=[/var/tmp/testing-dir/**/test-results/test/*.xml], timeoutSeconds=0, assignmentCheckoutPath=null, testCheckoutPath=null, solutionCheckoutPath=null, dockerRunConfig=null], submissionResult=ResultDTO[id=637, completionDate=2025-02-14T23:45:50.449084694Z[Etc/UTC], successful=false, score=0.0, rated=true, submission=SubmissionDTO[id=831, submitted=true, type=TEST, exampleSubmission=null, submissionDate=2025-02-14T23:45:48.761177Z, commitHash=9b3a9bd71a0d80e5bbc42204c319ed3d1d4f0d6d, buildFailed=false, buildArtifact=false, participation=ParticipationDTO[id=2028, testRun=false, type=template, submissionCount=null, exercise=ParticipationExerciseDTO[id=2609, exerciseType=PROGRAMMING, type=programming, assessmentType=AUTOMATIC, dueDate=2025-02-16T23:45:46.386304Z, assessmentDueDate=null, maxPoints=42.0, course=CourseDTO[id=992, accuracyOfScores=1]]], submissionExerciseType=programming, isProcessing=false, buildStartDate=null, estimatedCompletionDate=null], participation=ParticipationDTO[id=2028, testRun=false, type=template, submissionCount=null, exercise=ParticipationExerciseDTO[id=2609, exerciseType=PROGRAMMING, type=programming, assessmentType=AUTOMATIC, dueDate=2025-02-16T23:45:46.386304Z, assessmentDueDate=null, maxPoints=42.0, course=CourseDTO[id=992, accuracyOfScores=1]]], feedbacks=[FeedbackDTO[id=985, text=null, detailText=The exercise expects a class with the name Context in the package testpackage. You did not implement the class in the exercise., hasLongFeedbackText=false, reference=null, credits=0.0, positive=false, type=AUTOMATIC, visibility=ALWAYS, testCase=TestCaseDTO[testName=testMethods[Context], id=1461]], FeedbackDTO[id=986, text=null, detailText=The exercise expects a class with the name Policy in the package testpackage. You did not implement the class in the exercise., hasLongFeedbackText=false, reference=null, credits=0.0, positive=false, type=AUTOMATIC, visibility=ALWAYS, testCase=TestCaseDTO[testName=testMethods[Policy], id=1462]], FeedbackDTO[id=987, text=null, detailText=The exercise expects a class with the name SortStrategy in the package testpackage. You did not implement the class in the exercise., hasLongFeedbackText=false, reference=null, credits=0.0, positive=false, type=AUTOMATIC, visibility=ALWAYS, testCase=TestCaseDTO[testName=testMethods[SortStrategy], id=1463]], FeedbackDTO[id=988, text=null, detailText=The class 'MergeSort' does not implement the interface 'SortStrategy' as expected. Implement the interface and its methods., hasLongFeedbackText=false, reference=null, credits=0.0, positive=false, type=AUTOMATIC, visibility=ALWAYS, testCase=TestCaseDTO[testName=testClass[MergeSort], id=1458]], FeedbackDTO[id=989, text=null, detailText=The exercise expects a class with the name SortStrategy in the package testpackage. You did not implement the class in the exercise., hasLongFeedbackText=false, reference=null, credits=0.0, positive=false, type=AUTOMATIC, visibility=ALWAYS, testCase=TestCaseDTO[testName=testClass[SortStrategy], id=1455]], FeedbackDTO[id=990, text=null, detailText=The class 'BubbleSort' does not implement the interface 'SortStrategy' as expected. Implement the interface and its methods., hasLongFeedbackText=false, reference=null, credits=0.0, positive=false, type=AUTOMATIC, visibility=ALWAYS, testCase=TestCaseDTO[testName=testClass[BubbleSort], id=1459]], FeedbackDTO[id=991, text=null, detailText=MergeSort does not sort correctly, hasLongFeedbackText=false, reference=null, credits=0.0, positive=false, type=AUTOMATIC, visibility=ALWAYS, testCase=TestCaseDTO[testName=testMergeSort(), id=1464]], FeedbackDTO[id=992, text=null, detailText=The class 'Context' was not found within the submission. Make sure to implement it properly., hasLongFeedbackText=false, reference=null, credits=0.0, positive=false, type=AUTOMATIC, visibility=ALWAYS, testCase=TestCaseDTO[testName=testUseBubbleSortForSmallList(), id=1465]], FeedbackDTO[id=993, text=null, detailText=BubbleSort does not sort correctly, hasLongFeedbackText=false, reference=null, credits=0.0, positive=false, type=AUTOMATIC, visibility=ALWAYS, testCase=TestCaseDTO[testName=testBubbleSort(), id=1467]], FeedbackDTO[id=994, text=null, detailText=The class 'Context' was not found within the submission. Make sure to implement it properly., hasLongFeedbackText=false, reference=null, credits=0.0, positive=false, type=AUTOMATIC, visibility=ALWAYS, testCase=TestCaseDTO[testName=testUseMergeSortForBigList(), id=1466]], FeedbackDTO[id=995, text=null, detailText=The exercise expects a class with the name Policy in the package testpackage. You did not implement the class in the exercise., hasLongFeedbackText=false, reference=null, credits=0.0, positive=false, type=AUTOMATIC, visibility=ALWAYS, testCase=TestCaseDTO[testName=testConstructors[Policy], id=1460]], FeedbackDTO[id=996, text=null, detailText=The exercise expects a class with the name Context in the package testpackage. You did not implement the class in the exercise., hasLongFeedbackText=false, reference=null, credits=0.0, positive=false, type=AUTOMATIC, visibility=ALWAYS, testCase=TestCaseDTO[testName=testAttributes[Context], id=1456]], FeedbackDTO[id=997, text=null, detailText=The exercise expects a class with the name Policy in the package testpackage. You did not implement the class in the exercise., hasLongFeedbackText=false, reference=null, credits=0.0, positive=false, type=AUTOMATIC, visibility=ALWAYS, testCase=TestCaseDTO[testName=testAttributes[Policy], id=1457]]], assessmentType=AUTOMATIC, hasComplaint=null, exampleResult=null, testCaseCount=13, passedTestCaseCount=0, codeIssueCount=0]], BuildJobQueueItem[id=20291739576751299, name=SHORT716C2EC10B19B049C80A2F00B97EAB20B2A9TSTEXC-SOLUTION, buildAgent=BuildAgentDTO[name=artemis-build-agent-test, memberAddress=[127.0.0.1]:5703, displayName=artemis-build-agent-test], participationId=2029, courseId=993, exerciseId=2610, retryCount=0, priority=2, status=SUCCESSFUL, repositoryInfo=RepositoryInfo[repositoryName=short716c2ec10b19b049c80a2f00b97eab20b2a9tstexc-solution, repositoryType=solution, triggeredByPushTo=tests, assignmentRepositoryUri=http://localhost:49152/git/SHORT716C2EC10B19B049C80A2F00B97EAB20B2A9TSTEXC/short716c2ec10b19b049c80a2f00b97eab20b2a9tstexc-solution.git, testRepositoryUri=http://localhost:49152/git/SHORT716C2EC10B19B049C80A2F00B97EAB20B2A9TSTEXC/short716c2ec10b19b049c80a2f00b97eab20b2a9tstexc-tests.git, solutionRepositoryUri=null, auxiliaryRepositoryUris=[Ljava.lang.String;@166ad40d, auxiliaryRepositoryCheckoutDirectories=[Ljava.lang.String;@7b80d10d], jobTimingInfo=JobTimingInfo[submissionDate=2025-02-14T23:45:51.299892174Z[Etc/UTC], buildStartDate=2025-02-14T23:45:51.314028505Z[Etc/UTC], buildCompletionDate=2025-02-14T23:45:52.158312850Z[Etc/UTC], estimatedCompletionDate=2025-02-14T23:46:10.314021752Z[Etc/UTC], estimatedDuration=19], buildConfig=BuildConfig[buildScript=#!/bin/bash
cd /var/tmp/testing-dir
chmod +x ./gradlew
./gradlew clean test
, dockerImage=dummy-docker-image:latest, commitHashToBuild=1e531733ed6e9237f710b528d1eb0b7beac565fd, assignmentCommitHash=815e279f12ad296b4f24c44134a07293c04c010f, testCommitHash=1e531733ed6e9237f710b528d1eb0b7beac565fd, branch=main, programmingLanguage=JAVA, projectType=PLAIN_GRADLE, scaEnabled=false, sequentialTestRunsEnabled=false, resultPaths=[/var/tmp/testing-dir/**/test-results/test/*.xml], timeoutSeconds=0, assignmentCheckoutPath=null, testCheckoutPath=null, solutionCheckoutPath=null, dockerRunConfig=null], submissionResult=ResultDTO[id=638, completionDate=2025-02-14T23:45:52.146826070Z[Etc/UTC], successful=true, score=100.0, rated=true, submission=SubmissionDTO[id=832, submitted=true, type=TEST, exampleSubmission=null, submissionDate=2025-02-14T23:45:51.275713Z, commitHash=1e531733ed6e9237f710b528d1eb0b7beac565fd, buildFailed=false, buildArtifact=false, participation=ParticipationDTO[id=2029, testRun=false, type=solution, submissionCount=null, exercise=ParticipationExerciseDTO[id=2610, exerciseType=PROGRAMMING, type=programming, assessmentType=AUTOMATIC, dueDate=2025-02-16T23:45:50.869093Z, assessmentDueDate=null, maxPoints=42.0, course=CourseDTO[id=993, accuracyOfScores=1]]], submissionExerciseType=programming, isProcessing=false, buildStartDate=null, estimatedCompletionDate=null], participation=ParticipationDTO[id=2029, testRun=false, type=solution, submissionCount=null, exercise=ParticipationExerciseDTO[id=2610, exerciseType=PROGRAMMING, type=programming, assessmentType=AUTOMATIC, dueDate=2025-02-16T23:45:50.869093Z, assessmentDueDate=null, maxPoints=42.0, course=CourseDTO[id=993, accuracyOfScores=1]]], feedbacks=[FeedbackDTO[id=998, text=null, detailText=null, hasLongFeedbackText=false, reference=null, credits=3.230769230769231, positive=true, type=AUTOMATIC, visibility=ALWAYS, testCase=TestCaseDTO[testName=testMethods[Context], id=1474]], FeedbackDTO[id=999, text=null, detailText=null, hasLongFeedbackText=false, reference=null, credits=3.230769230769231, positive=true, type=AUTOMATIC, visibility=ALWAYS, testCase=TestCaseDTO[testName=testMethods[Policy], id=1475]], FeedbackDTO[id=1000, text=null, detailText=null, hasLongFeedbackText=false, reference=null, credits=3.230769230769231, positive=true, type=AUTOMATIC, visibility=ALWAYS, testCase=TestCaseDTO[testName=testMethods[SortStrategy], id=1476]], FeedbackDTO[id=1001, text=null, detailText=null, hasLongFeedbackText=false, reference=null, credits=3.230769230769231, positive=true, type=AUTOMATIC, visibility=ALWAYS, testCase=TestCaseDTO[testName=testClass[MergeSort], id=1471]], FeedbackDTO[id=1002, text=null, detailText=null, hasLongFeedbackText=false, reference=null, credits=3.230769230769231, positive=true, type=AUTOMATIC, visibility=ALWAYS, testCase=TestCaseDTO[testName=testClass[SortStrategy], id=1468]], FeedbackDTO[id=1003, text=null, detailText=null, hasLongFeedbackText=false, reference=null, credits=3.230769230769231, positive=true, type=AUTOMATIC, visibility=ALWAYS, testCase=TestCaseDTO[testName=testClass[BubbleSort], id=1472]], FeedbackDTO[id=1004, text=null, detailText=null, hasLongFeedbackText=false, reference=null, credits=3.230769230769231, positive=true, type=AUTOMATIC, visibility=ALWAYS, testCase=TestCaseDTO[testName=testMergeSort(), id=1477]], FeedbackDTO[id=1005, text=null, detailText=null, hasLongFeedbackText=false, reference=null, credits=3.230769230769231, positive=true, type=AUTOMATIC, visibility=ALWAYS, testCase=TestCaseDTO[testName=testUseBubbleSortForSmallList(), id=1478]], FeedbackDTO[id=1006, text=null, detailText=null, hasLongFeedbackText=false, reference=null, credits=3.230769230769231, positive=true, type=AUTOMATIC, visibility=ALWAYS, testCase=TestCaseDTO[testName=testBubbleSort(), id=1480]], FeedbackDTO[id=1007, text=null, detailText=null, hasLongFeedbackText=false, reference=null, credits=3.230769230769231, positive=true, type=AUTOMATIC, visibility=ALWAYS, testCase=TestCaseDTO[testName=testUseMergeSortForBigList(), id=1479]], FeedbackDTO[id=1008, text=null, detailText=null, hasLongFeedbackText=false, reference=null, credits=3.230769230769231, positive=true, type=AUTOMATIC, visibility=ALWAYS, testCase=TestCaseDTO[testName=testConstructors[Policy], id=1473]], FeedbackDTO[id=1009, text=null, detailText=null, hasLongFeedbackText=false, reference=null, credits=3.230769230769231, positive=true, type=AUTOMATIC, visibility=ALWAYS, testCase=TestCaseDTO[testName=testAttributes[Context], id=1469]], FeedbackDTO[id=1010, text=null, detailText=null, hasLongFeedbackText=false, reference=null, credits=3.230769230769231, positive=true, type=AUTOMATIC, visibility=ALWAYS, testCase=TestCaseDTO[testName=testAttributes[Policy], id=1470]]], assessmentType=AUTOMATIC, hasComplaint=null, exampleResult=null, testCaseCount=13, passedTestCaseCount=13, codeIssueCount=0]], BuildJobQueueItem[id=20301739576752239, name=SHORT716C2EC10B19B049C80A2F00B97EAB20B2A9TSTEXC-BASE, buildAgent=BuildAgentDTO[name=artemis-build-agent-test, memberAddress=[127.0.0.1]:5703, displayName=artemis-build-agent-test], participationId=2030, courseId=993, exerciseId=2610, retryCount=0, priority=2, status=SUCCESSFUL, repositoryInfo=RepositoryInfo[repositoryName=short716c2ec10b19b049c80a2f00b97eab20b2a9tstexc-exercise, repositoryType=exercise, triggeredByPushTo=tests, assignmentRepositoryUri=http://localhost:49152/git/SHORT716C2EC10B19B049C80A2F00B97EAB20B2A9TSTEXC/short716c2ec10b19b049c80a2f00b97eab20b2a9tstexc-exercise.git, testRepositoryUri=http://localhost:49152/git/SHORT716C2EC10B19B049C80A2F00B97EAB20B2A9TSTEXC/short716c2ec10b19b049c80a2f00b97eab20b2a9tstexc-tests.git, solutionRepositoryUri=null, auxiliaryRepositoryUris=[Ljava.lang.String;@71094f66, auxiliaryRepositoryCheckoutDirectories=[Ljava.lang.String;@149d5506], jobTimingInfo=JobTimingInfo[submissionDate=2025-02-14T23:45:52.239402475Z[Etc/UTC], buildStartDate=2025-02-14T23:45:52.258713639Z[Etc/UTC], buildCompletionDate=2025-02-14T23:45:53.238773956Z[Etc/UTC], estimatedCompletionDate=2025-02-14T23:45:53.258707428Z[Etc/UTC], estimatedDuration=1], buildConfig=BuildConfig[buildScript=#!/bin/bash
cd /var/tmp/testing-dir
chmod +x ./gradlew
./gradlew clean test
, dockerImage=dummy-docker-image:latest, commitHashToBuild=1e531733ed6e9237f710b528d1eb0b7beac565fd, assignmentCommitHash=815e279f12ad296b4f24c44134a07293c04c010f, testCommitHash=1e531733ed6e9237f710b528d1eb0b7beac565fd, branch=main, programmingLanguage=JAVA, projectType=PLAIN_GRADLE, scaEnabled=false, sequentialTestRunsEnabled=false, resultPaths=[/var/tmp/testing-dir/**/test-results/test/*.xml], timeoutSeconds=0, assignmentCheckoutPath=null, testCheckoutPath=null, solutionCheckoutPath=null, dockerRunConfig=null], submissionResult=ResultDTO[id=639, completionDate=2025-02-14T23:45:53.225806205Z[Etc/UTC], successful=false, score=0.0, rated=true, submission=SubmissionDTO[id=833, submitted=true, type=TEST, exampleSubmission=null, submissionDate=2025-02-14T23:45:52.237179Z, commitHash=1e531733ed6e9237f710b528d1eb0b7beac565fd, buildFailed=false, buildArtifact=false, participation=ParticipationDTO[id=2030, testRun=false, type=template, submissionCount=null, exercise=ParticipationExerciseDTO[id=2610, exerciseType=PROGRAMMING, type=programming, assessmentType=AUTOMATIC, dueDate=2025-02-16T23:45:50.869093Z, assessmentDueDate=null, maxPoints=42.0, course=CourseDTO[id=993, accuracyOfScores=1]]], submissionExerciseType=programming, isProcessing=false, buildStartDate=null, estimatedCompletionDate=null], participation=ParticipationDTO[id=2030, testRun=false, type=template, submissionCount=null, exercise=ParticipationExerciseDTO[id=2610, exerciseType=PROGRAMMING, type=programming, assessmentType=AUTOMATIC, dueDate=2025-02-16T23:45:50.869093Z, assessmentDueDate=null, maxPoints=42.0, course=CourseDTO[id=993, accuracyOfScores=1]]], feedbacks=[FeedbackDTO[id=1011, text=null, detailText=The exercise expects a class with the name Context in the package testpackage. You did not implement the class in the exercise., hasLongFeedbackText=false, reference=null, credits=0.0, positive=false, type=AUTOMATIC, visibility=ALWAYS, testCase=TestCaseDTO[testName=testMethods[Context], id=1474]], FeedbackDTO[id=1012, text=null, detailText=The exercise expects a class with the name Policy in the package testpackage. You did not implement the class in the exercise., hasLongFeedbackText=false, reference=null, credits=0.0, positive=false, type=AUTOMATIC, visibility=ALWAYS, testCase=TestCaseDTO[testName=testMethods[Policy], id=1475]], FeedbackDTO[id=1013, text=null, detailText=The exercise expects a class with the name SortStrategy in the package testpackage. You did not implement the class in the exercise., hasLongFeedbackText=false, reference=null, credits=0.0, positive=false, type=AUTOMATIC, visibility=ALWAYS, testCase=TestCaseDTO[testName=testMethods[SortStrategy], id=1476]], FeedbackDTO[id=1014, text=null, detailText=The class 'MergeSort' does not implement the interface 'SortStrategy' as expected. Implement the interface and its methods., hasLongFeedbackText=false, reference=null, credits=0.0, positive=false, type=AUTOMATIC, visibility=ALWAYS, testCase=TestCaseDTO[testName=testClass[MergeSort], id=1471]], FeedbackDTO[id=1015, text=null, detailText=The exercise expects a class with the name SortStrategy in the package testpackage. You did not implement the class in the exercise., hasLongFeedbackText=false, reference=null, credits=0.0, positive=false, type=AUTOMATIC, visibility=ALWAYS, testCase=TestCaseDTO[testName=testClass[SortStrategy], id=1468]], FeedbackDTO[id=1016, text=null, detailText=The class 'BubbleSort' does not implement the interface 'SortStrategy' as expected. Implement the interface and its methods., hasLongFeedbackText=false, reference=null, credits=0.0, positive=false, type=AUTOMATIC, visibility=ALWAYS, testCase=TestCaseDTO[testName=testClass[BubbleSort], id=1472]], FeedbackDTO[id=1017, text=null, detailText=MergeSort does not sort correctly, hasLongFeedbackText=false, reference=null, credits=0.0, positive=false, type=AUTOMATIC, visibility=ALWAYS, testCase=TestCaseDTO[testName=testMergeSort(), id=1477]], FeedbackDTO[id=1018, text=null, detailText=The class 'Context' was not found within the submission. Make sure to implement it properly., hasLongFeedbackText=false, reference=null, credits=0.0, positive=false, type=AUTOMATIC, visibility=ALWAYS, testCase=TestCaseDTO[testName=testUseBubbleSortForSmallList(), id=1478]], FeedbackDTO[id=1019, text=null, detailText=BubbleSort does not sort correctly, hasLongFeedbackText=false, reference=null, credits=0.0, positive=false, type=AUTOMATIC, visibility=ALWAYS, testCase=TestCaseDTO[testName=testBubbleSort(), id=1480]], FeedbackDTO[id=1020, text=null, detailText=The class 'Context' was not found within the submission. Make sure to implement it properly., hasLongFeedbackText=false, reference=null, credits=0.0, positive=false, type=AUTOMATIC, visibility=ALWAYS, testCase=TestCaseDTO[testName=testUseMergeSortForBigList(), id=1479]], FeedbackDTO[id=1021, text=null, detailText=The exercise expects a class with the name Policy in the package testpackage. You did not implement the class in the exercise., hasLongFeedbackText=false, reference=null, credits=0.0, positive=false, type=AUTOMATIC, visibility=ALWAYS, testCase=TestCaseDTO[testName=testConstructors[Policy], id=1473]], FeedbackDTO[id=1022, text=null, detailText=The exercise expects a class with the name Context in the package testpackage. You did not implement the class in the exercise., hasLongFeedbackText=false, reference=null, credits=0.0, positive=false, type=AUTOMATIC, visibility=ALWAYS, testCase=TestCaseDTO[testName=testAttributes[Context], id=1469]], FeedbackDTO[id=1023, text=null, detailText=The exercise expects a class with the name Policy in the package testpackage. You did not implement the class in the exercise., hasLongFeedbackText=false, reference=null, credits=0.0, positive=false, type=AUTOMATIC, visibility=ALWAYS, testCase=TestCaseDTO[testName=testAttributes[Policy], id=1470]]], assessmentType=AUTOMATIC, hasComplaint=null, exampleResult=null, testCaseCount=13, passedTestCaseCount=0, codeIssueCount=0]], BuildJobQueueItem[id=20391739576754750, name=SHORT3A680734092E404EF80A4C60FBC1E408F7D0TSTEXC-LOCALVCCIINTSTUDENT1, buildAgent=BuildAgentDTO[name=artemis-build-agent-test, memberAddress=[127.0.0.1]:5703, displayName=artemis-build-agent-test], participationId=2039, courseId=996, exerciseId=2613, retryCount=0, priority=2, status=SUCCESSFUL, repositoryInfo=RepositoryInfo[repositoryName=short3a680734092e404ef80a4c60fbc1e408f7d0tstexc-localvcciintstudent1, repositoryType=user, triggeredByPushTo=user, assignmentRepositoryUri=http://localhost:49152/git/SHORT3A680734092E404EF80A4C60FBC1E408F7D0TSTEXC/short3a680734092e404ef80a4c60fbc1e408f7d0tstexc-localvcciintstudent1.git, testRepositoryUri=http://localhost:49152/git/SHORT3A680734092E404EF80A4C60FBC1E408F7D0TSTEXC/short3a680734092e404ef80a4c60fbc1e408f7d0tstexc-tests.git, solutionRepositoryUri=null, auxiliaryRepositoryUris=[Ljava.lang.String;@54172124, auxiliaryRepositoryCheckoutDirectories=[Ljava.lang.String;@29e29a12], jobTimingInfo=JobTimingInfo[submissionDate=2025-02-14T23:45:54.750657185Z[Etc/UTC], buildStartDate=2025-02-14T23:45:54.765232948Z[Etc/UTC], buildCompletionDate=2025-02-14T23:45:55.645844970Z[Etc/UTC], estimatedCompletionDate=2025-02-14T23:46:13.765225363Z[Etc/UTC], estimatedDuration=19], buildConfig=BuildConfig[buildScript=#!/bin/bash
cd /var/tmp/testing-dir
chmod +x ./gradlew
./gradlew clean test
, dockerImage=dummy-docker-image:latest, commitHashToBuild=9344436f8d5a5ce3aa40215562db211ed501371f, assignmentCommitHash=9344436f8d5a5ce3aa40215562db211ed501371f, testCommitHash=ff421c3651ec230fed2f20f72c2901ae372be06a, branch=main, programmingLanguage=JAVA, projectType=PLAIN_GRADLE, scaEnabled=false, sequentialTestRunsEnabled=false, resultPaths=[/var/tmp/testing-dir/**/test-results/test/*.xml], timeoutSeconds=0, assignmentCheckoutPath=null, testCheckoutPath=null, solutionCheckoutPath=null, dockerRunConfig=null], submissionResult=ResultDTO[id=640, completionDate=2025-02-14T23:45:55.628250079Z[Etc/UTC], successful=false, score=7.7, rated=true, submission=SubmissionDTO[id=834, submitted=true, type=MANUAL, exampleSubmission=null, submissionDate=2025-02-14T23:45:54.732007Z, commitHash=9344436f8d5a5ce3aa40215562db211ed501371f, buildFailed=false, buildArtifact=false, participation=ParticipationDTO[id=2039, testRun=false, type=programming, submissionCount=null, exercise=ParticipationExerciseDTO[id=2613, exerciseType=PROGRAMMING, type=programming, assessmentType=AUTOMATIC, dueDate=2025-02-16T23:45:54.546562Z, assessmentDueDate=null, maxPoints=42.0, course=CourseDTO[id=996, accuracyOfScores=1]]], submissionExerciseType=programming, isProcessing=false, buildStartDate=null, estimatedCompletionDate=null], participation=ParticipationDTO[id=2039, testRun=false, type=programming, submissionCount=null, exercise=ParticipationExerciseDTO[id=2613, exerciseType=PROGRAMMING, type=programming, assessmentType=AUTOMATIC, dueDate=2025-02-16T23:45:54.546562Z, assessmentDueDate=null, maxPoints=42.0, course=CourseDTO[id=996, accuracyOfScores=1]]], feedbacks=[FeedbackDTO[id=1024, text=null, detailText=The exercise expects a class with the name Context in the package testpackage. You did not implement the class in the exercise., hasLongFeedbackText=false, reference=null, credits=0.0, positive=false, type=AUTOMATIC, visibility=ALWAYS, testCase=TestCaseDTO[testName=null, id=1513]], FeedbackDTO[id=1025, text=null, detailText=The exercise expects a class with the name Policy in the package testpackage. You did not implement the class in the exercise., hasLongFeedbackText=false, reference=null, credits=0.0, positive=false, type=AUTOMATIC, visibility=ALWAYS, testCase=TestCaseDTO[testName=null, id=1514]], FeedbackDTO[id=1026, text=null, detailText=The exercise expects a class with the name SortStrategy in the package testpackage. You did not implement the class in the exercise., hasLongFeedbackText=false, reference=null, credits=0.0, positive=false, type=AUTOMATIC, visibility=ALWAYS, testCase=TestCaseDTO[testName=null, id=1515]], FeedbackDTO[id=1027, text=null, detailText=The class 'MergeSort' does not implement the interface 'SortStrategy' as expected. Implement the interface and its methods., hasLongFeedbackText=false, reference=null, credits=0.0, positive=false, type=AUTOMATIC, visibility=ALWAYS, testCase=TestCaseDTO[testName=null, id=1510]], FeedbackDTO[id=1028, text=null, detailText=The exercise expects a class with the name SortStrategy in the package testpackage. You did not implement the class in the exercise., hasLongFeedbackText=false, reference=null, credits=0.0, positive=false, type=AUTOMATIC, visibility=ALWAYS, testCase=TestCaseDTO[testName=null, id=1507]], FeedbackDTO[id=1029, text=null, detailText=The class 'BubbleSort' does not implement the interface 'SortStrategy' as expected. Implement the interface and its methods., hasLongFeedbackText=false, reference=null, credits=0.0, positive=false, type=AUTOMATIC, visibility=ALWAYS, testCase=TestCaseDTO[testName=null, id=1511]], FeedbackDTO[id=1030, text=null, detailText=MergeSort does not sort correctly, hasLongFeedbackText=false, reference=null, credits=0.0, positive=false, type=AUTOMATIC, visibility=ALWAYS, testCase=TestCaseDTO[testName=null, id=1516]], FeedbackDTO[id=1031, text=null, detailText=The class 'Context' was not found within the submission. Make sure to implement it properly., hasLongFeedbackText=false, reference=null, credits=0.0, positive=false, type=AUTOMATIC, visibility=ALWAYS, testCase=TestCaseDTO[testName=null, id=1517]], FeedbackDTO[id=1032, text=null, detailText=The class 'Context' was not found within the submission. Make sure to implement it properly., hasLongFeedbackText=false, reference=null, credits=0.0, positive=false, type=AUTOMATIC, visibility=ALWAYS, testCase=TestCaseDTO[testName=null, id=1518]], FeedbackDTO[id=1033, text=null, detailText=The exercise expects a class with the name Policy in the package testpackage. You did not implement the class in the exercise., hasLongFeedbackText=false, reference=null, credits=0.0, positive=false, type=AUTOMATIC, visibility=ALWAYS, testCase=TestCaseDTO[testName=null, id=1512]], FeedbackDTO[id=1034, text=null, detailText=The exercise expects a class with the name Context in the package testpackage. You did not implement the class in the exercise., hasLongFeedbackText=false, reference=null, credits=0.0, positive=false, type=AUTOMATIC, visibility=ALWAYS, testCase=TestCaseDTO[testName=null, id=1508]], FeedbackDTO[id=1035, text=null, detailText=The exercise expects a class with the name Policy in the package testpackage. You did not implement the class in the exercise., hasLongFeedbackText=false, reference=null, credits=0.0, positive=false, type=AUTOMATIC, visibility=ALWAYS, testCase=TestCaseDTO[testName=null, id=1509]], FeedbackDTO[id=1036, text=null, detailText=null, hasLongFeedbackText=false, reference=null, credits=3.230769230769231, positive=true, type=AUTOMATIC, visibility=ALWAYS, testCase=TestCaseDTO[testName=null, id=1519]]], assessmentType=AUTOMATIC, hasComplaint=null, exampleResult=null, testCaseCount=13, passedTestCaseCount=1, codeIssueCount=0]], BuildJobQueueItem[id=20431739576757232, name=SHORT3945BC5E092B90459B0A7F006DF5F64347FDTSTEXC-SOLUTION, buildAgent=BuildAgentDTO[name=artemis-build-agent-test, memberAddress=[127.0.0.1]:5703, displayName=artemis-build-agent-test], participationId=2043, courseId=998, exerciseId=2615, retryCount=0, priority=2, status=SUCCESSFUL, repositoryInfo=RepositoryInfo[repositoryName=short3945bc5e092b90459b0a7f006df5f64347fdtstexc-solution, repositoryType=solution, triggeredByPushTo=solution, assignmentRepositoryUri=http://localhost:49152/git/SHORT3945BC5E092B90459B0A7F006DF5F64347FDTSTEXC/short3945bc5e092b90459b0a7f006df5f64347fdtstexc-solution.git, testRepositoryUri=http://localhost:49152/git/SHORT3945BC5E092B90459B0A7F006DF5F64347FDTSTEXC/short3945bc5e092b90459b0a7f006df5f64347fdtstexc-tests.git, solutionRepositoryUri=null, auxiliaryRepositoryUris=[Ljava.lang.String;@12ab8237, auxiliaryRepositoryCheckoutDirectories=[Ljava.lang.String;@6c60c001], jobTimingInfo=JobTimingInfo[submissionDate=2025-02-14T23:45:57.232907777Z[Etc/UTC], buildStartDate=2025-02-14T23:45:57.240437339Z[Etc/UTC], buildCompletionDate=2025-02-14T23:45:58.062328619Z[Etc/UTC], estimatedCompletionDate=2025-02-14T23:46:16.240428743Z[Etc/UTC], estimatedDuration=19], buildConfig=BuildConfig[buildScript=#!/bin/bash
cd /var/tmp/testing-dir
chmod +x ./gradlew
./gradlew clean test
, dockerImage=dummy-docker-image:latest, commitHashToBuild=c315388a235502fd958ae3c7ffbbbbf126a8fe21, assignmentCommitHash=c315388a235502fd958ae3c7ffbbbbf126a8fe21, testCommitHash=28488095271179f4eface46480ec45511f50df5d, branch=main, programmingLanguage=JAVA, projectType=PLAIN_GRADLE, scaEnabled=false, sequentialTestRunsEnabled=false, resultPaths=[/var/tmp/testing-dir/**/test-results/test/*.xml], timeoutSeconds=0, assignmentCheckoutPath=null, testCheckoutPath=null, solutionCheckoutPath=null, dockerRunConfig=null], submissionResult=ResultDTO[id=641, completionDate=2025-02-14T23:45:58.032353400Z[Etc/UTC], successful=true, score=100.0, rated=true, submission=SubmissionDTO[id=835, submitted=true, type=MANUAL, exampleSubmission=null, submissionDate=2025-02-14T23:45:57.222714Z, commitHash=c315388a235502fd958ae3c7ffbbbbf126a8fe21, buildFailed=false, buildArtifact=false, participation=ParticipationDTO[id=2043, testRun=false, type=solution, submissionCount=null, exercise=ParticipationExerciseDTO[id=2615, exerciseType=PROGRAMMING, type=programming, assessmentType=AUTOMATIC, dueDate=2025-02-16T23:45:56.808788Z, assessmentDueDate=null, maxPoints=42.0, course=CourseDTO[id=998, accuracyOfScores=1]]], submissionExerciseType=programming, isProcessing=false, buildStartDate=null, estimatedCompletionDate=null], participation=ParticipationDTO[id=2043, testRun=false, type=solution, submissionCount=null, exercise=ParticipationExerciseDTO[id=2615, exerciseType=PROGRAMMING, type=programming, assessmentType=AUTOMATIC, dueDate=2025-02-16T23:45:56.808788Z, assessmentDueDate=null, maxPoints=42.0, course=CourseDTO[id=998, accuracyOfScores=1]]], feedbacks=[FeedbackDTO[id=1037, text=null, detailText=null, hasLongFeedbackText=false, reference=null, credits=3.230769230769231, positive=true, type=AUTOMATIC, visibility=ALWAYS, testCase=TestCaseDTO[testName=testMethods[Context], id=1539]], FeedbackDTO[id=1038, text=null, detailText=null, hasLongFeedbackText=false, reference=null, credits=3.230769230769231, positive=true, type=AUTOMATIC, visibility=ALWAYS, testCase=TestCaseDTO[testName=testMethods[Policy], id=1540]], FeedbackDTO[id=1039, text=null, detailText=null, hasLongFeedbackText=false, reference=null, credits=3.230769230769231, positive=true, type=AUTOMATIC, visibility=ALWAYS, testCase=TestCaseDTO[testName=testMethods[SortStrategy], id=1541]], FeedbackDTO[id=1040, text=null, detailText=null, hasLongFeedbackText=false, reference=null, credits=3.230769230769231, positive=true, type=AUTOMATIC, visibility=ALWAYS, testCase=TestCaseDTO[testName=testClass[MergeSort], id=1536]], FeedbackDTO[id=1041, text=null, detailText=null, hasLongFeedbackText=false, reference=null, credits=3.230769230769231, positive=true, type=AUTOMATIC, visibility=ALWAYS, testCase=TestCaseDTO[testName=testClass[SortStrategy], id=1533]], FeedbackDTO[id=1042, text=null, detailText=null, hasLongFeedbackText=false, reference=null, credits=3.230769230769231, positive=true, type=AUTOMATIC, visibility=ALWAYS, testCase=TestCaseDTO[testName=testClass[BubbleSort], id=1537]], FeedbackDTO[id=1043, text=null, detailText=null, hasLongFeedbackText=false, reference=null, credits=3.230769230769231, positive=true, type=AUTOMATIC, visibility=ALWAYS, testCase=TestCaseDTO[testName=testMergeSort(), id=1542]], FeedbackDTO[id=1044, text=null, detailText=null, hasLongFeedbackText=false, reference=null, credits=3.230769230769231, positive=true, type=AUTOMATIC, visibility=ALWAYS, testCase=TestCaseDTO[testName=testUseBubbleSortForSmallList(), id=1543]], FeedbackDTO[id=1045, text=null, detailText=null, hasLongFeedbackText=false, reference=null, credits=3.230769230769231, positive=true, type=AUTOMATIC, visibility=ALWAYS, testCase=TestCaseDTO[testName=testBubbleSort(), id=1545]], FeedbackDTO[id=1046, text=null, detailText=null, hasLongFeedbackText=false, reference=null, credits=3.230769230769231, positive=true, type=AUTOMATIC, visibility=ALWAYS, testCase=TestCaseDTO[testName=testUseMergeSortForBigList(), id=1544]], FeedbackDTO[id=1047, text=null, detailText=null, hasLongFeedbackText=false, reference=null, credits=3.230769230769231, positive=true, type=AUTOMATIC, visibility=ALWAYS, testCase=TestCaseDTO[testName=testConstructors[Policy], id=1538]], FeedbackDTO[id=1048, text=null, detailText=null, hasLongFeedbackText=false, reference=null, credits=3.230769230769231, positive=true, type=AUTOMATIC, visibility=ALWAYS, testCase=TestCaseDTO[testName=testAttributes[Context], id=1534]], FeedbackDTO[id=1049, text=null, detailText=null, hasLongFeedbackText=false, reference=null, credits=3.230769230769231, positive=true, type=AUTOMATIC, visibility=ALWAYS, testCase=TestCaseDTO[testName=testAttributes[Policy], id=1535]]], assessmentType=AUTOMATIC, hasComplaint=null, exampleResult=null, testCaseCount=13, passedTestCaseCount=13, codeIssueCount=0]]], publicSshKey=ssh-rsa AAAAB3NzaC1yc2EAAAADAQABAAACAQCOPdMsxRE2jFJ/UEa5/LsBxtwzJcrh3/rYBCQvcMeVpiRfhzQPWu7mrt/G2Ew+i+vRloGH9aqKg6dd1liRncao53Zmd/ePxoatXePNhmzTfkCkcSkTUz7B+QMjkoDDV5jwuFPD6mF3JkhuzSi64n9Zy905t4w2IhVcjM2mL3eYNjiCXt6Qpq3Pkt7dM/Ksw1nxnvuiIALuJLB3FTkXkHqq3PJav+9HSq2r6ZaWgekneaGxlQlb+U+Vy3XOuArKAzK8c8i+0bR+AHiTG6ncYXt7ax3U+TdlDTF7OLP3umwaYjs1NBXOHwG42pevvpKn2fqavZZozk+M05jXLx3bq0O7itxfErWc7etky8qYPyyIMF/txQIVLd78+Ze4d7Y60t5MGbXM5cGE6fFif5fEJwgswXD+BrG0cafz1CTatjSKFdvp8Vp4VszXhHDan1PrP6JEFJ5Cc5GDmLRZPCFa3vL9f5qXgf4bkqKN8MYeEujwJE5nMRWoiJVNakix2bcrrneQMBlnYeYZVWXXXUusAQBzl4NgddC1umZpihZkL1b1MffZAUW3EGEXi7KHnllQhkTLLsQ8ntMgbylqaJKStqaXlLvdeRJcEnUuiFCrHEVVbXRFZR7XVDZ02CE5o3MuaRPty8Kh+jRTF3COlAckHwYEJCNNJvXFgb2CNXL4mjzYDw== test@localhost]
    23:46:00.618 | 566 localvc.event-13 | DEBUG | s.l.LocalCIWebsocketMessagingService : Sending message on topic /topic/admin/build-agents: [BuildAgentInformation[buildAgent=BuildAgentDTO[name=artemis-build-agent-test, memberAddress=[127.0.0.1]:5703, displayName=artemis-build-agent-test], maxNumberOfConcurrentBuildJobs=1, numberOfCurrentBuildJobs=0, runningBuildJobs=[], status=IDLE, recentBuildJobs=null, publicSshKey=null]]
    23:46:00.619 | 566 localvc.event-13 | DEBUG | s.l.LocalCIWebsocketMessagingService : Sending message on topic /topic/admin/build-agent/artemis-build-agent-test: BuildAgentInformation[buildAgent=BuildAgentDTO[name=artemis-build-agent-test, memberAddress=[127.0.0.1]:5703, displayName=artemis-build-agent-test], maxNumberOfConcurrentBuildJobs=1, numberOfCurrentBuildJobs=0, runningBuildJobs=[], status=IDLE, recentBuildJobs=[BuildJobQueueItem[id=19361739576711303, name=SHORT9AFDAE3804CA304DDF0889A0CB0F56104A86TSTEXC-LOCALVCINTSTUDENT1, buildAgent=BuildAgentDTO[name=artemis-build-agent-test, memberAddress=[127.0.0.1]:5703, displayName=artemis-build-agent-test], participationId=1936, courseId=956, exerciseId=2573, retryCount=0, priority=2, status=FAILED, repositoryInfo=RepositoryInfo[repositoryName=short9afdae3804ca304ddf0889a0cb0f56104a86tstexc-localvcintstudent1, repositoryType=user, triggeredByPushTo=user, assignmentRepositoryUri=http://localhost:49152/git/SHORT9AFDAE3804CA304DDF0889A0CB0F56104A86TSTEXC/short9afdae3804ca304ddf0889a0cb0f56104a86tstexc-localvcintstudent1.git, testRepositoryUri=http://localhost:49152/git/SHORT9AFDAE3804CA304DDF0889A0CB0F56104A86TSTEXC/short9afdae3804ca304ddf0889a0cb0f56104a86tstexc-tests.git, solutionRepositoryUri=null, auxiliaryRepositoryUris=[Ljava.lang.String;@72687d0c, auxiliaryRepositoryCheckoutDirectories=[Ljava.lang.String;@1862cb88], jobTimingInfo=JobTimingInfo[submissionDate=2025-02-14T23:45:11.303805653Z[Etc/UTC], buildStartDate=2025-02-14T23:45:11.310981356Z[Etc/UTC], buildCompletionDate=2025-02-14T23:45:11.319178384Z[Etc/UTC], estimatedCompletionDate=2025-02-14T23:45:30.310974944Z[Etc/UTC], estimatedDuration=19], buildConfig=BuildConfig[buildScript=#!/bin/bash
cd /var/tmp/testing-dir
chmod +x ./gradlew
./gradlew clean test
, dockerImage=dummy-docker-image:latest, commitHashToBuild=a1099e378cffde441ef85f9b12577ca174b8e1e4, assignmentCommitHash=a1099e378cffde441ef85f9b12577ca174b8e1e4, testCommitHash=bd38d61c299ab11a1dea82a3ca5493fe04d97d47, branch=main, programmingLanguage=JAVA, projectType=PLAIN_GRADLE, scaEnabled=false, sequentialTestRunsEnabled=false, resultPaths=[/var/tmp/testing-dir/**/test-results/test/*.xml], timeoutSeconds=0, assignmentCheckoutPath=null, testCheckoutPath=null, solutionCheckoutPath=null, dockerRunConfig=null], submissionResult=ResultDTO[id=623, completionDate=2025-02-14T23:45:11.319278430Z[Etc/UTC], successful=false, score=0.0, rated=true, submission=SubmissionDTO[id=815, submitted=true, type=MANUAL, exampleSubmission=null, submissionDate=2025-02-14T23:45:11.294386Z, commitHash=a1099e378cffde441ef85f9b12577ca174b8e1e4, buildFailed=true, buildArtifact=false, participation=ParticipationDTO[id=1936, testRun=false, type=programming, submissionCount=null, exercise=ParticipationExerciseDTO[id=2573, exerciseType=PROGRAMMING, type=programming, assessmentType=AUTOMATIC, dueDate=2025-02-16T23:45:10.996982Z, assessmentDueDate=null, maxPoints=42.0, course=CourseDTO[id=956, accuracyOfScores=1]]], submissionExerciseType=programming, isProcessing=false, buildStartDate=null, estimatedCompletionDate=null], participation=ParticipationDTO[id=1936, testRun=false, type=programming, submissionCount=null, exercise=ParticipationExerciseDTO[id=2573, exerciseType=PROGRAMMING, type=programming, assessmentType=AUTOMATIC, dueDate=2025-02-16T23:45:10.996982Z, assessmentDueDate=null, maxPoints=42.0, course=CourseDTO[id=956, accuracyOfScores=1]]], feedbacks=[], assessmentType=AUTOMATIC, hasComplaint=null, exampleResult=null, testCaseCount=0, passedTestCaseCount=0, codeIssueCount=0]], BuildJobQueueItem[id=19351739576711674, name=SHORT9AFDAE3804CA304DDF0889A0CB0F56104A86TSTEXC-BASE, buildAgent=BuildAgentDTO[name=artemis-build-agent-test, memberAddress=[127.0.0.1]:5703, displayName=artemis-build-agent-test], participationId=1935, courseId=956, exerciseId=2573, retryCount=0, priority=2, status=FAILED, repositoryInfo=RepositoryInfo[repositoryName=short9afdae3804ca304ddf0889a0cb0f56104a86tstexc-exercise, repositoryType=exercise, triggeredByPushTo=exercise, assignmentRepositoryUri=http://localhost:49152/git/SHORT9AFDAE3804CA304DDF0889A0CB0F56104A86TSTEXC/short9afdae3804ca304ddf0889a0cb0f56104a86tstexc-exercise.git, testRepositoryUri=http://localhost:49152/git/SHORT9AFDAE3804CA304DDF0889A0CB0F56104A86TSTEXC/short9afdae3804ca304ddf0889a0cb0f56104a86tstexc-tests.git, solutionRepositoryUri=null, auxiliaryRepositoryUris=[Ljava.lang.String;@77b4cbe, auxiliaryRepositoryCheckoutDirectories=[Ljava.lang.String;@5c687e39], jobTimingInfo=JobTimingInfo[submissionDate=2025-02-14T23:45:11.674556681Z[Etc/UTC], buildStartDate=2025-02-14T23:45:11.677776879Z[Etc/UTC], buildCompletionDate=2025-02-14T23:45:11.688097378Z[Etc/UTC], estimatedCompletionDate=2025-02-14T23:45:30.677771620Z[Etc/UTC], estimatedDuration=19], buildConfig=BuildConfig[buildScript=#!/bin/bash
cd /var/tmp/testing-dir
chmod +x ./gradlew
./gradlew clean test
, dockerImage=dummy-docker-image:latest, commitHashToBuild=a1099e378cffde441ef85f9b12577ca174b8e1e4, assignmentCommitHash=a1099e378cffde441ef85f9b12577ca174b8e1e4, testCommitHash=bd38d61c299ab11a1dea82a3ca5493fe04d97d47, branch=main, programmingLanguage=JAVA, projectType=PLAIN_GRADLE, scaEnabled=false, sequentialTestRunsEnabled=false, resultPaths=[/var/tmp/testing-dir/**/test-results/test/*.xml], timeoutSeconds=0, assignmentCheckoutPath=null, testCheckoutPath=null, solutionCheckoutPath=null, dockerRunConfig=null], submissionResult=ResultDTO[id=624, completionDate=2025-02-14T23:45:11.688214837Z[Etc/UTC], successful=false, score=0.0, rated=true, submission=SubmissionDTO[id=816, submitted=true, type=MANUAL, exampleSubmission=null, submissionDate=2025-02-14T23:45:11.656934Z, commitHash=a1099e378cffde441ef85f9b12577ca174b8e1e4, buildFailed=true, buildArtifact=false, participation=ParticipationDTO[id=1935, testRun=false, type=template, submissionCount=null, exercise=ParticipationExerciseDTO[id=2573, exerciseType=PROGRAMMING, type=programming, assessmentType=AUTOMATIC, dueDate=2025-02-16T23:45:10.996982Z, assessmentDueDate=null, maxPoints=42.0, course=CourseDTO[id=956, accuracyOfScores=1]]], submissionExerciseType=programming, isProcessing=false, buildStartDate=null, estimatedCompletionDate=null], participation=ParticipationDTO[id=1935, testRun=false, type=template, submissionCount=null, exercise=ParticipationExerciseDTO[id=2573, exerciseType=PROGRAMMING, type=programming, assessmentType=AUTOMATIC, dueDate=2025-02-16T23:45:10.996982Z, assessmentDueDate=null, maxPoints=42.0, course=CourseDTO[id=956, accuracyOfScores=1]]], feedbacks=[], assessmentType=AUTOMATIC, hasComplaint=null, exampleResult=null, testCaseCount=0, passedTestCaseCount=0, codeIssueCount=0]], BuildJobQueueItem[id=19341739576712112, name=SHORT9AFDAE3804CA304DDF0889A0CB0F56104A86TSTEXC-SOLUTION, buildAgent=BuildAgentDTO[name=artemis-build-agent-test, memberAddress=[127.0.0.1]:5703, displayName=artemis-build-agent-test], participationId=1934, courseId=956, exerciseId=2573, retryCount=0, priority=2, status=FAILED, repositoryInfo=RepositoryInfo[repositoryName=short9afdae3804ca304ddf0889a0cb0f56104a86tstexc-solution, repositoryType=solution, triggeredByPushTo=solution, assignmentRepositoryUri=http://localhost:49152/git/SHORT9AFDAE3804CA304DDF0889A0CB0F56104A86TSTEXC/short9afdae3804ca304ddf0889a0cb0f56104a86tstexc-solution.git, testRepositoryUri=http://localhost:49152/git/SHORT9AFDAE3804CA304DDF0889A0CB0F56104A86TSTEXC/short9afdae3804ca304ddf0889a0cb0f56104a86tstexc-tests.git, solutionRepositoryUri=null, auxiliaryRepositoryUris=[Ljava.lang.String;@6d59e8a5, auxiliaryRepositoryCheckoutDirectories=[Ljava.lang.String;@63e9400d], jobTimingInfo=JobTimingInfo[submissionDate=2025-02-14T23:45:12.112332872Z[Etc/UTC], buildStartDate=2025-02-14T23:45:12.121617114Z[Etc/UTC], buildCompletionDate=2025-02-14T23:45:12.127931701Z[Etc/UTC], estimatedCompletionDate=2025-02-14T23:45:31.121609600Z[Etc/UTC], estimatedDuration=19], buildConfig=BuildConfig[buildScript=#!/bin/bash
cd /var/tmp/testing-dir
chmod +x ./gradlew
./gradlew clean test
, dockerImage=dummy-docker-image:latest, commitHashToBuild=a1099e378cffde441ef85f9b12577ca174b8e1e4, assignmentCommitHash=a1099e378cffde441ef85f9b12577ca174b8e1e4, testCommitHash=bd38d61c299ab11a1dea82a3ca5493fe04d97d47, branch=main, programmingLanguage=JAVA, projectType=PLAIN_GRADLE, scaEnabled=false, sequentialTestRunsEnabled=false, resultPaths=[/var/tmp/testing-dir/**/test-results/test/*.xml], timeoutSeconds=0, assignmentCheckoutPath=null, testCheckoutPath=null, solutionCheckoutPath=null, dockerRunConfig=null], submissionResult=ResultDTO[id=625, completionDate=2025-02-14T23:45:12.128011800Z[Etc/UTC], successful=false, score=0.0, rated=true, submission=SubmissionDTO[id=817, submitted=true, type=MANUAL, exampleSubmission=null, submissionDate=2025-02-14T23:45:12.098737Z, commitHash=a1099e378cffde441ef85f9b12577ca174b8e1e4, buildFailed=true, buildArtifact=false, participation=ParticipationDTO[id=1934, testRun=false, type=solution, submissionCount=null, exercise=ParticipationExerciseDTO[id=2573, exerciseType=PROGRAMMING, type=programming, assessmentType=AUTOMATIC, dueDate=2025-02-16T23:45:10.996982Z, assessmentDueDate=null, maxPoints=42.0, course=CourseDTO[id=956, accuracyOfScores=1]]], submissionExerciseType=programming, isProcessing=false, buildStartDate=null, estimatedCompletionDate=null], participation=ParticipationDTO[id=1934, testRun=false, type=solution, submissionCount=null, exercise=ParticipationExerciseDTO[id=2573, exerciseType=PROGRAMMING, type=programming, assessmentType=AUTOMATIC, dueDate=2025-02-16T23:45:10.996982Z, assessmentDueDate=null, maxPoints=42.0, course=CourseDTO[id=956, accuracyOfScores=1]]], feedbacks=[], assessmentType=AUTOMATIC, hasComplaint=null, exampleResult=null, testCaseCount=0, passedTestCaseCount=0, codeIssueCount=0]], BuildJobQueueItem[id=19341739576713025, name=SHORT9AFDAE3804CA304DDF0889A0CB0F56104A86TSTEXC-SOLUTION, buildAgent=BuildAgentDTO[name=artemis-build-agent-test, memberAddress=[127.0.0.1]:5703, displayName=artemis-build-agent-test], participationId=1934, courseId=956, exerciseId=2573, retryCount=0, priority=2, status=FAILED, repositoryInfo=RepositoryInfo[repositoryName=short9afdae3804ca304ddf0889a0cb0f56104a86tstexc-solution, repositoryType=solution, triggeredByPushTo=tests, assignmentRepositoryUri=http://localhost:49152/git/SHORT9AFDAE3804CA304DDF0889A0CB0F56104A86TSTEXC/short9afdae3804ca304ddf0889a0cb0f56104a86tstexc-solution.git, testRepositoryUri=http://localhost:49152/git/SHORT9AFDAE3804CA304DDF0889A0CB0F56104A86TSTEXC/short9afdae3804ca304ddf0889a0cb0f56104a86tstexc-tests.git, solutionRepositoryUri=null, auxiliaryRepositoryUris=[Ljava.lang.String;@3eaaee72, auxiliaryRepositoryCheckoutDirectories=[Ljava.lang.String;@212cc628], jobTimingInfo=JobTimingInfo[submissionDate=2025-02-14T23:45:13.025319671Z[Etc/UTC], buildStartDate=2025-02-14T23:45:13.040293146Z[Etc/UTC], buildCompletionDate=2025-02-14T23:45:13.053032917Z[Etc/UTC], estimatedCompletionDate=2025-02-14T23:45:32.040285703Z[Etc/UTC], estimatedDuration=19], buildConfig=BuildConfig[buildScript=#!/bin/bash
cd /var/tmp/testing-dir
chmod +x ./gradlew
./gradlew clean test
, dockerImage=dummy-docker-image:latest, commitHashToBuild=784f8f0049d2a1a54f21c67dd772bea86715267a, assignmentCommitHash=a1099e378cffde441ef85f9b12577ca174b8e1e4, testCommitHash=784f8f0049d2a1a54f21c67dd772bea86715267a, branch=main, programmingLanguage=JAVA, projectType=PLAIN_GRADLE, scaEnabled=false, sequentialTestRunsEnabled=false, resultPaths=[/var/tmp/testing-dir/**/test-results/test/*.xml], timeoutSeconds=0, assignmentCheckoutPath=null, testCheckoutPath=null, solutionCheckoutPath=null, dockerRunConfig=null], submissionResult=ResultDTO[id=626, completionDate=2025-02-14T23:45:13.053131811Z[Etc/UTC], successful=false, score=0.0, rated=true, submission=SubmissionDTO[id=818, submitted=true, type=TEST, exampleSubmission=null, submissionDate=2025-02-14T23:45:13.005779Z, commitHash=784f8f0049d2a1a54f21c67dd772bea86715267a, buildFailed=true, buildArtifact=false, participation=ParticipationDTO[id=1934, testRun=false, type=solution, submissionCount=null, exercise=ParticipationExerciseDTO[id=2573, exerciseType=PROGRAMMING, type=programming, assessmentType=AUTOMATIC, dueDate=2025-02-16T23:45:10.996982Z, assessmentDueDate=null, maxPoints=42.0, course=CourseDTO[id=956, accuracyOfScores=1]]], submissionExerciseType=programming, isProcessing=false, buildStartDate=null, estimatedCompletionDate=null], participation=ParticipationDTO[id=1934, testRun=false, type=solution, submissionCount=null, exercise=ParticipationExerciseDTO[id=2573, exerciseType=PROGRAMMING, type=programming, assessmentType=AUTOMATIC, dueDate=2025-02-16T23:45:10.996982Z, assessmentDueDate=null, maxPoints=42.0, course=CourseDTO[id=956, accuracyOfScores=1]]], feedbacks=[], assessmentType=AUTOMATIC, hasComplaint=null, exampleResult=null, testCaseCount=0, passedTestCaseCount=0, codeIssueCount=0]], BuildJobQueueItem[id=19581739576715555, name=SHORTC1A3F9FC03D2304B4308FA20AF16D54AAA49TSTEXC-LOCALVCSSHINTSTUDENT1, buildAgent=BuildAgentDTO[name=artemis-build-agent-test, memberAddress=[127.0.0.1]:5703, displayName=artemis-build-agent-test], participationId=1958, courseId=965, exerciseId=2582, retryCount=0, priority=2, status=FAILED, repositoryInfo=RepositoryInfo[repositoryName=shortc1a3f9fc03d2304b4308fa20af16d54aaa49tstexc-localvcsshintstudent1, repositoryType=user, triggeredByPushTo=user, assignmentRepositoryUri=http://localhost:49152/git/SHORTC1A3F9FC03D2304B4308FA20AF16D54AAA49TSTEXC/shortc1a3f9fc03d2304b4308fa20af16d54aaa49tstexc-localvcsshintstudent1.git, testRepositoryUri=http://localhost:49152/git/SHORTC1A3F9FC03D2304B4308FA20AF16D54AAA49TSTEXC/shortc1a3f9fc03d2304b4308fa20af16d54aaa49tstexc-tests.git, solutionRepositoryUri=null, auxiliaryRepositoryUris=[Ljava.lang.String;@3121e68, auxiliaryRepositoryCheckoutDirectories=[Ljava.lang.String;@2ad2df2f], jobTimingInfo=JobTimingInfo[submissionDate=2025-02-14T23:45:15.555989584Z[Etc/UTC], buildStartDate=2025-02-14T23:45:15.568477627Z[Etc/UTC], buildCompletionDate=2025-02-14T23:45:15.579021148Z[Etc/UTC], estimatedCompletionDate=2025-02-14T23:45:34.568443924Z[Etc/UTC], estimatedDuration=19], buildConfig=BuildConfig[buildScript=#!/bin/bash
cd /var/tmp/testing-dir
chmod +x ./gradlew
./gradlew clean test
, dockerImage=dummy-docker-image:latest, commitHashToBuild=ca76dac20e040e6609db02fd7fedd56bf58829d7, assignmentCommitHash=ca76dac20e040e6609db02fd7fedd56bf58829d7, testCommitHash=bd0d58c226dc63bfa4bc9052870589952c0a1f83, branch=main, programmingLanguage=JAVA, projectType=PLAIN_GRADLE, scaEnabled=false, sequentialTestRunsEnabled=false, resultPaths=[/var/tmp/testing-dir/**/test-results/test/*.xml], timeoutSeconds=0, assignmentCheckoutPath=null, testCheckoutPath=null, solutionCheckoutPath=null, dockerRunConfig=null], submissionResult=ResultDTO[id=627, completionDate=2025-02-14T23:45:15.579119131Z[Etc/UTC], successful=false, score=0.0, rated=true, submission=SubmissionDTO[id=820, submitted=true, type=MANUAL, exampleSubmission=null, submissionDate=2025-02-14T23:45:15.548349Z, commitHash=ca76dac20e040e6609db02fd7fedd56bf58829d7, buildFailed=true, buildArtifact=false, participation=ParticipationDTO[id=1958, testRun=false, type=programming, submissionCount=null, exercise=ParticipationExerciseDTO[id=2582, exerciseType=PROGRAMMING, type=programming, assessmentType=AUTOMATIC, dueDate=2025-02-16T23:45:15.103512Z, assessmentDueDate=null, maxPoints=42.0, course=CourseDTO[id=965, accuracyOfScores=1]]], submissionExerciseType=programming, isProcessing=false, buildStartDate=null, estimatedCompletionDate=null], participation=ParticipationDTO[id=1958, testRun=false, type=programming, submissionCount=null, exercise=ParticipationExerciseDTO[id=2582, exerciseType=PROGRAMMING, type=programming, assessmentType=AUTOMATIC, dueDate=2025-02-16T23:45:15.103512Z, assessmentDueDate=null, maxPoints=42.0, course=CourseDTO[id=965, accuracyOfScores=1]]], feedbacks=[], assessmentType=AUTOMATIC, hasComplaint=null, exampleResult=null, testCaseCount=0, passedTestCaseCount=0, codeIssueCount=0]], BuildJobQueueItem[id=19801739576719393, name=SHORTB2A6C58B0D447045380A858075B170A5B7C6TSTEXC-LOCALVCSSHINTSTUDENT1, buildAgent=BuildAgentDTO[name=artemis-build-agent-test, memberAddress=[127.0.0.1]:5703, displayName=artemis-build-agent-test], participationId=1980, courseId=974, exerciseId=2591, retryCount=0, priority=2, status=FAILED, repositoryInfo=RepositoryInfo[repositoryName=shortb2a6c58b0d447045380a858075b170a5b7c6tstexc-localvcsshintstudent1, repositoryType=user, triggeredByPushTo=user, assignmentRepositoryUri=http://localhost:49152/git/SHORTB2A6C58B0D447045380A858075B170A5B7C6TSTEXC/shortb2a6c58b0d447045380a858075b170a5b7c6tstexc-localvcsshintstudent1.git, testRepositoryUri=http://localhost:49152/git/SHORTB2A6C58B0D447045380A858075B170A5B7C6TSTEXC/shortb2a6c58b0d447045380a858075b170a5b7c6tstexc-tests.git, solutionRepositoryUri=null, auxiliaryRepositoryUris=[Ljava.lang.String;@43627d79, auxiliaryRepositoryCheckoutDirectories=[Ljava.lang.String;@438eebb], jobTimingInfo=JobTimingInfo[submissionDate=2025-02-14T23:45:19.393259829Z[Etc/UTC], buildStartDate=2025-02-14T23:45:19.405438171Z[Etc/UTC], buildCompletionDate=2025-02-14T23:45:19.414070673Z[Etc/UTC], estimatedCompletionDate=2025-02-14T23:45:38.405431569Z[Etc/UTC], estimatedDuration=19], buildConfig=BuildConfig[buildScript=#!/bin/bash
cd /var/tmp/testing-dir
chmod +x ./gradlew
./gradlew clean test
, dockerImage=dummy-docker-image:latest, commitHashToBuild=363cdbf709a9fff149f813ab848ee800a675cc77, assignmentCommitHash=363cdbf709a9fff149f813ab848ee800a675cc77, testCommitHash=a5e046ece417b2e538f21f816e2524dab61e0d10, branch=main, programmingLanguage=JAVA, projectType=PLAIN_GRADLE, scaEnabled=false, sequentialTestRunsEnabled=false, resultPaths=[/var/tmp/testing-dir/**/test-results/test/*.xml], timeoutSeconds=0, assignmentCheckoutPath=null, testCheckoutPath=null, solutionCheckoutPath=null, dockerRunConfig=null], submissionResult=ResultDTO[id=628, completionDate=2025-02-14T23:45:19.414171040Z[Etc/UTC], successful=false, score=0.0, rated=true, submission=SubmissionDTO[id=821, submitted=true, type=MANUAL, exampleSubmission=null, submissionDate=2025-02-14T23:45:19.376840Z, commitHash=363cdbf709a9fff149f813ab848ee800a675cc77, buildFailed=true, buildArtifact=false, participation=ParticipationDTO[id=1980, testRun=false, type=programming, submissionCount=null, exercise=ParticipationExerciseDTO[id=2591, exerciseType=PROGRAMMING, type=programming, assessmentType=AUTOMATIC, dueDate=2025-02-16T23:45:18.950569Z, assessmentDueDate=null, maxPoints=42.0, course=CourseDTO[id=974, accuracyOfScores=1]]], submissionExerciseType=programming, isProcessing=false, buildStartDate=null, estimatedCompletionDate=null], participation=ParticipationDTO[id=1980, testRun=false, type=programming, submissionCount=null, exercise=ParticipationExerciseDTO[id=2591, exerciseType=PROGRAMMING, type=programming, assessmentType=AUTOMATIC, dueDate=2025-02-16T23:45:18.950569Z, assessmentDueDate=null, maxPoints=42.0, course=CourseDTO[id=974, accuracyOfScores=1]]], feedbacks=[], assessmentType=AUTOMATIC, hasComplaint=null, exampleResult=null, testCaseCount=0, passedTestCaseCount=0, codeIssueCount=0]], BuildJobQueueItem[id=19791739576719787, name=SHORTB2A6C58B0D447045380A858075B170A5B7C6TSTEXC-BASE, buildAgent=BuildAgentDTO[name=artemis-build-agent-test, memberAddress=[127.0.0.1]:5703, displayName=artemis-build-agent-test], participationId=1979, courseId=974, exerciseId=2591, retryCount=0, priority=2, status=FAILED, repositoryInfo=RepositoryInfo[repositoryName=shortb2a6c58b0d447045380a858075b170a5b7c6tstexc-exercise, repositoryType=exercise, triggeredByPushTo=exercise, assignmentRepositoryUri=http://localhost:49152/git/SHORTB2A6C58B0D447045380A858075B170A5B7C6TSTEXC/shortb2a6c58b0d447045380a858075b170a5b7c6tstexc-exercise.git, testRepositoryUri=http://localhost:49152/git/SHORTB2A6C58B0D447045380A858075B170A5B7C6TSTEXC/shortb2a6c58b0d447045380a858075b170a5b7c6tstexc-tests.git, solutionRepositoryUri=null, auxiliaryRepositoryUris=[Ljava.lang.String;@174a510a, auxiliaryRepositoryCheckoutDirectories=[Ljava.lang.String;@2bddcf6b], jobTimingInfo=JobTimingInfo[submissionDate=2025-02-14T23:45:19.787985058Z[Etc/UTC], buildStartDate=2025-02-14T23:45:19.796327417Z[Etc/UTC], buildCompletionDate=2025-02-14T23:45:19.799750982Z[Etc/UTC], estimatedCompletionDate=2025-02-14T23:45:38.796319082Z[Etc/UTC], estimatedDuration=19], buildConfig=BuildConfig[buildScript=#!/bin/bash
cd /var/tmp/testing-dir
chmod +x ./gradlew
./gradlew clean test
, dockerImage=dummy-docker-image:latest, commitHashToBuild=363cdbf709a9fff149f813ab848ee800a675cc77, assignmentCommitHash=363cdbf709a9fff149f813ab848ee800a675cc77, testCommitHash=a5e046ece417b2e538f21f816e2524dab61e0d10, branch=main, programmingLanguage=JAVA, projectType=PLAIN_GRADLE, scaEnabled=false, sequentialTestRunsEnabled=false, resultPaths=[/var/tmp/testing-dir/**/test-results/test/*.xml], timeoutSeconds=0, assignmentCheckoutPath=null, testCheckoutPath=null, solutionCheckoutPath=null, dockerRunConfig=null], submissionResult=ResultDTO[id=629, completionDate=2025-02-14T23:45:19.799820341Z[Etc/UTC], successful=false, score=0.0, rated=true, submission=SubmissionDTO[id=822, submitted=true, type=MANUAL, exampleSubmission=null, submissionDate=2025-02-14T23:45:19.775952Z, commitHash=363cdbf709a9fff149f813ab848ee800a675cc77, buildFailed=true, buildArtifact=false, participation=ParticipationDTO[id=1979, testRun=false, type=template, submissionCount=null, exercise=ParticipationExerciseDTO[id=2591, exerciseType=PROGRAMMING, type=programming, assessmentType=AUTOMATIC, dueDate=2025-02-16T23:45:18.950569Z, assessmentDueDate=null, maxPoints=42.0, course=CourseDTO[id=974, accuracyOfScores=1]]], submissionExerciseType=programming, isProcessing=false, buildStartDate=null, estimatedCompletionDate=null], participation=ParticipationDTO[id=1979, testRun=false, type=template, submissionCount=null, exercise=ParticipationExerciseDTO[id=2591, exerciseType=PROGRAMMING, type=programming, assessmentType=AUTOMATIC, dueDate=2025-02-16T23:45:18.950569Z, assessmentDueDate=null, maxPoints=42.0, course=CourseDTO[id=974, accuracyOfScores=1]]], feedbacks=[], assessmentType=AUTOMATIC, hasComplaint=null, exampleResult=null, testCaseCount=0, passedTestCaseCount=0, codeIssueCount=0]], BuildJobQueueItem[id=19781739576720235, name=SHORTB2A6C58B0D447045380A858075B170A5B7C6TSTEXC-SOLUTION, buildAgent=BuildAgentDTO[name=artemis-build-agent-test, memberAddress=[127.0.0.1]:5703, displayName=artemis-build-agent-test], participationId=1978, courseId=974, exerciseId=2591, retryCount=0, priority=2, status=FAILED, repositoryInfo=RepositoryInfo[repositoryName=shortb2a6c58b0d447045380a858075b170a5b7c6tstexc-solution, repositoryType=solution, triggeredByPushTo=solution, assignmentRepositoryUri=http://localhost:49152/git/SHORTB2A6C58B0D447045380A858075B170A5B7C6TSTEXC/shortb2a6c58b0d447045380a858075b170a5b7c6tstexc-solution.git, testRepositoryUri=http://localhost:49152/git/SHORTB2A6C58B0D447045380A858075B170A5B7C6TSTEXC/shortb2a6c58b0d447045380a858075b170a5b7c6tstexc-tests.git, solutionRepositoryUri=null, auxiliaryRepositoryUris=[Ljava.lang.String;@7b04f6dc, auxiliaryRepositoryCheckoutDirectories=[Ljava.lang.String;@388a8231], jobTimingInfo=JobTimingInfo[submissionDate=2025-02-14T23:45:20.235272325Z[Etc/UTC], buildStartDate=2025-02-14T23:45:20.243033812Z[Etc/UTC], buildCompletionDate=2025-02-14T23:45:20.250721018Z[Etc/UTC], estimatedCompletionDate=2025-02-14T23:45:39.243026949Z[Etc/UTC], estimatedDuration=19], buildConfig=BuildConfig[buildScript=#!/bin/bash
cd /var/tmp/testing-dir
chmod +x ./gradlew
./gradlew clean test
, dockerImage=dummy-docker-image:latest, commitHashToBuild=c710d0e68c9c7db8cda7d1a278308de2b9642cc0, assignmentCommitHash=c710d0e68c9c7db8cda7d1a278308de2b9642cc0, testCommitHash=a5e046ece417b2e538f21f816e2524dab61e0d10, branch=main, programmingLanguage=JAVA, projectType=PLAIN_GRADLE, scaEnabled=false, sequentialTestRunsEnabled=false, resultPaths=[/var/tmp/testing-dir/**/test-results/test/*.xml], timeoutSeconds=0, assignmentCheckoutPath=null, testCheckoutPath=null, solutionCheckoutPath=null, dockerRunConfig=null], submissionResult=ResultDTO[id=630, completionDate=2025-02-14T23:45:20.250809893Z[Etc/UTC], successful=false, score=0.0, rated=true, submission=SubmissionDTO[id=823, submitted=true, type=MANUAL, exampleSubmission=null, submissionDate=2025-02-14T23:45:20.211707Z, commitHash=c710d0e68c9c7db8cda7d1a278308de2b9642cc0, buildFailed=true, buildArtifact=false, participation=ParticipationDTO[id=1978, testRun=false, type=solution, submissionCount=null, exercise=ParticipationExerciseDTO[id=2591, exerciseType=PROGRAMMING, type=programming, assessmentType=AUTOMATIC, dueDate=2025-02-16T23:45:18.950569Z, assessmentDueDate=null, maxPoints=42.0, course=CourseDTO[id=974, accuracyOfScores=1]]], submissionExerciseType=programming, isProcessing=false, buildStartDate=null, estimatedCompletionDate=null], participation=ParticipationDTO[id=1978, testRun=false, type=solution, submissionCount=null, exercise=ParticipationExerciseDTO[id=2591, exerciseType=PROGRAMMING, type=programming, assessmentType=AUTOMATIC, dueDate=2025-02-16T23:45:18.950569Z, assessmentDueDate=null, maxPoints=42.0, course=CourseDTO[id=974, accuracyOfScores=1]]], feedbacks=[], assessmentType=AUTOMATIC, hasComplaint=null, exampleResult=null, testCaseCount=0, passedTestCaseCount=0, codeIssueCount=0]], BuildJobQueueItem[id=19781739576720802, name=SHORTB2A6C58B0D447045380A858075B170A5B7C6TSTEXC-SOLUTION, buildAgent=BuildAgentDTO[name=artemis-build-agent-test, memberAddress=[127.0.0.1]:5703, displayName=artemis-build-agent-test], participationId=1978, courseId=974, exerciseId=2591, retryCount=0, priority=2, status=FAILED, repositoryInfo=RepositoryInfo[repositoryName=shortb2a6c58b0d447045380a858075b170a5b7c6tstexc-solution, repositoryType=solution, triggeredByPushTo=tests, assignmentRepositoryUri=http://localhost:49152/git/SHORTB2A6C58B0D447045380A858075B170A5B7C6TSTEXC/shortb2a6c58b0d447045380a858075b170a5b7c6tstexc-solution.git, testRepositoryUri=http://localhost:49152/git/SHORTB2A6C58B0D447045380A858075B170A5B7C6TSTEXC/shortb2a6c58b0d447045380a858075b170a5b7c6tstexc-tests.git, solutionRepositoryUri=null, auxiliaryRepositoryUris=[Ljava.lang.String;@7d8d562b, auxiliaryRepositoryCheckoutDirectories=[Ljava.lang.String;@38ee6866], jobTimingInfo=JobTimingInfo[submissionDate=2025-02-14T23:45:20.802935026Z[Etc/UTC], buildStartDate=2025-02-14T23:45:20.809306435Z[Etc/UTC], buildCompletionDate=2025-02-14T23:45:20.822452342Z[Etc/UTC], estimatedCompletionDate=2025-02-14T23:45:39.809298491Z[Etc/UTC], estimatedDuration=19], buildConfig=BuildConfig[buildScript=#!/bin/bash
cd /var/tmp/testing-dir
chmod +x ./gradlew
./gradlew clean test
, dockerImage=dummy-docker-image:latest, commitHashToBuild=c710d0e68c9c7db8cda7d1a278308de2b9642cc0, assignmentCommitHash=c710d0e68c9c7db8cda7d1a278308de2b9642cc0, testCommitHash=c710d0e68c9c7db8cda7d1a278308de2b9642cc0, branch=main, programmingLanguage=JAVA, projectType=PLAIN_GRADLE, scaEnabled=false, sequentialTestRunsEnabled=false, resultPaths=[/var/tmp/testing-dir/**/test-results/test/*.xml], timeoutSeconds=0, assignmentCheckoutPath=null, testCheckoutPath=null, solutionCheckoutPath=null, dockerRunConfig=null], submissionResult=ResultDTO[id=631, completionDate=2025-02-14T23:45:20.822527362Z[Etc/UTC], successful=false, score=0.0, rated=true, submission=SubmissionDTO[id=824, submitted=true, type=TEST, exampleSubmission=null, submissionDate=2025-02-14T23:45:20.791240Z, commitHash=c710d0e68c9c7db8cda7d1a278308de2b9642cc0, buildFailed=true, buildArtifact=false, participation=ParticipationDTO[id=1978, testRun=false, type=solution, submissionCount=null, exercise=ParticipationExerciseDTO[id=2591, exerciseType=PROGRAMMING, type=programming, assessmentType=AUTOMATIC, dueDate=2025-02-16T23:45:18.950569Z, assessmentDueDate=null, maxPoints=42.0, course=CourseDTO[id=974, accuracyOfScores=1]]], submissionExerciseType=programming, isProcessing=false, buildStartDate=null, estimatedCompletionDate=null], participation=ParticipationDTO[id=1978, testRun=false, type=solution, submissionCount=null, exercise=ParticipationExerciseDTO[id=2591, exerciseType=PROGRAMMING, type=programming, assessmentType=AUTOMATIC, dueDate=2025-02-16T23:45:18.950569Z, assessmentDueDate=null, maxPoints=42.0, course=CourseDTO[id=974, accuracyOfScores=1]]], feedbacks=[], assessmentType=AUTOMATIC, hasComplaint=null, exampleResult=null, testCaseCount=0, passedTestCaseCount=0, codeIssueCount=0]], BuildJobQueueItem[id=20061739576732554, name=SHORT94A899E303D7504C5D0840704DAAFA3DFF4DTSTEXC-LOCALVCCIINTINSTRUCTOR1, buildAgent=BuildAgentDTO[name=artemis-build-agent-test, memberAddress=[127.0.0.1]:5703, displayName=artemis-build-agent-test], participationId=2006, courseId=984, exerciseId=2601, retryCount=0, priority=2, status=SUCCESSFUL, repositoryInfo=RepositoryInfo[repositoryName=short94a899e303d7504c5d0840704daafa3dff4dtstexc-localvcciintinstructor1, repositoryType=user, triggeredByPushTo=user, assignmentRepositoryUri=http://localhost:49152/git/SHORT94A899E303D7504C5D0840704DAAFA3DFF4DTSTEXC/short94a899e303d7504c5d0840704daafa3dff4dtstexc-localvcciintinstructor1.git, testRepositoryUri=http://localhost:49152/git/SHORT94A899E303D7504C5D0840704DAAFA3DFF4DTSTEXC/short94a899e303d7504c5d0840704daafa3dff4dtstexc-tests.git, solutionRepositoryUri=null, auxiliaryRepositoryUris=[Ljava.lang.String;@6400dbb1, auxiliaryRepositoryCheckoutDirectories=[Ljava.lang.String;@877560a], jobTimingInfo=JobTimingInfo[submissionDate=2025-02-14T23:45:32.554795798Z[Etc/UTC], buildStartDate=2025-02-14T23:45:32.567287465Z[Etc/UTC], buildCompletionDate=2025-02-14T23:45:34.535226768Z[Etc/UTC], estimatedCompletionDate=2025-02-14T23:45:51.567257960Z[Etc/UTC], estimatedDuration=19], buildConfig=BuildConfig[buildScript=#!/bin/bash
cd /var/tmp/testing-dir
chmod +x ./gradlew
./gradlew clean test
, dockerImage=dummy-docker-image:latest, commitHashToBuild=ca2dbc0ae87edf7035058a6a17c0ea60e90a290f, assignmentCommitHash=ca2dbc0ae87edf7035058a6a17c0ea60e90a290f, testCommitHash=0207f6f98af5fbb66ad68455f3fc3cf128af8ae9, branch=main, programmingLanguage=JAVA, projectType=PLAIN_GRADLE, scaEnabled=false, sequentialTestRunsEnabled=false, resultPaths=[/var/tmp/testing-dir/**/test-results/test/*.xml], timeoutSeconds=0, assignmentCheckoutPath=null, testCheckoutPath=null, solutionCheckoutPath=null, dockerRunConfig=null], submissionResult=ResultDTO[id=632, completionDate=2025-02-14T23:45:34.504415716Z[Etc/UTC], successful=false, score=7.7, rated=false, submission=SubmissionDTO[id=826, submitted=true, type=MANUAL, exampleSubmission=null, submissionDate=2025-02-14T23:45:32.541533Z, commitHash=ca2dbc0ae87edf7035058a6a17c0ea60e90a290f, buildFailed=false, buildArtifact=false, participation=ParticipationDTO[id=2006, testRun=true, type=programming, submissionCount=null, exercise=ParticipationExerciseDTO[id=2601, exerciseType=PROGRAMMING, type=programming, assessmentType=AUTOMATIC, dueDate=2025-02-16T23:45:31.864042Z, assessmentDueDate=null, maxPoints=42.0, course=CourseDTO[id=984, accuracyOfScores=1]]], submissionExerciseType=programming, isProcessing=false, buildStartDate=null, estimatedCompletionDate=null], participation=ParticipationDTO[id=2006, testRun=true, type=programming, submissionCount=null, exercise=ParticipationExerciseDTO[id=2601, exerciseType=PROGRAMMING, type=programming, assessmentType=AUTOMATIC, dueDate=2025-02-16T23:45:31.864042Z, assessmentDueDate=null, maxPoints=42.0, course=CourseDTO[id=984, accuracyOfScores=1]]], feedbacks=[FeedbackDTO[id=920, text=null, detailText=The exercise expects a class with the name Context in the package testpackage. You did not implement the class in the exercise., hasLongFeedbackText=false, reference=null, credits=0.0, positive=false, type=AUTOMATIC, visibility=ALWAYS, testCase=TestCaseDTO[testName=null, id=1357]], FeedbackDTO[id=921, text=null, detailText=The exercise expects a class with the name Policy in the package testpackage. You did not implement the class in the exercise., hasLongFeedbackText=false, reference=null, credits=0.0, positive=false, type=AUTOMATIC, visibility=ALWAYS, testCase=TestCaseDTO[testName=null, id=1358]], FeedbackDTO[id=922, text=null, detailText=The exercise expects a class with the name SortStrategy in the package testpackage. You did not implement the class in the exercise., hasLongFeedbackText=false, reference=null, credits=0.0, positive=false, type=AUTOMATIC, visibility=ALWAYS, testCase=TestCaseDTO[testName=null, id=1359]], FeedbackDTO[id=923, text=null, detailText=The class 'MergeSort' does not implement the interface 'SortStrategy' as expected. Implement the interface and its methods., hasLongFeedbackText=false, reference=null, credits=0.0, positive=false, type=AUTOMATIC, visibility=ALWAYS, testCase=TestCaseDTO[testName=null, id=1354]], FeedbackDTO[id=924, text=null, detailText=The exercise expects a class with the name SortStrategy in the package testpackage. You did not implement the class in the exercise., hasLongFeedbackText=false, reference=null, credits=0.0, positive=false, type=AUTOMATIC, visibility=ALWAYS, testCase=TestCaseDTO[testName=null, id=1351]], FeedbackDTO[id=925, text=null, detailText=The class 'BubbleSort' does not implement the interface 'SortStrategy' as expected. Implement the interface and its methods., hasLongFeedbackText=false, reference=null, credits=0.0, positive=false, type=AUTOMATIC, visibility=ALWAYS, testCase=TestCaseDTO[testName=null, id=1355]], FeedbackDTO[id=926, text=null, detailText=MergeSort does not sort correctly, hasLongFeedbackText=false, reference=null, credits=0.0, positive=false, type=AUTOMATIC, visibility=ALWAYS, testCase=TestCaseDTO[testName=null, id=1360]], FeedbackDTO[id=927, text=null, detailText=The class 'Context' was not found within the submission. Make sure to implement it properly., hasLongFeedbackText=false, reference=null, credits=0.0, positive=false, type=AUTOMATIC, visibility=ALWAYS, testCase=TestCaseDTO[testName=null, id=1361]], FeedbackDTO[id=928, text=null, detailText=The class 'Context' was not found within the submission. Make sure to implement it properly., hasLongFeedbackText=false, reference=null, credits=0.0, positive=false, type=AUTOMATIC, visibility=ALWAYS, testCase=TestCaseDTO[testName=null, id=1362]], FeedbackDTO[id=929, text=null, detailText=The exercise expects a class with the name Policy in the package testpackage. You did not implement the class in the exercise., hasLongFeedbackText=false, reference=null, credits=0.0, positive=false, type=AUTOMATIC, visibility=ALWAYS, testCase=TestCaseDTO[testName=null, id=1356]], FeedbackDTO[id=930, text=null, detailText=The exercise expects a class with the name Context in the package testpackage. You did not implement the class in the exercise., hasLongFeedbackText=false, reference=null, credits=0.0, positive=false, type=AUTOMATIC, visibility=ALWAYS, testCase=TestCaseDTO[testName=null, id=1352]], FeedbackDTO[id=931, text=null, detailText=The exercise expects a class with the name Policy in the package testpackage. You did not implement the class in the exercise., hasLongFeedbackText=false, reference=null, credits=0.0, positive=false, type=AUTOMATIC, visibility=ALWAYS, testCase=TestCaseDTO[testName=null, id=1353]], FeedbackDTO[id=932, text=null, detailText=null, hasLongFeedbackText=false, reference=null, credits=3.230769230769231, positive=true, type=AUTOMATIC, visibility=ALWAYS, testCase=TestCaseDTO[testName=null, id=1363]]], assessmentType=AUTOMATIC, hasComplaint=null, exampleResult=null, testCaseCount=13, passedTestCaseCount=1, codeIssueCount=0]], BuildJobQueueItem[id=20111739576737317, name=SHORTD49A6DAE04F9E049850BD5601663FD17A5B7TSTEXC-BASE, buildAgent=BuildAgentDTO[name=artemis-build-agent-test, memberAddress=[127.0.0.1]:5703, displayName=artemis-build-agent-test], participationId=2011, courseId=986, exerciseId=2603, retryCount=0, priority=2, status=SUCCESSFUL, repositoryInfo=RepositoryInfo[repositoryName=shortd49a6dae04f9e049850bd5601663fd17a5b7tstexc-exercise, repositoryType=exercise, triggeredByPushTo=exercise, assignmentRepositoryUri=http://localhost:49152/git/SHORTD49A6DAE04F9E049850BD5601663FD17A5B7TSTEXC/shortd49a6dae04f9e049850bd5601663fd17a5b7tstexc-exercise.git, testRepositoryUri=http://localhost:49152/git/SHORTD49A6DAE04F9E049850BD5601663FD17A5B7TSTEXC/shortd49a6dae04f9e049850bd5601663fd17a5b7tstexc-tests.git, solutionRepositoryUri=null, auxiliaryRepositoryUris=[Ljava.lang.String;@1f5c6521, auxiliaryRepositoryCheckoutDirectories=[Ljava.lang.String;@543a93f4], jobTimingInfo=JobTimingInfo[submissionDate=2025-02-14T23:45:37.317968648Z[Etc/UTC], buildStartDate=2025-02-14T23:45:37.324534774Z[Etc/UTC], buildCompletionDate=2025-02-14T23:45:38.527225461Z[Etc/UTC], estimatedCompletionDate=2025-02-14T23:45:56.324506331Z[Etc/UTC], estimatedDuration=19], buildConfig=BuildConfig[buildScript=#!/bin/bash
cd /var/tmp/testing-dir
chmod +x ./gradlew
./gradlew clean test
, dockerImage=dummy-docker-image:latest, commitHashToBuild=c795243c185829bbefa399f45dcbcfac22311b2f, assignmentCommitHash=c795243c185829bbefa399f45dcbcfac22311b2f, testCommitHash=fa8b162170bf767d852e05e0eb7a128efa2e1f34, branch=main, programmingLanguage=JAVA, projectType=PLAIN_GRADLE, scaEnabled=false, sequentialTestRunsEnabled=false, resultPaths=[/var/tmp/testing-dir/**/test-results/test/*.xml], timeoutSeconds=0, assignmentCheckoutPath=null, testCheckoutPath=null, solutionCheckoutPath=null, dockerRunConfig=null], submissionResult=ResultDTO[id=633, completionDate=2025-02-14T23:45:38.476795726Z[Etc/UTC], successful=false, score=0.0, rated=true, submission=SubmissionDTO[id=827, submitted=true, type=MANUAL, exampleSubmission=null, submissionDate=2025-02-14T23:45:37.303401Z, commitHash=c795243c185829bbefa399f45dcbcfac22311b2f, buildFailed=false, buildArtifact=false, participation=ParticipationDTO[id=2011, testRun=false, type=template, submissionCount=null, exercise=ParticipationExerciseDTO[id=2603, exerciseType=PROGRAMMING, type=programming, assessmentType=AUTOMATIC, dueDate=2025-02-16T23:45:36.830269Z, assessmentDueDate=null, maxPoints=42.0, course=CourseDTO[id=986, accuracyOfScores=1]]], submissionExerciseType=programming, isProcessing=false, buildStartDate=null, estimatedCompletionDate=null], participation=ParticipationDTO[id=2011, testRun=false, type=template, submissionCount=null, exercise=ParticipationExerciseDTO[id=2603, exerciseType=PROGRAMMING, type=programming, assessmentType=AUTOMATIC, dueDate=2025-02-16T23:45:36.830269Z, assessmentDueDate=null, maxPoints=42.0, course=CourseDTO[id=986, accuracyOfScores=1]]], feedbacks=[FeedbackDTO[id=933, text=null, detailText=The exercise expects a class with the name Context in the package testpackage. You did not implement the class in the exercise., hasLongFeedbackText=false, reference=null, credits=0.0, positive=false, type=AUTOMATIC, visibility=ALWAYS, testCase=TestCaseDTO[testName=testMethods[Context], id=1383]], FeedbackDTO[id=934, text=null, detailText=The exercise expects a class with the name Policy in the package testpackage. You did not implement the class in the exercise., hasLongFeedbackText=false, reference=null, credits=0.0, positive=false, type=AUTOMATIC, visibility=ALWAYS, testCase=TestCaseDTO[testName=testMethods[Policy], id=1384]], FeedbackDTO[id=935, text=null, detailText=The exercise expects a class with the name SortStrategy in the package testpackage. You did not implement the class in the exercise., hasLongFeedbackText=false, reference=null, credits=0.0, positive=false, type=AUTOMATIC, visibility=ALWAYS, testCase=TestCaseDTO[testName=testMethods[SortStrategy], id=1385]], FeedbackDTO[id=936, text=null, detailText=The class 'MergeSort' does not implement the interface 'SortStrategy' as expected. Implement the interface and its methods., hasLongFeedbackText=false, reference=null, credits=0.0, positive=false, type=AUTOMATIC, visibility=ALWAYS, testCase=TestCaseDTO[testName=testClass[MergeSort], id=1380]], FeedbackDTO[id=937, text=null, detailText=The exercise expects a class with the name SortStrategy in the package testpackage. You did not implement the class in the exercise., hasLongFeedbackText=false, reference=null, credits=0.0, positive=false, type=AUTOMATIC, visibility=ALWAYS, testCase=TestCaseDTO[testName=testClass[SortStrategy], id=1377]], FeedbackDTO[id=938, text=null, detailText=The class 'BubbleSort' does not implement the interface 'SortStrategy' as expected. Implement the interface and its methods., hasLongFeedbackText=false, reference=null, credits=0.0, positive=false, type=AUTOMATIC, visibility=ALWAYS, testCase=TestCaseDTO[testName=testClass[BubbleSort], id=1381]], FeedbackDTO[id=939, text=null, detailText=MergeSort does not sort correctly, hasLongFeedbackText=false, reference=null, credits=0.0, positive=false, type=AUTOMATIC, visibility=ALWAYS, testCase=TestCaseDTO[testName=testMergeSort(), id=1386]], FeedbackDTO[id=940, text=null, detailText=The class 'Context' was not found within the submission. Make sure to implement it properly., hasLongFeedbackText=false, reference=null, credits=0.0, positive=false, type=AUTOMATIC, visibility=ALWAYS, testCase=TestCaseDTO[testName=testUseBubbleSortForSmallList(), id=1387]], FeedbackDTO[id=941, text=null, detailText=BubbleSort does not sort correctly, hasLongFeedbackText=false, reference=null, credits=0.0, positive=false, type=AUTOMATIC, visibility=ALWAYS, testCase=TestCaseDTO[testName=testBubbleSort(), id=1389]], FeedbackDTO[id=942, text=null, detailText=The class 'Context' was not found within the submission. Make sure to implement it properly., hasLongFeedbackText=false, reference=null, credits=0.0, positive=false, type=AUTOMATIC, visibility=ALWAYS, testCase=TestCaseDTO[testName=testUseMergeSortForBigList(), id=1388]], FeedbackDTO[id=943, text=null, detailText=The exercise expects a class with the name Policy in the package testpackage. You did not implement the class in the exercise., hasLongFeedbackText=false, reference=null, credits=0.0, positive=false, type=AUTOMATIC, visibility=ALWAYS, testCase=TestCaseDTO[testName=testConstructors[Policy], id=1382]], FeedbackDTO[id=944, text=null, detailText=The exercise expects a class with the name Context in the package testpackage. You did not implement the class in the exercise., hasLongFeedbackText=false, reference=null, credits=0.0, positive=false, type=AUTOMATIC, visibility=ALWAYS, testCase=TestCaseDTO[testName=testAttributes[Context], id=1378]], FeedbackDTO[id=945, text=null, detailText=The exercise expects a class with the name Policy in the package testpackage. You did not implement the class in the exercise., hasLongFeedbackText=false, reference=null, credits=0.0, positive=false, type=AUTOMATIC, visibility=ALWAYS, testCase=TestCaseDTO[testName=testAttributes[Policy], id=1379]]], assessmentType=AUTOMATIC, hasComplaint=null, exampleResult=null, testCaseCount=13, passedTestCaseCount=0, codeIssueCount=0]], BuildJobQueueItem[id=20171739576740018, name=SHORT7914AFA00ADC3047140B99D01AC07810CE44TSTEXC-LOCALVCCIINTSTUDENT1, buildAgent=BuildAgentDTO[name=artemis-build-agent-test, memberAddress=[127.0.0.1]:5703, displayName=artemis-build-agent-test], participationId=2017, courseId=988, exerciseId=2605, retryCount=0, priority=2, status=SUCCESSFUL, repositoryInfo=RepositoryInfo[repositoryName=short7914afa00adc3047140b99d01ac07810ce44tstexc-practice-localvcciintstudent1, repositoryType=user, triggeredByPushTo=user, assignmentRepositoryUri=http://localhost:49152/git/SHORT7914AFA00ADC3047140B99D01AC07810CE44TSTEXC/short7914afa00adc3047140b99d01ac07810ce44tstexc-practice-localvcciintstudent1.git, testRepositoryUri=http://localhost:49152/git/SHORT7914AFA00ADC3047140B99D01AC07810CE44TSTEXC/short7914afa00adc3047140b99d01ac07810ce44tstexc-tests.git, solutionRepositoryUri=null, auxiliaryRepositoryUris=[Ljava.lang.String;@36050791, auxiliaryRepositoryCheckoutDirectories=[Ljava.lang.String;@470c05d], jobTimingInfo=JobTimingInfo[submissionDate=2025-02-14T23:45:40.018961253Z[Etc/UTC], buildStartDate=2025-02-14T23:45:40.029742701Z[Etc/UTC], buildCompletionDate=2025-02-14T23:45:41.150208242Z[Etc/UTC], estimatedCompletionDate=2025-02-14T23:45:59.029734065Z[Etc/UTC], estimatedDuration=19], buildConfig=BuildConfig[buildScript=#!/bin/bash
cd /var/tmp/testing-dir
chmod +x ./gradlew
./gradlew clean test
, dockerImage=dummy-docker-image:latest, commitHashToBuild=d80b57877989b971e83ccdb4863c8a7023c76266, assignmentCommitHash=d80b57877989b971e83ccdb4863c8a7023c76266, testCommitHash=327b116890c92b1312314341f43f21ef13ecf7d7, branch=main, programmingLanguage=JAVA, projectType=PLAIN_GRADLE, scaEnabled=false, sequentialTestRunsEnabled=false, resultPaths=[/var/tmp/testing-dir/**/test-results/test/*.xml], timeoutSeconds=0, assignmentCheckoutPath=null, testCheckoutPath=null, solutionCheckoutPath=null, dockerRunConfig=null], submissionResult=ResultDTO[id=634, completionDate=2025-02-14T23:45:41.120192603Z[Etc/UTC], successful=false, score=7.7, rated=false, submission=SubmissionDTO[id=828, submitted=true, type=MANUAL, exampleSubmission=null, submissionDate=2025-02-14T23:45:40.008666Z, commitHash=d80b57877989b971e83ccdb4863c8a7023c76266, buildFailed=false, buildArtifact=false, participation=ParticipationDTO[id=2017, testRun=true, type=programming, submissionCount=null, exercise=ParticipationExerciseDTO[id=2605, exerciseType=PROGRAMMING, type=programming, assessmentType=AUTOMATIC, dueDate=2025-02-16T23:45:39.523500Z, assessmentDueDate=null, maxPoints=42.0, course=CourseDTO[id=988, accuracyOfScores=1]]], submissionExerciseType=programming, isProcessing=false, buildStartDate=null, estimatedCompletionDate=null], participation=ParticipationDTO[id=2017, testRun=true, type=programming, submissionCount=null, exercise=ParticipationExerciseDTO[id=2605, exerciseType=PROGRAMMING, type=programming, assessmentType=AUTOMATIC, dueDate=2025-02-16T23:45:39.523500Z, assessmentDueDate=null, maxPoints=42.0, course=CourseDTO[id=988, accuracyOfScores=1]]], feedbacks=[FeedbackDTO[id=946, text=null, detailText=The exercise expects a class with the name Context in the package testpackage. You did not implement the class in the exercise., hasLongFeedbackText=false, reference=null, credits=0.0, positive=false, type=AUTOMATIC, visibility=ALWAYS, testCase=TestCaseDTO[testName=null, id=1409]], FeedbackDTO[id=947, text=null, detailText=The exercise expects a class with the name Policy in the package testpackage. You did not implement the class in the exercise., hasLongFeedbackText=false, reference=null, credits=0.0, positive=false, type=AUTOMATIC, visibility=ALWAYS, testCase=TestCaseDTO[testName=null, id=1410]], FeedbackDTO[id=948, text=null, detailText=The exercise expects a class with the name SortStrategy in the package testpackage. You did not implement the class in the exercise., hasLongFeedbackText=false, reference=null, credits=0.0, positive=false, type=AUTOMATIC, visibility=ALWAYS, testCase=TestCaseDTO[testName=null, id=1411]], FeedbackDTO[id=949, text=null, detailText=The class 'MergeSort' does not implement the interface 'SortStrategy' as expected. Implement the interface and its methods., hasLongFeedbackText=false, reference=null, credits=0.0, positive=false, type=AUTOMATIC, visibility=ALWAYS, testCase=TestCaseDTO[testName=null, id=1406]], FeedbackDTO[id=950, text=null, detailText=The exercise expects a class with the name SortStrategy in the package testpackage. You did not implement the class in the exercise., hasLongFeedbackText=false, reference=null, credits=0.0, positive=false, type=AUTOMATIC, visibility=ALWAYS, testCase=TestCaseDTO[testName=null, id=1403]], FeedbackDTO[id=951, text=null, detailText=The class 'BubbleSort' does not implement the interface 'SortStrategy' as expected. Implement the interface and its methods., hasLongFeedbackText=false, reference=null, credits=0.0, positive=false, type=AUTOMATIC, visibility=ALWAYS, testCase=TestCaseDTO[testName=null, id=1407]], FeedbackDTO[id=952, text=null, detailText=MergeSort does not sort correctly, hasLongFeedbackText=false, reference=null, credits=0.0, positive=false, type=AUTOMATIC, visibility=ALWAYS, testCase=TestCaseDTO[testName=null, id=1412]], FeedbackDTO[id=953, text=null, detailText=The class 'Context' was not found within the submission. Make sure to implement it properly., hasLongFeedbackText=false, reference=null, credits=0.0, positive=false, type=AUTOMATIC, visibility=ALWAYS, testCase=TestCaseDTO[testName=null, id=1413]], FeedbackDTO[id=954, text=null, detailText=The class 'Context' was not found within the submission. Make sure to implement it properly., hasLongFeedbackText=false, reference=null, credits=0.0, positive=false, type=AUTOMATIC, visibility=ALWAYS, testCase=TestCaseDTO[testName=null, id=1414]], FeedbackDTO[id=955, text=null, detailText=The exercise expects a class with the name Policy in the package testpackage. You did not implement the class in the exercise., hasLongFeedbackText=false, reference=null, credits=0.0, positive=false, type=AUTOMATIC, visibility=ALWAYS, testCase=TestCaseDTO[testName=null, id=1408]], FeedbackDTO[id=956, text=null, detailText=The exercise expects a class with the name Context in the package testpackage. You did not implement the class in the exercise., hasLongFeedbackText=false, reference=null, credits=0.0, positive=false, type=AUTOMATIC, visibility=ALWAYS, testCase=TestCaseDTO[testName=null, id=1404]], FeedbackDTO[id=957, text=null, detailText=The exercise expects a class with the name Policy in the package testpackage. You did not implement the class in the exercise., hasLongFeedbackText=false, reference=null, credits=0.0, positive=false, type=AUTOMATIC, visibility=ALWAYS, testCase=TestCaseDTO[testName=null, id=1405]], FeedbackDTO[id=958, text=null, detailText=null, hasLongFeedbackText=false, reference=null, credits=3.230769230769231, positive=true, type=AUTOMATIC, visibility=ALWAYS, testCase=TestCaseDTO[testName=null, id=1415]]], assessmentType=AUTOMATIC, hasComplaint=null, exampleResult=null, testCaseCount=13, passedTestCaseCount=1, codeIssueCount=0]], BuildJobQueueItem[id=20261739576743984, name=SHORT53C73BE505404043100AC2F00C039353CE8FTSTEXC-LOCALVCCIINTSTUDENT1, buildAgent=BuildAgentDTO[name=artemis-build-agent-test, memberAddress=[127.0.0.1]:5703, displayName=artemis-build-agent-test], participationId=2026, courseId=991, exerciseId=2608, retryCount=0, priority=1, status=SUCCESSFUL, repositoryInfo=RepositoryInfo[repositoryName=short53c73be505404043100ac2f00c039353ce8ftstexc-localvcciintstudent1, repositoryType=user, triggeredByPushTo=user, assignmentRepositoryUri=http://localhost:49152/git/SHORT53C73BE505404043100AC2F00C039353CE8FTSTEXC/short53c73be505404043100ac2f00c039353ce8ftstexc-localvcciintstudent1.git, testRepositoryUri=http://localhost:49152/git/SHORT53C73BE505404043100AC2F00C039353CE8FTSTEXC/short53c73be505404043100ac2f00c039353ce8ftstexc-tests.git, solutionRepositoryUri=null, auxiliaryRepositoryUris=[Ljava.lang.String;@78f9c89f, auxiliaryRepositoryCheckoutDirectories=[Ljava.lang.String;@785c5147], jobTimingInfo=JobTimingInfo[submissionDate=2025-02-14T23:45:43.984518859Z[Etc/UTC], buildStartDate=2025-02-14T23:45:43.991385682Z[Etc/UTC], buildCompletionDate=2025-02-14T23:45:44.982059928Z[Etc/UTC], estimatedCompletionDate=2025-02-14T23:46:02.991380122Z[Etc/UTC], estimatedDuration=19], buildConfig=BuildConfig[buildScript=#!/bin/bash
cd /var/tmp/testing-dir
chmod +x ./gradlew
./gradlew clean test
, dockerImage=dummy-docker-image:latest, commitHashToBuild=3e90ae9fef2e44ffb41451a080bdaa6a44ad6848, assignmentCommitHash=3e90ae9fef2e44ffb41451a080bdaa6a44ad6848, testCommitHash=0582754c87aae13e640312855ce7dbe490ecb50c, branch=main, programmingLanguage=JAVA, projectType=PLAIN_GRADLE, scaEnabled=false, sequentialTestRunsEnabled=false, resultPaths=[/var/tmp/testing-dir/**/test-results/test/*.xml], timeoutSeconds=0, assignmentCheckoutPath=null, testCheckoutPath=null, solutionCheckoutPath=null, dockerRunConfig=null], submissionResult=ResultDTO[id=635, completionDate=2025-02-14T23:45:44.961313737Z[Etc/UTC], successful=false, score=7.7, rated=true, submission=SubmissionDTO[id=829, submitted=true, type=MANUAL, exampleSubmission=null, submissionDate=2025-02-14T23:45:43.967766Z, commitHash=3e90ae9fef2e44ffb41451a080bdaa6a44ad6848, buildFailed=false, buildArtifact=false, participation=ParticipationDTO[id=2026, testRun=false, type=programming, submissionCount=null, exercise=ParticipationExerciseDTO[id=2608, exerciseType=PROGRAMMING, type=programming, assessmentType=AUTOMATIC, dueDate=2025-02-16T23:45:43.597978Z, assessmentDueDate=null, maxPoints=42.0, course=CourseDTO[id=991, accuracyOfScores=1]]], submissionExerciseType=programming, isProcessing=false, buildStartDate=null, estimatedCompletionDate=null], participation=ParticipationDTO[id=2026, testRun=false, type=programming, submissionCount=null, exercise=ParticipationExerciseDTO[id=2608, exerciseType=PROGRAMMING, type=programming, assessmentType=AUTOMATIC, dueDate=2025-02-16T23:45:43.597978Z, assessmentDueDate=null, maxPoints=42.0, course=CourseDTO[id=991, accuracyOfScores=1]]], feedbacks=[FeedbackDTO[id=959, text=null, detailText=The exercise expects a class with the name Context in the package testpackage. You did not implement the class in the exercise., hasLongFeedbackText=false, reference=null, credits=0.0, positive=false, type=AUTOMATIC, visibility=ALWAYS, testCase=TestCaseDTO[testName=null, id=1448]], FeedbackDTO[id=960, text=null, detailText=The exercise expects a class with the name Policy in the package testpackage. You did not implement the class in the exercise., hasLongFeedbackText=false, reference=null, credits=0.0, positive=false, type=AUTOMATIC, visibility=ALWAYS, testCase=TestCaseDTO[testName=null, id=1449]], FeedbackDTO[id=961, text=null, detailText=The exercise expects a class with the name SortStrategy in the package testpackage. You did not implement the class in the exercise., hasLongFeedbackText=false, reference=null, credits=0.0, positive=false, type=AUTOMATIC, visibility=ALWAYS, testCase=TestCaseDTO[testName=null, id=1450]], FeedbackDTO[id=962, text=null, detailText=The class 'MergeSort' does not implement the interface 'SortStrategy' as expected. Implement the interface and its methods., hasLongFeedbackText=false, reference=null, credits=0.0, positive=false, type=AUTOMATIC, visibility=ALWAYS, testCase=TestCaseDTO[testName=null, id=1445]], FeedbackDTO[id=963, text=null, detailText=The exercise expects a class with the name SortStrategy in the package testpackage. You did not implement the class in the exercise., hasLongFeedbackText=false, reference=null, credits=0.0, positive=false, type=AUTOMATIC, visibility=ALWAYS, testCase=TestCaseDTO[testName=null, id=1442]], FeedbackDTO[id=964, text=null, detailText=The class 'BubbleSort' does not implement the interface 'SortStrategy' as expected. Implement the interface and its methods., hasLongFeedbackText=false, reference=null, credits=0.0, positive=false, type=AUTOMATIC, visibility=ALWAYS, testCase=TestCaseDTO[testName=null, id=1446]], FeedbackDTO[id=965, text=null, detailText=MergeSort does not sort correctly, hasLongFeedbackText=false, reference=null, credits=0.0, positive=false, type=AUTOMATIC, visibility=ALWAYS, testCase=TestCaseDTO[testName=null, id=1451]], FeedbackDTO[id=966, text=null, detailText=The class 'Context' was not found within the submission. Make sure to implement it properly., hasLongFeedbackText=false, reference=null, credits=0.0, positive=false, type=AUTOMATIC, visibility=ALWAYS, testCase=TestCaseDTO[testName=null, id=1452]], FeedbackDTO[id=967, text=null, detailText=The class 'Context' was not found within the submission. Make sure to implement it properly., hasLongFeedbackText=false, reference=null, credits=0.0, positive=false, type=AUTOMATIC, visibility=ALWAYS, testCase=TestCaseDTO[testName=null, id=1453]], FeedbackDTO[id=968, text=null, detailText=The exercise expects a class with the name Policy in the package testpackage. You did not implement the class in the exercise., hasLongFeedbackText=false, reference=null, credits=0.0, positive=false, type=AUTOMATIC, visibility=ALWAYS, testCase=TestCaseDTO[testName=null, id=1447]], FeedbackDTO[id=969, text=null, detailText=The exercise expects a class with the name Context in the package testpackage. You did not implement the class in the exercise., hasLongFeedbackText=false, reference=null, credits=0.0, positive=false, type=AUTOMATIC, visibility=ALWAYS, testCase=TestCaseDTO[testName=null, id=1443]], FeedbackDTO[id=970, text=null, detailText=The exercise expects a class with the name Policy in the package testpackage. You did not implement the class in the exercise., hasLongFeedbackText=false, reference=null, credits=0.0, positive=false, type=AUTOMATIC, visibility=ALWAYS, testCase=TestCaseDTO[testName=null, id=1444]], FeedbackDTO[id=971, text=null, detailText=null, hasLongFeedbackText=false, reference=null, credits=3.230769230769231, positive=true, type=AUTOMATIC, visibility=ALWAYS, testCase=TestCaseDTO[testName=null, id=1454]]], assessmentType=AUTOMATIC, hasComplaint=null, exampleResult=null, testCaseCount=13, passedTestCaseCount=1, codeIssueCount=0]], BuildJobQueueItem[id=20271739576746886, name=SHORT0FC863930E92904248098A506171F81CF6CFTSTEXC-SOLUTION, buildAgent=BuildAgentDTO[name=artemis-build-agent-test, memberAddress=[127.0.0.1]:5703, displayName=artemis-build-agent-test], participationId=2027, courseId=992, exerciseId=2609, retryCount=0, priority=2, status=SUCCESSFUL, repositoryInfo=RepositoryInfo[repositoryName=short0fc863930e92904248098a506171f81cf6cftstexc-solution, repositoryType=solution, triggeredByPushTo=auxiliary, assignmentRepositoryUri=http://localhost:49152/git/SHORT0FC863930E92904248098A506171F81CF6CFTSTEXC/short0fc863930e92904248098a506171f81cf6cftstexc-solution.git, testRepositoryUri=http://localhost:49152/git/SHORT0FC863930E92904248098A506171F81CF6CFTSTEXC/short0fc863930e92904248098a506171f81cf6cftstexc-tests.git, solutionRepositoryUri=null, auxiliaryRepositoryUris=[Ljava.lang.String;@667be852, auxiliaryRepositoryCheckoutDirectories=[Ljava.lang.String;@640bbee8], jobTimingInfo=JobTimingInfo[submissionDate=2025-02-14T23:45:46.886984066Z[Etc/UTC], buildStartDate=2025-02-14T23:45:46.897709578Z[Etc/UTC], buildCompletionDate=2025-02-14T23:45:48.628460156Z[Etc/UTC], estimatedCompletionDate=2025-02-14T23:46:05.897701272Z[Etc/UTC], estimatedDuration=19], buildConfig=BuildConfig[buildScript=#!/bin/bash
cd /var/tmp/testing-dir
chmod +x ./gradlew
./gradlew clean test
, dockerImage=dummy-docker-image:latest, commitHashToBuild=null, assignmentCommitHash=115a2e943bee242fdad360b50d8ad5f30792577e, testCommitHash=9b3a9bd71a0d80e5bbc42204c319ed3d1d4f0d6d, branch=main, programmingLanguage=JAVA, projectType=PLAIN_GRADLE, scaEnabled=false, sequentialTestRunsEnabled=false, resultPaths=[/var/tmp/testing-dir/**/test-results/test/*.xml], timeoutSeconds=0, assignmentCheckoutPath=null, testCheckoutPath=null, solutionCheckoutPath=null, dockerRunConfig=null], submissionResult=ResultDTO[id=636, completionDate=2025-02-14T23:45:48.593370968Z[Etc/UTC], successful=true, score=100.0, rated=true, submission=SubmissionDTO[id=830, submitted=true, type=TEST, exampleSubmission=null, submissionDate=2025-02-14T23:45:46.873671Z, commitHash=9b3a9bd71a0d80e5bbc42204c319ed3d1d4f0d6d, buildFailed=false, buildArtifact=false, participation=ParticipationDTO[id=2027, testRun=false, type=solution, submissionCount=null, exercise=ParticipationExerciseDTO[id=2609, exerciseType=PROGRAMMING, type=programming, assessmentType=AUTOMATIC, dueDate=2025-02-16T23:45:46.386304Z, assessmentDueDate=null, maxPoints=42.0, course=CourseDTO[id=992, accuracyOfScores=1]]], submissionExerciseType=programming, isProcessing=false, buildStartDate=null, estimatedCompletionDate=null], participation=ParticipationDTO[id=2027, testRun=false, type=solution, submissionCount=null, exercise=ParticipationExerciseDTO[id=2609, exerciseType=PROGRAMMING, type=programming, assessmentType=AUTOMATIC, dueDate=2025-02-16T23:45:46.386304Z, assessmentDueDate=null, maxPoints=42.0, course=CourseDTO[id=992, accuracyOfScores=1]]], feedbacks=[FeedbackDTO[id=972, text=null, detailText=null, hasLongFeedbackText=false, reference=null, credits=3.230769230769231, positive=true, type=AUTOMATIC, visibility=ALWAYS, testCase=TestCaseDTO[testName=testMethods[Context], id=1461]], FeedbackDTO[id=973, text=null, detailText=null, hasLongFeedbackText=false, reference=null, credits=3.230769230769231, positive=true, type=AUTOMATIC, visibility=ALWAYS, testCase=TestCaseDTO[testName=testMethods[Policy], id=1462]], FeedbackDTO[id=974, text=null, detailText=null, hasLongFeedbackText=false, reference=null, credits=3.230769230769231, positive=true, type=AUTOMATIC, visibility=ALWAYS, testCase=TestCaseDTO[testName=testMethods[SortStrategy], id=1463]], FeedbackDTO[id=975, text=null, detailText=null, hasLongFeedbackText=false, reference=null, credits=3.230769230769231, positive=true, type=AUTOMATIC, visibility=ALWAYS, testCase=TestCaseDTO[testName=testClass[MergeSort], id=1458]], FeedbackDTO[id=976, text=null, detailText=null, hasLongFeedbackText=false, reference=null, credits=3.230769230769231, positive=true, type=AUTOMATIC, visibility=ALWAYS, testCase=TestCaseDTO[testName=testClass[SortStrategy], id=1455]], FeedbackDTO[id=977, text=null, detailText=null, hasLongFeedbackText=false, reference=null, credits=3.230769230769231, positive=true, type=AUTOMATIC, visibility=ALWAYS, testCase=TestCaseDTO[testName=testClass[BubbleSort], id=1459]], FeedbackDTO[id=978, text=null, detailText=null, hasLongFeedbackText=false, reference=null, credits=3.230769230769231, positive=true, type=AUTOMATIC, visibility=ALWAYS, testCase=TestCaseDTO[testName=testMergeSort(), id=1464]], FeedbackDTO[id=979, text=null, detailText=null, hasLongFeedbackText=false, reference=null, credits=3.230769230769231, positive=true, type=AUTOMATIC, visibility=ALWAYS, testCase=TestCaseDTO[testName=testUseBubbleSortForSmallList(), id=1465]], FeedbackDTO[id=980, text=null, detailText=null, hasLongFeedbackText=false, reference=null, credits=3.230769230769231, positive=true, type=AUTOMATIC, visibility=ALWAYS, testCase=TestCaseDTO[testName=testBubbleSort(), id=1467]], FeedbackDTO[id=981, text=null, detailText=null, hasLongFeedbackText=false, reference=null, credits=3.230769230769231, positive=true, type=AUTOMATIC, visibility=ALWAYS, testCase=TestCaseDTO[testName=testUseMergeSortForBigList(), id=1466]], FeedbackDTO[id=982, text=null, detailText=null, hasLongFeedbackText=false, reference=null, credits=3.230769230769231, positive=true, type=AUTOMATIC, visibility=ALWAYS, testCase=TestCaseDTO[testName=testConstructors[Policy], id=1460]], FeedbackDTO[id=983, text=null, detailText=null, hasLongFeedbackText=false, reference=null, credits=3.230769230769231, positive=true, type=AUTOMATIC, visibility=ALWAYS, testCase=TestCaseDTO[testName=testAttributes[Context], id=1456]], FeedbackDTO[id=984, text=null, detailText=null, hasLongFeedbackText=false, reference=null, credits=3.230769230769231, positive=true, type=AUTOMATIC, visibility=ALWAYS, testCase=TestCaseDTO[testName=testAttributes[Policy], id=1457]]], assessmentType=AUTOMATIC, hasComplaint=null, exampleResult=null, testCaseCount=13, passedTestCaseCount=13, codeIssueCount=0]], BuildJobQueueItem[id=20281739576748768, name=SHORT0FC863930E92904248098A506171F81CF6CFTSTEXC-BASE, buildAgent=BuildAgentDTO[name=artemis-build-agent-test, memberAddress=[127.0.0.1]:5703, displayName=artemis-build-agent-test], participationId=2028, courseId=992, exerciseId=2609, retryCount=0, priority=2, status=SUCCESSFUL, repositoryInfo=RepositoryInfo[repositoryName=short0fc863930e92904248098a506171f81cf6cftstexc-exercise, repositoryType=exercise, triggeredByPushTo=auxiliary, assignmentRepositoryUri=http://localhost:49152/git/SHORT0FC863930E92904248098A506171F81CF6CFTSTEXC/short0fc863930e92904248098a506171f81cf6cftstexc-exercise.git, testRepositoryUri=http://localhost:49152/git/SHORT0FC863930E92904248098A506171F81CF6CFTSTEXC/short0fc863930e92904248098a506171f81cf6cftstexc-tests.git, solutionRepositoryUri=null, auxiliaryRepositoryUris=[Ljava.lang.String;@52003fc6, auxiliaryRepositoryCheckoutDirectories=[Ljava.lang.String;@484c9aa8], jobTimingInfo=JobTimingInfo[submissionDate=2025-02-14T23:45:48.768063548Z[Etc/UTC], buildStartDate=2025-02-14T23:45:48.802531989Z[Etc/UTC], buildCompletionDate=2025-02-14T23:45:50.482681367Z[Etc/UTC], estimatedCompletionDate=2025-02-14T23:45:50.802523092Z[Etc/UTC], estimatedDuration=2], buildConfig=BuildConfig[buildScript=#!/bin/bash
cd /var/tmp/testing-dir
chmod +x ./gradlew
./gradlew clean test
, dockerImage=dummy-docker-image:latest, commitHashToBuild=9b3a9bd71a0d80e5bbc42204c319ed3d1d4f0d6d, assignmentCommitHash=115a2e943bee242fdad360b50d8ad5f30792577e, testCommitHash=9b3a9bd71a0d80e5bbc42204c319ed3d1d4f0d6d, branch=main, programmingLanguage=JAVA, projectType=PLAIN_GRADLE, scaEnabled=false, sequentialTestRunsEnabled=false, resultPaths=[/var/tmp/testing-dir/**/test-results/test/*.xml], timeoutSeconds=0, assignmentCheckoutPath=null, testCheckoutPath=null, solutionCheckoutPath=null, dockerRunConfig=null], submissionResult=ResultDTO[id=637, completionDate=2025-02-14T23:45:50.449084694Z[Etc/UTC], successful=false, score=0.0, rated=true, submission=SubmissionDTO[id=831, submitted=true, type=TEST, exampleSubmission=null, submissionDate=2025-02-14T23:45:48.761177Z, commitHash=9b3a9bd71a0d80e5bbc42204c319ed3d1d4f0d6d, buildFailed=false, buildArtifact=false, participation=ParticipationDTO[id=2028, testRun=false, type=template, submissionCount=null, exercise=ParticipationExerciseDTO[id=2609, exerciseType=PROGRAMMING, type=programming, assessmentType=AUTOMATIC, dueDate=2025-02-16T23:45:46.386304Z, assessmentDueDate=null, maxPoints=42.0, course=CourseDTO[id=992, accuracyOfScores=1]]], submissionExerciseType=programming, isProcessing=false, buildStartDate=null, estimatedCompletionDate=null], participation=ParticipationDTO[id=2028, testRun=false, type=template, submissionCount=null, exercise=ParticipationExerciseDTO[id=2609, exerciseType=PROGRAMMING, type=programming, assessmentType=AUTOMATIC, dueDate=2025-02-16T23:45:46.386304Z, assessmentDueDate=null, maxPoints=42.0, course=CourseDTO[id=992, accuracyOfScores=1]]], feedbacks=[FeedbackDTO[id=985, text=null, detailText=The exercise expects a class with the name Context in the package testpackage. You did not implement the class in the exercise., hasLongFeedbackText=false, reference=null, credits=0.0, positive=false, type=AUTOMATIC, visibility=ALWAYS, testCase=TestCaseDTO[testName=testMethods[Context], id=1461]], FeedbackDTO[id=986, text=null, detailText=The exercise expects a class with the name Policy in the package testpackage. You did not implement the class in the exercise., hasLongFeedbackText=false, reference=null, credits=0.0, positive=false, type=AUTOMATIC, visibility=ALWAYS, testCase=TestCaseDTO[testName=testMethods[Policy], id=1462]], FeedbackDTO[id=987, text=null, detailText=The exercise expects a class with the name SortStrategy in the package testpackage. You did not implement the class in the exercise., hasLongFeedbackText=false, reference=null, credits=0.0, positive=false, type=AUTOMATIC, visibility=ALWAYS, testCase=TestCaseDTO[testName=testMethods[SortStrategy], id=1463]], FeedbackDTO[id=988, text=null, detailText=The class 'MergeSort' does not implement the interface 'SortStrategy' as expected. Implement the interface and its methods., hasLongFeedbackText=false, reference=null, credits=0.0, positive=false, type=AUTOMATIC, visibility=ALWAYS, testCase=TestCaseDTO[testName=testClass[MergeSort], id=1458]], FeedbackDTO[id=989, text=null, detailText=The exercise expects a class with the name SortStrategy in the package testpackage. You did not implement the class in the exercise., hasLongFeedbackText=false, reference=null, credits=0.0, positive=false, type=AUTOMATIC, visibility=ALWAYS, testCase=TestCaseDTO[testName=testClass[SortStrategy], id=1455]], FeedbackDTO[id=990, text=null, detailText=The class 'BubbleSort' does not implement the interface 'SortStrategy' as expected. Implement the interface and its methods., hasLongFeedbackText=false, reference=null, credits=0.0, positive=false, type=AUTOMATIC, visibility=ALWAYS, testCase=TestCaseDTO[testName=testClass[BubbleSort], id=1459]], FeedbackDTO[id=991, text=null, detailText=MergeSort does not sort correctly, hasLongFeedbackText=false, reference=null, credits=0.0, positive=false, type=AUTOMATIC, visibility=ALWAYS, testCase=TestCaseDTO[testName=testMergeSort(), id=1464]], FeedbackDTO[id=992, text=null, detailText=The class 'Context' was not found within the submission. Make sure to implement it properly., hasLongFeedbackText=false, reference=null, credits=0.0, positive=false, type=AUTOMATIC, visibility=ALWAYS, testCase=TestCaseDTO[testName=testUseBubbleSortForSmallList(), id=1465]], FeedbackDTO[id=993, text=null, detailText=BubbleSort does not sort correctly, hasLongFeedbackText=false, reference=null, credits=0.0, positive=false, type=AUTOMATIC, visibility=ALWAYS, testCase=TestCaseDTO[testName=testBubbleSort(), id=1467]], FeedbackDTO[id=994, text=null, detailText=The class 'Context' was not found within the submission. Make sure to implement it properly., hasLongFeedbackText=false, reference=null, credits=0.0, positive=false, type=AUTOMATIC, visibility=ALWAYS, testCase=TestCaseDTO[testName=testUseMergeSortForBigList(), id=1466]], FeedbackDTO[id=995, text=null, detailText=The exercise expects a class with the name Policy in the package testpackage. You did not implement the class in the exercise., hasLongFeedbackText=false, reference=null, credits=0.0, positive=false, type=AUTOMATIC, visibility=ALWAYS, testCase=TestCaseDTO[testName=testConstructors[Policy], id=1460]], FeedbackDTO[id=996, text=null, detailText=The exercise expects a class with the name Context in the package testpackage. You did not implement the class in the exercise., hasLongFeedbackText=false, reference=null, credits=0.0, positive=false, type=AUTOMATIC, visibility=ALWAYS, testCase=TestCaseDTO[testName=testAttributes[Context], id=1456]], FeedbackDTO[id=997, text=null, detailText=The exercise expects a class with the name Policy in the package testpackage. You did not implement the class in the exercise., hasLongFeedbackText=false, reference=null, credits=0.0, positive=false, type=AUTOMATIC, visibility=ALWAYS, testCase=TestCaseDTO[testName=testAttributes[Policy], id=1457]]], assessmentType=AUTOMATIC, hasComplaint=null, exampleResult=null, testCaseCount=13, passedTestCaseCount=0, codeIssueCount=0]], BuildJobQueueItem[id=20291739576751299, name=SHORT716C2EC10B19B049C80A2F00B97EAB20B2A9TSTEXC-SOLUTION, buildAgent=BuildAgentDTO[name=artemis-build-agent-test, memberAddress=[127.0.0.1]:5703, displayName=artemis-build-agent-test], participationId=2029, courseId=993, exerciseId=2610, retryCount=0, priority=2, status=SUCCESSFUL, repositoryInfo=RepositoryInfo[repositoryName=short716c2ec10b19b049c80a2f00b97eab20b2a9tstexc-solution, repositoryType=solution, triggeredByPushTo=tests, assignmentRepositoryUri=http://localhost:49152/git/SHORT716C2EC10B19B049C80A2F00B97EAB20B2A9TSTEXC/short716c2ec10b19b049c80a2f00b97eab20b2a9tstexc-solution.git, testRepositoryUri=http://localhost:49152/git/SHORT716C2EC10B19B049C80A2F00B97EAB20B2A9TSTEXC/short716c2ec10b19b049c80a2f00b97eab20b2a9tstexc-tests.git, solutionRepositoryUri=null, auxiliaryRepositoryUris=[Ljava.lang.String;@71ccd28b, auxiliaryRepositoryCheckoutDirectories=[Ljava.lang.String;@4809cea4], jobTimingInfo=JobTimingInfo[submissionDate=2025-02-14T23:45:51.299892174Z[Etc/UTC], buildStartDate=2025-02-14T23:45:51.314028505Z[Etc/UTC], buildCompletionDate=2025-02-14T23:45:52.158312850Z[Etc/UTC], estimatedCompletionDate=2025-02-14T23:46:10.314021752Z[Etc/UTC], estimatedDuration=19], buildConfig=BuildConfig[buildScript=#!/bin/bash
cd /var/tmp/testing-dir
chmod +x ./gradlew
./gradlew clean test
, dockerImage=dummy-docker-image:latest, commitHashToBuild=1e531733ed6e9237f710b528d1eb0b7beac565fd, assignmentCommitHash=815e279f12ad296b4f24c44134a07293c04c010f, testCommitHash=1e531733ed6e9237f710b528d1eb0b7beac565fd, branch=main, programmingLanguage=JAVA, projectType=PLAIN_GRADLE, scaEnabled=false, sequentialTestRunsEnabled=false, resultPaths=[/var/tmp/testing-dir/**/test-results/test/*.xml], timeoutSeconds=0, assignmentCheckoutPath=null, testCheckoutPath=null, solutionCheckoutPath=null, dockerRunConfig=null], submissionResult=ResultDTO[id=638, completionDate=2025-02-14T23:45:52.146826070Z[Etc/UTC], successful=true, score=100.0, rated=true, submission=SubmissionDTO[id=832, submitted=true, type=TEST, exampleSubmission=null, submissionDate=2025-02-14T23:45:51.275713Z, commitHash=1e531733ed6e9237f710b528d1eb0b7beac565fd, buildFailed=false, buildArtifact=false, participation=ParticipationDTO[id=2029, testRun=false, type=solution, submissionCount=null, exercise=ParticipationExerciseDTO[id=2610, exerciseType=PROGRAMMING, type=programming, assessmentType=AUTOMATIC, dueDate=2025-02-16T23:45:50.869093Z, assessmentDueDate=null, maxPoints=42.0, course=CourseDTO[id=993, accuracyOfScores=1]]], submissionExerciseType=programming, isProcessing=false, buildStartDate=null, estimatedCompletionDate=null], participation=ParticipationDTO[id=2029, testRun=false, type=solution, submissionCount=null, exercise=ParticipationExerciseDTO[id=2610, exerciseType=PROGRAMMING, type=programming, assessmentType=AUTOMATIC, dueDate=2025-02-16T23:45:50.869093Z, assessmentDueDate=null, maxPoints=42.0, course=CourseDTO[id=993, accuracyOfScores=1]]], feedbacks=[FeedbackDTO[id=998, text=null, detailText=null, hasLongFeedbackText=false, reference=null, credits=3.230769230769231, positive=true, type=AUTOMATIC, visibility=ALWAYS, testCase=TestCaseDTO[testName=testMethods[Context], id=1474]], FeedbackDTO[id=999, text=null, detailText=null, hasLongFeedbackText=false, reference=null, credits=3.230769230769231, positive=true, type=AUTOMATIC, visibility=ALWAYS, testCase=TestCaseDTO[testName=testMethods[Policy], id=1475]], FeedbackDTO[id=1000, text=null, detailText=null, hasLongFeedbackText=false, reference=null, credits=3.230769230769231, positive=true, type=AUTOMATIC, visibility=ALWAYS, testCase=TestCaseDTO[testName=testMethods[SortStrategy], id=1476]], FeedbackDTO[id=1001, text=null, detailText=null, hasLongFeedbackText=false, reference=null, credits=3.230769230769231, positive=true, type=AUTOMATIC, visibility=ALWAYS, testCase=TestCaseDTO[testName=testClass[MergeSort], id=1471]], FeedbackDTO[id=1002, text=null, detailText=null, hasLongFeedbackText=false, reference=null, credits=3.230769230769231, positive=true, type=AUTOMATIC, visibility=ALWAYS, testCase=TestCaseDTO[testName=testClass[SortStrategy], id=1468]], FeedbackDTO[id=1003, text=null, detailText=null, hasLongFeedbackText=false, reference=null, credits=3.230769230769231, positive=true, type=AUTOMATIC, visibility=ALWAYS, testCase=TestCaseDTO[testName=testClass[BubbleSort], id=1472]], FeedbackDTO[id=1004, text=null, detailText=null, hasLongFeedbackText=false, reference=null, credits=3.230769230769231, positive=true, type=AUTOMATIC, visibility=ALWAYS, testCase=TestCaseDTO[testName=testMergeSort(), id=1477]], FeedbackDTO[id=1005, text=null, detailText=null, hasLongFeedbackText=false, reference=null, credits=3.230769230769231, positive=true, type=AUTOMATIC, visibility=ALWAYS, testCase=TestCaseDTO[testName=testUseBubbleSortForSmallList(), id=1478]], FeedbackDTO[id=1006, text=null, detailText=null, hasLongFeedbackText=false, reference=null, credits=3.230769230769231, positive=true, type=AUTOMATIC, visibility=ALWAYS, testCase=TestCaseDTO[testName=testBubbleSort(), id=1480]], FeedbackDTO[id=1007, text=null, detailText=null, hasLongFeedbackText=false, reference=null, credits=3.230769230769231, positive=true, type=AUTOMATIC, visibility=ALWAYS, testCase=TestCaseDTO[testName=testUseMergeSortForBigList(), id=1479]], FeedbackDTO[id=1008, text=null, detailText=null, hasLongFeedbackText=false, reference=null, credits=3.230769230769231, positive=true, type=AUTOMATIC, visibility=ALWAYS, testCase=TestCaseDTO[testName=testConstructors[Policy], id=1473]], FeedbackDTO[id=1009, text=null, detailText=null, hasLongFeedbackText=false, reference=null, credits=3.230769230769231, positive=true, type=AUTOMATIC, visibility=ALWAYS, testCase=TestCaseDTO[testName=testAttributes[Context], id=1469]], FeedbackDTO[id=1010, text=null, detailText=null, hasLongFeedbackText=false, reference=null, credits=3.230769230769231, positive=true, type=AUTOMATIC, visibility=ALWAYS, testCase=TestCaseDTO[testName=testAttributes[Policy], id=1470]]], assessmentType=AUTOMATIC, hasComplaint=null, exampleResult=null, testCaseCount=13, passedTestCaseCount=13, codeIssueCount=0]], BuildJobQueueItem[id=20301739576752239, name=SHORT716C2EC10B19B049C80A2F00B97EAB20B2A9TSTEXC-BASE, buildAgent=BuildAgentDTO[name=artemis-build-agent-test, memberAddress=[127.0.0.1]:5703, displayName=artemis-build-agent-test], participationId=2030, courseId=993, exerciseId=2610, retryCount=0, priority=2, status=SUCCESSFUL, repositoryInfo=RepositoryInfo[repositoryName=short716c2ec10b19b049c80a2f00b97eab20b2a9tstexc-exercise, repositoryType=exercise, triggeredByPushTo=tests, assignmentRepositoryUri=http://localhost:49152/git/SHORT716C2EC10B19B049C80A2F00B97EAB20B2A9TSTEXC/short716c2ec10b19b049c80a2f00b97eab20b2a9tstexc-exercise.git, testRepositoryUri=http://localhost:49152/git/SHORT716C2EC10B19B049C80A2F00B97EAB20B2A9TSTEXC/short716c2ec10b19b049c80a2f00b97eab20b2a9tstexc-tests.git, solutionRepositoryUri=null, auxiliaryRepositoryUris=[Ljava.lang.String;@1b24266c, auxiliaryRepositoryCheckoutDirectories=[Ljava.lang.String;@3791667a], jobTimingInfo=JobTimingInfo[submissionDate=2025-02-14T23:45:52.239402475Z[Etc/UTC], buildStartDate=2025-02-14T23:45:52.258713639Z[Etc/UTC], buildCompletionDate=2025-02-14T23:45:53.238773956Z[Etc/UTC], estimatedCompletionDate=2025-02-14T23:45:53.258707428Z[Etc/UTC], estimatedDuration=1], buildConfig=BuildConfig[buildScript=#!/bin/bash
cd /var/tmp/testing-dir
chmod +x ./gradlew
./gradlew clean test
, dockerImage=dummy-docker-image:latest, commitHashToBuild=1e531733ed6e9237f710b528d1eb0b7beac565fd, assignmentCommitHash=815e279f12ad296b4f24c44134a07293c04c010f, testCommitHash=1e531733ed6e9237f710b528d1eb0b7beac565fd, branch=main, programmingLanguage=JAVA, projectType=PLAIN_GRADLE, scaEnabled=false, sequentialTestRunsEnabled=false, resultPaths=[/var/tmp/testing-dir/**/test-results/test/*.xml], timeoutSeconds=0, assignmentCheckoutPath=null, testCheckoutPath=null, solutionCheckoutPath=null, dockerRunConfig=null], submissionResult=ResultDTO[id=639, completionDate=2025-02-14T23:45:53.225806205Z[Etc/UTC], successful=false, score=0.0, rated=true, submission=SubmissionDTO[id=833, submitted=true, type=TEST, exampleSubmission=null, submissionDate=2025-02-14T23:45:52.237179Z, commitHash=1e531733ed6e9237f710b528d1eb0b7beac565fd, buildFailed=false, buildArtifact=false, participation=ParticipationDTO[id=2030, testRun=false, type=template, submissionCount=null, exercise=ParticipationExerciseDTO[id=2610, exerciseType=PROGRAMMING, type=programming, assessmentType=AUTOMATIC, dueDate=2025-02-16T23:45:50.869093Z, assessmentDueDate=null, maxPoints=42.0, course=CourseDTO[id=993, accuracyOfScores=1]]], submissionExerciseType=programming, isProcessing=false, buildStartDate=null, estimatedCompletionDate=null], participation=ParticipationDTO[id=2030, testRun=false, type=template, submissionCount=null, exercise=ParticipationExerciseDTO[id=2610, exerciseType=PROGRAMMING, type=programming, assessmentType=AUTOMATIC, dueDate=2025-02-16T23:45:50.869093Z, assessmentDueDate=null, maxPoints=42.0, course=CourseDTO[id=993, accuracyOfScores=1]]], feedbacks=[FeedbackDTO[id=1011, text=null, detailText=The exercise expects a class with the name Context in the package testpackage. You did not implement the class in the exercise., hasLongFeedbackText=false, reference=null, credits=0.0, positive=false, type=AUTOMATIC, visibility=ALWAYS, testCase=TestCaseDTO[testName=testMethods[Context], id=1474]], FeedbackDTO[id=1012, text=null, detailText=The exercise expects a class with the name Policy in the package testpackage. You did not implement the class in the exercise., hasLongFeedbackText=false, reference=null, credits=0.0, positive=false, type=AUTOMATIC, visibility=ALWAYS, testCase=TestCaseDTO[testName=testMethods[Policy], id=1475]], FeedbackDTO[id=1013, text=null, detailText=The exercise expects a class with the name SortStrategy in the package testpackage. You did not implement the class in the exercise., hasLongFeedbackText=false, reference=null, credits=0.0, positive=false, type=AUTOMATIC, visibility=ALWAYS, testCase=TestCaseDTO[testName=testMethods[SortStrategy], id=1476]], FeedbackDTO[id=1014, text=null, detailText=The class 'MergeSort' does not implement the interface 'SortStrategy' as expected. Implement the interface and its methods., hasLongFeedbackText=false, reference=null, credits=0.0, positive=false, type=AUTOMATIC, visibility=ALWAYS, testCase=TestCaseDTO[testName=testClass[MergeSort], id=1471]], FeedbackDTO[id=1015, text=null, detailText=The exercise expects a class with the name SortStrategy in the package testpackage. You did not implement the class in the exercise., hasLongFeedbackText=false, reference=null, credits=0.0, positive=false, type=AUTOMATIC, visibility=ALWAYS, testCase=TestCaseDTO[testName=testClass[SortStrategy], id=1468]], FeedbackDTO[id=1016, text=null, detailText=The class 'BubbleSort' does not implement the interface 'SortStrategy' as expected. Implement the interface and its methods., hasLongFeedbackText=false, reference=null, credits=0.0, positive=false, type=AUTOMATIC, visibility=ALWAYS, testCase=TestCaseDTO[testName=testClass[BubbleSort], id=1472]], FeedbackDTO[id=1017, text=null, detailText=MergeSort does not sort correctly, hasLongFeedbackText=false, reference=null, credits=0.0, positive=false, type=AUTOMATIC, visibility=ALWAYS, testCase=TestCaseDTO[testName=testMergeSort(), id=1477]], FeedbackDTO[id=1018, text=null, detailText=The class 'Context' was not found within the submission. Make sure to implement it properly., hasLongFeedbackText=false, reference=null, credits=0.0, positive=false, type=AUTOMATIC, visibility=ALWAYS, testCase=TestCaseDTO[testName=testUseBubbleSortForSmallList(), id=1478]], FeedbackDTO[id=1019, text=null, detailText=BubbleSort does not sort correctly, hasLongFeedbackText=false, reference=null, credits=0.0, positive=false, type=AUTOMATIC, visibility=ALWAYS, testCase=TestCaseDTO[testName=testBubbleSort(), id=1480]], FeedbackDTO[id=1020, text=null, detailText=The class 'Context' was not found within the submission. Make sure to implement it properly., hasLongFeedbackText=false, reference=null, credits=0.0, positive=false, type=AUTOMATIC, visibility=ALWAYS, testCase=TestCaseDTO[testName=testUseMergeSortForBigList(), id=1479]], FeedbackDTO[id=1021, text=null, detailText=The exercise expects a class with the name Policy in the package testpackage. You did not implement the class in the exercise., hasLongFeedbackText=false, reference=null, credits=0.0, positive=false, type=AUTOMATIC, visibility=ALWAYS, testCase=TestCaseDTO[testName=testConstructors[Policy], id=1473]], FeedbackDTO[id=1022, text=null, detailText=The exercise expects a class with the name Context in the package testpackage. You did not implement the class in the exercise., hasLongFeedbackText=false, reference=null, credits=0.0, positive=false, type=AUTOMATIC, visibility=ALWAYS, testCase=TestCaseDTO[testName=testAttributes[Context], id=1469]], FeedbackDTO[id=1023, text=null, detailText=The exercise expects a class with the name Policy in the package testpackage. You did not implement the class in the exercise., hasLongFeedbackText=false, reference=null, credits=0.0, positive=false, type=AUTOMATIC, visibility=ALWAYS, testCase=TestCaseDTO[testName=testAttributes[Policy], id=1470]]], assessmentType=AUTOMATIC, hasComplaint=null, exampleResult=null, testCaseCount=13, passedTestCaseCount=0, codeIssueCount=0]], BuildJobQueueItem[id=20391739576754750, name=SHORT3A680734092E404EF80A4C60FBC1E408F7D0TSTEXC-LOCALVCCIINTSTUDENT1, buildAgent=BuildAgentDTO[name=artemis-build-agent-test, memberAddress=[127.0.0.1]:5703, displayName=artemis-build-agent-test], participationId=2039, courseId=996, exerciseId=2613, retryCount=0, priority=2, status=SUCCESSFUL, repositoryInfo=RepositoryInfo[repositoryName=short3a680734092e404ef80a4c60fbc1e408f7d0tstexc-localvcciintstudent1, repositoryType=user, triggeredByPushTo=user, assignmentRepositoryUri=http://localhost:49152/git/SHORT3A680734092E404EF80A4C60FBC1E408F7D0TSTEXC/short3a680734092e404ef80a4c60fbc1e408f7d0tstexc-localvcciintstudent1.git, testRepositoryUri=http://localhost:49152/git/SHORT3A680734092E404EF80A4C60FBC1E408F7D0TSTEXC/short3a680734092e404ef80a4c60fbc1e408f7d0tstexc-tests.git, solutionRepositoryUri=null, auxiliaryRepositoryUris=[Ljava.lang.String;@205eb289, auxiliaryRepositoryCheckoutDirectories=[Ljava.lang.String;@26a434c8], jobTimingInfo=JobTimingInfo[submissionDate=2025-02-14T23:45:54.750657185Z[Etc/UTC], buildStartDate=2025-02-14T23:45:54.765232948Z[Etc/UTC], buildCompletionDate=2025-02-14T23:45:55.645844970Z[Etc/UTC], estimatedCompletionDate=2025-02-14T23:46:13.765225363Z[Etc/UTC], estimatedDuration=19], buildConfig=BuildConfig[buildScript=#!/bin/bash
cd /var/tmp/testing-dir
chmod +x ./gradlew
./gradlew clean test
, dockerImage=dummy-docker-image:latest, commitHashToBuild=9344436f8d5a5ce3aa40215562db211ed501371f, assignmentCommitHash=9344436f8d5a5ce3aa40215562db211ed501371f, testCommitHash=ff421c3651ec230fed2f20f72c2901ae372be06a, branch=main, programmingLanguage=JAVA, projectType=PLAIN_GRADLE, scaEnabled=false, sequentialTestRunsEnabled=false, resultPaths=[/var/tmp/testing-dir/**/test-results/test/*.xml], timeoutSeconds=0, assignmentCheckoutPath=null, testCheckoutPath=null, solutionCheckoutPath=null, dockerRunConfig=null], submissionResult=ResultDTO[id=640, completionDate=2025-02-14T23:45:55.628250079Z[Etc/UTC], successful=false, score=7.7, rated=true, submission=SubmissionDTO[id=834, submitted=true, type=MANUAL, exampleSubmission=null, submissionDate=2025-02-14T23:45:54.732007Z, commitHash=9344436f8d5a5ce3aa40215562db211ed501371f, buildFailed=false, buildArtifact=false, participation=ParticipationDTO[id=2039, testRun=false, type=programming, submissionCount=null, exercise=ParticipationExerciseDTO[id=2613, exerciseType=PROGRAMMING, type=programming, assessmentType=AUTOMATIC, dueDate=2025-02-16T23:45:54.546562Z, assessmentDueDate=null, maxPoints=42.0, course=CourseDTO[id=996, accuracyOfScores=1]]], submissionExerciseType=programming, isProcessing=false, buildStartDate=null, estimatedCompletionDate=null], participation=ParticipationDTO[id=2039, testRun=false, type=programming, submissionCount=null, exercise=ParticipationExerciseDTO[id=2613, exerciseType=PROGRAMMING, type=programming, assessmentType=AUTOMATIC, dueDate=2025-02-16T23:45:54.546562Z, assessmentDueDate=null, maxPoints=42.0, course=CourseDTO[id=996, accuracyOfScores=1]]], feedbacks=[FeedbackDTO[id=1024, text=null, detailText=The exercise expects a class with the name Context in the package testpackage. You did not implement the class in the exercise., hasLongFeedbackText=false, reference=null, credits=0.0, positive=false, type=AUTOMATIC, visibility=ALWAYS, testCase=TestCaseDTO[testName=null, id=1513]], FeedbackDTO[id=1025, text=null, detailText=The exercise expects a class with the name Policy in the package testpackage. You did not implement the class in the exercise., hasLongFeedbackText=false, reference=null, credits=0.0, positive=false, type=AUTOMATIC, visibility=ALWAYS, testCase=TestCaseDTO[testName=null, id=1514]], FeedbackDTO[id=1026, text=null, detailText=The exercise expects a class with the name SortStrategy in the package testpackage. You did not implement the class in the exercise., hasLongFeedbackText=false, reference=null, credits=0.0, positive=false, type=AUTOMATIC, visibility=ALWAYS, testCase=TestCaseDTO[testName=null, id=1515]], FeedbackDTO[id=1027, text=null, detailText=The class 'MergeSort' does not implement the interface 'SortStrategy' as expected. Implement the interface and its methods., hasLongFeedbackText=false, reference=null, credits=0.0, positive=false, type=AUTOMATIC, visibility=ALWAYS, testCase=TestCaseDTO[testName=null, id=1510]], FeedbackDTO[id=1028, text=null, detailText=The exercise expects a class with the name SortStrategy in the package testpackage. You did not implement the class in the exercise., hasLongFeedbackText=false, reference=null, credits=0.0, positive=false, type=AUTOMATIC, visibility=ALWAYS, testCase=TestCaseDTO[testName=null, id=1507]], FeedbackDTO[id=1029, text=null, detailText=The class 'BubbleSort' does not implement the interface 'SortStrategy' as expected. Implement the interface and its methods., hasLongFeedbackText=false, reference=null, credits=0.0, positive=false, type=AUTOMATIC, visibility=ALWAYS, testCase=TestCaseDTO[testName=null, id=1511]], FeedbackDTO[id=1030, text=null, detailText=MergeSort does not sort correctly, hasLongFeedbackText=false, reference=null, credits=0.0, positive=false, type=AUTOMATIC, visibility=ALWAYS, testCase=TestCaseDTO[testName=null, id=1516]], FeedbackDTO[id=1031, text=null, detailText=The class 'Context' was not found within the submission. Make sure to implement it properly., hasLongFeedbackText=false, reference=null, credits=0.0, positive=false, type=AUTOMATIC, visibility=ALWAYS, testCase=TestCaseDTO[testName=null, id=1517]], FeedbackDTO[id=1032, text=null, detailText=The class 'Context' was not found within the submission. Make sure to implement it properly., hasLongFeedbackText=false, reference=null, credits=0.0, positive=false, type=AUTOMATIC, visibility=ALWAYS, testCase=TestCaseDTO[testName=null, id=1518]], FeedbackDTO[id=1033, text=null, detailText=The exercise expects a class with the name Policy in the package testpackage. You did not implement the class in the exercise., hasLongFeedbackText=false, reference=null, credits=0.0, positive=false, type=AUTOMATIC, visibility=ALWAYS, testCase=TestCaseDTO[testName=null, id=1512]], FeedbackDTO[id=1034, text=null, detailText=The exercise expects a class with the name Context in the package testpackage. You did not implement the class in the exercise., hasLongFeedbackText=false, reference=null, credits=0.0, positive=false, type=AUTOMATIC, visibility=ALWAYS, testCase=TestCaseDTO[testName=null, id=1508]], FeedbackDTO[id=1035, text=null, detailText=The exercise expects a class with the name Policy in the package testpackage. You did not implement the class in the exercise., hasLongFeedbackText=false, reference=null, credits=0.0, positive=false, type=AUTOMATIC, visibility=ALWAYS, testCase=TestCaseDTO[testName=null, id=1509]], FeedbackDTO[id=1036, text=null, detailText=null, hasLongFeedbackText=false, reference=null, credits=3.230769230769231, positive=true, type=AUTOMATIC, visibility=ALWAYS, testCase=TestCaseDTO[testName=null, id=1519]]], assessmentType=AUTOMATIC, hasComplaint=null, exampleResult=null, testCaseCount=13, passedTestCaseCount=1, codeIssueCount=0]], BuildJobQueueItem[id=20431739576757232, name=SHORT3945BC5E092B90459B0A7F006DF5F64347FDTSTEXC-SOLUTION, buildAgent=BuildAgentDTO[name=artemis-build-agent-test, memberAddress=[127.0.0.1]:5703, displayName=artemis-build-agent-test], participationId=2043, courseId=998, exerciseId=2615, retryCount=0, priority=2, status=SUCCESSFUL, repositoryInfo=RepositoryInfo[repositoryName=short3945bc5e092b90459b0a7f006df5f64347fdtstexc-solution, repositoryType=solution, triggeredByPushTo=solution, assignmentRepositoryUri=http://localhost:49152/git/SHORT3945BC5E092B90459B0A7F006DF5F64347FDTSTEXC/short3945bc5e092b90459b0a7f006df5f64347fdtstexc-solution.git, testRepositoryUri=http://localhost:49152/git/SHORT3945BC5E092B90459B0A7F006DF5F64347FDTSTEXC/short3945bc5e092b90459b0a7f006df5f64347fdtstexc-tests.git, solutionRepositoryUri=null, auxiliaryRepositoryUris=[Ljava.lang.String;@1c896136, auxiliaryRepositoryCheckoutDirectories=[Ljava.lang.String;@2097766b], jobTimingInfo=JobTimingInfo[submissionDate=2025-02-14T23:45:57.232907777Z[Etc/UTC], buildStartDate=2025-02-14T23:45:57.240437339Z[Etc/UTC], buildCompletionDate=2025-02-14T23:45:58.062328619Z[Etc/UTC], estimatedCompletionDate=2025-02-14T23:46:16.240428743Z[Etc/UTC], estimatedDuration=19], buildConfig=BuildConfig[buildScript=#!/bin/bash
cd /var/tmp/testing-dir
chmod +x ./gradlew
./gradlew clean test
, dockerImage=dummy-docker-image:latest, commitHashToBuild=c315388a235502fd958ae3c7ffbbbbf126a8fe21, assignmentCommitHash=c315388a235502fd958ae3c7ffbbbbf126a8fe21, testCommitHash=28488095271179f4eface46480ec45511f50df5d, branch=main, programmingLanguage=JAVA, projectType=PLAIN_GRADLE, scaEnabled=false, sequentialTestRunsEnabled=false, resultPaths=[/var/tmp/testing-dir/**/test-results/test/*.xml], timeoutSeconds=0, assignmentCheckoutPath=null, testCheckoutPath=null, solutionCheckoutPath=null, dockerRunConfig=null], submissionResult=ResultDTO[id=641, completionDate=2025-02-14T23:45:58.032353400Z[Etc/UTC], successful=true, score=100.0, rated=true, submission=SubmissionDTO[id=835, submitted=true, type=MANUAL, exampleSubmission=null, submissionDate=2025-02-14T23:45:57.222714Z, commitHash=c315388a235502fd958ae3c7ffbbbbf126a8fe21, buildFailed=false, buildArtifact=false, participation=ParticipationDTO[id=2043, testRun=false, type=solution, submissionCount=null, exercise=ParticipationExerciseDTO[id=2615, exerciseType=PROGRAMMING, type=programming, assessmentType=AUTOMATIC, dueDate=2025-02-16T23:45:56.808788Z, assessmentDueDate=null, maxPoints=42.0, course=CourseDTO[id=998, accuracyOfScores=1]]], submissionExerciseType=programming, isProcessing=false, buildStartDate=null, estimatedCompletionDate=null], participation=ParticipationDTO[id=2043, testRun=false, type=solution, submissionCount=null, exercise=ParticipationExerciseDTO[id=2615, exerciseType=PROGRAMMING, type=programming, assessmentType=AUTOMATIC, dueDate=2025-02-16T23:45:56.808788Z, assessmentDueDate=null, maxPoints=42.0, course=CourseDTO[id=998, accuracyOfScores=1]]], feedbacks=[FeedbackDTO[id=1037, text=null, detailText=null, hasLongFeedbackText=false, reference=null, credits=3.230769230769231, positive=true, type=AUTOMATIC, visibility=ALWAYS, testCase=TestCaseDTO[testName=testMethods[Context], id=1539]], FeedbackDTO[id=1038, text=null, detailText=null, hasLongFeedbackText=false, reference=null, credits=3.230769230769231, positive=true, type=AUTOMATIC, visibility=ALWAYS, testCase=TestCaseDTO[testName=testMethods[Policy], id=1540]], FeedbackDTO[id=1039, text=null, detailText=null, hasLongFeedbackText=false, reference=null, credits=3.230769230769231, positive=true, type=AUTOMATIC, visibility=ALWAYS, testCase=TestCaseDTO[testName=testMethods[SortStrategy], id=1541]], FeedbackDTO[id=1040, text=null, detailText=null, hasLongFeedbackText=false, reference=null, credits=3.230769230769231, positive=true, type=AUTOMATIC, visibility=ALWAYS, testCase=TestCaseDTO[testName=testClass[MergeSort], id=1536]], FeedbackDTO[id=1041, text=null, detailText=null, hasLongFeedbackText=false, reference=null, credits=3.230769230769231, positive=true, type=AUTOMATIC, visibility=ALWAYS, testCase=TestCaseDTO[testName=testClass[SortStrategy], id=1533]], FeedbackDTO[id=1042, text=null, detailText=null, hasLongFeedbackText=false, reference=null, credits=3.230769230769231, positive=true, type=AUTOMATIC, visibility=ALWAYS, testCase=TestCaseDTO[testName=testClass[BubbleSort], id=1537]], FeedbackDTO[id=1043, text=null, detailText=null, hasLongFeedbackText=false, reference=null, credits=3.230769230769231, positive=true, type=AUTOMATIC, visibility=ALWAYS, testCase=TestCaseDTO[testName=testMergeSort(), id=1542]], FeedbackDTO[id=1044, text=null, detailText=null, hasLongFeedbackText=false, reference=null, credits=3.230769230769231, positive=true, type=AUTOMATIC, visibility=ALWAYS, testCase=TestCaseDTO[testName=testUseBubbleSortForSmallList(), id=1543]], FeedbackDTO[id=1045, text=null, detailText=null, hasLongFeedbackText=false, reference=null, credits=3.230769230769231, positive=true, type=AUTOMATIC, visibility=ALWAYS, testCase=TestCaseDTO[testName=testBubbleSort(), id=1545]], FeedbackDTO[id=1046, text=null, detailText=null, hasLongFeedbackText=false, reference=null, credits=3.230769230769231, positive=true, type=AUTOMATIC, visibility=ALWAYS, testCase=TestCaseDTO[testName=testUseMergeSortForBigList(), id=1544]], FeedbackDTO[id=1047, text=null, detailText=null, hasLongFeedbackText=false, reference=null, credits=3.230769230769231, positive=true, type=AUTOMATIC, visibility=ALWAYS, testCase=TestCaseDTO[testName=testConstructors[Policy], id=1538]], FeedbackDTO[id=1048, text=null, detailText=null, hasLongFeedbackText=false, reference=null, credits=3.230769230769231, positive=true, type=AUTOMATIC, visibility=ALWAYS, testCase=TestCaseDTO[testName=testAttributes[Context], id=1534]], FeedbackDTO[id=1049, text=null, detailText=null, hasLongFeedbackText=false, reference=null, credits=3.230769230769231, positive=true, type=AUTOMATIC, visibility=ALWAYS, testCase=TestCaseDTO[testName=testAttributes[Policy], id=1535]]], assessmentType=AUTOMATIC, hasComplaint=null, exampleResult=null, testCaseCount=13, passedTestCaseCount=13, codeIssueCount=0]], BuildJobQueueItem[id=20471739576759335, name=SHORT07624A260BD060493708A050BB6FAE261DD5TSTEXC-LOCALVCCIINTSTUDENT1, buildAgent=BuildAgentDTO[name=artemis-build-agent-test, memberAddress=[127.0.0.1]:5703, displayName=artemis-build-agent-test], participationId=2047, courseId=999, exerciseId=2616, retryCount=0, priority=2, status=SUCCESSFUL, repositoryInfo=RepositoryInfo[repositoryName=short07624a260bd060493708a050bb6fae261dd5tstexc-localvcciintstudent1, repositoryType=user, triggeredByPushTo=user, assignmentRepositoryUri=http://localhost:49152/git/SHORT07624A260BD060493708A050BB6FAE261DD5TSTEXC/short07624a260bd060493708a050bb6fae261dd5tstexc-localvcciintstudent1.git, testRepositoryUri=http://localhost:49152/git/SHORT07624A260BD060493708A050BB6FAE261DD5TSTEXC/short07624a260bd060493708a050bb6fae261dd5tstexc-tests.git, solutionRepositoryUri=null, auxiliaryRepositoryUris=[Ljava.lang.String;@7508520a, auxiliaryRepositoryCheckoutDirectories=[Ljava.lang.String;@720d3a17], jobTimingInfo=JobTimingInfo[submissionDate=2025-02-14T23:45:59.335772293Z[Etc/UTC], buildStartDate=2025-02-14T23:45:59.344175895Z[Etc/UTC], buildCompletionDate=2025-02-14T23:46:00.603413500Z[Etc/UTC], estimatedCompletionDate=2025-02-14T23:46:18.344169813Z[Etc/UTC], estimatedDuration=19], buildConfig=BuildConfig[buildScript=#!/bin/bash
cd /var/tmp/testing-dir
chmod +x ./gradlew
./gradlew clean test
, dockerImage=dummy-docker-image:latest, commitHashToBuild=18a07c7296dd70e3280c5bdcec7fccd0be6b8148, assignmentCommitHash=18a07c7296dd70e3280c5bdcec7fccd0be6b8148, testCommitHash=d654a233667bae063bb900e455fd2da456e10333, branch=main, programmingLanguage=JAVA, projectType=PLAIN_GRADLE, scaEnabled=false, sequentialTestRunsEnabled=false, resultPaths=[/var/tmp/testing-dir/**/test-results/test/*.xml], timeoutSeconds=0, assignmentCheckoutPath=null, testCheckoutPath=null, solutionCheckoutPath=null, dockerRunConfig=null], submissionResult=null]], publicSshKey=ssh-rsa AAAAB3NzaC1yc2EAAAADAQABAAACAQCOPdMsxRE2jFJ/UEa5/LsBxtwzJcrh3/rYBCQvcMeVpiRfhzQPWu7mrt/G2Ew+i+vRloGH9aqKg6dd1liRncao53Zmd/ePxoatXePNhmzTfkCkcSkTUz7B+QMjkoDDV5jwuFPD6mF3JkhuzSi64n9Zy905t4w2IhVcjM2mL3eYNjiCXt6Qpq3Pkt7dM/Ksw1nxnvuiIALuJLB3FTkXkHqq3PJav+9HSq2r6ZaWgekneaGxlQlb+U+Vy3XOuArKAzK8c8i+0bR+AHiTG6ncYXt7ax3U+TdlDTF7OLP3umwaYjs1NBXOHwG42pevvpKn2fqavZZozk+M05jXLx3bq0O7itxfErWc7etky8qYPyyIMF/txQIVLd78+Ze4d7Y60t5MGbXM5cGE6fFif5fEJwgswXD+BrG0cafz1CTatjSKFdvp8Vp4VszXhHDan1PrP6JEFJ5Cc5GDmLRZPCFa3vL9f5qXgf4bkqKN8MYeEujwJE5nMRWoiJVNakix2bcrrneQMBlnYeYZVWXXXUusAQBzl4NgddC1umZpihZkL1b1MffZAUW3EGEXi7KHnllQhkTLLsQ8ntMgbylqaJKStqaXlLvdeRJcEnUuiFCrHEVVbXRFZR7XVDZ02CE5o3MuaRPty8Kh+jRTF3COlAckHwYEJCNNJvXFgb2CNXL4mjzYDw== test@localhost]

  Starting logs for SubmissionExportIntegrationTest > testAll_asStudent()
    23:46:00.624 | 566 localvc.event-13 | DEBUG | a.p.s.l.SharedQueueManagementService : Build agent updated: null
    23:46:00.626 | 380 ool-1-worker-144 | DEBUG | d.t.c.a.a.c.u.util.UserUtilService   : Generate 3 students...
    23:46:00.629 | 566 localvc.event-13 | DEBUG | p.s.l.LocalCIResultProcessingService : Result of build job with id 20471739576759335 added to queue
    23:46:00.631 | 380 ool-1-worker-144 | DEBUG | d.t.c.a.a.c.u.util.UserUtilService   : 3 students generated. Generate 1 tutors...
    23:46:00.632 | 566 localvc.event-13 | INFO  | p.s.l.LocalCIResultProcessingService : Processing build job result with id 20471739576759335
    23:46:00.634 | 380 ool-1-worker-144 | DEBUG | d.t.c.a.a.c.u.util.UserUtilService   : 1 tutors generated. Generate 0 editors...
    23:46:00.635 | 566 localvc.event-13 | DEBUG | p.s.l.LocalCIResultProcessingService : Build jobs waiting in queue: 0
    23:46:00.635 | 566 localvc.event-13 | DEBUG | p.s.l.LocalCIResultProcessingService : Queued build jobs: []
    23:46:00.635 | 380 ool-1-worker-144 | DEBUG | d.t.c.a.a.c.u.util.UserUtilService   : 0 editors generated. Generate 1 instructors...
    23:46:00.638 | 380 ool-1-worker-144 | DEBUG | d.t.c.a.a.c.u.util.UserUtilService   : 1 instructors generated
    23:46:00.640 | 380 ool-1-worker-144 | DEBUG | d.t.c.a.a.c.u.util.UserUtilService   : Removing 5 users from all courses...
    23:46:00.641 | 380 ool-1-worker-144 | DEBUG | d.t.c.a.a.c.u.util.UserUtilService   : Removing 5 users from all courses. Done
    23:46:00.641 | 380 ool-1-worker-144 | DEBUG | d.t.c.a.a.c.u.util.UserUtilService   : Save 5 users to database...
    23:46:00.642 | 566 localvc.event-13 | DEBUG | .s.ProgrammingExerciseGradingService : Received new build result (NEW) for participation 2047
    23:46:00.645 | 380 ool-1-worker-144 | DEBUG | d.t.c.a.a.c.u.util.UserUtilService   : Save 5 users to database. Done
    23:46:00.717 | 566 localvc.event-13 | DEBUG | .c.s.m.InstanceMessageReceiveService : Received schedule participant score for exercise 2616 and participant 238 (result to be deleted: null)
    23:46:00.717 | 566 localvc.event-13 | DEBUG | .a.s.ParticipantScoreScheduleService : Scheduled task for exercise 2616 and participant 238 at 2025-02-14T23:46:00.817736524Z[Etc/UTC].
    23:46:00.718 | 566 localvc.event-13 | DEBUG | .a.a.p.s.ProgrammingMessagingService : Send result to client over websocket. Result: Result{id642, completionDate=2025-02-14T23:46:00.583368808Z[Etc/UTC], successful=false, score=7.7, rated=true, assessmentType=AUTOMATIC, hasComplaint=null, testCaseCount=13, passedTestCaseCount=1, codeIssueCount=0}, Submission: ProgrammingSubmission{commitHash='18a07c7296dd70e3280c5bdcec7fccd0be6b8148', buildFailed=false, buildArtifact=false, type=MANUAL}, Participation: ProgrammingExerciseStudentParticipation{id=2047, repositoryUri='http://localhost:49152/git/SHORT07624A260BD060493708A050BB6FAE261DD5TSTEXC/short07624a260bd060493708a050bb6fae261dd5tstexc-localvcciintstudent1.git', buildPlanId='SHORT07624A260BD060493708A050BB6FAE261DD5TSTEXC-LOCALVCCIINTSTUDENT1', initializationState='INITIALIZED', initializationDate='2025-02-14T23:45:59.181961Z', individualDueDate=null', presentationScore=null}
    23:46:00.728 | 380 ool-1-worker-144 | INFO  | i.z.t.d.l.EmbeddedDatabaseReporter   : JDBC URL to connect to 'dataSource': url='jdbc:h2:tcp://localhost:41063/mem:df70fc46-7e57-4cb5-9cd0-c1d90c14afa7;USER=sa', scope='SubmissionExportIntegrationTest#testAll_asStudent'
    23:46:00.730 | 380 ool-1-worker-144 | DEBUG | d.t.c.a.a.c.s.f.ApiVersionFilter     : Adding Version to Request POST /api/modeling-exercises/2016/export-submissions
    23:46:00.731 | 380 ool-1-worker-144 | WARN  | o.z.p.spring.common.AdviceTraits     : Forbidden: Access Denied
    23:46:00.732 | 380 ool-1-worker-144 | DEBUG | d.t.c.a.a.c.s.f.ApiVersionFilter     : Adding Version to Request POST /api/text-exercises/2017/export-submissions
    23:46:00.733 | 380 ool-1-worker-144 | WARN  | o.z.p.spring.common.AdviceTraits     : Forbidden: Access Denied
    23:46:00.734 | 566 localvc.event-13 | DEBUG | d.t.c.a.a.p.s.BuildLogEntryService   : Saved build logs for build job 20471739576759335 to file /tmp/build-logs/short07624a260bd060493708a050bb6fae261dd5/TSTEXC/20471739576759335.log
    23:46:00.734 | 380 ool-1-worker-144 | DEBUG | d.t.c.a.a.c.s.f.ApiVersionFilter     : Adding Version to Request POST /api/file-upload-exercises/2018/export-submissions
    23:46:00.735 | 566 localvc.event-13 | DEBUG | a.p.s.l.LocalCIQueueWebsocketService : Build agent updated: BuildAgentInformation[buildAgent=BuildAgentDTO[name=artemis-build-agent-test, memberAddress=[127.0.0.1]:5703, displayName=artemis-build-agent-test], maxNumberOfConcurrentBuildJobs=1, numberOfCurrentBuildJobs=0, runningBuildJobs=[], status=IDLE, recentBuildJobs=[BuildJobQueueItem[id=19361739576711303, name=SHORT9AFDAE3804CA304DDF0889A0CB0F56104A86TSTEXC-LOCALVCINTSTUDENT1, buildAgent=BuildAgentDTO[name=artemis-build-agent-test, memberAddress=[127.0.0.1]:5703, displayName=artemis-build-agent-test], participationId=1936, courseId=956, exerciseId=2573, retryCount=0, priority=2, status=FAILED, repositoryInfo=RepositoryInfo[repositoryName=short9afdae3804ca304ddf0889a0cb0f56104a86tstexc-localvcintstudent1, repositoryType=user, triggeredByPushTo=user, assignmentRepositoryUri=http://localhost:49152/git/SHORT9AFDAE3804CA304DDF0889A0CB0F56104A86TSTEXC/short9afdae3804ca304ddf0889a0cb0f56104a86tstexc-localvcintstudent1.git, testRepositoryUri=http://localhost:49152/git/SHORT9AFDAE3804CA304DDF0889A0CB0F56104A86TSTEXC/short9afdae3804ca304ddf0889a0cb0f56104a86tstexc-tests.git, solutionRepositoryUri=null, auxiliaryRepositoryUris=[Ljava.lang.String;@2d56f9eb, auxiliaryRepositoryCheckoutDirectories=[Ljava.lang.String;@328d0d20], jobTimingInfo=JobTimingInfo[submissionDate=2025-02-14T23:45:11.303805653Z[Etc/UTC], buildStartDate=2025-02-14T23:45:11.310981356Z[Etc/UTC], buildCompletionDate=2025-02-14T23:45:11.319178384Z[Etc/UTC], estimatedCompletionDate=2025-02-14T23:45:30.310974944Z[Etc/UTC], estimatedDuration=19], buildConfig=BuildConfig[buildScript=#!/bin/bash
cd /var/tmp/testing-dir
chmod +x ./gradlew
./gradlew clean test
, dockerImage=dummy-docker-image:latest, commitHashToBuild=a1099e378cffde441ef85f9b12577ca174b8e1e4, assignmentCommitHash=a1099e378cffde441ef85f9b12577ca174b8e1e4, testCommitHash=bd38d61c299ab11a1dea82a3ca5493fe04d97d47, branch=main, programmingLanguage=JAVA, projectType=PLAIN_GRADLE, scaEnabled=false, sequentialTestRunsEnabled=false, resultPaths=[/var/tmp/testing-dir/**/test-results/test/*.xml], timeoutSeconds=0, assignmentCheckoutPath=null, testCheckoutPath=null, solutionCheckoutPath=null, dockerRunConfig=null], submissionResult=ResultDTO[id=623, completionDate=2025-02-14T23:45:11.319278430Z[Etc/UTC], successful=false, score=0.0, rated=true, submission=SubmissionDTO[id=815, submitted=true, type=MANUAL, exampleSubmission=null, submissionDate=2025-02-14T23:45:11.294386Z, commitHash=a1099e378cffde441ef85f9b12577ca174b8e1e4, buildFailed=true, buildArtifact=false, participation=ParticipationDTO[id=1936, testRun=false, type=programming, submissionCount=null, exercise=ParticipationExerciseDTO[id=2573, exerciseType=PROGRAMMING, type=programming, assessmentType=AUTOMATIC, dueDate=2025-02-16T23:45:10.996982Z, assessmentDueDate=null, maxPoints=42.0, course=CourseDTO[id=956, accuracyOfScores=1]]], submissionExerciseType=programming, isProcessing=false, buildStartDate=null, estimatedCompletionDate=null], participation=ParticipationDTO[id=1936, testRun=false, type=programming, submissionCount=null, exercise=ParticipationExerciseDTO[id=2573, exerciseType=PROGRAMMING, type=programming, assessmentType=AUTOMATIC, dueDate=2025-02-16T23:45:10.996982Z, assessmentDueDate=null, maxPoints=42.0, course=CourseDTO[id=956, accuracyOfScores=1]]], feedbacks=[], assessmentType=AUTOMATIC, hasComplaint=null, exampleResult=null, testCaseCount=0, passedTestCaseCount=0, codeIssueCount=0]], BuildJobQueueItem[id=19351739576711674, name=SHORT9AFDAE3804CA304DDF0889A0CB0F56104A86TSTEXC-BASE, buildAgent=BuildAgentDTO[name=artemis-build-agent-test, memberAddress=[127.0.0.1]:5703, displayName=artemis-build-agent-test], participationId=1935, courseId=956, exerciseId=2573, retryCount=0, priority=2, status=FAILED, repositoryInfo=RepositoryInfo[repositoryName=short9afdae3804ca304ddf0889a0cb0f56104a86tstexc-exercise, repositoryType=exercise, triggeredByPushTo=exercise, assignmentRepositoryUri=http://localhost:49152/git/SHORT9AFDAE3804CA304DDF0889A0CB0F56104A86TSTEXC/short9afdae3804ca304ddf0889a0cb0f56104a86tstexc-exercise.git, testRepositoryUri=http://localhost:49152/git/SHORT9AFDAE3804CA304DDF0889A0CB0F56104A86TSTEXC/short9afdae3804ca304ddf0889a0cb0f56104a86tstexc-tests.git, solutionRepositoryUri=null, auxiliaryRepositoryUris=[Ljava.lang.String;@3c1d9a33, auxiliaryRepositoryCheckoutDirectories=[Ljava.lang.String;@458bd1d2], jobTimingInfo=JobTimingInfo[submissionDate=2025-02-14T23:45:11.674556681Z[Etc/UTC], buildStartDate=2025-02-14T23:45:11.677776879Z[Etc/UTC], buildCompletionDate=2025-02-14T23:45:11.688097378Z[Etc/UTC], estimatedCompletionDate=2025-02-14T23:45:30.677771620Z[Etc/UTC], estimatedDuration=19], buildConfig=BuildConfig[buildScript=#!/bin/bash
cd /var/tmp/testing-dir
chmod +x ./gradlew
./gradlew clean test
, dockerImage=dummy-docker-image:latest, commitHashToBuild=a1099e378cffde441ef85f9b12577ca174b8e1e4, assignmentCommitHash=a1099e378cffde441ef85f9b12577ca174b8e1e4, testCommitHash=bd38d61c299ab11a1dea82a3ca5493fe04d97d47, branch=main, programmingLanguage=JAVA, projectType=PLAIN_GRADLE, scaEnabled=false, sequentialTestRunsEnabled=false, resultPaths=[/var/tmp/testing-dir/**/test-results/test/*.xml], timeoutSeconds=0, assignmentCheckoutPath=null, testCheckoutPath=null, solutionCheckoutPath=null, dockerRunConfig=null], submissionResult=ResultDTO[id=624, completionDate=2025-02-14T23:45:11.688214837Z[Etc/UTC], successful=false, score=0.0, rated=true, submission=SubmissionDTO[id=816, submitted=true, type=MANUAL, exampleSubmission=null, submissionDate=2025-02-14T23:45:11.656934Z, commitHash=a1099e378cffde441ef85f9b12577ca174b8e1e4, buildFailed=true, buildArtifact=false, participation=ParticipationDTO[id=1935, testRun=false, type=template, submissionCount=null, exercise=ParticipationExerciseDTO[id=2573, exerciseType=PROGRAMMING, type=programming, assessmentType=AUTOMATIC, dueDate=2025-02-16T23:45:10.996982Z, assessmentDueDate=null, maxPoints=42.0, course=CourseDTO[id=956, accuracyOfScores=1]]], submissionExerciseType=programming, isProcessing=false, buildStartDate=null, estimatedCompletionDate=null], participation=ParticipationDTO[id=1935, testRun=false, type=template, submissionCount=null, exercise=ParticipationExerciseDTO[id=2573, exerciseType=PROGRAMMING, type=programming, assessmentType=AUTOMATIC, dueDate=2025-02-16T23:45:10.996982Z, assessmentDueDate=null, maxPoints=42.0, course=CourseDTO[id=956, accuracyOfScores=1]]], feedbacks=[], assessmentType=AUTOMATIC, hasComplaint=null, exampleResult=null, testCaseCount=0, passedTestCaseCount=0, codeIssueCount=0]], BuildJobQueueItem[id=19341739576712112, name=SHORT9AFDAE3804CA304DDF0889A0CB0F56104A86TSTEXC-SOLUTION, buildAgent=BuildAgentDTO[name=artemis-build-agent-test, memberAddress=[127.0.0.1]:5703, displayName=artemis-build-agent-test], participationId=1934, courseId=956, exerciseId=2573, retryCount=0, priority=2, status=FAILED, repositoryInfo=RepositoryInfo[repositoryName=short9afdae3804ca304ddf0889a0cb0f56104a86tstexc-solution, repositoryType=solution, triggeredByPushTo=solution, assignmentRepositoryUri=http://localhost:49152/git/SHORT9AFDAE3804CA304DDF0889A0CB0F56104A86TSTEXC/short9afdae3804ca304ddf0889a0cb0f56104a86tstexc-solution.git, testRepositoryUri=http://localhost:49152/git/SHORT9AFDAE3804CA304DDF0889A0CB0F56104A86TSTEXC/short9afdae3804ca304ddf0889a0cb0f56104a86tstexc-tests.git, solutionRepositoryUri=null, auxiliaryRepositoryUris=[Ljava.lang.String;@5f88e129, auxiliaryRepositoryCheckoutDirectories=[Ljava.lang.String;@5b613f5], jobTimingInfo=JobTimingInfo[submissionDate=2025-02-14T23:45:12.112332872Z[Etc/UTC], buildStartDate=2025-02-14T23:45:12.121617114Z[Etc/UTC], buildCompletionDate=2025-02-14T23:45:12.127931701Z[Etc/UTC], estimatedCompletionDate=2025-02-14T23:45:31.121609600Z[Etc/UTC], estimatedDuration=19], buildConfig=BuildConfig[buildScript=#!/bin/bash
cd /var/tmp/testing-dir
chmod +x ./gradlew
./gradlew clean test
, dockerImage=dummy-docker-image:latest, commitHashToBuild=a1099e378cffde441ef85f9b12577ca174b8e1e4, assignmentCommitHash=a1099e378cffde441ef85f9b12577ca174b8e1e4, testCommitHash=bd38d61c299ab11a1dea82a3ca5493fe04d97d47, branch=main, programmingLanguage=JAVA, projectType=PLAIN_GRADLE, scaEnabled=false, sequentialTestRunsEnabled=false, resultPaths=[/var/tmp/testing-dir/**/test-results/test/*.xml], timeoutSeconds=0, assignmentCheckoutPath=null, testCheckoutPath=null, solutionCheckoutPath=null, dockerRunConfig=null], submissionResult=ResultDTO[id=625, completionDate=2025-02-14T23:45:12.128011800Z[Etc/UTC], successful=false, score=0.0, rated=true, submission=SubmissionDTO[id=817, submitted=true, type=MANUAL, exampleSubmission=null, submissionDate=2025-02-14T23:45:12.098737Z, commitHash=a1099e378cffde441ef85f9b12577ca174b8e1e4, buildFailed=true, buildArtifact=false, participation=ParticipationDTO[id=1934, testRun=false, type=solution, submissionCount=null, exercise=ParticipationExerciseDTO[id=2573, exerciseType=PROGRAMMING, type=programming, assessmentType=AUTOMATIC, dueDate=2025-02-16T23:45:10.996982Z, assessmentDueDate=null, maxPoints=42.0, course=CourseDTO[id=956, accuracyOfScores=1]]], submissionExerciseType=programming, isProcessing=false, buildStartDate=null, estimatedCompletionDate=null], participation=ParticipationDTO[id=1934, testRun=false, type=solution, submissionCount=null, exercise=ParticipationExerciseDTO[id=2573, exerciseType=PROGRAMMING, type=programming, assessmentType=AUTOMATIC, dueDate=2025-02-16T23:45:10.996982Z, assessmentDueDate=null, maxPoints=42.0, course=CourseDTO[id=956, accuracyOfScores=1]]], feedbacks=[], assessmentType=AUTOMATIC, hasComplaint=null, exampleResult=null, testCaseCount=0, passedTestCaseCount=0, codeIssueCount=0]], BuildJobQueueItem[id=19341739576713025, name=SHORT9AFDAE3804CA304DDF0889A0CB0F56104A86TSTEXC-SOLUTION, buildAgent=BuildAgentDTO[name=artemis-build-agent-test, memberAddress=[127.0.0.1]:5703, displayName=artemis-build-agent-test], participationId=1934, courseId=956, exerciseId=2573, retryCount=0, priority=2, status=FAILED, repositoryInfo=RepositoryInfo[repositoryName=short9afdae3804ca304ddf0889a0cb0f56104a86tstexc-solution, repositoryType=solution, triggeredByPushTo=tests, assignmentRepositoryUri=http://localhost:49152/git/SHORT9AFDAE3804CA304DDF0889A0CB0F56104A86TSTEXC/short9afdae3804ca304ddf0889a0cb0f56104a86tstexc-solution.git, testRepositoryUri=http://localhost:49152/git/SHORT9AFDAE3804CA304DDF0889A0CB0F56104A86TSTEXC/short9afdae3804ca304ddf0889a0cb0f56104a86tstexc-tests.git, solutionRepositoryUri=null, auxiliaryRepositoryUris=[Ljava.lang.String;@55aadd72, auxiliaryRepositoryCheckoutDirectories=[Ljava.lang.String;@4eb48354], jobTimingInfo=JobTimingInfo[submissionDate=2025-02-14T23:45:13.025319671Z[Etc/UTC], buildStartDate=2025-02-14T23:45:13.040293146Z[Etc/UTC], buildCompletionDate=2025-02-14T23:45:13.053032917Z[Etc/UTC], estimatedCompletionDate=2025-02-14T23:45:32.040285703Z[Etc/UTC], estimatedDuration=19], buildConfig=BuildConfig[buildScript=#!/bin/bash
cd /var/tmp/testing-dir
chmod +x ./gradlew
./gradlew clean test
, dockerImage=dummy-docker-image:latest, commitHashToBuild=784f8f0049d2a1a54f21c67dd772bea86715267a, assignmentCommitHash=a1099e378cffde441ef85f9b12577ca174b8e1e4, testCommitHash=784f8f0049d2a1a54f21c67dd772bea86715267a, branch=main, programmingLanguage=JAVA, projectType=PLAIN_GRADLE, scaEnabled=false, sequentialTestRunsEnabled=false, resultPaths=[/var/tmp/testing-dir/**/test-results/test/*.xml], timeoutSeconds=0, assignmentCheckoutPath=null, testCheckoutPath=null, solutionCheckoutPath=null, dockerRunConfig=null], submissionResult=ResultDTO[id=626, completionDate=2025-02-14T23:45:13.053131811Z[Etc/UTC], successful=false, score=0.0, rated=true, submission=SubmissionDTO[id=818, submitted=true, type=TEST, exampleSubmission=null, submissionDate=2025-02-14T23:45:13.005779Z, commitHash=784f8f0049d2a1a54f21c67dd772bea86715267a, buildFailed=true, buildArtifact=false, participation=ParticipationDTO[id=1934, testRun=false, type=solution, submissionCount=null, exercise=ParticipationExerciseDTO[id=2573, exerciseType=PROGRAMMING, type=programming, assessmentType=AUTOMATIC, dueDate=2025-02-16T23:45:10.996982Z, assessmentDueDate=null, maxPoints=42.0, course=CourseDTO[id=956, accuracyOfScores=1]]], submissionExerciseType=programming, isProcessing=false, buildStartDate=null, estimatedCompletionDate=null], participation=ParticipationDTO[id=1934, testRun=false, type=solution, submissionCount=null, exercise=ParticipationExerciseDTO[id=2573, exerciseType=PROGRAMMING, type=programming, assessmentType=AUTOMATIC, dueDate=2025-02-16T23:45:10.996982Z, assessmentDueDate=null, maxPoints=42.0, course=CourseDTO[id=956, accuracyOfScores=1]]], feedbacks=[], assessmentType=AUTOMATIC, hasComplaint=null, exampleResult=null, testCaseCount=0, passedTestCaseCount=0, codeIssueCount=0]], BuildJobQueueItem[id=19581739576715555, name=SHORTC1A3F9FC03D2304B4308FA20AF16D54AAA49TSTEXC-LOCALVCSSHINTSTUDENT1, buildAgent=BuildAgentDTO[name=artemis-build-agent-test, memberAddress=[127.0.0.1]:5703, displayName=artemis-build-agent-test], participationId=1958, courseId=965, exerciseId=2582, retryCount=0, priority=2, status=FAILED, repositoryInfo=RepositoryInfo[repositoryName=shortc1a3f9fc03d2304b4308fa20af16d54aaa49tstexc-localvcsshintstudent1, repositoryType=user, triggeredByPushTo=user, assignmentRepositoryUri=http://localhost:49152/git/SHORTC1A3F9FC03D2304B4308FA20AF16D54AAA49TSTEXC/shortc1a3f9fc03d2304b4308fa20af16d54aaa49tstexc-localvcsshintstudent1.git, testRepositoryUri=http://localhost:49152/git/SHORTC1A3F9FC03D2304B4308FA20AF16D54AAA49TSTEXC/shortc1a3f9fc03d2304b4308fa20af16d54aaa49tstexc-tests.git, solutionRepositoryUri=null, auxiliaryRepositoryUris=[Ljava.lang.String;@56adb202, auxiliaryRepositoryCheckoutDirectories=[Ljava.lang.String;@63312a99], jobTimingInfo=JobTimingInfo[submissionDate=2025-02-14T23:45:15.555989584Z[Etc/UTC], buildStartDate=2025-02-14T23:45:15.568477627Z[Etc/UTC], buildCompletionDate=2025-02-14T23:45:15.579021148Z[Etc/UTC], estimatedCompletionDate=2025-02-14T23:45:34.568443924Z[Etc/UTC], estimatedDuration=19], buildConfig=BuildConfig[buildScript=#!/bin/bash
cd /var/tmp/testing-dir
chmod +x ./gradlew
./gradlew clean test
, dockerImage=dummy-docker-image:latest, commitHashToBuild=ca76dac20e040e6609db02fd7fedd56bf58829d7, assignmentCommitHash=ca76dac20e040e6609db02fd7fedd56bf58829d7, testCommitHash=bd0d58c226dc63bfa4bc9052870589952c0a1f83, branch=main, programmingLanguage=JAVA, projectType=PLAIN_GRADLE, scaEnabled=false, sequentialTestRunsEnabled=false, resultPaths=[/var/tmp/testing-dir/**/test-results/test/*.xml], timeoutSeconds=0, assignmentCheckoutPath=null, testCheckoutPath=null, solutionCheckoutPath=null, dockerRunConfig=null], submissionResult=ResultDTO[id=627, completionDate=2025-02-14T23:45:15.579119131Z[Etc/UTC], successful=false, score=0.0, rated=true, submission=SubmissionDTO[id=820, submitted=true, type=MANUAL, exampleSubmission=null, submissionDate=2025-02-14T23:45:15.548349Z, commitHash=ca76dac20e040e6609db02fd7fedd56bf58829d7, buildFailed=true, buildArtifact=false, participation=ParticipationDTO[id=1958, testRun=false, type=programming, submissionCount=null, exercise=ParticipationExerciseDTO[id=2582, exerciseType=PROGRAMMING, type=programming, assessmentType=AUTOMATIC, dueDate=2025-02-16T23:45:15.103512Z, assessmentDueDate=null, maxPoints=42.0, course=CourseDTO[id=965, accuracyOfScores=1]]], submissionExerciseType=programming, isProcessing=false, buildStartDate=null, estimatedCompletionDate=null], participation=ParticipationDTO[id=1958, testRun=false, type=programming, submissionCount=null, exercise=ParticipationExerciseDTO[id=2582, exerciseType=PROGRAMMING, type=programming, assessmentType=AUTOMATIC, dueDate=2025-02-16T23:45:15.103512Z, assessmentDueDate=null, maxPoints=42.0, course=CourseDTO[id=965, accuracyOfScores=1]]], feedbacks=[], assessmentType=AUTOMATIC, hasComplaint=null, exampleResult=null, testCaseCount=0, passedTestCaseCount=0, codeIssueCount=0]], BuildJobQueueItem[id=19801739576719393, name=SHORTB2A6C58B0D447045380A858075B170A5B7C6TSTEXC-LOCALVCSSHINTSTUDENT1, buildAgent=BuildAgentDTO[name=artemis-build-agent-test, memberAddress=[127.0.0.1]:5703, displayName=artemis-build-agent-test], participationId=1980, courseId=974, exerciseId=2591, retryCount=0, priority=2, status=FAILED, repositoryInfo=RepositoryInfo[repositoryName=shortb2a6c58b0d447045380a858075b170a5b7c6tstexc-localvcsshintstudent1, repositoryType=user, triggeredByPushTo=user, assignmentRepositoryUri=http://localhost:49152/git/SHORTB2A6C58B0D447045380A858075B170A5B7C6TSTEXC/shortb2a6c58b0d447045380a858075b170a5b7c6tstexc-localvcsshintstudent1.git, testRepositoryUri=http://localhost:49152/git/SHORTB2A6C58B0D447045380A858075B170A5B7C6TSTEXC/shortb2a6c58b0d447045380a858075b170a5b7c6tstexc-tests.git, solutionRepositoryUri=null, auxiliaryRepositoryUris=[Ljava.lang.String;@60f33ac0, auxiliaryRepositoryCheckoutDirectories=[Ljava.lang.String;@a37bba9], jobTimingInfo=JobTimingInfo[submissionDate=2025-02-14T23:45:19.393259829Z[Etc/UTC], buildStartDate=2025-02-14T23:45:19.405438171Z[Etc/UTC], buildCompletionDate=2025-02-14T23:45:19.414070673Z[Etc/UTC], estimatedCompletionDate=2025-02-14T23:45:38.405431569Z[Etc/UTC], estimatedDuration=19], buildConfig=BuildConfig[buildScript=#!/bin/bash
cd /var/tmp/testing-dir
chmod +x ./gradlew
./gradlew clean test
, dockerImage=dummy-docker-image:latest, commitHashToBuild=363cdbf709a9fff149f813ab848ee800a675cc77, assignmentCommitHash=363cdbf709a9fff149f813ab848ee800a675cc77, testCommitHash=a5e046ece417b2e538f21f816e2524dab61e0d10, branch=main, programmingLanguage=JAVA, projectType=PLAIN_GRADLE, scaEnabled=false, sequentialTestRunsEnabled=false, resultPaths=[/var/tmp/testing-dir/**/test-results/test/*.xml], timeoutSeconds=0, assignmentCheckoutPath=null, testCheckoutPath=null, solutionCheckoutPath=null, dockerRunConfig=null], submissionResult=ResultDTO[id=628, completionDate=2025-02-14T23:45:19.414171040Z[Etc/UTC], successful=false, score=0.0, rated=true, submission=SubmissionDTO[id=821, submitted=true, type=MANUAL, exampleSubmission=null, submissionDate=2025-02-14T23:45:19.376840Z, commitHash=363cdbf709a9fff149f813ab848ee800a675cc77, buildFailed=true, buildArtifact=false, participation=ParticipationDTO[id=1980, testRun=false, type=programming, submissionCount=null, exercise=ParticipationExerciseDTO[id=2591, exerciseType=PROGRAMMING, type=programming, assessmentType=AUTOMATIC, dueDate=2025-02-16T23:45:18.950569Z, assessmentDueDate=null, maxPoints=42.0, course=CourseDTO[id=974, accuracyOfScores=1]]], submissionExerciseType=programming, isProcessing=false, buildStartDate=null, estimatedCompletionDate=null], participation=ParticipationDTO[id=1980, testRun=false, type=programming, submissionCount=null, exercise=ParticipationExerciseDTO[id=2591, exerciseType=PROGRAMMING, type=programming, assessmentType=AUTOMATIC, dueDate=2025-02-16T23:45:18.950569Z, assessmentDueDate=null, maxPoints=42.0, course=CourseDTO[id=974, accuracyOfScores=1]]], feedbacks=[], assessmentType=AUTOMATIC, hasComplaint=null, exampleResult=null, testCaseCount=0, passedTestCaseCount=0, codeIssueCount=0]], BuildJobQueueItem[id=19791739576719787, name=SHORTB2A6C58B0D447045380A858075B170A5B7C6TSTEXC-BASE, buildAgent=BuildAgentDTO[name=artemis-build-agent-test, memberAddress=[127.0.0.1]:5703, displayName=artemis-build-agent-test], participationId=1979, courseId=974, exerciseId=2591, retryCount=0, priority=2, status=FAILED, repositoryInfo=RepositoryInfo[repositoryName=shortb2a6c58b0d447045380a858075b170a5b7c6tstexc-exercise, repositoryType=exercise, triggeredByPushTo=exercise, assignmentRepositoryUri=http://localhost:49152/git/SHORTB2A6C58B0D447045380A858075B170A5B7C6TSTEXC/shortb2a6c58b0d447045380a858075b170a5b7c6tstexc-exercise.git, testRepositoryUri=http://localhost:49152/git/SHORTB2A6C58B0D447045380A858075B170A5B7C6TSTEXC/shortb2a6c58b0d447045380a858075b170a5b7c6tstexc-tests.git, solutionRepositoryUri=null, auxiliaryRepositoryUris=[Ljava.lang.String;@3131254f, auxiliaryRepositoryCheckoutDirectories=[Ljava.lang.String;@5b3ea412], jobTimingInfo=JobTimingInfo[submissionDate=2025-02-14T23:45:19.787985058Z[Etc/UTC], buildStartDate=2025-02-14T23:45:19.796327417Z[Etc/UTC], buildCompletionDate=2025-02-14T23:45:19.799750982Z[Etc/UTC], estimatedCompletionDate=2025-02-14T23:45:38.796319082Z[Etc/UTC], estimatedDuration=19], buildConfig=BuildConfig[buildScript=#!/bin/bash
cd /var/tmp/testing-dir
chmod +x ./gradlew
./gradlew clean test
, dockerImage=dummy-docker-image:latest, commitHashToBuild=363cdbf709a9fff149f813ab848ee800a675cc77, assignmentCommitHash=363cdbf709a9fff149f813ab848ee800a675cc77, testCommitHash=a5e046ece417b2e538f21f816e2524dab61e0d10, branch=main, programmingLanguage=JAVA, projectType=PLAIN_GRADLE, scaEnabled=false, sequentialTestRunsEnabled=false, resultPaths=[/var/tmp/testing-dir/**/test-results/test/*.xml], timeoutSeconds=0, assignmentCheckoutPath=null, testCheckoutPath=null, solutionCheckoutPath=null, dockerRunConfig=null], submissionResult=ResultDTO[id=629, completionDate=2025-02-14T23:45:19.799820341Z[Etc/UTC], successful=false, score=0.0, rated=true, submission=SubmissionDTO[id=822, submitted=true, type=MANUAL, exampleSubmission=null, submissionDate=2025-02-14T23:45:19.775952Z, commitHash=363cdbf709a9fff149f813ab848ee800a675cc77, buildFailed=true, buildArtifact=false, participation=ParticipationDTO[id=1979, testRun=false, type=template, submissionCount=null, exercise=ParticipationExerciseDTO[id=2591, exerciseType=PROGRAMMING, type=programming, assessmentType=AUTOMATIC, dueDate=2025-02-16T23:45:18.950569Z, assessmentDueDate=null, maxPoints=42.0, course=CourseDTO[id=974, accuracyOfScores=1]]], submissionExerciseType=programming, isProcessing=false, buildStartDate=null, estimatedCompletionDate=null], participation=ParticipationDTO[id=1979, testRun=false, type=template, submissionCount=null, exercise=ParticipationExerciseDTO[id=2591, exerciseType=PROGRAMMING, type=programming, assessmentType=AUTOMATIC, dueDate=2025-02-16T23:45:18.950569Z, assessmentDueDate=null, maxPoints=42.0, course=CourseDTO[id=974, accuracyOfScores=1]]], feedbacks=[], assessmentType=AUTOMATIC, hasComplaint=null, exampleResult=null, testCaseCount=0, passedTestCaseCount=0, codeIssueCount=0]], BuildJobQueueItem[id=19781739576720235, name=SHORTB2A6C58B0D447045380A858075B170A5B7C6TSTEXC-SOLUTION, buildAgent=BuildAgentDTO[name=artemis-build-agent-test, memberAddress=[127.0.0.1]:5703, displayName=artemis-build-agent-test], participationId=1978, courseId=974, exerciseId=2591, retryCount=0, priority=2, status=FAILED, repositoryInfo=RepositoryInfo[repositoryName=shortb2a6c58b0d447045380a858075b170a5b7c6tstexc-solution, repositoryType=solution, triggeredByPushTo=solution, assignmentRepositoryUri=http://localhost:49152/git/SHORTB2A6C58B0D447045380A858075B170A5B7C6TSTEXC/shortb2a6c58b0d447045380a858075b170a5b7c6tstexc-solution.git, testRepositoryUri=http://localhost:49152/git/SHORTB2A6C58B0D447045380A858075B170A5B7C6TSTEXC/shortb2a6c58b0d447045380a858075b170a5b7c6tstexc-tests.git, solutionRepositoryUri=null, auxiliaryRepositoryUris=[Ljava.lang.String;@22e2b08f, auxiliaryRepositoryCheckoutDirectories=[Ljava.lang.String;@15bfbd89], jobTimingInfo=JobTimingInfo[submissionDate=2025-02-14T23:45:20.235272325Z[Etc/UTC], buildStartDate=2025-02-14T23:45:20.243033812Z[Etc/UTC], buildCompletionDate=2025-02-14T23:45:20.250721018Z[Etc/UTC], estimatedCompletionDate=2025-02-14T23:45:39.243026949Z[Etc/UTC], estimatedDuration=19], buildConfig=BuildConfig[buildScript=#!/bin/bash
cd /var/tmp/testing-dir
chmod +x ./gradlew
./gradlew clean test
, dockerImage=dummy-docker-image:latest, commitHashToBuild=c710d0e68c9c7db8cda7d1a278308de2b9642cc0, assignmentCommitHash=c710d0e68c9c7db8cda7d1a278308de2b9642cc0, testCommitHash=a5e046ece417b2e538f21f816e2524dab61e0d10, branch=main, programmingLanguage=JAVA, projectType=PLAIN_GRADLE, scaEnabled=false, sequentialTestRunsEnabled=false, resultPaths=[/var/tmp/testing-dir/**/test-results/test/*.xml], timeoutSeconds=0, assignmentCheckoutPath=null, testCheckoutPath=null, solutionCheckoutPath=null, dockerRunConfig=null], submissionResult=ResultDTO[id=630, completionDate=2025-02-14T23:45:20.250809893Z[Etc/UTC], successful=false, score=0.0, rated=true, submission=SubmissionDTO[id=823, submitted=true, type=MANUAL, exampleSubmission=null, submissionDate=2025-02-14T23:45:20.211707Z, commitHash=c710d0e68c9c7db8cda7d1a278308de2b9642cc0, buildFailed=true, buildArtifact=false, participation=ParticipationDTO[id=1978, testRun=false, type=solution, submissionCount=null, exercise=ParticipationExerciseDTO[id=2591, exerciseType=PROGRAMMING, type=programming, assessmentType=AUTOMATIC, dueDate=2025-02-16T23:45:18.950569Z, assessmentDueDate=null, maxPoints=42.0, course=CourseDTO[id=974, accuracyOfScores=1]]], submissionExerciseType=programming, isProcessing=false, buildStartDate=null, estimatedCompletionDate=null], participation=ParticipationDTO[id=1978, testRun=false, type=solution, submissionCount=null, exercise=ParticipationExerciseDTO[id=2591, exerciseType=PROGRAMMING, type=programming, assessmentType=AUTOMATIC, dueDate=2025-02-16T23:45:18.950569Z, assessmentDueDate=null, maxPoints=42.0, course=CourseDTO[id=974, accuracyOfScores=1]]], feedbacks=[], assessmentType=AUTOMATIC, hasComplaint=null, exampleResult=null, testCaseCount=0, passedTestCaseCount=0, codeIssueCount=0]], BuildJobQueueItem[id=19781739576720802, name=SHORTB2A6C58B0D447045380A858075B170A5B7C6TSTEXC-SOLUTION, buildAgent=BuildAgentDTO[name=artemis-build-agent-test, memberAddress=[127.0.0.1]:5703, displayName=artemis-build-agent-test], participationId=1978, courseId=974, exerciseId=2591, retryCount=0, priority=2, status=FAILED, repositoryInfo=RepositoryInfo[repositoryName=shortb2a6c58b0d447045380a858075b170a5b7c6tstexc-solution, repositoryType=solution, triggeredByPushTo=tests, assignmentRepositoryUri=http://localhost:49152/git/SHORTB2A6C58B0D447045380A858075B170A5B7C6TSTEXC/shortb2a6c58b0d447045380a858075b170a5b7c6tstexc-solution.git, testRepositoryUri=http://localhost:49152/git/SHORTB2A6C58B0D447045380A858075B170A5B7C6TSTEXC/shortb2a6c58b0d447045380a858075b170a5b7c6tstexc-tests.git, solutionRepositoryUri=null, auxiliaryRepositoryUris=[Ljava.lang.String;@2d1cf92c, auxiliaryRepositoryCheckoutDirectories=[Ljava.lang.String;@3acc6a9], jobTimingInfo=JobTimingInfo[submissionDate=2025-02-14T23:45:20.802935026Z[Etc/UTC], buildStartDate=2025-02-14T23:45:20.809306435Z[Etc/UTC], buildCompletionDate=2025-02-14T23:45:20.822452342Z[Etc/UTC], estimatedCompletionDate=2025-02-14T23:45:39.809298491Z[Etc/UTC], estimatedDuration=19], buildConfig=BuildConfig[buildScript=#!/bin/bash
cd /var/tmp/testing-dir
chmod +x ./gradlew
./gradlew clean test
, dockerImage=dummy-docker-image:latest, commitHashToBuild=c710d0e68c9c7db8cda7d1a278308de2b9642cc0, assignmentCommitHash=c710d0e68c9c7db8cda7d1a278308de2b9642cc0, testCommitHash=c710d0e68c9c7db8cda7d1a278308de2b9642cc0, branch=main, programmingLanguage=JAVA, projectType=PLAIN_GRADLE, scaEnabled=false, sequentialTestRunsEnabled=false, resultPaths=[/var/tmp/testing-dir/**/test-results/test/*.xml], timeoutSeconds=0, assignmentCheckoutPath=null, testCheckoutPath=null, solutionCheckoutPath=null, dockerRunConfig=null], submissionResult=ResultDTO[id=631, completionDate=2025-02-14T23:45:20.822527362Z[Etc/UTC], successful=false, score=0.0, rated=true, submission=SubmissionDTO[id=824, submitted=true, type=TEST, exampleSubmission=null, submissionDate=2025-02-14T23:45:20.791240Z, commitHash=c710d0e68c9c7db8cda7d1a278308de2b9642cc0, buildFailed=true, buildArtifact=false, participation=ParticipationDTO[id=1978, testRun=false, type=solution, submissionCount=null, exercise=ParticipationExerciseDTO[id=2591, exerciseType=PROGRAMMING, type=programming, assessmentType=AUTOMATIC, dueDate=2025-02-16T23:45:18.950569Z, assessmentDueDate=null, maxPoints=42.0, course=CourseDTO[id=974, accuracyOfScores=1]]], submissionExerciseType=programming, isProcessing=false, buildStartDate=null, estimatedCompletionDate=null], participation=ParticipationDTO[id=1978, testRun=false, type=solution, submissionCount=null, exercise=ParticipationExerciseDTO[id=2591, exerciseType=PROGRAMMING, type=programming, assessmentType=AUTOMATIC, dueDate=2025-02-16T23:45:18.950569Z, assessmentDueDate=null, maxPoints=42.0, course=CourseDTO[id=974, accuracyOfScores=1]]], feedbacks=[], assessmentType=AUTOMATIC, hasComplaint=null, exampleResult=null, testCaseCount=0, passedTestCaseCount=0, codeIssueCount=0]], BuildJobQueueItem[id=20061739576732554, name=SHORT94A899E303D7504C5D0840704DAAFA3DFF4DTSTEXC-LOCALVCCIINTINSTRUCTOR1, buildAgent=BuildAgentDTO[name=artemis-build-agent-test, memberAddress=[127.0.0.1]:5703, displayName=artemis-build-agent-test], participationId=2006, courseId=984, exerciseId=2601, retryCount=0, priority=2, status=SUCCESSFUL, repositoryInfo=RepositoryInfo[repositoryName=short94a899e303d7504c5d0840704daafa3dff4dtstexc-localvcciintinstructor1, repositoryType=user, triggeredByPushTo=user, assignmentRepositoryUri=http://localhost:49152/git/SHORT94A899E303D7504C5D0840704DAAFA3DFF4DTSTEXC/short94a899e303d7504c5d0840704daafa3dff4dtstexc-localvcciintinstructor1.git, testRepositoryUri=http://localhost:49152/git/SHORT94A899E303D7504C5D0840704DAAFA3DFF4DTSTEXC/short94a899e303d7504c5d0840704daafa3dff4dtstexc-tests.git, solutionRepositoryUri=null, auxiliaryRepositoryUris=[Ljava.lang.String;@347d689b, auxiliaryRepositoryCheckoutDirectories=[Ljava.lang.String;@5cc6d868], jobTimingInfo=JobTimingInfo[submissionDate=2025-02-14T23:45:32.554795798Z[Etc/UTC], buildStartDate=2025-02-14T23:45:32.567287465Z[Etc/UTC], buildCompletionDate=2025-02-14T23:45:34.535226768Z[Etc/UTC], estimatedCompletionDate=2025-02-14T23:45:51.567257960Z[Etc/UTC], estimatedDuration=19], buildConfig=BuildConfig[buildScript=#!/bin/bash
cd /var/tmp/testing-dir
chmod +x ./gradlew
./gradlew clean test
, dockerImage=dummy-docker-image:latest, commitHashToBuild=ca2dbc0ae87edf7035058a6a17c0ea60e90a290f, assignmentCommitHash=ca2dbc0ae87edf7035058a6a17c0ea60e90a290f, testCommitHash=0207f6f98af5fbb66ad68455f3fc3cf128af8ae9, branch=main, programmingLanguage=JAVA, projectType=PLAIN_GRADLE, scaEnabled=false, sequentialTestRunsEnabled=false, resultPaths=[/var/tmp/testing-dir/**/test-results/test/*.xml], timeoutSeconds=0, assignmentCheckoutPath=null, testCheckoutPath=null, solutionCheckoutPath=null, dockerRunConfig=null], submissionResult=ResultDTO[id=632, completionDate=2025-02-14T23:45:34.504415716Z[Etc/UTC], successful=false, score=7.7, rated=false, submission=SubmissionDTO[id=826, submitted=true, type=MANUAL, exampleSubmission=null, submissionDate=2025-02-14T23:45:32.541533Z, commitHash=ca2dbc0ae87edf7035058a6a17c0ea60e90a290f, buildFailed=false, buildArtifact=false, participation=ParticipationDTO[id=2006, testRun=true, type=programming, submissionCount=null, exercise=ParticipationExerciseDTO[id=2601, exerciseType=PROGRAMMING, type=programming, assessmentType=AUTOMATIC, dueDate=2025-02-16T23:45:31.864042Z, assessmentDueDate=null, maxPoints=42.0, course=CourseDTO[id=984, accuracyOfScores=1]]], submissionExerciseType=programming, isProcessing=false, buildStartDate=null, estimatedCompletionDate=null], participation=ParticipationDTO[id=2006, testRun=true, type=programming, submissionCount=null, exercise=ParticipationExerciseDTO[id=2601, exerciseType=PROGRAMMING, type=programming, assessmentType=AUTOMATIC, dueDate=2025-02-16T23:45:31.864042Z, assessmentDueDate=null, maxPoints=42.0, course=CourseDTO[id=984, accuracyOfScores=1]]], feedbacks=[FeedbackDTO[id=920, text=null, detailText=The exercise expects a class with the name Context in the package testpackage. You did not implement the class in the exercise., hasLongFeedbackText=false, reference=null, credits=0.0, positive=false, type=AUTOMATIC, visibility=ALWAYS, testCase=TestCaseDTO[testName=null, id=1357]], FeedbackDTO[id=921, text=null, detailText=The exercise expects a class with the name Policy in the package testpackage. You did not implement the class in the exercise., hasLongFeedbackText=false, reference=null, credits=0.0, positive=false, type=AUTOMATIC, visibility=ALWAYS, testCase=TestCaseDTO[testName=null, id=1358]], FeedbackDTO[id=922, text=null, detailText=The exercise expects a class with the name SortStrategy in the package testpackage. You did not implement the class in the exercise., hasLongFeedbackText=false, reference=null, credits=0.0, positive=false, type=AUTOMATIC, visibility=ALWAYS, testCase=TestCaseDTO[testName=null, id=1359]], FeedbackDTO[id=923, text=null, detailText=The class 'MergeSort' does not implement the interface 'SortStrategy' as expected. Implement the interface and its methods., hasLongFeedbackText=false, reference=null, credits=0.0, positive=false, type=AUTOMATIC, visibility=ALWAYS, testCase=TestCaseDTO[testName=null, id=1354]], FeedbackDTO[id=924, text=null, detailText=The exercise expects a class with the name SortStrategy in the package testpackage. You did not implement the class in the exercise., hasLongFeedbackText=false, reference=null, credits=0.0, positive=false, type=AUTOMATIC, visibility=ALWAYS, testCase=TestCaseDTO[testName=null, id=1351]], FeedbackDTO[id=925, text=null, detailText=The class 'BubbleSort' does not implement the interface 'SortStrategy' as expected. Implement the interface and its methods., hasLongFeedbackText=false, reference=null, credits=0.0, positive=false, type=AUTOMATIC, visibility=ALWAYS, testCase=TestCaseDTO[testName=null, id=1355]], FeedbackDTO[id=926, text=null, detailText=MergeSort does not sort correctly, hasLongFeedbackText=false, reference=null, credits=0.0, positive=false, type=AUTOMATIC, visibility=ALWAYS, testCase=TestCaseDTO[testName=null, id=1360]], FeedbackDTO[id=927, text=null, detailText=The class 'Context' was not found within the submission. Make sure to implement it properly., hasLongFeedbackText=false, reference=null, credits=0.0, positive=false, type=AUTOMATIC, visibility=ALWAYS, testCase=TestCaseDTO[testName=null, id=1361]], FeedbackDTO[id=928, text=null, detailText=The class 'Context' was not found within the submission. Make sure to implement it properly., hasLongFeedbackText=false, reference=null, credits=0.0, positive=false, type=AUTOMATIC, visibility=ALWAYS, testCase=TestCaseDTO[testName=null, id=1362]], FeedbackDTO[id=929, text=null, detailText=The exercise expects a class with the name Policy in the package testpackage. You did not implement the class in the exercise., hasLongFeedbackText=false, reference=null, credits=0.0, positive=false, type=AUTOMATIC, visibility=ALWAYS, testCase=TestCaseDTO[testName=null, id=1356]], FeedbackDTO[id=930, text=null, detailText=The exercise expects a class with the name Context in the package testpackage. You did not implement the class in the exercise., hasLongFeedbackText=false, reference=null, credits=0.0, positive=false, type=AUTOMATIC, visibility=ALWAYS, testCase=TestCaseDTO[testName=null, id=1352]], FeedbackDTO[id=931, text=null, detailText=The exercise expects a class with the name Policy in the package testpackage. You did not implement the class in the exercise., hasLongFeedbackText=false, reference=null, credits=0.0, positive=false, type=AUTOMATIC, visibility=ALWAYS, testCase=TestCaseDTO[testName=null, id=1353]], FeedbackDTO[id=932, text=null, detailText=null, hasLongFeedbackText=false, reference=null, credits=3.230769230769231, positive=true, type=AUTOMATIC, visibility=ALWAYS, testCase=TestCaseDTO[testName=null, id=1363]]], assessmentType=AUTOMATIC, hasComplaint=null, exampleResult=null, testCaseCount=13, passedTestCaseCount=1, codeIssueCount=0]], BuildJobQueueItem[id=20111739576737317, name=SHORTD49A6DAE04F9E049850BD5601663FD17A5B7TSTEXC-BASE, buildAgent=BuildAgentDTO[name=artemis-build-agent-test, memberAddress=[127.0.0.1]:5703, displayName=artemis-build-agent-test], participationId=2011, courseId=986, exerciseId=2603, retryCount=0, priority=2, status=SUCCESSFUL, repositoryInfo=RepositoryInfo[repositoryName=shortd49a6dae04f9e049850bd5601663fd17a5b7tstexc-exercise, repositoryType=exercise, triggeredByPushTo=exercise, assignmentRepositoryUri=http://localhost:49152/git/SHORTD49A6DAE04F9E049850BD5601663FD17A5B7TSTEXC/shortd49a6dae04f9e049850bd5601663fd17a5b7tstexc-exercise.git, testRepositoryUri=http://localhost:49152/git/SHORTD49A6DAE04F9E049850BD5601663FD17A5B7TSTEXC/shortd49a6dae04f9e049850bd5601663fd17a5b7tstexc-tests.git, solutionRepositoryUri=null, auxiliaryRepositoryUris=[Ljava.lang.String;@16599f45, auxiliaryRepositoryCheckoutDirectories=[Ljava.lang.String;@73a58aa9], jobTimingInfo=JobTimingInfo[submissionDate=2025-02-14T23:45:37.317968648Z[Etc/UTC], buildStartDate=2025-02-14T23:45:37.324534774Z[Etc/UTC], buildCompletionDate=2025-02-14T23:45:38.527225461Z[Etc/UTC], estimatedCompletionDate=2025-02-14T23:45:56.324506331Z[Etc/UTC], estimatedDuration=19], buildConfig=BuildConfig[buildScript=#!/bin/bash
cd /var/tmp/testing-dir
chmod +x ./gradlew
./gradlew clean test
, dockerImage=dummy-docker-image:latest, commitHashToBuild=c795243c185829bbefa399f45dcbcfac22311b2f, assignmentCommitHash=c795243c185829bbefa399f45dcbcfac22311b2f, testCommitHash=fa8b162170bf767d852e05e0eb7a128efa2e1f34, branch=main, programmingLanguage=JAVA, projectType=PLAIN_GRADLE, scaEnabled=false, sequentialTestRunsEnabled=false, resultPaths=[/var/tmp/testing-dir/**/test-results/test/*.xml], timeoutSeconds=0, assignmentCheckoutPath=null, testCheckoutPath=null, solutionCheckoutPath=null, dockerRunConfig=null], submissionResult=ResultDTO[id=633, completionDate=2025-02-14T23:45:38.476795726Z[Etc/UTC], successful=false, score=0.0, rated=true, submission=SubmissionDTO[id=827, submitted=true, type=MANUAL, exampleSubmission=null, submissionDate=2025-02-14T23:45:37.303401Z, commitHash=c795243c185829bbefa399f45dcbcfac22311b2f, buildFailed=false, buildArtifact=false, participation=ParticipationDTO[id=2011, testRun=false, type=template, submissionCount=null, exercise=ParticipationExerciseDTO[id=2603, exerciseType=PROGRAMMING, type=programming, assessmentType=AUTOMATIC, dueDate=2025-02-16T23:45:36.830269Z, assessmentDueDate=null, maxPoints=42.0, course=CourseDTO[id=986, accuracyOfScores=1]]], submissionExerciseType=programming, isProcessing=false, buildStartDate=null, estimatedCompletionDate=null], participation=ParticipationDTO[id=2011, testRun=false, type=template, submissionCount=null, exercise=ParticipationExerciseDTO[id=2603, exerciseType=PROGRAMMING, type=programming, assessmentType=AUTOMATIC, dueDate=2025-02-16T23:45:36.830269Z, assessmentDueDate=null, maxPoints=42.0, course=CourseDTO[id=986, accuracyOfScores=1]]], feedbacks=[FeedbackDTO[id=933, text=null, detailText=The exercise expects a class with the name Context in the package testpackage. You did not implement the class in the exercise., hasLongFeedbackText=false, reference=null, credits=0.0, positive=false, type=AUTOMATIC, visibility=ALWAYS, testCase=TestCaseDTO[testName=testMethods[Context], id=1383]], FeedbackDTO[id=934, text=null, detailText=The exercise expects a class with the name Policy in the package testpackage. You did not implement the class in the exercise., hasLongFeedbackText=false, reference=null, credits=0.0, positive=false, type=AUTOMATIC, visibility=ALWAYS, testCase=TestCaseDTO[testName=testMethods[Policy], id=1384]], FeedbackDTO[id=935, text=null, detailText=The exercise expects a class with the name SortStrategy in the package testpackage. You did not implement the class in the exercise., hasLongFeedbackText=false, reference=null, credits=0.0, positive=false, type=AUTOMATIC, visibility=ALWAYS, testCase=TestCaseDTO[testName=testMethods[SortStrategy], id=1385]], FeedbackDTO[id=936, text=null, detailText=The class 'MergeSort' does not implement the interface 'SortStrategy' as expected. Implement the interface and its methods., hasLongFeedbackText=false, reference=null, credits=0.0, positive=false, type=AUTOMATIC, visibility=ALWAYS, testCase=TestCaseDTO[testName=testClass[MergeSort], id=1380]], FeedbackDTO[id=937, text=null, detailText=The exercise expects a class with the name SortStrategy in the package testpackage. You did not implement the class in the exercise., hasLongFeedbackText=false, reference=null, credits=0.0, positive=false, type=AUTOMATIC, visibility=ALWAYS, testCase=TestCaseDTO[testName=testClass[SortStrategy], id=1377]], FeedbackDTO[id=938, text=null, detailText=The class 'BubbleSort' does not implement the interface 'SortStrategy' as expected. Implement the interface and its methods., hasLongFeedbackText=false, reference=null, credits=0.0, positive=false, type=AUTOMATIC, visibility=ALWAYS, testCase=TestCaseDTO[testName=testClass[BubbleSort], id=1381]], FeedbackDTO[id=939, text=null, detailText=MergeSort does not sort correctly, hasLongFeedbackText=false, reference=null, credits=0.0, positive=false, type=AUTOMATIC, visibility=ALWAYS, testCase=TestCaseDTO[testName=testMergeSort(), id=1386]], FeedbackDTO[id=940, text=null, detailText=The class 'Context' was not found within the submission. Make sure to implement it properly., hasLongFeedbackText=false, reference=null, credits=0.0, positive=false, type=AUTOMATIC, visibility=ALWAYS, testCase=TestCaseDTO[testName=testUseBubbleSortForSmallList(), id=1387]], FeedbackDTO[id=941, text=null, detailText=BubbleSort does not sort correctly, hasLongFeedbackText=false, reference=null, credits=0.0, positive=false, type=AUTOMATIC, visibility=ALWAYS, testCase=TestCaseDTO[testName=testBubbleSort(), id=1389]], FeedbackDTO[id=942, text=null, detailText=The class 'Context' was not found within the submission. Make sure to implement it properly., hasLongFeedbackText=false, reference=null, credits=0.0, positive=false, type=AUTOMATIC, visibility=ALWAYS, testCase=TestCaseDTO[testName=testUseMergeSortForBigList(), id=1388]], FeedbackDTO[id=943, text=null, detailText=The exercise expects a class with the name Policy in the package testpackage. You did not implement the class in the exercise., hasLongFeedbackText=false, reference=null, credits=0.0, positive=false, type=AUTOMATIC, visibility=ALWAYS, testCase=TestCaseDTO[testName=testConstructors[Policy], id=1382]], FeedbackDTO[id=944, text=null, detailText=The exercise expects a class with the name Context in the package testpackage. You did not implement the class in the exercise., hasLongFeedbackText=false, reference=null, credits=0.0, positive=false, type=AUTOMATIC, visibility=ALWAYS, testCase=TestCaseDTO[testName=testAttributes[Context], id=1378]], FeedbackDTO[id=945, text=null, detailText=The exercise expects a class with the name Policy in the package testpackage. You did not implement the class in the exercise., hasLongFeedbackText=false, reference=null, credits=0.0, positive=false, type=AUTOMATIC, visibility=ALWAYS, testCase=TestCaseDTO[testName=testAttributes[Policy], id=1379]]], assessmentType=AUTOMATIC, hasComplaint=null, exampleResult=null, testCaseCount=13, passedTestCaseCount=0, codeIssueCount=0]], BuildJobQueueItem[id=20171739576740018, name=SHORT7914AFA00ADC3047140B99D01AC07810CE44TSTEXC-LOCALVCCIINTSTUDENT1, buildAgent=BuildAgentDTO[name=artemis-build-agent-test, memberAddress=[127.0.0.1]:5703, displayName=artemis-build-agent-test], participationId=2017, courseId=988, exerciseId=2605, retryCount=0, priority=2, status=SUCCESSFUL, repositoryInfo=RepositoryInfo[repositoryName=short7914afa00adc3047140b99d01ac07810ce44tstexc-practice-localvcciintstudent1, repositoryType=user, triggeredByPushTo=user, assignmentRepositoryUri=http://localhost:49152/git/SHORT7914AFA00ADC3047140B99D01AC07810CE44TSTEXC/short7914afa00adc3047140b99d01ac07810ce44tstexc-practice-localvcciintstudent1.git, testRepositoryUri=http://localhost:49152/git/SHORT7914AFA00ADC3047140B99D01AC07810CE44TSTEXC/short7914afa00adc3047140b99d01ac07810ce44tstexc-tests.git, solutionRepositoryUri=null, auxiliaryRepositoryUris=[Ljava.lang.String;@2cc30df6, auxiliaryRepositoryCheckoutDirectories=[Ljava.lang.String;@46ac959e], jobTimingInfo=JobTimingInfo[submissionDate=2025-02-14T23:45:40.018961253Z[Etc/UTC], buildStartDate=2025-02-14T23:45:40.029742701Z[Etc/UTC], buildCompletionDate=2025-02-14T23:45:41.150208242Z[Etc/UTC], estimatedCompletionDate=2025-02-14T23:45:59.029734065Z[Etc/UTC], estimatedDuration=19], buildConfig=BuildConfig[buildScript=#!/bin/bash
cd /var/tmp/testing-dir
chmod +x ./gradlew
./gradlew clean test
, dockerImage=dummy-docker-image:latest, commitHashToBuild=d80b57877989b971e83ccdb4863c8a7023c76266, assignmentCommitHash=d80b57877989b971e83ccdb4863c8a7023c76266, testCommitHash=327b116890c92b1312314341f43f21ef13ecf7d7, branch=main, programmingLanguage=JAVA, projectType=PLAIN_GRADLE, scaEnabled=false, sequentialTestRunsEnabled=false, resultPaths=[/var/tmp/testing-dir/**/test-results/test/*.xml], timeoutSeconds=0, assignmentCheckoutPath=null, testCheckoutPath=null, solutionCheckoutPath=null, dockerRunConfig=null], submissionResult=ResultDTO[id=634, completionDate=2025-02-14T23:45:41.120192603Z[Etc/UTC], successful=false, score=7.7, rated=false, submission=SubmissionDTO[id=828, submitted=true, type=MANUAL, exampleSubmission=null, submissionDate=2025-02-14T23:45:40.008666Z, commitHash=d80b57877989b971e83ccdb4863c8a7023c76266, buildFailed=false, buildArtifact=false, participation=ParticipationDTO[id=2017, testRun=true, type=programming, submissionCount=null, exercise=ParticipationExerciseDTO[id=2605, exerciseType=PROGRAMMING, type=programming, assessmentType=AUTOMATIC, dueDate=2025-02-16T23:45:39.523500Z, assessmentDueDate=null, maxPoints=42.0, course=CourseDTO[id=988, accuracyOfScores=1]]], submissionExerciseType=programming, isProcessing=false, buildStartDate=null, estimatedCompletionDate=null], participation=ParticipationDTO[id=2017, testRun=true, type=programming, submissionCount=null, exercise=ParticipationExerciseDTO[id=2605, exerciseType=PROGRAMMING, type=programming, assessmentType=AUTOMATIC, dueDate=2025-02-16T23:45:39.523500Z, assessmentDueDate=null, maxPoints=42.0, course=CourseDTO[id=988, accuracyOfScores=1]]], feedbacks=[FeedbackDTO[id=946, text=null, detailText=The exercise expects a class with the name Context in the package testpackage. You did not implement the class in the exercise., hasLongFeedbackText=false, reference=null, credits=0.0, positive=false, type=AUTOMATIC, visibility=ALWAYS, testCase=TestCaseDTO[testName=null, id=1409]], FeedbackDTO[id=947, text=null, detailText=The exercise expects a class with the name Policy in the package testpackage. You did not implement the class in the exercise., hasLongFeedbackText=false, reference=null, credits=0.0, positive=false, type=AUTOMATIC, visibility=ALWAYS, testCase=TestCaseDTO[testName=null, id=1410]], FeedbackDTO[id=948, text=null, detailText=The exercise expects a class with the name SortStrategy in the package testpackage. You did not implement the class in the exercise., hasLongFeedbackText=false, reference=null, credits=0.0, positive=false, type=AUTOMATIC, visibility=ALWAYS, testCase=TestCaseDTO[testName=null, id=1411]], FeedbackDTO[id=949, text=null, detailText=The class 'MergeSort' does not implement the interface 'SortStrategy' as expected. Implement the interface and its methods., hasLongFeedbackText=false, reference=null, credits=0.0, positive=false, type=AUTOMATIC, visibility=ALWAYS, testCase=TestCaseDTO[testName=null, id=1406]], FeedbackDTO[id=950, text=null, detailText=The exercise expects a class with the name SortStrategy in the package testpackage. You did not implement the class in the exercise., hasLongFeedbackText=false, reference=null, credits=0.0, positive=false, type=AUTOMATIC, visibility=ALWAYS, testCase=TestCaseDTO[testName=null, id=1403]], FeedbackDTO[id=951, text=null, detailText=The class 'BubbleSort' does not implement the interface 'SortStrategy' as expected. Implement the interface and its methods., hasLongFeedbackText=false, reference=null, credits=0.0, positive=false, type=AUTOMATIC, visibility=ALWAYS, testCase=TestCaseDTO[testName=null, id=1407]], FeedbackDTO[id=952, text=null, detailText=MergeSort does not sort correctly, hasLongFeedbackText=false, reference=null, credits=0.0, positive=false, type=AUTOMATIC, visibility=ALWAYS, testCase=TestCaseDTO[testName=null, id=1412]], FeedbackDTO[id=953, text=null, detailText=The class 'Context' was not found within the submission. Make sure to implement it properly., hasLongFeedbackText=false, reference=null, credits=0.0, positive=false, type=AUTOMATIC, visibility=ALWAYS, testCase=TestCaseDTO[testName=null, id=1413]], FeedbackDTO[id=954, text=null, detailText=The class 'Context' was not found within the submission. Make sure to implement it properly., hasLongFeedbackText=false, reference=null, credits=0.0, positive=false, type=AUTOMATIC, visibility=ALWAYS, testCase=TestCaseDTO[testName=null, id=1414]], FeedbackDTO[id=955, text=null, detailText=The exercise expects a class with the name Policy in the package testpackage. You did not implement the class in the exercise., hasLongFeedbackText=false, reference=null, credits=0.0, positive=false, type=AUTOMATIC, visibility=ALWAYS, testCase=TestCaseDTO[testName=null, id=1408]], FeedbackDTO[id=956, text=null, detailText=The exercise expects a class with the name Context in the package testpackage. You did not implement the class in the exercise., hasLongFeedbackText=false, reference=null, credits=0.0, positive=false, type=AUTOMATIC, visibility=ALWAYS, testCase=TestCaseDTO[testName=null, id=1404]], FeedbackDTO[id=957, text=null, detailText=The exercise expects a class with the name Policy in the package testpackage. You did not implement the class in the exercise., hasLongFeedbackText=false, reference=null, credits=0.0, positive=false, type=AUTOMATIC, visibility=ALWAYS, testCase=TestCaseDTO[testName=null, id=1405]], FeedbackDTO[id=958, text=null, detailText=null, hasLongFeedbackText=false, reference=null, credits=3.230769230769231, positive=true, type=AUTOMATIC, visibility=ALWAYS, testCase=TestCaseDTO[testName=null, id=1415]]], assessmentType=AUTOMATIC, hasComplaint=null, exampleResult=null, testCaseCount=13, passedTestCaseCount=1, codeIssueCount=0]], BuildJobQueueItem[id=20261739576743984, name=SHORT53C73BE505404043100AC2F00C039353CE8FTSTEXC-LOCALVCCIINTSTUDENT1, buildAgent=BuildAgentDTO[name=artemis-build-agent-test, memberAddress=[127.0.0.1]:5703, displayName=artemis-build-agent-test], participationId=2026, courseId=991, exerciseId=2608, retryCount=0, priority=1, status=SUCCESSFUL, repositoryInfo=RepositoryInfo[repositoryName=short53c73be505404043100ac2f00c039353ce8ftstexc-localvcciintstudent1, repositoryType=user, triggeredByPushTo=user, assignmentRepositoryUri=http://localhost:49152/git/SHORT53C73BE505404043100AC2F00C039353CE8FTSTEXC/short53c73be505404043100ac2f00c039353ce8ftstexc-localvcciintstudent1.git, testRepositoryUri=http://localhost:49152/git/SHORT53C73BE505404043100AC2F00C039353CE8FTSTEXC/short53c73be505404043100ac2f00c039353ce8ftstexc-tests.git, solutionRepositoryUri=null, auxiliaryRepositoryUris=[Ljava.lang.String;@1cd589b9, auxiliaryRepositoryCheckoutDirectories=[Ljava.lang.String;@437aa848], jobTimingInfo=JobTimingInfo[submissionDate=2025-02-14T23:45:43.984518859Z[Etc/UTC], buildStartDate=2025-02-14T23:45:43.991385682Z[Etc/UTC], buildCompletionDate=2025-02-14T23:45:44.982059928Z[Etc/UTC], estimatedCompletionDate=2025-02-14T23:46:02.991380122Z[Etc/UTC], estimatedDuration=19], buildConfig=BuildConfig[buildScript=#!/bin/bash
cd /var/tmp/testing-dir
chmod +x ./gradlew
./gradlew clean test
, dockerImage=dummy-docker-image:latest, commitHashToBuild=3e90ae9fef2e44ffb41451a080bdaa6a44ad6848, assignmentCommitHash=3e90ae9fef2e44ffb41451a080bdaa6a44ad6848, testCommitHash=0582754c87aae13e640312855ce7dbe490ecb50c, branch=main, programmingLanguage=JAVA, projectType=PLAIN_GRADLE, scaEnabled=false, sequentialTestRunsEnabled=false, resultPaths=[/var/tmp/testing-dir/**/test-results/test/*.xml], timeoutSeconds=0, assignmentCheckoutPath=null, testCheckoutPath=null, solutionCheckoutPath=null, dockerRunConfig=null], submissionResult=ResultDTO[id=635, completionDate=2025-02-14T23:45:44.961313737Z[Etc/UTC], successful=false, score=7.7, rated=true, submission=SubmissionDTO[id=829, submitted=true, type=MANUAL, exampleSubmission=null, submissionDate=2025-02-14T23:45:43.967766Z, commitHash=3e90ae9fef2e44ffb41451a080bdaa6a44ad6848, buildFailed=false, buildArtifact=false, participation=ParticipationDTO[id=2026, testRun=false, type=programming, submissionCount=null, exercise=ParticipationExerciseDTO[id=2608, exerciseType=PROGRAMMING, type=programming, assessmentType=AUTOMATIC, dueDate=2025-02-16T23:45:43.597978Z, assessmentDueDate=null, maxPoints=42.0, course=CourseDTO[id=991, accuracyOfScores=1]]], submissionExerciseType=programming, isProcessing=false, buildStartDate=null, estimatedCompletionDate=null], participation=ParticipationDTO[id=2026, testRun=false, type=programming, submissionCount=null, exercise=ParticipationExerciseDTO[id=2608, exerciseType=PROGRAMMING, type=programming, assessmentType=AUTOMATIC, dueDate=2025-02-16T23:45:43.597978Z, assessmentDueDate=null, maxPoints=42.0, course=CourseDTO[id=991, accuracyOfScores=1]]], feedbacks=[FeedbackDTO[id=959, text=null, detailText=The exercise expects a class with the name Context in the package testpackage. You did not implement the class in the exercise., hasLongFeedbackText=false, reference=null, credits=0.0, positive=false, type=AUTOMATIC, visibility=ALWAYS, testCase=TestCaseDTO[testName=null, id=1448]], FeedbackDTO[id=960, text=null, detailText=The exercise expects a class with the name Policy in the package testpackage. You did not implement the class in the exercise., hasLongFeedbackText=false, reference=null, credits=0.0, positive=false, type=AUTOMATIC, visibility=ALWAYS, testCase=TestCaseDTO[testName=null, id=1449]], FeedbackDTO[id=961, text=null, detailText=The exercise expects a class with the name SortStrategy in the package testpackage. You did not implement the class in the exercise., hasLongFeedbackText=false, reference=null, credits=0.0, positive=false, type=AUTOMATIC, visibility=ALWAYS, testCase=TestCaseDTO[testName=null, id=1450]], FeedbackDTO[id=962, text=null, detailText=The class 'MergeSort' does not implement the interface 'SortStrategy' as expected. Implement the interface and its methods., hasLongFeedbackText=false, reference=null, credits=0.0, positive=false, type=AUTOMATIC, visibility=ALWAYS, testCase=TestCaseDTO[testName=null, id=1445]], FeedbackDTO[id=963, text=null, detailText=The exercise expects a class with the name SortStrategy in the package testpackage. You did not implement the class in the exercise., hasLongFeedbackText=false, reference=null, credits=0.0, positive=false, type=AUTOMATIC, visibility=ALWAYS, testCase=TestCaseDTO[testName=null, id=1442]], FeedbackDTO[id=964, text=null, detailText=The class 'BubbleSort' does not implement the interface 'SortStrategy' as expected. Implement the interface and its methods., hasLongFeedbackText=false, reference=null, credits=0.0, positive=false, type=AUTOMATIC, visibility=ALWAYS, testCase=TestCaseDTO[testName=null, id=1446]], FeedbackDTO[id=965, text=null, detailText=MergeSort does not sort correctly, hasLongFeedbackText=false, reference=null, credits=0.0, positive=false, type=AUTOMATIC, visibility=ALWAYS, testCase=TestCaseDTO[testName=null, id=1451]], FeedbackDTO[id=966, text=null, detailText=The class 'Context' was not found within the submission. Make sure to implement it properly., hasLongFeedbackText=false, reference=null, credits=0.0, positive=false, type=AUTOMATIC, visibility=ALWAYS, testCase=TestCaseDTO[testName=null, id=1452]], FeedbackDTO[id=967, text=null, detailText=The class 'Context' was not found within the submission. Make sure to implement it properly., hasLongFeedbackText=false, reference=null, credits=0.0, positive=false, type=AUTOMATIC, visibility=ALWAYS, testCase=TestCaseDTO[testName=null, id=1453]], FeedbackDTO[id=968, text=null, detailText=The exercise expects a class with the name Policy in the package testpackage. You did not implement the class in the exercise., hasLongFeedbackText=false, reference=null, credits=0.0, positive=false, type=AUTOMATIC, visibility=ALWAYS, testCase=TestCaseDTO[testName=null, id=1447]], FeedbackDTO[id=969, text=null, detailText=The exercise expects a class with the name Context in the package testpackage. You did not implement the class in the exercise., hasLongFeedbackText=false, reference=null, credits=0.0, positive=false, type=AUTOMATIC, visibility=ALWAYS, testCase=TestCaseDTO[testName=null, id=1443]], FeedbackDTO[id=970, text=null, detailText=The exercise expects a class with the name Policy in the package testpackage. You did not implement the class in the exercise., hasLongFeedbackText=false, reference=null, credits=0.0, positive=false, type=AUTOMATIC, visibility=ALWAYS, testCase=TestCaseDTO[testName=null, id=1444]], FeedbackDTO[id=971, text=null, detailText=null, hasLongFeedbackText=false, reference=null, credits=3.230769230769231, positive=true, type=AUTOMATIC, visibility=ALWAYS, testCase=TestCaseDTO[testName=null, id=1454]]], assessmentType=AUTOMATIC, hasComplaint=null, exampleResult=null, testCaseCount=13, passedTestCaseCount=1, codeIssueCount=0]], BuildJobQueueItem[id=20271739576746886, name=SHORT0FC863930E92904248098A506171F81CF6CFTSTEXC-SOLUTION, buildAgent=BuildAgentDTO[name=artemis-build-agent-test, memberAddress=[127.0.0.1]:5703, displayName=artemis-build-agent-test], participationId=2027, courseId=992, exerciseId=2609, retryCount=0, priority=2, status=SUCCESSFUL, repositoryInfo=RepositoryInfo[repositoryName=short0fc863930e92904248098a506171f81cf6cftstexc-solution, repositoryType=solution, triggeredByPushTo=auxiliary, assignmentRepositoryUri=http://localhost:49152/git/SHORT0FC863930E92904248098A506171F81CF6CFTSTEXC/short0fc863930e92904248098a506171f81cf6cftstexc-solution.git, testRepositoryUri=http://localhost:49152/git/SHORT0FC863930E92904248098A506171F81CF6CFTSTEXC/short0fc863930e92904248098a506171f81cf6cftstexc-tests.git, solutionRepositoryUri=null, auxiliaryRepositoryUris=[Ljava.lang.String;@77e2a16c, auxiliaryRepositoryCheckoutDirectories=[Ljava.lang.String;@55c0da6b], jobTimingInfo=JobTimingInfo[submissionDate=2025-02-14T23:45:46.886984066Z[Etc/UTC], buildStartDate=2025-02-14T23:45:46.897709578Z[Etc/UTC], buildCompletionDate=2025-02-14T23:45:48.628460156Z[Etc/UTC], estimatedCompletionDate=2025-02-14T23:46:05.897701272Z[Etc/UTC], estimatedDuration=19], buildConfig=BuildConfig[buildScript=#!/bin/bash
cd /var/tmp/testing-dir
chmod +x ./gradlew
./gradlew clean test
, dockerImage=dummy-docker-image:latest, commitHashToBuild=null, assignmentCommitHash=115a2e943bee242fdad360b50d8ad5f30792577e, testCommitHash=9b3a9bd71a0d80e5bbc42204c319ed3d1d4f0d6d, branch=main, programmingLanguage=JAVA, projectType=PLAIN_GRADLE, scaEnabled=false, sequentialTestRunsEnabled=false, resultPaths=[/var/tmp/testing-dir/**/test-results/test/*.xml], timeoutSeconds=0, assignmentCheckoutPath=null, testCheckoutPath=null, solutionCheckoutPath=null, dockerRunConfig=null], submissionResult=ResultDTO[id=636, completionDate=2025-02-14T23:45:48.593370968Z[Etc/UTC], successful=true, score=100.0, rated=true, submission=SubmissionDTO[id=830, submitted=true, type=TEST, exampleSubmission=null, submissionDate=2025-02-14T23:45:46.873671Z, commitHash=9b3a9bd71a0d80e5bbc42204c319ed3d1d4f0d6d, buildFailed=false, buildArtifact=false, participation=ParticipationDTO[id=2027, testRun=false, type=solution, submissionCount=null, exercise=ParticipationExerciseDTO[id=2609, exerciseType=PROGRAMMING, type=programming, assessmentType=AUTOMATIC, dueDate=2025-02-16T23:45:46.386304Z, assessmentDueDate=null, maxPoints=42.0, course=CourseDTO[id=992, accuracyOfScores=1]]], submissionExerciseType=programming, isProcessing=false, buildStartDate=null, estimatedCompletionDate=null], participation=ParticipationDTO[id=2027, testRun=false, type=solution, submissionCount=null, exercise=ParticipationExerciseDTO[id=2609, exerciseType=PROGRAMMING, type=programming, assessmentType=AUTOMATIC, dueDate=2025-02-16T23:45:46.386304Z, assessmentDueDate=null, maxPoints=42.0, course=CourseDTO[id=992, accuracyOfScores=1]]], feedbacks=[FeedbackDTO[id=972, text=null, detailText=null, hasLongFeedbackText=false, reference=null, credits=3.230769230769231, positive=true, type=AUTOMATIC, visibility=ALWAYS, testCase=TestCaseDTO[testName=testMethods[Context], id=1461]], FeedbackDTO[id=973, text=null, detailText=null, hasLongFeedbackText=false, reference=null, credits=3.230769230769231, positive=true, type=AUTOMATIC, visibility=ALWAYS, testCase=TestCaseDTO[testName=testMethods[Policy], id=1462]], FeedbackDTO[id=974, text=null, detailText=null, hasLongFeedbackText=false, reference=null, credits=3.230769230769231, positive=true, type=AUTOMATIC, visibility=ALWAYS, testCase=TestCaseDTO[testName=testMethods[SortStrategy], id=1463]], FeedbackDTO[id=975, text=null, detailText=null, hasLongFeedbackText=false, reference=null, credits=3.230769230769231, positive=true, type=AUTOMATIC, visibility=ALWAYS, testCase=TestCaseDTO[testName=testClass[MergeSort], id=1458]], FeedbackDTO[id=976, text=null, detailText=null, hasLongFeedbackText=false, reference=null, credits=3.230769230769231, positive=true, type=AUTOMATIC, visibility=ALWAYS, testCase=TestCaseDTO[testName=testClass[SortStrategy], id=1455]], FeedbackDTO[id=977, text=null, detailText=null, hasLongFeedbackText=false, reference=null, credits=3.230769230769231, positive=true, type=AUTOMATIC, visibility=ALWAYS, testCase=TestCaseDTO[testName=testClass[BubbleSort], id=1459]], FeedbackDTO[id=978, text=null, detailText=null, hasLongFeedbackText=false, reference=null, credits=3.230769230769231, positive=true, type=AUTOMATIC, visibility=ALWAYS, testCase=TestCaseDTO[testName=testMergeSort(), id=1464]], FeedbackDTO[id=979, text=null, detailText=null, hasLongFeedbackText=false, reference=null, credits=3.230769230769231, positive=true, type=AUTOMATIC, visibility=ALWAYS, testCase=TestCaseDTO[testName=testUseBubbleSortForSmallList(), id=1465]], FeedbackDTO[id=980, text=null, detailText=null, hasLongFeedbackText=false, reference=null, credits=3.230769230769231, positive=true, type=AUTOMATIC, visibility=ALWAYS, testCase=TestCaseDTO[testName=testBubbleSort(), id=1467]], FeedbackDTO[id=981, text=null, detailText=null, hasLongFeedbackText=false, reference=null, credits=3.230769230769231, positive=true, type=AUTOMATIC, visibility=ALWAYS, testCase=TestCaseDTO[testName=testUseMergeSortForBigList(), id=1466]], FeedbackDTO[id=982, text=null, detailText=null, hasLongFeedbackText=false, reference=null, credits=3.230769230769231, positive=true, type=AUTOMATIC, visibility=ALWAYS, testCase=TestCaseDTO[testName=testConstructors[Policy], id=1460]], FeedbackDTO[id=983, text=null, detailText=null, hasLongFeedbackText=false, reference=null, credits=3.230769230769231, positive=true, type=AUTOMATIC, visibility=ALWAYS, testCase=TestCaseDTO[testName=testAttributes[Context], id=1456]], FeedbackDTO[id=984, text=null, detailText=null, hasLongFeedbackText=false, reference=null, credits=3.230769230769231, positive=true, type=AUTOMATIC, visibility=ALWAYS, testCase=TestCaseDTO[testName=testAttributes[Policy], id=1457]]], assessmentType=AUTOMATIC, hasComplaint=null, exampleResult=null, testCaseCount=13, passedTestCaseCount=13, codeIssueCount=0]], BuildJobQueueItem[id=20281739576748768, name=SHORT0FC863930E92904248098A506171F81CF6CFTSTEXC-BASE, buildAgent=BuildAgentDTO[name=artemis-build-agent-test, memberAddress=[127.0.0.1]:5703, displayName=artemis-build-agent-test], participationId=2028, courseId=992, exerciseId=2609, retryCount=0, priority=2, status=SUCCESSFUL, repositoryInfo=RepositoryInfo[repositoryName=short0fc863930e92904248098a506171f81cf6cftstexc-exercise, repositoryType=exercise, triggeredByPushTo=auxiliary, assignmentRepositoryUri=http://localhost:49152/git/SHORT0FC863930E92904248098A506171F81CF6CFTSTEXC/short0fc863930e92904248098a506171f81cf6cftstexc-exercise.git, testRepositoryUri=http://localhost:49152/git/SHORT0FC863930E92904248098A506171F81CF6CFTSTEXC/short0fc863930e92904248098a506171f81cf6cftstexc-tests.git, solutionRepositoryUri=null, auxiliaryRepositoryUris=[Ljava.lang.String;@6568192b, auxiliaryRepositoryCheckoutDirectories=[Ljava.lang.String;@7346d526], jobTimingInfo=JobTimingInfo[submissionDate=2025-02-14T23:45:48.768063548Z[Etc/UTC], buildStartDate=2025-02-14T23:45:48.802531989Z[Etc/UTC], buildCompletionDate=2025-02-14T23:45:50.482681367Z[Etc/UTC], estimatedCompletionDate=2025-02-14T23:45:50.802523092Z[Etc/UTC], estimatedDuration=2], buildConfig=BuildConfig[buildScript=#!/bin/bash
cd /var/tmp/testing-dir
chmod +x ./gradlew
./gradlew clean test
, dockerImage=dummy-docker-image:latest, commitHashToBuild=9b3a9bd71a0d80e5bbc42204c319ed3d1d4f0d6d, assignmentCommitHash=115a2e943bee242fdad360b50d8ad5f30792577e, testCommitHash=9b3a9bd71a0d80e5bbc42204c319ed3d1d4f0d6d, branch=main, programmingLanguage=JAVA, projectType=PLAIN_GRADLE, scaEnabled=false, sequentialTestRunsEnabled=false, resultPaths=[/var/tmp/testing-dir/**/test-results/test/*.xml], timeoutSeconds=0, assignmentCheckoutPath=null, testCheckoutPath=null, solutionCheckoutPath=null, dockerRunConfig=null], submissionResult=ResultDTO[id=637, completionDate=2025-02-14T23:45:50.449084694Z[Etc/UTC], successful=false, score=0.0, rated=true, submission=SubmissionDTO[id=831, submitted=true, type=TEST, exampleSubmission=null, submissionDate=2025-02-14T23:45:48.761177Z, commitHash=9b3a9bd71a0d80e5bbc42204c319ed3d1d4f0d6d, buildFailed=false, buildArtifact=false, participation=ParticipationDTO[id=2028, testRun=false, type=template, submissionCount=null, exercise=ParticipationExerciseDTO[id=2609, exerciseType=PROGRAMMING, type=programming, assessmentType=AUTOMATIC, dueDate=2025-02-16T23:45:46.386304Z, assessmentDueDate=null, maxPoints=42.0, course=CourseDTO[id=992, accuracyOfScores=1]]], submissionExerciseType=programming, isProcessing=false, buildStartDate=null, estimatedCompletionDate=null], participation=ParticipationDTO[id=2028, testRun=false, type=template, submissionCount=null, exercise=ParticipationExerciseDTO[id=2609, exerciseType=PROGRAMMING, type=programming, assessmentType=AUTOMATIC, dueDate=2025-02-16T23:45:46.386304Z, assessmentDueDate=null, maxPoints=42.0, course=CourseDTO[id=992, accuracyOfScores=1]]], feedbacks=[FeedbackDTO[id=985, text=null, detailText=The exercise expects a class with the name Context in the package testpackage. You did not implement the class in the exercise., hasLongFeedbackText=false, reference=null, credits=0.0, positive=false, type=AUTOMATIC, visibility=ALWAYS, testCase=TestCaseDTO[testName=testMethods[Context], id=1461]], FeedbackDTO[id=986, text=null, detailText=The exercise expects a class with the name Policy in the package testpackage. You did not implement the class in the exercise., hasLongFeedbackText=false, reference=null, credits=0.0, positive=false, type=AUTOMATIC, visibility=ALWAYS, testCase=TestCaseDTO[testName=testMethods[Policy], id=1462]], FeedbackDTO[id=987, text=null, detailText=The exercise expects a class with the name SortStrategy in the package testpackage. You did not implement the class in the exercise., hasLongFeedbackText=false, reference=null, credits=0.0, positive=false, type=AUTOMATIC, visibility=ALWAYS, testCase=TestCaseDTO[testName=testMethods[SortStrategy], id=1463]], FeedbackDTO[id=988, text=null, detailText=The class 'MergeSort' does not implement the interface 'SortStrategy' as expected. Implement the interface and its methods., hasLongFeedbackText=false, reference=null, credits=0.0, positive=false, type=AUTOMATIC, visibility=ALWAYS, testCase=TestCaseDTO[testName=testClass[MergeSort], id=1458]], FeedbackDTO[id=989, text=null, detailText=The exercise expects a class with the name SortStrategy in the package testpackage. You did not implement the class in the exercise., hasLongFeedbackText=false, reference=null, credits=0.0, positive=false, type=AUTOMATIC, visibility=ALWAYS, testCase=TestCaseDTO[testName=testClass[SortStrategy], id=1455]], FeedbackDTO[id=990, text=null, detailText=The class 'BubbleSort' does not implement the interface 'SortStrategy' as expected. Implement the interface and its methods., hasLongFeedbackText=false, reference=null, credits=0.0, positive=false, type=AUTOMATIC, visibility=ALWAYS, testCase=TestCaseDTO[testName=testClass[BubbleSort], id=1459]], FeedbackDTO[id=991, text=null, detailText=MergeSort does not sort correctly, hasLongFeedbackText=false, reference=null, credits=0.0, positive=false, type=AUTOMATIC, visibility=ALWAYS, testCase=TestCaseDTO[testName=testMergeSort(), id=1464]], FeedbackDTO[id=992, text=null, detailText=The class 'Context' was not found within the submission. Make sure to implement it properly., hasLongFeedbackText=false, reference=null, credits=0.0, positive=false, type=AUTOMATIC, visibility=ALWAYS, testCase=TestCaseDTO[testName=testUseBubbleSortForSmallList(), id=1465]], FeedbackDTO[id=993, text=null, detailText=BubbleSort does not sort correctly, hasLongFeedbackText=false, reference=null, credits=0.0, positive=false, type=AUTOMATIC, visibility=ALWAYS, testCase=TestCaseDTO[testName=testBubbleSort(), id=1467]], FeedbackDTO[id=994, text=null, detailText=The class 'Context' was not found within the submission. Make sure to implement it properly., hasLongFeedbackText=false, reference=null, credits=0.0, positive=false, type=AUTOMATIC, visibility=ALWAYS, testCase=TestCaseDTO[testName=testUseMergeSortForBigList(), id=1466]], FeedbackDTO[id=995, text=null, detailText=The exercise expects a class with the name Policy in the package testpackage. You did not implement the class in the exercise., hasLongFeedbackText=false, reference=null, credits=0.0, positive=false, type=AUTOMATIC, visibility=ALWAYS, testCase=TestCaseDTO[testName=testConstructors[Policy], id=1460]], FeedbackDTO[id=996, text=null, detailText=The exercise expects a class with the name Context in the package testpackage. You did not implement the class in the exercise., hasLongFeedbackText=false, reference=null, credits=0.0, positive=false, type=AUTOMATIC, visibility=ALWAYS, testCase=TestCaseDTO[testName=testAttributes[Context], id=1456]], FeedbackDTO[id=997, text=null, detailText=The exercise expects a class with the name Policy in the package testpackage. You did not implement the class in the exercise., hasLongFeedbackText=false, reference=null, credits=0.0, positive=false, type=AUTOMATIC, visibility=ALWAYS, testCase=TestCaseDTO[testName=testAttributes[Policy], id=1457]]], assessmentType=AUTOMATIC, hasComplaint=null, exampleResult=null, testCaseCount=13, passedTestCaseCount=0, codeIssueCount=0]], BuildJobQueueItem[id=20291739576751299, name=SHORT716C2EC10B19B049C80A2F00B97EAB20B2A9TSTEXC-SOLUTION, buildAgent=BuildAgentDTO[name=artemis-build-agent-test, memberAddress=[127.0.0.1]:5703, displayName=artemis-build-agent-test], participationId=2029, courseId=993, exerciseId=2610, retryCount=0, priority=2, status=SUCCESSFUL, repositoryInfo=RepositoryInfo[repositoryName=short716c2ec10b19b049c80a2f00b97eab20b2a9tstexc-solution, repositoryType=solution, triggeredByPushTo=tests, assignmentRepositoryUri=http://localhost:49152/git/SHORT716C2EC10B19B049C80A2F00B97EAB20B2A9TSTEXC/short716c2ec10b19b049c80a2f00b97eab20b2a9tstexc-solution.git, testRepositoryUri=http://localhost:49152/git/SHORT716C2EC10B19B049C80A2F00B97EAB20B2A9TSTEXC/short716c2ec10b19b049c80a2f00b97eab20b2a9tstexc-tests.git, solutionRepositoryUri=null, auxiliaryRepositoryUris=[Ljava.lang.String;@114de3e3, auxiliaryRepositoryCheckoutDirectories=[Ljava.lang.String;@428d7023], jobTimingInfo=JobTimingInfo[submissionDate=2025-02-14T23:45:51.299892174Z[Etc/UTC], buildStartDate=2025-02-14T23:45:51.314028505Z[Etc/UTC], buildCompletionDate=2025-02-14T23:45:52.158312850Z[Etc/UTC], estimatedCompletionDate=2025-02-14T23:46:10.314021752Z[Etc/UTC], estimatedDuration=19], buildConfig=BuildConfig[buildScript=#!/bin/bash
cd /var/tmp/testing-dir
chmod +x ./gradlew
./gradlew clean test
, dockerImage=dummy-docker-image:latest, commitHashToBuild=1e531733ed6e9237f710b528d1eb0b7beac565fd, assignmentCommitHash=815e279f12ad296b4f24c44134a07293c04c010f, testCommitHash=1e531733ed6e9237f710b528d1eb0b7beac565fd, branch=main, programmingLanguage=JAVA, projectType=PLAIN_GRADLE, scaEnabled=false, sequentialTestRunsEnabled=false, resultPaths=[/var/tmp/testing-dir/**/test-results/test/*.xml], timeoutSeconds=0, assignmentCheckoutPath=null, testCheckoutPath=null, solutionCheckoutPath=null, dockerRunConfig=null], submissionResult=ResultDTO[id=638, completionDate=2025-02-14T23:45:52.146826070Z[Etc/UTC], successful=true, score=100.0, rated=true, submission=SubmissionDTO[id=832, submitted=true, type=TEST, exampleSubmission=null, submissionDate=2025-02-14T23:45:51.275713Z, commitHash=1e531733ed6e9237f710b528d1eb0b7beac565fd, buildFailed=false, buildArtifact=false, participation=ParticipationDTO[id=2029, testRun=false, type=solution, submissionCount=null, exercise=ParticipationExerciseDTO[id=2610, exerciseType=PROGRAMMING, type=programming, assessmentType=AUTOMATIC, dueDate=2025-02-16T23:45:50.869093Z, assessmentDueDate=null, maxPoints=42.0, course=CourseDTO[id=993, accuracyOfScores=1]]], submissionExerciseType=programming, isProcessing=false, buildStartDate=null, estimatedCompletionDate=null], participation=ParticipationDTO[id=2029, testRun=false, type=solution, submissionCount=null, exercise=ParticipationExerciseDTO[id=2610, exerciseType=PROGRAMMING, type=programming, assessmentType=AUTOMATIC, dueDate=2025-02-16T23:45:50.869093Z, assessmentDueDate=null, maxPoints=42.0, course=CourseDTO[id=993, accuracyOfScores=1]]], feedbacks=[FeedbackDTO[id=998, text=null, detailText=null, hasLongFeedbackText=false, reference=null, credits=3.230769230769231, positive=true, type=AUTOMATIC, visibility=ALWAYS, testCase=TestCaseDTO[testName=testMethods[Context], id=1474]], FeedbackDTO[id=999, text=null, detailText=null, hasLongFeedbackText=false, reference=null, credits=3.230769230769231, positive=true, type=AUTOMATIC, visibility=ALWAYS, testCase=TestCaseDTO[testName=testMethods[Policy], id=1475]], FeedbackDTO[id=1000, text=null, detailText=null, hasLongFeedbackText=false, reference=null, credits=3.230769230769231, positive=true, type=AUTOMATIC, visibility=ALWAYS, testCase=TestCaseDTO[testName=testMethods[SortStrategy], id=1476]], FeedbackDTO[id=1001, text=null, detailText=null, hasLongFeedbackText=false, reference=null, credits=3.230769230769231, positive=true, type=AUTOMATIC, visibility=ALWAYS, testCase=TestCaseDTO[testName=testClass[MergeSort], id=1471]], FeedbackDTO[id=1002, text=null, detailText=null, hasLongFeedbackText=false, reference=null, credits=3.230769230769231, positive=true, type=AUTOMATIC, visibility=ALWAYS, testCase=TestCaseDTO[testName=testClass[SortStrategy], id=1468]], FeedbackDTO[id=1003, text=null, detailText=null, hasLongFeedbackText=false, reference=null, credits=3.230769230769231, positive=true, type=AUTOMATIC, visibility=ALWAYS, testCase=TestCaseDTO[testName=testClass[BubbleSort], id=1472]], FeedbackDTO[id=1004, text=null, detailText=null, hasLongFeedbackText=false, reference=null, credits=3.230769230769231, positive=true, type=AUTOMATIC, visibility=ALWAYS, testCase=TestCaseDTO[testName=testMergeSort(), id=1477]], FeedbackDTO[id=1005, text=null, detailText=null, hasLongFeedbackText=false, reference=null, credits=3.230769230769231, positive=true, type=AUTOMATIC, visibility=ALWAYS, testCase=TestCaseDTO[testName=testUseBubbleSortForSmallList(), id=1478]], FeedbackDTO[id=1006, text=null, detailText=null, hasLongFeedbackText=false, reference=null, credits=3.230769230769231, positive=true, type=AUTOMATIC, visibility=ALWAYS, testCase=TestCaseDTO[testName=testBubbleSort(), id=1480]], FeedbackDTO[id=1007, text=null, detailText=null, hasLongFeedbackText=false, reference=null, credits=3.230769230769231, positive=true, type=AUTOMATIC, visibility=ALWAYS, testCase=TestCaseDTO[testName=testUseMergeSortForBigList(), id=1479]], FeedbackDTO[id=1008, text=null, detailText=null, hasLongFeedbackText=false, reference=null, credits=3.230769230769231, positive=true, type=AUTOMATIC, visibility=ALWAYS, testCase=TestCaseDTO[testName=testConstructors[Policy], id=1473]], FeedbackDTO[id=1009, text=null, detailText=null, hasLongFeedbackText=false, reference=null, credits=3.230769230769231, positive=true, type=AUTOMATIC, visibility=ALWAYS, testCase=TestCaseDTO[testName=testAttributes[Context], id=1469]], FeedbackDTO[id=1010, text=null, detailText=null, hasLongFeedbackText=false, reference=null, credits=3.230769230769231, positive=true, type=AUTOMATIC, visibility=ALWAYS, testCase=TestCaseDTO[testName=testAttributes[Policy], id=1470]]], assessmentType=AUTOMATIC, hasComplaint=null, exampleResult=null, testCaseCount=13, passedTestCaseCount=13, codeIssueCount=0]], BuildJobQueueItem[id=20301739576752239, name=SHORT716C2EC10B19B049C80A2F00B97EAB20B2A9TSTEXC-BASE, buildAgent=BuildAgentDTO[name=artemis-build-agent-test, memberAddress=[127.0.0.1]:5703, displayName=artemis-build-agent-test], participationId=2030, courseId=993, exerciseId=2610, retryCount=0, priority=2, status=SUCCESSFUL, repositoryInfo=RepositoryInfo[repositoryName=short716c2ec10b19b049c80a2f00b97eab20b2a9tstexc-exercise, repositoryType=exercise, triggeredByPushTo=tests, assignmentRepositoryUri=http://localhost:49152/git/SHORT716C2EC10B19B049C80A2F00B97EAB20B2A9TSTEXC/short716c2ec10b19b049c80a2f00b97eab20b2a9tstexc-exercise.git, testRepositoryUri=http://localhost:49152/git/SHORT716C2EC10B19B049C80A2F00B97EAB20B2A9TSTEXC/short716c2ec10b19b049c80a2f00b97eab20b2a9tstexc-tests.git, solutionRepositoryUri=null, auxiliaryRepositoryUris=[Ljava.lang.String;@67898818, auxiliaryRepositoryCheckoutDirectories=[Ljava.lang.String;@22a38e2a], jobTimingInfo=JobTimingInfo[submissionDate=2025-02-14T23:45:52.239402475Z[Etc/UTC], buildStartDate=2025-02-14T23:45:52.258713639Z[Etc/UTC], buildCompletionDate=2025-02-14T23:45:53.238773956Z[Etc/UTC], estimatedCompletionDate=2025-02-14T23:45:53.258707428Z[Etc/UTC], estimatedDuration=1], buildConfig=BuildConfig[buildScript=#!/bin/bash
cd /var/tmp/testing-dir
chmod +x ./gradlew
./gradlew clean test
, dockerImage=dummy-docker-image:latest, commitHashToBuild=1e531733ed6e9237f710b528d1eb0b7beac565fd, assignmentCommitHash=815e279f12ad296b4f24c44134a07293c04c010f, testCommitHash=1e531733ed6e9237f710b528d1eb0b7beac565fd, branch=main, programmingLanguage=JAVA, projectType=PLAIN_GRADLE, scaEnabled=false, sequentialTestRunsEnabled=false, resultPaths=[/var/tmp/testing-dir/**/test-results/test/*.xml], timeoutSeconds=0, assignmentCheckoutPath=null, testCheckoutPath=null, solutionCheckoutPath=null, dockerRunConfig=null], submissionResult=ResultDTO[id=639, completionDate=2025-02-14T23:45:53.225806205Z[Etc/UTC], successful=false, score=0.0, rated=true, submission=SubmissionDTO[id=833, submitted=true, type=TEST, exampleSubmission=null, submissionDate=2025-02-14T23:45:52.237179Z, commitHash=1e531733ed6e9237f710b528d1eb0b7beac565fd, buildFailed=false, buildArtifact=false, participation=ParticipationDTO[id=2030, testRun=false, type=template, submissionCount=null, exercise=ParticipationExerciseDTO[id=2610, exerciseType=PROGRAMMING, type=programming, assessmentType=AUTOMATIC, dueDate=2025-02-16T23:45:50.869093Z, assessmentDueDate=null, maxPoints=42.0, course=CourseDTO[id=993, accuracyOfScores=1]]], submissionExerciseType=programming, isProcessing=false, buildStartDate=null, estimatedCompletionDate=null], participation=ParticipationDTO[id=2030, testRun=false, type=template, submissionCount=null, exercise=ParticipationExerciseDTO[id=2610, exerciseType=PROGRAMMING, type=programming, assessmentType=AUTOMATIC, dueDate=2025-02-16T23:45:50.869093Z, assessmentDueDate=null, maxPoints=42.0, course=CourseDTO[id=993, accuracyOfScores=1]]], feedbacks=[FeedbackDTO[id=1011, text=null, detailText=The exercise expects a class with the name Context in the package testpackage. You did not implement the class in the exercise., hasLongFeedbackText=false, reference=null, credits=0.0, positive=false, type=AUTOMATIC, visibility=ALWAYS, testCase=TestCaseDTO[testName=testMethods[Context], id=1474]], FeedbackDTO[id=1012, text=null, detailText=The exercise expects a class with the name Policy in the package testpackage. You did not implement the class in the exercise., hasLongFeedbackText=false, reference=null, credits=0.0, positive=false, type=AUTOMATIC, visibility=ALWAYS, testCase=TestCaseDTO[testName=testMethods[Policy], id=1475]], FeedbackDTO[id=1013, text=null, detailText=The exercise expects a class with the name SortStrategy in the package testpackage. You did not implement the class in the exercise., hasLongFeedbackText=false, reference=null, credits=0.0, positive=false, type=AUTOMATIC, visibility=ALWAYS, testCase=TestCaseDTO[testName=testMethods[SortStrategy], id=1476]], FeedbackDTO[id=1014, text=null, detailText=The class 'MergeSort' does not implement the interface 'SortStrategy' as expected. Implement the interface and its methods., hasLongFeedbackText=false, reference=null, credits=0.0, positive=false, type=AUTOMATIC, visibility=ALWAYS, testCase=TestCaseDTO[testName=testClass[MergeSort], id=1471]], FeedbackDTO[id=1015, text=null, detailText=The exercise expects a class with the name SortStrategy in the package testpackage. You did not implement the class in the exercise., hasLongFeedbackText=false, reference=null, credits=0.0, positive=false, type=AUTOMATIC, visibility=ALWAYS, testCase=TestCaseDTO[testName=testClass[SortStrategy], id=1468]], FeedbackDTO[id=1016, text=null, detailText=The class 'BubbleSort' does not implement the interface 'SortStrategy' as expected. Implement the interface and its methods., hasLongFeedbackText=false, reference=null, credits=0.0, positive=false, type=AUTOMATIC, visibility=ALWAYS, testCase=TestCaseDTO[testName=testClass[BubbleSort], id=1472]], FeedbackDTO[id=1017, text=null, detailText=MergeSort does not sort correctly, hasLongFeedbackText=false, reference=null, credits=0.0, positive=false, type=AUTOMATIC, visibility=ALWAYS, testCase=TestCaseDTO[testName=testMergeSort(), id=1477]], FeedbackDTO[id=1018, text=null, detailText=The class 'Context' was not found within the submission. Make sure to implement it properly., hasLongFeedbackText=false, reference=null, credits=0.0, positive=false, type=AUTOMATIC, visibility=ALWAYS, testCase=TestCaseDTO[testName=testUseBubbleSortForSmallList(), id=1478]], FeedbackDTO[id=1019, text=null, detailText=BubbleSort does not sort correctly, hasLongFeedbackText=false, reference=null, credits=0.0, positive=false, type=AUTOMATIC, visibility=ALWAYS, testCase=TestCaseDTO[testName=testBubbleSort(), id=1480]], FeedbackDTO[id=1020, text=null, detailText=The class 'Context' was not found within the submission. Make sure to implement it properly., hasLongFeedbackText=false, reference=null, credits=0.0, positive=false, type=AUTOMATIC, visibility=ALWAYS, testCase=TestCaseDTO[testName=testUseMergeSortForBigList(), id=1479]], FeedbackDTO[id=1021, text=null, detailText=The exercise expects a class with the name Policy in the package testpackage. You did not implement the class in the exercise., hasLongFeedbackText=false, reference=null, credits=0.0, positive=false, type=AUTOMATIC, visibility=ALWAYS, testCase=TestCaseDTO[testName=testConstructors[Policy], id=1473]], FeedbackDTO[id=1022, text=null, detailText=The exercise expects a class with the name Context in the package testpackage. You did not implement the class in the exercise., hasLongFeedbackText=false, reference=null, credits=0.0, positive=false, type=AUTOMATIC, visibility=ALWAYS, testCase=TestCaseDTO[testName=testAttributes[Context], id=1469]], FeedbackDTO[id=1023, text=null, detailText=The exercise expects a class with the name Policy in the package testpackage. You did not implement the class in the exercise., hasLongFeedbackText=false, reference=null, credits=0.0, positive=false, type=AUTOMATIC, visibility=ALWAYS, testCase=TestCaseDTO[testName=testAttributes[Policy], id=1470]]], assessmentType=AUTOMATIC, hasComplaint=null, exampleResult=null, testCaseCount=13, passedTestCaseCount=0, codeIssueCount=0]], BuildJobQueueItem[id=20391739576754750, name=SHORT3A680734092E404EF80A4C60FBC1E408F7D0TSTEXC-LOCALVCCIINTSTUDENT1, buildAgent=BuildAgentDTO[name=artemis-build-agent-test, memberAddress=[127.0.0.1]:5703, displayName=artemis-build-agent-test], participationId=2039, courseId=996, exerciseId=2613, retryCount=0, priority=2, status=SUCCESSFUL, repositoryInfo=RepositoryInfo[repositoryName=short3a680734092e404ef80a4c60fbc1e408f7d0tstexc-localvcciintstudent1, repositoryType=user, triggeredByPushTo=user, assignmentRepositoryUri=http://localhost:49152/git/SHORT3A680734092E404EF80A4C60FBC1E408F7D0TSTEXC/short3a680734092e404ef80a4c60fbc1e408f7d0tstexc-localvcciintstudent1.git, testRepositoryUri=http://localhost:49152/git/SHORT3A680734092E404EF80A4C60FBC1E408F7D0TSTEXC/short3a680734092e404ef80a4c60fbc1e408f7d0tstexc-tests.git, solutionRepositoryUri=null, auxiliaryRepositoryUris=[Ljava.lang.String;@5c8f3366, auxiliaryRepositoryCheckoutDirectories=[Ljava.lang.String;@752a4cbc], jobTimingInfo=JobTimingInfo[submissionDate=2025-02-14T23:45:54.750657185Z[Etc/UTC], buildStartDate=2025-02-14T23:45:54.765232948Z[Etc/UTC], buildCompletionDate=2025-02-14T23:45:55.645844970Z[Etc/UTC], estimatedCompletionDate=2025-02-14T23:46:13.765225363Z[Etc/UTC], estimatedDuration=19], buildConfig=BuildConfig[buildScript=#!/bin/bash
cd /var/tmp/testing-dir
chmod +x ./gradlew
./gradlew clean test
, dockerImage=dummy-docker-image:latest, commitHashToBuild=9344436f8d5a5ce3aa40215562db211ed501371f, assignmentCommitHash=9344436f8d5a5ce3aa40215562db211ed501371f, testCommitHash=ff421c3651ec230fed2f20f72c2901ae372be06a, branch=main, programmingLanguage=JAVA, projectType=PLAIN_GRADLE, scaEnabled=false, sequentialTestRunsEnabled=false, resultPaths=[/var/tmp/testing-dir/**/test-results/test/*.xml], timeoutSeconds=0, assignmentCheckoutPath=null, testCheckoutPath=null, solutionCheckoutPath=null, dockerRunConfig=null], submissionResult=ResultDTO[id=640, completionDate=2025-02-14T23:45:55.628250079Z[Etc/UTC], successful=false, score=7.7, rated=true, submission=SubmissionDTO[id=834, submitted=true, type=MANUAL, exampleSubmission=null, submissionDate=2025-02-14T23:45:54.732007Z, commitHash=9344436f8d5a5ce3aa40215562db211ed501371f, buildFailed=false, buildArtifact=false, participation=ParticipationDTO[id=2039, testRun=false, type=programming, submissionCount=null, exercise=ParticipationExerciseDTO[id=2613, exerciseType=PROGRAMMING, type=programming, assessmentType=AUTOMATIC, dueDate=2025-02-16T23:45:54.546562Z, assessmentDueDate=null, maxPoints=42.0, course=CourseDTO[id=996, accuracyOfScores=1]]], submissionExerciseType=programming, isProcessing=false, buildStartDate=null, estimatedCompletionDate=null], participation=ParticipationDTO[id=2039, testRun=false, type=programming, submissionCount=null, exercise=ParticipationExerciseDTO[id=2613, exerciseType=PROGRAMMING, type=programming, assessmentType=AUTOMATIC, dueDate=2025-02-16T23:45:54.546562Z, assessmentDueDate=null, maxPoints=42.0, course=CourseDTO[id=996, accuracyOfScores=1]]], feedbacks=[FeedbackDTO[id=1024, text=null, detailText=The exercise expects a class with the name Context in the package testpackage. You did not implement the class in the exercise., hasLongFeedbackText=false, reference=null, credits=0.0, positive=false, type=AUTOMATIC, visibility=ALWAYS, testCase=TestCaseDTO[testName=null, id=1513]], FeedbackDTO[id=1025, text=null, detailText=The exercise expects a class with the name Policy in the package testpackage. You did not implement the class in the exercise., hasLongFeedbackText=false, reference=null, credits=0.0, positive=false, type=AUTOMATIC, visibility=ALWAYS, testCase=TestCaseDTO[testName=null, id=1514]], FeedbackDTO[id=1026, text=null, detailText=The exercise expects a class with the name SortStrategy in the package testpackage. You did not implement the class in the exercise., hasLongFeedbackText=false, reference=null, credits=0.0, positive=false, type=AUTOMATIC, visibility=ALWAYS, testCase=TestCaseDTO[testName=null, id=1515]], FeedbackDTO[id=1027, text=null, detailText=The class 'MergeSort' does not implement the interface 'SortStrategy' as expected. Implement the interface and its methods., hasLongFeedbackText=false, reference=null, credits=0.0, positive=false, type=AUTOMATIC, visibility=ALWAYS, testCase=TestCaseDTO[testName=null, id=1510]], FeedbackDTO[id=1028, text=null, detailText=The exercise expects a class with the name SortStrategy in the package testpackage. You did not implement the class in the exercise., hasLongFeedbackText=false, reference=null, credits=0.0, positive=false, type=AUTOMATIC, visibility=ALWAYS, testCase=TestCaseDTO[testName=null, id=1507]], FeedbackDTO[id=1029, text=null, detailText=The class 'BubbleSort' does not implement the interface 'SortStrategy' as expected. Implement the interface and its methods., hasLongFeedbackText=false, reference=null, credits=0.0, positive=false, type=AUTOMATIC, visibility=ALWAYS, testCase=TestCaseDTO[testName=null, id=1511]], FeedbackDTO[id=1030, text=null, detailText=MergeSort does not sort correctly, hasLongFeedbackText=false, reference=null, credits=0.0, positive=false, type=AUTOMATIC, visibility=ALWAYS, testCase=TestCaseDTO[testName=null, id=1516]], FeedbackDTO[id=1031, text=null, detailText=The class 'Context' was not found within the submission. Make sure to implement it properly., hasLongFeedbackText=false, reference=null, credits=0.0, positive=false, type=AUTOMATIC, visibility=ALWAYS, testCase=TestCaseDTO[testName=null, id=1517]], FeedbackDTO[id=1032, text=null, detailText=The class 'Context' was not found within the submission. Make sure to implement it properly., hasLongFeedbackText=false, reference=null, credits=0.0, positive=false, type=AUTOMATIC, visibility=ALWAYS, testCase=TestCaseDTO[testName=null, id=1518]], FeedbackDTO[id=1033, text=null, detailText=The exercise expects a class with the name Policy in the package testpackage. You did not implement the class in the exercise., hasLongFeedbackText=false, reference=null, credits=0.0, positive=false, type=AUTOMATIC, visibility=ALWAYS, testCase=TestCaseDTO[testName=null, id=1512]], FeedbackDTO[id=1034, text=null, detailText=The exercise expects a class with the name Context in the package testpackage. You did not implement the class in the exercise., hasLongFeedbackText=false, reference=null, credits=0.0, positive=false, type=AUTOMATIC, visibility=ALWAYS, testCase=TestCaseDTO[testName=null, id=1508]], FeedbackDTO[id=1035, text=null, detailText=The exercise expects a class with the name Policy in the package testpackage. You did not implement the class in the exercise., hasLongFeedbackText=false, reference=null, credits=0.0, positive=false, type=AUTOMATIC, visibility=ALWAYS, testCase=TestCaseDTO[testName=null, id=1509]], FeedbackDTO[id=1036, text=null, detailText=null, hasLongFeedbackText=false, reference=null, credits=3.230769230769231, positive=true, type=AUTOMATIC, visibility=ALWAYS, testCase=TestCaseDTO[testName=null, id=1519]]], assessmentType=AUTOMATIC, hasComplaint=null, exampleResult=null, testCaseCount=13, passedTestCaseCount=1, codeIssueCount=0]], BuildJobQueueItem[id=20431739576757232, name=SHORT3945BC5E092B90459B0A7F006DF5F64347FDTSTEXC-SOLUTION, buildAgent=BuildAgentDTO[name=artemis-build-agent-test, memberAddress=[127.0.0.1]:5703, displayName=artemis-build-agent-test], participationId=2043, courseId=998, exerciseId=2615, retryCount=0, priority=2, status=SUCCESSFUL, repositoryInfo=RepositoryInfo[repositoryName=short3945bc5e092b90459b0a7f006df5f64347fdtstexc-solution, repositoryType=solution, triggeredByPushTo=solution, assignmentRepositoryUri=http://localhost:49152/git/SHORT3945BC5E092B90459B0A7F006DF5F64347FDTSTEXC/short3945bc5e092b90459b0a7f006df5f64347fdtstexc-solution.git, testRepositoryUri=http://localhost:49152/git/SHORT3945BC5E092B90459B0A7F006DF5F64347FDTSTEXC/short3945bc5e092b90459b0a7f006df5f64347fdtstexc-tests.git, solutionRepositoryUri=null, auxiliaryRepositoryUris=[Ljava.lang.String;@5ec8c349, auxiliaryRepositoryCheckoutDirectories=[Ljava.lang.String;@60a4c464], jobTimingInfo=JobTimingInfo[submissionDate=2025-02-14T23:45:57.232907777Z[Etc/UTC], buildStartDate=2025-02-14T23:45:57.240437339Z[Etc/UTC], buildCompletionDate=2025-02-14T23:45:58.062328619Z[Etc/UTC], estimatedCompletionDate=2025-02-14T23:46:16.240428743Z[Etc/UTC], estimatedDuration=19], buildConfig=BuildConfig[buildScript=#!/bin/bash
cd /var/tmp/testing-dir
chmod +x ./gradlew
./gradlew clean test
, dockerImage=dummy-docker-image:latest, commitHashToBuild=c315388a235502fd958ae3c7ffbbbbf126a8fe21, assignmentCommitHash=c315388a235502fd958ae3c7ffbbbbf126a8fe21, testCommitHash=28488095271179f4eface46480ec45511f50df5d, branch=main, programmingLanguage=JAVA, projectType=PLAIN_GRADLE, scaEnabled=false, sequentialTestRunsEnabled=false, resultPaths=[/var/tmp/testing-dir/**/test-results/test/*.xml], timeoutSeconds=0, assignmentCheckoutPath=null, testCheckoutPath=null, solutionCheckoutPath=null, dockerRunConfig=null], submissionResult=ResultDTO[id=641, completionDate=2025-02-14T23:45:58.032353400Z[Etc/UTC], successful=true, score=100.0, rated=true, submission=SubmissionDTO[id=835, submitted=true, type=MANUAL, exampleSubmission=null, submissionDate=2025-02-14T23:45:57.222714Z, commitHash=c315388a235502fd958ae3c7ffbbbbf126a8fe21, buildFailed=false, buildArtifact=false, participation=ParticipationDTO[id=2043, testRun=false, type=solution, submissionCount=null, exercise=ParticipationExerciseDTO[id=2615, exerciseType=PROGRAMMING, type=programming, assessmentType=AUTOMATIC, dueDate=2025-02-16T23:45:56.808788Z, assessmentDueDate=null, maxPoints=42.0, course=CourseDTO[id=998, accuracyOfScores=1]]], submissionExerciseType=programming, isProcessing=false, buildStartDate=null, estimatedCompletionDate=null], participation=ParticipationDTO[id=2043, testRun=false, type=solution, submissionCount=null, exercise=ParticipationExerciseDTO[id=2615, exerciseType=PROGRAMMING, type=programming, assessmentType=AUTOMATIC, dueDate=2025-02-16T23:45:56.808788Z, assessmentDueDate=null, maxPoints=42.0, course=CourseDTO[id=998, accuracyOfScores=1]]], feedbacks=[FeedbackDTO[id=1037, text=null, detailText=null, hasLongFeedbackText=false, reference=null, credits=3.230769230769231, positive=true, type=AUTOMATIC, visibility=ALWAYS, testCase=TestCaseDTO[testName=testMethods[Context], id=1539]], FeedbackDTO[id=1038, text=null, detailText=null, hasLongFeedbackText=false, reference=null, credits=3.230769230769231, positive=true, type=AUTOMATIC, visibility=ALWAYS, testCase=TestCaseDTO[testName=testMethods[Policy], id=1540]], FeedbackDTO[id=1039, text=null, detailText=null, hasLongFeedbackText=false, reference=null, credits=3.230769230769231, positive=true, type=AUTOMATIC, visibility=ALWAYS, testCase=TestCaseDTO[testName=testMethods[SortStrategy], id=1541]], FeedbackDTO[id=1040, text=null, detailText=null, hasLongFeedbackText=false, reference=null, credits=3.230769230769231, positive=true, type=AUTOMATIC, visibility=ALWAYS, testCase=TestCaseDTO[testName=testClass[MergeSort], id=1536]], FeedbackDTO[id=1041, text=null, detailText=null, hasLongFeedbackText=false, reference=null, credits=3.230769230769231, positive=true, type=AUTOMATIC, visibility=ALWAYS, testCase=TestCaseDTO[testName=testClass[SortStrategy], id=1533]], FeedbackDTO[id=1042, text=null, detailText=null, hasLongFeedbackText=false, reference=null, credits=3.230769230769231, positive=true, type=AUTOMATIC, visibility=ALWAYS, testCase=TestCaseDTO[testName=testClass[BubbleSort], id=1537]], FeedbackDTO[id=1043, text=null, detailText=null, hasLongFeedbackText=false, reference=null, credits=3.230769230769231, positive=true, type=AUTOMATIC, visibility=ALWAYS, testCase=TestCaseDTO[testName=testMergeSort(), id=1542]], FeedbackDTO[id=1044, text=null, detailText=null, hasLongFeedbackText=false, reference=null, credits=3.230769230769231, positive=true, type=AUTOMATIC, visibility=ALWAYS, testCase=TestCaseDTO[testName=testUseBubbleSortForSmallList(), id=1543]], FeedbackDTO[id=1045, text=null, detailText=null, hasLongFeedbackText=false, reference=null, credits=3.230769230769231, positive=true, type=AUTOMATIC, visibility=ALWAYS, testCase=TestCaseDTO[testName=testBubbleSort(), id=1545]], FeedbackDTO[id=1046, text=null, detailText=null, hasLongFeedbackText=false, reference=null, credits=3.230769230769231, positive=true, type=AUTOMATIC, visibility=ALWAYS, testCase=TestCaseDTO[testName=testUseMergeSortForBigList(), id=1544]], FeedbackDTO[id=1047, text=null, detailText=null, hasLongFeedbackText=false, reference=null, credits=3.230769230769231, positive=true, type=AUTOMATIC, visibility=ALWAYS, testCase=TestCaseDTO[testName=testConstructors[Policy], id=1538]], FeedbackDTO[id=1048, text=null, detailText=null, hasLongFeedbackText=false, reference=null, credits=3.230769230769231, positive=true, type=AUTOMATIC, visibility=ALWAYS, testCase=TestCaseDTO[testName=testAttributes[Context], id=1534]], FeedbackDTO[id=1049, text=null, detailText=null, hasLongFeedbackText=false, reference=null, credits=3.230769230769231, positive=true, type=AUTOMATIC, visibility=ALWAYS, testCase=TestCaseDTO[testName=testAttributes[Policy], id=1535]]], assessmentType=AUTOMATIC, hasComplaint=null, exampleResult=null, testCaseCount=13, passedTestCaseCount=13, codeIssueCount=0]], BuildJobQueueItem[id=20471739576759335, name=SHORT07624A260BD060493708A050BB6FAE261DD5TSTEXC-LOCALVCCIINTSTUDENT1, buildAgent=BuildAgentDTO[name=artemis-build-agent-test, memberAddress=[127.0.0.1]:5703, displayName=artemis-build-agent-test], participationId=2047, courseId=999, exerciseId=2616, retryCount=0, priority=2, status=SUCCESSFUL, repositoryInfo=RepositoryInfo[repositoryName=short07624a260bd060493708a050bb6fae261dd5tstexc-localvcciintstudent1, repositoryType=user, triggeredByPushTo=user, assignmentRepositoryUri=http://localhost:49152/git/SHORT07624A260BD060493708A050BB6FAE261DD5TSTEXC/short07624a260bd060493708a050bb6fae261dd5tstexc-localvcciintstudent1.git, testRepositoryUri=http://localhost:49152/git/SHORT07624A260BD060493708A050BB6FAE261DD5TSTEXC/short07624a260bd060493708a050bb6fae261dd5tstexc-tests.git, solutionRepositoryUri=null, auxiliaryRepositoryUris=[Ljava.lang.String;@4515cf15, auxiliaryRepositoryCheckoutDirectories=[Ljava.lang.String;@627d24a7], jobTimingInfo=JobTimingInfo[submissionDate=2025-02-14T23:45:59.335772293Z[Etc/UTC], buildStartDate=2025-02-14T23:45:59.344175895Z[Etc/UTC], buildCompletionDate=2025-02-14T23:46:00.603413500Z[Etc/UTC], estimatedCompletionDate=2025-02-14T23:46:18.344169813Z[Etc/UTC], estimatedDuration=19], buildConfig=BuildConfig[buildScript=#!/bin/bash
cd /var/tmp/testing-dir
chmod +x ./gradlew
./gradlew clean test
, dockerImage=dummy-docker-image:latest, commitHashToBuild=18a07c7296dd70e3280c5bdcec7fccd0be6b8148, assignmentCommitHash=18a07c7296dd70e3280c5bdcec7fccd0be6b8148, testCommitHash=d654a233667bae063bb900e455fd2da456e10333, branch=main, programmingLanguage=JAVA, projectType=PLAIN_GRADLE, scaEnabled=false, sequentialTestRunsEnabled=false, resultPaths=[/var/tmp/testing-dir/**/test-results/test/*.xml], timeoutSeconds=0, assignmentCheckoutPath=null, testCheckoutPath=null, solutionCheckoutPath=null, dockerRunConfig=null], submissionResult=null]], publicSshKey=ssh-rsa AAAAB3NzaC1yc2EAAAADAQABAAACAQCOPdMsxRE2jFJ/UEa5/LsBxtwzJcrh3/rYBCQvcMeVpiRfhzQPWu7mrt/G2Ew+i+vRloGH9aqKg6dd1liRncao53Zmd/ePxoatXePNhmzTfkCkcSkTUz7B+QMjkoDDV5jwuFPD6mF3JkhuzSi64n9Zy905t4w2IhVcjM2mL3eYNjiCXt6Qpq3Pkt7dM/Ksw1nxnvuiIALuJLB3FTkXkHqq3PJav+9HSq2r6ZaWgekneaGxlQlb+U+Vy3XOuArKAzK8c8i+0bR+AHiTG6ncYXt7ax3U+TdlDTF7OLP3umwaYjs1NBXOHwG42pevvpKn2fqavZZozk+M05jXLx3bq0O7itxfErWc7etky8qYPyyIMF/txQIVLd78+Ze4d7Y60t5MGbXM5cGE6fFif5fEJwgswXD+BrG0cafz1CTatjSKFdvp8Vp4VszXhHDan1PrP6JEFJ5Cc5GDmLRZPCFa3vL9f5qXgf4bkqKN8MYeEujwJE5nMRWoiJVNakix2bcrrneQMBlnYeYZVWXXXUusAQBzl4NgddC1umZpihZkL1b1MffZAUW3EGEXi7KHnllQhkTLLsQ8ntMgbylqaJKStqaXlLvdeRJcEnUuiFCrHEVVbXRFZR7XVDZ02CE5o3MuaRPty8Kh+jRTF3COlAckHwYEJCNNJvXFgb2CNXL4mjzYDw== test@localhost]
    23:46:00.735 | 380 ool-1-worker-144 | WARN  | o.z.p.spring.common.AdviceTraits     : Forbidden: Access Denied
    23:46:00.740 | 566 localvc.event-13 | DEBUG | s.l.LocalCIWebsocketMessagingService : Sending message on topic /topic/admin/build-agents: [BuildAgentInformation[buildAgent=BuildAgentDTO[name=artemis-build-agent-test, memberAddress=[127.0.0.1]:5703, displayName=artemis-build-agent-test], maxNumberOfConcurrentBuildJobs=1, numberOfCurrentBuildJobs=0, runningBuildJobs=[], status=IDLE, recentBuildJobs=null, publicSshKey=null]]
    23:46:00.741 | 566 localvc.event-13 | DEBUG | s.l.LocalCIWebsocketMessagingService : Sending message on topic /topic/admin/build-agent/artemis-build-agent-test: BuildAgentInformation[buildAgent=BuildAgentDTO[name=artemis-build-agent-test, memberAddress=[127.0.0.1]:5703, displayName=artemis-build-agent-test], maxNumberOfConcurrentBuildJobs=1, numberOfCurrentBuildJobs=0, runningBuildJobs=[], status=IDLE, recentBuildJobs=[BuildJobQueueItem[id=19361739576711303, name=SHORT9AFDAE3804CA304DDF0889A0CB0F56104A86TSTEXC-LOCALVCINTSTUDENT1, buildAgent=BuildAgentDTO[name=artemis-build-agent-test, memberAddress=[127.0.0.1]:5703, displayName=artemis-build-agent-test], participationId=1936, courseId=956, exerciseId=2573, retryCount=0, priority=2, status=FAILED, repositoryInfo=RepositoryInfo[repositoryName=short9afdae3804ca304ddf0889a0cb0f56104a86tstexc-localvcintstudent1, repositoryType=user, triggeredByPushTo=user, assignmentRepositoryUri=http://localhost:49152/git/SHORT9AFDAE3804CA304DDF0889A0CB0F56104A86TSTEXC/short9afdae3804ca304ddf0889a0cb0f56104a86tstexc-localvcintstudent1.git, testRepositoryUri=http://localhost:49152/git/SHORT9AFDAE3804CA304DDF0889A0CB0F56104A86TSTEXC/short9afdae3804ca304ddf0889a0cb0f56104a86tstexc-tests.git, solutionRepositoryUri=null, auxiliaryRepositoryUris=[Ljava.lang.String;@57700010, auxiliaryRepositoryCheckoutDirectories=[Ljava.lang.String;@5ca34e45], jobTimingInfo=JobTimingInfo[submissionDate=2025-02-14T23:45:11.303805653Z[Etc/UTC], buildStartDate=2025-02-14T23:45:11.310981356Z[Etc/UTC], buildCompletionDate=2025-02-14T23:45:11.319178384Z[Etc/UTC], estimatedCompletionDate=2025-02-14T23:45:30.310974944Z[Etc/UTC], estimatedDuration=19], buildConfig=BuildConfig[buildScript=#!/bin/bash
cd /var/tmp/testing-dir
chmod +x ./gradlew
./gradlew clean test
, dockerImage=dummy-docker-image:latest, commitHashToBuild=a1099e378cffde441ef85f9b12577ca174b8e1e4, assignmentCommitHash=a1099e378cffde441ef85f9b12577ca174b8e1e4, testCommitHash=bd38d61c299ab11a1dea82a3ca5493fe04d97d47, branch=main, programmingLanguage=JAVA, projectType=PLAIN_GRADLE, scaEnabled=false, sequentialTestRunsEnabled=false, resultPaths=[/var/tmp/testing-dir/**/test-results/test/*.xml], timeoutSeconds=0, assignmentCheckoutPath=null, testCheckoutPath=null, solutionCheckoutPath=null, dockerRunConfig=null], submissionResult=ResultDTO[id=623, completionDate=2025-02-14T23:45:11.319278430Z[Etc/UTC], successful=false, score=0.0, rated=true, submission=SubmissionDTO[id=815, submitted=true, type=MANUAL, exampleSubmission=null, submissionDate=2025-02-14T23:45:11.294386Z, commitHash=a1099e378cffde441ef85f9b12577ca174b8e1e4, buildFailed=true, buildArtifact=false, participation=ParticipationDTO[id=1936, testRun=false, type=programming, submissionCount=null, exercise=ParticipationExerciseDTO[id=2573, exerciseType=PROGRAMMING, type=programming, assessmentType=AUTOMATIC, dueDate=2025-02-16T23:45:10.996982Z, assessmentDueDate=null, maxPoints=42.0, course=CourseDTO[id=956, accuracyOfScores=1]]], submissionExerciseType=programming, isProcessing=false, buildStartDate=null, estimatedCompletionDate=null], participation=ParticipationDTO[id=1936, testRun=false, type=programming, submissionCount=null, exercise=ParticipationExerciseDTO[id=2573, exerciseType=PROGRAMMING, type=programming, assessmentType=AUTOMATIC, dueDate=2025-02-16T23:45:10.996982Z, assessmentDueDate=null, maxPoints=42.0, course=CourseDTO[id=956, accuracyOfScores=1]]], feedbacks=[], assessmentType=AUTOMATIC, hasComplaint=null, exampleResult=null, testCaseCount=0, passedTestCaseCount=0, codeIssueCount=0]], BuildJobQueueItem[id=19351739576711674, name=SHORT9AFDAE3804CA304DDF0889A0CB0F56104A86TSTEXC-BASE, buildAgent=BuildAgentDTO[name=artemis-build-agent-test, memberAddress=[127.0.0.1]:5703, displayName=artemis-build-agent-test], participationId=1935, courseId=956, exerciseId=2573, retryCount=0, priority=2, status=FAILED, repositoryInfo=RepositoryInfo[repositoryName=short9afdae3804ca304ddf0889a0cb0f56104a86tstexc-exercise, repositoryType=exercise, triggeredByPushTo=exercise, assignmentRepositoryUri=http://localhost:49152/git/SHORT9AFDAE3804CA304DDF0889A0CB0F56104A86TSTEXC/short9afdae3804ca304ddf0889a0cb0f56104a86tstexc-exercise.git, testRepositoryUri=http://localhost:49152/git/SHORT9AFDAE3804CA304DDF0889A0CB0F56104A86TSTEXC/short9afdae3804ca304ddf0889a0cb0f56104a86tstexc-tests.git, solutionRepositoryUri=null, auxiliaryRepositoryUris=[Ljava.lang.String;@1d5c4ada, auxiliaryRepositoryCheckoutDirectories=[Ljava.lang.String;@1149ad70], jobTimingInfo=JobTimingInfo[submissionDate=2025-02-14T23:45:11.674556681Z[Etc/UTC], buildStartDate=2025-02-14T23:45:11.677776879Z[Etc/UTC], buildCompletionDate=2025-02-14T23:45:11.688097378Z[Etc/UTC], estimatedCompletionDate=2025-02-14T23:45:30.677771620Z[Etc/UTC], estimatedDuration=19], buildConfig=BuildConfig[buildScript=#!/bin/bash
cd /var/tmp/testing-dir
chmod +x ./gradlew
./gradlew clean test
, dockerImage=dummy-docker-image:latest, commitHashToBuild=a1099e378cffde441ef85f9b12577ca174b8e1e4, assignmentCommitHash=a1099e378cffde441ef85f9b12577ca174b8e1e4, testCommitHash=bd38d61c299ab11a1dea82a3ca5493fe04d97d47, branch=main, programmingLanguage=JAVA, projectType=PLAIN_GRADLE, scaEnabled=false, sequentialTestRunsEnabled=false, resultPaths=[/var/tmp/testing-dir/**/test-results/test/*.xml], timeoutSeconds=0, assignmentCheckoutPath=null, testCheckoutPath=null, solutionCheckoutPath=null, dockerRunConfig=null], submissionResult=ResultDTO[id=624, completionDate=2025-02-14T23:45:11.688214837Z[Etc/UTC], successful=false, score=0.0, rated=true, submission=SubmissionDTO[id=816, submitted=true, type=MANUAL, exampleSubmission=null, submissionDate=2025-02-14T23:45:11.656934Z, commitHash=a1099e378cffde441ef85f9b12577ca174b8e1e4, buildFailed=true, buildArtifact=false, participation=ParticipationDTO[id=1935, testRun=false, type=template, submissionCount=null, exercise=ParticipationExerciseDTO[id=2573, exerciseType=PROGRAMMING, type=programming, assessmentType=AUTOMATIC, dueDate=2025-02-16T23:45:10.996982Z, assessmentDueDate=null, maxPoints=42.0, course=CourseDTO[id=956, accuracyOfScores=1]]], submissionExerciseType=programming, isProcessing=false, buildStartDate=null, estimatedCompletionDate=null], participation=ParticipationDTO[id=1935, testRun=false, type=template, submissionCount=null, exercise=ParticipationExerciseDTO[id=2573, exerciseType=PROGRAMMING, type=programming, assessmentType=AUTOMATIC, dueDate=2025-02-16T23:45:10.996982Z, assessmentDueDate=null, maxPoints=42.0, course=CourseDTO[id=956, accuracyOfScores=1]]], feedbacks=[], assessmentType=AUTOMATIC, hasComplaint=null, exampleResult=null, testCaseCount=0, passedTestCaseCount=0, codeIssueCount=0]], BuildJobQueueItem[id=19341739576712112, name=SHORT9AFDAE3804CA304DDF0889A0CB0F56104A86TSTEXC-SOLUTION, buildAgent=BuildAgentDTO[name=artemis-build-agent-test, memberAddress=[127.0.0.1]:5703, displayName=artemis-build-agent-test], participationId=1934, courseId=956, exerciseId=2573, retryCount=0, priority=2, status=FAILED, repositoryInfo=RepositoryInfo[repositoryName=short9afdae3804ca304ddf0889a0cb0f56104a86tstexc-solution, repositoryType=solution, triggeredByPushTo=solution, assignmentRepositoryUri=http://localhost:49152/git/SHORT9AFDAE3804CA304DDF0889A0CB0F56104A86TSTEXC/short9afdae3804ca304ddf0889a0cb0f56104a86tstexc-solution.git, testRepositoryUri=http://localhost:49152/git/SHORT9AFDAE3804CA304DDF0889A0CB0F56104A86TSTEXC/short9afdae3804ca304ddf0889a0cb0f56104a86tstexc-tests.git, solutionRepositoryUri=null, auxiliaryRepositoryUris=[Ljava.lang.String;@46ee5fc9, auxiliaryRepositoryCheckoutDirectories=[Ljava.lang.String;@f9f037], jobTimingInfo=JobTimingInfo[submissionDate=2025-02-14T23:45:12.112332872Z[Etc/UTC], buildStartDate=2025-02-14T23:45:12.121617114Z[Etc/UTC], buildCompletionDate=2025-02-14T23:45:12.127931701Z[Etc/UTC], estimatedCompletionDate=2025-02-14T23:45:31.121609600Z[Etc/UTC], estimatedDuration=19], buildConfig=BuildConfig[buildScript=#!/bin/bash
cd /var/tmp/testing-dir
chmod +x ./gradlew
./gradlew clean test
, dockerImage=dummy-docker-image:latest, commitHashToBuild=a1099e378cffde441ef85f9b12577ca174b8e1e4, assignmentCommitHash=a1099e378cffde441ef85f9b12577ca174b8e1e4, testCommitHash=bd38d61c299ab11a1dea82a3ca5493fe04d97d47, branch=main, programmingLanguage=JAVA, projectType=PLAIN_GRADLE, scaEnabled=false, sequentialTestRunsEnabled=false, resultPaths=[/var/tmp/testing-dir/**/test-results/test/*.xml], timeoutSeconds=0, assignmentCheckoutPath=null, testCheckoutPath=null, solutionCheckoutPath=null, dockerRunConfig=null], submissionResult=ResultDTO[id=625, completionDate=2025-02-14T23:45:12.128011800Z[Etc/UTC], successful=false, score=0.0, rated=true, submission=SubmissionDTO[id=817, submitted=true, type=MANUAL, exampleSubmission=null, submissionDate=2025-02-14T23:45:12.098737Z, commitHash=a1099e378cffde441ef85f9b12577ca174b8e1e4, buildFailed=true, buildArtifact=false, participation=ParticipationDTO[id=1934, testRun=false, type=solution, submissionCount=null, exercise=ParticipationExerciseDTO[id=2573, exerciseType=PROGRAMMING, type=programming, assessmentType=AUTOMATIC, dueDate=2025-02-16T23:45:10.996982Z, assessmentDueDate=null, maxPoints=42.0, course=CourseDTO[id=956, accuracyOfScores=1]]], submissionExerciseType=programming, isProcessing=false, buildStartDate=null, estimatedCompletionDate=null], participation=ParticipationDTO[id=1934, testRun=false, type=solution, submissionCount=null, exercise=ParticipationExerciseDTO[id=2573, exerciseType=PROGRAMMING, type=programming, assessmentType=AUTOMATIC, dueDate=2025-02-16T23:45:10.996982Z, assessmentDueDate=null, maxPoints=42.0, course=CourseDTO[id=956, accuracyOfScores=1]]], feedbacks=[], assessmentType=AUTOMATIC, hasComplaint=null, exampleResult=null, testCaseCount=0, passedTestCaseCount=0, codeIssueCount=0]], BuildJobQueueItem[id=19341739576713025, name=SHORT9AFDAE3804CA304DDF0889A0CB0F56104A86TSTEXC-SOLUTION, buildAgent=BuildAgentDTO[name=artemis-build-agent-test, memberAddress=[127.0.0.1]:5703, displayName=artemis-build-agent-test], participationId=1934, courseId=956, exerciseId=2573, retryCount=0, priority=2, status=FAILED, repositoryInfo=RepositoryInfo[repositoryName=short9afdae3804ca304ddf0889a0cb0f56104a86tstexc-solution, repositoryType=solution, triggeredByPushTo=tests, assignmentRepositoryUri=http://localhost:49152/git/SHORT9AFDAE3804CA304DDF0889A0CB0F56104A86TSTEXC/short9afdae3804ca304ddf0889a0cb0f56104a86tstexc-solution.git, testRepositoryUri=http://localhost:49152/git/SHORT9AFDAE3804CA304DDF0889A0CB0F56104A86TSTEXC/short9afdae3804ca304ddf0889a0cb0f56104a86tstexc-tests.git, solutionRepositoryUri=null, auxiliaryRepositoryUris=[Ljava.lang.String;@7f0c6068, auxiliaryRepositoryCheckoutDirectories=[Ljava.lang.String;@237270d4], jobTimingInfo=JobTimingInfo[submissionDate=2025-02-14T23:45:13.025319671Z[Etc/UTC], buildStartDate=2025-02-14T23:45:13.040293146Z[Etc/UTC], buildCompletionDate=2025-02-14T23:45:13.053032917Z[Etc/UTC], estimatedCompletionDate=2025-02-14T23:45:32.040285703Z[Etc/UTC], estimatedDuration=19], buildConfig=BuildConfig[buildScript=#!/bin/bash
cd /var/tmp/testing-dir
chmod +x ./gradlew
./gradlew clean test
, dockerImage=dummy-docker-image:latest, commitHashToBuild=784f8f0049d2a1a54f21c67dd772bea86715267a, assignmentCommitHash=a1099e378cffde441ef85f9b12577ca174b8e1e4, testCommitHash=784f8f0049d2a1a54f21c67dd772bea86715267a, branch=main, programmingLanguage=JAVA, projectType=PLAIN_GRADLE, scaEnabled=false, sequentialTestRunsEnabled=false, resultPaths=[/var/tmp/testing-dir/**/test-results/test/*.xml], timeoutSeconds=0, assignmentCheckoutPath=null, testCheckoutPath=null, solutionCheckoutPath=null, dockerRunConfig=null], submissionResult=ResultDTO[id=626, completionDate=2025-02-14T23:45:13.053131811Z[Etc/UTC], successful=false, score=0.0, rated=true, submission=SubmissionDTO[id=818, submitted=true, type=TEST, exampleSubmission=null, submissionDate=2025-02-14T23:45:13.005779Z, commitHash=784f8f0049d2a1a54f21c67dd772bea86715267a, buildFailed=true, buildArtifact=false, participation=ParticipationDTO[id=1934, testRun=false, type=solution, submissionCount=null, exercise=ParticipationExerciseDTO[id=2573, exerciseType=PROGRAMMING, type=programming, assessmentType=AUTOMATIC, dueDate=2025-02-16T23:45:10.996982Z, assessmentDueDate=null, maxPoints=42.0, course=CourseDTO[id=956, accuracyOfScores=1]]], submissionExerciseType=programming, isProcessing=false, buildStartDate=null, estimatedCompletionDate=null], participation=ParticipationDTO[id=1934, testRun=false, type=solution, submissionCount=null, exercise=ParticipationExerciseDTO[id=2573, exerciseType=PROGRAMMING, type=programming, assessmentType=AUTOMATIC, dueDate=2025-02-16T23:45:10.996982Z, assessmentDueDate=null, maxPoints=42.0, course=CourseDTO[id=956, accuracyOfScores=1]]], feedbacks=[], assessmentType=AUTOMATIC, hasComplaint=null, exampleResult=null, testCaseCount=0, passedTestCaseCount=0, codeIssueCount=0]], BuildJobQueueItem[id=19581739576715555, name=SHORTC1A3F9FC03D2304B4308FA20AF16D54AAA49TSTEXC-LOCALVCSSHINTSTUDENT1, buildAgent=BuildAgentDTO[name=artemis-build-agent-test, memberAddress=[127.0.0.1]:5703, displayName=artemis-build-agent-test], participationId=1958, courseId=965, exerciseId=2582, retryCount=0, priority=2, status=FAILED, repositoryInfo=RepositoryInfo[repositoryName=shortc1a3f9fc03d2304b4308fa20af16d54aaa49tstexc-localvcsshintstudent1, repositoryType=user, triggeredByPushTo=user, assignmentRepositoryUri=http://localhost:49152/git/SHORTC1A3F9FC03D2304B4308FA20AF16D54AAA49TSTEXC/shortc1a3f9fc03d2304b4308fa20af16d54aaa49tstexc-localvcsshintstudent1.git, testRepositoryUri=http://localhost:49152/git/SHORTC1A3F9FC03D2304B4308FA20AF16D54AAA49TSTEXC/shortc1a3f9fc03d2304b4308fa20af16d54aaa49tstexc-tests.git, solutionRepositoryUri=null, auxiliaryRepositoryUris=[Ljava.lang.String;@17d66364, auxiliaryRepositoryCheckoutDirectories=[Ljava.lang.String;@586151e1], jobTimingInfo=JobTimingInfo[submissionDate=2025-02-14T23:45:15.555989584Z[Etc/UTC], buildStartDate=2025-02-14T23:45:15.568477627Z[Etc/UTC], buildCompletionDate=2025-02-14T23:45:15.579021148Z[Etc/UTC], estimatedCompletionDate=2025-02-14T23:45:34.568443924Z[Etc/UTC], estimatedDuration=19], buildConfig=BuildConfig[buildScript=#!/bin/bash
cd /var/tmp/testing-dir
chmod +x ./gradlew
./gradlew clean test
, dockerImage=dummy-docker-image:latest, commitHashToBuild=ca76dac20e040e6609db02fd7fedd56bf58829d7, assignmentCommitHash=ca76dac20e040e6609db02fd7fedd56bf58829d7, testCommitHash=bd0d58c226dc63bfa4bc9052870589952c0a1f83, branch=main, programmingLanguage=JAVA, projectType=PLAIN_GRADLE, scaEnabled=false, sequentialTestRunsEnabled=false, resultPaths=[/var/tmp/testing-dir/**/test-results/test/*.xml], timeoutSeconds=0, assignmentCheckoutPath=null, testCheckoutPath=null, solutionCheckoutPath=null, dockerRunConfig=null], submissionResult=ResultDTO[id=627, completionDate=2025-02-14T23:45:15.579119131Z[Etc/UTC], successful=false, score=0.0, rated=true, submission=SubmissionDTO[id=820, submitted=true, type=MANUAL, exampleSubmission=null, submissionDate=2025-02-14T23:45:15.548349Z, commitHash=ca76dac20e040e6609db02fd7fedd56bf58829d7, buildFailed=true, buildArtifact=false, participation=ParticipationDTO[id=1958, testRun=false, type=programming, submissionCount=null, exercise=ParticipationExerciseDTO[id=2582, exerciseType=PROGRAMMING, type=programming, assessmentType=AUTOMATIC, dueDate=2025-02-16T23:45:15.103512Z, assessmentDueDate=null, maxPoints=42.0, course=CourseDTO[id=965, accuracyOfScores=1]]], submissionExerciseType=programming, isProcessing=false, buildStartDate=null, estimatedCompletionDate=null], participation=ParticipationDTO[id=1958, testRun=false, type=programming, submissionCount=null, exercise=ParticipationExerciseDTO[id=2582, exerciseType=PROGRAMMING, type=programming, assessmentType=AUTOMATIC, dueDate=2025-02-16T23:45:15.103512Z, assessmentDueDate=null, maxPoints=42.0, course=CourseDTO[id=965, accuracyOfScores=1]]], feedbacks=[], assessmentType=AUTOMATIC, hasComplaint=null, exampleResult=null, testCaseCount=0, passedTestCaseCount=0, codeIssueCount=0]], BuildJobQueueItem[id=19801739576719393, name=SHORTB2A6C58B0D447045380A858075B170A5B7C6TSTEXC-LOCALVCSSHINTSTUDENT1, buildAgent=BuildAgentDTO[name=artemis-build-agent-test, memberAddress=[127.0.0.1]:5703, displayName=artemis-build-agent-test], participationId=1980, courseId=974, exerciseId=2591, retryCount=0, priority=2, status=FAILED, repositoryInfo=RepositoryInfo[repositoryName=shortb2a6c58b0d447045380a858075b170a5b7c6tstexc-localvcsshintstudent1, repositoryType=user, triggeredByPushTo=user, assignmentRepositoryUri=http://localhost:49152/git/SHORTB2A6C58B0D447045380A858075B170A5B7C6TSTEXC/shortb2a6c58b0d447045380a858075b170a5b7c6tstexc-localvcsshintstudent1.git, testRepositoryUri=http://localhost:49152/git/SHORTB2A6C58B0D447045380A858075B170A5B7C6TSTEXC/shortb2a6c58b0d447045380a858075b170a5b7c6tstexc-tests.git, solutionRepositoryUri=null, auxiliaryRepositoryUris=[Ljava.lang.String;@44f265a5, auxiliaryRepositoryCheckoutDirectories=[Ljava.lang.String;@7436493f], jobTimingInfo=JobTimingInfo[submissionDate=2025-02-14T23:45:19.393259829Z[Etc/UTC], buildStartDate=2025-02-14T23:45:19.405438171Z[Etc/UTC], buildCompletionDate=2025-02-14T23:45:19.414070673Z[Etc/UTC], estimatedCompletionDate=2025-02-14T23:45:38.405431569Z[Etc/UTC], estimatedDuration=19], buildConfig=BuildConfig[buildScript=#!/bin/bash
cd /var/tmp/testing-dir
chmod +x ./gradlew
./gradlew clean test
, dockerImage=dummy-docker-image:latest, commitHashToBuild=363cdbf709a9fff149f813ab848ee800a675cc77, assignmentCommitHash=363cdbf709a9fff149f813ab848ee800a675cc77, testCommitHash=a5e046ece417b2e538f21f816e2524dab61e0d10, branch=main, programmingLanguage=JAVA, projectType=PLAIN_GRADLE, scaEnabled=false, sequentialTestRunsEnabled=false, resultPaths=[/var/tmp/testing-dir/**/test-results/test/*.xml], timeoutSeconds=0, assignmentCheckoutPath=null, testCheckoutPath=null, solutionCheckoutPath=null, dockerRunConfig=null], submissionResult=ResultDTO[id=628, completionDate=2025-02-14T23:45:19.414171040Z[Etc/UTC], successful=false, score=0.0, rated=true, submission=SubmissionDTO[id=821, submitted=true, type=MANUAL, exampleSubmission=null, submissionDate=2025-02-14T23:45:19.376840Z, commitHash=363cdbf709a9fff149f813ab848ee800a675cc77, buildFailed=true, buildArtifact=false, participation=ParticipationDTO[id=1980, testRun=false, type=programming, submissionCount=null, exercise=ParticipationExerciseDTO[id=2591, exerciseType=PROGRAMMING, type=programming, assessmentType=AUTOMATIC, dueDate=2025-02-16T23:45:18.950569Z, assessmentDueDate=null, maxPoints=42.0, course=CourseDTO[id=974, accuracyOfScores=1]]], submissionExerciseType=programming, isProcessing=false, buildStartDate=null, estimatedCompletionDate=null], participation=ParticipationDTO[id=1980, testRun=false, type=programming, submissionCount=null, exercise=ParticipationExerciseDTO[id=2591, exerciseType=PROGRAMMING, type=programming, assessmentType=AUTOMATIC, dueDate=2025-02-16T23:45:18.950569Z, assessmentDueDate=null, maxPoints=42.0, course=CourseDTO[id=974, accuracyOfScores=1]]], feedbacks=[], assessmentType=AUTOMATIC, hasComplaint=null, exampleResult=null, testCaseCount=0, passedTestCaseCount=0, codeIssueCount=0]], BuildJobQueueItem[id=19791739576719787, name=SHORTB2A6C58B0D447045380A858075B170A5B7C6TSTEXC-BASE, buildAgent=BuildAgentDTO[name=artemis-build-agent-test, memberAddress=[127.0.0.1]:5703, displayName=artemis-build-agent-test], participationId=1979, courseId=974, exerciseId=2591, retryCount=0, priority=2, status=FAILED, repositoryInfo=RepositoryInfo[repositoryName=shortb2a6c58b0d447045380a858075b170a5b7c6tstexc-exercise, repositoryType=exercise, triggeredByPushTo=exercise, assignmentRepositoryUri=http://localhost:49152/git/SHORTB2A6C58B0D447045380A858075B170A5B7C6TSTEXC/shortb2a6c58b0d447045380a858075b170a5b7c6tstexc-exercise.git, testRepositoryUri=http://localhost:49152/git/SHORTB2A6C58B0D447045380A858075B170A5B7C6TSTEXC/shortb2a6c58b0d447045380a858075b170a5b7c6tstexc-tests.git, solutionRepositoryUri=null, auxiliaryRepositoryUris=[Ljava.lang.String;@505fc99e, auxiliaryRepositoryCheckoutDirectories=[Ljava.lang.String;@263642d], jobTimingInfo=JobTimingInfo[submissionDate=2025-02-14T23:45:19.787985058Z[Etc/UTC], buildStartDate=2025-02-14T23:45:19.796327417Z[Etc/UTC], buildCompletionDate=2025-02-14T23:45:19.799750982Z[Etc/UTC], estimatedCompletionDate=2025-02-14T23:45:38.796319082Z[Etc/UTC], estimatedDuration=19], buildConfig=BuildConfig[buildScript=#!/bin/bash
cd /var/tmp/testing-dir
chmod +x ./gradlew
./gradlew clean test
, dockerImage=dummy-docker-image:latest, commitHashToBuild=363cdbf709a9fff149f813ab848ee800a675cc77, assignmentCommitHash=363cdbf709a9fff149f813ab848ee800a675cc77, testCommitHash=a5e046ece417b2e538f21f816e2524dab61e0d10, branch=main, programmingLanguage=JAVA, projectType=PLAIN_GRADLE, scaEnabled=false, sequentialTestRunsEnabled=false, resultPaths=[/var/tmp/testing-dir/**/test-results/test/*.xml], timeoutSeconds=0, assignmentCheckoutPath=null, testCheckoutPath=null, solutionCheckoutPath=null, dockerRunConfig=null], submissionResult=ResultDTO[id=629, completionDate=2025-02-14T23:45:19.799820341Z[Etc/UTC], successful=false, score=0.0, rated=true, submission=SubmissionDTO[id=822, submitted=true, type=MANUAL, exampleSubmission=null, submissionDate=2025-02-14T23:45:19.775952Z, commitHash=363cdbf709a9fff149f813ab848ee800a675cc77, buildFailed=true, buildArtifact=false, participation=ParticipationDTO[id=1979, testRun=false, type=template, submissionCount=null, exercise=ParticipationExerciseDTO[id=2591, exerciseType=PROGRAMMING, type=programming, assessmentType=AUTOMATIC, dueDate=2025-02-16T23:45:18.950569Z, assessmentDueDate=null, maxPoints=42.0, course=CourseDTO[id=974, accuracyOfScores=1]]], submissionExerciseType=programming, isProcessing=false, buildStartDate=null, estimatedCompletionDate=null], participation=ParticipationDTO[id=1979, testRun=false, type=template, submissionCount=null, exercise=ParticipationExerciseDTO[id=2591, exerciseType=PROGRAMMING, type=programming, assessmentType=AUTOMATIC, dueDate=2025-02-16T23:45:18.950569Z, assessmentDueDate=null, maxPoints=42.0, course=CourseDTO[id=974, accuracyOfScores=1]]], feedbacks=[], assessmentType=AUTOMATIC, hasComplaint=null, exampleResult=null, testCaseCount=0, passedTestCaseCount=0, codeIssueCount=0]], BuildJobQueueItem[id=19781739576720235, name=SHORTB2A6C58B0D447045380A858075B170A5B7C6TSTEXC-SOLUTION, buildAgent=BuildAgentDTO[name=artemis-build-agent-test, memberAddress=[127.0.0.1]:5703, displayName=artemis-build-agent-test], participationId=1978, courseId=974, exerciseId=2591, retryCount=0, priority=2, status=FAILED, repositoryInfo=RepositoryInfo[repositoryName=shortb2a6c58b0d447045380a858075b170a5b7c6tstexc-solution, repositoryType=solution, triggeredByPushTo=solution, assignmentRepositoryUri=http://localhost:49152/git/SHORTB2A6C58B0D447045380A858075B170A5B7C6TSTEXC/shortb2a6c58b0d447045380a858075b170a5b7c6tstexc-solution.git, testRepositoryUri=http://localhost:49152/git/SHORTB2A6C58B0D447045380A858075B170A5B7C6TSTEXC/shortb2a6c58b0d447045380a858075b170a5b7c6tstexc-tests.git, solutionRepositoryUri=null, auxiliaryRepositoryUris=[Ljava.lang.String;@556bf689, auxiliaryRepositoryCheckoutDirectories=[Ljava.lang.String;@13d222aa], jobTimingInfo=JobTimingInfo[submissionDate=2025-02-14T23:45:20.235272325Z[Etc/UTC], buildStartDate=2025-02-14T23:45:20.243033812Z[Etc/UTC], buildCompletionDate=2025-02-14T23:45:20.250721018Z[Etc/UTC], estimatedCompletionDate=2025-02-14T23:45:39.243026949Z[Etc/UTC], estimatedDuration=19], buildConfig=BuildConfig[buildScript=#!/bin/bash
cd /var/tmp/testing-dir
chmod +x ./gradlew
./gradlew clean test
, dockerImage=dummy-docker-image:latest, commitHashToBuild=c710d0e68c9c7db8cda7d1a278308de2b9642cc0, assignmentCommitHash=c710d0e68c9c7db8cda7d1a278308de2b9642cc0, testCommitHash=a5e046ece417b2e538f21f816e2524dab61e0d10, branch=main, programmingLanguage=JAVA, projectType=PLAIN_GRADLE, scaEnabled=false, sequentialTestRunsEnabled=false, resultPaths=[/var/tmp/testing-dir/**/test-results/test/*.xml], timeoutSeconds=0, assignmentCheckoutPath=null, testCheckoutPath=null, solutionCheckoutPath=null, dockerRunConfig=null], submissionResult=ResultDTO[id=630, completionDate=2025-02-14T23:45:20.250809893Z[Etc/UTC], successful=false, score=0.0, rated=true, submission=SubmissionDTO[id=823, submitted=true, type=MANUAL, exampleSubmission=null, submissionDate=2025-02-14T23:45:20.211707Z, commitHash=c710d0e68c9c7db8cda7d1a278308de2b9642cc0, buildFailed=true, buildArtifact=false, participation=ParticipationDTO[id=1978, testRun=false, type=solution, submissionCount=null, exercise=ParticipationExerciseDTO[id=2591, exerciseType=PROGRAMMING, type=programming, assessmentType=AUTOMATIC, dueDate=2025-02-16T23:45:18.950569Z, assessmentDueDate=null, maxPoints=42.0, course=CourseDTO[id=974, accuracyOfScores=1]]], submissionExerciseType=programming, isProcessing=false, buildStartDate=null, estimatedCompletionDate=null], participation=ParticipationDTO[id=1978, testRun=false, type=solution, submissionCount=null, exercise=ParticipationExerciseDTO[id=2591, exerciseType=PROGRAMMING, type=programming, assessmentType=AUTOMATIC, dueDate=2025-02-16T23:45:18.950569Z, assessmentDueDate=null, maxPoints=42.0, course=CourseDTO[id=974, accuracyOfScores=1]]], feedbacks=[], assessmentType=AUTOMATIC, hasComplaint=null, exampleResult=null, testCaseCount=0, passedTestCaseCount=0, codeIssueCount=0]], BuildJobQueueItem[id=19781739576720802, name=SHORTB2A6C58B0D447045380A858075B170A5B7C6TSTEXC-SOLUTION, buildAgent=BuildAgentDTO[name=artemis-build-agent-test, memberAddress=[127.0.0.1]:5703, displayName=artemis-build-agent-test], participationId=1978, courseId=974, exerciseId=2591, retryCount=0, priority=2, status=FAILED, repositoryInfo=RepositoryInfo[repositoryName=shortb2a6c58b0d447045380a858075b170a5b7c6tstexc-solution, repositoryType=solution, triggeredByPushTo=tests, assignmentRepositoryUri=http://localhost:49152/git/SHORTB2A6C58B0D447045380A858075B170A5B7C6TSTEXC/shortb2a6c58b0d447045380a858075b170a5b7c6tstexc-solution.git, testRepositoryUri=http://localhost:49152/git/SHORTB2A6C58B0D447045380A858075B170A5B7C6TSTEXC/shortb2a6c58b0d447045380a858075b170a5b7c6tstexc-tests.git, solutionRepositoryUri=null, auxiliaryRepositoryUris=[Ljava.lang.String;@3def0a77, auxiliaryRepositoryCheckoutDirectories=[Ljava.lang.String;@24b443eb], jobTimingInfo=JobTimingInfo[submissionDate=2025-02-14T23:45:20.802935026Z[Etc/UTC], buildStartDate=2025-02-14T23:45:20.809306435Z[Etc/UTC], buildCompletionDate=2025-02-14T23:45:20.822452342Z[Etc/UTC], estimatedCompletionDate=2025-02-14T23:45:39.809298491Z[Etc/UTC], estimatedDuration=19], buildConfig=BuildConfig[buildScript=#!/bin/bash
cd /var/tmp/testing-dir
chmod +x ./gradlew
./gradlew clean test
, dockerImage=dummy-docker-image:latest, commitHashToBuild=c710d0e68c9c7db8cda7d1a278308de2b9642cc0, assignmentCommitHash=c710d0e68c9c7db8cda7d1a278308de2b9642cc0, testCommitHash=c710d0e68c9c7db8cda7d1a278308de2b9642cc0, branch=main, programmingLanguage=JAVA, projectType=PLAIN_GRADLE, scaEnabled=false, sequentialTestRunsEnabled=false, resultPaths=[/var/tmp/testing-dir/**/test-results/test/*.xml], timeoutSeconds=0, assignmentCheckoutPath=null, testCheckoutPath=null, solutionCheckoutPath=null, dockerRunConfig=null], submissionResult=ResultDTO[id=631, completionDate=2025-02-14T23:45:20.822527362Z[Etc/UTC], successful=false, score=0.0, rated=true, submission=SubmissionDTO[id=824, submitted=true, type=TEST, exampleSubmission=null, submissionDate=2025-02-14T23:45:20.791240Z, commitHash=c710d0e68c9c7db8cda7d1a278308de2b9642cc0, buildFailed=true, buildArtifact=false, participation=ParticipationDTO[id=1978, testRun=false, type=solution, submissionCount=null, exercise=ParticipationExerciseDTO[id=2591, exerciseType=PROGRAMMING, type=programming, assessmentType=AUTOMATIC, dueDate=2025-02-16T23:45:18.950569Z, assessmentDueDate=null, maxPoints=42.0, course=CourseDTO[id=974, accuracyOfScores=1]]], submissionExerciseType=programming, isProcessing=false, buildStartDate=null, estimatedCompletionDate=null], participation=ParticipationDTO[id=1978, testRun=false, type=solution, submissionCount=null, exercise=ParticipationExerciseDTO[id=2591, exerciseType=PROGRAMMING, type=programming, assessmentType=AUTOMATIC, dueDate=2025-02-16T23:45:18.950569Z, assessmentDueDate=null, maxPoints=42.0, course=CourseDTO[id=974, accuracyOfScores=1]]], feedbacks=[], assessmentType=AUTOMATIC, hasComplaint=null, exampleResult=null, testCaseCount=0, passedTestCaseCount=0, codeIssueCount=0]], BuildJobQueueItem[id=20061739576732554, name=SHORT94A899E303D7504C5D0840704DAAFA3DFF4DTSTEXC-LOCALVCCIINTINSTRUCTOR1, buildAgent=BuildAgentDTO[name=artemis-build-agent-test, memberAddress=[127.0.0.1]:5703, displayName=artemis-build-agent-test], participationId=2006, courseId=984, exerciseId=2601, retryCount=0, priority=2, status=SUCCESSFUL, repositoryInfo=RepositoryInfo[repositoryName=short94a899e303d7504c5d0840704daafa3dff4dtstexc-localvcciintinstructor1, repositoryType=user, triggeredByPushTo=user, assignmentRepositoryUri=http://localhost:49152/git/SHORT94A899E303D7504C5D0840704DAAFA3DFF4DTSTEXC/short94a899e303d7504c5d0840704daafa3dff4dtstexc-localvcciintinstructor1.git, testRepositoryUri=http://localhost:49152/git/SHORT94A899E303D7504C5D0840704DAAFA3DFF4DTSTEXC/short94a899e303d7504c5d0840704daafa3dff4dtstexc-tests.git, solutionRepositoryUri=null, auxiliaryRepositoryUris=[Ljava.lang.String;@2ee1264a, auxiliaryRepositoryCheckoutDirectories=[Ljava.lang.String;@2ca4864e], jobTimingInfo=JobTimingInfo[submissionDate=2025-02-14T23:45:32.554795798Z[Etc/UTC], buildStartDate=2025-02-14T23:45:32.567287465Z[Etc/UTC], buildCompletionDate=2025-02-14T23:45:34.535226768Z[Etc/UTC], estimatedCompletionDate=2025-02-14T23:45:51.567257960Z[Etc/UTC], estimatedDuration=19], buildConfig=BuildConfig[buildScript=#!/bin/bash
cd /var/tmp/testing-dir
chmod +x ./gradlew
./gradlew clean test
, dockerImage=dummy-docker-image:latest, commitHashToBuild=ca2dbc0ae87edf7035058a6a17c0ea60e90a290f, assignmentCommitHash=ca2dbc0ae87edf7035058a6a17c0ea60e90a290f, testCommitHash=0207f6f98af5fbb66ad68455f3fc3cf128af8ae9, branch=main, programmingLanguage=JAVA, projectType=PLAIN_GRADLE, scaEnabled=false, sequentialTestRunsEnabled=false, resultPaths=[/var/tmp/testing-dir/**/test-results/test/*.xml], timeoutSeconds=0, assignmentCheckoutPath=null, testCheckoutPath=null, solutionCheckoutPath=null, dockerRunConfig=null], submissionResult=ResultDTO[id=632, completionDate=2025-02-14T23:45:34.504415716Z[Etc/UTC], successful=false, score=7.7, rated=false, submission=SubmissionDTO[id=826, submitted=true, type=MANUAL, exampleSubmission=null, submissionDate=2025-02-14T23:45:32.541533Z, commitHash=ca2dbc0ae87edf7035058a6a17c0ea60e90a290f, buildFailed=false, buildArtifact=false, participation=ParticipationDTO[id=2006, testRun=true, type=programming, submissionCount=null, exercise=ParticipationExerciseDTO[id=2601, exerciseType=PROGRAMMING, type=programming, assessmentType=AUTOMATIC, dueDate=2025-02-16T23:45:31.864042Z, assessmentDueDate=null, maxPoints=42.0, course=CourseDTO[id=984, accuracyOfScores=1]]], submissionExerciseType=programming, isProcessing=false, buildStartDate=null, estimatedCompletionDate=null], participation=ParticipationDTO[id=2006, testRun=true, type=programming, submissionCount=null, exercise=ParticipationExerciseDTO[id=2601, exerciseType=PROGRAMMING, type=programming, assessmentType=AUTOMATIC, dueDate=2025-02-16T23:45:31.864042Z, assessmentDueDate=null, maxPoints=42.0, course=CourseDTO[id=984, accuracyOfScores=1]]], feedbacks=[FeedbackDTO[id=920, text=null, detailText=The exercise expects a class with the name Context in the package testpackage. You did not implement the class in the exercise., hasLongFeedbackText=false, reference=null, credits=0.0, positive=false, type=AUTOMATIC, visibility=ALWAYS, testCase=TestCaseDTO[testName=null, id=1357]], FeedbackDTO[id=921, text=null, detailText=The exercise expects a class with the name Policy in the package testpackage. You did not implement the class in the exercise., hasLongFeedbackText=false, reference=null, credits=0.0, positive=false, type=AUTOMATIC, visibility=ALWAYS, testCase=TestCaseDTO[testName=null, id=1358]], FeedbackDTO[id=922, text=null, detailText=The exercise expects a class with the name SortStrategy in the package testpackage. You did not implement the class in the exercise., hasLongFeedbackText=false, reference=null, credits=0.0, positive=false, type=AUTOMATIC, visibility=ALWAYS, testCase=TestCaseDTO[testName=null, id=1359]], FeedbackDTO[id=923, text=null, detailText=The class 'MergeSort' does not implement the interface 'SortStrategy' as expected. Implement the interface and its methods., hasLongFeedbackText=false, reference=null, credits=0.0, positive=false, type=AUTOMATIC, visibility=ALWAYS, testCase=TestCaseDTO[testName=null, id=1354]], FeedbackDTO[id=924, text=null, detailText=The exercise expects a class with the name SortStrategy in the package testpackage. You did not implement the class in the exercise., hasLongFeedbackText=false, reference=null, credits=0.0, positive=false, type=AUTOMATIC, visibility=ALWAYS, testCase=TestCaseDTO[testName=null, id=1351]], FeedbackDTO[id=925, text=null, detailText=The class 'BubbleSort' does not implement the interface 'SortStrategy' as expected. Implement the interface and its methods., hasLongFeedbackText=false, reference=null, credits=0.0, positive=false, type=AUTOMATIC, visibility=ALWAYS, testCase=TestCaseDTO[testName=null, id=1355]], FeedbackDTO[id=926, text=null, detailText=MergeSort does not sort correctly, hasLongFeedbackText=false, reference=null, credits=0.0, positive=false, type=AUTOMATIC, visibility=ALWAYS, testCase=TestCaseDTO[testName=null, id=1360]], FeedbackDTO[id=927, text=null, detailText=The class 'Context' was not found within the submission. Make sure to implement it properly., hasLongFeedbackText=false, reference=null, credits=0.0, positive=false, type=AUTOMATIC, visibility=ALWAYS, testCase=TestCaseDTO[testName=null, id=1361]], FeedbackDTO[id=928, text=null, detailText=The class 'Context' was not found within the submission. Make sure to implement it properly., hasLongFeedbackText=false, reference=null, credits=0.0, positive=false, type=AUTOMATIC, visibility=ALWAYS, testCase=TestCaseDTO[testName=null, id=1362]], FeedbackDTO[id=929, text=null, detailText=The exercise expects a class with the name Policy in the package testpackage. You did not implement the class in the exercise., hasLongFeedbackText=false, reference=null, credits=0.0, positive=false, type=AUTOMATIC, visibility=ALWAYS, testCase=TestCaseDTO[testName=null, id=1356]], FeedbackDTO[id=930, text=null, detailText=The exercise expects a class with the name Context in the package testpackage. You did not implement the class in the exercise., hasLongFeedbackText=false, reference=null, credits=0.0, positive=false, type=AUTOMATIC, visibility=ALWAYS, testCase=TestCaseDTO[testName=null, id=1352]], FeedbackDTO[id=931, text=null, detailText=The exercise expects a class with the name Policy in the package testpackage. You did not implement the class in the exercise., hasLongFeedbackText=false, reference=null, credits=0.0, positive=false, type=AUTOMATIC, visibility=ALWAYS, testCase=TestCaseDTO[testName=null, id=1353]], FeedbackDTO[id=932, text=null, detailText=null, hasLongFeedbackText=false, reference=null, credits=3.230769230769231, positive=true, type=AUTOMATIC, visibility=ALWAYS, testCase=TestCaseDTO[testName=null, id=1363]]], assessmentType=AUTOMATIC, hasComplaint=null, exampleResult=null, testCaseCount=13, passedTestCaseCount=1, codeIssueCount=0]], BuildJobQueueItem[id=20111739576737317, name=SHORTD49A6DAE04F9E049850BD5601663FD17A5B7TSTEXC-BASE, buildAgent=BuildAgentDTO[name=artemis-build-agent-test, memberAddress=[127.0.0.1]:5703, displayName=artemis-build-agent-test], participationId=2011, courseId=986, exerciseId=2603, retryCount=0, priority=2, status=SUCCESSFUL, repositoryInfo=RepositoryInfo[repositoryName=shortd49a6dae04f9e049850bd5601663fd17a5b7tstexc-exercise, repositoryType=exercise, triggeredByPushTo=exercise, assignmentRepositoryUri=http://localhost:49152/git/SHORTD49A6DAE04F9E049850BD5601663FD17A5B7TSTEXC/shortd49a6dae04f9e049850bd5601663fd17a5b7tstexc-exercise.git, testRepositoryUri=http://localhost:49152/git/SHORTD49A6DAE04F9E049850BD5601663FD17A5B7TSTEXC/shortd49a6dae04f9e049850bd5601663fd17a5b7tstexc-tests.git, solutionRepositoryUri=null, auxiliaryRepositoryUris=[Ljava.lang.String;@695d8d1f, auxiliaryRepositoryCheckoutDirectories=[Ljava.lang.String;@6f7030c4], jobTimingInfo=JobTimingInfo[submissionDate=2025-02-14T23:45:37.317968648Z[Etc/UTC], buildStartDate=2025-02-14T23:45:37.324534774Z[Etc/UTC], buildCompletionDate=2025-02-14T23:45:38.527225461Z[Etc/UTC], estimatedCompletionDate=2025-02-14T23:45:56.324506331Z[Etc/UTC], estimatedDuration=19], buildConfig=BuildConfig[buildScript=#!/bin/bash
cd /var/tmp/testing-dir
chmod +x ./gradlew
./gradlew clean test
, dockerImage=dummy-docker-image:latest, commitHashToBuild=c795243c185829bbefa399f45dcbcfac22311b2f, assignmentCommitHash=c795243c185829bbefa399f45dcbcfac22311b2f, testCommitHash=fa8b162170bf767d852e05e0eb7a128efa2e1f34, branch=main, programmingLanguage=JAVA, projectType=PLAIN_GRADLE, scaEnabled=false, sequentialTestRunsEnabled=false, resultPaths=[/var/tmp/testing-dir/**/test-results/test/*.xml], timeoutSeconds=0, assignmentCheckoutPath=null, testCheckoutPath=null, solutionCheckoutPath=null, dockerRunConfig=null], submissionResult=ResultDTO[id=633, completionDate=2025-02-14T23:45:38.476795726Z[Etc/UTC], successful=false, score=0.0, rated=true, submission=SubmissionDTO[id=827, submitted=true, type=MANUAL, exampleSubmission=null, submissionDate=2025-02-14T23:45:37.303401Z, commitHash=c795243c185829bbefa399f45dcbcfac22311b2f, buildFailed=false, buildArtifact=false, participation=ParticipationDTO[id=2011, testRun=false, type=template, submissionCount=null, exercise=ParticipationExerciseDTO[id=2603, exerciseType=PROGRAMMING, type=programming, assessmentType=AUTOMATIC, dueDate=2025-02-16T23:45:36.830269Z, assessmentDueDate=null, maxPoints=42.0, course=CourseDTO[id=986, accuracyOfScores=1]]], submissionExerciseType=programming, isProcessing=false, buildStartDate=null, estimatedCompletionDate=null], participation=ParticipationDTO[id=2011, testRun=false, type=template, submissionCount=null, exercise=ParticipationExerciseDTO[id=2603, exerciseType=PROGRAMMING, type=programming, assessmentType=AUTOMATIC, dueDate=2025-02-16T23:45:36.830269Z, assessmentDueDate=null, maxPoints=42.0, course=CourseDTO[id=986, accuracyOfScores=1]]], feedbacks=[FeedbackDTO[id=933, text=null, detailText=The exercise expects a class with the name Context in the package testpackage. You did not implement the class in the exercise., hasLongFeedbackText=false, reference=null, credits=0.0, positive=false, type=AUTOMATIC, visibility=ALWAYS, testCase=TestCaseDTO[testName=testMethods[Context], id=1383]], FeedbackDTO[id=934, text=null, detailText=The exercise expects a class with the name Policy in the package testpackage. You did not implement the class in the exercise., hasLongFeedbackText=false, reference=null, credits=0.0, positive=false, type=AUTOMATIC, visibility=ALWAYS, testCase=TestCaseDTO[testName=testMethods[Policy], id=1384]], FeedbackDTO[id=935, text=null, detailText=The exercise expects a class with the name SortStrategy in the package testpackage. You did not implement the class in the exercise., hasLongFeedbackText=false, reference=null, credits=0.0, positive=false, type=AUTOMATIC, visibility=ALWAYS, testCase=TestCaseDTO[testName=testMethods[SortStrategy], id=1385]], FeedbackDTO[id=936, text=null, detailText=The class 'MergeSort' does not implement the interface 'SortStrategy' as expected. Implement the interface and its methods., hasLongFeedbackText=false, reference=null, credits=0.0, positive=false, type=AUTOMATIC, visibility=ALWAYS, testCase=TestCaseDTO[testName=testClass[MergeSort], id=1380]], FeedbackDTO[id=937, text=null, detailText=The exercise expects a class with the name SortStrategy in the package testpackage. You did not implement the class in the exercise., hasLongFeedbackText=false, reference=null, credits=0.0, positive=false, type=AUTOMATIC, visibility=ALWAYS, testCase=TestCaseDTO[testName=testClass[SortStrategy], id=1377]], FeedbackDTO[id=938, text=null, detailText=The class 'BubbleSort' does not implement the interface 'SortStrategy' as expected. Implement the interface and its methods., hasLongFeedbackText=false, reference=null, credits=0.0, positive=false, type=AUTOMATIC, visibility=ALWAYS, testCase=TestCaseDTO[testName=testClass[BubbleSort], id=1381]], FeedbackDTO[id=939, text=null, detailText=MergeSort does not sort correctly, hasLongFeedbackText=false, reference=null, credits=0.0, positive=false, type=AUTOMATIC, visibility=ALWAYS, testCase=TestCaseDTO[testName=testMergeSort(), id=1386]], FeedbackDTO[id=940, text=null, detailText=The class 'Context' was not found within the submission. Make sure to implement it properly., hasLongFeedbackText=false, reference=null, credits=0.0, positive=false, type=AUTOMATIC, visibility=ALWAYS, testCase=TestCaseDTO[testName=testUseBubbleSortForSmallList(), id=1387]], FeedbackDTO[id=941, text=null, detailText=BubbleSort does not sort correctly, hasLongFeedbackText=false, reference=null, credits=0.0, positive=false, type=AUTOMATIC, visibility=ALWAYS, testCase=TestCaseDTO[testName=testBubbleSort(), id=1389]], FeedbackDTO[id=942, text=null, detailText=The class 'Context' was not found within the submission. Make sure to implement it properly., hasLongFeedbackText=false, reference=null, credits=0.0, positive=false, type=AUTOMATIC, visibility=ALWAYS, testCase=TestCaseDTO[testName=testUseMergeSortForBigList(), id=1388]], FeedbackDTO[id=943, text=null, detailText=The exercise expects a class with the name Policy in the package testpackage. You did not implement the class in the exercise., hasLongFeedbackText=false, reference=null, credits=0.0, positive=false, type=AUTOMATIC, visibility=ALWAYS, testCase=TestCaseDTO[testName=testConstructors[Policy], id=1382]], FeedbackDTO[id=944, text=null, detailText=The exercise expects a class with the name Context in the package testpackage. You did not implement the class in the exercise., hasLongFeedbackText=false, reference=null, credits=0.0, positive=false, type=AUTOMATIC, visibility=ALWAYS, testCase=TestCaseDTO[testName=testAttributes[Context], id=1378]], FeedbackDTO[id=945, text=null, detailText=The exercise expects a class with the name Policy in the package testpackage. You did not implement the class in the exercise., hasLongFeedbackText=false, reference=null, credits=0.0, positive=false, type=AUTOMATIC, visibility=ALWAYS, testCase=TestCaseDTO[testName=testAttributes[Policy], id=1379]]], assessmentType=AUTOMATIC, hasComplaint=null, exampleResult=null, testCaseCount=13, passedTestCaseCount=0, codeIssueCount=0]], BuildJobQueueItem[id=20171739576740018, name=SHORT7914AFA00ADC3047140B99D01AC07810CE44TSTEXC-LOCALVCCIINTSTUDENT1, buildAgent=BuildAgentDTO[name=artemis-build-agent-test, memberAddress=[127.0.0.1]:5703, displayName=artemis-build-agent-test], participationId=2017, courseId=988, exerciseId=2605, retryCount=0, priority=2, status=SUCCESSFUL, repositoryInfo=RepositoryInfo[repositoryName=short7914afa00adc3047140b99d01ac07810ce44tstexc-practice-localvcciintstudent1, repositoryType=user, triggeredByPushTo=user, assignmentRepositoryUri=http://localhost:49152/git/SHORT7914AFA00ADC3047140B99D01AC07810CE44TSTEXC/short7914afa00adc3047140b99d01ac07810ce44tstexc-practice-localvcciintstudent1.git, testRepositoryUri=http://localhost:49152/git/SHORT7914AFA00ADC3047140B99D01AC07810CE44TSTEXC/short7914afa00adc3047140b99d01ac07810ce44tstexc-tests.git, solutionRepositoryUri=null, auxiliaryRepositoryUris=[Ljava.lang.String;@48048816, auxiliaryRepositoryCheckoutDirectories=[Ljava.lang.String;@409ae1ae], jobTimingInfo=JobTimingInfo[submissionDate=2025-02-14T23:45:40.018961253Z[Etc/UTC], buildStartDate=2025-02-14T23:45:40.029742701Z[Etc/UTC], buildCompletionDate=2025-02-14T23:45:41.150208242Z[Etc/UTC], estimatedCompletionDate=2025-02-14T23:45:59.029734065Z[Etc/UTC], estimatedDuration=19], buildConfig=BuildConfig[buildScript=#!/bin/bash
cd /var/tmp/testing-dir
chmod +x ./gradlew
./gradlew clean test
, dockerImage=dummy-docker-image:latest, commitHashToBuild=d80b57877989b971e83ccdb4863c8a7023c76266, assignmentCommitHash=d80b57877989b971e83ccdb4863c8a7023c76266, testCommitHash=327b116890c92b1312314341f43f21ef13ecf7d7, branch=main, programmingLanguage=JAVA, projectType=PLAIN_GRADLE, scaEnabled=false, sequentialTestRunsEnabled=false, resultPaths=[/var/tmp/testing-dir/**/test-results/test/*.xml], timeoutSeconds=0, assignmentCheckoutPath=null, testCheckoutPath=null, solutionCheckoutPath=null, dockerRunConfig=null], submissionResult=ResultDTO[id=634, completionDate=2025-02-14T23:45:41.120192603Z[Etc/UTC], successful=false, score=7.7, rated=false, submission=SubmissionDTO[id=828, submitted=true, type=MANUAL, exampleSubmission=null, submissionDate=2025-02-14T23:45:40.008666Z, commitHash=d80b57877989b971e83ccdb4863c8a7023c76266, buildFailed=false, buildArtifact=false, participation=ParticipationDTO[id=2017, testRun=true, type=programming, submissionCount=null, exercise=ParticipationExerciseDTO[id=2605, exerciseType=PROGRAMMING, type=programming, assessmentType=AUTOMATIC, dueDate=2025-02-16T23:45:39.523500Z, assessmentDueDate=null, maxPoints=42.0, course=CourseDTO[id=988, accuracyOfScores=1]]], submissionExerciseType=programming, isProcessing=false, buildStartDate=null, estimatedCompletionDate=null], participation=ParticipationDTO[id=2017, testRun=true, type=programming, submissionCount=null, exercise=ParticipationExerciseDTO[id=2605, exerciseType=PROGRAMMING, type=programming, assessmentType=AUTOMATIC, dueDate=2025-02-16T23:45:39.523500Z, assessmentDueDate=null, maxPoints=42.0, course=CourseDTO[id=988, accuracyOfScores=1]]], feedbacks=[FeedbackDTO[id=946, text=null, detailText=The exercise expects a class with the name Context in the package testpackage. You did not implement the class in the exercise., hasLongFeedbackText=false, reference=null, credits=0.0, positive=false, type=AUTOMATIC, visibility=ALWAYS, testCase=TestCaseDTO[testName=null, id=1409]], FeedbackDTO[id=947, text=null, detailText=The exercise expects a class with the name Policy in the package testpackage. You did not implement the class in the exercise., hasLongFeedbackText=false, reference=null, credits=0.0, positive=false, type=AUTOMATIC, visibility=ALWAYS, testCase=TestCaseDTO[testName=null, id=1410]], FeedbackDTO[id=948, text=null, detailText=The exercise expects a class with the name SortStrategy in the package testpackage. You did not implement the class in the exercise., hasLongFeedbackText=false, reference=null, credits=0.0, positive=false, type=AUTOMATIC, visibility=ALWAYS, testCase=TestCaseDTO[testName=null, id=1411]], FeedbackDTO[id=949, text=null, detailText=The class 'MergeSort' does not implement the interface 'SortStrategy' as expected. Implement the interface and its methods., hasLongFeedbackText=false, reference=null, credits=0.0, positive=false, type=AUTOMATIC, visibility=ALWAYS, testCase=TestCaseDTO[testName=null, id=1406]], FeedbackDTO[id=950, text=null, detailText=The exercise expects a class with the name SortStrategy in the package testpackage. You did not implement the class in the exercise., hasLongFeedbackText=false, reference=null, credits=0.0, positive=false, type=AUTOMATIC, visibility=ALWAYS, testCase=TestCaseDTO[testName=null, id=1403]], FeedbackDTO[id=951, text=null, detailText=The class 'BubbleSort' does not implement the interface 'SortStrategy' as expected. Implement the interface and its methods., hasLongFeedbackText=false, reference=null, credits=0.0, positive=false, type=AUTOMATIC, visibility=ALWAYS, testCase=TestCaseDTO[testName=null, id=1407]], FeedbackDTO[id=952, text=null, detailText=MergeSort does not sort correctly, hasLongFeedbackText=false, reference=null, credits=0.0, positive=false, type=AUTOMATIC, visibility=ALWAYS, testCase=TestCaseDTO[testName=null, id=1412]], FeedbackDTO[id=953, text=null, detailText=The class 'Context' was not found within the submission. Make sure to implement it properly., hasLongFeedbackText=false, reference=null, credits=0.0, positive=false, type=AUTOMATIC, visibility=ALWAYS, testCase=TestCaseDTO[testName=null, id=1413]], FeedbackDTO[id=954, text=null, detailText=The class 'Context' was not found within the submission. Make sure to implement it properly., hasLongFeedbackText=false, reference=null, credits=0.0, positive=false, type=AUTOMATIC, visibility=ALWAYS, testCase=TestCaseDTO[testName=null, id=1414]], FeedbackDTO[id=955, text=null, detailText=The exercise expects a class with the name Policy in the package testpackage. You did not implement the class in the exercise., hasLongFeedbackText=false, reference=null, credits=0.0, positive=false, type=AUTOMATIC, visibility=ALWAYS, testCase=TestCaseDTO[testName=null, id=1408]], FeedbackDTO[id=956, text=null, detailText=The exercise expects a class with the name Context in the package testpackage. You did not implement the class in the exercise., hasLongFeedbackText=false, reference=null, credits=0.0, positive=false, type=AUTOMATIC, visibility=ALWAYS, testCase=TestCaseDTO[testName=null, id=1404]], FeedbackDTO[id=957, text=null, detailText=The exercise expects a class with the name Policy in the package testpackage. You did not implement the class in the exercise., hasLongFeedbackText=false, reference=null, credits=0.0, positive=false, type=AUTOMATIC, visibility=ALWAYS, testCase=TestCaseDTO[testName=null, id=1405]], FeedbackDTO[id=958, text=null, detailText=null, hasLongFeedbackText=false, reference=null, credits=3.230769230769231, positive=true, type=AUTOMATIC, visibility=ALWAYS, testCase=TestCaseDTO[testName=null, id=1415]]], assessmentType=AUTOMATIC, hasComplaint=null, exampleResult=null, testCaseCount=13, passedTestCaseCount=1, codeIssueCount=0]], BuildJobQueueItem[id=20261739576743984, name=SHORT53C73BE505404043100AC2F00C039353CE8FTSTEXC-LOCALVCCIINTSTUDENT1, buildAgent=BuildAgentDTO[name=artemis-build-agent-test, memberAddress=[127.0.0.1]:5703, displayName=artemis-build-agent-test], participationId=2026, courseId=991, exerciseId=2608, retryCount=0, priority=1, status=SUCCESSFUL, repositoryInfo=RepositoryInfo[repositoryName=short53c73be505404043100ac2f00c039353ce8ftstexc-localvcciintstudent1, repositoryType=user, triggeredByPushTo=user, assignmentRepositoryUri=http://localhost:49152/git/SHORT53C73BE505404043100AC2F00C039353CE8FTSTEXC/short53c73be505404043100ac2f00c039353ce8ftstexc-localvcciintstudent1.git, testRepositoryUri=http://localhost:49152/git/SHORT53C73BE505404043100AC2F00C039353CE8FTSTEXC/short53c73be505404043100ac2f00c039353ce8ftstexc-tests.git, solutionRepositoryUri=null, auxiliaryRepositoryUris=[Ljava.lang.String;@452aa9d7, auxiliaryRepositoryCheckoutDirectories=[Ljava.lang.String;@2bb257a6], jobTimingInfo=JobTimingInfo[submissionDate=2025-02-14T23:45:43.984518859Z[Etc/UTC], buildStartDate=2025-02-14T23:45:43.991385682Z[Etc/UTC], buildCompletionDate=2025-02-14T23:45:44.982059928Z[Etc/UTC], estimatedCompletionDate=2025-02-14T23:46:02.991380122Z[Etc/UTC], estimatedDuration=19], buildConfig=BuildConfig[buildScript=#!/bin/bash
cd /var/tmp/testing-dir
chmod +x ./gradlew
./gradlew clean test
, dockerImage=dummy-docker-image:latest, commitHashToBuild=3e90ae9fef2e44ffb41451a080bdaa6a44ad6848, assignmentCommitHash=3e90ae9fef2e44ffb41451a080bdaa6a44ad6848, testCommitHash=0582754c87aae13e640312855ce7dbe490ecb50c, branch=main, programmingLanguage=JAVA, projectType=PLAIN_GRADLE, scaEnabled=false, sequentialTestRunsEnabled=false, resultPaths=[/var/tmp/testing-dir/**/test-results/test/*.xml], timeoutSeconds=0, assignmentCheckoutPath=null, testCheckoutPath=null, solutionCheckoutPath=null, dockerRunConfig=null], submissionResult=ResultDTO[id=635, completionDate=2025-02-14T23:45:44.961313737Z[Etc/UTC], successful=false, score=7.7, rated=true, submission=SubmissionDTO[id=829, submitted=true, type=MANUAL, exampleSubmission=null, submissionDate=2025-02-14T23:45:43.967766Z, commitHash=3e90ae9fef2e44ffb41451a080bdaa6a44ad6848, buildFailed=false, buildArtifact=false, participation=ParticipationDTO[id=2026, testRun=false, type=programming, submissionCount=null, exercise=ParticipationExerciseDTO[id=2608, exerciseType=PROGRAMMING, type=programming, assessmentType=AUTOMATIC, dueDate=2025-02-16T23:45:43.597978Z, assessmentDueDate=null, maxPoints=42.0, course=CourseDTO[id=991, accuracyOfScores=1]]], submissionExerciseType=programming, isProcessing=false, buildStartDate=null, estimatedCompletionDate=null], participation=ParticipationDTO[id=2026, testRun=false, type=programming, submissionCount=null, exercise=ParticipationExerciseDTO[id=2608, exerciseType=PROGRAMMING, type=programming, assessmentType=AUTOMATIC, dueDate=2025-02-16T23:45:43.597978Z, assessmentDueDate=null, maxPoints=42.0, course=CourseDTO[id=991, accuracyOfScores=1]]], feedbacks=[FeedbackDTO[id=959, text=null, detailText=The exercise expects a class with the name Context in the package testpackage. You did not implement the class in the exercise., hasLongFeedbackText=false, reference=null, credits=0.0, positive=false, type=AUTOMATIC, visibility=ALWAYS, testCase=TestCaseDTO[testName=null, id=1448]], FeedbackDTO[id=960, text=null, detailText=The exercise expects a class with the name Policy in the package testpackage. You did not implement the class in the exercise., hasLongFeedbackText=false, reference=null, credits=0.0, positive=false, type=AUTOMATIC, visibility=ALWAYS, testCase=TestCaseDTO[testName=null, id=1449]], FeedbackDTO[id=961, text=null, detailText=The exercise expects a class with the name SortStrategy in the package testpackage. You did not implement the class in the exercise., hasLongFeedbackText=false, reference=null, credits=0.0, positive=false, type=AUTOMATIC, visibility=ALWAYS, testCase=TestCaseDTO[testName=null, id=1450]], FeedbackDTO[id=962, text=null, detailText=The class 'MergeSort' does not implement the interface 'SortStrategy' as expected. Implement the interface and its methods., hasLongFeedbackText=false, reference=null, credits=0.0, positive=false, type=AUTOMATIC, visibility=ALWAYS, testCase=TestCaseDTO[testName=null, id=1445]], FeedbackDTO[id=963, text=null, detailText=The exercise expects a class with the name SortStrategy in the package testpackage. You did not implement the class in the exercise., hasLongFeedbackText=false, reference=null, credits=0.0, positive=false, type=AUTOMATIC, visibility=ALWAYS, testCase=TestCaseDTO[testName=null, id=1442]], FeedbackDTO[id=964, text=null, detailText=The class 'BubbleSort' does not implement the interface 'SortStrategy' as expected. Implement the interface and its methods., hasLongFeedbackText=false, reference=null, credits=0.0, positive=false, type=AUTOMATIC, visibility=ALWAYS, testCase=TestCaseDTO[testName=null, id=1446]], FeedbackDTO[id=965, text=null, detailText=MergeSort does not sort correctly, hasLongFeedbackText=false, reference=null, credits=0.0, positive=false, type=AUTOMATIC, visibility=ALWAYS, testCase=TestCaseDTO[testName=null, id=1451]], FeedbackDTO[id=966, text=null, detailText=The class 'Context' was not found within the submission. Make sure to implement it properly., hasLongFeedbackText=false, reference=null, credits=0.0, positive=false, type=AUTOMATIC, visibility=ALWAYS, testCase=TestCaseDTO[testName=null, id=1452]], FeedbackDTO[id=967, text=null, detailText=The class 'Context' was not found within the submission. Make sure to implement it properly., hasLongFeedbackText=false, reference=null, credits=0.0, positive=false, type=AUTOMATIC, visibility=ALWAYS, testCase=TestCaseDTO[testName=null, id=1453]], FeedbackDTO[id=968, text=null, detailText=The exercise expects a class with the name Policy in the package testpackage. You did not implement the class in the exercise., hasLongFeedbackText=false, reference=null, credits=0.0, positive=false, type=AUTOMATIC, visibility=ALWAYS, testCase=TestCaseDTO[testName=null, id=1447]], FeedbackDTO[id=969, text=null, detailText=The exercise expects a class with the name Context in the package testpackage. You did not implement the class in the exercise., hasLongFeedbackText=false, reference=null, credits=0.0, positive=false, type=AUTOMATIC, visibility=ALWAYS, testCase=TestCaseDTO[testName=null, id=1443]], FeedbackDTO[id=970, text=null, detailText=The exercise expects a class with the name Policy in the package testpackage. You did not implement the class in the exercise., hasLongFeedbackText=false, reference=null, credits=0.0, positive=false, type=AUTOMATIC, visibility=ALWAYS, testCase=TestCaseDTO[testName=null, id=1444]], FeedbackDTO[id=971, text=null, detailText=null, hasLongFeedbackText=false, reference=null, credits=3.230769230769231, positive=true, type=AUTOMATIC, visibility=ALWAYS, testCase=TestCaseDTO[testName=null, id=1454]]], assessmentType=AUTOMATIC, hasComplaint=null, exampleResult=null, testCaseCount=13, passedTestCaseCount=1, codeIssueCount=0]], BuildJobQueueItem[id=20271739576746886, name=SHORT0FC863930E92904248098A506171F81CF6CFTSTEXC-SOLUTION, buildAgent=BuildAgentDTO[name=artemis-build-agent-test, memberAddress=[127.0.0.1]:5703, displayName=artemis-build-agent-test], participationId=2027, courseId=992, exerciseId=2609, retryCount=0, priority=2, status=SUCCESSFUL, repositoryInfo=RepositoryInfo[repositoryName=short0fc863930e92904248098a506171f81cf6cftstexc-solution, repositoryType=solution, triggeredByPushTo=auxiliary, assignmentRepositoryUri=http://localhost:49152/git/SHORT0FC863930E92904248098A506171F81CF6CFTSTEXC/short0fc863930e92904248098a506171f81cf6cftstexc-solution.git, testRepositoryUri=http://localhost:49152/git/SHORT0FC863930E92904248098A506171F81CF6CFTSTEXC/short0fc863930e92904248098a506171f81cf6cftstexc-tests.git, solutionRepositoryUri=null, auxiliaryRepositoryUris=[Ljava.lang.String;@479a3efe, auxiliaryRepositoryCheckoutDirectories=[Ljava.lang.String;@509a2032], jobTimingInfo=JobTimingInfo[submissionDate=2025-02-14T23:45:46.886984066Z[Etc/UTC], buildStartDate=2025-02-14T23:45:46.897709578Z[Etc/UTC], buildCompletionDate=2025-02-14T23:45:48.628460156Z[Etc/UTC], estimatedCompletionDate=2025-02-14T23:46:05.897701272Z[Etc/UTC], estimatedDuration=19], buildConfig=BuildConfig[buildScript=#!/bin/bash
cd /var/tmp/testing-dir
chmod +x ./gradlew
./gradlew clean test
, dockerImage=dummy-docker-image:latest, commitHashToBuild=null, assignmentCommitHash=115a2e943bee242fdad360b50d8ad5f30792577e, testCommitHash=9b3a9bd71a0d80e5bbc42204c319ed3d1d4f0d6d, branch=main, programmingLanguage=JAVA, projectType=PLAIN_GRADLE, scaEnabled=false, sequentialTestRunsEnabled=false, resultPaths=[/var/tmp/testing-dir/**/test-results/test/*.xml], timeoutSeconds=0, assignmentCheckoutPath=null, testCheckoutPath=null, solutionCheckoutPath=null, dockerRunConfig=null], submissionResult=ResultDTO[id=636, completionDate=2025-02-14T23:45:48.593370968Z[Etc/UTC], successful=true, score=100.0, rated=true, submission=SubmissionDTO[id=830, submitted=true, type=TEST, exampleSubmission=null, submissionDate=2025-02-14T23:45:46.873671Z, commitHash=9b3a9bd71a0d80e5bbc42204c319ed3d1d4f0d6d, buildFailed=false, buildArtifact=false, participation=ParticipationDTO[id=2027, testRun=false, type=solution, submissionCount=null, exercise=ParticipationExerciseDTO[id=2609, exerciseType=PROGRAMMING, type=programming, assessmentType=AUTOMATIC, dueDate=2025-02-16T23:45:46.386304Z, assessmentDueDate=null, maxPoints=42.0, course=CourseDTO[id=992, accuracyOfScores=1]]], submissionExerciseType=programming, isProcessing=false, buildStartDate=null, estimatedCompletionDate=null], participation=ParticipationDTO[id=2027, testRun=false, type=solution, submissionCount=null, exercise=ParticipationExerciseDTO[id=2609, exerciseType=PROGRAMMING, type=programming, assessmentType=AUTOMATIC, dueDate=2025-02-16T23:45:46.386304Z, assessmentDueDate=null, maxPoints=42.0, course=CourseDTO[id=992, accuracyOfScores=1]]], feedbacks=[FeedbackDTO[id=972, text=null, detailText=null, hasLongFeedbackText=false, reference=null, credits=3.230769230769231, positive=true, type=AUTOMATIC, visibility=ALWAYS, testCase=TestCaseDTO[testName=testMethods[Context], id=1461]], FeedbackDTO[id=973, text=null, detailText=null, hasLongFeedbackText=false, reference=null, credits=3.230769230769231, positive=true, type=AUTOMATIC, visibility=ALWAYS, testCase=TestCaseDTO[testName=testMethods[Policy], id=1462]], FeedbackDTO[id=974, text=null, detailText=null, hasLongFeedbackText=false, reference=null, credits=3.230769230769231, positive=true, type=AUTOMATIC, visibility=ALWAYS, testCase=TestCaseDTO[testName=testMethods[SortStrategy], id=1463]], FeedbackDTO[id=975, text=null, detailText=null, hasLongFeedbackText=false, reference=null, credits=3.230769230769231, positive=true, type=AUTOMATIC, visibility=ALWAYS, testCase=TestCaseDTO[testName=testClass[MergeSort], id=1458]], FeedbackDTO[id=976, text=null, detailText=null, hasLongFeedbackText=false, reference=null, credits=3.230769230769231, positive=true, type=AUTOMATIC, visibility=ALWAYS, testCase=TestCaseDTO[testName=testClass[SortStrategy], id=1455]], FeedbackDTO[id=977, text=null, detailText=null, hasLongFeedbackText=false, reference=null, credits=3.230769230769231, positive=true, type=AUTOMATIC, visibility=ALWAYS, testCase=TestCaseDTO[testName=testClass[BubbleSort], id=1459]], FeedbackDTO[id=978, text=null, detailText=null, hasLongFeedbackText=false, reference=null, credits=3.230769230769231, positive=true, type=AUTOMATIC, visibility=ALWAYS, testCase=TestCaseDTO[testName=testMergeSort(), id=1464]], FeedbackDTO[id=979, text=null, detailText=null, hasLongFeedbackText=false, reference=null, credits=3.230769230769231, positive=true, type=AUTOMATIC, visibility=ALWAYS, testCase=TestCaseDTO[testName=testUseBubbleSortForSmallList(), id=1465]], FeedbackDTO[id=980, text=null, detailText=null, hasLongFeedbackText=false, reference=null, credits=3.230769230769231, positive=true, type=AUTOMATIC, visibility=ALWAYS, testCase=TestCaseDTO[testName=testBubbleSort(), id=1467]], FeedbackDTO[id=981, text=null, detailText=null, hasLongFeedbackText=false, reference=null, credits=3.230769230769231, positive=true, type=AUTOMATIC, visibility=ALWAYS, testCase=TestCaseDTO[testName=testUseMergeSortForBigList(), id=1466]], FeedbackDTO[id=982, text=null, detailText=null, hasLongFeedbackText=false, reference=null, credits=3.230769230769231, positive=true, type=AUTOMATIC, visibility=ALWAYS, testCase=TestCaseDTO[testName=testConstructors[Policy], id=1460]], FeedbackDTO[id=983, text=null, detailText=null, hasLongFeedbackText=false, reference=null, credits=3.230769230769231, positive=true, type=AUTOMATIC, visibility=ALWAYS, testCase=TestCaseDTO[testName=testAttributes[Context], id=1456]], FeedbackDTO[id=984, text=null, detailText=null, hasLongFeedbackText=false, reference=null, credits=3.230769230769231, positive=true, type=AUTOMATIC, visibility=ALWAYS, testCase=TestCaseDTO[testName=testAttributes[Policy], id=1457]]], assessmentType=AUTOMATIC, hasComplaint=null, exampleResult=null, testCaseCount=13, passedTestCaseCount=13, codeIssueCount=0]], BuildJobQueueItem[id=20281739576748768, name=SHORT0FC863930E92904248098A506171F81CF6CFTSTEXC-BASE, buildAgent=BuildAgentDTO[name=artemis-build-agent-test, memberAddress=[127.0.0.1]:5703, displayName=artemis-build-agent-test], participationId=2028, courseId=992, exerciseId=2609, retryCount=0, priority=2, status=SUCCESSFUL, repositoryInfo=RepositoryInfo[repositoryName=short0fc863930e92904248098a506171f81cf6cftstexc-exercise, repositoryType=exercise, triggeredByPushTo=auxiliary, assignmentRepositoryUri=http://localhost:49152/git/SHORT0FC863930E92904248098A506171F81CF6CFTSTEXC/short0fc863930e92904248098a506171f81cf6cftstexc-exercise.git, testRepositoryUri=http://localhost:49152/git/SHORT0FC863930E92904248098A506171F81CF6CFTSTEXC/short0fc863930e92904248098a506171f81cf6cftstexc-tests.git, solutionRepositoryUri=null, auxiliaryRepositoryUris=[Ljava.lang.String;@406e5fe7, auxiliaryRepositoryCheckoutDirectories=[Ljava.lang.String;@79582f2b], jobTimingInfo=JobTimingInfo[submissionDate=2025-02-14T23:45:48.768063548Z[Etc/UTC], buildStartDate=2025-02-14T23:45:48.802531989Z[Etc/UTC], buildCompletionDate=2025-02-14T23:45:50.482681367Z[Etc/UTC], estimatedCompletionDate=2025-02-14T23:45:50.802523092Z[Etc/UTC], estimatedDuration=2], buildConfig=BuildConfig[buildScript=#!/bin/bash
cd /var/tmp/testing-dir
chmod +x ./gradlew
./gradlew clean test
, dockerImage=dummy-docker-image:latest, commitHashToBuild=9b3a9bd71a0d80e5bbc42204c319ed3d1d4f0d6d, assignmentCommitHash=115a2e943bee242fdad360b50d8ad5f30792577e, testCommitHash=9b3a9bd71a0d80e5bbc42204c319ed3d1d4f0d6d, branch=main, programmingLanguage=JAVA, projectType=PLAIN_GRADLE, scaEnabled=false, sequentialTestRunsEnabled=false, resultPaths=[/var/tmp/testing-dir/**/test-results/test/*.xml], timeoutSeconds=0, assignmentCheckoutPath=null, testCheckoutPath=null, solutionCheckoutPath=null, dockerRunConfig=null], submissionResult=ResultDTO[id=637, completionDate=2025-02-14T23:45:50.449084694Z[Etc/UTC], successful=false, score=0.0, rated=true, submission=SubmissionDTO[id=831, submitted=true, type=TEST, exampleSubmission=null, submissionDate=2025-02-14T23:45:48.761177Z, commitHash=9b3a9bd71a0d80e5bbc42204c319ed3d1d4f0d6d, buildFailed=false, buildArtifact=false, participation=ParticipationDTO[id=2028, testRun=false, type=template, submissionCount=null, exercise=ParticipationExerciseDTO[id=2609, exerciseType=PROGRAMMING, type=programming, assessmentType=AUTOMATIC, dueDate=2025-02-16T23:45:46.386304Z, assessmentDueDate=null, maxPoints=42.0, course=CourseDTO[id=992, accuracyOfScores=1]]], submissionExerciseType=programming, isProcessing=false, buildStartDate=null, estimatedCompletionDate=null], participation=ParticipationDTO[id=2028, testRun=false, type=template, submissionCount=null, exercise=ParticipationExerciseDTO[id=2609, exerciseType=PROGRAMMING, type=programming, assessmentType=AUTOMATIC, dueDate=2025-02-16T23:45:46.386304Z, assessmentDueDate=null, maxPoints=42.0, course=CourseDTO[id=992, accuracyOfScores=1]]], feedbacks=[FeedbackDTO[id=985, text=null, detailText=The exercise expects a class with the name Context in the package testpackage. You did not implement the class in the exercise., hasLongFeedbackText=false, reference=null, credits=0.0, positive=false, type=AUTOMATIC, visibility=ALWAYS, testCase=TestCaseDTO[testName=testMethods[Context], id=1461]], FeedbackDTO[id=986, text=null, detailText=The exercise expects a class with the name Policy in the package testpackage. You did not implement the class in the exercise., hasLongFeedbackText=false, reference=null, credits=0.0, positive=false, type=AUTOMATIC, visibility=ALWAYS, testCase=TestCaseDTO[testName=testMethods[Policy], id=1462]], FeedbackDTO[id=987, text=null, detailText=The exercise expects a class with the name SortStrategy in the package testpackage. You did not implement the class in the exercise., hasLongFeedbackText=false, reference=null, credits=0.0, positive=false, type=AUTOMATIC, visibility=ALWAYS, testCase=TestCaseDTO[testName=testMethods[SortStrategy], id=1463]], FeedbackDTO[id=988, text=null, detailText=The class 'MergeSort' does not implement the interface 'SortStrategy' as expected. Implement the interface and its methods., hasLongFeedbackText=false, reference=null, credits=0.0, positive=false, type=AUTOMATIC, visibility=ALWAYS, testCase=TestCaseDTO[testName=testClass[MergeSort], id=1458]], FeedbackDTO[id=989, text=null, detailText=The exercise expects a class with the name SortStrategy in the package testpackage. You did not implement the class in the exercise., hasLongFeedbackText=false, reference=null, credits=0.0, positive=false, type=AUTOMATIC, visibility=ALWAYS, testCase=TestCaseDTO[testName=testClass[SortStrategy], id=1455]], FeedbackDTO[id=990, text=null, detailText=The class 'BubbleSort' does not implement the interface 'SortStrategy' as expected. Implement the interface and its methods., hasLongFeedbackText=false, reference=null, credits=0.0, positive=false, type=AUTOMATIC, visibility=ALWAYS, testCase=TestCaseDTO[testName=testClass[BubbleSort], id=1459]], FeedbackDTO[id=991, text=null, detailText=MergeSort does not sort correctly, hasLongFeedbackText=false, reference=null, credits=0.0, positive=false, type=AUTOMATIC, visibility=ALWAYS, testCase=TestCaseDTO[testName=testMergeSort(), id=1464]], FeedbackDTO[id=992, text=null, detailText=The class 'Context' was not found within the submission. Make sure to implement it properly., hasLongFeedbackText=false, reference=null, credits=0.0, positive=false, type=AUTOMATIC, visibility=ALWAYS, testCase=TestCaseDTO[testName=testUseBubbleSortForSmallList(), id=1465]], FeedbackDTO[id=993, text=null, detailText=BubbleSort does not sort correctly, hasLongFeedbackText=false, reference=null, credits=0.0, positive=false, type=AUTOMATIC, visibility=ALWAYS, testCase=TestCaseDTO[testName=testBubbleSort(), id=1467]], FeedbackDTO[id=994, text=null, detailText=The class 'Context' was not found within the submission. Make sure to implement it properly., hasLongFeedbackText=false, reference=null, credits=0.0, positive=false, type=AUTOMATIC, visibility=ALWAYS, testCase=TestCaseDTO[testName=testUseMergeSortForBigList(), id=1466]], FeedbackDTO[id=995, text=null, detailText=The exercise expects a class with the name Policy in the package testpackage. You did not implement the class in the exercise., hasLongFeedbackText=false, reference=null, credits=0.0, positive=false, type=AUTOMATIC, visibility=ALWAYS, testCase=TestCaseDTO[testName=testConstructors[Policy], id=1460]], FeedbackDTO[id=996, text=null, detailText=The exercise expects a class with the name Context in the package testpackage. You did not implement the class in the exercise., hasLongFeedbackText=false, reference=null, credits=0.0, positive=false, type=AUTOMATIC, visibility=ALWAYS, testCase=TestCaseDTO[testName=testAttributes[Context], id=1456]], FeedbackDTO[id=997, text=null, detailText=The exercise expects a class with the name Policy in the package testpackage. You did not implement the class in the exercise., hasLongFeedbackText=false, reference=null, credits=0.0, positive=false, type=AUTOMATIC, visibility=ALWAYS, testCase=TestCaseDTO[testName=testAttributes[Policy], id=1457]]], assessmentType=AUTOMATIC, hasComplaint=null, exampleResult=null, testCaseCount=13, passedTestCaseCount=0, codeIssueCount=0]], BuildJobQueueItem[id=20291739576751299, name=SHORT716C2EC10B19B049C80A2F00B97EAB20B2A9TSTEXC-SOLUTION, buildAgent=BuildAgentDTO[name=artemis-build-agent-test, memberAddress=[127.0.0.1]:5703, displayName=artemis-build-agent-test], participationId=2029, courseId=993, exerciseId=2610, retryCount=0, priority=2, status=SUCCESSFUL, repositoryInfo=RepositoryInfo[repositoryName=short716c2ec10b19b049c80a2f00b97eab20b2a9tstexc-solution, repositoryType=solution, triggeredByPushTo=tests, assignmentRepositoryUri=http://localhost:49152/git/SHORT716C2EC10B19B049C80A2F00B97EAB20B2A9TSTEXC/short716c2ec10b19b049c80a2f00b97eab20b2a9tstexc-solution.git, testRepositoryUri=http://localhost:49152/git/SHORT716C2EC10B19B049C80A2F00B97EAB20B2A9TSTEXC/short716c2ec10b19b049c80a2f00b97eab20b2a9tstexc-tests.git, solutionRepositoryUri=null, auxiliaryRepositoryUris=[Ljava.lang.String;@6f239330, auxiliaryRepositoryCheckoutDirectories=[Ljava.lang.String;@6e39a556], jobTimingInfo=JobTimingInfo[submissionDate=2025-02-14T23:45:51.299892174Z[Etc/UTC], buildStartDate=2025-02-14T23:45:51.314028505Z[Etc/UTC], buildCompletionDate=2025-02-14T23:45:52.158312850Z[Etc/UTC], estimatedCompletionDate=2025-02-14T23:46:10.314021752Z[Etc/UTC], estimatedDuration=19], buildConfig=BuildConfig[buildScript=#!/bin/bash
cd /var/tmp/testing-dir
chmod +x ./gradlew
./gradlew clean test
, dockerImage=dummy-docker-image:latest, commitHashToBuild=1e531733ed6e9237f710b528d1eb0b7beac565fd, assignmentCommitHash=815e279f12ad296b4f24c44134a07293c04c010f, testCommitHash=1e531733ed6e9237f710b528d1eb0b7beac565fd, branch=main, programmingLanguage=JAVA, projectType=PLAIN_GRADLE, scaEnabled=false, sequentialTestRunsEnabled=false, resultPaths=[/var/tmp/testing-dir/**/test-results/test/*.xml], timeoutSeconds=0, assignmentCheckoutPath=null, testCheckoutPath=null, solutionCheckoutPath=null, dockerRunConfig=null], submissionResult=ResultDTO[id=638, completionDate=2025-02-14T23:45:52.146826070Z[Etc/UTC], successful=true, score=100.0, rated=true, submission=SubmissionDTO[id=832, submitted=true, type=TEST, exampleSubmission=null, submissionDate=2025-02-14T23:45:51.275713Z, commitHash=1e531733ed6e9237f710b528d1eb0b7beac565fd, buildFailed=false, buildArtifact=false, participation=ParticipationDTO[id=2029, testRun=false, type=solution, submissionCount=null, exercise=ParticipationExerciseDTO[id=2610, exerciseType=PROGRAMMING, type=programming, assessmentType=AUTOMATIC, dueDate=2025-02-16T23:45:50.869093Z, assessmentDueDate=null, maxPoints=42.0, course=CourseDTO[id=993, accuracyOfScores=1]]], submissionExerciseType=programming, isProcessing=false, buildStartDate=null, estimatedCompletionDate=null], participation=ParticipationDTO[id=2029, testRun=false, type=solution, submissionCount=null, exercise=ParticipationExerciseDTO[id=2610, exerciseType=PROGRAMMING, type=programming, assessmentType=AUTOMATIC, dueDate=2025-02-16T23:45:50.869093Z, assessmentDueDate=null, maxPoints=42.0, course=CourseDTO[id=993, accuracyOfScores=1]]], feedbacks=[FeedbackDTO[id=998, text=null, detailText=null, hasLongFeedbackText=false, reference=null, credits=3.230769230769231, positive=true, type=AUTOMATIC, visibility=ALWAYS, testCase=TestCaseDTO[testName=testMethods[Context], id=1474]], FeedbackDTO[id=999, text=null, detailText=null, hasLongFeedbackText=false, reference=null, credits=3.230769230769231, positive=true, type=AUTOMATIC, visibility=ALWAYS, testCase=TestCaseDTO[testName=testMethods[Policy], id=1475]], FeedbackDTO[id=1000, text=null, detailText=null, hasLongFeedbackText=false, reference=null, credits=3.230769230769231, positive=true, type=AUTOMATIC, visibility=ALWAYS, testCase=TestCaseDTO[testName=testMethods[SortStrategy], id=1476]], FeedbackDTO[id=1001, text=null, detailText=null, hasLongFeedbackText=false, reference=null, credits=3.230769230769231, positive=true, type=AUTOMATIC, visibility=ALWAYS, testCase=TestCaseDTO[testName=testClass[MergeSort], id=1471]], FeedbackDTO[id=1002, text=null, detailText=null, hasLongFeedbackText=false, reference=null, credits=3.230769230769231, positive=true, type=AUTOMATIC, visibility=ALWAYS, testCase=TestCaseDTO[testName=testClass[SortStrategy], id=1468]], FeedbackDTO[id=1003, text=null, detailText=null, hasLongFeedbackText=false, reference=null, credits=3.230769230769231, positive=true, type=AUTOMATIC, visibility=ALWAYS, testCase=TestCaseDTO[testName=testClass[BubbleSort], id=1472]], FeedbackDTO[id=1004, text=null, detailText=null, hasLongFeedbackText=false, reference=null, credits=3.230769230769231, positive=true, type=AUTOMATIC, visibility=ALWAYS, testCase=TestCaseDTO[testName=testMergeSort(), id=1477]], FeedbackDTO[id=1005, text=null, detailText=null, hasLongFeedbackText=false, reference=null, credits=3.230769230769231, positive=true, type=AUTOMATIC, visibility=ALWAYS, testCase=TestCaseDTO[testName=testUseBubbleSortForSmallList(), id=1478]], FeedbackDTO[id=1006, text=null, detailText=null, hasLongFeedbackText=false, reference=null, credits=3.230769230769231, positive=true, type=AUTOMATIC, visibility=ALWAYS, testCase=TestCaseDTO[testName=testBubbleSort(), id=1480]], FeedbackDTO[id=1007, text=null, detailText=null, hasLongFeedbackText=false, reference=null, credits=3.230769230769231, positive=true, type=AUTOMATIC, visibility=ALWAYS, testCase=TestCaseDTO[testName=testUseMergeSortForBigList(), id=1479]], FeedbackDTO[id=1008, text=null, detailText=null, hasLongFeedbackText=false, reference=null, credits=3.230769230769231, positive=true, type=AUTOMATIC, visibility=ALWAYS, testCase=TestCaseDTO[testName=testConstructors[Policy], id=1473]], FeedbackDTO[id=1009, text=null, detailText=null, hasLongFeedbackText=false, reference=null, credits=3.230769230769231, positive=true, type=AUTOMATIC, visibility=ALWAYS, testCase=TestCaseDTO[testName=testAttributes[Context], id=1469]], FeedbackDTO[id=1010, text=null, detailText=null, hasLongFeedbackText=false, reference=null, credits=3.230769230769231, positive=true, type=AUTOMATIC, visibility=ALWAYS, testCase=TestCaseDTO[testName=testAttributes[Policy], id=1470]]], assessmentType=AUTOMATIC, hasComplaint=null, exampleResult=null, testCaseCount=13, passedTestCaseCount=13, codeIssueCount=0]], BuildJobQueueItem[id=20301739576752239, name=SHORT716C2EC10B19B049C80A2F00B97EAB20B2A9TSTEXC-BASE, buildAgent=BuildAgentDTO[name=artemis-build-agent-test, memberAddress=[127.0.0.1]:5703, displayName=artemis-build-agent-test], participationId=2030, courseId=993, exerciseId=2610, retryCount=0, priority=2, status=SUCCESSFUL, repositoryInfo=RepositoryInfo[repositoryName=short716c2ec10b19b049c80a2f00b97eab20b2a9tstexc-exercise, repositoryType=exercise, triggeredByPushTo=tests, assignmentRepositoryUri=http://localhost:49152/git/SHORT716C2EC10B19B049C80A2F00B97EAB20B2A9TSTEXC/short716c2ec10b19b049c80a2f00b97eab20b2a9tstexc-exercise.git, testRepositoryUri=http://localhost:49152/git/SHORT716C2EC10B19B049C80A2F00B97EAB20B2A9TSTEXC/short716c2ec10b19b049c80a2f00b97eab20b2a9tstexc-tests.git, solutionRepositoryUri=null, auxiliaryRepositoryUris=[Ljava.lang.String;@5c1a5e11, auxiliaryRepositoryCheckoutDirectories=[Ljava.lang.String;@640313ce], jobTimingInfo=JobTimingInfo[submissionDate=2025-02-14T23:45:52.239402475Z[Etc/UTC], buildStartDate=2025-02-14T23:45:52.258713639Z[Etc/UTC], buildCompletionDate=2025-02-14T23:45:53.238773956Z[Etc/UTC], estimatedCompletionDate=2025-02-14T23:45:53.258707428Z[Etc/UTC], estimatedDuration=1], buildConfig=BuildConfig[buildScript=#!/bin/bash
cd /var/tmp/testing-dir
chmod +x ./gradlew
./gradlew clean test
, dockerImage=dummy-docker-image:latest, commitHashToBuild=1e531733ed6e9237f710b528d1eb0b7beac565fd, assignmentCommitHash=815e279f12ad296b4f24c44134a07293c04c010f, testCommitHash=1e531733ed6e9237f710b528d1eb0b7beac565fd, branch=main, programmingLanguage=JAVA, projectType=PLAIN_GRADLE, scaEnabled=false, sequentialTestRunsEnabled=false, resultPaths=[/var/tmp/testing-dir/**/test-results/test/*.xml], timeoutSeconds=0, assignmentCheckoutPath=null, testCheckoutPath=null, solutionCheckoutPath=null, dockerRunConfig=null], submissionResult=ResultDTO[id=639, completionDate=2025-02-14T23:45:53.225806205Z[Etc/UTC], successful=false, score=0.0, rated=true, submission=SubmissionDTO[id=833, submitted=true, type=TEST, exampleSubmission=null, submissionDate=2025-02-14T23:45:52.237179Z, commitHash=1e531733ed6e9237f710b528d1eb0b7beac565fd, buildFailed=false, buildArtifact=false, participation=ParticipationDTO[id=2030, testRun=false, type=template, submissionCount=null, exercise=ParticipationExerciseDTO[id=2610, exerciseType=PROGRAMMING, type=programming, assessmentType=AUTOMATIC, dueDate=2025-02-16T23:45:50.869093Z, assessmentDueDate=null, maxPoints=42.0, course=CourseDTO[id=993, accuracyOfScores=1]]], submissionExerciseType=programming, isProcessing=false, buildStartDate=null, estimatedCompletionDate=null], participation=ParticipationDTO[id=2030, testRun=false, type=template, submissionCount=null, exercise=ParticipationExerciseDTO[id=2610, exerciseType=PROGRAMMING, type=programming, assessmentType=AUTOMATIC, dueDate=2025-02-16T23:45:50.869093Z, assessmentDueDate=null, maxPoints=42.0, course=CourseDTO[id=993, accuracyOfScores=1]]], feedbacks=[FeedbackDTO[id=1011, text=null, detailText=The exercise expects a class with the name Context in the package testpackage. You did not implement the class in the exercise., hasLongFeedbackText=false, reference=null, credits=0.0, positive=false, type=AUTOMATIC, visibility=ALWAYS, testCase=TestCaseDTO[testName=testMethods[Context], id=1474]], FeedbackDTO[id=1012, text=null, detailText=The exercise expects a class with the name Policy in the package testpackage. You did not implement the class in the exercise., hasLongFeedbackText=false, reference=null, credits=0.0, positive=false, type=AUTOMATIC, visibility=ALWAYS, testCase=TestCaseDTO[testName=testMethods[Policy], id=1475]], FeedbackDTO[id=1013, text=null, detailText=The exercise expects a class with the name SortStrategy in the package testpackage. You did not implement the class in the exercise., hasLongFeedbackText=false, reference=null, credits=0.0, positive=false, type=AUTOMATIC, visibility=ALWAYS, testCase=TestCaseDTO[testName=testMethods[SortStrategy], id=1476]], FeedbackDTO[id=1014, text=null, detailText=The class 'MergeSort' does not implement the interface 'SortStrategy' as expected. Implement the interface and its methods., hasLongFeedbackText=false, reference=null, credits=0.0, positive=false, type=AUTOMATIC, visibility=ALWAYS, testCase=TestCaseDTO[testName=testClass[MergeSort], id=1471]], FeedbackDTO[id=1015, text=null, detailText=The exercise expects a class with the name SortStrategy in the package testpackage. You did not implement the class in the exercise., hasLongFeedbackText=false, reference=null, credits=0.0, positive=false, type=AUTOMATIC, visibility=ALWAYS, testCase=TestCaseDTO[testName=testClass[SortStrategy], id=1468]], FeedbackDTO[id=1016, text=null, detailText=The class 'BubbleSort' does not implement the interface 'SortStrategy' as expected. Implement the interface and its methods., hasLongFeedbackText=false, reference=null, credits=0.0, positive=false, type=AUTOMATIC, visibility=ALWAYS, testCase=TestCaseDTO[testName=testClass[BubbleSort], id=1472]], FeedbackDTO[id=1017, text=null, detailText=MergeSort does not sort correctly, hasLongFeedbackText=false, reference=null, credits=0.0, positive=false, type=AUTOMATIC, visibility=ALWAYS, testCase=TestCaseDTO[testName=testMergeSort(), id=1477]], FeedbackDTO[id=1018, text=null, detailText=The class 'Context' was not found within the submission. Make sure to implement it properly., hasLongFeedbackText=false, reference=null, credits=0.0, positive=false, type=AUTOMATIC, visibility=ALWAYS, testCase=TestCaseDTO[testName=testUseBubbleSortForSmallList(), id=1478]], FeedbackDTO[id=1019, text=null, detailText=BubbleSort does not sort correctly, hasLongFeedbackText=false, reference=null, credits=0.0, positive=false, type=AUTOMATIC, visibility=ALWAYS, testCase=TestCaseDTO[testName=testBubbleSort(), id=1480]], FeedbackDTO[id=1020, text=null, detailText=The class 'Context' was not found within the submission. Make sure to implement it properly., hasLongFeedbackText=false, reference=null, credits=0.0, positive=false, type=AUTOMATIC, visibility=ALWAYS, testCase=TestCaseDTO[testName=testUseMergeSortForBigList(), id=1479]], FeedbackDTO[id=1021, text=null, detailText=The exercise expects a class with the name Policy in the package testpackage. You did not implement the class in the exercise., hasLongFeedbackText=false, reference=null, credits=0.0, positive=false, type=AUTOMATIC, visibility=ALWAYS, testCase=TestCaseDTO[testName=testConstructors[Policy], id=1473]], FeedbackDTO[id=1022, text=null, detailText=The exercise expects a class with the name Context in the package testpackage. You did not implement the class in the exercise., hasLongFeedbackText=false, reference=null, credits=0.0, positive=false, type=AUTOMATIC, visibility=ALWAYS, testCase=TestCaseDTO[testName=testAttributes[Context], id=1469]], FeedbackDTO[id=1023, text=null, detailText=The exercise expects a class with the name Policy in the package testpackage. You did not implement the class in the exercise., hasLongFeedbackText=false, reference=null, credits=0.0, positive=false, type=AUTOMATIC, visibility=ALWAYS, testCase=TestCaseDTO[testName=testAttributes[Policy], id=1470]]], assessmentType=AUTOMATIC, hasComplaint=null, exampleResult=null, testCaseCount=13, passedTestCaseCount=0, codeIssueCount=0]], BuildJobQueueItem[id=20391739576754750, name=SHORT3A680734092E404EF80A4C60FBC1E408F7D0TSTEXC-LOCALVCCIINTSTUDENT1, buildAgent=BuildAgentDTO[name=artemis-build-agent-test, memberAddress=[127.0.0.1]:5703, displayName=artemis-build-agent-test], participationId=2039, courseId=996, exerciseId=2613, retryCount=0, priority=2, status=SUCCESSFUL, repositoryInfo=RepositoryInfo[repositoryName=short3a680734092e404ef80a4c60fbc1e408f7d0tstexc-localvcciintstudent1, repositoryType=user, triggeredByPushTo=user, assignmentRepositoryUri=http://localhost:49152/git/SHORT3A680734092E404EF80A4C60FBC1E408F7D0TSTEXC/short3a680734092e404ef80a4c60fbc1e408f7d0tstexc-localvcciintstudent1.git, testRepositoryUri=http://localhost:49152/git/SHORT3A680734092E404EF80A4C60FBC1E408F7D0TSTEXC/short3a680734092e404ef80a4c60fbc1e408f7d0tstexc-tests.git, solutionRepositoryUri=null, auxiliaryRepositoryUris=[Ljava.lang.String;@174aa66d, auxiliaryRepositoryCheckoutDirectories=[Ljava.lang.String;@34faa2c7], jobTimingInfo=JobTimingInfo[submissionDate=2025-02-14T23:45:54.750657185Z[Etc/UTC], buildStartDate=2025-02-14T23:45:54.765232948Z[Etc/UTC], buildCompletionDate=2025-02-14T23:45:55.645844970Z[Etc/UTC], estimatedCompletionDate=2025-02-14T23:46:13.765225363Z[Etc/UTC], estimatedDuration=19], buildConfig=BuildConfig[buildScript=#!/bin/bash
cd /var/tmp/testing-dir
chmod +x ./gradlew
./gradlew clean test
, dockerImage=dummy-docker-image:latest, commitHashToBuild=9344436f8d5a5ce3aa40215562db211ed501371f, assignmentCommitHash=9344436f8d5a5ce3aa40215562db211ed501371f, testCommitHash=ff421c3651ec230fed2f20f72c2901ae372be06a, branch=main, programmingLanguage=JAVA, projectType=PLAIN_GRADLE, scaEnabled=false, sequentialTestRunsEnabled=false, resultPaths=[/var/tmp/testing-dir/**/test-results/test/*.xml], timeoutSeconds=0, assignmentCheckoutPath=null, testCheckoutPath=null, solutionCheckoutPath=null, dockerRunConfig=null], submissionResult=ResultDTO[id=640, completionDate=2025-02-14T23:45:55.628250079Z[Etc/UTC], successful=false, score=7.7, rated=true, submission=SubmissionDTO[id=834, submitted=true, type=MANUAL, exampleSubmission=null, submissionDate=2025-02-14T23:45:54.732007Z, commitHash=9344436f8d5a5ce3aa40215562db211ed501371f, buildFailed=false, buildArtifact=false, participation=ParticipationDTO[id=2039, testRun=false, type=programming, submissionCount=null, exercise=ParticipationExerciseDTO[id=2613, exerciseType=PROGRAMMING, type=programming, assessmentType=AUTOMATIC, dueDate=2025-02-16T23:45:54.546562Z, assessmentDueDate=null, maxPoints=42.0, course=CourseDTO[id=996, accuracyOfScores=1]]], submissionExerciseType=programming, isProcessing=false, buildStartDate=null, estimatedCompletionDate=null], participation=ParticipationDTO[id=2039, testRun=false, type=programming, submissionCount=null, exercise=ParticipationExerciseDTO[id=2613, exerciseType=PROGRAMMING, type=programming, assessmentType=AUTOMATIC, dueDate=2025-02-16T23:45:54.546562Z, assessmentDueDate=null, maxPoints=42.0, course=CourseDTO[id=996, accuracyOfScores=1]]], feedbacks=[FeedbackDTO[id=1024, text=null, detailText=The exercise expects a class with the name Context in the package testpackage. You did not implement the class in the exercise., hasLongFeedbackText=false, reference=null, credits=0.0, positive=false, type=AUTOMATIC, visibility=ALWAYS, testCase=TestCaseDTO[testName=null, id=1513]], FeedbackDTO[id=1025, text=null, detailText=The exercise expects a class with the name Policy in the package testpackage. You did not implement the class in the exercise., hasLongFeedbackText=false, reference=null, credits=0.0, positive=false, type=AUTOMATIC, visibility=ALWAYS, testCase=TestCaseDTO[testName=null, id=1514]], FeedbackDTO[id=1026, text=null, detailText=The exercise expects a class with the name SortStrategy in the package testpackage. You did not implement the class in the exercise., hasLongFeedbackText=false, reference=null, credits=0.0, positive=false, type=AUTOMATIC, visibility=ALWAYS, testCase=TestCaseDTO[testName=null, id=1515]], FeedbackDTO[id=1027, text=null, detailText=The class 'MergeSort' does not implement the interface 'SortStrategy' as expected. Implement the interface and its methods., hasLongFeedbackText=false, reference=null, credits=0.0, positive=false, type=AUTOMATIC, visibility=ALWAYS, testCase=TestCaseDTO[testName=null, id=1510]], FeedbackDTO[id=1028, text=null, detailText=The exercise expects a class with the name SortStrategy in the package testpackage. You did not implement the class in the exercise., hasLongFeedbackText=false, reference=null, credits=0.0, positive=false, type=AUTOMATIC, visibility=ALWAYS, testCase=TestCaseDTO[testName=null, id=1507]], FeedbackDTO[id=1029, text=null, detailText=The class 'BubbleSort' does not implement the interface 'SortStrategy' as expected. Implement the interface and its methods., hasLongFeedbackText=false, reference=null, credits=0.0, positive=false, type=AUTOMATIC, visibility=ALWAYS, testCase=TestCaseDTO[testName=null, id=1511]], FeedbackDTO[id=1030, text=null, detailText=MergeSort does not sort correctly, hasLongFeedbackText=false, reference=null, credits=0.0, positive=false, type=AUTOMATIC, visibility=ALWAYS, testCase=TestCaseDTO[testName=null, id=1516]], FeedbackDTO[id=1031, text=null, detailText=The class 'Context' was not found within the submission. Make sure to implement it properly., hasLongFeedbackText=false, reference=null, credits=0.0, positive=false, type=AUTOMATIC, visibility=ALWAYS, testCase=TestCaseDTO[testName=null, id=1517]], FeedbackDTO[id=1032, text=null, detailText=The class 'Context' was not found within the submission. Make sure to implement it properly., hasLongFeedbackText=false, reference=null, credits=0.0, positive=false, type=AUTOMATIC, visibility=ALWAYS, testCase=TestCaseDTO[testName=null, id=1518]], FeedbackDTO[id=1033, text=null, detailText=The exercise expects a class with the name Policy in the package testpackage. You did not implement the class in the exercise., hasLongFeedbackText=false, reference=null, credits=0.0, positive=false, type=AUTOMATIC, visibility=ALWAYS, testCase=TestCaseDTO[testName=null, id=1512]], FeedbackDTO[id=1034, text=null, detailText=The exercise expects a class with the name Context in the package testpackage. You did not implement the class in the exercise., hasLongFeedbackText=false, reference=null, credits=0.0, positive=false, type=AUTOMATIC, visibility=ALWAYS, testCase=TestCaseDTO[testName=null, id=1508]], FeedbackDTO[id=1035, text=null, detailText=The exercise expects a class with the name Policy in the package testpackage. You did not implement the class in the exercise., hasLongFeedbackText=false, reference=null, credits=0.0, positive=false, type=AUTOMATIC, visibility=ALWAYS, testCase=TestCaseDTO[testName=null, id=1509]], FeedbackDTO[id=1036, text=null, detailText=null, hasLongFeedbackText=false, reference=null, credits=3.230769230769231, positive=true, type=AUTOMATIC, visibility=ALWAYS, testCase=TestCaseDTO[testName=null, id=1519]]], assessmentType=AUTOMATIC, hasComplaint=null, exampleResult=null, testCaseCount=13, passedTestCaseCount=1, codeIssueCount=0]], BuildJobQueueItem[id=20431739576757232, name=SHORT3945BC5E092B90459B0A7F006DF5F64347FDTSTEXC-SOLUTION, buildAgent=BuildAgentDTO[name=artemis-build-agent-test, memberAddress=[127.0.0.1]:5703, displayName=artemis-build-agent-test], participationId=2043, courseId=998, exerciseId=2615, retryCount=0, priority=2, status=SUCCESSFUL, repositoryInfo=RepositoryInfo[repositoryName=short3945bc5e092b90459b0a7f006df5f64347fdtstexc-solution, repositoryType=solution, triggeredByPushTo=solution, assignmentRepositoryUri=http://localhost:49152/git/SHORT3945BC5E092B90459B0A7F006DF5F64347FDTSTEXC/short3945bc5e092b90459b0a7f006df5f64347fdtstexc-solution.git, testRepositoryUri=http://localhost:49152/git/SHORT3945BC5E092B90459B0A7F006DF5F64347FDTSTEXC/short3945bc5e092b90459b0a7f006df5f64347fdtstexc-tests.git, solutionRepositoryUri=null, auxiliaryRepositoryUris=[Ljava.lang.String;@3a1e889f, auxiliaryRepositoryCheckoutDirectories=[Ljava.lang.String;@467f6171], jobTimingInfo=JobTimingInfo[submissionDate=2025-02-14T23:45:57.232907777Z[Etc/UTC], buildStartDate=2025-02-14T23:45:57.240437339Z[Etc/UTC], buildCompletionDate=2025-02-14T23:45:58.062328619Z[Etc/UTC], estimatedCompletionDate=2025-02-14T23:46:16.240428743Z[Etc/UTC], estimatedDuration=19], buildConfig=BuildConfig[buildScript=#!/bin/bash
cd /var/tmp/testing-dir
chmod +x ./gradlew
./gradlew clean test
, dockerImage=dummy-docker-image:latest, commitHashToBuild=c315388a235502fd958ae3c7ffbbbbf126a8fe21, assignmentCommitHash=c315388a235502fd958ae3c7ffbbbbf126a8fe21, testCommitHash=28488095271179f4eface46480ec45511f50df5d, branch=main, programmingLanguage=JAVA, projectType=PLAIN_GRADLE, scaEnabled=false, sequentialTestRunsEnabled=false, resultPaths=[/var/tmp/testing-dir/**/test-results/test/*.xml], timeoutSeconds=0, assignmentCheckoutPath=null, testCheckoutPath=null, solutionCheckoutPath=null, dockerRunConfig=null], submissionResult=ResultDTO[id=641, completionDate=2025-02-14T23:45:58.032353400Z[Etc/UTC], successful=true, score=100.0, rated=true, submission=SubmissionDTO[id=835, submitted=true, type=MANUAL, exampleSubmission=null, submissionDate=2025-02-14T23:45:57.222714Z, commitHash=c315388a235502fd958ae3c7ffbbbbf126a8fe21, buildFailed=false, buildArtifact=false, participation=ParticipationDTO[id=2043, testRun=false, type=solution, submissionCount=null, exercise=ParticipationExerciseDTO[id=2615, exerciseType=PROGRAMMING, type=programming, assessmentType=AUTOMATIC, dueDate=2025-02-16T23:45:56.808788Z, assessmentDueDate=null, maxPoints=42.0, course=CourseDTO[id=998, accuracyOfScores=1]]], submissionExerciseType=programming, isProcessing=false, buildStartDate=null, estimatedCompletionDate=null], participation=ParticipationDTO[id=2043, testRun=false, type=solution, submissionCount=null, exercise=ParticipationExerciseDTO[id=2615, exerciseType=PROGRAMMING, type=programming, assessmentType=AUTOMATIC, dueDate=2025-02-16T23:45:56.808788Z, assessmentDueDate=null, maxPoints=42.0, course=CourseDTO[id=998, accuracyOfScores=1]]], feedbacks=[FeedbackDTO[id=1037, text=null, detailText=null, hasLongFeedbackText=false, reference=null, credits=3.230769230769231, positive=true, type=AUTOMATIC, visibility=ALWAYS, testCase=TestCaseDTO[testName=testMethods[Context], id=1539]], FeedbackDTO[id=1038, text=null, detailText=null, hasLongFeedbackText=false, reference=null, credits=3.230769230769231, positive=true, type=AUTOMATIC, visibility=ALWAYS, testCase=TestCaseDTO[testName=testMethods[Policy], id=1540]], FeedbackDTO[id=1039, text=null, detailText=null, hasLongFeedbackText=false, reference=null, credits=3.230769230769231, positive=true, type=AUTOMATIC, visibility=ALWAYS, testCase=TestCaseDTO[testName=testMethods[SortStrategy], id=1541]], FeedbackDTO[id=1040, text=null, detailText=null, hasLongFeedbackText=false, reference=null, credits=3.230769230769231, positive=true, type=AUTOMATIC, visibility=ALWAYS, testCase=TestCaseDTO[testName=testClass[MergeSort], id=1536]], FeedbackDTO[id=1041, text=null, detailText=null, hasLongFeedbackText=false, reference=null, credits=3.230769230769231, positive=true, type=AUTOMATIC, visibility=ALWAYS, testCase=TestCaseDTO[testName=testClass[SortStrategy], id=1533]], FeedbackDTO[id=1042, text=null, detailText=null, hasLongFeedbackText=false, reference=null, credits=3.230769230769231, positive=true, type=AUTOMATIC, visibility=ALWAYS, testCase=TestCaseDTO[testName=testClass[BubbleSort], id=1537]], FeedbackDTO[id=1043, text=null, detailText=null, hasLongFeedbackText=false, reference=null, credits=3.230769230769231, positive=true, type=AUTOMATIC, visibility=ALWAYS, testCase=TestCaseDTO[testName=testMergeSort(), id=1542]], FeedbackDTO[id=1044, text=null, detailText=null, hasLongFeedbackText=false, reference=null, credits=3.230769230769231, positive=true, type=AUTOMATIC, visibility=ALWAYS, testCase=TestCaseDTO[testName=testUseBubbleSortForSmallList(), id=1543]], FeedbackDTO[id=1045, text=null, detailText=null, hasLongFeedbackText=false, reference=null, credits=3.230769230769231, positive=true, type=AUTOMATIC, visibility=ALWAYS, testCase=TestCaseDTO[testName=testBubbleSort(), id=1545]], FeedbackDTO[id=1046, text=null, detailText=null, hasLongFeedbackText=false, reference=null, credits=3.230769230769231, positive=true, type=AUTOMATIC, visibility=ALWAYS, testCase=TestCaseDTO[testName=testUseMergeSortForBigList(), id=1544]], FeedbackDTO[id=1047, text=null, detailText=null, hasLongFeedbackText=false, reference=null, credits=3.230769230769231, positive=true, type=AUTOMATIC, visibility=ALWAYS, testCase=TestCaseDTO[testName=testConstructors[Policy], id=1538]], FeedbackDTO[id=1048, text=null, detailText=null, hasLongFeedbackText=false, reference=null, credits=3.230769230769231, positive=true, type=AUTOMATIC, visibility=ALWAYS, testCase=TestCaseDTO[testName=testAttributes[Context], id=1534]], FeedbackDTO[id=1049, text=null, detailText=null, hasLongFeedbackText=false, reference=null, credits=3.230769230769231, positive=true, type=AUTOMATIC, visibility=ALWAYS, testCase=TestCaseDTO[testName=testAttributes[Policy], id=1535]]], assessmentType=AUTOMATIC, hasComplaint=null, exampleResult=null, testCaseCount=13, passedTestCaseCount=13, codeIssueCount=0]], BuildJobQueueItem[id=20471739576759335, name=SHORT07624A260BD060493708A050BB6FAE261DD5TSTEXC-LOCALVCCIINTSTUDENT1, buildAgent=BuildAgentDTO[name=artemis-build-agent-test, memberAddress=[127.0.0.1]:5703, displayName=artemis-build-agent-test], participationId=2047, courseId=999, exerciseId=2616, retryCount=0, priority=2, status=SUCCESSFUL, repositoryInfo=RepositoryInfo[repositoryName=short07624a260bd060493708a050bb6fae261dd5tstexc-localvcciintstudent1, repositoryType=user, triggeredByPushTo=user, assignmentRepositoryUri=http://localhost:49152/git/SHORT07624A260BD060493708A050BB6FAE261DD5TSTEXC/short07624a260bd060493708a050bb6fae261dd5tstexc-localvcciintstudent1.git, testRepositoryUri=http://localhost:49152/git/SHORT07624A260BD060493708A050BB6FAE261DD5TSTEXC/short07624a260bd060493708a050bb6fae261dd5tstexc-tests.git, solutionRepositoryUri=null, auxiliaryRepositoryUris=[Ljava.lang.String;@444de1d, auxiliaryRepositoryCheckoutDirectories=[Ljava.lang.String;@65c9a8c8], jobTimingInfo=JobTimingInfo[submissionDate=2025-02-14T23:45:59.335772293Z[Etc/UTC], buildStartDate=2025-02-14T23:45:59.344175895Z[Etc/UTC], buildCompletionDate=2025-02-14T23:46:00.603413500Z[Etc/UTC], estimatedCompletionDate=2025-02-14T23:46:18.344169813Z[Etc/UTC], estimatedDuration=19], buildConfig=BuildConfig[buildScript=#!/bin/bash
cd /var/tmp/testing-dir
chmod +x ./gradlew
./gradlew clean test
, dockerImage=dummy-docker-image:latest, commitHashToBuild=18a07c7296dd70e3280c5bdcec7fccd0be6b8148, assignmentCommitHash=18a07c7296dd70e3280c5bdcec7fccd0be6b8148, testCommitHash=d654a233667bae063bb900e455fd2da456e10333, branch=main, programmingLanguage=JAVA, projectType=PLAIN_GRADLE, scaEnabled=false, sequentialTestRunsEnabled=false, resultPaths=[/var/tmp/testing-dir/**/test-results/test/*.xml], timeoutSeconds=0, assignmentCheckoutPath=null, testCheckoutPath=null, solutionCheckoutPath=null, dockerRunConfig=null], submissionResult=ResultDTO[id=642, completionDate=2025-02-14T23:46:00.583368808Z[Etc/UTC], successful=false, score=7.7, rated=true, submission=SubmissionDTO[id=836, submitted=true, type=MANUAL, exampleSubmission=null, submissionDate=2025-02-14T23:45:59.324416Z, commitHash=18a07c7296dd70e3280c5bdcec7fccd0be6b8148, buildFailed=false, buildArtifact=false, participation=ParticipationDTO[id=2047, testRun=false, type=programming, submissionCount=null, exercise=ParticipationExerciseDTO[id=2616, exerciseType=PROGRAMMING, type=programming, assessmentType=AUTOMATIC, dueDate=2025-02-16T23:45:58.958237Z, assessmentDueDate=null, maxPoints=42.0, course=CourseDTO[id=999, accuracyOfScores=1]]], submissionExerciseType=programming, isProcessing=false, buildStartDate=null, estimatedCompletionDate=null], participation=ParticipationDTO[id=2047, testRun=false, type=programming, submissionCount=null, exercise=ParticipationExerciseDTO[id=2616, exerciseType=PROGRAMMING, type=programming, assessmentType=AUTOMATIC, dueDate=2025-02-16T23:45:58.958237Z, assessmentDueDate=null, maxPoints=42.0, course=CourseDTO[id=999, accuracyOfScores=1]]], feedbacks=[FeedbackDTO[id=1050, text=null, detailText=The exercise expects a class with the name Context in the package testpackage. You did not implement the class in the exercise., hasLongFeedbackText=false, reference=null, credits=0.0, positive=false, type=AUTOMATIC, visibility=ALWAYS, testCase=TestCaseDTO[testName=null, id=1552]], FeedbackDTO[id=1051, text=null, detailText=The exercise expects a class with the name Policy in the package testpackage. You did not implement the class in the exercise., hasLongFeedbackText=false, reference=null, credits=0.0, positive=false, type=AUTOMATIC, visibility=ALWAYS, testCase=TestCaseDTO[testName=null, id=1553]], FeedbackDTO[id=1052, text=null, detailText=The exercise expects a class with the name SortStrategy in the package testpackage. You did not implement the class in the exercise., hasLongFeedbackText=false, reference=null, credits=0.0, positive=false, type=AUTOMATIC, visibility=ALWAYS, testCase=TestCaseDTO[testName=null, id=1554]], FeedbackDTO[id=1053, text=null, detailText=The class 'MergeSort' does not implement the interface 'SortStrategy' as expected. Implement the interface and its methods., hasLongFeedbackText=false, reference=null, credits=0.0, positive=false, type=AUTOMATIC, visibility=ALWAYS, testCase=TestCaseDTO[testName=null, id=1549]], FeedbackDTO[id=1054, text=null, detailText=The exercise expects a class with the name SortStrategy in the package testpackage. You did not implement the class in the exercise., hasLongFeedbackText=false, reference=null, credits=0.0, positive=false, type=AUTOMATIC, visibility=ALWAYS, testCase=TestCaseDTO[testName=null, id=1546]], FeedbackDTO[id=1055, text=null, detailText=The class 'BubbleSort' does not implement the interface 'SortStrategy' as expected. Implement the interface and its methods., hasLongFeedbackText=false, reference=null, credits=0.0, positive=false, type=AUTOMATIC, visibility=ALWAYS, testCase=TestCaseDTO[testName=null, id=1550]], FeedbackDTO[id=1056, text=null, detailText=MergeSort does not sort correctly, hasLongFeedbackText=false, reference=null, credits=0.0, positive=false, type=AUTOMATIC, visibility=ALWAYS, testCase=TestCaseDTO[testName=null, id=1555]], FeedbackDTO[id=1057, text=null, detailText=The class 'Context' was not found within the submission. Make sure to implement it properly., hasLongFeedbackText=false, reference=null, credits=0.0, positive=false, type=AUTOMATIC, visibility=ALWAYS, testCase=TestCaseDTO[testName=null, id=1556]], FeedbackDTO[id=1058, text=null, detailText=The class 'Context' was not found within the submission. Make sure to implement it properly., hasLongFeedbackText=false, reference=null, credits=0.0, positive=false, type=AUTOMATIC, visibility=ALWAYS, testCase=TestCaseDTO[testName=null, id=1557]], FeedbackDTO[id=1059, text=null, detailText=The exercise expects a class with the name Policy in the package testpackage. You did not implement the class in the exercise., hasLongFeedbackText=false, reference=null, credits=0.0, positive=false, type=AUTOMATIC, visibility=ALWAYS, testCase=TestCaseDTO[testName=null, id=1551]], FeedbackDTO[id=1060, text=null, detailText=The exercise expects a class with the name Context in the package testpackage. You did not implement the class in the exercise., hasLongFeedbackText=false, reference=null, credits=0.0, positive=false, type=AUTOMATIC, visibility=ALWAYS, testCase=TestCaseDTO[testName=null, id=1547]], FeedbackDTO[id=1061, text=null, detailText=The exercise expects a class with the name Policy in the package testpackage. You did not implement the class in the exercise., hasLongFeedbackText=false, reference=null, credits=0.0, positive=false, type=AUTOMATIC, visibility=ALWAYS, testCase=TestCaseDTO[testName=null, id=1548]], FeedbackDTO[id=1062, text=null, detailText=null, hasLongFeedbackText=false, reference=null, credits=3.230769230769231, positive=true, type=AUTOMATIC, visibility=ALWAYS, testCase=TestCaseDTO[testName=null, id=1558]]], assessmentType=AUTOMATIC, hasComplaint=null, exampleResult=null, testCaseCount=13, passedTestCaseCount=1, codeIssueCount=0]]], publicSshKey=ssh-rsa AAAAB3NzaC1yc2EAAAADAQABAAACAQCOPdMsxRE2jFJ/UEa5/LsBxtwzJcrh3/rYBCQvcMeVpiRfhzQPWu7mrt/G2Ew+i+vRloGH9aqKg6dd1liRncao53Zmd/ePxoatXePNhmzTfkCkcSkTUz7B+QMjkoDDV5jwuFPD6mF3JkhuzSi64n9Zy905t4w2IhVcjM2mL3eYNjiCXt6Qpq3Pkt7dM/Ksw1nxnvuiIALuJLB3FTkXkHqq3PJav+9HSq2r6ZaWgekneaGxlQlb+U+Vy3XOuArKAzK8c8i+0bR+AHiTG6ncYXt7ax3U+TdlDTF7OLP3umwaYjs1NBXOHwG42pevvpKn2fqavZZozk+M05jXLx3bq0O7itxfErWc7etky8qYPyyIMF/txQIVLd78+Ze4d7Y60t5MGbXM5cGE6fFif5fEJwgswXD+BrG0cafz1CTatjSKFdvp8Vp4VszXhHDan1PrP6JEFJ5Cc5GDmLRZPCFa3vL9f5qXgf4bkqKN8MYeEujwJE5nMRWoiJVNakix2bcrrneQMBlnYeYZVWXXXUusAQBzl4NgddC1umZpihZkL1b1MffZAUW3EGEXi7KHnllQhkTLLsQ8ntMgbylqaJKStqaXlLvdeRJcEnUuiFCrHEVVbXRFZR7XVDZ02CE5o3MuaRPty8Kh+jRTF3COlAckHwYEJCNNJvXFgb2CNXL4mjzYDw== test@localhost]
    23:46:00.749 | 566 localvc.event-13 | DEBUG | a.p.s.l.SharedQueueManagementService : Build agent updated: null

Finished logs for SubmissionExportIntegrationTest
]]></system-out>
  <system-err><![CDATA[]]></system-err>
</testsuite>
