<?xml version="1.0" encoding="UTF-8"?>
<testsuite name="de.tum.cit.aet.artemis.fileupload.architecture.FileUploadTestArchitectureTest" tests="2" skipped="0" failures="0" errors="0" timestamp="2025-02-14T23:39:57" hostname="fv-az1721-502" time="0.008">
  <properties/>
  <testcase name="integrationTestsShouldExtendAbstractModuleIntegrationTest()" classname="de.tum.cit.aet.artemis.fileupload.architecture.FileUploadTestArchitectureTest" time="0.002"/>
  <testcase name="integrationTestsShouldNotAutowireMembers()" classname="de.tum.cit.aet.artemis.fileupload.architecture.FileUploadTestArchitectureTest" time="0.006"/>
  <system-out><![CDATA[
Starting logs for FileUploadTestArchitectureTest

  Starting logs for FileUploadTestArchitectureTest > integrationTestsShouldExtendAbstractModuleIntegrationTest()

  Starting logs for FileUploadTestArchitectureTest > integrationTestsShouldNotAutowireMembers()

Finished logs for FileUploadTestArchitectureTest
]]></system-out>
  <system-err><![CDATA[]]></system-err>
</testsuite>
