<?xml version="1.0" encoding="UTF-8"?>
<testsuite name="de.tum.cit.aet.artemis.exercise.ExerciseTypeTest" tests="1" skipped="0" failures="0" errors="0" timestamp="2025-02-14T23:39:56" hostname="fv-az1721-502" time="0.001">
  <properties/>
  <testcase name="testGetExerciseTypeFromClass()" classname="de.tum.cit.aet.artemis.exercise.ExerciseTypeTest" time="0.001"/>
  <system-out><![CDATA[
Starting logs for ExerciseTypeTest

  Starting logs for ExerciseTypeTest > testGetExerciseTypeFromClass()

Finished logs for ExerciseTypeTest
]]></system-out>
  <system-err><![CDATA[]]></system-err>
</testsuite>
