<?xml version="1.0" encoding="UTF-8"?>
<testsuite name="de.tum.cit.aet.artemis.athena.architecture.AthenaCodeStyleArchitectureTest" tests="1" skipped="0" failures="0" errors="0" timestamp="2025-02-14T23:39:15" hostname="fv-az1721-502" time="0.013">
  <properties/>
  <testcase name="testDTOImplementations()" classname="de.tum.cit.aet.artemis.athena.architecture.AthenaCodeStyleArchitectureTest" time="0.013"/>
  <system-out><![CDATA[
Starting logs for AthenaCodeStyleArchitectureTest

  Starting logs for AthenaCodeStyleArchitectureTest > testDTOImplementations()
    23:39:15.891 |  27 nPool-1-worker-1 | INFO  | .a.s.a.m.AbstractModuleCodeStyleTest : Current number of DTO classes: 0
    23:39:15.891 |  27 nPool-1-worker-1 | INFO  | .a.s.a.m.AbstractModuleCodeStyleTest : Current DTO classes: []
    23:39:15.893 |  27 nPool-1-worker-1 | INFO  | .a.s.a.m.AbstractModuleCodeStyleTest : Current number of DTOs that do not end with "DTO": 1
    23:39:15.893 |  27 nPool-1-worker-1 | INFO  | .a.s.a.m.AbstractModuleCodeStyleTest : Current DTOs that do not end with "DTO": [Class <de.tum.cit.aet.artemis.athena.dto.ResponseMetaDTO$TotalUsage> does not have simple name ending with 'DTO' in (ResponseMetaDTO.java:0)]

Finished logs for AthenaCodeStyleArchitectureTest
]]></system-out>
  <system-err><![CDATA[]]></system-err>
</testsuite>
