<?xml version="1.0" encoding="UTF-8"?>
<testsuite name="de.tum.cit.aet.artemis.quiz.architecture.QuizCodeStyleArchitectureTest" tests="1" skipped="0" failures="0" errors="0" timestamp="2025-02-14T23:46:16" hostname="fv-az1721-502" time="0.036">
  <properties/>
  <testcase name="testDTOImplementations()" classname="de.tum.cit.aet.artemis.quiz.architecture.QuizCodeStyleArchitectureTest" time="0.036"/>
  <system-out><![CDATA[
Starting logs for QuizCodeStyleArchitectureTest

  Starting logs for QuizCodeStyleArchitectureTest > testDTOImplementations()
    23:46:16.034 |  27 nPool-1-worker-1 | INFO  | .a.s.a.m.AbstractModuleCodeStyleTest : Current number of DTO classes: 0
    23:46:16.034 |  27 nPool-1-worker-1 | INFO  | .a.s.a.m.AbstractModuleCodeStyleTest : Current DTO classes: []
    23:46:16.053 |  27 nPool-1-worker-1 | INFO  | .a.s.a.m.AbstractModuleCodeStyleTest : Current number of DTOs that do not end with "DTO": 0
    23:46:16.053 |  27 nPool-1-worker-1 | INFO  | .a.s.a.m.AbstractModuleCodeStyleTest : Current DTOs that do not end with "DTO": []

Finished logs for QuizCodeStyleArchitectureTest
]]></system-out>
  <system-err><![CDATA[]]></system-err>
</testsuite>
