<?xml version="1.0" encoding="UTF-8"?>
<testsuite name="de.tum.cit.aet.artemis.communication.AnswerMessageIntegrationTest" tests="46" skipped="0" failures="0" errors="0" timestamp="2025-02-14T23:43:24" hostname="fv-az1721-502" time="7.02">
  <properties/>
  <testcase name="testMessagingNotAllowedIfDisabledSetting()" classname="de.tum.cit.aet.artemis.communication.AnswerMessageIntegrationTest" time="0.166"/>
  <testcase name="testDeleteAnswerPost_asTutor_notFound()" classname="de.tum.cit.aet.artemis.communication.AnswerMessageIntegrationTest" time="0.146"/>
  <testcase name="testCreateAnswerInPublicChannel()" classname="de.tum.cit.aet.artemis.communication.AnswerMessageIntegrationTest" time="0.195"/>
  <testcase name="testGetCourseWideMessages_WithOwnAndUnresolvedPostsWithCourseWideContent()" classname="de.tum.cit.aet.artemis.communication.AnswerMessageIntegrationTest" time="0.313"/>
  <testcase name="testEditAnswerPostWithIdIsNull_badRequest()" classname="de.tum.cit.aet.artemis.communication.AnswerMessageIntegrationTest" time="0.23"/>
  <testcase name="testGetCourseWideMessages_WithOwnAndUnresolvedPosts()" classname="de.tum.cit.aet.artemis.communication.AnswerMessageIntegrationTest" time="0.214"/>
  <testcase name="testEditAnswerPostWithWrongCourseId_badRequest()" classname="de.tum.cit.aet.artemis.communication.AnswerMessageIntegrationTest" time="0.18"/>
  <testcase name="testEditConversationAnswerPost_forbidden()" classname="de.tum.cit.aet.artemis.communication.AnswerMessageIntegrationTest" time="0.222"/>
  <testcase name="[1] courseInformationSharingConfiguration=COMMUNICATION_ONLY" classname="de.tum.cit.aet.artemis.communication.AnswerMessageIntegrationTest" time="0.146"/>
  <testcase name="[2] courseInformationSharingConfiguration=COMMUNICATION_AND_MESSAGING" classname="de.tum.cit.aet.artemis.communication.AnswerMessageIntegrationTest" time="0.144"/>
  <testcase name="testEditConversationAnswerPost()" classname="de.tum.cit.aet.artemis.communication.AnswerMessageIntegrationTest" time="0.119"/>
  <testcase name="testDeleteConversationPost_forbidden()" classname="de.tum.cit.aet.artemis.communication.AnswerMessageIntegrationTest" time="0.104"/>
  <testcase name="testCreateConversationAnswerPost_badRequest()" classname="de.tum.cit.aet.artemis.communication.AnswerMessageIntegrationTest" time="0.146"/>
  <testcase name="testDeleteConversationPost()" classname="de.tum.cit.aet.artemis.communication.AnswerMessageIntegrationTest" time="0.133"/>
  <testcase name="testGetCourseWideMessages_WithUnresolvedPosts()" classname="de.tum.cit.aet.artemis.communication.AnswerMessageIntegrationTest" time="0.173"/>
  <testcase name="[1] userMention=no mention, isUserMentionValid=true" classname="de.tum.cit.aet.artemis.communication.AnswerMessageIntegrationTest" time="0.135"/>
  <testcase name="[2] userMention=[user]answermessageintstudent1First answermessageintstudent1Last(answermessageintstudent1)[/user], isUserMentionValid=true" classname="de.tum.cit.aet.artemis.communication.AnswerMessageIntegrationTest" time="0.163"/>
  <testcase name="[3] userMention=[user](answermessageintstudent1)[/user], isUserMentionValid=false" classname="de.tum.cit.aet.artemis.communication.AnswerMessageIntegrationTest" time="0.167"/>
  <testcase name="[4] userMention=[user]answermessageintstudent1First answermessageintstudent1Last()[/user], isUserMentionValid=false" classname="de.tum.cit.aet.artemis.communication.AnswerMessageIntegrationTest" time="0.158"/>
  <testcase name="[5] userMention=[user]answermessageintstudent1First answermessageintstudent1Last[/user], isUserMentionValid=false" classname="de.tum.cit.aet.artemis.communication.AnswerMessageIntegrationTest" time="0.123"/>
  <testcase name="[6] userMention=[user]answermessageintstudent2First answermessageintstudent2Last(answermessageintstudent2)[/user][user]answermessageintstudent1First answermessageintstudent1Last(answermessageintstudent1)[/user], isUserMentionValid=true" classname="de.tum.cit.aet.artemis.communication.AnswerMessageIntegrationTest" time="0.15"/>
  <testcase name="[7] userMention=[user]invalidName(answermessageintstudent1)[/user], isUserMentionValid=false" classname="de.tum.cit.aet.artemis.communication.AnswerMessageIntegrationTest" time="0.155"/>
  <testcase name="[8] userMention=[user]noCourseMemberFirst noCourseMemberLast(nocoursemember)[/user], isUserMentionValid=false" classname="de.tum.cit.aet.artemis.communication.AnswerMessageIntegrationTest" time="0.101"/>
  <testcase name="[9] userMention=[user]invalidName[user]answermessageintstudent1First answermessageintstudent1Last(answermessageintstudent1)[/user](invalid)[/user], isUserMentionValid=true" classname="de.tum.cit.aet.artemis.communication.AnswerMessageIntegrationTest" time="0.108"/>
  <testcase name="testGetUnresolvedOwnAnsweredOrReactedPostsByUserForCourse()" classname="de.tum.cit.aet.artemis.communication.AnswerMessageIntegrationTest" time="0.116"/>
  <testcase name="testCreateAnswerInExamChannel()" classname="de.tum.cit.aet.artemis.communication.AnswerMessageIntegrationTest" time="0.123"/>
  <testcase name="testCreateConversationAnswerPostWithUserMentionOfUserNotInConversation()" classname="de.tum.cit.aet.artemis.communication.AnswerMessageIntegrationTest" time="0.159"/>
  <testcase name="testCreateConversationAnswerPost_forbidden()" classname="de.tum.cit.aet.artemis.communication.AnswerMessageIntegrationTest" time="0.139"/>
  <testcase name="testCreateAnswerInLectureChannel()" classname="de.tum.cit.aet.artemis.communication.AnswerMessageIntegrationTest" time="0.13"/>
  <testcase name="testCreateAnswerInExerciseChannel()" classname="de.tum.cit.aet.artemis.communication.AnswerMessageIntegrationTest" time="0.16"/>
  <testcase name="testGetUnresolvedAnsweredOrReactedPostsByUserForCourse()" classname="de.tum.cit.aet.artemis.communication.AnswerMessageIntegrationTest" time="0.175"/>
  <testcase name="testMarkMessageAsResolved_asAuthor()" classname="de.tum.cit.aet.artemis.communication.AnswerMessageIntegrationTest" time="0.123"/>
  <testcase name="testCreateAnswerInGeneralCourseWideChannel()" classname="de.tum.cit.aet.artemis.communication.AnswerMessageIntegrationTest" time="0.125"/>
  <testcase name="testGetOwnAndAnsweredOrReactedPostsByUserForCourseWithCourseWideContent()" classname="de.tum.cit.aet.artemis.communication.AnswerMessageIntegrationTest" time="0.164"/>
  <testcase name="testEditAnswerPostWithInvalidId_badRequest()" classname="de.tum.cit.aet.artemis.communication.AnswerMessageIntegrationTest" time="0.106"/>
  <testcase name="testGetAnsweredOrReactedPostsByUserForCourse()" classname="de.tum.cit.aet.artemis.communication.AnswerMessageIntegrationTest" time="0.154"/>
  <testcase name="testGetOwnAndAnsweredOrReactedPostsByUserForCourse()" classname="de.tum.cit.aet.artemis.communication.AnswerMessageIntegrationTest" time="0.151"/>
  <testcase name="[1] userMention=no mention, isUserMentionValid=true" classname="de.tum.cit.aet.artemis.communication.AnswerMessageIntegrationTest" time="0.117"/>
  <testcase name="[2] userMention=[user]answermessageintstudent1First answermessageintstudent1Last(answermessageintstudent1)[/user], isUserMentionValid=true" classname="de.tum.cit.aet.artemis.communication.AnswerMessageIntegrationTest" time="0.125"/>
  <testcase name="[3] userMention=[user](answermessageintstudent1)[/user], isUserMentionValid=false" classname="de.tum.cit.aet.artemis.communication.AnswerMessageIntegrationTest" time="0.125"/>
  <testcase name="[4] userMention=[user]answermessageintstudent1First answermessageintstudent1Last()[/user], isUserMentionValid=false" classname="de.tum.cit.aet.artemis.communication.AnswerMessageIntegrationTest" time="0.137"/>
  <testcase name="[5] userMention=[user]answermessageintstudent1First answermessageintstudent1Last[/user], isUserMentionValid=false" classname="de.tum.cit.aet.artemis.communication.AnswerMessageIntegrationTest" time="0.162"/>
  <testcase name="[6] userMention=[user]answermessageintstudent2First answermessageintstudent2Last(answermessageintstudent2)[/user][user]answermessageintstudent1First answermessageintstudent1Last(answermessageintstudent1)[/user], isUserMentionValid=true" classname="de.tum.cit.aet.artemis.communication.AnswerMessageIntegrationTest" time="0.103"/>
  <testcase name="[7] userMention=[user]invalidName(answermessageintstudent1)[/user], isUserMentionValid=false" classname="de.tum.cit.aet.artemis.communication.AnswerMessageIntegrationTest" time="0.112"/>
  <testcase name="[8] userMention=[user]noCourseMemberFirst noCourseMemberLast(nocoursemember)[/user], isUserMentionValid=false" classname="de.tum.cit.aet.artemis.communication.AnswerMessageIntegrationTest" time="0.179"/>
  <testcase name="[9] userMention=[user]invalidName[user]answermessageintstudent1First answermessageintstudent1Last(answermessageintstudent1)[/user](invalid)[/user], isUserMentionValid=true" classname="de.tum.cit.aet.artemis.communication.AnswerMessageIntegrationTest" time="0.148"/>
  <system-out><![CDATA[
Starting logs for AnswerMessageIntegrationTest

  Starting logs for AnswerMessageIntegrationTest > testMessagingNotAllowedIfDisabledSetting()
    23:43:24.053 | 132 Pool-1-worker-47 | DEBUG | d.t.c.a.a.c.u.util.UserUtilService   : Generate 4 students...
    23:43:24.057 | 132 Pool-1-worker-47 | DEBUG | d.t.c.a.a.c.u.util.UserUtilService   : 4 students generated. Generate 4 tutors...
    23:43:24.060 | 132 Pool-1-worker-47 | DEBUG | d.t.c.a.a.c.u.util.UserUtilService   : 4 tutors generated. Generate 4 editors...
    23:43:24.063 | 132 Pool-1-worker-47 | DEBUG | d.t.c.a.a.c.u.util.UserUtilService   : 4 editors generated. Generate 1 instructors...
    23:43:24.065 | 132 Pool-1-worker-47 | DEBUG | d.t.c.a.a.c.u.util.UserUtilService   : 1 instructors generated
    23:43:24.066 | 132 Pool-1-worker-47 | DEBUG | d.t.c.a.a.c.u.util.UserUtilService   : Removing 8 users from all courses...
    23:43:24.067 | 132 Pool-1-worker-47 | DEBUG | d.t.c.a.a.c.u.util.UserUtilService   : Removing 8 users from all courses. Done
    23:43:24.067 | 132 Pool-1-worker-47 | DEBUG | d.t.c.a.a.c.u.util.UserUtilService   : Save 13 users to database...
    23:43:24.073 | 132 Pool-1-worker-47 | DEBUG | d.t.c.a.a.c.u.util.UserUtilService   : Save 13 users to database. Done
    23:43:24.180 | 132 Pool-1-worker-47 | INFO  | i.z.t.d.l.EmbeddedDatabaseReporter   : JDBC URL to connect to 'dataSource': url='jdbc:h2:tcp://localhost:41063/mem:df70fc46-7e57-4cb5-9cd0-c1d90c14afa7;USER=sa', scope='AnswerMessageIntegrationTest#testMessagingNotAllowedIfDisabledSetting'
    23:43:24.191 | 132 Pool-1-worker-47 | DEBUG | d.t.c.a.a.c.s.f.ApiVersionFilter     : Adding Version to Request POST /api/courses/853/answer-messages
    23:43:24.195 | 132 Pool-1-worker-47 | DEBUG | d.t.c.a.a.c.w.AnswerMessageResource  : POST createAnswerMessage invoked for course 853 with message Content Answer Post
    23:43:24.203 | 132 Pool-1-worker-47 | ERROR | tech.jhipster.web.util.HeaderUtil    : Entity processing failed, Communication and messaging is disabled for this course
    23:43:24.203 | 132 Pool-1-worker-47 | WARN  | o.z.p.spring.common.AdviceTraits     : Bad Request: Communication and messaging is disabled for this course

  Starting logs for AnswerMessageIntegrationTest > testDeleteAnswerPost_asTutor_notFound()
    23:43:24.220 | 132 Pool-1-worker-47 | DEBUG | d.t.c.a.a.c.u.util.UserUtilService   : Generate 4 students...
    23:43:24.227 | 132 Pool-1-worker-47 | DEBUG | d.t.c.a.a.c.u.util.UserUtilService   : 4 students generated. Generate 4 tutors...
    23:43:24.233 | 132 Pool-1-worker-47 | DEBUG | d.t.c.a.a.c.u.util.UserUtilService   : 4 tutors generated. Generate 4 editors...
    23:43:24.240 | 132 Pool-1-worker-47 | DEBUG | d.t.c.a.a.c.u.util.UserUtilService   : 4 editors generated. Generate 1 instructors...
    23:43:24.243 | 132 Pool-1-worker-47 | DEBUG | d.t.c.a.a.c.u.util.UserUtilService   : 1 instructors generated
    23:43:24.244 | 132 Pool-1-worker-47 | DEBUG | d.t.c.a.a.c.u.util.UserUtilService   : Removing 13 users from all courses...
    23:43:24.246 | 132 Pool-1-worker-47 | DEBUG | d.t.c.a.a.c.u.util.UserUtilService   : Removing 13 users from all courses. Done
    23:43:24.246 | 132 Pool-1-worker-47 | DEBUG | d.t.c.a.a.c.u.util.UserUtilService   : Save 13 users to database...
    23:43:24.269 | 132 Pool-1-worker-47 | DEBUG | d.t.c.a.a.c.u.util.UserUtilService   : Save 13 users to database. Done
    23:43:24.321 | 641 nt.HealthMonitor | INFO  | c.h.i.diagnostics.HealthMonitor      : [127.0.0.1]:5704 [dev] [5.5.0] processors=4, physical.memory.total=15.6G, physical.memory.free=2.9G, swap.space.total=0, swap.space.free=0, heap.memory.used=2.7G, heap.memory.free=311.8M, heap.memory.total=3.0G, heap.memory.max=6.0G, heap.memory.used/total=89.79%, heap.memory.used/max=44.66%, minor.gc.count=122, minor.gc.time=6487ms, major.gc.count=0, major.gc.time=0ms, unknown.gc.count=55, unknown.gc.time=902ms, load.process=0.00%, load.system=100.00%, load.systemAverage=5.46, thread.count=489, thread.peakCount=498, cluster.timeDiff=0, event.q.size=0, executor.q.async.size=0, executor.q.client.size=0, executor.q.client.query.size=0, executor.q.client.blocking.size=0, executor.q.query.size=0, executor.q.scheduled.size=0, executor.q.io.size=0, executor.q.system.size=0, executor.q.operations.size=0, executor.q.priorityOperation.size=0, operations.completed.count=417, executor.q.mapLoad.size=0, executor.q.mapLoadAllKeys.size=0, executor.q.cluster.size=0, executor.q.response.size=0, operations.running.count=0, operations.pending.invocations.percentage=0.00%, operations.pending.invocations.count=0, proxy.count=207, clientEndpoint.count=0, connection.active.count=0, client.connection.count=0, connection.count=0
    23:43:24.346 | 132 Pool-1-worker-47 | INFO  | i.z.t.d.l.EmbeddedDatabaseReporter   : JDBC URL to connect to 'dataSource': url='jdbc:h2:tcp://localhost:41063/mem:df70fc46-7e57-4cb5-9cd0-c1d90c14afa7;USER=sa', scope='AnswerMessageIntegrationTest#testDeleteAnswerPost_asTutor_notFound'
    23:43:24.348 | 132 Pool-1-worker-47 | DEBUG | d.t.c.a.a.c.s.f.ApiVersionFilter     : Adding Version to Request DELETE /api/courses/854/answer-messages/999999999
    23:43:24.348 | 132 Pool-1-worker-47 | DEBUG | d.t.c.a.a.c.w.AnswerMessageResource  : PUT deleteAnswerMessage invoked for course 854 on message 999999999
    23:43:24.353 | 132 Pool-1-worker-47 | WARN  | o.z.p.spring.common.AdviceTraits     : Not Found: AnswerPost with identifier: "999999999" does not exist

  Starting logs for AnswerMessageIntegrationTest > testCreateAnswerInPublicChannel()
    23:43:24.367 | 132 Pool-1-worker-47 | DEBUG | d.t.c.a.a.c.u.util.UserUtilService   : Generate 4 students...
    23:43:24.374 | 132 Pool-1-worker-47 | DEBUG | d.t.c.a.a.c.u.util.UserUtilService   : 4 students generated. Generate 4 tutors...
    23:43:24.380 | 132 Pool-1-worker-47 | DEBUG | d.t.c.a.a.c.u.util.UserUtilService   : 4 tutors generated. Generate 4 editors...
    23:43:24.386 | 132 Pool-1-worker-47 | DEBUG | d.t.c.a.a.c.u.util.UserUtilService   : 4 editors generated. Generate 1 instructors...
    23:43:24.389 | 132 Pool-1-worker-47 | DEBUG | d.t.c.a.a.c.u.util.UserUtilService   : 1 instructors generated
    23:43:24.390 | 132 Pool-1-worker-47 | DEBUG | d.t.c.a.a.c.u.util.UserUtilService   : Removing 13 users from all courses...
    23:43:24.392 | 132 Pool-1-worker-47 | DEBUG | d.t.c.a.a.c.u.util.UserUtilService   : Removing 13 users from all courses. Done
    23:43:24.392 | 132 Pool-1-worker-47 | DEBUG | d.t.c.a.a.c.u.util.UserUtilService   : Save 13 users to database...
    23:43:24.399 | 132 Pool-1-worker-47 | DEBUG | d.t.c.a.a.c.u.util.UserUtilService   : Save 13 users to database. Done
    23:43:24.505 | 132 Pool-1-worker-47 | INFO  | i.z.t.d.l.EmbeddedDatabaseReporter   : JDBC URL to connect to 'dataSource': url='jdbc:h2:tcp://localhost:41063/mem:df70fc46-7e57-4cb5-9cd0-c1d90c14afa7;USER=sa', scope='AnswerMessageIntegrationTest#testCreateAnswerInPublicChannel'
    23:43:24.515 | 132 Pool-1-worker-47 | DEBUG | d.t.c.a.a.c.s.f.ApiVersionFilter     : Adding Version to Request POST /api/courses/855/answer-messages
    23:43:24.516 | 132 Pool-1-worker-47 | DEBUG | d.t.c.a.a.c.w.AnswerMessageResource  : POST createAnswerMessage invoked for course 855 with message Content Answer Post
    23:43:24.529 | 132 Pool-1-worker-47 | DEBUG | d.t.c.a.a.c.w.AnswerMessageResource  : createAnswerMessage took 13.02ms

  Starting logs for AnswerMessageIntegrationTest > testGetCourseWideMessages_WithOwnAndUnresolvedPostsWithCourseWideContent()
    23:43:24.574 | 132 Pool-1-worker-47 | DEBUG | d.t.c.a.a.c.u.util.UserUtilService   : Generate 4 students...
    23:43:24.587 | 132 Pool-1-worker-47 | DEBUG | d.t.c.a.a.c.u.util.UserUtilService   : 4 students generated. Generate 4 tutors...
    23:43:24.597 | 132 Pool-1-worker-47 | DEBUG | d.t.c.a.a.c.u.util.UserUtilService   : 4 tutors generated. Generate 4 editors...
    23:43:24.611 | 132 Pool-1-worker-47 | DEBUG | d.t.c.a.a.c.u.util.UserUtilService   : 4 editors generated. Generate 1 instructors...
    23:43:24.617 | 132 Pool-1-worker-47 | DEBUG | d.t.c.a.a.c.u.util.UserUtilService   : 1 instructors generated
    23:43:24.621 | 132 Pool-1-worker-47 | DEBUG | d.t.c.a.a.c.u.util.UserUtilService   : Removing 13 users from all courses...
    23:43:24.622 | 132 Pool-1-worker-47 | DEBUG | d.t.c.a.a.c.u.util.UserUtilService   : Removing 13 users from all courses. Done
    23:43:24.622 | 132 Pool-1-worker-47 | DEBUG | d.t.c.a.a.c.u.util.UserUtilService   : Save 13 users to database...
    23:43:24.667 | 132 Pool-1-worker-47 | DEBUG | d.t.c.a.a.c.u.util.UserUtilService   : Save 13 users to database. Done
    23:43:24.797 | 132 Pool-1-worker-47 | INFO  | i.z.t.d.l.EmbeddedDatabaseReporter   : JDBC URL to connect to 'dataSource': url='jdbc:h2:tcp://localhost:41063/mem:df70fc46-7e57-4cb5-9cd0-c1d90c14afa7;USER=sa', scope='AnswerMessageIntegrationTest#testGetCourseWideMessages_WithOwnAndUnresolvedPostsWithCourseWideContent'
    23:43:24.799 | 132 Pool-1-worker-47 | DEBUG | d.t.c.a.a.c.s.f.ApiVersionFilter     : Adding Version to Request GET /api/courses/856/messages
    23:43:24.826 | 132 Pool-1-worker-47 | DEBUG | .a.c.r.ConversationMessageRepository : findPostIdsWithSpecification took 3.98ms
    23:43:24.830 | 132 Pool-1-worker-47 | DEBUG | .a.c.r.ConversationMessageRepository : findByPostIdsWithEagerRelationships took 3.09ms
    23:43:24.832 | 132 Pool-1-worker-47 | DEBUG | d.t.c.a.a.c.service.PostingService   : userRepository.findUserRolesInCourse done for 1 authors 
    23:43:24.846 | 132 Pool-1-worker-47 | DEBUG | .a.a.c.w.ConversationMessageResource : /courses/{courseId}/messages finished in 36.38ms for 5 posts with 4 answer posts, 0 reactions, and 0 answer post reactions for user answermessageintstudent1
    23:43:24.851 | 566 localvc.event-13 | DEBUG | s.l.LocalCIWebsocketMessagingService : Sending message on topic /topic/admin/queued-jobs: [BuildJobQueueItem[id=5031739576604847, name=SHORT00FA1A240403404C7E097D7007C591BE2AB1TSTEXC-LOCALCIINTSTUDENT1, buildAgent=BuildAgentDTO[name=null, memberAddress=null, displayName=null], participationId=503, courseId=161, exerciseId=312, retryCount=0, priority=2, status=null, repositoryInfo=RepositoryInfo[repositoryName=short00fa1a240403404c7e097d7007c591be2ab1tstexc-localciintstudent1, repositoryType=user, triggeredByPushTo=user, assignmentRepositoryUri=, testRepositoryUri=, solutionRepositoryUri=, auxiliaryRepositoryUris=null, auxiliaryRepositoryCheckoutDirectories=null], jobTimingInfo=JobTimingInfo[submissionDate=2025-02-14T23:43:24.847396156Z[Etc/UTC], buildStartDate=null, buildCompletionDate=null, estimatedCompletionDate=null, estimatedDuration=22], buildConfig=BuildConfig[buildScript=, dockerImage=, commitHashToBuild=9690714a509af0a98c6790a7e52ee3574c7ef689, assignmentCommitHash=, testCommitHash=, branch=, programmingLanguage=null, projectType=null, scaEnabled=false, sequentialTestRunsEnabled=false, resultPaths=null, timeoutSeconds=0, assignmentCheckoutPath=, testCheckoutPath=, solutionCheckoutPath=, dockerRunConfig=null], submissionResult=null]]
    23:43:24.852 | 566 localvc.event-13 | DEBUG | s.l.LocalCIWebsocketMessagingService : Sending message on topic /topic/courses/161/queued-jobs: [BuildJobQueueItem[id=5031739576604847, name=SHORT00FA1A240403404C7E097D7007C591BE2AB1TSTEXC-LOCALCIINTSTUDENT1, buildAgent=BuildAgentDTO[name=null, memberAddress=null, displayName=null], participationId=503, courseId=161, exerciseId=312, retryCount=0, priority=2, status=null, repositoryInfo=RepositoryInfo[repositoryName=short00fa1a240403404c7e097d7007c591be2ab1tstexc-localciintstudent1, repositoryType=user, triggeredByPushTo=user, assignmentRepositoryUri=, testRepositoryUri=, solutionRepositoryUri=, auxiliaryRepositoryUris=null, auxiliaryRepositoryCheckoutDirectories=null], jobTimingInfo=JobTimingInfo[submissionDate=2025-02-14T23:43:24.847396156Z[Etc/UTC], buildStartDate=null, buildCompletionDate=null, estimatedCompletionDate=null, estimatedDuration=22], buildConfig=BuildConfig[buildScript=, dockerImage=, commitHashToBuild=9690714a509af0a98c6790a7e52ee3574c7ef689, assignmentCommitHash=, testCommitHash=, branch=, programmingLanguage=null, projectType=null, scaEnabled=false, sequentialTestRunsEnabled=false, resultPaths=null, timeoutSeconds=0, assignmentCheckoutPath=, testCheckoutPath=, solutionCheckoutPath=, dockerRunConfig=null], submissionResult=null]]
    23:43:24.860 | 568 localvc.event-15 | DEBUG | a.p.s.l.LocalCIQueueWebsocketService : CIBuildJobQueueItem added to processing jobs: BuildJobQueueItem[id=5031739576604847, name=SHORT00FA1A240403404C7E097D7007C591BE2AB1TSTEXC-LOCALCIINTSTUDENT1, buildAgent=BuildAgentDTO[name=artemis-build-agent-test, memberAddress=[127.0.0.1]:5703, displayName=artemis-build-agent-test], participationId=503, courseId=161, exerciseId=312, retryCount=0, priority=2, status=null, repositoryInfo=RepositoryInfo[repositoryName=short00fa1a240403404c7e097d7007c591be2ab1tstexc-localciintstudent1, repositoryType=user, triggeredByPushTo=user, assignmentRepositoryUri=http://localhost:49152/git/SHORT00FA1A240403404C7E097D7007C591BE2AB1TSTEXC/short00fa1a240403404c7e097d7007c591be2ab1tstexc-localciintstudent1.git, testRepositoryUri=http://localhost:49152/git/SHORT00FA1A240403404C7E097D7007C591BE2AB1TSTEXC/short00fa1a240403404c7e097d7007c591be2ab1tstexc-tests.git, solutionRepositoryUri=null, auxiliaryRepositoryUris=[Ljava.lang.String;@341d96dd, auxiliaryRepositoryCheckoutDirectories=[Ljava.lang.String;@2928faf0], jobTimingInfo=JobTimingInfo[submissionDate=2025-02-14T23:43:24.847396156Z[Etc/UTC], buildStartDate=2025-02-14T23:43:24.860457211Z[Etc/UTC], buildCompletionDate=null, estimatedCompletionDate=2025-02-14T23:43:46.860451490Z[Etc/UTC], estimatedDuration=22], buildConfig=BuildConfig[buildScript=#!/bin/bash
cd /var/tmp/testing-dir
chmod +x ./gradlew
./gradlew clean test
, dockerImage=dummy-docker-image:latest, commitHashToBuild=9690714a509af0a98c6790a7e52ee3574c7ef689, assignmentCommitHash=9690714a509af0a98c6790a7e52ee3574c7ef689, testCommitHash=9690714a509af0a98c6790a7e52ee3574c7ef689, branch=main, programmingLanguage=JAVA, projectType=PLAIN_GRADLE, scaEnabled=false, sequentialTestRunsEnabled=false, resultPaths=[/var/tmp/testing-dir/**/test-results/test/*.xml], timeoutSeconds=0, assignmentCheckoutPath=null, testCheckoutPath=null, solutionCheckoutPath=null, dockerRunConfig=null], submissionResult=null]
    23:43:24.861 | 568 localvc.event-15 | DEBUG | s.l.LocalCIWebsocketMessagingService : Sending message on topic /topic/admin/running-jobs: [BuildJobQueueItem[id=5031739576604847, name=SHORT00FA1A240403404C7E097D7007C591BE2AB1TSTEXC-LOCALCIINTSTUDENT1, buildAgent=BuildAgentDTO[name=artemis-build-agent-test, memberAddress=[127.0.0.1]:5703, displayName=artemis-build-agent-test], participationId=503, courseId=161, exerciseId=312, retryCount=0, priority=2, status=null, repositoryInfo=RepositoryInfo[repositoryName=short00fa1a240403404c7e097d7007c591be2ab1tstexc-localciintstudent1, repositoryType=user, triggeredByPushTo=user, assignmentRepositoryUri=, testRepositoryUri=, solutionRepositoryUri=, auxiliaryRepositoryUris=null, auxiliaryRepositoryCheckoutDirectories=null], jobTimingInfo=JobTimingInfo[submissionDate=2025-02-14T23:43:24.847396156Z[Etc/UTC], buildStartDate=2025-02-14T23:43:24.860457211Z[Etc/UTC], buildCompletionDate=null, estimatedCompletionDate=2025-02-14T23:43:46.860451490Z[Etc/UTC], estimatedDuration=22], buildConfig=BuildConfig[buildScript=, dockerImage=, commitHashToBuild=9690714a509af0a98c6790a7e52ee3574c7ef689, assignmentCommitHash=, testCommitHash=, branch=, programmingLanguage=null, projectType=null, scaEnabled=false, sequentialTestRunsEnabled=false, resultPaths=null, timeoutSeconds=0, assignmentCheckoutPath=, testCheckoutPath=, solutionCheckoutPath=, dockerRunConfig=null], submissionResult=null]]
    23:43:24.861 | 568 localvc.event-15 | DEBUG | s.l.LocalCIWebsocketMessagingService : Sending message on topic /topic/courses/161/running-jobs: [BuildJobQueueItem[id=5031739576604847, name=SHORT00FA1A240403404C7E097D7007C591BE2AB1TSTEXC-LOCALCIINTSTUDENT1, buildAgent=BuildAgentDTO[name=artemis-build-agent-test, memberAddress=[127.0.0.1]:5703, displayName=artemis-build-agent-test], participationId=503, courseId=161, exerciseId=312, retryCount=0, priority=2, status=null, repositoryInfo=RepositoryInfo[repositoryName=short00fa1a240403404c7e097d7007c591be2ab1tstexc-localciintstudent1, repositoryType=user, triggeredByPushTo=user, assignmentRepositoryUri=, testRepositoryUri=, solutionRepositoryUri=, auxiliaryRepositoryUris=null, auxiliaryRepositoryCheckoutDirectories=null], jobTimingInfo=JobTimingInfo[submissionDate=2025-02-14T23:43:24.847396156Z[Etc/UTC], buildStartDate=2025-02-14T23:43:24.860457211Z[Etc/UTC], buildCompletionDate=null, estimatedCompletionDate=2025-02-14T23:43:46.860451490Z[Etc/UTC], estimatedDuration=22], buildConfig=BuildConfig[buildScript=, dockerImage=, commitHashToBuild=9690714a509af0a98c6790a7e52ee3574c7ef689, assignmentCommitHash=, testCommitHash=, branch=, programmingLanguage=null, projectType=null, scaEnabled=false, sequentialTestRunsEnabled=false, resultPaths=null, timeoutSeconds=0, assignmentCheckoutPath=, testCheckoutPath=, solutionCheckoutPath=, dockerRunConfig=null], submissionResult=null]]
    23:43:24.867 | 566 localvc.event-13 | DEBUG | s.l.LocalCIWebsocketMessagingService : Sending message on topic /topic/admin/queued-jobs: []
    23:43:24.867 | 566 localvc.event-13 | DEBUG | s.l.LocalCIWebsocketMessagingService : Sending message on topic /topic/courses/161/queued-jobs: []
    23:43:24.867 | 566 localvc.event-13 | DEBUG | a.a.b.s.SharedQueueProcessingService : CIBuildJobQueueItem removed from queue: BuildJobQueueItem[id=5031739576604847, name=SHORT00FA1A240403404C7E097D7007C591BE2AB1TSTEXC-LOCALCIINTSTUDENT1, buildAgent=BuildAgentDTO[name=null, memberAddress=null, displayName=null], participationId=503, courseId=161, exerciseId=312, retryCount=0, priority=2, status=null, repositoryInfo=RepositoryInfo[repositoryName=short00fa1a240403404c7e097d7007c591be2ab1tstexc-localciintstudent1, repositoryType=user, triggeredByPushTo=user, assignmentRepositoryUri=http://localhost:49152/git/SHORT00FA1A240403404C7E097D7007C591BE2AB1TSTEXC/short00fa1a240403404c7e097d7007c591be2ab1tstexc-localciintstudent1.git, testRepositoryUri=http://localhost:49152/git/SHORT00FA1A240403404C7E097D7007C591BE2AB1TSTEXC/short00fa1a240403404c7e097d7007c591be2ab1tstexc-tests.git, solutionRepositoryUri=null, auxiliaryRepositoryUris=[Ljava.lang.String;@33516c11, auxiliaryRepositoryCheckoutDirectories=[Ljava.lang.String;@75adb76b], jobTimingInfo=JobTimingInfo[submissionDate=2025-02-14T23:43:24.847396156Z[Etc/UTC], buildStartDate=null, buildCompletionDate=null, estimatedCompletionDate=null, estimatedDuration=22], buildConfig=BuildConfig[buildScript=#!/bin/bash
cd /var/tmp/testing-dir
chmod +x ./gradlew
./gradlew clean test
, dockerImage=dummy-docker-image:latest, commitHashToBuild=9690714a509af0a98c6790a7e52ee3574c7ef689, assignmentCommitHash=9690714a509af0a98c6790a7e52ee3574c7ef689, testCommitHash=9690714a509af0a98c6790a7e52ee3574c7ef689, branch=main, programmingLanguage=JAVA, projectType=PLAIN_GRADLE, scaEnabled=false, sequentialTestRunsEnabled=false, resultPaths=[/var/tmp/testing-dir/**/test-results/test/*.xml], timeoutSeconds=0, assignmentCheckoutPath=null, testCheckoutPath=null, solutionCheckoutPath=null, dockerRunConfig=null], submissionResult=null]
    23:43:24.869 | 566 localvc.event-13 | DEBUG | a.p.s.l.LocalCIQueueWebsocketService : Build agent updated: BuildAgentInformation[buildAgent=BuildAgentDTO[name=artemis-build-agent-test, memberAddress=[127.0.0.1]:5703, displayName=artemis-build-agent-test], maxNumberOfConcurrentBuildJobs=1, numberOfCurrentBuildJobs=1, runningBuildJobs=[BuildJobQueueItem[id=5031739576604847, name=SHORT00FA1A240403404C7E097D7007C591BE2AB1TSTEXC-LOCALCIINTSTUDENT1, buildAgent=BuildAgentDTO[name=artemis-build-agent-test, memberAddress=[127.0.0.1]:5703, displayName=artemis-build-agent-test], participationId=503, courseId=161, exerciseId=312, retryCount=0, priority=2, status=null, repositoryInfo=RepositoryInfo[repositoryName=short00fa1a240403404c7e097d7007c591be2ab1tstexc-localciintstudent1, repositoryType=user, triggeredByPushTo=user, assignmentRepositoryUri=http://localhost:49152/git/SHORT00FA1A240403404C7E097D7007C591BE2AB1TSTEXC/short00fa1a240403404c7e097d7007c591be2ab1tstexc-localciintstudent1.git, testRepositoryUri=http://localhost:49152/git/SHORT00FA1A240403404C7E097D7007C591BE2AB1TSTEXC/short00fa1a240403404c7e097d7007c591be2ab1tstexc-tests.git, solutionRepositoryUri=null, auxiliaryRepositoryUris=[Ljava.lang.String;@7fbab4f0, auxiliaryRepositoryCheckoutDirectories=[Ljava.lang.String;@37e05e07], jobTimingInfo=JobTimingInfo[submissionDate=2025-02-14T23:43:24.847396156Z[Etc/UTC], buildStartDate=2025-02-14T23:43:24.860457211Z[Etc/UTC], buildCompletionDate=null, estimatedCompletionDate=2025-02-14T23:43:46.860451490Z[Etc/UTC], estimatedDuration=22], buildConfig=BuildConfig[buildScript=#!/bin/bash
cd /var/tmp/testing-dir
chmod +x ./gradlew
./gradlew clean test
, dockerImage=dummy-docker-image:latest, commitHashToBuild=9690714a509af0a98c6790a7e52ee3574c7ef689, assignmentCommitHash=9690714a509af0a98c6790a7e52ee3574c7ef689, testCommitHash=9690714a509af0a98c6790a7e52ee3574c7ef689, branch=main, programmingLanguage=JAVA, projectType=PLAIN_GRADLE, scaEnabled=false, sequentialTestRunsEnabled=false, resultPaths=[/var/tmp/testing-dir/**/test-results/test/*.xml], timeoutSeconds=0, assignmentCheckoutPath=null, testCheckoutPath=null, solutionCheckoutPath=null, dockerRunConfig=null], submissionResult=null]], status=ACTIVE, recentBuildJobs=[BuildJobQueueItem[id=4621739576562326, name=SHORT43ACF76B02BC1044B80938509D14043FABDETSTEXC-LOCALCIINTSTUDENT1, buildAgent=BuildAgentDTO[name=artemis-build-agent-test, memberAddress=[127.0.0.1]:5703, displayName=artemis-build-agent-test], participationId=462, courseId=147, exerciseId=298, retryCount=0, priority=2, status=SUCCESSFUL, repositoryInfo=RepositoryInfo[repositoryName=short43acf76b02bc1044b80938509d14043fabdetstexc-localciintstudent1, repositoryType=user, triggeredByPushTo=user, assignmentRepositoryUri=http://localhost:49152/git/SHORT43ACF76B02BC1044B80938509D14043FABDETSTEXC/short43acf76b02bc1044b80938509d14043fabdetstexc-localciintstudent1.git, testRepositoryUri=http://localhost:49152/git/SHORT43ACF76B02BC1044B80938509D14043FABDETSTEXC/short43acf76b02bc1044b80938509d14043fabdetstexc-tests.git, solutionRepositoryUri=null, auxiliaryRepositoryUris=[Ljava.lang.String;@f699d0e, auxiliaryRepositoryCheckoutDirectories=[Ljava.lang.String;@17676567], jobTimingInfo=JobTimingInfo[submissionDate=2025-02-14T23:42:42.326978596Z[Etc/UTC], buildStartDate=2025-02-14T23:42:42.420147010Z[Etc/UTC], buildCompletionDate=2025-02-14T23:42:45.573855829Z[Etc/UTC], estimatedCompletionDate=2025-02-14T23:43:01.420129377Z[Etc/UTC], estimatedDuration=19], buildConfig=BuildConfig[buildScript=#!/bin/bash
cd /var/tmp/testing-dir
chmod +x ./gradlew
./gradlew clean test
, dockerImage=dummy-docker-image:latest, commitHashToBuild=a9c717ccf7bcbe9531d3eee21dbaeb5aab2ff971, assignmentCommitHash=a9c717ccf7bcbe9531d3eee21dbaeb5aab2ff971, testCommitHash=a9c717ccf7bcbe9531d3eee21dbaeb5aab2ff971, branch=main, programmingLanguage=JAVA, projectType=PLAIN_GRADLE, scaEnabled=false, sequentialTestRunsEnabled=false, resultPaths=[/var/tmp/testing-dir/**/test-results/test/*.xml], timeoutSeconds=0, assignmentCheckoutPath=null, testCheckoutPath=null, solutionCheckoutPath=null, dockerRunConfig=DockerRunConfig[isNetworkDisabled=true, env=[key=value]]], submissionResult=ResultDTO[id=132, completionDate=2025-02-14T23:42:45.519869118Z[Etc/UTC], successful=false, score=7.7, rated=true, submission=SubmissionDTO[id=119, submitted=true, type=MANUAL, exampleSubmission=null, submissionDate=2025-02-14T23:42:42.302762Z, commitHash=a9c717ccf7bcbe9531d3eee21dbaeb5aab2ff971, buildFailed=false, buildArtifact=false, participation=ParticipationDTO[id=462, testRun=false, type=programming, submissionCount=null, exercise=ParticipationExerciseDTO[id=298, exerciseType=PROGRAMMING, type=programming, assessmentType=AUTOMATIC, dueDate=2025-02-16T23:42:41.553955Z, assessmentDueDate=null, maxPoints=42.0, course=CourseDTO[id=147, accuracyOfScores=1]]], submissionExerciseType=programming, isProcessing=false, buildStartDate=null, estimatedCompletionDate=null], participation=ParticipationDTO[id=462, testRun=false, type=programming, submissionCount=null, exercise=ParticipationExerciseDTO[id=298, exerciseType=PROGRAMMING, type=programming, assessmentType=AUTOMATIC, dueDate=2025-02-16T23:42:41.553955Z, assessmentDueDate=null, maxPoints=42.0, course=CourseDTO[id=147, accuracyOfScores=1]]], feedbacks=[FeedbackDTO[id=67, text=null, detailText=The exercise expects a class with the name Context in the package testpackage. You did not implement the class in the exercise., hasLongFeedbackText=false, reference=null, credits=0.0, positive=false, type=AUTOMATIC, visibility=ALWAYS, testCase=TestCaseDTO[testName=null, id=13]], FeedbackDTO[id=68, text=null, detailText=The exercise expects a class with the name Policy in the package testpackage. You did not implement the class in the exercise., hasLongFeedbackText=false, reference=null, credits=0.0, positive=false, type=AUTOMATIC, visibility=ALWAYS, testCase=TestCaseDTO[testName=null, id=14]], FeedbackDTO[id=69, text=null, detailText=The exercise expects a class with the name SortStrategy in the package testpackage. You did not implement the class in the exercise., hasLongFeedbackText=false, reference=null, credits=0.0, positive=false, type=AUTOMATIC, visibility=ALWAYS, testCase=TestCaseDTO[testName=null, id=15]], FeedbackDTO[id=70, text=null, detailText=The class 'MergeSort' does not implement the interface 'SortStrategy' as expected. Implement the interface and its methods., hasLongFeedbackText=false, reference=null, credits=0.0, positive=false, type=AUTOMATIC, visibility=ALWAYS, testCase=TestCaseDTO[testName=null, id=10]], FeedbackDTO[id=71, text=null, detailText=The exercise expects a class with the name SortStrategy in the package testpackage. You did not implement the class in the exercise., hasLongFeedbackText=false, reference=null, credits=0.0, positive=false, type=AUTOMATIC, visibility=ALWAYS, testCase=TestCaseDTO[testName=null, id=7]], FeedbackDTO[id=72, text=null, detailText=The class 'BubbleSort' does not implement the interface 'SortStrategy' as expected. Implement the interface and its methods., hasLongFeedbackText=false, reference=null, credits=0.0, positive=false, type=AUTOMATIC, visibility=ALWAYS, testCase=TestCaseDTO[testName=null, id=11]], FeedbackDTO[id=73, text=null, detailText=MergeSort does not sort correctly, hasLongFeedbackText=false, reference=null, credits=0.0, positive=false, type=AUTOMATIC, visibility=ALWAYS, testCase=TestCaseDTO[testName=null, id=16]], FeedbackDTO[id=74, text=null, detailText=The class 'Context' was not found within the submission. Make sure to implement it properly., hasLongFeedbackText=false, reference=null, credits=0.0, positive=false, type=AUTOMATIC, visibility=ALWAYS, testCase=TestCaseDTO[testName=null, id=17]], FeedbackDTO[id=75, text=null, detailText=The class 'Context' was not found within the submission. Make sure to implement it properly., hasLongFeedbackText=false, reference=null, credits=0.0, positive=false, type=AUTOMATIC, visibility=ALWAYS, testCase=TestCaseDTO[testName=null, id=18]], FeedbackDTO[id=76, text=null, detailText=The exercise expects a class with the name Policy in the package testpackage. You did not implement the class in the exercise., hasLongFeedbackText=false, reference=null, credits=0.0, positive=false, type=AUTOMATIC, visibility=ALWAYS, testCase=TestCaseDTO[testName=null, id=12]], FeedbackDTO[id=77, text=null, detailText=The exercise expects a class with the name Context in the package testpackage. You did not implement the class in the exercise., hasLongFeedbackText=false, reference=null, credits=0.0, positive=false, type=AUTOMATIC, visibility=ALWAYS, testCase=TestCaseDTO[testName=null, id=8]], FeedbackDTO[id=78, text=null, detailText=The exercise expects a class with the name Policy in the package testpackage. You did not implement the class in the exercise., hasLongFeedbackText=false, reference=null, credits=0.0, positive=false, type=AUTOMATIC, visibility=ALWAYS, testCase=TestCaseDTO[testName=null, id=9]], FeedbackDTO[id=79, text=null, detailText=null, hasLongFeedbackText=false, reference=null, credits=3.230769230769231, positive=true, type=AUTOMATIC, visibility=ALWAYS, testCase=TestCaseDTO[testName=null, id=19]]], assessmentType=AUTOMATIC, hasComplaint=null, exampleResult=null, testCaseCount=13, passedTestCaseCount=1, codeIssueCount=0]], BuildJobQueueItem[id=4651739576569330, name=SHORTB06DD3F905F4604F6E085260D83ED657A6DFTSTEXC-LOCALCIINTSTUDENT1, buildAgent=BuildAgentDTO[name=artemis-build-agent-test, memberAddress=[127.0.0.1]:5703, displayName=artemis-build-agent-test], participationId=465, courseId=148, exerciseId=299, retryCount=0, priority=2, status=SUCCESSFUL, repositoryInfo=RepositoryInfo[repositoryName=shortb06dd3f905f4604f6e085260d83ed657a6dftstexc-localciintstudent1, repositoryType=user, triggeredByPushTo=user, assignmentRepositoryUri=http://localhost:49152/git/SHORTB06DD3F905F4604F6E085260D83ED657A6DFTSTEXC/shortb06dd3f905f4604f6e085260d83ed657a6dftstexc-localciintstudent1.git, testRepositoryUri=http://localhost:49152/git/SHORTB06DD3F905F4604F6E085260D83ED657A6DFTSTEXC/shortb06dd3f905f4604f6e085260d83ed657a6dftstexc-tests.git, solutionRepositoryUri=null, auxiliaryRepositoryUris=[Ljava.lang.String;@3d504e4f, auxiliaryRepositoryCheckoutDirectories=[Ljava.lang.String;@8f53f84], jobTimingInfo=JobTimingInfo[submissionDate=2025-02-14T23:42:49.330093960Z[Etc/UTC], buildStartDate=2025-02-14T23:42:49.347797345Z[Etc/UTC], buildCompletionDate=2025-02-14T23:42:51.204319751Z[Etc/UTC], estimatedCompletionDate=2025-02-14T23:43:08.347788449Z[Etc/UTC], estimatedDuration=19], buildConfig=BuildConfig[buildScript=#!/bin/bash
cd /var/tmp/testing-dir
chmod +x ./gradlew
./gradlew clean test
, dockerImage=dummy-docker-image:latest, commitHashToBuild=41581fff25954d36cf07586926ee0c77d1003131, assignmentCommitHash=41581fff25954d36cf07586926ee0c77d1003131, testCommitHash=41581fff25954d36cf07586926ee0c77d1003131, branch=main, programmingLanguage=JAVA, projectType=PLAIN_GRADLE, scaEnabled=false, sequentialTestRunsEnabled=false, resultPaths=[/var/tmp/testing-dir/**/test-results/test/*.xml], timeoutSeconds=0, assignmentCheckoutPath=null, testCheckoutPath=null, solutionCheckoutPath=null, dockerRunConfig=null], submissionResult=ResultDTO[id=133, completionDate=2025-02-14T23:42:51.155372920Z[Etc/UTC], successful=false, score=7.7, rated=true, submission=SubmissionDTO[id=120, submitted=true, type=MANUAL, exampleSubmission=null, submissionDate=2025-02-14T23:42:49.321855Z, commitHash=41581fff25954d36cf07586926ee0c77d1003131, buildFailed=false, buildArtifact=false, participation=ParticipationDTO[id=465, testRun=false, type=programming, submissionCount=null, exercise=ParticipationExerciseDTO[id=299, exerciseType=PROGRAMMING, type=programming, assessmentType=AUTOMATIC, dueDate=2025-02-16T23:42:49.163661Z, assessmentDueDate=null, maxPoints=42.0, course=CourseDTO[id=148, accuracyOfScores=1]]], submissionExerciseType=programming, isProcessing=false, buildStartDate=null, estimatedCompletionDate=null], participation=ParticipationDTO[id=465, testRun=false, type=programming, submissionCount=null, exercise=ParticipationExerciseDTO[id=299, exerciseType=PROGRAMMING, type=programming, assessmentType=AUTOMATIC, dueDate=2025-02-16T23:42:49.163661Z, assessmentDueDate=null, maxPoints=42.0, course=CourseDTO[id=148, accuracyOfScores=1]]], feedbacks=[FeedbackDTO[id=80, text=null, detailText=The exercise expects a class with the name Context in the package testpackage. You did not implement the class in the exercise., hasLongFeedbackText=false, reference=null, credits=0.0, positive=false, type=AUTOMATIC, visibility=ALWAYS, testCase=TestCaseDTO[testName=null, id=26]], FeedbackDTO[id=81, text=null, detailText=The exercise expects a class with the name Policy in the package testpackage. You did not implement the class in the exercise., hasLongFeedbackText=false, reference=null, credits=0.0, positive=false, type=AUTOMATIC, visibility=ALWAYS, testCase=TestCaseDTO[testName=null, id=27]], FeedbackDTO[id=82, text=null, detailText=The exercise expects a class with the name SortStrategy in the package testpackage. You did not implement the class in the exercise., hasLongFeedbackText=false, reference=null, credits=0.0, positive=false, type=AUTOMATIC, visibility=ALWAYS, testCase=TestCaseDTO[testName=null, id=28]], FeedbackDTO[id=83, text=null, detailText=The class 'MergeSort' does not implement the interface 'SortStrategy' as expected. Implement the interface and its methods., hasLongFeedbackText=false, reference=null, credits=0.0, positive=false, type=AUTOMATIC, visibility=ALWAYS, testCase=TestCaseDTO[testName=null, id=23]], FeedbackDTO[id=84, text=null, detailText=The exercise expects a class with the name SortStrategy in the package testpackage. You did not implement the class in the exercise., hasLongFeedbackText=false, reference=null, credits=0.0, positive=false, type=AUTOMATIC, visibility=ALWAYS, testCase=TestCaseDTO[testName=null, id=20]], FeedbackDTO[id=85, text=null, detailText=The class 'BubbleSort' does not implement the interface 'SortStrategy' as expected. Implement the interface and its methods., hasLongFeedbackText=false, reference=null, credits=0.0, positive=false, type=AUTOMATIC, visibility=ALWAYS, testCase=TestCaseDTO[testName=null, id=24]], FeedbackDTO[id=86, text=null, detailText=MergeSort does not sort correctly, hasLongFeedbackText=false, reference=null, credits=0.0, positive=false, type=AUTOMATIC, visibility=ALWAYS, testCase=TestCaseDTO[testName=null, id=29]], FeedbackDTO[id=87, text=null, detailText=The class 'Context' was not found within the submission. Make sure to implement it properly., hasLongFeedbackText=false, reference=null, credits=0.0, positive=false, type=AUTOMATIC, visibility=ALWAYS, testCase=TestCaseDTO[testName=null, id=30]], FeedbackDTO[id=88, text=null, detailText=The class 'Context' was not found within the submission. Make sure to implement it properly., hasLongFeedbackText=false, reference=null, credits=0.0, positive=false, type=AUTOMATIC, visibility=ALWAYS, testCase=TestCaseDTO[testName=null, id=31]], FeedbackDTO[id=89, text=null, detailText=The exercise expects a class with the name Policy in the package testpackage. You did not implement the class in the exercise., hasLongFeedbackText=false, reference=null, credits=0.0, positive=false, type=AUTOMATIC, visibility=ALWAYS, testCase=TestCaseDTO[testName=null, id=25]], FeedbackDTO[id=90, text=null, detailText=The exercise expects a class with the name Context in the package testpackage. You did not implement the class in the exercise., hasLongFeedbackText=false, reference=null, credits=0.0, positive=false, type=AUTOMATIC, visibility=ALWAYS, testCase=TestCaseDTO[testName=null, id=21]], FeedbackDTO[id=91, text=null, detailText=The exercise expects a class with the name Policy in the package testpackage. You did not implement the class in the exercise., hasLongFeedbackText=false, reference=null, credits=0.0, positive=false, type=AUTOMATIC, visibility=ALWAYS, testCase=TestCaseDTO[testName=null, id=22]], FeedbackDTO[id=92, text=null, detailText=null, hasLongFeedbackText=false, reference=null, credits=3.230769230769231, positive=true, type=AUTOMATIC, visibility=ALWAYS, testCase=TestCaseDTO[testName=null, id=32]]], assessmentType=AUTOMATIC, hasComplaint=null, exampleResult=null, testCaseCount=13, passedTestCaseCount=1, codeIssueCount=0]], BuildJobQueueItem[id=4681739576573068, name=SHORTBCF65534040390488B0A46605F5F3776B89ATSTEXC-LOCALCIINTSTUDENT1, buildAgent=BuildAgentDTO[name=artemis-build-agent-test, memberAddress=[127.0.0.1]:5703, displayName=artemis-build-agent-test], participationId=468, courseId=149, exerciseId=300, retryCount=0, priority=2, status=SUCCESSFUL, repositoryInfo=RepositoryInfo[repositoryName=shortbcf65534040390488b0a46605f5f3776b89atstexc-localciintstudent1, repositoryType=user, triggeredByPushTo=user, assignmentRepositoryUri=http://localhost:49152/git/SHORTBCF65534040390488B0A46605F5F3776B89ATSTEXC/shortbcf65534040390488b0a46605f5f3776b89atstexc-localciintstudent1.git, testRepositoryUri=http://localhost:49152/git/SHORTBCF65534040390488B0A46605F5F3776B89ATSTEXC/shortbcf65534040390488b0a46605f5f3776b89atstexc-tests.git, solutionRepositoryUri=null, auxiliaryRepositoryUris=[Ljava.lang.String;@4b374279, auxiliaryRepositoryCheckoutDirectories=[Ljava.lang.String;@67574a25], jobTimingInfo=JobTimingInfo[submissionDate=2025-02-14T23:42:53.068019209Z[Etc/UTC], buildStartDate=2025-02-14T23:42:53.092867394Z[Etc/UTC], buildCompletionDate=2025-02-14T23:42:55.086950323Z[Etc/UTC], estimatedCompletionDate=2025-02-14T23:43:12.092858828Z[Etc/UTC], estimatedDuration=19], buildConfig=BuildConfig[buildScript=#!/bin/bash
cd /var/tmp/testing-dir
chmod +x ./gradlew
./gradlew clean test
, dockerImage=dummy-docker-image:latest, commitHashToBuild=2d5c0482fc77d3f5ec0841962528a43054e83170, assignmentCommitHash=2d5c0482fc77d3f5ec0841962528a43054e83170, testCommitHash=7477e25d56ce5fee2c938542a7e7ed4ed085d373, branch=main, programmingLanguage=JAVA, projectType=PLAIN_GRADLE, scaEnabled=false, sequentialTestRunsEnabled=false, resultPaths=[/var/tmp/testing-dir/**/test-results/test/*.xml], timeoutSeconds=0, assignmentCheckoutPath=null, testCheckoutPath=null, solutionCheckoutPath=null, dockerRunConfig=null], submissionResult=ResultDTO[id=134, completionDate=2025-02-14T23:42:55.059618627Z[Etc/UTC], successful=false, score=7.7, rated=true, submission=SubmissionDTO[id=121, submitted=true, type=MANUAL, exampleSubmission=null, submissionDate=2025-02-14T23:42:53.048221Z, commitHash=2d5c0482fc77d3f5ec0841962528a43054e83170, buildFailed=false, buildArtifact=false, participation=ParticipationDTO[id=468, testRun=false, type=programming, submissionCount=null, exercise=ParticipationExerciseDTO[id=300, exerciseType=PROGRAMMING, type=programming, assessmentType=AUTOMATIC, dueDate=2025-02-16T23:42:52.873722Z, assessmentDueDate=null, maxPoints=42.0, course=CourseDTO[id=149, accuracyOfScores=1]]], submissionExerciseType=programming, isProcessing=false, buildStartDate=null, estimatedCompletionDate=null], participation=ParticipationDTO[id=468, testRun=false, type=programming, submissionCount=null, exercise=ParticipationExerciseDTO[id=300, exerciseType=PROGRAMMING, type=programming, assessmentType=AUTOMATIC, dueDate=2025-02-16T23:42:52.873722Z, assessmentDueDate=null, maxPoints=42.0, course=CourseDTO[id=149, accuracyOfScores=1]]], feedbacks=[FeedbackDTO[id=93, text=null, detailText=The exercise expects a class with the name Context in the package testpackage. You did not implement the class in the exercise., hasLongFeedbackText=false, reference=null, credits=0.0, positive=false, type=AUTOMATIC, visibility=ALWAYS, testCase=TestCaseDTO[testName=null, id=39]], FeedbackDTO[id=94, text=null, detailText=The exercise expects a class with the name Policy in the package testpackage. You did not implement the class in the exercise., hasLongFeedbackText=false, reference=null, credits=0.0, positive=false, type=AUTOMATIC, visibility=ALWAYS, testCase=TestCaseDTO[testName=null, id=40]], FeedbackDTO[id=95, text=null, detailText=The exercise expects a class with the name SortStrategy in the package testpackage. You did not implement the class in the exercise., hasLongFeedbackText=false, reference=null, credits=0.0, positive=false, type=AUTOMATIC, visibility=ALWAYS, testCase=TestCaseDTO[testName=null, id=41]], FeedbackDTO[id=96, text=null, detailText=The class 'MergeSort' does not implement the interface 'SortStrategy' as expected. Implement the interface and its methods., hasLongFeedbackText=false, reference=null, credits=0.0, positive=false, type=AUTOMATIC, visibility=ALWAYS, testCase=TestCaseDTO[testName=null, id=36]], FeedbackDTO[id=97, text=null, detailText=The exercise expects a class with the name SortStrategy in the package testpackage. You did not implement the class in the exercise., hasLongFeedbackText=false, reference=null, credits=0.0, positive=false, type=AUTOMATIC, visibility=ALWAYS, testCase=TestCaseDTO[testName=null, id=33]], FeedbackDTO[id=98, text=null, detailText=The class 'BubbleSort' does not implement the interface 'SortStrategy' as expected. Implement the interface and its methods., hasLongFeedbackText=false, reference=null, credits=0.0, positive=false, type=AUTOMATIC, visibility=ALWAYS, testCase=TestCaseDTO[testName=null, id=37]], FeedbackDTO[id=99, text=null, detailText=MergeSort does not sort correctly, hasLongFeedbackText=false, reference=null, credits=0.0, positive=false, type=AUTOMATIC, visibility=ALWAYS, testCase=TestCaseDTO[testName=null, id=42]], FeedbackDTO[id=100, text=null, detailText=The class 'Context' was not found within the submission. Make sure to implement it properly., hasLongFeedbackText=false, reference=null, credits=0.0, positive=false, type=AUTOMATIC, visibility=ALWAYS, testCase=TestCaseDTO[testName=null, id=43]], FeedbackDTO[id=101, text=null, detailText=The class 'Context' was not found within the submission. Make sure to implement it properly., hasLongFeedbackText=false, reference=null, credits=0.0, positive=false, type=AUTOMATIC, visibility=ALWAYS, testCase=TestCaseDTO[testName=null, id=44]], FeedbackDTO[id=102, text=null, detailText=The exercise expects a class with the name Policy in the package testpackage. You did not implement the class in the exercise., hasLongFeedbackText=false, reference=null, credits=0.0, positive=false, type=AUTOMATIC, visibility=ALWAYS, testCase=TestCaseDTO[testName=null, id=38]], FeedbackDTO[id=103, text=null, detailText=The exercise expects a class with the name Context in the package testpackage. You did not implement the class in the exercise., hasLongFeedbackText=false, reference=null, credits=0.0, positive=false, type=AUTOMATIC, visibility=ALWAYS, testCase=TestCaseDTO[testName=null, id=34]], FeedbackDTO[id=104, text=null, detailText=The exercise expects a class with the name Policy in the package testpackage. You did not implement the class in the exercise., hasLongFeedbackText=false, reference=null, credits=0.0, positive=false, type=AUTOMATIC, visibility=ALWAYS, testCase=TestCaseDTO[testName=null, id=35]], FeedbackDTO[id=105, text=null, detailText=null, hasLongFeedbackText=false, reference=null, credits=3.230769230769231, positive=true, type=AUTOMATIC, visibility=ALWAYS, testCase=TestCaseDTO[testName=null, id=45]]], assessmentType=AUTOMATIC, hasComplaint=null, exampleResult=null, testCaseCount=13, passedTestCaseCount=1, codeIssueCount=0]], BuildJobQueueItem[id=4741739576577297, name=SHORT88A9A223023E2047B709E4A029FA08BCF2CFTSTEXC-LOCALCIINTSTUDENT1, buildAgent=BuildAgentDTO[name=artemis-build-agent-test, memberAddress=[127.0.0.1]:5703, displayName=artemis-build-agent-test], participationId=474, courseId=151, exerciseId=302, retryCount=0, priority=2, status=SUCCESSFUL, repositoryInfo=RepositoryInfo[repositoryName=short88a9a223023e2047b709e4a029fa08bcf2cftstexc-localciintstudent1, repositoryType=user, triggeredByPushTo=user, assignmentRepositoryUri=http://localhost:49152/git/SHORT88A9A223023E2047B709E4A029FA08BCF2CFTSTEXC/short88a9a223023e2047b709e4a029fa08bcf2cftstexc-localciintstudent1.git, testRepositoryUri=http://localhost:49152/git/SHORT88A9A223023E2047B709E4A029FA08BCF2CFTSTEXC/short88a9a223023e2047b709e4a029fa08bcf2cftstexc-tests.git, solutionRepositoryUri=null, auxiliaryRepositoryUris=[Ljava.lang.String;@58ca42b6, auxiliaryRepositoryCheckoutDirectories=[Ljava.lang.String;@79e25f34], jobTimingInfo=JobTimingInfo[submissionDate=2025-02-14T23:42:57.297342281Z[Etc/UTC], buildStartDate=2025-02-14T23:42:57.308570327Z[Etc/UTC], buildCompletionDate=2025-02-14T23:42:59.047616654Z[Etc/UTC], estimatedCompletionDate=2025-02-14T23:43:16.308558064Z[Etc/UTC], estimatedDuration=19], buildConfig=BuildConfig[buildScript=#!/bin/bash
cd /var/tmp/testing-dir
chmod +x ./gradlew
./gradlew clean test
, dockerImage=dummy-docker-image:latest, commitHashToBuild=736cbea1e46d6849b41266b2bf1cccd3b9ea55b1, assignmentCommitHash=736cbea1e46d6849b41266b2bf1cccd3b9ea55b1, testCommitHash=ea6267edd396a304305339b036512b63e0374c66, branch=main, programmingLanguage=JAVA, projectType=PLAIN_GRADLE, scaEnabled=false, sequentialTestRunsEnabled=false, resultPaths=[/var/tmp/testing-dir/**/test-results/test/*.xml], timeoutSeconds=0, assignmentCheckoutPath=null, testCheckoutPath=null, solutionCheckoutPath=null, dockerRunConfig=null], submissionResult=ResultDTO[id=135, completionDate=2025-02-14T23:42:59.014168821Z[Etc/UTC], successful=false, score=7.7, rated=true, submission=SubmissionDTO[id=123, submitted=true, type=MANUAL, exampleSubmission=null, submissionDate=2025-02-14T23:42:57.278471Z, commitHash=736cbea1e46d6849b41266b2bf1cccd3b9ea55b1, buildFailed=false, buildArtifact=false, participation=ParticipationDTO[id=474, testRun=false, type=programming, submissionCount=null, exercise=ParticipationExerciseDTO[id=302, exerciseType=PROGRAMMING, type=programming, assessmentType=AUTOMATIC, dueDate=2025-02-16T23:42:56.796251Z, assessmentDueDate=null, maxPoints=42.0, course=CourseDTO[id=151, accuracyOfScores=1]]], submissionExerciseType=programming, isProcessing=false, buildStartDate=null, estimatedCompletionDate=null], participation=ParticipationDTO[id=474, testRun=false, type=programming, submissionCount=null, exercise=ParticipationExerciseDTO[id=302, exerciseType=PROGRAMMING, type=programming, assessmentType=AUTOMATIC, dueDate=2025-02-16T23:42:56.796251Z, assessmentDueDate=null, maxPoints=42.0, course=CourseDTO[id=151, accuracyOfScores=1]]], feedbacks=[FeedbackDTO[id=106, text=null, detailText=The exercise expects a class with the name Context in the package testpackage. You did not implement the class in the exercise., hasLongFeedbackText=false, reference=null, credits=0.0, positive=false, type=AUTOMATIC, visibility=ALWAYS, testCase=TestCaseDTO[testName=null, id=65]], FeedbackDTO[id=107, text=null, detailText=The exercise expects a class with the name Policy in the package testpackage. You did not implement the class in the exercise., hasLongFeedbackText=false, reference=null, credits=0.0, positive=false, type=AUTOMATIC, visibility=ALWAYS, testCase=TestCaseDTO[testName=null, id=66]], FeedbackDTO[id=108, text=null, detailText=The exercise expects a class with the name SortStrategy in the package testpackage. You did not implement the class in the exercise., hasLongFeedbackText=false, reference=null, credits=0.0, positive=false, type=AUTOMATIC, visibility=ALWAYS, testCase=TestCaseDTO[testName=null, id=67]], FeedbackDTO[id=109, text=null, detailText=The class 'MergeSort' does not implement the interface 'SortStrategy' as expected. Implement the interface and its methods., hasLongFeedbackText=false, reference=null, credits=0.0, positive=false, type=AUTOMATIC, visibility=ALWAYS, testCase=TestCaseDTO[testName=null, id=62]], FeedbackDTO[id=110, text=null, detailText=The exercise expects a class with the name SortStrategy in the package testpackage. You did not implement the class in the exercise., hasLongFeedbackText=false, reference=null, credits=0.0, positive=false, type=AUTOMATIC, visibility=ALWAYS, testCase=TestCaseDTO[testName=null, id=59]], FeedbackDTO[id=111, text=null, detailText=The class 'BubbleSort' does not implement the interface 'SortStrategy' as expected. Implement the interface and its methods., hasLongFeedbackText=false, reference=null, credits=0.0, positive=false, type=AUTOMATIC, visibility=ALWAYS, testCase=TestCaseDTO[testName=null, id=63]], FeedbackDTO[id=112, text=null, detailText=MergeSort does not sort correctly, hasLongFeedbackText=false, reference=null, credits=0.0, positive=false, type=AUTOMATIC, visibility=ALWAYS, testCase=TestCaseDTO[testName=null, id=68]], FeedbackDTO[id=113, text=null, detailText=The class 'Context' was not found within the submission. Make sure to implement it properly., hasLongFeedbackText=false, reference=null, credits=0.0, positive=false, type=AUTOMATIC, visibility=ALWAYS, testCase=TestCaseDTO[testName=null, id=69]], FeedbackDTO[id=114, text=null, detailText=The class 'Context' was not found within the submission. Make sure to implement it properly., hasLongFeedbackText=false, reference=null, credits=0.0, positive=false, type=AUTOMATIC, visibility=ALWAYS, testCase=TestCaseDTO[testName=null, id=70]], FeedbackDTO[id=115, text=null, detailText=The exercise expects a class with the name Policy in the package testpackage. You did not implement the class in the exercise., hasLongFeedbackText=false, reference=null, credits=0.0, positive=false, type=AUTOMATIC, visibility=ALWAYS, testCase=TestCaseDTO[testName=null, id=64]], FeedbackDTO[id=116, text=null, detailText=The exercise expects a class with the name Context in the package testpackage. You did not implement the class in the exercise., hasLongFeedbackText=false, reference=null, credits=0.0, positive=false, type=AUTOMATIC, visibility=ALWAYS, testCase=TestCaseDTO[testName=null, id=60]], FeedbackDTO[id=117, text=null, detailText=The exercise expects a class with the name Policy in the package testpackage. You did not implement the class in the exercise., hasLongFeedbackText=false, reference=null, credits=0.0, positive=false, type=AUTOMATIC, visibility=ALWAYS, testCase=TestCaseDTO[testName=null, id=61]], FeedbackDTO[id=118, text=null, detailText=null, hasLongFeedbackText=false, reference=null, credits=3.230769230769231, positive=true, type=AUTOMATIC, visibility=ALWAYS, testCase=TestCaseDTO[testName=null, id=71]]], assessmentType=AUTOMATIC, hasComplaint=null, exampleResult=null, testCaseCount=13, passedTestCaseCount=1, codeIssueCount=0]], BuildJobQueueItem[id=4771739576580898, name=SHORT51E611E30D6B60466F0B8BA0AA97F58888C2TSTEXC-LOCALCIINTSTUDENT1, buildAgent=BuildAgentDTO[name=artemis-build-agent-test, memberAddress=[127.0.0.1]:5703, displayName=artemis-build-agent-test], participationId=477, courseId=152, exerciseId=303, retryCount=0, priority=2, status=SUCCESSFUL, repositoryInfo=RepositoryInfo[repositoryName=short51e611e30d6b60466f0b8ba0aa97f58888c2tstexc-localciintstudent1, repositoryType=user, triggeredByPushTo=user, assignmentRepositoryUri=http://localhost:49152/git/SHORT51E611E30D6B60466F0B8BA0AA97F58888C2TSTEXC/short51e611e30d6b60466f0b8ba0aa97f58888c2tstexc-localciintstudent1.git, testRepositoryUri=http://localhost:49152/git/SHORT51E611E30D6B60466F0B8BA0AA97F58888C2TSTEXC/short51e611e30d6b60466f0b8ba0aa97f58888c2tstexc-tests.git, solutionRepositoryUri=null, auxiliaryRepositoryUris=[Ljava.lang.String;@8b7fefb, auxiliaryRepositoryCheckoutDirectories=[Ljava.lang.String;@55ec9baa], jobTimingInfo=JobTimingInfo[submissionDate=2025-02-14T23:43:00.898532688Z[Etc/UTC], buildStartDate=2025-02-14T23:43:00.905733056Z[Etc/UTC], buildCompletionDate=2025-02-14T23:43:02.692768910Z[Etc/UTC], estimatedCompletionDate=2025-02-14T23:43:19.905720463Z[Etc/UTC], estimatedDuration=19], buildConfig=BuildConfig[buildScript=#!/bin/bash
cd /var/tmp/testing-dir
chmod +x ./gradlew
./gradlew clean test
, dockerImage=dummy-docker-image:latest, commitHashToBuild=8f3057cbd462f5e3de4e6ba85115f60d8dbb5aea, assignmentCommitHash=8f3057cbd462f5e3de4e6ba85115f60d8dbb5aea, testCommitHash=8f3057cbd462f5e3de4e6ba85115f60d8dbb5aea, branch=main, programmingLanguage=JAVA, projectType=PLAIN_GRADLE, scaEnabled=true, sequentialTestRunsEnabled=false, resultPaths=[/var/tmp/testing-dir/**/test-results/test/*.xml], timeoutSeconds=0, assignmentCheckoutPath=null, testCheckoutPath=null, solutionCheckoutPath=null, dockerRunConfig=null], submissionResult=ResultDTO[id=136, completionDate=2025-02-14T23:43:02.637820510Z[Etc/UTC], successful=false, score=7.7, rated=true, submission=SubmissionDTO[id=124, submitted=true, type=MANUAL, exampleSubmission=null, submissionDate=2025-02-14T23:43:00.886601Z, commitHash=8f3057cbd462f5e3de4e6ba85115f60d8dbb5aea, buildFailed=false, buildArtifact=false, participation=ParticipationDTO[id=477, testRun=false, type=programming, submissionCount=null, exercise=ParticipationExerciseDTO[id=303, exerciseType=PROGRAMMING, type=programming, assessmentType=AUTOMATIC, dueDate=2025-02-16T23:43:00.631824Z, assessmentDueDate=null, maxPoints=42.0, course=CourseDTO[id=152, accuracyOfScores=1]]], submissionExerciseType=programming, isProcessing=false, buildStartDate=null, estimatedCompletionDate=null], participation=ParticipationDTO[id=477, testRun=false, type=programming, submissionCount=null, exercise=ParticipationExerciseDTO[id=303, exerciseType=PROGRAMMING, type=programming, assessmentType=AUTOMATIC, dueDate=2025-02-16T23:43:00.631824Z, assessmentDueDate=null, maxPoints=42.0, course=CourseDTO[id=152, accuracyOfScores=1]]], feedbacks=[FeedbackDTO[id=119, text=null, detailText=The exercise expects a class with the name Context in the package testpackage. You did not implement the class in the exercise., hasLongFeedbackText=false, reference=null, credits=0.0, positive=false, type=AUTOMATIC, visibility=ALWAYS, testCase=TestCaseDTO[testName=null, id=78]], FeedbackDTO[id=120, text=null, detailText=The exercise expects a class with the name Policy in the package testpackage. You did not implement the class in the exercise., hasLongFeedbackText=false, reference=null, credits=0.0, positive=false, type=AUTOMATIC, visibility=ALWAYS, testCase=TestCaseDTO[testName=null, id=79]], FeedbackDTO[id=121, text=null, detailText=The exercise expects a class with the name SortStrategy in the package testpackage. You did not implement the class in the exercise., hasLongFeedbackText=false, reference=null, credits=0.0, positive=false, type=AUTOMATIC, visibility=ALWAYS, testCase=TestCaseDTO[testName=null, id=80]], FeedbackDTO[id=122, text=null, detailText=The class 'MergeSort' does not implement the interface 'SortStrategy' as expected. Implement the interface and its methods., hasLongFeedbackText=false, reference=null, credits=0.0, positive=false, type=AUTOMATIC, visibility=ALWAYS, testCase=TestCaseDTO[testName=null, id=75]], FeedbackDTO[id=123, text=null, detailText=The exercise expects a class with the name SortStrategy in the package testpackage. You did not implement the class in the exercise., hasLongFeedbackText=false, reference=null, credits=0.0, positive=false, type=AUTOMATIC, visibility=ALWAYS, testCase=TestCaseDTO[testName=null, id=72]], FeedbackDTO[id=124, text=null, detailText=The class 'BubbleSort' does not implement the interface 'SortStrategy' as expected. Implement the interface and its methods., hasLongFeedbackText=false, reference=null, credits=0.0, positive=false, type=AUTOMATIC, visibility=ALWAYS, testCase=TestCaseDTO[testName=null, id=76]], FeedbackDTO[id=125, text=null, detailText=MergeSort does not sort correctly, hasLongFeedbackText=false, reference=null, credits=0.0, positive=false, type=AUTOMATIC, visibility=ALWAYS, testCase=TestCaseDTO[testName=null, id=81]], FeedbackDTO[id=126, text=null, detailText=The class 'Context' was not found within the submission. Make sure to implement it properly., hasLongFeedbackText=false, reference=null, credits=0.0, positive=false, type=AUTOMATIC, visibility=ALWAYS, testCase=TestCaseDTO[testName=null, id=82]], FeedbackDTO[id=127, text=null, detailText=The class 'Context' was not found within the submission. Make sure to implement it properly., hasLongFeedbackText=false, reference=null, credits=0.0, positive=false, type=AUTOMATIC, visibility=ALWAYS, testCase=TestCaseDTO[testName=null, id=83]], FeedbackDTO[id=128, text=null, detailText=The exercise expects a class with the name Policy in the package testpackage. You did not implement the class in the exercise., hasLongFeedbackText=false, reference=null, credits=0.0, positive=false, type=AUTOMATIC, visibility=ALWAYS, testCase=TestCaseDTO[testName=null, id=77]], FeedbackDTO[id=129, text=null, detailText=The exercise expects a class with the name Context in the package testpackage. You did not implement the class in the exercise., hasLongFeedbackText=false, reference=null, credits=0.0, positive=false, type=AUTOMATIC, visibility=ALWAYS, testCase=TestCaseDTO[testName=null, id=73]], FeedbackDTO[id=130, text=null, detailText=The exercise expects a class with the name Policy in the package testpackage. You did not implement the class in the exercise., hasLongFeedbackText=false, reference=null, credits=0.0, positive=false, type=AUTOMATIC, visibility=ALWAYS, testCase=TestCaseDTO[testName=null, id=74]], FeedbackDTO[id=131, text=null, detailText=null, hasLongFeedbackText=false, reference=null, credits=3.230769230769231, positive=true, type=AUTOMATIC, visibility=ALWAYS, testCase=TestCaseDTO[testName=null, id=84]], FeedbackDTO[id=132, text=SCAFeedbackIdentifier:Bad Practice, detailText={"filePath":"src/code/Client.java","startLine":6,"endLine":6,"startColumn":1,"endColumn":26,"rule":"UnusedImports","category":"Best Practices","message":"Avoid unused imports such as 'javax.swing.JFrame'","priority":"4"}, hasLongFeedbackText=false, reference=PMD, credits=0.0, positive=false, type=AUTOMATIC, visibility=null, testCase=null], FeedbackDTO[id=133, text=SCAFeedbackIdentifier:Code Style, detailText={"filePath":"src/code/Client.java","startLine":7,"endLine":7,"startColumn":1,"endColumn":19,"rule":"DontImportJavaLang","category":"Code Style","message":"Avoid importing anything from the package java.lang","priority":"4"}, hasLongFeedbackText=false, reference=PMD, credits=0.0, positive=false, type=AUTOMATIC, visibility=null, testCase=null], FeedbackDTO[id=134, text=SCAFeedbackIdentifier:Bad Practice, detailText={"filePath":"src/code/Client.java","startLine":7,"endLine":7,"startColumn":1,"endColumn":19,"rule":"UnusedImports","category":"Best Practices","message":"Avoid unused imports such as 'java.lang'","priority":"4"}, hasLongFeedbackText=false, reference=PMD, credits=0.0, positive=false, type=AUTOMATIC, visibility=null, testCase=null], FeedbackDTO[id=135, text=SCAFeedbackIdentifier:Bad Practice, detailText={"filePath":"src/code/Client.java","startLine":73,"endLine":73,"startColumn":18,"endColumn":27,"rule":"UnusedLocalVariable","category":"Best Practices","message":"Avoid unused local variables such as 'randomDate'.","priority":"3"}, hasLongFeedbackText=false, reference=PMD, credits=0.0, positive=false, type=AUTOMATIC, visibility=null, testCase=null], FeedbackDTO[id=136, text=SCAFeedbackIdentifier:Bad Practice, detailText={"filePath":"src/code/Client.java","startLine":81,"endLine":81,"startColumn":31,"endColumn":53,"rule":"UnusedPrivateMethod","category":"Best Practices","message":"Avoid unused private methods such as 'CreateRandomDatesList()'.","priority":"3"}, hasLongFeedbackText=false, reference=PMD, credits=0.0, positive=false, type=AUTOMATIC, visibility=null, testCase=null], FeedbackDTO[id=137, text=SCAFeedbackIdentifier:Potential Bugs, detailText={"filePath":"src/code/Client.java","startLine":94,"endLine":94,"startColumn":9,"endColumn":9,"rule":"EmptyStatementNotInLoop","category":"Error Prone","message":"An empty statement (semicolon) not part of a loop","priority":"3"}, hasLongFeedbackText=false, reference=PMD, credits=0.0, positive=false, type=AUTOMATIC, visibility=null, testCase=null], FeedbackDTO[id=138, text=SCAFeedbackIdentifier:Potential Bugs, detailText={"filePath":"src/code/Client.java","startLine":94,"endLine":94,"startColumn":10,"endColumn":10,"rule":"EmptyStatementNotInLoop","category":"Error Prone","message":"An empty statement (semicolon) not part of a loop","priority":"3"}, hasLongFeedbackText=false, reference=PMD, credits=0.0, positive=false, type=AUTOMATIC, visibility=null, testCase=null], FeedbackDTO[id=139, text=SCAFeedbackIdentifier:Potential Bugs, detailText={"filePath":"src/code/Client.java","startLine":94,"endLine":94,"startColumn":11,"endColumn":11,"rule":"EmptyStatementNotInLoop","category":"Error Prone","message":"An empty statement (semicolon) not part of a loop","priority":"3"}, hasLongFeedbackText=false, reference=PMD, credits=0.0, positive=false, type=AUTOMATIC, visibility=null, testCase=null], FeedbackDTO[id=140, text=SCAFeedbackIdentifier:Code Style, detailText={"filePath":"src/code/Client.java","startLine":73,"endLine":73,"rule":"DLS_DEAD_LOCAL_STORE","category":"STYLE","message":"Dead store to randomDate in code.Client.createRandomDatesList()","priority":"2"}, hasLongFeedbackText=false, reference=SPOTBUGS, credits=0.0, positive=false, type=AUTOMATIC, visibility=null, testCase=null], FeedbackDTO[id=141, text=SCAFeedbackIdentifier:Bad Practice, detailText={"filePath":"src/code/Client.java","startLine":82,"endLine":95,"rule":"NM_METHOD_NAMING_CONVENTION","category":"BAD_PRACTICE","message":"The method name code.Client.CreateRandomDatesList() doesn't start with a lower case letter","priority":"3"}, hasLongFeedbackText=false, reference=SPOTBUGS, credits=0.0, positive=false, type=AUTOMATIC, visibility=null, testCase=null], FeedbackDTO[id=142, text=SCAFeedbackIdentifier:Performance, detailText={"filePath":"src/code/Client.java","startLine":82,"endLine":95,"rule":"UPM_UNCALLED_PRIVATE_METHOD","category":"PERFORMANCE","message":"Private method code.Client.CreateRandomDatesList() is never called","priority":"2"}, hasLongFeedbackText=false, reference=SPOTBUGS, credits=0.0, positive=false, type=AUTOMATIC, visibility=null, testCase=null], FeedbackDTO[id=143, text=SCAFeedbackIdentifier:Code Style, detailText={"filePath":"src/code/Client.java","startLine":70,"endLine":70,"startColumn":9,"endColumn":9,"rule":"NeedBracesCheck","category":"blocks","message":"'for' construct must use '{}'s.","priority":"error"}, hasLongFeedbackText=false, reference=CHECKSTYLE, credits=0.0, positive=false, type=AUTOMATIC, visibility=null, testCase=null], FeedbackDTO[id=144, text=SCAFeedbackIdentifier:Code Style, detailText={"filePath":"src/code/Client.java","startLine":93,"endLine":93,"startColumn":9,"endColumn":9,"rule":"EmptyStatementCheck","category":"coding","message":"Empty statement.","priority":"error"}, hasLongFeedbackText=false, reference=CHECKSTYLE, credits=0.0, positive=false, type=AUTOMATIC, visibility=null, testCase=null], FeedbackDTO[id=145, text=SCAFeedbackIdentifier:Code Style, detailText={"filePath":"src/code/Client.java","startLine":93,"endLine":93,"startColumn":10,"endColumn":10,"rule":"EmptyStatementCheck","category":"coding","message":"Empty statement.","priority":"error"}, hasLongFeedbackText=false, reference=CHECKSTYLE, credits=0.0, positive=false, type=AUTOMATIC, visibility=null, testCase=null], FeedbackDTO[id=146, text=SCAFeedbackIdentifier:Code Style, detailText={"filePath":"src/code/Client.java","startLine":93,"endLine":93,"startColumn":11,"endColumn":11,"rule":"EmptyStatementCheck","category":"coding","message":"Empty statement.","priority":"error"}, hasLongFeedbackText=false, reference=CHECKSTYLE, credits=0.0, positive=false, type=AUTOMATIC, visibility=null, testCase=null]], assessmentType=AUTOMATIC, hasComplaint=null, exampleResult=null, testCaseCount=13, passedTestCaseCount=1, codeIssueCount=15]], BuildJobQueueItem[id=4821739576584632, name=SHORT433BAC4500363044960B6E10DFA0493471B2TSTEXC-LOCALCIINTSTUDENT1, buildAgent=BuildAgentDTO[name=artemis-build-agent-test, memberAddress=[127.0.0.1]:5703, displayName=artemis-build-agent-test], participationId=482, courseId=154, exerciseId=305, retryCount=0, priority=2, status=SUCCESSFUL, repositoryInfo=RepositoryInfo[repositoryName=short433bac4500363044960b6e10dfa0493471b2tstexc-localciintstudent1, repositoryType=user, triggeredByPushTo=user, assignmentRepositoryUri=http://localhost:49152/git/SHORT433BAC4500363044960B6E10DFA0493471B2TSTEXC/short433bac4500363044960b6e10dfa0493471b2tstexc-localciintstudent1.git, testRepositoryUri=http://localhost:49152/git/SHORT433BAC4500363044960B6E10DFA0493471B2TSTEXC/short433bac4500363044960b6e10dfa0493471b2tstexc-tests.git, solutionRepositoryUri=null, auxiliaryRepositoryUris=[Ljava.lang.String;@5f39bc53, auxiliaryRepositoryCheckoutDirectories=[Ljava.lang.String;@3449537f], jobTimingInfo=JobTimingInfo[submissionDate=2025-02-14T23:43:04.632341258Z[Etc/UTC], buildStartDate=2025-02-14T23:43:04.637633457Z[Etc/UTC], buildCompletionDate=2025-02-14T23:43:06.421238953Z[Etc/UTC], estimatedCompletionDate=2025-02-14T23:43:23.637623879Z[Etc/UTC], estimatedDuration=19], buildConfig=BuildConfig[buildScript=#!/bin/bash
cd /var/tmp/testing-dir
chmod +x ./gradlew
./gradlew clean test
, dockerImage=dummy-docker-image:latest, commitHashToBuild=8355c4f3cd5d3e0443707d3310206e460e333c6f, assignmentCommitHash=8355c4f3cd5d3e0443707d3310206e460e333c6f, testCommitHash=8355c4f3cd5d3e0443707d3310206e460e333c6f, branch=main, programmingLanguage=JAVA, projectType=PLAIN_GRADLE, scaEnabled=false, sequentialTestRunsEnabled=false, resultPaths=[/var/tmp/testing-dir/**/test-results/test/*.xml], timeoutSeconds=0, assignmentCheckoutPath=null, testCheckoutPath=null, solutionCheckoutPath=null, dockerRunConfig=null], submissionResult=ResultDTO[id=137, completionDate=2025-02-14T23:43:06.404877412Z[Etc/UTC], successful=false, score=7.7, rated=true, submission=SubmissionDTO[id=125, submitted=true, type=MANUAL, exampleSubmission=null, submissionDate=2025-02-14T23:43:04.623230Z, commitHash=8355c4f3cd5d3e0443707d3310206e460e333c6f, buildFailed=false, buildArtifact=false, participation=ParticipationDTO[id=482, testRun=false, type=programming, submissionCount=null, exercise=ParticipationExerciseDTO[id=305, exerciseType=PROGRAMMING, type=programming, assessmentType=AUTOMATIC, dueDate=2025-02-16T23:43:04.425734Z, assessmentDueDate=null, maxPoints=42.0, course=CourseDTO[id=154, accuracyOfScores=1]]], submissionExerciseType=programming, isProcessing=false, buildStartDate=null, estimatedCompletionDate=null], participation=ParticipationDTO[id=482, testRun=false, type=programming, submissionCount=null, exercise=ParticipationExerciseDTO[id=305, exerciseType=PROGRAMMING, type=programming, assessmentType=AUTOMATIC, dueDate=2025-02-16T23:43:04.425734Z, assessmentDueDate=null, maxPoints=42.0, course=CourseDTO[id=154, accuracyOfScores=1]]], feedbacks=[FeedbackDTO[id=147, text=null, detailText=The exercise expects a class with the name Context in the package testpackage. You did not implement the class in the exercise., hasLongFeedbackText=false, reference=null, credits=0.0, positive=false, type=AUTOMATIC, visibility=ALWAYS, testCase=TestCaseDTO[testName=null, id=104]], FeedbackDTO[id=148, text=null, detailText=The exercise expects a class with the name Policy in the package testpackage. You did not implement the class in the exercise., hasLongFeedbackText=false, reference=null, credits=0.0, positive=false, type=AUTOMATIC, visibility=ALWAYS, testCase=TestCaseDTO[testName=null, id=105]], FeedbackDTO[id=149, text=null, detailText=The exercise expects a class with the name SortStrategy in the package testpackage. You did not implement the class in the exercise., hasLongFeedbackText=false, reference=null, credits=0.0, positive=false, type=AUTOMATIC, visibility=ALWAYS, testCase=TestCaseDTO[testName=null, id=106]], FeedbackDTO[id=150, text=null, detailText=The class 'MergeSort' does not implement the interface 'SortStrategy' as expected. Implement the interface and its methods., hasLongFeedbackText=false, reference=null, credits=0.0, positive=false, type=AUTOMATIC, visibility=ALWAYS, testCase=TestCaseDTO[testName=null, id=101]], FeedbackDTO[id=151, text=null, detailText=The exercise expects a class with the name SortStrategy in the package testpackage. You did not implement the class in the exercise., hasLongFeedbackText=false, reference=null, credits=0.0, positive=false, type=AUTOMATIC, visibility=ALWAYS, testCase=TestCaseDTO[testName=null, id=98]], FeedbackDTO[id=152, text=null, detailText=The class 'BubbleSort' does not implement the interface 'SortStrategy' as expected. Implement the interface and its methods., hasLongFeedbackText=false, reference=null, credits=0.0, positive=false, type=AUTOMATIC, visibility=ALWAYS, testCase=TestCaseDTO[testName=null, id=102]], FeedbackDTO[id=153, text=null, detailText=MergeSort does not sort correctly, hasLongFeedbackText=false, reference=null, credits=0.0, positive=false, type=AUTOMATIC, visibility=ALWAYS, testCase=TestCaseDTO[testName=null, id=107]], FeedbackDTO[id=154, text=null, detailText=The class 'Context' was not found within the submission. Make sure to implement it properly., hasLongFeedbackText=false, reference=null, credits=0.0, positive=false, type=AUTOMATIC, visibility=ALWAYS, testCase=TestCaseDTO[testName=null, id=108]], FeedbackDTO[id=155, text=null, detailText=The class 'Context' was not found within the submission. Make sure to implement it properly., hasLongFeedbackText=false, reference=null, credits=0.0, positive=false, type=AUTOMATIC, visibility=ALWAYS, testCase=TestCaseDTO[testName=null, id=109]], FeedbackDTO[id=156, text=null, detailText=The exercise expects a class with the name Policy in the package testpackage. You did not implement the class in the exercise., hasLongFeedbackText=false, reference=null, credits=0.0, positive=false, type=AUTOMATIC, visibility=ALWAYS, testCase=TestCaseDTO[testName=null, id=103]], FeedbackDTO[id=157, text=null, detailText=The exercise expects a class with the name Context in the package testpackage. You did not implement the class in the exercise., hasLongFeedbackText=false, reference=null, credits=0.0, positive=false, type=AUTOMATIC, visibility=ALWAYS, testCase=TestCaseDTO[testName=null, id=99]], FeedbackDTO[id=158, text=null, detailText=The exercise expects a class with the name Policy in the package testpackage. You did not implement the class in the exercise., hasLongFeedbackText=false, reference=null, credits=0.0, positive=false, type=AUTOMATIC, visibility=ALWAYS, testCase=TestCaseDTO[testName=null, id=100]], FeedbackDTO[id=159, text=null, detailText=null, hasLongFeedbackText=false, reference=null, credits=3.230769230769231, positive=true, type=AUTOMATIC, visibility=ALWAYS, testCase=TestCaseDTO[testName=null, id=110]]], assessmentType=AUTOMATIC, hasComplaint=null, exampleResult=null, testCaseCount=13, passedTestCaseCount=1, codeIssueCount=0]], BuildJobQueueItem[id=4851739576588371, name=SHORT495D587A0856D04A9E08BC60D2E08365FB9ETSTEXC-LOCALCIINTSTUDENT1, buildAgent=BuildAgentDTO[name=artemis-build-agent-test, memberAddress=[127.0.0.1]:5703, displayName=artemis-build-agent-test], participationId=485, courseId=155, exerciseId=306, retryCount=0, priority=2, status=FAILED, repositoryInfo=RepositoryInfo[repositoryName=short495d587a0856d04a9e08bc60d2e08365fb9etstexc-localciintstudent1, repositoryType=user, triggeredByPushTo=user, assignmentRepositoryUri=http://localhost:49152/git/SHORT495D587A0856D04A9E08BC60D2E08365FB9ETSTEXC/short495d587a0856d04a9e08bc60d2e08365fb9etstexc-localciintstudent1.git, testRepositoryUri=http://localhost:49152/git/SHORT495D587A0856D04A9E08BC60D2E08365FB9ETSTEXC/short495d587a0856d04a9e08bc60d2e08365fb9etstexc-tests.git, solutionRepositoryUri=null, auxiliaryRepositoryUris=[Ljava.lang.String;@3be332b, auxiliaryRepositoryCheckoutDirectories=[Ljava.lang.String;@32bed93d], jobTimingInfo=JobTimingInfo[submissionDate=2025-02-14T23:43:08.371015915Z[Etc/UTC], buildStartDate=2025-02-14T23:43:08.374658929Z[Etc/UTC], buildCompletionDate=2025-02-14T23:43:09.341007666Z[Etc/UTC], estimatedCompletionDate=2025-02-14T23:43:27.374650503Z[Etc/UTC], estimatedDuration=19], buildConfig=BuildConfig[buildScript=#!/bin/bash
cd /var/tmp/testing-dir
chmod +x ./gradlew
./gradlew clean test
, dockerImage=dummy-docker-image:latest, commitHashToBuild=ebb8aa4dc3625fe07e975266e18313ad871ce864, assignmentCommitHash=9b3a9bd71a0d80e5bbc42204c319ed3d1d4f0d6d, testCommitHash=9b3a9bd71a0d80e5bbc42204c319ed3d1d4f0d6d, branch=main, programmingLanguage=JAVA, projectType=PLAIN_GRADLE, scaEnabled=false, sequentialTestRunsEnabled=false, resultPaths=[/var/tmp/testing-dir/**/test-results/test/*.xml], timeoutSeconds=0, assignmentCheckoutPath=null, testCheckoutPath=null, solutionCheckoutPath=null, dockerRunConfig=null], submissionResult=ResultDTO[id=138, completionDate=2025-02-14T23:43:09.343306574Z[Etc/UTC], successful=false, score=0.0, rated=true, submission=SubmissionDTO[id=127, submitted=true, type=MANUAL, exampleSubmission=null, submissionDate=2025-02-14T23:43:09.343306574Z[Etc/UTC], commitHash=9b3a9bd71a0d80e5bbc42204c319ed3d1d4f0d6d, buildFailed=true, buildArtifact=false, participation=ParticipationDTO[id=485, testRun=false, type=programming, submissionCount=null, exercise=ParticipationExerciseDTO[id=306, exerciseType=PROGRAMMING, type=programming, assessmentType=AUTOMATIC, dueDate=2025-02-16T23:43:08.185273Z, assessmentDueDate=null, maxPoints=42.0, course=CourseDTO[id=155, accuracyOfScores=1]]], submissionExerciseType=programming, isProcessing=false, buildStartDate=null, estimatedCompletionDate=null], participation=ParticipationDTO[id=485, testRun=false, type=programming, submissionCount=null, exercise=ParticipationExerciseDTO[id=306, exerciseType=PROGRAMMING, type=programming, assessmentType=AUTOMATIC, dueDate=2025-02-16T23:43:08.185273Z, assessmentDueDate=null, maxPoints=42.0, course=CourseDTO[id=155, accuracyOfScores=1]]], feedbacks=[], assessmentType=AUTOMATIC, hasComplaint=null, exampleResult=null, testCaseCount=0, passedTestCaseCount=0, codeIssueCount=0]], BuildJobQueueItem[id=4881739576590204, name=SHORT80B5DD0E0D6B304EBB096E9020B949996A1CTSTEXC-LOCALCIINTSTUDENT1, buildAgent=BuildAgentDTO[name=artemis-build-agent-test, memberAddress=[127.0.0.1]:5703, displayName=artemis-build-agent-test], participationId=488, courseId=156, exerciseId=307, retryCount=0, priority=2, status=SUCCESSFUL, repositoryInfo=RepositoryInfo[repositoryName=short80b5dd0e0d6b304ebb096e9020b949996a1ctstexc-localciintstudent1, repositoryType=user, triggeredByPushTo=user, assignmentRepositoryUri=http://localhost:49152/git/SHORT80B5DD0E0D6B304EBB096E9020B949996A1CTSTEXC/short80b5dd0e0d6b304ebb096e9020b949996a1ctstexc-localciintstudent1.git, testRepositoryUri=http://localhost:49152/git/SHORT80B5DD0E0D6B304EBB096E9020B949996A1CTSTEXC/short80b5dd0e0d6b304ebb096e9020b949996a1ctstexc-tests.git, solutionRepositoryUri=null, auxiliaryRepositoryUris=[Ljava.lang.String;@20f7301d, auxiliaryRepositoryCheckoutDirectories=[Ljava.lang.String;@5e5b4dd7], jobTimingInfo=JobTimingInfo[submissionDate=2025-02-14T23:43:10.204264160Z[Etc/UTC], buildStartDate=2025-02-14T23:43:10.223149139Z[Etc/UTC], buildCompletionDate=2025-02-14T23:43:12.086509109Z[Etc/UTC], estimatedCompletionDate=2025-02-14T23:43:29.223142246Z[Etc/UTC], estimatedDuration=19], buildConfig=BuildConfig[buildScript=#!/bin/bash
cd /var/tmp/testing-dir
chmod +x ./gradlew
./gradlew clean test
, dockerImage=dummy-docker-image:latest, commitHashToBuild=b806a93102242552beed7c01b08b2769731814b3, assignmentCommitHash=b806a93102242552beed7c01b08b2769731814b3, testCommitHash=b806a93102242552beed7c01b08b2769731814b3, branch=main, programmingLanguage=JAVA, projectType=PLAIN_GRADLE, scaEnabled=false, sequentialTestRunsEnabled=false, resultPaths=[/var/tmp/testing-dir/**/test-results/test/*.xml], timeoutSeconds=0, assignmentCheckoutPath=null, testCheckoutPath=null, solutionCheckoutPath=null, dockerRunConfig=null], submissionResult=ResultDTO[id=139, completionDate=2025-02-14T23:43:12.066436124Z[Etc/UTC], successful=false, score=0.0, rated=true, submission=SubmissionDTO[id=128, submitted=true, type=MANUAL, exampleSubmission=null, submissionDate=2025-02-14T23:43:10.192407Z, commitHash=b806a93102242552beed7c01b08b2769731814b3, buildFailed=true, buildArtifact=false, participation=ParticipationDTO[id=488, testRun=false, type=programming, submissionCount=null, exercise=ParticipationExerciseDTO[id=307, exerciseType=PROGRAMMING, type=programming, assessmentType=AUTOMATIC, dueDate=2025-02-16T23:43:09.986646Z, assessmentDueDate=null, maxPoints=42.0, course=CourseDTO[id=156, accuracyOfScores=1]]], submissionExerciseType=programming, isProcessing=false, buildStartDate=null, estimatedCompletionDate=null], participation=ParticipationDTO[id=488, testRun=false, type=programming, submissionCount=null, exercise=ParticipationExerciseDTO[id=307, exerciseType=PROGRAMMING, type=programming, assessmentType=AUTOMATIC, dueDate=2025-02-16T23:43:09.986646Z, assessmentDueDate=null, maxPoints=42.0, course=CourseDTO[id=156, accuracyOfScores=1]]], feedbacks=[], assessmentType=AUTOMATIC, hasComplaint=null, exampleResult=null, testCaseCount=0, passedTestCaseCount=0, codeIssueCount=0]], BuildJobQueueItem[id=4911739576593817, name=SHORT585B2198089880462509B3007867E72DFB7ATSTEXC-LOCALCIINTSTUDENT1, buildAgent=BuildAgentDTO[name=artemis-build-agent-test, memberAddress=[127.0.0.1]:5703, displayName=artemis-build-agent-test], participationId=491, courseId=157, exerciseId=308, retryCount=0, priority=2, status=SUCCESSFUL, repositoryInfo=RepositoryInfo[repositoryName=short585b2198089880462509b3007867e72dfb7atstexc-localciintstudent1, repositoryType=user, triggeredByPushTo=user, assignmentRepositoryUri=http://localhost:49152/git/SHORT585B2198089880462509B3007867E72DFB7ATSTEXC/short585b2198089880462509b3007867e72dfb7atstexc-localciintstudent1.git, testRepositoryUri=http://localhost:49152/git/SHORT585B2198089880462509B3007867E72DFB7ATSTEXC/short585b2198089880462509b3007867e72dfb7atstexc-tests.git, solutionRepositoryUri=null, auxiliaryRepositoryUris=[Ljava.lang.String;@2c0e0a5c, auxiliaryRepositoryCheckoutDirectories=[Ljava.lang.String;@683d49d1], jobTimingInfo=JobTimingInfo[submissionDate=2025-02-14T23:43:13.817124706Z[Etc/UTC], buildStartDate=2025-02-14T23:43:13.834335931Z[Etc/UTC], buildCompletionDate=2025-02-14T23:43:15.746259139Z[Etc/UTC], estimatedCompletionDate=2025-02-14T23:43:32.834326082Z[Etc/UTC], estimatedDuration=19], buildConfig=BuildConfig[buildScript=#!/bin/bash
cd /var/tmp/testing-dir
chmod +x ./gradlew
./gradlew clean test
, dockerImage=dummy-docker-image:latest, commitHashToBuild=42077d078a5d5042fe2d4bd8299a990d342fce6e, assignmentCommitHash=42077d078a5d5042fe2d4bd8299a990d342fce6e, testCommitHash=42077d078a5d5042fe2d4bd8299a990d342fce6e, branch=main, programmingLanguage=JAVA, projectType=PLAIN_GRADLE, scaEnabled=false, sequentialTestRunsEnabled=false, resultPaths=[/var/tmp/testing-dir/**/test-results/test/*.xml], timeoutSeconds=0, assignmentCheckoutPath=null, testCheckoutPath=null, solutionCheckoutPath=null, dockerRunConfig=null], submissionResult=ResultDTO[id=140, completionDate=2025-02-14T23:43:15.725343914Z[Etc/UTC], successful=false, score=0.0, rated=true, submission=SubmissionDTO[id=129, submitted=true, type=MANUAL, exampleSubmission=null, submissionDate=2025-02-14T23:43:13.805401Z, commitHash=42077d078a5d5042fe2d4bd8299a990d342fce6e, buildFailed=false, buildArtifact=false, participation=ParticipationDTO[id=491, testRun=false, type=programming, submissionCount=null, exercise=ParticipationExerciseDTO[id=308, exerciseType=PROGRAMMING, type=programming, assessmentType=AUTOMATIC, dueDate=2025-02-16T23:43:13.569213Z, assessmentDueDate=null, maxPoints=42.0, course=CourseDTO[id=157, accuracyOfScores=1]]], submissionExerciseType=programming, isProcessing=false, buildStartDate=null, estimatedCompletionDate=null], participation=ParticipationDTO[id=491, testRun=false, type=programming, submissionCount=null, exercise=ParticipationExerciseDTO[id=308, exerciseType=PROGRAMMING, type=programming, assessmentType=AUTOMATIC, dueDate=2025-02-16T23:43:13.569213Z, assessmentDueDate=null, maxPoints=42.0, course=CourseDTO[id=157, accuracyOfScores=1]]], feedbacks=[FeedbackDTO[id=160, text=null, detailText=Deine Einreichung enthält keine Ausgabe. (67cac2), hasLongFeedbackText=false, reference=null, credits=0.0, positive=false, type=AUTOMATIC, visibility=ALWAYS, testCase=TestCaseDTO[testName=null, id=146]], FeedbackDTO[id=161, text=null, detailText=test `add` failed on ≥ 1 cases:
(0, 0)
Your submission raised an error Failure("TODO add"), hasLongFeedbackText=false, reference=null, credits=0.0, positive=false, type=AUTOMATIC, visibility=ALWAYS, testCase=TestCaseDTO[testName=null, id=149]], FeedbackDTO[id=162, text=null, detailText=test `filter` failed on ≥ 1 cases:
(even, [1; 2; 3; 4])
Your submission raised an error Failure("TODO filter"), hasLongFeedbackText=false, reference=null, credits=0.0, positive=false, type=AUTOMATIC, visibility=ALWAYS, testCase=TestCaseDTO[testName=null, id=148]], FeedbackDTO[id=163, text=null, detailText=Test was not executed., hasLongFeedbackText=false, reference=null, credits=0.0, positive=null, type=AUTOMATIC, visibility=null, testCase=TestCaseDTO[testName=null, id=137]], FeedbackDTO[id=164, text=null, detailText=Test was not executed., hasLongFeedbackText=false, reference=null, credits=0.0, positive=null, type=AUTOMATIC, visibility=null, testCase=TestCaseDTO[testName=null, id=138]], FeedbackDTO[id=165, text=null, detailText=Test was not executed., hasLongFeedbackText=false, reference=null, credits=0.0, positive=null, type=AUTOMATIC, visibility=null, testCase=TestCaseDTO[testName=null, id=139]], FeedbackDTO[id=166, text=null, detailText=Test was not executed., hasLongFeedbackText=false, reference=null, credits=0.0, positive=null, type=AUTOMATIC, visibility=null, testCase=TestCaseDTO[testName=null, id=140]], FeedbackDTO[id=167, text=null, detailText=Test was not executed., hasLongFeedbackText=false, reference=null, credits=0.0, positive=null, type=AUTOMATIC, visibility=null, testCase=TestCaseDTO[testName=null, id=141]], FeedbackDTO[id=168, text=null, detailText=Test was not executed., hasLongFeedbackText=false, reference=null, credits=0.0, positive=null, type=AUTOMATIC, visibility=null, testCase=TestCaseDTO[testName=null, id=142]], FeedbackDTO[id=169, text=null, detailText=Test was not executed., hasLongFeedbackText=false, reference=null, credits=0.0, positive=null, type=AUTOMATIC, visibility=null, testCase=TestCaseDTO[testName=null, id=143]], FeedbackDTO[id=170, text=null, detailText=Test was not executed., hasLongFeedbackText=false, reference=null, credits=0.0, positive=null, type=AUTOMATIC, visibility=null, testCase=TestCaseDTO[testName=null, id=144]], FeedbackDTO[id=171, text=null, detailText=Test was not executed., hasLongFeedbackText=false, reference=null, credits=0.0, positive=null, type=AUTOMATIC, visibility=null, testCase=TestCaseDTO[testName=null, id=145]], FeedbackDTO[id=172, text=null, detailText=Test was not executed., hasLongFeedbackText=false, reference=null, credits=0.0, positive=null, type=AUTOMATIC, visibility=null, testCase=TestCaseDTO[testName=null, id=147]]], assessmentType=AUTOMATIC, hasComplaint=null, exampleResult=null, testCaseCount=13, passedTestCaseCount=0, codeIssueCount=0]], BuildJobQueueItem[id=4941739576597286, name=SHORTFBCBD7BF0E6EB0451A080E80FCB407DC1F12TSTEXC-LOCALCIINTSTUDENT1, buildAgent=BuildAgentDTO[name=artemis-build-agent-test, memberAddress=[127.0.0.1]:5703, displayName=artemis-build-agent-test], participationId=494, courseId=158, exerciseId=309, retryCount=0, priority=2, status=SUCCESSFUL, repositoryInfo=RepositoryInfo[repositoryName=shortfbcbd7bf0e6eb0451a080e80fcb407dc1f12tstexc-localciintstudent1, repositoryType=user, triggeredByPushTo=user, assignmentRepositoryUri=http://localhost:49152/git/SHORTFBCBD7BF0E6EB0451A080E80FCB407DC1F12TSTEXC/shortfbcbd7bf0e6eb0451a080e80fcb407dc1f12tstexc-localciintstudent1.git, testRepositoryUri=http://localhost:49152/git/SHORTFBCBD7BF0E6EB0451A080E80FCB407DC1F12TSTEXC/shortfbcbd7bf0e6eb0451a080e80fcb407dc1f12tstexc-tests.git, solutionRepositoryUri=null, auxiliaryRepositoryUris=[Ljava.lang.String;@71d3eb13, auxiliaryRepositoryCheckoutDirectories=[Ljava.lang.String;@7562350b], jobTimingInfo=JobTimingInfo[submissionDate=2025-02-14T23:43:17.286977233Z[Etc/UTC], buildStartDate=2025-02-14T23:43:17.293977347Z[Etc/UTC], buildCompletionDate=2025-02-14T23:43:18.740990762Z[Etc/UTC], estimatedCompletionDate=2025-02-14T23:43:36.293970494Z[Etc/UTC], estimatedDuration=19], buildConfig=BuildConfig[buildScript=#!/bin/bash
cd /var/tmp/testing-dir
chmod +x ./gradlew
./gradlew clean test
, dockerImage=dummy-docker-image:latest, commitHashToBuild=4a1af7e8a64e6505c5fc09b9f81ea41af9fcff44, assignmentCommitHash=4a1af7e8a64e6505c5fc09b9f81ea41af9fcff44, testCommitHash=4a1af7e8a64e6505c5fc09b9f81ea41af9fcff44, branch=main, programmingLanguage=JAVA, projectType=PLAIN_GRADLE, scaEnabled=false, sequentialTestRunsEnabled=false, resultPaths=[/var/tmp/testing-dir/**/test-results/test/*.xml], timeoutSeconds=0, assignmentCheckoutPath=null, testCheckoutPath=null, solutionCheckoutPath=null, dockerRunConfig=null], submissionResult=ResultDTO[id=141, completionDate=2025-02-14T23:43:18.729015138Z[Etc/UTC], successful=false, score=0.0, rated=true, submission=SubmissionDTO[id=130, submitted=true, type=MANUAL, exampleSubmission=null, submissionDate=2025-02-14T23:43:17.272936Z, commitHash=4a1af7e8a64e6505c5fc09b9f81ea41af9fcff44, buildFailed=true, buildArtifact=false, participation=ParticipationDTO[id=494, testRun=false, type=programming, submissionCount=null, exercise=ParticipationExerciseDTO[id=309, exerciseType=PROGRAMMING, type=programming, assessmentType=AUTOMATIC, dueDate=2025-02-16T23:43:17.147218Z, assessmentDueDate=null, maxPoints=42.0, course=CourseDTO[id=158, accuracyOfScores=1]]], submissionExerciseType=programming, isProcessing=false, buildStartDate=null, estimatedCompletionDate=null], participation=ParticipationDTO[id=494, testRun=false, type=programming, submissionCount=null, exercise=ParticipationExerciseDTO[id=309, exerciseType=PROGRAMMING, type=programming, assessmentType=AUTOMATIC, dueDate=2025-02-16T23:43:17.147218Z, assessmentDueDate=null, maxPoints=42.0, course=CourseDTO[id=158, accuracyOfScores=1]]], feedbacks=[], assessmentType=AUTOMATIC, hasComplaint=null, exampleResult=null, testCaseCount=0, passedTestCaseCount=0, codeIssueCount=0]], BuildJobQueueItem[id=4971739576599269, name=SHORT52AD57270517204728083260501A19D262D1TSTEXC-LOCALCIINTSTUDENT1, buildAgent=BuildAgentDTO[name=artemis-build-agent-test, memberAddress=[127.0.0.1]:5703, displayName=artemis-build-agent-test], participationId=497, courseId=159, exerciseId=310, retryCount=0, priority=2, status=SUCCESSFUL, repositoryInfo=RepositoryInfo[repositoryName=short52ad57270517204728083260501a19d262d1tstexc-localciintstudent1, repositoryType=user, triggeredByPushTo=user, assignmentRepositoryUri=http://localhost:49152/git/SHORT52AD57270517204728083260501A19D262D1TSTEXC/short52ad57270517204728083260501a19d262d1tstexc-localciintstudent1.git, testRepositoryUri=http://localhost:49152/git/SHORT52AD57270517204728083260501A19D262D1TSTEXC/short52ad57270517204728083260501a19d262d1tstexc-tests.git, solutionRepositoryUri=null, auxiliaryRepositoryUris=[Ljava.lang.String;@29628d11, auxiliaryRepositoryCheckoutDirectories=[Ljava.lang.String;@2b933a2d], jobTimingInfo=JobTimingInfo[submissionDate=2025-02-14T23:43:19.269997499Z[Etc/UTC], buildStartDate=2025-02-14T23:43:19.277325895Z[Etc/UTC], buildCompletionDate=2025-02-14T23:43:20.497391524Z[Etc/UTC], estimatedCompletionDate=2025-02-14T23:43:38.277310787Z[Etc/UTC], estimatedDuration=19], buildConfig=BuildConfig[buildScript=#!/bin/bash
cd /var/tmp/testing-dir
chmod +x ./gradlew
./gradlew clean test
, dockerImage=dummy-docker-image:latest, commitHashToBuild=9f4f76247a188e9a0f3516a9fbd60e829d53fb05, assignmentCommitHash=9f4f76247a188e9a0f3516a9fbd60e829d53fb05, testCommitHash=9f4f76247a188e9a0f3516a9fbd60e829d53fb05, branch=main, programmingLanguage=JAVA, projectType=PLAIN_GRADLE, scaEnabled=false, sequentialTestRunsEnabled=false, resultPaths=[/var/tmp/testing-dir/**/test-results/test/*.xml], timeoutSeconds=0, assignmentCheckoutPath=null, testCheckoutPath=null, solutionCheckoutPath=null, dockerRunConfig=null], submissionResult=ResultDTO[id=142, completionDate=2025-02-14T23:43:20.484244187Z[Etc/UTC], successful=false, score=7.7, rated=true, submission=SubmissionDTO[id=131, submitted=true, type=MANUAL, exampleSubmission=null, submissionDate=2025-02-14T23:43:19.265464Z, commitHash=9f4f76247a188e9a0f3516a9fbd60e829d53fb05, buildFailed=false, buildArtifact=false, participation=ParticipationDTO[id=497, testRun=false, type=programming, submissionCount=null, exercise=ParticipationExerciseDTO[id=310, exerciseType=PROGRAMMING, type=programming, assessmentType=AUTOMATIC, dueDate=2025-02-16T23:43:19.182228Z, assessmentDueDate=null, maxPoints=42.0, course=CourseDTO[id=159, accuracyOfScores=1]]], submissionExerciseType=programming, isProcessing=false, buildStartDate=null, estimatedCompletionDate=null], participation=ParticipationDTO[id=497, testRun=false, type=programming, submissionCount=null, exercise=ParticipationExerciseDTO[id=310, exerciseType=PROGRAMMING, type=programming, assessmentType=AUTOMATIC, dueDate=2025-02-16T23:43:19.182228Z, assessmentDueDate=null, maxPoints=42.0, course=CourseDTO[id=159, accuracyOfScores=1]]], feedbacks=[FeedbackDTO[id=173, text=null, detailText=The exercise expects a class with the name Context in the package testpackage. You did not implement the class in the exercise., hasLongFeedbackText=false, reference=null, credits=0.0, positive=false, type=AUTOMATIC, visibility=ALWAYS, testCase=TestCaseDTO[testName=null, id=169]], FeedbackDTO[id=174, text=null, detailText=The exercise expects a class with the name Policy in the package testpackage. You did not implement the class in the exercise., hasLongFeedbackText=false, reference=null, credits=0.0, positive=false, type=AUTOMATIC, visibility=ALWAYS, testCase=TestCaseDTO[testName=null, id=170]], FeedbackDTO[id=175, text=null, detailText=The exercise expects a class with the name SortStrategy in the package testpackage. You did not implement the class in the exercise., hasLongFeedbackText=false, reference=null, credits=0.0, positive=false, type=AUTOMATIC, visibility=ALWAYS, testCase=TestCaseDTO[testName=null, id=171]], FeedbackDTO[id=176, text=null, detailText=The class 'MergeSort' does not implement the interface 'SortStrategy' as expected. Implement the interface and its methods., hasLongFeedbackText=false, reference=null, credits=0.0, positive=false, type=AUTOMATIC, visibility=ALWAYS, testCase=TestCaseDTO[testName=null, id=166]], FeedbackDTO[id=177, text=null, detailText=The exercise expects a class with the name SortStrategy in the package testpackage. You did not implement the class in the exercise., hasLongFeedbackText=false, reference=null, credits=0.0, positive=false, type=AUTOMATIC, visibility=ALWAYS, testCase=TestCaseDTO[testName=null, id=163]], FeedbackDTO[id=178, text=null, detailText=The class 'BubbleSort' does not implement the interface 'SortStrategy' as expected. Implement the interface and its methods., hasLongFeedbackText=false, reference=null, credits=0.0, positive=false, type=AUTOMATIC, visibility=ALWAYS, testCase=TestCaseDTO[testName=null, id=167]], FeedbackDTO[id=179, text=null, detailText=MergeSort does not sort correctly, hasLongFeedbackText=false, reference=null, credits=0.0, positive=false, type=AUTOMATIC, visibility=ALWAYS, testCase=TestCaseDTO[testName=null, id=172]], FeedbackDTO[id=180, text=null, detailText=The class 'Context' was not found within the submission. Make sure to implement it properly., hasLongFeedbackText=false, reference=null, credits=0.0, positive=false, type=AUTOMATIC, visibility=ALWAYS, testCase=TestCaseDTO[testName=null, id=173]], FeedbackDTO[id=181, text=null, detailText=The class 'Context' was not found within the submission. Make sure to implement it properly., hasLongFeedbackText=false, reference=null, credits=0.0, positive=false, type=AUTOMATIC, visibility=ALWAYS, testCase=TestCaseDTO[testName=null, id=174]], FeedbackDTO[id=182, text=null, detailText=The exercise expects a class with the name Policy in the package testpackage. You did not implement the class in the exercise., hasLongFeedbackText=false, reference=null, credits=0.0, positive=false, type=AUTOMATIC, visibility=ALWAYS, testCase=TestCaseDTO[testName=null, id=168]], FeedbackDTO[id=183, text=null, detailText=The exercise expects a class with the name Context in the package testpackage. You did not implement the class in the exercise., hasLongFeedbackText=false, reference=null, credits=0.0, positive=false, type=AUTOMATIC, visibility=ALWAYS, testCase=TestCaseDTO[testName=null, id=164]], FeedbackDTO[id=184, text=null, detailText=The exercise expects a class with the name Policy in the package testpackage. You did not implement the class in the exercise., hasLongFeedbackText=false, reference=null, credits=0.0, positive=false, type=AUTOMATIC, visibility=ALWAYS, testCase=TestCaseDTO[testName=null, id=165]], FeedbackDTO[id=185, text=null, detailText=null, hasLongFeedbackText=false, reference=null, credits=3.230769230769231, positive=true, type=AUTOMATIC, visibility=ALWAYS, testCase=TestCaseDTO[testName=null, id=175]]], assessmentType=AUTOMATIC, hasComplaint=null, exampleResult=null, testCaseCount=13, passedTestCaseCount=1, codeIssueCount=0]], BuildJobQueueItem[id=5001739576601035, name=SHORT582B1BDC0A17704D6D0A46800FC19163DA47TSTEXC-LOCALCIINTSTUDENT1, buildAgent=BuildAgentDTO[name=artemis-build-agent-test, memberAddress=[127.0.0.1]:5703, displayName=artemis-build-agent-test], participationId=500, courseId=160, exerciseId=311, retryCount=0, priority=2, status=SUCCESSFUL, repositoryInfo=RepositoryInfo[repositoryName=short582b1bdc0a17704d6d0a46800fc19163da47tstexc-localciintstudent1, repositoryType=user, triggeredByPushTo=user, assignmentRepositoryUri=http://localhost:49152/git/SHORT582B1BDC0A17704D6D0A46800FC19163DA47TSTEXC/short582b1bdc0a17704d6d0a46800fc19163da47tstexc-localciintstudent1.git, testRepositoryUri=http://localhost:49152/git/SHORT582B1BDC0A17704D6D0A46800FC19163DA47TSTEXC/short582b1bdc0a17704d6d0a46800fc19163da47tstexc-tests.git, solutionRepositoryUri=null, auxiliaryRepositoryUris=[Ljava.lang.String;@4576d73f, auxiliaryRepositoryCheckoutDirectories=[Ljava.lang.String;@21d868f7], jobTimingInfo=JobTimingInfo[submissionDate=2025-02-14T23:43:21.035120760Z[Etc/UTC], buildStartDate=2025-02-14T23:43:21.040320383Z[Etc/UTC], buildCompletionDate=2025-02-14T23:43:22.581236903Z[Etc/UTC], estimatedCompletionDate=2025-02-14T23:43:40.040312057Z[Etc/UTC], estimatedDuration=19], buildConfig=BuildConfig[buildScript=#!/bin/bash
cd /var/tmp/testing-dir
chmod +x ./gradlew
./gradlew clean test
, dockerImage=dummy-docker-image:latest, commitHashToBuild=887566cf754016f986627cf5c5c365dea16c907f, assignmentCommitHash=887566cf754016f986627cf5c5c365dea16c907f, testCommitHash=6af67146332066e7430917928a4b9b81c43b7c71, branch=main, programmingLanguage=JAVA, projectType=PLAIN_GRADLE, scaEnabled=false, sequentialTestRunsEnabled=false, resultPaths=[/var/tmp/testing-dir/**/test-results/test/*.xml], timeoutSeconds=0, assignmentCheckoutPath=customAssignmentPath, testCheckoutPath=null, solutionCheckoutPath=null, dockerRunConfig=null], submissionResult=ResultDTO[id=143, completionDate=2025-02-14T23:43:22.538158998Z[Etc/UTC], successful=false, score=7.7, rated=true, submission=SubmissionDTO[id=132, submitted=true, type=MANUAL, exampleSubmission=null, submissionDate=2025-02-14T23:43:21.028930Z, commitHash=887566cf754016f986627cf5c5c365dea16c907f, buildFailed=false, buildArtifact=false, participation=ParticipationDTO[id=500, testRun=false, type=programming, submissionCount=null, exercise=ParticipationExerciseDTO[id=311, exerciseType=PROGRAMMING, type=programming, assessmentType=AUTOMATIC, dueDate=2025-02-16T23:43:20.897280Z, assessmentDueDate=null, maxPoints=42.0, course=CourseDTO[id=160, accuracyOfScores=1]]], submissionExerciseType=programming, isProcessing=false, buildStartDate=null, estimatedCompletionDate=null], participation=ParticipationDTO[id=500, testRun=false, type=programming, submissionCount=null, exercise=ParticipationExerciseDTO[id=311, exerciseType=PROGRAMMING, type=programming, assessmentType=AUTOMATIC, dueDate=2025-02-16T23:43:20.897280Z, assessmentDueDate=null, maxPoints=42.0, course=CourseDTO[id=160, accuracyOfScores=1]]], feedbacks=[FeedbackDTO[id=186, text=null, detailText=The exercise expects a class with the name Context in the package testpackage. You did not implement the class in the exercise., hasLongFeedbackText=false, reference=null, credits=0.0, positive=false, type=AUTOMATIC, visibility=ALWAYS, testCase=TestCaseDTO[testName=null, id=182]], FeedbackDTO[id=187, text=null, detailText=The exercise expects a class with the name Policy in the package testpackage. You did not implement the class in the exercise., hasLongFeedbackText=false, reference=null, credits=0.0, positive=false, type=AUTOMATIC, visibility=ALWAYS, testCase=TestCaseDTO[testName=null, id=183]], FeedbackDTO[id=188, text=null, detailText=The exercise expects a class with the name SortStrategy in the package testpackage. You did not implement the class in the exercise., hasLongFeedbackText=false, reference=null, credits=0.0, positive=false, type=AUTOMATIC, visibility=ALWAYS, testCase=TestCaseDTO[testName=null, id=184]], FeedbackDTO[id=189, text=null, detailText=The class 'MergeSort' does not implement the interface 'SortStrategy' as expected. Implement the interface and its methods., hasLongFeedbackText=false, reference=null, credits=0.0, positive=false, type=AUTOMATIC, visibility=ALWAYS, testCase=TestCaseDTO[testName=null, id=179]], FeedbackDTO[id=190, text=null, detailText=The exercise expects a class with the name SortStrategy in the package testpackage. You did not implement the class in the exercise., hasLongFeedbackText=false, reference=null, credits=0.0, positive=false, type=AUTOMATIC, visibility=ALWAYS, testCase=TestCaseDTO[testName=null, id=176]], FeedbackDTO[id=191, text=null, detailText=The class 'BubbleSort' does not implement the interface 'SortStrategy' as expected. Implement the interface and its methods., hasLongFeedbackText=false, reference=null, credits=0.0, positive=false, type=AUTOMATIC, visibility=ALWAYS, testCase=TestCaseDTO[testName=null, id=180]], FeedbackDTO[id=192, text=null, detailText=MergeSort does not sort correctly, hasLongFeedbackText=false, reference=null, credits=0.0, positive=false, type=AUTOMATIC, visibility=ALWAYS, testCase=TestCaseDTO[testName=null, id=185]], FeedbackDTO[id=193, text=null, detailText=The class 'Context' was not found within the submission. Make sure to implement it properly., hasLongFeedbackText=false, reference=null, credits=0.0, positive=false, type=AUTOMATIC, visibility=ALWAYS, testCase=TestCaseDTO[testName=null, id=186]], FeedbackDTO[id=194, text=null, detailText=The class 'Context' was not found within the submission. Make sure to implement it properly., hasLongFeedbackText=false, reference=null, credits=0.0, positive=false, type=AUTOMATIC, visibility=ALWAYS, testCase=TestCaseDTO[testName=null, id=187]], FeedbackDTO[id=195, text=null, detailText=The exercise expects a class with the name Policy in the package testpackage. You did not implement the class in the exercise., hasLongFeedbackText=false, reference=null, credits=0.0, positive=false, type=AUTOMATIC, visibility=ALWAYS, testCase=TestCaseDTO[testName=null, id=181]], FeedbackDTO[id=196, text=null, detailText=The exercise expects a class with the name Context in the package testpackage. You did not implement the class in the exercise., hasLongFeedbackText=false, reference=null, credits=0.0, positive=false, type=AUTOMATIC, visibility=ALWAYS, testCase=TestCaseDTO[testName=null, id=177]], FeedbackDTO[id=197, text=null, detailText=The exercise expects a class with the name Policy in the package testpackage. You did not implement the class in the exercise., hasLongFeedbackText=false, reference=null, credits=0.0, positive=false, type=AUTOMATIC, visibility=ALWAYS, testCase=TestCaseDTO[testName=null, id=178]], FeedbackDTO[id=198, text=null, detailText=null, hasLongFeedbackText=false, reference=null, credits=3.230769230769231, positive=true, type=AUTOMATIC, visibility=ALWAYS, testCase=TestCaseDTO[testName=null, id=188]]], assessmentType=AUTOMATIC, hasComplaint=null, exampleResult=null, testCaseCount=13, passedTestCaseCount=1, codeIssueCount=0]]], publicSshKey=ssh-rsa AAAAB3NzaC1yc2EAAAADAQABAAACAQCOPdMsxRE2jFJ/UEa5/LsBxtwzJcrh3/rYBCQvcMeVpiRfhzQPWu7mrt/G2Ew+i+vRloGH9aqKg6dd1liRncao53Zmd/ePxoatXePNhmzTfkCkcSkTUz7B+QMjkoDDV5jwuFPD6mF3JkhuzSi64n9Zy905t4w2IhVcjM2mL3eYNjiCXt6Qpq3Pkt7dM/Ksw1nxnvuiIALuJLB3FTkXkHqq3PJav+9HSq2r6ZaWgekneaGxlQlb+U+Vy3XOuArKAzK8c8i+0bR+AHiTG6ncYXt7ax3U+TdlDTF7OLP3umwaYjs1NBXOHwG42pevvpKn2fqavZZozk+M05jXLx3bq0O7itxfErWc7etky8qYPyyIMF/txQIVLd78+Ze4d7Y60t5MGbXM5cGE6fFif5fEJwgswXD+BrG0cafz1CTatjSKFdvp8Vp4VszXhHDan1PrP6JEFJ5Cc5GDmLRZPCFa3vL9f5qXgf4bkqKN8MYeEujwJE5nMRWoiJVNakix2bcrrneQMBlnYeYZVWXXXUusAQBzl4NgddC1umZpihZkL1b1MffZAUW3EGEXi7KHnllQhkTLLsQ8ntMgbylqaJKStqaXlLvdeRJcEnUuiFCrHEVVbXRFZR7XVDZ02CE5o3MuaRPty8Kh+jRTF3COlAckHwYEJCNNJvXFgb2CNXL4mjzYDw== test@localhost]

  Starting logs for AnswerMessageIntegrationTest > testEditAnswerPostWithIdIsNull_badRequest()
    23:43:24.881 | 566 localvc.event-13 | DEBUG | s.l.LocalCIWebsocketMessagingService : Sending message on topic /topic/admin/build-agents: [BuildAgentInformation[buildAgent=BuildAgentDTO[name=artemis-build-agent-test, memberAddress=[127.0.0.1]:5703, displayName=artemis-build-agent-test], maxNumberOfConcurrentBuildJobs=1, numberOfCurrentBuildJobs=1, runningBuildJobs=[BuildJobQueueItem[id=5031739576604847, name=SHORT00FA1A240403404C7E097D7007C591BE2AB1TSTEXC-LOCALCIINTSTUDENT1, buildAgent=BuildAgentDTO[name=artemis-build-agent-test, memberAddress=[127.0.0.1]:5703, displayName=artemis-build-agent-test], participationId=503, courseId=161, exerciseId=312, retryCount=0, priority=2, status=null, repositoryInfo=RepositoryInfo[repositoryName=short00fa1a240403404c7e097d7007c591be2ab1tstexc-localciintstudent1, repositoryType=user, triggeredByPushTo=user, assignmentRepositoryUri=, testRepositoryUri=, solutionRepositoryUri=, auxiliaryRepositoryUris=null, auxiliaryRepositoryCheckoutDirectories=null], jobTimingInfo=JobTimingInfo[submissionDate=2025-02-14T23:43:24.847396156Z[Etc/UTC], buildStartDate=2025-02-14T23:43:24.860457211Z[Etc/UTC], buildCompletionDate=null, estimatedCompletionDate=2025-02-14T23:43:46.860451490Z[Etc/UTC], estimatedDuration=22], buildConfig=BuildConfig[buildScript=, dockerImage=, commitHashToBuild=9690714a509af0a98c6790a7e52ee3574c7ef689, assignmentCommitHash=, testCommitHash=, branch=, programmingLanguage=null, projectType=null, scaEnabled=false, sequentialTestRunsEnabled=false, resultPaths=null, timeoutSeconds=0, assignmentCheckoutPath=, testCheckoutPath=, solutionCheckoutPath=, dockerRunConfig=null], submissionResult=null]], status=ACTIVE, recentBuildJobs=null, publicSshKey=null]]
    23:43:24.883 | 566 localvc.event-13 | DEBUG | s.l.LocalCIWebsocketMessagingService : Sending message on topic /topic/admin/build-agent/artemis-build-agent-test: BuildAgentInformation[buildAgent=BuildAgentDTO[name=artemis-build-agent-test, memberAddress=[127.0.0.1]:5703, displayName=artemis-build-agent-test], maxNumberOfConcurrentBuildJobs=1, numberOfCurrentBuildJobs=1, runningBuildJobs=[BuildJobQueueItem[id=5031739576604847, name=SHORT00FA1A240403404C7E097D7007C591BE2AB1TSTEXC-LOCALCIINTSTUDENT1, buildAgent=BuildAgentDTO[name=artemis-build-agent-test, memberAddress=[127.0.0.1]:5703, displayName=artemis-build-agent-test], participationId=503, courseId=161, exerciseId=312, retryCount=0, priority=2, status=null, repositoryInfo=RepositoryInfo[repositoryName=short00fa1a240403404c7e097d7007c591be2ab1tstexc-localciintstudent1, repositoryType=user, triggeredByPushTo=user, assignmentRepositoryUri=http://localhost:49152/git/SHORT00FA1A240403404C7E097D7007C591BE2AB1TSTEXC/short00fa1a240403404c7e097d7007c591be2ab1tstexc-localciintstudent1.git, testRepositoryUri=http://localhost:49152/git/SHORT00FA1A240403404C7E097D7007C591BE2AB1TSTEXC/short00fa1a240403404c7e097d7007c591be2ab1tstexc-tests.git, solutionRepositoryUri=null, auxiliaryRepositoryUris=[Ljava.lang.String;@5d2385f9, auxiliaryRepositoryCheckoutDirectories=[Ljava.lang.String;@3fded17a], jobTimingInfo=JobTimingInfo[submissionDate=2025-02-14T23:43:24.847396156Z[Etc/UTC], buildStartDate=2025-02-14T23:43:24.860457211Z[Etc/UTC], buildCompletionDate=null, estimatedCompletionDate=2025-02-14T23:43:46.860451490Z[Etc/UTC], estimatedDuration=22], buildConfig=BuildConfig[buildScript=#!/bin/bash
cd /var/tmp/testing-dir
chmod +x ./gradlew
./gradlew clean test
, dockerImage=dummy-docker-image:latest, commitHashToBuild=9690714a509af0a98c6790a7e52ee3574c7ef689, assignmentCommitHash=9690714a509af0a98c6790a7e52ee3574c7ef689, testCommitHash=9690714a509af0a98c6790a7e52ee3574c7ef689, branch=main, programmingLanguage=JAVA, projectType=PLAIN_GRADLE, scaEnabled=false, sequentialTestRunsEnabled=false, resultPaths=[/var/tmp/testing-dir/**/test-results/test/*.xml], timeoutSeconds=0, assignmentCheckoutPath=null, testCheckoutPath=null, solutionCheckoutPath=null, dockerRunConfig=null], submissionResult=null]], status=ACTIVE, recentBuildJobs=[BuildJobQueueItem[id=4621739576562326, name=SHORT43ACF76B02BC1044B80938509D14043FABDETSTEXC-LOCALCIINTSTUDENT1, buildAgent=BuildAgentDTO[name=artemis-build-agent-test, memberAddress=[127.0.0.1]:5703, displayName=artemis-build-agent-test], participationId=462, courseId=147, exerciseId=298, retryCount=0, priority=2, status=SUCCESSFUL, repositoryInfo=RepositoryInfo[repositoryName=short43acf76b02bc1044b80938509d14043fabdetstexc-localciintstudent1, repositoryType=user, triggeredByPushTo=user, assignmentRepositoryUri=http://localhost:49152/git/SHORT43ACF76B02BC1044B80938509D14043FABDETSTEXC/short43acf76b02bc1044b80938509d14043fabdetstexc-localciintstudent1.git, testRepositoryUri=http://localhost:49152/git/SHORT43ACF76B02BC1044B80938509D14043FABDETSTEXC/short43acf76b02bc1044b80938509d14043fabdetstexc-tests.git, solutionRepositoryUri=null, auxiliaryRepositoryUris=[Ljava.lang.String;@584804ea, auxiliaryRepositoryCheckoutDirectories=[Ljava.lang.String;@d03b179], jobTimingInfo=JobTimingInfo[submissionDate=2025-02-14T23:42:42.326978596Z[Etc/UTC], buildStartDate=2025-02-14T23:42:42.420147010Z[Etc/UTC], buildCompletionDate=2025-02-14T23:42:45.573855829Z[Etc/UTC], estimatedCompletionDate=2025-02-14T23:43:01.420129377Z[Etc/UTC], estimatedDuration=19], buildConfig=BuildConfig[buildScript=#!/bin/bash
cd /var/tmp/testing-dir
chmod +x ./gradlew
./gradlew clean test
, dockerImage=dummy-docker-image:latest, commitHashToBuild=a9c717ccf7bcbe9531d3eee21dbaeb5aab2ff971, assignmentCommitHash=a9c717ccf7bcbe9531d3eee21dbaeb5aab2ff971, testCommitHash=a9c717ccf7bcbe9531d3eee21dbaeb5aab2ff971, branch=main, programmingLanguage=JAVA, projectType=PLAIN_GRADLE, scaEnabled=false, sequentialTestRunsEnabled=false, resultPaths=[/var/tmp/testing-dir/**/test-results/test/*.xml], timeoutSeconds=0, assignmentCheckoutPath=null, testCheckoutPath=null, solutionCheckoutPath=null, dockerRunConfig=DockerRunConfig[isNetworkDisabled=true, env=[key=value]]], submissionResult=ResultDTO[id=132, completionDate=2025-02-14T23:42:45.519869118Z[Etc/UTC], successful=false, score=7.7, rated=true, submission=SubmissionDTO[id=119, submitted=true, type=MANUAL, exampleSubmission=null, submissionDate=2025-02-14T23:42:42.302762Z, commitHash=a9c717ccf7bcbe9531d3eee21dbaeb5aab2ff971, buildFailed=false, buildArtifact=false, participation=ParticipationDTO[id=462, testRun=false, type=programming, submissionCount=null, exercise=ParticipationExerciseDTO[id=298, exerciseType=PROGRAMMING, type=programming, assessmentType=AUTOMATIC, dueDate=2025-02-16T23:42:41.553955Z, assessmentDueDate=null, maxPoints=42.0, course=CourseDTO[id=147, accuracyOfScores=1]]], submissionExerciseType=programming, isProcessing=false, buildStartDate=null, estimatedCompletionDate=null], participation=ParticipationDTO[id=462, testRun=false, type=programming, submissionCount=null, exercise=ParticipationExerciseDTO[id=298, exerciseType=PROGRAMMING, type=programming, assessmentType=AUTOMATIC, dueDate=2025-02-16T23:42:41.553955Z, assessmentDueDate=null, maxPoints=42.0, course=CourseDTO[id=147, accuracyOfScores=1]]], feedbacks=[FeedbackDTO[id=67, text=null, detailText=The exercise expects a class with the name Context in the package testpackage. You did not implement the class in the exercise., hasLongFeedbackText=false, reference=null, credits=0.0, positive=false, type=AUTOMATIC, visibility=ALWAYS, testCase=TestCaseDTO[testName=null, id=13]], FeedbackDTO[id=68, text=null, detailText=The exercise expects a class with the name Policy in the package testpackage. You did not implement the class in the exercise., hasLongFeedbackText=false, reference=null, credits=0.0, positive=false, type=AUTOMATIC, visibility=ALWAYS, testCase=TestCaseDTO[testName=null, id=14]], FeedbackDTO[id=69, text=null, detailText=The exercise expects a class with the name SortStrategy in the package testpackage. You did not implement the class in the exercise., hasLongFeedbackText=false, reference=null, credits=0.0, positive=false, type=AUTOMATIC, visibility=ALWAYS, testCase=TestCaseDTO[testName=null, id=15]], FeedbackDTO[id=70, text=null, detailText=The class 'MergeSort' does not implement the interface 'SortStrategy' as expected. Implement the interface and its methods., hasLongFeedbackText=false, reference=null, credits=0.0, positive=false, type=AUTOMATIC, visibility=ALWAYS, testCase=TestCaseDTO[testName=null, id=10]], FeedbackDTO[id=71, text=null, detailText=The exercise expects a class with the name SortStrategy in the package testpackage. You did not implement the class in the exercise., hasLongFeedbackText=false, reference=null, credits=0.0, positive=false, type=AUTOMATIC, visibility=ALWAYS, testCase=TestCaseDTO[testName=null, id=7]], FeedbackDTO[id=72, text=null, detailText=The class 'BubbleSort' does not implement the interface 'SortStrategy' as expected. Implement the interface and its methods., hasLongFeedbackText=false, reference=null, credits=0.0, positive=false, type=AUTOMATIC, visibility=ALWAYS, testCase=TestCaseDTO[testName=null, id=11]], FeedbackDTO[id=73, text=null, detailText=MergeSort does not sort correctly, hasLongFeedbackText=false, reference=null, credits=0.0, positive=false, type=AUTOMATIC, visibility=ALWAYS, testCase=TestCaseDTO[testName=null, id=16]], FeedbackDTO[id=74, text=null, detailText=The class 'Context' was not found within the submission. Make sure to implement it properly., hasLongFeedbackText=false, reference=null, credits=0.0, positive=false, type=AUTOMATIC, visibility=ALWAYS, testCase=TestCaseDTO[testName=null, id=17]], FeedbackDTO[id=75, text=null, detailText=The class 'Context' was not found within the submission. Make sure to implement it properly., hasLongFeedbackText=false, reference=null, credits=0.0, positive=false, type=AUTOMATIC, visibility=ALWAYS, testCase=TestCaseDTO[testName=null, id=18]], FeedbackDTO[id=76, text=null, detailText=The exercise expects a class with the name Policy in the package testpackage. You did not implement the class in the exercise., hasLongFeedbackText=false, reference=null, credits=0.0, positive=false, type=AUTOMATIC, visibility=ALWAYS, testCase=TestCaseDTO[testName=null, id=12]], FeedbackDTO[id=77, text=null, detailText=The exercise expects a class with the name Context in the package testpackage. You did not implement the class in the exercise., hasLongFeedbackText=false, reference=null, credits=0.0, positive=false, type=AUTOMATIC, visibility=ALWAYS, testCase=TestCaseDTO[testName=null, id=8]], FeedbackDTO[id=78, text=null, detailText=The exercise expects a class with the name Policy in the package testpackage. You did not implement the class in the exercise., hasLongFeedbackText=false, reference=null, credits=0.0, positive=false, type=AUTOMATIC, visibility=ALWAYS, testCase=TestCaseDTO[testName=null, id=9]], FeedbackDTO[id=79, text=null, detailText=null, hasLongFeedbackText=false, reference=null, credits=3.230769230769231, positive=true, type=AUTOMATIC, visibility=ALWAYS, testCase=TestCaseDTO[testName=null, id=19]]], assessmentType=AUTOMATIC, hasComplaint=null, exampleResult=null, testCaseCount=13, passedTestCaseCount=1, codeIssueCount=0]], BuildJobQueueItem[id=4651739576569330, name=SHORTB06DD3F905F4604F6E085260D83ED657A6DFTSTEXC-LOCALCIINTSTUDENT1, buildAgent=BuildAgentDTO[name=artemis-build-agent-test, memberAddress=[127.0.0.1]:5703, displayName=artemis-build-agent-test], participationId=465, courseId=148, exerciseId=299, retryCount=0, priority=2, status=SUCCESSFUL, repositoryInfo=RepositoryInfo[repositoryName=shortb06dd3f905f4604f6e085260d83ed657a6dftstexc-localciintstudent1, repositoryType=user, triggeredByPushTo=user, assignmentRepositoryUri=http://localhost:49152/git/SHORTB06DD3F905F4604F6E085260D83ED657A6DFTSTEXC/shortb06dd3f905f4604f6e085260d83ed657a6dftstexc-localciintstudent1.git, testRepositoryUri=http://localhost:49152/git/SHORTB06DD3F905F4604F6E085260D83ED657A6DFTSTEXC/shortb06dd3f905f4604f6e085260d83ed657a6dftstexc-tests.git, solutionRepositoryUri=null, auxiliaryRepositoryUris=[Ljava.lang.String;@4ccef16d, auxiliaryRepositoryCheckoutDirectories=[Ljava.lang.String;@5d2bc8f], jobTimingInfo=JobTimingInfo[submissionDate=2025-02-14T23:42:49.330093960Z[Etc/UTC], buildStartDate=2025-02-14T23:42:49.347797345Z[Etc/UTC], buildCompletionDate=2025-02-14T23:42:51.204319751Z[Etc/UTC], estimatedCompletionDate=2025-02-14T23:43:08.347788449Z[Etc/UTC], estimatedDuration=19], buildConfig=BuildConfig[buildScript=#!/bin/bash
cd /var/tmp/testing-dir
chmod +x ./gradlew
./gradlew clean test
, dockerImage=dummy-docker-image:latest, commitHashToBuild=41581fff25954d36cf07586926ee0c77d1003131, assignmentCommitHash=41581fff25954d36cf07586926ee0c77d1003131, testCommitHash=41581fff25954d36cf07586926ee0c77d1003131, branch=main, programmingLanguage=JAVA, projectType=PLAIN_GRADLE, scaEnabled=false, sequentialTestRunsEnabled=false, resultPaths=[/var/tmp/testing-dir/**/test-results/test/*.xml], timeoutSeconds=0, assignmentCheckoutPath=null, testCheckoutPath=null, solutionCheckoutPath=null, dockerRunConfig=null], submissionResult=ResultDTO[id=133, completionDate=2025-02-14T23:42:51.155372920Z[Etc/UTC], successful=false, score=7.7, rated=true, submission=SubmissionDTO[id=120, submitted=true, type=MANUAL, exampleSubmission=null, submissionDate=2025-02-14T23:42:49.321855Z, commitHash=41581fff25954d36cf07586926ee0c77d1003131, buildFailed=false, buildArtifact=false, participation=ParticipationDTO[id=465, testRun=false, type=programming, submissionCount=null, exercise=ParticipationExerciseDTO[id=299, exerciseType=PROGRAMMING, type=programming, assessmentType=AUTOMATIC, dueDate=2025-02-16T23:42:49.163661Z, assessmentDueDate=null, maxPoints=42.0, course=CourseDTO[id=148, accuracyOfScores=1]]], submissionExerciseType=programming, isProcessing=false, buildStartDate=null, estimatedCompletionDate=null], participation=ParticipationDTO[id=465, testRun=false, type=programming, submissionCount=null, exercise=ParticipationExerciseDTO[id=299, exerciseType=PROGRAMMING, type=programming, assessmentType=AUTOMATIC, dueDate=2025-02-16T23:42:49.163661Z, assessmentDueDate=null, maxPoints=42.0, course=CourseDTO[id=148, accuracyOfScores=1]]], feedbacks=[FeedbackDTO[id=80, text=null, detailText=The exercise expects a class with the name Context in the package testpackage. You did not implement the class in the exercise., hasLongFeedbackText=false, reference=null, credits=0.0, positive=false, type=AUTOMATIC, visibility=ALWAYS, testCase=TestCaseDTO[testName=null, id=26]], FeedbackDTO[id=81, text=null, detailText=The exercise expects a class with the name Policy in the package testpackage. You did not implement the class in the exercise., hasLongFeedbackText=false, reference=null, credits=0.0, positive=false, type=AUTOMATIC, visibility=ALWAYS, testCase=TestCaseDTO[testName=null, id=27]], FeedbackDTO[id=82, text=null, detailText=The exercise expects a class with the name SortStrategy in the package testpackage. You did not implement the class in the exercise., hasLongFeedbackText=false, reference=null, credits=0.0, positive=false, type=AUTOMATIC, visibility=ALWAYS, testCase=TestCaseDTO[testName=null, id=28]], FeedbackDTO[id=83, text=null, detailText=The class 'MergeSort' does not implement the interface 'SortStrategy' as expected. Implement the interface and its methods., hasLongFeedbackText=false, reference=null, credits=0.0, positive=false, type=AUTOMATIC, visibility=ALWAYS, testCase=TestCaseDTO[testName=null, id=23]], FeedbackDTO[id=84, text=null, detailText=The exercise expects a class with the name SortStrategy in the package testpackage. You did not implement the class in the exercise., hasLongFeedbackText=false, reference=null, credits=0.0, positive=false, type=AUTOMATIC, visibility=ALWAYS, testCase=TestCaseDTO[testName=null, id=20]], FeedbackDTO[id=85, text=null, detailText=The class 'BubbleSort' does not implement the interface 'SortStrategy' as expected. Implement the interface and its methods., hasLongFeedbackText=false, reference=null, credits=0.0, positive=false, type=AUTOMATIC, visibility=ALWAYS, testCase=TestCaseDTO[testName=null, id=24]], FeedbackDTO[id=86, text=null, detailText=MergeSort does not sort correctly, hasLongFeedbackText=false, reference=null, credits=0.0, positive=false, type=AUTOMATIC, visibility=ALWAYS, testCase=TestCaseDTO[testName=null, id=29]], FeedbackDTO[id=87, text=null, detailText=The class 'Context' was not found within the submission. Make sure to implement it properly., hasLongFeedbackText=false, reference=null, credits=0.0, positive=false, type=AUTOMATIC, visibility=ALWAYS, testCase=TestCaseDTO[testName=null, id=30]], FeedbackDTO[id=88, text=null, detailText=The class 'Context' was not found within the submission. Make sure to implement it properly., hasLongFeedbackText=false, reference=null, credits=0.0, positive=false, type=AUTOMATIC, visibility=ALWAYS, testCase=TestCaseDTO[testName=null, id=31]], FeedbackDTO[id=89, text=null, detailText=The exercise expects a class with the name Policy in the package testpackage. You did not implement the class in the exercise., hasLongFeedbackText=false, reference=null, credits=0.0, positive=false, type=AUTOMATIC, visibility=ALWAYS, testCase=TestCaseDTO[testName=null, id=25]], FeedbackDTO[id=90, text=null, detailText=The exercise expects a class with the name Context in the package testpackage. You did not implement the class in the exercise., hasLongFeedbackText=false, reference=null, credits=0.0, positive=false, type=AUTOMATIC, visibility=ALWAYS, testCase=TestCaseDTO[testName=null, id=21]], FeedbackDTO[id=91, text=null, detailText=The exercise expects a class with the name Policy in the package testpackage. You did not implement the class in the exercise., hasLongFeedbackText=false, reference=null, credits=0.0, positive=false, type=AUTOMATIC, visibility=ALWAYS, testCase=TestCaseDTO[testName=null, id=22]], FeedbackDTO[id=92, text=null, detailText=null, hasLongFeedbackText=false, reference=null, credits=3.230769230769231, positive=true, type=AUTOMATIC, visibility=ALWAYS, testCase=TestCaseDTO[testName=null, id=32]]], assessmentType=AUTOMATIC, hasComplaint=null, exampleResult=null, testCaseCount=13, passedTestCaseCount=1, codeIssueCount=0]], BuildJobQueueItem[id=4681739576573068, name=SHORTBCF65534040390488B0A46605F5F3776B89ATSTEXC-LOCALCIINTSTUDENT1, buildAgent=BuildAgentDTO[name=artemis-build-agent-test, memberAddress=[127.0.0.1]:5703, displayName=artemis-build-agent-test], participationId=468, courseId=149, exerciseId=300, retryCount=0, priority=2, status=SUCCESSFUL, repositoryInfo=RepositoryInfo[repositoryName=shortbcf65534040390488b0a46605f5f3776b89atstexc-localciintstudent1, repositoryType=user, triggeredByPushTo=user, assignmentRepositoryUri=http://localhost:49152/git/SHORTBCF65534040390488B0A46605F5F3776B89ATSTEXC/shortbcf65534040390488b0a46605f5f3776b89atstexc-localciintstudent1.git, testRepositoryUri=http://localhost:49152/git/SHORTBCF65534040390488B0A46605F5F3776B89ATSTEXC/shortbcf65534040390488b0a46605f5f3776b89atstexc-tests.git, solutionRepositoryUri=null, auxiliaryRepositoryUris=[Ljava.lang.String;@1da5978b, auxiliaryRepositoryCheckoutDirectories=[Ljava.lang.String;@d3d753f], jobTimingInfo=JobTimingInfo[submissionDate=2025-02-14T23:42:53.068019209Z[Etc/UTC], buildStartDate=2025-02-14T23:42:53.092867394Z[Etc/UTC], buildCompletionDate=2025-02-14T23:42:55.086950323Z[Etc/UTC], estimatedCompletionDate=2025-02-14T23:43:12.092858828Z[Etc/UTC], estimatedDuration=19], buildConfig=BuildConfig[buildScript=#!/bin/bash
cd /var/tmp/testing-dir
chmod +x ./gradlew
./gradlew clean test
, dockerImage=dummy-docker-image:latest, commitHashToBuild=2d5c0482fc77d3f5ec0841962528a43054e83170, assignmentCommitHash=2d5c0482fc77d3f5ec0841962528a43054e83170, testCommitHash=7477e25d56ce5fee2c938542a7e7ed4ed085d373, branch=main, programmingLanguage=JAVA, projectType=PLAIN_GRADLE, scaEnabled=false, sequentialTestRunsEnabled=false, resultPaths=[/var/tmp/testing-dir/**/test-results/test/*.xml], timeoutSeconds=0, assignmentCheckoutPath=null, testCheckoutPath=null, solutionCheckoutPath=null, dockerRunConfig=null], submissionResult=ResultDTO[id=134, completionDate=2025-02-14T23:42:55.059618627Z[Etc/UTC], successful=false, score=7.7, rated=true, submission=SubmissionDTO[id=121, submitted=true, type=MANUAL, exampleSubmission=null, submissionDate=2025-02-14T23:42:53.048221Z, commitHash=2d5c0482fc77d3f5ec0841962528a43054e83170, buildFailed=false, buildArtifact=false, participation=ParticipationDTO[id=468, testRun=false, type=programming, submissionCount=null, exercise=ParticipationExerciseDTO[id=300, exerciseType=PROGRAMMING, type=programming, assessmentType=AUTOMATIC, dueDate=2025-02-16T23:42:52.873722Z, assessmentDueDate=null, maxPoints=42.0, course=CourseDTO[id=149, accuracyOfScores=1]]], submissionExerciseType=programming, isProcessing=false, buildStartDate=null, estimatedCompletionDate=null], participation=ParticipationDTO[id=468, testRun=false, type=programming, submissionCount=null, exercise=ParticipationExerciseDTO[id=300, exerciseType=PROGRAMMING, type=programming, assessmentType=AUTOMATIC, dueDate=2025-02-16T23:42:52.873722Z, assessmentDueDate=null, maxPoints=42.0, course=CourseDTO[id=149, accuracyOfScores=1]]], feedbacks=[FeedbackDTO[id=93, text=null, detailText=The exercise expects a class with the name Context in the package testpackage. You did not implement the class in the exercise., hasLongFeedbackText=false, reference=null, credits=0.0, positive=false, type=AUTOMATIC, visibility=ALWAYS, testCase=TestCaseDTO[testName=null, id=39]], FeedbackDTO[id=94, text=null, detailText=The exercise expects a class with the name Policy in the package testpackage. You did not implement the class in the exercise., hasLongFeedbackText=false, reference=null, credits=0.0, positive=false, type=AUTOMATIC, visibility=ALWAYS, testCase=TestCaseDTO[testName=null, id=40]], FeedbackDTO[id=95, text=null, detailText=The exercise expects a class with the name SortStrategy in the package testpackage. You did not implement the class in the exercise., hasLongFeedbackText=false, reference=null, credits=0.0, positive=false, type=AUTOMATIC, visibility=ALWAYS, testCase=TestCaseDTO[testName=null, id=41]], FeedbackDTO[id=96, text=null, detailText=The class 'MergeSort' does not implement the interface 'SortStrategy' as expected. Implement the interface and its methods., hasLongFeedbackText=false, reference=null, credits=0.0, positive=false, type=AUTOMATIC, visibility=ALWAYS, testCase=TestCaseDTO[testName=null, id=36]], FeedbackDTO[id=97, text=null, detailText=The exercise expects a class with the name SortStrategy in the package testpackage. You did not implement the class in the exercise., hasLongFeedbackText=false, reference=null, credits=0.0, positive=false, type=AUTOMATIC, visibility=ALWAYS, testCase=TestCaseDTO[testName=null, id=33]], FeedbackDTO[id=98, text=null, detailText=The class 'BubbleSort' does not implement the interface 'SortStrategy' as expected. Implement the interface and its methods., hasLongFeedbackText=false, reference=null, credits=0.0, positive=false, type=AUTOMATIC, visibility=ALWAYS, testCase=TestCaseDTO[testName=null, id=37]], FeedbackDTO[id=99, text=null, detailText=MergeSort does not sort correctly, hasLongFeedbackText=false, reference=null, credits=0.0, positive=false, type=AUTOMATIC, visibility=ALWAYS, testCase=TestCaseDTO[testName=null, id=42]], FeedbackDTO[id=100, text=null, detailText=The class 'Context' was not found within the submission. Make sure to implement it properly., hasLongFeedbackText=false, reference=null, credits=0.0, positive=false, type=AUTOMATIC, visibility=ALWAYS, testCase=TestCaseDTO[testName=null, id=43]], FeedbackDTO[id=101, text=null, detailText=The class 'Context' was not found within the submission. Make sure to implement it properly., hasLongFeedbackText=false, reference=null, credits=0.0, positive=false, type=AUTOMATIC, visibility=ALWAYS, testCase=TestCaseDTO[testName=null, id=44]], FeedbackDTO[id=102, text=null, detailText=The exercise expects a class with the name Policy in the package testpackage. You did not implement the class in the exercise., hasLongFeedbackText=false, reference=null, credits=0.0, positive=false, type=AUTOMATIC, visibility=ALWAYS, testCase=TestCaseDTO[testName=null, id=38]], FeedbackDTO[id=103, text=null, detailText=The exercise expects a class with the name Context in the package testpackage. You did not implement the class in the exercise., hasLongFeedbackText=false, reference=null, credits=0.0, positive=false, type=AUTOMATIC, visibility=ALWAYS, testCase=TestCaseDTO[testName=null, id=34]], FeedbackDTO[id=104, text=null, detailText=The exercise expects a class with the name Policy in the package testpackage. You did not implement the class in the exercise., hasLongFeedbackText=false, reference=null, credits=0.0, positive=false, type=AUTOMATIC, visibility=ALWAYS, testCase=TestCaseDTO[testName=null, id=35]], FeedbackDTO[id=105, text=null, detailText=null, hasLongFeedbackText=false, reference=null, credits=3.230769230769231, positive=true, type=AUTOMATIC, visibility=ALWAYS, testCase=TestCaseDTO[testName=null, id=45]]], assessmentType=AUTOMATIC, hasComplaint=null, exampleResult=null, testCaseCount=13, passedTestCaseCount=1, codeIssueCount=0]], BuildJobQueueItem[id=4741739576577297, name=SHORT88A9A223023E2047B709E4A029FA08BCF2CFTSTEXC-LOCALCIINTSTUDENT1, buildAgent=BuildAgentDTO[name=artemis-build-agent-test, memberAddress=[127.0.0.1]:5703, displayName=artemis-build-agent-test], participationId=474, courseId=151, exerciseId=302, retryCount=0, priority=2, status=SUCCESSFUL, repositoryInfo=RepositoryInfo[repositoryName=short88a9a223023e2047b709e4a029fa08bcf2cftstexc-localciintstudent1, repositoryType=user, triggeredByPushTo=user, assignmentRepositoryUri=http://localhost:49152/git/SHORT88A9A223023E2047B709E4A029FA08BCF2CFTSTEXC/short88a9a223023e2047b709e4a029fa08bcf2cftstexc-localciintstudent1.git, testRepositoryUri=http://localhost:49152/git/SHORT88A9A223023E2047B709E4A029FA08BCF2CFTSTEXC/short88a9a223023e2047b709e4a029fa08bcf2cftstexc-tests.git, solutionRepositoryUri=null, auxiliaryRepositoryUris=[Ljava.lang.String;@36c3b86c, auxiliaryRepositoryCheckoutDirectories=[Ljava.lang.String;@26e54cff], jobTimingInfo=JobTimingInfo[submissionDate=2025-02-14T23:42:57.297342281Z[Etc/UTC], buildStartDate=2025-02-14T23:42:57.308570327Z[Etc/UTC], buildCompletionDate=2025-02-14T23:42:59.047616654Z[Etc/UTC], estimatedCompletionDate=2025-02-14T23:43:16.308558064Z[Etc/UTC], estimatedDuration=19], buildConfig=BuildConfig[buildScript=#!/bin/bash
cd /var/tmp/testing-dir
chmod +x ./gradlew
./gradlew clean test
, dockerImage=dummy-docker-image:latest, commitHashToBuild=736cbea1e46d6849b41266b2bf1cccd3b9ea55b1, assignmentCommitHash=736cbea1e46d6849b41266b2bf1cccd3b9ea55b1, testCommitHash=ea6267edd396a304305339b036512b63e0374c66, branch=main, programmingLanguage=JAVA, projectType=PLAIN_GRADLE, scaEnabled=false, sequentialTestRunsEnabled=false, resultPaths=[/var/tmp/testing-dir/**/test-results/test/*.xml], timeoutSeconds=0, assignmentCheckoutPath=null, testCheckoutPath=null, solutionCheckoutPath=null, dockerRunConfig=null], submissionResult=ResultDTO[id=135, completionDate=2025-02-14T23:42:59.014168821Z[Etc/UTC], successful=false, score=7.7, rated=true, submission=SubmissionDTO[id=123, submitted=true, type=MANUAL, exampleSubmission=null, submissionDate=2025-02-14T23:42:57.278471Z, commitHash=736cbea1e46d6849b41266b2bf1cccd3b9ea55b1, buildFailed=false, buildArtifact=false, participation=ParticipationDTO[id=474, testRun=false, type=programming, submissionCount=null, exercise=ParticipationExerciseDTO[id=302, exerciseType=PROGRAMMING, type=programming, assessmentType=AUTOMATIC, dueDate=2025-02-16T23:42:56.796251Z, assessmentDueDate=null, maxPoints=42.0, course=CourseDTO[id=151, accuracyOfScores=1]]], submissionExerciseType=programming, isProcessing=false, buildStartDate=null, estimatedCompletionDate=null], participation=ParticipationDTO[id=474, testRun=false, type=programming, submissionCount=null, exercise=ParticipationExerciseDTO[id=302, exerciseType=PROGRAMMING, type=programming, assessmentType=AUTOMATIC, dueDate=2025-02-16T23:42:56.796251Z, assessmentDueDate=null, maxPoints=42.0, course=CourseDTO[id=151, accuracyOfScores=1]]], feedbacks=[FeedbackDTO[id=106, text=null, detailText=The exercise expects a class with the name Context in the package testpackage. You did not implement the class in the exercise., hasLongFeedbackText=false, reference=null, credits=0.0, positive=false, type=AUTOMATIC, visibility=ALWAYS, testCase=TestCaseDTO[testName=null, id=65]], FeedbackDTO[id=107, text=null, detailText=The exercise expects a class with the name Policy in the package testpackage. You did not implement the class in the exercise., hasLongFeedbackText=false, reference=null, credits=0.0, positive=false, type=AUTOMATIC, visibility=ALWAYS, testCase=TestCaseDTO[testName=null, id=66]], FeedbackDTO[id=108, text=null, detailText=The exercise expects a class with the name SortStrategy in the package testpackage. You did not implement the class in the exercise., hasLongFeedbackText=false, reference=null, credits=0.0, positive=false, type=AUTOMATIC, visibility=ALWAYS, testCase=TestCaseDTO[testName=null, id=67]], FeedbackDTO[id=109, text=null, detailText=The class 'MergeSort' does not implement the interface 'SortStrategy' as expected. Implement the interface and its methods., hasLongFeedbackText=false, reference=null, credits=0.0, positive=false, type=AUTOMATIC, visibility=ALWAYS, testCase=TestCaseDTO[testName=null, id=62]], FeedbackDTO[id=110, text=null, detailText=The exercise expects a class with the name SortStrategy in the package testpackage. You did not implement the class in the exercise., hasLongFeedbackText=false, reference=null, credits=0.0, positive=false, type=AUTOMATIC, visibility=ALWAYS, testCase=TestCaseDTO[testName=null, id=59]], FeedbackDTO[id=111, text=null, detailText=The class 'BubbleSort' does not implement the interface 'SortStrategy' as expected. Implement the interface and its methods., hasLongFeedbackText=false, reference=null, credits=0.0, positive=false, type=AUTOMATIC, visibility=ALWAYS, testCase=TestCaseDTO[testName=null, id=63]], FeedbackDTO[id=112, text=null, detailText=MergeSort does not sort correctly, hasLongFeedbackText=false, reference=null, credits=0.0, positive=false, type=AUTOMATIC, visibility=ALWAYS, testCase=TestCaseDTO[testName=null, id=68]], FeedbackDTO[id=113, text=null, detailText=The class 'Context' was not found within the submission. Make sure to implement it properly., hasLongFeedbackText=false, reference=null, credits=0.0, positive=false, type=AUTOMATIC, visibility=ALWAYS, testCase=TestCaseDTO[testName=null, id=69]], FeedbackDTO[id=114, text=null, detailText=The class 'Context' was not found within the submission. Make sure to implement it properly., hasLongFeedbackText=false, reference=null, credits=0.0, positive=false, type=AUTOMATIC, visibility=ALWAYS, testCase=TestCaseDTO[testName=null, id=70]], FeedbackDTO[id=115, text=null, detailText=The exercise expects a class with the name Policy in the package testpackage. You did not implement the class in the exercise., hasLongFeedbackText=false, reference=null, credits=0.0, positive=false, type=AUTOMATIC, visibility=ALWAYS, testCase=TestCaseDTO[testName=null, id=64]], FeedbackDTO[id=116, text=null, detailText=The exercise expects a class with the name Context in the package testpackage. You did not implement the class in the exercise., hasLongFeedbackText=false, reference=null, credits=0.0, positive=false, type=AUTOMATIC, visibility=ALWAYS, testCase=TestCaseDTO[testName=null, id=60]], FeedbackDTO[id=117, text=null, detailText=The exercise expects a class with the name Policy in the package testpackage. You did not implement the class in the exercise., hasLongFeedbackText=false, reference=null, credits=0.0, positive=false, type=AUTOMATIC, visibility=ALWAYS, testCase=TestCaseDTO[testName=null, id=61]], FeedbackDTO[id=118, text=null, detailText=null, hasLongFeedbackText=false, reference=null, credits=3.230769230769231, positive=true, type=AUTOMATIC, visibility=ALWAYS, testCase=TestCaseDTO[testName=null, id=71]]], assessmentType=AUTOMATIC, hasComplaint=null, exampleResult=null, testCaseCount=13, passedTestCaseCount=1, codeIssueCount=0]], BuildJobQueueItem[id=4771739576580898, name=SHORT51E611E30D6B60466F0B8BA0AA97F58888C2TSTEXC-LOCALCIINTSTUDENT1, buildAgent=BuildAgentDTO[name=artemis-build-agent-test, memberAddress=[127.0.0.1]:5703, displayName=artemis-build-agent-test], participationId=477, courseId=152, exerciseId=303, retryCount=0, priority=2, status=SUCCESSFUL, repositoryInfo=RepositoryInfo[repositoryName=short51e611e30d6b60466f0b8ba0aa97f58888c2tstexc-localciintstudent1, repositoryType=user, triggeredByPushTo=user, assignmentRepositoryUri=http://localhost:49152/git/SHORT51E611E30D6B60466F0B8BA0AA97F58888C2TSTEXC/short51e611e30d6b60466f0b8ba0aa97f58888c2tstexc-localciintstudent1.git, testRepositoryUri=http://localhost:49152/git/SHORT51E611E30D6B60466F0B8BA0AA97F58888C2TSTEXC/short51e611e30d6b60466f0b8ba0aa97f58888c2tstexc-tests.git, solutionRepositoryUri=null, auxiliaryRepositoryUris=[Ljava.lang.String;@174d9e67, auxiliaryRepositoryCheckoutDirectories=[Ljava.lang.String;@71bf953c], jobTimingInfo=JobTimingInfo[submissionDate=2025-02-14T23:43:00.898532688Z[Etc/UTC], buildStartDate=2025-02-14T23:43:00.905733056Z[Etc/UTC], buildCompletionDate=2025-02-14T23:43:02.692768910Z[Etc/UTC], estimatedCompletionDate=2025-02-14T23:43:19.905720463Z[Etc/UTC], estimatedDuration=19], buildConfig=BuildConfig[buildScript=#!/bin/bash
cd /var/tmp/testing-dir
chmod +x ./gradlew
./gradlew clean test
, dockerImage=dummy-docker-image:latest, commitHashToBuild=8f3057cbd462f5e3de4e6ba85115f60d8dbb5aea, assignmentCommitHash=8f3057cbd462f5e3de4e6ba85115f60d8dbb5aea, testCommitHash=8f3057cbd462f5e3de4e6ba85115f60d8dbb5aea, branch=main, programmingLanguage=JAVA, projectType=PLAIN_GRADLE, scaEnabled=true, sequentialTestRunsEnabled=false, resultPaths=[/var/tmp/testing-dir/**/test-results/test/*.xml], timeoutSeconds=0, assignmentCheckoutPath=null, testCheckoutPath=null, solutionCheckoutPath=null, dockerRunConfig=null], submissionResult=ResultDTO[id=136, completionDate=2025-02-14T23:43:02.637820510Z[Etc/UTC], successful=false, score=7.7, rated=true, submission=SubmissionDTO[id=124, submitted=true, type=MANUAL, exampleSubmission=null, submissionDate=2025-02-14T23:43:00.886601Z, commitHash=8f3057cbd462f5e3de4e6ba85115f60d8dbb5aea, buildFailed=false, buildArtifact=false, participation=ParticipationDTO[id=477, testRun=false, type=programming, submissionCount=null, exercise=ParticipationExerciseDTO[id=303, exerciseType=PROGRAMMING, type=programming, assessmentType=AUTOMATIC, dueDate=2025-02-16T23:43:00.631824Z, assessmentDueDate=null, maxPoints=42.0, course=CourseDTO[id=152, accuracyOfScores=1]]], submissionExerciseType=programming, isProcessing=false, buildStartDate=null, estimatedCompletionDate=null], participation=ParticipationDTO[id=477, testRun=false, type=programming, submissionCount=null, exercise=ParticipationExerciseDTO[id=303, exerciseType=PROGRAMMING, type=programming, assessmentType=AUTOMATIC, dueDate=2025-02-16T23:43:00.631824Z, assessmentDueDate=null, maxPoints=42.0, course=CourseDTO[id=152, accuracyOfScores=1]]], feedbacks=[FeedbackDTO[id=119, text=null, detailText=The exercise expects a class with the name Context in the package testpackage. You did not implement the class in the exercise., hasLongFeedbackText=false, reference=null, credits=0.0, positive=false, type=AUTOMATIC, visibility=ALWAYS, testCase=TestCaseDTO[testName=null, id=78]], FeedbackDTO[id=120, text=null, detailText=The exercise expects a class with the name Policy in the package testpackage. You did not implement the class in the exercise., hasLongFeedbackText=false, reference=null, credits=0.0, positive=false, type=AUTOMATIC, visibility=ALWAYS, testCase=TestCaseDTO[testName=null, id=79]], FeedbackDTO[id=121, text=null, detailText=The exercise expects a class with the name SortStrategy in the package testpackage. You did not implement the class in the exercise., hasLongFeedbackText=false, reference=null, credits=0.0, positive=false, type=AUTOMATIC, visibility=ALWAYS, testCase=TestCaseDTO[testName=null, id=80]], FeedbackDTO[id=122, text=null, detailText=The class 'MergeSort' does not implement the interface 'SortStrategy' as expected. Implement the interface and its methods., hasLongFeedbackText=false, reference=null, credits=0.0, positive=false, type=AUTOMATIC, visibility=ALWAYS, testCase=TestCaseDTO[testName=null, id=75]], FeedbackDTO[id=123, text=null, detailText=The exercise expects a class with the name SortStrategy in the package testpackage. You did not implement the class in the exercise., hasLongFeedbackText=false, reference=null, credits=0.0, positive=false, type=AUTOMATIC, visibility=ALWAYS, testCase=TestCaseDTO[testName=null, id=72]], FeedbackDTO[id=124, text=null, detailText=The class 'BubbleSort' does not implement the interface 'SortStrategy' as expected. Implement the interface and its methods., hasLongFeedbackText=false, reference=null, credits=0.0, positive=false, type=AUTOMATIC, visibility=ALWAYS, testCase=TestCaseDTO[testName=null, id=76]], FeedbackDTO[id=125, text=null, detailText=MergeSort does not sort correctly, hasLongFeedbackText=false, reference=null, credits=0.0, positive=false, type=AUTOMATIC, visibility=ALWAYS, testCase=TestCaseDTO[testName=null, id=81]], FeedbackDTO[id=126, text=null, detailText=The class 'Context' was not found within the submission. Make sure to implement it properly., hasLongFeedbackText=false, reference=null, credits=0.0, positive=false, type=AUTOMATIC, visibility=ALWAYS, testCase=TestCaseDTO[testName=null, id=82]], FeedbackDTO[id=127, text=null, detailText=The class 'Context' was not found within the submission. Make sure to implement it properly., hasLongFeedbackText=false, reference=null, credits=0.0, positive=false, type=AUTOMATIC, visibility=ALWAYS, testCase=TestCaseDTO[testName=null, id=83]], FeedbackDTO[id=128, text=null, detailText=The exercise expects a class with the name Policy in the package testpackage. You did not implement the class in the exercise., hasLongFeedbackText=false, reference=null, credits=0.0, positive=false, type=AUTOMATIC, visibility=ALWAYS, testCase=TestCaseDTO[testName=null, id=77]], FeedbackDTO[id=129, text=null, detailText=The exercise expects a class with the name Context in the package testpackage. You did not implement the class in the exercise., hasLongFeedbackText=false, reference=null, credits=0.0, positive=false, type=AUTOMATIC, visibility=ALWAYS, testCase=TestCaseDTO[testName=null, id=73]], FeedbackDTO[id=130, text=null, detailText=The exercise expects a class with the name Policy in the package testpackage. You did not implement the class in the exercise., hasLongFeedbackText=false, reference=null, credits=0.0, positive=false, type=AUTOMATIC, visibility=ALWAYS, testCase=TestCaseDTO[testName=null, id=74]], FeedbackDTO[id=131, text=null, detailText=null, hasLongFeedbackText=false, reference=null, credits=3.230769230769231, positive=true, type=AUTOMATIC, visibility=ALWAYS, testCase=TestCaseDTO[testName=null, id=84]], FeedbackDTO[id=132, text=SCAFeedbackIdentifier:Bad Practice, detailText={"filePath":"src/code/Client.java","startLine":6,"endLine":6,"startColumn":1,"endColumn":26,"rule":"UnusedImports","category":"Best Practices","message":"Avoid unused imports such as 'javax.swing.JFrame'","priority":"4"}, hasLongFeedbackText=false, reference=PMD, credits=0.0, positive=false, type=AUTOMATIC, visibility=null, testCase=null], FeedbackDTO[id=133, text=SCAFeedbackIdentifier:Code Style, detailText={"filePath":"src/code/Client.java","startLine":7,"endLine":7,"startColumn":1,"endColumn":19,"rule":"DontImportJavaLang","category":"Code Style","message":"Avoid importing anything from the package java.lang","priority":"4"}, hasLongFeedbackText=false, reference=PMD, credits=0.0, positive=false, type=AUTOMATIC, visibility=null, testCase=null], FeedbackDTO[id=134, text=SCAFeedbackIdentifier:Bad Practice, detailText={"filePath":"src/code/Client.java","startLine":7,"endLine":7,"startColumn":1,"endColumn":19,"rule":"UnusedImports","category":"Best Practices","message":"Avoid unused imports such as 'java.lang'","priority":"4"}, hasLongFeedbackText=false, reference=PMD, credits=0.0, positive=false, type=AUTOMATIC, visibility=null, testCase=null], FeedbackDTO[id=135, text=SCAFeedbackIdentifier:Bad Practice, detailText={"filePath":"src/code/Client.java","startLine":73,"endLine":73,"startColumn":18,"endColumn":27,"rule":"UnusedLocalVariable","category":"Best Practices","message":"Avoid unused local variables such as 'randomDate'.","priority":"3"}, hasLongFeedbackText=false, reference=PMD, credits=0.0, positive=false, type=AUTOMATIC, visibility=null, testCase=null], FeedbackDTO[id=136, text=SCAFeedbackIdentifier:Bad Practice, detailText={"filePath":"src/code/Client.java","startLine":81,"endLine":81,"startColumn":31,"endColumn":53,"rule":"UnusedPrivateMethod","category":"Best Practices","message":"Avoid unused private methods such as 'CreateRandomDatesList()'.","priority":"3"}, hasLongFeedbackText=false, reference=PMD, credits=0.0, positive=false, type=AUTOMATIC, visibility=null, testCase=null], FeedbackDTO[id=137, text=SCAFeedbackIdentifier:Potential Bugs, detailText={"filePath":"src/code/Client.java","startLine":94,"endLine":94,"startColumn":9,"endColumn":9,"rule":"EmptyStatementNotInLoop","category":"Error Prone","message":"An empty statement (semicolon) not part of a loop","priority":"3"}, hasLongFeedbackText=false, reference=PMD, credits=0.0, positive=false, type=AUTOMATIC, visibility=null, testCase=null], FeedbackDTO[id=138, text=SCAFeedbackIdentifier:Potential Bugs, detailText={"filePath":"src/code/Client.java","startLine":94,"endLine":94,"startColumn":10,"endColumn":10,"rule":"EmptyStatementNotInLoop","category":"Error Prone","message":"An empty statement (semicolon) not part of a loop","priority":"3"}, hasLongFeedbackText=false, reference=PMD, credits=0.0, positive=false, type=AUTOMATIC, visibility=null, testCase=null], FeedbackDTO[id=139, text=SCAFeedbackIdentifier:Potential Bugs, detailText={"filePath":"src/code/Client.java","startLine":94,"endLine":94,"startColumn":11,"endColumn":11,"rule":"EmptyStatementNotInLoop","category":"Error Prone","message":"An empty statement (semicolon) not part of a loop","priority":"3"}, hasLongFeedbackText=false, reference=PMD, credits=0.0, positive=false, type=AUTOMATIC, visibility=null, testCase=null], FeedbackDTO[id=140, text=SCAFeedbackIdentifier:Code Style, detailText={"filePath":"src/code/Client.java","startLine":73,"endLine":73,"rule":"DLS_DEAD_LOCAL_STORE","category":"STYLE","message":"Dead store to randomDate in code.Client.createRandomDatesList()","priority":"2"}, hasLongFeedbackText=false, reference=SPOTBUGS, credits=0.0, positive=false, type=AUTOMATIC, visibility=null, testCase=null], FeedbackDTO[id=141, text=SCAFeedbackIdentifier:Bad Practice, detailText={"filePath":"src/code/Client.java","startLine":82,"endLine":95,"rule":"NM_METHOD_NAMING_CONVENTION","category":"BAD_PRACTICE","message":"The method name code.Client.CreateRandomDatesList() doesn't start with a lower case letter","priority":"3"}, hasLongFeedbackText=false, reference=SPOTBUGS, credits=0.0, positive=false, type=AUTOMATIC, visibility=null, testCase=null], FeedbackDTO[id=142, text=SCAFeedbackIdentifier:Performance, detailText={"filePath":"src/code/Client.java","startLine":82,"endLine":95,"rule":"UPM_UNCALLED_PRIVATE_METHOD","category":"PERFORMANCE","message":"Private method code.Client.CreateRandomDatesList() is never called","priority":"2"}, hasLongFeedbackText=false, reference=SPOTBUGS, credits=0.0, positive=false, type=AUTOMATIC, visibility=null, testCase=null], FeedbackDTO[id=143, text=SCAFeedbackIdentifier:Code Style, detailText={"filePath":"src/code/Client.java","startLine":70,"endLine":70,"startColumn":9,"endColumn":9,"rule":"NeedBracesCheck","category":"blocks","message":"'for' construct must use '{}'s.","priority":"error"}, hasLongFeedbackText=false, reference=CHECKSTYLE, credits=0.0, positive=false, type=AUTOMATIC, visibility=null, testCase=null], FeedbackDTO[id=144, text=SCAFeedbackIdentifier:Code Style, detailText={"filePath":"src/code/Client.java","startLine":93,"endLine":93,"startColumn":9,"endColumn":9,"rule":"EmptyStatementCheck","category":"coding","message":"Empty statement.","priority":"error"}, hasLongFeedbackText=false, reference=CHECKSTYLE, credits=0.0, positive=false, type=AUTOMATIC, visibility=null, testCase=null], FeedbackDTO[id=145, text=SCAFeedbackIdentifier:Code Style, detailText={"filePath":"src/code/Client.java","startLine":93,"endLine":93,"startColumn":10,"endColumn":10,"rule":"EmptyStatementCheck","category":"coding","message":"Empty statement.","priority":"error"}, hasLongFeedbackText=false, reference=CHECKSTYLE, credits=0.0, positive=false, type=AUTOMATIC, visibility=null, testCase=null], FeedbackDTO[id=146, text=SCAFeedbackIdentifier:Code Style, detailText={"filePath":"src/code/Client.java","startLine":93,"endLine":93,"startColumn":11,"endColumn":11,"rule":"EmptyStatementCheck","category":"coding","message":"Empty statement.","priority":"error"}, hasLongFeedbackText=false, reference=CHECKSTYLE, credits=0.0, positive=false, type=AUTOMATIC, visibility=null, testCase=null]], assessmentType=AUTOMATIC, hasComplaint=null, exampleResult=null, testCaseCount=13, passedTestCaseCount=1, codeIssueCount=15]], BuildJobQueueItem[id=4821739576584632, name=SHORT433BAC4500363044960B6E10DFA0493471B2TSTEXC-LOCALCIINTSTUDENT1, buildAgent=BuildAgentDTO[name=artemis-build-agent-test, memberAddress=[127.0.0.1]:5703, displayName=artemis-build-agent-test], participationId=482, courseId=154, exerciseId=305, retryCount=0, priority=2, status=SUCCESSFUL, repositoryInfo=RepositoryInfo[repositoryName=short433bac4500363044960b6e10dfa0493471b2tstexc-localciintstudent1, repositoryType=user, triggeredByPushTo=user, assignmentRepositoryUri=http://localhost:49152/git/SHORT433BAC4500363044960B6E10DFA0493471B2TSTEXC/short433bac4500363044960b6e10dfa0493471b2tstexc-localciintstudent1.git, testRepositoryUri=http://localhost:49152/git/SHORT433BAC4500363044960B6E10DFA0493471B2TSTEXC/short433bac4500363044960b6e10dfa0493471b2tstexc-tests.git, solutionRepositoryUri=null, auxiliaryRepositoryUris=[Ljava.lang.String;@5a9453bf, auxiliaryRepositoryCheckoutDirectories=[Ljava.lang.String;@561a7ea6], jobTimingInfo=JobTimingInfo[submissionDate=2025-02-14T23:43:04.632341258Z[Etc/UTC], buildStartDate=2025-02-14T23:43:04.637633457Z[Etc/UTC], buildCompletionDate=2025-02-14T23:43:06.421238953Z[Etc/UTC], estimatedCompletionDate=2025-02-14T23:43:23.637623879Z[Etc/UTC], estimatedDuration=19], buildConfig=BuildConfig[buildScript=#!/bin/bash
cd /var/tmp/testing-dir
chmod +x ./gradlew
./gradlew clean test
, dockerImage=dummy-docker-image:latest, commitHashToBuild=8355c4f3cd5d3e0443707d3310206e460e333c6f, assignmentCommitHash=8355c4f3cd5d3e0443707d3310206e460e333c6f, testCommitHash=8355c4f3cd5d3e0443707d3310206e460e333c6f, branch=main, programmingLanguage=JAVA, projectType=PLAIN_GRADLE, scaEnabled=false, sequentialTestRunsEnabled=false, resultPaths=[/var/tmp/testing-dir/**/test-results/test/*.xml], timeoutSeconds=0, assignmentCheckoutPath=null, testCheckoutPath=null, solutionCheckoutPath=null, dockerRunConfig=null], submissionResult=ResultDTO[id=137, completionDate=2025-02-14T23:43:06.404877412Z[Etc/UTC], successful=false, score=7.7, rated=true, submission=SubmissionDTO[id=125, submitted=true, type=MANUAL, exampleSubmission=null, submissionDate=2025-02-14T23:43:04.623230Z, commitHash=8355c4f3cd5d3e0443707d3310206e460e333c6f, buildFailed=false, buildArtifact=false, participation=ParticipationDTO[id=482, testRun=false, type=programming, submissionCount=null, exercise=ParticipationExerciseDTO[id=305, exerciseType=PROGRAMMING, type=programming, assessmentType=AUTOMATIC, dueDate=2025-02-16T23:43:04.425734Z, assessmentDueDate=null, maxPoints=42.0, course=CourseDTO[id=154, accuracyOfScores=1]]], submissionExerciseType=programming, isProcessing=false, buildStartDate=null, estimatedCompletionDate=null], participation=ParticipationDTO[id=482, testRun=false, type=programming, submissionCount=null, exercise=ParticipationExerciseDTO[id=305, exerciseType=PROGRAMMING, type=programming, assessmentType=AUTOMATIC, dueDate=2025-02-16T23:43:04.425734Z, assessmentDueDate=null, maxPoints=42.0, course=CourseDTO[id=154, accuracyOfScores=1]]], feedbacks=[FeedbackDTO[id=147, text=null, detailText=The exercise expects a class with the name Context in the package testpackage. You did not implement the class in the exercise., hasLongFeedbackText=false, reference=null, credits=0.0, positive=false, type=AUTOMATIC, visibility=ALWAYS, testCase=TestCaseDTO[testName=null, id=104]], FeedbackDTO[id=148, text=null, detailText=The exercise expects a class with the name Policy in the package testpackage. You did not implement the class in the exercise., hasLongFeedbackText=false, reference=null, credits=0.0, positive=false, type=AUTOMATIC, visibility=ALWAYS, testCase=TestCaseDTO[testName=null, id=105]], FeedbackDTO[id=149, text=null, detailText=The exercise expects a class with the name SortStrategy in the package testpackage. You did not implement the class in the exercise., hasLongFeedbackText=false, reference=null, credits=0.0, positive=false, type=AUTOMATIC, visibility=ALWAYS, testCase=TestCaseDTO[testName=null, id=106]], FeedbackDTO[id=150, text=null, detailText=The class 'MergeSort' does not implement the interface 'SortStrategy' as expected. Implement the interface and its methods., hasLongFeedbackText=false, reference=null, credits=0.0, positive=false, type=AUTOMATIC, visibility=ALWAYS, testCase=TestCaseDTO[testName=null, id=101]], FeedbackDTO[id=151, text=null, detailText=The exercise expects a class with the name SortStrategy in the package testpackage. You did not implement the class in the exercise., hasLongFeedbackText=false, reference=null, credits=0.0, positive=false, type=AUTOMATIC, visibility=ALWAYS, testCase=TestCaseDTO[testName=null, id=98]], FeedbackDTO[id=152, text=null, detailText=The class 'BubbleSort' does not implement the interface 'SortStrategy' as expected. Implement the interface and its methods., hasLongFeedbackText=false, reference=null, credits=0.0, positive=false, type=AUTOMATIC, visibility=ALWAYS, testCase=TestCaseDTO[testName=null, id=102]], FeedbackDTO[id=153, text=null, detailText=MergeSort does not sort correctly, hasLongFeedbackText=false, reference=null, credits=0.0, positive=false, type=AUTOMATIC, visibility=ALWAYS, testCase=TestCaseDTO[testName=null, id=107]], FeedbackDTO[id=154, text=null, detailText=The class 'Context' was not found within the submission. Make sure to implement it properly., hasLongFeedbackText=false, reference=null, credits=0.0, positive=false, type=AUTOMATIC, visibility=ALWAYS, testCase=TestCaseDTO[testName=null, id=108]], FeedbackDTO[id=155, text=null, detailText=The class 'Context' was not found within the submission. Make sure to implement it properly., hasLongFeedbackText=false, reference=null, credits=0.0, positive=false, type=AUTOMATIC, visibility=ALWAYS, testCase=TestCaseDTO[testName=null, id=109]], FeedbackDTO[id=156, text=null, detailText=The exercise expects a class with the name Policy in the package testpackage. You did not implement the class in the exercise., hasLongFeedbackText=false, reference=null, credits=0.0, positive=false, type=AUTOMATIC, visibility=ALWAYS, testCase=TestCaseDTO[testName=null, id=103]], FeedbackDTO[id=157, text=null, detailText=The exercise expects a class with the name Context in the package testpackage. You did not implement the class in the exercise., hasLongFeedbackText=false, reference=null, credits=0.0, positive=false, type=AUTOMATIC, visibility=ALWAYS, testCase=TestCaseDTO[testName=null, id=99]], FeedbackDTO[id=158, text=null, detailText=The exercise expects a class with the name Policy in the package testpackage. You did not implement the class in the exercise., hasLongFeedbackText=false, reference=null, credits=0.0, positive=false, type=AUTOMATIC, visibility=ALWAYS, testCase=TestCaseDTO[testName=null, id=100]], FeedbackDTO[id=159, text=null, detailText=null, hasLongFeedbackText=false, reference=null, credits=3.230769230769231, positive=true, type=AUTOMATIC, visibility=ALWAYS, testCase=TestCaseDTO[testName=null, id=110]]], assessmentType=AUTOMATIC, hasComplaint=null, exampleResult=null, testCaseCount=13, passedTestCaseCount=1, codeIssueCount=0]], BuildJobQueueItem[id=4851739576588371, name=SHORT495D587A0856D04A9E08BC60D2E08365FB9ETSTEXC-LOCALCIINTSTUDENT1, buildAgent=BuildAgentDTO[name=artemis-build-agent-test, memberAddress=[127.0.0.1]:5703, displayName=artemis-build-agent-test], participationId=485, courseId=155, exerciseId=306, retryCount=0, priority=2, status=FAILED, repositoryInfo=RepositoryInfo[repositoryName=short495d587a0856d04a9e08bc60d2e08365fb9etstexc-localciintstudent1, repositoryType=user, triggeredByPushTo=user, assignmentRepositoryUri=http://localhost:49152/git/SHORT495D587A0856D04A9E08BC60D2E08365FB9ETSTEXC/short495d587a0856d04a9e08bc60d2e08365fb9etstexc-localciintstudent1.git, testRepositoryUri=http://localhost:49152/git/SHORT495D587A0856D04A9E08BC60D2E08365FB9ETSTEXC/short495d587a0856d04a9e08bc60d2e08365fb9etstexc-tests.git, solutionRepositoryUri=null, auxiliaryRepositoryUris=[Ljava.lang.String;@2d5f7ca4, auxiliaryRepositoryCheckoutDirectories=[Ljava.lang.String;@20441a46], jobTimingInfo=JobTimingInfo[submissionDate=2025-02-14T23:43:08.371015915Z[Etc/UTC], buildStartDate=2025-02-14T23:43:08.374658929Z[Etc/UTC], buildCompletionDate=2025-02-14T23:43:09.341007666Z[Etc/UTC], estimatedCompletionDate=2025-02-14T23:43:27.374650503Z[Etc/UTC], estimatedDuration=19], buildConfig=BuildConfig[buildScript=#!/bin/bash
cd /var/tmp/testing-dir
chmod +x ./gradlew
./gradlew clean test
, dockerImage=dummy-docker-image:latest, commitHashToBuild=ebb8aa4dc3625fe07e975266e18313ad871ce864, assignmentCommitHash=9b3a9bd71a0d80e5bbc42204c319ed3d1d4f0d6d, testCommitHash=9b3a9bd71a0d80e5bbc42204c319ed3d1d4f0d6d, branch=main, programmingLanguage=JAVA, projectType=PLAIN_GRADLE, scaEnabled=false, sequentialTestRunsEnabled=false, resultPaths=[/var/tmp/testing-dir/**/test-results/test/*.xml], timeoutSeconds=0, assignmentCheckoutPath=null, testCheckoutPath=null, solutionCheckoutPath=null, dockerRunConfig=null], submissionResult=ResultDTO[id=138, completionDate=2025-02-14T23:43:09.343306574Z[Etc/UTC], successful=false, score=0.0, rated=true, submission=SubmissionDTO[id=127, submitted=true, type=MANUAL, exampleSubmission=null, submissionDate=2025-02-14T23:43:09.343306574Z[Etc/UTC], commitHash=9b3a9bd71a0d80e5bbc42204c319ed3d1d4f0d6d, buildFailed=true, buildArtifact=false, participation=ParticipationDTO[id=485, testRun=false, type=programming, submissionCount=null, exercise=ParticipationExerciseDTO[id=306, exerciseType=PROGRAMMING, type=programming, assessmentType=AUTOMATIC, dueDate=2025-02-16T23:43:08.185273Z, assessmentDueDate=null, maxPoints=42.0, course=CourseDTO[id=155, accuracyOfScores=1]]], submissionExerciseType=programming, isProcessing=false, buildStartDate=null, estimatedCompletionDate=null], participation=ParticipationDTO[id=485, testRun=false, type=programming, submissionCount=null, exercise=ParticipationExerciseDTO[id=306, exerciseType=PROGRAMMING, type=programming, assessmentType=AUTOMATIC, dueDate=2025-02-16T23:43:08.185273Z, assessmentDueDate=null, maxPoints=42.0, course=CourseDTO[id=155, accuracyOfScores=1]]], feedbacks=[], assessmentType=AUTOMATIC, hasComplaint=null, exampleResult=null, testCaseCount=0, passedTestCaseCount=0, codeIssueCount=0]], BuildJobQueueItem[id=4881739576590204, name=SHORT80B5DD0E0D6B304EBB096E9020B949996A1CTSTEXC-LOCALCIINTSTUDENT1, buildAgent=BuildAgentDTO[name=artemis-build-agent-test, memberAddress=[127.0.0.1]:5703, displayName=artemis-build-agent-test], participationId=488, courseId=156, exerciseId=307, retryCount=0, priority=2, status=SUCCESSFUL, repositoryInfo=RepositoryInfo[repositoryName=short80b5dd0e0d6b304ebb096e9020b949996a1ctstexc-localciintstudent1, repositoryType=user, triggeredByPushTo=user, assignmentRepositoryUri=http://localhost:49152/git/SHORT80B5DD0E0D6B304EBB096E9020B949996A1CTSTEXC/short80b5dd0e0d6b304ebb096e9020b949996a1ctstexc-localciintstudent1.git, testRepositoryUri=http://localhost:49152/git/SHORT80B5DD0E0D6B304EBB096E9020B949996A1CTSTEXC/short80b5dd0e0d6b304ebb096e9020b949996a1ctstexc-tests.git, solutionRepositoryUri=null, auxiliaryRepositoryUris=[Ljava.lang.String;@5835bc5a, auxiliaryRepositoryCheckoutDirectories=[Ljava.lang.String;@5ddf16b4], jobTimingInfo=JobTimingInfo[submissionDate=2025-02-14T23:43:10.204264160Z[Etc/UTC], buildStartDate=2025-02-14T23:43:10.223149139Z[Etc/UTC], buildCompletionDate=2025-02-14T23:43:12.086509109Z[Etc/UTC], estimatedCompletionDate=2025-02-14T23:43:29.223142246Z[Etc/UTC], estimatedDuration=19], buildConfig=BuildConfig[buildScript=#!/bin/bash
cd /var/tmp/testing-dir
chmod +x ./gradlew
./gradlew clean test
, dockerImage=dummy-docker-image:latest, commitHashToBuild=b806a93102242552beed7c01b08b2769731814b3, assignmentCommitHash=b806a93102242552beed7c01b08b2769731814b3, testCommitHash=b806a93102242552beed7c01b08b2769731814b3, branch=main, programmingLanguage=JAVA, projectType=PLAIN_GRADLE, scaEnabled=false, sequentialTestRunsEnabled=false, resultPaths=[/var/tmp/testing-dir/**/test-results/test/*.xml], timeoutSeconds=0, assignmentCheckoutPath=null, testCheckoutPath=null, solutionCheckoutPath=null, dockerRunConfig=null], submissionResult=ResultDTO[id=139, completionDate=2025-02-14T23:43:12.066436124Z[Etc/UTC], successful=false, score=0.0, rated=true, submission=SubmissionDTO[id=128, submitted=true, type=MANUAL, exampleSubmission=null, submissionDate=2025-02-14T23:43:10.192407Z, commitHash=b806a93102242552beed7c01b08b2769731814b3, buildFailed=true, buildArtifact=false, participation=ParticipationDTO[id=488, testRun=false, type=programming, submissionCount=null, exercise=ParticipationExerciseDTO[id=307, exerciseType=PROGRAMMING, type=programming, assessmentType=AUTOMATIC, dueDate=2025-02-16T23:43:09.986646Z, assessmentDueDate=null, maxPoints=42.0, course=CourseDTO[id=156, accuracyOfScores=1]]], submissionExerciseType=programming, isProcessing=false, buildStartDate=null, estimatedCompletionDate=null], participation=ParticipationDTO[id=488, testRun=false, type=programming, submissionCount=null, exercise=ParticipationExerciseDTO[id=307, exerciseType=PROGRAMMING, type=programming, assessmentType=AUTOMATIC, dueDate=2025-02-16T23:43:09.986646Z, assessmentDueDate=null, maxPoints=42.0, course=CourseDTO[id=156, accuracyOfScores=1]]], feedbacks=[], assessmentType=AUTOMATIC, hasComplaint=null, exampleResult=null, testCaseCount=0, passedTestCaseCount=0, codeIssueCount=0]], BuildJobQueueItem[id=4911739576593817, name=SHORT585B2198089880462509B3007867E72DFB7ATSTEXC-LOCALCIINTSTUDENT1, buildAgent=BuildAgentDTO[name=artemis-build-agent-test, memberAddress=[127.0.0.1]:5703, displayName=artemis-build-agent-test], participationId=491, courseId=157, exerciseId=308, retryCount=0, priority=2, status=SUCCESSFUL, repositoryInfo=RepositoryInfo[repositoryName=short585b2198089880462509b3007867e72dfb7atstexc-localciintstudent1, repositoryType=user, triggeredByPushTo=user, assignmentRepositoryUri=http://localhost:49152/git/SHORT585B2198089880462509B3007867E72DFB7ATSTEXC/short585b2198089880462509b3007867e72dfb7atstexc-localciintstudent1.git, testRepositoryUri=http://localhost:49152/git/SHORT585B2198089880462509B3007867E72DFB7ATSTEXC/short585b2198089880462509b3007867e72dfb7atstexc-tests.git, solutionRepositoryUri=null, auxiliaryRepositoryUris=[Ljava.lang.String;@bb3fbf7, auxiliaryRepositoryCheckoutDirectories=[Ljava.lang.String;@b2556ed], jobTimingInfo=JobTimingInfo[submissionDate=2025-02-14T23:43:13.817124706Z[Etc/UTC], buildStartDate=2025-02-14T23:43:13.834335931Z[Etc/UTC], buildCompletionDate=2025-02-14T23:43:15.746259139Z[Etc/UTC], estimatedCompletionDate=2025-02-14T23:43:32.834326082Z[Etc/UTC], estimatedDuration=19], buildConfig=BuildConfig[buildScript=#!/bin/bash
cd /var/tmp/testing-dir
chmod +x ./gradlew
./gradlew clean test
, dockerImage=dummy-docker-image:latest, commitHashToBuild=42077d078a5d5042fe2d4bd8299a990d342fce6e, assignmentCommitHash=42077d078a5d5042fe2d4bd8299a990d342fce6e, testCommitHash=42077d078a5d5042fe2d4bd8299a990d342fce6e, branch=main, programmingLanguage=JAVA, projectType=PLAIN_GRADLE, scaEnabled=false, sequentialTestRunsEnabled=false, resultPaths=[/var/tmp/testing-dir/**/test-results/test/*.xml], timeoutSeconds=0, assignmentCheckoutPath=null, testCheckoutPath=null, solutionCheckoutPath=null, dockerRunConfig=null], submissionResult=ResultDTO[id=140, completionDate=2025-02-14T23:43:15.725343914Z[Etc/UTC], successful=false, score=0.0, rated=true, submission=SubmissionDTO[id=129, submitted=true, type=MANUAL, exampleSubmission=null, submissionDate=2025-02-14T23:43:13.805401Z, commitHash=42077d078a5d5042fe2d4bd8299a990d342fce6e, buildFailed=false, buildArtifact=false, participation=ParticipationDTO[id=491, testRun=false, type=programming, submissionCount=null, exercise=ParticipationExerciseDTO[id=308, exerciseType=PROGRAMMING, type=programming, assessmentType=AUTOMATIC, dueDate=2025-02-16T23:43:13.569213Z, assessmentDueDate=null, maxPoints=42.0, course=CourseDTO[id=157, accuracyOfScores=1]]], submissionExerciseType=programming, isProcessing=false, buildStartDate=null, estimatedCompletionDate=null], participation=ParticipationDTO[id=491, testRun=false, type=programming, submissionCount=null, exercise=ParticipationExerciseDTO[id=308, exerciseType=PROGRAMMING, type=programming, assessmentType=AUTOMATIC, dueDate=2025-02-16T23:43:13.569213Z, assessmentDueDate=null, maxPoints=42.0, course=CourseDTO[id=157, accuracyOfScores=1]]], feedbacks=[FeedbackDTO[id=160, text=null, detailText=Deine Einreichung enthält keine Ausgabe. (67cac2), hasLongFeedbackText=false, reference=null, credits=0.0, positive=false, type=AUTOMATIC, visibility=ALWAYS, testCase=TestCaseDTO[testName=null, id=146]], FeedbackDTO[id=161, text=null, detailText=test `add` failed on ≥ 1 cases:
(0, 0)
Your submission raised an error Failure("TODO add"), hasLongFeedbackText=false, reference=null, credits=0.0, positive=false, type=AUTOMATIC, visibility=ALWAYS, testCase=TestCaseDTO[testName=null, id=149]], FeedbackDTO[id=162, text=null, detailText=test `filter` failed on ≥ 1 cases:
(even, [1; 2; 3; 4])
Your submission raised an error Failure("TODO filter"), hasLongFeedbackText=false, reference=null, credits=0.0, positive=false, type=AUTOMATIC, visibility=ALWAYS, testCase=TestCaseDTO[testName=null, id=148]], FeedbackDTO[id=163, text=null, detailText=Test was not executed., hasLongFeedbackText=false, reference=null, credits=0.0, positive=null, type=AUTOMATIC, visibility=null, testCase=TestCaseDTO[testName=null, id=137]], FeedbackDTO[id=164, text=null, detailText=Test was not executed., hasLongFeedbackText=false, reference=null, credits=0.0, positive=null, type=AUTOMATIC, visibility=null, testCase=TestCaseDTO[testName=null, id=138]], FeedbackDTO[id=165, text=null, detailText=Test was not executed., hasLongFeedbackText=false, reference=null, credits=0.0, positive=null, type=AUTOMATIC, visibility=null, testCase=TestCaseDTO[testName=null, id=139]], FeedbackDTO[id=166, text=null, detailText=Test was not executed., hasLongFeedbackText=false, reference=null, credits=0.0, positive=null, type=AUTOMATIC, visibility=null, testCase=TestCaseDTO[testName=null, id=140]], FeedbackDTO[id=167, text=null, detailText=Test was not executed., hasLongFeedbackText=false, reference=null, credits=0.0, positive=null, type=AUTOMATIC, visibility=null, testCase=TestCaseDTO[testName=null, id=141]], FeedbackDTO[id=168, text=null, detailText=Test was not executed., hasLongFeedbackText=false, reference=null, credits=0.0, positive=null, type=AUTOMATIC, visibility=null, testCase=TestCaseDTO[testName=null, id=142]], FeedbackDTO[id=169, text=null, detailText=Test was not executed., hasLongFeedbackText=false, reference=null, credits=0.0, positive=null, type=AUTOMATIC, visibility=null, testCase=TestCaseDTO[testName=null, id=143]], FeedbackDTO[id=170, text=null, detailText=Test was not executed., hasLongFeedbackText=false, reference=null, credits=0.0, positive=null, type=AUTOMATIC, visibility=null, testCase=TestCaseDTO[testName=null, id=144]], FeedbackDTO[id=171, text=null, detailText=Test was not executed., hasLongFeedbackText=false, reference=null, credits=0.0, positive=null, type=AUTOMATIC, visibility=null, testCase=TestCaseDTO[testName=null, id=145]], FeedbackDTO[id=172, text=null, detailText=Test was not executed., hasLongFeedbackText=false, reference=null, credits=0.0, positive=null, type=AUTOMATIC, visibility=null, testCase=TestCaseDTO[testName=null, id=147]]], assessmentType=AUTOMATIC, hasComplaint=null, exampleResult=null, testCaseCount=13, passedTestCaseCount=0, codeIssueCount=0]], BuildJobQueueItem[id=4941739576597286, name=SHORTFBCBD7BF0E6EB0451A080E80FCB407DC1F12TSTEXC-LOCALCIINTSTUDENT1, buildAgent=BuildAgentDTO[name=artemis-build-agent-test, memberAddress=[127.0.0.1]:5703, displayName=artemis-build-agent-test], participationId=494, courseId=158, exerciseId=309, retryCount=0, priority=2, status=SUCCESSFUL, repositoryInfo=RepositoryInfo[repositoryName=shortfbcbd7bf0e6eb0451a080e80fcb407dc1f12tstexc-localciintstudent1, repositoryType=user, triggeredByPushTo=user, assignmentRepositoryUri=http://localhost:49152/git/SHORTFBCBD7BF0E6EB0451A080E80FCB407DC1F12TSTEXC/shortfbcbd7bf0e6eb0451a080e80fcb407dc1f12tstexc-localciintstudent1.git, testRepositoryUri=http://localhost:49152/git/SHORTFBCBD7BF0E6EB0451A080E80FCB407DC1F12TSTEXC/shortfbcbd7bf0e6eb0451a080e80fcb407dc1f12tstexc-tests.git, solutionRepositoryUri=null, auxiliaryRepositoryUris=[Ljava.lang.String;@7e07fcbf, auxiliaryRepositoryCheckoutDirectories=[Ljava.lang.String;@5bc82f7d], jobTimingInfo=JobTimingInfo[submissionDate=2025-02-14T23:43:17.286977233Z[Etc/UTC], buildStartDate=2025-02-14T23:43:17.293977347Z[Etc/UTC], buildCompletionDate=2025-02-14T23:43:18.740990762Z[Etc/UTC], estimatedCompletionDate=2025-02-14T23:43:36.293970494Z[Etc/UTC], estimatedDuration=19], buildConfig=BuildConfig[buildScript=#!/bin/bash
cd /var/tmp/testing-dir
chmod +x ./gradlew
./gradlew clean test
, dockerImage=dummy-docker-image:latest, commitHashToBuild=4a1af7e8a64e6505c5fc09b9f81ea41af9fcff44, assignmentCommitHash=4a1af7e8a64e6505c5fc09b9f81ea41af9fcff44, testCommitHash=4a1af7e8a64e6505c5fc09b9f81ea41af9fcff44, branch=main, programmingLanguage=JAVA, projectType=PLAIN_GRADLE, scaEnabled=false, sequentialTestRunsEnabled=false, resultPaths=[/var/tmp/testing-dir/**/test-results/test/*.xml], timeoutSeconds=0, assignmentCheckoutPath=null, testCheckoutPath=null, solutionCheckoutPath=null, dockerRunConfig=null], submissionResult=ResultDTO[id=141, completionDate=2025-02-14T23:43:18.729015138Z[Etc/UTC], successful=false, score=0.0, rated=true, submission=SubmissionDTO[id=130, submitted=true, type=MANUAL, exampleSubmission=null, submissionDate=2025-02-14T23:43:17.272936Z, commitHash=4a1af7e8a64e6505c5fc09b9f81ea41af9fcff44, buildFailed=true, buildArtifact=false, participation=ParticipationDTO[id=494, testRun=false, type=programming, submissionCount=null, exercise=ParticipationExerciseDTO[id=309, exerciseType=PROGRAMMING, type=programming, assessmentType=AUTOMATIC, dueDate=2025-02-16T23:43:17.147218Z, assessmentDueDate=null, maxPoints=42.0, course=CourseDTO[id=158, accuracyOfScores=1]]], submissionExerciseType=programming, isProcessing=false, buildStartDate=null, estimatedCompletionDate=null], participation=ParticipationDTO[id=494, testRun=false, type=programming, submissionCount=null, exercise=ParticipationExerciseDTO[id=309, exerciseType=PROGRAMMING, type=programming, assessmentType=AUTOMATIC, dueDate=2025-02-16T23:43:17.147218Z, assessmentDueDate=null, maxPoints=42.0, course=CourseDTO[id=158, accuracyOfScores=1]]], feedbacks=[], assessmentType=AUTOMATIC, hasComplaint=null, exampleResult=null, testCaseCount=0, passedTestCaseCount=0, codeIssueCount=0]], BuildJobQueueItem[id=4971739576599269, name=SHORT52AD57270517204728083260501A19D262D1TSTEXC-LOCALCIINTSTUDENT1, buildAgent=BuildAgentDTO[name=artemis-build-agent-test, memberAddress=[127.0.0.1]:5703, displayName=artemis-build-agent-test], participationId=497, courseId=159, exerciseId=310, retryCount=0, priority=2, status=SUCCESSFUL, repositoryInfo=RepositoryInfo[repositoryName=short52ad57270517204728083260501a19d262d1tstexc-localciintstudent1, repositoryType=user, triggeredByPushTo=user, assignmentRepositoryUri=http://localhost:49152/git/SHORT52AD57270517204728083260501A19D262D1TSTEXC/short52ad57270517204728083260501a19d262d1tstexc-localciintstudent1.git, testRepositoryUri=http://localhost:49152/git/SHORT52AD57270517204728083260501A19D262D1TSTEXC/short52ad57270517204728083260501a19d262d1tstexc-tests.git, solutionRepositoryUri=null, auxiliaryRepositoryUris=[Ljava.lang.String;@4fb01bb0, auxiliaryRepositoryCheckoutDirectories=[Ljava.lang.String;@6e83ae95], jobTimingInfo=JobTimingInfo[submissionDate=2025-02-14T23:43:19.269997499Z[Etc/UTC], buildStartDate=2025-02-14T23:43:19.277325895Z[Etc/UTC], buildCompletionDate=2025-02-14T23:43:20.497391524Z[Etc/UTC], estimatedCompletionDate=2025-02-14T23:43:38.277310787Z[Etc/UTC], estimatedDuration=19], buildConfig=BuildConfig[buildScript=#!/bin/bash
cd /var/tmp/testing-dir
chmod +x ./gradlew
./gradlew clean test
, dockerImage=dummy-docker-image:latest, commitHashToBuild=9f4f76247a188e9a0f3516a9fbd60e829d53fb05, assignmentCommitHash=9f4f76247a188e9a0f3516a9fbd60e829d53fb05, testCommitHash=9f4f76247a188e9a0f3516a9fbd60e829d53fb05, branch=main, programmingLanguage=JAVA, projectType=PLAIN_GRADLE, scaEnabled=false, sequentialTestRunsEnabled=false, resultPaths=[/var/tmp/testing-dir/**/test-results/test/*.xml], timeoutSeconds=0, assignmentCheckoutPath=null, testCheckoutPath=null, solutionCheckoutPath=null, dockerRunConfig=null], submissionResult=ResultDTO[id=142, completionDate=2025-02-14T23:43:20.484244187Z[Etc/UTC], successful=false, score=7.7, rated=true, submission=SubmissionDTO[id=131, submitted=true, type=MANUAL, exampleSubmission=null, submissionDate=2025-02-14T23:43:19.265464Z, commitHash=9f4f76247a188e9a0f3516a9fbd60e829d53fb05, buildFailed=false, buildArtifact=false, participation=ParticipationDTO[id=497, testRun=false, type=programming, submissionCount=null, exercise=ParticipationExerciseDTO[id=310, exerciseType=PROGRAMMING, type=programming, assessmentType=AUTOMATIC, dueDate=2025-02-16T23:43:19.182228Z, assessmentDueDate=null, maxPoints=42.0, course=CourseDTO[id=159, accuracyOfScores=1]]], submissionExerciseType=programming, isProcessing=false, buildStartDate=null, estimatedCompletionDate=null], participation=ParticipationDTO[id=497, testRun=false, type=programming, submissionCount=null, exercise=ParticipationExerciseDTO[id=310, exerciseType=PROGRAMMING, type=programming, assessmentType=AUTOMATIC, dueDate=2025-02-16T23:43:19.182228Z, assessmentDueDate=null, maxPoints=42.0, course=CourseDTO[id=159, accuracyOfScores=1]]], feedbacks=[FeedbackDTO[id=173, text=null, detailText=The exercise expects a class with the name Context in the package testpackage. You did not implement the class in the exercise., hasLongFeedbackText=false, reference=null, credits=0.0, positive=false, type=AUTOMATIC, visibility=ALWAYS, testCase=TestCaseDTO[testName=null, id=169]], FeedbackDTO[id=174, text=null, detailText=The exercise expects a class with the name Policy in the package testpackage. You did not implement the class in the exercise., hasLongFeedbackText=false, reference=null, credits=0.0, positive=false, type=AUTOMATIC, visibility=ALWAYS, testCase=TestCaseDTO[testName=null, id=170]], FeedbackDTO[id=175, text=null, detailText=The exercise expects a class with the name SortStrategy in the package testpackage. You did not implement the class in the exercise., hasLongFeedbackText=false, reference=null, credits=0.0, positive=false, type=AUTOMATIC, visibility=ALWAYS, testCase=TestCaseDTO[testName=null, id=171]], FeedbackDTO[id=176, text=null, detailText=The class 'MergeSort' does not implement the interface 'SortStrategy' as expected. Implement the interface and its methods., hasLongFeedbackText=false, reference=null, credits=0.0, positive=false, type=AUTOMATIC, visibility=ALWAYS, testCase=TestCaseDTO[testName=null, id=166]], FeedbackDTO[id=177, text=null, detailText=The exercise expects a class with the name SortStrategy in the package testpackage. You did not implement the class in the exercise., hasLongFeedbackText=false, reference=null, credits=0.0, positive=false, type=AUTOMATIC, visibility=ALWAYS, testCase=TestCaseDTO[testName=null, id=163]], FeedbackDTO[id=178, text=null, detailText=The class 'BubbleSort' does not implement the interface 'SortStrategy' as expected. Implement the interface and its methods., hasLongFeedbackText=false, reference=null, credits=0.0, positive=false, type=AUTOMATIC, visibility=ALWAYS, testCase=TestCaseDTO[testName=null, id=167]], FeedbackDTO[id=179, text=null, detailText=MergeSort does not sort correctly, hasLongFeedbackText=false, reference=null, credits=0.0, positive=false, type=AUTOMATIC, visibility=ALWAYS, testCase=TestCaseDTO[testName=null, id=172]], FeedbackDTO[id=180, text=null, detailText=The class 'Context' was not found within the submission. Make sure to implement it properly., hasLongFeedbackText=false, reference=null, credits=0.0, positive=false, type=AUTOMATIC, visibility=ALWAYS, testCase=TestCaseDTO[testName=null, id=173]], FeedbackDTO[id=181, text=null, detailText=The class 'Context' was not found within the submission. Make sure to implement it properly., hasLongFeedbackText=false, reference=null, credits=0.0, positive=false, type=AUTOMATIC, visibility=ALWAYS, testCase=TestCaseDTO[testName=null, id=174]], FeedbackDTO[id=182, text=null, detailText=The exercise expects a class with the name Policy in the package testpackage. You did not implement the class in the exercise., hasLongFeedbackText=false, reference=null, credits=0.0, positive=false, type=AUTOMATIC, visibility=ALWAYS, testCase=TestCaseDTO[testName=null, id=168]], FeedbackDTO[id=183, text=null, detailText=The exercise expects a class with the name Context in the package testpackage. You did not implement the class in the exercise., hasLongFeedbackText=false, reference=null, credits=0.0, positive=false, type=AUTOMATIC, visibility=ALWAYS, testCase=TestCaseDTO[testName=null, id=164]], FeedbackDTO[id=184, text=null, detailText=The exercise expects a class with the name Policy in the package testpackage. You did not implement the class in the exercise., hasLongFeedbackText=false, reference=null, credits=0.0, positive=false, type=AUTOMATIC, visibility=ALWAYS, testCase=TestCaseDTO[testName=null, id=165]], FeedbackDTO[id=185, text=null, detailText=null, hasLongFeedbackText=false, reference=null, credits=3.230769230769231, positive=true, type=AUTOMATIC, visibility=ALWAYS, testCase=TestCaseDTO[testName=null, id=175]]], assessmentType=AUTOMATIC, hasComplaint=null, exampleResult=null, testCaseCount=13, passedTestCaseCount=1, codeIssueCount=0]], BuildJobQueueItem[id=5001739576601035, name=SHORT582B1BDC0A17704D6D0A46800FC19163DA47TSTEXC-LOCALCIINTSTUDENT1, buildAgent=BuildAgentDTO[name=artemis-build-agent-test, memberAddress=[127.0.0.1]:5703, displayName=artemis-build-agent-test], participationId=500, courseId=160, exerciseId=311, retryCount=0, priority=2, status=SUCCESSFUL, repositoryInfo=RepositoryInfo[repositoryName=short582b1bdc0a17704d6d0a46800fc19163da47tstexc-localciintstudent1, repositoryType=user, triggeredByPushTo=user, assignmentRepositoryUri=http://localhost:49152/git/SHORT582B1BDC0A17704D6D0A46800FC19163DA47TSTEXC/short582b1bdc0a17704d6d0a46800fc19163da47tstexc-localciintstudent1.git, testRepositoryUri=http://localhost:49152/git/SHORT582B1BDC0A17704D6D0A46800FC19163DA47TSTEXC/short582b1bdc0a17704d6d0a46800fc19163da47tstexc-tests.git, solutionRepositoryUri=null, auxiliaryRepositoryUris=[Ljava.lang.String;@2f2045fe, auxiliaryRepositoryCheckoutDirectories=[Ljava.lang.String;@350934a0], jobTimingInfo=JobTimingInfo[submissionDate=2025-02-14T23:43:21.035120760Z[Etc/UTC], buildStartDate=2025-02-14T23:43:21.040320383Z[Etc/UTC], buildCompletionDate=2025-02-14T23:43:22.581236903Z[Etc/UTC], estimatedCompletionDate=2025-02-14T23:43:40.040312057Z[Etc/UTC], estimatedDuration=19], buildConfig=BuildConfig[buildScript=#!/bin/bash
cd /var/tmp/testing-dir
chmod +x ./gradlew
./gradlew clean test
, dockerImage=dummy-docker-image:latest, commitHashToBuild=887566cf754016f986627cf5c5c365dea16c907f, assignmentCommitHash=887566cf754016f986627cf5c5c365dea16c907f, testCommitHash=6af67146332066e7430917928a4b9b81c43b7c71, branch=main, programmingLanguage=JAVA, projectType=PLAIN_GRADLE, scaEnabled=false, sequentialTestRunsEnabled=false, resultPaths=[/var/tmp/testing-dir/**/test-results/test/*.xml], timeoutSeconds=0, assignmentCheckoutPath=customAssignmentPath, testCheckoutPath=null, solutionCheckoutPath=null, dockerRunConfig=null], submissionResult=ResultDTO[id=143, completionDate=2025-02-14T23:43:22.538158998Z[Etc/UTC], successful=false, score=7.7, rated=true, submission=SubmissionDTO[id=132, submitted=true, type=MANUAL, exampleSubmission=null, submissionDate=2025-02-14T23:43:21.028930Z, commitHash=887566cf754016f986627cf5c5c365dea16c907f, buildFailed=false, buildArtifact=false, participation=ParticipationDTO[id=500, testRun=false, type=programming, submissionCount=null, exercise=ParticipationExerciseDTO[id=311, exerciseType=PROGRAMMING, type=programming, assessmentType=AUTOMATIC, dueDate=2025-02-16T23:43:20.897280Z, assessmentDueDate=null, maxPoints=42.0, course=CourseDTO[id=160, accuracyOfScores=1]]], submissionExerciseType=programming, isProcessing=false, buildStartDate=null, estimatedCompletionDate=null], participation=ParticipationDTO[id=500, testRun=false, type=programming, submissionCount=null, exercise=ParticipationExerciseDTO[id=311, exerciseType=PROGRAMMING, type=programming, assessmentType=AUTOMATIC, dueDate=2025-02-16T23:43:20.897280Z, assessmentDueDate=null, maxPoints=42.0, course=CourseDTO[id=160, accuracyOfScores=1]]], feedbacks=[FeedbackDTO[id=186, text=null, detailText=The exercise expects a class with the name Context in the package testpackage. You did not implement the class in the exercise., hasLongFeedbackText=false, reference=null, credits=0.0, positive=false, type=AUTOMATIC, visibility=ALWAYS, testCase=TestCaseDTO[testName=null, id=182]], FeedbackDTO[id=187, text=null, detailText=The exercise expects a class with the name Policy in the package testpackage. You did not implement the class in the exercise., hasLongFeedbackText=false, reference=null, credits=0.0, positive=false, type=AUTOMATIC, visibility=ALWAYS, testCase=TestCaseDTO[testName=null, id=183]], FeedbackDTO[id=188, text=null, detailText=The exercise expects a class with the name SortStrategy in the package testpackage. You did not implement the class in the exercise., hasLongFeedbackText=false, reference=null, credits=0.0, positive=false, type=AUTOMATIC, visibility=ALWAYS, testCase=TestCaseDTO[testName=null, id=184]], FeedbackDTO[id=189, text=null, detailText=The class 'MergeSort' does not implement the interface 'SortStrategy' as expected. Implement the interface and its methods., hasLongFeedbackText=false, reference=null, credits=0.0, positive=false, type=AUTOMATIC, visibility=ALWAYS, testCase=TestCaseDTO[testName=null, id=179]], FeedbackDTO[id=190, text=null, detailText=The exercise expects a class with the name SortStrategy in the package testpackage. You did not implement the class in the exercise., hasLongFeedbackText=false, reference=null, credits=0.0, positive=false, type=AUTOMATIC, visibility=ALWAYS, testCase=TestCaseDTO[testName=null, id=176]], FeedbackDTO[id=191, text=null, detailText=The class 'BubbleSort' does not implement the interface 'SortStrategy' as expected. Implement the interface and its methods., hasLongFeedbackText=false, reference=null, credits=0.0, positive=false, type=AUTOMATIC, visibility=ALWAYS, testCase=TestCaseDTO[testName=null, id=180]], FeedbackDTO[id=192, text=null, detailText=MergeSort does not sort correctly, hasLongFeedbackText=false, reference=null, credits=0.0, positive=false, type=AUTOMATIC, visibility=ALWAYS, testCase=TestCaseDTO[testName=null, id=185]], FeedbackDTO[id=193, text=null, detailText=The class 'Context' was not found within the submission. Make sure to implement it properly., hasLongFeedbackText=false, reference=null, credits=0.0, positive=false, type=AUTOMATIC, visibility=ALWAYS, testCase=TestCaseDTO[testName=null, id=186]], FeedbackDTO[id=194, text=null, detailText=The class 'Context' was not found within the submission. Make sure to implement it properly., hasLongFeedbackText=false, reference=null, credits=0.0, positive=false, type=AUTOMATIC, visibility=ALWAYS, testCase=TestCaseDTO[testName=null, id=187]], FeedbackDTO[id=195, text=null, detailText=The exercise expects a class with the name Policy in the package testpackage. You did not implement the class in the exercise., hasLongFeedbackText=false, reference=null, credits=0.0, positive=false, type=AUTOMATIC, visibility=ALWAYS, testCase=TestCaseDTO[testName=null, id=181]], FeedbackDTO[id=196, text=null, detailText=The exercise expects a class with the name Context in the package testpackage. You did not implement the class in the exercise., hasLongFeedbackText=false, reference=null, credits=0.0, positive=false, type=AUTOMATIC, visibility=ALWAYS, testCase=TestCaseDTO[testName=null, id=177]], FeedbackDTO[id=197, text=null, detailText=The exercise expects a class with the name Policy in the package testpackage. You did not implement the class in the exercise., hasLongFeedbackText=false, reference=null, credits=0.0, positive=false, type=AUTOMATIC, visibility=ALWAYS, testCase=TestCaseDTO[testName=null, id=178]], FeedbackDTO[id=198, text=null, detailText=null, hasLongFeedbackText=false, reference=null, credits=3.230769230769231, positive=true, type=AUTOMATIC, visibility=ALWAYS, testCase=TestCaseDTO[testName=null, id=188]]], assessmentType=AUTOMATIC, hasComplaint=null, exampleResult=null, testCaseCount=13, passedTestCaseCount=1, codeIssueCount=0]]], publicSshKey=ssh-rsa AAAAB3NzaC1yc2EAAAADAQABAAACAQCOPdMsxRE2jFJ/UEa5/LsBxtwzJcrh3/rYBCQvcMeVpiRfhzQPWu7mrt/G2Ew+i+vRloGH9aqKg6dd1liRncao53Zmd/ePxoatXePNhmzTfkCkcSkTUz7B+QMjkoDDV5jwuFPD6mF3JkhuzSi64n9Zy905t4w2IhVcjM2mL3eYNjiCXt6Qpq3Pkt7dM/Ksw1nxnvuiIALuJLB3FTkXkHqq3PJav+9HSq2r6ZaWgekneaGxlQlb+U+Vy3XOuArKAzK8c8i+0bR+AHiTG6ncYXt7ax3U+TdlDTF7OLP3umwaYjs1NBXOHwG42pevvpKn2fqavZZozk+M05jXLx3bq0O7itxfErWc7etky8qYPyyIMF/txQIVLd78+Ze4d7Y60t5MGbXM5cGE6fFif5fEJwgswXD+BrG0cafz1CTatjSKFdvp8Vp4VszXhHDan1PrP6JEFJ5Cc5GDmLRZPCFa3vL9f5qXgf4bkqKN8MYeEujwJE5nMRWoiJVNakix2bcrrneQMBlnYeYZVWXXXUusAQBzl4NgddC1umZpihZkL1b1MffZAUW3EGEXi7KHnllQhkTLLsQ8ntMgbylqaJKStqaXlLvdeRJcEnUuiFCrHEVVbXRFZR7XVDZ02CE5o3MuaRPty8Kh+jRTF3COlAckHwYEJCNNJvXFgb2CNXL4mjzYDw== test@localhost]
    23:43:24.892 | 132 Pool-1-worker-47 | DEBUG | d.t.c.a.a.c.u.util.UserUtilService   : Generate 4 students...
    23:43:24.896 | 566 localvc.event-13 | DEBUG | a.p.s.l.SharedQueueManagementService : Build agent updated: null
    23:43:24.916 | 132 Pool-1-worker-47 | DEBUG | d.t.c.a.a.c.u.util.UserUtilService   : 4 students generated. Generate 4 tutors...
    23:43:24.937 | 132 Pool-1-worker-47 | DEBUG | d.t.c.a.a.c.u.util.UserUtilService   : 4 tutors generated. Generate 4 editors...
    23:43:24.955 | 132 Pool-1-worker-47 | DEBUG | d.t.c.a.a.c.u.util.UserUtilService   : 4 editors generated. Generate 1 instructors...
    23:43:24.964 | 132 Pool-1-worker-47 | DEBUG | d.t.c.a.a.c.u.util.UserUtilService   : 1 instructors generated
    23:43:24.970 | 132 Pool-1-worker-47 | DEBUG | d.t.c.a.a.c.u.util.UserUtilService   : Removing 13 users from all courses...
    23:43:24.971 | 132 Pool-1-worker-47 | DEBUG | d.t.c.a.a.c.u.util.UserUtilService   : Removing 13 users from all courses. Done
    23:43:24.971 | 132 Pool-1-worker-47 | DEBUG | d.t.c.a.a.c.u.util.UserUtilService   : Save 13 users to database...
    23:43:24.984 | 132 Pool-1-worker-47 | DEBUG | d.t.c.a.a.c.u.util.UserUtilService   : Save 13 users to database. Done
    23:43:25.087 | 132 Pool-1-worker-47 | INFO  | i.z.t.d.l.EmbeddedDatabaseReporter   : JDBC URL to connect to 'dataSource': url='jdbc:h2:tcp://localhost:41063/mem:df70fc46-7e57-4cb5-9cd0-c1d90c14afa7;USER=sa', scope='AnswerMessageIntegrationTest#testEditAnswerPostWithIdIsNull_badRequest'
    23:43:25.090 | 132 Pool-1-worker-47 | DEBUG | d.t.c.a.a.c.s.f.ApiVersionFilter     : Adding Version to Request PUT /api/courses/857/answer-messages/999
    23:43:25.092 | 132 Pool-1-worker-47 | DEBUG | d.t.c.a.a.c.w.AnswerMessageResource  : PUT updateAnswerMessage invoked for course 857 with message User changes one of their conversation answerPosts
    23:43:25.096 | 132 Pool-1-worker-47 | ERROR | tech.jhipster.web.util.HeaderUtil    : Entity processing failed, Invalid id
    23:43:25.096 | 132 Pool-1-worker-47 | WARN  | o.z.p.spring.common.AdviceTraits     : Bad Request: Invalid id

  Starting logs for AnswerMessageIntegrationTest > testGetCourseWideMessages_WithOwnAndUnresolvedPosts()
    23:43:25.114 | 132 Pool-1-worker-47 | DEBUG | d.t.c.a.a.c.u.util.UserUtilService   : Generate 4 students...
    23:43:25.127 | 132 Pool-1-worker-47 | DEBUG | d.t.c.a.a.c.u.util.UserUtilService   : 4 students generated. Generate 4 tutors...
    23:43:25.138 | 132 Pool-1-worker-47 | DEBUG | d.t.c.a.a.c.u.util.UserUtilService   : 4 tutors generated. Generate 4 editors...
    23:43:25.145 | 132 Pool-1-worker-47 | DEBUG | d.t.c.a.a.c.u.util.UserUtilService   : 4 editors generated. Generate 1 instructors...
    23:43:25.148 | 132 Pool-1-worker-47 | DEBUG | d.t.c.a.a.c.u.util.UserUtilService   : 1 instructors generated
    23:43:25.149 | 132 Pool-1-worker-47 | DEBUG | d.t.c.a.a.c.u.util.UserUtilService   : Removing 13 users from all courses...
    23:43:25.151 | 132 Pool-1-worker-47 | DEBUG | d.t.c.a.a.c.u.util.UserUtilService   : Removing 13 users from all courses. Done
    23:43:25.151 | 132 Pool-1-worker-47 | DEBUG | d.t.c.a.a.c.u.util.UserUtilService   : Save 13 users to database...
    23:43:25.159 | 132 Pool-1-worker-47 | DEBUG | d.t.c.a.a.c.u.util.UserUtilService   : Save 13 users to database. Done
    23:43:25.255 | 566 localvc.event-13 | DEBUG | s.l.LocalCIWebsocketMessagingService : Sending message on topic /topic/admin/queued-jobs: [BuildJobQueueItem[id=5061739576605250, name=SHORT62C808EE04ECE040740AF7B0CF3AE5F5BEF2TSTEXC-LOCALCIINTSTUDENT1, buildAgent=BuildAgentDTO[name=null, memberAddress=null, displayName=null], participationId=506, courseId=162, exerciseId=313, retryCount=0, priority=2, status=null, repositoryInfo=RepositoryInfo[repositoryName=short62c808ee04ece040740af7b0cf3ae5f5bef2tstexc-localciintstudent1, repositoryType=user, triggeredByPushTo=user, assignmentRepositoryUri=, testRepositoryUri=, solutionRepositoryUri=, auxiliaryRepositoryUris=null, auxiliaryRepositoryCheckoutDirectories=null], jobTimingInfo=JobTimingInfo[submissionDate=2025-02-14T23:43:25.250749866Z[Etc/UTC], buildStartDate=null, buildCompletionDate=null, estimatedCompletionDate=null, estimatedDuration=19], buildConfig=BuildConfig[buildScript=, dockerImage=, commitHashToBuild=993b6f756e3e52a44d0537d4fa3a5d0e0acdbe89, assignmentCommitHash=, testCommitHash=, branch=, programmingLanguage=null, projectType=null, scaEnabled=false, sequentialTestRunsEnabled=false, resultPaths=null, timeoutSeconds=0, assignmentCheckoutPath=, testCheckoutPath=, solutionCheckoutPath=, dockerRunConfig=null], submissionResult=null]]
    23:43:25.256 | 566 localvc.event-13 | DEBUG | s.l.LocalCIWebsocketMessagingService : Sending message on topic /topic/courses/162/queued-jobs: [BuildJobQueueItem[id=5061739576605250, name=SHORT62C808EE04ECE040740AF7B0CF3AE5F5BEF2TSTEXC-LOCALCIINTSTUDENT1, buildAgent=BuildAgentDTO[name=null, memberAddress=null, displayName=null], participationId=506, courseId=162, exerciseId=313, retryCount=0, priority=2, status=null, repositoryInfo=RepositoryInfo[repositoryName=short62c808ee04ece040740af7b0cf3ae5f5bef2tstexc-localciintstudent1, repositoryType=user, triggeredByPushTo=user, assignmentRepositoryUri=, testRepositoryUri=, solutionRepositoryUri=, auxiliaryRepositoryUris=null, auxiliaryRepositoryCheckoutDirectories=null], jobTimingInfo=JobTimingInfo[submissionDate=2025-02-14T23:43:25.250749866Z[Etc/UTC], buildStartDate=null, buildCompletionDate=null, estimatedCompletionDate=null, estimatedDuration=19], buildConfig=BuildConfig[buildScript=, dockerImage=, commitHashToBuild=993b6f756e3e52a44d0537d4fa3a5d0e0acdbe89, assignmentCommitHash=, testCommitHash=, branch=, programmingLanguage=null, projectType=null, scaEnabled=false, sequentialTestRunsEnabled=false, resultPaths=null, timeoutSeconds=0, assignmentCheckoutPath=, testCheckoutPath=, solutionCheckoutPath=, dockerRunConfig=null], submissionResult=null]]
    23:43:25.256 | 566 localvc.event-13 | DEBUG | a.a.b.s.SharedQueueProcessingService : CIBuildJobQueueItem added to queue: BuildJobQueueItem[id=5061739576605250, name=SHORT62C808EE04ECE040740AF7B0CF3AE5F5BEF2TSTEXC-LOCALCIINTSTUDENT1, buildAgent=BuildAgentDTO[name=null, memberAddress=null, displayName=null], participationId=506, courseId=162, exerciseId=313, retryCount=0, priority=2, status=null, repositoryInfo=RepositoryInfo[repositoryName=short62c808ee04ece040740af7b0cf3ae5f5bef2tstexc-localciintstudent1, repositoryType=user, triggeredByPushTo=user, assignmentRepositoryUri=http://localhost:49152/git/SHORT62C808EE04ECE040740AF7B0CF3AE5F5BEF2TSTEXC/short62c808ee04ece040740af7b0cf3ae5f5bef2tstexc-localciintstudent1.git, testRepositoryUri=http://localhost:49152/git/SHORT62C808EE04ECE040740AF7B0CF3AE5F5BEF2TSTEXC/short62c808ee04ece040740af7b0cf3ae5f5bef2tstexc-tests.git, solutionRepositoryUri=null, auxiliaryRepositoryUris=[Ljava.lang.String;@58dd1d87, auxiliaryRepositoryCheckoutDirectories=[Ljava.lang.String;@7cf31832], jobTimingInfo=JobTimingInfo[submissionDate=2025-02-14T23:43:25.250749866Z[Etc/UTC], buildStartDate=null, buildCompletionDate=null, estimatedCompletionDate=null, estimatedDuration=19], buildConfig=BuildConfig[buildScript=#!/bin/bash
cd /var/tmp/testing-dir
chmod +x ./gradlew
./gradlew clean test
, dockerImage=dummy-docker-image:latest, commitHashToBuild=993b6f756e3e52a44d0537d4fa3a5d0e0acdbe89, assignmentCommitHash=993b6f756e3e52a44d0537d4fa3a5d0e0acdbe89, testCommitHash=993b6f756e3e52a44d0537d4fa3a5d0e0acdbe89, branch=main, programmingLanguage=JAVA, projectType=null, scaEnabled=false, sequentialTestRunsEnabled=false, resultPaths=[/var/tmp/testing-dir/**/test-results/test/*.xml], timeoutSeconds=0, assignmentCheckoutPath=null, testCheckoutPath=null, solutionCheckoutPath=null, dockerRunConfig=null], submissionResult=null]
    23:43:25.256 | 566 localvc.event-13 | DEBUG | a.a.b.s.SharedQueueProcessingService : Current queued items: 1
    23:43:25.257 | 566 localvc.event-13 | DEBUG | a.a.b.s.SharedQueueProcessingService : Currently processing jobs on this node: 1, active threads in Pool: 1, maximum pool size of thread executor : 1
    23:43:25.257 | 566 localvc.event-13 | DEBUG | a.a.b.s.SharedQueueProcessingService : Node has no available threads currently
    23:43:25.279 | 132 Pool-1-worker-47 | INFO  | i.z.t.d.l.EmbeddedDatabaseReporter   : JDBC URL to connect to 'dataSource': url='jdbc:h2:tcp://localhost:41063/mem:df70fc46-7e57-4cb5-9cd0-c1d90c14afa7;USER=sa', scope='AnswerMessageIntegrationTest#testGetCourseWideMessages_WithOwnAndUnresolvedPosts'
    23:43:25.281 | 132 Pool-1-worker-47 | DEBUG | d.t.c.a.a.c.s.f.ApiVersionFilter     : Adding Version to Request GET /api/courses/858/messages
    23:43:25.287 | 132 Pool-1-worker-47 | DEBUG | .a.c.r.ConversationMessageRepository : findPostIdsWithSpecification took 2.86ms
    23:43:25.289 | 132 Pool-1-worker-47 | DEBUG | .a.c.r.ConversationMessageRepository : findByPostIdsWithEagerRelationships took 2.16ms
    23:43:25.290 | 132 Pool-1-worker-47 | DEBUG | d.t.c.a.a.c.service.PostingService   : userRepository.findUserRolesInCourse done for 1 authors 
    23:43:25.298 | 132 Pool-1-worker-47 | DEBUG | .a.a.c.w.ConversationMessageResource : /courses/{courseId}/messages finished in 16.02ms for 5 posts with 4 answer posts, 0 reactions, and 0 answer post reactions for user answermessageintstudent1

  Starting logs for AnswerMessageIntegrationTest > testEditAnswerPostWithWrongCourseId_badRequest()
    23:43:25.330 | 132 Pool-1-worker-47 | DEBUG | d.t.c.a.a.c.u.util.UserUtilService   : Generate 4 students...
    23:43:25.344 | 132 Pool-1-worker-47 | DEBUG | d.t.c.a.a.c.u.util.UserUtilService   : 4 students generated. Generate 4 tutors...
    23:43:25.363 | 132 Pool-1-worker-47 | DEBUG | d.t.c.a.a.c.u.util.UserUtilService   : 4 tutors generated. Generate 4 editors...
    23:43:25.373 | 132 Pool-1-worker-47 | DEBUG | d.t.c.a.a.c.u.util.UserUtilService   : 4 editors generated. Generate 1 instructors...
    23:43:25.376 | 132 Pool-1-worker-47 | DEBUG | d.t.c.a.a.c.u.util.UserUtilService   : 1 instructors generated
    23:43:25.378 | 132 Pool-1-worker-47 | DEBUG | d.t.c.a.a.c.u.util.UserUtilService   : Removing 13 users from all courses...
    23:43:25.379 | 132 Pool-1-worker-47 | DEBUG | d.t.c.a.a.c.u.util.UserUtilService   : Removing 13 users from all courses. Done
    23:43:25.379 | 132 Pool-1-worker-47 | DEBUG | d.t.c.a.a.c.u.util.UserUtilService   : Save 13 users to database...
    23:43:25.387 | 132 Pool-1-worker-47 | DEBUG | d.t.c.a.a.c.u.util.UserUtilService   : Save 13 users to database. Done
    23:43:25.457 | 132 Pool-1-worker-47 | INFO  | i.z.t.d.l.EmbeddedDatabaseReporter   : JDBC URL to connect to 'dataSource': url='jdbc:h2:tcp://localhost:41063/mem:df70fc46-7e57-4cb5-9cd0-c1d90c14afa7;USER=sa', scope='AnswerMessageIntegrationTest#testEditAnswerPostWithWrongCourseId_badRequest'
    23:43:25.460 | 132 Pool-1-worker-47 | DEBUG | d.t.c.a.a.c.s.f.ApiVersionFilter     : Adding Version to Request PUT /api/courses/860/answer-messages/null
    23:43:25.479 | 132 Pool-1-worker-47 | WARN  | o.z.p.spring.common.AdviceTraits     : Bad Request: Method parameter 'answerMessageId': Failed to convert value of type 'java.lang.String' to required type 'java.lang.Long'; For input string: "null"

  Starting logs for AnswerMessageIntegrationTest > testEditConversationAnswerPost_forbidden()
    23:43:25.522 | 132 Pool-1-worker-47 | DEBUG | d.t.c.a.a.c.u.util.UserUtilService   : Generate 4 students...
    23:43:25.531 | 132 Pool-1-worker-47 | DEBUG | d.t.c.a.a.c.u.util.UserUtilService   : 4 students generated. Generate 4 tutors...
    23:43:25.536 | 132 Pool-1-worker-47 | DEBUG | d.t.c.a.a.c.u.util.UserUtilService   : 4 tutors generated. Generate 4 editors...
    23:43:25.542 | 132 Pool-1-worker-47 | DEBUG | d.t.c.a.a.c.u.util.UserUtilService   : 4 editors generated. Generate 1 instructors...
    23:43:25.547 | 132 Pool-1-worker-47 | DEBUG | d.t.c.a.a.c.u.util.UserUtilService   : 1 instructors generated
    23:43:25.549 | 132 Pool-1-worker-47 | DEBUG | d.t.c.a.a.c.u.util.UserUtilService   : Removing 13 users from all courses...
    23:43:25.552 | 132 Pool-1-worker-47 | DEBUG | d.t.c.a.a.c.u.util.UserUtilService   : Removing 13 users from all courses. Done
    23:43:25.552 | 132 Pool-1-worker-47 | DEBUG | d.t.c.a.a.c.u.util.UserUtilService   : Save 13 users to database...
    23:43:25.560 | 132 Pool-1-worker-47 | DEBUG | d.t.c.a.a.c.u.util.UserUtilService   : Save 13 users to database. Done
    23:43:25.686 | 132 Pool-1-worker-47 | INFO  | i.z.t.d.l.EmbeddedDatabaseReporter   : JDBC URL to connect to 'dataSource': url='jdbc:h2:tcp://localhost:41063/mem:df70fc46-7e57-4cb5-9cd0-c1d90c14afa7;USER=sa', scope='AnswerMessageIntegrationTest#testEditConversationAnswerPost_forbidden'
    23:43:25.690 | 132 Pool-1-worker-47 | DEBUG | d.t.c.a.a.c.s.f.ApiVersionFilter     : Adding Version to Request PUT /api/courses/861/answer-messages/63
    23:43:25.691 | 132 Pool-1-worker-47 | DEBUG | d.t.c.a.a.c.w.AnswerMessageResource  : PUT updateAnswerMessage invoked for course 861 with message Tutor attempts to change some other user's conversation answerPost
    23:43:25.708 | 132 Pool-1-worker-47 | WARN  | o.z.p.spring.common.AdviceTraits     : Forbidden: You are not allowed to access the Answer Post with id 63

  Starting logs for AnswerMessageIntegrationTest > [1] courseInformationSharingConfiguration=COMMUNICATION_ONLY
    23:43:25.739 | 132 Pool-1-worker-47 | DEBUG | d.t.c.a.a.c.u.util.UserUtilService   : Generate 4 students...
    23:43:25.746 | 132 Pool-1-worker-47 | DEBUG | d.t.c.a.a.c.u.util.UserUtilService   : 4 students generated. Generate 4 tutors...
    23:43:25.752 | 132 Pool-1-worker-47 | DEBUG | d.t.c.a.a.c.u.util.UserUtilService   : 4 tutors generated. Generate 4 editors...
    23:43:25.759 | 132 Pool-1-worker-47 | DEBUG | d.t.c.a.a.c.u.util.UserUtilService   : 4 editors generated. Generate 1 instructors...
    23:43:25.761 | 132 Pool-1-worker-47 | DEBUG | d.t.c.a.a.c.u.util.UserUtilService   : 1 instructors generated
    23:43:25.763 | 132 Pool-1-worker-47 | DEBUG | d.t.c.a.a.c.u.util.UserUtilService   : Removing 13 users from all courses...
    23:43:25.765 | 132 Pool-1-worker-47 | DEBUG | d.t.c.a.a.c.u.util.UserUtilService   : Removing 13 users from all courses. Done
    23:43:25.765 | 132 Pool-1-worker-47 | DEBUG | d.t.c.a.a.c.u.util.UserUtilService   : Save 13 users to database...
    23:43:25.773 | 132 Pool-1-worker-47 | DEBUG | d.t.c.a.a.c.u.util.UserUtilService   : Save 13 users to database. Done
    23:43:25.854 | 132 Pool-1-worker-47 | INFO  | i.z.t.d.l.EmbeddedDatabaseReporter   : JDBC URL to connect to 'dataSource': url='jdbc:h2:tcp://localhost:41063/mem:df70fc46-7e57-4cb5-9cd0-c1d90c14afa7;USER=sa', scope='AnswerMessageIntegrationTest#testCreateConversationAnswerPost'
    23:43:25.858 | 132 Pool-1-worker-47 | DEBUG | d.t.c.a.a.c.s.f.ApiVersionFilter     : Adding Version to Request POST /api/courses/862/answer-messages
    23:43:25.860 | 132 Pool-1-worker-47 | DEBUG | d.t.c.a.a.c.w.AnswerMessageResource  : POST createAnswerMessage invoked for course 862 with message Content Answer Post
    23:43:25.870 | 132 Pool-1-worker-47 | DEBUG | d.t.c.a.a.c.w.AnswerMessageResource  : createAnswerMessage took 9.55ms

  Starting logs for AnswerMessageIntegrationTest > [2] courseInformationSharingConfiguration=COMMUNICATION_AND_MESSAGING
    23:43:25.888 | 132 Pool-1-worker-47 | DEBUG | d.t.c.a.a.c.u.util.UserUtilService   : Generate 4 students...
    23:43:25.895 | 132 Pool-1-worker-47 | DEBUG | d.t.c.a.a.c.u.util.UserUtilService   : 4 students generated. Generate 4 tutors...
    23:43:25.902 | 132 Pool-1-worker-47 | DEBUG | d.t.c.a.a.c.u.util.UserUtilService   : 4 tutors generated. Generate 4 editors...
    23:43:25.909 | 132 Pool-1-worker-47 | DEBUG | d.t.c.a.a.c.u.util.UserUtilService   : 4 editors generated. Generate 1 instructors...
    23:43:25.912 | 132 Pool-1-worker-47 | DEBUG | d.t.c.a.a.c.u.util.UserUtilService   : 1 instructors generated
    23:43:25.913 | 132 Pool-1-worker-47 | DEBUG | d.t.c.a.a.c.u.util.UserUtilService   : Removing 13 users from all courses...
    23:43:25.915 | 132 Pool-1-worker-47 | DEBUG | d.t.c.a.a.c.u.util.UserUtilService   : Removing 13 users from all courses. Done
    23:43:25.915 | 132 Pool-1-worker-47 | DEBUG | d.t.c.a.a.c.u.util.UserUtilService   : Save 13 users to database...
    23:43:25.923 | 132 Pool-1-worker-47 | DEBUG | d.t.c.a.a.c.u.util.UserUtilService   : Save 13 users to database. Done
    23:43:26.002 | 132 Pool-1-worker-47 | INFO  | i.z.t.d.l.EmbeddedDatabaseReporter   : JDBC URL to connect to 'dataSource': url='jdbc:h2:tcp://localhost:41063/mem:df70fc46-7e57-4cb5-9cd0-c1d90c14afa7;USER=sa', scope='AnswerMessageIntegrationTest#testCreateConversationAnswerPost'
    23:43:26.004 | 132 Pool-1-worker-47 | DEBUG | d.t.c.a.a.c.s.f.ApiVersionFilter     : Adding Version to Request POST /api/courses/863/answer-messages
    23:43:26.005 | 132 Pool-1-worker-47 | DEBUG | d.t.c.a.a.c.w.AnswerMessageResource  : POST createAnswerMessage invoked for course 863 with message Content Answer Post
    23:43:26.017 | 132 Pool-1-worker-47 | DEBUG | d.t.c.a.a.c.w.AnswerMessageResource  : createAnswerMessage took 12.24ms

  Starting logs for AnswerMessageIntegrationTest > testEditConversationAnswerPost()
    23:43:26.032 | 132 Pool-1-worker-47 | DEBUG | d.t.c.a.a.c.u.util.UserUtilService   : Generate 4 students...
    23:43:26.038 | 132 Pool-1-worker-47 | DEBUG | d.t.c.a.a.c.u.util.UserUtilService   : 4 students generated. Generate 4 tutors...
    23:43:26.044 | 132 Pool-1-worker-47 | DEBUG | d.t.c.a.a.c.u.util.UserUtilService   : 4 tutors generated. Generate 4 editors...
    23:43:26.051 | 132 Pool-1-worker-47 | DEBUG | d.t.c.a.a.c.u.util.UserUtilService   : 4 editors generated. Generate 1 instructors...
    23:43:26.053 | 132 Pool-1-worker-47 | DEBUG | d.t.c.a.a.c.u.util.UserUtilService   : 1 instructors generated
    23:43:26.055 | 132 Pool-1-worker-47 | DEBUG | d.t.c.a.a.c.u.util.UserUtilService   : Removing 13 users from all courses...
    23:43:26.056 | 132 Pool-1-worker-47 | DEBUG | d.t.c.a.a.c.u.util.UserUtilService   : Removing 13 users from all courses. Done
    23:43:26.056 | 132 Pool-1-worker-47 | DEBUG | d.t.c.a.a.c.u.util.UserUtilService   : Save 13 users to database...
    23:43:26.063 | 132 Pool-1-worker-47 | DEBUG | d.t.c.a.a.c.u.util.UserUtilService   : Save 13 users to database. Done
    23:43:26.126 | 132 Pool-1-worker-47 | INFO  | i.z.t.d.l.EmbeddedDatabaseReporter   : JDBC URL to connect to 'dataSource': url='jdbc:h2:tcp://localhost:41063/mem:df70fc46-7e57-4cb5-9cd0-c1d90c14afa7;USER=sa', scope='AnswerMessageIntegrationTest#testEditConversationAnswerPost'
    23:43:26.128 | 132 Pool-1-worker-47 | DEBUG | d.t.c.a.a.c.s.f.ApiVersionFilter     : Adding Version to Request PUT /api/courses/864/answer-messages/88
    23:43:26.128 | 132 Pool-1-worker-47 | DEBUG | d.t.c.a.a.c.w.AnswerMessageResource  : PUT updateAnswerMessage invoked for course 864 with message User changes one of their conversation answerPosts
    23:43:26.138 | 132 Pool-1-worker-47 | DEBUG | d.t.c.a.a.c.w.AnswerMessageResource  : updateAnswerMessage took 9.33ms

  Starting logs for AnswerMessageIntegrationTest > testDeleteConversationPost_forbidden()
    23:43:26.152 | 132 Pool-1-worker-47 | DEBUG | d.t.c.a.a.c.u.util.UserUtilService   : Generate 4 students...
    23:43:26.157 | 132 Pool-1-worker-47 | DEBUG | d.t.c.a.a.c.u.util.UserUtilService   : 4 students generated. Generate 4 tutors...
    23:43:26.162 | 132 Pool-1-worker-47 | DEBUG | d.t.c.a.a.c.u.util.UserUtilService   : 4 tutors generated. Generate 4 editors...
    23:43:26.166 | 132 Pool-1-worker-47 | DEBUG | d.t.c.a.a.c.u.util.UserUtilService   : 4 editors generated. Generate 1 instructors...
    23:43:26.168 | 132 Pool-1-worker-47 | DEBUG | d.t.c.a.a.c.u.util.UserUtilService   : 1 instructors generated
    23:43:26.169 | 132 Pool-1-worker-47 | DEBUG | d.t.c.a.a.c.u.util.UserUtilService   : Removing 13 users from all courses...
    23:43:26.171 | 132 Pool-1-worker-47 | DEBUG | d.t.c.a.a.c.u.util.UserUtilService   : Removing 13 users from all courses. Done
    23:43:26.171 | 132 Pool-1-worker-47 | DEBUG | d.t.c.a.a.c.u.util.UserUtilService   : Save 13 users to database...
    23:43:26.176 | 132 Pool-1-worker-47 | DEBUG | d.t.c.a.a.c.u.util.UserUtilService   : Save 13 users to database. Done
    23:43:26.234 | 132 Pool-1-worker-47 | INFO  | i.z.t.d.l.EmbeddedDatabaseReporter   : JDBC URL to connect to 'dataSource': url='jdbc:h2:tcp://localhost:41063/mem:df70fc46-7e57-4cb5-9cd0-c1d90c14afa7;USER=sa', scope='AnswerMessageIntegrationTest#testDeleteConversationPost_forbidden'
    23:43:26.235 | 132 Pool-1-worker-47 | DEBUG | d.t.c.a.a.c.s.f.ApiVersionFilter     : Adding Version to Request DELETE /api/courses/865/answer-messages/97
    23:43:26.235 | 132 Pool-1-worker-47 | DEBUG | d.t.c.a.a.c.w.AnswerMessageResource  : PUT deleteAnswerMessage invoked for course 865 on message 97
    23:43:26.241 | 132 Pool-1-worker-47 | WARN  | o.z.p.spring.common.AdviceTraits     : Forbidden: You are not allowed to access the Answer Post with id 97

  Starting logs for AnswerMessageIntegrationTest > testCreateConversationAnswerPost_badRequest()
    23:43:26.258 | 132 Pool-1-worker-47 | DEBUG | d.t.c.a.a.c.u.util.UserUtilService   : Generate 4 students...
    23:43:26.264 | 132 Pool-1-worker-47 | DEBUG | d.t.c.a.a.c.u.util.UserUtilService   : 4 students generated. Generate 4 tutors...
    23:43:26.270 | 132 Pool-1-worker-47 | DEBUG | d.t.c.a.a.c.u.util.UserUtilService   : 4 tutors generated. Generate 4 editors...
    23:43:26.276 | 132 Pool-1-worker-47 | DEBUG | d.t.c.a.a.c.u.util.UserUtilService   : 4 editors generated. Generate 1 instructors...
    23:43:26.279 | 132 Pool-1-worker-47 | DEBUG | d.t.c.a.a.c.u.util.UserUtilService   : 1 instructors generated
    23:43:26.281 | 132 Pool-1-worker-47 | DEBUG | d.t.c.a.a.c.u.util.UserUtilService   : Removing 13 users from all courses...
    23:43:26.282 | 132 Pool-1-worker-47 | DEBUG | d.t.c.a.a.c.u.util.UserUtilService   : Removing 13 users from all courses. Done
    23:43:26.282 | 132 Pool-1-worker-47 | DEBUG | d.t.c.a.a.c.u.util.UserUtilService   : Save 13 users to database...
    23:43:26.287 | 132 Pool-1-worker-47 | DEBUG | d.t.c.a.a.c.u.util.UserUtilService   : Save 13 users to database. Done
    23:43:26.379 | 132 Pool-1-worker-47 | INFO  | i.z.t.d.l.EmbeddedDatabaseReporter   : JDBC URL to connect to 'dataSource': url='jdbc:h2:tcp://localhost:41063/mem:df70fc46-7e57-4cb5-9cd0-c1d90c14afa7;USER=sa', scope='AnswerMessageIntegrationTest#testCreateConversationAnswerPost_badRequest'
    23:43:26.384 | 132 Pool-1-worker-47 | DEBUG | d.t.c.a.a.c.s.f.ApiVersionFilter     : Adding Version to Request POST /api/courses/866/answer-messages
    23:43:26.385 | 132 Pool-1-worker-47 | DEBUG | d.t.c.a.a.c.w.AnswerMessageResource  : POST createAnswerMessage invoked for course 866 with message Content Answer Post
    23:43:26.391 | 132 Pool-1-worker-47 | ERROR | tech.jhipster.web.util.HeaderUtil    : Entity processing failed, A new answer post cannot already have an ID
    23:43:26.391 | 132 Pool-1-worker-47 | WARN  | o.z.p.spring.common.AdviceTraits     : Bad Request: A new answer post cannot already have an ID

  Starting logs for AnswerMessageIntegrationTest > testDeleteConversationPost()
    23:43:26.406 | 132 Pool-1-worker-47 | DEBUG | d.t.c.a.a.c.u.util.UserUtilService   : Generate 4 students...
    23:43:26.412 | 132 Pool-1-worker-47 | DEBUG | d.t.c.a.a.c.u.util.UserUtilService   : 4 students generated. Generate 4 tutors...
    23:43:26.418 | 132 Pool-1-worker-47 | DEBUG | d.t.c.a.a.c.u.util.UserUtilService   : 4 tutors generated. Generate 4 editors...
    23:43:26.424 | 132 Pool-1-worker-47 | DEBUG | d.t.c.a.a.c.u.util.UserUtilService   : 4 editors generated. Generate 1 instructors...
    23:43:26.427 | 132 Pool-1-worker-47 | DEBUG | d.t.c.a.a.c.u.util.UserUtilService   : 1 instructors generated
    23:43:26.429 | 132 Pool-1-worker-47 | DEBUG | d.t.c.a.a.c.u.util.UserUtilService   : Removing 13 users from all courses...
    23:43:26.430 | 132 Pool-1-worker-47 | DEBUG | d.t.c.a.a.c.u.util.UserUtilService   : Removing 13 users from all courses. Done
    23:43:26.430 | 132 Pool-1-worker-47 | DEBUG | d.t.c.a.a.c.u.util.UserUtilService   : Save 13 users to database...
    23:43:26.437 | 132 Pool-1-worker-47 | DEBUG | d.t.c.a.a.c.u.util.UserUtilService   : Save 13 users to database. Done
    23:43:26.514 | 132 Pool-1-worker-47 | INFO  | i.z.t.d.l.EmbeddedDatabaseReporter   : JDBC URL to connect to 'dataSource': url='jdbc:h2:tcp://localhost:41063/mem:df70fc46-7e57-4cb5-9cd0-c1d90c14afa7;USER=sa', scope='AnswerMessageIntegrationTest#testDeleteConversationPost'
    23:43:26.515 | 132 Pool-1-worker-47 | DEBUG | d.t.c.a.a.c.s.f.ApiVersionFilter     : Adding Version to Request DELETE /api/courses/867/answer-messages/112
    23:43:26.515 | 132 Pool-1-worker-47 | DEBUG | d.t.c.a.a.c.w.AnswerMessageResource  : PUT deleteAnswerMessage invoked for course 867 on message 112
    23:43:26.525 | 132 Pool-1-worker-47 | DEBUG | d.t.c.a.a.c.w.AnswerMessageResource  : deleteAnswerMessage took 9.28ms

  Starting logs for AnswerMessageIntegrationTest > testGetCourseWideMessages_WithUnresolvedPosts()
    23:43:26.541 | 132 Pool-1-worker-47 | DEBUG | d.t.c.a.a.c.u.util.UserUtilService   : Generate 4 students...
    23:43:26.550 | 132 Pool-1-worker-47 | DEBUG | d.t.c.a.a.c.u.util.UserUtilService   : 4 students generated. Generate 4 tutors...
    23:43:26.557 | 132 Pool-1-worker-47 | DEBUG | d.t.c.a.a.c.u.util.UserUtilService   : 4 tutors generated. Generate 4 editors...
    23:43:26.562 | 132 Pool-1-worker-47 | DEBUG | d.t.c.a.a.c.u.util.UserUtilService   : 4 editors generated. Generate 1 instructors...
    23:43:26.566 | 132 Pool-1-worker-47 | DEBUG | d.t.c.a.a.c.u.util.UserUtilService   : 1 instructors generated
    23:43:26.567 | 132 Pool-1-worker-47 | DEBUG | d.t.c.a.a.c.u.util.UserUtilService   : Removing 13 users from all courses...
    23:43:26.568 | 132 Pool-1-worker-47 | DEBUG | d.t.c.a.a.c.u.util.UserUtilService   : Removing 13 users from all courses. Done
    23:43:26.568 | 132 Pool-1-worker-47 | DEBUG | d.t.c.a.a.c.u.util.UserUtilService   : Save 13 users to database...
    23:43:26.579 | 132 Pool-1-worker-47 | DEBUG | d.t.c.a.a.c.u.util.UserUtilService   : Save 13 users to database. Done
    23:43:26.661 | 132 Pool-1-worker-47 | INFO  | i.z.t.d.l.EmbeddedDatabaseReporter   : JDBC URL to connect to 'dataSource': url='jdbc:h2:tcp://localhost:41063/mem:df70fc46-7e57-4cb5-9cd0-c1d90c14afa7;USER=sa', scope='AnswerMessageIntegrationTest#testGetCourseWideMessages_WithUnresolvedPosts'
    23:43:26.662 | 132 Pool-1-worker-47 | DEBUG | d.t.c.a.a.c.s.f.ApiVersionFilter     : Adding Version to Request GET /api/courses/868/messages
    23:43:26.668 | 132 Pool-1-worker-47 | DEBUG | .a.c.r.ConversationMessageRepository : findPostIdsWithSpecification took 3.13ms
    23:43:26.672 | 132 Pool-1-worker-47 | DEBUG | .a.c.r.ConversationMessageRepository : findByPostIdsWithEagerRelationships took 4.16ms
    23:43:26.673 | 132 Pool-1-worker-47 | DEBUG | d.t.c.a.a.c.service.PostingService   : userRepository.findUserRolesInCourse done for 4 authors 
    23:43:26.693 | 132 Pool-1-worker-47 | DEBUG | .a.a.c.w.ConversationMessageResource : /courses/{courseId}/messages finished in 29.94ms for 21 posts with 4 answer posts, 0 reactions, and 0 answer post reactions for user answermessageintstudent1

  Starting logs for AnswerMessageIntegrationTest > [1] userMention=no mention, isUserMentionValid=true
    23:43:26.718 | 132 Pool-1-worker-47 | DEBUG | d.t.c.a.a.c.u.util.UserUtilService   : Generate 4 students...
    23:43:26.725 | 132 Pool-1-worker-47 | DEBUG | d.t.c.a.a.c.u.util.UserUtilService   : 4 students generated. Generate 4 tutors...
    23:43:26.731 | 132 Pool-1-worker-47 | DEBUG | d.t.c.a.a.c.u.util.UserUtilService   : 4 tutors generated. Generate 4 editors...
    23:43:26.737 | 132 Pool-1-worker-47 | DEBUG | d.t.c.a.a.c.u.util.UserUtilService   : 4 editors generated. Generate 1 instructors...
    23:43:26.740 | 132 Pool-1-worker-47 | DEBUG | d.t.c.a.a.c.u.util.UserUtilService   : 1 instructors generated
    23:43:26.742 | 132 Pool-1-worker-47 | DEBUG | d.t.c.a.a.c.u.util.UserUtilService   : Removing 13 users from all courses...
    23:43:26.744 | 132 Pool-1-worker-47 | DEBUG | d.t.c.a.a.c.u.util.UserUtilService   : Removing 13 users from all courses. Done
    23:43:26.744 | 132 Pool-1-worker-47 | DEBUG | d.t.c.a.a.c.u.util.UserUtilService   : Save 13 users to database...
    23:43:26.752 | 132 Pool-1-worker-47 | DEBUG | d.t.c.a.a.c.u.util.UserUtilService   : Save 13 users to database. Done
    23:43:26.813 | 566 localvc.event-13 | DEBUG | p.s.l.LocalCIResultProcessingService : Result of build job with id 5031739576604847 added to queue
    23:43:26.814 | 568 localvc.event-15 | DEBUG | a.p.s.l.LocalCIQueueWebsocketService : CIBuildJobQueueItem removed from processing jobs: BuildJobQueueItem[id=5031739576604847, name=SHORT00FA1A240403404C7E097D7007C591BE2AB1TSTEXC-LOCALCIINTSTUDENT1, buildAgent=BuildAgentDTO[name=artemis-build-agent-test, memberAddress=[127.0.0.1]:5703, displayName=artemis-build-agent-test], participationId=503, courseId=161, exerciseId=312, retryCount=0, priority=2, status=null, repositoryInfo=RepositoryInfo[repositoryName=short00fa1a240403404c7e097d7007c591be2ab1tstexc-localciintstudent1, repositoryType=user, triggeredByPushTo=user, assignmentRepositoryUri=http://localhost:49152/git/SHORT00FA1A240403404C7E097D7007C591BE2AB1TSTEXC/short00fa1a240403404c7e097d7007c591be2ab1tstexc-localciintstudent1.git, testRepositoryUri=http://localhost:49152/git/SHORT00FA1A240403404C7E097D7007C591BE2AB1TSTEXC/short00fa1a240403404c7e097d7007c591be2ab1tstexc-tests.git, solutionRepositoryUri=null, auxiliaryRepositoryUris=[Ljava.lang.String;@3820a613, auxiliaryRepositoryCheckoutDirectories=[Ljava.lang.String;@6a5f59dc], jobTimingInfo=JobTimingInfo[submissionDate=2025-02-14T23:43:24.847396156Z[Etc/UTC], buildStartDate=2025-02-14T23:43:24.860457211Z[Etc/UTC], buildCompletionDate=null, estimatedCompletionDate=2025-02-14T23:43:46.860451490Z[Etc/UTC], estimatedDuration=22], buildConfig=BuildConfig[buildScript=#!/bin/bash
cd /var/tmp/testing-dir
chmod +x ./gradlew
./gradlew clean test
, dockerImage=dummy-docker-image:latest, commitHashToBuild=9690714a509af0a98c6790a7e52ee3574c7ef689, assignmentCommitHash=9690714a509af0a98c6790a7e52ee3574c7ef689, testCommitHash=9690714a509af0a98c6790a7e52ee3574c7ef689, branch=main, programmingLanguage=JAVA, projectType=PLAIN_GRADLE, scaEnabled=false, sequentialTestRunsEnabled=false, resultPaths=[/var/tmp/testing-dir/**/test-results/test/*.xml], timeoutSeconds=0, assignmentCheckoutPath=null, testCheckoutPath=null, solutionCheckoutPath=null, dockerRunConfig=null], submissionResult=null]
    23:43:26.814 | 568 localvc.event-15 | DEBUG | s.l.LocalCIWebsocketMessagingService : Sending message on topic /topic/admin/running-jobs: []
    23:43:26.814 | 568 localvc.event-15 | DEBUG | s.l.LocalCIWebsocketMessagingService : Sending message on topic /topic/courses/161/running-jobs: []
    23:43:26.815 | 566 localvc.event-13 | INFO  | p.s.l.LocalCIResultProcessingService : Processing build job result with id 5031739576604847
    23:43:26.815 | 566 localvc.event-13 | DEBUG | p.s.l.LocalCIResultProcessingService : Build jobs waiting in queue: 0
    23:43:26.815 | 566 localvc.event-13 | DEBUG | p.s.l.LocalCIResultProcessingService : Queued build jobs: []
    23:43:26.820 | 566 localvc.event-13 | DEBUG | .s.ProgrammingExerciseGradingService : Received new build result (NEW) for participation 503
    23:43:26.826 | 132 Pool-1-worker-47 | INFO  | i.z.t.d.l.EmbeddedDatabaseReporter   : JDBC URL to connect to 'dataSource': url='jdbc:h2:tcp://localhost:41063/mem:df70fc46-7e57-4cb5-9cd0-c1d90c14afa7;USER=sa', scope='AnswerMessageIntegrationTest#testCreateConversationAnswerPostWithUserMention'
    23:43:26.829 | 132 Pool-1-worker-47 | DEBUG | d.t.c.a.a.c.s.f.ApiVersionFilter     : Adding Version to Request POST /api/courses/869/answer-messages
    23:43:26.830 | 132 Pool-1-worker-47 | DEBUG | d.t.c.a.a.c.w.AnswerMessageResource  : POST createAnswerMessage invoked for course 869 with message no mention
    23:43:26.838 | 132 Pool-1-worker-47 | DEBUG | d.t.c.a.a.c.w.AnswerMessageResource  : createAnswerMessage took 8.56ms

  Starting logs for AnswerMessageIntegrationTest > [2] userMention=[user]answermessageintstudent1First answermessageintstudent1Last(answermessageintstudent1)[/user], isUserMentionValid=true
    23:43:26.857 | 132 Pool-1-worker-47 | DEBUG | d.t.c.a.a.c.u.util.UserUtilService   : Generate 4 students...
    23:43:26.863 | 132 Pool-1-worker-47 | DEBUG | d.t.c.a.a.c.u.util.UserUtilService   : 4 students generated. Generate 4 tutors...
    23:43:26.869 | 132 Pool-1-worker-47 | DEBUG | d.t.c.a.a.c.u.util.UserUtilService   : 4 tutors generated. Generate 4 editors...
    23:43:26.875 | 132 Pool-1-worker-47 | DEBUG | d.t.c.a.a.c.u.util.UserUtilService   : 4 editors generated. Generate 1 instructors...
    23:43:26.878 | 132 Pool-1-worker-47 | DEBUG | d.t.c.a.a.c.u.util.UserUtilService   : 1 instructors generated
    23:43:26.879 | 132 Pool-1-worker-47 | DEBUG | d.t.c.a.a.c.u.util.UserUtilService   : Removing 13 users from all courses...
    23:43:26.881 | 132 Pool-1-worker-47 | DEBUG | d.t.c.a.a.c.u.util.UserUtilService   : Removing 13 users from all courses. Done
    23:43:26.881 | 132 Pool-1-worker-47 | DEBUG | d.t.c.a.a.c.u.util.UserUtilService   : Save 13 users to database...
    23:43:26.889 | 132 Pool-1-worker-47 | DEBUG | d.t.c.a.a.c.u.util.UserUtilService   : Save 13 users to database. Done
    23:43:26.894 | 566 localvc.event-13 | DEBUG | .c.s.m.InstanceMessageReceiveService : Received schedule participant score for exercise 312 and participant 37 (result to be deleted: null)
    23:43:26.894 | 566 localvc.event-13 | DEBUG | .a.s.ParticipantScoreScheduleService : Scheduled task for exercise 312 and participant 37 at 2025-02-14T23:43:26.994204483Z[Etc/UTC].
    23:43:26.895 | 566 localvc.event-13 | ERROR | p.s.l.LocalCIResultProcessingService : Error while processing build job: BuildJobQueueItem[id=5031739576604847, name=SHORT00FA1A240403404C7E097D7007C591BE2AB1TSTEXC-LOCALCIINTSTUDENT1, buildAgent=BuildAgentDTO[name=artemis-build-agent-test, memberAddress=[127.0.0.1]:5703, displayName=artemis-build-agent-test], participationId=503, courseId=161, exerciseId=312, retryCount=0, priority=2, status=FAILED, repositoryInfo=RepositoryInfo[repositoryName=short00fa1a240403404c7e097d7007c591be2ab1tstexc-localciintstudent1, repositoryType=user, triggeredByPushTo=user, assignmentRepositoryUri=http://localhost:49152/git/SHORT00FA1A240403404C7E097D7007C591BE2AB1TSTEXC/short00fa1a240403404c7e097d7007c591be2ab1tstexc-localciintstudent1.git, testRepositoryUri=http://localhost:49152/git/SHORT00FA1A240403404C7E097D7007C591BE2AB1TSTEXC/short00fa1a240403404c7e097d7007c591be2ab1tstexc-tests.git, solutionRepositoryUri=null, auxiliaryRepositoryUris=[Ljava.lang.String;@a96992, auxiliaryRepositoryCheckoutDirectories=[Ljava.lang.String;@65e37a8e], jobTimingInfo=JobTimingInfo[submissionDate=2025-02-14T23:43:24.847396156Z[Etc/UTC], buildStartDate=2025-02-14T23:43:24.860457211Z[Etc/UTC], buildCompletionDate=2025-02-14T23:43:26.809353681Z[Etc/UTC], estimatedCompletionDate=2025-02-14T23:43:46.860451490Z[Etc/UTC], estimatedDuration=22], buildConfig=BuildConfig[buildScript=#!/bin/bash
cd /var/tmp/testing-dir
chmod +x ./gradlew
./gradlew clean test
, dockerImage=dummy-docker-image:latest, commitHashToBuild=9690714a509af0a98c6790a7e52ee3574c7ef689, assignmentCommitHash=9690714a509af0a98c6790a7e52ee3574c7ef689, testCommitHash=9690714a509af0a98c6790a7e52ee3574c7ef689, branch=main, programmingLanguage=JAVA, projectType=PLAIN_GRADLE, scaEnabled=false, sequentialTestRunsEnabled=false, resultPaths=[/var/tmp/testing-dir/**/test-results/test/*.xml], timeoutSeconds=0, assignmentCheckoutPath=null, testCheckoutPath=null, solutionCheckoutPath=null, dockerRunConfig=null], submissionResult=null]
java.util.concurrent.CompletionException: java.util.concurrent.ExecutionException: de.tum.cit.aet.artemis.core.exception.LocalCIException: Error while cloning repository short00fa1a240403404c7e097d7007c591be2ab1tstexc-localciintstudent1 with uri http://localhost:49152/git/SHORT00FA1A240403404C7E097D7007C591BE2AB1TSTEXC/short00fa1a240403404c7e097d7007c591be2ab1tstexc-localciintstudent1.git after 3 attempts
	at de.tum.cit.aet.artemis.buildagent.service.BuildJobManagementService.lambda$executeBuildJob$2(BuildJobManagementService.java:188)
	at de.tum.cit.aet.artemis.buildagent.service.BuildJobManagementService.createCompletableFuture(BuildJobManagementService.java:236)
	at de.tum.cit.aet.artemis.buildagent.service.BuildJobManagementService.executeBuildJob(BuildJobManagementService.java:163)
	at de.tum.cit.aet.artemis.buildagent.service.SharedQueueProcessingService.processBuild(SharedQueueProcessingService.java:413)
	at de.tum.cit.aet.artemis.buildagent.service.SharedQueueProcessingService.checkAvailabilityAndProcessNextBuild(SharedQueueProcessingService.java:269)
	at org.springframework.scheduling.support.DelegatingErrorHandlingRunnable.run(DelegatingErrorHandlingRunnable.java:54)
	at java.base/java.util.concurrent.Executors$RunnableAdapter.call(Executors.java:572)
	at java.base/java.util.concurrent.FutureTask.runAndReset(FutureTask.java:358)
	at java.base/java.util.concurrent.ScheduledThreadPoolExecutor$ScheduledFutureTask.run(ScheduledThreadPoolExecutor.java:305)
	at java.base/java.util.concurrent.ThreadPoolExecutor.runWorker(ThreadPoolExecutor.java:1144)
	at java.base/java.util.concurrent.ThreadPoolExecutor$Worker.run(ThreadPoolExecutor.java:642)
	at java.base/java.lang.Thread.run(Thread.java:1583)
Caused by: java.util.concurrent.ExecutionException: de.tum.cit.aet.artemis.core.exception.LocalCIException: Error while cloning repository short00fa1a240403404c7e097d7007c591be2ab1tstexc-localciintstudent1 with uri http://localhost:49152/git/SHORT00FA1A240403404C7E097D7007C591BE2AB1TSTEXC/short00fa1a240403404c7e097d7007c591be2ab1tstexc-localciintstudent1.git after 3 attempts
	at java.base/java.util.concurrent.FutureTask.report(FutureTask.java:122)
	at java.base/java.util.concurrent.FutureTask.get(FutureTask.java:205)
	at de.tum.cit.aet.artemis.buildagent.service.BuildJobManagementService.lambda$executeBuildJob$2(BuildJobManagementService.java:165)
	... 11 common frames omitted
Caused by: de.tum.cit.aet.artemis.core.exception.LocalCIException: Error while cloning repository short00fa1a240403404c7e097d7007c591be2ab1tstexc-localciintstudent1 with uri http://localhost:49152/git/SHORT00FA1A240403404C7E097D7007C591BE2AB1TSTEXC/short00fa1a240403404c7e097d7007c591be2ab1tstexc-localciintstudent1.git after 3 attempts
	at de.tum.cit.aet.artemis.buildagent.service.BuildJobExecutionService.cloneRepository(BuildJobExecutionService.java:552)
	at de.tum.cit.aet.artemis.buildagent.service.BuildJobExecutionService.runBuildJob(BuildJobExecutionService.java:205)
	at java.base/jdk.internal.reflect.DirectMethodHandleAccessor.invoke(DirectMethodHandleAccessor.java:103)
	at java.base/java.lang.reflect.Method.invoke(Method.java:580)
	at org.springframework.aop.support.AopUtils.invokeJoinpointUsingReflection(AopUtils.java:359)
	at org.springframework.aop.framework.CglibAopProxy$DynamicAdvisedInterceptor.intercept(CglibAopProxy.java:723)
	at de.tum.cit.aet.artemis.buildagent.service.BuildJobExecutionService$$SpringCGLIB$$0.runBuildJob(<generated>)
	at de.tum.cit.aet.artemis.buildagent.service.BuildJobManagementService.lambda$executeBuildJob$1(BuildJobManagementService.java:129)
	at java.base/java.util.concurrent.FutureTask.run(FutureTask.java:317)
	... 3 common frames omitted
Caused by: org.eclipse.jgit.api.errors.InvalidRemoteException: Invalid remote: origin
	at org.eclipse.jgit.api.FetchCommand.call(FetchCommand.java:246)
	at org.eclipse.jgit.api.CloneCommand.fetch(CloneCommand.java:319)
	at org.eclipse.jgit.api.CloneCommand.call(CloneCommand.java:189)
	at de.tum.cit.aet.artemis.buildagent.service.BuildJobGitService.cloneRepository(BuildJobGitService.java:122)
	at de.tum.cit.aet.artemis.buildagent.service.BuildJobExecutionService.cloneRepository(BuildJobExecutionService.java:543)
	... 11 common frames omitted
Caused by: org.eclipse.jgit.errors.NoRemoteRepositoryException: ssh://git@localhost:7921/git/SHORT00FA1A240403404C7E097D7007C591BE2AB1TSTEXC/short00fa1a240403404c7e097d7007c591be2ab1tstexc-localciintstudent1.git: not found.
	at org.eclipse.jgit.transport.BasePackConnection.noRepository(BasePackConnection.java:580)
	at org.eclipse.jgit.transport.BasePackConnection.readAdvertisedRefsImpl(BasePackConnection.java:220)
	at org.eclipse.jgit.transport.BasePackConnection.readAdvertisedRefs(BasePackConnection.java:186)
	at org.eclipse.jgit.transport.TransportGitSsh$SshFetchConnection.<init>(TransportGitSsh.java:322)
	at org.eclipse.jgit.transport.TransportGitSsh.openFetch(TransportGitSsh.java:152)
	at org.eclipse.jgit.transport.FetchProcess.executeImp(FetchProcess.java:153)
	at org.eclipse.jgit.transport.FetchProcess.execute(FetchProcess.java:105)
	at org.eclipse.jgit.transport.Transport.fetch(Transport.java:1458)
	at org.eclipse.jgit.api.FetchCommand.call(FetchCommand.java:238)
	... 15 common frames omitted
Caused by: java.io.EOFException: Short read of block.
	at org.eclipse.jgit.util.IO.readFully(IO.java:144)
	at org.eclipse.jgit.transport.PacketLineIn.readLength(PacketLineIn.java:305)
	at org.eclipse.jgit.transport.PacketLineIn.readString(PacketLineIn.java:169)
	at org.eclipse.jgit.transport.BasePackConnection.readLine(BasePackConnection.java:197)
	at org.eclipse.jgit.transport.BasePackConnection.readAdvertisedRefsImpl(BasePackConnection.java:218)
	... 22 common frames omitted
    23:43:26.896 | 566 localvc.event-13 | DEBUG | .a.a.p.s.ProgrammingMessagingService : Send result to client over websocket. Result: Result{id144, completionDate=2025-02-14T23:43:26.809483684Z[Etc/UTC], successful=false, score=0.0, rated=true, assessmentType=AUTOMATIC, hasComplaint=null, testCaseCount=0, passedTestCaseCount=0, codeIssueCount=0}, Submission: ProgrammingSubmission{commitHash='9690714a509af0a98c6790a7e52ee3574c7ef689', buildFailed=true, buildArtifact=false, type=MANUAL}, Participation: ProgrammingExerciseStudentParticipation{id=503, repositoryUri='http://localhost:49152/git/SHORT00FA1A240403404C7E097D7007C591BE2AB1TSTEXC/short00fa1a240403404c7e097d7007c591be2ab1tstexc-localciintstudent1.git', buildPlanId='SHORT00FA1A240403404C7E097D7007C591BE2AB1TSTEXC-LOCALCIINTSTUDENT1', initializationState='INITIALIZED', initializationDate='2025-02-14T23:43:24.822660Z', individualDueDate=null', presentationScore=null}
    23:43:26.907 | 566 localvc.event-13 | DEBUG | d.t.c.a.a.p.s.BuildLogEntryService   : Saved build logs for build job 5031739576604847 to file /tmp/build-logs/short00fa1a240403404c7e097d7007c591be2ab1/TSTEXC/5031739576604847.log
    23:43:26.908 | 566 localvc.event-13 | DEBUG | a.p.s.l.LocalCIQueueWebsocketService : Build agent updated: BuildAgentInformation[buildAgent=BuildAgentDTO[name=artemis-build-agent-test, memberAddress=[127.0.0.1]:5703, displayName=artemis-build-agent-test], maxNumberOfConcurrentBuildJobs=1, numberOfCurrentBuildJobs=0, runningBuildJobs=[], status=IDLE, recentBuildJobs=[BuildJobQueueItem[id=4621739576562326, name=SHORT43ACF76B02BC1044B80938509D14043FABDETSTEXC-LOCALCIINTSTUDENT1, buildAgent=BuildAgentDTO[name=artemis-build-agent-test, memberAddress=[127.0.0.1]:5703, displayName=artemis-build-agent-test], participationId=462, courseId=147, exerciseId=298, retryCount=0, priority=2, status=SUCCESSFUL, repositoryInfo=RepositoryInfo[repositoryName=short43acf76b02bc1044b80938509d14043fabdetstexc-localciintstudent1, repositoryType=user, triggeredByPushTo=user, assignmentRepositoryUri=http://localhost:49152/git/SHORT43ACF76B02BC1044B80938509D14043FABDETSTEXC/short43acf76b02bc1044b80938509d14043fabdetstexc-localciintstudent1.git, testRepositoryUri=http://localhost:49152/git/SHORT43ACF76B02BC1044B80938509D14043FABDETSTEXC/short43acf76b02bc1044b80938509d14043fabdetstexc-tests.git, solutionRepositoryUri=null, auxiliaryRepositoryUris=[Ljava.lang.String;@66dcdf8e, auxiliaryRepositoryCheckoutDirectories=[Ljava.lang.String;@5491209c], jobTimingInfo=JobTimingInfo[submissionDate=2025-02-14T23:42:42.326978596Z[Etc/UTC], buildStartDate=2025-02-14T23:42:42.420147010Z[Etc/UTC], buildCompletionDate=2025-02-14T23:42:45.573855829Z[Etc/UTC], estimatedCompletionDate=2025-02-14T23:43:01.420129377Z[Etc/UTC], estimatedDuration=19], buildConfig=BuildConfig[buildScript=#!/bin/bash
cd /var/tmp/testing-dir
chmod +x ./gradlew
./gradlew clean test
, dockerImage=dummy-docker-image:latest, commitHashToBuild=a9c717ccf7bcbe9531d3eee21dbaeb5aab2ff971, assignmentCommitHash=a9c717ccf7bcbe9531d3eee21dbaeb5aab2ff971, testCommitHash=a9c717ccf7bcbe9531d3eee21dbaeb5aab2ff971, branch=main, programmingLanguage=JAVA, projectType=PLAIN_GRADLE, scaEnabled=false, sequentialTestRunsEnabled=false, resultPaths=[/var/tmp/testing-dir/**/test-results/test/*.xml], timeoutSeconds=0, assignmentCheckoutPath=null, testCheckoutPath=null, solutionCheckoutPath=null, dockerRunConfig=DockerRunConfig[isNetworkDisabled=true, env=[key=value]]], submissionResult=ResultDTO[id=132, completionDate=2025-02-14T23:42:45.519869118Z[Etc/UTC], successful=false, score=7.7, rated=true, submission=SubmissionDTO[id=119, submitted=true, type=MANUAL, exampleSubmission=null, submissionDate=2025-02-14T23:42:42.302762Z, commitHash=a9c717ccf7bcbe9531d3eee21dbaeb5aab2ff971, buildFailed=false, buildArtifact=false, participation=ParticipationDTO[id=462, testRun=false, type=programming, submissionCount=null, exercise=ParticipationExerciseDTO[id=298, exerciseType=PROGRAMMING, type=programming, assessmentType=AUTOMATIC, dueDate=2025-02-16T23:42:41.553955Z, assessmentDueDate=null, maxPoints=42.0, course=CourseDTO[id=147, accuracyOfScores=1]]], submissionExerciseType=programming, isProcessing=false, buildStartDate=null, estimatedCompletionDate=null], participation=ParticipationDTO[id=462, testRun=false, type=programming, submissionCount=null, exercise=ParticipationExerciseDTO[id=298, exerciseType=PROGRAMMING, type=programming, assessmentType=AUTOMATIC, dueDate=2025-02-16T23:42:41.553955Z, assessmentDueDate=null, maxPoints=42.0, course=CourseDTO[id=147, accuracyOfScores=1]]], feedbacks=[FeedbackDTO[id=67, text=null, detailText=The exercise expects a class with the name Context in the package testpackage. You did not implement the class in the exercise., hasLongFeedbackText=false, reference=null, credits=0.0, positive=false, type=AUTOMATIC, visibility=ALWAYS, testCase=TestCaseDTO[testName=null, id=13]], FeedbackDTO[id=68, text=null, detailText=The exercise expects a class with the name Policy in the package testpackage. You did not implement the class in the exercise., hasLongFeedbackText=false, reference=null, credits=0.0, positive=false, type=AUTOMATIC, visibility=ALWAYS, testCase=TestCaseDTO[testName=null, id=14]], FeedbackDTO[id=69, text=null, detailText=The exercise expects a class with the name SortStrategy in the package testpackage. You did not implement the class in the exercise., hasLongFeedbackText=false, reference=null, credits=0.0, positive=false, type=AUTOMATIC, visibility=ALWAYS, testCase=TestCaseDTO[testName=null, id=15]], FeedbackDTO[id=70, text=null, detailText=The class 'MergeSort' does not implement the interface 'SortStrategy' as expected. Implement the interface and its methods., hasLongFeedbackText=false, reference=null, credits=0.0, positive=false, type=AUTOMATIC, visibility=ALWAYS, testCase=TestCaseDTO[testName=null, id=10]], FeedbackDTO[id=71, text=null, detailText=The exercise expects a class with the name SortStrategy in the package testpackage. You did not implement the class in the exercise., hasLongFeedbackText=false, reference=null, credits=0.0, positive=false, type=AUTOMATIC, visibility=ALWAYS, testCase=TestCaseDTO[testName=null, id=7]], FeedbackDTO[id=72, text=null, detailText=The class 'BubbleSort' does not implement the interface 'SortStrategy' as expected. Implement the interface and its methods., hasLongFeedbackText=false, reference=null, credits=0.0, positive=false, type=AUTOMATIC, visibility=ALWAYS, testCase=TestCaseDTO[testName=null, id=11]], FeedbackDTO[id=73, text=null, detailText=MergeSort does not sort correctly, hasLongFeedbackText=false, reference=null, credits=0.0, positive=false, type=AUTOMATIC, visibility=ALWAYS, testCase=TestCaseDTO[testName=null, id=16]], FeedbackDTO[id=74, text=null, detailText=The class 'Context' was not found within the submission. Make sure to implement it properly., hasLongFeedbackText=false, reference=null, credits=0.0, positive=false, type=AUTOMATIC, visibility=ALWAYS, testCase=TestCaseDTO[testName=null, id=17]], FeedbackDTO[id=75, text=null, detailText=The class 'Context' was not found within the submission. Make sure to implement it properly., hasLongFeedbackText=false, reference=null, credits=0.0, positive=false, type=AUTOMATIC, visibility=ALWAYS, testCase=TestCaseDTO[testName=null, id=18]], FeedbackDTO[id=76, text=null, detailText=The exercise expects a class with the name Policy in the package testpackage. You did not implement the class in the exercise., hasLongFeedbackText=false, reference=null, credits=0.0, positive=false, type=AUTOMATIC, visibility=ALWAYS, testCase=TestCaseDTO[testName=null, id=12]], FeedbackDTO[id=77, text=null, detailText=The exercise expects a class with the name Context in the package testpackage. You did not implement the class in the exercise., hasLongFeedbackText=false, reference=null, credits=0.0, positive=false, type=AUTOMATIC, visibility=ALWAYS, testCase=TestCaseDTO[testName=null, id=8]], FeedbackDTO[id=78, text=null, detailText=The exercise expects a class with the name Policy in the package testpackage. You did not implement the class in the exercise., hasLongFeedbackText=false, reference=null, credits=0.0, positive=false, type=AUTOMATIC, visibility=ALWAYS, testCase=TestCaseDTO[testName=null, id=9]], FeedbackDTO[id=79, text=null, detailText=null, hasLongFeedbackText=false, reference=null, credits=3.230769230769231, positive=true, type=AUTOMATIC, visibility=ALWAYS, testCase=TestCaseDTO[testName=null, id=19]]], assessmentType=AUTOMATIC, hasComplaint=null, exampleResult=null, testCaseCount=13, passedTestCaseCount=1, codeIssueCount=0]], BuildJobQueueItem[id=4651739576569330, name=SHORTB06DD3F905F4604F6E085260D83ED657A6DFTSTEXC-LOCALCIINTSTUDENT1, buildAgent=BuildAgentDTO[name=artemis-build-agent-test, memberAddress=[127.0.0.1]:5703, displayName=artemis-build-agent-test], participationId=465, courseId=148, exerciseId=299, retryCount=0, priority=2, status=SUCCESSFUL, repositoryInfo=RepositoryInfo[repositoryName=shortb06dd3f905f4604f6e085260d83ed657a6dftstexc-localciintstudent1, repositoryType=user, triggeredByPushTo=user, assignmentRepositoryUri=http://localhost:49152/git/SHORTB06DD3F905F4604F6E085260D83ED657A6DFTSTEXC/shortb06dd3f905f4604f6e085260d83ed657a6dftstexc-localciintstudent1.git, testRepositoryUri=http://localhost:49152/git/SHORTB06DD3F905F4604F6E085260D83ED657A6DFTSTEXC/shortb06dd3f905f4604f6e085260d83ed657a6dftstexc-tests.git, solutionRepositoryUri=null, auxiliaryRepositoryUris=[Ljava.lang.String;@7da2c96b, auxiliaryRepositoryCheckoutDirectories=[Ljava.lang.String;@55c6c0f4], jobTimingInfo=JobTimingInfo[submissionDate=2025-02-14T23:42:49.330093960Z[Etc/UTC], buildStartDate=2025-02-14T23:42:49.347797345Z[Etc/UTC], buildCompletionDate=2025-02-14T23:42:51.204319751Z[Etc/UTC], estimatedCompletionDate=2025-02-14T23:43:08.347788449Z[Etc/UTC], estimatedDuration=19], buildConfig=BuildConfig[buildScript=#!/bin/bash
cd /var/tmp/testing-dir
chmod +x ./gradlew
./gradlew clean test
, dockerImage=dummy-docker-image:latest, commitHashToBuild=41581fff25954d36cf07586926ee0c77d1003131, assignmentCommitHash=41581fff25954d36cf07586926ee0c77d1003131, testCommitHash=41581fff25954d36cf07586926ee0c77d1003131, branch=main, programmingLanguage=JAVA, projectType=PLAIN_GRADLE, scaEnabled=false, sequentialTestRunsEnabled=false, resultPaths=[/var/tmp/testing-dir/**/test-results/test/*.xml], timeoutSeconds=0, assignmentCheckoutPath=null, testCheckoutPath=null, solutionCheckoutPath=null, dockerRunConfig=null], submissionResult=ResultDTO[id=133, completionDate=2025-02-14T23:42:51.155372920Z[Etc/UTC], successful=false, score=7.7, rated=true, submission=SubmissionDTO[id=120, submitted=true, type=MANUAL, exampleSubmission=null, submissionDate=2025-02-14T23:42:49.321855Z, commitHash=41581fff25954d36cf07586926ee0c77d1003131, buildFailed=false, buildArtifact=false, participation=ParticipationDTO[id=465, testRun=false, type=programming, submissionCount=null, exercise=ParticipationExerciseDTO[id=299, exerciseType=PROGRAMMING, type=programming, assessmentType=AUTOMATIC, dueDate=2025-02-16T23:42:49.163661Z, assessmentDueDate=null, maxPoints=42.0, course=CourseDTO[id=148, accuracyOfScores=1]]], submissionExerciseType=programming, isProcessing=false, buildStartDate=null, estimatedCompletionDate=null], participation=ParticipationDTO[id=465, testRun=false, type=programming, submissionCount=null, exercise=ParticipationExerciseDTO[id=299, exerciseType=PROGRAMMING, type=programming, assessmentType=AUTOMATIC, dueDate=2025-02-16T23:42:49.163661Z, assessmentDueDate=null, maxPoints=42.0, course=CourseDTO[id=148, accuracyOfScores=1]]], feedbacks=[FeedbackDTO[id=80, text=null, detailText=The exercise expects a class with the name Context in the package testpackage. You did not implement the class in the exercise., hasLongFeedbackText=false, reference=null, credits=0.0, positive=false, type=AUTOMATIC, visibility=ALWAYS, testCase=TestCaseDTO[testName=null, id=26]], FeedbackDTO[id=81, text=null, detailText=The exercise expects a class with the name Policy in the package testpackage. You did not implement the class in the exercise., hasLongFeedbackText=false, reference=null, credits=0.0, positive=false, type=AUTOMATIC, visibility=ALWAYS, testCase=TestCaseDTO[testName=null, id=27]], FeedbackDTO[id=82, text=null, detailText=The exercise expects a class with the name SortStrategy in the package testpackage. You did not implement the class in the exercise., hasLongFeedbackText=false, reference=null, credits=0.0, positive=false, type=AUTOMATIC, visibility=ALWAYS, testCase=TestCaseDTO[testName=null, id=28]], FeedbackDTO[id=83, text=null, detailText=The class 'MergeSort' does not implement the interface 'SortStrategy' as expected. Implement the interface and its methods., hasLongFeedbackText=false, reference=null, credits=0.0, positive=false, type=AUTOMATIC, visibility=ALWAYS, testCase=TestCaseDTO[testName=null, id=23]], FeedbackDTO[id=84, text=null, detailText=The exercise expects a class with the name SortStrategy in the package testpackage. You did not implement the class in the exercise., hasLongFeedbackText=false, reference=null, credits=0.0, positive=false, type=AUTOMATIC, visibility=ALWAYS, testCase=TestCaseDTO[testName=null, id=20]], FeedbackDTO[id=85, text=null, detailText=The class 'BubbleSort' does not implement the interface 'SortStrategy' as expected. Implement the interface and its methods., hasLongFeedbackText=false, reference=null, credits=0.0, positive=false, type=AUTOMATIC, visibility=ALWAYS, testCase=TestCaseDTO[testName=null, id=24]], FeedbackDTO[id=86, text=null, detailText=MergeSort does not sort correctly, hasLongFeedbackText=false, reference=null, credits=0.0, positive=false, type=AUTOMATIC, visibility=ALWAYS, testCase=TestCaseDTO[testName=null, id=29]], FeedbackDTO[id=87, text=null, detailText=The class 'Context' was not found within the submission. Make sure to implement it properly., hasLongFeedbackText=false, reference=null, credits=0.0, positive=false, type=AUTOMATIC, visibility=ALWAYS, testCase=TestCaseDTO[testName=null, id=30]], FeedbackDTO[id=88, text=null, detailText=The class 'Context' was not found within the submission. Make sure to implement it properly., hasLongFeedbackText=false, reference=null, credits=0.0, positive=false, type=AUTOMATIC, visibility=ALWAYS, testCase=TestCaseDTO[testName=null, id=31]], FeedbackDTO[id=89, text=null, detailText=The exercise expects a class with the name Policy in the package testpackage. You did not implement the class in the exercise., hasLongFeedbackText=false, reference=null, credits=0.0, positive=false, type=AUTOMATIC, visibility=ALWAYS, testCase=TestCaseDTO[testName=null, id=25]], FeedbackDTO[id=90, text=null, detailText=The exercise expects a class with the name Context in the package testpackage. You did not implement the class in the exercise., hasLongFeedbackText=false, reference=null, credits=0.0, positive=false, type=AUTOMATIC, visibility=ALWAYS, testCase=TestCaseDTO[testName=null, id=21]], FeedbackDTO[id=91, text=null, detailText=The exercise expects a class with the name Policy in the package testpackage. You did not implement the class in the exercise., hasLongFeedbackText=false, reference=null, credits=0.0, positive=false, type=AUTOMATIC, visibility=ALWAYS, testCase=TestCaseDTO[testName=null, id=22]], FeedbackDTO[id=92, text=null, detailText=null, hasLongFeedbackText=false, reference=null, credits=3.230769230769231, positive=true, type=AUTOMATIC, visibility=ALWAYS, testCase=TestCaseDTO[testName=null, id=32]]], assessmentType=AUTOMATIC, hasComplaint=null, exampleResult=null, testCaseCount=13, passedTestCaseCount=1, codeIssueCount=0]], BuildJobQueueItem[id=4681739576573068, name=SHORTBCF65534040390488B0A46605F5F3776B89ATSTEXC-LOCALCIINTSTUDENT1, buildAgent=BuildAgentDTO[name=artemis-build-agent-test, memberAddress=[127.0.0.1]:5703, displayName=artemis-build-agent-test], participationId=468, courseId=149, exerciseId=300, retryCount=0, priority=2, status=SUCCESSFUL, repositoryInfo=RepositoryInfo[repositoryName=shortbcf65534040390488b0a46605f5f3776b89atstexc-localciintstudent1, repositoryType=user, triggeredByPushTo=user, assignmentRepositoryUri=http://localhost:49152/git/SHORTBCF65534040390488B0A46605F5F3776B89ATSTEXC/shortbcf65534040390488b0a46605f5f3776b89atstexc-localciintstudent1.git, testRepositoryUri=http://localhost:49152/git/SHORTBCF65534040390488B0A46605F5F3776B89ATSTEXC/shortbcf65534040390488b0a46605f5f3776b89atstexc-tests.git, solutionRepositoryUri=null, auxiliaryRepositoryUris=[Ljava.lang.String;@55e6556d, auxiliaryRepositoryCheckoutDirectories=[Ljava.lang.String;@8ae1a8d], jobTimingInfo=JobTimingInfo[submissionDate=2025-02-14T23:42:53.068019209Z[Etc/UTC], buildStartDate=2025-02-14T23:42:53.092867394Z[Etc/UTC], buildCompletionDate=2025-02-14T23:42:55.086950323Z[Etc/UTC], estimatedCompletionDate=2025-02-14T23:43:12.092858828Z[Etc/UTC], estimatedDuration=19], buildConfig=BuildConfig[buildScript=#!/bin/bash
cd /var/tmp/testing-dir
chmod +x ./gradlew
./gradlew clean test
, dockerImage=dummy-docker-image:latest, commitHashToBuild=2d5c0482fc77d3f5ec0841962528a43054e83170, assignmentCommitHash=2d5c0482fc77d3f5ec0841962528a43054e83170, testCommitHash=7477e25d56ce5fee2c938542a7e7ed4ed085d373, branch=main, programmingLanguage=JAVA, projectType=PLAIN_GRADLE, scaEnabled=false, sequentialTestRunsEnabled=false, resultPaths=[/var/tmp/testing-dir/**/test-results/test/*.xml], timeoutSeconds=0, assignmentCheckoutPath=null, testCheckoutPath=null, solutionCheckoutPath=null, dockerRunConfig=null], submissionResult=ResultDTO[id=134, completionDate=2025-02-14T23:42:55.059618627Z[Etc/UTC], successful=false, score=7.7, rated=true, submission=SubmissionDTO[id=121, submitted=true, type=MANUAL, exampleSubmission=null, submissionDate=2025-02-14T23:42:53.048221Z, commitHash=2d5c0482fc77d3f5ec0841962528a43054e83170, buildFailed=false, buildArtifact=false, participation=ParticipationDTO[id=468, testRun=false, type=programming, submissionCount=null, exercise=ParticipationExerciseDTO[id=300, exerciseType=PROGRAMMING, type=programming, assessmentType=AUTOMATIC, dueDate=2025-02-16T23:42:52.873722Z, assessmentDueDate=null, maxPoints=42.0, course=CourseDTO[id=149, accuracyOfScores=1]]], submissionExerciseType=programming, isProcessing=false, buildStartDate=null, estimatedCompletionDate=null], participation=ParticipationDTO[id=468, testRun=false, type=programming, submissionCount=null, exercise=ParticipationExerciseDTO[id=300, exerciseType=PROGRAMMING, type=programming, assessmentType=AUTOMATIC, dueDate=2025-02-16T23:42:52.873722Z, assessmentDueDate=null, maxPoints=42.0, course=CourseDTO[id=149, accuracyOfScores=1]]], feedbacks=[FeedbackDTO[id=93, text=null, detailText=The exercise expects a class with the name Context in the package testpackage. You did not implement the class in the exercise., hasLongFeedbackText=false, reference=null, credits=0.0, positive=false, type=AUTOMATIC, visibility=ALWAYS, testCase=TestCaseDTO[testName=null, id=39]], FeedbackDTO[id=94, text=null, detailText=The exercise expects a class with the name Policy in the package testpackage. You did not implement the class in the exercise., hasLongFeedbackText=false, reference=null, credits=0.0, positive=false, type=AUTOMATIC, visibility=ALWAYS, testCase=TestCaseDTO[testName=null, id=40]], FeedbackDTO[id=95, text=null, detailText=The exercise expects a class with the name SortStrategy in the package testpackage. You did not implement the class in the exercise., hasLongFeedbackText=false, reference=null, credits=0.0, positive=false, type=AUTOMATIC, visibility=ALWAYS, testCase=TestCaseDTO[testName=null, id=41]], FeedbackDTO[id=96, text=null, detailText=The class 'MergeSort' does not implement the interface 'SortStrategy' as expected. Implement the interface and its methods., hasLongFeedbackText=false, reference=null, credits=0.0, positive=false, type=AUTOMATIC, visibility=ALWAYS, testCase=TestCaseDTO[testName=null, id=36]], FeedbackDTO[id=97, text=null, detailText=The exercise expects a class with the name SortStrategy in the package testpackage. You did not implement the class in the exercise., hasLongFeedbackText=false, reference=null, credits=0.0, positive=false, type=AUTOMATIC, visibility=ALWAYS, testCase=TestCaseDTO[testName=null, id=33]], FeedbackDTO[id=98, text=null, detailText=The class 'BubbleSort' does not implement the interface 'SortStrategy' as expected. Implement the interface and its methods., hasLongFeedbackText=false, reference=null, credits=0.0, positive=false, type=AUTOMATIC, visibility=ALWAYS, testCase=TestCaseDTO[testName=null, id=37]], FeedbackDTO[id=99, text=null, detailText=MergeSort does not sort correctly, hasLongFeedbackText=false, reference=null, credits=0.0, positive=false, type=AUTOMATIC, visibility=ALWAYS, testCase=TestCaseDTO[testName=null, id=42]], FeedbackDTO[id=100, text=null, detailText=The class 'Context' was not found within the submission. Make sure to implement it properly., hasLongFeedbackText=false, reference=null, credits=0.0, positive=false, type=AUTOMATIC, visibility=ALWAYS, testCase=TestCaseDTO[testName=null, id=43]], FeedbackDTO[id=101, text=null, detailText=The class 'Context' was not found within the submission. Make sure to implement it properly., hasLongFeedbackText=false, reference=null, credits=0.0, positive=false, type=AUTOMATIC, visibility=ALWAYS, testCase=TestCaseDTO[testName=null, id=44]], FeedbackDTO[id=102, text=null, detailText=The exercise expects a class with the name Policy in the package testpackage. You did not implement the class in the exercise., hasLongFeedbackText=false, reference=null, credits=0.0, positive=false, type=AUTOMATIC, visibility=ALWAYS, testCase=TestCaseDTO[testName=null, id=38]], FeedbackDTO[id=103, text=null, detailText=The exercise expects a class with the name Context in the package testpackage. You did not implement the class in the exercise., hasLongFeedbackText=false, reference=null, credits=0.0, positive=false, type=AUTOMATIC, visibility=ALWAYS, testCase=TestCaseDTO[testName=null, id=34]], FeedbackDTO[id=104, text=null, detailText=The exercise expects a class with the name Policy in the package testpackage. You did not implement the class in the exercise., hasLongFeedbackText=false, reference=null, credits=0.0, positive=false, type=AUTOMATIC, visibility=ALWAYS, testCase=TestCaseDTO[testName=null, id=35]], FeedbackDTO[id=105, text=null, detailText=null, hasLongFeedbackText=false, reference=null, credits=3.230769230769231, positive=true, type=AUTOMATIC, visibility=ALWAYS, testCase=TestCaseDTO[testName=null, id=45]]], assessmentType=AUTOMATIC, hasComplaint=null, exampleResult=null, testCaseCount=13, passedTestCaseCount=1, codeIssueCount=0]], BuildJobQueueItem[id=4741739576577297, name=SHORT88A9A223023E2047B709E4A029FA08BCF2CFTSTEXC-LOCALCIINTSTUDENT1, buildAgent=BuildAgentDTO[name=artemis-build-agent-test, memberAddress=[127.0.0.1]:5703, displayName=artemis-build-agent-test], participationId=474, courseId=151, exerciseId=302, retryCount=0, priority=2, status=SUCCESSFUL, repositoryInfo=RepositoryInfo[repositoryName=short88a9a223023e2047b709e4a029fa08bcf2cftstexc-localciintstudent1, repositoryType=user, triggeredByPushTo=user, assignmentRepositoryUri=http://localhost:49152/git/SHORT88A9A223023E2047B709E4A029FA08BCF2CFTSTEXC/short88a9a223023e2047b709e4a029fa08bcf2cftstexc-localciintstudent1.git, testRepositoryUri=http://localhost:49152/git/SHORT88A9A223023E2047B709E4A029FA08BCF2CFTSTEXC/short88a9a223023e2047b709e4a029fa08bcf2cftstexc-tests.git, solutionRepositoryUri=null, auxiliaryRepositoryUris=[Ljava.lang.String;@632c6362, auxiliaryRepositoryCheckoutDirectories=[Ljava.lang.String;@ece93], jobTimingInfo=JobTimingInfo[submissionDate=2025-02-14T23:42:57.297342281Z[Etc/UTC], buildStartDate=2025-02-14T23:42:57.308570327Z[Etc/UTC], buildCompletionDate=2025-02-14T23:42:59.047616654Z[Etc/UTC], estimatedCompletionDate=2025-02-14T23:43:16.308558064Z[Etc/UTC], estimatedDuration=19], buildConfig=BuildConfig[buildScript=#!/bin/bash
cd /var/tmp/testing-dir
chmod +x ./gradlew
./gradlew clean test
, dockerImage=dummy-docker-image:latest, commitHashToBuild=736cbea1e46d6849b41266b2bf1cccd3b9ea55b1, assignmentCommitHash=736cbea1e46d6849b41266b2bf1cccd3b9ea55b1, testCommitHash=ea6267edd396a304305339b036512b63e0374c66, branch=main, programmingLanguage=JAVA, projectType=PLAIN_GRADLE, scaEnabled=false, sequentialTestRunsEnabled=false, resultPaths=[/var/tmp/testing-dir/**/test-results/test/*.xml], timeoutSeconds=0, assignmentCheckoutPath=null, testCheckoutPath=null, solutionCheckoutPath=null, dockerRunConfig=null], submissionResult=ResultDTO[id=135, completionDate=2025-02-14T23:42:59.014168821Z[Etc/UTC], successful=false, score=7.7, rated=true, submission=SubmissionDTO[id=123, submitted=true, type=MANUAL, exampleSubmission=null, submissionDate=2025-02-14T23:42:57.278471Z, commitHash=736cbea1e46d6849b41266b2bf1cccd3b9ea55b1, buildFailed=false, buildArtifact=false, participation=ParticipationDTO[id=474, testRun=false, type=programming, submissionCount=null, exercise=ParticipationExerciseDTO[id=302, exerciseType=PROGRAMMING, type=programming, assessmentType=AUTOMATIC, dueDate=2025-02-16T23:42:56.796251Z, assessmentDueDate=null, maxPoints=42.0, course=CourseDTO[id=151, accuracyOfScores=1]]], submissionExerciseType=programming, isProcessing=false, buildStartDate=null, estimatedCompletionDate=null], participation=ParticipationDTO[id=474, testRun=false, type=programming, submissionCount=null, exercise=ParticipationExerciseDTO[id=302, exerciseType=PROGRAMMING, type=programming, assessmentType=AUTOMATIC, dueDate=2025-02-16T23:42:56.796251Z, assessmentDueDate=null, maxPoints=42.0, course=CourseDTO[id=151, accuracyOfScores=1]]], feedbacks=[FeedbackDTO[id=106, text=null, detailText=The exercise expects a class with the name Context in the package testpackage. You did not implement the class in the exercise., hasLongFeedbackText=false, reference=null, credits=0.0, positive=false, type=AUTOMATIC, visibility=ALWAYS, testCase=TestCaseDTO[testName=null, id=65]], FeedbackDTO[id=107, text=null, detailText=The exercise expects a class with the name Policy in the package testpackage. You did not implement the class in the exercise., hasLongFeedbackText=false, reference=null, credits=0.0, positive=false, type=AUTOMATIC, visibility=ALWAYS, testCase=TestCaseDTO[testName=null, id=66]], FeedbackDTO[id=108, text=null, detailText=The exercise expects a class with the name SortStrategy in the package testpackage. You did not implement the class in the exercise., hasLongFeedbackText=false, reference=null, credits=0.0, positive=false, type=AUTOMATIC, visibility=ALWAYS, testCase=TestCaseDTO[testName=null, id=67]], FeedbackDTO[id=109, text=null, detailText=The class 'MergeSort' does not implement the interface 'SortStrategy' as expected. Implement the interface and its methods., hasLongFeedbackText=false, reference=null, credits=0.0, positive=false, type=AUTOMATIC, visibility=ALWAYS, testCase=TestCaseDTO[testName=null, id=62]], FeedbackDTO[id=110, text=null, detailText=The exercise expects a class with the name SortStrategy in the package testpackage. You did not implement the class in the exercise., hasLongFeedbackText=false, reference=null, credits=0.0, positive=false, type=AUTOMATIC, visibility=ALWAYS, testCase=TestCaseDTO[testName=null, id=59]], FeedbackDTO[id=111, text=null, detailText=The class 'BubbleSort' does not implement the interface 'SortStrategy' as expected. Implement the interface and its methods., hasLongFeedbackText=false, reference=null, credits=0.0, positive=false, type=AUTOMATIC, visibility=ALWAYS, testCase=TestCaseDTO[testName=null, id=63]], FeedbackDTO[id=112, text=null, detailText=MergeSort does not sort correctly, hasLongFeedbackText=false, reference=null, credits=0.0, positive=false, type=AUTOMATIC, visibility=ALWAYS, testCase=TestCaseDTO[testName=null, id=68]], FeedbackDTO[id=113, text=null, detailText=The class 'Context' was not found within the submission. Make sure to implement it properly., hasLongFeedbackText=false, reference=null, credits=0.0, positive=false, type=AUTOMATIC, visibility=ALWAYS, testCase=TestCaseDTO[testName=null, id=69]], FeedbackDTO[id=114, text=null, detailText=The class 'Context' was not found within the submission. Make sure to implement it properly., hasLongFeedbackText=false, reference=null, credits=0.0, positive=false, type=AUTOMATIC, visibility=ALWAYS, testCase=TestCaseDTO[testName=null, id=70]], FeedbackDTO[id=115, text=null, detailText=The exercise expects a class with the name Policy in the package testpackage. You did not implement the class in the exercise., hasLongFeedbackText=false, reference=null, credits=0.0, positive=false, type=AUTOMATIC, visibility=ALWAYS, testCase=TestCaseDTO[testName=null, id=64]], FeedbackDTO[id=116, text=null, detailText=The exercise expects a class with the name Context in the package testpackage. You did not implement the class in the exercise., hasLongFeedbackText=false, reference=null, credits=0.0, positive=false, type=AUTOMATIC, visibility=ALWAYS, testCase=TestCaseDTO[testName=null, id=60]], FeedbackDTO[id=117, text=null, detailText=The exercise expects a class with the name Policy in the package testpackage. You did not implement the class in the exercise., hasLongFeedbackText=false, reference=null, credits=0.0, positive=false, type=AUTOMATIC, visibility=ALWAYS, testCase=TestCaseDTO[testName=null, id=61]], FeedbackDTO[id=118, text=null, detailText=null, hasLongFeedbackText=false, reference=null, credits=3.230769230769231, positive=true, type=AUTOMATIC, visibility=ALWAYS, testCase=TestCaseDTO[testName=null, id=71]]], assessmentType=AUTOMATIC, hasComplaint=null, exampleResult=null, testCaseCount=13, passedTestCaseCount=1, codeIssueCount=0]], BuildJobQueueItem[id=4771739576580898, name=SHORT51E611E30D6B60466F0B8BA0AA97F58888C2TSTEXC-LOCALCIINTSTUDENT1, buildAgent=BuildAgentDTO[name=artemis-build-agent-test, memberAddress=[127.0.0.1]:5703, displayName=artemis-build-agent-test], participationId=477, courseId=152, exerciseId=303, retryCount=0, priority=2, status=SUCCESSFUL, repositoryInfo=RepositoryInfo[repositoryName=short51e611e30d6b60466f0b8ba0aa97f58888c2tstexc-localciintstudent1, repositoryType=user, triggeredByPushTo=user, assignmentRepositoryUri=http://localhost:49152/git/SHORT51E611E30D6B60466F0B8BA0AA97F58888C2TSTEXC/short51e611e30d6b60466f0b8ba0aa97f58888c2tstexc-localciintstudent1.git, testRepositoryUri=http://localhost:49152/git/SHORT51E611E30D6B60466F0B8BA0AA97F58888C2TSTEXC/short51e611e30d6b60466f0b8ba0aa97f58888c2tstexc-tests.git, solutionRepositoryUri=null, auxiliaryRepositoryUris=[Ljava.lang.String;@67a4aec2, auxiliaryRepositoryCheckoutDirectories=[Ljava.lang.String;@1fa6aac9], jobTimingInfo=JobTimingInfo[submissionDate=2025-02-14T23:43:00.898532688Z[Etc/UTC], buildStartDate=2025-02-14T23:43:00.905733056Z[Etc/UTC], buildCompletionDate=2025-02-14T23:43:02.692768910Z[Etc/UTC], estimatedCompletionDate=2025-02-14T23:43:19.905720463Z[Etc/UTC], estimatedDuration=19], buildConfig=BuildConfig[buildScript=#!/bin/bash
cd /var/tmp/testing-dir
chmod +x ./gradlew
./gradlew clean test
, dockerImage=dummy-docker-image:latest, commitHashToBuild=8f3057cbd462f5e3de4e6ba85115f60d8dbb5aea, assignmentCommitHash=8f3057cbd462f5e3de4e6ba85115f60d8dbb5aea, testCommitHash=8f3057cbd462f5e3de4e6ba85115f60d8dbb5aea, branch=main, programmingLanguage=JAVA, projectType=PLAIN_GRADLE, scaEnabled=true, sequentialTestRunsEnabled=false, resultPaths=[/var/tmp/testing-dir/**/test-results/test/*.xml], timeoutSeconds=0, assignmentCheckoutPath=null, testCheckoutPath=null, solutionCheckoutPath=null, dockerRunConfig=null], submissionResult=ResultDTO[id=136, completionDate=2025-02-14T23:43:02.637820510Z[Etc/UTC], successful=false, score=7.7, rated=true, submission=SubmissionDTO[id=124, submitted=true, type=MANUAL, exampleSubmission=null, submissionDate=2025-02-14T23:43:00.886601Z, commitHash=8f3057cbd462f5e3de4e6ba85115f60d8dbb5aea, buildFailed=false, buildArtifact=false, participation=ParticipationDTO[id=477, testRun=false, type=programming, submissionCount=null, exercise=ParticipationExerciseDTO[id=303, exerciseType=PROGRAMMING, type=programming, assessmentType=AUTOMATIC, dueDate=2025-02-16T23:43:00.631824Z, assessmentDueDate=null, maxPoints=42.0, course=CourseDTO[id=152, accuracyOfScores=1]]], submissionExerciseType=programming, isProcessing=false, buildStartDate=null, estimatedCompletionDate=null], participation=ParticipationDTO[id=477, testRun=false, type=programming, submissionCount=null, exercise=ParticipationExerciseDTO[id=303, exerciseType=PROGRAMMING, type=programming, assessmentType=AUTOMATIC, dueDate=2025-02-16T23:43:00.631824Z, assessmentDueDate=null, maxPoints=42.0, course=CourseDTO[id=152, accuracyOfScores=1]]], feedbacks=[FeedbackDTO[id=119, text=null, detailText=The exercise expects a class with the name Context in the package testpackage. You did not implement the class in the exercise., hasLongFeedbackText=false, reference=null, credits=0.0, positive=false, type=AUTOMATIC, visibility=ALWAYS, testCase=TestCaseDTO[testName=null, id=78]], FeedbackDTO[id=120, text=null, detailText=The exercise expects a class with the name Policy in the package testpackage. You did not implement the class in the exercise., hasLongFeedbackText=false, reference=null, credits=0.0, positive=false, type=AUTOMATIC, visibility=ALWAYS, testCase=TestCaseDTO[testName=null, id=79]], FeedbackDTO[id=121, text=null, detailText=The exercise expects a class with the name SortStrategy in the package testpackage. You did not implement the class in the exercise., hasLongFeedbackText=false, reference=null, credits=0.0, positive=false, type=AUTOMATIC, visibility=ALWAYS, testCase=TestCaseDTO[testName=null, id=80]], FeedbackDTO[id=122, text=null, detailText=The class 'MergeSort' does not implement the interface 'SortStrategy' as expected. Implement the interface and its methods., hasLongFeedbackText=false, reference=null, credits=0.0, positive=false, type=AUTOMATIC, visibility=ALWAYS, testCase=TestCaseDTO[testName=null, id=75]], FeedbackDTO[id=123, text=null, detailText=The exercise expects a class with the name SortStrategy in the package testpackage. You did not implement the class in the exercise., hasLongFeedbackText=false, reference=null, credits=0.0, positive=false, type=AUTOMATIC, visibility=ALWAYS, testCase=TestCaseDTO[testName=null, id=72]], FeedbackDTO[id=124, text=null, detailText=The class 'BubbleSort' does not implement the interface 'SortStrategy' as expected. Implement the interface and its methods., hasLongFeedbackText=false, reference=null, credits=0.0, positive=false, type=AUTOMATIC, visibility=ALWAYS, testCase=TestCaseDTO[testName=null, id=76]], FeedbackDTO[id=125, text=null, detailText=MergeSort does not sort correctly, hasLongFeedbackText=false, reference=null, credits=0.0, positive=false, type=AUTOMATIC, visibility=ALWAYS, testCase=TestCaseDTO[testName=null, id=81]], FeedbackDTO[id=126, text=null, detailText=The class 'Context' was not found within the submission. Make sure to implement it properly., hasLongFeedbackText=false, reference=null, credits=0.0, positive=false, type=AUTOMATIC, visibility=ALWAYS, testCase=TestCaseDTO[testName=null, id=82]], FeedbackDTO[id=127, text=null, detailText=The class 'Context' was not found within the submission. Make sure to implement it properly., hasLongFeedbackText=false, reference=null, credits=0.0, positive=false, type=AUTOMATIC, visibility=ALWAYS, testCase=TestCaseDTO[testName=null, id=83]], FeedbackDTO[id=128, text=null, detailText=The exercise expects a class with the name Policy in the package testpackage. You did not implement the class in the exercise., hasLongFeedbackText=false, reference=null, credits=0.0, positive=false, type=AUTOMATIC, visibility=ALWAYS, testCase=TestCaseDTO[testName=null, id=77]], FeedbackDTO[id=129, text=null, detailText=The exercise expects a class with the name Context in the package testpackage. You did not implement the class in the exercise., hasLongFeedbackText=false, reference=null, credits=0.0, positive=false, type=AUTOMATIC, visibility=ALWAYS, testCase=TestCaseDTO[testName=null, id=73]], FeedbackDTO[id=130, text=null, detailText=The exercise expects a class with the name Policy in the package testpackage. You did not implement the class in the exercise., hasLongFeedbackText=false, reference=null, credits=0.0, positive=false, type=AUTOMATIC, visibility=ALWAYS, testCase=TestCaseDTO[testName=null, id=74]], FeedbackDTO[id=131, text=null, detailText=null, hasLongFeedbackText=false, reference=null, credits=3.230769230769231, positive=true, type=AUTOMATIC, visibility=ALWAYS, testCase=TestCaseDTO[testName=null, id=84]], FeedbackDTO[id=132, text=SCAFeedbackIdentifier:Bad Practice, detailText={"filePath":"src/code/Client.java","startLine":6,"endLine":6,"startColumn":1,"endColumn":26,"rule":"UnusedImports","category":"Best Practices","message":"Avoid unused imports such as 'javax.swing.JFrame'","priority":"4"}, hasLongFeedbackText=false, reference=PMD, credits=0.0, positive=false, type=AUTOMATIC, visibility=null, testCase=null], FeedbackDTO[id=133, text=SCAFeedbackIdentifier:Code Style, detailText={"filePath":"src/code/Client.java","startLine":7,"endLine":7,"startColumn":1,"endColumn":19,"rule":"DontImportJavaLang","category":"Code Style","message":"Avoid importing anything from the package java.lang","priority":"4"}, hasLongFeedbackText=false, reference=PMD, credits=0.0, positive=false, type=AUTOMATIC, visibility=null, testCase=null], FeedbackDTO[id=134, text=SCAFeedbackIdentifier:Bad Practice, detailText={"filePath":"src/code/Client.java","startLine":7,"endLine":7,"startColumn":1,"endColumn":19,"rule":"UnusedImports","category":"Best Practices","message":"Avoid unused imports such as 'java.lang'","priority":"4"}, hasLongFeedbackText=false, reference=PMD, credits=0.0, positive=false, type=AUTOMATIC, visibility=null, testCase=null], FeedbackDTO[id=135, text=SCAFeedbackIdentifier:Bad Practice, detailText={"filePath":"src/code/Client.java","startLine":73,"endLine":73,"startColumn":18,"endColumn":27,"rule":"UnusedLocalVariable","category":"Best Practices","message":"Avoid unused local variables such as 'randomDate'.","priority":"3"}, hasLongFeedbackText=false, reference=PMD, credits=0.0, positive=false, type=AUTOMATIC, visibility=null, testCase=null], FeedbackDTO[id=136, text=SCAFeedbackIdentifier:Bad Practice, detailText={"filePath":"src/code/Client.java","startLine":81,"endLine":81,"startColumn":31,"endColumn":53,"rule":"UnusedPrivateMethod","category":"Best Practices","message":"Avoid unused private methods such as 'CreateRandomDatesList()'.","priority":"3"}, hasLongFeedbackText=false, reference=PMD, credits=0.0, positive=false, type=AUTOMATIC, visibility=null, testCase=null], FeedbackDTO[id=137, text=SCAFeedbackIdentifier:Potential Bugs, detailText={"filePath":"src/code/Client.java","startLine":94,"endLine":94,"startColumn":9,"endColumn":9,"rule":"EmptyStatementNotInLoop","category":"Error Prone","message":"An empty statement (semicolon) not part of a loop","priority":"3"}, hasLongFeedbackText=false, reference=PMD, credits=0.0, positive=false, type=AUTOMATIC, visibility=null, testCase=null], FeedbackDTO[id=138, text=SCAFeedbackIdentifier:Potential Bugs, detailText={"filePath":"src/code/Client.java","startLine":94,"endLine":94,"startColumn":10,"endColumn":10,"rule":"EmptyStatementNotInLoop","category":"Error Prone","message":"An empty statement (semicolon) not part of a loop","priority":"3"}, hasLongFeedbackText=false, reference=PMD, credits=0.0, positive=false, type=AUTOMATIC, visibility=null, testCase=null], FeedbackDTO[id=139, text=SCAFeedbackIdentifier:Potential Bugs, detailText={"filePath":"src/code/Client.java","startLine":94,"endLine":94,"startColumn":11,"endColumn":11,"rule":"EmptyStatementNotInLoop","category":"Error Prone","message":"An empty statement (semicolon) not part of a loop","priority":"3"}, hasLongFeedbackText=false, reference=PMD, credits=0.0, positive=false, type=AUTOMATIC, visibility=null, testCase=null], FeedbackDTO[id=140, text=SCAFeedbackIdentifier:Code Style, detailText={"filePath":"src/code/Client.java","startLine":73,"endLine":73,"rule":"DLS_DEAD_LOCAL_STORE","category":"STYLE","message":"Dead store to randomDate in code.Client.createRandomDatesList()","priority":"2"}, hasLongFeedbackText=false, reference=SPOTBUGS, credits=0.0, positive=false, type=AUTOMATIC, visibility=null, testCase=null], FeedbackDTO[id=141, text=SCAFeedbackIdentifier:Bad Practice, detailText={"filePath":"src/code/Client.java","startLine":82,"endLine":95,"rule":"NM_METHOD_NAMING_CONVENTION","category":"BAD_PRACTICE","message":"The method name code.Client.CreateRandomDatesList() doesn't start with a lower case letter","priority":"3"}, hasLongFeedbackText=false, reference=SPOTBUGS, credits=0.0, positive=false, type=AUTOMATIC, visibility=null, testCase=null], FeedbackDTO[id=142, text=SCAFeedbackIdentifier:Performance, detailText={"filePath":"src/code/Client.java","startLine":82,"endLine":95,"rule":"UPM_UNCALLED_PRIVATE_METHOD","category":"PERFORMANCE","message":"Private method code.Client.CreateRandomDatesList() is never called","priority":"2"}, hasLongFeedbackText=false, reference=SPOTBUGS, credits=0.0, positive=false, type=AUTOMATIC, visibility=null, testCase=null], FeedbackDTO[id=143, text=SCAFeedbackIdentifier:Code Style, detailText={"filePath":"src/code/Client.java","startLine":70,"endLine":70,"startColumn":9,"endColumn":9,"rule":"NeedBracesCheck","category":"blocks","message":"'for' construct must use '{}'s.","priority":"error"}, hasLongFeedbackText=false, reference=CHECKSTYLE, credits=0.0, positive=false, type=AUTOMATIC, visibility=null, testCase=null], FeedbackDTO[id=144, text=SCAFeedbackIdentifier:Code Style, detailText={"filePath":"src/code/Client.java","startLine":93,"endLine":93,"startColumn":9,"endColumn":9,"rule":"EmptyStatementCheck","category":"coding","message":"Empty statement.","priority":"error"}, hasLongFeedbackText=false, reference=CHECKSTYLE, credits=0.0, positive=false, type=AUTOMATIC, visibility=null, testCase=null], FeedbackDTO[id=145, text=SCAFeedbackIdentifier:Code Style, detailText={"filePath":"src/code/Client.java","startLine":93,"endLine":93,"startColumn":10,"endColumn":10,"rule":"EmptyStatementCheck","category":"coding","message":"Empty statement.","priority":"error"}, hasLongFeedbackText=false, reference=CHECKSTYLE, credits=0.0, positive=false, type=AUTOMATIC, visibility=null, testCase=null], FeedbackDTO[id=146, text=SCAFeedbackIdentifier:Code Style, detailText={"filePath":"src/code/Client.java","startLine":93,"endLine":93,"startColumn":11,"endColumn":11,"rule":"EmptyStatementCheck","category":"coding","message":"Empty statement.","priority":"error"}, hasLongFeedbackText=false, reference=CHECKSTYLE, credits=0.0, positive=false, type=AUTOMATIC, visibility=null, testCase=null]], assessmentType=AUTOMATIC, hasComplaint=null, exampleResult=null, testCaseCount=13, passedTestCaseCount=1, codeIssueCount=15]], BuildJobQueueItem[id=4821739576584632, name=SHORT433BAC4500363044960B6E10DFA0493471B2TSTEXC-LOCALCIINTSTUDENT1, buildAgent=BuildAgentDTO[name=artemis-build-agent-test, memberAddress=[127.0.0.1]:5703, displayName=artemis-build-agent-test], participationId=482, courseId=154, exerciseId=305, retryCount=0, priority=2, status=SUCCESSFUL, repositoryInfo=RepositoryInfo[repositoryName=short433bac4500363044960b6e10dfa0493471b2tstexc-localciintstudent1, repositoryType=user, triggeredByPushTo=user, assignmentRepositoryUri=http://localhost:49152/git/SHORT433BAC4500363044960B6E10DFA0493471B2TSTEXC/short433bac4500363044960b6e10dfa0493471b2tstexc-localciintstudent1.git, testRepositoryUri=http://localhost:49152/git/SHORT433BAC4500363044960B6E10DFA0493471B2TSTEXC/short433bac4500363044960b6e10dfa0493471b2tstexc-tests.git, solutionRepositoryUri=null, auxiliaryRepositoryUris=[Ljava.lang.String;@1f91ed2c, auxiliaryRepositoryCheckoutDirectories=[Ljava.lang.String;@691dc21b], jobTimingInfo=JobTimingInfo[submissionDate=2025-02-14T23:43:04.632341258Z[Etc/UTC], buildStartDate=2025-02-14T23:43:04.637633457Z[Etc/UTC], buildCompletionDate=2025-02-14T23:43:06.421238953Z[Etc/UTC], estimatedCompletionDate=2025-02-14T23:43:23.637623879Z[Etc/UTC], estimatedDuration=19], buildConfig=BuildConfig[buildScript=#!/bin/bash
cd /var/tmp/testing-dir
chmod +x ./gradlew
./gradlew clean test
, dockerImage=dummy-docker-image:latest, commitHashToBuild=8355c4f3cd5d3e0443707d3310206e460e333c6f, assignmentCommitHash=8355c4f3cd5d3e0443707d3310206e460e333c6f, testCommitHash=8355c4f3cd5d3e0443707d3310206e460e333c6f, branch=main, programmingLanguage=JAVA, projectType=PLAIN_GRADLE, scaEnabled=false, sequentialTestRunsEnabled=false, resultPaths=[/var/tmp/testing-dir/**/test-results/test/*.xml], timeoutSeconds=0, assignmentCheckoutPath=null, testCheckoutPath=null, solutionCheckoutPath=null, dockerRunConfig=null], submissionResult=ResultDTO[id=137, completionDate=2025-02-14T23:43:06.404877412Z[Etc/UTC], successful=false, score=7.7, rated=true, submission=SubmissionDTO[id=125, submitted=true, type=MANUAL, exampleSubmission=null, submissionDate=2025-02-14T23:43:04.623230Z, commitHash=8355c4f3cd5d3e0443707d3310206e460e333c6f, buildFailed=false, buildArtifact=false, participation=ParticipationDTO[id=482, testRun=false, type=programming, submissionCount=null, exercise=ParticipationExerciseDTO[id=305, exerciseType=PROGRAMMING, type=programming, assessmentType=AUTOMATIC, dueDate=2025-02-16T23:43:04.425734Z, assessmentDueDate=null, maxPoints=42.0, course=CourseDTO[id=154, accuracyOfScores=1]]], submissionExerciseType=programming, isProcessing=false, buildStartDate=null, estimatedCompletionDate=null], participation=ParticipationDTO[id=482, testRun=false, type=programming, submissionCount=null, exercise=ParticipationExerciseDTO[id=305, exerciseType=PROGRAMMING, type=programming, assessmentType=AUTOMATIC, dueDate=2025-02-16T23:43:04.425734Z, assessmentDueDate=null, maxPoints=42.0, course=CourseDTO[id=154, accuracyOfScores=1]]], feedbacks=[FeedbackDTO[id=147, text=null, detailText=The exercise expects a class with the name Context in the package testpackage. You did not implement the class in the exercise., hasLongFeedbackText=false, reference=null, credits=0.0, positive=false, type=AUTOMATIC, visibility=ALWAYS, testCase=TestCaseDTO[testName=null, id=104]], FeedbackDTO[id=148, text=null, detailText=The exercise expects a class with the name Policy in the package testpackage. You did not implement the class in the exercise., hasLongFeedbackText=false, reference=null, credits=0.0, positive=false, type=AUTOMATIC, visibility=ALWAYS, testCase=TestCaseDTO[testName=null, id=105]], FeedbackDTO[id=149, text=null, detailText=The exercise expects a class with the name SortStrategy in the package testpackage. You did not implement the class in the exercise., hasLongFeedbackText=false, reference=null, credits=0.0, positive=false, type=AUTOMATIC, visibility=ALWAYS, testCase=TestCaseDTO[testName=null, id=106]], FeedbackDTO[id=150, text=null, detailText=The class 'MergeSort' does not implement the interface 'SortStrategy' as expected. Implement the interface and its methods., hasLongFeedbackText=false, reference=null, credits=0.0, positive=false, type=AUTOMATIC, visibility=ALWAYS, testCase=TestCaseDTO[testName=null, id=101]], FeedbackDTO[id=151, text=null, detailText=The exercise expects a class with the name SortStrategy in the package testpackage. You did not implement the class in the exercise., hasLongFeedbackText=false, reference=null, credits=0.0, positive=false, type=AUTOMATIC, visibility=ALWAYS, testCase=TestCaseDTO[testName=null, id=98]], FeedbackDTO[id=152, text=null, detailText=The class 'BubbleSort' does not implement the interface 'SortStrategy' as expected. Implement the interface and its methods., hasLongFeedbackText=false, reference=null, credits=0.0, positive=false, type=AUTOMATIC, visibility=ALWAYS, testCase=TestCaseDTO[testName=null, id=102]], FeedbackDTO[id=153, text=null, detailText=MergeSort does not sort correctly, hasLongFeedbackText=false, reference=null, credits=0.0, positive=false, type=AUTOMATIC, visibility=ALWAYS, testCase=TestCaseDTO[testName=null, id=107]], FeedbackDTO[id=154, text=null, detailText=The class 'Context' was not found within the submission. Make sure to implement it properly., hasLongFeedbackText=false, reference=null, credits=0.0, positive=false, type=AUTOMATIC, visibility=ALWAYS, testCase=TestCaseDTO[testName=null, id=108]], FeedbackDTO[id=155, text=null, detailText=The class 'Context' was not found within the submission. Make sure to implement it properly., hasLongFeedbackText=false, reference=null, credits=0.0, positive=false, type=AUTOMATIC, visibility=ALWAYS, testCase=TestCaseDTO[testName=null, id=109]], FeedbackDTO[id=156, text=null, detailText=The exercise expects a class with the name Policy in the package testpackage. You did not implement the class in the exercise., hasLongFeedbackText=false, reference=null, credits=0.0, positive=false, type=AUTOMATIC, visibility=ALWAYS, testCase=TestCaseDTO[testName=null, id=103]], FeedbackDTO[id=157, text=null, detailText=The exercise expects a class with the name Context in the package testpackage. You did not implement the class in the exercise., hasLongFeedbackText=false, reference=null, credits=0.0, positive=false, type=AUTOMATIC, visibility=ALWAYS, testCase=TestCaseDTO[testName=null, id=99]], FeedbackDTO[id=158, text=null, detailText=The exercise expects a class with the name Policy in the package testpackage. You did not implement the class in the exercise., hasLongFeedbackText=false, reference=null, credits=0.0, positive=false, type=AUTOMATIC, visibility=ALWAYS, testCase=TestCaseDTO[testName=null, id=100]], FeedbackDTO[id=159, text=null, detailText=null, hasLongFeedbackText=false, reference=null, credits=3.230769230769231, positive=true, type=AUTOMATIC, visibility=ALWAYS, testCase=TestCaseDTO[testName=null, id=110]]], assessmentType=AUTOMATIC, hasComplaint=null, exampleResult=null, testCaseCount=13, passedTestCaseCount=1, codeIssueCount=0]], BuildJobQueueItem[id=4851739576588371, name=SHORT495D587A0856D04A9E08BC60D2E08365FB9ETSTEXC-LOCALCIINTSTUDENT1, buildAgent=BuildAgentDTO[name=artemis-build-agent-test, memberAddress=[127.0.0.1]:5703, displayName=artemis-build-agent-test], participationId=485, courseId=155, exerciseId=306, retryCount=0, priority=2, status=FAILED, repositoryInfo=RepositoryInfo[repositoryName=short495d587a0856d04a9e08bc60d2e08365fb9etstexc-localciintstudent1, repositoryType=user, triggeredByPushTo=user, assignmentRepositoryUri=http://localhost:49152/git/SHORT495D587A0856D04A9E08BC60D2E08365FB9ETSTEXC/short495d587a0856d04a9e08bc60d2e08365fb9etstexc-localciintstudent1.git, testRepositoryUri=http://localhost:49152/git/SHORT495D587A0856D04A9E08BC60D2E08365FB9ETSTEXC/short495d587a0856d04a9e08bc60d2e08365fb9etstexc-tests.git, solutionRepositoryUri=null, auxiliaryRepositoryUris=[Ljava.lang.String;@2b8db344, auxiliaryRepositoryCheckoutDirectories=[Ljava.lang.String;@157b41e], jobTimingInfo=JobTimingInfo[submissionDate=2025-02-14T23:43:08.371015915Z[Etc/UTC], buildStartDate=2025-02-14T23:43:08.374658929Z[Etc/UTC], buildCompletionDate=2025-02-14T23:43:09.341007666Z[Etc/UTC], estimatedCompletionDate=2025-02-14T23:43:27.374650503Z[Etc/UTC], estimatedDuration=19], buildConfig=BuildConfig[buildScript=#!/bin/bash
cd /var/tmp/testing-dir
chmod +x ./gradlew
./gradlew clean test
, dockerImage=dummy-docker-image:latest, commitHashToBuild=ebb8aa4dc3625fe07e975266e18313ad871ce864, assignmentCommitHash=9b3a9bd71a0d80e5bbc42204c319ed3d1d4f0d6d, testCommitHash=9b3a9bd71a0d80e5bbc42204c319ed3d1d4f0d6d, branch=main, programmingLanguage=JAVA, projectType=PLAIN_GRADLE, scaEnabled=false, sequentialTestRunsEnabled=false, resultPaths=[/var/tmp/testing-dir/**/test-results/test/*.xml], timeoutSeconds=0, assignmentCheckoutPath=null, testCheckoutPath=null, solutionCheckoutPath=null, dockerRunConfig=null], submissionResult=ResultDTO[id=138, completionDate=2025-02-14T23:43:09.343306574Z[Etc/UTC], successful=false, score=0.0, rated=true, submission=SubmissionDTO[id=127, submitted=true, type=MANUAL, exampleSubmission=null, submissionDate=2025-02-14T23:43:09.343306574Z[Etc/UTC], commitHash=9b3a9bd71a0d80e5bbc42204c319ed3d1d4f0d6d, buildFailed=true, buildArtifact=false, participation=ParticipationDTO[id=485, testRun=false, type=programming, submissionCount=null, exercise=ParticipationExerciseDTO[id=306, exerciseType=PROGRAMMING, type=programming, assessmentType=AUTOMATIC, dueDate=2025-02-16T23:43:08.185273Z, assessmentDueDate=null, maxPoints=42.0, course=CourseDTO[id=155, accuracyOfScores=1]]], submissionExerciseType=programming, isProcessing=false, buildStartDate=null, estimatedCompletionDate=null], participation=ParticipationDTO[id=485, testRun=false, type=programming, submissionCount=null, exercise=ParticipationExerciseDTO[id=306, exerciseType=PROGRAMMING, type=programming, assessmentType=AUTOMATIC, dueDate=2025-02-16T23:43:08.185273Z, assessmentDueDate=null, maxPoints=42.0, course=CourseDTO[id=155, accuracyOfScores=1]]], feedbacks=[], assessmentType=AUTOMATIC, hasComplaint=null, exampleResult=null, testCaseCount=0, passedTestCaseCount=0, codeIssueCount=0]], BuildJobQueueItem[id=4881739576590204, name=SHORT80B5DD0E0D6B304EBB096E9020B949996A1CTSTEXC-LOCALCIINTSTUDENT1, buildAgent=BuildAgentDTO[name=artemis-build-agent-test, memberAddress=[127.0.0.1]:5703, displayName=artemis-build-agent-test], participationId=488, courseId=156, exerciseId=307, retryCount=0, priority=2, status=SUCCESSFUL, repositoryInfo=RepositoryInfo[repositoryName=short80b5dd0e0d6b304ebb096e9020b949996a1ctstexc-localciintstudent1, repositoryType=user, triggeredByPushTo=user, assignmentRepositoryUri=http://localhost:49152/git/SHORT80B5DD0E0D6B304EBB096E9020B949996A1CTSTEXC/short80b5dd0e0d6b304ebb096e9020b949996a1ctstexc-localciintstudent1.git, testRepositoryUri=http://localhost:49152/git/SHORT80B5DD0E0D6B304EBB096E9020B949996A1CTSTEXC/short80b5dd0e0d6b304ebb096e9020b949996a1ctstexc-tests.git, solutionRepositoryUri=null, auxiliaryRepositoryUris=[Ljava.lang.String;@113fd195, auxiliaryRepositoryCheckoutDirectories=[Ljava.lang.String;@1635c4b3], jobTimingInfo=JobTimingInfo[submissionDate=2025-02-14T23:43:10.204264160Z[Etc/UTC], buildStartDate=2025-02-14T23:43:10.223149139Z[Etc/UTC], buildCompletionDate=2025-02-14T23:43:12.086509109Z[Etc/UTC], estimatedCompletionDate=2025-02-14T23:43:29.223142246Z[Etc/UTC], estimatedDuration=19], buildConfig=BuildConfig[buildScript=#!/bin/bash
cd /var/tmp/testing-dir
chmod +x ./gradlew
./gradlew clean test
, dockerImage=dummy-docker-image:latest, commitHashToBuild=b806a93102242552beed7c01b08b2769731814b3, assignmentCommitHash=b806a93102242552beed7c01b08b2769731814b3, testCommitHash=b806a93102242552beed7c01b08b2769731814b3, branch=main, programmingLanguage=JAVA, projectType=PLAIN_GRADLE, scaEnabled=false, sequentialTestRunsEnabled=false, resultPaths=[/var/tmp/testing-dir/**/test-results/test/*.xml], timeoutSeconds=0, assignmentCheckoutPath=null, testCheckoutPath=null, solutionCheckoutPath=null, dockerRunConfig=null], submissionResult=ResultDTO[id=139, completionDate=2025-02-14T23:43:12.066436124Z[Etc/UTC], successful=false, score=0.0, rated=true, submission=SubmissionDTO[id=128, submitted=true, type=MANUAL, exampleSubmission=null, submissionDate=2025-02-14T23:43:10.192407Z, commitHash=b806a93102242552beed7c01b08b2769731814b3, buildFailed=true, buildArtifact=false, participation=ParticipationDTO[id=488, testRun=false, type=programming, submissionCount=null, exercise=ParticipationExerciseDTO[id=307, exerciseType=PROGRAMMING, type=programming, assessmentType=AUTOMATIC, dueDate=2025-02-16T23:43:09.986646Z, assessmentDueDate=null, maxPoints=42.0, course=CourseDTO[id=156, accuracyOfScores=1]]], submissionExerciseType=programming, isProcessing=false, buildStartDate=null, estimatedCompletionDate=null], participation=ParticipationDTO[id=488, testRun=false, type=programming, submissionCount=null, exercise=ParticipationExerciseDTO[id=307, exerciseType=PROGRAMMING, type=programming, assessmentType=AUTOMATIC, dueDate=2025-02-16T23:43:09.986646Z, assessmentDueDate=null, maxPoints=42.0, course=CourseDTO[id=156, accuracyOfScores=1]]], feedbacks=[], assessmentType=AUTOMATIC, hasComplaint=null, exampleResult=null, testCaseCount=0, passedTestCaseCount=0, codeIssueCount=0]], BuildJobQueueItem[id=4911739576593817, name=SHORT585B2198089880462509B3007867E72DFB7ATSTEXC-LOCALCIINTSTUDENT1, buildAgent=BuildAgentDTO[name=artemis-build-agent-test, memberAddress=[127.0.0.1]:5703, displayName=artemis-build-agent-test], participationId=491, courseId=157, exerciseId=308, retryCount=0, priority=2, status=SUCCESSFUL, repositoryInfo=RepositoryInfo[repositoryName=short585b2198089880462509b3007867e72dfb7atstexc-localciintstudent1, repositoryType=user, triggeredByPushTo=user, assignmentRepositoryUri=http://localhost:49152/git/SHORT585B2198089880462509B3007867E72DFB7ATSTEXC/short585b2198089880462509b3007867e72dfb7atstexc-localciintstudent1.git, testRepositoryUri=http://localhost:49152/git/SHORT585B2198089880462509B3007867E72DFB7ATSTEXC/short585b2198089880462509b3007867e72dfb7atstexc-tests.git, solutionRepositoryUri=null, auxiliaryRepositoryUris=[Ljava.lang.String;@50e442a2, auxiliaryRepositoryCheckoutDirectories=[Ljava.lang.String;@6c2febe4], jobTimingInfo=JobTimingInfo[submissionDate=2025-02-14T23:43:13.817124706Z[Etc/UTC], buildStartDate=2025-02-14T23:43:13.834335931Z[Etc/UTC], buildCompletionDate=2025-02-14T23:43:15.746259139Z[Etc/UTC], estimatedCompletionDate=2025-02-14T23:43:32.834326082Z[Etc/UTC], estimatedDuration=19], buildConfig=BuildConfig[buildScript=#!/bin/bash
cd /var/tmp/testing-dir
chmod +x ./gradlew
./gradlew clean test
, dockerImage=dummy-docker-image:latest, commitHashToBuild=42077d078a5d5042fe2d4bd8299a990d342fce6e, assignmentCommitHash=42077d078a5d5042fe2d4bd8299a990d342fce6e, testCommitHash=42077d078a5d5042fe2d4bd8299a990d342fce6e, branch=main, programmingLanguage=JAVA, projectType=PLAIN_GRADLE, scaEnabled=false, sequentialTestRunsEnabled=false, resultPaths=[/var/tmp/testing-dir/**/test-results/test/*.xml], timeoutSeconds=0, assignmentCheckoutPath=null, testCheckoutPath=null, solutionCheckoutPath=null, dockerRunConfig=null], submissionResult=ResultDTO[id=140, completionDate=2025-02-14T23:43:15.725343914Z[Etc/UTC], successful=false, score=0.0, rated=true, submission=SubmissionDTO[id=129, submitted=true, type=MANUAL, exampleSubmission=null, submissionDate=2025-02-14T23:43:13.805401Z, commitHash=42077d078a5d5042fe2d4bd8299a990d342fce6e, buildFailed=false, buildArtifact=false, participation=ParticipationDTO[id=491, testRun=false, type=programming, submissionCount=null, exercise=ParticipationExerciseDTO[id=308, exerciseType=PROGRAMMING, type=programming, assessmentType=AUTOMATIC, dueDate=2025-02-16T23:43:13.569213Z, assessmentDueDate=null, maxPoints=42.0, course=CourseDTO[id=157, accuracyOfScores=1]]], submissionExerciseType=programming, isProcessing=false, buildStartDate=null, estimatedCompletionDate=null], participation=ParticipationDTO[id=491, testRun=false, type=programming, submissionCount=null, exercise=ParticipationExerciseDTO[id=308, exerciseType=PROGRAMMING, type=programming, assessmentType=AUTOMATIC, dueDate=2025-02-16T23:43:13.569213Z, assessmentDueDate=null, maxPoints=42.0, course=CourseDTO[id=157, accuracyOfScores=1]]], feedbacks=[FeedbackDTO[id=160, text=null, detailText=Deine Einreichung enthält keine Ausgabe. (67cac2), hasLongFeedbackText=false, reference=null, credits=0.0, positive=false, type=AUTOMATIC, visibility=ALWAYS, testCase=TestCaseDTO[testName=null, id=146]], FeedbackDTO[id=161, text=null, detailText=test `add` failed on ≥ 1 cases:
(0, 0)
Your submission raised an error Failure("TODO add"), hasLongFeedbackText=false, reference=null, credits=0.0, positive=false, type=AUTOMATIC, visibility=ALWAYS, testCase=TestCaseDTO[testName=null, id=149]], FeedbackDTO[id=162, text=null, detailText=test `filter` failed on ≥ 1 cases:
(even, [1; 2; 3; 4])
Your submission raised an error Failure("TODO filter"), hasLongFeedbackText=false, reference=null, credits=0.0, positive=false, type=AUTOMATIC, visibility=ALWAYS, testCase=TestCaseDTO[testName=null, id=148]], FeedbackDTO[id=163, text=null, detailText=Test was not executed., hasLongFeedbackText=false, reference=null, credits=0.0, positive=null, type=AUTOMATIC, visibility=null, testCase=TestCaseDTO[testName=null, id=137]], FeedbackDTO[id=164, text=null, detailText=Test was not executed., hasLongFeedbackText=false, reference=null, credits=0.0, positive=null, type=AUTOMATIC, visibility=null, testCase=TestCaseDTO[testName=null, id=138]], FeedbackDTO[id=165, text=null, detailText=Test was not executed., hasLongFeedbackText=false, reference=null, credits=0.0, positive=null, type=AUTOMATIC, visibility=null, testCase=TestCaseDTO[testName=null, id=139]], FeedbackDTO[id=166, text=null, detailText=Test was not executed., hasLongFeedbackText=false, reference=null, credits=0.0, positive=null, type=AUTOMATIC, visibility=null, testCase=TestCaseDTO[testName=null, id=140]], FeedbackDTO[id=167, text=null, detailText=Test was not executed., hasLongFeedbackText=false, reference=null, credits=0.0, positive=null, type=AUTOMATIC, visibility=null, testCase=TestCaseDTO[testName=null, id=141]], FeedbackDTO[id=168, text=null, detailText=Test was not executed., hasLongFeedbackText=false, reference=null, credits=0.0, positive=null, type=AUTOMATIC, visibility=null, testCase=TestCaseDTO[testName=null, id=142]], FeedbackDTO[id=169, text=null, detailText=Test was not executed., hasLongFeedbackText=false, reference=null, credits=0.0, positive=null, type=AUTOMATIC, visibility=null, testCase=TestCaseDTO[testName=null, id=143]], FeedbackDTO[id=170, text=null, detailText=Test was not executed., hasLongFeedbackText=false, reference=null, credits=0.0, positive=null, type=AUTOMATIC, visibility=null, testCase=TestCaseDTO[testName=null, id=144]], FeedbackDTO[id=171, text=null, detailText=Test was not executed., hasLongFeedbackText=false, reference=null, credits=0.0, positive=null, type=AUTOMATIC, visibility=null, testCase=TestCaseDTO[testName=null, id=145]], FeedbackDTO[id=172, text=null, detailText=Test was not executed., hasLongFeedbackText=false, reference=null, credits=0.0, positive=null, type=AUTOMATIC, visibility=null, testCase=TestCaseDTO[testName=null, id=147]]], assessmentType=AUTOMATIC, hasComplaint=null, exampleResult=null, testCaseCount=13, passedTestCaseCount=0, codeIssueCount=0]], BuildJobQueueItem[id=4941739576597286, name=SHORTFBCBD7BF0E6EB0451A080E80FCB407DC1F12TSTEXC-LOCALCIINTSTUDENT1, buildAgent=BuildAgentDTO[name=artemis-build-agent-test, memberAddress=[127.0.0.1]:5703, displayName=artemis-build-agent-test], participationId=494, courseId=158, exerciseId=309, retryCount=0, priority=2, status=SUCCESSFUL, repositoryInfo=RepositoryInfo[repositoryName=shortfbcbd7bf0e6eb0451a080e80fcb407dc1f12tstexc-localciintstudent1, repositoryType=user, triggeredByPushTo=user, assignmentRepositoryUri=http://localhost:49152/git/SHORTFBCBD7BF0E6EB0451A080E80FCB407DC1F12TSTEXC/shortfbcbd7bf0e6eb0451a080e80fcb407dc1f12tstexc-localciintstudent1.git, testRepositoryUri=http://localhost:49152/git/SHORTFBCBD7BF0E6EB0451A080E80FCB407DC1F12TSTEXC/shortfbcbd7bf0e6eb0451a080e80fcb407dc1f12tstexc-tests.git, solutionRepositoryUri=null, auxiliaryRepositoryUris=[Ljava.lang.String;@3733c8d, auxiliaryRepositoryCheckoutDirectories=[Ljava.lang.String;@3bdb700c], jobTimingInfo=JobTimingInfo[submissionDate=2025-02-14T23:43:17.286977233Z[Etc/UTC], buildStartDate=2025-02-14T23:43:17.293977347Z[Etc/UTC], buildCompletionDate=2025-02-14T23:43:18.740990762Z[Etc/UTC], estimatedCompletionDate=2025-02-14T23:43:36.293970494Z[Etc/UTC], estimatedDuration=19], buildConfig=BuildConfig[buildScript=#!/bin/bash
cd /var/tmp/testing-dir
chmod +x ./gradlew
./gradlew clean test
, dockerImage=dummy-docker-image:latest, commitHashToBuild=4a1af7e8a64e6505c5fc09b9f81ea41af9fcff44, assignmentCommitHash=4a1af7e8a64e6505c5fc09b9f81ea41af9fcff44, testCommitHash=4a1af7e8a64e6505c5fc09b9f81ea41af9fcff44, branch=main, programmingLanguage=JAVA, projectType=PLAIN_GRADLE, scaEnabled=false, sequentialTestRunsEnabled=false, resultPaths=[/var/tmp/testing-dir/**/test-results/test/*.xml], timeoutSeconds=0, assignmentCheckoutPath=null, testCheckoutPath=null, solutionCheckoutPath=null, dockerRunConfig=null], submissionResult=ResultDTO[id=141, completionDate=2025-02-14T23:43:18.729015138Z[Etc/UTC], successful=false, score=0.0, rated=true, submission=SubmissionDTO[id=130, submitted=true, type=MANUAL, exampleSubmission=null, submissionDate=2025-02-14T23:43:17.272936Z, commitHash=4a1af7e8a64e6505c5fc09b9f81ea41af9fcff44, buildFailed=true, buildArtifact=false, participation=ParticipationDTO[id=494, testRun=false, type=programming, submissionCount=null, exercise=ParticipationExerciseDTO[id=309, exerciseType=PROGRAMMING, type=programming, assessmentType=AUTOMATIC, dueDate=2025-02-16T23:43:17.147218Z, assessmentDueDate=null, maxPoints=42.0, course=CourseDTO[id=158, accuracyOfScores=1]]], submissionExerciseType=programming, isProcessing=false, buildStartDate=null, estimatedCompletionDate=null], participation=ParticipationDTO[id=494, testRun=false, type=programming, submissionCount=null, exercise=ParticipationExerciseDTO[id=309, exerciseType=PROGRAMMING, type=programming, assessmentType=AUTOMATIC, dueDate=2025-02-16T23:43:17.147218Z, assessmentDueDate=null, maxPoints=42.0, course=CourseDTO[id=158, accuracyOfScores=1]]], feedbacks=[], assessmentType=AUTOMATIC, hasComplaint=null, exampleResult=null, testCaseCount=0, passedTestCaseCount=0, codeIssueCount=0]], BuildJobQueueItem[id=4971739576599269, name=SHORT52AD57270517204728083260501A19D262D1TSTEXC-LOCALCIINTSTUDENT1, buildAgent=BuildAgentDTO[name=artemis-build-agent-test, memberAddress=[127.0.0.1]:5703, displayName=artemis-build-agent-test], participationId=497, courseId=159, exerciseId=310, retryCount=0, priority=2, status=SUCCESSFUL, repositoryInfo=RepositoryInfo[repositoryName=short52ad57270517204728083260501a19d262d1tstexc-localciintstudent1, repositoryType=user, triggeredByPushTo=user, assignmentRepositoryUri=http://localhost:49152/git/SHORT52AD57270517204728083260501A19D262D1TSTEXC/short52ad57270517204728083260501a19d262d1tstexc-localciintstudent1.git, testRepositoryUri=http://localhost:49152/git/SHORT52AD57270517204728083260501A19D262D1TSTEXC/short52ad57270517204728083260501a19d262d1tstexc-tests.git, solutionRepositoryUri=null, auxiliaryRepositoryUris=[Ljava.lang.String;@49d8c487, auxiliaryRepositoryCheckoutDirectories=[Ljava.lang.String;@5a3b7693], jobTimingInfo=JobTimingInfo[submissionDate=2025-02-14T23:43:19.269997499Z[Etc/UTC], buildStartDate=2025-02-14T23:43:19.277325895Z[Etc/UTC], buildCompletionDate=2025-02-14T23:43:20.497391524Z[Etc/UTC], estimatedCompletionDate=2025-02-14T23:43:38.277310787Z[Etc/UTC], estimatedDuration=19], buildConfig=BuildConfig[buildScript=#!/bin/bash
cd /var/tmp/testing-dir
chmod +x ./gradlew
./gradlew clean test
, dockerImage=dummy-docker-image:latest, commitHashToBuild=9f4f76247a188e9a0f3516a9fbd60e829d53fb05, assignmentCommitHash=9f4f76247a188e9a0f3516a9fbd60e829d53fb05, testCommitHash=9f4f76247a188e9a0f3516a9fbd60e829d53fb05, branch=main, programmingLanguage=JAVA, projectType=PLAIN_GRADLE, scaEnabled=false, sequentialTestRunsEnabled=false, resultPaths=[/var/tmp/testing-dir/**/test-results/test/*.xml], timeoutSeconds=0, assignmentCheckoutPath=null, testCheckoutPath=null, solutionCheckoutPath=null, dockerRunConfig=null], submissionResult=ResultDTO[id=142, completionDate=2025-02-14T23:43:20.484244187Z[Etc/UTC], successful=false, score=7.7, rated=true, submission=SubmissionDTO[id=131, submitted=true, type=MANUAL, exampleSubmission=null, submissionDate=2025-02-14T23:43:19.265464Z, commitHash=9f4f76247a188e9a0f3516a9fbd60e829d53fb05, buildFailed=false, buildArtifact=false, participation=ParticipationDTO[id=497, testRun=false, type=programming, submissionCount=null, exercise=ParticipationExerciseDTO[id=310, exerciseType=PROGRAMMING, type=programming, assessmentType=AUTOMATIC, dueDate=2025-02-16T23:43:19.182228Z, assessmentDueDate=null, maxPoints=42.0, course=CourseDTO[id=159, accuracyOfScores=1]]], submissionExerciseType=programming, isProcessing=false, buildStartDate=null, estimatedCompletionDate=null], participation=ParticipationDTO[id=497, testRun=false, type=programming, submissionCount=null, exercise=ParticipationExerciseDTO[id=310, exerciseType=PROGRAMMING, type=programming, assessmentType=AUTOMATIC, dueDate=2025-02-16T23:43:19.182228Z, assessmentDueDate=null, maxPoints=42.0, course=CourseDTO[id=159, accuracyOfScores=1]]], feedbacks=[FeedbackDTO[id=173, text=null, detailText=The exercise expects a class with the name Context in the package testpackage. You did not implement the class in the exercise., hasLongFeedbackText=false, reference=null, credits=0.0, positive=false, type=AUTOMATIC, visibility=ALWAYS, testCase=TestCaseDTO[testName=null, id=169]], FeedbackDTO[id=174, text=null, detailText=The exercise expects a class with the name Policy in the package testpackage. You did not implement the class in the exercise., hasLongFeedbackText=false, reference=null, credits=0.0, positive=false, type=AUTOMATIC, visibility=ALWAYS, testCase=TestCaseDTO[testName=null, id=170]], FeedbackDTO[id=175, text=null, detailText=The exercise expects a class with the name SortStrategy in the package testpackage. You did not implement the class in the exercise., hasLongFeedbackText=false, reference=null, credits=0.0, positive=false, type=AUTOMATIC, visibility=ALWAYS, testCase=TestCaseDTO[testName=null, id=171]], FeedbackDTO[id=176, text=null, detailText=The class 'MergeSort' does not implement the interface 'SortStrategy' as expected. Implement the interface and its methods., hasLongFeedbackText=false, reference=null, credits=0.0, positive=false, type=AUTOMATIC, visibility=ALWAYS, testCase=TestCaseDTO[testName=null, id=166]], FeedbackDTO[id=177, text=null, detailText=The exercise expects a class with the name SortStrategy in the package testpackage. You did not implement the class in the exercise., hasLongFeedbackText=false, reference=null, credits=0.0, positive=false, type=AUTOMATIC, visibility=ALWAYS, testCase=TestCaseDTO[testName=null, id=163]], FeedbackDTO[id=178, text=null, detailText=The class 'BubbleSort' does not implement the interface 'SortStrategy' as expected. Implement the interface and its methods., hasLongFeedbackText=false, reference=null, credits=0.0, positive=false, type=AUTOMATIC, visibility=ALWAYS, testCase=TestCaseDTO[testName=null, id=167]], FeedbackDTO[id=179, text=null, detailText=MergeSort does not sort correctly, hasLongFeedbackText=false, reference=null, credits=0.0, positive=false, type=AUTOMATIC, visibility=ALWAYS, testCase=TestCaseDTO[testName=null, id=172]], FeedbackDTO[id=180, text=null, detailText=The class 'Context' was not found within the submission. Make sure to implement it properly., hasLongFeedbackText=false, reference=null, credits=0.0, positive=false, type=AUTOMATIC, visibility=ALWAYS, testCase=TestCaseDTO[testName=null, id=173]], FeedbackDTO[id=181, text=null, detailText=The class 'Context' was not found within the submission. Make sure to implement it properly., hasLongFeedbackText=false, reference=null, credits=0.0, positive=false, type=AUTOMATIC, visibility=ALWAYS, testCase=TestCaseDTO[testName=null, id=174]], FeedbackDTO[id=182, text=null, detailText=The exercise expects a class with the name Policy in the package testpackage. You did not implement the class in the exercise., hasLongFeedbackText=false, reference=null, credits=0.0, positive=false, type=AUTOMATIC, visibility=ALWAYS, testCase=TestCaseDTO[testName=null, id=168]], FeedbackDTO[id=183, text=null, detailText=The exercise expects a class with the name Context in the package testpackage. You did not implement the class in the exercise., hasLongFeedbackText=false, reference=null, credits=0.0, positive=false, type=AUTOMATIC, visibility=ALWAYS, testCase=TestCaseDTO[testName=null, id=164]], FeedbackDTO[id=184, text=null, detailText=The exercise expects a class with the name Policy in the package testpackage. You did not implement the class in the exercise., hasLongFeedbackText=false, reference=null, credits=0.0, positive=false, type=AUTOMATIC, visibility=ALWAYS, testCase=TestCaseDTO[testName=null, id=165]], FeedbackDTO[id=185, text=null, detailText=null, hasLongFeedbackText=false, reference=null, credits=3.230769230769231, positive=true, type=AUTOMATIC, visibility=ALWAYS, testCase=TestCaseDTO[testName=null, id=175]]], assessmentType=AUTOMATIC, hasComplaint=null, exampleResult=null, testCaseCount=13, passedTestCaseCount=1, codeIssueCount=0]], BuildJobQueueItem[id=5001739576601035, name=SHORT582B1BDC0A17704D6D0A46800FC19163DA47TSTEXC-LOCALCIINTSTUDENT1, buildAgent=BuildAgentDTO[name=artemis-build-agent-test, memberAddress=[127.0.0.1]:5703, displayName=artemis-build-agent-test], participationId=500, courseId=160, exerciseId=311, retryCount=0, priority=2, status=SUCCESSFUL, repositoryInfo=RepositoryInfo[repositoryName=short582b1bdc0a17704d6d0a46800fc19163da47tstexc-localciintstudent1, repositoryType=user, triggeredByPushTo=user, assignmentRepositoryUri=http://localhost:49152/git/SHORT582B1BDC0A17704D6D0A46800FC19163DA47TSTEXC/short582b1bdc0a17704d6d0a46800fc19163da47tstexc-localciintstudent1.git, testRepositoryUri=http://localhost:49152/git/SHORT582B1BDC0A17704D6D0A46800FC19163DA47TSTEXC/short582b1bdc0a17704d6d0a46800fc19163da47tstexc-tests.git, solutionRepositoryUri=null, auxiliaryRepositoryUris=[Ljava.lang.String;@4036ae0d, auxiliaryRepositoryCheckoutDirectories=[Ljava.lang.String;@200ded17], jobTimingInfo=JobTimingInfo[submissionDate=2025-02-14T23:43:21.035120760Z[Etc/UTC], buildStartDate=2025-02-14T23:43:21.040320383Z[Etc/UTC], buildCompletionDate=2025-02-14T23:43:22.581236903Z[Etc/UTC], estimatedCompletionDate=2025-02-14T23:43:40.040312057Z[Etc/UTC], estimatedDuration=19], buildConfig=BuildConfig[buildScript=#!/bin/bash
cd /var/tmp/testing-dir
chmod +x ./gradlew
./gradlew clean test
, dockerImage=dummy-docker-image:latest, commitHashToBuild=887566cf754016f986627cf5c5c365dea16c907f, assignmentCommitHash=887566cf754016f986627cf5c5c365dea16c907f, testCommitHash=6af67146332066e7430917928a4b9b81c43b7c71, branch=main, programmingLanguage=JAVA, projectType=PLAIN_GRADLE, scaEnabled=false, sequentialTestRunsEnabled=false, resultPaths=[/var/tmp/testing-dir/**/test-results/test/*.xml], timeoutSeconds=0, assignmentCheckoutPath=customAssignmentPath, testCheckoutPath=null, solutionCheckoutPath=null, dockerRunConfig=null], submissionResult=ResultDTO[id=143, completionDate=2025-02-14T23:43:22.538158998Z[Etc/UTC], successful=false, score=7.7, rated=true, submission=SubmissionDTO[id=132, submitted=true, type=MANUAL, exampleSubmission=null, submissionDate=2025-02-14T23:43:21.028930Z, commitHash=887566cf754016f986627cf5c5c365dea16c907f, buildFailed=false, buildArtifact=false, participation=ParticipationDTO[id=500, testRun=false, type=programming, submissionCount=null, exercise=ParticipationExerciseDTO[id=311, exerciseType=PROGRAMMING, type=programming, assessmentType=AUTOMATIC, dueDate=2025-02-16T23:43:20.897280Z, assessmentDueDate=null, maxPoints=42.0, course=CourseDTO[id=160, accuracyOfScores=1]]], submissionExerciseType=programming, isProcessing=false, buildStartDate=null, estimatedCompletionDate=null], participation=ParticipationDTO[id=500, testRun=false, type=programming, submissionCount=null, exercise=ParticipationExerciseDTO[id=311, exerciseType=PROGRAMMING, type=programming, assessmentType=AUTOMATIC, dueDate=2025-02-16T23:43:20.897280Z, assessmentDueDate=null, maxPoints=42.0, course=CourseDTO[id=160, accuracyOfScores=1]]], feedbacks=[FeedbackDTO[id=186, text=null, detailText=The exercise expects a class with the name Context in the package testpackage. You did not implement the class in the exercise., hasLongFeedbackText=false, reference=null, credits=0.0, positive=false, type=AUTOMATIC, visibility=ALWAYS, testCase=TestCaseDTO[testName=null, id=182]], FeedbackDTO[id=187, text=null, detailText=The exercise expects a class with the name Policy in the package testpackage. You did not implement the class in the exercise., hasLongFeedbackText=false, reference=null, credits=0.0, positive=false, type=AUTOMATIC, visibility=ALWAYS, testCase=TestCaseDTO[testName=null, id=183]], FeedbackDTO[id=188, text=null, detailText=The exercise expects a class with the name SortStrategy in the package testpackage. You did not implement the class in the exercise., hasLongFeedbackText=false, reference=null, credits=0.0, positive=false, type=AUTOMATIC, visibility=ALWAYS, testCase=TestCaseDTO[testName=null, id=184]], FeedbackDTO[id=189, text=null, detailText=The class 'MergeSort' does not implement the interface 'SortStrategy' as expected. Implement the interface and its methods., hasLongFeedbackText=false, reference=null, credits=0.0, positive=false, type=AUTOMATIC, visibility=ALWAYS, testCase=TestCaseDTO[testName=null, id=179]], FeedbackDTO[id=190, text=null, detailText=The exercise expects a class with the name SortStrategy in the package testpackage. You did not implement the class in the exercise., hasLongFeedbackText=false, reference=null, credits=0.0, positive=false, type=AUTOMATIC, visibility=ALWAYS, testCase=TestCaseDTO[testName=null, id=176]], FeedbackDTO[id=191, text=null, detailText=The class 'BubbleSort' does not implement the interface 'SortStrategy' as expected. Implement the interface and its methods., hasLongFeedbackText=false, reference=null, credits=0.0, positive=false, type=AUTOMATIC, visibility=ALWAYS, testCase=TestCaseDTO[testName=null, id=180]], FeedbackDTO[id=192, text=null, detailText=MergeSort does not sort correctly, hasLongFeedbackText=false, reference=null, credits=0.0, positive=false, type=AUTOMATIC, visibility=ALWAYS, testCase=TestCaseDTO[testName=null, id=185]], FeedbackDTO[id=193, text=null, detailText=The class 'Context' was not found within the submission. Make sure to implement it properly., hasLongFeedbackText=false, reference=null, credits=0.0, positive=false, type=AUTOMATIC, visibility=ALWAYS, testCase=TestCaseDTO[testName=null, id=186]], FeedbackDTO[id=194, text=null, detailText=The class 'Context' was not found within the submission. Make sure to implement it properly., hasLongFeedbackText=false, reference=null, credits=0.0, positive=false, type=AUTOMATIC, visibility=ALWAYS, testCase=TestCaseDTO[testName=null, id=187]], FeedbackDTO[id=195, text=null, detailText=The exercise expects a class with the name Policy in the package testpackage. You did not implement the class in the exercise., hasLongFeedbackText=false, reference=null, credits=0.0, positive=false, type=AUTOMATIC, visibility=ALWAYS, testCase=TestCaseDTO[testName=null, id=181]], FeedbackDTO[id=196, text=null, detailText=The exercise expects a class with the name Context in the package testpackage. You did not implement the class in the exercise., hasLongFeedbackText=false, reference=null, credits=0.0, positive=false, type=AUTOMATIC, visibility=ALWAYS, testCase=TestCaseDTO[testName=null, id=177]], FeedbackDTO[id=197, text=null, detailText=The exercise expects a class with the name Policy in the package testpackage. You did not implement the class in the exercise., hasLongFeedbackText=false, reference=null, credits=0.0, positive=false, type=AUTOMATIC, visibility=ALWAYS, testCase=TestCaseDTO[testName=null, id=178]], FeedbackDTO[id=198, text=null, detailText=null, hasLongFeedbackText=false, reference=null, credits=3.230769230769231, positive=true, type=AUTOMATIC, visibility=ALWAYS, testCase=TestCaseDTO[testName=null, id=188]]], assessmentType=AUTOMATIC, hasComplaint=null, exampleResult=null, testCaseCount=13, passedTestCaseCount=1, codeIssueCount=0]], BuildJobQueueItem[id=5031739576604847, name=SHORT00FA1A240403404C7E097D7007C591BE2AB1TSTEXC-LOCALCIINTSTUDENT1, buildAgent=BuildAgentDTO[name=artemis-build-agent-test, memberAddress=[127.0.0.1]:5703, displayName=artemis-build-agent-test], participationId=503, courseId=161, exerciseId=312, retryCount=0, priority=2, status=FAILED, repositoryInfo=RepositoryInfo[repositoryName=short00fa1a240403404c7e097d7007c591be2ab1tstexc-localciintstudent1, repositoryType=user, triggeredByPushTo=user, assignmentRepositoryUri=http://localhost:49152/git/SHORT00FA1A240403404C7E097D7007C591BE2AB1TSTEXC/short00fa1a240403404c7e097d7007c591be2ab1tstexc-localciintstudent1.git, testRepositoryUri=http://localhost:49152/git/SHORT00FA1A240403404C7E097D7007C591BE2AB1TSTEXC/short00fa1a240403404c7e097d7007c591be2ab1tstexc-tests.git, solutionRepositoryUri=null, auxiliaryRepositoryUris=[Ljava.lang.String;@2f7ee96d, auxiliaryRepositoryCheckoutDirectories=[Ljava.lang.String;@2ef09dff], jobTimingInfo=JobTimingInfo[submissionDate=2025-02-14T23:43:24.847396156Z[Etc/UTC], buildStartDate=2025-02-14T23:43:24.860457211Z[Etc/UTC], buildCompletionDate=2025-02-14T23:43:26.809353681Z[Etc/UTC], estimatedCompletionDate=2025-02-14T23:43:46.860451490Z[Etc/UTC], estimatedDuration=22], buildConfig=BuildConfig[buildScript=#!/bin/bash
cd /var/tmp/testing-dir
chmod +x ./gradlew
./gradlew clean test
, dockerImage=dummy-docker-image:latest, commitHashToBuild=9690714a509af0a98c6790a7e52ee3574c7ef689, assignmentCommitHash=9690714a509af0a98c6790a7e52ee3574c7ef689, testCommitHash=9690714a509af0a98c6790a7e52ee3574c7ef689, branch=main, programmingLanguage=JAVA, projectType=PLAIN_GRADLE, scaEnabled=false, sequentialTestRunsEnabled=false, resultPaths=[/var/tmp/testing-dir/**/test-results/test/*.xml], timeoutSeconds=0, assignmentCheckoutPath=null, testCheckoutPath=null, solutionCheckoutPath=null, dockerRunConfig=null], submissionResult=null]], publicSshKey=ssh-rsa AAAAB3NzaC1yc2EAAAADAQABAAACAQCOPdMsxRE2jFJ/UEa5/LsBxtwzJcrh3/rYBCQvcMeVpiRfhzQPWu7mrt/G2Ew+i+vRloGH9aqKg6dd1liRncao53Zmd/ePxoatXePNhmzTfkCkcSkTUz7B+QMjkoDDV5jwuFPD6mF3JkhuzSi64n9Zy905t4w2IhVcjM2mL3eYNjiCXt6Qpq3Pkt7dM/Ksw1nxnvuiIALuJLB3FTkXkHqq3PJav+9HSq2r6ZaWgekneaGxlQlb+U+Vy3XOuArKAzK8c8i+0bR+AHiTG6ncYXt7ax3U+TdlDTF7OLP3umwaYjs1NBXOHwG42pevvpKn2fqavZZozk+M05jXLx3bq0O7itxfErWc7etky8qYPyyIMF/txQIVLd78+Ze4d7Y60t5MGbXM5cGE6fFif5fEJwgswXD+BrG0cafz1CTatjSKFdvp8Vp4VszXhHDan1PrP6JEFJ5Cc5GDmLRZPCFa3vL9f5qXgf4bkqKN8MYeEujwJE5nMRWoiJVNakix2bcrrneQMBlnYeYZVWXXXUusAQBzl4NgddC1umZpihZkL1b1MffZAUW3EGEXi7KHnllQhkTLLsQ8ntMgbylqaJKStqaXlLvdeRJcEnUuiFCrHEVVbXRFZR7XVDZ02CE5o3MuaRPty8Kh+jRTF3COlAckHwYEJCNNJvXFgb2CNXL4mjzYDw== test@localhost]
    23:43:26.912 | 566 localvc.event-13 | DEBUG | s.l.LocalCIWebsocketMessagingService : Sending message on topic /topic/admin/build-agents: [BuildAgentInformation[buildAgent=BuildAgentDTO[name=artemis-build-agent-test, memberAddress=[127.0.0.1]:5703, displayName=artemis-build-agent-test], maxNumberOfConcurrentBuildJobs=1, numberOfCurrentBuildJobs=1, runningBuildJobs=[BuildJobQueueItem[id=5061739576605250, name=SHORT62C808EE04ECE040740AF7B0CF3AE5F5BEF2TSTEXC-LOCALCIINTSTUDENT1, buildAgent=BuildAgentDTO[name=artemis-build-agent-test, memberAddress=[127.0.0.1]:5703, displayName=artemis-build-agent-test], participationId=506, courseId=162, exerciseId=313, retryCount=0, priority=2, status=null, repositoryInfo=RepositoryInfo[repositoryName=short62c808ee04ece040740af7b0cf3ae5f5bef2tstexc-localciintstudent1, repositoryType=user, triggeredByPushTo=user, assignmentRepositoryUri=, testRepositoryUri=, solutionRepositoryUri=, auxiliaryRepositoryUris=null, auxiliaryRepositoryCheckoutDirectories=null], jobTimingInfo=JobTimingInfo[submissionDate=2025-02-14T23:43:25.250749866Z[Etc/UTC], buildStartDate=2025-02-14T23:43:26.820713075Z[Etc/UTC], buildCompletionDate=null, estimatedCompletionDate=2025-02-14T23:43:45.820704920Z[Etc/UTC], estimatedDuration=19], buildConfig=BuildConfig[buildScript=, dockerImage=, commitHashToBuild=993b6f756e3e52a44d0537d4fa3a5d0e0acdbe89, assignmentCommitHash=, testCommitHash=, branch=, programmingLanguage=null, projectType=null, scaEnabled=false, sequentialTestRunsEnabled=false, resultPaths=null, timeoutSeconds=0, assignmentCheckoutPath=, testCheckoutPath=, solutionCheckoutPath=, dockerRunConfig=null], submissionResult=null]], status=ACTIVE, recentBuildJobs=null, publicSshKey=null]]
    23:43:26.913 | 566 localvc.event-13 | DEBUG | s.l.LocalCIWebsocketMessagingService : Sending message on topic /topic/admin/build-agent/artemis-build-agent-test: BuildAgentInformation[buildAgent=BuildAgentDTO[name=artemis-build-agent-test, memberAddress=[127.0.0.1]:5703, displayName=artemis-build-agent-test], maxNumberOfConcurrentBuildJobs=1, numberOfCurrentBuildJobs=1, runningBuildJobs=[BuildJobQueueItem[id=5061739576605250, name=SHORT62C808EE04ECE040740AF7B0CF3AE5F5BEF2TSTEXC-LOCALCIINTSTUDENT1, buildAgent=BuildAgentDTO[name=artemis-build-agent-test, memberAddress=[127.0.0.1]:5703, displayName=artemis-build-agent-test], participationId=506, courseId=162, exerciseId=313, retryCount=0, priority=2, status=null, repositoryInfo=RepositoryInfo[repositoryName=short62c808ee04ece040740af7b0cf3ae5f5bef2tstexc-localciintstudent1, repositoryType=user, triggeredByPushTo=user, assignmentRepositoryUri=http://localhost:49152/git/SHORT62C808EE04ECE040740AF7B0CF3AE5F5BEF2TSTEXC/short62c808ee04ece040740af7b0cf3ae5f5bef2tstexc-localciintstudent1.git, testRepositoryUri=http://localhost:49152/git/SHORT62C808EE04ECE040740AF7B0CF3AE5F5BEF2TSTEXC/short62c808ee04ece040740af7b0cf3ae5f5bef2tstexc-tests.git, solutionRepositoryUri=null, auxiliaryRepositoryUris=[Ljava.lang.String;@4c0485a1, auxiliaryRepositoryCheckoutDirectories=[Ljava.lang.String;@6631f6bb], jobTimingInfo=JobTimingInfo[submissionDate=2025-02-14T23:43:25.250749866Z[Etc/UTC], buildStartDate=2025-02-14T23:43:26.820713075Z[Etc/UTC], buildCompletionDate=null, estimatedCompletionDate=2025-02-14T23:43:45.820704920Z[Etc/UTC], estimatedDuration=19], buildConfig=BuildConfig[buildScript=#!/bin/bash
cd /var/tmp/testing-dir
chmod +x ./gradlew
./gradlew clean test
, dockerImage=dummy-docker-image:latest, commitHashToBuild=993b6f756e3e52a44d0537d4fa3a5d0e0acdbe89, assignmentCommitHash=993b6f756e3e52a44d0537d4fa3a5d0e0acdbe89, testCommitHash=993b6f756e3e52a44d0537d4fa3a5d0e0acdbe89, branch=main, programmingLanguage=JAVA, projectType=null, scaEnabled=false, sequentialTestRunsEnabled=false, resultPaths=[/var/tmp/testing-dir/**/test-results/test/*.xml], timeoutSeconds=0, assignmentCheckoutPath=null, testCheckoutPath=null, solutionCheckoutPath=null, dockerRunConfig=null], submissionResult=null]], status=ACTIVE, recentBuildJobs=[BuildJobQueueItem[id=4621739576562326, name=SHORT43ACF76B02BC1044B80938509D14043FABDETSTEXC-LOCALCIINTSTUDENT1, buildAgent=BuildAgentDTO[name=artemis-build-agent-test, memberAddress=[127.0.0.1]:5703, displayName=artemis-build-agent-test], participationId=462, courseId=147, exerciseId=298, retryCount=0, priority=2, status=SUCCESSFUL, repositoryInfo=RepositoryInfo[repositoryName=short43acf76b02bc1044b80938509d14043fabdetstexc-localciintstudent1, repositoryType=user, triggeredByPushTo=user, assignmentRepositoryUri=http://localhost:49152/git/SHORT43ACF76B02BC1044B80938509D14043FABDETSTEXC/short43acf76b02bc1044b80938509d14043fabdetstexc-localciintstudent1.git, testRepositoryUri=http://localhost:49152/git/SHORT43ACF76B02BC1044B80938509D14043FABDETSTEXC/short43acf76b02bc1044b80938509d14043fabdetstexc-tests.git, solutionRepositoryUri=null, auxiliaryRepositoryUris=[Ljava.lang.String;@2576a6cf, auxiliaryRepositoryCheckoutDirectories=[Ljava.lang.String;@78dc6692], jobTimingInfo=JobTimingInfo[submissionDate=2025-02-14T23:42:42.326978596Z[Etc/UTC], buildStartDate=2025-02-14T23:42:42.420147010Z[Etc/UTC], buildCompletionDate=2025-02-14T23:42:45.573855829Z[Etc/UTC], estimatedCompletionDate=2025-02-14T23:43:01.420129377Z[Etc/UTC], estimatedDuration=19], buildConfig=BuildConfig[buildScript=#!/bin/bash
cd /var/tmp/testing-dir
chmod +x ./gradlew
./gradlew clean test
, dockerImage=dummy-docker-image:latest, commitHashToBuild=a9c717ccf7bcbe9531d3eee21dbaeb5aab2ff971, assignmentCommitHash=a9c717ccf7bcbe9531d3eee21dbaeb5aab2ff971, testCommitHash=a9c717ccf7bcbe9531d3eee21dbaeb5aab2ff971, branch=main, programmingLanguage=JAVA, projectType=PLAIN_GRADLE, scaEnabled=false, sequentialTestRunsEnabled=false, resultPaths=[/var/tmp/testing-dir/**/test-results/test/*.xml], timeoutSeconds=0, assignmentCheckoutPath=null, testCheckoutPath=null, solutionCheckoutPath=null, dockerRunConfig=DockerRunConfig[isNetworkDisabled=true, env=[key=value]]], submissionResult=ResultDTO[id=132, completionDate=2025-02-14T23:42:45.519869118Z[Etc/UTC], successful=false, score=7.7, rated=true, submission=SubmissionDTO[id=119, submitted=true, type=MANUAL, exampleSubmission=null, submissionDate=2025-02-14T23:42:42.302762Z, commitHash=a9c717ccf7bcbe9531d3eee21dbaeb5aab2ff971, buildFailed=false, buildArtifact=false, participation=ParticipationDTO[id=462, testRun=false, type=programming, submissionCount=null, exercise=ParticipationExerciseDTO[id=298, exerciseType=PROGRAMMING, type=programming, assessmentType=AUTOMATIC, dueDate=2025-02-16T23:42:41.553955Z, assessmentDueDate=null, maxPoints=42.0, course=CourseDTO[id=147, accuracyOfScores=1]]], submissionExerciseType=programming, isProcessing=false, buildStartDate=null, estimatedCompletionDate=null], participation=ParticipationDTO[id=462, testRun=false, type=programming, submissionCount=null, exercise=ParticipationExerciseDTO[id=298, exerciseType=PROGRAMMING, type=programming, assessmentType=AUTOMATIC, dueDate=2025-02-16T23:42:41.553955Z, assessmentDueDate=null, maxPoints=42.0, course=CourseDTO[id=147, accuracyOfScores=1]]], feedbacks=[FeedbackDTO[id=67, text=null, detailText=The exercise expects a class with the name Context in the package testpackage. You did not implement the class in the exercise., hasLongFeedbackText=false, reference=null, credits=0.0, positive=false, type=AUTOMATIC, visibility=ALWAYS, testCase=TestCaseDTO[testName=null, id=13]], FeedbackDTO[id=68, text=null, detailText=The exercise expects a class with the name Policy in the package testpackage. You did not implement the class in the exercise., hasLongFeedbackText=false, reference=null, credits=0.0, positive=false, type=AUTOMATIC, visibility=ALWAYS, testCase=TestCaseDTO[testName=null, id=14]], FeedbackDTO[id=69, text=null, detailText=The exercise expects a class with the name SortStrategy in the package testpackage. You did not implement the class in the exercise., hasLongFeedbackText=false, reference=null, credits=0.0, positive=false, type=AUTOMATIC, visibility=ALWAYS, testCase=TestCaseDTO[testName=null, id=15]], FeedbackDTO[id=70, text=null, detailText=The class 'MergeSort' does not implement the interface 'SortStrategy' as expected. Implement the interface and its methods., hasLongFeedbackText=false, reference=null, credits=0.0, positive=false, type=AUTOMATIC, visibility=ALWAYS, testCase=TestCaseDTO[testName=null, id=10]], FeedbackDTO[id=71, text=null, detailText=The exercise expects a class with the name SortStrategy in the package testpackage. You did not implement the class in the exercise., hasLongFeedbackText=false, reference=null, credits=0.0, positive=false, type=AUTOMATIC, visibility=ALWAYS, testCase=TestCaseDTO[testName=null, id=7]], FeedbackDTO[id=72, text=null, detailText=The class 'BubbleSort' does not implement the interface 'SortStrategy' as expected. Implement the interface and its methods., hasLongFeedbackText=false, reference=null, credits=0.0, positive=false, type=AUTOMATIC, visibility=ALWAYS, testCase=TestCaseDTO[testName=null, id=11]], FeedbackDTO[id=73, text=null, detailText=MergeSort does not sort correctly, hasLongFeedbackText=false, reference=null, credits=0.0, positive=false, type=AUTOMATIC, visibility=ALWAYS, testCase=TestCaseDTO[testName=null, id=16]], FeedbackDTO[id=74, text=null, detailText=The class 'Context' was not found within the submission. Make sure to implement it properly., hasLongFeedbackText=false, reference=null, credits=0.0, positive=false, type=AUTOMATIC, visibility=ALWAYS, testCase=TestCaseDTO[testName=null, id=17]], FeedbackDTO[id=75, text=null, detailText=The class 'Context' was not found within the submission. Make sure to implement it properly., hasLongFeedbackText=false, reference=null, credits=0.0, positive=false, type=AUTOMATIC, visibility=ALWAYS, testCase=TestCaseDTO[testName=null, id=18]], FeedbackDTO[id=76, text=null, detailText=The exercise expects a class with the name Policy in the package testpackage. You did not implement the class in the exercise., hasLongFeedbackText=false, reference=null, credits=0.0, positive=false, type=AUTOMATIC, visibility=ALWAYS, testCase=TestCaseDTO[testName=null, id=12]], FeedbackDTO[id=77, text=null, detailText=The exercise expects a class with the name Context in the package testpackage. You did not implement the class in the exercise., hasLongFeedbackText=false, reference=null, credits=0.0, positive=false, type=AUTOMATIC, visibility=ALWAYS, testCase=TestCaseDTO[testName=null, id=8]], FeedbackDTO[id=78, text=null, detailText=The exercise expects a class with the name Policy in the package testpackage. You did not implement the class in the exercise., hasLongFeedbackText=false, reference=null, credits=0.0, positive=false, type=AUTOMATIC, visibility=ALWAYS, testCase=TestCaseDTO[testName=null, id=9]], FeedbackDTO[id=79, text=null, detailText=null, hasLongFeedbackText=false, reference=null, credits=3.230769230769231, positive=true, type=AUTOMATIC, visibility=ALWAYS, testCase=TestCaseDTO[testName=null, id=19]]], assessmentType=AUTOMATIC, hasComplaint=null, exampleResult=null, testCaseCount=13, passedTestCaseCount=1, codeIssueCount=0]], BuildJobQueueItem[id=4651739576569330, name=SHORTB06DD3F905F4604F6E085260D83ED657A6DFTSTEXC-LOCALCIINTSTUDENT1, buildAgent=BuildAgentDTO[name=artemis-build-agent-test, memberAddress=[127.0.0.1]:5703, displayName=artemis-build-agent-test], participationId=465, courseId=148, exerciseId=299, retryCount=0, priority=2, status=SUCCESSFUL, repositoryInfo=RepositoryInfo[repositoryName=shortb06dd3f905f4604f6e085260d83ed657a6dftstexc-localciintstudent1, repositoryType=user, triggeredByPushTo=user, assignmentRepositoryUri=http://localhost:49152/git/SHORTB06DD3F905F4604F6E085260D83ED657A6DFTSTEXC/shortb06dd3f905f4604f6e085260d83ed657a6dftstexc-localciintstudent1.git, testRepositoryUri=http://localhost:49152/git/SHORTB06DD3F905F4604F6E085260D83ED657A6DFTSTEXC/shortb06dd3f905f4604f6e085260d83ed657a6dftstexc-tests.git, solutionRepositoryUri=null, auxiliaryRepositoryUris=[Ljava.lang.String;@109dcda5, auxiliaryRepositoryCheckoutDirectories=[Ljava.lang.String;@79f06523], jobTimingInfo=JobTimingInfo[submissionDate=2025-02-14T23:42:49.330093960Z[Etc/UTC], buildStartDate=2025-02-14T23:42:49.347797345Z[Etc/UTC], buildCompletionDate=2025-02-14T23:42:51.204319751Z[Etc/UTC], estimatedCompletionDate=2025-02-14T23:43:08.347788449Z[Etc/UTC], estimatedDuration=19], buildConfig=BuildConfig[buildScript=#!/bin/bash
cd /var/tmp/testing-dir
chmod +x ./gradlew
./gradlew clean test
, dockerImage=dummy-docker-image:latest, commitHashToBuild=41581fff25954d36cf07586926ee0c77d1003131, assignmentCommitHash=41581fff25954d36cf07586926ee0c77d1003131, testCommitHash=41581fff25954d36cf07586926ee0c77d1003131, branch=main, programmingLanguage=JAVA, projectType=PLAIN_GRADLE, scaEnabled=false, sequentialTestRunsEnabled=false, resultPaths=[/var/tmp/testing-dir/**/test-results/test/*.xml], timeoutSeconds=0, assignmentCheckoutPath=null, testCheckoutPath=null, solutionCheckoutPath=null, dockerRunConfig=null], submissionResult=ResultDTO[id=133, completionDate=2025-02-14T23:42:51.155372920Z[Etc/UTC], successful=false, score=7.7, rated=true, submission=SubmissionDTO[id=120, submitted=true, type=MANUAL, exampleSubmission=null, submissionDate=2025-02-14T23:42:49.321855Z, commitHash=41581fff25954d36cf07586926ee0c77d1003131, buildFailed=false, buildArtifact=false, participation=ParticipationDTO[id=465, testRun=false, type=programming, submissionCount=null, exercise=ParticipationExerciseDTO[id=299, exerciseType=PROGRAMMING, type=programming, assessmentType=AUTOMATIC, dueDate=2025-02-16T23:42:49.163661Z, assessmentDueDate=null, maxPoints=42.0, course=CourseDTO[id=148, accuracyOfScores=1]]], submissionExerciseType=programming, isProcessing=false, buildStartDate=null, estimatedCompletionDate=null], participation=ParticipationDTO[id=465, testRun=false, type=programming, submissionCount=null, exercise=ParticipationExerciseDTO[id=299, exerciseType=PROGRAMMING, type=programming, assessmentType=AUTOMATIC, dueDate=2025-02-16T23:42:49.163661Z, assessmentDueDate=null, maxPoints=42.0, course=CourseDTO[id=148, accuracyOfScores=1]]], feedbacks=[FeedbackDTO[id=80, text=null, detailText=The exercise expects a class with the name Context in the package testpackage. You did not implement the class in the exercise., hasLongFeedbackText=false, reference=null, credits=0.0, positive=false, type=AUTOMATIC, visibility=ALWAYS, testCase=TestCaseDTO[testName=null, id=26]], FeedbackDTO[id=81, text=null, detailText=The exercise expects a class with the name Policy in the package testpackage. You did not implement the class in the exercise., hasLongFeedbackText=false, reference=null, credits=0.0, positive=false, type=AUTOMATIC, visibility=ALWAYS, testCase=TestCaseDTO[testName=null, id=27]], FeedbackDTO[id=82, text=null, detailText=The exercise expects a class with the name SortStrategy in the package testpackage. You did not implement the class in the exercise., hasLongFeedbackText=false, reference=null, credits=0.0, positive=false, type=AUTOMATIC, visibility=ALWAYS, testCase=TestCaseDTO[testName=null, id=28]], FeedbackDTO[id=83, text=null, detailText=The class 'MergeSort' does not implement the interface 'SortStrategy' as expected. Implement the interface and its methods., hasLongFeedbackText=false, reference=null, credits=0.0, positive=false, type=AUTOMATIC, visibility=ALWAYS, testCase=TestCaseDTO[testName=null, id=23]], FeedbackDTO[id=84, text=null, detailText=The exercise expects a class with the name SortStrategy in the package testpackage. You did not implement the class in the exercise., hasLongFeedbackText=false, reference=null, credits=0.0, positive=false, type=AUTOMATIC, visibility=ALWAYS, testCase=TestCaseDTO[testName=null, id=20]], FeedbackDTO[id=85, text=null, detailText=The class 'BubbleSort' does not implement the interface 'SortStrategy' as expected. Implement the interface and its methods., hasLongFeedbackText=false, reference=null, credits=0.0, positive=false, type=AUTOMATIC, visibility=ALWAYS, testCase=TestCaseDTO[testName=null, id=24]], FeedbackDTO[id=86, text=null, detailText=MergeSort does not sort correctly, hasLongFeedbackText=false, reference=null, credits=0.0, positive=false, type=AUTOMATIC, visibility=ALWAYS, testCase=TestCaseDTO[testName=null, id=29]], FeedbackDTO[id=87, text=null, detailText=The class 'Context' was not found within the submission. Make sure to implement it properly., hasLongFeedbackText=false, reference=null, credits=0.0, positive=false, type=AUTOMATIC, visibility=ALWAYS, testCase=TestCaseDTO[testName=null, id=30]], FeedbackDTO[id=88, text=null, detailText=The class 'Context' was not found within the submission. Make sure to implement it properly., hasLongFeedbackText=false, reference=null, credits=0.0, positive=false, type=AUTOMATIC, visibility=ALWAYS, testCase=TestCaseDTO[testName=null, id=31]], FeedbackDTO[id=89, text=null, detailText=The exercise expects a class with the name Policy in the package testpackage. You did not implement the class in the exercise., hasLongFeedbackText=false, reference=null, credits=0.0, positive=false, type=AUTOMATIC, visibility=ALWAYS, testCase=TestCaseDTO[testName=null, id=25]], FeedbackDTO[id=90, text=null, detailText=The exercise expects a class with the name Context in the package testpackage. You did not implement the class in the exercise., hasLongFeedbackText=false, reference=null, credits=0.0, positive=false, type=AUTOMATIC, visibility=ALWAYS, testCase=TestCaseDTO[testName=null, id=21]], FeedbackDTO[id=91, text=null, detailText=The exercise expects a class with the name Policy in the package testpackage. You did not implement the class in the exercise., hasLongFeedbackText=false, reference=null, credits=0.0, positive=false, type=AUTOMATIC, visibility=ALWAYS, testCase=TestCaseDTO[testName=null, id=22]], FeedbackDTO[id=92, text=null, detailText=null, hasLongFeedbackText=false, reference=null, credits=3.230769230769231, positive=true, type=AUTOMATIC, visibility=ALWAYS, testCase=TestCaseDTO[testName=null, id=32]]], assessmentType=AUTOMATIC, hasComplaint=null, exampleResult=null, testCaseCount=13, passedTestCaseCount=1, codeIssueCount=0]], BuildJobQueueItem[id=4681739576573068, name=SHORTBCF65534040390488B0A46605F5F3776B89ATSTEXC-LOCALCIINTSTUDENT1, buildAgent=BuildAgentDTO[name=artemis-build-agent-test, memberAddress=[127.0.0.1]:5703, displayName=artemis-build-agent-test], participationId=468, courseId=149, exerciseId=300, retryCount=0, priority=2, status=SUCCESSFUL, repositoryInfo=RepositoryInfo[repositoryName=shortbcf65534040390488b0a46605f5f3776b89atstexc-localciintstudent1, repositoryType=user, triggeredByPushTo=user, assignmentRepositoryUri=http://localhost:49152/git/SHORTBCF65534040390488B0A46605F5F3776B89ATSTEXC/shortbcf65534040390488b0a46605f5f3776b89atstexc-localciintstudent1.git, testRepositoryUri=http://localhost:49152/git/SHORTBCF65534040390488B0A46605F5F3776B89ATSTEXC/shortbcf65534040390488b0a46605f5f3776b89atstexc-tests.git, solutionRepositoryUri=null, auxiliaryRepositoryUris=[Ljava.lang.String;@6920e40c, auxiliaryRepositoryCheckoutDirectories=[Ljava.lang.String;@7253f74c], jobTimingInfo=JobTimingInfo[submissionDate=2025-02-14T23:42:53.068019209Z[Etc/UTC], buildStartDate=2025-02-14T23:42:53.092867394Z[Etc/UTC], buildCompletionDate=2025-02-14T23:42:55.086950323Z[Etc/UTC], estimatedCompletionDate=2025-02-14T23:43:12.092858828Z[Etc/UTC], estimatedDuration=19], buildConfig=BuildConfig[buildScript=#!/bin/bash
cd /var/tmp/testing-dir
chmod +x ./gradlew
./gradlew clean test
, dockerImage=dummy-docker-image:latest, commitHashToBuild=2d5c0482fc77d3f5ec0841962528a43054e83170, assignmentCommitHash=2d5c0482fc77d3f5ec0841962528a43054e83170, testCommitHash=7477e25d56ce5fee2c938542a7e7ed4ed085d373, branch=main, programmingLanguage=JAVA, projectType=PLAIN_GRADLE, scaEnabled=false, sequentialTestRunsEnabled=false, resultPaths=[/var/tmp/testing-dir/**/test-results/test/*.xml], timeoutSeconds=0, assignmentCheckoutPath=null, testCheckoutPath=null, solutionCheckoutPath=null, dockerRunConfig=null], submissionResult=ResultDTO[id=134, completionDate=2025-02-14T23:42:55.059618627Z[Etc/UTC], successful=false, score=7.7, rated=true, submission=SubmissionDTO[id=121, submitted=true, type=MANUAL, exampleSubmission=null, submissionDate=2025-02-14T23:42:53.048221Z, commitHash=2d5c0482fc77d3f5ec0841962528a43054e83170, buildFailed=false, buildArtifact=false, participation=ParticipationDTO[id=468, testRun=false, type=programming, submissionCount=null, exercise=ParticipationExerciseDTO[id=300, exerciseType=PROGRAMMING, type=programming, assessmentType=AUTOMATIC, dueDate=2025-02-16T23:42:52.873722Z, assessmentDueDate=null, maxPoints=42.0, course=CourseDTO[id=149, accuracyOfScores=1]]], submissionExerciseType=programming, isProcessing=false, buildStartDate=null, estimatedCompletionDate=null], participation=ParticipationDTO[id=468, testRun=false, type=programming, submissionCount=null, exercise=ParticipationExerciseDTO[id=300, exerciseType=PROGRAMMING, type=programming, assessmentType=AUTOMATIC, dueDate=2025-02-16T23:42:52.873722Z, assessmentDueDate=null, maxPoints=42.0, course=CourseDTO[id=149, accuracyOfScores=1]]], feedbacks=[FeedbackDTO[id=93, text=null, detailText=The exercise expects a class with the name Context in the package testpackage. You did not implement the class in the exercise., hasLongFeedbackText=false, reference=null, credits=0.0, positive=false, type=AUTOMATIC, visibility=ALWAYS, testCase=TestCaseDTO[testName=null, id=39]], FeedbackDTO[id=94, text=null, detailText=The exercise expects a class with the name Policy in the package testpackage. You did not implement the class in the exercise., hasLongFeedbackText=false, reference=null, credits=0.0, positive=false, type=AUTOMATIC, visibility=ALWAYS, testCase=TestCaseDTO[testName=null, id=40]], FeedbackDTO[id=95, text=null, detailText=The exercise expects a class with the name SortStrategy in the package testpackage. You did not implement the class in the exercise., hasLongFeedbackText=false, reference=null, credits=0.0, positive=false, type=AUTOMATIC, visibility=ALWAYS, testCase=TestCaseDTO[testName=null, id=41]], FeedbackDTO[id=96, text=null, detailText=The class 'MergeSort' does not implement the interface 'SortStrategy' as expected. Implement the interface and its methods., hasLongFeedbackText=false, reference=null, credits=0.0, positive=false, type=AUTOMATIC, visibility=ALWAYS, testCase=TestCaseDTO[testName=null, id=36]], FeedbackDTO[id=97, text=null, detailText=The exercise expects a class with the name SortStrategy in the package testpackage. You did not implement the class in the exercise., hasLongFeedbackText=false, reference=null, credits=0.0, positive=false, type=AUTOMATIC, visibility=ALWAYS, testCase=TestCaseDTO[testName=null, id=33]], FeedbackDTO[id=98, text=null, detailText=The class 'BubbleSort' does not implement the interface 'SortStrategy' as expected. Implement the interface and its methods., hasLongFeedbackText=false, reference=null, credits=0.0, positive=false, type=AUTOMATIC, visibility=ALWAYS, testCase=TestCaseDTO[testName=null, id=37]], FeedbackDTO[id=99, text=null, detailText=MergeSort does not sort correctly, hasLongFeedbackText=false, reference=null, credits=0.0, positive=false, type=AUTOMATIC, visibility=ALWAYS, testCase=TestCaseDTO[testName=null, id=42]], FeedbackDTO[id=100, text=null, detailText=The class 'Context' was not found within the submission. Make sure to implement it properly., hasLongFeedbackText=false, reference=null, credits=0.0, positive=false, type=AUTOMATIC, visibility=ALWAYS, testCase=TestCaseDTO[testName=null, id=43]], FeedbackDTO[id=101, text=null, detailText=The class 'Context' was not found within the submission. Make sure to implement it properly., hasLongFeedbackText=false, reference=null, credits=0.0, positive=false, type=AUTOMATIC, visibility=ALWAYS, testCase=TestCaseDTO[testName=null, id=44]], FeedbackDTO[id=102, text=null, detailText=The exercise expects a class with the name Policy in the package testpackage. You did not implement the class in the exercise., hasLongFeedbackText=false, reference=null, credits=0.0, positive=false, type=AUTOMATIC, visibility=ALWAYS, testCase=TestCaseDTO[testName=null, id=38]], FeedbackDTO[id=103, text=null, detailText=The exercise expects a class with the name Context in the package testpackage. You did not implement the class in the exercise., hasLongFeedbackText=false, reference=null, credits=0.0, positive=false, type=AUTOMATIC, visibility=ALWAYS, testCase=TestCaseDTO[testName=null, id=34]], FeedbackDTO[id=104, text=null, detailText=The exercise expects a class with the name Policy in the package testpackage. You did not implement the class in the exercise., hasLongFeedbackText=false, reference=null, credits=0.0, positive=false, type=AUTOMATIC, visibility=ALWAYS, testCase=TestCaseDTO[testName=null, id=35]], FeedbackDTO[id=105, text=null, detailText=null, hasLongFeedbackText=false, reference=null, credits=3.230769230769231, positive=true, type=AUTOMATIC, visibility=ALWAYS, testCase=TestCaseDTO[testName=null, id=45]]], assessmentType=AUTOMATIC, hasComplaint=null, exampleResult=null, testCaseCount=13, passedTestCaseCount=1, codeIssueCount=0]], BuildJobQueueItem[id=4741739576577297, name=SHORT88A9A223023E2047B709E4A029FA08BCF2CFTSTEXC-LOCALCIINTSTUDENT1, buildAgent=BuildAgentDTO[name=artemis-build-agent-test, memberAddress=[127.0.0.1]:5703, displayName=artemis-build-agent-test], participationId=474, courseId=151, exerciseId=302, retryCount=0, priority=2, status=SUCCESSFUL, repositoryInfo=RepositoryInfo[repositoryName=short88a9a223023e2047b709e4a029fa08bcf2cftstexc-localciintstudent1, repositoryType=user, triggeredByPushTo=user, assignmentRepositoryUri=http://localhost:49152/git/SHORT88A9A223023E2047B709E4A029FA08BCF2CFTSTEXC/short88a9a223023e2047b709e4a029fa08bcf2cftstexc-localciintstudent1.git, testRepositoryUri=http://localhost:49152/git/SHORT88A9A223023E2047B709E4A029FA08BCF2CFTSTEXC/short88a9a223023e2047b709e4a029fa08bcf2cftstexc-tests.git, solutionRepositoryUri=null, auxiliaryRepositoryUris=[Ljava.lang.String;@c5dfc46, auxiliaryRepositoryCheckoutDirectories=[Ljava.lang.String;@76fe5993], jobTimingInfo=JobTimingInfo[submissionDate=2025-02-14T23:42:57.297342281Z[Etc/UTC], buildStartDate=2025-02-14T23:42:57.308570327Z[Etc/UTC], buildCompletionDate=2025-02-14T23:42:59.047616654Z[Etc/UTC], estimatedCompletionDate=2025-02-14T23:43:16.308558064Z[Etc/UTC], estimatedDuration=19], buildConfig=BuildConfig[buildScript=#!/bin/bash
cd /var/tmp/testing-dir
chmod +x ./gradlew
./gradlew clean test
, dockerImage=dummy-docker-image:latest, commitHashToBuild=736cbea1e46d6849b41266b2bf1cccd3b9ea55b1, assignmentCommitHash=736cbea1e46d6849b41266b2bf1cccd3b9ea55b1, testCommitHash=ea6267edd396a304305339b036512b63e0374c66, branch=main, programmingLanguage=JAVA, projectType=PLAIN_GRADLE, scaEnabled=false, sequentialTestRunsEnabled=false, resultPaths=[/var/tmp/testing-dir/**/test-results/test/*.xml], timeoutSeconds=0, assignmentCheckoutPath=null, testCheckoutPath=null, solutionCheckoutPath=null, dockerRunConfig=null], submissionResult=ResultDTO[id=135, completionDate=2025-02-14T23:42:59.014168821Z[Etc/UTC], successful=false, score=7.7, rated=true, submission=SubmissionDTO[id=123, submitted=true, type=MANUAL, exampleSubmission=null, submissionDate=2025-02-14T23:42:57.278471Z, commitHash=736cbea1e46d6849b41266b2bf1cccd3b9ea55b1, buildFailed=false, buildArtifact=false, participation=ParticipationDTO[id=474, testRun=false, type=programming, submissionCount=null, exercise=ParticipationExerciseDTO[id=302, exerciseType=PROGRAMMING, type=programming, assessmentType=AUTOMATIC, dueDate=2025-02-16T23:42:56.796251Z, assessmentDueDate=null, maxPoints=42.0, course=CourseDTO[id=151, accuracyOfScores=1]]], submissionExerciseType=programming, isProcessing=false, buildStartDate=null, estimatedCompletionDate=null], participation=ParticipationDTO[id=474, testRun=false, type=programming, submissionCount=null, exercise=ParticipationExerciseDTO[id=302, exerciseType=PROGRAMMING, type=programming, assessmentType=AUTOMATIC, dueDate=2025-02-16T23:42:56.796251Z, assessmentDueDate=null, maxPoints=42.0, course=CourseDTO[id=151, accuracyOfScores=1]]], feedbacks=[FeedbackDTO[id=106, text=null, detailText=The exercise expects a class with the name Context in the package testpackage. You did not implement the class in the exercise., hasLongFeedbackText=false, reference=null, credits=0.0, positive=false, type=AUTOMATIC, visibility=ALWAYS, testCase=TestCaseDTO[testName=null, id=65]], FeedbackDTO[id=107, text=null, detailText=The exercise expects a class with the name Policy in the package testpackage. You did not implement the class in the exercise., hasLongFeedbackText=false, reference=null, credits=0.0, positive=false, type=AUTOMATIC, visibility=ALWAYS, testCase=TestCaseDTO[testName=null, id=66]], FeedbackDTO[id=108, text=null, detailText=The exercise expects a class with the name SortStrategy in the package testpackage. You did not implement the class in the exercise., hasLongFeedbackText=false, reference=null, credits=0.0, positive=false, type=AUTOMATIC, visibility=ALWAYS, testCase=TestCaseDTO[testName=null, id=67]], FeedbackDTO[id=109, text=null, detailText=The class 'MergeSort' does not implement the interface 'SortStrategy' as expected. Implement the interface and its methods., hasLongFeedbackText=false, reference=null, credits=0.0, positive=false, type=AUTOMATIC, visibility=ALWAYS, testCase=TestCaseDTO[testName=null, id=62]], FeedbackDTO[id=110, text=null, detailText=The exercise expects a class with the name SortStrategy in the package testpackage. You did not implement the class in the exercise., hasLongFeedbackText=false, reference=null, credits=0.0, positive=false, type=AUTOMATIC, visibility=ALWAYS, testCase=TestCaseDTO[testName=null, id=59]], FeedbackDTO[id=111, text=null, detailText=The class 'BubbleSort' does not implement the interface 'SortStrategy' as expected. Implement the interface and its methods., hasLongFeedbackText=false, reference=null, credits=0.0, positive=false, type=AUTOMATIC, visibility=ALWAYS, testCase=TestCaseDTO[testName=null, id=63]], FeedbackDTO[id=112, text=null, detailText=MergeSort does not sort correctly, hasLongFeedbackText=false, reference=null, credits=0.0, positive=false, type=AUTOMATIC, visibility=ALWAYS, testCase=TestCaseDTO[testName=null, id=68]], FeedbackDTO[id=113, text=null, detailText=The class 'Context' was not found within the submission. Make sure to implement it properly., hasLongFeedbackText=false, reference=null, credits=0.0, positive=false, type=AUTOMATIC, visibility=ALWAYS, testCase=TestCaseDTO[testName=null, id=69]], FeedbackDTO[id=114, text=null, detailText=The class 'Context' was not found within the submission. Make sure to implement it properly., hasLongFeedbackText=false, reference=null, credits=0.0, positive=false, type=AUTOMATIC, visibility=ALWAYS, testCase=TestCaseDTO[testName=null, id=70]], FeedbackDTO[id=115, text=null, detailText=The exercise expects a class with the name Policy in the package testpackage. You did not implement the class in the exercise., hasLongFeedbackText=false, reference=null, credits=0.0, positive=false, type=AUTOMATIC, visibility=ALWAYS, testCase=TestCaseDTO[testName=null, id=64]], FeedbackDTO[id=116, text=null, detailText=The exercise expects a class with the name Context in the package testpackage. You did not implement the class in the exercise., hasLongFeedbackText=false, reference=null, credits=0.0, positive=false, type=AUTOMATIC, visibility=ALWAYS, testCase=TestCaseDTO[testName=null, id=60]], FeedbackDTO[id=117, text=null, detailText=The exercise expects a class with the name Policy in the package testpackage. You did not implement the class in the exercise., hasLongFeedbackText=false, reference=null, credits=0.0, positive=false, type=AUTOMATIC, visibility=ALWAYS, testCase=TestCaseDTO[testName=null, id=61]], FeedbackDTO[id=118, text=null, detailText=null, hasLongFeedbackText=false, reference=null, credits=3.230769230769231, positive=true, type=AUTOMATIC, visibility=ALWAYS, testCase=TestCaseDTO[testName=null, id=71]]], assessmentType=AUTOMATIC, hasComplaint=null, exampleResult=null, testCaseCount=13, passedTestCaseCount=1, codeIssueCount=0]], BuildJobQueueItem[id=4771739576580898, name=SHORT51E611E30D6B60466F0B8BA0AA97F58888C2TSTEXC-LOCALCIINTSTUDENT1, buildAgent=BuildAgentDTO[name=artemis-build-agent-test, memberAddress=[127.0.0.1]:5703, displayName=artemis-build-agent-test], participationId=477, courseId=152, exerciseId=303, retryCount=0, priority=2, status=SUCCESSFUL, repositoryInfo=RepositoryInfo[repositoryName=short51e611e30d6b60466f0b8ba0aa97f58888c2tstexc-localciintstudent1, repositoryType=user, triggeredByPushTo=user, assignmentRepositoryUri=http://localhost:49152/git/SHORT51E611E30D6B60466F0B8BA0AA97F58888C2TSTEXC/short51e611e30d6b60466f0b8ba0aa97f58888c2tstexc-localciintstudent1.git, testRepositoryUri=http://localhost:49152/git/SHORT51E611E30D6B60466F0B8BA0AA97F58888C2TSTEXC/short51e611e30d6b60466f0b8ba0aa97f58888c2tstexc-tests.git, solutionRepositoryUri=null, auxiliaryRepositoryUris=[Ljava.lang.String;@1890d3c4, auxiliaryRepositoryCheckoutDirectories=[Ljava.lang.String;@7514ae0d], jobTimingInfo=JobTimingInfo[submissionDate=2025-02-14T23:43:00.898532688Z[Etc/UTC], buildStartDate=2025-02-14T23:43:00.905733056Z[Etc/UTC], buildCompletionDate=2025-02-14T23:43:02.692768910Z[Etc/UTC], estimatedCompletionDate=2025-02-14T23:43:19.905720463Z[Etc/UTC], estimatedDuration=19], buildConfig=BuildConfig[buildScript=#!/bin/bash
cd /var/tmp/testing-dir
chmod +x ./gradlew
./gradlew clean test
, dockerImage=dummy-docker-image:latest, commitHashToBuild=8f3057cbd462f5e3de4e6ba85115f60d8dbb5aea, assignmentCommitHash=8f3057cbd462f5e3de4e6ba85115f60d8dbb5aea, testCommitHash=8f3057cbd462f5e3de4e6ba85115f60d8dbb5aea, branch=main, programmingLanguage=JAVA, projectType=PLAIN_GRADLE, scaEnabled=true, sequentialTestRunsEnabled=false, resultPaths=[/var/tmp/testing-dir/**/test-results/test/*.xml], timeoutSeconds=0, assignmentCheckoutPath=null, testCheckoutPath=null, solutionCheckoutPath=null, dockerRunConfig=null], submissionResult=ResultDTO[id=136, completionDate=2025-02-14T23:43:02.637820510Z[Etc/UTC], successful=false, score=7.7, rated=true, submission=SubmissionDTO[id=124, submitted=true, type=MANUAL, exampleSubmission=null, submissionDate=2025-02-14T23:43:00.886601Z, commitHash=8f3057cbd462f5e3de4e6ba85115f60d8dbb5aea, buildFailed=false, buildArtifact=false, participation=ParticipationDTO[id=477, testRun=false, type=programming, submissionCount=null, exercise=ParticipationExerciseDTO[id=303, exerciseType=PROGRAMMING, type=programming, assessmentType=AUTOMATIC, dueDate=2025-02-16T23:43:00.631824Z, assessmentDueDate=null, maxPoints=42.0, course=CourseDTO[id=152, accuracyOfScores=1]]], submissionExerciseType=programming, isProcessing=false, buildStartDate=null, estimatedCompletionDate=null], participation=ParticipationDTO[id=477, testRun=false, type=programming, submissionCount=null, exercise=ParticipationExerciseDTO[id=303, exerciseType=PROGRAMMING, type=programming, assessmentType=AUTOMATIC, dueDate=2025-02-16T23:43:00.631824Z, assessmentDueDate=null, maxPoints=42.0, course=CourseDTO[id=152, accuracyOfScores=1]]], feedbacks=[FeedbackDTO[id=119, text=null, detailText=The exercise expects a class with the name Context in the package testpackage. You did not implement the class in the exercise., hasLongFeedbackText=false, reference=null, credits=0.0, positive=false, type=AUTOMATIC, visibility=ALWAYS, testCase=TestCaseDTO[testName=null, id=78]], FeedbackDTO[id=120, text=null, detailText=The exercise expects a class with the name Policy in the package testpackage. You did not implement the class in the exercise., hasLongFeedbackText=false, reference=null, credits=0.0, positive=false, type=AUTOMATIC, visibility=ALWAYS, testCase=TestCaseDTO[testName=null, id=79]], FeedbackDTO[id=121, text=null, detailText=The exercise expects a class with the name SortStrategy in the package testpackage. You did not implement the class in the exercise., hasLongFeedbackText=false, reference=null, credits=0.0, positive=false, type=AUTOMATIC, visibility=ALWAYS, testCase=TestCaseDTO[testName=null, id=80]], FeedbackDTO[id=122, text=null, detailText=The class 'MergeSort' does not implement the interface 'SortStrategy' as expected. Implement the interface and its methods., hasLongFeedbackText=false, reference=null, credits=0.0, positive=false, type=AUTOMATIC, visibility=ALWAYS, testCase=TestCaseDTO[testName=null, id=75]], FeedbackDTO[id=123, text=null, detailText=The exercise expects a class with the name SortStrategy in the package testpackage. You did not implement the class in the exercise., hasLongFeedbackText=false, reference=null, credits=0.0, positive=false, type=AUTOMATIC, visibility=ALWAYS, testCase=TestCaseDTO[testName=null, id=72]], FeedbackDTO[id=124, text=null, detailText=The class 'BubbleSort' does not implement the interface 'SortStrategy' as expected. Implement the interface and its methods., hasLongFeedbackText=false, reference=null, credits=0.0, positive=false, type=AUTOMATIC, visibility=ALWAYS, testCase=TestCaseDTO[testName=null, id=76]], FeedbackDTO[id=125, text=null, detailText=MergeSort does not sort correctly, hasLongFeedbackText=false, reference=null, credits=0.0, positive=false, type=AUTOMATIC, visibility=ALWAYS, testCase=TestCaseDTO[testName=null, id=81]], FeedbackDTO[id=126, text=null, detailText=The class 'Context' was not found within the submission. Make sure to implement it properly., hasLongFeedbackText=false, reference=null, credits=0.0, positive=false, type=AUTOMATIC, visibility=ALWAYS, testCase=TestCaseDTO[testName=null, id=82]], FeedbackDTO[id=127, text=null, detailText=The class 'Context' was not found within the submission. Make sure to implement it properly., hasLongFeedbackText=false, reference=null, credits=0.0, positive=false, type=AUTOMATIC, visibility=ALWAYS, testCase=TestCaseDTO[testName=null, id=83]], FeedbackDTO[id=128, text=null, detailText=The exercise expects a class with the name Policy in the package testpackage. You did not implement the class in the exercise., hasLongFeedbackText=false, reference=null, credits=0.0, positive=false, type=AUTOMATIC, visibility=ALWAYS, testCase=TestCaseDTO[testName=null, id=77]], FeedbackDTO[id=129, text=null, detailText=The exercise expects a class with the name Context in the package testpackage. You did not implement the class in the exercise., hasLongFeedbackText=false, reference=null, credits=0.0, positive=false, type=AUTOMATIC, visibility=ALWAYS, testCase=TestCaseDTO[testName=null, id=73]], FeedbackDTO[id=130, text=null, detailText=The exercise expects a class with the name Policy in the package testpackage. You did not implement the class in the exercise., hasLongFeedbackText=false, reference=null, credits=0.0, positive=false, type=AUTOMATIC, visibility=ALWAYS, testCase=TestCaseDTO[testName=null, id=74]], FeedbackDTO[id=131, text=null, detailText=null, hasLongFeedbackText=false, reference=null, credits=3.230769230769231, positive=true, type=AUTOMATIC, visibility=ALWAYS, testCase=TestCaseDTO[testName=null, id=84]], FeedbackDTO[id=132, text=SCAFeedbackIdentifier:Bad Practice, detailText={"filePath":"src/code/Client.java","startLine":6,"endLine":6,"startColumn":1,"endColumn":26,"rule":"UnusedImports","category":"Best Practices","message":"Avoid unused imports such as 'javax.swing.JFrame'","priority":"4"}, hasLongFeedbackText=false, reference=PMD, credits=0.0, positive=false, type=AUTOMATIC, visibility=null, testCase=null], FeedbackDTO[id=133, text=SCAFeedbackIdentifier:Code Style, detailText={"filePath":"src/code/Client.java","startLine":7,"endLine":7,"startColumn":1,"endColumn":19,"rule":"DontImportJavaLang","category":"Code Style","message":"Avoid importing anything from the package java.lang","priority":"4"}, hasLongFeedbackText=false, reference=PMD, credits=0.0, positive=false, type=AUTOMATIC, visibility=null, testCase=null], FeedbackDTO[id=134, text=SCAFeedbackIdentifier:Bad Practice, detailText={"filePath":"src/code/Client.java","startLine":7,"endLine":7,"startColumn":1,"endColumn":19,"rule":"UnusedImports","category":"Best Practices","message":"Avoid unused imports such as 'java.lang'","priority":"4"}, hasLongFeedbackText=false, reference=PMD, credits=0.0, positive=false, type=AUTOMATIC, visibility=null, testCase=null], FeedbackDTO[id=135, text=SCAFeedbackIdentifier:Bad Practice, detailText={"filePath":"src/code/Client.java","startLine":73,"endLine":73,"startColumn":18,"endColumn":27,"rule":"UnusedLocalVariable","category":"Best Practices","message":"Avoid unused local variables such as 'randomDate'.","priority":"3"}, hasLongFeedbackText=false, reference=PMD, credits=0.0, positive=false, type=AUTOMATIC, visibility=null, testCase=null], FeedbackDTO[id=136, text=SCAFeedbackIdentifier:Bad Practice, detailText={"filePath":"src/code/Client.java","startLine":81,"endLine":81,"startColumn":31,"endColumn":53,"rule":"UnusedPrivateMethod","category":"Best Practices","message":"Avoid unused private methods such as 'CreateRandomDatesList()'.","priority":"3"}, hasLongFeedbackText=false, reference=PMD, credits=0.0, positive=false, type=AUTOMATIC, visibility=null, testCase=null], FeedbackDTO[id=137, text=SCAFeedbackIdentifier:Potential Bugs, detailText={"filePath":"src/code/Client.java","startLine":94,"endLine":94,"startColumn":9,"endColumn":9,"rule":"EmptyStatementNotInLoop","category":"Error Prone","message":"An empty statement (semicolon) not part of a loop","priority":"3"}, hasLongFeedbackText=false, reference=PMD, credits=0.0, positive=false, type=AUTOMATIC, visibility=null, testCase=null], FeedbackDTO[id=138, text=SCAFeedbackIdentifier:Potential Bugs, detailText={"filePath":"src/code/Client.java","startLine":94,"endLine":94,"startColumn":10,"endColumn":10,"rule":"EmptyStatementNotInLoop","category":"Error Prone","message":"An empty statement (semicolon) not part of a loop","priority":"3"}, hasLongFeedbackText=false, reference=PMD, credits=0.0, positive=false, type=AUTOMATIC, visibility=null, testCase=null], FeedbackDTO[id=139, text=SCAFeedbackIdentifier:Potential Bugs, detailText={"filePath":"src/code/Client.java","startLine":94,"endLine":94,"startColumn":11,"endColumn":11,"rule":"EmptyStatementNotInLoop","category":"Error Prone","message":"An empty statement (semicolon) not part of a loop","priority":"3"}, hasLongFeedbackText=false, reference=PMD, credits=0.0, positive=false, type=AUTOMATIC, visibility=null, testCase=null], FeedbackDTO[id=140, text=SCAFeedbackIdentifier:Code Style, detailText={"filePath":"src/code/Client.java","startLine":73,"endLine":73,"rule":"DLS_DEAD_LOCAL_STORE","category":"STYLE","message":"Dead store to randomDate in code.Client.createRandomDatesList()","priority":"2"}, hasLongFeedbackText=false, reference=SPOTBUGS, credits=0.0, positive=false, type=AUTOMATIC, visibility=null, testCase=null], FeedbackDTO[id=141, text=SCAFeedbackIdentifier:Bad Practice, detailText={"filePath":"src/code/Client.java","startLine":82,"endLine":95,"rule":"NM_METHOD_NAMING_CONVENTION","category":"BAD_PRACTICE","message":"The method name code.Client.CreateRandomDatesList() doesn't start with a lower case letter","priority":"3"}, hasLongFeedbackText=false, reference=SPOTBUGS, credits=0.0, positive=false, type=AUTOMATIC, visibility=null, testCase=null], FeedbackDTO[id=142, text=SCAFeedbackIdentifier:Performance, detailText={"filePath":"src/code/Client.java","startLine":82,"endLine":95,"rule":"UPM_UNCALLED_PRIVATE_METHOD","category":"PERFORMANCE","message":"Private method code.Client.CreateRandomDatesList() is never called","priority":"2"}, hasLongFeedbackText=false, reference=SPOTBUGS, credits=0.0, positive=false, type=AUTOMATIC, visibility=null, testCase=null], FeedbackDTO[id=143, text=SCAFeedbackIdentifier:Code Style, detailText={"filePath":"src/code/Client.java","startLine":70,"endLine":70,"startColumn":9,"endColumn":9,"rule":"NeedBracesCheck","category":"blocks","message":"'for' construct must use '{}'s.","priority":"error"}, hasLongFeedbackText=false, reference=CHECKSTYLE, credits=0.0, positive=false, type=AUTOMATIC, visibility=null, testCase=null], FeedbackDTO[id=144, text=SCAFeedbackIdentifier:Code Style, detailText={"filePath":"src/code/Client.java","startLine":93,"endLine":93,"startColumn":9,"endColumn":9,"rule":"EmptyStatementCheck","category":"coding","message":"Empty statement.","priority":"error"}, hasLongFeedbackText=false, reference=CHECKSTYLE, credits=0.0, positive=false, type=AUTOMATIC, visibility=null, testCase=null], FeedbackDTO[id=145, text=SCAFeedbackIdentifier:Code Style, detailText={"filePath":"src/code/Client.java","startLine":93,"endLine":93,"startColumn":10,"endColumn":10,"rule":"EmptyStatementCheck","category":"coding","message":"Empty statement.","priority":"error"}, hasLongFeedbackText=false, reference=CHECKSTYLE, credits=0.0, positive=false, type=AUTOMATIC, visibility=null, testCase=null], FeedbackDTO[id=146, text=SCAFeedbackIdentifier:Code Style, detailText={"filePath":"src/code/Client.java","startLine":93,"endLine":93,"startColumn":11,"endColumn":11,"rule":"EmptyStatementCheck","category":"coding","message":"Empty statement.","priority":"error"}, hasLongFeedbackText=false, reference=CHECKSTYLE, credits=0.0, positive=false, type=AUTOMATIC, visibility=null, testCase=null]], assessmentType=AUTOMATIC, hasComplaint=null, exampleResult=null, testCaseCount=13, passedTestCaseCount=1, codeIssueCount=15]], BuildJobQueueItem[id=4821739576584632, name=SHORT433BAC4500363044960B6E10DFA0493471B2TSTEXC-LOCALCIINTSTUDENT1, buildAgent=BuildAgentDTO[name=artemis-build-agent-test, memberAddress=[127.0.0.1]:5703, displayName=artemis-build-agent-test], participationId=482, courseId=154, exerciseId=305, retryCount=0, priority=2, status=SUCCESSFUL, repositoryInfo=RepositoryInfo[repositoryName=short433bac4500363044960b6e10dfa0493471b2tstexc-localciintstudent1, repositoryType=user, triggeredByPushTo=user, assignmentRepositoryUri=http://localhost:49152/git/SHORT433BAC4500363044960B6E10DFA0493471B2TSTEXC/short433bac4500363044960b6e10dfa0493471b2tstexc-localciintstudent1.git, testRepositoryUri=http://localhost:49152/git/SHORT433BAC4500363044960B6E10DFA0493471B2TSTEXC/short433bac4500363044960b6e10dfa0493471b2tstexc-tests.git, solutionRepositoryUri=null, auxiliaryRepositoryUris=[Ljava.lang.String;@1648d325, auxiliaryRepositoryCheckoutDirectories=[Ljava.lang.String;@12fe32be], jobTimingInfo=JobTimingInfo[submissionDate=2025-02-14T23:43:04.632341258Z[Etc/UTC], buildStartDate=2025-02-14T23:43:04.637633457Z[Etc/UTC], buildCompletionDate=2025-02-14T23:43:06.421238953Z[Etc/UTC], estimatedCompletionDate=2025-02-14T23:43:23.637623879Z[Etc/UTC], estimatedDuration=19], buildConfig=BuildConfig[buildScript=#!/bin/bash
cd /var/tmp/testing-dir
chmod +x ./gradlew
./gradlew clean test
, dockerImage=dummy-docker-image:latest, commitHashToBuild=8355c4f3cd5d3e0443707d3310206e460e333c6f, assignmentCommitHash=8355c4f3cd5d3e0443707d3310206e460e333c6f, testCommitHash=8355c4f3cd5d3e0443707d3310206e460e333c6f, branch=main, programmingLanguage=JAVA, projectType=PLAIN_GRADLE, scaEnabled=false, sequentialTestRunsEnabled=false, resultPaths=[/var/tmp/testing-dir/**/test-results/test/*.xml], timeoutSeconds=0, assignmentCheckoutPath=null, testCheckoutPath=null, solutionCheckoutPath=null, dockerRunConfig=null], submissionResult=ResultDTO[id=137, completionDate=2025-02-14T23:43:06.404877412Z[Etc/UTC], successful=false, score=7.7, rated=true, submission=SubmissionDTO[id=125, submitted=true, type=MANUAL, exampleSubmission=null, submissionDate=2025-02-14T23:43:04.623230Z, commitHash=8355c4f3cd5d3e0443707d3310206e460e333c6f, buildFailed=false, buildArtifact=false, participation=ParticipationDTO[id=482, testRun=false, type=programming, submissionCount=null, exercise=ParticipationExerciseDTO[id=305, exerciseType=PROGRAMMING, type=programming, assessmentType=AUTOMATIC, dueDate=2025-02-16T23:43:04.425734Z, assessmentDueDate=null, maxPoints=42.0, course=CourseDTO[id=154, accuracyOfScores=1]]], submissionExerciseType=programming, isProcessing=false, buildStartDate=null, estimatedCompletionDate=null], participation=ParticipationDTO[id=482, testRun=false, type=programming, submissionCount=null, exercise=ParticipationExerciseDTO[id=305, exerciseType=PROGRAMMING, type=programming, assessmentType=AUTOMATIC, dueDate=2025-02-16T23:43:04.425734Z, assessmentDueDate=null, maxPoints=42.0, course=CourseDTO[id=154, accuracyOfScores=1]]], feedbacks=[FeedbackDTO[id=147, text=null, detailText=The exercise expects a class with the name Context in the package testpackage. You did not implement the class in the exercise., hasLongFeedbackText=false, reference=null, credits=0.0, positive=false, type=AUTOMATIC, visibility=ALWAYS, testCase=TestCaseDTO[testName=null, id=104]], FeedbackDTO[id=148, text=null, detailText=The exercise expects a class with the name Policy in the package testpackage. You did not implement the class in the exercise., hasLongFeedbackText=false, reference=null, credits=0.0, positive=false, type=AUTOMATIC, visibility=ALWAYS, testCase=TestCaseDTO[testName=null, id=105]], FeedbackDTO[id=149, text=null, detailText=The exercise expects a class with the name SortStrategy in the package testpackage. You did not implement the class in the exercise., hasLongFeedbackText=false, reference=null, credits=0.0, positive=false, type=AUTOMATIC, visibility=ALWAYS, testCase=TestCaseDTO[testName=null, id=106]], FeedbackDTO[id=150, text=null, detailText=The class 'MergeSort' does not implement the interface 'SortStrategy' as expected. Implement the interface and its methods., hasLongFeedbackText=false, reference=null, credits=0.0, positive=false, type=AUTOMATIC, visibility=ALWAYS, testCase=TestCaseDTO[testName=null, id=101]], FeedbackDTO[id=151, text=null, detailText=The exercise expects a class with the name SortStrategy in the package testpackage. You did not implement the class in the exercise., hasLongFeedbackText=false, reference=null, credits=0.0, positive=false, type=AUTOMATIC, visibility=ALWAYS, testCase=TestCaseDTO[testName=null, id=98]], FeedbackDTO[id=152, text=null, detailText=The class 'BubbleSort' does not implement the interface 'SortStrategy' as expected. Implement the interface and its methods., hasLongFeedbackText=false, reference=null, credits=0.0, positive=false, type=AUTOMATIC, visibility=ALWAYS, testCase=TestCaseDTO[testName=null, id=102]], FeedbackDTO[id=153, text=null, detailText=MergeSort does not sort correctly, hasLongFeedbackText=false, reference=null, credits=0.0, positive=false, type=AUTOMATIC, visibility=ALWAYS, testCase=TestCaseDTO[testName=null, id=107]], FeedbackDTO[id=154, text=null, detailText=The class 'Context' was not found within the submission. Make sure to implement it properly., hasLongFeedbackText=false, reference=null, credits=0.0, positive=false, type=AUTOMATIC, visibility=ALWAYS, testCase=TestCaseDTO[testName=null, id=108]], FeedbackDTO[id=155, text=null, detailText=The class 'Context' was not found within the submission. Make sure to implement it properly., hasLongFeedbackText=false, reference=null, credits=0.0, positive=false, type=AUTOMATIC, visibility=ALWAYS, testCase=TestCaseDTO[testName=null, id=109]], FeedbackDTO[id=156, text=null, detailText=The exercise expects a class with the name Policy in the package testpackage. You did not implement the class in the exercise., hasLongFeedbackText=false, reference=null, credits=0.0, positive=false, type=AUTOMATIC, visibility=ALWAYS, testCase=TestCaseDTO[testName=null, id=103]], FeedbackDTO[id=157, text=null, detailText=The exercise expects a class with the name Context in the package testpackage. You did not implement the class in the exercise., hasLongFeedbackText=false, reference=null, credits=0.0, positive=false, type=AUTOMATIC, visibility=ALWAYS, testCase=TestCaseDTO[testName=null, id=99]], FeedbackDTO[id=158, text=null, detailText=The exercise expects a class with the name Policy in the package testpackage. You did not implement the class in the exercise., hasLongFeedbackText=false, reference=null, credits=0.0, positive=false, type=AUTOMATIC, visibility=ALWAYS, testCase=TestCaseDTO[testName=null, id=100]], FeedbackDTO[id=159, text=null, detailText=null, hasLongFeedbackText=false, reference=null, credits=3.230769230769231, positive=true, type=AUTOMATIC, visibility=ALWAYS, testCase=TestCaseDTO[testName=null, id=110]]], assessmentType=AUTOMATIC, hasComplaint=null, exampleResult=null, testCaseCount=13, passedTestCaseCount=1, codeIssueCount=0]], BuildJobQueueItem[id=4851739576588371, name=SHORT495D587A0856D04A9E08BC60D2E08365FB9ETSTEXC-LOCALCIINTSTUDENT1, buildAgent=BuildAgentDTO[name=artemis-build-agent-test, memberAddress=[127.0.0.1]:5703, displayName=artemis-build-agent-test], participationId=485, courseId=155, exerciseId=306, retryCount=0, priority=2, status=FAILED, repositoryInfo=RepositoryInfo[repositoryName=short495d587a0856d04a9e08bc60d2e08365fb9etstexc-localciintstudent1, repositoryType=user, triggeredByPushTo=user, assignmentRepositoryUri=http://localhost:49152/git/SHORT495D587A0856D04A9E08BC60D2E08365FB9ETSTEXC/short495d587a0856d04a9e08bc60d2e08365fb9etstexc-localciintstudent1.git, testRepositoryUri=http://localhost:49152/git/SHORT495D587A0856D04A9E08BC60D2E08365FB9ETSTEXC/short495d587a0856d04a9e08bc60d2e08365fb9etstexc-tests.git, solutionRepositoryUri=null, auxiliaryRepositoryUris=[Ljava.lang.String;@c6ecdd6, auxiliaryRepositoryCheckoutDirectories=[Ljava.lang.String;@5cda7e90], jobTimingInfo=JobTimingInfo[submissionDate=2025-02-14T23:43:08.371015915Z[Etc/UTC], buildStartDate=2025-02-14T23:43:08.374658929Z[Etc/UTC], buildCompletionDate=2025-02-14T23:43:09.341007666Z[Etc/UTC], estimatedCompletionDate=2025-02-14T23:43:27.374650503Z[Etc/UTC], estimatedDuration=19], buildConfig=BuildConfig[buildScript=#!/bin/bash
cd /var/tmp/testing-dir
chmod +x ./gradlew
./gradlew clean test
, dockerImage=dummy-docker-image:latest, commitHashToBuild=ebb8aa4dc3625fe07e975266e18313ad871ce864, assignmentCommitHash=9b3a9bd71a0d80e5bbc42204c319ed3d1d4f0d6d, testCommitHash=9b3a9bd71a0d80e5bbc42204c319ed3d1d4f0d6d, branch=main, programmingLanguage=JAVA, projectType=PLAIN_GRADLE, scaEnabled=false, sequentialTestRunsEnabled=false, resultPaths=[/var/tmp/testing-dir/**/test-results/test/*.xml], timeoutSeconds=0, assignmentCheckoutPath=null, testCheckoutPath=null, solutionCheckoutPath=null, dockerRunConfig=null], submissionResult=ResultDTO[id=138, completionDate=2025-02-14T23:43:09.343306574Z[Etc/UTC], successful=false, score=0.0, rated=true, submission=SubmissionDTO[id=127, submitted=true, type=MANUAL, exampleSubmission=null, submissionDate=2025-02-14T23:43:09.343306574Z[Etc/UTC], commitHash=9b3a9bd71a0d80e5bbc42204c319ed3d1d4f0d6d, buildFailed=true, buildArtifact=false, participation=ParticipationDTO[id=485, testRun=false, type=programming, submissionCount=null, exercise=ParticipationExerciseDTO[id=306, exerciseType=PROGRAMMING, type=programming, assessmentType=AUTOMATIC, dueDate=2025-02-16T23:43:08.185273Z, assessmentDueDate=null, maxPoints=42.0, course=CourseDTO[id=155, accuracyOfScores=1]]], submissionExerciseType=programming, isProcessing=false, buildStartDate=null, estimatedCompletionDate=null], participation=ParticipationDTO[id=485, testRun=false, type=programming, submissionCount=null, exercise=ParticipationExerciseDTO[id=306, exerciseType=PROGRAMMING, type=programming, assessmentType=AUTOMATIC, dueDate=2025-02-16T23:43:08.185273Z, assessmentDueDate=null, maxPoints=42.0, course=CourseDTO[id=155, accuracyOfScores=1]]], feedbacks=[], assessmentType=AUTOMATIC, hasComplaint=null, exampleResult=null, testCaseCount=0, passedTestCaseCount=0, codeIssueCount=0]], BuildJobQueueItem[id=4881739576590204, name=SHORT80B5DD0E0D6B304EBB096E9020B949996A1CTSTEXC-LOCALCIINTSTUDENT1, buildAgent=BuildAgentDTO[name=artemis-build-agent-test, memberAddress=[127.0.0.1]:5703, displayName=artemis-build-agent-test], participationId=488, courseId=156, exerciseId=307, retryCount=0, priority=2, status=SUCCESSFUL, repositoryInfo=RepositoryInfo[repositoryName=short80b5dd0e0d6b304ebb096e9020b949996a1ctstexc-localciintstudent1, repositoryType=user, triggeredByPushTo=user, assignmentRepositoryUri=http://localhost:49152/git/SHORT80B5DD0E0D6B304EBB096E9020B949996A1CTSTEXC/short80b5dd0e0d6b304ebb096e9020b949996a1ctstexc-localciintstudent1.git, testRepositoryUri=http://localhost:49152/git/SHORT80B5DD0E0D6B304EBB096E9020B949996A1CTSTEXC/short80b5dd0e0d6b304ebb096e9020b949996a1ctstexc-tests.git, solutionRepositoryUri=null, auxiliaryRepositoryUris=[Ljava.lang.String;@cdb5fd5, auxiliaryRepositoryCheckoutDirectories=[Ljava.lang.String;@6f53e732], jobTimingInfo=JobTimingInfo[submissionDate=2025-02-14T23:43:10.204264160Z[Etc/UTC], buildStartDate=2025-02-14T23:43:10.223149139Z[Etc/UTC], buildCompletionDate=2025-02-14T23:43:12.086509109Z[Etc/UTC], estimatedCompletionDate=2025-02-14T23:43:29.223142246Z[Etc/UTC], estimatedDuration=19], buildConfig=BuildConfig[buildScript=#!/bin/bash
cd /var/tmp/testing-dir
chmod +x ./gradlew
./gradlew clean test
, dockerImage=dummy-docker-image:latest, commitHashToBuild=b806a93102242552beed7c01b08b2769731814b3, assignmentCommitHash=b806a93102242552beed7c01b08b2769731814b3, testCommitHash=b806a93102242552beed7c01b08b2769731814b3, branch=main, programmingLanguage=JAVA, projectType=PLAIN_GRADLE, scaEnabled=false, sequentialTestRunsEnabled=false, resultPaths=[/var/tmp/testing-dir/**/test-results/test/*.xml], timeoutSeconds=0, assignmentCheckoutPath=null, testCheckoutPath=null, solutionCheckoutPath=null, dockerRunConfig=null], submissionResult=ResultDTO[id=139, completionDate=2025-02-14T23:43:12.066436124Z[Etc/UTC], successful=false, score=0.0, rated=true, submission=SubmissionDTO[id=128, submitted=true, type=MANUAL, exampleSubmission=null, submissionDate=2025-02-14T23:43:10.192407Z, commitHash=b806a93102242552beed7c01b08b2769731814b3, buildFailed=true, buildArtifact=false, participation=ParticipationDTO[id=488, testRun=false, type=programming, submissionCount=null, exercise=ParticipationExerciseDTO[id=307, exerciseType=PROGRAMMING, type=programming, assessmentType=AUTOMATIC, dueDate=2025-02-16T23:43:09.986646Z, assessmentDueDate=null, maxPoints=42.0, course=CourseDTO[id=156, accuracyOfScores=1]]], submissionExerciseType=programming, isProcessing=false, buildStartDate=null, estimatedCompletionDate=null], participation=ParticipationDTO[id=488, testRun=false, type=programming, submissionCount=null, exercise=ParticipationExerciseDTO[id=307, exerciseType=PROGRAMMING, type=programming, assessmentType=AUTOMATIC, dueDate=2025-02-16T23:43:09.986646Z, assessmentDueDate=null, maxPoints=42.0, course=CourseDTO[id=156, accuracyOfScores=1]]], feedbacks=[], assessmentType=AUTOMATIC, hasComplaint=null, exampleResult=null, testCaseCount=0, passedTestCaseCount=0, codeIssueCount=0]], BuildJobQueueItem[id=4911739576593817, name=SHORT585B2198089880462509B3007867E72DFB7ATSTEXC-LOCALCIINTSTUDENT1, buildAgent=BuildAgentDTO[name=artemis-build-agent-test, memberAddress=[127.0.0.1]:5703, displayName=artemis-build-agent-test], participationId=491, courseId=157, exerciseId=308, retryCount=0, priority=2, status=SUCCESSFUL, repositoryInfo=RepositoryInfo[repositoryName=short585b2198089880462509b3007867e72dfb7atstexc-localciintstudent1, repositoryType=user, triggeredByPushTo=user, assignmentRepositoryUri=http://localhost:49152/git/SHORT585B2198089880462509B3007867E72DFB7ATSTEXC/short585b2198089880462509b3007867e72dfb7atstexc-localciintstudent1.git, testRepositoryUri=http://localhost:49152/git/SHORT585B2198089880462509B3007867E72DFB7ATSTEXC/short585b2198089880462509b3007867e72dfb7atstexc-tests.git, solutionRepositoryUri=null, auxiliaryRepositoryUris=[Ljava.lang.String;@15a99773, auxiliaryRepositoryCheckoutDirectories=[Ljava.lang.String;@1a0855a8], jobTimingInfo=JobTimingInfo[submissionDate=2025-02-14T23:43:13.817124706Z[Etc/UTC], buildStartDate=2025-02-14T23:43:13.834335931Z[Etc/UTC], buildCompletionDate=2025-02-14T23:43:15.746259139Z[Etc/UTC], estimatedCompletionDate=2025-02-14T23:43:32.834326082Z[Etc/UTC], estimatedDuration=19], buildConfig=BuildConfig[buildScript=#!/bin/bash
cd /var/tmp/testing-dir
chmod +x ./gradlew
./gradlew clean test
, dockerImage=dummy-docker-image:latest, commitHashToBuild=42077d078a5d5042fe2d4bd8299a990d342fce6e, assignmentCommitHash=42077d078a5d5042fe2d4bd8299a990d342fce6e, testCommitHash=42077d078a5d5042fe2d4bd8299a990d342fce6e, branch=main, programmingLanguage=JAVA, projectType=PLAIN_GRADLE, scaEnabled=false, sequentialTestRunsEnabled=false, resultPaths=[/var/tmp/testing-dir/**/test-results/test/*.xml], timeoutSeconds=0, assignmentCheckoutPath=null, testCheckoutPath=null, solutionCheckoutPath=null, dockerRunConfig=null], submissionResult=ResultDTO[id=140, completionDate=2025-02-14T23:43:15.725343914Z[Etc/UTC], successful=false, score=0.0, rated=true, submission=SubmissionDTO[id=129, submitted=true, type=MANUAL, exampleSubmission=null, submissionDate=2025-02-14T23:43:13.805401Z, commitHash=42077d078a5d5042fe2d4bd8299a990d342fce6e, buildFailed=false, buildArtifact=false, participation=ParticipationDTO[id=491, testRun=false, type=programming, submissionCount=null, exercise=ParticipationExerciseDTO[id=308, exerciseType=PROGRAMMING, type=programming, assessmentType=AUTOMATIC, dueDate=2025-02-16T23:43:13.569213Z, assessmentDueDate=null, maxPoints=42.0, course=CourseDTO[id=157, accuracyOfScores=1]]], submissionExerciseType=programming, isProcessing=false, buildStartDate=null, estimatedCompletionDate=null], participation=ParticipationDTO[id=491, testRun=false, type=programming, submissionCount=null, exercise=ParticipationExerciseDTO[id=308, exerciseType=PROGRAMMING, type=programming, assessmentType=AUTOMATIC, dueDate=2025-02-16T23:43:13.569213Z, assessmentDueDate=null, maxPoints=42.0, course=CourseDTO[id=157, accuracyOfScores=1]]], feedbacks=[FeedbackDTO[id=160, text=null, detailText=Deine Einreichung enthält keine Ausgabe. (67cac2), hasLongFeedbackText=false, reference=null, credits=0.0, positive=false, type=AUTOMATIC, visibility=ALWAYS, testCase=TestCaseDTO[testName=null, id=146]], FeedbackDTO[id=161, text=null, detailText=test `add` failed on ≥ 1 cases:
(0, 0)
Your submission raised an error Failure("TODO add"), hasLongFeedbackText=false, reference=null, credits=0.0, positive=false, type=AUTOMATIC, visibility=ALWAYS, testCase=TestCaseDTO[testName=null, id=149]], FeedbackDTO[id=162, text=null, detailText=test `filter` failed on ≥ 1 cases:
(even, [1; 2; 3; 4])
Your submission raised an error Failure("TODO filter"), hasLongFeedbackText=false, reference=null, credits=0.0, positive=false, type=AUTOMATIC, visibility=ALWAYS, testCase=TestCaseDTO[testName=null, id=148]], FeedbackDTO[id=163, text=null, detailText=Test was not executed., hasLongFeedbackText=false, reference=null, credits=0.0, positive=null, type=AUTOMATIC, visibility=null, testCase=TestCaseDTO[testName=null, id=137]], FeedbackDTO[id=164, text=null, detailText=Test was not executed., hasLongFeedbackText=false, reference=null, credits=0.0, positive=null, type=AUTOMATIC, visibility=null, testCase=TestCaseDTO[testName=null, id=138]], FeedbackDTO[id=165, text=null, detailText=Test was not executed., hasLongFeedbackText=false, reference=null, credits=0.0, positive=null, type=AUTOMATIC, visibility=null, testCase=TestCaseDTO[testName=null, id=139]], FeedbackDTO[id=166, text=null, detailText=Test was not executed., hasLongFeedbackText=false, reference=null, credits=0.0, positive=null, type=AUTOMATIC, visibility=null, testCase=TestCaseDTO[testName=null, id=140]], FeedbackDTO[id=167, text=null, detailText=Test was not executed., hasLongFeedbackText=false, reference=null, credits=0.0, positive=null, type=AUTOMATIC, visibility=null, testCase=TestCaseDTO[testName=null, id=141]], FeedbackDTO[id=168, text=null, detailText=Test was not executed., hasLongFeedbackText=false, reference=null, credits=0.0, positive=null, type=AUTOMATIC, visibility=null, testCase=TestCaseDTO[testName=null, id=142]], FeedbackDTO[id=169, text=null, detailText=Test was not executed., hasLongFeedbackText=false, reference=null, credits=0.0, positive=null, type=AUTOMATIC, visibility=null, testCase=TestCaseDTO[testName=null, id=143]], FeedbackDTO[id=170, text=null, detailText=Test was not executed., hasLongFeedbackText=false, reference=null, credits=0.0, positive=null, type=AUTOMATIC, visibility=null, testCase=TestCaseDTO[testName=null, id=144]], FeedbackDTO[id=171, text=null, detailText=Test was not executed., hasLongFeedbackText=false, reference=null, credits=0.0, positive=null, type=AUTOMATIC, visibility=null, testCase=TestCaseDTO[testName=null, id=145]], FeedbackDTO[id=172, text=null, detailText=Test was not executed., hasLongFeedbackText=false, reference=null, credits=0.0, positive=null, type=AUTOMATIC, visibility=null, testCase=TestCaseDTO[testName=null, id=147]]], assessmentType=AUTOMATIC, hasComplaint=null, exampleResult=null, testCaseCount=13, passedTestCaseCount=0, codeIssueCount=0]], BuildJobQueueItem[id=4941739576597286, name=SHORTFBCBD7BF0E6EB0451A080E80FCB407DC1F12TSTEXC-LOCALCIINTSTUDENT1, buildAgent=BuildAgentDTO[name=artemis-build-agent-test, memberAddress=[127.0.0.1]:5703, displayName=artemis-build-agent-test], participationId=494, courseId=158, exerciseId=309, retryCount=0, priority=2, status=SUCCESSFUL, repositoryInfo=RepositoryInfo[repositoryName=shortfbcbd7bf0e6eb0451a080e80fcb407dc1f12tstexc-localciintstudent1, repositoryType=user, triggeredByPushTo=user, assignmentRepositoryUri=http://localhost:49152/git/SHORTFBCBD7BF0E6EB0451A080E80FCB407DC1F12TSTEXC/shortfbcbd7bf0e6eb0451a080e80fcb407dc1f12tstexc-localciintstudent1.git, testRepositoryUri=http://localhost:49152/git/SHORTFBCBD7BF0E6EB0451A080E80FCB407DC1F12TSTEXC/shortfbcbd7bf0e6eb0451a080e80fcb407dc1f12tstexc-tests.git, solutionRepositoryUri=null, auxiliaryRepositoryUris=[Ljava.lang.String;@4c7b84cb, auxiliaryRepositoryCheckoutDirectories=[Ljava.lang.String;@3ce19001], jobTimingInfo=JobTimingInfo[submissionDate=2025-02-14T23:43:17.286977233Z[Etc/UTC], buildStartDate=2025-02-14T23:43:17.293977347Z[Etc/UTC], buildCompletionDate=2025-02-14T23:43:18.740990762Z[Etc/UTC], estimatedCompletionDate=2025-02-14T23:43:36.293970494Z[Etc/UTC], estimatedDuration=19], buildConfig=BuildConfig[buildScript=#!/bin/bash
cd /var/tmp/testing-dir
chmod +x ./gradlew
./gradlew clean test
, dockerImage=dummy-docker-image:latest, commitHashToBuild=4a1af7e8a64e6505c5fc09b9f81ea41af9fcff44, assignmentCommitHash=4a1af7e8a64e6505c5fc09b9f81ea41af9fcff44, testCommitHash=4a1af7e8a64e6505c5fc09b9f81ea41af9fcff44, branch=main, programmingLanguage=JAVA, projectType=PLAIN_GRADLE, scaEnabled=false, sequentialTestRunsEnabled=false, resultPaths=[/var/tmp/testing-dir/**/test-results/test/*.xml], timeoutSeconds=0, assignmentCheckoutPath=null, testCheckoutPath=null, solutionCheckoutPath=null, dockerRunConfig=null], submissionResult=ResultDTO[id=141, completionDate=2025-02-14T23:43:18.729015138Z[Etc/UTC], successful=false, score=0.0, rated=true, submission=SubmissionDTO[id=130, submitted=true, type=MANUAL, exampleSubmission=null, submissionDate=2025-02-14T23:43:17.272936Z, commitHash=4a1af7e8a64e6505c5fc09b9f81ea41af9fcff44, buildFailed=true, buildArtifact=false, participation=ParticipationDTO[id=494, testRun=false, type=programming, submissionCount=null, exercise=ParticipationExerciseDTO[id=309, exerciseType=PROGRAMMING, type=programming, assessmentType=AUTOMATIC, dueDate=2025-02-16T23:43:17.147218Z, assessmentDueDate=null, maxPoints=42.0, course=CourseDTO[id=158, accuracyOfScores=1]]], submissionExerciseType=programming, isProcessing=false, buildStartDate=null, estimatedCompletionDate=null], participation=ParticipationDTO[id=494, testRun=false, type=programming, submissionCount=null, exercise=ParticipationExerciseDTO[id=309, exerciseType=PROGRAMMING, type=programming, assessmentType=AUTOMATIC, dueDate=2025-02-16T23:43:17.147218Z, assessmentDueDate=null, maxPoints=42.0, course=CourseDTO[id=158, accuracyOfScores=1]]], feedbacks=[], assessmentType=AUTOMATIC, hasComplaint=null, exampleResult=null, testCaseCount=0, passedTestCaseCount=0, codeIssueCount=0]], BuildJobQueueItem[id=4971739576599269, name=SHORT52AD57270517204728083260501A19D262D1TSTEXC-LOCALCIINTSTUDENT1, buildAgent=BuildAgentDTO[name=artemis-build-agent-test, memberAddress=[127.0.0.1]:5703, displayName=artemis-build-agent-test], participationId=497, courseId=159, exerciseId=310, retryCount=0, priority=2, status=SUCCESSFUL, repositoryInfo=RepositoryInfo[repositoryName=short52ad57270517204728083260501a19d262d1tstexc-localciintstudent1, repositoryType=user, triggeredByPushTo=user, assignmentRepositoryUri=http://localhost:49152/git/SHORT52AD57270517204728083260501A19D262D1TSTEXC/short52ad57270517204728083260501a19d262d1tstexc-localciintstudent1.git, testRepositoryUri=http://localhost:49152/git/SHORT52AD57270517204728083260501A19D262D1TSTEXC/short52ad57270517204728083260501a19d262d1tstexc-tests.git, solutionRepositoryUri=null, auxiliaryRepositoryUris=[Ljava.lang.String;@652a9ae1, auxiliaryRepositoryCheckoutDirectories=[Ljava.lang.String;@3dd726f9], jobTimingInfo=JobTimingInfo[submissionDate=2025-02-14T23:43:19.269997499Z[Etc/UTC], buildStartDate=2025-02-14T23:43:19.277325895Z[Etc/UTC], buildCompletionDate=2025-02-14T23:43:20.497391524Z[Etc/UTC], estimatedCompletionDate=2025-02-14T23:43:38.277310787Z[Etc/UTC], estimatedDuration=19], buildConfig=BuildConfig[buildScript=#!/bin/bash
cd /var/tmp/testing-dir
chmod +x ./gradlew
./gradlew clean test
, dockerImage=dummy-docker-image:latest, commitHashToBuild=9f4f76247a188e9a0f3516a9fbd60e829d53fb05, assignmentCommitHash=9f4f76247a188e9a0f3516a9fbd60e829d53fb05, testCommitHash=9f4f76247a188e9a0f3516a9fbd60e829d53fb05, branch=main, programmingLanguage=JAVA, projectType=PLAIN_GRADLE, scaEnabled=false, sequentialTestRunsEnabled=false, resultPaths=[/var/tmp/testing-dir/**/test-results/test/*.xml], timeoutSeconds=0, assignmentCheckoutPath=null, testCheckoutPath=null, solutionCheckoutPath=null, dockerRunConfig=null], submissionResult=ResultDTO[id=142, completionDate=2025-02-14T23:43:20.484244187Z[Etc/UTC], successful=false, score=7.7, rated=true, submission=SubmissionDTO[id=131, submitted=true, type=MANUAL, exampleSubmission=null, submissionDate=2025-02-14T23:43:19.265464Z, commitHash=9f4f76247a188e9a0f3516a9fbd60e829d53fb05, buildFailed=false, buildArtifact=false, participation=ParticipationDTO[id=497, testRun=false, type=programming, submissionCount=null, exercise=ParticipationExerciseDTO[id=310, exerciseType=PROGRAMMING, type=programming, assessmentType=AUTOMATIC, dueDate=2025-02-16T23:43:19.182228Z, assessmentDueDate=null, maxPoints=42.0, course=CourseDTO[id=159, accuracyOfScores=1]]], submissionExerciseType=programming, isProcessing=false, buildStartDate=null, estimatedCompletionDate=null], participation=ParticipationDTO[id=497, testRun=false, type=programming, submissionCount=null, exercise=ParticipationExerciseDTO[id=310, exerciseType=PROGRAMMING, type=programming, assessmentType=AUTOMATIC, dueDate=2025-02-16T23:43:19.182228Z, assessmentDueDate=null, maxPoints=42.0, course=CourseDTO[id=159, accuracyOfScores=1]]], feedbacks=[FeedbackDTO[id=173, text=null, detailText=The exercise expects a class with the name Context in the package testpackage. You did not implement the class in the exercise., hasLongFeedbackText=false, reference=null, credits=0.0, positive=false, type=AUTOMATIC, visibility=ALWAYS, testCase=TestCaseDTO[testName=null, id=169]], FeedbackDTO[id=174, text=null, detailText=The exercise expects a class with the name Policy in the package testpackage. You did not implement the class in the exercise., hasLongFeedbackText=false, reference=null, credits=0.0, positive=false, type=AUTOMATIC, visibility=ALWAYS, testCase=TestCaseDTO[testName=null, id=170]], FeedbackDTO[id=175, text=null, detailText=The exercise expects a class with the name SortStrategy in the package testpackage. You did not implement the class in the exercise., hasLongFeedbackText=false, reference=null, credits=0.0, positive=false, type=AUTOMATIC, visibility=ALWAYS, testCase=TestCaseDTO[testName=null, id=171]], FeedbackDTO[id=176, text=null, detailText=The class 'MergeSort' does not implement the interface 'SortStrategy' as expected. Implement the interface and its methods., hasLongFeedbackText=false, reference=null, credits=0.0, positive=false, type=AUTOMATIC, visibility=ALWAYS, testCase=TestCaseDTO[testName=null, id=166]], FeedbackDTO[id=177, text=null, detailText=The exercise expects a class with the name SortStrategy in the package testpackage. You did not implement the class in the exercise., hasLongFeedbackText=false, reference=null, credits=0.0, positive=false, type=AUTOMATIC, visibility=ALWAYS, testCase=TestCaseDTO[testName=null, id=163]], FeedbackDTO[id=178, text=null, detailText=The class 'BubbleSort' does not implement the interface 'SortStrategy' as expected. Implement the interface and its methods., hasLongFeedbackText=false, reference=null, credits=0.0, positive=false, type=AUTOMATIC, visibility=ALWAYS, testCase=TestCaseDTO[testName=null, id=167]], FeedbackDTO[id=179, text=null, detailText=MergeSort does not sort correctly, hasLongFeedbackText=false, reference=null, credits=0.0, positive=false, type=AUTOMATIC, visibility=ALWAYS, testCase=TestCaseDTO[testName=null, id=172]], FeedbackDTO[id=180, text=null, detailText=The class 'Context' was not found within the submission. Make sure to implement it properly., hasLongFeedbackText=false, reference=null, credits=0.0, positive=false, type=AUTOMATIC, visibility=ALWAYS, testCase=TestCaseDTO[testName=null, id=173]], FeedbackDTO[id=181, text=null, detailText=The class 'Context' was not found within the submission. Make sure to implement it properly., hasLongFeedbackText=false, reference=null, credits=0.0, positive=false, type=AUTOMATIC, visibility=ALWAYS, testCase=TestCaseDTO[testName=null, id=174]], FeedbackDTO[id=182, text=null, detailText=The exercise expects a class with the name Policy in the package testpackage. You did not implement the class in the exercise., hasLongFeedbackText=false, reference=null, credits=0.0, positive=false, type=AUTOMATIC, visibility=ALWAYS, testCase=TestCaseDTO[testName=null, id=168]], FeedbackDTO[id=183, text=null, detailText=The exercise expects a class with the name Context in the package testpackage. You did not implement the class in the exercise., hasLongFeedbackText=false, reference=null, credits=0.0, positive=false, type=AUTOMATIC, visibility=ALWAYS, testCase=TestCaseDTO[testName=null, id=164]], FeedbackDTO[id=184, text=null, detailText=The exercise expects a class with the name Policy in the package testpackage. You did not implement the class in the exercise., hasLongFeedbackText=false, reference=null, credits=0.0, positive=false, type=AUTOMATIC, visibility=ALWAYS, testCase=TestCaseDTO[testName=null, id=165]], FeedbackDTO[id=185, text=null, detailText=null, hasLongFeedbackText=false, reference=null, credits=3.230769230769231, positive=true, type=AUTOMATIC, visibility=ALWAYS, testCase=TestCaseDTO[testName=null, id=175]]], assessmentType=AUTOMATIC, hasComplaint=null, exampleResult=null, testCaseCount=13, passedTestCaseCount=1, codeIssueCount=0]], BuildJobQueueItem[id=5001739576601035, name=SHORT582B1BDC0A17704D6D0A46800FC19163DA47TSTEXC-LOCALCIINTSTUDENT1, buildAgent=BuildAgentDTO[name=artemis-build-agent-test, memberAddress=[127.0.0.1]:5703, displayName=artemis-build-agent-test], participationId=500, courseId=160, exerciseId=311, retryCount=0, priority=2, status=SUCCESSFUL, repositoryInfo=RepositoryInfo[repositoryName=short582b1bdc0a17704d6d0a46800fc19163da47tstexc-localciintstudent1, repositoryType=user, triggeredByPushTo=user, assignmentRepositoryUri=http://localhost:49152/git/SHORT582B1BDC0A17704D6D0A46800FC19163DA47TSTEXC/short582b1bdc0a17704d6d0a46800fc19163da47tstexc-localciintstudent1.git, testRepositoryUri=http://localhost:49152/git/SHORT582B1BDC0A17704D6D0A46800FC19163DA47TSTEXC/short582b1bdc0a17704d6d0a46800fc19163da47tstexc-tests.git, solutionRepositoryUri=null, auxiliaryRepositoryUris=[Ljava.lang.String;@2d1aa054, auxiliaryRepositoryCheckoutDirectories=[Ljava.lang.String;@1dcb4c6e], jobTimingInfo=JobTimingInfo[submissionDate=2025-02-14T23:43:21.035120760Z[Etc/UTC], buildStartDate=2025-02-14T23:43:21.040320383Z[Etc/UTC], buildCompletionDate=2025-02-14T23:43:22.581236903Z[Etc/UTC], estimatedCompletionDate=2025-02-14T23:43:40.040312057Z[Etc/UTC], estimatedDuration=19], buildConfig=BuildConfig[buildScript=#!/bin/bash
cd /var/tmp/testing-dir
chmod +x ./gradlew
./gradlew clean test
, dockerImage=dummy-docker-image:latest, commitHashToBuild=887566cf754016f986627cf5c5c365dea16c907f, assignmentCommitHash=887566cf754016f986627cf5c5c365dea16c907f, testCommitHash=6af67146332066e7430917928a4b9b81c43b7c71, branch=main, programmingLanguage=JAVA, projectType=PLAIN_GRADLE, scaEnabled=false, sequentialTestRunsEnabled=false, resultPaths=[/var/tmp/testing-dir/**/test-results/test/*.xml], timeoutSeconds=0, assignmentCheckoutPath=customAssignmentPath, testCheckoutPath=null, solutionCheckoutPath=null, dockerRunConfig=null], submissionResult=ResultDTO[id=143, completionDate=2025-02-14T23:43:22.538158998Z[Etc/UTC], successful=false, score=7.7, rated=true, submission=SubmissionDTO[id=132, submitted=true, type=MANUAL, exampleSubmission=null, submissionDate=2025-02-14T23:43:21.028930Z, commitHash=887566cf754016f986627cf5c5c365dea16c907f, buildFailed=false, buildArtifact=false, participation=ParticipationDTO[id=500, testRun=false, type=programming, submissionCount=null, exercise=ParticipationExerciseDTO[id=311, exerciseType=PROGRAMMING, type=programming, assessmentType=AUTOMATIC, dueDate=2025-02-16T23:43:20.897280Z, assessmentDueDate=null, maxPoints=42.0, course=CourseDTO[id=160, accuracyOfScores=1]]], submissionExerciseType=programming, isProcessing=false, buildStartDate=null, estimatedCompletionDate=null], participation=ParticipationDTO[id=500, testRun=false, type=programming, submissionCount=null, exercise=ParticipationExerciseDTO[id=311, exerciseType=PROGRAMMING, type=programming, assessmentType=AUTOMATIC, dueDate=2025-02-16T23:43:20.897280Z, assessmentDueDate=null, maxPoints=42.0, course=CourseDTO[id=160, accuracyOfScores=1]]], feedbacks=[FeedbackDTO[id=186, text=null, detailText=The exercise expects a class with the name Context in the package testpackage. You did not implement the class in the exercise., hasLongFeedbackText=false, reference=null, credits=0.0, positive=false, type=AUTOMATIC, visibility=ALWAYS, testCase=TestCaseDTO[testName=null, id=182]], FeedbackDTO[id=187, text=null, detailText=The exercise expects a class with the name Policy in the package testpackage. You did not implement the class in the exercise., hasLongFeedbackText=false, reference=null, credits=0.0, positive=false, type=AUTOMATIC, visibility=ALWAYS, testCase=TestCaseDTO[testName=null, id=183]], FeedbackDTO[id=188, text=null, detailText=The exercise expects a class with the name SortStrategy in the package testpackage. You did not implement the class in the exercise., hasLongFeedbackText=false, reference=null, credits=0.0, positive=false, type=AUTOMATIC, visibility=ALWAYS, testCase=TestCaseDTO[testName=null, id=184]], FeedbackDTO[id=189, text=null, detailText=The class 'MergeSort' does not implement the interface 'SortStrategy' as expected. Implement the interface and its methods., hasLongFeedbackText=false, reference=null, credits=0.0, positive=false, type=AUTOMATIC, visibility=ALWAYS, testCase=TestCaseDTO[testName=null, id=179]], FeedbackDTO[id=190, text=null, detailText=The exercise expects a class with the name SortStrategy in the package testpackage. You did not implement the class in the exercise., hasLongFeedbackText=false, reference=null, credits=0.0, positive=false, type=AUTOMATIC, visibility=ALWAYS, testCase=TestCaseDTO[testName=null, id=176]], FeedbackDTO[id=191, text=null, detailText=The class 'BubbleSort' does not implement the interface 'SortStrategy' as expected. Implement the interface and its methods., hasLongFeedbackText=false, reference=null, credits=0.0, positive=false, type=AUTOMATIC, visibility=ALWAYS, testCase=TestCaseDTO[testName=null, id=180]], FeedbackDTO[id=192, text=null, detailText=MergeSort does not sort correctly, hasLongFeedbackText=false, reference=null, credits=0.0, positive=false, type=AUTOMATIC, visibility=ALWAYS, testCase=TestCaseDTO[testName=null, id=185]], FeedbackDTO[id=193, text=null, detailText=The class 'Context' was not found within the submission. Make sure to implement it properly., hasLongFeedbackText=false, reference=null, credits=0.0, positive=false, type=AUTOMATIC, visibility=ALWAYS, testCase=TestCaseDTO[testName=null, id=186]], FeedbackDTO[id=194, text=null, detailText=The class 'Context' was not found within the submission. Make sure to implement it properly., hasLongFeedbackText=false, reference=null, credits=0.0, positive=false, type=AUTOMATIC, visibility=ALWAYS, testCase=TestCaseDTO[testName=null, id=187]], FeedbackDTO[id=195, text=null, detailText=The exercise expects a class with the name Policy in the package testpackage. You did not implement the class in the exercise., hasLongFeedbackText=false, reference=null, credits=0.0, positive=false, type=AUTOMATIC, visibility=ALWAYS, testCase=TestCaseDTO[testName=null, id=181]], FeedbackDTO[id=196, text=null, detailText=The exercise expects a class with the name Context in the package testpackage. You did not implement the class in the exercise., hasLongFeedbackText=false, reference=null, credits=0.0, positive=false, type=AUTOMATIC, visibility=ALWAYS, testCase=TestCaseDTO[testName=null, id=177]], FeedbackDTO[id=197, text=null, detailText=The exercise expects a class with the name Policy in the package testpackage. You did not implement the class in the exercise., hasLongFeedbackText=false, reference=null, credits=0.0, positive=false, type=AUTOMATIC, visibility=ALWAYS, testCase=TestCaseDTO[testName=null, id=178]], FeedbackDTO[id=198, text=null, detailText=null, hasLongFeedbackText=false, reference=null, credits=3.230769230769231, positive=true, type=AUTOMATIC, visibility=ALWAYS, testCase=TestCaseDTO[testName=null, id=188]]], assessmentType=AUTOMATIC, hasComplaint=null, exampleResult=null, testCaseCount=13, passedTestCaseCount=1, codeIssueCount=0]], BuildJobQueueItem[id=5031739576604847, name=SHORT00FA1A240403404C7E097D7007C591BE2AB1TSTEXC-LOCALCIINTSTUDENT1, buildAgent=BuildAgentDTO[name=artemis-build-agent-test, memberAddress=[127.0.0.1]:5703, displayName=artemis-build-agent-test], participationId=503, courseId=161, exerciseId=312, retryCount=0, priority=2, status=FAILED, repositoryInfo=RepositoryInfo[repositoryName=short00fa1a240403404c7e097d7007c591be2ab1tstexc-localciintstudent1, repositoryType=user, triggeredByPushTo=user, assignmentRepositoryUri=http://localhost:49152/git/SHORT00FA1A240403404C7E097D7007C591BE2AB1TSTEXC/short00fa1a240403404c7e097d7007c591be2ab1tstexc-localciintstudent1.git, testRepositoryUri=http://localhost:49152/git/SHORT00FA1A240403404C7E097D7007C591BE2AB1TSTEXC/short00fa1a240403404c7e097d7007c591be2ab1tstexc-tests.git, solutionRepositoryUri=null, auxiliaryRepositoryUris=[Ljava.lang.String;@2c0720a4, auxiliaryRepositoryCheckoutDirectories=[Ljava.lang.String;@28632b33], jobTimingInfo=JobTimingInfo[submissionDate=2025-02-14T23:43:24.847396156Z[Etc/UTC], buildStartDate=2025-02-14T23:43:24.860457211Z[Etc/UTC], buildCompletionDate=2025-02-14T23:43:26.809353681Z[Etc/UTC], estimatedCompletionDate=2025-02-14T23:43:46.860451490Z[Etc/UTC], estimatedDuration=22], buildConfig=BuildConfig[buildScript=#!/bin/bash
cd /var/tmp/testing-dir
chmod +x ./gradlew
./gradlew clean test
, dockerImage=dummy-docker-image:latest, commitHashToBuild=9690714a509af0a98c6790a7e52ee3574c7ef689, assignmentCommitHash=9690714a509af0a98c6790a7e52ee3574c7ef689, testCommitHash=9690714a509af0a98c6790a7e52ee3574c7ef689, branch=main, programmingLanguage=JAVA, projectType=PLAIN_GRADLE, scaEnabled=false, sequentialTestRunsEnabled=false, resultPaths=[/var/tmp/testing-dir/**/test-results/test/*.xml], timeoutSeconds=0, assignmentCheckoutPath=null, testCheckoutPath=null, solutionCheckoutPath=null, dockerRunConfig=null], submissionResult=ResultDTO[id=144, completionDate=2025-02-14T23:43:26.809483684Z[Etc/UTC], successful=false, score=0.0, rated=true, submission=SubmissionDTO[id=133, submitted=true, type=MANUAL, exampleSubmission=null, submissionDate=2025-02-14T23:43:24.841319Z, commitHash=9690714a509af0a98c6790a7e52ee3574c7ef689, buildFailed=true, buildArtifact=false, participation=ParticipationDTO[id=503, testRun=false, type=programming, submissionCount=null, exercise=ParticipationExerciseDTO[id=312, exerciseType=PROGRAMMING, type=programming, assessmentType=AUTOMATIC, dueDate=2025-02-16T23:43:24.571329Z, assessmentDueDate=null, maxPoints=42.0, course=CourseDTO[id=161, accuracyOfScores=1]]], submissionExerciseType=programming, isProcessing=false, buildStartDate=null, estimatedCompletionDate=null], participation=ParticipationDTO[id=503, testRun=false, type=programming, submissionCount=null, exercise=ParticipationExerciseDTO[id=312, exerciseType=PROGRAMMING, type=programming, assessmentType=AUTOMATIC, dueDate=2025-02-16T23:43:24.571329Z, assessmentDueDate=null, maxPoints=42.0, course=CourseDTO[id=161, accuracyOfScores=1]]], feedbacks=[], assessmentType=AUTOMATIC, hasComplaint=null, exampleResult=null, testCaseCount=0, passedTestCaseCount=0, codeIssueCount=0]]], publicSshKey=ssh-rsa AAAAB3NzaC1yc2EAAAADAQABAAACAQCOPdMsxRE2jFJ/UEa5/LsBxtwzJcrh3/rYBCQvcMeVpiRfhzQPWu7mrt/G2Ew+i+vRloGH9aqKg6dd1liRncao53Zmd/ePxoatXePNhmzTfkCkcSkTUz7B+QMjkoDDV5jwuFPD6mF3JkhuzSi64n9Zy905t4w2IhVcjM2mL3eYNjiCXt6Qpq3Pkt7dM/Ksw1nxnvuiIALuJLB3FTkXkHqq3PJav+9HSq2r6ZaWgekneaGxlQlb+U+Vy3XOuArKAzK8c8i+0bR+AHiTG6ncYXt7ax3U+TdlDTF7OLP3umwaYjs1NBXOHwG42pevvpKn2fqavZZozk+M05jXLx3bq0O7itxfErWc7etky8qYPyyIMF/txQIVLd78+Ze4d7Y60t5MGbXM5cGE6fFif5fEJwgswXD+BrG0cafz1CTatjSKFdvp8Vp4VszXhHDan1PrP6JEFJ5Cc5GDmLRZPCFa3vL9f5qXgf4bkqKN8MYeEujwJE5nMRWoiJVNakix2bcrrneQMBlnYeYZVWXXXUusAQBzl4NgddC1umZpihZkL1b1MffZAUW3EGEXi7KHnllQhkTLLsQ8ntMgbylqaJKStqaXlLvdeRJcEnUuiFCrHEVVbXRFZR7XVDZ02CE5o3MuaRPty8Kh+jRTF3COlAckHwYEJCNNJvXFgb2CNXL4mjzYDw== test@localhost]
    23:43:26.926 | 566 localvc.event-13 | DEBUG | a.p.s.l.SharedQueueManagementService : Build agent updated: null
    23:43:26.932 | 566 localvc.event-13 | DEBUG | s.l.LocalCIWebsocketMessagingService : Sending message on topic /topic/admin/queued-jobs: []
    23:43:26.932 | 566 localvc.event-13 | DEBUG | s.l.LocalCIWebsocketMessagingService : Sending message on topic /topic/courses/162/queued-jobs: []
    23:43:26.933 | 566 localvc.event-13 | DEBUG | a.a.b.s.SharedQueueProcessingService : CIBuildJobQueueItem removed from queue: BuildJobQueueItem[id=5061739576605250, name=SHORT62C808EE04ECE040740AF7B0CF3AE5F5BEF2TSTEXC-LOCALCIINTSTUDENT1, buildAgent=BuildAgentDTO[name=null, memberAddress=null, displayName=null], participationId=506, courseId=162, exerciseId=313, retryCount=0, priority=2, status=null, repositoryInfo=RepositoryInfo[repositoryName=short62c808ee04ece040740af7b0cf3ae5f5bef2tstexc-localciintstudent1, repositoryType=user, triggeredByPushTo=user, assignmentRepositoryUri=http://localhost:49152/git/SHORT62C808EE04ECE040740AF7B0CF3AE5F5BEF2TSTEXC/short62c808ee04ece040740af7b0cf3ae5f5bef2tstexc-localciintstudent1.git, testRepositoryUri=http://localhost:49152/git/SHORT62C808EE04ECE040740AF7B0CF3AE5F5BEF2TSTEXC/short62c808ee04ece040740af7b0cf3ae5f5bef2tstexc-tests.git, solutionRepositoryUri=null, auxiliaryRepositoryUris=[Ljava.lang.String;@337021bf, auxiliaryRepositoryCheckoutDirectories=[Ljava.lang.String;@7a8969c4], jobTimingInfo=JobTimingInfo[submissionDate=2025-02-14T23:43:25.250749866Z[Etc/UTC], buildStartDate=null, buildCompletionDate=null, estimatedCompletionDate=null, estimatedDuration=19], buildConfig=BuildConfig[buildScript=#!/bin/bash
cd /var/tmp/testing-dir
chmod +x ./gradlew
./gradlew clean test
, dockerImage=dummy-docker-image:latest, commitHashToBuild=993b6f756e3e52a44d0537d4fa3a5d0e0acdbe89, assignmentCommitHash=993b6f756e3e52a44d0537d4fa3a5d0e0acdbe89, testCommitHash=993b6f756e3e52a44d0537d4fa3a5d0e0acdbe89, branch=main, programmingLanguage=JAVA, projectType=null, scaEnabled=false, sequentialTestRunsEnabled=false, resultPaths=[/var/tmp/testing-dir/**/test-results/test/*.xml], timeoutSeconds=0, assignmentCheckoutPath=null, testCheckoutPath=null, solutionCheckoutPath=null, dockerRunConfig=null], submissionResult=null]
    23:43:26.933 | 566 localvc.event-13 | DEBUG | a.p.s.l.LocalCIQueueWebsocketService : CIBuildJobQueueItem added to processing jobs: BuildJobQueueItem[id=5061739576605250, name=SHORT62C808EE04ECE040740AF7B0CF3AE5F5BEF2TSTEXC-LOCALCIINTSTUDENT1, buildAgent=BuildAgentDTO[name=artemis-build-agent-test, memberAddress=[127.0.0.1]:5703, displayName=artemis-build-agent-test], participationId=506, courseId=162, exerciseId=313, retryCount=0, priority=2, status=null, repositoryInfo=RepositoryInfo[repositoryName=short62c808ee04ece040740af7b0cf3ae5f5bef2tstexc-localciintstudent1, repositoryType=user, triggeredByPushTo=user, assignmentRepositoryUri=http://localhost:49152/git/SHORT62C808EE04ECE040740AF7B0CF3AE5F5BEF2TSTEXC/short62c808ee04ece040740af7b0cf3ae5f5bef2tstexc-localciintstudent1.git, testRepositoryUri=http://localhost:49152/git/SHORT62C808EE04ECE040740AF7B0CF3AE5F5BEF2TSTEXC/short62c808ee04ece040740af7b0cf3ae5f5bef2tstexc-tests.git, solutionRepositoryUri=null, auxiliaryRepositoryUris=[Ljava.lang.String;@8d6bbcc, auxiliaryRepositoryCheckoutDirectories=[Ljava.lang.String;@57b13a0e], jobTimingInfo=JobTimingInfo[submissionDate=2025-02-14T23:43:25.250749866Z[Etc/UTC], buildStartDate=2025-02-14T23:43:26.820713075Z[Etc/UTC], buildCompletionDate=null, estimatedCompletionDate=2025-02-14T23:43:45.820704920Z[Etc/UTC], estimatedDuration=19], buildConfig=BuildConfig[buildScript=#!/bin/bash
cd /var/tmp/testing-dir
chmod +x ./gradlew
./gradlew clean test
, dockerImage=dummy-docker-image:latest, commitHashToBuild=993b6f756e3e52a44d0537d4fa3a5d0e0acdbe89, assignmentCommitHash=993b6f756e3e52a44d0537d4fa3a5d0e0acdbe89, testCommitHash=993b6f756e3e52a44d0537d4fa3a5d0e0acdbe89, branch=main, programmingLanguage=JAVA, projectType=null, scaEnabled=false, sequentialTestRunsEnabled=false, resultPaths=[/var/tmp/testing-dir/**/test-results/test/*.xml], timeoutSeconds=0, assignmentCheckoutPath=null, testCheckoutPath=null, solutionCheckoutPath=null, dockerRunConfig=null], submissionResult=null]
    23:43:26.933 | 566 localvc.event-13 | DEBUG | s.l.LocalCIWebsocketMessagingService : Sending message on topic /topic/admin/running-jobs: [BuildJobQueueItem[id=5061739576605250, name=SHORT62C808EE04ECE040740AF7B0CF3AE5F5BEF2TSTEXC-LOCALCIINTSTUDENT1, buildAgent=BuildAgentDTO[name=artemis-build-agent-test, memberAddress=[127.0.0.1]:5703, displayName=artemis-build-agent-test], participationId=506, courseId=162, exerciseId=313, retryCount=0, priority=2, status=null, repositoryInfo=RepositoryInfo[repositoryName=short62c808ee04ece040740af7b0cf3ae5f5bef2tstexc-localciintstudent1, repositoryType=user, triggeredByPushTo=user, assignmentRepositoryUri=, testRepositoryUri=, solutionRepositoryUri=, auxiliaryRepositoryUris=null, auxiliaryRepositoryCheckoutDirectories=null], jobTimingInfo=JobTimingInfo[submissionDate=2025-02-14T23:43:25.250749866Z[Etc/UTC], buildStartDate=2025-02-14T23:43:26.820713075Z[Etc/UTC], buildCompletionDate=null, estimatedCompletionDate=2025-02-14T23:43:45.820704920Z[Etc/UTC], estimatedDuration=19], buildConfig=BuildConfig[buildScript=, dockerImage=, commitHashToBuild=993b6f756e3e52a44d0537d4fa3a5d0e0acdbe89, assignmentCommitHash=, testCommitHash=, branch=, programmingLanguage=null, projectType=null, scaEnabled=false, sequentialTestRunsEnabled=false, resultPaths=null, timeoutSeconds=0, assignmentCheckoutPath=, testCheckoutPath=, solutionCheckoutPath=, dockerRunConfig=null], submissionResult=null]]
    23:43:26.934 | 566 localvc.event-13 | DEBUG | s.l.LocalCIWebsocketMessagingService : Sending message on topic /topic/courses/162/running-jobs: [BuildJobQueueItem[id=5061739576605250, name=SHORT62C808EE04ECE040740AF7B0CF3AE5F5BEF2TSTEXC-LOCALCIINTSTUDENT1, buildAgent=BuildAgentDTO[name=artemis-build-agent-test, memberAddress=[127.0.0.1]:5703, displayName=artemis-build-agent-test], participationId=506, courseId=162, exerciseId=313, retryCount=0, priority=2, status=null, repositoryInfo=RepositoryInfo[repositoryName=short62c808ee04ece040740af7b0cf3ae5f5bef2tstexc-localciintstudent1, repositoryType=user, triggeredByPushTo=user, assignmentRepositoryUri=, testRepositoryUri=, solutionRepositoryUri=, auxiliaryRepositoryUris=null, auxiliaryRepositoryCheckoutDirectories=null], jobTimingInfo=JobTimingInfo[submissionDate=2025-02-14T23:43:25.250749866Z[Etc/UTC], buildStartDate=2025-02-14T23:43:26.820713075Z[Etc/UTC], buildCompletionDate=null, estimatedCompletionDate=2025-02-14T23:43:45.820704920Z[Etc/UTC], estimatedDuration=19], buildConfig=BuildConfig[buildScript=, dockerImage=, commitHashToBuild=993b6f756e3e52a44d0537d4fa3a5d0e0acdbe89, assignmentCommitHash=, testCommitHash=, branch=, programmingLanguage=null, projectType=null, scaEnabled=false, sequentialTestRunsEnabled=false, resultPaths=null, timeoutSeconds=0, assignmentCheckoutPath=, testCheckoutPath=, solutionCheckoutPath=, dockerRunConfig=null], submissionResult=null]]
    23:43:26.937 | 566 localvc.event-13 | DEBUG | a.p.s.l.LocalCIQueueWebsocketService : Build agent updated: BuildAgentInformation[buildAgent=BuildAgentDTO[name=artemis-build-agent-test, memberAddress=[127.0.0.1]:5703, displayName=artemis-build-agent-test], maxNumberOfConcurrentBuildJobs=1, numberOfCurrentBuildJobs=1, runningBuildJobs=[BuildJobQueueItem[id=5061739576605250, name=SHORT62C808EE04ECE040740AF7B0CF3AE5F5BEF2TSTEXC-LOCALCIINTSTUDENT1, buildAgent=BuildAgentDTO[name=artemis-build-agent-test, memberAddress=[127.0.0.1]:5703, displayName=artemis-build-agent-test], participationId=506, courseId=162, exerciseId=313, retryCount=0, priority=2, status=null, repositoryInfo=RepositoryInfo[repositoryName=short62c808ee04ece040740af7b0cf3ae5f5bef2tstexc-localciintstudent1, repositoryType=user, triggeredByPushTo=user, assignmentRepositoryUri=http://localhost:49152/git/SHORT62C808EE04ECE040740AF7B0CF3AE5F5BEF2TSTEXC/short62c808ee04ece040740af7b0cf3ae5f5bef2tstexc-localciintstudent1.git, testRepositoryUri=http://localhost:49152/git/SHORT62C808EE04ECE040740AF7B0CF3AE5F5BEF2TSTEXC/short62c808ee04ece040740af7b0cf3ae5f5bef2tstexc-tests.git, solutionRepositoryUri=null, auxiliaryRepositoryUris=[Ljava.lang.String;@2f190f11, auxiliaryRepositoryCheckoutDirectories=[Ljava.lang.String;@ffdccd6], jobTimingInfo=JobTimingInfo[submissionDate=2025-02-14T23:43:25.250749866Z[Etc/UTC], buildStartDate=2025-02-14T23:43:26.820713075Z[Etc/UTC], buildCompletionDate=null, estimatedCompletionDate=2025-02-14T23:43:45.820704920Z[Etc/UTC], estimatedDuration=19], buildConfig=BuildConfig[buildScript=#!/bin/bash
cd /var/tmp/testing-dir
chmod +x ./gradlew
./gradlew clean test
, dockerImage=dummy-docker-image:latest, commitHashToBuild=993b6f756e3e52a44d0537d4fa3a5d0e0acdbe89, assignmentCommitHash=993b6f756e3e52a44d0537d4fa3a5d0e0acdbe89, testCommitHash=993b6f756e3e52a44d0537d4fa3a5d0e0acdbe89, branch=main, programmingLanguage=JAVA, projectType=null, scaEnabled=false, sequentialTestRunsEnabled=false, resultPaths=[/var/tmp/testing-dir/**/test-results/test/*.xml], timeoutSeconds=0, assignmentCheckoutPath=null, testCheckoutPath=null, solutionCheckoutPath=null, dockerRunConfig=null], submissionResult=null]], status=ACTIVE, recentBuildJobs=[BuildJobQueueItem[id=4621739576562326, name=SHORT43ACF76B02BC1044B80938509D14043FABDETSTEXC-LOCALCIINTSTUDENT1, buildAgent=BuildAgentDTO[name=artemis-build-agent-test, memberAddress=[127.0.0.1]:5703, displayName=artemis-build-agent-test], participationId=462, courseId=147, exerciseId=298, retryCount=0, priority=2, status=SUCCESSFUL, repositoryInfo=RepositoryInfo[repositoryName=short43acf76b02bc1044b80938509d14043fabdetstexc-localciintstudent1, repositoryType=user, triggeredByPushTo=user, assignmentRepositoryUri=http://localhost:49152/git/SHORT43ACF76B02BC1044B80938509D14043FABDETSTEXC/short43acf76b02bc1044b80938509d14043fabdetstexc-localciintstudent1.git, testRepositoryUri=http://localhost:49152/git/SHORT43ACF76B02BC1044B80938509D14043FABDETSTEXC/short43acf76b02bc1044b80938509d14043fabdetstexc-tests.git, solutionRepositoryUri=null, auxiliaryRepositoryUris=[Ljava.lang.String;@660620ea, auxiliaryRepositoryCheckoutDirectories=[Ljava.lang.String;@743725b5], jobTimingInfo=JobTimingInfo[submissionDate=2025-02-14T23:42:42.326978596Z[Etc/UTC], buildStartDate=2025-02-14T23:42:42.420147010Z[Etc/UTC], buildCompletionDate=2025-02-14T23:42:45.573855829Z[Etc/UTC], estimatedCompletionDate=2025-02-14T23:43:01.420129377Z[Etc/UTC], estimatedDuration=19], buildConfig=BuildConfig[buildScript=#!/bin/bash
cd /var/tmp/testing-dir
chmod +x ./gradlew
./gradlew clean test
, dockerImage=dummy-docker-image:latest, commitHashToBuild=a9c717ccf7bcbe9531d3eee21dbaeb5aab2ff971, assignmentCommitHash=a9c717ccf7bcbe9531d3eee21dbaeb5aab2ff971, testCommitHash=a9c717ccf7bcbe9531d3eee21dbaeb5aab2ff971, branch=main, programmingLanguage=JAVA, projectType=PLAIN_GRADLE, scaEnabled=false, sequentialTestRunsEnabled=false, resultPaths=[/var/tmp/testing-dir/**/test-results/test/*.xml], timeoutSeconds=0, assignmentCheckoutPath=null, testCheckoutPath=null, solutionCheckoutPath=null, dockerRunConfig=DockerRunConfig[isNetworkDisabled=true, env=[key=value]]], submissionResult=ResultDTO[id=132, completionDate=2025-02-14T23:42:45.519869118Z[Etc/UTC], successful=false, score=7.7, rated=true, submission=SubmissionDTO[id=119, submitted=true, type=MANUAL, exampleSubmission=null, submissionDate=2025-02-14T23:42:42.302762Z, commitHash=a9c717ccf7bcbe9531d3eee21dbaeb5aab2ff971, buildFailed=false, buildArtifact=false, participation=ParticipationDTO[id=462, testRun=false, type=programming, submissionCount=null, exercise=ParticipationExerciseDTO[id=298, exerciseType=PROGRAMMING, type=programming, assessmentType=AUTOMATIC, dueDate=2025-02-16T23:42:41.553955Z, assessmentDueDate=null, maxPoints=42.0, course=CourseDTO[id=147, accuracyOfScores=1]]], submissionExerciseType=programming, isProcessing=false, buildStartDate=null, estimatedCompletionDate=null], participation=ParticipationDTO[id=462, testRun=false, type=programming, submissionCount=null, exercise=ParticipationExerciseDTO[id=298, exerciseType=PROGRAMMING, type=programming, assessmentType=AUTOMATIC, dueDate=2025-02-16T23:42:41.553955Z, assessmentDueDate=null, maxPoints=42.0, course=CourseDTO[id=147, accuracyOfScores=1]]], feedbacks=[FeedbackDTO[id=67, text=null, detailText=The exercise expects a class with the name Context in the package testpackage. You did not implement the class in the exercise., hasLongFeedbackText=false, reference=null, credits=0.0, positive=false, type=AUTOMATIC, visibility=ALWAYS, testCase=TestCaseDTO[testName=null, id=13]], FeedbackDTO[id=68, text=null, detailText=The exercise expects a class with the name Policy in the package testpackage. You did not implement the class in the exercise., hasLongFeedbackText=false, reference=null, credits=0.0, positive=false, type=AUTOMATIC, visibility=ALWAYS, testCase=TestCaseDTO[testName=null, id=14]], FeedbackDTO[id=69, text=null, detailText=The exercise expects a class with the name SortStrategy in the package testpackage. You did not implement the class in the exercise., hasLongFeedbackText=false, reference=null, credits=0.0, positive=false, type=AUTOMATIC, visibility=ALWAYS, testCase=TestCaseDTO[testName=null, id=15]], FeedbackDTO[id=70, text=null, detailText=The class 'MergeSort' does not implement the interface 'SortStrategy' as expected. Implement the interface and its methods., hasLongFeedbackText=false, reference=null, credits=0.0, positive=false, type=AUTOMATIC, visibility=ALWAYS, testCase=TestCaseDTO[testName=null, id=10]], FeedbackDTO[id=71, text=null, detailText=The exercise expects a class with the name SortStrategy in the package testpackage. You did not implement the class in the exercise., hasLongFeedbackText=false, reference=null, credits=0.0, positive=false, type=AUTOMATIC, visibility=ALWAYS, testCase=TestCaseDTO[testName=null, id=7]], FeedbackDTO[id=72, text=null, detailText=The class 'BubbleSort' does not implement the interface 'SortStrategy' as expected. Implement the interface and its methods., hasLongFeedbackText=false, reference=null, credits=0.0, positive=false, type=AUTOMATIC, visibility=ALWAYS, testCase=TestCaseDTO[testName=null, id=11]], FeedbackDTO[id=73, text=null, detailText=MergeSort does not sort correctly, hasLongFeedbackText=false, reference=null, credits=0.0, positive=false, type=AUTOMATIC, visibility=ALWAYS, testCase=TestCaseDTO[testName=null, id=16]], FeedbackDTO[id=74, text=null, detailText=The class 'Context' was not found within the submission. Make sure to implement it properly., hasLongFeedbackText=false, reference=null, credits=0.0, positive=false, type=AUTOMATIC, visibility=ALWAYS, testCase=TestCaseDTO[testName=null, id=17]], FeedbackDTO[id=75, text=null, detailText=The class 'Context' was not found within the submission. Make sure to implement it properly., hasLongFeedbackText=false, reference=null, credits=0.0, positive=false, type=AUTOMATIC, visibility=ALWAYS, testCase=TestCaseDTO[testName=null, id=18]], FeedbackDTO[id=76, text=null, detailText=The exercise expects a class with the name Policy in the package testpackage. You did not implement the class in the exercise., hasLongFeedbackText=false, reference=null, credits=0.0, positive=false, type=AUTOMATIC, visibility=ALWAYS, testCase=TestCaseDTO[testName=null, id=12]], FeedbackDTO[id=77, text=null, detailText=The exercise expects a class with the name Context in the package testpackage. You did not implement the class in the exercise., hasLongFeedbackText=false, reference=null, credits=0.0, positive=false, type=AUTOMATIC, visibility=ALWAYS, testCase=TestCaseDTO[testName=null, id=8]], FeedbackDTO[id=78, text=null, detailText=The exercise expects a class with the name Policy in the package testpackage. You did not implement the class in the exercise., hasLongFeedbackText=false, reference=null, credits=0.0, positive=false, type=AUTOMATIC, visibility=ALWAYS, testCase=TestCaseDTO[testName=null, id=9]], FeedbackDTO[id=79, text=null, detailText=null, hasLongFeedbackText=false, reference=null, credits=3.230769230769231, positive=true, type=AUTOMATIC, visibility=ALWAYS, testCase=TestCaseDTO[testName=null, id=19]]], assessmentType=AUTOMATIC, hasComplaint=null, exampleResult=null, testCaseCount=13, passedTestCaseCount=1, codeIssueCount=0]], BuildJobQueueItem[id=4651739576569330, name=SHORTB06DD3F905F4604F6E085260D83ED657A6DFTSTEXC-LOCALCIINTSTUDENT1, buildAgent=BuildAgentDTO[name=artemis-build-agent-test, memberAddress=[127.0.0.1]:5703, displayName=artemis-build-agent-test], participationId=465, courseId=148, exerciseId=299, retryCount=0, priority=2, status=SUCCESSFUL, repositoryInfo=RepositoryInfo[repositoryName=shortb06dd3f905f4604f6e085260d83ed657a6dftstexc-localciintstudent1, repositoryType=user, triggeredByPushTo=user, assignmentRepositoryUri=http://localhost:49152/git/SHORTB06DD3F905F4604F6E085260D83ED657A6DFTSTEXC/shortb06dd3f905f4604f6e085260d83ed657a6dftstexc-localciintstudent1.git, testRepositoryUri=http://localhost:49152/git/SHORTB06DD3F905F4604F6E085260D83ED657A6DFTSTEXC/shortb06dd3f905f4604f6e085260d83ed657a6dftstexc-tests.git, solutionRepositoryUri=null, auxiliaryRepositoryUris=[Ljava.lang.String;@1331dda5, auxiliaryRepositoryCheckoutDirectories=[Ljava.lang.String;@72cb2869], jobTimingInfo=JobTimingInfo[submissionDate=2025-02-14T23:42:49.330093960Z[Etc/UTC], buildStartDate=2025-02-14T23:42:49.347797345Z[Etc/UTC], buildCompletionDate=2025-02-14T23:42:51.204319751Z[Etc/UTC], estimatedCompletionDate=2025-02-14T23:43:08.347788449Z[Etc/UTC], estimatedDuration=19], buildConfig=BuildConfig[buildScript=#!/bin/bash
cd /var/tmp/testing-dir
chmod +x ./gradlew
./gradlew clean test
, dockerImage=dummy-docker-image:latest, commitHashToBuild=41581fff25954d36cf07586926ee0c77d1003131, assignmentCommitHash=41581fff25954d36cf07586926ee0c77d1003131, testCommitHash=41581fff25954d36cf07586926ee0c77d1003131, branch=main, programmingLanguage=JAVA, projectType=PLAIN_GRADLE, scaEnabled=false, sequentialTestRunsEnabled=false, resultPaths=[/var/tmp/testing-dir/**/test-results/test/*.xml], timeoutSeconds=0, assignmentCheckoutPath=null, testCheckoutPath=null, solutionCheckoutPath=null, dockerRunConfig=null], submissionResult=ResultDTO[id=133, completionDate=2025-02-14T23:42:51.155372920Z[Etc/UTC], successful=false, score=7.7, rated=true, submission=SubmissionDTO[id=120, submitted=true, type=MANUAL, exampleSubmission=null, submissionDate=2025-02-14T23:42:49.321855Z, commitHash=41581fff25954d36cf07586926ee0c77d1003131, buildFailed=false, buildArtifact=false, participation=ParticipationDTO[id=465, testRun=false, type=programming, submissionCount=null, exercise=ParticipationExerciseDTO[id=299, exerciseType=PROGRAMMING, type=programming, assessmentType=AUTOMATIC, dueDate=2025-02-16T23:42:49.163661Z, assessmentDueDate=null, maxPoints=42.0, course=CourseDTO[id=148, accuracyOfScores=1]]], submissionExerciseType=programming, isProcessing=false, buildStartDate=null, estimatedCompletionDate=null], participation=ParticipationDTO[id=465, testRun=false, type=programming, submissionCount=null, exercise=ParticipationExerciseDTO[id=299, exerciseType=PROGRAMMING, type=programming, assessmentType=AUTOMATIC, dueDate=2025-02-16T23:42:49.163661Z, assessmentDueDate=null, maxPoints=42.0, course=CourseDTO[id=148, accuracyOfScores=1]]], feedbacks=[FeedbackDTO[id=80, text=null, detailText=The exercise expects a class with the name Context in the package testpackage. You did not implement the class in the exercise., hasLongFeedbackText=false, reference=null, credits=0.0, positive=false, type=AUTOMATIC, visibility=ALWAYS, testCase=TestCaseDTO[testName=null, id=26]], FeedbackDTO[id=81, text=null, detailText=The exercise expects a class with the name Policy in the package testpackage. You did not implement the class in the exercise., hasLongFeedbackText=false, reference=null, credits=0.0, positive=false, type=AUTOMATIC, visibility=ALWAYS, testCase=TestCaseDTO[testName=null, id=27]], FeedbackDTO[id=82, text=null, detailText=The exercise expects a class with the name SortStrategy in the package testpackage. You did not implement the class in the exercise., hasLongFeedbackText=false, reference=null, credits=0.0, positive=false, type=AUTOMATIC, visibility=ALWAYS, testCase=TestCaseDTO[testName=null, id=28]], FeedbackDTO[id=83, text=null, detailText=The class 'MergeSort' does not implement the interface 'SortStrategy' as expected. Implement the interface and its methods., hasLongFeedbackText=false, reference=null, credits=0.0, positive=false, type=AUTOMATIC, visibility=ALWAYS, testCase=TestCaseDTO[testName=null, id=23]], FeedbackDTO[id=84, text=null, detailText=The exercise expects a class with the name SortStrategy in the package testpackage. You did not implement the class in the exercise., hasLongFeedbackText=false, reference=null, credits=0.0, positive=false, type=AUTOMATIC, visibility=ALWAYS, testCase=TestCaseDTO[testName=null, id=20]], FeedbackDTO[id=85, text=null, detailText=The class 'BubbleSort' does not implement the interface 'SortStrategy' as expected. Implement the interface and its methods., hasLongFeedbackText=false, reference=null, credits=0.0, positive=false, type=AUTOMATIC, visibility=ALWAYS, testCase=TestCaseDTO[testName=null, id=24]], FeedbackDTO[id=86, text=null, detailText=MergeSort does not sort correctly, hasLongFeedbackText=false, reference=null, credits=0.0, positive=false, type=AUTOMATIC, visibility=ALWAYS, testCase=TestCaseDTO[testName=null, id=29]], FeedbackDTO[id=87, text=null, detailText=The class 'Context' was not found within the submission. Make sure to implement it properly., hasLongFeedbackText=false, reference=null, credits=0.0, positive=false, type=AUTOMATIC, visibility=ALWAYS, testCase=TestCaseDTO[testName=null, id=30]], FeedbackDTO[id=88, text=null, detailText=The class 'Context' was not found within the submission. Make sure to implement it properly., hasLongFeedbackText=false, reference=null, credits=0.0, positive=false, type=AUTOMATIC, visibility=ALWAYS, testCase=TestCaseDTO[testName=null, id=31]], FeedbackDTO[id=89, text=null, detailText=The exercise expects a class with the name Policy in the package testpackage. You did not implement the class in the exercise., hasLongFeedbackText=false, reference=null, credits=0.0, positive=false, type=AUTOMATIC, visibility=ALWAYS, testCase=TestCaseDTO[testName=null, id=25]], FeedbackDTO[id=90, text=null, detailText=The exercise expects a class with the name Context in the package testpackage. You did not implement the class in the exercise., hasLongFeedbackText=false, reference=null, credits=0.0, positive=false, type=AUTOMATIC, visibility=ALWAYS, testCase=TestCaseDTO[testName=null, id=21]], FeedbackDTO[id=91, text=null, detailText=The exercise expects a class with the name Policy in the package testpackage. You did not implement the class in the exercise., hasLongFeedbackText=false, reference=null, credits=0.0, positive=false, type=AUTOMATIC, visibility=ALWAYS, testCase=TestCaseDTO[testName=null, id=22]], FeedbackDTO[id=92, text=null, detailText=null, hasLongFeedbackText=false, reference=null, credits=3.230769230769231, positive=true, type=AUTOMATIC, visibility=ALWAYS, testCase=TestCaseDTO[testName=null, id=32]]], assessmentType=AUTOMATIC, hasComplaint=null, exampleResult=null, testCaseCount=13, passedTestCaseCount=1, codeIssueCount=0]], BuildJobQueueItem[id=4681739576573068, name=SHORTBCF65534040390488B0A46605F5F3776B89ATSTEXC-LOCALCIINTSTUDENT1, buildAgent=BuildAgentDTO[name=artemis-build-agent-test, memberAddress=[127.0.0.1]:5703, displayName=artemis-build-agent-test], participationId=468, courseId=149, exerciseId=300, retryCount=0, priority=2, status=SUCCESSFUL, repositoryInfo=RepositoryInfo[repositoryName=shortbcf65534040390488b0a46605f5f3776b89atstexc-localciintstudent1, repositoryType=user, triggeredByPushTo=user, assignmentRepositoryUri=http://localhost:49152/git/SHORTBCF65534040390488B0A46605F5F3776B89ATSTEXC/shortbcf65534040390488b0a46605f5f3776b89atstexc-localciintstudent1.git, testRepositoryUri=http://localhost:49152/git/SHORTBCF65534040390488B0A46605F5F3776B89ATSTEXC/shortbcf65534040390488b0a46605f5f3776b89atstexc-tests.git, solutionRepositoryUri=null, auxiliaryRepositoryUris=[Ljava.lang.String;@251d47aa, auxiliaryRepositoryCheckoutDirectories=[Ljava.lang.String;@684ad431], jobTimingInfo=JobTimingInfo[submissionDate=2025-02-14T23:42:53.068019209Z[Etc/UTC], buildStartDate=2025-02-14T23:42:53.092867394Z[Etc/UTC], buildCompletionDate=2025-02-14T23:42:55.086950323Z[Etc/UTC], estimatedCompletionDate=2025-02-14T23:43:12.092858828Z[Etc/UTC], estimatedDuration=19], buildConfig=BuildConfig[buildScript=#!/bin/bash
cd /var/tmp/testing-dir
chmod +x ./gradlew
./gradlew clean test
, dockerImage=dummy-docker-image:latest, commitHashToBuild=2d5c0482fc77d3f5ec0841962528a43054e83170, assignmentCommitHash=2d5c0482fc77d3f5ec0841962528a43054e83170, testCommitHash=7477e25d56ce5fee2c938542a7e7ed4ed085d373, branch=main, programmingLanguage=JAVA, projectType=PLAIN_GRADLE, scaEnabled=false, sequentialTestRunsEnabled=false, resultPaths=[/var/tmp/testing-dir/**/test-results/test/*.xml], timeoutSeconds=0, assignmentCheckoutPath=null, testCheckoutPath=null, solutionCheckoutPath=null, dockerRunConfig=null], submissionResult=ResultDTO[id=134, completionDate=2025-02-14T23:42:55.059618627Z[Etc/UTC], successful=false, score=7.7, rated=true, submission=SubmissionDTO[id=121, submitted=true, type=MANUAL, exampleSubmission=null, submissionDate=2025-02-14T23:42:53.048221Z, commitHash=2d5c0482fc77d3f5ec0841962528a43054e83170, buildFailed=false, buildArtifact=false, participation=ParticipationDTO[id=468, testRun=false, type=programming, submissionCount=null, exercise=ParticipationExerciseDTO[id=300, exerciseType=PROGRAMMING, type=programming, assessmentType=AUTOMATIC, dueDate=2025-02-16T23:42:52.873722Z, assessmentDueDate=null, maxPoints=42.0, course=CourseDTO[id=149, accuracyOfScores=1]]], submissionExerciseType=programming, isProcessing=false, buildStartDate=null, estimatedCompletionDate=null], participation=ParticipationDTO[id=468, testRun=false, type=programming, submissionCount=null, exercise=ParticipationExerciseDTO[id=300, exerciseType=PROGRAMMING, type=programming, assessmentType=AUTOMATIC, dueDate=2025-02-16T23:42:52.873722Z, assessmentDueDate=null, maxPoints=42.0, course=CourseDTO[id=149, accuracyOfScores=1]]], feedbacks=[FeedbackDTO[id=93, text=null, detailText=The exercise expects a class with the name Context in the package testpackage. You did not implement the class in the exercise., hasLongFeedbackText=false, reference=null, credits=0.0, positive=false, type=AUTOMATIC, visibility=ALWAYS, testCase=TestCaseDTO[testName=null, id=39]], FeedbackDTO[id=94, text=null, detailText=The exercise expects a class with the name Policy in the package testpackage. You did not implement the class in the exercise., hasLongFeedbackText=false, reference=null, credits=0.0, positive=false, type=AUTOMATIC, visibility=ALWAYS, testCase=TestCaseDTO[testName=null, id=40]], FeedbackDTO[id=95, text=null, detailText=The exercise expects a class with the name SortStrategy in the package testpackage. You did not implement the class in the exercise., hasLongFeedbackText=false, reference=null, credits=0.0, positive=false, type=AUTOMATIC, visibility=ALWAYS, testCase=TestCaseDTO[testName=null, id=41]], FeedbackDTO[id=96, text=null, detailText=The class 'MergeSort' does not implement the interface 'SortStrategy' as expected. Implement the interface and its methods., hasLongFeedbackText=false, reference=null, credits=0.0, positive=false, type=AUTOMATIC, visibility=ALWAYS, testCase=TestCaseDTO[testName=null, id=36]], FeedbackDTO[id=97, text=null, detailText=The exercise expects a class with the name SortStrategy in the package testpackage. You did not implement the class in the exercise., hasLongFeedbackText=false, reference=null, credits=0.0, positive=false, type=AUTOMATIC, visibility=ALWAYS, testCase=TestCaseDTO[testName=null, id=33]], FeedbackDTO[id=98, text=null, detailText=The class 'BubbleSort' does not implement the interface 'SortStrategy' as expected. Implement the interface and its methods., hasLongFeedbackText=false, reference=null, credits=0.0, positive=false, type=AUTOMATIC, visibility=ALWAYS, testCase=TestCaseDTO[testName=null, id=37]], FeedbackDTO[id=99, text=null, detailText=MergeSort does not sort correctly, hasLongFeedbackText=false, reference=null, credits=0.0, positive=false, type=AUTOMATIC, visibility=ALWAYS, testCase=TestCaseDTO[testName=null, id=42]], FeedbackDTO[id=100, text=null, detailText=The class 'Context' was not found within the submission. Make sure to implement it properly., hasLongFeedbackText=false, reference=null, credits=0.0, positive=false, type=AUTOMATIC, visibility=ALWAYS, testCase=TestCaseDTO[testName=null, id=43]], FeedbackDTO[id=101, text=null, detailText=The class 'Context' was not found within the submission. Make sure to implement it properly., hasLongFeedbackText=false, reference=null, credits=0.0, positive=false, type=AUTOMATIC, visibility=ALWAYS, testCase=TestCaseDTO[testName=null, id=44]], FeedbackDTO[id=102, text=null, detailText=The exercise expects a class with the name Policy in the package testpackage. You did not implement the class in the exercise., hasLongFeedbackText=false, reference=null, credits=0.0, positive=false, type=AUTOMATIC, visibility=ALWAYS, testCase=TestCaseDTO[testName=null, id=38]], FeedbackDTO[id=103, text=null, detailText=The exercise expects a class with the name Context in the package testpackage. You did not implement the class in the exercise., hasLongFeedbackText=false, reference=null, credits=0.0, positive=false, type=AUTOMATIC, visibility=ALWAYS, testCase=TestCaseDTO[testName=null, id=34]], FeedbackDTO[id=104, text=null, detailText=The exercise expects a class with the name Policy in the package testpackage. You did not implement the class in the exercise., hasLongFeedbackText=false, reference=null, credits=0.0, positive=false, type=AUTOMATIC, visibility=ALWAYS, testCase=TestCaseDTO[testName=null, id=35]], FeedbackDTO[id=105, text=null, detailText=null, hasLongFeedbackText=false, reference=null, credits=3.230769230769231, positive=true, type=AUTOMATIC, visibility=ALWAYS, testCase=TestCaseDTO[testName=null, id=45]]], assessmentType=AUTOMATIC, hasComplaint=null, exampleResult=null, testCaseCount=13, passedTestCaseCount=1, codeIssueCount=0]], BuildJobQueueItem[id=4741739576577297, name=SHORT88A9A223023E2047B709E4A029FA08BCF2CFTSTEXC-LOCALCIINTSTUDENT1, buildAgent=BuildAgentDTO[name=artemis-build-agent-test, memberAddress=[127.0.0.1]:5703, displayName=artemis-build-agent-test], participationId=474, courseId=151, exerciseId=302, retryCount=0, priority=2, status=SUCCESSFUL, repositoryInfo=RepositoryInfo[repositoryName=short88a9a223023e2047b709e4a029fa08bcf2cftstexc-localciintstudent1, repositoryType=user, triggeredByPushTo=user, assignmentRepositoryUri=http://localhost:49152/git/SHORT88A9A223023E2047B709E4A029FA08BCF2CFTSTEXC/short88a9a223023e2047b709e4a029fa08bcf2cftstexc-localciintstudent1.git, testRepositoryUri=http://localhost:49152/git/SHORT88A9A223023E2047B709E4A029FA08BCF2CFTSTEXC/short88a9a223023e2047b709e4a029fa08bcf2cftstexc-tests.git, solutionRepositoryUri=null, auxiliaryRepositoryUris=[Ljava.lang.String;@758bf068, auxiliaryRepositoryCheckoutDirectories=[Ljava.lang.String;@5ea816d0], jobTimingInfo=JobTimingInfo[submissionDate=2025-02-14T23:42:57.297342281Z[Etc/UTC], buildStartDate=2025-02-14T23:42:57.308570327Z[Etc/UTC], buildCompletionDate=2025-02-14T23:42:59.047616654Z[Etc/UTC], estimatedCompletionDate=2025-02-14T23:43:16.308558064Z[Etc/UTC], estimatedDuration=19], buildConfig=BuildConfig[buildScript=#!/bin/bash
cd /var/tmp/testing-dir
chmod +x ./gradlew
./gradlew clean test
, dockerImage=dummy-docker-image:latest, commitHashToBuild=736cbea1e46d6849b41266b2bf1cccd3b9ea55b1, assignmentCommitHash=736cbea1e46d6849b41266b2bf1cccd3b9ea55b1, testCommitHash=ea6267edd396a304305339b036512b63e0374c66, branch=main, programmingLanguage=JAVA, projectType=PLAIN_GRADLE, scaEnabled=false, sequentialTestRunsEnabled=false, resultPaths=[/var/tmp/testing-dir/**/test-results/test/*.xml], timeoutSeconds=0, assignmentCheckoutPath=null, testCheckoutPath=null, solutionCheckoutPath=null, dockerRunConfig=null], submissionResult=ResultDTO[id=135, completionDate=2025-02-14T23:42:59.014168821Z[Etc/UTC], successful=false, score=7.7, rated=true, submission=SubmissionDTO[id=123, submitted=true, type=MANUAL, exampleSubmission=null, submissionDate=2025-02-14T23:42:57.278471Z, commitHash=736cbea1e46d6849b41266b2bf1cccd3b9ea55b1, buildFailed=false, buildArtifact=false, participation=ParticipationDTO[id=474, testRun=false, type=programming, submissionCount=null, exercise=ParticipationExerciseDTO[id=302, exerciseType=PROGRAMMING, type=programming, assessmentType=AUTOMATIC, dueDate=2025-02-16T23:42:56.796251Z, assessmentDueDate=null, maxPoints=42.0, course=CourseDTO[id=151, accuracyOfScores=1]]], submissionExerciseType=programming, isProcessing=false, buildStartDate=null, estimatedCompletionDate=null], participation=ParticipationDTO[id=474, testRun=false, type=programming, submissionCount=null, exercise=ParticipationExerciseDTO[id=302, exerciseType=PROGRAMMING, type=programming, assessmentType=AUTOMATIC, dueDate=2025-02-16T23:42:56.796251Z, assessmentDueDate=null, maxPoints=42.0, course=CourseDTO[id=151, accuracyOfScores=1]]], feedbacks=[FeedbackDTO[id=106, text=null, detailText=The exercise expects a class with the name Context in the package testpackage. You did not implement the class in the exercise., hasLongFeedbackText=false, reference=null, credits=0.0, positive=false, type=AUTOMATIC, visibility=ALWAYS, testCase=TestCaseDTO[testName=null, id=65]], FeedbackDTO[id=107, text=null, detailText=The exercise expects a class with the name Policy in the package testpackage. You did not implement the class in the exercise., hasLongFeedbackText=false, reference=null, credits=0.0, positive=false, type=AUTOMATIC, visibility=ALWAYS, testCase=TestCaseDTO[testName=null, id=66]], FeedbackDTO[id=108, text=null, detailText=The exercise expects a class with the name SortStrategy in the package testpackage. You did not implement the class in the exercise., hasLongFeedbackText=false, reference=null, credits=0.0, positive=false, type=AUTOMATIC, visibility=ALWAYS, testCase=TestCaseDTO[testName=null, id=67]], FeedbackDTO[id=109, text=null, detailText=The class 'MergeSort' does not implement the interface 'SortStrategy' as expected. Implement the interface and its methods., hasLongFeedbackText=false, reference=null, credits=0.0, positive=false, type=AUTOMATIC, visibility=ALWAYS, testCase=TestCaseDTO[testName=null, id=62]], FeedbackDTO[id=110, text=null, detailText=The exercise expects a class with the name SortStrategy in the package testpackage. You did not implement the class in the exercise., hasLongFeedbackText=false, reference=null, credits=0.0, positive=false, type=AUTOMATIC, visibility=ALWAYS, testCase=TestCaseDTO[testName=null, id=59]], FeedbackDTO[id=111, text=null, detailText=The class 'BubbleSort' does not implement the interface 'SortStrategy' as expected. Implement the interface and its methods., hasLongFeedbackText=false, reference=null, credits=0.0, positive=false, type=AUTOMATIC, visibility=ALWAYS, testCase=TestCaseDTO[testName=null, id=63]], FeedbackDTO[id=112, text=null, detailText=MergeSort does not sort correctly, hasLongFeedbackText=false, reference=null, credits=0.0, positive=false, type=AUTOMATIC, visibility=ALWAYS, testCase=TestCaseDTO[testName=null, id=68]], FeedbackDTO[id=113, text=null, detailText=The class 'Context' was not found within the submission. Make sure to implement it properly., hasLongFeedbackText=false, reference=null, credits=0.0, positive=false, type=AUTOMATIC, visibility=ALWAYS, testCase=TestCaseDTO[testName=null, id=69]], FeedbackDTO[id=114, text=null, detailText=The class 'Context' was not found within the submission. Make sure to implement it properly., hasLongFeedbackText=false, reference=null, credits=0.0, positive=false, type=AUTOMATIC, visibility=ALWAYS, testCase=TestCaseDTO[testName=null, id=70]], FeedbackDTO[id=115, text=null, detailText=The exercise expects a class with the name Policy in the package testpackage. You did not implement the class in the exercise., hasLongFeedbackText=false, reference=null, credits=0.0, positive=false, type=AUTOMATIC, visibility=ALWAYS, testCase=TestCaseDTO[testName=null, id=64]], FeedbackDTO[id=116, text=null, detailText=The exercise expects a class with the name Context in the package testpackage. You did not implement the class in the exercise., hasLongFeedbackText=false, reference=null, credits=0.0, positive=false, type=AUTOMATIC, visibility=ALWAYS, testCase=TestCaseDTO[testName=null, id=60]], FeedbackDTO[id=117, text=null, detailText=The exercise expects a class with the name Policy in the package testpackage. You did not implement the class in the exercise., hasLongFeedbackText=false, reference=null, credits=0.0, positive=false, type=AUTOMATIC, visibility=ALWAYS, testCase=TestCaseDTO[testName=null, id=61]], FeedbackDTO[id=118, text=null, detailText=null, hasLongFeedbackText=false, reference=null, credits=3.230769230769231, positive=true, type=AUTOMATIC, visibility=ALWAYS, testCase=TestCaseDTO[testName=null, id=71]]], assessmentType=AUTOMATIC, hasComplaint=null, exampleResult=null, testCaseCount=13, passedTestCaseCount=1, codeIssueCount=0]], BuildJobQueueItem[id=4771739576580898, name=SHORT51E611E30D6B60466F0B8BA0AA97F58888C2TSTEXC-LOCALCIINTSTUDENT1, buildAgent=BuildAgentDTO[name=artemis-build-agent-test, memberAddress=[127.0.0.1]:5703, displayName=artemis-build-agent-test], participationId=477, courseId=152, exerciseId=303, retryCount=0, priority=2, status=SUCCESSFUL, repositoryInfo=RepositoryInfo[repositoryName=short51e611e30d6b60466f0b8ba0aa97f58888c2tstexc-localciintstudent1, repositoryType=user, triggeredByPushTo=user, assignmentRepositoryUri=http://localhost:49152/git/SHORT51E611E30D6B60466F0B8BA0AA97F58888C2TSTEXC/short51e611e30d6b60466f0b8ba0aa97f58888c2tstexc-localciintstudent1.git, testRepositoryUri=http://localhost:49152/git/SHORT51E611E30D6B60466F0B8BA0AA97F58888C2TSTEXC/short51e611e30d6b60466f0b8ba0aa97f58888c2tstexc-tests.git, solutionRepositoryUri=null, auxiliaryRepositoryUris=[Ljava.lang.String;@11473ab8, auxiliaryRepositoryCheckoutDirectories=[Ljava.lang.String;@2f928ffd], jobTimingInfo=JobTimingInfo[submissionDate=2025-02-14T23:43:00.898532688Z[Etc/UTC], buildStartDate=2025-02-14T23:43:00.905733056Z[Etc/UTC], buildCompletionDate=2025-02-14T23:43:02.692768910Z[Etc/UTC], estimatedCompletionDate=2025-02-14T23:43:19.905720463Z[Etc/UTC], estimatedDuration=19], buildConfig=BuildConfig[buildScript=#!/bin/bash
cd /var/tmp/testing-dir
chmod +x ./gradlew
./gradlew clean test
, dockerImage=dummy-docker-image:latest, commitHashToBuild=8f3057cbd462f5e3de4e6ba85115f60d8dbb5aea, assignmentCommitHash=8f3057cbd462f5e3de4e6ba85115f60d8dbb5aea, testCommitHash=8f3057cbd462f5e3de4e6ba85115f60d8dbb5aea, branch=main, programmingLanguage=JAVA, projectType=PLAIN_GRADLE, scaEnabled=true, sequentialTestRunsEnabled=false, resultPaths=[/var/tmp/testing-dir/**/test-results/test/*.xml], timeoutSeconds=0, assignmentCheckoutPath=null, testCheckoutPath=null, solutionCheckoutPath=null, dockerRunConfig=null], submissionResult=ResultDTO[id=136, completionDate=2025-02-14T23:43:02.637820510Z[Etc/UTC], successful=false, score=7.7, rated=true, submission=SubmissionDTO[id=124, submitted=true, type=MANUAL, exampleSubmission=null, submissionDate=2025-02-14T23:43:00.886601Z, commitHash=8f3057cbd462f5e3de4e6ba85115f60d8dbb5aea, buildFailed=false, buildArtifact=false, participation=ParticipationDTO[id=477, testRun=false, type=programming, submissionCount=null, exercise=ParticipationExerciseDTO[id=303, exerciseType=PROGRAMMING, type=programming, assessmentType=AUTOMATIC, dueDate=2025-02-16T23:43:00.631824Z, assessmentDueDate=null, maxPoints=42.0, course=CourseDTO[id=152, accuracyOfScores=1]]], submissionExerciseType=programming, isProcessing=false, buildStartDate=null, estimatedCompletionDate=null], participation=ParticipationDTO[id=477, testRun=false, type=programming, submissionCount=null, exercise=ParticipationExerciseDTO[id=303, exerciseType=PROGRAMMING, type=programming, assessmentType=AUTOMATIC, dueDate=2025-02-16T23:43:00.631824Z, assessmentDueDate=null, maxPoints=42.0, course=CourseDTO[id=152, accuracyOfScores=1]]], feedbacks=[FeedbackDTO[id=119, text=null, detailText=The exercise expects a class with the name Context in the package testpackage. You did not implement the class in the exercise., hasLongFeedbackText=false, reference=null, credits=0.0, positive=false, type=AUTOMATIC, visibility=ALWAYS, testCase=TestCaseDTO[testName=null, id=78]], FeedbackDTO[id=120, text=null, detailText=The exercise expects a class with the name Policy in the package testpackage. You did not implement the class in the exercise., hasLongFeedbackText=false, reference=null, credits=0.0, positive=false, type=AUTOMATIC, visibility=ALWAYS, testCase=TestCaseDTO[testName=null, id=79]], FeedbackDTO[id=121, text=null, detailText=The exercise expects a class with the name SortStrategy in the package testpackage. You did not implement the class in the exercise., hasLongFeedbackText=false, reference=null, credits=0.0, positive=false, type=AUTOMATIC, visibility=ALWAYS, testCase=TestCaseDTO[testName=null, id=80]], FeedbackDTO[id=122, text=null, detailText=The class 'MergeSort' does not implement the interface 'SortStrategy' as expected. Implement the interface and its methods., hasLongFeedbackText=false, reference=null, credits=0.0, positive=false, type=AUTOMATIC, visibility=ALWAYS, testCase=TestCaseDTO[testName=null, id=75]], FeedbackDTO[id=123, text=null, detailText=The exercise expects a class with the name SortStrategy in the package testpackage. You did not implement the class in the exercise., hasLongFeedbackText=false, reference=null, credits=0.0, positive=false, type=AUTOMATIC, visibility=ALWAYS, testCase=TestCaseDTO[testName=null, id=72]], FeedbackDTO[id=124, text=null, detailText=The class 'BubbleSort' does not implement the interface 'SortStrategy' as expected. Implement the interface and its methods., hasLongFeedbackText=false, reference=null, credits=0.0, positive=false, type=AUTOMATIC, visibility=ALWAYS, testCase=TestCaseDTO[testName=null, id=76]], FeedbackDTO[id=125, text=null, detailText=MergeSort does not sort correctly, hasLongFeedbackText=false, reference=null, credits=0.0, positive=false, type=AUTOMATIC, visibility=ALWAYS, testCase=TestCaseDTO[testName=null, id=81]], FeedbackDTO[id=126, text=null, detailText=The class 'Context' was not found within the submission. Make sure to implement it properly., hasLongFeedbackText=false, reference=null, credits=0.0, positive=false, type=AUTOMATIC, visibility=ALWAYS, testCase=TestCaseDTO[testName=null, id=82]], FeedbackDTO[id=127, text=null, detailText=The class 'Context' was not found within the submission. Make sure to implement it properly., hasLongFeedbackText=false, reference=null, credits=0.0, positive=false, type=AUTOMATIC, visibility=ALWAYS, testCase=TestCaseDTO[testName=null, id=83]], FeedbackDTO[id=128, text=null, detailText=The exercise expects a class with the name Policy in the package testpackage. You did not implement the class in the exercise., hasLongFeedbackText=false, reference=null, credits=0.0, positive=false, type=AUTOMATIC, visibility=ALWAYS, testCase=TestCaseDTO[testName=null, id=77]], FeedbackDTO[id=129, text=null, detailText=The exercise expects a class with the name Context in the package testpackage. You did not implement the class in the exercise., hasLongFeedbackText=false, reference=null, credits=0.0, positive=false, type=AUTOMATIC, visibility=ALWAYS, testCase=TestCaseDTO[testName=null, id=73]], FeedbackDTO[id=130, text=null, detailText=The exercise expects a class with the name Policy in the package testpackage. You did not implement the class in the exercise., hasLongFeedbackText=false, reference=null, credits=0.0, positive=false, type=AUTOMATIC, visibility=ALWAYS, testCase=TestCaseDTO[testName=null, id=74]], FeedbackDTO[id=131, text=null, detailText=null, hasLongFeedbackText=false, reference=null, credits=3.230769230769231, positive=true, type=AUTOMATIC, visibility=ALWAYS, testCase=TestCaseDTO[testName=null, id=84]], FeedbackDTO[id=132, text=SCAFeedbackIdentifier:Bad Practice, detailText={"filePath":"src/code/Client.java","startLine":6,"endLine":6,"startColumn":1,"endColumn":26,"rule":"UnusedImports","category":"Best Practices","message":"Avoid unused imports such as 'javax.swing.JFrame'","priority":"4"}, hasLongFeedbackText=false, reference=PMD, credits=0.0, positive=false, type=AUTOMATIC, visibility=null, testCase=null], FeedbackDTO[id=133, text=SCAFeedbackIdentifier:Code Style, detailText={"filePath":"src/code/Client.java","startLine":7,"endLine":7,"startColumn":1,"endColumn":19,"rule":"DontImportJavaLang","category":"Code Style","message":"Avoid importing anything from the package java.lang","priority":"4"}, hasLongFeedbackText=false, reference=PMD, credits=0.0, positive=false, type=AUTOMATIC, visibility=null, testCase=null], FeedbackDTO[id=134, text=SCAFeedbackIdentifier:Bad Practice, detailText={"filePath":"src/code/Client.java","startLine":7,"endLine":7,"startColumn":1,"endColumn":19,"rule":"UnusedImports","category":"Best Practices","message":"Avoid unused imports such as 'java.lang'","priority":"4"}, hasLongFeedbackText=false, reference=PMD, credits=0.0, positive=false, type=AUTOMATIC, visibility=null, testCase=null], FeedbackDTO[id=135, text=SCAFeedbackIdentifier:Bad Practice, detailText={"filePath":"src/code/Client.java","startLine":73,"endLine":73,"startColumn":18,"endColumn":27,"rule":"UnusedLocalVariable","category":"Best Practices","message":"Avoid unused local variables such as 'randomDate'.","priority":"3"}, hasLongFeedbackText=false, reference=PMD, credits=0.0, positive=false, type=AUTOMATIC, visibility=null, testCase=null], FeedbackDTO[id=136, text=SCAFeedbackIdentifier:Bad Practice, detailText={"filePath":"src/code/Client.java","startLine":81,"endLine":81,"startColumn":31,"endColumn":53,"rule":"UnusedPrivateMethod","category":"Best Practices","message":"Avoid unused private methods such as 'CreateRandomDatesList()'.","priority":"3"}, hasLongFeedbackText=false, reference=PMD, credits=0.0, positive=false, type=AUTOMATIC, visibility=null, testCase=null], FeedbackDTO[id=137, text=SCAFeedbackIdentifier:Potential Bugs, detailText={"filePath":"src/code/Client.java","startLine":94,"endLine":94,"startColumn":9,"endColumn":9,"rule":"EmptyStatementNotInLoop","category":"Error Prone","message":"An empty statement (semicolon) not part of a loop","priority":"3"}, hasLongFeedbackText=false, reference=PMD, credits=0.0, positive=false, type=AUTOMATIC, visibility=null, testCase=null], FeedbackDTO[id=138, text=SCAFeedbackIdentifier:Potential Bugs, detailText={"filePath":"src/code/Client.java","startLine":94,"endLine":94,"startColumn":10,"endColumn":10,"rule":"EmptyStatementNotInLoop","category":"Error Prone","message":"An empty statement (semicolon) not part of a loop","priority":"3"}, hasLongFeedbackText=false, reference=PMD, credits=0.0, positive=false, type=AUTOMATIC, visibility=null, testCase=null], FeedbackDTO[id=139, text=SCAFeedbackIdentifier:Potential Bugs, detailText={"filePath":"src/code/Client.java","startLine":94,"endLine":94,"startColumn":11,"endColumn":11,"rule":"EmptyStatementNotInLoop","category":"Error Prone","message":"An empty statement (semicolon) not part of a loop","priority":"3"}, hasLongFeedbackText=false, reference=PMD, credits=0.0, positive=false, type=AUTOMATIC, visibility=null, testCase=null], FeedbackDTO[id=140, text=SCAFeedbackIdentifier:Code Style, detailText={"filePath":"src/code/Client.java","startLine":73,"endLine":73,"rule":"DLS_DEAD_LOCAL_STORE","category":"STYLE","message":"Dead store to randomDate in code.Client.createRandomDatesList()","priority":"2"}, hasLongFeedbackText=false, reference=SPOTBUGS, credits=0.0, positive=false, type=AUTOMATIC, visibility=null, testCase=null], FeedbackDTO[id=141, text=SCAFeedbackIdentifier:Bad Practice, detailText={"filePath":"src/code/Client.java","startLine":82,"endLine":95,"rule":"NM_METHOD_NAMING_CONVENTION","category":"BAD_PRACTICE","message":"The method name code.Client.CreateRandomDatesList() doesn't start with a lower case letter","priority":"3"}, hasLongFeedbackText=false, reference=SPOTBUGS, credits=0.0, positive=false, type=AUTOMATIC, visibility=null, testCase=null], FeedbackDTO[id=142, text=SCAFeedbackIdentifier:Performance, detailText={"filePath":"src/code/Client.java","startLine":82,"endLine":95,"rule":"UPM_UNCALLED_PRIVATE_METHOD","category":"PERFORMANCE","message":"Private method code.Client.CreateRandomDatesList() is never called","priority":"2"}, hasLongFeedbackText=false, reference=SPOTBUGS, credits=0.0, positive=false, type=AUTOMATIC, visibility=null, testCase=null], FeedbackDTO[id=143, text=SCAFeedbackIdentifier:Code Style, detailText={"filePath":"src/code/Client.java","startLine":70,"endLine":70,"startColumn":9,"endColumn":9,"rule":"NeedBracesCheck","category":"blocks","message":"'for' construct must use '{}'s.","priority":"error"}, hasLongFeedbackText=false, reference=CHECKSTYLE, credits=0.0, positive=false, type=AUTOMATIC, visibility=null, testCase=null], FeedbackDTO[id=144, text=SCAFeedbackIdentifier:Code Style, detailText={"filePath":"src/code/Client.java","startLine":93,"endLine":93,"startColumn":9,"endColumn":9,"rule":"EmptyStatementCheck","category":"coding","message":"Empty statement.","priority":"error"}, hasLongFeedbackText=false, reference=CHECKSTYLE, credits=0.0, positive=false, type=AUTOMATIC, visibility=null, testCase=null], FeedbackDTO[id=145, text=SCAFeedbackIdentifier:Code Style, detailText={"filePath":"src/code/Client.java","startLine":93,"endLine":93,"startColumn":10,"endColumn":10,"rule":"EmptyStatementCheck","category":"coding","message":"Empty statement.","priority":"error"}, hasLongFeedbackText=false, reference=CHECKSTYLE, credits=0.0, positive=false, type=AUTOMATIC, visibility=null, testCase=null], FeedbackDTO[id=146, text=SCAFeedbackIdentifier:Code Style, detailText={"filePath":"src/code/Client.java","startLine":93,"endLine":93,"startColumn":11,"endColumn":11,"rule":"EmptyStatementCheck","category":"coding","message":"Empty statement.","priority":"error"}, hasLongFeedbackText=false, reference=CHECKSTYLE, credits=0.0, positive=false, type=AUTOMATIC, visibility=null, testCase=null]], assessmentType=AUTOMATIC, hasComplaint=null, exampleResult=null, testCaseCount=13, passedTestCaseCount=1, codeIssueCount=15]], BuildJobQueueItem[id=4821739576584632, name=SHORT433BAC4500363044960B6E10DFA0493471B2TSTEXC-LOCALCIINTSTUDENT1, buildAgent=BuildAgentDTO[name=artemis-build-agent-test, memberAddress=[127.0.0.1]:5703, displayName=artemis-build-agent-test], participationId=482, courseId=154, exerciseId=305, retryCount=0, priority=2, status=SUCCESSFUL, repositoryInfo=RepositoryInfo[repositoryName=short433bac4500363044960b6e10dfa0493471b2tstexc-localciintstudent1, repositoryType=user, triggeredByPushTo=user, assignmentRepositoryUri=http://localhost:49152/git/SHORT433BAC4500363044960B6E10DFA0493471B2TSTEXC/short433bac4500363044960b6e10dfa0493471b2tstexc-localciintstudent1.git, testRepositoryUri=http://localhost:49152/git/SHORT433BAC4500363044960B6E10DFA0493471B2TSTEXC/short433bac4500363044960b6e10dfa0493471b2tstexc-tests.git, solutionRepositoryUri=null, auxiliaryRepositoryUris=[Ljava.lang.String;@5b032d7, auxiliaryRepositoryCheckoutDirectories=[Ljava.lang.String;@1b30ba27], jobTimingInfo=JobTimingInfo[submissionDate=2025-02-14T23:43:04.632341258Z[Etc/UTC], buildStartDate=2025-02-14T23:43:04.637633457Z[Etc/UTC], buildCompletionDate=2025-02-14T23:43:06.421238953Z[Etc/UTC], estimatedCompletionDate=2025-02-14T23:43:23.637623879Z[Etc/UTC], estimatedDuration=19], buildConfig=BuildConfig[buildScript=#!/bin/bash
cd /var/tmp/testing-dir
chmod +x ./gradlew
./gradlew clean test
, dockerImage=dummy-docker-image:latest, commitHashToBuild=8355c4f3cd5d3e0443707d3310206e460e333c6f, assignmentCommitHash=8355c4f3cd5d3e0443707d3310206e460e333c6f, testCommitHash=8355c4f3cd5d3e0443707d3310206e460e333c6f, branch=main, programmingLanguage=JAVA, projectType=PLAIN_GRADLE, scaEnabled=false, sequentialTestRunsEnabled=false, resultPaths=[/var/tmp/testing-dir/**/test-results/test/*.xml], timeoutSeconds=0, assignmentCheckoutPath=null, testCheckoutPath=null, solutionCheckoutPath=null, dockerRunConfig=null], submissionResult=ResultDTO[id=137, completionDate=2025-02-14T23:43:06.404877412Z[Etc/UTC], successful=false, score=7.7, rated=true, submission=SubmissionDTO[id=125, submitted=true, type=MANUAL, exampleSubmission=null, submissionDate=2025-02-14T23:43:04.623230Z, commitHash=8355c4f3cd5d3e0443707d3310206e460e333c6f, buildFailed=false, buildArtifact=false, participation=ParticipationDTO[id=482, testRun=false, type=programming, submissionCount=null, exercise=ParticipationExerciseDTO[id=305, exerciseType=PROGRAMMING, type=programming, assessmentType=AUTOMATIC, dueDate=2025-02-16T23:43:04.425734Z, assessmentDueDate=null, maxPoints=42.0, course=CourseDTO[id=154, accuracyOfScores=1]]], submissionExerciseType=programming, isProcessing=false, buildStartDate=null, estimatedCompletionDate=null], participation=ParticipationDTO[id=482, testRun=false, type=programming, submissionCount=null, exercise=ParticipationExerciseDTO[id=305, exerciseType=PROGRAMMING, type=programming, assessmentType=AUTOMATIC, dueDate=2025-02-16T23:43:04.425734Z, assessmentDueDate=null, maxPoints=42.0, course=CourseDTO[id=154, accuracyOfScores=1]]], feedbacks=[FeedbackDTO[id=147, text=null, detailText=The exercise expects a class with the name Context in the package testpackage. You did not implement the class in the exercise., hasLongFeedbackText=false, reference=null, credits=0.0, positive=false, type=AUTOMATIC, visibility=ALWAYS, testCase=TestCaseDTO[testName=null, id=104]], FeedbackDTO[id=148, text=null, detailText=The exercise expects a class with the name Policy in the package testpackage. You did not implement the class in the exercise., hasLongFeedbackText=false, reference=null, credits=0.0, positive=false, type=AUTOMATIC, visibility=ALWAYS, testCase=TestCaseDTO[testName=null, id=105]], FeedbackDTO[id=149, text=null, detailText=The exercise expects a class with the name SortStrategy in the package testpackage. You did not implement the class in the exercise., hasLongFeedbackText=false, reference=null, credits=0.0, positive=false, type=AUTOMATIC, visibility=ALWAYS, testCase=TestCaseDTO[testName=null, id=106]], FeedbackDTO[id=150, text=null, detailText=The class 'MergeSort' does not implement the interface 'SortStrategy' as expected. Implement the interface and its methods., hasLongFeedbackText=false, reference=null, credits=0.0, positive=false, type=AUTOMATIC, visibility=ALWAYS, testCase=TestCaseDTO[testName=null, id=101]], FeedbackDTO[id=151, text=null, detailText=The exercise expects a class with the name SortStrategy in the package testpackage. You did not implement the class in the exercise., hasLongFeedbackText=false, reference=null, credits=0.0, positive=false, type=AUTOMATIC, visibility=ALWAYS, testCase=TestCaseDTO[testName=null, id=98]], FeedbackDTO[id=152, text=null, detailText=The class 'BubbleSort' does not implement the interface 'SortStrategy' as expected. Implement the interface and its methods., hasLongFeedbackText=false, reference=null, credits=0.0, positive=false, type=AUTOMATIC, visibility=ALWAYS, testCase=TestCaseDTO[testName=null, id=102]], FeedbackDTO[id=153, text=null, detailText=MergeSort does not sort correctly, hasLongFeedbackText=false, reference=null, credits=0.0, positive=false, type=AUTOMATIC, visibility=ALWAYS, testCase=TestCaseDTO[testName=null, id=107]], FeedbackDTO[id=154, text=null, detailText=The class 'Context' was not found within the submission. Make sure to implement it properly., hasLongFeedbackText=false, reference=null, credits=0.0, positive=false, type=AUTOMATIC, visibility=ALWAYS, testCase=TestCaseDTO[testName=null, id=108]], FeedbackDTO[id=155, text=null, detailText=The class 'Context' was not found within the submission. Make sure to implement it properly., hasLongFeedbackText=false, reference=null, credits=0.0, positive=false, type=AUTOMATIC, visibility=ALWAYS, testCase=TestCaseDTO[testName=null, id=109]], FeedbackDTO[id=156, text=null, detailText=The exercise expects a class with the name Policy in the package testpackage. You did not implement the class in the exercise., hasLongFeedbackText=false, reference=null, credits=0.0, positive=false, type=AUTOMATIC, visibility=ALWAYS, testCase=TestCaseDTO[testName=null, id=103]], FeedbackDTO[id=157, text=null, detailText=The exercise expects a class with the name Context in the package testpackage. You did not implement the class in the exercise., hasLongFeedbackText=false, reference=null, credits=0.0, positive=false, type=AUTOMATIC, visibility=ALWAYS, testCase=TestCaseDTO[testName=null, id=99]], FeedbackDTO[id=158, text=null, detailText=The exercise expects a class with the name Policy in the package testpackage. You did not implement the class in the exercise., hasLongFeedbackText=false, reference=null, credits=0.0, positive=false, type=AUTOMATIC, visibility=ALWAYS, testCase=TestCaseDTO[testName=null, id=100]], FeedbackDTO[id=159, text=null, detailText=null, hasLongFeedbackText=false, reference=null, credits=3.230769230769231, positive=true, type=AUTOMATIC, visibility=ALWAYS, testCase=TestCaseDTO[testName=null, id=110]]], assessmentType=AUTOMATIC, hasComplaint=null, exampleResult=null, testCaseCount=13, passedTestCaseCount=1, codeIssueCount=0]], BuildJobQueueItem[id=4851739576588371, name=SHORT495D587A0856D04A9E08BC60D2E08365FB9ETSTEXC-LOCALCIINTSTUDENT1, buildAgent=BuildAgentDTO[name=artemis-build-agent-test, memberAddress=[127.0.0.1]:5703, displayName=artemis-build-agent-test], participationId=485, courseId=155, exerciseId=306, retryCount=0, priority=2, status=FAILED, repositoryInfo=RepositoryInfo[repositoryName=short495d587a0856d04a9e08bc60d2e08365fb9etstexc-localciintstudent1, repositoryType=user, triggeredByPushTo=user, assignmentRepositoryUri=http://localhost:49152/git/SHORT495D587A0856D04A9E08BC60D2E08365FB9ETSTEXC/short495d587a0856d04a9e08bc60d2e08365fb9etstexc-localciintstudent1.git, testRepositoryUri=http://localhost:49152/git/SHORT495D587A0856D04A9E08BC60D2E08365FB9ETSTEXC/short495d587a0856d04a9e08bc60d2e08365fb9etstexc-tests.git, solutionRepositoryUri=null, auxiliaryRepositoryUris=[Ljava.lang.String;@338ac103, auxiliaryRepositoryCheckoutDirectories=[Ljava.lang.String;@8dc5de8], jobTimingInfo=JobTimingInfo[submissionDate=2025-02-14T23:43:08.371015915Z[Etc/UTC], buildStartDate=2025-02-14T23:43:08.374658929Z[Etc/UTC], buildCompletionDate=2025-02-14T23:43:09.341007666Z[Etc/UTC], estimatedCompletionDate=2025-02-14T23:43:27.374650503Z[Etc/UTC], estimatedDuration=19], buildConfig=BuildConfig[buildScript=#!/bin/bash
cd /var/tmp/testing-dir
chmod +x ./gradlew
./gradlew clean test
, dockerImage=dummy-docker-image:latest, commitHashToBuild=ebb8aa4dc3625fe07e975266e18313ad871ce864, assignmentCommitHash=9b3a9bd71a0d80e5bbc42204c319ed3d1d4f0d6d, testCommitHash=9b3a9bd71a0d80e5bbc42204c319ed3d1d4f0d6d, branch=main, programmingLanguage=JAVA, projectType=PLAIN_GRADLE, scaEnabled=false, sequentialTestRunsEnabled=false, resultPaths=[/var/tmp/testing-dir/**/test-results/test/*.xml], timeoutSeconds=0, assignmentCheckoutPath=null, testCheckoutPath=null, solutionCheckoutPath=null, dockerRunConfig=null], submissionResult=ResultDTO[id=138, completionDate=2025-02-14T23:43:09.343306574Z[Etc/UTC], successful=false, score=0.0, rated=true, submission=SubmissionDTO[id=127, submitted=true, type=MANUAL, exampleSubmission=null, submissionDate=2025-02-14T23:43:09.343306574Z[Etc/UTC], commitHash=9b3a9bd71a0d80e5bbc42204c319ed3d1d4f0d6d, buildFailed=true, buildArtifact=false, participation=ParticipationDTO[id=485, testRun=false, type=programming, submissionCount=null, exercise=ParticipationExerciseDTO[id=306, exerciseType=PROGRAMMING, type=programming, assessmentType=AUTOMATIC, dueDate=2025-02-16T23:43:08.185273Z, assessmentDueDate=null, maxPoints=42.0, course=CourseDTO[id=155, accuracyOfScores=1]]], submissionExerciseType=programming, isProcessing=false, buildStartDate=null, estimatedCompletionDate=null], participation=ParticipationDTO[id=485, testRun=false, type=programming, submissionCount=null, exercise=ParticipationExerciseDTO[id=306, exerciseType=PROGRAMMING, type=programming, assessmentType=AUTOMATIC, dueDate=2025-02-16T23:43:08.185273Z, assessmentDueDate=null, maxPoints=42.0, course=CourseDTO[id=155, accuracyOfScores=1]]], feedbacks=[], assessmentType=AUTOMATIC, hasComplaint=null, exampleResult=null, testCaseCount=0, passedTestCaseCount=0, codeIssueCount=0]], BuildJobQueueItem[id=4881739576590204, name=SHORT80B5DD0E0D6B304EBB096E9020B949996A1CTSTEXC-LOCALCIINTSTUDENT1, buildAgent=BuildAgentDTO[name=artemis-build-agent-test, memberAddress=[127.0.0.1]:5703, displayName=artemis-build-agent-test], participationId=488, courseId=156, exerciseId=307, retryCount=0, priority=2, status=SUCCESSFUL, repositoryInfo=RepositoryInfo[repositoryName=short80b5dd0e0d6b304ebb096e9020b949996a1ctstexc-localciintstudent1, repositoryType=user, triggeredByPushTo=user, assignmentRepositoryUri=http://localhost:49152/git/SHORT80B5DD0E0D6B304EBB096E9020B949996A1CTSTEXC/short80b5dd0e0d6b304ebb096e9020b949996a1ctstexc-localciintstudent1.git, testRepositoryUri=http://localhost:49152/git/SHORT80B5DD0E0D6B304EBB096E9020B949996A1CTSTEXC/short80b5dd0e0d6b304ebb096e9020b949996a1ctstexc-tests.git, solutionRepositoryUri=null, auxiliaryRepositoryUris=[Ljava.lang.String;@c7ef0ae, auxiliaryRepositoryCheckoutDirectories=[Ljava.lang.String;@12818284], jobTimingInfo=JobTimingInfo[submissionDate=2025-02-14T23:43:10.204264160Z[Etc/UTC], buildStartDate=2025-02-14T23:43:10.223149139Z[Etc/UTC], buildCompletionDate=2025-02-14T23:43:12.086509109Z[Etc/UTC], estimatedCompletionDate=2025-02-14T23:43:29.223142246Z[Etc/UTC], estimatedDuration=19], buildConfig=BuildConfig[buildScript=#!/bin/bash
cd /var/tmp/testing-dir
chmod +x ./gradlew
./gradlew clean test
, dockerImage=dummy-docker-image:latest, commitHashToBuild=b806a93102242552beed7c01b08b2769731814b3, assignmentCommitHash=b806a93102242552beed7c01b08b2769731814b3, testCommitHash=b806a93102242552beed7c01b08b2769731814b3, branch=main, programmingLanguage=JAVA, projectType=PLAIN_GRADLE, scaEnabled=false, sequentialTestRunsEnabled=false, resultPaths=[/var/tmp/testing-dir/**/test-results/test/*.xml], timeoutSeconds=0, assignmentCheckoutPath=null, testCheckoutPath=null, solutionCheckoutPath=null, dockerRunConfig=null], submissionResult=ResultDTO[id=139, completionDate=2025-02-14T23:43:12.066436124Z[Etc/UTC], successful=false, score=0.0, rated=true, submission=SubmissionDTO[id=128, submitted=true, type=MANUAL, exampleSubmission=null, submissionDate=2025-02-14T23:43:10.192407Z, commitHash=b806a93102242552beed7c01b08b2769731814b3, buildFailed=true, buildArtifact=false, participation=ParticipationDTO[id=488, testRun=false, type=programming, submissionCount=null, exercise=ParticipationExerciseDTO[id=307, exerciseType=PROGRAMMING, type=programming, assessmentType=AUTOMATIC, dueDate=2025-02-16T23:43:09.986646Z, assessmentDueDate=null, maxPoints=42.0, course=CourseDTO[id=156, accuracyOfScores=1]]], submissionExerciseType=programming, isProcessing=false, buildStartDate=null, estimatedCompletionDate=null], participation=ParticipationDTO[id=488, testRun=false, type=programming, submissionCount=null, exercise=ParticipationExerciseDTO[id=307, exerciseType=PROGRAMMING, type=programming, assessmentType=AUTOMATIC, dueDate=2025-02-16T23:43:09.986646Z, assessmentDueDate=null, maxPoints=42.0, course=CourseDTO[id=156, accuracyOfScores=1]]], feedbacks=[], assessmentType=AUTOMATIC, hasComplaint=null, exampleResult=null, testCaseCount=0, passedTestCaseCount=0, codeIssueCount=0]], BuildJobQueueItem[id=4911739576593817, name=SHORT585B2198089880462509B3007867E72DFB7ATSTEXC-LOCALCIINTSTUDENT1, buildAgent=BuildAgentDTO[name=artemis-build-agent-test, memberAddress=[127.0.0.1]:5703, displayName=artemis-build-agent-test], participationId=491, courseId=157, exerciseId=308, retryCount=0, priority=2, status=SUCCESSFUL, repositoryInfo=RepositoryInfo[repositoryName=short585b2198089880462509b3007867e72dfb7atstexc-localciintstudent1, repositoryType=user, triggeredByPushTo=user, assignmentRepositoryUri=http://localhost:49152/git/SHORT585B2198089880462509B3007867E72DFB7ATSTEXC/short585b2198089880462509b3007867e72dfb7atstexc-localciintstudent1.git, testRepositoryUri=http://localhost:49152/git/SHORT585B2198089880462509B3007867E72DFB7ATSTEXC/short585b2198089880462509b3007867e72dfb7atstexc-tests.git, solutionRepositoryUri=null, auxiliaryRepositoryUris=[Ljava.lang.String;@77e6cb0e, auxiliaryRepositoryCheckoutDirectories=[Ljava.lang.String;@1d3feb07], jobTimingInfo=JobTimingInfo[submissionDate=2025-02-14T23:43:13.817124706Z[Etc/UTC], buildStartDate=2025-02-14T23:43:13.834335931Z[Etc/UTC], buildCompletionDate=2025-02-14T23:43:15.746259139Z[Etc/UTC], estimatedCompletionDate=2025-02-14T23:43:32.834326082Z[Etc/UTC], estimatedDuration=19], buildConfig=BuildConfig[buildScript=#!/bin/bash
cd /var/tmp/testing-dir
chmod +x ./gradlew
./gradlew clean test
, dockerImage=dummy-docker-image:latest, commitHashToBuild=42077d078a5d5042fe2d4bd8299a990d342fce6e, assignmentCommitHash=42077d078a5d5042fe2d4bd8299a990d342fce6e, testCommitHash=42077d078a5d5042fe2d4bd8299a990d342fce6e, branch=main, programmingLanguage=JAVA, projectType=PLAIN_GRADLE, scaEnabled=false, sequentialTestRunsEnabled=false, resultPaths=[/var/tmp/testing-dir/**/test-results/test/*.xml], timeoutSeconds=0, assignmentCheckoutPath=null, testCheckoutPath=null, solutionCheckoutPath=null, dockerRunConfig=null], submissionResult=ResultDTO[id=140, completionDate=2025-02-14T23:43:15.725343914Z[Etc/UTC], successful=false, score=0.0, rated=true, submission=SubmissionDTO[id=129, submitted=true, type=MANUAL, exampleSubmission=null, submissionDate=2025-02-14T23:43:13.805401Z, commitHash=42077d078a5d5042fe2d4bd8299a990d342fce6e, buildFailed=false, buildArtifact=false, participation=ParticipationDTO[id=491, testRun=false, type=programming, submissionCount=null, exercise=ParticipationExerciseDTO[id=308, exerciseType=PROGRAMMING, type=programming, assessmentType=AUTOMATIC, dueDate=2025-02-16T23:43:13.569213Z, assessmentDueDate=null, maxPoints=42.0, course=CourseDTO[id=157, accuracyOfScores=1]]], submissionExerciseType=programming, isProcessing=false, buildStartDate=null, estimatedCompletionDate=null], participation=ParticipationDTO[id=491, testRun=false, type=programming, submissionCount=null, exercise=ParticipationExerciseDTO[id=308, exerciseType=PROGRAMMING, type=programming, assessmentType=AUTOMATIC, dueDate=2025-02-16T23:43:13.569213Z, assessmentDueDate=null, maxPoints=42.0, course=CourseDTO[id=157, accuracyOfScores=1]]], feedbacks=[FeedbackDTO[id=160, text=null, detailText=Deine Einreichung enthält keine Ausgabe. (67cac2), hasLongFeedbackText=false, reference=null, credits=0.0, positive=false, type=AUTOMATIC, visibility=ALWAYS, testCase=TestCaseDTO[testName=null, id=146]], FeedbackDTO[id=161, text=null, detailText=test `add` failed on ≥ 1 cases:
(0, 0)
Your submission raised an error Failure("TODO add"), hasLongFeedbackText=false, reference=null, credits=0.0, positive=false, type=AUTOMATIC, visibility=ALWAYS, testCase=TestCaseDTO[testName=null, id=149]], FeedbackDTO[id=162, text=null, detailText=test `filter` failed on ≥ 1 cases:
(even, [1; 2; 3; 4])
Your submission raised an error Failure("TODO filter"), hasLongFeedbackText=false, reference=null, credits=0.0, positive=false, type=AUTOMATIC, visibility=ALWAYS, testCase=TestCaseDTO[testName=null, id=148]], FeedbackDTO[id=163, text=null, detailText=Test was not executed., hasLongFeedbackText=false, reference=null, credits=0.0, positive=null, type=AUTOMATIC, visibility=null, testCase=TestCaseDTO[testName=null, id=137]], FeedbackDTO[id=164, text=null, detailText=Test was not executed., hasLongFeedbackText=false, reference=null, credits=0.0, positive=null, type=AUTOMATIC, visibility=null, testCase=TestCaseDTO[testName=null, id=138]], FeedbackDTO[id=165, text=null, detailText=Test was not executed., hasLongFeedbackText=false, reference=null, credits=0.0, positive=null, type=AUTOMATIC, visibility=null, testCase=TestCaseDTO[testName=null, id=139]], FeedbackDTO[id=166, text=null, detailText=Test was not executed., hasLongFeedbackText=false, reference=null, credits=0.0, positive=null, type=AUTOMATIC, visibility=null, testCase=TestCaseDTO[testName=null, id=140]], FeedbackDTO[id=167, text=null, detailText=Test was not executed., hasLongFeedbackText=false, reference=null, credits=0.0, positive=null, type=AUTOMATIC, visibility=null, testCase=TestCaseDTO[testName=null, id=141]], FeedbackDTO[id=168, text=null, detailText=Test was not executed., hasLongFeedbackText=false, reference=null, credits=0.0, positive=null, type=AUTOMATIC, visibility=null, testCase=TestCaseDTO[testName=null, id=142]], FeedbackDTO[id=169, text=null, detailText=Test was not executed., hasLongFeedbackText=false, reference=null, credits=0.0, positive=null, type=AUTOMATIC, visibility=null, testCase=TestCaseDTO[testName=null, id=143]], FeedbackDTO[id=170, text=null, detailText=Test was not executed., hasLongFeedbackText=false, reference=null, credits=0.0, positive=null, type=AUTOMATIC, visibility=null, testCase=TestCaseDTO[testName=null, id=144]], FeedbackDTO[id=171, text=null, detailText=Test was not executed., hasLongFeedbackText=false, reference=null, credits=0.0, positive=null, type=AUTOMATIC, visibility=null, testCase=TestCaseDTO[testName=null, id=145]], FeedbackDTO[id=172, text=null, detailText=Test was not executed., hasLongFeedbackText=false, reference=null, credits=0.0, positive=null, type=AUTOMATIC, visibility=null, testCase=TestCaseDTO[testName=null, id=147]]], assessmentType=AUTOMATIC, hasComplaint=null, exampleResult=null, testCaseCount=13, passedTestCaseCount=0, codeIssueCount=0]], BuildJobQueueItem[id=4941739576597286, name=SHORTFBCBD7BF0E6EB0451A080E80FCB407DC1F12TSTEXC-LOCALCIINTSTUDENT1, buildAgent=BuildAgentDTO[name=artemis-build-agent-test, memberAddress=[127.0.0.1]:5703, displayName=artemis-build-agent-test], participationId=494, courseId=158, exerciseId=309, retryCount=0, priority=2, status=SUCCESSFUL, repositoryInfo=RepositoryInfo[repositoryName=shortfbcbd7bf0e6eb0451a080e80fcb407dc1f12tstexc-localciintstudent1, repositoryType=user, triggeredByPushTo=user, assignmentRepositoryUri=http://localhost:49152/git/SHORTFBCBD7BF0E6EB0451A080E80FCB407DC1F12TSTEXC/shortfbcbd7bf0e6eb0451a080e80fcb407dc1f12tstexc-localciintstudent1.git, testRepositoryUri=http://localhost:49152/git/SHORTFBCBD7BF0E6EB0451A080E80FCB407DC1F12TSTEXC/shortfbcbd7bf0e6eb0451a080e80fcb407dc1f12tstexc-tests.git, solutionRepositoryUri=null, auxiliaryRepositoryUris=[Ljava.lang.String;@66bf838e, auxiliaryRepositoryCheckoutDirectories=[Ljava.lang.String;@78b4a87f], jobTimingInfo=JobTimingInfo[submissionDate=2025-02-14T23:43:17.286977233Z[Etc/UTC], buildStartDate=2025-02-14T23:43:17.293977347Z[Etc/UTC], buildCompletionDate=2025-02-14T23:43:18.740990762Z[Etc/UTC], estimatedCompletionDate=2025-02-14T23:43:36.293970494Z[Etc/UTC], estimatedDuration=19], buildConfig=BuildConfig[buildScript=#!/bin/bash
cd /var/tmp/testing-dir
chmod +x ./gradlew
./gradlew clean test
, dockerImage=dummy-docker-image:latest, commitHashToBuild=4a1af7e8a64e6505c5fc09b9f81ea41af9fcff44, assignmentCommitHash=4a1af7e8a64e6505c5fc09b9f81ea41af9fcff44, testCommitHash=4a1af7e8a64e6505c5fc09b9f81ea41af9fcff44, branch=main, programmingLanguage=JAVA, projectType=PLAIN_GRADLE, scaEnabled=false, sequentialTestRunsEnabled=false, resultPaths=[/var/tmp/testing-dir/**/test-results/test/*.xml], timeoutSeconds=0, assignmentCheckoutPath=null, testCheckoutPath=null, solutionCheckoutPath=null, dockerRunConfig=null], submissionResult=ResultDTO[id=141, completionDate=2025-02-14T23:43:18.729015138Z[Etc/UTC], successful=false, score=0.0, rated=true, submission=SubmissionDTO[id=130, submitted=true, type=MANUAL, exampleSubmission=null, submissionDate=2025-02-14T23:43:17.272936Z, commitHash=4a1af7e8a64e6505c5fc09b9f81ea41af9fcff44, buildFailed=true, buildArtifact=false, participation=ParticipationDTO[id=494, testRun=false, type=programming, submissionCount=null, exercise=ParticipationExerciseDTO[id=309, exerciseType=PROGRAMMING, type=programming, assessmentType=AUTOMATIC, dueDate=2025-02-16T23:43:17.147218Z, assessmentDueDate=null, maxPoints=42.0, course=CourseDTO[id=158, accuracyOfScores=1]]], submissionExerciseType=programming, isProcessing=false, buildStartDate=null, estimatedCompletionDate=null], participation=ParticipationDTO[id=494, testRun=false, type=programming, submissionCount=null, exercise=ParticipationExerciseDTO[id=309, exerciseType=PROGRAMMING, type=programming, assessmentType=AUTOMATIC, dueDate=2025-02-16T23:43:17.147218Z, assessmentDueDate=null, maxPoints=42.0, course=CourseDTO[id=158, accuracyOfScores=1]]], feedbacks=[], assessmentType=AUTOMATIC, hasComplaint=null, exampleResult=null, testCaseCount=0, passedTestCaseCount=0, codeIssueCount=0]], BuildJobQueueItem[id=4971739576599269, name=SHORT52AD57270517204728083260501A19D262D1TSTEXC-LOCALCIINTSTUDENT1, buildAgent=BuildAgentDTO[name=artemis-build-agent-test, memberAddress=[127.0.0.1]:5703, displayName=artemis-build-agent-test], participationId=497, courseId=159, exerciseId=310, retryCount=0, priority=2, status=SUCCESSFUL, repositoryInfo=RepositoryInfo[repositoryName=short52ad57270517204728083260501a19d262d1tstexc-localciintstudent1, repositoryType=user, triggeredByPushTo=user, assignmentRepositoryUri=http://localhost:49152/git/SHORT52AD57270517204728083260501A19D262D1TSTEXC/short52ad57270517204728083260501a19d262d1tstexc-localciintstudent1.git, testRepositoryUri=http://localhost:49152/git/SHORT52AD57270517204728083260501A19D262D1TSTEXC/short52ad57270517204728083260501a19d262d1tstexc-tests.git, solutionRepositoryUri=null, auxiliaryRepositoryUris=[Ljava.lang.String;@394ba2dc, auxiliaryRepositoryCheckoutDirectories=[Ljava.lang.String;@5b4e1121], jobTimingInfo=JobTimingInfo[submissionDate=2025-02-14T23:43:19.269997499Z[Etc/UTC], buildStartDate=2025-02-14T23:43:19.277325895Z[Etc/UTC], buildCompletionDate=2025-02-14T23:43:20.497391524Z[Etc/UTC], estimatedCompletionDate=2025-02-14T23:43:38.277310787Z[Etc/UTC], estimatedDuration=19], buildConfig=BuildConfig[buildScript=#!/bin/bash
cd /var/tmp/testing-dir
chmod +x ./gradlew
./gradlew clean test
, dockerImage=dummy-docker-image:latest, commitHashToBuild=9f4f76247a188e9a0f3516a9fbd60e829d53fb05, assignmentCommitHash=9f4f76247a188e9a0f3516a9fbd60e829d53fb05, testCommitHash=9f4f76247a188e9a0f3516a9fbd60e829d53fb05, branch=main, programmingLanguage=JAVA, projectType=PLAIN_GRADLE, scaEnabled=false, sequentialTestRunsEnabled=false, resultPaths=[/var/tmp/testing-dir/**/test-results/test/*.xml], timeoutSeconds=0, assignmentCheckoutPath=null, testCheckoutPath=null, solutionCheckoutPath=null, dockerRunConfig=null], submissionResult=ResultDTO[id=142, completionDate=2025-02-14T23:43:20.484244187Z[Etc/UTC], successful=false, score=7.7, rated=true, submission=SubmissionDTO[id=131, submitted=true, type=MANUAL, exampleSubmission=null, submissionDate=2025-02-14T23:43:19.265464Z, commitHash=9f4f76247a188e9a0f3516a9fbd60e829d53fb05, buildFailed=false, buildArtifact=false, participation=ParticipationDTO[id=497, testRun=false, type=programming, submissionCount=null, exercise=ParticipationExerciseDTO[id=310, exerciseType=PROGRAMMING, type=programming, assessmentType=AUTOMATIC, dueDate=2025-02-16T23:43:19.182228Z, assessmentDueDate=null, maxPoints=42.0, course=CourseDTO[id=159, accuracyOfScores=1]]], submissionExerciseType=programming, isProcessing=false, buildStartDate=null, estimatedCompletionDate=null], participation=ParticipationDTO[id=497, testRun=false, type=programming, submissionCount=null, exercise=ParticipationExerciseDTO[id=310, exerciseType=PROGRAMMING, type=programming, assessmentType=AUTOMATIC, dueDate=2025-02-16T23:43:19.182228Z, assessmentDueDate=null, maxPoints=42.0, course=CourseDTO[id=159, accuracyOfScores=1]]], feedbacks=[FeedbackDTO[id=173, text=null, detailText=The exercise expects a class with the name Context in the package testpackage. You did not implement the class in the exercise., hasLongFeedbackText=false, reference=null, credits=0.0, positive=false, type=AUTOMATIC, visibility=ALWAYS, testCase=TestCaseDTO[testName=null, id=169]], FeedbackDTO[id=174, text=null, detailText=The exercise expects a class with the name Policy in the package testpackage. You did not implement the class in the exercise., hasLongFeedbackText=false, reference=null, credits=0.0, positive=false, type=AUTOMATIC, visibility=ALWAYS, testCase=TestCaseDTO[testName=null, id=170]], FeedbackDTO[id=175, text=null, detailText=The exercise expects a class with the name SortStrategy in the package testpackage. You did not implement the class in the exercise., hasLongFeedbackText=false, reference=null, credits=0.0, positive=false, type=AUTOMATIC, visibility=ALWAYS, testCase=TestCaseDTO[testName=null, id=171]], FeedbackDTO[id=176, text=null, detailText=The class 'MergeSort' does not implement the interface 'SortStrategy' as expected. Implement the interface and its methods., hasLongFeedbackText=false, reference=null, credits=0.0, positive=false, type=AUTOMATIC, visibility=ALWAYS, testCase=TestCaseDTO[testName=null, id=166]], FeedbackDTO[id=177, text=null, detailText=The exercise expects a class with the name SortStrategy in the package testpackage. You did not implement the class in the exercise., hasLongFeedbackText=false, reference=null, credits=0.0, positive=false, type=AUTOMATIC, visibility=ALWAYS, testCase=TestCaseDTO[testName=null, id=163]], FeedbackDTO[id=178, text=null, detailText=The class 'BubbleSort' does not implement the interface 'SortStrategy' as expected. Implement the interface and its methods., hasLongFeedbackText=false, reference=null, credits=0.0, positive=false, type=AUTOMATIC, visibility=ALWAYS, testCase=TestCaseDTO[testName=null, id=167]], FeedbackDTO[id=179, text=null, detailText=MergeSort does not sort correctly, hasLongFeedbackText=false, reference=null, credits=0.0, positive=false, type=AUTOMATIC, visibility=ALWAYS, testCase=TestCaseDTO[testName=null, id=172]], FeedbackDTO[id=180, text=null, detailText=The class 'Context' was not found within the submission. Make sure to implement it properly., hasLongFeedbackText=false, reference=null, credits=0.0, positive=false, type=AUTOMATIC, visibility=ALWAYS, testCase=TestCaseDTO[testName=null, id=173]], FeedbackDTO[id=181, text=null, detailText=The class 'Context' was not found within the submission. Make sure to implement it properly., hasLongFeedbackText=false, reference=null, credits=0.0, positive=false, type=AUTOMATIC, visibility=ALWAYS, testCase=TestCaseDTO[testName=null, id=174]], FeedbackDTO[id=182, text=null, detailText=The exercise expects a class with the name Policy in the package testpackage. You did not implement the class in the exercise., hasLongFeedbackText=false, reference=null, credits=0.0, positive=false, type=AUTOMATIC, visibility=ALWAYS, testCase=TestCaseDTO[testName=null, id=168]], FeedbackDTO[id=183, text=null, detailText=The exercise expects a class with the name Context in the package testpackage. You did not implement the class in the exercise., hasLongFeedbackText=false, reference=null, credits=0.0, positive=false, type=AUTOMATIC, visibility=ALWAYS, testCase=TestCaseDTO[testName=null, id=164]], FeedbackDTO[id=184, text=null, detailText=The exercise expects a class with the name Policy in the package testpackage. You did not implement the class in the exercise., hasLongFeedbackText=false, reference=null, credits=0.0, positive=false, type=AUTOMATIC, visibility=ALWAYS, testCase=TestCaseDTO[testName=null, id=165]], FeedbackDTO[id=185, text=null, detailText=null, hasLongFeedbackText=false, reference=null, credits=3.230769230769231, positive=true, type=AUTOMATIC, visibility=ALWAYS, testCase=TestCaseDTO[testName=null, id=175]]], assessmentType=AUTOMATIC, hasComplaint=null, exampleResult=null, testCaseCount=13, passedTestCaseCount=1, codeIssueCount=0]], BuildJobQueueItem[id=5001739576601035, name=SHORT582B1BDC0A17704D6D0A46800FC19163DA47TSTEXC-LOCALCIINTSTUDENT1, buildAgent=BuildAgentDTO[name=artemis-build-agent-test, memberAddress=[127.0.0.1]:5703, displayName=artemis-build-agent-test], participationId=500, courseId=160, exerciseId=311, retryCount=0, priority=2, status=SUCCESSFUL, repositoryInfo=RepositoryInfo[repositoryName=short582b1bdc0a17704d6d0a46800fc19163da47tstexc-localciintstudent1, repositoryType=user, triggeredByPushTo=user, assignmentRepositoryUri=http://localhost:49152/git/SHORT582B1BDC0A17704D6D0A46800FC19163DA47TSTEXC/short582b1bdc0a17704d6d0a46800fc19163da47tstexc-localciintstudent1.git, testRepositoryUri=http://localhost:49152/git/SHORT582B1BDC0A17704D6D0A46800FC19163DA47TSTEXC/short582b1bdc0a17704d6d0a46800fc19163da47tstexc-tests.git, solutionRepositoryUri=null, auxiliaryRepositoryUris=[Ljava.lang.String;@41f74a35, auxiliaryRepositoryCheckoutDirectories=[Ljava.lang.String;@1cdde524], jobTimingInfo=JobTimingInfo[submissionDate=2025-02-14T23:43:21.035120760Z[Etc/UTC], buildStartDate=2025-02-14T23:43:21.040320383Z[Etc/UTC], buildCompletionDate=2025-02-14T23:43:22.581236903Z[Etc/UTC], estimatedCompletionDate=2025-02-14T23:43:40.040312057Z[Etc/UTC], estimatedDuration=19], buildConfig=BuildConfig[buildScript=#!/bin/bash
cd /var/tmp/testing-dir
chmod +x ./gradlew
./gradlew clean test
, dockerImage=dummy-docker-image:latest, commitHashToBuild=887566cf754016f986627cf5c5c365dea16c907f, assignmentCommitHash=887566cf754016f986627cf5c5c365dea16c907f, testCommitHash=6af67146332066e7430917928a4b9b81c43b7c71, branch=main, programmingLanguage=JAVA, projectType=PLAIN_GRADLE, scaEnabled=false, sequentialTestRunsEnabled=false, resultPaths=[/var/tmp/testing-dir/**/test-results/test/*.xml], timeoutSeconds=0, assignmentCheckoutPath=customAssignmentPath, testCheckoutPath=null, solutionCheckoutPath=null, dockerRunConfig=null], submissionResult=ResultDTO[id=143, completionDate=2025-02-14T23:43:22.538158998Z[Etc/UTC], successful=false, score=7.7, rated=true, submission=SubmissionDTO[id=132, submitted=true, type=MANUAL, exampleSubmission=null, submissionDate=2025-02-14T23:43:21.028930Z, commitHash=887566cf754016f986627cf5c5c365dea16c907f, buildFailed=false, buildArtifact=false, participation=ParticipationDTO[id=500, testRun=false, type=programming, submissionCount=null, exercise=ParticipationExerciseDTO[id=311, exerciseType=PROGRAMMING, type=programming, assessmentType=AUTOMATIC, dueDate=2025-02-16T23:43:20.897280Z, assessmentDueDate=null, maxPoints=42.0, course=CourseDTO[id=160, accuracyOfScores=1]]], submissionExerciseType=programming, isProcessing=false, buildStartDate=null, estimatedCompletionDate=null], participation=ParticipationDTO[id=500, testRun=false, type=programming, submissionCount=null, exercise=ParticipationExerciseDTO[id=311, exerciseType=PROGRAMMING, type=programming, assessmentType=AUTOMATIC, dueDate=2025-02-16T23:43:20.897280Z, assessmentDueDate=null, maxPoints=42.0, course=CourseDTO[id=160, accuracyOfScores=1]]], feedbacks=[FeedbackDTO[id=186, text=null, detailText=The exercise expects a class with the name Context in the package testpackage. You did not implement the class in the exercise., hasLongFeedbackText=false, reference=null, credits=0.0, positive=false, type=AUTOMATIC, visibility=ALWAYS, testCase=TestCaseDTO[testName=null, id=182]], FeedbackDTO[id=187, text=null, detailText=The exercise expects a class with the name Policy in the package testpackage. You did not implement the class in the exercise., hasLongFeedbackText=false, reference=null, credits=0.0, positive=false, type=AUTOMATIC, visibility=ALWAYS, testCase=TestCaseDTO[testName=null, id=183]], FeedbackDTO[id=188, text=null, detailText=The exercise expects a class with the name SortStrategy in the package testpackage. You did not implement the class in the exercise., hasLongFeedbackText=false, reference=null, credits=0.0, positive=false, type=AUTOMATIC, visibility=ALWAYS, testCase=TestCaseDTO[testName=null, id=184]], FeedbackDTO[id=189, text=null, detailText=The class 'MergeSort' does not implement the interface 'SortStrategy' as expected. Implement the interface and its methods., hasLongFeedbackText=false, reference=null, credits=0.0, positive=false, type=AUTOMATIC, visibility=ALWAYS, testCase=TestCaseDTO[testName=null, id=179]], FeedbackDTO[id=190, text=null, detailText=The exercise expects a class with the name SortStrategy in the package testpackage. You did not implement the class in the exercise., hasLongFeedbackText=false, reference=null, credits=0.0, positive=false, type=AUTOMATIC, visibility=ALWAYS, testCase=TestCaseDTO[testName=null, id=176]], FeedbackDTO[id=191, text=null, detailText=The class 'BubbleSort' does not implement the interface 'SortStrategy' as expected. Implement the interface and its methods., hasLongFeedbackText=false, reference=null, credits=0.0, positive=false, type=AUTOMATIC, visibility=ALWAYS, testCase=TestCaseDTO[testName=null, id=180]], FeedbackDTO[id=192, text=null, detailText=MergeSort does not sort correctly, hasLongFeedbackText=false, reference=null, credits=0.0, positive=false, type=AUTOMATIC, visibility=ALWAYS, testCase=TestCaseDTO[testName=null, id=185]], FeedbackDTO[id=193, text=null, detailText=The class 'Context' was not found within the submission. Make sure to implement it properly., hasLongFeedbackText=false, reference=null, credits=0.0, positive=false, type=AUTOMATIC, visibility=ALWAYS, testCase=TestCaseDTO[testName=null, id=186]], FeedbackDTO[id=194, text=null, detailText=The class 'Context' was not found within the submission. Make sure to implement it properly., hasLongFeedbackText=false, reference=null, credits=0.0, positive=false, type=AUTOMATIC, visibility=ALWAYS, testCase=TestCaseDTO[testName=null, id=187]], FeedbackDTO[id=195, text=null, detailText=The exercise expects a class with the name Policy in the package testpackage. You did not implement the class in the exercise., hasLongFeedbackText=false, reference=null, credits=0.0, positive=false, type=AUTOMATIC, visibility=ALWAYS, testCase=TestCaseDTO[testName=null, id=181]], FeedbackDTO[id=196, text=null, detailText=The exercise expects a class with the name Context in the package testpackage. You did not implement the class in the exercise., hasLongFeedbackText=false, reference=null, credits=0.0, positive=false, type=AUTOMATIC, visibility=ALWAYS, testCase=TestCaseDTO[testName=null, id=177]], FeedbackDTO[id=197, text=null, detailText=The exercise expects a class with the name Policy in the package testpackage. You did not implement the class in the exercise., hasLongFeedbackText=false, reference=null, credits=0.0, positive=false, type=AUTOMATIC, visibility=ALWAYS, testCase=TestCaseDTO[testName=null, id=178]], FeedbackDTO[id=198, text=null, detailText=null, hasLongFeedbackText=false, reference=null, credits=3.230769230769231, positive=true, type=AUTOMATIC, visibility=ALWAYS, testCase=TestCaseDTO[testName=null, id=188]]], assessmentType=AUTOMATIC, hasComplaint=null, exampleResult=null, testCaseCount=13, passedTestCaseCount=1, codeIssueCount=0]], BuildJobQueueItem[id=5031739576604847, name=SHORT00FA1A240403404C7E097D7007C591BE2AB1TSTEXC-LOCALCIINTSTUDENT1, buildAgent=BuildAgentDTO[name=artemis-build-agent-test, memberAddress=[127.0.0.1]:5703, displayName=artemis-build-agent-test], participationId=503, courseId=161, exerciseId=312, retryCount=0, priority=2, status=FAILED, repositoryInfo=RepositoryInfo[repositoryName=short00fa1a240403404c7e097d7007c591be2ab1tstexc-localciintstudent1, repositoryType=user, triggeredByPushTo=user, assignmentRepositoryUri=http://localhost:49152/git/SHORT00FA1A240403404C7E097D7007C591BE2AB1TSTEXC/short00fa1a240403404c7e097d7007c591be2ab1tstexc-localciintstudent1.git, testRepositoryUri=http://localhost:49152/git/SHORT00FA1A240403404C7E097D7007C591BE2AB1TSTEXC/short00fa1a240403404c7e097d7007c591be2ab1tstexc-tests.git, solutionRepositoryUri=null, auxiliaryRepositoryUris=[Ljava.lang.String;@78e4e921, auxiliaryRepositoryCheckoutDirectories=[Ljava.lang.String;@53082805], jobTimingInfo=JobTimingInfo[submissionDate=2025-02-14T23:43:24.847396156Z[Etc/UTC], buildStartDate=2025-02-14T23:43:24.860457211Z[Etc/UTC], buildCompletionDate=2025-02-14T23:43:26.809353681Z[Etc/UTC], estimatedCompletionDate=2025-02-14T23:43:46.860451490Z[Etc/UTC], estimatedDuration=22], buildConfig=BuildConfig[buildScript=#!/bin/bash
cd /var/tmp/testing-dir
chmod +x ./gradlew
./gradlew clean test
, dockerImage=dummy-docker-image:latest, commitHashToBuild=9690714a509af0a98c6790a7e52ee3574c7ef689, assignmentCommitHash=9690714a509af0a98c6790a7e52ee3574c7ef689, testCommitHash=9690714a509af0a98c6790a7e52ee3574c7ef689, branch=main, programmingLanguage=JAVA, projectType=PLAIN_GRADLE, scaEnabled=false, sequentialTestRunsEnabled=false, resultPaths=[/var/tmp/testing-dir/**/test-results/test/*.xml], timeoutSeconds=0, assignmentCheckoutPath=null, testCheckoutPath=null, solutionCheckoutPath=null, dockerRunConfig=null], submissionResult=null]], publicSshKey=ssh-rsa AAAAB3NzaC1yc2EAAAADAQABAAACAQCOPdMsxRE2jFJ/UEa5/LsBxtwzJcrh3/rYBCQvcMeVpiRfhzQPWu7mrt/G2Ew+i+vRloGH9aqKg6dd1liRncao53Zmd/ePxoatXePNhmzTfkCkcSkTUz7B+QMjkoDDV5jwuFPD6mF3JkhuzSi64n9Zy905t4w2IhVcjM2mL3eYNjiCXt6Qpq3Pkt7dM/Ksw1nxnvuiIALuJLB3FTkXkHqq3PJav+9HSq2r6ZaWgekneaGxlQlb+U+Vy3XOuArKAzK8c8i+0bR+AHiTG6ncYXt7ax3U+TdlDTF7OLP3umwaYjs1NBXOHwG42pevvpKn2fqavZZozk+M05jXLx3bq0O7itxfErWc7etky8qYPyyIMF/txQIVLd78+Ze4d7Y60t5MGbXM5cGE6fFif5fEJwgswXD+BrG0cafz1CTatjSKFdvp8Vp4VszXhHDan1PrP6JEFJ5Cc5GDmLRZPCFa3vL9f5qXgf4bkqKN8MYeEujwJE5nMRWoiJVNakix2bcrrneQMBlnYeYZVWXXXUusAQBzl4NgddC1umZpihZkL1b1MffZAUW3EGEXi7KHnllQhkTLLsQ8ntMgbylqaJKStqaXlLvdeRJcEnUuiFCrHEVVbXRFZR7XVDZ02CE5o3MuaRPty8Kh+jRTF3COlAckHwYEJCNNJvXFgb2CNXL4mjzYDw== test@localhost]
    23:43:26.947 | 566 localvc.event-13 | DEBUG | s.l.LocalCIWebsocketMessagingService : Sending message on topic /topic/admin/build-agents: [BuildAgentInformation[buildAgent=BuildAgentDTO[name=artemis-build-agent-test, memberAddress=[127.0.0.1]:5703, displayName=artemis-build-agent-test], maxNumberOfConcurrentBuildJobs=1, numberOfCurrentBuildJobs=1, runningBuildJobs=[BuildJobQueueItem[id=5061739576605250, name=SHORT62C808EE04ECE040740AF7B0CF3AE5F5BEF2TSTEXC-LOCALCIINTSTUDENT1, buildAgent=BuildAgentDTO[name=artemis-build-agent-test, memberAddress=[127.0.0.1]:5703, displayName=artemis-build-agent-test], participationId=506, courseId=162, exerciseId=313, retryCount=0, priority=2, status=null, repositoryInfo=RepositoryInfo[repositoryName=short62c808ee04ece040740af7b0cf3ae5f5bef2tstexc-localciintstudent1, repositoryType=user, triggeredByPushTo=user, assignmentRepositoryUri=, testRepositoryUri=, solutionRepositoryUri=, auxiliaryRepositoryUris=null, auxiliaryRepositoryCheckoutDirectories=null], jobTimingInfo=JobTimingInfo[submissionDate=2025-02-14T23:43:25.250749866Z[Etc/UTC], buildStartDate=2025-02-14T23:43:26.820713075Z[Etc/UTC], buildCompletionDate=null, estimatedCompletionDate=2025-02-14T23:43:45.820704920Z[Etc/UTC], estimatedDuration=19], buildConfig=BuildConfig[buildScript=, dockerImage=, commitHashToBuild=993b6f756e3e52a44d0537d4fa3a5d0e0acdbe89, assignmentCommitHash=, testCommitHash=, branch=, programmingLanguage=null, projectType=null, scaEnabled=false, sequentialTestRunsEnabled=false, resultPaths=null, timeoutSeconds=0, assignmentCheckoutPath=, testCheckoutPath=, solutionCheckoutPath=, dockerRunConfig=null], submissionResult=null]], status=ACTIVE, recentBuildJobs=null, publicSshKey=null]]
    23:43:26.949 | 566 localvc.event-13 | DEBUG | s.l.LocalCIWebsocketMessagingService : Sending message on topic /topic/admin/build-agent/artemis-build-agent-test: BuildAgentInformation[buildAgent=BuildAgentDTO[name=artemis-build-agent-test, memberAddress=[127.0.0.1]:5703, displayName=artemis-build-agent-test], maxNumberOfConcurrentBuildJobs=1, numberOfCurrentBuildJobs=1, runningBuildJobs=[BuildJobQueueItem[id=5061739576605250, name=SHORT62C808EE04ECE040740AF7B0CF3AE5F5BEF2TSTEXC-LOCALCIINTSTUDENT1, buildAgent=BuildAgentDTO[name=artemis-build-agent-test, memberAddress=[127.0.0.1]:5703, displayName=artemis-build-agent-test], participationId=506, courseId=162, exerciseId=313, retryCount=0, priority=2, status=null, repositoryInfo=RepositoryInfo[repositoryName=short62c808ee04ece040740af7b0cf3ae5f5bef2tstexc-localciintstudent1, repositoryType=user, triggeredByPushTo=user, assignmentRepositoryUri=http://localhost:49152/git/SHORT62C808EE04ECE040740AF7B0CF3AE5F5BEF2TSTEXC/short62c808ee04ece040740af7b0cf3ae5f5bef2tstexc-localciintstudent1.git, testRepositoryUri=http://localhost:49152/git/SHORT62C808EE04ECE040740AF7B0CF3AE5F5BEF2TSTEXC/short62c808ee04ece040740af7b0cf3ae5f5bef2tstexc-tests.git, solutionRepositoryUri=null, auxiliaryRepositoryUris=[Ljava.lang.String;@4a005e2, auxiliaryRepositoryCheckoutDirectories=[Ljava.lang.String;@167a5d73], jobTimingInfo=JobTimingInfo[submissionDate=2025-02-14T23:43:25.250749866Z[Etc/UTC], buildStartDate=2025-02-14T23:43:26.820713075Z[Etc/UTC], buildCompletionDate=null, estimatedCompletionDate=2025-02-14T23:43:45.820704920Z[Etc/UTC], estimatedDuration=19], buildConfig=BuildConfig[buildScript=#!/bin/bash
cd /var/tmp/testing-dir
chmod +x ./gradlew
./gradlew clean test
, dockerImage=dummy-docker-image:latest, commitHashToBuild=993b6f756e3e52a44d0537d4fa3a5d0e0acdbe89, assignmentCommitHash=993b6f756e3e52a44d0537d4fa3a5d0e0acdbe89, testCommitHash=993b6f756e3e52a44d0537d4fa3a5d0e0acdbe89, branch=main, programmingLanguage=JAVA, projectType=null, scaEnabled=false, sequentialTestRunsEnabled=false, resultPaths=[/var/tmp/testing-dir/**/test-results/test/*.xml], timeoutSeconds=0, assignmentCheckoutPath=null, testCheckoutPath=null, solutionCheckoutPath=null, dockerRunConfig=null], submissionResult=null]], status=ACTIVE, recentBuildJobs=[BuildJobQueueItem[id=4621739576562326, name=SHORT43ACF76B02BC1044B80938509D14043FABDETSTEXC-LOCALCIINTSTUDENT1, buildAgent=BuildAgentDTO[name=artemis-build-agent-test, memberAddress=[127.0.0.1]:5703, displayName=artemis-build-agent-test], participationId=462, courseId=147, exerciseId=298, retryCount=0, priority=2, status=SUCCESSFUL, repositoryInfo=RepositoryInfo[repositoryName=short43acf76b02bc1044b80938509d14043fabdetstexc-localciintstudent1, repositoryType=user, triggeredByPushTo=user, assignmentRepositoryUri=http://localhost:49152/git/SHORT43ACF76B02BC1044B80938509D14043FABDETSTEXC/short43acf76b02bc1044b80938509d14043fabdetstexc-localciintstudent1.git, testRepositoryUri=http://localhost:49152/git/SHORT43ACF76B02BC1044B80938509D14043FABDETSTEXC/short43acf76b02bc1044b80938509d14043fabdetstexc-tests.git, solutionRepositoryUri=null, auxiliaryRepositoryUris=[Ljava.lang.String;@151951e1, auxiliaryRepositoryCheckoutDirectories=[Ljava.lang.String;@5c100198], jobTimingInfo=JobTimingInfo[submissionDate=2025-02-14T23:42:42.326978596Z[Etc/UTC], buildStartDate=2025-02-14T23:42:42.420147010Z[Etc/UTC], buildCompletionDate=2025-02-14T23:42:45.573855829Z[Etc/UTC], estimatedCompletionDate=2025-02-14T23:43:01.420129377Z[Etc/UTC], estimatedDuration=19], buildConfig=BuildConfig[buildScript=#!/bin/bash
cd /var/tmp/testing-dir
chmod +x ./gradlew
./gradlew clean test
, dockerImage=dummy-docker-image:latest, commitHashToBuild=a9c717ccf7bcbe9531d3eee21dbaeb5aab2ff971, assignmentCommitHash=a9c717ccf7bcbe9531d3eee21dbaeb5aab2ff971, testCommitHash=a9c717ccf7bcbe9531d3eee21dbaeb5aab2ff971, branch=main, programmingLanguage=JAVA, projectType=PLAIN_GRADLE, scaEnabled=false, sequentialTestRunsEnabled=false, resultPaths=[/var/tmp/testing-dir/**/test-results/test/*.xml], timeoutSeconds=0, assignmentCheckoutPath=null, testCheckoutPath=null, solutionCheckoutPath=null, dockerRunConfig=DockerRunConfig[isNetworkDisabled=true, env=[key=value]]], submissionResult=ResultDTO[id=132, completionDate=2025-02-14T23:42:45.519869118Z[Etc/UTC], successful=false, score=7.7, rated=true, submission=SubmissionDTO[id=119, submitted=true, type=MANUAL, exampleSubmission=null, submissionDate=2025-02-14T23:42:42.302762Z, commitHash=a9c717ccf7bcbe9531d3eee21dbaeb5aab2ff971, buildFailed=false, buildArtifact=false, participation=ParticipationDTO[id=462, testRun=false, type=programming, submissionCount=null, exercise=ParticipationExerciseDTO[id=298, exerciseType=PROGRAMMING, type=programming, assessmentType=AUTOMATIC, dueDate=2025-02-16T23:42:41.553955Z, assessmentDueDate=null, maxPoints=42.0, course=CourseDTO[id=147, accuracyOfScores=1]]], submissionExerciseType=programming, isProcessing=false, buildStartDate=null, estimatedCompletionDate=null], participation=ParticipationDTO[id=462, testRun=false, type=programming, submissionCount=null, exercise=ParticipationExerciseDTO[id=298, exerciseType=PROGRAMMING, type=programming, assessmentType=AUTOMATIC, dueDate=2025-02-16T23:42:41.553955Z, assessmentDueDate=null, maxPoints=42.0, course=CourseDTO[id=147, accuracyOfScores=1]]], feedbacks=[FeedbackDTO[id=67, text=null, detailText=The exercise expects a class with the name Context in the package testpackage. You did not implement the class in the exercise., hasLongFeedbackText=false, reference=null, credits=0.0, positive=false, type=AUTOMATIC, visibility=ALWAYS, testCase=TestCaseDTO[testName=null, id=13]], FeedbackDTO[id=68, text=null, detailText=The exercise expects a class with the name Policy in the package testpackage. You did not implement the class in the exercise., hasLongFeedbackText=false, reference=null, credits=0.0, positive=false, type=AUTOMATIC, visibility=ALWAYS, testCase=TestCaseDTO[testName=null, id=14]], FeedbackDTO[id=69, text=null, detailText=The exercise expects a class with the name SortStrategy in the package testpackage. You did not implement the class in the exercise., hasLongFeedbackText=false, reference=null, credits=0.0, positive=false, type=AUTOMATIC, visibility=ALWAYS, testCase=TestCaseDTO[testName=null, id=15]], FeedbackDTO[id=70, text=null, detailText=The class 'MergeSort' does not implement the interface 'SortStrategy' as expected. Implement the interface and its methods., hasLongFeedbackText=false, reference=null, credits=0.0, positive=false, type=AUTOMATIC, visibility=ALWAYS, testCase=TestCaseDTO[testName=null, id=10]], FeedbackDTO[id=71, text=null, detailText=The exercise expects a class with the name SortStrategy in the package testpackage. You did not implement the class in the exercise., hasLongFeedbackText=false, reference=null, credits=0.0, positive=false, type=AUTOMATIC, visibility=ALWAYS, testCase=TestCaseDTO[testName=null, id=7]], FeedbackDTO[id=72, text=null, detailText=The class 'BubbleSort' does not implement the interface 'SortStrategy' as expected. Implement the interface and its methods., hasLongFeedbackText=false, reference=null, credits=0.0, positive=false, type=AUTOMATIC, visibility=ALWAYS, testCase=TestCaseDTO[testName=null, id=11]], FeedbackDTO[id=73, text=null, detailText=MergeSort does not sort correctly, hasLongFeedbackText=false, reference=null, credits=0.0, positive=false, type=AUTOMATIC, visibility=ALWAYS, testCase=TestCaseDTO[testName=null, id=16]], FeedbackDTO[id=74, text=null, detailText=The class 'Context' was not found within the submission. Make sure to implement it properly., hasLongFeedbackText=false, reference=null, credits=0.0, positive=false, type=AUTOMATIC, visibility=ALWAYS, testCase=TestCaseDTO[testName=null, id=17]], FeedbackDTO[id=75, text=null, detailText=The class 'Context' was not found within the submission. Make sure to implement it properly., hasLongFeedbackText=false, reference=null, credits=0.0, positive=false, type=AUTOMATIC, visibility=ALWAYS, testCase=TestCaseDTO[testName=null, id=18]], FeedbackDTO[id=76, text=null, detailText=The exercise expects a class with the name Policy in the package testpackage. You did not implement the class in the exercise., hasLongFeedbackText=false, reference=null, credits=0.0, positive=false, type=AUTOMATIC, visibility=ALWAYS, testCase=TestCaseDTO[testName=null, id=12]], FeedbackDTO[id=77, text=null, detailText=The exercise expects a class with the name Context in the package testpackage. You did not implement the class in the exercise., hasLongFeedbackText=false, reference=null, credits=0.0, positive=false, type=AUTOMATIC, visibility=ALWAYS, testCase=TestCaseDTO[testName=null, id=8]], FeedbackDTO[id=78, text=null, detailText=The exercise expects a class with the name Policy in the package testpackage. You did not implement the class in the exercise., hasLongFeedbackText=false, reference=null, credits=0.0, positive=false, type=AUTOMATIC, visibility=ALWAYS, testCase=TestCaseDTO[testName=null, id=9]], FeedbackDTO[id=79, text=null, detailText=null, hasLongFeedbackText=false, reference=null, credits=3.230769230769231, positive=true, type=AUTOMATIC, visibility=ALWAYS, testCase=TestCaseDTO[testName=null, id=19]]], assessmentType=AUTOMATIC, hasComplaint=null, exampleResult=null, testCaseCount=13, passedTestCaseCount=1, codeIssueCount=0]], BuildJobQueueItem[id=4651739576569330, name=SHORTB06DD3F905F4604F6E085260D83ED657A6DFTSTEXC-LOCALCIINTSTUDENT1, buildAgent=BuildAgentDTO[name=artemis-build-agent-test, memberAddress=[127.0.0.1]:5703, displayName=artemis-build-agent-test], participationId=465, courseId=148, exerciseId=299, retryCount=0, priority=2, status=SUCCESSFUL, repositoryInfo=RepositoryInfo[repositoryName=shortb06dd3f905f4604f6e085260d83ed657a6dftstexc-localciintstudent1, repositoryType=user, triggeredByPushTo=user, assignmentRepositoryUri=http://localhost:49152/git/SHORTB06DD3F905F4604F6E085260D83ED657A6DFTSTEXC/shortb06dd3f905f4604f6e085260d83ed657a6dftstexc-localciintstudent1.git, testRepositoryUri=http://localhost:49152/git/SHORTB06DD3F905F4604F6E085260D83ED657A6DFTSTEXC/shortb06dd3f905f4604f6e085260d83ed657a6dftstexc-tests.git, solutionRepositoryUri=null, auxiliaryRepositoryUris=[Ljava.lang.String;@581b90ed, auxiliaryRepositoryCheckoutDirectories=[Ljava.lang.String;@1c4edf58], jobTimingInfo=JobTimingInfo[submissionDate=2025-02-14T23:42:49.330093960Z[Etc/UTC], buildStartDate=2025-02-14T23:42:49.347797345Z[Etc/UTC], buildCompletionDate=2025-02-14T23:42:51.204319751Z[Etc/UTC], estimatedCompletionDate=2025-02-14T23:43:08.347788449Z[Etc/UTC], estimatedDuration=19], buildConfig=BuildConfig[buildScript=#!/bin/bash
cd /var/tmp/testing-dir
chmod +x ./gradlew
./gradlew clean test
, dockerImage=dummy-docker-image:latest, commitHashToBuild=41581fff25954d36cf07586926ee0c77d1003131, assignmentCommitHash=41581fff25954d36cf07586926ee0c77d1003131, testCommitHash=41581fff25954d36cf07586926ee0c77d1003131, branch=main, programmingLanguage=JAVA, projectType=PLAIN_GRADLE, scaEnabled=false, sequentialTestRunsEnabled=false, resultPaths=[/var/tmp/testing-dir/**/test-results/test/*.xml], timeoutSeconds=0, assignmentCheckoutPath=null, testCheckoutPath=null, solutionCheckoutPath=null, dockerRunConfig=null], submissionResult=ResultDTO[id=133, completionDate=2025-02-14T23:42:51.155372920Z[Etc/UTC], successful=false, score=7.7, rated=true, submission=SubmissionDTO[id=120, submitted=true, type=MANUAL, exampleSubmission=null, submissionDate=2025-02-14T23:42:49.321855Z, commitHash=41581fff25954d36cf07586926ee0c77d1003131, buildFailed=false, buildArtifact=false, participation=ParticipationDTO[id=465, testRun=false, type=programming, submissionCount=null, exercise=ParticipationExerciseDTO[id=299, exerciseType=PROGRAMMING, type=programming, assessmentType=AUTOMATIC, dueDate=2025-02-16T23:42:49.163661Z, assessmentDueDate=null, maxPoints=42.0, course=CourseDTO[id=148, accuracyOfScores=1]]], submissionExerciseType=programming, isProcessing=false, buildStartDate=null, estimatedCompletionDate=null], participation=ParticipationDTO[id=465, testRun=false, type=programming, submissionCount=null, exercise=ParticipationExerciseDTO[id=299, exerciseType=PROGRAMMING, type=programming, assessmentType=AUTOMATIC, dueDate=2025-02-16T23:42:49.163661Z, assessmentDueDate=null, maxPoints=42.0, course=CourseDTO[id=148, accuracyOfScores=1]]], feedbacks=[FeedbackDTO[id=80, text=null, detailText=The exercise expects a class with the name Context in the package testpackage. You did not implement the class in the exercise., hasLongFeedbackText=false, reference=null, credits=0.0, positive=false, type=AUTOMATIC, visibility=ALWAYS, testCase=TestCaseDTO[testName=null, id=26]], FeedbackDTO[id=81, text=null, detailText=The exercise expects a class with the name Policy in the package testpackage. You did not implement the class in the exercise., hasLongFeedbackText=false, reference=null, credits=0.0, positive=false, type=AUTOMATIC, visibility=ALWAYS, testCase=TestCaseDTO[testName=null, id=27]], FeedbackDTO[id=82, text=null, detailText=The exercise expects a class with the name SortStrategy in the package testpackage. You did not implement the class in the exercise., hasLongFeedbackText=false, reference=null, credits=0.0, positive=false, type=AUTOMATIC, visibility=ALWAYS, testCase=TestCaseDTO[testName=null, id=28]], FeedbackDTO[id=83, text=null, detailText=The class 'MergeSort' does not implement the interface 'SortStrategy' as expected. Implement the interface and its methods., hasLongFeedbackText=false, reference=null, credits=0.0, positive=false, type=AUTOMATIC, visibility=ALWAYS, testCase=TestCaseDTO[testName=null, id=23]], FeedbackDTO[id=84, text=null, detailText=The exercise expects a class with the name SortStrategy in the package testpackage. You did not implement the class in the exercise., hasLongFeedbackText=false, reference=null, credits=0.0, positive=false, type=AUTOMATIC, visibility=ALWAYS, testCase=TestCaseDTO[testName=null, id=20]], FeedbackDTO[id=85, text=null, detailText=The class 'BubbleSort' does not implement the interface 'SortStrategy' as expected. Implement the interface and its methods., hasLongFeedbackText=false, reference=null, credits=0.0, positive=false, type=AUTOMATIC, visibility=ALWAYS, testCase=TestCaseDTO[testName=null, id=24]], FeedbackDTO[id=86, text=null, detailText=MergeSort does not sort correctly, hasLongFeedbackText=false, reference=null, credits=0.0, positive=false, type=AUTOMATIC, visibility=ALWAYS, testCase=TestCaseDTO[testName=null, id=29]], FeedbackDTO[id=87, text=null, detailText=The class 'Context' was not found within the submission. Make sure to implement it properly., hasLongFeedbackText=false, reference=null, credits=0.0, positive=false, type=AUTOMATIC, visibility=ALWAYS, testCase=TestCaseDTO[testName=null, id=30]], FeedbackDTO[id=88, text=null, detailText=The class 'Context' was not found within the submission. Make sure to implement it properly., hasLongFeedbackText=false, reference=null, credits=0.0, positive=false, type=AUTOMATIC, visibility=ALWAYS, testCase=TestCaseDTO[testName=null, id=31]], FeedbackDTO[id=89, text=null, detailText=The exercise expects a class with the name Policy in the package testpackage. You did not implement the class in the exercise., hasLongFeedbackText=false, reference=null, credits=0.0, positive=false, type=AUTOMATIC, visibility=ALWAYS, testCase=TestCaseDTO[testName=null, id=25]], FeedbackDTO[id=90, text=null, detailText=The exercise expects a class with the name Context in the package testpackage. You did not implement the class in the exercise., hasLongFeedbackText=false, reference=null, credits=0.0, positive=false, type=AUTOMATIC, visibility=ALWAYS, testCase=TestCaseDTO[testName=null, id=21]], FeedbackDTO[id=91, text=null, detailText=The exercise expects a class with the name Policy in the package testpackage. You did not implement the class in the exercise., hasLongFeedbackText=false, reference=null, credits=0.0, positive=false, type=AUTOMATIC, visibility=ALWAYS, testCase=TestCaseDTO[testName=null, id=22]], FeedbackDTO[id=92, text=null, detailText=null, hasLongFeedbackText=false, reference=null, credits=3.230769230769231, positive=true, type=AUTOMATIC, visibility=ALWAYS, testCase=TestCaseDTO[testName=null, id=32]]], assessmentType=AUTOMATIC, hasComplaint=null, exampleResult=null, testCaseCount=13, passedTestCaseCount=1, codeIssueCount=0]], BuildJobQueueItem[id=4681739576573068, name=SHORTBCF65534040390488B0A46605F5F3776B89ATSTEXC-LOCALCIINTSTUDENT1, buildAgent=BuildAgentDTO[name=artemis-build-agent-test, memberAddress=[127.0.0.1]:5703, displayName=artemis-build-agent-test], participationId=468, courseId=149, exerciseId=300, retryCount=0, priority=2, status=SUCCESSFUL, repositoryInfo=RepositoryInfo[repositoryName=shortbcf65534040390488b0a46605f5f3776b89atstexc-localciintstudent1, repositoryType=user, triggeredByPushTo=user, assignmentRepositoryUri=http://localhost:49152/git/SHORTBCF65534040390488B0A46605F5F3776B89ATSTEXC/shortbcf65534040390488b0a46605f5f3776b89atstexc-localciintstudent1.git, testRepositoryUri=http://localhost:49152/git/SHORTBCF65534040390488B0A46605F5F3776B89ATSTEXC/shortbcf65534040390488b0a46605f5f3776b89atstexc-tests.git, solutionRepositoryUri=null, auxiliaryRepositoryUris=[Ljava.lang.String;@43871369, auxiliaryRepositoryCheckoutDirectories=[Ljava.lang.String;@1f47c640], jobTimingInfo=JobTimingInfo[submissionDate=2025-02-14T23:42:53.068019209Z[Etc/UTC], buildStartDate=2025-02-14T23:42:53.092867394Z[Etc/UTC], buildCompletionDate=2025-02-14T23:42:55.086950323Z[Etc/UTC], estimatedCompletionDate=2025-02-14T23:43:12.092858828Z[Etc/UTC], estimatedDuration=19], buildConfig=BuildConfig[buildScript=#!/bin/bash
cd /var/tmp/testing-dir
chmod +x ./gradlew
./gradlew clean test
, dockerImage=dummy-docker-image:latest, commitHashToBuild=2d5c0482fc77d3f5ec0841962528a43054e83170, assignmentCommitHash=2d5c0482fc77d3f5ec0841962528a43054e83170, testCommitHash=7477e25d56ce5fee2c938542a7e7ed4ed085d373, branch=main, programmingLanguage=JAVA, projectType=PLAIN_GRADLE, scaEnabled=false, sequentialTestRunsEnabled=false, resultPaths=[/var/tmp/testing-dir/**/test-results/test/*.xml], timeoutSeconds=0, assignmentCheckoutPath=null, testCheckoutPath=null, solutionCheckoutPath=null, dockerRunConfig=null], submissionResult=ResultDTO[id=134, completionDate=2025-02-14T23:42:55.059618627Z[Etc/UTC], successful=false, score=7.7, rated=true, submission=SubmissionDTO[id=121, submitted=true, type=MANUAL, exampleSubmission=null, submissionDate=2025-02-14T23:42:53.048221Z, commitHash=2d5c0482fc77d3f5ec0841962528a43054e83170, buildFailed=false, buildArtifact=false, participation=ParticipationDTO[id=468, testRun=false, type=programming, submissionCount=null, exercise=ParticipationExerciseDTO[id=300, exerciseType=PROGRAMMING, type=programming, assessmentType=AUTOMATIC, dueDate=2025-02-16T23:42:52.873722Z, assessmentDueDate=null, maxPoints=42.0, course=CourseDTO[id=149, accuracyOfScores=1]]], submissionExerciseType=programming, isProcessing=false, buildStartDate=null, estimatedCompletionDate=null], participation=ParticipationDTO[id=468, testRun=false, type=programming, submissionCount=null, exercise=ParticipationExerciseDTO[id=300, exerciseType=PROGRAMMING, type=programming, assessmentType=AUTOMATIC, dueDate=2025-02-16T23:42:52.873722Z, assessmentDueDate=null, maxPoints=42.0, course=CourseDTO[id=149, accuracyOfScores=1]]], feedbacks=[FeedbackDTO[id=93, text=null, detailText=The exercise expects a class with the name Context in the package testpackage. You did not implement the class in the exercise., hasLongFeedbackText=false, reference=null, credits=0.0, positive=false, type=AUTOMATIC, visibility=ALWAYS, testCase=TestCaseDTO[testName=null, id=39]], FeedbackDTO[id=94, text=null, detailText=The exercise expects a class with the name Policy in the package testpackage. You did not implement the class in the exercise., hasLongFeedbackText=false, reference=null, credits=0.0, positive=false, type=AUTOMATIC, visibility=ALWAYS, testCase=TestCaseDTO[testName=null, id=40]], FeedbackDTO[id=95, text=null, detailText=The exercise expects a class with the name SortStrategy in the package testpackage. You did not implement the class in the exercise., hasLongFeedbackText=false, reference=null, credits=0.0, positive=false, type=AUTOMATIC, visibility=ALWAYS, testCase=TestCaseDTO[testName=null, id=41]], FeedbackDTO[id=96, text=null, detailText=The class 'MergeSort' does not implement the interface 'SortStrategy' as expected. Implement the interface and its methods., hasLongFeedbackText=false, reference=null, credits=0.0, positive=false, type=AUTOMATIC, visibility=ALWAYS, testCase=TestCaseDTO[testName=null, id=36]], FeedbackDTO[id=97, text=null, detailText=The exercise expects a class with the name SortStrategy in the package testpackage. You did not implement the class in the exercise., hasLongFeedbackText=false, reference=null, credits=0.0, positive=false, type=AUTOMATIC, visibility=ALWAYS, testCase=TestCaseDTO[testName=null, id=33]], FeedbackDTO[id=98, text=null, detailText=The class 'BubbleSort' does not implement the interface 'SortStrategy' as expected. Implement the interface and its methods., hasLongFeedbackText=false, reference=null, credits=0.0, positive=false, type=AUTOMATIC, visibility=ALWAYS, testCase=TestCaseDTO[testName=null, id=37]], FeedbackDTO[id=99, text=null, detailText=MergeSort does not sort correctly, hasLongFeedbackText=false, reference=null, credits=0.0, positive=false, type=AUTOMATIC, visibility=ALWAYS, testCase=TestCaseDTO[testName=null, id=42]], FeedbackDTO[id=100, text=null, detailText=The class 'Context' was not found within the submission. Make sure to implement it properly., hasLongFeedbackText=false, reference=null, credits=0.0, positive=false, type=AUTOMATIC, visibility=ALWAYS, testCase=TestCaseDTO[testName=null, id=43]], FeedbackDTO[id=101, text=null, detailText=The class 'Context' was not found within the submission. Make sure to implement it properly., hasLongFeedbackText=false, reference=null, credits=0.0, positive=false, type=AUTOMATIC, visibility=ALWAYS, testCase=TestCaseDTO[testName=null, id=44]], FeedbackDTO[id=102, text=null, detailText=The exercise expects a class with the name Policy in the package testpackage. You did not implement the class in the exercise., hasLongFeedbackText=false, reference=null, credits=0.0, positive=false, type=AUTOMATIC, visibility=ALWAYS, testCase=TestCaseDTO[testName=null, id=38]], FeedbackDTO[id=103, text=null, detailText=The exercise expects a class with the name Context in the package testpackage. You did not implement the class in the exercise., hasLongFeedbackText=false, reference=null, credits=0.0, positive=false, type=AUTOMATIC, visibility=ALWAYS, testCase=TestCaseDTO[testName=null, id=34]], FeedbackDTO[id=104, text=null, detailText=The exercise expects a class with the name Policy in the package testpackage. You did not implement the class in the exercise., hasLongFeedbackText=false, reference=null, credits=0.0, positive=false, type=AUTOMATIC, visibility=ALWAYS, testCase=TestCaseDTO[testName=null, id=35]], FeedbackDTO[id=105, text=null, detailText=null, hasLongFeedbackText=false, reference=null, credits=3.230769230769231, positive=true, type=AUTOMATIC, visibility=ALWAYS, testCase=TestCaseDTO[testName=null, id=45]]], assessmentType=AUTOMATIC, hasComplaint=null, exampleResult=null, testCaseCount=13, passedTestCaseCount=1, codeIssueCount=0]], BuildJobQueueItem[id=4741739576577297, name=SHORT88A9A223023E2047B709E4A029FA08BCF2CFTSTEXC-LOCALCIINTSTUDENT1, buildAgent=BuildAgentDTO[name=artemis-build-agent-test, memberAddress=[127.0.0.1]:5703, displayName=artemis-build-agent-test], participationId=474, courseId=151, exerciseId=302, retryCount=0, priority=2, status=SUCCESSFUL, repositoryInfo=RepositoryInfo[repositoryName=short88a9a223023e2047b709e4a029fa08bcf2cftstexc-localciintstudent1, repositoryType=user, triggeredByPushTo=user, assignmentRepositoryUri=http://localhost:49152/git/SHORT88A9A223023E2047B709E4A029FA08BCF2CFTSTEXC/short88a9a223023e2047b709e4a029fa08bcf2cftstexc-localciintstudent1.git, testRepositoryUri=http://localhost:49152/git/SHORT88A9A223023E2047B709E4A029FA08BCF2CFTSTEXC/short88a9a223023e2047b709e4a029fa08bcf2cftstexc-tests.git, solutionRepositoryUri=null, auxiliaryRepositoryUris=[Ljava.lang.String;@1bdfb1bd, auxiliaryRepositoryCheckoutDirectories=[Ljava.lang.String;@71010981], jobTimingInfo=JobTimingInfo[submissionDate=2025-02-14T23:42:57.297342281Z[Etc/UTC], buildStartDate=2025-02-14T23:42:57.308570327Z[Etc/UTC], buildCompletionDate=2025-02-14T23:42:59.047616654Z[Etc/UTC], estimatedCompletionDate=2025-02-14T23:43:16.308558064Z[Etc/UTC], estimatedDuration=19], buildConfig=BuildConfig[buildScript=#!/bin/bash
cd /var/tmp/testing-dir
chmod +x ./gradlew
./gradlew clean test
, dockerImage=dummy-docker-image:latest, commitHashToBuild=736cbea1e46d6849b41266b2bf1cccd3b9ea55b1, assignmentCommitHash=736cbea1e46d6849b41266b2bf1cccd3b9ea55b1, testCommitHash=ea6267edd396a304305339b036512b63e0374c66, branch=main, programmingLanguage=JAVA, projectType=PLAIN_GRADLE, scaEnabled=false, sequentialTestRunsEnabled=false, resultPaths=[/var/tmp/testing-dir/**/test-results/test/*.xml], timeoutSeconds=0, assignmentCheckoutPath=null, testCheckoutPath=null, solutionCheckoutPath=null, dockerRunConfig=null], submissionResult=ResultDTO[id=135, completionDate=2025-02-14T23:42:59.014168821Z[Etc/UTC], successful=false, score=7.7, rated=true, submission=SubmissionDTO[id=123, submitted=true, type=MANUAL, exampleSubmission=null, submissionDate=2025-02-14T23:42:57.278471Z, commitHash=736cbea1e46d6849b41266b2bf1cccd3b9ea55b1, buildFailed=false, buildArtifact=false, participation=ParticipationDTO[id=474, testRun=false, type=programming, submissionCount=null, exercise=ParticipationExerciseDTO[id=302, exerciseType=PROGRAMMING, type=programming, assessmentType=AUTOMATIC, dueDate=2025-02-16T23:42:56.796251Z, assessmentDueDate=null, maxPoints=42.0, course=CourseDTO[id=151, accuracyOfScores=1]]], submissionExerciseType=programming, isProcessing=false, buildStartDate=null, estimatedCompletionDate=null], participation=ParticipationDTO[id=474, testRun=false, type=programming, submissionCount=null, exercise=ParticipationExerciseDTO[id=302, exerciseType=PROGRAMMING, type=programming, assessmentType=AUTOMATIC, dueDate=2025-02-16T23:42:56.796251Z, assessmentDueDate=null, maxPoints=42.0, course=CourseDTO[id=151, accuracyOfScores=1]]], feedbacks=[FeedbackDTO[id=106, text=null, detailText=The exercise expects a class with the name Context in the package testpackage. You did not implement the class in the exercise., hasLongFeedbackText=false, reference=null, credits=0.0, positive=false, type=AUTOMATIC, visibility=ALWAYS, testCase=TestCaseDTO[testName=null, id=65]], FeedbackDTO[id=107, text=null, detailText=The exercise expects a class with the name Policy in the package testpackage. You did not implement the class in the exercise., hasLongFeedbackText=false, reference=null, credits=0.0, positive=false, type=AUTOMATIC, visibility=ALWAYS, testCase=TestCaseDTO[testName=null, id=66]], FeedbackDTO[id=108, text=null, detailText=The exercise expects a class with the name SortStrategy in the package testpackage. You did not implement the class in the exercise., hasLongFeedbackText=false, reference=null, credits=0.0, positive=false, type=AUTOMATIC, visibility=ALWAYS, testCase=TestCaseDTO[testName=null, id=67]], FeedbackDTO[id=109, text=null, detailText=The class 'MergeSort' does not implement the interface 'SortStrategy' as expected. Implement the interface and its methods., hasLongFeedbackText=false, reference=null, credits=0.0, positive=false, type=AUTOMATIC, visibility=ALWAYS, testCase=TestCaseDTO[testName=null, id=62]], FeedbackDTO[id=110, text=null, detailText=The exercise expects a class with the name SortStrategy in the package testpackage. You did not implement the class in the exercise., hasLongFeedbackText=false, reference=null, credits=0.0, positive=false, type=AUTOMATIC, visibility=ALWAYS, testCase=TestCaseDTO[testName=null, id=59]], FeedbackDTO[id=111, text=null, detailText=The class 'BubbleSort' does not implement the interface 'SortStrategy' as expected. Implement the interface and its methods., hasLongFeedbackText=false, reference=null, credits=0.0, positive=false, type=AUTOMATIC, visibility=ALWAYS, testCase=TestCaseDTO[testName=null, id=63]], FeedbackDTO[id=112, text=null, detailText=MergeSort does not sort correctly, hasLongFeedbackText=false, reference=null, credits=0.0, positive=false, type=AUTOMATIC, visibility=ALWAYS, testCase=TestCaseDTO[testName=null, id=68]], FeedbackDTO[id=113, text=null, detailText=The class 'Context' was not found within the submission. Make sure to implement it properly., hasLongFeedbackText=false, reference=null, credits=0.0, positive=false, type=AUTOMATIC, visibility=ALWAYS, testCase=TestCaseDTO[testName=null, id=69]], FeedbackDTO[id=114, text=null, detailText=The class 'Context' was not found within the submission. Make sure to implement it properly., hasLongFeedbackText=false, reference=null, credits=0.0, positive=false, type=AUTOMATIC, visibility=ALWAYS, testCase=TestCaseDTO[testName=null, id=70]], FeedbackDTO[id=115, text=null, detailText=The exercise expects a class with the name Policy in the package testpackage. You did not implement the class in the exercise., hasLongFeedbackText=false, reference=null, credits=0.0, positive=false, type=AUTOMATIC, visibility=ALWAYS, testCase=TestCaseDTO[testName=null, id=64]], FeedbackDTO[id=116, text=null, detailText=The exercise expects a class with the name Context in the package testpackage. You did not implement the class in the exercise., hasLongFeedbackText=false, reference=null, credits=0.0, positive=false, type=AUTOMATIC, visibility=ALWAYS, testCase=TestCaseDTO[testName=null, id=60]], FeedbackDTO[id=117, text=null, detailText=The exercise expects a class with the name Policy in the package testpackage. You did not implement the class in the exercise., hasLongFeedbackText=false, reference=null, credits=0.0, positive=false, type=AUTOMATIC, visibility=ALWAYS, testCase=TestCaseDTO[testName=null, id=61]], FeedbackDTO[id=118, text=null, detailText=null, hasLongFeedbackText=false, reference=null, credits=3.230769230769231, positive=true, type=AUTOMATIC, visibility=ALWAYS, testCase=TestCaseDTO[testName=null, id=71]]], assessmentType=AUTOMATIC, hasComplaint=null, exampleResult=null, testCaseCount=13, passedTestCaseCount=1, codeIssueCount=0]], BuildJobQueueItem[id=4771739576580898, name=SHORT51E611E30D6B60466F0B8BA0AA97F58888C2TSTEXC-LOCALCIINTSTUDENT1, buildAgent=BuildAgentDTO[name=artemis-build-agent-test, memberAddress=[127.0.0.1]:5703, displayName=artemis-build-agent-test], participationId=477, courseId=152, exerciseId=303, retryCount=0, priority=2, status=SUCCESSFUL, repositoryInfo=RepositoryInfo[repositoryName=short51e611e30d6b60466f0b8ba0aa97f58888c2tstexc-localciintstudent1, repositoryType=user, triggeredByPushTo=user, assignmentRepositoryUri=http://localhost:49152/git/SHORT51E611E30D6B60466F0B8BA0AA97F58888C2TSTEXC/short51e611e30d6b60466f0b8ba0aa97f58888c2tstexc-localciintstudent1.git, testRepositoryUri=http://localhost:49152/git/SHORT51E611E30D6B60466F0B8BA0AA97F58888C2TSTEXC/short51e611e30d6b60466f0b8ba0aa97f58888c2tstexc-tests.git, solutionRepositoryUri=null, auxiliaryRepositoryUris=[Ljava.lang.String;@a665093, auxiliaryRepositoryCheckoutDirectories=[Ljava.lang.String;@2bb2f259], jobTimingInfo=JobTimingInfo[submissionDate=2025-02-14T23:43:00.898532688Z[Etc/UTC], buildStartDate=2025-02-14T23:43:00.905733056Z[Etc/UTC], buildCompletionDate=2025-02-14T23:43:02.692768910Z[Etc/UTC], estimatedCompletionDate=2025-02-14T23:43:19.905720463Z[Etc/UTC], estimatedDuration=19], buildConfig=BuildConfig[buildScript=#!/bin/bash
cd /var/tmp/testing-dir
chmod +x ./gradlew
./gradlew clean test
, dockerImage=dummy-docker-image:latest, commitHashToBuild=8f3057cbd462f5e3de4e6ba85115f60d8dbb5aea, assignmentCommitHash=8f3057cbd462f5e3de4e6ba85115f60d8dbb5aea, testCommitHash=8f3057cbd462f5e3de4e6ba85115f60d8dbb5aea, branch=main, programmingLanguage=JAVA, projectType=PLAIN_GRADLE, scaEnabled=true, sequentialTestRunsEnabled=false, resultPaths=[/var/tmp/testing-dir/**/test-results/test/*.xml], timeoutSeconds=0, assignmentCheckoutPath=null, testCheckoutPath=null, solutionCheckoutPath=null, dockerRunConfig=null], submissionResult=ResultDTO[id=136, completionDate=2025-02-14T23:43:02.637820510Z[Etc/UTC], successful=false, score=7.7, rated=true, submission=SubmissionDTO[id=124, submitted=true, type=MANUAL, exampleSubmission=null, submissionDate=2025-02-14T23:43:00.886601Z, commitHash=8f3057cbd462f5e3de4e6ba85115f60d8dbb5aea, buildFailed=false, buildArtifact=false, participation=ParticipationDTO[id=477, testRun=false, type=programming, submissionCount=null, exercise=ParticipationExerciseDTO[id=303, exerciseType=PROGRAMMING, type=programming, assessmentType=AUTOMATIC, dueDate=2025-02-16T23:43:00.631824Z, assessmentDueDate=null, maxPoints=42.0, course=CourseDTO[id=152, accuracyOfScores=1]]], submissionExerciseType=programming, isProcessing=false, buildStartDate=null, estimatedCompletionDate=null], participation=ParticipationDTO[id=477, testRun=false, type=programming, submissionCount=null, exercise=ParticipationExerciseDTO[id=303, exerciseType=PROGRAMMING, type=programming, assessmentType=AUTOMATIC, dueDate=2025-02-16T23:43:00.631824Z, assessmentDueDate=null, maxPoints=42.0, course=CourseDTO[id=152, accuracyOfScores=1]]], feedbacks=[FeedbackDTO[id=119, text=null, detailText=The exercise expects a class with the name Context in the package testpackage. You did not implement the class in the exercise., hasLongFeedbackText=false, reference=null, credits=0.0, positive=false, type=AUTOMATIC, visibility=ALWAYS, testCase=TestCaseDTO[testName=null, id=78]], FeedbackDTO[id=120, text=null, detailText=The exercise expects a class with the name Policy in the package testpackage. You did not implement the class in the exercise., hasLongFeedbackText=false, reference=null, credits=0.0, positive=false, type=AUTOMATIC, visibility=ALWAYS, testCase=TestCaseDTO[testName=null, id=79]], FeedbackDTO[id=121, text=null, detailText=The exercise expects a class with the name SortStrategy in the package testpackage. You did not implement the class in the exercise., hasLongFeedbackText=false, reference=null, credits=0.0, positive=false, type=AUTOMATIC, visibility=ALWAYS, testCase=TestCaseDTO[testName=null, id=80]], FeedbackDTO[id=122, text=null, detailText=The class 'MergeSort' does not implement the interface 'SortStrategy' as expected. Implement the interface and its methods., hasLongFeedbackText=false, reference=null, credits=0.0, positive=false, type=AUTOMATIC, visibility=ALWAYS, testCase=TestCaseDTO[testName=null, id=75]], FeedbackDTO[id=123, text=null, detailText=The exercise expects a class with the name SortStrategy in the package testpackage. You did not implement the class in the exercise., hasLongFeedbackText=false, reference=null, credits=0.0, positive=false, type=AUTOMATIC, visibility=ALWAYS, testCase=TestCaseDTO[testName=null, id=72]], FeedbackDTO[id=124, text=null, detailText=The class 'BubbleSort' does not implement the interface 'SortStrategy' as expected. Implement the interface and its methods., hasLongFeedbackText=false, reference=null, credits=0.0, positive=false, type=AUTOMATIC, visibility=ALWAYS, testCase=TestCaseDTO[testName=null, id=76]], FeedbackDTO[id=125, text=null, detailText=MergeSort does not sort correctly, hasLongFeedbackText=false, reference=null, credits=0.0, positive=false, type=AUTOMATIC, visibility=ALWAYS, testCase=TestCaseDTO[testName=null, id=81]], FeedbackDTO[id=126, text=null, detailText=The class 'Context' was not found within the submission. Make sure to implement it properly., hasLongFeedbackText=false, reference=null, credits=0.0, positive=false, type=AUTOMATIC, visibility=ALWAYS, testCase=TestCaseDTO[testName=null, id=82]], FeedbackDTO[id=127, text=null, detailText=The class 'Context' was not found within the submission. Make sure to implement it properly., hasLongFeedbackText=false, reference=null, credits=0.0, positive=false, type=AUTOMATIC, visibility=ALWAYS, testCase=TestCaseDTO[testName=null, id=83]], FeedbackDTO[id=128, text=null, detailText=The exercise expects a class with the name Policy in the package testpackage. You did not implement the class in the exercise., hasLongFeedbackText=false, reference=null, credits=0.0, positive=false, type=AUTOMATIC, visibility=ALWAYS, testCase=TestCaseDTO[testName=null, id=77]], FeedbackDTO[id=129, text=null, detailText=The exercise expects a class with the name Context in the package testpackage. You did not implement the class in the exercise., hasLongFeedbackText=false, reference=null, credits=0.0, positive=false, type=AUTOMATIC, visibility=ALWAYS, testCase=TestCaseDTO[testName=null, id=73]], FeedbackDTO[id=130, text=null, detailText=The exercise expects a class with the name Policy in the package testpackage. You did not implement the class in the exercise., hasLongFeedbackText=false, reference=null, credits=0.0, positive=false, type=AUTOMATIC, visibility=ALWAYS, testCase=TestCaseDTO[testName=null, id=74]], FeedbackDTO[id=131, text=null, detailText=null, hasLongFeedbackText=false, reference=null, credits=3.230769230769231, positive=true, type=AUTOMATIC, visibility=ALWAYS, testCase=TestCaseDTO[testName=null, id=84]], FeedbackDTO[id=132, text=SCAFeedbackIdentifier:Bad Practice, detailText={"filePath":"src/code/Client.java","startLine":6,"endLine":6,"startColumn":1,"endColumn":26,"rule":"UnusedImports","category":"Best Practices","message":"Avoid unused imports such as 'javax.swing.JFrame'","priority":"4"}, hasLongFeedbackText=false, reference=PMD, credits=0.0, positive=false, type=AUTOMATIC, visibility=null, testCase=null], FeedbackDTO[id=133, text=SCAFeedbackIdentifier:Code Style, detailText={"filePath":"src/code/Client.java","startLine":7,"endLine":7,"startColumn":1,"endColumn":19,"rule":"DontImportJavaLang","category":"Code Style","message":"Avoid importing anything from the package java.lang","priority":"4"}, hasLongFeedbackText=false, reference=PMD, credits=0.0, positive=false, type=AUTOMATIC, visibility=null, testCase=null], FeedbackDTO[id=134, text=SCAFeedbackIdentifier:Bad Practice, detailText={"filePath":"src/code/Client.java","startLine":7,"endLine":7,"startColumn":1,"endColumn":19,"rule":"UnusedImports","category":"Best Practices","message":"Avoid unused imports such as 'java.lang'","priority":"4"}, hasLongFeedbackText=false, reference=PMD, credits=0.0, positive=false, type=AUTOMATIC, visibility=null, testCase=null], FeedbackDTO[id=135, text=SCAFeedbackIdentifier:Bad Practice, detailText={"filePath":"src/code/Client.java","startLine":73,"endLine":73,"startColumn":18,"endColumn":27,"rule":"UnusedLocalVariable","category":"Best Practices","message":"Avoid unused local variables such as 'randomDate'.","priority":"3"}, hasLongFeedbackText=false, reference=PMD, credits=0.0, positive=false, type=AUTOMATIC, visibility=null, testCase=null], FeedbackDTO[id=136, text=SCAFeedbackIdentifier:Bad Practice, detailText={"filePath":"src/code/Client.java","startLine":81,"endLine":81,"startColumn":31,"endColumn":53,"rule":"UnusedPrivateMethod","category":"Best Practices","message":"Avoid unused private methods such as 'CreateRandomDatesList()'.","priority":"3"}, hasLongFeedbackText=false, reference=PMD, credits=0.0, positive=false, type=AUTOMATIC, visibility=null, testCase=null], FeedbackDTO[id=137, text=SCAFeedbackIdentifier:Potential Bugs, detailText={"filePath":"src/code/Client.java","startLine":94,"endLine":94,"startColumn":9,"endColumn":9,"rule":"EmptyStatementNotInLoop","category":"Error Prone","message":"An empty statement (semicolon) not part of a loop","priority":"3"}, hasLongFeedbackText=false, reference=PMD, credits=0.0, positive=false, type=AUTOMATIC, visibility=null, testCase=null], FeedbackDTO[id=138, text=SCAFeedbackIdentifier:Potential Bugs, detailText={"filePath":"src/code/Client.java","startLine":94,"endLine":94,"startColumn":10,"endColumn":10,"rule":"EmptyStatementNotInLoop","category":"Error Prone","message":"An empty statement (semicolon) not part of a loop","priority":"3"}, hasLongFeedbackText=false, reference=PMD, credits=0.0, positive=false, type=AUTOMATIC, visibility=null, testCase=null], FeedbackDTO[id=139, text=SCAFeedbackIdentifier:Potential Bugs, detailText={"filePath":"src/code/Client.java","startLine":94,"endLine":94,"startColumn":11,"endColumn":11,"rule":"EmptyStatementNotInLoop","category":"Error Prone","message":"An empty statement (semicolon) not part of a loop","priority":"3"}, hasLongFeedbackText=false, reference=PMD, credits=0.0, positive=false, type=AUTOMATIC, visibility=null, testCase=null], FeedbackDTO[id=140, text=SCAFeedbackIdentifier:Code Style, detailText={"filePath":"src/code/Client.java","startLine":73,"endLine":73,"rule":"DLS_DEAD_LOCAL_STORE","category":"STYLE","message":"Dead store to randomDate in code.Client.createRandomDatesList()","priority":"2"}, hasLongFeedbackText=false, reference=SPOTBUGS, credits=0.0, positive=false, type=AUTOMATIC, visibility=null, testCase=null], FeedbackDTO[id=141, text=SCAFeedbackIdentifier:Bad Practice, detailText={"filePath":"src/code/Client.java","startLine":82,"endLine":95,"rule":"NM_METHOD_NAMING_CONVENTION","category":"BAD_PRACTICE","message":"The method name code.Client.CreateRandomDatesList() doesn't start with a lower case letter","priority":"3"}, hasLongFeedbackText=false, reference=SPOTBUGS, credits=0.0, positive=false, type=AUTOMATIC, visibility=null, testCase=null], FeedbackDTO[id=142, text=SCAFeedbackIdentifier:Performance, detailText={"filePath":"src/code/Client.java","startLine":82,"endLine":95,"rule":"UPM_UNCALLED_PRIVATE_METHOD","category":"PERFORMANCE","message":"Private method code.Client.CreateRandomDatesList() is never called","priority":"2"}, hasLongFeedbackText=false, reference=SPOTBUGS, credits=0.0, positive=false, type=AUTOMATIC, visibility=null, testCase=null], FeedbackDTO[id=143, text=SCAFeedbackIdentifier:Code Style, detailText={"filePath":"src/code/Client.java","startLine":70,"endLine":70,"startColumn":9,"endColumn":9,"rule":"NeedBracesCheck","category":"blocks","message":"'for' construct must use '{}'s.","priority":"error"}, hasLongFeedbackText=false, reference=CHECKSTYLE, credits=0.0, positive=false, type=AUTOMATIC, visibility=null, testCase=null], FeedbackDTO[id=144, text=SCAFeedbackIdentifier:Code Style, detailText={"filePath":"src/code/Client.java","startLine":93,"endLine":93,"startColumn":9,"endColumn":9,"rule":"EmptyStatementCheck","category":"coding","message":"Empty statement.","priority":"error"}, hasLongFeedbackText=false, reference=CHECKSTYLE, credits=0.0, positive=false, type=AUTOMATIC, visibility=null, testCase=null], FeedbackDTO[id=145, text=SCAFeedbackIdentifier:Code Style, detailText={"filePath":"src/code/Client.java","startLine":93,"endLine":93,"startColumn":10,"endColumn":10,"rule":"EmptyStatementCheck","category":"coding","message":"Empty statement.","priority":"error"}, hasLongFeedbackText=false, reference=CHECKSTYLE, credits=0.0, positive=false, type=AUTOMATIC, visibility=null, testCase=null], FeedbackDTO[id=146, text=SCAFeedbackIdentifier:Code Style, detailText={"filePath":"src/code/Client.java","startLine":93,"endLine":93,"startColumn":11,"endColumn":11,"rule":"EmptyStatementCheck","category":"coding","message":"Empty statement.","priority":"error"}, hasLongFeedbackText=false, reference=CHECKSTYLE, credits=0.0, positive=false, type=AUTOMATIC, visibility=null, testCase=null]], assessmentType=AUTOMATIC, hasComplaint=null, exampleResult=null, testCaseCount=13, passedTestCaseCount=1, codeIssueCount=15]], BuildJobQueueItem[id=4821739576584632, name=SHORT433BAC4500363044960B6E10DFA0493471B2TSTEXC-LOCALCIINTSTUDENT1, buildAgent=BuildAgentDTO[name=artemis-build-agent-test, memberAddress=[127.0.0.1]:5703, displayName=artemis-build-agent-test], participationId=482, courseId=154, exerciseId=305, retryCount=0, priority=2, status=SUCCESSFUL, repositoryInfo=RepositoryInfo[repositoryName=short433bac4500363044960b6e10dfa0493471b2tstexc-localciintstudent1, repositoryType=user, triggeredByPushTo=user, assignmentRepositoryUri=http://localhost:49152/git/SHORT433BAC4500363044960B6E10DFA0493471B2TSTEXC/short433bac4500363044960b6e10dfa0493471b2tstexc-localciintstudent1.git, testRepositoryUri=http://localhost:49152/git/SHORT433BAC4500363044960B6E10DFA0493471B2TSTEXC/short433bac4500363044960b6e10dfa0493471b2tstexc-tests.git, solutionRepositoryUri=null, auxiliaryRepositoryUris=[Ljava.lang.String;@4d86fccb, auxiliaryRepositoryCheckoutDirectories=[Ljava.lang.String;@3432b9fb], jobTimingInfo=JobTimingInfo[submissionDate=2025-02-14T23:43:04.632341258Z[Etc/UTC], buildStartDate=2025-02-14T23:43:04.637633457Z[Etc/UTC], buildCompletionDate=2025-02-14T23:43:06.421238953Z[Etc/UTC], estimatedCompletionDate=2025-02-14T23:43:23.637623879Z[Etc/UTC], estimatedDuration=19], buildConfig=BuildConfig[buildScript=#!/bin/bash
cd /var/tmp/testing-dir
chmod +x ./gradlew
./gradlew clean test
, dockerImage=dummy-docker-image:latest, commitHashToBuild=8355c4f3cd5d3e0443707d3310206e460e333c6f, assignmentCommitHash=8355c4f3cd5d3e0443707d3310206e460e333c6f, testCommitHash=8355c4f3cd5d3e0443707d3310206e460e333c6f, branch=main, programmingLanguage=JAVA, projectType=PLAIN_GRADLE, scaEnabled=false, sequentialTestRunsEnabled=false, resultPaths=[/var/tmp/testing-dir/**/test-results/test/*.xml], timeoutSeconds=0, assignmentCheckoutPath=null, testCheckoutPath=null, solutionCheckoutPath=null, dockerRunConfig=null], submissionResult=ResultDTO[id=137, completionDate=2025-02-14T23:43:06.404877412Z[Etc/UTC], successful=false, score=7.7, rated=true, submission=SubmissionDTO[id=125, submitted=true, type=MANUAL, exampleSubmission=null, submissionDate=2025-02-14T23:43:04.623230Z, commitHash=8355c4f3cd5d3e0443707d3310206e460e333c6f, buildFailed=false, buildArtifact=false, participation=ParticipationDTO[id=482, testRun=false, type=programming, submissionCount=null, exercise=ParticipationExerciseDTO[id=305, exerciseType=PROGRAMMING, type=programming, assessmentType=AUTOMATIC, dueDate=2025-02-16T23:43:04.425734Z, assessmentDueDate=null, maxPoints=42.0, course=CourseDTO[id=154, accuracyOfScores=1]]], submissionExerciseType=programming, isProcessing=false, buildStartDate=null, estimatedCompletionDate=null], participation=ParticipationDTO[id=482, testRun=false, type=programming, submissionCount=null, exercise=ParticipationExerciseDTO[id=305, exerciseType=PROGRAMMING, type=programming, assessmentType=AUTOMATIC, dueDate=2025-02-16T23:43:04.425734Z, assessmentDueDate=null, maxPoints=42.0, course=CourseDTO[id=154, accuracyOfScores=1]]], feedbacks=[FeedbackDTO[id=147, text=null, detailText=The exercise expects a class with the name Context in the package testpackage. You did not implement the class in the exercise., hasLongFeedbackText=false, reference=null, credits=0.0, positive=false, type=AUTOMATIC, visibility=ALWAYS, testCase=TestCaseDTO[testName=null, id=104]], FeedbackDTO[id=148, text=null, detailText=The exercise expects a class with the name Policy in the package testpackage. You did not implement the class in the exercise., hasLongFeedbackText=false, reference=null, credits=0.0, positive=false, type=AUTOMATIC, visibility=ALWAYS, testCase=TestCaseDTO[testName=null, id=105]], FeedbackDTO[id=149, text=null, detailText=The exercise expects a class with the name SortStrategy in the package testpackage. You did not implement the class in the exercise., hasLongFeedbackText=false, reference=null, credits=0.0, positive=false, type=AUTOMATIC, visibility=ALWAYS, testCase=TestCaseDTO[testName=null, id=106]], FeedbackDTO[id=150, text=null, detailText=The class 'MergeSort' does not implement the interface 'SortStrategy' as expected. Implement the interface and its methods., hasLongFeedbackText=false, reference=null, credits=0.0, positive=false, type=AUTOMATIC, visibility=ALWAYS, testCase=TestCaseDTO[testName=null, id=101]], FeedbackDTO[id=151, text=null, detailText=The exercise expects a class with the name SortStrategy in the package testpackage. You did not implement the class in the exercise., hasLongFeedbackText=false, reference=null, credits=0.0, positive=false, type=AUTOMATIC, visibility=ALWAYS, testCase=TestCaseDTO[testName=null, id=98]], FeedbackDTO[id=152, text=null, detailText=The class 'BubbleSort' does not implement the interface 'SortStrategy' as expected. Implement the interface and its methods., hasLongFeedbackText=false, reference=null, credits=0.0, positive=false, type=AUTOMATIC, visibility=ALWAYS, testCase=TestCaseDTO[testName=null, id=102]], FeedbackDTO[id=153, text=null, detailText=MergeSort does not sort correctly, hasLongFeedbackText=false, reference=null, credits=0.0, positive=false, type=AUTOMATIC, visibility=ALWAYS, testCase=TestCaseDTO[testName=null, id=107]], FeedbackDTO[id=154, text=null, detailText=The class 'Context' was not found within the submission. Make sure to implement it properly., hasLongFeedbackText=false, reference=null, credits=0.0, positive=false, type=AUTOMATIC, visibility=ALWAYS, testCase=TestCaseDTO[testName=null, id=108]], FeedbackDTO[id=155, text=null, detailText=The class 'Context' was not found within the submission. Make sure to implement it properly., hasLongFeedbackText=false, reference=null, credits=0.0, positive=false, type=AUTOMATIC, visibility=ALWAYS, testCase=TestCaseDTO[testName=null, id=109]], FeedbackDTO[id=156, text=null, detailText=The exercise expects a class with the name Policy in the package testpackage. You did not implement the class in the exercise., hasLongFeedbackText=false, reference=null, credits=0.0, positive=false, type=AUTOMATIC, visibility=ALWAYS, testCase=TestCaseDTO[testName=null, id=103]], FeedbackDTO[id=157, text=null, detailText=The exercise expects a class with the name Context in the package testpackage. You did not implement the class in the exercise., hasLongFeedbackText=false, reference=null, credits=0.0, positive=false, type=AUTOMATIC, visibility=ALWAYS, testCase=TestCaseDTO[testName=null, id=99]], FeedbackDTO[id=158, text=null, detailText=The exercise expects a class with the name Policy in the package testpackage. You did not implement the class in the exercise., hasLongFeedbackText=false, reference=null, credits=0.0, positive=false, type=AUTOMATIC, visibility=ALWAYS, testCase=TestCaseDTO[testName=null, id=100]], FeedbackDTO[id=159, text=null, detailText=null, hasLongFeedbackText=false, reference=null, credits=3.230769230769231, positive=true, type=AUTOMATIC, visibility=ALWAYS, testCase=TestCaseDTO[testName=null, id=110]]], assessmentType=AUTOMATIC, hasComplaint=null, exampleResult=null, testCaseCount=13, passedTestCaseCount=1, codeIssueCount=0]], BuildJobQueueItem[id=4851739576588371, name=SHORT495D587A0856D04A9E08BC60D2E08365FB9ETSTEXC-LOCALCIINTSTUDENT1, buildAgent=BuildAgentDTO[name=artemis-build-agent-test, memberAddress=[127.0.0.1]:5703, displayName=artemis-build-agent-test], participationId=485, courseId=155, exerciseId=306, retryCount=0, priority=2, status=FAILED, repositoryInfo=RepositoryInfo[repositoryName=short495d587a0856d04a9e08bc60d2e08365fb9etstexc-localciintstudent1, repositoryType=user, triggeredByPushTo=user, assignmentRepositoryUri=http://localhost:49152/git/SHORT495D587A0856D04A9E08BC60D2E08365FB9ETSTEXC/short495d587a0856d04a9e08bc60d2e08365fb9etstexc-localciintstudent1.git, testRepositoryUri=http://localhost:49152/git/SHORT495D587A0856D04A9E08BC60D2E08365FB9ETSTEXC/short495d587a0856d04a9e08bc60d2e08365fb9etstexc-tests.git, solutionRepositoryUri=null, auxiliaryRepositoryUris=[Ljava.lang.String;@c688526, auxiliaryRepositoryCheckoutDirectories=[Ljava.lang.String;@30f49ec8], jobTimingInfo=JobTimingInfo[submissionDate=2025-02-14T23:43:08.371015915Z[Etc/UTC], buildStartDate=2025-02-14T23:43:08.374658929Z[Etc/UTC], buildCompletionDate=2025-02-14T23:43:09.341007666Z[Etc/UTC], estimatedCompletionDate=2025-02-14T23:43:27.374650503Z[Etc/UTC], estimatedDuration=19], buildConfig=BuildConfig[buildScript=#!/bin/bash
cd /var/tmp/testing-dir
chmod +x ./gradlew
./gradlew clean test
, dockerImage=dummy-docker-image:latest, commitHashToBuild=ebb8aa4dc3625fe07e975266e18313ad871ce864, assignmentCommitHash=9b3a9bd71a0d80e5bbc42204c319ed3d1d4f0d6d, testCommitHash=9b3a9bd71a0d80e5bbc42204c319ed3d1d4f0d6d, branch=main, programmingLanguage=JAVA, projectType=PLAIN_GRADLE, scaEnabled=false, sequentialTestRunsEnabled=false, resultPaths=[/var/tmp/testing-dir/**/test-results/test/*.xml], timeoutSeconds=0, assignmentCheckoutPath=null, testCheckoutPath=null, solutionCheckoutPath=null, dockerRunConfig=null], submissionResult=ResultDTO[id=138, completionDate=2025-02-14T23:43:09.343306574Z[Etc/UTC], successful=false, score=0.0, rated=true, submission=SubmissionDTO[id=127, submitted=true, type=MANUAL, exampleSubmission=null, submissionDate=2025-02-14T23:43:09.343306574Z[Etc/UTC], commitHash=9b3a9bd71a0d80e5bbc42204c319ed3d1d4f0d6d, buildFailed=true, buildArtifact=false, participation=ParticipationDTO[id=485, testRun=false, type=programming, submissionCount=null, exercise=ParticipationExerciseDTO[id=306, exerciseType=PROGRAMMING, type=programming, assessmentType=AUTOMATIC, dueDate=2025-02-16T23:43:08.185273Z, assessmentDueDate=null, maxPoints=42.0, course=CourseDTO[id=155, accuracyOfScores=1]]], submissionExerciseType=programming, isProcessing=false, buildStartDate=null, estimatedCompletionDate=null], participation=ParticipationDTO[id=485, testRun=false, type=programming, submissionCount=null, exercise=ParticipationExerciseDTO[id=306, exerciseType=PROGRAMMING, type=programming, assessmentType=AUTOMATIC, dueDate=2025-02-16T23:43:08.185273Z, assessmentDueDate=null, maxPoints=42.0, course=CourseDTO[id=155, accuracyOfScores=1]]], feedbacks=[], assessmentType=AUTOMATIC, hasComplaint=null, exampleResult=null, testCaseCount=0, passedTestCaseCount=0, codeIssueCount=0]], BuildJobQueueItem[id=4881739576590204, name=SHORT80B5DD0E0D6B304EBB096E9020B949996A1CTSTEXC-LOCALCIINTSTUDENT1, buildAgent=BuildAgentDTO[name=artemis-build-agent-test, memberAddress=[127.0.0.1]:5703, displayName=artemis-build-agent-test], participationId=488, courseId=156, exerciseId=307, retryCount=0, priority=2, status=SUCCESSFUL, repositoryInfo=RepositoryInfo[repositoryName=short80b5dd0e0d6b304ebb096e9020b949996a1ctstexc-localciintstudent1, repositoryType=user, triggeredByPushTo=user, assignmentRepositoryUri=http://localhost:49152/git/SHORT80B5DD0E0D6B304EBB096E9020B949996A1CTSTEXC/short80b5dd0e0d6b304ebb096e9020b949996a1ctstexc-localciintstudent1.git, testRepositoryUri=http://localhost:49152/git/SHORT80B5DD0E0D6B304EBB096E9020B949996A1CTSTEXC/short80b5dd0e0d6b304ebb096e9020b949996a1ctstexc-tests.git, solutionRepositoryUri=null, auxiliaryRepositoryUris=[Ljava.lang.String;@4aee4cb9, auxiliaryRepositoryCheckoutDirectories=[Ljava.lang.String;@6b32c97e], jobTimingInfo=JobTimingInfo[submissionDate=2025-02-14T23:43:10.204264160Z[Etc/UTC], buildStartDate=2025-02-14T23:43:10.223149139Z[Etc/UTC], buildCompletionDate=2025-02-14T23:43:12.086509109Z[Etc/UTC], estimatedCompletionDate=2025-02-14T23:43:29.223142246Z[Etc/UTC], estimatedDuration=19], buildConfig=BuildConfig[buildScript=#!/bin/bash
cd /var/tmp/testing-dir
chmod +x ./gradlew
./gradlew clean test
, dockerImage=dummy-docker-image:latest, commitHashToBuild=b806a93102242552beed7c01b08b2769731814b3, assignmentCommitHash=b806a93102242552beed7c01b08b2769731814b3, testCommitHash=b806a93102242552beed7c01b08b2769731814b3, branch=main, programmingLanguage=JAVA, projectType=PLAIN_GRADLE, scaEnabled=false, sequentialTestRunsEnabled=false, resultPaths=[/var/tmp/testing-dir/**/test-results/test/*.xml], timeoutSeconds=0, assignmentCheckoutPath=null, testCheckoutPath=null, solutionCheckoutPath=null, dockerRunConfig=null], submissionResult=ResultDTO[id=139, completionDate=2025-02-14T23:43:12.066436124Z[Etc/UTC], successful=false, score=0.0, rated=true, submission=SubmissionDTO[id=128, submitted=true, type=MANUAL, exampleSubmission=null, submissionDate=2025-02-14T23:43:10.192407Z, commitHash=b806a93102242552beed7c01b08b2769731814b3, buildFailed=true, buildArtifact=false, participation=ParticipationDTO[id=488, testRun=false, type=programming, submissionCount=null, exercise=ParticipationExerciseDTO[id=307, exerciseType=PROGRAMMING, type=programming, assessmentType=AUTOMATIC, dueDate=2025-02-16T23:43:09.986646Z, assessmentDueDate=null, maxPoints=42.0, course=CourseDTO[id=156, accuracyOfScores=1]]], submissionExerciseType=programming, isProcessing=false, buildStartDate=null, estimatedCompletionDate=null], participation=ParticipationDTO[id=488, testRun=false, type=programming, submissionCount=null, exercise=ParticipationExerciseDTO[id=307, exerciseType=PROGRAMMING, type=programming, assessmentType=AUTOMATIC, dueDate=2025-02-16T23:43:09.986646Z, assessmentDueDate=null, maxPoints=42.0, course=CourseDTO[id=156, accuracyOfScores=1]]], feedbacks=[], assessmentType=AUTOMATIC, hasComplaint=null, exampleResult=null, testCaseCount=0, passedTestCaseCount=0, codeIssueCount=0]], BuildJobQueueItem[id=4911739576593817, name=SHORT585B2198089880462509B3007867E72DFB7ATSTEXC-LOCALCIINTSTUDENT1, buildAgent=BuildAgentDTO[name=artemis-build-agent-test, memberAddress=[127.0.0.1]:5703, displayName=artemis-build-agent-test], participationId=491, courseId=157, exerciseId=308, retryCount=0, priority=2, status=SUCCESSFUL, repositoryInfo=RepositoryInfo[repositoryName=short585b2198089880462509b3007867e72dfb7atstexc-localciintstudent1, repositoryType=user, triggeredByPushTo=user, assignmentRepositoryUri=http://localhost:49152/git/SHORT585B2198089880462509B3007867E72DFB7ATSTEXC/short585b2198089880462509b3007867e72dfb7atstexc-localciintstudent1.git, testRepositoryUri=http://localhost:49152/git/SHORT585B2198089880462509B3007867E72DFB7ATSTEXC/short585b2198089880462509b3007867e72dfb7atstexc-tests.git, solutionRepositoryUri=null, auxiliaryRepositoryUris=[Ljava.lang.String;@233b208b, auxiliaryRepositoryCheckoutDirectories=[Ljava.lang.String;@372de8fa], jobTimingInfo=JobTimingInfo[submissionDate=2025-02-14T23:43:13.817124706Z[Etc/UTC], buildStartDate=2025-02-14T23:43:13.834335931Z[Etc/UTC], buildCompletionDate=2025-02-14T23:43:15.746259139Z[Etc/UTC], estimatedCompletionDate=2025-02-14T23:43:32.834326082Z[Etc/UTC], estimatedDuration=19], buildConfig=BuildConfig[buildScript=#!/bin/bash
cd /var/tmp/testing-dir
chmod +x ./gradlew
./gradlew clean test
, dockerImage=dummy-docker-image:latest, commitHashToBuild=42077d078a5d5042fe2d4bd8299a990d342fce6e, assignmentCommitHash=42077d078a5d5042fe2d4bd8299a990d342fce6e, testCommitHash=42077d078a5d5042fe2d4bd8299a990d342fce6e, branch=main, programmingLanguage=JAVA, projectType=PLAIN_GRADLE, scaEnabled=false, sequentialTestRunsEnabled=false, resultPaths=[/var/tmp/testing-dir/**/test-results/test/*.xml], timeoutSeconds=0, assignmentCheckoutPath=null, testCheckoutPath=null, solutionCheckoutPath=null, dockerRunConfig=null], submissionResult=ResultDTO[id=140, completionDate=2025-02-14T23:43:15.725343914Z[Etc/UTC], successful=false, score=0.0, rated=true, submission=SubmissionDTO[id=129, submitted=true, type=MANUAL, exampleSubmission=null, submissionDate=2025-02-14T23:43:13.805401Z, commitHash=42077d078a5d5042fe2d4bd8299a990d342fce6e, buildFailed=false, buildArtifact=false, participation=ParticipationDTO[id=491, testRun=false, type=programming, submissionCount=null, exercise=ParticipationExerciseDTO[id=308, exerciseType=PROGRAMMING, type=programming, assessmentType=AUTOMATIC, dueDate=2025-02-16T23:43:13.569213Z, assessmentDueDate=null, maxPoints=42.0, course=CourseDTO[id=157, accuracyOfScores=1]]], submissionExerciseType=programming, isProcessing=false, buildStartDate=null, estimatedCompletionDate=null], participation=ParticipationDTO[id=491, testRun=false, type=programming, submissionCount=null, exercise=ParticipationExerciseDTO[id=308, exerciseType=PROGRAMMING, type=programming, assessmentType=AUTOMATIC, dueDate=2025-02-16T23:43:13.569213Z, assessmentDueDate=null, maxPoints=42.0, course=CourseDTO[id=157, accuracyOfScores=1]]], feedbacks=[FeedbackDTO[id=160, text=null, detailText=Deine Einreichung enthält keine Ausgabe. (67cac2), hasLongFeedbackText=false, reference=null, credits=0.0, positive=false, type=AUTOMATIC, visibility=ALWAYS, testCase=TestCaseDTO[testName=null, id=146]], FeedbackDTO[id=161, text=null, detailText=test `add` failed on ≥ 1 cases:
(0, 0)
Your submission raised an error Failure("TODO add"), hasLongFeedbackText=false, reference=null, credits=0.0, positive=false, type=AUTOMATIC, visibility=ALWAYS, testCase=TestCaseDTO[testName=null, id=149]], FeedbackDTO[id=162, text=null, detailText=test `filter` failed on ≥ 1 cases:
(even, [1; 2; 3; 4])
Your submission raised an error Failure("TODO filter"), hasLongFeedbackText=false, reference=null, credits=0.0, positive=false, type=AUTOMATIC, visibility=ALWAYS, testCase=TestCaseDTO[testName=null, id=148]], FeedbackDTO[id=163, text=null, detailText=Test was not executed., hasLongFeedbackText=false, reference=null, credits=0.0, positive=null, type=AUTOMATIC, visibility=null, testCase=TestCaseDTO[testName=null, id=137]], FeedbackDTO[id=164, text=null, detailText=Test was not executed., hasLongFeedbackText=false, reference=null, credits=0.0, positive=null, type=AUTOMATIC, visibility=null, testCase=TestCaseDTO[testName=null, id=138]], FeedbackDTO[id=165, text=null, detailText=Test was not executed., hasLongFeedbackText=false, reference=null, credits=0.0, positive=null, type=AUTOMATIC, visibility=null, testCase=TestCaseDTO[testName=null, id=139]], FeedbackDTO[id=166, text=null, detailText=Test was not executed., hasLongFeedbackText=false, reference=null, credits=0.0, positive=null, type=AUTOMATIC, visibility=null, testCase=TestCaseDTO[testName=null, id=140]], FeedbackDTO[id=167, text=null, detailText=Test was not executed., hasLongFeedbackText=false, reference=null, credits=0.0, positive=null, type=AUTOMATIC, visibility=null, testCase=TestCaseDTO[testName=null, id=141]], FeedbackDTO[id=168, text=null, detailText=Test was not executed., hasLongFeedbackText=false, reference=null, credits=0.0, positive=null, type=AUTOMATIC, visibility=null, testCase=TestCaseDTO[testName=null, id=142]], FeedbackDTO[id=169, text=null, detailText=Test was not executed., hasLongFeedbackText=false, reference=null, credits=0.0, positive=null, type=AUTOMATIC, visibility=null, testCase=TestCaseDTO[testName=null, id=143]], FeedbackDTO[id=170, text=null, detailText=Test was not executed., hasLongFeedbackText=false, reference=null, credits=0.0, positive=null, type=AUTOMATIC, visibility=null, testCase=TestCaseDTO[testName=null, id=144]], FeedbackDTO[id=171, text=null, detailText=Test was not executed., hasLongFeedbackText=false, reference=null, credits=0.0, positive=null, type=AUTOMATIC, visibility=null, testCase=TestCaseDTO[testName=null, id=145]], FeedbackDTO[id=172, text=null, detailText=Test was not executed., hasLongFeedbackText=false, reference=null, credits=0.0, positive=null, type=AUTOMATIC, visibility=null, testCase=TestCaseDTO[testName=null, id=147]]], assessmentType=AUTOMATIC, hasComplaint=null, exampleResult=null, testCaseCount=13, passedTestCaseCount=0, codeIssueCount=0]], BuildJobQueueItem[id=4941739576597286, name=SHORTFBCBD7BF0E6EB0451A080E80FCB407DC1F12TSTEXC-LOCALCIINTSTUDENT1, buildAgent=BuildAgentDTO[name=artemis-build-agent-test, memberAddress=[127.0.0.1]:5703, displayName=artemis-build-agent-test], participationId=494, courseId=158, exerciseId=309, retryCount=0, priority=2, status=SUCCESSFUL, repositoryInfo=RepositoryInfo[repositoryName=shortfbcbd7bf0e6eb0451a080e80fcb407dc1f12tstexc-localciintstudent1, repositoryType=user, triggeredByPushTo=user, assignmentRepositoryUri=http://localhost:49152/git/SHORTFBCBD7BF0E6EB0451A080E80FCB407DC1F12TSTEXC/shortfbcbd7bf0e6eb0451a080e80fcb407dc1f12tstexc-localciintstudent1.git, testRepositoryUri=http://localhost:49152/git/SHORTFBCBD7BF0E6EB0451A080E80FCB407DC1F12TSTEXC/shortfbcbd7bf0e6eb0451a080e80fcb407dc1f12tstexc-tests.git, solutionRepositoryUri=null, auxiliaryRepositoryUris=[Ljava.lang.String;@f1ef122, auxiliaryRepositoryCheckoutDirectories=[Ljava.lang.String;@721ab086], jobTimingInfo=JobTimingInfo[submissionDate=2025-02-14T23:43:17.286977233Z[Etc/UTC], buildStartDate=2025-02-14T23:43:17.293977347Z[Etc/UTC], buildCompletionDate=2025-02-14T23:43:18.740990762Z[Etc/UTC], estimatedCompletionDate=2025-02-14T23:43:36.293970494Z[Etc/UTC], estimatedDuration=19], buildConfig=BuildConfig[buildScript=#!/bin/bash
cd /var/tmp/testing-dir
chmod +x ./gradlew
./gradlew clean test
, dockerImage=dummy-docker-image:latest, commitHashToBuild=4a1af7e8a64e6505c5fc09b9f81ea41af9fcff44, assignmentCommitHash=4a1af7e8a64e6505c5fc09b9f81ea41af9fcff44, testCommitHash=4a1af7e8a64e6505c5fc09b9f81ea41af9fcff44, branch=main, programmingLanguage=JAVA, projectType=PLAIN_GRADLE, scaEnabled=false, sequentialTestRunsEnabled=false, resultPaths=[/var/tmp/testing-dir/**/test-results/test/*.xml], timeoutSeconds=0, assignmentCheckoutPath=null, testCheckoutPath=null, solutionCheckoutPath=null, dockerRunConfig=null], submissionResult=ResultDTO[id=141, completionDate=2025-02-14T23:43:18.729015138Z[Etc/UTC], successful=false, score=0.0, rated=true, submission=SubmissionDTO[id=130, submitted=true, type=MANUAL, exampleSubmission=null, submissionDate=2025-02-14T23:43:17.272936Z, commitHash=4a1af7e8a64e6505c5fc09b9f81ea41af9fcff44, buildFailed=true, buildArtifact=false, participation=ParticipationDTO[id=494, testRun=false, type=programming, submissionCount=null, exercise=ParticipationExerciseDTO[id=309, exerciseType=PROGRAMMING, type=programming, assessmentType=AUTOMATIC, dueDate=2025-02-16T23:43:17.147218Z, assessmentDueDate=null, maxPoints=42.0, course=CourseDTO[id=158, accuracyOfScores=1]]], submissionExerciseType=programming, isProcessing=false, buildStartDate=null, estimatedCompletionDate=null], participation=ParticipationDTO[id=494, testRun=false, type=programming, submissionCount=null, exercise=ParticipationExerciseDTO[id=309, exerciseType=PROGRAMMING, type=programming, assessmentType=AUTOMATIC, dueDate=2025-02-16T23:43:17.147218Z, assessmentDueDate=null, maxPoints=42.0, course=CourseDTO[id=158, accuracyOfScores=1]]], feedbacks=[], assessmentType=AUTOMATIC, hasComplaint=null, exampleResult=null, testCaseCount=0, passedTestCaseCount=0, codeIssueCount=0]], BuildJobQueueItem[id=4971739576599269, name=SHORT52AD57270517204728083260501A19D262D1TSTEXC-LOCALCIINTSTUDENT1, buildAgent=BuildAgentDTO[name=artemis-build-agent-test, memberAddress=[127.0.0.1]:5703, displayName=artemis-build-agent-test], participationId=497, courseId=159, exerciseId=310, retryCount=0, priority=2, status=SUCCESSFUL, repositoryInfo=RepositoryInfo[repositoryName=short52ad57270517204728083260501a19d262d1tstexc-localciintstudent1, repositoryType=user, triggeredByPushTo=user, assignmentRepositoryUri=http://localhost:49152/git/SHORT52AD57270517204728083260501A19D262D1TSTEXC/short52ad57270517204728083260501a19d262d1tstexc-localciintstudent1.git, testRepositoryUri=http://localhost:49152/git/SHORT52AD57270517204728083260501A19D262D1TSTEXC/short52ad57270517204728083260501a19d262d1tstexc-tests.git, solutionRepositoryUri=null, auxiliaryRepositoryUris=[Ljava.lang.String;@85ff936, auxiliaryRepositoryCheckoutDirectories=[Ljava.lang.String;@50edaaff], jobTimingInfo=JobTimingInfo[submissionDate=2025-02-14T23:43:19.269997499Z[Etc/UTC], buildStartDate=2025-02-14T23:43:19.277325895Z[Etc/UTC], buildCompletionDate=2025-02-14T23:43:20.497391524Z[Etc/UTC], estimatedCompletionDate=2025-02-14T23:43:38.277310787Z[Etc/UTC], estimatedDuration=19], buildConfig=BuildConfig[buildScript=#!/bin/bash
cd /var/tmp/testing-dir
chmod +x ./gradlew
./gradlew clean test
, dockerImage=dummy-docker-image:latest, commitHashToBuild=9f4f76247a188e9a0f3516a9fbd60e829d53fb05, assignmentCommitHash=9f4f76247a188e9a0f3516a9fbd60e829d53fb05, testCommitHash=9f4f76247a188e9a0f3516a9fbd60e829d53fb05, branch=main, programmingLanguage=JAVA, projectType=PLAIN_GRADLE, scaEnabled=false, sequentialTestRunsEnabled=false, resultPaths=[/var/tmp/testing-dir/**/test-results/test/*.xml], timeoutSeconds=0, assignmentCheckoutPath=null, testCheckoutPath=null, solutionCheckoutPath=null, dockerRunConfig=null], submissionResult=ResultDTO[id=142, completionDate=2025-02-14T23:43:20.484244187Z[Etc/UTC], successful=false, score=7.7, rated=true, submission=SubmissionDTO[id=131, submitted=true, type=MANUAL, exampleSubmission=null, submissionDate=2025-02-14T23:43:19.265464Z, commitHash=9f4f76247a188e9a0f3516a9fbd60e829d53fb05, buildFailed=false, buildArtifact=false, participation=ParticipationDTO[id=497, testRun=false, type=programming, submissionCount=null, exercise=ParticipationExerciseDTO[id=310, exerciseType=PROGRAMMING, type=programming, assessmentType=AUTOMATIC, dueDate=2025-02-16T23:43:19.182228Z, assessmentDueDate=null, maxPoints=42.0, course=CourseDTO[id=159, accuracyOfScores=1]]], submissionExerciseType=programming, isProcessing=false, buildStartDate=null, estimatedCompletionDate=null], participation=ParticipationDTO[id=497, testRun=false, type=programming, submissionCount=null, exercise=ParticipationExerciseDTO[id=310, exerciseType=PROGRAMMING, type=programming, assessmentType=AUTOMATIC, dueDate=2025-02-16T23:43:19.182228Z, assessmentDueDate=null, maxPoints=42.0, course=CourseDTO[id=159, accuracyOfScores=1]]], feedbacks=[FeedbackDTO[id=173, text=null, detailText=The exercise expects a class with the name Context in the package testpackage. You did not implement the class in the exercise., hasLongFeedbackText=false, reference=null, credits=0.0, positive=false, type=AUTOMATIC, visibility=ALWAYS, testCase=TestCaseDTO[testName=null, id=169]], FeedbackDTO[id=174, text=null, detailText=The exercise expects a class with the name Policy in the package testpackage. You did not implement the class in the exercise., hasLongFeedbackText=false, reference=null, credits=0.0, positive=false, type=AUTOMATIC, visibility=ALWAYS, testCase=TestCaseDTO[testName=null, id=170]], FeedbackDTO[id=175, text=null, detailText=The exercise expects a class with the name SortStrategy in the package testpackage. You did not implement the class in the exercise., hasLongFeedbackText=false, reference=null, credits=0.0, positive=false, type=AUTOMATIC, visibility=ALWAYS, testCase=TestCaseDTO[testName=null, id=171]], FeedbackDTO[id=176, text=null, detailText=The class 'MergeSort' does not implement the interface 'SortStrategy' as expected. Implement the interface and its methods., hasLongFeedbackText=false, reference=null, credits=0.0, positive=false, type=AUTOMATIC, visibility=ALWAYS, testCase=TestCaseDTO[testName=null, id=166]], FeedbackDTO[id=177, text=null, detailText=The exercise expects a class with the name SortStrategy in the package testpackage. You did not implement the class in the exercise., hasLongFeedbackText=false, reference=null, credits=0.0, positive=false, type=AUTOMATIC, visibility=ALWAYS, testCase=TestCaseDTO[testName=null, id=163]], FeedbackDTO[id=178, text=null, detailText=The class 'BubbleSort' does not implement the interface 'SortStrategy' as expected. Implement the interface and its methods., hasLongFeedbackText=false, reference=null, credits=0.0, positive=false, type=AUTOMATIC, visibility=ALWAYS, testCase=TestCaseDTO[testName=null, id=167]], FeedbackDTO[id=179, text=null, detailText=MergeSort does not sort correctly, hasLongFeedbackText=false, reference=null, credits=0.0, positive=false, type=AUTOMATIC, visibility=ALWAYS, testCase=TestCaseDTO[testName=null, id=172]], FeedbackDTO[id=180, text=null, detailText=The class 'Context' was not found within the submission. Make sure to implement it properly., hasLongFeedbackText=false, reference=null, credits=0.0, positive=false, type=AUTOMATIC, visibility=ALWAYS, testCase=TestCaseDTO[testName=null, id=173]], FeedbackDTO[id=181, text=null, detailText=The class 'Context' was not found within the submission. Make sure to implement it properly., hasLongFeedbackText=false, reference=null, credits=0.0, positive=false, type=AUTOMATIC, visibility=ALWAYS, testCase=TestCaseDTO[testName=null, id=174]], FeedbackDTO[id=182, text=null, detailText=The exercise expects a class with the name Policy in the package testpackage. You did not implement the class in the exercise., hasLongFeedbackText=false, reference=null, credits=0.0, positive=false, type=AUTOMATIC, visibility=ALWAYS, testCase=TestCaseDTO[testName=null, id=168]], FeedbackDTO[id=183, text=null, detailText=The exercise expects a class with the name Context in the package testpackage. You did not implement the class in the exercise., hasLongFeedbackText=false, reference=null, credits=0.0, positive=false, type=AUTOMATIC, visibility=ALWAYS, testCase=TestCaseDTO[testName=null, id=164]], FeedbackDTO[id=184, text=null, detailText=The exercise expects a class with the name Policy in the package testpackage. You did not implement the class in the exercise., hasLongFeedbackText=false, reference=null, credits=0.0, positive=false, type=AUTOMATIC, visibility=ALWAYS, testCase=TestCaseDTO[testName=null, id=165]], FeedbackDTO[id=185, text=null, detailText=null, hasLongFeedbackText=false, reference=null, credits=3.230769230769231, positive=true, type=AUTOMATIC, visibility=ALWAYS, testCase=TestCaseDTO[testName=null, id=175]]], assessmentType=AUTOMATIC, hasComplaint=null, exampleResult=null, testCaseCount=13, passedTestCaseCount=1, codeIssueCount=0]], BuildJobQueueItem[id=5001739576601035, name=SHORT582B1BDC0A17704D6D0A46800FC19163DA47TSTEXC-LOCALCIINTSTUDENT1, buildAgent=BuildAgentDTO[name=artemis-build-agent-test, memberAddress=[127.0.0.1]:5703, displayName=artemis-build-agent-test], participationId=500, courseId=160, exerciseId=311, retryCount=0, priority=2, status=SUCCESSFUL, repositoryInfo=RepositoryInfo[repositoryName=short582b1bdc0a17704d6d0a46800fc19163da47tstexc-localciintstudent1, repositoryType=user, triggeredByPushTo=user, assignmentRepositoryUri=http://localhost:49152/git/SHORT582B1BDC0A17704D6D0A46800FC19163DA47TSTEXC/short582b1bdc0a17704d6d0a46800fc19163da47tstexc-localciintstudent1.git, testRepositoryUri=http://localhost:49152/git/SHORT582B1BDC0A17704D6D0A46800FC19163DA47TSTEXC/short582b1bdc0a17704d6d0a46800fc19163da47tstexc-tests.git, solutionRepositoryUri=null, auxiliaryRepositoryUris=[Ljava.lang.String;@2882c621, auxiliaryRepositoryCheckoutDirectories=[Ljava.lang.String;@fbbdd37], jobTimingInfo=JobTimingInfo[submissionDate=2025-02-14T23:43:21.035120760Z[Etc/UTC], buildStartDate=2025-02-14T23:43:21.040320383Z[Etc/UTC], buildCompletionDate=2025-02-14T23:43:22.581236903Z[Etc/UTC], estimatedCompletionDate=2025-02-14T23:43:40.040312057Z[Etc/UTC], estimatedDuration=19], buildConfig=BuildConfig[buildScript=#!/bin/bash
cd /var/tmp/testing-dir
chmod +x ./gradlew
./gradlew clean test
, dockerImage=dummy-docker-image:latest, commitHashToBuild=887566cf754016f986627cf5c5c365dea16c907f, assignmentCommitHash=887566cf754016f986627cf5c5c365dea16c907f, testCommitHash=6af67146332066e7430917928a4b9b81c43b7c71, branch=main, programmingLanguage=JAVA, projectType=PLAIN_GRADLE, scaEnabled=false, sequentialTestRunsEnabled=false, resultPaths=[/var/tmp/testing-dir/**/test-results/test/*.xml], timeoutSeconds=0, assignmentCheckoutPath=customAssignmentPath, testCheckoutPath=null, solutionCheckoutPath=null, dockerRunConfig=null], submissionResult=ResultDTO[id=143, completionDate=2025-02-14T23:43:22.538158998Z[Etc/UTC], successful=false, score=7.7, rated=true, submission=SubmissionDTO[id=132, submitted=true, type=MANUAL, exampleSubmission=null, submissionDate=2025-02-14T23:43:21.028930Z, commitHash=887566cf754016f986627cf5c5c365dea16c907f, buildFailed=false, buildArtifact=false, participation=ParticipationDTO[id=500, testRun=false, type=programming, submissionCount=null, exercise=ParticipationExerciseDTO[id=311, exerciseType=PROGRAMMING, type=programming, assessmentType=AUTOMATIC, dueDate=2025-02-16T23:43:20.897280Z, assessmentDueDate=null, maxPoints=42.0, course=CourseDTO[id=160, accuracyOfScores=1]]], submissionExerciseType=programming, isProcessing=false, buildStartDate=null, estimatedCompletionDate=null], participation=ParticipationDTO[id=500, testRun=false, type=programming, submissionCount=null, exercise=ParticipationExerciseDTO[id=311, exerciseType=PROGRAMMING, type=programming, assessmentType=AUTOMATIC, dueDate=2025-02-16T23:43:20.897280Z, assessmentDueDate=null, maxPoints=42.0, course=CourseDTO[id=160, accuracyOfScores=1]]], feedbacks=[FeedbackDTO[id=186, text=null, detailText=The exercise expects a class with the name Context in the package testpackage. You did not implement the class in the exercise., hasLongFeedbackText=false, reference=null, credits=0.0, positive=false, type=AUTOMATIC, visibility=ALWAYS, testCase=TestCaseDTO[testName=null, id=182]], FeedbackDTO[id=187, text=null, detailText=The exercise expects a class with the name Policy in the package testpackage. You did not implement the class in the exercise., hasLongFeedbackText=false, reference=null, credits=0.0, positive=false, type=AUTOMATIC, visibility=ALWAYS, testCase=TestCaseDTO[testName=null, id=183]], FeedbackDTO[id=188, text=null, detailText=The exercise expects a class with the name SortStrategy in the package testpackage. You did not implement the class in the exercise., hasLongFeedbackText=false, reference=null, credits=0.0, positive=false, type=AUTOMATIC, visibility=ALWAYS, testCase=TestCaseDTO[testName=null, id=184]], FeedbackDTO[id=189, text=null, detailText=The class 'MergeSort' does not implement the interface 'SortStrategy' as expected. Implement the interface and its methods., hasLongFeedbackText=false, reference=null, credits=0.0, positive=false, type=AUTOMATIC, visibility=ALWAYS, testCase=TestCaseDTO[testName=null, id=179]], FeedbackDTO[id=190, text=null, detailText=The exercise expects a class with the name SortStrategy in the package testpackage. You did not implement the class in the exercise., hasLongFeedbackText=false, reference=null, credits=0.0, positive=false, type=AUTOMATIC, visibility=ALWAYS, testCase=TestCaseDTO[testName=null, id=176]], FeedbackDTO[id=191, text=null, detailText=The class 'BubbleSort' does not implement the interface 'SortStrategy' as expected. Implement the interface and its methods., hasLongFeedbackText=false, reference=null, credits=0.0, positive=false, type=AUTOMATIC, visibility=ALWAYS, testCase=TestCaseDTO[testName=null, id=180]], FeedbackDTO[id=192, text=null, detailText=MergeSort does not sort correctly, hasLongFeedbackText=false, reference=null, credits=0.0, positive=false, type=AUTOMATIC, visibility=ALWAYS, testCase=TestCaseDTO[testName=null, id=185]], FeedbackDTO[id=193, text=null, detailText=The class 'Context' was not found within the submission. Make sure to implement it properly., hasLongFeedbackText=false, reference=null, credits=0.0, positive=false, type=AUTOMATIC, visibility=ALWAYS, testCase=TestCaseDTO[testName=null, id=186]], FeedbackDTO[id=194, text=null, detailText=The class 'Context' was not found within the submission. Make sure to implement it properly., hasLongFeedbackText=false, reference=null, credits=0.0, positive=false, type=AUTOMATIC, visibility=ALWAYS, testCase=TestCaseDTO[testName=null, id=187]], FeedbackDTO[id=195, text=null, detailText=The exercise expects a class with the name Policy in the package testpackage. You did not implement the class in the exercise., hasLongFeedbackText=false, reference=null, credits=0.0, positive=false, type=AUTOMATIC, visibility=ALWAYS, testCase=TestCaseDTO[testName=null, id=181]], FeedbackDTO[id=196, text=null, detailText=The exercise expects a class with the name Context in the package testpackage. You did not implement the class in the exercise., hasLongFeedbackText=false, reference=null, credits=0.0, positive=false, type=AUTOMATIC, visibility=ALWAYS, testCase=TestCaseDTO[testName=null, id=177]], FeedbackDTO[id=197, text=null, detailText=The exercise expects a class with the name Policy in the package testpackage. You did not implement the class in the exercise., hasLongFeedbackText=false, reference=null, credits=0.0, positive=false, type=AUTOMATIC, visibility=ALWAYS, testCase=TestCaseDTO[testName=null, id=178]], FeedbackDTO[id=198, text=null, detailText=null, hasLongFeedbackText=false, reference=null, credits=3.230769230769231, positive=true, type=AUTOMATIC, visibility=ALWAYS, testCase=TestCaseDTO[testName=null, id=188]]], assessmentType=AUTOMATIC, hasComplaint=null, exampleResult=null, testCaseCount=13, passedTestCaseCount=1, codeIssueCount=0]], BuildJobQueueItem[id=5031739576604847, name=SHORT00FA1A240403404C7E097D7007C591BE2AB1TSTEXC-LOCALCIINTSTUDENT1, buildAgent=BuildAgentDTO[name=artemis-build-agent-test, memberAddress=[127.0.0.1]:5703, displayName=artemis-build-agent-test], participationId=503, courseId=161, exerciseId=312, retryCount=0, priority=2, status=FAILED, repositoryInfo=RepositoryInfo[repositoryName=short00fa1a240403404c7e097d7007c591be2ab1tstexc-localciintstudent1, repositoryType=user, triggeredByPushTo=user, assignmentRepositoryUri=http://localhost:49152/git/SHORT00FA1A240403404C7E097D7007C591BE2AB1TSTEXC/short00fa1a240403404c7e097d7007c591be2ab1tstexc-localciintstudent1.git, testRepositoryUri=http://localhost:49152/git/SHORT00FA1A240403404C7E097D7007C591BE2AB1TSTEXC/short00fa1a240403404c7e097d7007c591be2ab1tstexc-tests.git, solutionRepositoryUri=null, auxiliaryRepositoryUris=[Ljava.lang.String;@78da13bf, auxiliaryRepositoryCheckoutDirectories=[Ljava.lang.String;@45ddf409], jobTimingInfo=JobTimingInfo[submissionDate=2025-02-14T23:43:24.847396156Z[Etc/UTC], buildStartDate=2025-02-14T23:43:24.860457211Z[Etc/UTC], buildCompletionDate=2025-02-14T23:43:26.809353681Z[Etc/UTC], estimatedCompletionDate=2025-02-14T23:43:46.860451490Z[Etc/UTC], estimatedDuration=22], buildConfig=BuildConfig[buildScript=#!/bin/bash
cd /var/tmp/testing-dir
chmod +x ./gradlew
./gradlew clean test
, dockerImage=dummy-docker-image:latest, commitHashToBuild=9690714a509af0a98c6790a7e52ee3574c7ef689, assignmentCommitHash=9690714a509af0a98c6790a7e52ee3574c7ef689, testCommitHash=9690714a509af0a98c6790a7e52ee3574c7ef689, branch=main, programmingLanguage=JAVA, projectType=PLAIN_GRADLE, scaEnabled=false, sequentialTestRunsEnabled=false, resultPaths=[/var/tmp/testing-dir/**/test-results/test/*.xml], timeoutSeconds=0, assignmentCheckoutPath=null, testCheckoutPath=null, solutionCheckoutPath=null, dockerRunConfig=null], submissionResult=ResultDTO[id=144, completionDate=2025-02-14T23:43:26.809483684Z[Etc/UTC], successful=false, score=0.0, rated=true, submission=SubmissionDTO[id=133, submitted=true, type=MANUAL, exampleSubmission=null, submissionDate=2025-02-14T23:43:24.841319Z, commitHash=9690714a509af0a98c6790a7e52ee3574c7ef689, buildFailed=true, buildArtifact=false, participation=ParticipationDTO[id=503, testRun=false, type=programming, submissionCount=null, exercise=ParticipationExerciseDTO[id=312, exerciseType=PROGRAMMING, type=programming, assessmentType=AUTOMATIC, dueDate=2025-02-16T23:43:24.571329Z, assessmentDueDate=null, maxPoints=42.0, course=CourseDTO[id=161, accuracyOfScores=1]]], submissionExerciseType=programming, isProcessing=false, buildStartDate=null, estimatedCompletionDate=null], participation=ParticipationDTO[id=503, testRun=false, type=programming, submissionCount=null, exercise=ParticipationExerciseDTO[id=312, exerciseType=PROGRAMMING, type=programming, assessmentType=AUTOMATIC, dueDate=2025-02-16T23:43:24.571329Z, assessmentDueDate=null, maxPoints=42.0, course=CourseDTO[id=161, accuracyOfScores=1]]], feedbacks=[], assessmentType=AUTOMATIC, hasComplaint=null, exampleResult=null, testCaseCount=0, passedTestCaseCount=0, codeIssueCount=0]]], publicSshKey=ssh-rsa AAAAB3NzaC1yc2EAAAADAQABAAACAQCOPdMsxRE2jFJ/UEa5/LsBxtwzJcrh3/rYBCQvcMeVpiRfhzQPWu7mrt/G2Ew+i+vRloGH9aqKg6dd1liRncao53Zmd/ePxoatXePNhmzTfkCkcSkTUz7B+QMjkoDDV5jwuFPD6mF3JkhuzSi64n9Zy905t4w2IhVcjM2mL3eYNjiCXt6Qpq3Pkt7dM/Ksw1nxnvuiIALuJLB3FTkXkHqq3PJav+9HSq2r6ZaWgekneaGxlQlb+U+Vy3XOuArKAzK8c8i+0bR+AHiTG6ncYXt7ax3U+TdlDTF7OLP3umwaYjs1NBXOHwG42pevvpKn2fqavZZozk+M05jXLx3bq0O7itxfErWc7etky8qYPyyIMF/txQIVLd78+Ze4d7Y60t5MGbXM5cGE6fFif5fEJwgswXD+BrG0cafz1CTatjSKFdvp8Vp4VszXhHDan1PrP6JEFJ5Cc5GDmLRZPCFa3vL9f5qXgf4bkqKN8MYeEujwJE5nMRWoiJVNakix2bcrrneQMBlnYeYZVWXXXUusAQBzl4NgddC1umZpihZkL1b1MffZAUW3EGEXi7KHnllQhkTLLsQ8ntMgbylqaJKStqaXlLvdeRJcEnUuiFCrHEVVbXRFZR7XVDZ02CE5o3MuaRPty8Kh+jRTF3COlAckHwYEJCNNJvXFgb2CNXL4mjzYDw== test@localhost]
    23:43:26.961 | 566 localvc.event-13 | DEBUG | a.p.s.l.SharedQueueManagementService : Build agent updated: null
    23:43:26.970 | 566 localvc.event-13 | DEBUG | a.p.s.l.LocalCIQueueWebsocketService : Build agent updated: BuildAgentInformation[buildAgent=BuildAgentDTO[name=artemis-build-agent-test, memberAddress=[127.0.0.1]:5703, displayName=artemis-build-agent-test], maxNumberOfConcurrentBuildJobs=1, numberOfCurrentBuildJobs=1, runningBuildJobs=[BuildJobQueueItem[id=5061739576605250, name=SHORT62C808EE04ECE040740AF7B0CF3AE5F5BEF2TSTEXC-LOCALCIINTSTUDENT1, buildAgent=BuildAgentDTO[name=artemis-build-agent-test, memberAddress=[127.0.0.1]:5703, displayName=artemis-build-agent-test], participationId=506, courseId=162, exerciseId=313, retryCount=0, priority=2, status=null, repositoryInfo=RepositoryInfo[repositoryName=short62c808ee04ece040740af7b0cf3ae5f5bef2tstexc-localciintstudent1, repositoryType=user, triggeredByPushTo=user, assignmentRepositoryUri=http://localhost:49152/git/SHORT62C808EE04ECE040740AF7B0CF3AE5F5BEF2TSTEXC/short62c808ee04ece040740af7b0cf3ae5f5bef2tstexc-localciintstudent1.git, testRepositoryUri=http://localhost:49152/git/SHORT62C808EE04ECE040740AF7B0CF3AE5F5BEF2TSTEXC/short62c808ee04ece040740af7b0cf3ae5f5bef2tstexc-tests.git, solutionRepositoryUri=null, auxiliaryRepositoryUris=[Ljava.lang.String;@2a53b965, auxiliaryRepositoryCheckoutDirectories=[Ljava.lang.String;@2bc007b], jobTimingInfo=JobTimingInfo[submissionDate=2025-02-14T23:43:25.250749866Z[Etc/UTC], buildStartDate=2025-02-14T23:43:26.820713075Z[Etc/UTC], buildCompletionDate=null, estimatedCompletionDate=2025-02-14T23:43:45.820704920Z[Etc/UTC], estimatedDuration=19], buildConfig=BuildConfig[buildScript=#!/bin/bash
cd /var/tmp/testing-dir
chmod +x ./gradlew
./gradlew clean test
, dockerImage=dummy-docker-image:latest, commitHashToBuild=993b6f756e3e52a44d0537d4fa3a5d0e0acdbe89, assignmentCommitHash=993b6f756e3e52a44d0537d4fa3a5d0e0acdbe89, testCommitHash=993b6f756e3e52a44d0537d4fa3a5d0e0acdbe89, branch=main, programmingLanguage=JAVA, projectType=null, scaEnabled=false, sequentialTestRunsEnabled=false, resultPaths=[/var/tmp/testing-dir/**/test-results/test/*.xml], timeoutSeconds=0, assignmentCheckoutPath=null, testCheckoutPath=null, solutionCheckoutPath=null, dockerRunConfig=null], submissionResult=null]], status=ACTIVE, recentBuildJobs=[BuildJobQueueItem[id=4621739576562326, name=SHORT43ACF76B02BC1044B80938509D14043FABDETSTEXC-LOCALCIINTSTUDENT1, buildAgent=BuildAgentDTO[name=artemis-build-agent-test, memberAddress=[127.0.0.1]:5703, displayName=artemis-build-agent-test], participationId=462, courseId=147, exerciseId=298, retryCount=0, priority=2, status=SUCCESSFUL, repositoryInfo=RepositoryInfo[repositoryName=short43acf76b02bc1044b80938509d14043fabdetstexc-localciintstudent1, repositoryType=user, triggeredByPushTo=user, assignmentRepositoryUri=http://localhost:49152/git/SHORT43ACF76B02BC1044B80938509D14043FABDETSTEXC/short43acf76b02bc1044b80938509d14043fabdetstexc-localciintstudent1.git, testRepositoryUri=http://localhost:49152/git/SHORT43ACF76B02BC1044B80938509D14043FABDETSTEXC/short43acf76b02bc1044b80938509d14043fabdetstexc-tests.git, solutionRepositoryUri=null, auxiliaryRepositoryUris=[Ljava.lang.String;@28ebc199, auxiliaryRepositoryCheckoutDirectories=[Ljava.lang.String;@574e67a0], jobTimingInfo=JobTimingInfo[submissionDate=2025-02-14T23:42:42.326978596Z[Etc/UTC], buildStartDate=2025-02-14T23:42:42.420147010Z[Etc/UTC], buildCompletionDate=2025-02-14T23:42:45.573855829Z[Etc/UTC], estimatedCompletionDate=2025-02-14T23:43:01.420129377Z[Etc/UTC], estimatedDuration=19], buildConfig=BuildConfig[buildScript=#!/bin/bash
cd /var/tmp/testing-dir
chmod +x ./gradlew
./gradlew clean test
, dockerImage=dummy-docker-image:latest, commitHashToBuild=a9c717ccf7bcbe9531d3eee21dbaeb5aab2ff971, assignmentCommitHash=a9c717ccf7bcbe9531d3eee21dbaeb5aab2ff971, testCommitHash=a9c717ccf7bcbe9531d3eee21dbaeb5aab2ff971, branch=main, programmingLanguage=JAVA, projectType=PLAIN_GRADLE, scaEnabled=false, sequentialTestRunsEnabled=false, resultPaths=[/var/tmp/testing-dir/**/test-results/test/*.xml], timeoutSeconds=0, assignmentCheckoutPath=null, testCheckoutPath=null, solutionCheckoutPath=null, dockerRunConfig=DockerRunConfig[isNetworkDisabled=true, env=[key=value]]], submissionResult=ResultDTO[id=132, completionDate=2025-02-14T23:42:45.519869118Z[Etc/UTC], successful=false, score=7.7, rated=true, submission=SubmissionDTO[id=119, submitted=true, type=MANUAL, exampleSubmission=null, submissionDate=2025-02-14T23:42:42.302762Z, commitHash=a9c717ccf7bcbe9531d3eee21dbaeb5aab2ff971, buildFailed=false, buildArtifact=false, participation=ParticipationDTO[id=462, testRun=false, type=programming, submissionCount=null, exercise=ParticipationExerciseDTO[id=298, exerciseType=PROGRAMMING, type=programming, assessmentType=AUTOMATIC, dueDate=2025-02-16T23:42:41.553955Z, assessmentDueDate=null, maxPoints=42.0, course=CourseDTO[id=147, accuracyOfScores=1]]], submissionExerciseType=programming, isProcessing=false, buildStartDate=null, estimatedCompletionDate=null], participation=ParticipationDTO[id=462, testRun=false, type=programming, submissionCount=null, exercise=ParticipationExerciseDTO[id=298, exerciseType=PROGRAMMING, type=programming, assessmentType=AUTOMATIC, dueDate=2025-02-16T23:42:41.553955Z, assessmentDueDate=null, maxPoints=42.0, course=CourseDTO[id=147, accuracyOfScores=1]]], feedbacks=[FeedbackDTO[id=67, text=null, detailText=The exercise expects a class with the name Context in the package testpackage. You did not implement the class in the exercise., hasLongFeedbackText=false, reference=null, credits=0.0, positive=false, type=AUTOMATIC, visibility=ALWAYS, testCase=TestCaseDTO[testName=null, id=13]], FeedbackDTO[id=68, text=null, detailText=The exercise expects a class with the name Policy in the package testpackage. You did not implement the class in the exercise., hasLongFeedbackText=false, reference=null, credits=0.0, positive=false, type=AUTOMATIC, visibility=ALWAYS, testCase=TestCaseDTO[testName=null, id=14]], FeedbackDTO[id=69, text=null, detailText=The exercise expects a class with the name SortStrategy in the package testpackage. You did not implement the class in the exercise., hasLongFeedbackText=false, reference=null, credits=0.0, positive=false, type=AUTOMATIC, visibility=ALWAYS, testCase=TestCaseDTO[testName=null, id=15]], FeedbackDTO[id=70, text=null, detailText=The class 'MergeSort' does not implement the interface 'SortStrategy' as expected. Implement the interface and its methods., hasLongFeedbackText=false, reference=null, credits=0.0, positive=false, type=AUTOMATIC, visibility=ALWAYS, testCase=TestCaseDTO[testName=null, id=10]], FeedbackDTO[id=71, text=null, detailText=The exercise expects a class with the name SortStrategy in the package testpackage. You did not implement the class in the exercise., hasLongFeedbackText=false, reference=null, credits=0.0, positive=false, type=AUTOMATIC, visibility=ALWAYS, testCase=TestCaseDTO[testName=null, id=7]], FeedbackDTO[id=72, text=null, detailText=The class 'BubbleSort' does not implement the interface 'SortStrategy' as expected. Implement the interface and its methods., hasLongFeedbackText=false, reference=null, credits=0.0, positive=false, type=AUTOMATIC, visibility=ALWAYS, testCase=TestCaseDTO[testName=null, id=11]], FeedbackDTO[id=73, text=null, detailText=MergeSort does not sort correctly, hasLongFeedbackText=false, reference=null, credits=0.0, positive=false, type=AUTOMATIC, visibility=ALWAYS, testCase=TestCaseDTO[testName=null, id=16]], FeedbackDTO[id=74, text=null, detailText=The class 'Context' was not found within the submission. Make sure to implement it properly., hasLongFeedbackText=false, reference=null, credits=0.0, positive=false, type=AUTOMATIC, visibility=ALWAYS, testCase=TestCaseDTO[testName=null, id=17]], FeedbackDTO[id=75, text=null, detailText=The class 'Context' was not found within the submission. Make sure to implement it properly., hasLongFeedbackText=false, reference=null, credits=0.0, positive=false, type=AUTOMATIC, visibility=ALWAYS, testCase=TestCaseDTO[testName=null, id=18]], FeedbackDTO[id=76, text=null, detailText=The exercise expects a class with the name Policy in the package testpackage. You did not implement the class in the exercise., hasLongFeedbackText=false, reference=null, credits=0.0, positive=false, type=AUTOMATIC, visibility=ALWAYS, testCase=TestCaseDTO[testName=null, id=12]], FeedbackDTO[id=77, text=null, detailText=The exercise expects a class with the name Context in the package testpackage. You did not implement the class in the exercise., hasLongFeedbackText=false, reference=null, credits=0.0, positive=false, type=AUTOMATIC, visibility=ALWAYS, testCase=TestCaseDTO[testName=null, id=8]], FeedbackDTO[id=78, text=null, detailText=The exercise expects a class with the name Policy in the package testpackage. You did not implement the class in the exercise., hasLongFeedbackText=false, reference=null, credits=0.0, positive=false, type=AUTOMATIC, visibility=ALWAYS, testCase=TestCaseDTO[testName=null, id=9]], FeedbackDTO[id=79, text=null, detailText=null, hasLongFeedbackText=false, reference=null, credits=3.230769230769231, positive=true, type=AUTOMATIC, visibility=ALWAYS, testCase=TestCaseDTO[testName=null, id=19]]], assessmentType=AUTOMATIC, hasComplaint=null, exampleResult=null, testCaseCount=13, passedTestCaseCount=1, codeIssueCount=0]], BuildJobQueueItem[id=4651739576569330, name=SHORTB06DD3F905F4604F6E085260D83ED657A6DFTSTEXC-LOCALCIINTSTUDENT1, buildAgent=BuildAgentDTO[name=artemis-build-agent-test, memberAddress=[127.0.0.1]:5703, displayName=artemis-build-agent-test], participationId=465, courseId=148, exerciseId=299, retryCount=0, priority=2, status=SUCCESSFUL, repositoryInfo=RepositoryInfo[repositoryName=shortb06dd3f905f4604f6e085260d83ed657a6dftstexc-localciintstudent1, repositoryType=user, triggeredByPushTo=user, assignmentRepositoryUri=http://localhost:49152/git/SHORTB06DD3F905F4604F6E085260D83ED657A6DFTSTEXC/shortb06dd3f905f4604f6e085260d83ed657a6dftstexc-localciintstudent1.git, testRepositoryUri=http://localhost:49152/git/SHORTB06DD3F905F4604F6E085260D83ED657A6DFTSTEXC/shortb06dd3f905f4604f6e085260d83ed657a6dftstexc-tests.git, solutionRepositoryUri=null, auxiliaryRepositoryUris=[Ljava.lang.String;@60e164bd, auxiliaryRepositoryCheckoutDirectories=[Ljava.lang.String;@2bc0f02], jobTimingInfo=JobTimingInfo[submissionDate=2025-02-14T23:42:49.330093960Z[Etc/UTC], buildStartDate=2025-02-14T23:42:49.347797345Z[Etc/UTC], buildCompletionDate=2025-02-14T23:42:51.204319751Z[Etc/UTC], estimatedCompletionDate=2025-02-14T23:43:08.347788449Z[Etc/UTC], estimatedDuration=19], buildConfig=BuildConfig[buildScript=#!/bin/bash
cd /var/tmp/testing-dir
chmod +x ./gradlew
./gradlew clean test
, dockerImage=dummy-docker-image:latest, commitHashToBuild=41581fff25954d36cf07586926ee0c77d1003131, assignmentCommitHash=41581fff25954d36cf07586926ee0c77d1003131, testCommitHash=41581fff25954d36cf07586926ee0c77d1003131, branch=main, programmingLanguage=JAVA, projectType=PLAIN_GRADLE, scaEnabled=false, sequentialTestRunsEnabled=false, resultPaths=[/var/tmp/testing-dir/**/test-results/test/*.xml], timeoutSeconds=0, assignmentCheckoutPath=null, testCheckoutPath=null, solutionCheckoutPath=null, dockerRunConfig=null], submissionResult=ResultDTO[id=133, completionDate=2025-02-14T23:42:51.155372920Z[Etc/UTC], successful=false, score=7.7, rated=true, submission=SubmissionDTO[id=120, submitted=true, type=MANUAL, exampleSubmission=null, submissionDate=2025-02-14T23:42:49.321855Z, commitHash=41581fff25954d36cf07586926ee0c77d1003131, buildFailed=false, buildArtifact=false, participation=ParticipationDTO[id=465, testRun=false, type=programming, submissionCount=null, exercise=ParticipationExerciseDTO[id=299, exerciseType=PROGRAMMING, type=programming, assessmentType=AUTOMATIC, dueDate=2025-02-16T23:42:49.163661Z, assessmentDueDate=null, maxPoints=42.0, course=CourseDTO[id=148, accuracyOfScores=1]]], submissionExerciseType=programming, isProcessing=false, buildStartDate=null, estimatedCompletionDate=null], participation=ParticipationDTO[id=465, testRun=false, type=programming, submissionCount=null, exercise=ParticipationExerciseDTO[id=299, exerciseType=PROGRAMMING, type=programming, assessmentType=AUTOMATIC, dueDate=2025-02-16T23:42:49.163661Z, assessmentDueDate=null, maxPoints=42.0, course=CourseDTO[id=148, accuracyOfScores=1]]], feedbacks=[FeedbackDTO[id=80, text=null, detailText=The exercise expects a class with the name Context in the package testpackage. You did not implement the class in the exercise., hasLongFeedbackText=false, reference=null, credits=0.0, positive=false, type=AUTOMATIC, visibility=ALWAYS, testCase=TestCaseDTO[testName=null, id=26]], FeedbackDTO[id=81, text=null, detailText=The exercise expects a class with the name Policy in the package testpackage. You did not implement the class in the exercise., hasLongFeedbackText=false, reference=null, credits=0.0, positive=false, type=AUTOMATIC, visibility=ALWAYS, testCase=TestCaseDTO[testName=null, id=27]], FeedbackDTO[id=82, text=null, detailText=The exercise expects a class with the name SortStrategy in the package testpackage. You did not implement the class in the exercise., hasLongFeedbackText=false, reference=null, credits=0.0, positive=false, type=AUTOMATIC, visibility=ALWAYS, testCase=TestCaseDTO[testName=null, id=28]], FeedbackDTO[id=83, text=null, detailText=The class 'MergeSort' does not implement the interface 'SortStrategy' as expected. Implement the interface and its methods., hasLongFeedbackText=false, reference=null, credits=0.0, positive=false, type=AUTOMATIC, visibility=ALWAYS, testCase=TestCaseDTO[testName=null, id=23]], FeedbackDTO[id=84, text=null, detailText=The exercise expects a class with the name SortStrategy in the package testpackage. You did not implement the class in the exercise., hasLongFeedbackText=false, reference=null, credits=0.0, positive=false, type=AUTOMATIC, visibility=ALWAYS, testCase=TestCaseDTO[testName=null, id=20]], FeedbackDTO[id=85, text=null, detailText=The class 'BubbleSort' does not implement the interface 'SortStrategy' as expected. Implement the interface and its methods., hasLongFeedbackText=false, reference=null, credits=0.0, positive=false, type=AUTOMATIC, visibility=ALWAYS, testCase=TestCaseDTO[testName=null, id=24]], FeedbackDTO[id=86, text=null, detailText=MergeSort does not sort correctly, hasLongFeedbackText=false, reference=null, credits=0.0, positive=false, type=AUTOMATIC, visibility=ALWAYS, testCase=TestCaseDTO[testName=null, id=29]], FeedbackDTO[id=87, text=null, detailText=The class 'Context' was not found within the submission. Make sure to implement it properly., hasLongFeedbackText=false, reference=null, credits=0.0, positive=false, type=AUTOMATIC, visibility=ALWAYS, testCase=TestCaseDTO[testName=null, id=30]], FeedbackDTO[id=88, text=null, detailText=The class 'Context' was not found within the submission. Make sure to implement it properly., hasLongFeedbackText=false, reference=null, credits=0.0, positive=false, type=AUTOMATIC, visibility=ALWAYS, testCase=TestCaseDTO[testName=null, id=31]], FeedbackDTO[id=89, text=null, detailText=The exercise expects a class with the name Policy in the package testpackage. You did not implement the class in the exercise., hasLongFeedbackText=false, reference=null, credits=0.0, positive=false, type=AUTOMATIC, visibility=ALWAYS, testCase=TestCaseDTO[testName=null, id=25]], FeedbackDTO[id=90, text=null, detailText=The exercise expects a class with the name Context in the package testpackage. You did not implement the class in the exercise., hasLongFeedbackText=false, reference=null, credits=0.0, positive=false, type=AUTOMATIC, visibility=ALWAYS, testCase=TestCaseDTO[testName=null, id=21]], FeedbackDTO[id=91, text=null, detailText=The exercise expects a class with the name Policy in the package testpackage. You did not implement the class in the exercise., hasLongFeedbackText=false, reference=null, credits=0.0, positive=false, type=AUTOMATIC, visibility=ALWAYS, testCase=TestCaseDTO[testName=null, id=22]], FeedbackDTO[id=92, text=null, detailText=null, hasLongFeedbackText=false, reference=null, credits=3.230769230769231, positive=true, type=AUTOMATIC, visibility=ALWAYS, testCase=TestCaseDTO[testName=null, id=32]]], assessmentType=AUTOMATIC, hasComplaint=null, exampleResult=null, testCaseCount=13, passedTestCaseCount=1, codeIssueCount=0]], BuildJobQueueItem[id=4681739576573068, name=SHORTBCF65534040390488B0A46605F5F3776B89ATSTEXC-LOCALCIINTSTUDENT1, buildAgent=BuildAgentDTO[name=artemis-build-agent-test, memberAddress=[127.0.0.1]:5703, displayName=artemis-build-agent-test], participationId=468, courseId=149, exerciseId=300, retryCount=0, priority=2, status=SUCCESSFUL, repositoryInfo=RepositoryInfo[repositoryName=shortbcf65534040390488b0a46605f5f3776b89atstexc-localciintstudent1, repositoryType=user, triggeredByPushTo=user, assignmentRepositoryUri=http://localhost:49152/git/SHORTBCF65534040390488B0A46605F5F3776B89ATSTEXC/shortbcf65534040390488b0a46605f5f3776b89atstexc-localciintstudent1.git, testRepositoryUri=http://localhost:49152/git/SHORTBCF65534040390488B0A46605F5F3776B89ATSTEXC/shortbcf65534040390488b0a46605f5f3776b89atstexc-tests.git, solutionRepositoryUri=null, auxiliaryRepositoryUris=[Ljava.lang.String;@742df1c5, auxiliaryRepositoryCheckoutDirectories=[Ljava.lang.String;@507afb87], jobTimingInfo=JobTimingInfo[submissionDate=2025-02-14T23:42:53.068019209Z[Etc/UTC], buildStartDate=2025-02-14T23:42:53.092867394Z[Etc/UTC], buildCompletionDate=2025-02-14T23:42:55.086950323Z[Etc/UTC], estimatedCompletionDate=2025-02-14T23:43:12.092858828Z[Etc/UTC], estimatedDuration=19], buildConfig=BuildConfig[buildScript=#!/bin/bash
cd /var/tmp/testing-dir
chmod +x ./gradlew
./gradlew clean test
, dockerImage=dummy-docker-image:latest, commitHashToBuild=2d5c0482fc77d3f5ec0841962528a43054e83170, assignmentCommitHash=2d5c0482fc77d3f5ec0841962528a43054e83170, testCommitHash=7477e25d56ce5fee2c938542a7e7ed4ed085d373, branch=main, programmingLanguage=JAVA, projectType=PLAIN_GRADLE, scaEnabled=false, sequentialTestRunsEnabled=false, resultPaths=[/var/tmp/testing-dir/**/test-results/test/*.xml], timeoutSeconds=0, assignmentCheckoutPath=null, testCheckoutPath=null, solutionCheckoutPath=null, dockerRunConfig=null], submissionResult=ResultDTO[id=134, completionDate=2025-02-14T23:42:55.059618627Z[Etc/UTC], successful=false, score=7.7, rated=true, submission=SubmissionDTO[id=121, submitted=true, type=MANUAL, exampleSubmission=null, submissionDate=2025-02-14T23:42:53.048221Z, commitHash=2d5c0482fc77d3f5ec0841962528a43054e83170, buildFailed=false, buildArtifact=false, participation=ParticipationDTO[id=468, testRun=false, type=programming, submissionCount=null, exercise=ParticipationExerciseDTO[id=300, exerciseType=PROGRAMMING, type=programming, assessmentType=AUTOMATIC, dueDate=2025-02-16T23:42:52.873722Z, assessmentDueDate=null, maxPoints=42.0, course=CourseDTO[id=149, accuracyOfScores=1]]], submissionExerciseType=programming, isProcessing=false, buildStartDate=null, estimatedCompletionDate=null], participation=ParticipationDTO[id=468, testRun=false, type=programming, submissionCount=null, exercise=ParticipationExerciseDTO[id=300, exerciseType=PROGRAMMING, type=programming, assessmentType=AUTOMATIC, dueDate=2025-02-16T23:42:52.873722Z, assessmentDueDate=null, maxPoints=42.0, course=CourseDTO[id=149, accuracyOfScores=1]]], feedbacks=[FeedbackDTO[id=93, text=null, detailText=The exercise expects a class with the name Context in the package testpackage. You did not implement the class in the exercise., hasLongFeedbackText=false, reference=null, credits=0.0, positive=false, type=AUTOMATIC, visibility=ALWAYS, testCase=TestCaseDTO[testName=null, id=39]], FeedbackDTO[id=94, text=null, detailText=The exercise expects a class with the name Policy in the package testpackage. You did not implement the class in the exercise., hasLongFeedbackText=false, reference=null, credits=0.0, positive=false, type=AUTOMATIC, visibility=ALWAYS, testCase=TestCaseDTO[testName=null, id=40]], FeedbackDTO[id=95, text=null, detailText=The exercise expects a class with the name SortStrategy in the package testpackage. You did not implement the class in the exercise., hasLongFeedbackText=false, reference=null, credits=0.0, positive=false, type=AUTOMATIC, visibility=ALWAYS, testCase=TestCaseDTO[testName=null, id=41]], FeedbackDTO[id=96, text=null, detailText=The class 'MergeSort' does not implement the interface 'SortStrategy' as expected. Implement the interface and its methods., hasLongFeedbackText=false, reference=null, credits=0.0, positive=false, type=AUTOMATIC, visibility=ALWAYS, testCase=TestCaseDTO[testName=null, id=36]], FeedbackDTO[id=97, text=null, detailText=The exercise expects a class with the name SortStrategy in the package testpackage. You did not implement the class in the exercise., hasLongFeedbackText=false, reference=null, credits=0.0, positive=false, type=AUTOMATIC, visibility=ALWAYS, testCase=TestCaseDTO[testName=null, id=33]], FeedbackDTO[id=98, text=null, detailText=The class 'BubbleSort' does not implement the interface 'SortStrategy' as expected. Implement the interface and its methods., hasLongFeedbackText=false, reference=null, credits=0.0, positive=false, type=AUTOMATIC, visibility=ALWAYS, testCase=TestCaseDTO[testName=null, id=37]], FeedbackDTO[id=99, text=null, detailText=MergeSort does not sort correctly, hasLongFeedbackText=false, reference=null, credits=0.0, positive=false, type=AUTOMATIC, visibility=ALWAYS, testCase=TestCaseDTO[testName=null, id=42]], FeedbackDTO[id=100, text=null, detailText=The class 'Context' was not found within the submission. Make sure to implement it properly., hasLongFeedbackText=false, reference=null, credits=0.0, positive=false, type=AUTOMATIC, visibility=ALWAYS, testCase=TestCaseDTO[testName=null, id=43]], FeedbackDTO[id=101, text=null, detailText=The class 'Context' was not found within the submission. Make sure to implement it properly., hasLongFeedbackText=false, reference=null, credits=0.0, positive=false, type=AUTOMATIC, visibility=ALWAYS, testCase=TestCaseDTO[testName=null, id=44]], FeedbackDTO[id=102, text=null, detailText=The exercise expects a class with the name Policy in the package testpackage. You did not implement the class in the exercise., hasLongFeedbackText=false, reference=null, credits=0.0, positive=false, type=AUTOMATIC, visibility=ALWAYS, testCase=TestCaseDTO[testName=null, id=38]], FeedbackDTO[id=103, text=null, detailText=The exercise expects a class with the name Context in the package testpackage. You did not implement the class in the exercise., hasLongFeedbackText=false, reference=null, credits=0.0, positive=false, type=AUTOMATIC, visibility=ALWAYS, testCase=TestCaseDTO[testName=null, id=34]], FeedbackDTO[id=104, text=null, detailText=The exercise expects a class with the name Policy in the package testpackage. You did not implement the class in the exercise., hasLongFeedbackText=false, reference=null, credits=0.0, positive=false, type=AUTOMATIC, visibility=ALWAYS, testCase=TestCaseDTO[testName=null, id=35]], FeedbackDTO[id=105, text=null, detailText=null, hasLongFeedbackText=false, reference=null, credits=3.230769230769231, positive=true, type=AUTOMATIC, visibility=ALWAYS, testCase=TestCaseDTO[testName=null, id=45]]], assessmentType=AUTOMATIC, hasComplaint=null, exampleResult=null, testCaseCount=13, passedTestCaseCount=1, codeIssueCount=0]], BuildJobQueueItem[id=4741739576577297, name=SHORT88A9A223023E2047B709E4A029FA08BCF2CFTSTEXC-LOCALCIINTSTUDENT1, buildAgent=BuildAgentDTO[name=artemis-build-agent-test, memberAddress=[127.0.0.1]:5703, displayName=artemis-build-agent-test], participationId=474, courseId=151, exerciseId=302, retryCount=0, priority=2, status=SUCCESSFUL, repositoryInfo=RepositoryInfo[repositoryName=short88a9a223023e2047b709e4a029fa08bcf2cftstexc-localciintstudent1, repositoryType=user, triggeredByPushTo=user, assignmentRepositoryUri=http://localhost:49152/git/SHORT88A9A223023E2047B709E4A029FA08BCF2CFTSTEXC/short88a9a223023e2047b709e4a029fa08bcf2cftstexc-localciintstudent1.git, testRepositoryUri=http://localhost:49152/git/SHORT88A9A223023E2047B709E4A029FA08BCF2CFTSTEXC/short88a9a223023e2047b709e4a029fa08bcf2cftstexc-tests.git, solutionRepositoryUri=null, auxiliaryRepositoryUris=[Ljava.lang.String;@3bd5a9b9, auxiliaryRepositoryCheckoutDirectories=[Ljava.lang.String;@597365de], jobTimingInfo=JobTimingInfo[submissionDate=2025-02-14T23:42:57.297342281Z[Etc/UTC], buildStartDate=2025-02-14T23:42:57.308570327Z[Etc/UTC], buildCompletionDate=2025-02-14T23:42:59.047616654Z[Etc/UTC], estimatedCompletionDate=2025-02-14T23:43:16.308558064Z[Etc/UTC], estimatedDuration=19], buildConfig=BuildConfig[buildScript=#!/bin/bash
cd /var/tmp/testing-dir
chmod +x ./gradlew
./gradlew clean test
, dockerImage=dummy-docker-image:latest, commitHashToBuild=736cbea1e46d6849b41266b2bf1cccd3b9ea55b1, assignmentCommitHash=736cbea1e46d6849b41266b2bf1cccd3b9ea55b1, testCommitHash=ea6267edd396a304305339b036512b63e0374c66, branch=main, programmingLanguage=JAVA, projectType=PLAIN_GRADLE, scaEnabled=false, sequentialTestRunsEnabled=false, resultPaths=[/var/tmp/testing-dir/**/test-results/test/*.xml], timeoutSeconds=0, assignmentCheckoutPath=null, testCheckoutPath=null, solutionCheckoutPath=null, dockerRunConfig=null], submissionResult=ResultDTO[id=135, completionDate=2025-02-14T23:42:59.014168821Z[Etc/UTC], successful=false, score=7.7, rated=true, submission=SubmissionDTO[id=123, submitted=true, type=MANUAL, exampleSubmission=null, submissionDate=2025-02-14T23:42:57.278471Z, commitHash=736cbea1e46d6849b41266b2bf1cccd3b9ea55b1, buildFailed=false, buildArtifact=false, participation=ParticipationDTO[id=474, testRun=false, type=programming, submissionCount=null, exercise=ParticipationExerciseDTO[id=302, exerciseType=PROGRAMMING, type=programming, assessmentType=AUTOMATIC, dueDate=2025-02-16T23:42:56.796251Z, assessmentDueDate=null, maxPoints=42.0, course=CourseDTO[id=151, accuracyOfScores=1]]], submissionExerciseType=programming, isProcessing=false, buildStartDate=null, estimatedCompletionDate=null], participation=ParticipationDTO[id=474, testRun=false, type=programming, submissionCount=null, exercise=ParticipationExerciseDTO[id=302, exerciseType=PROGRAMMING, type=programming, assessmentType=AUTOMATIC, dueDate=2025-02-16T23:42:56.796251Z, assessmentDueDate=null, maxPoints=42.0, course=CourseDTO[id=151, accuracyOfScores=1]]], feedbacks=[FeedbackDTO[id=106, text=null, detailText=The exercise expects a class with the name Context in the package testpackage. You did not implement the class in the exercise., hasLongFeedbackText=false, reference=null, credits=0.0, positive=false, type=AUTOMATIC, visibility=ALWAYS, testCase=TestCaseDTO[testName=null, id=65]], FeedbackDTO[id=107, text=null, detailText=The exercise expects a class with the name Policy in the package testpackage. You did not implement the class in the exercise., hasLongFeedbackText=false, reference=null, credits=0.0, positive=false, type=AUTOMATIC, visibility=ALWAYS, testCase=TestCaseDTO[testName=null, id=66]], FeedbackDTO[id=108, text=null, detailText=The exercise expects a class with the name SortStrategy in the package testpackage. You did not implement the class in the exercise., hasLongFeedbackText=false, reference=null, credits=0.0, positive=false, type=AUTOMATIC, visibility=ALWAYS, testCase=TestCaseDTO[testName=null, id=67]], FeedbackDTO[id=109, text=null, detailText=The class 'MergeSort' does not implement the interface 'SortStrategy' as expected. Implement the interface and its methods., hasLongFeedbackText=false, reference=null, credits=0.0, positive=false, type=AUTOMATIC, visibility=ALWAYS, testCase=TestCaseDTO[testName=null, id=62]], FeedbackDTO[id=110, text=null, detailText=The exercise expects a class with the name SortStrategy in the package testpackage. You did not implement the class in the exercise., hasLongFeedbackText=false, reference=null, credits=0.0, positive=false, type=AUTOMATIC, visibility=ALWAYS, testCase=TestCaseDTO[testName=null, id=59]], FeedbackDTO[id=111, text=null, detailText=The class 'BubbleSort' does not implement the interface 'SortStrategy' as expected. Implement the interface and its methods., hasLongFeedbackText=false, reference=null, credits=0.0, positive=false, type=AUTOMATIC, visibility=ALWAYS, testCase=TestCaseDTO[testName=null, id=63]], FeedbackDTO[id=112, text=null, detailText=MergeSort does not sort correctly, hasLongFeedbackText=false, reference=null, credits=0.0, positive=false, type=AUTOMATIC, visibility=ALWAYS, testCase=TestCaseDTO[testName=null, id=68]], FeedbackDTO[id=113, text=null, detailText=The class 'Context' was not found within the submission. Make sure to implement it properly., hasLongFeedbackText=false, reference=null, credits=0.0, positive=false, type=AUTOMATIC, visibility=ALWAYS, testCase=TestCaseDTO[testName=null, id=69]], FeedbackDTO[id=114, text=null, detailText=The class 'Context' was not found within the submission. Make sure to implement it properly., hasLongFeedbackText=false, reference=null, credits=0.0, positive=false, type=AUTOMATIC, visibility=ALWAYS, testCase=TestCaseDTO[testName=null, id=70]], FeedbackDTO[id=115, text=null, detailText=The exercise expects a class with the name Policy in the package testpackage. You did not implement the class in the exercise., hasLongFeedbackText=false, reference=null, credits=0.0, positive=false, type=AUTOMATIC, visibility=ALWAYS, testCase=TestCaseDTO[testName=null, id=64]], FeedbackDTO[id=116, text=null, detailText=The exercise expects a class with the name Context in the package testpackage. You did not implement the class in the exercise., hasLongFeedbackText=false, reference=null, credits=0.0, positive=false, type=AUTOMATIC, visibility=ALWAYS, testCase=TestCaseDTO[testName=null, id=60]], FeedbackDTO[id=117, text=null, detailText=The exercise expects a class with the name Policy in the package testpackage. You did not implement the class in the exercise., hasLongFeedbackText=false, reference=null, credits=0.0, positive=false, type=AUTOMATIC, visibility=ALWAYS, testCase=TestCaseDTO[testName=null, id=61]], FeedbackDTO[id=118, text=null, detailText=null, hasLongFeedbackText=false, reference=null, credits=3.230769230769231, positive=true, type=AUTOMATIC, visibility=ALWAYS, testCase=TestCaseDTO[testName=null, id=71]]], assessmentType=AUTOMATIC, hasComplaint=null, exampleResult=null, testCaseCount=13, passedTestCaseCount=1, codeIssueCount=0]], BuildJobQueueItem[id=4771739576580898, name=SHORT51E611E30D6B60466F0B8BA0AA97F58888C2TSTEXC-LOCALCIINTSTUDENT1, buildAgent=BuildAgentDTO[name=artemis-build-agent-test, memberAddress=[127.0.0.1]:5703, displayName=artemis-build-agent-test], participationId=477, courseId=152, exerciseId=303, retryCount=0, priority=2, status=SUCCESSFUL, repositoryInfo=RepositoryInfo[repositoryName=short51e611e30d6b60466f0b8ba0aa97f58888c2tstexc-localciintstudent1, repositoryType=user, triggeredByPushTo=user, assignmentRepositoryUri=http://localhost:49152/git/SHORT51E611E30D6B60466F0B8BA0AA97F58888C2TSTEXC/short51e611e30d6b60466f0b8ba0aa97f58888c2tstexc-localciintstudent1.git, testRepositoryUri=http://localhost:49152/git/SHORT51E611E30D6B60466F0B8BA0AA97F58888C2TSTEXC/short51e611e30d6b60466f0b8ba0aa97f58888c2tstexc-tests.git, solutionRepositoryUri=null, auxiliaryRepositoryUris=[Ljava.lang.String;@424b04ec, auxiliaryRepositoryCheckoutDirectories=[Ljava.lang.String;@45ea69e1], jobTimingInfo=JobTimingInfo[submissionDate=2025-02-14T23:43:00.898532688Z[Etc/UTC], buildStartDate=2025-02-14T23:43:00.905733056Z[Etc/UTC], buildCompletionDate=2025-02-14T23:43:02.692768910Z[Etc/UTC], estimatedCompletionDate=2025-02-14T23:43:19.905720463Z[Etc/UTC], estimatedDuration=19], buildConfig=BuildConfig[buildScript=#!/bin/bash
cd /var/tmp/testing-dir
chmod +x ./gradlew
./gradlew clean test
, dockerImage=dummy-docker-image:latest, commitHashToBuild=8f3057cbd462f5e3de4e6ba85115f60d8dbb5aea, assignmentCommitHash=8f3057cbd462f5e3de4e6ba85115f60d8dbb5aea, testCommitHash=8f3057cbd462f5e3de4e6ba85115f60d8dbb5aea, branch=main, programmingLanguage=JAVA, projectType=PLAIN_GRADLE, scaEnabled=true, sequentialTestRunsEnabled=false, resultPaths=[/var/tmp/testing-dir/**/test-results/test/*.xml], timeoutSeconds=0, assignmentCheckoutPath=null, testCheckoutPath=null, solutionCheckoutPath=null, dockerRunConfig=null], submissionResult=ResultDTO[id=136, completionDate=2025-02-14T23:43:02.637820510Z[Etc/UTC], successful=false, score=7.7, rated=true, submission=SubmissionDTO[id=124, submitted=true, type=MANUAL, exampleSubmission=null, submissionDate=2025-02-14T23:43:00.886601Z, commitHash=8f3057cbd462f5e3de4e6ba85115f60d8dbb5aea, buildFailed=false, buildArtifact=false, participation=ParticipationDTO[id=477, testRun=false, type=programming, submissionCount=null, exercise=ParticipationExerciseDTO[id=303, exerciseType=PROGRAMMING, type=programming, assessmentType=AUTOMATIC, dueDate=2025-02-16T23:43:00.631824Z, assessmentDueDate=null, maxPoints=42.0, course=CourseDTO[id=152, accuracyOfScores=1]]], submissionExerciseType=programming, isProcessing=false, buildStartDate=null, estimatedCompletionDate=null], participation=ParticipationDTO[id=477, testRun=false, type=programming, submissionCount=null, exercise=ParticipationExerciseDTO[id=303, exerciseType=PROGRAMMING, type=programming, assessmentType=AUTOMATIC, dueDate=2025-02-16T23:43:00.631824Z, assessmentDueDate=null, maxPoints=42.0, course=CourseDTO[id=152, accuracyOfScores=1]]], feedbacks=[FeedbackDTO[id=119, text=null, detailText=The exercise expects a class with the name Context in the package testpackage. You did not implement the class in the exercise., hasLongFeedbackText=false, reference=null, credits=0.0, positive=false, type=AUTOMATIC, visibility=ALWAYS, testCase=TestCaseDTO[testName=null, id=78]], FeedbackDTO[id=120, text=null, detailText=The exercise expects a class with the name Policy in the package testpackage. You did not implement the class in the exercise., hasLongFeedbackText=false, reference=null, credits=0.0, positive=false, type=AUTOMATIC, visibility=ALWAYS, testCase=TestCaseDTO[testName=null, id=79]], FeedbackDTO[id=121, text=null, detailText=The exercise expects a class with the name SortStrategy in the package testpackage. You did not implement the class in the exercise., hasLongFeedbackText=false, reference=null, credits=0.0, positive=false, type=AUTOMATIC, visibility=ALWAYS, testCase=TestCaseDTO[testName=null, id=80]], FeedbackDTO[id=122, text=null, detailText=The class 'MergeSort' does not implement the interface 'SortStrategy' as expected. Implement the interface and its methods., hasLongFeedbackText=false, reference=null, credits=0.0, positive=false, type=AUTOMATIC, visibility=ALWAYS, testCase=TestCaseDTO[testName=null, id=75]], FeedbackDTO[id=123, text=null, detailText=The exercise expects a class with the name SortStrategy in the package testpackage. You did not implement the class in the exercise., hasLongFeedbackText=false, reference=null, credits=0.0, positive=false, type=AUTOMATIC, visibility=ALWAYS, testCase=TestCaseDTO[testName=null, id=72]], FeedbackDTO[id=124, text=null, detailText=The class 'BubbleSort' does not implement the interface 'SortStrategy' as expected. Implement the interface and its methods., hasLongFeedbackText=false, reference=null, credits=0.0, positive=false, type=AUTOMATIC, visibility=ALWAYS, testCase=TestCaseDTO[testName=null, id=76]], FeedbackDTO[id=125, text=null, detailText=MergeSort does not sort correctly, hasLongFeedbackText=false, reference=null, credits=0.0, positive=false, type=AUTOMATIC, visibility=ALWAYS, testCase=TestCaseDTO[testName=null, id=81]], FeedbackDTO[id=126, text=null, detailText=The class 'Context' was not found within the submission. Make sure to implement it properly., hasLongFeedbackText=false, reference=null, credits=0.0, positive=false, type=AUTOMATIC, visibility=ALWAYS, testCase=TestCaseDTO[testName=null, id=82]], FeedbackDTO[id=127, text=null, detailText=The class 'Context' was not found within the submission. Make sure to implement it properly., hasLongFeedbackText=false, reference=null, credits=0.0, positive=false, type=AUTOMATIC, visibility=ALWAYS, testCase=TestCaseDTO[testName=null, id=83]], FeedbackDTO[id=128, text=null, detailText=The exercise expects a class with the name Policy in the package testpackage. You did not implement the class in the exercise., hasLongFeedbackText=false, reference=null, credits=0.0, positive=false, type=AUTOMATIC, visibility=ALWAYS, testCase=TestCaseDTO[testName=null, id=77]], FeedbackDTO[id=129, text=null, detailText=The exercise expects a class with the name Context in the package testpackage. You did not implement the class in the exercise., hasLongFeedbackText=false, reference=null, credits=0.0, positive=false, type=AUTOMATIC, visibility=ALWAYS, testCase=TestCaseDTO[testName=null, id=73]], FeedbackDTO[id=130, text=null, detailText=The exercise expects a class with the name Policy in the package testpackage. You did not implement the class in the exercise., hasLongFeedbackText=false, reference=null, credits=0.0, positive=false, type=AUTOMATIC, visibility=ALWAYS, testCase=TestCaseDTO[testName=null, id=74]], FeedbackDTO[id=131, text=null, detailText=null, hasLongFeedbackText=false, reference=null, credits=3.230769230769231, positive=true, type=AUTOMATIC, visibility=ALWAYS, testCase=TestCaseDTO[testName=null, id=84]], FeedbackDTO[id=132, text=SCAFeedbackIdentifier:Bad Practice, detailText={"filePath":"src/code/Client.java","startLine":6,"endLine":6,"startColumn":1,"endColumn":26,"rule":"UnusedImports","category":"Best Practices","message":"Avoid unused imports such as 'javax.swing.JFrame'","priority":"4"}, hasLongFeedbackText=false, reference=PMD, credits=0.0, positive=false, type=AUTOMATIC, visibility=null, testCase=null], FeedbackDTO[id=133, text=SCAFeedbackIdentifier:Code Style, detailText={"filePath":"src/code/Client.java","startLine":7,"endLine":7,"startColumn":1,"endColumn":19,"rule":"DontImportJavaLang","category":"Code Style","message":"Avoid importing anything from the package java.lang","priority":"4"}, hasLongFeedbackText=false, reference=PMD, credits=0.0, positive=false, type=AUTOMATIC, visibility=null, testCase=null], FeedbackDTO[id=134, text=SCAFeedbackIdentifier:Bad Practice, detailText={"filePath":"src/code/Client.java","startLine":7,"endLine":7,"startColumn":1,"endColumn":19,"rule":"UnusedImports","category":"Best Practices","message":"Avoid unused imports such as 'java.lang'","priority":"4"}, hasLongFeedbackText=false, reference=PMD, credits=0.0, positive=false, type=AUTOMATIC, visibility=null, testCase=null], FeedbackDTO[id=135, text=SCAFeedbackIdentifier:Bad Practice, detailText={"filePath":"src/code/Client.java","startLine":73,"endLine":73,"startColumn":18,"endColumn":27,"rule":"UnusedLocalVariable","category":"Best Practices","message":"Avoid unused local variables such as 'randomDate'.","priority":"3"}, hasLongFeedbackText=false, reference=PMD, credits=0.0, positive=false, type=AUTOMATIC, visibility=null, testCase=null], FeedbackDTO[id=136, text=SCAFeedbackIdentifier:Bad Practice, detailText={"filePath":"src/code/Client.java","startLine":81,"endLine":81,"startColumn":31,"endColumn":53,"rule":"UnusedPrivateMethod","category":"Best Practices","message":"Avoid unused private methods such as 'CreateRandomDatesList()'.","priority":"3"}, hasLongFeedbackText=false, reference=PMD, credits=0.0, positive=false, type=AUTOMATIC, visibility=null, testCase=null], FeedbackDTO[id=137, text=SCAFeedbackIdentifier:Potential Bugs, detailText={"filePath":"src/code/Client.java","startLine":94,"endLine":94,"startColumn":9,"endColumn":9,"rule":"EmptyStatementNotInLoop","category":"Error Prone","message":"An empty statement (semicolon) not part of a loop","priority":"3"}, hasLongFeedbackText=false, reference=PMD, credits=0.0, positive=false, type=AUTOMATIC, visibility=null, testCase=null], FeedbackDTO[id=138, text=SCAFeedbackIdentifier:Potential Bugs, detailText={"filePath":"src/code/Client.java","startLine":94,"endLine":94,"startColumn":10,"endColumn":10,"rule":"EmptyStatementNotInLoop","category":"Error Prone","message":"An empty statement (semicolon) not part of a loop","priority":"3"}, hasLongFeedbackText=false, reference=PMD, credits=0.0, positive=false, type=AUTOMATIC, visibility=null, testCase=null], FeedbackDTO[id=139, text=SCAFeedbackIdentifier:Potential Bugs, detailText={"filePath":"src/code/Client.java","startLine":94,"endLine":94,"startColumn":11,"endColumn":11,"rule":"EmptyStatementNotInLoop","category":"Error Prone","message":"An empty statement (semicolon) not part of a loop","priority":"3"}, hasLongFeedbackText=false, reference=PMD, credits=0.0, positive=false, type=AUTOMATIC, visibility=null, testCase=null], FeedbackDTO[id=140, text=SCAFeedbackIdentifier:Code Style, detailText={"filePath":"src/code/Client.java","startLine":73,"endLine":73,"rule":"DLS_DEAD_LOCAL_STORE","category":"STYLE","message":"Dead store to randomDate in code.Client.createRandomDatesList()","priority":"2"}, hasLongFeedbackText=false, reference=SPOTBUGS, credits=0.0, positive=false, type=AUTOMATIC, visibility=null, testCase=null], FeedbackDTO[id=141, text=SCAFeedbackIdentifier:Bad Practice, detailText={"filePath":"src/code/Client.java","startLine":82,"endLine":95,"rule":"NM_METHOD_NAMING_CONVENTION","category":"BAD_PRACTICE","message":"The method name code.Client.CreateRandomDatesList() doesn't start with a lower case letter","priority":"3"}, hasLongFeedbackText=false, reference=SPOTBUGS, credits=0.0, positive=false, type=AUTOMATIC, visibility=null, testCase=null], FeedbackDTO[id=142, text=SCAFeedbackIdentifier:Performance, detailText={"filePath":"src/code/Client.java","startLine":82,"endLine":95,"rule":"UPM_UNCALLED_PRIVATE_METHOD","category":"PERFORMANCE","message":"Private method code.Client.CreateRandomDatesList() is never called","priority":"2"}, hasLongFeedbackText=false, reference=SPOTBUGS, credits=0.0, positive=false, type=AUTOMATIC, visibility=null, testCase=null], FeedbackDTO[id=143, text=SCAFeedbackIdentifier:Code Style, detailText={"filePath":"src/code/Client.java","startLine":70,"endLine":70,"startColumn":9,"endColumn":9,"rule":"NeedBracesCheck","category":"blocks","message":"'for' construct must use '{}'s.","priority":"error"}, hasLongFeedbackText=false, reference=CHECKSTYLE, credits=0.0, positive=false, type=AUTOMATIC, visibility=null, testCase=null], FeedbackDTO[id=144, text=SCAFeedbackIdentifier:Code Style, detailText={"filePath":"src/code/Client.java","startLine":93,"endLine":93,"startColumn":9,"endColumn":9,"rule":"EmptyStatementCheck","category":"coding","message":"Empty statement.","priority":"error"}, hasLongFeedbackText=false, reference=CHECKSTYLE, credits=0.0, positive=false, type=AUTOMATIC, visibility=null, testCase=null], FeedbackDTO[id=145, text=SCAFeedbackIdentifier:Code Style, detailText={"filePath":"src/code/Client.java","startLine":93,"endLine":93,"startColumn":10,"endColumn":10,"rule":"EmptyStatementCheck","category":"coding","message":"Empty statement.","priority":"error"}, hasLongFeedbackText=false, reference=CHECKSTYLE, credits=0.0, positive=false, type=AUTOMATIC, visibility=null, testCase=null], FeedbackDTO[id=146, text=SCAFeedbackIdentifier:Code Style, detailText={"filePath":"src/code/Client.java","startLine":93,"endLine":93,"startColumn":11,"endColumn":11,"rule":"EmptyStatementCheck","category":"coding","message":"Empty statement.","priority":"error"}, hasLongFeedbackText=false, reference=CHECKSTYLE, credits=0.0, positive=false, type=AUTOMATIC, visibility=null, testCase=null]], assessmentType=AUTOMATIC, hasComplaint=null, exampleResult=null, testCaseCount=13, passedTestCaseCount=1, codeIssueCount=15]], BuildJobQueueItem[id=4821739576584632, name=SHORT433BAC4500363044960B6E10DFA0493471B2TSTEXC-LOCALCIINTSTUDENT1, buildAgent=BuildAgentDTO[name=artemis-build-agent-test, memberAddress=[127.0.0.1]:5703, displayName=artemis-build-agent-test], participationId=482, courseId=154, exerciseId=305, retryCount=0, priority=2, status=SUCCESSFUL, repositoryInfo=RepositoryInfo[repositoryName=short433bac4500363044960b6e10dfa0493471b2tstexc-localciintstudent1, repositoryType=user, triggeredByPushTo=user, assignmentRepositoryUri=http://localhost:49152/git/SHORT433BAC4500363044960B6E10DFA0493471B2TSTEXC/short433bac4500363044960b6e10dfa0493471b2tstexc-localciintstudent1.git, testRepositoryUri=http://localhost:49152/git/SHORT433BAC4500363044960B6E10DFA0493471B2TSTEXC/short433bac4500363044960b6e10dfa0493471b2tstexc-tests.git, solutionRepositoryUri=null, auxiliaryRepositoryUris=[Ljava.lang.String;@53649884, auxiliaryRepositoryCheckoutDirectories=[Ljava.lang.String;@117b5aa3], jobTimingInfo=JobTimingInfo[submissionDate=2025-02-14T23:43:04.632341258Z[Etc/UTC], buildStartDate=2025-02-14T23:43:04.637633457Z[Etc/UTC], buildCompletionDate=2025-02-14T23:43:06.421238953Z[Etc/UTC], estimatedCompletionDate=2025-02-14T23:43:23.637623879Z[Etc/UTC], estimatedDuration=19], buildConfig=BuildConfig[buildScript=#!/bin/bash
cd /var/tmp/testing-dir
chmod +x ./gradlew
./gradlew clean test
, dockerImage=dummy-docker-image:latest, commitHashToBuild=8355c4f3cd5d3e0443707d3310206e460e333c6f, assignmentCommitHash=8355c4f3cd5d3e0443707d3310206e460e333c6f, testCommitHash=8355c4f3cd5d3e0443707d3310206e460e333c6f, branch=main, programmingLanguage=JAVA, projectType=PLAIN_GRADLE, scaEnabled=false, sequentialTestRunsEnabled=false, resultPaths=[/var/tmp/testing-dir/**/test-results/test/*.xml], timeoutSeconds=0, assignmentCheckoutPath=null, testCheckoutPath=null, solutionCheckoutPath=null, dockerRunConfig=null], submissionResult=ResultDTO[id=137, completionDate=2025-02-14T23:43:06.404877412Z[Etc/UTC], successful=false, score=7.7, rated=true, submission=SubmissionDTO[id=125, submitted=true, type=MANUAL, exampleSubmission=null, submissionDate=2025-02-14T23:43:04.623230Z, commitHash=8355c4f3cd5d3e0443707d3310206e460e333c6f, buildFailed=false, buildArtifact=false, participation=ParticipationDTO[id=482, testRun=false, type=programming, submissionCount=null, exercise=ParticipationExerciseDTO[id=305, exerciseType=PROGRAMMING, type=programming, assessmentType=AUTOMATIC, dueDate=2025-02-16T23:43:04.425734Z, assessmentDueDate=null, maxPoints=42.0, course=CourseDTO[id=154, accuracyOfScores=1]]], submissionExerciseType=programming, isProcessing=false, buildStartDate=null, estimatedCompletionDate=null], participation=ParticipationDTO[id=482, testRun=false, type=programming, submissionCount=null, exercise=ParticipationExerciseDTO[id=305, exerciseType=PROGRAMMING, type=programming, assessmentType=AUTOMATIC, dueDate=2025-02-16T23:43:04.425734Z, assessmentDueDate=null, maxPoints=42.0, course=CourseDTO[id=154, accuracyOfScores=1]]], feedbacks=[FeedbackDTO[id=147, text=null, detailText=The exercise expects a class with the name Context in the package testpackage. You did not implement the class in the exercise., hasLongFeedbackText=false, reference=null, credits=0.0, positive=false, type=AUTOMATIC, visibility=ALWAYS, testCase=TestCaseDTO[testName=null, id=104]], FeedbackDTO[id=148, text=null, detailText=The exercise expects a class with the name Policy in the package testpackage. You did not implement the class in the exercise., hasLongFeedbackText=false, reference=null, credits=0.0, positive=false, type=AUTOMATIC, visibility=ALWAYS, testCase=TestCaseDTO[testName=null, id=105]], FeedbackDTO[id=149, text=null, detailText=The exercise expects a class with the name SortStrategy in the package testpackage. You did not implement the class in the exercise., hasLongFeedbackText=false, reference=null, credits=0.0, positive=false, type=AUTOMATIC, visibility=ALWAYS, testCase=TestCaseDTO[testName=null, id=106]], FeedbackDTO[id=150, text=null, detailText=The class 'MergeSort' does not implement the interface 'SortStrategy' as expected. Implement the interface and its methods., hasLongFeedbackText=false, reference=null, credits=0.0, positive=false, type=AUTOMATIC, visibility=ALWAYS, testCase=TestCaseDTO[testName=null, id=101]], FeedbackDTO[id=151, text=null, detailText=The exercise expects a class with the name SortStrategy in the package testpackage. You did not implement the class in the exercise., hasLongFeedbackText=false, reference=null, credits=0.0, positive=false, type=AUTOMATIC, visibility=ALWAYS, testCase=TestCaseDTO[testName=null, id=98]], FeedbackDTO[id=152, text=null, detailText=The class 'BubbleSort' does not implement the interface 'SortStrategy' as expected. Implement the interface and its methods., hasLongFeedbackText=false, reference=null, credits=0.0, positive=false, type=AUTOMATIC, visibility=ALWAYS, testCase=TestCaseDTO[testName=null, id=102]], FeedbackDTO[id=153, text=null, detailText=MergeSort does not sort correctly, hasLongFeedbackText=false, reference=null, credits=0.0, positive=false, type=AUTOMATIC, visibility=ALWAYS, testCase=TestCaseDTO[testName=null, id=107]], FeedbackDTO[id=154, text=null, detailText=The class 'Context' was not found within the submission. Make sure to implement it properly., hasLongFeedbackText=false, reference=null, credits=0.0, positive=false, type=AUTOMATIC, visibility=ALWAYS, testCase=TestCaseDTO[testName=null, id=108]], FeedbackDTO[id=155, text=null, detailText=The class 'Context' was not found within the submission. Make sure to implement it properly., hasLongFeedbackText=false, reference=null, credits=0.0, positive=false, type=AUTOMATIC, visibility=ALWAYS, testCase=TestCaseDTO[testName=null, id=109]], FeedbackDTO[id=156, text=null, detailText=The exercise expects a class with the name Policy in the package testpackage. You did not implement the class in the exercise., hasLongFeedbackText=false, reference=null, credits=0.0, positive=false, type=AUTOMATIC, visibility=ALWAYS, testCase=TestCaseDTO[testName=null, id=103]], FeedbackDTO[id=157, text=null, detailText=The exercise expects a class with the name Context in the package testpackage. You did not implement the class in the exercise., hasLongFeedbackText=false, reference=null, credits=0.0, positive=false, type=AUTOMATIC, visibility=ALWAYS, testCase=TestCaseDTO[testName=null, id=99]], FeedbackDTO[id=158, text=null, detailText=The exercise expects a class with the name Policy in the package testpackage. You did not implement the class in the exercise., hasLongFeedbackText=false, reference=null, credits=0.0, positive=false, type=AUTOMATIC, visibility=ALWAYS, testCase=TestCaseDTO[testName=null, id=100]], FeedbackDTO[id=159, text=null, detailText=null, hasLongFeedbackText=false, reference=null, credits=3.230769230769231, positive=true, type=AUTOMATIC, visibility=ALWAYS, testCase=TestCaseDTO[testName=null, id=110]]], assessmentType=AUTOMATIC, hasComplaint=null, exampleResult=null, testCaseCount=13, passedTestCaseCount=1, codeIssueCount=0]], BuildJobQueueItem[id=4851739576588371, name=SHORT495D587A0856D04A9E08BC60D2E08365FB9ETSTEXC-LOCALCIINTSTUDENT1, buildAgent=BuildAgentDTO[name=artemis-build-agent-test, memberAddress=[127.0.0.1]:5703, displayName=artemis-build-agent-test], participationId=485, courseId=155, exerciseId=306, retryCount=0, priority=2, status=FAILED, repositoryInfo=RepositoryInfo[repositoryName=short495d587a0856d04a9e08bc60d2e08365fb9etstexc-localciintstudent1, repositoryType=user, triggeredByPushTo=user, assignmentRepositoryUri=http://localhost:49152/git/SHORT495D587A0856D04A9E08BC60D2E08365FB9ETSTEXC/short495d587a0856d04a9e08bc60d2e08365fb9etstexc-localciintstudent1.git, testRepositoryUri=http://localhost:49152/git/SHORT495D587A0856D04A9E08BC60D2E08365FB9ETSTEXC/short495d587a0856d04a9e08bc60d2e08365fb9etstexc-tests.git, solutionRepositoryUri=null, auxiliaryRepositoryUris=[Ljava.lang.String;@b0d5004, auxiliaryRepositoryCheckoutDirectories=[Ljava.lang.String;@1dbe95e5], jobTimingInfo=JobTimingInfo[submissionDate=2025-02-14T23:43:08.371015915Z[Etc/UTC], buildStartDate=2025-02-14T23:43:08.374658929Z[Etc/UTC], buildCompletionDate=2025-02-14T23:43:09.341007666Z[Etc/UTC], estimatedCompletionDate=2025-02-14T23:43:27.374650503Z[Etc/UTC], estimatedDuration=19], buildConfig=BuildConfig[buildScript=#!/bin/bash
cd /var/tmp/testing-dir
chmod +x ./gradlew
./gradlew clean test
, dockerImage=dummy-docker-image:latest, commitHashToBuild=ebb8aa4dc3625fe07e975266e18313ad871ce864, assignmentCommitHash=9b3a9bd71a0d80e5bbc42204c319ed3d1d4f0d6d, testCommitHash=9b3a9bd71a0d80e5bbc42204c319ed3d1d4f0d6d, branch=main, programmingLanguage=JAVA, projectType=PLAIN_GRADLE, scaEnabled=false, sequentialTestRunsEnabled=false, resultPaths=[/var/tmp/testing-dir/**/test-results/test/*.xml], timeoutSeconds=0, assignmentCheckoutPath=null, testCheckoutPath=null, solutionCheckoutPath=null, dockerRunConfig=null], submissionResult=ResultDTO[id=138, completionDate=2025-02-14T23:43:09.343306574Z[Etc/UTC], successful=false, score=0.0, rated=true, submission=SubmissionDTO[id=127, submitted=true, type=MANUAL, exampleSubmission=null, submissionDate=2025-02-14T23:43:09.343306574Z[Etc/UTC], commitHash=9b3a9bd71a0d80e5bbc42204c319ed3d1d4f0d6d, buildFailed=true, buildArtifact=false, participation=ParticipationDTO[id=485, testRun=false, type=programming, submissionCount=null, exercise=ParticipationExerciseDTO[id=306, exerciseType=PROGRAMMING, type=programming, assessmentType=AUTOMATIC, dueDate=2025-02-16T23:43:08.185273Z, assessmentDueDate=null, maxPoints=42.0, course=CourseDTO[id=155, accuracyOfScores=1]]], submissionExerciseType=programming, isProcessing=false, buildStartDate=null, estimatedCompletionDate=null], participation=ParticipationDTO[id=485, testRun=false, type=programming, submissionCount=null, exercise=ParticipationExerciseDTO[id=306, exerciseType=PROGRAMMING, type=programming, assessmentType=AUTOMATIC, dueDate=2025-02-16T23:43:08.185273Z, assessmentDueDate=null, maxPoints=42.0, course=CourseDTO[id=155, accuracyOfScores=1]]], feedbacks=[], assessmentType=AUTOMATIC, hasComplaint=null, exampleResult=null, testCaseCount=0, passedTestCaseCount=0, codeIssueCount=0]], BuildJobQueueItem[id=4881739576590204, name=SHORT80B5DD0E0D6B304EBB096E9020B949996A1CTSTEXC-LOCALCIINTSTUDENT1, buildAgent=BuildAgentDTO[name=artemis-build-agent-test, memberAddress=[127.0.0.1]:5703, displayName=artemis-build-agent-test], participationId=488, courseId=156, exerciseId=307, retryCount=0, priority=2, status=SUCCESSFUL, repositoryInfo=RepositoryInfo[repositoryName=short80b5dd0e0d6b304ebb096e9020b949996a1ctstexc-localciintstudent1, repositoryType=user, triggeredByPushTo=user, assignmentRepositoryUri=http://localhost:49152/git/SHORT80B5DD0E0D6B304EBB096E9020B949996A1CTSTEXC/short80b5dd0e0d6b304ebb096e9020b949996a1ctstexc-localciintstudent1.git, testRepositoryUri=http://localhost:49152/git/SHORT80B5DD0E0D6B304EBB096E9020B949996A1CTSTEXC/short80b5dd0e0d6b304ebb096e9020b949996a1ctstexc-tests.git, solutionRepositoryUri=null, auxiliaryRepositoryUris=[Ljava.lang.String;@6a698e6e, auxiliaryRepositoryCheckoutDirectories=[Ljava.lang.String;@210c6fc2], jobTimingInfo=JobTimingInfo[submissionDate=2025-02-14T23:43:10.204264160Z[Etc/UTC], buildStartDate=2025-02-14T23:43:10.223149139Z[Etc/UTC], buildCompletionDate=2025-02-14T23:43:12.086509109Z[Etc/UTC], estimatedCompletionDate=2025-02-14T23:43:29.223142246Z[Etc/UTC], estimatedDuration=19], buildConfig=BuildConfig[buildScript=#!/bin/bash
cd /var/tmp/testing-dir
chmod +x ./gradlew
./gradlew clean test
, dockerImage=dummy-docker-image:latest, commitHashToBuild=b806a93102242552beed7c01b08b2769731814b3, assignmentCommitHash=b806a93102242552beed7c01b08b2769731814b3, testCommitHash=b806a93102242552beed7c01b08b2769731814b3, branch=main, programmingLanguage=JAVA, projectType=PLAIN_GRADLE, scaEnabled=false, sequentialTestRunsEnabled=false, resultPaths=[/var/tmp/testing-dir/**/test-results/test/*.xml], timeoutSeconds=0, assignmentCheckoutPath=null, testCheckoutPath=null, solutionCheckoutPath=null, dockerRunConfig=null], submissionResult=ResultDTO[id=139, completionDate=2025-02-14T23:43:12.066436124Z[Etc/UTC], successful=false, score=0.0, rated=true, submission=SubmissionDTO[id=128, submitted=true, type=MANUAL, exampleSubmission=null, submissionDate=2025-02-14T23:43:10.192407Z, commitHash=b806a93102242552beed7c01b08b2769731814b3, buildFailed=true, buildArtifact=false, participation=ParticipationDTO[id=488, testRun=false, type=programming, submissionCount=null, exercise=ParticipationExerciseDTO[id=307, exerciseType=PROGRAMMING, type=programming, assessmentType=AUTOMATIC, dueDate=2025-02-16T23:43:09.986646Z, assessmentDueDate=null, maxPoints=42.0, course=CourseDTO[id=156, accuracyOfScores=1]]], submissionExerciseType=programming, isProcessing=false, buildStartDate=null, estimatedCompletionDate=null], participation=ParticipationDTO[id=488, testRun=false, type=programming, submissionCount=null, exercise=ParticipationExerciseDTO[id=307, exerciseType=PROGRAMMING, type=programming, assessmentType=AUTOMATIC, dueDate=2025-02-16T23:43:09.986646Z, assessmentDueDate=null, maxPoints=42.0, course=CourseDTO[id=156, accuracyOfScores=1]]], feedbacks=[], assessmentType=AUTOMATIC, hasComplaint=null, exampleResult=null, testCaseCount=0, passedTestCaseCount=0, codeIssueCount=0]], BuildJobQueueItem[id=4911739576593817, name=SHORT585B2198089880462509B3007867E72DFB7ATSTEXC-LOCALCIINTSTUDENT1, buildAgent=BuildAgentDTO[name=artemis-build-agent-test, memberAddress=[127.0.0.1]:5703, displayName=artemis-build-agent-test], participationId=491, courseId=157, exerciseId=308, retryCount=0, priority=2, status=SUCCESSFUL, repositoryInfo=RepositoryInfo[repositoryName=short585b2198089880462509b3007867e72dfb7atstexc-localciintstudent1, repositoryType=user, triggeredByPushTo=user, assignmentRepositoryUri=http://localhost:49152/git/SHORT585B2198089880462509B3007867E72DFB7ATSTEXC/short585b2198089880462509b3007867e72dfb7atstexc-localciintstudent1.git, testRepositoryUri=http://localhost:49152/git/SHORT585B2198089880462509B3007867E72DFB7ATSTEXC/short585b2198089880462509b3007867e72dfb7atstexc-tests.git, solutionRepositoryUri=null, auxiliaryRepositoryUris=[Ljava.lang.String;@40e08697, auxiliaryRepositoryCheckoutDirectories=[Ljava.lang.String;@291832d3], jobTimingInfo=JobTimingInfo[submissionDate=2025-02-14T23:43:13.817124706Z[Etc/UTC], buildStartDate=2025-02-14T23:43:13.834335931Z[Etc/UTC], buildCompletionDate=2025-02-14T23:43:15.746259139Z[Etc/UTC], estimatedCompletionDate=2025-02-14T23:43:32.834326082Z[Etc/UTC], estimatedDuration=19], buildConfig=BuildConfig[buildScript=#!/bin/bash
cd /var/tmp/testing-dir
chmod +x ./gradlew
./gradlew clean test
, dockerImage=dummy-docker-image:latest, commitHashToBuild=42077d078a5d5042fe2d4bd8299a990d342fce6e, assignmentCommitHash=42077d078a5d5042fe2d4bd8299a990d342fce6e, testCommitHash=42077d078a5d5042fe2d4bd8299a990d342fce6e, branch=main, programmingLanguage=JAVA, projectType=PLAIN_GRADLE, scaEnabled=false, sequentialTestRunsEnabled=false, resultPaths=[/var/tmp/testing-dir/**/test-results/test/*.xml], timeoutSeconds=0, assignmentCheckoutPath=null, testCheckoutPath=null, solutionCheckoutPath=null, dockerRunConfig=null], submissionResult=ResultDTO[id=140, completionDate=2025-02-14T23:43:15.725343914Z[Etc/UTC], successful=false, score=0.0, rated=true, submission=SubmissionDTO[id=129, submitted=true, type=MANUAL, exampleSubmission=null, submissionDate=2025-02-14T23:43:13.805401Z, commitHash=42077d078a5d5042fe2d4bd8299a990d342fce6e, buildFailed=false, buildArtifact=false, participation=ParticipationDTO[id=491, testRun=false, type=programming, submissionCount=null, exercise=ParticipationExerciseDTO[id=308, exerciseType=PROGRAMMING, type=programming, assessmentType=AUTOMATIC, dueDate=2025-02-16T23:43:13.569213Z, assessmentDueDate=null, maxPoints=42.0, course=CourseDTO[id=157, accuracyOfScores=1]]], submissionExerciseType=programming, isProcessing=false, buildStartDate=null, estimatedCompletionDate=null], participation=ParticipationDTO[id=491, testRun=false, type=programming, submissionCount=null, exercise=ParticipationExerciseDTO[id=308, exerciseType=PROGRAMMING, type=programming, assessmentType=AUTOMATIC, dueDate=2025-02-16T23:43:13.569213Z, assessmentDueDate=null, maxPoints=42.0, course=CourseDTO[id=157, accuracyOfScores=1]]], feedbacks=[FeedbackDTO[id=160, text=null, detailText=Deine Einreichung enthält keine Ausgabe. (67cac2), hasLongFeedbackText=false, reference=null, credits=0.0, positive=false, type=AUTOMATIC, visibility=ALWAYS, testCase=TestCaseDTO[testName=null, id=146]], FeedbackDTO[id=161, text=null, detailText=test `add` failed on ≥ 1 cases:
(0, 0)
Your submission raised an error Failure("TODO add"), hasLongFeedbackText=false, reference=null, credits=0.0, positive=false, type=AUTOMATIC, visibility=ALWAYS, testCase=TestCaseDTO[testName=null, id=149]], FeedbackDTO[id=162, text=null, detailText=test `filter` failed on ≥ 1 cases:
(even, [1; 2; 3; 4])
Your submission raised an error Failure("TODO filter"), hasLongFeedbackText=false, reference=null, credits=0.0, positive=false, type=AUTOMATIC, visibility=ALWAYS, testCase=TestCaseDTO[testName=null, id=148]], FeedbackDTO[id=163, text=null, detailText=Test was not executed., hasLongFeedbackText=false, reference=null, credits=0.0, positive=null, type=AUTOMATIC, visibility=null, testCase=TestCaseDTO[testName=null, id=137]], FeedbackDTO[id=164, text=null, detailText=Test was not executed., hasLongFeedbackText=false, reference=null, credits=0.0, positive=null, type=AUTOMATIC, visibility=null, testCase=TestCaseDTO[testName=null, id=138]], FeedbackDTO[id=165, text=null, detailText=Test was not executed., hasLongFeedbackText=false, reference=null, credits=0.0, positive=null, type=AUTOMATIC, visibility=null, testCase=TestCaseDTO[testName=null, id=139]], FeedbackDTO[id=166, text=null, detailText=Test was not executed., hasLongFeedbackText=false, reference=null, credits=0.0, positive=null, type=AUTOMATIC, visibility=null, testCase=TestCaseDTO[testName=null, id=140]], FeedbackDTO[id=167, text=null, detailText=Test was not executed., hasLongFeedbackText=false, reference=null, credits=0.0, positive=null, type=AUTOMATIC, visibility=null, testCase=TestCaseDTO[testName=null, id=141]], FeedbackDTO[id=168, text=null, detailText=Test was not executed., hasLongFeedbackText=false, reference=null, credits=0.0, positive=null, type=AUTOMATIC, visibility=null, testCase=TestCaseDTO[testName=null, id=142]], FeedbackDTO[id=169, text=null, detailText=Test was not executed., hasLongFeedbackText=false, reference=null, credits=0.0, positive=null, type=AUTOMATIC, visibility=null, testCase=TestCaseDTO[testName=null, id=143]], FeedbackDTO[id=170, text=null, detailText=Test was not executed., hasLongFeedbackText=false, reference=null, credits=0.0, positive=null, type=AUTOMATIC, visibility=null, testCase=TestCaseDTO[testName=null, id=144]], FeedbackDTO[id=171, text=null, detailText=Test was not executed., hasLongFeedbackText=false, reference=null, credits=0.0, positive=null, type=AUTOMATIC, visibility=null, testCase=TestCaseDTO[testName=null, id=145]], FeedbackDTO[id=172, text=null, detailText=Test was not executed., hasLongFeedbackText=false, reference=null, credits=0.0, positive=null, type=AUTOMATIC, visibility=null, testCase=TestCaseDTO[testName=null, id=147]]], assessmentType=AUTOMATIC, hasComplaint=null, exampleResult=null, testCaseCount=13, passedTestCaseCount=0, codeIssueCount=0]], BuildJobQueueItem[id=4941739576597286, name=SHORTFBCBD7BF0E6EB0451A080E80FCB407DC1F12TSTEXC-LOCALCIINTSTUDENT1, buildAgent=BuildAgentDTO[name=artemis-build-agent-test, memberAddress=[127.0.0.1]:5703, displayName=artemis-build-agent-test], participationId=494, courseId=158, exerciseId=309, retryCount=0, priority=2, status=SUCCESSFUL, repositoryInfo=RepositoryInfo[repositoryName=shortfbcbd7bf0e6eb0451a080e80fcb407dc1f12tstexc-localciintstudent1, repositoryType=user, triggeredByPushTo=user, assignmentRepositoryUri=http://localhost:49152/git/SHORTFBCBD7BF0E6EB0451A080E80FCB407DC1F12TSTEXC/shortfbcbd7bf0e6eb0451a080e80fcb407dc1f12tstexc-localciintstudent1.git, testRepositoryUri=http://localhost:49152/git/SHORTFBCBD7BF0E6EB0451A080E80FCB407DC1F12TSTEXC/shortfbcbd7bf0e6eb0451a080e80fcb407dc1f12tstexc-tests.git, solutionRepositoryUri=null, auxiliaryRepositoryUris=[Ljava.lang.String;@f24d360, auxiliaryRepositoryCheckoutDirectories=[Ljava.lang.String;@4d94df39], jobTimingInfo=JobTimingInfo[submissionDate=2025-02-14T23:43:17.286977233Z[Etc/UTC], buildStartDate=2025-02-14T23:43:17.293977347Z[Etc/UTC], buildCompletionDate=2025-02-14T23:43:18.740990762Z[Etc/UTC], estimatedCompletionDate=2025-02-14T23:43:36.293970494Z[Etc/UTC], estimatedDuration=19], buildConfig=BuildConfig[buildScript=#!/bin/bash
cd /var/tmp/testing-dir
chmod +x ./gradlew
./gradlew clean test
, dockerImage=dummy-docker-image:latest, commitHashToBuild=4a1af7e8a64e6505c5fc09b9f81ea41af9fcff44, assignmentCommitHash=4a1af7e8a64e6505c5fc09b9f81ea41af9fcff44, testCommitHash=4a1af7e8a64e6505c5fc09b9f81ea41af9fcff44, branch=main, programmingLanguage=JAVA, projectType=PLAIN_GRADLE, scaEnabled=false, sequentialTestRunsEnabled=false, resultPaths=[/var/tmp/testing-dir/**/test-results/test/*.xml], timeoutSeconds=0, assignmentCheckoutPath=null, testCheckoutPath=null, solutionCheckoutPath=null, dockerRunConfig=null], submissionResult=ResultDTO[id=141, completionDate=2025-02-14T23:43:18.729015138Z[Etc/UTC], successful=false, score=0.0, rated=true, submission=SubmissionDTO[id=130, submitted=true, type=MANUAL, exampleSubmission=null, submissionDate=2025-02-14T23:43:17.272936Z, commitHash=4a1af7e8a64e6505c5fc09b9f81ea41af9fcff44, buildFailed=true, buildArtifact=false, participation=ParticipationDTO[id=494, testRun=false, type=programming, submissionCount=null, exercise=ParticipationExerciseDTO[id=309, exerciseType=PROGRAMMING, type=programming, assessmentType=AUTOMATIC, dueDate=2025-02-16T23:43:17.147218Z, assessmentDueDate=null, maxPoints=42.0, course=CourseDTO[id=158, accuracyOfScores=1]]], submissionExerciseType=programming, isProcessing=false, buildStartDate=null, estimatedCompletionDate=null], participation=ParticipationDTO[id=494, testRun=false, type=programming, submissionCount=null, exercise=ParticipationExerciseDTO[id=309, exerciseType=PROGRAMMING, type=programming, assessmentType=AUTOMATIC, dueDate=2025-02-16T23:43:17.147218Z, assessmentDueDate=null, maxPoints=42.0, course=CourseDTO[id=158, accuracyOfScores=1]]], feedbacks=[], assessmentType=AUTOMATIC, hasComplaint=null, exampleResult=null, testCaseCount=0, passedTestCaseCount=0, codeIssueCount=0]], BuildJobQueueItem[id=4971739576599269, name=SHORT52AD57270517204728083260501A19D262D1TSTEXC-LOCALCIINTSTUDENT1, buildAgent=BuildAgentDTO[name=artemis-build-agent-test, memberAddress=[127.0.0.1]:5703, displayName=artemis-build-agent-test], participationId=497, courseId=159, exerciseId=310, retryCount=0, priority=2, status=SUCCESSFUL, repositoryInfo=RepositoryInfo[repositoryName=short52ad57270517204728083260501a19d262d1tstexc-localciintstudent1, repositoryType=user, triggeredByPushTo=user, assignmentRepositoryUri=http://localhost:49152/git/SHORT52AD57270517204728083260501A19D262D1TSTEXC/short52ad57270517204728083260501a19d262d1tstexc-localciintstudent1.git, testRepositoryUri=http://localhost:49152/git/SHORT52AD57270517204728083260501A19D262D1TSTEXC/short52ad57270517204728083260501a19d262d1tstexc-tests.git, solutionRepositoryUri=null, auxiliaryRepositoryUris=[Ljava.lang.String;@9842c22, auxiliaryRepositoryCheckoutDirectories=[Ljava.lang.String;@61e2096b], jobTimingInfo=JobTimingInfo[submissionDate=2025-02-14T23:43:19.269997499Z[Etc/UTC], buildStartDate=2025-02-14T23:43:19.277325895Z[Etc/UTC], buildCompletionDate=2025-02-14T23:43:20.497391524Z[Etc/UTC], estimatedCompletionDate=2025-02-14T23:43:38.277310787Z[Etc/UTC], estimatedDuration=19], buildConfig=BuildConfig[buildScript=#!/bin/bash
cd /var/tmp/testing-dir
chmod +x ./gradlew
./gradlew clean test
, dockerImage=dummy-docker-image:latest, commitHashToBuild=9f4f76247a188e9a0f3516a9fbd60e829d53fb05, assignmentCommitHash=9f4f76247a188e9a0f3516a9fbd60e829d53fb05, testCommitHash=9f4f76247a188e9a0f3516a9fbd60e829d53fb05, branch=main, programmingLanguage=JAVA, projectType=PLAIN_GRADLE, scaEnabled=false, sequentialTestRunsEnabled=false, resultPaths=[/var/tmp/testing-dir/**/test-results/test/*.xml], timeoutSeconds=0, assignmentCheckoutPath=null, testCheckoutPath=null, solutionCheckoutPath=null, dockerRunConfig=null], submissionResult=ResultDTO[id=142, completionDate=2025-02-14T23:43:20.484244187Z[Etc/UTC], successful=false, score=7.7, rated=true, submission=SubmissionDTO[id=131, submitted=true, type=MANUAL, exampleSubmission=null, submissionDate=2025-02-14T23:43:19.265464Z, commitHash=9f4f76247a188e9a0f3516a9fbd60e829d53fb05, buildFailed=false, buildArtifact=false, participation=ParticipationDTO[id=497, testRun=false, type=programming, submissionCount=null, exercise=ParticipationExerciseDTO[id=310, exerciseType=PROGRAMMING, type=programming, assessmentType=AUTOMATIC, dueDate=2025-02-16T23:43:19.182228Z, assessmentDueDate=null, maxPoints=42.0, course=CourseDTO[id=159, accuracyOfScores=1]]], submissionExerciseType=programming, isProcessing=false, buildStartDate=null, estimatedCompletionDate=null], participation=ParticipationDTO[id=497, testRun=false, type=programming, submissionCount=null, exercise=ParticipationExerciseDTO[id=310, exerciseType=PROGRAMMING, type=programming, assessmentType=AUTOMATIC, dueDate=2025-02-16T23:43:19.182228Z, assessmentDueDate=null, maxPoints=42.0, course=CourseDTO[id=159, accuracyOfScores=1]]], feedbacks=[FeedbackDTO[id=173, text=null, detailText=The exercise expects a class with the name Context in the package testpackage. You did not implement the class in the exercise., hasLongFeedbackText=false, reference=null, credits=0.0, positive=false, type=AUTOMATIC, visibility=ALWAYS, testCase=TestCaseDTO[testName=null, id=169]], FeedbackDTO[id=174, text=null, detailText=The exercise expects a class with the name Policy in the package testpackage. You did not implement the class in the exercise., hasLongFeedbackText=false, reference=null, credits=0.0, positive=false, type=AUTOMATIC, visibility=ALWAYS, testCase=TestCaseDTO[testName=null, id=170]], FeedbackDTO[id=175, text=null, detailText=The exercise expects a class with the name SortStrategy in the package testpackage. You did not implement the class in the exercise., hasLongFeedbackText=false, reference=null, credits=0.0, positive=false, type=AUTOMATIC, visibility=ALWAYS, testCase=TestCaseDTO[testName=null, id=171]], FeedbackDTO[id=176, text=null, detailText=The class 'MergeSort' does not implement the interface 'SortStrategy' as expected. Implement the interface and its methods., hasLongFeedbackText=false, reference=null, credits=0.0, positive=false, type=AUTOMATIC, visibility=ALWAYS, testCase=TestCaseDTO[testName=null, id=166]], FeedbackDTO[id=177, text=null, detailText=The exercise expects a class with the name SortStrategy in the package testpackage. You did not implement the class in the exercise., hasLongFeedbackText=false, reference=null, credits=0.0, positive=false, type=AUTOMATIC, visibility=ALWAYS, testCase=TestCaseDTO[testName=null, id=163]], FeedbackDTO[id=178, text=null, detailText=The class 'BubbleSort' does not implement the interface 'SortStrategy' as expected. Implement the interface and its methods., hasLongFeedbackText=false, reference=null, credits=0.0, positive=false, type=AUTOMATIC, visibility=ALWAYS, testCase=TestCaseDTO[testName=null, id=167]], FeedbackDTO[id=179, text=null, detailText=MergeSort does not sort correctly, hasLongFeedbackText=false, reference=null, credits=0.0, positive=false, type=AUTOMATIC, visibility=ALWAYS, testCase=TestCaseDTO[testName=null, id=172]], FeedbackDTO[id=180, text=null, detailText=The class 'Context' was not found within the submission. Make sure to implement it properly., hasLongFeedbackText=false, reference=null, credits=0.0, positive=false, type=AUTOMATIC, visibility=ALWAYS, testCase=TestCaseDTO[testName=null, id=173]], FeedbackDTO[id=181, text=null, detailText=The class 'Context' was not found within the submission. Make sure to implement it properly., hasLongFeedbackText=false, reference=null, credits=0.0, positive=false, type=AUTOMATIC, visibility=ALWAYS, testCase=TestCaseDTO[testName=null, id=174]], FeedbackDTO[id=182, text=null, detailText=The exercise expects a class with the name Policy in the package testpackage. You did not implement the class in the exercise., hasLongFeedbackText=false, reference=null, credits=0.0, positive=false, type=AUTOMATIC, visibility=ALWAYS, testCase=TestCaseDTO[testName=null, id=168]], FeedbackDTO[id=183, text=null, detailText=The exercise expects a class with the name Context in the package testpackage. You did not implement the class in the exercise., hasLongFeedbackText=false, reference=null, credits=0.0, positive=false, type=AUTOMATIC, visibility=ALWAYS, testCase=TestCaseDTO[testName=null, id=164]], FeedbackDTO[id=184, text=null, detailText=The exercise expects a class with the name Policy in the package testpackage. You did not implement the class in the exercise., hasLongFeedbackText=false, reference=null, credits=0.0, positive=false, type=AUTOMATIC, visibility=ALWAYS, testCase=TestCaseDTO[testName=null, id=165]], FeedbackDTO[id=185, text=null, detailText=null, hasLongFeedbackText=false, reference=null, credits=3.230769230769231, positive=true, type=AUTOMATIC, visibility=ALWAYS, testCase=TestCaseDTO[testName=null, id=175]]], assessmentType=AUTOMATIC, hasComplaint=null, exampleResult=null, testCaseCount=13, passedTestCaseCount=1, codeIssueCount=0]], BuildJobQueueItem[id=5001739576601035, name=SHORT582B1BDC0A17704D6D0A46800FC19163DA47TSTEXC-LOCALCIINTSTUDENT1, buildAgent=BuildAgentDTO[name=artemis-build-agent-test, memberAddress=[127.0.0.1]:5703, displayName=artemis-build-agent-test], participationId=500, courseId=160, exerciseId=311, retryCount=0, priority=2, status=SUCCESSFUL, repositoryInfo=RepositoryInfo[repositoryName=short582b1bdc0a17704d6d0a46800fc19163da47tstexc-localciintstudent1, repositoryType=user, triggeredByPushTo=user, assignmentRepositoryUri=http://localhost:49152/git/SHORT582B1BDC0A17704D6D0A46800FC19163DA47TSTEXC/short582b1bdc0a17704d6d0a46800fc19163da47tstexc-localciintstudent1.git, testRepositoryUri=http://localhost:49152/git/SHORT582B1BDC0A17704D6D0A46800FC19163DA47TSTEXC/short582b1bdc0a17704d6d0a46800fc19163da47tstexc-tests.git, solutionRepositoryUri=null, auxiliaryRepositoryUris=[Ljava.lang.String;@487479e4, auxiliaryRepositoryCheckoutDirectories=[Ljava.lang.String;@23721ac4], jobTimingInfo=JobTimingInfo[submissionDate=2025-02-14T23:43:21.035120760Z[Etc/UTC], buildStartDate=2025-02-14T23:43:21.040320383Z[Etc/UTC], buildCompletionDate=2025-02-14T23:43:22.581236903Z[Etc/UTC], estimatedCompletionDate=2025-02-14T23:43:40.040312057Z[Etc/UTC], estimatedDuration=19], buildConfig=BuildConfig[buildScript=#!/bin/bash
cd /var/tmp/testing-dir
chmod +x ./gradlew
./gradlew clean test
, dockerImage=dummy-docker-image:latest, commitHashToBuild=887566cf754016f986627cf5c5c365dea16c907f, assignmentCommitHash=887566cf754016f986627cf5c5c365dea16c907f, testCommitHash=6af67146332066e7430917928a4b9b81c43b7c71, branch=main, programmingLanguage=JAVA, projectType=PLAIN_GRADLE, scaEnabled=false, sequentialTestRunsEnabled=false, resultPaths=[/var/tmp/testing-dir/**/test-results/test/*.xml], timeoutSeconds=0, assignmentCheckoutPath=customAssignmentPath, testCheckoutPath=null, solutionCheckoutPath=null, dockerRunConfig=null], submissionResult=ResultDTO[id=143, completionDate=2025-02-14T23:43:22.538158998Z[Etc/UTC], successful=false, score=7.7, rated=true, submission=SubmissionDTO[id=132, submitted=true, type=MANUAL, exampleSubmission=null, submissionDate=2025-02-14T23:43:21.028930Z, commitHash=887566cf754016f986627cf5c5c365dea16c907f, buildFailed=false, buildArtifact=false, participation=ParticipationDTO[id=500, testRun=false, type=programming, submissionCount=null, exercise=ParticipationExerciseDTO[id=311, exerciseType=PROGRAMMING, type=programming, assessmentType=AUTOMATIC, dueDate=2025-02-16T23:43:20.897280Z, assessmentDueDate=null, maxPoints=42.0, course=CourseDTO[id=160, accuracyOfScores=1]]], submissionExerciseType=programming, isProcessing=false, buildStartDate=null, estimatedCompletionDate=null], participation=ParticipationDTO[id=500, testRun=false, type=programming, submissionCount=null, exercise=ParticipationExerciseDTO[id=311, exerciseType=PROGRAMMING, type=programming, assessmentType=AUTOMATIC, dueDate=2025-02-16T23:43:20.897280Z, assessmentDueDate=null, maxPoints=42.0, course=CourseDTO[id=160, accuracyOfScores=1]]], feedbacks=[FeedbackDTO[id=186, text=null, detailText=The exercise expects a class with the name Context in the package testpackage. You did not implement the class in the exercise., hasLongFeedbackText=false, reference=null, credits=0.0, positive=false, type=AUTOMATIC, visibility=ALWAYS, testCase=TestCaseDTO[testName=null, id=182]], FeedbackDTO[id=187, text=null, detailText=The exercise expects a class with the name Policy in the package testpackage. You did not implement the class in the exercise., hasLongFeedbackText=false, reference=null, credits=0.0, positive=false, type=AUTOMATIC, visibility=ALWAYS, testCase=TestCaseDTO[testName=null, id=183]], FeedbackDTO[id=188, text=null, detailText=The exercise expects a class with the name SortStrategy in the package testpackage. You did not implement the class in the exercise., hasLongFeedbackText=false, reference=null, credits=0.0, positive=false, type=AUTOMATIC, visibility=ALWAYS, testCase=TestCaseDTO[testName=null, id=184]], FeedbackDTO[id=189, text=null, detailText=The class 'MergeSort' does not implement the interface 'SortStrategy' as expected. Implement the interface and its methods., hasLongFeedbackText=false, reference=null, credits=0.0, positive=false, type=AUTOMATIC, visibility=ALWAYS, testCase=TestCaseDTO[testName=null, id=179]], FeedbackDTO[id=190, text=null, detailText=The exercise expects a class with the name SortStrategy in the package testpackage. You did not implement the class in the exercise., hasLongFeedbackText=false, reference=null, credits=0.0, positive=false, type=AUTOMATIC, visibility=ALWAYS, testCase=TestCaseDTO[testName=null, id=176]], FeedbackDTO[id=191, text=null, detailText=The class 'BubbleSort' does not implement the interface 'SortStrategy' as expected. Implement the interface and its methods., hasLongFeedbackText=false, reference=null, credits=0.0, positive=false, type=AUTOMATIC, visibility=ALWAYS, testCase=TestCaseDTO[testName=null, id=180]], FeedbackDTO[id=192, text=null, detailText=MergeSort does not sort correctly, hasLongFeedbackText=false, reference=null, credits=0.0, positive=false, type=AUTOMATIC, visibility=ALWAYS, testCase=TestCaseDTO[testName=null, id=185]], FeedbackDTO[id=193, text=null, detailText=The class 'Context' was not found within the submission. Make sure to implement it properly., hasLongFeedbackText=false, reference=null, credits=0.0, positive=false, type=AUTOMATIC, visibility=ALWAYS, testCase=TestCaseDTO[testName=null, id=186]], FeedbackDTO[id=194, text=null, detailText=The class 'Context' was not found within the submission. Make sure to implement it properly., hasLongFeedbackText=false, reference=null, credits=0.0, positive=false, type=AUTOMATIC, visibility=ALWAYS, testCase=TestCaseDTO[testName=null, id=187]], FeedbackDTO[id=195, text=null, detailText=The exercise expects a class with the name Policy in the package testpackage. You did not implement the class in the exercise., hasLongFeedbackText=false, reference=null, credits=0.0, positive=false, type=AUTOMATIC, visibility=ALWAYS, testCase=TestCaseDTO[testName=null, id=181]], FeedbackDTO[id=196, text=null, detailText=The exercise expects a class with the name Context in the package testpackage. You did not implement the class in the exercise., hasLongFeedbackText=false, reference=null, credits=0.0, positive=false, type=AUTOMATIC, visibility=ALWAYS, testCase=TestCaseDTO[testName=null, id=177]], FeedbackDTO[id=197, text=null, detailText=The exercise expects a class with the name Policy in the package testpackage. You did not implement the class in the exercise., hasLongFeedbackText=false, reference=null, credits=0.0, positive=false, type=AUTOMATIC, visibility=ALWAYS, testCase=TestCaseDTO[testName=null, id=178]], FeedbackDTO[id=198, text=null, detailText=null, hasLongFeedbackText=false, reference=null, credits=3.230769230769231, positive=true, type=AUTOMATIC, visibility=ALWAYS, testCase=TestCaseDTO[testName=null, id=188]]], assessmentType=AUTOMATIC, hasComplaint=null, exampleResult=null, testCaseCount=13, passedTestCaseCount=1, codeIssueCount=0]], BuildJobQueueItem[id=5031739576604847, name=SHORT00FA1A240403404C7E097D7007C591BE2AB1TSTEXC-LOCALCIINTSTUDENT1, buildAgent=BuildAgentDTO[name=artemis-build-agent-test, memberAddress=[127.0.0.1]:5703, displayName=artemis-build-agent-test], participationId=503, courseId=161, exerciseId=312, retryCount=0, priority=2, status=FAILED, repositoryInfo=RepositoryInfo[repositoryName=short00fa1a240403404c7e097d7007c591be2ab1tstexc-localciintstudent1, repositoryType=user, triggeredByPushTo=user, assignmentRepositoryUri=http://localhost:49152/git/SHORT00FA1A240403404C7E097D7007C591BE2AB1TSTEXC/short00fa1a240403404c7e097d7007c591be2ab1tstexc-localciintstudent1.git, testRepositoryUri=http://localhost:49152/git/SHORT00FA1A240403404C7E097D7007C591BE2AB1TSTEXC/short00fa1a240403404c7e097d7007c591be2ab1tstexc-tests.git, solutionRepositoryUri=null, auxiliaryRepositoryUris=[Ljava.lang.String;@bbfd7b4, auxiliaryRepositoryCheckoutDirectories=[Ljava.lang.String;@7ae73ef9], jobTimingInfo=JobTimingInfo[submissionDate=2025-02-14T23:43:24.847396156Z[Etc/UTC], buildStartDate=2025-02-14T23:43:24.860457211Z[Etc/UTC], buildCompletionDate=2025-02-14T23:43:26.809353681Z[Etc/UTC], estimatedCompletionDate=2025-02-14T23:43:46.860451490Z[Etc/UTC], estimatedDuration=22], buildConfig=BuildConfig[buildScript=#!/bin/bash
cd /var/tmp/testing-dir
chmod +x ./gradlew
./gradlew clean test
, dockerImage=dummy-docker-image:latest, commitHashToBuild=9690714a509af0a98c6790a7e52ee3574c7ef689, assignmentCommitHash=9690714a509af0a98c6790a7e52ee3574c7ef689, testCommitHash=9690714a509af0a98c6790a7e52ee3574c7ef689, branch=main, programmingLanguage=JAVA, projectType=PLAIN_GRADLE, scaEnabled=false, sequentialTestRunsEnabled=false, resultPaths=[/var/tmp/testing-dir/**/test-results/test/*.xml], timeoutSeconds=0, assignmentCheckoutPath=null, testCheckoutPath=null, solutionCheckoutPath=null, dockerRunConfig=null], submissionResult=ResultDTO[id=144, completionDate=2025-02-14T23:43:26.809483684Z[Etc/UTC], successful=false, score=0.0, rated=true, submission=SubmissionDTO[id=133, submitted=true, type=MANUAL, exampleSubmission=null, submissionDate=2025-02-14T23:43:24.841319Z, commitHash=9690714a509af0a98c6790a7e52ee3574c7ef689, buildFailed=true, buildArtifact=false, participation=ParticipationDTO[id=503, testRun=false, type=programming, submissionCount=null, exercise=ParticipationExerciseDTO[id=312, exerciseType=PROGRAMMING, type=programming, assessmentType=AUTOMATIC, dueDate=2025-02-16T23:43:24.571329Z, assessmentDueDate=null, maxPoints=42.0, course=CourseDTO[id=161, accuracyOfScores=1]]], submissionExerciseType=programming, isProcessing=false, buildStartDate=null, estimatedCompletionDate=null], participation=ParticipationDTO[id=503, testRun=false, type=programming, submissionCount=null, exercise=ParticipationExerciseDTO[id=312, exerciseType=PROGRAMMING, type=programming, assessmentType=AUTOMATIC, dueDate=2025-02-16T23:43:24.571329Z, assessmentDueDate=null, maxPoints=42.0, course=CourseDTO[id=161, accuracyOfScores=1]]], feedbacks=[], assessmentType=AUTOMATIC, hasComplaint=null, exampleResult=null, testCaseCount=0, passedTestCaseCount=0, codeIssueCount=0]]], publicSshKey=ssh-rsa AAAAB3NzaC1yc2EAAAADAQABAAACAQCOPdMsxRE2jFJ/UEa5/LsBxtwzJcrh3/rYBCQvcMeVpiRfhzQPWu7mrt/G2Ew+i+vRloGH9aqKg6dd1liRncao53Zmd/ePxoatXePNhmzTfkCkcSkTUz7B+QMjkoDDV5jwuFPD6mF3JkhuzSi64n9Zy905t4w2IhVcjM2mL3eYNjiCXt6Qpq3Pkt7dM/Ksw1nxnvuiIALuJLB3FTkXkHqq3PJav+9HSq2r6ZaWgekneaGxlQlb+U+Vy3XOuArKAzK8c8i+0bR+AHiTG6ncYXt7ax3U+TdlDTF7OLP3umwaYjs1NBXOHwG42pevvpKn2fqavZZozk+M05jXLx3bq0O7itxfErWc7etky8qYPyyIMF/txQIVLd78+Ze4d7Y60t5MGbXM5cGE6fFif5fEJwgswXD+BrG0cafz1CTatjSKFdvp8Vp4VszXhHDan1PrP6JEFJ5Cc5GDmLRZPCFa3vL9f5qXgf4bkqKN8MYeEujwJE5nMRWoiJVNakix2bcrrneQMBlnYeYZVWXXXUusAQBzl4NgddC1umZpihZkL1b1MffZAUW3EGEXi7KHnllQhkTLLsQ8ntMgbylqaJKStqaXlLvdeRJcEnUuiFCrHEVVbXRFZR7XVDZ02CE5o3MuaRPty8Kh+jRTF3COlAckHwYEJCNNJvXFgb2CNXL4mjzYDw== test@localhost]
    23:43:26.976 | 566 localvc.event-13 | DEBUG | s.l.LocalCIWebsocketMessagingService : Sending message on topic /topic/admin/build-agents: [BuildAgentInformation[buildAgent=BuildAgentDTO[name=artemis-build-agent-test, memberAddress=[127.0.0.1]:5703, displayName=artemis-build-agent-test], maxNumberOfConcurrentBuildJobs=1, numberOfCurrentBuildJobs=1, runningBuildJobs=[BuildJobQueueItem[id=5061739576605250, name=SHORT62C808EE04ECE040740AF7B0CF3AE5F5BEF2TSTEXC-LOCALCIINTSTUDENT1, buildAgent=BuildAgentDTO[name=artemis-build-agent-test, memberAddress=[127.0.0.1]:5703, displayName=artemis-build-agent-test], participationId=506, courseId=162, exerciseId=313, retryCount=0, priority=2, status=null, repositoryInfo=RepositoryInfo[repositoryName=short62c808ee04ece040740af7b0cf3ae5f5bef2tstexc-localciintstudent1, repositoryType=user, triggeredByPushTo=user, assignmentRepositoryUri=, testRepositoryUri=, solutionRepositoryUri=, auxiliaryRepositoryUris=null, auxiliaryRepositoryCheckoutDirectories=null], jobTimingInfo=JobTimingInfo[submissionDate=2025-02-14T23:43:25.250749866Z[Etc/UTC], buildStartDate=2025-02-14T23:43:26.820713075Z[Etc/UTC], buildCompletionDate=null, estimatedCompletionDate=2025-02-14T23:43:45.820704920Z[Etc/UTC], estimatedDuration=19], buildConfig=BuildConfig[buildScript=, dockerImage=, commitHashToBuild=993b6f756e3e52a44d0537d4fa3a5d0e0acdbe89, assignmentCommitHash=, testCommitHash=, branch=, programmingLanguage=null, projectType=null, scaEnabled=false, sequentialTestRunsEnabled=false, resultPaths=null, timeoutSeconds=0, assignmentCheckoutPath=, testCheckoutPath=, solutionCheckoutPath=, dockerRunConfig=null], submissionResult=null]], status=ACTIVE, recentBuildJobs=null, publicSshKey=null]]
    23:43:26.974 | 132 Pool-1-worker-47 | INFO  | i.z.t.d.l.EmbeddedDatabaseReporter   : JDBC URL to connect to 'dataSource': url='jdbc:h2:tcp://localhost:41063/mem:df70fc46-7e57-4cb5-9cd0-c1d90c14afa7;USER=sa', scope='AnswerMessageIntegrationTest#testCreateConversationAnswerPostWithUserMention'
    23:43:26.979 | 132 Pool-1-worker-47 | DEBUG | d.t.c.a.a.c.s.f.ApiVersionFilter     : Adding Version to Request POST /api/courses/870/answer-messages
    23:43:26.980 | 566 localvc.event-13 | DEBUG | s.l.LocalCIWebsocketMessagingService : Sending message on topic /topic/admin/build-agent/artemis-build-agent-test: BuildAgentInformation[buildAgent=BuildAgentDTO[name=artemis-build-agent-test, memberAddress=[127.0.0.1]:5703, displayName=artemis-build-agent-test], maxNumberOfConcurrentBuildJobs=1, numberOfCurrentBuildJobs=1, runningBuildJobs=[BuildJobQueueItem[id=5061739576605250, name=SHORT62C808EE04ECE040740AF7B0CF3AE5F5BEF2TSTEXC-LOCALCIINTSTUDENT1, buildAgent=BuildAgentDTO[name=artemis-build-agent-test, memberAddress=[127.0.0.1]:5703, displayName=artemis-build-agent-test], participationId=506, courseId=162, exerciseId=313, retryCount=0, priority=2, status=null, repositoryInfo=RepositoryInfo[repositoryName=short62c808ee04ece040740af7b0cf3ae5f5bef2tstexc-localciintstudent1, repositoryType=user, triggeredByPushTo=user, assignmentRepositoryUri=http://localhost:49152/git/SHORT62C808EE04ECE040740AF7B0CF3AE5F5BEF2TSTEXC/short62c808ee04ece040740af7b0cf3ae5f5bef2tstexc-localciintstudent1.git, testRepositoryUri=http://localhost:49152/git/SHORT62C808EE04ECE040740AF7B0CF3AE5F5BEF2TSTEXC/short62c808ee04ece040740af7b0cf3ae5f5bef2tstexc-tests.git, solutionRepositoryUri=null, auxiliaryRepositoryUris=[Ljava.lang.String;@57d73e57, auxiliaryRepositoryCheckoutDirectories=[Ljava.lang.String;@1484d2a2], jobTimingInfo=JobTimingInfo[submissionDate=2025-02-14T23:43:25.250749866Z[Etc/UTC], buildStartDate=2025-02-14T23:43:26.820713075Z[Etc/UTC], buildCompletionDate=null, estimatedCompletionDate=2025-02-14T23:43:45.820704920Z[Etc/UTC], estimatedDuration=19], buildConfig=BuildConfig[buildScript=#!/bin/bash
cd /var/tmp/testing-dir
chmod +x ./gradlew
./gradlew clean test
, dockerImage=dummy-docker-image:latest, commitHashToBuild=993b6f756e3e52a44d0537d4fa3a5d0e0acdbe89, assignmentCommitHash=993b6f756e3e52a44d0537d4fa3a5d0e0acdbe89, testCommitHash=993b6f756e3e52a44d0537d4fa3a5d0e0acdbe89, branch=main, programmingLanguage=JAVA, projectType=null, scaEnabled=false, sequentialTestRunsEnabled=false, resultPaths=[/var/tmp/testing-dir/**/test-results/test/*.xml], timeoutSeconds=0, assignmentCheckoutPath=null, testCheckoutPath=null, solutionCheckoutPath=null, dockerRunConfig=null], submissionResult=null]], status=ACTIVE, recentBuildJobs=[BuildJobQueueItem[id=4621739576562326, name=SHORT43ACF76B02BC1044B80938509D14043FABDETSTEXC-LOCALCIINTSTUDENT1, buildAgent=BuildAgentDTO[name=artemis-build-agent-test, memberAddress=[127.0.0.1]:5703, displayName=artemis-build-agent-test], participationId=462, courseId=147, exerciseId=298, retryCount=0, priority=2, status=SUCCESSFUL, repositoryInfo=RepositoryInfo[repositoryName=short43acf76b02bc1044b80938509d14043fabdetstexc-localciintstudent1, repositoryType=user, triggeredByPushTo=user, assignmentRepositoryUri=http://localhost:49152/git/SHORT43ACF76B02BC1044B80938509D14043FABDETSTEXC/short43acf76b02bc1044b80938509d14043fabdetstexc-localciintstudent1.git, testRepositoryUri=http://localhost:49152/git/SHORT43ACF76B02BC1044B80938509D14043FABDETSTEXC/short43acf76b02bc1044b80938509d14043fabdetstexc-tests.git, solutionRepositoryUri=null, auxiliaryRepositoryUris=[Ljava.lang.String;@3b846c39, auxiliaryRepositoryCheckoutDirectories=[Ljava.lang.String;@1b7aeac6], jobTimingInfo=JobTimingInfo[submissionDate=2025-02-14T23:42:42.326978596Z[Etc/UTC], buildStartDate=2025-02-14T23:42:42.420147010Z[Etc/UTC], buildCompletionDate=2025-02-14T23:42:45.573855829Z[Etc/UTC], estimatedCompletionDate=2025-02-14T23:43:01.420129377Z[Etc/UTC], estimatedDuration=19], buildConfig=BuildConfig[buildScript=#!/bin/bash
cd /var/tmp/testing-dir
chmod +x ./gradlew
./gradlew clean test
, dockerImage=dummy-docker-image:latest, commitHashToBuild=a9c717ccf7bcbe9531d3eee21dbaeb5aab2ff971, assignmentCommitHash=a9c717ccf7bcbe9531d3eee21dbaeb5aab2ff971, testCommitHash=a9c717ccf7bcbe9531d3eee21dbaeb5aab2ff971, branch=main, programmingLanguage=JAVA, projectType=PLAIN_GRADLE, scaEnabled=false, sequentialTestRunsEnabled=false, resultPaths=[/var/tmp/testing-dir/**/test-results/test/*.xml], timeoutSeconds=0, assignmentCheckoutPath=null, testCheckoutPath=null, solutionCheckoutPath=null, dockerRunConfig=DockerRunConfig[isNetworkDisabled=true, env=[key=value]]], submissionResult=ResultDTO[id=132, completionDate=2025-02-14T23:42:45.519869118Z[Etc/UTC], successful=false, score=7.7, rated=true, submission=SubmissionDTO[id=119, submitted=true, type=MANUAL, exampleSubmission=null, submissionDate=2025-02-14T23:42:42.302762Z, commitHash=a9c717ccf7bcbe9531d3eee21dbaeb5aab2ff971, buildFailed=false, buildArtifact=false, participation=ParticipationDTO[id=462, testRun=false, type=programming, submissionCount=null, exercise=ParticipationExerciseDTO[id=298, exerciseType=PROGRAMMING, type=programming, assessmentType=AUTOMATIC, dueDate=2025-02-16T23:42:41.553955Z, assessmentDueDate=null, maxPoints=42.0, course=CourseDTO[id=147, accuracyOfScores=1]]], submissionExerciseType=programming, isProcessing=false, buildStartDate=null, estimatedCompletionDate=null], participation=ParticipationDTO[id=462, testRun=false, type=programming, submissionCount=null, exercise=ParticipationExerciseDTO[id=298, exerciseType=PROGRAMMING, type=programming, assessmentType=AUTOMATIC, dueDate=2025-02-16T23:42:41.553955Z, assessmentDueDate=null, maxPoints=42.0, course=CourseDTO[id=147, accuracyOfScores=1]]], feedbacks=[FeedbackDTO[id=67, text=null, detailText=The exercise expects a class with the name Context in the package testpackage. You did not implement the class in the exercise., hasLongFeedbackText=false, reference=null, credits=0.0, positive=false, type=AUTOMATIC, visibility=ALWAYS, testCase=TestCaseDTO[testName=null, id=13]], FeedbackDTO[id=68, text=null, detailText=The exercise expects a class with the name Policy in the package testpackage. You did not implement the class in the exercise., hasLongFeedbackText=false, reference=null, credits=0.0, positive=false, type=AUTOMATIC, visibility=ALWAYS, testCase=TestCaseDTO[testName=null, id=14]], FeedbackDTO[id=69, text=null, detailText=The exercise expects a class with the name SortStrategy in the package testpackage. You did not implement the class in the exercise., hasLongFeedbackText=false, reference=null, credits=0.0, positive=false, type=AUTOMATIC, visibility=ALWAYS, testCase=TestCaseDTO[testName=null, id=15]], FeedbackDTO[id=70, text=null, detailText=The class 'MergeSort' does not implement the interface 'SortStrategy' as expected. Implement the interface and its methods., hasLongFeedbackText=false, reference=null, credits=0.0, positive=false, type=AUTOMATIC, visibility=ALWAYS, testCase=TestCaseDTO[testName=null, id=10]], FeedbackDTO[id=71, text=null, detailText=The exercise expects a class with the name SortStrategy in the package testpackage. You did not implement the class in the exercise., hasLongFeedbackText=false, reference=null, credits=0.0, positive=false, type=AUTOMATIC, visibility=ALWAYS, testCase=TestCaseDTO[testName=null, id=7]], FeedbackDTO[id=72, text=null, detailText=The class 'BubbleSort' does not implement the interface 'SortStrategy' as expected. Implement the interface and its methods., hasLongFeedbackText=false, reference=null, credits=0.0, positive=false, type=AUTOMATIC, visibility=ALWAYS, testCase=TestCaseDTO[testName=null, id=11]], FeedbackDTO[id=73, text=null, detailText=MergeSort does not sort correctly, hasLongFeedbackText=false, reference=null, credits=0.0, positive=false, type=AUTOMATIC, visibility=ALWAYS, testCase=TestCaseDTO[testName=null, id=16]], FeedbackDTO[id=74, text=null, detailText=The class 'Context' was not found within the submission. Make sure to implement it properly., hasLongFeedbackText=false, reference=null, credits=0.0, positive=false, type=AUTOMATIC, visibility=ALWAYS, testCase=TestCaseDTO[testName=null, id=17]], FeedbackDTO[id=75, text=null, detailText=The class 'Context' was not found within the submission. Make sure to implement it properly., hasLongFeedbackText=false, reference=null, credits=0.0, positive=false, type=AUTOMATIC, visibility=ALWAYS, testCase=TestCaseDTO[testName=null, id=18]], FeedbackDTO[id=76, text=null, detailText=The exercise expects a class with the name Policy in the package testpackage. You did not implement the class in the exercise., hasLongFeedbackText=false, reference=null, credits=0.0, positive=false, type=AUTOMATIC, visibility=ALWAYS, testCase=TestCaseDTO[testName=null, id=12]], FeedbackDTO[id=77, text=null, detailText=The exercise expects a class with the name Context in the package testpackage. You did not implement the class in the exercise., hasLongFeedbackText=false, reference=null, credits=0.0, positive=false, type=AUTOMATIC, visibility=ALWAYS, testCase=TestCaseDTO[testName=null, id=8]], FeedbackDTO[id=78, text=null, detailText=The exercise expects a class with the name Policy in the package testpackage. You did not implement the class in the exercise., hasLongFeedbackText=false, reference=null, credits=0.0, positive=false, type=AUTOMATIC, visibility=ALWAYS, testCase=TestCaseDTO[testName=null, id=9]], FeedbackDTO[id=79, text=null, detailText=null, hasLongFeedbackText=false, reference=null, credits=3.230769230769231, positive=true, type=AUTOMATIC, visibility=ALWAYS, testCase=TestCaseDTO[testName=null, id=19]]], assessmentType=AUTOMATIC, hasComplaint=null, exampleResult=null, testCaseCount=13, passedTestCaseCount=1, codeIssueCount=0]], BuildJobQueueItem[id=4651739576569330, name=SHORTB06DD3F905F4604F6E085260D83ED657A6DFTSTEXC-LOCALCIINTSTUDENT1, buildAgent=BuildAgentDTO[name=artemis-build-agent-test, memberAddress=[127.0.0.1]:5703, displayName=artemis-build-agent-test], participationId=465, courseId=148, exerciseId=299, retryCount=0, priority=2, status=SUCCESSFUL, repositoryInfo=RepositoryInfo[repositoryName=shortb06dd3f905f4604f6e085260d83ed657a6dftstexc-localciintstudent1, repositoryType=user, triggeredByPushTo=user, assignmentRepositoryUri=http://localhost:49152/git/SHORTB06DD3F905F4604F6E085260D83ED657A6DFTSTEXC/shortb06dd3f905f4604f6e085260d83ed657a6dftstexc-localciintstudent1.git, testRepositoryUri=http://localhost:49152/git/SHORTB06DD3F905F4604F6E085260D83ED657A6DFTSTEXC/shortb06dd3f905f4604f6e085260d83ed657a6dftstexc-tests.git, solutionRepositoryUri=null, auxiliaryRepositoryUris=[Ljava.lang.String;@75b15a78, auxiliaryRepositoryCheckoutDirectories=[Ljava.lang.String;@479287ae], jobTimingInfo=JobTimingInfo[submissionDate=2025-02-14T23:42:49.330093960Z[Etc/UTC], buildStartDate=2025-02-14T23:42:49.347797345Z[Etc/UTC], buildCompletionDate=2025-02-14T23:42:51.204319751Z[Etc/UTC], estimatedCompletionDate=2025-02-14T23:43:08.347788449Z[Etc/UTC], estimatedDuration=19], buildConfig=BuildConfig[buildScript=#!/bin/bash
cd /var/tmp/testing-dir
chmod +x ./gradlew
./gradlew clean test
, dockerImage=dummy-docker-image:latest, commitHashToBuild=41581fff25954d36cf07586926ee0c77d1003131, assignmentCommitHash=41581fff25954d36cf07586926ee0c77d1003131, testCommitHash=41581fff25954d36cf07586926ee0c77d1003131, branch=main, programmingLanguage=JAVA, projectType=PLAIN_GRADLE, scaEnabled=false, sequentialTestRunsEnabled=false, resultPaths=[/var/tmp/testing-dir/**/test-results/test/*.xml], timeoutSeconds=0, assignmentCheckoutPath=null, testCheckoutPath=null, solutionCheckoutPath=null, dockerRunConfig=null], submissionResult=ResultDTO[id=133, completionDate=2025-02-14T23:42:51.155372920Z[Etc/UTC], successful=false, score=7.7, rated=true, submission=SubmissionDTO[id=120, submitted=true, type=MANUAL, exampleSubmission=null, submissionDate=2025-02-14T23:42:49.321855Z, commitHash=41581fff25954d36cf07586926ee0c77d1003131, buildFailed=false, buildArtifact=false, participation=ParticipationDTO[id=465, testRun=false, type=programming, submissionCount=null, exercise=ParticipationExerciseDTO[id=299, exerciseType=PROGRAMMING, type=programming, assessmentType=AUTOMATIC, dueDate=2025-02-16T23:42:49.163661Z, assessmentDueDate=null, maxPoints=42.0, course=CourseDTO[id=148, accuracyOfScores=1]]], submissionExerciseType=programming, isProcessing=false, buildStartDate=null, estimatedCompletionDate=null], participation=ParticipationDTO[id=465, testRun=false, type=programming, submissionCount=null, exercise=ParticipationExerciseDTO[id=299, exerciseType=PROGRAMMING, type=programming, assessmentType=AUTOMATIC, dueDate=2025-02-16T23:42:49.163661Z, assessmentDueDate=null, maxPoints=42.0, course=CourseDTO[id=148, accuracyOfScores=1]]], feedbacks=[FeedbackDTO[id=80, text=null, detailText=The exercise expects a class with the name Context in the package testpackage. You did not implement the class in the exercise., hasLongFeedbackText=false, reference=null, credits=0.0, positive=false, type=AUTOMATIC, visibility=ALWAYS, testCase=TestCaseDTO[testName=null, id=26]], FeedbackDTO[id=81, text=null, detailText=The exercise expects a class with the name Policy in the package testpackage. You did not implement the class in the exercise., hasLongFeedbackText=false, reference=null, credits=0.0, positive=false, type=AUTOMATIC, visibility=ALWAYS, testCase=TestCaseDTO[testName=null, id=27]], FeedbackDTO[id=82, text=null, detailText=The exercise expects a class with the name SortStrategy in the package testpackage. You did not implement the class in the exercise., hasLongFeedbackText=false, reference=null, credits=0.0, positive=false, type=AUTOMATIC, visibility=ALWAYS, testCase=TestCaseDTO[testName=null, id=28]], FeedbackDTO[id=83, text=null, detailText=The class 'MergeSort' does not implement the interface 'SortStrategy' as expected. Implement the interface and its methods., hasLongFeedbackText=false, reference=null, credits=0.0, positive=false, type=AUTOMATIC, visibility=ALWAYS, testCase=TestCaseDTO[testName=null, id=23]], FeedbackDTO[id=84, text=null, detailText=The exercise expects a class with the name SortStrategy in the package testpackage. You did not implement the class in the exercise., hasLongFeedbackText=false, reference=null, credits=0.0, positive=false, type=AUTOMATIC, visibility=ALWAYS, testCase=TestCaseDTO[testName=null, id=20]], FeedbackDTO[id=85, text=null, detailText=The class 'BubbleSort' does not implement the interface 'SortStrategy' as expected. Implement the interface and its methods., hasLongFeedbackText=false, reference=null, credits=0.0, positive=false, type=AUTOMATIC, visibility=ALWAYS, testCase=TestCaseDTO[testName=null, id=24]], FeedbackDTO[id=86, text=null, detailText=MergeSort does not sort correctly, hasLongFeedbackText=false, reference=null, credits=0.0, positive=false, type=AUTOMATIC, visibility=ALWAYS, testCase=TestCaseDTO[testName=null, id=29]], FeedbackDTO[id=87, text=null, detailText=The class 'Context' was not found within the submission. Make sure to implement it properly., hasLongFeedbackText=false, reference=null, credits=0.0, positive=false, type=AUTOMATIC, visibility=ALWAYS, testCase=TestCaseDTO[testName=null, id=30]], FeedbackDTO[id=88, text=null, detailText=The class 'Context' was not found within the submission. Make sure to implement it properly., hasLongFeedbackText=false, reference=null, credits=0.0, positive=false, type=AUTOMATIC, visibility=ALWAYS, testCase=TestCaseDTO[testName=null, id=31]], FeedbackDTO[id=89, text=null, detailText=The exercise expects a class with the name Policy in the package testpackage. You did not implement the class in the exercise., hasLongFeedbackText=false, reference=null, credits=0.0, positive=false, type=AUTOMATIC, visibility=ALWAYS, testCase=TestCaseDTO[testName=null, id=25]], FeedbackDTO[id=90, text=null, detailText=The exercise expects a class with the name Context in the package testpackage. You did not implement the class in the exercise., hasLongFeedbackText=false, reference=null, credits=0.0, positive=false, type=AUTOMATIC, visibility=ALWAYS, testCase=TestCaseDTO[testName=null, id=21]], FeedbackDTO[id=91, text=null, detailText=The exercise expects a class with the name Policy in the package testpackage. You did not implement the class in the exercise., hasLongFeedbackText=false, reference=null, credits=0.0, positive=false, type=AUTOMATIC, visibility=ALWAYS, testCase=TestCaseDTO[testName=null, id=22]], FeedbackDTO[id=92, text=null, detailText=null, hasLongFeedbackText=false, reference=null, credits=3.230769230769231, positive=true, type=AUTOMATIC, visibility=ALWAYS, testCase=TestCaseDTO[testName=null, id=32]]], assessmentType=AUTOMATIC, hasComplaint=null, exampleResult=null, testCaseCount=13, passedTestCaseCount=1, codeIssueCount=0]], BuildJobQueueItem[id=4681739576573068, name=SHORTBCF65534040390488B0A46605F5F3776B89ATSTEXC-LOCALCIINTSTUDENT1, buildAgent=BuildAgentDTO[name=artemis-build-agent-test, memberAddress=[127.0.0.1]:5703, displayName=artemis-build-agent-test], participationId=468, courseId=149, exerciseId=300, retryCount=0, priority=2, status=SUCCESSFUL, repositoryInfo=RepositoryInfo[repositoryName=shortbcf65534040390488b0a46605f5f3776b89atstexc-localciintstudent1, repositoryType=user, triggeredByPushTo=user, assignmentRepositoryUri=http://localhost:49152/git/SHORTBCF65534040390488B0A46605F5F3776B89ATSTEXC/shortbcf65534040390488b0a46605f5f3776b89atstexc-localciintstudent1.git, testRepositoryUri=http://localhost:49152/git/SHORTBCF65534040390488B0A46605F5F3776B89ATSTEXC/shortbcf65534040390488b0a46605f5f3776b89atstexc-tests.git, solutionRepositoryUri=null, auxiliaryRepositoryUris=[Ljava.lang.String;@5fefcec1, auxiliaryRepositoryCheckoutDirectories=[Ljava.lang.String;@138f2320], jobTimingInfo=JobTimingInfo[submissionDate=2025-02-14T23:42:53.068019209Z[Etc/UTC], buildStartDate=2025-02-14T23:42:53.092867394Z[Etc/UTC], buildCompletionDate=2025-02-14T23:42:55.086950323Z[Etc/UTC], estimatedCompletionDate=2025-02-14T23:43:12.092858828Z[Etc/UTC], estimatedDuration=19], buildConfig=BuildConfig[buildScript=#!/bin/bash
cd /var/tmp/testing-dir
chmod +x ./gradlew
./gradlew clean test
, dockerImage=dummy-docker-image:latest, commitHashToBuild=2d5c0482fc77d3f5ec0841962528a43054e83170, assignmentCommitHash=2d5c0482fc77d3f5ec0841962528a43054e83170, testCommitHash=7477e25d56ce5fee2c938542a7e7ed4ed085d373, branch=main, programmingLanguage=JAVA, projectType=PLAIN_GRADLE, scaEnabled=false, sequentialTestRunsEnabled=false, resultPaths=[/var/tmp/testing-dir/**/test-results/test/*.xml], timeoutSeconds=0, assignmentCheckoutPath=null, testCheckoutPath=null, solutionCheckoutPath=null, dockerRunConfig=null], submissionResult=ResultDTO[id=134, completionDate=2025-02-14T23:42:55.059618627Z[Etc/UTC], successful=false, score=7.7, rated=true, submission=SubmissionDTO[id=121, submitted=true, type=MANUAL, exampleSubmission=null, submissionDate=2025-02-14T23:42:53.048221Z, commitHash=2d5c0482fc77d3f5ec0841962528a43054e83170, buildFailed=false, buildArtifact=false, participation=ParticipationDTO[id=468, testRun=false, type=programming, submissionCount=null, exercise=ParticipationExerciseDTO[id=300, exerciseType=PROGRAMMING, type=programming, assessmentType=AUTOMATIC, dueDate=2025-02-16T23:42:52.873722Z, assessmentDueDate=null, maxPoints=42.0, course=CourseDTO[id=149, accuracyOfScores=1]]], submissionExerciseType=programming, isProcessing=false, buildStartDate=null, estimatedCompletionDate=null], participation=ParticipationDTO[id=468, testRun=false, type=programming, submissionCount=null, exercise=ParticipationExerciseDTO[id=300, exerciseType=PROGRAMMING, type=programming, assessmentType=AUTOMATIC, dueDate=2025-02-16T23:42:52.873722Z, assessmentDueDate=null, maxPoints=42.0, course=CourseDTO[id=149, accuracyOfScores=1]]], feedbacks=[FeedbackDTO[id=93, text=null, detailText=The exercise expects a class with the name Context in the package testpackage. You did not implement the class in the exercise., hasLongFeedbackText=false, reference=null, credits=0.0, positive=false, type=AUTOMATIC, visibility=ALWAYS, testCase=TestCaseDTO[testName=null, id=39]], FeedbackDTO[id=94, text=null, detailText=The exercise expects a class with the name Policy in the package testpackage. You did not implement the class in the exercise., hasLongFeedbackText=false, reference=null, credits=0.0, positive=false, type=AUTOMATIC, visibility=ALWAYS, testCase=TestCaseDTO[testName=null, id=40]], FeedbackDTO[id=95, text=null, detailText=The exercise expects a class with the name SortStrategy in the package testpackage. You did not implement the class in the exercise., hasLongFeedbackText=false, reference=null, credits=0.0, positive=false, type=AUTOMATIC, visibility=ALWAYS, testCase=TestCaseDTO[testName=null, id=41]], FeedbackDTO[id=96, text=null, detailText=The class 'MergeSort' does not implement the interface 'SortStrategy' as expected. Implement the interface and its methods., hasLongFeedbackText=false, reference=null, credits=0.0, positive=false, type=AUTOMATIC, visibility=ALWAYS, testCase=TestCaseDTO[testName=null, id=36]], FeedbackDTO[id=97, text=null, detailText=The exercise expects a class with the name SortStrategy in the package testpackage. You did not implement the class in the exercise., hasLongFeedbackText=false, reference=null, credits=0.0, positive=false, type=AUTOMATIC, visibility=ALWAYS, testCase=TestCaseDTO[testName=null, id=33]], FeedbackDTO[id=98, text=null, detailText=The class 'BubbleSort' does not implement the interface 'SortStrategy' as expected. Implement the interface and its methods., hasLongFeedbackText=false, reference=null, credits=0.0, positive=false, type=AUTOMATIC, visibility=ALWAYS, testCase=TestCaseDTO[testName=null, id=37]], FeedbackDTO[id=99, text=null, detailText=MergeSort does not sort correctly, hasLongFeedbackText=false, reference=null, credits=0.0, positive=false, type=AUTOMATIC, visibility=ALWAYS, testCase=TestCaseDTO[testName=null, id=42]], FeedbackDTO[id=100, text=null, detailText=The class 'Context' was not found within the submission. Make sure to implement it properly., hasLongFeedbackText=false, reference=null, credits=0.0, positive=false, type=AUTOMATIC, visibility=ALWAYS, testCase=TestCaseDTO[testName=null, id=43]], FeedbackDTO[id=101, text=null, detailText=The class 'Context' was not found within the submission. Make sure to implement it properly., hasLongFeedbackText=false, reference=null, credits=0.0, positive=false, type=AUTOMATIC, visibility=ALWAYS, testCase=TestCaseDTO[testName=null, id=44]], FeedbackDTO[id=102, text=null, detailText=The exercise expects a class with the name Policy in the package testpackage. You did not implement the class in the exercise., hasLongFeedbackText=false, reference=null, credits=0.0, positive=false, type=AUTOMATIC, visibility=ALWAYS, testCase=TestCaseDTO[testName=null, id=38]], FeedbackDTO[id=103, text=null, detailText=The exercise expects a class with the name Context in the package testpackage. You did not implement the class in the exercise., hasLongFeedbackText=false, reference=null, credits=0.0, positive=false, type=AUTOMATIC, visibility=ALWAYS, testCase=TestCaseDTO[testName=null, id=34]], FeedbackDTO[id=104, text=null, detailText=The exercise expects a class with the name Policy in the package testpackage. You did not implement the class in the exercise., hasLongFeedbackText=false, reference=null, credits=0.0, positive=false, type=AUTOMATIC, visibility=ALWAYS, testCase=TestCaseDTO[testName=null, id=35]], FeedbackDTO[id=105, text=null, detailText=null, hasLongFeedbackText=false, reference=null, credits=3.230769230769231, positive=true, type=AUTOMATIC, visibility=ALWAYS, testCase=TestCaseDTO[testName=null, id=45]]], assessmentType=AUTOMATIC, hasComplaint=null, exampleResult=null, testCaseCount=13, passedTestCaseCount=1, codeIssueCount=0]], BuildJobQueueItem[id=4741739576577297, name=SHORT88A9A223023E2047B709E4A029FA08BCF2CFTSTEXC-LOCALCIINTSTUDENT1, buildAgent=BuildAgentDTO[name=artemis-build-agent-test, memberAddress=[127.0.0.1]:5703, displayName=artemis-build-agent-test], participationId=474, courseId=151, exerciseId=302, retryCount=0, priority=2, status=SUCCESSFUL, repositoryInfo=RepositoryInfo[repositoryName=short88a9a223023e2047b709e4a029fa08bcf2cftstexc-localciintstudent1, repositoryType=user, triggeredByPushTo=user, assignmentRepositoryUri=http://localhost:49152/git/SHORT88A9A223023E2047B709E4A029FA08BCF2CFTSTEXC/short88a9a223023e2047b709e4a029fa08bcf2cftstexc-localciintstudent1.git, testRepositoryUri=http://localhost:49152/git/SHORT88A9A223023E2047B709E4A029FA08BCF2CFTSTEXC/short88a9a223023e2047b709e4a029fa08bcf2cftstexc-tests.git, solutionRepositoryUri=null, auxiliaryRepositoryUris=[Ljava.lang.String;@6c12c9b3, auxiliaryRepositoryCheckoutDirectories=[Ljava.lang.String;@3f6e9c68], jobTimingInfo=JobTimingInfo[submissionDate=2025-02-14T23:42:57.297342281Z[Etc/UTC], buildStartDate=2025-02-14T23:42:57.308570327Z[Etc/UTC], buildCompletionDate=2025-02-14T23:42:59.047616654Z[Etc/UTC], estimatedCompletionDate=2025-02-14T23:43:16.308558064Z[Etc/UTC], estimatedDuration=19], buildConfig=BuildConfig[buildScript=#!/bin/bash
cd /var/tmp/testing-dir
chmod +x ./gradlew
./gradlew clean test
, dockerImage=dummy-docker-image:latest, commitHashToBuild=736cbea1e46d6849b41266b2bf1cccd3b9ea55b1, assignmentCommitHash=736cbea1e46d6849b41266b2bf1cccd3b9ea55b1, testCommitHash=ea6267edd396a304305339b036512b63e0374c66, branch=main, programmingLanguage=JAVA, projectType=PLAIN_GRADLE, scaEnabled=false, sequentialTestRunsEnabled=false, resultPaths=[/var/tmp/testing-dir/**/test-results/test/*.xml], timeoutSeconds=0, assignmentCheckoutPath=null, testCheckoutPath=null, solutionCheckoutPath=null, dockerRunConfig=null], submissionResult=ResultDTO[id=135, completionDate=2025-02-14T23:42:59.014168821Z[Etc/UTC], successful=false, score=7.7, rated=true, submission=SubmissionDTO[id=123, submitted=true, type=MANUAL, exampleSubmission=null, submissionDate=2025-02-14T23:42:57.278471Z, commitHash=736cbea1e46d6849b41266b2bf1cccd3b9ea55b1, buildFailed=false, buildArtifact=false, participation=ParticipationDTO[id=474, testRun=false, type=programming, submissionCount=null, exercise=ParticipationExerciseDTO[id=302, exerciseType=PROGRAMMING, type=programming, assessmentType=AUTOMATIC, dueDate=2025-02-16T23:42:56.796251Z, assessmentDueDate=null, maxPoints=42.0, course=CourseDTO[id=151, accuracyOfScores=1]]], submissionExerciseType=programming, isProcessing=false, buildStartDate=null, estimatedCompletionDate=null], participation=ParticipationDTO[id=474, testRun=false, type=programming, submissionCount=null, exercise=ParticipationExerciseDTO[id=302, exerciseType=PROGRAMMING, type=programming, assessmentType=AUTOMATIC, dueDate=2025-02-16T23:42:56.796251Z, assessmentDueDate=null, maxPoints=42.0, course=CourseDTO[id=151, accuracyOfScores=1]]], feedbacks=[FeedbackDTO[id=106, text=null, detailText=The exercise expects a class with the name Context in the package testpackage. You did not implement the class in the exercise., hasLongFeedbackText=false, reference=null, credits=0.0, positive=false, type=AUTOMATIC, visibility=ALWAYS, testCase=TestCaseDTO[testName=null, id=65]], FeedbackDTO[id=107, text=null, detailText=The exercise expects a class with the name Policy in the package testpackage. You did not implement the class in the exercise., hasLongFeedbackText=false, reference=null, credits=0.0, positive=false, type=AUTOMATIC, visibility=ALWAYS, testCase=TestCaseDTO[testName=null, id=66]], FeedbackDTO[id=108, text=null, detailText=The exercise expects a class with the name SortStrategy in the package testpackage. You did not implement the class in the exercise., hasLongFeedbackText=false, reference=null, credits=0.0, positive=false, type=AUTOMATIC, visibility=ALWAYS, testCase=TestCaseDTO[testName=null, id=67]], FeedbackDTO[id=109, text=null, detailText=The class 'MergeSort' does not implement the interface 'SortStrategy' as expected. Implement the interface and its methods., hasLongFeedbackText=false, reference=null, credits=0.0, positive=false, type=AUTOMATIC, visibility=ALWAYS, testCase=TestCaseDTO[testName=null, id=62]], FeedbackDTO[id=110, text=null, detailText=The exercise expects a class with the name SortStrategy in the package testpackage. You did not implement the class in the exercise., hasLongFeedbackText=false, reference=null, credits=0.0, positive=false, type=AUTOMATIC, visibility=ALWAYS, testCase=TestCaseDTO[testName=null, id=59]], FeedbackDTO[id=111, text=null, detailText=The class 'BubbleSort' does not implement the interface 'SortStrategy' as expected. Implement the interface and its methods., hasLongFeedbackText=false, reference=null, credits=0.0, positive=false, type=AUTOMATIC, visibility=ALWAYS, testCase=TestCaseDTO[testName=null, id=63]], FeedbackDTO[id=112, text=null, detailText=MergeSort does not sort correctly, hasLongFeedbackText=false, reference=null, credits=0.0, positive=false, type=AUTOMATIC, visibility=ALWAYS, testCase=TestCaseDTO[testName=null, id=68]], FeedbackDTO[id=113, text=null, detailText=The class 'Context' was not found within the submission. Make sure to implement it properly., hasLongFeedbackText=false, reference=null, credits=0.0, positive=false, type=AUTOMATIC, visibility=ALWAYS, testCase=TestCaseDTO[testName=null, id=69]], FeedbackDTO[id=114, text=null, detailText=The class 'Context' was not found within the submission. Make sure to implement it properly., hasLongFeedbackText=false, reference=null, credits=0.0, positive=false, type=AUTOMATIC, visibility=ALWAYS, testCase=TestCaseDTO[testName=null, id=70]], FeedbackDTO[id=115, text=null, detailText=The exercise expects a class with the name Policy in the package testpackage. You did not implement the class in the exercise., hasLongFeedbackText=false, reference=null, credits=0.0, positive=false, type=AUTOMATIC, visibility=ALWAYS, testCase=TestCaseDTO[testName=null, id=64]], FeedbackDTO[id=116, text=null, detailText=The exercise expects a class with the name Context in the package testpackage. You did not implement the class in the exercise., hasLongFeedbackText=false, reference=null, credits=0.0, positive=false, type=AUTOMATIC, visibility=ALWAYS, testCase=TestCaseDTO[testName=null, id=60]], FeedbackDTO[id=117, text=null, detailText=The exercise expects a class with the name Policy in the package testpackage. You did not implement the class in the exercise., hasLongFeedbackText=false, reference=null, credits=0.0, positive=false, type=AUTOMATIC, visibility=ALWAYS, testCase=TestCaseDTO[testName=null, id=61]], FeedbackDTO[id=118, text=null, detailText=null, hasLongFeedbackText=false, reference=null, credits=3.230769230769231, positive=true, type=AUTOMATIC, visibility=ALWAYS, testCase=TestCaseDTO[testName=null, id=71]]], assessmentType=AUTOMATIC, hasComplaint=null, exampleResult=null, testCaseCount=13, passedTestCaseCount=1, codeIssueCount=0]], BuildJobQueueItem[id=4771739576580898, name=SHORT51E611E30D6B60466F0B8BA0AA97F58888C2TSTEXC-LOCALCIINTSTUDENT1, buildAgent=BuildAgentDTO[name=artemis-build-agent-test, memberAddress=[127.0.0.1]:5703, displayName=artemis-build-agent-test], participationId=477, courseId=152, exerciseId=303, retryCount=0, priority=2, status=SUCCESSFUL, repositoryInfo=RepositoryInfo[repositoryName=short51e611e30d6b60466f0b8ba0aa97f58888c2tstexc-localciintstudent1, repositoryType=user, triggeredByPushTo=user, assignmentRepositoryUri=http://localhost:49152/git/SHORT51E611E30D6B60466F0B8BA0AA97F58888C2TSTEXC/short51e611e30d6b60466f0b8ba0aa97f58888c2tstexc-localciintstudent1.git, testRepositoryUri=http://localhost:49152/git/SHORT51E611E30D6B60466F0B8BA0AA97F58888C2TSTEXC/short51e611e30d6b60466f0b8ba0aa97f58888c2tstexc-tests.git, solutionRepositoryUri=null, auxiliaryRepositoryUris=[Ljava.lang.String;@1e56d482, auxiliaryRepositoryCheckoutDirectories=[Ljava.lang.String;@742a624b], jobTimingInfo=JobTimingInfo[submissionDate=2025-02-14T23:43:00.898532688Z[Etc/UTC], buildStartDate=2025-02-14T23:43:00.905733056Z[Etc/UTC], buildCompletionDate=2025-02-14T23:43:02.692768910Z[Etc/UTC], estimatedCompletionDate=2025-02-14T23:43:19.905720463Z[Etc/UTC], estimatedDuration=19], buildConfig=BuildConfig[buildScript=#!/bin/bash
cd /var/tmp/testing-dir
chmod +x ./gradlew
./gradlew clean test
, dockerImage=dummy-docker-image:latest, commitHashToBuild=8f3057cbd462f5e3de4e6ba85115f60d8dbb5aea, assignmentCommitHash=8f3057cbd462f5e3de4e6ba85115f60d8dbb5aea, testCommitHash=8f3057cbd462f5e3de4e6ba85115f60d8dbb5aea, branch=main, programmingLanguage=JAVA, projectType=PLAIN_GRADLE, scaEnabled=true, sequentialTestRunsEnabled=false, resultPaths=[/var/tmp/testing-dir/**/test-results/test/*.xml], timeoutSeconds=0, assignmentCheckoutPath=null, testCheckoutPath=null, solutionCheckoutPath=null, dockerRunConfig=null], submissionResult=ResultDTO[id=136, completionDate=2025-02-14T23:43:02.637820510Z[Etc/UTC], successful=false, score=7.7, rated=true, submission=SubmissionDTO[id=124, submitted=true, type=MANUAL, exampleSubmission=null, submissionDate=2025-02-14T23:43:00.886601Z, commitHash=8f3057cbd462f5e3de4e6ba85115f60d8dbb5aea, buildFailed=false, buildArtifact=false, participation=ParticipationDTO[id=477, testRun=false, type=programming, submissionCount=null, exercise=ParticipationExerciseDTO[id=303, exerciseType=PROGRAMMING, type=programming, assessmentType=AUTOMATIC, dueDate=2025-02-16T23:43:00.631824Z, assessmentDueDate=null, maxPoints=42.0, course=CourseDTO[id=152, accuracyOfScores=1]]], submissionExerciseType=programming, isProcessing=false, buildStartDate=null, estimatedCompletionDate=null], participation=ParticipationDTO[id=477, testRun=false, type=programming, submissionCount=null, exercise=ParticipationExerciseDTO[id=303, exerciseType=PROGRAMMING, type=programming, assessmentType=AUTOMATIC, dueDate=2025-02-16T23:43:00.631824Z, assessmentDueDate=null, maxPoints=42.0, course=CourseDTO[id=152, accuracyOfScores=1]]], feedbacks=[FeedbackDTO[id=119, text=null, detailText=The exercise expects a class with the name Context in the package testpackage. You did not implement the class in the exercise., hasLongFeedbackText=false, reference=null, credits=0.0, positive=false, type=AUTOMATIC, visibility=ALWAYS, testCase=TestCaseDTO[testName=null, id=78]], FeedbackDTO[id=120, text=null, detailText=The exercise expects a class with the name Policy in the package testpackage. You did not implement the class in the exercise., hasLongFeedbackText=false, reference=null, credits=0.0, positive=false, type=AUTOMATIC, visibility=ALWAYS, testCase=TestCaseDTO[testName=null, id=79]], FeedbackDTO[id=121, text=null, detailText=The exercise expects a class with the name SortStrategy in the package testpackage. You did not implement the class in the exercise., hasLongFeedbackText=false, reference=null, credits=0.0, positive=false, type=AUTOMATIC, visibility=ALWAYS, testCase=TestCaseDTO[testName=null, id=80]], FeedbackDTO[id=122, text=null, detailText=The class 'MergeSort' does not implement the interface 'SortStrategy' as expected. Implement the interface and its methods., hasLongFeedbackText=false, reference=null, credits=0.0, positive=false, type=AUTOMATIC, visibility=ALWAYS, testCase=TestCaseDTO[testName=null, id=75]], FeedbackDTO[id=123, text=null, detailText=The exercise expects a class with the name SortStrategy in the package testpackage. You did not implement the class in the exercise., hasLongFeedbackText=false, reference=null, credits=0.0, positive=false, type=AUTOMATIC, visibility=ALWAYS, testCase=TestCaseDTO[testName=null, id=72]], FeedbackDTO[id=124, text=null, detailText=The class 'BubbleSort' does not implement the interface 'SortStrategy' as expected. Implement the interface and its methods., hasLongFeedbackText=false, reference=null, credits=0.0, positive=false, type=AUTOMATIC, visibility=ALWAYS, testCase=TestCaseDTO[testName=null, id=76]], FeedbackDTO[id=125, text=null, detailText=MergeSort does not sort correctly, hasLongFeedbackText=false, reference=null, credits=0.0, positive=false, type=AUTOMATIC, visibility=ALWAYS, testCase=TestCaseDTO[testName=null, id=81]], FeedbackDTO[id=126, text=null, detailText=The class 'Context' was not found within the submission. Make sure to implement it properly., hasLongFeedbackText=false, reference=null, credits=0.0, positive=false, type=AUTOMATIC, visibility=ALWAYS, testCase=TestCaseDTO[testName=null, id=82]], FeedbackDTO[id=127, text=null, detailText=The class 'Context' was not found within the submission. Make sure to implement it properly., hasLongFeedbackText=false, reference=null, credits=0.0, positive=false, type=AUTOMATIC, visibility=ALWAYS, testCase=TestCaseDTO[testName=null, id=83]], FeedbackDTO[id=128, text=null, detailText=The exercise expects a class with the name Policy in the package testpackage. You did not implement the class in the exercise., hasLongFeedbackText=false, reference=null, credits=0.0, positive=false, type=AUTOMATIC, visibility=ALWAYS, testCase=TestCaseDTO[testName=null, id=77]], FeedbackDTO[id=129, text=null, detailText=The exercise expects a class with the name Context in the package testpackage. You did not implement the class in the exercise., hasLongFeedbackText=false, reference=null, credits=0.0, positive=false, type=AUTOMATIC, visibility=ALWAYS, testCase=TestCaseDTO[testName=null, id=73]], FeedbackDTO[id=130, text=null, detailText=The exercise expects a class with the name Policy in the package testpackage. You did not implement the class in the exercise., hasLongFeedbackText=false, reference=null, credits=0.0, positive=false, type=AUTOMATIC, visibility=ALWAYS, testCase=TestCaseDTO[testName=null, id=74]], FeedbackDTO[id=131, text=null, detailText=null, hasLongFeedbackText=false, reference=null, credits=3.230769230769231, positive=true, type=AUTOMATIC, visibility=ALWAYS, testCase=TestCaseDTO[testName=null, id=84]], FeedbackDTO[id=132, text=SCAFeedbackIdentifier:Bad Practice, detailText={"filePath":"src/code/Client.java","startLine":6,"endLine":6,"startColumn":1,"endColumn":26,"rule":"UnusedImports","category":"Best Practices","message":"Avoid unused imports such as 'javax.swing.JFrame'","priority":"4"}, hasLongFeedbackText=false, reference=PMD, credits=0.0, positive=false, type=AUTOMATIC, visibility=null, testCase=null], FeedbackDTO[id=133, text=SCAFeedbackIdentifier:Code Style, detailText={"filePath":"src/code/Client.java","startLine":7,"endLine":7,"startColumn":1,"endColumn":19,"rule":"DontImportJavaLang","category":"Code Style","message":"Avoid importing anything from the package java.lang","priority":"4"}, hasLongFeedbackText=false, reference=PMD, credits=0.0, positive=false, type=AUTOMATIC, visibility=null, testCase=null], FeedbackDTO[id=134, text=SCAFeedbackIdentifier:Bad Practice, detailText={"filePath":"src/code/Client.java","startLine":7,"endLine":7,"startColumn":1,"endColumn":19,"rule":"UnusedImports","category":"Best Practices","message":"Avoid unused imports such as 'java.lang'","priority":"4"}, hasLongFeedbackText=false, reference=PMD, credits=0.0, positive=false, type=AUTOMATIC, visibility=null, testCase=null], FeedbackDTO[id=135, text=SCAFeedbackIdentifier:Bad Practice, detailText={"filePath":"src/code/Client.java","startLine":73,"endLine":73,"startColumn":18,"endColumn":27,"rule":"UnusedLocalVariable","category":"Best Practices","message":"Avoid unused local variables such as 'randomDate'.","priority":"3"}, hasLongFeedbackText=false, reference=PMD, credits=0.0, positive=false, type=AUTOMATIC, visibility=null, testCase=null], FeedbackDTO[id=136, text=SCAFeedbackIdentifier:Bad Practice, detailText={"filePath":"src/code/Client.java","startLine":81,"endLine":81,"startColumn":31,"endColumn":53,"rule":"UnusedPrivateMethod","category":"Best Practices","message":"Avoid unused private methods such as 'CreateRandomDatesList()'.","priority":"3"}, hasLongFeedbackText=false, reference=PMD, credits=0.0, positive=false, type=AUTOMATIC, visibility=null, testCase=null], FeedbackDTO[id=137, text=SCAFeedbackIdentifier:Potential Bugs, detailText={"filePath":"src/code/Client.java","startLine":94,"endLine":94,"startColumn":9,"endColumn":9,"rule":"EmptyStatementNotInLoop","category":"Error Prone","message":"An empty statement (semicolon) not part of a loop","priority":"3"}, hasLongFeedbackText=false, reference=PMD, credits=0.0, positive=false, type=AUTOMATIC, visibility=null, testCase=null], FeedbackDTO[id=138, text=SCAFeedbackIdentifier:Potential Bugs, detailText={"filePath":"src/code/Client.java","startLine":94,"endLine":94,"startColumn":10,"endColumn":10,"rule":"EmptyStatementNotInLoop","category":"Error Prone","message":"An empty statement (semicolon) not part of a loop","priority":"3"}, hasLongFeedbackText=false, reference=PMD, credits=0.0, positive=false, type=AUTOMATIC, visibility=null, testCase=null], FeedbackDTO[id=139, text=SCAFeedbackIdentifier:Potential Bugs, detailText={"filePath":"src/code/Client.java","startLine":94,"endLine":94,"startColumn":11,"endColumn":11,"rule":"EmptyStatementNotInLoop","category":"Error Prone","message":"An empty statement (semicolon) not part of a loop","priority":"3"}, hasLongFeedbackText=false, reference=PMD, credits=0.0, positive=false, type=AUTOMATIC, visibility=null, testCase=null], FeedbackDTO[id=140, text=SCAFeedbackIdentifier:Code Style, detailText={"filePath":"src/code/Client.java","startLine":73,"endLine":73,"rule":"DLS_DEAD_LOCAL_STORE","category":"STYLE","message":"Dead store to randomDate in code.Client.createRandomDatesList()","priority":"2"}, hasLongFeedbackText=false, reference=SPOTBUGS, credits=0.0, positive=false, type=AUTOMATIC, visibility=null, testCase=null], FeedbackDTO[id=141, text=SCAFeedbackIdentifier:Bad Practice, detailText={"filePath":"src/code/Client.java","startLine":82,"endLine":95,"rule":"NM_METHOD_NAMING_CONVENTION","category":"BAD_PRACTICE","message":"The method name code.Client.CreateRandomDatesList() doesn't start with a lower case letter","priority":"3"}, hasLongFeedbackText=false, reference=SPOTBUGS, credits=0.0, positive=false, type=AUTOMATIC, visibility=null, testCase=null], FeedbackDTO[id=142, text=SCAFeedbackIdentifier:Performance, detailText={"filePath":"src/code/Client.java","startLine":82,"endLine":95,"rule":"UPM_UNCALLED_PRIVATE_METHOD","category":"PERFORMANCE","message":"Private method code.Client.CreateRandomDatesList() is never called","priority":"2"}, hasLongFeedbackText=false, reference=SPOTBUGS, credits=0.0, positive=false, type=AUTOMATIC, visibility=null, testCase=null], FeedbackDTO[id=143, text=SCAFeedbackIdentifier:Code Style, detailText={"filePath":"src/code/Client.java","startLine":70,"endLine":70,"startColumn":9,"endColumn":9,"rule":"NeedBracesCheck","category":"blocks","message":"'for' construct must use '{}'s.","priority":"error"}, hasLongFeedbackText=false, reference=CHECKSTYLE, credits=0.0, positive=false, type=AUTOMATIC, visibility=null, testCase=null], FeedbackDTO[id=144, text=SCAFeedbackIdentifier:Code Style, detailText={"filePath":"src/code/Client.java","startLine":93,"endLine":93,"startColumn":9,"endColumn":9,"rule":"EmptyStatementCheck","category":"coding","message":"Empty statement.","priority":"error"}, hasLongFeedbackText=false, reference=CHECKSTYLE, credits=0.0, positive=false, type=AUTOMATIC, visibility=null, testCase=null], FeedbackDTO[id=145, text=SCAFeedbackIdentifier:Code Style, detailText={"filePath":"src/code/Client.java","startLine":93,"endLine":93,"startColumn":10,"endColumn":10,"rule":"EmptyStatementCheck","category":"coding","message":"Empty statement.","priority":"error"}, hasLongFeedbackText=false, reference=CHECKSTYLE, credits=0.0, positive=false, type=AUTOMATIC, visibility=null, testCase=null], FeedbackDTO[id=146, text=SCAFeedbackIdentifier:Code Style, detailText={"filePath":"src/code/Client.java","startLine":93,"endLine":93,"startColumn":11,"endColumn":11,"rule":"EmptyStatementCheck","category":"coding","message":"Empty statement.","priority":"error"}, hasLongFeedbackText=false, reference=CHECKSTYLE, credits=0.0, positive=false, type=AUTOMATIC, visibility=null, testCase=null]], assessmentType=AUTOMATIC, hasComplaint=null, exampleResult=null, testCaseCount=13, passedTestCaseCount=1, codeIssueCount=15]], BuildJobQueueItem[id=4821739576584632, name=SHORT433BAC4500363044960B6E10DFA0493471B2TSTEXC-LOCALCIINTSTUDENT1, buildAgent=BuildAgentDTO[name=artemis-build-agent-test, memberAddress=[127.0.0.1]:5703, displayName=artemis-build-agent-test], participationId=482, courseId=154, exerciseId=305, retryCount=0, priority=2, status=SUCCESSFUL, repositoryInfo=RepositoryInfo[repositoryName=short433bac4500363044960b6e10dfa0493471b2tstexc-localciintstudent1, repositoryType=user, triggeredByPushTo=user, assignmentRepositoryUri=http://localhost:49152/git/SHORT433BAC4500363044960B6E10DFA0493471B2TSTEXC/short433bac4500363044960b6e10dfa0493471b2tstexc-localciintstudent1.git, testRepositoryUri=http://localhost:49152/git/SHORT433BAC4500363044960B6E10DFA0493471B2TSTEXC/short433bac4500363044960b6e10dfa0493471b2tstexc-tests.git, solutionRepositoryUri=null, auxiliaryRepositoryUris=[Ljava.lang.String;@e8f722c, auxiliaryRepositoryCheckoutDirectories=[Ljava.lang.String;@45c92249], jobTimingInfo=JobTimingInfo[submissionDate=2025-02-14T23:43:04.632341258Z[Etc/UTC], buildStartDate=2025-02-14T23:43:04.637633457Z[Etc/UTC], buildCompletionDate=2025-02-14T23:43:06.421238953Z[Etc/UTC], estimatedCompletionDate=2025-02-14T23:43:23.637623879Z[Etc/UTC], estimatedDuration=19], buildConfig=BuildConfig[buildScript=#!/bin/bash
cd /var/tmp/testing-dir
chmod +x ./gradlew
./gradlew clean test
, dockerImage=dummy-docker-image:latest, commitHashToBuild=8355c4f3cd5d3e0443707d3310206e460e333c6f, assignmentCommitHash=8355c4f3cd5d3e0443707d3310206e460e333c6f, testCommitHash=8355c4f3cd5d3e0443707d3310206e460e333c6f, branch=main, programmingLanguage=JAVA, projectType=PLAIN_GRADLE, scaEnabled=false, sequentialTestRunsEnabled=false, resultPaths=[/var/tmp/testing-dir/**/test-results/test/*.xml], timeoutSeconds=0, assignmentCheckoutPath=null, testCheckoutPath=null, solutionCheckoutPath=null, dockerRunConfig=null], submissionResult=ResultDTO[id=137, completionDate=2025-02-14T23:43:06.404877412Z[Etc/UTC], successful=false, score=7.7, rated=true, submission=SubmissionDTO[id=125, submitted=true, type=MANUAL, exampleSubmission=null, submissionDate=2025-02-14T23:43:04.623230Z, commitHash=8355c4f3cd5d3e0443707d3310206e460e333c6f, buildFailed=false, buildArtifact=false, participation=ParticipationDTO[id=482, testRun=false, type=programming, submissionCount=null, exercise=ParticipationExerciseDTO[id=305, exerciseType=PROGRAMMING, type=programming, assessmentType=AUTOMATIC, dueDate=2025-02-16T23:43:04.425734Z, assessmentDueDate=null, maxPoints=42.0, course=CourseDTO[id=154, accuracyOfScores=1]]], submissionExerciseType=programming, isProcessing=false, buildStartDate=null, estimatedCompletionDate=null], participation=ParticipationDTO[id=482, testRun=false, type=programming, submissionCount=null, exercise=ParticipationExerciseDTO[id=305, exerciseType=PROGRAMMING, type=programming, assessmentType=AUTOMATIC, dueDate=2025-02-16T23:43:04.425734Z, assessmentDueDate=null, maxPoints=42.0, course=CourseDTO[id=154, accuracyOfScores=1]]], feedbacks=[FeedbackDTO[id=147, text=null, detailText=The exercise expects a class with the name Context in the package testpackage. You did not implement the class in the exercise., hasLongFeedbackText=false, reference=null, credits=0.0, positive=false, type=AUTOMATIC, visibility=ALWAYS, testCase=TestCaseDTO[testName=null, id=104]], FeedbackDTO[id=148, text=null, detailText=The exercise expects a class with the name Policy in the package testpackage. You did not implement the class in the exercise., hasLongFeedbackText=false, reference=null, credits=0.0, positive=false, type=AUTOMATIC, visibility=ALWAYS, testCase=TestCaseDTO[testName=null, id=105]], FeedbackDTO[id=149, text=null, detailText=The exercise expects a class with the name SortStrategy in the package testpackage. You did not implement the class in the exercise., hasLongFeedbackText=false, reference=null, credits=0.0, positive=false, type=AUTOMATIC, visibility=ALWAYS, testCase=TestCaseDTO[testName=null, id=106]], FeedbackDTO[id=150, text=null, detailText=The class 'MergeSort' does not implement the interface 'SortStrategy' as expected. Implement the interface and its methods., hasLongFeedbackText=false, reference=null, credits=0.0, positive=false, type=AUTOMATIC, visibility=ALWAYS, testCase=TestCaseDTO[testName=null, id=101]], FeedbackDTO[id=151, text=null, detailText=The exercise expects a class with the name SortStrategy in the package testpackage. You did not implement the class in the exercise., hasLongFeedbackText=false, reference=null, credits=0.0, positive=false, type=AUTOMATIC, visibility=ALWAYS, testCase=TestCaseDTO[testName=null, id=98]], FeedbackDTO[id=152, text=null, detailText=The class 'BubbleSort' does not implement the interface 'SortStrategy' as expected. Implement the interface and its methods., hasLongFeedbackText=false, reference=null, credits=0.0, positive=false, type=AUTOMATIC, visibility=ALWAYS, testCase=TestCaseDTO[testName=null, id=102]], FeedbackDTO[id=153, text=null, detailText=MergeSort does not sort correctly, hasLongFeedbackText=false, reference=null, credits=0.0, positive=false, type=AUTOMATIC, visibility=ALWAYS, testCase=TestCaseDTO[testName=null, id=107]], FeedbackDTO[id=154, text=null, detailText=The class 'Context' was not found within the submission. Make sure to implement it properly., hasLongFeedbackText=false, reference=null, credits=0.0, positive=false, type=AUTOMATIC, visibility=ALWAYS, testCase=TestCaseDTO[testName=null, id=108]], FeedbackDTO[id=155, text=null, detailText=The class 'Context' was not found within the submission. Make sure to implement it properly., hasLongFeedbackText=false, reference=null, credits=0.0, positive=false, type=AUTOMATIC, visibility=ALWAYS, testCase=TestCaseDTO[testName=null, id=109]], FeedbackDTO[id=156, text=null, detailText=The exercise expects a class with the name Policy in the package testpackage. You did not implement the class in the exercise., hasLongFeedbackText=false, reference=null, credits=0.0, positive=false, type=AUTOMATIC, visibility=ALWAYS, testCase=TestCaseDTO[testName=null, id=103]], FeedbackDTO[id=157, text=null, detailText=The exercise expects a class with the name Context in the package testpackage. You did not implement the class in the exercise., hasLongFeedbackText=false, reference=null, credits=0.0, positive=false, type=AUTOMATIC, visibility=ALWAYS, testCase=TestCaseDTO[testName=null, id=99]], FeedbackDTO[id=158, text=null, detailText=The exercise expects a class with the name Policy in the package testpackage. You did not implement the class in the exercise., hasLongFeedbackText=false, reference=null, credits=0.0, positive=false, type=AUTOMATIC, visibility=ALWAYS, testCase=TestCaseDTO[testName=null, id=100]], FeedbackDTO[id=159, text=null, detailText=null, hasLongFeedbackText=false, reference=null, credits=3.230769230769231, positive=true, type=AUTOMATIC, visibility=ALWAYS, testCase=TestCaseDTO[testName=null, id=110]]], assessmentType=AUTOMATIC, hasComplaint=null, exampleResult=null, testCaseCount=13, passedTestCaseCount=1, codeIssueCount=0]], BuildJobQueueItem[id=4851739576588371, name=SHORT495D587A0856D04A9E08BC60D2E08365FB9ETSTEXC-LOCALCIINTSTUDENT1, buildAgent=BuildAgentDTO[name=artemis-build-agent-test, memberAddress=[127.0.0.1]:5703, displayName=artemis-build-agent-test], participationId=485, courseId=155, exerciseId=306, retryCount=0, priority=2, status=FAILED, repositoryInfo=RepositoryInfo[repositoryName=short495d587a0856d04a9e08bc60d2e08365fb9etstexc-localciintstudent1, repositoryType=user, triggeredByPushTo=user, assignmentRepositoryUri=http://localhost:49152/git/SHORT495D587A0856D04A9E08BC60D2E08365FB9ETSTEXC/short495d587a0856d04a9e08bc60d2e08365fb9etstexc-localciintstudent1.git, testRepositoryUri=http://localhost:49152/git/SHORT495D587A0856D04A9E08BC60D2E08365FB9ETSTEXC/short495d587a0856d04a9e08bc60d2e08365fb9etstexc-tests.git, solutionRepositoryUri=null, auxiliaryRepositoryUris=[Ljava.lang.String;@6d930cb6, auxiliaryRepositoryCheckoutDirectories=[Ljava.lang.String;@4a0c0375], jobTimingInfo=JobTimingInfo[submissionDate=2025-02-14T23:43:08.371015915Z[Etc/UTC], buildStartDate=2025-02-14T23:43:08.374658929Z[Etc/UTC], buildCompletionDate=2025-02-14T23:43:09.341007666Z[Etc/UTC], estimatedCompletionDate=2025-02-14T23:43:27.374650503Z[Etc/UTC], estimatedDuration=19], buildConfig=BuildConfig[buildScript=#!/bin/bash
cd /var/tmp/testing-dir
chmod +x ./gradlew
./gradlew clean test
, dockerImage=dummy-docker-image:latest, commitHashToBuild=ebb8aa4dc3625fe07e975266e18313ad871ce864, assignmentCommitHash=9b3a9bd71a0d80e5bbc42204c319ed3d1d4f0d6d, testCommitHash=9b3a9bd71a0d80e5bbc42204c319ed3d1d4f0d6d, branch=main, programmingLanguage=JAVA, projectType=PLAIN_GRADLE, scaEnabled=false, sequentialTestRunsEnabled=false, resultPaths=[/var/tmp/testing-dir/**/test-results/test/*.xml], timeoutSeconds=0, assignmentCheckoutPath=null, testCheckoutPath=null, solutionCheckoutPath=null, dockerRunConfig=null], submissionResult=ResultDTO[id=138, completionDate=2025-02-14T23:43:09.343306574Z[Etc/UTC], successful=false, score=0.0, rated=true, submission=SubmissionDTO[id=127, submitted=true, type=MANUAL, exampleSubmission=null, submissionDate=2025-02-14T23:43:09.343306574Z[Etc/UTC], commitHash=9b3a9bd71a0d80e5bbc42204c319ed3d1d4f0d6d, buildFailed=true, buildArtifact=false, participation=ParticipationDTO[id=485, testRun=false, type=programming, submissionCount=null, exercise=ParticipationExerciseDTO[id=306, exerciseType=PROGRAMMING, type=programming, assessmentType=AUTOMATIC, dueDate=2025-02-16T23:43:08.185273Z, assessmentDueDate=null, maxPoints=42.0, course=CourseDTO[id=155, accuracyOfScores=1]]], submissionExerciseType=programming, isProcessing=false, buildStartDate=null, estimatedCompletionDate=null], participation=ParticipationDTO[id=485, testRun=false, type=programming, submissionCount=null, exercise=ParticipationExerciseDTO[id=306, exerciseType=PROGRAMMING, type=programming, assessmentType=AUTOMATIC, dueDate=2025-02-16T23:43:08.185273Z, assessmentDueDate=null, maxPoints=42.0, course=CourseDTO[id=155, accuracyOfScores=1]]], feedbacks=[], assessmentType=AUTOMATIC, hasComplaint=null, exampleResult=null, testCaseCount=0, passedTestCaseCount=0, codeIssueCount=0]], BuildJobQueueItem[id=4881739576590204, name=SHORT80B5DD0E0D6B304EBB096E9020B949996A1CTSTEXC-LOCALCIINTSTUDENT1, buildAgent=BuildAgentDTO[name=artemis-build-agent-test, memberAddress=[127.0.0.1]:5703, displayName=artemis-build-agent-test], participationId=488, courseId=156, exerciseId=307, retryCount=0, priority=2, status=SUCCESSFUL, repositoryInfo=RepositoryInfo[repositoryName=short80b5dd0e0d6b304ebb096e9020b949996a1ctstexc-localciintstudent1, repositoryType=user, triggeredByPushTo=user, assignmentRepositoryUri=http://localhost:49152/git/SHORT80B5DD0E0D6B304EBB096E9020B949996A1CTSTEXC/short80b5dd0e0d6b304ebb096e9020b949996a1ctstexc-localciintstudent1.git, testRepositoryUri=http://localhost:49152/git/SHORT80B5DD0E0D6B304EBB096E9020B949996A1CTSTEXC/short80b5dd0e0d6b304ebb096e9020b949996a1ctstexc-tests.git, solutionRepositoryUri=null, auxiliaryRepositoryUris=[Ljava.lang.String;@3f67160a, auxiliaryRepositoryCheckoutDirectories=[Ljava.lang.String;@3330b0c5], jobTimingInfo=JobTimingInfo[submissionDate=2025-02-14T23:43:10.204264160Z[Etc/UTC], buildStartDate=2025-02-14T23:43:10.223149139Z[Etc/UTC], buildCompletionDate=2025-02-14T23:43:12.086509109Z[Etc/UTC], estimatedCompletionDate=2025-02-14T23:43:29.223142246Z[Etc/UTC], estimatedDuration=19], buildConfig=BuildConfig[buildScript=#!/bin/bash
cd /var/tmp/testing-dir
chmod +x ./gradlew
./gradlew clean test
, dockerImage=dummy-docker-image:latest, commitHashToBuild=b806a93102242552beed7c01b08b2769731814b3, assignmentCommitHash=b806a93102242552beed7c01b08b2769731814b3, testCommitHash=b806a93102242552beed7c01b08b2769731814b3, branch=main, programmingLanguage=JAVA, projectType=PLAIN_GRADLE, scaEnabled=false, sequentialTestRunsEnabled=false, resultPaths=[/var/tmp/testing-dir/**/test-results/test/*.xml], timeoutSeconds=0, assignmentCheckoutPath=null, testCheckoutPath=null, solutionCheckoutPath=null, dockerRunConfig=null], submissionResult=ResultDTO[id=139, completionDate=2025-02-14T23:43:12.066436124Z[Etc/UTC], successful=false, score=0.0, rated=true, submission=SubmissionDTO[id=128, submitted=true, type=MANUAL, exampleSubmission=null, submissionDate=2025-02-14T23:43:10.192407Z, commitHash=b806a93102242552beed7c01b08b2769731814b3, buildFailed=true, buildArtifact=false, participation=ParticipationDTO[id=488, testRun=false, type=programming, submissionCount=null, exercise=ParticipationExerciseDTO[id=307, exerciseType=PROGRAMMING, type=programming, assessmentType=AUTOMATIC, dueDate=2025-02-16T23:43:09.986646Z, assessmentDueDate=null, maxPoints=42.0, course=CourseDTO[id=156, accuracyOfScores=1]]], submissionExerciseType=programming, isProcessing=false, buildStartDate=null, estimatedCompletionDate=null], participation=ParticipationDTO[id=488, testRun=false, type=programming, submissionCount=null, exercise=ParticipationExerciseDTO[id=307, exerciseType=PROGRAMMING, type=programming, assessmentType=AUTOMATIC, dueDate=2025-02-16T23:43:09.986646Z, assessmentDueDate=null, maxPoints=42.0, course=CourseDTO[id=156, accuracyOfScores=1]]], feedbacks=[], assessmentType=AUTOMATIC, hasComplaint=null, exampleResult=null, testCaseCount=0, passedTestCaseCount=0, codeIssueCount=0]], BuildJobQueueItem[id=4911739576593817, name=SHORT585B2198089880462509B3007867E72DFB7ATSTEXC-LOCALCIINTSTUDENT1, buildAgent=BuildAgentDTO[name=artemis-build-agent-test, memberAddress=[127.0.0.1]:5703, displayName=artemis-build-agent-test], participationId=491, courseId=157, exerciseId=308, retryCount=0, priority=2, status=SUCCESSFUL, repositoryInfo=RepositoryInfo[repositoryName=short585b2198089880462509b3007867e72dfb7atstexc-localciintstudent1, repositoryType=user, triggeredByPushTo=user, assignmentRepositoryUri=http://localhost:49152/git/SHORT585B2198089880462509B3007867E72DFB7ATSTEXC/short585b2198089880462509b3007867e72dfb7atstexc-localciintstudent1.git, testRepositoryUri=http://localhost:49152/git/SHORT585B2198089880462509B3007867E72DFB7ATSTEXC/short585b2198089880462509b3007867e72dfb7atstexc-tests.git, solutionRepositoryUri=null, auxiliaryRepositoryUris=[Ljava.lang.String;@4633fca9, auxiliaryRepositoryCheckoutDirectories=[Ljava.lang.String;@6c8e58b1], jobTimingInfo=JobTimingInfo[submissionDate=2025-02-14T23:43:13.817124706Z[Etc/UTC], buildStartDate=2025-02-14T23:43:13.834335931Z[Etc/UTC], buildCompletionDate=2025-02-14T23:43:15.746259139Z[Etc/UTC], estimatedCompletionDate=2025-02-14T23:43:32.834326082Z[Etc/UTC], estimatedDuration=19], buildConfig=BuildConfig[buildScript=#!/bin/bash
cd /var/tmp/testing-dir
chmod +x ./gradlew
./gradlew clean test
, dockerImage=dummy-docker-image:latest, commitHashToBuild=42077d078a5d5042fe2d4bd8299a990d342fce6e, assignmentCommitHash=42077d078a5d5042fe2d4bd8299a990d342fce6e, testCommitHash=42077d078a5d5042fe2d4bd8299a990d342fce6e, branch=main, programmingLanguage=JAVA, projectType=PLAIN_GRADLE, scaEnabled=false, sequentialTestRunsEnabled=false, resultPaths=[/var/tmp/testing-dir/**/test-results/test/*.xml], timeoutSeconds=0, assignmentCheckoutPath=null, testCheckoutPath=null, solutionCheckoutPath=null, dockerRunConfig=null], submissionResult=ResultDTO[id=140, completionDate=2025-02-14T23:43:15.725343914Z[Etc/UTC], successful=false, score=0.0, rated=true, submission=SubmissionDTO[id=129, submitted=true, type=MANUAL, exampleSubmission=null, submissionDate=2025-02-14T23:43:13.805401Z, commitHash=42077d078a5d5042fe2d4bd8299a990d342fce6e, buildFailed=false, buildArtifact=false, participation=ParticipationDTO[id=491, testRun=false, type=programming, submissionCount=null, exercise=ParticipationExerciseDTO[id=308, exerciseType=PROGRAMMING, type=programming, assessmentType=AUTOMATIC, dueDate=2025-02-16T23:43:13.569213Z, assessmentDueDate=null, maxPoints=42.0, course=CourseDTO[id=157, accuracyOfScores=1]]], submissionExerciseType=programming, isProcessing=false, buildStartDate=null, estimatedCompletionDate=null], participation=ParticipationDTO[id=491, testRun=false, type=programming, submissionCount=null, exercise=ParticipationExerciseDTO[id=308, exerciseType=PROGRAMMING, type=programming, assessmentType=AUTOMATIC, dueDate=2025-02-16T23:43:13.569213Z, assessmentDueDate=null, maxPoints=42.0, course=CourseDTO[id=157, accuracyOfScores=1]]], feedbacks=[FeedbackDTO[id=160, text=null, detailText=Deine Einreichung enthält keine Ausgabe. (67cac2), hasLongFeedbackText=false, reference=null, credits=0.0, positive=false, type=AUTOMATIC, visibility=ALWAYS, testCase=TestCaseDTO[testName=null, id=146]], FeedbackDTO[id=161, text=null, detailText=test `add` failed on ≥ 1 cases:
(0, 0)
Your submission raised an error Failure("TODO add"), hasLongFeedbackText=false, reference=null, credits=0.0, positive=false, type=AUTOMATIC, visibility=ALWAYS, testCase=TestCaseDTO[testName=null, id=149]], FeedbackDTO[id=162, text=null, detailText=test `filter` failed on ≥ 1 cases:
(even, [1; 2; 3; 4])
Your submission raised an error Failure("TODO filter"), hasLongFeedbackText=false, reference=null, credits=0.0, positive=false, type=AUTOMATIC, visibility=ALWAYS, testCase=TestCaseDTO[testName=null, id=148]], FeedbackDTO[id=163, text=null, detailText=Test was not executed., hasLongFeedbackText=false, reference=null, credits=0.0, positive=null, type=AUTOMATIC, visibility=null, testCase=TestCaseDTO[testName=null, id=137]], FeedbackDTO[id=164, text=null, detailText=Test was not executed., hasLongFeedbackText=false, reference=null, credits=0.0, positive=null, type=AUTOMATIC, visibility=null, testCase=TestCaseDTO[testName=null, id=138]], FeedbackDTO[id=165, text=null, detailText=Test was not executed., hasLongFeedbackText=false, reference=null, credits=0.0, positive=null, type=AUTOMATIC, visibility=null, testCase=TestCaseDTO[testName=null, id=139]], FeedbackDTO[id=166, text=null, detailText=Test was not executed., hasLongFeedbackText=false, reference=null, credits=0.0, positive=null, type=AUTOMATIC, visibility=null, testCase=TestCaseDTO[testName=null, id=140]], FeedbackDTO[id=167, text=null, detailText=Test was not executed., hasLongFeedbackText=false, reference=null, credits=0.0, positive=null, type=AUTOMATIC, visibility=null, testCase=TestCaseDTO[testName=null, id=141]], FeedbackDTO[id=168, text=null, detailText=Test was not executed., hasLongFeedbackText=false, reference=null, credits=0.0, positive=null, type=AUTOMATIC, visibility=null, testCase=TestCaseDTO[testName=null, id=142]], FeedbackDTO[id=169, text=null, detailText=Test was not executed., hasLongFeedbackText=false, reference=null, credits=0.0, positive=null, type=AUTOMATIC, visibility=null, testCase=TestCaseDTO[testName=null, id=143]], FeedbackDTO[id=170, text=null, detailText=Test was not executed., hasLongFeedbackText=false, reference=null, credits=0.0, positive=null, type=AUTOMATIC, visibility=null, testCase=TestCaseDTO[testName=null, id=144]], FeedbackDTO[id=171, text=null, detailText=Test was not executed., hasLongFeedbackText=false, reference=null, credits=0.0, positive=null, type=AUTOMATIC, visibility=null, testCase=TestCaseDTO[testName=null, id=145]], FeedbackDTO[id=172, text=null, detailText=Test was not executed., hasLongFeedbackText=false, reference=null, credits=0.0, positive=null, type=AUTOMATIC, visibility=null, testCase=TestCaseDTO[testName=null, id=147]]], assessmentType=AUTOMATIC, hasComplaint=null, exampleResult=null, testCaseCount=13, passedTestCaseCount=0, codeIssueCount=0]], BuildJobQueueItem[id=4941739576597286, name=SHORTFBCBD7BF0E6EB0451A080E80FCB407DC1F12TSTEXC-LOCALCIINTSTUDENT1, buildAgent=BuildAgentDTO[name=artemis-build-agent-test, memberAddress=[127.0.0.1]:5703, displayName=artemis-build-agent-test], participationId=494, courseId=158, exerciseId=309, retryCount=0, priority=2, status=SUCCESSFUL, repositoryInfo=RepositoryInfo[repositoryName=shortfbcbd7bf0e6eb0451a080e80fcb407dc1f12tstexc-localciintstudent1, repositoryType=user, triggeredByPushTo=user, assignmentRepositoryUri=http://localhost:49152/git/SHORTFBCBD7BF0E6EB0451A080E80FCB407DC1F12TSTEXC/shortfbcbd7bf0e6eb0451a080e80fcb407dc1f12tstexc-localciintstudent1.git, testRepositoryUri=http://localhost:49152/git/SHORTFBCBD7BF0E6EB0451A080E80FCB407DC1F12TSTEXC/shortfbcbd7bf0e6eb0451a080e80fcb407dc1f12tstexc-tests.git, solutionRepositoryUri=null, auxiliaryRepositoryUris=[Ljava.lang.String;@6bdec46c, auxiliaryRepositoryCheckoutDirectories=[Ljava.lang.String;@5ddef74a], jobTimingInfo=JobTimingInfo[submissionDate=2025-02-14T23:43:17.286977233Z[Etc/UTC], buildStartDate=2025-02-14T23:43:17.293977347Z[Etc/UTC], buildCompletionDate=2025-02-14T23:43:18.740990762Z[Etc/UTC], estimatedCompletionDate=2025-02-14T23:43:36.293970494Z[Etc/UTC], estimatedDuration=19], buildConfig=BuildConfig[buildScript=#!/bin/bash
cd /var/tmp/testing-dir
chmod +x ./gradlew
./gradlew clean test
, dockerImage=dummy-docker-image:latest, commitHashToBuild=4a1af7e8a64e6505c5fc09b9f81ea41af9fcff44, assignmentCommitHash=4a1af7e8a64e6505c5fc09b9f81ea41af9fcff44, testCommitHash=4a1af7e8a64e6505c5fc09b9f81ea41af9fcff44, branch=main, programmingLanguage=JAVA, projectType=PLAIN_GRADLE, scaEnabled=false, sequentialTestRunsEnabled=false, resultPaths=[/var/tmp/testing-dir/**/test-results/test/*.xml], timeoutSeconds=0, assignmentCheckoutPath=null, testCheckoutPath=null, solutionCheckoutPath=null, dockerRunConfig=null], submissionResult=ResultDTO[id=141, completionDate=2025-02-14T23:43:18.729015138Z[Etc/UTC], successful=false, score=0.0, rated=true, submission=SubmissionDTO[id=130, submitted=true, type=MANUAL, exampleSubmission=null, submissionDate=2025-02-14T23:43:17.272936Z, commitHash=4a1af7e8a64e6505c5fc09b9f81ea41af9fcff44, buildFailed=true, buildArtifact=false, participation=ParticipationDTO[id=494, testRun=false, type=programming, submissionCount=null, exercise=ParticipationExerciseDTO[id=309, exerciseType=PROGRAMMING, type=programming, assessmentType=AUTOMATIC, dueDate=2025-02-16T23:43:17.147218Z, assessmentDueDate=null, maxPoints=42.0, course=CourseDTO[id=158, accuracyOfScores=1]]], submissionExerciseType=programming, isProcessing=false, buildStartDate=null, estimatedCompletionDate=null], participation=ParticipationDTO[id=494, testRun=false, type=programming, submissionCount=null, exercise=ParticipationExerciseDTO[id=309, exerciseType=PROGRAMMING, type=programming, assessmentType=AUTOMATIC, dueDate=2025-02-16T23:43:17.147218Z, assessmentDueDate=null, maxPoints=42.0, course=CourseDTO[id=158, accuracyOfScores=1]]], feedbacks=[], assessmentType=AUTOMATIC, hasComplaint=null, exampleResult=null, testCaseCount=0, passedTestCaseCount=0, codeIssueCount=0]], BuildJobQueueItem[id=4971739576599269, name=SHORT52AD57270517204728083260501A19D262D1TSTEXC-LOCALCIINTSTUDENT1, buildAgent=BuildAgentDTO[name=artemis-build-agent-test, memberAddress=[127.0.0.1]:5703, displayName=artemis-build-agent-test], participationId=497, courseId=159, exerciseId=310, retryCount=0, priority=2, status=SUCCESSFUL, repositoryInfo=RepositoryInfo[repositoryName=short52ad57270517204728083260501a19d262d1tstexc-localciintstudent1, repositoryType=user, triggeredByPushTo=user, assignmentRepositoryUri=http://localhost:49152/git/SHORT52AD57270517204728083260501A19D262D1TSTEXC/short52ad57270517204728083260501a19d262d1tstexc-localciintstudent1.git, testRepositoryUri=http://localhost:49152/git/SHORT52AD57270517204728083260501A19D262D1TSTEXC/short52ad57270517204728083260501a19d262d1tstexc-tests.git, solutionRepositoryUri=null, auxiliaryRepositoryUris=[Ljava.lang.String;@4519eec, auxiliaryRepositoryCheckoutDirectories=[Ljava.lang.String;@1a040507], jobTimingInfo=JobTimingInfo[submissionDate=2025-02-14T23:43:19.269997499Z[Etc/UTC], buildStartDate=2025-02-14T23:43:19.277325895Z[Etc/UTC], buildCompletionDate=2025-02-14T23:43:20.497391524Z[Etc/UTC], estimatedCompletionDate=2025-02-14T23:43:38.277310787Z[Etc/UTC], estimatedDuration=19], buildConfig=BuildConfig[buildScript=#!/bin/bash
cd /var/tmp/testing-dir
chmod +x ./gradlew
./gradlew clean test
, dockerImage=dummy-docker-image:latest, commitHashToBuild=9f4f76247a188e9a0f3516a9fbd60e829d53fb05, assignmentCommitHash=9f4f76247a188e9a0f3516a9fbd60e829d53fb05, testCommitHash=9f4f76247a188e9a0f3516a9fbd60e829d53fb05, branch=main, programmingLanguage=JAVA, projectType=PLAIN_GRADLE, scaEnabled=false, sequentialTestRunsEnabled=false, resultPaths=[/var/tmp/testing-dir/**/test-results/test/*.xml], timeoutSeconds=0, assignmentCheckoutPath=null, testCheckoutPath=null, solutionCheckoutPath=null, dockerRunConfig=null], submissionResult=ResultDTO[id=142, completionDate=2025-02-14T23:43:20.484244187Z[Etc/UTC], successful=false, score=7.7, rated=true, submission=SubmissionDTO[id=131, submitted=true, type=MANUAL, exampleSubmission=null, submissionDate=2025-02-14T23:43:19.265464Z, commitHash=9f4f76247a188e9a0f3516a9fbd60e829d53fb05, buildFailed=false, buildArtifact=false, participation=ParticipationDTO[id=497, testRun=false, type=programming, submissionCount=null, exercise=ParticipationExerciseDTO[id=310, exerciseType=PROGRAMMING, type=programming, assessmentType=AUTOMATIC, dueDate=2025-02-16T23:43:19.182228Z, assessmentDueDate=null, maxPoints=42.0, course=CourseDTO[id=159, accuracyOfScores=1]]], submissionExerciseType=programming, isProcessing=false, buildStartDate=null, estimatedCompletionDate=null], participation=ParticipationDTO[id=497, testRun=false, type=programming, submissionCount=null, exercise=ParticipationExerciseDTO[id=310, exerciseType=PROGRAMMING, type=programming, assessmentType=AUTOMATIC, dueDate=2025-02-16T23:43:19.182228Z, assessmentDueDate=null, maxPoints=42.0, course=CourseDTO[id=159, accuracyOfScores=1]]], feedbacks=[FeedbackDTO[id=173, text=null, detailText=The exercise expects a class with the name Context in the package testpackage. You did not implement the class in the exercise., hasLongFeedbackText=false, reference=null, credits=0.0, positive=false, type=AUTOMATIC, visibility=ALWAYS, testCase=TestCaseDTO[testName=null, id=169]], FeedbackDTO[id=174, text=null, detailText=The exercise expects a class with the name Policy in the package testpackage. You did not implement the class in the exercise., hasLongFeedbackText=false, reference=null, credits=0.0, positive=false, type=AUTOMATIC, visibility=ALWAYS, testCase=TestCaseDTO[testName=null, id=170]], FeedbackDTO[id=175, text=null, detailText=The exercise expects a class with the name SortStrategy in the package testpackage. You did not implement the class in the exercise., hasLongFeedbackText=false, reference=null, credits=0.0, positive=false, type=AUTOMATIC, visibility=ALWAYS, testCase=TestCaseDTO[testName=null, id=171]], FeedbackDTO[id=176, text=null, detailText=The class 'MergeSort' does not implement the interface 'SortStrategy' as expected. Implement the interface and its methods., hasLongFeedbackText=false, reference=null, credits=0.0, positive=false, type=AUTOMATIC, visibility=ALWAYS, testCase=TestCaseDTO[testName=null, id=166]], FeedbackDTO[id=177, text=null, detailText=The exercise expects a class with the name SortStrategy in the package testpackage. You did not implement the class in the exercise., hasLongFeedbackText=false, reference=null, credits=0.0, positive=false, type=AUTOMATIC, visibility=ALWAYS, testCase=TestCaseDTO[testName=null, id=163]], FeedbackDTO[id=178, text=null, detailText=The class 'BubbleSort' does not implement the interface 'SortStrategy' as expected. Implement the interface and its methods., hasLongFeedbackText=false, reference=null, credits=0.0, positive=false, type=AUTOMATIC, visibility=ALWAYS, testCase=TestCaseDTO[testName=null, id=167]], FeedbackDTO[id=179, text=null, detailText=MergeSort does not sort correctly, hasLongFeedbackText=false, reference=null, credits=0.0, positive=false, type=AUTOMATIC, visibility=ALWAYS, testCase=TestCaseDTO[testName=null, id=172]], FeedbackDTO[id=180, text=null, detailText=The class 'Context' was not found within the submission. Make sure to implement it properly., hasLongFeedbackText=false, reference=null, credits=0.0, positive=false, type=AUTOMATIC, visibility=ALWAYS, testCase=TestCaseDTO[testName=null, id=173]], FeedbackDTO[id=181, text=null, detailText=The class 'Context' was not found within the submission. Make sure to implement it properly., hasLongFeedbackText=false, reference=null, credits=0.0, positive=false, type=AUTOMATIC, visibility=ALWAYS, testCase=TestCaseDTO[testName=null, id=174]], FeedbackDTO[id=182, text=null, detailText=The exercise expects a class with the name Policy in the package testpackage. You did not implement the class in the exercise., hasLongFeedbackText=false, reference=null, credits=0.0, positive=false, type=AUTOMATIC, visibility=ALWAYS, testCase=TestCaseDTO[testName=null, id=168]], FeedbackDTO[id=183, text=null, detailText=The exercise expects a class with the name Context in the package testpackage. You did not implement the class in the exercise., hasLongFeedbackText=false, reference=null, credits=0.0, positive=false, type=AUTOMATIC, visibility=ALWAYS, testCase=TestCaseDTO[testName=null, id=164]], FeedbackDTO[id=184, text=null, detailText=The exercise expects a class with the name Policy in the package testpackage. You did not implement the class in the exercise., hasLongFeedbackText=false, reference=null, credits=0.0, positive=false, type=AUTOMATIC, visibility=ALWAYS, testCase=TestCaseDTO[testName=null, id=165]], FeedbackDTO[id=185, text=null, detailText=null, hasLongFeedbackText=false, reference=null, credits=3.230769230769231, positive=true, type=AUTOMATIC, visibility=ALWAYS, testCase=TestCaseDTO[testName=null, id=175]]], assessmentType=AUTOMATIC, hasComplaint=null, exampleResult=null, testCaseCount=13, passedTestCaseCount=1, codeIssueCount=0]], BuildJobQueueItem[id=5001739576601035, name=SHORT582B1BDC0A17704D6D0A46800FC19163DA47TSTEXC-LOCALCIINTSTUDENT1, buildAgent=BuildAgentDTO[name=artemis-build-agent-test, memberAddress=[127.0.0.1]:5703, displayName=artemis-build-agent-test], participationId=500, courseId=160, exerciseId=311, retryCount=0, priority=2, status=SUCCESSFUL, repositoryInfo=RepositoryInfo[repositoryName=short582b1bdc0a17704d6d0a46800fc19163da47tstexc-localciintstudent1, repositoryType=user, triggeredByPushTo=user, assignmentRepositoryUri=http://localhost:49152/git/SHORT582B1BDC0A17704D6D0A46800FC19163DA47TSTEXC/short582b1bdc0a17704d6d0a46800fc19163da47tstexc-localciintstudent1.git, testRepositoryUri=http://localhost:49152/git/SHORT582B1BDC0A17704D6D0A46800FC19163DA47TSTEXC/short582b1bdc0a17704d6d0a46800fc19163da47tstexc-tests.git, solutionRepositoryUri=null, auxiliaryRepositoryUris=[Ljava.lang.String;@7e45f8f, auxiliaryRepositoryCheckoutDirectories=[Ljava.lang.String;@2d2a9c9e], jobTimingInfo=JobTimingInfo[submissionDate=2025-02-14T23:43:21.035120760Z[Etc/UTC], buildStartDate=2025-02-14T23:43:21.040320383Z[Etc/UTC], buildCompletionDate=2025-02-14T23:43:22.581236903Z[Etc/UTC], estimatedCompletionDate=2025-02-14T23:43:40.040312057Z[Etc/UTC], estimatedDuration=19], buildConfig=BuildConfig[buildScript=#!/bin/bash
cd /var/tmp/testing-dir
chmod +x ./gradlew
./gradlew clean test
, dockerImage=dummy-docker-image:latest, commitHashToBuild=887566cf754016f986627cf5c5c365dea16c907f, assignmentCommitHash=887566cf754016f986627cf5c5c365dea16c907f, testCommitHash=6af67146332066e7430917928a4b9b81c43b7c71, branch=main, programmingLanguage=JAVA, projectType=PLAIN_GRADLE, scaEnabled=false, sequentialTestRunsEnabled=false, resultPaths=[/var/tmp/testing-dir/**/test-results/test/*.xml], timeoutSeconds=0, assignmentCheckoutPath=customAssignmentPath, testCheckoutPath=null, solutionCheckoutPath=null, dockerRunConfig=null], submissionResult=ResultDTO[id=143, completionDate=2025-02-14T23:43:22.538158998Z[Etc/UTC], successful=false, score=7.7, rated=true, submission=SubmissionDTO[id=132, submitted=true, type=MANUAL, exampleSubmission=null, submissionDate=2025-02-14T23:43:21.028930Z, commitHash=887566cf754016f986627cf5c5c365dea16c907f, buildFailed=false, buildArtifact=false, participation=ParticipationDTO[id=500, testRun=false, type=programming, submissionCount=null, exercise=ParticipationExerciseDTO[id=311, exerciseType=PROGRAMMING, type=programming, assessmentType=AUTOMATIC, dueDate=2025-02-16T23:43:20.897280Z, assessmentDueDate=null, maxPoints=42.0, course=CourseDTO[id=160, accuracyOfScores=1]]], submissionExerciseType=programming, isProcessing=false, buildStartDate=null, estimatedCompletionDate=null], participation=ParticipationDTO[id=500, testRun=false, type=programming, submissionCount=null, exercise=ParticipationExerciseDTO[id=311, exerciseType=PROGRAMMING, type=programming, assessmentType=AUTOMATIC, dueDate=2025-02-16T23:43:20.897280Z, assessmentDueDate=null, maxPoints=42.0, course=CourseDTO[id=160, accuracyOfScores=1]]], feedbacks=[FeedbackDTO[id=186, text=null, detailText=The exercise expects a class with the name Context in the package testpackage. You did not implement the class in the exercise., hasLongFeedbackText=false, reference=null, credits=0.0, positive=false, type=AUTOMATIC, visibility=ALWAYS, testCase=TestCaseDTO[testName=null, id=182]], FeedbackDTO[id=187, text=null, detailText=The exercise expects a class with the name Policy in the package testpackage. You did not implement the class in the exercise., hasLongFeedbackText=false, reference=null, credits=0.0, positive=false, type=AUTOMATIC, visibility=ALWAYS, testCase=TestCaseDTO[testName=null, id=183]], FeedbackDTO[id=188, text=null, detailText=The exercise expects a class with the name SortStrategy in the package testpackage. You did not implement the class in the exercise., hasLongFeedbackText=false, reference=null, credits=0.0, positive=false, type=AUTOMATIC, visibility=ALWAYS, testCase=TestCaseDTO[testName=null, id=184]], FeedbackDTO[id=189, text=null, detailText=The class 'MergeSort' does not implement the interface 'SortStrategy' as expected. Implement the interface and its methods., hasLongFeedbackText=false, reference=null, credits=0.0, positive=false, type=AUTOMATIC, visibility=ALWAYS, testCase=TestCaseDTO[testName=null, id=179]], FeedbackDTO[id=190, text=null, detailText=The exercise expects a class with the name SortStrategy in the package testpackage. You did not implement the class in the exercise., hasLongFeedbackText=false, reference=null, credits=0.0, positive=false, type=AUTOMATIC, visibility=ALWAYS, testCase=TestCaseDTO[testName=null, id=176]], FeedbackDTO[id=191, text=null, detailText=The class 'BubbleSort' does not implement the interface 'SortStrategy' as expected. Implement the interface and its methods., hasLongFeedbackText=false, reference=null, credits=0.0, positive=false, type=AUTOMATIC, visibility=ALWAYS, testCase=TestCaseDTO[testName=null, id=180]], FeedbackDTO[id=192, text=null, detailText=MergeSort does not sort correctly, hasLongFeedbackText=false, reference=null, credits=0.0, positive=false, type=AUTOMATIC, visibility=ALWAYS, testCase=TestCaseDTO[testName=null, id=185]], FeedbackDTO[id=193, text=null, detailText=The class 'Context' was not found within the submission. Make sure to implement it properly., hasLongFeedbackText=false, reference=null, credits=0.0, positive=false, type=AUTOMATIC, visibility=ALWAYS, testCase=TestCaseDTO[testName=null, id=186]], FeedbackDTO[id=194, text=null, detailText=The class 'Context' was not found within the submission. Make sure to implement it properly., hasLongFeedbackText=false, reference=null, credits=0.0, positive=false, type=AUTOMATIC, visibility=ALWAYS, testCase=TestCaseDTO[testName=null, id=187]], FeedbackDTO[id=195, text=null, detailText=The exercise expects a class with the name Policy in the package testpackage. You did not implement the class in the exercise., hasLongFeedbackText=false, reference=null, credits=0.0, positive=false, type=AUTOMATIC, visibility=ALWAYS, testCase=TestCaseDTO[testName=null, id=181]], FeedbackDTO[id=196, text=null, detailText=The exercise expects a class with the name Context in the package testpackage. You did not implement the class in the exercise., hasLongFeedbackText=false, reference=null, credits=0.0, positive=false, type=AUTOMATIC, visibility=ALWAYS, testCase=TestCaseDTO[testName=null, id=177]], FeedbackDTO[id=197, text=null, detailText=The exercise expects a class with the name Policy in the package testpackage. You did not implement the class in the exercise., hasLongFeedbackText=false, reference=null, credits=0.0, positive=false, type=AUTOMATIC, visibility=ALWAYS, testCase=TestCaseDTO[testName=null, id=178]], FeedbackDTO[id=198, text=null, detailText=null, hasLongFeedbackText=false, reference=null, credits=3.230769230769231, positive=true, type=AUTOMATIC, visibility=ALWAYS, testCase=TestCaseDTO[testName=null, id=188]]], assessmentType=AUTOMATIC, hasComplaint=null, exampleResult=null, testCaseCount=13, passedTestCaseCount=1, codeIssueCount=0]], BuildJobQueueItem[id=5031739576604847, name=SHORT00FA1A240403404C7E097D7007C591BE2AB1TSTEXC-LOCALCIINTSTUDENT1, buildAgent=BuildAgentDTO[name=artemis-build-agent-test, memberAddress=[127.0.0.1]:5703, displayName=artemis-build-agent-test], participationId=503, courseId=161, exerciseId=312, retryCount=0, priority=2, status=FAILED, repositoryInfo=RepositoryInfo[repositoryName=short00fa1a240403404c7e097d7007c591be2ab1tstexc-localciintstudent1, repositoryType=user, triggeredByPushTo=user, assignmentRepositoryUri=http://localhost:49152/git/SHORT00FA1A240403404C7E097D7007C591BE2AB1TSTEXC/short00fa1a240403404c7e097d7007c591be2ab1tstexc-localciintstudent1.git, testRepositoryUri=http://localhost:49152/git/SHORT00FA1A240403404C7E097D7007C591BE2AB1TSTEXC/short00fa1a240403404c7e097d7007c591be2ab1tstexc-tests.git, solutionRepositoryUri=null, auxiliaryRepositoryUris=[Ljava.lang.String;@2504d129, auxiliaryRepositoryCheckoutDirectories=[Ljava.lang.String;@1f12c4b3], jobTimingInfo=JobTimingInfo[submissionDate=2025-02-14T23:43:24.847396156Z[Etc/UTC], buildStartDate=2025-02-14T23:43:24.860457211Z[Etc/UTC], buildCompletionDate=2025-02-14T23:43:26.809353681Z[Etc/UTC], estimatedCompletionDate=2025-02-14T23:43:46.860451490Z[Etc/UTC], estimatedDuration=22], buildConfig=BuildConfig[buildScript=#!/bin/bash
cd /var/tmp/testing-dir
chmod +x ./gradlew
./gradlew clean test
, dockerImage=dummy-docker-image:latest, commitHashToBuild=9690714a509af0a98c6790a7e52ee3574c7ef689, assignmentCommitHash=9690714a509af0a98c6790a7e52ee3574c7ef689, testCommitHash=9690714a509af0a98c6790a7e52ee3574c7ef689, branch=main, programmingLanguage=JAVA, projectType=PLAIN_GRADLE, scaEnabled=false, sequentialTestRunsEnabled=false, resultPaths=[/var/tmp/testing-dir/**/test-results/test/*.xml], timeoutSeconds=0, assignmentCheckoutPath=null, testCheckoutPath=null, solutionCheckoutPath=null, dockerRunConfig=null], submissionResult=ResultDTO[id=144, completionDate=2025-02-14T23:43:26.809483684Z[Etc/UTC], successful=false, score=0.0, rated=true, submission=SubmissionDTO[id=133, submitted=true, type=MANUAL, exampleSubmission=null, submissionDate=2025-02-14T23:43:24.841319Z, commitHash=9690714a509af0a98c6790a7e52ee3574c7ef689, buildFailed=true, buildArtifact=false, participation=ParticipationDTO[id=503, testRun=false, type=programming, submissionCount=null, exercise=ParticipationExerciseDTO[id=312, exerciseType=PROGRAMMING, type=programming, assessmentType=AUTOMATIC, dueDate=2025-02-16T23:43:24.571329Z, assessmentDueDate=null, maxPoints=42.0, course=CourseDTO[id=161, accuracyOfScores=1]]], submissionExerciseType=programming, isProcessing=false, buildStartDate=null, estimatedCompletionDate=null], participation=ParticipationDTO[id=503, testRun=false, type=programming, submissionCount=null, exercise=ParticipationExerciseDTO[id=312, exerciseType=PROGRAMMING, type=programming, assessmentType=AUTOMATIC, dueDate=2025-02-16T23:43:24.571329Z, assessmentDueDate=null, maxPoints=42.0, course=CourseDTO[id=161, accuracyOfScores=1]]], feedbacks=[], assessmentType=AUTOMATIC, hasComplaint=null, exampleResult=null, testCaseCount=0, passedTestCaseCount=0, codeIssueCount=0]]], publicSshKey=ssh-rsa AAAAB3NzaC1yc2EAAAADAQABAAACAQCOPdMsxRE2jFJ/UEa5/LsBxtwzJcrh3/rYBCQvcMeVpiRfhzQPWu7mrt/G2Ew+i+vRloGH9aqKg6dd1liRncao53Zmd/ePxoatXePNhmzTfkCkcSkTUz7B+QMjkoDDV5jwuFPD6mF3JkhuzSi64n9Zy905t4w2IhVcjM2mL3eYNjiCXt6Qpq3Pkt7dM/Ksw1nxnvuiIALuJLB3FTkXkHqq3PJav+9HSq2r6ZaWgekneaGxlQlb+U+Vy3XOuArKAzK8c8i+0bR+AHiTG6ncYXt7ax3U+TdlDTF7OLP3umwaYjs1NBXOHwG42pevvpKn2fqavZZozk+M05jXLx3bq0O7itxfErWc7etky8qYPyyIMF/txQIVLd78+Ze4d7Y60t5MGbXM5cGE6fFif5fEJwgswXD+BrG0cafz1CTatjSKFdvp8Vp4VszXhHDan1PrP6JEFJ5Cc5GDmLRZPCFa3vL9f5qXgf4bkqKN8MYeEujwJE5nMRWoiJVNakix2bcrrneQMBlnYeYZVWXXXUusAQBzl4NgddC1umZpihZkL1b1MffZAUW3EGEXi7KHnllQhkTLLsQ8ntMgbylqaJKStqaXlLvdeRJcEnUuiFCrHEVVbXRFZR7XVDZ02CE5o3MuaRPty8Kh+jRTF3COlAckHwYEJCNNJvXFgb2CNXL4mjzYDw== test@localhost]
    23:43:26.983 | 132 Pool-1-worker-47 | DEBUG | d.t.c.a.a.c.w.AnswerMessageResource  : POST createAnswerMessage invoked for course 870 with message [user]answermessageintstudent1First answermessageintstudent1Last(answermessageintstudent1)[/user]
    23:43:26.988 | 566 localvc.event-13 | DEBUG | a.p.s.l.SharedQueueManagementService : Build agent updated: null
    23:43:27.004 | 132 Pool-1-worker-47 | DEBUG | d.t.c.a.a.c.w.AnswerMessageResource  : createAnswerMessage took 21.14ms

  Starting logs for AnswerMessageIntegrationTest > [3] userMention=[user](answermessageintstudent1)[/user], isUserMentionValid=false
    23:43:27.028 | 132 Pool-1-worker-47 | DEBUG | d.t.c.a.a.c.u.util.UserUtilService   : Generate 4 students...
    23:43:27.034 | 132 Pool-1-worker-47 | DEBUG | d.t.c.a.a.c.u.util.UserUtilService   : 4 students generated. Generate 4 tutors...
    23:43:27.040 | 132 Pool-1-worker-47 | DEBUG | d.t.c.a.a.c.u.util.UserUtilService   : 4 tutors generated. Generate 4 editors...
    23:43:27.050 | 132 Pool-1-worker-47 | DEBUG | d.t.c.a.a.c.u.util.UserUtilService   : 4 editors generated. Generate 1 instructors...
    23:43:27.056 | 132 Pool-1-worker-47 | DEBUG | d.t.c.a.a.c.u.util.UserUtilService   : 1 instructors generated
    23:43:27.060 | 132 Pool-1-worker-47 | DEBUG | d.t.c.a.a.c.u.util.UserUtilService   : Removing 13 users from all courses...
    23:43:27.062 | 132 Pool-1-worker-47 | DEBUG | d.t.c.a.a.c.u.util.UserUtilService   : Removing 13 users from all courses. Done
    23:43:27.062 | 132 Pool-1-worker-47 | DEBUG | d.t.c.a.a.c.u.util.UserUtilService   : Save 13 users to database...
    23:43:27.080 | 132 Pool-1-worker-47 | DEBUG | d.t.c.a.a.c.u.util.UserUtilService   : Save 13 users to database. Done
    23:43:27.165 | 132 Pool-1-worker-47 | INFO  | i.z.t.d.l.EmbeddedDatabaseReporter   : JDBC URL to connect to 'dataSource': url='jdbc:h2:tcp://localhost:41063/mem:df70fc46-7e57-4cb5-9cd0-c1d90c14afa7;USER=sa', scope='AnswerMessageIntegrationTest#testCreateConversationAnswerPostWithUserMention'
    23:43:27.167 | 132 Pool-1-worker-47 | DEBUG | d.t.c.a.a.c.s.f.ApiVersionFilter     : Adding Version to Request POST /api/courses/871/answer-messages
    23:43:27.167 | 132 Pool-1-worker-47 | DEBUG | d.t.c.a.a.c.w.AnswerMessageResource  : POST createAnswerMessage invoked for course 871 with message [user](answermessageintstudent1)[/user]
    23:43:27.175 | 132 Pool-1-worker-47 | ERROR | tech.jhipster.web.util.HeaderUtil    : Entity processing failed, The name provided for user answermessageintstudent1 does not match the user's full name answermessageintstudent1First answermessageintstudent1Last
    23:43:27.175 | 132 Pool-1-worker-47 | WARN  | o.z.p.spring.common.AdviceTraits     : Bad Request: The name provided for user answermessageintstudent1 does not match the user's full name answermessageintstudent1First answermessageintstudent1Last

  Starting logs for AnswerMessageIntegrationTest > [4] userMention=[user]answermessageintstudent1First answermessageintstudent1Last()[/user], isUserMentionValid=false
    23:43:27.195 | 132 Pool-1-worker-47 | DEBUG | d.t.c.a.a.c.u.util.UserUtilService   : Generate 4 students...
    23:43:27.202 | 132 Pool-1-worker-47 | DEBUG | d.t.c.a.a.c.u.util.UserUtilService   : 4 students generated. Generate 4 tutors...
    23:43:27.209 | 132 Pool-1-worker-47 | DEBUG | d.t.c.a.a.c.u.util.UserUtilService   : 4 tutors generated. Generate 4 editors...
    23:43:27.216 | 132 Pool-1-worker-47 | DEBUG | d.t.c.a.a.c.u.util.UserUtilService   : 4 editors generated. Generate 1 instructors...
    23:43:27.218 | 132 Pool-1-worker-47 | DEBUG | d.t.c.a.a.c.u.util.UserUtilService   : 1 instructors generated
    23:43:27.220 | 132 Pool-1-worker-47 | DEBUG | d.t.c.a.a.c.u.util.UserUtilService   : Removing 13 users from all courses...
    23:43:27.223 | 132 Pool-1-worker-47 | DEBUG | d.t.c.a.a.c.u.util.UserUtilService   : Removing 13 users from all courses. Done
    23:43:27.223 | 132 Pool-1-worker-47 | DEBUG | d.t.c.a.a.c.u.util.UserUtilService   : Save 13 users to database...
    23:43:27.231 | 132 Pool-1-worker-47 | DEBUG | d.t.c.a.a.c.u.util.UserUtilService   : Save 13 users to database. Done
    23:43:27.324 | 132 Pool-1-worker-47 | INFO  | i.z.t.d.l.EmbeddedDatabaseReporter   : JDBC URL to connect to 'dataSource': url='jdbc:h2:tcp://localhost:41063/mem:df70fc46-7e57-4cb5-9cd0-c1d90c14afa7;USER=sa', scope='AnswerMessageIntegrationTest#testCreateConversationAnswerPostWithUserMention'
    23:43:27.326 | 132 Pool-1-worker-47 | DEBUG | d.t.c.a.a.c.s.f.ApiVersionFilter     : Adding Version to Request POST /api/courses/872/answer-messages
    23:43:27.327 | 132 Pool-1-worker-47 | DEBUG | d.t.c.a.a.c.w.AnswerMessageResource  : POST createAnswerMessage invoked for course 872 with message [user]answermessageintstudent1First answermessageintstudent1Last()[/user]
    23:43:27.335 | 132 Pool-1-worker-47 | ERROR | tech.jhipster.web.util.HeaderUtil    : Entity processing failed, At least one of the mentioned users does not exist
    23:43:27.335 | 132 Pool-1-worker-47 | WARN  | o.z.p.spring.common.AdviceTraits     : Bad Request: At least one of the mentioned users does not exist

  Starting logs for AnswerMessageIntegrationTest > [5] userMention=[user]answermessageintstudent1First answermessageintstudent1Last[/user], isUserMentionValid=false
    23:43:27.351 | 132 Pool-1-worker-47 | DEBUG | d.t.c.a.a.c.u.util.UserUtilService   : Generate 4 students...
    23:43:27.358 | 132 Pool-1-worker-47 | DEBUG | d.t.c.a.a.c.u.util.UserUtilService   : 4 students generated. Generate 4 tutors...
    23:43:27.365 | 132 Pool-1-worker-47 | DEBUG | d.t.c.a.a.c.u.util.UserUtilService   : 4 tutors generated. Generate 4 editors...
    23:43:27.371 | 132 Pool-1-worker-47 | DEBUG | d.t.c.a.a.c.u.util.UserUtilService   : 4 editors generated. Generate 1 instructors...
    23:43:27.374 | 132 Pool-1-worker-47 | DEBUG | d.t.c.a.a.c.u.util.UserUtilService   : 1 instructors generated
    23:43:27.376 | 132 Pool-1-worker-47 | DEBUG | d.t.c.a.a.c.u.util.UserUtilService   : Removing 13 users from all courses...
    23:43:27.378 | 132 Pool-1-worker-47 | DEBUG | d.t.c.a.a.c.u.util.UserUtilService   : Removing 13 users from all courses. Done
    23:43:27.378 | 132 Pool-1-worker-47 | DEBUG | d.t.c.a.a.c.u.util.UserUtilService   : Save 13 users to database...
    23:43:27.387 | 132 Pool-1-worker-47 | DEBUG | d.t.c.a.a.c.u.util.UserUtilService   : Save 13 users to database. Done
    23:43:27.451 | 132 Pool-1-worker-47 | INFO  | i.z.t.d.l.EmbeddedDatabaseReporter   : JDBC URL to connect to 'dataSource': url='jdbc:h2:tcp://localhost:41063/mem:df70fc46-7e57-4cb5-9cd0-c1d90c14afa7;USER=sa', scope='AnswerMessageIntegrationTest#testCreateConversationAnswerPostWithUserMention'
    23:43:27.452 | 132 Pool-1-worker-47 | DEBUG | d.t.c.a.a.c.s.f.ApiVersionFilter     : Adding Version to Request POST /api/courses/873/answer-messages
    23:43:27.453 | 132 Pool-1-worker-47 | DEBUG | d.t.c.a.a.c.w.AnswerMessageResource  : POST createAnswerMessage invoked for course 873 with message [user]answermessageintstudent1First answermessageintstudent1Last[/user]
    23:43:27.459 | 132 Pool-1-worker-47 | ERROR | tech.jhipster.web.util.HeaderUtil    : Entity processing failed, At least one of the mentioned users does not exist
    23:43:27.459 | 132 Pool-1-worker-47 | WARN  | o.z.p.spring.common.AdviceTraits     : Bad Request: At least one of the mentioned users does not exist

  Starting logs for AnswerMessageIntegrationTest > [6] userMention=[user]answermessageintstudent2First answermessageintstudent2Last(answermessageintstudent2)[/user][user]answermessageintstudent1First answermessageintstudent1Last(answermessageintstudent1)[/user], isUserMentionValid=true
    23:43:27.476 | 132 Pool-1-worker-47 | DEBUG | d.t.c.a.a.c.u.util.UserUtilService   : Generate 4 students...
    23:43:27.483 | 132 Pool-1-worker-47 | DEBUG | d.t.c.a.a.c.u.util.UserUtilService   : 4 students generated. Generate 4 tutors...
    23:43:27.489 | 132 Pool-1-worker-47 | DEBUG | d.t.c.a.a.c.u.util.UserUtilService   : 4 tutors generated. Generate 4 editors...
    23:43:27.496 | 132 Pool-1-worker-47 | DEBUG | d.t.c.a.a.c.u.util.UserUtilService   : 4 editors generated. Generate 1 instructors...
    23:43:27.499 | 132 Pool-1-worker-47 | DEBUG | d.t.c.a.a.c.u.util.UserUtilService   : 1 instructors generated
    23:43:27.500 | 132 Pool-1-worker-47 | DEBUG | d.t.c.a.a.c.u.util.UserUtilService   : Removing 13 users from all courses...
    23:43:27.502 | 132 Pool-1-worker-47 | DEBUG | d.t.c.a.a.c.u.util.UserUtilService   : Removing 13 users from all courses. Done
    23:43:27.502 | 132 Pool-1-worker-47 | DEBUG | d.t.c.a.a.c.u.util.UserUtilService   : Save 13 users to database...
    23:43:27.510 | 132 Pool-1-worker-47 | DEBUG | d.t.c.a.a.c.u.util.UserUtilService   : Save 13 users to database. Done
    23:43:27.592 | 132 Pool-1-worker-47 | INFO  | i.z.t.d.l.EmbeddedDatabaseReporter   : JDBC URL to connect to 'dataSource': url='jdbc:h2:tcp://localhost:41063/mem:df70fc46-7e57-4cb5-9cd0-c1d90c14afa7;USER=sa', scope='AnswerMessageIntegrationTest#testCreateConversationAnswerPostWithUserMention'
    23:43:27.594 | 132 Pool-1-worker-47 | DEBUG | d.t.c.a.a.c.s.f.ApiVersionFilter     : Adding Version to Request POST /api/courses/874/answer-messages
    23:43:27.595 | 132 Pool-1-worker-47 | DEBUG | d.t.c.a.a.c.w.AnswerMessageResource  : POST createAnswerMessage invoked for course 874 with message [user]answermessageintstudent2First answermessageintstudent2Last(answermessageintstudent2)[/user][user]answermessageintstudent1First answermessageintstudent1Last(answermessageintstudent1)[/user]
    23:43:27.610 | 132 Pool-1-worker-47 | DEBUG | d.t.c.a.a.c.w.AnswerMessageResource  : createAnswerMessage took 15.28ms

  Starting logs for AnswerMessageIntegrationTest > [7] userMention=[user]invalidName(answermessageintstudent1)[/user], isUserMentionValid=false
    23:43:27.627 | 132 Pool-1-worker-47 | DEBUG | d.t.c.a.a.c.u.util.UserUtilService   : Generate 4 students...
    23:43:27.633 | 132 Pool-1-worker-47 | DEBUG | d.t.c.a.a.c.u.util.UserUtilService   : 4 students generated. Generate 4 tutors...
    23:43:27.639 | 132 Pool-1-worker-47 | DEBUG | d.t.c.a.a.c.u.util.UserUtilService   : 4 tutors generated. Generate 4 editors...
    23:43:27.645 | 132 Pool-1-worker-47 | DEBUG | d.t.c.a.a.c.u.util.UserUtilService   : 4 editors generated. Generate 1 instructors...
    23:43:27.648 | 132 Pool-1-worker-47 | DEBUG | d.t.c.a.a.c.u.util.UserUtilService   : 1 instructors generated
    23:43:27.649 | 132 Pool-1-worker-47 | DEBUG | d.t.c.a.a.c.u.util.UserUtilService   : Removing 13 users from all courses...
    23:43:27.651 | 132 Pool-1-worker-47 | DEBUG | d.t.c.a.a.c.u.util.UserUtilService   : Removing 13 users from all courses. Done
    23:43:27.651 | 132 Pool-1-worker-47 | DEBUG | d.t.c.a.a.c.u.util.UserUtilService   : Save 13 users to database...
    23:43:27.658 | 132 Pool-1-worker-47 | DEBUG | d.t.c.a.a.c.u.util.UserUtilService   : Save 13 users to database. Done
    23:43:27.758 | 132 Pool-1-worker-47 | INFO  | i.z.t.d.l.EmbeddedDatabaseReporter   : JDBC URL to connect to 'dataSource': url='jdbc:h2:tcp://localhost:41063/mem:df70fc46-7e57-4cb5-9cd0-c1d90c14afa7;USER=sa', scope='AnswerMessageIntegrationTest#testCreateConversationAnswerPostWithUserMention'
    23:43:27.759 | 132 Pool-1-worker-47 | DEBUG | d.t.c.a.a.c.s.f.ApiVersionFilter     : Adding Version to Request POST /api/courses/875/answer-messages
    23:43:27.760 | 132 Pool-1-worker-47 | DEBUG | d.t.c.a.a.c.w.AnswerMessageResource  : POST createAnswerMessage invoked for course 875 with message [user]invalidName(answermessageintstudent1)[/user]
    23:43:27.767 | 132 Pool-1-worker-47 | ERROR | tech.jhipster.web.util.HeaderUtil    : Entity processing failed, The name provided for user answermessageintstudent1 does not match the user's full name answermessageintstudent1First answermessageintstudent1Last
    23:43:27.767 | 132 Pool-1-worker-47 | WARN  | o.z.p.spring.common.AdviceTraits     : Bad Request: The name provided for user answermessageintstudent1 does not match the user's full name answermessageintstudent1First answermessageintstudent1Last

  Starting logs for AnswerMessageIntegrationTest > [8] userMention=[user]noCourseMemberFirst noCourseMemberLast(nocoursemember)[/user], isUserMentionValid=false
    23:43:27.782 | 132 Pool-1-worker-47 | DEBUG | d.t.c.a.a.c.u.util.UserUtilService   : Generate 4 students...
    23:43:27.788 | 132 Pool-1-worker-47 | DEBUG | d.t.c.a.a.c.u.util.UserUtilService   : 4 students generated. Generate 4 tutors...
    23:43:27.795 | 132 Pool-1-worker-47 | DEBUG | d.t.c.a.a.c.u.util.UserUtilService   : 4 tutors generated. Generate 4 editors...
    23:43:27.800 | 132 Pool-1-worker-47 | DEBUG | d.t.c.a.a.c.u.util.UserUtilService   : 4 editors generated. Generate 1 instructors...
    23:43:27.802 | 132 Pool-1-worker-47 | DEBUG | d.t.c.a.a.c.u.util.UserUtilService   : 1 instructors generated
    23:43:27.803 | 132 Pool-1-worker-47 | DEBUG | d.t.c.a.a.c.u.util.UserUtilService   : Removing 13 users from all courses...
    23:43:27.804 | 132 Pool-1-worker-47 | DEBUG | d.t.c.a.a.c.u.util.UserUtilService   : Removing 13 users from all courses. Done
    23:43:27.804 | 132 Pool-1-worker-47 | DEBUG | d.t.c.a.a.c.u.util.UserUtilService   : Save 13 users to database...
    23:43:27.810 | 132 Pool-1-worker-47 | DEBUG | d.t.c.a.a.c.u.util.UserUtilService   : Save 13 users to database. Done
    23:43:27.865 | 132 Pool-1-worker-47 | INFO  | i.z.t.d.l.EmbeddedDatabaseReporter   : JDBC URL to connect to 'dataSource': url='jdbc:h2:tcp://localhost:41063/mem:df70fc46-7e57-4cb5-9cd0-c1d90c14afa7;USER=sa', scope='AnswerMessageIntegrationTest#testCreateConversationAnswerPostWithUserMention'
    23:43:27.867 | 132 Pool-1-worker-47 | DEBUG | d.t.c.a.a.c.s.f.ApiVersionFilter     : Adding Version to Request POST /api/courses/876/answer-messages
    23:43:27.867 | 132 Pool-1-worker-47 | DEBUG | d.t.c.a.a.c.w.AnswerMessageResource  : POST createAnswerMessage invoked for course 876 with message [user]noCourseMemberFirst noCourseMemberLast(nocoursemember)[/user]
    23:43:27.873 | 132 Pool-1-worker-47 | ERROR | tech.jhipster.web.util.HeaderUtil    : Entity processing failed, At least one of the mentioned users does not exist
    23:43:27.873 | 132 Pool-1-worker-47 | WARN  | o.z.p.spring.common.AdviceTraits     : Bad Request: At least one of the mentioned users does not exist

  Starting logs for AnswerMessageIntegrationTest > [9] userMention=[user]invalidName[user]answermessageintstudent1First answermessageintstudent1Last(answermessageintstudent1)[/user](invalid)[/user], isUserMentionValid=true
    23:43:27.885 | 132 Pool-1-worker-47 | DEBUG | d.t.c.a.a.c.u.util.UserUtilService   : Generate 4 students...
    23:43:27.891 | 132 Pool-1-worker-47 | DEBUG | d.t.c.a.a.c.u.util.UserUtilService   : 4 students generated. Generate 4 tutors...
    23:43:27.897 | 132 Pool-1-worker-47 | DEBUG | d.t.c.a.a.c.u.util.UserUtilService   : 4 tutors generated. Generate 4 editors...
    23:43:27.903 | 132 Pool-1-worker-47 | DEBUG | d.t.c.a.a.c.u.util.UserUtilService   : 4 editors generated. Generate 1 instructors...
    23:43:27.906 | 132 Pool-1-worker-47 | DEBUG | d.t.c.a.a.c.u.util.UserUtilService   : 1 instructors generated
    23:43:27.907 | 132 Pool-1-worker-47 | DEBUG | d.t.c.a.a.c.u.util.UserUtilService   : Removing 13 users from all courses...
    23:43:27.909 | 132 Pool-1-worker-47 | DEBUG | d.t.c.a.a.c.u.util.UserUtilService   : Removing 13 users from all courses. Done
    23:43:27.909 | 132 Pool-1-worker-47 | DEBUG | d.t.c.a.a.c.u.util.UserUtilService   : Save 13 users to database...
    23:43:27.916 | 132 Pool-1-worker-47 | DEBUG | d.t.c.a.a.c.u.util.UserUtilService   : Save 13 users to database. Done
    23:43:27.971 | 132 Pool-1-worker-47 | INFO  | i.z.t.d.l.EmbeddedDatabaseReporter   : JDBC URL to connect to 'dataSource': url='jdbc:h2:tcp://localhost:41063/mem:df70fc46-7e57-4cb5-9cd0-c1d90c14afa7;USER=sa', scope='AnswerMessageIntegrationTest#testCreateConversationAnswerPostWithUserMention'
    23:43:27.973 | 132 Pool-1-worker-47 | DEBUG | d.t.c.a.a.c.s.f.ApiVersionFilter     : Adding Version to Request POST /api/courses/877/answer-messages
    23:43:27.974 | 132 Pool-1-worker-47 | DEBUG | d.t.c.a.a.c.w.AnswerMessageResource  : POST createAnswerMessage invoked for course 877 with message [user]invalidName[user]answermessageintstudent1First answermessageintstudent1Last(answermessageintstudent1)[/user](invalid)[/user]
    23:43:27.981 | 132 Pool-1-worker-47 | DEBUG | d.t.c.a.a.c.w.AnswerMessageResource  : createAnswerMessage took 7.72ms

  Starting logs for AnswerMessageIntegrationTest > testGetUnresolvedOwnAnsweredOrReactedPostsByUserForCourse()
    23:43:27.995 | 132 Pool-1-worker-47 | DEBUG | d.t.c.a.a.c.u.util.UserUtilService   : Generate 4 students...
    23:43:27.999 | 132 Pool-1-worker-47 | DEBUG | d.t.c.a.a.c.u.util.UserUtilService   : 4 students generated. Generate 4 tutors...
    23:43:28.004 | 132 Pool-1-worker-47 | DEBUG | d.t.c.a.a.c.u.util.UserUtilService   : 4 tutors generated. Generate 4 editors...
    23:43:28.009 | 132 Pool-1-worker-47 | DEBUG | d.t.c.a.a.c.u.util.UserUtilService   : 4 editors generated. Generate 1 instructors...
    23:43:28.011 | 132 Pool-1-worker-47 | DEBUG | d.t.c.a.a.c.u.util.UserUtilService   : 1 instructors generated
    23:43:28.012 | 132 Pool-1-worker-47 | DEBUG | d.t.c.a.a.c.u.util.UserUtilService   : Removing 13 users from all courses...
    23:43:28.013 | 132 Pool-1-worker-47 | DEBUG | d.t.c.a.a.c.u.util.UserUtilService   : Removing 13 users from all courses. Done
    23:43:28.013 | 132 Pool-1-worker-47 | DEBUG | d.t.c.a.a.c.u.util.UserUtilService   : Save 13 users to database...
    23:43:28.018 | 132 Pool-1-worker-47 | DEBUG | d.t.c.a.a.c.u.util.UserUtilService   : Save 13 users to database. Done
    23:43:28.080 | 132 Pool-1-worker-47 | INFO  | i.z.t.d.l.EmbeddedDatabaseReporter   : JDBC URL to connect to 'dataSource': url='jdbc:h2:tcp://localhost:41063/mem:df70fc46-7e57-4cb5-9cd0-c1d90c14afa7;USER=sa', scope='AnswerMessageIntegrationTest#testGetUnresolvedOwnAnsweredOrReactedPostsByUserForCourse'
    23:43:28.081 | 132 Pool-1-worker-47 | DEBUG | d.t.c.a.a.c.s.f.ApiVersionFilter     : Adding Version to Request GET /api/courses/878/messages
    23:43:28.095 | 132 Pool-1-worker-47 | DEBUG | .a.c.r.ConversationMessageRepository : findPostIdsWithSpecification took 12.09ms
    23:43:28.097 | 132 Pool-1-worker-47 | DEBUG | .a.c.r.ConversationMessageRepository : findByPostIdsWithEagerRelationships took 1.72ms
    23:43:28.098 | 132 Pool-1-worker-47 | DEBUG | d.t.c.a.a.c.service.PostingService   : userRepository.findUserRolesInCourse done for 1 authors 
    23:43:28.100 | 132 Pool-1-worker-47 | DEBUG | .a.a.c.w.ConversationMessageResource : /courses/{courseId}/messages finished in 17.71ms for 2 posts with 4 answer posts, 0 reactions, and 0 answer post reactions for user answermessageintstudent1

  Starting logs for AnswerMessageIntegrationTest > testCreateAnswerInExamChannel()
    23:43:28.112 | 132 Pool-1-worker-47 | DEBUG | d.t.c.a.a.c.u.util.UserUtilService   : Generate 4 students...
    23:43:28.117 | 132 Pool-1-worker-47 | DEBUG | d.t.c.a.a.c.u.util.UserUtilService   : 4 students generated. Generate 4 tutors...
    23:43:28.123 | 132 Pool-1-worker-47 | DEBUG | d.t.c.a.a.c.u.util.UserUtilService   : 4 tutors generated. Generate 4 editors...
    23:43:28.128 | 132 Pool-1-worker-47 | DEBUG | d.t.c.a.a.c.u.util.UserUtilService   : 4 editors generated. Generate 1 instructors...
    23:43:28.130 | 132 Pool-1-worker-47 | DEBUG | d.t.c.a.a.c.u.util.UserUtilService   : 1 instructors generated
    23:43:28.131 | 132 Pool-1-worker-47 | DEBUG | d.t.c.a.a.c.u.util.UserUtilService   : Removing 13 users from all courses...
    23:43:28.133 | 132 Pool-1-worker-47 | DEBUG | d.t.c.a.a.c.u.util.UserUtilService   : Removing 13 users from all courses. Done
    23:43:28.133 | 132 Pool-1-worker-47 | DEBUG | d.t.c.a.a.c.u.util.UserUtilService   : Save 13 users to database...
    23:43:28.139 | 132 Pool-1-worker-47 | DEBUG | d.t.c.a.a.c.u.util.UserUtilService   : Save 13 users to database. Done
    23:43:28.197 | 132 Pool-1-worker-47 | INFO  | i.z.t.d.l.EmbeddedDatabaseReporter   : JDBC URL to connect to 'dataSource': url='jdbc:h2:tcp://localhost:41063/mem:df70fc46-7e57-4cb5-9cd0-c1d90c14afa7;USER=sa', scope='AnswerMessageIntegrationTest#testCreateAnswerInExamChannel'
    23:43:28.205 | 132 Pool-1-worker-47 | DEBUG | d.t.c.a.a.c.s.f.ApiVersionFilter     : Adding Version to Request POST /api/courses/879/answer-messages
    23:43:28.205 | 132 Pool-1-worker-47 | DEBUG | d.t.c.a.a.c.w.AnswerMessageResource  : POST createAnswerMessage invoked for course 879 with message Content Answer Post
    23:43:28.214 | 132 Pool-1-worker-47 | DEBUG | d.t.c.a.a.c.w.AnswerMessageResource  : createAnswerMessage took 8.33ms

  Starting logs for AnswerMessageIntegrationTest > testCreateConversationAnswerPostWithUserMentionOfUserNotInConversation()
    23:43:28.235 | 132 Pool-1-worker-47 | DEBUG | d.t.c.a.a.c.u.util.UserUtilService   : Generate 4 students...
    23:43:28.242 | 132 Pool-1-worker-47 | DEBUG | d.t.c.a.a.c.u.util.UserUtilService   : 4 students generated. Generate 4 tutors...
    23:43:28.247 | 132 Pool-1-worker-47 | DEBUG | d.t.c.a.a.c.u.util.UserUtilService   : 4 tutors generated. Generate 4 editors...
    23:43:28.255 | 132 Pool-1-worker-47 | DEBUG | d.t.c.a.a.c.u.util.UserUtilService   : 4 editors generated. Generate 1 instructors...
    23:43:28.258 | 132 Pool-1-worker-47 | DEBUG | d.t.c.a.a.c.u.util.UserUtilService   : 1 instructors generated
    23:43:28.259 | 132 Pool-1-worker-47 | DEBUG | d.t.c.a.a.c.u.util.UserUtilService   : Removing 13 users from all courses...
    23:43:28.261 | 132 Pool-1-worker-47 | DEBUG | d.t.c.a.a.c.u.util.UserUtilService   : Removing 13 users from all courses. Done
    23:43:28.261 | 132 Pool-1-worker-47 | DEBUG | d.t.c.a.a.c.u.util.UserUtilService   : Save 13 users to database...
    23:43:28.278 | 132 Pool-1-worker-47 | DEBUG | d.t.c.a.a.c.u.util.UserUtilService   : Save 13 users to database. Done
    23:43:28.306 | 566 localvc.event-13 | DEBUG | a.p.s.l.LocalCIQueueWebsocketService : CIBuildJobQueueItem removed from processing jobs: BuildJobQueueItem[id=5061739576605250, name=SHORT62C808EE04ECE040740AF7B0CF3AE5F5BEF2TSTEXC-LOCALCIINTSTUDENT1, buildAgent=BuildAgentDTO[name=artemis-build-agent-test, memberAddress=[127.0.0.1]:5703, displayName=artemis-build-agent-test], participationId=506, courseId=162, exerciseId=313, retryCount=0, priority=2, status=null, repositoryInfo=RepositoryInfo[repositoryName=short62c808ee04ece040740af7b0cf3ae5f5bef2tstexc-localciintstudent1, repositoryType=user, triggeredByPushTo=user, assignmentRepositoryUri=http://localhost:49152/git/SHORT62C808EE04ECE040740AF7B0CF3AE5F5BEF2TSTEXC/short62c808ee04ece040740af7b0cf3ae5f5bef2tstexc-localciintstudent1.git, testRepositoryUri=http://localhost:49152/git/SHORT62C808EE04ECE040740AF7B0CF3AE5F5BEF2TSTEXC/short62c808ee04ece040740af7b0cf3ae5f5bef2tstexc-tests.git, solutionRepositoryUri=null, auxiliaryRepositoryUris=[Ljava.lang.String;@43185d4e, auxiliaryRepositoryCheckoutDirectories=[Ljava.lang.String;@4096519d], jobTimingInfo=JobTimingInfo[submissionDate=2025-02-14T23:43:25.250749866Z[Etc/UTC], buildStartDate=2025-02-14T23:43:26.820713075Z[Etc/UTC], buildCompletionDate=null, estimatedCompletionDate=2025-02-14T23:43:45.820704920Z[Etc/UTC], estimatedDuration=19], buildConfig=BuildConfig[buildScript=#!/bin/bash
cd /var/tmp/testing-dir
chmod +x ./gradlew
./gradlew clean test
, dockerImage=dummy-docker-image:latest, commitHashToBuild=993b6f756e3e52a44d0537d4fa3a5d0e0acdbe89, assignmentCommitHash=993b6f756e3e52a44d0537d4fa3a5d0e0acdbe89, testCommitHash=993b6f756e3e52a44d0537d4fa3a5d0e0acdbe89, branch=main, programmingLanguage=JAVA, projectType=null, scaEnabled=false, sequentialTestRunsEnabled=false, resultPaths=[/var/tmp/testing-dir/**/test-results/test/*.xml], timeoutSeconds=0, assignmentCheckoutPath=null, testCheckoutPath=null, solutionCheckoutPath=null, dockerRunConfig=null], submissionResult=null]
    23:43:28.307 | 566 localvc.event-13 | DEBUG | s.l.LocalCIWebsocketMessagingService : Sending message on topic /topic/admin/running-jobs: []
    23:43:28.307 | 566 localvc.event-13 | DEBUG | s.l.LocalCIWebsocketMessagingService : Sending message on topic /topic/courses/162/running-jobs: []
    23:43:28.312 | 566 localvc.event-13 | DEBUG | p.s.l.LocalCIResultProcessingService : Result of build job with id 5061739576605250 added to queue
    23:43:28.313 | 566 localvc.event-13 | INFO  | p.s.l.LocalCIResultProcessingService : Processing build job result with id 5061739576605250
    23:43:28.313 | 566 localvc.event-13 | DEBUG | p.s.l.LocalCIResultProcessingService : Build jobs waiting in queue: 0
    23:43:28.313 | 566 localvc.event-13 | DEBUG | p.s.l.LocalCIResultProcessingService : Queued build jobs: []
    23:43:28.317 | 566 localvc.event-13 | DEBUG | .s.ProgrammingExerciseGradingService : Received new build result (NEW) for participation 506
    23:43:28.356 | 566 localvc.event-13 | DEBUG | .c.s.m.InstanceMessageReceiveService : Received schedule participant score for exercise 313 and participant 37 (result to be deleted: null)
    23:43:28.356 | 566 localvc.event-13 | DEBUG | .a.s.ParticipantScoreScheduleService : Scheduled task for exercise 313 and participant 37 at 2025-02-14T23:43:28.456730143Z[Etc/UTC].
    23:43:28.358 | 566 localvc.event-13 | DEBUG | .a.a.p.s.ProgrammingMessagingService : Send result to client over websocket. Result: Result{id145, completionDate=2025-02-14T23:43:28.269051286Z[Etc/UTC], successful=false, score=7.7, rated=true, assessmentType=AUTOMATIC, hasComplaint=null, testCaseCount=13, passedTestCaseCount=1, codeIssueCount=0}, Submission: ProgrammingSubmission{commitHash='993b6f756e3e52a44d0537d4fa3a5d0e0acdbe89', buildFailed=false, buildArtifact=false, type=MANUAL}, Participation: ProgrammingExerciseStudentParticipation{id=506, repositoryUri='http://localhost:49152/git/SHORT62C808EE04ECE040740AF7B0CF3AE5F5BEF2TSTEXC/short62c808ee04ece040740af7b0cf3ae5f5bef2tstexc-localciintstudent1.git', buildPlanId='SHORT62C808EE04ECE040740AF7B0CF3AE5F5BEF2TSTEXC-LOCALCIINTSTUDENT1', initializationState='INITIALIZED', initializationDate='2025-02-14T23:43:25.223553Z', individualDueDate=null', presentationScore=null}
    23:43:28.363 | 132 Pool-1-worker-47 | INFO  | i.z.t.d.l.EmbeddedDatabaseReporter   : JDBC URL to connect to 'dataSource': url='jdbc:h2:tcp://localhost:41063/mem:df70fc46-7e57-4cb5-9cd0-c1d90c14afa7;USER=sa', scope='AnswerMessageIntegrationTest#testCreateConversationAnswerPostWithUserMentionOfUserNotInConversation'
    23:43:28.366 | 132 Pool-1-worker-47 | DEBUG | d.t.c.a.a.c.s.f.ApiVersionFilter     : Adding Version to Request POST /api/courses/880/answer-messages
    23:43:28.368 | 132 Pool-1-worker-47 | DEBUG | d.t.c.a.a.c.w.AnswerMessageResource  : POST createAnswerMessage invoked for course 880 with message [user]answermessageintstudent1First answermessageintstudent1Last(answermessageintstudent1)[/user]
    23:43:28.370 | 566 localvc.event-13 | DEBUG | d.t.c.a.a.p.s.BuildLogEntryService   : Saved build logs for build job 5061739576605250 to file /tmp/build-logs/short62c808ee04ece040740af7b0cf3ae5f5bef2/TSTEXC/5061739576605250.log
    23:43:28.371 | 566 localvc.event-13 | DEBUG | a.p.s.l.LocalCIQueueWebsocketService : Build agent updated: BuildAgentInformation[buildAgent=BuildAgentDTO[name=artemis-build-agent-test, memberAddress=[127.0.0.1]:5703, displayName=artemis-build-agent-test], maxNumberOfConcurrentBuildJobs=1, numberOfCurrentBuildJobs=0, runningBuildJobs=[], status=IDLE, recentBuildJobs=[BuildJobQueueItem[id=4621739576562326, name=SHORT43ACF76B02BC1044B80938509D14043FABDETSTEXC-LOCALCIINTSTUDENT1, buildAgent=BuildAgentDTO[name=artemis-build-agent-test, memberAddress=[127.0.0.1]:5703, displayName=artemis-build-agent-test], participationId=462, courseId=147, exerciseId=298, retryCount=0, priority=2, status=SUCCESSFUL, repositoryInfo=RepositoryInfo[repositoryName=short43acf76b02bc1044b80938509d14043fabdetstexc-localciintstudent1, repositoryType=user, triggeredByPushTo=user, assignmentRepositoryUri=http://localhost:49152/git/SHORT43ACF76B02BC1044B80938509D14043FABDETSTEXC/short43acf76b02bc1044b80938509d14043fabdetstexc-localciintstudent1.git, testRepositoryUri=http://localhost:49152/git/SHORT43ACF76B02BC1044B80938509D14043FABDETSTEXC/short43acf76b02bc1044b80938509d14043fabdetstexc-tests.git, solutionRepositoryUri=null, auxiliaryRepositoryUris=[Ljava.lang.String;@1583150d, auxiliaryRepositoryCheckoutDirectories=[Ljava.lang.String;@4a633bf1], jobTimingInfo=JobTimingInfo[submissionDate=2025-02-14T23:42:42.326978596Z[Etc/UTC], buildStartDate=2025-02-14T23:42:42.420147010Z[Etc/UTC], buildCompletionDate=2025-02-14T23:42:45.573855829Z[Etc/UTC], estimatedCompletionDate=2025-02-14T23:43:01.420129377Z[Etc/UTC], estimatedDuration=19], buildConfig=BuildConfig[buildScript=#!/bin/bash
cd /var/tmp/testing-dir
chmod +x ./gradlew
./gradlew clean test
, dockerImage=dummy-docker-image:latest, commitHashToBuild=a9c717ccf7bcbe9531d3eee21dbaeb5aab2ff971, assignmentCommitHash=a9c717ccf7bcbe9531d3eee21dbaeb5aab2ff971, testCommitHash=a9c717ccf7bcbe9531d3eee21dbaeb5aab2ff971, branch=main, programmingLanguage=JAVA, projectType=PLAIN_GRADLE, scaEnabled=false, sequentialTestRunsEnabled=false, resultPaths=[/var/tmp/testing-dir/**/test-results/test/*.xml], timeoutSeconds=0, assignmentCheckoutPath=null, testCheckoutPath=null, solutionCheckoutPath=null, dockerRunConfig=DockerRunConfig[isNetworkDisabled=true, env=[key=value]]], submissionResult=ResultDTO[id=132, completionDate=2025-02-14T23:42:45.519869118Z[Etc/UTC], successful=false, score=7.7, rated=true, submission=SubmissionDTO[id=119, submitted=true, type=MANUAL, exampleSubmission=null, submissionDate=2025-02-14T23:42:42.302762Z, commitHash=a9c717ccf7bcbe9531d3eee21dbaeb5aab2ff971, buildFailed=false, buildArtifact=false, participation=ParticipationDTO[id=462, testRun=false, type=programming, submissionCount=null, exercise=ParticipationExerciseDTO[id=298, exerciseType=PROGRAMMING, type=programming, assessmentType=AUTOMATIC, dueDate=2025-02-16T23:42:41.553955Z, assessmentDueDate=null, maxPoints=42.0, course=CourseDTO[id=147, accuracyOfScores=1]]], submissionExerciseType=programming, isProcessing=false, buildStartDate=null, estimatedCompletionDate=null], participation=ParticipationDTO[id=462, testRun=false, type=programming, submissionCount=null, exercise=ParticipationExerciseDTO[id=298, exerciseType=PROGRAMMING, type=programming, assessmentType=AUTOMATIC, dueDate=2025-02-16T23:42:41.553955Z, assessmentDueDate=null, maxPoints=42.0, course=CourseDTO[id=147, accuracyOfScores=1]]], feedbacks=[FeedbackDTO[id=67, text=null, detailText=The exercise expects a class with the name Context in the package testpackage. You did not implement the class in the exercise., hasLongFeedbackText=false, reference=null, credits=0.0, positive=false, type=AUTOMATIC, visibility=ALWAYS, testCase=TestCaseDTO[testName=null, id=13]], FeedbackDTO[id=68, text=null, detailText=The exercise expects a class with the name Policy in the package testpackage. You did not implement the class in the exercise., hasLongFeedbackText=false, reference=null, credits=0.0, positive=false, type=AUTOMATIC, visibility=ALWAYS, testCase=TestCaseDTO[testName=null, id=14]], FeedbackDTO[id=69, text=null, detailText=The exercise expects a class with the name SortStrategy in the package testpackage. You did not implement the class in the exercise., hasLongFeedbackText=false, reference=null, credits=0.0, positive=false, type=AUTOMATIC, visibility=ALWAYS, testCase=TestCaseDTO[testName=null, id=15]], FeedbackDTO[id=70, text=null, detailText=The class 'MergeSort' does not implement the interface 'SortStrategy' as expected. Implement the interface and its methods., hasLongFeedbackText=false, reference=null, credits=0.0, positive=false, type=AUTOMATIC, visibility=ALWAYS, testCase=TestCaseDTO[testName=null, id=10]], FeedbackDTO[id=71, text=null, detailText=The exercise expects a class with the name SortStrategy in the package testpackage. You did not implement the class in the exercise., hasLongFeedbackText=false, reference=null, credits=0.0, positive=false, type=AUTOMATIC, visibility=ALWAYS, testCase=TestCaseDTO[testName=null, id=7]], FeedbackDTO[id=72, text=null, detailText=The class 'BubbleSort' does not implement the interface 'SortStrategy' as expected. Implement the interface and its methods., hasLongFeedbackText=false, reference=null, credits=0.0, positive=false, type=AUTOMATIC, visibility=ALWAYS, testCase=TestCaseDTO[testName=null, id=11]], FeedbackDTO[id=73, text=null, detailText=MergeSort does not sort correctly, hasLongFeedbackText=false, reference=null, credits=0.0, positive=false, type=AUTOMATIC, visibility=ALWAYS, testCase=TestCaseDTO[testName=null, id=16]], FeedbackDTO[id=74, text=null, detailText=The class 'Context' was not found within the submission. Make sure to implement it properly., hasLongFeedbackText=false, reference=null, credits=0.0, positive=false, type=AUTOMATIC, visibility=ALWAYS, testCase=TestCaseDTO[testName=null, id=17]], FeedbackDTO[id=75, text=null, detailText=The class 'Context' was not found within the submission. Make sure to implement it properly., hasLongFeedbackText=false, reference=null, credits=0.0, positive=false, type=AUTOMATIC, visibility=ALWAYS, testCase=TestCaseDTO[testName=null, id=18]], FeedbackDTO[id=76, text=null, detailText=The exercise expects a class with the name Policy in the package testpackage. You did not implement the class in the exercise., hasLongFeedbackText=false, reference=null, credits=0.0, positive=false, type=AUTOMATIC, visibility=ALWAYS, testCase=TestCaseDTO[testName=null, id=12]], FeedbackDTO[id=77, text=null, detailText=The exercise expects a class with the name Context in the package testpackage. You did not implement the class in the exercise., hasLongFeedbackText=false, reference=null, credits=0.0, positive=false, type=AUTOMATIC, visibility=ALWAYS, testCase=TestCaseDTO[testName=null, id=8]], FeedbackDTO[id=78, text=null, detailText=The exercise expects a class with the name Policy in the package testpackage. You did not implement the class in the exercise., hasLongFeedbackText=false, reference=null, credits=0.0, positive=false, type=AUTOMATIC, visibility=ALWAYS, testCase=TestCaseDTO[testName=null, id=9]], FeedbackDTO[id=79, text=null, detailText=null, hasLongFeedbackText=false, reference=null, credits=3.230769230769231, positive=true, type=AUTOMATIC, visibility=ALWAYS, testCase=TestCaseDTO[testName=null, id=19]]], assessmentType=AUTOMATIC, hasComplaint=null, exampleResult=null, testCaseCount=13, passedTestCaseCount=1, codeIssueCount=0]], BuildJobQueueItem[id=4651739576569330, name=SHORTB06DD3F905F4604F6E085260D83ED657A6DFTSTEXC-LOCALCIINTSTUDENT1, buildAgent=BuildAgentDTO[name=artemis-build-agent-test, memberAddress=[127.0.0.1]:5703, displayName=artemis-build-agent-test], participationId=465, courseId=148, exerciseId=299, retryCount=0, priority=2, status=SUCCESSFUL, repositoryInfo=RepositoryInfo[repositoryName=shortb06dd3f905f4604f6e085260d83ed657a6dftstexc-localciintstudent1, repositoryType=user, triggeredByPushTo=user, assignmentRepositoryUri=http://localhost:49152/git/SHORTB06DD3F905F4604F6E085260D83ED657A6DFTSTEXC/shortb06dd3f905f4604f6e085260d83ed657a6dftstexc-localciintstudent1.git, testRepositoryUri=http://localhost:49152/git/SHORTB06DD3F905F4604F6E085260D83ED657A6DFTSTEXC/shortb06dd3f905f4604f6e085260d83ed657a6dftstexc-tests.git, solutionRepositoryUri=null, auxiliaryRepositoryUris=[Ljava.lang.String;@15e34d76, auxiliaryRepositoryCheckoutDirectories=[Ljava.lang.String;@34262dc4], jobTimingInfo=JobTimingInfo[submissionDate=2025-02-14T23:42:49.330093960Z[Etc/UTC], buildStartDate=2025-02-14T23:42:49.347797345Z[Etc/UTC], buildCompletionDate=2025-02-14T23:42:51.204319751Z[Etc/UTC], estimatedCompletionDate=2025-02-14T23:43:08.347788449Z[Etc/UTC], estimatedDuration=19], buildConfig=BuildConfig[buildScript=#!/bin/bash
cd /var/tmp/testing-dir
chmod +x ./gradlew
./gradlew clean test
, dockerImage=dummy-docker-image:latest, commitHashToBuild=41581fff25954d36cf07586926ee0c77d1003131, assignmentCommitHash=41581fff25954d36cf07586926ee0c77d1003131, testCommitHash=41581fff25954d36cf07586926ee0c77d1003131, branch=main, programmingLanguage=JAVA, projectType=PLAIN_GRADLE, scaEnabled=false, sequentialTestRunsEnabled=false, resultPaths=[/var/tmp/testing-dir/**/test-results/test/*.xml], timeoutSeconds=0, assignmentCheckoutPath=null, testCheckoutPath=null, solutionCheckoutPath=null, dockerRunConfig=null], submissionResult=ResultDTO[id=133, completionDate=2025-02-14T23:42:51.155372920Z[Etc/UTC], successful=false, score=7.7, rated=true, submission=SubmissionDTO[id=120, submitted=true, type=MANUAL, exampleSubmission=null, submissionDate=2025-02-14T23:42:49.321855Z, commitHash=41581fff25954d36cf07586926ee0c77d1003131, buildFailed=false, buildArtifact=false, participation=ParticipationDTO[id=465, testRun=false, type=programming, submissionCount=null, exercise=ParticipationExerciseDTO[id=299, exerciseType=PROGRAMMING, type=programming, assessmentType=AUTOMATIC, dueDate=2025-02-16T23:42:49.163661Z, assessmentDueDate=null, maxPoints=42.0, course=CourseDTO[id=148, accuracyOfScores=1]]], submissionExerciseType=programming, isProcessing=false, buildStartDate=null, estimatedCompletionDate=null], participation=ParticipationDTO[id=465, testRun=false, type=programming, submissionCount=null, exercise=ParticipationExerciseDTO[id=299, exerciseType=PROGRAMMING, type=programming, assessmentType=AUTOMATIC, dueDate=2025-02-16T23:42:49.163661Z, assessmentDueDate=null, maxPoints=42.0, course=CourseDTO[id=148, accuracyOfScores=1]]], feedbacks=[FeedbackDTO[id=80, text=null, detailText=The exercise expects a class with the name Context in the package testpackage. You did not implement the class in the exercise., hasLongFeedbackText=false, reference=null, credits=0.0, positive=false, type=AUTOMATIC, visibility=ALWAYS, testCase=TestCaseDTO[testName=null, id=26]], FeedbackDTO[id=81, text=null, detailText=The exercise expects a class with the name Policy in the package testpackage. You did not implement the class in the exercise., hasLongFeedbackText=false, reference=null, credits=0.0, positive=false, type=AUTOMATIC, visibility=ALWAYS, testCase=TestCaseDTO[testName=null, id=27]], FeedbackDTO[id=82, text=null, detailText=The exercise expects a class with the name SortStrategy in the package testpackage. You did not implement the class in the exercise., hasLongFeedbackText=false, reference=null, credits=0.0, positive=false, type=AUTOMATIC, visibility=ALWAYS, testCase=TestCaseDTO[testName=null, id=28]], FeedbackDTO[id=83, text=null, detailText=The class 'MergeSort' does not implement the interface 'SortStrategy' as expected. Implement the interface and its methods., hasLongFeedbackText=false, reference=null, credits=0.0, positive=false, type=AUTOMATIC, visibility=ALWAYS, testCase=TestCaseDTO[testName=null, id=23]], FeedbackDTO[id=84, text=null, detailText=The exercise expects a class with the name SortStrategy in the package testpackage. You did not implement the class in the exercise., hasLongFeedbackText=false, reference=null, credits=0.0, positive=false, type=AUTOMATIC, visibility=ALWAYS, testCase=TestCaseDTO[testName=null, id=20]], FeedbackDTO[id=85, text=null, detailText=The class 'BubbleSort' does not implement the interface 'SortStrategy' as expected. Implement the interface and its methods., hasLongFeedbackText=false, reference=null, credits=0.0, positive=false, type=AUTOMATIC, visibility=ALWAYS, testCase=TestCaseDTO[testName=null, id=24]], FeedbackDTO[id=86, text=null, detailText=MergeSort does not sort correctly, hasLongFeedbackText=false, reference=null, credits=0.0, positive=false, type=AUTOMATIC, visibility=ALWAYS, testCase=TestCaseDTO[testName=null, id=29]], FeedbackDTO[id=87, text=null, detailText=The class 'Context' was not found within the submission. Make sure to implement it properly., hasLongFeedbackText=false, reference=null, credits=0.0, positive=false, type=AUTOMATIC, visibility=ALWAYS, testCase=TestCaseDTO[testName=null, id=30]], FeedbackDTO[id=88, text=null, detailText=The class 'Context' was not found within the submission. Make sure to implement it properly., hasLongFeedbackText=false, reference=null, credits=0.0, positive=false, type=AUTOMATIC, visibility=ALWAYS, testCase=TestCaseDTO[testName=null, id=31]], FeedbackDTO[id=89, text=null, detailText=The exercise expects a class with the name Policy in the package testpackage. You did not implement the class in the exercise., hasLongFeedbackText=false, reference=null, credits=0.0, positive=false, type=AUTOMATIC, visibility=ALWAYS, testCase=TestCaseDTO[testName=null, id=25]], FeedbackDTO[id=90, text=null, detailText=The exercise expects a class with the name Context in the package testpackage. You did not implement the class in the exercise., hasLongFeedbackText=false, reference=null, credits=0.0, positive=false, type=AUTOMATIC, visibility=ALWAYS, testCase=TestCaseDTO[testName=null, id=21]], FeedbackDTO[id=91, text=null, detailText=The exercise expects a class with the name Policy in the package testpackage. You did not implement the class in the exercise., hasLongFeedbackText=false, reference=null, credits=0.0, positive=false, type=AUTOMATIC, visibility=ALWAYS, testCase=TestCaseDTO[testName=null, id=22]], FeedbackDTO[id=92, text=null, detailText=null, hasLongFeedbackText=false, reference=null, credits=3.230769230769231, positive=true, type=AUTOMATIC, visibility=ALWAYS, testCase=TestCaseDTO[testName=null, id=32]]], assessmentType=AUTOMATIC, hasComplaint=null, exampleResult=null, testCaseCount=13, passedTestCaseCount=1, codeIssueCount=0]], BuildJobQueueItem[id=4681739576573068, name=SHORTBCF65534040390488B0A46605F5F3776B89ATSTEXC-LOCALCIINTSTUDENT1, buildAgent=BuildAgentDTO[name=artemis-build-agent-test, memberAddress=[127.0.0.1]:5703, displayName=artemis-build-agent-test], participationId=468, courseId=149, exerciseId=300, retryCount=0, priority=2, status=SUCCESSFUL, repositoryInfo=RepositoryInfo[repositoryName=shortbcf65534040390488b0a46605f5f3776b89atstexc-localciintstudent1, repositoryType=user, triggeredByPushTo=user, assignmentRepositoryUri=http://localhost:49152/git/SHORTBCF65534040390488B0A46605F5F3776B89ATSTEXC/shortbcf65534040390488b0a46605f5f3776b89atstexc-localciintstudent1.git, testRepositoryUri=http://localhost:49152/git/SHORTBCF65534040390488B0A46605F5F3776B89ATSTEXC/shortbcf65534040390488b0a46605f5f3776b89atstexc-tests.git, solutionRepositoryUri=null, auxiliaryRepositoryUris=[Ljava.lang.String;@39807d30, auxiliaryRepositoryCheckoutDirectories=[Ljava.lang.String;@6a6f6542], jobTimingInfo=JobTimingInfo[submissionDate=2025-02-14T23:42:53.068019209Z[Etc/UTC], buildStartDate=2025-02-14T23:42:53.092867394Z[Etc/UTC], buildCompletionDate=2025-02-14T23:42:55.086950323Z[Etc/UTC], estimatedCompletionDate=2025-02-14T23:43:12.092858828Z[Etc/UTC], estimatedDuration=19], buildConfig=BuildConfig[buildScript=#!/bin/bash
cd /var/tmp/testing-dir
chmod +x ./gradlew
./gradlew clean test
, dockerImage=dummy-docker-image:latest, commitHashToBuild=2d5c0482fc77d3f5ec0841962528a43054e83170, assignmentCommitHash=2d5c0482fc77d3f5ec0841962528a43054e83170, testCommitHash=7477e25d56ce5fee2c938542a7e7ed4ed085d373, branch=main, programmingLanguage=JAVA, projectType=PLAIN_GRADLE, scaEnabled=false, sequentialTestRunsEnabled=false, resultPaths=[/var/tmp/testing-dir/**/test-results/test/*.xml], timeoutSeconds=0, assignmentCheckoutPath=null, testCheckoutPath=null, solutionCheckoutPath=null, dockerRunConfig=null], submissionResult=ResultDTO[id=134, completionDate=2025-02-14T23:42:55.059618627Z[Etc/UTC], successful=false, score=7.7, rated=true, submission=SubmissionDTO[id=121, submitted=true, type=MANUAL, exampleSubmission=null, submissionDate=2025-02-14T23:42:53.048221Z, commitHash=2d5c0482fc77d3f5ec0841962528a43054e83170, buildFailed=false, buildArtifact=false, participation=ParticipationDTO[id=468, testRun=false, type=programming, submissionCount=null, exercise=ParticipationExerciseDTO[id=300, exerciseType=PROGRAMMING, type=programming, assessmentType=AUTOMATIC, dueDate=2025-02-16T23:42:52.873722Z, assessmentDueDate=null, maxPoints=42.0, course=CourseDTO[id=149, accuracyOfScores=1]]], submissionExerciseType=programming, isProcessing=false, buildStartDate=null, estimatedCompletionDate=null], participation=ParticipationDTO[id=468, testRun=false, type=programming, submissionCount=null, exercise=ParticipationExerciseDTO[id=300, exerciseType=PROGRAMMING, type=programming, assessmentType=AUTOMATIC, dueDate=2025-02-16T23:42:52.873722Z, assessmentDueDate=null, maxPoints=42.0, course=CourseDTO[id=149, accuracyOfScores=1]]], feedbacks=[FeedbackDTO[id=93, text=null, detailText=The exercise expects a class with the name Context in the package testpackage. You did not implement the class in the exercise., hasLongFeedbackText=false, reference=null, credits=0.0, positive=false, type=AUTOMATIC, visibility=ALWAYS, testCase=TestCaseDTO[testName=null, id=39]], FeedbackDTO[id=94, text=null, detailText=The exercise expects a class with the name Policy in the package testpackage. You did not implement the class in the exercise., hasLongFeedbackText=false, reference=null, credits=0.0, positive=false, type=AUTOMATIC, visibility=ALWAYS, testCase=TestCaseDTO[testName=null, id=40]], FeedbackDTO[id=95, text=null, detailText=The exercise expects a class with the name SortStrategy in the package testpackage. You did not implement the class in the exercise., hasLongFeedbackText=false, reference=null, credits=0.0, positive=false, type=AUTOMATIC, visibility=ALWAYS, testCase=TestCaseDTO[testName=null, id=41]], FeedbackDTO[id=96, text=null, detailText=The class 'MergeSort' does not implement the interface 'SortStrategy' as expected. Implement the interface and its methods., hasLongFeedbackText=false, reference=null, credits=0.0, positive=false, type=AUTOMATIC, visibility=ALWAYS, testCase=TestCaseDTO[testName=null, id=36]], FeedbackDTO[id=97, text=null, detailText=The exercise expects a class with the name SortStrategy in the package testpackage. You did not implement the class in the exercise., hasLongFeedbackText=false, reference=null, credits=0.0, positive=false, type=AUTOMATIC, visibility=ALWAYS, testCase=TestCaseDTO[testName=null, id=33]], FeedbackDTO[id=98, text=null, detailText=The class 'BubbleSort' does not implement the interface 'SortStrategy' as expected. Implement the interface and its methods., hasLongFeedbackText=false, reference=null, credits=0.0, positive=false, type=AUTOMATIC, visibility=ALWAYS, testCase=TestCaseDTO[testName=null, id=37]], FeedbackDTO[id=99, text=null, detailText=MergeSort does not sort correctly, hasLongFeedbackText=false, reference=null, credits=0.0, positive=false, type=AUTOMATIC, visibility=ALWAYS, testCase=TestCaseDTO[testName=null, id=42]], FeedbackDTO[id=100, text=null, detailText=The class 'Context' was not found within the submission. Make sure to implement it properly., hasLongFeedbackText=false, reference=null, credits=0.0, positive=false, type=AUTOMATIC, visibility=ALWAYS, testCase=TestCaseDTO[testName=null, id=43]], FeedbackDTO[id=101, text=null, detailText=The class 'Context' was not found within the submission. Make sure to implement it properly., hasLongFeedbackText=false, reference=null, credits=0.0, positive=false, type=AUTOMATIC, visibility=ALWAYS, testCase=TestCaseDTO[testName=null, id=44]], FeedbackDTO[id=102, text=null, detailText=The exercise expects a class with the name Policy in the package testpackage. You did not implement the class in the exercise., hasLongFeedbackText=false, reference=null, credits=0.0, positive=false, type=AUTOMATIC, visibility=ALWAYS, testCase=TestCaseDTO[testName=null, id=38]], FeedbackDTO[id=103, text=null, detailText=The exercise expects a class with the name Context in the package testpackage. You did not implement the class in the exercise., hasLongFeedbackText=false, reference=null, credits=0.0, positive=false, type=AUTOMATIC, visibility=ALWAYS, testCase=TestCaseDTO[testName=null, id=34]], FeedbackDTO[id=104, text=null, detailText=The exercise expects a class with the name Policy in the package testpackage. You did not implement the class in the exercise., hasLongFeedbackText=false, reference=null, credits=0.0, positive=false, type=AUTOMATIC, visibility=ALWAYS, testCase=TestCaseDTO[testName=null, id=35]], FeedbackDTO[id=105, text=null, detailText=null, hasLongFeedbackText=false, reference=null, credits=3.230769230769231, positive=true, type=AUTOMATIC, visibility=ALWAYS, testCase=TestCaseDTO[testName=null, id=45]]], assessmentType=AUTOMATIC, hasComplaint=null, exampleResult=null, testCaseCount=13, passedTestCaseCount=1, codeIssueCount=0]], BuildJobQueueItem[id=4741739576577297, name=SHORT88A9A223023E2047B709E4A029FA08BCF2CFTSTEXC-LOCALCIINTSTUDENT1, buildAgent=BuildAgentDTO[name=artemis-build-agent-test, memberAddress=[127.0.0.1]:5703, displayName=artemis-build-agent-test], participationId=474, courseId=151, exerciseId=302, retryCount=0, priority=2, status=SUCCESSFUL, repositoryInfo=RepositoryInfo[repositoryName=short88a9a223023e2047b709e4a029fa08bcf2cftstexc-localciintstudent1, repositoryType=user, triggeredByPushTo=user, assignmentRepositoryUri=http://localhost:49152/git/SHORT88A9A223023E2047B709E4A029FA08BCF2CFTSTEXC/short88a9a223023e2047b709e4a029fa08bcf2cftstexc-localciintstudent1.git, testRepositoryUri=http://localhost:49152/git/SHORT88A9A223023E2047B709E4A029FA08BCF2CFTSTEXC/short88a9a223023e2047b709e4a029fa08bcf2cftstexc-tests.git, solutionRepositoryUri=null, auxiliaryRepositoryUris=[Ljava.lang.String;@65680d84, auxiliaryRepositoryCheckoutDirectories=[Ljava.lang.String;@602544e0], jobTimingInfo=JobTimingInfo[submissionDate=2025-02-14T23:42:57.297342281Z[Etc/UTC], buildStartDate=2025-02-14T23:42:57.308570327Z[Etc/UTC], buildCompletionDate=2025-02-14T23:42:59.047616654Z[Etc/UTC], estimatedCompletionDate=2025-02-14T23:43:16.308558064Z[Etc/UTC], estimatedDuration=19], buildConfig=BuildConfig[buildScript=#!/bin/bash
cd /var/tmp/testing-dir
chmod +x ./gradlew
./gradlew clean test
, dockerImage=dummy-docker-image:latest, commitHashToBuild=736cbea1e46d6849b41266b2bf1cccd3b9ea55b1, assignmentCommitHash=736cbea1e46d6849b41266b2bf1cccd3b9ea55b1, testCommitHash=ea6267edd396a304305339b036512b63e0374c66, branch=main, programmingLanguage=JAVA, projectType=PLAIN_GRADLE, scaEnabled=false, sequentialTestRunsEnabled=false, resultPaths=[/var/tmp/testing-dir/**/test-results/test/*.xml], timeoutSeconds=0, assignmentCheckoutPath=null, testCheckoutPath=null, solutionCheckoutPath=null, dockerRunConfig=null], submissionResult=ResultDTO[id=135, completionDate=2025-02-14T23:42:59.014168821Z[Etc/UTC], successful=false, score=7.7, rated=true, submission=SubmissionDTO[id=123, submitted=true, type=MANUAL, exampleSubmission=null, submissionDate=2025-02-14T23:42:57.278471Z, commitHash=736cbea1e46d6849b41266b2bf1cccd3b9ea55b1, buildFailed=false, buildArtifact=false, participation=ParticipationDTO[id=474, testRun=false, type=programming, submissionCount=null, exercise=ParticipationExerciseDTO[id=302, exerciseType=PROGRAMMING, type=programming, assessmentType=AUTOMATIC, dueDate=2025-02-16T23:42:56.796251Z, assessmentDueDate=null, maxPoints=42.0, course=CourseDTO[id=151, accuracyOfScores=1]]], submissionExerciseType=programming, isProcessing=false, buildStartDate=null, estimatedCompletionDate=null], participation=ParticipationDTO[id=474, testRun=false, type=programming, submissionCount=null, exercise=ParticipationExerciseDTO[id=302, exerciseType=PROGRAMMING, type=programming, assessmentType=AUTOMATIC, dueDate=2025-02-16T23:42:56.796251Z, assessmentDueDate=null, maxPoints=42.0, course=CourseDTO[id=151, accuracyOfScores=1]]], feedbacks=[FeedbackDTO[id=106, text=null, detailText=The exercise expects a class with the name Context in the package testpackage. You did not implement the class in the exercise., hasLongFeedbackText=false, reference=null, credits=0.0, positive=false, type=AUTOMATIC, visibility=ALWAYS, testCase=TestCaseDTO[testName=null, id=65]], FeedbackDTO[id=107, text=null, detailText=The exercise expects a class with the name Policy in the package testpackage. You did not implement the class in the exercise., hasLongFeedbackText=false, reference=null, credits=0.0, positive=false, type=AUTOMATIC, visibility=ALWAYS, testCase=TestCaseDTO[testName=null, id=66]], FeedbackDTO[id=108, text=null, detailText=The exercise expects a class with the name SortStrategy in the package testpackage. You did not implement the class in the exercise., hasLongFeedbackText=false, reference=null, credits=0.0, positive=false, type=AUTOMATIC, visibility=ALWAYS, testCase=TestCaseDTO[testName=null, id=67]], FeedbackDTO[id=109, text=null, detailText=The class 'MergeSort' does not implement the interface 'SortStrategy' as expected. Implement the interface and its methods., hasLongFeedbackText=false, reference=null, credits=0.0, positive=false, type=AUTOMATIC, visibility=ALWAYS, testCase=TestCaseDTO[testName=null, id=62]], FeedbackDTO[id=110, text=null, detailText=The exercise expects a class with the name SortStrategy in the package testpackage. You did not implement the class in the exercise., hasLongFeedbackText=false, reference=null, credits=0.0, positive=false, type=AUTOMATIC, visibility=ALWAYS, testCase=TestCaseDTO[testName=null, id=59]], FeedbackDTO[id=111, text=null, detailText=The class 'BubbleSort' does not implement the interface 'SortStrategy' as expected. Implement the interface and its methods., hasLongFeedbackText=false, reference=null, credits=0.0, positive=false, type=AUTOMATIC, visibility=ALWAYS, testCase=TestCaseDTO[testName=null, id=63]], FeedbackDTO[id=112, text=null, detailText=MergeSort does not sort correctly, hasLongFeedbackText=false, reference=null, credits=0.0, positive=false, type=AUTOMATIC, visibility=ALWAYS, testCase=TestCaseDTO[testName=null, id=68]], FeedbackDTO[id=113, text=null, detailText=The class 'Context' was not found within the submission. Make sure to implement it properly., hasLongFeedbackText=false, reference=null, credits=0.0, positive=false, type=AUTOMATIC, visibility=ALWAYS, testCase=TestCaseDTO[testName=null, id=69]], FeedbackDTO[id=114, text=null, detailText=The class 'Context' was not found within the submission. Make sure to implement it properly., hasLongFeedbackText=false, reference=null, credits=0.0, positive=false, type=AUTOMATIC, visibility=ALWAYS, testCase=TestCaseDTO[testName=null, id=70]], FeedbackDTO[id=115, text=null, detailText=The exercise expects a class with the name Policy in the package testpackage. You did not implement the class in the exercise., hasLongFeedbackText=false, reference=null, credits=0.0, positive=false, type=AUTOMATIC, visibility=ALWAYS, testCase=TestCaseDTO[testName=null, id=64]], FeedbackDTO[id=116, text=null, detailText=The exercise expects a class with the name Context in the package testpackage. You did not implement the class in the exercise., hasLongFeedbackText=false, reference=null, credits=0.0, positive=false, type=AUTOMATIC, visibility=ALWAYS, testCase=TestCaseDTO[testName=null, id=60]], FeedbackDTO[id=117, text=null, detailText=The exercise expects a class with the name Policy in the package testpackage. You did not implement the class in the exercise., hasLongFeedbackText=false, reference=null, credits=0.0, positive=false, type=AUTOMATIC, visibility=ALWAYS, testCase=TestCaseDTO[testName=null, id=61]], FeedbackDTO[id=118, text=null, detailText=null, hasLongFeedbackText=false, reference=null, credits=3.230769230769231, positive=true, type=AUTOMATIC, visibility=ALWAYS, testCase=TestCaseDTO[testName=null, id=71]]], assessmentType=AUTOMATIC, hasComplaint=null, exampleResult=null, testCaseCount=13, passedTestCaseCount=1, codeIssueCount=0]], BuildJobQueueItem[id=4771739576580898, name=SHORT51E611E30D6B60466F0B8BA0AA97F58888C2TSTEXC-LOCALCIINTSTUDENT1, buildAgent=BuildAgentDTO[name=artemis-build-agent-test, memberAddress=[127.0.0.1]:5703, displayName=artemis-build-agent-test], participationId=477, courseId=152, exerciseId=303, retryCount=0, priority=2, status=SUCCESSFUL, repositoryInfo=RepositoryInfo[repositoryName=short51e611e30d6b60466f0b8ba0aa97f58888c2tstexc-localciintstudent1, repositoryType=user, triggeredByPushTo=user, assignmentRepositoryUri=http://localhost:49152/git/SHORT51E611E30D6B60466F0B8BA0AA97F58888C2TSTEXC/short51e611e30d6b60466f0b8ba0aa97f58888c2tstexc-localciintstudent1.git, testRepositoryUri=http://localhost:49152/git/SHORT51E611E30D6B60466F0B8BA0AA97F58888C2TSTEXC/short51e611e30d6b60466f0b8ba0aa97f58888c2tstexc-tests.git, solutionRepositoryUri=null, auxiliaryRepositoryUris=[Ljava.lang.String;@5af6dc29, auxiliaryRepositoryCheckoutDirectories=[Ljava.lang.String;@4b22f740], jobTimingInfo=JobTimingInfo[submissionDate=2025-02-14T23:43:00.898532688Z[Etc/UTC], buildStartDate=2025-02-14T23:43:00.905733056Z[Etc/UTC], buildCompletionDate=2025-02-14T23:43:02.692768910Z[Etc/UTC], estimatedCompletionDate=2025-02-14T23:43:19.905720463Z[Etc/UTC], estimatedDuration=19], buildConfig=BuildConfig[buildScript=#!/bin/bash
cd /var/tmp/testing-dir
chmod +x ./gradlew
./gradlew clean test
, dockerImage=dummy-docker-image:latest, commitHashToBuild=8f3057cbd462f5e3de4e6ba85115f60d8dbb5aea, assignmentCommitHash=8f3057cbd462f5e3de4e6ba85115f60d8dbb5aea, testCommitHash=8f3057cbd462f5e3de4e6ba85115f60d8dbb5aea, branch=main, programmingLanguage=JAVA, projectType=PLAIN_GRADLE, scaEnabled=true, sequentialTestRunsEnabled=false, resultPaths=[/var/tmp/testing-dir/**/test-results/test/*.xml], timeoutSeconds=0, assignmentCheckoutPath=null, testCheckoutPath=null, solutionCheckoutPath=null, dockerRunConfig=null], submissionResult=ResultDTO[id=136, completionDate=2025-02-14T23:43:02.637820510Z[Etc/UTC], successful=false, score=7.7, rated=true, submission=SubmissionDTO[id=124, submitted=true, type=MANUAL, exampleSubmission=null, submissionDate=2025-02-14T23:43:00.886601Z, commitHash=8f3057cbd462f5e3de4e6ba85115f60d8dbb5aea, buildFailed=false, buildArtifact=false, participation=ParticipationDTO[id=477, testRun=false, type=programming, submissionCount=null, exercise=ParticipationExerciseDTO[id=303, exerciseType=PROGRAMMING, type=programming, assessmentType=AUTOMATIC, dueDate=2025-02-16T23:43:00.631824Z, assessmentDueDate=null, maxPoints=42.0, course=CourseDTO[id=152, accuracyOfScores=1]]], submissionExerciseType=programming, isProcessing=false, buildStartDate=null, estimatedCompletionDate=null], participation=ParticipationDTO[id=477, testRun=false, type=programming, submissionCount=null, exercise=ParticipationExerciseDTO[id=303, exerciseType=PROGRAMMING, type=programming, assessmentType=AUTOMATIC, dueDate=2025-02-16T23:43:00.631824Z, assessmentDueDate=null, maxPoints=42.0, course=CourseDTO[id=152, accuracyOfScores=1]]], feedbacks=[FeedbackDTO[id=119, text=null, detailText=The exercise expects a class with the name Context in the package testpackage. You did not implement the class in the exercise., hasLongFeedbackText=false, reference=null, credits=0.0, positive=false, type=AUTOMATIC, visibility=ALWAYS, testCase=TestCaseDTO[testName=null, id=78]], FeedbackDTO[id=120, text=null, detailText=The exercise expects a class with the name Policy in the package testpackage. You did not implement the class in the exercise., hasLongFeedbackText=false, reference=null, credits=0.0, positive=false, type=AUTOMATIC, visibility=ALWAYS, testCase=TestCaseDTO[testName=null, id=79]], FeedbackDTO[id=121, text=null, detailText=The exercise expects a class with the name SortStrategy in the package testpackage. You did not implement the class in the exercise., hasLongFeedbackText=false, reference=null, credits=0.0, positive=false, type=AUTOMATIC, visibility=ALWAYS, testCase=TestCaseDTO[testName=null, id=80]], FeedbackDTO[id=122, text=null, detailText=The class 'MergeSort' does not implement the interface 'SortStrategy' as expected. Implement the interface and its methods., hasLongFeedbackText=false, reference=null, credits=0.0, positive=false, type=AUTOMATIC, visibility=ALWAYS, testCase=TestCaseDTO[testName=null, id=75]], FeedbackDTO[id=123, text=null, detailText=The exercise expects a class with the name SortStrategy in the package testpackage. You did not implement the class in the exercise., hasLongFeedbackText=false, reference=null, credits=0.0, positive=false, type=AUTOMATIC, visibility=ALWAYS, testCase=TestCaseDTO[testName=null, id=72]], FeedbackDTO[id=124, text=null, detailText=The class 'BubbleSort' does not implement the interface 'SortStrategy' as expected. Implement the interface and its methods., hasLongFeedbackText=false, reference=null, credits=0.0, positive=false, type=AUTOMATIC, visibility=ALWAYS, testCase=TestCaseDTO[testName=null, id=76]], FeedbackDTO[id=125, text=null, detailText=MergeSort does not sort correctly, hasLongFeedbackText=false, reference=null, credits=0.0, positive=false, type=AUTOMATIC, visibility=ALWAYS, testCase=TestCaseDTO[testName=null, id=81]], FeedbackDTO[id=126, text=null, detailText=The class 'Context' was not found within the submission. Make sure to implement it properly., hasLongFeedbackText=false, reference=null, credits=0.0, positive=false, type=AUTOMATIC, visibility=ALWAYS, testCase=TestCaseDTO[testName=null, id=82]], FeedbackDTO[id=127, text=null, detailText=The class 'Context' was not found within the submission. Make sure to implement it properly., hasLongFeedbackText=false, reference=null, credits=0.0, positive=false, type=AUTOMATIC, visibility=ALWAYS, testCase=TestCaseDTO[testName=null, id=83]], FeedbackDTO[id=128, text=null, detailText=The exercise expects a class with the name Policy in the package testpackage. You did not implement the class in the exercise., hasLongFeedbackText=false, reference=null, credits=0.0, positive=false, type=AUTOMATIC, visibility=ALWAYS, testCase=TestCaseDTO[testName=null, id=77]], FeedbackDTO[id=129, text=null, detailText=The exercise expects a class with the name Context in the package testpackage. You did not implement the class in the exercise., hasLongFeedbackText=false, reference=null, credits=0.0, positive=false, type=AUTOMATIC, visibility=ALWAYS, testCase=TestCaseDTO[testName=null, id=73]], FeedbackDTO[id=130, text=null, detailText=The exercise expects a class with the name Policy in the package testpackage. You did not implement the class in the exercise., hasLongFeedbackText=false, reference=null, credits=0.0, positive=false, type=AUTOMATIC, visibility=ALWAYS, testCase=TestCaseDTO[testName=null, id=74]], FeedbackDTO[id=131, text=null, detailText=null, hasLongFeedbackText=false, reference=null, credits=3.230769230769231, positive=true, type=AUTOMATIC, visibility=ALWAYS, testCase=TestCaseDTO[testName=null, id=84]], FeedbackDTO[id=132, text=SCAFeedbackIdentifier:Bad Practice, detailText={"filePath":"src/code/Client.java","startLine":6,"endLine":6,"startColumn":1,"endColumn":26,"rule":"UnusedImports","category":"Best Practices","message":"Avoid unused imports such as 'javax.swing.JFrame'","priority":"4"}, hasLongFeedbackText=false, reference=PMD, credits=0.0, positive=false, type=AUTOMATIC, visibility=null, testCase=null], FeedbackDTO[id=133, text=SCAFeedbackIdentifier:Code Style, detailText={"filePath":"src/code/Client.java","startLine":7,"endLine":7,"startColumn":1,"endColumn":19,"rule":"DontImportJavaLang","category":"Code Style","message":"Avoid importing anything from the package java.lang","priority":"4"}, hasLongFeedbackText=false, reference=PMD, credits=0.0, positive=false, type=AUTOMATIC, visibility=null, testCase=null], FeedbackDTO[id=134, text=SCAFeedbackIdentifier:Bad Practice, detailText={"filePath":"src/code/Client.java","startLine":7,"endLine":7,"startColumn":1,"endColumn":19,"rule":"UnusedImports","category":"Best Practices","message":"Avoid unused imports such as 'java.lang'","priority":"4"}, hasLongFeedbackText=false, reference=PMD, credits=0.0, positive=false, type=AUTOMATIC, visibility=null, testCase=null], FeedbackDTO[id=135, text=SCAFeedbackIdentifier:Bad Practice, detailText={"filePath":"src/code/Client.java","startLine":73,"endLine":73,"startColumn":18,"endColumn":27,"rule":"UnusedLocalVariable","category":"Best Practices","message":"Avoid unused local variables such as 'randomDate'.","priority":"3"}, hasLongFeedbackText=false, reference=PMD, credits=0.0, positive=false, type=AUTOMATIC, visibility=null, testCase=null], FeedbackDTO[id=136, text=SCAFeedbackIdentifier:Bad Practice, detailText={"filePath":"src/code/Client.java","startLine":81,"endLine":81,"startColumn":31,"endColumn":53,"rule":"UnusedPrivateMethod","category":"Best Practices","message":"Avoid unused private methods such as 'CreateRandomDatesList()'.","priority":"3"}, hasLongFeedbackText=false, reference=PMD, credits=0.0, positive=false, type=AUTOMATIC, visibility=null, testCase=null], FeedbackDTO[id=137, text=SCAFeedbackIdentifier:Potential Bugs, detailText={"filePath":"src/code/Client.java","startLine":94,"endLine":94,"startColumn":9,"endColumn":9,"rule":"EmptyStatementNotInLoop","category":"Error Prone","message":"An empty statement (semicolon) not part of a loop","priority":"3"}, hasLongFeedbackText=false, reference=PMD, credits=0.0, positive=false, type=AUTOMATIC, visibility=null, testCase=null], FeedbackDTO[id=138, text=SCAFeedbackIdentifier:Potential Bugs, detailText={"filePath":"src/code/Client.java","startLine":94,"endLine":94,"startColumn":10,"endColumn":10,"rule":"EmptyStatementNotInLoop","category":"Error Prone","message":"An empty statement (semicolon) not part of a loop","priority":"3"}, hasLongFeedbackText=false, reference=PMD, credits=0.0, positive=false, type=AUTOMATIC, visibility=null, testCase=null], FeedbackDTO[id=139, text=SCAFeedbackIdentifier:Potential Bugs, detailText={"filePath":"src/code/Client.java","startLine":94,"endLine":94,"startColumn":11,"endColumn":11,"rule":"EmptyStatementNotInLoop","category":"Error Prone","message":"An empty statement (semicolon) not part of a loop","priority":"3"}, hasLongFeedbackText=false, reference=PMD, credits=0.0, positive=false, type=AUTOMATIC, visibility=null, testCase=null], FeedbackDTO[id=140, text=SCAFeedbackIdentifier:Code Style, detailText={"filePath":"src/code/Client.java","startLine":73,"endLine":73,"rule":"DLS_DEAD_LOCAL_STORE","category":"STYLE","message":"Dead store to randomDate in code.Client.createRandomDatesList()","priority":"2"}, hasLongFeedbackText=false, reference=SPOTBUGS, credits=0.0, positive=false, type=AUTOMATIC, visibility=null, testCase=null], FeedbackDTO[id=141, text=SCAFeedbackIdentifier:Bad Practice, detailText={"filePath":"src/code/Client.java","startLine":82,"endLine":95,"rule":"NM_METHOD_NAMING_CONVENTION","category":"BAD_PRACTICE","message":"The method name code.Client.CreateRandomDatesList() doesn't start with a lower case letter","priority":"3"}, hasLongFeedbackText=false, reference=SPOTBUGS, credits=0.0, positive=false, type=AUTOMATIC, visibility=null, testCase=null], FeedbackDTO[id=142, text=SCAFeedbackIdentifier:Performance, detailText={"filePath":"src/code/Client.java","startLine":82,"endLine":95,"rule":"UPM_UNCALLED_PRIVATE_METHOD","category":"PERFORMANCE","message":"Private method code.Client.CreateRandomDatesList() is never called","priority":"2"}, hasLongFeedbackText=false, reference=SPOTBUGS, credits=0.0, positive=false, type=AUTOMATIC, visibility=null, testCase=null], FeedbackDTO[id=143, text=SCAFeedbackIdentifier:Code Style, detailText={"filePath":"src/code/Client.java","startLine":70,"endLine":70,"startColumn":9,"endColumn":9,"rule":"NeedBracesCheck","category":"blocks","message":"'for' construct must use '{}'s.","priority":"error"}, hasLongFeedbackText=false, reference=CHECKSTYLE, credits=0.0, positive=false, type=AUTOMATIC, visibility=null, testCase=null], FeedbackDTO[id=144, text=SCAFeedbackIdentifier:Code Style, detailText={"filePath":"src/code/Client.java","startLine":93,"endLine":93,"startColumn":9,"endColumn":9,"rule":"EmptyStatementCheck","category":"coding","message":"Empty statement.","priority":"error"}, hasLongFeedbackText=false, reference=CHECKSTYLE, credits=0.0, positive=false, type=AUTOMATIC, visibility=null, testCase=null], FeedbackDTO[id=145, text=SCAFeedbackIdentifier:Code Style, detailText={"filePath":"src/code/Client.java","startLine":93,"endLine":93,"startColumn":10,"endColumn":10,"rule":"EmptyStatementCheck","category":"coding","message":"Empty statement.","priority":"error"}, hasLongFeedbackText=false, reference=CHECKSTYLE, credits=0.0, positive=false, type=AUTOMATIC, visibility=null, testCase=null], FeedbackDTO[id=146, text=SCAFeedbackIdentifier:Code Style, detailText={"filePath":"src/code/Client.java","startLine":93,"endLine":93,"startColumn":11,"endColumn":11,"rule":"EmptyStatementCheck","category":"coding","message":"Empty statement.","priority":"error"}, hasLongFeedbackText=false, reference=CHECKSTYLE, credits=0.0, positive=false, type=AUTOMATIC, visibility=null, testCase=null]], assessmentType=AUTOMATIC, hasComplaint=null, exampleResult=null, testCaseCount=13, passedTestCaseCount=1, codeIssueCount=15]], BuildJobQueueItem[id=4821739576584632, name=SHORT433BAC4500363044960B6E10DFA0493471B2TSTEXC-LOCALCIINTSTUDENT1, buildAgent=BuildAgentDTO[name=artemis-build-agent-test, memberAddress=[127.0.0.1]:5703, displayName=artemis-build-agent-test], participationId=482, courseId=154, exerciseId=305, retryCount=0, priority=2, status=SUCCESSFUL, repositoryInfo=RepositoryInfo[repositoryName=short433bac4500363044960b6e10dfa0493471b2tstexc-localciintstudent1, repositoryType=user, triggeredByPushTo=user, assignmentRepositoryUri=http://localhost:49152/git/SHORT433BAC4500363044960B6E10DFA0493471B2TSTEXC/short433bac4500363044960b6e10dfa0493471b2tstexc-localciintstudent1.git, testRepositoryUri=http://localhost:49152/git/SHORT433BAC4500363044960B6E10DFA0493471B2TSTEXC/short433bac4500363044960b6e10dfa0493471b2tstexc-tests.git, solutionRepositoryUri=null, auxiliaryRepositoryUris=[Ljava.lang.String;@6e03d78d, auxiliaryRepositoryCheckoutDirectories=[Ljava.lang.String;@244b9ce9], jobTimingInfo=JobTimingInfo[submissionDate=2025-02-14T23:43:04.632341258Z[Etc/UTC], buildStartDate=2025-02-14T23:43:04.637633457Z[Etc/UTC], buildCompletionDate=2025-02-14T23:43:06.421238953Z[Etc/UTC], estimatedCompletionDate=2025-02-14T23:43:23.637623879Z[Etc/UTC], estimatedDuration=19], buildConfig=BuildConfig[buildScript=#!/bin/bash
cd /var/tmp/testing-dir
chmod +x ./gradlew
./gradlew clean test
, dockerImage=dummy-docker-image:latest, commitHashToBuild=8355c4f3cd5d3e0443707d3310206e460e333c6f, assignmentCommitHash=8355c4f3cd5d3e0443707d3310206e460e333c6f, testCommitHash=8355c4f3cd5d3e0443707d3310206e460e333c6f, branch=main, programmingLanguage=JAVA, projectType=PLAIN_GRADLE, scaEnabled=false, sequentialTestRunsEnabled=false, resultPaths=[/var/tmp/testing-dir/**/test-results/test/*.xml], timeoutSeconds=0, assignmentCheckoutPath=null, testCheckoutPath=null, solutionCheckoutPath=null, dockerRunConfig=null], submissionResult=ResultDTO[id=137, completionDate=2025-02-14T23:43:06.404877412Z[Etc/UTC], successful=false, score=7.7, rated=true, submission=SubmissionDTO[id=125, submitted=true, type=MANUAL, exampleSubmission=null, submissionDate=2025-02-14T23:43:04.623230Z, commitHash=8355c4f3cd5d3e0443707d3310206e460e333c6f, buildFailed=false, buildArtifact=false, participation=ParticipationDTO[id=482, testRun=false, type=programming, submissionCount=null, exercise=ParticipationExerciseDTO[id=305, exerciseType=PROGRAMMING, type=programming, assessmentType=AUTOMATIC, dueDate=2025-02-16T23:43:04.425734Z, assessmentDueDate=null, maxPoints=42.0, course=CourseDTO[id=154, accuracyOfScores=1]]], submissionExerciseType=programming, isProcessing=false, buildStartDate=null, estimatedCompletionDate=null], participation=ParticipationDTO[id=482, testRun=false, type=programming, submissionCount=null, exercise=ParticipationExerciseDTO[id=305, exerciseType=PROGRAMMING, type=programming, assessmentType=AUTOMATIC, dueDate=2025-02-16T23:43:04.425734Z, assessmentDueDate=null, maxPoints=42.0, course=CourseDTO[id=154, accuracyOfScores=1]]], feedbacks=[FeedbackDTO[id=147, text=null, detailText=The exercise expects a class with the name Context in the package testpackage. You did not implement the class in the exercise., hasLongFeedbackText=false, reference=null, credits=0.0, positive=false, type=AUTOMATIC, visibility=ALWAYS, testCase=TestCaseDTO[testName=null, id=104]], FeedbackDTO[id=148, text=null, detailText=The exercise expects a class with the name Policy in the package testpackage. You did not implement the class in the exercise., hasLongFeedbackText=false, reference=null, credits=0.0, positive=false, type=AUTOMATIC, visibility=ALWAYS, testCase=TestCaseDTO[testName=null, id=105]], FeedbackDTO[id=149, text=null, detailText=The exercise expects a class with the name SortStrategy in the package testpackage. You did not implement the class in the exercise., hasLongFeedbackText=false, reference=null, credits=0.0, positive=false, type=AUTOMATIC, visibility=ALWAYS, testCase=TestCaseDTO[testName=null, id=106]], FeedbackDTO[id=150, text=null, detailText=The class 'MergeSort' does not implement the interface 'SortStrategy' as expected. Implement the interface and its methods., hasLongFeedbackText=false, reference=null, credits=0.0, positive=false, type=AUTOMATIC, visibility=ALWAYS, testCase=TestCaseDTO[testName=null, id=101]], FeedbackDTO[id=151, text=null, detailText=The exercise expects a class with the name SortStrategy in the package testpackage. You did not implement the class in the exercise., hasLongFeedbackText=false, reference=null, credits=0.0, positive=false, type=AUTOMATIC, visibility=ALWAYS, testCase=TestCaseDTO[testName=null, id=98]], FeedbackDTO[id=152, text=null, detailText=The class 'BubbleSort' does not implement the interface 'SortStrategy' as expected. Implement the interface and its methods., hasLongFeedbackText=false, reference=null, credits=0.0, positive=false, type=AUTOMATIC, visibility=ALWAYS, testCase=TestCaseDTO[testName=null, id=102]], FeedbackDTO[id=153, text=null, detailText=MergeSort does not sort correctly, hasLongFeedbackText=false, reference=null, credits=0.0, positive=false, type=AUTOMATIC, visibility=ALWAYS, testCase=TestCaseDTO[testName=null, id=107]], FeedbackDTO[id=154, text=null, detailText=The class 'Context' was not found within the submission. Make sure to implement it properly., hasLongFeedbackText=false, reference=null, credits=0.0, positive=false, type=AUTOMATIC, visibility=ALWAYS, testCase=TestCaseDTO[testName=null, id=108]], FeedbackDTO[id=155, text=null, detailText=The class 'Context' was not found within the submission. Make sure to implement it properly., hasLongFeedbackText=false, reference=null, credits=0.0, positive=false, type=AUTOMATIC, visibility=ALWAYS, testCase=TestCaseDTO[testName=null, id=109]], FeedbackDTO[id=156, text=null, detailText=The exercise expects a class with the name Policy in the package testpackage. You did not implement the class in the exercise., hasLongFeedbackText=false, reference=null, credits=0.0, positive=false, type=AUTOMATIC, visibility=ALWAYS, testCase=TestCaseDTO[testName=null, id=103]], FeedbackDTO[id=157, text=null, detailText=The exercise expects a class with the name Context in the package testpackage. You did not implement the class in the exercise., hasLongFeedbackText=false, reference=null, credits=0.0, positive=false, type=AUTOMATIC, visibility=ALWAYS, testCase=TestCaseDTO[testName=null, id=99]], FeedbackDTO[id=158, text=null, detailText=The exercise expects a class with the name Policy in the package testpackage. You did not implement the class in the exercise., hasLongFeedbackText=false, reference=null, credits=0.0, positive=false, type=AUTOMATIC, visibility=ALWAYS, testCase=TestCaseDTO[testName=null, id=100]], FeedbackDTO[id=159, text=null, detailText=null, hasLongFeedbackText=false, reference=null, credits=3.230769230769231, positive=true, type=AUTOMATIC, visibility=ALWAYS, testCase=TestCaseDTO[testName=null, id=110]]], assessmentType=AUTOMATIC, hasComplaint=null, exampleResult=null, testCaseCount=13, passedTestCaseCount=1, codeIssueCount=0]], BuildJobQueueItem[id=4851739576588371, name=SHORT495D587A0856D04A9E08BC60D2E08365FB9ETSTEXC-LOCALCIINTSTUDENT1, buildAgent=BuildAgentDTO[name=artemis-build-agent-test, memberAddress=[127.0.0.1]:5703, displayName=artemis-build-agent-test], participationId=485, courseId=155, exerciseId=306, retryCount=0, priority=2, status=FAILED, repositoryInfo=RepositoryInfo[repositoryName=short495d587a0856d04a9e08bc60d2e08365fb9etstexc-localciintstudent1, repositoryType=user, triggeredByPushTo=user, assignmentRepositoryUri=http://localhost:49152/git/SHORT495D587A0856D04A9E08BC60D2E08365FB9ETSTEXC/short495d587a0856d04a9e08bc60d2e08365fb9etstexc-localciintstudent1.git, testRepositoryUri=http://localhost:49152/git/SHORT495D587A0856D04A9E08BC60D2E08365FB9ETSTEXC/short495d587a0856d04a9e08bc60d2e08365fb9etstexc-tests.git, solutionRepositoryUri=null, auxiliaryRepositoryUris=[Ljava.lang.String;@48301bdd, auxiliaryRepositoryCheckoutDirectories=[Ljava.lang.String;@14f47d6c], jobTimingInfo=JobTimingInfo[submissionDate=2025-02-14T23:43:08.371015915Z[Etc/UTC], buildStartDate=2025-02-14T23:43:08.374658929Z[Etc/UTC], buildCompletionDate=2025-02-14T23:43:09.341007666Z[Etc/UTC], estimatedCompletionDate=2025-02-14T23:43:27.374650503Z[Etc/UTC], estimatedDuration=19], buildConfig=BuildConfig[buildScript=#!/bin/bash
cd /var/tmp/testing-dir
chmod +x ./gradlew
./gradlew clean test
, dockerImage=dummy-docker-image:latest, commitHashToBuild=ebb8aa4dc3625fe07e975266e18313ad871ce864, assignmentCommitHash=9b3a9bd71a0d80e5bbc42204c319ed3d1d4f0d6d, testCommitHash=9b3a9bd71a0d80e5bbc42204c319ed3d1d4f0d6d, branch=main, programmingLanguage=JAVA, projectType=PLAIN_GRADLE, scaEnabled=false, sequentialTestRunsEnabled=false, resultPaths=[/var/tmp/testing-dir/**/test-results/test/*.xml], timeoutSeconds=0, assignmentCheckoutPath=null, testCheckoutPath=null, solutionCheckoutPath=null, dockerRunConfig=null], submissionResult=ResultDTO[id=138, completionDate=2025-02-14T23:43:09.343306574Z[Etc/UTC], successful=false, score=0.0, rated=true, submission=SubmissionDTO[id=127, submitted=true, type=MANUAL, exampleSubmission=null, submissionDate=2025-02-14T23:43:09.343306574Z[Etc/UTC], commitHash=9b3a9bd71a0d80e5bbc42204c319ed3d1d4f0d6d, buildFailed=true, buildArtifact=false, participation=ParticipationDTO[id=485, testRun=false, type=programming, submissionCount=null, exercise=ParticipationExerciseDTO[id=306, exerciseType=PROGRAMMING, type=programming, assessmentType=AUTOMATIC, dueDate=2025-02-16T23:43:08.185273Z, assessmentDueDate=null, maxPoints=42.0, course=CourseDTO[id=155, accuracyOfScores=1]]], submissionExerciseType=programming, isProcessing=false, buildStartDate=null, estimatedCompletionDate=null], participation=ParticipationDTO[id=485, testRun=false, type=programming, submissionCount=null, exercise=ParticipationExerciseDTO[id=306, exerciseType=PROGRAMMING, type=programming, assessmentType=AUTOMATIC, dueDate=2025-02-16T23:43:08.185273Z, assessmentDueDate=null, maxPoints=42.0, course=CourseDTO[id=155, accuracyOfScores=1]]], feedbacks=[], assessmentType=AUTOMATIC, hasComplaint=null, exampleResult=null, testCaseCount=0, passedTestCaseCount=0, codeIssueCount=0]], BuildJobQueueItem[id=4881739576590204, name=SHORT80B5DD0E0D6B304EBB096E9020B949996A1CTSTEXC-LOCALCIINTSTUDENT1, buildAgent=BuildAgentDTO[name=artemis-build-agent-test, memberAddress=[127.0.0.1]:5703, displayName=artemis-build-agent-test], participationId=488, courseId=156, exerciseId=307, retryCount=0, priority=2, status=SUCCESSFUL, repositoryInfo=RepositoryInfo[repositoryName=short80b5dd0e0d6b304ebb096e9020b949996a1ctstexc-localciintstudent1, repositoryType=user, triggeredByPushTo=user, assignmentRepositoryUri=http://localhost:49152/git/SHORT80B5DD0E0D6B304EBB096E9020B949996A1CTSTEXC/short80b5dd0e0d6b304ebb096e9020b949996a1ctstexc-localciintstudent1.git, testRepositoryUri=http://localhost:49152/git/SHORT80B5DD0E0D6B304EBB096E9020B949996A1CTSTEXC/short80b5dd0e0d6b304ebb096e9020b949996a1ctstexc-tests.git, solutionRepositoryUri=null, auxiliaryRepositoryUris=[Ljava.lang.String;@643b7fc0, auxiliaryRepositoryCheckoutDirectories=[Ljava.lang.String;@1cef0b7a], jobTimingInfo=JobTimingInfo[submissionDate=2025-02-14T23:43:10.204264160Z[Etc/UTC], buildStartDate=2025-02-14T23:43:10.223149139Z[Etc/UTC], buildCompletionDate=2025-02-14T23:43:12.086509109Z[Etc/UTC], estimatedCompletionDate=2025-02-14T23:43:29.223142246Z[Etc/UTC], estimatedDuration=19], buildConfig=BuildConfig[buildScript=#!/bin/bash
cd /var/tmp/testing-dir
chmod +x ./gradlew
./gradlew clean test
, dockerImage=dummy-docker-image:latest, commitHashToBuild=b806a93102242552beed7c01b08b2769731814b3, assignmentCommitHash=b806a93102242552beed7c01b08b2769731814b3, testCommitHash=b806a93102242552beed7c01b08b2769731814b3, branch=main, programmingLanguage=JAVA, projectType=PLAIN_GRADLE, scaEnabled=false, sequentialTestRunsEnabled=false, resultPaths=[/var/tmp/testing-dir/**/test-results/test/*.xml], timeoutSeconds=0, assignmentCheckoutPath=null, testCheckoutPath=null, solutionCheckoutPath=null, dockerRunConfig=null], submissionResult=ResultDTO[id=139, completionDate=2025-02-14T23:43:12.066436124Z[Etc/UTC], successful=false, score=0.0, rated=true, submission=SubmissionDTO[id=128, submitted=true, type=MANUAL, exampleSubmission=null, submissionDate=2025-02-14T23:43:10.192407Z, commitHash=b806a93102242552beed7c01b08b2769731814b3, buildFailed=true, buildArtifact=false, participation=ParticipationDTO[id=488, testRun=false, type=programming, submissionCount=null, exercise=ParticipationExerciseDTO[id=307, exerciseType=PROGRAMMING, type=programming, assessmentType=AUTOMATIC, dueDate=2025-02-16T23:43:09.986646Z, assessmentDueDate=null, maxPoints=42.0, course=CourseDTO[id=156, accuracyOfScores=1]]], submissionExerciseType=programming, isProcessing=false, buildStartDate=null, estimatedCompletionDate=null], participation=ParticipationDTO[id=488, testRun=false, type=programming, submissionCount=null, exercise=ParticipationExerciseDTO[id=307, exerciseType=PROGRAMMING, type=programming, assessmentType=AUTOMATIC, dueDate=2025-02-16T23:43:09.986646Z, assessmentDueDate=null, maxPoints=42.0, course=CourseDTO[id=156, accuracyOfScores=1]]], feedbacks=[], assessmentType=AUTOMATIC, hasComplaint=null, exampleResult=null, testCaseCount=0, passedTestCaseCount=0, codeIssueCount=0]], BuildJobQueueItem[id=4911739576593817, name=SHORT585B2198089880462509B3007867E72DFB7ATSTEXC-LOCALCIINTSTUDENT1, buildAgent=BuildAgentDTO[name=artemis-build-agent-test, memberAddress=[127.0.0.1]:5703, displayName=artemis-build-agent-test], participationId=491, courseId=157, exerciseId=308, retryCount=0, priority=2, status=SUCCESSFUL, repositoryInfo=RepositoryInfo[repositoryName=short585b2198089880462509b3007867e72dfb7atstexc-localciintstudent1, repositoryType=user, triggeredByPushTo=user, assignmentRepositoryUri=http://localhost:49152/git/SHORT585B2198089880462509B3007867E72DFB7ATSTEXC/short585b2198089880462509b3007867e72dfb7atstexc-localciintstudent1.git, testRepositoryUri=http://localhost:49152/git/SHORT585B2198089880462509B3007867E72DFB7ATSTEXC/short585b2198089880462509b3007867e72dfb7atstexc-tests.git, solutionRepositoryUri=null, auxiliaryRepositoryUris=[Ljava.lang.String;@54c915c9, auxiliaryRepositoryCheckoutDirectories=[Ljava.lang.String;@63610d21], jobTimingInfo=JobTimingInfo[submissionDate=2025-02-14T23:43:13.817124706Z[Etc/UTC], buildStartDate=2025-02-14T23:43:13.834335931Z[Etc/UTC], buildCompletionDate=2025-02-14T23:43:15.746259139Z[Etc/UTC], estimatedCompletionDate=2025-02-14T23:43:32.834326082Z[Etc/UTC], estimatedDuration=19], buildConfig=BuildConfig[buildScript=#!/bin/bash
cd /var/tmp/testing-dir
chmod +x ./gradlew
./gradlew clean test
, dockerImage=dummy-docker-image:latest, commitHashToBuild=42077d078a5d5042fe2d4bd8299a990d342fce6e, assignmentCommitHash=42077d078a5d5042fe2d4bd8299a990d342fce6e, testCommitHash=42077d078a5d5042fe2d4bd8299a990d342fce6e, branch=main, programmingLanguage=JAVA, projectType=PLAIN_GRADLE, scaEnabled=false, sequentialTestRunsEnabled=false, resultPaths=[/var/tmp/testing-dir/**/test-results/test/*.xml], timeoutSeconds=0, assignmentCheckoutPath=null, testCheckoutPath=null, solutionCheckoutPath=null, dockerRunConfig=null], submissionResult=ResultDTO[id=140, completionDate=2025-02-14T23:43:15.725343914Z[Etc/UTC], successful=false, score=0.0, rated=true, submission=SubmissionDTO[id=129, submitted=true, type=MANUAL, exampleSubmission=null, submissionDate=2025-02-14T23:43:13.805401Z, commitHash=42077d078a5d5042fe2d4bd8299a990d342fce6e, buildFailed=false, buildArtifact=false, participation=ParticipationDTO[id=491, testRun=false, type=programming, submissionCount=null, exercise=ParticipationExerciseDTO[id=308, exerciseType=PROGRAMMING, type=programming, assessmentType=AUTOMATIC, dueDate=2025-02-16T23:43:13.569213Z, assessmentDueDate=null, maxPoints=42.0, course=CourseDTO[id=157, accuracyOfScores=1]]], submissionExerciseType=programming, isProcessing=false, buildStartDate=null, estimatedCompletionDate=null], participation=ParticipationDTO[id=491, testRun=false, type=programming, submissionCount=null, exercise=ParticipationExerciseDTO[id=308, exerciseType=PROGRAMMING, type=programming, assessmentType=AUTOMATIC, dueDate=2025-02-16T23:43:13.569213Z, assessmentDueDate=null, maxPoints=42.0, course=CourseDTO[id=157, accuracyOfScores=1]]], feedbacks=[FeedbackDTO[id=160, text=null, detailText=Deine Einreichung enthält keine Ausgabe. (67cac2), hasLongFeedbackText=false, reference=null, credits=0.0, positive=false, type=AUTOMATIC, visibility=ALWAYS, testCase=TestCaseDTO[testName=null, id=146]], FeedbackDTO[id=161, text=null, detailText=test `add` failed on ≥ 1 cases:
(0, 0)
Your submission raised an error Failure("TODO add"), hasLongFeedbackText=false, reference=null, credits=0.0, positive=false, type=AUTOMATIC, visibility=ALWAYS, testCase=TestCaseDTO[testName=null, id=149]], FeedbackDTO[id=162, text=null, detailText=test `filter` failed on ≥ 1 cases:
(even, [1; 2; 3; 4])
Your submission raised an error Failure("TODO filter"), hasLongFeedbackText=false, reference=null, credits=0.0, positive=false, type=AUTOMATIC, visibility=ALWAYS, testCase=TestCaseDTO[testName=null, id=148]], FeedbackDTO[id=163, text=null, detailText=Test was not executed., hasLongFeedbackText=false, reference=null, credits=0.0, positive=null, type=AUTOMATIC, visibility=null, testCase=TestCaseDTO[testName=null, id=137]], FeedbackDTO[id=164, text=null, detailText=Test was not executed., hasLongFeedbackText=false, reference=null, credits=0.0, positive=null, type=AUTOMATIC, visibility=null, testCase=TestCaseDTO[testName=null, id=138]], FeedbackDTO[id=165, text=null, detailText=Test was not executed., hasLongFeedbackText=false, reference=null, credits=0.0, positive=null, type=AUTOMATIC, visibility=null, testCase=TestCaseDTO[testName=null, id=139]], FeedbackDTO[id=166, text=null, detailText=Test was not executed., hasLongFeedbackText=false, reference=null, credits=0.0, positive=null, type=AUTOMATIC, visibility=null, testCase=TestCaseDTO[testName=null, id=140]], FeedbackDTO[id=167, text=null, detailText=Test was not executed., hasLongFeedbackText=false, reference=null, credits=0.0, positive=null, type=AUTOMATIC, visibility=null, testCase=TestCaseDTO[testName=null, id=141]], FeedbackDTO[id=168, text=null, detailText=Test was not executed., hasLongFeedbackText=false, reference=null, credits=0.0, positive=null, type=AUTOMATIC, visibility=null, testCase=TestCaseDTO[testName=null, id=142]], FeedbackDTO[id=169, text=null, detailText=Test was not executed., hasLongFeedbackText=false, reference=null, credits=0.0, positive=null, type=AUTOMATIC, visibility=null, testCase=TestCaseDTO[testName=null, id=143]], FeedbackDTO[id=170, text=null, detailText=Test was not executed., hasLongFeedbackText=false, reference=null, credits=0.0, positive=null, type=AUTOMATIC, visibility=null, testCase=TestCaseDTO[testName=null, id=144]], FeedbackDTO[id=171, text=null, detailText=Test was not executed., hasLongFeedbackText=false, reference=null, credits=0.0, positive=null, type=AUTOMATIC, visibility=null, testCase=TestCaseDTO[testName=null, id=145]], FeedbackDTO[id=172, text=null, detailText=Test was not executed., hasLongFeedbackText=false, reference=null, credits=0.0, positive=null, type=AUTOMATIC, visibility=null, testCase=TestCaseDTO[testName=null, id=147]]], assessmentType=AUTOMATIC, hasComplaint=null, exampleResult=null, testCaseCount=13, passedTestCaseCount=0, codeIssueCount=0]], BuildJobQueueItem[id=4941739576597286, name=SHORTFBCBD7BF0E6EB0451A080E80FCB407DC1F12TSTEXC-LOCALCIINTSTUDENT1, buildAgent=BuildAgentDTO[name=artemis-build-agent-test, memberAddress=[127.0.0.1]:5703, displayName=artemis-build-agent-test], participationId=494, courseId=158, exerciseId=309, retryCount=0, priority=2, status=SUCCESSFUL, repositoryInfo=RepositoryInfo[repositoryName=shortfbcbd7bf0e6eb0451a080e80fcb407dc1f12tstexc-localciintstudent1, repositoryType=user, triggeredByPushTo=user, assignmentRepositoryUri=http://localhost:49152/git/SHORTFBCBD7BF0E6EB0451A080E80FCB407DC1F12TSTEXC/shortfbcbd7bf0e6eb0451a080e80fcb407dc1f12tstexc-localciintstudent1.git, testRepositoryUri=http://localhost:49152/git/SHORTFBCBD7BF0E6EB0451A080E80FCB407DC1F12TSTEXC/shortfbcbd7bf0e6eb0451a080e80fcb407dc1f12tstexc-tests.git, solutionRepositoryUri=null, auxiliaryRepositoryUris=[Ljava.lang.String;@5c1bbbf2, auxiliaryRepositoryCheckoutDirectories=[Ljava.lang.String;@38cbcfd0], jobTimingInfo=JobTimingInfo[submissionDate=2025-02-14T23:43:17.286977233Z[Etc/UTC], buildStartDate=2025-02-14T23:43:17.293977347Z[Etc/UTC], buildCompletionDate=2025-02-14T23:43:18.740990762Z[Etc/UTC], estimatedCompletionDate=2025-02-14T23:43:36.293970494Z[Etc/UTC], estimatedDuration=19], buildConfig=BuildConfig[buildScript=#!/bin/bash
cd /var/tmp/testing-dir
chmod +x ./gradlew
./gradlew clean test
, dockerImage=dummy-docker-image:latest, commitHashToBuild=4a1af7e8a64e6505c5fc09b9f81ea41af9fcff44, assignmentCommitHash=4a1af7e8a64e6505c5fc09b9f81ea41af9fcff44, testCommitHash=4a1af7e8a64e6505c5fc09b9f81ea41af9fcff44, branch=main, programmingLanguage=JAVA, projectType=PLAIN_GRADLE, scaEnabled=false, sequentialTestRunsEnabled=false, resultPaths=[/var/tmp/testing-dir/**/test-results/test/*.xml], timeoutSeconds=0, assignmentCheckoutPath=null, testCheckoutPath=null, solutionCheckoutPath=null, dockerRunConfig=null], submissionResult=ResultDTO[id=141, completionDate=2025-02-14T23:43:18.729015138Z[Etc/UTC], successful=false, score=0.0, rated=true, submission=SubmissionDTO[id=130, submitted=true, type=MANUAL, exampleSubmission=null, submissionDate=2025-02-14T23:43:17.272936Z, commitHash=4a1af7e8a64e6505c5fc09b9f81ea41af9fcff44, buildFailed=true, buildArtifact=false, participation=ParticipationDTO[id=494, testRun=false, type=programming, submissionCount=null, exercise=ParticipationExerciseDTO[id=309, exerciseType=PROGRAMMING, type=programming, assessmentType=AUTOMATIC, dueDate=2025-02-16T23:43:17.147218Z, assessmentDueDate=null, maxPoints=42.0, course=CourseDTO[id=158, accuracyOfScores=1]]], submissionExerciseType=programming, isProcessing=false, buildStartDate=null, estimatedCompletionDate=null], participation=ParticipationDTO[id=494, testRun=false, type=programming, submissionCount=null, exercise=ParticipationExerciseDTO[id=309, exerciseType=PROGRAMMING, type=programming, assessmentType=AUTOMATIC, dueDate=2025-02-16T23:43:17.147218Z, assessmentDueDate=null, maxPoints=42.0, course=CourseDTO[id=158, accuracyOfScores=1]]], feedbacks=[], assessmentType=AUTOMATIC, hasComplaint=null, exampleResult=null, testCaseCount=0, passedTestCaseCount=0, codeIssueCount=0]], BuildJobQueueItem[id=4971739576599269, name=SHORT52AD57270517204728083260501A19D262D1TSTEXC-LOCALCIINTSTUDENT1, buildAgent=BuildAgentDTO[name=artemis-build-agent-test, memberAddress=[127.0.0.1]:5703, displayName=artemis-build-agent-test], participationId=497, courseId=159, exerciseId=310, retryCount=0, priority=2, status=SUCCESSFUL, repositoryInfo=RepositoryInfo[repositoryName=short52ad57270517204728083260501a19d262d1tstexc-localciintstudent1, repositoryType=user, triggeredByPushTo=user, assignmentRepositoryUri=http://localhost:49152/git/SHORT52AD57270517204728083260501A19D262D1TSTEXC/short52ad57270517204728083260501a19d262d1tstexc-localciintstudent1.git, testRepositoryUri=http://localhost:49152/git/SHORT52AD57270517204728083260501A19D262D1TSTEXC/short52ad57270517204728083260501a19d262d1tstexc-tests.git, solutionRepositoryUri=null, auxiliaryRepositoryUris=[Ljava.lang.String;@2430e25d, auxiliaryRepositoryCheckoutDirectories=[Ljava.lang.String;@4f53ebff], jobTimingInfo=JobTimingInfo[submissionDate=2025-02-14T23:43:19.269997499Z[Etc/UTC], buildStartDate=2025-02-14T23:43:19.277325895Z[Etc/UTC], buildCompletionDate=2025-02-14T23:43:20.497391524Z[Etc/UTC], estimatedCompletionDate=2025-02-14T23:43:38.277310787Z[Etc/UTC], estimatedDuration=19], buildConfig=BuildConfig[buildScript=#!/bin/bash
cd /var/tmp/testing-dir
chmod +x ./gradlew
./gradlew clean test
, dockerImage=dummy-docker-image:latest, commitHashToBuild=9f4f76247a188e9a0f3516a9fbd60e829d53fb05, assignmentCommitHash=9f4f76247a188e9a0f3516a9fbd60e829d53fb05, testCommitHash=9f4f76247a188e9a0f3516a9fbd60e829d53fb05, branch=main, programmingLanguage=JAVA, projectType=PLAIN_GRADLE, scaEnabled=false, sequentialTestRunsEnabled=false, resultPaths=[/var/tmp/testing-dir/**/test-results/test/*.xml], timeoutSeconds=0, assignmentCheckoutPath=null, testCheckoutPath=null, solutionCheckoutPath=null, dockerRunConfig=null], submissionResult=ResultDTO[id=142, completionDate=2025-02-14T23:43:20.484244187Z[Etc/UTC], successful=false, score=7.7, rated=true, submission=SubmissionDTO[id=131, submitted=true, type=MANUAL, exampleSubmission=null, submissionDate=2025-02-14T23:43:19.265464Z, commitHash=9f4f76247a188e9a0f3516a9fbd60e829d53fb05, buildFailed=false, buildArtifact=false, participation=ParticipationDTO[id=497, testRun=false, type=programming, submissionCount=null, exercise=ParticipationExerciseDTO[id=310, exerciseType=PROGRAMMING, type=programming, assessmentType=AUTOMATIC, dueDate=2025-02-16T23:43:19.182228Z, assessmentDueDate=null, maxPoints=42.0, course=CourseDTO[id=159, accuracyOfScores=1]]], submissionExerciseType=programming, isProcessing=false, buildStartDate=null, estimatedCompletionDate=null], participation=ParticipationDTO[id=497, testRun=false, type=programming, submissionCount=null, exercise=ParticipationExerciseDTO[id=310, exerciseType=PROGRAMMING, type=programming, assessmentType=AUTOMATIC, dueDate=2025-02-16T23:43:19.182228Z, assessmentDueDate=null, maxPoints=42.0, course=CourseDTO[id=159, accuracyOfScores=1]]], feedbacks=[FeedbackDTO[id=173, text=null, detailText=The exercise expects a class with the name Context in the package testpackage. You did not implement the class in the exercise., hasLongFeedbackText=false, reference=null, credits=0.0, positive=false, type=AUTOMATIC, visibility=ALWAYS, testCase=TestCaseDTO[testName=null, id=169]], FeedbackDTO[id=174, text=null, detailText=The exercise expects a class with the name Policy in the package testpackage. You did not implement the class in the exercise., hasLongFeedbackText=false, reference=null, credits=0.0, positive=false, type=AUTOMATIC, visibility=ALWAYS, testCase=TestCaseDTO[testName=null, id=170]], FeedbackDTO[id=175, text=null, detailText=The exercise expects a class with the name SortStrategy in the package testpackage. You did not implement the class in the exercise., hasLongFeedbackText=false, reference=null, credits=0.0, positive=false, type=AUTOMATIC, visibility=ALWAYS, testCase=TestCaseDTO[testName=null, id=171]], FeedbackDTO[id=176, text=null, detailText=The class 'MergeSort' does not implement the interface 'SortStrategy' as expected. Implement the interface and its methods., hasLongFeedbackText=false, reference=null, credits=0.0, positive=false, type=AUTOMATIC, visibility=ALWAYS, testCase=TestCaseDTO[testName=null, id=166]], FeedbackDTO[id=177, text=null, detailText=The exercise expects a class with the name SortStrategy in the package testpackage. You did not implement the class in the exercise., hasLongFeedbackText=false, reference=null, credits=0.0, positive=false, type=AUTOMATIC, visibility=ALWAYS, testCase=TestCaseDTO[testName=null, id=163]], FeedbackDTO[id=178, text=null, detailText=The class 'BubbleSort' does not implement the interface 'SortStrategy' as expected. Implement the interface and its methods., hasLongFeedbackText=false, reference=null, credits=0.0, positive=false, type=AUTOMATIC, visibility=ALWAYS, testCase=TestCaseDTO[testName=null, id=167]], FeedbackDTO[id=179, text=null, detailText=MergeSort does not sort correctly, hasLongFeedbackText=false, reference=null, credits=0.0, positive=false, type=AUTOMATIC, visibility=ALWAYS, testCase=TestCaseDTO[testName=null, id=172]], FeedbackDTO[id=180, text=null, detailText=The class 'Context' was not found within the submission. Make sure to implement it properly., hasLongFeedbackText=false, reference=null, credits=0.0, positive=false, type=AUTOMATIC, visibility=ALWAYS, testCase=TestCaseDTO[testName=null, id=173]], FeedbackDTO[id=181, text=null, detailText=The class 'Context' was not found within the submission. Make sure to implement it properly., hasLongFeedbackText=false, reference=null, credits=0.0, positive=false, type=AUTOMATIC, visibility=ALWAYS, testCase=TestCaseDTO[testName=null, id=174]], FeedbackDTO[id=182, text=null, detailText=The exercise expects a class with the name Policy in the package testpackage. You did not implement the class in the exercise., hasLongFeedbackText=false, reference=null, credits=0.0, positive=false, type=AUTOMATIC, visibility=ALWAYS, testCase=TestCaseDTO[testName=null, id=168]], FeedbackDTO[id=183, text=null, detailText=The exercise expects a class with the name Context in the package testpackage. You did not implement the class in the exercise., hasLongFeedbackText=false, reference=null, credits=0.0, positive=false, type=AUTOMATIC, visibility=ALWAYS, testCase=TestCaseDTO[testName=null, id=164]], FeedbackDTO[id=184, text=null, detailText=The exercise expects a class with the name Policy in the package testpackage. You did not implement the class in the exercise., hasLongFeedbackText=false, reference=null, credits=0.0, positive=false, type=AUTOMATIC, visibility=ALWAYS, testCase=TestCaseDTO[testName=null, id=165]], FeedbackDTO[id=185, text=null, detailText=null, hasLongFeedbackText=false, reference=null, credits=3.230769230769231, positive=true, type=AUTOMATIC, visibility=ALWAYS, testCase=TestCaseDTO[testName=null, id=175]]], assessmentType=AUTOMATIC, hasComplaint=null, exampleResult=null, testCaseCount=13, passedTestCaseCount=1, codeIssueCount=0]], BuildJobQueueItem[id=5001739576601035, name=SHORT582B1BDC0A17704D6D0A46800FC19163DA47TSTEXC-LOCALCIINTSTUDENT1, buildAgent=BuildAgentDTO[name=artemis-build-agent-test, memberAddress=[127.0.0.1]:5703, displayName=artemis-build-agent-test], participationId=500, courseId=160, exerciseId=311, retryCount=0, priority=2, status=SUCCESSFUL, repositoryInfo=RepositoryInfo[repositoryName=short582b1bdc0a17704d6d0a46800fc19163da47tstexc-localciintstudent1, repositoryType=user, triggeredByPushTo=user, assignmentRepositoryUri=http://localhost:49152/git/SHORT582B1BDC0A17704D6D0A46800FC19163DA47TSTEXC/short582b1bdc0a17704d6d0a46800fc19163da47tstexc-localciintstudent1.git, testRepositoryUri=http://localhost:49152/git/SHORT582B1BDC0A17704D6D0A46800FC19163DA47TSTEXC/short582b1bdc0a17704d6d0a46800fc19163da47tstexc-tests.git, solutionRepositoryUri=null, auxiliaryRepositoryUris=[Ljava.lang.String;@4e960dcc, auxiliaryRepositoryCheckoutDirectories=[Ljava.lang.String;@28c5fe81], jobTimingInfo=JobTimingInfo[submissionDate=2025-02-14T23:43:21.035120760Z[Etc/UTC], buildStartDate=2025-02-14T23:43:21.040320383Z[Etc/UTC], buildCompletionDate=2025-02-14T23:43:22.581236903Z[Etc/UTC], estimatedCompletionDate=2025-02-14T23:43:40.040312057Z[Etc/UTC], estimatedDuration=19], buildConfig=BuildConfig[buildScript=#!/bin/bash
cd /var/tmp/testing-dir
chmod +x ./gradlew
./gradlew clean test
, dockerImage=dummy-docker-image:latest, commitHashToBuild=887566cf754016f986627cf5c5c365dea16c907f, assignmentCommitHash=887566cf754016f986627cf5c5c365dea16c907f, testCommitHash=6af67146332066e7430917928a4b9b81c43b7c71, branch=main, programmingLanguage=JAVA, projectType=PLAIN_GRADLE, scaEnabled=false, sequentialTestRunsEnabled=false, resultPaths=[/var/tmp/testing-dir/**/test-results/test/*.xml], timeoutSeconds=0, assignmentCheckoutPath=customAssignmentPath, testCheckoutPath=null, solutionCheckoutPath=null, dockerRunConfig=null], submissionResult=ResultDTO[id=143, completionDate=2025-02-14T23:43:22.538158998Z[Etc/UTC], successful=false, score=7.7, rated=true, submission=SubmissionDTO[id=132, submitted=true, type=MANUAL, exampleSubmission=null, submissionDate=2025-02-14T23:43:21.028930Z, commitHash=887566cf754016f986627cf5c5c365dea16c907f, buildFailed=false, buildArtifact=false, participation=ParticipationDTO[id=500, testRun=false, type=programming, submissionCount=null, exercise=ParticipationExerciseDTO[id=311, exerciseType=PROGRAMMING, type=programming, assessmentType=AUTOMATIC, dueDate=2025-02-16T23:43:20.897280Z, assessmentDueDate=null, maxPoints=42.0, course=CourseDTO[id=160, accuracyOfScores=1]]], submissionExerciseType=programming, isProcessing=false, buildStartDate=null, estimatedCompletionDate=null], participation=ParticipationDTO[id=500, testRun=false, type=programming, submissionCount=null, exercise=ParticipationExerciseDTO[id=311, exerciseType=PROGRAMMING, type=programming, assessmentType=AUTOMATIC, dueDate=2025-02-16T23:43:20.897280Z, assessmentDueDate=null, maxPoints=42.0, course=CourseDTO[id=160, accuracyOfScores=1]]], feedbacks=[FeedbackDTO[id=186, text=null, detailText=The exercise expects a class with the name Context in the package testpackage. You did not implement the class in the exercise., hasLongFeedbackText=false, reference=null, credits=0.0, positive=false, type=AUTOMATIC, visibility=ALWAYS, testCase=TestCaseDTO[testName=null, id=182]], FeedbackDTO[id=187, text=null, detailText=The exercise expects a class with the name Policy in the package testpackage. You did not implement the class in the exercise., hasLongFeedbackText=false, reference=null, credits=0.0, positive=false, type=AUTOMATIC, visibility=ALWAYS, testCase=TestCaseDTO[testName=null, id=183]], FeedbackDTO[id=188, text=null, detailText=The exercise expects a class with the name SortStrategy in the package testpackage. You did not implement the class in the exercise., hasLongFeedbackText=false, reference=null, credits=0.0, positive=false, type=AUTOMATIC, visibility=ALWAYS, testCase=TestCaseDTO[testName=null, id=184]], FeedbackDTO[id=189, text=null, detailText=The class 'MergeSort' does not implement the interface 'SortStrategy' as expected. Implement the interface and its methods., hasLongFeedbackText=false, reference=null, credits=0.0, positive=false, type=AUTOMATIC, visibility=ALWAYS, testCase=TestCaseDTO[testName=null, id=179]], FeedbackDTO[id=190, text=null, detailText=The exercise expects a class with the name SortStrategy in the package testpackage. You did not implement the class in the exercise., hasLongFeedbackText=false, reference=null, credits=0.0, positive=false, type=AUTOMATIC, visibility=ALWAYS, testCase=TestCaseDTO[testName=null, id=176]], FeedbackDTO[id=191, text=null, detailText=The class 'BubbleSort' does not implement the interface 'SortStrategy' as expected. Implement the interface and its methods., hasLongFeedbackText=false, reference=null, credits=0.0, positive=false, type=AUTOMATIC, visibility=ALWAYS, testCase=TestCaseDTO[testName=null, id=180]], FeedbackDTO[id=192, text=null, detailText=MergeSort does not sort correctly, hasLongFeedbackText=false, reference=null, credits=0.0, positive=false, type=AUTOMATIC, visibility=ALWAYS, testCase=TestCaseDTO[testName=null, id=185]], FeedbackDTO[id=193, text=null, detailText=The class 'Context' was not found within the submission. Make sure to implement it properly., hasLongFeedbackText=false, reference=null, credits=0.0, positive=false, type=AUTOMATIC, visibility=ALWAYS, testCase=TestCaseDTO[testName=null, id=186]], FeedbackDTO[id=194, text=null, detailText=The class 'Context' was not found within the submission. Make sure to implement it properly., hasLongFeedbackText=false, reference=null, credits=0.0, positive=false, type=AUTOMATIC, visibility=ALWAYS, testCase=TestCaseDTO[testName=null, id=187]], FeedbackDTO[id=195, text=null, detailText=The exercise expects a class with the name Policy in the package testpackage. You did not implement the class in the exercise., hasLongFeedbackText=false, reference=null, credits=0.0, positive=false, type=AUTOMATIC, visibility=ALWAYS, testCase=TestCaseDTO[testName=null, id=181]], FeedbackDTO[id=196, text=null, detailText=The exercise expects a class with the name Context in the package testpackage. You did not implement the class in the exercise., hasLongFeedbackText=false, reference=null, credits=0.0, positive=false, type=AUTOMATIC, visibility=ALWAYS, testCase=TestCaseDTO[testName=null, id=177]], FeedbackDTO[id=197, text=null, detailText=The exercise expects a class with the name Policy in the package testpackage. You did not implement the class in the exercise., hasLongFeedbackText=false, reference=null, credits=0.0, positive=false, type=AUTOMATIC, visibility=ALWAYS, testCase=TestCaseDTO[testName=null, id=178]], FeedbackDTO[id=198, text=null, detailText=null, hasLongFeedbackText=false, reference=null, credits=3.230769230769231, positive=true, type=AUTOMATIC, visibility=ALWAYS, testCase=TestCaseDTO[testName=null, id=188]]], assessmentType=AUTOMATIC, hasComplaint=null, exampleResult=null, testCaseCount=13, passedTestCaseCount=1, codeIssueCount=0]], BuildJobQueueItem[id=5031739576604847, name=SHORT00FA1A240403404C7E097D7007C591BE2AB1TSTEXC-LOCALCIINTSTUDENT1, buildAgent=BuildAgentDTO[name=artemis-build-agent-test, memberAddress=[127.0.0.1]:5703, displayName=artemis-build-agent-test], participationId=503, courseId=161, exerciseId=312, retryCount=0, priority=2, status=FAILED, repositoryInfo=RepositoryInfo[repositoryName=short00fa1a240403404c7e097d7007c591be2ab1tstexc-localciintstudent1, repositoryType=user, triggeredByPushTo=user, assignmentRepositoryUri=http://localhost:49152/git/SHORT00FA1A240403404C7E097D7007C591BE2AB1TSTEXC/short00fa1a240403404c7e097d7007c591be2ab1tstexc-localciintstudent1.git, testRepositoryUri=http://localhost:49152/git/SHORT00FA1A240403404C7E097D7007C591BE2AB1TSTEXC/short00fa1a240403404c7e097d7007c591be2ab1tstexc-tests.git, solutionRepositoryUri=null, auxiliaryRepositoryUris=[Ljava.lang.String;@b44c3ce, auxiliaryRepositoryCheckoutDirectories=[Ljava.lang.String;@5b98dd4a], jobTimingInfo=JobTimingInfo[submissionDate=2025-02-14T23:43:24.847396156Z[Etc/UTC], buildStartDate=2025-02-14T23:43:24.860457211Z[Etc/UTC], buildCompletionDate=2025-02-14T23:43:26.809353681Z[Etc/UTC], estimatedCompletionDate=2025-02-14T23:43:46.860451490Z[Etc/UTC], estimatedDuration=22], buildConfig=BuildConfig[buildScript=#!/bin/bash
cd /var/tmp/testing-dir
chmod +x ./gradlew
./gradlew clean test
, dockerImage=dummy-docker-image:latest, commitHashToBuild=9690714a509af0a98c6790a7e52ee3574c7ef689, assignmentCommitHash=9690714a509af0a98c6790a7e52ee3574c7ef689, testCommitHash=9690714a509af0a98c6790a7e52ee3574c7ef689, branch=main, programmingLanguage=JAVA, projectType=PLAIN_GRADLE, scaEnabled=false, sequentialTestRunsEnabled=false, resultPaths=[/var/tmp/testing-dir/**/test-results/test/*.xml], timeoutSeconds=0, assignmentCheckoutPath=null, testCheckoutPath=null, solutionCheckoutPath=null, dockerRunConfig=null], submissionResult=ResultDTO[id=144, completionDate=2025-02-14T23:43:26.809483684Z[Etc/UTC], successful=false, score=0.0, rated=true, submission=SubmissionDTO[id=133, submitted=true, type=MANUAL, exampleSubmission=null, submissionDate=2025-02-14T23:43:24.841319Z, commitHash=9690714a509af0a98c6790a7e52ee3574c7ef689, buildFailed=true, buildArtifact=false, participation=ParticipationDTO[id=503, testRun=false, type=programming, submissionCount=null, exercise=ParticipationExerciseDTO[id=312, exerciseType=PROGRAMMING, type=programming, assessmentType=AUTOMATIC, dueDate=2025-02-16T23:43:24.571329Z, assessmentDueDate=null, maxPoints=42.0, course=CourseDTO[id=161, accuracyOfScores=1]]], submissionExerciseType=programming, isProcessing=false, buildStartDate=null, estimatedCompletionDate=null], participation=ParticipationDTO[id=503, testRun=false, type=programming, submissionCount=null, exercise=ParticipationExerciseDTO[id=312, exerciseType=PROGRAMMING, type=programming, assessmentType=AUTOMATIC, dueDate=2025-02-16T23:43:24.571329Z, assessmentDueDate=null, maxPoints=42.0, course=CourseDTO[id=161, accuracyOfScores=1]]], feedbacks=[], assessmentType=AUTOMATIC, hasComplaint=null, exampleResult=null, testCaseCount=0, passedTestCaseCount=0, codeIssueCount=0]], BuildJobQueueItem[id=5061739576605250, name=SHORT62C808EE04ECE040740AF7B0CF3AE5F5BEF2TSTEXC-LOCALCIINTSTUDENT1, buildAgent=BuildAgentDTO[name=artemis-build-agent-test, memberAddress=[127.0.0.1]:5703, displayName=artemis-build-agent-test], participationId=506, courseId=162, exerciseId=313, retryCount=0, priority=2, status=SUCCESSFUL, repositoryInfo=RepositoryInfo[repositoryName=short62c808ee04ece040740af7b0cf3ae5f5bef2tstexc-localciintstudent1, repositoryType=user, triggeredByPushTo=user, assignmentRepositoryUri=http://localhost:49152/git/SHORT62C808EE04ECE040740AF7B0CF3AE5F5BEF2TSTEXC/short62c808ee04ece040740af7b0cf3ae5f5bef2tstexc-localciintstudent1.git, testRepositoryUri=http://localhost:49152/git/SHORT62C808EE04ECE040740AF7B0CF3AE5F5BEF2TSTEXC/short62c808ee04ece040740af7b0cf3ae5f5bef2tstexc-tests.git, solutionRepositoryUri=null, auxiliaryRepositoryUris=[Ljava.lang.String;@259e5398, auxiliaryRepositoryCheckoutDirectories=[Ljava.lang.String;@2228905c], jobTimingInfo=JobTimingInfo[submissionDate=2025-02-14T23:43:25.250749866Z[Etc/UTC], buildStartDate=2025-02-14T23:43:26.820713075Z[Etc/UTC], buildCompletionDate=2025-02-14T23:43:28.304236378Z[Etc/UTC], estimatedCompletionDate=2025-02-14T23:43:45.820704920Z[Etc/UTC], estimatedDuration=19], buildConfig=BuildConfig[buildScript=#!/bin/bash
cd /var/tmp/testing-dir
chmod +x ./gradlew
./gradlew clean test
, dockerImage=dummy-docker-image:latest, commitHashToBuild=993b6f756e3e52a44d0537d4fa3a5d0e0acdbe89, assignmentCommitHash=993b6f756e3e52a44d0537d4fa3a5d0e0acdbe89, testCommitHash=993b6f756e3e52a44d0537d4fa3a5d0e0acdbe89, branch=main, programmingLanguage=JAVA, projectType=null, scaEnabled=false, sequentialTestRunsEnabled=false, resultPaths=[/var/tmp/testing-dir/**/test-results/test/*.xml], timeoutSeconds=0, assignmentCheckoutPath=null, testCheckoutPath=null, solutionCheckoutPath=null, dockerRunConfig=null], submissionResult=null]], publicSshKey=ssh-rsa AAAAB3NzaC1yc2EAAAADAQABAAACAQCOPdMsxRE2jFJ/UEa5/LsBxtwzJcrh3/rYBCQvcMeVpiRfhzQPWu7mrt/G2Ew+i+vRloGH9aqKg6dd1liRncao53Zmd/ePxoatXePNhmzTfkCkcSkTUz7B+QMjkoDDV5jwuFPD6mF3JkhuzSi64n9Zy905t4w2IhVcjM2mL3eYNjiCXt6Qpq3Pkt7dM/Ksw1nxnvuiIALuJLB3FTkXkHqq3PJav+9HSq2r6ZaWgekneaGxlQlb+U+Vy3XOuArKAzK8c8i+0bR+AHiTG6ncYXt7ax3U+TdlDTF7OLP3umwaYjs1NBXOHwG42pevvpKn2fqavZZozk+M05jXLx3bq0O7itxfErWc7etky8qYPyyIMF/txQIVLd78+Ze4d7Y60t5MGbXM5cGE6fFif5fEJwgswXD+BrG0cafz1CTatjSKFdvp8Vp4VszXhHDan1PrP6JEFJ5Cc5GDmLRZPCFa3vL9f5qXgf4bkqKN8MYeEujwJE5nMRWoiJVNakix2bcrrneQMBlnYeYZVWXXXUusAQBzl4NgddC1umZpihZkL1b1MffZAUW3EGEXi7KHnllQhkTLLsQ8ntMgbylqaJKStqaXlLvdeRJcEnUuiFCrHEVVbXRFZR7XVDZ02CE5o3MuaRPty8Kh+jRTF3COlAckHwYEJCNNJvXFgb2CNXL4mjzYDw== test@localhost]
    23:43:28.375 | 566 localvc.event-13 | DEBUG | s.l.LocalCIWebsocketMessagingService : Sending message on topic /topic/admin/build-agents: [BuildAgentInformation[buildAgent=BuildAgentDTO[name=artemis-build-agent-test, memberAddress=[127.0.0.1]:5703, displayName=artemis-build-agent-test], maxNumberOfConcurrentBuildJobs=1, numberOfCurrentBuildJobs=0, runningBuildJobs=[], status=IDLE, recentBuildJobs=null, publicSshKey=null]]
    23:43:28.377 | 132 Pool-1-worker-47 | DEBUG | d.t.c.a.a.c.w.AnswerMessageResource  : createAnswerMessage took 9.20ms
    23:43:28.378 | 566 localvc.event-13 | DEBUG | s.l.LocalCIWebsocketMessagingService : Sending message on topic /topic/admin/build-agent/artemis-build-agent-test: BuildAgentInformation[buildAgent=BuildAgentDTO[name=artemis-build-agent-test, memberAddress=[127.0.0.1]:5703, displayName=artemis-build-agent-test], maxNumberOfConcurrentBuildJobs=1, numberOfCurrentBuildJobs=0, runningBuildJobs=[], status=IDLE, recentBuildJobs=[BuildJobQueueItem[id=4621739576562326, name=SHORT43ACF76B02BC1044B80938509D14043FABDETSTEXC-LOCALCIINTSTUDENT1, buildAgent=BuildAgentDTO[name=artemis-build-agent-test, memberAddress=[127.0.0.1]:5703, displayName=artemis-build-agent-test], participationId=462, courseId=147, exerciseId=298, retryCount=0, priority=2, status=SUCCESSFUL, repositoryInfo=RepositoryInfo[repositoryName=short43acf76b02bc1044b80938509d14043fabdetstexc-localciintstudent1, repositoryType=user, triggeredByPushTo=user, assignmentRepositoryUri=http://localhost:49152/git/SHORT43ACF76B02BC1044B80938509D14043FABDETSTEXC/short43acf76b02bc1044b80938509d14043fabdetstexc-localciintstudent1.git, testRepositoryUri=http://localhost:49152/git/SHORT43ACF76B02BC1044B80938509D14043FABDETSTEXC/short43acf76b02bc1044b80938509d14043fabdetstexc-tests.git, solutionRepositoryUri=null, auxiliaryRepositoryUris=[Ljava.lang.String;@45e50005, auxiliaryRepositoryCheckoutDirectories=[Ljava.lang.String;@23a9d295], jobTimingInfo=JobTimingInfo[submissionDate=2025-02-14T23:42:42.326978596Z[Etc/UTC], buildStartDate=2025-02-14T23:42:42.420147010Z[Etc/UTC], buildCompletionDate=2025-02-14T23:42:45.573855829Z[Etc/UTC], estimatedCompletionDate=2025-02-14T23:43:01.420129377Z[Etc/UTC], estimatedDuration=19], buildConfig=BuildConfig[buildScript=#!/bin/bash
cd /var/tmp/testing-dir
chmod +x ./gradlew
./gradlew clean test
, dockerImage=dummy-docker-image:latest, commitHashToBuild=a9c717ccf7bcbe9531d3eee21dbaeb5aab2ff971, assignmentCommitHash=a9c717ccf7bcbe9531d3eee21dbaeb5aab2ff971, testCommitHash=a9c717ccf7bcbe9531d3eee21dbaeb5aab2ff971, branch=main, programmingLanguage=JAVA, projectType=PLAIN_GRADLE, scaEnabled=false, sequentialTestRunsEnabled=false, resultPaths=[/var/tmp/testing-dir/**/test-results/test/*.xml], timeoutSeconds=0, assignmentCheckoutPath=null, testCheckoutPath=null, solutionCheckoutPath=null, dockerRunConfig=DockerRunConfig[isNetworkDisabled=true, env=[key=value]]], submissionResult=ResultDTO[id=132, completionDate=2025-02-14T23:42:45.519869118Z[Etc/UTC], successful=false, score=7.7, rated=true, submission=SubmissionDTO[id=119, submitted=true, type=MANUAL, exampleSubmission=null, submissionDate=2025-02-14T23:42:42.302762Z, commitHash=a9c717ccf7bcbe9531d3eee21dbaeb5aab2ff971, buildFailed=false, buildArtifact=false, participation=ParticipationDTO[id=462, testRun=false, type=programming, submissionCount=null, exercise=ParticipationExerciseDTO[id=298, exerciseType=PROGRAMMING, type=programming, assessmentType=AUTOMATIC, dueDate=2025-02-16T23:42:41.553955Z, assessmentDueDate=null, maxPoints=42.0, course=CourseDTO[id=147, accuracyOfScores=1]]], submissionExerciseType=programming, isProcessing=false, buildStartDate=null, estimatedCompletionDate=null], participation=ParticipationDTO[id=462, testRun=false, type=programming, submissionCount=null, exercise=ParticipationExerciseDTO[id=298, exerciseType=PROGRAMMING, type=programming, assessmentType=AUTOMATIC, dueDate=2025-02-16T23:42:41.553955Z, assessmentDueDate=null, maxPoints=42.0, course=CourseDTO[id=147, accuracyOfScores=1]]], feedbacks=[FeedbackDTO[id=67, text=null, detailText=The exercise expects a class with the name Context in the package testpackage. You did not implement the class in the exercise., hasLongFeedbackText=false, reference=null, credits=0.0, positive=false, type=AUTOMATIC, visibility=ALWAYS, testCase=TestCaseDTO[testName=null, id=13]], FeedbackDTO[id=68, text=null, detailText=The exercise expects a class with the name Policy in the package testpackage. You did not implement the class in the exercise., hasLongFeedbackText=false, reference=null, credits=0.0, positive=false, type=AUTOMATIC, visibility=ALWAYS, testCase=TestCaseDTO[testName=null, id=14]], FeedbackDTO[id=69, text=null, detailText=The exercise expects a class with the name SortStrategy in the package testpackage. You did not implement the class in the exercise., hasLongFeedbackText=false, reference=null, credits=0.0, positive=false, type=AUTOMATIC, visibility=ALWAYS, testCase=TestCaseDTO[testName=null, id=15]], FeedbackDTO[id=70, text=null, detailText=The class 'MergeSort' does not implement the interface 'SortStrategy' as expected. Implement the interface and its methods., hasLongFeedbackText=false, reference=null, credits=0.0, positive=false, type=AUTOMATIC, visibility=ALWAYS, testCase=TestCaseDTO[testName=null, id=10]], FeedbackDTO[id=71, text=null, detailText=The exercise expects a class with the name SortStrategy in the package testpackage. You did not implement the class in the exercise., hasLongFeedbackText=false, reference=null, credits=0.0, positive=false, type=AUTOMATIC, visibility=ALWAYS, testCase=TestCaseDTO[testName=null, id=7]], FeedbackDTO[id=72, text=null, detailText=The class 'BubbleSort' does not implement the interface 'SortStrategy' as expected. Implement the interface and its methods., hasLongFeedbackText=false, reference=null, credits=0.0, positive=false, type=AUTOMATIC, visibility=ALWAYS, testCase=TestCaseDTO[testName=null, id=11]], FeedbackDTO[id=73, text=null, detailText=MergeSort does not sort correctly, hasLongFeedbackText=false, reference=null, credits=0.0, positive=false, type=AUTOMATIC, visibility=ALWAYS, testCase=TestCaseDTO[testName=null, id=16]], FeedbackDTO[id=74, text=null, detailText=The class 'Context' was not found within the submission. Make sure to implement it properly., hasLongFeedbackText=false, reference=null, credits=0.0, positive=false, type=AUTOMATIC, visibility=ALWAYS, testCase=TestCaseDTO[testName=null, id=17]], FeedbackDTO[id=75, text=null, detailText=The class 'Context' was not found within the submission. Make sure to implement it properly., hasLongFeedbackText=false, reference=null, credits=0.0, positive=false, type=AUTOMATIC, visibility=ALWAYS, testCase=TestCaseDTO[testName=null, id=18]], FeedbackDTO[id=76, text=null, detailText=The exercise expects a class with the name Policy in the package testpackage. You did not implement the class in the exercise., hasLongFeedbackText=false, reference=null, credits=0.0, positive=false, type=AUTOMATIC, visibility=ALWAYS, testCase=TestCaseDTO[testName=null, id=12]], FeedbackDTO[id=77, text=null, detailText=The exercise expects a class with the name Context in the package testpackage. You did not implement the class in the exercise., hasLongFeedbackText=false, reference=null, credits=0.0, positive=false, type=AUTOMATIC, visibility=ALWAYS, testCase=TestCaseDTO[testName=null, id=8]], FeedbackDTO[id=78, text=null, detailText=The exercise expects a class with the name Policy in the package testpackage. You did not implement the class in the exercise., hasLongFeedbackText=false, reference=null, credits=0.0, positive=false, type=AUTOMATIC, visibility=ALWAYS, testCase=TestCaseDTO[testName=null, id=9]], FeedbackDTO[id=79, text=null, detailText=null, hasLongFeedbackText=false, reference=null, credits=3.230769230769231, positive=true, type=AUTOMATIC, visibility=ALWAYS, testCase=TestCaseDTO[testName=null, id=19]]], assessmentType=AUTOMATIC, hasComplaint=null, exampleResult=null, testCaseCount=13, passedTestCaseCount=1, codeIssueCount=0]], BuildJobQueueItem[id=4651739576569330, name=SHORTB06DD3F905F4604F6E085260D83ED657A6DFTSTEXC-LOCALCIINTSTUDENT1, buildAgent=BuildAgentDTO[name=artemis-build-agent-test, memberAddress=[127.0.0.1]:5703, displayName=artemis-build-agent-test], participationId=465, courseId=148, exerciseId=299, retryCount=0, priority=2, status=SUCCESSFUL, repositoryInfo=RepositoryInfo[repositoryName=shortb06dd3f905f4604f6e085260d83ed657a6dftstexc-localciintstudent1, repositoryType=user, triggeredByPushTo=user, assignmentRepositoryUri=http://localhost:49152/git/SHORTB06DD3F905F4604F6E085260D83ED657A6DFTSTEXC/shortb06dd3f905f4604f6e085260d83ed657a6dftstexc-localciintstudent1.git, testRepositoryUri=http://localhost:49152/git/SHORTB06DD3F905F4604F6E085260D83ED657A6DFTSTEXC/shortb06dd3f905f4604f6e085260d83ed657a6dftstexc-tests.git, solutionRepositoryUri=null, auxiliaryRepositoryUris=[Ljava.lang.String;@57e9bfc9, auxiliaryRepositoryCheckoutDirectories=[Ljava.lang.String;@41d54cbf], jobTimingInfo=JobTimingInfo[submissionDate=2025-02-14T23:42:49.330093960Z[Etc/UTC], buildStartDate=2025-02-14T23:42:49.347797345Z[Etc/UTC], buildCompletionDate=2025-02-14T23:42:51.204319751Z[Etc/UTC], estimatedCompletionDate=2025-02-14T23:43:08.347788449Z[Etc/UTC], estimatedDuration=19], buildConfig=BuildConfig[buildScript=#!/bin/bash
cd /var/tmp/testing-dir
chmod +x ./gradlew
./gradlew clean test
, dockerImage=dummy-docker-image:latest, commitHashToBuild=41581fff25954d36cf07586926ee0c77d1003131, assignmentCommitHash=41581fff25954d36cf07586926ee0c77d1003131, testCommitHash=41581fff25954d36cf07586926ee0c77d1003131, branch=main, programmingLanguage=JAVA, projectType=PLAIN_GRADLE, scaEnabled=false, sequentialTestRunsEnabled=false, resultPaths=[/var/tmp/testing-dir/**/test-results/test/*.xml], timeoutSeconds=0, assignmentCheckoutPath=null, testCheckoutPath=null, solutionCheckoutPath=null, dockerRunConfig=null], submissionResult=ResultDTO[id=133, completionDate=2025-02-14T23:42:51.155372920Z[Etc/UTC], successful=false, score=7.7, rated=true, submission=SubmissionDTO[id=120, submitted=true, type=MANUAL, exampleSubmission=null, submissionDate=2025-02-14T23:42:49.321855Z, commitHash=41581fff25954d36cf07586926ee0c77d1003131, buildFailed=false, buildArtifact=false, participation=ParticipationDTO[id=465, testRun=false, type=programming, submissionCount=null, exercise=ParticipationExerciseDTO[id=299, exerciseType=PROGRAMMING, type=programming, assessmentType=AUTOMATIC, dueDate=2025-02-16T23:42:49.163661Z, assessmentDueDate=null, maxPoints=42.0, course=CourseDTO[id=148, accuracyOfScores=1]]], submissionExerciseType=programming, isProcessing=false, buildStartDate=null, estimatedCompletionDate=null], participation=ParticipationDTO[id=465, testRun=false, type=programming, submissionCount=null, exercise=ParticipationExerciseDTO[id=299, exerciseType=PROGRAMMING, type=programming, assessmentType=AUTOMATIC, dueDate=2025-02-16T23:42:49.163661Z, assessmentDueDate=null, maxPoints=42.0, course=CourseDTO[id=148, accuracyOfScores=1]]], feedbacks=[FeedbackDTO[id=80, text=null, detailText=The exercise expects a class with the name Context in the package testpackage. You did not implement the class in the exercise., hasLongFeedbackText=false, reference=null, credits=0.0, positive=false, type=AUTOMATIC, visibility=ALWAYS, testCase=TestCaseDTO[testName=null, id=26]], FeedbackDTO[id=81, text=null, detailText=The exercise expects a class with the name Policy in the package testpackage. You did not implement the class in the exercise., hasLongFeedbackText=false, reference=null, credits=0.0, positive=false, type=AUTOMATIC, visibility=ALWAYS, testCase=TestCaseDTO[testName=null, id=27]], FeedbackDTO[id=82, text=null, detailText=The exercise expects a class with the name SortStrategy in the package testpackage. You did not implement the class in the exercise., hasLongFeedbackText=false, reference=null, credits=0.0, positive=false, type=AUTOMATIC, visibility=ALWAYS, testCase=TestCaseDTO[testName=null, id=28]], FeedbackDTO[id=83, text=null, detailText=The class 'MergeSort' does not implement the interface 'SortStrategy' as expected. Implement the interface and its methods., hasLongFeedbackText=false, reference=null, credits=0.0, positive=false, type=AUTOMATIC, visibility=ALWAYS, testCase=TestCaseDTO[testName=null, id=23]], FeedbackDTO[id=84, text=null, detailText=The exercise expects a class with the name SortStrategy in the package testpackage. You did not implement the class in the exercise., hasLongFeedbackText=false, reference=null, credits=0.0, positive=false, type=AUTOMATIC, visibility=ALWAYS, testCase=TestCaseDTO[testName=null, id=20]], FeedbackDTO[id=85, text=null, detailText=The class 'BubbleSort' does not implement the interface 'SortStrategy' as expected. Implement the interface and its methods., hasLongFeedbackText=false, reference=null, credits=0.0, positive=false, type=AUTOMATIC, visibility=ALWAYS, testCase=TestCaseDTO[testName=null, id=24]], FeedbackDTO[id=86, text=null, detailText=MergeSort does not sort correctly, hasLongFeedbackText=false, reference=null, credits=0.0, positive=false, type=AUTOMATIC, visibility=ALWAYS, testCase=TestCaseDTO[testName=null, id=29]], FeedbackDTO[id=87, text=null, detailText=The class 'Context' was not found within the submission. Make sure to implement it properly., hasLongFeedbackText=false, reference=null, credits=0.0, positive=false, type=AUTOMATIC, visibility=ALWAYS, testCase=TestCaseDTO[testName=null, id=30]], FeedbackDTO[id=88, text=null, detailText=The class 'Context' was not found within the submission. Make sure to implement it properly., hasLongFeedbackText=false, reference=null, credits=0.0, positive=false, type=AUTOMATIC, visibility=ALWAYS, testCase=TestCaseDTO[testName=null, id=31]], FeedbackDTO[id=89, text=null, detailText=The exercise expects a class with the name Policy in the package testpackage. You did not implement the class in the exercise., hasLongFeedbackText=false, reference=null, credits=0.0, positive=false, type=AUTOMATIC, visibility=ALWAYS, testCase=TestCaseDTO[testName=null, id=25]], FeedbackDTO[id=90, text=null, detailText=The exercise expects a class with the name Context in the package testpackage. You did not implement the class in the exercise., hasLongFeedbackText=false, reference=null, credits=0.0, positive=false, type=AUTOMATIC, visibility=ALWAYS, testCase=TestCaseDTO[testName=null, id=21]], FeedbackDTO[id=91, text=null, detailText=The exercise expects a class with the name Policy in the package testpackage. You did not implement the class in the exercise., hasLongFeedbackText=false, reference=null, credits=0.0, positive=false, type=AUTOMATIC, visibility=ALWAYS, testCase=TestCaseDTO[testName=null, id=22]], FeedbackDTO[id=92, text=null, detailText=null, hasLongFeedbackText=false, reference=null, credits=3.230769230769231, positive=true, type=AUTOMATIC, visibility=ALWAYS, testCase=TestCaseDTO[testName=null, id=32]]], assessmentType=AUTOMATIC, hasComplaint=null, exampleResult=null, testCaseCount=13, passedTestCaseCount=1, codeIssueCount=0]], BuildJobQueueItem[id=4681739576573068, name=SHORTBCF65534040390488B0A46605F5F3776B89ATSTEXC-LOCALCIINTSTUDENT1, buildAgent=BuildAgentDTO[name=artemis-build-agent-test, memberAddress=[127.0.0.1]:5703, displayName=artemis-build-agent-test], participationId=468, courseId=149, exerciseId=300, retryCount=0, priority=2, status=SUCCESSFUL, repositoryInfo=RepositoryInfo[repositoryName=shortbcf65534040390488b0a46605f5f3776b89atstexc-localciintstudent1, repositoryType=user, triggeredByPushTo=user, assignmentRepositoryUri=http://localhost:49152/git/SHORTBCF65534040390488B0A46605F5F3776B89ATSTEXC/shortbcf65534040390488b0a46605f5f3776b89atstexc-localciintstudent1.git, testRepositoryUri=http://localhost:49152/git/SHORTBCF65534040390488B0A46605F5F3776B89ATSTEXC/shortbcf65534040390488b0a46605f5f3776b89atstexc-tests.git, solutionRepositoryUri=null, auxiliaryRepositoryUris=[Ljava.lang.String;@2c5d99a8, auxiliaryRepositoryCheckoutDirectories=[Ljava.lang.String;@418dcbcc], jobTimingInfo=JobTimingInfo[submissionDate=2025-02-14T23:42:53.068019209Z[Etc/UTC], buildStartDate=2025-02-14T23:42:53.092867394Z[Etc/UTC], buildCompletionDate=2025-02-14T23:42:55.086950323Z[Etc/UTC], estimatedCompletionDate=2025-02-14T23:43:12.092858828Z[Etc/UTC], estimatedDuration=19], buildConfig=BuildConfig[buildScript=#!/bin/bash
cd /var/tmp/testing-dir
chmod +x ./gradlew
./gradlew clean test
, dockerImage=dummy-docker-image:latest, commitHashToBuild=2d5c0482fc77d3f5ec0841962528a43054e83170, assignmentCommitHash=2d5c0482fc77d3f5ec0841962528a43054e83170, testCommitHash=7477e25d56ce5fee2c938542a7e7ed4ed085d373, branch=main, programmingLanguage=JAVA, projectType=PLAIN_GRADLE, scaEnabled=false, sequentialTestRunsEnabled=false, resultPaths=[/var/tmp/testing-dir/**/test-results/test/*.xml], timeoutSeconds=0, assignmentCheckoutPath=null, testCheckoutPath=null, solutionCheckoutPath=null, dockerRunConfig=null], submissionResult=ResultDTO[id=134, completionDate=2025-02-14T23:42:55.059618627Z[Etc/UTC], successful=false, score=7.7, rated=true, submission=SubmissionDTO[id=121, submitted=true, type=MANUAL, exampleSubmission=null, submissionDate=2025-02-14T23:42:53.048221Z, commitHash=2d5c0482fc77d3f5ec0841962528a43054e83170, buildFailed=false, buildArtifact=false, participation=ParticipationDTO[id=468, testRun=false, type=programming, submissionCount=null, exercise=ParticipationExerciseDTO[id=300, exerciseType=PROGRAMMING, type=programming, assessmentType=AUTOMATIC, dueDate=2025-02-16T23:42:52.873722Z, assessmentDueDate=null, maxPoints=42.0, course=CourseDTO[id=149, accuracyOfScores=1]]], submissionExerciseType=programming, isProcessing=false, buildStartDate=null, estimatedCompletionDate=null], participation=ParticipationDTO[id=468, testRun=false, type=programming, submissionCount=null, exercise=ParticipationExerciseDTO[id=300, exerciseType=PROGRAMMING, type=programming, assessmentType=AUTOMATIC, dueDate=2025-02-16T23:42:52.873722Z, assessmentDueDate=null, maxPoints=42.0, course=CourseDTO[id=149, accuracyOfScores=1]]], feedbacks=[FeedbackDTO[id=93, text=null, detailText=The exercise expects a class with the name Context in the package testpackage. You did not implement the class in the exercise., hasLongFeedbackText=false, reference=null, credits=0.0, positive=false, type=AUTOMATIC, visibility=ALWAYS, testCase=TestCaseDTO[testName=null, id=39]], FeedbackDTO[id=94, text=null, detailText=The exercise expects a class with the name Policy in the package testpackage. You did not implement the class in the exercise., hasLongFeedbackText=false, reference=null, credits=0.0, positive=false, type=AUTOMATIC, visibility=ALWAYS, testCase=TestCaseDTO[testName=null, id=40]], FeedbackDTO[id=95, text=null, detailText=The exercise expects a class with the name SortStrategy in the package testpackage. You did not implement the class in the exercise., hasLongFeedbackText=false, reference=null, credits=0.0, positive=false, type=AUTOMATIC, visibility=ALWAYS, testCase=TestCaseDTO[testName=null, id=41]], FeedbackDTO[id=96, text=null, detailText=The class 'MergeSort' does not implement the interface 'SortStrategy' as expected. Implement the interface and its methods., hasLongFeedbackText=false, reference=null, credits=0.0, positive=false, type=AUTOMATIC, visibility=ALWAYS, testCase=TestCaseDTO[testName=null, id=36]], FeedbackDTO[id=97, text=null, detailText=The exercise expects a class with the name SortStrategy in the package testpackage. You did not implement the class in the exercise., hasLongFeedbackText=false, reference=null, credits=0.0, positive=false, type=AUTOMATIC, visibility=ALWAYS, testCase=TestCaseDTO[testName=null, id=33]], FeedbackDTO[id=98, text=null, detailText=The class 'BubbleSort' does not implement the interface 'SortStrategy' as expected. Implement the interface and its methods., hasLongFeedbackText=false, reference=null, credits=0.0, positive=false, type=AUTOMATIC, visibility=ALWAYS, testCase=TestCaseDTO[testName=null, id=37]], FeedbackDTO[id=99, text=null, detailText=MergeSort does not sort correctly, hasLongFeedbackText=false, reference=null, credits=0.0, positive=false, type=AUTOMATIC, visibility=ALWAYS, testCase=TestCaseDTO[testName=null, id=42]], FeedbackDTO[id=100, text=null, detailText=The class 'Context' was not found within the submission. Make sure to implement it properly., hasLongFeedbackText=false, reference=null, credits=0.0, positive=false, type=AUTOMATIC, visibility=ALWAYS, testCase=TestCaseDTO[testName=null, id=43]], FeedbackDTO[id=101, text=null, detailText=The class 'Context' was not found within the submission. Make sure to implement it properly., hasLongFeedbackText=false, reference=null, credits=0.0, positive=false, type=AUTOMATIC, visibility=ALWAYS, testCase=TestCaseDTO[testName=null, id=44]], FeedbackDTO[id=102, text=null, detailText=The exercise expects a class with the name Policy in the package testpackage. You did not implement the class in the exercise., hasLongFeedbackText=false, reference=null, credits=0.0, positive=false, type=AUTOMATIC, visibility=ALWAYS, testCase=TestCaseDTO[testName=null, id=38]], FeedbackDTO[id=103, text=null, detailText=The exercise expects a class with the name Context in the package testpackage. You did not implement the class in the exercise., hasLongFeedbackText=false, reference=null, credits=0.0, positive=false, type=AUTOMATIC, visibility=ALWAYS, testCase=TestCaseDTO[testName=null, id=34]], FeedbackDTO[id=104, text=null, detailText=The exercise expects a class with the name Policy in the package testpackage. You did not implement the class in the exercise., hasLongFeedbackText=false, reference=null, credits=0.0, positive=false, type=AUTOMATIC, visibility=ALWAYS, testCase=TestCaseDTO[testName=null, id=35]], FeedbackDTO[id=105, text=null, detailText=null, hasLongFeedbackText=false, reference=null, credits=3.230769230769231, positive=true, type=AUTOMATIC, visibility=ALWAYS, testCase=TestCaseDTO[testName=null, id=45]]], assessmentType=AUTOMATIC, hasComplaint=null, exampleResult=null, testCaseCount=13, passedTestCaseCount=1, codeIssueCount=0]], BuildJobQueueItem[id=4741739576577297, name=SHORT88A9A223023E2047B709E4A029FA08BCF2CFTSTEXC-LOCALCIINTSTUDENT1, buildAgent=BuildAgentDTO[name=artemis-build-agent-test, memberAddress=[127.0.0.1]:5703, displayName=artemis-build-agent-test], participationId=474, courseId=151, exerciseId=302, retryCount=0, priority=2, status=SUCCESSFUL, repositoryInfo=RepositoryInfo[repositoryName=short88a9a223023e2047b709e4a029fa08bcf2cftstexc-localciintstudent1, repositoryType=user, triggeredByPushTo=user, assignmentRepositoryUri=http://localhost:49152/git/SHORT88A9A223023E2047B709E4A029FA08BCF2CFTSTEXC/short88a9a223023e2047b709e4a029fa08bcf2cftstexc-localciintstudent1.git, testRepositoryUri=http://localhost:49152/git/SHORT88A9A223023E2047B709E4A029FA08BCF2CFTSTEXC/short88a9a223023e2047b709e4a029fa08bcf2cftstexc-tests.git, solutionRepositoryUri=null, auxiliaryRepositoryUris=[Ljava.lang.String;@5b0023c3, auxiliaryRepositoryCheckoutDirectories=[Ljava.lang.String;@30db3ca8], jobTimingInfo=JobTimingInfo[submissionDate=2025-02-14T23:42:57.297342281Z[Etc/UTC], buildStartDate=2025-02-14T23:42:57.308570327Z[Etc/UTC], buildCompletionDate=2025-02-14T23:42:59.047616654Z[Etc/UTC], estimatedCompletionDate=2025-02-14T23:43:16.308558064Z[Etc/UTC], estimatedDuration=19], buildConfig=BuildConfig[buildScript=#!/bin/bash
cd /var/tmp/testing-dir
chmod +x ./gradlew
./gradlew clean test
, dockerImage=dummy-docker-image:latest, commitHashToBuild=736cbea1e46d6849b41266b2bf1cccd3b9ea55b1, assignmentCommitHash=736cbea1e46d6849b41266b2bf1cccd3b9ea55b1, testCommitHash=ea6267edd396a304305339b036512b63e0374c66, branch=main, programmingLanguage=JAVA, projectType=PLAIN_GRADLE, scaEnabled=false, sequentialTestRunsEnabled=false, resultPaths=[/var/tmp/testing-dir/**/test-results/test/*.xml], timeoutSeconds=0, assignmentCheckoutPath=null, testCheckoutPath=null, solutionCheckoutPath=null, dockerRunConfig=null], submissionResult=ResultDTO[id=135, completionDate=2025-02-14T23:42:59.014168821Z[Etc/UTC], successful=false, score=7.7, rated=true, submission=SubmissionDTO[id=123, submitted=true, type=MANUAL, exampleSubmission=null, submissionDate=2025-02-14T23:42:57.278471Z, commitHash=736cbea1e46d6849b41266b2bf1cccd3b9ea55b1, buildFailed=false, buildArtifact=false, participation=ParticipationDTO[id=474, testRun=false, type=programming, submissionCount=null, exercise=ParticipationExerciseDTO[id=302, exerciseType=PROGRAMMING, type=programming, assessmentType=AUTOMATIC, dueDate=2025-02-16T23:42:56.796251Z, assessmentDueDate=null, maxPoints=42.0, course=CourseDTO[id=151, accuracyOfScores=1]]], submissionExerciseType=programming, isProcessing=false, buildStartDate=null, estimatedCompletionDate=null], participation=ParticipationDTO[id=474, testRun=false, type=programming, submissionCount=null, exercise=ParticipationExerciseDTO[id=302, exerciseType=PROGRAMMING, type=programming, assessmentType=AUTOMATIC, dueDate=2025-02-16T23:42:56.796251Z, assessmentDueDate=null, maxPoints=42.0, course=CourseDTO[id=151, accuracyOfScores=1]]], feedbacks=[FeedbackDTO[id=106, text=null, detailText=The exercise expects a class with the name Context in the package testpackage. You did not implement the class in the exercise., hasLongFeedbackText=false, reference=null, credits=0.0, positive=false, type=AUTOMATIC, visibility=ALWAYS, testCase=TestCaseDTO[testName=null, id=65]], FeedbackDTO[id=107, text=null, detailText=The exercise expects a class with the name Policy in the package testpackage. You did not implement the class in the exercise., hasLongFeedbackText=false, reference=null, credits=0.0, positive=false, type=AUTOMATIC, visibility=ALWAYS, testCase=TestCaseDTO[testName=null, id=66]], FeedbackDTO[id=108, text=null, detailText=The exercise expects a class with the name SortStrategy in the package testpackage. You did not implement the class in the exercise., hasLongFeedbackText=false, reference=null, credits=0.0, positive=false, type=AUTOMATIC, visibility=ALWAYS, testCase=TestCaseDTO[testName=null, id=67]], FeedbackDTO[id=109, text=null, detailText=The class 'MergeSort' does not implement the interface 'SortStrategy' as expected. Implement the interface and its methods., hasLongFeedbackText=false, reference=null, credits=0.0, positive=false, type=AUTOMATIC, visibility=ALWAYS, testCase=TestCaseDTO[testName=null, id=62]], FeedbackDTO[id=110, text=null, detailText=The exercise expects a class with the name SortStrategy in the package testpackage. You did not implement the class in the exercise., hasLongFeedbackText=false, reference=null, credits=0.0, positive=false, type=AUTOMATIC, visibility=ALWAYS, testCase=TestCaseDTO[testName=null, id=59]], FeedbackDTO[id=111, text=null, detailText=The class 'BubbleSort' does not implement the interface 'SortStrategy' as expected. Implement the interface and its methods., hasLongFeedbackText=false, reference=null, credits=0.0, positive=false, type=AUTOMATIC, visibility=ALWAYS, testCase=TestCaseDTO[testName=null, id=63]], FeedbackDTO[id=112, text=null, detailText=MergeSort does not sort correctly, hasLongFeedbackText=false, reference=null, credits=0.0, positive=false, type=AUTOMATIC, visibility=ALWAYS, testCase=TestCaseDTO[testName=null, id=68]], FeedbackDTO[id=113, text=null, detailText=The class 'Context' was not found within the submission. Make sure to implement it properly., hasLongFeedbackText=false, reference=null, credits=0.0, positive=false, type=AUTOMATIC, visibility=ALWAYS, testCase=TestCaseDTO[testName=null, id=69]], FeedbackDTO[id=114, text=null, detailText=The class 'Context' was not found within the submission. Make sure to implement it properly., hasLongFeedbackText=false, reference=null, credits=0.0, positive=false, type=AUTOMATIC, visibility=ALWAYS, testCase=TestCaseDTO[testName=null, id=70]], FeedbackDTO[id=115, text=null, detailText=The exercise expects a class with the name Policy in the package testpackage. You did not implement the class in the exercise., hasLongFeedbackText=false, reference=null, credits=0.0, positive=false, type=AUTOMATIC, visibility=ALWAYS, testCase=TestCaseDTO[testName=null, id=64]], FeedbackDTO[id=116, text=null, detailText=The exercise expects a class with the name Context in the package testpackage. You did not implement the class in the exercise., hasLongFeedbackText=false, reference=null, credits=0.0, positive=false, type=AUTOMATIC, visibility=ALWAYS, testCase=TestCaseDTO[testName=null, id=60]], FeedbackDTO[id=117, text=null, detailText=The exercise expects a class with the name Policy in the package testpackage. You did not implement the class in the exercise., hasLongFeedbackText=false, reference=null, credits=0.0, positive=false, type=AUTOMATIC, visibility=ALWAYS, testCase=TestCaseDTO[testName=null, id=61]], FeedbackDTO[id=118, text=null, detailText=null, hasLongFeedbackText=false, reference=null, credits=3.230769230769231, positive=true, type=AUTOMATIC, visibility=ALWAYS, testCase=TestCaseDTO[testName=null, id=71]]], assessmentType=AUTOMATIC, hasComplaint=null, exampleResult=null, testCaseCount=13, passedTestCaseCount=1, codeIssueCount=0]], BuildJobQueueItem[id=4771739576580898, name=SHORT51E611E30D6B60466F0B8BA0AA97F58888C2TSTEXC-LOCALCIINTSTUDENT1, buildAgent=BuildAgentDTO[name=artemis-build-agent-test, memberAddress=[127.0.0.1]:5703, displayName=artemis-build-agent-test], participationId=477, courseId=152, exerciseId=303, retryCount=0, priority=2, status=SUCCESSFUL, repositoryInfo=RepositoryInfo[repositoryName=short51e611e30d6b60466f0b8ba0aa97f58888c2tstexc-localciintstudent1, repositoryType=user, triggeredByPushTo=user, assignmentRepositoryUri=http://localhost:49152/git/SHORT51E611E30D6B60466F0B8BA0AA97F58888C2TSTEXC/short51e611e30d6b60466f0b8ba0aa97f58888c2tstexc-localciintstudent1.git, testRepositoryUri=http://localhost:49152/git/SHORT51E611E30D6B60466F0B8BA0AA97F58888C2TSTEXC/short51e611e30d6b60466f0b8ba0aa97f58888c2tstexc-tests.git, solutionRepositoryUri=null, auxiliaryRepositoryUris=[Ljava.lang.String;@700b63c2, auxiliaryRepositoryCheckoutDirectories=[Ljava.lang.String;@5ff705a4], jobTimingInfo=JobTimingInfo[submissionDate=2025-02-14T23:43:00.898532688Z[Etc/UTC], buildStartDate=2025-02-14T23:43:00.905733056Z[Etc/UTC], buildCompletionDate=2025-02-14T23:43:02.692768910Z[Etc/UTC], estimatedCompletionDate=2025-02-14T23:43:19.905720463Z[Etc/UTC], estimatedDuration=19], buildConfig=BuildConfig[buildScript=#!/bin/bash
cd /var/tmp/testing-dir
chmod +x ./gradlew
./gradlew clean test
, dockerImage=dummy-docker-image:latest, commitHashToBuild=8f3057cbd462f5e3de4e6ba85115f60d8dbb5aea, assignmentCommitHash=8f3057cbd462f5e3de4e6ba85115f60d8dbb5aea, testCommitHash=8f3057cbd462f5e3de4e6ba85115f60d8dbb5aea, branch=main, programmingLanguage=JAVA, projectType=PLAIN_GRADLE, scaEnabled=true, sequentialTestRunsEnabled=false, resultPaths=[/var/tmp/testing-dir/**/test-results/test/*.xml], timeoutSeconds=0, assignmentCheckoutPath=null, testCheckoutPath=null, solutionCheckoutPath=null, dockerRunConfig=null], submissionResult=ResultDTO[id=136, completionDate=2025-02-14T23:43:02.637820510Z[Etc/UTC], successful=false, score=7.7, rated=true, submission=SubmissionDTO[id=124, submitted=true, type=MANUAL, exampleSubmission=null, submissionDate=2025-02-14T23:43:00.886601Z, commitHash=8f3057cbd462f5e3de4e6ba85115f60d8dbb5aea, buildFailed=false, buildArtifact=false, participation=ParticipationDTO[id=477, testRun=false, type=programming, submissionCount=null, exercise=ParticipationExerciseDTO[id=303, exerciseType=PROGRAMMING, type=programming, assessmentType=AUTOMATIC, dueDate=2025-02-16T23:43:00.631824Z, assessmentDueDate=null, maxPoints=42.0, course=CourseDTO[id=152, accuracyOfScores=1]]], submissionExerciseType=programming, isProcessing=false, buildStartDate=null, estimatedCompletionDate=null], participation=ParticipationDTO[id=477, testRun=false, type=programming, submissionCount=null, exercise=ParticipationExerciseDTO[id=303, exerciseType=PROGRAMMING, type=programming, assessmentType=AUTOMATIC, dueDate=2025-02-16T23:43:00.631824Z, assessmentDueDate=null, maxPoints=42.0, course=CourseDTO[id=152, accuracyOfScores=1]]], feedbacks=[FeedbackDTO[id=119, text=null, detailText=The exercise expects a class with the name Context in the package testpackage. You did not implement the class in the exercise., hasLongFeedbackText=false, reference=null, credits=0.0, positive=false, type=AUTOMATIC, visibility=ALWAYS, testCase=TestCaseDTO[testName=null, id=78]], FeedbackDTO[id=120, text=null, detailText=The exercise expects a class with the name Policy in the package testpackage. You did not implement the class in the exercise., hasLongFeedbackText=false, reference=null, credits=0.0, positive=false, type=AUTOMATIC, visibility=ALWAYS, testCase=TestCaseDTO[testName=null, id=79]], FeedbackDTO[id=121, text=null, detailText=The exercise expects a class with the name SortStrategy in the package testpackage. You did not implement the class in the exercise., hasLongFeedbackText=false, reference=null, credits=0.0, positive=false, type=AUTOMATIC, visibility=ALWAYS, testCase=TestCaseDTO[testName=null, id=80]], FeedbackDTO[id=122, text=null, detailText=The class 'MergeSort' does not implement the interface 'SortStrategy' as expected. Implement the interface and its methods., hasLongFeedbackText=false, reference=null, credits=0.0, positive=false, type=AUTOMATIC, visibility=ALWAYS, testCase=TestCaseDTO[testName=null, id=75]], FeedbackDTO[id=123, text=null, detailText=The exercise expects a class with the name SortStrategy in the package testpackage. You did not implement the class in the exercise., hasLongFeedbackText=false, reference=null, credits=0.0, positive=false, type=AUTOMATIC, visibility=ALWAYS, testCase=TestCaseDTO[testName=null, id=72]], FeedbackDTO[id=124, text=null, detailText=The class 'BubbleSort' does not implement the interface 'SortStrategy' as expected. Implement the interface and its methods., hasLongFeedbackText=false, reference=null, credits=0.0, positive=false, type=AUTOMATIC, visibility=ALWAYS, testCase=TestCaseDTO[testName=null, id=76]], FeedbackDTO[id=125, text=null, detailText=MergeSort does not sort correctly, hasLongFeedbackText=false, reference=null, credits=0.0, positive=false, type=AUTOMATIC, visibility=ALWAYS, testCase=TestCaseDTO[testName=null, id=81]], FeedbackDTO[id=126, text=null, detailText=The class 'Context' was not found within the submission. Make sure to implement it properly., hasLongFeedbackText=false, reference=null, credits=0.0, positive=false, type=AUTOMATIC, visibility=ALWAYS, testCase=TestCaseDTO[testName=null, id=82]], FeedbackDTO[id=127, text=null, detailText=The class 'Context' was not found within the submission. Make sure to implement it properly., hasLongFeedbackText=false, reference=null, credits=0.0, positive=false, type=AUTOMATIC, visibility=ALWAYS, testCase=TestCaseDTO[testName=null, id=83]], FeedbackDTO[id=128, text=null, detailText=The exercise expects a class with the name Policy in the package testpackage. You did not implement the class in the exercise., hasLongFeedbackText=false, reference=null, credits=0.0, positive=false, type=AUTOMATIC, visibility=ALWAYS, testCase=TestCaseDTO[testName=null, id=77]], FeedbackDTO[id=129, text=null, detailText=The exercise expects a class with the name Context in the package testpackage. You did not implement the class in the exercise., hasLongFeedbackText=false, reference=null, credits=0.0, positive=false, type=AUTOMATIC, visibility=ALWAYS, testCase=TestCaseDTO[testName=null, id=73]], FeedbackDTO[id=130, text=null, detailText=The exercise expects a class with the name Policy in the package testpackage. You did not implement the class in the exercise., hasLongFeedbackText=false, reference=null, credits=0.0, positive=false, type=AUTOMATIC, visibility=ALWAYS, testCase=TestCaseDTO[testName=null, id=74]], FeedbackDTO[id=131, text=null, detailText=null, hasLongFeedbackText=false, reference=null, credits=3.230769230769231, positive=true, type=AUTOMATIC, visibility=ALWAYS, testCase=TestCaseDTO[testName=null, id=84]], FeedbackDTO[id=132, text=SCAFeedbackIdentifier:Bad Practice, detailText={"filePath":"src/code/Client.java","startLine":6,"endLine":6,"startColumn":1,"endColumn":26,"rule":"UnusedImports","category":"Best Practices","message":"Avoid unused imports such as 'javax.swing.JFrame'","priority":"4"}, hasLongFeedbackText=false, reference=PMD, credits=0.0, positive=false, type=AUTOMATIC, visibility=null, testCase=null], FeedbackDTO[id=133, text=SCAFeedbackIdentifier:Code Style, detailText={"filePath":"src/code/Client.java","startLine":7,"endLine":7,"startColumn":1,"endColumn":19,"rule":"DontImportJavaLang","category":"Code Style","message":"Avoid importing anything from the package java.lang","priority":"4"}, hasLongFeedbackText=false, reference=PMD, credits=0.0, positive=false, type=AUTOMATIC, visibility=null, testCase=null], FeedbackDTO[id=134, text=SCAFeedbackIdentifier:Bad Practice, detailText={"filePath":"src/code/Client.java","startLine":7,"endLine":7,"startColumn":1,"endColumn":19,"rule":"UnusedImports","category":"Best Practices","message":"Avoid unused imports such as 'java.lang'","priority":"4"}, hasLongFeedbackText=false, reference=PMD, credits=0.0, positive=false, type=AUTOMATIC, visibility=null, testCase=null], FeedbackDTO[id=135, text=SCAFeedbackIdentifier:Bad Practice, detailText={"filePath":"src/code/Client.java","startLine":73,"endLine":73,"startColumn":18,"endColumn":27,"rule":"UnusedLocalVariable","category":"Best Practices","message":"Avoid unused local variables such as 'randomDate'.","priority":"3"}, hasLongFeedbackText=false, reference=PMD, credits=0.0, positive=false, type=AUTOMATIC, visibility=null, testCase=null], FeedbackDTO[id=136, text=SCAFeedbackIdentifier:Bad Practice, detailText={"filePath":"src/code/Client.java","startLine":81,"endLine":81,"startColumn":31,"endColumn":53,"rule":"UnusedPrivateMethod","category":"Best Practices","message":"Avoid unused private methods such as 'CreateRandomDatesList()'.","priority":"3"}, hasLongFeedbackText=false, reference=PMD, credits=0.0, positive=false, type=AUTOMATIC, visibility=null, testCase=null], FeedbackDTO[id=137, text=SCAFeedbackIdentifier:Potential Bugs, detailText={"filePath":"src/code/Client.java","startLine":94,"endLine":94,"startColumn":9,"endColumn":9,"rule":"EmptyStatementNotInLoop","category":"Error Prone","message":"An empty statement (semicolon) not part of a loop","priority":"3"}, hasLongFeedbackText=false, reference=PMD, credits=0.0, positive=false, type=AUTOMATIC, visibility=null, testCase=null], FeedbackDTO[id=138, text=SCAFeedbackIdentifier:Potential Bugs, detailText={"filePath":"src/code/Client.java","startLine":94,"endLine":94,"startColumn":10,"endColumn":10,"rule":"EmptyStatementNotInLoop","category":"Error Prone","message":"An empty statement (semicolon) not part of a loop","priority":"3"}, hasLongFeedbackText=false, reference=PMD, credits=0.0, positive=false, type=AUTOMATIC, visibility=null, testCase=null], FeedbackDTO[id=139, text=SCAFeedbackIdentifier:Potential Bugs, detailText={"filePath":"src/code/Client.java","startLine":94,"endLine":94,"startColumn":11,"endColumn":11,"rule":"EmptyStatementNotInLoop","category":"Error Prone","message":"An empty statement (semicolon) not part of a loop","priority":"3"}, hasLongFeedbackText=false, reference=PMD, credits=0.0, positive=false, type=AUTOMATIC, visibility=null, testCase=null], FeedbackDTO[id=140, text=SCAFeedbackIdentifier:Code Style, detailText={"filePath":"src/code/Client.java","startLine":73,"endLine":73,"rule":"DLS_DEAD_LOCAL_STORE","category":"STYLE","message":"Dead store to randomDate in code.Client.createRandomDatesList()","priority":"2"}, hasLongFeedbackText=false, reference=SPOTBUGS, credits=0.0, positive=false, type=AUTOMATIC, visibility=null, testCase=null], FeedbackDTO[id=141, text=SCAFeedbackIdentifier:Bad Practice, detailText={"filePath":"src/code/Client.java","startLine":82,"endLine":95,"rule":"NM_METHOD_NAMING_CONVENTION","category":"BAD_PRACTICE","message":"The method name code.Client.CreateRandomDatesList() doesn't start with a lower case letter","priority":"3"}, hasLongFeedbackText=false, reference=SPOTBUGS, credits=0.0, positive=false, type=AUTOMATIC, visibility=null, testCase=null], FeedbackDTO[id=142, text=SCAFeedbackIdentifier:Performance, detailText={"filePath":"src/code/Client.java","startLine":82,"endLine":95,"rule":"UPM_UNCALLED_PRIVATE_METHOD","category":"PERFORMANCE","message":"Private method code.Client.CreateRandomDatesList() is never called","priority":"2"}, hasLongFeedbackText=false, reference=SPOTBUGS, credits=0.0, positive=false, type=AUTOMATIC, visibility=null, testCase=null], FeedbackDTO[id=143, text=SCAFeedbackIdentifier:Code Style, detailText={"filePath":"src/code/Client.java","startLine":70,"endLine":70,"startColumn":9,"endColumn":9,"rule":"NeedBracesCheck","category":"blocks","message":"'for' construct must use '{}'s.","priority":"error"}, hasLongFeedbackText=false, reference=CHECKSTYLE, credits=0.0, positive=false, type=AUTOMATIC, visibility=null, testCase=null], FeedbackDTO[id=144, text=SCAFeedbackIdentifier:Code Style, detailText={"filePath":"src/code/Client.java","startLine":93,"endLine":93,"startColumn":9,"endColumn":9,"rule":"EmptyStatementCheck","category":"coding","message":"Empty statement.","priority":"error"}, hasLongFeedbackText=false, reference=CHECKSTYLE, credits=0.0, positive=false, type=AUTOMATIC, visibility=null, testCase=null], FeedbackDTO[id=145, text=SCAFeedbackIdentifier:Code Style, detailText={"filePath":"src/code/Client.java","startLine":93,"endLine":93,"startColumn":10,"endColumn":10,"rule":"EmptyStatementCheck","category":"coding","message":"Empty statement.","priority":"error"}, hasLongFeedbackText=false, reference=CHECKSTYLE, credits=0.0, positive=false, type=AUTOMATIC, visibility=null, testCase=null], FeedbackDTO[id=146, text=SCAFeedbackIdentifier:Code Style, detailText={"filePath":"src/code/Client.java","startLine":93,"endLine":93,"startColumn":11,"endColumn":11,"rule":"EmptyStatementCheck","category":"coding","message":"Empty statement.","priority":"error"}, hasLongFeedbackText=false, reference=CHECKSTYLE, credits=0.0, positive=false, type=AUTOMATIC, visibility=null, testCase=null]], assessmentType=AUTOMATIC, hasComplaint=null, exampleResult=null, testCaseCount=13, passedTestCaseCount=1, codeIssueCount=15]], BuildJobQueueItem[id=4821739576584632, name=SHORT433BAC4500363044960B6E10DFA0493471B2TSTEXC-LOCALCIINTSTUDENT1, buildAgent=BuildAgentDTO[name=artemis-build-agent-test, memberAddress=[127.0.0.1]:5703, displayName=artemis-build-agent-test], participationId=482, courseId=154, exerciseId=305, retryCount=0, priority=2, status=SUCCESSFUL, repositoryInfo=RepositoryInfo[repositoryName=short433bac4500363044960b6e10dfa0493471b2tstexc-localciintstudent1, repositoryType=user, triggeredByPushTo=user, assignmentRepositoryUri=http://localhost:49152/git/SHORT433BAC4500363044960B6E10DFA0493471B2TSTEXC/short433bac4500363044960b6e10dfa0493471b2tstexc-localciintstudent1.git, testRepositoryUri=http://localhost:49152/git/SHORT433BAC4500363044960B6E10DFA0493471B2TSTEXC/short433bac4500363044960b6e10dfa0493471b2tstexc-tests.git, solutionRepositoryUri=null, auxiliaryRepositoryUris=[Ljava.lang.String;@5333ba2, auxiliaryRepositoryCheckoutDirectories=[Ljava.lang.String;@6c6479d0], jobTimingInfo=JobTimingInfo[submissionDate=2025-02-14T23:43:04.632341258Z[Etc/UTC], buildStartDate=2025-02-14T23:43:04.637633457Z[Etc/UTC], buildCompletionDate=2025-02-14T23:43:06.421238953Z[Etc/UTC], estimatedCompletionDate=2025-02-14T23:43:23.637623879Z[Etc/UTC], estimatedDuration=19], buildConfig=BuildConfig[buildScript=#!/bin/bash
cd /var/tmp/testing-dir
chmod +x ./gradlew
./gradlew clean test
, dockerImage=dummy-docker-image:latest, commitHashToBuild=8355c4f3cd5d3e0443707d3310206e460e333c6f, assignmentCommitHash=8355c4f3cd5d3e0443707d3310206e460e333c6f, testCommitHash=8355c4f3cd5d3e0443707d3310206e460e333c6f, branch=main, programmingLanguage=JAVA, projectType=PLAIN_GRADLE, scaEnabled=false, sequentialTestRunsEnabled=false, resultPaths=[/var/tmp/testing-dir/**/test-results/test/*.xml], timeoutSeconds=0, assignmentCheckoutPath=null, testCheckoutPath=null, solutionCheckoutPath=null, dockerRunConfig=null], submissionResult=ResultDTO[id=137, completionDate=2025-02-14T23:43:06.404877412Z[Etc/UTC], successful=false, score=7.7, rated=true, submission=SubmissionDTO[id=125, submitted=true, type=MANUAL, exampleSubmission=null, submissionDate=2025-02-14T23:43:04.623230Z, commitHash=8355c4f3cd5d3e0443707d3310206e460e333c6f, buildFailed=false, buildArtifact=false, participation=ParticipationDTO[id=482, testRun=false, type=programming, submissionCount=null, exercise=ParticipationExerciseDTO[id=305, exerciseType=PROGRAMMING, type=programming, assessmentType=AUTOMATIC, dueDate=2025-02-16T23:43:04.425734Z, assessmentDueDate=null, maxPoints=42.0, course=CourseDTO[id=154, accuracyOfScores=1]]], submissionExerciseType=programming, isProcessing=false, buildStartDate=null, estimatedCompletionDate=null], participation=ParticipationDTO[id=482, testRun=false, type=programming, submissionCount=null, exercise=ParticipationExerciseDTO[id=305, exerciseType=PROGRAMMING, type=programming, assessmentType=AUTOMATIC, dueDate=2025-02-16T23:43:04.425734Z, assessmentDueDate=null, maxPoints=42.0, course=CourseDTO[id=154, accuracyOfScores=1]]], feedbacks=[FeedbackDTO[id=147, text=null, detailText=The exercise expects a class with the name Context in the package testpackage. You did not implement the class in the exercise., hasLongFeedbackText=false, reference=null, credits=0.0, positive=false, type=AUTOMATIC, visibility=ALWAYS, testCase=TestCaseDTO[testName=null, id=104]], FeedbackDTO[id=148, text=null, detailText=The exercise expects a class with the name Policy in the package testpackage. You did not implement the class in the exercise., hasLongFeedbackText=false, reference=null, credits=0.0, positive=false, type=AUTOMATIC, visibility=ALWAYS, testCase=TestCaseDTO[testName=null, id=105]], FeedbackDTO[id=149, text=null, detailText=The exercise expects a class with the name SortStrategy in the package testpackage. You did not implement the class in the exercise., hasLongFeedbackText=false, reference=null, credits=0.0, positive=false, type=AUTOMATIC, visibility=ALWAYS, testCase=TestCaseDTO[testName=null, id=106]], FeedbackDTO[id=150, text=null, detailText=The class 'MergeSort' does not implement the interface 'SortStrategy' as expected. Implement the interface and its methods., hasLongFeedbackText=false, reference=null, credits=0.0, positive=false, type=AUTOMATIC, visibility=ALWAYS, testCase=TestCaseDTO[testName=null, id=101]], FeedbackDTO[id=151, text=null, detailText=The exercise expects a class with the name SortStrategy in the package testpackage. You did not implement the class in the exercise., hasLongFeedbackText=false, reference=null, credits=0.0, positive=false, type=AUTOMATIC, visibility=ALWAYS, testCase=TestCaseDTO[testName=null, id=98]], FeedbackDTO[id=152, text=null, detailText=The class 'BubbleSort' does not implement the interface 'SortStrategy' as expected. Implement the interface and its methods., hasLongFeedbackText=false, reference=null, credits=0.0, positive=false, type=AUTOMATIC, visibility=ALWAYS, testCase=TestCaseDTO[testName=null, id=102]], FeedbackDTO[id=153, text=null, detailText=MergeSort does not sort correctly, hasLongFeedbackText=false, reference=null, credits=0.0, positive=false, type=AUTOMATIC, visibility=ALWAYS, testCase=TestCaseDTO[testName=null, id=107]], FeedbackDTO[id=154, text=null, detailText=The class 'Context' was not found within the submission. Make sure to implement it properly., hasLongFeedbackText=false, reference=null, credits=0.0, positive=false, type=AUTOMATIC, visibility=ALWAYS, testCase=TestCaseDTO[testName=null, id=108]], FeedbackDTO[id=155, text=null, detailText=The class 'Context' was not found within the submission. Make sure to implement it properly., hasLongFeedbackText=false, reference=null, credits=0.0, positive=false, type=AUTOMATIC, visibility=ALWAYS, testCase=TestCaseDTO[testName=null, id=109]], FeedbackDTO[id=156, text=null, detailText=The exercise expects a class with the name Policy in the package testpackage. You did not implement the class in the exercise., hasLongFeedbackText=false, reference=null, credits=0.0, positive=false, type=AUTOMATIC, visibility=ALWAYS, testCase=TestCaseDTO[testName=null, id=103]], FeedbackDTO[id=157, text=null, detailText=The exercise expects a class with the name Context in the package testpackage. You did not implement the class in the exercise., hasLongFeedbackText=false, reference=null, credits=0.0, positive=false, type=AUTOMATIC, visibility=ALWAYS, testCase=TestCaseDTO[testName=null, id=99]], FeedbackDTO[id=158, text=null, detailText=The exercise expects a class with the name Policy in the package testpackage. You did not implement the class in the exercise., hasLongFeedbackText=false, reference=null, credits=0.0, positive=false, type=AUTOMATIC, visibility=ALWAYS, testCase=TestCaseDTO[testName=null, id=100]], FeedbackDTO[id=159, text=null, detailText=null, hasLongFeedbackText=false, reference=null, credits=3.230769230769231, positive=true, type=AUTOMATIC, visibility=ALWAYS, testCase=TestCaseDTO[testName=null, id=110]]], assessmentType=AUTOMATIC, hasComplaint=null, exampleResult=null, testCaseCount=13, passedTestCaseCount=1, codeIssueCount=0]], BuildJobQueueItem[id=4851739576588371, name=SHORT495D587A0856D04A9E08BC60D2E08365FB9ETSTEXC-LOCALCIINTSTUDENT1, buildAgent=BuildAgentDTO[name=artemis-build-agent-test, memberAddress=[127.0.0.1]:5703, displayName=artemis-build-agent-test], participationId=485, courseId=155, exerciseId=306, retryCount=0, priority=2, status=FAILED, repositoryInfo=RepositoryInfo[repositoryName=short495d587a0856d04a9e08bc60d2e08365fb9etstexc-localciintstudent1, repositoryType=user, triggeredByPushTo=user, assignmentRepositoryUri=http://localhost:49152/git/SHORT495D587A0856D04A9E08BC60D2E08365FB9ETSTEXC/short495d587a0856d04a9e08bc60d2e08365fb9etstexc-localciintstudent1.git, testRepositoryUri=http://localhost:49152/git/SHORT495D587A0856D04A9E08BC60D2E08365FB9ETSTEXC/short495d587a0856d04a9e08bc60d2e08365fb9etstexc-tests.git, solutionRepositoryUri=null, auxiliaryRepositoryUris=[Ljava.lang.String;@47da12ed, auxiliaryRepositoryCheckoutDirectories=[Ljava.lang.String;@2067f597], jobTimingInfo=JobTimingInfo[submissionDate=2025-02-14T23:43:08.371015915Z[Etc/UTC], buildStartDate=2025-02-14T23:43:08.374658929Z[Etc/UTC], buildCompletionDate=2025-02-14T23:43:09.341007666Z[Etc/UTC], estimatedCompletionDate=2025-02-14T23:43:27.374650503Z[Etc/UTC], estimatedDuration=19], buildConfig=BuildConfig[buildScript=#!/bin/bash
cd /var/tmp/testing-dir
chmod +x ./gradlew
./gradlew clean test
, dockerImage=dummy-docker-image:latest, commitHashToBuild=ebb8aa4dc3625fe07e975266e18313ad871ce864, assignmentCommitHash=9b3a9bd71a0d80e5bbc42204c319ed3d1d4f0d6d, testCommitHash=9b3a9bd71a0d80e5bbc42204c319ed3d1d4f0d6d, branch=main, programmingLanguage=JAVA, projectType=PLAIN_GRADLE, scaEnabled=false, sequentialTestRunsEnabled=false, resultPaths=[/var/tmp/testing-dir/**/test-results/test/*.xml], timeoutSeconds=0, assignmentCheckoutPath=null, testCheckoutPath=null, solutionCheckoutPath=null, dockerRunConfig=null], submissionResult=ResultDTO[id=138, completionDate=2025-02-14T23:43:09.343306574Z[Etc/UTC], successful=false, score=0.0, rated=true, submission=SubmissionDTO[id=127, submitted=true, type=MANUAL, exampleSubmission=null, submissionDate=2025-02-14T23:43:09.343306574Z[Etc/UTC], commitHash=9b3a9bd71a0d80e5bbc42204c319ed3d1d4f0d6d, buildFailed=true, buildArtifact=false, participation=ParticipationDTO[id=485, testRun=false, type=programming, submissionCount=null, exercise=ParticipationExerciseDTO[id=306, exerciseType=PROGRAMMING, type=programming, assessmentType=AUTOMATIC, dueDate=2025-02-16T23:43:08.185273Z, assessmentDueDate=null, maxPoints=42.0, course=CourseDTO[id=155, accuracyOfScores=1]]], submissionExerciseType=programming, isProcessing=false, buildStartDate=null, estimatedCompletionDate=null], participation=ParticipationDTO[id=485, testRun=false, type=programming, submissionCount=null, exercise=ParticipationExerciseDTO[id=306, exerciseType=PROGRAMMING, type=programming, assessmentType=AUTOMATIC, dueDate=2025-02-16T23:43:08.185273Z, assessmentDueDate=null, maxPoints=42.0, course=CourseDTO[id=155, accuracyOfScores=1]]], feedbacks=[], assessmentType=AUTOMATIC, hasComplaint=null, exampleResult=null, testCaseCount=0, passedTestCaseCount=0, codeIssueCount=0]], BuildJobQueueItem[id=4881739576590204, name=SHORT80B5DD0E0D6B304EBB096E9020B949996A1CTSTEXC-LOCALCIINTSTUDENT1, buildAgent=BuildAgentDTO[name=artemis-build-agent-test, memberAddress=[127.0.0.1]:5703, displayName=artemis-build-agent-test], participationId=488, courseId=156, exerciseId=307, retryCount=0, priority=2, status=SUCCESSFUL, repositoryInfo=RepositoryInfo[repositoryName=short80b5dd0e0d6b304ebb096e9020b949996a1ctstexc-localciintstudent1, repositoryType=user, triggeredByPushTo=user, assignmentRepositoryUri=http://localhost:49152/git/SHORT80B5DD0E0D6B304EBB096E9020B949996A1CTSTEXC/short80b5dd0e0d6b304ebb096e9020b949996a1ctstexc-localciintstudent1.git, testRepositoryUri=http://localhost:49152/git/SHORT80B5DD0E0D6B304EBB096E9020B949996A1CTSTEXC/short80b5dd0e0d6b304ebb096e9020b949996a1ctstexc-tests.git, solutionRepositoryUri=null, auxiliaryRepositoryUris=[Ljava.lang.String;@3c152412, auxiliaryRepositoryCheckoutDirectories=[Ljava.lang.String;@73f070b9], jobTimingInfo=JobTimingInfo[submissionDate=2025-02-14T23:43:10.204264160Z[Etc/UTC], buildStartDate=2025-02-14T23:43:10.223149139Z[Etc/UTC], buildCompletionDate=2025-02-14T23:43:12.086509109Z[Etc/UTC], estimatedCompletionDate=2025-02-14T23:43:29.223142246Z[Etc/UTC], estimatedDuration=19], buildConfig=BuildConfig[buildScript=#!/bin/bash
cd /var/tmp/testing-dir
chmod +x ./gradlew
./gradlew clean test
, dockerImage=dummy-docker-image:latest, commitHashToBuild=b806a93102242552beed7c01b08b2769731814b3, assignmentCommitHash=b806a93102242552beed7c01b08b2769731814b3, testCommitHash=b806a93102242552beed7c01b08b2769731814b3, branch=main, programmingLanguage=JAVA, projectType=PLAIN_GRADLE, scaEnabled=false, sequentialTestRunsEnabled=false, resultPaths=[/var/tmp/testing-dir/**/test-results/test/*.xml], timeoutSeconds=0, assignmentCheckoutPath=null, testCheckoutPath=null, solutionCheckoutPath=null, dockerRunConfig=null], submissionResult=ResultDTO[id=139, completionDate=2025-02-14T23:43:12.066436124Z[Etc/UTC], successful=false, score=0.0, rated=true, submission=SubmissionDTO[id=128, submitted=true, type=MANUAL, exampleSubmission=null, submissionDate=2025-02-14T23:43:10.192407Z, commitHash=b806a93102242552beed7c01b08b2769731814b3, buildFailed=true, buildArtifact=false, participation=ParticipationDTO[id=488, testRun=false, type=programming, submissionCount=null, exercise=ParticipationExerciseDTO[id=307, exerciseType=PROGRAMMING, type=programming, assessmentType=AUTOMATIC, dueDate=2025-02-16T23:43:09.986646Z, assessmentDueDate=null, maxPoints=42.0, course=CourseDTO[id=156, accuracyOfScores=1]]], submissionExerciseType=programming, isProcessing=false, buildStartDate=null, estimatedCompletionDate=null], participation=ParticipationDTO[id=488, testRun=false, type=programming, submissionCount=null, exercise=ParticipationExerciseDTO[id=307, exerciseType=PROGRAMMING, type=programming, assessmentType=AUTOMATIC, dueDate=2025-02-16T23:43:09.986646Z, assessmentDueDate=null, maxPoints=42.0, course=CourseDTO[id=156, accuracyOfScores=1]]], feedbacks=[], assessmentType=AUTOMATIC, hasComplaint=null, exampleResult=null, testCaseCount=0, passedTestCaseCount=0, codeIssueCount=0]], BuildJobQueueItem[id=4911739576593817, name=SHORT585B2198089880462509B3007867E72DFB7ATSTEXC-LOCALCIINTSTUDENT1, buildAgent=BuildAgentDTO[name=artemis-build-agent-test, memberAddress=[127.0.0.1]:5703, displayName=artemis-build-agent-test], participationId=491, courseId=157, exerciseId=308, retryCount=0, priority=2, status=SUCCESSFUL, repositoryInfo=RepositoryInfo[repositoryName=short585b2198089880462509b3007867e72dfb7atstexc-localciintstudent1, repositoryType=user, triggeredByPushTo=user, assignmentRepositoryUri=http://localhost:49152/git/SHORT585B2198089880462509B3007867E72DFB7ATSTEXC/short585b2198089880462509b3007867e72dfb7atstexc-localciintstudent1.git, testRepositoryUri=http://localhost:49152/git/SHORT585B2198089880462509B3007867E72DFB7ATSTEXC/short585b2198089880462509b3007867e72dfb7atstexc-tests.git, solutionRepositoryUri=null, auxiliaryRepositoryUris=[Ljava.lang.String;@64aa4950, auxiliaryRepositoryCheckoutDirectories=[Ljava.lang.String;@7bfec31f], jobTimingInfo=JobTimingInfo[submissionDate=2025-02-14T23:43:13.817124706Z[Etc/UTC], buildStartDate=2025-02-14T23:43:13.834335931Z[Etc/UTC], buildCompletionDate=2025-02-14T23:43:15.746259139Z[Etc/UTC], estimatedCompletionDate=2025-02-14T23:43:32.834326082Z[Etc/UTC], estimatedDuration=19], buildConfig=BuildConfig[buildScript=#!/bin/bash
cd /var/tmp/testing-dir
chmod +x ./gradlew
./gradlew clean test
, dockerImage=dummy-docker-image:latest, commitHashToBuild=42077d078a5d5042fe2d4bd8299a990d342fce6e, assignmentCommitHash=42077d078a5d5042fe2d4bd8299a990d342fce6e, testCommitHash=42077d078a5d5042fe2d4bd8299a990d342fce6e, branch=main, programmingLanguage=JAVA, projectType=PLAIN_GRADLE, scaEnabled=false, sequentialTestRunsEnabled=false, resultPaths=[/var/tmp/testing-dir/**/test-results/test/*.xml], timeoutSeconds=0, assignmentCheckoutPath=null, testCheckoutPath=null, solutionCheckoutPath=null, dockerRunConfig=null], submissionResult=ResultDTO[id=140, completionDate=2025-02-14T23:43:15.725343914Z[Etc/UTC], successful=false, score=0.0, rated=true, submission=SubmissionDTO[id=129, submitted=true, type=MANUAL, exampleSubmission=null, submissionDate=2025-02-14T23:43:13.805401Z, commitHash=42077d078a5d5042fe2d4bd8299a990d342fce6e, buildFailed=false, buildArtifact=false, participation=ParticipationDTO[id=491, testRun=false, type=programming, submissionCount=null, exercise=ParticipationExerciseDTO[id=308, exerciseType=PROGRAMMING, type=programming, assessmentType=AUTOMATIC, dueDate=2025-02-16T23:43:13.569213Z, assessmentDueDate=null, maxPoints=42.0, course=CourseDTO[id=157, accuracyOfScores=1]]], submissionExerciseType=programming, isProcessing=false, buildStartDate=null, estimatedCompletionDate=null], participation=ParticipationDTO[id=491, testRun=false, type=programming, submissionCount=null, exercise=ParticipationExerciseDTO[id=308, exerciseType=PROGRAMMING, type=programming, assessmentType=AUTOMATIC, dueDate=2025-02-16T23:43:13.569213Z, assessmentDueDate=null, maxPoints=42.0, course=CourseDTO[id=157, accuracyOfScores=1]]], feedbacks=[FeedbackDTO[id=160, text=null, detailText=Deine Einreichung enthält keine Ausgabe. (67cac2), hasLongFeedbackText=false, reference=null, credits=0.0, positive=false, type=AUTOMATIC, visibility=ALWAYS, testCase=TestCaseDTO[testName=null, id=146]], FeedbackDTO[id=161, text=null, detailText=test `add` failed on ≥ 1 cases:
(0, 0)
Your submission raised an error Failure("TODO add"), hasLongFeedbackText=false, reference=null, credits=0.0, positive=false, type=AUTOMATIC, visibility=ALWAYS, testCase=TestCaseDTO[testName=null, id=149]], FeedbackDTO[id=162, text=null, detailText=test `filter` failed on ≥ 1 cases:
(even, [1; 2; 3; 4])
Your submission raised an error Failure("TODO filter"), hasLongFeedbackText=false, reference=null, credits=0.0, positive=false, type=AUTOMATIC, visibility=ALWAYS, testCase=TestCaseDTO[testName=null, id=148]], FeedbackDTO[id=163, text=null, detailText=Test was not executed., hasLongFeedbackText=false, reference=null, credits=0.0, positive=null, type=AUTOMATIC, visibility=null, testCase=TestCaseDTO[testName=null, id=137]], FeedbackDTO[id=164, text=null, detailText=Test was not executed., hasLongFeedbackText=false, reference=null, credits=0.0, positive=null, type=AUTOMATIC, visibility=null, testCase=TestCaseDTO[testName=null, id=138]], FeedbackDTO[id=165, text=null, detailText=Test was not executed., hasLongFeedbackText=false, reference=null, credits=0.0, positive=null, type=AUTOMATIC, visibility=null, testCase=TestCaseDTO[testName=null, id=139]], FeedbackDTO[id=166, text=null, detailText=Test was not executed., hasLongFeedbackText=false, reference=null, credits=0.0, positive=null, type=AUTOMATIC, visibility=null, testCase=TestCaseDTO[testName=null, id=140]], FeedbackDTO[id=167, text=null, detailText=Test was not executed., hasLongFeedbackText=false, reference=null, credits=0.0, positive=null, type=AUTOMATIC, visibility=null, testCase=TestCaseDTO[testName=null, id=141]], FeedbackDTO[id=168, text=null, detailText=Test was not executed., hasLongFeedbackText=false, reference=null, credits=0.0, positive=null, type=AUTOMATIC, visibility=null, testCase=TestCaseDTO[testName=null, id=142]], FeedbackDTO[id=169, text=null, detailText=Test was not executed., hasLongFeedbackText=false, reference=null, credits=0.0, positive=null, type=AUTOMATIC, visibility=null, testCase=TestCaseDTO[testName=null, id=143]], FeedbackDTO[id=170, text=null, detailText=Test was not executed., hasLongFeedbackText=false, reference=null, credits=0.0, positive=null, type=AUTOMATIC, visibility=null, testCase=TestCaseDTO[testName=null, id=144]], FeedbackDTO[id=171, text=null, detailText=Test was not executed., hasLongFeedbackText=false, reference=null, credits=0.0, positive=null, type=AUTOMATIC, visibility=null, testCase=TestCaseDTO[testName=null, id=145]], FeedbackDTO[id=172, text=null, detailText=Test was not executed., hasLongFeedbackText=false, reference=null, credits=0.0, positive=null, type=AUTOMATIC, visibility=null, testCase=TestCaseDTO[testName=null, id=147]]], assessmentType=AUTOMATIC, hasComplaint=null, exampleResult=null, testCaseCount=13, passedTestCaseCount=0, codeIssueCount=0]], BuildJobQueueItem[id=4941739576597286, name=SHORTFBCBD7BF0E6EB0451A080E80FCB407DC1F12TSTEXC-LOCALCIINTSTUDENT1, buildAgent=BuildAgentDTO[name=artemis-build-agent-test, memberAddress=[127.0.0.1]:5703, displayName=artemis-build-agent-test], participationId=494, courseId=158, exerciseId=309, retryCount=0, priority=2, status=SUCCESSFUL, repositoryInfo=RepositoryInfo[repositoryName=shortfbcbd7bf0e6eb0451a080e80fcb407dc1f12tstexc-localciintstudent1, repositoryType=user, triggeredByPushTo=user, assignmentRepositoryUri=http://localhost:49152/git/SHORTFBCBD7BF0E6EB0451A080E80FCB407DC1F12TSTEXC/shortfbcbd7bf0e6eb0451a080e80fcb407dc1f12tstexc-localciintstudent1.git, testRepositoryUri=http://localhost:49152/git/SHORTFBCBD7BF0E6EB0451A080E80FCB407DC1F12TSTEXC/shortfbcbd7bf0e6eb0451a080e80fcb407dc1f12tstexc-tests.git, solutionRepositoryUri=null, auxiliaryRepositoryUris=[Ljava.lang.String;@6e5e5dc6, auxiliaryRepositoryCheckoutDirectories=[Ljava.lang.String;@1edb9d0c], jobTimingInfo=JobTimingInfo[submissionDate=2025-02-14T23:43:17.286977233Z[Etc/UTC], buildStartDate=2025-02-14T23:43:17.293977347Z[Etc/UTC], buildCompletionDate=2025-02-14T23:43:18.740990762Z[Etc/UTC], estimatedCompletionDate=2025-02-14T23:43:36.293970494Z[Etc/UTC], estimatedDuration=19], buildConfig=BuildConfig[buildScript=#!/bin/bash
cd /var/tmp/testing-dir
chmod +x ./gradlew
./gradlew clean test
, dockerImage=dummy-docker-image:latest, commitHashToBuild=4a1af7e8a64e6505c5fc09b9f81ea41af9fcff44, assignmentCommitHash=4a1af7e8a64e6505c5fc09b9f81ea41af9fcff44, testCommitHash=4a1af7e8a64e6505c5fc09b9f81ea41af9fcff44, branch=main, programmingLanguage=JAVA, projectType=PLAIN_GRADLE, scaEnabled=false, sequentialTestRunsEnabled=false, resultPaths=[/var/tmp/testing-dir/**/test-results/test/*.xml], timeoutSeconds=0, assignmentCheckoutPath=null, testCheckoutPath=null, solutionCheckoutPath=null, dockerRunConfig=null], submissionResult=ResultDTO[id=141, completionDate=2025-02-14T23:43:18.729015138Z[Etc/UTC], successful=false, score=0.0, rated=true, submission=SubmissionDTO[id=130, submitted=true, type=MANUAL, exampleSubmission=null, submissionDate=2025-02-14T23:43:17.272936Z, commitHash=4a1af7e8a64e6505c5fc09b9f81ea41af9fcff44, buildFailed=true, buildArtifact=false, participation=ParticipationDTO[id=494, testRun=false, type=programming, submissionCount=null, exercise=ParticipationExerciseDTO[id=309, exerciseType=PROGRAMMING, type=programming, assessmentType=AUTOMATIC, dueDate=2025-02-16T23:43:17.147218Z, assessmentDueDate=null, maxPoints=42.0, course=CourseDTO[id=158, accuracyOfScores=1]]], submissionExerciseType=programming, isProcessing=false, buildStartDate=null, estimatedCompletionDate=null], participation=ParticipationDTO[id=494, testRun=false, type=programming, submissionCount=null, exercise=ParticipationExerciseDTO[id=309, exerciseType=PROGRAMMING, type=programming, assessmentType=AUTOMATIC, dueDate=2025-02-16T23:43:17.147218Z, assessmentDueDate=null, maxPoints=42.0, course=CourseDTO[id=158, accuracyOfScores=1]]], feedbacks=[], assessmentType=AUTOMATIC, hasComplaint=null, exampleResult=null, testCaseCount=0, passedTestCaseCount=0, codeIssueCount=0]], BuildJobQueueItem[id=4971739576599269, name=SHORT52AD57270517204728083260501A19D262D1TSTEXC-LOCALCIINTSTUDENT1, buildAgent=BuildAgentDTO[name=artemis-build-agent-test, memberAddress=[127.0.0.1]:5703, displayName=artemis-build-agent-test], participationId=497, courseId=159, exerciseId=310, retryCount=0, priority=2, status=SUCCESSFUL, repositoryInfo=RepositoryInfo[repositoryName=short52ad57270517204728083260501a19d262d1tstexc-localciintstudent1, repositoryType=user, triggeredByPushTo=user, assignmentRepositoryUri=http://localhost:49152/git/SHORT52AD57270517204728083260501A19D262D1TSTEXC/short52ad57270517204728083260501a19d262d1tstexc-localciintstudent1.git, testRepositoryUri=http://localhost:49152/git/SHORT52AD57270517204728083260501A19D262D1TSTEXC/short52ad57270517204728083260501a19d262d1tstexc-tests.git, solutionRepositoryUri=null, auxiliaryRepositoryUris=[Ljava.lang.String;@280da74e, auxiliaryRepositoryCheckoutDirectories=[Ljava.lang.String;@25e66f6b], jobTimingInfo=JobTimingInfo[submissionDate=2025-02-14T23:43:19.269997499Z[Etc/UTC], buildStartDate=2025-02-14T23:43:19.277325895Z[Etc/UTC], buildCompletionDate=2025-02-14T23:43:20.497391524Z[Etc/UTC], estimatedCompletionDate=2025-02-14T23:43:38.277310787Z[Etc/UTC], estimatedDuration=19], buildConfig=BuildConfig[buildScript=#!/bin/bash
cd /var/tmp/testing-dir
chmod +x ./gradlew
./gradlew clean test
, dockerImage=dummy-docker-image:latest, commitHashToBuild=9f4f76247a188e9a0f3516a9fbd60e829d53fb05, assignmentCommitHash=9f4f76247a188e9a0f3516a9fbd60e829d53fb05, testCommitHash=9f4f76247a188e9a0f3516a9fbd60e829d53fb05, branch=main, programmingLanguage=JAVA, projectType=PLAIN_GRADLE, scaEnabled=false, sequentialTestRunsEnabled=false, resultPaths=[/var/tmp/testing-dir/**/test-results/test/*.xml], timeoutSeconds=0, assignmentCheckoutPath=null, testCheckoutPath=null, solutionCheckoutPath=null, dockerRunConfig=null], submissionResult=ResultDTO[id=142, completionDate=2025-02-14T23:43:20.484244187Z[Etc/UTC], successful=false, score=7.7, rated=true, submission=SubmissionDTO[id=131, submitted=true, type=MANUAL, exampleSubmission=null, submissionDate=2025-02-14T23:43:19.265464Z, commitHash=9f4f76247a188e9a0f3516a9fbd60e829d53fb05, buildFailed=false, buildArtifact=false, participation=ParticipationDTO[id=497, testRun=false, type=programming, submissionCount=null, exercise=ParticipationExerciseDTO[id=310, exerciseType=PROGRAMMING, type=programming, assessmentType=AUTOMATIC, dueDate=2025-02-16T23:43:19.182228Z, assessmentDueDate=null, maxPoints=42.0, course=CourseDTO[id=159, accuracyOfScores=1]]], submissionExerciseType=programming, isProcessing=false, buildStartDate=null, estimatedCompletionDate=null], participation=ParticipationDTO[id=497, testRun=false, type=programming, submissionCount=null, exercise=ParticipationExerciseDTO[id=310, exerciseType=PROGRAMMING, type=programming, assessmentType=AUTOMATIC, dueDate=2025-02-16T23:43:19.182228Z, assessmentDueDate=null, maxPoints=42.0, course=CourseDTO[id=159, accuracyOfScores=1]]], feedbacks=[FeedbackDTO[id=173, text=null, detailText=The exercise expects a class with the name Context in the package testpackage. You did not implement the class in the exercise., hasLongFeedbackText=false, reference=null, credits=0.0, positive=false, type=AUTOMATIC, visibility=ALWAYS, testCase=TestCaseDTO[testName=null, id=169]], FeedbackDTO[id=174, text=null, detailText=The exercise expects a class with the name Policy in the package testpackage. You did not implement the class in the exercise., hasLongFeedbackText=false, reference=null, credits=0.0, positive=false, type=AUTOMATIC, visibility=ALWAYS, testCase=TestCaseDTO[testName=null, id=170]], FeedbackDTO[id=175, text=null, detailText=The exercise expects a class with the name SortStrategy in the package testpackage. You did not implement the class in the exercise., hasLongFeedbackText=false, reference=null, credits=0.0, positive=false, type=AUTOMATIC, visibility=ALWAYS, testCase=TestCaseDTO[testName=null, id=171]], FeedbackDTO[id=176, text=null, detailText=The class 'MergeSort' does not implement the interface 'SortStrategy' as expected. Implement the interface and its methods., hasLongFeedbackText=false, reference=null, credits=0.0, positive=false, type=AUTOMATIC, visibility=ALWAYS, testCase=TestCaseDTO[testName=null, id=166]], FeedbackDTO[id=177, text=null, detailText=The exercise expects a class with the name SortStrategy in the package testpackage. You did not implement the class in the exercise., hasLongFeedbackText=false, reference=null, credits=0.0, positive=false, type=AUTOMATIC, visibility=ALWAYS, testCase=TestCaseDTO[testName=null, id=163]], FeedbackDTO[id=178, text=null, detailText=The class 'BubbleSort' does not implement the interface 'SortStrategy' as expected. Implement the interface and its methods., hasLongFeedbackText=false, reference=null, credits=0.0, positive=false, type=AUTOMATIC, visibility=ALWAYS, testCase=TestCaseDTO[testName=null, id=167]], FeedbackDTO[id=179, text=null, detailText=MergeSort does not sort correctly, hasLongFeedbackText=false, reference=null, credits=0.0, positive=false, type=AUTOMATIC, visibility=ALWAYS, testCase=TestCaseDTO[testName=null, id=172]], FeedbackDTO[id=180, text=null, detailText=The class 'Context' was not found within the submission. Make sure to implement it properly., hasLongFeedbackText=false, reference=null, credits=0.0, positive=false, type=AUTOMATIC, visibility=ALWAYS, testCase=TestCaseDTO[testName=null, id=173]], FeedbackDTO[id=181, text=null, detailText=The class 'Context' was not found within the submission. Make sure to implement it properly., hasLongFeedbackText=false, reference=null, credits=0.0, positive=false, type=AUTOMATIC, visibility=ALWAYS, testCase=TestCaseDTO[testName=null, id=174]], FeedbackDTO[id=182, text=null, detailText=The exercise expects a class with the name Policy in the package testpackage. You did not implement the class in the exercise., hasLongFeedbackText=false, reference=null, credits=0.0, positive=false, type=AUTOMATIC, visibility=ALWAYS, testCase=TestCaseDTO[testName=null, id=168]], FeedbackDTO[id=183, text=null, detailText=The exercise expects a class with the name Context in the package testpackage. You did not implement the class in the exercise., hasLongFeedbackText=false, reference=null, credits=0.0, positive=false, type=AUTOMATIC, visibility=ALWAYS, testCase=TestCaseDTO[testName=null, id=164]], FeedbackDTO[id=184, text=null, detailText=The exercise expects a class with the name Policy in the package testpackage. You did not implement the class in the exercise., hasLongFeedbackText=false, reference=null, credits=0.0, positive=false, type=AUTOMATIC, visibility=ALWAYS, testCase=TestCaseDTO[testName=null, id=165]], FeedbackDTO[id=185, text=null, detailText=null, hasLongFeedbackText=false, reference=null, credits=3.230769230769231, positive=true, type=AUTOMATIC, visibility=ALWAYS, testCase=TestCaseDTO[testName=null, id=175]]], assessmentType=AUTOMATIC, hasComplaint=null, exampleResult=null, testCaseCount=13, passedTestCaseCount=1, codeIssueCount=0]], BuildJobQueueItem[id=5001739576601035, name=SHORT582B1BDC0A17704D6D0A46800FC19163DA47TSTEXC-LOCALCIINTSTUDENT1, buildAgent=BuildAgentDTO[name=artemis-build-agent-test, memberAddress=[127.0.0.1]:5703, displayName=artemis-build-agent-test], participationId=500, courseId=160, exerciseId=311, retryCount=0, priority=2, status=SUCCESSFUL, repositoryInfo=RepositoryInfo[repositoryName=short582b1bdc0a17704d6d0a46800fc19163da47tstexc-localciintstudent1, repositoryType=user, triggeredByPushTo=user, assignmentRepositoryUri=http://localhost:49152/git/SHORT582B1BDC0A17704D6D0A46800FC19163DA47TSTEXC/short582b1bdc0a17704d6d0a46800fc19163da47tstexc-localciintstudent1.git, testRepositoryUri=http://localhost:49152/git/SHORT582B1BDC0A17704D6D0A46800FC19163DA47TSTEXC/short582b1bdc0a17704d6d0a46800fc19163da47tstexc-tests.git, solutionRepositoryUri=null, auxiliaryRepositoryUris=[Ljava.lang.String;@39caa67c, auxiliaryRepositoryCheckoutDirectories=[Ljava.lang.String;@7bbb6fb4], jobTimingInfo=JobTimingInfo[submissionDate=2025-02-14T23:43:21.035120760Z[Etc/UTC], buildStartDate=2025-02-14T23:43:21.040320383Z[Etc/UTC], buildCompletionDate=2025-02-14T23:43:22.581236903Z[Etc/UTC], estimatedCompletionDate=2025-02-14T23:43:40.040312057Z[Etc/UTC], estimatedDuration=19], buildConfig=BuildConfig[buildScript=#!/bin/bash
cd /var/tmp/testing-dir
chmod +x ./gradlew
./gradlew clean test
, dockerImage=dummy-docker-image:latest, commitHashToBuild=887566cf754016f986627cf5c5c365dea16c907f, assignmentCommitHash=887566cf754016f986627cf5c5c365dea16c907f, testCommitHash=6af67146332066e7430917928a4b9b81c43b7c71, branch=main, programmingLanguage=JAVA, projectType=PLAIN_GRADLE, scaEnabled=false, sequentialTestRunsEnabled=false, resultPaths=[/var/tmp/testing-dir/**/test-results/test/*.xml], timeoutSeconds=0, assignmentCheckoutPath=customAssignmentPath, testCheckoutPath=null, solutionCheckoutPath=null, dockerRunConfig=null], submissionResult=ResultDTO[id=143, completionDate=2025-02-14T23:43:22.538158998Z[Etc/UTC], successful=false, score=7.7, rated=true, submission=SubmissionDTO[id=132, submitted=true, type=MANUAL, exampleSubmission=null, submissionDate=2025-02-14T23:43:21.028930Z, commitHash=887566cf754016f986627cf5c5c365dea16c907f, buildFailed=false, buildArtifact=false, participation=ParticipationDTO[id=500, testRun=false, type=programming, submissionCount=null, exercise=ParticipationExerciseDTO[id=311, exerciseType=PROGRAMMING, type=programming, assessmentType=AUTOMATIC, dueDate=2025-02-16T23:43:20.897280Z, assessmentDueDate=null, maxPoints=42.0, course=CourseDTO[id=160, accuracyOfScores=1]]], submissionExerciseType=programming, isProcessing=false, buildStartDate=null, estimatedCompletionDate=null], participation=ParticipationDTO[id=500, testRun=false, type=programming, submissionCount=null, exercise=ParticipationExerciseDTO[id=311, exerciseType=PROGRAMMING, type=programming, assessmentType=AUTOMATIC, dueDate=2025-02-16T23:43:20.897280Z, assessmentDueDate=null, maxPoints=42.0, course=CourseDTO[id=160, accuracyOfScores=1]]], feedbacks=[FeedbackDTO[id=186, text=null, detailText=The exercise expects a class with the name Context in the package testpackage. You did not implement the class in the exercise., hasLongFeedbackText=false, reference=null, credits=0.0, positive=false, type=AUTOMATIC, visibility=ALWAYS, testCase=TestCaseDTO[testName=null, id=182]], FeedbackDTO[id=187, text=null, detailText=The exercise expects a class with the name Policy in the package testpackage. You did not implement the class in the exercise., hasLongFeedbackText=false, reference=null, credits=0.0, positive=false, type=AUTOMATIC, visibility=ALWAYS, testCase=TestCaseDTO[testName=null, id=183]], FeedbackDTO[id=188, text=null, detailText=The exercise expects a class with the name SortStrategy in the package testpackage. You did not implement the class in the exercise., hasLongFeedbackText=false, reference=null, credits=0.0, positive=false, type=AUTOMATIC, visibility=ALWAYS, testCase=TestCaseDTO[testName=null, id=184]], FeedbackDTO[id=189, text=null, detailText=The class 'MergeSort' does not implement the interface 'SortStrategy' as expected. Implement the interface and its methods., hasLongFeedbackText=false, reference=null, credits=0.0, positive=false, type=AUTOMATIC, visibility=ALWAYS, testCase=TestCaseDTO[testName=null, id=179]], FeedbackDTO[id=190, text=null, detailText=The exercise expects a class with the name SortStrategy in the package testpackage. You did not implement the class in the exercise., hasLongFeedbackText=false, reference=null, credits=0.0, positive=false, type=AUTOMATIC, visibility=ALWAYS, testCase=TestCaseDTO[testName=null, id=176]], FeedbackDTO[id=191, text=null, detailText=The class 'BubbleSort' does not implement the interface 'SortStrategy' as expected. Implement the interface and its methods., hasLongFeedbackText=false, reference=null, credits=0.0, positive=false, type=AUTOMATIC, visibility=ALWAYS, testCase=TestCaseDTO[testName=null, id=180]], FeedbackDTO[id=192, text=null, detailText=MergeSort does not sort correctly, hasLongFeedbackText=false, reference=null, credits=0.0, positive=false, type=AUTOMATIC, visibility=ALWAYS, testCase=TestCaseDTO[testName=null, id=185]], FeedbackDTO[id=193, text=null, detailText=The class 'Context' was not found within the submission. Make sure to implement it properly., hasLongFeedbackText=false, reference=null, credits=0.0, positive=false, type=AUTOMATIC, visibility=ALWAYS, testCase=TestCaseDTO[testName=null, id=186]], FeedbackDTO[id=194, text=null, detailText=The class 'Context' was not found within the submission. Make sure to implement it properly., hasLongFeedbackText=false, reference=null, credits=0.0, positive=false, type=AUTOMATIC, visibility=ALWAYS, testCase=TestCaseDTO[testName=null, id=187]], FeedbackDTO[id=195, text=null, detailText=The exercise expects a class with the name Policy in the package testpackage. You did not implement the class in the exercise., hasLongFeedbackText=false, reference=null, credits=0.0, positive=false, type=AUTOMATIC, visibility=ALWAYS, testCase=TestCaseDTO[testName=null, id=181]], FeedbackDTO[id=196, text=null, detailText=The exercise expects a class with the name Context in the package testpackage. You did not implement the class in the exercise., hasLongFeedbackText=false, reference=null, credits=0.0, positive=false, type=AUTOMATIC, visibility=ALWAYS, testCase=TestCaseDTO[testName=null, id=177]], FeedbackDTO[id=197, text=null, detailText=The exercise expects a class with the name Policy in the package testpackage. You did not implement the class in the exercise., hasLongFeedbackText=false, reference=null, credits=0.0, positive=false, type=AUTOMATIC, visibility=ALWAYS, testCase=TestCaseDTO[testName=null, id=178]], FeedbackDTO[id=198, text=null, detailText=null, hasLongFeedbackText=false, reference=null, credits=3.230769230769231, positive=true, type=AUTOMATIC, visibility=ALWAYS, testCase=TestCaseDTO[testName=null, id=188]]], assessmentType=AUTOMATIC, hasComplaint=null, exampleResult=null, testCaseCount=13, passedTestCaseCount=1, codeIssueCount=0]], BuildJobQueueItem[id=5031739576604847, name=SHORT00FA1A240403404C7E097D7007C591BE2AB1TSTEXC-LOCALCIINTSTUDENT1, buildAgent=BuildAgentDTO[name=artemis-build-agent-test, memberAddress=[127.0.0.1]:5703, displayName=artemis-build-agent-test], participationId=503, courseId=161, exerciseId=312, retryCount=0, priority=2, status=FAILED, repositoryInfo=RepositoryInfo[repositoryName=short00fa1a240403404c7e097d7007c591be2ab1tstexc-localciintstudent1, repositoryType=user, triggeredByPushTo=user, assignmentRepositoryUri=http://localhost:49152/git/SHORT00FA1A240403404C7E097D7007C591BE2AB1TSTEXC/short00fa1a240403404c7e097d7007c591be2ab1tstexc-localciintstudent1.git, testRepositoryUri=http://localhost:49152/git/SHORT00FA1A240403404C7E097D7007C591BE2AB1TSTEXC/short00fa1a240403404c7e097d7007c591be2ab1tstexc-tests.git, solutionRepositoryUri=null, auxiliaryRepositoryUris=[Ljava.lang.String;@3e49805a, auxiliaryRepositoryCheckoutDirectories=[Ljava.lang.String;@28423dcf], jobTimingInfo=JobTimingInfo[submissionDate=2025-02-14T23:43:24.847396156Z[Etc/UTC], buildStartDate=2025-02-14T23:43:24.860457211Z[Etc/UTC], buildCompletionDate=2025-02-14T23:43:26.809353681Z[Etc/UTC], estimatedCompletionDate=2025-02-14T23:43:46.860451490Z[Etc/UTC], estimatedDuration=22], buildConfig=BuildConfig[buildScript=#!/bin/bash
cd /var/tmp/testing-dir
chmod +x ./gradlew
./gradlew clean test
, dockerImage=dummy-docker-image:latest, commitHashToBuild=9690714a509af0a98c6790a7e52ee3574c7ef689, assignmentCommitHash=9690714a509af0a98c6790a7e52ee3574c7ef689, testCommitHash=9690714a509af0a98c6790a7e52ee3574c7ef689, branch=main, programmingLanguage=JAVA, projectType=PLAIN_GRADLE, scaEnabled=false, sequentialTestRunsEnabled=false, resultPaths=[/var/tmp/testing-dir/**/test-results/test/*.xml], timeoutSeconds=0, assignmentCheckoutPath=null, testCheckoutPath=null, solutionCheckoutPath=null, dockerRunConfig=null], submissionResult=ResultDTO[id=144, completionDate=2025-02-14T23:43:26.809483684Z[Etc/UTC], successful=false, score=0.0, rated=true, submission=SubmissionDTO[id=133, submitted=true, type=MANUAL, exampleSubmission=null, submissionDate=2025-02-14T23:43:24.841319Z, commitHash=9690714a509af0a98c6790a7e52ee3574c7ef689, buildFailed=true, buildArtifact=false, participation=ParticipationDTO[id=503, testRun=false, type=programming, submissionCount=null, exercise=ParticipationExerciseDTO[id=312, exerciseType=PROGRAMMING, type=programming, assessmentType=AUTOMATIC, dueDate=2025-02-16T23:43:24.571329Z, assessmentDueDate=null, maxPoints=42.0, course=CourseDTO[id=161, accuracyOfScores=1]]], submissionExerciseType=programming, isProcessing=false, buildStartDate=null, estimatedCompletionDate=null], participation=ParticipationDTO[id=503, testRun=false, type=programming, submissionCount=null, exercise=ParticipationExerciseDTO[id=312, exerciseType=PROGRAMMING, type=programming, assessmentType=AUTOMATIC, dueDate=2025-02-16T23:43:24.571329Z, assessmentDueDate=null, maxPoints=42.0, course=CourseDTO[id=161, accuracyOfScores=1]]], feedbacks=[], assessmentType=AUTOMATIC, hasComplaint=null, exampleResult=null, testCaseCount=0, passedTestCaseCount=0, codeIssueCount=0]], BuildJobQueueItem[id=5061739576605250, name=SHORT62C808EE04ECE040740AF7B0CF3AE5F5BEF2TSTEXC-LOCALCIINTSTUDENT1, buildAgent=BuildAgentDTO[name=artemis-build-agent-test, memberAddress=[127.0.0.1]:5703, displayName=artemis-build-agent-test], participationId=506, courseId=162, exerciseId=313, retryCount=0, priority=2, status=SUCCESSFUL, repositoryInfo=RepositoryInfo[repositoryName=short62c808ee04ece040740af7b0cf3ae5f5bef2tstexc-localciintstudent1, repositoryType=user, triggeredByPushTo=user, assignmentRepositoryUri=http://localhost:49152/git/SHORT62C808EE04ECE040740AF7B0CF3AE5F5BEF2TSTEXC/short62c808ee04ece040740af7b0cf3ae5f5bef2tstexc-localciintstudent1.git, testRepositoryUri=http://localhost:49152/git/SHORT62C808EE04ECE040740AF7B0CF3AE5F5BEF2TSTEXC/short62c808ee04ece040740af7b0cf3ae5f5bef2tstexc-tests.git, solutionRepositoryUri=null, auxiliaryRepositoryUris=[Ljava.lang.String;@44d787fd, auxiliaryRepositoryCheckoutDirectories=[Ljava.lang.String;@64b1861c], jobTimingInfo=JobTimingInfo[submissionDate=2025-02-14T23:43:25.250749866Z[Etc/UTC], buildStartDate=2025-02-14T23:43:26.820713075Z[Etc/UTC], buildCompletionDate=2025-02-14T23:43:28.304236378Z[Etc/UTC], estimatedCompletionDate=2025-02-14T23:43:45.820704920Z[Etc/UTC], estimatedDuration=19], buildConfig=BuildConfig[buildScript=#!/bin/bash
cd /var/tmp/testing-dir
chmod +x ./gradlew
./gradlew clean test
, dockerImage=dummy-docker-image:latest, commitHashToBuild=993b6f756e3e52a44d0537d4fa3a5d0e0acdbe89, assignmentCommitHash=993b6f756e3e52a44d0537d4fa3a5d0e0acdbe89, testCommitHash=993b6f756e3e52a44d0537d4fa3a5d0e0acdbe89, branch=main, programmingLanguage=JAVA, projectType=null, scaEnabled=false, sequentialTestRunsEnabled=false, resultPaths=[/var/tmp/testing-dir/**/test-results/test/*.xml], timeoutSeconds=0, assignmentCheckoutPath=null, testCheckoutPath=null, solutionCheckoutPath=null, dockerRunConfig=null], submissionResult=ResultDTO[id=145, completionDate=2025-02-14T23:43:28.269051286Z[Etc/UTC], successful=false, score=7.7, rated=true, submission=SubmissionDTO[id=134, submitted=true, type=MANUAL, exampleSubmission=null, submissionDate=2025-02-14T23:43:25.241685Z, commitHash=993b6f756e3e52a44d0537d4fa3a5d0e0acdbe89, buildFailed=false, buildArtifact=false, participation=ParticipationDTO[id=506, testRun=false, type=programming, submissionCount=null, exercise=ParticipationExerciseDTO[id=313, exerciseType=PROGRAMMING, type=programming, assessmentType=AUTOMATIC, dueDate=2025-02-16T23:43:24.986721Z, assessmentDueDate=null, maxPoints=42.0, course=CourseDTO[id=162, accuracyOfScores=1]]], submissionExerciseType=programming, isProcessing=false, buildStartDate=null, estimatedCompletionDate=null], participation=ParticipationDTO[id=506, testRun=false, type=programming, submissionCount=null, exercise=ParticipationExerciseDTO[id=313, exerciseType=PROGRAMMING, type=programming, assessmentType=AUTOMATIC, dueDate=2025-02-16T23:43:24.986721Z, assessmentDueDate=null, maxPoints=42.0, course=CourseDTO[id=162, accuracyOfScores=1]]], feedbacks=[FeedbackDTO[id=199, text=null, detailText=The exercise expects a class with the name Context in the package testpackage. You did not implement the class in the exercise., hasLongFeedbackText=false, reference=null, credits=0.0, positive=false, type=AUTOMATIC, visibility=ALWAYS, testCase=TestCaseDTO[testName=null, id=208]], FeedbackDTO[id=200, text=null, detailText=The exercise expects a class with the name Policy in the package testpackage. You did not implement the class in the exercise., hasLongFeedbackText=false, reference=null, credits=0.0, positive=false, type=AUTOMATIC, visibility=ALWAYS, testCase=TestCaseDTO[testName=null, id=209]], FeedbackDTO[id=201, text=null, detailText=The exercise expects a class with the name SortStrategy in the package testpackage. You did not implement the class in the exercise., hasLongFeedbackText=false, reference=null, credits=0.0, positive=false, type=AUTOMATIC, visibility=ALWAYS, testCase=TestCaseDTO[testName=null, id=210]], FeedbackDTO[id=202, text=null, detailText=The class 'MergeSort' does not implement the interface 'SortStrategy' as expected. Implement the interface and its methods., hasLongFeedbackText=false, reference=null, credits=0.0, positive=false, type=AUTOMATIC, visibility=ALWAYS, testCase=TestCaseDTO[testName=null, id=205]], FeedbackDTO[id=203, text=null, detailText=The exercise expects a class with the name SortStrategy in the package testpackage. You did not implement the class in the exercise., hasLongFeedbackText=false, reference=null, credits=0.0, positive=false, type=AUTOMATIC, visibility=ALWAYS, testCase=TestCaseDTO[testName=null, id=202]], FeedbackDTO[id=204, text=null, detailText=The class 'BubbleSort' does not implement the interface 'SortStrategy' as expected. Implement the interface and its methods., hasLongFeedbackText=false, reference=null, credits=0.0, positive=false, type=AUTOMATIC, visibility=ALWAYS, testCase=TestCaseDTO[testName=null, id=206]], FeedbackDTO[id=205, text=null, detailText=MergeSort does not sort correctly, hasLongFeedbackText=false, reference=null, credits=0.0, positive=false, type=AUTOMATIC, visibility=ALWAYS, testCase=TestCaseDTO[testName=null, id=211]], FeedbackDTO[id=206, text=null, detailText=The class 'Context' was not found within the submission. Make sure to implement it properly., hasLongFeedbackText=false, reference=null, credits=0.0, positive=false, type=AUTOMATIC, visibility=ALWAYS, testCase=TestCaseDTO[testName=null, id=212]], FeedbackDTO[id=207, text=null, detailText=The class 'Context' was not found within the submission. Make sure to implement it properly., hasLongFeedbackText=false, reference=null, credits=0.0, positive=false, type=AUTOMATIC, visibility=ALWAYS, testCase=TestCaseDTO[testName=null, id=213]], FeedbackDTO[id=208, text=null, detailText=The exercise expects a class with the name Policy in the package testpackage. You did not implement the class in the exercise., hasLongFeedbackText=false, reference=null, credits=0.0, positive=false, type=AUTOMATIC, visibility=ALWAYS, testCase=TestCaseDTO[testName=null, id=207]], FeedbackDTO[id=209, text=null, detailText=The exercise expects a class with the name Context in the package testpackage. You did not implement the class in the exercise., hasLongFeedbackText=false, reference=null, credits=0.0, positive=false, type=AUTOMATIC, visibility=ALWAYS, testCase=TestCaseDTO[testName=null, id=203]], FeedbackDTO[id=210, text=null, detailText=The exercise expects a class with the name Policy in the package testpackage. You did not implement the class in the exercise., hasLongFeedbackText=false, reference=null, credits=0.0, positive=false, type=AUTOMATIC, visibility=ALWAYS, testCase=TestCaseDTO[testName=null, id=204]], FeedbackDTO[id=211, text=null, detailText=null, hasLongFeedbackText=false, reference=null, credits=3.230769230769231, positive=true, type=AUTOMATIC, visibility=ALWAYS, testCase=TestCaseDTO[testName=null, id=214]]], assessmentType=AUTOMATIC, hasComplaint=null, exampleResult=null, testCaseCount=13, passedTestCaseCount=1, codeIssueCount=0]]], publicSshKey=ssh-rsa AAAAB3NzaC1yc2EAAAADAQABAAACAQCOPdMsxRE2jFJ/UEa5/LsBxtwzJcrh3/rYBCQvcMeVpiRfhzQPWu7mrt/G2Ew+i+vRloGH9aqKg6dd1liRncao53Zmd/ePxoatXePNhmzTfkCkcSkTUz7B+QMjkoDDV5jwuFPD6mF3JkhuzSi64n9Zy905t4w2IhVcjM2mL3eYNjiCXt6Qpq3Pkt7dM/Ksw1nxnvuiIALuJLB3FTkXkHqq3PJav+9HSq2r6ZaWgekneaGxlQlb+U+Vy3XOuArKAzK8c8i+0bR+AHiTG6ncYXt7ax3U+TdlDTF7OLP3umwaYjs1NBXOHwG42pevvpKn2fqavZZozk+M05jXLx3bq0O7itxfErWc7etky8qYPyyIMF/txQIVLd78+Ze4d7Y60t5MGbXM5cGE6fFif5fEJwgswXD+BrG0cafz1CTatjSKFdvp8Vp4VszXhHDan1PrP6JEFJ5Cc5GDmLRZPCFa3vL9f5qXgf4bkqKN8MYeEujwJE5nMRWoiJVNakix2bcrrneQMBlnYeYZVWXXXUusAQBzl4NgddC1umZpihZkL1b1MffZAUW3EGEXi7KHnllQhkTLLsQ8ntMgbylqaJKStqaXlLvdeRJcEnUuiFCrHEVVbXRFZR7XVDZ02CE5o3MuaRPty8Kh+jRTF3COlAckHwYEJCNNJvXFgb2CNXL4mjzYDw== test@localhost]
    23:43:28.385 | 566 localvc.event-13 | DEBUG | a.p.s.l.SharedQueueManagementService : Build agent updated: null
    23:43:28.391 | 566 localvc.event-13 | DEBUG | a.p.s.l.LocalCIQueueWebsocketService : Build agent updated: BuildAgentInformation[buildAgent=BuildAgentDTO[name=artemis-build-agent-test, memberAddress=[127.0.0.1]:5703, displayName=artemis-build-agent-test], maxNumberOfConcurrentBuildJobs=1, numberOfCurrentBuildJobs=0, runningBuildJobs=[], status=IDLE, recentBuildJobs=[BuildJobQueueItem[id=4621739576562326, name=SHORT43ACF76B02BC1044B80938509D14043FABDETSTEXC-LOCALCIINTSTUDENT1, buildAgent=BuildAgentDTO[name=artemis-build-agent-test, memberAddress=[127.0.0.1]:5703, displayName=artemis-build-agent-test], participationId=462, courseId=147, exerciseId=298, retryCount=0, priority=2, status=SUCCESSFUL, repositoryInfo=RepositoryInfo[repositoryName=short43acf76b02bc1044b80938509d14043fabdetstexc-localciintstudent1, repositoryType=user, triggeredByPushTo=user, assignmentRepositoryUri=http://localhost:49152/git/SHORT43ACF76B02BC1044B80938509D14043FABDETSTEXC/short43acf76b02bc1044b80938509d14043fabdetstexc-localciintstudent1.git, testRepositoryUri=http://localhost:49152/git/SHORT43ACF76B02BC1044B80938509D14043FABDETSTEXC/short43acf76b02bc1044b80938509d14043fabdetstexc-tests.git, solutionRepositoryUri=null, auxiliaryRepositoryUris=[Ljava.lang.String;@2f9d6acb, auxiliaryRepositoryCheckoutDirectories=[Ljava.lang.String;@578de8aa], jobTimingInfo=JobTimingInfo[submissionDate=2025-02-14T23:42:42.326978596Z[Etc/UTC], buildStartDate=2025-02-14T23:42:42.420147010Z[Etc/UTC], buildCompletionDate=2025-02-14T23:42:45.573855829Z[Etc/UTC], estimatedCompletionDate=2025-02-14T23:43:01.420129377Z[Etc/UTC], estimatedDuration=19], buildConfig=BuildConfig[buildScript=#!/bin/bash
cd /var/tmp/testing-dir
chmod +x ./gradlew
./gradlew clean test
, dockerImage=dummy-docker-image:latest, commitHashToBuild=a9c717ccf7bcbe9531d3eee21dbaeb5aab2ff971, assignmentCommitHash=a9c717ccf7bcbe9531d3eee21dbaeb5aab2ff971, testCommitHash=a9c717ccf7bcbe9531d3eee21dbaeb5aab2ff971, branch=main, programmingLanguage=JAVA, projectType=PLAIN_GRADLE, scaEnabled=false, sequentialTestRunsEnabled=false, resultPaths=[/var/tmp/testing-dir/**/test-results/test/*.xml], timeoutSeconds=0, assignmentCheckoutPath=null, testCheckoutPath=null, solutionCheckoutPath=null, dockerRunConfig=DockerRunConfig[isNetworkDisabled=true, env=[key=value]]], submissionResult=ResultDTO[id=132, completionDate=2025-02-14T23:42:45.519869118Z[Etc/UTC], successful=false, score=7.7, rated=true, submission=SubmissionDTO[id=119, submitted=true, type=MANUAL, exampleSubmission=null, submissionDate=2025-02-14T23:42:42.302762Z, commitHash=a9c717ccf7bcbe9531d3eee21dbaeb5aab2ff971, buildFailed=false, buildArtifact=false, participation=ParticipationDTO[id=462, testRun=false, type=programming, submissionCount=null, exercise=ParticipationExerciseDTO[id=298, exerciseType=PROGRAMMING, type=programming, assessmentType=AUTOMATIC, dueDate=2025-02-16T23:42:41.553955Z, assessmentDueDate=null, maxPoints=42.0, course=CourseDTO[id=147, accuracyOfScores=1]]], submissionExerciseType=programming, isProcessing=false, buildStartDate=null, estimatedCompletionDate=null], participation=ParticipationDTO[id=462, testRun=false, type=programming, submissionCount=null, exercise=ParticipationExerciseDTO[id=298, exerciseType=PROGRAMMING, type=programming, assessmentType=AUTOMATIC, dueDate=2025-02-16T23:42:41.553955Z, assessmentDueDate=null, maxPoints=42.0, course=CourseDTO[id=147, accuracyOfScores=1]]], feedbacks=[FeedbackDTO[id=67, text=null, detailText=The exercise expects a class with the name Context in the package testpackage. You did not implement the class in the exercise., hasLongFeedbackText=false, reference=null, credits=0.0, positive=false, type=AUTOMATIC, visibility=ALWAYS, testCase=TestCaseDTO[testName=null, id=13]], FeedbackDTO[id=68, text=null, detailText=The exercise expects a class with the name Policy in the package testpackage. You did not implement the class in the exercise., hasLongFeedbackText=false, reference=null, credits=0.0, positive=false, type=AUTOMATIC, visibility=ALWAYS, testCase=TestCaseDTO[testName=null, id=14]], FeedbackDTO[id=69, text=null, detailText=The exercise expects a class with the name SortStrategy in the package testpackage. You did not implement the class in the exercise., hasLongFeedbackText=false, reference=null, credits=0.0, positive=false, type=AUTOMATIC, visibility=ALWAYS, testCase=TestCaseDTO[testName=null, id=15]], FeedbackDTO[id=70, text=null, detailText=The class 'MergeSort' does not implement the interface 'SortStrategy' as expected. Implement the interface and its methods., hasLongFeedbackText=false, reference=null, credits=0.0, positive=false, type=AUTOMATIC, visibility=ALWAYS, testCase=TestCaseDTO[testName=null, id=10]], FeedbackDTO[id=71, text=null, detailText=The exercise expects a class with the name SortStrategy in the package testpackage. You did not implement the class in the exercise., hasLongFeedbackText=false, reference=null, credits=0.0, positive=false, type=AUTOMATIC, visibility=ALWAYS, testCase=TestCaseDTO[testName=null, id=7]], FeedbackDTO[id=72, text=null, detailText=The class 'BubbleSort' does not implement the interface 'SortStrategy' as expected. Implement the interface and its methods., hasLongFeedbackText=false, reference=null, credits=0.0, positive=false, type=AUTOMATIC, visibility=ALWAYS, testCase=TestCaseDTO[testName=null, id=11]], FeedbackDTO[id=73, text=null, detailText=MergeSort does not sort correctly, hasLongFeedbackText=false, reference=null, credits=0.0, positive=false, type=AUTOMATIC, visibility=ALWAYS, testCase=TestCaseDTO[testName=null, id=16]], FeedbackDTO[id=74, text=null, detailText=The class 'Context' was not found within the submission. Make sure to implement it properly., hasLongFeedbackText=false, reference=null, credits=0.0, positive=false, type=AUTOMATIC, visibility=ALWAYS, testCase=TestCaseDTO[testName=null, id=17]], FeedbackDTO[id=75, text=null, detailText=The class 'Context' was not found within the submission. Make sure to implement it properly., hasLongFeedbackText=false, reference=null, credits=0.0, positive=false, type=AUTOMATIC, visibility=ALWAYS, testCase=TestCaseDTO[testName=null, id=18]], FeedbackDTO[id=76, text=null, detailText=The exercise expects a class with the name Policy in the package testpackage. You did not implement the class in the exercise., hasLongFeedbackText=false, reference=null, credits=0.0, positive=false, type=AUTOMATIC, visibility=ALWAYS, testCase=TestCaseDTO[testName=null, id=12]], FeedbackDTO[id=77, text=null, detailText=The exercise expects a class with the name Context in the package testpackage. You did not implement the class in the exercise., hasLongFeedbackText=false, reference=null, credits=0.0, positive=false, type=AUTOMATIC, visibility=ALWAYS, testCase=TestCaseDTO[testName=null, id=8]], FeedbackDTO[id=78, text=null, detailText=The exercise expects a class with the name Policy in the package testpackage. You did not implement the class in the exercise., hasLongFeedbackText=false, reference=null, credits=0.0, positive=false, type=AUTOMATIC, visibility=ALWAYS, testCase=TestCaseDTO[testName=null, id=9]], FeedbackDTO[id=79, text=null, detailText=null, hasLongFeedbackText=false, reference=null, credits=3.230769230769231, positive=true, type=AUTOMATIC, visibility=ALWAYS, testCase=TestCaseDTO[testName=null, id=19]]], assessmentType=AUTOMATIC, hasComplaint=null, exampleResult=null, testCaseCount=13, passedTestCaseCount=1, codeIssueCount=0]], BuildJobQueueItem[id=4651739576569330, name=SHORTB06DD3F905F4604F6E085260D83ED657A6DFTSTEXC-LOCALCIINTSTUDENT1, buildAgent=BuildAgentDTO[name=artemis-build-agent-test, memberAddress=[127.0.0.1]:5703, displayName=artemis-build-agent-test], participationId=465, courseId=148, exerciseId=299, retryCount=0, priority=2, status=SUCCESSFUL, repositoryInfo=RepositoryInfo[repositoryName=shortb06dd3f905f4604f6e085260d83ed657a6dftstexc-localciintstudent1, repositoryType=user, triggeredByPushTo=user, assignmentRepositoryUri=http://localhost:49152/git/SHORTB06DD3F905F4604F6E085260D83ED657A6DFTSTEXC/shortb06dd3f905f4604f6e085260d83ed657a6dftstexc-localciintstudent1.git, testRepositoryUri=http://localhost:49152/git/SHORTB06DD3F905F4604F6E085260D83ED657A6DFTSTEXC/shortb06dd3f905f4604f6e085260d83ed657a6dftstexc-tests.git, solutionRepositoryUri=null, auxiliaryRepositoryUris=[Ljava.lang.String;@3f641521, auxiliaryRepositoryCheckoutDirectories=[Ljava.lang.String;@6d3287cc], jobTimingInfo=JobTimingInfo[submissionDate=2025-02-14T23:42:49.330093960Z[Etc/UTC], buildStartDate=2025-02-14T23:42:49.347797345Z[Etc/UTC], buildCompletionDate=2025-02-14T23:42:51.204319751Z[Etc/UTC], estimatedCompletionDate=2025-02-14T23:43:08.347788449Z[Etc/UTC], estimatedDuration=19], buildConfig=BuildConfig[buildScript=#!/bin/bash
cd /var/tmp/testing-dir
chmod +x ./gradlew
./gradlew clean test
, dockerImage=dummy-docker-image:latest, commitHashToBuild=41581fff25954d36cf07586926ee0c77d1003131, assignmentCommitHash=41581fff25954d36cf07586926ee0c77d1003131, testCommitHash=41581fff25954d36cf07586926ee0c77d1003131, branch=main, programmingLanguage=JAVA, projectType=PLAIN_GRADLE, scaEnabled=false, sequentialTestRunsEnabled=false, resultPaths=[/var/tmp/testing-dir/**/test-results/test/*.xml], timeoutSeconds=0, assignmentCheckoutPath=null, testCheckoutPath=null, solutionCheckoutPath=null, dockerRunConfig=null], submissionResult=ResultDTO[id=133, completionDate=2025-02-14T23:42:51.155372920Z[Etc/UTC], successful=false, score=7.7, rated=true, submission=SubmissionDTO[id=120, submitted=true, type=MANUAL, exampleSubmission=null, submissionDate=2025-02-14T23:42:49.321855Z, commitHash=41581fff25954d36cf07586926ee0c77d1003131, buildFailed=false, buildArtifact=false, participation=ParticipationDTO[id=465, testRun=false, type=programming, submissionCount=null, exercise=ParticipationExerciseDTO[id=299, exerciseType=PROGRAMMING, type=programming, assessmentType=AUTOMATIC, dueDate=2025-02-16T23:42:49.163661Z, assessmentDueDate=null, maxPoints=42.0, course=CourseDTO[id=148, accuracyOfScores=1]]], submissionExerciseType=programming, isProcessing=false, buildStartDate=null, estimatedCompletionDate=null], participation=ParticipationDTO[id=465, testRun=false, type=programming, submissionCount=null, exercise=ParticipationExerciseDTO[id=299, exerciseType=PROGRAMMING, type=programming, assessmentType=AUTOMATIC, dueDate=2025-02-16T23:42:49.163661Z, assessmentDueDate=null, maxPoints=42.0, course=CourseDTO[id=148, accuracyOfScores=1]]], feedbacks=[FeedbackDTO[id=80, text=null, detailText=The exercise expects a class with the name Context in the package testpackage. You did not implement the class in the exercise., hasLongFeedbackText=false, reference=null, credits=0.0, positive=false, type=AUTOMATIC, visibility=ALWAYS, testCase=TestCaseDTO[testName=null, id=26]], FeedbackDTO[id=81, text=null, detailText=The exercise expects a class with the name Policy in the package testpackage. You did not implement the class in the exercise., hasLongFeedbackText=false, reference=null, credits=0.0, positive=false, type=AUTOMATIC, visibility=ALWAYS, testCase=TestCaseDTO[testName=null, id=27]], FeedbackDTO[id=82, text=null, detailText=The exercise expects a class with the name SortStrategy in the package testpackage. You did not implement the class in the exercise., hasLongFeedbackText=false, reference=null, credits=0.0, positive=false, type=AUTOMATIC, visibility=ALWAYS, testCase=TestCaseDTO[testName=null, id=28]], FeedbackDTO[id=83, text=null, detailText=The class 'MergeSort' does not implement the interface 'SortStrategy' as expected. Implement the interface and its methods., hasLongFeedbackText=false, reference=null, credits=0.0, positive=false, type=AUTOMATIC, visibility=ALWAYS, testCase=TestCaseDTO[testName=null, id=23]], FeedbackDTO[id=84, text=null, detailText=The exercise expects a class with the name SortStrategy in the package testpackage. You did not implement the class in the exercise., hasLongFeedbackText=false, reference=null, credits=0.0, positive=false, type=AUTOMATIC, visibility=ALWAYS, testCase=TestCaseDTO[testName=null, id=20]], FeedbackDTO[id=85, text=null, detailText=The class 'BubbleSort' does not implement the interface 'SortStrategy' as expected. Implement the interface and its methods., hasLongFeedbackText=false, reference=null, credits=0.0, positive=false, type=AUTOMATIC, visibility=ALWAYS, testCase=TestCaseDTO[testName=null, id=24]], FeedbackDTO[id=86, text=null, detailText=MergeSort does not sort correctly, hasLongFeedbackText=false, reference=null, credits=0.0, positive=false, type=AUTOMATIC, visibility=ALWAYS, testCase=TestCaseDTO[testName=null, id=29]], FeedbackDTO[id=87, text=null, detailText=The class 'Context' was not found within the submission. Make sure to implement it properly., hasLongFeedbackText=false, reference=null, credits=0.0, positive=false, type=AUTOMATIC, visibility=ALWAYS, testCase=TestCaseDTO[testName=null, id=30]], FeedbackDTO[id=88, text=null, detailText=The class 'Context' was not found within the submission. Make sure to implement it properly., hasLongFeedbackText=false, reference=null, credits=0.0, positive=false, type=AUTOMATIC, visibility=ALWAYS, testCase=TestCaseDTO[testName=null, id=31]], FeedbackDTO[id=89, text=null, detailText=The exercise expects a class with the name Policy in the package testpackage. You did not implement the class in the exercise., hasLongFeedbackText=false, reference=null, credits=0.0, positive=false, type=AUTOMATIC, visibility=ALWAYS, testCase=TestCaseDTO[testName=null, id=25]], FeedbackDTO[id=90, text=null, detailText=The exercise expects a class with the name Context in the package testpackage. You did not implement the class in the exercise., hasLongFeedbackText=false, reference=null, credits=0.0, positive=false, type=AUTOMATIC, visibility=ALWAYS, testCase=TestCaseDTO[testName=null, id=21]], FeedbackDTO[id=91, text=null, detailText=The exercise expects a class with the name Policy in the package testpackage. You did not implement the class in the exercise., hasLongFeedbackText=false, reference=null, credits=0.0, positive=false, type=AUTOMATIC, visibility=ALWAYS, testCase=TestCaseDTO[testName=null, id=22]], FeedbackDTO[id=92, text=null, detailText=null, hasLongFeedbackText=false, reference=null, credits=3.230769230769231, positive=true, type=AUTOMATIC, visibility=ALWAYS, testCase=TestCaseDTO[testName=null, id=32]]], assessmentType=AUTOMATIC, hasComplaint=null, exampleResult=null, testCaseCount=13, passedTestCaseCount=1, codeIssueCount=0]], BuildJobQueueItem[id=4681739576573068, name=SHORTBCF65534040390488B0A46605F5F3776B89ATSTEXC-LOCALCIINTSTUDENT1, buildAgent=BuildAgentDTO[name=artemis-build-agent-test, memberAddress=[127.0.0.1]:5703, displayName=artemis-build-agent-test], participationId=468, courseId=149, exerciseId=300, retryCount=0, priority=2, status=SUCCESSFUL, repositoryInfo=RepositoryInfo[repositoryName=shortbcf65534040390488b0a46605f5f3776b89atstexc-localciintstudent1, repositoryType=user, triggeredByPushTo=user, assignmentRepositoryUri=http://localhost:49152/git/SHORTBCF65534040390488B0A46605F5F3776B89ATSTEXC/shortbcf65534040390488b0a46605f5f3776b89atstexc-localciintstudent1.git, testRepositoryUri=http://localhost:49152/git/SHORTBCF65534040390488B0A46605F5F3776B89ATSTEXC/shortbcf65534040390488b0a46605f5f3776b89atstexc-tests.git, solutionRepositoryUri=null, auxiliaryRepositoryUris=[Ljava.lang.String;@293d6393, auxiliaryRepositoryCheckoutDirectories=[Ljava.lang.String;@114d16a6], jobTimingInfo=JobTimingInfo[submissionDate=2025-02-14T23:42:53.068019209Z[Etc/UTC], buildStartDate=2025-02-14T23:42:53.092867394Z[Etc/UTC], buildCompletionDate=2025-02-14T23:42:55.086950323Z[Etc/UTC], estimatedCompletionDate=2025-02-14T23:43:12.092858828Z[Etc/UTC], estimatedDuration=19], buildConfig=BuildConfig[buildScript=#!/bin/bash
cd /var/tmp/testing-dir
chmod +x ./gradlew
./gradlew clean test
, dockerImage=dummy-docker-image:latest, commitHashToBuild=2d5c0482fc77d3f5ec0841962528a43054e83170, assignmentCommitHash=2d5c0482fc77d3f5ec0841962528a43054e83170, testCommitHash=7477e25d56ce5fee2c938542a7e7ed4ed085d373, branch=main, programmingLanguage=JAVA, projectType=PLAIN_GRADLE, scaEnabled=false, sequentialTestRunsEnabled=false, resultPaths=[/var/tmp/testing-dir/**/test-results/test/*.xml], timeoutSeconds=0, assignmentCheckoutPath=null, testCheckoutPath=null, solutionCheckoutPath=null, dockerRunConfig=null], submissionResult=ResultDTO[id=134, completionDate=2025-02-14T23:42:55.059618627Z[Etc/UTC], successful=false, score=7.7, rated=true, submission=SubmissionDTO[id=121, submitted=true, type=MANUAL, exampleSubmission=null, submissionDate=2025-02-14T23:42:53.048221Z, commitHash=2d5c0482fc77d3f5ec0841962528a43054e83170, buildFailed=false, buildArtifact=false, participation=ParticipationDTO[id=468, testRun=false, type=programming, submissionCount=null, exercise=ParticipationExerciseDTO[id=300, exerciseType=PROGRAMMING, type=programming, assessmentType=AUTOMATIC, dueDate=2025-02-16T23:42:52.873722Z, assessmentDueDate=null, maxPoints=42.0, course=CourseDTO[id=149, accuracyOfScores=1]]], submissionExerciseType=programming, isProcessing=false, buildStartDate=null, estimatedCompletionDate=null], participation=ParticipationDTO[id=468, testRun=false, type=programming, submissionCount=null, exercise=ParticipationExerciseDTO[id=300, exerciseType=PROGRAMMING, type=programming, assessmentType=AUTOMATIC, dueDate=2025-02-16T23:42:52.873722Z, assessmentDueDate=null, maxPoints=42.0, course=CourseDTO[id=149, accuracyOfScores=1]]], feedbacks=[FeedbackDTO[id=93, text=null, detailText=The exercise expects a class with the name Context in the package testpackage. You did not implement the class in the exercise., hasLongFeedbackText=false, reference=null, credits=0.0, positive=false, type=AUTOMATIC, visibility=ALWAYS, testCase=TestCaseDTO[testName=null, id=39]], FeedbackDTO[id=94, text=null, detailText=The exercise expects a class with the name Policy in the package testpackage. You did not implement the class in the exercise., hasLongFeedbackText=false, reference=null, credits=0.0, positive=false, type=AUTOMATIC, visibility=ALWAYS, testCase=TestCaseDTO[testName=null, id=40]], FeedbackDTO[id=95, text=null, detailText=The exercise expects a class with the name SortStrategy in the package testpackage. You did not implement the class in the exercise., hasLongFeedbackText=false, reference=null, credits=0.0, positive=false, type=AUTOMATIC, visibility=ALWAYS, testCase=TestCaseDTO[testName=null, id=41]], FeedbackDTO[id=96, text=null, detailText=The class 'MergeSort' does not implement the interface 'SortStrategy' as expected. Implement the interface and its methods., hasLongFeedbackText=false, reference=null, credits=0.0, positive=false, type=AUTOMATIC, visibility=ALWAYS, testCase=TestCaseDTO[testName=null, id=36]], FeedbackDTO[id=97, text=null, detailText=The exercise expects a class with the name SortStrategy in the package testpackage. You did not implement the class in the exercise., hasLongFeedbackText=false, reference=null, credits=0.0, positive=false, type=AUTOMATIC, visibility=ALWAYS, testCase=TestCaseDTO[testName=null, id=33]], FeedbackDTO[id=98, text=null, detailText=The class 'BubbleSort' does not implement the interface 'SortStrategy' as expected. Implement the interface and its methods., hasLongFeedbackText=false, reference=null, credits=0.0, positive=false, type=AUTOMATIC, visibility=ALWAYS, testCase=TestCaseDTO[testName=null, id=37]], FeedbackDTO[id=99, text=null, detailText=MergeSort does not sort correctly, hasLongFeedbackText=false, reference=null, credits=0.0, positive=false, type=AUTOMATIC, visibility=ALWAYS, testCase=TestCaseDTO[testName=null, id=42]], FeedbackDTO[id=100, text=null, detailText=The class 'Context' was not found within the submission. Make sure to implement it properly., hasLongFeedbackText=false, reference=null, credits=0.0, positive=false, type=AUTOMATIC, visibility=ALWAYS, testCase=TestCaseDTO[testName=null, id=43]], FeedbackDTO[id=101, text=null, detailText=The class 'Context' was not found within the submission. Make sure to implement it properly., hasLongFeedbackText=false, reference=null, credits=0.0, positive=false, type=AUTOMATIC, visibility=ALWAYS, testCase=TestCaseDTO[testName=null, id=44]], FeedbackDTO[id=102, text=null, detailText=The exercise expects a class with the name Policy in the package testpackage. You did not implement the class in the exercise., hasLongFeedbackText=false, reference=null, credits=0.0, positive=false, type=AUTOMATIC, visibility=ALWAYS, testCase=TestCaseDTO[testName=null, id=38]], FeedbackDTO[id=103, text=null, detailText=The exercise expects a class with the name Context in the package testpackage. You did not implement the class in the exercise., hasLongFeedbackText=false, reference=null, credits=0.0, positive=false, type=AUTOMATIC, visibility=ALWAYS, testCase=TestCaseDTO[testName=null, id=34]], FeedbackDTO[id=104, text=null, detailText=The exercise expects a class with the name Policy in the package testpackage. You did not implement the class in the exercise., hasLongFeedbackText=false, reference=null, credits=0.0, positive=false, type=AUTOMATIC, visibility=ALWAYS, testCase=TestCaseDTO[testName=null, id=35]], FeedbackDTO[id=105, text=null, detailText=null, hasLongFeedbackText=false, reference=null, credits=3.230769230769231, positive=true, type=AUTOMATIC, visibility=ALWAYS, testCase=TestCaseDTO[testName=null, id=45]]], assessmentType=AUTOMATIC, hasComplaint=null, exampleResult=null, testCaseCount=13, passedTestCaseCount=1, codeIssueCount=0]], BuildJobQueueItem[id=4741739576577297, name=SHORT88A9A223023E2047B709E4A029FA08BCF2CFTSTEXC-LOCALCIINTSTUDENT1, buildAgent=BuildAgentDTO[name=artemis-build-agent-test, memberAddress=[127.0.0.1]:5703, displayName=artemis-build-agent-test], participationId=474, courseId=151, exerciseId=302, retryCount=0, priority=2, status=SUCCESSFUL, repositoryInfo=RepositoryInfo[repositoryName=short88a9a223023e2047b709e4a029fa08bcf2cftstexc-localciintstudent1, repositoryType=user, triggeredByPushTo=user, assignmentRepositoryUri=http://localhost:49152/git/SHORT88A9A223023E2047B709E4A029FA08BCF2CFTSTEXC/short88a9a223023e2047b709e4a029fa08bcf2cftstexc-localciintstudent1.git, testRepositoryUri=http://localhost:49152/git/SHORT88A9A223023E2047B709E4A029FA08BCF2CFTSTEXC/short88a9a223023e2047b709e4a029fa08bcf2cftstexc-tests.git, solutionRepositoryUri=null, auxiliaryRepositoryUris=[Ljava.lang.String;@e1fd4b3, auxiliaryRepositoryCheckoutDirectories=[Ljava.lang.String;@776a3e5b], jobTimingInfo=JobTimingInfo[submissionDate=2025-02-14T23:42:57.297342281Z[Etc/UTC], buildStartDate=2025-02-14T23:42:57.308570327Z[Etc/UTC], buildCompletionDate=2025-02-14T23:42:59.047616654Z[Etc/UTC], estimatedCompletionDate=2025-02-14T23:43:16.308558064Z[Etc/UTC], estimatedDuration=19], buildConfig=BuildConfig[buildScript=#!/bin/bash
cd /var/tmp/testing-dir
chmod +x ./gradlew
./gradlew clean test
, dockerImage=dummy-docker-image:latest, commitHashToBuild=736cbea1e46d6849b41266b2bf1cccd3b9ea55b1, assignmentCommitHash=736cbea1e46d6849b41266b2bf1cccd3b9ea55b1, testCommitHash=ea6267edd396a304305339b036512b63e0374c66, branch=main, programmingLanguage=JAVA, projectType=PLAIN_GRADLE, scaEnabled=false, sequentialTestRunsEnabled=false, resultPaths=[/var/tmp/testing-dir/**/test-results/test/*.xml], timeoutSeconds=0, assignmentCheckoutPath=null, testCheckoutPath=null, solutionCheckoutPath=null, dockerRunConfig=null], submissionResult=ResultDTO[id=135, completionDate=2025-02-14T23:42:59.014168821Z[Etc/UTC], successful=false, score=7.7, rated=true, submission=SubmissionDTO[id=123, submitted=true, type=MANUAL, exampleSubmission=null, submissionDate=2025-02-14T23:42:57.278471Z, commitHash=736cbea1e46d6849b41266b2bf1cccd3b9ea55b1, buildFailed=false, buildArtifact=false, participation=ParticipationDTO[id=474, testRun=false, type=programming, submissionCount=null, exercise=ParticipationExerciseDTO[id=302, exerciseType=PROGRAMMING, type=programming, assessmentType=AUTOMATIC, dueDate=2025-02-16T23:42:56.796251Z, assessmentDueDate=null, maxPoints=42.0, course=CourseDTO[id=151, accuracyOfScores=1]]], submissionExerciseType=programming, isProcessing=false, buildStartDate=null, estimatedCompletionDate=null], participation=ParticipationDTO[id=474, testRun=false, type=programming, submissionCount=null, exercise=ParticipationExerciseDTO[id=302, exerciseType=PROGRAMMING, type=programming, assessmentType=AUTOMATIC, dueDate=2025-02-16T23:42:56.796251Z, assessmentDueDate=null, maxPoints=42.0, course=CourseDTO[id=151, accuracyOfScores=1]]], feedbacks=[FeedbackDTO[id=106, text=null, detailText=The exercise expects a class with the name Context in the package testpackage. You did not implement the class in the exercise., hasLongFeedbackText=false, reference=null, credits=0.0, positive=false, type=AUTOMATIC, visibility=ALWAYS, testCase=TestCaseDTO[testName=null, id=65]], FeedbackDTO[id=107, text=null, detailText=The exercise expects a class with the name Policy in the package testpackage. You did not implement the class in the exercise., hasLongFeedbackText=false, reference=null, credits=0.0, positive=false, type=AUTOMATIC, visibility=ALWAYS, testCase=TestCaseDTO[testName=null, id=66]], FeedbackDTO[id=108, text=null, detailText=The exercise expects a class with the name SortStrategy in the package testpackage. You did not implement the class in the exercise., hasLongFeedbackText=false, reference=null, credits=0.0, positive=false, type=AUTOMATIC, visibility=ALWAYS, testCase=TestCaseDTO[testName=null, id=67]], FeedbackDTO[id=109, text=null, detailText=The class 'MergeSort' does not implement the interface 'SortStrategy' as expected. Implement the interface and its methods., hasLongFeedbackText=false, reference=null, credits=0.0, positive=false, type=AUTOMATIC, visibility=ALWAYS, testCase=TestCaseDTO[testName=null, id=62]], FeedbackDTO[id=110, text=null, detailText=The exercise expects a class with the name SortStrategy in the package testpackage. You did not implement the class in the exercise., hasLongFeedbackText=false, reference=null, credits=0.0, positive=false, type=AUTOMATIC, visibility=ALWAYS, testCase=TestCaseDTO[testName=null, id=59]], FeedbackDTO[id=111, text=null, detailText=The class 'BubbleSort' does not implement the interface 'SortStrategy' as expected. Implement the interface and its methods., hasLongFeedbackText=false, reference=null, credits=0.0, positive=false, type=AUTOMATIC, visibility=ALWAYS, testCase=TestCaseDTO[testName=null, id=63]], FeedbackDTO[id=112, text=null, detailText=MergeSort does not sort correctly, hasLongFeedbackText=false, reference=null, credits=0.0, positive=false, type=AUTOMATIC, visibility=ALWAYS, testCase=TestCaseDTO[testName=null, id=68]], FeedbackDTO[id=113, text=null, detailText=The class 'Context' was not found within the submission. Make sure to implement it properly., hasLongFeedbackText=false, reference=null, credits=0.0, positive=false, type=AUTOMATIC, visibility=ALWAYS, testCase=TestCaseDTO[testName=null, id=69]], FeedbackDTO[id=114, text=null, detailText=The class 'Context' was not found within the submission. Make sure to implement it properly., hasLongFeedbackText=false, reference=null, credits=0.0, positive=false, type=AUTOMATIC, visibility=ALWAYS, testCase=TestCaseDTO[testName=null, id=70]], FeedbackDTO[id=115, text=null, detailText=The exercise expects a class with the name Policy in the package testpackage. You did not implement the class in the exercise., hasLongFeedbackText=false, reference=null, credits=0.0, positive=false, type=AUTOMATIC, visibility=ALWAYS, testCase=TestCaseDTO[testName=null, id=64]], FeedbackDTO[id=116, text=null, detailText=The exercise expects a class with the name Context in the package testpackage. You did not implement the class in the exercise., hasLongFeedbackText=false, reference=null, credits=0.0, positive=false, type=AUTOMATIC, visibility=ALWAYS, testCase=TestCaseDTO[testName=null, id=60]], FeedbackDTO[id=117, text=null, detailText=The exercise expects a class with the name Policy in the package testpackage. You did not implement the class in the exercise., hasLongFeedbackText=false, reference=null, credits=0.0, positive=false, type=AUTOMATIC, visibility=ALWAYS, testCase=TestCaseDTO[testName=null, id=61]], FeedbackDTO[id=118, text=null, detailText=null, hasLongFeedbackText=false, reference=null, credits=3.230769230769231, positive=true, type=AUTOMATIC, visibility=ALWAYS, testCase=TestCaseDTO[testName=null, id=71]]], assessmentType=AUTOMATIC, hasComplaint=null, exampleResult=null, testCaseCount=13, passedTestCaseCount=1, codeIssueCount=0]], BuildJobQueueItem[id=4771739576580898, name=SHORT51E611E30D6B60466F0B8BA0AA97F58888C2TSTEXC-LOCALCIINTSTUDENT1, buildAgent=BuildAgentDTO[name=artemis-build-agent-test, memberAddress=[127.0.0.1]:5703, displayName=artemis-build-agent-test], participationId=477, courseId=152, exerciseId=303, retryCount=0, priority=2, status=SUCCESSFUL, repositoryInfo=RepositoryInfo[repositoryName=short51e611e30d6b60466f0b8ba0aa97f58888c2tstexc-localciintstudent1, repositoryType=user, triggeredByPushTo=user, assignmentRepositoryUri=http://localhost:49152/git/SHORT51E611E30D6B60466F0B8BA0AA97F58888C2TSTEXC/short51e611e30d6b60466f0b8ba0aa97f58888c2tstexc-localciintstudent1.git, testRepositoryUri=http://localhost:49152/git/SHORT51E611E30D6B60466F0B8BA0AA97F58888C2TSTEXC/short51e611e30d6b60466f0b8ba0aa97f58888c2tstexc-tests.git, solutionRepositoryUri=null, auxiliaryRepositoryUris=[Ljava.lang.String;@3589eade, auxiliaryRepositoryCheckoutDirectories=[Ljava.lang.String;@4c8822ef], jobTimingInfo=JobTimingInfo[submissionDate=2025-02-14T23:43:00.898532688Z[Etc/UTC], buildStartDate=2025-02-14T23:43:00.905733056Z[Etc/UTC], buildCompletionDate=2025-02-14T23:43:02.692768910Z[Etc/UTC], estimatedCompletionDate=2025-02-14T23:43:19.905720463Z[Etc/UTC], estimatedDuration=19], buildConfig=BuildConfig[buildScript=#!/bin/bash
cd /var/tmp/testing-dir
chmod +x ./gradlew
./gradlew clean test
, dockerImage=dummy-docker-image:latest, commitHashToBuild=8f3057cbd462f5e3de4e6ba85115f60d8dbb5aea, assignmentCommitHash=8f3057cbd462f5e3de4e6ba85115f60d8dbb5aea, testCommitHash=8f3057cbd462f5e3de4e6ba85115f60d8dbb5aea, branch=main, programmingLanguage=JAVA, projectType=PLAIN_GRADLE, scaEnabled=true, sequentialTestRunsEnabled=false, resultPaths=[/var/tmp/testing-dir/**/test-results/test/*.xml], timeoutSeconds=0, assignmentCheckoutPath=null, testCheckoutPath=null, solutionCheckoutPath=null, dockerRunConfig=null], submissionResult=ResultDTO[id=136, completionDate=2025-02-14T23:43:02.637820510Z[Etc/UTC], successful=false, score=7.7, rated=true, submission=SubmissionDTO[id=124, submitted=true, type=MANUAL, exampleSubmission=null, submissionDate=2025-02-14T23:43:00.886601Z, commitHash=8f3057cbd462f5e3de4e6ba85115f60d8dbb5aea, buildFailed=false, buildArtifact=false, participation=ParticipationDTO[id=477, testRun=false, type=programming, submissionCount=null, exercise=ParticipationExerciseDTO[id=303, exerciseType=PROGRAMMING, type=programming, assessmentType=AUTOMATIC, dueDate=2025-02-16T23:43:00.631824Z, assessmentDueDate=null, maxPoints=42.0, course=CourseDTO[id=152, accuracyOfScores=1]]], submissionExerciseType=programming, isProcessing=false, buildStartDate=null, estimatedCompletionDate=null], participation=ParticipationDTO[id=477, testRun=false, type=programming, submissionCount=null, exercise=ParticipationExerciseDTO[id=303, exerciseType=PROGRAMMING, type=programming, assessmentType=AUTOMATIC, dueDate=2025-02-16T23:43:00.631824Z, assessmentDueDate=null, maxPoints=42.0, course=CourseDTO[id=152, accuracyOfScores=1]]], feedbacks=[FeedbackDTO[id=119, text=null, detailText=The exercise expects a class with the name Context in the package testpackage. You did not implement the class in the exercise., hasLongFeedbackText=false, reference=null, credits=0.0, positive=false, type=AUTOMATIC, visibility=ALWAYS, testCase=TestCaseDTO[testName=null, id=78]], FeedbackDTO[id=120, text=null, detailText=The exercise expects a class with the name Policy in the package testpackage. You did not implement the class in the exercise., hasLongFeedbackText=false, reference=null, credits=0.0, positive=false, type=AUTOMATIC, visibility=ALWAYS, testCase=TestCaseDTO[testName=null, id=79]], FeedbackDTO[id=121, text=null, detailText=The exercise expects a class with the name SortStrategy in the package testpackage. You did not implement the class in the exercise., hasLongFeedbackText=false, reference=null, credits=0.0, positive=false, type=AUTOMATIC, visibility=ALWAYS, testCase=TestCaseDTO[testName=null, id=80]], FeedbackDTO[id=122, text=null, detailText=The class 'MergeSort' does not implement the interface 'SortStrategy' as expected. Implement the interface and its methods., hasLongFeedbackText=false, reference=null, credits=0.0, positive=false, type=AUTOMATIC, visibility=ALWAYS, testCase=TestCaseDTO[testName=null, id=75]], FeedbackDTO[id=123, text=null, detailText=The exercise expects a class with the name SortStrategy in the package testpackage. You did not implement the class in the exercise., hasLongFeedbackText=false, reference=null, credits=0.0, positive=false, type=AUTOMATIC, visibility=ALWAYS, testCase=TestCaseDTO[testName=null, id=72]], FeedbackDTO[id=124, text=null, detailText=The class 'BubbleSort' does not implement the interface 'SortStrategy' as expected. Implement the interface and its methods., hasLongFeedbackText=false, reference=null, credits=0.0, positive=false, type=AUTOMATIC, visibility=ALWAYS, testCase=TestCaseDTO[testName=null, id=76]], FeedbackDTO[id=125, text=null, detailText=MergeSort does not sort correctly, hasLongFeedbackText=false, reference=null, credits=0.0, positive=false, type=AUTOMATIC, visibility=ALWAYS, testCase=TestCaseDTO[testName=null, id=81]], FeedbackDTO[id=126, text=null, detailText=The class 'Context' was not found within the submission. Make sure to implement it properly., hasLongFeedbackText=false, reference=null, credits=0.0, positive=false, type=AUTOMATIC, visibility=ALWAYS, testCase=TestCaseDTO[testName=null, id=82]], FeedbackDTO[id=127, text=null, detailText=The class 'Context' was not found within the submission. Make sure to implement it properly., hasLongFeedbackText=false, reference=null, credits=0.0, positive=false, type=AUTOMATIC, visibility=ALWAYS, testCase=TestCaseDTO[testName=null, id=83]], FeedbackDTO[id=128, text=null, detailText=The exercise expects a class with the name Policy in the package testpackage. You did not implement the class in the exercise., hasLongFeedbackText=false, reference=null, credits=0.0, positive=false, type=AUTOMATIC, visibility=ALWAYS, testCase=TestCaseDTO[testName=null, id=77]], FeedbackDTO[id=129, text=null, detailText=The exercise expects a class with the name Context in the package testpackage. You did not implement the class in the exercise., hasLongFeedbackText=false, reference=null, credits=0.0, positive=false, type=AUTOMATIC, visibility=ALWAYS, testCase=TestCaseDTO[testName=null, id=73]], FeedbackDTO[id=130, text=null, detailText=The exercise expects a class with the name Policy in the package testpackage. You did not implement the class in the exercise., hasLongFeedbackText=false, reference=null, credits=0.0, positive=false, type=AUTOMATIC, visibility=ALWAYS, testCase=TestCaseDTO[testName=null, id=74]], FeedbackDTO[id=131, text=null, detailText=null, hasLongFeedbackText=false, reference=null, credits=3.230769230769231, positive=true, type=AUTOMATIC, visibility=ALWAYS, testCase=TestCaseDTO[testName=null, id=84]], FeedbackDTO[id=132, text=SCAFeedbackIdentifier:Bad Practice, detailText={"filePath":"src/code/Client.java","startLine":6,"endLine":6,"startColumn":1,"endColumn":26,"rule":"UnusedImports","category":"Best Practices","message":"Avoid unused imports such as 'javax.swing.JFrame'","priority":"4"}, hasLongFeedbackText=false, reference=PMD, credits=0.0, positive=false, type=AUTOMATIC, visibility=null, testCase=null], FeedbackDTO[id=133, text=SCAFeedbackIdentifier:Code Style, detailText={"filePath":"src/code/Client.java","startLine":7,"endLine":7,"startColumn":1,"endColumn":19,"rule":"DontImportJavaLang","category":"Code Style","message":"Avoid importing anything from the package java.lang","priority":"4"}, hasLongFeedbackText=false, reference=PMD, credits=0.0, positive=false, type=AUTOMATIC, visibility=null, testCase=null], FeedbackDTO[id=134, text=SCAFeedbackIdentifier:Bad Practice, detailText={"filePath":"src/code/Client.java","startLine":7,"endLine":7,"startColumn":1,"endColumn":19,"rule":"UnusedImports","category":"Best Practices","message":"Avoid unused imports such as 'java.lang'","priority":"4"}, hasLongFeedbackText=false, reference=PMD, credits=0.0, positive=false, type=AUTOMATIC, visibility=null, testCase=null], FeedbackDTO[id=135, text=SCAFeedbackIdentifier:Bad Practice, detailText={"filePath":"src/code/Client.java","startLine":73,"endLine":73,"startColumn":18,"endColumn":27,"rule":"UnusedLocalVariable","category":"Best Practices","message":"Avoid unused local variables such as 'randomDate'.","priority":"3"}, hasLongFeedbackText=false, reference=PMD, credits=0.0, positive=false, type=AUTOMATIC, visibility=null, testCase=null], FeedbackDTO[id=136, text=SCAFeedbackIdentifier:Bad Practice, detailText={"filePath":"src/code/Client.java","startLine":81,"endLine":81,"startColumn":31,"endColumn":53,"rule":"UnusedPrivateMethod","category":"Best Practices","message":"Avoid unused private methods such as 'CreateRandomDatesList()'.","priority":"3"}, hasLongFeedbackText=false, reference=PMD, credits=0.0, positive=false, type=AUTOMATIC, visibility=null, testCase=null], FeedbackDTO[id=137, text=SCAFeedbackIdentifier:Potential Bugs, detailText={"filePath":"src/code/Client.java","startLine":94,"endLine":94,"startColumn":9,"endColumn":9,"rule":"EmptyStatementNotInLoop","category":"Error Prone","message":"An empty statement (semicolon) not part of a loop","priority":"3"}, hasLongFeedbackText=false, reference=PMD, credits=0.0, positive=false, type=AUTOMATIC, visibility=null, testCase=null], FeedbackDTO[id=138, text=SCAFeedbackIdentifier:Potential Bugs, detailText={"filePath":"src/code/Client.java","startLine":94,"endLine":94,"startColumn":10,"endColumn":10,"rule":"EmptyStatementNotInLoop","category":"Error Prone","message":"An empty statement (semicolon) not part of a loop","priority":"3"}, hasLongFeedbackText=false, reference=PMD, credits=0.0, positive=false, type=AUTOMATIC, visibility=null, testCase=null], FeedbackDTO[id=139, text=SCAFeedbackIdentifier:Potential Bugs, detailText={"filePath":"src/code/Client.java","startLine":94,"endLine":94,"startColumn":11,"endColumn":11,"rule":"EmptyStatementNotInLoop","category":"Error Prone","message":"An empty statement (semicolon) not part of a loop","priority":"3"}, hasLongFeedbackText=false, reference=PMD, credits=0.0, positive=false, type=AUTOMATIC, visibility=null, testCase=null], FeedbackDTO[id=140, text=SCAFeedbackIdentifier:Code Style, detailText={"filePath":"src/code/Client.java","startLine":73,"endLine":73,"rule":"DLS_DEAD_LOCAL_STORE","category":"STYLE","message":"Dead store to randomDate in code.Client.createRandomDatesList()","priority":"2"}, hasLongFeedbackText=false, reference=SPOTBUGS, credits=0.0, positive=false, type=AUTOMATIC, visibility=null, testCase=null], FeedbackDTO[id=141, text=SCAFeedbackIdentifier:Bad Practice, detailText={"filePath":"src/code/Client.java","startLine":82,"endLine":95,"rule":"NM_METHOD_NAMING_CONVENTION","category":"BAD_PRACTICE","message":"The method name code.Client.CreateRandomDatesList() doesn't start with a lower case letter","priority":"3"}, hasLongFeedbackText=false, reference=SPOTBUGS, credits=0.0, positive=false, type=AUTOMATIC, visibility=null, testCase=null], FeedbackDTO[id=142, text=SCAFeedbackIdentifier:Performance, detailText={"filePath":"src/code/Client.java","startLine":82,"endLine":95,"rule":"UPM_UNCALLED_PRIVATE_METHOD","category":"PERFORMANCE","message":"Private method code.Client.CreateRandomDatesList() is never called","priority":"2"}, hasLongFeedbackText=false, reference=SPOTBUGS, credits=0.0, positive=false, type=AUTOMATIC, visibility=null, testCase=null], FeedbackDTO[id=143, text=SCAFeedbackIdentifier:Code Style, detailText={"filePath":"src/code/Client.java","startLine":70,"endLine":70,"startColumn":9,"endColumn":9,"rule":"NeedBracesCheck","category":"blocks","message":"'for' construct must use '{}'s.","priority":"error"}, hasLongFeedbackText=false, reference=CHECKSTYLE, credits=0.0, positive=false, type=AUTOMATIC, visibility=null, testCase=null], FeedbackDTO[id=144, text=SCAFeedbackIdentifier:Code Style, detailText={"filePath":"src/code/Client.java","startLine":93,"endLine":93,"startColumn":9,"endColumn":9,"rule":"EmptyStatementCheck","category":"coding","message":"Empty statement.","priority":"error"}, hasLongFeedbackText=false, reference=CHECKSTYLE, credits=0.0, positive=false, type=AUTOMATIC, visibility=null, testCase=null], FeedbackDTO[id=145, text=SCAFeedbackIdentifier:Code Style, detailText={"filePath":"src/code/Client.java","startLine":93,"endLine":93,"startColumn":10,"endColumn":10,"rule":"EmptyStatementCheck","category":"coding","message":"Empty statement.","priority":"error"}, hasLongFeedbackText=false, reference=CHECKSTYLE, credits=0.0, positive=false, type=AUTOMATIC, visibility=null, testCase=null], FeedbackDTO[id=146, text=SCAFeedbackIdentifier:Code Style, detailText={"filePath":"src/code/Client.java","startLine":93,"endLine":93,"startColumn":11,"endColumn":11,"rule":"EmptyStatementCheck","category":"coding","message":"Empty statement.","priority":"error"}, hasLongFeedbackText=false, reference=CHECKSTYLE, credits=0.0, positive=false, type=AUTOMATIC, visibility=null, testCase=null]], assessmentType=AUTOMATIC, hasComplaint=null, exampleResult=null, testCaseCount=13, passedTestCaseCount=1, codeIssueCount=15]], BuildJobQueueItem[id=4821739576584632, name=SHORT433BAC4500363044960B6E10DFA0493471B2TSTEXC-LOCALCIINTSTUDENT1, buildAgent=BuildAgentDTO[name=artemis-build-agent-test, memberAddress=[127.0.0.1]:5703, displayName=artemis-build-agent-test], participationId=482, courseId=154, exerciseId=305, retryCount=0, priority=2, status=SUCCESSFUL, repositoryInfo=RepositoryInfo[repositoryName=short433bac4500363044960b6e10dfa0493471b2tstexc-localciintstudent1, repositoryType=user, triggeredByPushTo=user, assignmentRepositoryUri=http://localhost:49152/git/SHORT433BAC4500363044960B6E10DFA0493471B2TSTEXC/short433bac4500363044960b6e10dfa0493471b2tstexc-localciintstudent1.git, testRepositoryUri=http://localhost:49152/git/SHORT433BAC4500363044960B6E10DFA0493471B2TSTEXC/short433bac4500363044960b6e10dfa0493471b2tstexc-tests.git, solutionRepositoryUri=null, auxiliaryRepositoryUris=[Ljava.lang.String;@3cc2dd81, auxiliaryRepositoryCheckoutDirectories=[Ljava.lang.String;@1a7cb4a4], jobTimingInfo=JobTimingInfo[submissionDate=2025-02-14T23:43:04.632341258Z[Etc/UTC], buildStartDate=2025-02-14T23:43:04.637633457Z[Etc/UTC], buildCompletionDate=2025-02-14T23:43:06.421238953Z[Etc/UTC], estimatedCompletionDate=2025-02-14T23:43:23.637623879Z[Etc/UTC], estimatedDuration=19], buildConfig=BuildConfig[buildScript=#!/bin/bash
cd /var/tmp/testing-dir
chmod +x ./gradlew
./gradlew clean test
, dockerImage=dummy-docker-image:latest, commitHashToBuild=8355c4f3cd5d3e0443707d3310206e460e333c6f, assignmentCommitHash=8355c4f3cd5d3e0443707d3310206e460e333c6f, testCommitHash=8355c4f3cd5d3e0443707d3310206e460e333c6f, branch=main, programmingLanguage=JAVA, projectType=PLAIN_GRADLE, scaEnabled=false, sequentialTestRunsEnabled=false, resultPaths=[/var/tmp/testing-dir/**/test-results/test/*.xml], timeoutSeconds=0, assignmentCheckoutPath=null, testCheckoutPath=null, solutionCheckoutPath=null, dockerRunConfig=null], submissionResult=ResultDTO[id=137, completionDate=2025-02-14T23:43:06.404877412Z[Etc/UTC], successful=false, score=7.7, rated=true, submission=SubmissionDTO[id=125, submitted=true, type=MANUAL, exampleSubmission=null, submissionDate=2025-02-14T23:43:04.623230Z, commitHash=8355c4f3cd5d3e0443707d3310206e460e333c6f, buildFailed=false, buildArtifact=false, participation=ParticipationDTO[id=482, testRun=false, type=programming, submissionCount=null, exercise=ParticipationExerciseDTO[id=305, exerciseType=PROGRAMMING, type=programming, assessmentType=AUTOMATIC, dueDate=2025-02-16T23:43:04.425734Z, assessmentDueDate=null, maxPoints=42.0, course=CourseDTO[id=154, accuracyOfScores=1]]], submissionExerciseType=programming, isProcessing=false, buildStartDate=null, estimatedCompletionDate=null], participation=ParticipationDTO[id=482, testRun=false, type=programming, submissionCount=null, exercise=ParticipationExerciseDTO[id=305, exerciseType=PROGRAMMING, type=programming, assessmentType=AUTOMATIC, dueDate=2025-02-16T23:43:04.425734Z, assessmentDueDate=null, maxPoints=42.0, course=CourseDTO[id=154, accuracyOfScores=1]]], feedbacks=[FeedbackDTO[id=147, text=null, detailText=The exercise expects a class with the name Context in the package testpackage. You did not implement the class in the exercise., hasLongFeedbackText=false, reference=null, credits=0.0, positive=false, type=AUTOMATIC, visibility=ALWAYS, testCase=TestCaseDTO[testName=null, id=104]], FeedbackDTO[id=148, text=null, detailText=The exercise expects a class with the name Policy in the package testpackage. You did not implement the class in the exercise., hasLongFeedbackText=false, reference=null, credits=0.0, positive=false, type=AUTOMATIC, visibility=ALWAYS, testCase=TestCaseDTO[testName=null, id=105]], FeedbackDTO[id=149, text=null, detailText=The exercise expects a class with the name SortStrategy in the package testpackage. You did not implement the class in the exercise., hasLongFeedbackText=false, reference=null, credits=0.0, positive=false, type=AUTOMATIC, visibility=ALWAYS, testCase=TestCaseDTO[testName=null, id=106]], FeedbackDTO[id=150, text=null, detailText=The class 'MergeSort' does not implement the interface 'SortStrategy' as expected. Implement the interface and its methods., hasLongFeedbackText=false, reference=null, credits=0.0, positive=false, type=AUTOMATIC, visibility=ALWAYS, testCase=TestCaseDTO[testName=null, id=101]], FeedbackDTO[id=151, text=null, detailText=The exercise expects a class with the name SortStrategy in the package testpackage. You did not implement the class in the exercise., hasLongFeedbackText=false, reference=null, credits=0.0, positive=false, type=AUTOMATIC, visibility=ALWAYS, testCase=TestCaseDTO[testName=null, id=98]], FeedbackDTO[id=152, text=null, detailText=The class 'BubbleSort' does not implement the interface 'SortStrategy' as expected. Implement the interface and its methods., hasLongFeedbackText=false, reference=null, credits=0.0, positive=false, type=AUTOMATIC, visibility=ALWAYS, testCase=TestCaseDTO[testName=null, id=102]], FeedbackDTO[id=153, text=null, detailText=MergeSort does not sort correctly, hasLongFeedbackText=false, reference=null, credits=0.0, positive=false, type=AUTOMATIC, visibility=ALWAYS, testCase=TestCaseDTO[testName=null, id=107]], FeedbackDTO[id=154, text=null, detailText=The class 'Context' was not found within the submission. Make sure to implement it properly., hasLongFeedbackText=false, reference=null, credits=0.0, positive=false, type=AUTOMATIC, visibility=ALWAYS, testCase=TestCaseDTO[testName=null, id=108]], FeedbackDTO[id=155, text=null, detailText=The class 'Context' was not found within the submission. Make sure to implement it properly., hasLongFeedbackText=false, reference=null, credits=0.0, positive=false, type=AUTOMATIC, visibility=ALWAYS, testCase=TestCaseDTO[testName=null, id=109]], FeedbackDTO[id=156, text=null, detailText=The exercise expects a class with the name Policy in the package testpackage. You did not implement the class in the exercise., hasLongFeedbackText=false, reference=null, credits=0.0, positive=false, type=AUTOMATIC, visibility=ALWAYS, testCase=TestCaseDTO[testName=null, id=103]], FeedbackDTO[id=157, text=null, detailText=The exercise expects a class with the name Context in the package testpackage. You did not implement the class in the exercise., hasLongFeedbackText=false, reference=null, credits=0.0, positive=false, type=AUTOMATIC, visibility=ALWAYS, testCase=TestCaseDTO[testName=null, id=99]], FeedbackDTO[id=158, text=null, detailText=The exercise expects a class with the name Policy in the package testpackage. You did not implement the class in the exercise., hasLongFeedbackText=false, reference=null, credits=0.0, positive=false, type=AUTOMATIC, visibility=ALWAYS, testCase=TestCaseDTO[testName=null, id=100]], FeedbackDTO[id=159, text=null, detailText=null, hasLongFeedbackText=false, reference=null, credits=3.230769230769231, positive=true, type=AUTOMATIC, visibility=ALWAYS, testCase=TestCaseDTO[testName=null, id=110]]], assessmentType=AUTOMATIC, hasComplaint=null, exampleResult=null, testCaseCount=13, passedTestCaseCount=1, codeIssueCount=0]], BuildJobQueueItem[id=4851739576588371, name=SHORT495D587A0856D04A9E08BC60D2E08365FB9ETSTEXC-LOCALCIINTSTUDENT1, buildAgent=BuildAgentDTO[name=artemis-build-agent-test, memberAddress=[127.0.0.1]:5703, displayName=artemis-build-agent-test], participationId=485, courseId=155, exerciseId=306, retryCount=0, priority=2, status=FAILED, repositoryInfo=RepositoryInfo[repositoryName=short495d587a0856d04a9e08bc60d2e08365fb9etstexc-localciintstudent1, repositoryType=user, triggeredByPushTo=user, assignmentRepositoryUri=http://localhost:49152/git/SHORT495D587A0856D04A9E08BC60D2E08365FB9ETSTEXC/short495d587a0856d04a9e08bc60d2e08365fb9etstexc-localciintstudent1.git, testRepositoryUri=http://localhost:49152/git/SHORT495D587A0856D04A9E08BC60D2E08365FB9ETSTEXC/short495d587a0856d04a9e08bc60d2e08365fb9etstexc-tests.git, solutionRepositoryUri=null, auxiliaryRepositoryUris=[Ljava.lang.String;@6059622f, auxiliaryRepositoryCheckoutDirectories=[Ljava.lang.String;@6dcbab91], jobTimingInfo=JobTimingInfo[submissionDate=2025-02-14T23:43:08.371015915Z[Etc/UTC], buildStartDate=2025-02-14T23:43:08.374658929Z[Etc/UTC], buildCompletionDate=2025-02-14T23:43:09.341007666Z[Etc/UTC], estimatedCompletionDate=2025-02-14T23:43:27.374650503Z[Etc/UTC], estimatedDuration=19], buildConfig=BuildConfig[buildScript=#!/bin/bash
cd /var/tmp/testing-dir
chmod +x ./gradlew
./gradlew clean test
, dockerImage=dummy-docker-image:latest, commitHashToBuild=ebb8aa4dc3625fe07e975266e18313ad871ce864, assignmentCommitHash=9b3a9bd71a0d80e5bbc42204c319ed3d1d4f0d6d, testCommitHash=9b3a9bd71a0d80e5bbc42204c319ed3d1d4f0d6d, branch=main, programmingLanguage=JAVA, projectType=PLAIN_GRADLE, scaEnabled=false, sequentialTestRunsEnabled=false, resultPaths=[/var/tmp/testing-dir/**/test-results/test/*.xml], timeoutSeconds=0, assignmentCheckoutPath=null, testCheckoutPath=null, solutionCheckoutPath=null, dockerRunConfig=null], submissionResult=ResultDTO[id=138, completionDate=2025-02-14T23:43:09.343306574Z[Etc/UTC], successful=false, score=0.0, rated=true, submission=SubmissionDTO[id=127, submitted=true, type=MANUAL, exampleSubmission=null, submissionDate=2025-02-14T23:43:09.343306574Z[Etc/UTC], commitHash=9b3a9bd71a0d80e5bbc42204c319ed3d1d4f0d6d, buildFailed=true, buildArtifact=false, participation=ParticipationDTO[id=485, testRun=false, type=programming, submissionCount=null, exercise=ParticipationExerciseDTO[id=306, exerciseType=PROGRAMMING, type=programming, assessmentType=AUTOMATIC, dueDate=2025-02-16T23:43:08.185273Z, assessmentDueDate=null, maxPoints=42.0, course=CourseDTO[id=155, accuracyOfScores=1]]], submissionExerciseType=programming, isProcessing=false, buildStartDate=null, estimatedCompletionDate=null], participation=ParticipationDTO[id=485, testRun=false, type=programming, submissionCount=null, exercise=ParticipationExerciseDTO[id=306, exerciseType=PROGRAMMING, type=programming, assessmentType=AUTOMATIC, dueDate=2025-02-16T23:43:08.185273Z, assessmentDueDate=null, maxPoints=42.0, course=CourseDTO[id=155, accuracyOfScores=1]]], feedbacks=[], assessmentType=AUTOMATIC, hasComplaint=null, exampleResult=null, testCaseCount=0, passedTestCaseCount=0, codeIssueCount=0]], BuildJobQueueItem[id=4881739576590204, name=SHORT80B5DD0E0D6B304EBB096E9020B949996A1CTSTEXC-LOCALCIINTSTUDENT1, buildAgent=BuildAgentDTO[name=artemis-build-agent-test, memberAddress=[127.0.0.1]:5703, displayName=artemis-build-agent-test], participationId=488, courseId=156, exerciseId=307, retryCount=0, priority=2, status=SUCCESSFUL, repositoryInfo=RepositoryInfo[repositoryName=short80b5dd0e0d6b304ebb096e9020b949996a1ctstexc-localciintstudent1, repositoryType=user, triggeredByPushTo=user, assignmentRepositoryUri=http://localhost:49152/git/SHORT80B5DD0E0D6B304EBB096E9020B949996A1CTSTEXC/short80b5dd0e0d6b304ebb096e9020b949996a1ctstexc-localciintstudent1.git, testRepositoryUri=http://localhost:49152/git/SHORT80B5DD0E0D6B304EBB096E9020B949996A1CTSTEXC/short80b5dd0e0d6b304ebb096e9020b949996a1ctstexc-tests.git, solutionRepositoryUri=null, auxiliaryRepositoryUris=[Ljava.lang.String;@474f5d7c, auxiliaryRepositoryCheckoutDirectories=[Ljava.lang.String;@38e908a5], jobTimingInfo=JobTimingInfo[submissionDate=2025-02-14T23:43:10.204264160Z[Etc/UTC], buildStartDate=2025-02-14T23:43:10.223149139Z[Etc/UTC], buildCompletionDate=2025-02-14T23:43:12.086509109Z[Etc/UTC], estimatedCompletionDate=2025-02-14T23:43:29.223142246Z[Etc/UTC], estimatedDuration=19], buildConfig=BuildConfig[buildScript=#!/bin/bash
cd /var/tmp/testing-dir
chmod +x ./gradlew
./gradlew clean test
, dockerImage=dummy-docker-image:latest, commitHashToBuild=b806a93102242552beed7c01b08b2769731814b3, assignmentCommitHash=b806a93102242552beed7c01b08b2769731814b3, testCommitHash=b806a93102242552beed7c01b08b2769731814b3, branch=main, programmingLanguage=JAVA, projectType=PLAIN_GRADLE, scaEnabled=false, sequentialTestRunsEnabled=false, resultPaths=[/var/tmp/testing-dir/**/test-results/test/*.xml], timeoutSeconds=0, assignmentCheckoutPath=null, testCheckoutPath=null, solutionCheckoutPath=null, dockerRunConfig=null], submissionResult=ResultDTO[id=139, completionDate=2025-02-14T23:43:12.066436124Z[Etc/UTC], successful=false, score=0.0, rated=true, submission=SubmissionDTO[id=128, submitted=true, type=MANUAL, exampleSubmission=null, submissionDate=2025-02-14T23:43:10.192407Z, commitHash=b806a93102242552beed7c01b08b2769731814b3, buildFailed=true, buildArtifact=false, participation=ParticipationDTO[id=488, testRun=false, type=programming, submissionCount=null, exercise=ParticipationExerciseDTO[id=307, exerciseType=PROGRAMMING, type=programming, assessmentType=AUTOMATIC, dueDate=2025-02-16T23:43:09.986646Z, assessmentDueDate=null, maxPoints=42.0, course=CourseDTO[id=156, accuracyOfScores=1]]], submissionExerciseType=programming, isProcessing=false, buildStartDate=null, estimatedCompletionDate=null], participation=ParticipationDTO[id=488, testRun=false, type=programming, submissionCount=null, exercise=ParticipationExerciseDTO[id=307, exerciseType=PROGRAMMING, type=programming, assessmentType=AUTOMATIC, dueDate=2025-02-16T23:43:09.986646Z, assessmentDueDate=null, maxPoints=42.0, course=CourseDTO[id=156, accuracyOfScores=1]]], feedbacks=[], assessmentType=AUTOMATIC, hasComplaint=null, exampleResult=null, testCaseCount=0, passedTestCaseCount=0, codeIssueCount=0]], BuildJobQueueItem[id=4911739576593817, name=SHORT585B2198089880462509B3007867E72DFB7ATSTEXC-LOCALCIINTSTUDENT1, buildAgent=BuildAgentDTO[name=artemis-build-agent-test, memberAddress=[127.0.0.1]:5703, displayName=artemis-build-agent-test], participationId=491, courseId=157, exerciseId=308, retryCount=0, priority=2, status=SUCCESSFUL, repositoryInfo=RepositoryInfo[repositoryName=short585b2198089880462509b3007867e72dfb7atstexc-localciintstudent1, repositoryType=user, triggeredByPushTo=user, assignmentRepositoryUri=http://localhost:49152/git/SHORT585B2198089880462509B3007867E72DFB7ATSTEXC/short585b2198089880462509b3007867e72dfb7atstexc-localciintstudent1.git, testRepositoryUri=http://localhost:49152/git/SHORT585B2198089880462509B3007867E72DFB7ATSTEXC/short585b2198089880462509b3007867e72dfb7atstexc-tests.git, solutionRepositoryUri=null, auxiliaryRepositoryUris=[Ljava.lang.String;@130a4d8d, auxiliaryRepositoryCheckoutDirectories=[Ljava.lang.String;@23adfb5e], jobTimingInfo=JobTimingInfo[submissionDate=2025-02-14T23:43:13.817124706Z[Etc/UTC], buildStartDate=2025-02-14T23:43:13.834335931Z[Etc/UTC], buildCompletionDate=2025-02-14T23:43:15.746259139Z[Etc/UTC], estimatedCompletionDate=2025-02-14T23:43:32.834326082Z[Etc/UTC], estimatedDuration=19], buildConfig=BuildConfig[buildScript=#!/bin/bash
cd /var/tmp/testing-dir
chmod +x ./gradlew
./gradlew clean test
, dockerImage=dummy-docker-image:latest, commitHashToBuild=42077d078a5d5042fe2d4bd8299a990d342fce6e, assignmentCommitHash=42077d078a5d5042fe2d4bd8299a990d342fce6e, testCommitHash=42077d078a5d5042fe2d4bd8299a990d342fce6e, branch=main, programmingLanguage=JAVA, projectType=PLAIN_GRADLE, scaEnabled=false, sequentialTestRunsEnabled=false, resultPaths=[/var/tmp/testing-dir/**/test-results/test/*.xml], timeoutSeconds=0, assignmentCheckoutPath=null, testCheckoutPath=null, solutionCheckoutPath=null, dockerRunConfig=null], submissionResult=ResultDTO[id=140, completionDate=2025-02-14T23:43:15.725343914Z[Etc/UTC], successful=false, score=0.0, rated=true, submission=SubmissionDTO[id=129, submitted=true, type=MANUAL, exampleSubmission=null, submissionDate=2025-02-14T23:43:13.805401Z, commitHash=42077d078a5d5042fe2d4bd8299a990d342fce6e, buildFailed=false, buildArtifact=false, participation=ParticipationDTO[id=491, testRun=false, type=programming, submissionCount=null, exercise=ParticipationExerciseDTO[id=308, exerciseType=PROGRAMMING, type=programming, assessmentType=AUTOMATIC, dueDate=2025-02-16T23:43:13.569213Z, assessmentDueDate=null, maxPoints=42.0, course=CourseDTO[id=157, accuracyOfScores=1]]], submissionExerciseType=programming, isProcessing=false, buildStartDate=null, estimatedCompletionDate=null], participation=ParticipationDTO[id=491, testRun=false, type=programming, submissionCount=null, exercise=ParticipationExerciseDTO[id=308, exerciseType=PROGRAMMING, type=programming, assessmentType=AUTOMATIC, dueDate=2025-02-16T23:43:13.569213Z, assessmentDueDate=null, maxPoints=42.0, course=CourseDTO[id=157, accuracyOfScores=1]]], feedbacks=[FeedbackDTO[id=160, text=null, detailText=Deine Einreichung enthält keine Ausgabe. (67cac2), hasLongFeedbackText=false, reference=null, credits=0.0, positive=false, type=AUTOMATIC, visibility=ALWAYS, testCase=TestCaseDTO[testName=null, id=146]], FeedbackDTO[id=161, text=null, detailText=test `add` failed on ≥ 1 cases:
(0, 0)
Your submission raised an error Failure("TODO add"), hasLongFeedbackText=false, reference=null, credits=0.0, positive=false, type=AUTOMATIC, visibility=ALWAYS, testCase=TestCaseDTO[testName=null, id=149]], FeedbackDTO[id=162, text=null, detailText=test `filter` failed on ≥ 1 cases:
(even, [1; 2; 3; 4])
Your submission raised an error Failure("TODO filter"), hasLongFeedbackText=false, reference=null, credits=0.0, positive=false, type=AUTOMATIC, visibility=ALWAYS, testCase=TestCaseDTO[testName=null, id=148]], FeedbackDTO[id=163, text=null, detailText=Test was not executed., hasLongFeedbackText=false, reference=null, credits=0.0, positive=null, type=AUTOMATIC, visibility=null, testCase=TestCaseDTO[testName=null, id=137]], FeedbackDTO[id=164, text=null, detailText=Test was not executed., hasLongFeedbackText=false, reference=null, credits=0.0, positive=null, type=AUTOMATIC, visibility=null, testCase=TestCaseDTO[testName=null, id=138]], FeedbackDTO[id=165, text=null, detailText=Test was not executed., hasLongFeedbackText=false, reference=null, credits=0.0, positive=null, type=AUTOMATIC, visibility=null, testCase=TestCaseDTO[testName=null, id=139]], FeedbackDTO[id=166, text=null, detailText=Test was not executed., hasLongFeedbackText=false, reference=null, credits=0.0, positive=null, type=AUTOMATIC, visibility=null, testCase=TestCaseDTO[testName=null, id=140]], FeedbackDTO[id=167, text=null, detailText=Test was not executed., hasLongFeedbackText=false, reference=null, credits=0.0, positive=null, type=AUTOMATIC, visibility=null, testCase=TestCaseDTO[testName=null, id=141]], FeedbackDTO[id=168, text=null, detailText=Test was not executed., hasLongFeedbackText=false, reference=null, credits=0.0, positive=null, type=AUTOMATIC, visibility=null, testCase=TestCaseDTO[testName=null, id=142]], FeedbackDTO[id=169, text=null, detailText=Test was not executed., hasLongFeedbackText=false, reference=null, credits=0.0, positive=null, type=AUTOMATIC, visibility=null, testCase=TestCaseDTO[testName=null, id=143]], FeedbackDTO[id=170, text=null, detailText=Test was not executed., hasLongFeedbackText=false, reference=null, credits=0.0, positive=null, type=AUTOMATIC, visibility=null, testCase=TestCaseDTO[testName=null, id=144]], FeedbackDTO[id=171, text=null, detailText=Test was not executed., hasLongFeedbackText=false, reference=null, credits=0.0, positive=null, type=AUTOMATIC, visibility=null, testCase=TestCaseDTO[testName=null, id=145]], FeedbackDTO[id=172, text=null, detailText=Test was not executed., hasLongFeedbackText=false, reference=null, credits=0.0, positive=null, type=AUTOMATIC, visibility=null, testCase=TestCaseDTO[testName=null, id=147]]], assessmentType=AUTOMATIC, hasComplaint=null, exampleResult=null, testCaseCount=13, passedTestCaseCount=0, codeIssueCount=0]], BuildJobQueueItem[id=4941739576597286, name=SHORTFBCBD7BF0E6EB0451A080E80FCB407DC1F12TSTEXC-LOCALCIINTSTUDENT1, buildAgent=BuildAgentDTO[name=artemis-build-agent-test, memberAddress=[127.0.0.1]:5703, displayName=artemis-build-agent-test], participationId=494, courseId=158, exerciseId=309, retryCount=0, priority=2, status=SUCCESSFUL, repositoryInfo=RepositoryInfo[repositoryName=shortfbcbd7bf0e6eb0451a080e80fcb407dc1f12tstexc-localciintstudent1, repositoryType=user, triggeredByPushTo=user, assignmentRepositoryUri=http://localhost:49152/git/SHORTFBCBD7BF0E6EB0451A080E80FCB407DC1F12TSTEXC/shortfbcbd7bf0e6eb0451a080e80fcb407dc1f12tstexc-localciintstudent1.git, testRepositoryUri=http://localhost:49152/git/SHORTFBCBD7BF0E6EB0451A080E80FCB407DC1F12TSTEXC/shortfbcbd7bf0e6eb0451a080e80fcb407dc1f12tstexc-tests.git, solutionRepositoryUri=null, auxiliaryRepositoryUris=[Ljava.lang.String;@1eb4e6ea, auxiliaryRepositoryCheckoutDirectories=[Ljava.lang.String;@6ee879b9], jobTimingInfo=JobTimingInfo[submissionDate=2025-02-14T23:43:17.286977233Z[Etc/UTC], buildStartDate=2025-02-14T23:43:17.293977347Z[Etc/UTC], buildCompletionDate=2025-02-14T23:43:18.740990762Z[Etc/UTC], estimatedCompletionDate=2025-02-14T23:43:36.293970494Z[Etc/UTC], estimatedDuration=19], buildConfig=BuildConfig[buildScript=#!/bin/bash
cd /var/tmp/testing-dir
chmod +x ./gradlew
./gradlew clean test
, dockerImage=dummy-docker-image:latest, commitHashToBuild=4a1af7e8a64e6505c5fc09b9f81ea41af9fcff44, assignmentCommitHash=4a1af7e8a64e6505c5fc09b9f81ea41af9fcff44, testCommitHash=4a1af7e8a64e6505c5fc09b9f81ea41af9fcff44, branch=main, programmingLanguage=JAVA, projectType=PLAIN_GRADLE, scaEnabled=false, sequentialTestRunsEnabled=false, resultPaths=[/var/tmp/testing-dir/**/test-results/test/*.xml], timeoutSeconds=0, assignmentCheckoutPath=null, testCheckoutPath=null, solutionCheckoutPath=null, dockerRunConfig=null], submissionResult=ResultDTO[id=141, completionDate=2025-02-14T23:43:18.729015138Z[Etc/UTC], successful=false, score=0.0, rated=true, submission=SubmissionDTO[id=130, submitted=true, type=MANUAL, exampleSubmission=null, submissionDate=2025-02-14T23:43:17.272936Z, commitHash=4a1af7e8a64e6505c5fc09b9f81ea41af9fcff44, buildFailed=true, buildArtifact=false, participation=ParticipationDTO[id=494, testRun=false, type=programming, submissionCount=null, exercise=ParticipationExerciseDTO[id=309, exerciseType=PROGRAMMING, type=programming, assessmentType=AUTOMATIC, dueDate=2025-02-16T23:43:17.147218Z, assessmentDueDate=null, maxPoints=42.0, course=CourseDTO[id=158, accuracyOfScores=1]]], submissionExerciseType=programming, isProcessing=false, buildStartDate=null, estimatedCompletionDate=null], participation=ParticipationDTO[id=494, testRun=false, type=programming, submissionCount=null, exercise=ParticipationExerciseDTO[id=309, exerciseType=PROGRAMMING, type=programming, assessmentType=AUTOMATIC, dueDate=2025-02-16T23:43:17.147218Z, assessmentDueDate=null, maxPoints=42.0, course=CourseDTO[id=158, accuracyOfScores=1]]], feedbacks=[], assessmentType=AUTOMATIC, hasComplaint=null, exampleResult=null, testCaseCount=0, passedTestCaseCount=0, codeIssueCount=0]], BuildJobQueueItem[id=4971739576599269, name=SHORT52AD57270517204728083260501A19D262D1TSTEXC-LOCALCIINTSTUDENT1, buildAgent=BuildAgentDTO[name=artemis-build-agent-test, memberAddress=[127.0.0.1]:5703, displayName=artemis-build-agent-test], participationId=497, courseId=159, exerciseId=310, retryCount=0, priority=2, status=SUCCESSFUL, repositoryInfo=RepositoryInfo[repositoryName=short52ad57270517204728083260501a19d262d1tstexc-localciintstudent1, repositoryType=user, triggeredByPushTo=user, assignmentRepositoryUri=http://localhost:49152/git/SHORT52AD57270517204728083260501A19D262D1TSTEXC/short52ad57270517204728083260501a19d262d1tstexc-localciintstudent1.git, testRepositoryUri=http://localhost:49152/git/SHORT52AD57270517204728083260501A19D262D1TSTEXC/short52ad57270517204728083260501a19d262d1tstexc-tests.git, solutionRepositoryUri=null, auxiliaryRepositoryUris=[Ljava.lang.String;@2fcf37cc, auxiliaryRepositoryCheckoutDirectories=[Ljava.lang.String;@63f44e60], jobTimingInfo=JobTimingInfo[submissionDate=2025-02-14T23:43:19.269997499Z[Etc/UTC], buildStartDate=2025-02-14T23:43:19.277325895Z[Etc/UTC], buildCompletionDate=2025-02-14T23:43:20.497391524Z[Etc/UTC], estimatedCompletionDate=2025-02-14T23:43:38.277310787Z[Etc/UTC], estimatedDuration=19], buildConfig=BuildConfig[buildScript=#!/bin/bash
cd /var/tmp/testing-dir
chmod +x ./gradlew
./gradlew clean test
, dockerImage=dummy-docker-image:latest, commitHashToBuild=9f4f76247a188e9a0f3516a9fbd60e829d53fb05, assignmentCommitHash=9f4f76247a188e9a0f3516a9fbd60e829d53fb05, testCommitHash=9f4f76247a188e9a0f3516a9fbd60e829d53fb05, branch=main, programmingLanguage=JAVA, projectType=PLAIN_GRADLE, scaEnabled=false, sequentialTestRunsEnabled=false, resultPaths=[/var/tmp/testing-dir/**/test-results/test/*.xml], timeoutSeconds=0, assignmentCheckoutPath=null, testCheckoutPath=null, solutionCheckoutPath=null, dockerRunConfig=null], submissionResult=ResultDTO[id=142, completionDate=2025-02-14T23:43:20.484244187Z[Etc/UTC], successful=false, score=7.7, rated=true, submission=SubmissionDTO[id=131, submitted=true, type=MANUAL, exampleSubmission=null, submissionDate=2025-02-14T23:43:19.265464Z, commitHash=9f4f76247a188e9a0f3516a9fbd60e829d53fb05, buildFailed=false, buildArtifact=false, participation=ParticipationDTO[id=497, testRun=false, type=programming, submissionCount=null, exercise=ParticipationExerciseDTO[id=310, exerciseType=PROGRAMMING, type=programming, assessmentType=AUTOMATIC, dueDate=2025-02-16T23:43:19.182228Z, assessmentDueDate=null, maxPoints=42.0, course=CourseDTO[id=159, accuracyOfScores=1]]], submissionExerciseType=programming, isProcessing=false, buildStartDate=null, estimatedCompletionDate=null], participation=ParticipationDTO[id=497, testRun=false, type=programming, submissionCount=null, exercise=ParticipationExerciseDTO[id=310, exerciseType=PROGRAMMING, type=programming, assessmentType=AUTOMATIC, dueDate=2025-02-16T23:43:19.182228Z, assessmentDueDate=null, maxPoints=42.0, course=CourseDTO[id=159, accuracyOfScores=1]]], feedbacks=[FeedbackDTO[id=173, text=null, detailText=The exercise expects a class with the name Context in the package testpackage. You did not implement the class in the exercise., hasLongFeedbackText=false, reference=null, credits=0.0, positive=false, type=AUTOMATIC, visibility=ALWAYS, testCase=TestCaseDTO[testName=null, id=169]], FeedbackDTO[id=174, text=null, detailText=The exercise expects a class with the name Policy in the package testpackage. You did not implement the class in the exercise., hasLongFeedbackText=false, reference=null, credits=0.0, positive=false, type=AUTOMATIC, visibility=ALWAYS, testCase=TestCaseDTO[testName=null, id=170]], FeedbackDTO[id=175, text=null, detailText=The exercise expects a class with the name SortStrategy in the package testpackage. You did not implement the class in the exercise., hasLongFeedbackText=false, reference=null, credits=0.0, positive=false, type=AUTOMATIC, visibility=ALWAYS, testCase=TestCaseDTO[testName=null, id=171]], FeedbackDTO[id=176, text=null, detailText=The class 'MergeSort' does not implement the interface 'SortStrategy' as expected. Implement the interface and its methods., hasLongFeedbackText=false, reference=null, credits=0.0, positive=false, type=AUTOMATIC, visibility=ALWAYS, testCase=TestCaseDTO[testName=null, id=166]], FeedbackDTO[id=177, text=null, detailText=The exercise expects a class with the name SortStrategy in the package testpackage. You did not implement the class in the exercise., hasLongFeedbackText=false, reference=null, credits=0.0, positive=false, type=AUTOMATIC, visibility=ALWAYS, testCase=TestCaseDTO[testName=null, id=163]], FeedbackDTO[id=178, text=null, detailText=The class 'BubbleSort' does not implement the interface 'SortStrategy' as expected. Implement the interface and its methods., hasLongFeedbackText=false, reference=null, credits=0.0, positive=false, type=AUTOMATIC, visibility=ALWAYS, testCase=TestCaseDTO[testName=null, id=167]], FeedbackDTO[id=179, text=null, detailText=MergeSort does not sort correctly, hasLongFeedbackText=false, reference=null, credits=0.0, positive=false, type=AUTOMATIC, visibility=ALWAYS, testCase=TestCaseDTO[testName=null, id=172]], FeedbackDTO[id=180, text=null, detailText=The class 'Context' was not found within the submission. Make sure to implement it properly., hasLongFeedbackText=false, reference=null, credits=0.0, positive=false, type=AUTOMATIC, visibility=ALWAYS, testCase=TestCaseDTO[testName=null, id=173]], FeedbackDTO[id=181, text=null, detailText=The class 'Context' was not found within the submission. Make sure to implement it properly., hasLongFeedbackText=false, reference=null, credits=0.0, positive=false, type=AUTOMATIC, visibility=ALWAYS, testCase=TestCaseDTO[testName=null, id=174]], FeedbackDTO[id=182, text=null, detailText=The exercise expects a class with the name Policy in the package testpackage. You did not implement the class in the exercise., hasLongFeedbackText=false, reference=null, credits=0.0, positive=false, type=AUTOMATIC, visibility=ALWAYS, testCase=TestCaseDTO[testName=null, id=168]], FeedbackDTO[id=183, text=null, detailText=The exercise expects a class with the name Context in the package testpackage. You did not implement the class in the exercise., hasLongFeedbackText=false, reference=null, credits=0.0, positive=false, type=AUTOMATIC, visibility=ALWAYS, testCase=TestCaseDTO[testName=null, id=164]], FeedbackDTO[id=184, text=null, detailText=The exercise expects a class with the name Policy in the package testpackage. You did not implement the class in the exercise., hasLongFeedbackText=false, reference=null, credits=0.0, positive=false, type=AUTOMATIC, visibility=ALWAYS, testCase=TestCaseDTO[testName=null, id=165]], FeedbackDTO[id=185, text=null, detailText=null, hasLongFeedbackText=false, reference=null, credits=3.230769230769231, positive=true, type=AUTOMATIC, visibility=ALWAYS, testCase=TestCaseDTO[testName=null, id=175]]], assessmentType=AUTOMATIC, hasComplaint=null, exampleResult=null, testCaseCount=13, passedTestCaseCount=1, codeIssueCount=0]], BuildJobQueueItem[id=5001739576601035, name=SHORT582B1BDC0A17704D6D0A46800FC19163DA47TSTEXC-LOCALCIINTSTUDENT1, buildAgent=BuildAgentDTO[name=artemis-build-agent-test, memberAddress=[127.0.0.1]:5703, displayName=artemis-build-agent-test], participationId=500, courseId=160, exerciseId=311, retryCount=0, priority=2, status=SUCCESSFUL, repositoryInfo=RepositoryInfo[repositoryName=short582b1bdc0a17704d6d0a46800fc19163da47tstexc-localciintstudent1, repositoryType=user, triggeredByPushTo=user, assignmentRepositoryUri=http://localhost:49152/git/SHORT582B1BDC0A17704D6D0A46800FC19163DA47TSTEXC/short582b1bdc0a17704d6d0a46800fc19163da47tstexc-localciintstudent1.git, testRepositoryUri=http://localhost:49152/git/SHORT582B1BDC0A17704D6D0A46800FC19163DA47TSTEXC/short582b1bdc0a17704d6d0a46800fc19163da47tstexc-tests.git, solutionRepositoryUri=null, auxiliaryRepositoryUris=[Ljava.lang.String;@5a4e7742, auxiliaryRepositoryCheckoutDirectories=[Ljava.lang.String;@7746e803], jobTimingInfo=JobTimingInfo[submissionDate=2025-02-14T23:43:21.035120760Z[Etc/UTC], buildStartDate=2025-02-14T23:43:21.040320383Z[Etc/UTC], buildCompletionDate=2025-02-14T23:43:22.581236903Z[Etc/UTC], estimatedCompletionDate=2025-02-14T23:43:40.040312057Z[Etc/UTC], estimatedDuration=19], buildConfig=BuildConfig[buildScript=#!/bin/bash
cd /var/tmp/testing-dir
chmod +x ./gradlew
./gradlew clean test
, dockerImage=dummy-docker-image:latest, commitHashToBuild=887566cf754016f986627cf5c5c365dea16c907f, assignmentCommitHash=887566cf754016f986627cf5c5c365dea16c907f, testCommitHash=6af67146332066e7430917928a4b9b81c43b7c71, branch=main, programmingLanguage=JAVA, projectType=PLAIN_GRADLE, scaEnabled=false, sequentialTestRunsEnabled=false, resultPaths=[/var/tmp/testing-dir/**/test-results/test/*.xml], timeoutSeconds=0, assignmentCheckoutPath=customAssignmentPath, testCheckoutPath=null, solutionCheckoutPath=null, dockerRunConfig=null], submissionResult=ResultDTO[id=143, completionDate=2025-02-14T23:43:22.538158998Z[Etc/UTC], successful=false, score=7.7, rated=true, submission=SubmissionDTO[id=132, submitted=true, type=MANUAL, exampleSubmission=null, submissionDate=2025-02-14T23:43:21.028930Z, commitHash=887566cf754016f986627cf5c5c365dea16c907f, buildFailed=false, buildArtifact=false, participation=ParticipationDTO[id=500, testRun=false, type=programming, submissionCount=null, exercise=ParticipationExerciseDTO[id=311, exerciseType=PROGRAMMING, type=programming, assessmentType=AUTOMATIC, dueDate=2025-02-16T23:43:20.897280Z, assessmentDueDate=null, maxPoints=42.0, course=CourseDTO[id=160, accuracyOfScores=1]]], submissionExerciseType=programming, isProcessing=false, buildStartDate=null, estimatedCompletionDate=null], participation=ParticipationDTO[id=500, testRun=false, type=programming, submissionCount=null, exercise=ParticipationExerciseDTO[id=311, exerciseType=PROGRAMMING, type=programming, assessmentType=AUTOMATIC, dueDate=2025-02-16T23:43:20.897280Z, assessmentDueDate=null, maxPoints=42.0, course=CourseDTO[id=160, accuracyOfScores=1]]], feedbacks=[FeedbackDTO[id=186, text=null, detailText=The exercise expects a class with the name Context in the package testpackage. You did not implement the class in the exercise., hasLongFeedbackText=false, reference=null, credits=0.0, positive=false, type=AUTOMATIC, visibility=ALWAYS, testCase=TestCaseDTO[testName=null, id=182]], FeedbackDTO[id=187, text=null, detailText=The exercise expects a class with the name Policy in the package testpackage. You did not implement the class in the exercise., hasLongFeedbackText=false, reference=null, credits=0.0, positive=false, type=AUTOMATIC, visibility=ALWAYS, testCase=TestCaseDTO[testName=null, id=183]], FeedbackDTO[id=188, text=null, detailText=The exercise expects a class with the name SortStrategy in the package testpackage. You did not implement the class in the exercise., hasLongFeedbackText=false, reference=null, credits=0.0, positive=false, type=AUTOMATIC, visibility=ALWAYS, testCase=TestCaseDTO[testName=null, id=184]], FeedbackDTO[id=189, text=null, detailText=The class 'MergeSort' does not implement the interface 'SortStrategy' as expected. Implement the interface and its methods., hasLongFeedbackText=false, reference=null, credits=0.0, positive=false, type=AUTOMATIC, visibility=ALWAYS, testCase=TestCaseDTO[testName=null, id=179]], FeedbackDTO[id=190, text=null, detailText=The exercise expects a class with the name SortStrategy in the package testpackage. You did not implement the class in the exercise., hasLongFeedbackText=false, reference=null, credits=0.0, positive=false, type=AUTOMATIC, visibility=ALWAYS, testCase=TestCaseDTO[testName=null, id=176]], FeedbackDTO[id=191, text=null, detailText=The class 'BubbleSort' does not implement the interface 'SortStrategy' as expected. Implement the interface and its methods., hasLongFeedbackText=false, reference=null, credits=0.0, positive=false, type=AUTOMATIC, visibility=ALWAYS, testCase=TestCaseDTO[testName=null, id=180]], FeedbackDTO[id=192, text=null, detailText=MergeSort does not sort correctly, hasLongFeedbackText=false, reference=null, credits=0.0, positive=false, type=AUTOMATIC, visibility=ALWAYS, testCase=TestCaseDTO[testName=null, id=185]], FeedbackDTO[id=193, text=null, detailText=The class 'Context' was not found within the submission. Make sure to implement it properly., hasLongFeedbackText=false, reference=null, credits=0.0, positive=false, type=AUTOMATIC, visibility=ALWAYS, testCase=TestCaseDTO[testName=null, id=186]], FeedbackDTO[id=194, text=null, detailText=The class 'Context' was not found within the submission. Make sure to implement it properly., hasLongFeedbackText=false, reference=null, credits=0.0, positive=false, type=AUTOMATIC, visibility=ALWAYS, testCase=TestCaseDTO[testName=null, id=187]], FeedbackDTO[id=195, text=null, detailText=The exercise expects a class with the name Policy in the package testpackage. You did not implement the class in the exercise., hasLongFeedbackText=false, reference=null, credits=0.0, positive=false, type=AUTOMATIC, visibility=ALWAYS, testCase=TestCaseDTO[testName=null, id=181]], FeedbackDTO[id=196, text=null, detailText=The exercise expects a class with the name Context in the package testpackage. You did not implement the class in the exercise., hasLongFeedbackText=false, reference=null, credits=0.0, positive=false, type=AUTOMATIC, visibility=ALWAYS, testCase=TestCaseDTO[testName=null, id=177]], FeedbackDTO[id=197, text=null, detailText=The exercise expects a class with the name Policy in the package testpackage. You did not implement the class in the exercise., hasLongFeedbackText=false, reference=null, credits=0.0, positive=false, type=AUTOMATIC, visibility=ALWAYS, testCase=TestCaseDTO[testName=null, id=178]], FeedbackDTO[id=198, text=null, detailText=null, hasLongFeedbackText=false, reference=null, credits=3.230769230769231, positive=true, type=AUTOMATIC, visibility=ALWAYS, testCase=TestCaseDTO[testName=null, id=188]]], assessmentType=AUTOMATIC, hasComplaint=null, exampleResult=null, testCaseCount=13, passedTestCaseCount=1, codeIssueCount=0]], BuildJobQueueItem[id=5031739576604847, name=SHORT00FA1A240403404C7E097D7007C591BE2AB1TSTEXC-LOCALCIINTSTUDENT1, buildAgent=BuildAgentDTO[name=artemis-build-agent-test, memberAddress=[127.0.0.1]:5703, displayName=artemis-build-agent-test], participationId=503, courseId=161, exerciseId=312, retryCount=0, priority=2, status=FAILED, repositoryInfo=RepositoryInfo[repositoryName=short00fa1a240403404c7e097d7007c591be2ab1tstexc-localciintstudent1, repositoryType=user, triggeredByPushTo=user, assignmentRepositoryUri=http://localhost:49152/git/SHORT00FA1A240403404C7E097D7007C591BE2AB1TSTEXC/short00fa1a240403404c7e097d7007c591be2ab1tstexc-localciintstudent1.git, testRepositoryUri=http://localhost:49152/git/SHORT00FA1A240403404C7E097D7007C591BE2AB1TSTEXC/short00fa1a240403404c7e097d7007c591be2ab1tstexc-tests.git, solutionRepositoryUri=null, auxiliaryRepositoryUris=[Ljava.lang.String;@2161c070, auxiliaryRepositoryCheckoutDirectories=[Ljava.lang.String;@60270d72], jobTimingInfo=JobTimingInfo[submissionDate=2025-02-14T23:43:24.847396156Z[Etc/UTC], buildStartDate=2025-02-14T23:43:24.860457211Z[Etc/UTC], buildCompletionDate=2025-02-14T23:43:26.809353681Z[Etc/UTC], estimatedCompletionDate=2025-02-14T23:43:46.860451490Z[Etc/UTC], estimatedDuration=22], buildConfig=BuildConfig[buildScript=#!/bin/bash
cd /var/tmp/testing-dir
chmod +x ./gradlew
./gradlew clean test
, dockerImage=dummy-docker-image:latest, commitHashToBuild=9690714a509af0a98c6790a7e52ee3574c7ef689, assignmentCommitHash=9690714a509af0a98c6790a7e52ee3574c7ef689, testCommitHash=9690714a509af0a98c6790a7e52ee3574c7ef689, branch=main, programmingLanguage=JAVA, projectType=PLAIN_GRADLE, scaEnabled=false, sequentialTestRunsEnabled=false, resultPaths=[/var/tmp/testing-dir/**/test-results/test/*.xml], timeoutSeconds=0, assignmentCheckoutPath=null, testCheckoutPath=null, solutionCheckoutPath=null, dockerRunConfig=null], submissionResult=ResultDTO[id=144, completionDate=2025-02-14T23:43:26.809483684Z[Etc/UTC], successful=false, score=0.0, rated=true, submission=SubmissionDTO[id=133, submitted=true, type=MANUAL, exampleSubmission=null, submissionDate=2025-02-14T23:43:24.841319Z, commitHash=9690714a509af0a98c6790a7e52ee3574c7ef689, buildFailed=true, buildArtifact=false, participation=ParticipationDTO[id=503, testRun=false, type=programming, submissionCount=null, exercise=ParticipationExerciseDTO[id=312, exerciseType=PROGRAMMING, type=programming, assessmentType=AUTOMATIC, dueDate=2025-02-16T23:43:24.571329Z, assessmentDueDate=null, maxPoints=42.0, course=CourseDTO[id=161, accuracyOfScores=1]]], submissionExerciseType=programming, isProcessing=false, buildStartDate=null, estimatedCompletionDate=null], participation=ParticipationDTO[id=503, testRun=false, type=programming, submissionCount=null, exercise=ParticipationExerciseDTO[id=312, exerciseType=PROGRAMMING, type=programming, assessmentType=AUTOMATIC, dueDate=2025-02-16T23:43:24.571329Z, assessmentDueDate=null, maxPoints=42.0, course=CourseDTO[id=161, accuracyOfScores=1]]], feedbacks=[], assessmentType=AUTOMATIC, hasComplaint=null, exampleResult=null, testCaseCount=0, passedTestCaseCount=0, codeIssueCount=0]], BuildJobQueueItem[id=5061739576605250, name=SHORT62C808EE04ECE040740AF7B0CF3AE5F5BEF2TSTEXC-LOCALCIINTSTUDENT1, buildAgent=BuildAgentDTO[name=artemis-build-agent-test, memberAddress=[127.0.0.1]:5703, displayName=artemis-build-agent-test], participationId=506, courseId=162, exerciseId=313, retryCount=0, priority=2, status=SUCCESSFUL, repositoryInfo=RepositoryInfo[repositoryName=short62c808ee04ece040740af7b0cf3ae5f5bef2tstexc-localciintstudent1, repositoryType=user, triggeredByPushTo=user, assignmentRepositoryUri=http://localhost:49152/git/SHORT62C808EE04ECE040740AF7B0CF3AE5F5BEF2TSTEXC/short62c808ee04ece040740af7b0cf3ae5f5bef2tstexc-localciintstudent1.git, testRepositoryUri=http://localhost:49152/git/SHORT62C808EE04ECE040740AF7B0CF3AE5F5BEF2TSTEXC/short62c808ee04ece040740af7b0cf3ae5f5bef2tstexc-tests.git, solutionRepositoryUri=null, auxiliaryRepositoryUris=[Ljava.lang.String;@49fa8253, auxiliaryRepositoryCheckoutDirectories=[Ljava.lang.String;@9bc6d9f], jobTimingInfo=JobTimingInfo[submissionDate=2025-02-14T23:43:25.250749866Z[Etc/UTC], buildStartDate=2025-02-14T23:43:26.820713075Z[Etc/UTC], buildCompletionDate=2025-02-14T23:43:28.304236378Z[Etc/UTC], estimatedCompletionDate=2025-02-14T23:43:45.820704920Z[Etc/UTC], estimatedDuration=19], buildConfig=BuildConfig[buildScript=#!/bin/bash
cd /var/tmp/testing-dir
chmod +x ./gradlew
./gradlew clean test
, dockerImage=dummy-docker-image:latest, commitHashToBuild=993b6f756e3e52a44d0537d4fa3a5d0e0acdbe89, assignmentCommitHash=993b6f756e3e52a44d0537d4fa3a5d0e0acdbe89, testCommitHash=993b6f756e3e52a44d0537d4fa3a5d0e0acdbe89, branch=main, programmingLanguage=JAVA, projectType=null, scaEnabled=false, sequentialTestRunsEnabled=false, resultPaths=[/var/tmp/testing-dir/**/test-results/test/*.xml], timeoutSeconds=0, assignmentCheckoutPath=null, testCheckoutPath=null, solutionCheckoutPath=null, dockerRunConfig=null], submissionResult=ResultDTO[id=145, completionDate=2025-02-14T23:43:28.269051286Z[Etc/UTC], successful=false, score=7.7, rated=true, submission=SubmissionDTO[id=134, submitted=true, type=MANUAL, exampleSubmission=null, submissionDate=2025-02-14T23:43:25.241685Z, commitHash=993b6f756e3e52a44d0537d4fa3a5d0e0acdbe89, buildFailed=false, buildArtifact=false, participation=ParticipationDTO[id=506, testRun=false, type=programming, submissionCount=null, exercise=ParticipationExerciseDTO[id=313, exerciseType=PROGRAMMING, type=programming, assessmentType=AUTOMATIC, dueDate=2025-02-16T23:43:24.986721Z, assessmentDueDate=null, maxPoints=42.0, course=CourseDTO[id=162, accuracyOfScores=1]]], submissionExerciseType=programming, isProcessing=false, buildStartDate=null, estimatedCompletionDate=null], participation=ParticipationDTO[id=506, testRun=false, type=programming, submissionCount=null, exercise=ParticipationExerciseDTO[id=313, exerciseType=PROGRAMMING, type=programming, assessmentType=AUTOMATIC, dueDate=2025-02-16T23:43:24.986721Z, assessmentDueDate=null, maxPoints=42.0, course=CourseDTO[id=162, accuracyOfScores=1]]], feedbacks=[FeedbackDTO[id=199, text=null, detailText=The exercise expects a class with the name Context in the package testpackage. You did not implement the class in the exercise., hasLongFeedbackText=false, reference=null, credits=0.0, positive=false, type=AUTOMATIC, visibility=ALWAYS, testCase=TestCaseDTO[testName=null, id=208]], FeedbackDTO[id=200, text=null, detailText=The exercise expects a class with the name Policy in the package testpackage. You did not implement the class in the exercise., hasLongFeedbackText=false, reference=null, credits=0.0, positive=false, type=AUTOMATIC, visibility=ALWAYS, testCase=TestCaseDTO[testName=null, id=209]], FeedbackDTO[id=201, text=null, detailText=The exercise expects a class with the name SortStrategy in the package testpackage. You did not implement the class in the exercise., hasLongFeedbackText=false, reference=null, credits=0.0, positive=false, type=AUTOMATIC, visibility=ALWAYS, testCase=TestCaseDTO[testName=null, id=210]], FeedbackDTO[id=202, text=null, detailText=The class 'MergeSort' does not implement the interface 'SortStrategy' as expected. Implement the interface and its methods., hasLongFeedbackText=false, reference=null, credits=0.0, positive=false, type=AUTOMATIC, visibility=ALWAYS, testCase=TestCaseDTO[testName=null, id=205]], FeedbackDTO[id=203, text=null, detailText=The exercise expects a class with the name SortStrategy in the package testpackage. You did not implement the class in the exercise., hasLongFeedbackText=false, reference=null, credits=0.0, positive=false, type=AUTOMATIC, visibility=ALWAYS, testCase=TestCaseDTO[testName=null, id=202]], FeedbackDTO[id=204, text=null, detailText=The class 'BubbleSort' does not implement the interface 'SortStrategy' as expected. Implement the interface and its methods., hasLongFeedbackText=false, reference=null, credits=0.0, positive=false, type=AUTOMATIC, visibility=ALWAYS, testCase=TestCaseDTO[testName=null, id=206]], FeedbackDTO[id=205, text=null, detailText=MergeSort does not sort correctly, hasLongFeedbackText=false, reference=null, credits=0.0, positive=false, type=AUTOMATIC, visibility=ALWAYS, testCase=TestCaseDTO[testName=null, id=211]], FeedbackDTO[id=206, text=null, detailText=The class 'Context' was not found within the submission. Make sure to implement it properly., hasLongFeedbackText=false, reference=null, credits=0.0, positive=false, type=AUTOMATIC, visibility=ALWAYS, testCase=TestCaseDTO[testName=null, id=212]], FeedbackDTO[id=207, text=null, detailText=The class 'Context' was not found within the submission. Make sure to implement it properly., hasLongFeedbackText=false, reference=null, credits=0.0, positive=false, type=AUTOMATIC, visibility=ALWAYS, testCase=TestCaseDTO[testName=null, id=213]], FeedbackDTO[id=208, text=null, detailText=The exercise expects a class with the name Policy in the package testpackage. You did not implement the class in the exercise., hasLongFeedbackText=false, reference=null, credits=0.0, positive=false, type=AUTOMATIC, visibility=ALWAYS, testCase=TestCaseDTO[testName=null, id=207]], FeedbackDTO[id=209, text=null, detailText=The exercise expects a class with the name Context in the package testpackage. You did not implement the class in the exercise., hasLongFeedbackText=false, reference=null, credits=0.0, positive=false, type=AUTOMATIC, visibility=ALWAYS, testCase=TestCaseDTO[testName=null, id=203]], FeedbackDTO[id=210, text=null, detailText=The exercise expects a class with the name Policy in the package testpackage. You did not implement the class in the exercise., hasLongFeedbackText=false, reference=null, credits=0.0, positive=false, type=AUTOMATIC, visibility=ALWAYS, testCase=TestCaseDTO[testName=null, id=204]], FeedbackDTO[id=211, text=null, detailText=null, hasLongFeedbackText=false, reference=null, credits=3.230769230769231, positive=true, type=AUTOMATIC, visibility=ALWAYS, testCase=TestCaseDTO[testName=null, id=214]]], assessmentType=AUTOMATIC, hasComplaint=null, exampleResult=null, testCaseCount=13, passedTestCaseCount=1, codeIssueCount=0]]], publicSshKey=ssh-rsa AAAAB3NzaC1yc2EAAAADAQABAAACAQCOPdMsxRE2jFJ/UEa5/LsBxtwzJcrh3/rYBCQvcMeVpiRfhzQPWu7mrt/G2Ew+i+vRloGH9aqKg6dd1liRncao53Zmd/ePxoatXePNhmzTfkCkcSkTUz7B+QMjkoDDV5jwuFPD6mF3JkhuzSi64n9Zy905t4w2IhVcjM2mL3eYNjiCXt6Qpq3Pkt7dM/Ksw1nxnvuiIALuJLB3FTkXkHqq3PJav+9HSq2r6ZaWgekneaGxlQlb+U+Vy3XOuArKAzK8c8i+0bR+AHiTG6ncYXt7ax3U+TdlDTF7OLP3umwaYjs1NBXOHwG42pevvpKn2fqavZZozk+M05jXLx3bq0O7itxfErWc7etky8qYPyyIMF/txQIVLd78+Ze4d7Y60t5MGbXM5cGE6fFif5fEJwgswXD+BrG0cafz1CTatjSKFdvp8Vp4VszXhHDan1PrP6JEFJ5Cc5GDmLRZPCFa3vL9f5qXgf4bkqKN8MYeEujwJE5nMRWoiJVNakix2bcrrneQMBlnYeYZVWXXXUusAQBzl4NgddC1umZpihZkL1b1MffZAUW3EGEXi7KHnllQhkTLLsQ8ntMgbylqaJKStqaXlLvdeRJcEnUuiFCrHEVVbXRFZR7XVDZ02CE5o3MuaRPty8Kh+jRTF3COlAckHwYEJCNNJvXFgb2CNXL4mjzYDw== test@localhost]
    23:43:28.394 | 566 localvc.event-13 | DEBUG | s.l.LocalCIWebsocketMessagingService : Sending message on topic /topic/admin/build-agents: [BuildAgentInformation[buildAgent=BuildAgentDTO[name=artemis-build-agent-test, memberAddress=[127.0.0.1]:5703, displayName=artemis-build-agent-test], maxNumberOfConcurrentBuildJobs=1, numberOfCurrentBuildJobs=0, runningBuildJobs=[], status=IDLE, recentBuildJobs=null, publicSshKey=null]]

  Starting logs for AnswerMessageIntegrationTest > testCreateConversationAnswerPost_forbidden()
    23:43:28.396 | 566 localvc.event-13 | DEBUG | s.l.LocalCIWebsocketMessagingService : Sending message on topic /topic/admin/build-agent/artemis-build-agent-test: BuildAgentInformation[buildAgent=BuildAgentDTO[name=artemis-build-agent-test, memberAddress=[127.0.0.1]:5703, displayName=artemis-build-agent-test], maxNumberOfConcurrentBuildJobs=1, numberOfCurrentBuildJobs=0, runningBuildJobs=[], status=IDLE, recentBuildJobs=[BuildJobQueueItem[id=4621739576562326, name=SHORT43ACF76B02BC1044B80938509D14043FABDETSTEXC-LOCALCIINTSTUDENT1, buildAgent=BuildAgentDTO[name=artemis-build-agent-test, memberAddress=[127.0.0.1]:5703, displayName=artemis-build-agent-test], participationId=462, courseId=147, exerciseId=298, retryCount=0, priority=2, status=SUCCESSFUL, repositoryInfo=RepositoryInfo[repositoryName=short43acf76b02bc1044b80938509d14043fabdetstexc-localciintstudent1, repositoryType=user, triggeredByPushTo=user, assignmentRepositoryUri=http://localhost:49152/git/SHORT43ACF76B02BC1044B80938509D14043FABDETSTEXC/short43acf76b02bc1044b80938509d14043fabdetstexc-localciintstudent1.git, testRepositoryUri=http://localhost:49152/git/SHORT43ACF76B02BC1044B80938509D14043FABDETSTEXC/short43acf76b02bc1044b80938509d14043fabdetstexc-tests.git, solutionRepositoryUri=null, auxiliaryRepositoryUris=[Ljava.lang.String;@6390662c, auxiliaryRepositoryCheckoutDirectories=[Ljava.lang.String;@92a2f54], jobTimingInfo=JobTimingInfo[submissionDate=2025-02-14T23:42:42.326978596Z[Etc/UTC], buildStartDate=2025-02-14T23:42:42.420147010Z[Etc/UTC], buildCompletionDate=2025-02-14T23:42:45.573855829Z[Etc/UTC], estimatedCompletionDate=2025-02-14T23:43:01.420129377Z[Etc/UTC], estimatedDuration=19], buildConfig=BuildConfig[buildScript=#!/bin/bash
cd /var/tmp/testing-dir
chmod +x ./gradlew
./gradlew clean test
, dockerImage=dummy-docker-image:latest, commitHashToBuild=a9c717ccf7bcbe9531d3eee21dbaeb5aab2ff971, assignmentCommitHash=a9c717ccf7bcbe9531d3eee21dbaeb5aab2ff971, testCommitHash=a9c717ccf7bcbe9531d3eee21dbaeb5aab2ff971, branch=main, programmingLanguage=JAVA, projectType=PLAIN_GRADLE, scaEnabled=false, sequentialTestRunsEnabled=false, resultPaths=[/var/tmp/testing-dir/**/test-results/test/*.xml], timeoutSeconds=0, assignmentCheckoutPath=null, testCheckoutPath=null, solutionCheckoutPath=null, dockerRunConfig=DockerRunConfig[isNetworkDisabled=true, env=[key=value]]], submissionResult=ResultDTO[id=132, completionDate=2025-02-14T23:42:45.519869118Z[Etc/UTC], successful=false, score=7.7, rated=true, submission=SubmissionDTO[id=119, submitted=true, type=MANUAL, exampleSubmission=null, submissionDate=2025-02-14T23:42:42.302762Z, commitHash=a9c717ccf7bcbe9531d3eee21dbaeb5aab2ff971, buildFailed=false, buildArtifact=false, participation=ParticipationDTO[id=462, testRun=false, type=programming, submissionCount=null, exercise=ParticipationExerciseDTO[id=298, exerciseType=PROGRAMMING, type=programming, assessmentType=AUTOMATIC, dueDate=2025-02-16T23:42:41.553955Z, assessmentDueDate=null, maxPoints=42.0, course=CourseDTO[id=147, accuracyOfScores=1]]], submissionExerciseType=programming, isProcessing=false, buildStartDate=null, estimatedCompletionDate=null], participation=ParticipationDTO[id=462, testRun=false, type=programming, submissionCount=null, exercise=ParticipationExerciseDTO[id=298, exerciseType=PROGRAMMING, type=programming, assessmentType=AUTOMATIC, dueDate=2025-02-16T23:42:41.553955Z, assessmentDueDate=null, maxPoints=42.0, course=CourseDTO[id=147, accuracyOfScores=1]]], feedbacks=[FeedbackDTO[id=67, text=null, detailText=The exercise expects a class with the name Context in the package testpackage. You did not implement the class in the exercise., hasLongFeedbackText=false, reference=null, credits=0.0, positive=false, type=AUTOMATIC, visibility=ALWAYS, testCase=TestCaseDTO[testName=null, id=13]], FeedbackDTO[id=68, text=null, detailText=The exercise expects a class with the name Policy in the package testpackage. You did not implement the class in the exercise., hasLongFeedbackText=false, reference=null, credits=0.0, positive=false, type=AUTOMATIC, visibility=ALWAYS, testCase=TestCaseDTO[testName=null, id=14]], FeedbackDTO[id=69, text=null, detailText=The exercise expects a class with the name SortStrategy in the package testpackage. You did not implement the class in the exercise., hasLongFeedbackText=false, reference=null, credits=0.0, positive=false, type=AUTOMATIC, visibility=ALWAYS, testCase=TestCaseDTO[testName=null, id=15]], FeedbackDTO[id=70, text=null, detailText=The class 'MergeSort' does not implement the interface 'SortStrategy' as expected. Implement the interface and its methods., hasLongFeedbackText=false, reference=null, credits=0.0, positive=false, type=AUTOMATIC, visibility=ALWAYS, testCase=TestCaseDTO[testName=null, id=10]], FeedbackDTO[id=71, text=null, detailText=The exercise expects a class with the name SortStrategy in the package testpackage. You did not implement the class in the exercise., hasLongFeedbackText=false, reference=null, credits=0.0, positive=false, type=AUTOMATIC, visibility=ALWAYS, testCase=TestCaseDTO[testName=null, id=7]], FeedbackDTO[id=72, text=null, detailText=The class 'BubbleSort' does not implement the interface 'SortStrategy' as expected. Implement the interface and its methods., hasLongFeedbackText=false, reference=null, credits=0.0, positive=false, type=AUTOMATIC, visibility=ALWAYS, testCase=TestCaseDTO[testName=null, id=11]], FeedbackDTO[id=73, text=null, detailText=MergeSort does not sort correctly, hasLongFeedbackText=false, reference=null, credits=0.0, positive=false, type=AUTOMATIC, visibility=ALWAYS, testCase=TestCaseDTO[testName=null, id=16]], FeedbackDTO[id=74, text=null, detailText=The class 'Context' was not found within the submission. Make sure to implement it properly., hasLongFeedbackText=false, reference=null, credits=0.0, positive=false, type=AUTOMATIC, visibility=ALWAYS, testCase=TestCaseDTO[testName=null, id=17]], FeedbackDTO[id=75, text=null, detailText=The class 'Context' was not found within the submission. Make sure to implement it properly., hasLongFeedbackText=false, reference=null, credits=0.0, positive=false, type=AUTOMATIC, visibility=ALWAYS, testCase=TestCaseDTO[testName=null, id=18]], FeedbackDTO[id=76, text=null, detailText=The exercise expects a class with the name Policy in the package testpackage. You did not implement the class in the exercise., hasLongFeedbackText=false, reference=null, credits=0.0, positive=false, type=AUTOMATIC, visibility=ALWAYS, testCase=TestCaseDTO[testName=null, id=12]], FeedbackDTO[id=77, text=null, detailText=The exercise expects a class with the name Context in the package testpackage. You did not implement the class in the exercise., hasLongFeedbackText=false, reference=null, credits=0.0, positive=false, type=AUTOMATIC, visibility=ALWAYS, testCase=TestCaseDTO[testName=null, id=8]], FeedbackDTO[id=78, text=null, detailText=The exercise expects a class with the name Policy in the package testpackage. You did not implement the class in the exercise., hasLongFeedbackText=false, reference=null, credits=0.0, positive=false, type=AUTOMATIC, visibility=ALWAYS, testCase=TestCaseDTO[testName=null, id=9]], FeedbackDTO[id=79, text=null, detailText=null, hasLongFeedbackText=false, reference=null, credits=3.230769230769231, positive=true, type=AUTOMATIC, visibility=ALWAYS, testCase=TestCaseDTO[testName=null, id=19]]], assessmentType=AUTOMATIC, hasComplaint=null, exampleResult=null, testCaseCount=13, passedTestCaseCount=1, codeIssueCount=0]], BuildJobQueueItem[id=4651739576569330, name=SHORTB06DD3F905F4604F6E085260D83ED657A6DFTSTEXC-LOCALCIINTSTUDENT1, buildAgent=BuildAgentDTO[name=artemis-build-agent-test, memberAddress=[127.0.0.1]:5703, displayName=artemis-build-agent-test], participationId=465, courseId=148, exerciseId=299, retryCount=0, priority=2, status=SUCCESSFUL, repositoryInfo=RepositoryInfo[repositoryName=shortb06dd3f905f4604f6e085260d83ed657a6dftstexc-localciintstudent1, repositoryType=user, triggeredByPushTo=user, assignmentRepositoryUri=http://localhost:49152/git/SHORTB06DD3F905F4604F6E085260D83ED657A6DFTSTEXC/shortb06dd3f905f4604f6e085260d83ed657a6dftstexc-localciintstudent1.git, testRepositoryUri=http://localhost:49152/git/SHORTB06DD3F905F4604F6E085260D83ED657A6DFTSTEXC/shortb06dd3f905f4604f6e085260d83ed657a6dftstexc-tests.git, solutionRepositoryUri=null, auxiliaryRepositoryUris=[Ljava.lang.String;@2503b577, auxiliaryRepositoryCheckoutDirectories=[Ljava.lang.String;@77e9daad], jobTimingInfo=JobTimingInfo[submissionDate=2025-02-14T23:42:49.330093960Z[Etc/UTC], buildStartDate=2025-02-14T23:42:49.347797345Z[Etc/UTC], buildCompletionDate=2025-02-14T23:42:51.204319751Z[Etc/UTC], estimatedCompletionDate=2025-02-14T23:43:08.347788449Z[Etc/UTC], estimatedDuration=19], buildConfig=BuildConfig[buildScript=#!/bin/bash
cd /var/tmp/testing-dir
chmod +x ./gradlew
./gradlew clean test
, dockerImage=dummy-docker-image:latest, commitHashToBuild=41581fff25954d36cf07586926ee0c77d1003131, assignmentCommitHash=41581fff25954d36cf07586926ee0c77d1003131, testCommitHash=41581fff25954d36cf07586926ee0c77d1003131, branch=main, programmingLanguage=JAVA, projectType=PLAIN_GRADLE, scaEnabled=false, sequentialTestRunsEnabled=false, resultPaths=[/var/tmp/testing-dir/**/test-results/test/*.xml], timeoutSeconds=0, assignmentCheckoutPath=null, testCheckoutPath=null, solutionCheckoutPath=null, dockerRunConfig=null], submissionResult=ResultDTO[id=133, completionDate=2025-02-14T23:42:51.155372920Z[Etc/UTC], successful=false, score=7.7, rated=true, submission=SubmissionDTO[id=120, submitted=true, type=MANUAL, exampleSubmission=null, submissionDate=2025-02-14T23:42:49.321855Z, commitHash=41581fff25954d36cf07586926ee0c77d1003131, buildFailed=false, buildArtifact=false, participation=ParticipationDTO[id=465, testRun=false, type=programming, submissionCount=null, exercise=ParticipationExerciseDTO[id=299, exerciseType=PROGRAMMING, type=programming, assessmentType=AUTOMATIC, dueDate=2025-02-16T23:42:49.163661Z, assessmentDueDate=null, maxPoints=42.0, course=CourseDTO[id=148, accuracyOfScores=1]]], submissionExerciseType=programming, isProcessing=false, buildStartDate=null, estimatedCompletionDate=null], participation=ParticipationDTO[id=465, testRun=false, type=programming, submissionCount=null, exercise=ParticipationExerciseDTO[id=299, exerciseType=PROGRAMMING, type=programming, assessmentType=AUTOMATIC, dueDate=2025-02-16T23:42:49.163661Z, assessmentDueDate=null, maxPoints=42.0, course=CourseDTO[id=148, accuracyOfScores=1]]], feedbacks=[FeedbackDTO[id=80, text=null, detailText=The exercise expects a class with the name Context in the package testpackage. You did not implement the class in the exercise., hasLongFeedbackText=false, reference=null, credits=0.0, positive=false, type=AUTOMATIC, visibility=ALWAYS, testCase=TestCaseDTO[testName=null, id=26]], FeedbackDTO[id=81, text=null, detailText=The exercise expects a class with the name Policy in the package testpackage. You did not implement the class in the exercise., hasLongFeedbackText=false, reference=null, credits=0.0, positive=false, type=AUTOMATIC, visibility=ALWAYS, testCase=TestCaseDTO[testName=null, id=27]], FeedbackDTO[id=82, text=null, detailText=The exercise expects a class with the name SortStrategy in the package testpackage. You did not implement the class in the exercise., hasLongFeedbackText=false, reference=null, credits=0.0, positive=false, type=AUTOMATIC, visibility=ALWAYS, testCase=TestCaseDTO[testName=null, id=28]], FeedbackDTO[id=83, text=null, detailText=The class 'MergeSort' does not implement the interface 'SortStrategy' as expected. Implement the interface and its methods., hasLongFeedbackText=false, reference=null, credits=0.0, positive=false, type=AUTOMATIC, visibility=ALWAYS, testCase=TestCaseDTO[testName=null, id=23]], FeedbackDTO[id=84, text=null, detailText=The exercise expects a class with the name SortStrategy in the package testpackage. You did not implement the class in the exercise., hasLongFeedbackText=false, reference=null, credits=0.0, positive=false, type=AUTOMATIC, visibility=ALWAYS, testCase=TestCaseDTO[testName=null, id=20]], FeedbackDTO[id=85, text=null, detailText=The class 'BubbleSort' does not implement the interface 'SortStrategy' as expected. Implement the interface and its methods., hasLongFeedbackText=false, reference=null, credits=0.0, positive=false, type=AUTOMATIC, visibility=ALWAYS, testCase=TestCaseDTO[testName=null, id=24]], FeedbackDTO[id=86, text=null, detailText=MergeSort does not sort correctly, hasLongFeedbackText=false, reference=null, credits=0.0, positive=false, type=AUTOMATIC, visibility=ALWAYS, testCase=TestCaseDTO[testName=null, id=29]], FeedbackDTO[id=87, text=null, detailText=The class 'Context' was not found within the submission. Make sure to implement it properly., hasLongFeedbackText=false, reference=null, credits=0.0, positive=false, type=AUTOMATIC, visibility=ALWAYS, testCase=TestCaseDTO[testName=null, id=30]], FeedbackDTO[id=88, text=null, detailText=The class 'Context' was not found within the submission. Make sure to implement it properly., hasLongFeedbackText=false, reference=null, credits=0.0, positive=false, type=AUTOMATIC, visibility=ALWAYS, testCase=TestCaseDTO[testName=null, id=31]], FeedbackDTO[id=89, text=null, detailText=The exercise expects a class with the name Policy in the package testpackage. You did not implement the class in the exercise., hasLongFeedbackText=false, reference=null, credits=0.0, positive=false, type=AUTOMATIC, visibility=ALWAYS, testCase=TestCaseDTO[testName=null, id=25]], FeedbackDTO[id=90, text=null, detailText=The exercise expects a class with the name Context in the package testpackage. You did not implement the class in the exercise., hasLongFeedbackText=false, reference=null, credits=0.0, positive=false, type=AUTOMATIC, visibility=ALWAYS, testCase=TestCaseDTO[testName=null, id=21]], FeedbackDTO[id=91, text=null, detailText=The exercise expects a class with the name Policy in the package testpackage. You did not implement the class in the exercise., hasLongFeedbackText=false, reference=null, credits=0.0, positive=false, type=AUTOMATIC, visibility=ALWAYS, testCase=TestCaseDTO[testName=null, id=22]], FeedbackDTO[id=92, text=null, detailText=null, hasLongFeedbackText=false, reference=null, credits=3.230769230769231, positive=true, type=AUTOMATIC, visibility=ALWAYS, testCase=TestCaseDTO[testName=null, id=32]]], assessmentType=AUTOMATIC, hasComplaint=null, exampleResult=null, testCaseCount=13, passedTestCaseCount=1, codeIssueCount=0]], BuildJobQueueItem[id=4681739576573068, name=SHORTBCF65534040390488B0A46605F5F3776B89ATSTEXC-LOCALCIINTSTUDENT1, buildAgent=BuildAgentDTO[name=artemis-build-agent-test, memberAddress=[127.0.0.1]:5703, displayName=artemis-build-agent-test], participationId=468, courseId=149, exerciseId=300, retryCount=0, priority=2, status=SUCCESSFUL, repositoryInfo=RepositoryInfo[repositoryName=shortbcf65534040390488b0a46605f5f3776b89atstexc-localciintstudent1, repositoryType=user, triggeredByPushTo=user, assignmentRepositoryUri=http://localhost:49152/git/SHORTBCF65534040390488B0A46605F5F3776B89ATSTEXC/shortbcf65534040390488b0a46605f5f3776b89atstexc-localciintstudent1.git, testRepositoryUri=http://localhost:49152/git/SHORTBCF65534040390488B0A46605F5F3776B89ATSTEXC/shortbcf65534040390488b0a46605f5f3776b89atstexc-tests.git, solutionRepositoryUri=null, auxiliaryRepositoryUris=[Ljava.lang.String;@17a8737a, auxiliaryRepositoryCheckoutDirectories=[Ljava.lang.String;@4fa0be54], jobTimingInfo=JobTimingInfo[submissionDate=2025-02-14T23:42:53.068019209Z[Etc/UTC], buildStartDate=2025-02-14T23:42:53.092867394Z[Etc/UTC], buildCompletionDate=2025-02-14T23:42:55.086950323Z[Etc/UTC], estimatedCompletionDate=2025-02-14T23:43:12.092858828Z[Etc/UTC], estimatedDuration=19], buildConfig=BuildConfig[buildScript=#!/bin/bash
cd /var/tmp/testing-dir
chmod +x ./gradlew
./gradlew clean test
, dockerImage=dummy-docker-image:latest, commitHashToBuild=2d5c0482fc77d3f5ec0841962528a43054e83170, assignmentCommitHash=2d5c0482fc77d3f5ec0841962528a43054e83170, testCommitHash=7477e25d56ce5fee2c938542a7e7ed4ed085d373, branch=main, programmingLanguage=JAVA, projectType=PLAIN_GRADLE, scaEnabled=false, sequentialTestRunsEnabled=false, resultPaths=[/var/tmp/testing-dir/**/test-results/test/*.xml], timeoutSeconds=0, assignmentCheckoutPath=null, testCheckoutPath=null, solutionCheckoutPath=null, dockerRunConfig=null], submissionResult=ResultDTO[id=134, completionDate=2025-02-14T23:42:55.059618627Z[Etc/UTC], successful=false, score=7.7, rated=true, submission=SubmissionDTO[id=121, submitted=true, type=MANUAL, exampleSubmission=null, submissionDate=2025-02-14T23:42:53.048221Z, commitHash=2d5c0482fc77d3f5ec0841962528a43054e83170, buildFailed=false, buildArtifact=false, participation=ParticipationDTO[id=468, testRun=false, type=programming, submissionCount=null, exercise=ParticipationExerciseDTO[id=300, exerciseType=PROGRAMMING, type=programming, assessmentType=AUTOMATIC, dueDate=2025-02-16T23:42:52.873722Z, assessmentDueDate=null, maxPoints=42.0, course=CourseDTO[id=149, accuracyOfScores=1]]], submissionExerciseType=programming, isProcessing=false, buildStartDate=null, estimatedCompletionDate=null], participation=ParticipationDTO[id=468, testRun=false, type=programming, submissionCount=null, exercise=ParticipationExerciseDTO[id=300, exerciseType=PROGRAMMING, type=programming, assessmentType=AUTOMATIC, dueDate=2025-02-16T23:42:52.873722Z, assessmentDueDate=null, maxPoints=42.0, course=CourseDTO[id=149, accuracyOfScores=1]]], feedbacks=[FeedbackDTO[id=93, text=null, detailText=The exercise expects a class with the name Context in the package testpackage. You did not implement the class in the exercise., hasLongFeedbackText=false, reference=null, credits=0.0, positive=false, type=AUTOMATIC, visibility=ALWAYS, testCase=TestCaseDTO[testName=null, id=39]], FeedbackDTO[id=94, text=null, detailText=The exercise expects a class with the name Policy in the package testpackage. You did not implement the class in the exercise., hasLongFeedbackText=false, reference=null, credits=0.0, positive=false, type=AUTOMATIC, visibility=ALWAYS, testCase=TestCaseDTO[testName=null, id=40]], FeedbackDTO[id=95, text=null, detailText=The exercise expects a class with the name SortStrategy in the package testpackage. You did not implement the class in the exercise., hasLongFeedbackText=false, reference=null, credits=0.0, positive=false, type=AUTOMATIC, visibility=ALWAYS, testCase=TestCaseDTO[testName=null, id=41]], FeedbackDTO[id=96, text=null, detailText=The class 'MergeSort' does not implement the interface 'SortStrategy' as expected. Implement the interface and its methods., hasLongFeedbackText=false, reference=null, credits=0.0, positive=false, type=AUTOMATIC, visibility=ALWAYS, testCase=TestCaseDTO[testName=null, id=36]], FeedbackDTO[id=97, text=null, detailText=The exercise expects a class with the name SortStrategy in the package testpackage. You did not implement the class in the exercise., hasLongFeedbackText=false, reference=null, credits=0.0, positive=false, type=AUTOMATIC, visibility=ALWAYS, testCase=TestCaseDTO[testName=null, id=33]], FeedbackDTO[id=98, text=null, detailText=The class 'BubbleSort' does not implement the interface 'SortStrategy' as expected. Implement the interface and its methods., hasLongFeedbackText=false, reference=null, credits=0.0, positive=false, type=AUTOMATIC, visibility=ALWAYS, testCase=TestCaseDTO[testName=null, id=37]], FeedbackDTO[id=99, text=null, detailText=MergeSort does not sort correctly, hasLongFeedbackText=false, reference=null, credits=0.0, positive=false, type=AUTOMATIC, visibility=ALWAYS, testCase=TestCaseDTO[testName=null, id=42]], FeedbackDTO[id=100, text=null, detailText=The class 'Context' was not found within the submission. Make sure to implement it properly., hasLongFeedbackText=false, reference=null, credits=0.0, positive=false, type=AUTOMATIC, visibility=ALWAYS, testCase=TestCaseDTO[testName=null, id=43]], FeedbackDTO[id=101, text=null, detailText=The class 'Context' was not found within the submission. Make sure to implement it properly., hasLongFeedbackText=false, reference=null, credits=0.0, positive=false, type=AUTOMATIC, visibility=ALWAYS, testCase=TestCaseDTO[testName=null, id=44]], FeedbackDTO[id=102, text=null, detailText=The exercise expects a class with the name Policy in the package testpackage. You did not implement the class in the exercise., hasLongFeedbackText=false, reference=null, credits=0.0, positive=false, type=AUTOMATIC, visibility=ALWAYS, testCase=TestCaseDTO[testName=null, id=38]], FeedbackDTO[id=103, text=null, detailText=The exercise expects a class with the name Context in the package testpackage. You did not implement the class in the exercise., hasLongFeedbackText=false, reference=null, credits=0.0, positive=false, type=AUTOMATIC, visibility=ALWAYS, testCase=TestCaseDTO[testName=null, id=34]], FeedbackDTO[id=104, text=null, detailText=The exercise expects a class with the name Policy in the package testpackage. You did not implement the class in the exercise., hasLongFeedbackText=false, reference=null, credits=0.0, positive=false, type=AUTOMATIC, visibility=ALWAYS, testCase=TestCaseDTO[testName=null, id=35]], FeedbackDTO[id=105, text=null, detailText=null, hasLongFeedbackText=false, reference=null, credits=3.230769230769231, positive=true, type=AUTOMATIC, visibility=ALWAYS, testCase=TestCaseDTO[testName=null, id=45]]], assessmentType=AUTOMATIC, hasComplaint=null, exampleResult=null, testCaseCount=13, passedTestCaseCount=1, codeIssueCount=0]], BuildJobQueueItem[id=4741739576577297, name=SHORT88A9A223023E2047B709E4A029FA08BCF2CFTSTEXC-LOCALCIINTSTUDENT1, buildAgent=BuildAgentDTO[name=artemis-build-agent-test, memberAddress=[127.0.0.1]:5703, displayName=artemis-build-agent-test], participationId=474, courseId=151, exerciseId=302, retryCount=0, priority=2, status=SUCCESSFUL, repositoryInfo=RepositoryInfo[repositoryName=short88a9a223023e2047b709e4a029fa08bcf2cftstexc-localciintstudent1, repositoryType=user, triggeredByPushTo=user, assignmentRepositoryUri=http://localhost:49152/git/SHORT88A9A223023E2047B709E4A029FA08BCF2CFTSTEXC/short88a9a223023e2047b709e4a029fa08bcf2cftstexc-localciintstudent1.git, testRepositoryUri=http://localhost:49152/git/SHORT88A9A223023E2047B709E4A029FA08BCF2CFTSTEXC/short88a9a223023e2047b709e4a029fa08bcf2cftstexc-tests.git, solutionRepositoryUri=null, auxiliaryRepositoryUris=[Ljava.lang.String;@773002da, auxiliaryRepositoryCheckoutDirectories=[Ljava.lang.String;@4e359223], jobTimingInfo=JobTimingInfo[submissionDate=2025-02-14T23:42:57.297342281Z[Etc/UTC], buildStartDate=2025-02-14T23:42:57.308570327Z[Etc/UTC], buildCompletionDate=2025-02-14T23:42:59.047616654Z[Etc/UTC], estimatedCompletionDate=2025-02-14T23:43:16.308558064Z[Etc/UTC], estimatedDuration=19], buildConfig=BuildConfig[buildScript=#!/bin/bash
cd /var/tmp/testing-dir
chmod +x ./gradlew
./gradlew clean test
, dockerImage=dummy-docker-image:latest, commitHashToBuild=736cbea1e46d6849b41266b2bf1cccd3b9ea55b1, assignmentCommitHash=736cbea1e46d6849b41266b2bf1cccd3b9ea55b1, testCommitHash=ea6267edd396a304305339b036512b63e0374c66, branch=main, programmingLanguage=JAVA, projectType=PLAIN_GRADLE, scaEnabled=false, sequentialTestRunsEnabled=false, resultPaths=[/var/tmp/testing-dir/**/test-results/test/*.xml], timeoutSeconds=0, assignmentCheckoutPath=null, testCheckoutPath=null, solutionCheckoutPath=null, dockerRunConfig=null], submissionResult=ResultDTO[id=135, completionDate=2025-02-14T23:42:59.014168821Z[Etc/UTC], successful=false, score=7.7, rated=true, submission=SubmissionDTO[id=123, submitted=true, type=MANUAL, exampleSubmission=null, submissionDate=2025-02-14T23:42:57.278471Z, commitHash=736cbea1e46d6849b41266b2bf1cccd3b9ea55b1, buildFailed=false, buildArtifact=false, participation=ParticipationDTO[id=474, testRun=false, type=programming, submissionCount=null, exercise=ParticipationExerciseDTO[id=302, exerciseType=PROGRAMMING, type=programming, assessmentType=AUTOMATIC, dueDate=2025-02-16T23:42:56.796251Z, assessmentDueDate=null, maxPoints=42.0, course=CourseDTO[id=151, accuracyOfScores=1]]], submissionExerciseType=programming, isProcessing=false, buildStartDate=null, estimatedCompletionDate=null], participation=ParticipationDTO[id=474, testRun=false, type=programming, submissionCount=null, exercise=ParticipationExerciseDTO[id=302, exerciseType=PROGRAMMING, type=programming, assessmentType=AUTOMATIC, dueDate=2025-02-16T23:42:56.796251Z, assessmentDueDate=null, maxPoints=42.0, course=CourseDTO[id=151, accuracyOfScores=1]]], feedbacks=[FeedbackDTO[id=106, text=null, detailText=The exercise expects a class with the name Context in the package testpackage. You did not implement the class in the exercise., hasLongFeedbackText=false, reference=null, credits=0.0, positive=false, type=AUTOMATIC, visibility=ALWAYS, testCase=TestCaseDTO[testName=null, id=65]], FeedbackDTO[id=107, text=null, detailText=The exercise expects a class with the name Policy in the package testpackage. You did not implement the class in the exercise., hasLongFeedbackText=false, reference=null, credits=0.0, positive=false, type=AUTOMATIC, visibility=ALWAYS, testCase=TestCaseDTO[testName=null, id=66]], FeedbackDTO[id=108, text=null, detailText=The exercise expects a class with the name SortStrategy in the package testpackage. You did not implement the class in the exercise., hasLongFeedbackText=false, reference=null, credits=0.0, positive=false, type=AUTOMATIC, visibility=ALWAYS, testCase=TestCaseDTO[testName=null, id=67]], FeedbackDTO[id=109, text=null, detailText=The class 'MergeSort' does not implement the interface 'SortStrategy' as expected. Implement the interface and its methods., hasLongFeedbackText=false, reference=null, credits=0.0, positive=false, type=AUTOMATIC, visibility=ALWAYS, testCase=TestCaseDTO[testName=null, id=62]], FeedbackDTO[id=110, text=null, detailText=The exercise expects a class with the name SortStrategy in the package testpackage. You did not implement the class in the exercise., hasLongFeedbackText=false, reference=null, credits=0.0, positive=false, type=AUTOMATIC, visibility=ALWAYS, testCase=TestCaseDTO[testName=null, id=59]], FeedbackDTO[id=111, text=null, detailText=The class 'BubbleSort' does not implement the interface 'SortStrategy' as expected. Implement the interface and its methods., hasLongFeedbackText=false, reference=null, credits=0.0, positive=false, type=AUTOMATIC, visibility=ALWAYS, testCase=TestCaseDTO[testName=null, id=63]], FeedbackDTO[id=112, text=null, detailText=MergeSort does not sort correctly, hasLongFeedbackText=false, reference=null, credits=0.0, positive=false, type=AUTOMATIC, visibility=ALWAYS, testCase=TestCaseDTO[testName=null, id=68]], FeedbackDTO[id=113, text=null, detailText=The class 'Context' was not found within the submission. Make sure to implement it properly., hasLongFeedbackText=false, reference=null, credits=0.0, positive=false, type=AUTOMATIC, visibility=ALWAYS, testCase=TestCaseDTO[testName=null, id=69]], FeedbackDTO[id=114, text=null, detailText=The class 'Context' was not found within the submission. Make sure to implement it properly., hasLongFeedbackText=false, reference=null, credits=0.0, positive=false, type=AUTOMATIC, visibility=ALWAYS, testCase=TestCaseDTO[testName=null, id=70]], FeedbackDTO[id=115, text=null, detailText=The exercise expects a class with the name Policy in the package testpackage. You did not implement the class in the exercise., hasLongFeedbackText=false, reference=null, credits=0.0, positive=false, type=AUTOMATIC, visibility=ALWAYS, testCase=TestCaseDTO[testName=null, id=64]], FeedbackDTO[id=116, text=null, detailText=The exercise expects a class with the name Context in the package testpackage. You did not implement the class in the exercise., hasLongFeedbackText=false, reference=null, credits=0.0, positive=false, type=AUTOMATIC, visibility=ALWAYS, testCase=TestCaseDTO[testName=null, id=60]], FeedbackDTO[id=117, text=null, detailText=The exercise expects a class with the name Policy in the package testpackage. You did not implement the class in the exercise., hasLongFeedbackText=false, reference=null, credits=0.0, positive=false, type=AUTOMATIC, visibility=ALWAYS, testCase=TestCaseDTO[testName=null, id=61]], FeedbackDTO[id=118, text=null, detailText=null, hasLongFeedbackText=false, reference=null, credits=3.230769230769231, positive=true, type=AUTOMATIC, visibility=ALWAYS, testCase=TestCaseDTO[testName=null, id=71]]], assessmentType=AUTOMATIC, hasComplaint=null, exampleResult=null, testCaseCount=13, passedTestCaseCount=1, codeIssueCount=0]], BuildJobQueueItem[id=4771739576580898, name=SHORT51E611E30D6B60466F0B8BA0AA97F58888C2TSTEXC-LOCALCIINTSTUDENT1, buildAgent=BuildAgentDTO[name=artemis-build-agent-test, memberAddress=[127.0.0.1]:5703, displayName=artemis-build-agent-test], participationId=477, courseId=152, exerciseId=303, retryCount=0, priority=2, status=SUCCESSFUL, repositoryInfo=RepositoryInfo[repositoryName=short51e611e30d6b60466f0b8ba0aa97f58888c2tstexc-localciintstudent1, repositoryType=user, triggeredByPushTo=user, assignmentRepositoryUri=http://localhost:49152/git/SHORT51E611E30D6B60466F0B8BA0AA97F58888C2TSTEXC/short51e611e30d6b60466f0b8ba0aa97f58888c2tstexc-localciintstudent1.git, testRepositoryUri=http://localhost:49152/git/SHORT51E611E30D6B60466F0B8BA0AA97F58888C2TSTEXC/short51e611e30d6b60466f0b8ba0aa97f58888c2tstexc-tests.git, solutionRepositoryUri=null, auxiliaryRepositoryUris=[Ljava.lang.String;@1ad21b3c, auxiliaryRepositoryCheckoutDirectories=[Ljava.lang.String;@504a542c], jobTimingInfo=JobTimingInfo[submissionDate=2025-02-14T23:43:00.898532688Z[Etc/UTC], buildStartDate=2025-02-14T23:43:00.905733056Z[Etc/UTC], buildCompletionDate=2025-02-14T23:43:02.692768910Z[Etc/UTC], estimatedCompletionDate=2025-02-14T23:43:19.905720463Z[Etc/UTC], estimatedDuration=19], buildConfig=BuildConfig[buildScript=#!/bin/bash
cd /var/tmp/testing-dir
chmod +x ./gradlew
./gradlew clean test
, dockerImage=dummy-docker-image:latest, commitHashToBuild=8f3057cbd462f5e3de4e6ba85115f60d8dbb5aea, assignmentCommitHash=8f3057cbd462f5e3de4e6ba85115f60d8dbb5aea, testCommitHash=8f3057cbd462f5e3de4e6ba85115f60d8dbb5aea, branch=main, programmingLanguage=JAVA, projectType=PLAIN_GRADLE, scaEnabled=true, sequentialTestRunsEnabled=false, resultPaths=[/var/tmp/testing-dir/**/test-results/test/*.xml], timeoutSeconds=0, assignmentCheckoutPath=null, testCheckoutPath=null, solutionCheckoutPath=null, dockerRunConfig=null], submissionResult=ResultDTO[id=136, completionDate=2025-02-14T23:43:02.637820510Z[Etc/UTC], successful=false, score=7.7, rated=true, submission=SubmissionDTO[id=124, submitted=true, type=MANUAL, exampleSubmission=null, submissionDate=2025-02-14T23:43:00.886601Z, commitHash=8f3057cbd462f5e3de4e6ba85115f60d8dbb5aea, buildFailed=false, buildArtifact=false, participation=ParticipationDTO[id=477, testRun=false, type=programming, submissionCount=null, exercise=ParticipationExerciseDTO[id=303, exerciseType=PROGRAMMING, type=programming, assessmentType=AUTOMATIC, dueDate=2025-02-16T23:43:00.631824Z, assessmentDueDate=null, maxPoints=42.0, course=CourseDTO[id=152, accuracyOfScores=1]]], submissionExerciseType=programming, isProcessing=false, buildStartDate=null, estimatedCompletionDate=null], participation=ParticipationDTO[id=477, testRun=false, type=programming, submissionCount=null, exercise=ParticipationExerciseDTO[id=303, exerciseType=PROGRAMMING, type=programming, assessmentType=AUTOMATIC, dueDate=2025-02-16T23:43:00.631824Z, assessmentDueDate=null, maxPoints=42.0, course=CourseDTO[id=152, accuracyOfScores=1]]], feedbacks=[FeedbackDTO[id=119, text=null, detailText=The exercise expects a class with the name Context in the package testpackage. You did not implement the class in the exercise., hasLongFeedbackText=false, reference=null, credits=0.0, positive=false, type=AUTOMATIC, visibility=ALWAYS, testCase=TestCaseDTO[testName=null, id=78]], FeedbackDTO[id=120, text=null, detailText=The exercise expects a class with the name Policy in the package testpackage. You did not implement the class in the exercise., hasLongFeedbackText=false, reference=null, credits=0.0, positive=false, type=AUTOMATIC, visibility=ALWAYS, testCase=TestCaseDTO[testName=null, id=79]], FeedbackDTO[id=121, text=null, detailText=The exercise expects a class with the name SortStrategy in the package testpackage. You did not implement the class in the exercise., hasLongFeedbackText=false, reference=null, credits=0.0, positive=false, type=AUTOMATIC, visibility=ALWAYS, testCase=TestCaseDTO[testName=null, id=80]], FeedbackDTO[id=122, text=null, detailText=The class 'MergeSort' does not implement the interface 'SortStrategy' as expected. Implement the interface and its methods., hasLongFeedbackText=false, reference=null, credits=0.0, positive=false, type=AUTOMATIC, visibility=ALWAYS, testCase=TestCaseDTO[testName=null, id=75]], FeedbackDTO[id=123, text=null, detailText=The exercise expects a class with the name SortStrategy in the package testpackage. You did not implement the class in the exercise., hasLongFeedbackText=false, reference=null, credits=0.0, positive=false, type=AUTOMATIC, visibility=ALWAYS, testCase=TestCaseDTO[testName=null, id=72]], FeedbackDTO[id=124, text=null, detailText=The class 'BubbleSort' does not implement the interface 'SortStrategy' as expected. Implement the interface and its methods., hasLongFeedbackText=false, reference=null, credits=0.0, positive=false, type=AUTOMATIC, visibility=ALWAYS, testCase=TestCaseDTO[testName=null, id=76]], FeedbackDTO[id=125, text=null, detailText=MergeSort does not sort correctly, hasLongFeedbackText=false, reference=null, credits=0.0, positive=false, type=AUTOMATIC, visibility=ALWAYS, testCase=TestCaseDTO[testName=null, id=81]], FeedbackDTO[id=126, text=null, detailText=The class 'Context' was not found within the submission. Make sure to implement it properly., hasLongFeedbackText=false, reference=null, credits=0.0, positive=false, type=AUTOMATIC, visibility=ALWAYS, testCase=TestCaseDTO[testName=null, id=82]], FeedbackDTO[id=127, text=null, detailText=The class 'Context' was not found within the submission. Make sure to implement it properly., hasLongFeedbackText=false, reference=null, credits=0.0, positive=false, type=AUTOMATIC, visibility=ALWAYS, testCase=TestCaseDTO[testName=null, id=83]], FeedbackDTO[id=128, text=null, detailText=The exercise expects a class with the name Policy in the package testpackage. You did not implement the class in the exercise., hasLongFeedbackText=false, reference=null, credits=0.0, positive=false, type=AUTOMATIC, visibility=ALWAYS, testCase=TestCaseDTO[testName=null, id=77]], FeedbackDTO[id=129, text=null, detailText=The exercise expects a class with the name Context in the package testpackage. You did not implement the class in the exercise., hasLongFeedbackText=false, reference=null, credits=0.0, positive=false, type=AUTOMATIC, visibility=ALWAYS, testCase=TestCaseDTO[testName=null, id=73]], FeedbackDTO[id=130, text=null, detailText=The exercise expects a class with the name Policy in the package testpackage. You did not implement the class in the exercise., hasLongFeedbackText=false, reference=null, credits=0.0, positive=false, type=AUTOMATIC, visibility=ALWAYS, testCase=TestCaseDTO[testName=null, id=74]], FeedbackDTO[id=131, text=null, detailText=null, hasLongFeedbackText=false, reference=null, credits=3.230769230769231, positive=true, type=AUTOMATIC, visibility=ALWAYS, testCase=TestCaseDTO[testName=null, id=84]], FeedbackDTO[id=132, text=SCAFeedbackIdentifier:Bad Practice, detailText={"filePath":"src/code/Client.java","startLine":6,"endLine":6,"startColumn":1,"endColumn":26,"rule":"UnusedImports","category":"Best Practices","message":"Avoid unused imports such as 'javax.swing.JFrame'","priority":"4"}, hasLongFeedbackText=false, reference=PMD, credits=0.0, positive=false, type=AUTOMATIC, visibility=null, testCase=null], FeedbackDTO[id=133, text=SCAFeedbackIdentifier:Code Style, detailText={"filePath":"src/code/Client.java","startLine":7,"endLine":7,"startColumn":1,"endColumn":19,"rule":"DontImportJavaLang","category":"Code Style","message":"Avoid importing anything from the package java.lang","priority":"4"}, hasLongFeedbackText=false, reference=PMD, credits=0.0, positive=false, type=AUTOMATIC, visibility=null, testCase=null], FeedbackDTO[id=134, text=SCAFeedbackIdentifier:Bad Practice, detailText={"filePath":"src/code/Client.java","startLine":7,"endLine":7,"startColumn":1,"endColumn":19,"rule":"UnusedImports","category":"Best Practices","message":"Avoid unused imports such as 'java.lang'","priority":"4"}, hasLongFeedbackText=false, reference=PMD, credits=0.0, positive=false, type=AUTOMATIC, visibility=null, testCase=null], FeedbackDTO[id=135, text=SCAFeedbackIdentifier:Bad Practice, detailText={"filePath":"src/code/Client.java","startLine":73,"endLine":73,"startColumn":18,"endColumn":27,"rule":"UnusedLocalVariable","category":"Best Practices","message":"Avoid unused local variables such as 'randomDate'.","priority":"3"}, hasLongFeedbackText=false, reference=PMD, credits=0.0, positive=false, type=AUTOMATIC, visibility=null, testCase=null], FeedbackDTO[id=136, text=SCAFeedbackIdentifier:Bad Practice, detailText={"filePath":"src/code/Client.java","startLine":81,"endLine":81,"startColumn":31,"endColumn":53,"rule":"UnusedPrivateMethod","category":"Best Practices","message":"Avoid unused private methods such as 'CreateRandomDatesList()'.","priority":"3"}, hasLongFeedbackText=false, reference=PMD, credits=0.0, positive=false, type=AUTOMATIC, visibility=null, testCase=null], FeedbackDTO[id=137, text=SCAFeedbackIdentifier:Potential Bugs, detailText={"filePath":"src/code/Client.java","startLine":94,"endLine":94,"startColumn":9,"endColumn":9,"rule":"EmptyStatementNotInLoop","category":"Error Prone","message":"An empty statement (semicolon) not part of a loop","priority":"3"}, hasLongFeedbackText=false, reference=PMD, credits=0.0, positive=false, type=AUTOMATIC, visibility=null, testCase=null], FeedbackDTO[id=138, text=SCAFeedbackIdentifier:Potential Bugs, detailText={"filePath":"src/code/Client.java","startLine":94,"endLine":94,"startColumn":10,"endColumn":10,"rule":"EmptyStatementNotInLoop","category":"Error Prone","message":"An empty statement (semicolon) not part of a loop","priority":"3"}, hasLongFeedbackText=false, reference=PMD, credits=0.0, positive=false, type=AUTOMATIC, visibility=null, testCase=null], FeedbackDTO[id=139, text=SCAFeedbackIdentifier:Potential Bugs, detailText={"filePath":"src/code/Client.java","startLine":94,"endLine":94,"startColumn":11,"endColumn":11,"rule":"EmptyStatementNotInLoop","category":"Error Prone","message":"An empty statement (semicolon) not part of a loop","priority":"3"}, hasLongFeedbackText=false, reference=PMD, credits=0.0, positive=false, type=AUTOMATIC, visibility=null, testCase=null], FeedbackDTO[id=140, text=SCAFeedbackIdentifier:Code Style, detailText={"filePath":"src/code/Client.java","startLine":73,"endLine":73,"rule":"DLS_DEAD_LOCAL_STORE","category":"STYLE","message":"Dead store to randomDate in code.Client.createRandomDatesList()","priority":"2"}, hasLongFeedbackText=false, reference=SPOTBUGS, credits=0.0, positive=false, type=AUTOMATIC, visibility=null, testCase=null], FeedbackDTO[id=141, text=SCAFeedbackIdentifier:Bad Practice, detailText={"filePath":"src/code/Client.java","startLine":82,"endLine":95,"rule":"NM_METHOD_NAMING_CONVENTION","category":"BAD_PRACTICE","message":"The method name code.Client.CreateRandomDatesList() doesn't start with a lower case letter","priority":"3"}, hasLongFeedbackText=false, reference=SPOTBUGS, credits=0.0, positive=false, type=AUTOMATIC, visibility=null, testCase=null], FeedbackDTO[id=142, text=SCAFeedbackIdentifier:Performance, detailText={"filePath":"src/code/Client.java","startLine":82,"endLine":95,"rule":"UPM_UNCALLED_PRIVATE_METHOD","category":"PERFORMANCE","message":"Private method code.Client.CreateRandomDatesList() is never called","priority":"2"}, hasLongFeedbackText=false, reference=SPOTBUGS, credits=0.0, positive=false, type=AUTOMATIC, visibility=null, testCase=null], FeedbackDTO[id=143, text=SCAFeedbackIdentifier:Code Style, detailText={"filePath":"src/code/Client.java","startLine":70,"endLine":70,"startColumn":9,"endColumn":9,"rule":"NeedBracesCheck","category":"blocks","message":"'for' construct must use '{}'s.","priority":"error"}, hasLongFeedbackText=false, reference=CHECKSTYLE, credits=0.0, positive=false, type=AUTOMATIC, visibility=null, testCase=null], FeedbackDTO[id=144, text=SCAFeedbackIdentifier:Code Style, detailText={"filePath":"src/code/Client.java","startLine":93,"endLine":93,"startColumn":9,"endColumn":9,"rule":"EmptyStatementCheck","category":"coding","message":"Empty statement.","priority":"error"}, hasLongFeedbackText=false, reference=CHECKSTYLE, credits=0.0, positive=false, type=AUTOMATIC, visibility=null, testCase=null], FeedbackDTO[id=145, text=SCAFeedbackIdentifier:Code Style, detailText={"filePath":"src/code/Client.java","startLine":93,"endLine":93,"startColumn":10,"endColumn":10,"rule":"EmptyStatementCheck","category":"coding","message":"Empty statement.","priority":"error"}, hasLongFeedbackText=false, reference=CHECKSTYLE, credits=0.0, positive=false, type=AUTOMATIC, visibility=null, testCase=null], FeedbackDTO[id=146, text=SCAFeedbackIdentifier:Code Style, detailText={"filePath":"src/code/Client.java","startLine":93,"endLine":93,"startColumn":11,"endColumn":11,"rule":"EmptyStatementCheck","category":"coding","message":"Empty statement.","priority":"error"}, hasLongFeedbackText=false, reference=CHECKSTYLE, credits=0.0, positive=false, type=AUTOMATIC, visibility=null, testCase=null]], assessmentType=AUTOMATIC, hasComplaint=null, exampleResult=null, testCaseCount=13, passedTestCaseCount=1, codeIssueCount=15]], BuildJobQueueItem[id=4821739576584632, name=SHORT433BAC4500363044960B6E10DFA0493471B2TSTEXC-LOCALCIINTSTUDENT1, buildAgent=BuildAgentDTO[name=artemis-build-agent-test, memberAddress=[127.0.0.1]:5703, displayName=artemis-build-agent-test], participationId=482, courseId=154, exerciseId=305, retryCount=0, priority=2, status=SUCCESSFUL, repositoryInfo=RepositoryInfo[repositoryName=short433bac4500363044960b6e10dfa0493471b2tstexc-localciintstudent1, repositoryType=user, triggeredByPushTo=user, assignmentRepositoryUri=http://localhost:49152/git/SHORT433BAC4500363044960B6E10DFA0493471B2TSTEXC/short433bac4500363044960b6e10dfa0493471b2tstexc-localciintstudent1.git, testRepositoryUri=http://localhost:49152/git/SHORT433BAC4500363044960B6E10DFA0493471B2TSTEXC/short433bac4500363044960b6e10dfa0493471b2tstexc-tests.git, solutionRepositoryUri=null, auxiliaryRepositoryUris=[Ljava.lang.String;@271bba2d, auxiliaryRepositoryCheckoutDirectories=[Ljava.lang.String;@45dd8067], jobTimingInfo=JobTimingInfo[submissionDate=2025-02-14T23:43:04.632341258Z[Etc/UTC], buildStartDate=2025-02-14T23:43:04.637633457Z[Etc/UTC], buildCompletionDate=2025-02-14T23:43:06.421238953Z[Etc/UTC], estimatedCompletionDate=2025-02-14T23:43:23.637623879Z[Etc/UTC], estimatedDuration=19], buildConfig=BuildConfig[buildScript=#!/bin/bash
cd /var/tmp/testing-dir
chmod +x ./gradlew
./gradlew clean test
, dockerImage=dummy-docker-image:latest, commitHashToBuild=8355c4f3cd5d3e0443707d3310206e460e333c6f, assignmentCommitHash=8355c4f3cd5d3e0443707d3310206e460e333c6f, testCommitHash=8355c4f3cd5d3e0443707d3310206e460e333c6f, branch=main, programmingLanguage=JAVA, projectType=PLAIN_GRADLE, scaEnabled=false, sequentialTestRunsEnabled=false, resultPaths=[/var/tmp/testing-dir/**/test-results/test/*.xml], timeoutSeconds=0, assignmentCheckoutPath=null, testCheckoutPath=null, solutionCheckoutPath=null, dockerRunConfig=null], submissionResult=ResultDTO[id=137, completionDate=2025-02-14T23:43:06.404877412Z[Etc/UTC], successful=false, score=7.7, rated=true, submission=SubmissionDTO[id=125, submitted=true, type=MANUAL, exampleSubmission=null, submissionDate=2025-02-14T23:43:04.623230Z, commitHash=8355c4f3cd5d3e0443707d3310206e460e333c6f, buildFailed=false, buildArtifact=false, participation=ParticipationDTO[id=482, testRun=false, type=programming, submissionCount=null, exercise=ParticipationExerciseDTO[id=305, exerciseType=PROGRAMMING, type=programming, assessmentType=AUTOMATIC, dueDate=2025-02-16T23:43:04.425734Z, assessmentDueDate=null, maxPoints=42.0, course=CourseDTO[id=154, accuracyOfScores=1]]], submissionExerciseType=programming, isProcessing=false, buildStartDate=null, estimatedCompletionDate=null], participation=ParticipationDTO[id=482, testRun=false, type=programming, submissionCount=null, exercise=ParticipationExerciseDTO[id=305, exerciseType=PROGRAMMING, type=programming, assessmentType=AUTOMATIC, dueDate=2025-02-16T23:43:04.425734Z, assessmentDueDate=null, maxPoints=42.0, course=CourseDTO[id=154, accuracyOfScores=1]]], feedbacks=[FeedbackDTO[id=147, text=null, detailText=The exercise expects a class with the name Context in the package testpackage. You did not implement the class in the exercise., hasLongFeedbackText=false, reference=null, credits=0.0, positive=false, type=AUTOMATIC, visibility=ALWAYS, testCase=TestCaseDTO[testName=null, id=104]], FeedbackDTO[id=148, text=null, detailText=The exercise expects a class with the name Policy in the package testpackage. You did not implement the class in the exercise., hasLongFeedbackText=false, reference=null, credits=0.0, positive=false, type=AUTOMATIC, visibility=ALWAYS, testCase=TestCaseDTO[testName=null, id=105]], FeedbackDTO[id=149, text=null, detailText=The exercise expects a class with the name SortStrategy in the package testpackage. You did not implement the class in the exercise., hasLongFeedbackText=false, reference=null, credits=0.0, positive=false, type=AUTOMATIC, visibility=ALWAYS, testCase=TestCaseDTO[testName=null, id=106]], FeedbackDTO[id=150, text=null, detailText=The class 'MergeSort' does not implement the interface 'SortStrategy' as expected. Implement the interface and its methods., hasLongFeedbackText=false, reference=null, credits=0.0, positive=false, type=AUTOMATIC, visibility=ALWAYS, testCase=TestCaseDTO[testName=null, id=101]], FeedbackDTO[id=151, text=null, detailText=The exercise expects a class with the name SortStrategy in the package testpackage. You did not implement the class in the exercise., hasLongFeedbackText=false, reference=null, credits=0.0, positive=false, type=AUTOMATIC, visibility=ALWAYS, testCase=TestCaseDTO[testName=null, id=98]], FeedbackDTO[id=152, text=null, detailText=The class 'BubbleSort' does not implement the interface 'SortStrategy' as expected. Implement the interface and its methods., hasLongFeedbackText=false, reference=null, credits=0.0, positive=false, type=AUTOMATIC, visibility=ALWAYS, testCase=TestCaseDTO[testName=null, id=102]], FeedbackDTO[id=153, text=null, detailText=MergeSort does not sort correctly, hasLongFeedbackText=false, reference=null, credits=0.0, positive=false, type=AUTOMATIC, visibility=ALWAYS, testCase=TestCaseDTO[testName=null, id=107]], FeedbackDTO[id=154, text=null, detailText=The class 'Context' was not found within the submission. Make sure to implement it properly., hasLongFeedbackText=false, reference=null, credits=0.0, positive=false, type=AUTOMATIC, visibility=ALWAYS, testCase=TestCaseDTO[testName=null, id=108]], FeedbackDTO[id=155, text=null, detailText=The class 'Context' was not found within the submission. Make sure to implement it properly., hasLongFeedbackText=false, reference=null, credits=0.0, positive=false, type=AUTOMATIC, visibility=ALWAYS, testCase=TestCaseDTO[testName=null, id=109]], FeedbackDTO[id=156, text=null, detailText=The exercise expects a class with the name Policy in the package testpackage. You did not implement the class in the exercise., hasLongFeedbackText=false, reference=null, credits=0.0, positive=false, type=AUTOMATIC, visibility=ALWAYS, testCase=TestCaseDTO[testName=null, id=103]], FeedbackDTO[id=157, text=null, detailText=The exercise expects a class with the name Context in the package testpackage. You did not implement the class in the exercise., hasLongFeedbackText=false, reference=null, credits=0.0, positive=false, type=AUTOMATIC, visibility=ALWAYS, testCase=TestCaseDTO[testName=null, id=99]], FeedbackDTO[id=158, text=null, detailText=The exercise expects a class with the name Policy in the package testpackage. You did not implement the class in the exercise., hasLongFeedbackText=false, reference=null, credits=0.0, positive=false, type=AUTOMATIC, visibility=ALWAYS, testCase=TestCaseDTO[testName=null, id=100]], FeedbackDTO[id=159, text=null, detailText=null, hasLongFeedbackText=false, reference=null, credits=3.230769230769231, positive=true, type=AUTOMATIC, visibility=ALWAYS, testCase=TestCaseDTO[testName=null, id=110]]], assessmentType=AUTOMATIC, hasComplaint=null, exampleResult=null, testCaseCount=13, passedTestCaseCount=1, codeIssueCount=0]], BuildJobQueueItem[id=4851739576588371, name=SHORT495D587A0856D04A9E08BC60D2E08365FB9ETSTEXC-LOCALCIINTSTUDENT1, buildAgent=BuildAgentDTO[name=artemis-build-agent-test, memberAddress=[127.0.0.1]:5703, displayName=artemis-build-agent-test], participationId=485, courseId=155, exerciseId=306, retryCount=0, priority=2, status=FAILED, repositoryInfo=RepositoryInfo[repositoryName=short495d587a0856d04a9e08bc60d2e08365fb9etstexc-localciintstudent1, repositoryType=user, triggeredByPushTo=user, assignmentRepositoryUri=http://localhost:49152/git/SHORT495D587A0856D04A9E08BC60D2E08365FB9ETSTEXC/short495d587a0856d04a9e08bc60d2e08365fb9etstexc-localciintstudent1.git, testRepositoryUri=http://localhost:49152/git/SHORT495D587A0856D04A9E08BC60D2E08365FB9ETSTEXC/short495d587a0856d04a9e08bc60d2e08365fb9etstexc-tests.git, solutionRepositoryUri=null, auxiliaryRepositoryUris=[Ljava.lang.String;@4f5c681b, auxiliaryRepositoryCheckoutDirectories=[Ljava.lang.String;@4d35bee8], jobTimingInfo=JobTimingInfo[submissionDate=2025-02-14T23:43:08.371015915Z[Etc/UTC], buildStartDate=2025-02-14T23:43:08.374658929Z[Etc/UTC], buildCompletionDate=2025-02-14T23:43:09.341007666Z[Etc/UTC], estimatedCompletionDate=2025-02-14T23:43:27.374650503Z[Etc/UTC], estimatedDuration=19], buildConfig=BuildConfig[buildScript=#!/bin/bash
cd /var/tmp/testing-dir
chmod +x ./gradlew
./gradlew clean test
, dockerImage=dummy-docker-image:latest, commitHashToBuild=ebb8aa4dc3625fe07e975266e18313ad871ce864, assignmentCommitHash=9b3a9bd71a0d80e5bbc42204c319ed3d1d4f0d6d, testCommitHash=9b3a9bd71a0d80e5bbc42204c319ed3d1d4f0d6d, branch=main, programmingLanguage=JAVA, projectType=PLAIN_GRADLE, scaEnabled=false, sequentialTestRunsEnabled=false, resultPaths=[/var/tmp/testing-dir/**/test-results/test/*.xml], timeoutSeconds=0, assignmentCheckoutPath=null, testCheckoutPath=null, solutionCheckoutPath=null, dockerRunConfig=null], submissionResult=ResultDTO[id=138, completionDate=2025-02-14T23:43:09.343306574Z[Etc/UTC], successful=false, score=0.0, rated=true, submission=SubmissionDTO[id=127, submitted=true, type=MANUAL, exampleSubmission=null, submissionDate=2025-02-14T23:43:09.343306574Z[Etc/UTC], commitHash=9b3a9bd71a0d80e5bbc42204c319ed3d1d4f0d6d, buildFailed=true, buildArtifact=false, participation=ParticipationDTO[id=485, testRun=false, type=programming, submissionCount=null, exercise=ParticipationExerciseDTO[id=306, exerciseType=PROGRAMMING, type=programming, assessmentType=AUTOMATIC, dueDate=2025-02-16T23:43:08.185273Z, assessmentDueDate=null, maxPoints=42.0, course=CourseDTO[id=155, accuracyOfScores=1]]], submissionExerciseType=programming, isProcessing=false, buildStartDate=null, estimatedCompletionDate=null], participation=ParticipationDTO[id=485, testRun=false, type=programming, submissionCount=null, exercise=ParticipationExerciseDTO[id=306, exerciseType=PROGRAMMING, type=programming, assessmentType=AUTOMATIC, dueDate=2025-02-16T23:43:08.185273Z, assessmentDueDate=null, maxPoints=42.0, course=CourseDTO[id=155, accuracyOfScores=1]]], feedbacks=[], assessmentType=AUTOMATIC, hasComplaint=null, exampleResult=null, testCaseCount=0, passedTestCaseCount=0, codeIssueCount=0]], BuildJobQueueItem[id=4881739576590204, name=SHORT80B5DD0E0D6B304EBB096E9020B949996A1CTSTEXC-LOCALCIINTSTUDENT1, buildAgent=BuildAgentDTO[name=artemis-build-agent-test, memberAddress=[127.0.0.1]:5703, displayName=artemis-build-agent-test], participationId=488, courseId=156, exerciseId=307, retryCount=0, priority=2, status=SUCCESSFUL, repositoryInfo=RepositoryInfo[repositoryName=short80b5dd0e0d6b304ebb096e9020b949996a1ctstexc-localciintstudent1, repositoryType=user, triggeredByPushTo=user, assignmentRepositoryUri=http://localhost:49152/git/SHORT80B5DD0E0D6B304EBB096E9020B949996A1CTSTEXC/short80b5dd0e0d6b304ebb096e9020b949996a1ctstexc-localciintstudent1.git, testRepositoryUri=http://localhost:49152/git/SHORT80B5DD0E0D6B304EBB096E9020B949996A1CTSTEXC/short80b5dd0e0d6b304ebb096e9020b949996a1ctstexc-tests.git, solutionRepositoryUri=null, auxiliaryRepositoryUris=[Ljava.lang.String;@3785bfb1, auxiliaryRepositoryCheckoutDirectories=[Ljava.lang.String;@1e72cf9e], jobTimingInfo=JobTimingInfo[submissionDate=2025-02-14T23:43:10.204264160Z[Etc/UTC], buildStartDate=2025-02-14T23:43:10.223149139Z[Etc/UTC], buildCompletionDate=2025-02-14T23:43:12.086509109Z[Etc/UTC], estimatedCompletionDate=2025-02-14T23:43:29.223142246Z[Etc/UTC], estimatedDuration=19], buildConfig=BuildConfig[buildScript=#!/bin/bash
cd /var/tmp/testing-dir
chmod +x ./gradlew
./gradlew clean test
, dockerImage=dummy-docker-image:latest, commitHashToBuild=b806a93102242552beed7c01b08b2769731814b3, assignmentCommitHash=b806a93102242552beed7c01b08b2769731814b3, testCommitHash=b806a93102242552beed7c01b08b2769731814b3, branch=main, programmingLanguage=JAVA, projectType=PLAIN_GRADLE, scaEnabled=false, sequentialTestRunsEnabled=false, resultPaths=[/var/tmp/testing-dir/**/test-results/test/*.xml], timeoutSeconds=0, assignmentCheckoutPath=null, testCheckoutPath=null, solutionCheckoutPath=null, dockerRunConfig=null], submissionResult=ResultDTO[id=139, completionDate=2025-02-14T23:43:12.066436124Z[Etc/UTC], successful=false, score=0.0, rated=true, submission=SubmissionDTO[id=128, submitted=true, type=MANUAL, exampleSubmission=null, submissionDate=2025-02-14T23:43:10.192407Z, commitHash=b806a93102242552beed7c01b08b2769731814b3, buildFailed=true, buildArtifact=false, participation=ParticipationDTO[id=488, testRun=false, type=programming, submissionCount=null, exercise=ParticipationExerciseDTO[id=307, exerciseType=PROGRAMMING, type=programming, assessmentType=AUTOMATIC, dueDate=2025-02-16T23:43:09.986646Z, assessmentDueDate=null, maxPoints=42.0, course=CourseDTO[id=156, accuracyOfScores=1]]], submissionExerciseType=programming, isProcessing=false, buildStartDate=null, estimatedCompletionDate=null], participation=ParticipationDTO[id=488, testRun=false, type=programming, submissionCount=null, exercise=ParticipationExerciseDTO[id=307, exerciseType=PROGRAMMING, type=programming, assessmentType=AUTOMATIC, dueDate=2025-02-16T23:43:09.986646Z, assessmentDueDate=null, maxPoints=42.0, course=CourseDTO[id=156, accuracyOfScores=1]]], feedbacks=[], assessmentType=AUTOMATIC, hasComplaint=null, exampleResult=null, testCaseCount=0, passedTestCaseCount=0, codeIssueCount=0]], BuildJobQueueItem[id=4911739576593817, name=SHORT585B2198089880462509B3007867E72DFB7ATSTEXC-LOCALCIINTSTUDENT1, buildAgent=BuildAgentDTO[name=artemis-build-agent-test, memberAddress=[127.0.0.1]:5703, displayName=artemis-build-agent-test], participationId=491, courseId=157, exerciseId=308, retryCount=0, priority=2, status=SUCCESSFUL, repositoryInfo=RepositoryInfo[repositoryName=short585b2198089880462509b3007867e72dfb7atstexc-localciintstudent1, repositoryType=user, triggeredByPushTo=user, assignmentRepositoryUri=http://localhost:49152/git/SHORT585B2198089880462509B3007867E72DFB7ATSTEXC/short585b2198089880462509b3007867e72dfb7atstexc-localciintstudent1.git, testRepositoryUri=http://localhost:49152/git/SHORT585B2198089880462509B3007867E72DFB7ATSTEXC/short585b2198089880462509b3007867e72dfb7atstexc-tests.git, solutionRepositoryUri=null, auxiliaryRepositoryUris=[Ljava.lang.String;@32c270fb, auxiliaryRepositoryCheckoutDirectories=[Ljava.lang.String;@52604ab5], jobTimingInfo=JobTimingInfo[submissionDate=2025-02-14T23:43:13.817124706Z[Etc/UTC], buildStartDate=2025-02-14T23:43:13.834335931Z[Etc/UTC], buildCompletionDate=2025-02-14T23:43:15.746259139Z[Etc/UTC], estimatedCompletionDate=2025-02-14T23:43:32.834326082Z[Etc/UTC], estimatedDuration=19], buildConfig=BuildConfig[buildScript=#!/bin/bash
cd /var/tmp/testing-dir
chmod +x ./gradlew
./gradlew clean test
, dockerImage=dummy-docker-image:latest, commitHashToBuild=42077d078a5d5042fe2d4bd8299a990d342fce6e, assignmentCommitHash=42077d078a5d5042fe2d4bd8299a990d342fce6e, testCommitHash=42077d078a5d5042fe2d4bd8299a990d342fce6e, branch=main, programmingLanguage=JAVA, projectType=PLAIN_GRADLE, scaEnabled=false, sequentialTestRunsEnabled=false, resultPaths=[/var/tmp/testing-dir/**/test-results/test/*.xml], timeoutSeconds=0, assignmentCheckoutPath=null, testCheckoutPath=null, solutionCheckoutPath=null, dockerRunConfig=null], submissionResult=ResultDTO[id=140, completionDate=2025-02-14T23:43:15.725343914Z[Etc/UTC], successful=false, score=0.0, rated=true, submission=SubmissionDTO[id=129, submitted=true, type=MANUAL, exampleSubmission=null, submissionDate=2025-02-14T23:43:13.805401Z, commitHash=42077d078a5d5042fe2d4bd8299a990d342fce6e, buildFailed=false, buildArtifact=false, participation=ParticipationDTO[id=491, testRun=false, type=programming, submissionCount=null, exercise=ParticipationExerciseDTO[id=308, exerciseType=PROGRAMMING, type=programming, assessmentType=AUTOMATIC, dueDate=2025-02-16T23:43:13.569213Z, assessmentDueDate=null, maxPoints=42.0, course=CourseDTO[id=157, accuracyOfScores=1]]], submissionExerciseType=programming, isProcessing=false, buildStartDate=null, estimatedCompletionDate=null], participation=ParticipationDTO[id=491, testRun=false, type=programming, submissionCount=null, exercise=ParticipationExerciseDTO[id=308, exerciseType=PROGRAMMING, type=programming, assessmentType=AUTOMATIC, dueDate=2025-02-16T23:43:13.569213Z, assessmentDueDate=null, maxPoints=42.0, course=CourseDTO[id=157, accuracyOfScores=1]]], feedbacks=[FeedbackDTO[id=160, text=null, detailText=Deine Einreichung enthält keine Ausgabe. (67cac2), hasLongFeedbackText=false, reference=null, credits=0.0, positive=false, type=AUTOMATIC, visibility=ALWAYS, testCase=TestCaseDTO[testName=null, id=146]], FeedbackDTO[id=161, text=null, detailText=test `add` failed on ≥ 1 cases:
(0, 0)
Your submission raised an error Failure("TODO add"), hasLongFeedbackText=false, reference=null, credits=0.0, positive=false, type=AUTOMATIC, visibility=ALWAYS, testCase=TestCaseDTO[testName=null, id=149]], FeedbackDTO[id=162, text=null, detailText=test `filter` failed on ≥ 1 cases:
(even, [1; 2; 3; 4])
Your submission raised an error Failure("TODO filter"), hasLongFeedbackText=false, reference=null, credits=0.0, positive=false, type=AUTOMATIC, visibility=ALWAYS, testCase=TestCaseDTO[testName=null, id=148]], FeedbackDTO[id=163, text=null, detailText=Test was not executed., hasLongFeedbackText=false, reference=null, credits=0.0, positive=null, type=AUTOMATIC, visibility=null, testCase=TestCaseDTO[testName=null, id=137]], FeedbackDTO[id=164, text=null, detailText=Test was not executed., hasLongFeedbackText=false, reference=null, credits=0.0, positive=null, type=AUTOMATIC, visibility=null, testCase=TestCaseDTO[testName=null, id=138]], FeedbackDTO[id=165, text=null, detailText=Test was not executed., hasLongFeedbackText=false, reference=null, credits=0.0, positive=null, type=AUTOMATIC, visibility=null, testCase=TestCaseDTO[testName=null, id=139]], FeedbackDTO[id=166, text=null, detailText=Test was not executed., hasLongFeedbackText=false, reference=null, credits=0.0, positive=null, type=AUTOMATIC, visibility=null, testCase=TestCaseDTO[testName=null, id=140]], FeedbackDTO[id=167, text=null, detailText=Test was not executed., hasLongFeedbackText=false, reference=null, credits=0.0, positive=null, type=AUTOMATIC, visibility=null, testCase=TestCaseDTO[testName=null, id=141]], FeedbackDTO[id=168, text=null, detailText=Test was not executed., hasLongFeedbackText=false, reference=null, credits=0.0, positive=null, type=AUTOMATIC, visibility=null, testCase=TestCaseDTO[testName=null, id=142]], FeedbackDTO[id=169, text=null, detailText=Test was not executed., hasLongFeedbackText=false, reference=null, credits=0.0, positive=null, type=AUTOMATIC, visibility=null, testCase=TestCaseDTO[testName=null, id=143]], FeedbackDTO[id=170, text=null, detailText=Test was not executed., hasLongFeedbackText=false, reference=null, credits=0.0, positive=null, type=AUTOMATIC, visibility=null, testCase=TestCaseDTO[testName=null, id=144]], FeedbackDTO[id=171, text=null, detailText=Test was not executed., hasLongFeedbackText=false, reference=null, credits=0.0, positive=null, type=AUTOMATIC, visibility=null, testCase=TestCaseDTO[testName=null, id=145]], FeedbackDTO[id=172, text=null, detailText=Test was not executed., hasLongFeedbackText=false, reference=null, credits=0.0, positive=null, type=AUTOMATIC, visibility=null, testCase=TestCaseDTO[testName=null, id=147]]], assessmentType=AUTOMATIC, hasComplaint=null, exampleResult=null, testCaseCount=13, passedTestCaseCount=0, codeIssueCount=0]], BuildJobQueueItem[id=4941739576597286, name=SHORTFBCBD7BF0E6EB0451A080E80FCB407DC1F12TSTEXC-LOCALCIINTSTUDENT1, buildAgent=BuildAgentDTO[name=artemis-build-agent-test, memberAddress=[127.0.0.1]:5703, displayName=artemis-build-agent-test], participationId=494, courseId=158, exerciseId=309, retryCount=0, priority=2, status=SUCCESSFUL, repositoryInfo=RepositoryInfo[repositoryName=shortfbcbd7bf0e6eb0451a080e80fcb407dc1f12tstexc-localciintstudent1, repositoryType=user, triggeredByPushTo=user, assignmentRepositoryUri=http://localhost:49152/git/SHORTFBCBD7BF0E6EB0451A080E80FCB407DC1F12TSTEXC/shortfbcbd7bf0e6eb0451a080e80fcb407dc1f12tstexc-localciintstudent1.git, testRepositoryUri=http://localhost:49152/git/SHORTFBCBD7BF0E6EB0451A080E80FCB407DC1F12TSTEXC/shortfbcbd7bf0e6eb0451a080e80fcb407dc1f12tstexc-tests.git, solutionRepositoryUri=null, auxiliaryRepositoryUris=[Ljava.lang.String;@48820f7f, auxiliaryRepositoryCheckoutDirectories=[Ljava.lang.String;@408427ce], jobTimingInfo=JobTimingInfo[submissionDate=2025-02-14T23:43:17.286977233Z[Etc/UTC], buildStartDate=2025-02-14T23:43:17.293977347Z[Etc/UTC], buildCompletionDate=2025-02-14T23:43:18.740990762Z[Etc/UTC], estimatedCompletionDate=2025-02-14T23:43:36.293970494Z[Etc/UTC], estimatedDuration=19], buildConfig=BuildConfig[buildScript=#!/bin/bash
cd /var/tmp/testing-dir
chmod +x ./gradlew
./gradlew clean test
, dockerImage=dummy-docker-image:latest, commitHashToBuild=4a1af7e8a64e6505c5fc09b9f81ea41af9fcff44, assignmentCommitHash=4a1af7e8a64e6505c5fc09b9f81ea41af9fcff44, testCommitHash=4a1af7e8a64e6505c5fc09b9f81ea41af9fcff44, branch=main, programmingLanguage=JAVA, projectType=PLAIN_GRADLE, scaEnabled=false, sequentialTestRunsEnabled=false, resultPaths=[/var/tmp/testing-dir/**/test-results/test/*.xml], timeoutSeconds=0, assignmentCheckoutPath=null, testCheckoutPath=null, solutionCheckoutPath=null, dockerRunConfig=null], submissionResult=ResultDTO[id=141, completionDate=2025-02-14T23:43:18.729015138Z[Etc/UTC], successful=false, score=0.0, rated=true, submission=SubmissionDTO[id=130, submitted=true, type=MANUAL, exampleSubmission=null, submissionDate=2025-02-14T23:43:17.272936Z, commitHash=4a1af7e8a64e6505c5fc09b9f81ea41af9fcff44, buildFailed=true, buildArtifact=false, participation=ParticipationDTO[id=494, testRun=false, type=programming, submissionCount=null, exercise=ParticipationExerciseDTO[id=309, exerciseType=PROGRAMMING, type=programming, assessmentType=AUTOMATIC, dueDate=2025-02-16T23:43:17.147218Z, assessmentDueDate=null, maxPoints=42.0, course=CourseDTO[id=158, accuracyOfScores=1]]], submissionExerciseType=programming, isProcessing=false, buildStartDate=null, estimatedCompletionDate=null], participation=ParticipationDTO[id=494, testRun=false, type=programming, submissionCount=null, exercise=ParticipationExerciseDTO[id=309, exerciseType=PROGRAMMING, type=programming, assessmentType=AUTOMATIC, dueDate=2025-02-16T23:43:17.147218Z, assessmentDueDate=null, maxPoints=42.0, course=CourseDTO[id=158, accuracyOfScores=1]]], feedbacks=[], assessmentType=AUTOMATIC, hasComplaint=null, exampleResult=null, testCaseCount=0, passedTestCaseCount=0, codeIssueCount=0]], BuildJobQueueItem[id=4971739576599269, name=SHORT52AD57270517204728083260501A19D262D1TSTEXC-LOCALCIINTSTUDENT1, buildAgent=BuildAgentDTO[name=artemis-build-agent-test, memberAddress=[127.0.0.1]:5703, displayName=artemis-build-agent-test], participationId=497, courseId=159, exerciseId=310, retryCount=0, priority=2, status=SUCCESSFUL, repositoryInfo=RepositoryInfo[repositoryName=short52ad57270517204728083260501a19d262d1tstexc-localciintstudent1, repositoryType=user, triggeredByPushTo=user, assignmentRepositoryUri=http://localhost:49152/git/SHORT52AD57270517204728083260501A19D262D1TSTEXC/short52ad57270517204728083260501a19d262d1tstexc-localciintstudent1.git, testRepositoryUri=http://localhost:49152/git/SHORT52AD57270517204728083260501A19D262D1TSTEXC/short52ad57270517204728083260501a19d262d1tstexc-tests.git, solutionRepositoryUri=null, auxiliaryRepositoryUris=[Ljava.lang.String;@61e0d28d, auxiliaryRepositoryCheckoutDirectories=[Ljava.lang.String;@318519e6], jobTimingInfo=JobTimingInfo[submissionDate=2025-02-14T23:43:19.269997499Z[Etc/UTC], buildStartDate=2025-02-14T23:43:19.277325895Z[Etc/UTC], buildCompletionDate=2025-02-14T23:43:20.497391524Z[Etc/UTC], estimatedCompletionDate=2025-02-14T23:43:38.277310787Z[Etc/UTC], estimatedDuration=19], buildConfig=BuildConfig[buildScript=#!/bin/bash
cd /var/tmp/testing-dir
chmod +x ./gradlew
./gradlew clean test
, dockerImage=dummy-docker-image:latest, commitHashToBuild=9f4f76247a188e9a0f3516a9fbd60e829d53fb05, assignmentCommitHash=9f4f76247a188e9a0f3516a9fbd60e829d53fb05, testCommitHash=9f4f76247a188e9a0f3516a9fbd60e829d53fb05, branch=main, programmingLanguage=JAVA, projectType=PLAIN_GRADLE, scaEnabled=false, sequentialTestRunsEnabled=false, resultPaths=[/var/tmp/testing-dir/**/test-results/test/*.xml], timeoutSeconds=0, assignmentCheckoutPath=null, testCheckoutPath=null, solutionCheckoutPath=null, dockerRunConfig=null], submissionResult=ResultDTO[id=142, completionDate=2025-02-14T23:43:20.484244187Z[Etc/UTC], successful=false, score=7.7, rated=true, submission=SubmissionDTO[id=131, submitted=true, type=MANUAL, exampleSubmission=null, submissionDate=2025-02-14T23:43:19.265464Z, commitHash=9f4f76247a188e9a0f3516a9fbd60e829d53fb05, buildFailed=false, buildArtifact=false, participation=ParticipationDTO[id=497, testRun=false, type=programming, submissionCount=null, exercise=ParticipationExerciseDTO[id=310, exerciseType=PROGRAMMING, type=programming, assessmentType=AUTOMATIC, dueDate=2025-02-16T23:43:19.182228Z, assessmentDueDate=null, maxPoints=42.0, course=CourseDTO[id=159, accuracyOfScores=1]]], submissionExerciseType=programming, isProcessing=false, buildStartDate=null, estimatedCompletionDate=null], participation=ParticipationDTO[id=497, testRun=false, type=programming, submissionCount=null, exercise=ParticipationExerciseDTO[id=310, exerciseType=PROGRAMMING, type=programming, assessmentType=AUTOMATIC, dueDate=2025-02-16T23:43:19.182228Z, assessmentDueDate=null, maxPoints=42.0, course=CourseDTO[id=159, accuracyOfScores=1]]], feedbacks=[FeedbackDTO[id=173, text=null, detailText=The exercise expects a class with the name Context in the package testpackage. You did not implement the class in the exercise., hasLongFeedbackText=false, reference=null, credits=0.0, positive=false, type=AUTOMATIC, visibility=ALWAYS, testCase=TestCaseDTO[testName=null, id=169]], FeedbackDTO[id=174, text=null, detailText=The exercise expects a class with the name Policy in the package testpackage. You did not implement the class in the exercise., hasLongFeedbackText=false, reference=null, credits=0.0, positive=false, type=AUTOMATIC, visibility=ALWAYS, testCase=TestCaseDTO[testName=null, id=170]], FeedbackDTO[id=175, text=null, detailText=The exercise expects a class with the name SortStrategy in the package testpackage. You did not implement the class in the exercise., hasLongFeedbackText=false, reference=null, credits=0.0, positive=false, type=AUTOMATIC, visibility=ALWAYS, testCase=TestCaseDTO[testName=null, id=171]], FeedbackDTO[id=176, text=null, detailText=The class 'MergeSort' does not implement the interface 'SortStrategy' as expected. Implement the interface and its methods., hasLongFeedbackText=false, reference=null, credits=0.0, positive=false, type=AUTOMATIC, visibility=ALWAYS, testCase=TestCaseDTO[testName=null, id=166]], FeedbackDTO[id=177, text=null, detailText=The exercise expects a class with the name SortStrategy in the package testpackage. You did not implement the class in the exercise., hasLongFeedbackText=false, reference=null, credits=0.0, positive=false, type=AUTOMATIC, visibility=ALWAYS, testCase=TestCaseDTO[testName=null, id=163]], FeedbackDTO[id=178, text=null, detailText=The class 'BubbleSort' does not implement the interface 'SortStrategy' as expected. Implement the interface and its methods., hasLongFeedbackText=false, reference=null, credits=0.0, positive=false, type=AUTOMATIC, visibility=ALWAYS, testCase=TestCaseDTO[testName=null, id=167]], FeedbackDTO[id=179, text=null, detailText=MergeSort does not sort correctly, hasLongFeedbackText=false, reference=null, credits=0.0, positive=false, type=AUTOMATIC, visibility=ALWAYS, testCase=TestCaseDTO[testName=null, id=172]], FeedbackDTO[id=180, text=null, detailText=The class 'Context' was not found within the submission. Make sure to implement it properly., hasLongFeedbackText=false, reference=null, credits=0.0, positive=false, type=AUTOMATIC, visibility=ALWAYS, testCase=TestCaseDTO[testName=null, id=173]], FeedbackDTO[id=181, text=null, detailText=The class 'Context' was not found within the submission. Make sure to implement it properly., hasLongFeedbackText=false, reference=null, credits=0.0, positive=false, type=AUTOMATIC, visibility=ALWAYS, testCase=TestCaseDTO[testName=null, id=174]], FeedbackDTO[id=182, text=null, detailText=The exercise expects a class with the name Policy in the package testpackage. You did not implement the class in the exercise., hasLongFeedbackText=false, reference=null, credits=0.0, positive=false, type=AUTOMATIC, visibility=ALWAYS, testCase=TestCaseDTO[testName=null, id=168]], FeedbackDTO[id=183, text=null, detailText=The exercise expects a class with the name Context in the package testpackage. You did not implement the class in the exercise., hasLongFeedbackText=false, reference=null, credits=0.0, positive=false, type=AUTOMATIC, visibility=ALWAYS, testCase=TestCaseDTO[testName=null, id=164]], FeedbackDTO[id=184, text=null, detailText=The exercise expects a class with the name Policy in the package testpackage. You did not implement the class in the exercise., hasLongFeedbackText=false, reference=null, credits=0.0, positive=false, type=AUTOMATIC, visibility=ALWAYS, testCase=TestCaseDTO[testName=null, id=165]], FeedbackDTO[id=185, text=null, detailText=null, hasLongFeedbackText=false, reference=null, credits=3.230769230769231, positive=true, type=AUTOMATIC, visibility=ALWAYS, testCase=TestCaseDTO[testName=null, id=175]]], assessmentType=AUTOMATIC, hasComplaint=null, exampleResult=null, testCaseCount=13, passedTestCaseCount=1, codeIssueCount=0]], BuildJobQueueItem[id=5001739576601035, name=SHORT582B1BDC0A17704D6D0A46800FC19163DA47TSTEXC-LOCALCIINTSTUDENT1, buildAgent=BuildAgentDTO[name=artemis-build-agent-test, memberAddress=[127.0.0.1]:5703, displayName=artemis-build-agent-test], participationId=500, courseId=160, exerciseId=311, retryCount=0, priority=2, status=SUCCESSFUL, repositoryInfo=RepositoryInfo[repositoryName=short582b1bdc0a17704d6d0a46800fc19163da47tstexc-localciintstudent1, repositoryType=user, triggeredByPushTo=user, assignmentRepositoryUri=http://localhost:49152/git/SHORT582B1BDC0A17704D6D0A46800FC19163DA47TSTEXC/short582b1bdc0a17704d6d0a46800fc19163da47tstexc-localciintstudent1.git, testRepositoryUri=http://localhost:49152/git/SHORT582B1BDC0A17704D6D0A46800FC19163DA47TSTEXC/short582b1bdc0a17704d6d0a46800fc19163da47tstexc-tests.git, solutionRepositoryUri=null, auxiliaryRepositoryUris=[Ljava.lang.String;@69a4015e, auxiliaryRepositoryCheckoutDirectories=[Ljava.lang.String;@8ffe1f3], jobTimingInfo=JobTimingInfo[submissionDate=2025-02-14T23:43:21.035120760Z[Etc/UTC], buildStartDate=2025-02-14T23:43:21.040320383Z[Etc/UTC], buildCompletionDate=2025-02-14T23:43:22.581236903Z[Etc/UTC], estimatedCompletionDate=2025-02-14T23:43:40.040312057Z[Etc/UTC], estimatedDuration=19], buildConfig=BuildConfig[buildScript=#!/bin/bash
cd /var/tmp/testing-dir
chmod +x ./gradlew
./gradlew clean test
, dockerImage=dummy-docker-image:latest, commitHashToBuild=887566cf754016f986627cf5c5c365dea16c907f, assignmentCommitHash=887566cf754016f986627cf5c5c365dea16c907f, testCommitHash=6af67146332066e7430917928a4b9b81c43b7c71, branch=main, programmingLanguage=JAVA, projectType=PLAIN_GRADLE, scaEnabled=false, sequentialTestRunsEnabled=false, resultPaths=[/var/tmp/testing-dir/**/test-results/test/*.xml], timeoutSeconds=0, assignmentCheckoutPath=customAssignmentPath, testCheckoutPath=null, solutionCheckoutPath=null, dockerRunConfig=null], submissionResult=ResultDTO[id=143, completionDate=2025-02-14T23:43:22.538158998Z[Etc/UTC], successful=false, score=7.7, rated=true, submission=SubmissionDTO[id=132, submitted=true, type=MANUAL, exampleSubmission=null, submissionDate=2025-02-14T23:43:21.028930Z, commitHash=887566cf754016f986627cf5c5c365dea16c907f, buildFailed=false, buildArtifact=false, participation=ParticipationDTO[id=500, testRun=false, type=programming, submissionCount=null, exercise=ParticipationExerciseDTO[id=311, exerciseType=PROGRAMMING, type=programming, assessmentType=AUTOMATIC, dueDate=2025-02-16T23:43:20.897280Z, assessmentDueDate=null, maxPoints=42.0, course=CourseDTO[id=160, accuracyOfScores=1]]], submissionExerciseType=programming, isProcessing=false, buildStartDate=null, estimatedCompletionDate=null], participation=ParticipationDTO[id=500, testRun=false, type=programming, submissionCount=null, exercise=ParticipationExerciseDTO[id=311, exerciseType=PROGRAMMING, type=programming, assessmentType=AUTOMATIC, dueDate=2025-02-16T23:43:20.897280Z, assessmentDueDate=null, maxPoints=42.0, course=CourseDTO[id=160, accuracyOfScores=1]]], feedbacks=[FeedbackDTO[id=186, text=null, detailText=The exercise expects a class with the name Context in the package testpackage. You did not implement the class in the exercise., hasLongFeedbackText=false, reference=null, credits=0.0, positive=false, type=AUTOMATIC, visibility=ALWAYS, testCase=TestCaseDTO[testName=null, id=182]], FeedbackDTO[id=187, text=null, detailText=The exercise expects a class with the name Policy in the package testpackage. You did not implement the class in the exercise., hasLongFeedbackText=false, reference=null, credits=0.0, positive=false, type=AUTOMATIC, visibility=ALWAYS, testCase=TestCaseDTO[testName=null, id=183]], FeedbackDTO[id=188, text=null, detailText=The exercise expects a class with the name SortStrategy in the package testpackage. You did not implement the class in the exercise., hasLongFeedbackText=false, reference=null, credits=0.0, positive=false, type=AUTOMATIC, visibility=ALWAYS, testCase=TestCaseDTO[testName=null, id=184]], FeedbackDTO[id=189, text=null, detailText=The class 'MergeSort' does not implement the interface 'SortStrategy' as expected. Implement the interface and its methods., hasLongFeedbackText=false, reference=null, credits=0.0, positive=false, type=AUTOMATIC, visibility=ALWAYS, testCase=TestCaseDTO[testName=null, id=179]], FeedbackDTO[id=190, text=null, detailText=The exercise expects a class with the name SortStrategy in the package testpackage. You did not implement the class in the exercise., hasLongFeedbackText=false, reference=null, credits=0.0, positive=false, type=AUTOMATIC, visibility=ALWAYS, testCase=TestCaseDTO[testName=null, id=176]], FeedbackDTO[id=191, text=null, detailText=The class 'BubbleSort' does not implement the interface 'SortStrategy' as expected. Implement the interface and its methods., hasLongFeedbackText=false, reference=null, credits=0.0, positive=false, type=AUTOMATIC, visibility=ALWAYS, testCase=TestCaseDTO[testName=null, id=180]], FeedbackDTO[id=192, text=null, detailText=MergeSort does not sort correctly, hasLongFeedbackText=false, reference=null, credits=0.0, positive=false, type=AUTOMATIC, visibility=ALWAYS, testCase=TestCaseDTO[testName=null, id=185]], FeedbackDTO[id=193, text=null, detailText=The class 'Context' was not found within the submission. Make sure to implement it properly., hasLongFeedbackText=false, reference=null, credits=0.0, positive=false, type=AUTOMATIC, visibility=ALWAYS, testCase=TestCaseDTO[testName=null, id=186]], FeedbackDTO[id=194, text=null, detailText=The class 'Context' was not found within the submission. Make sure to implement it properly., hasLongFeedbackText=false, reference=null, credits=0.0, positive=false, type=AUTOMATIC, visibility=ALWAYS, testCase=TestCaseDTO[testName=null, id=187]], FeedbackDTO[id=195, text=null, detailText=The exercise expects a class with the name Policy in the package testpackage. You did not implement the class in the exercise., hasLongFeedbackText=false, reference=null, credits=0.0, positive=false, type=AUTOMATIC, visibility=ALWAYS, testCase=TestCaseDTO[testName=null, id=181]], FeedbackDTO[id=196, text=null, detailText=The exercise expects a class with the name Context in the package testpackage. You did not implement the class in the exercise., hasLongFeedbackText=false, reference=null, credits=0.0, positive=false, type=AUTOMATIC, visibility=ALWAYS, testCase=TestCaseDTO[testName=null, id=177]], FeedbackDTO[id=197, text=null, detailText=The exercise expects a class with the name Policy in the package testpackage. You did not implement the class in the exercise., hasLongFeedbackText=false, reference=null, credits=0.0, positive=false, type=AUTOMATIC, visibility=ALWAYS, testCase=TestCaseDTO[testName=null, id=178]], FeedbackDTO[id=198, text=null, detailText=null, hasLongFeedbackText=false, reference=null, credits=3.230769230769231, positive=true, type=AUTOMATIC, visibility=ALWAYS, testCase=TestCaseDTO[testName=null, id=188]]], assessmentType=AUTOMATIC, hasComplaint=null, exampleResult=null, testCaseCount=13, passedTestCaseCount=1, codeIssueCount=0]], BuildJobQueueItem[id=5031739576604847, name=SHORT00FA1A240403404C7E097D7007C591BE2AB1TSTEXC-LOCALCIINTSTUDENT1, buildAgent=BuildAgentDTO[name=artemis-build-agent-test, memberAddress=[127.0.0.1]:5703, displayName=artemis-build-agent-test], participationId=503, courseId=161, exerciseId=312, retryCount=0, priority=2, status=FAILED, repositoryInfo=RepositoryInfo[repositoryName=short00fa1a240403404c7e097d7007c591be2ab1tstexc-localciintstudent1, repositoryType=user, triggeredByPushTo=user, assignmentRepositoryUri=http://localhost:49152/git/SHORT00FA1A240403404C7E097D7007C591BE2AB1TSTEXC/short00fa1a240403404c7e097d7007c591be2ab1tstexc-localciintstudent1.git, testRepositoryUri=http://localhost:49152/git/SHORT00FA1A240403404C7E097D7007C591BE2AB1TSTEXC/short00fa1a240403404c7e097d7007c591be2ab1tstexc-tests.git, solutionRepositoryUri=null, auxiliaryRepositoryUris=[Ljava.lang.String;@6f6c3edb, auxiliaryRepositoryCheckoutDirectories=[Ljava.lang.String;@76bf50f9], jobTimingInfo=JobTimingInfo[submissionDate=2025-02-14T23:43:24.847396156Z[Etc/UTC], buildStartDate=2025-02-14T23:43:24.860457211Z[Etc/UTC], buildCompletionDate=2025-02-14T23:43:26.809353681Z[Etc/UTC], estimatedCompletionDate=2025-02-14T23:43:46.860451490Z[Etc/UTC], estimatedDuration=22], buildConfig=BuildConfig[buildScript=#!/bin/bash
cd /var/tmp/testing-dir
chmod +x ./gradlew
./gradlew clean test
, dockerImage=dummy-docker-image:latest, commitHashToBuild=9690714a509af0a98c6790a7e52ee3574c7ef689, assignmentCommitHash=9690714a509af0a98c6790a7e52ee3574c7ef689, testCommitHash=9690714a509af0a98c6790a7e52ee3574c7ef689, branch=main, programmingLanguage=JAVA, projectType=PLAIN_GRADLE, scaEnabled=false, sequentialTestRunsEnabled=false, resultPaths=[/var/tmp/testing-dir/**/test-results/test/*.xml], timeoutSeconds=0, assignmentCheckoutPath=null, testCheckoutPath=null, solutionCheckoutPath=null, dockerRunConfig=null], submissionResult=ResultDTO[id=144, completionDate=2025-02-14T23:43:26.809483684Z[Etc/UTC], successful=false, score=0.0, rated=true, submission=SubmissionDTO[id=133, submitted=true, type=MANUAL, exampleSubmission=null, submissionDate=2025-02-14T23:43:24.841319Z, commitHash=9690714a509af0a98c6790a7e52ee3574c7ef689, buildFailed=true, buildArtifact=false, participation=ParticipationDTO[id=503, testRun=false, type=programming, submissionCount=null, exercise=ParticipationExerciseDTO[id=312, exerciseType=PROGRAMMING, type=programming, assessmentType=AUTOMATIC, dueDate=2025-02-16T23:43:24.571329Z, assessmentDueDate=null, maxPoints=42.0, course=CourseDTO[id=161, accuracyOfScores=1]]], submissionExerciseType=programming, isProcessing=false, buildStartDate=null, estimatedCompletionDate=null], participation=ParticipationDTO[id=503, testRun=false, type=programming, submissionCount=null, exercise=ParticipationExerciseDTO[id=312, exerciseType=PROGRAMMING, type=programming, assessmentType=AUTOMATIC, dueDate=2025-02-16T23:43:24.571329Z, assessmentDueDate=null, maxPoints=42.0, course=CourseDTO[id=161, accuracyOfScores=1]]], feedbacks=[], assessmentType=AUTOMATIC, hasComplaint=null, exampleResult=null, testCaseCount=0, passedTestCaseCount=0, codeIssueCount=0]], BuildJobQueueItem[id=5061739576605250, name=SHORT62C808EE04ECE040740AF7B0CF3AE5F5BEF2TSTEXC-LOCALCIINTSTUDENT1, buildAgent=BuildAgentDTO[name=artemis-build-agent-test, memberAddress=[127.0.0.1]:5703, displayName=artemis-build-agent-test], participationId=506, courseId=162, exerciseId=313, retryCount=0, priority=2, status=SUCCESSFUL, repositoryInfo=RepositoryInfo[repositoryName=short62c808ee04ece040740af7b0cf3ae5f5bef2tstexc-localciintstudent1, repositoryType=user, triggeredByPushTo=user, assignmentRepositoryUri=http://localhost:49152/git/SHORT62C808EE04ECE040740AF7B0CF3AE5F5BEF2TSTEXC/short62c808ee04ece040740af7b0cf3ae5f5bef2tstexc-localciintstudent1.git, testRepositoryUri=http://localhost:49152/git/SHORT62C808EE04ECE040740AF7B0CF3AE5F5BEF2TSTEXC/short62c808ee04ece040740af7b0cf3ae5f5bef2tstexc-tests.git, solutionRepositoryUri=null, auxiliaryRepositoryUris=[Ljava.lang.String;@3f581181, auxiliaryRepositoryCheckoutDirectories=[Ljava.lang.String;@48df8fe0], jobTimingInfo=JobTimingInfo[submissionDate=2025-02-14T23:43:25.250749866Z[Etc/UTC], buildStartDate=2025-02-14T23:43:26.820713075Z[Etc/UTC], buildCompletionDate=2025-02-14T23:43:28.304236378Z[Etc/UTC], estimatedCompletionDate=2025-02-14T23:43:45.820704920Z[Etc/UTC], estimatedDuration=19], buildConfig=BuildConfig[buildScript=#!/bin/bash
cd /var/tmp/testing-dir
chmod +x ./gradlew
./gradlew clean test
, dockerImage=dummy-docker-image:latest, commitHashToBuild=993b6f756e3e52a44d0537d4fa3a5d0e0acdbe89, assignmentCommitHash=993b6f756e3e52a44d0537d4fa3a5d0e0acdbe89, testCommitHash=993b6f756e3e52a44d0537d4fa3a5d0e0acdbe89, branch=main, programmingLanguage=JAVA, projectType=null, scaEnabled=false, sequentialTestRunsEnabled=false, resultPaths=[/var/tmp/testing-dir/**/test-results/test/*.xml], timeoutSeconds=0, assignmentCheckoutPath=null, testCheckoutPath=null, solutionCheckoutPath=null, dockerRunConfig=null], submissionResult=ResultDTO[id=145, completionDate=2025-02-14T23:43:28.269051286Z[Etc/UTC], successful=false, score=7.7, rated=true, submission=SubmissionDTO[id=134, submitted=true, type=MANUAL, exampleSubmission=null, submissionDate=2025-02-14T23:43:25.241685Z, commitHash=993b6f756e3e52a44d0537d4fa3a5d0e0acdbe89, buildFailed=false, buildArtifact=false, participation=ParticipationDTO[id=506, testRun=false, type=programming, submissionCount=null, exercise=ParticipationExerciseDTO[id=313, exerciseType=PROGRAMMING, type=programming, assessmentType=AUTOMATIC, dueDate=2025-02-16T23:43:24.986721Z, assessmentDueDate=null, maxPoints=42.0, course=CourseDTO[id=162, accuracyOfScores=1]]], submissionExerciseType=programming, isProcessing=false, buildStartDate=null, estimatedCompletionDate=null], participation=ParticipationDTO[id=506, testRun=false, type=programming, submissionCount=null, exercise=ParticipationExerciseDTO[id=313, exerciseType=PROGRAMMING, type=programming, assessmentType=AUTOMATIC, dueDate=2025-02-16T23:43:24.986721Z, assessmentDueDate=null, maxPoints=42.0, course=CourseDTO[id=162, accuracyOfScores=1]]], feedbacks=[FeedbackDTO[id=199, text=null, detailText=The exercise expects a class with the name Context in the package testpackage. You did not implement the class in the exercise., hasLongFeedbackText=false, reference=null, credits=0.0, positive=false, type=AUTOMATIC, visibility=ALWAYS, testCase=TestCaseDTO[testName=null, id=208]], FeedbackDTO[id=200, text=null, detailText=The exercise expects a class with the name Policy in the package testpackage. You did not implement the class in the exercise., hasLongFeedbackText=false, reference=null, credits=0.0, positive=false, type=AUTOMATIC, visibility=ALWAYS, testCase=TestCaseDTO[testName=null, id=209]], FeedbackDTO[id=201, text=null, detailText=The exercise expects a class with the name SortStrategy in the package testpackage. You did not implement the class in the exercise., hasLongFeedbackText=false, reference=null, credits=0.0, positive=false, type=AUTOMATIC, visibility=ALWAYS, testCase=TestCaseDTO[testName=null, id=210]], FeedbackDTO[id=202, text=null, detailText=The class 'MergeSort' does not implement the interface 'SortStrategy' as expected. Implement the interface and its methods., hasLongFeedbackText=false, reference=null, credits=0.0, positive=false, type=AUTOMATIC, visibility=ALWAYS, testCase=TestCaseDTO[testName=null, id=205]], FeedbackDTO[id=203, text=null, detailText=The exercise expects a class with the name SortStrategy in the package testpackage. You did not implement the class in the exercise., hasLongFeedbackText=false, reference=null, credits=0.0, positive=false, type=AUTOMATIC, visibility=ALWAYS, testCase=TestCaseDTO[testName=null, id=202]], FeedbackDTO[id=204, text=null, detailText=The class 'BubbleSort' does not implement the interface 'SortStrategy' as expected. Implement the interface and its methods., hasLongFeedbackText=false, reference=null, credits=0.0, positive=false, type=AUTOMATIC, visibility=ALWAYS, testCase=TestCaseDTO[testName=null, id=206]], FeedbackDTO[id=205, text=null, detailText=MergeSort does not sort correctly, hasLongFeedbackText=false, reference=null, credits=0.0, positive=false, type=AUTOMATIC, visibility=ALWAYS, testCase=TestCaseDTO[testName=null, id=211]], FeedbackDTO[id=206, text=null, detailText=The class 'Context' was not found within the submission. Make sure to implement it properly., hasLongFeedbackText=false, reference=null, credits=0.0, positive=false, type=AUTOMATIC, visibility=ALWAYS, testCase=TestCaseDTO[testName=null, id=212]], FeedbackDTO[id=207, text=null, detailText=The class 'Context' was not found within the submission. Make sure to implement it properly., hasLongFeedbackText=false, reference=null, credits=0.0, positive=false, type=AUTOMATIC, visibility=ALWAYS, testCase=TestCaseDTO[testName=null, id=213]], FeedbackDTO[id=208, text=null, detailText=The exercise expects a class with the name Policy in the package testpackage. You did not implement the class in the exercise., hasLongFeedbackText=false, reference=null, credits=0.0, positive=false, type=AUTOMATIC, visibility=ALWAYS, testCase=TestCaseDTO[testName=null, id=207]], FeedbackDTO[id=209, text=null, detailText=The exercise expects a class with the name Context in the package testpackage. You did not implement the class in the exercise., hasLongFeedbackText=false, reference=null, credits=0.0, positive=false, type=AUTOMATIC, visibility=ALWAYS, testCase=TestCaseDTO[testName=null, id=203]], FeedbackDTO[id=210, text=null, detailText=The exercise expects a class with the name Policy in the package testpackage. You did not implement the class in the exercise., hasLongFeedbackText=false, reference=null, credits=0.0, positive=false, type=AUTOMATIC, visibility=ALWAYS, testCase=TestCaseDTO[testName=null, id=204]], FeedbackDTO[id=211, text=null, detailText=null, hasLongFeedbackText=false, reference=null, credits=3.230769230769231, positive=true, type=AUTOMATIC, visibility=ALWAYS, testCase=TestCaseDTO[testName=null, id=214]]], assessmentType=AUTOMATIC, hasComplaint=null, exampleResult=null, testCaseCount=13, passedTestCaseCount=1, codeIssueCount=0]]], publicSshKey=ssh-rsa AAAAB3NzaC1yc2EAAAADAQABAAACAQCOPdMsxRE2jFJ/UEa5/LsBxtwzJcrh3/rYBCQvcMeVpiRfhzQPWu7mrt/G2Ew+i+vRloGH9aqKg6dd1liRncao53Zmd/ePxoatXePNhmzTfkCkcSkTUz7B+QMjkoDDV5jwuFPD6mF3JkhuzSi64n9Zy905t4w2IhVcjM2mL3eYNjiCXt6Qpq3Pkt7dM/Ksw1nxnvuiIALuJLB3FTkXkHqq3PJav+9HSq2r6ZaWgekneaGxlQlb+U+Vy3XOuArKAzK8c8i+0bR+AHiTG6ncYXt7ax3U+TdlDTF7OLP3umwaYjs1NBXOHwG42pevvpKn2fqavZZozk+M05jXLx3bq0O7itxfErWc7etky8qYPyyIMF/txQIVLd78+Ze4d7Y60t5MGbXM5cGE6fFif5fEJwgswXD+BrG0cafz1CTatjSKFdvp8Vp4VszXhHDan1PrP6JEFJ5Cc5GDmLRZPCFa3vL9f5qXgf4bkqKN8MYeEujwJE5nMRWoiJVNakix2bcrrneQMBlnYeYZVWXXXUusAQBzl4NgddC1umZpihZkL1b1MffZAUW3EGEXi7KHnllQhkTLLsQ8ntMgbylqaJKStqaXlLvdeRJcEnUuiFCrHEVVbXRFZR7XVDZ02CE5o3MuaRPty8Kh+jRTF3COlAckHwYEJCNNJvXFgb2CNXL4mjzYDw== test@localhost]
    23:43:28.400 | 566 localvc.event-13 | DEBUG | a.p.s.l.SharedQueueManagementService : Build agent updated: null
    23:43:28.408 | 132 Pool-1-worker-47 | DEBUG | d.t.c.a.a.c.u.util.UserUtilService   : Generate 4 students...
    23:43:28.415 | 132 Pool-1-worker-47 | DEBUG | d.t.c.a.a.c.u.util.UserUtilService   : 4 students generated. Generate 4 tutors...
    23:43:28.421 | 132 Pool-1-worker-47 | DEBUG | d.t.c.a.a.c.u.util.UserUtilService   : 4 tutors generated. Generate 4 editors...
    23:43:28.428 | 132 Pool-1-worker-47 | DEBUG | d.t.c.a.a.c.u.util.UserUtilService   : 4 editors generated. Generate 1 instructors...
    23:43:28.430 | 132 Pool-1-worker-47 | DEBUG | d.t.c.a.a.c.u.util.UserUtilService   : 1 instructors generated
    23:43:28.432 | 132 Pool-1-worker-47 | DEBUG | d.t.c.a.a.c.u.util.UserUtilService   : Removing 13 users from all courses...
    23:43:28.433 | 132 Pool-1-worker-47 | DEBUG | d.t.c.a.a.c.u.util.UserUtilService   : Removing 13 users from all courses. Done
    23:43:28.433 | 132 Pool-1-worker-47 | DEBUG | d.t.c.a.a.c.u.util.UserUtilService   : Save 13 users to database...
    23:43:28.442 | 132 Pool-1-worker-47 | DEBUG | d.t.c.a.a.c.u.util.UserUtilService   : Save 13 users to database. Done
    23:43:28.519 | 132 Pool-1-worker-47 | INFO  | i.z.t.d.l.EmbeddedDatabaseReporter   : JDBC URL to connect to 'dataSource': url='jdbc:h2:tcp://localhost:41063/mem:df70fc46-7e57-4cb5-9cd0-c1d90c14afa7;USER=sa', scope='AnswerMessageIntegrationTest#testCreateConversationAnswerPost_forbidden'
    23:43:28.521 | 132 Pool-1-worker-47 | DEBUG | d.t.c.a.a.c.s.f.ApiVersionFilter     : Adding Version to Request POST /api/courses/881/answer-messages
    23:43:28.522 | 132 Pool-1-worker-47 | DEBUG | d.t.c.a.a.c.w.AnswerMessageResource  : POST createAnswerMessage invoked for course 881 with message Content Answer Post
    23:43:28.525 | 132 Pool-1-worker-47 | WARN  | o.z.p.spring.common.AdviceTraits     : Forbidden: User not allowed to access this conversation!

  Starting logs for AnswerMessageIntegrationTest > testCreateAnswerInLectureChannel()
    23:43:28.540 | 132 Pool-1-worker-47 | DEBUG | d.t.c.a.a.c.u.util.UserUtilService   : Generate 4 students...
    23:43:28.547 | 132 Pool-1-worker-47 | DEBUG | d.t.c.a.a.c.u.util.UserUtilService   : 4 students generated. Generate 4 tutors...
    23:43:28.552 | 132 Pool-1-worker-47 | DEBUG | d.t.c.a.a.c.u.util.UserUtilService   : 4 tutors generated. Generate 4 editors...
    23:43:28.556 | 132 Pool-1-worker-47 | DEBUG | d.t.c.a.a.c.u.util.UserUtilService   : 4 editors generated. Generate 1 instructors...
    23:43:28.558 | 132 Pool-1-worker-47 | DEBUG | d.t.c.a.a.c.u.util.UserUtilService   : 1 instructors generated
    23:43:28.559 | 132 Pool-1-worker-47 | DEBUG | d.t.c.a.a.c.u.util.UserUtilService   : Removing 13 users from all courses...
    23:43:28.560 | 132 Pool-1-worker-47 | DEBUG | d.t.c.a.a.c.u.util.UserUtilService   : Removing 13 users from all courses. Done
    23:43:28.560 | 132 Pool-1-worker-47 | DEBUG | d.t.c.a.a.c.u.util.UserUtilService   : Save 13 users to database...
    23:43:28.565 | 132 Pool-1-worker-47 | DEBUG | d.t.c.a.a.c.u.util.UserUtilService   : Save 13 users to database. Done
    23:43:28.627 | 132 Pool-1-worker-47 | INFO  | i.z.t.d.l.EmbeddedDatabaseReporter   : JDBC URL to connect to 'dataSource': url='jdbc:h2:tcp://localhost:41063/mem:df70fc46-7e57-4cb5-9cd0-c1d90c14afa7;USER=sa', scope='AnswerMessageIntegrationTest#testCreateAnswerInLectureChannel'
    23:43:28.635 | 132 Pool-1-worker-47 | DEBUG | d.t.c.a.a.c.s.f.ApiVersionFilter     : Adding Version to Request POST /api/courses/882/answer-messages
    23:43:28.636 | 132 Pool-1-worker-47 | DEBUG | d.t.c.a.a.c.w.AnswerMessageResource  : POST createAnswerMessage invoked for course 882 with message Content Answer Post
    23:43:28.644 | 132 Pool-1-worker-47 | DEBUG | d.t.c.a.a.c.w.AnswerMessageResource  : createAnswerMessage took 8.49ms

  Starting logs for AnswerMessageIntegrationTest > testCreateAnswerInExerciseChannel()
    23:43:28.671 | 132 Pool-1-worker-47 | DEBUG | d.t.c.a.a.c.u.util.UserUtilService   : Generate 4 students...
    23:43:28.677 | 132 Pool-1-worker-47 | DEBUG | d.t.c.a.a.c.u.util.UserUtilService   : 4 students generated. Generate 4 tutors...
    23:43:28.681 | 132 Pool-1-worker-47 | DEBUG | d.t.c.a.a.c.u.util.UserUtilService   : 4 tutors generated. Generate 4 editors...
    23:43:28.686 | 132 Pool-1-worker-47 | DEBUG | d.t.c.a.a.c.u.util.UserUtilService   : 4 editors generated. Generate 1 instructors...
    23:43:28.689 | 132 Pool-1-worker-47 | DEBUG | d.t.c.a.a.c.u.util.UserUtilService   : 1 instructors generated
    23:43:28.690 | 132 Pool-1-worker-47 | DEBUG | d.t.c.a.a.c.u.util.UserUtilService   : Removing 13 users from all courses...
    23:43:28.691 | 132 Pool-1-worker-47 | DEBUG | d.t.c.a.a.c.u.util.UserUtilService   : Removing 13 users from all courses. Done
    23:43:28.691 | 132 Pool-1-worker-47 | DEBUG | d.t.c.a.a.c.u.util.UserUtilService   : Save 13 users to database...
    23:43:28.697 | 132 Pool-1-worker-47 | DEBUG | d.t.c.a.a.c.u.util.UserUtilService   : Save 13 users to database. Done
    23:43:28.776 | 132 Pool-1-worker-47 | INFO  | i.z.t.d.l.EmbeddedDatabaseReporter   : JDBC URL to connect to 'dataSource': url='jdbc:h2:tcp://localhost:41063/mem:df70fc46-7e57-4cb5-9cd0-c1d90c14afa7;USER=sa', scope='AnswerMessageIntegrationTest#testCreateAnswerInExerciseChannel'
    23:43:28.787 | 132 Pool-1-worker-47 | DEBUG | d.t.c.a.a.c.s.f.ApiVersionFilter     : Adding Version to Request POST /api/courses/883/answer-messages
    23:43:28.788 | 132 Pool-1-worker-47 | DEBUG | d.t.c.a.a.c.w.AnswerMessageResource  : POST createAnswerMessage invoked for course 883 with message Content Answer Post
    23:43:28.798 | 132 Pool-1-worker-47 | DEBUG | d.t.c.a.a.c.w.AnswerMessageResource  : createAnswerMessage took 9.70ms

  Starting logs for AnswerMessageIntegrationTest > testGetUnresolvedAnsweredOrReactedPostsByUserForCourse()
    23:43:28.842 | 132 Pool-1-worker-47 | DEBUG | d.t.c.a.a.c.u.util.UserUtilService   : Generate 4 students...
    23:43:28.848 | 132 Pool-1-worker-47 | DEBUG | d.t.c.a.a.c.u.util.UserUtilService   : 4 students generated. Generate 4 tutors...
    23:43:28.855 | 132 Pool-1-worker-47 | DEBUG | d.t.c.a.a.c.u.util.UserUtilService   : 4 tutors generated. Generate 4 editors...
    23:43:28.862 | 132 Pool-1-worker-47 | DEBUG | d.t.c.a.a.c.u.util.UserUtilService   : 4 editors generated. Generate 1 instructors...
    23:43:28.865 | 132 Pool-1-worker-47 | DEBUG | d.t.c.a.a.c.u.util.UserUtilService   : 1 instructors generated
    23:43:28.867 | 132 Pool-1-worker-47 | DEBUG | d.t.c.a.a.c.u.util.UserUtilService   : Removing 13 users from all courses...
    23:43:28.868 | 132 Pool-1-worker-47 | DEBUG | d.t.c.a.a.c.u.util.UserUtilService   : Removing 13 users from all courses. Done
    23:43:28.868 | 132 Pool-1-worker-47 | DEBUG | d.t.c.a.a.c.u.util.UserUtilService   : Save 13 users to database...
    23:43:28.878 | 132 Pool-1-worker-47 | DEBUG | d.t.c.a.a.c.u.util.UserUtilService   : Save 13 users to database. Done
    23:43:28.970 | 132 Pool-1-worker-47 | INFO  | i.z.t.d.l.EmbeddedDatabaseReporter   : JDBC URL to connect to 'dataSource': url='jdbc:h2:tcp://localhost:41063/mem:df70fc46-7e57-4cb5-9cd0-c1d90c14afa7;USER=sa', scope='AnswerMessageIntegrationTest#testGetUnresolvedAnsweredOrReactedPostsByUserForCourse'
    23:43:28.972 | 132 Pool-1-worker-47 | DEBUG | d.t.c.a.a.c.s.f.ApiVersionFilter     : Adding Version to Request GET /api/courses/884/messages
    23:43:28.987 | 132 Pool-1-worker-47 | DEBUG | .a.c.r.ConversationMessageRepository : findPostIdsWithSpecification took 10.79ms
    23:43:28.989 | 132 Pool-1-worker-47 | DEBUG | .a.c.r.ConversationMessageRepository : findByPostIdsWithEagerRelationships took 2.32ms
    23:43:28.992 | 132 Pool-1-worker-47 | DEBUG | d.t.c.a.a.c.service.PostingService   : userRepository.findUserRolesInCourse done for 1 authors 
    23:43:28.995 | 132 Pool-1-worker-47 | DEBUG | .a.a.c.w.ConversationMessageResource : /courses/{courseId}/messages finished in 21.06ms for 2 posts with 4 answer posts, 0 reactions, and 0 answer post reactions for user answermessageintstudent1

  Starting logs for AnswerMessageIntegrationTest > testMarkMessageAsResolved_asAuthor()
    23:43:29.017 | 132 Pool-1-worker-47 | DEBUG | d.t.c.a.a.c.u.util.UserUtilService   : Generate 4 students...
    23:43:29.024 | 132 Pool-1-worker-47 | DEBUG | d.t.c.a.a.c.u.util.UserUtilService   : 4 students generated. Generate 4 tutors...
    23:43:29.030 | 132 Pool-1-worker-47 | DEBUG | d.t.c.a.a.c.u.util.UserUtilService   : 4 tutors generated. Generate 4 editors...
    23:43:29.037 | 132 Pool-1-worker-47 | DEBUG | d.t.c.a.a.c.u.util.UserUtilService   : 4 editors generated. Generate 1 instructors...
    23:43:29.039 | 132 Pool-1-worker-47 | DEBUG | d.t.c.a.a.c.u.util.UserUtilService   : 1 instructors generated
    23:43:29.041 | 132 Pool-1-worker-47 | DEBUG | d.t.c.a.a.c.u.util.UserUtilService   : Removing 13 users from all courses...
    23:43:29.042 | 132 Pool-1-worker-47 | DEBUG | d.t.c.a.a.c.u.util.UserUtilService   : Removing 13 users from all courses. Done
    23:43:29.042 | 132 Pool-1-worker-47 | DEBUG | d.t.c.a.a.c.u.util.UserUtilService   : Save 13 users to database...
    23:43:29.048 | 132 Pool-1-worker-47 | DEBUG | d.t.c.a.a.c.u.util.UserUtilService   : Save 13 users to database. Done
    23:43:29.113 | 132 Pool-1-worker-47 | INFO  | i.z.t.d.l.EmbeddedDatabaseReporter   : JDBC URL to connect to 'dataSource': url='jdbc:h2:tcp://localhost:41063/mem:df70fc46-7e57-4cb5-9cd0-c1d90c14afa7;USER=sa', scope='AnswerMessageIntegrationTest#testMarkMessageAsResolved_asAuthor'
    23:43:29.115 | 132 Pool-1-worker-47 | DEBUG | d.t.c.a.a.c.s.f.ApiVersionFilter     : Adding Version to Request PUT /api/courses/885/answer-messages/263
    23:43:29.116 | 132 Pool-1-worker-47 | DEBUG | d.t.c.a.a.c.w.AnswerMessageResource  : PUT updateAnswerMessage invoked for course 885 with message Content Post 1 Answer
    23:43:29.125 | 132 Pool-1-worker-47 | DEBUG | d.t.c.a.a.c.w.AnswerMessageResource  : updateAnswerMessage took 8.83ms

  Starting logs for AnswerMessageIntegrationTest > testCreateAnswerInGeneralCourseWideChannel()
    23:43:29.137 | 132 Pool-1-worker-47 | DEBUG | d.t.c.a.a.c.u.util.UserUtilService   : Generate 4 students...
    23:43:29.142 | 132 Pool-1-worker-47 | DEBUG | d.t.c.a.a.c.u.util.UserUtilService   : 4 students generated. Generate 4 tutors...
    23:43:29.147 | 132 Pool-1-worker-47 | DEBUG | d.t.c.a.a.c.u.util.UserUtilService   : 4 tutors generated. Generate 4 editors...
    23:43:29.151 | 132 Pool-1-worker-47 | DEBUG | d.t.c.a.a.c.u.util.UserUtilService   : 4 editors generated. Generate 1 instructors...
    23:43:29.153 | 132 Pool-1-worker-47 | DEBUG | d.t.c.a.a.c.u.util.UserUtilService   : 1 instructors generated
    23:43:29.154 | 132 Pool-1-worker-47 | DEBUG | d.t.c.a.a.c.u.util.UserUtilService   : Removing 13 users from all courses...
    23:43:29.155 | 132 Pool-1-worker-47 | DEBUG | d.t.c.a.a.c.u.util.UserUtilService   : Removing 13 users from all courses. Done
    23:43:29.155 | 132 Pool-1-worker-47 | DEBUG | d.t.c.a.a.c.u.util.UserUtilService   : Save 13 users to database...
    23:43:29.161 | 132 Pool-1-worker-47 | DEBUG | d.t.c.a.a.c.u.util.UserUtilService   : Save 13 users to database. Done
    23:43:29.225 | 132 Pool-1-worker-47 | INFO  | i.z.t.d.l.EmbeddedDatabaseReporter   : JDBC URL to connect to 'dataSource': url='jdbc:h2:tcp://localhost:41063/mem:df70fc46-7e57-4cb5-9cd0-c1d90c14afa7;USER=sa', scope='AnswerMessageIntegrationTest#testCreateAnswerInGeneralCourseWideChannel'
    23:43:29.231 | 132 Pool-1-worker-47 | DEBUG | d.t.c.a.a.c.s.f.ApiVersionFilter     : Adding Version to Request POST /api/courses/886/answer-messages
    23:43:29.232 | 132 Pool-1-worker-47 | DEBUG | d.t.c.a.a.c.w.AnswerMessageResource  : POST createAnswerMessage invoked for course 886 with message Content Answer Post
    23:43:29.240 | 132 Pool-1-worker-47 | DEBUG | d.t.c.a.a.c.w.AnswerMessageResource  : createAnswerMessage took 8.17ms

  Starting logs for AnswerMessageIntegrationTest > testGetOwnAndAnsweredOrReactedPostsByUserForCourseWithCourseWideContent()
    23:43:29.263 | 132 Pool-1-worker-47 | DEBUG | d.t.c.a.a.c.u.util.UserUtilService   : Generate 4 students...
    23:43:29.269 | 132 Pool-1-worker-47 | DEBUG | d.t.c.a.a.c.u.util.UserUtilService   : 4 students generated. Generate 4 tutors...
    23:43:29.274 | 132 Pool-1-worker-47 | DEBUG | d.t.c.a.a.c.u.util.UserUtilService   : 4 tutors generated. Generate 4 editors...
    23:43:29.279 | 132 Pool-1-worker-47 | DEBUG | d.t.c.a.a.c.u.util.UserUtilService   : 4 editors generated. Generate 1 instructors...
    23:43:29.281 | 132 Pool-1-worker-47 | DEBUG | d.t.c.a.a.c.u.util.UserUtilService   : 1 instructors generated
    23:43:29.283 | 132 Pool-1-worker-47 | DEBUG | d.t.c.a.a.c.u.util.UserUtilService   : Removing 13 users from all courses...
    23:43:29.285 | 132 Pool-1-worker-47 | DEBUG | d.t.c.a.a.c.u.util.UserUtilService   : Removing 13 users from all courses. Done
    23:43:29.285 | 132 Pool-1-worker-47 | DEBUG | d.t.c.a.a.c.u.util.UserUtilService   : Save 13 users to database...
    23:43:29.293 | 132 Pool-1-worker-47 | DEBUG | d.t.c.a.a.c.u.util.UserUtilService   : Save 13 users to database. Done
    23:43:29.306 | 566 localvc.event-13 | DEBUG | s.l.LocalCIWebsocketMessagingService : Sending message on topic /topic/admin/queued-jobs: [BuildJobQueueItem[id=5121739576609302, name=SHORT3D739532080B804BC608BDA0F7816DDB4316TSTEXC-LOCALCIINTSTUDENT1, buildAgent=BuildAgentDTO[name=null, memberAddress=null, displayName=null], participationId=512, courseId=164, exerciseId=315, retryCount=0, priority=2, status=null, repositoryInfo=RepositoryInfo[repositoryName=short3d739532080b804bc608bda0f7816ddb4316tstexc-localciintstudent1, repositoryType=user, triggeredByPushTo=user, assignmentRepositoryUri=, testRepositoryUri=, solutionRepositoryUri=, auxiliaryRepositoryUris=null, auxiliaryRepositoryCheckoutDirectories=null], jobTimingInfo=JobTimingInfo[submissionDate=2025-02-14T23:43:29.302618463Z[Etc/UTC], buildStartDate=null, buildCompletionDate=null, estimatedCompletionDate=null, estimatedDuration=19], buildConfig=BuildConfig[buildScript=, dockerImage=, commitHashToBuild=71f54bdf5e0f9c98936e24a4638fd2ffcf966edd, assignmentCommitHash=, testCommitHash=, branch=, programmingLanguage=null, projectType=null, scaEnabled=false, sequentialTestRunsEnabled=false, resultPaths=null, timeoutSeconds=0, assignmentCheckoutPath=, testCheckoutPath=, solutionCheckoutPath=, dockerRunConfig=null], submissionResult=null]]
    23:43:29.306 | 566 localvc.event-13 | DEBUG | s.l.LocalCIWebsocketMessagingService : Sending message on topic /topic/courses/164/queued-jobs: [BuildJobQueueItem[id=5121739576609302, name=SHORT3D739532080B804BC608BDA0F7816DDB4316TSTEXC-LOCALCIINTSTUDENT1, buildAgent=BuildAgentDTO[name=null, memberAddress=null, displayName=null], participationId=512, courseId=164, exerciseId=315, retryCount=0, priority=2, status=null, repositoryInfo=RepositoryInfo[repositoryName=short3d739532080b804bc608bda0f7816ddb4316tstexc-localciintstudent1, repositoryType=user, triggeredByPushTo=user, assignmentRepositoryUri=, testRepositoryUri=, solutionRepositoryUri=, auxiliaryRepositoryUris=null, auxiliaryRepositoryCheckoutDirectories=null], jobTimingInfo=JobTimingInfo[submissionDate=2025-02-14T23:43:29.302618463Z[Etc/UTC], buildStartDate=null, buildCompletionDate=null, estimatedCompletionDate=null, estimatedDuration=19], buildConfig=BuildConfig[buildScript=, dockerImage=, commitHashToBuild=71f54bdf5e0f9c98936e24a4638fd2ffcf966edd, assignmentCommitHash=, testCommitHash=, branch=, programmingLanguage=null, projectType=null, scaEnabled=false, sequentialTestRunsEnabled=false, resultPaths=null, timeoutSeconds=0, assignmentCheckoutPath=, testCheckoutPath=, solutionCheckoutPath=, dockerRunConfig=null], submissionResult=null]]
    23:43:29.306 | 566 localvc.event-13 | DEBUG | a.a.b.s.SharedQueueProcessingService : CIBuildJobQueueItem added to queue: BuildJobQueueItem[id=5121739576609302, name=SHORT3D739532080B804BC608BDA0F7816DDB4316TSTEXC-LOCALCIINTSTUDENT1, buildAgent=BuildAgentDTO[name=null, memberAddress=null, displayName=null], participationId=512, courseId=164, exerciseId=315, retryCount=0, priority=2, status=null, repositoryInfo=RepositoryInfo[repositoryName=short3d739532080b804bc608bda0f7816ddb4316tstexc-localciintstudent1, repositoryType=user, triggeredByPushTo=user, assignmentRepositoryUri=http://localhost:49152/git/SHORT3D739532080B804BC608BDA0F7816DDB4316TSTEXC/short3d739532080b804bc608bda0f7816ddb4316tstexc-localciintstudent1.git, testRepositoryUri=http://localhost:49152/git/SHORT3D739532080B804BC608BDA0F7816DDB4316TSTEXC/short3d739532080b804bc608bda0f7816ddb4316tstexc-tests.git, solutionRepositoryUri=null, auxiliaryRepositoryUris=[Ljava.lang.String;@140bf6c, auxiliaryRepositoryCheckoutDirectories=[Ljava.lang.String;@18c46858], jobTimingInfo=JobTimingInfo[submissionDate=2025-02-14T23:43:29.302618463Z[Etc/UTC], buildStartDate=null, buildCompletionDate=null, estimatedCompletionDate=null, estimatedDuration=19], buildConfig=BuildConfig[buildScript=#!/bin/bash
cd /var/tmp/testing-dir
chmod +x ./gradlew
./gradlew clean test
, dockerImage=dummy-docker-image:latest, commitHashToBuild=71f54bdf5e0f9c98936e24a4638fd2ffcf966edd, assignmentCommitHash=71f54bdf5e0f9c98936e24a4638fd2ffcf966edd, testCommitHash=71f54bdf5e0f9c98936e24a4638fd2ffcf966edd, branch=main, programmingLanguage=JAVA, projectType=PLAIN_GRADLE, scaEnabled=false, sequentialTestRunsEnabled=false, resultPaths=[/var/tmp/testing-dir/**/test-results/test/*.xml], timeoutSeconds=0, assignmentCheckoutPath=null, testCheckoutPath=null, solutionCheckoutPath=null, dockerRunConfig=null], submissionResult=null]
    23:43:29.307 | 566 localvc.event-13 | DEBUG | a.a.b.s.SharedQueueProcessingService : Current queued items: 1
    23:43:29.307 | 566 localvc.event-13 | DEBUG | a.a.b.s.SharedQueueProcessingService : Currently processing jobs on this node: 0, active threads in Pool: 0, maximum pool size of thread executor : 1
    23:43:29.307 | 566 localvc.event-13 | DEBUG | a.a.b.s.SharedQueueProcessingService : Currently processing jobs on this node: 0, active threads in Pool: 0, maximum pool size of thread executor : 1
    23:43:29.308 | 568 localvc.event-15 | DEBUG | a.p.s.l.LocalCIQueueWebsocketService : CIBuildJobQueueItem added to processing jobs: BuildJobQueueItem[id=5121739576609302, name=SHORT3D739532080B804BC608BDA0F7816DDB4316TSTEXC-LOCALCIINTSTUDENT1, buildAgent=BuildAgentDTO[name=artemis-build-agent-test, memberAddress=[127.0.0.1]:5703, displayName=artemis-build-agent-test], participationId=512, courseId=164, exerciseId=315, retryCount=0, priority=2, status=null, repositoryInfo=RepositoryInfo[repositoryName=short3d739532080b804bc608bda0f7816ddb4316tstexc-localciintstudent1, repositoryType=user, triggeredByPushTo=user, assignmentRepositoryUri=http://localhost:49152/git/SHORT3D739532080B804BC608BDA0F7816DDB4316TSTEXC/short3d739532080b804bc608bda0f7816ddb4316tstexc-localciintstudent1.git, testRepositoryUri=http://localhost:49152/git/SHORT3D739532080B804BC608BDA0F7816DDB4316TSTEXC/short3d739532080b804bc608bda0f7816ddb4316tstexc-tests.git, solutionRepositoryUri=null, auxiliaryRepositoryUris=[Ljava.lang.String;@62d388db, auxiliaryRepositoryCheckoutDirectories=[Ljava.lang.String;@7252ace4], jobTimingInfo=JobTimingInfo[submissionDate=2025-02-14T23:43:29.302618463Z[Etc/UTC], buildStartDate=2025-02-14T23:43:29.307985701Z[Etc/UTC], buildCompletionDate=null, estimatedCompletionDate=2025-02-14T23:43:48.307979980Z[Etc/UTC], estimatedDuration=19], buildConfig=BuildConfig[buildScript=#!/bin/bash
cd /var/tmp/testing-dir
chmod +x ./gradlew
./gradlew clean test
, dockerImage=dummy-docker-image:latest, commitHashToBuild=71f54bdf5e0f9c98936e24a4638fd2ffcf966edd, assignmentCommitHash=71f54bdf5e0f9c98936e24a4638fd2ffcf966edd, testCommitHash=71f54bdf5e0f9c98936e24a4638fd2ffcf966edd, branch=main, programmingLanguage=JAVA, projectType=PLAIN_GRADLE, scaEnabled=false, sequentialTestRunsEnabled=false, resultPaths=[/var/tmp/testing-dir/**/test-results/test/*.xml], timeoutSeconds=0, assignmentCheckoutPath=null, testCheckoutPath=null, solutionCheckoutPath=null, dockerRunConfig=null], submissionResult=null]
    23:43:29.308 | 568 localvc.event-15 | DEBUG | s.l.LocalCIWebsocketMessagingService : Sending message on topic /topic/admin/running-jobs: [BuildJobQueueItem[id=5121739576609302, name=SHORT3D739532080B804BC608BDA0F7816DDB4316TSTEXC-LOCALCIINTSTUDENT1, buildAgent=BuildAgentDTO[name=artemis-build-agent-test, memberAddress=[127.0.0.1]:5703, displayName=artemis-build-agent-test], participationId=512, courseId=164, exerciseId=315, retryCount=0, priority=2, status=null, repositoryInfo=RepositoryInfo[repositoryName=short3d739532080b804bc608bda0f7816ddb4316tstexc-localciintstudent1, repositoryType=user, triggeredByPushTo=user, assignmentRepositoryUri=, testRepositoryUri=, solutionRepositoryUri=, auxiliaryRepositoryUris=null, auxiliaryRepositoryCheckoutDirectories=null], jobTimingInfo=JobTimingInfo[submissionDate=2025-02-14T23:43:29.302618463Z[Etc/UTC], buildStartDate=2025-02-14T23:43:29.307985701Z[Etc/UTC], buildCompletionDate=null, estimatedCompletionDate=2025-02-14T23:43:48.307979980Z[Etc/UTC], estimatedDuration=19], buildConfig=BuildConfig[buildScript=, dockerImage=, commitHashToBuild=71f54bdf5e0f9c98936e24a4638fd2ffcf966edd, assignmentCommitHash=, testCommitHash=, branch=, programmingLanguage=null, projectType=null, scaEnabled=false, sequentialTestRunsEnabled=false, resultPaths=null, timeoutSeconds=0, assignmentCheckoutPath=, testCheckoutPath=, solutionCheckoutPath=, dockerRunConfig=null], submissionResult=null]]
    23:43:29.309 | 568 localvc.event-15 | DEBUG | s.l.LocalCIWebsocketMessagingService : Sending message on topic /topic/courses/164/running-jobs: [BuildJobQueueItem[id=5121739576609302, name=SHORT3D739532080B804BC608BDA0F7816DDB4316TSTEXC-LOCALCIINTSTUDENT1, buildAgent=BuildAgentDTO[name=artemis-build-agent-test, memberAddress=[127.0.0.1]:5703, displayName=artemis-build-agent-test], participationId=512, courseId=164, exerciseId=315, retryCount=0, priority=2, status=null, repositoryInfo=RepositoryInfo[repositoryName=short3d739532080b804bc608bda0f7816ddb4316tstexc-localciintstudent1, repositoryType=user, triggeredByPushTo=user, assignmentRepositoryUri=, testRepositoryUri=, solutionRepositoryUri=, auxiliaryRepositoryUris=null, auxiliaryRepositoryCheckoutDirectories=null], jobTimingInfo=JobTimingInfo[submissionDate=2025-02-14T23:43:29.302618463Z[Etc/UTC], buildStartDate=2025-02-14T23:43:29.307985701Z[Etc/UTC], buildCompletionDate=null, estimatedCompletionDate=2025-02-14T23:43:48.307979980Z[Etc/UTC], estimatedDuration=19], buildConfig=BuildConfig[buildScript=, dockerImage=, commitHashToBuild=71f54bdf5e0f9c98936e24a4638fd2ffcf966edd, assignmentCommitHash=, testCommitHash=, branch=, programmingLanguage=null, projectType=null, scaEnabled=false, sequentialTestRunsEnabled=false, resultPaths=null, timeoutSeconds=0, assignmentCheckoutPath=, testCheckoutPath=, solutionCheckoutPath=, dockerRunConfig=null], submissionResult=null]]
    23:43:29.315 | 566 localvc.event-13 | INFO  | a.a.b.s.SharedQueueProcessingService : Processing build job: BuildJobQueueItem[id=5121739576609302, name=SHORT3D739532080B804BC608BDA0F7816DDB4316TSTEXC-LOCALCIINTSTUDENT1, buildAgent=BuildAgentDTO[name=artemis-build-agent-test, memberAddress=[127.0.0.1]:5703, displayName=artemis-build-agent-test], participationId=512, courseId=164, exerciseId=315, retryCount=0, priority=2, status=null, repositoryInfo=RepositoryInfo[repositoryName=short3d739532080b804bc608bda0f7816ddb4316tstexc-localciintstudent1, repositoryType=user, triggeredByPushTo=user, assignmentRepositoryUri=http://localhost:49152/git/SHORT3D739532080B804BC608BDA0F7816DDB4316TSTEXC/short3d739532080b804bc608bda0f7816ddb4316tstexc-localciintstudent1.git, testRepositoryUri=http://localhost:49152/git/SHORT3D739532080B804BC608BDA0F7816DDB4316TSTEXC/short3d739532080b804bc608bda0f7816ddb4316tstexc-tests.git, solutionRepositoryUri=null, auxiliaryRepositoryUris=[Ljava.lang.String;@1bcc2551, auxiliaryRepositoryCheckoutDirectories=[Ljava.lang.String;@7fdd06f7], jobTimingInfo=JobTimingInfo[submissionDate=2025-02-14T23:43:29.302618463Z[Etc/UTC], buildStartDate=2025-02-14T23:43:29.307985701Z[Etc/UTC], buildCompletionDate=null, estimatedCompletionDate=2025-02-14T23:43:48.307979980Z[Etc/UTC], estimatedDuration=19], buildConfig=BuildConfig[buildScript=#!/bin/bash
cd /var/tmp/testing-dir
chmod +x ./gradlew
./gradlew clean test
, dockerImage=dummy-docker-image:latest, commitHashToBuild=71f54bdf5e0f9c98936e24a4638fd2ffcf966edd, assignmentCommitHash=71f54bdf5e0f9c98936e24a4638fd2ffcf966edd, testCommitHash=71f54bdf5e0f9c98936e24a4638fd2ffcf966edd, branch=main, programmingLanguage=JAVA, projectType=PLAIN_GRADLE, scaEnabled=false, sequentialTestRunsEnabled=false, resultPaths=[/var/tmp/testing-dir/**/test-results/test/*.xml], timeoutSeconds=0, assignmentCheckoutPath=null, testCheckoutPath=null, solutionCheckoutPath=null, dockerRunConfig=null], submissionResult=null]
    23:43:29.374 | 132 Pool-1-worker-47 | INFO  | i.z.t.d.l.EmbeddedDatabaseReporter   : JDBC URL to connect to 'dataSource': url='jdbc:h2:tcp://localhost:41063/mem:df70fc46-7e57-4cb5-9cd0-c1d90c14afa7;USER=sa', scope='AnswerMessageIntegrationTest#testGetOwnAndAnsweredOrReactedPostsByUserForCourseWithCourseWideContent'
    23:43:29.375 | 132 Pool-1-worker-47 | DEBUG | d.t.c.a.a.c.s.f.ApiVersionFilter     : Adding Version to Request GET /api/courses/887/messages
    23:43:29.401 | 132 Pool-1-worker-47 | DEBUG | .a.c.r.ConversationMessageRepository : findPostIdsWithSpecification took 22.14ms
    23:43:29.406 | 132 Pool-1-worker-47 | DEBUG | .a.c.r.ConversationMessageRepository : findByPostIdsWithEagerRelationships took 5.18ms
    23:43:29.407 | 132 Pool-1-worker-47 | DEBUG | d.t.c.a.a.c.service.PostingService   : userRepository.findUserRolesInCourse done for 1 authors 
    23:43:29.411 | 132 Pool-1-worker-47 | DEBUG | .a.a.c.w.ConversationMessageResource : /courses/{courseId}/messages finished in 34.56ms for 3 posts with 5 answer posts, 0 reactions, and 0 answer post reactions for user answermessageintstudent1

  Starting logs for AnswerMessageIntegrationTest > testEditAnswerPostWithInvalidId_badRequest()
    23:43:29.431 | 132 Pool-1-worker-47 | DEBUG | d.t.c.a.a.c.u.util.UserUtilService   : Generate 4 students...
    23:43:29.437 | 132 Pool-1-worker-47 | DEBUG | d.t.c.a.a.c.u.util.UserUtilService   : 4 students generated. Generate 4 tutors...
    23:43:29.443 | 132 Pool-1-worker-47 | DEBUG | d.t.c.a.a.c.u.util.UserUtilService   : 4 tutors generated. Generate 4 editors...
    23:43:29.449 | 132 Pool-1-worker-47 | DEBUG | d.t.c.a.a.c.u.util.UserUtilService   : 4 editors generated. Generate 1 instructors...
    23:43:29.452 | 132 Pool-1-worker-47 | DEBUG | d.t.c.a.a.c.u.util.UserUtilService   : 1 instructors generated
    23:43:29.453 | 132 Pool-1-worker-47 | DEBUG | d.t.c.a.a.c.u.util.UserUtilService   : Removing 13 users from all courses...
    23:43:29.455 | 132 Pool-1-worker-47 | DEBUG | d.t.c.a.a.c.u.util.UserUtilService   : Removing 13 users from all courses. Done
    23:43:29.455 | 132 Pool-1-worker-47 | DEBUG | d.t.c.a.a.c.u.util.UserUtilService   : Save 13 users to database...
    23:43:29.463 | 132 Pool-1-worker-47 | DEBUG | d.t.c.a.a.c.u.util.UserUtilService   : Save 13 users to database. Done
    23:43:29.523 | 132 Pool-1-worker-47 | INFO  | i.z.t.d.l.EmbeddedDatabaseReporter   : JDBC URL to connect to 'dataSource': url='jdbc:h2:tcp://localhost:41063/mem:df70fc46-7e57-4cb5-9cd0-c1d90c14afa7;USER=sa', scope='AnswerMessageIntegrationTest#testEditAnswerPostWithInvalidId_badRequest'
    23:43:29.525 | 132 Pool-1-worker-47 | DEBUG | d.t.c.a.a.c.s.f.ApiVersionFilter     : Adding Version to Request PUT /api/courses/888/answer-messages/null
    23:43:29.525 | 132 Pool-1-worker-47 | WARN  | o.z.p.spring.common.AdviceTraits     : Bad Request: Method parameter 'answerMessageId': Failed to convert value of type 'java.lang.String' to required type 'java.lang.Long'; For input string: "null"

  Starting logs for AnswerMessageIntegrationTest > testGetAnsweredOrReactedPostsByUserForCourse()
    23:43:29.537 | 132 Pool-1-worker-47 | DEBUG | d.t.c.a.a.c.u.util.UserUtilService   : Generate 4 students...
    23:43:29.541 | 132 Pool-1-worker-47 | DEBUG | d.t.c.a.a.c.u.util.UserUtilService   : 4 students generated. Generate 4 tutors...
    23:43:29.546 | 132 Pool-1-worker-47 | DEBUG | d.t.c.a.a.c.u.util.UserUtilService   : 4 tutors generated. Generate 4 editors...
    23:43:29.551 | 132 Pool-1-worker-47 | DEBUG | d.t.c.a.a.c.u.util.UserUtilService   : 4 editors generated. Generate 1 instructors...
    23:43:29.554 | 132 Pool-1-worker-47 | DEBUG | d.t.c.a.a.c.u.util.UserUtilService   : 1 instructors generated
    23:43:29.555 | 132 Pool-1-worker-47 | DEBUG | d.t.c.a.a.c.u.util.UserUtilService   : Removing 13 users from all courses...
    23:43:29.557 | 132 Pool-1-worker-47 | DEBUG | d.t.c.a.a.c.u.util.UserUtilService   : Removing 13 users from all courses. Done
    23:43:29.557 | 132 Pool-1-worker-47 | DEBUG | d.t.c.a.a.c.u.util.UserUtilService   : Save 13 users to database...
    23:43:29.566 | 132 Pool-1-worker-47 | DEBUG | d.t.c.a.a.c.u.util.UserUtilService   : Save 13 users to database. Done
    23:43:29.638 | 132 Pool-1-worker-47 | INFO  | i.z.t.d.l.EmbeddedDatabaseReporter   : JDBC URL to connect to 'dataSource': url='jdbc:h2:tcp://localhost:41063/mem:df70fc46-7e57-4cb5-9cd0-c1d90c14afa7;USER=sa', scope='AnswerMessageIntegrationTest#testGetAnsweredOrReactedPostsByUserForCourse'
    23:43:29.639 | 132 Pool-1-worker-47 | DEBUG | d.t.c.a.a.c.s.f.ApiVersionFilter     : Adding Version to Request GET /api/courses/889/messages
    23:43:29.651 | 132 Pool-1-worker-47 | DEBUG | .a.c.r.ConversationMessageRepository : findPostIdsWithSpecification took 9.95ms
    23:43:29.653 | 132 Pool-1-worker-47 | DEBUG | .a.c.r.ConversationMessageRepository : findByPostIdsWithEagerRelationships took 1.58ms
    23:43:29.654 | 132 Pool-1-worker-47 | DEBUG | d.t.c.a.a.c.service.PostingService   : userRepository.findUserRolesInCourse done for 1 authors 
    23:43:29.665 | 132 Pool-1-worker-47 | DEBUG | .a.a.c.w.ConversationMessageResource : /courses/{courseId}/messages finished in 24.93ms for 3 posts with 5 answer posts, 0 reactions, and 0 answer post reactions for user answermessageintstudent1

  Starting logs for AnswerMessageIntegrationTest > testGetOwnAndAnsweredOrReactedPostsByUserForCourse()
    23:43:29.694 | 132 Pool-1-worker-47 | DEBUG | d.t.c.a.a.c.u.util.UserUtilService   : Generate 4 students...
    23:43:29.700 | 132 Pool-1-worker-47 | DEBUG | d.t.c.a.a.c.u.util.UserUtilService   : 4 students generated. Generate 4 tutors...
    23:43:29.706 | 132 Pool-1-worker-47 | DEBUG | d.t.c.a.a.c.u.util.UserUtilService   : 4 tutors generated. Generate 4 editors...
    23:43:29.712 | 132 Pool-1-worker-47 | DEBUG | d.t.c.a.a.c.u.util.UserUtilService   : 4 editors generated. Generate 1 instructors...
    23:43:29.715 | 132 Pool-1-worker-47 | DEBUG | d.t.c.a.a.c.u.util.UserUtilService   : 1 instructors generated
    23:43:29.716 | 132 Pool-1-worker-47 | DEBUG | d.t.c.a.a.c.u.util.UserUtilService   : Removing 13 users from all courses...
    23:43:29.718 | 132 Pool-1-worker-47 | DEBUG | d.t.c.a.a.c.u.util.UserUtilService   : Removing 13 users from all courses. Done
    23:43:29.718 | 132 Pool-1-worker-47 | DEBUG | d.t.c.a.a.c.u.util.UserUtilService   : Save 13 users to database...
    23:43:29.726 | 132 Pool-1-worker-47 | DEBUG | d.t.c.a.a.c.u.util.UserUtilService   : Save 13 users to database. Done
    23:43:29.801 | 132 Pool-1-worker-47 | INFO  | i.z.t.d.l.EmbeddedDatabaseReporter   : JDBC URL to connect to 'dataSource': url='jdbc:h2:tcp://localhost:41063/mem:df70fc46-7e57-4cb5-9cd0-c1d90c14afa7;USER=sa', scope='AnswerMessageIntegrationTest#testGetOwnAndAnsweredOrReactedPostsByUserForCourse'
    23:43:29.803 | 132 Pool-1-worker-47 | DEBUG | d.t.c.a.a.c.s.f.ApiVersionFilter     : Adding Version to Request GET /api/courses/890/messages
    23:43:29.823 | 132 Pool-1-worker-47 | DEBUG | .a.c.r.ConversationMessageRepository : findPostIdsWithSpecification took 17.05ms
    23:43:29.825 | 132 Pool-1-worker-47 | DEBUG | .a.c.r.ConversationMessageRepository : findByPostIdsWithEagerRelationships took 2.07ms
    23:43:29.827 | 132 Pool-1-worker-47 | DEBUG | d.t.c.a.a.c.service.PostingService   : userRepository.findUserRolesInCourse done for 1 authors 
    23:43:29.830 | 132 Pool-1-worker-47 | DEBUG | .a.a.c.w.ConversationMessageResource : /courses/{courseId}/messages finished in 25.89ms for 3 posts with 5 answer posts, 0 reactions, and 0 answer post reactions for user answermessageintstudent1

  Starting logs for AnswerMessageIntegrationTest > [1] userMention=no mention, isUserMentionValid=true
    23:43:29.848 | 132 Pool-1-worker-47 | DEBUG | d.t.c.a.a.c.u.util.UserUtilService   : Generate 4 students...
    23:43:29.854 | 132 Pool-1-worker-47 | DEBUG | d.t.c.a.a.c.u.util.UserUtilService   : 4 students generated. Generate 4 tutors...
    23:43:29.860 | 132 Pool-1-worker-47 | DEBUG | d.t.c.a.a.c.u.util.UserUtilService   : 4 tutors generated. Generate 4 editors...
    23:43:29.865 | 132 Pool-1-worker-47 | DEBUG | d.t.c.a.a.c.u.util.UserUtilService   : 4 editors generated. Generate 1 instructors...
    23:43:29.867 | 132 Pool-1-worker-47 | DEBUG | d.t.c.a.a.c.u.util.UserUtilService   : 1 instructors generated
    23:43:29.868 | 132 Pool-1-worker-47 | DEBUG | d.t.c.a.a.c.u.util.UserUtilService   : Removing 13 users from all courses...
    23:43:29.869 | 132 Pool-1-worker-47 | DEBUG | d.t.c.a.a.c.u.util.UserUtilService   : Removing 13 users from all courses. Done
    23:43:29.869 | 132 Pool-1-worker-47 | DEBUG | d.t.c.a.a.c.u.util.UserUtilService   : Save 13 users to database...
    23:43:29.874 | 132 Pool-1-worker-47 | DEBUG | d.t.c.a.a.c.u.util.UserUtilService   : Save 13 users to database. Done
    23:43:29.940 | 132 Pool-1-worker-47 | INFO  | i.z.t.d.l.EmbeddedDatabaseReporter   : JDBC URL to connect to 'dataSource': url='jdbc:h2:tcp://localhost:41063/mem:df70fc46-7e57-4cb5-9cd0-c1d90c14afa7;USER=sa', scope='AnswerMessageIntegrationTest#testEditConversationAnswerPostWithUserMention'
    23:43:29.942 | 132 Pool-1-worker-47 | DEBUG | d.t.c.a.a.c.s.f.ApiVersionFilter     : Adding Version to Request PUT /api/courses/891/answer-messages/314
    23:43:29.943 | 132 Pool-1-worker-47 | DEBUG | d.t.c.a.a.c.w.AnswerMessageResource  : PUT updateAnswerMessage invoked for course 891 with message User changes one of their conversation answerPostsno mention
    23:43:29.951 | 132 Pool-1-worker-47 | DEBUG | d.t.c.a.a.c.w.AnswerMessageResource  : updateAnswerMessage took 8.37ms

  Starting logs for AnswerMessageIntegrationTest > [2] userMention=[user]answermessageintstudent1First answermessageintstudent1Last(answermessageintstudent1)[/user], isUserMentionValid=true
    23:43:29.966 | 132 Pool-1-worker-47 | DEBUG | d.t.c.a.a.c.u.util.UserUtilService   : Generate 4 students...
    23:43:29.972 | 132 Pool-1-worker-47 | DEBUG | d.t.c.a.a.c.u.util.UserUtilService   : 4 students generated. Generate 4 tutors...
    23:43:29.978 | 132 Pool-1-worker-47 | DEBUG | d.t.c.a.a.c.u.util.UserUtilService   : 4 tutors generated. Generate 4 editors...
    23:43:29.984 | 132 Pool-1-worker-47 | DEBUG | d.t.c.a.a.c.u.util.UserUtilService   : 4 editors generated. Generate 1 instructors...
    23:43:29.987 | 132 Pool-1-worker-47 | DEBUG | d.t.c.a.a.c.u.util.UserUtilService   : 1 instructors generated
    23:43:29.988 | 132 Pool-1-worker-47 | DEBUG | d.t.c.a.a.c.u.util.UserUtilService   : Removing 13 users from all courses...
    23:43:29.989 | 132 Pool-1-worker-47 | DEBUG | d.t.c.a.a.c.u.util.UserUtilService   : Removing 13 users from all courses. Done
    23:43:29.989 | 132 Pool-1-worker-47 | DEBUG | d.t.c.a.a.c.u.util.UserUtilService   : Save 13 users to database...
    23:43:29.995 | 132 Pool-1-worker-47 | DEBUG | d.t.c.a.a.c.u.util.UserUtilService   : Save 13 users to database. Done
    23:43:30.067 | 132 Pool-1-worker-47 | INFO  | i.z.t.d.l.EmbeddedDatabaseReporter   : JDBC URL to connect to 'dataSource': url='jdbc:h2:tcp://localhost:41063/mem:df70fc46-7e57-4cb5-9cd0-c1d90c14afa7;USER=sa', scope='AnswerMessageIntegrationTest#testEditConversationAnswerPostWithUserMention'
    23:43:30.069 | 132 Pool-1-worker-47 | DEBUG | d.t.c.a.a.c.s.f.ApiVersionFilter     : Adding Version to Request PUT /api/courses/892/answer-messages/322
    23:43:30.070 | 132 Pool-1-worker-47 | DEBUG | d.t.c.a.a.c.w.AnswerMessageResource  : PUT updateAnswerMessage invoked for course 892 with message User changes one of their conversation answerPosts[user]answermessageintstudent1First answermessageintstudent1Last(answermessageintstudent1)[/user]
    23:43:30.079 | 132 Pool-1-worker-47 | DEBUG | d.t.c.a.a.c.w.AnswerMessageResource  : updateAnswerMessage took 9.16ms

  Starting logs for AnswerMessageIntegrationTest > [3] userMention=[user](answermessageintstudent1)[/user], isUserMentionValid=false
    23:43:30.093 | 132 Pool-1-worker-47 | DEBUG | d.t.c.a.a.c.u.util.UserUtilService   : Generate 4 students...
    23:43:30.100 | 132 Pool-1-worker-47 | DEBUG | d.t.c.a.a.c.u.util.UserUtilService   : 4 students generated. Generate 4 tutors...
    23:43:30.106 | 132 Pool-1-worker-47 | DEBUG | d.t.c.a.a.c.u.util.UserUtilService   : 4 tutors generated. Generate 4 editors...
    23:43:30.113 | 132 Pool-1-worker-47 | DEBUG | d.t.c.a.a.c.u.util.UserUtilService   : 4 editors generated. Generate 1 instructors...
    23:43:30.116 | 132 Pool-1-worker-47 | DEBUG | d.t.c.a.a.c.u.util.UserUtilService   : 1 instructors generated
    23:43:30.117 | 132 Pool-1-worker-47 | DEBUG | d.t.c.a.a.c.u.util.UserUtilService   : Removing 13 users from all courses...
    23:43:30.119 | 132 Pool-1-worker-47 | DEBUG | d.t.c.a.a.c.u.util.UserUtilService   : Removing 13 users from all courses. Done
    23:43:30.119 | 132 Pool-1-worker-47 | DEBUG | d.t.c.a.a.c.u.util.UserUtilService   : Save 13 users to database...
    23:43:30.126 | 132 Pool-1-worker-47 | DEBUG | d.t.c.a.a.c.u.util.UserUtilService   : Save 13 users to database. Done
    23:43:30.197 | 132 Pool-1-worker-47 | INFO  | i.z.t.d.l.EmbeddedDatabaseReporter   : JDBC URL to connect to 'dataSource': url='jdbc:h2:tcp://localhost:41063/mem:df70fc46-7e57-4cb5-9cd0-c1d90c14afa7;USER=sa', scope='AnswerMessageIntegrationTest#testEditConversationAnswerPostWithUserMention'
    23:43:30.199 | 132 Pool-1-worker-47 | DEBUG | d.t.c.a.a.c.s.f.ApiVersionFilter     : Adding Version to Request PUT /api/courses/893/answer-messages/330
    23:43:30.200 | 132 Pool-1-worker-47 | DEBUG | d.t.c.a.a.c.w.AnswerMessageResource  : PUT updateAnswerMessage invoked for course 893 with message User changes one of their conversation answerPosts[user](answermessageintstudent1)[/user]
    23:43:30.206 | 132 Pool-1-worker-47 | ERROR | tech.jhipster.web.util.HeaderUtil    : Entity processing failed, The name provided for user answermessageintstudent1 does not match the user's full name answermessageintstudent1First answermessageintstudent1Last
    23:43:30.206 | 132 Pool-1-worker-47 | WARN  | o.z.p.spring.common.AdviceTraits     : Bad Request: The name provided for user answermessageintstudent1 does not match the user's full name answermessageintstudent1First answermessageintstudent1Last

  Starting logs for AnswerMessageIntegrationTest > [4] userMention=[user]answermessageintstudent1First answermessageintstudent1Last()[/user], isUserMentionValid=false
    23:43:30.220 | 132 Pool-1-worker-47 | DEBUG | d.t.c.a.a.c.u.util.UserUtilService   : Generate 4 students...
    23:43:30.226 | 132 Pool-1-worker-47 | DEBUG | d.t.c.a.a.c.u.util.UserUtilService   : 4 students generated. Generate 4 tutors...
    23:43:30.232 | 132 Pool-1-worker-47 | DEBUG | d.t.c.a.a.c.u.util.UserUtilService   : 4 tutors generated. Generate 4 editors...
    23:43:30.238 | 132 Pool-1-worker-47 | DEBUG | d.t.c.a.a.c.u.util.UserUtilService   : 4 editors generated. Generate 1 instructors...
    23:43:30.240 | 132 Pool-1-worker-47 | DEBUG | d.t.c.a.a.c.u.util.UserUtilService   : 1 instructors generated
    23:43:30.242 | 132 Pool-1-worker-47 | DEBUG | d.t.c.a.a.c.u.util.UserUtilService   : Removing 13 users from all courses...
    23:43:30.243 | 132 Pool-1-worker-47 | DEBUG | d.t.c.a.a.c.u.util.UserUtilService   : Removing 13 users from all courses. Done
    23:43:30.243 | 132 Pool-1-worker-47 | DEBUG | d.t.c.a.a.c.u.util.UserUtilService   : Save 13 users to database...
    23:43:30.250 | 132 Pool-1-worker-47 | DEBUG | d.t.c.a.a.c.u.util.UserUtilService   : Save 13 users to database. Done
    23:43:30.325 | 132 Pool-1-worker-47 | INFO  | i.z.t.d.l.EmbeddedDatabaseReporter   : JDBC URL to connect to 'dataSource': url='jdbc:h2:tcp://localhost:41063/mem:df70fc46-7e57-4cb5-9cd0-c1d90c14afa7;USER=sa', scope='AnswerMessageIntegrationTest#testEditConversationAnswerPostWithUserMention'
    23:43:30.328 | 132 Pool-1-worker-47 | DEBUG | d.t.c.a.a.c.s.f.ApiVersionFilter     : Adding Version to Request PUT /api/courses/894/answer-messages/338
    23:43:30.329 | 132 Pool-1-worker-47 | DEBUG | d.t.c.a.a.c.w.AnswerMessageResource  : PUT updateAnswerMessage invoked for course 894 with message User changes one of their conversation answerPosts[user]answermessageintstudent1First answermessageintstudent1Last()[/user]
    23:43:30.342 | 132 Pool-1-worker-47 | ERROR | tech.jhipster.web.util.HeaderUtil    : Entity processing failed, At least one of the mentioned users does not exist
    23:43:30.342 | 132 Pool-1-worker-47 | WARN  | o.z.p.spring.common.AdviceTraits     : Bad Request: At least one of the mentioned users does not exist

  Starting logs for AnswerMessageIntegrationTest > [5] userMention=[user]answermessageintstudent1First answermessageintstudent1Last[/user], isUserMentionValid=false
    23:43:30.357 | 132 Pool-1-worker-47 | DEBUG | d.t.c.a.a.c.u.util.UserUtilService   : Generate 4 students...
    23:43:30.363 | 132 Pool-1-worker-47 | DEBUG | d.t.c.a.a.c.u.util.UserUtilService   : 4 students generated. Generate 4 tutors...
    23:43:30.370 | 132 Pool-1-worker-47 | DEBUG | d.t.c.a.a.c.u.util.UserUtilService   : 4 tutors generated. Generate 4 editors...
    23:43:30.376 | 132 Pool-1-worker-47 | DEBUG | d.t.c.a.a.c.u.util.UserUtilService   : 4 editors generated. Generate 1 instructors...
    23:43:30.379 | 132 Pool-1-worker-47 | DEBUG | d.t.c.a.a.c.u.util.UserUtilService   : 1 instructors generated
    23:43:30.380 | 132 Pool-1-worker-47 | DEBUG | d.t.c.a.a.c.u.util.UserUtilService   : Removing 13 users from all courses...
    23:43:30.382 | 132 Pool-1-worker-47 | DEBUG | d.t.c.a.a.c.u.util.UserUtilService   : Removing 13 users from all courses. Done
    23:43:30.382 | 132 Pool-1-worker-47 | DEBUG | d.t.c.a.a.c.u.util.UserUtilService   : Save 13 users to database...
    23:43:30.391 | 132 Pool-1-worker-47 | DEBUG | d.t.c.a.a.c.u.util.UserUtilService   : Save 13 users to database. Done
    23:43:30.498 | 132 Pool-1-worker-47 | INFO  | i.z.t.d.l.EmbeddedDatabaseReporter   : JDBC URL to connect to 'dataSource': url='jdbc:h2:tcp://localhost:41063/mem:df70fc46-7e57-4cb5-9cd0-c1d90c14afa7;USER=sa', scope='AnswerMessageIntegrationTest#testEditConversationAnswerPostWithUserMention'
    23:43:30.500 | 132 Pool-1-worker-47 | DEBUG | d.t.c.a.a.c.s.f.ApiVersionFilter     : Adding Version to Request PUT /api/courses/895/answer-messages/346
    23:43:30.501 | 132 Pool-1-worker-47 | DEBUG | d.t.c.a.a.c.w.AnswerMessageResource  : PUT updateAnswerMessage invoked for course 895 with message User changes one of their conversation answerPosts[user]answermessageintstudent1First answermessageintstudent1Last[/user]
    23:43:30.507 | 132 Pool-1-worker-47 | ERROR | tech.jhipster.web.util.HeaderUtil    : Entity processing failed, At least one of the mentioned users does not exist
    23:43:30.507 | 132 Pool-1-worker-47 | WARN  | o.z.p.spring.common.AdviceTraits     : Bad Request: At least one of the mentioned users does not exist

  Starting logs for AnswerMessageIntegrationTest > [6] userMention=[user]answermessageintstudent2First answermessageintstudent2Last(answermessageintstudent2)[/user][user]answermessageintstudent1First answermessageintstudent1Last(answermessageintstudent1)[/user], isUserMentionValid=true
    23:43:30.519 | 132 Pool-1-worker-47 | DEBUG | d.t.c.a.a.c.u.util.UserUtilService   : Generate 4 students...
    23:43:30.524 | 132 Pool-1-worker-47 | DEBUG | d.t.c.a.a.c.u.util.UserUtilService   : 4 students generated. Generate 4 tutors...
    23:43:30.529 | 132 Pool-1-worker-47 | DEBUG | d.t.c.a.a.c.u.util.UserUtilService   : 4 tutors generated. Generate 4 editors...
    23:43:30.534 | 132 Pool-1-worker-47 | DEBUG | d.t.c.a.a.c.u.util.UserUtilService   : 4 editors generated. Generate 1 instructors...
    23:43:30.536 | 132 Pool-1-worker-47 | DEBUG | d.t.c.a.a.c.u.util.UserUtilService   : 1 instructors generated
    23:43:30.537 | 132 Pool-1-worker-47 | DEBUG | d.t.c.a.a.c.u.util.UserUtilService   : Removing 13 users from all courses...
    23:43:30.538 | 132 Pool-1-worker-47 | DEBUG | d.t.c.a.a.c.u.util.UserUtilService   : Removing 13 users from all courses. Done
    23:43:30.538 | 132 Pool-1-worker-47 | DEBUG | d.t.c.a.a.c.u.util.UserUtilService   : Save 13 users to database...
    23:43:30.543 | 132 Pool-1-worker-47 | DEBUG | d.t.c.a.a.c.u.util.UserUtilService   : Save 13 users to database. Done
    23:43:30.601 | 132 Pool-1-worker-47 | INFO  | i.z.t.d.l.EmbeddedDatabaseReporter   : JDBC URL to connect to 'dataSource': url='jdbc:h2:tcp://localhost:41063/mem:df70fc46-7e57-4cb5-9cd0-c1d90c14afa7;USER=sa', scope='AnswerMessageIntegrationTest#testEditConversationAnswerPostWithUserMention'
    23:43:30.603 | 132 Pool-1-worker-47 | DEBUG | d.t.c.a.a.c.s.f.ApiVersionFilter     : Adding Version to Request PUT /api/courses/896/answer-messages/354
    23:43:30.604 | 132 Pool-1-worker-47 | DEBUG | d.t.c.a.a.c.w.AnswerMessageResource  : PUT updateAnswerMessage invoked for course 896 with message User changes one of their conversation answerPosts[user]answermessageintstudent2First answermessageintstudent2Last(answermessageintstudent2)[/user][user]answermessageintstudent1First answermessageintstudent1Last(answermessageintstudent1)[/user]
    23:43:30.612 | 132 Pool-1-worker-47 | DEBUG | d.t.c.a.a.c.w.AnswerMessageResource  : updateAnswerMessage took 7.47ms

  Starting logs for AnswerMessageIntegrationTest > [7] userMention=[user]invalidName(answermessageintstudent1)[/user], isUserMentionValid=false
    23:43:30.623 | 132 Pool-1-worker-47 | DEBUG | d.t.c.a.a.c.u.util.UserUtilService   : Generate 4 students...
    23:43:30.628 | 132 Pool-1-worker-47 | DEBUG | d.t.c.a.a.c.u.util.UserUtilService   : 4 students generated. Generate 4 tutors...
    23:43:30.633 | 132 Pool-1-worker-47 | DEBUG | d.t.c.a.a.c.u.util.UserUtilService   : 4 tutors generated. Generate 4 editors...
    23:43:30.639 | 132 Pool-1-worker-47 | DEBUG | d.t.c.a.a.c.u.util.UserUtilService   : 4 editors generated. Generate 1 instructors...
    23:43:30.641 | 132 Pool-1-worker-47 | DEBUG | d.t.c.a.a.c.u.util.UserUtilService   : 1 instructors generated
    23:43:30.642 | 132 Pool-1-worker-47 | DEBUG | d.t.c.a.a.c.u.util.UserUtilService   : Removing 13 users from all courses...
    23:43:30.643 | 132 Pool-1-worker-47 | DEBUG | d.t.c.a.a.c.u.util.UserUtilService   : Removing 13 users from all courses. Done
    23:43:30.643 | 132 Pool-1-worker-47 | DEBUG | d.t.c.a.a.c.u.util.UserUtilService   : Save 13 users to database...
    23:43:30.649 | 132 Pool-1-worker-47 | DEBUG | d.t.c.a.a.c.u.util.UserUtilService   : Save 13 users to database. Done
    23:43:30.714 | 132 Pool-1-worker-47 | INFO  | i.z.t.d.l.EmbeddedDatabaseReporter   : JDBC URL to connect to 'dataSource': url='jdbc:h2:tcp://localhost:41063/mem:df70fc46-7e57-4cb5-9cd0-c1d90c14afa7;USER=sa', scope='AnswerMessageIntegrationTest#testEditConversationAnswerPostWithUserMention'
    23:43:30.716 | 132 Pool-1-worker-47 | DEBUG | d.t.c.a.a.c.s.f.ApiVersionFilter     : Adding Version to Request PUT /api/courses/897/answer-messages/362
    23:43:30.717 | 132 Pool-1-worker-47 | DEBUG | d.t.c.a.a.c.w.AnswerMessageResource  : PUT updateAnswerMessage invoked for course 897 with message User changes one of their conversation answerPosts[user]invalidName(answermessageintstudent1)[/user]
    23:43:30.717 | 566 localvc.event-13 | DEBUG | a.a.b.s.SharedQueueProcessingService : Build job completed: BuildJobQueueItem[id=5121739576609302, name=SHORT3D739532080B804BC608BDA0F7816DDB4316TSTEXC-LOCALCIINTSTUDENT1, buildAgent=BuildAgentDTO[name=artemis-build-agent-test, memberAddress=[127.0.0.1]:5703, displayName=artemis-build-agent-test], participationId=512, courseId=164, exerciseId=315, retryCount=0, priority=2, status=null, repositoryInfo=RepositoryInfo[repositoryName=short3d739532080b804bc608bda0f7816ddb4316tstexc-localciintstudent1, repositoryType=user, triggeredByPushTo=user, assignmentRepositoryUri=http://localhost:49152/git/SHORT3D739532080B804BC608BDA0F7816DDB4316TSTEXC/short3d739532080b804bc608bda0f7816ddb4316tstexc-localciintstudent1.git, testRepositoryUri=http://localhost:49152/git/SHORT3D739532080B804BC608BDA0F7816DDB4316TSTEXC/short3d739532080b804bc608bda0f7816ddb4316tstexc-tests.git, solutionRepositoryUri=null, auxiliaryRepositoryUris=[Ljava.lang.String;@1bcc2551, auxiliaryRepositoryCheckoutDirectories=[Ljava.lang.String;@7fdd06f7], jobTimingInfo=JobTimingInfo[submissionDate=2025-02-14T23:43:29.302618463Z[Etc/UTC], buildStartDate=2025-02-14T23:43:29.307985701Z[Etc/UTC], buildCompletionDate=null, estimatedCompletionDate=2025-02-14T23:43:48.307979980Z[Etc/UTC], estimatedDuration=19], buildConfig=BuildConfig[buildScript=#!/bin/bash
cd /var/tmp/testing-dir
chmod +x ./gradlew
./gradlew clean test
, dockerImage=dummy-docker-image:latest, commitHashToBuild=71f54bdf5e0f9c98936e24a4638fd2ffcf966edd, assignmentCommitHash=71f54bdf5e0f9c98936e24a4638fd2ffcf966edd, testCommitHash=71f54bdf5e0f9c98936e24a4638fd2ffcf966edd, branch=main, programmingLanguage=JAVA, projectType=PLAIN_GRADLE, scaEnabled=false, sequentialTestRunsEnabled=false, resultPaths=[/var/tmp/testing-dir/**/test-results/test/*.xml], timeoutSeconds=0, assignmentCheckoutPath=null, testCheckoutPath=null, solutionCheckoutPath=null, dockerRunConfig=null], submissionResult=null]
    23:43:30.720 | 568 localvc.event-15 | DEBUG | a.p.s.l.LocalCIQueueWebsocketService : CIBuildJobQueueItem removed from processing jobs: BuildJobQueueItem[id=5121739576609302, name=SHORT3D739532080B804BC608BDA0F7816DDB4316TSTEXC-LOCALCIINTSTUDENT1, buildAgent=BuildAgentDTO[name=artemis-build-agent-test, memberAddress=[127.0.0.1]:5703, displayName=artemis-build-agent-test], participationId=512, courseId=164, exerciseId=315, retryCount=0, priority=2, status=null, repositoryInfo=RepositoryInfo[repositoryName=short3d739532080b804bc608bda0f7816ddb4316tstexc-localciintstudent1, repositoryType=user, triggeredByPushTo=user, assignmentRepositoryUri=http://localhost:49152/git/SHORT3D739532080B804BC608BDA0F7816DDB4316TSTEXC/short3d739532080b804bc608bda0f7816ddb4316tstexc-localciintstudent1.git, testRepositoryUri=http://localhost:49152/git/SHORT3D739532080B804BC608BDA0F7816DDB4316TSTEXC/short3d739532080b804bc608bda0f7816ddb4316tstexc-tests.git, solutionRepositoryUri=null, auxiliaryRepositoryUris=[Ljava.lang.String;@4db47a8e, auxiliaryRepositoryCheckoutDirectories=[Ljava.lang.String;@2b60327f], jobTimingInfo=JobTimingInfo[submissionDate=2025-02-14T23:43:29.302618463Z[Etc/UTC], buildStartDate=2025-02-14T23:43:29.307985701Z[Etc/UTC], buildCompletionDate=null, estimatedCompletionDate=2025-02-14T23:43:48.307979980Z[Etc/UTC], estimatedDuration=19], buildConfig=BuildConfig[buildScript=#!/bin/bash
cd /var/tmp/testing-dir
chmod +x ./gradlew
./gradlew clean test
, dockerImage=dummy-docker-image:latest, commitHashToBuild=71f54bdf5e0f9c98936e24a4638fd2ffcf966edd, assignmentCommitHash=71f54bdf5e0f9c98936e24a4638fd2ffcf966edd, testCommitHash=71f54bdf5e0f9c98936e24a4638fd2ffcf966edd, branch=main, programmingLanguage=JAVA, projectType=PLAIN_GRADLE, scaEnabled=false, sequentialTestRunsEnabled=false, resultPaths=[/var/tmp/testing-dir/**/test-results/test/*.xml], timeoutSeconds=0, assignmentCheckoutPath=null, testCheckoutPath=null, solutionCheckoutPath=null, dockerRunConfig=null], submissionResult=null]
    23:43:30.720 | 568 localvc.event-15 | DEBUG | s.l.LocalCIWebsocketMessagingService : Sending message on topic /topic/admin/running-jobs: []
    23:43:30.720 | 568 localvc.event-15 | DEBUG | s.l.LocalCIWebsocketMessagingService : Sending message on topic /topic/courses/164/running-jobs: []
    23:43:30.723 | 132 Pool-1-worker-47 | ERROR | tech.jhipster.web.util.HeaderUtil    : Entity processing failed, The name provided for user answermessageintstudent1 does not match the user's full name answermessageintstudent1First answermessageintstudent1Last
    23:43:30.723 | 132 Pool-1-worker-47 | WARN  | o.z.p.spring.common.AdviceTraits     : Bad Request: The name provided for user answermessageintstudent1 does not match the user's full name answermessageintstudent1First answermessageintstudent1Last
    23:43:30.724 | 566 localvc.event-13 | DEBUG | a.a.b.s.SharedQueueProcessingService : Currently processing jobs on this node: 0, active threads in Pool: 0, maximum pool size of thread executor : 1
    23:43:30.724 | 566 localvc.event-13 | DEBUG | s.l.LocalCIWebsocketMessagingService : Sending message on topic /topic/admin/queued-jobs: []
    23:43:30.725 | 566 localvc.event-13 | DEBUG | s.l.LocalCIWebsocketMessagingService : Sending message on topic /topic/courses/164/queued-jobs: []
    23:43:30.725 | 566 localvc.event-13 | DEBUG | a.a.b.s.SharedQueueProcessingService : CIBuildJobQueueItem removed from queue: BuildJobQueueItem[id=5121739576609302, name=SHORT3D739532080B804BC608BDA0F7816DDB4316TSTEXC-LOCALCIINTSTUDENT1, buildAgent=BuildAgentDTO[name=null, memberAddress=null, displayName=null], participationId=512, courseId=164, exerciseId=315, retryCount=0, priority=2, status=null, repositoryInfo=RepositoryInfo[repositoryName=short3d739532080b804bc608bda0f7816ddb4316tstexc-localciintstudent1, repositoryType=user, triggeredByPushTo=user, assignmentRepositoryUri=http://localhost:49152/git/SHORT3D739532080B804BC608BDA0F7816DDB4316TSTEXC/short3d739532080b804bc608bda0f7816ddb4316tstexc-localciintstudent1.git, testRepositoryUri=http://localhost:49152/git/SHORT3D739532080B804BC608BDA0F7816DDB4316TSTEXC/short3d739532080b804bc608bda0f7816ddb4316tstexc-tests.git, solutionRepositoryUri=null, auxiliaryRepositoryUris=[Ljava.lang.String;@2e40ac15, auxiliaryRepositoryCheckoutDirectories=[Ljava.lang.String;@3bf1daeb], jobTimingInfo=JobTimingInfo[submissionDate=2025-02-14T23:43:29.302618463Z[Etc/UTC], buildStartDate=null, buildCompletionDate=null, estimatedCompletionDate=null, estimatedDuration=19], buildConfig=BuildConfig[buildScript=#!/bin/bash
cd /var/tmp/testing-dir
chmod +x ./gradlew
./gradlew clean test
, dockerImage=dummy-docker-image:latest, commitHashToBuild=71f54bdf5e0f9c98936e24a4638fd2ffcf966edd, assignmentCommitHash=71f54bdf5e0f9c98936e24a4638fd2ffcf966edd, testCommitHash=71f54bdf5e0f9c98936e24a4638fd2ffcf966edd, branch=main, programmingLanguage=JAVA, projectType=PLAIN_GRADLE, scaEnabled=false, sequentialTestRunsEnabled=false, resultPaths=[/var/tmp/testing-dir/**/test-results/test/*.xml], timeoutSeconds=0, assignmentCheckoutPath=null, testCheckoutPath=null, solutionCheckoutPath=null, dockerRunConfig=null], submissionResult=null]
    23:43:30.728 | 566 localvc.event-13 | DEBUG | a.p.s.l.LocalCIQueueWebsocketService : Build agent updated: BuildAgentInformation[buildAgent=BuildAgentDTO[name=artemis-build-agent-test, memberAddress=[127.0.0.1]:5703, displayName=artemis-build-agent-test], maxNumberOfConcurrentBuildJobs=1, numberOfCurrentBuildJobs=1, runningBuildJobs=[BuildJobQueueItem[id=5121739576609302, name=SHORT3D739532080B804BC608BDA0F7816DDB4316TSTEXC-LOCALCIINTSTUDENT1, buildAgent=BuildAgentDTO[name=artemis-build-agent-test, memberAddress=[127.0.0.1]:5703, displayName=artemis-build-agent-test], participationId=512, courseId=164, exerciseId=315, retryCount=0, priority=2, status=null, repositoryInfo=RepositoryInfo[repositoryName=short3d739532080b804bc608bda0f7816ddb4316tstexc-localciintstudent1, repositoryType=user, triggeredByPushTo=user, assignmentRepositoryUri=http://localhost:49152/git/SHORT3D739532080B804BC608BDA0F7816DDB4316TSTEXC/short3d739532080b804bc608bda0f7816ddb4316tstexc-localciintstudent1.git, testRepositoryUri=http://localhost:49152/git/SHORT3D739532080B804BC608BDA0F7816DDB4316TSTEXC/short3d739532080b804bc608bda0f7816ddb4316tstexc-tests.git, solutionRepositoryUri=null, auxiliaryRepositoryUris=[Ljava.lang.String;@74b58bb2, auxiliaryRepositoryCheckoutDirectories=[Ljava.lang.String;@61edd47f], jobTimingInfo=JobTimingInfo[submissionDate=2025-02-14T23:43:29.302618463Z[Etc/UTC], buildStartDate=2025-02-14T23:43:29.307985701Z[Etc/UTC], buildCompletionDate=null, estimatedCompletionDate=2025-02-14T23:43:48.307979980Z[Etc/UTC], estimatedDuration=19], buildConfig=BuildConfig[buildScript=#!/bin/bash
cd /var/tmp/testing-dir
chmod +x ./gradlew
./gradlew clean test
, dockerImage=dummy-docker-image:latest, commitHashToBuild=71f54bdf5e0f9c98936e24a4638fd2ffcf966edd, assignmentCommitHash=71f54bdf5e0f9c98936e24a4638fd2ffcf966edd, testCommitHash=71f54bdf5e0f9c98936e24a4638fd2ffcf966edd, branch=main, programmingLanguage=JAVA, projectType=PLAIN_GRADLE, scaEnabled=false, sequentialTestRunsEnabled=false, resultPaths=[/var/tmp/testing-dir/**/test-results/test/*.xml], timeoutSeconds=0, assignmentCheckoutPath=null, testCheckoutPath=null, solutionCheckoutPath=null, dockerRunConfig=null], submissionResult=null]], status=ACTIVE, recentBuildJobs=[BuildJobQueueItem[id=4621739576562326, name=SHORT43ACF76B02BC1044B80938509D14043FABDETSTEXC-LOCALCIINTSTUDENT1, buildAgent=BuildAgentDTO[name=artemis-build-agent-test, memberAddress=[127.0.0.1]:5703, displayName=artemis-build-agent-test], participationId=462, courseId=147, exerciseId=298, retryCount=0, priority=2, status=SUCCESSFUL, repositoryInfo=RepositoryInfo[repositoryName=short43acf76b02bc1044b80938509d14043fabdetstexc-localciintstudent1, repositoryType=user, triggeredByPushTo=user, assignmentRepositoryUri=http://localhost:49152/git/SHORT43ACF76B02BC1044B80938509D14043FABDETSTEXC/short43acf76b02bc1044b80938509d14043fabdetstexc-localciintstudent1.git, testRepositoryUri=http://localhost:49152/git/SHORT43ACF76B02BC1044B80938509D14043FABDETSTEXC/short43acf76b02bc1044b80938509d14043fabdetstexc-tests.git, solutionRepositoryUri=null, auxiliaryRepositoryUris=[Ljava.lang.String;@4a66fc53, auxiliaryRepositoryCheckoutDirectories=[Ljava.lang.String;@7f754176], jobTimingInfo=JobTimingInfo[submissionDate=2025-02-14T23:42:42.326978596Z[Etc/UTC], buildStartDate=2025-02-14T23:42:42.420147010Z[Etc/UTC], buildCompletionDate=2025-02-14T23:42:45.573855829Z[Etc/UTC], estimatedCompletionDate=2025-02-14T23:43:01.420129377Z[Etc/UTC], estimatedDuration=19], buildConfig=BuildConfig[buildScript=#!/bin/bash
cd /var/tmp/testing-dir
chmod +x ./gradlew
./gradlew clean test
, dockerImage=dummy-docker-image:latest, commitHashToBuild=a9c717ccf7bcbe9531d3eee21dbaeb5aab2ff971, assignmentCommitHash=a9c717ccf7bcbe9531d3eee21dbaeb5aab2ff971, testCommitHash=a9c717ccf7bcbe9531d3eee21dbaeb5aab2ff971, branch=main, programmingLanguage=JAVA, projectType=PLAIN_GRADLE, scaEnabled=false, sequentialTestRunsEnabled=false, resultPaths=[/var/tmp/testing-dir/**/test-results/test/*.xml], timeoutSeconds=0, assignmentCheckoutPath=null, testCheckoutPath=null, solutionCheckoutPath=null, dockerRunConfig=DockerRunConfig[isNetworkDisabled=true, env=[key=value]]], submissionResult=ResultDTO[id=132, completionDate=2025-02-14T23:42:45.519869118Z[Etc/UTC], successful=false, score=7.7, rated=true, submission=SubmissionDTO[id=119, submitted=true, type=MANUAL, exampleSubmission=null, submissionDate=2025-02-14T23:42:42.302762Z, commitHash=a9c717ccf7bcbe9531d3eee21dbaeb5aab2ff971, buildFailed=false, buildArtifact=false, participation=ParticipationDTO[id=462, testRun=false, type=programming, submissionCount=null, exercise=ParticipationExerciseDTO[id=298, exerciseType=PROGRAMMING, type=programming, assessmentType=AUTOMATIC, dueDate=2025-02-16T23:42:41.553955Z, assessmentDueDate=null, maxPoints=42.0, course=CourseDTO[id=147, accuracyOfScores=1]]], submissionExerciseType=programming, isProcessing=false, buildStartDate=null, estimatedCompletionDate=null], participation=ParticipationDTO[id=462, testRun=false, type=programming, submissionCount=null, exercise=ParticipationExerciseDTO[id=298, exerciseType=PROGRAMMING, type=programming, assessmentType=AUTOMATIC, dueDate=2025-02-16T23:42:41.553955Z, assessmentDueDate=null, maxPoints=42.0, course=CourseDTO[id=147, accuracyOfScores=1]]], feedbacks=[FeedbackDTO[id=67, text=null, detailText=The exercise expects a class with the name Context in the package testpackage. You did not implement the class in the exercise., hasLongFeedbackText=false, reference=null, credits=0.0, positive=false, type=AUTOMATIC, visibility=ALWAYS, testCase=TestCaseDTO[testName=null, id=13]], FeedbackDTO[id=68, text=null, detailText=The exercise expects a class with the name Policy in the package testpackage. You did not implement the class in the exercise., hasLongFeedbackText=false, reference=null, credits=0.0, positive=false, type=AUTOMATIC, visibility=ALWAYS, testCase=TestCaseDTO[testName=null, id=14]], FeedbackDTO[id=69, text=null, detailText=The exercise expects a class with the name SortStrategy in the package testpackage. You did not implement the class in the exercise., hasLongFeedbackText=false, reference=null, credits=0.0, positive=false, type=AUTOMATIC, visibility=ALWAYS, testCase=TestCaseDTO[testName=null, id=15]], FeedbackDTO[id=70, text=null, detailText=The class 'MergeSort' does not implement the interface 'SortStrategy' as expected. Implement the interface and its methods., hasLongFeedbackText=false, reference=null, credits=0.0, positive=false, type=AUTOMATIC, visibility=ALWAYS, testCase=TestCaseDTO[testName=null, id=10]], FeedbackDTO[id=71, text=null, detailText=The exercise expects a class with the name SortStrategy in the package testpackage. You did not implement the class in the exercise., hasLongFeedbackText=false, reference=null, credits=0.0, positive=false, type=AUTOMATIC, visibility=ALWAYS, testCase=TestCaseDTO[testName=null, id=7]], FeedbackDTO[id=72, text=null, detailText=The class 'BubbleSort' does not implement the interface 'SortStrategy' as expected. Implement the interface and its methods., hasLongFeedbackText=false, reference=null, credits=0.0, positive=false, type=AUTOMATIC, visibility=ALWAYS, testCase=TestCaseDTO[testName=null, id=11]], FeedbackDTO[id=73, text=null, detailText=MergeSort does not sort correctly, hasLongFeedbackText=false, reference=null, credits=0.0, positive=false, type=AUTOMATIC, visibility=ALWAYS, testCase=TestCaseDTO[testName=null, id=16]], FeedbackDTO[id=74, text=null, detailText=The class 'Context' was not found within the submission. Make sure to implement it properly., hasLongFeedbackText=false, reference=null, credits=0.0, positive=false, type=AUTOMATIC, visibility=ALWAYS, testCase=TestCaseDTO[testName=null, id=17]], FeedbackDTO[id=75, text=null, detailText=The class 'Context' was not found within the submission. Make sure to implement it properly., hasLongFeedbackText=false, reference=null, credits=0.0, positive=false, type=AUTOMATIC, visibility=ALWAYS, testCase=TestCaseDTO[testName=null, id=18]], FeedbackDTO[id=76, text=null, detailText=The exercise expects a class with the name Policy in the package testpackage. You did not implement the class in the exercise., hasLongFeedbackText=false, reference=null, credits=0.0, positive=false, type=AUTOMATIC, visibility=ALWAYS, testCase=TestCaseDTO[testName=null, id=12]], FeedbackDTO[id=77, text=null, detailText=The exercise expects a class with the name Context in the package testpackage. You did not implement the class in the exercise., hasLongFeedbackText=false, reference=null, credits=0.0, positive=false, type=AUTOMATIC, visibility=ALWAYS, testCase=TestCaseDTO[testName=null, id=8]], FeedbackDTO[id=78, text=null, detailText=The exercise expects a class with the name Policy in the package testpackage. You did not implement the class in the exercise., hasLongFeedbackText=false, reference=null, credits=0.0, positive=false, type=AUTOMATIC, visibility=ALWAYS, testCase=TestCaseDTO[testName=null, id=9]], FeedbackDTO[id=79, text=null, detailText=null, hasLongFeedbackText=false, reference=null, credits=3.230769230769231, positive=true, type=AUTOMATIC, visibility=ALWAYS, testCase=TestCaseDTO[testName=null, id=19]]], assessmentType=AUTOMATIC, hasComplaint=null, exampleResult=null, testCaseCount=13, passedTestCaseCount=1, codeIssueCount=0]], BuildJobQueueItem[id=4651739576569330, name=SHORTB06DD3F905F4604F6E085260D83ED657A6DFTSTEXC-LOCALCIINTSTUDENT1, buildAgent=BuildAgentDTO[name=artemis-build-agent-test, memberAddress=[127.0.0.1]:5703, displayName=artemis-build-agent-test], participationId=465, courseId=148, exerciseId=299, retryCount=0, priority=2, status=SUCCESSFUL, repositoryInfo=RepositoryInfo[repositoryName=shortb06dd3f905f4604f6e085260d83ed657a6dftstexc-localciintstudent1, repositoryType=user, triggeredByPushTo=user, assignmentRepositoryUri=http://localhost:49152/git/SHORTB06DD3F905F4604F6E085260D83ED657A6DFTSTEXC/shortb06dd3f905f4604f6e085260d83ed657a6dftstexc-localciintstudent1.git, testRepositoryUri=http://localhost:49152/git/SHORTB06DD3F905F4604F6E085260D83ED657A6DFTSTEXC/shortb06dd3f905f4604f6e085260d83ed657a6dftstexc-tests.git, solutionRepositoryUri=null, auxiliaryRepositoryUris=[Ljava.lang.String;@27c5ad31, auxiliaryRepositoryCheckoutDirectories=[Ljava.lang.String;@2884db9a], jobTimingInfo=JobTimingInfo[submissionDate=2025-02-14T23:42:49.330093960Z[Etc/UTC], buildStartDate=2025-02-14T23:42:49.347797345Z[Etc/UTC], buildCompletionDate=2025-02-14T23:42:51.204319751Z[Etc/UTC], estimatedCompletionDate=2025-02-14T23:43:08.347788449Z[Etc/UTC], estimatedDuration=19], buildConfig=BuildConfig[buildScript=#!/bin/bash
cd /var/tmp/testing-dir
chmod +x ./gradlew
./gradlew clean test
, dockerImage=dummy-docker-image:latest, commitHashToBuild=41581fff25954d36cf07586926ee0c77d1003131, assignmentCommitHash=41581fff25954d36cf07586926ee0c77d1003131, testCommitHash=41581fff25954d36cf07586926ee0c77d1003131, branch=main, programmingLanguage=JAVA, projectType=PLAIN_GRADLE, scaEnabled=false, sequentialTestRunsEnabled=false, resultPaths=[/var/tmp/testing-dir/**/test-results/test/*.xml], timeoutSeconds=0, assignmentCheckoutPath=null, testCheckoutPath=null, solutionCheckoutPath=null, dockerRunConfig=null], submissionResult=ResultDTO[id=133, completionDate=2025-02-14T23:42:51.155372920Z[Etc/UTC], successful=false, score=7.7, rated=true, submission=SubmissionDTO[id=120, submitted=true, type=MANUAL, exampleSubmission=null, submissionDate=2025-02-14T23:42:49.321855Z, commitHash=41581fff25954d36cf07586926ee0c77d1003131, buildFailed=false, buildArtifact=false, participation=ParticipationDTO[id=465, testRun=false, type=programming, submissionCount=null, exercise=ParticipationExerciseDTO[id=299, exerciseType=PROGRAMMING, type=programming, assessmentType=AUTOMATIC, dueDate=2025-02-16T23:42:49.163661Z, assessmentDueDate=null, maxPoints=42.0, course=CourseDTO[id=148, accuracyOfScores=1]]], submissionExerciseType=programming, isProcessing=false, buildStartDate=null, estimatedCompletionDate=null], participation=ParticipationDTO[id=465, testRun=false, type=programming, submissionCount=null, exercise=ParticipationExerciseDTO[id=299, exerciseType=PROGRAMMING, type=programming, assessmentType=AUTOMATIC, dueDate=2025-02-16T23:42:49.163661Z, assessmentDueDate=null, maxPoints=42.0, course=CourseDTO[id=148, accuracyOfScores=1]]], feedbacks=[FeedbackDTO[id=80, text=null, detailText=The exercise expects a class with the name Context in the package testpackage. You did not implement the class in the exercise., hasLongFeedbackText=false, reference=null, credits=0.0, positive=false, type=AUTOMATIC, visibility=ALWAYS, testCase=TestCaseDTO[testName=null, id=26]], FeedbackDTO[id=81, text=null, detailText=The exercise expects a class with the name Policy in the package testpackage. You did not implement the class in the exercise., hasLongFeedbackText=false, reference=null, credits=0.0, positive=false, type=AUTOMATIC, visibility=ALWAYS, testCase=TestCaseDTO[testName=null, id=27]], FeedbackDTO[id=82, text=null, detailText=The exercise expects a class with the name SortStrategy in the package testpackage. You did not implement the class in the exercise., hasLongFeedbackText=false, reference=null, credits=0.0, positive=false, type=AUTOMATIC, visibility=ALWAYS, testCase=TestCaseDTO[testName=null, id=28]], FeedbackDTO[id=83, text=null, detailText=The class 'MergeSort' does not implement the interface 'SortStrategy' as expected. Implement the interface and its methods., hasLongFeedbackText=false, reference=null, credits=0.0, positive=false, type=AUTOMATIC, visibility=ALWAYS, testCase=TestCaseDTO[testName=null, id=23]], FeedbackDTO[id=84, text=null, detailText=The exercise expects a class with the name SortStrategy in the package testpackage. You did not implement the class in the exercise., hasLongFeedbackText=false, reference=null, credits=0.0, positive=false, type=AUTOMATIC, visibility=ALWAYS, testCase=TestCaseDTO[testName=null, id=20]], FeedbackDTO[id=85, text=null, detailText=The class 'BubbleSort' does not implement the interface 'SortStrategy' as expected. Implement the interface and its methods., hasLongFeedbackText=false, reference=null, credits=0.0, positive=false, type=AUTOMATIC, visibility=ALWAYS, testCase=TestCaseDTO[testName=null, id=24]], FeedbackDTO[id=86, text=null, detailText=MergeSort does not sort correctly, hasLongFeedbackText=false, reference=null, credits=0.0, positive=false, type=AUTOMATIC, visibility=ALWAYS, testCase=TestCaseDTO[testName=null, id=29]], FeedbackDTO[id=87, text=null, detailText=The class 'Context' was not found within the submission. Make sure to implement it properly., hasLongFeedbackText=false, reference=null, credits=0.0, positive=false, type=AUTOMATIC, visibility=ALWAYS, testCase=TestCaseDTO[testName=null, id=30]], FeedbackDTO[id=88, text=null, detailText=The class 'Context' was not found within the submission. Make sure to implement it properly., hasLongFeedbackText=false, reference=null, credits=0.0, positive=false, type=AUTOMATIC, visibility=ALWAYS, testCase=TestCaseDTO[testName=null, id=31]], FeedbackDTO[id=89, text=null, detailText=The exercise expects a class with the name Policy in the package testpackage. You did not implement the class in the exercise., hasLongFeedbackText=false, reference=null, credits=0.0, positive=false, type=AUTOMATIC, visibility=ALWAYS, testCase=TestCaseDTO[testName=null, id=25]], FeedbackDTO[id=90, text=null, detailText=The exercise expects a class with the name Context in the package testpackage. You did not implement the class in the exercise., hasLongFeedbackText=false, reference=null, credits=0.0, positive=false, type=AUTOMATIC, visibility=ALWAYS, testCase=TestCaseDTO[testName=null, id=21]], FeedbackDTO[id=91, text=null, detailText=The exercise expects a class with the name Policy in the package testpackage. You did not implement the class in the exercise., hasLongFeedbackText=false, reference=null, credits=0.0, positive=false, type=AUTOMATIC, visibility=ALWAYS, testCase=TestCaseDTO[testName=null, id=22]], FeedbackDTO[id=92, text=null, detailText=null, hasLongFeedbackText=false, reference=null, credits=3.230769230769231, positive=true, type=AUTOMATIC, visibility=ALWAYS, testCase=TestCaseDTO[testName=null, id=32]]], assessmentType=AUTOMATIC, hasComplaint=null, exampleResult=null, testCaseCount=13, passedTestCaseCount=1, codeIssueCount=0]], BuildJobQueueItem[id=4681739576573068, name=SHORTBCF65534040390488B0A46605F5F3776B89ATSTEXC-LOCALCIINTSTUDENT1, buildAgent=BuildAgentDTO[name=artemis-build-agent-test, memberAddress=[127.0.0.1]:5703, displayName=artemis-build-agent-test], participationId=468, courseId=149, exerciseId=300, retryCount=0, priority=2, status=SUCCESSFUL, repositoryInfo=RepositoryInfo[repositoryName=shortbcf65534040390488b0a46605f5f3776b89atstexc-localciintstudent1, repositoryType=user, triggeredByPushTo=user, assignmentRepositoryUri=http://localhost:49152/git/SHORTBCF65534040390488B0A46605F5F3776B89ATSTEXC/shortbcf65534040390488b0a46605f5f3776b89atstexc-localciintstudent1.git, testRepositoryUri=http://localhost:49152/git/SHORTBCF65534040390488B0A46605F5F3776B89ATSTEXC/shortbcf65534040390488b0a46605f5f3776b89atstexc-tests.git, solutionRepositoryUri=null, auxiliaryRepositoryUris=[Ljava.lang.String;@55fd2ebd, auxiliaryRepositoryCheckoutDirectories=[Ljava.lang.String;@d6ab85], jobTimingInfo=JobTimingInfo[submissionDate=2025-02-14T23:42:53.068019209Z[Etc/UTC], buildStartDate=2025-02-14T23:42:53.092867394Z[Etc/UTC], buildCompletionDate=2025-02-14T23:42:55.086950323Z[Etc/UTC], estimatedCompletionDate=2025-02-14T23:43:12.092858828Z[Etc/UTC], estimatedDuration=19], buildConfig=BuildConfig[buildScript=#!/bin/bash
cd /var/tmp/testing-dir
chmod +x ./gradlew
./gradlew clean test
, dockerImage=dummy-docker-image:latest, commitHashToBuild=2d5c0482fc77d3f5ec0841962528a43054e83170, assignmentCommitHash=2d5c0482fc77d3f5ec0841962528a43054e83170, testCommitHash=7477e25d56ce5fee2c938542a7e7ed4ed085d373, branch=main, programmingLanguage=JAVA, projectType=PLAIN_GRADLE, scaEnabled=false, sequentialTestRunsEnabled=false, resultPaths=[/var/tmp/testing-dir/**/test-results/test/*.xml], timeoutSeconds=0, assignmentCheckoutPath=null, testCheckoutPath=null, solutionCheckoutPath=null, dockerRunConfig=null], submissionResult=ResultDTO[id=134, completionDate=2025-02-14T23:42:55.059618627Z[Etc/UTC], successful=false, score=7.7, rated=true, submission=SubmissionDTO[id=121, submitted=true, type=MANUAL, exampleSubmission=null, submissionDate=2025-02-14T23:42:53.048221Z, commitHash=2d5c0482fc77d3f5ec0841962528a43054e83170, buildFailed=false, buildArtifact=false, participation=ParticipationDTO[id=468, testRun=false, type=programming, submissionCount=null, exercise=ParticipationExerciseDTO[id=300, exerciseType=PROGRAMMING, type=programming, assessmentType=AUTOMATIC, dueDate=2025-02-16T23:42:52.873722Z, assessmentDueDate=null, maxPoints=42.0, course=CourseDTO[id=149, accuracyOfScores=1]]], submissionExerciseType=programming, isProcessing=false, buildStartDate=null, estimatedCompletionDate=null], participation=ParticipationDTO[id=468, testRun=false, type=programming, submissionCount=null, exercise=ParticipationExerciseDTO[id=300, exerciseType=PROGRAMMING, type=programming, assessmentType=AUTOMATIC, dueDate=2025-02-16T23:42:52.873722Z, assessmentDueDate=null, maxPoints=42.0, course=CourseDTO[id=149, accuracyOfScores=1]]], feedbacks=[FeedbackDTO[id=93, text=null, detailText=The exercise expects a class with the name Context in the package testpackage. You did not implement the class in the exercise., hasLongFeedbackText=false, reference=null, credits=0.0, positive=false, type=AUTOMATIC, visibility=ALWAYS, testCase=TestCaseDTO[testName=null, id=39]], FeedbackDTO[id=94, text=null, detailText=The exercise expects a class with the name Policy in the package testpackage. You did not implement the class in the exercise., hasLongFeedbackText=false, reference=null, credits=0.0, positive=false, type=AUTOMATIC, visibility=ALWAYS, testCase=TestCaseDTO[testName=null, id=40]], FeedbackDTO[id=95, text=null, detailText=The exercise expects a class with the name SortStrategy in the package testpackage. You did not implement the class in the exercise., hasLongFeedbackText=false, reference=null, credits=0.0, positive=false, type=AUTOMATIC, visibility=ALWAYS, testCase=TestCaseDTO[testName=null, id=41]], FeedbackDTO[id=96, text=null, detailText=The class 'MergeSort' does not implement the interface 'SortStrategy' as expected. Implement the interface and its methods., hasLongFeedbackText=false, reference=null, credits=0.0, positive=false, type=AUTOMATIC, visibility=ALWAYS, testCase=TestCaseDTO[testName=null, id=36]], FeedbackDTO[id=97, text=null, detailText=The exercise expects a class with the name SortStrategy in the package testpackage. You did not implement the class in the exercise., hasLongFeedbackText=false, reference=null, credits=0.0, positive=false, type=AUTOMATIC, visibility=ALWAYS, testCase=TestCaseDTO[testName=null, id=33]], FeedbackDTO[id=98, text=null, detailText=The class 'BubbleSort' does not implement the interface 'SortStrategy' as expected. Implement the interface and its methods., hasLongFeedbackText=false, reference=null, credits=0.0, positive=false, type=AUTOMATIC, visibility=ALWAYS, testCase=TestCaseDTO[testName=null, id=37]], FeedbackDTO[id=99, text=null, detailText=MergeSort does not sort correctly, hasLongFeedbackText=false, reference=null, credits=0.0, positive=false, type=AUTOMATIC, visibility=ALWAYS, testCase=TestCaseDTO[testName=null, id=42]], FeedbackDTO[id=100, text=null, detailText=The class 'Context' was not found within the submission. Make sure to implement it properly., hasLongFeedbackText=false, reference=null, credits=0.0, positive=false, type=AUTOMATIC, visibility=ALWAYS, testCase=TestCaseDTO[testName=null, id=43]], FeedbackDTO[id=101, text=null, detailText=The class 'Context' was not found within the submission. Make sure to implement it properly., hasLongFeedbackText=false, reference=null, credits=0.0, positive=false, type=AUTOMATIC, visibility=ALWAYS, testCase=TestCaseDTO[testName=null, id=44]], FeedbackDTO[id=102, text=null, detailText=The exercise expects a class with the name Policy in the package testpackage. You did not implement the class in the exercise., hasLongFeedbackText=false, reference=null, credits=0.0, positive=false, type=AUTOMATIC, visibility=ALWAYS, testCase=TestCaseDTO[testName=null, id=38]], FeedbackDTO[id=103, text=null, detailText=The exercise expects a class with the name Context in the package testpackage. You did not implement the class in the exercise., hasLongFeedbackText=false, reference=null, credits=0.0, positive=false, type=AUTOMATIC, visibility=ALWAYS, testCase=TestCaseDTO[testName=null, id=34]], FeedbackDTO[id=104, text=null, detailText=The exercise expects a class with the name Policy in the package testpackage. You did not implement the class in the exercise., hasLongFeedbackText=false, reference=null, credits=0.0, positive=false, type=AUTOMATIC, visibility=ALWAYS, testCase=TestCaseDTO[testName=null, id=35]], FeedbackDTO[id=105, text=null, detailText=null, hasLongFeedbackText=false, reference=null, credits=3.230769230769231, positive=true, type=AUTOMATIC, visibility=ALWAYS, testCase=TestCaseDTO[testName=null, id=45]]], assessmentType=AUTOMATIC, hasComplaint=null, exampleResult=null, testCaseCount=13, passedTestCaseCount=1, codeIssueCount=0]], BuildJobQueueItem[id=4741739576577297, name=SHORT88A9A223023E2047B709E4A029FA08BCF2CFTSTEXC-LOCALCIINTSTUDENT1, buildAgent=BuildAgentDTO[name=artemis-build-agent-test, memberAddress=[127.0.0.1]:5703, displayName=artemis-build-agent-test], participationId=474, courseId=151, exerciseId=302, retryCount=0, priority=2, status=SUCCESSFUL, repositoryInfo=RepositoryInfo[repositoryName=short88a9a223023e2047b709e4a029fa08bcf2cftstexc-localciintstudent1, repositoryType=user, triggeredByPushTo=user, assignmentRepositoryUri=http://localhost:49152/git/SHORT88A9A223023E2047B709E4A029FA08BCF2CFTSTEXC/short88a9a223023e2047b709e4a029fa08bcf2cftstexc-localciintstudent1.git, testRepositoryUri=http://localhost:49152/git/SHORT88A9A223023E2047B709E4A029FA08BCF2CFTSTEXC/short88a9a223023e2047b709e4a029fa08bcf2cftstexc-tests.git, solutionRepositoryUri=null, auxiliaryRepositoryUris=[Ljava.lang.String;@af0228b, auxiliaryRepositoryCheckoutDirectories=[Ljava.lang.String;@4266044], jobTimingInfo=JobTimingInfo[submissionDate=2025-02-14T23:42:57.297342281Z[Etc/UTC], buildStartDate=2025-02-14T23:42:57.308570327Z[Etc/UTC], buildCompletionDate=2025-02-14T23:42:59.047616654Z[Etc/UTC], estimatedCompletionDate=2025-02-14T23:43:16.308558064Z[Etc/UTC], estimatedDuration=19], buildConfig=BuildConfig[buildScript=#!/bin/bash
cd /var/tmp/testing-dir
chmod +x ./gradlew
./gradlew clean test
, dockerImage=dummy-docker-image:latest, commitHashToBuild=736cbea1e46d6849b41266b2bf1cccd3b9ea55b1, assignmentCommitHash=736cbea1e46d6849b41266b2bf1cccd3b9ea55b1, testCommitHash=ea6267edd396a304305339b036512b63e0374c66, branch=main, programmingLanguage=JAVA, projectType=PLAIN_GRADLE, scaEnabled=false, sequentialTestRunsEnabled=false, resultPaths=[/var/tmp/testing-dir/**/test-results/test/*.xml], timeoutSeconds=0, assignmentCheckoutPath=null, testCheckoutPath=null, solutionCheckoutPath=null, dockerRunConfig=null], submissionResult=ResultDTO[id=135, completionDate=2025-02-14T23:42:59.014168821Z[Etc/UTC], successful=false, score=7.7, rated=true, submission=SubmissionDTO[id=123, submitted=true, type=MANUAL, exampleSubmission=null, submissionDate=2025-02-14T23:42:57.278471Z, commitHash=736cbea1e46d6849b41266b2bf1cccd3b9ea55b1, buildFailed=false, buildArtifact=false, participation=ParticipationDTO[id=474, testRun=false, type=programming, submissionCount=null, exercise=ParticipationExerciseDTO[id=302, exerciseType=PROGRAMMING, type=programming, assessmentType=AUTOMATIC, dueDate=2025-02-16T23:42:56.796251Z, assessmentDueDate=null, maxPoints=42.0, course=CourseDTO[id=151, accuracyOfScores=1]]], submissionExerciseType=programming, isProcessing=false, buildStartDate=null, estimatedCompletionDate=null], participation=ParticipationDTO[id=474, testRun=false, type=programming, submissionCount=null, exercise=ParticipationExerciseDTO[id=302, exerciseType=PROGRAMMING, type=programming, assessmentType=AUTOMATIC, dueDate=2025-02-16T23:42:56.796251Z, assessmentDueDate=null, maxPoints=42.0, course=CourseDTO[id=151, accuracyOfScores=1]]], feedbacks=[FeedbackDTO[id=106, text=null, detailText=The exercise expects a class with the name Context in the package testpackage. You did not implement the class in the exercise., hasLongFeedbackText=false, reference=null, credits=0.0, positive=false, type=AUTOMATIC, visibility=ALWAYS, testCase=TestCaseDTO[testName=null, id=65]], FeedbackDTO[id=107, text=null, detailText=The exercise expects a class with the name Policy in the package testpackage. You did not implement the class in the exercise., hasLongFeedbackText=false, reference=null, credits=0.0, positive=false, type=AUTOMATIC, visibility=ALWAYS, testCase=TestCaseDTO[testName=null, id=66]], FeedbackDTO[id=108, text=null, detailText=The exercise expects a class with the name SortStrategy in the package testpackage. You did not implement the class in the exercise., hasLongFeedbackText=false, reference=null, credits=0.0, positive=false, type=AUTOMATIC, visibility=ALWAYS, testCase=TestCaseDTO[testName=null, id=67]], FeedbackDTO[id=109, text=null, detailText=The class 'MergeSort' does not implement the interface 'SortStrategy' as expected. Implement the interface and its methods., hasLongFeedbackText=false, reference=null, credits=0.0, positive=false, type=AUTOMATIC, visibility=ALWAYS, testCase=TestCaseDTO[testName=null, id=62]], FeedbackDTO[id=110, text=null, detailText=The exercise expects a class with the name SortStrategy in the package testpackage. You did not implement the class in the exercise., hasLongFeedbackText=false, reference=null, credits=0.0, positive=false, type=AUTOMATIC, visibility=ALWAYS, testCase=TestCaseDTO[testName=null, id=59]], FeedbackDTO[id=111, text=null, detailText=The class 'BubbleSort' does not implement the interface 'SortStrategy' as expected. Implement the interface and its methods., hasLongFeedbackText=false, reference=null, credits=0.0, positive=false, type=AUTOMATIC, visibility=ALWAYS, testCase=TestCaseDTO[testName=null, id=63]], FeedbackDTO[id=112, text=null, detailText=MergeSort does not sort correctly, hasLongFeedbackText=false, reference=null, credits=0.0, positive=false, type=AUTOMATIC, visibility=ALWAYS, testCase=TestCaseDTO[testName=null, id=68]], FeedbackDTO[id=113, text=null, detailText=The class 'Context' was not found within the submission. Make sure to implement it properly., hasLongFeedbackText=false, reference=null, credits=0.0, positive=false, type=AUTOMATIC, visibility=ALWAYS, testCase=TestCaseDTO[testName=null, id=69]], FeedbackDTO[id=114, text=null, detailText=The class 'Context' was not found within the submission. Make sure to implement it properly., hasLongFeedbackText=false, reference=null, credits=0.0, positive=false, type=AUTOMATIC, visibility=ALWAYS, testCase=TestCaseDTO[testName=null, id=70]], FeedbackDTO[id=115, text=null, detailText=The exercise expects a class with the name Policy in the package testpackage. You did not implement the class in the exercise., hasLongFeedbackText=false, reference=null, credits=0.0, positive=false, type=AUTOMATIC, visibility=ALWAYS, testCase=TestCaseDTO[testName=null, id=64]], FeedbackDTO[id=116, text=null, detailText=The exercise expects a class with the name Context in the package testpackage. You did not implement the class in the exercise., hasLongFeedbackText=false, reference=null, credits=0.0, positive=false, type=AUTOMATIC, visibility=ALWAYS, testCase=TestCaseDTO[testName=null, id=60]], FeedbackDTO[id=117, text=null, detailText=The exercise expects a class with the name Policy in the package testpackage. You did not implement the class in the exercise., hasLongFeedbackText=false, reference=null, credits=0.0, positive=false, type=AUTOMATIC, visibility=ALWAYS, testCase=TestCaseDTO[testName=null, id=61]], FeedbackDTO[id=118, text=null, detailText=null, hasLongFeedbackText=false, reference=null, credits=3.230769230769231, positive=true, type=AUTOMATIC, visibility=ALWAYS, testCase=TestCaseDTO[testName=null, id=71]]], assessmentType=AUTOMATIC, hasComplaint=null, exampleResult=null, testCaseCount=13, passedTestCaseCount=1, codeIssueCount=0]], BuildJobQueueItem[id=4771739576580898, name=SHORT51E611E30D6B60466F0B8BA0AA97F58888C2TSTEXC-LOCALCIINTSTUDENT1, buildAgent=BuildAgentDTO[name=artemis-build-agent-test, memberAddress=[127.0.0.1]:5703, displayName=artemis-build-agent-test], participationId=477, courseId=152, exerciseId=303, retryCount=0, priority=2, status=SUCCESSFUL, repositoryInfo=RepositoryInfo[repositoryName=short51e611e30d6b60466f0b8ba0aa97f58888c2tstexc-localciintstudent1, repositoryType=user, triggeredByPushTo=user, assignmentRepositoryUri=http://localhost:49152/git/SHORT51E611E30D6B60466F0B8BA0AA97F58888C2TSTEXC/short51e611e30d6b60466f0b8ba0aa97f58888c2tstexc-localciintstudent1.git, testRepositoryUri=http://localhost:49152/git/SHORT51E611E30D6B60466F0B8BA0AA97F58888C2TSTEXC/short51e611e30d6b60466f0b8ba0aa97f58888c2tstexc-tests.git, solutionRepositoryUri=null, auxiliaryRepositoryUris=[Ljava.lang.String;@38122ebb, auxiliaryRepositoryCheckoutDirectories=[Ljava.lang.String;@d2d30bf], jobTimingInfo=JobTimingInfo[submissionDate=2025-02-14T23:43:00.898532688Z[Etc/UTC], buildStartDate=2025-02-14T23:43:00.905733056Z[Etc/UTC], buildCompletionDate=2025-02-14T23:43:02.692768910Z[Etc/UTC], estimatedCompletionDate=2025-02-14T23:43:19.905720463Z[Etc/UTC], estimatedDuration=19], buildConfig=BuildConfig[buildScript=#!/bin/bash
cd /var/tmp/testing-dir
chmod +x ./gradlew
./gradlew clean test
, dockerImage=dummy-docker-image:latest, commitHashToBuild=8f3057cbd462f5e3de4e6ba85115f60d8dbb5aea, assignmentCommitHash=8f3057cbd462f5e3de4e6ba85115f60d8dbb5aea, testCommitHash=8f3057cbd462f5e3de4e6ba85115f60d8dbb5aea, branch=main, programmingLanguage=JAVA, projectType=PLAIN_GRADLE, scaEnabled=true, sequentialTestRunsEnabled=false, resultPaths=[/var/tmp/testing-dir/**/test-results/test/*.xml], timeoutSeconds=0, assignmentCheckoutPath=null, testCheckoutPath=null, solutionCheckoutPath=null, dockerRunConfig=null], submissionResult=ResultDTO[id=136, completionDate=2025-02-14T23:43:02.637820510Z[Etc/UTC], successful=false, score=7.7, rated=true, submission=SubmissionDTO[id=124, submitted=true, type=MANUAL, exampleSubmission=null, submissionDate=2025-02-14T23:43:00.886601Z, commitHash=8f3057cbd462f5e3de4e6ba85115f60d8dbb5aea, buildFailed=false, buildArtifact=false, participation=ParticipationDTO[id=477, testRun=false, type=programming, submissionCount=null, exercise=ParticipationExerciseDTO[id=303, exerciseType=PROGRAMMING, type=programming, assessmentType=AUTOMATIC, dueDate=2025-02-16T23:43:00.631824Z, assessmentDueDate=null, maxPoints=42.0, course=CourseDTO[id=152, accuracyOfScores=1]]], submissionExerciseType=programming, isProcessing=false, buildStartDate=null, estimatedCompletionDate=null], participation=ParticipationDTO[id=477, testRun=false, type=programming, submissionCount=null, exercise=ParticipationExerciseDTO[id=303, exerciseType=PROGRAMMING, type=programming, assessmentType=AUTOMATIC, dueDate=2025-02-16T23:43:00.631824Z, assessmentDueDate=null, maxPoints=42.0, course=CourseDTO[id=152, accuracyOfScores=1]]], feedbacks=[FeedbackDTO[id=119, text=null, detailText=The exercise expects a class with the name Context in the package testpackage. You did not implement the class in the exercise., hasLongFeedbackText=false, reference=null, credits=0.0, positive=false, type=AUTOMATIC, visibility=ALWAYS, testCase=TestCaseDTO[testName=null, id=78]], FeedbackDTO[id=120, text=null, detailText=The exercise expects a class with the name Policy in the package testpackage. You did not implement the class in the exercise., hasLongFeedbackText=false, reference=null, credits=0.0, positive=false, type=AUTOMATIC, visibility=ALWAYS, testCase=TestCaseDTO[testName=null, id=79]], FeedbackDTO[id=121, text=null, detailText=The exercise expects a class with the name SortStrategy in the package testpackage. You did not implement the class in the exercise., hasLongFeedbackText=false, reference=null, credits=0.0, positive=false, type=AUTOMATIC, visibility=ALWAYS, testCase=TestCaseDTO[testName=null, id=80]], FeedbackDTO[id=122, text=null, detailText=The class 'MergeSort' does not implement the interface 'SortStrategy' as expected. Implement the interface and its methods., hasLongFeedbackText=false, reference=null, credits=0.0, positive=false, type=AUTOMATIC, visibility=ALWAYS, testCase=TestCaseDTO[testName=null, id=75]], FeedbackDTO[id=123, text=null, detailText=The exercise expects a class with the name SortStrategy in the package testpackage. You did not implement the class in the exercise., hasLongFeedbackText=false, reference=null, credits=0.0, positive=false, type=AUTOMATIC, visibility=ALWAYS, testCase=TestCaseDTO[testName=null, id=72]], FeedbackDTO[id=124, text=null, detailText=The class 'BubbleSort' does not implement the interface 'SortStrategy' as expected. Implement the interface and its methods., hasLongFeedbackText=false, reference=null, credits=0.0, positive=false, type=AUTOMATIC, visibility=ALWAYS, testCase=TestCaseDTO[testName=null, id=76]], FeedbackDTO[id=125, text=null, detailText=MergeSort does not sort correctly, hasLongFeedbackText=false, reference=null, credits=0.0, positive=false, type=AUTOMATIC, visibility=ALWAYS, testCase=TestCaseDTO[testName=null, id=81]], FeedbackDTO[id=126, text=null, detailText=The class 'Context' was not found within the submission. Make sure to implement it properly., hasLongFeedbackText=false, reference=null, credits=0.0, positive=false, type=AUTOMATIC, visibility=ALWAYS, testCase=TestCaseDTO[testName=null, id=82]], FeedbackDTO[id=127, text=null, detailText=The class 'Context' was not found within the submission. Make sure to implement it properly., hasLongFeedbackText=false, reference=null, credits=0.0, positive=false, type=AUTOMATIC, visibility=ALWAYS, testCase=TestCaseDTO[testName=null, id=83]], FeedbackDTO[id=128, text=null, detailText=The exercise expects a class with the name Policy in the package testpackage. You did not implement the class in the exercise., hasLongFeedbackText=false, reference=null, credits=0.0, positive=false, type=AUTOMATIC, visibility=ALWAYS, testCase=TestCaseDTO[testName=null, id=77]], FeedbackDTO[id=129, text=null, detailText=The exercise expects a class with the name Context in the package testpackage. You did not implement the class in the exercise., hasLongFeedbackText=false, reference=null, credits=0.0, positive=false, type=AUTOMATIC, visibility=ALWAYS, testCase=TestCaseDTO[testName=null, id=73]], FeedbackDTO[id=130, text=null, detailText=The exercise expects a class with the name Policy in the package testpackage. You did not implement the class in the exercise., hasLongFeedbackText=false, reference=null, credits=0.0, positive=false, type=AUTOMATIC, visibility=ALWAYS, testCase=TestCaseDTO[testName=null, id=74]], FeedbackDTO[id=131, text=null, detailText=null, hasLongFeedbackText=false, reference=null, credits=3.230769230769231, positive=true, type=AUTOMATIC, visibility=ALWAYS, testCase=TestCaseDTO[testName=null, id=84]], FeedbackDTO[id=132, text=SCAFeedbackIdentifier:Bad Practice, detailText={"filePath":"src/code/Client.java","startLine":6,"endLine":6,"startColumn":1,"endColumn":26,"rule":"UnusedImports","category":"Best Practices","message":"Avoid unused imports such as 'javax.swing.JFrame'","priority":"4"}, hasLongFeedbackText=false, reference=PMD, credits=0.0, positive=false, type=AUTOMATIC, visibility=null, testCase=null], FeedbackDTO[id=133, text=SCAFeedbackIdentifier:Code Style, detailText={"filePath":"src/code/Client.java","startLine":7,"endLine":7,"startColumn":1,"endColumn":19,"rule":"DontImportJavaLang","category":"Code Style","message":"Avoid importing anything from the package java.lang","priority":"4"}, hasLongFeedbackText=false, reference=PMD, credits=0.0, positive=false, type=AUTOMATIC, visibility=null, testCase=null], FeedbackDTO[id=134, text=SCAFeedbackIdentifier:Bad Practice, detailText={"filePath":"src/code/Client.java","startLine":7,"endLine":7,"startColumn":1,"endColumn":19,"rule":"UnusedImports","category":"Best Practices","message":"Avoid unused imports such as 'java.lang'","priority":"4"}, hasLongFeedbackText=false, reference=PMD, credits=0.0, positive=false, type=AUTOMATIC, visibility=null, testCase=null], FeedbackDTO[id=135, text=SCAFeedbackIdentifier:Bad Practice, detailText={"filePath":"src/code/Client.java","startLine":73,"endLine":73,"startColumn":18,"endColumn":27,"rule":"UnusedLocalVariable","category":"Best Practices","message":"Avoid unused local variables such as 'randomDate'.","priority":"3"}, hasLongFeedbackText=false, reference=PMD, credits=0.0, positive=false, type=AUTOMATIC, visibility=null, testCase=null], FeedbackDTO[id=136, text=SCAFeedbackIdentifier:Bad Practice, detailText={"filePath":"src/code/Client.java","startLine":81,"endLine":81,"startColumn":31,"endColumn":53,"rule":"UnusedPrivateMethod","category":"Best Practices","message":"Avoid unused private methods such as 'CreateRandomDatesList()'.","priority":"3"}, hasLongFeedbackText=false, reference=PMD, credits=0.0, positive=false, type=AUTOMATIC, visibility=null, testCase=null], FeedbackDTO[id=137, text=SCAFeedbackIdentifier:Potential Bugs, detailText={"filePath":"src/code/Client.java","startLine":94,"endLine":94,"startColumn":9,"endColumn":9,"rule":"EmptyStatementNotInLoop","category":"Error Prone","message":"An empty statement (semicolon) not part of a loop","priority":"3"}, hasLongFeedbackText=false, reference=PMD, credits=0.0, positive=false, type=AUTOMATIC, visibility=null, testCase=null], FeedbackDTO[id=138, text=SCAFeedbackIdentifier:Potential Bugs, detailText={"filePath":"src/code/Client.java","startLine":94,"endLine":94,"startColumn":10,"endColumn":10,"rule":"EmptyStatementNotInLoop","category":"Error Prone","message":"An empty statement (semicolon) not part of a loop","priority":"3"}, hasLongFeedbackText=false, reference=PMD, credits=0.0, positive=false, type=AUTOMATIC, visibility=null, testCase=null], FeedbackDTO[id=139, text=SCAFeedbackIdentifier:Potential Bugs, detailText={"filePath":"src/code/Client.java","startLine":94,"endLine":94,"startColumn":11,"endColumn":11,"rule":"EmptyStatementNotInLoop","category":"Error Prone","message":"An empty statement (semicolon) not part of a loop","priority":"3"}, hasLongFeedbackText=false, reference=PMD, credits=0.0, positive=false, type=AUTOMATIC, visibility=null, testCase=null], FeedbackDTO[id=140, text=SCAFeedbackIdentifier:Code Style, detailText={"filePath":"src/code/Client.java","startLine":73,"endLine":73,"rule":"DLS_DEAD_LOCAL_STORE","category":"STYLE","message":"Dead store to randomDate in code.Client.createRandomDatesList()","priority":"2"}, hasLongFeedbackText=false, reference=SPOTBUGS, credits=0.0, positive=false, type=AUTOMATIC, visibility=null, testCase=null], FeedbackDTO[id=141, text=SCAFeedbackIdentifier:Bad Practice, detailText={"filePath":"src/code/Client.java","startLine":82,"endLine":95,"rule":"NM_METHOD_NAMING_CONVENTION","category":"BAD_PRACTICE","message":"The method name code.Client.CreateRandomDatesList() doesn't start with a lower case letter","priority":"3"}, hasLongFeedbackText=false, reference=SPOTBUGS, credits=0.0, positive=false, type=AUTOMATIC, visibility=null, testCase=null], FeedbackDTO[id=142, text=SCAFeedbackIdentifier:Performance, detailText={"filePath":"src/code/Client.java","startLine":82,"endLine":95,"rule":"UPM_UNCALLED_PRIVATE_METHOD","category":"PERFORMANCE","message":"Private method code.Client.CreateRandomDatesList() is never called","priority":"2"}, hasLongFeedbackText=false, reference=SPOTBUGS, credits=0.0, positive=false, type=AUTOMATIC, visibility=null, testCase=null], FeedbackDTO[id=143, text=SCAFeedbackIdentifier:Code Style, detailText={"filePath":"src/code/Client.java","startLine":70,"endLine":70,"startColumn":9,"endColumn":9,"rule":"NeedBracesCheck","category":"blocks","message":"'for' construct must use '{}'s.","priority":"error"}, hasLongFeedbackText=false, reference=CHECKSTYLE, credits=0.0, positive=false, type=AUTOMATIC, visibility=null, testCase=null], FeedbackDTO[id=144, text=SCAFeedbackIdentifier:Code Style, detailText={"filePath":"src/code/Client.java","startLine":93,"endLine":93,"startColumn":9,"endColumn":9,"rule":"EmptyStatementCheck","category":"coding","message":"Empty statement.","priority":"error"}, hasLongFeedbackText=false, reference=CHECKSTYLE, credits=0.0, positive=false, type=AUTOMATIC, visibility=null, testCase=null], FeedbackDTO[id=145, text=SCAFeedbackIdentifier:Code Style, detailText={"filePath":"src/code/Client.java","startLine":93,"endLine":93,"startColumn":10,"endColumn":10,"rule":"EmptyStatementCheck","category":"coding","message":"Empty statement.","priority":"error"}, hasLongFeedbackText=false, reference=CHECKSTYLE, credits=0.0, positive=false, type=AUTOMATIC, visibility=null, testCase=null], FeedbackDTO[id=146, text=SCAFeedbackIdentifier:Code Style, detailText={"filePath":"src/code/Client.java","startLine":93,"endLine":93,"startColumn":11,"endColumn":11,"rule":"EmptyStatementCheck","category":"coding","message":"Empty statement.","priority":"error"}, hasLongFeedbackText=false, reference=CHECKSTYLE, credits=0.0, positive=false, type=AUTOMATIC, visibility=null, testCase=null]], assessmentType=AUTOMATIC, hasComplaint=null, exampleResult=null, testCaseCount=13, passedTestCaseCount=1, codeIssueCount=15]], BuildJobQueueItem[id=4821739576584632, name=SHORT433BAC4500363044960B6E10DFA0493471B2TSTEXC-LOCALCIINTSTUDENT1, buildAgent=BuildAgentDTO[name=artemis-build-agent-test, memberAddress=[127.0.0.1]:5703, displayName=artemis-build-agent-test], participationId=482, courseId=154, exerciseId=305, retryCount=0, priority=2, status=SUCCESSFUL, repositoryInfo=RepositoryInfo[repositoryName=short433bac4500363044960b6e10dfa0493471b2tstexc-localciintstudent1, repositoryType=user, triggeredByPushTo=user, assignmentRepositoryUri=http://localhost:49152/git/SHORT433BAC4500363044960B6E10DFA0493471B2TSTEXC/short433bac4500363044960b6e10dfa0493471b2tstexc-localciintstudent1.git, testRepositoryUri=http://localhost:49152/git/SHORT433BAC4500363044960B6E10DFA0493471B2TSTEXC/short433bac4500363044960b6e10dfa0493471b2tstexc-tests.git, solutionRepositoryUri=null, auxiliaryRepositoryUris=[Ljava.lang.String;@6c2afeb, auxiliaryRepositoryCheckoutDirectories=[Ljava.lang.String;@31d1cb37], jobTimingInfo=JobTimingInfo[submissionDate=2025-02-14T23:43:04.632341258Z[Etc/UTC], buildStartDate=2025-02-14T23:43:04.637633457Z[Etc/UTC], buildCompletionDate=2025-02-14T23:43:06.421238953Z[Etc/UTC], estimatedCompletionDate=2025-02-14T23:43:23.637623879Z[Etc/UTC], estimatedDuration=19], buildConfig=BuildConfig[buildScript=#!/bin/bash
cd /var/tmp/testing-dir
chmod +x ./gradlew
./gradlew clean test
, dockerImage=dummy-docker-image:latest, commitHashToBuild=8355c4f3cd5d3e0443707d3310206e460e333c6f, assignmentCommitHash=8355c4f3cd5d3e0443707d3310206e460e333c6f, testCommitHash=8355c4f3cd5d3e0443707d3310206e460e333c6f, branch=main, programmingLanguage=JAVA, projectType=PLAIN_GRADLE, scaEnabled=false, sequentialTestRunsEnabled=false, resultPaths=[/var/tmp/testing-dir/**/test-results/test/*.xml], timeoutSeconds=0, assignmentCheckoutPath=null, testCheckoutPath=null, solutionCheckoutPath=null, dockerRunConfig=null], submissionResult=ResultDTO[id=137, completionDate=2025-02-14T23:43:06.404877412Z[Etc/UTC], successful=false, score=7.7, rated=true, submission=SubmissionDTO[id=125, submitted=true, type=MANUAL, exampleSubmission=null, submissionDate=2025-02-14T23:43:04.623230Z, commitHash=8355c4f3cd5d3e0443707d3310206e460e333c6f, buildFailed=false, buildArtifact=false, participation=ParticipationDTO[id=482, testRun=false, type=programming, submissionCount=null, exercise=ParticipationExerciseDTO[id=305, exerciseType=PROGRAMMING, type=programming, assessmentType=AUTOMATIC, dueDate=2025-02-16T23:43:04.425734Z, assessmentDueDate=null, maxPoints=42.0, course=CourseDTO[id=154, accuracyOfScores=1]]], submissionExerciseType=programming, isProcessing=false, buildStartDate=null, estimatedCompletionDate=null], participation=ParticipationDTO[id=482, testRun=false, type=programming, submissionCount=null, exercise=ParticipationExerciseDTO[id=305, exerciseType=PROGRAMMING, type=programming, assessmentType=AUTOMATIC, dueDate=2025-02-16T23:43:04.425734Z, assessmentDueDate=null, maxPoints=42.0, course=CourseDTO[id=154, accuracyOfScores=1]]], feedbacks=[FeedbackDTO[id=147, text=null, detailText=The exercise expects a class with the name Context in the package testpackage. You did not implement the class in the exercise., hasLongFeedbackText=false, reference=null, credits=0.0, positive=false, type=AUTOMATIC, visibility=ALWAYS, testCase=TestCaseDTO[testName=null, id=104]], FeedbackDTO[id=148, text=null, detailText=The exercise expects a class with the name Policy in the package testpackage. You did not implement the class in the exercise., hasLongFeedbackText=false, reference=null, credits=0.0, positive=false, type=AUTOMATIC, visibility=ALWAYS, testCase=TestCaseDTO[testName=null, id=105]], FeedbackDTO[id=149, text=null, detailText=The exercise expects a class with the name SortStrategy in the package testpackage. You did not implement the class in the exercise., hasLongFeedbackText=false, reference=null, credits=0.0, positive=false, type=AUTOMATIC, visibility=ALWAYS, testCase=TestCaseDTO[testName=null, id=106]], FeedbackDTO[id=150, text=null, detailText=The class 'MergeSort' does not implement the interface 'SortStrategy' as expected. Implement the interface and its methods., hasLongFeedbackText=false, reference=null, credits=0.0, positive=false, type=AUTOMATIC, visibility=ALWAYS, testCase=TestCaseDTO[testName=null, id=101]], FeedbackDTO[id=151, text=null, detailText=The exercise expects a class with the name SortStrategy in the package testpackage. You did not implement the class in the exercise., hasLongFeedbackText=false, reference=null, credits=0.0, positive=false, type=AUTOMATIC, visibility=ALWAYS, testCase=TestCaseDTO[testName=null, id=98]], FeedbackDTO[id=152, text=null, detailText=The class 'BubbleSort' does not implement the interface 'SortStrategy' as expected. Implement the interface and its methods., hasLongFeedbackText=false, reference=null, credits=0.0, positive=false, type=AUTOMATIC, visibility=ALWAYS, testCase=TestCaseDTO[testName=null, id=102]], FeedbackDTO[id=153, text=null, detailText=MergeSort does not sort correctly, hasLongFeedbackText=false, reference=null, credits=0.0, positive=false, type=AUTOMATIC, visibility=ALWAYS, testCase=TestCaseDTO[testName=null, id=107]], FeedbackDTO[id=154, text=null, detailText=The class 'Context' was not found within the submission. Make sure to implement it properly., hasLongFeedbackText=false, reference=null, credits=0.0, positive=false, type=AUTOMATIC, visibility=ALWAYS, testCase=TestCaseDTO[testName=null, id=108]], FeedbackDTO[id=155, text=null, detailText=The class 'Context' was not found within the submission. Make sure to implement it properly., hasLongFeedbackText=false, reference=null, credits=0.0, positive=false, type=AUTOMATIC, visibility=ALWAYS, testCase=TestCaseDTO[testName=null, id=109]], FeedbackDTO[id=156, text=null, detailText=The exercise expects a class with the name Policy in the package testpackage. You did not implement the class in the exercise., hasLongFeedbackText=false, reference=null, credits=0.0, positive=false, type=AUTOMATIC, visibility=ALWAYS, testCase=TestCaseDTO[testName=null, id=103]], FeedbackDTO[id=157, text=null, detailText=The exercise expects a class with the name Context in the package testpackage. You did not implement the class in the exercise., hasLongFeedbackText=false, reference=null, credits=0.0, positive=false, type=AUTOMATIC, visibility=ALWAYS, testCase=TestCaseDTO[testName=null, id=99]], FeedbackDTO[id=158, text=null, detailText=The exercise expects a class with the name Policy in the package testpackage. You did not implement the class in the exercise., hasLongFeedbackText=false, reference=null, credits=0.0, positive=false, type=AUTOMATIC, visibility=ALWAYS, testCase=TestCaseDTO[testName=null, id=100]], FeedbackDTO[id=159, text=null, detailText=null, hasLongFeedbackText=false, reference=null, credits=3.230769230769231, positive=true, type=AUTOMATIC, visibility=ALWAYS, testCase=TestCaseDTO[testName=null, id=110]]], assessmentType=AUTOMATIC, hasComplaint=null, exampleResult=null, testCaseCount=13, passedTestCaseCount=1, codeIssueCount=0]], BuildJobQueueItem[id=4851739576588371, name=SHORT495D587A0856D04A9E08BC60D2E08365FB9ETSTEXC-LOCALCIINTSTUDENT1, buildAgent=BuildAgentDTO[name=artemis-build-agent-test, memberAddress=[127.0.0.1]:5703, displayName=artemis-build-agent-test], participationId=485, courseId=155, exerciseId=306, retryCount=0, priority=2, status=FAILED, repositoryInfo=RepositoryInfo[repositoryName=short495d587a0856d04a9e08bc60d2e08365fb9etstexc-localciintstudent1, repositoryType=user, triggeredByPushTo=user, assignmentRepositoryUri=http://localhost:49152/git/SHORT495D587A0856D04A9E08BC60D2E08365FB9ETSTEXC/short495d587a0856d04a9e08bc60d2e08365fb9etstexc-localciintstudent1.git, testRepositoryUri=http://localhost:49152/git/SHORT495D587A0856D04A9E08BC60D2E08365FB9ETSTEXC/short495d587a0856d04a9e08bc60d2e08365fb9etstexc-tests.git, solutionRepositoryUri=null, auxiliaryRepositoryUris=[Ljava.lang.String;@189f5c40, auxiliaryRepositoryCheckoutDirectories=[Ljava.lang.String;@7c533f24], jobTimingInfo=JobTimingInfo[submissionDate=2025-02-14T23:43:08.371015915Z[Etc/UTC], buildStartDate=2025-02-14T23:43:08.374658929Z[Etc/UTC], buildCompletionDate=2025-02-14T23:43:09.341007666Z[Etc/UTC], estimatedCompletionDate=2025-02-14T23:43:27.374650503Z[Etc/UTC], estimatedDuration=19], buildConfig=BuildConfig[buildScript=#!/bin/bash
cd /var/tmp/testing-dir
chmod +x ./gradlew
./gradlew clean test
, dockerImage=dummy-docker-image:latest, commitHashToBuild=ebb8aa4dc3625fe07e975266e18313ad871ce864, assignmentCommitHash=9b3a9bd71a0d80e5bbc42204c319ed3d1d4f0d6d, testCommitHash=9b3a9bd71a0d80e5bbc42204c319ed3d1d4f0d6d, branch=main, programmingLanguage=JAVA, projectType=PLAIN_GRADLE, scaEnabled=false, sequentialTestRunsEnabled=false, resultPaths=[/var/tmp/testing-dir/**/test-results/test/*.xml], timeoutSeconds=0, assignmentCheckoutPath=null, testCheckoutPath=null, solutionCheckoutPath=null, dockerRunConfig=null], submissionResult=ResultDTO[id=138, completionDate=2025-02-14T23:43:09.343306574Z[Etc/UTC], successful=false, score=0.0, rated=true, submission=SubmissionDTO[id=127, submitted=true, type=MANUAL, exampleSubmission=null, submissionDate=2025-02-14T23:43:09.343306574Z[Etc/UTC], commitHash=9b3a9bd71a0d80e5bbc42204c319ed3d1d4f0d6d, buildFailed=true, buildArtifact=false, participation=ParticipationDTO[id=485, testRun=false, type=programming, submissionCount=null, exercise=ParticipationExerciseDTO[id=306, exerciseType=PROGRAMMING, type=programming, assessmentType=AUTOMATIC, dueDate=2025-02-16T23:43:08.185273Z, assessmentDueDate=null, maxPoints=42.0, course=CourseDTO[id=155, accuracyOfScores=1]]], submissionExerciseType=programming, isProcessing=false, buildStartDate=null, estimatedCompletionDate=null], participation=ParticipationDTO[id=485, testRun=false, type=programming, submissionCount=null, exercise=ParticipationExerciseDTO[id=306, exerciseType=PROGRAMMING, type=programming, assessmentType=AUTOMATIC, dueDate=2025-02-16T23:43:08.185273Z, assessmentDueDate=null, maxPoints=42.0, course=CourseDTO[id=155, accuracyOfScores=1]]], feedbacks=[], assessmentType=AUTOMATIC, hasComplaint=null, exampleResult=null, testCaseCount=0, passedTestCaseCount=0, codeIssueCount=0]], BuildJobQueueItem[id=4881739576590204, name=SHORT80B5DD0E0D6B304EBB096E9020B949996A1CTSTEXC-LOCALCIINTSTUDENT1, buildAgent=BuildAgentDTO[name=artemis-build-agent-test, memberAddress=[127.0.0.1]:5703, displayName=artemis-build-agent-test], participationId=488, courseId=156, exerciseId=307, retryCount=0, priority=2, status=SUCCESSFUL, repositoryInfo=RepositoryInfo[repositoryName=short80b5dd0e0d6b304ebb096e9020b949996a1ctstexc-localciintstudent1, repositoryType=user, triggeredByPushTo=user, assignmentRepositoryUri=http://localhost:49152/git/SHORT80B5DD0E0D6B304EBB096E9020B949996A1CTSTEXC/short80b5dd0e0d6b304ebb096e9020b949996a1ctstexc-localciintstudent1.git, testRepositoryUri=http://localhost:49152/git/SHORT80B5DD0E0D6B304EBB096E9020B949996A1CTSTEXC/short80b5dd0e0d6b304ebb096e9020b949996a1ctstexc-tests.git, solutionRepositoryUri=null, auxiliaryRepositoryUris=[Ljava.lang.String;@6ffd7ab2, auxiliaryRepositoryCheckoutDirectories=[Ljava.lang.String;@50ca8c09], jobTimingInfo=JobTimingInfo[submissionDate=2025-02-14T23:43:10.204264160Z[Etc/UTC], buildStartDate=2025-02-14T23:43:10.223149139Z[Etc/UTC], buildCompletionDate=2025-02-14T23:43:12.086509109Z[Etc/UTC], estimatedCompletionDate=2025-02-14T23:43:29.223142246Z[Etc/UTC], estimatedDuration=19], buildConfig=BuildConfig[buildScript=#!/bin/bash
cd /var/tmp/testing-dir
chmod +x ./gradlew
./gradlew clean test
, dockerImage=dummy-docker-image:latest, commitHashToBuild=b806a93102242552beed7c01b08b2769731814b3, assignmentCommitHash=b806a93102242552beed7c01b08b2769731814b3, testCommitHash=b806a93102242552beed7c01b08b2769731814b3, branch=main, programmingLanguage=JAVA, projectType=PLAIN_GRADLE, scaEnabled=false, sequentialTestRunsEnabled=false, resultPaths=[/var/tmp/testing-dir/**/test-results/test/*.xml], timeoutSeconds=0, assignmentCheckoutPath=null, testCheckoutPath=null, solutionCheckoutPath=null, dockerRunConfig=null], submissionResult=ResultDTO[id=139, completionDate=2025-02-14T23:43:12.066436124Z[Etc/UTC], successful=false, score=0.0, rated=true, submission=SubmissionDTO[id=128, submitted=true, type=MANUAL, exampleSubmission=null, submissionDate=2025-02-14T23:43:10.192407Z, commitHash=b806a93102242552beed7c01b08b2769731814b3, buildFailed=true, buildArtifact=false, participation=ParticipationDTO[id=488, testRun=false, type=programming, submissionCount=null, exercise=ParticipationExerciseDTO[id=307, exerciseType=PROGRAMMING, type=programming, assessmentType=AUTOMATIC, dueDate=2025-02-16T23:43:09.986646Z, assessmentDueDate=null, maxPoints=42.0, course=CourseDTO[id=156, accuracyOfScores=1]]], submissionExerciseType=programming, isProcessing=false, buildStartDate=null, estimatedCompletionDate=null], participation=ParticipationDTO[id=488, testRun=false, type=programming, submissionCount=null, exercise=ParticipationExerciseDTO[id=307, exerciseType=PROGRAMMING, type=programming, assessmentType=AUTOMATIC, dueDate=2025-02-16T23:43:09.986646Z, assessmentDueDate=null, maxPoints=42.0, course=CourseDTO[id=156, accuracyOfScores=1]]], feedbacks=[], assessmentType=AUTOMATIC, hasComplaint=null, exampleResult=null, testCaseCount=0, passedTestCaseCount=0, codeIssueCount=0]], BuildJobQueueItem[id=4911739576593817, name=SHORT585B2198089880462509B3007867E72DFB7ATSTEXC-LOCALCIINTSTUDENT1, buildAgent=BuildAgentDTO[name=artemis-build-agent-test, memberAddress=[127.0.0.1]:5703, displayName=artemis-build-agent-test], participationId=491, courseId=157, exerciseId=308, retryCount=0, priority=2, status=SUCCESSFUL, repositoryInfo=RepositoryInfo[repositoryName=short585b2198089880462509b3007867e72dfb7atstexc-localciintstudent1, repositoryType=user, triggeredByPushTo=user, assignmentRepositoryUri=http://localhost:49152/git/SHORT585B2198089880462509B3007867E72DFB7ATSTEXC/short585b2198089880462509b3007867e72dfb7atstexc-localciintstudent1.git, testRepositoryUri=http://localhost:49152/git/SHORT585B2198089880462509B3007867E72DFB7ATSTEXC/short585b2198089880462509b3007867e72dfb7atstexc-tests.git, solutionRepositoryUri=null, auxiliaryRepositoryUris=[Ljava.lang.String;@3255b70c, auxiliaryRepositoryCheckoutDirectories=[Ljava.lang.String;@571a047d], jobTimingInfo=JobTimingInfo[submissionDate=2025-02-14T23:43:13.817124706Z[Etc/UTC], buildStartDate=2025-02-14T23:43:13.834335931Z[Etc/UTC], buildCompletionDate=2025-02-14T23:43:15.746259139Z[Etc/UTC], estimatedCompletionDate=2025-02-14T23:43:32.834326082Z[Etc/UTC], estimatedDuration=19], buildConfig=BuildConfig[buildScript=#!/bin/bash
cd /var/tmp/testing-dir
chmod +x ./gradlew
./gradlew clean test
, dockerImage=dummy-docker-image:latest, commitHashToBuild=42077d078a5d5042fe2d4bd8299a990d342fce6e, assignmentCommitHash=42077d078a5d5042fe2d4bd8299a990d342fce6e, testCommitHash=42077d078a5d5042fe2d4bd8299a990d342fce6e, branch=main, programmingLanguage=JAVA, projectType=PLAIN_GRADLE, scaEnabled=false, sequentialTestRunsEnabled=false, resultPaths=[/var/tmp/testing-dir/**/test-results/test/*.xml], timeoutSeconds=0, assignmentCheckoutPath=null, testCheckoutPath=null, solutionCheckoutPath=null, dockerRunConfig=null], submissionResult=ResultDTO[id=140, completionDate=2025-02-14T23:43:15.725343914Z[Etc/UTC], successful=false, score=0.0, rated=true, submission=SubmissionDTO[id=129, submitted=true, type=MANUAL, exampleSubmission=null, submissionDate=2025-02-14T23:43:13.805401Z, commitHash=42077d078a5d5042fe2d4bd8299a990d342fce6e, buildFailed=false, buildArtifact=false, participation=ParticipationDTO[id=491, testRun=false, type=programming, submissionCount=null, exercise=ParticipationExerciseDTO[id=308, exerciseType=PROGRAMMING, type=programming, assessmentType=AUTOMATIC, dueDate=2025-02-16T23:43:13.569213Z, assessmentDueDate=null, maxPoints=42.0, course=CourseDTO[id=157, accuracyOfScores=1]]], submissionExerciseType=programming, isProcessing=false, buildStartDate=null, estimatedCompletionDate=null], participation=ParticipationDTO[id=491, testRun=false, type=programming, submissionCount=null, exercise=ParticipationExerciseDTO[id=308, exerciseType=PROGRAMMING, type=programming, assessmentType=AUTOMATIC, dueDate=2025-02-16T23:43:13.569213Z, assessmentDueDate=null, maxPoints=42.0, course=CourseDTO[id=157, accuracyOfScores=1]]], feedbacks=[FeedbackDTO[id=160, text=null, detailText=Deine Einreichung enthält keine Ausgabe. (67cac2), hasLongFeedbackText=false, reference=null, credits=0.0, positive=false, type=AUTOMATIC, visibility=ALWAYS, testCase=TestCaseDTO[testName=null, id=146]], FeedbackDTO[id=161, text=null, detailText=test `add` failed on ≥ 1 cases:
(0, 0)
Your submission raised an error Failure("TODO add"), hasLongFeedbackText=false, reference=null, credits=0.0, positive=false, type=AUTOMATIC, visibility=ALWAYS, testCase=TestCaseDTO[testName=null, id=149]], FeedbackDTO[id=162, text=null, detailText=test `filter` failed on ≥ 1 cases:
(even, [1; 2; 3; 4])
Your submission raised an error Failure("TODO filter"), hasLongFeedbackText=false, reference=null, credits=0.0, positive=false, type=AUTOMATIC, visibility=ALWAYS, testCase=TestCaseDTO[testName=null, id=148]], FeedbackDTO[id=163, text=null, detailText=Test was not executed., hasLongFeedbackText=false, reference=null, credits=0.0, positive=null, type=AUTOMATIC, visibility=null, testCase=TestCaseDTO[testName=null, id=137]], FeedbackDTO[id=164, text=null, detailText=Test was not executed., hasLongFeedbackText=false, reference=null, credits=0.0, positive=null, type=AUTOMATIC, visibility=null, testCase=TestCaseDTO[testName=null, id=138]], FeedbackDTO[id=165, text=null, detailText=Test was not executed., hasLongFeedbackText=false, reference=null, credits=0.0, positive=null, type=AUTOMATIC, visibility=null, testCase=TestCaseDTO[testName=null, id=139]], FeedbackDTO[id=166, text=null, detailText=Test was not executed., hasLongFeedbackText=false, reference=null, credits=0.0, positive=null, type=AUTOMATIC, visibility=null, testCase=TestCaseDTO[testName=null, id=140]], FeedbackDTO[id=167, text=null, detailText=Test was not executed., hasLongFeedbackText=false, reference=null, credits=0.0, positive=null, type=AUTOMATIC, visibility=null, testCase=TestCaseDTO[testName=null, id=141]], FeedbackDTO[id=168, text=null, detailText=Test was not executed., hasLongFeedbackText=false, reference=null, credits=0.0, positive=null, type=AUTOMATIC, visibility=null, testCase=TestCaseDTO[testName=null, id=142]], FeedbackDTO[id=169, text=null, detailText=Test was not executed., hasLongFeedbackText=false, reference=null, credits=0.0, positive=null, type=AUTOMATIC, visibility=null, testCase=TestCaseDTO[testName=null, id=143]], FeedbackDTO[id=170, text=null, detailText=Test was not executed., hasLongFeedbackText=false, reference=null, credits=0.0, positive=null, type=AUTOMATIC, visibility=null, testCase=TestCaseDTO[testName=null, id=144]], FeedbackDTO[id=171, text=null, detailText=Test was not executed., hasLongFeedbackText=false, reference=null, credits=0.0, positive=null, type=AUTOMATIC, visibility=null, testCase=TestCaseDTO[testName=null, id=145]], FeedbackDTO[id=172, text=null, detailText=Test was not executed., hasLongFeedbackText=false, reference=null, credits=0.0, positive=null, type=AUTOMATIC, visibility=null, testCase=TestCaseDTO[testName=null, id=147]]], assessmentType=AUTOMATIC, hasComplaint=null, exampleResult=null, testCaseCount=13, passedTestCaseCount=0, codeIssueCount=0]], BuildJobQueueItem[id=4941739576597286, name=SHORTFBCBD7BF0E6EB0451A080E80FCB407DC1F12TSTEXC-LOCALCIINTSTUDENT1, buildAgent=BuildAgentDTO[name=artemis-build-agent-test, memberAddress=[127.0.0.1]:5703, displayName=artemis-build-agent-test], participationId=494, courseId=158, exerciseId=309, retryCount=0, priority=2, status=SUCCESSFUL, repositoryInfo=RepositoryInfo[repositoryName=shortfbcbd7bf0e6eb0451a080e80fcb407dc1f12tstexc-localciintstudent1, repositoryType=user, triggeredByPushTo=user, assignmentRepositoryUri=http://localhost:49152/git/SHORTFBCBD7BF0E6EB0451A080E80FCB407DC1F12TSTEXC/shortfbcbd7bf0e6eb0451a080e80fcb407dc1f12tstexc-localciintstudent1.git, testRepositoryUri=http://localhost:49152/git/SHORTFBCBD7BF0E6EB0451A080E80FCB407DC1F12TSTEXC/shortfbcbd7bf0e6eb0451a080e80fcb407dc1f12tstexc-tests.git, solutionRepositoryUri=null, auxiliaryRepositoryUris=[Ljava.lang.String;@53b6dcc6, auxiliaryRepositoryCheckoutDirectories=[Ljava.lang.String;@5798b87d], jobTimingInfo=JobTimingInfo[submissionDate=2025-02-14T23:43:17.286977233Z[Etc/UTC], buildStartDate=2025-02-14T23:43:17.293977347Z[Etc/UTC], buildCompletionDate=2025-02-14T23:43:18.740990762Z[Etc/UTC], estimatedCompletionDate=2025-02-14T23:43:36.293970494Z[Etc/UTC], estimatedDuration=19], buildConfig=BuildConfig[buildScript=#!/bin/bash
cd /var/tmp/testing-dir
chmod +x ./gradlew
./gradlew clean test
, dockerImage=dummy-docker-image:latest, commitHashToBuild=4a1af7e8a64e6505c5fc09b9f81ea41af9fcff44, assignmentCommitHash=4a1af7e8a64e6505c5fc09b9f81ea41af9fcff44, testCommitHash=4a1af7e8a64e6505c5fc09b9f81ea41af9fcff44, branch=main, programmingLanguage=JAVA, projectType=PLAIN_GRADLE, scaEnabled=false, sequentialTestRunsEnabled=false, resultPaths=[/var/tmp/testing-dir/**/test-results/test/*.xml], timeoutSeconds=0, assignmentCheckoutPath=null, testCheckoutPath=null, solutionCheckoutPath=null, dockerRunConfig=null], submissionResult=ResultDTO[id=141, completionDate=2025-02-14T23:43:18.729015138Z[Etc/UTC], successful=false, score=0.0, rated=true, submission=SubmissionDTO[id=130, submitted=true, type=MANUAL, exampleSubmission=null, submissionDate=2025-02-14T23:43:17.272936Z, commitHash=4a1af7e8a64e6505c5fc09b9f81ea41af9fcff44, buildFailed=true, buildArtifact=false, participation=ParticipationDTO[id=494, testRun=false, type=programming, submissionCount=null, exercise=ParticipationExerciseDTO[id=309, exerciseType=PROGRAMMING, type=programming, assessmentType=AUTOMATIC, dueDate=2025-02-16T23:43:17.147218Z, assessmentDueDate=null, maxPoints=42.0, course=CourseDTO[id=158, accuracyOfScores=1]]], submissionExerciseType=programming, isProcessing=false, buildStartDate=null, estimatedCompletionDate=null], participation=ParticipationDTO[id=494, testRun=false, type=programming, submissionCount=null, exercise=ParticipationExerciseDTO[id=309, exerciseType=PROGRAMMING, type=programming, assessmentType=AUTOMATIC, dueDate=2025-02-16T23:43:17.147218Z, assessmentDueDate=null, maxPoints=42.0, course=CourseDTO[id=158, accuracyOfScores=1]]], feedbacks=[], assessmentType=AUTOMATIC, hasComplaint=null, exampleResult=null, testCaseCount=0, passedTestCaseCount=0, codeIssueCount=0]], BuildJobQueueItem[id=4971739576599269, name=SHORT52AD57270517204728083260501A19D262D1TSTEXC-LOCALCIINTSTUDENT1, buildAgent=BuildAgentDTO[name=artemis-build-agent-test, memberAddress=[127.0.0.1]:5703, displayName=artemis-build-agent-test], participationId=497, courseId=159, exerciseId=310, retryCount=0, priority=2, status=SUCCESSFUL, repositoryInfo=RepositoryInfo[repositoryName=short52ad57270517204728083260501a19d262d1tstexc-localciintstudent1, repositoryType=user, triggeredByPushTo=user, assignmentRepositoryUri=http://localhost:49152/git/SHORT52AD57270517204728083260501A19D262D1TSTEXC/short52ad57270517204728083260501a19d262d1tstexc-localciintstudent1.git, testRepositoryUri=http://localhost:49152/git/SHORT52AD57270517204728083260501A19D262D1TSTEXC/short52ad57270517204728083260501a19d262d1tstexc-tests.git, solutionRepositoryUri=null, auxiliaryRepositoryUris=[Ljava.lang.String;@48ea9855, auxiliaryRepositoryCheckoutDirectories=[Ljava.lang.String;@4fd444d9], jobTimingInfo=JobTimingInfo[submissionDate=2025-02-14T23:43:19.269997499Z[Etc/UTC], buildStartDate=2025-02-14T23:43:19.277325895Z[Etc/UTC], buildCompletionDate=2025-02-14T23:43:20.497391524Z[Etc/UTC], estimatedCompletionDate=2025-02-14T23:43:38.277310787Z[Etc/UTC], estimatedDuration=19], buildConfig=BuildConfig[buildScript=#!/bin/bash
cd /var/tmp/testing-dir
chmod +x ./gradlew
./gradlew clean test
, dockerImage=dummy-docker-image:latest, commitHashToBuild=9f4f76247a188e9a0f3516a9fbd60e829d53fb05, assignmentCommitHash=9f4f76247a188e9a0f3516a9fbd60e829d53fb05, testCommitHash=9f4f76247a188e9a0f3516a9fbd60e829d53fb05, branch=main, programmingLanguage=JAVA, projectType=PLAIN_GRADLE, scaEnabled=false, sequentialTestRunsEnabled=false, resultPaths=[/var/tmp/testing-dir/**/test-results/test/*.xml], timeoutSeconds=0, assignmentCheckoutPath=null, testCheckoutPath=null, solutionCheckoutPath=null, dockerRunConfig=null], submissionResult=ResultDTO[id=142, completionDate=2025-02-14T23:43:20.484244187Z[Etc/UTC], successful=false, score=7.7, rated=true, submission=SubmissionDTO[id=131, submitted=true, type=MANUAL, exampleSubmission=null, submissionDate=2025-02-14T23:43:19.265464Z, commitHash=9f4f76247a188e9a0f3516a9fbd60e829d53fb05, buildFailed=false, buildArtifact=false, participation=ParticipationDTO[id=497, testRun=false, type=programming, submissionCount=null, exercise=ParticipationExerciseDTO[id=310, exerciseType=PROGRAMMING, type=programming, assessmentType=AUTOMATIC, dueDate=2025-02-16T23:43:19.182228Z, assessmentDueDate=null, maxPoints=42.0, course=CourseDTO[id=159, accuracyOfScores=1]]], submissionExerciseType=programming, isProcessing=false, buildStartDate=null, estimatedCompletionDate=null], participation=ParticipationDTO[id=497, testRun=false, type=programming, submissionCount=null, exercise=ParticipationExerciseDTO[id=310, exerciseType=PROGRAMMING, type=programming, assessmentType=AUTOMATIC, dueDate=2025-02-16T23:43:19.182228Z, assessmentDueDate=null, maxPoints=42.0, course=CourseDTO[id=159, accuracyOfScores=1]]], feedbacks=[FeedbackDTO[id=173, text=null, detailText=The exercise expects a class with the name Context in the package testpackage. You did not implement the class in the exercise., hasLongFeedbackText=false, reference=null, credits=0.0, positive=false, type=AUTOMATIC, visibility=ALWAYS, testCase=TestCaseDTO[testName=null, id=169]], FeedbackDTO[id=174, text=null, detailText=The exercise expects a class with the name Policy in the package testpackage. You did not implement the class in the exercise., hasLongFeedbackText=false, reference=null, credits=0.0, positive=false, type=AUTOMATIC, visibility=ALWAYS, testCase=TestCaseDTO[testName=null, id=170]], FeedbackDTO[id=175, text=null, detailText=The exercise expects a class with the name SortStrategy in the package testpackage. You did not implement the class in the exercise., hasLongFeedbackText=false, reference=null, credits=0.0, positive=false, type=AUTOMATIC, visibility=ALWAYS, testCase=TestCaseDTO[testName=null, id=171]], FeedbackDTO[id=176, text=null, detailText=The class 'MergeSort' does not implement the interface 'SortStrategy' as expected. Implement the interface and its methods., hasLongFeedbackText=false, reference=null, credits=0.0, positive=false, type=AUTOMATIC, visibility=ALWAYS, testCase=TestCaseDTO[testName=null, id=166]], FeedbackDTO[id=177, text=null, detailText=The exercise expects a class with the name SortStrategy in the package testpackage. You did not implement the class in the exercise., hasLongFeedbackText=false, reference=null, credits=0.0, positive=false, type=AUTOMATIC, visibility=ALWAYS, testCase=TestCaseDTO[testName=null, id=163]], FeedbackDTO[id=178, text=null, detailText=The class 'BubbleSort' does not implement the interface 'SortStrategy' as expected. Implement the interface and its methods., hasLongFeedbackText=false, reference=null, credits=0.0, positive=false, type=AUTOMATIC, visibility=ALWAYS, testCase=TestCaseDTO[testName=null, id=167]], FeedbackDTO[id=179, text=null, detailText=MergeSort does not sort correctly, hasLongFeedbackText=false, reference=null, credits=0.0, positive=false, type=AUTOMATIC, visibility=ALWAYS, testCase=TestCaseDTO[testName=null, id=172]], FeedbackDTO[id=180, text=null, detailText=The class 'Context' was not found within the submission. Make sure to implement it properly., hasLongFeedbackText=false, reference=null, credits=0.0, positive=false, type=AUTOMATIC, visibility=ALWAYS, testCase=TestCaseDTO[testName=null, id=173]], FeedbackDTO[id=181, text=null, detailText=The class 'Context' was not found within the submission. Make sure to implement it properly., hasLongFeedbackText=false, reference=null, credits=0.0, positive=false, type=AUTOMATIC, visibility=ALWAYS, testCase=TestCaseDTO[testName=null, id=174]], FeedbackDTO[id=182, text=null, detailText=The exercise expects a class with the name Policy in the package testpackage. You did not implement the class in the exercise., hasLongFeedbackText=false, reference=null, credits=0.0, positive=false, type=AUTOMATIC, visibility=ALWAYS, testCase=TestCaseDTO[testName=null, id=168]], FeedbackDTO[id=183, text=null, detailText=The exercise expects a class with the name Context in the package testpackage. You did not implement the class in the exercise., hasLongFeedbackText=false, reference=null, credits=0.0, positive=false, type=AUTOMATIC, visibility=ALWAYS, testCase=TestCaseDTO[testName=null, id=164]], FeedbackDTO[id=184, text=null, detailText=The exercise expects a class with the name Policy in the package testpackage. You did not implement the class in the exercise., hasLongFeedbackText=false, reference=null, credits=0.0, positive=false, type=AUTOMATIC, visibility=ALWAYS, testCase=TestCaseDTO[testName=null, id=165]], FeedbackDTO[id=185, text=null, detailText=null, hasLongFeedbackText=false, reference=null, credits=3.230769230769231, positive=true, type=AUTOMATIC, visibility=ALWAYS, testCase=TestCaseDTO[testName=null, id=175]]], assessmentType=AUTOMATIC, hasComplaint=null, exampleResult=null, testCaseCount=13, passedTestCaseCount=1, codeIssueCount=0]], BuildJobQueueItem[id=5001739576601035, name=SHORT582B1BDC0A17704D6D0A46800FC19163DA47TSTEXC-LOCALCIINTSTUDENT1, buildAgent=BuildAgentDTO[name=artemis-build-agent-test, memberAddress=[127.0.0.1]:5703, displayName=artemis-build-agent-test], participationId=500, courseId=160, exerciseId=311, retryCount=0, priority=2, status=SUCCESSFUL, repositoryInfo=RepositoryInfo[repositoryName=short582b1bdc0a17704d6d0a46800fc19163da47tstexc-localciintstudent1, repositoryType=user, triggeredByPushTo=user, assignmentRepositoryUri=http://localhost:49152/git/SHORT582B1BDC0A17704D6D0A46800FC19163DA47TSTEXC/short582b1bdc0a17704d6d0a46800fc19163da47tstexc-localciintstudent1.git, testRepositoryUri=http://localhost:49152/git/SHORT582B1BDC0A17704D6D0A46800FC19163DA47TSTEXC/short582b1bdc0a17704d6d0a46800fc19163da47tstexc-tests.git, solutionRepositoryUri=null, auxiliaryRepositoryUris=[Ljava.lang.String;@2a61f109, auxiliaryRepositoryCheckoutDirectories=[Ljava.lang.String;@3828ef68], jobTimingInfo=JobTimingInfo[submissionDate=2025-02-14T23:43:21.035120760Z[Etc/UTC], buildStartDate=2025-02-14T23:43:21.040320383Z[Etc/UTC], buildCompletionDate=2025-02-14T23:43:22.581236903Z[Etc/UTC], estimatedCompletionDate=2025-02-14T23:43:40.040312057Z[Etc/UTC], estimatedDuration=19], buildConfig=BuildConfig[buildScript=#!/bin/bash
cd /var/tmp/testing-dir
chmod +x ./gradlew
./gradlew clean test
, dockerImage=dummy-docker-image:latest, commitHashToBuild=887566cf754016f986627cf5c5c365dea16c907f, assignmentCommitHash=887566cf754016f986627cf5c5c365dea16c907f, testCommitHash=6af67146332066e7430917928a4b9b81c43b7c71, branch=main, programmingLanguage=JAVA, projectType=PLAIN_GRADLE, scaEnabled=false, sequentialTestRunsEnabled=false, resultPaths=[/var/tmp/testing-dir/**/test-results/test/*.xml], timeoutSeconds=0, assignmentCheckoutPath=customAssignmentPath, testCheckoutPath=null, solutionCheckoutPath=null, dockerRunConfig=null], submissionResult=ResultDTO[id=143, completionDate=2025-02-14T23:43:22.538158998Z[Etc/UTC], successful=false, score=7.7, rated=true, submission=SubmissionDTO[id=132, submitted=true, type=MANUAL, exampleSubmission=null, submissionDate=2025-02-14T23:43:21.028930Z, commitHash=887566cf754016f986627cf5c5c365dea16c907f, buildFailed=false, buildArtifact=false, participation=ParticipationDTO[id=500, testRun=false, type=programming, submissionCount=null, exercise=ParticipationExerciseDTO[id=311, exerciseType=PROGRAMMING, type=programming, assessmentType=AUTOMATIC, dueDate=2025-02-16T23:43:20.897280Z, assessmentDueDate=null, maxPoints=42.0, course=CourseDTO[id=160, accuracyOfScores=1]]], submissionExerciseType=programming, isProcessing=false, buildStartDate=null, estimatedCompletionDate=null], participation=ParticipationDTO[id=500, testRun=false, type=programming, submissionCount=null, exercise=ParticipationExerciseDTO[id=311, exerciseType=PROGRAMMING, type=programming, assessmentType=AUTOMATIC, dueDate=2025-02-16T23:43:20.897280Z, assessmentDueDate=null, maxPoints=42.0, course=CourseDTO[id=160, accuracyOfScores=1]]], feedbacks=[FeedbackDTO[id=186, text=null, detailText=The exercise expects a class with the name Context in the package testpackage. You did not implement the class in the exercise., hasLongFeedbackText=false, reference=null, credits=0.0, positive=false, type=AUTOMATIC, visibility=ALWAYS, testCase=TestCaseDTO[testName=null, id=182]], FeedbackDTO[id=187, text=null, detailText=The exercise expects a class with the name Policy in the package testpackage. You did not implement the class in the exercise., hasLongFeedbackText=false, reference=null, credits=0.0, positive=false, type=AUTOMATIC, visibility=ALWAYS, testCase=TestCaseDTO[testName=null, id=183]], FeedbackDTO[id=188, text=null, detailText=The exercise expects a class with the name SortStrategy in the package testpackage. You did not implement the class in the exercise., hasLongFeedbackText=false, reference=null, credits=0.0, positive=false, type=AUTOMATIC, visibility=ALWAYS, testCase=TestCaseDTO[testName=null, id=184]], FeedbackDTO[id=189, text=null, detailText=The class 'MergeSort' does not implement the interface 'SortStrategy' as expected. Implement the interface and its methods., hasLongFeedbackText=false, reference=null, credits=0.0, positive=false, type=AUTOMATIC, visibility=ALWAYS, testCase=TestCaseDTO[testName=null, id=179]], FeedbackDTO[id=190, text=null, detailText=The exercise expects a class with the name SortStrategy in the package testpackage. You did not implement the class in the exercise., hasLongFeedbackText=false, reference=null, credits=0.0, positive=false, type=AUTOMATIC, visibility=ALWAYS, testCase=TestCaseDTO[testName=null, id=176]], FeedbackDTO[id=191, text=null, detailText=The class 'BubbleSort' does not implement the interface 'SortStrategy' as expected. Implement the interface and its methods., hasLongFeedbackText=false, reference=null, credits=0.0, positive=false, type=AUTOMATIC, visibility=ALWAYS, testCase=TestCaseDTO[testName=null, id=180]], FeedbackDTO[id=192, text=null, detailText=MergeSort does not sort correctly, hasLongFeedbackText=false, reference=null, credits=0.0, positive=false, type=AUTOMATIC, visibility=ALWAYS, testCase=TestCaseDTO[testName=null, id=185]], FeedbackDTO[id=193, text=null, detailText=The class 'Context' was not found within the submission. Make sure to implement it properly., hasLongFeedbackText=false, reference=null, credits=0.0, positive=false, type=AUTOMATIC, visibility=ALWAYS, testCase=TestCaseDTO[testName=null, id=186]], FeedbackDTO[id=194, text=null, detailText=The class 'Context' was not found within the submission. Make sure to implement it properly., hasLongFeedbackText=false, reference=null, credits=0.0, positive=false, type=AUTOMATIC, visibility=ALWAYS, testCase=TestCaseDTO[testName=null, id=187]], FeedbackDTO[id=195, text=null, detailText=The exercise expects a class with the name Policy in the package testpackage. You did not implement the class in the exercise., hasLongFeedbackText=false, reference=null, credits=0.0, positive=false, type=AUTOMATIC, visibility=ALWAYS, testCase=TestCaseDTO[testName=null, id=181]], FeedbackDTO[id=196, text=null, detailText=The exercise expects a class with the name Context in the package testpackage. You did not implement the class in the exercise., hasLongFeedbackText=false, reference=null, credits=0.0, positive=false, type=AUTOMATIC, visibility=ALWAYS, testCase=TestCaseDTO[testName=null, id=177]], FeedbackDTO[id=197, text=null, detailText=The exercise expects a class with the name Policy in the package testpackage. You did not implement the class in the exercise., hasLongFeedbackText=false, reference=null, credits=0.0, positive=false, type=AUTOMATIC, visibility=ALWAYS, testCase=TestCaseDTO[testName=null, id=178]], FeedbackDTO[id=198, text=null, detailText=null, hasLongFeedbackText=false, reference=null, credits=3.230769230769231, positive=true, type=AUTOMATIC, visibility=ALWAYS, testCase=TestCaseDTO[testName=null, id=188]]], assessmentType=AUTOMATIC, hasComplaint=null, exampleResult=null, testCaseCount=13, passedTestCaseCount=1, codeIssueCount=0]], BuildJobQueueItem[id=5031739576604847, name=SHORT00FA1A240403404C7E097D7007C591BE2AB1TSTEXC-LOCALCIINTSTUDENT1, buildAgent=BuildAgentDTO[name=artemis-build-agent-test, memberAddress=[127.0.0.1]:5703, displayName=artemis-build-agent-test], participationId=503, courseId=161, exerciseId=312, retryCount=0, priority=2, status=FAILED, repositoryInfo=RepositoryInfo[repositoryName=short00fa1a240403404c7e097d7007c591be2ab1tstexc-localciintstudent1, repositoryType=user, triggeredByPushTo=user, assignmentRepositoryUri=http://localhost:49152/git/SHORT00FA1A240403404C7E097D7007C591BE2AB1TSTEXC/short00fa1a240403404c7e097d7007c591be2ab1tstexc-localciintstudent1.git, testRepositoryUri=http://localhost:49152/git/SHORT00FA1A240403404C7E097D7007C591BE2AB1TSTEXC/short00fa1a240403404c7e097d7007c591be2ab1tstexc-tests.git, solutionRepositoryUri=null, auxiliaryRepositoryUris=[Ljava.lang.String;@241ce008, auxiliaryRepositoryCheckoutDirectories=[Ljava.lang.String;@49038ade], jobTimingInfo=JobTimingInfo[submissionDate=2025-02-14T23:43:24.847396156Z[Etc/UTC], buildStartDate=2025-02-14T23:43:24.860457211Z[Etc/UTC], buildCompletionDate=2025-02-14T23:43:26.809353681Z[Etc/UTC], estimatedCompletionDate=2025-02-14T23:43:46.860451490Z[Etc/UTC], estimatedDuration=22], buildConfig=BuildConfig[buildScript=#!/bin/bash
cd /var/tmp/testing-dir
chmod +x ./gradlew
./gradlew clean test
, dockerImage=dummy-docker-image:latest, commitHashToBuild=9690714a509af0a98c6790a7e52ee3574c7ef689, assignmentCommitHash=9690714a509af0a98c6790a7e52ee3574c7ef689, testCommitHash=9690714a509af0a98c6790a7e52ee3574c7ef689, branch=main, programmingLanguage=JAVA, projectType=PLAIN_GRADLE, scaEnabled=false, sequentialTestRunsEnabled=false, resultPaths=[/var/tmp/testing-dir/**/test-results/test/*.xml], timeoutSeconds=0, assignmentCheckoutPath=null, testCheckoutPath=null, solutionCheckoutPath=null, dockerRunConfig=null], submissionResult=ResultDTO[id=144, completionDate=2025-02-14T23:43:26.809483684Z[Etc/UTC], successful=false, score=0.0, rated=true, submission=SubmissionDTO[id=133, submitted=true, type=MANUAL, exampleSubmission=null, submissionDate=2025-02-14T23:43:24.841319Z, commitHash=9690714a509af0a98c6790a7e52ee3574c7ef689, buildFailed=true, buildArtifact=false, participation=ParticipationDTO[id=503, testRun=false, type=programming, submissionCount=null, exercise=ParticipationExerciseDTO[id=312, exerciseType=PROGRAMMING, type=programming, assessmentType=AUTOMATIC, dueDate=2025-02-16T23:43:24.571329Z, assessmentDueDate=null, maxPoints=42.0, course=CourseDTO[id=161, accuracyOfScores=1]]], submissionExerciseType=programming, isProcessing=false, buildStartDate=null, estimatedCompletionDate=null], participation=ParticipationDTO[id=503, testRun=false, type=programming, submissionCount=null, exercise=ParticipationExerciseDTO[id=312, exerciseType=PROGRAMMING, type=programming, assessmentType=AUTOMATIC, dueDate=2025-02-16T23:43:24.571329Z, assessmentDueDate=null, maxPoints=42.0, course=CourseDTO[id=161, accuracyOfScores=1]]], feedbacks=[], assessmentType=AUTOMATIC, hasComplaint=null, exampleResult=null, testCaseCount=0, passedTestCaseCount=0, codeIssueCount=0]], BuildJobQueueItem[id=5061739576605250, name=SHORT62C808EE04ECE040740AF7B0CF3AE5F5BEF2TSTEXC-LOCALCIINTSTUDENT1, buildAgent=BuildAgentDTO[name=artemis-build-agent-test, memberAddress=[127.0.0.1]:5703, displayName=artemis-build-agent-test], participationId=506, courseId=162, exerciseId=313, retryCount=0, priority=2, status=SUCCESSFUL, repositoryInfo=RepositoryInfo[repositoryName=short62c808ee04ece040740af7b0cf3ae5f5bef2tstexc-localciintstudent1, repositoryType=user, triggeredByPushTo=user, assignmentRepositoryUri=http://localhost:49152/git/SHORT62C808EE04ECE040740AF7B0CF3AE5F5BEF2TSTEXC/short62c808ee04ece040740af7b0cf3ae5f5bef2tstexc-localciintstudent1.git, testRepositoryUri=http://localhost:49152/git/SHORT62C808EE04ECE040740AF7B0CF3AE5F5BEF2TSTEXC/short62c808ee04ece040740af7b0cf3ae5f5bef2tstexc-tests.git, solutionRepositoryUri=null, auxiliaryRepositoryUris=[Ljava.lang.String;@6c4fd34e, auxiliaryRepositoryCheckoutDirectories=[Ljava.lang.String;@13e33200], jobTimingInfo=JobTimingInfo[submissionDate=2025-02-14T23:43:25.250749866Z[Etc/UTC], buildStartDate=2025-02-14T23:43:26.820713075Z[Etc/UTC], buildCompletionDate=2025-02-14T23:43:28.304236378Z[Etc/UTC], estimatedCompletionDate=2025-02-14T23:43:45.820704920Z[Etc/UTC], estimatedDuration=19], buildConfig=BuildConfig[buildScript=#!/bin/bash
cd /var/tmp/testing-dir
chmod +x ./gradlew
./gradlew clean test
, dockerImage=dummy-docker-image:latest, commitHashToBuild=993b6f756e3e52a44d0537d4fa3a5d0e0acdbe89, assignmentCommitHash=993b6f756e3e52a44d0537d4fa3a5d0e0acdbe89, testCommitHash=993b6f756e3e52a44d0537d4fa3a5d0e0acdbe89, branch=main, programmingLanguage=JAVA, projectType=null, scaEnabled=false, sequentialTestRunsEnabled=false, resultPaths=[/var/tmp/testing-dir/**/test-results/test/*.xml], timeoutSeconds=0, assignmentCheckoutPath=null, testCheckoutPath=null, solutionCheckoutPath=null, dockerRunConfig=null], submissionResult=ResultDTO[id=145, completionDate=2025-02-14T23:43:28.269051286Z[Etc/UTC], successful=false, score=7.7, rated=true, submission=SubmissionDTO[id=134, submitted=true, type=MANUAL, exampleSubmission=null, submissionDate=2025-02-14T23:43:25.241685Z, commitHash=993b6f756e3e52a44d0537d4fa3a5d0e0acdbe89, buildFailed=false, buildArtifact=false, participation=ParticipationDTO[id=506, testRun=false, type=programming, submissionCount=null, exercise=ParticipationExerciseDTO[id=313, exerciseType=PROGRAMMING, type=programming, assessmentType=AUTOMATIC, dueDate=2025-02-16T23:43:24.986721Z, assessmentDueDate=null, maxPoints=42.0, course=CourseDTO[id=162, accuracyOfScores=1]]], submissionExerciseType=programming, isProcessing=false, buildStartDate=null, estimatedCompletionDate=null], participation=ParticipationDTO[id=506, testRun=false, type=programming, submissionCount=null, exercise=ParticipationExerciseDTO[id=313, exerciseType=PROGRAMMING, type=programming, assessmentType=AUTOMATIC, dueDate=2025-02-16T23:43:24.986721Z, assessmentDueDate=null, maxPoints=42.0, course=CourseDTO[id=162, accuracyOfScores=1]]], feedbacks=[FeedbackDTO[id=199, text=null, detailText=The exercise expects a class with the name Context in the package testpackage. You did not implement the class in the exercise., hasLongFeedbackText=false, reference=null, credits=0.0, positive=false, type=AUTOMATIC, visibility=ALWAYS, testCase=TestCaseDTO[testName=null, id=208]], FeedbackDTO[id=200, text=null, detailText=The exercise expects a class with the name Policy in the package testpackage. You did not implement the class in the exercise., hasLongFeedbackText=false, reference=null, credits=0.0, positive=false, type=AUTOMATIC, visibility=ALWAYS, testCase=TestCaseDTO[testName=null, id=209]], FeedbackDTO[id=201, text=null, detailText=The exercise expects a class with the name SortStrategy in the package testpackage. You did not implement the class in the exercise., hasLongFeedbackText=false, reference=null, credits=0.0, positive=false, type=AUTOMATIC, visibility=ALWAYS, testCase=TestCaseDTO[testName=null, id=210]], FeedbackDTO[id=202, text=null, detailText=The class 'MergeSort' does not implement the interface 'SortStrategy' as expected. Implement the interface and its methods., hasLongFeedbackText=false, reference=null, credits=0.0, positive=false, type=AUTOMATIC, visibility=ALWAYS, testCase=TestCaseDTO[testName=null, id=205]], FeedbackDTO[id=203, text=null, detailText=The exercise expects a class with the name SortStrategy in the package testpackage. You did not implement the class in the exercise., hasLongFeedbackText=false, reference=null, credits=0.0, positive=false, type=AUTOMATIC, visibility=ALWAYS, testCase=TestCaseDTO[testName=null, id=202]], FeedbackDTO[id=204, text=null, detailText=The class 'BubbleSort' does not implement the interface 'SortStrategy' as expected. Implement the interface and its methods., hasLongFeedbackText=false, reference=null, credits=0.0, positive=false, type=AUTOMATIC, visibility=ALWAYS, testCase=TestCaseDTO[testName=null, id=206]], FeedbackDTO[id=205, text=null, detailText=MergeSort does not sort correctly, hasLongFeedbackText=false, reference=null, credits=0.0, positive=false, type=AUTOMATIC, visibility=ALWAYS, testCase=TestCaseDTO[testName=null, id=211]], FeedbackDTO[id=206, text=null, detailText=The class 'Context' was not found within the submission. Make sure to implement it properly., hasLongFeedbackText=false, reference=null, credits=0.0, positive=false, type=AUTOMATIC, visibility=ALWAYS, testCase=TestCaseDTO[testName=null, id=212]], FeedbackDTO[id=207, text=null, detailText=The class 'Context' was not found within the submission. Make sure to implement it properly., hasLongFeedbackText=false, reference=null, credits=0.0, positive=false, type=AUTOMATIC, visibility=ALWAYS, testCase=TestCaseDTO[testName=null, id=213]], FeedbackDTO[id=208, text=null, detailText=The exercise expects a class with the name Policy in the package testpackage. You did not implement the class in the exercise., hasLongFeedbackText=false, reference=null, credits=0.0, positive=false, type=AUTOMATIC, visibility=ALWAYS, testCase=TestCaseDTO[testName=null, id=207]], FeedbackDTO[id=209, text=null, detailText=The exercise expects a class with the name Context in the package testpackage. You did not implement the class in the exercise., hasLongFeedbackText=false, reference=null, credits=0.0, positive=false, type=AUTOMATIC, visibility=ALWAYS, testCase=TestCaseDTO[testName=null, id=203]], FeedbackDTO[id=210, text=null, detailText=The exercise expects a class with the name Policy in the package testpackage. You did not implement the class in the exercise., hasLongFeedbackText=false, reference=null, credits=0.0, positive=false, type=AUTOMATIC, visibility=ALWAYS, testCase=TestCaseDTO[testName=null, id=204]], FeedbackDTO[id=211, text=null, detailText=null, hasLongFeedbackText=false, reference=null, credits=3.230769230769231, positive=true, type=AUTOMATIC, visibility=ALWAYS, testCase=TestCaseDTO[testName=null, id=214]]], assessmentType=AUTOMATIC, hasComplaint=null, exampleResult=null, testCaseCount=13, passedTestCaseCount=1, codeIssueCount=0]]], publicSshKey=ssh-rsa AAAAB3NzaC1yc2EAAAADAQABAAACAQCOPdMsxRE2jFJ/UEa5/LsBxtwzJcrh3/rYBCQvcMeVpiRfhzQPWu7mrt/G2Ew+i+vRloGH9aqKg6dd1liRncao53Zmd/ePxoatXePNhmzTfkCkcSkTUz7B+QMjkoDDV5jwuFPD6mF3JkhuzSi64n9Zy905t4w2IhVcjM2mL3eYNjiCXt6Qpq3Pkt7dM/Ksw1nxnvuiIALuJLB3FTkXkHqq3PJav+9HSq2r6ZaWgekneaGxlQlb+U+Vy3XOuArKAzK8c8i+0bR+AHiTG6ncYXt7ax3U+TdlDTF7OLP3umwaYjs1NBXOHwG42pevvpKn2fqavZZozk+M05jXLx3bq0O7itxfErWc7etky8qYPyyIMF/txQIVLd78+Ze4d7Y60t5MGbXM5cGE6fFif5fEJwgswXD+BrG0cafz1CTatjSKFdvp8Vp4VszXhHDan1PrP6JEFJ5Cc5GDmLRZPCFa3vL9f5qXgf4bkqKN8MYeEujwJE5nMRWoiJVNakix2bcrrneQMBlnYeYZVWXXXUusAQBzl4NgddC1umZpihZkL1b1MffZAUW3EGEXi7KHnllQhkTLLsQ8ntMgbylqaJKStqaXlLvdeRJcEnUuiFCrHEVVbXRFZR7XVDZ02CE5o3MuaRPty8Kh+jRTF3COlAckHwYEJCNNJvXFgb2CNXL4mjzYDw== test@localhost]
    23:43:30.731 | 566 localvc.event-13 | DEBUG | s.l.LocalCIWebsocketMessagingService : Sending message on topic /topic/admin/build-agents: [BuildAgentInformation[buildAgent=BuildAgentDTO[name=artemis-build-agent-test, memberAddress=[127.0.0.1]:5703, displayName=artemis-build-agent-test], maxNumberOfConcurrentBuildJobs=1, numberOfCurrentBuildJobs=0, runningBuildJobs=[], status=IDLE, recentBuildJobs=null, publicSshKey=null]]

  Starting logs for AnswerMessageIntegrationTest > [8] userMention=[user]noCourseMemberFirst noCourseMemberLast(nocoursemember)[/user], isUserMentionValid=false
    23:43:30.733 | 566 localvc.event-13 | DEBUG | s.l.LocalCIWebsocketMessagingService : Sending message on topic /topic/admin/build-agent/artemis-build-agent-test: BuildAgentInformation[buildAgent=BuildAgentDTO[name=artemis-build-agent-test, memberAddress=[127.0.0.1]:5703, displayName=artemis-build-agent-test], maxNumberOfConcurrentBuildJobs=1, numberOfCurrentBuildJobs=0, runningBuildJobs=[], status=IDLE, recentBuildJobs=[BuildJobQueueItem[id=4621739576562326, name=SHORT43ACF76B02BC1044B80938509D14043FABDETSTEXC-LOCALCIINTSTUDENT1, buildAgent=BuildAgentDTO[name=artemis-build-agent-test, memberAddress=[127.0.0.1]:5703, displayName=artemis-build-agent-test], participationId=462, courseId=147, exerciseId=298, retryCount=0, priority=2, status=SUCCESSFUL, repositoryInfo=RepositoryInfo[repositoryName=short43acf76b02bc1044b80938509d14043fabdetstexc-localciintstudent1, repositoryType=user, triggeredByPushTo=user, assignmentRepositoryUri=http://localhost:49152/git/SHORT43ACF76B02BC1044B80938509D14043FABDETSTEXC/short43acf76b02bc1044b80938509d14043fabdetstexc-localciintstudent1.git, testRepositoryUri=http://localhost:49152/git/SHORT43ACF76B02BC1044B80938509D14043FABDETSTEXC/short43acf76b02bc1044b80938509d14043fabdetstexc-tests.git, solutionRepositoryUri=null, auxiliaryRepositoryUris=[Ljava.lang.String;@17fbdf3d, auxiliaryRepositoryCheckoutDirectories=[Ljava.lang.String;@1d828cf0], jobTimingInfo=JobTimingInfo[submissionDate=2025-02-14T23:42:42.326978596Z[Etc/UTC], buildStartDate=2025-02-14T23:42:42.420147010Z[Etc/UTC], buildCompletionDate=2025-02-14T23:42:45.573855829Z[Etc/UTC], estimatedCompletionDate=2025-02-14T23:43:01.420129377Z[Etc/UTC], estimatedDuration=19], buildConfig=BuildConfig[buildScript=#!/bin/bash
cd /var/tmp/testing-dir
chmod +x ./gradlew
./gradlew clean test
, dockerImage=dummy-docker-image:latest, commitHashToBuild=a9c717ccf7bcbe9531d3eee21dbaeb5aab2ff971, assignmentCommitHash=a9c717ccf7bcbe9531d3eee21dbaeb5aab2ff971, testCommitHash=a9c717ccf7bcbe9531d3eee21dbaeb5aab2ff971, branch=main, programmingLanguage=JAVA, projectType=PLAIN_GRADLE, scaEnabled=false, sequentialTestRunsEnabled=false, resultPaths=[/var/tmp/testing-dir/**/test-results/test/*.xml], timeoutSeconds=0, assignmentCheckoutPath=null, testCheckoutPath=null, solutionCheckoutPath=null, dockerRunConfig=DockerRunConfig[isNetworkDisabled=true, env=[key=value]]], submissionResult=ResultDTO[id=132, completionDate=2025-02-14T23:42:45.519869118Z[Etc/UTC], successful=false, score=7.7, rated=true, submission=SubmissionDTO[id=119, submitted=true, type=MANUAL, exampleSubmission=null, submissionDate=2025-02-14T23:42:42.302762Z, commitHash=a9c717ccf7bcbe9531d3eee21dbaeb5aab2ff971, buildFailed=false, buildArtifact=false, participation=ParticipationDTO[id=462, testRun=false, type=programming, submissionCount=null, exercise=ParticipationExerciseDTO[id=298, exerciseType=PROGRAMMING, type=programming, assessmentType=AUTOMATIC, dueDate=2025-02-16T23:42:41.553955Z, assessmentDueDate=null, maxPoints=42.0, course=CourseDTO[id=147, accuracyOfScores=1]]], submissionExerciseType=programming, isProcessing=false, buildStartDate=null, estimatedCompletionDate=null], participation=ParticipationDTO[id=462, testRun=false, type=programming, submissionCount=null, exercise=ParticipationExerciseDTO[id=298, exerciseType=PROGRAMMING, type=programming, assessmentType=AUTOMATIC, dueDate=2025-02-16T23:42:41.553955Z, assessmentDueDate=null, maxPoints=42.0, course=CourseDTO[id=147, accuracyOfScores=1]]], feedbacks=[FeedbackDTO[id=67, text=null, detailText=The exercise expects a class with the name Context in the package testpackage. You did not implement the class in the exercise., hasLongFeedbackText=false, reference=null, credits=0.0, positive=false, type=AUTOMATIC, visibility=ALWAYS, testCase=TestCaseDTO[testName=null, id=13]], FeedbackDTO[id=68, text=null, detailText=The exercise expects a class with the name Policy in the package testpackage. You did not implement the class in the exercise., hasLongFeedbackText=false, reference=null, credits=0.0, positive=false, type=AUTOMATIC, visibility=ALWAYS, testCase=TestCaseDTO[testName=null, id=14]], FeedbackDTO[id=69, text=null, detailText=The exercise expects a class with the name SortStrategy in the package testpackage. You did not implement the class in the exercise., hasLongFeedbackText=false, reference=null, credits=0.0, positive=false, type=AUTOMATIC, visibility=ALWAYS, testCase=TestCaseDTO[testName=null, id=15]], FeedbackDTO[id=70, text=null, detailText=The class 'MergeSort' does not implement the interface 'SortStrategy' as expected. Implement the interface and its methods., hasLongFeedbackText=false, reference=null, credits=0.0, positive=false, type=AUTOMATIC, visibility=ALWAYS, testCase=TestCaseDTO[testName=null, id=10]], FeedbackDTO[id=71, text=null, detailText=The exercise expects a class with the name SortStrategy in the package testpackage. You did not implement the class in the exercise., hasLongFeedbackText=false, reference=null, credits=0.0, positive=false, type=AUTOMATIC, visibility=ALWAYS, testCase=TestCaseDTO[testName=null, id=7]], FeedbackDTO[id=72, text=null, detailText=The class 'BubbleSort' does not implement the interface 'SortStrategy' as expected. Implement the interface and its methods., hasLongFeedbackText=false, reference=null, credits=0.0, positive=false, type=AUTOMATIC, visibility=ALWAYS, testCase=TestCaseDTO[testName=null, id=11]], FeedbackDTO[id=73, text=null, detailText=MergeSort does not sort correctly, hasLongFeedbackText=false, reference=null, credits=0.0, positive=false, type=AUTOMATIC, visibility=ALWAYS, testCase=TestCaseDTO[testName=null, id=16]], FeedbackDTO[id=74, text=null, detailText=The class 'Context' was not found within the submission. Make sure to implement it properly., hasLongFeedbackText=false, reference=null, credits=0.0, positive=false, type=AUTOMATIC, visibility=ALWAYS, testCase=TestCaseDTO[testName=null, id=17]], FeedbackDTO[id=75, text=null, detailText=The class 'Context' was not found within the submission. Make sure to implement it properly., hasLongFeedbackText=false, reference=null, credits=0.0, positive=false, type=AUTOMATIC, visibility=ALWAYS, testCase=TestCaseDTO[testName=null, id=18]], FeedbackDTO[id=76, text=null, detailText=The exercise expects a class with the name Policy in the package testpackage. You did not implement the class in the exercise., hasLongFeedbackText=false, reference=null, credits=0.0, positive=false, type=AUTOMATIC, visibility=ALWAYS, testCase=TestCaseDTO[testName=null, id=12]], FeedbackDTO[id=77, text=null, detailText=The exercise expects a class with the name Context in the package testpackage. You did not implement the class in the exercise., hasLongFeedbackText=false, reference=null, credits=0.0, positive=false, type=AUTOMATIC, visibility=ALWAYS, testCase=TestCaseDTO[testName=null, id=8]], FeedbackDTO[id=78, text=null, detailText=The exercise expects a class with the name Policy in the package testpackage. You did not implement the class in the exercise., hasLongFeedbackText=false, reference=null, credits=0.0, positive=false, type=AUTOMATIC, visibility=ALWAYS, testCase=TestCaseDTO[testName=null, id=9]], FeedbackDTO[id=79, text=null, detailText=null, hasLongFeedbackText=false, reference=null, credits=3.230769230769231, positive=true, type=AUTOMATIC, visibility=ALWAYS, testCase=TestCaseDTO[testName=null, id=19]]], assessmentType=AUTOMATIC, hasComplaint=null, exampleResult=null, testCaseCount=13, passedTestCaseCount=1, codeIssueCount=0]], BuildJobQueueItem[id=4651739576569330, name=SHORTB06DD3F905F4604F6E085260D83ED657A6DFTSTEXC-LOCALCIINTSTUDENT1, buildAgent=BuildAgentDTO[name=artemis-build-agent-test, memberAddress=[127.0.0.1]:5703, displayName=artemis-build-agent-test], participationId=465, courseId=148, exerciseId=299, retryCount=0, priority=2, status=SUCCESSFUL, repositoryInfo=RepositoryInfo[repositoryName=shortb06dd3f905f4604f6e085260d83ed657a6dftstexc-localciintstudent1, repositoryType=user, triggeredByPushTo=user, assignmentRepositoryUri=http://localhost:49152/git/SHORTB06DD3F905F4604F6E085260D83ED657A6DFTSTEXC/shortb06dd3f905f4604f6e085260d83ed657a6dftstexc-localciintstudent1.git, testRepositoryUri=http://localhost:49152/git/SHORTB06DD3F905F4604F6E085260D83ED657A6DFTSTEXC/shortb06dd3f905f4604f6e085260d83ed657a6dftstexc-tests.git, solutionRepositoryUri=null, auxiliaryRepositoryUris=[Ljava.lang.String;@29ec69b8, auxiliaryRepositoryCheckoutDirectories=[Ljava.lang.String;@49fb0a73], jobTimingInfo=JobTimingInfo[submissionDate=2025-02-14T23:42:49.330093960Z[Etc/UTC], buildStartDate=2025-02-14T23:42:49.347797345Z[Etc/UTC], buildCompletionDate=2025-02-14T23:42:51.204319751Z[Etc/UTC], estimatedCompletionDate=2025-02-14T23:43:08.347788449Z[Etc/UTC], estimatedDuration=19], buildConfig=BuildConfig[buildScript=#!/bin/bash
cd /var/tmp/testing-dir
chmod +x ./gradlew
./gradlew clean test
, dockerImage=dummy-docker-image:latest, commitHashToBuild=41581fff25954d36cf07586926ee0c77d1003131, assignmentCommitHash=41581fff25954d36cf07586926ee0c77d1003131, testCommitHash=41581fff25954d36cf07586926ee0c77d1003131, branch=main, programmingLanguage=JAVA, projectType=PLAIN_GRADLE, scaEnabled=false, sequentialTestRunsEnabled=false, resultPaths=[/var/tmp/testing-dir/**/test-results/test/*.xml], timeoutSeconds=0, assignmentCheckoutPath=null, testCheckoutPath=null, solutionCheckoutPath=null, dockerRunConfig=null], submissionResult=ResultDTO[id=133, completionDate=2025-02-14T23:42:51.155372920Z[Etc/UTC], successful=false, score=7.7, rated=true, submission=SubmissionDTO[id=120, submitted=true, type=MANUAL, exampleSubmission=null, submissionDate=2025-02-14T23:42:49.321855Z, commitHash=41581fff25954d36cf07586926ee0c77d1003131, buildFailed=false, buildArtifact=false, participation=ParticipationDTO[id=465, testRun=false, type=programming, submissionCount=null, exercise=ParticipationExerciseDTO[id=299, exerciseType=PROGRAMMING, type=programming, assessmentType=AUTOMATIC, dueDate=2025-02-16T23:42:49.163661Z, assessmentDueDate=null, maxPoints=42.0, course=CourseDTO[id=148, accuracyOfScores=1]]], submissionExerciseType=programming, isProcessing=false, buildStartDate=null, estimatedCompletionDate=null], participation=ParticipationDTO[id=465, testRun=false, type=programming, submissionCount=null, exercise=ParticipationExerciseDTO[id=299, exerciseType=PROGRAMMING, type=programming, assessmentType=AUTOMATIC, dueDate=2025-02-16T23:42:49.163661Z, assessmentDueDate=null, maxPoints=42.0, course=CourseDTO[id=148, accuracyOfScores=1]]], feedbacks=[FeedbackDTO[id=80, text=null, detailText=The exercise expects a class with the name Context in the package testpackage. You did not implement the class in the exercise., hasLongFeedbackText=false, reference=null, credits=0.0, positive=false, type=AUTOMATIC, visibility=ALWAYS, testCase=TestCaseDTO[testName=null, id=26]], FeedbackDTO[id=81, text=null, detailText=The exercise expects a class with the name Policy in the package testpackage. You did not implement the class in the exercise., hasLongFeedbackText=false, reference=null, credits=0.0, positive=false, type=AUTOMATIC, visibility=ALWAYS, testCase=TestCaseDTO[testName=null, id=27]], FeedbackDTO[id=82, text=null, detailText=The exercise expects a class with the name SortStrategy in the package testpackage. You did not implement the class in the exercise., hasLongFeedbackText=false, reference=null, credits=0.0, positive=false, type=AUTOMATIC, visibility=ALWAYS, testCase=TestCaseDTO[testName=null, id=28]], FeedbackDTO[id=83, text=null, detailText=The class 'MergeSort' does not implement the interface 'SortStrategy' as expected. Implement the interface and its methods., hasLongFeedbackText=false, reference=null, credits=0.0, positive=false, type=AUTOMATIC, visibility=ALWAYS, testCase=TestCaseDTO[testName=null, id=23]], FeedbackDTO[id=84, text=null, detailText=The exercise expects a class with the name SortStrategy in the package testpackage. You did not implement the class in the exercise., hasLongFeedbackText=false, reference=null, credits=0.0, positive=false, type=AUTOMATIC, visibility=ALWAYS, testCase=TestCaseDTO[testName=null, id=20]], FeedbackDTO[id=85, text=null, detailText=The class 'BubbleSort' does not implement the interface 'SortStrategy' as expected. Implement the interface and its methods., hasLongFeedbackText=false, reference=null, credits=0.0, positive=false, type=AUTOMATIC, visibility=ALWAYS, testCase=TestCaseDTO[testName=null, id=24]], FeedbackDTO[id=86, text=null, detailText=MergeSort does not sort correctly, hasLongFeedbackText=false, reference=null, credits=0.0, positive=false, type=AUTOMATIC, visibility=ALWAYS, testCase=TestCaseDTO[testName=null, id=29]], FeedbackDTO[id=87, text=null, detailText=The class 'Context' was not found within the submission. Make sure to implement it properly., hasLongFeedbackText=false, reference=null, credits=0.0, positive=false, type=AUTOMATIC, visibility=ALWAYS, testCase=TestCaseDTO[testName=null, id=30]], FeedbackDTO[id=88, text=null, detailText=The class 'Context' was not found within the submission. Make sure to implement it properly., hasLongFeedbackText=false, reference=null, credits=0.0, positive=false, type=AUTOMATIC, visibility=ALWAYS, testCase=TestCaseDTO[testName=null, id=31]], FeedbackDTO[id=89, text=null, detailText=The exercise expects a class with the name Policy in the package testpackage. You did not implement the class in the exercise., hasLongFeedbackText=false, reference=null, credits=0.0, positive=false, type=AUTOMATIC, visibility=ALWAYS, testCase=TestCaseDTO[testName=null, id=25]], FeedbackDTO[id=90, text=null, detailText=The exercise expects a class with the name Context in the package testpackage. You did not implement the class in the exercise., hasLongFeedbackText=false, reference=null, credits=0.0, positive=false, type=AUTOMATIC, visibility=ALWAYS, testCase=TestCaseDTO[testName=null, id=21]], FeedbackDTO[id=91, text=null, detailText=The exercise expects a class with the name Policy in the package testpackage. You did not implement the class in the exercise., hasLongFeedbackText=false, reference=null, credits=0.0, positive=false, type=AUTOMATIC, visibility=ALWAYS, testCase=TestCaseDTO[testName=null, id=22]], FeedbackDTO[id=92, text=null, detailText=null, hasLongFeedbackText=false, reference=null, credits=3.230769230769231, positive=true, type=AUTOMATIC, visibility=ALWAYS, testCase=TestCaseDTO[testName=null, id=32]]], assessmentType=AUTOMATIC, hasComplaint=null, exampleResult=null, testCaseCount=13, passedTestCaseCount=1, codeIssueCount=0]], BuildJobQueueItem[id=4681739576573068, name=SHORTBCF65534040390488B0A46605F5F3776B89ATSTEXC-LOCALCIINTSTUDENT1, buildAgent=BuildAgentDTO[name=artemis-build-agent-test, memberAddress=[127.0.0.1]:5703, displayName=artemis-build-agent-test], participationId=468, courseId=149, exerciseId=300, retryCount=0, priority=2, status=SUCCESSFUL, repositoryInfo=RepositoryInfo[repositoryName=shortbcf65534040390488b0a46605f5f3776b89atstexc-localciintstudent1, repositoryType=user, triggeredByPushTo=user, assignmentRepositoryUri=http://localhost:49152/git/SHORTBCF65534040390488B0A46605F5F3776B89ATSTEXC/shortbcf65534040390488b0a46605f5f3776b89atstexc-localciintstudent1.git, testRepositoryUri=http://localhost:49152/git/SHORTBCF65534040390488B0A46605F5F3776B89ATSTEXC/shortbcf65534040390488b0a46605f5f3776b89atstexc-tests.git, solutionRepositoryUri=null, auxiliaryRepositoryUris=[Ljava.lang.String;@b02646, auxiliaryRepositoryCheckoutDirectories=[Ljava.lang.String;@9dcdfac], jobTimingInfo=JobTimingInfo[submissionDate=2025-02-14T23:42:53.068019209Z[Etc/UTC], buildStartDate=2025-02-14T23:42:53.092867394Z[Etc/UTC], buildCompletionDate=2025-02-14T23:42:55.086950323Z[Etc/UTC], estimatedCompletionDate=2025-02-14T23:43:12.092858828Z[Etc/UTC], estimatedDuration=19], buildConfig=BuildConfig[buildScript=#!/bin/bash
cd /var/tmp/testing-dir
chmod +x ./gradlew
./gradlew clean test
, dockerImage=dummy-docker-image:latest, commitHashToBuild=2d5c0482fc77d3f5ec0841962528a43054e83170, assignmentCommitHash=2d5c0482fc77d3f5ec0841962528a43054e83170, testCommitHash=7477e25d56ce5fee2c938542a7e7ed4ed085d373, branch=main, programmingLanguage=JAVA, projectType=PLAIN_GRADLE, scaEnabled=false, sequentialTestRunsEnabled=false, resultPaths=[/var/tmp/testing-dir/**/test-results/test/*.xml], timeoutSeconds=0, assignmentCheckoutPath=null, testCheckoutPath=null, solutionCheckoutPath=null, dockerRunConfig=null], submissionResult=ResultDTO[id=134, completionDate=2025-02-14T23:42:55.059618627Z[Etc/UTC], successful=false, score=7.7, rated=true, submission=SubmissionDTO[id=121, submitted=true, type=MANUAL, exampleSubmission=null, submissionDate=2025-02-14T23:42:53.048221Z, commitHash=2d5c0482fc77d3f5ec0841962528a43054e83170, buildFailed=false, buildArtifact=false, participation=ParticipationDTO[id=468, testRun=false, type=programming, submissionCount=null, exercise=ParticipationExerciseDTO[id=300, exerciseType=PROGRAMMING, type=programming, assessmentType=AUTOMATIC, dueDate=2025-02-16T23:42:52.873722Z, assessmentDueDate=null, maxPoints=42.0, course=CourseDTO[id=149, accuracyOfScores=1]]], submissionExerciseType=programming, isProcessing=false, buildStartDate=null, estimatedCompletionDate=null], participation=ParticipationDTO[id=468, testRun=false, type=programming, submissionCount=null, exercise=ParticipationExerciseDTO[id=300, exerciseType=PROGRAMMING, type=programming, assessmentType=AUTOMATIC, dueDate=2025-02-16T23:42:52.873722Z, assessmentDueDate=null, maxPoints=42.0, course=CourseDTO[id=149, accuracyOfScores=1]]], feedbacks=[FeedbackDTO[id=93, text=null, detailText=The exercise expects a class with the name Context in the package testpackage. You did not implement the class in the exercise., hasLongFeedbackText=false, reference=null, credits=0.0, positive=false, type=AUTOMATIC, visibility=ALWAYS, testCase=TestCaseDTO[testName=null, id=39]], FeedbackDTO[id=94, text=null, detailText=The exercise expects a class with the name Policy in the package testpackage. You did not implement the class in the exercise., hasLongFeedbackText=false, reference=null, credits=0.0, positive=false, type=AUTOMATIC, visibility=ALWAYS, testCase=TestCaseDTO[testName=null, id=40]], FeedbackDTO[id=95, text=null, detailText=The exercise expects a class with the name SortStrategy in the package testpackage. You did not implement the class in the exercise., hasLongFeedbackText=false, reference=null, credits=0.0, positive=false, type=AUTOMATIC, visibility=ALWAYS, testCase=TestCaseDTO[testName=null, id=41]], FeedbackDTO[id=96, text=null, detailText=The class 'MergeSort' does not implement the interface 'SortStrategy' as expected. Implement the interface and its methods., hasLongFeedbackText=false, reference=null, credits=0.0, positive=false, type=AUTOMATIC, visibility=ALWAYS, testCase=TestCaseDTO[testName=null, id=36]], FeedbackDTO[id=97, text=null, detailText=The exercise expects a class with the name SortStrategy in the package testpackage. You did not implement the class in the exercise., hasLongFeedbackText=false, reference=null, credits=0.0, positive=false, type=AUTOMATIC, visibility=ALWAYS, testCase=TestCaseDTO[testName=null, id=33]], FeedbackDTO[id=98, text=null, detailText=The class 'BubbleSort' does not implement the interface 'SortStrategy' as expected. Implement the interface and its methods., hasLongFeedbackText=false, reference=null, credits=0.0, positive=false, type=AUTOMATIC, visibility=ALWAYS, testCase=TestCaseDTO[testName=null, id=37]], FeedbackDTO[id=99, text=null, detailText=MergeSort does not sort correctly, hasLongFeedbackText=false, reference=null, credits=0.0, positive=false, type=AUTOMATIC, visibility=ALWAYS, testCase=TestCaseDTO[testName=null, id=42]], FeedbackDTO[id=100, text=null, detailText=The class 'Context' was not found within the submission. Make sure to implement it properly., hasLongFeedbackText=false, reference=null, credits=0.0, positive=false, type=AUTOMATIC, visibility=ALWAYS, testCase=TestCaseDTO[testName=null, id=43]], FeedbackDTO[id=101, text=null, detailText=The class 'Context' was not found within the submission. Make sure to implement it properly., hasLongFeedbackText=false, reference=null, credits=0.0, positive=false, type=AUTOMATIC, visibility=ALWAYS, testCase=TestCaseDTO[testName=null, id=44]], FeedbackDTO[id=102, text=null, detailText=The exercise expects a class with the name Policy in the package testpackage. You did not implement the class in the exercise., hasLongFeedbackText=false, reference=null, credits=0.0, positive=false, type=AUTOMATIC, visibility=ALWAYS, testCase=TestCaseDTO[testName=null, id=38]], FeedbackDTO[id=103, text=null, detailText=The exercise expects a class with the name Context in the package testpackage. You did not implement the class in the exercise., hasLongFeedbackText=false, reference=null, credits=0.0, positive=false, type=AUTOMATIC, visibility=ALWAYS, testCase=TestCaseDTO[testName=null, id=34]], FeedbackDTO[id=104, text=null, detailText=The exercise expects a class with the name Policy in the package testpackage. You did not implement the class in the exercise., hasLongFeedbackText=false, reference=null, credits=0.0, positive=false, type=AUTOMATIC, visibility=ALWAYS, testCase=TestCaseDTO[testName=null, id=35]], FeedbackDTO[id=105, text=null, detailText=null, hasLongFeedbackText=false, reference=null, credits=3.230769230769231, positive=true, type=AUTOMATIC, visibility=ALWAYS, testCase=TestCaseDTO[testName=null, id=45]]], assessmentType=AUTOMATIC, hasComplaint=null, exampleResult=null, testCaseCount=13, passedTestCaseCount=1, codeIssueCount=0]], BuildJobQueueItem[id=4741739576577297, name=SHORT88A9A223023E2047B709E4A029FA08BCF2CFTSTEXC-LOCALCIINTSTUDENT1, buildAgent=BuildAgentDTO[name=artemis-build-agent-test, memberAddress=[127.0.0.1]:5703, displayName=artemis-build-agent-test], participationId=474, courseId=151, exerciseId=302, retryCount=0, priority=2, status=SUCCESSFUL, repositoryInfo=RepositoryInfo[repositoryName=short88a9a223023e2047b709e4a029fa08bcf2cftstexc-localciintstudent1, repositoryType=user, triggeredByPushTo=user, assignmentRepositoryUri=http://localhost:49152/git/SHORT88A9A223023E2047B709E4A029FA08BCF2CFTSTEXC/short88a9a223023e2047b709e4a029fa08bcf2cftstexc-localciintstudent1.git, testRepositoryUri=http://localhost:49152/git/SHORT88A9A223023E2047B709E4A029FA08BCF2CFTSTEXC/short88a9a223023e2047b709e4a029fa08bcf2cftstexc-tests.git, solutionRepositoryUri=null, auxiliaryRepositoryUris=[Ljava.lang.String;@4337d686, auxiliaryRepositoryCheckoutDirectories=[Ljava.lang.String;@528ee401], jobTimingInfo=JobTimingInfo[submissionDate=2025-02-14T23:42:57.297342281Z[Etc/UTC], buildStartDate=2025-02-14T23:42:57.308570327Z[Etc/UTC], buildCompletionDate=2025-02-14T23:42:59.047616654Z[Etc/UTC], estimatedCompletionDate=2025-02-14T23:43:16.308558064Z[Etc/UTC], estimatedDuration=19], buildConfig=BuildConfig[buildScript=#!/bin/bash
cd /var/tmp/testing-dir
chmod +x ./gradlew
./gradlew clean test
, dockerImage=dummy-docker-image:latest, commitHashToBuild=736cbea1e46d6849b41266b2bf1cccd3b9ea55b1, assignmentCommitHash=736cbea1e46d6849b41266b2bf1cccd3b9ea55b1, testCommitHash=ea6267edd396a304305339b036512b63e0374c66, branch=main, programmingLanguage=JAVA, projectType=PLAIN_GRADLE, scaEnabled=false, sequentialTestRunsEnabled=false, resultPaths=[/var/tmp/testing-dir/**/test-results/test/*.xml], timeoutSeconds=0, assignmentCheckoutPath=null, testCheckoutPath=null, solutionCheckoutPath=null, dockerRunConfig=null], submissionResult=ResultDTO[id=135, completionDate=2025-02-14T23:42:59.014168821Z[Etc/UTC], successful=false, score=7.7, rated=true, submission=SubmissionDTO[id=123, submitted=true, type=MANUAL, exampleSubmission=null, submissionDate=2025-02-14T23:42:57.278471Z, commitHash=736cbea1e46d6849b41266b2bf1cccd3b9ea55b1, buildFailed=false, buildArtifact=false, participation=ParticipationDTO[id=474, testRun=false, type=programming, submissionCount=null, exercise=ParticipationExerciseDTO[id=302, exerciseType=PROGRAMMING, type=programming, assessmentType=AUTOMATIC, dueDate=2025-02-16T23:42:56.796251Z, assessmentDueDate=null, maxPoints=42.0, course=CourseDTO[id=151, accuracyOfScores=1]]], submissionExerciseType=programming, isProcessing=false, buildStartDate=null, estimatedCompletionDate=null], participation=ParticipationDTO[id=474, testRun=false, type=programming, submissionCount=null, exercise=ParticipationExerciseDTO[id=302, exerciseType=PROGRAMMING, type=programming, assessmentType=AUTOMATIC, dueDate=2025-02-16T23:42:56.796251Z, assessmentDueDate=null, maxPoints=42.0, course=CourseDTO[id=151, accuracyOfScores=1]]], feedbacks=[FeedbackDTO[id=106, text=null, detailText=The exercise expects a class with the name Context in the package testpackage. You did not implement the class in the exercise., hasLongFeedbackText=false, reference=null, credits=0.0, positive=false, type=AUTOMATIC, visibility=ALWAYS, testCase=TestCaseDTO[testName=null, id=65]], FeedbackDTO[id=107, text=null, detailText=The exercise expects a class with the name Policy in the package testpackage. You did not implement the class in the exercise., hasLongFeedbackText=false, reference=null, credits=0.0, positive=false, type=AUTOMATIC, visibility=ALWAYS, testCase=TestCaseDTO[testName=null, id=66]], FeedbackDTO[id=108, text=null, detailText=The exercise expects a class with the name SortStrategy in the package testpackage. You did not implement the class in the exercise., hasLongFeedbackText=false, reference=null, credits=0.0, positive=false, type=AUTOMATIC, visibility=ALWAYS, testCase=TestCaseDTO[testName=null, id=67]], FeedbackDTO[id=109, text=null, detailText=The class 'MergeSort' does not implement the interface 'SortStrategy' as expected. Implement the interface and its methods., hasLongFeedbackText=false, reference=null, credits=0.0, positive=false, type=AUTOMATIC, visibility=ALWAYS, testCase=TestCaseDTO[testName=null, id=62]], FeedbackDTO[id=110, text=null, detailText=The exercise expects a class with the name SortStrategy in the package testpackage. You did not implement the class in the exercise., hasLongFeedbackText=false, reference=null, credits=0.0, positive=false, type=AUTOMATIC, visibility=ALWAYS, testCase=TestCaseDTO[testName=null, id=59]], FeedbackDTO[id=111, text=null, detailText=The class 'BubbleSort' does not implement the interface 'SortStrategy' as expected. Implement the interface and its methods., hasLongFeedbackText=false, reference=null, credits=0.0, positive=false, type=AUTOMATIC, visibility=ALWAYS, testCase=TestCaseDTO[testName=null, id=63]], FeedbackDTO[id=112, text=null, detailText=MergeSort does not sort correctly, hasLongFeedbackText=false, reference=null, credits=0.0, positive=false, type=AUTOMATIC, visibility=ALWAYS, testCase=TestCaseDTO[testName=null, id=68]], FeedbackDTO[id=113, text=null, detailText=The class 'Context' was not found within the submission. Make sure to implement it properly., hasLongFeedbackText=false, reference=null, credits=0.0, positive=false, type=AUTOMATIC, visibility=ALWAYS, testCase=TestCaseDTO[testName=null, id=69]], FeedbackDTO[id=114, text=null, detailText=The class 'Context' was not found within the submission. Make sure to implement it properly., hasLongFeedbackText=false, reference=null, credits=0.0, positive=false, type=AUTOMATIC, visibility=ALWAYS, testCase=TestCaseDTO[testName=null, id=70]], FeedbackDTO[id=115, text=null, detailText=The exercise expects a class with the name Policy in the package testpackage. You did not implement the class in the exercise., hasLongFeedbackText=false, reference=null, credits=0.0, positive=false, type=AUTOMATIC, visibility=ALWAYS, testCase=TestCaseDTO[testName=null, id=64]], FeedbackDTO[id=116, text=null, detailText=The exercise expects a class with the name Context in the package testpackage. You did not implement the class in the exercise., hasLongFeedbackText=false, reference=null, credits=0.0, positive=false, type=AUTOMATIC, visibility=ALWAYS, testCase=TestCaseDTO[testName=null, id=60]], FeedbackDTO[id=117, text=null, detailText=The exercise expects a class with the name Policy in the package testpackage. You did not implement the class in the exercise., hasLongFeedbackText=false, reference=null, credits=0.0, positive=false, type=AUTOMATIC, visibility=ALWAYS, testCase=TestCaseDTO[testName=null, id=61]], FeedbackDTO[id=118, text=null, detailText=null, hasLongFeedbackText=false, reference=null, credits=3.230769230769231, positive=true, type=AUTOMATIC, visibility=ALWAYS, testCase=TestCaseDTO[testName=null, id=71]]], assessmentType=AUTOMATIC, hasComplaint=null, exampleResult=null, testCaseCount=13, passedTestCaseCount=1, codeIssueCount=0]], BuildJobQueueItem[id=4771739576580898, name=SHORT51E611E30D6B60466F0B8BA0AA97F58888C2TSTEXC-LOCALCIINTSTUDENT1, buildAgent=BuildAgentDTO[name=artemis-build-agent-test, memberAddress=[127.0.0.1]:5703, displayName=artemis-build-agent-test], participationId=477, courseId=152, exerciseId=303, retryCount=0, priority=2, status=SUCCESSFUL, repositoryInfo=RepositoryInfo[repositoryName=short51e611e30d6b60466f0b8ba0aa97f58888c2tstexc-localciintstudent1, repositoryType=user, triggeredByPushTo=user, assignmentRepositoryUri=http://localhost:49152/git/SHORT51E611E30D6B60466F0B8BA0AA97F58888C2TSTEXC/short51e611e30d6b60466f0b8ba0aa97f58888c2tstexc-localciintstudent1.git, testRepositoryUri=http://localhost:49152/git/SHORT51E611E30D6B60466F0B8BA0AA97F58888C2TSTEXC/short51e611e30d6b60466f0b8ba0aa97f58888c2tstexc-tests.git, solutionRepositoryUri=null, auxiliaryRepositoryUris=[Ljava.lang.String;@530d7a00, auxiliaryRepositoryCheckoutDirectories=[Ljava.lang.String;@3cc3ee72], jobTimingInfo=JobTimingInfo[submissionDate=2025-02-14T23:43:00.898532688Z[Etc/UTC], buildStartDate=2025-02-14T23:43:00.905733056Z[Etc/UTC], buildCompletionDate=2025-02-14T23:43:02.692768910Z[Etc/UTC], estimatedCompletionDate=2025-02-14T23:43:19.905720463Z[Etc/UTC], estimatedDuration=19], buildConfig=BuildConfig[buildScript=#!/bin/bash
cd /var/tmp/testing-dir
chmod +x ./gradlew
./gradlew clean test
, dockerImage=dummy-docker-image:latest, commitHashToBuild=8f3057cbd462f5e3de4e6ba85115f60d8dbb5aea, assignmentCommitHash=8f3057cbd462f5e3de4e6ba85115f60d8dbb5aea, testCommitHash=8f3057cbd462f5e3de4e6ba85115f60d8dbb5aea, branch=main, programmingLanguage=JAVA, projectType=PLAIN_GRADLE, scaEnabled=true, sequentialTestRunsEnabled=false, resultPaths=[/var/tmp/testing-dir/**/test-results/test/*.xml], timeoutSeconds=0, assignmentCheckoutPath=null, testCheckoutPath=null, solutionCheckoutPath=null, dockerRunConfig=null], submissionResult=ResultDTO[id=136, completionDate=2025-02-14T23:43:02.637820510Z[Etc/UTC], successful=false, score=7.7, rated=true, submission=SubmissionDTO[id=124, submitted=true, type=MANUAL, exampleSubmission=null, submissionDate=2025-02-14T23:43:00.886601Z, commitHash=8f3057cbd462f5e3de4e6ba85115f60d8dbb5aea, buildFailed=false, buildArtifact=false, participation=ParticipationDTO[id=477, testRun=false, type=programming, submissionCount=null, exercise=ParticipationExerciseDTO[id=303, exerciseType=PROGRAMMING, type=programming, assessmentType=AUTOMATIC, dueDate=2025-02-16T23:43:00.631824Z, assessmentDueDate=null, maxPoints=42.0, course=CourseDTO[id=152, accuracyOfScores=1]]], submissionExerciseType=programming, isProcessing=false, buildStartDate=null, estimatedCompletionDate=null], participation=ParticipationDTO[id=477, testRun=false, type=programming, submissionCount=null, exercise=ParticipationExerciseDTO[id=303, exerciseType=PROGRAMMING, type=programming, assessmentType=AUTOMATIC, dueDate=2025-02-16T23:43:00.631824Z, assessmentDueDate=null, maxPoints=42.0, course=CourseDTO[id=152, accuracyOfScores=1]]], feedbacks=[FeedbackDTO[id=119, text=null, detailText=The exercise expects a class with the name Context in the package testpackage. You did not implement the class in the exercise., hasLongFeedbackText=false, reference=null, credits=0.0, positive=false, type=AUTOMATIC, visibility=ALWAYS, testCase=TestCaseDTO[testName=null, id=78]], FeedbackDTO[id=120, text=null, detailText=The exercise expects a class with the name Policy in the package testpackage. You did not implement the class in the exercise., hasLongFeedbackText=false, reference=null, credits=0.0, positive=false, type=AUTOMATIC, visibility=ALWAYS, testCase=TestCaseDTO[testName=null, id=79]], FeedbackDTO[id=121, text=null, detailText=The exercise expects a class with the name SortStrategy in the package testpackage. You did not implement the class in the exercise., hasLongFeedbackText=false, reference=null, credits=0.0, positive=false, type=AUTOMATIC, visibility=ALWAYS, testCase=TestCaseDTO[testName=null, id=80]], FeedbackDTO[id=122, text=null, detailText=The class 'MergeSort' does not implement the interface 'SortStrategy' as expected. Implement the interface and its methods., hasLongFeedbackText=false, reference=null, credits=0.0, positive=false, type=AUTOMATIC, visibility=ALWAYS, testCase=TestCaseDTO[testName=null, id=75]], FeedbackDTO[id=123, text=null, detailText=The exercise expects a class with the name SortStrategy in the package testpackage. You did not implement the class in the exercise., hasLongFeedbackText=false, reference=null, credits=0.0, positive=false, type=AUTOMATIC, visibility=ALWAYS, testCase=TestCaseDTO[testName=null, id=72]], FeedbackDTO[id=124, text=null, detailText=The class 'BubbleSort' does not implement the interface 'SortStrategy' as expected. Implement the interface and its methods., hasLongFeedbackText=false, reference=null, credits=0.0, positive=false, type=AUTOMATIC, visibility=ALWAYS, testCase=TestCaseDTO[testName=null, id=76]], FeedbackDTO[id=125, text=null, detailText=MergeSort does not sort correctly, hasLongFeedbackText=false, reference=null, credits=0.0, positive=false, type=AUTOMATIC, visibility=ALWAYS, testCase=TestCaseDTO[testName=null, id=81]], FeedbackDTO[id=126, text=null, detailText=The class 'Context' was not found within the submission. Make sure to implement it properly., hasLongFeedbackText=false, reference=null, credits=0.0, positive=false, type=AUTOMATIC, visibility=ALWAYS, testCase=TestCaseDTO[testName=null, id=82]], FeedbackDTO[id=127, text=null, detailText=The class 'Context' was not found within the submission. Make sure to implement it properly., hasLongFeedbackText=false, reference=null, credits=0.0, positive=false, type=AUTOMATIC, visibility=ALWAYS, testCase=TestCaseDTO[testName=null, id=83]], FeedbackDTO[id=128, text=null, detailText=The exercise expects a class with the name Policy in the package testpackage. You did not implement the class in the exercise., hasLongFeedbackText=false, reference=null, credits=0.0, positive=false, type=AUTOMATIC, visibility=ALWAYS, testCase=TestCaseDTO[testName=null, id=77]], FeedbackDTO[id=129, text=null, detailText=The exercise expects a class with the name Context in the package testpackage. You did not implement the class in the exercise., hasLongFeedbackText=false, reference=null, credits=0.0, positive=false, type=AUTOMATIC, visibility=ALWAYS, testCase=TestCaseDTO[testName=null, id=73]], FeedbackDTO[id=130, text=null, detailText=The exercise expects a class with the name Policy in the package testpackage. You did not implement the class in the exercise., hasLongFeedbackText=false, reference=null, credits=0.0, positive=false, type=AUTOMATIC, visibility=ALWAYS, testCase=TestCaseDTO[testName=null, id=74]], FeedbackDTO[id=131, text=null, detailText=null, hasLongFeedbackText=false, reference=null, credits=3.230769230769231, positive=true, type=AUTOMATIC, visibility=ALWAYS, testCase=TestCaseDTO[testName=null, id=84]], FeedbackDTO[id=132, text=SCAFeedbackIdentifier:Bad Practice, detailText={"filePath":"src/code/Client.java","startLine":6,"endLine":6,"startColumn":1,"endColumn":26,"rule":"UnusedImports","category":"Best Practices","message":"Avoid unused imports such as 'javax.swing.JFrame'","priority":"4"}, hasLongFeedbackText=false, reference=PMD, credits=0.0, positive=false, type=AUTOMATIC, visibility=null, testCase=null], FeedbackDTO[id=133, text=SCAFeedbackIdentifier:Code Style, detailText={"filePath":"src/code/Client.java","startLine":7,"endLine":7,"startColumn":1,"endColumn":19,"rule":"DontImportJavaLang","category":"Code Style","message":"Avoid importing anything from the package java.lang","priority":"4"}, hasLongFeedbackText=false, reference=PMD, credits=0.0, positive=false, type=AUTOMATIC, visibility=null, testCase=null], FeedbackDTO[id=134, text=SCAFeedbackIdentifier:Bad Practice, detailText={"filePath":"src/code/Client.java","startLine":7,"endLine":7,"startColumn":1,"endColumn":19,"rule":"UnusedImports","category":"Best Practices","message":"Avoid unused imports such as 'java.lang'","priority":"4"}, hasLongFeedbackText=false, reference=PMD, credits=0.0, positive=false, type=AUTOMATIC, visibility=null, testCase=null], FeedbackDTO[id=135, text=SCAFeedbackIdentifier:Bad Practice, detailText={"filePath":"src/code/Client.java","startLine":73,"endLine":73,"startColumn":18,"endColumn":27,"rule":"UnusedLocalVariable","category":"Best Practices","message":"Avoid unused local variables such as 'randomDate'.","priority":"3"}, hasLongFeedbackText=false, reference=PMD, credits=0.0, positive=false, type=AUTOMATIC, visibility=null, testCase=null], FeedbackDTO[id=136, text=SCAFeedbackIdentifier:Bad Practice, detailText={"filePath":"src/code/Client.java","startLine":81,"endLine":81,"startColumn":31,"endColumn":53,"rule":"UnusedPrivateMethod","category":"Best Practices","message":"Avoid unused private methods such as 'CreateRandomDatesList()'.","priority":"3"}, hasLongFeedbackText=false, reference=PMD, credits=0.0, positive=false, type=AUTOMATIC, visibility=null, testCase=null], FeedbackDTO[id=137, text=SCAFeedbackIdentifier:Potential Bugs, detailText={"filePath":"src/code/Client.java","startLine":94,"endLine":94,"startColumn":9,"endColumn":9,"rule":"EmptyStatementNotInLoop","category":"Error Prone","message":"An empty statement (semicolon) not part of a loop","priority":"3"}, hasLongFeedbackText=false, reference=PMD, credits=0.0, positive=false, type=AUTOMATIC, visibility=null, testCase=null], FeedbackDTO[id=138, text=SCAFeedbackIdentifier:Potential Bugs, detailText={"filePath":"src/code/Client.java","startLine":94,"endLine":94,"startColumn":10,"endColumn":10,"rule":"EmptyStatementNotInLoop","category":"Error Prone","message":"An empty statement (semicolon) not part of a loop","priority":"3"}, hasLongFeedbackText=false, reference=PMD, credits=0.0, positive=false, type=AUTOMATIC, visibility=null, testCase=null], FeedbackDTO[id=139, text=SCAFeedbackIdentifier:Potential Bugs, detailText={"filePath":"src/code/Client.java","startLine":94,"endLine":94,"startColumn":11,"endColumn":11,"rule":"EmptyStatementNotInLoop","category":"Error Prone","message":"An empty statement (semicolon) not part of a loop","priority":"3"}, hasLongFeedbackText=false, reference=PMD, credits=0.0, positive=false, type=AUTOMATIC, visibility=null, testCase=null], FeedbackDTO[id=140, text=SCAFeedbackIdentifier:Code Style, detailText={"filePath":"src/code/Client.java","startLine":73,"endLine":73,"rule":"DLS_DEAD_LOCAL_STORE","category":"STYLE","message":"Dead store to randomDate in code.Client.createRandomDatesList()","priority":"2"}, hasLongFeedbackText=false, reference=SPOTBUGS, credits=0.0, positive=false, type=AUTOMATIC, visibility=null, testCase=null], FeedbackDTO[id=141, text=SCAFeedbackIdentifier:Bad Practice, detailText={"filePath":"src/code/Client.java","startLine":82,"endLine":95,"rule":"NM_METHOD_NAMING_CONVENTION","category":"BAD_PRACTICE","message":"The method name code.Client.CreateRandomDatesList() doesn't start with a lower case letter","priority":"3"}, hasLongFeedbackText=false, reference=SPOTBUGS, credits=0.0, positive=false, type=AUTOMATIC, visibility=null, testCase=null], FeedbackDTO[id=142, text=SCAFeedbackIdentifier:Performance, detailText={"filePath":"src/code/Client.java","startLine":82,"endLine":95,"rule":"UPM_UNCALLED_PRIVATE_METHOD","category":"PERFORMANCE","message":"Private method code.Client.CreateRandomDatesList() is never called","priority":"2"}, hasLongFeedbackText=false, reference=SPOTBUGS, credits=0.0, positive=false, type=AUTOMATIC, visibility=null, testCase=null], FeedbackDTO[id=143, text=SCAFeedbackIdentifier:Code Style, detailText={"filePath":"src/code/Client.java","startLine":70,"endLine":70,"startColumn":9,"endColumn":9,"rule":"NeedBracesCheck","category":"blocks","message":"'for' construct must use '{}'s.","priority":"error"}, hasLongFeedbackText=false, reference=CHECKSTYLE, credits=0.0, positive=false, type=AUTOMATIC, visibility=null, testCase=null], FeedbackDTO[id=144, text=SCAFeedbackIdentifier:Code Style, detailText={"filePath":"src/code/Client.java","startLine":93,"endLine":93,"startColumn":9,"endColumn":9,"rule":"EmptyStatementCheck","category":"coding","message":"Empty statement.","priority":"error"}, hasLongFeedbackText=false, reference=CHECKSTYLE, credits=0.0, positive=false, type=AUTOMATIC, visibility=null, testCase=null], FeedbackDTO[id=145, text=SCAFeedbackIdentifier:Code Style, detailText={"filePath":"src/code/Client.java","startLine":93,"endLine":93,"startColumn":10,"endColumn":10,"rule":"EmptyStatementCheck","category":"coding","message":"Empty statement.","priority":"error"}, hasLongFeedbackText=false, reference=CHECKSTYLE, credits=0.0, positive=false, type=AUTOMATIC, visibility=null, testCase=null], FeedbackDTO[id=146, text=SCAFeedbackIdentifier:Code Style, detailText={"filePath":"src/code/Client.java","startLine":93,"endLine":93,"startColumn":11,"endColumn":11,"rule":"EmptyStatementCheck","category":"coding","message":"Empty statement.","priority":"error"}, hasLongFeedbackText=false, reference=CHECKSTYLE, credits=0.0, positive=false, type=AUTOMATIC, visibility=null, testCase=null]], assessmentType=AUTOMATIC, hasComplaint=null, exampleResult=null, testCaseCount=13, passedTestCaseCount=1, codeIssueCount=15]], BuildJobQueueItem[id=4821739576584632, name=SHORT433BAC4500363044960B6E10DFA0493471B2TSTEXC-LOCALCIINTSTUDENT1, buildAgent=BuildAgentDTO[name=artemis-build-agent-test, memberAddress=[127.0.0.1]:5703, displayName=artemis-build-agent-test], participationId=482, courseId=154, exerciseId=305, retryCount=0, priority=2, status=SUCCESSFUL, repositoryInfo=RepositoryInfo[repositoryName=short433bac4500363044960b6e10dfa0493471b2tstexc-localciintstudent1, repositoryType=user, triggeredByPushTo=user, assignmentRepositoryUri=http://localhost:49152/git/SHORT433BAC4500363044960B6E10DFA0493471B2TSTEXC/short433bac4500363044960b6e10dfa0493471b2tstexc-localciintstudent1.git, testRepositoryUri=http://localhost:49152/git/SHORT433BAC4500363044960B6E10DFA0493471B2TSTEXC/short433bac4500363044960b6e10dfa0493471b2tstexc-tests.git, solutionRepositoryUri=null, auxiliaryRepositoryUris=[Ljava.lang.String;@41bd9c8a, auxiliaryRepositoryCheckoutDirectories=[Ljava.lang.String;@6436d650], jobTimingInfo=JobTimingInfo[submissionDate=2025-02-14T23:43:04.632341258Z[Etc/UTC], buildStartDate=2025-02-14T23:43:04.637633457Z[Etc/UTC], buildCompletionDate=2025-02-14T23:43:06.421238953Z[Etc/UTC], estimatedCompletionDate=2025-02-14T23:43:23.637623879Z[Etc/UTC], estimatedDuration=19], buildConfig=BuildConfig[buildScript=#!/bin/bash
cd /var/tmp/testing-dir
chmod +x ./gradlew
./gradlew clean test
, dockerImage=dummy-docker-image:latest, commitHashToBuild=8355c4f3cd5d3e0443707d3310206e460e333c6f, assignmentCommitHash=8355c4f3cd5d3e0443707d3310206e460e333c6f, testCommitHash=8355c4f3cd5d3e0443707d3310206e460e333c6f, branch=main, programmingLanguage=JAVA, projectType=PLAIN_GRADLE, scaEnabled=false, sequentialTestRunsEnabled=false, resultPaths=[/var/tmp/testing-dir/**/test-results/test/*.xml], timeoutSeconds=0, assignmentCheckoutPath=null, testCheckoutPath=null, solutionCheckoutPath=null, dockerRunConfig=null], submissionResult=ResultDTO[id=137, completionDate=2025-02-14T23:43:06.404877412Z[Etc/UTC], successful=false, score=7.7, rated=true, submission=SubmissionDTO[id=125, submitted=true, type=MANUAL, exampleSubmission=null, submissionDate=2025-02-14T23:43:04.623230Z, commitHash=8355c4f3cd5d3e0443707d3310206e460e333c6f, buildFailed=false, buildArtifact=false, participation=ParticipationDTO[id=482, testRun=false, type=programming, submissionCount=null, exercise=ParticipationExerciseDTO[id=305, exerciseType=PROGRAMMING, type=programming, assessmentType=AUTOMATIC, dueDate=2025-02-16T23:43:04.425734Z, assessmentDueDate=null, maxPoints=42.0, course=CourseDTO[id=154, accuracyOfScores=1]]], submissionExerciseType=programming, isProcessing=false, buildStartDate=null, estimatedCompletionDate=null], participation=ParticipationDTO[id=482, testRun=false, type=programming, submissionCount=null, exercise=ParticipationExerciseDTO[id=305, exerciseType=PROGRAMMING, type=programming, assessmentType=AUTOMATIC, dueDate=2025-02-16T23:43:04.425734Z, assessmentDueDate=null, maxPoints=42.0, course=CourseDTO[id=154, accuracyOfScores=1]]], feedbacks=[FeedbackDTO[id=147, text=null, detailText=The exercise expects a class with the name Context in the package testpackage. You did not implement the class in the exercise., hasLongFeedbackText=false, reference=null, credits=0.0, positive=false, type=AUTOMATIC, visibility=ALWAYS, testCase=TestCaseDTO[testName=null, id=104]], FeedbackDTO[id=148, text=null, detailText=The exercise expects a class with the name Policy in the package testpackage. You did not implement the class in the exercise., hasLongFeedbackText=false, reference=null, credits=0.0, positive=false, type=AUTOMATIC, visibility=ALWAYS, testCase=TestCaseDTO[testName=null, id=105]], FeedbackDTO[id=149, text=null, detailText=The exercise expects a class with the name SortStrategy in the package testpackage. You did not implement the class in the exercise., hasLongFeedbackText=false, reference=null, credits=0.0, positive=false, type=AUTOMATIC, visibility=ALWAYS, testCase=TestCaseDTO[testName=null, id=106]], FeedbackDTO[id=150, text=null, detailText=The class 'MergeSort' does not implement the interface 'SortStrategy' as expected. Implement the interface and its methods., hasLongFeedbackText=false, reference=null, credits=0.0, positive=false, type=AUTOMATIC, visibility=ALWAYS, testCase=TestCaseDTO[testName=null, id=101]], FeedbackDTO[id=151, text=null, detailText=The exercise expects a class with the name SortStrategy in the package testpackage. You did not implement the class in the exercise., hasLongFeedbackText=false, reference=null, credits=0.0, positive=false, type=AUTOMATIC, visibility=ALWAYS, testCase=TestCaseDTO[testName=null, id=98]], FeedbackDTO[id=152, text=null, detailText=The class 'BubbleSort' does not implement the interface 'SortStrategy' as expected. Implement the interface and its methods., hasLongFeedbackText=false, reference=null, credits=0.0, positive=false, type=AUTOMATIC, visibility=ALWAYS, testCase=TestCaseDTO[testName=null, id=102]], FeedbackDTO[id=153, text=null, detailText=MergeSort does not sort correctly, hasLongFeedbackText=false, reference=null, credits=0.0, positive=false, type=AUTOMATIC, visibility=ALWAYS, testCase=TestCaseDTO[testName=null, id=107]], FeedbackDTO[id=154, text=null, detailText=The class 'Context' was not found within the submission. Make sure to implement it properly., hasLongFeedbackText=false, reference=null, credits=0.0, positive=false, type=AUTOMATIC, visibility=ALWAYS, testCase=TestCaseDTO[testName=null, id=108]], FeedbackDTO[id=155, text=null, detailText=The class 'Context' was not found within the submission. Make sure to implement it properly., hasLongFeedbackText=false, reference=null, credits=0.0, positive=false, type=AUTOMATIC, visibility=ALWAYS, testCase=TestCaseDTO[testName=null, id=109]], FeedbackDTO[id=156, text=null, detailText=The exercise expects a class with the name Policy in the package testpackage. You did not implement the class in the exercise., hasLongFeedbackText=false, reference=null, credits=0.0, positive=false, type=AUTOMATIC, visibility=ALWAYS, testCase=TestCaseDTO[testName=null, id=103]], FeedbackDTO[id=157, text=null, detailText=The exercise expects a class with the name Context in the package testpackage. You did not implement the class in the exercise., hasLongFeedbackText=false, reference=null, credits=0.0, positive=false, type=AUTOMATIC, visibility=ALWAYS, testCase=TestCaseDTO[testName=null, id=99]], FeedbackDTO[id=158, text=null, detailText=The exercise expects a class with the name Policy in the package testpackage. You did not implement the class in the exercise., hasLongFeedbackText=false, reference=null, credits=0.0, positive=false, type=AUTOMATIC, visibility=ALWAYS, testCase=TestCaseDTO[testName=null, id=100]], FeedbackDTO[id=159, text=null, detailText=null, hasLongFeedbackText=false, reference=null, credits=3.230769230769231, positive=true, type=AUTOMATIC, visibility=ALWAYS, testCase=TestCaseDTO[testName=null, id=110]]], assessmentType=AUTOMATIC, hasComplaint=null, exampleResult=null, testCaseCount=13, passedTestCaseCount=1, codeIssueCount=0]], BuildJobQueueItem[id=4851739576588371, name=SHORT495D587A0856D04A9E08BC60D2E08365FB9ETSTEXC-LOCALCIINTSTUDENT1, buildAgent=BuildAgentDTO[name=artemis-build-agent-test, memberAddress=[127.0.0.1]:5703, displayName=artemis-build-agent-test], participationId=485, courseId=155, exerciseId=306, retryCount=0, priority=2, status=FAILED, repositoryInfo=RepositoryInfo[repositoryName=short495d587a0856d04a9e08bc60d2e08365fb9etstexc-localciintstudent1, repositoryType=user, triggeredByPushTo=user, assignmentRepositoryUri=http://localhost:49152/git/SHORT495D587A0856D04A9E08BC60D2E08365FB9ETSTEXC/short495d587a0856d04a9e08bc60d2e08365fb9etstexc-localciintstudent1.git, testRepositoryUri=http://localhost:49152/git/SHORT495D587A0856D04A9E08BC60D2E08365FB9ETSTEXC/short495d587a0856d04a9e08bc60d2e08365fb9etstexc-tests.git, solutionRepositoryUri=null, auxiliaryRepositoryUris=[Ljava.lang.String;@5cd37dac, auxiliaryRepositoryCheckoutDirectories=[Ljava.lang.String;@7fc0b83a], jobTimingInfo=JobTimingInfo[submissionDate=2025-02-14T23:43:08.371015915Z[Etc/UTC], buildStartDate=2025-02-14T23:43:08.374658929Z[Etc/UTC], buildCompletionDate=2025-02-14T23:43:09.341007666Z[Etc/UTC], estimatedCompletionDate=2025-02-14T23:43:27.374650503Z[Etc/UTC], estimatedDuration=19], buildConfig=BuildConfig[buildScript=#!/bin/bash
cd /var/tmp/testing-dir
chmod +x ./gradlew
./gradlew clean test
, dockerImage=dummy-docker-image:latest, commitHashToBuild=ebb8aa4dc3625fe07e975266e18313ad871ce864, assignmentCommitHash=9b3a9bd71a0d80e5bbc42204c319ed3d1d4f0d6d, testCommitHash=9b3a9bd71a0d80e5bbc42204c319ed3d1d4f0d6d, branch=main, programmingLanguage=JAVA, projectType=PLAIN_GRADLE, scaEnabled=false, sequentialTestRunsEnabled=false, resultPaths=[/var/tmp/testing-dir/**/test-results/test/*.xml], timeoutSeconds=0, assignmentCheckoutPath=null, testCheckoutPath=null, solutionCheckoutPath=null, dockerRunConfig=null], submissionResult=ResultDTO[id=138, completionDate=2025-02-14T23:43:09.343306574Z[Etc/UTC], successful=false, score=0.0, rated=true, submission=SubmissionDTO[id=127, submitted=true, type=MANUAL, exampleSubmission=null, submissionDate=2025-02-14T23:43:09.343306574Z[Etc/UTC], commitHash=9b3a9bd71a0d80e5bbc42204c319ed3d1d4f0d6d, buildFailed=true, buildArtifact=false, participation=ParticipationDTO[id=485, testRun=false, type=programming, submissionCount=null, exercise=ParticipationExerciseDTO[id=306, exerciseType=PROGRAMMING, type=programming, assessmentType=AUTOMATIC, dueDate=2025-02-16T23:43:08.185273Z, assessmentDueDate=null, maxPoints=42.0, course=CourseDTO[id=155, accuracyOfScores=1]]], submissionExerciseType=programming, isProcessing=false, buildStartDate=null, estimatedCompletionDate=null], participation=ParticipationDTO[id=485, testRun=false, type=programming, submissionCount=null, exercise=ParticipationExerciseDTO[id=306, exerciseType=PROGRAMMING, type=programming, assessmentType=AUTOMATIC, dueDate=2025-02-16T23:43:08.185273Z, assessmentDueDate=null, maxPoints=42.0, course=CourseDTO[id=155, accuracyOfScores=1]]], feedbacks=[], assessmentType=AUTOMATIC, hasComplaint=null, exampleResult=null, testCaseCount=0, passedTestCaseCount=0, codeIssueCount=0]], BuildJobQueueItem[id=4881739576590204, name=SHORT80B5DD0E0D6B304EBB096E9020B949996A1CTSTEXC-LOCALCIINTSTUDENT1, buildAgent=BuildAgentDTO[name=artemis-build-agent-test, memberAddress=[127.0.0.1]:5703, displayName=artemis-build-agent-test], participationId=488, courseId=156, exerciseId=307, retryCount=0, priority=2, status=SUCCESSFUL, repositoryInfo=RepositoryInfo[repositoryName=short80b5dd0e0d6b304ebb096e9020b949996a1ctstexc-localciintstudent1, repositoryType=user, triggeredByPushTo=user, assignmentRepositoryUri=http://localhost:49152/git/SHORT80B5DD0E0D6B304EBB096E9020B949996A1CTSTEXC/short80b5dd0e0d6b304ebb096e9020b949996a1ctstexc-localciintstudent1.git, testRepositoryUri=http://localhost:49152/git/SHORT80B5DD0E0D6B304EBB096E9020B949996A1CTSTEXC/short80b5dd0e0d6b304ebb096e9020b949996a1ctstexc-tests.git, solutionRepositoryUri=null, auxiliaryRepositoryUris=[Ljava.lang.String;@52343284, auxiliaryRepositoryCheckoutDirectories=[Ljava.lang.String;@62eac4], jobTimingInfo=JobTimingInfo[submissionDate=2025-02-14T23:43:10.204264160Z[Etc/UTC], buildStartDate=2025-02-14T23:43:10.223149139Z[Etc/UTC], buildCompletionDate=2025-02-14T23:43:12.086509109Z[Etc/UTC], estimatedCompletionDate=2025-02-14T23:43:29.223142246Z[Etc/UTC], estimatedDuration=19], buildConfig=BuildConfig[buildScript=#!/bin/bash
cd /var/tmp/testing-dir
chmod +x ./gradlew
./gradlew clean test
, dockerImage=dummy-docker-image:latest, commitHashToBuild=b806a93102242552beed7c01b08b2769731814b3, assignmentCommitHash=b806a93102242552beed7c01b08b2769731814b3, testCommitHash=b806a93102242552beed7c01b08b2769731814b3, branch=main, programmingLanguage=JAVA, projectType=PLAIN_GRADLE, scaEnabled=false, sequentialTestRunsEnabled=false, resultPaths=[/var/tmp/testing-dir/**/test-results/test/*.xml], timeoutSeconds=0, assignmentCheckoutPath=null, testCheckoutPath=null, solutionCheckoutPath=null, dockerRunConfig=null], submissionResult=ResultDTO[id=139, completionDate=2025-02-14T23:43:12.066436124Z[Etc/UTC], successful=false, score=0.0, rated=true, submission=SubmissionDTO[id=128, submitted=true, type=MANUAL, exampleSubmission=null, submissionDate=2025-02-14T23:43:10.192407Z, commitHash=b806a93102242552beed7c01b08b2769731814b3, buildFailed=true, buildArtifact=false, participation=ParticipationDTO[id=488, testRun=false, type=programming, submissionCount=null, exercise=ParticipationExerciseDTO[id=307, exerciseType=PROGRAMMING, type=programming, assessmentType=AUTOMATIC, dueDate=2025-02-16T23:43:09.986646Z, assessmentDueDate=null, maxPoints=42.0, course=CourseDTO[id=156, accuracyOfScores=1]]], submissionExerciseType=programming, isProcessing=false, buildStartDate=null, estimatedCompletionDate=null], participation=ParticipationDTO[id=488, testRun=false, type=programming, submissionCount=null, exercise=ParticipationExerciseDTO[id=307, exerciseType=PROGRAMMING, type=programming, assessmentType=AUTOMATIC, dueDate=2025-02-16T23:43:09.986646Z, assessmentDueDate=null, maxPoints=42.0, course=CourseDTO[id=156, accuracyOfScores=1]]], feedbacks=[], assessmentType=AUTOMATIC, hasComplaint=null, exampleResult=null, testCaseCount=0, passedTestCaseCount=0, codeIssueCount=0]], BuildJobQueueItem[id=4911739576593817, name=SHORT585B2198089880462509B3007867E72DFB7ATSTEXC-LOCALCIINTSTUDENT1, buildAgent=BuildAgentDTO[name=artemis-build-agent-test, memberAddress=[127.0.0.1]:5703, displayName=artemis-build-agent-test], participationId=491, courseId=157, exerciseId=308, retryCount=0, priority=2, status=SUCCESSFUL, repositoryInfo=RepositoryInfo[repositoryName=short585b2198089880462509b3007867e72dfb7atstexc-localciintstudent1, repositoryType=user, triggeredByPushTo=user, assignmentRepositoryUri=http://localhost:49152/git/SHORT585B2198089880462509B3007867E72DFB7ATSTEXC/short585b2198089880462509b3007867e72dfb7atstexc-localciintstudent1.git, testRepositoryUri=http://localhost:49152/git/SHORT585B2198089880462509B3007867E72DFB7ATSTEXC/short585b2198089880462509b3007867e72dfb7atstexc-tests.git, solutionRepositoryUri=null, auxiliaryRepositoryUris=[Ljava.lang.String;@479bd979, auxiliaryRepositoryCheckoutDirectories=[Ljava.lang.String;@3d60b8d8], jobTimingInfo=JobTimingInfo[submissionDate=2025-02-14T23:43:13.817124706Z[Etc/UTC], buildStartDate=2025-02-14T23:43:13.834335931Z[Etc/UTC], buildCompletionDate=2025-02-14T23:43:15.746259139Z[Etc/UTC], estimatedCompletionDate=2025-02-14T23:43:32.834326082Z[Etc/UTC], estimatedDuration=19], buildConfig=BuildConfig[buildScript=#!/bin/bash
cd /var/tmp/testing-dir
chmod +x ./gradlew
./gradlew clean test
, dockerImage=dummy-docker-image:latest, commitHashToBuild=42077d078a5d5042fe2d4bd8299a990d342fce6e, assignmentCommitHash=42077d078a5d5042fe2d4bd8299a990d342fce6e, testCommitHash=42077d078a5d5042fe2d4bd8299a990d342fce6e, branch=main, programmingLanguage=JAVA, projectType=PLAIN_GRADLE, scaEnabled=false, sequentialTestRunsEnabled=false, resultPaths=[/var/tmp/testing-dir/**/test-results/test/*.xml], timeoutSeconds=0, assignmentCheckoutPath=null, testCheckoutPath=null, solutionCheckoutPath=null, dockerRunConfig=null], submissionResult=ResultDTO[id=140, completionDate=2025-02-14T23:43:15.725343914Z[Etc/UTC], successful=false, score=0.0, rated=true, submission=SubmissionDTO[id=129, submitted=true, type=MANUAL, exampleSubmission=null, submissionDate=2025-02-14T23:43:13.805401Z, commitHash=42077d078a5d5042fe2d4bd8299a990d342fce6e, buildFailed=false, buildArtifact=false, participation=ParticipationDTO[id=491, testRun=false, type=programming, submissionCount=null, exercise=ParticipationExerciseDTO[id=308, exerciseType=PROGRAMMING, type=programming, assessmentType=AUTOMATIC, dueDate=2025-02-16T23:43:13.569213Z, assessmentDueDate=null, maxPoints=42.0, course=CourseDTO[id=157, accuracyOfScores=1]]], submissionExerciseType=programming, isProcessing=false, buildStartDate=null, estimatedCompletionDate=null], participation=ParticipationDTO[id=491, testRun=false, type=programming, submissionCount=null, exercise=ParticipationExerciseDTO[id=308, exerciseType=PROGRAMMING, type=programming, assessmentType=AUTOMATIC, dueDate=2025-02-16T23:43:13.569213Z, assessmentDueDate=null, maxPoints=42.0, course=CourseDTO[id=157, accuracyOfScores=1]]], feedbacks=[FeedbackDTO[id=160, text=null, detailText=Deine Einreichung enthält keine Ausgabe. (67cac2), hasLongFeedbackText=false, reference=null, credits=0.0, positive=false, type=AUTOMATIC, visibility=ALWAYS, testCase=TestCaseDTO[testName=null, id=146]], FeedbackDTO[id=161, text=null, detailText=test `add` failed on ≥ 1 cases:
(0, 0)
Your submission raised an error Failure("TODO add"), hasLongFeedbackText=false, reference=null, credits=0.0, positive=false, type=AUTOMATIC, visibility=ALWAYS, testCase=TestCaseDTO[testName=null, id=149]], FeedbackDTO[id=162, text=null, detailText=test `filter` failed on ≥ 1 cases:
(even, [1; 2; 3; 4])
Your submission raised an error Failure("TODO filter"), hasLongFeedbackText=false, reference=null, credits=0.0, positive=false, type=AUTOMATIC, visibility=ALWAYS, testCase=TestCaseDTO[testName=null, id=148]], FeedbackDTO[id=163, text=null, detailText=Test was not executed., hasLongFeedbackText=false, reference=null, credits=0.0, positive=null, type=AUTOMATIC, visibility=null, testCase=TestCaseDTO[testName=null, id=137]], FeedbackDTO[id=164, text=null, detailText=Test was not executed., hasLongFeedbackText=false, reference=null, credits=0.0, positive=null, type=AUTOMATIC, visibility=null, testCase=TestCaseDTO[testName=null, id=138]], FeedbackDTO[id=165, text=null, detailText=Test was not executed., hasLongFeedbackText=false, reference=null, credits=0.0, positive=null, type=AUTOMATIC, visibility=null, testCase=TestCaseDTO[testName=null, id=139]], FeedbackDTO[id=166, text=null, detailText=Test was not executed., hasLongFeedbackText=false, reference=null, credits=0.0, positive=null, type=AUTOMATIC, visibility=null, testCase=TestCaseDTO[testName=null, id=140]], FeedbackDTO[id=167, text=null, detailText=Test was not executed., hasLongFeedbackText=false, reference=null, credits=0.0, positive=null, type=AUTOMATIC, visibility=null, testCase=TestCaseDTO[testName=null, id=141]], FeedbackDTO[id=168, text=null, detailText=Test was not executed., hasLongFeedbackText=false, reference=null, credits=0.0, positive=null, type=AUTOMATIC, visibility=null, testCase=TestCaseDTO[testName=null, id=142]], FeedbackDTO[id=169, text=null, detailText=Test was not executed., hasLongFeedbackText=false, reference=null, credits=0.0, positive=null, type=AUTOMATIC, visibility=null, testCase=TestCaseDTO[testName=null, id=143]], FeedbackDTO[id=170, text=null, detailText=Test was not executed., hasLongFeedbackText=false, reference=null, credits=0.0, positive=null, type=AUTOMATIC, visibility=null, testCase=TestCaseDTO[testName=null, id=144]], FeedbackDTO[id=171, text=null, detailText=Test was not executed., hasLongFeedbackText=false, reference=null, credits=0.0, positive=null, type=AUTOMATIC, visibility=null, testCase=TestCaseDTO[testName=null, id=145]], FeedbackDTO[id=172, text=null, detailText=Test was not executed., hasLongFeedbackText=false, reference=null, credits=0.0, positive=null, type=AUTOMATIC, visibility=null, testCase=TestCaseDTO[testName=null, id=147]]], assessmentType=AUTOMATIC, hasComplaint=null, exampleResult=null, testCaseCount=13, passedTestCaseCount=0, codeIssueCount=0]], BuildJobQueueItem[id=4941739576597286, name=SHORTFBCBD7BF0E6EB0451A080E80FCB407DC1F12TSTEXC-LOCALCIINTSTUDENT1, buildAgent=BuildAgentDTO[name=artemis-build-agent-test, memberAddress=[127.0.0.1]:5703, displayName=artemis-build-agent-test], participationId=494, courseId=158, exerciseId=309, retryCount=0, priority=2, status=SUCCESSFUL, repositoryInfo=RepositoryInfo[repositoryName=shortfbcbd7bf0e6eb0451a080e80fcb407dc1f12tstexc-localciintstudent1, repositoryType=user, triggeredByPushTo=user, assignmentRepositoryUri=http://localhost:49152/git/SHORTFBCBD7BF0E6EB0451A080E80FCB407DC1F12TSTEXC/shortfbcbd7bf0e6eb0451a080e80fcb407dc1f12tstexc-localciintstudent1.git, testRepositoryUri=http://localhost:49152/git/SHORTFBCBD7BF0E6EB0451A080E80FCB407DC1F12TSTEXC/shortfbcbd7bf0e6eb0451a080e80fcb407dc1f12tstexc-tests.git, solutionRepositoryUri=null, auxiliaryRepositoryUris=[Ljava.lang.String;@4e331de2, auxiliaryRepositoryCheckoutDirectories=[Ljava.lang.String;@5990ea2a], jobTimingInfo=JobTimingInfo[submissionDate=2025-02-14T23:43:17.286977233Z[Etc/UTC], buildStartDate=2025-02-14T23:43:17.293977347Z[Etc/UTC], buildCompletionDate=2025-02-14T23:43:18.740990762Z[Etc/UTC], estimatedCompletionDate=2025-02-14T23:43:36.293970494Z[Etc/UTC], estimatedDuration=19], buildConfig=BuildConfig[buildScript=#!/bin/bash
cd /var/tmp/testing-dir
chmod +x ./gradlew
./gradlew clean test
, dockerImage=dummy-docker-image:latest, commitHashToBuild=4a1af7e8a64e6505c5fc09b9f81ea41af9fcff44, assignmentCommitHash=4a1af7e8a64e6505c5fc09b9f81ea41af9fcff44, testCommitHash=4a1af7e8a64e6505c5fc09b9f81ea41af9fcff44, branch=main, programmingLanguage=JAVA, projectType=PLAIN_GRADLE, scaEnabled=false, sequentialTestRunsEnabled=false, resultPaths=[/var/tmp/testing-dir/**/test-results/test/*.xml], timeoutSeconds=0, assignmentCheckoutPath=null, testCheckoutPath=null, solutionCheckoutPath=null, dockerRunConfig=null], submissionResult=ResultDTO[id=141, completionDate=2025-02-14T23:43:18.729015138Z[Etc/UTC], successful=false, score=0.0, rated=true, submission=SubmissionDTO[id=130, submitted=true, type=MANUAL, exampleSubmission=null, submissionDate=2025-02-14T23:43:17.272936Z, commitHash=4a1af7e8a64e6505c5fc09b9f81ea41af9fcff44, buildFailed=true, buildArtifact=false, participation=ParticipationDTO[id=494, testRun=false, type=programming, submissionCount=null, exercise=ParticipationExerciseDTO[id=309, exerciseType=PROGRAMMING, type=programming, assessmentType=AUTOMATIC, dueDate=2025-02-16T23:43:17.147218Z, assessmentDueDate=null, maxPoints=42.0, course=CourseDTO[id=158, accuracyOfScores=1]]], submissionExerciseType=programming, isProcessing=false, buildStartDate=null, estimatedCompletionDate=null], participation=ParticipationDTO[id=494, testRun=false, type=programming, submissionCount=null, exercise=ParticipationExerciseDTO[id=309, exerciseType=PROGRAMMING, type=programming, assessmentType=AUTOMATIC, dueDate=2025-02-16T23:43:17.147218Z, assessmentDueDate=null, maxPoints=42.0, course=CourseDTO[id=158, accuracyOfScores=1]]], feedbacks=[], assessmentType=AUTOMATIC, hasComplaint=null, exampleResult=null, testCaseCount=0, passedTestCaseCount=0, codeIssueCount=0]], BuildJobQueueItem[id=4971739576599269, name=SHORT52AD57270517204728083260501A19D262D1TSTEXC-LOCALCIINTSTUDENT1, buildAgent=BuildAgentDTO[name=artemis-build-agent-test, memberAddress=[127.0.0.1]:5703, displayName=artemis-build-agent-test], participationId=497, courseId=159, exerciseId=310, retryCount=0, priority=2, status=SUCCESSFUL, repositoryInfo=RepositoryInfo[repositoryName=short52ad57270517204728083260501a19d262d1tstexc-localciintstudent1, repositoryType=user, triggeredByPushTo=user, assignmentRepositoryUri=http://localhost:49152/git/SHORT52AD57270517204728083260501A19D262D1TSTEXC/short52ad57270517204728083260501a19d262d1tstexc-localciintstudent1.git, testRepositoryUri=http://localhost:49152/git/SHORT52AD57270517204728083260501A19D262D1TSTEXC/short52ad57270517204728083260501a19d262d1tstexc-tests.git, solutionRepositoryUri=null, auxiliaryRepositoryUris=[Ljava.lang.String;@4059b070, auxiliaryRepositoryCheckoutDirectories=[Ljava.lang.String;@784766db], jobTimingInfo=JobTimingInfo[submissionDate=2025-02-14T23:43:19.269997499Z[Etc/UTC], buildStartDate=2025-02-14T23:43:19.277325895Z[Etc/UTC], buildCompletionDate=2025-02-14T23:43:20.497391524Z[Etc/UTC], estimatedCompletionDate=2025-02-14T23:43:38.277310787Z[Etc/UTC], estimatedDuration=19], buildConfig=BuildConfig[buildScript=#!/bin/bash
cd /var/tmp/testing-dir
chmod +x ./gradlew
./gradlew clean test
, dockerImage=dummy-docker-image:latest, commitHashToBuild=9f4f76247a188e9a0f3516a9fbd60e829d53fb05, assignmentCommitHash=9f4f76247a188e9a0f3516a9fbd60e829d53fb05, testCommitHash=9f4f76247a188e9a0f3516a9fbd60e829d53fb05, branch=main, programmingLanguage=JAVA, projectType=PLAIN_GRADLE, scaEnabled=false, sequentialTestRunsEnabled=false, resultPaths=[/var/tmp/testing-dir/**/test-results/test/*.xml], timeoutSeconds=0, assignmentCheckoutPath=null, testCheckoutPath=null, solutionCheckoutPath=null, dockerRunConfig=null], submissionResult=ResultDTO[id=142, completionDate=2025-02-14T23:43:20.484244187Z[Etc/UTC], successful=false, score=7.7, rated=true, submission=SubmissionDTO[id=131, submitted=true, type=MANUAL, exampleSubmission=null, submissionDate=2025-02-14T23:43:19.265464Z, commitHash=9f4f76247a188e9a0f3516a9fbd60e829d53fb05, buildFailed=false, buildArtifact=false, participation=ParticipationDTO[id=497, testRun=false, type=programming, submissionCount=null, exercise=ParticipationExerciseDTO[id=310, exerciseType=PROGRAMMING, type=programming, assessmentType=AUTOMATIC, dueDate=2025-02-16T23:43:19.182228Z, assessmentDueDate=null, maxPoints=42.0, course=CourseDTO[id=159, accuracyOfScores=1]]], submissionExerciseType=programming, isProcessing=false, buildStartDate=null, estimatedCompletionDate=null], participation=ParticipationDTO[id=497, testRun=false, type=programming, submissionCount=null, exercise=ParticipationExerciseDTO[id=310, exerciseType=PROGRAMMING, type=programming, assessmentType=AUTOMATIC, dueDate=2025-02-16T23:43:19.182228Z, assessmentDueDate=null, maxPoints=42.0, course=CourseDTO[id=159, accuracyOfScores=1]]], feedbacks=[FeedbackDTO[id=173, text=null, detailText=The exercise expects a class with the name Context in the package testpackage. You did not implement the class in the exercise., hasLongFeedbackText=false, reference=null, credits=0.0, positive=false, type=AUTOMATIC, visibility=ALWAYS, testCase=TestCaseDTO[testName=null, id=169]], FeedbackDTO[id=174, text=null, detailText=The exercise expects a class with the name Policy in the package testpackage. You did not implement the class in the exercise., hasLongFeedbackText=false, reference=null, credits=0.0, positive=false, type=AUTOMATIC, visibility=ALWAYS, testCase=TestCaseDTO[testName=null, id=170]], FeedbackDTO[id=175, text=null, detailText=The exercise expects a class with the name SortStrategy in the package testpackage. You did not implement the class in the exercise., hasLongFeedbackText=false, reference=null, credits=0.0, positive=false, type=AUTOMATIC, visibility=ALWAYS, testCase=TestCaseDTO[testName=null, id=171]], FeedbackDTO[id=176, text=null, detailText=The class 'MergeSort' does not implement the interface 'SortStrategy' as expected. Implement the interface and its methods., hasLongFeedbackText=false, reference=null, credits=0.0, positive=false, type=AUTOMATIC, visibility=ALWAYS, testCase=TestCaseDTO[testName=null, id=166]], FeedbackDTO[id=177, text=null, detailText=The exercise expects a class with the name SortStrategy in the package testpackage. You did not implement the class in the exercise., hasLongFeedbackText=false, reference=null, credits=0.0, positive=false, type=AUTOMATIC, visibility=ALWAYS, testCase=TestCaseDTO[testName=null, id=163]], FeedbackDTO[id=178, text=null, detailText=The class 'BubbleSort' does not implement the interface 'SortStrategy' as expected. Implement the interface and its methods., hasLongFeedbackText=false, reference=null, credits=0.0, positive=false, type=AUTOMATIC, visibility=ALWAYS, testCase=TestCaseDTO[testName=null, id=167]], FeedbackDTO[id=179, text=null, detailText=MergeSort does not sort correctly, hasLongFeedbackText=false, reference=null, credits=0.0, positive=false, type=AUTOMATIC, visibility=ALWAYS, testCase=TestCaseDTO[testName=null, id=172]], FeedbackDTO[id=180, text=null, detailText=The class 'Context' was not found within the submission. Make sure to implement it properly., hasLongFeedbackText=false, reference=null, credits=0.0, positive=false, type=AUTOMATIC, visibility=ALWAYS, testCase=TestCaseDTO[testName=null, id=173]], FeedbackDTO[id=181, text=null, detailText=The class 'Context' was not found within the submission. Make sure to implement it properly., hasLongFeedbackText=false, reference=null, credits=0.0, positive=false, type=AUTOMATIC, visibility=ALWAYS, testCase=TestCaseDTO[testName=null, id=174]], FeedbackDTO[id=182, text=null, detailText=The exercise expects a class with the name Policy in the package testpackage. You did not implement the class in the exercise., hasLongFeedbackText=false, reference=null, credits=0.0, positive=false, type=AUTOMATIC, visibility=ALWAYS, testCase=TestCaseDTO[testName=null, id=168]], FeedbackDTO[id=183, text=null, detailText=The exercise expects a class with the name Context in the package testpackage. You did not implement the class in the exercise., hasLongFeedbackText=false, reference=null, credits=0.0, positive=false, type=AUTOMATIC, visibility=ALWAYS, testCase=TestCaseDTO[testName=null, id=164]], FeedbackDTO[id=184, text=null, detailText=The exercise expects a class with the name Policy in the package testpackage. You did not implement the class in the exercise., hasLongFeedbackText=false, reference=null, credits=0.0, positive=false, type=AUTOMATIC, visibility=ALWAYS, testCase=TestCaseDTO[testName=null, id=165]], FeedbackDTO[id=185, text=null, detailText=null, hasLongFeedbackText=false, reference=null, credits=3.230769230769231, positive=true, type=AUTOMATIC, visibility=ALWAYS, testCase=TestCaseDTO[testName=null, id=175]]], assessmentType=AUTOMATIC, hasComplaint=null, exampleResult=null, testCaseCount=13, passedTestCaseCount=1, codeIssueCount=0]], BuildJobQueueItem[id=5001739576601035, name=SHORT582B1BDC0A17704D6D0A46800FC19163DA47TSTEXC-LOCALCIINTSTUDENT1, buildAgent=BuildAgentDTO[name=artemis-build-agent-test, memberAddress=[127.0.0.1]:5703, displayName=artemis-build-agent-test], participationId=500, courseId=160, exerciseId=311, retryCount=0, priority=2, status=SUCCESSFUL, repositoryInfo=RepositoryInfo[repositoryName=short582b1bdc0a17704d6d0a46800fc19163da47tstexc-localciintstudent1, repositoryType=user, triggeredByPushTo=user, assignmentRepositoryUri=http://localhost:49152/git/SHORT582B1BDC0A17704D6D0A46800FC19163DA47TSTEXC/short582b1bdc0a17704d6d0a46800fc19163da47tstexc-localciintstudent1.git, testRepositoryUri=http://localhost:49152/git/SHORT582B1BDC0A17704D6D0A46800FC19163DA47TSTEXC/short582b1bdc0a17704d6d0a46800fc19163da47tstexc-tests.git, solutionRepositoryUri=null, auxiliaryRepositoryUris=[Ljava.lang.String;@2e4da83c, auxiliaryRepositoryCheckoutDirectories=[Ljava.lang.String;@70d2d665], jobTimingInfo=JobTimingInfo[submissionDate=2025-02-14T23:43:21.035120760Z[Etc/UTC], buildStartDate=2025-02-14T23:43:21.040320383Z[Etc/UTC], buildCompletionDate=2025-02-14T23:43:22.581236903Z[Etc/UTC], estimatedCompletionDate=2025-02-14T23:43:40.040312057Z[Etc/UTC], estimatedDuration=19], buildConfig=BuildConfig[buildScript=#!/bin/bash
cd /var/tmp/testing-dir
chmod +x ./gradlew
./gradlew clean test
, dockerImage=dummy-docker-image:latest, commitHashToBuild=887566cf754016f986627cf5c5c365dea16c907f, assignmentCommitHash=887566cf754016f986627cf5c5c365dea16c907f, testCommitHash=6af67146332066e7430917928a4b9b81c43b7c71, branch=main, programmingLanguage=JAVA, projectType=PLAIN_GRADLE, scaEnabled=false, sequentialTestRunsEnabled=false, resultPaths=[/var/tmp/testing-dir/**/test-results/test/*.xml], timeoutSeconds=0, assignmentCheckoutPath=customAssignmentPath, testCheckoutPath=null, solutionCheckoutPath=null, dockerRunConfig=null], submissionResult=ResultDTO[id=143, completionDate=2025-02-14T23:43:22.538158998Z[Etc/UTC], successful=false, score=7.7, rated=true, submission=SubmissionDTO[id=132, submitted=true, type=MANUAL, exampleSubmission=null, submissionDate=2025-02-14T23:43:21.028930Z, commitHash=887566cf754016f986627cf5c5c365dea16c907f, buildFailed=false, buildArtifact=false, participation=ParticipationDTO[id=500, testRun=false, type=programming, submissionCount=null, exercise=ParticipationExerciseDTO[id=311, exerciseType=PROGRAMMING, type=programming, assessmentType=AUTOMATIC, dueDate=2025-02-16T23:43:20.897280Z, assessmentDueDate=null, maxPoints=42.0, course=CourseDTO[id=160, accuracyOfScores=1]]], submissionExerciseType=programming, isProcessing=false, buildStartDate=null, estimatedCompletionDate=null], participation=ParticipationDTO[id=500, testRun=false, type=programming, submissionCount=null, exercise=ParticipationExerciseDTO[id=311, exerciseType=PROGRAMMING, type=programming, assessmentType=AUTOMATIC, dueDate=2025-02-16T23:43:20.897280Z, assessmentDueDate=null, maxPoints=42.0, course=CourseDTO[id=160, accuracyOfScores=1]]], feedbacks=[FeedbackDTO[id=186, text=null, detailText=The exercise expects a class with the name Context in the package testpackage. You did not implement the class in the exercise., hasLongFeedbackText=false, reference=null, credits=0.0, positive=false, type=AUTOMATIC, visibility=ALWAYS, testCase=TestCaseDTO[testName=null, id=182]], FeedbackDTO[id=187, text=null, detailText=The exercise expects a class with the name Policy in the package testpackage. You did not implement the class in the exercise., hasLongFeedbackText=false, reference=null, credits=0.0, positive=false, type=AUTOMATIC, visibility=ALWAYS, testCase=TestCaseDTO[testName=null, id=183]], FeedbackDTO[id=188, text=null, detailText=The exercise expects a class with the name SortStrategy in the package testpackage. You did not implement the class in the exercise., hasLongFeedbackText=false, reference=null, credits=0.0, positive=false, type=AUTOMATIC, visibility=ALWAYS, testCase=TestCaseDTO[testName=null, id=184]], FeedbackDTO[id=189, text=null, detailText=The class 'MergeSort' does not implement the interface 'SortStrategy' as expected. Implement the interface and its methods., hasLongFeedbackText=false, reference=null, credits=0.0, positive=false, type=AUTOMATIC, visibility=ALWAYS, testCase=TestCaseDTO[testName=null, id=179]], FeedbackDTO[id=190, text=null, detailText=The exercise expects a class with the name SortStrategy in the package testpackage. You did not implement the class in the exercise., hasLongFeedbackText=false, reference=null, credits=0.0, positive=false, type=AUTOMATIC, visibility=ALWAYS, testCase=TestCaseDTO[testName=null, id=176]], FeedbackDTO[id=191, text=null, detailText=The class 'BubbleSort' does not implement the interface 'SortStrategy' as expected. Implement the interface and its methods., hasLongFeedbackText=false, reference=null, credits=0.0, positive=false, type=AUTOMATIC, visibility=ALWAYS, testCase=TestCaseDTO[testName=null, id=180]], FeedbackDTO[id=192, text=null, detailText=MergeSort does not sort correctly, hasLongFeedbackText=false, reference=null, credits=0.0, positive=false, type=AUTOMATIC, visibility=ALWAYS, testCase=TestCaseDTO[testName=null, id=185]], FeedbackDTO[id=193, text=null, detailText=The class 'Context' was not found within the submission. Make sure to implement it properly., hasLongFeedbackText=false, reference=null, credits=0.0, positive=false, type=AUTOMATIC, visibility=ALWAYS, testCase=TestCaseDTO[testName=null, id=186]], FeedbackDTO[id=194, text=null, detailText=The class 'Context' was not found within the submission. Make sure to implement it properly., hasLongFeedbackText=false, reference=null, credits=0.0, positive=false, type=AUTOMATIC, visibility=ALWAYS, testCase=TestCaseDTO[testName=null, id=187]], FeedbackDTO[id=195, text=null, detailText=The exercise expects a class with the name Policy in the package testpackage. You did not implement the class in the exercise., hasLongFeedbackText=false, reference=null, credits=0.0, positive=false, type=AUTOMATIC, visibility=ALWAYS, testCase=TestCaseDTO[testName=null, id=181]], FeedbackDTO[id=196, text=null, detailText=The exercise expects a class with the name Context in the package testpackage. You did not implement the class in the exercise., hasLongFeedbackText=false, reference=null, credits=0.0, positive=false, type=AUTOMATIC, visibility=ALWAYS, testCase=TestCaseDTO[testName=null, id=177]], FeedbackDTO[id=197, text=null, detailText=The exercise expects a class with the name Policy in the package testpackage. You did not implement the class in the exercise., hasLongFeedbackText=false, reference=null, credits=0.0, positive=false, type=AUTOMATIC, visibility=ALWAYS, testCase=TestCaseDTO[testName=null, id=178]], FeedbackDTO[id=198, text=null, detailText=null, hasLongFeedbackText=false, reference=null, credits=3.230769230769231, positive=true, type=AUTOMATIC, visibility=ALWAYS, testCase=TestCaseDTO[testName=null, id=188]]], assessmentType=AUTOMATIC, hasComplaint=null, exampleResult=null, testCaseCount=13, passedTestCaseCount=1, codeIssueCount=0]], BuildJobQueueItem[id=5031739576604847, name=SHORT00FA1A240403404C7E097D7007C591BE2AB1TSTEXC-LOCALCIINTSTUDENT1, buildAgent=BuildAgentDTO[name=artemis-build-agent-test, memberAddress=[127.0.0.1]:5703, displayName=artemis-build-agent-test], participationId=503, courseId=161, exerciseId=312, retryCount=0, priority=2, status=FAILED, repositoryInfo=RepositoryInfo[repositoryName=short00fa1a240403404c7e097d7007c591be2ab1tstexc-localciintstudent1, repositoryType=user, triggeredByPushTo=user, assignmentRepositoryUri=http://localhost:49152/git/SHORT00FA1A240403404C7E097D7007C591BE2AB1TSTEXC/short00fa1a240403404c7e097d7007c591be2ab1tstexc-localciintstudent1.git, testRepositoryUri=http://localhost:49152/git/SHORT00FA1A240403404C7E097D7007C591BE2AB1TSTEXC/short00fa1a240403404c7e097d7007c591be2ab1tstexc-tests.git, solutionRepositoryUri=null, auxiliaryRepositoryUris=[Ljava.lang.String;@7d85323f, auxiliaryRepositoryCheckoutDirectories=[Ljava.lang.String;@3e37e2ea], jobTimingInfo=JobTimingInfo[submissionDate=2025-02-14T23:43:24.847396156Z[Etc/UTC], buildStartDate=2025-02-14T23:43:24.860457211Z[Etc/UTC], buildCompletionDate=2025-02-14T23:43:26.809353681Z[Etc/UTC], estimatedCompletionDate=2025-02-14T23:43:46.860451490Z[Etc/UTC], estimatedDuration=22], buildConfig=BuildConfig[buildScript=#!/bin/bash
cd /var/tmp/testing-dir
chmod +x ./gradlew
./gradlew clean test
, dockerImage=dummy-docker-image:latest, commitHashToBuild=9690714a509af0a98c6790a7e52ee3574c7ef689, assignmentCommitHash=9690714a509af0a98c6790a7e52ee3574c7ef689, testCommitHash=9690714a509af0a98c6790a7e52ee3574c7ef689, branch=main, programmingLanguage=JAVA, projectType=PLAIN_GRADLE, scaEnabled=false, sequentialTestRunsEnabled=false, resultPaths=[/var/tmp/testing-dir/**/test-results/test/*.xml], timeoutSeconds=0, assignmentCheckoutPath=null, testCheckoutPath=null, solutionCheckoutPath=null, dockerRunConfig=null], submissionResult=ResultDTO[id=144, completionDate=2025-02-14T23:43:26.809483684Z[Etc/UTC], successful=false, score=0.0, rated=true, submission=SubmissionDTO[id=133, submitted=true, type=MANUAL, exampleSubmission=null, submissionDate=2025-02-14T23:43:24.841319Z, commitHash=9690714a509af0a98c6790a7e52ee3574c7ef689, buildFailed=true, buildArtifact=false, participation=ParticipationDTO[id=503, testRun=false, type=programming, submissionCount=null, exercise=ParticipationExerciseDTO[id=312, exerciseType=PROGRAMMING, type=programming, assessmentType=AUTOMATIC, dueDate=2025-02-16T23:43:24.571329Z, assessmentDueDate=null, maxPoints=42.0, course=CourseDTO[id=161, accuracyOfScores=1]]], submissionExerciseType=programming, isProcessing=false, buildStartDate=null, estimatedCompletionDate=null], participation=ParticipationDTO[id=503, testRun=false, type=programming, submissionCount=null, exercise=ParticipationExerciseDTO[id=312, exerciseType=PROGRAMMING, type=programming, assessmentType=AUTOMATIC, dueDate=2025-02-16T23:43:24.571329Z, assessmentDueDate=null, maxPoints=42.0, course=CourseDTO[id=161, accuracyOfScores=1]]], feedbacks=[], assessmentType=AUTOMATIC, hasComplaint=null, exampleResult=null, testCaseCount=0, passedTestCaseCount=0, codeIssueCount=0]], BuildJobQueueItem[id=5061739576605250, name=SHORT62C808EE04ECE040740AF7B0CF3AE5F5BEF2TSTEXC-LOCALCIINTSTUDENT1, buildAgent=BuildAgentDTO[name=artemis-build-agent-test, memberAddress=[127.0.0.1]:5703, displayName=artemis-build-agent-test], participationId=506, courseId=162, exerciseId=313, retryCount=0, priority=2, status=SUCCESSFUL, repositoryInfo=RepositoryInfo[repositoryName=short62c808ee04ece040740af7b0cf3ae5f5bef2tstexc-localciintstudent1, repositoryType=user, triggeredByPushTo=user, assignmentRepositoryUri=http://localhost:49152/git/SHORT62C808EE04ECE040740AF7B0CF3AE5F5BEF2TSTEXC/short62c808ee04ece040740af7b0cf3ae5f5bef2tstexc-localciintstudent1.git, testRepositoryUri=http://localhost:49152/git/SHORT62C808EE04ECE040740AF7B0CF3AE5F5BEF2TSTEXC/short62c808ee04ece040740af7b0cf3ae5f5bef2tstexc-tests.git, solutionRepositoryUri=null, auxiliaryRepositoryUris=[Ljava.lang.String;@7d78a158, auxiliaryRepositoryCheckoutDirectories=[Ljava.lang.String;@1bff316c], jobTimingInfo=JobTimingInfo[submissionDate=2025-02-14T23:43:25.250749866Z[Etc/UTC], buildStartDate=2025-02-14T23:43:26.820713075Z[Etc/UTC], buildCompletionDate=2025-02-14T23:43:28.304236378Z[Etc/UTC], estimatedCompletionDate=2025-02-14T23:43:45.820704920Z[Etc/UTC], estimatedDuration=19], buildConfig=BuildConfig[buildScript=#!/bin/bash
cd /var/tmp/testing-dir
chmod +x ./gradlew
./gradlew clean test
, dockerImage=dummy-docker-image:latest, commitHashToBuild=993b6f756e3e52a44d0537d4fa3a5d0e0acdbe89, assignmentCommitHash=993b6f756e3e52a44d0537d4fa3a5d0e0acdbe89, testCommitHash=993b6f756e3e52a44d0537d4fa3a5d0e0acdbe89, branch=main, programmingLanguage=JAVA, projectType=null, scaEnabled=false, sequentialTestRunsEnabled=false, resultPaths=[/var/tmp/testing-dir/**/test-results/test/*.xml], timeoutSeconds=0, assignmentCheckoutPath=null, testCheckoutPath=null, solutionCheckoutPath=null, dockerRunConfig=null], submissionResult=ResultDTO[id=145, completionDate=2025-02-14T23:43:28.269051286Z[Etc/UTC], successful=false, score=7.7, rated=true, submission=SubmissionDTO[id=134, submitted=true, type=MANUAL, exampleSubmission=null, submissionDate=2025-02-14T23:43:25.241685Z, commitHash=993b6f756e3e52a44d0537d4fa3a5d0e0acdbe89, buildFailed=false, buildArtifact=false, participation=ParticipationDTO[id=506, testRun=false, type=programming, submissionCount=null, exercise=ParticipationExerciseDTO[id=313, exerciseType=PROGRAMMING, type=programming, assessmentType=AUTOMATIC, dueDate=2025-02-16T23:43:24.986721Z, assessmentDueDate=null, maxPoints=42.0, course=CourseDTO[id=162, accuracyOfScores=1]]], submissionExerciseType=programming, isProcessing=false, buildStartDate=null, estimatedCompletionDate=null], participation=ParticipationDTO[id=506, testRun=false, type=programming, submissionCount=null, exercise=ParticipationExerciseDTO[id=313, exerciseType=PROGRAMMING, type=programming, assessmentType=AUTOMATIC, dueDate=2025-02-16T23:43:24.986721Z, assessmentDueDate=null, maxPoints=42.0, course=CourseDTO[id=162, accuracyOfScores=1]]], feedbacks=[FeedbackDTO[id=199, text=null, detailText=The exercise expects a class with the name Context in the package testpackage. You did not implement the class in the exercise., hasLongFeedbackText=false, reference=null, credits=0.0, positive=false, type=AUTOMATIC, visibility=ALWAYS, testCase=TestCaseDTO[testName=null, id=208]], FeedbackDTO[id=200, text=null, detailText=The exercise expects a class with the name Policy in the package testpackage. You did not implement the class in the exercise., hasLongFeedbackText=false, reference=null, credits=0.0, positive=false, type=AUTOMATIC, visibility=ALWAYS, testCase=TestCaseDTO[testName=null, id=209]], FeedbackDTO[id=201, text=null, detailText=The exercise expects a class with the name SortStrategy in the package testpackage. You did not implement the class in the exercise., hasLongFeedbackText=false, reference=null, credits=0.0, positive=false, type=AUTOMATIC, visibility=ALWAYS, testCase=TestCaseDTO[testName=null, id=210]], FeedbackDTO[id=202, text=null, detailText=The class 'MergeSort' does not implement the interface 'SortStrategy' as expected. Implement the interface and its methods., hasLongFeedbackText=false, reference=null, credits=0.0, positive=false, type=AUTOMATIC, visibility=ALWAYS, testCase=TestCaseDTO[testName=null, id=205]], FeedbackDTO[id=203, text=null, detailText=The exercise expects a class with the name SortStrategy in the package testpackage. You did not implement the class in the exercise., hasLongFeedbackText=false, reference=null, credits=0.0, positive=false, type=AUTOMATIC, visibility=ALWAYS, testCase=TestCaseDTO[testName=null, id=202]], FeedbackDTO[id=204, text=null, detailText=The class 'BubbleSort' does not implement the interface 'SortStrategy' as expected. Implement the interface and its methods., hasLongFeedbackText=false, reference=null, credits=0.0, positive=false, type=AUTOMATIC, visibility=ALWAYS, testCase=TestCaseDTO[testName=null, id=206]], FeedbackDTO[id=205, text=null, detailText=MergeSort does not sort correctly, hasLongFeedbackText=false, reference=null, credits=0.0, positive=false, type=AUTOMATIC, visibility=ALWAYS, testCase=TestCaseDTO[testName=null, id=211]], FeedbackDTO[id=206, text=null, detailText=The class 'Context' was not found within the submission. Make sure to implement it properly., hasLongFeedbackText=false, reference=null, credits=0.0, positive=false, type=AUTOMATIC, visibility=ALWAYS, testCase=TestCaseDTO[testName=null, id=212]], FeedbackDTO[id=207, text=null, detailText=The class 'Context' was not found within the submission. Make sure to implement it properly., hasLongFeedbackText=false, reference=null, credits=0.0, positive=false, type=AUTOMATIC, visibility=ALWAYS, testCase=TestCaseDTO[testName=null, id=213]], FeedbackDTO[id=208, text=null, detailText=The exercise expects a class with the name Policy in the package testpackage. You did not implement the class in the exercise., hasLongFeedbackText=false, reference=null, credits=0.0, positive=false, type=AUTOMATIC, visibility=ALWAYS, testCase=TestCaseDTO[testName=null, id=207]], FeedbackDTO[id=209, text=null, detailText=The exercise expects a class with the name Context in the package testpackage. You did not implement the class in the exercise., hasLongFeedbackText=false, reference=null, credits=0.0, positive=false, type=AUTOMATIC, visibility=ALWAYS, testCase=TestCaseDTO[testName=null, id=203]], FeedbackDTO[id=210, text=null, detailText=The exercise expects a class with the name Policy in the package testpackage. You did not implement the class in the exercise., hasLongFeedbackText=false, reference=null, credits=0.0, positive=false, type=AUTOMATIC, visibility=ALWAYS, testCase=TestCaseDTO[testName=null, id=204]], FeedbackDTO[id=211, text=null, detailText=null, hasLongFeedbackText=false, reference=null, credits=3.230769230769231, positive=true, type=AUTOMATIC, visibility=ALWAYS, testCase=TestCaseDTO[testName=null, id=214]]], assessmentType=AUTOMATIC, hasComplaint=null, exampleResult=null, testCaseCount=13, passedTestCaseCount=1, codeIssueCount=0]], BuildJobQueueItem[id=5121739576609302, name=SHORT3D739532080B804BC608BDA0F7816DDB4316TSTEXC-LOCALCIINTSTUDENT1, buildAgent=BuildAgentDTO[name=artemis-build-agent-test, memberAddress=[127.0.0.1]:5703, displayName=artemis-build-agent-test], participationId=512, courseId=164, exerciseId=315, retryCount=0, priority=2, status=SUCCESSFUL, repositoryInfo=RepositoryInfo[repositoryName=short3d739532080b804bc608bda0f7816ddb4316tstexc-localciintstudent1, repositoryType=user, triggeredByPushTo=user, assignmentRepositoryUri=http://localhost:49152/git/SHORT3D739532080B804BC608BDA0F7816DDB4316TSTEXC/short3d739532080b804bc608bda0f7816ddb4316tstexc-localciintstudent1.git, testRepositoryUri=http://localhost:49152/git/SHORT3D739532080B804BC608BDA0F7816DDB4316TSTEXC/short3d739532080b804bc608bda0f7816ddb4316tstexc-tests.git, solutionRepositoryUri=null, auxiliaryRepositoryUris=[Ljava.lang.String;@4f3ffce6, auxiliaryRepositoryCheckoutDirectories=[Ljava.lang.String;@4e9e6759], jobTimingInfo=JobTimingInfo[submissionDate=2025-02-14T23:43:29.302618463Z[Etc/UTC], buildStartDate=2025-02-14T23:43:29.307985701Z[Etc/UTC], buildCompletionDate=2025-02-14T23:43:30.717961572Z[Etc/UTC], estimatedCompletionDate=2025-02-14T23:43:48.307979980Z[Etc/UTC], estimatedDuration=19], buildConfig=BuildConfig[buildScript=#!/bin/bash
cd /var/tmp/testing-dir
chmod +x ./gradlew
./gradlew clean test
, dockerImage=dummy-docker-image:latest, commitHashToBuild=71f54bdf5e0f9c98936e24a4638fd2ffcf966edd, assignmentCommitHash=71f54bdf5e0f9c98936e24a4638fd2ffcf966edd, testCommitHash=71f54bdf5e0f9c98936e24a4638fd2ffcf966edd, branch=main, programmingLanguage=JAVA, projectType=PLAIN_GRADLE, scaEnabled=false, sequentialTestRunsEnabled=false, resultPaths=[/var/tmp/testing-dir/**/test-results/test/*.xml], timeoutSeconds=0, assignmentCheckoutPath=null, testCheckoutPath=null, solutionCheckoutPath=null, dockerRunConfig=null], submissionResult=null]], publicSshKey=ssh-rsa AAAAB3NzaC1yc2EAAAADAQABAAACAQCOPdMsxRE2jFJ/UEa5/LsBxtwzJcrh3/rYBCQvcMeVpiRfhzQPWu7mrt/G2Ew+i+vRloGH9aqKg6dd1liRncao53Zmd/ePxoatXePNhmzTfkCkcSkTUz7B+QMjkoDDV5jwuFPD6mF3JkhuzSi64n9Zy905t4w2IhVcjM2mL3eYNjiCXt6Qpq3Pkt7dM/Ksw1nxnvuiIALuJLB3FTkXkHqq3PJav+9HSq2r6ZaWgekneaGxlQlb+U+Vy3XOuArKAzK8c8i+0bR+AHiTG6ncYXt7ax3U+TdlDTF7OLP3umwaYjs1NBXOHwG42pevvpKn2fqavZZozk+M05jXLx3bq0O7itxfErWc7etky8qYPyyIMF/txQIVLd78+Ze4d7Y60t5MGbXM5cGE6fFif5fEJwgswXD+BrG0cafz1CTatjSKFdvp8Vp4VszXhHDan1PrP6JEFJ5Cc5GDmLRZPCFa3vL9f5qXgf4bkqKN8MYeEujwJE5nMRWoiJVNakix2bcrrneQMBlnYeYZVWXXXUusAQBzl4NgddC1umZpihZkL1b1MffZAUW3EGEXi7KHnllQhkTLLsQ8ntMgbylqaJKStqaXlLvdeRJcEnUuiFCrHEVVbXRFZR7XVDZ02CE5o3MuaRPty8Kh+jRTF3COlAckHwYEJCNNJvXFgb2CNXL4mjzYDw== test@localhost]
    23:43:30.738 | 566 localvc.event-13 | DEBUG | a.p.s.l.SharedQueueManagementService : Build agent updated: null
    23:43:30.741 | 132 Pool-1-worker-47 | DEBUG | d.t.c.a.a.c.u.util.UserUtilService   : Generate 4 students...
    23:43:30.743 | 566 localvc.event-13 | DEBUG | p.s.l.LocalCIResultProcessingService : Result of build job with id 5121739576609302 added to queue
    23:43:30.744 | 566 localvc.event-13 | INFO  | p.s.l.LocalCIResultProcessingService : Processing build job result with id 5121739576609302
    23:43:30.744 | 566 localvc.event-13 | DEBUG | p.s.l.LocalCIResultProcessingService : Build jobs waiting in queue: 0
    23:43:30.744 | 566 localvc.event-13 | DEBUG | p.s.l.LocalCIResultProcessingService : Queued build jobs: []
    23:43:30.746 | 566 localvc.event-13 | DEBUG | .s.ProgrammingExerciseGradingService : Received new build result (NEW) for participation 512
    23:43:30.748 | 132 Pool-1-worker-47 | DEBUG | d.t.c.a.a.c.u.util.UserUtilService   : 4 students generated. Generate 4 tutors...
    23:43:30.753 | 132 Pool-1-worker-47 | DEBUG | d.t.c.a.a.c.u.util.UserUtilService   : 4 tutors generated. Generate 4 editors...
    23:43:30.760 | 132 Pool-1-worker-47 | DEBUG | d.t.c.a.a.c.u.util.UserUtilService   : 4 editors generated. Generate 1 instructors...
    23:43:30.762 | 132 Pool-1-worker-47 | DEBUG | d.t.c.a.a.c.u.util.UserUtilService   : 1 instructors generated
    23:43:30.764 | 132 Pool-1-worker-47 | DEBUG | d.t.c.a.a.c.u.util.UserUtilService   : Removing 13 users from all courses...
    23:43:30.765 | 132 Pool-1-worker-47 | DEBUG | d.t.c.a.a.c.u.util.UserUtilService   : Removing 13 users from all courses. Done
    23:43:30.765 | 132 Pool-1-worker-47 | DEBUG | d.t.c.a.a.c.u.util.UserUtilService   : Save 13 users to database...
    23:43:30.770 | 566 localvc.event-13 | DEBUG | .c.s.m.InstanceMessageReceiveService : Received schedule participant score for exercise 315 and participant 37 (result to be deleted: null)
    23:43:30.770 | 566 localvc.event-13 | DEBUG | .a.s.ParticipantScoreScheduleService : Scheduled task for exercise 315 and participant 37 at 2025-02-14T23:43:30.870826386Z[Etc/UTC].
    23:43:30.773 | 566 localvc.event-13 | DEBUG | .a.a.p.s.ProgrammingMessagingService : Send result to client over websocket. Result: Result{id146, completionDate=2025-02-14T23:43:30.706391245Z[Etc/UTC], successful=false, score=0.0, rated=true, assessmentType=AUTOMATIC, hasComplaint=null, testCaseCount=0, passedTestCaseCount=0, codeIssueCount=0}, Submission: ProgrammingSubmission{commitHash='71f54bdf5e0f9c98936e24a4638fd2ffcf966edd', buildFailed=true, buildArtifact=false, type=MANUAL}, Participation: ProgrammingExerciseStudentParticipation{id=512, repositoryUri='http://localhost:49152/git/SHORT3D739532080B804BC608BDA0F7816DDB4316TSTEXC/short3d739532080b804bc608bda0f7816ddb4316tstexc-localciintstudent1.git', buildPlanId='SHORT3D739532080B804BC608BDA0F7816DDB4316TSTEXC-LOCALCIINTSTUDENT1', initializationState='INITIALIZED', initializationDate='2025-02-14T23:43:29.284751Z', individualDueDate=null', presentationScore=null}
    23:43:30.774 | 132 Pool-1-worker-47 | DEBUG | d.t.c.a.a.c.u.util.UserUtilService   : Save 13 users to database. Done
    23:43:30.782 | 566 localvc.event-13 | DEBUG | d.t.c.a.a.p.s.BuildLogEntryService   : Saved build logs for build job 5121739576609302 to file /tmp/build-logs/short3d739532080b804bc608bda0f7816ddb4316/TSTEXC/5121739576609302.log
    23:43:30.783 | 566 localvc.event-13 | DEBUG | a.p.s.l.LocalCIQueueWebsocketService : Build agent updated: BuildAgentInformation[buildAgent=BuildAgentDTO[name=artemis-build-agent-test, memberAddress=[127.0.0.1]:5703, displayName=artemis-build-agent-test], maxNumberOfConcurrentBuildJobs=1, numberOfCurrentBuildJobs=0, runningBuildJobs=[], status=IDLE, recentBuildJobs=[BuildJobQueueItem[id=4621739576562326, name=SHORT43ACF76B02BC1044B80938509D14043FABDETSTEXC-LOCALCIINTSTUDENT1, buildAgent=BuildAgentDTO[name=artemis-build-agent-test, memberAddress=[127.0.0.1]:5703, displayName=artemis-build-agent-test], participationId=462, courseId=147, exerciseId=298, retryCount=0, priority=2, status=SUCCESSFUL, repositoryInfo=RepositoryInfo[repositoryName=short43acf76b02bc1044b80938509d14043fabdetstexc-localciintstudent1, repositoryType=user, triggeredByPushTo=user, assignmentRepositoryUri=http://localhost:49152/git/SHORT43ACF76B02BC1044B80938509D14043FABDETSTEXC/short43acf76b02bc1044b80938509d14043fabdetstexc-localciintstudent1.git, testRepositoryUri=http://localhost:49152/git/SHORT43ACF76B02BC1044B80938509D14043FABDETSTEXC/short43acf76b02bc1044b80938509d14043fabdetstexc-tests.git, solutionRepositoryUri=null, auxiliaryRepositoryUris=[Ljava.lang.String;@2918a936, auxiliaryRepositoryCheckoutDirectories=[Ljava.lang.String;@481b42f7], jobTimingInfo=JobTimingInfo[submissionDate=2025-02-14T23:42:42.326978596Z[Etc/UTC], buildStartDate=2025-02-14T23:42:42.420147010Z[Etc/UTC], buildCompletionDate=2025-02-14T23:42:45.573855829Z[Etc/UTC], estimatedCompletionDate=2025-02-14T23:43:01.420129377Z[Etc/UTC], estimatedDuration=19], buildConfig=BuildConfig[buildScript=#!/bin/bash
cd /var/tmp/testing-dir
chmod +x ./gradlew
./gradlew clean test
, dockerImage=dummy-docker-image:latest, commitHashToBuild=a9c717ccf7bcbe9531d3eee21dbaeb5aab2ff971, assignmentCommitHash=a9c717ccf7bcbe9531d3eee21dbaeb5aab2ff971, testCommitHash=a9c717ccf7bcbe9531d3eee21dbaeb5aab2ff971, branch=main, programmingLanguage=JAVA, projectType=PLAIN_GRADLE, scaEnabled=false, sequentialTestRunsEnabled=false, resultPaths=[/var/tmp/testing-dir/**/test-results/test/*.xml], timeoutSeconds=0, assignmentCheckoutPath=null, testCheckoutPath=null, solutionCheckoutPath=null, dockerRunConfig=DockerRunConfig[isNetworkDisabled=true, env=[key=value]]], submissionResult=ResultDTO[id=132, completionDate=2025-02-14T23:42:45.519869118Z[Etc/UTC], successful=false, score=7.7, rated=true, submission=SubmissionDTO[id=119, submitted=true, type=MANUAL, exampleSubmission=null, submissionDate=2025-02-14T23:42:42.302762Z, commitHash=a9c717ccf7bcbe9531d3eee21dbaeb5aab2ff971, buildFailed=false, buildArtifact=false, participation=ParticipationDTO[id=462, testRun=false, type=programming, submissionCount=null, exercise=ParticipationExerciseDTO[id=298, exerciseType=PROGRAMMING, type=programming, assessmentType=AUTOMATIC, dueDate=2025-02-16T23:42:41.553955Z, assessmentDueDate=null, maxPoints=42.0, course=CourseDTO[id=147, accuracyOfScores=1]]], submissionExerciseType=programming, isProcessing=false, buildStartDate=null, estimatedCompletionDate=null], participation=ParticipationDTO[id=462, testRun=false, type=programming, submissionCount=null, exercise=ParticipationExerciseDTO[id=298, exerciseType=PROGRAMMING, type=programming, assessmentType=AUTOMATIC, dueDate=2025-02-16T23:42:41.553955Z, assessmentDueDate=null, maxPoints=42.0, course=CourseDTO[id=147, accuracyOfScores=1]]], feedbacks=[FeedbackDTO[id=67, text=null, detailText=The exercise expects a class with the name Context in the package testpackage. You did not implement the class in the exercise., hasLongFeedbackText=false, reference=null, credits=0.0, positive=false, type=AUTOMATIC, visibility=ALWAYS, testCase=TestCaseDTO[testName=null, id=13]], FeedbackDTO[id=68, text=null, detailText=The exercise expects a class with the name Policy in the package testpackage. You did not implement the class in the exercise., hasLongFeedbackText=false, reference=null, credits=0.0, positive=false, type=AUTOMATIC, visibility=ALWAYS, testCase=TestCaseDTO[testName=null, id=14]], FeedbackDTO[id=69, text=null, detailText=The exercise expects a class with the name SortStrategy in the package testpackage. You did not implement the class in the exercise., hasLongFeedbackText=false, reference=null, credits=0.0, positive=false, type=AUTOMATIC, visibility=ALWAYS, testCase=TestCaseDTO[testName=null, id=15]], FeedbackDTO[id=70, text=null, detailText=The class 'MergeSort' does not implement the interface 'SortStrategy' as expected. Implement the interface and its methods., hasLongFeedbackText=false, reference=null, credits=0.0, positive=false, type=AUTOMATIC, visibility=ALWAYS, testCase=TestCaseDTO[testName=null, id=10]], FeedbackDTO[id=71, text=null, detailText=The exercise expects a class with the name SortStrategy in the package testpackage. You did not implement the class in the exercise., hasLongFeedbackText=false, reference=null, credits=0.0, positive=false, type=AUTOMATIC, visibility=ALWAYS, testCase=TestCaseDTO[testName=null, id=7]], FeedbackDTO[id=72, text=null, detailText=The class 'BubbleSort' does not implement the interface 'SortStrategy' as expected. Implement the interface and its methods., hasLongFeedbackText=false, reference=null, credits=0.0, positive=false, type=AUTOMATIC, visibility=ALWAYS, testCase=TestCaseDTO[testName=null, id=11]], FeedbackDTO[id=73, text=null, detailText=MergeSort does not sort correctly, hasLongFeedbackText=false, reference=null, credits=0.0, positive=false, type=AUTOMATIC, visibility=ALWAYS, testCase=TestCaseDTO[testName=null, id=16]], FeedbackDTO[id=74, text=null, detailText=The class 'Context' was not found within the submission. Make sure to implement it properly., hasLongFeedbackText=false, reference=null, credits=0.0, positive=false, type=AUTOMATIC, visibility=ALWAYS, testCase=TestCaseDTO[testName=null, id=17]], FeedbackDTO[id=75, text=null, detailText=The class 'Context' was not found within the submission. Make sure to implement it properly., hasLongFeedbackText=false, reference=null, credits=0.0, positive=false, type=AUTOMATIC, visibility=ALWAYS, testCase=TestCaseDTO[testName=null, id=18]], FeedbackDTO[id=76, text=null, detailText=The exercise expects a class with the name Policy in the package testpackage. You did not implement the class in the exercise., hasLongFeedbackText=false, reference=null, credits=0.0, positive=false, type=AUTOMATIC, visibility=ALWAYS, testCase=TestCaseDTO[testName=null, id=12]], FeedbackDTO[id=77, text=null, detailText=The exercise expects a class with the name Context in the package testpackage. You did not implement the class in the exercise., hasLongFeedbackText=false, reference=null, credits=0.0, positive=false, type=AUTOMATIC, visibility=ALWAYS, testCase=TestCaseDTO[testName=null, id=8]], FeedbackDTO[id=78, text=null, detailText=The exercise expects a class with the name Policy in the package testpackage. You did not implement the class in the exercise., hasLongFeedbackText=false, reference=null, credits=0.0, positive=false, type=AUTOMATIC, visibility=ALWAYS, testCase=TestCaseDTO[testName=null, id=9]], FeedbackDTO[id=79, text=null, detailText=null, hasLongFeedbackText=false, reference=null, credits=3.230769230769231, positive=true, type=AUTOMATIC, visibility=ALWAYS, testCase=TestCaseDTO[testName=null, id=19]]], assessmentType=AUTOMATIC, hasComplaint=null, exampleResult=null, testCaseCount=13, passedTestCaseCount=1, codeIssueCount=0]], BuildJobQueueItem[id=4651739576569330, name=SHORTB06DD3F905F4604F6E085260D83ED657A6DFTSTEXC-LOCALCIINTSTUDENT1, buildAgent=BuildAgentDTO[name=artemis-build-agent-test, memberAddress=[127.0.0.1]:5703, displayName=artemis-build-agent-test], participationId=465, courseId=148, exerciseId=299, retryCount=0, priority=2, status=SUCCESSFUL, repositoryInfo=RepositoryInfo[repositoryName=shortb06dd3f905f4604f6e085260d83ed657a6dftstexc-localciintstudent1, repositoryType=user, triggeredByPushTo=user, assignmentRepositoryUri=http://localhost:49152/git/SHORTB06DD3F905F4604F6E085260D83ED657A6DFTSTEXC/shortb06dd3f905f4604f6e085260d83ed657a6dftstexc-localciintstudent1.git, testRepositoryUri=http://localhost:49152/git/SHORTB06DD3F905F4604F6E085260D83ED657A6DFTSTEXC/shortb06dd3f905f4604f6e085260d83ed657a6dftstexc-tests.git, solutionRepositoryUri=null, auxiliaryRepositoryUris=[Ljava.lang.String;@9bd21e0, auxiliaryRepositoryCheckoutDirectories=[Ljava.lang.String;@6070b659], jobTimingInfo=JobTimingInfo[submissionDate=2025-02-14T23:42:49.330093960Z[Etc/UTC], buildStartDate=2025-02-14T23:42:49.347797345Z[Etc/UTC], buildCompletionDate=2025-02-14T23:42:51.204319751Z[Etc/UTC], estimatedCompletionDate=2025-02-14T23:43:08.347788449Z[Etc/UTC], estimatedDuration=19], buildConfig=BuildConfig[buildScript=#!/bin/bash
cd /var/tmp/testing-dir
chmod +x ./gradlew
./gradlew clean test
, dockerImage=dummy-docker-image:latest, commitHashToBuild=41581fff25954d36cf07586926ee0c77d1003131, assignmentCommitHash=41581fff25954d36cf07586926ee0c77d1003131, testCommitHash=41581fff25954d36cf07586926ee0c77d1003131, branch=main, programmingLanguage=JAVA, projectType=PLAIN_GRADLE, scaEnabled=false, sequentialTestRunsEnabled=false, resultPaths=[/var/tmp/testing-dir/**/test-results/test/*.xml], timeoutSeconds=0, assignmentCheckoutPath=null, testCheckoutPath=null, solutionCheckoutPath=null, dockerRunConfig=null], submissionResult=ResultDTO[id=133, completionDate=2025-02-14T23:42:51.155372920Z[Etc/UTC], successful=false, score=7.7, rated=true, submission=SubmissionDTO[id=120, submitted=true, type=MANUAL, exampleSubmission=null, submissionDate=2025-02-14T23:42:49.321855Z, commitHash=41581fff25954d36cf07586926ee0c77d1003131, buildFailed=false, buildArtifact=false, participation=ParticipationDTO[id=465, testRun=false, type=programming, submissionCount=null, exercise=ParticipationExerciseDTO[id=299, exerciseType=PROGRAMMING, type=programming, assessmentType=AUTOMATIC, dueDate=2025-02-16T23:42:49.163661Z, assessmentDueDate=null, maxPoints=42.0, course=CourseDTO[id=148, accuracyOfScores=1]]], submissionExerciseType=programming, isProcessing=false, buildStartDate=null, estimatedCompletionDate=null], participation=ParticipationDTO[id=465, testRun=false, type=programming, submissionCount=null, exercise=ParticipationExerciseDTO[id=299, exerciseType=PROGRAMMING, type=programming, assessmentType=AUTOMATIC, dueDate=2025-02-16T23:42:49.163661Z, assessmentDueDate=null, maxPoints=42.0, course=CourseDTO[id=148, accuracyOfScores=1]]], feedbacks=[FeedbackDTO[id=80, text=null, detailText=The exercise expects a class with the name Context in the package testpackage. You did not implement the class in the exercise., hasLongFeedbackText=false, reference=null, credits=0.0, positive=false, type=AUTOMATIC, visibility=ALWAYS, testCase=TestCaseDTO[testName=null, id=26]], FeedbackDTO[id=81, text=null, detailText=The exercise expects a class with the name Policy in the package testpackage. You did not implement the class in the exercise., hasLongFeedbackText=false, reference=null, credits=0.0, positive=false, type=AUTOMATIC, visibility=ALWAYS, testCase=TestCaseDTO[testName=null, id=27]], FeedbackDTO[id=82, text=null, detailText=The exercise expects a class with the name SortStrategy in the package testpackage. You did not implement the class in the exercise., hasLongFeedbackText=false, reference=null, credits=0.0, positive=false, type=AUTOMATIC, visibility=ALWAYS, testCase=TestCaseDTO[testName=null, id=28]], FeedbackDTO[id=83, text=null, detailText=The class 'MergeSort' does not implement the interface 'SortStrategy' as expected. Implement the interface and its methods., hasLongFeedbackText=false, reference=null, credits=0.0, positive=false, type=AUTOMATIC, visibility=ALWAYS, testCase=TestCaseDTO[testName=null, id=23]], FeedbackDTO[id=84, text=null, detailText=The exercise expects a class with the name SortStrategy in the package testpackage. You did not implement the class in the exercise., hasLongFeedbackText=false, reference=null, credits=0.0, positive=false, type=AUTOMATIC, visibility=ALWAYS, testCase=TestCaseDTO[testName=null, id=20]], FeedbackDTO[id=85, text=null, detailText=The class 'BubbleSort' does not implement the interface 'SortStrategy' as expected. Implement the interface and its methods., hasLongFeedbackText=false, reference=null, credits=0.0, positive=false, type=AUTOMATIC, visibility=ALWAYS, testCase=TestCaseDTO[testName=null, id=24]], FeedbackDTO[id=86, text=null, detailText=MergeSort does not sort correctly, hasLongFeedbackText=false, reference=null, credits=0.0, positive=false, type=AUTOMATIC, visibility=ALWAYS, testCase=TestCaseDTO[testName=null, id=29]], FeedbackDTO[id=87, text=null, detailText=The class 'Context' was not found within the submission. Make sure to implement it properly., hasLongFeedbackText=false, reference=null, credits=0.0, positive=false, type=AUTOMATIC, visibility=ALWAYS, testCase=TestCaseDTO[testName=null, id=30]], FeedbackDTO[id=88, text=null, detailText=The class 'Context' was not found within the submission. Make sure to implement it properly., hasLongFeedbackText=false, reference=null, credits=0.0, positive=false, type=AUTOMATIC, visibility=ALWAYS, testCase=TestCaseDTO[testName=null, id=31]], FeedbackDTO[id=89, text=null, detailText=The exercise expects a class with the name Policy in the package testpackage. You did not implement the class in the exercise., hasLongFeedbackText=false, reference=null, credits=0.0, positive=false, type=AUTOMATIC, visibility=ALWAYS, testCase=TestCaseDTO[testName=null, id=25]], FeedbackDTO[id=90, text=null, detailText=The exercise expects a class with the name Context in the package testpackage. You did not implement the class in the exercise., hasLongFeedbackText=false, reference=null, credits=0.0, positive=false, type=AUTOMATIC, visibility=ALWAYS, testCase=TestCaseDTO[testName=null, id=21]], FeedbackDTO[id=91, text=null, detailText=The exercise expects a class with the name Policy in the package testpackage. You did not implement the class in the exercise., hasLongFeedbackText=false, reference=null, credits=0.0, positive=false, type=AUTOMATIC, visibility=ALWAYS, testCase=TestCaseDTO[testName=null, id=22]], FeedbackDTO[id=92, text=null, detailText=null, hasLongFeedbackText=false, reference=null, credits=3.230769230769231, positive=true, type=AUTOMATIC, visibility=ALWAYS, testCase=TestCaseDTO[testName=null, id=32]]], assessmentType=AUTOMATIC, hasComplaint=null, exampleResult=null, testCaseCount=13, passedTestCaseCount=1, codeIssueCount=0]], BuildJobQueueItem[id=4681739576573068, name=SHORTBCF65534040390488B0A46605F5F3776B89ATSTEXC-LOCALCIINTSTUDENT1, buildAgent=BuildAgentDTO[name=artemis-build-agent-test, memberAddress=[127.0.0.1]:5703, displayName=artemis-build-agent-test], participationId=468, courseId=149, exerciseId=300, retryCount=0, priority=2, status=SUCCESSFUL, repositoryInfo=RepositoryInfo[repositoryName=shortbcf65534040390488b0a46605f5f3776b89atstexc-localciintstudent1, repositoryType=user, triggeredByPushTo=user, assignmentRepositoryUri=http://localhost:49152/git/SHORTBCF65534040390488B0A46605F5F3776B89ATSTEXC/shortbcf65534040390488b0a46605f5f3776b89atstexc-localciintstudent1.git, testRepositoryUri=http://localhost:49152/git/SHORTBCF65534040390488B0A46605F5F3776B89ATSTEXC/shortbcf65534040390488b0a46605f5f3776b89atstexc-tests.git, solutionRepositoryUri=null, auxiliaryRepositoryUris=[Ljava.lang.String;@c4df278, auxiliaryRepositoryCheckoutDirectories=[Ljava.lang.String;@1e5305fc], jobTimingInfo=JobTimingInfo[submissionDate=2025-02-14T23:42:53.068019209Z[Etc/UTC], buildStartDate=2025-02-14T23:42:53.092867394Z[Etc/UTC], buildCompletionDate=2025-02-14T23:42:55.086950323Z[Etc/UTC], estimatedCompletionDate=2025-02-14T23:43:12.092858828Z[Etc/UTC], estimatedDuration=19], buildConfig=BuildConfig[buildScript=#!/bin/bash
cd /var/tmp/testing-dir
chmod +x ./gradlew
./gradlew clean test
, dockerImage=dummy-docker-image:latest, commitHashToBuild=2d5c0482fc77d3f5ec0841962528a43054e83170, assignmentCommitHash=2d5c0482fc77d3f5ec0841962528a43054e83170, testCommitHash=7477e25d56ce5fee2c938542a7e7ed4ed085d373, branch=main, programmingLanguage=JAVA, projectType=PLAIN_GRADLE, scaEnabled=false, sequentialTestRunsEnabled=false, resultPaths=[/var/tmp/testing-dir/**/test-results/test/*.xml], timeoutSeconds=0, assignmentCheckoutPath=null, testCheckoutPath=null, solutionCheckoutPath=null, dockerRunConfig=null], submissionResult=ResultDTO[id=134, completionDate=2025-02-14T23:42:55.059618627Z[Etc/UTC], successful=false, score=7.7, rated=true, submission=SubmissionDTO[id=121, submitted=true, type=MANUAL, exampleSubmission=null, submissionDate=2025-02-14T23:42:53.048221Z, commitHash=2d5c0482fc77d3f5ec0841962528a43054e83170, buildFailed=false, buildArtifact=false, participation=ParticipationDTO[id=468, testRun=false, type=programming, submissionCount=null, exercise=ParticipationExerciseDTO[id=300, exerciseType=PROGRAMMING, type=programming, assessmentType=AUTOMATIC, dueDate=2025-02-16T23:42:52.873722Z, assessmentDueDate=null, maxPoints=42.0, course=CourseDTO[id=149, accuracyOfScores=1]]], submissionExerciseType=programming, isProcessing=false, buildStartDate=null, estimatedCompletionDate=null], participation=ParticipationDTO[id=468, testRun=false, type=programming, submissionCount=null, exercise=ParticipationExerciseDTO[id=300, exerciseType=PROGRAMMING, type=programming, assessmentType=AUTOMATIC, dueDate=2025-02-16T23:42:52.873722Z, assessmentDueDate=null, maxPoints=42.0, course=CourseDTO[id=149, accuracyOfScores=1]]], feedbacks=[FeedbackDTO[id=93, text=null, detailText=The exercise expects a class with the name Context in the package testpackage. You did not implement the class in the exercise., hasLongFeedbackText=false, reference=null, credits=0.0, positive=false, type=AUTOMATIC, visibility=ALWAYS, testCase=TestCaseDTO[testName=null, id=39]], FeedbackDTO[id=94, text=null, detailText=The exercise expects a class with the name Policy in the package testpackage. You did not implement the class in the exercise., hasLongFeedbackText=false, reference=null, credits=0.0, positive=false, type=AUTOMATIC, visibility=ALWAYS, testCase=TestCaseDTO[testName=null, id=40]], FeedbackDTO[id=95, text=null, detailText=The exercise expects a class with the name SortStrategy in the package testpackage. You did not implement the class in the exercise., hasLongFeedbackText=false, reference=null, credits=0.0, positive=false, type=AUTOMATIC, visibility=ALWAYS, testCase=TestCaseDTO[testName=null, id=41]], FeedbackDTO[id=96, text=null, detailText=The class 'MergeSort' does not implement the interface 'SortStrategy' as expected. Implement the interface and its methods., hasLongFeedbackText=false, reference=null, credits=0.0, positive=false, type=AUTOMATIC, visibility=ALWAYS, testCase=TestCaseDTO[testName=null, id=36]], FeedbackDTO[id=97, text=null, detailText=The exercise expects a class with the name SortStrategy in the package testpackage. You did not implement the class in the exercise., hasLongFeedbackText=false, reference=null, credits=0.0, positive=false, type=AUTOMATIC, visibility=ALWAYS, testCase=TestCaseDTO[testName=null, id=33]], FeedbackDTO[id=98, text=null, detailText=The class 'BubbleSort' does not implement the interface 'SortStrategy' as expected. Implement the interface and its methods., hasLongFeedbackText=false, reference=null, credits=0.0, positive=false, type=AUTOMATIC, visibility=ALWAYS, testCase=TestCaseDTO[testName=null, id=37]], FeedbackDTO[id=99, text=null, detailText=MergeSort does not sort correctly, hasLongFeedbackText=false, reference=null, credits=0.0, positive=false, type=AUTOMATIC, visibility=ALWAYS, testCase=TestCaseDTO[testName=null, id=42]], FeedbackDTO[id=100, text=null, detailText=The class 'Context' was not found within the submission. Make sure to implement it properly., hasLongFeedbackText=false, reference=null, credits=0.0, positive=false, type=AUTOMATIC, visibility=ALWAYS, testCase=TestCaseDTO[testName=null, id=43]], FeedbackDTO[id=101, text=null, detailText=The class 'Context' was not found within the submission. Make sure to implement it properly., hasLongFeedbackText=false, reference=null, credits=0.0, positive=false, type=AUTOMATIC, visibility=ALWAYS, testCase=TestCaseDTO[testName=null, id=44]], FeedbackDTO[id=102, text=null, detailText=The exercise expects a class with the name Policy in the package testpackage. You did not implement the class in the exercise., hasLongFeedbackText=false, reference=null, credits=0.0, positive=false, type=AUTOMATIC, visibility=ALWAYS, testCase=TestCaseDTO[testName=null, id=38]], FeedbackDTO[id=103, text=null, detailText=The exercise expects a class with the name Context in the package testpackage. You did not implement the class in the exercise., hasLongFeedbackText=false, reference=null, credits=0.0, positive=false, type=AUTOMATIC, visibility=ALWAYS, testCase=TestCaseDTO[testName=null, id=34]], FeedbackDTO[id=104, text=null, detailText=The exercise expects a class with the name Policy in the package testpackage. You did not implement the class in the exercise., hasLongFeedbackText=false, reference=null, credits=0.0, positive=false, type=AUTOMATIC, visibility=ALWAYS, testCase=TestCaseDTO[testName=null, id=35]], FeedbackDTO[id=105, text=null, detailText=null, hasLongFeedbackText=false, reference=null, credits=3.230769230769231, positive=true, type=AUTOMATIC, visibility=ALWAYS, testCase=TestCaseDTO[testName=null, id=45]]], assessmentType=AUTOMATIC, hasComplaint=null, exampleResult=null, testCaseCount=13, passedTestCaseCount=1, codeIssueCount=0]], BuildJobQueueItem[id=4741739576577297, name=SHORT88A9A223023E2047B709E4A029FA08BCF2CFTSTEXC-LOCALCIINTSTUDENT1, buildAgent=BuildAgentDTO[name=artemis-build-agent-test, memberAddress=[127.0.0.1]:5703, displayName=artemis-build-agent-test], participationId=474, courseId=151, exerciseId=302, retryCount=0, priority=2, status=SUCCESSFUL, repositoryInfo=RepositoryInfo[repositoryName=short88a9a223023e2047b709e4a029fa08bcf2cftstexc-localciintstudent1, repositoryType=user, triggeredByPushTo=user, assignmentRepositoryUri=http://localhost:49152/git/SHORT88A9A223023E2047B709E4A029FA08BCF2CFTSTEXC/short88a9a223023e2047b709e4a029fa08bcf2cftstexc-localciintstudent1.git, testRepositoryUri=http://localhost:49152/git/SHORT88A9A223023E2047B709E4A029FA08BCF2CFTSTEXC/short88a9a223023e2047b709e4a029fa08bcf2cftstexc-tests.git, solutionRepositoryUri=null, auxiliaryRepositoryUris=[Ljava.lang.String;@7e8195f7, auxiliaryRepositoryCheckoutDirectories=[Ljava.lang.String;@1ba62600], jobTimingInfo=JobTimingInfo[submissionDate=2025-02-14T23:42:57.297342281Z[Etc/UTC], buildStartDate=2025-02-14T23:42:57.308570327Z[Etc/UTC], buildCompletionDate=2025-02-14T23:42:59.047616654Z[Etc/UTC], estimatedCompletionDate=2025-02-14T23:43:16.308558064Z[Etc/UTC], estimatedDuration=19], buildConfig=BuildConfig[buildScript=#!/bin/bash
cd /var/tmp/testing-dir
chmod +x ./gradlew
./gradlew clean test
, dockerImage=dummy-docker-image:latest, commitHashToBuild=736cbea1e46d6849b41266b2bf1cccd3b9ea55b1, assignmentCommitHash=736cbea1e46d6849b41266b2bf1cccd3b9ea55b1, testCommitHash=ea6267edd396a304305339b036512b63e0374c66, branch=main, programmingLanguage=JAVA, projectType=PLAIN_GRADLE, scaEnabled=false, sequentialTestRunsEnabled=false, resultPaths=[/var/tmp/testing-dir/**/test-results/test/*.xml], timeoutSeconds=0, assignmentCheckoutPath=null, testCheckoutPath=null, solutionCheckoutPath=null, dockerRunConfig=null], submissionResult=ResultDTO[id=135, completionDate=2025-02-14T23:42:59.014168821Z[Etc/UTC], successful=false, score=7.7, rated=true, submission=SubmissionDTO[id=123, submitted=true, type=MANUAL, exampleSubmission=null, submissionDate=2025-02-14T23:42:57.278471Z, commitHash=736cbea1e46d6849b41266b2bf1cccd3b9ea55b1, buildFailed=false, buildArtifact=false, participation=ParticipationDTO[id=474, testRun=false, type=programming, submissionCount=null, exercise=ParticipationExerciseDTO[id=302, exerciseType=PROGRAMMING, type=programming, assessmentType=AUTOMATIC, dueDate=2025-02-16T23:42:56.796251Z, assessmentDueDate=null, maxPoints=42.0, course=CourseDTO[id=151, accuracyOfScores=1]]], submissionExerciseType=programming, isProcessing=false, buildStartDate=null, estimatedCompletionDate=null], participation=ParticipationDTO[id=474, testRun=false, type=programming, submissionCount=null, exercise=ParticipationExerciseDTO[id=302, exerciseType=PROGRAMMING, type=programming, assessmentType=AUTOMATIC, dueDate=2025-02-16T23:42:56.796251Z, assessmentDueDate=null, maxPoints=42.0, course=CourseDTO[id=151, accuracyOfScores=1]]], feedbacks=[FeedbackDTO[id=106, text=null, detailText=The exercise expects a class with the name Context in the package testpackage. You did not implement the class in the exercise., hasLongFeedbackText=false, reference=null, credits=0.0, positive=false, type=AUTOMATIC, visibility=ALWAYS, testCase=TestCaseDTO[testName=null, id=65]], FeedbackDTO[id=107, text=null, detailText=The exercise expects a class with the name Policy in the package testpackage. You did not implement the class in the exercise., hasLongFeedbackText=false, reference=null, credits=0.0, positive=false, type=AUTOMATIC, visibility=ALWAYS, testCase=TestCaseDTO[testName=null, id=66]], FeedbackDTO[id=108, text=null, detailText=The exercise expects a class with the name SortStrategy in the package testpackage. You did not implement the class in the exercise., hasLongFeedbackText=false, reference=null, credits=0.0, positive=false, type=AUTOMATIC, visibility=ALWAYS, testCase=TestCaseDTO[testName=null, id=67]], FeedbackDTO[id=109, text=null, detailText=The class 'MergeSort' does not implement the interface 'SortStrategy' as expected. Implement the interface and its methods., hasLongFeedbackText=false, reference=null, credits=0.0, positive=false, type=AUTOMATIC, visibility=ALWAYS, testCase=TestCaseDTO[testName=null, id=62]], FeedbackDTO[id=110, text=null, detailText=The exercise expects a class with the name SortStrategy in the package testpackage. You did not implement the class in the exercise., hasLongFeedbackText=false, reference=null, credits=0.0, positive=false, type=AUTOMATIC, visibility=ALWAYS, testCase=TestCaseDTO[testName=null, id=59]], FeedbackDTO[id=111, text=null, detailText=The class 'BubbleSort' does not implement the interface 'SortStrategy' as expected. Implement the interface and its methods., hasLongFeedbackText=false, reference=null, credits=0.0, positive=false, type=AUTOMATIC, visibility=ALWAYS, testCase=TestCaseDTO[testName=null, id=63]], FeedbackDTO[id=112, text=null, detailText=MergeSort does not sort correctly, hasLongFeedbackText=false, reference=null, credits=0.0, positive=false, type=AUTOMATIC, visibility=ALWAYS, testCase=TestCaseDTO[testName=null, id=68]], FeedbackDTO[id=113, text=null, detailText=The class 'Context' was not found within the submission. Make sure to implement it properly., hasLongFeedbackText=false, reference=null, credits=0.0, positive=false, type=AUTOMATIC, visibility=ALWAYS, testCase=TestCaseDTO[testName=null, id=69]], FeedbackDTO[id=114, text=null, detailText=The class 'Context' was not found within the submission. Make sure to implement it properly., hasLongFeedbackText=false, reference=null, credits=0.0, positive=false, type=AUTOMATIC, visibility=ALWAYS, testCase=TestCaseDTO[testName=null, id=70]], FeedbackDTO[id=115, text=null, detailText=The exercise expects a class with the name Policy in the package testpackage. You did not implement the class in the exercise., hasLongFeedbackText=false, reference=null, credits=0.0, positive=false, type=AUTOMATIC, visibility=ALWAYS, testCase=TestCaseDTO[testName=null, id=64]], FeedbackDTO[id=116, text=null, detailText=The exercise expects a class with the name Context in the package testpackage. You did not implement the class in the exercise., hasLongFeedbackText=false, reference=null, credits=0.0, positive=false, type=AUTOMATIC, visibility=ALWAYS, testCase=TestCaseDTO[testName=null, id=60]], FeedbackDTO[id=117, text=null, detailText=The exercise expects a class with the name Policy in the package testpackage. You did not implement the class in the exercise., hasLongFeedbackText=false, reference=null, credits=0.0, positive=false, type=AUTOMATIC, visibility=ALWAYS, testCase=TestCaseDTO[testName=null, id=61]], FeedbackDTO[id=118, text=null, detailText=null, hasLongFeedbackText=false, reference=null, credits=3.230769230769231, positive=true, type=AUTOMATIC, visibility=ALWAYS, testCase=TestCaseDTO[testName=null, id=71]]], assessmentType=AUTOMATIC, hasComplaint=null, exampleResult=null, testCaseCount=13, passedTestCaseCount=1, codeIssueCount=0]], BuildJobQueueItem[id=4771739576580898, name=SHORT51E611E30D6B60466F0B8BA0AA97F58888C2TSTEXC-LOCALCIINTSTUDENT1, buildAgent=BuildAgentDTO[name=artemis-build-agent-test, memberAddress=[127.0.0.1]:5703, displayName=artemis-build-agent-test], participationId=477, courseId=152, exerciseId=303, retryCount=0, priority=2, status=SUCCESSFUL, repositoryInfo=RepositoryInfo[repositoryName=short51e611e30d6b60466f0b8ba0aa97f58888c2tstexc-localciintstudent1, repositoryType=user, triggeredByPushTo=user, assignmentRepositoryUri=http://localhost:49152/git/SHORT51E611E30D6B60466F0B8BA0AA97F58888C2TSTEXC/short51e611e30d6b60466f0b8ba0aa97f58888c2tstexc-localciintstudent1.git, testRepositoryUri=http://localhost:49152/git/SHORT51E611E30D6B60466F0B8BA0AA97F58888C2TSTEXC/short51e611e30d6b60466f0b8ba0aa97f58888c2tstexc-tests.git, solutionRepositoryUri=null, auxiliaryRepositoryUris=[Ljava.lang.String;@781bd93e, auxiliaryRepositoryCheckoutDirectories=[Ljava.lang.String;@7ee15f24], jobTimingInfo=JobTimingInfo[submissionDate=2025-02-14T23:43:00.898532688Z[Etc/UTC], buildStartDate=2025-02-14T23:43:00.905733056Z[Etc/UTC], buildCompletionDate=2025-02-14T23:43:02.692768910Z[Etc/UTC], estimatedCompletionDate=2025-02-14T23:43:19.905720463Z[Etc/UTC], estimatedDuration=19], buildConfig=BuildConfig[buildScript=#!/bin/bash
cd /var/tmp/testing-dir
chmod +x ./gradlew
./gradlew clean test
, dockerImage=dummy-docker-image:latest, commitHashToBuild=8f3057cbd462f5e3de4e6ba85115f60d8dbb5aea, assignmentCommitHash=8f3057cbd462f5e3de4e6ba85115f60d8dbb5aea, testCommitHash=8f3057cbd462f5e3de4e6ba85115f60d8dbb5aea, branch=main, programmingLanguage=JAVA, projectType=PLAIN_GRADLE, scaEnabled=true, sequentialTestRunsEnabled=false, resultPaths=[/var/tmp/testing-dir/**/test-results/test/*.xml], timeoutSeconds=0, assignmentCheckoutPath=null, testCheckoutPath=null, solutionCheckoutPath=null, dockerRunConfig=null], submissionResult=ResultDTO[id=136, completionDate=2025-02-14T23:43:02.637820510Z[Etc/UTC], successful=false, score=7.7, rated=true, submission=SubmissionDTO[id=124, submitted=true, type=MANUAL, exampleSubmission=null, submissionDate=2025-02-14T23:43:00.886601Z, commitHash=8f3057cbd462f5e3de4e6ba85115f60d8dbb5aea, buildFailed=false, buildArtifact=false, participation=ParticipationDTO[id=477, testRun=false, type=programming, submissionCount=null, exercise=ParticipationExerciseDTO[id=303, exerciseType=PROGRAMMING, type=programming, assessmentType=AUTOMATIC, dueDate=2025-02-16T23:43:00.631824Z, assessmentDueDate=null, maxPoints=42.0, course=CourseDTO[id=152, accuracyOfScores=1]]], submissionExerciseType=programming, isProcessing=false, buildStartDate=null, estimatedCompletionDate=null], participation=ParticipationDTO[id=477, testRun=false, type=programming, submissionCount=null, exercise=ParticipationExerciseDTO[id=303, exerciseType=PROGRAMMING, type=programming, assessmentType=AUTOMATIC, dueDate=2025-02-16T23:43:00.631824Z, assessmentDueDate=null, maxPoints=42.0, course=CourseDTO[id=152, accuracyOfScores=1]]], feedbacks=[FeedbackDTO[id=119, text=null, detailText=The exercise expects a class with the name Context in the package testpackage. You did not implement the class in the exercise., hasLongFeedbackText=false, reference=null, credits=0.0, positive=false, type=AUTOMATIC, visibility=ALWAYS, testCase=TestCaseDTO[testName=null, id=78]], FeedbackDTO[id=120, text=null, detailText=The exercise expects a class with the name Policy in the package testpackage. You did not implement the class in the exercise., hasLongFeedbackText=false, reference=null, credits=0.0, positive=false, type=AUTOMATIC, visibility=ALWAYS, testCase=TestCaseDTO[testName=null, id=79]], FeedbackDTO[id=121, text=null, detailText=The exercise expects a class with the name SortStrategy in the package testpackage. You did not implement the class in the exercise., hasLongFeedbackText=false, reference=null, credits=0.0, positive=false, type=AUTOMATIC, visibility=ALWAYS, testCase=TestCaseDTO[testName=null, id=80]], FeedbackDTO[id=122, text=null, detailText=The class 'MergeSort' does not implement the interface 'SortStrategy' as expected. Implement the interface and its methods., hasLongFeedbackText=false, reference=null, credits=0.0, positive=false, type=AUTOMATIC, visibility=ALWAYS, testCase=TestCaseDTO[testName=null, id=75]], FeedbackDTO[id=123, text=null, detailText=The exercise expects a class with the name SortStrategy in the package testpackage. You did not implement the class in the exercise., hasLongFeedbackText=false, reference=null, credits=0.0, positive=false, type=AUTOMATIC, visibility=ALWAYS, testCase=TestCaseDTO[testName=null, id=72]], FeedbackDTO[id=124, text=null, detailText=The class 'BubbleSort' does not implement the interface 'SortStrategy' as expected. Implement the interface and its methods., hasLongFeedbackText=false, reference=null, credits=0.0, positive=false, type=AUTOMATIC, visibility=ALWAYS, testCase=TestCaseDTO[testName=null, id=76]], FeedbackDTO[id=125, text=null, detailText=MergeSort does not sort correctly, hasLongFeedbackText=false, reference=null, credits=0.0, positive=false, type=AUTOMATIC, visibility=ALWAYS, testCase=TestCaseDTO[testName=null, id=81]], FeedbackDTO[id=126, text=null, detailText=The class 'Context' was not found within the submission. Make sure to implement it properly., hasLongFeedbackText=false, reference=null, credits=0.0, positive=false, type=AUTOMATIC, visibility=ALWAYS, testCase=TestCaseDTO[testName=null, id=82]], FeedbackDTO[id=127, text=null, detailText=The class 'Context' was not found within the submission. Make sure to implement it properly., hasLongFeedbackText=false, reference=null, credits=0.0, positive=false, type=AUTOMATIC, visibility=ALWAYS, testCase=TestCaseDTO[testName=null, id=83]], FeedbackDTO[id=128, text=null, detailText=The exercise expects a class with the name Policy in the package testpackage. You did not implement the class in the exercise., hasLongFeedbackText=false, reference=null, credits=0.0, positive=false, type=AUTOMATIC, visibility=ALWAYS, testCase=TestCaseDTO[testName=null, id=77]], FeedbackDTO[id=129, text=null, detailText=The exercise expects a class with the name Context in the package testpackage. You did not implement the class in the exercise., hasLongFeedbackText=false, reference=null, credits=0.0, positive=false, type=AUTOMATIC, visibility=ALWAYS, testCase=TestCaseDTO[testName=null, id=73]], FeedbackDTO[id=130, text=null, detailText=The exercise expects a class with the name Policy in the package testpackage. You did not implement the class in the exercise., hasLongFeedbackText=false, reference=null, credits=0.0, positive=false, type=AUTOMATIC, visibility=ALWAYS, testCase=TestCaseDTO[testName=null, id=74]], FeedbackDTO[id=131, text=null, detailText=null, hasLongFeedbackText=false, reference=null, credits=3.230769230769231, positive=true, type=AUTOMATIC, visibility=ALWAYS, testCase=TestCaseDTO[testName=null, id=84]], FeedbackDTO[id=132, text=SCAFeedbackIdentifier:Bad Practice, detailText={"filePath":"src/code/Client.java","startLine":6,"endLine":6,"startColumn":1,"endColumn":26,"rule":"UnusedImports","category":"Best Practices","message":"Avoid unused imports such as 'javax.swing.JFrame'","priority":"4"}, hasLongFeedbackText=false, reference=PMD, credits=0.0, positive=false, type=AUTOMATIC, visibility=null, testCase=null], FeedbackDTO[id=133, text=SCAFeedbackIdentifier:Code Style, detailText={"filePath":"src/code/Client.java","startLine":7,"endLine":7,"startColumn":1,"endColumn":19,"rule":"DontImportJavaLang","category":"Code Style","message":"Avoid importing anything from the package java.lang","priority":"4"}, hasLongFeedbackText=false, reference=PMD, credits=0.0, positive=false, type=AUTOMATIC, visibility=null, testCase=null], FeedbackDTO[id=134, text=SCAFeedbackIdentifier:Bad Practice, detailText={"filePath":"src/code/Client.java","startLine":7,"endLine":7,"startColumn":1,"endColumn":19,"rule":"UnusedImports","category":"Best Practices","message":"Avoid unused imports such as 'java.lang'","priority":"4"}, hasLongFeedbackText=false, reference=PMD, credits=0.0, positive=false, type=AUTOMATIC, visibility=null, testCase=null], FeedbackDTO[id=135, text=SCAFeedbackIdentifier:Bad Practice, detailText={"filePath":"src/code/Client.java","startLine":73,"endLine":73,"startColumn":18,"endColumn":27,"rule":"UnusedLocalVariable","category":"Best Practices","message":"Avoid unused local variables such as 'randomDate'.","priority":"3"}, hasLongFeedbackText=false, reference=PMD, credits=0.0, positive=false, type=AUTOMATIC, visibility=null, testCase=null], FeedbackDTO[id=136, text=SCAFeedbackIdentifier:Bad Practice, detailText={"filePath":"src/code/Client.java","startLine":81,"endLine":81,"startColumn":31,"endColumn":53,"rule":"UnusedPrivateMethod","category":"Best Practices","message":"Avoid unused private methods such as 'CreateRandomDatesList()'.","priority":"3"}, hasLongFeedbackText=false, reference=PMD, credits=0.0, positive=false, type=AUTOMATIC, visibility=null, testCase=null], FeedbackDTO[id=137, text=SCAFeedbackIdentifier:Potential Bugs, detailText={"filePath":"src/code/Client.java","startLine":94,"endLine":94,"startColumn":9,"endColumn":9,"rule":"EmptyStatementNotInLoop","category":"Error Prone","message":"An empty statement (semicolon) not part of a loop","priority":"3"}, hasLongFeedbackText=false, reference=PMD, credits=0.0, positive=false, type=AUTOMATIC, visibility=null, testCase=null], FeedbackDTO[id=138, text=SCAFeedbackIdentifier:Potential Bugs, detailText={"filePath":"src/code/Client.java","startLine":94,"endLine":94,"startColumn":10,"endColumn":10,"rule":"EmptyStatementNotInLoop","category":"Error Prone","message":"An empty statement (semicolon) not part of a loop","priority":"3"}, hasLongFeedbackText=false, reference=PMD, credits=0.0, positive=false, type=AUTOMATIC, visibility=null, testCase=null], FeedbackDTO[id=139, text=SCAFeedbackIdentifier:Potential Bugs, detailText={"filePath":"src/code/Client.java","startLine":94,"endLine":94,"startColumn":11,"endColumn":11,"rule":"EmptyStatementNotInLoop","category":"Error Prone","message":"An empty statement (semicolon) not part of a loop","priority":"3"}, hasLongFeedbackText=false, reference=PMD, credits=0.0, positive=false, type=AUTOMATIC, visibility=null, testCase=null], FeedbackDTO[id=140, text=SCAFeedbackIdentifier:Code Style, detailText={"filePath":"src/code/Client.java","startLine":73,"endLine":73,"rule":"DLS_DEAD_LOCAL_STORE","category":"STYLE","message":"Dead store to randomDate in code.Client.createRandomDatesList()","priority":"2"}, hasLongFeedbackText=false, reference=SPOTBUGS, credits=0.0, positive=false, type=AUTOMATIC, visibility=null, testCase=null], FeedbackDTO[id=141, text=SCAFeedbackIdentifier:Bad Practice, detailText={"filePath":"src/code/Client.java","startLine":82,"endLine":95,"rule":"NM_METHOD_NAMING_CONVENTION","category":"BAD_PRACTICE","message":"The method name code.Client.CreateRandomDatesList() doesn't start with a lower case letter","priority":"3"}, hasLongFeedbackText=false, reference=SPOTBUGS, credits=0.0, positive=false, type=AUTOMATIC, visibility=null, testCase=null], FeedbackDTO[id=142, text=SCAFeedbackIdentifier:Performance, detailText={"filePath":"src/code/Client.java","startLine":82,"endLine":95,"rule":"UPM_UNCALLED_PRIVATE_METHOD","category":"PERFORMANCE","message":"Private method code.Client.CreateRandomDatesList() is never called","priority":"2"}, hasLongFeedbackText=false, reference=SPOTBUGS, credits=0.0, positive=false, type=AUTOMATIC, visibility=null, testCase=null], FeedbackDTO[id=143, text=SCAFeedbackIdentifier:Code Style, detailText={"filePath":"src/code/Client.java","startLine":70,"endLine":70,"startColumn":9,"endColumn":9,"rule":"NeedBracesCheck","category":"blocks","message":"'for' construct must use '{}'s.","priority":"error"}, hasLongFeedbackText=false, reference=CHECKSTYLE, credits=0.0, positive=false, type=AUTOMATIC, visibility=null, testCase=null], FeedbackDTO[id=144, text=SCAFeedbackIdentifier:Code Style, detailText={"filePath":"src/code/Client.java","startLine":93,"endLine":93,"startColumn":9,"endColumn":9,"rule":"EmptyStatementCheck","category":"coding","message":"Empty statement.","priority":"error"}, hasLongFeedbackText=false, reference=CHECKSTYLE, credits=0.0, positive=false, type=AUTOMATIC, visibility=null, testCase=null], FeedbackDTO[id=145, text=SCAFeedbackIdentifier:Code Style, detailText={"filePath":"src/code/Client.java","startLine":93,"endLine":93,"startColumn":10,"endColumn":10,"rule":"EmptyStatementCheck","category":"coding","message":"Empty statement.","priority":"error"}, hasLongFeedbackText=false, reference=CHECKSTYLE, credits=0.0, positive=false, type=AUTOMATIC, visibility=null, testCase=null], FeedbackDTO[id=146, text=SCAFeedbackIdentifier:Code Style, detailText={"filePath":"src/code/Client.java","startLine":93,"endLine":93,"startColumn":11,"endColumn":11,"rule":"EmptyStatementCheck","category":"coding","message":"Empty statement.","priority":"error"}, hasLongFeedbackText=false, reference=CHECKSTYLE, credits=0.0, positive=false, type=AUTOMATIC, visibility=null, testCase=null]], assessmentType=AUTOMATIC, hasComplaint=null, exampleResult=null, testCaseCount=13, passedTestCaseCount=1, codeIssueCount=15]], BuildJobQueueItem[id=4821739576584632, name=SHORT433BAC4500363044960B6E10DFA0493471B2TSTEXC-LOCALCIINTSTUDENT1, buildAgent=BuildAgentDTO[name=artemis-build-agent-test, memberAddress=[127.0.0.1]:5703, displayName=artemis-build-agent-test], participationId=482, courseId=154, exerciseId=305, retryCount=0, priority=2, status=SUCCESSFUL, repositoryInfo=RepositoryInfo[repositoryName=short433bac4500363044960b6e10dfa0493471b2tstexc-localciintstudent1, repositoryType=user, triggeredByPushTo=user, assignmentRepositoryUri=http://localhost:49152/git/SHORT433BAC4500363044960B6E10DFA0493471B2TSTEXC/short433bac4500363044960b6e10dfa0493471b2tstexc-localciintstudent1.git, testRepositoryUri=http://localhost:49152/git/SHORT433BAC4500363044960B6E10DFA0493471B2TSTEXC/short433bac4500363044960b6e10dfa0493471b2tstexc-tests.git, solutionRepositoryUri=null, auxiliaryRepositoryUris=[Ljava.lang.String;@cbd5322, auxiliaryRepositoryCheckoutDirectories=[Ljava.lang.String;@2681e293], jobTimingInfo=JobTimingInfo[submissionDate=2025-02-14T23:43:04.632341258Z[Etc/UTC], buildStartDate=2025-02-14T23:43:04.637633457Z[Etc/UTC], buildCompletionDate=2025-02-14T23:43:06.421238953Z[Etc/UTC], estimatedCompletionDate=2025-02-14T23:43:23.637623879Z[Etc/UTC], estimatedDuration=19], buildConfig=BuildConfig[buildScript=#!/bin/bash
cd /var/tmp/testing-dir
chmod +x ./gradlew
./gradlew clean test
, dockerImage=dummy-docker-image:latest, commitHashToBuild=8355c4f3cd5d3e0443707d3310206e460e333c6f, assignmentCommitHash=8355c4f3cd5d3e0443707d3310206e460e333c6f, testCommitHash=8355c4f3cd5d3e0443707d3310206e460e333c6f, branch=main, programmingLanguage=JAVA, projectType=PLAIN_GRADLE, scaEnabled=false, sequentialTestRunsEnabled=false, resultPaths=[/var/tmp/testing-dir/**/test-results/test/*.xml], timeoutSeconds=0, assignmentCheckoutPath=null, testCheckoutPath=null, solutionCheckoutPath=null, dockerRunConfig=null], submissionResult=ResultDTO[id=137, completionDate=2025-02-14T23:43:06.404877412Z[Etc/UTC], successful=false, score=7.7, rated=true, submission=SubmissionDTO[id=125, submitted=true, type=MANUAL, exampleSubmission=null, submissionDate=2025-02-14T23:43:04.623230Z, commitHash=8355c4f3cd5d3e0443707d3310206e460e333c6f, buildFailed=false, buildArtifact=false, participation=ParticipationDTO[id=482, testRun=false, type=programming, submissionCount=null, exercise=ParticipationExerciseDTO[id=305, exerciseType=PROGRAMMING, type=programming, assessmentType=AUTOMATIC, dueDate=2025-02-16T23:43:04.425734Z, assessmentDueDate=null, maxPoints=42.0, course=CourseDTO[id=154, accuracyOfScores=1]]], submissionExerciseType=programming, isProcessing=false, buildStartDate=null, estimatedCompletionDate=null], participation=ParticipationDTO[id=482, testRun=false, type=programming, submissionCount=null, exercise=ParticipationExerciseDTO[id=305, exerciseType=PROGRAMMING, type=programming, assessmentType=AUTOMATIC, dueDate=2025-02-16T23:43:04.425734Z, assessmentDueDate=null, maxPoints=42.0, course=CourseDTO[id=154, accuracyOfScores=1]]], feedbacks=[FeedbackDTO[id=147, text=null, detailText=The exercise expects a class with the name Context in the package testpackage. You did not implement the class in the exercise., hasLongFeedbackText=false, reference=null, credits=0.0, positive=false, type=AUTOMATIC, visibility=ALWAYS, testCase=TestCaseDTO[testName=null, id=104]], FeedbackDTO[id=148, text=null, detailText=The exercise expects a class with the name Policy in the package testpackage. You did not implement the class in the exercise., hasLongFeedbackText=false, reference=null, credits=0.0, positive=false, type=AUTOMATIC, visibility=ALWAYS, testCase=TestCaseDTO[testName=null, id=105]], FeedbackDTO[id=149, text=null, detailText=The exercise expects a class with the name SortStrategy in the package testpackage. You did not implement the class in the exercise., hasLongFeedbackText=false, reference=null, credits=0.0, positive=false, type=AUTOMATIC, visibility=ALWAYS, testCase=TestCaseDTO[testName=null, id=106]], FeedbackDTO[id=150, text=null, detailText=The class 'MergeSort' does not implement the interface 'SortStrategy' as expected. Implement the interface and its methods., hasLongFeedbackText=false, reference=null, credits=0.0, positive=false, type=AUTOMATIC, visibility=ALWAYS, testCase=TestCaseDTO[testName=null, id=101]], FeedbackDTO[id=151, text=null, detailText=The exercise expects a class with the name SortStrategy in the package testpackage. You did not implement the class in the exercise., hasLongFeedbackText=false, reference=null, credits=0.0, positive=false, type=AUTOMATIC, visibility=ALWAYS, testCase=TestCaseDTO[testName=null, id=98]], FeedbackDTO[id=152, text=null, detailText=The class 'BubbleSort' does not implement the interface 'SortStrategy' as expected. Implement the interface and its methods., hasLongFeedbackText=false, reference=null, credits=0.0, positive=false, type=AUTOMATIC, visibility=ALWAYS, testCase=TestCaseDTO[testName=null, id=102]], FeedbackDTO[id=153, text=null, detailText=MergeSort does not sort correctly, hasLongFeedbackText=false, reference=null, credits=0.0, positive=false, type=AUTOMATIC, visibility=ALWAYS, testCase=TestCaseDTO[testName=null, id=107]], FeedbackDTO[id=154, text=null, detailText=The class 'Context' was not found within the submission. Make sure to implement it properly., hasLongFeedbackText=false, reference=null, credits=0.0, positive=false, type=AUTOMATIC, visibility=ALWAYS, testCase=TestCaseDTO[testName=null, id=108]], FeedbackDTO[id=155, text=null, detailText=The class 'Context' was not found within the submission. Make sure to implement it properly., hasLongFeedbackText=false, reference=null, credits=0.0, positive=false, type=AUTOMATIC, visibility=ALWAYS, testCase=TestCaseDTO[testName=null, id=109]], FeedbackDTO[id=156, text=null, detailText=The exercise expects a class with the name Policy in the package testpackage. You did not implement the class in the exercise., hasLongFeedbackText=false, reference=null, credits=0.0, positive=false, type=AUTOMATIC, visibility=ALWAYS, testCase=TestCaseDTO[testName=null, id=103]], FeedbackDTO[id=157, text=null, detailText=The exercise expects a class with the name Context in the package testpackage. You did not implement the class in the exercise., hasLongFeedbackText=false, reference=null, credits=0.0, positive=false, type=AUTOMATIC, visibility=ALWAYS, testCase=TestCaseDTO[testName=null, id=99]], FeedbackDTO[id=158, text=null, detailText=The exercise expects a class with the name Policy in the package testpackage. You did not implement the class in the exercise., hasLongFeedbackText=false, reference=null, credits=0.0, positive=false, type=AUTOMATIC, visibility=ALWAYS, testCase=TestCaseDTO[testName=null, id=100]], FeedbackDTO[id=159, text=null, detailText=null, hasLongFeedbackText=false, reference=null, credits=3.230769230769231, positive=true, type=AUTOMATIC, visibility=ALWAYS, testCase=TestCaseDTO[testName=null, id=110]]], assessmentType=AUTOMATIC, hasComplaint=null, exampleResult=null, testCaseCount=13, passedTestCaseCount=1, codeIssueCount=0]], BuildJobQueueItem[id=4851739576588371, name=SHORT495D587A0856D04A9E08BC60D2E08365FB9ETSTEXC-LOCALCIINTSTUDENT1, buildAgent=BuildAgentDTO[name=artemis-build-agent-test, memberAddress=[127.0.0.1]:5703, displayName=artemis-build-agent-test], participationId=485, courseId=155, exerciseId=306, retryCount=0, priority=2, status=FAILED, repositoryInfo=RepositoryInfo[repositoryName=short495d587a0856d04a9e08bc60d2e08365fb9etstexc-localciintstudent1, repositoryType=user, triggeredByPushTo=user, assignmentRepositoryUri=http://localhost:49152/git/SHORT495D587A0856D04A9E08BC60D2E08365FB9ETSTEXC/short495d587a0856d04a9e08bc60d2e08365fb9etstexc-localciintstudent1.git, testRepositoryUri=http://localhost:49152/git/SHORT495D587A0856D04A9E08BC60D2E08365FB9ETSTEXC/short495d587a0856d04a9e08bc60d2e08365fb9etstexc-tests.git, solutionRepositoryUri=null, auxiliaryRepositoryUris=[Ljava.lang.String;@750d54, auxiliaryRepositoryCheckoutDirectories=[Ljava.lang.String;@74197a01], jobTimingInfo=JobTimingInfo[submissionDate=2025-02-14T23:43:08.371015915Z[Etc/UTC], buildStartDate=2025-02-14T23:43:08.374658929Z[Etc/UTC], buildCompletionDate=2025-02-14T23:43:09.341007666Z[Etc/UTC], estimatedCompletionDate=2025-02-14T23:43:27.374650503Z[Etc/UTC], estimatedDuration=19], buildConfig=BuildConfig[buildScript=#!/bin/bash
cd /var/tmp/testing-dir
chmod +x ./gradlew
./gradlew clean test
, dockerImage=dummy-docker-image:latest, commitHashToBuild=ebb8aa4dc3625fe07e975266e18313ad871ce864, assignmentCommitHash=9b3a9bd71a0d80e5bbc42204c319ed3d1d4f0d6d, testCommitHash=9b3a9bd71a0d80e5bbc42204c319ed3d1d4f0d6d, branch=main, programmingLanguage=JAVA, projectType=PLAIN_GRADLE, scaEnabled=false, sequentialTestRunsEnabled=false, resultPaths=[/var/tmp/testing-dir/**/test-results/test/*.xml], timeoutSeconds=0, assignmentCheckoutPath=null, testCheckoutPath=null, solutionCheckoutPath=null, dockerRunConfig=null], submissionResult=ResultDTO[id=138, completionDate=2025-02-14T23:43:09.343306574Z[Etc/UTC], successful=false, score=0.0, rated=true, submission=SubmissionDTO[id=127, submitted=true, type=MANUAL, exampleSubmission=null, submissionDate=2025-02-14T23:43:09.343306574Z[Etc/UTC], commitHash=9b3a9bd71a0d80e5bbc42204c319ed3d1d4f0d6d, buildFailed=true, buildArtifact=false, participation=ParticipationDTO[id=485, testRun=false, type=programming, submissionCount=null, exercise=ParticipationExerciseDTO[id=306, exerciseType=PROGRAMMING, type=programming, assessmentType=AUTOMATIC, dueDate=2025-02-16T23:43:08.185273Z, assessmentDueDate=null, maxPoints=42.0, course=CourseDTO[id=155, accuracyOfScores=1]]], submissionExerciseType=programming, isProcessing=false, buildStartDate=null, estimatedCompletionDate=null], participation=ParticipationDTO[id=485, testRun=false, type=programming, submissionCount=null, exercise=ParticipationExerciseDTO[id=306, exerciseType=PROGRAMMING, type=programming, assessmentType=AUTOMATIC, dueDate=2025-02-16T23:43:08.185273Z, assessmentDueDate=null, maxPoints=42.0, course=CourseDTO[id=155, accuracyOfScores=1]]], feedbacks=[], assessmentType=AUTOMATIC, hasComplaint=null, exampleResult=null, testCaseCount=0, passedTestCaseCount=0, codeIssueCount=0]], BuildJobQueueItem[id=4881739576590204, name=SHORT80B5DD0E0D6B304EBB096E9020B949996A1CTSTEXC-LOCALCIINTSTUDENT1, buildAgent=BuildAgentDTO[name=artemis-build-agent-test, memberAddress=[127.0.0.1]:5703, displayName=artemis-build-agent-test], participationId=488, courseId=156, exerciseId=307, retryCount=0, priority=2, status=SUCCESSFUL, repositoryInfo=RepositoryInfo[repositoryName=short80b5dd0e0d6b304ebb096e9020b949996a1ctstexc-localciintstudent1, repositoryType=user, triggeredByPushTo=user, assignmentRepositoryUri=http://localhost:49152/git/SHORT80B5DD0E0D6B304EBB096E9020B949996A1CTSTEXC/short80b5dd0e0d6b304ebb096e9020b949996a1ctstexc-localciintstudent1.git, testRepositoryUri=http://localhost:49152/git/SHORT80B5DD0E0D6B304EBB096E9020B949996A1CTSTEXC/short80b5dd0e0d6b304ebb096e9020b949996a1ctstexc-tests.git, solutionRepositoryUri=null, auxiliaryRepositoryUris=[Ljava.lang.String;@12db03e3, auxiliaryRepositoryCheckoutDirectories=[Ljava.lang.String;@3be7ee51], jobTimingInfo=JobTimingInfo[submissionDate=2025-02-14T23:43:10.204264160Z[Etc/UTC], buildStartDate=2025-02-14T23:43:10.223149139Z[Etc/UTC], buildCompletionDate=2025-02-14T23:43:12.086509109Z[Etc/UTC], estimatedCompletionDate=2025-02-14T23:43:29.223142246Z[Etc/UTC], estimatedDuration=19], buildConfig=BuildConfig[buildScript=#!/bin/bash
cd /var/tmp/testing-dir
chmod +x ./gradlew
./gradlew clean test
, dockerImage=dummy-docker-image:latest, commitHashToBuild=b806a93102242552beed7c01b08b2769731814b3, assignmentCommitHash=b806a93102242552beed7c01b08b2769731814b3, testCommitHash=b806a93102242552beed7c01b08b2769731814b3, branch=main, programmingLanguage=JAVA, projectType=PLAIN_GRADLE, scaEnabled=false, sequentialTestRunsEnabled=false, resultPaths=[/var/tmp/testing-dir/**/test-results/test/*.xml], timeoutSeconds=0, assignmentCheckoutPath=null, testCheckoutPath=null, solutionCheckoutPath=null, dockerRunConfig=null], submissionResult=ResultDTO[id=139, completionDate=2025-02-14T23:43:12.066436124Z[Etc/UTC], successful=false, score=0.0, rated=true, submission=SubmissionDTO[id=128, submitted=true, type=MANUAL, exampleSubmission=null, submissionDate=2025-02-14T23:43:10.192407Z, commitHash=b806a93102242552beed7c01b08b2769731814b3, buildFailed=true, buildArtifact=false, participation=ParticipationDTO[id=488, testRun=false, type=programming, submissionCount=null, exercise=ParticipationExerciseDTO[id=307, exerciseType=PROGRAMMING, type=programming, assessmentType=AUTOMATIC, dueDate=2025-02-16T23:43:09.986646Z, assessmentDueDate=null, maxPoints=42.0, course=CourseDTO[id=156, accuracyOfScores=1]]], submissionExerciseType=programming, isProcessing=false, buildStartDate=null, estimatedCompletionDate=null], participation=ParticipationDTO[id=488, testRun=false, type=programming, submissionCount=null, exercise=ParticipationExerciseDTO[id=307, exerciseType=PROGRAMMING, type=programming, assessmentType=AUTOMATIC, dueDate=2025-02-16T23:43:09.986646Z, assessmentDueDate=null, maxPoints=42.0, course=CourseDTO[id=156, accuracyOfScores=1]]], feedbacks=[], assessmentType=AUTOMATIC, hasComplaint=null, exampleResult=null, testCaseCount=0, passedTestCaseCount=0, codeIssueCount=0]], BuildJobQueueItem[id=4911739576593817, name=SHORT585B2198089880462509B3007867E72DFB7ATSTEXC-LOCALCIINTSTUDENT1, buildAgent=BuildAgentDTO[name=artemis-build-agent-test, memberAddress=[127.0.0.1]:5703, displayName=artemis-build-agent-test], participationId=491, courseId=157, exerciseId=308, retryCount=0, priority=2, status=SUCCESSFUL, repositoryInfo=RepositoryInfo[repositoryName=short585b2198089880462509b3007867e72dfb7atstexc-localciintstudent1, repositoryType=user, triggeredByPushTo=user, assignmentRepositoryUri=http://localhost:49152/git/SHORT585B2198089880462509B3007867E72DFB7ATSTEXC/short585b2198089880462509b3007867e72dfb7atstexc-localciintstudent1.git, testRepositoryUri=http://localhost:49152/git/SHORT585B2198089880462509B3007867E72DFB7ATSTEXC/short585b2198089880462509b3007867e72dfb7atstexc-tests.git, solutionRepositoryUri=null, auxiliaryRepositoryUris=[Ljava.lang.String;@13d04bd4, auxiliaryRepositoryCheckoutDirectories=[Ljava.lang.String;@2c26e2dd], jobTimingInfo=JobTimingInfo[submissionDate=2025-02-14T23:43:13.817124706Z[Etc/UTC], buildStartDate=2025-02-14T23:43:13.834335931Z[Etc/UTC], buildCompletionDate=2025-02-14T23:43:15.746259139Z[Etc/UTC], estimatedCompletionDate=2025-02-14T23:43:32.834326082Z[Etc/UTC], estimatedDuration=19], buildConfig=BuildConfig[buildScript=#!/bin/bash
cd /var/tmp/testing-dir
chmod +x ./gradlew
./gradlew clean test
, dockerImage=dummy-docker-image:latest, commitHashToBuild=42077d078a5d5042fe2d4bd8299a990d342fce6e, assignmentCommitHash=42077d078a5d5042fe2d4bd8299a990d342fce6e, testCommitHash=42077d078a5d5042fe2d4bd8299a990d342fce6e, branch=main, programmingLanguage=JAVA, projectType=PLAIN_GRADLE, scaEnabled=false, sequentialTestRunsEnabled=false, resultPaths=[/var/tmp/testing-dir/**/test-results/test/*.xml], timeoutSeconds=0, assignmentCheckoutPath=null, testCheckoutPath=null, solutionCheckoutPath=null, dockerRunConfig=null], submissionResult=ResultDTO[id=140, completionDate=2025-02-14T23:43:15.725343914Z[Etc/UTC], successful=false, score=0.0, rated=true, submission=SubmissionDTO[id=129, submitted=true, type=MANUAL, exampleSubmission=null, submissionDate=2025-02-14T23:43:13.805401Z, commitHash=42077d078a5d5042fe2d4bd8299a990d342fce6e, buildFailed=false, buildArtifact=false, participation=ParticipationDTO[id=491, testRun=false, type=programming, submissionCount=null, exercise=ParticipationExerciseDTO[id=308, exerciseType=PROGRAMMING, type=programming, assessmentType=AUTOMATIC, dueDate=2025-02-16T23:43:13.569213Z, assessmentDueDate=null, maxPoints=42.0, course=CourseDTO[id=157, accuracyOfScores=1]]], submissionExerciseType=programming, isProcessing=false, buildStartDate=null, estimatedCompletionDate=null], participation=ParticipationDTO[id=491, testRun=false, type=programming, submissionCount=null, exercise=ParticipationExerciseDTO[id=308, exerciseType=PROGRAMMING, type=programming, assessmentType=AUTOMATIC, dueDate=2025-02-16T23:43:13.569213Z, assessmentDueDate=null, maxPoints=42.0, course=CourseDTO[id=157, accuracyOfScores=1]]], feedbacks=[FeedbackDTO[id=160, text=null, detailText=Deine Einreichung enthält keine Ausgabe. (67cac2), hasLongFeedbackText=false, reference=null, credits=0.0, positive=false, type=AUTOMATIC, visibility=ALWAYS, testCase=TestCaseDTO[testName=null, id=146]], FeedbackDTO[id=161, text=null, detailText=test `add` failed on ≥ 1 cases:
(0, 0)
Your submission raised an error Failure("TODO add"), hasLongFeedbackText=false, reference=null, credits=0.0, positive=false, type=AUTOMATIC, visibility=ALWAYS, testCase=TestCaseDTO[testName=null, id=149]], FeedbackDTO[id=162, text=null, detailText=test `filter` failed on ≥ 1 cases:
(even, [1; 2; 3; 4])
Your submission raised an error Failure("TODO filter"), hasLongFeedbackText=false, reference=null, credits=0.0, positive=false, type=AUTOMATIC, visibility=ALWAYS, testCase=TestCaseDTO[testName=null, id=148]], FeedbackDTO[id=163, text=null, detailText=Test was not executed., hasLongFeedbackText=false, reference=null, credits=0.0, positive=null, type=AUTOMATIC, visibility=null, testCase=TestCaseDTO[testName=null, id=137]], FeedbackDTO[id=164, text=null, detailText=Test was not executed., hasLongFeedbackText=false, reference=null, credits=0.0, positive=null, type=AUTOMATIC, visibility=null, testCase=TestCaseDTO[testName=null, id=138]], FeedbackDTO[id=165, text=null, detailText=Test was not executed., hasLongFeedbackText=false, reference=null, credits=0.0, positive=null, type=AUTOMATIC, visibility=null, testCase=TestCaseDTO[testName=null, id=139]], FeedbackDTO[id=166, text=null, detailText=Test was not executed., hasLongFeedbackText=false, reference=null, credits=0.0, positive=null, type=AUTOMATIC, visibility=null, testCase=TestCaseDTO[testName=null, id=140]], FeedbackDTO[id=167, text=null, detailText=Test was not executed., hasLongFeedbackText=false, reference=null, credits=0.0, positive=null, type=AUTOMATIC, visibility=null, testCase=TestCaseDTO[testName=null, id=141]], FeedbackDTO[id=168, text=null, detailText=Test was not executed., hasLongFeedbackText=false, reference=null, credits=0.0, positive=null, type=AUTOMATIC, visibility=null, testCase=TestCaseDTO[testName=null, id=142]], FeedbackDTO[id=169, text=null, detailText=Test was not executed., hasLongFeedbackText=false, reference=null, credits=0.0, positive=null, type=AUTOMATIC, visibility=null, testCase=TestCaseDTO[testName=null, id=143]], FeedbackDTO[id=170, text=null, detailText=Test was not executed., hasLongFeedbackText=false, reference=null, credits=0.0, positive=null, type=AUTOMATIC, visibility=null, testCase=TestCaseDTO[testName=null, id=144]], FeedbackDTO[id=171, text=null, detailText=Test was not executed., hasLongFeedbackText=false, reference=null, credits=0.0, positive=null, type=AUTOMATIC, visibility=null, testCase=TestCaseDTO[testName=null, id=145]], FeedbackDTO[id=172, text=null, detailText=Test was not executed., hasLongFeedbackText=false, reference=null, credits=0.0, positive=null, type=AUTOMATIC, visibility=null, testCase=TestCaseDTO[testName=null, id=147]]], assessmentType=AUTOMATIC, hasComplaint=null, exampleResult=null, testCaseCount=13, passedTestCaseCount=0, codeIssueCount=0]], BuildJobQueueItem[id=4941739576597286, name=SHORTFBCBD7BF0E6EB0451A080E80FCB407DC1F12TSTEXC-LOCALCIINTSTUDENT1, buildAgent=BuildAgentDTO[name=artemis-build-agent-test, memberAddress=[127.0.0.1]:5703, displayName=artemis-build-agent-test], participationId=494, courseId=158, exerciseId=309, retryCount=0, priority=2, status=SUCCESSFUL, repositoryInfo=RepositoryInfo[repositoryName=shortfbcbd7bf0e6eb0451a080e80fcb407dc1f12tstexc-localciintstudent1, repositoryType=user, triggeredByPushTo=user, assignmentRepositoryUri=http://localhost:49152/git/SHORTFBCBD7BF0E6EB0451A080E80FCB407DC1F12TSTEXC/shortfbcbd7bf0e6eb0451a080e80fcb407dc1f12tstexc-localciintstudent1.git, testRepositoryUri=http://localhost:49152/git/SHORTFBCBD7BF0E6EB0451A080E80FCB407DC1F12TSTEXC/shortfbcbd7bf0e6eb0451a080e80fcb407dc1f12tstexc-tests.git, solutionRepositoryUri=null, auxiliaryRepositoryUris=[Ljava.lang.String;@662828a1, auxiliaryRepositoryCheckoutDirectories=[Ljava.lang.String;@6239d753], jobTimingInfo=JobTimingInfo[submissionDate=2025-02-14T23:43:17.286977233Z[Etc/UTC], buildStartDate=2025-02-14T23:43:17.293977347Z[Etc/UTC], buildCompletionDate=2025-02-14T23:43:18.740990762Z[Etc/UTC], estimatedCompletionDate=2025-02-14T23:43:36.293970494Z[Etc/UTC], estimatedDuration=19], buildConfig=BuildConfig[buildScript=#!/bin/bash
cd /var/tmp/testing-dir
chmod +x ./gradlew
./gradlew clean test
, dockerImage=dummy-docker-image:latest, commitHashToBuild=4a1af7e8a64e6505c5fc09b9f81ea41af9fcff44, assignmentCommitHash=4a1af7e8a64e6505c5fc09b9f81ea41af9fcff44, testCommitHash=4a1af7e8a64e6505c5fc09b9f81ea41af9fcff44, branch=main, programmingLanguage=JAVA, projectType=PLAIN_GRADLE, scaEnabled=false, sequentialTestRunsEnabled=false, resultPaths=[/var/tmp/testing-dir/**/test-results/test/*.xml], timeoutSeconds=0, assignmentCheckoutPath=null, testCheckoutPath=null, solutionCheckoutPath=null, dockerRunConfig=null], submissionResult=ResultDTO[id=141, completionDate=2025-02-14T23:43:18.729015138Z[Etc/UTC], successful=false, score=0.0, rated=true, submission=SubmissionDTO[id=130, submitted=true, type=MANUAL, exampleSubmission=null, submissionDate=2025-02-14T23:43:17.272936Z, commitHash=4a1af7e8a64e6505c5fc09b9f81ea41af9fcff44, buildFailed=true, buildArtifact=false, participation=ParticipationDTO[id=494, testRun=false, type=programming, submissionCount=null, exercise=ParticipationExerciseDTO[id=309, exerciseType=PROGRAMMING, type=programming, assessmentType=AUTOMATIC, dueDate=2025-02-16T23:43:17.147218Z, assessmentDueDate=null, maxPoints=42.0, course=CourseDTO[id=158, accuracyOfScores=1]]], submissionExerciseType=programming, isProcessing=false, buildStartDate=null, estimatedCompletionDate=null], participation=ParticipationDTO[id=494, testRun=false, type=programming, submissionCount=null, exercise=ParticipationExerciseDTO[id=309, exerciseType=PROGRAMMING, type=programming, assessmentType=AUTOMATIC, dueDate=2025-02-16T23:43:17.147218Z, assessmentDueDate=null, maxPoints=42.0, course=CourseDTO[id=158, accuracyOfScores=1]]], feedbacks=[], assessmentType=AUTOMATIC, hasComplaint=null, exampleResult=null, testCaseCount=0, passedTestCaseCount=0, codeIssueCount=0]], BuildJobQueueItem[id=4971739576599269, name=SHORT52AD57270517204728083260501A19D262D1TSTEXC-LOCALCIINTSTUDENT1, buildAgent=BuildAgentDTO[name=artemis-build-agent-test, memberAddress=[127.0.0.1]:5703, displayName=artemis-build-agent-test], participationId=497, courseId=159, exerciseId=310, retryCount=0, priority=2, status=SUCCESSFUL, repositoryInfo=RepositoryInfo[repositoryName=short52ad57270517204728083260501a19d262d1tstexc-localciintstudent1, repositoryType=user, triggeredByPushTo=user, assignmentRepositoryUri=http://localhost:49152/git/SHORT52AD57270517204728083260501A19D262D1TSTEXC/short52ad57270517204728083260501a19d262d1tstexc-localciintstudent1.git, testRepositoryUri=http://localhost:49152/git/SHORT52AD57270517204728083260501A19D262D1TSTEXC/short52ad57270517204728083260501a19d262d1tstexc-tests.git, solutionRepositoryUri=null, auxiliaryRepositoryUris=[Ljava.lang.String;@73a6ae2b, auxiliaryRepositoryCheckoutDirectories=[Ljava.lang.String;@680d8a88], jobTimingInfo=JobTimingInfo[submissionDate=2025-02-14T23:43:19.269997499Z[Etc/UTC], buildStartDate=2025-02-14T23:43:19.277325895Z[Etc/UTC], buildCompletionDate=2025-02-14T23:43:20.497391524Z[Etc/UTC], estimatedCompletionDate=2025-02-14T23:43:38.277310787Z[Etc/UTC], estimatedDuration=19], buildConfig=BuildConfig[buildScript=#!/bin/bash
cd /var/tmp/testing-dir
chmod +x ./gradlew
./gradlew clean test
, dockerImage=dummy-docker-image:latest, commitHashToBuild=9f4f76247a188e9a0f3516a9fbd60e829d53fb05, assignmentCommitHash=9f4f76247a188e9a0f3516a9fbd60e829d53fb05, testCommitHash=9f4f76247a188e9a0f3516a9fbd60e829d53fb05, branch=main, programmingLanguage=JAVA, projectType=PLAIN_GRADLE, scaEnabled=false, sequentialTestRunsEnabled=false, resultPaths=[/var/tmp/testing-dir/**/test-results/test/*.xml], timeoutSeconds=0, assignmentCheckoutPath=null, testCheckoutPath=null, solutionCheckoutPath=null, dockerRunConfig=null], submissionResult=ResultDTO[id=142, completionDate=2025-02-14T23:43:20.484244187Z[Etc/UTC], successful=false, score=7.7, rated=true, submission=SubmissionDTO[id=131, submitted=true, type=MANUAL, exampleSubmission=null, submissionDate=2025-02-14T23:43:19.265464Z, commitHash=9f4f76247a188e9a0f3516a9fbd60e829d53fb05, buildFailed=false, buildArtifact=false, participation=ParticipationDTO[id=497, testRun=false, type=programming, submissionCount=null, exercise=ParticipationExerciseDTO[id=310, exerciseType=PROGRAMMING, type=programming, assessmentType=AUTOMATIC, dueDate=2025-02-16T23:43:19.182228Z, assessmentDueDate=null, maxPoints=42.0, course=CourseDTO[id=159, accuracyOfScores=1]]], submissionExerciseType=programming, isProcessing=false, buildStartDate=null, estimatedCompletionDate=null], participation=ParticipationDTO[id=497, testRun=false, type=programming, submissionCount=null, exercise=ParticipationExerciseDTO[id=310, exerciseType=PROGRAMMING, type=programming, assessmentType=AUTOMATIC, dueDate=2025-02-16T23:43:19.182228Z, assessmentDueDate=null, maxPoints=42.0, course=CourseDTO[id=159, accuracyOfScores=1]]], feedbacks=[FeedbackDTO[id=173, text=null, detailText=The exercise expects a class with the name Context in the package testpackage. You did not implement the class in the exercise., hasLongFeedbackText=false, reference=null, credits=0.0, positive=false, type=AUTOMATIC, visibility=ALWAYS, testCase=TestCaseDTO[testName=null, id=169]], FeedbackDTO[id=174, text=null, detailText=The exercise expects a class with the name Policy in the package testpackage. You did not implement the class in the exercise., hasLongFeedbackText=false, reference=null, credits=0.0, positive=false, type=AUTOMATIC, visibility=ALWAYS, testCase=TestCaseDTO[testName=null, id=170]], FeedbackDTO[id=175, text=null, detailText=The exercise expects a class with the name SortStrategy in the package testpackage. You did not implement the class in the exercise., hasLongFeedbackText=false, reference=null, credits=0.0, positive=false, type=AUTOMATIC, visibility=ALWAYS, testCase=TestCaseDTO[testName=null, id=171]], FeedbackDTO[id=176, text=null, detailText=The class 'MergeSort' does not implement the interface 'SortStrategy' as expected. Implement the interface and its methods., hasLongFeedbackText=false, reference=null, credits=0.0, positive=false, type=AUTOMATIC, visibility=ALWAYS, testCase=TestCaseDTO[testName=null, id=166]], FeedbackDTO[id=177, text=null, detailText=The exercise expects a class with the name SortStrategy in the package testpackage. You did not implement the class in the exercise., hasLongFeedbackText=false, reference=null, credits=0.0, positive=false, type=AUTOMATIC, visibility=ALWAYS, testCase=TestCaseDTO[testName=null, id=163]], FeedbackDTO[id=178, text=null, detailText=The class 'BubbleSort' does not implement the interface 'SortStrategy' as expected. Implement the interface and its methods., hasLongFeedbackText=false, reference=null, credits=0.0, positive=false, type=AUTOMATIC, visibility=ALWAYS, testCase=TestCaseDTO[testName=null, id=167]], FeedbackDTO[id=179, text=null, detailText=MergeSort does not sort correctly, hasLongFeedbackText=false, reference=null, credits=0.0, positive=false, type=AUTOMATIC, visibility=ALWAYS, testCase=TestCaseDTO[testName=null, id=172]], FeedbackDTO[id=180, text=null, detailText=The class 'Context' was not found within the submission. Make sure to implement it properly., hasLongFeedbackText=false, reference=null, credits=0.0, positive=false, type=AUTOMATIC, visibility=ALWAYS, testCase=TestCaseDTO[testName=null, id=173]], FeedbackDTO[id=181, text=null, detailText=The class 'Context' was not found within the submission. Make sure to implement it properly., hasLongFeedbackText=false, reference=null, credits=0.0, positive=false, type=AUTOMATIC, visibility=ALWAYS, testCase=TestCaseDTO[testName=null, id=174]], FeedbackDTO[id=182, text=null, detailText=The exercise expects a class with the name Policy in the package testpackage. You did not implement the class in the exercise., hasLongFeedbackText=false, reference=null, credits=0.0, positive=false, type=AUTOMATIC, visibility=ALWAYS, testCase=TestCaseDTO[testName=null, id=168]], FeedbackDTO[id=183, text=null, detailText=The exercise expects a class with the name Context in the package testpackage. You did not implement the class in the exercise., hasLongFeedbackText=false, reference=null, credits=0.0, positive=false, type=AUTOMATIC, visibility=ALWAYS, testCase=TestCaseDTO[testName=null, id=164]], FeedbackDTO[id=184, text=null, detailText=The exercise expects a class with the name Policy in the package testpackage. You did not implement the class in the exercise., hasLongFeedbackText=false, reference=null, credits=0.0, positive=false, type=AUTOMATIC, visibility=ALWAYS, testCase=TestCaseDTO[testName=null, id=165]], FeedbackDTO[id=185, text=null, detailText=null, hasLongFeedbackText=false, reference=null, credits=3.230769230769231, positive=true, type=AUTOMATIC, visibility=ALWAYS, testCase=TestCaseDTO[testName=null, id=175]]], assessmentType=AUTOMATIC, hasComplaint=null, exampleResult=null, testCaseCount=13, passedTestCaseCount=1, codeIssueCount=0]], BuildJobQueueItem[id=5001739576601035, name=SHORT582B1BDC0A17704D6D0A46800FC19163DA47TSTEXC-LOCALCIINTSTUDENT1, buildAgent=BuildAgentDTO[name=artemis-build-agent-test, memberAddress=[127.0.0.1]:5703, displayName=artemis-build-agent-test], participationId=500, courseId=160, exerciseId=311, retryCount=0, priority=2, status=SUCCESSFUL, repositoryInfo=RepositoryInfo[repositoryName=short582b1bdc0a17704d6d0a46800fc19163da47tstexc-localciintstudent1, repositoryType=user, triggeredByPushTo=user, assignmentRepositoryUri=http://localhost:49152/git/SHORT582B1BDC0A17704D6D0A46800FC19163DA47TSTEXC/short582b1bdc0a17704d6d0a46800fc19163da47tstexc-localciintstudent1.git, testRepositoryUri=http://localhost:49152/git/SHORT582B1BDC0A17704D6D0A46800FC19163DA47TSTEXC/short582b1bdc0a17704d6d0a46800fc19163da47tstexc-tests.git, solutionRepositoryUri=null, auxiliaryRepositoryUris=[Ljava.lang.String;@4f47ca08, auxiliaryRepositoryCheckoutDirectories=[Ljava.lang.String;@63e80ffc], jobTimingInfo=JobTimingInfo[submissionDate=2025-02-14T23:43:21.035120760Z[Etc/UTC], buildStartDate=2025-02-14T23:43:21.040320383Z[Etc/UTC], buildCompletionDate=2025-02-14T23:43:22.581236903Z[Etc/UTC], estimatedCompletionDate=2025-02-14T23:43:40.040312057Z[Etc/UTC], estimatedDuration=19], buildConfig=BuildConfig[buildScript=#!/bin/bash
cd /var/tmp/testing-dir
chmod +x ./gradlew
./gradlew clean test
, dockerImage=dummy-docker-image:latest, commitHashToBuild=887566cf754016f986627cf5c5c365dea16c907f, assignmentCommitHash=887566cf754016f986627cf5c5c365dea16c907f, testCommitHash=6af67146332066e7430917928a4b9b81c43b7c71, branch=main, programmingLanguage=JAVA, projectType=PLAIN_GRADLE, scaEnabled=false, sequentialTestRunsEnabled=false, resultPaths=[/var/tmp/testing-dir/**/test-results/test/*.xml], timeoutSeconds=0, assignmentCheckoutPath=customAssignmentPath, testCheckoutPath=null, solutionCheckoutPath=null, dockerRunConfig=null], submissionResult=ResultDTO[id=143, completionDate=2025-02-14T23:43:22.538158998Z[Etc/UTC], successful=false, score=7.7, rated=true, submission=SubmissionDTO[id=132, submitted=true, type=MANUAL, exampleSubmission=null, submissionDate=2025-02-14T23:43:21.028930Z, commitHash=887566cf754016f986627cf5c5c365dea16c907f, buildFailed=false, buildArtifact=false, participation=ParticipationDTO[id=500, testRun=false, type=programming, submissionCount=null, exercise=ParticipationExerciseDTO[id=311, exerciseType=PROGRAMMING, type=programming, assessmentType=AUTOMATIC, dueDate=2025-02-16T23:43:20.897280Z, assessmentDueDate=null, maxPoints=42.0, course=CourseDTO[id=160, accuracyOfScores=1]]], submissionExerciseType=programming, isProcessing=false, buildStartDate=null, estimatedCompletionDate=null], participation=ParticipationDTO[id=500, testRun=false, type=programming, submissionCount=null, exercise=ParticipationExerciseDTO[id=311, exerciseType=PROGRAMMING, type=programming, assessmentType=AUTOMATIC, dueDate=2025-02-16T23:43:20.897280Z, assessmentDueDate=null, maxPoints=42.0, course=CourseDTO[id=160, accuracyOfScores=1]]], feedbacks=[FeedbackDTO[id=186, text=null, detailText=The exercise expects a class with the name Context in the package testpackage. You did not implement the class in the exercise., hasLongFeedbackText=false, reference=null, credits=0.0, positive=false, type=AUTOMATIC, visibility=ALWAYS, testCase=TestCaseDTO[testName=null, id=182]], FeedbackDTO[id=187, text=null, detailText=The exercise expects a class with the name Policy in the package testpackage. You did not implement the class in the exercise., hasLongFeedbackText=false, reference=null, credits=0.0, positive=false, type=AUTOMATIC, visibility=ALWAYS, testCase=TestCaseDTO[testName=null, id=183]], FeedbackDTO[id=188, text=null, detailText=The exercise expects a class with the name SortStrategy in the package testpackage. You did not implement the class in the exercise., hasLongFeedbackText=false, reference=null, credits=0.0, positive=false, type=AUTOMATIC, visibility=ALWAYS, testCase=TestCaseDTO[testName=null, id=184]], FeedbackDTO[id=189, text=null, detailText=The class 'MergeSort' does not implement the interface 'SortStrategy' as expected. Implement the interface and its methods., hasLongFeedbackText=false, reference=null, credits=0.0, positive=false, type=AUTOMATIC, visibility=ALWAYS, testCase=TestCaseDTO[testName=null, id=179]], FeedbackDTO[id=190, text=null, detailText=The exercise expects a class with the name SortStrategy in the package testpackage. You did not implement the class in the exercise., hasLongFeedbackText=false, reference=null, credits=0.0, positive=false, type=AUTOMATIC, visibility=ALWAYS, testCase=TestCaseDTO[testName=null, id=176]], FeedbackDTO[id=191, text=null, detailText=The class 'BubbleSort' does not implement the interface 'SortStrategy' as expected. Implement the interface and its methods., hasLongFeedbackText=false, reference=null, credits=0.0, positive=false, type=AUTOMATIC, visibility=ALWAYS, testCase=TestCaseDTO[testName=null, id=180]], FeedbackDTO[id=192, text=null, detailText=MergeSort does not sort correctly, hasLongFeedbackText=false, reference=null, credits=0.0, positive=false, type=AUTOMATIC, visibility=ALWAYS, testCase=TestCaseDTO[testName=null, id=185]], FeedbackDTO[id=193, text=null, detailText=The class 'Context' was not found within the submission. Make sure to implement it properly., hasLongFeedbackText=false, reference=null, credits=0.0, positive=false, type=AUTOMATIC, visibility=ALWAYS, testCase=TestCaseDTO[testName=null, id=186]], FeedbackDTO[id=194, text=null, detailText=The class 'Context' was not found within the submission. Make sure to implement it properly., hasLongFeedbackText=false, reference=null, credits=0.0, positive=false, type=AUTOMATIC, visibility=ALWAYS, testCase=TestCaseDTO[testName=null, id=187]], FeedbackDTO[id=195, text=null, detailText=The exercise expects a class with the name Policy in the package testpackage. You did not implement the class in the exercise., hasLongFeedbackText=false, reference=null, credits=0.0, positive=false, type=AUTOMATIC, visibility=ALWAYS, testCase=TestCaseDTO[testName=null, id=181]], FeedbackDTO[id=196, text=null, detailText=The exercise expects a class with the name Context in the package testpackage. You did not implement the class in the exercise., hasLongFeedbackText=false, reference=null, credits=0.0, positive=false, type=AUTOMATIC, visibility=ALWAYS, testCase=TestCaseDTO[testName=null, id=177]], FeedbackDTO[id=197, text=null, detailText=The exercise expects a class with the name Policy in the package testpackage. You did not implement the class in the exercise., hasLongFeedbackText=false, reference=null, credits=0.0, positive=false, type=AUTOMATIC, visibility=ALWAYS, testCase=TestCaseDTO[testName=null, id=178]], FeedbackDTO[id=198, text=null, detailText=null, hasLongFeedbackText=false, reference=null, credits=3.230769230769231, positive=true, type=AUTOMATIC, visibility=ALWAYS, testCase=TestCaseDTO[testName=null, id=188]]], assessmentType=AUTOMATIC, hasComplaint=null, exampleResult=null, testCaseCount=13, passedTestCaseCount=1, codeIssueCount=0]], BuildJobQueueItem[id=5031739576604847, name=SHORT00FA1A240403404C7E097D7007C591BE2AB1TSTEXC-LOCALCIINTSTUDENT1, buildAgent=BuildAgentDTO[name=artemis-build-agent-test, memberAddress=[127.0.0.1]:5703, displayName=artemis-build-agent-test], participationId=503, courseId=161, exerciseId=312, retryCount=0, priority=2, status=FAILED, repositoryInfo=RepositoryInfo[repositoryName=short00fa1a240403404c7e097d7007c591be2ab1tstexc-localciintstudent1, repositoryType=user, triggeredByPushTo=user, assignmentRepositoryUri=http://localhost:49152/git/SHORT00FA1A240403404C7E097D7007C591BE2AB1TSTEXC/short00fa1a240403404c7e097d7007c591be2ab1tstexc-localciintstudent1.git, testRepositoryUri=http://localhost:49152/git/SHORT00FA1A240403404C7E097D7007C591BE2AB1TSTEXC/short00fa1a240403404c7e097d7007c591be2ab1tstexc-tests.git, solutionRepositoryUri=null, auxiliaryRepositoryUris=[Ljava.lang.String;@25f9225c, auxiliaryRepositoryCheckoutDirectories=[Ljava.lang.String;@21a4a5a1], jobTimingInfo=JobTimingInfo[submissionDate=2025-02-14T23:43:24.847396156Z[Etc/UTC], buildStartDate=2025-02-14T23:43:24.860457211Z[Etc/UTC], buildCompletionDate=2025-02-14T23:43:26.809353681Z[Etc/UTC], estimatedCompletionDate=2025-02-14T23:43:46.860451490Z[Etc/UTC], estimatedDuration=22], buildConfig=BuildConfig[buildScript=#!/bin/bash
cd /var/tmp/testing-dir
chmod +x ./gradlew
./gradlew clean test
, dockerImage=dummy-docker-image:latest, commitHashToBuild=9690714a509af0a98c6790a7e52ee3574c7ef689, assignmentCommitHash=9690714a509af0a98c6790a7e52ee3574c7ef689, testCommitHash=9690714a509af0a98c6790a7e52ee3574c7ef689, branch=main, programmingLanguage=JAVA, projectType=PLAIN_GRADLE, scaEnabled=false, sequentialTestRunsEnabled=false, resultPaths=[/var/tmp/testing-dir/**/test-results/test/*.xml], timeoutSeconds=0, assignmentCheckoutPath=null, testCheckoutPath=null, solutionCheckoutPath=null, dockerRunConfig=null], submissionResult=ResultDTO[id=144, completionDate=2025-02-14T23:43:26.809483684Z[Etc/UTC], successful=false, score=0.0, rated=true, submission=SubmissionDTO[id=133, submitted=true, type=MANUAL, exampleSubmission=null, submissionDate=2025-02-14T23:43:24.841319Z, commitHash=9690714a509af0a98c6790a7e52ee3574c7ef689, buildFailed=true, buildArtifact=false, participation=ParticipationDTO[id=503, testRun=false, type=programming, submissionCount=null, exercise=ParticipationExerciseDTO[id=312, exerciseType=PROGRAMMING, type=programming, assessmentType=AUTOMATIC, dueDate=2025-02-16T23:43:24.571329Z, assessmentDueDate=null, maxPoints=42.0, course=CourseDTO[id=161, accuracyOfScores=1]]], submissionExerciseType=programming, isProcessing=false, buildStartDate=null, estimatedCompletionDate=null], participation=ParticipationDTO[id=503, testRun=false, type=programming, submissionCount=null, exercise=ParticipationExerciseDTO[id=312, exerciseType=PROGRAMMING, type=programming, assessmentType=AUTOMATIC, dueDate=2025-02-16T23:43:24.571329Z, assessmentDueDate=null, maxPoints=42.0, course=CourseDTO[id=161, accuracyOfScores=1]]], feedbacks=[], assessmentType=AUTOMATIC, hasComplaint=null, exampleResult=null, testCaseCount=0, passedTestCaseCount=0, codeIssueCount=0]], BuildJobQueueItem[id=5061739576605250, name=SHORT62C808EE04ECE040740AF7B0CF3AE5F5BEF2TSTEXC-LOCALCIINTSTUDENT1, buildAgent=BuildAgentDTO[name=artemis-build-agent-test, memberAddress=[127.0.0.1]:5703, displayName=artemis-build-agent-test], participationId=506, courseId=162, exerciseId=313, retryCount=0, priority=2, status=SUCCESSFUL, repositoryInfo=RepositoryInfo[repositoryName=short62c808ee04ece040740af7b0cf3ae5f5bef2tstexc-localciintstudent1, repositoryType=user, triggeredByPushTo=user, assignmentRepositoryUri=http://localhost:49152/git/SHORT62C808EE04ECE040740AF7B0CF3AE5F5BEF2TSTEXC/short62c808ee04ece040740af7b0cf3ae5f5bef2tstexc-localciintstudent1.git, testRepositoryUri=http://localhost:49152/git/SHORT62C808EE04ECE040740AF7B0CF3AE5F5BEF2TSTEXC/short62c808ee04ece040740af7b0cf3ae5f5bef2tstexc-tests.git, solutionRepositoryUri=null, auxiliaryRepositoryUris=[Ljava.lang.String;@50c22c17, auxiliaryRepositoryCheckoutDirectories=[Ljava.lang.String;@73764e1c], jobTimingInfo=JobTimingInfo[submissionDate=2025-02-14T23:43:25.250749866Z[Etc/UTC], buildStartDate=2025-02-14T23:43:26.820713075Z[Etc/UTC], buildCompletionDate=2025-02-14T23:43:28.304236378Z[Etc/UTC], estimatedCompletionDate=2025-02-14T23:43:45.820704920Z[Etc/UTC], estimatedDuration=19], buildConfig=BuildConfig[buildScript=#!/bin/bash
cd /var/tmp/testing-dir
chmod +x ./gradlew
./gradlew clean test
, dockerImage=dummy-docker-image:latest, commitHashToBuild=993b6f756e3e52a44d0537d4fa3a5d0e0acdbe89, assignmentCommitHash=993b6f756e3e52a44d0537d4fa3a5d0e0acdbe89, testCommitHash=993b6f756e3e52a44d0537d4fa3a5d0e0acdbe89, branch=main, programmingLanguage=JAVA, projectType=null, scaEnabled=false, sequentialTestRunsEnabled=false, resultPaths=[/var/tmp/testing-dir/**/test-results/test/*.xml], timeoutSeconds=0, assignmentCheckoutPath=null, testCheckoutPath=null, solutionCheckoutPath=null, dockerRunConfig=null], submissionResult=ResultDTO[id=145, completionDate=2025-02-14T23:43:28.269051286Z[Etc/UTC], successful=false, score=7.7, rated=true, submission=SubmissionDTO[id=134, submitted=true, type=MANUAL, exampleSubmission=null, submissionDate=2025-02-14T23:43:25.241685Z, commitHash=993b6f756e3e52a44d0537d4fa3a5d0e0acdbe89, buildFailed=false, buildArtifact=false, participation=ParticipationDTO[id=506, testRun=false, type=programming, submissionCount=null, exercise=ParticipationExerciseDTO[id=313, exerciseType=PROGRAMMING, type=programming, assessmentType=AUTOMATIC, dueDate=2025-02-16T23:43:24.986721Z, assessmentDueDate=null, maxPoints=42.0, course=CourseDTO[id=162, accuracyOfScores=1]]], submissionExerciseType=programming, isProcessing=false, buildStartDate=null, estimatedCompletionDate=null], participation=ParticipationDTO[id=506, testRun=false, type=programming, submissionCount=null, exercise=ParticipationExerciseDTO[id=313, exerciseType=PROGRAMMING, type=programming, assessmentType=AUTOMATIC, dueDate=2025-02-16T23:43:24.986721Z, assessmentDueDate=null, maxPoints=42.0, course=CourseDTO[id=162, accuracyOfScores=1]]], feedbacks=[FeedbackDTO[id=199, text=null, detailText=The exercise expects a class with the name Context in the package testpackage. You did not implement the class in the exercise., hasLongFeedbackText=false, reference=null, credits=0.0, positive=false, type=AUTOMATIC, visibility=ALWAYS, testCase=TestCaseDTO[testName=null, id=208]], FeedbackDTO[id=200, text=null, detailText=The exercise expects a class with the name Policy in the package testpackage. You did not implement the class in the exercise., hasLongFeedbackText=false, reference=null, credits=0.0, positive=false, type=AUTOMATIC, visibility=ALWAYS, testCase=TestCaseDTO[testName=null, id=209]], FeedbackDTO[id=201, text=null, detailText=The exercise expects a class with the name SortStrategy in the package testpackage. You did not implement the class in the exercise., hasLongFeedbackText=false, reference=null, credits=0.0, positive=false, type=AUTOMATIC, visibility=ALWAYS, testCase=TestCaseDTO[testName=null, id=210]], FeedbackDTO[id=202, text=null, detailText=The class 'MergeSort' does not implement the interface 'SortStrategy' as expected. Implement the interface and its methods., hasLongFeedbackText=false, reference=null, credits=0.0, positive=false, type=AUTOMATIC, visibility=ALWAYS, testCase=TestCaseDTO[testName=null, id=205]], FeedbackDTO[id=203, text=null, detailText=The exercise expects a class with the name SortStrategy in the package testpackage. You did not implement the class in the exercise., hasLongFeedbackText=false, reference=null, credits=0.0, positive=false, type=AUTOMATIC, visibility=ALWAYS, testCase=TestCaseDTO[testName=null, id=202]], FeedbackDTO[id=204, text=null, detailText=The class 'BubbleSort' does not implement the interface 'SortStrategy' as expected. Implement the interface and its methods., hasLongFeedbackText=false, reference=null, credits=0.0, positive=false, type=AUTOMATIC, visibility=ALWAYS, testCase=TestCaseDTO[testName=null, id=206]], FeedbackDTO[id=205, text=null, detailText=MergeSort does not sort correctly, hasLongFeedbackText=false, reference=null, credits=0.0, positive=false, type=AUTOMATIC, visibility=ALWAYS, testCase=TestCaseDTO[testName=null, id=211]], FeedbackDTO[id=206, text=null, detailText=The class 'Context' was not found within the submission. Make sure to implement it properly., hasLongFeedbackText=false, reference=null, credits=0.0, positive=false, type=AUTOMATIC, visibility=ALWAYS, testCase=TestCaseDTO[testName=null, id=212]], FeedbackDTO[id=207, text=null, detailText=The class 'Context' was not found within the submission. Make sure to implement it properly., hasLongFeedbackText=false, reference=null, credits=0.0, positive=false, type=AUTOMATIC, visibility=ALWAYS, testCase=TestCaseDTO[testName=null, id=213]], FeedbackDTO[id=208, text=null, detailText=The exercise expects a class with the name Policy in the package testpackage. You did not implement the class in the exercise., hasLongFeedbackText=false, reference=null, credits=0.0, positive=false, type=AUTOMATIC, visibility=ALWAYS, testCase=TestCaseDTO[testName=null, id=207]], FeedbackDTO[id=209, text=null, detailText=The exercise expects a class with the name Context in the package testpackage. You did not implement the class in the exercise., hasLongFeedbackText=false, reference=null, credits=0.0, positive=false, type=AUTOMATIC, visibility=ALWAYS, testCase=TestCaseDTO[testName=null, id=203]], FeedbackDTO[id=210, text=null, detailText=The exercise expects a class with the name Policy in the package testpackage. You did not implement the class in the exercise., hasLongFeedbackText=false, reference=null, credits=0.0, positive=false, type=AUTOMATIC, visibility=ALWAYS, testCase=TestCaseDTO[testName=null, id=204]], FeedbackDTO[id=211, text=null, detailText=null, hasLongFeedbackText=false, reference=null, credits=3.230769230769231, positive=true, type=AUTOMATIC, visibility=ALWAYS, testCase=TestCaseDTO[testName=null, id=214]]], assessmentType=AUTOMATIC, hasComplaint=null, exampleResult=null, testCaseCount=13, passedTestCaseCount=1, codeIssueCount=0]], BuildJobQueueItem[id=5121739576609302, name=SHORT3D739532080B804BC608BDA0F7816DDB4316TSTEXC-LOCALCIINTSTUDENT1, buildAgent=BuildAgentDTO[name=artemis-build-agent-test, memberAddress=[127.0.0.1]:5703, displayName=artemis-build-agent-test], participationId=512, courseId=164, exerciseId=315, retryCount=0, priority=2, status=SUCCESSFUL, repositoryInfo=RepositoryInfo[repositoryName=short3d739532080b804bc608bda0f7816ddb4316tstexc-localciintstudent1, repositoryType=user, triggeredByPushTo=user, assignmentRepositoryUri=http://localhost:49152/git/SHORT3D739532080B804BC608BDA0F7816DDB4316TSTEXC/short3d739532080b804bc608bda0f7816ddb4316tstexc-localciintstudent1.git, testRepositoryUri=http://localhost:49152/git/SHORT3D739532080B804BC608BDA0F7816DDB4316TSTEXC/short3d739532080b804bc608bda0f7816ddb4316tstexc-tests.git, solutionRepositoryUri=null, auxiliaryRepositoryUris=[Ljava.lang.String;@1ff179ec, auxiliaryRepositoryCheckoutDirectories=[Ljava.lang.String;@1bfc4e1e], jobTimingInfo=JobTimingInfo[submissionDate=2025-02-14T23:43:29.302618463Z[Etc/UTC], buildStartDate=2025-02-14T23:43:29.307985701Z[Etc/UTC], buildCompletionDate=2025-02-14T23:43:30.717961572Z[Etc/UTC], estimatedCompletionDate=2025-02-14T23:43:48.307979980Z[Etc/UTC], estimatedDuration=19], buildConfig=BuildConfig[buildScript=#!/bin/bash
cd /var/tmp/testing-dir
chmod +x ./gradlew
./gradlew clean test
, dockerImage=dummy-docker-image:latest, commitHashToBuild=71f54bdf5e0f9c98936e24a4638fd2ffcf966edd, assignmentCommitHash=71f54bdf5e0f9c98936e24a4638fd2ffcf966edd, testCommitHash=71f54bdf5e0f9c98936e24a4638fd2ffcf966edd, branch=main, programmingLanguage=JAVA, projectType=PLAIN_GRADLE, scaEnabled=false, sequentialTestRunsEnabled=false, resultPaths=[/var/tmp/testing-dir/**/test-results/test/*.xml], timeoutSeconds=0, assignmentCheckoutPath=null, testCheckoutPath=null, solutionCheckoutPath=null, dockerRunConfig=null], submissionResult=null]], publicSshKey=ssh-rsa AAAAB3NzaC1yc2EAAAADAQABAAACAQCOPdMsxRE2jFJ/UEa5/LsBxtwzJcrh3/rYBCQvcMeVpiRfhzQPWu7mrt/G2Ew+i+vRloGH9aqKg6dd1liRncao53Zmd/ePxoatXePNhmzTfkCkcSkTUz7B+QMjkoDDV5jwuFPD6mF3JkhuzSi64n9Zy905t4w2IhVcjM2mL3eYNjiCXt6Qpq3Pkt7dM/Ksw1nxnvuiIALuJLB3FTkXkHqq3PJav+9HSq2r6ZaWgekneaGxlQlb+U+Vy3XOuArKAzK8c8i+0bR+AHiTG6ncYXt7ax3U+TdlDTF7OLP3umwaYjs1NBXOHwG42pevvpKn2fqavZZozk+M05jXLx3bq0O7itxfErWc7etky8qYPyyIMF/txQIVLd78+Ze4d7Y60t5MGbXM5cGE6fFif5fEJwgswXD+BrG0cafz1CTatjSKFdvp8Vp4VszXhHDan1PrP6JEFJ5Cc5GDmLRZPCFa3vL9f5qXgf4bkqKN8MYeEujwJE5nMRWoiJVNakix2bcrrneQMBlnYeYZVWXXXUusAQBzl4NgddC1umZpihZkL1b1MffZAUW3EGEXi7KHnllQhkTLLsQ8ntMgbylqaJKStqaXlLvdeRJcEnUuiFCrHEVVbXRFZR7XVDZ02CE5o3MuaRPty8Kh+jRTF3COlAckHwYEJCNNJvXFgb2CNXL4mjzYDw== test@localhost]
    23:43:30.787 | 566 localvc.event-13 | DEBUG | s.l.LocalCIWebsocketMessagingService : Sending message on topic /topic/admin/build-agents: [BuildAgentInformation[buildAgent=BuildAgentDTO[name=artemis-build-agent-test, memberAddress=[127.0.0.1]:5703, displayName=artemis-build-agent-test], maxNumberOfConcurrentBuildJobs=1, numberOfCurrentBuildJobs=0, runningBuildJobs=[], status=IDLE, recentBuildJobs=null, publicSshKey=null]]
    23:43:30.788 | 566 localvc.event-13 | DEBUG | s.l.LocalCIWebsocketMessagingService : Sending message on topic /topic/admin/build-agent/artemis-build-agent-test: BuildAgentInformation[buildAgent=BuildAgentDTO[name=artemis-build-agent-test, memberAddress=[127.0.0.1]:5703, displayName=artemis-build-agent-test], maxNumberOfConcurrentBuildJobs=1, numberOfCurrentBuildJobs=0, runningBuildJobs=[], status=IDLE, recentBuildJobs=[BuildJobQueueItem[id=4621739576562326, name=SHORT43ACF76B02BC1044B80938509D14043FABDETSTEXC-LOCALCIINTSTUDENT1, buildAgent=BuildAgentDTO[name=artemis-build-agent-test, memberAddress=[127.0.0.1]:5703, displayName=artemis-build-agent-test], participationId=462, courseId=147, exerciseId=298, retryCount=0, priority=2, status=SUCCESSFUL, repositoryInfo=RepositoryInfo[repositoryName=short43acf76b02bc1044b80938509d14043fabdetstexc-localciintstudent1, repositoryType=user, triggeredByPushTo=user, assignmentRepositoryUri=http://localhost:49152/git/SHORT43ACF76B02BC1044B80938509D14043FABDETSTEXC/short43acf76b02bc1044b80938509d14043fabdetstexc-localciintstudent1.git, testRepositoryUri=http://localhost:49152/git/SHORT43ACF76B02BC1044B80938509D14043FABDETSTEXC/short43acf76b02bc1044b80938509d14043fabdetstexc-tests.git, solutionRepositoryUri=null, auxiliaryRepositoryUris=[Ljava.lang.String;@ff2fc8d, auxiliaryRepositoryCheckoutDirectories=[Ljava.lang.String;@7687dfd3], jobTimingInfo=JobTimingInfo[submissionDate=2025-02-14T23:42:42.326978596Z[Etc/UTC], buildStartDate=2025-02-14T23:42:42.420147010Z[Etc/UTC], buildCompletionDate=2025-02-14T23:42:45.573855829Z[Etc/UTC], estimatedCompletionDate=2025-02-14T23:43:01.420129377Z[Etc/UTC], estimatedDuration=19], buildConfig=BuildConfig[buildScript=#!/bin/bash
cd /var/tmp/testing-dir
chmod +x ./gradlew
./gradlew clean test
, dockerImage=dummy-docker-image:latest, commitHashToBuild=a9c717ccf7bcbe9531d3eee21dbaeb5aab2ff971, assignmentCommitHash=a9c717ccf7bcbe9531d3eee21dbaeb5aab2ff971, testCommitHash=a9c717ccf7bcbe9531d3eee21dbaeb5aab2ff971, branch=main, programmingLanguage=JAVA, projectType=PLAIN_GRADLE, scaEnabled=false, sequentialTestRunsEnabled=false, resultPaths=[/var/tmp/testing-dir/**/test-results/test/*.xml], timeoutSeconds=0, assignmentCheckoutPath=null, testCheckoutPath=null, solutionCheckoutPath=null, dockerRunConfig=DockerRunConfig[isNetworkDisabled=true, env=[key=value]]], submissionResult=ResultDTO[id=132, completionDate=2025-02-14T23:42:45.519869118Z[Etc/UTC], successful=false, score=7.7, rated=true, submission=SubmissionDTO[id=119, submitted=true, type=MANUAL, exampleSubmission=null, submissionDate=2025-02-14T23:42:42.302762Z, commitHash=a9c717ccf7bcbe9531d3eee21dbaeb5aab2ff971, buildFailed=false, buildArtifact=false, participation=ParticipationDTO[id=462, testRun=false, type=programming, submissionCount=null, exercise=ParticipationExerciseDTO[id=298, exerciseType=PROGRAMMING, type=programming, assessmentType=AUTOMATIC, dueDate=2025-02-16T23:42:41.553955Z, assessmentDueDate=null, maxPoints=42.0, course=CourseDTO[id=147, accuracyOfScores=1]]], submissionExerciseType=programming, isProcessing=false, buildStartDate=null, estimatedCompletionDate=null], participation=ParticipationDTO[id=462, testRun=false, type=programming, submissionCount=null, exercise=ParticipationExerciseDTO[id=298, exerciseType=PROGRAMMING, type=programming, assessmentType=AUTOMATIC, dueDate=2025-02-16T23:42:41.553955Z, assessmentDueDate=null, maxPoints=42.0, course=CourseDTO[id=147, accuracyOfScores=1]]], feedbacks=[FeedbackDTO[id=67, text=null, detailText=The exercise expects a class with the name Context in the package testpackage. You did not implement the class in the exercise., hasLongFeedbackText=false, reference=null, credits=0.0, positive=false, type=AUTOMATIC, visibility=ALWAYS, testCase=TestCaseDTO[testName=null, id=13]], FeedbackDTO[id=68, text=null, detailText=The exercise expects a class with the name Policy in the package testpackage. You did not implement the class in the exercise., hasLongFeedbackText=false, reference=null, credits=0.0, positive=false, type=AUTOMATIC, visibility=ALWAYS, testCase=TestCaseDTO[testName=null, id=14]], FeedbackDTO[id=69, text=null, detailText=The exercise expects a class with the name SortStrategy in the package testpackage. You did not implement the class in the exercise., hasLongFeedbackText=false, reference=null, credits=0.0, positive=false, type=AUTOMATIC, visibility=ALWAYS, testCase=TestCaseDTO[testName=null, id=15]], FeedbackDTO[id=70, text=null, detailText=The class 'MergeSort' does not implement the interface 'SortStrategy' as expected. Implement the interface and its methods., hasLongFeedbackText=false, reference=null, credits=0.0, positive=false, type=AUTOMATIC, visibility=ALWAYS, testCase=TestCaseDTO[testName=null, id=10]], FeedbackDTO[id=71, text=null, detailText=The exercise expects a class with the name SortStrategy in the package testpackage. You did not implement the class in the exercise., hasLongFeedbackText=false, reference=null, credits=0.0, positive=false, type=AUTOMATIC, visibility=ALWAYS, testCase=TestCaseDTO[testName=null, id=7]], FeedbackDTO[id=72, text=null, detailText=The class 'BubbleSort' does not implement the interface 'SortStrategy' as expected. Implement the interface and its methods., hasLongFeedbackText=false, reference=null, credits=0.0, positive=false, type=AUTOMATIC, visibility=ALWAYS, testCase=TestCaseDTO[testName=null, id=11]], FeedbackDTO[id=73, text=null, detailText=MergeSort does not sort correctly, hasLongFeedbackText=false, reference=null, credits=0.0, positive=false, type=AUTOMATIC, visibility=ALWAYS, testCase=TestCaseDTO[testName=null, id=16]], FeedbackDTO[id=74, text=null, detailText=The class 'Context' was not found within the submission. Make sure to implement it properly., hasLongFeedbackText=false, reference=null, credits=0.0, positive=false, type=AUTOMATIC, visibility=ALWAYS, testCase=TestCaseDTO[testName=null, id=17]], FeedbackDTO[id=75, text=null, detailText=The class 'Context' was not found within the submission. Make sure to implement it properly., hasLongFeedbackText=false, reference=null, credits=0.0, positive=false, type=AUTOMATIC, visibility=ALWAYS, testCase=TestCaseDTO[testName=null, id=18]], FeedbackDTO[id=76, text=null, detailText=The exercise expects a class with the name Policy in the package testpackage. You did not implement the class in the exercise., hasLongFeedbackText=false, reference=null, credits=0.0, positive=false, type=AUTOMATIC, visibility=ALWAYS, testCase=TestCaseDTO[testName=null, id=12]], FeedbackDTO[id=77, text=null, detailText=The exercise expects a class with the name Context in the package testpackage. You did not implement the class in the exercise., hasLongFeedbackText=false, reference=null, credits=0.0, positive=false, type=AUTOMATIC, visibility=ALWAYS, testCase=TestCaseDTO[testName=null, id=8]], FeedbackDTO[id=78, text=null, detailText=The exercise expects a class with the name Policy in the package testpackage. You did not implement the class in the exercise., hasLongFeedbackText=false, reference=null, credits=0.0, positive=false, type=AUTOMATIC, visibility=ALWAYS, testCase=TestCaseDTO[testName=null, id=9]], FeedbackDTO[id=79, text=null, detailText=null, hasLongFeedbackText=false, reference=null, credits=3.230769230769231, positive=true, type=AUTOMATIC, visibility=ALWAYS, testCase=TestCaseDTO[testName=null, id=19]]], assessmentType=AUTOMATIC, hasComplaint=null, exampleResult=null, testCaseCount=13, passedTestCaseCount=1, codeIssueCount=0]], BuildJobQueueItem[id=4651739576569330, name=SHORTB06DD3F905F4604F6E085260D83ED657A6DFTSTEXC-LOCALCIINTSTUDENT1, buildAgent=BuildAgentDTO[name=artemis-build-agent-test, memberAddress=[127.0.0.1]:5703, displayName=artemis-build-agent-test], participationId=465, courseId=148, exerciseId=299, retryCount=0, priority=2, status=SUCCESSFUL, repositoryInfo=RepositoryInfo[repositoryName=shortb06dd3f905f4604f6e085260d83ed657a6dftstexc-localciintstudent1, repositoryType=user, triggeredByPushTo=user, assignmentRepositoryUri=http://localhost:49152/git/SHORTB06DD3F905F4604F6E085260D83ED657A6DFTSTEXC/shortb06dd3f905f4604f6e085260d83ed657a6dftstexc-localciintstudent1.git, testRepositoryUri=http://localhost:49152/git/SHORTB06DD3F905F4604F6E085260D83ED657A6DFTSTEXC/shortb06dd3f905f4604f6e085260d83ed657a6dftstexc-tests.git, solutionRepositoryUri=null, auxiliaryRepositoryUris=[Ljava.lang.String;@57e6fa8a, auxiliaryRepositoryCheckoutDirectories=[Ljava.lang.String;@a23b8a5], jobTimingInfo=JobTimingInfo[submissionDate=2025-02-14T23:42:49.330093960Z[Etc/UTC], buildStartDate=2025-02-14T23:42:49.347797345Z[Etc/UTC], buildCompletionDate=2025-02-14T23:42:51.204319751Z[Etc/UTC], estimatedCompletionDate=2025-02-14T23:43:08.347788449Z[Etc/UTC], estimatedDuration=19], buildConfig=BuildConfig[buildScript=#!/bin/bash
cd /var/tmp/testing-dir
chmod +x ./gradlew
./gradlew clean test
, dockerImage=dummy-docker-image:latest, commitHashToBuild=41581fff25954d36cf07586926ee0c77d1003131, assignmentCommitHash=41581fff25954d36cf07586926ee0c77d1003131, testCommitHash=41581fff25954d36cf07586926ee0c77d1003131, branch=main, programmingLanguage=JAVA, projectType=PLAIN_GRADLE, scaEnabled=false, sequentialTestRunsEnabled=false, resultPaths=[/var/tmp/testing-dir/**/test-results/test/*.xml], timeoutSeconds=0, assignmentCheckoutPath=null, testCheckoutPath=null, solutionCheckoutPath=null, dockerRunConfig=null], submissionResult=ResultDTO[id=133, completionDate=2025-02-14T23:42:51.155372920Z[Etc/UTC], successful=false, score=7.7, rated=true, submission=SubmissionDTO[id=120, submitted=true, type=MANUAL, exampleSubmission=null, submissionDate=2025-02-14T23:42:49.321855Z, commitHash=41581fff25954d36cf07586926ee0c77d1003131, buildFailed=false, buildArtifact=false, participation=ParticipationDTO[id=465, testRun=false, type=programming, submissionCount=null, exercise=ParticipationExerciseDTO[id=299, exerciseType=PROGRAMMING, type=programming, assessmentType=AUTOMATIC, dueDate=2025-02-16T23:42:49.163661Z, assessmentDueDate=null, maxPoints=42.0, course=CourseDTO[id=148, accuracyOfScores=1]]], submissionExerciseType=programming, isProcessing=false, buildStartDate=null, estimatedCompletionDate=null], participation=ParticipationDTO[id=465, testRun=false, type=programming, submissionCount=null, exercise=ParticipationExerciseDTO[id=299, exerciseType=PROGRAMMING, type=programming, assessmentType=AUTOMATIC, dueDate=2025-02-16T23:42:49.163661Z, assessmentDueDate=null, maxPoints=42.0, course=CourseDTO[id=148, accuracyOfScores=1]]], feedbacks=[FeedbackDTO[id=80, text=null, detailText=The exercise expects a class with the name Context in the package testpackage. You did not implement the class in the exercise., hasLongFeedbackText=false, reference=null, credits=0.0, positive=false, type=AUTOMATIC, visibility=ALWAYS, testCase=TestCaseDTO[testName=null, id=26]], FeedbackDTO[id=81, text=null, detailText=The exercise expects a class with the name Policy in the package testpackage. You did not implement the class in the exercise., hasLongFeedbackText=false, reference=null, credits=0.0, positive=false, type=AUTOMATIC, visibility=ALWAYS, testCase=TestCaseDTO[testName=null, id=27]], FeedbackDTO[id=82, text=null, detailText=The exercise expects a class with the name SortStrategy in the package testpackage. You did not implement the class in the exercise., hasLongFeedbackText=false, reference=null, credits=0.0, positive=false, type=AUTOMATIC, visibility=ALWAYS, testCase=TestCaseDTO[testName=null, id=28]], FeedbackDTO[id=83, text=null, detailText=The class 'MergeSort' does not implement the interface 'SortStrategy' as expected. Implement the interface and its methods., hasLongFeedbackText=false, reference=null, credits=0.0, positive=false, type=AUTOMATIC, visibility=ALWAYS, testCase=TestCaseDTO[testName=null, id=23]], FeedbackDTO[id=84, text=null, detailText=The exercise expects a class with the name SortStrategy in the package testpackage. You did not implement the class in the exercise., hasLongFeedbackText=false, reference=null, credits=0.0, positive=false, type=AUTOMATIC, visibility=ALWAYS, testCase=TestCaseDTO[testName=null, id=20]], FeedbackDTO[id=85, text=null, detailText=The class 'BubbleSort' does not implement the interface 'SortStrategy' as expected. Implement the interface and its methods., hasLongFeedbackText=false, reference=null, credits=0.0, positive=false, type=AUTOMATIC, visibility=ALWAYS, testCase=TestCaseDTO[testName=null, id=24]], FeedbackDTO[id=86, text=null, detailText=MergeSort does not sort correctly, hasLongFeedbackText=false, reference=null, credits=0.0, positive=false, type=AUTOMATIC, visibility=ALWAYS, testCase=TestCaseDTO[testName=null, id=29]], FeedbackDTO[id=87, text=null, detailText=The class 'Context' was not found within the submission. Make sure to implement it properly., hasLongFeedbackText=false, reference=null, credits=0.0, positive=false, type=AUTOMATIC, visibility=ALWAYS, testCase=TestCaseDTO[testName=null, id=30]], FeedbackDTO[id=88, text=null, detailText=The class 'Context' was not found within the submission. Make sure to implement it properly., hasLongFeedbackText=false, reference=null, credits=0.0, positive=false, type=AUTOMATIC, visibility=ALWAYS, testCase=TestCaseDTO[testName=null, id=31]], FeedbackDTO[id=89, text=null, detailText=The exercise expects a class with the name Policy in the package testpackage. You did not implement the class in the exercise., hasLongFeedbackText=false, reference=null, credits=0.0, positive=false, type=AUTOMATIC, visibility=ALWAYS, testCase=TestCaseDTO[testName=null, id=25]], FeedbackDTO[id=90, text=null, detailText=The exercise expects a class with the name Context in the package testpackage. You did not implement the class in the exercise., hasLongFeedbackText=false, reference=null, credits=0.0, positive=false, type=AUTOMATIC, visibility=ALWAYS, testCase=TestCaseDTO[testName=null, id=21]], FeedbackDTO[id=91, text=null, detailText=The exercise expects a class with the name Policy in the package testpackage. You did not implement the class in the exercise., hasLongFeedbackText=false, reference=null, credits=0.0, positive=false, type=AUTOMATIC, visibility=ALWAYS, testCase=TestCaseDTO[testName=null, id=22]], FeedbackDTO[id=92, text=null, detailText=null, hasLongFeedbackText=false, reference=null, credits=3.230769230769231, positive=true, type=AUTOMATIC, visibility=ALWAYS, testCase=TestCaseDTO[testName=null, id=32]]], assessmentType=AUTOMATIC, hasComplaint=null, exampleResult=null, testCaseCount=13, passedTestCaseCount=1, codeIssueCount=0]], BuildJobQueueItem[id=4681739576573068, name=SHORTBCF65534040390488B0A46605F5F3776B89ATSTEXC-LOCALCIINTSTUDENT1, buildAgent=BuildAgentDTO[name=artemis-build-agent-test, memberAddress=[127.0.0.1]:5703, displayName=artemis-build-agent-test], participationId=468, courseId=149, exerciseId=300, retryCount=0, priority=2, status=SUCCESSFUL, repositoryInfo=RepositoryInfo[repositoryName=shortbcf65534040390488b0a46605f5f3776b89atstexc-localciintstudent1, repositoryType=user, triggeredByPushTo=user, assignmentRepositoryUri=http://localhost:49152/git/SHORTBCF65534040390488B0A46605F5F3776B89ATSTEXC/shortbcf65534040390488b0a46605f5f3776b89atstexc-localciintstudent1.git, testRepositoryUri=http://localhost:49152/git/SHORTBCF65534040390488B0A46605F5F3776B89ATSTEXC/shortbcf65534040390488b0a46605f5f3776b89atstexc-tests.git, solutionRepositoryUri=null, auxiliaryRepositoryUris=[Ljava.lang.String;@122d3bf8, auxiliaryRepositoryCheckoutDirectories=[Ljava.lang.String;@5a1c0729], jobTimingInfo=JobTimingInfo[submissionDate=2025-02-14T23:42:53.068019209Z[Etc/UTC], buildStartDate=2025-02-14T23:42:53.092867394Z[Etc/UTC], buildCompletionDate=2025-02-14T23:42:55.086950323Z[Etc/UTC], estimatedCompletionDate=2025-02-14T23:43:12.092858828Z[Etc/UTC], estimatedDuration=19], buildConfig=BuildConfig[buildScript=#!/bin/bash
cd /var/tmp/testing-dir
chmod +x ./gradlew
./gradlew clean test
, dockerImage=dummy-docker-image:latest, commitHashToBuild=2d5c0482fc77d3f5ec0841962528a43054e83170, assignmentCommitHash=2d5c0482fc77d3f5ec0841962528a43054e83170, testCommitHash=7477e25d56ce5fee2c938542a7e7ed4ed085d373, branch=main, programmingLanguage=JAVA, projectType=PLAIN_GRADLE, scaEnabled=false, sequentialTestRunsEnabled=false, resultPaths=[/var/tmp/testing-dir/**/test-results/test/*.xml], timeoutSeconds=0, assignmentCheckoutPath=null, testCheckoutPath=null, solutionCheckoutPath=null, dockerRunConfig=null], submissionResult=ResultDTO[id=134, completionDate=2025-02-14T23:42:55.059618627Z[Etc/UTC], successful=false, score=7.7, rated=true, submission=SubmissionDTO[id=121, submitted=true, type=MANUAL, exampleSubmission=null, submissionDate=2025-02-14T23:42:53.048221Z, commitHash=2d5c0482fc77d3f5ec0841962528a43054e83170, buildFailed=false, buildArtifact=false, participation=ParticipationDTO[id=468, testRun=false, type=programming, submissionCount=null, exercise=ParticipationExerciseDTO[id=300, exerciseType=PROGRAMMING, type=programming, assessmentType=AUTOMATIC, dueDate=2025-02-16T23:42:52.873722Z, assessmentDueDate=null, maxPoints=42.0, course=CourseDTO[id=149, accuracyOfScores=1]]], submissionExerciseType=programming, isProcessing=false, buildStartDate=null, estimatedCompletionDate=null], participation=ParticipationDTO[id=468, testRun=false, type=programming, submissionCount=null, exercise=ParticipationExerciseDTO[id=300, exerciseType=PROGRAMMING, type=programming, assessmentType=AUTOMATIC, dueDate=2025-02-16T23:42:52.873722Z, assessmentDueDate=null, maxPoints=42.0, course=CourseDTO[id=149, accuracyOfScores=1]]], feedbacks=[FeedbackDTO[id=93, text=null, detailText=The exercise expects a class with the name Context in the package testpackage. You did not implement the class in the exercise., hasLongFeedbackText=false, reference=null, credits=0.0, positive=false, type=AUTOMATIC, visibility=ALWAYS, testCase=TestCaseDTO[testName=null, id=39]], FeedbackDTO[id=94, text=null, detailText=The exercise expects a class with the name Policy in the package testpackage. You did not implement the class in the exercise., hasLongFeedbackText=false, reference=null, credits=0.0, positive=false, type=AUTOMATIC, visibility=ALWAYS, testCase=TestCaseDTO[testName=null, id=40]], FeedbackDTO[id=95, text=null, detailText=The exercise expects a class with the name SortStrategy in the package testpackage. You did not implement the class in the exercise., hasLongFeedbackText=false, reference=null, credits=0.0, positive=false, type=AUTOMATIC, visibility=ALWAYS, testCase=TestCaseDTO[testName=null, id=41]], FeedbackDTO[id=96, text=null, detailText=The class 'MergeSort' does not implement the interface 'SortStrategy' as expected. Implement the interface and its methods., hasLongFeedbackText=false, reference=null, credits=0.0, positive=false, type=AUTOMATIC, visibility=ALWAYS, testCase=TestCaseDTO[testName=null, id=36]], FeedbackDTO[id=97, text=null, detailText=The exercise expects a class with the name SortStrategy in the package testpackage. You did not implement the class in the exercise., hasLongFeedbackText=false, reference=null, credits=0.0, positive=false, type=AUTOMATIC, visibility=ALWAYS, testCase=TestCaseDTO[testName=null, id=33]], FeedbackDTO[id=98, text=null, detailText=The class 'BubbleSort' does not implement the interface 'SortStrategy' as expected. Implement the interface and its methods., hasLongFeedbackText=false, reference=null, credits=0.0, positive=false, type=AUTOMATIC, visibility=ALWAYS, testCase=TestCaseDTO[testName=null, id=37]], FeedbackDTO[id=99, text=null, detailText=MergeSort does not sort correctly, hasLongFeedbackText=false, reference=null, credits=0.0, positive=false, type=AUTOMATIC, visibility=ALWAYS, testCase=TestCaseDTO[testName=null, id=42]], FeedbackDTO[id=100, text=null, detailText=The class 'Context' was not found within the submission. Make sure to implement it properly., hasLongFeedbackText=false, reference=null, credits=0.0, positive=false, type=AUTOMATIC, visibility=ALWAYS, testCase=TestCaseDTO[testName=null, id=43]], FeedbackDTO[id=101, text=null, detailText=The class 'Context' was not found within the submission. Make sure to implement it properly., hasLongFeedbackText=false, reference=null, credits=0.0, positive=false, type=AUTOMATIC, visibility=ALWAYS, testCase=TestCaseDTO[testName=null, id=44]], FeedbackDTO[id=102, text=null, detailText=The exercise expects a class with the name Policy in the package testpackage. You did not implement the class in the exercise., hasLongFeedbackText=false, reference=null, credits=0.0, positive=false, type=AUTOMATIC, visibility=ALWAYS, testCase=TestCaseDTO[testName=null, id=38]], FeedbackDTO[id=103, text=null, detailText=The exercise expects a class with the name Context in the package testpackage. You did not implement the class in the exercise., hasLongFeedbackText=false, reference=null, credits=0.0, positive=false, type=AUTOMATIC, visibility=ALWAYS, testCase=TestCaseDTO[testName=null, id=34]], FeedbackDTO[id=104, text=null, detailText=The exercise expects a class with the name Policy in the package testpackage. You did not implement the class in the exercise., hasLongFeedbackText=false, reference=null, credits=0.0, positive=false, type=AUTOMATIC, visibility=ALWAYS, testCase=TestCaseDTO[testName=null, id=35]], FeedbackDTO[id=105, text=null, detailText=null, hasLongFeedbackText=false, reference=null, credits=3.230769230769231, positive=true, type=AUTOMATIC, visibility=ALWAYS, testCase=TestCaseDTO[testName=null, id=45]]], assessmentType=AUTOMATIC, hasComplaint=null, exampleResult=null, testCaseCount=13, passedTestCaseCount=1, codeIssueCount=0]], BuildJobQueueItem[id=4741739576577297, name=SHORT88A9A223023E2047B709E4A029FA08BCF2CFTSTEXC-LOCALCIINTSTUDENT1, buildAgent=BuildAgentDTO[name=artemis-build-agent-test, memberAddress=[127.0.0.1]:5703, displayName=artemis-build-agent-test], participationId=474, courseId=151, exerciseId=302, retryCount=0, priority=2, status=SUCCESSFUL, repositoryInfo=RepositoryInfo[repositoryName=short88a9a223023e2047b709e4a029fa08bcf2cftstexc-localciintstudent1, repositoryType=user, triggeredByPushTo=user, assignmentRepositoryUri=http://localhost:49152/git/SHORT88A9A223023E2047B709E4A029FA08BCF2CFTSTEXC/short88a9a223023e2047b709e4a029fa08bcf2cftstexc-localciintstudent1.git, testRepositoryUri=http://localhost:49152/git/SHORT88A9A223023E2047B709E4A029FA08BCF2CFTSTEXC/short88a9a223023e2047b709e4a029fa08bcf2cftstexc-tests.git, solutionRepositoryUri=null, auxiliaryRepositoryUris=[Ljava.lang.String;@3a4e944a, auxiliaryRepositoryCheckoutDirectories=[Ljava.lang.String;@2dbfe536], jobTimingInfo=JobTimingInfo[submissionDate=2025-02-14T23:42:57.297342281Z[Etc/UTC], buildStartDate=2025-02-14T23:42:57.308570327Z[Etc/UTC], buildCompletionDate=2025-02-14T23:42:59.047616654Z[Etc/UTC], estimatedCompletionDate=2025-02-14T23:43:16.308558064Z[Etc/UTC], estimatedDuration=19], buildConfig=BuildConfig[buildScript=#!/bin/bash
cd /var/tmp/testing-dir
chmod +x ./gradlew
./gradlew clean test
, dockerImage=dummy-docker-image:latest, commitHashToBuild=736cbea1e46d6849b41266b2bf1cccd3b9ea55b1, assignmentCommitHash=736cbea1e46d6849b41266b2bf1cccd3b9ea55b1, testCommitHash=ea6267edd396a304305339b036512b63e0374c66, branch=main, programmingLanguage=JAVA, projectType=PLAIN_GRADLE, scaEnabled=false, sequentialTestRunsEnabled=false, resultPaths=[/var/tmp/testing-dir/**/test-results/test/*.xml], timeoutSeconds=0, assignmentCheckoutPath=null, testCheckoutPath=null, solutionCheckoutPath=null, dockerRunConfig=null], submissionResult=ResultDTO[id=135, completionDate=2025-02-14T23:42:59.014168821Z[Etc/UTC], successful=false, score=7.7, rated=true, submission=SubmissionDTO[id=123, submitted=true, type=MANUAL, exampleSubmission=null, submissionDate=2025-02-14T23:42:57.278471Z, commitHash=736cbea1e46d6849b41266b2bf1cccd3b9ea55b1, buildFailed=false, buildArtifact=false, participation=ParticipationDTO[id=474, testRun=false, type=programming, submissionCount=null, exercise=ParticipationExerciseDTO[id=302, exerciseType=PROGRAMMING, type=programming, assessmentType=AUTOMATIC, dueDate=2025-02-16T23:42:56.796251Z, assessmentDueDate=null, maxPoints=42.0, course=CourseDTO[id=151, accuracyOfScores=1]]], submissionExerciseType=programming, isProcessing=false, buildStartDate=null, estimatedCompletionDate=null], participation=ParticipationDTO[id=474, testRun=false, type=programming, submissionCount=null, exercise=ParticipationExerciseDTO[id=302, exerciseType=PROGRAMMING, type=programming, assessmentType=AUTOMATIC, dueDate=2025-02-16T23:42:56.796251Z, assessmentDueDate=null, maxPoints=42.0, course=CourseDTO[id=151, accuracyOfScores=1]]], feedbacks=[FeedbackDTO[id=106, text=null, detailText=The exercise expects a class with the name Context in the package testpackage. You did not implement the class in the exercise., hasLongFeedbackText=false, reference=null, credits=0.0, positive=false, type=AUTOMATIC, visibility=ALWAYS, testCase=TestCaseDTO[testName=null, id=65]], FeedbackDTO[id=107, text=null, detailText=The exercise expects a class with the name Policy in the package testpackage. You did not implement the class in the exercise., hasLongFeedbackText=false, reference=null, credits=0.0, positive=false, type=AUTOMATIC, visibility=ALWAYS, testCase=TestCaseDTO[testName=null, id=66]], FeedbackDTO[id=108, text=null, detailText=The exercise expects a class with the name SortStrategy in the package testpackage. You did not implement the class in the exercise., hasLongFeedbackText=false, reference=null, credits=0.0, positive=false, type=AUTOMATIC, visibility=ALWAYS, testCase=TestCaseDTO[testName=null, id=67]], FeedbackDTO[id=109, text=null, detailText=The class 'MergeSort' does not implement the interface 'SortStrategy' as expected. Implement the interface and its methods., hasLongFeedbackText=false, reference=null, credits=0.0, positive=false, type=AUTOMATIC, visibility=ALWAYS, testCase=TestCaseDTO[testName=null, id=62]], FeedbackDTO[id=110, text=null, detailText=The exercise expects a class with the name SortStrategy in the package testpackage. You did not implement the class in the exercise., hasLongFeedbackText=false, reference=null, credits=0.0, positive=false, type=AUTOMATIC, visibility=ALWAYS, testCase=TestCaseDTO[testName=null, id=59]], FeedbackDTO[id=111, text=null, detailText=The class 'BubbleSort' does not implement the interface 'SortStrategy' as expected. Implement the interface and its methods., hasLongFeedbackText=false, reference=null, credits=0.0, positive=false, type=AUTOMATIC, visibility=ALWAYS, testCase=TestCaseDTO[testName=null, id=63]], FeedbackDTO[id=112, text=null, detailText=MergeSort does not sort correctly, hasLongFeedbackText=false, reference=null, credits=0.0, positive=false, type=AUTOMATIC, visibility=ALWAYS, testCase=TestCaseDTO[testName=null, id=68]], FeedbackDTO[id=113, text=null, detailText=The class 'Context' was not found within the submission. Make sure to implement it properly., hasLongFeedbackText=false, reference=null, credits=0.0, positive=false, type=AUTOMATIC, visibility=ALWAYS, testCase=TestCaseDTO[testName=null, id=69]], FeedbackDTO[id=114, text=null, detailText=The class 'Context' was not found within the submission. Make sure to implement it properly., hasLongFeedbackText=false, reference=null, credits=0.0, positive=false, type=AUTOMATIC, visibility=ALWAYS, testCase=TestCaseDTO[testName=null, id=70]], FeedbackDTO[id=115, text=null, detailText=The exercise expects a class with the name Policy in the package testpackage. You did not implement the class in the exercise., hasLongFeedbackText=false, reference=null, credits=0.0, positive=false, type=AUTOMATIC, visibility=ALWAYS, testCase=TestCaseDTO[testName=null, id=64]], FeedbackDTO[id=116, text=null, detailText=The exercise expects a class with the name Context in the package testpackage. You did not implement the class in the exercise., hasLongFeedbackText=false, reference=null, credits=0.0, positive=false, type=AUTOMATIC, visibility=ALWAYS, testCase=TestCaseDTO[testName=null, id=60]], FeedbackDTO[id=117, text=null, detailText=The exercise expects a class with the name Policy in the package testpackage. You did not implement the class in the exercise., hasLongFeedbackText=false, reference=null, credits=0.0, positive=false, type=AUTOMATIC, visibility=ALWAYS, testCase=TestCaseDTO[testName=null, id=61]], FeedbackDTO[id=118, text=null, detailText=null, hasLongFeedbackText=false, reference=null, credits=3.230769230769231, positive=true, type=AUTOMATIC, visibility=ALWAYS, testCase=TestCaseDTO[testName=null, id=71]]], assessmentType=AUTOMATIC, hasComplaint=null, exampleResult=null, testCaseCount=13, passedTestCaseCount=1, codeIssueCount=0]], BuildJobQueueItem[id=4771739576580898, name=SHORT51E611E30D6B60466F0B8BA0AA97F58888C2TSTEXC-LOCALCIINTSTUDENT1, buildAgent=BuildAgentDTO[name=artemis-build-agent-test, memberAddress=[127.0.0.1]:5703, displayName=artemis-build-agent-test], participationId=477, courseId=152, exerciseId=303, retryCount=0, priority=2, status=SUCCESSFUL, repositoryInfo=RepositoryInfo[repositoryName=short51e611e30d6b60466f0b8ba0aa97f58888c2tstexc-localciintstudent1, repositoryType=user, triggeredByPushTo=user, assignmentRepositoryUri=http://localhost:49152/git/SHORT51E611E30D6B60466F0B8BA0AA97F58888C2TSTEXC/short51e611e30d6b60466f0b8ba0aa97f58888c2tstexc-localciintstudent1.git, testRepositoryUri=http://localhost:49152/git/SHORT51E611E30D6B60466F0B8BA0AA97F58888C2TSTEXC/short51e611e30d6b60466f0b8ba0aa97f58888c2tstexc-tests.git, solutionRepositoryUri=null, auxiliaryRepositoryUris=[Ljava.lang.String;@5636e982, auxiliaryRepositoryCheckoutDirectories=[Ljava.lang.String;@6ca98922], jobTimingInfo=JobTimingInfo[submissionDate=2025-02-14T23:43:00.898532688Z[Etc/UTC], buildStartDate=2025-02-14T23:43:00.905733056Z[Etc/UTC], buildCompletionDate=2025-02-14T23:43:02.692768910Z[Etc/UTC], estimatedCompletionDate=2025-02-14T23:43:19.905720463Z[Etc/UTC], estimatedDuration=19], buildConfig=BuildConfig[buildScript=#!/bin/bash
cd /var/tmp/testing-dir
chmod +x ./gradlew
./gradlew clean test
, dockerImage=dummy-docker-image:latest, commitHashToBuild=8f3057cbd462f5e3de4e6ba85115f60d8dbb5aea, assignmentCommitHash=8f3057cbd462f5e3de4e6ba85115f60d8dbb5aea, testCommitHash=8f3057cbd462f5e3de4e6ba85115f60d8dbb5aea, branch=main, programmingLanguage=JAVA, projectType=PLAIN_GRADLE, scaEnabled=true, sequentialTestRunsEnabled=false, resultPaths=[/var/tmp/testing-dir/**/test-results/test/*.xml], timeoutSeconds=0, assignmentCheckoutPath=null, testCheckoutPath=null, solutionCheckoutPath=null, dockerRunConfig=null], submissionResult=ResultDTO[id=136, completionDate=2025-02-14T23:43:02.637820510Z[Etc/UTC], successful=false, score=7.7, rated=true, submission=SubmissionDTO[id=124, submitted=true, type=MANUAL, exampleSubmission=null, submissionDate=2025-02-14T23:43:00.886601Z, commitHash=8f3057cbd462f5e3de4e6ba85115f60d8dbb5aea, buildFailed=false, buildArtifact=false, participation=ParticipationDTO[id=477, testRun=false, type=programming, submissionCount=null, exercise=ParticipationExerciseDTO[id=303, exerciseType=PROGRAMMING, type=programming, assessmentType=AUTOMATIC, dueDate=2025-02-16T23:43:00.631824Z, assessmentDueDate=null, maxPoints=42.0, course=CourseDTO[id=152, accuracyOfScores=1]]], submissionExerciseType=programming, isProcessing=false, buildStartDate=null, estimatedCompletionDate=null], participation=ParticipationDTO[id=477, testRun=false, type=programming, submissionCount=null, exercise=ParticipationExerciseDTO[id=303, exerciseType=PROGRAMMING, type=programming, assessmentType=AUTOMATIC, dueDate=2025-02-16T23:43:00.631824Z, assessmentDueDate=null, maxPoints=42.0, course=CourseDTO[id=152, accuracyOfScores=1]]], feedbacks=[FeedbackDTO[id=119, text=null, detailText=The exercise expects a class with the name Context in the package testpackage. You did not implement the class in the exercise., hasLongFeedbackText=false, reference=null, credits=0.0, positive=false, type=AUTOMATIC, visibility=ALWAYS, testCase=TestCaseDTO[testName=null, id=78]], FeedbackDTO[id=120, text=null, detailText=The exercise expects a class with the name Policy in the package testpackage. You did not implement the class in the exercise., hasLongFeedbackText=false, reference=null, credits=0.0, positive=false, type=AUTOMATIC, visibility=ALWAYS, testCase=TestCaseDTO[testName=null, id=79]], FeedbackDTO[id=121, text=null, detailText=The exercise expects a class with the name SortStrategy in the package testpackage. You did not implement the class in the exercise., hasLongFeedbackText=false, reference=null, credits=0.0, positive=false, type=AUTOMATIC, visibility=ALWAYS, testCase=TestCaseDTO[testName=null, id=80]], FeedbackDTO[id=122, text=null, detailText=The class 'MergeSort' does not implement the interface 'SortStrategy' as expected. Implement the interface and its methods., hasLongFeedbackText=false, reference=null, credits=0.0, positive=false, type=AUTOMATIC, visibility=ALWAYS, testCase=TestCaseDTO[testName=null, id=75]], FeedbackDTO[id=123, text=null, detailText=The exercise expects a class with the name SortStrategy in the package testpackage. You did not implement the class in the exercise., hasLongFeedbackText=false, reference=null, credits=0.0, positive=false, type=AUTOMATIC, visibility=ALWAYS, testCase=TestCaseDTO[testName=null, id=72]], FeedbackDTO[id=124, text=null, detailText=The class 'BubbleSort' does not implement the interface 'SortStrategy' as expected. Implement the interface and its methods., hasLongFeedbackText=false, reference=null, credits=0.0, positive=false, type=AUTOMATIC, visibility=ALWAYS, testCase=TestCaseDTO[testName=null, id=76]], FeedbackDTO[id=125, text=null, detailText=MergeSort does not sort correctly, hasLongFeedbackText=false, reference=null, credits=0.0, positive=false, type=AUTOMATIC, visibility=ALWAYS, testCase=TestCaseDTO[testName=null, id=81]], FeedbackDTO[id=126, text=null, detailText=The class 'Context' was not found within the submission. Make sure to implement it properly., hasLongFeedbackText=false, reference=null, credits=0.0, positive=false, type=AUTOMATIC, visibility=ALWAYS, testCase=TestCaseDTO[testName=null, id=82]], FeedbackDTO[id=127, text=null, detailText=The class 'Context' was not found within the submission. Make sure to implement it properly., hasLongFeedbackText=false, reference=null, credits=0.0, positive=false, type=AUTOMATIC, visibility=ALWAYS, testCase=TestCaseDTO[testName=null, id=83]], FeedbackDTO[id=128, text=null, detailText=The exercise expects a class with the name Policy in the package testpackage. You did not implement the class in the exercise., hasLongFeedbackText=false, reference=null, credits=0.0, positive=false, type=AUTOMATIC, visibility=ALWAYS, testCase=TestCaseDTO[testName=null, id=77]], FeedbackDTO[id=129, text=null, detailText=The exercise expects a class with the name Context in the package testpackage. You did not implement the class in the exercise., hasLongFeedbackText=false, reference=null, credits=0.0, positive=false, type=AUTOMATIC, visibility=ALWAYS, testCase=TestCaseDTO[testName=null, id=73]], FeedbackDTO[id=130, text=null, detailText=The exercise expects a class with the name Policy in the package testpackage. You did not implement the class in the exercise., hasLongFeedbackText=false, reference=null, credits=0.0, positive=false, type=AUTOMATIC, visibility=ALWAYS, testCase=TestCaseDTO[testName=null, id=74]], FeedbackDTO[id=131, text=null, detailText=null, hasLongFeedbackText=false, reference=null, credits=3.230769230769231, positive=true, type=AUTOMATIC, visibility=ALWAYS, testCase=TestCaseDTO[testName=null, id=84]], FeedbackDTO[id=132, text=SCAFeedbackIdentifier:Bad Practice, detailText={"filePath":"src/code/Client.java","startLine":6,"endLine":6,"startColumn":1,"endColumn":26,"rule":"UnusedImports","category":"Best Practices","message":"Avoid unused imports such as 'javax.swing.JFrame'","priority":"4"}, hasLongFeedbackText=false, reference=PMD, credits=0.0, positive=false, type=AUTOMATIC, visibility=null, testCase=null], FeedbackDTO[id=133, text=SCAFeedbackIdentifier:Code Style, detailText={"filePath":"src/code/Client.java","startLine":7,"endLine":7,"startColumn":1,"endColumn":19,"rule":"DontImportJavaLang","category":"Code Style","message":"Avoid importing anything from the package java.lang","priority":"4"}, hasLongFeedbackText=false, reference=PMD, credits=0.0, positive=false, type=AUTOMATIC, visibility=null, testCase=null], FeedbackDTO[id=134, text=SCAFeedbackIdentifier:Bad Practice, detailText={"filePath":"src/code/Client.java","startLine":7,"endLine":7,"startColumn":1,"endColumn":19,"rule":"UnusedImports","category":"Best Practices","message":"Avoid unused imports such as 'java.lang'","priority":"4"}, hasLongFeedbackText=false, reference=PMD, credits=0.0, positive=false, type=AUTOMATIC, visibility=null, testCase=null], FeedbackDTO[id=135, text=SCAFeedbackIdentifier:Bad Practice, detailText={"filePath":"src/code/Client.java","startLine":73,"endLine":73,"startColumn":18,"endColumn":27,"rule":"UnusedLocalVariable","category":"Best Practices","message":"Avoid unused local variables such as 'randomDate'.","priority":"3"}, hasLongFeedbackText=false, reference=PMD, credits=0.0, positive=false, type=AUTOMATIC, visibility=null, testCase=null], FeedbackDTO[id=136, text=SCAFeedbackIdentifier:Bad Practice, detailText={"filePath":"src/code/Client.java","startLine":81,"endLine":81,"startColumn":31,"endColumn":53,"rule":"UnusedPrivateMethod","category":"Best Practices","message":"Avoid unused private methods such as 'CreateRandomDatesList()'.","priority":"3"}, hasLongFeedbackText=false, reference=PMD, credits=0.0, positive=false, type=AUTOMATIC, visibility=null, testCase=null], FeedbackDTO[id=137, text=SCAFeedbackIdentifier:Potential Bugs, detailText={"filePath":"src/code/Client.java","startLine":94,"endLine":94,"startColumn":9,"endColumn":9,"rule":"EmptyStatementNotInLoop","category":"Error Prone","message":"An empty statement (semicolon) not part of a loop","priority":"3"}, hasLongFeedbackText=false, reference=PMD, credits=0.0, positive=false, type=AUTOMATIC, visibility=null, testCase=null], FeedbackDTO[id=138, text=SCAFeedbackIdentifier:Potential Bugs, detailText={"filePath":"src/code/Client.java","startLine":94,"endLine":94,"startColumn":10,"endColumn":10,"rule":"EmptyStatementNotInLoop","category":"Error Prone","message":"An empty statement (semicolon) not part of a loop","priority":"3"}, hasLongFeedbackText=false, reference=PMD, credits=0.0, positive=false, type=AUTOMATIC, visibility=null, testCase=null], FeedbackDTO[id=139, text=SCAFeedbackIdentifier:Potential Bugs, detailText={"filePath":"src/code/Client.java","startLine":94,"endLine":94,"startColumn":11,"endColumn":11,"rule":"EmptyStatementNotInLoop","category":"Error Prone","message":"An empty statement (semicolon) not part of a loop","priority":"3"}, hasLongFeedbackText=false, reference=PMD, credits=0.0, positive=false, type=AUTOMATIC, visibility=null, testCase=null], FeedbackDTO[id=140, text=SCAFeedbackIdentifier:Code Style, detailText={"filePath":"src/code/Client.java","startLine":73,"endLine":73,"rule":"DLS_DEAD_LOCAL_STORE","category":"STYLE","message":"Dead store to randomDate in code.Client.createRandomDatesList()","priority":"2"}, hasLongFeedbackText=false, reference=SPOTBUGS, credits=0.0, positive=false, type=AUTOMATIC, visibility=null, testCase=null], FeedbackDTO[id=141, text=SCAFeedbackIdentifier:Bad Practice, detailText={"filePath":"src/code/Client.java","startLine":82,"endLine":95,"rule":"NM_METHOD_NAMING_CONVENTION","category":"BAD_PRACTICE","message":"The method name code.Client.CreateRandomDatesList() doesn't start with a lower case letter","priority":"3"}, hasLongFeedbackText=false, reference=SPOTBUGS, credits=0.0, positive=false, type=AUTOMATIC, visibility=null, testCase=null], FeedbackDTO[id=142, text=SCAFeedbackIdentifier:Performance, detailText={"filePath":"src/code/Client.java","startLine":82,"endLine":95,"rule":"UPM_UNCALLED_PRIVATE_METHOD","category":"PERFORMANCE","message":"Private method code.Client.CreateRandomDatesList() is never called","priority":"2"}, hasLongFeedbackText=false, reference=SPOTBUGS, credits=0.0, positive=false, type=AUTOMATIC, visibility=null, testCase=null], FeedbackDTO[id=143, text=SCAFeedbackIdentifier:Code Style, detailText={"filePath":"src/code/Client.java","startLine":70,"endLine":70,"startColumn":9,"endColumn":9,"rule":"NeedBracesCheck","category":"blocks","message":"'for' construct must use '{}'s.","priority":"error"}, hasLongFeedbackText=false, reference=CHECKSTYLE, credits=0.0, positive=false, type=AUTOMATIC, visibility=null, testCase=null], FeedbackDTO[id=144, text=SCAFeedbackIdentifier:Code Style, detailText={"filePath":"src/code/Client.java","startLine":93,"endLine":93,"startColumn":9,"endColumn":9,"rule":"EmptyStatementCheck","category":"coding","message":"Empty statement.","priority":"error"}, hasLongFeedbackText=false, reference=CHECKSTYLE, credits=0.0, positive=false, type=AUTOMATIC, visibility=null, testCase=null], FeedbackDTO[id=145, text=SCAFeedbackIdentifier:Code Style, detailText={"filePath":"src/code/Client.java","startLine":93,"endLine":93,"startColumn":10,"endColumn":10,"rule":"EmptyStatementCheck","category":"coding","message":"Empty statement.","priority":"error"}, hasLongFeedbackText=false, reference=CHECKSTYLE, credits=0.0, positive=false, type=AUTOMATIC, visibility=null, testCase=null], FeedbackDTO[id=146, text=SCAFeedbackIdentifier:Code Style, detailText={"filePath":"src/code/Client.java","startLine":93,"endLine":93,"startColumn":11,"endColumn":11,"rule":"EmptyStatementCheck","category":"coding","message":"Empty statement.","priority":"error"}, hasLongFeedbackText=false, reference=CHECKSTYLE, credits=0.0, positive=false, type=AUTOMATIC, visibility=null, testCase=null]], assessmentType=AUTOMATIC, hasComplaint=null, exampleResult=null, testCaseCount=13, passedTestCaseCount=1, codeIssueCount=15]], BuildJobQueueItem[id=4821739576584632, name=SHORT433BAC4500363044960B6E10DFA0493471B2TSTEXC-LOCALCIINTSTUDENT1, buildAgent=BuildAgentDTO[name=artemis-build-agent-test, memberAddress=[127.0.0.1]:5703, displayName=artemis-build-agent-test], participationId=482, courseId=154, exerciseId=305, retryCount=0, priority=2, status=SUCCESSFUL, repositoryInfo=RepositoryInfo[repositoryName=short433bac4500363044960b6e10dfa0493471b2tstexc-localciintstudent1, repositoryType=user, triggeredByPushTo=user, assignmentRepositoryUri=http://localhost:49152/git/SHORT433BAC4500363044960B6E10DFA0493471B2TSTEXC/short433bac4500363044960b6e10dfa0493471b2tstexc-localciintstudent1.git, testRepositoryUri=http://localhost:49152/git/SHORT433BAC4500363044960B6E10DFA0493471B2TSTEXC/short433bac4500363044960b6e10dfa0493471b2tstexc-tests.git, solutionRepositoryUri=null, auxiliaryRepositoryUris=[Ljava.lang.String;@220bbc39, auxiliaryRepositoryCheckoutDirectories=[Ljava.lang.String;@704f6b1b], jobTimingInfo=JobTimingInfo[submissionDate=2025-02-14T23:43:04.632341258Z[Etc/UTC], buildStartDate=2025-02-14T23:43:04.637633457Z[Etc/UTC], buildCompletionDate=2025-02-14T23:43:06.421238953Z[Etc/UTC], estimatedCompletionDate=2025-02-14T23:43:23.637623879Z[Etc/UTC], estimatedDuration=19], buildConfig=BuildConfig[buildScript=#!/bin/bash
cd /var/tmp/testing-dir
chmod +x ./gradlew
./gradlew clean test
, dockerImage=dummy-docker-image:latest, commitHashToBuild=8355c4f3cd5d3e0443707d3310206e460e333c6f, assignmentCommitHash=8355c4f3cd5d3e0443707d3310206e460e333c6f, testCommitHash=8355c4f3cd5d3e0443707d3310206e460e333c6f, branch=main, programmingLanguage=JAVA, projectType=PLAIN_GRADLE, scaEnabled=false, sequentialTestRunsEnabled=false, resultPaths=[/var/tmp/testing-dir/**/test-results/test/*.xml], timeoutSeconds=0, assignmentCheckoutPath=null, testCheckoutPath=null, solutionCheckoutPath=null, dockerRunConfig=null], submissionResult=ResultDTO[id=137, completionDate=2025-02-14T23:43:06.404877412Z[Etc/UTC], successful=false, score=7.7, rated=true, submission=SubmissionDTO[id=125, submitted=true, type=MANUAL, exampleSubmission=null, submissionDate=2025-02-14T23:43:04.623230Z, commitHash=8355c4f3cd5d3e0443707d3310206e460e333c6f, buildFailed=false, buildArtifact=false, participation=ParticipationDTO[id=482, testRun=false, type=programming, submissionCount=null, exercise=ParticipationExerciseDTO[id=305, exerciseType=PROGRAMMING, type=programming, assessmentType=AUTOMATIC, dueDate=2025-02-16T23:43:04.425734Z, assessmentDueDate=null, maxPoints=42.0, course=CourseDTO[id=154, accuracyOfScores=1]]], submissionExerciseType=programming, isProcessing=false, buildStartDate=null, estimatedCompletionDate=null], participation=ParticipationDTO[id=482, testRun=false, type=programming, submissionCount=null, exercise=ParticipationExerciseDTO[id=305, exerciseType=PROGRAMMING, type=programming, assessmentType=AUTOMATIC, dueDate=2025-02-16T23:43:04.425734Z, assessmentDueDate=null, maxPoints=42.0, course=CourseDTO[id=154, accuracyOfScores=1]]], feedbacks=[FeedbackDTO[id=147, text=null, detailText=The exercise expects a class with the name Context in the package testpackage. You did not implement the class in the exercise., hasLongFeedbackText=false, reference=null, credits=0.0, positive=false, type=AUTOMATIC, visibility=ALWAYS, testCase=TestCaseDTO[testName=null, id=104]], FeedbackDTO[id=148, text=null, detailText=The exercise expects a class with the name Policy in the package testpackage. You did not implement the class in the exercise., hasLongFeedbackText=false, reference=null, credits=0.0, positive=false, type=AUTOMATIC, visibility=ALWAYS, testCase=TestCaseDTO[testName=null, id=105]], FeedbackDTO[id=149, text=null, detailText=The exercise expects a class with the name SortStrategy in the package testpackage. You did not implement the class in the exercise., hasLongFeedbackText=false, reference=null, credits=0.0, positive=false, type=AUTOMATIC, visibility=ALWAYS, testCase=TestCaseDTO[testName=null, id=106]], FeedbackDTO[id=150, text=null, detailText=The class 'MergeSort' does not implement the interface 'SortStrategy' as expected. Implement the interface and its methods., hasLongFeedbackText=false, reference=null, credits=0.0, positive=false, type=AUTOMATIC, visibility=ALWAYS, testCase=TestCaseDTO[testName=null, id=101]], FeedbackDTO[id=151, text=null, detailText=The exercise expects a class with the name SortStrategy in the package testpackage. You did not implement the class in the exercise., hasLongFeedbackText=false, reference=null, credits=0.0, positive=false, type=AUTOMATIC, visibility=ALWAYS, testCase=TestCaseDTO[testName=null, id=98]], FeedbackDTO[id=152, text=null, detailText=The class 'BubbleSort' does not implement the interface 'SortStrategy' as expected. Implement the interface and its methods., hasLongFeedbackText=false, reference=null, credits=0.0, positive=false, type=AUTOMATIC, visibility=ALWAYS, testCase=TestCaseDTO[testName=null, id=102]], FeedbackDTO[id=153, text=null, detailText=MergeSort does not sort correctly, hasLongFeedbackText=false, reference=null, credits=0.0, positive=false, type=AUTOMATIC, visibility=ALWAYS, testCase=TestCaseDTO[testName=null, id=107]], FeedbackDTO[id=154, text=null, detailText=The class 'Context' was not found within the submission. Make sure to implement it properly., hasLongFeedbackText=false, reference=null, credits=0.0, positive=false, type=AUTOMATIC, visibility=ALWAYS, testCase=TestCaseDTO[testName=null, id=108]], FeedbackDTO[id=155, text=null, detailText=The class 'Context' was not found within the submission. Make sure to implement it properly., hasLongFeedbackText=false, reference=null, credits=0.0, positive=false, type=AUTOMATIC, visibility=ALWAYS, testCase=TestCaseDTO[testName=null, id=109]], FeedbackDTO[id=156, text=null, detailText=The exercise expects a class with the name Policy in the package testpackage. You did not implement the class in the exercise., hasLongFeedbackText=false, reference=null, credits=0.0, positive=false, type=AUTOMATIC, visibility=ALWAYS, testCase=TestCaseDTO[testName=null, id=103]], FeedbackDTO[id=157, text=null, detailText=The exercise expects a class with the name Context in the package testpackage. You did not implement the class in the exercise., hasLongFeedbackText=false, reference=null, credits=0.0, positive=false, type=AUTOMATIC, visibility=ALWAYS, testCase=TestCaseDTO[testName=null, id=99]], FeedbackDTO[id=158, text=null, detailText=The exercise expects a class with the name Policy in the package testpackage. You did not implement the class in the exercise., hasLongFeedbackText=false, reference=null, credits=0.0, positive=false, type=AUTOMATIC, visibility=ALWAYS, testCase=TestCaseDTO[testName=null, id=100]], FeedbackDTO[id=159, text=null, detailText=null, hasLongFeedbackText=false, reference=null, credits=3.230769230769231, positive=true, type=AUTOMATIC, visibility=ALWAYS, testCase=TestCaseDTO[testName=null, id=110]]], assessmentType=AUTOMATIC, hasComplaint=null, exampleResult=null, testCaseCount=13, passedTestCaseCount=1, codeIssueCount=0]], BuildJobQueueItem[id=4851739576588371, name=SHORT495D587A0856D04A9E08BC60D2E08365FB9ETSTEXC-LOCALCIINTSTUDENT1, buildAgent=BuildAgentDTO[name=artemis-build-agent-test, memberAddress=[127.0.0.1]:5703, displayName=artemis-build-agent-test], participationId=485, courseId=155, exerciseId=306, retryCount=0, priority=2, status=FAILED, repositoryInfo=RepositoryInfo[repositoryName=short495d587a0856d04a9e08bc60d2e08365fb9etstexc-localciintstudent1, repositoryType=user, triggeredByPushTo=user, assignmentRepositoryUri=http://localhost:49152/git/SHORT495D587A0856D04A9E08BC60D2E08365FB9ETSTEXC/short495d587a0856d04a9e08bc60d2e08365fb9etstexc-localciintstudent1.git, testRepositoryUri=http://localhost:49152/git/SHORT495D587A0856D04A9E08BC60D2E08365FB9ETSTEXC/short495d587a0856d04a9e08bc60d2e08365fb9etstexc-tests.git, solutionRepositoryUri=null, auxiliaryRepositoryUris=[Ljava.lang.String;@11d4e669, auxiliaryRepositoryCheckoutDirectories=[Ljava.lang.String;@31948de8], jobTimingInfo=JobTimingInfo[submissionDate=2025-02-14T23:43:08.371015915Z[Etc/UTC], buildStartDate=2025-02-14T23:43:08.374658929Z[Etc/UTC], buildCompletionDate=2025-02-14T23:43:09.341007666Z[Etc/UTC], estimatedCompletionDate=2025-02-14T23:43:27.374650503Z[Etc/UTC], estimatedDuration=19], buildConfig=BuildConfig[buildScript=#!/bin/bash
cd /var/tmp/testing-dir
chmod +x ./gradlew
./gradlew clean test
, dockerImage=dummy-docker-image:latest, commitHashToBuild=ebb8aa4dc3625fe07e975266e18313ad871ce864, assignmentCommitHash=9b3a9bd71a0d80e5bbc42204c319ed3d1d4f0d6d, testCommitHash=9b3a9bd71a0d80e5bbc42204c319ed3d1d4f0d6d, branch=main, programmingLanguage=JAVA, projectType=PLAIN_GRADLE, scaEnabled=false, sequentialTestRunsEnabled=false, resultPaths=[/var/tmp/testing-dir/**/test-results/test/*.xml], timeoutSeconds=0, assignmentCheckoutPath=null, testCheckoutPath=null, solutionCheckoutPath=null, dockerRunConfig=null], submissionResult=ResultDTO[id=138, completionDate=2025-02-14T23:43:09.343306574Z[Etc/UTC], successful=false, score=0.0, rated=true, submission=SubmissionDTO[id=127, submitted=true, type=MANUAL, exampleSubmission=null, submissionDate=2025-02-14T23:43:09.343306574Z[Etc/UTC], commitHash=9b3a9bd71a0d80e5bbc42204c319ed3d1d4f0d6d, buildFailed=true, buildArtifact=false, participation=ParticipationDTO[id=485, testRun=false, type=programming, submissionCount=null, exercise=ParticipationExerciseDTO[id=306, exerciseType=PROGRAMMING, type=programming, assessmentType=AUTOMATIC, dueDate=2025-02-16T23:43:08.185273Z, assessmentDueDate=null, maxPoints=42.0, course=CourseDTO[id=155, accuracyOfScores=1]]], submissionExerciseType=programming, isProcessing=false, buildStartDate=null, estimatedCompletionDate=null], participation=ParticipationDTO[id=485, testRun=false, type=programming, submissionCount=null, exercise=ParticipationExerciseDTO[id=306, exerciseType=PROGRAMMING, type=programming, assessmentType=AUTOMATIC, dueDate=2025-02-16T23:43:08.185273Z, assessmentDueDate=null, maxPoints=42.0, course=CourseDTO[id=155, accuracyOfScores=1]]], feedbacks=[], assessmentType=AUTOMATIC, hasComplaint=null, exampleResult=null, testCaseCount=0, passedTestCaseCount=0, codeIssueCount=0]], BuildJobQueueItem[id=4881739576590204, name=SHORT80B5DD0E0D6B304EBB096E9020B949996A1CTSTEXC-LOCALCIINTSTUDENT1, buildAgent=BuildAgentDTO[name=artemis-build-agent-test, memberAddress=[127.0.0.1]:5703, displayName=artemis-build-agent-test], participationId=488, courseId=156, exerciseId=307, retryCount=0, priority=2, status=SUCCESSFUL, repositoryInfo=RepositoryInfo[repositoryName=short80b5dd0e0d6b304ebb096e9020b949996a1ctstexc-localciintstudent1, repositoryType=user, triggeredByPushTo=user, assignmentRepositoryUri=http://localhost:49152/git/SHORT80B5DD0E0D6B304EBB096E9020B949996A1CTSTEXC/short80b5dd0e0d6b304ebb096e9020b949996a1ctstexc-localciintstudent1.git, testRepositoryUri=http://localhost:49152/git/SHORT80B5DD0E0D6B304EBB096E9020B949996A1CTSTEXC/short80b5dd0e0d6b304ebb096e9020b949996a1ctstexc-tests.git, solutionRepositoryUri=null, auxiliaryRepositoryUris=[Ljava.lang.String;@4e811597, auxiliaryRepositoryCheckoutDirectories=[Ljava.lang.String;@459da8ef], jobTimingInfo=JobTimingInfo[submissionDate=2025-02-14T23:43:10.204264160Z[Etc/UTC], buildStartDate=2025-02-14T23:43:10.223149139Z[Etc/UTC], buildCompletionDate=2025-02-14T23:43:12.086509109Z[Etc/UTC], estimatedCompletionDate=2025-02-14T23:43:29.223142246Z[Etc/UTC], estimatedDuration=19], buildConfig=BuildConfig[buildScript=#!/bin/bash
cd /var/tmp/testing-dir
chmod +x ./gradlew
./gradlew clean test
, dockerImage=dummy-docker-image:latest, commitHashToBuild=b806a93102242552beed7c01b08b2769731814b3, assignmentCommitHash=b806a93102242552beed7c01b08b2769731814b3, testCommitHash=b806a93102242552beed7c01b08b2769731814b3, branch=main, programmingLanguage=JAVA, projectType=PLAIN_GRADLE, scaEnabled=false, sequentialTestRunsEnabled=false, resultPaths=[/var/tmp/testing-dir/**/test-results/test/*.xml], timeoutSeconds=0, assignmentCheckoutPath=null, testCheckoutPath=null, solutionCheckoutPath=null, dockerRunConfig=null], submissionResult=ResultDTO[id=139, completionDate=2025-02-14T23:43:12.066436124Z[Etc/UTC], successful=false, score=0.0, rated=true, submission=SubmissionDTO[id=128, submitted=true, type=MANUAL, exampleSubmission=null, submissionDate=2025-02-14T23:43:10.192407Z, commitHash=b806a93102242552beed7c01b08b2769731814b3, buildFailed=true, buildArtifact=false, participation=ParticipationDTO[id=488, testRun=false, type=programming, submissionCount=null, exercise=ParticipationExerciseDTO[id=307, exerciseType=PROGRAMMING, type=programming, assessmentType=AUTOMATIC, dueDate=2025-02-16T23:43:09.986646Z, assessmentDueDate=null, maxPoints=42.0, course=CourseDTO[id=156, accuracyOfScores=1]]], submissionExerciseType=programming, isProcessing=false, buildStartDate=null, estimatedCompletionDate=null], participation=ParticipationDTO[id=488, testRun=false, type=programming, submissionCount=null, exercise=ParticipationExerciseDTO[id=307, exerciseType=PROGRAMMING, type=programming, assessmentType=AUTOMATIC, dueDate=2025-02-16T23:43:09.986646Z, assessmentDueDate=null, maxPoints=42.0, course=CourseDTO[id=156, accuracyOfScores=1]]], feedbacks=[], assessmentType=AUTOMATIC, hasComplaint=null, exampleResult=null, testCaseCount=0, passedTestCaseCount=0, codeIssueCount=0]], BuildJobQueueItem[id=4911739576593817, name=SHORT585B2198089880462509B3007867E72DFB7ATSTEXC-LOCALCIINTSTUDENT1, buildAgent=BuildAgentDTO[name=artemis-build-agent-test, memberAddress=[127.0.0.1]:5703, displayName=artemis-build-agent-test], participationId=491, courseId=157, exerciseId=308, retryCount=0, priority=2, status=SUCCESSFUL, repositoryInfo=RepositoryInfo[repositoryName=short585b2198089880462509b3007867e72dfb7atstexc-localciintstudent1, repositoryType=user, triggeredByPushTo=user, assignmentRepositoryUri=http://localhost:49152/git/SHORT585B2198089880462509B3007867E72DFB7ATSTEXC/short585b2198089880462509b3007867e72dfb7atstexc-localciintstudent1.git, testRepositoryUri=http://localhost:49152/git/SHORT585B2198089880462509B3007867E72DFB7ATSTEXC/short585b2198089880462509b3007867e72dfb7atstexc-tests.git, solutionRepositoryUri=null, auxiliaryRepositoryUris=[Ljava.lang.String;@734cf99b, auxiliaryRepositoryCheckoutDirectories=[Ljava.lang.String;@6622d1d7], jobTimingInfo=JobTimingInfo[submissionDate=2025-02-14T23:43:13.817124706Z[Etc/UTC], buildStartDate=2025-02-14T23:43:13.834335931Z[Etc/UTC], buildCompletionDate=2025-02-14T23:43:15.746259139Z[Etc/UTC], estimatedCompletionDate=2025-02-14T23:43:32.834326082Z[Etc/UTC], estimatedDuration=19], buildConfig=BuildConfig[buildScript=#!/bin/bash
cd /var/tmp/testing-dir
chmod +x ./gradlew
./gradlew clean test
, dockerImage=dummy-docker-image:latest, commitHashToBuild=42077d078a5d5042fe2d4bd8299a990d342fce6e, assignmentCommitHash=42077d078a5d5042fe2d4bd8299a990d342fce6e, testCommitHash=42077d078a5d5042fe2d4bd8299a990d342fce6e, branch=main, programmingLanguage=JAVA, projectType=PLAIN_GRADLE, scaEnabled=false, sequentialTestRunsEnabled=false, resultPaths=[/var/tmp/testing-dir/**/test-results/test/*.xml], timeoutSeconds=0, assignmentCheckoutPath=null, testCheckoutPath=null, solutionCheckoutPath=null, dockerRunConfig=null], submissionResult=ResultDTO[id=140, completionDate=2025-02-14T23:43:15.725343914Z[Etc/UTC], successful=false, score=0.0, rated=true, submission=SubmissionDTO[id=129, submitted=true, type=MANUAL, exampleSubmission=null, submissionDate=2025-02-14T23:43:13.805401Z, commitHash=42077d078a5d5042fe2d4bd8299a990d342fce6e, buildFailed=false, buildArtifact=false, participation=ParticipationDTO[id=491, testRun=false, type=programming, submissionCount=null, exercise=ParticipationExerciseDTO[id=308, exerciseType=PROGRAMMING, type=programming, assessmentType=AUTOMATIC, dueDate=2025-02-16T23:43:13.569213Z, assessmentDueDate=null, maxPoints=42.0, course=CourseDTO[id=157, accuracyOfScores=1]]], submissionExerciseType=programming, isProcessing=false, buildStartDate=null, estimatedCompletionDate=null], participation=ParticipationDTO[id=491, testRun=false, type=programming, submissionCount=null, exercise=ParticipationExerciseDTO[id=308, exerciseType=PROGRAMMING, type=programming, assessmentType=AUTOMATIC, dueDate=2025-02-16T23:43:13.569213Z, assessmentDueDate=null, maxPoints=42.0, course=CourseDTO[id=157, accuracyOfScores=1]]], feedbacks=[FeedbackDTO[id=160, text=null, detailText=Deine Einreichung enthält keine Ausgabe. (67cac2), hasLongFeedbackText=false, reference=null, credits=0.0, positive=false, type=AUTOMATIC, visibility=ALWAYS, testCase=TestCaseDTO[testName=null, id=146]], FeedbackDTO[id=161, text=null, detailText=test `add` failed on ≥ 1 cases:
(0, 0)
Your submission raised an error Failure("TODO add"), hasLongFeedbackText=false, reference=null, credits=0.0, positive=false, type=AUTOMATIC, visibility=ALWAYS, testCase=TestCaseDTO[testName=null, id=149]], FeedbackDTO[id=162, text=null, detailText=test `filter` failed on ≥ 1 cases:
(even, [1; 2; 3; 4])
Your submission raised an error Failure("TODO filter"), hasLongFeedbackText=false, reference=null, credits=0.0, positive=false, type=AUTOMATIC, visibility=ALWAYS, testCase=TestCaseDTO[testName=null, id=148]], FeedbackDTO[id=163, text=null, detailText=Test was not executed., hasLongFeedbackText=false, reference=null, credits=0.0, positive=null, type=AUTOMATIC, visibility=null, testCase=TestCaseDTO[testName=null, id=137]], FeedbackDTO[id=164, text=null, detailText=Test was not executed., hasLongFeedbackText=false, reference=null, credits=0.0, positive=null, type=AUTOMATIC, visibility=null, testCase=TestCaseDTO[testName=null, id=138]], FeedbackDTO[id=165, text=null, detailText=Test was not executed., hasLongFeedbackText=false, reference=null, credits=0.0, positive=null, type=AUTOMATIC, visibility=null, testCase=TestCaseDTO[testName=null, id=139]], FeedbackDTO[id=166, text=null, detailText=Test was not executed., hasLongFeedbackText=false, reference=null, credits=0.0, positive=null, type=AUTOMATIC, visibility=null, testCase=TestCaseDTO[testName=null, id=140]], FeedbackDTO[id=167, text=null, detailText=Test was not executed., hasLongFeedbackText=false, reference=null, credits=0.0, positive=null, type=AUTOMATIC, visibility=null, testCase=TestCaseDTO[testName=null, id=141]], FeedbackDTO[id=168, text=null, detailText=Test was not executed., hasLongFeedbackText=false, reference=null, credits=0.0, positive=null, type=AUTOMATIC, visibility=null, testCase=TestCaseDTO[testName=null, id=142]], FeedbackDTO[id=169, text=null, detailText=Test was not executed., hasLongFeedbackText=false, reference=null, credits=0.0, positive=null, type=AUTOMATIC, visibility=null, testCase=TestCaseDTO[testName=null, id=143]], FeedbackDTO[id=170, text=null, detailText=Test was not executed., hasLongFeedbackText=false, reference=null, credits=0.0, positive=null, type=AUTOMATIC, visibility=null, testCase=TestCaseDTO[testName=null, id=144]], FeedbackDTO[id=171, text=null, detailText=Test was not executed., hasLongFeedbackText=false, reference=null, credits=0.0, positive=null, type=AUTOMATIC, visibility=null, testCase=TestCaseDTO[testName=null, id=145]], FeedbackDTO[id=172, text=null, detailText=Test was not executed., hasLongFeedbackText=false, reference=null, credits=0.0, positive=null, type=AUTOMATIC, visibility=null, testCase=TestCaseDTO[testName=null, id=147]]], assessmentType=AUTOMATIC, hasComplaint=null, exampleResult=null, testCaseCount=13, passedTestCaseCount=0, codeIssueCount=0]], BuildJobQueueItem[id=4941739576597286, name=SHORTFBCBD7BF0E6EB0451A080E80FCB407DC1F12TSTEXC-LOCALCIINTSTUDENT1, buildAgent=BuildAgentDTO[name=artemis-build-agent-test, memberAddress=[127.0.0.1]:5703, displayName=artemis-build-agent-test], participationId=494, courseId=158, exerciseId=309, retryCount=0, priority=2, status=SUCCESSFUL, repositoryInfo=RepositoryInfo[repositoryName=shortfbcbd7bf0e6eb0451a080e80fcb407dc1f12tstexc-localciintstudent1, repositoryType=user, triggeredByPushTo=user, assignmentRepositoryUri=http://localhost:49152/git/SHORTFBCBD7BF0E6EB0451A080E80FCB407DC1F12TSTEXC/shortfbcbd7bf0e6eb0451a080e80fcb407dc1f12tstexc-localciintstudent1.git, testRepositoryUri=http://localhost:49152/git/SHORTFBCBD7BF0E6EB0451A080E80FCB407DC1F12TSTEXC/shortfbcbd7bf0e6eb0451a080e80fcb407dc1f12tstexc-tests.git, solutionRepositoryUri=null, auxiliaryRepositoryUris=[Ljava.lang.String;@20c95d29, auxiliaryRepositoryCheckoutDirectories=[Ljava.lang.String;@83b430f], jobTimingInfo=JobTimingInfo[submissionDate=2025-02-14T23:43:17.286977233Z[Etc/UTC], buildStartDate=2025-02-14T23:43:17.293977347Z[Etc/UTC], buildCompletionDate=2025-02-14T23:43:18.740990762Z[Etc/UTC], estimatedCompletionDate=2025-02-14T23:43:36.293970494Z[Etc/UTC], estimatedDuration=19], buildConfig=BuildConfig[buildScript=#!/bin/bash
cd /var/tmp/testing-dir
chmod +x ./gradlew
./gradlew clean test
, dockerImage=dummy-docker-image:latest, commitHashToBuild=4a1af7e8a64e6505c5fc09b9f81ea41af9fcff44, assignmentCommitHash=4a1af7e8a64e6505c5fc09b9f81ea41af9fcff44, testCommitHash=4a1af7e8a64e6505c5fc09b9f81ea41af9fcff44, branch=main, programmingLanguage=JAVA, projectType=PLAIN_GRADLE, scaEnabled=false, sequentialTestRunsEnabled=false, resultPaths=[/var/tmp/testing-dir/**/test-results/test/*.xml], timeoutSeconds=0, assignmentCheckoutPath=null, testCheckoutPath=null, solutionCheckoutPath=null, dockerRunConfig=null], submissionResult=ResultDTO[id=141, completionDate=2025-02-14T23:43:18.729015138Z[Etc/UTC], successful=false, score=0.0, rated=true, submission=SubmissionDTO[id=130, submitted=true, type=MANUAL, exampleSubmission=null, submissionDate=2025-02-14T23:43:17.272936Z, commitHash=4a1af7e8a64e6505c5fc09b9f81ea41af9fcff44, buildFailed=true, buildArtifact=false, participation=ParticipationDTO[id=494, testRun=false, type=programming, submissionCount=null, exercise=ParticipationExerciseDTO[id=309, exerciseType=PROGRAMMING, type=programming, assessmentType=AUTOMATIC, dueDate=2025-02-16T23:43:17.147218Z, assessmentDueDate=null, maxPoints=42.0, course=CourseDTO[id=158, accuracyOfScores=1]]], submissionExerciseType=programming, isProcessing=false, buildStartDate=null, estimatedCompletionDate=null], participation=ParticipationDTO[id=494, testRun=false, type=programming, submissionCount=null, exercise=ParticipationExerciseDTO[id=309, exerciseType=PROGRAMMING, type=programming, assessmentType=AUTOMATIC, dueDate=2025-02-16T23:43:17.147218Z, assessmentDueDate=null, maxPoints=42.0, course=CourseDTO[id=158, accuracyOfScores=1]]], feedbacks=[], assessmentType=AUTOMATIC, hasComplaint=null, exampleResult=null, testCaseCount=0, passedTestCaseCount=0, codeIssueCount=0]], BuildJobQueueItem[id=4971739576599269, name=SHORT52AD57270517204728083260501A19D262D1TSTEXC-LOCALCIINTSTUDENT1, buildAgent=BuildAgentDTO[name=artemis-build-agent-test, memberAddress=[127.0.0.1]:5703, displayName=artemis-build-agent-test], participationId=497, courseId=159, exerciseId=310, retryCount=0, priority=2, status=SUCCESSFUL, repositoryInfo=RepositoryInfo[repositoryName=short52ad57270517204728083260501a19d262d1tstexc-localciintstudent1, repositoryType=user, triggeredByPushTo=user, assignmentRepositoryUri=http://localhost:49152/git/SHORT52AD57270517204728083260501A19D262D1TSTEXC/short52ad57270517204728083260501a19d262d1tstexc-localciintstudent1.git, testRepositoryUri=http://localhost:49152/git/SHORT52AD57270517204728083260501A19D262D1TSTEXC/short52ad57270517204728083260501a19d262d1tstexc-tests.git, solutionRepositoryUri=null, auxiliaryRepositoryUris=[Ljava.lang.String;@1c2ff3b2, auxiliaryRepositoryCheckoutDirectories=[Ljava.lang.String;@6cf33589], jobTimingInfo=JobTimingInfo[submissionDate=2025-02-14T23:43:19.269997499Z[Etc/UTC], buildStartDate=2025-02-14T23:43:19.277325895Z[Etc/UTC], buildCompletionDate=2025-02-14T23:43:20.497391524Z[Etc/UTC], estimatedCompletionDate=2025-02-14T23:43:38.277310787Z[Etc/UTC], estimatedDuration=19], buildConfig=BuildConfig[buildScript=#!/bin/bash
cd /var/tmp/testing-dir
chmod +x ./gradlew
./gradlew clean test
, dockerImage=dummy-docker-image:latest, commitHashToBuild=9f4f76247a188e9a0f3516a9fbd60e829d53fb05, assignmentCommitHash=9f4f76247a188e9a0f3516a9fbd60e829d53fb05, testCommitHash=9f4f76247a188e9a0f3516a9fbd60e829d53fb05, branch=main, programmingLanguage=JAVA, projectType=PLAIN_GRADLE, scaEnabled=false, sequentialTestRunsEnabled=false, resultPaths=[/var/tmp/testing-dir/**/test-results/test/*.xml], timeoutSeconds=0, assignmentCheckoutPath=null, testCheckoutPath=null, solutionCheckoutPath=null, dockerRunConfig=null], submissionResult=ResultDTO[id=142, completionDate=2025-02-14T23:43:20.484244187Z[Etc/UTC], successful=false, score=7.7, rated=true, submission=SubmissionDTO[id=131, submitted=true, type=MANUAL, exampleSubmission=null, submissionDate=2025-02-14T23:43:19.265464Z, commitHash=9f4f76247a188e9a0f3516a9fbd60e829d53fb05, buildFailed=false, buildArtifact=false, participation=ParticipationDTO[id=497, testRun=false, type=programming, submissionCount=null, exercise=ParticipationExerciseDTO[id=310, exerciseType=PROGRAMMING, type=programming, assessmentType=AUTOMATIC, dueDate=2025-02-16T23:43:19.182228Z, assessmentDueDate=null, maxPoints=42.0, course=CourseDTO[id=159, accuracyOfScores=1]]], submissionExerciseType=programming, isProcessing=false, buildStartDate=null, estimatedCompletionDate=null], participation=ParticipationDTO[id=497, testRun=false, type=programming, submissionCount=null, exercise=ParticipationExerciseDTO[id=310, exerciseType=PROGRAMMING, type=programming, assessmentType=AUTOMATIC, dueDate=2025-02-16T23:43:19.182228Z, assessmentDueDate=null, maxPoints=42.0, course=CourseDTO[id=159, accuracyOfScores=1]]], feedbacks=[FeedbackDTO[id=173, text=null, detailText=The exercise expects a class with the name Context in the package testpackage. You did not implement the class in the exercise., hasLongFeedbackText=false, reference=null, credits=0.0, positive=false, type=AUTOMATIC, visibility=ALWAYS, testCase=TestCaseDTO[testName=null, id=169]], FeedbackDTO[id=174, text=null, detailText=The exercise expects a class with the name Policy in the package testpackage. You did not implement the class in the exercise., hasLongFeedbackText=false, reference=null, credits=0.0, positive=false, type=AUTOMATIC, visibility=ALWAYS, testCase=TestCaseDTO[testName=null, id=170]], FeedbackDTO[id=175, text=null, detailText=The exercise expects a class with the name SortStrategy in the package testpackage. You did not implement the class in the exercise., hasLongFeedbackText=false, reference=null, credits=0.0, positive=false, type=AUTOMATIC, visibility=ALWAYS, testCase=TestCaseDTO[testName=null, id=171]], FeedbackDTO[id=176, text=null, detailText=The class 'MergeSort' does not implement the interface 'SortStrategy' as expected. Implement the interface and its methods., hasLongFeedbackText=false, reference=null, credits=0.0, positive=false, type=AUTOMATIC, visibility=ALWAYS, testCase=TestCaseDTO[testName=null, id=166]], FeedbackDTO[id=177, text=null, detailText=The exercise expects a class with the name SortStrategy in the package testpackage. You did not implement the class in the exercise., hasLongFeedbackText=false, reference=null, credits=0.0, positive=false, type=AUTOMATIC, visibility=ALWAYS, testCase=TestCaseDTO[testName=null, id=163]], FeedbackDTO[id=178, text=null, detailText=The class 'BubbleSort' does not implement the interface 'SortStrategy' as expected. Implement the interface and its methods., hasLongFeedbackText=false, reference=null, credits=0.0, positive=false, type=AUTOMATIC, visibility=ALWAYS, testCase=TestCaseDTO[testName=null, id=167]], FeedbackDTO[id=179, text=null, detailText=MergeSort does not sort correctly, hasLongFeedbackText=false, reference=null, credits=0.0, positive=false, type=AUTOMATIC, visibility=ALWAYS, testCase=TestCaseDTO[testName=null, id=172]], FeedbackDTO[id=180, text=null, detailText=The class 'Context' was not found within the submission. Make sure to implement it properly., hasLongFeedbackText=false, reference=null, credits=0.0, positive=false, type=AUTOMATIC, visibility=ALWAYS, testCase=TestCaseDTO[testName=null, id=173]], FeedbackDTO[id=181, text=null, detailText=The class 'Context' was not found within the submission. Make sure to implement it properly., hasLongFeedbackText=false, reference=null, credits=0.0, positive=false, type=AUTOMATIC, visibility=ALWAYS, testCase=TestCaseDTO[testName=null, id=174]], FeedbackDTO[id=182, text=null, detailText=The exercise expects a class with the name Policy in the package testpackage. You did not implement the class in the exercise., hasLongFeedbackText=false, reference=null, credits=0.0, positive=false, type=AUTOMATIC, visibility=ALWAYS, testCase=TestCaseDTO[testName=null, id=168]], FeedbackDTO[id=183, text=null, detailText=The exercise expects a class with the name Context in the package testpackage. You did not implement the class in the exercise., hasLongFeedbackText=false, reference=null, credits=0.0, positive=false, type=AUTOMATIC, visibility=ALWAYS, testCase=TestCaseDTO[testName=null, id=164]], FeedbackDTO[id=184, text=null, detailText=The exercise expects a class with the name Policy in the package testpackage. You did not implement the class in the exercise., hasLongFeedbackText=false, reference=null, credits=0.0, positive=false, type=AUTOMATIC, visibility=ALWAYS, testCase=TestCaseDTO[testName=null, id=165]], FeedbackDTO[id=185, text=null, detailText=null, hasLongFeedbackText=false, reference=null, credits=3.230769230769231, positive=true, type=AUTOMATIC, visibility=ALWAYS, testCase=TestCaseDTO[testName=null, id=175]]], assessmentType=AUTOMATIC, hasComplaint=null, exampleResult=null, testCaseCount=13, passedTestCaseCount=1, codeIssueCount=0]], BuildJobQueueItem[id=5001739576601035, name=SHORT582B1BDC0A17704D6D0A46800FC19163DA47TSTEXC-LOCALCIINTSTUDENT1, buildAgent=BuildAgentDTO[name=artemis-build-agent-test, memberAddress=[127.0.0.1]:5703, displayName=artemis-build-agent-test], participationId=500, courseId=160, exerciseId=311, retryCount=0, priority=2, status=SUCCESSFUL, repositoryInfo=RepositoryInfo[repositoryName=short582b1bdc0a17704d6d0a46800fc19163da47tstexc-localciintstudent1, repositoryType=user, triggeredByPushTo=user, assignmentRepositoryUri=http://localhost:49152/git/SHORT582B1BDC0A17704D6D0A46800FC19163DA47TSTEXC/short582b1bdc0a17704d6d0a46800fc19163da47tstexc-localciintstudent1.git, testRepositoryUri=http://localhost:49152/git/SHORT582B1BDC0A17704D6D0A46800FC19163DA47TSTEXC/short582b1bdc0a17704d6d0a46800fc19163da47tstexc-tests.git, solutionRepositoryUri=null, auxiliaryRepositoryUris=[Ljava.lang.String;@6390d2b, auxiliaryRepositoryCheckoutDirectories=[Ljava.lang.String;@544805d8], jobTimingInfo=JobTimingInfo[submissionDate=2025-02-14T23:43:21.035120760Z[Etc/UTC], buildStartDate=2025-02-14T23:43:21.040320383Z[Etc/UTC], buildCompletionDate=2025-02-14T23:43:22.581236903Z[Etc/UTC], estimatedCompletionDate=2025-02-14T23:43:40.040312057Z[Etc/UTC], estimatedDuration=19], buildConfig=BuildConfig[buildScript=#!/bin/bash
cd /var/tmp/testing-dir
chmod +x ./gradlew
./gradlew clean test
, dockerImage=dummy-docker-image:latest, commitHashToBuild=887566cf754016f986627cf5c5c365dea16c907f, assignmentCommitHash=887566cf754016f986627cf5c5c365dea16c907f, testCommitHash=6af67146332066e7430917928a4b9b81c43b7c71, branch=main, programmingLanguage=JAVA, projectType=PLAIN_GRADLE, scaEnabled=false, sequentialTestRunsEnabled=false, resultPaths=[/var/tmp/testing-dir/**/test-results/test/*.xml], timeoutSeconds=0, assignmentCheckoutPath=customAssignmentPath, testCheckoutPath=null, solutionCheckoutPath=null, dockerRunConfig=null], submissionResult=ResultDTO[id=143, completionDate=2025-02-14T23:43:22.538158998Z[Etc/UTC], successful=false, score=7.7, rated=true, submission=SubmissionDTO[id=132, submitted=true, type=MANUAL, exampleSubmission=null, submissionDate=2025-02-14T23:43:21.028930Z, commitHash=887566cf754016f986627cf5c5c365dea16c907f, buildFailed=false, buildArtifact=false, participation=ParticipationDTO[id=500, testRun=false, type=programming, submissionCount=null, exercise=ParticipationExerciseDTO[id=311, exerciseType=PROGRAMMING, type=programming, assessmentType=AUTOMATIC, dueDate=2025-02-16T23:43:20.897280Z, assessmentDueDate=null, maxPoints=42.0, course=CourseDTO[id=160, accuracyOfScores=1]]], submissionExerciseType=programming, isProcessing=false, buildStartDate=null, estimatedCompletionDate=null], participation=ParticipationDTO[id=500, testRun=false, type=programming, submissionCount=null, exercise=ParticipationExerciseDTO[id=311, exerciseType=PROGRAMMING, type=programming, assessmentType=AUTOMATIC, dueDate=2025-02-16T23:43:20.897280Z, assessmentDueDate=null, maxPoints=42.0, course=CourseDTO[id=160, accuracyOfScores=1]]], feedbacks=[FeedbackDTO[id=186, text=null, detailText=The exercise expects a class with the name Context in the package testpackage. You did not implement the class in the exercise., hasLongFeedbackText=false, reference=null, credits=0.0, positive=false, type=AUTOMATIC, visibility=ALWAYS, testCase=TestCaseDTO[testName=null, id=182]], FeedbackDTO[id=187, text=null, detailText=The exercise expects a class with the name Policy in the package testpackage. You did not implement the class in the exercise., hasLongFeedbackText=false, reference=null, credits=0.0, positive=false, type=AUTOMATIC, visibility=ALWAYS, testCase=TestCaseDTO[testName=null, id=183]], FeedbackDTO[id=188, text=null, detailText=The exercise expects a class with the name SortStrategy in the package testpackage. You did not implement the class in the exercise., hasLongFeedbackText=false, reference=null, credits=0.0, positive=false, type=AUTOMATIC, visibility=ALWAYS, testCase=TestCaseDTO[testName=null, id=184]], FeedbackDTO[id=189, text=null, detailText=The class 'MergeSort' does not implement the interface 'SortStrategy' as expected. Implement the interface and its methods., hasLongFeedbackText=false, reference=null, credits=0.0, positive=false, type=AUTOMATIC, visibility=ALWAYS, testCase=TestCaseDTO[testName=null, id=179]], FeedbackDTO[id=190, text=null, detailText=The exercise expects a class with the name SortStrategy in the package testpackage. You did not implement the class in the exercise., hasLongFeedbackText=false, reference=null, credits=0.0, positive=false, type=AUTOMATIC, visibility=ALWAYS, testCase=TestCaseDTO[testName=null, id=176]], FeedbackDTO[id=191, text=null, detailText=The class 'BubbleSort' does not implement the interface 'SortStrategy' as expected. Implement the interface and its methods., hasLongFeedbackText=false, reference=null, credits=0.0, positive=false, type=AUTOMATIC, visibility=ALWAYS, testCase=TestCaseDTO[testName=null, id=180]], FeedbackDTO[id=192, text=null, detailText=MergeSort does not sort correctly, hasLongFeedbackText=false, reference=null, credits=0.0, positive=false, type=AUTOMATIC, visibility=ALWAYS, testCase=TestCaseDTO[testName=null, id=185]], FeedbackDTO[id=193, text=null, detailText=The class 'Context' was not found within the submission. Make sure to implement it properly., hasLongFeedbackText=false, reference=null, credits=0.0, positive=false, type=AUTOMATIC, visibility=ALWAYS, testCase=TestCaseDTO[testName=null, id=186]], FeedbackDTO[id=194, text=null, detailText=The class 'Context' was not found within the submission. Make sure to implement it properly., hasLongFeedbackText=false, reference=null, credits=0.0, positive=false, type=AUTOMATIC, visibility=ALWAYS, testCase=TestCaseDTO[testName=null, id=187]], FeedbackDTO[id=195, text=null, detailText=The exercise expects a class with the name Policy in the package testpackage. You did not implement the class in the exercise., hasLongFeedbackText=false, reference=null, credits=0.0, positive=false, type=AUTOMATIC, visibility=ALWAYS, testCase=TestCaseDTO[testName=null, id=181]], FeedbackDTO[id=196, text=null, detailText=The exercise expects a class with the name Context in the package testpackage. You did not implement the class in the exercise., hasLongFeedbackText=false, reference=null, credits=0.0, positive=false, type=AUTOMATIC, visibility=ALWAYS, testCase=TestCaseDTO[testName=null, id=177]], FeedbackDTO[id=197, text=null, detailText=The exercise expects a class with the name Policy in the package testpackage. You did not implement the class in the exercise., hasLongFeedbackText=false, reference=null, credits=0.0, positive=false, type=AUTOMATIC, visibility=ALWAYS, testCase=TestCaseDTO[testName=null, id=178]], FeedbackDTO[id=198, text=null, detailText=null, hasLongFeedbackText=false, reference=null, credits=3.230769230769231, positive=true, type=AUTOMATIC, visibility=ALWAYS, testCase=TestCaseDTO[testName=null, id=188]]], assessmentType=AUTOMATIC, hasComplaint=null, exampleResult=null, testCaseCount=13, passedTestCaseCount=1, codeIssueCount=0]], BuildJobQueueItem[id=5031739576604847, name=SHORT00FA1A240403404C7E097D7007C591BE2AB1TSTEXC-LOCALCIINTSTUDENT1, buildAgent=BuildAgentDTO[name=artemis-build-agent-test, memberAddress=[127.0.0.1]:5703, displayName=artemis-build-agent-test], participationId=503, courseId=161, exerciseId=312, retryCount=0, priority=2, status=FAILED, repositoryInfo=RepositoryInfo[repositoryName=short00fa1a240403404c7e097d7007c591be2ab1tstexc-localciintstudent1, repositoryType=user, triggeredByPushTo=user, assignmentRepositoryUri=http://localhost:49152/git/SHORT00FA1A240403404C7E097D7007C591BE2AB1TSTEXC/short00fa1a240403404c7e097d7007c591be2ab1tstexc-localciintstudent1.git, testRepositoryUri=http://localhost:49152/git/SHORT00FA1A240403404C7E097D7007C591BE2AB1TSTEXC/short00fa1a240403404c7e097d7007c591be2ab1tstexc-tests.git, solutionRepositoryUri=null, auxiliaryRepositoryUris=[Ljava.lang.String;@3799ce80, auxiliaryRepositoryCheckoutDirectories=[Ljava.lang.String;@4233fa87], jobTimingInfo=JobTimingInfo[submissionDate=2025-02-14T23:43:24.847396156Z[Etc/UTC], buildStartDate=2025-02-14T23:43:24.860457211Z[Etc/UTC], buildCompletionDate=2025-02-14T23:43:26.809353681Z[Etc/UTC], estimatedCompletionDate=2025-02-14T23:43:46.860451490Z[Etc/UTC], estimatedDuration=22], buildConfig=BuildConfig[buildScript=#!/bin/bash
cd /var/tmp/testing-dir
chmod +x ./gradlew
./gradlew clean test
, dockerImage=dummy-docker-image:latest, commitHashToBuild=9690714a509af0a98c6790a7e52ee3574c7ef689, assignmentCommitHash=9690714a509af0a98c6790a7e52ee3574c7ef689, testCommitHash=9690714a509af0a98c6790a7e52ee3574c7ef689, branch=main, programmingLanguage=JAVA, projectType=PLAIN_GRADLE, scaEnabled=false, sequentialTestRunsEnabled=false, resultPaths=[/var/tmp/testing-dir/**/test-results/test/*.xml], timeoutSeconds=0, assignmentCheckoutPath=null, testCheckoutPath=null, solutionCheckoutPath=null, dockerRunConfig=null], submissionResult=ResultDTO[id=144, completionDate=2025-02-14T23:43:26.809483684Z[Etc/UTC], successful=false, score=0.0, rated=true, submission=SubmissionDTO[id=133, submitted=true, type=MANUAL, exampleSubmission=null, submissionDate=2025-02-14T23:43:24.841319Z, commitHash=9690714a509af0a98c6790a7e52ee3574c7ef689, buildFailed=true, buildArtifact=false, participation=ParticipationDTO[id=503, testRun=false, type=programming, submissionCount=null, exercise=ParticipationExerciseDTO[id=312, exerciseType=PROGRAMMING, type=programming, assessmentType=AUTOMATIC, dueDate=2025-02-16T23:43:24.571329Z, assessmentDueDate=null, maxPoints=42.0, course=CourseDTO[id=161, accuracyOfScores=1]]], submissionExerciseType=programming, isProcessing=false, buildStartDate=null, estimatedCompletionDate=null], participation=ParticipationDTO[id=503, testRun=false, type=programming, submissionCount=null, exercise=ParticipationExerciseDTO[id=312, exerciseType=PROGRAMMING, type=programming, assessmentType=AUTOMATIC, dueDate=2025-02-16T23:43:24.571329Z, assessmentDueDate=null, maxPoints=42.0, course=CourseDTO[id=161, accuracyOfScores=1]]], feedbacks=[], assessmentType=AUTOMATIC, hasComplaint=null, exampleResult=null, testCaseCount=0, passedTestCaseCount=0, codeIssueCount=0]], BuildJobQueueItem[id=5061739576605250, name=SHORT62C808EE04ECE040740AF7B0CF3AE5F5BEF2TSTEXC-LOCALCIINTSTUDENT1, buildAgent=BuildAgentDTO[name=artemis-build-agent-test, memberAddress=[127.0.0.1]:5703, displayName=artemis-build-agent-test], participationId=506, courseId=162, exerciseId=313, retryCount=0, priority=2, status=SUCCESSFUL, repositoryInfo=RepositoryInfo[repositoryName=short62c808ee04ece040740af7b0cf3ae5f5bef2tstexc-localciintstudent1, repositoryType=user, triggeredByPushTo=user, assignmentRepositoryUri=http://localhost:49152/git/SHORT62C808EE04ECE040740AF7B0CF3AE5F5BEF2TSTEXC/short62c808ee04ece040740af7b0cf3ae5f5bef2tstexc-localciintstudent1.git, testRepositoryUri=http://localhost:49152/git/SHORT62C808EE04ECE040740AF7B0CF3AE5F5BEF2TSTEXC/short62c808ee04ece040740af7b0cf3ae5f5bef2tstexc-tests.git, solutionRepositoryUri=null, auxiliaryRepositoryUris=[Ljava.lang.String;@c2df7bf, auxiliaryRepositoryCheckoutDirectories=[Ljava.lang.String;@18df5527], jobTimingInfo=JobTimingInfo[submissionDate=2025-02-14T23:43:25.250749866Z[Etc/UTC], buildStartDate=2025-02-14T23:43:26.820713075Z[Etc/UTC], buildCompletionDate=2025-02-14T23:43:28.304236378Z[Etc/UTC], estimatedCompletionDate=2025-02-14T23:43:45.820704920Z[Etc/UTC], estimatedDuration=19], buildConfig=BuildConfig[buildScript=#!/bin/bash
cd /var/tmp/testing-dir
chmod +x ./gradlew
./gradlew clean test
, dockerImage=dummy-docker-image:latest, commitHashToBuild=993b6f756e3e52a44d0537d4fa3a5d0e0acdbe89, assignmentCommitHash=993b6f756e3e52a44d0537d4fa3a5d0e0acdbe89, testCommitHash=993b6f756e3e52a44d0537d4fa3a5d0e0acdbe89, branch=main, programmingLanguage=JAVA, projectType=null, scaEnabled=false, sequentialTestRunsEnabled=false, resultPaths=[/var/tmp/testing-dir/**/test-results/test/*.xml], timeoutSeconds=0, assignmentCheckoutPath=null, testCheckoutPath=null, solutionCheckoutPath=null, dockerRunConfig=null], submissionResult=ResultDTO[id=145, completionDate=2025-02-14T23:43:28.269051286Z[Etc/UTC], successful=false, score=7.7, rated=true, submission=SubmissionDTO[id=134, submitted=true, type=MANUAL, exampleSubmission=null, submissionDate=2025-02-14T23:43:25.241685Z, commitHash=993b6f756e3e52a44d0537d4fa3a5d0e0acdbe89, buildFailed=false, buildArtifact=false, participation=ParticipationDTO[id=506, testRun=false, type=programming, submissionCount=null, exercise=ParticipationExerciseDTO[id=313, exerciseType=PROGRAMMING, type=programming, assessmentType=AUTOMATIC, dueDate=2025-02-16T23:43:24.986721Z, assessmentDueDate=null, maxPoints=42.0, course=CourseDTO[id=162, accuracyOfScores=1]]], submissionExerciseType=programming, isProcessing=false, buildStartDate=null, estimatedCompletionDate=null], participation=ParticipationDTO[id=506, testRun=false, type=programming, submissionCount=null, exercise=ParticipationExerciseDTO[id=313, exerciseType=PROGRAMMING, type=programming, assessmentType=AUTOMATIC, dueDate=2025-02-16T23:43:24.986721Z, assessmentDueDate=null, maxPoints=42.0, course=CourseDTO[id=162, accuracyOfScores=1]]], feedbacks=[FeedbackDTO[id=199, text=null, detailText=The exercise expects a class with the name Context in the package testpackage. You did not implement the class in the exercise., hasLongFeedbackText=false, reference=null, credits=0.0, positive=false, type=AUTOMATIC, visibility=ALWAYS, testCase=TestCaseDTO[testName=null, id=208]], FeedbackDTO[id=200, text=null, detailText=The exercise expects a class with the name Policy in the package testpackage. You did not implement the class in the exercise., hasLongFeedbackText=false, reference=null, credits=0.0, positive=false, type=AUTOMATIC, visibility=ALWAYS, testCase=TestCaseDTO[testName=null, id=209]], FeedbackDTO[id=201, text=null, detailText=The exercise expects a class with the name SortStrategy in the package testpackage. You did not implement the class in the exercise., hasLongFeedbackText=false, reference=null, credits=0.0, positive=false, type=AUTOMATIC, visibility=ALWAYS, testCase=TestCaseDTO[testName=null, id=210]], FeedbackDTO[id=202, text=null, detailText=The class 'MergeSort' does not implement the interface 'SortStrategy' as expected. Implement the interface and its methods., hasLongFeedbackText=false, reference=null, credits=0.0, positive=false, type=AUTOMATIC, visibility=ALWAYS, testCase=TestCaseDTO[testName=null, id=205]], FeedbackDTO[id=203, text=null, detailText=The exercise expects a class with the name SortStrategy in the package testpackage. You did not implement the class in the exercise., hasLongFeedbackText=false, reference=null, credits=0.0, positive=false, type=AUTOMATIC, visibility=ALWAYS, testCase=TestCaseDTO[testName=null, id=202]], FeedbackDTO[id=204, text=null, detailText=The class 'BubbleSort' does not implement the interface 'SortStrategy' as expected. Implement the interface and its methods., hasLongFeedbackText=false, reference=null, credits=0.0, positive=false, type=AUTOMATIC, visibility=ALWAYS, testCase=TestCaseDTO[testName=null, id=206]], FeedbackDTO[id=205, text=null, detailText=MergeSort does not sort correctly, hasLongFeedbackText=false, reference=null, credits=0.0, positive=false, type=AUTOMATIC, visibility=ALWAYS, testCase=TestCaseDTO[testName=null, id=211]], FeedbackDTO[id=206, text=null, detailText=The class 'Context' was not found within the submission. Make sure to implement it properly., hasLongFeedbackText=false, reference=null, credits=0.0, positive=false, type=AUTOMATIC, visibility=ALWAYS, testCase=TestCaseDTO[testName=null, id=212]], FeedbackDTO[id=207, text=null, detailText=The class 'Context' was not found within the submission. Make sure to implement it properly., hasLongFeedbackText=false, reference=null, credits=0.0, positive=false, type=AUTOMATIC, visibility=ALWAYS, testCase=TestCaseDTO[testName=null, id=213]], FeedbackDTO[id=208, text=null, detailText=The exercise expects a class with the name Policy in the package testpackage. You did not implement the class in the exercise., hasLongFeedbackText=false, reference=null, credits=0.0, positive=false, type=AUTOMATIC, visibility=ALWAYS, testCase=TestCaseDTO[testName=null, id=207]], FeedbackDTO[id=209, text=null, detailText=The exercise expects a class with the name Context in the package testpackage. You did not implement the class in the exercise., hasLongFeedbackText=false, reference=null, credits=0.0, positive=false, type=AUTOMATIC, visibility=ALWAYS, testCase=TestCaseDTO[testName=null, id=203]], FeedbackDTO[id=210, text=null, detailText=The exercise expects a class with the name Policy in the package testpackage. You did not implement the class in the exercise., hasLongFeedbackText=false, reference=null, credits=0.0, positive=false, type=AUTOMATIC, visibility=ALWAYS, testCase=TestCaseDTO[testName=null, id=204]], FeedbackDTO[id=211, text=null, detailText=null, hasLongFeedbackText=false, reference=null, credits=3.230769230769231, positive=true, type=AUTOMATIC, visibility=ALWAYS, testCase=TestCaseDTO[testName=null, id=214]]], assessmentType=AUTOMATIC, hasComplaint=null, exampleResult=null, testCaseCount=13, passedTestCaseCount=1, codeIssueCount=0]], BuildJobQueueItem[id=5121739576609302, name=SHORT3D739532080B804BC608BDA0F7816DDB4316TSTEXC-LOCALCIINTSTUDENT1, buildAgent=BuildAgentDTO[name=artemis-build-agent-test, memberAddress=[127.0.0.1]:5703, displayName=artemis-build-agent-test], participationId=512, courseId=164, exerciseId=315, retryCount=0, priority=2, status=SUCCESSFUL, repositoryInfo=RepositoryInfo[repositoryName=short3d739532080b804bc608bda0f7816ddb4316tstexc-localciintstudent1, repositoryType=user, triggeredByPushTo=user, assignmentRepositoryUri=http://localhost:49152/git/SHORT3D739532080B804BC608BDA0F7816DDB4316TSTEXC/short3d739532080b804bc608bda0f7816ddb4316tstexc-localciintstudent1.git, testRepositoryUri=http://localhost:49152/git/SHORT3D739532080B804BC608BDA0F7816DDB4316TSTEXC/short3d739532080b804bc608bda0f7816ddb4316tstexc-tests.git, solutionRepositoryUri=null, auxiliaryRepositoryUris=[Ljava.lang.String;@614b6572, auxiliaryRepositoryCheckoutDirectories=[Ljava.lang.String;@3c715c1e], jobTimingInfo=JobTimingInfo[submissionDate=2025-02-14T23:43:29.302618463Z[Etc/UTC], buildStartDate=2025-02-14T23:43:29.307985701Z[Etc/UTC], buildCompletionDate=2025-02-14T23:43:30.717961572Z[Etc/UTC], estimatedCompletionDate=2025-02-14T23:43:48.307979980Z[Etc/UTC], estimatedDuration=19], buildConfig=BuildConfig[buildScript=#!/bin/bash
cd /var/tmp/testing-dir
chmod +x ./gradlew
./gradlew clean test
, dockerImage=dummy-docker-image:latest, commitHashToBuild=71f54bdf5e0f9c98936e24a4638fd2ffcf966edd, assignmentCommitHash=71f54bdf5e0f9c98936e24a4638fd2ffcf966edd, testCommitHash=71f54bdf5e0f9c98936e24a4638fd2ffcf966edd, branch=main, programmingLanguage=JAVA, projectType=PLAIN_GRADLE, scaEnabled=false, sequentialTestRunsEnabled=false, resultPaths=[/var/tmp/testing-dir/**/test-results/test/*.xml], timeoutSeconds=0, assignmentCheckoutPath=null, testCheckoutPath=null, solutionCheckoutPath=null, dockerRunConfig=null], submissionResult=ResultDTO[id=146, completionDate=2025-02-14T23:43:30.706391245Z[Etc/UTC], successful=false, score=0.0, rated=true, submission=SubmissionDTO[id=135, submitted=true, type=MANUAL, exampleSubmission=null, submissionDate=2025-02-14T23:43:29.291920Z, commitHash=71f54bdf5e0f9c98936e24a4638fd2ffcf966edd, buildFailed=true, buildArtifact=false, participation=ParticipationDTO[id=512, testRun=false, type=programming, submissionCount=null, exercise=ParticipationExerciseDTO[id=315, exerciseType=PROGRAMMING, type=programming, assessmentType=AUTOMATIC, dueDate=2025-02-16T23:43:29.183823Z, assessmentDueDate=null, maxPoints=42.0, course=CourseDTO[id=164, accuracyOfScores=1]]], submissionExerciseType=programming, isProcessing=false, buildStartDate=null, estimatedCompletionDate=null], participation=ParticipationDTO[id=512, testRun=false, type=programming, submissionCount=null, exercise=ParticipationExerciseDTO[id=315, exerciseType=PROGRAMMING, type=programming, assessmentType=AUTOMATIC, dueDate=2025-02-16T23:43:29.183823Z, assessmentDueDate=null, maxPoints=42.0, course=CourseDTO[id=164, accuracyOfScores=1]]], feedbacks=[], assessmentType=AUTOMATIC, hasComplaint=null, exampleResult=null, testCaseCount=0, passedTestCaseCount=0, codeIssueCount=0]]], publicSshKey=ssh-rsa AAAAB3NzaC1yc2EAAAADAQABAAACAQCOPdMsxRE2jFJ/UEa5/LsBxtwzJcrh3/rYBCQvcMeVpiRfhzQPWu7mrt/G2Ew+i+vRloGH9aqKg6dd1liRncao53Zmd/ePxoatXePNhmzTfkCkcSkTUz7B+QMjkoDDV5jwuFPD6mF3JkhuzSi64n9Zy905t4w2IhVcjM2mL3eYNjiCXt6Qpq3Pkt7dM/Ksw1nxnvuiIALuJLB3FTkXkHqq3PJav+9HSq2r6ZaWgekneaGxlQlb+U+Vy3XOuArKAzK8c8i+0bR+AHiTG6ncYXt7ax3U+TdlDTF7OLP3umwaYjs1NBXOHwG42pevvpKn2fqavZZozk+M05jXLx3bq0O7itxfErWc7etky8qYPyyIMF/txQIVLd78+Ze4d7Y60t5MGbXM5cGE6fFif5fEJwgswXD+BrG0cafz1CTatjSKFdvp8Vp4VszXhHDan1PrP6JEFJ5Cc5GDmLRZPCFa3vL9f5qXgf4bkqKN8MYeEujwJE5nMRWoiJVNakix2bcrrneQMBlnYeYZVWXXXUusAQBzl4NgddC1umZpihZkL1b1MffZAUW3EGEXi7KHnllQhkTLLsQ8ntMgbylqaJKStqaXlLvdeRJcEnUuiFCrHEVVbXRFZR7XVDZ02CE5o3MuaRPty8Kh+jRTF3COlAckHwYEJCNNJvXFgb2CNXL4mjzYDw== test@localhost]
    23:43:30.791 | 566 localvc.event-13 | DEBUG | a.p.s.l.SharedQueueManagementService : Build agent updated: null
    23:43:30.797 | 566 localvc.event-13 | DEBUG | a.p.s.l.LocalCIQueueWebsocketService : Build agent updated: BuildAgentInformation[buildAgent=BuildAgentDTO[name=artemis-build-agent-test, memberAddress=[127.0.0.1]:5703, displayName=artemis-build-agent-test], maxNumberOfConcurrentBuildJobs=1, numberOfCurrentBuildJobs=0, runningBuildJobs=[], status=IDLE, recentBuildJobs=[BuildJobQueueItem[id=4621739576562326, name=SHORT43ACF76B02BC1044B80938509D14043FABDETSTEXC-LOCALCIINTSTUDENT1, buildAgent=BuildAgentDTO[name=artemis-build-agent-test, memberAddress=[127.0.0.1]:5703, displayName=artemis-build-agent-test], participationId=462, courseId=147, exerciseId=298, retryCount=0, priority=2, status=SUCCESSFUL, repositoryInfo=RepositoryInfo[repositoryName=short43acf76b02bc1044b80938509d14043fabdetstexc-localciintstudent1, repositoryType=user, triggeredByPushTo=user, assignmentRepositoryUri=http://localhost:49152/git/SHORT43ACF76B02BC1044B80938509D14043FABDETSTEXC/short43acf76b02bc1044b80938509d14043fabdetstexc-localciintstudent1.git, testRepositoryUri=http://localhost:49152/git/SHORT43ACF76B02BC1044B80938509D14043FABDETSTEXC/short43acf76b02bc1044b80938509d14043fabdetstexc-tests.git, solutionRepositoryUri=null, auxiliaryRepositoryUris=[Ljava.lang.String;@3d96d49a, auxiliaryRepositoryCheckoutDirectories=[Ljava.lang.String;@74c46af], jobTimingInfo=JobTimingInfo[submissionDate=2025-02-14T23:42:42.326978596Z[Etc/UTC], buildStartDate=2025-02-14T23:42:42.420147010Z[Etc/UTC], buildCompletionDate=2025-02-14T23:42:45.573855829Z[Etc/UTC], estimatedCompletionDate=2025-02-14T23:43:01.420129377Z[Etc/UTC], estimatedDuration=19], buildConfig=BuildConfig[buildScript=#!/bin/bash
cd /var/tmp/testing-dir
chmod +x ./gradlew
./gradlew clean test
, dockerImage=dummy-docker-image:latest, commitHashToBuild=a9c717ccf7bcbe9531d3eee21dbaeb5aab2ff971, assignmentCommitHash=a9c717ccf7bcbe9531d3eee21dbaeb5aab2ff971, testCommitHash=a9c717ccf7bcbe9531d3eee21dbaeb5aab2ff971, branch=main, programmingLanguage=JAVA, projectType=PLAIN_GRADLE, scaEnabled=false, sequentialTestRunsEnabled=false, resultPaths=[/var/tmp/testing-dir/**/test-results/test/*.xml], timeoutSeconds=0, assignmentCheckoutPath=null, testCheckoutPath=null, solutionCheckoutPath=null, dockerRunConfig=DockerRunConfig[isNetworkDisabled=true, env=[key=value]]], submissionResult=ResultDTO[id=132, completionDate=2025-02-14T23:42:45.519869118Z[Etc/UTC], successful=false, score=7.7, rated=true, submission=SubmissionDTO[id=119, submitted=true, type=MANUAL, exampleSubmission=null, submissionDate=2025-02-14T23:42:42.302762Z, commitHash=a9c717ccf7bcbe9531d3eee21dbaeb5aab2ff971, buildFailed=false, buildArtifact=false, participation=ParticipationDTO[id=462, testRun=false, type=programming, submissionCount=null, exercise=ParticipationExerciseDTO[id=298, exerciseType=PROGRAMMING, type=programming, assessmentType=AUTOMATIC, dueDate=2025-02-16T23:42:41.553955Z, assessmentDueDate=null, maxPoints=42.0, course=CourseDTO[id=147, accuracyOfScores=1]]], submissionExerciseType=programming, isProcessing=false, buildStartDate=null, estimatedCompletionDate=null], participation=ParticipationDTO[id=462, testRun=false, type=programming, submissionCount=null, exercise=ParticipationExerciseDTO[id=298, exerciseType=PROGRAMMING, type=programming, assessmentType=AUTOMATIC, dueDate=2025-02-16T23:42:41.553955Z, assessmentDueDate=null, maxPoints=42.0, course=CourseDTO[id=147, accuracyOfScores=1]]], feedbacks=[FeedbackDTO[id=67, text=null, detailText=The exercise expects a class with the name Context in the package testpackage. You did not implement the class in the exercise., hasLongFeedbackText=false, reference=null, credits=0.0, positive=false, type=AUTOMATIC, visibility=ALWAYS, testCase=TestCaseDTO[testName=null, id=13]], FeedbackDTO[id=68, text=null, detailText=The exercise expects a class with the name Policy in the package testpackage. You did not implement the class in the exercise., hasLongFeedbackText=false, reference=null, credits=0.0, positive=false, type=AUTOMATIC, visibility=ALWAYS, testCase=TestCaseDTO[testName=null, id=14]], FeedbackDTO[id=69, text=null, detailText=The exercise expects a class with the name SortStrategy in the package testpackage. You did not implement the class in the exercise., hasLongFeedbackText=false, reference=null, credits=0.0, positive=false, type=AUTOMATIC, visibility=ALWAYS, testCase=TestCaseDTO[testName=null, id=15]], FeedbackDTO[id=70, text=null, detailText=The class 'MergeSort' does not implement the interface 'SortStrategy' as expected. Implement the interface and its methods., hasLongFeedbackText=false, reference=null, credits=0.0, positive=false, type=AUTOMATIC, visibility=ALWAYS, testCase=TestCaseDTO[testName=null, id=10]], FeedbackDTO[id=71, text=null, detailText=The exercise expects a class with the name SortStrategy in the package testpackage. You did not implement the class in the exercise., hasLongFeedbackText=false, reference=null, credits=0.0, positive=false, type=AUTOMATIC, visibility=ALWAYS, testCase=TestCaseDTO[testName=null, id=7]], FeedbackDTO[id=72, text=null, detailText=The class 'BubbleSort' does not implement the interface 'SortStrategy' as expected. Implement the interface and its methods., hasLongFeedbackText=false, reference=null, credits=0.0, positive=false, type=AUTOMATIC, visibility=ALWAYS, testCase=TestCaseDTO[testName=null, id=11]], FeedbackDTO[id=73, text=null, detailText=MergeSort does not sort correctly, hasLongFeedbackText=false, reference=null, credits=0.0, positive=false, type=AUTOMATIC, visibility=ALWAYS, testCase=TestCaseDTO[testName=null, id=16]], FeedbackDTO[id=74, text=null, detailText=The class 'Context' was not found within the submission. Make sure to implement it properly., hasLongFeedbackText=false, reference=null, credits=0.0, positive=false, type=AUTOMATIC, visibility=ALWAYS, testCase=TestCaseDTO[testName=null, id=17]], FeedbackDTO[id=75, text=null, detailText=The class 'Context' was not found within the submission. Make sure to implement it properly., hasLongFeedbackText=false, reference=null, credits=0.0, positive=false, type=AUTOMATIC, visibility=ALWAYS, testCase=TestCaseDTO[testName=null, id=18]], FeedbackDTO[id=76, text=null, detailText=The exercise expects a class with the name Policy in the package testpackage. You did not implement the class in the exercise., hasLongFeedbackText=false, reference=null, credits=0.0, positive=false, type=AUTOMATIC, visibility=ALWAYS, testCase=TestCaseDTO[testName=null, id=12]], FeedbackDTO[id=77, text=null, detailText=The exercise expects a class with the name Context in the package testpackage. You did not implement the class in the exercise., hasLongFeedbackText=false, reference=null, credits=0.0, positive=false, type=AUTOMATIC, visibility=ALWAYS, testCase=TestCaseDTO[testName=null, id=8]], FeedbackDTO[id=78, text=null, detailText=The exercise expects a class with the name Policy in the package testpackage. You did not implement the class in the exercise., hasLongFeedbackText=false, reference=null, credits=0.0, positive=false, type=AUTOMATIC, visibility=ALWAYS, testCase=TestCaseDTO[testName=null, id=9]], FeedbackDTO[id=79, text=null, detailText=null, hasLongFeedbackText=false, reference=null, credits=3.230769230769231, positive=true, type=AUTOMATIC, visibility=ALWAYS, testCase=TestCaseDTO[testName=null, id=19]]], assessmentType=AUTOMATIC, hasComplaint=null, exampleResult=null, testCaseCount=13, passedTestCaseCount=1, codeIssueCount=0]], BuildJobQueueItem[id=4651739576569330, name=SHORTB06DD3F905F4604F6E085260D83ED657A6DFTSTEXC-LOCALCIINTSTUDENT1, buildAgent=BuildAgentDTO[name=artemis-build-agent-test, memberAddress=[127.0.0.1]:5703, displayName=artemis-build-agent-test], participationId=465, courseId=148, exerciseId=299, retryCount=0, priority=2, status=SUCCESSFUL, repositoryInfo=RepositoryInfo[repositoryName=shortb06dd3f905f4604f6e085260d83ed657a6dftstexc-localciintstudent1, repositoryType=user, triggeredByPushTo=user, assignmentRepositoryUri=http://localhost:49152/git/SHORTB06DD3F905F4604F6E085260D83ED657A6DFTSTEXC/shortb06dd3f905f4604f6e085260d83ed657a6dftstexc-localciintstudent1.git, testRepositoryUri=http://localhost:49152/git/SHORTB06DD3F905F4604F6E085260D83ED657A6DFTSTEXC/shortb06dd3f905f4604f6e085260d83ed657a6dftstexc-tests.git, solutionRepositoryUri=null, auxiliaryRepositoryUris=[Ljava.lang.String;@316b6bf4, auxiliaryRepositoryCheckoutDirectories=[Ljava.lang.String;@78810a3d], jobTimingInfo=JobTimingInfo[submissionDate=2025-02-14T23:42:49.330093960Z[Etc/UTC], buildStartDate=2025-02-14T23:42:49.347797345Z[Etc/UTC], buildCompletionDate=2025-02-14T23:42:51.204319751Z[Etc/UTC], estimatedCompletionDate=2025-02-14T23:43:08.347788449Z[Etc/UTC], estimatedDuration=19], buildConfig=BuildConfig[buildScript=#!/bin/bash
cd /var/tmp/testing-dir
chmod +x ./gradlew
./gradlew clean test
, dockerImage=dummy-docker-image:latest, commitHashToBuild=41581fff25954d36cf07586926ee0c77d1003131, assignmentCommitHash=41581fff25954d36cf07586926ee0c77d1003131, testCommitHash=41581fff25954d36cf07586926ee0c77d1003131, branch=main, programmingLanguage=JAVA, projectType=PLAIN_GRADLE, scaEnabled=false, sequentialTestRunsEnabled=false, resultPaths=[/var/tmp/testing-dir/**/test-results/test/*.xml], timeoutSeconds=0, assignmentCheckoutPath=null, testCheckoutPath=null, solutionCheckoutPath=null, dockerRunConfig=null], submissionResult=ResultDTO[id=133, completionDate=2025-02-14T23:42:51.155372920Z[Etc/UTC], successful=false, score=7.7, rated=true, submission=SubmissionDTO[id=120, submitted=true, type=MANUAL, exampleSubmission=null, submissionDate=2025-02-14T23:42:49.321855Z, commitHash=41581fff25954d36cf07586926ee0c77d1003131, buildFailed=false, buildArtifact=false, participation=ParticipationDTO[id=465, testRun=false, type=programming, submissionCount=null, exercise=ParticipationExerciseDTO[id=299, exerciseType=PROGRAMMING, type=programming, assessmentType=AUTOMATIC, dueDate=2025-02-16T23:42:49.163661Z, assessmentDueDate=null, maxPoints=42.0, course=CourseDTO[id=148, accuracyOfScores=1]]], submissionExerciseType=programming, isProcessing=false, buildStartDate=null, estimatedCompletionDate=null], participation=ParticipationDTO[id=465, testRun=false, type=programming, submissionCount=null, exercise=ParticipationExerciseDTO[id=299, exerciseType=PROGRAMMING, type=programming, assessmentType=AUTOMATIC, dueDate=2025-02-16T23:42:49.163661Z, assessmentDueDate=null, maxPoints=42.0, course=CourseDTO[id=148, accuracyOfScores=1]]], feedbacks=[FeedbackDTO[id=80, text=null, detailText=The exercise expects a class with the name Context in the package testpackage. You did not implement the class in the exercise., hasLongFeedbackText=false, reference=null, credits=0.0, positive=false, type=AUTOMATIC, visibility=ALWAYS, testCase=TestCaseDTO[testName=null, id=26]], FeedbackDTO[id=81, text=null, detailText=The exercise expects a class with the name Policy in the package testpackage. You did not implement the class in the exercise., hasLongFeedbackText=false, reference=null, credits=0.0, positive=false, type=AUTOMATIC, visibility=ALWAYS, testCase=TestCaseDTO[testName=null, id=27]], FeedbackDTO[id=82, text=null, detailText=The exercise expects a class with the name SortStrategy in the package testpackage. You did not implement the class in the exercise., hasLongFeedbackText=false, reference=null, credits=0.0, positive=false, type=AUTOMATIC, visibility=ALWAYS, testCase=TestCaseDTO[testName=null, id=28]], FeedbackDTO[id=83, text=null, detailText=The class 'MergeSort' does not implement the interface 'SortStrategy' as expected. Implement the interface and its methods., hasLongFeedbackText=false, reference=null, credits=0.0, positive=false, type=AUTOMATIC, visibility=ALWAYS, testCase=TestCaseDTO[testName=null, id=23]], FeedbackDTO[id=84, text=null, detailText=The exercise expects a class with the name SortStrategy in the package testpackage. You did not implement the class in the exercise., hasLongFeedbackText=false, reference=null, credits=0.0, positive=false, type=AUTOMATIC, visibility=ALWAYS, testCase=TestCaseDTO[testName=null, id=20]], FeedbackDTO[id=85, text=null, detailText=The class 'BubbleSort' does not implement the interface 'SortStrategy' as expected. Implement the interface and its methods., hasLongFeedbackText=false, reference=null, credits=0.0, positive=false, type=AUTOMATIC, visibility=ALWAYS, testCase=TestCaseDTO[testName=null, id=24]], FeedbackDTO[id=86, text=null, detailText=MergeSort does not sort correctly, hasLongFeedbackText=false, reference=null, credits=0.0, positive=false, type=AUTOMATIC, visibility=ALWAYS, testCase=TestCaseDTO[testName=null, id=29]], FeedbackDTO[id=87, text=null, detailText=The class 'Context' was not found within the submission. Make sure to implement it properly., hasLongFeedbackText=false, reference=null, credits=0.0, positive=false, type=AUTOMATIC, visibility=ALWAYS, testCase=TestCaseDTO[testName=null, id=30]], FeedbackDTO[id=88, text=null, detailText=The class 'Context' was not found within the submission. Make sure to implement it properly., hasLongFeedbackText=false, reference=null, credits=0.0, positive=false, type=AUTOMATIC, visibility=ALWAYS, testCase=TestCaseDTO[testName=null, id=31]], FeedbackDTO[id=89, text=null, detailText=The exercise expects a class with the name Policy in the package testpackage. You did not implement the class in the exercise., hasLongFeedbackText=false, reference=null, credits=0.0, positive=false, type=AUTOMATIC, visibility=ALWAYS, testCase=TestCaseDTO[testName=null, id=25]], FeedbackDTO[id=90, text=null, detailText=The exercise expects a class with the name Context in the package testpackage. You did not implement the class in the exercise., hasLongFeedbackText=false, reference=null, credits=0.0, positive=false, type=AUTOMATIC, visibility=ALWAYS, testCase=TestCaseDTO[testName=null, id=21]], FeedbackDTO[id=91, text=null, detailText=The exercise expects a class with the name Policy in the package testpackage. You did not implement the class in the exercise., hasLongFeedbackText=false, reference=null, credits=0.0, positive=false, type=AUTOMATIC, visibility=ALWAYS, testCase=TestCaseDTO[testName=null, id=22]], FeedbackDTO[id=92, text=null, detailText=null, hasLongFeedbackText=false, reference=null, credits=3.230769230769231, positive=true, type=AUTOMATIC, visibility=ALWAYS, testCase=TestCaseDTO[testName=null, id=32]]], assessmentType=AUTOMATIC, hasComplaint=null, exampleResult=null, testCaseCount=13, passedTestCaseCount=1, codeIssueCount=0]], BuildJobQueueItem[id=4681739576573068, name=SHORTBCF65534040390488B0A46605F5F3776B89ATSTEXC-LOCALCIINTSTUDENT1, buildAgent=BuildAgentDTO[name=artemis-build-agent-test, memberAddress=[127.0.0.1]:5703, displayName=artemis-build-agent-test], participationId=468, courseId=149, exerciseId=300, retryCount=0, priority=2, status=SUCCESSFUL, repositoryInfo=RepositoryInfo[repositoryName=shortbcf65534040390488b0a46605f5f3776b89atstexc-localciintstudent1, repositoryType=user, triggeredByPushTo=user, assignmentRepositoryUri=http://localhost:49152/git/SHORTBCF65534040390488B0A46605F5F3776B89ATSTEXC/shortbcf65534040390488b0a46605f5f3776b89atstexc-localciintstudent1.git, testRepositoryUri=http://localhost:49152/git/SHORTBCF65534040390488B0A46605F5F3776B89ATSTEXC/shortbcf65534040390488b0a46605f5f3776b89atstexc-tests.git, solutionRepositoryUri=null, auxiliaryRepositoryUris=[Ljava.lang.String;@733833b3, auxiliaryRepositoryCheckoutDirectories=[Ljava.lang.String;@16a46a45], jobTimingInfo=JobTimingInfo[submissionDate=2025-02-14T23:42:53.068019209Z[Etc/UTC], buildStartDate=2025-02-14T23:42:53.092867394Z[Etc/UTC], buildCompletionDate=2025-02-14T23:42:55.086950323Z[Etc/UTC], estimatedCompletionDate=2025-02-14T23:43:12.092858828Z[Etc/UTC], estimatedDuration=19], buildConfig=BuildConfig[buildScript=#!/bin/bash
cd /var/tmp/testing-dir
chmod +x ./gradlew
./gradlew clean test
, dockerImage=dummy-docker-image:latest, commitHashToBuild=2d5c0482fc77d3f5ec0841962528a43054e83170, assignmentCommitHash=2d5c0482fc77d3f5ec0841962528a43054e83170, testCommitHash=7477e25d56ce5fee2c938542a7e7ed4ed085d373, branch=main, programmingLanguage=JAVA, projectType=PLAIN_GRADLE, scaEnabled=false, sequentialTestRunsEnabled=false, resultPaths=[/var/tmp/testing-dir/**/test-results/test/*.xml], timeoutSeconds=0, assignmentCheckoutPath=null, testCheckoutPath=null, solutionCheckoutPath=null, dockerRunConfig=null], submissionResult=ResultDTO[id=134, completionDate=2025-02-14T23:42:55.059618627Z[Etc/UTC], successful=false, score=7.7, rated=true, submission=SubmissionDTO[id=121, submitted=true, type=MANUAL, exampleSubmission=null, submissionDate=2025-02-14T23:42:53.048221Z, commitHash=2d5c0482fc77d3f5ec0841962528a43054e83170, buildFailed=false, buildArtifact=false, participation=ParticipationDTO[id=468, testRun=false, type=programming, submissionCount=null, exercise=ParticipationExerciseDTO[id=300, exerciseType=PROGRAMMING, type=programming, assessmentType=AUTOMATIC, dueDate=2025-02-16T23:42:52.873722Z, assessmentDueDate=null, maxPoints=42.0, course=CourseDTO[id=149, accuracyOfScores=1]]], submissionExerciseType=programming, isProcessing=false, buildStartDate=null, estimatedCompletionDate=null], participation=ParticipationDTO[id=468, testRun=false, type=programming, submissionCount=null, exercise=ParticipationExerciseDTO[id=300, exerciseType=PROGRAMMING, type=programming, assessmentType=AUTOMATIC, dueDate=2025-02-16T23:42:52.873722Z, assessmentDueDate=null, maxPoints=42.0, course=CourseDTO[id=149, accuracyOfScores=1]]], feedbacks=[FeedbackDTO[id=93, text=null, detailText=The exercise expects a class with the name Context in the package testpackage. You did not implement the class in the exercise., hasLongFeedbackText=false, reference=null, credits=0.0, positive=false, type=AUTOMATIC, visibility=ALWAYS, testCase=TestCaseDTO[testName=null, id=39]], FeedbackDTO[id=94, text=null, detailText=The exercise expects a class with the name Policy in the package testpackage. You did not implement the class in the exercise., hasLongFeedbackText=false, reference=null, credits=0.0, positive=false, type=AUTOMATIC, visibility=ALWAYS, testCase=TestCaseDTO[testName=null, id=40]], FeedbackDTO[id=95, text=null, detailText=The exercise expects a class with the name SortStrategy in the package testpackage. You did not implement the class in the exercise., hasLongFeedbackText=false, reference=null, credits=0.0, positive=false, type=AUTOMATIC, visibility=ALWAYS, testCase=TestCaseDTO[testName=null, id=41]], FeedbackDTO[id=96, text=null, detailText=The class 'MergeSort' does not implement the interface 'SortStrategy' as expected. Implement the interface and its methods., hasLongFeedbackText=false, reference=null, credits=0.0, positive=false, type=AUTOMATIC, visibility=ALWAYS, testCase=TestCaseDTO[testName=null, id=36]], FeedbackDTO[id=97, text=null, detailText=The exercise expects a class with the name SortStrategy in the package testpackage. You did not implement the class in the exercise., hasLongFeedbackText=false, reference=null, credits=0.0, positive=false, type=AUTOMATIC, visibility=ALWAYS, testCase=TestCaseDTO[testName=null, id=33]], FeedbackDTO[id=98, text=null, detailText=The class 'BubbleSort' does not implement the interface 'SortStrategy' as expected. Implement the interface and its methods., hasLongFeedbackText=false, reference=null, credits=0.0, positive=false, type=AUTOMATIC, visibility=ALWAYS, testCase=TestCaseDTO[testName=null, id=37]], FeedbackDTO[id=99, text=null, detailText=MergeSort does not sort correctly, hasLongFeedbackText=false, reference=null, credits=0.0, positive=false, type=AUTOMATIC, visibility=ALWAYS, testCase=TestCaseDTO[testName=null, id=42]], FeedbackDTO[id=100, text=null, detailText=The class 'Context' was not found within the submission. Make sure to implement it properly., hasLongFeedbackText=false, reference=null, credits=0.0, positive=false, type=AUTOMATIC, visibility=ALWAYS, testCase=TestCaseDTO[testName=null, id=43]], FeedbackDTO[id=101, text=null, detailText=The class 'Context' was not found within the submission. Make sure to implement it properly., hasLongFeedbackText=false, reference=null, credits=0.0, positive=false, type=AUTOMATIC, visibility=ALWAYS, testCase=TestCaseDTO[testName=null, id=44]], FeedbackDTO[id=102, text=null, detailText=The exercise expects a class with the name Policy in the package testpackage. You did not implement the class in the exercise., hasLongFeedbackText=false, reference=null, credits=0.0, positive=false, type=AUTOMATIC, visibility=ALWAYS, testCase=TestCaseDTO[testName=null, id=38]], FeedbackDTO[id=103, text=null, detailText=The exercise expects a class with the name Context in the package testpackage. You did not implement the class in the exercise., hasLongFeedbackText=false, reference=null, credits=0.0, positive=false, type=AUTOMATIC, visibility=ALWAYS, testCase=TestCaseDTO[testName=null, id=34]], FeedbackDTO[id=104, text=null, detailText=The exercise expects a class with the name Policy in the package testpackage. You did not implement the class in the exercise., hasLongFeedbackText=false, reference=null, credits=0.0, positive=false, type=AUTOMATIC, visibility=ALWAYS, testCase=TestCaseDTO[testName=null, id=35]], FeedbackDTO[id=105, text=null, detailText=null, hasLongFeedbackText=false, reference=null, credits=3.230769230769231, positive=true, type=AUTOMATIC, visibility=ALWAYS, testCase=TestCaseDTO[testName=null, id=45]]], assessmentType=AUTOMATIC, hasComplaint=null, exampleResult=null, testCaseCount=13, passedTestCaseCount=1, codeIssueCount=0]], BuildJobQueueItem[id=4741739576577297, name=SHORT88A9A223023E2047B709E4A029FA08BCF2CFTSTEXC-LOCALCIINTSTUDENT1, buildAgent=BuildAgentDTO[name=artemis-build-agent-test, memberAddress=[127.0.0.1]:5703, displayName=artemis-build-agent-test], participationId=474, courseId=151, exerciseId=302, retryCount=0, priority=2, status=SUCCESSFUL, repositoryInfo=RepositoryInfo[repositoryName=short88a9a223023e2047b709e4a029fa08bcf2cftstexc-localciintstudent1, repositoryType=user, triggeredByPushTo=user, assignmentRepositoryUri=http://localhost:49152/git/SHORT88A9A223023E2047B709E4A029FA08BCF2CFTSTEXC/short88a9a223023e2047b709e4a029fa08bcf2cftstexc-localciintstudent1.git, testRepositoryUri=http://localhost:49152/git/SHORT88A9A223023E2047B709E4A029FA08BCF2CFTSTEXC/short88a9a223023e2047b709e4a029fa08bcf2cftstexc-tests.git, solutionRepositoryUri=null, auxiliaryRepositoryUris=[Ljava.lang.String;@7cfa97ae, auxiliaryRepositoryCheckoutDirectories=[Ljava.lang.String;@c5aaaee], jobTimingInfo=JobTimingInfo[submissionDate=2025-02-14T23:42:57.297342281Z[Etc/UTC], buildStartDate=2025-02-14T23:42:57.308570327Z[Etc/UTC], buildCompletionDate=2025-02-14T23:42:59.047616654Z[Etc/UTC], estimatedCompletionDate=2025-02-14T23:43:16.308558064Z[Etc/UTC], estimatedDuration=19], buildConfig=BuildConfig[buildScript=#!/bin/bash
cd /var/tmp/testing-dir
chmod +x ./gradlew
./gradlew clean test
, dockerImage=dummy-docker-image:latest, commitHashToBuild=736cbea1e46d6849b41266b2bf1cccd3b9ea55b1, assignmentCommitHash=736cbea1e46d6849b41266b2bf1cccd3b9ea55b1, testCommitHash=ea6267edd396a304305339b036512b63e0374c66, branch=main, programmingLanguage=JAVA, projectType=PLAIN_GRADLE, scaEnabled=false, sequentialTestRunsEnabled=false, resultPaths=[/var/tmp/testing-dir/**/test-results/test/*.xml], timeoutSeconds=0, assignmentCheckoutPath=null, testCheckoutPath=null, solutionCheckoutPath=null, dockerRunConfig=null], submissionResult=ResultDTO[id=135, completionDate=2025-02-14T23:42:59.014168821Z[Etc/UTC], successful=false, score=7.7, rated=true, submission=SubmissionDTO[id=123, submitted=true, type=MANUAL, exampleSubmission=null, submissionDate=2025-02-14T23:42:57.278471Z, commitHash=736cbea1e46d6849b41266b2bf1cccd3b9ea55b1, buildFailed=false, buildArtifact=false, participation=ParticipationDTO[id=474, testRun=false, type=programming, submissionCount=null, exercise=ParticipationExerciseDTO[id=302, exerciseType=PROGRAMMING, type=programming, assessmentType=AUTOMATIC, dueDate=2025-02-16T23:42:56.796251Z, assessmentDueDate=null, maxPoints=42.0, course=CourseDTO[id=151, accuracyOfScores=1]]], submissionExerciseType=programming, isProcessing=false, buildStartDate=null, estimatedCompletionDate=null], participation=ParticipationDTO[id=474, testRun=false, type=programming, submissionCount=null, exercise=ParticipationExerciseDTO[id=302, exerciseType=PROGRAMMING, type=programming, assessmentType=AUTOMATIC, dueDate=2025-02-16T23:42:56.796251Z, assessmentDueDate=null, maxPoints=42.0, course=CourseDTO[id=151, accuracyOfScores=1]]], feedbacks=[FeedbackDTO[id=106, text=null, detailText=The exercise expects a class with the name Context in the package testpackage. You did not implement the class in the exercise., hasLongFeedbackText=false, reference=null, credits=0.0, positive=false, type=AUTOMATIC, visibility=ALWAYS, testCase=TestCaseDTO[testName=null, id=65]], FeedbackDTO[id=107, text=null, detailText=The exercise expects a class with the name Policy in the package testpackage. You did not implement the class in the exercise., hasLongFeedbackText=false, reference=null, credits=0.0, positive=false, type=AUTOMATIC, visibility=ALWAYS, testCase=TestCaseDTO[testName=null, id=66]], FeedbackDTO[id=108, text=null, detailText=The exercise expects a class with the name SortStrategy in the package testpackage. You did not implement the class in the exercise., hasLongFeedbackText=false, reference=null, credits=0.0, positive=false, type=AUTOMATIC, visibility=ALWAYS, testCase=TestCaseDTO[testName=null, id=67]], FeedbackDTO[id=109, text=null, detailText=The class 'MergeSort' does not implement the interface 'SortStrategy' as expected. Implement the interface and its methods., hasLongFeedbackText=false, reference=null, credits=0.0, positive=false, type=AUTOMATIC, visibility=ALWAYS, testCase=TestCaseDTO[testName=null, id=62]], FeedbackDTO[id=110, text=null, detailText=The exercise expects a class with the name SortStrategy in the package testpackage. You did not implement the class in the exercise., hasLongFeedbackText=false, reference=null, credits=0.0, positive=false, type=AUTOMATIC, visibility=ALWAYS, testCase=TestCaseDTO[testName=null, id=59]], FeedbackDTO[id=111, text=null, detailText=The class 'BubbleSort' does not implement the interface 'SortStrategy' as expected. Implement the interface and its methods., hasLongFeedbackText=false, reference=null, credits=0.0, positive=false, type=AUTOMATIC, visibility=ALWAYS, testCase=TestCaseDTO[testName=null, id=63]], FeedbackDTO[id=112, text=null, detailText=MergeSort does not sort correctly, hasLongFeedbackText=false, reference=null, credits=0.0, positive=false, type=AUTOMATIC, visibility=ALWAYS, testCase=TestCaseDTO[testName=null, id=68]], FeedbackDTO[id=113, text=null, detailText=The class 'Context' was not found within the submission. Make sure to implement it properly., hasLongFeedbackText=false, reference=null, credits=0.0, positive=false, type=AUTOMATIC, visibility=ALWAYS, testCase=TestCaseDTO[testName=null, id=69]], FeedbackDTO[id=114, text=null, detailText=The class 'Context' was not found within the submission. Make sure to implement it properly., hasLongFeedbackText=false, reference=null, credits=0.0, positive=false, type=AUTOMATIC, visibility=ALWAYS, testCase=TestCaseDTO[testName=null, id=70]], FeedbackDTO[id=115, text=null, detailText=The exercise expects a class with the name Policy in the package testpackage. You did not implement the class in the exercise., hasLongFeedbackText=false, reference=null, credits=0.0, positive=false, type=AUTOMATIC, visibility=ALWAYS, testCase=TestCaseDTO[testName=null, id=64]], FeedbackDTO[id=116, text=null, detailText=The exercise expects a class with the name Context in the package testpackage. You did not implement the class in the exercise., hasLongFeedbackText=false, reference=null, credits=0.0, positive=false, type=AUTOMATIC, visibility=ALWAYS, testCase=TestCaseDTO[testName=null, id=60]], FeedbackDTO[id=117, text=null, detailText=The exercise expects a class with the name Policy in the package testpackage. You did not implement the class in the exercise., hasLongFeedbackText=false, reference=null, credits=0.0, positive=false, type=AUTOMATIC, visibility=ALWAYS, testCase=TestCaseDTO[testName=null, id=61]], FeedbackDTO[id=118, text=null, detailText=null, hasLongFeedbackText=false, reference=null, credits=3.230769230769231, positive=true, type=AUTOMATIC, visibility=ALWAYS, testCase=TestCaseDTO[testName=null, id=71]]], assessmentType=AUTOMATIC, hasComplaint=null, exampleResult=null, testCaseCount=13, passedTestCaseCount=1, codeIssueCount=0]], BuildJobQueueItem[id=4771739576580898, name=SHORT51E611E30D6B60466F0B8BA0AA97F58888C2TSTEXC-LOCALCIINTSTUDENT1, buildAgent=BuildAgentDTO[name=artemis-build-agent-test, memberAddress=[127.0.0.1]:5703, displayName=artemis-build-agent-test], participationId=477, courseId=152, exerciseId=303, retryCount=0, priority=2, status=SUCCESSFUL, repositoryInfo=RepositoryInfo[repositoryName=short51e611e30d6b60466f0b8ba0aa97f58888c2tstexc-localciintstudent1, repositoryType=user, triggeredByPushTo=user, assignmentRepositoryUri=http://localhost:49152/git/SHORT51E611E30D6B60466F0B8BA0AA97F58888C2TSTEXC/short51e611e30d6b60466f0b8ba0aa97f58888c2tstexc-localciintstudent1.git, testRepositoryUri=http://localhost:49152/git/SHORT51E611E30D6B60466F0B8BA0AA97F58888C2TSTEXC/short51e611e30d6b60466f0b8ba0aa97f58888c2tstexc-tests.git, solutionRepositoryUri=null, auxiliaryRepositoryUris=[Ljava.lang.String;@3ecda57d, auxiliaryRepositoryCheckoutDirectories=[Ljava.lang.String;@b0e16a3], jobTimingInfo=JobTimingInfo[submissionDate=2025-02-14T23:43:00.898532688Z[Etc/UTC], buildStartDate=2025-02-14T23:43:00.905733056Z[Etc/UTC], buildCompletionDate=2025-02-14T23:43:02.692768910Z[Etc/UTC], estimatedCompletionDate=2025-02-14T23:43:19.905720463Z[Etc/UTC], estimatedDuration=19], buildConfig=BuildConfig[buildScript=#!/bin/bash
cd /var/tmp/testing-dir
chmod +x ./gradlew
./gradlew clean test
, dockerImage=dummy-docker-image:latest, commitHashToBuild=8f3057cbd462f5e3de4e6ba85115f60d8dbb5aea, assignmentCommitHash=8f3057cbd462f5e3de4e6ba85115f60d8dbb5aea, testCommitHash=8f3057cbd462f5e3de4e6ba85115f60d8dbb5aea, branch=main, programmingLanguage=JAVA, projectType=PLAIN_GRADLE, scaEnabled=true, sequentialTestRunsEnabled=false, resultPaths=[/var/tmp/testing-dir/**/test-results/test/*.xml], timeoutSeconds=0, assignmentCheckoutPath=null, testCheckoutPath=null, solutionCheckoutPath=null, dockerRunConfig=null], submissionResult=ResultDTO[id=136, completionDate=2025-02-14T23:43:02.637820510Z[Etc/UTC], successful=false, score=7.7, rated=true, submission=SubmissionDTO[id=124, submitted=true, type=MANUAL, exampleSubmission=null, submissionDate=2025-02-14T23:43:00.886601Z, commitHash=8f3057cbd462f5e3de4e6ba85115f60d8dbb5aea, buildFailed=false, buildArtifact=false, participation=ParticipationDTO[id=477, testRun=false, type=programming, submissionCount=null, exercise=ParticipationExerciseDTO[id=303, exerciseType=PROGRAMMING, type=programming, assessmentType=AUTOMATIC, dueDate=2025-02-16T23:43:00.631824Z, assessmentDueDate=null, maxPoints=42.0, course=CourseDTO[id=152, accuracyOfScores=1]]], submissionExerciseType=programming, isProcessing=false, buildStartDate=null, estimatedCompletionDate=null], participation=ParticipationDTO[id=477, testRun=false, type=programming, submissionCount=null, exercise=ParticipationExerciseDTO[id=303, exerciseType=PROGRAMMING, type=programming, assessmentType=AUTOMATIC, dueDate=2025-02-16T23:43:00.631824Z, assessmentDueDate=null, maxPoints=42.0, course=CourseDTO[id=152, accuracyOfScores=1]]], feedbacks=[FeedbackDTO[id=119, text=null, detailText=The exercise expects a class with the name Context in the package testpackage. You did not implement the class in the exercise., hasLongFeedbackText=false, reference=null, credits=0.0, positive=false, type=AUTOMATIC, visibility=ALWAYS, testCase=TestCaseDTO[testName=null, id=78]], FeedbackDTO[id=120, text=null, detailText=The exercise expects a class with the name Policy in the package testpackage. You did not implement the class in the exercise., hasLongFeedbackText=false, reference=null, credits=0.0, positive=false, type=AUTOMATIC, visibility=ALWAYS, testCase=TestCaseDTO[testName=null, id=79]], FeedbackDTO[id=121, text=null, detailText=The exercise expects a class with the name SortStrategy in the package testpackage. You did not implement the class in the exercise., hasLongFeedbackText=false, reference=null, credits=0.0, positive=false, type=AUTOMATIC, visibility=ALWAYS, testCase=TestCaseDTO[testName=null, id=80]], FeedbackDTO[id=122, text=null, detailText=The class 'MergeSort' does not implement the interface 'SortStrategy' as expected. Implement the interface and its methods., hasLongFeedbackText=false, reference=null, credits=0.0, positive=false, type=AUTOMATIC, visibility=ALWAYS, testCase=TestCaseDTO[testName=null, id=75]], FeedbackDTO[id=123, text=null, detailText=The exercise expects a class with the name SortStrategy in the package testpackage. You did not implement the class in the exercise., hasLongFeedbackText=false, reference=null, credits=0.0, positive=false, type=AUTOMATIC, visibility=ALWAYS, testCase=TestCaseDTO[testName=null, id=72]], FeedbackDTO[id=124, text=null, detailText=The class 'BubbleSort' does not implement the interface 'SortStrategy' as expected. Implement the interface and its methods., hasLongFeedbackText=false, reference=null, credits=0.0, positive=false, type=AUTOMATIC, visibility=ALWAYS, testCase=TestCaseDTO[testName=null, id=76]], FeedbackDTO[id=125, text=null, detailText=MergeSort does not sort correctly, hasLongFeedbackText=false, reference=null, credits=0.0, positive=false, type=AUTOMATIC, visibility=ALWAYS, testCase=TestCaseDTO[testName=null, id=81]], FeedbackDTO[id=126, text=null, detailText=The class 'Context' was not found within the submission. Make sure to implement it properly., hasLongFeedbackText=false, reference=null, credits=0.0, positive=false, type=AUTOMATIC, visibility=ALWAYS, testCase=TestCaseDTO[testName=null, id=82]], FeedbackDTO[id=127, text=null, detailText=The class 'Context' was not found within the submission. Make sure to implement it properly., hasLongFeedbackText=false, reference=null, credits=0.0, positive=false, type=AUTOMATIC, visibility=ALWAYS, testCase=TestCaseDTO[testName=null, id=83]], FeedbackDTO[id=128, text=null, detailText=The exercise expects a class with the name Policy in the package testpackage. You did not implement the class in the exercise., hasLongFeedbackText=false, reference=null, credits=0.0, positive=false, type=AUTOMATIC, visibility=ALWAYS, testCase=TestCaseDTO[testName=null, id=77]], FeedbackDTO[id=129, text=null, detailText=The exercise expects a class with the name Context in the package testpackage. You did not implement the class in the exercise., hasLongFeedbackText=false, reference=null, credits=0.0, positive=false, type=AUTOMATIC, visibility=ALWAYS, testCase=TestCaseDTO[testName=null, id=73]], FeedbackDTO[id=130, text=null, detailText=The exercise expects a class with the name Policy in the package testpackage. You did not implement the class in the exercise., hasLongFeedbackText=false, reference=null, credits=0.0, positive=false, type=AUTOMATIC, visibility=ALWAYS, testCase=TestCaseDTO[testName=null, id=74]], FeedbackDTO[id=131, text=null, detailText=null, hasLongFeedbackText=false, reference=null, credits=3.230769230769231, positive=true, type=AUTOMATIC, visibility=ALWAYS, testCase=TestCaseDTO[testName=null, id=84]], FeedbackDTO[id=132, text=SCAFeedbackIdentifier:Bad Practice, detailText={"filePath":"src/code/Client.java","startLine":6,"endLine":6,"startColumn":1,"endColumn":26,"rule":"UnusedImports","category":"Best Practices","message":"Avoid unused imports such as 'javax.swing.JFrame'","priority":"4"}, hasLongFeedbackText=false, reference=PMD, credits=0.0, positive=false, type=AUTOMATIC, visibility=null, testCase=null], FeedbackDTO[id=133, text=SCAFeedbackIdentifier:Code Style, detailText={"filePath":"src/code/Client.java","startLine":7,"endLine":7,"startColumn":1,"endColumn":19,"rule":"DontImportJavaLang","category":"Code Style","message":"Avoid importing anything from the package java.lang","priority":"4"}, hasLongFeedbackText=false, reference=PMD, credits=0.0, positive=false, type=AUTOMATIC, visibility=null, testCase=null], FeedbackDTO[id=134, text=SCAFeedbackIdentifier:Bad Practice, detailText={"filePath":"src/code/Client.java","startLine":7,"endLine":7,"startColumn":1,"endColumn":19,"rule":"UnusedImports","category":"Best Practices","message":"Avoid unused imports such as 'java.lang'","priority":"4"}, hasLongFeedbackText=false, reference=PMD, credits=0.0, positive=false, type=AUTOMATIC, visibility=null, testCase=null], FeedbackDTO[id=135, text=SCAFeedbackIdentifier:Bad Practice, detailText={"filePath":"src/code/Client.java","startLine":73,"endLine":73,"startColumn":18,"endColumn":27,"rule":"UnusedLocalVariable","category":"Best Practices","message":"Avoid unused local variables such as 'randomDate'.","priority":"3"}, hasLongFeedbackText=false, reference=PMD, credits=0.0, positive=false, type=AUTOMATIC, visibility=null, testCase=null], FeedbackDTO[id=136, text=SCAFeedbackIdentifier:Bad Practice, detailText={"filePath":"src/code/Client.java","startLine":81,"endLine":81,"startColumn":31,"endColumn":53,"rule":"UnusedPrivateMethod","category":"Best Practices","message":"Avoid unused private methods such as 'CreateRandomDatesList()'.","priority":"3"}, hasLongFeedbackText=false, reference=PMD, credits=0.0, positive=false, type=AUTOMATIC, visibility=null, testCase=null], FeedbackDTO[id=137, text=SCAFeedbackIdentifier:Potential Bugs, detailText={"filePath":"src/code/Client.java","startLine":94,"endLine":94,"startColumn":9,"endColumn":9,"rule":"EmptyStatementNotInLoop","category":"Error Prone","message":"An empty statement (semicolon) not part of a loop","priority":"3"}, hasLongFeedbackText=false, reference=PMD, credits=0.0, positive=false, type=AUTOMATIC, visibility=null, testCase=null], FeedbackDTO[id=138, text=SCAFeedbackIdentifier:Potential Bugs, detailText={"filePath":"src/code/Client.java","startLine":94,"endLine":94,"startColumn":10,"endColumn":10,"rule":"EmptyStatementNotInLoop","category":"Error Prone","message":"An empty statement (semicolon) not part of a loop","priority":"3"}, hasLongFeedbackText=false, reference=PMD, credits=0.0, positive=false, type=AUTOMATIC, visibility=null, testCase=null], FeedbackDTO[id=139, text=SCAFeedbackIdentifier:Potential Bugs, detailText={"filePath":"src/code/Client.java","startLine":94,"endLine":94,"startColumn":11,"endColumn":11,"rule":"EmptyStatementNotInLoop","category":"Error Prone","message":"An empty statement (semicolon) not part of a loop","priority":"3"}, hasLongFeedbackText=false, reference=PMD, credits=0.0, positive=false, type=AUTOMATIC, visibility=null, testCase=null], FeedbackDTO[id=140, text=SCAFeedbackIdentifier:Code Style, detailText={"filePath":"src/code/Client.java","startLine":73,"endLine":73,"rule":"DLS_DEAD_LOCAL_STORE","category":"STYLE","message":"Dead store to randomDate in code.Client.createRandomDatesList()","priority":"2"}, hasLongFeedbackText=false, reference=SPOTBUGS, credits=0.0, positive=false, type=AUTOMATIC, visibility=null, testCase=null], FeedbackDTO[id=141, text=SCAFeedbackIdentifier:Bad Practice, detailText={"filePath":"src/code/Client.java","startLine":82,"endLine":95,"rule":"NM_METHOD_NAMING_CONVENTION","category":"BAD_PRACTICE","message":"The method name code.Client.CreateRandomDatesList() doesn't start with a lower case letter","priority":"3"}, hasLongFeedbackText=false, reference=SPOTBUGS, credits=0.0, positive=false, type=AUTOMATIC, visibility=null, testCase=null], FeedbackDTO[id=142, text=SCAFeedbackIdentifier:Performance, detailText={"filePath":"src/code/Client.java","startLine":82,"endLine":95,"rule":"UPM_UNCALLED_PRIVATE_METHOD","category":"PERFORMANCE","message":"Private method code.Client.CreateRandomDatesList() is never called","priority":"2"}, hasLongFeedbackText=false, reference=SPOTBUGS, credits=0.0, positive=false, type=AUTOMATIC, visibility=null, testCase=null], FeedbackDTO[id=143, text=SCAFeedbackIdentifier:Code Style, detailText={"filePath":"src/code/Client.java","startLine":70,"endLine":70,"startColumn":9,"endColumn":9,"rule":"NeedBracesCheck","category":"blocks","message":"'for' construct must use '{}'s.","priority":"error"}, hasLongFeedbackText=false, reference=CHECKSTYLE, credits=0.0, positive=false, type=AUTOMATIC, visibility=null, testCase=null], FeedbackDTO[id=144, text=SCAFeedbackIdentifier:Code Style, detailText={"filePath":"src/code/Client.java","startLine":93,"endLine":93,"startColumn":9,"endColumn":9,"rule":"EmptyStatementCheck","category":"coding","message":"Empty statement.","priority":"error"}, hasLongFeedbackText=false, reference=CHECKSTYLE, credits=0.0, positive=false, type=AUTOMATIC, visibility=null, testCase=null], FeedbackDTO[id=145, text=SCAFeedbackIdentifier:Code Style, detailText={"filePath":"src/code/Client.java","startLine":93,"endLine":93,"startColumn":10,"endColumn":10,"rule":"EmptyStatementCheck","category":"coding","message":"Empty statement.","priority":"error"}, hasLongFeedbackText=false, reference=CHECKSTYLE, credits=0.0, positive=false, type=AUTOMATIC, visibility=null, testCase=null], FeedbackDTO[id=146, text=SCAFeedbackIdentifier:Code Style, detailText={"filePath":"src/code/Client.java","startLine":93,"endLine":93,"startColumn":11,"endColumn":11,"rule":"EmptyStatementCheck","category":"coding","message":"Empty statement.","priority":"error"}, hasLongFeedbackText=false, reference=CHECKSTYLE, credits=0.0, positive=false, type=AUTOMATIC, visibility=null, testCase=null]], assessmentType=AUTOMATIC, hasComplaint=null, exampleResult=null, testCaseCount=13, passedTestCaseCount=1, codeIssueCount=15]], BuildJobQueueItem[id=4821739576584632, name=SHORT433BAC4500363044960B6E10DFA0493471B2TSTEXC-LOCALCIINTSTUDENT1, buildAgent=BuildAgentDTO[name=artemis-build-agent-test, memberAddress=[127.0.0.1]:5703, displayName=artemis-build-agent-test], participationId=482, courseId=154, exerciseId=305, retryCount=0, priority=2, status=SUCCESSFUL, repositoryInfo=RepositoryInfo[repositoryName=short433bac4500363044960b6e10dfa0493471b2tstexc-localciintstudent1, repositoryType=user, triggeredByPushTo=user, assignmentRepositoryUri=http://localhost:49152/git/SHORT433BAC4500363044960B6E10DFA0493471B2TSTEXC/short433bac4500363044960b6e10dfa0493471b2tstexc-localciintstudent1.git, testRepositoryUri=http://localhost:49152/git/SHORT433BAC4500363044960B6E10DFA0493471B2TSTEXC/short433bac4500363044960b6e10dfa0493471b2tstexc-tests.git, solutionRepositoryUri=null, auxiliaryRepositoryUris=[Ljava.lang.String;@23e1b78b, auxiliaryRepositoryCheckoutDirectories=[Ljava.lang.String;@7a3574c3], jobTimingInfo=JobTimingInfo[submissionDate=2025-02-14T23:43:04.632341258Z[Etc/UTC], buildStartDate=2025-02-14T23:43:04.637633457Z[Etc/UTC], buildCompletionDate=2025-02-14T23:43:06.421238953Z[Etc/UTC], estimatedCompletionDate=2025-02-14T23:43:23.637623879Z[Etc/UTC], estimatedDuration=19], buildConfig=BuildConfig[buildScript=#!/bin/bash
cd /var/tmp/testing-dir
chmod +x ./gradlew
./gradlew clean test
, dockerImage=dummy-docker-image:latest, commitHashToBuild=8355c4f3cd5d3e0443707d3310206e460e333c6f, assignmentCommitHash=8355c4f3cd5d3e0443707d3310206e460e333c6f, testCommitHash=8355c4f3cd5d3e0443707d3310206e460e333c6f, branch=main, programmingLanguage=JAVA, projectType=PLAIN_GRADLE, scaEnabled=false, sequentialTestRunsEnabled=false, resultPaths=[/var/tmp/testing-dir/**/test-results/test/*.xml], timeoutSeconds=0, assignmentCheckoutPath=null, testCheckoutPath=null, solutionCheckoutPath=null, dockerRunConfig=null], submissionResult=ResultDTO[id=137, completionDate=2025-02-14T23:43:06.404877412Z[Etc/UTC], successful=false, score=7.7, rated=true, submission=SubmissionDTO[id=125, submitted=true, type=MANUAL, exampleSubmission=null, submissionDate=2025-02-14T23:43:04.623230Z, commitHash=8355c4f3cd5d3e0443707d3310206e460e333c6f, buildFailed=false, buildArtifact=false, participation=ParticipationDTO[id=482, testRun=false, type=programming, submissionCount=null, exercise=ParticipationExerciseDTO[id=305, exerciseType=PROGRAMMING, type=programming, assessmentType=AUTOMATIC, dueDate=2025-02-16T23:43:04.425734Z, assessmentDueDate=null, maxPoints=42.0, course=CourseDTO[id=154, accuracyOfScores=1]]], submissionExerciseType=programming, isProcessing=false, buildStartDate=null, estimatedCompletionDate=null], participation=ParticipationDTO[id=482, testRun=false, type=programming, submissionCount=null, exercise=ParticipationExerciseDTO[id=305, exerciseType=PROGRAMMING, type=programming, assessmentType=AUTOMATIC, dueDate=2025-02-16T23:43:04.425734Z, assessmentDueDate=null, maxPoints=42.0, course=CourseDTO[id=154, accuracyOfScores=1]]], feedbacks=[FeedbackDTO[id=147, text=null, detailText=The exercise expects a class with the name Context in the package testpackage. You did not implement the class in the exercise., hasLongFeedbackText=false, reference=null, credits=0.0, positive=false, type=AUTOMATIC, visibility=ALWAYS, testCase=TestCaseDTO[testName=null, id=104]], FeedbackDTO[id=148, text=null, detailText=The exercise expects a class with the name Policy in the package testpackage. You did not implement the class in the exercise., hasLongFeedbackText=false, reference=null, credits=0.0, positive=false, type=AUTOMATIC, visibility=ALWAYS, testCase=TestCaseDTO[testName=null, id=105]], FeedbackDTO[id=149, text=null, detailText=The exercise expects a class with the name SortStrategy in the package testpackage. You did not implement the class in the exercise., hasLongFeedbackText=false, reference=null, credits=0.0, positive=false, type=AUTOMATIC, visibility=ALWAYS, testCase=TestCaseDTO[testName=null, id=106]], FeedbackDTO[id=150, text=null, detailText=The class 'MergeSort' does not implement the interface 'SortStrategy' as expected. Implement the interface and its methods., hasLongFeedbackText=false, reference=null, credits=0.0, positive=false, type=AUTOMATIC, visibility=ALWAYS, testCase=TestCaseDTO[testName=null, id=101]], FeedbackDTO[id=151, text=null, detailText=The exercise expects a class with the name SortStrategy in the package testpackage. You did not implement the class in the exercise., hasLongFeedbackText=false, reference=null, credits=0.0, positive=false, type=AUTOMATIC, visibility=ALWAYS, testCase=TestCaseDTO[testName=null, id=98]], FeedbackDTO[id=152, text=null, detailText=The class 'BubbleSort' does not implement the interface 'SortStrategy' as expected. Implement the interface and its methods., hasLongFeedbackText=false, reference=null, credits=0.0, positive=false, type=AUTOMATIC, visibility=ALWAYS, testCase=TestCaseDTO[testName=null, id=102]], FeedbackDTO[id=153, text=null, detailText=MergeSort does not sort correctly, hasLongFeedbackText=false, reference=null, credits=0.0, positive=false, type=AUTOMATIC, visibility=ALWAYS, testCase=TestCaseDTO[testName=null, id=107]], FeedbackDTO[id=154, text=null, detailText=The class 'Context' was not found within the submission. Make sure to implement it properly., hasLongFeedbackText=false, reference=null, credits=0.0, positive=false, type=AUTOMATIC, visibility=ALWAYS, testCase=TestCaseDTO[testName=null, id=108]], FeedbackDTO[id=155, text=null, detailText=The class 'Context' was not found within the submission. Make sure to implement it properly., hasLongFeedbackText=false, reference=null, credits=0.0, positive=false, type=AUTOMATIC, visibility=ALWAYS, testCase=TestCaseDTO[testName=null, id=109]], FeedbackDTO[id=156, text=null, detailText=The exercise expects a class with the name Policy in the package testpackage. You did not implement the class in the exercise., hasLongFeedbackText=false, reference=null, credits=0.0, positive=false, type=AUTOMATIC, visibility=ALWAYS, testCase=TestCaseDTO[testName=null, id=103]], FeedbackDTO[id=157, text=null, detailText=The exercise expects a class with the name Context in the package testpackage. You did not implement the class in the exercise., hasLongFeedbackText=false, reference=null, credits=0.0, positive=false, type=AUTOMATIC, visibility=ALWAYS, testCase=TestCaseDTO[testName=null, id=99]], FeedbackDTO[id=158, text=null, detailText=The exercise expects a class with the name Policy in the package testpackage. You did not implement the class in the exercise., hasLongFeedbackText=false, reference=null, credits=0.0, positive=false, type=AUTOMATIC, visibility=ALWAYS, testCase=TestCaseDTO[testName=null, id=100]], FeedbackDTO[id=159, text=null, detailText=null, hasLongFeedbackText=false, reference=null, credits=3.230769230769231, positive=true, type=AUTOMATIC, visibility=ALWAYS, testCase=TestCaseDTO[testName=null, id=110]]], assessmentType=AUTOMATIC, hasComplaint=null, exampleResult=null, testCaseCount=13, passedTestCaseCount=1, codeIssueCount=0]], BuildJobQueueItem[id=4851739576588371, name=SHORT495D587A0856D04A9E08BC60D2E08365FB9ETSTEXC-LOCALCIINTSTUDENT1, buildAgent=BuildAgentDTO[name=artemis-build-agent-test, memberAddress=[127.0.0.1]:5703, displayName=artemis-build-agent-test], participationId=485, courseId=155, exerciseId=306, retryCount=0, priority=2, status=FAILED, repositoryInfo=RepositoryInfo[repositoryName=short495d587a0856d04a9e08bc60d2e08365fb9etstexc-localciintstudent1, repositoryType=user, triggeredByPushTo=user, assignmentRepositoryUri=http://localhost:49152/git/SHORT495D587A0856D04A9E08BC60D2E08365FB9ETSTEXC/short495d587a0856d04a9e08bc60d2e08365fb9etstexc-localciintstudent1.git, testRepositoryUri=http://localhost:49152/git/SHORT495D587A0856D04A9E08BC60D2E08365FB9ETSTEXC/short495d587a0856d04a9e08bc60d2e08365fb9etstexc-tests.git, solutionRepositoryUri=null, auxiliaryRepositoryUris=[Ljava.lang.String;@2980d0b5, auxiliaryRepositoryCheckoutDirectories=[Ljava.lang.String;@52406028], jobTimingInfo=JobTimingInfo[submissionDate=2025-02-14T23:43:08.371015915Z[Etc/UTC], buildStartDate=2025-02-14T23:43:08.374658929Z[Etc/UTC], buildCompletionDate=2025-02-14T23:43:09.341007666Z[Etc/UTC], estimatedCompletionDate=2025-02-14T23:43:27.374650503Z[Etc/UTC], estimatedDuration=19], buildConfig=BuildConfig[buildScript=#!/bin/bash
cd /var/tmp/testing-dir
chmod +x ./gradlew
./gradlew clean test
, dockerImage=dummy-docker-image:latest, commitHashToBuild=ebb8aa4dc3625fe07e975266e18313ad871ce864, assignmentCommitHash=9b3a9bd71a0d80e5bbc42204c319ed3d1d4f0d6d, testCommitHash=9b3a9bd71a0d80e5bbc42204c319ed3d1d4f0d6d, branch=main, programmingLanguage=JAVA, projectType=PLAIN_GRADLE, scaEnabled=false, sequentialTestRunsEnabled=false, resultPaths=[/var/tmp/testing-dir/**/test-results/test/*.xml], timeoutSeconds=0, assignmentCheckoutPath=null, testCheckoutPath=null, solutionCheckoutPath=null, dockerRunConfig=null], submissionResult=ResultDTO[id=138, completionDate=2025-02-14T23:43:09.343306574Z[Etc/UTC], successful=false, score=0.0, rated=true, submission=SubmissionDTO[id=127, submitted=true, type=MANUAL, exampleSubmission=null, submissionDate=2025-02-14T23:43:09.343306574Z[Etc/UTC], commitHash=9b3a9bd71a0d80e5bbc42204c319ed3d1d4f0d6d, buildFailed=true, buildArtifact=false, participation=ParticipationDTO[id=485, testRun=false, type=programming, submissionCount=null, exercise=ParticipationExerciseDTO[id=306, exerciseType=PROGRAMMING, type=programming, assessmentType=AUTOMATIC, dueDate=2025-02-16T23:43:08.185273Z, assessmentDueDate=null, maxPoints=42.0, course=CourseDTO[id=155, accuracyOfScores=1]]], submissionExerciseType=programming, isProcessing=false, buildStartDate=null, estimatedCompletionDate=null], participation=ParticipationDTO[id=485, testRun=false, type=programming, submissionCount=null, exercise=ParticipationExerciseDTO[id=306, exerciseType=PROGRAMMING, type=programming, assessmentType=AUTOMATIC, dueDate=2025-02-16T23:43:08.185273Z, assessmentDueDate=null, maxPoints=42.0, course=CourseDTO[id=155, accuracyOfScores=1]]], feedbacks=[], assessmentType=AUTOMATIC, hasComplaint=null, exampleResult=null, testCaseCount=0, passedTestCaseCount=0, codeIssueCount=0]], BuildJobQueueItem[id=4881739576590204, name=SHORT80B5DD0E0D6B304EBB096E9020B949996A1CTSTEXC-LOCALCIINTSTUDENT1, buildAgent=BuildAgentDTO[name=artemis-build-agent-test, memberAddress=[127.0.0.1]:5703, displayName=artemis-build-agent-test], participationId=488, courseId=156, exerciseId=307, retryCount=0, priority=2, status=SUCCESSFUL, repositoryInfo=RepositoryInfo[repositoryName=short80b5dd0e0d6b304ebb096e9020b949996a1ctstexc-localciintstudent1, repositoryType=user, triggeredByPushTo=user, assignmentRepositoryUri=http://localhost:49152/git/SHORT80B5DD0E0D6B304EBB096E9020B949996A1CTSTEXC/short80b5dd0e0d6b304ebb096e9020b949996a1ctstexc-localciintstudent1.git, testRepositoryUri=http://localhost:49152/git/SHORT80B5DD0E0D6B304EBB096E9020B949996A1CTSTEXC/short80b5dd0e0d6b304ebb096e9020b949996a1ctstexc-tests.git, solutionRepositoryUri=null, auxiliaryRepositoryUris=[Ljava.lang.String;@7cb3d804, auxiliaryRepositoryCheckoutDirectories=[Ljava.lang.String;@2df1383d], jobTimingInfo=JobTimingInfo[submissionDate=2025-02-14T23:43:10.204264160Z[Etc/UTC], buildStartDate=2025-02-14T23:43:10.223149139Z[Etc/UTC], buildCompletionDate=2025-02-14T23:43:12.086509109Z[Etc/UTC], estimatedCompletionDate=2025-02-14T23:43:29.223142246Z[Etc/UTC], estimatedDuration=19], buildConfig=BuildConfig[buildScript=#!/bin/bash
cd /var/tmp/testing-dir
chmod +x ./gradlew
./gradlew clean test
, dockerImage=dummy-docker-image:latest, commitHashToBuild=b806a93102242552beed7c01b08b2769731814b3, assignmentCommitHash=b806a93102242552beed7c01b08b2769731814b3, testCommitHash=b806a93102242552beed7c01b08b2769731814b3, branch=main, programmingLanguage=JAVA, projectType=PLAIN_GRADLE, scaEnabled=false, sequentialTestRunsEnabled=false, resultPaths=[/var/tmp/testing-dir/**/test-results/test/*.xml], timeoutSeconds=0, assignmentCheckoutPath=null, testCheckoutPath=null, solutionCheckoutPath=null, dockerRunConfig=null], submissionResult=ResultDTO[id=139, completionDate=2025-02-14T23:43:12.066436124Z[Etc/UTC], successful=false, score=0.0, rated=true, submission=SubmissionDTO[id=128, submitted=true, type=MANUAL, exampleSubmission=null, submissionDate=2025-02-14T23:43:10.192407Z, commitHash=b806a93102242552beed7c01b08b2769731814b3, buildFailed=true, buildArtifact=false, participation=ParticipationDTO[id=488, testRun=false, type=programming, submissionCount=null, exercise=ParticipationExerciseDTO[id=307, exerciseType=PROGRAMMING, type=programming, assessmentType=AUTOMATIC, dueDate=2025-02-16T23:43:09.986646Z, assessmentDueDate=null, maxPoints=42.0, course=CourseDTO[id=156, accuracyOfScores=1]]], submissionExerciseType=programming, isProcessing=false, buildStartDate=null, estimatedCompletionDate=null], participation=ParticipationDTO[id=488, testRun=false, type=programming, submissionCount=null, exercise=ParticipationExerciseDTO[id=307, exerciseType=PROGRAMMING, type=programming, assessmentType=AUTOMATIC, dueDate=2025-02-16T23:43:09.986646Z, assessmentDueDate=null, maxPoints=42.0, course=CourseDTO[id=156, accuracyOfScores=1]]], feedbacks=[], assessmentType=AUTOMATIC, hasComplaint=null, exampleResult=null, testCaseCount=0, passedTestCaseCount=0, codeIssueCount=0]], BuildJobQueueItem[id=4911739576593817, name=SHORT585B2198089880462509B3007867E72DFB7ATSTEXC-LOCALCIINTSTUDENT1, buildAgent=BuildAgentDTO[name=artemis-build-agent-test, memberAddress=[127.0.0.1]:5703, displayName=artemis-build-agent-test], participationId=491, courseId=157, exerciseId=308, retryCount=0, priority=2, status=SUCCESSFUL, repositoryInfo=RepositoryInfo[repositoryName=short585b2198089880462509b3007867e72dfb7atstexc-localciintstudent1, repositoryType=user, triggeredByPushTo=user, assignmentRepositoryUri=http://localhost:49152/git/SHORT585B2198089880462509B3007867E72DFB7ATSTEXC/short585b2198089880462509b3007867e72dfb7atstexc-localciintstudent1.git, testRepositoryUri=http://localhost:49152/git/SHORT585B2198089880462509B3007867E72DFB7ATSTEXC/short585b2198089880462509b3007867e72dfb7atstexc-tests.git, solutionRepositoryUri=null, auxiliaryRepositoryUris=[Ljava.lang.String;@2db404e, auxiliaryRepositoryCheckoutDirectories=[Ljava.lang.String;@53cb211d], jobTimingInfo=JobTimingInfo[submissionDate=2025-02-14T23:43:13.817124706Z[Etc/UTC], buildStartDate=2025-02-14T23:43:13.834335931Z[Etc/UTC], buildCompletionDate=2025-02-14T23:43:15.746259139Z[Etc/UTC], estimatedCompletionDate=2025-02-14T23:43:32.834326082Z[Etc/UTC], estimatedDuration=19], buildConfig=BuildConfig[buildScript=#!/bin/bash
cd /var/tmp/testing-dir
chmod +x ./gradlew
./gradlew clean test
, dockerImage=dummy-docker-image:latest, commitHashToBuild=42077d078a5d5042fe2d4bd8299a990d342fce6e, assignmentCommitHash=42077d078a5d5042fe2d4bd8299a990d342fce6e, testCommitHash=42077d078a5d5042fe2d4bd8299a990d342fce6e, branch=main, programmingLanguage=JAVA, projectType=PLAIN_GRADLE, scaEnabled=false, sequentialTestRunsEnabled=false, resultPaths=[/var/tmp/testing-dir/**/test-results/test/*.xml], timeoutSeconds=0, assignmentCheckoutPath=null, testCheckoutPath=null, solutionCheckoutPath=null, dockerRunConfig=null], submissionResult=ResultDTO[id=140, completionDate=2025-02-14T23:43:15.725343914Z[Etc/UTC], successful=false, score=0.0, rated=true, submission=SubmissionDTO[id=129, submitted=true, type=MANUAL, exampleSubmission=null, submissionDate=2025-02-14T23:43:13.805401Z, commitHash=42077d078a5d5042fe2d4bd8299a990d342fce6e, buildFailed=false, buildArtifact=false, participation=ParticipationDTO[id=491, testRun=false, type=programming, submissionCount=null, exercise=ParticipationExerciseDTO[id=308, exerciseType=PROGRAMMING, type=programming, assessmentType=AUTOMATIC, dueDate=2025-02-16T23:43:13.569213Z, assessmentDueDate=null, maxPoints=42.0, course=CourseDTO[id=157, accuracyOfScores=1]]], submissionExerciseType=programming, isProcessing=false, buildStartDate=null, estimatedCompletionDate=null], participation=ParticipationDTO[id=491, testRun=false, type=programming, submissionCount=null, exercise=ParticipationExerciseDTO[id=308, exerciseType=PROGRAMMING, type=programming, assessmentType=AUTOMATIC, dueDate=2025-02-16T23:43:13.569213Z, assessmentDueDate=null, maxPoints=42.0, course=CourseDTO[id=157, accuracyOfScores=1]]], feedbacks=[FeedbackDTO[id=160, text=null, detailText=Deine Einreichung enthält keine Ausgabe. (67cac2), hasLongFeedbackText=false, reference=null, credits=0.0, positive=false, type=AUTOMATIC, visibility=ALWAYS, testCase=TestCaseDTO[testName=null, id=146]], FeedbackDTO[id=161, text=null, detailText=test `add` failed on ≥ 1 cases:
(0, 0)
Your submission raised an error Failure("TODO add"), hasLongFeedbackText=false, reference=null, credits=0.0, positive=false, type=AUTOMATIC, visibility=ALWAYS, testCase=TestCaseDTO[testName=null, id=149]], FeedbackDTO[id=162, text=null, detailText=test `filter` failed on ≥ 1 cases:
(even, [1; 2; 3; 4])
Your submission raised an error Failure("TODO filter"), hasLongFeedbackText=false, reference=null, credits=0.0, positive=false, type=AUTOMATIC, visibility=ALWAYS, testCase=TestCaseDTO[testName=null, id=148]], FeedbackDTO[id=163, text=null, detailText=Test was not executed., hasLongFeedbackText=false, reference=null, credits=0.0, positive=null, type=AUTOMATIC, visibility=null, testCase=TestCaseDTO[testName=null, id=137]], FeedbackDTO[id=164, text=null, detailText=Test was not executed., hasLongFeedbackText=false, reference=null, credits=0.0, positive=null, type=AUTOMATIC, visibility=null, testCase=TestCaseDTO[testName=null, id=138]], FeedbackDTO[id=165, text=null, detailText=Test was not executed., hasLongFeedbackText=false, reference=null, credits=0.0, positive=null, type=AUTOMATIC, visibility=null, testCase=TestCaseDTO[testName=null, id=139]], FeedbackDTO[id=166, text=null, detailText=Test was not executed., hasLongFeedbackText=false, reference=null, credits=0.0, positive=null, type=AUTOMATIC, visibility=null, testCase=TestCaseDTO[testName=null, id=140]], FeedbackDTO[id=167, text=null, detailText=Test was not executed., hasLongFeedbackText=false, reference=null, credits=0.0, positive=null, type=AUTOMATIC, visibility=null, testCase=TestCaseDTO[testName=null, id=141]], FeedbackDTO[id=168, text=null, detailText=Test was not executed., hasLongFeedbackText=false, reference=null, credits=0.0, positive=null, type=AUTOMATIC, visibility=null, testCase=TestCaseDTO[testName=null, id=142]], FeedbackDTO[id=169, text=null, detailText=Test was not executed., hasLongFeedbackText=false, reference=null, credits=0.0, positive=null, type=AUTOMATIC, visibility=null, testCase=TestCaseDTO[testName=null, id=143]], FeedbackDTO[id=170, text=null, detailText=Test was not executed., hasLongFeedbackText=false, reference=null, credits=0.0, positive=null, type=AUTOMATIC, visibility=null, testCase=TestCaseDTO[testName=null, id=144]], FeedbackDTO[id=171, text=null, detailText=Test was not executed., hasLongFeedbackText=false, reference=null, credits=0.0, positive=null, type=AUTOMATIC, visibility=null, testCase=TestCaseDTO[testName=null, id=145]], FeedbackDTO[id=172, text=null, detailText=Test was not executed., hasLongFeedbackText=false, reference=null, credits=0.0, positive=null, type=AUTOMATIC, visibility=null, testCase=TestCaseDTO[testName=null, id=147]]], assessmentType=AUTOMATIC, hasComplaint=null, exampleResult=null, testCaseCount=13, passedTestCaseCount=0, codeIssueCount=0]], BuildJobQueueItem[id=4941739576597286, name=SHORTFBCBD7BF0E6EB0451A080E80FCB407DC1F12TSTEXC-LOCALCIINTSTUDENT1, buildAgent=BuildAgentDTO[name=artemis-build-agent-test, memberAddress=[127.0.0.1]:5703, displayName=artemis-build-agent-test], participationId=494, courseId=158, exerciseId=309, retryCount=0, priority=2, status=SUCCESSFUL, repositoryInfo=RepositoryInfo[repositoryName=shortfbcbd7bf0e6eb0451a080e80fcb407dc1f12tstexc-localciintstudent1, repositoryType=user, triggeredByPushTo=user, assignmentRepositoryUri=http://localhost:49152/git/SHORTFBCBD7BF0E6EB0451A080E80FCB407DC1F12TSTEXC/shortfbcbd7bf0e6eb0451a080e80fcb407dc1f12tstexc-localciintstudent1.git, testRepositoryUri=http://localhost:49152/git/SHORTFBCBD7BF0E6EB0451A080E80FCB407DC1F12TSTEXC/shortfbcbd7bf0e6eb0451a080e80fcb407dc1f12tstexc-tests.git, solutionRepositoryUri=null, auxiliaryRepositoryUris=[Ljava.lang.String;@31daa098, auxiliaryRepositoryCheckoutDirectories=[Ljava.lang.String;@154e464e], jobTimingInfo=JobTimingInfo[submissionDate=2025-02-14T23:43:17.286977233Z[Etc/UTC], buildStartDate=2025-02-14T23:43:17.293977347Z[Etc/UTC], buildCompletionDate=2025-02-14T23:43:18.740990762Z[Etc/UTC], estimatedCompletionDate=2025-02-14T23:43:36.293970494Z[Etc/UTC], estimatedDuration=19], buildConfig=BuildConfig[buildScript=#!/bin/bash
cd /var/tmp/testing-dir
chmod +x ./gradlew
./gradlew clean test
, dockerImage=dummy-docker-image:latest, commitHashToBuild=4a1af7e8a64e6505c5fc09b9f81ea41af9fcff44, assignmentCommitHash=4a1af7e8a64e6505c5fc09b9f81ea41af9fcff44, testCommitHash=4a1af7e8a64e6505c5fc09b9f81ea41af9fcff44, branch=main, programmingLanguage=JAVA, projectType=PLAIN_GRADLE, scaEnabled=false, sequentialTestRunsEnabled=false, resultPaths=[/var/tmp/testing-dir/**/test-results/test/*.xml], timeoutSeconds=0, assignmentCheckoutPath=null, testCheckoutPath=null, solutionCheckoutPath=null, dockerRunConfig=null], submissionResult=ResultDTO[id=141, completionDate=2025-02-14T23:43:18.729015138Z[Etc/UTC], successful=false, score=0.0, rated=true, submission=SubmissionDTO[id=130, submitted=true, type=MANUAL, exampleSubmission=null, submissionDate=2025-02-14T23:43:17.272936Z, commitHash=4a1af7e8a64e6505c5fc09b9f81ea41af9fcff44, buildFailed=true, buildArtifact=false, participation=ParticipationDTO[id=494, testRun=false, type=programming, submissionCount=null, exercise=ParticipationExerciseDTO[id=309, exerciseType=PROGRAMMING, type=programming, assessmentType=AUTOMATIC, dueDate=2025-02-16T23:43:17.147218Z, assessmentDueDate=null, maxPoints=42.0, course=CourseDTO[id=158, accuracyOfScores=1]]], submissionExerciseType=programming, isProcessing=false, buildStartDate=null, estimatedCompletionDate=null], participation=ParticipationDTO[id=494, testRun=false, type=programming, submissionCount=null, exercise=ParticipationExerciseDTO[id=309, exerciseType=PROGRAMMING, type=programming, assessmentType=AUTOMATIC, dueDate=2025-02-16T23:43:17.147218Z, assessmentDueDate=null, maxPoints=42.0, course=CourseDTO[id=158, accuracyOfScores=1]]], feedbacks=[], assessmentType=AUTOMATIC, hasComplaint=null, exampleResult=null, testCaseCount=0, passedTestCaseCount=0, codeIssueCount=0]], BuildJobQueueItem[id=4971739576599269, name=SHORT52AD57270517204728083260501A19D262D1TSTEXC-LOCALCIINTSTUDENT1, buildAgent=BuildAgentDTO[name=artemis-build-agent-test, memberAddress=[127.0.0.1]:5703, displayName=artemis-build-agent-test], participationId=497, courseId=159, exerciseId=310, retryCount=0, priority=2, status=SUCCESSFUL, repositoryInfo=RepositoryInfo[repositoryName=short52ad57270517204728083260501a19d262d1tstexc-localciintstudent1, repositoryType=user, triggeredByPushTo=user, assignmentRepositoryUri=http://localhost:49152/git/SHORT52AD57270517204728083260501A19D262D1TSTEXC/short52ad57270517204728083260501a19d262d1tstexc-localciintstudent1.git, testRepositoryUri=http://localhost:49152/git/SHORT52AD57270517204728083260501A19D262D1TSTEXC/short52ad57270517204728083260501a19d262d1tstexc-tests.git, solutionRepositoryUri=null, auxiliaryRepositoryUris=[Ljava.lang.String;@4d4fbd99, auxiliaryRepositoryCheckoutDirectories=[Ljava.lang.String;@4786bee4], jobTimingInfo=JobTimingInfo[submissionDate=2025-02-14T23:43:19.269997499Z[Etc/UTC], buildStartDate=2025-02-14T23:43:19.277325895Z[Etc/UTC], buildCompletionDate=2025-02-14T23:43:20.497391524Z[Etc/UTC], estimatedCompletionDate=2025-02-14T23:43:38.277310787Z[Etc/UTC], estimatedDuration=19], buildConfig=BuildConfig[buildScript=#!/bin/bash
cd /var/tmp/testing-dir
chmod +x ./gradlew
./gradlew clean test
, dockerImage=dummy-docker-image:latest, commitHashToBuild=9f4f76247a188e9a0f3516a9fbd60e829d53fb05, assignmentCommitHash=9f4f76247a188e9a0f3516a9fbd60e829d53fb05, testCommitHash=9f4f76247a188e9a0f3516a9fbd60e829d53fb05, branch=main, programmingLanguage=JAVA, projectType=PLAIN_GRADLE, scaEnabled=false, sequentialTestRunsEnabled=false, resultPaths=[/var/tmp/testing-dir/**/test-results/test/*.xml], timeoutSeconds=0, assignmentCheckoutPath=null, testCheckoutPath=null, solutionCheckoutPath=null, dockerRunConfig=null], submissionResult=ResultDTO[id=142, completionDate=2025-02-14T23:43:20.484244187Z[Etc/UTC], successful=false, score=7.7, rated=true, submission=SubmissionDTO[id=131, submitted=true, type=MANUAL, exampleSubmission=null, submissionDate=2025-02-14T23:43:19.265464Z, commitHash=9f4f76247a188e9a0f3516a9fbd60e829d53fb05, buildFailed=false, buildArtifact=false, participation=ParticipationDTO[id=497, testRun=false, type=programming, submissionCount=null, exercise=ParticipationExerciseDTO[id=310, exerciseType=PROGRAMMING, type=programming, assessmentType=AUTOMATIC, dueDate=2025-02-16T23:43:19.182228Z, assessmentDueDate=null, maxPoints=42.0, course=CourseDTO[id=159, accuracyOfScores=1]]], submissionExerciseType=programming, isProcessing=false, buildStartDate=null, estimatedCompletionDate=null], participation=ParticipationDTO[id=497, testRun=false, type=programming, submissionCount=null, exercise=ParticipationExerciseDTO[id=310, exerciseType=PROGRAMMING, type=programming, assessmentType=AUTOMATIC, dueDate=2025-02-16T23:43:19.182228Z, assessmentDueDate=null, maxPoints=42.0, course=CourseDTO[id=159, accuracyOfScores=1]]], feedbacks=[FeedbackDTO[id=173, text=null, detailText=The exercise expects a class with the name Context in the package testpackage. You did not implement the class in the exercise., hasLongFeedbackText=false, reference=null, credits=0.0, positive=false, type=AUTOMATIC, visibility=ALWAYS, testCase=TestCaseDTO[testName=null, id=169]], FeedbackDTO[id=174, text=null, detailText=The exercise expects a class with the name Policy in the package testpackage. You did not implement the class in the exercise., hasLongFeedbackText=false, reference=null, credits=0.0, positive=false, type=AUTOMATIC, visibility=ALWAYS, testCase=TestCaseDTO[testName=null, id=170]], FeedbackDTO[id=175, text=null, detailText=The exercise expects a class with the name SortStrategy in the package testpackage. You did not implement the class in the exercise., hasLongFeedbackText=false, reference=null, credits=0.0, positive=false, type=AUTOMATIC, visibility=ALWAYS, testCase=TestCaseDTO[testName=null, id=171]], FeedbackDTO[id=176, text=null, detailText=The class 'MergeSort' does not implement the interface 'SortStrategy' as expected. Implement the interface and its methods., hasLongFeedbackText=false, reference=null, credits=0.0, positive=false, type=AUTOMATIC, visibility=ALWAYS, testCase=TestCaseDTO[testName=null, id=166]], FeedbackDTO[id=177, text=null, detailText=The exercise expects a class with the name SortStrategy in the package testpackage. You did not implement the class in the exercise., hasLongFeedbackText=false, reference=null, credits=0.0, positive=false, type=AUTOMATIC, visibility=ALWAYS, testCase=TestCaseDTO[testName=null, id=163]], FeedbackDTO[id=178, text=null, detailText=The class 'BubbleSort' does not implement the interface 'SortStrategy' as expected. Implement the interface and its methods., hasLongFeedbackText=false, reference=null, credits=0.0, positive=false, type=AUTOMATIC, visibility=ALWAYS, testCase=TestCaseDTO[testName=null, id=167]], FeedbackDTO[id=179, text=null, detailText=MergeSort does not sort correctly, hasLongFeedbackText=false, reference=null, credits=0.0, positive=false, type=AUTOMATIC, visibility=ALWAYS, testCase=TestCaseDTO[testName=null, id=172]], FeedbackDTO[id=180, text=null, detailText=The class 'Context' was not found within the submission. Make sure to implement it properly., hasLongFeedbackText=false, reference=null, credits=0.0, positive=false, type=AUTOMATIC, visibility=ALWAYS, testCase=TestCaseDTO[testName=null, id=173]], FeedbackDTO[id=181, text=null, detailText=The class 'Context' was not found within the submission. Make sure to implement it properly., hasLongFeedbackText=false, reference=null, credits=0.0, positive=false, type=AUTOMATIC, visibility=ALWAYS, testCase=TestCaseDTO[testName=null, id=174]], FeedbackDTO[id=182, text=null, detailText=The exercise expects a class with the name Policy in the package testpackage. You did not implement the class in the exercise., hasLongFeedbackText=false, reference=null, credits=0.0, positive=false, type=AUTOMATIC, visibility=ALWAYS, testCase=TestCaseDTO[testName=null, id=168]], FeedbackDTO[id=183, text=null, detailText=The exercise expects a class with the name Context in the package testpackage. You did not implement the class in the exercise., hasLongFeedbackText=false, reference=null, credits=0.0, positive=false, type=AUTOMATIC, visibility=ALWAYS, testCase=TestCaseDTO[testName=null, id=164]], FeedbackDTO[id=184, text=null, detailText=The exercise expects a class with the name Policy in the package testpackage. You did not implement the class in the exercise., hasLongFeedbackText=false, reference=null, credits=0.0, positive=false, type=AUTOMATIC, visibility=ALWAYS, testCase=TestCaseDTO[testName=null, id=165]], FeedbackDTO[id=185, text=null, detailText=null, hasLongFeedbackText=false, reference=null, credits=3.230769230769231, positive=true, type=AUTOMATIC, visibility=ALWAYS, testCase=TestCaseDTO[testName=null, id=175]]], assessmentType=AUTOMATIC, hasComplaint=null, exampleResult=null, testCaseCount=13, passedTestCaseCount=1, codeIssueCount=0]], BuildJobQueueItem[id=5001739576601035, name=SHORT582B1BDC0A17704D6D0A46800FC19163DA47TSTEXC-LOCALCIINTSTUDENT1, buildAgent=BuildAgentDTO[name=artemis-build-agent-test, memberAddress=[127.0.0.1]:5703, displayName=artemis-build-agent-test], participationId=500, courseId=160, exerciseId=311, retryCount=0, priority=2, status=SUCCESSFUL, repositoryInfo=RepositoryInfo[repositoryName=short582b1bdc0a17704d6d0a46800fc19163da47tstexc-localciintstudent1, repositoryType=user, triggeredByPushTo=user, assignmentRepositoryUri=http://localhost:49152/git/SHORT582B1BDC0A17704D6D0A46800FC19163DA47TSTEXC/short582b1bdc0a17704d6d0a46800fc19163da47tstexc-localciintstudent1.git, testRepositoryUri=http://localhost:49152/git/SHORT582B1BDC0A17704D6D0A46800FC19163DA47TSTEXC/short582b1bdc0a17704d6d0a46800fc19163da47tstexc-tests.git, solutionRepositoryUri=null, auxiliaryRepositoryUris=[Ljava.lang.String;@23bc08ec, auxiliaryRepositoryCheckoutDirectories=[Ljava.lang.String;@442756e3], jobTimingInfo=JobTimingInfo[submissionDate=2025-02-14T23:43:21.035120760Z[Etc/UTC], buildStartDate=2025-02-14T23:43:21.040320383Z[Etc/UTC], buildCompletionDate=2025-02-14T23:43:22.581236903Z[Etc/UTC], estimatedCompletionDate=2025-02-14T23:43:40.040312057Z[Etc/UTC], estimatedDuration=19], buildConfig=BuildConfig[buildScript=#!/bin/bash
cd /var/tmp/testing-dir
chmod +x ./gradlew
./gradlew clean test
, dockerImage=dummy-docker-image:latest, commitHashToBuild=887566cf754016f986627cf5c5c365dea16c907f, assignmentCommitHash=887566cf754016f986627cf5c5c365dea16c907f, testCommitHash=6af67146332066e7430917928a4b9b81c43b7c71, branch=main, programmingLanguage=JAVA, projectType=PLAIN_GRADLE, scaEnabled=false, sequentialTestRunsEnabled=false, resultPaths=[/var/tmp/testing-dir/**/test-results/test/*.xml], timeoutSeconds=0, assignmentCheckoutPath=customAssignmentPath, testCheckoutPath=null, solutionCheckoutPath=null, dockerRunConfig=null], submissionResult=ResultDTO[id=143, completionDate=2025-02-14T23:43:22.538158998Z[Etc/UTC], successful=false, score=7.7, rated=true, submission=SubmissionDTO[id=132, submitted=true, type=MANUAL, exampleSubmission=null, submissionDate=2025-02-14T23:43:21.028930Z, commitHash=887566cf754016f986627cf5c5c365dea16c907f, buildFailed=false, buildArtifact=false, participation=ParticipationDTO[id=500, testRun=false, type=programming, submissionCount=null, exercise=ParticipationExerciseDTO[id=311, exerciseType=PROGRAMMING, type=programming, assessmentType=AUTOMATIC, dueDate=2025-02-16T23:43:20.897280Z, assessmentDueDate=null, maxPoints=42.0, course=CourseDTO[id=160, accuracyOfScores=1]]], submissionExerciseType=programming, isProcessing=false, buildStartDate=null, estimatedCompletionDate=null], participation=ParticipationDTO[id=500, testRun=false, type=programming, submissionCount=null, exercise=ParticipationExerciseDTO[id=311, exerciseType=PROGRAMMING, type=programming, assessmentType=AUTOMATIC, dueDate=2025-02-16T23:43:20.897280Z, assessmentDueDate=null, maxPoints=42.0, course=CourseDTO[id=160, accuracyOfScores=1]]], feedbacks=[FeedbackDTO[id=186, text=null, detailText=The exercise expects a class with the name Context in the package testpackage. You did not implement the class in the exercise., hasLongFeedbackText=false, reference=null, credits=0.0, positive=false, type=AUTOMATIC, visibility=ALWAYS, testCase=TestCaseDTO[testName=null, id=182]], FeedbackDTO[id=187, text=null, detailText=The exercise expects a class with the name Policy in the package testpackage. You did not implement the class in the exercise., hasLongFeedbackText=false, reference=null, credits=0.0, positive=false, type=AUTOMATIC, visibility=ALWAYS, testCase=TestCaseDTO[testName=null, id=183]], FeedbackDTO[id=188, text=null, detailText=The exercise expects a class with the name SortStrategy in the package testpackage. You did not implement the class in the exercise., hasLongFeedbackText=false, reference=null, credits=0.0, positive=false, type=AUTOMATIC, visibility=ALWAYS, testCase=TestCaseDTO[testName=null, id=184]], FeedbackDTO[id=189, text=null, detailText=The class 'MergeSort' does not implement the interface 'SortStrategy' as expected. Implement the interface and its methods., hasLongFeedbackText=false, reference=null, credits=0.0, positive=false, type=AUTOMATIC, visibility=ALWAYS, testCase=TestCaseDTO[testName=null, id=179]], FeedbackDTO[id=190, text=null, detailText=The exercise expects a class with the name SortStrategy in the package testpackage. You did not implement the class in the exercise., hasLongFeedbackText=false, reference=null, credits=0.0, positive=false, type=AUTOMATIC, visibility=ALWAYS, testCase=TestCaseDTO[testName=null, id=176]], FeedbackDTO[id=191, text=null, detailText=The class 'BubbleSort' does not implement the interface 'SortStrategy' as expected. Implement the interface and its methods., hasLongFeedbackText=false, reference=null, credits=0.0, positive=false, type=AUTOMATIC, visibility=ALWAYS, testCase=TestCaseDTO[testName=null, id=180]], FeedbackDTO[id=192, text=null, detailText=MergeSort does not sort correctly, hasLongFeedbackText=false, reference=null, credits=0.0, positive=false, type=AUTOMATIC, visibility=ALWAYS, testCase=TestCaseDTO[testName=null, id=185]], FeedbackDTO[id=193, text=null, detailText=The class 'Context' was not found within the submission. Make sure to implement it properly., hasLongFeedbackText=false, reference=null, credits=0.0, positive=false, type=AUTOMATIC, visibility=ALWAYS, testCase=TestCaseDTO[testName=null, id=186]], FeedbackDTO[id=194, text=null, detailText=The class 'Context' was not found within the submission. Make sure to implement it properly., hasLongFeedbackText=false, reference=null, credits=0.0, positive=false, type=AUTOMATIC, visibility=ALWAYS, testCase=TestCaseDTO[testName=null, id=187]], FeedbackDTO[id=195, text=null, detailText=The exercise expects a class with the name Policy in the package testpackage. You did not implement the class in the exercise., hasLongFeedbackText=false, reference=null, credits=0.0, positive=false, type=AUTOMATIC, visibility=ALWAYS, testCase=TestCaseDTO[testName=null, id=181]], FeedbackDTO[id=196, text=null, detailText=The exercise expects a class with the name Context in the package testpackage. You did not implement the class in the exercise., hasLongFeedbackText=false, reference=null, credits=0.0, positive=false, type=AUTOMATIC, visibility=ALWAYS, testCase=TestCaseDTO[testName=null, id=177]], FeedbackDTO[id=197, text=null, detailText=The exercise expects a class with the name Policy in the package testpackage. You did not implement the class in the exercise., hasLongFeedbackText=false, reference=null, credits=0.0, positive=false, type=AUTOMATIC, visibility=ALWAYS, testCase=TestCaseDTO[testName=null, id=178]], FeedbackDTO[id=198, text=null, detailText=null, hasLongFeedbackText=false, reference=null, credits=3.230769230769231, positive=true, type=AUTOMATIC, visibility=ALWAYS, testCase=TestCaseDTO[testName=null, id=188]]], assessmentType=AUTOMATIC, hasComplaint=null, exampleResult=null, testCaseCount=13, passedTestCaseCount=1, codeIssueCount=0]], BuildJobQueueItem[id=5031739576604847, name=SHORT00FA1A240403404C7E097D7007C591BE2AB1TSTEXC-LOCALCIINTSTUDENT1, buildAgent=BuildAgentDTO[name=artemis-build-agent-test, memberAddress=[127.0.0.1]:5703, displayName=artemis-build-agent-test], participationId=503, courseId=161, exerciseId=312, retryCount=0, priority=2, status=FAILED, repositoryInfo=RepositoryInfo[repositoryName=short00fa1a240403404c7e097d7007c591be2ab1tstexc-localciintstudent1, repositoryType=user, triggeredByPushTo=user, assignmentRepositoryUri=http://localhost:49152/git/SHORT00FA1A240403404C7E097D7007C591BE2AB1TSTEXC/short00fa1a240403404c7e097d7007c591be2ab1tstexc-localciintstudent1.git, testRepositoryUri=http://localhost:49152/git/SHORT00FA1A240403404C7E097D7007C591BE2AB1TSTEXC/short00fa1a240403404c7e097d7007c591be2ab1tstexc-tests.git, solutionRepositoryUri=null, auxiliaryRepositoryUris=[Ljava.lang.String;@74b4888b, auxiliaryRepositoryCheckoutDirectories=[Ljava.lang.String;@6b76967], jobTimingInfo=JobTimingInfo[submissionDate=2025-02-14T23:43:24.847396156Z[Etc/UTC], buildStartDate=2025-02-14T23:43:24.860457211Z[Etc/UTC], buildCompletionDate=2025-02-14T23:43:26.809353681Z[Etc/UTC], estimatedCompletionDate=2025-02-14T23:43:46.860451490Z[Etc/UTC], estimatedDuration=22], buildConfig=BuildConfig[buildScript=#!/bin/bash
cd /var/tmp/testing-dir
chmod +x ./gradlew
./gradlew clean test
, dockerImage=dummy-docker-image:latest, commitHashToBuild=9690714a509af0a98c6790a7e52ee3574c7ef689, assignmentCommitHash=9690714a509af0a98c6790a7e52ee3574c7ef689, testCommitHash=9690714a509af0a98c6790a7e52ee3574c7ef689, branch=main, programmingLanguage=JAVA, projectType=PLAIN_GRADLE, scaEnabled=false, sequentialTestRunsEnabled=false, resultPaths=[/var/tmp/testing-dir/**/test-results/test/*.xml], timeoutSeconds=0, assignmentCheckoutPath=null, testCheckoutPath=null, solutionCheckoutPath=null, dockerRunConfig=null], submissionResult=ResultDTO[id=144, completionDate=2025-02-14T23:43:26.809483684Z[Etc/UTC], successful=false, score=0.0, rated=true, submission=SubmissionDTO[id=133, submitted=true, type=MANUAL, exampleSubmission=null, submissionDate=2025-02-14T23:43:24.841319Z, commitHash=9690714a509af0a98c6790a7e52ee3574c7ef689, buildFailed=true, buildArtifact=false, participation=ParticipationDTO[id=503, testRun=false, type=programming, submissionCount=null, exercise=ParticipationExerciseDTO[id=312, exerciseType=PROGRAMMING, type=programming, assessmentType=AUTOMATIC, dueDate=2025-02-16T23:43:24.571329Z, assessmentDueDate=null, maxPoints=42.0, course=CourseDTO[id=161, accuracyOfScores=1]]], submissionExerciseType=programming, isProcessing=false, buildStartDate=null, estimatedCompletionDate=null], participation=ParticipationDTO[id=503, testRun=false, type=programming, submissionCount=null, exercise=ParticipationExerciseDTO[id=312, exerciseType=PROGRAMMING, type=programming, assessmentType=AUTOMATIC, dueDate=2025-02-16T23:43:24.571329Z, assessmentDueDate=null, maxPoints=42.0, course=CourseDTO[id=161, accuracyOfScores=1]]], feedbacks=[], assessmentType=AUTOMATIC, hasComplaint=null, exampleResult=null, testCaseCount=0, passedTestCaseCount=0, codeIssueCount=0]], BuildJobQueueItem[id=5061739576605250, name=SHORT62C808EE04ECE040740AF7B0CF3AE5F5BEF2TSTEXC-LOCALCIINTSTUDENT1, buildAgent=BuildAgentDTO[name=artemis-build-agent-test, memberAddress=[127.0.0.1]:5703, displayName=artemis-build-agent-test], participationId=506, courseId=162, exerciseId=313, retryCount=0, priority=2, status=SUCCESSFUL, repositoryInfo=RepositoryInfo[repositoryName=short62c808ee04ece040740af7b0cf3ae5f5bef2tstexc-localciintstudent1, repositoryType=user, triggeredByPushTo=user, assignmentRepositoryUri=http://localhost:49152/git/SHORT62C808EE04ECE040740AF7B0CF3AE5F5BEF2TSTEXC/short62c808ee04ece040740af7b0cf3ae5f5bef2tstexc-localciintstudent1.git, testRepositoryUri=http://localhost:49152/git/SHORT62C808EE04ECE040740AF7B0CF3AE5F5BEF2TSTEXC/short62c808ee04ece040740af7b0cf3ae5f5bef2tstexc-tests.git, solutionRepositoryUri=null, auxiliaryRepositoryUris=[Ljava.lang.String;@450ffa35, auxiliaryRepositoryCheckoutDirectories=[Ljava.lang.String;@3be12c39], jobTimingInfo=JobTimingInfo[submissionDate=2025-02-14T23:43:25.250749866Z[Etc/UTC], buildStartDate=2025-02-14T23:43:26.820713075Z[Etc/UTC], buildCompletionDate=2025-02-14T23:43:28.304236378Z[Etc/UTC], estimatedCompletionDate=2025-02-14T23:43:45.820704920Z[Etc/UTC], estimatedDuration=19], buildConfig=BuildConfig[buildScript=#!/bin/bash
cd /var/tmp/testing-dir
chmod +x ./gradlew
./gradlew clean test
, dockerImage=dummy-docker-image:latest, commitHashToBuild=993b6f756e3e52a44d0537d4fa3a5d0e0acdbe89, assignmentCommitHash=993b6f756e3e52a44d0537d4fa3a5d0e0acdbe89, testCommitHash=993b6f756e3e52a44d0537d4fa3a5d0e0acdbe89, branch=main, programmingLanguage=JAVA, projectType=null, scaEnabled=false, sequentialTestRunsEnabled=false, resultPaths=[/var/tmp/testing-dir/**/test-results/test/*.xml], timeoutSeconds=0, assignmentCheckoutPath=null, testCheckoutPath=null, solutionCheckoutPath=null, dockerRunConfig=null], submissionResult=ResultDTO[id=145, completionDate=2025-02-14T23:43:28.269051286Z[Etc/UTC], successful=false, score=7.7, rated=true, submission=SubmissionDTO[id=134, submitted=true, type=MANUAL, exampleSubmission=null, submissionDate=2025-02-14T23:43:25.241685Z, commitHash=993b6f756e3e52a44d0537d4fa3a5d0e0acdbe89, buildFailed=false, buildArtifact=false, participation=ParticipationDTO[id=506, testRun=false, type=programming, submissionCount=null, exercise=ParticipationExerciseDTO[id=313, exerciseType=PROGRAMMING, type=programming, assessmentType=AUTOMATIC, dueDate=2025-02-16T23:43:24.986721Z, assessmentDueDate=null, maxPoints=42.0, course=CourseDTO[id=162, accuracyOfScores=1]]], submissionExerciseType=programming, isProcessing=false, buildStartDate=null, estimatedCompletionDate=null], participation=ParticipationDTO[id=506, testRun=false, type=programming, submissionCount=null, exercise=ParticipationExerciseDTO[id=313, exerciseType=PROGRAMMING, type=programming, assessmentType=AUTOMATIC, dueDate=2025-02-16T23:43:24.986721Z, assessmentDueDate=null, maxPoints=42.0, course=CourseDTO[id=162, accuracyOfScores=1]]], feedbacks=[FeedbackDTO[id=199, text=null, detailText=The exercise expects a class with the name Context in the package testpackage. You did not implement the class in the exercise., hasLongFeedbackText=false, reference=null, credits=0.0, positive=false, type=AUTOMATIC, visibility=ALWAYS, testCase=TestCaseDTO[testName=null, id=208]], FeedbackDTO[id=200, text=null, detailText=The exercise expects a class with the name Policy in the package testpackage. You did not implement the class in the exercise., hasLongFeedbackText=false, reference=null, credits=0.0, positive=false, type=AUTOMATIC, visibility=ALWAYS, testCase=TestCaseDTO[testName=null, id=209]], FeedbackDTO[id=201, text=null, detailText=The exercise expects a class with the name SortStrategy in the package testpackage. You did not implement the class in the exercise., hasLongFeedbackText=false, reference=null, credits=0.0, positive=false, type=AUTOMATIC, visibility=ALWAYS, testCase=TestCaseDTO[testName=null, id=210]], FeedbackDTO[id=202, text=null, detailText=The class 'MergeSort' does not implement the interface 'SortStrategy' as expected. Implement the interface and its methods., hasLongFeedbackText=false, reference=null, credits=0.0, positive=false, type=AUTOMATIC, visibility=ALWAYS, testCase=TestCaseDTO[testName=null, id=205]], FeedbackDTO[id=203, text=null, detailText=The exercise expects a class with the name SortStrategy in the package testpackage. You did not implement the class in the exercise., hasLongFeedbackText=false, reference=null, credits=0.0, positive=false, type=AUTOMATIC, visibility=ALWAYS, testCase=TestCaseDTO[testName=null, id=202]], FeedbackDTO[id=204, text=null, detailText=The class 'BubbleSort' does not implement the interface 'SortStrategy' as expected. Implement the interface and its methods., hasLongFeedbackText=false, reference=null, credits=0.0, positive=false, type=AUTOMATIC, visibility=ALWAYS, testCase=TestCaseDTO[testName=null, id=206]], FeedbackDTO[id=205, text=null, detailText=MergeSort does not sort correctly, hasLongFeedbackText=false, reference=null, credits=0.0, positive=false, type=AUTOMATIC, visibility=ALWAYS, testCase=TestCaseDTO[testName=null, id=211]], FeedbackDTO[id=206, text=null, detailText=The class 'Context' was not found within the submission. Make sure to implement it properly., hasLongFeedbackText=false, reference=null, credits=0.0, positive=false, type=AUTOMATIC, visibility=ALWAYS, testCase=TestCaseDTO[testName=null, id=212]], FeedbackDTO[id=207, text=null, detailText=The class 'Context' was not found within the submission. Make sure to implement it properly., hasLongFeedbackText=false, reference=null, credits=0.0, positive=false, type=AUTOMATIC, visibility=ALWAYS, testCase=TestCaseDTO[testName=null, id=213]], FeedbackDTO[id=208, text=null, detailText=The exercise expects a class with the name Policy in the package testpackage. You did not implement the class in the exercise., hasLongFeedbackText=false, reference=null, credits=0.0, positive=false, type=AUTOMATIC, visibility=ALWAYS, testCase=TestCaseDTO[testName=null, id=207]], FeedbackDTO[id=209, text=null, detailText=The exercise expects a class with the name Context in the package testpackage. You did not implement the class in the exercise., hasLongFeedbackText=false, reference=null, credits=0.0, positive=false, type=AUTOMATIC, visibility=ALWAYS, testCase=TestCaseDTO[testName=null, id=203]], FeedbackDTO[id=210, text=null, detailText=The exercise expects a class with the name Policy in the package testpackage. You did not implement the class in the exercise., hasLongFeedbackText=false, reference=null, credits=0.0, positive=false, type=AUTOMATIC, visibility=ALWAYS, testCase=TestCaseDTO[testName=null, id=204]], FeedbackDTO[id=211, text=null, detailText=null, hasLongFeedbackText=false, reference=null, credits=3.230769230769231, positive=true, type=AUTOMATIC, visibility=ALWAYS, testCase=TestCaseDTO[testName=null, id=214]]], assessmentType=AUTOMATIC, hasComplaint=null, exampleResult=null, testCaseCount=13, passedTestCaseCount=1, codeIssueCount=0]], BuildJobQueueItem[id=5121739576609302, name=SHORT3D739532080B804BC608BDA0F7816DDB4316TSTEXC-LOCALCIINTSTUDENT1, buildAgent=BuildAgentDTO[name=artemis-build-agent-test, memberAddress=[127.0.0.1]:5703, displayName=artemis-build-agent-test], participationId=512, courseId=164, exerciseId=315, retryCount=0, priority=2, status=SUCCESSFUL, repositoryInfo=RepositoryInfo[repositoryName=short3d739532080b804bc608bda0f7816ddb4316tstexc-localciintstudent1, repositoryType=user, triggeredByPushTo=user, assignmentRepositoryUri=http://localhost:49152/git/SHORT3D739532080B804BC608BDA0F7816DDB4316TSTEXC/short3d739532080b804bc608bda0f7816ddb4316tstexc-localciintstudent1.git, testRepositoryUri=http://localhost:49152/git/SHORT3D739532080B804BC608BDA0F7816DDB4316TSTEXC/short3d739532080b804bc608bda0f7816ddb4316tstexc-tests.git, solutionRepositoryUri=null, auxiliaryRepositoryUris=[Ljava.lang.String;@6bc10b1e, auxiliaryRepositoryCheckoutDirectories=[Ljava.lang.String;@5680bb50], jobTimingInfo=JobTimingInfo[submissionDate=2025-02-14T23:43:29.302618463Z[Etc/UTC], buildStartDate=2025-02-14T23:43:29.307985701Z[Etc/UTC], buildCompletionDate=2025-02-14T23:43:30.717961572Z[Etc/UTC], estimatedCompletionDate=2025-02-14T23:43:48.307979980Z[Etc/UTC], estimatedDuration=19], buildConfig=BuildConfig[buildScript=#!/bin/bash
cd /var/tmp/testing-dir
chmod +x ./gradlew
./gradlew clean test
, dockerImage=dummy-docker-image:latest, commitHashToBuild=71f54bdf5e0f9c98936e24a4638fd2ffcf966edd, assignmentCommitHash=71f54bdf5e0f9c98936e24a4638fd2ffcf966edd, testCommitHash=71f54bdf5e0f9c98936e24a4638fd2ffcf966edd, branch=main, programmingLanguage=JAVA, projectType=PLAIN_GRADLE, scaEnabled=false, sequentialTestRunsEnabled=false, resultPaths=[/var/tmp/testing-dir/**/test-results/test/*.xml], timeoutSeconds=0, assignmentCheckoutPath=null, testCheckoutPath=null, solutionCheckoutPath=null, dockerRunConfig=null], submissionResult=ResultDTO[id=146, completionDate=2025-02-14T23:43:30.706391245Z[Etc/UTC], successful=false, score=0.0, rated=true, submission=SubmissionDTO[id=135, submitted=true, type=MANUAL, exampleSubmission=null, submissionDate=2025-02-14T23:43:29.291920Z, commitHash=71f54bdf5e0f9c98936e24a4638fd2ffcf966edd, buildFailed=true, buildArtifact=false, participation=ParticipationDTO[id=512, testRun=false, type=programming, submissionCount=null, exercise=ParticipationExerciseDTO[id=315, exerciseType=PROGRAMMING, type=programming, assessmentType=AUTOMATIC, dueDate=2025-02-16T23:43:29.183823Z, assessmentDueDate=null, maxPoints=42.0, course=CourseDTO[id=164, accuracyOfScores=1]]], submissionExerciseType=programming, isProcessing=false, buildStartDate=null, estimatedCompletionDate=null], participation=ParticipationDTO[id=512, testRun=false, type=programming, submissionCount=null, exercise=ParticipationExerciseDTO[id=315, exerciseType=PROGRAMMING, type=programming, assessmentType=AUTOMATIC, dueDate=2025-02-16T23:43:29.183823Z, assessmentDueDate=null, maxPoints=42.0, course=CourseDTO[id=164, accuracyOfScores=1]]], feedbacks=[], assessmentType=AUTOMATIC, hasComplaint=null, exampleResult=null, testCaseCount=0, passedTestCaseCount=0, codeIssueCount=0]]], publicSshKey=ssh-rsa AAAAB3NzaC1yc2EAAAADAQABAAACAQCOPdMsxRE2jFJ/UEa5/LsBxtwzJcrh3/rYBCQvcMeVpiRfhzQPWu7mrt/G2Ew+i+vRloGH9aqKg6dd1liRncao53Zmd/ePxoatXePNhmzTfkCkcSkTUz7B+QMjkoDDV5jwuFPD6mF3JkhuzSi64n9Zy905t4w2IhVcjM2mL3eYNjiCXt6Qpq3Pkt7dM/Ksw1nxnvuiIALuJLB3FTkXkHqq3PJav+9HSq2r6ZaWgekneaGxlQlb+U+Vy3XOuArKAzK8c8i+0bR+AHiTG6ncYXt7ax3U+TdlDTF7OLP3umwaYjs1NBXOHwG42pevvpKn2fqavZZozk+M05jXLx3bq0O7itxfErWc7etky8qYPyyIMF/txQIVLd78+Ze4d7Y60t5MGbXM5cGE6fFif5fEJwgswXD+BrG0cafz1CTatjSKFdvp8Vp4VszXhHDan1PrP6JEFJ5Cc5GDmLRZPCFa3vL9f5qXgf4bkqKN8MYeEujwJE5nMRWoiJVNakix2bcrrneQMBlnYeYZVWXXXUusAQBzl4NgddC1umZpihZkL1b1MffZAUW3EGEXi7KHnllQhkTLLsQ8ntMgbylqaJKStqaXlLvdeRJcEnUuiFCrHEVVbXRFZR7XVDZ02CE5o3MuaRPty8Kh+jRTF3COlAckHwYEJCNNJvXFgb2CNXL4mjzYDw== test@localhost]
    23:43:30.830 | 566 localvc.event-13 | DEBUG | s.l.LocalCIWebsocketMessagingService : Sending message on topic /topic/admin/build-agents: [BuildAgentInformation[buildAgent=BuildAgentDTO[name=artemis-build-agent-test, memberAddress=[127.0.0.1]:5703, displayName=artemis-build-agent-test], maxNumberOfConcurrentBuildJobs=1, numberOfCurrentBuildJobs=0, runningBuildJobs=[], status=IDLE, recentBuildJobs=null, publicSshKey=null]]
    23:43:30.835 | 566 localvc.event-13 | DEBUG | s.l.LocalCIWebsocketMessagingService : Sending message on topic /topic/admin/build-agent/artemis-build-agent-test: BuildAgentInformation[buildAgent=BuildAgentDTO[name=artemis-build-agent-test, memberAddress=[127.0.0.1]:5703, displayName=artemis-build-agent-test], maxNumberOfConcurrentBuildJobs=1, numberOfCurrentBuildJobs=0, runningBuildJobs=[], status=IDLE, recentBuildJobs=[BuildJobQueueItem[id=4621739576562326, name=SHORT43ACF76B02BC1044B80938509D14043FABDETSTEXC-LOCALCIINTSTUDENT1, buildAgent=BuildAgentDTO[name=artemis-build-agent-test, memberAddress=[127.0.0.1]:5703, displayName=artemis-build-agent-test], participationId=462, courseId=147, exerciseId=298, retryCount=0, priority=2, status=SUCCESSFUL, repositoryInfo=RepositoryInfo[repositoryName=short43acf76b02bc1044b80938509d14043fabdetstexc-localciintstudent1, repositoryType=user, triggeredByPushTo=user, assignmentRepositoryUri=http://localhost:49152/git/SHORT43ACF76B02BC1044B80938509D14043FABDETSTEXC/short43acf76b02bc1044b80938509d14043fabdetstexc-localciintstudent1.git, testRepositoryUri=http://localhost:49152/git/SHORT43ACF76B02BC1044B80938509D14043FABDETSTEXC/short43acf76b02bc1044b80938509d14043fabdetstexc-tests.git, solutionRepositoryUri=null, auxiliaryRepositoryUris=[Ljava.lang.String;@3dac3d89, auxiliaryRepositoryCheckoutDirectories=[Ljava.lang.String;@6ea54b57], jobTimingInfo=JobTimingInfo[submissionDate=2025-02-14T23:42:42.326978596Z[Etc/UTC], buildStartDate=2025-02-14T23:42:42.420147010Z[Etc/UTC], buildCompletionDate=2025-02-14T23:42:45.573855829Z[Etc/UTC], estimatedCompletionDate=2025-02-14T23:43:01.420129377Z[Etc/UTC], estimatedDuration=19], buildConfig=BuildConfig[buildScript=#!/bin/bash
cd /var/tmp/testing-dir
chmod +x ./gradlew
./gradlew clean test
, dockerImage=dummy-docker-image:latest, commitHashToBuild=a9c717ccf7bcbe9531d3eee21dbaeb5aab2ff971, assignmentCommitHash=a9c717ccf7bcbe9531d3eee21dbaeb5aab2ff971, testCommitHash=a9c717ccf7bcbe9531d3eee21dbaeb5aab2ff971, branch=main, programmingLanguage=JAVA, projectType=PLAIN_GRADLE, scaEnabled=false, sequentialTestRunsEnabled=false, resultPaths=[/var/tmp/testing-dir/**/test-results/test/*.xml], timeoutSeconds=0, assignmentCheckoutPath=null, testCheckoutPath=null, solutionCheckoutPath=null, dockerRunConfig=DockerRunConfig[isNetworkDisabled=true, env=[key=value]]], submissionResult=ResultDTO[id=132, completionDate=2025-02-14T23:42:45.519869118Z[Etc/UTC], successful=false, score=7.7, rated=true, submission=SubmissionDTO[id=119, submitted=true, type=MANUAL, exampleSubmission=null, submissionDate=2025-02-14T23:42:42.302762Z, commitHash=a9c717ccf7bcbe9531d3eee21dbaeb5aab2ff971, buildFailed=false, buildArtifact=false, participation=ParticipationDTO[id=462, testRun=false, type=programming, submissionCount=null, exercise=ParticipationExerciseDTO[id=298, exerciseType=PROGRAMMING, type=programming, assessmentType=AUTOMATIC, dueDate=2025-02-16T23:42:41.553955Z, assessmentDueDate=null, maxPoints=42.0, course=CourseDTO[id=147, accuracyOfScores=1]]], submissionExerciseType=programming, isProcessing=false, buildStartDate=null, estimatedCompletionDate=null], participation=ParticipationDTO[id=462, testRun=false, type=programming, submissionCount=null, exercise=ParticipationExerciseDTO[id=298, exerciseType=PROGRAMMING, type=programming, assessmentType=AUTOMATIC, dueDate=2025-02-16T23:42:41.553955Z, assessmentDueDate=null, maxPoints=42.0, course=CourseDTO[id=147, accuracyOfScores=1]]], feedbacks=[FeedbackDTO[id=67, text=null, detailText=The exercise expects a class with the name Context in the package testpackage. You did not implement the class in the exercise., hasLongFeedbackText=false, reference=null, credits=0.0, positive=false, type=AUTOMATIC, visibility=ALWAYS, testCase=TestCaseDTO[testName=null, id=13]], FeedbackDTO[id=68, text=null, detailText=The exercise expects a class with the name Policy in the package testpackage. You did not implement the class in the exercise., hasLongFeedbackText=false, reference=null, credits=0.0, positive=false, type=AUTOMATIC, visibility=ALWAYS, testCase=TestCaseDTO[testName=null, id=14]], FeedbackDTO[id=69, text=null, detailText=The exercise expects a class with the name SortStrategy in the package testpackage. You did not implement the class in the exercise., hasLongFeedbackText=false, reference=null, credits=0.0, positive=false, type=AUTOMATIC, visibility=ALWAYS, testCase=TestCaseDTO[testName=null, id=15]], FeedbackDTO[id=70, text=null, detailText=The class 'MergeSort' does not implement the interface 'SortStrategy' as expected. Implement the interface and its methods., hasLongFeedbackText=false, reference=null, credits=0.0, positive=false, type=AUTOMATIC, visibility=ALWAYS, testCase=TestCaseDTO[testName=null, id=10]], FeedbackDTO[id=71, text=null, detailText=The exercise expects a class with the name SortStrategy in the package testpackage. You did not implement the class in the exercise., hasLongFeedbackText=false, reference=null, credits=0.0, positive=false, type=AUTOMATIC, visibility=ALWAYS, testCase=TestCaseDTO[testName=null, id=7]], FeedbackDTO[id=72, text=null, detailText=The class 'BubbleSort' does not implement the interface 'SortStrategy' as expected. Implement the interface and its methods., hasLongFeedbackText=false, reference=null, credits=0.0, positive=false, type=AUTOMATIC, visibility=ALWAYS, testCase=TestCaseDTO[testName=null, id=11]], FeedbackDTO[id=73, text=null, detailText=MergeSort does not sort correctly, hasLongFeedbackText=false, reference=null, credits=0.0, positive=false, type=AUTOMATIC, visibility=ALWAYS, testCase=TestCaseDTO[testName=null, id=16]], FeedbackDTO[id=74, text=null, detailText=The class 'Context' was not found within the submission. Make sure to implement it properly., hasLongFeedbackText=false, reference=null, credits=0.0, positive=false, type=AUTOMATIC, visibility=ALWAYS, testCase=TestCaseDTO[testName=null, id=17]], FeedbackDTO[id=75, text=null, detailText=The class 'Context' was not found within the submission. Make sure to implement it properly., hasLongFeedbackText=false, reference=null, credits=0.0, positive=false, type=AUTOMATIC, visibility=ALWAYS, testCase=TestCaseDTO[testName=null, id=18]], FeedbackDTO[id=76, text=null, detailText=The exercise expects a class with the name Policy in the package testpackage. You did not implement the class in the exercise., hasLongFeedbackText=false, reference=null, credits=0.0, positive=false, type=AUTOMATIC, visibility=ALWAYS, testCase=TestCaseDTO[testName=null, id=12]], FeedbackDTO[id=77, text=null, detailText=The exercise expects a class with the name Context in the package testpackage. You did not implement the class in the exercise., hasLongFeedbackText=false, reference=null, credits=0.0, positive=false, type=AUTOMATIC, visibility=ALWAYS, testCase=TestCaseDTO[testName=null, id=8]], FeedbackDTO[id=78, text=null, detailText=The exercise expects a class with the name Policy in the package testpackage. You did not implement the class in the exercise., hasLongFeedbackText=false, reference=null, credits=0.0, positive=false, type=AUTOMATIC, visibility=ALWAYS, testCase=TestCaseDTO[testName=null, id=9]], FeedbackDTO[id=79, text=null, detailText=null, hasLongFeedbackText=false, reference=null, credits=3.230769230769231, positive=true, type=AUTOMATIC, visibility=ALWAYS, testCase=TestCaseDTO[testName=null, id=19]]], assessmentType=AUTOMATIC, hasComplaint=null, exampleResult=null, testCaseCount=13, passedTestCaseCount=1, codeIssueCount=0]], BuildJobQueueItem[id=4651739576569330, name=SHORTB06DD3F905F4604F6E085260D83ED657A6DFTSTEXC-LOCALCIINTSTUDENT1, buildAgent=BuildAgentDTO[name=artemis-build-agent-test, memberAddress=[127.0.0.1]:5703, displayName=artemis-build-agent-test], participationId=465, courseId=148, exerciseId=299, retryCount=0, priority=2, status=SUCCESSFUL, repositoryInfo=RepositoryInfo[repositoryName=shortb06dd3f905f4604f6e085260d83ed657a6dftstexc-localciintstudent1, repositoryType=user, triggeredByPushTo=user, assignmentRepositoryUri=http://localhost:49152/git/SHORTB06DD3F905F4604F6E085260D83ED657A6DFTSTEXC/shortb06dd3f905f4604f6e085260d83ed657a6dftstexc-localciintstudent1.git, testRepositoryUri=http://localhost:49152/git/SHORTB06DD3F905F4604F6E085260D83ED657A6DFTSTEXC/shortb06dd3f905f4604f6e085260d83ed657a6dftstexc-tests.git, solutionRepositoryUri=null, auxiliaryRepositoryUris=[Ljava.lang.String;@2363d861, auxiliaryRepositoryCheckoutDirectories=[Ljava.lang.String;@4ffc5b5f], jobTimingInfo=JobTimingInfo[submissionDate=2025-02-14T23:42:49.330093960Z[Etc/UTC], buildStartDate=2025-02-14T23:42:49.347797345Z[Etc/UTC], buildCompletionDate=2025-02-14T23:42:51.204319751Z[Etc/UTC], estimatedCompletionDate=2025-02-14T23:43:08.347788449Z[Etc/UTC], estimatedDuration=19], buildConfig=BuildConfig[buildScript=#!/bin/bash
cd /var/tmp/testing-dir
chmod +x ./gradlew
./gradlew clean test
, dockerImage=dummy-docker-image:latest, commitHashToBuild=41581fff25954d36cf07586926ee0c77d1003131, assignmentCommitHash=41581fff25954d36cf07586926ee0c77d1003131, testCommitHash=41581fff25954d36cf07586926ee0c77d1003131, branch=main, programmingLanguage=JAVA, projectType=PLAIN_GRADLE, scaEnabled=false, sequentialTestRunsEnabled=false, resultPaths=[/var/tmp/testing-dir/**/test-results/test/*.xml], timeoutSeconds=0, assignmentCheckoutPath=null, testCheckoutPath=null, solutionCheckoutPath=null, dockerRunConfig=null], submissionResult=ResultDTO[id=133, completionDate=2025-02-14T23:42:51.155372920Z[Etc/UTC], successful=false, score=7.7, rated=true, submission=SubmissionDTO[id=120, submitted=true, type=MANUAL, exampleSubmission=null, submissionDate=2025-02-14T23:42:49.321855Z, commitHash=41581fff25954d36cf07586926ee0c77d1003131, buildFailed=false, buildArtifact=false, participation=ParticipationDTO[id=465, testRun=false, type=programming, submissionCount=null, exercise=ParticipationExerciseDTO[id=299, exerciseType=PROGRAMMING, type=programming, assessmentType=AUTOMATIC, dueDate=2025-02-16T23:42:49.163661Z, assessmentDueDate=null, maxPoints=42.0, course=CourseDTO[id=148, accuracyOfScores=1]]], submissionExerciseType=programming, isProcessing=false, buildStartDate=null, estimatedCompletionDate=null], participation=ParticipationDTO[id=465, testRun=false, type=programming, submissionCount=null, exercise=ParticipationExerciseDTO[id=299, exerciseType=PROGRAMMING, type=programming, assessmentType=AUTOMATIC, dueDate=2025-02-16T23:42:49.163661Z, assessmentDueDate=null, maxPoints=42.0, course=CourseDTO[id=148, accuracyOfScores=1]]], feedbacks=[FeedbackDTO[id=80, text=null, detailText=The exercise expects a class with the name Context in the package testpackage. You did not implement the class in the exercise., hasLongFeedbackText=false, reference=null, credits=0.0, positive=false, type=AUTOMATIC, visibility=ALWAYS, testCase=TestCaseDTO[testName=null, id=26]], FeedbackDTO[id=81, text=null, detailText=The exercise expects a class with the name Policy in the package testpackage. You did not implement the class in the exercise., hasLongFeedbackText=false, reference=null, credits=0.0, positive=false, type=AUTOMATIC, visibility=ALWAYS, testCase=TestCaseDTO[testName=null, id=27]], FeedbackDTO[id=82, text=null, detailText=The exercise expects a class with the name SortStrategy in the package testpackage. You did not implement the class in the exercise., hasLongFeedbackText=false, reference=null, credits=0.0, positive=false, type=AUTOMATIC, visibility=ALWAYS, testCase=TestCaseDTO[testName=null, id=28]], FeedbackDTO[id=83, text=null, detailText=The class 'MergeSort' does not implement the interface 'SortStrategy' as expected. Implement the interface and its methods., hasLongFeedbackText=false, reference=null, credits=0.0, positive=false, type=AUTOMATIC, visibility=ALWAYS, testCase=TestCaseDTO[testName=null, id=23]], FeedbackDTO[id=84, text=null, detailText=The exercise expects a class with the name SortStrategy in the package testpackage. You did not implement the class in the exercise., hasLongFeedbackText=false, reference=null, credits=0.0, positive=false, type=AUTOMATIC, visibility=ALWAYS, testCase=TestCaseDTO[testName=null, id=20]], FeedbackDTO[id=85, text=null, detailText=The class 'BubbleSort' does not implement the interface 'SortStrategy' as expected. Implement the interface and its methods., hasLongFeedbackText=false, reference=null, credits=0.0, positive=false, type=AUTOMATIC, visibility=ALWAYS, testCase=TestCaseDTO[testName=null, id=24]], FeedbackDTO[id=86, text=null, detailText=MergeSort does not sort correctly, hasLongFeedbackText=false, reference=null, credits=0.0, positive=false, type=AUTOMATIC, visibility=ALWAYS, testCase=TestCaseDTO[testName=null, id=29]], FeedbackDTO[id=87, text=null, detailText=The class 'Context' was not found within the submission. Make sure to implement it properly., hasLongFeedbackText=false, reference=null, credits=0.0, positive=false, type=AUTOMATIC, visibility=ALWAYS, testCase=TestCaseDTO[testName=null, id=30]], FeedbackDTO[id=88, text=null, detailText=The class 'Context' was not found within the submission. Make sure to implement it properly., hasLongFeedbackText=false, reference=null, credits=0.0, positive=false, type=AUTOMATIC, visibility=ALWAYS, testCase=TestCaseDTO[testName=null, id=31]], FeedbackDTO[id=89, text=null, detailText=The exercise expects a class with the name Policy in the package testpackage. You did not implement the class in the exercise., hasLongFeedbackText=false, reference=null, credits=0.0, positive=false, type=AUTOMATIC, visibility=ALWAYS, testCase=TestCaseDTO[testName=null, id=25]], FeedbackDTO[id=90, text=null, detailText=The exercise expects a class with the name Context in the package testpackage. You did not implement the class in the exercise., hasLongFeedbackText=false, reference=null, credits=0.0, positive=false, type=AUTOMATIC, visibility=ALWAYS, testCase=TestCaseDTO[testName=null, id=21]], FeedbackDTO[id=91, text=null, detailText=The exercise expects a class with the name Policy in the package testpackage. You did not implement the class in the exercise., hasLongFeedbackText=false, reference=null, credits=0.0, positive=false, type=AUTOMATIC, visibility=ALWAYS, testCase=TestCaseDTO[testName=null, id=22]], FeedbackDTO[id=92, text=null, detailText=null, hasLongFeedbackText=false, reference=null, credits=3.230769230769231, positive=true, type=AUTOMATIC, visibility=ALWAYS, testCase=TestCaseDTO[testName=null, id=32]]], assessmentType=AUTOMATIC, hasComplaint=null, exampleResult=null, testCaseCount=13, passedTestCaseCount=1, codeIssueCount=0]], BuildJobQueueItem[id=4681739576573068, name=SHORTBCF65534040390488B0A46605F5F3776B89ATSTEXC-LOCALCIINTSTUDENT1, buildAgent=BuildAgentDTO[name=artemis-build-agent-test, memberAddress=[127.0.0.1]:5703, displayName=artemis-build-agent-test], participationId=468, courseId=149, exerciseId=300, retryCount=0, priority=2, status=SUCCESSFUL, repositoryInfo=RepositoryInfo[repositoryName=shortbcf65534040390488b0a46605f5f3776b89atstexc-localciintstudent1, repositoryType=user, triggeredByPushTo=user, assignmentRepositoryUri=http://localhost:49152/git/SHORTBCF65534040390488B0A46605F5F3776B89ATSTEXC/shortbcf65534040390488b0a46605f5f3776b89atstexc-localciintstudent1.git, testRepositoryUri=http://localhost:49152/git/SHORTBCF65534040390488B0A46605F5F3776B89ATSTEXC/shortbcf65534040390488b0a46605f5f3776b89atstexc-tests.git, solutionRepositoryUri=null, auxiliaryRepositoryUris=[Ljava.lang.String;@1360675c, auxiliaryRepositoryCheckoutDirectories=[Ljava.lang.String;@575b7994], jobTimingInfo=JobTimingInfo[submissionDate=2025-02-14T23:42:53.068019209Z[Etc/UTC], buildStartDate=2025-02-14T23:42:53.092867394Z[Etc/UTC], buildCompletionDate=2025-02-14T23:42:55.086950323Z[Etc/UTC], estimatedCompletionDate=2025-02-14T23:43:12.092858828Z[Etc/UTC], estimatedDuration=19], buildConfig=BuildConfig[buildScript=#!/bin/bash
cd /var/tmp/testing-dir
chmod +x ./gradlew
./gradlew clean test
, dockerImage=dummy-docker-image:latest, commitHashToBuild=2d5c0482fc77d3f5ec0841962528a43054e83170, assignmentCommitHash=2d5c0482fc77d3f5ec0841962528a43054e83170, testCommitHash=7477e25d56ce5fee2c938542a7e7ed4ed085d373, branch=main, programmingLanguage=JAVA, projectType=PLAIN_GRADLE, scaEnabled=false, sequentialTestRunsEnabled=false, resultPaths=[/var/tmp/testing-dir/**/test-results/test/*.xml], timeoutSeconds=0, assignmentCheckoutPath=null, testCheckoutPath=null, solutionCheckoutPath=null, dockerRunConfig=null], submissionResult=ResultDTO[id=134, completionDate=2025-02-14T23:42:55.059618627Z[Etc/UTC], successful=false, score=7.7, rated=true, submission=SubmissionDTO[id=121, submitted=true, type=MANUAL, exampleSubmission=null, submissionDate=2025-02-14T23:42:53.048221Z, commitHash=2d5c0482fc77d3f5ec0841962528a43054e83170, buildFailed=false, buildArtifact=false, participation=ParticipationDTO[id=468, testRun=false, type=programming, submissionCount=null, exercise=ParticipationExerciseDTO[id=300, exerciseType=PROGRAMMING, type=programming, assessmentType=AUTOMATIC, dueDate=2025-02-16T23:42:52.873722Z, assessmentDueDate=null, maxPoints=42.0, course=CourseDTO[id=149, accuracyOfScores=1]]], submissionExerciseType=programming, isProcessing=false, buildStartDate=null, estimatedCompletionDate=null], participation=ParticipationDTO[id=468, testRun=false, type=programming, submissionCount=null, exercise=ParticipationExerciseDTO[id=300, exerciseType=PROGRAMMING, type=programming, assessmentType=AUTOMATIC, dueDate=2025-02-16T23:42:52.873722Z, assessmentDueDate=null, maxPoints=42.0, course=CourseDTO[id=149, accuracyOfScores=1]]], feedbacks=[FeedbackDTO[id=93, text=null, detailText=The exercise expects a class with the name Context in the package testpackage. You did not implement the class in the exercise., hasLongFeedbackText=false, reference=null, credits=0.0, positive=false, type=AUTOMATIC, visibility=ALWAYS, testCase=TestCaseDTO[testName=null, id=39]], FeedbackDTO[id=94, text=null, detailText=The exercise expects a class with the name Policy in the package testpackage. You did not implement the class in the exercise., hasLongFeedbackText=false, reference=null, credits=0.0, positive=false, type=AUTOMATIC, visibility=ALWAYS, testCase=TestCaseDTO[testName=null, id=40]], FeedbackDTO[id=95, text=null, detailText=The exercise expects a class with the name SortStrategy in the package testpackage. You did not implement the class in the exercise., hasLongFeedbackText=false, reference=null, credits=0.0, positive=false, type=AUTOMATIC, visibility=ALWAYS, testCase=TestCaseDTO[testName=null, id=41]], FeedbackDTO[id=96, text=null, detailText=The class 'MergeSort' does not implement the interface 'SortStrategy' as expected. Implement the interface and its methods., hasLongFeedbackText=false, reference=null, credits=0.0, positive=false, type=AUTOMATIC, visibility=ALWAYS, testCase=TestCaseDTO[testName=null, id=36]], FeedbackDTO[id=97, text=null, detailText=The exercise expects a class with the name SortStrategy in the package testpackage. You did not implement the class in the exercise., hasLongFeedbackText=false, reference=null, credits=0.0, positive=false, type=AUTOMATIC, visibility=ALWAYS, testCase=TestCaseDTO[testName=null, id=33]], FeedbackDTO[id=98, text=null, detailText=The class 'BubbleSort' does not implement the interface 'SortStrategy' as expected. Implement the interface and its methods., hasLongFeedbackText=false, reference=null, credits=0.0, positive=false, type=AUTOMATIC, visibility=ALWAYS, testCase=TestCaseDTO[testName=null, id=37]], FeedbackDTO[id=99, text=null, detailText=MergeSort does not sort correctly, hasLongFeedbackText=false, reference=null, credits=0.0, positive=false, type=AUTOMATIC, visibility=ALWAYS, testCase=TestCaseDTO[testName=null, id=42]], FeedbackDTO[id=100, text=null, detailText=The class 'Context' was not found within the submission. Make sure to implement it properly., hasLongFeedbackText=false, reference=null, credits=0.0, positive=false, type=AUTOMATIC, visibility=ALWAYS, testCase=TestCaseDTO[testName=null, id=43]], FeedbackDTO[id=101, text=null, detailText=The class 'Context' was not found within the submission. Make sure to implement it properly., hasLongFeedbackText=false, reference=null, credits=0.0, positive=false, type=AUTOMATIC, visibility=ALWAYS, testCase=TestCaseDTO[testName=null, id=44]], FeedbackDTO[id=102, text=null, detailText=The exercise expects a class with the name Policy in the package testpackage. You did not implement the class in the exercise., hasLongFeedbackText=false, reference=null, credits=0.0, positive=false, type=AUTOMATIC, visibility=ALWAYS, testCase=TestCaseDTO[testName=null, id=38]], FeedbackDTO[id=103, text=null, detailText=The exercise expects a class with the name Context in the package testpackage. You did not implement the class in the exercise., hasLongFeedbackText=false, reference=null, credits=0.0, positive=false, type=AUTOMATIC, visibility=ALWAYS, testCase=TestCaseDTO[testName=null, id=34]], FeedbackDTO[id=104, text=null, detailText=The exercise expects a class with the name Policy in the package testpackage. You did not implement the class in the exercise., hasLongFeedbackText=false, reference=null, credits=0.0, positive=false, type=AUTOMATIC, visibility=ALWAYS, testCase=TestCaseDTO[testName=null, id=35]], FeedbackDTO[id=105, text=null, detailText=null, hasLongFeedbackText=false, reference=null, credits=3.230769230769231, positive=true, type=AUTOMATIC, visibility=ALWAYS, testCase=TestCaseDTO[testName=null, id=45]]], assessmentType=AUTOMATIC, hasComplaint=null, exampleResult=null, testCaseCount=13, passedTestCaseCount=1, codeIssueCount=0]], BuildJobQueueItem[id=4741739576577297, name=SHORT88A9A223023E2047B709E4A029FA08BCF2CFTSTEXC-LOCALCIINTSTUDENT1, buildAgent=BuildAgentDTO[name=artemis-build-agent-test, memberAddress=[127.0.0.1]:5703, displayName=artemis-build-agent-test], participationId=474, courseId=151, exerciseId=302, retryCount=0, priority=2, status=SUCCESSFUL, repositoryInfo=RepositoryInfo[repositoryName=short88a9a223023e2047b709e4a029fa08bcf2cftstexc-localciintstudent1, repositoryType=user, triggeredByPushTo=user, assignmentRepositoryUri=http://localhost:49152/git/SHORT88A9A223023E2047B709E4A029FA08BCF2CFTSTEXC/short88a9a223023e2047b709e4a029fa08bcf2cftstexc-localciintstudent1.git, testRepositoryUri=http://localhost:49152/git/SHORT88A9A223023E2047B709E4A029FA08BCF2CFTSTEXC/short88a9a223023e2047b709e4a029fa08bcf2cftstexc-tests.git, solutionRepositoryUri=null, auxiliaryRepositoryUris=[Ljava.lang.String;@6a4603ce, auxiliaryRepositoryCheckoutDirectories=[Ljava.lang.String;@47cd9b7a], jobTimingInfo=JobTimingInfo[submissionDate=2025-02-14T23:42:57.297342281Z[Etc/UTC], buildStartDate=2025-02-14T23:42:57.308570327Z[Etc/UTC], buildCompletionDate=2025-02-14T23:42:59.047616654Z[Etc/UTC], estimatedCompletionDate=2025-02-14T23:43:16.308558064Z[Etc/UTC], estimatedDuration=19], buildConfig=BuildConfig[buildScript=#!/bin/bash
cd /var/tmp/testing-dir
chmod +x ./gradlew
./gradlew clean test
, dockerImage=dummy-docker-image:latest, commitHashToBuild=736cbea1e46d6849b41266b2bf1cccd3b9ea55b1, assignmentCommitHash=736cbea1e46d6849b41266b2bf1cccd3b9ea55b1, testCommitHash=ea6267edd396a304305339b036512b63e0374c66, branch=main, programmingLanguage=JAVA, projectType=PLAIN_GRADLE, scaEnabled=false, sequentialTestRunsEnabled=false, resultPaths=[/var/tmp/testing-dir/**/test-results/test/*.xml], timeoutSeconds=0, assignmentCheckoutPath=null, testCheckoutPath=null, solutionCheckoutPath=null, dockerRunConfig=null], submissionResult=ResultDTO[id=135, completionDate=2025-02-14T23:42:59.014168821Z[Etc/UTC], successful=false, score=7.7, rated=true, submission=SubmissionDTO[id=123, submitted=true, type=MANUAL, exampleSubmission=null, submissionDate=2025-02-14T23:42:57.278471Z, commitHash=736cbea1e46d6849b41266b2bf1cccd3b9ea55b1, buildFailed=false, buildArtifact=false, participation=ParticipationDTO[id=474, testRun=false, type=programming, submissionCount=null, exercise=ParticipationExerciseDTO[id=302, exerciseType=PROGRAMMING, type=programming, assessmentType=AUTOMATIC, dueDate=2025-02-16T23:42:56.796251Z, assessmentDueDate=null, maxPoints=42.0, course=CourseDTO[id=151, accuracyOfScores=1]]], submissionExerciseType=programming, isProcessing=false, buildStartDate=null, estimatedCompletionDate=null], participation=ParticipationDTO[id=474, testRun=false, type=programming, submissionCount=null, exercise=ParticipationExerciseDTO[id=302, exerciseType=PROGRAMMING, type=programming, assessmentType=AUTOMATIC, dueDate=2025-02-16T23:42:56.796251Z, assessmentDueDate=null, maxPoints=42.0, course=CourseDTO[id=151, accuracyOfScores=1]]], feedbacks=[FeedbackDTO[id=106, text=null, detailText=The exercise expects a class with the name Context in the package testpackage. You did not implement the class in the exercise., hasLongFeedbackText=false, reference=null, credits=0.0, positive=false, type=AUTOMATIC, visibility=ALWAYS, testCase=TestCaseDTO[testName=null, id=65]], FeedbackDTO[id=107, text=null, detailText=The exercise expects a class with the name Policy in the package testpackage. You did not implement the class in the exercise., hasLongFeedbackText=false, reference=null, credits=0.0, positive=false, type=AUTOMATIC, visibility=ALWAYS, testCase=TestCaseDTO[testName=null, id=66]], FeedbackDTO[id=108, text=null, detailText=The exercise expects a class with the name SortStrategy in the package testpackage. You did not implement the class in the exercise., hasLongFeedbackText=false, reference=null, credits=0.0, positive=false, type=AUTOMATIC, visibility=ALWAYS, testCase=TestCaseDTO[testName=null, id=67]], FeedbackDTO[id=109, text=null, detailText=The class 'MergeSort' does not implement the interface 'SortStrategy' as expected. Implement the interface and its methods., hasLongFeedbackText=false, reference=null, credits=0.0, positive=false, type=AUTOMATIC, visibility=ALWAYS, testCase=TestCaseDTO[testName=null, id=62]], FeedbackDTO[id=110, text=null, detailText=The exercise expects a class with the name SortStrategy in the package testpackage. You did not implement the class in the exercise., hasLongFeedbackText=false, reference=null, credits=0.0, positive=false, type=AUTOMATIC, visibility=ALWAYS, testCase=TestCaseDTO[testName=null, id=59]], FeedbackDTO[id=111, text=null, detailText=The class 'BubbleSort' does not implement the interface 'SortStrategy' as expected. Implement the interface and its methods., hasLongFeedbackText=false, reference=null, credits=0.0, positive=false, type=AUTOMATIC, visibility=ALWAYS, testCase=TestCaseDTO[testName=null, id=63]], FeedbackDTO[id=112, text=null, detailText=MergeSort does not sort correctly, hasLongFeedbackText=false, reference=null, credits=0.0, positive=false, type=AUTOMATIC, visibility=ALWAYS, testCase=TestCaseDTO[testName=null, id=68]], FeedbackDTO[id=113, text=null, detailText=The class 'Context' was not found within the submission. Make sure to implement it properly., hasLongFeedbackText=false, reference=null, credits=0.0, positive=false, type=AUTOMATIC, visibility=ALWAYS, testCase=TestCaseDTO[testName=null, id=69]], FeedbackDTO[id=114, text=null, detailText=The class 'Context' was not found within the submission. Make sure to implement it properly., hasLongFeedbackText=false, reference=null, credits=0.0, positive=false, type=AUTOMATIC, visibility=ALWAYS, testCase=TestCaseDTO[testName=null, id=70]], FeedbackDTO[id=115, text=null, detailText=The exercise expects a class with the name Policy in the package testpackage. You did not implement the class in the exercise., hasLongFeedbackText=false, reference=null, credits=0.0, positive=false, type=AUTOMATIC, visibility=ALWAYS, testCase=TestCaseDTO[testName=null, id=64]], FeedbackDTO[id=116, text=null, detailText=The exercise expects a class with the name Context in the package testpackage. You did not implement the class in the exercise., hasLongFeedbackText=false, reference=null, credits=0.0, positive=false, type=AUTOMATIC, visibility=ALWAYS, testCase=TestCaseDTO[testName=null, id=60]], FeedbackDTO[id=117, text=null, detailText=The exercise expects a class with the name Policy in the package testpackage. You did not implement the class in the exercise., hasLongFeedbackText=false, reference=null, credits=0.0, positive=false, type=AUTOMATIC, visibility=ALWAYS, testCase=TestCaseDTO[testName=null, id=61]], FeedbackDTO[id=118, text=null, detailText=null, hasLongFeedbackText=false, reference=null, credits=3.230769230769231, positive=true, type=AUTOMATIC, visibility=ALWAYS, testCase=TestCaseDTO[testName=null, id=71]]], assessmentType=AUTOMATIC, hasComplaint=null, exampleResult=null, testCaseCount=13, passedTestCaseCount=1, codeIssueCount=0]], BuildJobQueueItem[id=4771739576580898, name=SHORT51E611E30D6B60466F0B8BA0AA97F58888C2TSTEXC-LOCALCIINTSTUDENT1, buildAgent=BuildAgentDTO[name=artemis-build-agent-test, memberAddress=[127.0.0.1]:5703, displayName=artemis-build-agent-test], participationId=477, courseId=152, exerciseId=303, retryCount=0, priority=2, status=SUCCESSFUL, repositoryInfo=RepositoryInfo[repositoryName=short51e611e30d6b60466f0b8ba0aa97f58888c2tstexc-localciintstudent1, repositoryType=user, triggeredByPushTo=user, assignmentRepositoryUri=http://localhost:49152/git/SHORT51E611E30D6B60466F0B8BA0AA97F58888C2TSTEXC/short51e611e30d6b60466f0b8ba0aa97f58888c2tstexc-localciintstudent1.git, testRepositoryUri=http://localhost:49152/git/SHORT51E611E30D6B60466F0B8BA0AA97F58888C2TSTEXC/short51e611e30d6b60466f0b8ba0aa97f58888c2tstexc-tests.git, solutionRepositoryUri=null, auxiliaryRepositoryUris=[Ljava.lang.String;@57074e58, auxiliaryRepositoryCheckoutDirectories=[Ljava.lang.String;@5b1c1af5], jobTimingInfo=JobTimingInfo[submissionDate=2025-02-14T23:43:00.898532688Z[Etc/UTC], buildStartDate=2025-02-14T23:43:00.905733056Z[Etc/UTC], buildCompletionDate=2025-02-14T23:43:02.692768910Z[Etc/UTC], estimatedCompletionDate=2025-02-14T23:43:19.905720463Z[Etc/UTC], estimatedDuration=19], buildConfig=BuildConfig[buildScript=#!/bin/bash
cd /var/tmp/testing-dir
chmod +x ./gradlew
./gradlew clean test
, dockerImage=dummy-docker-image:latest, commitHashToBuild=8f3057cbd462f5e3de4e6ba85115f60d8dbb5aea, assignmentCommitHash=8f3057cbd462f5e3de4e6ba85115f60d8dbb5aea, testCommitHash=8f3057cbd462f5e3de4e6ba85115f60d8dbb5aea, branch=main, programmingLanguage=JAVA, projectType=PLAIN_GRADLE, scaEnabled=true, sequentialTestRunsEnabled=false, resultPaths=[/var/tmp/testing-dir/**/test-results/test/*.xml], timeoutSeconds=0, assignmentCheckoutPath=null, testCheckoutPath=null, solutionCheckoutPath=null, dockerRunConfig=null], submissionResult=ResultDTO[id=136, completionDate=2025-02-14T23:43:02.637820510Z[Etc/UTC], successful=false, score=7.7, rated=true, submission=SubmissionDTO[id=124, submitted=true, type=MANUAL, exampleSubmission=null, submissionDate=2025-02-14T23:43:00.886601Z, commitHash=8f3057cbd462f5e3de4e6ba85115f60d8dbb5aea, buildFailed=false, buildArtifact=false, participation=ParticipationDTO[id=477, testRun=false, type=programming, submissionCount=null, exercise=ParticipationExerciseDTO[id=303, exerciseType=PROGRAMMING, type=programming, assessmentType=AUTOMATIC, dueDate=2025-02-16T23:43:00.631824Z, assessmentDueDate=null, maxPoints=42.0, course=CourseDTO[id=152, accuracyOfScores=1]]], submissionExerciseType=programming, isProcessing=false, buildStartDate=null, estimatedCompletionDate=null], participation=ParticipationDTO[id=477, testRun=false, type=programming, submissionCount=null, exercise=ParticipationExerciseDTO[id=303, exerciseType=PROGRAMMING, type=programming, assessmentType=AUTOMATIC, dueDate=2025-02-16T23:43:00.631824Z, assessmentDueDate=null, maxPoints=42.0, course=CourseDTO[id=152, accuracyOfScores=1]]], feedbacks=[FeedbackDTO[id=119, text=null, detailText=The exercise expects a class with the name Context in the package testpackage. You did not implement the class in the exercise., hasLongFeedbackText=false, reference=null, credits=0.0, positive=false, type=AUTOMATIC, visibility=ALWAYS, testCase=TestCaseDTO[testName=null, id=78]], FeedbackDTO[id=120, text=null, detailText=The exercise expects a class with the name Policy in the package testpackage. You did not implement the class in the exercise., hasLongFeedbackText=false, reference=null, credits=0.0, positive=false, type=AUTOMATIC, visibility=ALWAYS, testCase=TestCaseDTO[testName=null, id=79]], FeedbackDTO[id=121, text=null, detailText=The exercise expects a class with the name SortStrategy in the package testpackage. You did not implement the class in the exercise., hasLongFeedbackText=false, reference=null, credits=0.0, positive=false, type=AUTOMATIC, visibility=ALWAYS, testCase=TestCaseDTO[testName=null, id=80]], FeedbackDTO[id=122, text=null, detailText=The class 'MergeSort' does not implement the interface 'SortStrategy' as expected. Implement the interface and its methods., hasLongFeedbackText=false, reference=null, credits=0.0, positive=false, type=AUTOMATIC, visibility=ALWAYS, testCase=TestCaseDTO[testName=null, id=75]], FeedbackDTO[id=123, text=null, detailText=The exercise expects a class with the name SortStrategy in the package testpackage. You did not implement the class in the exercise., hasLongFeedbackText=false, reference=null, credits=0.0, positive=false, type=AUTOMATIC, visibility=ALWAYS, testCase=TestCaseDTO[testName=null, id=72]], FeedbackDTO[id=124, text=null, detailText=The class 'BubbleSort' does not implement the interface 'SortStrategy' as expected. Implement the interface and its methods., hasLongFeedbackText=false, reference=null, credits=0.0, positive=false, type=AUTOMATIC, visibility=ALWAYS, testCase=TestCaseDTO[testName=null, id=76]], FeedbackDTO[id=125, text=null, detailText=MergeSort does not sort correctly, hasLongFeedbackText=false, reference=null, credits=0.0, positive=false, type=AUTOMATIC, visibility=ALWAYS, testCase=TestCaseDTO[testName=null, id=81]], FeedbackDTO[id=126, text=null, detailText=The class 'Context' was not found within the submission. Make sure to implement it properly., hasLongFeedbackText=false, reference=null, credits=0.0, positive=false, type=AUTOMATIC, visibility=ALWAYS, testCase=TestCaseDTO[testName=null, id=82]], FeedbackDTO[id=127, text=null, detailText=The class 'Context' was not found within the submission. Make sure to implement it properly., hasLongFeedbackText=false, reference=null, credits=0.0, positive=false, type=AUTOMATIC, visibility=ALWAYS, testCase=TestCaseDTO[testName=null, id=83]], FeedbackDTO[id=128, text=null, detailText=The exercise expects a class with the name Policy in the package testpackage. You did not implement the class in the exercise., hasLongFeedbackText=false, reference=null, credits=0.0, positive=false, type=AUTOMATIC, visibility=ALWAYS, testCase=TestCaseDTO[testName=null, id=77]], FeedbackDTO[id=129, text=null, detailText=The exercise expects a class with the name Context in the package testpackage. You did not implement the class in the exercise., hasLongFeedbackText=false, reference=null, credits=0.0, positive=false, type=AUTOMATIC, visibility=ALWAYS, testCase=TestCaseDTO[testName=null, id=73]], FeedbackDTO[id=130, text=null, detailText=The exercise expects a class with the name Policy in the package testpackage. You did not implement the class in the exercise., hasLongFeedbackText=false, reference=null, credits=0.0, positive=false, type=AUTOMATIC, visibility=ALWAYS, testCase=TestCaseDTO[testName=null, id=74]], FeedbackDTO[id=131, text=null, detailText=null, hasLongFeedbackText=false, reference=null, credits=3.230769230769231, positive=true, type=AUTOMATIC, visibility=ALWAYS, testCase=TestCaseDTO[testName=null, id=84]], FeedbackDTO[id=132, text=SCAFeedbackIdentifier:Bad Practice, detailText={"filePath":"src/code/Client.java","startLine":6,"endLine":6,"startColumn":1,"endColumn":26,"rule":"UnusedImports","category":"Best Practices","message":"Avoid unused imports such as 'javax.swing.JFrame'","priority":"4"}, hasLongFeedbackText=false, reference=PMD, credits=0.0, positive=false, type=AUTOMATIC, visibility=null, testCase=null], FeedbackDTO[id=133, text=SCAFeedbackIdentifier:Code Style, detailText={"filePath":"src/code/Client.java","startLine":7,"endLine":7,"startColumn":1,"endColumn":19,"rule":"DontImportJavaLang","category":"Code Style","message":"Avoid importing anything from the package java.lang","priority":"4"}, hasLongFeedbackText=false, reference=PMD, credits=0.0, positive=false, type=AUTOMATIC, visibility=null, testCase=null], FeedbackDTO[id=134, text=SCAFeedbackIdentifier:Bad Practice, detailText={"filePath":"src/code/Client.java","startLine":7,"endLine":7,"startColumn":1,"endColumn":19,"rule":"UnusedImports","category":"Best Practices","message":"Avoid unused imports such as 'java.lang'","priority":"4"}, hasLongFeedbackText=false, reference=PMD, credits=0.0, positive=false, type=AUTOMATIC, visibility=null, testCase=null], FeedbackDTO[id=135, text=SCAFeedbackIdentifier:Bad Practice, detailText={"filePath":"src/code/Client.java","startLine":73,"endLine":73,"startColumn":18,"endColumn":27,"rule":"UnusedLocalVariable","category":"Best Practices","message":"Avoid unused local variables such as 'randomDate'.","priority":"3"}, hasLongFeedbackText=false, reference=PMD, credits=0.0, positive=false, type=AUTOMATIC, visibility=null, testCase=null], FeedbackDTO[id=136, text=SCAFeedbackIdentifier:Bad Practice, detailText={"filePath":"src/code/Client.java","startLine":81,"endLine":81,"startColumn":31,"endColumn":53,"rule":"UnusedPrivateMethod","category":"Best Practices","message":"Avoid unused private methods such as 'CreateRandomDatesList()'.","priority":"3"}, hasLongFeedbackText=false, reference=PMD, credits=0.0, positive=false, type=AUTOMATIC, visibility=null, testCase=null], FeedbackDTO[id=137, text=SCAFeedbackIdentifier:Potential Bugs, detailText={"filePath":"src/code/Client.java","startLine":94,"endLine":94,"startColumn":9,"endColumn":9,"rule":"EmptyStatementNotInLoop","category":"Error Prone","message":"An empty statement (semicolon) not part of a loop","priority":"3"}, hasLongFeedbackText=false, reference=PMD, credits=0.0, positive=false, type=AUTOMATIC, visibility=null, testCase=null], FeedbackDTO[id=138, text=SCAFeedbackIdentifier:Potential Bugs, detailText={"filePath":"src/code/Client.java","startLine":94,"endLine":94,"startColumn":10,"endColumn":10,"rule":"EmptyStatementNotInLoop","category":"Error Prone","message":"An empty statement (semicolon) not part of a loop","priority":"3"}, hasLongFeedbackText=false, reference=PMD, credits=0.0, positive=false, type=AUTOMATIC, visibility=null, testCase=null], FeedbackDTO[id=139, text=SCAFeedbackIdentifier:Potential Bugs, detailText={"filePath":"src/code/Client.java","startLine":94,"endLine":94,"startColumn":11,"endColumn":11,"rule":"EmptyStatementNotInLoop","category":"Error Prone","message":"An empty statement (semicolon) not part of a loop","priority":"3"}, hasLongFeedbackText=false, reference=PMD, credits=0.0, positive=false, type=AUTOMATIC, visibility=null, testCase=null], FeedbackDTO[id=140, text=SCAFeedbackIdentifier:Code Style, detailText={"filePath":"src/code/Client.java","startLine":73,"endLine":73,"rule":"DLS_DEAD_LOCAL_STORE","category":"STYLE","message":"Dead store to randomDate in code.Client.createRandomDatesList()","priority":"2"}, hasLongFeedbackText=false, reference=SPOTBUGS, credits=0.0, positive=false, type=AUTOMATIC, visibility=null, testCase=null], FeedbackDTO[id=141, text=SCAFeedbackIdentifier:Bad Practice, detailText={"filePath":"src/code/Client.java","startLine":82,"endLine":95,"rule":"NM_METHOD_NAMING_CONVENTION","category":"BAD_PRACTICE","message":"The method name code.Client.CreateRandomDatesList() doesn't start with a lower case letter","priority":"3"}, hasLongFeedbackText=false, reference=SPOTBUGS, credits=0.0, positive=false, type=AUTOMATIC, visibility=null, testCase=null], FeedbackDTO[id=142, text=SCAFeedbackIdentifier:Performance, detailText={"filePath":"src/code/Client.java","startLine":82,"endLine":95,"rule":"UPM_UNCALLED_PRIVATE_METHOD","category":"PERFORMANCE","message":"Private method code.Client.CreateRandomDatesList() is never called","priority":"2"}, hasLongFeedbackText=false, reference=SPOTBUGS, credits=0.0, positive=false, type=AUTOMATIC, visibility=null, testCase=null], FeedbackDTO[id=143, text=SCAFeedbackIdentifier:Code Style, detailText={"filePath":"src/code/Client.java","startLine":70,"endLine":70,"startColumn":9,"endColumn":9,"rule":"NeedBracesCheck","category":"blocks","message":"'for' construct must use '{}'s.","priority":"error"}, hasLongFeedbackText=false, reference=CHECKSTYLE, credits=0.0, positive=false, type=AUTOMATIC, visibility=null, testCase=null], FeedbackDTO[id=144, text=SCAFeedbackIdentifier:Code Style, detailText={"filePath":"src/code/Client.java","startLine":93,"endLine":93,"startColumn":9,"endColumn":9,"rule":"EmptyStatementCheck","category":"coding","message":"Empty statement.","priority":"error"}, hasLongFeedbackText=false, reference=CHECKSTYLE, credits=0.0, positive=false, type=AUTOMATIC, visibility=null, testCase=null], FeedbackDTO[id=145, text=SCAFeedbackIdentifier:Code Style, detailText={"filePath":"src/code/Client.java","startLine":93,"endLine":93,"startColumn":10,"endColumn":10,"rule":"EmptyStatementCheck","category":"coding","message":"Empty statement.","priority":"error"}, hasLongFeedbackText=false, reference=CHECKSTYLE, credits=0.0, positive=false, type=AUTOMATIC, visibility=null, testCase=null], FeedbackDTO[id=146, text=SCAFeedbackIdentifier:Code Style, detailText={"filePath":"src/code/Client.java","startLine":93,"endLine":93,"startColumn":11,"endColumn":11,"rule":"EmptyStatementCheck","category":"coding","message":"Empty statement.","priority":"error"}, hasLongFeedbackText=false, reference=CHECKSTYLE, credits=0.0, positive=false, type=AUTOMATIC, visibility=null, testCase=null]], assessmentType=AUTOMATIC, hasComplaint=null, exampleResult=null, testCaseCount=13, passedTestCaseCount=1, codeIssueCount=15]], BuildJobQueueItem[id=4821739576584632, name=SHORT433BAC4500363044960B6E10DFA0493471B2TSTEXC-LOCALCIINTSTUDENT1, buildAgent=BuildAgentDTO[name=artemis-build-agent-test, memberAddress=[127.0.0.1]:5703, displayName=artemis-build-agent-test], participationId=482, courseId=154, exerciseId=305, retryCount=0, priority=2, status=SUCCESSFUL, repositoryInfo=RepositoryInfo[repositoryName=short433bac4500363044960b6e10dfa0493471b2tstexc-localciintstudent1, repositoryType=user, triggeredByPushTo=user, assignmentRepositoryUri=http://localhost:49152/git/SHORT433BAC4500363044960B6E10DFA0493471B2TSTEXC/short433bac4500363044960b6e10dfa0493471b2tstexc-localciintstudent1.git, testRepositoryUri=http://localhost:49152/git/SHORT433BAC4500363044960B6E10DFA0493471B2TSTEXC/short433bac4500363044960b6e10dfa0493471b2tstexc-tests.git, solutionRepositoryUri=null, auxiliaryRepositoryUris=[Ljava.lang.String;@19e3a2b, auxiliaryRepositoryCheckoutDirectories=[Ljava.lang.String;@2aa37729], jobTimingInfo=JobTimingInfo[submissionDate=2025-02-14T23:43:04.632341258Z[Etc/UTC], buildStartDate=2025-02-14T23:43:04.637633457Z[Etc/UTC], buildCompletionDate=2025-02-14T23:43:06.421238953Z[Etc/UTC], estimatedCompletionDate=2025-02-14T23:43:23.637623879Z[Etc/UTC], estimatedDuration=19], buildConfig=BuildConfig[buildScript=#!/bin/bash
cd /var/tmp/testing-dir
chmod +x ./gradlew
./gradlew clean test
, dockerImage=dummy-docker-image:latest, commitHashToBuild=8355c4f3cd5d3e0443707d3310206e460e333c6f, assignmentCommitHash=8355c4f3cd5d3e0443707d3310206e460e333c6f, testCommitHash=8355c4f3cd5d3e0443707d3310206e460e333c6f, branch=main, programmingLanguage=JAVA, projectType=PLAIN_GRADLE, scaEnabled=false, sequentialTestRunsEnabled=false, resultPaths=[/var/tmp/testing-dir/**/test-results/test/*.xml], timeoutSeconds=0, assignmentCheckoutPath=null, testCheckoutPath=null, solutionCheckoutPath=null, dockerRunConfig=null], submissionResult=ResultDTO[id=137, completionDate=2025-02-14T23:43:06.404877412Z[Etc/UTC], successful=false, score=7.7, rated=true, submission=SubmissionDTO[id=125, submitted=true, type=MANUAL, exampleSubmission=null, submissionDate=2025-02-14T23:43:04.623230Z, commitHash=8355c4f3cd5d3e0443707d3310206e460e333c6f, buildFailed=false, buildArtifact=false, participation=ParticipationDTO[id=482, testRun=false, type=programming, submissionCount=null, exercise=ParticipationExerciseDTO[id=305, exerciseType=PROGRAMMING, type=programming, assessmentType=AUTOMATIC, dueDate=2025-02-16T23:43:04.425734Z, assessmentDueDate=null, maxPoints=42.0, course=CourseDTO[id=154, accuracyOfScores=1]]], submissionExerciseType=programming, isProcessing=false, buildStartDate=null, estimatedCompletionDate=null], participation=ParticipationDTO[id=482, testRun=false, type=programming, submissionCount=null, exercise=ParticipationExerciseDTO[id=305, exerciseType=PROGRAMMING, type=programming, assessmentType=AUTOMATIC, dueDate=2025-02-16T23:43:04.425734Z, assessmentDueDate=null, maxPoints=42.0, course=CourseDTO[id=154, accuracyOfScores=1]]], feedbacks=[FeedbackDTO[id=147, text=null, detailText=The exercise expects a class with the name Context in the package testpackage. You did not implement the class in the exercise., hasLongFeedbackText=false, reference=null, credits=0.0, positive=false, type=AUTOMATIC, visibility=ALWAYS, testCase=TestCaseDTO[testName=null, id=104]], FeedbackDTO[id=148, text=null, detailText=The exercise expects a class with the name Policy in the package testpackage. You did not implement the class in the exercise., hasLongFeedbackText=false, reference=null, credits=0.0, positive=false, type=AUTOMATIC, visibility=ALWAYS, testCase=TestCaseDTO[testName=null, id=105]], FeedbackDTO[id=149, text=null, detailText=The exercise expects a class with the name SortStrategy in the package testpackage. You did not implement the class in the exercise., hasLongFeedbackText=false, reference=null, credits=0.0, positive=false, type=AUTOMATIC, visibility=ALWAYS, testCase=TestCaseDTO[testName=null, id=106]], FeedbackDTO[id=150, text=null, detailText=The class 'MergeSort' does not implement the interface 'SortStrategy' as expected. Implement the interface and its methods., hasLongFeedbackText=false, reference=null, credits=0.0, positive=false, type=AUTOMATIC, visibility=ALWAYS, testCase=TestCaseDTO[testName=null, id=101]], FeedbackDTO[id=151, text=null, detailText=The exercise expects a class with the name SortStrategy in the package testpackage. You did not implement the class in the exercise., hasLongFeedbackText=false, reference=null, credits=0.0, positive=false, type=AUTOMATIC, visibility=ALWAYS, testCase=TestCaseDTO[testName=null, id=98]], FeedbackDTO[id=152, text=null, detailText=The class 'BubbleSort' does not implement the interface 'SortStrategy' as expected. Implement the interface and its methods., hasLongFeedbackText=false, reference=null, credits=0.0, positive=false, type=AUTOMATIC, visibility=ALWAYS, testCase=TestCaseDTO[testName=null, id=102]], FeedbackDTO[id=153, text=null, detailText=MergeSort does not sort correctly, hasLongFeedbackText=false, reference=null, credits=0.0, positive=false, type=AUTOMATIC, visibility=ALWAYS, testCase=TestCaseDTO[testName=null, id=107]], FeedbackDTO[id=154, text=null, detailText=The class 'Context' was not found within the submission. Make sure to implement it properly., hasLongFeedbackText=false, reference=null, credits=0.0, positive=false, type=AUTOMATIC, visibility=ALWAYS, testCase=TestCaseDTO[testName=null, id=108]], FeedbackDTO[id=155, text=null, detailText=The class 'Context' was not found within the submission. Make sure to implement it properly., hasLongFeedbackText=false, reference=null, credits=0.0, positive=false, type=AUTOMATIC, visibility=ALWAYS, testCase=TestCaseDTO[testName=null, id=109]], FeedbackDTO[id=156, text=null, detailText=The exercise expects a class with the name Policy in the package testpackage. You did not implement the class in the exercise., hasLongFeedbackText=false, reference=null, credits=0.0, positive=false, type=AUTOMATIC, visibility=ALWAYS, testCase=TestCaseDTO[testName=null, id=103]], FeedbackDTO[id=157, text=null, detailText=The exercise expects a class with the name Context in the package testpackage. You did not implement the class in the exercise., hasLongFeedbackText=false, reference=null, credits=0.0, positive=false, type=AUTOMATIC, visibility=ALWAYS, testCase=TestCaseDTO[testName=null, id=99]], FeedbackDTO[id=158, text=null, detailText=The exercise expects a class with the name Policy in the package testpackage. You did not implement the class in the exercise., hasLongFeedbackText=false, reference=null, credits=0.0, positive=false, type=AUTOMATIC, visibility=ALWAYS, testCase=TestCaseDTO[testName=null, id=100]], FeedbackDTO[id=159, text=null, detailText=null, hasLongFeedbackText=false, reference=null, credits=3.230769230769231, positive=true, type=AUTOMATIC, visibility=ALWAYS, testCase=TestCaseDTO[testName=null, id=110]]], assessmentType=AUTOMATIC, hasComplaint=null, exampleResult=null, testCaseCount=13, passedTestCaseCount=1, codeIssueCount=0]], BuildJobQueueItem[id=4851739576588371, name=SHORT495D587A0856D04A9E08BC60D2E08365FB9ETSTEXC-LOCALCIINTSTUDENT1, buildAgent=BuildAgentDTO[name=artemis-build-agent-test, memberAddress=[127.0.0.1]:5703, displayName=artemis-build-agent-test], participationId=485, courseId=155, exerciseId=306, retryCount=0, priority=2, status=FAILED, repositoryInfo=RepositoryInfo[repositoryName=short495d587a0856d04a9e08bc60d2e08365fb9etstexc-localciintstudent1, repositoryType=user, triggeredByPushTo=user, assignmentRepositoryUri=http://localhost:49152/git/SHORT495D587A0856D04A9E08BC60D2E08365FB9ETSTEXC/short495d587a0856d04a9e08bc60d2e08365fb9etstexc-localciintstudent1.git, testRepositoryUri=http://localhost:49152/git/SHORT495D587A0856D04A9E08BC60D2E08365FB9ETSTEXC/short495d587a0856d04a9e08bc60d2e08365fb9etstexc-tests.git, solutionRepositoryUri=null, auxiliaryRepositoryUris=[Ljava.lang.String;@473b99ab, auxiliaryRepositoryCheckoutDirectories=[Ljava.lang.String;@7c4be80b], jobTimingInfo=JobTimingInfo[submissionDate=2025-02-14T23:43:08.371015915Z[Etc/UTC], buildStartDate=2025-02-14T23:43:08.374658929Z[Etc/UTC], buildCompletionDate=2025-02-14T23:43:09.341007666Z[Etc/UTC], estimatedCompletionDate=2025-02-14T23:43:27.374650503Z[Etc/UTC], estimatedDuration=19], buildConfig=BuildConfig[buildScript=#!/bin/bash
cd /var/tmp/testing-dir
chmod +x ./gradlew
./gradlew clean test
, dockerImage=dummy-docker-image:latest, commitHashToBuild=ebb8aa4dc3625fe07e975266e18313ad871ce864, assignmentCommitHash=9b3a9bd71a0d80e5bbc42204c319ed3d1d4f0d6d, testCommitHash=9b3a9bd71a0d80e5bbc42204c319ed3d1d4f0d6d, branch=main, programmingLanguage=JAVA, projectType=PLAIN_GRADLE, scaEnabled=false, sequentialTestRunsEnabled=false, resultPaths=[/var/tmp/testing-dir/**/test-results/test/*.xml], timeoutSeconds=0, assignmentCheckoutPath=null, testCheckoutPath=null, solutionCheckoutPath=null, dockerRunConfig=null], submissionResult=ResultDTO[id=138, completionDate=2025-02-14T23:43:09.343306574Z[Etc/UTC], successful=false, score=0.0, rated=true, submission=SubmissionDTO[id=127, submitted=true, type=MANUAL, exampleSubmission=null, submissionDate=2025-02-14T23:43:09.343306574Z[Etc/UTC], commitHash=9b3a9bd71a0d80e5bbc42204c319ed3d1d4f0d6d, buildFailed=true, buildArtifact=false, participation=ParticipationDTO[id=485, testRun=false, type=programming, submissionCount=null, exercise=ParticipationExerciseDTO[id=306, exerciseType=PROGRAMMING, type=programming, assessmentType=AUTOMATIC, dueDate=2025-02-16T23:43:08.185273Z, assessmentDueDate=null, maxPoints=42.0, course=CourseDTO[id=155, accuracyOfScores=1]]], submissionExerciseType=programming, isProcessing=false, buildStartDate=null, estimatedCompletionDate=null], participation=ParticipationDTO[id=485, testRun=false, type=programming, submissionCount=null, exercise=ParticipationExerciseDTO[id=306, exerciseType=PROGRAMMING, type=programming, assessmentType=AUTOMATIC, dueDate=2025-02-16T23:43:08.185273Z, assessmentDueDate=null, maxPoints=42.0, course=CourseDTO[id=155, accuracyOfScores=1]]], feedbacks=[], assessmentType=AUTOMATIC, hasComplaint=null, exampleResult=null, testCaseCount=0, passedTestCaseCount=0, codeIssueCount=0]], BuildJobQueueItem[id=4881739576590204, name=SHORT80B5DD0E0D6B304EBB096E9020B949996A1CTSTEXC-LOCALCIINTSTUDENT1, buildAgent=BuildAgentDTO[name=artemis-build-agent-test, memberAddress=[127.0.0.1]:5703, displayName=artemis-build-agent-test], participationId=488, courseId=156, exerciseId=307, retryCount=0, priority=2, status=SUCCESSFUL, repositoryInfo=RepositoryInfo[repositoryName=short80b5dd0e0d6b304ebb096e9020b949996a1ctstexc-localciintstudent1, repositoryType=user, triggeredByPushTo=user, assignmentRepositoryUri=http://localhost:49152/git/SHORT80B5DD0E0D6B304EBB096E9020B949996A1CTSTEXC/short80b5dd0e0d6b304ebb096e9020b949996a1ctstexc-localciintstudent1.git, testRepositoryUri=http://localhost:49152/git/SHORT80B5DD0E0D6B304EBB096E9020B949996A1CTSTEXC/short80b5dd0e0d6b304ebb096e9020b949996a1ctstexc-tests.git, solutionRepositoryUri=null, auxiliaryRepositoryUris=[Ljava.lang.String;@c74dacb, auxiliaryRepositoryCheckoutDirectories=[Ljava.lang.String;@3ddfee53], jobTimingInfo=JobTimingInfo[submissionDate=2025-02-14T23:43:10.204264160Z[Etc/UTC], buildStartDate=2025-02-14T23:43:10.223149139Z[Etc/UTC], buildCompletionDate=2025-02-14T23:43:12.086509109Z[Etc/UTC], estimatedCompletionDate=2025-02-14T23:43:29.223142246Z[Etc/UTC], estimatedDuration=19], buildConfig=BuildConfig[buildScript=#!/bin/bash
cd /var/tmp/testing-dir
chmod +x ./gradlew
./gradlew clean test
, dockerImage=dummy-docker-image:latest, commitHashToBuild=b806a93102242552beed7c01b08b2769731814b3, assignmentCommitHash=b806a93102242552beed7c01b08b2769731814b3, testCommitHash=b806a93102242552beed7c01b08b2769731814b3, branch=main, programmingLanguage=JAVA, projectType=PLAIN_GRADLE, scaEnabled=false, sequentialTestRunsEnabled=false, resultPaths=[/var/tmp/testing-dir/**/test-results/test/*.xml], timeoutSeconds=0, assignmentCheckoutPath=null, testCheckoutPath=null, solutionCheckoutPath=null, dockerRunConfig=null], submissionResult=ResultDTO[id=139, completionDate=2025-02-14T23:43:12.066436124Z[Etc/UTC], successful=false, score=0.0, rated=true, submission=SubmissionDTO[id=128, submitted=true, type=MANUAL, exampleSubmission=null, submissionDate=2025-02-14T23:43:10.192407Z, commitHash=b806a93102242552beed7c01b08b2769731814b3, buildFailed=true, buildArtifact=false, participation=ParticipationDTO[id=488, testRun=false, type=programming, submissionCount=null, exercise=ParticipationExerciseDTO[id=307, exerciseType=PROGRAMMING, type=programming, assessmentType=AUTOMATIC, dueDate=2025-02-16T23:43:09.986646Z, assessmentDueDate=null, maxPoints=42.0, course=CourseDTO[id=156, accuracyOfScores=1]]], submissionExerciseType=programming, isProcessing=false, buildStartDate=null, estimatedCompletionDate=null], participation=ParticipationDTO[id=488, testRun=false, type=programming, submissionCount=null, exercise=ParticipationExerciseDTO[id=307, exerciseType=PROGRAMMING, type=programming, assessmentType=AUTOMATIC, dueDate=2025-02-16T23:43:09.986646Z, assessmentDueDate=null, maxPoints=42.0, course=CourseDTO[id=156, accuracyOfScores=1]]], feedbacks=[], assessmentType=AUTOMATIC, hasComplaint=null, exampleResult=null, testCaseCount=0, passedTestCaseCount=0, codeIssueCount=0]], BuildJobQueueItem[id=4911739576593817, name=SHORT585B2198089880462509B3007867E72DFB7ATSTEXC-LOCALCIINTSTUDENT1, buildAgent=BuildAgentDTO[name=artemis-build-agent-test, memberAddress=[127.0.0.1]:5703, displayName=artemis-build-agent-test], participationId=491, courseId=157, exerciseId=308, retryCount=0, priority=2, status=SUCCESSFUL, repositoryInfo=RepositoryInfo[repositoryName=short585b2198089880462509b3007867e72dfb7atstexc-localciintstudent1, repositoryType=user, triggeredByPushTo=user, assignmentRepositoryUri=http://localhost:49152/git/SHORT585B2198089880462509B3007867E72DFB7ATSTEXC/short585b2198089880462509b3007867e72dfb7atstexc-localciintstudent1.git, testRepositoryUri=http://localhost:49152/git/SHORT585B2198089880462509B3007867E72DFB7ATSTEXC/short585b2198089880462509b3007867e72dfb7atstexc-tests.git, solutionRepositoryUri=null, auxiliaryRepositoryUris=[Ljava.lang.String;@26b2de82, auxiliaryRepositoryCheckoutDirectories=[Ljava.lang.String;@51a71ef], jobTimingInfo=JobTimingInfo[submissionDate=2025-02-14T23:43:13.817124706Z[Etc/UTC], buildStartDate=2025-02-14T23:43:13.834335931Z[Etc/UTC], buildCompletionDate=2025-02-14T23:43:15.746259139Z[Etc/UTC], estimatedCompletionDate=2025-02-14T23:43:32.834326082Z[Etc/UTC], estimatedDuration=19], buildConfig=BuildConfig[buildScript=#!/bin/bash
cd /var/tmp/testing-dir
chmod +x ./gradlew
./gradlew clean test
, dockerImage=dummy-docker-image:latest, commitHashToBuild=42077d078a5d5042fe2d4bd8299a990d342fce6e, assignmentCommitHash=42077d078a5d5042fe2d4bd8299a990d342fce6e, testCommitHash=42077d078a5d5042fe2d4bd8299a990d342fce6e, branch=main, programmingLanguage=JAVA, projectType=PLAIN_GRADLE, scaEnabled=false, sequentialTestRunsEnabled=false, resultPaths=[/var/tmp/testing-dir/**/test-results/test/*.xml], timeoutSeconds=0, assignmentCheckoutPath=null, testCheckoutPath=null, solutionCheckoutPath=null, dockerRunConfig=null], submissionResult=ResultDTO[id=140, completionDate=2025-02-14T23:43:15.725343914Z[Etc/UTC], successful=false, score=0.0, rated=true, submission=SubmissionDTO[id=129, submitted=true, type=MANUAL, exampleSubmission=null, submissionDate=2025-02-14T23:43:13.805401Z, commitHash=42077d078a5d5042fe2d4bd8299a990d342fce6e, buildFailed=false, buildArtifact=false, participation=ParticipationDTO[id=491, testRun=false, type=programming, submissionCount=null, exercise=ParticipationExerciseDTO[id=308, exerciseType=PROGRAMMING, type=programming, assessmentType=AUTOMATIC, dueDate=2025-02-16T23:43:13.569213Z, assessmentDueDate=null, maxPoints=42.0, course=CourseDTO[id=157, accuracyOfScores=1]]], submissionExerciseType=programming, isProcessing=false, buildStartDate=null, estimatedCompletionDate=null], participation=ParticipationDTO[id=491, testRun=false, type=programming, submissionCount=null, exercise=ParticipationExerciseDTO[id=308, exerciseType=PROGRAMMING, type=programming, assessmentType=AUTOMATIC, dueDate=2025-02-16T23:43:13.569213Z, assessmentDueDate=null, maxPoints=42.0, course=CourseDTO[id=157, accuracyOfScores=1]]], feedbacks=[FeedbackDTO[id=160, text=null, detailText=Deine Einreichung enthält keine Ausgabe. (67cac2), hasLongFeedbackText=false, reference=null, credits=0.0, positive=false, type=AUTOMATIC, visibility=ALWAYS, testCase=TestCaseDTO[testName=null, id=146]], FeedbackDTO[id=161, text=null, detailText=test `add` failed on ≥ 1 cases:
(0, 0)
Your submission raised an error Failure("TODO add"), hasLongFeedbackText=false, reference=null, credits=0.0, positive=false, type=AUTOMATIC, visibility=ALWAYS, testCase=TestCaseDTO[testName=null, id=149]], FeedbackDTO[id=162, text=null, detailText=test `filter` failed on ≥ 1 cases:
(even, [1; 2; 3; 4])
Your submission raised an error Failure("TODO filter"), hasLongFeedbackText=false, reference=null, credits=0.0, positive=false, type=AUTOMATIC, visibility=ALWAYS, testCase=TestCaseDTO[testName=null, id=148]], FeedbackDTO[id=163, text=null, detailText=Test was not executed., hasLongFeedbackText=false, reference=null, credits=0.0, positive=null, type=AUTOMATIC, visibility=null, testCase=TestCaseDTO[testName=null, id=137]], FeedbackDTO[id=164, text=null, detailText=Test was not executed., hasLongFeedbackText=false, reference=null, credits=0.0, positive=null, type=AUTOMATIC, visibility=null, testCase=TestCaseDTO[testName=null, id=138]], FeedbackDTO[id=165, text=null, detailText=Test was not executed., hasLongFeedbackText=false, reference=null, credits=0.0, positive=null, type=AUTOMATIC, visibility=null, testCase=TestCaseDTO[testName=null, id=139]], FeedbackDTO[id=166, text=null, detailText=Test was not executed., hasLongFeedbackText=false, reference=null, credits=0.0, positive=null, type=AUTOMATIC, visibility=null, testCase=TestCaseDTO[testName=null, id=140]], FeedbackDTO[id=167, text=null, detailText=Test was not executed., hasLongFeedbackText=false, reference=null, credits=0.0, positive=null, type=AUTOMATIC, visibility=null, testCase=TestCaseDTO[testName=null, id=141]], FeedbackDTO[id=168, text=null, detailText=Test was not executed., hasLongFeedbackText=false, reference=null, credits=0.0, positive=null, type=AUTOMATIC, visibility=null, testCase=TestCaseDTO[testName=null, id=142]], FeedbackDTO[id=169, text=null, detailText=Test was not executed., hasLongFeedbackText=false, reference=null, credits=0.0, positive=null, type=AUTOMATIC, visibility=null, testCase=TestCaseDTO[testName=null, id=143]], FeedbackDTO[id=170, text=null, detailText=Test was not executed., hasLongFeedbackText=false, reference=null, credits=0.0, positive=null, type=AUTOMATIC, visibility=null, testCase=TestCaseDTO[testName=null, id=144]], FeedbackDTO[id=171, text=null, detailText=Test was not executed., hasLongFeedbackText=false, reference=null, credits=0.0, positive=null, type=AUTOMATIC, visibility=null, testCase=TestCaseDTO[testName=null, id=145]], FeedbackDTO[id=172, text=null, detailText=Test was not executed., hasLongFeedbackText=false, reference=null, credits=0.0, positive=null, type=AUTOMATIC, visibility=null, testCase=TestCaseDTO[testName=null, id=147]]], assessmentType=AUTOMATIC, hasComplaint=null, exampleResult=null, testCaseCount=13, passedTestCaseCount=0, codeIssueCount=0]], BuildJobQueueItem[id=4941739576597286, name=SHORTFBCBD7BF0E6EB0451A080E80FCB407DC1F12TSTEXC-LOCALCIINTSTUDENT1, buildAgent=BuildAgentDTO[name=artemis-build-agent-test, memberAddress=[127.0.0.1]:5703, displayName=artemis-build-agent-test], participationId=494, courseId=158, exerciseId=309, retryCount=0, priority=2, status=SUCCESSFUL, repositoryInfo=RepositoryInfo[repositoryName=shortfbcbd7bf0e6eb0451a080e80fcb407dc1f12tstexc-localciintstudent1, repositoryType=user, triggeredByPushTo=user, assignmentRepositoryUri=http://localhost:49152/git/SHORTFBCBD7BF0E6EB0451A080E80FCB407DC1F12TSTEXC/shortfbcbd7bf0e6eb0451a080e80fcb407dc1f12tstexc-localciintstudent1.git, testRepositoryUri=http://localhost:49152/git/SHORTFBCBD7BF0E6EB0451A080E80FCB407DC1F12TSTEXC/shortfbcbd7bf0e6eb0451a080e80fcb407dc1f12tstexc-tests.git, solutionRepositoryUri=null, auxiliaryRepositoryUris=[Ljava.lang.String;@2f925105, auxiliaryRepositoryCheckoutDirectories=[Ljava.lang.String;@6dfd8fd2], jobTimingInfo=JobTimingInfo[submissionDate=2025-02-14T23:43:17.286977233Z[Etc/UTC], buildStartDate=2025-02-14T23:43:17.293977347Z[Etc/UTC], buildCompletionDate=2025-02-14T23:43:18.740990762Z[Etc/UTC], estimatedCompletionDate=2025-02-14T23:43:36.293970494Z[Etc/UTC], estimatedDuration=19], buildConfig=BuildConfig[buildScript=#!/bin/bash
cd /var/tmp/testing-dir
chmod +x ./gradlew
./gradlew clean test
, dockerImage=dummy-docker-image:latest, commitHashToBuild=4a1af7e8a64e6505c5fc09b9f81ea41af9fcff44, assignmentCommitHash=4a1af7e8a64e6505c5fc09b9f81ea41af9fcff44, testCommitHash=4a1af7e8a64e6505c5fc09b9f81ea41af9fcff44, branch=main, programmingLanguage=JAVA, projectType=PLAIN_GRADLE, scaEnabled=false, sequentialTestRunsEnabled=false, resultPaths=[/var/tmp/testing-dir/**/test-results/test/*.xml], timeoutSeconds=0, assignmentCheckoutPath=null, testCheckoutPath=null, solutionCheckoutPath=null, dockerRunConfig=null], submissionResult=ResultDTO[id=141, completionDate=2025-02-14T23:43:18.729015138Z[Etc/UTC], successful=false, score=0.0, rated=true, submission=SubmissionDTO[id=130, submitted=true, type=MANUAL, exampleSubmission=null, submissionDate=2025-02-14T23:43:17.272936Z, commitHash=4a1af7e8a64e6505c5fc09b9f81ea41af9fcff44, buildFailed=true, buildArtifact=false, participation=ParticipationDTO[id=494, testRun=false, type=programming, submissionCount=null, exercise=ParticipationExerciseDTO[id=309, exerciseType=PROGRAMMING, type=programming, assessmentType=AUTOMATIC, dueDate=2025-02-16T23:43:17.147218Z, assessmentDueDate=null, maxPoints=42.0, course=CourseDTO[id=158, accuracyOfScores=1]]], submissionExerciseType=programming, isProcessing=false, buildStartDate=null, estimatedCompletionDate=null], participation=ParticipationDTO[id=494, testRun=false, type=programming, submissionCount=null, exercise=ParticipationExerciseDTO[id=309, exerciseType=PROGRAMMING, type=programming, assessmentType=AUTOMATIC, dueDate=2025-02-16T23:43:17.147218Z, assessmentDueDate=null, maxPoints=42.0, course=CourseDTO[id=158, accuracyOfScores=1]]], feedbacks=[], assessmentType=AUTOMATIC, hasComplaint=null, exampleResult=null, testCaseCount=0, passedTestCaseCount=0, codeIssueCount=0]], BuildJobQueueItem[id=4971739576599269, name=SHORT52AD57270517204728083260501A19D262D1TSTEXC-LOCALCIINTSTUDENT1, buildAgent=BuildAgentDTO[name=artemis-build-agent-test, memberAddress=[127.0.0.1]:5703, displayName=artemis-build-agent-test], participationId=497, courseId=159, exerciseId=310, retryCount=0, priority=2, status=SUCCESSFUL, repositoryInfo=RepositoryInfo[repositoryName=short52ad57270517204728083260501a19d262d1tstexc-localciintstudent1, repositoryType=user, triggeredByPushTo=user, assignmentRepositoryUri=http://localhost:49152/git/SHORT52AD57270517204728083260501A19D262D1TSTEXC/short52ad57270517204728083260501a19d262d1tstexc-localciintstudent1.git, testRepositoryUri=http://localhost:49152/git/SHORT52AD57270517204728083260501A19D262D1TSTEXC/short52ad57270517204728083260501a19d262d1tstexc-tests.git, solutionRepositoryUri=null, auxiliaryRepositoryUris=[Ljava.lang.String;@5d8b1a21, auxiliaryRepositoryCheckoutDirectories=[Ljava.lang.String;@bc89d76], jobTimingInfo=JobTimingInfo[submissionDate=2025-02-14T23:43:19.269997499Z[Etc/UTC], buildStartDate=2025-02-14T23:43:19.277325895Z[Etc/UTC], buildCompletionDate=2025-02-14T23:43:20.497391524Z[Etc/UTC], estimatedCompletionDate=2025-02-14T23:43:38.277310787Z[Etc/UTC], estimatedDuration=19], buildConfig=BuildConfig[buildScript=#!/bin/bash
cd /var/tmp/testing-dir
chmod +x ./gradlew
./gradlew clean test
, dockerImage=dummy-docker-image:latest, commitHashToBuild=9f4f76247a188e9a0f3516a9fbd60e829d53fb05, assignmentCommitHash=9f4f76247a188e9a0f3516a9fbd60e829d53fb05, testCommitHash=9f4f76247a188e9a0f3516a9fbd60e829d53fb05, branch=main, programmingLanguage=JAVA, projectType=PLAIN_GRADLE, scaEnabled=false, sequentialTestRunsEnabled=false, resultPaths=[/var/tmp/testing-dir/**/test-results/test/*.xml], timeoutSeconds=0, assignmentCheckoutPath=null, testCheckoutPath=null, solutionCheckoutPath=null, dockerRunConfig=null], submissionResult=ResultDTO[id=142, completionDate=2025-02-14T23:43:20.484244187Z[Etc/UTC], successful=false, score=7.7, rated=true, submission=SubmissionDTO[id=131, submitted=true, type=MANUAL, exampleSubmission=null, submissionDate=2025-02-14T23:43:19.265464Z, commitHash=9f4f76247a188e9a0f3516a9fbd60e829d53fb05, buildFailed=false, buildArtifact=false, participation=ParticipationDTO[id=497, testRun=false, type=programming, submissionCount=null, exercise=ParticipationExerciseDTO[id=310, exerciseType=PROGRAMMING, type=programming, assessmentType=AUTOMATIC, dueDate=2025-02-16T23:43:19.182228Z, assessmentDueDate=null, maxPoints=42.0, course=CourseDTO[id=159, accuracyOfScores=1]]], submissionExerciseType=programming, isProcessing=false, buildStartDate=null, estimatedCompletionDate=null], participation=ParticipationDTO[id=497, testRun=false, type=programming, submissionCount=null, exercise=ParticipationExerciseDTO[id=310, exerciseType=PROGRAMMING, type=programming, assessmentType=AUTOMATIC, dueDate=2025-02-16T23:43:19.182228Z, assessmentDueDate=null, maxPoints=42.0, course=CourseDTO[id=159, accuracyOfScores=1]]], feedbacks=[FeedbackDTO[id=173, text=null, detailText=The exercise expects a class with the name Context in the package testpackage. You did not implement the class in the exercise., hasLongFeedbackText=false, reference=null, credits=0.0, positive=false, type=AUTOMATIC, visibility=ALWAYS, testCase=TestCaseDTO[testName=null, id=169]], FeedbackDTO[id=174, text=null, detailText=The exercise expects a class with the name Policy in the package testpackage. You did not implement the class in the exercise., hasLongFeedbackText=false, reference=null, credits=0.0, positive=false, type=AUTOMATIC, visibility=ALWAYS, testCase=TestCaseDTO[testName=null, id=170]], FeedbackDTO[id=175, text=null, detailText=The exercise expects a class with the name SortStrategy in the package testpackage. You did not implement the class in the exercise., hasLongFeedbackText=false, reference=null, credits=0.0, positive=false, type=AUTOMATIC, visibility=ALWAYS, testCase=TestCaseDTO[testName=null, id=171]], FeedbackDTO[id=176, text=null, detailText=The class 'MergeSort' does not implement the interface 'SortStrategy' as expected. Implement the interface and its methods., hasLongFeedbackText=false, reference=null, credits=0.0, positive=false, type=AUTOMATIC, visibility=ALWAYS, testCase=TestCaseDTO[testName=null, id=166]], FeedbackDTO[id=177, text=null, detailText=The exercise expects a class with the name SortStrategy in the package testpackage. You did not implement the class in the exercise., hasLongFeedbackText=false, reference=null, credits=0.0, positive=false, type=AUTOMATIC, visibility=ALWAYS, testCase=TestCaseDTO[testName=null, id=163]], FeedbackDTO[id=178, text=null, detailText=The class 'BubbleSort' does not implement the interface 'SortStrategy' as expected. Implement the interface and its methods., hasLongFeedbackText=false, reference=null, credits=0.0, positive=false, type=AUTOMATIC, visibility=ALWAYS, testCase=TestCaseDTO[testName=null, id=167]], FeedbackDTO[id=179, text=null, detailText=MergeSort does not sort correctly, hasLongFeedbackText=false, reference=null, credits=0.0, positive=false, type=AUTOMATIC, visibility=ALWAYS, testCase=TestCaseDTO[testName=null, id=172]], FeedbackDTO[id=180, text=null, detailText=The class 'Context' was not found within the submission. Make sure to implement it properly., hasLongFeedbackText=false, reference=null, credits=0.0, positive=false, type=AUTOMATIC, visibility=ALWAYS, testCase=TestCaseDTO[testName=null, id=173]], FeedbackDTO[id=181, text=null, detailText=The class 'Context' was not found within the submission. Make sure to implement it properly., hasLongFeedbackText=false, reference=null, credits=0.0, positive=false, type=AUTOMATIC, visibility=ALWAYS, testCase=TestCaseDTO[testName=null, id=174]], FeedbackDTO[id=182, text=null, detailText=The exercise expects a class with the name Policy in the package testpackage. You did not implement the class in the exercise., hasLongFeedbackText=false, reference=null, credits=0.0, positive=false, type=AUTOMATIC, visibility=ALWAYS, testCase=TestCaseDTO[testName=null, id=168]], FeedbackDTO[id=183, text=null, detailText=The exercise expects a class with the name Context in the package testpackage. You did not implement the class in the exercise., hasLongFeedbackText=false, reference=null, credits=0.0, positive=false, type=AUTOMATIC, visibility=ALWAYS, testCase=TestCaseDTO[testName=null, id=164]], FeedbackDTO[id=184, text=null, detailText=The exercise expects a class with the name Policy in the package testpackage. You did not implement the class in the exercise., hasLongFeedbackText=false, reference=null, credits=0.0, positive=false, type=AUTOMATIC, visibility=ALWAYS, testCase=TestCaseDTO[testName=null, id=165]], FeedbackDTO[id=185, text=null, detailText=null, hasLongFeedbackText=false, reference=null, credits=3.230769230769231, positive=true, type=AUTOMATIC, visibility=ALWAYS, testCase=TestCaseDTO[testName=null, id=175]]], assessmentType=AUTOMATIC, hasComplaint=null, exampleResult=null, testCaseCount=13, passedTestCaseCount=1, codeIssueCount=0]], BuildJobQueueItem[id=5001739576601035, name=SHORT582B1BDC0A17704D6D0A46800FC19163DA47TSTEXC-LOCALCIINTSTUDENT1, buildAgent=BuildAgentDTO[name=artemis-build-agent-test, memberAddress=[127.0.0.1]:5703, displayName=artemis-build-agent-test], participationId=500, courseId=160, exerciseId=311, retryCount=0, priority=2, status=SUCCESSFUL, repositoryInfo=RepositoryInfo[repositoryName=short582b1bdc0a17704d6d0a46800fc19163da47tstexc-localciintstudent1, repositoryType=user, triggeredByPushTo=user, assignmentRepositoryUri=http://localhost:49152/git/SHORT582B1BDC0A17704D6D0A46800FC19163DA47TSTEXC/short582b1bdc0a17704d6d0a46800fc19163da47tstexc-localciintstudent1.git, testRepositoryUri=http://localhost:49152/git/SHORT582B1BDC0A17704D6D0A46800FC19163DA47TSTEXC/short582b1bdc0a17704d6d0a46800fc19163da47tstexc-tests.git, solutionRepositoryUri=null, auxiliaryRepositoryUris=[Ljava.lang.String;@366fff73, auxiliaryRepositoryCheckoutDirectories=[Ljava.lang.String;@37ed7573], jobTimingInfo=JobTimingInfo[submissionDate=2025-02-14T23:43:21.035120760Z[Etc/UTC], buildStartDate=2025-02-14T23:43:21.040320383Z[Etc/UTC], buildCompletionDate=2025-02-14T23:43:22.581236903Z[Etc/UTC], estimatedCompletionDate=2025-02-14T23:43:40.040312057Z[Etc/UTC], estimatedDuration=19], buildConfig=BuildConfig[buildScript=#!/bin/bash
cd /var/tmp/testing-dir
chmod +x ./gradlew
./gradlew clean test
, dockerImage=dummy-docker-image:latest, commitHashToBuild=887566cf754016f986627cf5c5c365dea16c907f, assignmentCommitHash=887566cf754016f986627cf5c5c365dea16c907f, testCommitHash=6af67146332066e7430917928a4b9b81c43b7c71, branch=main, programmingLanguage=JAVA, projectType=PLAIN_GRADLE, scaEnabled=false, sequentialTestRunsEnabled=false, resultPaths=[/var/tmp/testing-dir/**/test-results/test/*.xml], timeoutSeconds=0, assignmentCheckoutPath=customAssignmentPath, testCheckoutPath=null, solutionCheckoutPath=null, dockerRunConfig=null], submissionResult=ResultDTO[id=143, completionDate=2025-02-14T23:43:22.538158998Z[Etc/UTC], successful=false, score=7.7, rated=true, submission=SubmissionDTO[id=132, submitted=true, type=MANUAL, exampleSubmission=null, submissionDate=2025-02-14T23:43:21.028930Z, commitHash=887566cf754016f986627cf5c5c365dea16c907f, buildFailed=false, buildArtifact=false, participation=ParticipationDTO[id=500, testRun=false, type=programming, submissionCount=null, exercise=ParticipationExerciseDTO[id=311, exerciseType=PROGRAMMING, type=programming, assessmentType=AUTOMATIC, dueDate=2025-02-16T23:43:20.897280Z, assessmentDueDate=null, maxPoints=42.0, course=CourseDTO[id=160, accuracyOfScores=1]]], submissionExerciseType=programming, isProcessing=false, buildStartDate=null, estimatedCompletionDate=null], participation=ParticipationDTO[id=500, testRun=false, type=programming, submissionCount=null, exercise=ParticipationExerciseDTO[id=311, exerciseType=PROGRAMMING, type=programming, assessmentType=AUTOMATIC, dueDate=2025-02-16T23:43:20.897280Z, assessmentDueDate=null, maxPoints=42.0, course=CourseDTO[id=160, accuracyOfScores=1]]], feedbacks=[FeedbackDTO[id=186, text=null, detailText=The exercise expects a class with the name Context in the package testpackage. You did not implement the class in the exercise., hasLongFeedbackText=false, reference=null, credits=0.0, positive=false, type=AUTOMATIC, visibility=ALWAYS, testCase=TestCaseDTO[testName=null, id=182]], FeedbackDTO[id=187, text=null, detailText=The exercise expects a class with the name Policy in the package testpackage. You did not implement the class in the exercise., hasLongFeedbackText=false, reference=null, credits=0.0, positive=false, type=AUTOMATIC, visibility=ALWAYS, testCase=TestCaseDTO[testName=null, id=183]], FeedbackDTO[id=188, text=null, detailText=The exercise expects a class with the name SortStrategy in the package testpackage. You did not implement the class in the exercise., hasLongFeedbackText=false, reference=null, credits=0.0, positive=false, type=AUTOMATIC, visibility=ALWAYS, testCase=TestCaseDTO[testName=null, id=184]], FeedbackDTO[id=189, text=null, detailText=The class 'MergeSort' does not implement the interface 'SortStrategy' as expected. Implement the interface and its methods., hasLongFeedbackText=false, reference=null, credits=0.0, positive=false, type=AUTOMATIC, visibility=ALWAYS, testCase=TestCaseDTO[testName=null, id=179]], FeedbackDTO[id=190, text=null, detailText=The exercise expects a class with the name SortStrategy in the package testpackage. You did not implement the class in the exercise., hasLongFeedbackText=false, reference=null, credits=0.0, positive=false, type=AUTOMATIC, visibility=ALWAYS, testCase=TestCaseDTO[testName=null, id=176]], FeedbackDTO[id=191, text=null, detailText=The class 'BubbleSort' does not implement the interface 'SortStrategy' as expected. Implement the interface and its methods., hasLongFeedbackText=false, reference=null, credits=0.0, positive=false, type=AUTOMATIC, visibility=ALWAYS, testCase=TestCaseDTO[testName=null, id=180]], FeedbackDTO[id=192, text=null, detailText=MergeSort does not sort correctly, hasLongFeedbackText=false, reference=null, credits=0.0, positive=false, type=AUTOMATIC, visibility=ALWAYS, testCase=TestCaseDTO[testName=null, id=185]], FeedbackDTO[id=193, text=null, detailText=The class 'Context' was not found within the submission. Make sure to implement it properly., hasLongFeedbackText=false, reference=null, credits=0.0, positive=false, type=AUTOMATIC, visibility=ALWAYS, testCase=TestCaseDTO[testName=null, id=186]], FeedbackDTO[id=194, text=null, detailText=The class 'Context' was not found within the submission. Make sure to implement it properly., hasLongFeedbackText=false, reference=null, credits=0.0, positive=false, type=AUTOMATIC, visibility=ALWAYS, testCase=TestCaseDTO[testName=null, id=187]], FeedbackDTO[id=195, text=null, detailText=The exercise expects a class with the name Policy in the package testpackage. You did not implement the class in the exercise., hasLongFeedbackText=false, reference=null, credits=0.0, positive=false, type=AUTOMATIC, visibility=ALWAYS, testCase=TestCaseDTO[testName=null, id=181]], FeedbackDTO[id=196, text=null, detailText=The exercise expects a class with the name Context in the package testpackage. You did not implement the class in the exercise., hasLongFeedbackText=false, reference=null, credits=0.0, positive=false, type=AUTOMATIC, visibility=ALWAYS, testCase=TestCaseDTO[testName=null, id=177]], FeedbackDTO[id=197, text=null, detailText=The exercise expects a class with the name Policy in the package testpackage. You did not implement the class in the exercise., hasLongFeedbackText=false, reference=null, credits=0.0, positive=false, type=AUTOMATIC, visibility=ALWAYS, testCase=TestCaseDTO[testName=null, id=178]], FeedbackDTO[id=198, text=null, detailText=null, hasLongFeedbackText=false, reference=null, credits=3.230769230769231, positive=true, type=AUTOMATIC, visibility=ALWAYS, testCase=TestCaseDTO[testName=null, id=188]]], assessmentType=AUTOMATIC, hasComplaint=null, exampleResult=null, testCaseCount=13, passedTestCaseCount=1, codeIssueCount=0]], BuildJobQueueItem[id=5031739576604847, name=SHORT00FA1A240403404C7E097D7007C591BE2AB1TSTEXC-LOCALCIINTSTUDENT1, buildAgent=BuildAgentDTO[name=artemis-build-agent-test, memberAddress=[127.0.0.1]:5703, displayName=artemis-build-agent-test], participationId=503, courseId=161, exerciseId=312, retryCount=0, priority=2, status=FAILED, repositoryInfo=RepositoryInfo[repositoryName=short00fa1a240403404c7e097d7007c591be2ab1tstexc-localciintstudent1, repositoryType=user, triggeredByPushTo=user, assignmentRepositoryUri=http://localhost:49152/git/SHORT00FA1A240403404C7E097D7007C591BE2AB1TSTEXC/short00fa1a240403404c7e097d7007c591be2ab1tstexc-localciintstudent1.git, testRepositoryUri=http://localhost:49152/git/SHORT00FA1A240403404C7E097D7007C591BE2AB1TSTEXC/short00fa1a240403404c7e097d7007c591be2ab1tstexc-tests.git, solutionRepositoryUri=null, auxiliaryRepositoryUris=[Ljava.lang.String;@32322bbd, auxiliaryRepositoryCheckoutDirectories=[Ljava.lang.String;@7d5e23a0], jobTimingInfo=JobTimingInfo[submissionDate=2025-02-14T23:43:24.847396156Z[Etc/UTC], buildStartDate=2025-02-14T23:43:24.860457211Z[Etc/UTC], buildCompletionDate=2025-02-14T23:43:26.809353681Z[Etc/UTC], estimatedCompletionDate=2025-02-14T23:43:46.860451490Z[Etc/UTC], estimatedDuration=22], buildConfig=BuildConfig[buildScript=#!/bin/bash
cd /var/tmp/testing-dir
chmod +x ./gradlew
./gradlew clean test
, dockerImage=dummy-docker-image:latest, commitHashToBuild=9690714a509af0a98c6790a7e52ee3574c7ef689, assignmentCommitHash=9690714a509af0a98c6790a7e52ee3574c7ef689, testCommitHash=9690714a509af0a98c6790a7e52ee3574c7ef689, branch=main, programmingLanguage=JAVA, projectType=PLAIN_GRADLE, scaEnabled=false, sequentialTestRunsEnabled=false, resultPaths=[/var/tmp/testing-dir/**/test-results/test/*.xml], timeoutSeconds=0, assignmentCheckoutPath=null, testCheckoutPath=null, solutionCheckoutPath=null, dockerRunConfig=null], submissionResult=ResultDTO[id=144, completionDate=2025-02-14T23:43:26.809483684Z[Etc/UTC], successful=false, score=0.0, rated=true, submission=SubmissionDTO[id=133, submitted=true, type=MANUAL, exampleSubmission=null, submissionDate=2025-02-14T23:43:24.841319Z, commitHash=9690714a509af0a98c6790a7e52ee3574c7ef689, buildFailed=true, buildArtifact=false, participation=ParticipationDTO[id=503, testRun=false, type=programming, submissionCount=null, exercise=ParticipationExerciseDTO[id=312, exerciseType=PROGRAMMING, type=programming, assessmentType=AUTOMATIC, dueDate=2025-02-16T23:43:24.571329Z, assessmentDueDate=null, maxPoints=42.0, course=CourseDTO[id=161, accuracyOfScores=1]]], submissionExerciseType=programming, isProcessing=false, buildStartDate=null, estimatedCompletionDate=null], participation=ParticipationDTO[id=503, testRun=false, type=programming, submissionCount=null, exercise=ParticipationExerciseDTO[id=312, exerciseType=PROGRAMMING, type=programming, assessmentType=AUTOMATIC, dueDate=2025-02-16T23:43:24.571329Z, assessmentDueDate=null, maxPoints=42.0, course=CourseDTO[id=161, accuracyOfScores=1]]], feedbacks=[], assessmentType=AUTOMATIC, hasComplaint=null, exampleResult=null, testCaseCount=0, passedTestCaseCount=0, codeIssueCount=0]], BuildJobQueueItem[id=5061739576605250, name=SHORT62C808EE04ECE040740AF7B0CF3AE5F5BEF2TSTEXC-LOCALCIINTSTUDENT1, buildAgent=BuildAgentDTO[name=artemis-build-agent-test, memberAddress=[127.0.0.1]:5703, displayName=artemis-build-agent-test], participationId=506, courseId=162, exerciseId=313, retryCount=0, priority=2, status=SUCCESSFUL, repositoryInfo=RepositoryInfo[repositoryName=short62c808ee04ece040740af7b0cf3ae5f5bef2tstexc-localciintstudent1, repositoryType=user, triggeredByPushTo=user, assignmentRepositoryUri=http://localhost:49152/git/SHORT62C808EE04ECE040740AF7B0CF3AE5F5BEF2TSTEXC/short62c808ee04ece040740af7b0cf3ae5f5bef2tstexc-localciintstudent1.git, testRepositoryUri=http://localhost:49152/git/SHORT62C808EE04ECE040740AF7B0CF3AE5F5BEF2TSTEXC/short62c808ee04ece040740af7b0cf3ae5f5bef2tstexc-tests.git, solutionRepositoryUri=null, auxiliaryRepositoryUris=[Ljava.lang.String;@3403df1f, auxiliaryRepositoryCheckoutDirectories=[Ljava.lang.String;@68996201], jobTimingInfo=JobTimingInfo[submissionDate=2025-02-14T23:43:25.250749866Z[Etc/UTC], buildStartDate=2025-02-14T23:43:26.820713075Z[Etc/UTC], buildCompletionDate=2025-02-14T23:43:28.304236378Z[Etc/UTC], estimatedCompletionDate=2025-02-14T23:43:45.820704920Z[Etc/UTC], estimatedDuration=19], buildConfig=BuildConfig[buildScript=#!/bin/bash
cd /var/tmp/testing-dir
chmod +x ./gradlew
./gradlew clean test
, dockerImage=dummy-docker-image:latest, commitHashToBuild=993b6f756e3e52a44d0537d4fa3a5d0e0acdbe89, assignmentCommitHash=993b6f756e3e52a44d0537d4fa3a5d0e0acdbe89, testCommitHash=993b6f756e3e52a44d0537d4fa3a5d0e0acdbe89, branch=main, programmingLanguage=JAVA, projectType=null, scaEnabled=false, sequentialTestRunsEnabled=false, resultPaths=[/var/tmp/testing-dir/**/test-results/test/*.xml], timeoutSeconds=0, assignmentCheckoutPath=null, testCheckoutPath=null, solutionCheckoutPath=null, dockerRunConfig=null], submissionResult=ResultDTO[id=145, completionDate=2025-02-14T23:43:28.269051286Z[Etc/UTC], successful=false, score=7.7, rated=true, submission=SubmissionDTO[id=134, submitted=true, type=MANUAL, exampleSubmission=null, submissionDate=2025-02-14T23:43:25.241685Z, commitHash=993b6f756e3e52a44d0537d4fa3a5d0e0acdbe89, buildFailed=false, buildArtifact=false, participation=ParticipationDTO[id=506, testRun=false, type=programming, submissionCount=null, exercise=ParticipationExerciseDTO[id=313, exerciseType=PROGRAMMING, type=programming, assessmentType=AUTOMATIC, dueDate=2025-02-16T23:43:24.986721Z, assessmentDueDate=null, maxPoints=42.0, course=CourseDTO[id=162, accuracyOfScores=1]]], submissionExerciseType=programming, isProcessing=false, buildStartDate=null, estimatedCompletionDate=null], participation=ParticipationDTO[id=506, testRun=false, type=programming, submissionCount=null, exercise=ParticipationExerciseDTO[id=313, exerciseType=PROGRAMMING, type=programming, assessmentType=AUTOMATIC, dueDate=2025-02-16T23:43:24.986721Z, assessmentDueDate=null, maxPoints=42.0, course=CourseDTO[id=162, accuracyOfScores=1]]], feedbacks=[FeedbackDTO[id=199, text=null, detailText=The exercise expects a class with the name Context in the package testpackage. You did not implement the class in the exercise., hasLongFeedbackText=false, reference=null, credits=0.0, positive=false, type=AUTOMATIC, visibility=ALWAYS, testCase=TestCaseDTO[testName=null, id=208]], FeedbackDTO[id=200, text=null, detailText=The exercise expects a class with the name Policy in the package testpackage. You did not implement the class in the exercise., hasLongFeedbackText=false, reference=null, credits=0.0, positive=false, type=AUTOMATIC, visibility=ALWAYS, testCase=TestCaseDTO[testName=null, id=209]], FeedbackDTO[id=201, text=null, detailText=The exercise expects a class with the name SortStrategy in the package testpackage. You did not implement the class in the exercise., hasLongFeedbackText=false, reference=null, credits=0.0, positive=false, type=AUTOMATIC, visibility=ALWAYS, testCase=TestCaseDTO[testName=null, id=210]], FeedbackDTO[id=202, text=null, detailText=The class 'MergeSort' does not implement the interface 'SortStrategy' as expected. Implement the interface and its methods., hasLongFeedbackText=false, reference=null, credits=0.0, positive=false, type=AUTOMATIC, visibility=ALWAYS, testCase=TestCaseDTO[testName=null, id=205]], FeedbackDTO[id=203, text=null, detailText=The exercise expects a class with the name SortStrategy in the package testpackage. You did not implement the class in the exercise., hasLongFeedbackText=false, reference=null, credits=0.0, positive=false, type=AUTOMATIC, visibility=ALWAYS, testCase=TestCaseDTO[testName=null, id=202]], FeedbackDTO[id=204, text=null, detailText=The class 'BubbleSort' does not implement the interface 'SortStrategy' as expected. Implement the interface and its methods., hasLongFeedbackText=false, reference=null, credits=0.0, positive=false, type=AUTOMATIC, visibility=ALWAYS, testCase=TestCaseDTO[testName=null, id=206]], FeedbackDTO[id=205, text=null, detailText=MergeSort does not sort correctly, hasLongFeedbackText=false, reference=null, credits=0.0, positive=false, type=AUTOMATIC, visibility=ALWAYS, testCase=TestCaseDTO[testName=null, id=211]], FeedbackDTO[id=206, text=null, detailText=The class 'Context' was not found within the submission. Make sure to implement it properly., hasLongFeedbackText=false, reference=null, credits=0.0, positive=false, type=AUTOMATIC, visibility=ALWAYS, testCase=TestCaseDTO[testName=null, id=212]], FeedbackDTO[id=207, text=null, detailText=The class 'Context' was not found within the submission. Make sure to implement it properly., hasLongFeedbackText=false, reference=null, credits=0.0, positive=false, type=AUTOMATIC, visibility=ALWAYS, testCase=TestCaseDTO[testName=null, id=213]], FeedbackDTO[id=208, text=null, detailText=The exercise expects a class with the name Policy in the package testpackage. You did not implement the class in the exercise., hasLongFeedbackText=false, reference=null, credits=0.0, positive=false, type=AUTOMATIC, visibility=ALWAYS, testCase=TestCaseDTO[testName=null, id=207]], FeedbackDTO[id=209, text=null, detailText=The exercise expects a class with the name Context in the package testpackage. You did not implement the class in the exercise., hasLongFeedbackText=false, reference=null, credits=0.0, positive=false, type=AUTOMATIC, visibility=ALWAYS, testCase=TestCaseDTO[testName=null, id=203]], FeedbackDTO[id=210, text=null, detailText=The exercise expects a class with the name Policy in the package testpackage. You did not implement the class in the exercise., hasLongFeedbackText=false, reference=null, credits=0.0, positive=false, type=AUTOMATIC, visibility=ALWAYS, testCase=TestCaseDTO[testName=null, id=204]], FeedbackDTO[id=211, text=null, detailText=null, hasLongFeedbackText=false, reference=null, credits=3.230769230769231, positive=true, type=AUTOMATIC, visibility=ALWAYS, testCase=TestCaseDTO[testName=null, id=214]]], assessmentType=AUTOMATIC, hasComplaint=null, exampleResult=null, testCaseCount=13, passedTestCaseCount=1, codeIssueCount=0]], BuildJobQueueItem[id=5121739576609302, name=SHORT3D739532080B804BC608BDA0F7816DDB4316TSTEXC-LOCALCIINTSTUDENT1, buildAgent=BuildAgentDTO[name=artemis-build-agent-test, memberAddress=[127.0.0.1]:5703, displayName=artemis-build-agent-test], participationId=512, courseId=164, exerciseId=315, retryCount=0, priority=2, status=SUCCESSFUL, repositoryInfo=RepositoryInfo[repositoryName=short3d739532080b804bc608bda0f7816ddb4316tstexc-localciintstudent1, repositoryType=user, triggeredByPushTo=user, assignmentRepositoryUri=http://localhost:49152/git/SHORT3D739532080B804BC608BDA0F7816DDB4316TSTEXC/short3d739532080b804bc608bda0f7816ddb4316tstexc-localciintstudent1.git, testRepositoryUri=http://localhost:49152/git/SHORT3D739532080B804BC608BDA0F7816DDB4316TSTEXC/short3d739532080b804bc608bda0f7816ddb4316tstexc-tests.git, solutionRepositoryUri=null, auxiliaryRepositoryUris=[Ljava.lang.String;@4b55c36c, auxiliaryRepositoryCheckoutDirectories=[Ljava.lang.String;@479aba85], jobTimingInfo=JobTimingInfo[submissionDate=2025-02-14T23:43:29.302618463Z[Etc/UTC], buildStartDate=2025-02-14T23:43:29.307985701Z[Etc/UTC], buildCompletionDate=2025-02-14T23:43:30.717961572Z[Etc/UTC], estimatedCompletionDate=2025-02-14T23:43:48.307979980Z[Etc/UTC], estimatedDuration=19], buildConfig=BuildConfig[buildScript=#!/bin/bash
cd /var/tmp/testing-dir
chmod +x ./gradlew
./gradlew clean test
, dockerImage=dummy-docker-image:latest, commitHashToBuild=71f54bdf5e0f9c98936e24a4638fd2ffcf966edd, assignmentCommitHash=71f54bdf5e0f9c98936e24a4638fd2ffcf966edd, testCommitHash=71f54bdf5e0f9c98936e24a4638fd2ffcf966edd, branch=main, programmingLanguage=JAVA, projectType=PLAIN_GRADLE, scaEnabled=false, sequentialTestRunsEnabled=false, resultPaths=[/var/tmp/testing-dir/**/test-results/test/*.xml], timeoutSeconds=0, assignmentCheckoutPath=null, testCheckoutPath=null, solutionCheckoutPath=null, dockerRunConfig=null], submissionResult=ResultDTO[id=146, completionDate=2025-02-14T23:43:30.706391245Z[Etc/UTC], successful=false, score=0.0, rated=true, submission=SubmissionDTO[id=135, submitted=true, type=MANUAL, exampleSubmission=null, submissionDate=2025-02-14T23:43:29.291920Z, commitHash=71f54bdf5e0f9c98936e24a4638fd2ffcf966edd, buildFailed=true, buildArtifact=false, participation=ParticipationDTO[id=512, testRun=false, type=programming, submissionCount=null, exercise=ParticipationExerciseDTO[id=315, exerciseType=PROGRAMMING, type=programming, assessmentType=AUTOMATIC, dueDate=2025-02-16T23:43:29.183823Z, assessmentDueDate=null, maxPoints=42.0, course=CourseDTO[id=164, accuracyOfScores=1]]], submissionExerciseType=programming, isProcessing=false, buildStartDate=null, estimatedCompletionDate=null], participation=ParticipationDTO[id=512, testRun=false, type=programming, submissionCount=null, exercise=ParticipationExerciseDTO[id=315, exerciseType=PROGRAMMING, type=programming, assessmentType=AUTOMATIC, dueDate=2025-02-16T23:43:29.183823Z, assessmentDueDate=null, maxPoints=42.0, course=CourseDTO[id=164, accuracyOfScores=1]]], feedbacks=[], assessmentType=AUTOMATIC, hasComplaint=null, exampleResult=null, testCaseCount=0, passedTestCaseCount=0, codeIssueCount=0]]], publicSshKey=ssh-rsa AAAAB3NzaC1yc2EAAAADAQABAAACAQCOPdMsxRE2jFJ/UEa5/LsBxtwzJcrh3/rYBCQvcMeVpiRfhzQPWu7mrt/G2Ew+i+vRloGH9aqKg6dd1liRncao53Zmd/ePxoatXePNhmzTfkCkcSkTUz7B+QMjkoDDV5jwuFPD6mF3JkhuzSi64n9Zy905t4w2IhVcjM2mL3eYNjiCXt6Qpq3Pkt7dM/Ksw1nxnvuiIALuJLB3FTkXkHqq3PJav+9HSq2r6ZaWgekneaGxlQlb+U+Vy3XOuArKAzK8c8i+0bR+AHiTG6ncYXt7ax3U+TdlDTF7OLP3umwaYjs1NBXOHwG42pevvpKn2fqavZZozk+M05jXLx3bq0O7itxfErWc7etky8qYPyyIMF/txQIVLd78+Ze4d7Y60t5MGbXM5cGE6fFif5fEJwgswXD+BrG0cafz1CTatjSKFdvp8Vp4VszXhHDan1PrP6JEFJ5Cc5GDmLRZPCFa3vL9f5qXgf4bkqKN8MYeEujwJE5nMRWoiJVNakix2bcrrneQMBlnYeYZVWXXXUusAQBzl4NgddC1umZpihZkL1b1MffZAUW3EGEXi7KHnllQhkTLLsQ8ntMgbylqaJKStqaXlLvdeRJcEnUuiFCrHEVVbXRFZR7XVDZ02CE5o3MuaRPty8Kh+jRTF3COlAckHwYEJCNNJvXFgb2CNXL4mjzYDw== test@localhost]
    23:43:30.842 | 566 localvc.event-13 | DEBUG | a.p.s.l.SharedQueueManagementService : Build agent updated: null
    23:43:30.888 | 132 Pool-1-worker-47 | INFO  | i.z.t.d.l.EmbeddedDatabaseReporter   : JDBC URL to connect to 'dataSource': url='jdbc:h2:tcp://localhost:41063/mem:df70fc46-7e57-4cb5-9cd0-c1d90c14afa7;USER=sa', scope='AnswerMessageIntegrationTest#testEditConversationAnswerPostWithUserMention'
    23:43:30.891 | 132 Pool-1-worker-47 | DEBUG | d.t.c.a.a.c.s.f.ApiVersionFilter     : Adding Version to Request PUT /api/courses/898/answer-messages/370
    23:43:30.893 | 132 Pool-1-worker-47 | DEBUG | d.t.c.a.a.c.w.AnswerMessageResource  : PUT updateAnswerMessage invoked for course 898 with message User changes one of their conversation answerPosts[user]noCourseMemberFirst noCourseMemberLast(nocoursemember)[/user]
    23:43:30.901 | 132 Pool-1-worker-47 | ERROR | tech.jhipster.web.util.HeaderUtil    : Entity processing failed, At least one of the mentioned users does not exist
    23:43:30.901 | 132 Pool-1-worker-47 | WARN  | o.z.p.spring.common.AdviceTraits     : Bad Request: At least one of the mentioned users does not exist

  Starting logs for AnswerMessageIntegrationTest > [9] userMention=[user]invalidName[user]answermessageintstudent1First answermessageintstudent1Last(answermessageintstudent1)[/user](invalid)[/user], isUserMentionValid=true
    23:43:30.925 | 132 Pool-1-worker-47 | DEBUG | d.t.c.a.a.c.u.util.UserUtilService   : Generate 4 students...
    23:43:30.932 | 132 Pool-1-worker-47 | DEBUG | d.t.c.a.a.c.u.util.UserUtilService   : 4 students generated. Generate 4 tutors...
    23:43:30.939 | 132 Pool-1-worker-47 | DEBUG | d.t.c.a.a.c.u.util.UserUtilService   : 4 tutors generated. Generate 4 editors...
    23:43:30.945 | 132 Pool-1-worker-47 | DEBUG | d.t.c.a.a.c.u.util.UserUtilService   : 4 editors generated. Generate 1 instructors...
    23:43:30.948 | 132 Pool-1-worker-47 | DEBUG | d.t.c.a.a.c.u.util.UserUtilService   : 1 instructors generated
    23:43:30.950 | 132 Pool-1-worker-47 | DEBUG | d.t.c.a.a.c.u.util.UserUtilService   : Removing 13 users from all courses...
    23:43:30.951 | 132 Pool-1-worker-47 | DEBUG | d.t.c.a.a.c.u.util.UserUtilService   : Removing 13 users from all courses. Done
    23:43:30.951 | 132 Pool-1-worker-47 | DEBUG | d.t.c.a.a.c.u.util.UserUtilService   : Save 13 users to database...
    23:43:30.960 | 132 Pool-1-worker-47 | DEBUG | d.t.c.a.a.c.u.util.UserUtilService   : Save 13 users to database. Done
    23:43:31.045 | 132 Pool-1-worker-47 | INFO  | i.z.t.d.l.EmbeddedDatabaseReporter   : JDBC URL to connect to 'dataSource': url='jdbc:h2:tcp://localhost:41063/mem:df70fc46-7e57-4cb5-9cd0-c1d90c14afa7;USER=sa', scope='AnswerMessageIntegrationTest#testEditConversationAnswerPostWithUserMention'
    23:43:31.047 | 132 Pool-1-worker-47 | DEBUG | d.t.c.a.a.c.s.f.ApiVersionFilter     : Adding Version to Request PUT /api/courses/899/answer-messages/378
    23:43:31.048 | 132 Pool-1-worker-47 | DEBUG | d.t.c.a.a.c.w.AnswerMessageResource  : PUT updateAnswerMessage invoked for course 899 with message User changes one of their conversation answerPosts[user]invalidName[user]answermessageintstudent1First answermessageintstudent1Last(answermessageintstudent1)[/user](invalid)[/user]
    23:43:31.058 | 132 Pool-1-worker-47 | DEBUG | d.t.c.a.a.c.w.AnswerMessageResource  : updateAnswerMessage took 9.88ms

Finished logs for AnswerMessageIntegrationTest
]]></system-out>
  <system-err><![CDATA[]]></system-err>
</testsuite>
