<?xml version="1.0" encoding="UTF-8"?>
<testsuite name="de.tum.cit.aet.artemis.buildagent.service.BuildAgentConfigurationTest" tests="4" skipped="0" failures="0" errors="0" timestamp="2025-02-14T23:39:18" hostname="fv-az1721-502" time="0.01">
  <properties/>
  <testcase name="testBytes()" classname="de.tum.cit.aet.artemis.buildagent.service.BuildAgentConfigurationTest" time="0.006"/>
  <testcase name="testKilobytes()" classname="de.tum.cit.aet.artemis.buildagent.service.BuildAgentConfigurationTest" time="0.0"/>
  <testcase name="testMegabytes()" classname="de.tum.cit.aet.artemis.buildagent.service.BuildAgentConfigurationTest" time="0.003"/>
  <testcase name="testGigabytes()" classname="de.tum.cit.aet.artemis.buildagent.service.BuildAgentConfigurationTest" time="0.0"/>
  <system-out><![CDATA[
Starting logs for BuildAgentConfigurationTest

  Starting logs for BuildAgentConfigurationTest > testBytes()

  Starting logs for BuildAgentConfigurationTest > testKilobytes()

  Starting logs for BuildAgentConfigurationTest > testMegabytes()

  Starting logs for BuildAgentConfigurationTest > testGigabytes()

Finished logs for BuildAgentConfigurationTest
]]></system-out>
  <system-err><![CDATA[]]></system-err>
</testsuite>
