<?xml version="1.0" encoding="UTF-8"?>
<testsuite name="de.tum.cit.aet.artemis.assessment.ResultServiceIntegrationTest" tests="45" skipped="0" failures="0" errors="0" timestamp="2025-02-14T23:42:30" hostname="fv-az1721-502" time="8.624">
  <properties/>
  <testcase name="testGetResultsWithPointsForFileUploadExerciseWithGradingCriteria()" classname="de.tum.cit.aet.artemis.assessment.ResultServiceIntegrationTest" time="0.528"/>
  <testcase name="testGetMaxCountForExercise()" classname="de.tum.cit.aet.artemis.assessment.ResultServiceIntegrationTest" time="0.289"/>
  <testcase name="shouldReturnNotFoundForNonExistingResult()" classname="de.tum.cit.aet.artemis.assessment.ResultServiceIntegrationTest" time="0.139"/>
  <testcase name="testGetParticipationForFeedbackDetailText()" classname="de.tum.cit.aet.artemis.assessment.ResultServiceIntegrationTest" time="0.253"/>
  <testcase name="createResultForExternalSubmission_quizExercise(QuizMode) [1] quizMode=SYNCHRONIZED" classname="de.tum.cit.aet.artemis.assessment.ResultServiceIntegrationTest" time="0.178"/>
  <testcase name="createResultForExternalSubmission_quizExercise(QuizMode) [2] quizMode=BATCHED" classname="de.tum.cit.aet.artemis.assessment.ResultServiceIntegrationTest" time="0.232"/>
  <testcase name="createResultForExternalSubmission_quizExercise(QuizMode) [3] quizMode=INDIVIDUAL" classname="de.tum.cit.aet.artemis.assessment.ResultServiceIntegrationTest" time="0.199"/>
  <testcase name="deleteResult()" classname="de.tum.cit.aet.artemis.assessment.ResultServiceIntegrationTest" time="0.263"/>
  <testcase name="testGetMaxCountForExerciseWithMultipleFeedback()" classname="de.tum.cit.aet.artemis.assessment.ResultServiceIntegrationTest" time="0.181"/>
  <testcase name="testGetAllFeedbackDetailsForExerciseWithMultipleFeedback()" classname="de.tum.cit.aet.artemis.assessment.ResultServiceIntegrationTest" time="0.375"/>
  <testcase name="createResultForExternalSubmission_resultExists()" classname="de.tum.cit.aet.artemis.assessment.ResultServiceIntegrationTest" time="0.232"/>
  <testcase name="testGetResultsWithPointsForFileUploadExerciseNoGradingCriteria()" classname="de.tum.cit.aet.artemis.assessment.ResultServiceIntegrationTest" time="0.168"/>
  <testcase name="createResultForExternalSubmission_studentNotInTheCourse()" classname="de.tum.cit.aet.artemis.assessment.ResultServiceIntegrationTest" time="0.169"/>
  <testcase name="setProgrammingExerciseResultRated(boolean, ZonedDateTime, SubmissionType, ZonedDateTime, ZonedDateTime) [1] shouldBeRated=true, buildAndTestAfterDueDate=2025-02-14T22:42:33.482142261Z[Etc/UTC], submissionType=MANUAL, dueDate=2025-02-14T23:42:28.482142261Z[Etc/UTC], submissionDate=2025-02-14T23:42:33.482142261Z[Etc/UTC]" classname="de.tum.cit.aet.artemis.assessment.ResultServiceIntegrationTest" time="0.132"/>
  <testcase name="setProgrammingExerciseResultRated(boolean, ZonedDateTime, SubmissionType, ZonedDateTime, ZonedDateTime) [2] shouldBeRated=true, buildAndTestAfterDueDate=null, submissionType=MANUAL, dueDate=2025-02-15T00:42:33.482142261Z[Etc/UTC], submissionDate=2025-02-14T23:42:33.482142261Z[Etc/UTC]" classname="de.tum.cit.aet.artemis.assessment.ResultServiceIntegrationTest" time="0.117"/>
  <testcase name="setProgrammingExerciseResultRated(boolean, ZonedDateTime, SubmissionType, ZonedDateTime, ZonedDateTime) [3] shouldBeRated=true, buildAndTestAfterDueDate=null, submissionType=MANUAL, dueDate=null, submissionDate=2025-02-14T23:42:33.482142261Z[Etc/UTC]" classname="de.tum.cit.aet.artemis.assessment.ResultServiceIntegrationTest" time="0.157"/>
  <testcase name="setProgrammingExerciseResultRated(boolean, ZonedDateTime, SubmissionType, ZonedDateTime, ZonedDateTime) [4] shouldBeRated=false, buildAndTestAfterDueDate=null, submissionType=MANUAL, dueDate=2025-02-14T22:42:33.482142261Z[Etc/UTC], submissionDate=2025-02-14T23:42:33.482142261Z[Etc/UTC]" classname="de.tum.cit.aet.artemis.assessment.ResultServiceIntegrationTest" time="0.243"/>
  <testcase name="setProgrammingExerciseResultRated(boolean, ZonedDateTime, SubmissionType, ZonedDateTime, ZonedDateTime) [5] shouldBeRated=true, buildAndTestAfterDueDate=null, submissionType=INSTRUCTOR, dueDate=2025-02-14T22:42:33.482142261Z[Etc/UTC], submissionDate=2025-02-14T23:42:33.482142261Z[Etc/UTC]" classname="de.tum.cit.aet.artemis.assessment.ResultServiceIntegrationTest" time="0.169"/>
  <testcase name="setProgrammingExerciseResultRated(boolean, ZonedDateTime, SubmissionType, ZonedDateTime, ZonedDateTime) [6] shouldBeRated=true, buildAndTestAfterDueDate=null, submissionType=TEST, dueDate=2025-02-14T22:42:33.482142261Z[Etc/UTC], submissionDate=2025-02-14T23:42:33.482142261Z[Etc/UTC]" classname="de.tum.cit.aet.artemis.assessment.ResultServiceIntegrationTest" time="0.149"/>
  <testcase name="setProgrammingExerciseResultRated(boolean, ZonedDateTime, SubmissionType, ZonedDateTime, ZonedDateTime) [7] shouldBeRated=true, buildAndTestAfterDueDate=2025-02-14T22:42:33.482142261Z[Etc/UTC], submissionType=TEST, dueDate=2025-02-14T22:42:33.482142261Z[Etc/UTC], submissionDate=2025-02-14T23:42:33.482142261Z[Etc/UTC]" classname="de.tum.cit.aet.artemis.assessment.ResultServiceIntegrationTest" time="0.244"/>
  <testcase name="setProgrammingExerciseResultRated(boolean, ZonedDateTime, SubmissionType, ZonedDateTime, ZonedDateTime) [8] shouldBeRated=true, buildAndTestAfterDueDate=2025-02-14T22:42:33.482142261Z[Etc/UTC], submissionType=INSTRUCTOR, dueDate=2025-02-14T22:42:33.482142261Z[Etc/UTC], submissionDate=2025-02-14T23:42:33.482142261Z[Etc/UTC]" classname="de.tum.cit.aet.artemis.assessment.ResultServiceIntegrationTest" time="0.142"/>
  <testcase name="setProgrammingExerciseResultRated(boolean, ZonedDateTime, SubmissionType, ZonedDateTime, ZonedDateTime) [9] shouldBeRated=true, buildAndTestAfterDueDate=2025-02-15T00:42:33.482142261Z[Etc/UTC], submissionType=MANUAL, dueDate=2025-02-15T00:42:33.482142261Z[Etc/UTC], submissionDate=2025-02-14T23:42:33.482142261Z[Etc/UTC]" classname="de.tum.cit.aet.artemis.assessment.ResultServiceIntegrationTest" time="0.153"/>
  <testcase name="setProgrammingExerciseResultRated(boolean, ZonedDateTime, SubmissionType, ZonedDateTime, ZonedDateTime) [10] shouldBeRated=false, buildAndTestAfterDueDate=2025-02-15T00:42:33.482142261Z[Etc/UTC], submissionType=MANUAL, dueDate=2025-02-14T22:42:33.482142261Z[Etc/UTC], submissionDate=2025-02-14T23:42:33.482142261Z[Etc/UTC]" classname="de.tum.cit.aet.artemis.assessment.ResultServiceIntegrationTest" time="0.133"/>
  <testcase name="setProgrammingExerciseResultRated(boolean, ZonedDateTime, SubmissionType, ZonedDateTime, ZonedDateTime) [11] shouldBeRated=false, buildAndTestAfterDueDate=null, submissionType=ILLEGAL, dueDate=2025-02-14T22:42:33.482142261Z[Etc/UTC], submissionDate=2025-02-14T23:42:33.482142261Z[Etc/UTC]" classname="de.tum.cit.aet.artemis.assessment.ResultServiceIntegrationTest" time="0.118"/>
  <testcase name="setProgrammingExerciseResultRated(boolean, ZonedDateTime, SubmissionType, ZonedDateTime, ZonedDateTime) [12] shouldBeRated=false, buildAndTestAfterDueDate=null, submissionType=ILLEGAL, dueDate=2025-02-15T00:42:33.482142261Z[Etc/UTC], submissionDate=2025-02-14T23:42:33.482142261Z[Etc/UTC]" classname="de.tum.cit.aet.artemis.assessment.ResultServiceIntegrationTest" time="0.195"/>
  <testcase name="testGetAllFeedbackDetailsForExerciseWithGroupFeedbackAndMultipleSimilarFeedback()" classname="de.tum.cit.aet.artemis.assessment.ResultServiceIntegrationTest" time="0.184"/>
  <testcase name="createResultForExternalSubmission()" classname="de.tum.cit.aet.artemis.assessment.ResultServiceIntegrationTest" time="0.149"/>
  <testcase name="testGetAssessmentCountByCorrectionRound()" classname="de.tum.cit.aet.artemis.assessment.ResultServiceIntegrationTest" time="0.198"/>
  <testcase name="testGetAssessmentCountByCorrectionRoundForProgrammingExercise()" classname="de.tum.cit.aet.artemis.assessment.ResultServiceIntegrationTest" time="0.217"/>
  <testcase name="shouldReturnBadRequestForNonMatchingParticipationId()" classname="de.tum.cit.aet.artemis.assessment.ResultServiceIntegrationTest" time="0.13"/>
  <testcase name="getResult()" classname="de.tum.cit.aet.artemis.assessment.ResultServiceIntegrationTest" time="0.191"/>
  <testcase name="getResult_asStudent()" classname="de.tum.cit.aet.artemis.assessment.ResultServiceIntegrationTest" time="0.106"/>
  <testcase name="deleteResult_wrongParticipationId()" classname="de.tum.cit.aet.artemis.assessment.ResultServiceIntegrationTest" time="0.143"/>
  <testcase name="createResultForExternalSubmissionExam()" classname="de.tum.cit.aet.artemis.assessment.ResultServiceIntegrationTest" time="0.137"/>
  <testcase name="deleteResultStudent()" classname="de.tum.cit.aet.artemis.assessment.ResultServiceIntegrationTest" time="0.138"/>
  <testcase name="testGetResultsWithPointsForExamExercise_asTutor()" classname="de.tum.cit.aet.artemis.assessment.ResultServiceIntegrationTest" time="0.185"/>
  <testcase name="createResultForExternalSubmission_wrongExerciseId()" classname="de.tum.cit.aet.artemis.assessment.ResultServiceIntegrationTest" time="0.109"/>
  <testcase name="shouldReturnTheResultDetailsForAProgrammingExerciseStudentParticipation_studentForbidden()" classname="de.tum.cit.aet.artemis.assessment.ResultServiceIntegrationTest" time="0.177"/>
  <testcase name="shouldReturnTheResultDetailsForAnInstructorWithoutSensitiveInformationFiltered()" classname="de.tum.cit.aet.artemis.assessment.ResultServiceIntegrationTest" time="0.157"/>
  <testcase name="testGetAllFeedbackDetailsForExercise()" classname="de.tum.cit.aet.artemis.assessment.ResultServiceIntegrationTest" time="0.153"/>
  <testcase name="createResultForExternalSubmission_dueDateNotPassed()" classname="de.tum.cit.aet.artemis.assessment.ResultServiceIntegrationTest" time="0.192"/>
  <testcase name="testTestRunsNonRated()" classname="de.tum.cit.aet.artemis.assessment.ResultServiceIntegrationTest" time="0.217"/>
  <testcase name="shouldReturnTheResultDetailsForAStudentParticipation_studentForbidden()" classname="de.tum.cit.aet.artemis.assessment.ResultServiceIntegrationTest" time="0.184"/>
  <testcase name="createResultForExternalSubmission_programmingExercise()" classname="de.tum.cit.aet.artemis.assessment.ResultServiceIntegrationTest" time="0.17"/>
  <testcase name="testGetResultsWithPointsForExamExercise()" classname="de.tum.cit.aet.artemis.assessment.ResultServiceIntegrationTest" time="0.177"/>
  <system-out><![CDATA[	at org.springframework.security.web.ObservationFilterChainDecorator$ObservationFilter.wrapFilter(ObservationFilterChainDecorator.java:240)
	at org.springframework.security.web.ObservationFilterChainDecorator$ObservationFilter.doFilter(ObservationFilterChainDecorator.java:227)
	at org.springframework.security.web.ObservationFilterChainDecorator$VirtualFilterChain.doFilter(ObservationFilterChainDecorator.java:137)
	at de.tum.cit.aet.artemis.lti.config.Lti13LaunchFilter.doFilterInternal(Lti13LaunchFilter.java:60)
	at org.springframework.web.filter.OncePerRequestFilter.doFilter(OncePerRequestFilter.java:116)
	at org.springframework.security.web.ObservationFilterChainDecorator$ObservationFilter.wrapFilter(ObservationFilterChainDecorator.java:240)
	at org.springframework.security.web.ObservationFilterChainDecorator$ObservationFilter.doFilter(ObservationFilterChainDecorator.java:227)
	at org.springframework.security.web.ObservationFilterChainDecorator$VirtualFilterChain.doFilter(ObservationFilterChainDecorator.java:137)
	at de.tum.cit.aet.artemis.core.security.jwt.JWTFilter.doFilter(JWTFilter.java:55)
	at org.springframework.security.web.ObservationFilterChainDecorator$ObservationFilter.wrapFilter(ObservationFilterChainDecorator.java:240)
	at org.springframework.security.web.ObservationFilterChainDecorator$ObservationFilter.doFilter(ObservationFilterChainDecorator.java:227)
	at org.springframework.security.web.ObservationFilterChainDecorator$VirtualFilterChain.doFilter(ObservationFilterChainDecorator.java:137)
	at de.tum.cit.aet.artemis.core.security.jwt.JWTFilter.doFilter(JWTFilter.java:55)
	at org.springframework.security.web.ObservationFilterChainDecorator$ObservationFilter.wrapFilter(ObservationFilterChainDecorator.java:240)
	at org.springframework.security.web.ObservationFilterChainDecorator$ObservationFilter.doFilter(ObservationFilterChainDecorator.java:227)
	at org.springframework.security.web.ObservationFilterChainDecorator$VirtualFilterChain.doFilter(ObservationFilterChainDecorator.java:137)
	at org.springframework.web.filter.CorsFilter.doFilterInternal(CorsFilter.java:91)
	at org.springframework.web.filter.OncePerRequestFilter.doFilter(OncePerRequestFilter.java:116)
	at org.springframework.security.web.ObservationFilterChainDecorator$ObservationFilter.wrapFilter(ObservationFilterChainDecorator.java:240)
	at org.springframework.security.web.ObservationFilterChainDecorator$ObservationFilter.doFilter(ObservationFilterChainDecorator.java:227)
	at org.springframework.security.web.ObservationFilterChainDecorator$VirtualFilterChain.doFilter(ObservationFilterChainDecorator.java:137)
	at org.springframework.web.filter.OncePerRequestFilter.doFilter(OncePerRequestFilter.java:110)
	at org.springframework.security.web.ObservationFilterChainDecorator$ObservationFilter.wrapFilter(ObservationFilterChainDecorator.java:240)
	at org.springframework.security.web.ObservationFilterChainDecorator$ObservationFilter.doFilter(ObservationFilterChainDecorator.java:227)
	at org.springframework.security.web.ObservationFilterChainDecorator$VirtualFilterChain.doFilter(ObservationFilterChainDecorator.java:137)
	at uk.ac.ox.ctl.lti13.security.oauth2.client.lti.web.OAuth2AuthorizationRequestRedirectFilter.doFilterInternal(OAuth2AuthorizationRequestRedirectFilter.java:142)
	at org.springframework.web.filter.OncePerRequestFilter.doFilter(OncePerRequestFilter.java:116)
	at org.springframework.security.web.ObservationFilterChainDecorator$ObservationFilter.wrapFilter(ObservationFilterChainDecorator.java:240)
	at org.springframework.security.web.ObservationFilterChainDecorator$ObservationFilter.doFilter(ObservationFilterChainDecorator.java:227)
	at org.springframework.security.web.ObservationFilterChainDecorator$VirtualFilterChain.doFilter(ObservationFilterChainDecorator.java:137)
	at org.springframework.security.web.authentication.logout.LogoutFilter.doFilter(LogoutFilter.java:107)
	at org.springframework.security.web.authentication.logout.LogoutFilter.doFilter(LogoutFilter.java:93)
	at org.springframework.security.web.ObservationFilterChainDecorator$ObservationFilter.wrapFilter(ObservationFilterChainDecorator.java:240)
	at org.springframework.security.web.ObservationFilterChainDecorator$ObservationFilter.doFilter(ObservationFilterChainDecorator.java:227)
	at org.springframework.security.web.ObservationFilterChainDecorator$VirtualFilterChain.doFilter(ObservationFilterChainDecorator.java:137)
	at org.springframework.security.web.header.HeaderWriterFilter.doHeadersAfter(HeaderWriterFilter.java:90)
	at org.springframework.security.web.header.HeaderWriterFilter.doFilterInternal(HeaderWriterFilter.java:75)
	at org.springframework.web.filter.OncePerRequestFilter.doFilter(OncePerRequestFilter.java:116)
	at org.springframework.security.web.ObservationFilterChainDecorator$ObservationFilter.wrapFilter(ObservationFilterChainDecorator.java:240)
	at org.springframework.security.web.ObservationFilterChainDecorator$ObservationFilter.doFilter(ObservationFilterChainDecorator.java:227)
	at org.springframework.security.web.ObservationFilterChainDecorator$VirtualFilterChain.doFilter(ObservationFilterChainDecorator.java:137)
	at org.springframework.security.web.context.SecurityContextHolderFilter.doFilter(SecurityContextHolderFilter.java:82)
	at org.springframework.security.web.context.SecurityContextHolderFilter.doFilter(SecurityContextHolderFilter.java:69)
	at org.springframework.security.web.ObservationFilterChainDecorator$ObservationFilter.wrapFilter(ObservationFilterChainDecorator.java:240)
	at org.springframework.security.web.ObservationFilterChainDecorator$ObservationFilter.doFilter(ObservationFilterChainDecorator.java:227)
	at org.springframework.security.web.ObservationFilterChainDecorator$VirtualFilterChain.doFilter(ObservationFilterChainDecorator.java:137)
	at org.springframework.security.web.context.request.async.WebAsyncManagerIntegrationFilter.doFilterInternal(WebAsyncManagerIntegrationFilter.java:62)
	at org.springframework.web.filter.OncePerRequestFilter.doFilter(OncePerRequestFilter.java:116)
	at org.springframework.security.web.ObservationFilterChainDecorator$ObservationFilter.wrapFilter(ObservationFilterChainDecorator.java:240)
	at org.springframework.security.web.ObservationFilterChainDecorator$ObservationFilter.doFilter(ObservationFilterChainDecorator.java:227)
	at org.springframework.security.web.ObservationFilterChainDecorator$VirtualFilterChain.doFilter(ObservationFilterChainDecorator.java:137)
	at org.springframework.security.web.session.DisableEncodeUrlFilter.doFilterInternal(DisableEncodeUrlFilter.java:42)
	at org.springframework.web.filter.OncePerRequestFilter.doFilter(OncePerRequestFilter.java:116)
	at org.springframework.security.web.ObservationFilterChainDecorator$ObservationFilter.wrapFilter(ObservationFilterChainDecorator.java:240)
	at org.springframework.security.web.ObservationFilterChainDecorator$AroundFilterObservation$SimpleAroundFilterObservation.lambda$wrap$0(ObservationFilterChainDecorator.java:323)
	at org.springframework.security.web.ObservationFilterChainDecorator$ObservationFilter.doFilter(ObservationFilterChainDecorator.java:224)
	at org.springframework.security.web.ObservationFilterChainDecorator$VirtualFilterChain.doFilter(ObservationFilterChainDecorator.java:137)
	at org.springframework.security.web.FilterChainProxy.doFilterInternal(FilterChainProxy.java:233)
	at org.springframework.security.web.FilterChainProxy.doFilter(FilterChainProxy.java:191)
	at org.springframework.web.filter.CompositeFilter$VirtualFilterChain.doFilter(CompositeFilter.java:113)
	at org.springframework.web.servlet.handler.HandlerMappingIntrospector.lambda$createCacheFilter$3(HandlerMappingIntrospector.java:243)
	at org.springframework.web.filter.CompositeFilter$VirtualFilterChain.doFilter(CompositeFilter.java:113)
	at org.springframework.web.filter.CompositeFilter.doFilter(CompositeFilter.java:74)
	at org.springframework.security.config.annotation.web.configuration.WebMvcSecurityConfiguration$CompositeFilterChainProxy.doFilter(WebMvcSecurityConfiguration.java:238)
	at org.springframework.web.filter.DelegatingFilterProxy.invokeDelegate(DelegatingFilterProxy.java:362)
	at org.springframework.web.filter.DelegatingFilterProxy.doFilter(DelegatingFilterProxy.java:278)
	at org.springframework.test.web.servlet.setup.MockMvcFilterDecorator.doFilter(MockMvcFilterDecorator.java:162)
	at org.springframework.mock.web.MockFilterChain.doFilter(MockFilterChain.java:132)
	at org.springframework.web.filter.RequestContextFilter.doFilterInternal(RequestContextFilter.java:100)
	at org.springframework.web.filter.OncePerRequestFilter.doFilter(OncePerRequestFilter.java:116)
	at org.springframework.test.web.servlet.setup.MockMvcFilterDecorator.doFilter(MockMvcFilterDecorator.java:162)
	at org.springframework.mock.web.MockFilterChain.doFilter(MockFilterChain.java:132)
	at org.springframework.web.filter.FormContentFilter.doFilterInternal(FormContentFilter.java:93)
	at org.springframework.web.filter.OncePerRequestFilter.doFilter(OncePerRequestFilter.java:116)
	at org.springframework.test.web.servlet.setup.MockMvcFilterDecorator.doFilter(MockMvcFilterDecorator.java:162)
	at org.springframework.mock.web.MockFilterChain.doFilter(MockFilterChain.java:132)
	at org.springframework.web.filter.ServerHttpObservationFilter.doFilterInternal(ServerHttpObservationFilter.java:114)
	at org.springframework.web.filter.OncePerRequestFilter.doFilter(OncePerRequestFilter.java:116)
	at org.springframework.test.web.servlet.setup.MockMvcFilterDecorator.doFilter(MockMvcFilterDecorator.java:162)
	at org.springframework.mock.web.MockFilterChain.doFilter(MockFilterChain.java:132)
	at io.sentry.spring.jakarta.tracing.SentryTracingFilter.doFilterInternal(SentryTracingFilter.java:91)
	at org.springframework.web.filter.OncePerRequestFilter.doFilter(OncePerRequestFilter.java:116)
	at org.springframework.test.web.servlet.setup.MockMvcFilterDecorator.doFilter(MockMvcFilterDecorator.java:162)
	at org.springframework.mock.web.MockFilterChain.doFilter(MockFilterChain.java:132)
	at org.springframework.web.filter.CharacterEncodingFilter.doFilterInternal(CharacterEncodingFilter.java:201)
	at org.springframework.web.filter.OncePerRequestFilter.doFilter(OncePerRequestFilter.java:116)
	at org.springframework.test.web.servlet.setup.MockMvcFilterDecorator.doFilter(MockMvcFilterDecorator.java:162)
	at org.springframework.mock.web.MockFilterChain.doFilter(MockFilterChain.java:132)
	at io.sentry.spring.jakarta.SentrySpringFilter.doFilterInternal(SentrySpringFilter.java:76)
	at org.springframework.web.filter.OncePerRequestFilter.doFilter(OncePerRequestFilter.java:116)
	at org.springframework.test.web.servlet.setup.MockMvcFilterDecorator.doFilter(MockMvcFilterDecorator.java:162)
	at org.springframework.mock.web.MockFilterChain.doFilter(MockFilterChain.java:132)
	at org.springframework.test.web.servlet.MockMvc.perform(MockMvc.java:201)
	at de.tum.cit.aet.artemis.core.util.RequestUtilService.performMvcRequest(RequestUtilService.java:79)
	at de.tum.cit.aet.artemis.core.util.RequestUtilService.patch(RequestUtilService.java:564)
	at de.tum.cit.aet.artemis.assessment.ComplaintResponseIntegrationTest.createLock_complaintDoesNotExistInDb_shouldThrowIllegalArgumentException(ComplaintResponseIntegrationTest.java:160)
	at java.base/jdk.internal.reflect.DirectMethodHandleAccessor.invoke(DirectMethodHandleAccessor.java:103)
	at java.base/java.lang.reflect.Method.invoke(Method.java:580)
	at org.junit.platform.commons.util.ReflectionUtils.invokeMethod(ReflectionUtils.java:767)
	at org.junit.jupiter.engine.execution.MethodInvocation.proceed(MethodInvocation.java:60)
	at org.junit.jupiter.engine.execution.InvocationInterceptorChain$ValidatingInvocation.proceed(InvocationInterceptorChain.java:131)
	at org.junit.jupiter.engine.extension.TimeoutExtension.intercept(TimeoutExtension.java:156)
	at org.junit.jupiter.engine.extension.TimeoutExtension.interceptTestableMethod(TimeoutExtension.java:147)
	at org.junit.jupiter.engine.extension.TimeoutExtension.interceptTestMethod(TimeoutExtension.java:86)
	at org.junit.jupiter.engine.execution.InterceptingExecutableInvoker$ReflectiveInterceptorCall.lambda$ofVoidMethod$0(InterceptingExecutableInvoker.java:103)
	at org.junit.jupiter.engine.execution.InterceptingExecutableInvoker.lambda$invoke$0(InterceptingExecutableInvoker.java:93)
	at org.junit.jupiter.engine.execution.InvocationInterceptorChain$InterceptedInvocation.proceed(InvocationInterceptorChain.java:106)
	at org.junit.jupiter.engine.execution.InvocationInterceptorChain.proceed(InvocationInterceptorChain.java:64)
	at org.junit.jupiter.engine.execution.InvocationInterceptorChain.chainAndInvoke(InvocationInterceptorChain.java:45)
	at org.junit.jupiter.engine.execution.InvocationInterceptorChain.invoke(InvocationInterceptorChain.java:37)
	at org.junit.jupiter.engine.execution.InterceptingExecutableInvoker.invoke(InterceptingExecutableInvoker.java:92)
	at org.junit.jupiter.engine.execution.InterceptingExecutableInvoker.invoke(InterceptingExecutableInvoker.java:86)
	at org.junit.jupiter.engine.descriptor.TestMethodTestDescriptor.lambda$invokeTestMethod$8(TestMethodTestDescriptor.java:217)
	at org.junit.platform.engine.support.hierarchical.ThrowableCollector.execute(ThrowableCollector.java:73)
	at org.junit.jupiter.engine.descriptor.TestMethodTestDescriptor.invokeTestMethod(TestMethodTestDescriptor.java:213)
	at org.junit.jupiter.engine.descriptor.TestMethodTestDescriptor.execute(TestMethodTestDescriptor.java:138)
	at org.junit.jupiter.engine.descriptor.TestMethodTestDescriptor.execute(TestMethodTestDescriptor.java:68)
	at org.junit.platform.engine.support.hierarchical.NodeTestTask.lambda$executeRecursively$6(NodeTestTask.java:156)
	at org.junit.platform.engine.support.hierarchical.ThrowableCollector.execute(ThrowableCollector.java:73)
	at org.junit.platform.engine.support.hierarchical.NodeTestTask.lambda$executeRecursively$8(NodeTestTask.java:146)
	at org.junit.platform.engine.support.hierarchical.Node.around(Node.java:137)
	at org.junit.platform.engine.support.hierarchical.NodeTestTask.lambda$executeRecursively$9(NodeTestTask.java:144)
	at org.junit.platform.engine.support.hierarchical.ThrowableCollector.execute(ThrowableCollector.java:73)
	at org.junit.platform.engine.support.hierarchical.NodeTestTask.executeRecursively(NodeTestTask.java:143)
	at org.junit.platform.engine.support.hierarchical.NodeTestTask.execute(NodeTestTask.java:100)
	at org.junit.platform.engine.support.hierarchical.ForkJoinPoolHierarchicalTestExecutorService$ExclusiveTask.exec(ForkJoinPoolHierarchicalTestExecutorService.java:274)
	at org.junit.platform.engine.support.hierarchical.ForkJoinPoolHierarchicalTestExecutorService$ExclusiveTask.execSync(ForkJoinPoolHierarchicalTestExecutorService.java:247)
	at org.junit.platform.engine.support.hierarchical.ForkJoinPoolHierarchicalTestExecutorService.executeSync(ForkJoinPoolHierarchicalTestExecutorService.java:194)
	at org.junit.platform.engine.support.hierarchical.ForkJoinPoolHierarchicalTestExecutorService.invokeAll(ForkJoinPoolHierarchicalTestExecutorService.java:166)
	at org.junit.platform.engine.support.hierarchical.NodeTestTask.lambda$executeRecursively$6(NodeTestTask.java:160)
	at org.junit.platform.engine.support.hierarchical.ThrowableCollector.execute(ThrowableCollector.java:73)
	at org.junit.platform.engine.support.hierarchical.NodeTestTask.lambda$executeRecursively$8(NodeTestTask.java:146)
	at org.junit.platform.engine.support.hierarchical.Node.around(Node.java:137)
	at org.junit.platform.engine.support.hierarchical.NodeTestTask.lambda$executeRecursively$9(NodeTestTask.java:144)
	at org.junit.platform.engine.support.hierarchical.ThrowableCollector.execute(ThrowableCollector.java:73)
	at org.junit.platform.engine.support.hierarchical.NodeTestTask.executeRecursively(NodeTestTask.java:143)
	at org.junit.platform.engine.support.hierarchical.NodeTestTask.execute(NodeTestTask.java:100)
	at org.junit.platform.engine.support.hierarchical.ForkJoinPoolHierarchicalTestExecutorService$ExclusiveTask.exec(ForkJoinPoolHierarchicalTestExecutorService.java:274)
	at java.base/java.util.concurrent.ForkJoinTask.doExec(ForkJoinTask.java:387)
	at java.base/java.util.concurrent.ForkJoinPool$WorkQueue.topLevelExec(ForkJoinPool.java:1312)
	at java.base/java.util.concurrent.ForkJoinPool.scan(ForkJoinPool.java:1843)
	at java.base/java.util.concurrent.ForkJoinPool.runWorker(ForkJoinPool.java:1808)
	at java.base/java.util.concurrent.ForkJoinWorkerThread.run(ForkJoinWorkerThread.java:188)

  Starting logs for ComplaintResponseIntegrationTest > resolveComplaint_LockActiveBUTCreatorOfLock_shouldResolve()
    23:42:37.192 |  31 nPool-1-worker-5 | DEBUG | d.t.c.a.a.c.u.util.UserUtilService   : Generate 1 students...
    23:42:37.198 |  31 nPool-1-worker-5 | DEBUG | d.t.c.a.a.c.u.util.UserUtilService   : 1 students generated. Generate 3 tutors...
    23:42:37.207 |  31 nPool-1-worker-5 | DEBUG | d.t.c.a.a.c.u.util.UserUtilService   : 3 tutors generated. Generate 0 editors...
    23:42:37.212 |  31 nPool-1-worker-5 | DEBUG | d.t.c.a.a.c.u.util.UserUtilService   : 0 editors generated. Generate 1 instructors...
    23:42:37.214 |  31 nPool-1-worker-5 | DEBUG | d.t.c.a.a.c.u.util.UserUtilService   : 1 instructors generated
    23:42:37.218 |  31 nPool-1-worker-5 | DEBUG | d.t.c.a.a.c.u.util.UserUtilService   : Removing 5 users from all courses...
    23:42:37.219 |  31 nPool-1-worker-5 | DEBUG | d.t.c.a.a.c.u.util.UserUtilService   : Removing 5 users from all courses. Done
    23:42:37.219 |  31 nPool-1-worker-5 | DEBUG | d.t.c.a.a.c.u.util.UserUtilService   : Save 5 users to database...
    23:42:37.228 |  31 nPool-1-worker-5 | DEBUG | d.t.c.a.a.c.u.util.UserUtilService   : Save 5 users to database. Done
    23:42:37.239 |  31 nPool-1-worker-5 | DEBUG | .c.s.m.InstanceMessageReceiveService : Received schedule participant score for exercise 203 and participant 24 (result to be deleted: null)
    23:42:37.239 |  31 nPool-1-worker-5 | DEBUG | .a.s.ParticipantScoreScheduleService : Scheduled task for exercise 203 and participant 24 at 2025-02-14T23:42:37.339516951Z[Etc/UTC].
    23:42:37.243 |  31 nPool-1-worker-5 | DEBUG | .c.s.m.InstanceMessageReceiveService : Received schedule participant score for exercise 203 and participant 24 (result to be deleted: null)
    23:42:37.243 |  31 nPool-1-worker-5 | DEBUG | .a.s.ParticipantScoreScheduleService : Scheduled task for exercise 203 and participant 24 at 2025-02-14T23:42:37.343972801Z[Etc/UTC].
    23:42:37.244 |  31 nPool-1-worker-5 | DEBUG | a.a.ComplaintResponseIntegrationTest : 3 Test setup submissions done
    23:42:37.245 |  31 nPool-1-worker-5 | DEBUG | a.a.ComplaintResponseIntegrationTest : 4 Test setup complaints done
    23:42:37.245 |  31 nPool-1-worker-5 | INFO  | i.z.t.d.l.EmbeddedDatabaseReporter   : JDBC URL to connect to 'dataSource': url='jdbc:h2:tcp://localhost:41063/mem:df70fc46-7e57-4cb5-9cd0-c1d90c14afa7;USER=sa', scope='ComplaintResponseIntegrationTest#resolveComplaint_LockActiveBUTCreatorOfLock_shouldResolve'
    23:42:37.247 |  31 nPool-1-worker-5 | DEBUG | d.t.c.a.a.c.s.f.ApiVersionFilter     : Adding Version to Request PATCH /api/complaints/92/response
    23:42:37.248 |  31 nPool-1-worker-5 | DEBUG | .c.a.a.a.w.ComplaintResponseResource : REST request to resolve the complaint with id: 92

  Starting logs for ComplaintResponseIntegrationTest > removeLock_noComplaintResponseExists_shouldThrowIllegalArgumentException()
    23:42:37.276 |  31 nPool-1-worker-5 | DEBUG | d.t.c.a.a.c.u.util.UserUtilService   : Generate 1 students...
    23:42:37.278 |  31 nPool-1-worker-5 | DEBUG | d.t.c.a.a.c.u.util.UserUtilService   : 1 students generated. Generate 3 tutors...
    23:42:37.284 |  31 nPool-1-worker-5 | DEBUG | d.t.c.a.a.c.u.util.UserUtilService   : 3 tutors generated. Generate 0 editors...
    23:42:37.285 |  31 nPool-1-worker-5 | DEBUG | d.t.c.a.a.c.u.util.UserUtilService   : 0 editors generated. Generate 1 instructors...
    23:42:37.288 |  31 nPool-1-worker-5 | DEBUG | d.t.c.a.a.c.u.util.UserUtilService   : 1 instructors generated
    23:42:37.289 |  31 nPool-1-worker-5 | DEBUG | d.t.c.a.a.c.u.util.UserUtilService   : Removing 5 users from all courses...
    23:42:37.290 |  31 nPool-1-worker-5 | DEBUG | d.t.c.a.a.c.u.util.UserUtilService   : Removing 5 users from all courses. Done
    23:42:37.290 |  31 nPool-1-worker-5 | DEBUG | d.t.c.a.a.c.u.util.UserUtilService   : Save 5 users to database...
    23:42:37.294 |  31 nPool-1-worker-5 | DEBUG | d.t.c.a.a.c.u.util.UserUtilService   : Save 5 users to database. Done
    23:42:37.312 |  31 nPool-1-worker-5 | DEBUG | .c.s.m.InstanceMessageReceiveService : Received schedule participant score for exercise 204 and participant 24 (result to be deleted: null)
    23:42:37.312 |  31 nPool-1-worker-5 | DEBUG | .a.s.ParticipantScoreScheduleService : Scheduled task for exercise 204 and participant 24 at 2025-02-14T23:42:37.412376462Z[Etc/UTC].
    23:42:37.318 |  31 nPool-1-worker-5 | DEBUG | .c.s.m.InstanceMessageReceiveService : Received schedule participant score for exercise 204 and participant 24 (result to be deleted: null)
    23:42:37.318 |  31 nPool-1-worker-5 | DEBUG | .a.s.ParticipantScoreScheduleService : Scheduled task for exercise 204 and participant 24 at 2025-02-14T23:42:37.418682723Z[Etc/UTC].
    23:42:37.323 |  31 nPool-1-worker-5 | DEBUG | a.a.ComplaintResponseIntegrationTest : 3 Test setup submissions done
    23:42:37.323 |  31 nPool-1-worker-5 | DEBUG | a.a.ComplaintResponseIntegrationTest : 4 Test setup complaints done
    23:42:37.324 |  31 nPool-1-worker-5 | INFO  | i.z.t.d.l.EmbeddedDatabaseReporter   : JDBC URL to connect to 'dataSource': url='jdbc:h2:tcp://localhost:41063/mem:df70fc46-7e57-4cb5-9cd0-c1d90c14afa7;USER=sa', scope='ComplaintResponseIntegrationTest#removeLock_noComplaintResponseExists_shouldThrowIllegalArgumentException'
    23:42:37.325 |  31 nPool-1-worker-5 | DEBUG | d.t.c.a.a.c.s.f.ApiVersionFilter     : Adding Version to Request DELETE /api/complaints/93/response
    23:42:37.329 |  31 nPool-1-worker-5 | DEBUG | .c.a.a.a.w.ComplaintResponseResource : REST request to remove the lock on the complaint with the id: 93
    23:42:37.335 |  31 nPool-1-worker-5 | ERROR | o.z.p.spring.common.AdviceTraits     : Internal Server Error
java.lang.IllegalArgumentException: Complaint response does not exists for given complaint, thus no lock exists
	at de.tum.cit.aet.artemis.assessment.service.ComplaintResponseService.getComplaintResponseRepresentingALock(ComplaintResponseService.java:88)
	at de.tum.cit.aet.artemis.assessment.service.ComplaintResponseService.removeComplaintResponseRepresentingLock(ComplaintResponseService.java:69)
	at de.tum.cit.aet.artemis.assessment.web.ComplaintResponseResource.removeLockFromComplaint(ComplaintResponseResource.java:84)
	at java.base/jdk.internal.reflect.DirectMethodHandleAccessor.invoke(DirectMethodHandleAccessor.java:103)
	at java.base/java.lang.reflect.Method.invoke(Method.java:580)
	at org.springframework.aop.support.AopUtils.invokeJoinpointUsingReflection(AopUtils.java:359)
	at org.springframework.aop.framework.ReflectiveMethodInvocation.invokeJoinpoint(ReflectiveMethodInvocation.java:196)
	at org.springframework.aop.framework.ReflectiveMethodInvocation.proceed(ReflectiveMethodInvocation.java:163)
	at org.springframework.security.authorization.method.AuthorizationManagerBeforeMethodInterceptor.proceed(AuthorizationManagerBeforeMethodInterceptor.java:268)
	at org.springframework.security.authorization.method.AuthorizationManagerBeforeMethodInterceptor.attemptAuthorization(AuthorizationManagerBeforeMethodInterceptor.java:263)
	at org.springframework.security.authorization.method.AuthorizationManagerBeforeMethodInterceptor.invoke(AuthorizationManagerBeforeMethodInterceptor.java:196)
	at org.springframework.security.config.annotation.method.configuration.DeferringMethodInterceptor.invoke(DeferringMethodInterceptor.java:44)
	at org.springframework.aop.framework.ReflectiveMethodInvocation.proceed(ReflectiveMethodInvocation.java:184)
	at org.springframework.aop.framework.CglibAopProxy$DynamicAdvisedInterceptor.intercept(CglibAopProxy.java:727)
	at de.tum.cit.aet.artemis.assessment.web.ComplaintResponseResource$$SpringCGLIB$$0.removeLockFromComplaint(<generated>)
	at java.base/jdk.internal.reflect.DirectMethodHandleAccessor.invoke(DirectMethodHandleAccessor.java:103)
	at java.base/java.lang.reflect.Method.invoke(Method.java:580)
	at org.springframework.web.method.support.InvocableHandlerMethod.doInvoke(InvocableHandlerMethod.java:257)
	at org.springframework.web.method.support.InvocableHandlerMethod.invokeForRequest(InvocableHandlerMethod.java:190)
	at org.springframework.web.servlet.mvc.method.annotation.ServletInvocableHandlerMethod.invokeAndHandle(ServletInvocableHandlerMethod.java:118)
	at org.springframework.web.servlet.mvc.method.annotation.RequestMappingHandlerAdapter.invokeHandlerMethod(RequestMappingHandlerAdapter.java:986)
	at org.springframework.web.servlet.mvc.method.annotation.RequestMappingHandlerAdapter.handleInternal(RequestMappingHandlerAdapter.java:891)
	at org.springframework.web.servlet.mvc.method.AbstractHandlerMethodAdapter.handle(AbstractHandlerMethodAdapter.java:87)
	at org.springframework.web.servlet.DispatcherServlet.doDispatch(DispatcherServlet.java:1088)
	at org.springframework.web.servlet.DispatcherServlet.doService(DispatcherServlet.java:978)
	at org.springframework.web.servlet.FrameworkServlet.processRequest(FrameworkServlet.java:1014)
	at org.springframework.web.servlet.FrameworkServlet.doDelete(FrameworkServlet.java:936)
	at jakarta.servlet.http.HttpServlet.service(HttpServlet.java:553)
	at org.springframework.web.servlet.FrameworkServlet.service(FrameworkServlet.java:885)
	at org.springframework.test.web.servlet.TestDispatcherServlet.service(TestDispatcherServlet.java:72)
	at jakarta.servlet.http.HttpServlet.service(HttpServlet.java:614)
	at org.springframework.mock.web.MockFilterChain$ServletFilterProxy.doFilter(MockFilterChain.java:165)
	at org.springframework.mock.web.MockFilterChain.doFilter(MockFilterChain.java:132)
	at org.springframework.web.filter.OncePerRequestFilter.doFilter(OncePerRequestFilter.java:110)
	at org.springframework.test.web.servlet.setup.MockMvcFilterDecorator.doFilter(MockMvcFilterDecorator.java:162)
	at org.springframework.mock.web.MockFilterChain.doFilter(MockFilterChain.java:132)
	at de.tum.cit.aet.artemis.core.security.filter.ApiVersionFilter.doFilter(ApiVersionFilter.java:55)
	at org.springframework.test.web.servlet.setup.MockMvcFilterDecorator.doFilter(MockMvcFilterDecorator.java:162)
	at org.springframework.mock.web.MockFilterChain.doFilter(MockFilterChain.java:132)
	at io.sentry.spring.jakarta.SentryUserFilter.doFilterInternal(SentryUserFilter.java:56)
	at org.springframework.web.filter.OncePerRequestFilter.doFilter(OncePerRequestFilter.java:116)
	at org.springframework.test.web.servlet.setup.MockMvcFilterDecorator.doFilter(MockMvcFilterDecorator.java:162)
	at org.springframework.mock.web.MockFilterChain.doFilter(MockFilterChain.java:132)
	at org.springframework.web.filter.CompositeFilter$VirtualFilterChain.doFilter(CompositeFilter.java:108)
	at org.springframework.security.web.FilterChainProxy.lambda$doFilterInternal$3(FilterChainProxy.java:231)
	at org.springframework.security.web.ObservationFilterChainDecorator$FilterObservation$SimpleFilterObservation.lambda$wrap$1(ObservationFilterChainDecorator.java:479)
	at org.springframework.security.web.ObservationFilterChainDecorator$AroundFilterObservation$SimpleAroundFilterObservation.lambda$wrap$1(ObservationFilterChainDecorator.java:340)
	at org.springframework.security.web.ObservationFilterChainDecorator.lambda$wrapSecured$0(ObservationFilterChainDecorator.java:82)
	at org.springframework.security.web.ObservationFilterChainDecorator$VirtualFilterChain.doFilter(ObservationFilterChainDecorator.java:128)
	at org.springframework.security.web.access.intercept.AuthorizationFilter.doFilter(AuthorizationFilter.java:101)
	at org.springframework.security.web.ObservationFilterChainDecorator$ObservationFilter.wrapFilter(ObservationFilterChainDecorator.java:240)
	at org.springframework.security.web.ObservationFilterChainDecorator$ObservationFilter.doFilter(ObservationFilterChainDecorator.java:227)
	at org.springframework.security.web.ObservationFilterChainDecorator$VirtualFilterChain.doFilter(ObservationFilterChainDecorator.java:137)
	at org.springframework.security.web.access.ExceptionTranslationFilter.doFilter(ExceptionTranslationFilter.java:126)
	at org.springframework.security.web.access.ExceptionTranslationFilter.doFilter(ExceptionTranslationFilter.java:120)
	at org.springframework.security.web.ObservationFilterChainDecorator$ObservationFilter.wrapFilter(ObservationFilterChainDecorator.java:240)
	at org.springframework.security.web.ObservationFilterChainDecorator$ObservationFilter.doFilter(ObservationFilterChainDecorator.java:227)
	at org.springframework.security.web.ObservationFilterChainDecorator$VirtualFilterChain.doFilter(ObservationFilterChainDecorator.java:137)
	at org.springframework.security.web.session.SessionManagementFilter.doFilter(SessionManagementFilter.java:131)
	at org.springframework.security.web.session.SessionManagementFilter.doFilter(SessionManagementFilter.java:85)
	at org.springframework.security.web.ObservationFilterChainDecorator$ObservationFilter.wrapFilter(ObservationFilterChainDecorator.java:240)
	at org.springframework.security.web.ObservationFilterChainDecorator$ObservationFilter.doFilter(ObservationFilterChainDecorator.java:227)
	at org.springframework.security.web.ObservationFilterChainDecorator$VirtualFilterChain.doFilter(ObservationFilterChainDecorator.java:137)
	at org.springframework.security.web.authentication.AnonymousAuthenticationFilter.doFilter(AnonymousAuthenticationFilter.java:100)
	at org.springframework.security.web.ObservationFilterChainDecorator$ObservationFilter.wrapFilter(ObservationFilterChainDecorator.java:240)
	at org.springframework.security.web.ObservationFilterChainDecorator$ObservationFilter.doFilter(ObservationFilterChainDecorator.java:227)
	at org.springframework.security.web.ObservationFilterChainDecorator$VirtualFilterChain.doFilter(ObservationFilterChainDecorator.java:137)
	at org.springframework.security.web.servletapi.SecurityContextHolderAwareRequestFilter.doFilter(SecurityContextHolderAwareRequestFilter.java:179)
	at org.springframework.security.web.ObservationFilterChainDecorator$ObservationFilter.wrapFilter(ObservationFilterChainDecorator.java:240)
	at org.springframework.security.web.ObservationFilterChainDecorator$ObservationFilter.doFilter(ObservationFilterChainDecorator.java:227)
	at org.springframework.security.web.ObservationFilterChainDecorator$VirtualFilterChain.doFilter(ObservationFilterChainDecorator.java:137)
	at org.springframework.security.web.savedrequest.RequestCacheAwareFilter.doFilter(RequestCacheAwareFilter.java:63)
	at org.springframework.security.web.ObservationFilterChainDecorator$ObservationFilter.wrapFilter(ObservationFilterChainDecorator.java:240)
	at org.springframework.security.web.ObservationFilterChainDecorator$ObservationFilter.doFilter(ObservationFilterChainDecorator.java:227)
	at org.springframework.security.web.ObservationFilterChainDecorator$VirtualFilterChain.doFilter(ObservationFilterChainDecorator.java:137)
	at de.tum.cit.aet.artemis.core.security.filter.SpaWebFilter.doFilterInternal(SpaWebFilter.java:23)
	at org.springframework.web.filter.OncePerRequestFilter.doFilter(OncePerRequestFilter.java:116)
	at org.springframework.security.web.ObservationFilterChainDecorator$ObservationFilter.wrapFilter(ObservationFilterChainDecorator.java:240)
	at org.springframework.security.web.ObservationFilterChainDecorator$ObservationFilter.doFilter(ObservationFilterChainDecorator.java:227)
	at org.springframework.security.web.ObservationFilterChainDecorator$VirtualFilterChain.doFilter(ObservationFilterChainDecorator.java:137)
	at org.springframework.web.filter.OncePerRequestFilter.doFilter(OncePerRequestFilter.java:110)
	at org.springframework.security.web.ObservationFilterChainDecorator$ObservationFilter.wrapFilter(ObservationFilterChainDecorator.java:240)
	at org.springframework.security.web.ObservationFilterChainDecorator$ObservationFilter.doFilter(ObservationFilterChainDecorator.java:227)
	at org.springframework.security.web.ObservationFilterChainDecorator$VirtualFilterChain.doFilter(ObservationFilterChainDecorator.java:137)
	at de.tum.cit.aet.artemis.lti.config.Lti13LaunchFilter.doFilterInternal(Lti13LaunchFilter.java:60)
	at org.springframework.web.filter.OncePerRequestFilter.doFilter(OncePerRequestFilter.java:116)
	at org.springframework.security.web.ObservationFilterChainDecorator$ObservationFilter.wrapFilter(ObservationFilterChainDecorator.java:240)
	at org.springframework.security.web.ObservationFilterChainDecorator$ObservationFilter.doFilter(ObservationFilterChainDecorator.java:227)
	at org.springframework.security.web.ObservationFilterChainDecorator$VirtualFilterChain.doFilter(ObservationFilterChainDecorator.java:137)
	at de.tum.cit.aet.artemis.core.security.jwt.JWTFilter.doFilter(JWTFilter.java:55)
	at org.springframework.security.web.ObservationFilterChainDecorator$ObservationFilter.wrapFilter(ObservationFilterChainDecorator.java:240)
	at org.springframework.security.web.ObservationFilterChainDecorator$ObservationFilter.doFilter(ObservationFilterChainDecorator.java:227)
	at org.springframework.security.web.ObservationFilterChainDecorator$VirtualFilterChain.doFilter(ObservationFilterChainDecorator.java:137)
	at de.tum.cit.aet.artemis.core.security.jwt.JWTFilter.doFilter(JWTFilter.java:55)
	at org.springframework.security.web.ObservationFilterChainDecorator$ObservationFilter.wrapFilter(ObservationFilterChainDecorator.java:240)
	at org.springframework.security.web.ObservationFilterChainDecorator$ObservationFilter.doFilter(ObservationFilterChainDecorator.java:227)
	at org.springframework.security.web.ObservationFilterChainDecorator$VirtualFilterChain.doFilter(ObservationFilterChainDecorator.java:137)
	at org.springframework.web.filter.CorsFilter.doFilterInternal(CorsFilter.java:91)
	at org.springframework.web.filter.OncePerRequestFilter.doFilter(OncePerRequestFilter.java:116)
	at org.springframework.security.web.ObservationFilterChainDecorator$ObservationFilter.wrapFilter(ObservationFilterChainDecorator.java:240)
	at org.springframework.security.web.ObservationFilterChainDecorator$ObservationFilter.doFilter(ObservationFilterChainDecorator.java:227)
	at org.springframework.security.web.ObservationFilterChainDecorator$VirtualFilterChain.doFilter(ObservationFilterChainDecorator.java:137)
	at org.springframework.web.filter.OncePerRequestFilter.doFilter(OncePerRequestFilter.java:110)
	at org.springframework.security.web.ObservationFilterChainDecorator$ObservationFilter.wrapFilter(ObservationFilterChainDecorator.java:240)
	at org.springframework.security.web.ObservationFilterChainDecorator$ObservationFilter.doFilter(ObservationFilterChainDecorator.java:227)
	at org.springframework.security.web.ObservationFilterChainDecorator$VirtualFilterChain.doFilter(ObservationFilterChainDecorator.java:137)
	at uk.ac.ox.ctl.lti13.security.oauth2.client.lti.web.OAuth2AuthorizationRequestRedirectFilter.doFilterInternal(OAuth2AuthorizationRequestRedirectFilter.java:142)
	at org.springframework.web.filter.OncePerRequestFilter.doFilter(OncePerRequestFilter.java:116)
	at org.springframework.security.web.ObservationFilterChainDecorator$ObservationFilter.wrapFilter(ObservationFilterChainDecorator.java:240)
	at org.springframework.security.web.ObservationFilterChainDecorator$ObservationFilter.doFilter(ObservationFilterChainDecorator.java:227)
	at org.springframework.security.web.ObservationFilterChainDecorator$VirtualFilterChain.doFilter(ObservationFilterChainDecorator.java:137)
	at org.springframework.security.web.authentication.logout.LogoutFilter.doFilter(LogoutFilter.java:107)
	at org.springframework.security.web.authentication.logout.LogoutFilter.doFilter(LogoutFilter.java:93)
	at org.springframework.security.web.ObservationFilterChainDecorator$ObservationFilter.wrapFilter(ObservationFilterChainDecorator.java:240)
	at org.springframework.security.web.ObservationFilterChainDecorator$ObservationFilter.doFilter(ObservationFilterChainDecorator.java:227)
	at org.springframework.security.web.ObservationFilterChainDecorator$VirtualFilterChain.doFilter(ObservationFilterChainDecorator.java:137)
	at org.springframework.security.web.header.HeaderWriterFilter.doHeadersAfter(HeaderWriterFilter.java:90)
	at org.springframework.security.web.header.HeaderWriterFilter.doFilterInternal(HeaderWriterFilter.java:75)
	at org.springframework.web.filter.OncePerRequestFilter.doFilter(OncePerRequestFilter.java:116)
	at org.springframework.security.web.ObservationFilterChainDecorator$ObservationFilter.wrapFilter(ObservationFilterChainDecorator.java:240)
	at org.springframework.security.web.ObservationFilterChainDecorator$ObservationFilter.doFilter(ObservationFilterChainDecorator.java:227)
	at org.springframework.security.web.ObservationFilterChainDecorator$VirtualFilterChain.doFilter(ObservationFilterChainDecorator.java:137)
	at org.springframework.security.web.context.SecurityContextHolderFilter.doFilter(SecurityContextHolderFilter.java:82)
	at org.springframework.security.web.context.SecurityContextHolderFilter.doFilter(SecurityContextHolderFilter.java:69)
	at org.springframework.security.web.ObservationFilterChainDecorator$ObservationFilter.wrapFilter(ObservationFilterChainDecorator.java:240)
	at org.springframework.security.web.ObservationFilterChainDecorator$ObservationFilter.doFilter(ObservationFilterChainDecorator.java:227)
	at org.springframework.security.web.ObservationFilterChainDecorator$VirtualFilterChain.doFilter(ObservationFilterChainDecorator.java:137)
	at org.springframework.security.web.context.request.async.WebAsyncManagerIntegrationFilter.doFilterInternal(WebAsyncManagerIntegrationFilter.java:62)
	at org.springframework.web.filter.OncePerRequestFilter.doFilter(OncePerRequestFilter.java:116)
	at org.springframework.security.web.ObservationFilterChainDecorator$ObservationFilter.wrapFilter(ObservationFilterChainDecorator.java:240)
	at org.springframework.security.web.ObservationFilterChainDecorator$ObservationFilter.doFilter(ObservationFilterChainDecorator.java:227)
	at org.springframework.security.web.ObservationFilterChainDecorator$VirtualFilterChain.doFilter(ObservationFilterChainDecorator.java:137)
	at org.springframework.security.web.session.DisableEncodeUrlFilter.doFilterInternal(DisableEncodeUrlFilter.java:42)
	at org.springframework.web.filter.OncePerRequestFilter.doFilter(OncePerRequestFilter.java:116)
	at org.springframework.security.web.ObservationFilterChainDecorator$ObservationFilter.wrapFilter(ObservationFilterChainDecorator.java:240)
	at org.springframework.security.web.ObservationFilterChainDecorator$AroundFilterObservation$SimpleAroundFilterObservation.lambda$wrap$0(ObservationFilterChainDecorator.java:323)
	at org.springframework.security.web.ObservationFilterChainDecorator$ObservationFilter.doFilter(ObservationFilterChainDecorator.java:224)
	at org.springframework.security.web.ObservationFilterChainDecorator$VirtualFilterChain.doFilter(ObservationFilterChainDecorator.java:137)
	at org.springframework.security.web.FilterChainProxy.doFilterInternal(FilterChainProxy.java:233)
	at org.springframework.security.web.FilterChainProxy.doFilter(FilterChainProxy.java:191)
	at org.springframework.web.filter.CompositeFilter$VirtualFilterChain.doFilter(CompositeFilter.java:113)
	at org.springframework.web.servlet.handler.HandlerMappingIntrospector.lambda$createCacheFilter$3(HandlerMappingIntrospector.java:243)
	at org.springframework.web.filter.CompositeFilter$VirtualFilterChain.doFilter(CompositeFilter.java:113)
	at org.springframework.web.filter.CompositeFilter.doFilter(CompositeFilter.java:74)
	at org.springframework.security.config.annotation.web.configuration.WebMvcSecurityConfiguration$CompositeFilterChainProxy.doFilter(WebMvcSecurityConfiguration.java:238)
	at org.springframework.web.filter.DelegatingFilterProxy.invokeDelegate(DelegatingFilterProxy.java:362)
	at org.springframework.web.filter.DelegatingFilterProxy.doFilter(DelegatingFilterProxy.java:278)
	at org.springframework.test.web.servlet.setup.MockMvcFilterDecorator.doFilter(MockMvcFilterDecorator.java:162)
	at org.springframework.mock.web.MockFilterChain.doFilter(MockFilterChain.java:132)
	at org.springframework.web.filter.RequestContextFilter.doFilterInternal(RequestContextFilter.java:100)
	at org.springframework.web.filter.OncePerRequestFilter.doFilter(OncePerRequestFilter.java:116)
	at org.springframework.test.web.servlet.setup.MockMvcFilterDecorator.doFilter(MockMvcFilterDecorator.java:162)
	at org.springframework.mock.web.MockFilterChain.doFilter(MockFilterChain.java:132)
	at org.springframework.web.filter.FormContentFilter.doFilterInternal(FormContentFilter.java:93)
	at org.springframework.web.filter.OncePerRequestFilter.doFilter(OncePerRequestFilter.java:116)
	at org.springframework.test.web.servlet.setup.MockMvcFilterDecorator.doFilter(MockMvcFilterDecorator.java:162)
	at org.springframework.mock.web.MockFilterChain.doFilter(MockFilterChain.java:132)
	at org.springframework.web.filter.ServerHttpObservationFilter.doFilterInternal(ServerHttpObservationFilter.java:114)
	at org.springframework.web.filter.OncePerRequestFilter.doFilter(OncePerRequestFilter.java:116)
	at org.springframework.test.web.servlet.setup.MockMvcFilterDecorator.doFilter(MockMvcFilterDecorator.java:162)
	at org.springframework.mock.web.MockFilterChain.doFilter(MockFilterChain.java:132)
	at io.sentry.spring.jakarta.tracing.SentryTracingFilter.doFilterInternal(SentryTracingFilter.java:91)
	at org.springframework.web.filter.OncePerRequestFilter.doFilter(OncePerRequestFilter.java:116)
	at org.springframework.test.web.servlet.setup.MockMvcFilterDecorator.doFilter(MockMvcFilterDecorator.java:162)
	at org.springframework.mock.web.MockFilterChain.doFilter(MockFilterChain.java:132)
	at org.springframework.web.filter.CharacterEncodingFilter.doFilterInternal(CharacterEncodingFilter.java:201)
	at org.springframework.web.filter.OncePerRequestFilter.doFilter(OncePerRequestFilter.java:116)
	at org.springframework.test.web.servlet.setup.MockMvcFilterDecorator.doFilter(MockMvcFilterDecorator.java:162)
	at org.springframework.mock.web.MockFilterChain.doFilter(MockFilterChain.java:132)
	at io.sentry.spring.jakarta.SentrySpringFilter.doFilterInternal(SentrySpringFilter.java:76)
	at org.springframework.web.filter.OncePerRequestFilter.doFilter(OncePerRequestFilter.java:116)
	at org.springframework.test.web.servlet.setup.MockMvcFilterDecorator.doFilter(MockMvcFilterDecorator.java:162)
	at org.springframework.mock.web.MockFilterChain.doFilter(MockFilterChain.java:132)
	at org.springframework.test.web.servlet.MockMvc.perform(MockMvc.java:201)
	at de.tum.cit.aet.artemis.core.util.RequestUtilService.performMvcRequest(RequestUtilService.java:79)
	at de.tum.cit.aet.artemis.core.util.RequestUtilService.delete(RequestUtilService.java:780)
	at de.tum.cit.aet.artemis.assessment.ComplaintResponseIntegrationTest.removeLock_noComplaintResponseExists_shouldThrowIllegalArgumentException(ComplaintResponseIntegrationTest.java:353)
	at java.base/jdk.internal.reflect.DirectMethodHandleAccessor.invoke(DirectMethodHandleAccessor.java:103)
	at java.base/java.lang.reflect.Method.invoke(Method.java:580)
	at org.junit.platform.commons.util.ReflectionUtils.invokeMethod(ReflectionUtils.java:767)
	at org.junit.jupiter.engine.execution.MethodInvocation.proceed(MethodInvocation.java:60)
	at org.junit.jupiter.engine.execution.InvocationInterceptorChain$ValidatingInvocation.proceed(InvocationInterceptorChain.java:131)
	at org.junit.jupiter.engine.extension.TimeoutExtension.intercept(TimeoutExtension.java:156)
	at org.junit.jupiter.engine.extension.TimeoutExtension.interceptTestableMethod(TimeoutExtension.java:147)
	at org.junit.jupiter.engine.extension.TimeoutExtension.interceptTestMethod(TimeoutExtension.java:86)
	at org.junit.jupiter.engine.execution.InterceptingExecutableInvoker$ReflectiveInterceptorCall.lambda$ofVoidMethod$0(InterceptingExecutableInvoker.java:103)
	at org.junit.jupiter.engine.execution.InterceptingExecutableInvoker.lambda$invoke$0(InterceptingExecutableInvoker.java:93)
	at org.junit.jupiter.engine.execution.InvocationInterceptorChain$InterceptedInvocation.proceed(InvocationInterceptorChain.java:106)
	at org.junit.jupiter.engine.execution.InvocationInterceptorChain.proceed(InvocationInterceptorChain.java:64)
	at org.junit.jupiter.engine.execution.InvocationInterceptorChain.chainAndInvoke(InvocationInterceptorChain.java:45)
	at org.junit.jupiter.engine.execution.InvocationInterceptorChain.invoke(InvocationInterceptorChain.java:37)
	at org.junit.jupiter.engine.execution.InterceptingExecutableInvoker.invoke(InterceptingExecutableInvoker.java:92)
	at org.junit.jupiter.engine.execution.InterceptingExecutableInvoker.invoke(InterceptingExecutableInvoker.java:86)
	at org.junit.jupiter.engine.descriptor.TestMethodTestDescriptor.lambda$invokeTestMethod$8(TestMethodTestDescriptor.java:217)
	at org.junit.platform.engine.support.hierarchical.ThrowableCollector.execute(ThrowableCollector.java:73)
	at org.junit.jupiter.engine.descriptor.TestMethodTestDescriptor.invokeTestMethod(TestMethodTestDescriptor.java:213)
	at org.junit.jupiter.engine.descriptor.TestMethodTestDescriptor.execute(TestMethodTestDescriptor.java:138)
	at org.junit.jupiter.engine.descriptor.TestMethodTestDescriptor.execute(TestMethodTestDescriptor.java:68)
	at org.junit.platform.engine.support.hierarchical.NodeTestTask.lambda$executeRecursively$6(NodeTestTask.java:156)
	at org.junit.platform.engine.support.hierarchical.ThrowableCollector.execute(ThrowableCollector.java:73)
	at org.junit.platform.engine.support.hierarchical.NodeTestTask.lambda$executeRecursively$8(NodeTestTask.java:146)
	at org.junit.platform.engine.support.hierarchical.Node.around(Node.java:137)
	at org.junit.platform.engine.support.hierarchical.NodeTestTask.lambda$executeRecursively$9(NodeTestTask.java:144)
	at org.junit.platform.engine.support.hierarchical.ThrowableCollector.execute(ThrowableCollector.java:73)
	at org.junit.platform.engine.support.hierarchical.NodeTestTask.executeRecursively(NodeTestTask.java:143)
	at org.junit.platform.engine.support.hierarchical.NodeTestTask.execute(NodeTestTask.java:100)
	at org.junit.platform.engine.support.hierarchical.ForkJoinPoolHierarchicalTestExecutorService$ExclusiveTask.exec(ForkJoinPoolHierarchicalTestExecutorService.java:274)
	at org.junit.platform.engine.support.hierarchical.ForkJoinPoolHierarchicalTestExecutorService$ExclusiveTask.execSync(ForkJoinPoolHierarchicalTestExecutorService.java:247)
	at org.junit.platform.engine.support.hierarchical.ForkJoinPoolHierarchicalTestExecutorService.executeSync(ForkJoinPoolHierarchicalTestExecutorService.java:194)
	at org.junit.platform.engine.support.hierarchical.ForkJoinPoolHierarchicalTestExecutorService.invokeAll(ForkJoinPoolHierarchicalTestExecutorService.java:166)
	at org.junit.platform.engine.support.hierarchical.NodeTestTask.lambda$executeRecursively$6(NodeTestTask.java:160)
	at org.junit.platform.engine.support.hierarchical.ThrowableCollector.execute(ThrowableCollector.java:73)
	at org.junit.platform.engine.support.hierarchical.NodeTestTask.lambda$executeRecursively$8(NodeTestTask.java:146)
	at org.junit.platform.engine.support.hierarchical.Node.around(Node.java:137)
	at org.junit.platform.engine.support.hierarchical.NodeTestTask.lambda$executeRecursively$9(NodeTestTask.java:144)
	at org.junit.platform.engine.support.hierarchical.ThrowableCollector.execute(ThrowableCollector.java:73)
	at org.junit.platform.engine.support.hierarchical.NodeTestTask.executeRecursively(NodeTestTask.java:143)
	at org.junit.platform.engine.support.hierarchical.NodeTestTask.execute(NodeTestTask.java:100)
	at org.junit.platform.engine.support.hierarchical.ForkJoinPoolHierarchicalTestExecutorService$ExclusiveTask.exec(ForkJoinPoolHierarchicalTestExecutorService.java:274)
	at java.base/java.util.concurrent.ForkJoinTask.doExec(ForkJoinTask.java:387)
	at java.base/java.util.concurrent.ForkJoinPool$WorkQueue.topLevelExec(ForkJoinPool.java:1312)
	at java.base/java.util.concurrent.ForkJoinPool.scan(ForkJoinPool.java:1843)
	at java.base/java.util.concurrent.ForkJoinPool.runWorker(ForkJoinPool.java:1808)
	at java.base/java.util.concurrent.ForkJoinWorkerThread.run(ForkJoinWorkerThread.java:188)

  Starting logs for ComplaintResponseIntegrationTest > removeLock_notCreatorAndLockActive_shouldThrowComplaintResponseLockedException()
    23:42:37.369 |  31 nPool-1-worker-5 | DEBUG | d.t.c.a.a.c.u.util.UserUtilService   : Generate 1 students...
    23:42:37.379 |  31 nPool-1-worker-5 | DEBUG | d.t.c.a.a.c.u.util.UserUtilService   : 1 students generated. Generate 3 tutors...
    23:42:37.391 |  31 nPool-1-worker-5 | DEBUG | d.t.c.a.a.c.u.util.UserUtilService   : 3 tutors generated. Generate 0 editors...
    23:42:37.392 |  31 nPool-1-worker-5 | DEBUG | d.t.c.a.a.c.u.util.UserUtilService   : 0 editors generated. Generate 1 instructors...
    23:42:37.400 |  31 nPool-1-worker-5 | DEBUG | d.t.c.a.a.c.u.util.UserUtilService   : 1 instructors generated
    23:42:37.401 |  31 nPool-1-worker-5 | DEBUG | d.t.c.a.a.c.u.util.UserUtilService   : Removing 5 users from all courses...
    23:42:37.405 |  31 nPool-1-worker-5 | DEBUG | d.t.c.a.a.c.u.util.UserUtilService   : Removing 5 users from all courses. Done
    23:42:37.405 |  31 nPool-1-worker-5 | DEBUG | d.t.c.a.a.c.u.util.UserUtilService   : Save 5 users to database...
    23:42:37.410 |  31 nPool-1-worker-5 | DEBUG | d.t.c.a.a.c.u.util.UserUtilService   : Save 5 users to database. Done
    23:42:37.418 |  31 nPool-1-worker-5 | DEBUG | .c.s.m.InstanceMessageReceiveService : Received schedule participant score for exercise 205 and participant 24 (result to be deleted: null)
    23:42:37.418 |  31 nPool-1-worker-5 | DEBUG | .a.s.ParticipantScoreScheduleService : Scheduled task for exercise 205 and participant 24 at 2025-02-14T23:42:37.518493006Z[Etc/UTC].
    23:42:37.422 |  31 nPool-1-worker-5 | DEBUG | .c.s.m.InstanceMessageReceiveService : Received schedule participant score for exercise 205 and participant 24 (result to be deleted: null)
    23:42:37.422 |  31 nPool-1-worker-5 | DEBUG | .a.s.ParticipantScoreScheduleService : Scheduled task for exercise 205 and participant 24 at 2025-02-14T23:42:37.522952993Z[Etc/UTC].
    23:42:37.423 |  31 nPool-1-worker-5 | DEBUG | a.a.ComplaintResponseIntegrationTest : 3 Test setup submissions done
    23:42:37.424 |  31 nPool-1-worker-5 | DEBUG | a.a.ComplaintResponseIntegrationTest : 4 Test setup complaints done
    23:42:37.424 |  31 nPool-1-worker-5 | INFO  | i.z.t.d.l.EmbeddedDatabaseReporter   : JDBC URL to connect to 'dataSource': url='jdbc:h2:tcp://localhost:41063/mem:df70fc46-7e57-4cb5-9cd0-c1d90c14afa7;USER=sa', scope='ComplaintResponseIntegrationTest#removeLock_notCreatorAndLockActive_shouldThrowComplaintResponseLockedException'
    23:42:37.426 |  31 nPool-1-worker-5 | DEBUG | d.t.c.a.a.c.s.f.ApiVersionFilter     : Adding Version to Request DELETE /api/complaints/94/response
    23:42:37.427 |  31 nPool-1-worker-5 | DEBUG | .c.a.a.a.w.ComplaintResponseResource : REST request to remove the lock on the complaint with the id: 94
    23:42:37.431 |  31 nPool-1-worker-5 | ERROR | tech.jhipster.web.util.HeaderUtil    : Entity processing failed, Complaint is locked
    23:42:37.431 |  31 nPool-1-worker-5 | WARN  | o.z.p.spring.common.AdviceTraits     : Bad Request: Complaint is locked

  Starting logs for ComplaintResponseIntegrationTest > refreshLock_noFailureCondition_shouldRefreshLock()
    23:42:37.447 |  31 nPool-1-worker-5 | DEBUG | d.t.c.a.a.c.u.util.UserUtilService   : Generate 1 students...
    23:42:37.450 |  31 nPool-1-worker-5 | DEBUG | d.t.c.a.a.c.u.util.UserUtilService   : 1 students generated. Generate 3 tutors...
    23:42:37.455 |  31 nPool-1-worker-5 | DEBUG | d.t.c.a.a.c.u.util.UserUtilService   : 3 tutors generated. Generate 0 editors...
    23:42:37.456 |  31 nPool-1-worker-5 | DEBUG | d.t.c.a.a.c.u.util.UserUtilService   : 0 editors generated. Generate 1 instructors...
    23:42:37.458 |  31 nPool-1-worker-5 | DEBUG | d.t.c.a.a.c.u.util.UserUtilService   : 1 instructors generated
    23:42:37.460 |  31 nPool-1-worker-5 | DEBUG | d.t.c.a.a.c.u.util.UserUtilService   : Removing 5 users from all courses...
    23:42:37.461 |  31 nPool-1-worker-5 | DEBUG | d.t.c.a.a.c.u.util.UserUtilService   : Removing 5 users from all courses. Done
    23:42:37.461 |  31 nPool-1-worker-5 | DEBUG | d.t.c.a.a.c.u.util.UserUtilService   : Save 5 users to database...
    23:42:37.465 |  31 nPool-1-worker-5 | DEBUG | d.t.c.a.a.c.u.util.UserUtilService   : Save 5 users to database. Done
    23:42:37.473 |  31 nPool-1-worker-5 | DEBUG | .c.s.m.InstanceMessageReceiveService : Received schedule participant score for exercise 206 and participant 24 (result to be deleted: null)
    23:42:37.473 |  31 nPool-1-worker-5 | DEBUG | .a.s.ParticipantScoreScheduleService : Scheduled task for exercise 206 and participant 24 at 2025-02-14T23:42:37.573507716Z[Etc/UTC].
    23:42:37.477 |  31 nPool-1-worker-5 | DEBUG | .c.s.m.InstanceMessageReceiveService : Received schedule participant score for exercise 206 and participant 24 (result to be deleted: null)
    23:42:37.477 |  31 nPool-1-worker-5 | DEBUG | .a.s.ParticipantScoreScheduleService : Scheduled task for exercise 206 and participant 24 at 2025-02-14T23:42:37.577924143Z[Etc/UTC].
    23:42:37.478 |  31 nPool-1-worker-5 | DEBUG | a.a.ComplaintResponseIntegrationTest : 3 Test setup submissions done
    23:42:37.478 |  31 nPool-1-worker-5 | DEBUG | a.a.ComplaintResponseIntegrationTest : 4 Test setup complaints done
    23:42:37.479 |  31 nPool-1-worker-5 | INFO  | i.z.t.d.l.EmbeddedDatabaseReporter   : JDBC URL to connect to 'dataSource': url='jdbc:h2:tcp://localhost:41063/mem:df70fc46-7e57-4cb5-9cd0-c1d90c14afa7;USER=sa', scope='ComplaintResponseIntegrationTest#refreshLock_noFailureCondition_shouldRefreshLock'
    23:42:37.481 |  31 nPool-1-worker-5 | DEBUG | d.t.c.a.a.c.s.f.ApiVersionFilter     : Adding Version to Request PATCH /api/complaints/95/response
    23:42:37.482 |  31 nPool-1-worker-5 | DEBUG | .c.a.a.a.w.ComplaintResponseResource : REST request to refresh empty complaint response for complaint with id: 95
    23:42:37.487 |  31 nPool-1-worker-5 | DEBUG | t.c.a.a.a.s.ComplaintResponseService : Refreshed empty complaint and thus lock for complaint with id : 95

  Starting logs for ComplaintResponseIntegrationTest > resolveComplaint_complaintAlreadyAnswered_shouldThrowIllegalArgumentException()
    23:42:37.506 |  31 nPool-1-worker-5 | DEBUG | d.t.c.a.a.c.u.util.UserUtilService   : Generate 1 students...
    23:42:37.509 |  31 nPool-1-worker-5 | DEBUG | d.t.c.a.a.c.u.util.UserUtilService   : 1 students generated. Generate 3 tutors...
    23:42:37.514 |  31 nPool-1-worker-5 | DEBUG | d.t.c.a.a.c.u.util.UserUtilService   : 3 tutors generated. Generate 0 editors...
    23:42:37.516 |  31 nPool-1-worker-5 | DEBUG | d.t.c.a.a.c.u.util.UserUtilService   : 0 editors generated. Generate 1 instructors...
    23:42:37.518 |  31 nPool-1-worker-5 | DEBUG | d.t.c.a.a.c.u.util.UserUtilService   : 1 instructors generated
    23:42:37.520 |  31 nPool-1-worker-5 | DEBUG | d.t.c.a.a.c.u.util.UserUtilService   : Removing 5 users from all courses...
    23:42:37.521 |  31 nPool-1-worker-5 | DEBUG | d.t.c.a.a.c.u.util.UserUtilService   : Removing 5 users from all courses. Done
    23:42:37.521 |  31 nPool-1-worker-5 | DEBUG | d.t.c.a.a.c.u.util.UserUtilService   : Save 5 users to database...
    23:42:37.525 |  31 nPool-1-worker-5 | DEBUG | d.t.c.a.a.c.u.util.UserUtilService   : Save 5 users to database. Done
    23:42:37.533 |  31 nPool-1-worker-5 | DEBUG | .c.s.m.InstanceMessageReceiveService : Received schedule participant score for exercise 207 and participant 24 (result to be deleted: null)
    23:42:37.533 |  31 nPool-1-worker-5 | DEBUG | .a.s.ParticipantScoreScheduleService : Scheduled task for exercise 207 and participant 24 at 2025-02-14T23:42:37.633663793Z[Etc/UTC].
    23:42:37.538 |  31 nPool-1-worker-5 | DEBUG | .c.s.m.InstanceMessageReceiveService : Received schedule participant score for exercise 207 and participant 24 (result to be deleted: null)
    23:42:37.538 |  31 nPool-1-worker-5 | DEBUG | .a.s.ParticipantScoreScheduleService : Scheduled task for exercise 207 and participant 24 at 2025-02-14T23:42:37.638505893Z[Etc/UTC].
    23:42:37.539 |  31 nPool-1-worker-5 | DEBUG | a.a.ComplaintResponseIntegrationTest : 3 Test setup submissions done
    23:42:37.539 |  31 nPool-1-worker-5 | DEBUG | a.a.ComplaintResponseIntegrationTest : 4 Test setup complaints done
    23:42:37.539 |  31 nPool-1-worker-5 | INFO  | i.z.t.d.l.EmbeddedDatabaseReporter   : JDBC URL to connect to 'dataSource': url='jdbc:h2:tcp://localhost:41063/mem:df70fc46-7e57-4cb5-9cd0-c1d90c14afa7;USER=sa', scope='ComplaintResponseIntegrationTest#resolveComplaint_complaintAlreadyAnswered_shouldThrowIllegalArgumentException'
    23:42:37.546 |  31 nPool-1-worker-5 | DEBUG | d.t.c.a.a.c.s.f.ApiVersionFilter     : Adding Version to Request PATCH /api/complaints/96/response
    23:42:37.547 |  31 nPool-1-worker-5 | DEBUG | .c.a.a.a.w.ComplaintResponseResource : REST request to resolve the complaint with id: 96
    23:42:37.554 |  31 nPool-1-worker-5 | ERROR | o.z.p.spring.common.AdviceTraits     : Internal Server Error
java.lang.IllegalArgumentException: You cannot update the response to an already answered complaint
	at de.tum.cit.aet.artemis.assessment.service.ComplaintResponseService.validateOriginalComplaintNotAnswered(ComplaintResponseService.java:245)
	at de.tum.cit.aet.artemis.assessment.service.ComplaintResponseService.processComplaint(ComplaintResponseService.java:213)
	at de.tum.cit.aet.artemis.assessment.service.ComplaintResponseService.resolveComplaint(ComplaintResponseService.java:179)
	at de.tum.cit.aet.artemis.assessment.web.ComplaintResponseResource.resolveComplaint(ComplaintResponseResource.java:141)
	at de.tum.cit.aet.artemis.assessment.web.ComplaintResponseResource.refreshLockOrResolveComplaint(ComplaintResponseResource.java:107)
	at java.base/jdk.internal.reflect.DirectMethodHandleAccessor.invoke(DirectMethodHandleAccessor.java:103)
	at java.base/java.lang.reflect.Method.invoke(Method.java:580)
	at org.springframework.aop.support.AopUtils.invokeJoinpointUsingReflection(AopUtils.java:359)
	at org.springframework.aop.framework.ReflectiveMethodInvocation.invokeJoinpoint(ReflectiveMethodInvocation.java:196)
	at org.springframework.aop.framework.ReflectiveMethodInvocation.proceed(ReflectiveMethodInvocation.java:163)
	at org.springframework.security.authorization.method.AuthorizationManagerBeforeMethodInterceptor.proceed(AuthorizationManagerBeforeMethodInterceptor.java:268)
	at org.springframework.security.authorization.method.AuthorizationManagerBeforeMethodInterceptor.attemptAuthorization(AuthorizationManagerBeforeMethodInterceptor.java:263)
	at org.springframework.security.authorization.method.AuthorizationManagerBeforeMethodInterceptor.invoke(AuthorizationManagerBeforeMethodInterceptor.java:196)
	at org.springframework.security.config.annotation.method.configuration.DeferringMethodInterceptor.invoke(DeferringMethodInterceptor.java:44)
	at org.springframework.aop.framework.ReflectiveMethodInvocation.proceed(ReflectiveMethodInvocation.java:184)
	at org.springframework.aop.framework.CglibAopProxy$DynamicAdvisedInterceptor.intercept(CglibAopProxy.java:727)
	at de.tum.cit.aet.artemis.assessment.web.ComplaintResponseResource$$SpringCGLIB$$0.refreshLockOrResolveComplaint(<generated>)
	at java.base/jdk.internal.reflect.DirectMethodHandleAccessor.invoke(DirectMethodHandleAccessor.java:103)
	at java.base/java.lang.reflect.Method.invoke(Method.java:580)
	at org.springframework.web.method.support.InvocableHandlerMethod.doInvoke(InvocableHandlerMethod.java:257)
	at org.springframework.web.method.support.InvocableHandlerMethod.invokeForRequest(InvocableHandlerMethod.java:190)
	at org.springframework.web.servlet.mvc.method.annotation.ServletInvocableHandlerMethod.invokeAndHandle(ServletInvocableHandlerMethod.java:118)
	at org.springframework.web.servlet.mvc.method.annotation.RequestMappingHandlerAdapter.invokeHandlerMethod(RequestMappingHandlerAdapter.java:986)
	at org.springframework.web.servlet.mvc.method.annotation.RequestMappingHandlerAdapter.handleInternal(RequestMappingHandlerAdapter.java:891)
	at org.springframework.web.servlet.mvc.method.AbstractHandlerMethodAdapter.handle(AbstractHandlerMethodAdapter.java:87)
	at org.springframework.web.servlet.DispatcherServlet.doDispatch(DispatcherServlet.java:1088)
	at org.springframework.web.servlet.DispatcherServlet.doService(DispatcherServlet.java:978)
	at org.springframework.web.servlet.FrameworkServlet.processRequest(FrameworkServlet.java:1014)
	at org.springframework.web.servlet.FrameworkServlet.service(FrameworkServlet.java:888)
	at org.springframework.test.web.servlet.TestDispatcherServlet.service(TestDispatcherServlet.java:72)
	at jakarta.servlet.http.HttpServlet.service(HttpServlet.java:614)
	at org.springframework.mock.web.MockFilterChain$ServletFilterProxy.doFilter(MockFilterChain.java:165)
	at org.springframework.mock.web.MockFilterChain.doFilter(MockFilterChain.java:132)
	at org.springframework.web.filter.OncePerRequestFilter.doFilter(OncePerRequestFilter.java:110)
	at org.springframework.test.web.servlet.setup.MockMvcFilterDecorator.doFilter(MockMvcFilterDecorator.java:162)
	at org.springframework.mock.web.MockFilterChain.doFilter(MockFilterChain.java:132)
	at de.tum.cit.aet.artemis.core.security.filter.ApiVersionFilter.doFilter(ApiVersionFilter.java:55)
	at org.springframework.test.web.servlet.setup.MockMvcFilterDecorator.doFilter(MockMvcFilterDecorator.java:162)
	at org.springframework.mock.web.MockFilterChain.doFilter(MockFilterChain.java:132)
	at io.sentry.spring.jakarta.SentryUserFilter.doFilterInternal(SentryUserFilter.java:56)
	at org.springframework.web.filter.OncePerRequestFilter.doFilter(OncePerRequestFilter.java:116)
	at org.springframework.test.web.servlet.setup.MockMvcFilterDecorator.doFilter(MockMvcFilterDecorator.java:162)
	at org.springframework.mock.web.MockFilterChain.doFilter(MockFilterChain.java:132)
	at org.springframework.web.filter.CompositeFilter$VirtualFilterChain.doFilter(CompositeFilter.java:108)
	at org.springframework.security.web.FilterChainProxy.lambda$doFilterInternal$3(FilterChainProxy.java:231)
	at org.springframework.security.web.ObservationFilterChainDecorator$FilterObservation$SimpleFilterObservation.lambda$wrap$1(ObservationFilterChainDecorator.java:479)
	at org.springframework.security.web.ObservationFilterChainDecorator$AroundFilterObservation$SimpleAroundFilterObservation.lambda$wrap$1(ObservationFilterChainDecorator.java:340)
	at org.springframework.security.web.ObservationFilterChainDecorator.lambda$wrapSecured$0(ObservationFilterChainDecorator.java:82)
	at org.springframework.security.web.ObservationFilterChainDecorator$VirtualFilterChain.doFilter(ObservationFilterChainDecorator.java:128)
	at org.springframework.security.web.access.intercept.AuthorizationFilter.doFilter(AuthorizationFilter.java:101)
	at org.springframework.security.web.ObservationFilterChainDecorator$ObservationFilter.wrapFilter(ObservationFilterChainDecorator.java:240)
	at org.springframework.security.web.ObservationFilterChainDecorator$ObservationFilter.doFilter(ObservationFilterChainDecorator.java:227)
	at org.springframework.security.web.ObservationFilterChainDecorator$VirtualFilterChain.doFilter(ObservationFilterChainDecorator.java:137)
	at org.springframework.security.web.access.ExceptionTranslationFilter.doFilter(ExceptionTranslationFilter.java:126)
	at org.springframework.security.web.access.ExceptionTranslationFilter.doFilter(ExceptionTranslationFilter.java:120)
	at org.springframework.security.web.ObservationFilterChainDecorator$ObservationFilter.wrapFilter(ObservationFilterChainDecorator.java:240)
	at org.springframework.security.web.ObservationFilterChainDecorator$ObservationFilter.doFilter(ObservationFilterChainDecorator.java:227)
	at org.springframework.security.web.ObservationFilterChainDecorator$VirtualFilterChain.doFilter(ObservationFilterChainDecorator.java:137)
	at org.springframework.security.web.session.SessionManagementFilter.doFilter(SessionManagementFilter.java:131)
	at org.springframework.security.web.session.SessionManagementFilter.doFilter(SessionManagementFilter.java:85)
	at org.springframework.security.web.ObservationFilterChainDecorator$ObservationFilter.wrapFilter(ObservationFilterChainDecorator.java:240)
	at org.springframework.security.web.ObservationFilterChainDecorator$ObservationFilter.doFilter(ObservationFilterChainDecorator.java:227)
	at org.springframework.security.web.ObservationFilterChainDecorator$VirtualFilterChain.doFilter(ObservationFilterChainDecorator.java:137)
	at org.springframework.security.web.authentication.AnonymousAuthenticationFilter.doFilter(AnonymousAuthenticationFilter.java:100)
	at org.springframework.security.web.ObservationFilterChainDecorator$ObservationFilter.wrapFilter(ObservationFilterChainDecorator.java:240)
	at org.springframework.security.web.ObservationFilterChainDecorator$ObservationFilter.doFilter(ObservationFilterChainDecorator.java:227)
	at org.springframework.security.web.ObservationFilterChainDecorator$VirtualFilterChain.doFilter(ObservationFilterChainDecorator.java:137)
	at org.springframework.security.web.servletapi.SecurityContextHolderAwareRequestFilter.doFilter(SecurityContextHolderAwareRequestFilter.java:179)
	at org.springframework.security.web.ObservationFilterChainDecorator$ObservationFilter.wrapFilter(ObservationFilterChainDecorator.java:240)
	at org.springframework.security.web.ObservationFilterChainDecorator$ObservationFilter.doFilter(ObservationFilterChainDecorator.java:227)
	at org.springframework.security.web.ObservationFilterChainDecorator$VirtualFilterChain.doFilter(ObservationFilterChainDecorator.java:137)
	at org.springframework.security.web.savedrequest.RequestCacheAwareFilter.doFilter(RequestCacheAwareFilter.java:63)
	at org.springframework.security.web.ObservationFilterChainDecorator$ObservationFilter.wrapFilter(ObservationFilterChainDecorator.java:240)
	at org.springframework.security.web.ObservationFilterChainDecorator$ObservationFilter.doFilter(ObservationFilterChainDecorator.java:227)
	at org.springframework.security.web.ObservationFilterChainDecorator$VirtualFilterChain.doFilter(ObservationFilterChainDecorator.java:137)
	at de.tum.cit.aet.artemis.core.security.filter.SpaWebFilter.doFilterInternal(SpaWebFilter.java:23)
	at org.springframework.web.filter.OncePerRequestFilter.doFilter(OncePerRequestFilter.java:116)
	at org.springframework.security.web.ObservationFilterChainDecorator$ObservationFilter.wrapFilter(ObservationFilterChainDecorator.java:240)
	at org.springframework.security.web.ObservationFilterChainDecorator$ObservationFilter.doFilter(ObservationFilterChainDecorator.java:227)
	at org.springframework.security.web.ObservationFilterChainDecorator$VirtualFilterChain.doFilter(ObservationFilterChainDecorator.java:137)
	at org.springframework.web.filter.OncePerRequestFilter.doFilter(OncePerRequestFilter.java:110)
	at org.springframework.security.web.ObservationFilterChainDecorator$ObservationFilter.wrapFilter(ObservationFilterChainDecorator.java:240)
	at org.springframework.security.web.ObservationFilterChainDecorator$ObservationFilter.doFilter(ObservationFilterChainDecorator.java:227)
	at org.springframework.security.web.ObservationFilterChainDecorator$VirtualFilterChain.doFilter(ObservationFilterChainDecorator.java:137)
	at de.tum.cit.aet.artemis.lti.config.Lti13LaunchFilter.doFilterInternal(Lti13LaunchFilter.java:60)
	at org.springframework.web.filter.OncePerRequestFilter.doFilter(OncePerRequestFilter.java:116)
	at org.springframework.security.web.ObservationFilterChainDecorator$ObservationFilter.wrapFilter(ObservationFilterChainDecorator.java:240)
	at org.springframework.security.web.ObservationFilterChainDecorator$ObservationFilter.doFilter(ObservationFilterChainDecorator.java:227)
	at org.springframework.security.web.ObservationFilterChainDecorator$VirtualFilterChain.doFilter(ObservationFilterChainDecorator.java:137)
	at de.tum.cit.aet.artemis.core.security.jwt.JWTFilter.doFilter(JWTFilter.java:55)
	at org.springframework.security.web.ObservationFilterChainDecorator$ObservationFilter.wrapFilter(ObservationFilterChainDecorator.java:240)
	at org.springframework.security.web.ObservationFilterChainDecorator$ObservationFilter.doFilter(ObservationFilterChainDecorator.java:227)
	at org.springframework.security.web.ObservationFilterChainDecorator$VirtualFilterChain.doFilter(ObservationFilterChainDecorator.java:137)
	at de.tum.cit.aet.artemis.core.security.jwt.JWTFilter.doFilter(JWTFilter.java:55)
	at org.springframework.security.web.ObservationFilterChainDecorator$ObservationFilter.wrapFilter(ObservationFilterChainDecorator.java:240)
	at org.springframework.security.web.ObservationFilterChainDecorator$ObservationFilter.doFilter(ObservationFilterChainDecorator.java:227)
	at org.springframework.security.web.ObservationFilterChainDecorator$VirtualFilterChain.doFilter(ObservationFilterChainDecorator.java:137)
	at org.springframework.web.filter.CorsFilter.doFilterInternal(CorsFilter.java:91)
	at org.springframework.web.filter.OncePerRequestFilter.doFilter(OncePerRequestFilter.java:116)
	at org.springframework.security.web.ObservationFilterChainDecorator$ObservationFilter.wrapFilter(ObservationFilterChainDecorator.java:240)
	at org.springframework.security.web.ObservationFilterChainDecorator$ObservationFilter.doFilter(ObservationFilterChainDecorator.java:227)
	at org.springframework.security.web.ObservationFilterChainDecorator$VirtualFilterChain.doFilter(ObservationFilterChainDecorator.java:137)
	at org.springframework.web.filter.OncePerRequestFilter.doFilter(OncePerRequestFilter.java:110)
	at org.springframework.security.web.ObservationFilterChainDecorator$ObservationFilter.wrapFilter(ObservationFilterChainDecorator.java:240)
	at org.springframework.security.web.ObservationFilterChainDecorator$ObservationFilter.doFilter(ObservationFilterChainDecorator.java:227)
	at org.springframework.security.web.ObservationFilterChainDecorator$VirtualFilterChain.doFilter(ObservationFilterChainDecorator.java:137)
	at uk.ac.ox.ctl.lti13.security.oauth2.client.lti.web.OAuth2AuthorizationRequestRedirectFilter.doFilterInternal(OAuth2AuthorizationRequestRedirectFilter.java:142)
	at org.springframework.web.filter.OncePerRequestFilter.doFilter(OncePerRequestFilter.java:116)
	at org.springframework.security.web.ObservationFilterChainDecorator$ObservationFilter.wrapFilter(ObservationFilterChainDecorator.java:240)
	at org.springframework.security.web.ObservationFilterChainDecorator$ObservationFilter.doFilter(ObservationFilterChainDecorator.java:227)
	at org.springframework.security.web.ObservationFilterChainDecorator$VirtualFilterChain.doFilter(ObservationFilterChainDecorator.java:137)
	at org.springframework.security.web.authentication.logout.LogoutFilter.doFilter(LogoutFilter.java:107)
	at org.springframework.security.web.authentication.logout.LogoutFilter.doFilter(LogoutFilter.java:93)
	at org.springframework.security.web.ObservationFilterChainDecorator$ObservationFilter.wrapFilter(ObservationFilterChainDecorator.java:240)
	at org.springframework.security.web.ObservationFilterChainDecorator$ObservationFilter.doFilter(ObservationFilterChainDecorator.java:227)
	at org.springframework.security.web.ObservationFilterChainDecorator$VirtualFilterChain.doFilter(ObservationFilterChainDecorator.java:137)
	at org.springframework.security.web.header.HeaderWriterFilter.doHeadersAfter(HeaderWriterFilter.java:90)
	at org.springframework.security.web.header.HeaderWriterFilter.doFilterInternal(HeaderWriterFilter.java:75)
	at org.springframework.web.filter.OncePerRequestFilter.doFilter(OncePerRequestFilter.java:116)
	at org.springframework.security.web.ObservationFilterChainDecorator$ObservationFilter.wrapFilter(ObservationFilterChainDecorator.java:240)
	at org.springframework.security.web.ObservationFilterChainDecorator$ObservationFilter.doFilter(ObservationFilterChainDecorator.java:227)
	at org.springframework.security.web.ObservationFilterChainDecorator$VirtualFilterChain.doFilter(ObservationFilterChainDecorator.java:137)
	at org.springframework.security.web.context.SecurityContextHolderFilter.doFilter(SecurityContextHolderFilter.java:82)
	at org.springframework.security.web.context.SecurityContextHolderFilter.doFilter(SecurityContextHolderFilter.java:69)
	at org.springframework.security.web.ObservationFilterChainDecorator$ObservationFilter.wrapFilter(ObservationFilterChainDecorator.java:240)
	at org.springframework.security.web.ObservationFilterChainDecorator$ObservationFilter.doFilter(ObservationFilterChainDecorator.java:227)
	at org.springframework.security.web.ObservationFilterChainDecorator$VirtualFilterChain.doFilter(ObservationFilterChainDecorator.java:137)
	at org.springframework.security.web.context.request.async.WebAsyncManagerIntegrationFilter.doFilterInternal(WebAsyncManagerIntegrationFilter.java:62)
	at org.springframework.web.filter.OncePerRequestFilter.doFilter(OncePerRequestFilter.java:116)
	at org.springframework.security.web.ObservationFilterChainDecorator$ObservationFilter.wrapFilter(ObservationFilterChainDecorator.java:240)
	at org.springframework.security.web.ObservationFilterChainDecorator$ObservationFilter.doFilter(ObservationFilterChainDecorator.java:227)
	at org.springframework.security.web.ObservationFilterChainDecorator$VirtualFilterChain.doFilter(ObservationFilterChainDecorator.java:137)
	at org.springframework.security.web.session.DisableEncodeUrlFilter.doFilterInternal(DisableEncodeUrlFilter.java:42)
	at org.springframework.web.filter.OncePerRequestFilter.doFilter(OncePerRequestFilter.java:116)
	at org.springframework.security.web.ObservationFilterChainDecorator$ObservationFilter.wrapFilter(ObservationFilterChainDecorator.java:240)
	at org.springframework.security.web.ObservationFilterChainDecorator$AroundFilterObservation$SimpleAroundFilterObservation.lambda$wrap$0(ObservationFilterChainDecorator.java:323)
	at org.springframework.security.web.ObservationFilterChainDecorator$ObservationFilter.doFilter(ObservationFilterChainDecorator.java:224)
	at org.springframework.security.web.ObservationFilterChainDecorator$VirtualFilterChain.doFilter(ObservationFilterChainDecorator.java:137)
	at org.springframework.security.web.FilterChainProxy.doFilterInternal(FilterChainProxy.java:233)
	at org.springframework.security.web.FilterChainProxy.doFilter(FilterChainProxy.java:191)
	at org.springframework.web.filter.CompositeFilter$VirtualFilterChain.doFilter(CompositeFilter.java:113)
	at org.springframework.web.servlet.handler.HandlerMappingIntrospector.lambda$createCacheFilter$3(HandlerMappingIntrospector.java:243)
	at org.springframework.web.filter.CompositeFilter$VirtualFilterChain.doFilter(CompositeFilter.java:113)
	at org.springframework.web.filter.CompositeFilter.doFilter(CompositeFilter.java:74)
	at org.springframework.security.config.annotation.web.configuration.WebMvcSecurityConfiguration$CompositeFilterChainProxy.doFilter(WebMvcSecurityConfiguration.java:238)
	at org.springframework.web.filter.DelegatingFilterProxy.invokeDelegate(DelegatingFilterProxy.java:362)
	at org.springframework.web.filter.DelegatingFilterProxy.doFilter(DelegatingFilterProxy.java:278)
	at org.springframework.test.web.servlet.setup.MockMvcFilterDecorator.doFilter(MockMvcFilterDecorator.java:162)
	at org.springframework.mock.web.MockFilterChain.doFilter(MockFilterChain.java:132)
	at org.springframework.web.filter.RequestContextFilter.doFilterInternal(RequestContextFilter.java:100)
	at org.springframework.web.filter.OncePerRequestFilter.doFilter(OncePerRequestFilter.java:116)
	at org.springframework.test.web.servlet.setup.MockMvcFilterDecorator.doFilter(MockMvcFilterDecorator.java:162)
	at org.springframework.mock.web.MockFilterChain.doFilter(MockFilterChain.java:132)
	at org.springframework.web.filter.FormContentFilter.doFilterInternal(FormContentFilter.java:93)
	at org.springframework.web.filter.OncePerRequestFilter.doFilter(OncePerRequestFilter.java:116)
	at org.springframework.test.web.servlet.setup.MockMvcFilterDecorator.doFilter(MockMvcFilterDecorator.java:162)
	at org.springframework.mock.web.MockFilterChain.doFilter(MockFilterChain.java:132)
	at org.springframework.web.filter.ServerHttpObservationFilter.doFilterInternal(ServerHttpObservationFilter.java:114)
	at org.springframework.web.filter.OncePerRequestFilter.doFilter(OncePerRequestFilter.java:116)
	at org.springframework.test.web.servlet.setup.MockMvcFilterDecorator.doFilter(MockMvcFilterDecorator.java:162)
	at org.springframework.mock.web.MockFilterChain.doFilter(MockFilterChain.java:132)
	at io.sentry.spring.jakarta.tracing.SentryTracingFilter.doFilterInternal(SentryTracingFilter.java:91)
	at org.springframework.web.filter.OncePerRequestFilter.doFilter(OncePerRequestFilter.java:116)
	at org.springframework.test.web.servlet.setup.MockMvcFilterDecorator.doFilter(MockMvcFilterDecorator.java:162)
	at org.springframework.mock.web.MockFilterChain.doFilter(MockFilterChain.java:132)
	at org.springframework.web.filter.CharacterEncodingFilter.doFilterInternal(CharacterEncodingFilter.java:201)
	at org.springframework.web.filter.OncePerRequestFilter.doFilter(OncePerRequestFilter.java:116)
	at org.springframework.test.web.servlet.setup.MockMvcFilterDecorator.doFilter(MockMvcFilterDecorator.java:162)
	at org.springframework.mock.web.MockFilterChain.doFilter(MockFilterChain.java:132)
	at io.sentry.spring.jakarta.SentrySpringFilter.doFilterInternal(SentrySpringFilter.java:76)
	at org.springframework.web.filter.OncePerRequestFilter.doFilter(OncePerRequestFilter.java:116)
	at org.springframework.test.web.servlet.setup.MockMvcFilterDecorator.doFilter(MockMvcFilterDecorator.java:162)
	at org.springframework.mock.web.MockFilterChain.doFilter(MockFilterChain.java:132)
	at org.springframework.test.web.servlet.MockMvc.perform(MockMvc.java:201)
	at de.tum.cit.aet.artemis.core.util.RequestUtilService.performMvcRequest(RequestUtilService.java:79)
	at de.tum.cit.aet.artemis.core.util.RequestUtilService.patch(RequestUtilService.java:564)
	at de.tum.cit.aet.artemis.assessment.ComplaintResponseIntegrationTest.resolveComplaint_complaintAlreadyAnswered_shouldThrowIllegalArgumentException(ComplaintResponseIntegrationTest.java:452)
	at java.base/jdk.internal.reflect.DirectMethodHandleAccessor.invoke(DirectMethodHandleAccessor.java:103)
	at java.base/java.lang.reflect.Method.invoke(Method.java:580)
	at org.junit.platform.commons.util.ReflectionUtils.invokeMethod(ReflectionUtils.java:767)
	at org.junit.jupiter.engine.execution.MethodInvocation.proceed(MethodInvocation.java:60)
	at org.junit.jupiter.engine.execution.InvocationInterceptorChain$ValidatingInvocation.proceed(InvocationInterceptorChain.java:131)
	at org.junit.jupiter.engine.extension.TimeoutExtension.intercept(TimeoutExtension.java:156)
	at org.junit.jupiter.engine.extension.TimeoutExtension.interceptTestableMethod(TimeoutExtension.java:147)
	at org.junit.jupiter.engine.extension.TimeoutExtension.interceptTestMethod(TimeoutExtension.java:86)
	at org.junit.jupiter.engine.execution.InterceptingExecutableInvoker$ReflectiveInterceptorCall.lambda$ofVoidMethod$0(InterceptingExecutableInvoker.java:103)
	at org.junit.jupiter.engine.execution.InterceptingExecutableInvoker.lambda$invoke$0(InterceptingExecutableInvoker.java:93)
	at org.junit.jupiter.engine.execution.InvocationInterceptorChain$InterceptedInvocation.proceed(InvocationInterceptorChain.java:106)
	at org.junit.jupiter.engine.execution.InvocationInterceptorChain.proceed(InvocationInterceptorChain.java:64)
	at org.junit.jupiter.engine.execution.InvocationInterceptorChain.chainAndInvoke(InvocationInterceptorChain.java:45)
	at org.junit.jupiter.engine.execution.InvocationInterceptorChain.invoke(InvocationInterceptorChain.java:37)
	at org.junit.jupiter.engine.execution.InterceptingExecutableInvoker.invoke(InterceptingExecutableInvoker.java:92)
	at org.junit.jupiter.engine.execution.InterceptingExecutableInvoker.invoke(InterceptingExecutableInvoker.java:86)
	at org.junit.jupiter.engine.descriptor.TestMethodTestDescriptor.lambda$invokeTestMethod$8(TestMethodTestDescriptor.java:217)
	at org.junit.platform.engine.support.hierarchical.ThrowableCollector.execute(ThrowableCollector.java:73)
	at org.junit.jupiter.engine.descriptor.TestMethodTestDescriptor.invokeTestMethod(TestMethodTestDescriptor.java:213)
	at org.junit.jupiter.engine.descriptor.TestMethodTestDescriptor.execute(TestMethodTestDescriptor.java:138)
	at org.junit.jupiter.engine.descriptor.TestMethodTestDescriptor.execute(TestMethodTestDescriptor.java:68)
	at org.junit.platform.engine.support.hierarchical.NodeTestTask.lambda$executeRecursively$6(NodeTestTask.java:156)
	at org.junit.platform.engine.support.hierarchical.ThrowableCollector.execute(ThrowableCollector.java:73)
	at org.junit.platform.engine.support.hierarchical.NodeTestTask.lambda$executeRecursively$8(NodeTestTask.java:146)
	at org.junit.platform.engine.support.hierarchical.Node.around(Node.java:137)
	at org.junit.platform.engine.support.hierarchical.NodeTestTask.lambda$executeRecursively$9(NodeTestTask.java:144)
	at org.junit.platform.engine.support.hierarchical.ThrowableCollector.execute(ThrowableCollector.java:73)
	at org.junit.platform.engine.support.hierarchical.NodeTestTask.executeRecursively(NodeTestTask.java:143)
	at org.junit.platform.engine.support.hierarchical.NodeTestTask.execute(NodeTestTask.java:100)
	at org.junit.platform.engine.support.hierarchical.ForkJoinPoolHierarchicalTestExecutorService$ExclusiveTask.exec(ForkJoinPoolHierarchicalTestExecutorService.java:274)
	at org.junit.platform.engine.support.hierarchical.ForkJoinPoolHierarchicalTestExecutorService$ExclusiveTask.execSync(ForkJoinPoolHierarchicalTestExecutorService.java:247)
	at org.junit.platform.engine.support.hierarchical.ForkJoinPoolHierarchicalTestExecutorService.executeSync(ForkJoinPoolHierarchicalTestExecutorService.java:194)
	at org.junit.platform.engine.support.hierarchical.ForkJoinPoolHierarchicalTestExecutorService.invokeAll(ForkJoinPoolHierarchicalTestExecutorService.java:166)
	at org.junit.platform.engine.support.hierarchical.NodeTestTask.lambda$executeRecursively$6(NodeTestTask.java:160)
	at org.junit.platform.engine.support.hierarchical.ThrowableCollector.execute(ThrowableCollector.java:73)
	at org.junit.platform.engine.support.hierarchical.NodeTestTask.lambda$executeRecursively$8(NodeTestTask.java:146)
	at org.junit.platform.engine.support.hierarchical.Node.around(Node.java:137)
	at org.junit.platform.engine.support.hierarchical.NodeTestTask.lambda$executeRecursively$9(NodeTestTask.java:144)
	at org.junit.platform.engine.support.hierarchical.ThrowableCollector.execute(ThrowableCollector.java:73)
	at org.junit.platform.engine.support.hierarchical.NodeTestTask.executeRecursively(NodeTestTask.java:143)
	at org.junit.platform.engine.support.hierarchical.NodeTestTask.execute(NodeTestTask.java:100)
	at org.junit.platform.engine.support.hierarchical.ForkJoinPoolHierarchicalTestExecutorService$ExclusiveTask.exec(ForkJoinPoolHierarchicalTestExecutorService.java:274)
	at java.base/java.util.concurrent.ForkJoinTask.doExec(ForkJoinTask.java:387)
	at java.base/java.util.concurrent.ForkJoinPool$WorkQueue.topLevelExec(ForkJoinPool.java:1312)
	at java.base/java.util.concurrent.ForkJoinPool.scan(ForkJoinPool.java:1843)
	at java.base/java.util.concurrent.ForkJoinPool.runWorker(ForkJoinPool.java:1808)
	at java.base/java.util.concurrent.ForkJoinWorkerThread.run(ForkJoinWorkerThread.java:188)

  Starting logs for ComplaintResponseIntegrationTest > resolveComplaint_complaintResponseInDatabaseNotEmpty_shouldThrowIllegalArgumentException()
    23:42:37.574 |  31 nPool-1-worker-5 | DEBUG | d.t.c.a.a.c.u.util.UserUtilService   : Generate 1 students...
    23:42:37.582 |  31 nPool-1-worker-5 | DEBUG | d.t.c.a.a.c.u.util.UserUtilService   : 1 students generated. Generate 3 tutors...
    23:42:37.588 |  31 nPool-1-worker-5 | DEBUG | d.t.c.a.a.c.u.util.UserUtilService   : 3 tutors generated. Generate 0 editors...
    23:42:37.589 |  31 nPool-1-worker-5 | DEBUG | d.t.c.a.a.c.u.util.UserUtilService   : 0 editors generated. Generate 1 instructors...
    23:42:37.593 |  31 nPool-1-worker-5 | DEBUG | d.t.c.a.a.c.u.util.UserUtilService   : 1 instructors generated
    23:42:37.594 |  31 nPool-1-worker-5 | DEBUG | d.t.c.a.a.c.u.util.UserUtilService   : Removing 5 users from all courses...
    23:42:37.595 |  31 nPool-1-worker-5 | DEBUG | d.t.c.a.a.c.u.util.UserUtilService   : Removing 5 users from all courses. Done
    23:42:37.595 |  31 nPool-1-worker-5 | DEBUG | d.t.c.a.a.c.u.util.UserUtilService   : Save 5 users to database...
    23:42:37.605 |  31 nPool-1-worker-5 | DEBUG | d.t.c.a.a.c.u.util.UserUtilService   : Save 5 users to database. Done
    23:42:37.622 |  31 nPool-1-worker-5 | DEBUG | .c.s.m.InstanceMessageReceiveService : Received schedule participant score for exercise 208 and participant 24 (result to be deleted: null)
    23:42:37.622 |  31 nPool-1-worker-5 | DEBUG | .a.s.ParticipantScoreScheduleService : Scheduled task for exercise 208 and participant 24 at 2025-02-14T23:42:37.722696926Z[Etc/UTC].
    23:42:37.636 |  31 nPool-1-worker-5 | DEBUG | .c.s.m.InstanceMessageReceiveService : Received schedule participant score for exercise 208 and participant 24 (result to be deleted: null)
    23:42:37.636 |  31 nPool-1-worker-5 | DEBUG | .a.s.ParticipantScoreScheduleService : Scheduled task for exercise 208 and participant 24 at 2025-02-14T23:42:37.736408478Z[Etc/UTC].
    23:42:37.637 |  31 nPool-1-worker-5 | DEBUG | a.a.ComplaintResponseIntegrationTest : 3 Test setup submissions done
    23:42:37.637 |  31 nPool-1-worker-5 | DEBUG | a.a.ComplaintResponseIntegrationTest : 4 Test setup complaints done
    23:42:37.637 |  31 nPool-1-worker-5 | INFO  | i.z.t.d.l.EmbeddedDatabaseReporter   : JDBC URL to connect to 'dataSource': url='jdbc:h2:tcp://localhost:41063/mem:df70fc46-7e57-4cb5-9cd0-c1d90c14afa7;USER=sa', scope='ComplaintResponseIntegrationTest#resolveComplaint_complaintResponseInDatabaseNotEmpty_shouldThrowIllegalArgumentException'
    23:42:37.641 |  31 nPool-1-worker-5 | DEBUG | d.t.c.a.a.c.s.f.ApiVersionFilter     : Adding Version to Request PATCH /api/complaints/97/response
    23:42:37.642 |  31 nPool-1-worker-5 | DEBUG | .c.a.a.a.w.ComplaintResponseResource : REST request to resolve the complaint with id: 97
    23:42:37.655 |  31 nPool-1-worker-5 | ERROR | o.z.p.spring.common.AdviceTraits     : Internal Server Error
java.lang.IllegalArgumentException: The complaint response is not empty
	at de.tum.cit.aet.artemis.assessment.service.ComplaintResponseService.validateComplaintResponseEmpty(ComplaintResponseService.java:239)
	at de.tum.cit.aet.artemis.assessment.service.ComplaintResponseService.processComplaint(ComplaintResponseService.java:212)
	at de.tum.cit.aet.artemis.assessment.service.ComplaintResponseService.resolveComplaint(ComplaintResponseService.java:179)
	at de.tum.cit.aet.artemis.assessment.web.ComplaintResponseResource.resolveComplaint(ComplaintResponseResource.java:141)
	at de.tum.cit.aet.artemis.assessment.web.ComplaintResponseResource.refreshLockOrResolveComplaint(ComplaintResponseResource.java:107)
	at java.base/jdk.internal.reflect.DirectMethodHandleAccessor.invoke(DirectMethodHandleAccessor.java:103)
	at java.base/java.lang.reflect.Method.invoke(Method.java:580)
	at org.springframework.aop.support.AopUtils.invokeJoinpointUsingReflection(AopUtils.java:359)
	at org.springframework.aop.framework.ReflectiveMethodInvocation.invokeJoinpoint(ReflectiveMethodInvocation.java:196)
	at org.springframework.aop.framework.ReflectiveMethodInvocation.proceed(ReflectiveMethodInvocation.java:163)
	at org.springframework.security.authorization.method.AuthorizationManagerBeforeMethodInterceptor.proceed(AuthorizationManagerBeforeMethodInterceptor.java:268)
	at org.springframework.security.authorization.method.AuthorizationManagerBeforeMethodInterceptor.attemptAuthorization(AuthorizationManagerBeforeMethodInterceptor.java:263)
	at org.springframework.security.authorization.method.AuthorizationManagerBeforeMethodInterceptor.invoke(AuthorizationManagerBeforeMethodInterceptor.java:196)
	at org.springframework.security.config.annotation.method.configuration.DeferringMethodInterceptor.invoke(DeferringMethodInterceptor.java:44)
	at org.springframework.aop.framework.ReflectiveMethodInvocation.proceed(ReflectiveMethodInvocation.java:184)
	at org.springframework.aop.framework.CglibAopProxy$DynamicAdvisedInterceptor.intercept(CglibAopProxy.java:727)
	at de.tum.cit.aet.artemis.assessment.web.ComplaintResponseResource$$SpringCGLIB$$0.refreshLockOrResolveComplaint(<generated>)
	at java.base/jdk.internal.reflect.DirectMethodHandleAccessor.invoke(DirectMethodHandleAccessor.java:103)
	at java.base/java.lang.reflect.Method.invoke(Method.java:580)
	at org.springframework.web.method.support.InvocableHandlerMethod.doInvoke(InvocableHandlerMethod.java:257)
	at org.springframework.web.method.support.InvocableHandlerMethod.invokeForRequest(InvocableHandlerMethod.java:190)
	at org.springframework.web.servlet.mvc.method.annotation.ServletInvocableHandlerMethod.invokeAndHandle(ServletInvocableHandlerMethod.java:118)
	at org.springframework.web.servlet.mvc.method.annotation.RequestMappingHandlerAdapter.invokeHandlerMethod(RequestMappingHandlerAdapter.java:986)
	at org.springframework.web.servlet.mvc.method.annotation.RequestMappingHandlerAdapter.handleInternal(RequestMappingHandlerAdapter.java:891)
	at org.springframework.web.servlet.mvc.method.AbstractHandlerMethodAdapter.handle(AbstractHandlerMethodAdapter.java:87)
	at org.springframework.web.servlet.DispatcherServlet.doDispatch(DispatcherServlet.java:1088)
	at org.springframework.web.servlet.DispatcherServlet.doService(DispatcherServlet.java:978)
	at org.springframework.web.servlet.FrameworkServlet.processRequest(FrameworkServlet.java:1014)
	at org.springframework.web.servlet.FrameworkServlet.service(FrameworkServlet.java:888)
	at org.springframework.test.web.servlet.TestDispatcherServlet.service(TestDispatcherServlet.java:72)
	at jakarta.servlet.http.HttpServlet.service(HttpServlet.java:614)
	at org.springframework.mock.web.MockFilterChain$ServletFilterProxy.doFilter(MockFilterChain.java:165)
	at org.springframework.mock.web.MockFilterChain.doFilter(MockFilterChain.java:132)
	at org.springframework.web.filter.OncePerRequestFilter.doFilter(OncePerRequestFilter.java:110)
	at org.springframework.test.web.servlet.setup.MockMvcFilterDecorator.doFilter(MockMvcFilterDecorator.java:162)
	at org.springframework.mock.web.MockFilterChain.doFilter(MockFilterChain.java:132)
	at de.tum.cit.aet.artemis.core.security.filter.ApiVersionFilter.doFilter(ApiVersionFilter.java:55)
	at org.springframework.test.web.servlet.setup.MockMvcFilterDecorator.doFilter(MockMvcFilterDecorator.java:162)
	at org.springframework.mock.web.MockFilterChain.doFilter(MockFilterChain.java:132)
	at io.sentry.spring.jakarta.SentryUserFilter.doFilterInternal(SentryUserFilter.java:56)
	at org.springframework.web.filter.OncePerRequestFilter.doFilter(OncePerRequestFilter.java:116)
	at org.springframework.test.web.servlet.setup.MockMvcFilterDecorator.doFilter(MockMvcFilterDecorator.java:162)
	at org.springframework.mock.web.MockFilterChain.doFilter(MockFilterChain.java:132)
	at org.springframework.web.filter.CompositeFilter$VirtualFilterChain.doFilter(CompositeFilter.java:108)
	at org.springframework.security.web.FilterChainProxy.lambda$doFilterInternal$3(FilterChainProxy.java:231)
	at org.springframework.security.web.ObservationFilterChainDecorator$FilterObservation$SimpleFilterObservation.lambda$wrap$1(ObservationFilterChainDecorator.java:479)
	at org.springframework.security.web.ObservationFilterChainDecorator$AroundFilterObservation$SimpleAroundFilterObservation.lambda$wrap$1(ObservationFilterChainDecorator.java:340)
	at org.springframework.security.web.ObservationFilterChainDecorator.lambda$wrapSecured$0(ObservationFilterChainDecorator.java:82)
	at org.springframework.security.web.ObservationFilterChainDecorator$VirtualFilterChain.doFilter(ObservationFilterChainDecorator.java:128)
	at org.springframework.security.web.access.intercept.AuthorizationFilter.doFilter(AuthorizationFilter.java:101)
	at org.springframework.security.web.ObservationFilterChainDecorator$ObservationFilter.wrapFilter(ObservationFilterChainDecorator.java:240)
	at org.springframework.security.web.ObservationFilterChainDecorator$ObservationFilter.doFilter(ObservationFilterChainDecorator.java:227)
	at org.springframework.security.web.ObservationFilterChainDecorator$VirtualFilterChain.doFilter(ObservationFilterChainDecorator.java:137)
	at org.springframework.security.web.access.ExceptionTranslationFilter.doFilter(ExceptionTranslationFilter.java:126)
	at org.springframework.security.web.access.ExceptionTranslationFilter.doFilter(ExceptionTranslationFilter.java:120)
	at org.springframework.security.web.ObservationFilterChainDecorator$ObservationFilter.wrapFilter(ObservationFilterChainDecorator.java:240)
	at org.springframework.security.web.ObservationFilterChainDecorator$ObservationFilter.doFilter(ObservationFilterChainDecorator.java:227)
	at org.springframework.security.web.ObservationFilterChainDecorator$VirtualFilterChain.doFilter(ObservationFilterChainDecorator.java:137)
	at org.springframework.security.web.session.SessionManagementFilter.doFilter(SessionManagementFilter.java:131)
	at org.springframework.security.web.session.SessionManagementFilter.doFilter(SessionManagementFilter.java:85)
	at org.springframework.security.web.ObservationFilterChainDecorator$ObservationFilter.wrapFilter(ObservationFilterChainDecorator.java:240)
	at org.springframework.security.web.ObservationFilterChainDecorator$ObservationFilter.doFilter(ObservationFilterChainDecorator.java:227)
	at org.springframework.security.web.ObservationFilterChainDecorator$VirtualFilterChain.doFilter(ObservationFilterChainDecorator.java:137)
	at org.springframework.security.web.authentication.AnonymousAuthenticationFilter.doFilter(AnonymousAuthenticationFilter.java:100)
	at org.springframework.security.web.ObservationFilterChainDecorator$ObservationFilter.wrapFilter(ObservationFilterChainDecorator.java:240)
	at org.springframework.security.web.ObservationFilterChainDecorator$ObservationFilter.doFilter(ObservationFilterChainDecorator.java:227)
	at org.springframework.security.web.ObservationFilterChainDecorator$VirtualFilterChain.doFilter(ObservationFilterChainDecorator.java:137)
	at org.springframework.security.web.servletapi.SecurityContextHolderAwareRequestFilter.doFilter(SecurityContextHolderAwareRequestFilter.java:179)
	at org.springframework.security.web.ObservationFilterChainDecorator$ObservationFilter.wrapFilter(ObservationFilterChainDecorator.java:240)
	at org.springframework.security.web.ObservationFilterChainDecorator$ObservationFilter.doFilter(ObservationFilterChainDecorator.java:227)
	at org.springframework.security.web.ObservationFilterChainDecorator$VirtualFilterChain.doFilter(ObservationFilterChainDecorator.java:137)
	at org.springframework.security.web.savedrequest.RequestCacheAwareFilter.doFilter(RequestCacheAwareFilter.java:63)
	at org.springframework.security.web.ObservationFilterChainDecorator$ObservationFilter.wrapFilter(ObservationFilterChainDecorator.java:240)
	at org.springframework.security.web.ObservationFilterChainDecorator$ObservationFilter.doFilter(ObservationFilterChainDecorator.java:227)
	at org.springframework.security.web.ObservationFilterChainDecorator$VirtualFilterChain.doFilter(ObservationFilterChainDecorator.java:137)
	at de.tum.cit.aet.artemis.core.security.filter.SpaWebFilter.doFilterInternal(SpaWebFilter.java:23)
	at org.springframework.web.filter.OncePerRequestFilter.doFilter(OncePerRequestFilter.java:116)
	at org.springframework.security.web.ObservationFilterChainDecorator$ObservationFilter.wrapFilter(ObservationFilterChainDecorator.java:240)
	at org.springframework.security.web.ObservationFilterChainDecorator$ObservationFilter.doFilter(ObservationFilterChainDecorator.java:227)
	at org.springframework.security.web.ObservationFilterChainDecorator$VirtualFilterChain.doFilter(ObservationFilterChainDecorator.java:137)
	at org.springframework.web.filter.OncePerRequestFilter.doFilter(OncePerRequestFilter.java:110)
	at org.springframework.security.web.ObservationFilterChainDecorator$ObservationFilter.wrapFilter(ObservationFilterChainDecorator.java:240)
	at org.springframework.security.web.ObservationFilterChainDecorator$ObservationFilter.doFilter(ObservationFilterChainDecorator.java:227)
	at org.springframework.security.web.ObservationFilterChainDecorator$VirtualFilterChain.doFilter(ObservationFilterChainDecorator.java:137)
	at de.tum.cit.aet.artemis.lti.config.Lti13LaunchFilter.doFilterInternal(Lti13LaunchFilter.java:60)
	at org.springframework.web.filter.OncePerRequestFilter.doFilter(OncePerRequestFilter.java:116)
	at org.springframework.security.web.ObservationFilterChainDecorator$ObservationFilter.wrapFilter(ObservationFilterChainDecorator.java:240)
	at org.springframework.security.web.ObservationFilterChainDecorator$ObservationFilter.doFilter(ObservationFilterChainDecorator.java:227)
	at org.springframework.security.web.ObservationFilterChainDecorator$VirtualFilterChain.doFilter(ObservationFilterChainDecorator.java:137)
	at de.tum.cit.aet.artemis.core.security.jwt.JWTFilter.doFilter(JWTFilter.java:55)
	at org.springframework.security.web.ObservationFilterChainDecorator$ObservationFilter.wrapFilter(ObservationFilterChainDecorator.java:240)
	at org.springframework.security.web.ObservationFilterChainDecorator$ObservationFilter.doFilter(ObservationFilterChainDecorator.java:227)
	at org.springframework.security.web.ObservationFilterChainDecorator$VirtualFilterChain.doFilter(ObservationFilterChainDecorator.java:137)
	at de.tum.cit.aet.artemis.core.security.jwt.JWTFilter.doFilter(JWTFilter.java:55)
	at org.springframework.security.web.ObservationFilterChainDecorator$ObservationFilter.wrapFilter(ObservationFilterChainDecorator.java:240)
	at org.springframework.security.web.ObservationFilterChainDecorator$ObservationFilter.doFilter(ObservationFilterChainDecorator.java:227)
	at org.springframework.security.web.ObservationFilterChainDecorator$VirtualFilterChain.doFilter(ObservationFilterChainDecorator.java:137)
	at org.springframework.web.filter.CorsFilter.doFilterInternal(CorsFilter.java:91)
	at org.springframework.web.filter.OncePerRequestFilter.doFilter(OncePerRequestFilter.java:116)
	at org.springframework.security.web.ObservationFilterChainDecorator$ObservationFilter.wrapFilter(ObservationFilterChainDecorator.java:240)
	at org.springframework.security.web.ObservationFilterChainDecorator$ObservationFilter.doFilter(ObservationFilterChainDecorator.java:227)
	at org.springframework.security.web.ObservationFilterChainDecorator$VirtualFilterChain.doFilter(ObservationFilterChainDecorator.java:137)
	at org.springframework.web.filter.OncePerRequestFilter.doFilter(OncePerRequestFilter.java:110)
	at org.springframework.security.web.ObservationFilterChainDecorator$ObservationFilter.wrapFilter(ObservationFilterChainDecorator.java:240)
	at org.springframework.security.web.ObservationFilterChainDecorator$ObservationFilter.doFilter(ObservationFilterChainDecorator.java:227)
	at org.springframework.security.web.ObservationFilterChainDecorator$VirtualFilterChain.doFilter(ObservationFilterChainDecorator.java:137)
	at uk.ac.ox.ctl.lti13.security.oauth2.client.lti.web.OAuth2AuthorizationRequestRedirectFilter.doFilterInternal(OAuth2AuthorizationRequestRedirectFilter.java:142)
	at org.springframework.web.filter.OncePerRequestFilter.doFilter(OncePerRequestFilter.java:116)
	at org.springframework.security.web.ObservationFilterChainDecorator$ObservationFilter.wrapFilter(ObservationFilterChainDecorator.java:240)
	at org.springframework.security.web.ObservationFilterChainDecorator$ObservationFilter.doFilter(ObservationFilterChainDecorator.java:227)
	at org.springframework.security.web.ObservationFilterChainDecorator$VirtualFilterChain.doFilter(ObservationFilterChainDecorator.java:137)
	at org.springframework.security.web.authentication.logout.LogoutFilter.doFilter(LogoutFilter.java:107)
	at org.springframework.security.web.authentication.logout.LogoutFilter.doFilter(LogoutFilter.java:93)
	at org.springframework.security.web.ObservationFilterChainDecorator$ObservationFilter.wrapFilter(ObservationFilterChainDecorator.java:240)
	at org.springframework.security.web.ObservationFilterChainDecorator$ObservationFilter.doFilter(ObservationFilterChainDecorator.java:227)
	at org.springframework.security.web.ObservationFilterChainDecorator$VirtualFilterChain.doFilter(ObservationFilterChainDecorator.java:137)
	at org.springframework.security.web.header.HeaderWriterFilter.doHeadersAfter(HeaderWriterFilter.java:90)
	at org.springframework.security.web.header.HeaderWriterFilter.doFilterInternal(HeaderWriterFilter.java:75)
	at org.springframework.web.filter.OncePerRequestFilter.doFilter(OncePerRequestFilter.java:116)
	at org.springframework.security.web.ObservationFilterChainDecorator$ObservationFilter.wrapFilter(ObservationFilterChainDecorator.java:240)
	at org.springframework.security.web.ObservationFilterChainDecorator$ObservationFilter.doFilter(ObservationFilterChainDecorator.java:227)
	at org.springframework.security.web.ObservationFilterChainDecorator$VirtualFilterChain.doFilter(ObservationFilterChainDecorator.java:137)
	at org.springframework.security.web.context.SecurityContextHolderFilter.doFilter(SecurityContextHolderFilter.java:82)
	at org.springframework.security.web.context.SecurityContextHolderFilter.doFilter(SecurityContextHolderFilter.java:69)
	at org.springframework.security.web.ObservationFilterChainDecorator$ObservationFilter.wrapFilter(ObservationFilterChainDecorator.java:240)
	at org.springframework.security.web.ObservationFilterChainDecorator$ObservationFilter.doFilter(ObservationFilterChainDecorator.java:227)
	at org.springframework.security.web.ObservationFilterChainDecorator$VirtualFilterChain.doFilter(ObservationFilterChainDecorator.java:137)
	at org.springframework.security.web.context.request.async.WebAsyncManagerIntegrationFilter.doFilterInternal(WebAsyncManagerIntegrationFilter.java:62)
	at org.springframework.web.filter.OncePerRequestFilter.doFilter(OncePerRequestFilter.java:116)
	at org.springframework.security.web.ObservationFilterChainDecorator$ObservationFilter.wrapFilter(ObservationFilterChainDecorator.java:240)
	at org.springframework.security.web.ObservationFilterChainDecorator$ObservationFilter.doFilter(ObservationFilterChainDecorator.java:227)
	at org.springframework.security.web.ObservationFilterChainDecorator$VirtualFilterChain.doFilter(ObservationFilterChainDecorator.java:137)
	at org.springframework.security.web.session.DisableEncodeUrlFilter.doFilterInternal(DisableEncodeUrlFilter.java:42)
	at org.springframework.web.filter.OncePerRequestFilter.doFilter(OncePerRequestFilter.java:116)
	at org.springframework.security.web.ObservationFilterChainDecorator$ObservationFilter.wrapFilter(ObservationFilterChainDecorator.java:240)
	at org.springframework.security.web.ObservationFilterChainDecorator$AroundFilterObservation$SimpleAroundFilterObservation.lambda$wrap$0(ObservationFilterChainDecorator.java:323)
	at org.springframework.security.web.ObservationFilterChainDecorator$ObservationFilter.doFilter(ObservationFilterChainDecorator.java:224)
	at org.springframework.security.web.ObservationFilterChainDecorator$VirtualFilterChain.doFilter(ObservationFilterChainDecorator.java:137)
	at org.springframework.security.web.FilterChainProxy.doFilterInternal(FilterChainProxy.java:233)
	at org.springframework.security.web.FilterChainProxy.doFilter(FilterChainProxy.java:191)
	at org.springframework.web.filter.CompositeFilter$VirtualFilterChain.doFilter(CompositeFilter.java:113)
	at org.springframework.web.servlet.handler.HandlerMappingIntrospector.lambda$createCacheFilter$3(HandlerMappingIntrospector.java:243)
	at org.springframework.web.filter.CompositeFilter$VirtualFilterChain.doFilter(CompositeFilter.java:113)
	at org.springframework.web.filter.CompositeFilter.doFilter(CompositeFilter.java:74)
	at org.springframework.security.config.annotation.web.configuration.WebMvcSecurityConfiguration$CompositeFilterChainProxy.doFilter(WebMvcSecurityConfiguration.java:238)
	at org.springframework.web.filter.DelegatingFilterProxy.invokeDelegate(DelegatingFilterProxy.java:362)
	at org.springframework.web.filter.DelegatingFilterProxy.doFilter(DelegatingFilterProxy.java:278)
	at org.springframework.test.web.servlet.setup.MockMvcFilterDecorator.doFilter(MockMvcFilterDecorator.java:162)
	at org.springframework.mock.web.MockFilterChain.doFilter(MockFilterChain.java:132)
	at org.springframework.web.filter.RequestContextFilter.doFilterInternal(RequestContextFilter.java:100)
	at org.springframework.web.filter.OncePerRequestFilter.doFilter(OncePerRequestFilter.java:116)
	at org.springframework.test.web.servlet.setup.MockMvcFilterDecorator.doFilter(MockMvcFilterDecorator.java:162)
	at org.springframework.mock.web.MockFilterChain.doFilter(MockFilterChain.java:132)
	at org.springframework.web.filter.FormContentFilter.doFilterInternal(FormContentFilter.java:93)
	at org.springframework.web.filter.OncePerRequestFilter.doFilter(OncePerRequestFilter.java:116)
	at org.springframework.test.web.servlet.setup.MockMvcFilterDecorator.doFilter(MockMvcFilterDecorator.java:162)
	at org.springframework.mock.web.MockFilterChain.doFilter(MockFilterChain.java:132)
	at org.springframework.web.filter.ServerHttpObservationFilter.doFilterInternal(ServerHttpObservationFilter.java:114)
	at org.springframework.web.filter.OncePerRequestFilter.doFilter(OncePerRequestFilter.java:116)
	at org.springframework.test.web.servlet.setup.MockMvcFilterDecorator.doFilter(MockMvcFilterDecorator.java:162)
	at org.springframework.mock.web.MockFilterChain.doFilter(MockFilterChain.java:132)
	at io.sentry.spring.jakarta.tracing.SentryTracingFilter.doFilterInternal(SentryTracingFilter.java:91)
	at org.springframework.web.filter.OncePerRequestFilter.doFilter(OncePerRequestFilter.java:116)
	at org.springframework.test.web.servlet.setup.MockMvcFilterDecorator.doFilter(MockMvcFilterDecorator.java:162)
	at org.springframework.mock.web.MockFilterChain.doFilter(MockFilterChain.java:132)
	at org.springframework.web.filter.CharacterEncodingFilter.doFilterInternal(CharacterEncodingFilter.java:201)
	at org.springframework.web.filter.OncePerRequestFilter.doFilter(OncePerRequestFilter.java:116)
	at org.springframework.test.web.servlet.setup.MockMvcFilterDecorator.doFilter(MockMvcFilterDecorator.java:162)
	at org.springframework.mock.web.MockFilterChain.doFilter(MockFilterChain.java:132)
	at io.sentry.spring.jakarta.SentrySpringFilter.doFilterInternal(SentrySpringFilter.java:76)
	at org.springframework.web.filter.OncePerRequestFilter.doFilter(OncePerRequestFilter.java:116)
	at org.springframework.test.web.servlet.setup.MockMvcFilterDecorator.doFilter(MockMvcFilterDecorator.java:162)
	at org.springframework.mock.web.MockFilterChain.doFilter(MockFilterChain.java:132)
	at org.springframework.test.web.servlet.MockMvc.perform(MockMvc.java:201)
	at de.tum.cit.aet.artemis.core.util.RequestUtilService.performMvcRequest(RequestUtilService.java:79)
	at de.tum.cit.aet.artemis.core.util.RequestUtilService.patch(RequestUtilService.java:564)
	at de.tum.cit.aet.artemis.assessment.ComplaintResponseIntegrationTest.resolveComplaint_complaintResponseInDatabaseNotEmpty_shouldThrowIllegalArgumentException(ComplaintResponseIntegrationTest.java:439)
	at java.base/jdk.internal.reflect.DirectMethodHandleAccessor.invoke(DirectMethodHandleAccessor.java:103)
	at java.base/java.lang.reflect.Method.invoke(Method.java:580)
	at org.junit.platform.commons.util.ReflectionUtils.invokeMethod(ReflectionUtils.java:767)
	at org.junit.jupiter.engine.execution.MethodInvocation.proceed(MethodInvocation.java:60)
	at org.junit.jupiter.engine.execution.InvocationInterceptorChain$ValidatingInvocation.proceed(InvocationInterceptorChain.java:131)
	at org.junit.jupiter.engine.extension.TimeoutExtension.intercept(TimeoutExtension.java:156)
	at org.junit.jupiter.engine.extension.TimeoutExtension.interceptTestableMethod(TimeoutExtension.java:147)
	at org.junit.jupiter.engine.extension.TimeoutExtension.interceptTestMethod(TimeoutExtension.java:86)
	at org.junit.jupiter.engine.execution.InterceptingExecutableInvoker$ReflectiveInterceptorCall.lambda$ofVoidMethod$0(InterceptingExecutableInvoker.java:103)
	at org.junit.jupiter.engine.execution.InterceptingExecutableInvoker.lambda$invoke$0(InterceptingExecutableInvoker.java:93)
	at org.junit.jupiter.engine.execution.InvocationInterceptorChain$InterceptedInvocation.proceed(InvocationInterceptorChain.java:106)
	at org.junit.jupiter.engine.execution.InvocationInterceptorChain.proceed(InvocationInterceptorChain.java:64)
	at org.junit.jupiter.engine.execution.InvocationInterceptorChain.chainAndInvoke(InvocationInterceptorChain.java:45)
	at org.junit.jupiter.engine.execution.InvocationInterceptorChain.invoke(InvocationInterceptorChain.java:37)
	at org.junit.jupiter.engine.execution.InterceptingExecutableInvoker.invoke(InterceptingExecutableInvoker.java:92)
	at org.junit.jupiter.engine.execution.InterceptingExecutableInvoker.invoke(InterceptingExecutableInvoker.java:86)
	at org.junit.jupiter.engine.descriptor.TestMethodTestDescriptor.lambda$invokeTestMethod$8(TestMethodTestDescriptor.java:217)
	at org.junit.platform.engine.support.hierarchical.ThrowableCollector.execute(ThrowableCollector.java:73)
	at org.junit.jupiter.engine.descriptor.TestMethodTestDescriptor.invokeTestMethod(TestMethodTestDescriptor.java:213)
	at org.junit.jupiter.engine.descriptor.TestMethodTestDescriptor.execute(TestMethodTestDescriptor.java:138)
	at org.junit.jupiter.engine.descriptor.TestMethodTestDescriptor.execute(TestMethodTestDescriptor.java:68)
	at org.junit.platform.engine.support.hierarchical.NodeTestTask.lambda$executeRecursively$6(NodeTestTask.java:156)
	at org.junit.platform.engine.support.hierarchical.ThrowableCollector.execute(ThrowableCollector.java:73)
	at org.junit.platform.engine.support.hierarchical.NodeTestTask.lambda$executeRecursively$8(NodeTestTask.java:146)
	at org.junit.platform.engine.support.hierarchical.Node.around(Node.java:137)
	at org.junit.platform.engine.support.hierarchical.NodeTestTask.lambda$executeRecursively$9(NodeTestTask.java:144)
	at org.junit.platform.engine.support.hierarchical.ThrowableCollector.execute(ThrowableCollector.java:73)
	at org.junit.platform.engine.support.hierarchical.NodeTestTask.executeRecursively(NodeTestTask.java:143)
	at org.junit.platform.engine.support.hierarchical.NodeTestTask.execute(NodeTestTask.java:100)
	at org.junit.platform.engine.support.hierarchical.ForkJoinPoolHierarchicalTestExecutorService$ExclusiveTask.exec(ForkJoinPoolHierarchicalTestExecutorService.java:274)
	at org.junit.platform.engine.support.hierarchical.ForkJoinPoolHierarchicalTestExecutorService$ExclusiveTask.execSync(ForkJoinPoolHierarchicalTestExecutorService.java:247)
	at org.junit.platform.engine.support.hierarchical.ForkJoinPoolHierarchicalTestExecutorService.executeSync(ForkJoinPoolHierarchicalTestExecutorService.java:194)
	at org.junit.platform.engine.support.hierarchical.ForkJoinPoolHierarchicalTestExecutorService.invokeAll(ForkJoinPoolHierarchicalTestExecutorService.java:166)
	at org.junit.platform.engine.support.hierarchical.NodeTestTask.lambda$executeRecursively$6(NodeTestTask.java:160)
	at org.junit.platform.engine.support.hierarchical.ThrowableCollector.execute(ThrowableCollector.java:73)
	at org.junit.platform.engine.support.hierarchical.NodeTestTask.lambda$executeRecursively$8(NodeTestTask.java:146)
	at org.junit.platform.engine.support.hierarchical.Node.around(Node.java:137)
	at org.junit.platform.engine.support.hierarchical.NodeTestTask.lambda$executeRecursively$9(NodeTestTask.java:144)
	at org.junit.platform.engine.support.hierarchical.ThrowableCollector.execute(ThrowableCollector.java:73)
	at org.junit.platform.engine.support.hierarchical.NodeTestTask.executeRecursively(NodeTestTask.java:143)
	at org.junit.platform.engine.support.hierarchical.NodeTestTask.execute(NodeTestTask.java:100)
	at org.junit.platform.engine.support.hierarchical.ForkJoinPoolHierarchicalTestExecutorService$ExclusiveTask.exec(ForkJoinPoolHierarchicalTestExecutorService.java:274)
	at java.base/java.util.concurrent.ForkJoinTask.doExec(ForkJoinTask.java:387)
	at java.base/java.util.concurrent.ForkJoinPool$WorkQueue.topLevelExec(ForkJoinPool.java:1312)
	at java.base/java.util.concurrent.ForkJoinPool.scan(ForkJoinPool.java:1843)
	at java.base/java.util.concurrent.ForkJoinPool.runWorker(ForkJoinPool.java:1808)
	at java.base/java.util.concurrent.ForkJoinWorkerThread.run(ForkJoinWorkerThread.java:188)

  Starting logs for ComplaintResponseIntegrationTest > refreshLock_LockStillActive_shouldThrowComplaintResponseLockedException()
    23:42:37.681 |  31 nPool-1-worker-5 | DEBUG | d.t.c.a.a.c.u.util.UserUtilService   : Generate 1 students...
    23:42:37.687 |  31 nPool-1-worker-5 | DEBUG | d.t.c.a.a.c.u.util.UserUtilService   : 1 students generated. Generate 3 tutors...
    23:42:37.700 |  31 nPool-1-worker-5 | DEBUG | d.t.c.a.a.c.u.util.UserUtilService   : 3 tutors generated. Generate 0 editors...
    23:42:37.701 |  31 nPool-1-worker-5 | DEBUG | d.t.c.a.a.c.u.util.UserUtilService   : 0 editors generated. Generate 1 instructors...
    23:42:37.704 |  31 nPool-1-worker-5 | DEBUG | d.t.c.a.a.c.u.util.UserUtilService   : 1 instructors generated
    23:42:37.705 |  31 nPool-1-worker-5 | DEBUG | d.t.c.a.a.c.u.util.UserUtilService   : Removing 5 users from all courses...
    23:42:37.706 |  31 nPool-1-worker-5 | DEBUG | d.t.c.a.a.c.u.util.UserUtilService   : Removing 5 users from all courses. Done
    23:42:37.706 |  31 nPool-1-worker-5 | DEBUG | d.t.c.a.a.c.u.util.UserUtilService   : Save 5 users to database...
    23:42:37.711 |  31 nPool-1-worker-5 | DEBUG | d.t.c.a.a.c.u.util.UserUtilService   : Save 5 users to database. Done
    23:42:37.718 |  31 nPool-1-worker-5 | DEBUG | .c.s.m.InstanceMessageReceiveService : Received schedule participant score for exercise 209 and participant 24 (result to be deleted: null)
    23:42:37.718 |  31 nPool-1-worker-5 | DEBUG | .a.s.ParticipantScoreScheduleService : Scheduled task for exercise 209 and participant 24 at 2025-02-14T23:42:37.818821548Z[Etc/UTC].
    23:42:37.723 |  31 nPool-1-worker-5 | DEBUG | .c.s.m.InstanceMessageReceiveService : Received schedule participant score for exercise 209 and participant 24 (result to be deleted: null)
    23:42:37.723 |  31 nPool-1-worker-5 | DEBUG | .a.s.ParticipantScoreScheduleService : Scheduled task for exercise 209 and participant 24 at 2025-02-14T23:42:37.823506716Z[Etc/UTC].
    23:42:37.725 |  31 nPool-1-worker-5 | DEBUG | a.a.ComplaintResponseIntegrationTest : 3 Test setup submissions done
    23:42:37.725 |  31 nPool-1-worker-5 | DEBUG | a.a.ComplaintResponseIntegrationTest : 4 Test setup complaints done
    23:42:37.725 |  31 nPool-1-worker-5 | INFO  | i.z.t.d.l.EmbeddedDatabaseReporter   : JDBC URL to connect to 'dataSource': url='jdbc:h2:tcp://localhost:41063/mem:df70fc46-7e57-4cb5-9cd0-c1d90c14afa7;USER=sa', scope='ComplaintResponseIntegrationTest#refreshLock_LockStillActive_shouldThrowComplaintResponseLockedException'
    23:42:37.728 |  31 nPool-1-worker-5 | DEBUG | d.t.c.a.a.c.s.f.ApiVersionFilter     : Adding Version to Request PATCH /api/complaints/98/response
    23:42:37.729 |  31 nPool-1-worker-5 | DEBUG | .c.a.a.a.w.ComplaintResponseResource : REST request to refresh empty complaint response for complaint with id: 98
    23:42:37.733 |  31 nPool-1-worker-5 | ERROR | tech.jhipster.web.util.HeaderUtil    : Entity processing failed, Complaint is locked
    23:42:37.733 |  31 nPool-1-worker-5 | WARN  | o.z.p.spring.common.AdviceTraits     : Bad Request: Complaint is locked

  Starting logs for ComplaintResponseIntegrationTest > resolveMoreFeedback_assessor_shouldResolve()
    23:42:37.756 |  31 nPool-1-worker-5 | DEBUG | d.t.c.a.a.c.u.util.UserUtilService   : Generate 1 students...
    23:42:37.759 |  31 nPool-1-worker-5 | DEBUG | d.t.c.a.a.c.u.util.UserUtilService   : 1 students generated. Generate 3 tutors...
    23:42:37.770 |  31 nPool-1-worker-5 | DEBUG | d.t.c.a.a.c.u.util.UserUtilService   : 3 tutors generated. Generate 0 editors...
    23:42:37.774 |  31 nPool-1-worker-5 | DEBUG | d.t.c.a.a.c.u.util.UserUtilService   : 0 editors generated. Generate 1 instructors...
    23:42:37.780 |  31 nPool-1-worker-5 | DEBUG | d.t.c.a.a.c.u.util.UserUtilService   : 1 instructors generated
    23:42:37.782 |  31 nPool-1-worker-5 | DEBUG | d.t.c.a.a.c.u.util.UserUtilService   : Removing 5 users from all courses...
    23:42:37.785 |  31 nPool-1-worker-5 | DEBUG | d.t.c.a.a.c.u.util.UserUtilService   : Removing 5 users from all courses. Done
    23:42:37.785 |  31 nPool-1-worker-5 | DEBUG | d.t.c.a.a.c.u.util.UserUtilService   : Save 5 users to database...
    23:42:37.793 |  31 nPool-1-worker-5 | DEBUG | d.t.c.a.a.c.u.util.UserUtilService   : Save 5 users to database. Done
    23:42:37.810 |  31 nPool-1-worker-5 | DEBUG | .c.s.m.InstanceMessageReceiveService : Received schedule participant score for exercise 210 and participant 24 (result to be deleted: null)
    23:42:37.810 |  31 nPool-1-worker-5 | DEBUG | .a.s.ParticipantScoreScheduleService : Scheduled task for exercise 210 and participant 24 at 2025-02-14T23:42:37.910125855Z[Etc/UTC].
    23:42:37.826 |  31 nPool-1-worker-5 | DEBUG | .c.s.m.InstanceMessageReceiveService : Received schedule participant score for exercise 210 and participant 24 (result to be deleted: null)
    23:42:37.826 |  31 nPool-1-worker-5 | DEBUG | .a.s.ParticipantScoreScheduleService : Scheduled task for exercise 210 and participant 24 at 2025-02-14T23:42:37.926293397Z[Etc/UTC].
    23:42:37.826 |  31 nPool-1-worker-5 | DEBUG | a.a.ComplaintResponseIntegrationTest : 3 Test setup submissions done
    23:42:37.827 |  31 nPool-1-worker-5 | DEBUG | a.a.ComplaintResponseIntegrationTest : 4 Test setup complaints done
    23:42:37.827 |  31 nPool-1-worker-5 | INFO  | i.z.t.d.l.EmbeddedDatabaseReporter   : JDBC URL to connect to 'dataSource': url='jdbc:h2:tcp://localhost:41063/mem:df70fc46-7e57-4cb5-9cd0-c1d90c14afa7;USER=sa', scope='ComplaintResponseIntegrationTest#resolveMoreFeedback_assessor_shouldResolve'
    23:42:37.841 |  31 nPool-1-worker-5 | DEBUG | d.t.c.a.a.c.s.f.ApiVersionFilter     : Adding Version to Request PATCH /api/complaints/99/response
    23:42:37.842 |  31 nPool-1-worker-5 | DEBUG | .c.a.a.a.w.ComplaintResponseResource : REST request to resolve the complaint with id: 99

Finished logs for ComplaintResponseIntegrationTest

Starting logs for ResultServiceIntegrationTest

  Starting logs for ResultServiceIntegrationTest > testGetResultsWithPointsForFileUploadExerciseWithGradingCriteria()
    23:42:30.245 |  40 Pool-1-worker-14 | DEBUG | d.t.c.a.a.c.u.util.UserUtilService   : Generate 3 students...
    23:42:30.249 |  40 Pool-1-worker-14 | DEBUG | d.t.c.a.a.c.u.util.UserUtilService   : 3 students generated. Generate 2 tutors...
    23:42:30.255 |  40 Pool-1-worker-14 | DEBUG | d.t.c.a.a.c.u.util.UserUtilService   : 2 tutors generated. Generate 0 editors...
    23:42:30.261 |  40 Pool-1-worker-14 | DEBUG | d.t.c.a.a.c.u.util.UserUtilService   : 0 editors generated. Generate 2 instructors...
    23:42:30.272 |  40 Pool-1-worker-14 | DEBUG | d.t.c.a.a.c.u.util.UserUtilService   : 2 instructors generated
    23:42:30.273 |  40 Pool-1-worker-14 | DEBUG | d.t.c.a.a.c.u.util.UserUtilService   : Removing 3 users from all courses...
    23:42:30.275 |  40 Pool-1-worker-14 | DEBUG | d.t.c.a.a.c.u.util.UserUtilService   : Removing 3 users from all courses. Done
    23:42:30.275 |  40 Pool-1-worker-14 | DEBUG | d.t.c.a.a.c.u.util.UserUtilService   : Save 7 users to database...
    23:42:30.279 |  40 Pool-1-worker-14 | DEBUG | d.t.c.a.a.c.u.util.UserUtilService   : Save 7 users to database. Done
    23:42:30.382 |  40 Pool-1-worker-14 | DEBUG | PersonalAccessTokenManagementService : Generate secure vcs access token
    23:42:30.404 |  40 Pool-1-worker-14 | DEBUG | PersonalAccessTokenManagementService : Generate secure vcs access token
    23:42:30.411 |  40 Pool-1-worker-14 | DEBUG | PersonalAccessTokenManagementService : Generate secure vcs access token
    23:42:30.437 |  40 Pool-1-worker-14 | INFO  | i.z.t.d.l.EmbeddedDatabaseReporter   : JDBC URL to connect to 'dataSource': url='jdbc:h2:tcp://localhost:41063/mem:f240edcd-27ce-47a3-b4ab-a6a00c154135;USER=sa', scope='ResultServiceIntegrationTest#testGetResultsWithPointsForFileUploadExerciseWithGradingCriteria'
    23:42:30.480 |  40 Pool-1-worker-14 | DEBUG | .c.s.m.InstanceMessageReceiveService : Received schedule participant score for exercise 105 and participant 11 (result to be deleted: null)
    23:42:30.480 |  40 Pool-1-worker-14 | DEBUG | .a.s.ParticipantScoreScheduleService : Scheduled task for exercise 105 and participant 11 at 2025-02-14T23:42:30.580897829Z[Etc/UTC].
    23:42:30.501 |  40 Pool-1-worker-14 | DEBUG | .c.s.m.InstanceMessageReceiveService : Received schedule participant score for exercise 105 and participant 11 (result to be deleted: null)
    23:42:30.501 |  40 Pool-1-worker-14 | DEBUG | .a.s.ParticipantScoreScheduleService : Scheduled task for exercise 105 and participant 11 at 2025-02-14T23:42:30.601338078Z[Etc/UTC].
    23:42:30.512 |  40 Pool-1-worker-14 | DEBUG | .c.s.m.InstanceMessageReceiveService : Received schedule participant score for exercise 105 and participant 11 (result to be deleted: null)
    23:42:30.512 |  40 Pool-1-worker-14 | DEBUG | .a.s.ParticipantScoreScheduleService : Scheduled task for exercise 105 and participant 11 at 2025-02-14T23:42:30.612299444Z[Etc/UTC].
    23:42:30.561 |  40 Pool-1-worker-14 | DEBUG | .c.s.m.InstanceMessageReceiveService : Received schedule participant score for exercise 105 and participant 11 (result to be deleted: null)
    23:42:30.561 |  40 Pool-1-worker-14 | DEBUG | .a.s.ParticipantScoreScheduleService : Scheduled task for exercise 105 and participant 11 at 2025-02-14T23:42:30.661223568Z[Etc/UTC].
    23:42:30.574 |  40 Pool-1-worker-14 | DEBUG | .c.s.m.InstanceMessageReceiveService : Received schedule participant score for exercise 105 and participant 11 (result to be deleted: null)
    23:42:30.574 |  40 Pool-1-worker-14 | DEBUG | .a.s.ParticipantScoreScheduleService : Scheduled task for exercise 105 and participant 11 at 2025-02-14T23:42:30.674377462Z[Etc/UTC].
    23:42:30.589 |  40 Pool-1-worker-14 | DEBUG | .c.s.m.InstanceMessageReceiveService : Received schedule participant score for exercise 105 and participant 11 (result to be deleted: null)
    23:42:30.589 |  40 Pool-1-worker-14 | DEBUG | .a.s.ParticipantScoreScheduleService : Scheduled task for exercise 105 and participant 11 at 2025-02-14T23:42:30.689373841Z[Etc/UTC].
    23:42:30.592 |  40 Pool-1-worker-14 | DEBUG | d.t.c.a.a.c.s.f.ApiVersionFilter     : Adding Version to Request GET /api/exercises/105/results-with-points-per-criterion
    23:42:30.691 | 615 taskScheduler-4  | DEBUG | .a.s.ParticipantScoreScheduleService : Processing exercise 105 and participant 11 to update participant scores.
    23:42:30.724 | 615 taskScheduler-4  | DEBUG | .a.s.ParticipantScoreScheduleService : Updated participant score 63.
    23:42:30.725 | 615 taskScheduler-4  | DEBUG | .a.s.ParticipantScoreScheduleService : Updating the participant score for exercise 105 and participant 11 took 34 ms.

  Starting logs for ResultServiceIntegrationTest > testGetMaxCountForExercise()
    23:42:30.784 |  40 Pool-1-worker-14 | DEBUG | d.t.c.a.a.c.u.util.UserUtilService   : Generate 3 students...
    23:42:30.792 |  40 Pool-1-worker-14 | DEBUG | d.t.c.a.a.c.u.util.UserUtilService   : 3 students generated. Generate 2 tutors...
    23:42:30.799 |  40 Pool-1-worker-14 | DEBUG | d.t.c.a.a.c.u.util.UserUtilService   : 2 tutors generated. Generate 0 editors...
    23:42:30.804 |  40 Pool-1-worker-14 | DEBUG | d.t.c.a.a.c.u.util.UserUtilService   : 0 editors generated. Generate 2 instructors...
    23:42:30.811 |  40 Pool-1-worker-14 | DEBUG | d.t.c.a.a.c.u.util.UserUtilService   : 2 instructors generated
    23:42:30.815 |  40 Pool-1-worker-14 | DEBUG | d.t.c.a.a.c.u.util.UserUtilService   : Removing 7 users from all courses...
    23:42:30.819 |  40 Pool-1-worker-14 | DEBUG | d.t.c.a.a.c.u.util.UserUtilService   : Removing 7 users from all courses. Done
    23:42:30.819 |  40 Pool-1-worker-14 | DEBUG | d.t.c.a.a.c.u.util.UserUtilService   : Save 7 users to database...
    23:42:30.851 |  40 Pool-1-worker-14 | DEBUG | d.t.c.a.a.c.u.util.UserUtilService   : Save 7 users to database. Done
    23:42:30.927 |  40 Pool-1-worker-14 | DEBUG | PersonalAccessTokenManagementService : Generate secure vcs access token
    23:42:30.932 |  40 Pool-1-worker-14 | DEBUG | PersonalAccessTokenManagementService : Generate secure vcs access token
    23:42:30.936 |  40 Pool-1-worker-14 | DEBUG | PersonalAccessTokenManagementService : Generate secure vcs access token
    23:42:30.957 |  40 Pool-1-worker-14 | INFO  | i.z.t.d.l.EmbeddedDatabaseReporter   : JDBC URL to connect to 'dataSource': url='jdbc:h2:tcp://localhost:41063/mem:f240edcd-27ce-47a3-b4ab-a6a00c154135;USER=sa', scope='ResultServiceIntegrationTest#testGetMaxCountForExercise'
    23:42:30.958 |  40 Pool-1-worker-14 | DEBUG | .c.s.m.InstanceMessageReceiveService : Received schedule participant score for exercise 106 and participant 9 (result to be deleted: null)
    23:42:30.959 |  40 Pool-1-worker-14 | DEBUG | .a.s.ParticipantScoreScheduleService : Scheduled task for exercise 106 and participant 9 at 2025-02-14T23:42:31.059029756Z[Etc/UTC].
    23:42:30.965 |  40 Pool-1-worker-14 | DEBUG | .c.s.m.InstanceMessageReceiveService : Received schedule participant score for exercise 106 and participant 9 (result to be deleted: null)
    23:42:30.966 |  40 Pool-1-worker-14 | DEBUG | .a.s.ParticipantScoreScheduleService : Scheduled task for exercise 106 and participant 9 at 2025-02-14T23:42:31.066117340Z[Etc/UTC].
    23:42:30.974 |  40 Pool-1-worker-14 | DEBUG | d.t.c.a.a.c.s.f.ApiVersionFilter     : Adding Version to Request GET /api/exercises/106/feedback-details-max-count

  Starting logs for ResultServiceIntegrationTest > shouldReturnNotFoundForNonExistingResult()
    23:42:31.060 |  40 Pool-1-worker-14 | DEBUG | d.t.c.a.a.c.u.util.UserUtilService   : Generate 3 students...
    23:42:31.066 |  40 Pool-1-worker-14 | DEBUG | d.t.c.a.a.c.u.util.UserUtilService   : 3 students generated. Generate 2 tutors...
    23:42:31.070 |  40 Pool-1-worker-14 | DEBUG | d.t.c.a.a.c.u.util.UserUtilService   : 2 tutors generated. Generate 0 editors...
    23:42:31.071 |  40 Pool-1-worker-14 | DEBUG | d.t.c.a.a.c.u.util.UserUtilService   : 0 editors generated. Generate 2 instructors...
    23:42:31.077 |  40 Pool-1-worker-14 | DEBUG | d.t.c.a.a.c.u.util.UserUtilService   : 2 instructors generated
    23:42:31.082 |  40 Pool-1-worker-14 | DEBUG | d.t.c.a.a.c.u.util.UserUtilService   : Removing 7 users from all courses...
    23:42:31.083 |  40 Pool-1-worker-14 | DEBUG | d.t.c.a.a.c.u.util.UserUtilService   : Removing 7 users from all courses. Done
    23:42:31.083 |  40 Pool-1-worker-14 | DEBUG | d.t.c.a.a.c.u.util.UserUtilService   : Save 7 users to database...
    23:42:31.094 |  40 Pool-1-worker-14 | DEBUG | d.t.c.a.a.c.u.util.UserUtilService   : Save 7 users to database. Done
    23:42:31.129 |  40 Pool-1-worker-14 | DEBUG | PersonalAccessTokenManagementService : Generate secure vcs access token
    23:42:31.133 |  40 Pool-1-worker-14 | DEBUG | PersonalAccessTokenManagementService : Generate secure vcs access token
    23:42:31.137 |  40 Pool-1-worker-14 | DEBUG | PersonalAccessTokenManagementService : Generate secure vcs access token
    23:42:31.155 |  40 Pool-1-worker-14 | INFO  | i.z.t.d.l.EmbeddedDatabaseReporter   : JDBC URL to connect to 'dataSource': url='jdbc:h2:tcp://localhost:41063/mem:f240edcd-27ce-47a3-b4ab-a6a00c154135;USER=sa', scope='ResultServiceIntegrationTest#shouldReturnNotFoundForNonExistingResult'
    23:42:31.163 |  40 Pool-1-worker-14 | DEBUG | d.t.c.a.a.c.s.f.ApiVersionFilter     : Adding Version to Request GET /api/participations/82/results/7598049123858794317/details
    23:42:31.165 |  40 Pool-1-worker-14 | DEBUG | d.t.c.a.a.a.web.ResultResource       : REST request to get details of Result : 7598049123858794317
    23:42:31.170 |  40 Pool-1-worker-14 | WARN  | o.z.p.spring.common.AdviceTraits     : Not Found: Result with identifier: "7598049123858794317" does not exist

  Starting logs for ResultServiceIntegrationTest > testGetParticipationForFeedbackDetailText()
    23:42:31.219 |  40 Pool-1-worker-14 | DEBUG | d.t.c.a.a.c.u.util.UserUtilService   : Generate 3 students...
    23:42:31.231 |  40 Pool-1-worker-14 | DEBUG | d.t.c.a.a.c.u.util.UserUtilService   : 3 students generated. Generate 2 tutors...
    23:42:31.244 |  40 Pool-1-worker-14 | DEBUG | d.t.c.a.a.c.u.util.UserUtilService   : 2 tutors generated. Generate 0 editors...
    23:42:31.245 |  40 Pool-1-worker-14 | DEBUG | d.t.c.a.a.c.u.util.UserUtilService   : 0 editors generated. Generate 2 instructors...
    23:42:31.255 |  40 Pool-1-worker-14 | DEBUG | d.t.c.a.a.c.u.util.UserUtilService   : 2 instructors generated
    23:42:31.256 |  40 Pool-1-worker-14 | DEBUG | d.t.c.a.a.c.u.util.UserUtilService   : Removing 7 users from all courses...
    23:42:31.261 |  40 Pool-1-worker-14 | DEBUG | d.t.c.a.a.c.u.util.UserUtilService   : Removing 7 users from all courses. Done
    23:42:31.261 |  40 Pool-1-worker-14 | DEBUG | d.t.c.a.a.c.u.util.UserUtilService   : Save 7 users to database...
    23:42:31.270 |  40 Pool-1-worker-14 | DEBUG | d.t.c.a.a.c.u.util.UserUtilService   : Save 7 users to database. Done
    23:42:31.340 |  40 Pool-1-worker-14 | DEBUG | PersonalAccessTokenManagementService : Generate secure vcs access token
    23:42:31.352 |  40 Pool-1-worker-14 | DEBUG | PersonalAccessTokenManagementService : Generate secure vcs access token
    23:42:31.357 |  40 Pool-1-worker-14 | DEBUG | PersonalAccessTokenManagementService : Generate secure vcs access token
    23:42:31.394 |  40 Pool-1-worker-14 | INFO  | i.z.t.d.l.EmbeddedDatabaseReporter   : JDBC URL to connect to 'dataSource': url='jdbc:h2:tcp://localhost:41063/mem:f240edcd-27ce-47a3-b4ab-a6a00c154135;USER=sa', scope='ResultServiceIntegrationTest#testGetParticipationForFeedbackDetailText'
    23:42:31.394 |  40 Pool-1-worker-14 | DEBUG | .c.s.m.InstanceMessageReceiveService : Received schedule participant score for exercise 114 and participant 9 (result to be deleted: null)
    23:42:31.395 |  40 Pool-1-worker-14 | DEBUG | .a.s.ParticipantScoreScheduleService : Scheduled task for exercise 114 and participant 9 at 2025-02-14T23:42:31.495015994Z[Etc/UTC].
    23:42:31.405 |  40 Pool-1-worker-14 | DEBUG | .c.s.m.InstanceMessageReceiveService : Received schedule participant score for exercise 114 and participant 9 (result to be deleted: null)
    23:42:31.406 |  40 Pool-1-worker-14 | DEBUG | .a.s.ParticipantScoreScheduleService : Scheduled task for exercise 114 and participant 9 at 2025-02-14T23:42:31.506012526Z[Etc/UTC].
    23:42:31.410 |  40 Pool-1-worker-14 | DEBUG | d.t.c.a.a.c.s.f.ApiVersionFilter     : Adding Version to Request GET /api/exercises/114/feedback-details-participation

  Starting logs for ResultServiceIntegrationTest > createResultForExternalSubmission_quizExercise(QuizMode) [1] quizMode=SYNCHRONIZED
    23:42:31.475 |  40 Pool-1-worker-14 | DEBUG | d.t.c.a.a.c.u.util.UserUtilService   : Generate 3 students...
    23:42:31.487 |  40 Pool-1-worker-14 | DEBUG | d.t.c.a.a.c.u.util.UserUtilService   : 3 students generated. Generate 2 tutors...
    23:42:31.494 |  40 Pool-1-worker-14 | DEBUG | d.t.c.a.a.c.u.util.UserUtilService   : 2 tutors generated. Generate 0 editors...
    23:42:31.495 |  40 Pool-1-worker-14 | DEBUG | d.t.c.a.a.c.u.util.UserUtilService   : 0 editors generated. Generate 2 instructors...
    23:42:31.499 |  40 Pool-1-worker-14 | DEBUG | d.t.c.a.a.c.u.util.UserUtilService   : 2 instructors generated
    23:42:31.501 |  40 Pool-1-worker-14 | DEBUG | d.t.c.a.a.c.u.util.UserUtilService   : Removing 7 users from all courses...
    23:42:31.502 |  40 Pool-1-worker-14 | DEBUG | d.t.c.a.a.c.u.util.UserUtilService   : Removing 7 users from all courses. Done
    23:42:31.502 |  40 Pool-1-worker-14 | DEBUG | d.t.c.a.a.c.u.util.UserUtilService   : Save 7 users to database...
    23:42:31.508 |  40 Pool-1-worker-14 | DEBUG | d.t.c.a.a.c.u.util.UserUtilService   : Save 7 users to database. Done
    23:42:31.541 |  40 Pool-1-worker-14 | DEBUG | PersonalAccessTokenManagementService : Generate secure vcs access token
    23:42:31.545 |  40 Pool-1-worker-14 | DEBUG | PersonalAccessTokenManagementService : Generate secure vcs access token
    23:42:31.549 |  40 Pool-1-worker-14 | DEBUG | PersonalAccessTokenManagementService : Generate secure vcs access token
    23:42:31.568 |  40 Pool-1-worker-14 | INFO  | i.z.t.d.l.EmbeddedDatabaseReporter   : JDBC URL to connect to 'dataSource': url='jdbc:h2:tcp://localhost:41063/mem:f240edcd-27ce-47a3-b4ab-a6a00c154135;USER=sa', scope='ResultServiceIntegrationTest#createResultForExternalSubmission_quizExercise'
    23:42:31.578 |  40 Pool-1-worker-14 | DEBUG | d.t.c.a.a.c.s.f.ApiVersionFilter     : Adding Version to Request POST /api/exercises/122/external-submission-results
    23:42:31.596 |  40 Pool-1-worker-14 | DEBUG | d.t.c.a.a.a.web.ResultResource       : REST request to create Result for External Submission for Exercise : 122
    23:42:31.602 |  40 Pool-1-worker-14 | ERROR | tech.jhipster.web.util.HeaderUtil    : Entity processing failed, External submissions are not supported for Quiz exercises.

  Starting logs for ResultServiceIntegrationTest > createResultForExternalSubmission_quizExercise(QuizMode) [2] quizMode=BATCHED
    23:42:31.653 |  40 Pool-1-worker-14 | DEBUG | d.t.c.a.a.c.u.util.UserUtilService   : Generate 3 students...
    23:42:31.666 |  40 Pool-1-worker-14 | DEBUG | d.t.c.a.a.c.u.util.UserUtilService   : 3 students generated. Generate 2 tutors...
    23:42:31.676 |  40 Pool-1-worker-14 | DEBUG | d.t.c.a.a.c.u.util.UserUtilService   : 2 tutors generated. Generate 0 editors...
    23:42:31.678 |  40 Pool-1-worker-14 | DEBUG | d.t.c.a.a.c.u.util.UserUtilService   : 0 editors generated. Generate 2 instructors...
    23:42:31.685 |  40 Pool-1-worker-14 | DEBUG | d.t.c.a.a.c.u.util.UserUtilService   : 2 instructors generated
    23:42:31.686 |  40 Pool-1-worker-14 | DEBUG | d.t.c.a.a.c.u.util.UserUtilService   : Removing 7 users from all courses...
    23:42:31.688 |  40 Pool-1-worker-14 | DEBUG | d.t.c.a.a.c.u.util.UserUtilService   : Removing 7 users from all courses. Done
    23:42:31.688 |  40 Pool-1-worker-14 | DEBUG | d.t.c.a.a.c.u.util.UserUtilService   : Save 7 users to database...
    23:42:31.700 |  40 Pool-1-worker-14 | DEBUG | d.t.c.a.a.c.u.util.UserUtilService   : Save 7 users to database. Done
    23:42:31.775 |  40 Pool-1-worker-14 | DEBUG | PersonalAccessTokenManagementService : Generate secure vcs access token
    23:42:31.782 |  40 Pool-1-worker-14 | DEBUG | PersonalAccessTokenManagementService : Generate secure vcs access token
    23:42:31.793 |  40 Pool-1-worker-14 | DEBUG | PersonalAccessTokenManagementService : Generate secure vcs access token
    23:42:31.832 |  40 Pool-1-worker-14 | INFO  | i.z.t.d.l.EmbeddedDatabaseReporter   : JDBC URL to connect to 'dataSource': url='jdbc:h2:tcp://localhost:41063/mem:f240edcd-27ce-47a3-b4ab-a6a00c154135;USER=sa', scope='ResultServiceIntegrationTest#createResultForExternalSubmission_quizExercise'
    23:42:31.837 |  40 Pool-1-worker-14 | DEBUG | d.t.c.a.a.c.s.f.ApiVersionFilter     : Adding Version to Request POST /api/exercises/127/external-submission-results
    23:42:31.841 |  40 Pool-1-worker-14 | DEBUG | d.t.c.a.a.a.web.ResultResource       : REST request to create Result for External Submission for Exercise : 127
    23:42:31.847 |  40 Pool-1-worker-14 | ERROR | tech.jhipster.web.util.HeaderUtil    : Entity processing failed, External submissions are not supported for Quiz exercises.

  Starting logs for ResultServiceIntegrationTest > createResultForExternalSubmission_quizExercise(QuizMode) [3] quizMode=INDIVIDUAL
    23:42:31.896 |  40 Pool-1-worker-14 | DEBUG | d.t.c.a.a.c.u.util.UserUtilService   : Generate 3 students...
    23:42:31.906 |  40 Pool-1-worker-14 | DEBUG | d.t.c.a.a.c.u.util.UserUtilService   : 3 students generated. Generate 2 tutors...
    23:42:31.911 |  40 Pool-1-worker-14 | DEBUG | d.t.c.a.a.c.u.util.UserUtilService   : 2 tutors generated. Generate 0 editors...
    23:42:31.913 |  40 Pool-1-worker-14 | DEBUG | d.t.c.a.a.c.u.util.UserUtilService   : 0 editors generated. Generate 2 instructors...
    23:42:31.917 |  40 Pool-1-worker-14 | DEBUG | d.t.c.a.a.c.u.util.UserUtilService   : 2 instructors generated
    23:42:31.918 |  40 Pool-1-worker-14 | DEBUG | d.t.c.a.a.c.u.util.UserUtilService   : Removing 7 users from all courses...
    23:42:31.919 |  40 Pool-1-worker-14 | DEBUG | d.t.c.a.a.c.u.util.UserUtilService   : Removing 7 users from all courses. Done
    23:42:31.919 |  40 Pool-1-worker-14 | DEBUG | d.t.c.a.a.c.u.util.UserUtilService   : Save 7 users to database...
    23:42:31.925 |  40 Pool-1-worker-14 | DEBUG | d.t.c.a.a.c.u.util.UserUtilService   : Save 7 users to database. Done
    23:42:31.982 |  40 Pool-1-worker-14 | DEBUG | PersonalAccessTokenManagementService : Generate secure vcs access token
    23:42:31.993 |  40 Pool-1-worker-14 | DEBUG | PersonalAccessTokenManagementService : Generate secure vcs access token
    23:42:32.000 |  40 Pool-1-worker-14 | DEBUG | PersonalAccessTokenManagementService : Generate secure vcs access token
    23:42:32.035 |  40 Pool-1-worker-14 | INFO  | i.z.t.d.l.EmbeddedDatabaseReporter   : JDBC URL to connect to 'dataSource': url='jdbc:h2:tcp://localhost:41063/mem:f240edcd-27ce-47a3-b4ab-a6a00c154135;USER=sa', scope='ResultServiceIntegrationTest#createResultForExternalSubmission_quizExercise'
    23:42:32.042 |  40 Pool-1-worker-14 | DEBUG | d.t.c.a.a.c.s.f.ApiVersionFilter     : Adding Version to Request POST /api/exercises/132/external-submission-results
    23:42:32.045 |  40 Pool-1-worker-14 | DEBUG | d.t.c.a.a.a.web.ResultResource       : REST request to create Result for External Submission for Exercise : 132
    23:42:32.049 |  40 Pool-1-worker-14 | ERROR | tech.jhipster.web.util.HeaderUtil    : Entity processing failed, External submissions are not supported for Quiz exercises.

  Starting logs for ResultServiceIntegrationTest > deleteResult()
    23:42:32.116 |  40 Pool-1-worker-14 | DEBUG | d.t.c.a.a.c.u.util.UserUtilService   : Generate 3 students...
    23:42:32.130 |  40 Pool-1-worker-14 | DEBUG | d.t.c.a.a.c.u.util.UserUtilService   : 3 students generated. Generate 2 tutors...
    23:42:32.137 |  40 Pool-1-worker-14 | DEBUG | d.t.c.a.a.c.u.util.UserUtilService   : 2 tutors generated. Generate 0 editors...
    23:42:32.138 |  40 Pool-1-worker-14 | DEBUG | d.t.c.a.a.c.u.util.UserUtilService   : 0 editors generated. Generate 2 instructors...
    23:42:32.145 |  40 Pool-1-worker-14 | DEBUG | d.t.c.a.a.c.u.util.UserUtilService   : 2 instructors generated
    23:42:32.150 |  40 Pool-1-worker-14 | DEBUG | d.t.c.a.a.c.u.util.UserUtilService   : Removing 7 users from all courses...
    23:42:32.151 |  40 Pool-1-worker-14 | DEBUG | d.t.c.a.a.c.u.util.UserUtilService   : Removing 7 users from all courses. Done
    23:42:32.151 |  40 Pool-1-worker-14 | DEBUG | d.t.c.a.a.c.u.util.UserUtilService   : Save 7 users to database...
    23:42:32.164 |  40 Pool-1-worker-14 | DEBUG | d.t.c.a.a.c.u.util.UserUtilService   : Save 7 users to database. Done
    23:42:32.224 |  40 Pool-1-worker-14 | DEBUG | PersonalAccessTokenManagementService : Generate secure vcs access token
    23:42:32.228 |  40 Pool-1-worker-14 | DEBUG | PersonalAccessTokenManagementService : Generate secure vcs access token
    23:42:32.232 |  40 Pool-1-worker-14 | DEBUG | PersonalAccessTokenManagementService : Generate secure vcs access token
    23:42:32.257 |  40 Pool-1-worker-14 | INFO  | i.z.t.d.l.EmbeddedDatabaseReporter   : JDBC URL to connect to 'dataSource': url='jdbc:h2:tcp://localhost:41063/mem:f240edcd-27ce-47a3-b4ab-a6a00c154135;USER=sa', scope='ResultServiceIntegrationTest#deleteResult'
    23:42:32.269 |  40 Pool-1-worker-14 | DEBUG | .c.s.m.InstanceMessageReceiveService : Received schedule participant score for exercise 135 and participant 10 (result to be deleted: null)
    23:42:32.269 |  40 Pool-1-worker-14 | DEBUG | .a.s.ParticipantScoreScheduleService : Scheduled task for exercise 135 and participant 10 at 2025-02-14T23:42:32.369725508Z[Etc/UTC].
    23:42:32.279 |  40 Pool-1-worker-14 | DEBUG | .c.s.m.InstanceMessageReceiveService : Received schedule participant score for exercise 135 and participant 10 (result to be deleted: null)
    23:42:32.279 |  40 Pool-1-worker-14 | DEBUG | .a.s.ParticipantScoreScheduleService : Scheduled task for exercise 135 and participant 10 at 2025-02-14T23:42:32.379568238Z[Etc/UTC].
    23:42:32.284 |  40 Pool-1-worker-14 | DEBUG | d.t.c.a.a.c.s.f.ApiVersionFilter     : Adding Version to Request DELETE /api/participations/129/results/88
    23:42:32.285 |  40 Pool-1-worker-14 | DEBUG | d.t.c.a.a.a.web.ResultResource       : REST request to delete Result : 88
    23:42:32.292 |  40 Pool-1-worker-14 | DEBUG | d.t.c.a.a.a.service.ResultService    : Delete result 88
    23:42:32.292 |  40 Pool-1-worker-14 | DEBUG | d.t.c.a.a.a.service.ResultService    : Delete result references 88
    23:42:32.297 |  40 Pool-1-worker-14 | DEBUG | .c.s.m.InstanceMessageReceiveService : Received schedule participant score for exercise 135 and participant 10 (result to be deleted: 88)
    23:42:32.298 |  40 Pool-1-worker-14 | DEBUG | .a.s.ParticipantScoreScheduleService : Scheduled task for exercise 135 and participant 10 at 2025-02-14T23:42:32.398015992Z[Etc/UTC].
    23:42:32.313 |  40 Pool-1-worker-14 | DEBUG | d.t.c.a.a.c.s.f.ApiVersionFilter     : Adding Version to Request DELETE /api/participations/129/results/88
    23:42:32.316 |  40 Pool-1-worker-14 | DEBUG | d.t.c.a.a.a.web.ResultResource       : REST request to delete Result : 88
    23:42:32.319 |  40 Pool-1-worker-14 | WARN  | o.z.p.spring.common.AdviceTraits     : Not Found: Result with identifier: "88" does not exist

  Starting logs for ResultServiceIntegrationTest > testGetMaxCountForExerciseWithMultipleFeedback()
    23:42:32.359 |  40 Pool-1-worker-14 | DEBUG | d.t.c.a.a.c.u.util.UserUtilService   : Generate 3 students...
    23:42:32.369 |  40 Pool-1-worker-14 | DEBUG | d.t.c.a.a.c.u.util.UserUtilService   : 3 students generated. Generate 2 tutors...
    23:42:32.373 |  40 Pool-1-worker-14 | DEBUG | d.t.c.a.a.c.u.util.UserUtilService   : 2 tutors generated. Generate 0 editors...
    23:42:32.374 |  40 Pool-1-worker-14 | DEBUG | d.t.c.a.a.c.u.util.UserUtilService   : 0 editors generated. Generate 2 instructors...
    23:42:32.381 |  40 Pool-1-worker-14 | DEBUG | d.t.c.a.a.c.u.util.UserUtilService   : 2 instructors generated
    23:42:32.382 |  40 Pool-1-worker-14 | DEBUG | d.t.c.a.a.c.u.util.UserUtilService   : Removing 7 users from all courses...
    23:42:32.383 |  40 Pool-1-worker-14 | DEBUG | d.t.c.a.a.c.u.util.UserUtilService   : Removing 7 users from all courses. Done
    23:42:32.383 |  40 Pool-1-worker-14 | DEBUG | d.t.c.a.a.c.u.util.UserUtilService   : Save 7 users to database...
    23:42:32.390 |  40 Pool-1-worker-14 | DEBUG | d.t.c.a.a.c.u.util.UserUtilService   : Save 7 users to database. Done
    23:42:32.449 |  40 Pool-1-worker-14 | DEBUG | PersonalAccessTokenManagementService : Generate secure vcs access token
    23:42:32.454 |  40 Pool-1-worker-14 | DEBUG | PersonalAccessTokenManagementService : Generate secure vcs access token
    23:42:32.458 |  40 Pool-1-worker-14 | DEBUG | PersonalAccessTokenManagementService : Generate secure vcs access token
    23:42:32.484 |  40 Pool-1-worker-14 | INFO  | i.z.t.d.l.EmbeddedDatabaseReporter   : JDBC URL to connect to 'dataSource': url='jdbc:h2:tcp://localhost:41063/mem:f240edcd-27ce-47a3-b4ab-a6a00c154135;USER=sa', scope='ResultServiceIntegrationTest#testGetMaxCountForExerciseWithMultipleFeedback'
    23:42:32.484 |  40 Pool-1-worker-14 | DEBUG | .c.s.m.InstanceMessageReceiveService : Received schedule participant score for exercise 137 and participant 9 (result to be deleted: null)
    23:42:32.484 |  40 Pool-1-worker-14 | DEBUG | .a.s.ParticipantScoreScheduleService : Scheduled task for exercise 137 and participant 9 at 2025-02-14T23:42:32.584951083Z[Etc/UTC].
    23:42:32.485 |  40 Pool-1-worker-14 | DEBUG | .c.s.m.InstanceMessageReceiveService : Received schedule participant score for exercise 137 and participant 10 (result to be deleted: null)
    23:42:32.485 |  40 Pool-1-worker-14 | DEBUG | .a.s.ParticipantScoreScheduleService : Scheduled task for exercise 137 and participant 10 at 2025-02-14T23:42:32.585591066Z[Etc/UTC].
    23:42:32.495 |  40 Pool-1-worker-14 | DEBUG | .c.s.m.InstanceMessageReceiveService : Received schedule participant score for exercise 137 and participant 9 (result to be deleted: null)
    23:42:32.495 |  40 Pool-1-worker-14 | DEBUG | .a.s.ParticipantScoreScheduleService : Scheduled task for exercise 137 and participant 9 at 2025-02-14T23:42:32.595726172Z[Etc/UTC].
    23:42:32.500 |  40 Pool-1-worker-14 | DEBUG | .c.s.m.InstanceMessageReceiveService : Received schedule participant score for exercise 137 and participant 10 (result to be deleted: null)
    23:42:32.500 |  40 Pool-1-worker-14 | DEBUG | .a.s.ParticipantScoreScheduleService : Scheduled task for exercise 137 and participant 10 at 2025-02-14T23:42:32.600300891Z[Etc/UTC].
    23:42:32.502 |  40 Pool-1-worker-14 | DEBUG | d.t.c.a.a.c.s.f.ApiVersionFilter     : Adding Version to Request GET /api/exercises/137/feedback-details-max-count

  Starting logs for ResultServiceIntegrationTest > testGetAllFeedbackDetailsForExerciseWithMultipleFeedback()
    23:42:32.534 |  40 Pool-1-worker-14 | DEBUG | d.t.c.a.a.c.u.util.UserUtilService   : Generate 3 students...
    23:42:32.539 |  40 Pool-1-worker-14 | DEBUG | d.t.c.a.a.c.u.util.UserUtilService   : 3 students generated. Generate 2 tutors...
    23:42:32.543 |  40 Pool-1-worker-14 | DEBUG | d.t.c.a.a.c.u.util.UserUtilService   : 2 tutors generated. Generate 0 editors...
    23:42:32.545 |  40 Pool-1-worker-14 | DEBUG | d.t.c.a.a.c.u.util.UserUtilService   : 0 editors generated. Generate 2 instructors...
    23:42:32.548 | 614 taskScheduler-3  | DEBUG | a.a.b.s.SharedQueueProcessingService : Currently processing jobs on this node: 0, active threads in Pool: 0, maximum pool size of thread executor : 1
    23:42:32.551 |  40 Pool-1-worker-14 | DEBUG | d.t.c.a.a.c.u.util.UserUtilService   : 2 instructors generated
    23:42:32.552 |  40 Pool-1-worker-14 | DEBUG | d.t.c.a.a.c.u.util.UserUtilService   : Removing 7 users from all courses...
    23:42:32.554 |  40 Pool-1-worker-14 | DEBUG | d.t.c.a.a.c.u.util.UserUtilService   : Removing 7 users from all courses. Done
    23:42:32.554 |  40 Pool-1-worker-14 | DEBUG | d.t.c.a.a.c.u.util.UserUtilService   : Save 7 users to database...
    23:42:32.567 |  40 Pool-1-worker-14 | DEBUG | d.t.c.a.a.c.u.util.UserUtilService   : Save 7 users to database. Done
    23:42:32.640 |  40 Pool-1-worker-14 | DEBUG | PersonalAccessTokenManagementService : Generate secure vcs access token
    23:42:32.645 |  40 Pool-1-worker-14 | DEBUG | PersonalAccessTokenManagementService : Generate secure vcs access token
    23:42:32.649 |  40 Pool-1-worker-14 | DEBUG | PersonalAccessTokenManagementService : Generate secure vcs access token
    23:42:32.665 |  40 Pool-1-worker-14 | INFO  | i.z.t.d.l.EmbeddedDatabaseReporter   : JDBC URL to connect to 'dataSource': url='jdbc:h2:tcp://localhost:41063/mem:f240edcd-27ce-47a3-b4ab-a6a00c154135;USER=sa', scope='ResultServiceIntegrationTest#testGetAllFeedbackDetailsForExerciseWithMultipleFeedback'
    23:42:32.666 |  40 Pool-1-worker-14 | DEBUG | .c.s.m.InstanceMessageReceiveService : Received schedule participant score for exercise 141 and participant 9 (result to be deleted: null)
    23:42:32.666 |  40 Pool-1-worker-14 | DEBUG | .a.s.ParticipantScoreScheduleService : Scheduled task for exercise 141 and participant 9 at 2025-02-14T23:42:32.766394047Z[Etc/UTC].
    23:42:32.669 |  40 Pool-1-worker-14 | DEBUG | .c.s.m.InstanceMessageReceiveService : Received schedule participant score for exercise 141 and participant 10 (result to be deleted: null)
    23:42:32.669 |  40 Pool-1-worker-14 | DEBUG | .a.s.ParticipantScoreScheduleService : Scheduled task for exercise 141 and participant 10 at 2025-02-14T23:42:32.769744143Z[Etc/UTC].
    23:42:32.674 |  40 Pool-1-worker-14 | DEBUG | .c.s.m.InstanceMessageReceiveService : Received schedule participant score for exercise 141 and participant 9 (result to be deleted: null)
    23:42:32.674 |  40 Pool-1-worker-14 | DEBUG | .a.s.ParticipantScoreScheduleService : Scheduled task for exercise 141 and participant 9 at 2025-02-14T23:42:32.774623189Z[Etc/UTC].
    23:42:32.678 |  40 Pool-1-worker-14 | DEBUG | .c.s.m.InstanceMessageReceiveService : Received schedule participant score for exercise 141 and participant 10 (result to be deleted: null)
    23:42:32.679 |  40 Pool-1-worker-14 | DEBUG | .a.s.ParticipantScoreScheduleService : Scheduled task for exercise 141 and participant 10 at 2025-02-14T23:42:32.779011220Z[Etc/UTC].
    23:42:32.683 |  40 Pool-1-worker-14 | DEBUG | .c.s.m.InstanceMessageReceiveService : Received schedule participant score for exercise 141 and participant 9 (result to be deleted: null)
    23:42:32.683 |  40 Pool-1-worker-14 | DEBUG | .a.s.ParticipantScoreScheduleService : Scheduled task for exercise 141 and participant 9 at 2025-02-14T23:42:32.783135069Z[Etc/UTC].
    23:42:32.685 |  40 Pool-1-worker-14 | DEBUG | d.t.c.a.a.c.s.f.ApiVersionFilter     : Adding Version to Request GET /api/exercises/141/feedback-details
    23:42:32.779 | 600 taskScheduler-1  | DEBUG | .a.s.ParticipantScoreScheduleService : Processing exercise 141 and participant 10 to update participant scores.
    23:42:32.783 | 614 taskScheduler-3  | DEBUG | .a.s.ParticipantScoreScheduleService : Processing exercise 141 and participant 9 to update participant scores.
    23:42:32.788 | 600 taskScheduler-1  | DEBUG | .a.s.ParticipantScoreScheduleService : Updating the participant score for exercise 141 and participant 10 took 9 ms.
    23:42:32.791 | 614 taskScheduler-3  | DEBUG | .a.s.ParticipantScoreScheduleService : Updating the participant score for exercise 141 and participant 9 took 8 ms.

  Starting logs for ResultServiceIntegrationTest > createResultForExternalSubmission_resultExists()
    23:42:32.914 |  40 Pool-1-worker-14 | DEBUG | d.t.c.a.a.c.u.util.UserUtilService   : Generate 3 students...
    23:42:32.920 |  40 Pool-1-worker-14 | DEBUG | d.t.c.a.a.c.u.util.UserUtilService   : 3 students generated. Generate 2 tutors...
    23:42:32.924 |  40 Pool-1-worker-14 | DEBUG | d.t.c.a.a.c.u.util.UserUtilService   : 2 tutors generated. Generate 0 editors...
    23:42:32.927 |  40 Pool-1-worker-14 | DEBUG | d.t.c.a.a.c.u.util.UserUtilService   : 0 editors generated. Generate 2 instructors...
    23:42:32.931 |  40 Pool-1-worker-14 | DEBUG | d.t.c.a.a.c.u.util.UserUtilService   : 2 instructors generated
    23:42:32.933 |  40 Pool-1-worker-14 | DEBUG | d.t.c.a.a.c.u.util.UserUtilService   : Removing 7 users from all courses...
    23:42:32.934 |  40 Pool-1-worker-14 | DEBUG | d.t.c.a.a.c.u.util.UserUtilService   : Removing 7 users from all courses. Done
    23:42:32.934 |  40 Pool-1-worker-14 | DEBUG | d.t.c.a.a.c.u.util.UserUtilService   : Save 7 users to database...
    23:42:32.947 |  40 Pool-1-worker-14 | DEBUG | d.t.c.a.a.c.u.util.UserUtilService   : Save 7 users to database. Done
    23:42:33.043 |  40 Pool-1-worker-14 | DEBUG | PersonalAccessTokenManagementService : Generate secure vcs access token
    23:42:33.048 |  40 Pool-1-worker-14 | DEBUG | PersonalAccessTokenManagementService : Generate secure vcs access token
    23:42:33.052 |  40 Pool-1-worker-14 | DEBUG | PersonalAccessTokenManagementService : Generate secure vcs access token
    23:42:33.073 |  40 Pool-1-worker-14 | INFO  | i.z.t.d.l.EmbeddedDatabaseReporter   : JDBC URL to connect to 'dataSource': url='jdbc:h2:tcp://localhost:41063/mem:f240edcd-27ce-47a3-b4ab-a6a00c154135;USER=sa', scope='ResultServiceIntegrationTest#createResultForExternalSubmission_resultExists'
    23:42:33.095 |  40 Pool-1-worker-14 | DEBUG | .c.s.m.InstanceMessageReceiveService : Received schedule participant score for exercise 149 and participant 9 (result to be deleted: null)
    23:42:33.095 |  40 Pool-1-worker-14 | DEBUG | .a.s.ParticipantScoreScheduleService : Scheduled task for exercise 149 and participant 9 at 2025-02-14T23:42:33.195894485Z[Etc/UTC].
    23:42:33.106 |  40 Pool-1-worker-14 | DEBUG | d.t.c.a.a.c.s.f.ApiVersionFilter     : Adding Version to Request POST /api/exercises/149/external-submission-results
    23:42:33.116 |  40 Pool-1-worker-14 | DEBUG | d.t.c.a.a.a.web.ResultResource       : REST request to create Result for External Submission for Exercise : 149
    23:42:33.128 |  40 Pool-1-worker-14 | ERROR | tech.jhipster.web.util.HeaderUtil    : Entity processing failed, A result already exists for this student in this exercise.

  Starting logs for ResultServiceIntegrationTest > testGetResultsWithPointsForFileUploadExerciseNoGradingCriteria()
    23:42:33.148 |  40 Pool-1-worker-14 | DEBUG | d.t.c.a.a.c.u.util.UserUtilService   : Generate 3 students...
    23:42:33.154 |  40 Pool-1-worker-14 | DEBUG | d.t.c.a.a.c.u.util.UserUtilService   : 3 students generated. Generate 2 tutors...
    23:42:33.158 |  40 Pool-1-worker-14 | DEBUG | d.t.c.a.a.c.u.util.UserUtilService   : 2 tutors generated. Generate 0 editors...
    23:42:33.159 |  40 Pool-1-worker-14 | DEBUG | d.t.c.a.a.c.u.util.UserUtilService   : 0 editors generated. Generate 2 instructors...
    23:42:33.163 |  40 Pool-1-worker-14 | DEBUG | d.t.c.a.a.c.u.util.UserUtilService   : 2 instructors generated
    23:42:33.164 |  40 Pool-1-worker-14 | DEBUG | d.t.c.a.a.c.u.util.UserUtilService   : Removing 7 users from all courses...
    23:42:33.165 |  40 Pool-1-worker-14 | DEBUG | d.t.c.a.a.c.u.util.UserUtilService   : Removing 7 users from all courses. Done
    23:42:33.165 |  40 Pool-1-worker-14 | DEBUG | d.t.c.a.a.c.u.util.UserUtilService   : Save 7 users to database...
    23:42:33.171 |  40 Pool-1-worker-14 | DEBUG | d.t.c.a.a.c.u.util.UserUtilService   : Save 7 users to database. Done
    23:42:33.224 |  40 Pool-1-worker-14 | DEBUG | PersonalAccessTokenManagementService : Generate secure vcs access token
    23:42:33.228 |  40 Pool-1-worker-14 | DEBUG | PersonalAccessTokenManagementService : Generate secure vcs access token
    23:42:33.232 |  40 Pool-1-worker-14 | DEBUG | PersonalAccessTokenManagementService : Generate secure vcs access token
    23:42:33.250 |  40 Pool-1-worker-14 | INFO  | i.z.t.d.l.EmbeddedDatabaseReporter   : JDBC URL to connect to 'dataSource': url='jdbc:h2:tcp://localhost:41063/mem:f240edcd-27ce-47a3-b4ab-a6a00c154135;USER=sa', scope='ResultServiceIntegrationTest#testGetResultsWithPointsForFileUploadExerciseNoGradingCriteria'
    23:42:33.275 |  40 Pool-1-worker-14 | DEBUG | .c.s.m.InstanceMessageReceiveService : Received schedule participant score for exercise 154 and participant 11 (result to be deleted: null)
    23:42:33.275 |  40 Pool-1-worker-14 | DEBUG | .a.s.ParticipantScoreScheduleService : Scheduled task for exercise 154 and participant 11 at 2025-02-14T23:42:33.375717797Z[Etc/UTC].
    23:42:33.281 |  40 Pool-1-worker-14 | DEBUG | .c.s.m.InstanceMessageReceiveService : Received schedule participant score for exercise 154 and participant 11 (result to be deleted: null)
    23:42:33.281 |  40 Pool-1-worker-14 | DEBUG | .a.s.ParticipantScoreScheduleService : Scheduled task for exercise 154 and participant 11 at 2025-02-14T23:42:33.381340580Z[Etc/UTC].
    23:42:33.285 |  40 Pool-1-worker-14 | DEBUG | .c.s.m.InstanceMessageReceiveService : Received schedule participant score for exercise 154 and participant 11 (result to be deleted: null)
    23:42:33.285 |  40 Pool-1-worker-14 | DEBUG | .a.s.ParticipantScoreScheduleService : Scheduled task for exercise 154 and participant 11 at 2025-02-14T23:42:33.385475459Z[Etc/UTC].
    23:42:33.294 |  40 Pool-1-worker-14 | DEBUG | d.t.c.a.a.c.s.f.ApiVersionFilter     : Adding Version to Request GET /api/exercises/154/results-with-points-per-criterion

  Starting logs for ResultServiceIntegrationTest > createResultForExternalSubmission_studentNotInTheCourse()
    23:42:33.319 |  40 Pool-1-worker-14 | DEBUG | d.t.c.a.a.c.u.util.UserUtilService   : Generate 3 students...
    23:42:33.324 |  40 Pool-1-worker-14 | DEBUG | d.t.c.a.a.c.u.util.UserUtilService   : 3 students generated. Generate 2 tutors...
    23:42:33.328 |  40 Pool-1-worker-14 | DEBUG | d.t.c.a.a.c.u.util.UserUtilService   : 2 tutors generated. Generate 0 editors...
    23:42:33.329 |  40 Pool-1-worker-14 | DEBUG | d.t.c.a.a.c.u.util.UserUtilService   : 0 editors generated. Generate 2 instructors...
    23:42:33.334 |  40 Pool-1-worker-14 | DEBUG | d.t.c.a.a.c.u.util.UserUtilService   : 2 instructors generated
    23:42:33.341 |  40 Pool-1-worker-14 | DEBUG | d.t.c.a.a.c.u.util.UserUtilService   : Removing 7 users from all courses...
    23:42:33.343 |  40 Pool-1-worker-14 | DEBUG | d.t.c.a.a.c.u.util.UserUtilService   : Removing 7 users from all courses. Done
    23:42:33.343 |  40 Pool-1-worker-14 | DEBUG | d.t.c.a.a.c.u.util.UserUtilService   : Save 7 users to database...
    23:42:33.356 |  40 Pool-1-worker-14 | DEBUG | d.t.c.a.a.c.u.util.UserUtilService   : Save 7 users to database. Done
    23:42:33.424 |  40 Pool-1-worker-14 | DEBUG | PersonalAccessTokenManagementService : Generate secure vcs access token
    23:42:33.436 |  40 Pool-1-worker-14 | DEBUG | PersonalAccessTokenManagementService : Generate secure vcs access token
    23:42:33.441 |  40 Pool-1-worker-14 | DEBUG | PersonalAccessTokenManagementService : Generate secure vcs access token
    23:42:33.459 |  40 Pool-1-worker-14 | INFO  | i.z.t.d.l.EmbeddedDatabaseReporter   : JDBC URL to connect to 'dataSource': url='jdbc:h2:tcp://localhost:41063/mem:f240edcd-27ce-47a3-b4ab-a6a00c154135;USER=sa', scope='ResultServiceIntegrationTest#createResultForExternalSubmission_studentNotInTheCourse'
    23:42:33.462 |  40 Pool-1-worker-14 | DEBUG | d.t.c.a.a.c.s.f.ApiVersionFilter     : Adding Version to Request POST /api/exercises/157/external-submission-results
    23:42:33.463 |  40 Pool-1-worker-14 | DEBUG | d.t.c.a.a.a.web.ResultResource       : REST request to create Result for External Submission for Exercise : 157
    23:42:33.467 |  40 Pool-1-worker-14 | ERROR | tech.jhipster.web.util.HeaderUtil    : Entity processing failed, The student could not be found in this course.

  Starting logs for ResultServiceIntegrationTest > setProgrammingExerciseResultRated(boolean, ZonedDateTime, SubmissionType, ZonedDateTime, ZonedDateTime) [1] shouldBeRated=true, buildAndTestAfterDueDate=2025-02-14T22:42:33.482142261Z[Etc/UTC], submissionType=MANUAL, dueDate=2025-02-14T23:42:28.482142261Z[Etc/UTC], submissionDate=2025-02-14T23:42:33.482142261Z[Etc/UTC]
    23:42:33.495 |  40 Pool-1-worker-14 | DEBUG | d.t.c.a.a.c.u.util.UserUtilService   : Generate 3 students...
    23:42:33.509 |  40 Pool-1-worker-14 | DEBUG | d.t.c.a.a.c.u.util.UserUtilService   : 3 students generated. Generate 2 tutors...
    23:42:33.513 |  40 Pool-1-worker-14 | DEBUG | d.t.c.a.a.c.u.util.UserUtilService   : 2 tutors generated. Generate 0 editors...
    23:42:33.514 |  40 Pool-1-worker-14 | DEBUG | d.t.c.a.a.c.u.util.UserUtilService   : 0 editors generated. Generate 2 instructors...
    23:42:33.518 |  40 Pool-1-worker-14 | DEBUG | d.t.c.a.a.c.u.util.UserUtilService   : 2 instructors generated
    23:42:33.519 |  40 Pool-1-worker-14 | DEBUG | d.t.c.a.a.c.u.util.UserUtilService   : Removing 7 users from all courses...
    23:42:33.521 |  40 Pool-1-worker-14 | DEBUG | d.t.c.a.a.c.u.util.UserUtilService   : Removing 7 users from all courses. Done
    23:42:33.521 |  40 Pool-1-worker-14 | DEBUG | d.t.c.a.a.c.u.util.UserUtilService   : Save 7 users to database...
    23:42:33.527 |  40 Pool-1-worker-14 | DEBUG | d.t.c.a.a.c.u.util.UserUtilService   : Save 7 users to database. Done
    23:42:33.560 |  40 Pool-1-worker-14 | DEBUG | PersonalAccessTokenManagementService : Generate secure vcs access token
    23:42:33.565 |  40 Pool-1-worker-14 | DEBUG | PersonalAccessTokenManagementService : Generate secure vcs access token
    23:42:33.569 |  40 Pool-1-worker-14 | DEBUG | PersonalAccessTokenManagementService : Generate secure vcs access token
    23:42:33.588 |  40 Pool-1-worker-14 | INFO  | i.z.t.d.l.EmbeddedDatabaseReporter   : JDBC URL to connect to 'dataSource': url='jdbc:h2:tcp://localhost:41063/mem:f240edcd-27ce-47a3-b4ab-a6a00c154135;USER=sa', scope='ResultServiceIntegrationTest#setProgrammingExerciseResultRated'
    23:42:33.593 |  40 Pool-1-worker-14 | DEBUG | .c.s.m.InstanceMessageReceiveService : Received schedule participant score for exercise 159 and participant 9 (result to be deleted: null)
    23:42:33.593 |  40 Pool-1-worker-14 | DEBUG | .a.s.ParticipantScoreScheduleService : Scheduled task for exercise 159 and participant 9 at 2025-02-14T23:42:33.693864225Z[Etc/UTC].
    23:42:33.605 |  40 Pool-1-worker-14 | DEBUG | .c.s.m.InstanceMessageReceiveService : Received schedule participant score for exercise 159 and participant 9 (result to be deleted: null)
    23:42:33.605 |  40 Pool-1-worker-14 | DEBUG | .a.s.ParticipantScoreScheduleService : Scheduled task for exercise 159 and participant 9 at 2025-02-14T23:42:33.705541866Z[Etc/UTC].

  Starting logs for ResultServiceIntegrationTest > setProgrammingExerciseResultRated(boolean, ZonedDateTime, SubmissionType, ZonedDateTime, ZonedDateTime) [2] shouldBeRated=true, buildAndTestAfterDueDate=null, submissionType=MANUAL, dueDate=2025-02-15T00:42:33.482142261Z[Etc/UTC], submissionDate=2025-02-14T23:42:33.482142261Z[Etc/UTC]
    23:42:33.627 |  40 Pool-1-worker-14 | DEBUG | d.t.c.a.a.c.u.util.UserUtilService   : Generate 3 students...
    23:42:33.635 |  40 Pool-1-worker-14 | DEBUG | d.t.c.a.a.c.u.util.UserUtilService   : 3 students generated. Generate 2 tutors...
    23:42:33.642 |  40 Pool-1-worker-14 | DEBUG | d.t.c.a.a.c.u.util.UserUtilService   : 2 tutors generated. Generate 0 editors...
    23:42:33.644 |  40 Pool-1-worker-14 | DEBUG | d.t.c.a.a.c.u.util.UserUtilService   : 0 editors generated. Generate 2 instructors...
    23:42:33.648 |  40 Pool-1-worker-14 | DEBUG | d.t.c.a.a.c.u.util.UserUtilService   : 2 instructors generated
    23:42:33.649 |  40 Pool-1-worker-14 | DEBUG | d.t.c.a.a.c.u.util.UserUtilService   : Removing 7 users from all courses...
    23:42:33.651 |  40 Pool-1-worker-14 | DEBUG | d.t.c.a.a.c.u.util.UserUtilService   : Removing 7 users from all courses. Done
    23:42:33.651 |  40 Pool-1-worker-14 | DEBUG | d.t.c.a.a.c.u.util.UserUtilService   : Save 7 users to database...
    23:42:33.657 |  40 Pool-1-worker-14 | DEBUG | d.t.c.a.a.c.u.util.UserUtilService   : Save 7 users to database. Done
    23:42:33.693 |  40 Pool-1-worker-14 | DEBUG | PersonalAccessTokenManagementService : Generate secure vcs access token
    23:42:33.698 |  40 Pool-1-worker-14 | DEBUG | PersonalAccessTokenManagementService : Generate secure vcs access token
    23:42:33.701 |  40 Pool-1-worker-14 | DEBUG | PersonalAccessTokenManagementService : Generate secure vcs access token
    23:42:33.719 |  40 Pool-1-worker-14 | INFO  | i.z.t.d.l.EmbeddedDatabaseReporter   : JDBC URL to connect to 'dataSource': url='jdbc:h2:tcp://localhost:41063/mem:f240edcd-27ce-47a3-b4ab-a6a00c154135;USER=sa', scope='ResultServiceIntegrationTest#setProgrammingExerciseResultRated'
    23:42:33.723 |  40 Pool-1-worker-14 | DEBUG | .c.s.m.InstanceMessageReceiveService : Received schedule participant score for exercise 163 and participant 9 (result to be deleted: null)
    23:42:33.723 |  40 Pool-1-worker-14 | DEBUG | .a.s.ParticipantScoreScheduleService : Scheduled task for exercise 163 and participant 9 at 2025-02-14T23:42:33.823757246Z[Etc/UTC].
    23:42:33.729 |  40 Pool-1-worker-14 | DEBUG | .c.s.m.InstanceMessageReceiveService : Received schedule participant score for exercise 163 and participant 9 (result to be deleted: null)
    23:42:33.729 |  40 Pool-1-worker-14 | DEBUG | .a.s.ParticipantScoreScheduleService : Scheduled task for exercise 163 and participant 9 at 2025-02-14T23:42:33.829472001Z[Etc/UTC].

  Starting logs for ResultServiceIntegrationTest > setProgrammingExerciseResultRated(boolean, ZonedDateTime, SubmissionType, ZonedDateTime, ZonedDateTime) [3] shouldBeRated=true, buildAndTestAfterDueDate=null, submissionType=MANUAL, dueDate=null, submissionDate=2025-02-14T23:42:33.482142261Z[Etc/UTC]
    23:42:33.746 |  40 Pool-1-worker-14 | DEBUG | d.t.c.a.a.c.u.util.UserUtilService   : Generate 3 students...
    23:42:33.752 |  40 Pool-1-worker-14 | DEBUG | d.t.c.a.a.c.u.util.UserUtilService   : 3 students generated. Generate 2 tutors...
    23:42:33.756 |  40 Pool-1-worker-14 | DEBUG | d.t.c.a.a.c.u.util.UserUtilService   : 2 tutors generated. Generate 0 editors...
    23:42:33.757 |  40 Pool-1-worker-14 | DEBUG | d.t.c.a.a.c.u.util.UserUtilService   : 0 editors generated. Generate 2 instructors...
    23:42:33.761 |  40 Pool-1-worker-14 | DEBUG | d.t.c.a.a.c.u.util.UserUtilService   : 2 instructors generated
    23:42:33.762 |  40 Pool-1-worker-14 | DEBUG | d.t.c.a.a.c.u.util.UserUtilService   : Removing 7 users from all courses...
    23:42:33.764 |  40 Pool-1-worker-14 | DEBUG | d.t.c.a.a.c.u.util.UserUtilService   : Removing 7 users from all courses. Done
    23:42:33.764 |  40 Pool-1-worker-14 | DEBUG | d.t.c.a.a.c.u.util.UserUtilService   : Save 7 users to database...
    23:42:33.771 |  40 Pool-1-worker-14 | DEBUG | d.t.c.a.a.c.u.util.UserUtilService   : Save 7 users to database. Done
    23:42:33.829 |  40 Pool-1-worker-14 | DEBUG | PersonalAccessTokenManagementService : Generate secure vcs access token
    23:42:33.838 |  40 Pool-1-worker-14 | DEBUG | PersonalAccessTokenManagementService : Generate secure vcs access token
    23:42:33.843 |  40 Pool-1-worker-14 | DEBUG | PersonalAccessTokenManagementService : Generate secure vcs access token
    23:42:33.872 |  40 Pool-1-worker-14 | INFO  | i.z.t.d.l.EmbeddedDatabaseReporter   : JDBC URL to connect to 'dataSource': url='jdbc:h2:tcp://localhost:41063/mem:f240edcd-27ce-47a3-b4ab-a6a00c154135;USER=sa', scope='ResultServiceIntegrationTest#setProgrammingExerciseResultRated'
    23:42:33.877 |  40 Pool-1-worker-14 | DEBUG | .c.s.m.InstanceMessageReceiveService : Received schedule participant score for exercise 167 and participant 9 (result to be deleted: null)
    23:42:33.877 |  40 Pool-1-worker-14 | DEBUG | .a.s.ParticipantScoreScheduleService : Scheduled task for exercise 167 and participant 9 at 2025-02-14T23:42:33.977935936Z[Etc/UTC].
    23:42:33.883 |  40 Pool-1-worker-14 | DEBUG | .c.s.m.InstanceMessageReceiveService : Received schedule participant score for exercise 167 and participant 9 (result to be deleted: null)
    23:42:33.883 |  40 Pool-1-worker-14 | DEBUG | .a.s.ParticipantScoreScheduleService : Scheduled task for exercise 167 and participant 9 at 2025-02-14T23:42:33.983199009Z[Etc/UTC].

  Starting logs for ResultServiceIntegrationTest > setProgrammingExerciseResultRated(boolean, ZonedDateTime, SubmissionType, ZonedDateTime, ZonedDateTime) [4] shouldBeRated=false, buildAndTestAfterDueDate=null, submissionType=MANUAL, dueDate=2025-02-14T22:42:33.482142261Z[Etc/UTC], submissionDate=2025-02-14T23:42:33.482142261Z[Etc/UTC]
    23:42:33.915 |  40 Pool-1-worker-14 | DEBUG | d.t.c.a.a.c.u.util.UserUtilService   : Generate 3 students...
    23:42:33.928 |  40 Pool-1-worker-14 | DEBUG | d.t.c.a.a.c.u.util.UserUtilService   : 3 students generated. Generate 2 tutors...
    23:42:33.937 |  40 Pool-1-worker-14 | DEBUG | d.t.c.a.a.c.u.util.UserUtilService   : 2 tutors generated. Generate 0 editors...
    23:42:33.938 |  40 Pool-1-worker-14 | DEBUG | d.t.c.a.a.c.u.util.UserUtilService   : 0 editors generated. Generate 2 instructors...
    23:42:33.945 |  40 Pool-1-worker-14 | DEBUG | d.t.c.a.a.c.u.util.UserUtilService   : 2 instructors generated
    23:42:33.952 |  40 Pool-1-worker-14 | DEBUG | d.t.c.a.a.c.u.util.UserUtilService   : Removing 7 users from all courses...
    23:42:33.953 |  40 Pool-1-worker-14 | DEBUG | d.t.c.a.a.c.u.util.UserUtilService   : Removing 7 users from all courses. Done
    23:42:33.953 |  40 Pool-1-worker-14 | DEBUG | d.t.c.a.a.c.u.util.UserUtilService   : Save 7 users to database...
    23:42:33.965 |  40 Pool-1-worker-14 | DEBUG | d.t.c.a.a.c.u.util.UserUtilService   : Save 7 users to database. Done
    23:42:34.040 |  40 Pool-1-worker-14 | DEBUG | PersonalAccessTokenManagementService : Generate secure vcs access token
    23:42:34.050 |  40 Pool-1-worker-14 | DEBUG | PersonalAccessTokenManagementService : Generate secure vcs access token
    23:42:34.060 |  40 Pool-1-worker-14 | DEBUG | PersonalAccessTokenManagementService : Generate secure vcs access token
    23:42:34.099 |  40 Pool-1-worker-14 | INFO  | i.z.t.d.l.EmbeddedDatabaseReporter   : JDBC URL to connect to 'dataSource': url='jdbc:h2:tcp://localhost:41063/mem:f240edcd-27ce-47a3-b4ab-a6a00c154135;USER=sa', scope='ResultServiceIntegrationTest#setProgrammingExerciseResultRated'
    23:42:34.109 |  40 Pool-1-worker-14 | DEBUG | .c.s.m.InstanceMessageReceiveService : Received schedule participant score for exercise 171 and participant 9 (result to be deleted: null)
    23:42:34.109 |  40 Pool-1-worker-14 | DEBUG | .a.s.ParticipantScoreScheduleService : Scheduled task for exercise 171 and participant 9 at 2025-02-14T23:42:34.209624687Z[Etc/UTC].
    23:42:34.126 |  40 Pool-1-worker-14 | DEBUG | .c.s.m.InstanceMessageReceiveService : Received schedule participant score for exercise 171 and participant 9 (result to be deleted: null)
    23:42:34.126 |  40 Pool-1-worker-14 | DEBUG | .a.s.ParticipantScoreScheduleService : Scheduled task for exercise 171 and participant 9 at 2025-02-14T23:42:34.226213132Z[Etc/UTC].

  Starting logs for ResultServiceIntegrationTest > setProgrammingExerciseResultRated(boolean, ZonedDateTime, SubmissionType, ZonedDateTime, ZonedDateTime) [5] shouldBeRated=true, buildAndTestAfterDueDate=null, submissionType=INSTRUCTOR, dueDate=2025-02-14T22:42:33.482142261Z[Etc/UTC], submissionDate=2025-02-14T23:42:33.482142261Z[Etc/UTC]
    23:42:34.165 |  40 Pool-1-worker-14 | DEBUG | d.t.c.a.a.c.u.util.UserUtilService   : Generate 3 students...
    23:42:34.177 |  40 Pool-1-worker-14 | DEBUG | d.t.c.a.a.c.u.util.UserUtilService   : 3 students generated. Generate 2 tutors...
    23:42:34.187 |  40 Pool-1-worker-14 | DEBUG | d.t.c.a.a.c.u.util.UserUtilService   : 2 tutors generated. Generate 0 editors...
    23:42:34.188 |  40 Pool-1-worker-14 | DEBUG | d.t.c.a.a.c.u.util.UserUtilService   : 0 editors generated. Generate 2 instructors...
    23:42:34.198 |  40 Pool-1-worker-14 | DEBUG | d.t.c.a.a.c.u.util.UserUtilService   : 2 instructors generated
    23:42:34.200 |  40 Pool-1-worker-14 | DEBUG | d.t.c.a.a.c.u.util.UserUtilService   : Removing 7 users from all courses...
    23:42:34.204 |  40 Pool-1-worker-14 | DEBUG | d.t.c.a.a.c.u.util.UserUtilService   : Removing 7 users from all courses. Done
    23:42:34.204 |  40 Pool-1-worker-14 | DEBUG | d.t.c.a.a.c.u.util.UserUtilService   : Save 7 users to database...
    23:42:34.217 |  40 Pool-1-worker-14 | DEBUG | d.t.c.a.a.c.u.util.UserUtilService   : Save 7 users to database. Done
    23:42:34.261 |  40 Pool-1-worker-14 | DEBUG | PersonalAccessTokenManagementService : Generate secure vcs access token
    23:42:34.266 |  40 Pool-1-worker-14 | DEBUG | PersonalAccessTokenManagementService : Generate secure vcs access token
    23:42:34.271 |  40 Pool-1-worker-14 | DEBUG | PersonalAccessTokenManagementService : Generate secure vcs access token
    23:42:34.293 |  40 Pool-1-worker-14 | INFO  | i.z.t.d.l.EmbeddedDatabaseReporter   : JDBC URL to connect to 'dataSource': url='jdbc:h2:tcp://localhost:41063/mem:f240edcd-27ce-47a3-b4ab-a6a00c154135;USER=sa', scope='ResultServiceIntegrationTest#setProgrammingExerciseResultRated'
    23:42:34.298 |  40 Pool-1-worker-14 | DEBUG | .c.s.m.InstanceMessageReceiveService : Received schedule participant score for exercise 175 and participant 9 (result to be deleted: null)
    23:42:34.298 |  40 Pool-1-worker-14 | DEBUG | .a.s.ParticipantScoreScheduleService : Scheduled task for exercise 175 and participant 9 at 2025-02-14T23:42:34.398515234Z[Etc/UTC].
    23:42:34.308 |  40 Pool-1-worker-14 | DEBUG | .c.s.m.InstanceMessageReceiveService : Received schedule participant score for exercise 175 and participant 9 (result to be deleted: null)
    23:42:34.308 |  40 Pool-1-worker-14 | DEBUG | .a.s.ParticipantScoreScheduleService : Scheduled task for exercise 175 and participant 9 at 2025-02-14T23:42:34.408218495Z[Etc/UTC].

  Starting logs for ResultServiceIntegrationTest > setProgrammingExerciseResultRated(boolean, ZonedDateTime, SubmissionType, ZonedDateTime, ZonedDateTime) [6] shouldBeRated=true, buildAndTestAfterDueDate=null, submissionType=TEST, dueDate=2025-02-14T22:42:33.482142261Z[Etc/UTC], submissionDate=2025-02-14T23:42:33.482142261Z[Etc/UTC]
    23:42:34.334 |  40 Pool-1-worker-14 | DEBUG | d.t.c.a.a.c.u.util.UserUtilService   : Generate 3 students...
    23:42:34.342 |  40 Pool-1-worker-14 | DEBUG | d.t.c.a.a.c.u.util.UserUtilService   : 3 students generated. Generate 2 tutors...
    23:42:34.347 |  40 Pool-1-worker-14 | DEBUG | d.t.c.a.a.c.u.util.UserUtilService   : 2 tutors generated. Generate 0 editors...
    23:42:34.348 |  40 Pool-1-worker-14 | DEBUG | d.t.c.a.a.c.u.util.UserUtilService   : 0 editors generated. Generate 2 instructors...
    23:42:34.355 |  40 Pool-1-worker-14 | DEBUG | d.t.c.a.a.c.u.util.UserUtilService   : 2 instructors generated
    23:42:34.357 |  40 Pool-1-worker-14 | DEBUG | d.t.c.a.a.c.u.util.UserUtilService   : Removing 7 users from all courses...
    23:42:34.359 |  40 Pool-1-worker-14 | DEBUG | d.t.c.a.a.c.u.util.UserUtilService   : Removing 7 users from all courses. Done
    23:42:34.359 |  40 Pool-1-worker-14 | DEBUG | d.t.c.a.a.c.u.util.UserUtilService   : Save 7 users to database...
    23:42:34.368 |  40 Pool-1-worker-14 | DEBUG | d.t.c.a.a.c.u.util.UserUtilService   : Save 7 users to database. Done
    23:42:34.412 |  40 Pool-1-worker-14 | DEBUG | PersonalAccessTokenManagementService : Generate secure vcs access token
    23:42:34.416 |  40 Pool-1-worker-14 | DEBUG | PersonalAccessTokenManagementService : Generate secure vcs access token
    23:42:34.420 |  40 Pool-1-worker-14 | DEBUG | PersonalAccessTokenManagementService : Generate secure vcs access token
    23:42:34.439 |  40 Pool-1-worker-14 | INFO  | i.z.t.d.l.EmbeddedDatabaseReporter   : JDBC URL to connect to 'dataSource': url='jdbc:h2:tcp://localhost:41063/mem:f240edcd-27ce-47a3-b4ab-a6a00c154135;USER=sa', scope='ResultServiceIntegrationTest#setProgrammingExerciseResultRated'
    23:42:34.444 |  40 Pool-1-worker-14 | DEBUG | .c.s.m.InstanceMessageReceiveService : Received schedule participant score for exercise 179 and participant 9 (result to be deleted: null)
    23:42:34.444 |  40 Pool-1-worker-14 | DEBUG | .a.s.ParticipantScoreScheduleService : Scheduled task for exercise 179 and participant 9 at 2025-02-14T23:42:34.544459752Z[Etc/UTC].
    23:42:34.449 |  40 Pool-1-worker-14 | DEBUG | .c.s.m.InstanceMessageReceiveService : Received schedule participant score for exercise 179 and participant 9 (result to be deleted: null)
    23:42:34.449 |  40 Pool-1-worker-14 | DEBUG | .a.s.ParticipantScoreScheduleService : Scheduled task for exercise 179 and participant 9 at 2025-02-14T23:42:34.549796762Z[Etc/UTC].

  Starting logs for ResultServiceIntegrationTest > setProgrammingExerciseResultRated(boolean, ZonedDateTime, SubmissionType, ZonedDateTime, ZonedDateTime) [7] shouldBeRated=true, buildAndTestAfterDueDate=2025-02-14T22:42:33.482142261Z[Etc/UTC], submissionType=TEST, dueDate=2025-02-14T22:42:33.482142261Z[Etc/UTC], submissionDate=2025-02-14T23:42:33.482142261Z[Etc/UTC]
    23:42:34.493 |  40 Pool-1-worker-14 | DEBUG | d.t.c.a.a.c.u.util.UserUtilService   : Generate 3 students...
    23:42:34.506 |  40 Pool-1-worker-14 | DEBUG | d.t.c.a.a.c.u.util.UserUtilService   : 3 students generated. Generate 2 tutors...
    23:42:34.516 |  40 Pool-1-worker-14 | DEBUG | d.t.c.a.a.c.u.util.UserUtilService   : 2 tutors generated. Generate 0 editors...
    23:42:34.521 |  40 Pool-1-worker-14 | DEBUG | d.t.c.a.a.c.u.util.UserUtilService   : 0 editors generated. Generate 2 instructors...
    23:42:34.526 |  40 Pool-1-worker-14 | DEBUG | d.t.c.a.a.c.u.util.UserUtilService   : 2 instructors generated
    23:42:34.527 |  40 Pool-1-worker-14 | DEBUG | d.t.c.a.a.c.u.util.UserUtilService   : Removing 7 users from all courses...
    23:42:34.529 |  40 Pool-1-worker-14 | DEBUG | d.t.c.a.a.c.u.util.UserUtilService   : Removing 7 users from all courses. Done
    23:42:34.529 |  40 Pool-1-worker-14 | DEBUG | d.t.c.a.a.c.u.util.UserUtilService   : Save 7 users to database...
    23:42:34.535 |  40 Pool-1-worker-14 | DEBUG | d.t.c.a.a.c.u.util.UserUtilService   : Save 7 users to database. Done
    23:42:34.539 | 570 vc.HealthMonitor | INFO  | c.h.i.diagnostics.HealthMonitor      : [127.0.0.1]:5703 [dev] [5.5.0] processors=4, physical.memory.total=15.6G, physical.memory.free=3.2G, swap.space.total=0, swap.space.free=0, heap.memory.used=2.3G, heap.memory.free=560.5M, heap.memory.total=2.8G, heap.memory.max=6.0G, heap.memory.used/total=80.58%, heap.memory.used/max=37.88%, minor.gc.count=107, minor.gc.time=5870ms, major.gc.count=0, major.gc.time=0ms, unknown.gc.count=48, unknown.gc.time=706ms, load.process=0.00%, load.system=100.00%, load.systemAverage=4.78, thread.count=468, thread.peakCount=474, cluster.timeDiff=0, event.q.size=0, executor.q.async.size=0, executor.q.client.size=0, executor.q.client.query.size=0, executor.q.client.blocking.size=0, executor.q.query.size=0, executor.q.scheduled.size=0, executor.q.io.size=0, executor.q.system.size=0, executor.q.operations.size=0, executor.q.priorityOperation.size=0, operations.completed.count=537, executor.q.mapLoad.size=0, executor.q.mapLoadAllKeys.size=0, executor.q.cluster.size=0, executor.q.response.size=0, operations.running.count=0, operations.pending.invocations.percentage=0.00%, operations.pending.invocations.count=0, proxy.count=213, clientEndpoint.count=0, connection.active.count=0, client.connection.count=0, connection.count=0
    23:42:34.613 |  40 Pool-1-worker-14 | DEBUG | PersonalAccessTokenManagementService : Generate secure vcs access token
    23:42:34.623 |  40 Pool-1-worker-14 | DEBUG | PersonalAccessTokenManagementService : Generate secure vcs access token
    23:42:34.635 |  40 Pool-1-worker-14 | DEBUG | PersonalAccessTokenManagementService : Generate secure vcs access token
    23:42:34.691 |  40 Pool-1-worker-14 | INFO  | i.z.t.d.l.EmbeddedDatabaseReporter   : JDBC URL to connect to 'dataSource': url='jdbc:h2:tcp://localhost:41063/mem:f240edcd-27ce-47a3-b4ab-a6a00c154135;USER=sa', scope='ResultServiceIntegrationTest#setProgrammingExerciseResultRated'
    23:42:34.703 |  40 Pool-1-worker-14 | DEBUG | .c.s.m.InstanceMessageReceiveService : Received schedule participant score for exercise 183 and participant 9 (result to be deleted: null)
    23:42:34.703 |  40 Pool-1-worker-14 | DEBUG | .a.s.ParticipantScoreScheduleService : Scheduled task for exercise 183 and participant 9 at 2025-02-14T23:42:34.803397392Z[Etc/UTC].
    23:42:34.712 |  40 Pool-1-worker-14 | DEBUG | .c.s.m.InstanceMessageReceiveService : Received schedule participant score for exercise 183 and participant 9 (result to be deleted: null)
    23:42:34.712 |  40 Pool-1-worker-14 | DEBUG | .a.s.ParticipantScoreScheduleService : Scheduled task for exercise 183 and participant 9 at 2025-02-14T23:42:34.812618478Z[Etc/UTC].

  Starting logs for ResultServiceIntegrationTest > setProgrammingExerciseResultRated(boolean, ZonedDateTime, SubmissionType, ZonedDateTime, ZonedDateTime) [8] shouldBeRated=true, buildAndTestAfterDueDate=2025-02-14T22:42:33.482142261Z[Etc/UTC], submissionType=INSTRUCTOR, dueDate=2025-02-14T22:42:33.482142261Z[Etc/UTC], submissionDate=2025-02-14T23:42:33.482142261Z[Etc/UTC]
    23:42:34.733 |  40 Pool-1-worker-14 | DEBUG | d.t.c.a.a.c.u.util.UserUtilService   : Generate 3 students...
    23:42:34.739 |  40 Pool-1-worker-14 | DEBUG | d.t.c.a.a.c.u.util.UserUtilService   : 3 students generated. Generate 2 tutors...
    23:42:34.746 |  40 Pool-1-worker-14 | DEBUG | d.t.c.a.a.c.u.util.UserUtilService   : 2 tutors generated. Generate 0 editors...
    23:42:34.747 |  40 Pool-1-worker-14 | DEBUG | d.t.c.a.a.c.u.util.UserUtilService   : 0 editors generated. Generate 2 instructors...
    23:42:34.752 |  40 Pool-1-worker-14 | DEBUG | d.t.c.a.a.c.u.util.UserUtilService   : 2 instructors generated
    23:42:34.753 |  40 Pool-1-worker-14 | DEBUG | d.t.c.a.a.c.u.util.UserUtilService   : Removing 7 users from all courses...
    23:42:34.754 |  40 Pool-1-worker-14 | DEBUG | d.t.c.a.a.c.u.util.UserUtilService   : Removing 7 users from all courses. Done
    23:42:34.754 |  40 Pool-1-worker-14 | DEBUG | d.t.c.a.a.c.u.util.UserUtilService   : Save 7 users to database...
    23:42:34.760 |  40 Pool-1-worker-14 | DEBUG | d.t.c.a.a.c.u.util.UserUtilService   : Save 7 users to database. Done
    23:42:34.818 |  40 Pool-1-worker-14 | DEBUG | PersonalAccessTokenManagementService : Generate secure vcs access token
    23:42:34.822 |  40 Pool-1-worker-14 | DEBUG | PersonalAccessTokenManagementService : Generate secure vcs access token
    23:42:34.826 |  40 Pool-1-worker-14 | DEBUG | PersonalAccessTokenManagementService : Generate secure vcs access token
    23:42:34.843 |  40 Pool-1-worker-14 | INFO  | i.z.t.d.l.EmbeddedDatabaseReporter   : JDBC URL to connect to 'dataSource': url='jdbc:h2:tcp://localhost:41063/mem:f240edcd-27ce-47a3-b4ab-a6a00c154135;USER=sa', scope='ResultServiceIntegrationTest#setProgrammingExerciseResultRated'
    23:42:34.847 |  40 Pool-1-worker-14 | DEBUG | .c.s.m.InstanceMessageReceiveService : Received schedule participant score for exercise 187 and participant 9 (result to be deleted: null)
    23:42:34.847 |  40 Pool-1-worker-14 | DEBUG | .a.s.ParticipantScoreScheduleService : Scheduled task for exercise 187 and participant 9 at 2025-02-14T23:42:34.947943744Z[Etc/UTC].
    23:42:34.853 |  40 Pool-1-worker-14 | DEBUG | .c.s.m.InstanceMessageReceiveService : Received schedule participant score for exercise 187 and participant 9 (result to be deleted: null)
    23:42:34.853 |  40 Pool-1-worker-14 | DEBUG | .a.s.ParticipantScoreScheduleService : Scheduled task for exercise 187 and participant 9 at 2025-02-14T23:42:34.953444873Z[Etc/UTC].

  Starting logs for ResultServiceIntegrationTest > setProgrammingExerciseResultRated(boolean, ZonedDateTime, SubmissionType, ZonedDateTime, ZonedDateTime) [9] shouldBeRated=true, buildAndTestAfterDueDate=2025-02-15T00:42:33.482142261Z[Etc/UTC], submissionType=MANUAL, dueDate=2025-02-15T00:42:33.482142261Z[Etc/UTC], submissionDate=2025-02-14T23:42:33.482142261Z[Etc/UTC]
    23:42:34.877 |  40 Pool-1-worker-14 | DEBUG | d.t.c.a.a.c.u.util.UserUtilService   : Generate 3 students...
    23:42:34.882 |  40 Pool-1-worker-14 | DEBUG | d.t.c.a.a.c.u.util.UserUtilService   : 3 students generated. Generate 2 tutors...
    23:42:34.886 |  40 Pool-1-worker-14 | DEBUG | d.t.c.a.a.c.u.util.UserUtilService   : 2 tutors generated. Generate 0 editors...
    23:42:34.888 |  40 Pool-1-worker-14 | DEBUG | d.t.c.a.a.c.u.util.UserUtilService   : 0 editors generated. Generate 2 instructors...
    23:42:34.892 |  40 Pool-1-worker-14 | DEBUG | d.t.c.a.a.c.u.util.UserUtilService   : 2 instructors generated
    23:42:34.893 |  40 Pool-1-worker-14 | DEBUG | d.t.c.a.a.c.u.util.UserUtilService   : Removing 7 users from all courses...
    23:42:34.895 |  40 Pool-1-worker-14 | DEBUG | d.t.c.a.a.c.u.util.UserUtilService   : Removing 7 users from all courses. Done
    23:42:34.895 |  40 Pool-1-worker-14 | DEBUG | d.t.c.a.a.c.u.util.UserUtilService   : Save 7 users to database...
    23:42:34.901 |  40 Pool-1-worker-14 | DEBUG | d.t.c.a.a.c.u.util.UserUtilService   : Save 7 users to database. Done
    23:42:34.946 |  40 Pool-1-worker-14 | DEBUG | PersonalAccessTokenManagementService : Generate secure vcs access token
    23:42:34.951 |  40 Pool-1-worker-14 | DEBUG | PersonalAccessTokenManagementService : Generate secure vcs access token
    23:42:34.961 |  40 Pool-1-worker-14 | DEBUG | PersonalAccessTokenManagementService : Generate secure vcs access token
    23:42:34.990 |  40 Pool-1-worker-14 | INFO  | i.z.t.d.l.EmbeddedDatabaseReporter   : JDBC URL to connect to 'dataSource': url='jdbc:h2:tcp://localhost:41063/mem:f240edcd-27ce-47a3-b4ab-a6a00c154135;USER=sa', scope='ResultServiceIntegrationTest#setProgrammingExerciseResultRated'
    23:42:34.997 |  40 Pool-1-worker-14 | DEBUG | .c.s.m.InstanceMessageReceiveService : Received schedule participant score for exercise 191 and participant 9 (result to be deleted: null)
    23:42:34.997 |  40 Pool-1-worker-14 | DEBUG | .a.s.ParticipantScoreScheduleService : Scheduled task for exercise 191 and participant 9 at 2025-02-14T23:42:35.097302852Z[Etc/UTC].
    23:42:35.012 |  40 Pool-1-worker-14 | DEBUG | .c.s.m.InstanceMessageReceiveService : Received schedule participant score for exercise 191 and participant 9 (result to be deleted: null)
    23:42:35.012 |  40 Pool-1-worker-14 | DEBUG | .a.s.ParticipantScoreScheduleService : Scheduled task for exercise 191 and participant 9 at 2025-02-14T23:42:35.112279822Z[Etc/UTC].

  Starting logs for ResultServiceIntegrationTest > setProgrammingExerciseResultRated(boolean, ZonedDateTime, SubmissionType, ZonedDateTime, ZonedDateTime) [10] shouldBeRated=false, buildAndTestAfterDueDate=2025-02-15T00:42:33.482142261Z[Etc/UTC], submissionType=MANUAL, dueDate=2025-02-14T22:42:33.482142261Z[Etc/UTC], submissionDate=2025-02-14T23:42:33.482142261Z[Etc/UTC]
    23:42:35.048 |  40 Pool-1-worker-14 | DEBUG | d.t.c.a.a.c.u.util.UserUtilService   : Generate 3 students...
    23:42:35.058 |  40 Pool-1-worker-14 | DEBUG | d.t.c.a.a.c.u.util.UserUtilService   : 3 students generated. Generate 2 tutors...
    23:42:35.066 |  40 Pool-1-worker-14 | DEBUG | d.t.c.a.a.c.u.util.UserUtilService   : 2 tutors generated. Generate 0 editors...
    23:42:35.069 |  40 Pool-1-worker-14 | DEBUG | d.t.c.a.a.c.u.util.UserUtilService   : 0 editors generated. Generate 2 instructors...
    23:42:35.074 |  40 Pool-1-worker-14 | DEBUG | d.t.c.a.a.c.u.util.UserUtilService   : 2 instructors generated
    23:42:35.075 |  40 Pool-1-worker-14 | DEBUG | d.t.c.a.a.c.u.util.UserUtilService   : Removing 7 users from all courses...
    23:42:35.076 |  40 Pool-1-worker-14 | DEBUG | d.t.c.a.a.c.u.util.UserUtilService   : Removing 7 users from all courses. Done
    23:42:35.076 |  40 Pool-1-worker-14 | DEBUG | d.t.c.a.a.c.u.util.UserUtilService   : Save 7 users to database...
    23:42:35.082 |  40 Pool-1-worker-14 | DEBUG | d.t.c.a.a.c.u.util.UserUtilService   : Save 7 users to database. Done
    23:42:35.116 |  40 Pool-1-worker-14 | DEBUG | PersonalAccessTokenManagementService : Generate secure vcs access token
    23:42:35.121 |  40 Pool-1-worker-14 | DEBUG | PersonalAccessTokenManagementService : Generate secure vcs access token
    23:42:35.125 |  40 Pool-1-worker-14 | DEBUG | PersonalAccessTokenManagementService : Generate secure vcs access token
    23:42:35.143 |  40 Pool-1-worker-14 | INFO  | i.z.t.d.l.EmbeddedDatabaseReporter   : JDBC URL to connect to 'dataSource': url='jdbc:h2:tcp://localhost:41063/mem:f240edcd-27ce-47a3-b4ab-a6a00c154135;USER=sa', scope='ResultServiceIntegrationTest#setProgrammingExerciseResultRated'
    23:42:35.147 |  40 Pool-1-worker-14 | DEBUG | .c.s.m.InstanceMessageReceiveService : Received schedule participant score for exercise 195 and participant 9 (result to be deleted: null)
    23:42:35.147 |  40 Pool-1-worker-14 | DEBUG | .a.s.ParticipantScoreScheduleService : Scheduled task for exercise 195 and participant 9 at 2025-02-14T23:42:35.247590919Z[Etc/UTC].
    23:42:35.153 |  40 Pool-1-worker-14 | DEBUG | .c.s.m.InstanceMessageReceiveService : Received schedule participant score for exercise 195 and participant 9 (result to be deleted: null)
    23:42:35.153 |  40 Pool-1-worker-14 | DEBUG | .a.s.ParticipantScoreScheduleService : Scheduled task for exercise 195 and participant 9 at 2025-02-14T23:42:35.253452730Z[Etc/UTC].

  Starting logs for ResultServiceIntegrationTest > setProgrammingExerciseResultRated(boolean, ZonedDateTime, SubmissionType, ZonedDateTime, ZonedDateTime) [11] shouldBeRated=false, buildAndTestAfterDueDate=null, submissionType=ILLEGAL, dueDate=2025-02-14T22:42:33.482142261Z[Etc/UTC], submissionDate=2025-02-14T23:42:33.482142261Z[Etc/UTC]
    23:42:35.171 |  40 Pool-1-worker-14 | DEBUG | d.t.c.a.a.c.u.util.UserUtilService   : Generate 3 students...
    23:42:35.180 |  40 Pool-1-worker-14 | DEBUG | d.t.c.a.a.c.u.util.UserUtilService   : 3 students generated. Generate 2 tutors...
    23:42:35.187 |  40 Pool-1-worker-14 | DEBUG | d.t.c.a.a.c.u.util.UserUtilService   : 2 tutors generated. Generate 0 editors...
    23:42:35.188 |  40 Pool-1-worker-14 | DEBUG | d.t.c.a.a.c.u.util.UserUtilService   : 0 editors generated. Generate 2 instructors...
    23:42:35.194 |  40 Pool-1-worker-14 | DEBUG | d.t.c.a.a.c.u.util.UserUtilService   : 2 instructors generated
    23:42:35.196 |  40 Pool-1-worker-14 | DEBUG | d.t.c.a.a.c.u.util.UserUtilService   : Removing 7 users from all courses...
    23:42:35.197 |  40 Pool-1-worker-14 | DEBUG | d.t.c.a.a.c.u.util.UserUtilService   : Removing 7 users from all courses. Done
    23:42:35.197 |  40 Pool-1-worker-14 | DEBUG | d.t.c.a.a.c.u.util.UserUtilService   : Save 7 users to database...
    23:42:35.203 |  40 Pool-1-worker-14 | DEBUG | d.t.c.a.a.c.u.util.UserUtilService   : Save 7 users to database. Done
    23:42:35.237 |  40 Pool-1-worker-14 | DEBUG | PersonalAccessTokenManagementService : Generate secure vcs access token
    23:42:35.241 |  40 Pool-1-worker-14 | DEBUG | PersonalAccessTokenManagementService : Generate secure vcs access token
    23:42:35.246 |  40 Pool-1-worker-14 | DEBUG | PersonalAccessTokenManagementService : Generate secure vcs access token
    23:42:35.263 |  40 Pool-1-worker-14 | INFO  | i.z.t.d.l.EmbeddedDatabaseReporter   : JDBC URL to connect to 'dataSource': url='jdbc:h2:tcp://localhost:41063/mem:f240edcd-27ce-47a3-b4ab-a6a00c154135;USER=sa', scope='ResultServiceIntegrationTest#setProgrammingExerciseResultRated'
    23:42:35.268 |  40 Pool-1-worker-14 | DEBUG | .c.s.m.InstanceMessageReceiveService : Received schedule participant score for exercise 199 and participant 9 (result to be deleted: null)
    23:42:35.268 |  40 Pool-1-worker-14 | DEBUG | .a.s.ParticipantScoreScheduleService : Scheduled task for exercise 199 and participant 9 at 2025-02-14T23:42:35.368694046Z[Etc/UTC].
    23:42:35.274 |  40 Pool-1-worker-14 | DEBUG | .c.s.m.InstanceMessageReceiveService : Received schedule participant score for exercise 199 and participant 9 (result to be deleted: null)
    23:42:35.274 |  40 Pool-1-worker-14 | DEBUG | .a.s.ParticipantScoreScheduleService : Scheduled task for exercise 199 and participant 9 at 2025-02-14T23:42:35.374513659Z[Etc/UTC].

  Starting logs for ResultServiceIntegrationTest > setProgrammingExerciseResultRated(boolean, ZonedDateTime, SubmissionType, ZonedDateTime, ZonedDateTime) [12] shouldBeRated=false, buildAndTestAfterDueDate=null, submissionType=ILLEGAL, dueDate=2025-02-15T00:42:33.482142261Z[Etc/UTC], submissionDate=2025-02-14T23:42:33.482142261Z[Etc/UTC]
    23:42:35.291 |  40 Pool-1-worker-14 | DEBUG | d.t.c.a.a.c.u.util.UserUtilService   : Generate 3 students...
    23:42:35.296 |  40 Pool-1-worker-14 | DEBUG | d.t.c.a.a.c.u.util.UserUtilService   : 3 students generated. Generate 2 tutors...
    23:42:35.304 |  40 Pool-1-worker-14 | DEBUG | d.t.c.a.a.c.u.util.UserUtilService   : 2 tutors generated. Generate 0 editors...
    23:42:35.307 |  40 Pool-1-worker-14 | DEBUG | d.t.c.a.a.c.u.util.UserUtilService   : 0 editors generated. Generate 2 instructors...
    23:42:35.317 |  40 Pool-1-worker-14 | DEBUG | d.t.c.a.a.c.u.util.UserUtilService   : 2 instructors generated
    23:42:35.318 |  40 Pool-1-worker-14 | DEBUG | d.t.c.a.a.c.u.util.UserUtilService   : Removing 7 users from all courses...
    23:42:35.321 |  40 Pool-1-worker-14 | DEBUG | d.t.c.a.a.c.u.util.UserUtilService   : Removing 7 users from all courses. Done
    23:42:35.321 |  40 Pool-1-worker-14 | DEBUG | d.t.c.a.a.c.u.util.UserUtilService   : Save 7 users to database...
    23:42:35.335 |  40 Pool-1-worker-14 | DEBUG | d.t.c.a.a.c.u.util.UserUtilService   : Save 7 users to database. Done
    23:42:35.407 |  40 Pool-1-worker-14 | DEBUG | PersonalAccessTokenManagementService : Generate secure vcs access token
    23:42:35.415 |  40 Pool-1-worker-14 | DEBUG | PersonalAccessTokenManagementService : Generate secure vcs access token
    23:42:35.428 |  40 Pool-1-worker-14 | DEBUG | PersonalAccessTokenManagementService : Generate secure vcs access token
    23:42:35.460 |  40 Pool-1-worker-14 | INFO  | i.z.t.d.l.EmbeddedDatabaseReporter   : JDBC URL to connect to 'dataSource': url='jdbc:h2:tcp://localhost:41063/mem:f240edcd-27ce-47a3-b4ab-a6a00c154135;USER=sa', scope='ResultServiceIntegrationTest#setProgrammingExerciseResultRated'
    23:42:35.465 |  40 Pool-1-worker-14 | DEBUG | .c.s.m.InstanceMessageReceiveService : Received schedule participant score for exercise 203 and participant 9 (result to be deleted: null)
    23:42:35.465 |  40 Pool-1-worker-14 | DEBUG | .a.s.ParticipantScoreScheduleService : Scheduled task for exercise 203 and participant 9 at 2025-02-14T23:42:35.565396152Z[Etc/UTC].
    23:42:35.470 |  40 Pool-1-worker-14 | DEBUG | .c.s.m.InstanceMessageReceiveService : Received schedule participant score for exercise 203 and participant 9 (result to be deleted: null)
    23:42:35.470 |  40 Pool-1-worker-14 | DEBUG | .a.s.ParticipantScoreScheduleService : Scheduled task for exercise 203 and participant 9 at 2025-02-14T23:42:35.570977311Z[Etc/UTC].

  Starting logs for ResultServiceIntegrationTest > testGetAllFeedbackDetailsForExerciseWithGroupFeedbackAndMultipleSimilarFeedback()
    23:42:35.489 |  40 Pool-1-worker-14 | DEBUG | d.t.c.a.a.c.u.util.UserUtilService   : Generate 3 students...
    23:42:35.494 |  40 Pool-1-worker-14 | DEBUG | d.t.c.a.a.c.u.util.UserUtilService   : 3 students generated. Generate 2 tutors...
    23:42:35.498 |  40 Pool-1-worker-14 | DEBUG | d.t.c.a.a.c.u.util.UserUtilService   : 2 tutors generated. Generate 0 editors...
    23:42:35.499 |  40 Pool-1-worker-14 | DEBUG | d.t.c.a.a.c.u.util.UserUtilService   : 0 editors generated. Generate 2 instructors...
    23:42:35.504 |  40 Pool-1-worker-14 | DEBUG | d.t.c.a.a.c.u.util.UserUtilService   : 2 instructors generated
    23:42:35.505 |  40 Pool-1-worker-14 | DEBUG | d.t.c.a.a.c.u.util.UserUtilService   : Removing 7 users from all courses...
    23:42:35.506 |  40 Pool-1-worker-14 | DEBUG | d.t.c.a.a.c.u.util.UserUtilService   : Removing 7 users from all courses. Done
    23:42:35.506 |  40 Pool-1-worker-14 | DEBUG | d.t.c.a.a.c.u.util.UserUtilService   : Save 7 users to database...
    23:42:35.512 |  40 Pool-1-worker-14 | DEBUG | d.t.c.a.a.c.u.util.UserUtilService   : Save 7 users to database. Done
    23:42:35.546 |  40 Pool-1-worker-14 | DEBUG | PersonalAccessTokenManagementService : Generate secure vcs access token
    23:42:35.550 |  40 Pool-1-worker-14 | DEBUG | PersonalAccessTokenManagementService : Generate secure vcs access token
    23:42:35.560 |  40 Pool-1-worker-14 | DEBUG | PersonalAccessTokenManagementService : Generate secure vcs access token
    23:42:35.604 |  40 Pool-1-worker-14 | INFO  | i.z.t.d.l.EmbeddedDatabaseReporter   : JDBC URL to connect to 'dataSource': url='jdbc:h2:tcp://localhost:41063/mem:f240edcd-27ce-47a3-b4ab-a6a00c154135;USER=sa', scope='ResultServiceIntegrationTest#testGetAllFeedbackDetailsForExerciseWithGroupFeedbackAndMultipleSimilarFeedback'
    23:42:35.605 |  40 Pool-1-worker-14 | DEBUG | .c.s.m.InstanceMessageReceiveService : Received schedule participant score for exercise 207 and participant 9 (result to be deleted: null)
    23:42:35.605 |  40 Pool-1-worker-14 | DEBUG | .a.s.ParticipantScoreScheduleService : Scheduled task for exercise 207 and participant 9 at 2025-02-14T23:42:35.705362073Z[Etc/UTC].
    23:42:35.606 |  40 Pool-1-worker-14 | DEBUG | .c.s.m.InstanceMessageReceiveService : Received schedule participant score for exercise 207 and participant 10 (result to be deleted: null)
    23:42:35.606 |  40 Pool-1-worker-14 | DEBUG | .a.s.ParticipantScoreScheduleService : Scheduled task for exercise 207 and participant 10 at 2025-02-14T23:42:35.706121880Z[Etc/UTC].
    23:42:35.618 |  40 Pool-1-worker-14 | DEBUG | .c.s.m.InstanceMessageReceiveService : Received schedule participant score for exercise 207 and participant 9 (result to be deleted: null)
    23:42:35.618 |  40 Pool-1-worker-14 | DEBUG | .a.s.ParticipantScoreScheduleService : Scheduled task for exercise 207 and participant 9 at 2025-02-14T23:42:35.718915869Z[Etc/UTC].
    23:42:35.629 |  40 Pool-1-worker-14 | DEBUG | .c.s.m.InstanceMessageReceiveService : Received schedule participant score for exercise 207 and participant 10 (result to be deleted: null)
    23:42:35.629 |  40 Pool-1-worker-14 | DEBUG | .a.s.ParticipantScoreScheduleService : Scheduled task for exercise 207 and participant 10 at 2025-02-14T23:42:35.729944544Z[Etc/UTC].
    23:42:35.632 |  40 Pool-1-worker-14 | DEBUG | d.t.c.a.a.c.s.f.ApiVersionFilter     : Adding Version to Request GET /api/exercises/207/feedback-details

  Starting logs for ResultServiceIntegrationTest > createResultForExternalSubmission()
    23:42:35.676 |  40 Pool-1-worker-14 | DEBUG | d.t.c.a.a.c.u.util.UserUtilService   : Generate 3 students...
    23:42:35.681 |  40 Pool-1-worker-14 | DEBUG | d.t.c.a.a.c.u.util.UserUtilService   : 3 students generated. Generate 2 tutors...
    23:42:35.685 |  40 Pool-1-worker-14 | DEBUG | d.t.c.a.a.c.u.util.UserUtilService   : 2 tutors generated. Generate 0 editors...
    23:42:35.687 |  40 Pool-1-worker-14 | DEBUG | d.t.c.a.a.c.u.util.UserUtilService   : 0 editors generated. Generate 2 instructors...
    23:42:35.691 |  40 Pool-1-worker-14 | DEBUG | d.t.c.a.a.c.u.util.UserUtilService   : 2 instructors generated
    23:42:35.692 |  40 Pool-1-worker-14 | DEBUG | d.t.c.a.a.c.u.util.UserUtilService   : Removing 7 users from all courses...
    23:42:35.693 |  40 Pool-1-worker-14 | DEBUG | d.t.c.a.a.c.u.util.UserUtilService   : Removing 7 users from all courses. Done
    23:42:35.693 |  40 Pool-1-worker-14 | DEBUG | d.t.c.a.a.c.u.util.UserUtilService   : Save 7 users to database...
    23:42:35.699 |  40 Pool-1-worker-14 | DEBUG | d.t.c.a.a.c.u.util.UserUtilService   : Save 7 users to database. Done
    23:42:35.736 |  40 Pool-1-worker-14 | DEBUG | PersonalAccessTokenManagementService : Generate secure vcs access token
    23:42:35.740 |  40 Pool-1-worker-14 | DEBUG | PersonalAccessTokenManagementService : Generate secure vcs access token
    23:42:35.744 |  40 Pool-1-worker-14 | DEBUG | PersonalAccessTokenManagementService : Generate secure vcs access token
    23:42:35.761 |  40 Pool-1-worker-14 | INFO  | i.z.t.d.l.EmbeddedDatabaseReporter   : JDBC URL to connect to 'dataSource': url='jdbc:h2:tcp://localhost:41063/mem:f240edcd-27ce-47a3-b4ab-a6a00c154135;USER=sa', scope='ResultServiceIntegrationTest#createResultForExternalSubmission'
    23:42:35.763 |  40 Pool-1-worker-14 | DEBUG | d.t.c.a.a.c.s.f.ApiVersionFilter     : Adding Version to Request POST /api/exercises/213/external-submission-results
    23:42:35.765 |  40 Pool-1-worker-14 | DEBUG | d.t.c.a.a.a.web.ResultResource       : REST request to create Result for External Submission for Exercise : 213
    23:42:35.796 |  40 Pool-1-worker-14 | DEBUG | .c.s.m.InstanceMessageReceiveService : Received schedule participant score for exercise 213 and participant 9 (result to be deleted: null)
    23:42:35.796 |  40 Pool-1-worker-14 | DEBUG | .a.s.ParticipantScoreScheduleService : Scheduled task for exercise 213 and participant 9 at 2025-02-14T23:42:35.896485643Z[Etc/UTC].

  Starting logs for ResultServiceIntegrationTest > testGetAssessmentCountByCorrectionRound()
    23:42:35.827 |  40 Pool-1-worker-14 | DEBUG | d.t.c.a.a.c.u.util.UserUtilService   : Generate 3 students...
    23:42:35.833 |  40 Pool-1-worker-14 | DEBUG | d.t.c.a.a.c.u.util.UserUtilService   : 3 students generated. Generate 2 tutors...
    23:42:35.837 |  40 Pool-1-worker-14 | DEBUG | d.t.c.a.a.c.u.util.UserUtilService   : 2 tutors generated. Generate 0 editors...
    23:42:35.838 |  40 Pool-1-worker-14 | DEBUG | d.t.c.a.a.c.u.util.UserUtilService   : 0 editors generated. Generate 2 instructors...
    23:42:35.842 |  40 Pool-1-worker-14 | DEBUG | d.t.c.a.a.c.u.util.UserUtilService   : 2 instructors generated
    23:42:35.843 |  40 Pool-1-worker-14 | DEBUG | d.t.c.a.a.c.u.util.UserUtilService   : Removing 7 users from all courses...
    23:42:35.844 |  40 Pool-1-worker-14 | DEBUG | d.t.c.a.a.c.u.util.UserUtilService   : Removing 7 users from all courses. Done
    23:42:35.844 |  40 Pool-1-worker-14 | DEBUG | d.t.c.a.a.c.u.util.UserUtilService   : Save 7 users to database...
    23:42:35.850 |  40 Pool-1-worker-14 | DEBUG | d.t.c.a.a.c.u.util.UserUtilService   : Save 7 users to database. Done
    23:42:35.885 |  40 Pool-1-worker-14 | DEBUG | PersonalAccessTokenManagementService : Generate secure vcs access token
    23:42:35.888 |  40 Pool-1-worker-14 | DEBUG | PersonalAccessTokenManagementService : Generate secure vcs access token
    23:42:35.893 |  40 Pool-1-worker-14 | DEBUG | PersonalAccessTokenManagementService : Generate secure vcs access token
    23:42:35.952 |  40 Pool-1-worker-14 | INFO  | i.z.t.d.l.EmbeddedDatabaseReporter   : JDBC URL to connect to 'dataSource': url='jdbc:h2:tcp://localhost:41063/mem:f240edcd-27ce-47a3-b4ab-a6a00c154135;USER=sa', scope='ResultServiceIntegrationTest#testGetAssessmentCountByCorrectionRound'
    23:42:35.956 |  40 Pool-1-worker-14 | DEBUG | .c.s.m.InstanceMessageReceiveService : Received schedule participant score for exercise 219 and participant 9 (result to be deleted: null)
    23:42:35.956 |  40 Pool-1-worker-14 | DEBUG | .a.s.ParticipantScoreScheduleService : Scheduled task for exercise 219 and participant 9 at 2025-02-14T23:42:36.056916573Z[Etc/UTC].
    23:42:35.966 |  40 Pool-1-worker-14 | DEBUG | .c.s.m.InstanceMessageReceiveService : Received schedule participant score for exercise 219 and participant 9 (result to be deleted: null)
    23:42:35.966 |  40 Pool-1-worker-14 | DEBUG | .a.s.ParticipantScoreScheduleService : Scheduled task for exercise 219 and participant 9 at 2025-02-14T23:42:36.066310232Z[Etc/UTC].
    23:42:35.968 |  40 Pool-1-worker-14 | DEBUG | .c.s.m.InstanceMessageReceiveService : Received schedule participant score for exercise 219 and participant 9 (result to be deleted: null)
    23:42:35.968 |  40 Pool-1-worker-14 | DEBUG | .a.s.ParticipantScoreScheduleService : Scheduled task for exercise 219 and participant 9 at 2025-02-14T23:42:36.068612696Z[Etc/UTC].
    23:42:35.978 |  40 Pool-1-worker-14 | DEBUG | .c.s.m.InstanceMessageReceiveService : Received schedule participant score for exercise 219 and participant 9 (result to be deleted: null)
    23:42:35.978 |  40 Pool-1-worker-14 | DEBUG | .a.s.ParticipantScoreScheduleService : Scheduled task for exercise 219 and participant 9 at 2025-02-14T23:42:36.078616202Z[Etc/UTC].
    23:42:35.988 |  40 Pool-1-worker-14 | DEBUG | .c.s.m.InstanceMessageReceiveService : Received schedule participant score for exercise 219 and participant 9 (result to be deleted: null)
    23:42:35.988 |  40 Pool-1-worker-14 | DEBUG | .a.s.ParticipantScoreScheduleService : Scheduled task for exercise 219 and participant 9 at 2025-02-14T23:42:36.088635858Z[Etc/UTC].
    23:42:35.996 |  40 Pool-1-worker-14 | DEBUG | .c.s.m.InstanceMessageReceiveService : Received schedule participant score for exercise 219 and participant 9 (result to be deleted: null)
    23:42:35.996 |  40 Pool-1-worker-14 | DEBUG | .a.s.ParticipantScoreScheduleService : Scheduled task for exercise 219 and participant 9 at 2025-02-14T23:42:36.096443532Z[Etc/UTC].
    23:42:35.996 |  40 Pool-1-worker-14 | DEBUG | .c.s.m.InstanceMessageReceiveService : Received schedule participant score for exercise 219 and participant 9 (result to be deleted: null)
    23:42:35.996 |  40 Pool-1-worker-14 | DEBUG | .a.s.ParticipantScoreScheduleService : Scheduled task for exercise 219 and participant 9 at 2025-02-14T23:42:36.096641571Z[Etc/UTC].

  Starting logs for ResultServiceIntegrationTest > testGetAssessmentCountByCorrectionRoundForProgrammingExercise()
    23:42:36.034 |  40 Pool-1-worker-14 | DEBUG | d.t.c.a.a.c.u.util.UserUtilService   : Generate 3 students...
    23:42:36.039 |  40 Pool-1-worker-14 | DEBUG | d.t.c.a.a.c.u.util.UserUtilService   : 3 students generated. Generate 2 tutors...
    23:42:36.043 |  40 Pool-1-worker-14 | DEBUG | d.t.c.a.a.c.u.util.UserUtilService   : 2 tutors generated. Generate 0 editors...
    23:42:36.044 |  40 Pool-1-worker-14 | DEBUG | d.t.c.a.a.c.u.util.UserUtilService   : 0 editors generated. Generate 2 instructors...
    23:42:36.048 |  40 Pool-1-worker-14 | DEBUG | d.t.c.a.a.c.u.util.UserUtilService   : 2 instructors generated
    23:42:36.049 |  40 Pool-1-worker-14 | DEBUG | d.t.c.a.a.c.u.util.UserUtilService   : Removing 7 users from all courses...
    23:42:36.051 |  40 Pool-1-worker-14 | DEBUG | d.t.c.a.a.c.u.util.UserUtilService   : Removing 7 users from all courses. Done
    23:42:36.051 |  40 Pool-1-worker-14 | DEBUG | d.t.c.a.a.c.u.util.UserUtilService   : Save 7 users to database...
    23:42:36.056 |  40 Pool-1-worker-14 | DEBUG | d.t.c.a.a.c.u.util.UserUtilService   : Save 7 users to database. Done
    23:42:36.089 |  40 Pool-1-worker-14 | DEBUG | PersonalAccessTokenManagementService : Generate secure vcs access token
    23:42:36.093 |  40 Pool-1-worker-14 | DEBUG | PersonalAccessTokenManagementService : Generate secure vcs access token
    23:42:36.097 |  40 Pool-1-worker-14 | DEBUG | PersonalAccessTokenManagementService : Generate secure vcs access token
    23:42:36.122 |  40 Pool-1-worker-14 | INFO  | i.z.t.d.l.EmbeddedDatabaseReporter   : JDBC URL to connect to 'dataSource': url='jdbc:h2:tcp://localhost:41063/mem:f240edcd-27ce-47a3-b4ab-a6a00c154135;USER=sa', scope='ResultServiceIntegrationTest#testGetAssessmentCountByCorrectionRoundForProgrammingExercise'
    23:42:36.158 |  40 Pool-1-worker-14 | DEBUG | .c.s.m.InstanceMessageReceiveService : Received schedule participant score for exercise 224 and participant 9 (result to be deleted: null)
    23:42:36.159 |  40 Pool-1-worker-14 | DEBUG | .a.s.ParticipantScoreScheduleService : Scheduled task for exercise 224 and participant 9 at 2025-02-14T23:42:36.259025451Z[Etc/UTC].
    23:42:36.172 |  40 Pool-1-worker-14 | DEBUG | .c.s.m.InstanceMessageReceiveService : Received schedule participant score for exercise 224 and participant 9 (result to be deleted: null)
    23:42:36.172 |  40 Pool-1-worker-14 | DEBUG | .a.s.ParticipantScoreScheduleService : Scheduled task for exercise 224 and participant 9 at 2025-02-14T23:42:36.272153334Z[Etc/UTC].
    23:42:36.176 |  40 Pool-1-worker-14 | DEBUG | .c.s.m.InstanceMessageReceiveService : Received schedule participant score for exercise 224 and participant 9 (result to be deleted: null)
    23:42:36.177 |  40 Pool-1-worker-14 | DEBUG | .a.s.ParticipantScoreScheduleService : Scheduled task for exercise 224 and participant 9 at 2025-02-14T23:42:36.277002397Z[Etc/UTC].
    23:42:36.189 |  40 Pool-1-worker-14 | DEBUG | .c.s.m.InstanceMessageReceiveService : Received schedule participant score for exercise 224 and participant 9 (result to be deleted: null)
    23:42:36.189 |  40 Pool-1-worker-14 | DEBUG | .a.s.ParticipantScoreScheduleService : Scheduled task for exercise 224 and participant 9 at 2025-02-14T23:42:36.289791579Z[Etc/UTC].
    23:42:36.205 |  40 Pool-1-worker-14 | DEBUG | .c.s.m.InstanceMessageReceiveService : Received schedule participant score for exercise 224 and participant 9 (result to be deleted: null)
    23:42:36.205 |  40 Pool-1-worker-14 | DEBUG | .a.s.ParticipantScoreScheduleService : Scheduled task for exercise 224 and participant 9 at 2025-02-14T23:42:36.305544084Z[Etc/UTC].
    23:42:36.229 |  40 Pool-1-worker-14 | DEBUG | .c.s.m.InstanceMessageReceiveService : Received schedule participant score for exercise 224 and participant 9 (result to be deleted: null)
    23:42:36.229 |  40 Pool-1-worker-14 | DEBUG | .a.s.ParticipantScoreScheduleService : Scheduled task for exercise 224 and participant 9 at 2025-02-14T23:42:36.429174393Z[Etc/UTC].
    23:42:36.229 |  40 Pool-1-worker-14 | DEBUG | .c.s.m.InstanceMessageReceiveService : Received schedule participant score for exercise 224 and participant 9 (result to be deleted: null)
    23:42:36.229 |  40 Pool-1-worker-14 | DEBUG | .a.s.ParticipantScoreScheduleService : Scheduled task for exercise 224 and participant 9 at 2025-02-14T23:42:36.429378645Z[Etc/UTC].

  Starting logs for ResultServiceIntegrationTest > shouldReturnBadRequestForNonMatchingParticipationId()
    23:42:36.256 |  40 Pool-1-worker-14 | DEBUG | d.t.c.a.a.c.u.util.UserUtilService   : Generate 3 students...
    23:42:36.266 |  40 Pool-1-worker-14 | DEBUG | d.t.c.a.a.c.u.util.UserUtilService   : 3 students generated. Generate 2 tutors...
    23:42:36.275 |  40 Pool-1-worker-14 | DEBUG | d.t.c.a.a.c.u.util.UserUtilService   : 2 tutors generated. Generate 0 editors...
    23:42:36.276 |  40 Pool-1-worker-14 | DEBUG | d.t.c.a.a.c.u.util.UserUtilService   : 0 editors generated. Generate 2 instructors...
    23:42:36.286 |  40 Pool-1-worker-14 | DEBUG | d.t.c.a.a.c.u.util.UserUtilService   : 2 instructors generated
    23:42:36.287 |  40 Pool-1-worker-14 | DEBUG | d.t.c.a.a.c.u.util.UserUtilService   : Removing 7 users from all courses...
    23:42:36.291 |  40 Pool-1-worker-14 | DEBUG | d.t.c.a.a.c.u.util.UserUtilService   : Removing 7 users from all courses. Done
    23:42:36.291 |  40 Pool-1-worker-14 | DEBUG | d.t.c.a.a.c.u.util.UserUtilService   : Save 7 users to database...
    23:42:36.297 |  40 Pool-1-worker-14 | DEBUG | d.t.c.a.a.c.u.util.UserUtilService   : Save 7 users to database. Done
    23:42:36.328 |  40 Pool-1-worker-14 | DEBUG | PersonalAccessTokenManagementService : Generate secure vcs access token
    23:42:36.332 |  40 Pool-1-worker-14 | DEBUG | PersonalAccessTokenManagementService : Generate secure vcs access token
    23:42:36.336 |  40 Pool-1-worker-14 | DEBUG | PersonalAccessTokenManagementService : Generate secure vcs access token
    23:42:36.353 |  40 Pool-1-worker-14 | INFO  | i.z.t.d.l.EmbeddedDatabaseReporter   : JDBC URL to connect to 'dataSource': url='jdbc:h2:tcp://localhost:41063/mem:f240edcd-27ce-47a3-b4ab-a6a00c154135;USER=sa', scope='ResultServiceIntegrationTest#shouldReturnBadRequestForNonMatchingParticipationId'
    23:42:36.360 |  40 Pool-1-worker-14 | DEBUG | d.t.c.a.a.c.s.f.ApiVersionFilter     : Adding Version to Request GET /api/participations/1337/results/114/details
    23:42:36.361 |  40 Pool-1-worker-14 | DEBUG | d.t.c.a.a.a.web.ResultResource       : REST request to get details of Result : 114
    23:42:36.363 |  40 Pool-1-worker-14 | ERROR | tech.jhipster.web.util.HeaderUtil    : Entity processing failed, participationId of the path does not match the participationId of the participation corresponding to the result 114 !
    23:42:36.363 |  40 Pool-1-worker-14 | WARN  | o.z.p.spring.common.AdviceTraits     : Bad Request: participationId of the path does not match the participationId of the participation corresponding to the result 114 !

  Starting logs for ResultServiceIntegrationTest > getResult()
    23:42:36.381 |  40 Pool-1-worker-14 | DEBUG | d.t.c.a.a.c.u.util.UserUtilService   : Generate 3 students...
    23:42:36.389 |  40 Pool-1-worker-14 | DEBUG | d.t.c.a.a.c.u.util.UserUtilService   : 3 students generated. Generate 2 tutors...
    23:42:36.396 |  40 Pool-1-worker-14 | DEBUG | d.t.c.a.a.c.u.util.UserUtilService   : 2 tutors generated. Generate 0 editors...
    23:42:36.401 |  40 Pool-1-worker-14 | DEBUG | d.t.c.a.a.c.u.util.UserUtilService   : 0 editors generated. Generate 2 instructors...
    23:42:36.408 |  40 Pool-1-worker-14 | DEBUG | d.t.c.a.a.c.u.util.UserUtilService   : 2 instructors generated
    23:42:36.412 |  40 Pool-1-worker-14 | DEBUG | d.t.c.a.a.c.u.util.UserUtilService   : Removing 7 users from all courses...
    23:42:36.413 |  40 Pool-1-worker-14 | DEBUG | d.t.c.a.a.c.u.util.UserUtilService   : Removing 7 users from all courses. Done
    23:42:36.413 |  40 Pool-1-worker-14 | DEBUG | d.t.c.a.a.c.u.util.UserUtilService   : Save 7 users to database...
    23:42:36.425 |  40 Pool-1-worker-14 | DEBUG | d.t.c.a.a.c.u.util.UserUtilService   : Save 7 users to database. Done
    23:42:36.492 |  40 Pool-1-worker-14 | DEBUG | PersonalAccessTokenManagementService : Generate secure vcs access token
    23:42:36.504 |  40 Pool-1-worker-14 | DEBUG | PersonalAccessTokenManagementService : Generate secure vcs access token
    23:42:36.509 |  40 Pool-1-worker-14 | DEBUG | PersonalAccessTokenManagementService : Generate secure vcs access token
    23:42:36.526 |  40 Pool-1-worker-14 | INFO  | i.z.t.d.l.EmbeddedDatabaseReporter   : JDBC URL to connect to 'dataSource': url='jdbc:h2:tcp://localhost:41063/mem:f240edcd-27ce-47a3-b4ab-a6a00c154135;USER=sa', scope='ResultServiceIntegrationTest#getResult'
    23:42:36.527 |  40 Pool-1-worker-14 | DEBUG | .c.s.m.InstanceMessageReceiveService : Received schedule participant score for exercise 231 and participant 10 (result to be deleted: null)
    23:42:36.527 |  40 Pool-1-worker-14 | DEBUG | .a.s.ParticipantScoreScheduleService : Scheduled task for exercise 231 and participant 10 at 2025-02-14T23:42:36.627584431Z[Etc/UTC].
    23:42:36.532 |  40 Pool-1-worker-14 | DEBUG | .c.s.m.InstanceMessageReceiveService : Received schedule participant score for exercise 231 and participant 10 (result to be deleted: null)
    23:42:36.532 |  40 Pool-1-worker-14 | DEBUG | .a.s.ParticipantScoreScheduleService : Scheduled task for exercise 231 and participant 10 at 2025-02-14T23:42:36.632956199Z[Etc/UTC].
    23:42:36.535 |  40 Pool-1-worker-14 | DEBUG | d.t.c.a.a.c.s.f.ApiVersionFilter     : Adding Version to Request GET /api/participations/322/results/115
    23:42:36.537 |  40 Pool-1-worker-14 | DEBUG | d.t.c.a.a.a.web.ResultResource       : REST request to get Result : 115

  Starting logs for ResultServiceIntegrationTest > getResult_asStudent()
    23:42:36.579 |  40 Pool-1-worker-14 | DEBUG | d.t.c.a.a.c.u.util.UserUtilService   : Generate 3 students...
    23:42:36.583 |  40 Pool-1-worker-14 | DEBUG | d.t.c.a.a.c.u.util.UserUtilService   : 3 students generated. Generate 2 tutors...
    23:42:36.587 |  40 Pool-1-worker-14 | DEBUG | d.t.c.a.a.c.u.util.UserUtilService   : 2 tutors generated. Generate 0 editors...
    23:42:36.589 |  40 Pool-1-worker-14 | DEBUG | d.t.c.a.a.c.u.util.UserUtilService   : 0 editors generated. Generate 2 instructors...
    23:42:36.593 |  40 Pool-1-worker-14 | DEBUG | d.t.c.a.a.c.u.util.UserUtilService   : 2 instructors generated
    23:42:36.594 |  40 Pool-1-worker-14 | DEBUG | d.t.c.a.a.c.u.util.UserUtilService   : Removing 7 users from all courses...
    23:42:36.595 |  40 Pool-1-worker-14 | DEBUG | d.t.c.a.a.c.u.util.UserUtilService   : Removing 7 users from all courses. Done
    23:42:36.595 |  40 Pool-1-worker-14 | DEBUG | d.t.c.a.a.c.u.util.UserUtilService   : Save 7 users to database...
    23:42:36.601 |  40 Pool-1-worker-14 | DEBUG | d.t.c.a.a.c.u.util.UserUtilService   : Save 7 users to database. Done
    23:42:36.637 |  40 Pool-1-worker-14 | DEBUG | PersonalAccessTokenManagementService : Generate secure vcs access token
    23:42:36.641 |  40 Pool-1-worker-14 | DEBUG | PersonalAccessTokenManagementService : Generate secure vcs access token
    23:42:36.645 |  40 Pool-1-worker-14 | DEBUG | PersonalAccessTokenManagementService : Generate secure vcs access token
    23:42:36.664 |  40 Pool-1-worker-14 | INFO  | i.z.t.d.l.EmbeddedDatabaseReporter   : JDBC URL to connect to 'dataSource': url='jdbc:h2:tcp://localhost:41063/mem:f240edcd-27ce-47a3-b4ab-a6a00c154135;USER=sa', scope='ResultServiceIntegrationTest#getResult_asStudent'
    23:42:36.665 |  40 Pool-1-worker-14 | DEBUG | .c.s.m.InstanceMessageReceiveService : Received schedule participant score for exercise 235 and participant 10 (result to be deleted: null)
    23:42:36.665 |  40 Pool-1-worker-14 | DEBUG | .a.s.ParticipantScoreScheduleService : Scheduled task for exercise 235 and participant 10 at 2025-02-14T23:42:36.765531939Z[Etc/UTC].
    23:42:36.667 |  40 Pool-1-worker-14 | DEBUG | d.t.c.a.a.c.s.f.ApiVersionFilter     : Adding Version to Request GET /api/participations/330/results/116
    23:42:36.669 |  40 Pool-1-worker-14 | WARN  | o.z.p.spring.common.AdviceTraits     : Forbidden: Access Denied

  Starting logs for ResultServiceIntegrationTest > deleteResult_wrongParticipationId()
    23:42:36.685 |  40 Pool-1-worker-14 | DEBUG | d.t.c.a.a.c.u.util.UserUtilService   : Generate 3 students...
    23:42:36.696 |  40 Pool-1-worker-14 | DEBUG | d.t.c.a.a.c.u.util.UserUtilService   : 3 students generated. Generate 2 tutors...
    23:42:36.706 |  40 Pool-1-worker-14 | DEBUG | d.t.c.a.a.c.u.util.UserUtilService   : 2 tutors generated. Generate 0 editors...
    23:42:36.707 |  40 Pool-1-worker-14 | DEBUG | d.t.c.a.a.c.u.util.UserUtilService   : 0 editors generated. Generate 2 instructors...
    23:42:36.712 |  40 Pool-1-worker-14 | DEBUG | d.t.c.a.a.c.u.util.UserUtilService   : 2 instructors generated
    23:42:36.713 |  40 Pool-1-worker-14 | DEBUG | d.t.c.a.a.c.u.util.UserUtilService   : Removing 7 users from all courses...
    23:42:36.714 |  40 Pool-1-worker-14 | DEBUG | d.t.c.a.a.c.u.util.UserUtilService   : Removing 7 users from all courses. Done
    23:42:36.714 |  40 Pool-1-worker-14 | DEBUG | d.t.c.a.a.c.u.util.UserUtilService   : Save 7 users to database...
    23:42:36.720 |  40 Pool-1-worker-14 | DEBUG | d.t.c.a.a.c.u.util.UserUtilService   : Save 7 users to database. Done
    23:42:36.752 |  40 Pool-1-worker-14 | DEBUG | PersonalAccessTokenManagementService : Generate secure vcs access token
    23:42:36.756 |  40 Pool-1-worker-14 | DEBUG | PersonalAccessTokenManagementService : Generate secure vcs access token
    23:42:36.759 |  40 Pool-1-worker-14 | DEBUG | PersonalAccessTokenManagementService : Generate secure vcs access token
    23:42:36.781 |  40 Pool-1-worker-14 | INFO  | i.z.t.d.l.EmbeddedDatabaseReporter   : JDBC URL to connect to 'dataSource': url='jdbc:h2:tcp://localhost:41063/mem:f240edcd-27ce-47a3-b4ab-a6a00c154135;USER=sa', scope='ResultServiceIntegrationTest#deleteResult_wrongParticipationId'
    23:42:36.782 |  40 Pool-1-worker-14 | DEBUG | .c.s.m.InstanceMessageReceiveService : Received schedule participant score for exercise 239 and participant 10 (result to be deleted: null)
    23:42:36.782 |  40 Pool-1-worker-14 | DEBUG | .a.s.ParticipantScoreScheduleService : Scheduled task for exercise 239 and participant 10 at 2025-02-14T23:42:36.882229985Z[Etc/UTC].
    23:42:36.791 |  40 Pool-1-worker-14 | DEBUG | .c.s.m.InstanceMessageReceiveService : Received schedule participant score for exercise 239 and participant 10 (result to be deleted: null)
    23:42:36.791 |  40 Pool-1-worker-14 | DEBUG | .a.s.ParticipantScoreScheduleService : Scheduled task for exercise 239 and participant 10 at 2025-02-14T23:42:36.891251241Z[Etc/UTC].
    23:42:36.796 |  40 Pool-1-worker-14 | DEBUG | d.t.c.a.a.c.s.f.ApiVersionFilter     : Adding Version to Request DELETE /api/participations/1653/results/117
    23:42:36.796 |  40 Pool-1-worker-14 | DEBUG | d.t.c.a.a.a.web.ResultResource       : REST request to delete Result : 117
    23:42:36.805 |  40 Pool-1-worker-14 | ERROR | tech.jhipster.web.util.HeaderUtil    : Entity processing failed, participationId of the path doesnt match the participationId of the participation corresponding to the result 117!
    23:42:36.805 |  40 Pool-1-worker-14 | WARN  | o.z.p.spring.common.AdviceTraits     : Bad Request: participationId of the path doesnt match the participationId of the participation corresponding to the result 117!

  Starting logs for ResultServiceIntegrationTest > createResultForExternalSubmissionExam()
    23:42:36.840 |  40 Pool-1-worker-14 | DEBUG | d.t.c.a.a.c.u.util.UserUtilService   : Generate 3 students...
    23:42:36.851 |  40 Pool-1-worker-14 | DEBUG | d.t.c.a.a.c.u.util.UserUtilService   : 3 students generated. Generate 2 tutors...
    23:42:36.862 |  40 Pool-1-worker-14 | DEBUG | d.t.c.a.a.c.u.util.UserUtilService   : 2 tutors generated. Generate 0 editors...
    23:42:36.863 |  40 Pool-1-worker-14 | DEBUG | d.t.c.a.a.c.u.util.UserUtilService   : 0 editors generated. Generate 2 instructors...
    23:42:36.873 |  40 Pool-1-worker-14 | DEBUG | d.t.c.a.a.c.u.util.UserUtilService   : 2 instructors generated
    23:42:36.874 |  40 Pool-1-worker-14 | DEBUG | d.t.c.a.a.c.u.util.UserUtilService   : Removing 7 users from all courses...
    23:42:36.875 |  40 Pool-1-worker-14 | DEBUG | d.t.c.a.a.c.u.util.UserUtilService   : Removing 7 users from all courses. Done
    23:42:36.875 |  40 Pool-1-worker-14 | DEBUG | d.t.c.a.a.c.u.util.UserUtilService   : Save 7 users to database...
    23:42:36.881 |  40 Pool-1-worker-14 | DEBUG | d.t.c.a.a.c.u.util.UserUtilService   : Save 7 users to database. Done
    23:42:36.914 |  40 Pool-1-worker-14 | DEBUG | PersonalAccessTokenManagementService : Generate secure vcs access token
    23:42:36.918 |  40 Pool-1-worker-14 | DEBUG | PersonalAccessTokenManagementService : Generate secure vcs access token
    23:42:36.922 |  40 Pool-1-worker-14 | DEBUG | PersonalAccessTokenManagementService : Generate secure vcs access token
    23:42:36.942 |  40 Pool-1-worker-14 | INFO  | i.z.t.d.l.EmbeddedDatabaseReporter   : JDBC URL to connect to 'dataSource': url='jdbc:h2:tcp://localhost:41063/mem:f240edcd-27ce-47a3-b4ab-a6a00c154135;USER=sa', scope='ResultServiceIntegrationTest#createResultForExternalSubmissionExam'
    23:42:36.944 |  40 Pool-1-worker-14 | DEBUG | d.t.c.a.a.c.s.f.ApiVersionFilter     : Adding Version to Request POST /api/exercises/244/external-submission-results
    23:42:36.945 |  40 Pool-1-worker-14 | DEBUG | d.t.c.a.a.a.web.ResultResource       : REST request to create Result for External Submission for Exercise : 244
    23:42:36.951 |  40 Pool-1-worker-14 | ERROR | tech.jhipster.web.util.HeaderUtil    : Entity processing failed, External submissions are not supported before the end of the exam.

  Starting logs for ResultServiceIntegrationTest > deleteResultStudent()
    23:42:36.969 |  40 Pool-1-worker-14 | DEBUG | d.t.c.a.a.c.u.util.UserUtilService   : Generate 3 students...
    23:42:36.974 |  40 Pool-1-worker-14 | DEBUG | d.t.c.a.a.c.u.util.UserUtilService   : 3 students generated. Generate 2 tutors...
    23:42:36.977 |  40 Pool-1-worker-14 | DEBUG | d.t.c.a.a.c.u.util.UserUtilService   : 2 tutors generated. Generate 0 editors...
    23:42:36.979 |  40 Pool-1-worker-14 | DEBUG | d.t.c.a.a.c.u.util.UserUtilService   : 0 editors generated. Generate 2 instructors...
    23:42:36.983 |  40 Pool-1-worker-14 | DEBUG | d.t.c.a.a.c.u.util.UserUtilService   : 2 instructors generated
    23:42:36.984 |  40 Pool-1-worker-14 | DEBUG | d.t.c.a.a.c.u.util.UserUtilService   : Removing 7 users from all courses...
    23:42:36.986 |  40 Pool-1-worker-14 | DEBUG | d.t.c.a.a.c.u.util.UserUtilService   : Removing 7 users from all courses. Done
    23:42:36.986 |  40 Pool-1-worker-14 | DEBUG | d.t.c.a.a.c.u.util.UserUtilService   : Save 7 users to database...
    23:42:36.992 |  40 Pool-1-worker-14 | DEBUG | d.t.c.a.a.c.u.util.UserUtilService   : Save 7 users to database. Done
    23:42:37.038 |  40 Pool-1-worker-14 | DEBUG | PersonalAccessTokenManagementService : Generate secure vcs access token
    23:42:37.046 |  40 Pool-1-worker-14 | DEBUG | PersonalAccessTokenManagementService : Generate secure vcs access token
    23:42:37.055 |  40 Pool-1-worker-14 | DEBUG | PersonalAccessTokenManagementService : Generate secure vcs access token
    23:42:37.084 |  40 Pool-1-worker-14 | INFO  | i.z.t.d.l.EmbeddedDatabaseReporter   : JDBC URL to connect to 'dataSource': url='jdbc:h2:tcp://localhost:41063/mem:f240edcd-27ce-47a3-b4ab-a6a00c154135;USER=sa', scope='ResultServiceIntegrationTest#deleteResultStudent'
    23:42:37.085 |  40 Pool-1-worker-14 | DEBUG | .c.s.m.InstanceMessageReceiveService : Received schedule participant score for exercise 247 and participant 10 (result to be deleted: null)
    23:42:37.085 |  40 Pool-1-worker-14 | DEBUG | .a.s.ParticipantScoreScheduleService : Scheduled task for exercise 247 and participant 10 at 2025-02-14T23:42:37.185432797Z[Etc/UTC].
    23:42:37.090 |  40 Pool-1-worker-14 | DEBUG | .c.s.m.InstanceMessageReceiveService : Received schedule participant score for exercise 247 and participant 10 (result to be deleted: null)
    23:42:37.090 |  40 Pool-1-worker-14 | DEBUG | .a.s.ParticipantScoreScheduleService : Scheduled task for exercise 247 and participant 10 at 2025-02-14T23:42:37.190493424Z[Etc/UTC].
    23:42:37.092 |  40 Pool-1-worker-14 | DEBUG | d.t.c.a.a.c.s.f.ApiVersionFilter     : Adding Version to Request DELETE /api/participations/354/results/118
    23:42:37.093 |  40 Pool-1-worker-14 | WARN  | o.z.p.spring.common.AdviceTraits     : Forbidden: Access Denied

  Starting logs for ResultServiceIntegrationTest > testGetResultsWithPointsForExamExercise_asTutor()
    23:42:37.112 |  40 Pool-1-worker-14 | DEBUG | d.t.c.a.a.c.u.util.UserUtilService   : Generate 3 students...
    23:42:37.117 |  40 Pool-1-worker-14 | DEBUG | d.t.c.a.a.c.u.util.UserUtilService   : 3 students generated. Generate 2 tutors...
    23:42:37.121 |  40 Pool-1-worker-14 | DEBUG | d.t.c.a.a.c.u.util.UserUtilService   : 2 tutors generated. Generate 0 editors...
    23:42:37.122 |  40 Pool-1-worker-14 | DEBUG | d.t.c.a.a.c.u.util.UserUtilService   : 0 editors generated. Generate 2 instructors...
    23:42:37.126 |  40 Pool-1-worker-14 | DEBUG | d.t.c.a.a.c.u.util.UserUtilService   : 2 instructors generated
    23:42:37.127 |  40 Pool-1-worker-14 | DEBUG | d.t.c.a.a.c.u.util.UserUtilService   : Removing 7 users from all courses...
    23:42:37.128 |  40 Pool-1-worker-14 | DEBUG | d.t.c.a.a.c.u.util.UserUtilService   : Removing 7 users from all courses. Done
    23:42:37.128 |  40 Pool-1-worker-14 | DEBUG | d.t.c.a.a.c.u.util.UserUtilService   : Save 7 users to database...
    23:42:37.133 |  40 Pool-1-worker-14 | DEBUG | d.t.c.a.a.c.u.util.UserUtilService   : Save 7 users to database. Done
    23:42:37.172 |  40 Pool-1-worker-14 | DEBUG | PersonalAccessTokenManagementService : Generate secure vcs access token
    23:42:37.177 |  40 Pool-1-worker-14 | DEBUG | PersonalAccessTokenManagementService : Generate secure vcs access token
    23:42:37.181 |  40 Pool-1-worker-14 | DEBUG | PersonalAccessTokenManagementService : Generate secure vcs access token
    23:42:37.197 |  40 Pool-1-worker-14 | INFO  | i.z.t.d.l.EmbeddedDatabaseReporter   : JDBC URL to connect to 'dataSource': url='jdbc:h2:tcp://localhost:41063/mem:f240edcd-27ce-47a3-b4ab-a6a00c154135;USER=sa', scope='ResultServiceIntegrationTest#testGetResultsWithPointsForExamExercise_asTutor'
    23:42:37.215 |  40 Pool-1-worker-14 | DEBUG | .c.s.m.InstanceMessageReceiveService : Received schedule participant score for exercise 252 and participant 9 (result to be deleted: null)
    23:42:37.215 |  40 Pool-1-worker-14 | DEBUG | .a.s.ParticipantScoreScheduleService : Scheduled task for exercise 252 and participant 9 at 2025-02-14T23:42:37.315392390Z[Etc/UTC].
    23:42:37.222 |  40 Pool-1-worker-14 | DEBUG | .c.s.m.InstanceMessageReceiveService : Received schedule participant score for exercise 252 and participant 9 (result to be deleted: null)
    23:42:37.222 |  40 Pool-1-worker-14 | DEBUG | .a.s.ParticipantScoreScheduleService : Scheduled task for exercise 252 and participant 9 at 2025-02-14T23:42:37.322955896Z[Etc/UTC].
    23:42:37.240 |  40 Pool-1-worker-14 | DEBUG | .c.s.m.InstanceMessageReceiveService : Received schedule participant score for exercise 252 and participant 10 (result to be deleted: null)
    23:42:37.240 |  40 Pool-1-worker-14 | DEBUG | .a.s.ParticipantScoreScheduleService : Scheduled task for exercise 252 and participant 10 at 2025-02-14T23:42:37.340700256Z[Etc/UTC].
    23:42:37.251 |  40 Pool-1-worker-14 | DEBUG | .c.s.m.InstanceMessageReceiveService : Received schedule participant score for exercise 252 and participant 10 (result to be deleted: null)
    23:42:37.251 |  40 Pool-1-worker-14 | DEBUG | .a.s.ParticipantScoreScheduleService : Scheduled task for exercise 252 and participant 10 at 2025-02-14T23:42:37.351183988Z[Etc/UTC].
    23:42:37.266 |  40 Pool-1-worker-14 | DEBUG | .c.s.m.InstanceMessageReceiveService : Received schedule participant score for exercise 252 and participant 11 (result to be deleted: null)
    23:42:37.266 |  40 Pool-1-worker-14 | DEBUG | .a.s.ParticipantScoreScheduleService : Scheduled task for exercise 252 and participant 11 at 2025-02-14T23:42:37.366555836Z[Etc/UTC].
    23:42:37.271 |  40 Pool-1-worker-14 | DEBUG | .c.s.m.InstanceMessageReceiveService : Received schedule participant score for exercise 252 and participant 11 (result to be deleted: null)
    23:42:37.271 |  40 Pool-1-worker-14 | DEBUG | .a.s.ParticipantScoreScheduleService : Scheduled task for exercise 252 and participant 11 at 2025-02-14T23:42:37.371394690Z[Etc/UTC].
    23:42:37.280 |  40 Pool-1-worker-14 | DEBUG | d.t.c.a.a.c.s.f.ApiVersionFilter     : Adding Version to Request GET /api/exercises/252/results-with-points-per-criterion
    23:42:37.282 |  40 Pool-1-worker-14 | WARN  | o.z.p.spring.common.AdviceTraits     : Forbidden: Access Denied

  Starting logs for ResultServiceIntegrationTest > createResultForExternalSubmission_wrongExerciseId()
    23:42:37.299 |  40 Pool-1-worker-14 | DEBUG | d.t.c.a.a.c.u.util.UserUtilService   : Generate 3 students...
    23:42:37.304 |  40 Pool-1-worker-14 | DEBUG | d.t.c.a.a.c.u.util.UserUtilService   : 3 students generated. Generate 2 tutors...
    23:42:37.308 |  40 Pool-1-worker-14 | DEBUG | d.t.c.a.a.c.u.util.UserUtilService   : 2 tutors generated. Generate 0 editors...
    23:42:37.310 |  40 Pool-1-worker-14 | DEBUG | d.t.c.a.a.c.u.util.UserUtilService   : 0 editors generated. Generate 2 instructors...
    23:42:37.314 |  40 Pool-1-worker-14 | DEBUG | d.t.c.a.a.c.u.util.UserUtilService   : 2 instructors generated
    23:42:37.315 |  40 Pool-1-worker-14 | DEBUG | d.t.c.a.a.c.u.util.UserUtilService   : Removing 7 users from all courses...
    23:42:37.317 |  40 Pool-1-worker-14 | DEBUG | d.t.c.a.a.c.u.util.UserUtilService   : Removing 7 users from all courses. Done
    23:42:37.317 |  40 Pool-1-worker-14 | DEBUG | d.t.c.a.a.c.u.util.UserUtilService   : Save 7 users to database...
    23:42:37.322 |  40 Pool-1-worker-14 | DEBUG | d.t.c.a.a.c.u.util.UserUtilService   : Save 7 users to database. Done
    23:42:37.356 |  40 Pool-1-worker-14 | DEBUG | PersonalAccessTokenManagementService : Generate secure vcs access token
    23:42:37.362 |  40 Pool-1-worker-14 | DEBUG | PersonalAccessTokenManagementService : Generate secure vcs access token
    23:42:37.366 |  40 Pool-1-worker-14 | DEBUG | PersonalAccessTokenManagementService : Generate secure vcs access token
    23:42:37.387 |  40 Pool-1-worker-14 | INFO  | i.z.t.d.l.EmbeddedDatabaseReporter   : JDBC URL to connect to 'dataSource': url='jdbc:h2:tcp://localhost:41063/mem:f240edcd-27ce-47a3-b4ab-a6a00c154135;USER=sa', scope='ResultServiceIntegrationTest#createResultForExternalSubmission_wrongExerciseId'
    23:42:37.389 |  40 Pool-1-worker-14 | DEBUG | d.t.c.a.a.c.s.f.ApiVersionFilter     : Adding Version to Request POST /api/exercises/2145/external-submission-results
    23:42:37.390 |  40 Pool-1-worker-14 | WARN  | o.z.p.spring.common.AdviceTraits     : Bad Request: Required request parameter 'studentLogin' for method parameter type String is not present

  Starting logs for ResultServiceIntegrationTest > shouldReturnTheResultDetailsForAProgrammingExerciseStudentParticipation_studentForbidden()
    23:42:37.417 |  40 Pool-1-worker-14 | DEBUG | d.t.c.a.a.c.u.util.UserUtilService   : Generate 3 students...
    23:42:37.429 |  40 Pool-1-worker-14 | DEBUG | d.t.c.a.a.c.u.util.UserUtilService   : 3 students generated. Generate 2 tutors...
    23:42:37.436 |  40 Pool-1-worker-14 | DEBUG | d.t.c.a.a.c.u.util.UserUtilService   : 2 tutors generated. Generate 0 editors...
    23:42:37.441 |  40 Pool-1-worker-14 | DEBUG | d.t.c.a.a.c.u.util.UserUtilService   : 0 editors generated. Generate 2 instructors...
    23:42:37.447 |  40 Pool-1-worker-14 | DEBUG | d.t.c.a.a.c.u.util.UserUtilService   : 2 instructors generated
    23:42:37.451 |  40 Pool-1-worker-14 | DEBUG | d.t.c.a.a.c.u.util.UserUtilService   : Removing 7 users from all courses...
    23:42:37.453 |  40 Pool-1-worker-14 | DEBUG | d.t.c.a.a.c.u.util.UserUtilService   : Removing 7 users from all courses. Done
    23:42:37.453 |  40 Pool-1-worker-14 | DEBUG | d.t.c.a.a.c.u.util.UserUtilService   : Save 7 users to database...
    23:42:37.467 |  40 Pool-1-worker-14 | DEBUG | d.t.c.a.a.c.u.util.UserUtilService   : Save 7 users to database. Done
    23:42:37.525 |  40 Pool-1-worker-14 | DEBUG | PersonalAccessTokenManagementService : Generate secure vcs access token
    23:42:37.529 |  40 Pool-1-worker-14 | DEBUG | PersonalAccessTokenManagementService : Generate secure vcs access token
    23:42:37.533 |  40 Pool-1-worker-14 | DEBUG | PersonalAccessTokenManagementService : Generate secure vcs access token
    23:42:37.558 |  40 Pool-1-worker-14 | INFO  | i.z.t.d.l.EmbeddedDatabaseReporter   : JDBC URL to connect to 'dataSource': url='jdbc:h2:tcp://localhost:41063/mem:f240edcd-27ce-47a3-b4ab-a6a00c154135;USER=sa', scope='ResultServiceIntegrationTest#shouldReturnTheResultDetailsForAProgrammingExerciseStudentParticipation_studentForbidden'
    23:42:37.566 |  40 Pool-1-worker-14 | DEBUG | d.t.c.a.a.c.s.f.ApiVersionFilter     : Adding Version to Request GET /api/participations/375/results/122/details
    23:42:37.567 |  40 Pool-1-worker-14 | DEBUG | d.t.c.a.a.a.web.ResultResource       : REST request to get details of Result : 122
    23:42:37.571 |  40 Pool-1-worker-14 | WARN  | o.z.p.spring.common.AdviceTraits     : Forbidden: You are not allowed to access the participation with id 375

  Starting logs for ResultServiceIntegrationTest > shouldReturnTheResultDetailsForAnInstructorWithoutSensitiveInformationFiltered()
    23:42:37.590 |  40 Pool-1-worker-14 | DEBUG | d.t.c.a.a.c.u.util.UserUtilService   : Generate 3 students...
    23:42:37.595 |  40 Pool-1-worker-14 | DEBUG | d.t.c.a.a.c.u.util.UserUtilService   : 3 students generated. Generate 2 tutors...
    23:42:37.599 |  40 Pool-1-worker-14 | DEBUG | d.t.c.a.a.c.u.util.UserUtilService   : 2 tutors generated. Generate 0 editors...
    23:42:37.601 |  40 Pool-1-worker-14 | DEBUG | d.t.c.a.a.c.u.util.UserUtilService   : 0 editors generated. Generate 2 instructors...
    23:42:37.605 |  40 Pool-1-worker-14 | DEBUG | d.t.c.a.a.c.u.util.UserUtilService   : 2 instructors generated
    23:42:37.606 |  40 Pool-1-worker-14 | DEBUG | d.t.c.a.a.c.u.util.UserUtilService   : Removing 7 users from all courses...
    23:42:37.607 |  40 Pool-1-worker-14 | DEBUG | d.t.c.a.a.c.u.util.UserUtilService   : Removing 7 users from all courses. Done
    23:42:37.607 |  40 Pool-1-worker-14 | DEBUG | d.t.c.a.a.c.u.util.UserUtilService   : Save 7 users to database...
    23:42:37.616 |  40 Pool-1-worker-14 | DEBUG | d.t.c.a.a.c.u.util.UserUtilService   : Save 7 users to database. Done
    23:42:37.654 |  40 Pool-1-worker-14 | DEBUG | PersonalAccessTokenManagementService : Generate secure vcs access token
    23:42:37.659 |  40 Pool-1-worker-14 | DEBUG | PersonalAccessTokenManagementService : Generate secure vcs access token
    23:42:37.662 |  40 Pool-1-worker-14 | DEBUG | PersonalAccessTokenManagementService : Generate secure vcs access token
    23:42:37.686 |  40 Pool-1-worker-14 | INFO  | i.z.t.d.l.EmbeddedDatabaseReporter   : JDBC URL to connect to 'dataSource': url='jdbc:h2:tcp://localhost:41063/mem:f240edcd-27ce-47a3-b4ab-a6a00c154135;USER=sa', scope='ResultServiceIntegrationTest#shouldReturnTheResultDetailsForAnInstructorWithoutSensitiveInformationFiltered'
    23:42:37.686 |  40 Pool-1-worker-14 | DEBUG | .c.s.m.InstanceMessageReceiveService : Received schedule participant score for exercise 263 and participant 10 (result to be deleted: null)
    23:42:37.686 |  40 Pool-1-worker-14 | DEBUG | .a.s.ParticipantScoreScheduleService : Scheduled task for exercise 263 and participant 10 at 2025-02-14T23:42:37.786940488Z[Etc/UTC].
    23:42:37.692 |  40 Pool-1-worker-14 | DEBUG | .c.s.m.InstanceMessageReceiveService : Received schedule participant score for exercise 263 and participant 10 (result to be deleted: null)
    23:42:37.692 |  40 Pool-1-worker-14 | DEBUG | .a.s.ParticipantScoreScheduleService : Scheduled task for exercise 263 and participant 10 at 2025-02-14T23:42:37.792386174Z[Etc/UTC].
    23:42:37.700 |  40 Pool-1-worker-14 | DEBUG | .c.s.m.InstanceMessageReceiveService : Received schedule participant score for exercise 263 and participant 10 (result to be deleted: null)
    23:42:37.700 |  40 Pool-1-worker-14 | DEBUG | .a.s.ParticipantScoreScheduleService : Scheduled task for exercise 263 and participant 10 at 2025-02-14T23:42:37.800353744Z[Etc/UTC].
    23:42:37.706 |  40 Pool-1-worker-14 | DEBUG | d.t.c.a.a.c.s.f.ApiVersionFilter     : Adding Version to Request GET /api/participations/390/results/123/details
    23:42:37.707 |  40 Pool-1-worker-14 | DEBUG | d.t.c.a.a.a.web.ResultResource       : REST request to get details of Result : 123

  Starting logs for ResultServiceIntegrationTest > testGetAllFeedbackDetailsForExercise()
    23:42:37.751 |  40 Pool-1-worker-14 | DEBUG | d.t.c.a.a.c.u.util.UserUtilService   : Generate 3 students...
    23:42:37.756 |  40 Pool-1-worker-14 | DEBUG | d.t.c.a.a.c.u.util.UserUtilService   : 3 students generated. Generate 2 tutors...
    23:42:37.760 |  40 Pool-1-worker-14 | DEBUG | d.t.c.a.a.c.u.util.UserUtilService   : 2 tutors generated. Generate 0 editors...
    23:42:37.762 |  40 Pool-1-worker-14 | DEBUG | d.t.c.a.a.c.u.util.UserUtilService   : 0 editors generated. Generate 2 instructors...
    23:42:37.766 |  40 Pool-1-worker-14 | DEBUG | d.t.c.a.a.c.u.util.UserUtilService   : 2 instructors generated
    23:42:37.767 |  40 Pool-1-worker-14 | DEBUG | d.t.c.a.a.c.u.util.UserUtilService   : Removing 7 users from all courses...
    23:42:37.768 |  40 Pool-1-worker-14 | DEBUG | d.t.c.a.a.c.u.util.UserUtilService   : Removing 7 users from all courses. Done
    23:42:37.768 |  40 Pool-1-worker-14 | DEBUG | d.t.c.a.a.c.u.util.UserUtilService   : Save 7 users to database...
    23:42:37.780 |  40 Pool-1-worker-14 | DEBUG | d.t.c.a.a.c.u.util.UserUtilService   : Save 7 users to database. Done
    23:42:37.824 |  40 Pool-1-worker-14 | DEBUG | PersonalAccessTokenManagementService : Generate secure vcs access token
    23:42:37.835 |  40 Pool-1-worker-14 | DEBUG | PersonalAccessTokenManagementService : Generate secure vcs access token
    23:42:37.844 |  40 Pool-1-worker-14 | DEBUG | PersonalAccessTokenManagementService : Generate secure vcs access token
    23:42:37.864 |  40 Pool-1-worker-14 | INFO  | i.z.t.d.l.EmbeddedDatabaseReporter   : JDBC URL to connect to 'dataSource': url='jdbc:h2:tcp://localhost:41063/mem:f240edcd-27ce-47a3-b4ab-a6a00c154135;USER=sa', scope='ResultServiceIntegrationTest#testGetAllFeedbackDetailsForExercise'
    23:42:37.864 |  40 Pool-1-worker-14 | DEBUG | .c.s.m.InstanceMessageReceiveService : Received schedule participant score for exercise 265 and participant 9 (result to be deleted: null)
    23:42:37.864 |  40 Pool-1-worker-14 | DEBUG | .a.s.ParticipantScoreScheduleService : Scheduled task for exercise 265 and participant 9 at 2025-02-14T23:42:37.964630385Z[Etc/UTC].
    23:42:37.869 |  40 Pool-1-worker-14 | DEBUG | .c.s.m.InstanceMessageReceiveService : Received schedule participant score for exercise 265 and participant 9 (result to be deleted: null)
    23:42:37.869 |  40 Pool-1-worker-14 | DEBUG | .a.s.ParticipantScoreScheduleService : Scheduled task for exercise 265 and participant 9 at 2025-02-14T23:42:37.969773036Z[Etc/UTC].
    23:42:37.872 |  40 Pool-1-worker-14 | DEBUG | d.t.c.a.a.c.s.f.ApiVersionFilter     : Adding Version to Request GET /api/exercises/265/feedback-details

  Starting logs for ResultServiceIntegrationTest > createResultForExternalSubmission_dueDateNotPassed()
    23:42:37.908 |  40 Pool-1-worker-14 | DEBUG | d.t.c.a.a.c.u.util.UserUtilService   : Generate 3 students...
    23:42:37.916 |  40 Pool-1-worker-14 | DEBUG | d.t.c.a.a.c.u.util.UserUtilService   : 3 students generated. Generate 2 tutors...
    23:42:37.919 |  40 Pool-1-worker-14 | DEBUG | d.t.c.a.a.c.u.util.UserUtilService   : 2 tutors generated. Generate 0 editors...
    23:42:37.921 |  40 Pool-1-worker-14 | DEBUG | d.t.c.a.a.c.u.util.UserUtilService   : 0 editors generated. Generate 2 instructors...
    23:42:37.929 |  40 Pool-1-worker-14 | DEBUG | d.t.c.a.a.c.u.util.UserUtilService   : 2 instructors generated
    23:42:37.931 |  40 Pool-1-worker-14 | DEBUG | d.t.c.a.a.c.u.util.UserUtilService   : Removing 7 users from all courses...
    23:42:37.932 |  40 Pool-1-worker-14 | DEBUG | d.t.c.a.a.c.u.util.UserUtilService   : Removing 7 users from all courses. Done
    23:42:37.932 |  40 Pool-1-worker-14 | DEBUG | d.t.c.a.a.c.u.util.UserUtilService   : Save 7 users to database...
    23:42:37.939 |  40 Pool-1-worker-14 | DEBUG | d.t.c.a.a.c.u.util.UserUtilService   : Save 7 users to database. Done
    23:42:37.978 |  40 Pool-1-worker-14 | DEBUG | PersonalAccessTokenManagementService : Generate secure vcs access token
    23:42:37.989 |  40 Pool-1-worker-14 | DEBUG | PersonalAccessTokenManagementService : Generate secure vcs access token
    23:42:38.004 |  40 Pool-1-worker-14 | DEBUG | PersonalAccessTokenManagementService : Generate secure vcs access token
    23:42:38.051 |  40 Pool-1-worker-14 | INFO  | i.z.t.d.l.EmbeddedDatabaseReporter   : JDBC URL to connect to 'dataSource': url='jdbc:h2:tcp://localhost:41063/mem:f240edcd-27ce-47a3-b4ab-a6a00c154135;USER=sa', scope='ResultServiceIntegrationTest#createResultForExternalSubmission_dueDateNotPassed'
    23:42:38.063 |  40 Pool-1-worker-14 | DEBUG | d.t.c.a.a.c.s.f.ApiVersionFilter     : Adding Version to Request POST /api/exercises/271/external-submission-results
    23:42:38.064 |  40 Pool-1-worker-14 | DEBUG | d.t.c.a.a.a.web.ResultResource       : REST request to create Result for External Submission for Exercise : 271
    23:42:38.067 |  40 Pool-1-worker-14 | ERROR | tech.jhipster.web.util.HeaderUtil    : Entity processing failed, External submissions are not supported before the exercise due date.

  Starting logs for ResultServiceIntegrationTest > testTestRunsNonRated()
    23:42:38.112 |  40 Pool-1-worker-14 | DEBUG | d.t.c.a.a.c.u.util.UserUtilService   : Generate 3 students...
    23:42:38.123 |  40 Pool-1-worker-14 | DEBUG | d.t.c.a.a.c.u.util.UserUtilService   : 3 students generated. Generate 2 tutors...
    23:42:38.128 |  40 Pool-1-worker-14 | DEBUG | d.t.c.a.a.c.u.util.UserUtilService   : 2 tutors generated. Generate 0 editors...
    23:42:38.132 |  40 Pool-1-worker-14 | DEBUG | d.t.c.a.a.c.u.util.UserUtilService   : 0 editors generated. Generate 2 instructors...
    23:42:38.140 |  40 Pool-1-worker-14 | DEBUG | d.t.c.a.a.c.u.util.UserUtilService   : 2 instructors generated
    23:42:38.144 |  40 Pool-1-worker-14 | DEBUG | d.t.c.a.a.c.u.util.UserUtilService   : Removing 7 users from all courses...
    23:42:38.145 |  40 Pool-1-worker-14 | DEBUG | d.t.c.a.a.c.u.util.UserUtilService   : Removing 7 users from all courses. Done
    23:42:38.145 |  40 Pool-1-worker-14 | DEBUG | d.t.c.a.a.c.u.util.UserUtilService   : Save 7 users to database...
    23:42:38.161 |  40 Pool-1-worker-14 | DEBUG | d.t.c.a.a.c.u.util.UserUtilService   : Save 7 users to database. Done
    23:42:38.210 |  40 Pool-1-worker-14 | DEBUG | PersonalAccessTokenManagementService : Generate secure vcs access token
    23:42:38.218 |  40 Pool-1-worker-14 | DEBUG | PersonalAccessTokenManagementService : Generate secure vcs access token
    23:42:38.230 |  40 Pool-1-worker-14 | DEBUG | PersonalAccessTokenManagementService : Generate secure vcs access token
    23:42:38.266 |  40 Pool-1-worker-14 | INFO  | i.z.t.d.l.EmbeddedDatabaseReporter   : JDBC URL to connect to 'dataSource': url='jdbc:h2:tcp://localhost:41063/mem:f240edcd-27ce-47a3-b4ab-a6a00c154135;USER=sa', scope='ResultServiceIntegrationTest#testTestRunsNonRated'
    23:42:38.277 |  40 Pool-1-worker-14 | DEBUG | .c.s.m.InstanceMessageReceiveService : Received schedule participant score for exercise 273 and participant 9 (result to be deleted: null)
    23:42:38.277 |  40 Pool-1-worker-14 | DEBUG | .a.s.ParticipantScoreScheduleService : Scheduled task for exercise 273 and participant 9 at 2025-02-14T23:42:38.377153007Z[Etc/UTC].
    23:42:38.291 |  40 Pool-1-worker-14 | DEBUG | .c.s.m.InstanceMessageReceiveService : Received schedule participant score for exercise 273 and participant 9 (result to be deleted: null)
    23:42:38.291 |  40 Pool-1-worker-14 | DEBUG | .a.s.ParticipantScoreScheduleService : Scheduled task for exercise 273 and participant 9 at 2025-02-14T23:42:38.391321411Z[Etc/UTC].

  Starting logs for ResultServiceIntegrationTest > shouldReturnTheResultDetailsForAStudentParticipation_studentForbidden()
    23:42:38.329 |  40 Pool-1-worker-14 | DEBUG | d.t.c.a.a.c.u.util.UserUtilService   : Generate 3 students...
    23:42:38.338 |  40 Pool-1-worker-14 | DEBUG | d.t.c.a.a.c.u.util.UserUtilService   : 3 students generated. Generate 2 tutors...
    23:42:38.341 |  40 Pool-1-worker-14 | DEBUG | d.t.c.a.a.c.u.util.UserUtilService   : 2 tutors generated. Generate 0 editors...
    23:42:38.343 |  40 Pool-1-worker-14 | DEBUG | d.t.c.a.a.c.u.util.UserUtilService   : 0 editors generated. Generate 2 instructors...
    23:42:38.347 |  40 Pool-1-worker-14 | DEBUG | d.t.c.a.a.c.u.util.UserUtilService   : 2 instructors generated
    23:42:38.348 |  40 Pool-1-worker-14 | DEBUG | d.t.c.a.a.c.u.util.UserUtilService   : Removing 7 users from all courses...
    23:42:38.349 |  40 Pool-1-worker-14 | DEBUG | d.t.c.a.a.c.u.util.UserUtilService   : Removing 7 users from all courses. Done
    23:42:38.349 |  40 Pool-1-worker-14 | DEBUG | d.t.c.a.a.c.u.util.UserUtilService   : Save 7 users to database...
    23:42:38.355 |  40 Pool-1-worker-14 | DEBUG | d.t.c.a.a.c.u.util.UserUtilService   : Save 7 users to database. Done
    23:42:38.423 |  40 Pool-1-worker-14 | DEBUG | PersonalAccessTokenManagementService : Generate secure vcs access token
    23:42:38.432 |  40 Pool-1-worker-14 | DEBUG | PersonalAccessTokenManagementService : Generate secure vcs access token
    23:42:38.440 |  40 Pool-1-worker-14 | DEBUG | PersonalAccessTokenManagementService : Generate secure vcs access token
    23:42:38.471 |  40 Pool-1-worker-14 | INFO  | i.z.t.d.l.EmbeddedDatabaseReporter   : JDBC URL to connect to 'dataSource': url='jdbc:h2:tcp://localhost:41063/mem:f240edcd-27ce-47a3-b4ab-a6a00c154135;USER=sa', scope='ResultServiceIntegrationTest#shouldReturnTheResultDetailsForAStudentParticipation_studentForbidden'
    23:42:38.471 |  40 Pool-1-worker-14 | DEBUG | .c.s.m.InstanceMessageReceiveService : Received schedule participant score for exercise 279 and participant 10 (result to be deleted: null)
    23:42:38.472 |  40 Pool-1-worker-14 | DEBUG | .a.s.ParticipantScoreScheduleService : Scheduled task for exercise 279 and participant 10 at 2025-02-14T23:42:38.572014855Z[Etc/UTC].
    23:42:38.483 |  40 Pool-1-worker-14 | DEBUG | .c.s.m.InstanceMessageReceiveService : Received schedule participant score for exercise 279 and participant 10 (result to be deleted: null)
    23:42:38.483 |  40 Pool-1-worker-14 | DEBUG | .a.s.ParticipantScoreScheduleService : Scheduled task for exercise 279 and participant 10 at 2025-02-14T23:42:38.583339656Z[Etc/UTC].
    23:42:38.485 |  40 Pool-1-worker-14 | DEBUG | d.t.c.a.a.c.s.f.ApiVersionFilter     : Adding Version to Request GET /api/participations/422/results/126/details
    23:42:38.486 |  40 Pool-1-worker-14 | DEBUG | d.t.c.a.a.a.web.ResultResource       : REST request to get details of Result : 126
    23:42:38.489 |  40 Pool-1-worker-14 | WARN  | o.z.p.spring.common.AdviceTraits     : Forbidden: You are not allowed to access the participation with id 422

  Starting logs for ResultServiceIntegrationTest > createResultForExternalSubmission_programmingExercise()
    23:42:38.512 |  40 Pool-1-worker-14 | DEBUG | d.t.c.a.a.c.u.util.UserUtilService   : Generate 3 students...
    23:42:38.525 |  40 Pool-1-worker-14 | DEBUG | d.t.c.a.a.c.u.util.UserUtilService   : 3 students generated. Generate 2 tutors...
    23:42:38.535 |  40 Pool-1-worker-14 | DEBUG | d.t.c.a.a.c.u.util.UserUtilService   : 2 tutors generated. Generate 0 editors...
    23:42:38.536 |  40 Pool-1-worker-14 | DEBUG | d.t.c.a.a.c.u.util.UserUtilService   : 0 editors generated. Generate 2 instructors...
    23:42:38.543 |  40 Pool-1-worker-14 | DEBUG | d.t.c.a.a.c.u.util.UserUtilService   : 2 instructors generated
    23:42:38.545 |  40 Pool-1-worker-14 | DEBUG | d.t.c.a.a.c.u.util.UserUtilService   : Removing 7 users from all courses...
    23:42:38.546 |  40 Pool-1-worker-14 | DEBUG | d.t.c.a.a.c.u.util.UserUtilService   : Removing 7 users from all courses. Done
    23:42:38.546 |  40 Pool-1-worker-14 | DEBUG | d.t.c.a.a.c.u.util.UserUtilService   : Save 7 users to database...
    23:42:38.552 |  40 Pool-1-worker-14 | DEBUG | d.t.c.a.a.c.u.util.UserUtilService   : Save 7 users to database. Done
    23:42:38.593 |  40 Pool-1-worker-14 | DEBUG | PersonalAccessTokenManagementService : Generate secure vcs access token
    23:42:38.597 |  40 Pool-1-worker-14 | DEBUG | PersonalAccessTokenManagementService : Generate secure vcs access token
    23:42:38.602 |  40 Pool-1-worker-14 | DEBUG | PersonalAccessTokenManagementService : Generate secure vcs access token
    23:42:38.621 |  40 Pool-1-worker-14 | INFO  | i.z.t.d.l.EmbeddedDatabaseReporter   : JDBC URL to connect to 'dataSource': url='jdbc:h2:tcp://localhost:41063/mem:f240edcd-27ce-47a3-b4ab-a6a00c154135;USER=sa', scope='ResultServiceIntegrationTest#createResultForExternalSubmission_programmingExercise'
    23:42:38.624 |  40 Pool-1-worker-14 | DEBUG | d.t.c.a.a.c.s.f.ApiVersionFilter     : Adding Version to Request POST /api/exercises/281/external-submission-results
    23:42:38.625 |  40 Pool-1-worker-14 | DEBUG | d.t.c.a.a.a.web.ResultResource       : REST request to create Result for External Submission for Exercise : 281
    23:42:38.647 |  40 Pool-1-worker-14 | DEBUG | .c.s.m.InstanceMessageReceiveService : Received schedule participant score for exercise 281 and participant 9 (result to be deleted: null)
    23:42:38.647 |  40 Pool-1-worker-14 | DEBUG | .a.s.ParticipantScoreScheduleService : Scheduled task for exercise 281 and participant 9 at 2025-02-14T23:42:38.747736049Z[Etc/UTC].

  Starting logs for ResultServiceIntegrationTest > testGetResultsWithPointsForExamExercise()
    23:42:38.682 |  40 Pool-1-worker-14 | DEBUG | d.t.c.a.a.c.u.util.UserUtilService   : Generate 3 students...
    23:42:38.687 |  40 Pool-1-worker-14 | DEBUG | d.t.c.a.a.c.u.util.UserUtilService   : 3 students generated. Generate 2 tutors...
    23:42:38.691 |  40 Pool-1-worker-14 | DEBUG | d.t.c.a.a.c.u.util.UserUtilService   : 2 tutors generated. Generate 0 editors...
    23:42:38.692 |  40 Pool-1-worker-14 | DEBUG | d.t.c.a.a.c.u.util.UserUtilService   : 0 editors generated. Generate 2 instructors...
    23:42:38.697 |  40 Pool-1-worker-14 | DEBUG | d.t.c.a.a.c.u.util.UserUtilService   : 2 instructors generated
    23:42:38.698 |  40 Pool-1-worker-14 | DEBUG | d.t.c.a.a.c.u.util.UserUtilService   : Removing 7 users from all courses...
    23:42:38.699 |  40 Pool-1-worker-14 | DEBUG | d.t.c.a.a.c.u.util.UserUtilService   : Removing 7 users from all courses. Done
    23:42:38.699 |  40 Pool-1-worker-14 | DEBUG | d.t.c.a.a.c.u.util.UserUtilService   : Save 7 users to database...
    23:42:38.706 |  40 Pool-1-worker-14 | DEBUG | d.t.c.a.a.c.u.util.UserUtilService   : Save 7 users to database. Done
    23:42:38.746 |  40 Pool-1-worker-14 | DEBUG | PersonalAccessTokenManagementService : Generate secure vcs access token
    23:42:38.753 |  40 Pool-1-worker-14 | DEBUG | PersonalAccessTokenManagementService : Generate secure vcs access token
    23:42:38.757 |  40 Pool-1-worker-14 | DEBUG | PersonalAccessTokenManagementService : Generate secure vcs access token
    23:42:38.774 |  40 Pool-1-worker-14 | INFO  | i.z.t.d.l.EmbeddedDatabaseReporter   : JDBC URL to connect to 'dataSource': url='jdbc:h2:tcp://localhost:41063/mem:f240edcd-27ce-47a3-b4ab-a6a00c154135;USER=sa', scope='ResultServiceIntegrationTest#testGetResultsWithPointsForExamExercise'
    23:42:38.784 |  40 Pool-1-worker-14 | DEBUG | .c.s.m.InstanceMessageReceiveService : Received schedule participant score for exercise 288 and participant 9 (result to be deleted: null)
    23:42:38.784 |  40 Pool-1-worker-14 | DEBUG | .a.s.ParticipantScoreScheduleService : Scheduled task for exercise 288 and participant 9 at 2025-02-14T23:42:38.884677461Z[Etc/UTC].
    23:42:38.789 |  40 Pool-1-worker-14 | DEBUG | .c.s.m.InstanceMessageReceiveService : Received schedule participant score for exercise 288 and participant 9 (result to be deleted: null)
    23:42:38.789 |  40 Pool-1-worker-14 | DEBUG | .a.s.ParticipantScoreScheduleService : Scheduled task for exercise 288 and participant 9 at 2025-02-14T23:42:38.889208661Z[Etc/UTC].
    23:42:38.799 |  40 Pool-1-worker-14 | DEBUG | .c.s.m.InstanceMessageReceiveService : Received schedule participant score for exercise 288 and participant 10 (result to be deleted: null)
    23:42:38.799 |  40 Pool-1-worker-14 | DEBUG | .a.s.ParticipantScoreScheduleService : Scheduled task for exercise 288 and participant 10 at 2025-02-14T23:42:38.899063670Z[Etc/UTC].
    23:42:38.803 |  40 Pool-1-worker-14 | DEBUG | .c.s.m.InstanceMessageReceiveService : Received schedule participant score for exercise 288 and participant 10 (result to be deleted: null)
    23:42:38.803 |  40 Pool-1-worker-14 | DEBUG | .a.s.ParticipantScoreScheduleService : Scheduled task for exercise 288 and participant 10 at 2025-02-14T23:42:38.903919457Z[Etc/UTC].
    23:42:38.813 |  40 Pool-1-worker-14 | DEBUG | .c.s.m.InstanceMessageReceiveService : Received schedule participant score for exercise 288 and participant 11 (result to be deleted: null)
    23:42:38.813 |  40 Pool-1-worker-14 | DEBUG | .a.s.ParticipantScoreScheduleService : Scheduled task for exercise 288 and participant 11 at 2025-02-14T23:42:38.913647349Z[Etc/UTC].
    23:42:38.817 |  40 Pool-1-worker-14 | DEBUG | .c.s.m.InstanceMessageReceiveService : Received schedule participant score for exercise 288 and participant 11 (result to be deleted: null)
    23:42:38.818 |  40 Pool-1-worker-14 | DEBUG | .a.s.ParticipantScoreScheduleService : Scheduled task for exercise 288 and participant 11 at 2025-02-14T23:42:38.918010155Z[Etc/UTC].
    23:42:38.827 |  40 Pool-1-worker-14 | DEBUG | d.t.c.a.a.c.s.f.ApiVersionFilter     : Adding Version to Request GET /api/exercises/288/results-with-points-per-criterion

Finished logs for ResultServiceIntegrationTest
]]></system-out>
  <system-err><![CDATA[]]></system-err>
</testsuite>
