<?xml version="1.0" encoding="UTF-8"?>
<testsuite name="de.tum.cit.aet.artemis.atlas.competency.StandardizedCompetencyIntegrationTest$AdminStandardizedCompetencyResource$CreateStandardizedCompetency" tests="7" skipped="0" failures="0" errors="0" timestamp="2025-02-14T23:43:11" hostname="fv-az1721-502" time="0.486">
  <properties/>
  <testcase name="shouldReturn404()" classname="de.tum.cit.aet.artemis.atlas.competency.StandardizedCompetencyIntegrationTest$AdminStandardizedCompetencyResource$CreateStandardizedCompetency" time="0.094"/>
  <testcase name="[1] competencyDTO=StandardizedCompetencyRequestDTO[title=, description=valid description, taxonomy=null, knowledgeAreaId=-1000, sourceId=null]" classname="de.tum.cit.aet.artemis.atlas.competency.StandardizedCompetencyIntegrationTest$AdminStandardizedCompetencyResource$CreateStandardizedCompetency" time="0.057"/>
  <testcase name="[2] competencyDTO=StandardizedCompetencyRequestDTO[title=null, description=valid description, taxonomy=null, knowledgeAreaId=-1000, sourceId=null]" classname="de.tum.cit.aet.artemis.atlas.competency.StandardizedCompetencyIntegrationTest$AdminStandardizedCompetencyResource$CreateStandardizedCompetency" time="0.088"/>
  <testcase name="[3] competencyDTO=StandardizedCompetencyRequestDTO[title=0000000000000000000000000000000000000000000000000000000000000000000000000000000000000000000000000000000000000000000000000000000000000000000000000000000000000000000000000000000000000000000000000000000000000000000000000000000000000000000000000000000000000000, description=valid description, taxonomy=null, knowledgeAreaId=-1000, sourceId=null]" classname="de.tum.cit.aet.artemis.atlas.competency.StandardizedCompetencyIntegrationTest$AdminStandardizedCompetencyResource$CreateStandardizedCompetency" time="0.055"/>
  <testcase name="[4] competencyDTO=StandardizedCompetencyRequestDTO[title=valid title, description=000000000000000000000000000000000000000000000000000000000000000000000000000000000000000000000000000000000000000000000000000000000000000000000000000000000000000000000000000000000000000000000000000000000000000000000000000000000000000000000000000000000000000000000000000000000000000000000000000000000000000000000000000000000000000000000000000000000000000000000000000000000000000000000000000000000000000000000000000000000000000000000000000000000000000â€¦" classname="de.tum.cit.aet.artemis.atlas.competency.StandardizedCompetencyIntegrationTest$AdminStandardizedCompetencyResource$CreateStandardizedCompetency" time="0.068"/>
  <testcase name="[5] competencyDTO=StandardizedCompetencyRequestDTO[title=valid title, description=valid description, taxonomy=null, knowledgeAreaId=null, sourceId=null]" classname="de.tum.cit.aet.artemis.atlas.competency.StandardizedCompetencyIntegrationTest$AdminStandardizedCompetencyResource$CreateStandardizedCompetency" time="0.036"/>
  <testcase name="shouldCreateCompetency()" classname="de.tum.cit.aet.artemis.atlas.competency.StandardizedCompetencyIntegrationTest$AdminStandardizedCompetencyResource$CreateStandardizedCompetency" time="0.055"/>
  <system-out><![CDATA[
Starting logs for CreateStandardizedCompetency

  Starting logs for CreateStandardizedCompetency > shouldReturn404()
    23:43:11.204 | 122 Pool-1-worker-37 | DEBUG | d.t.c.a.a.c.u.util.UserUtilService   : Generate 1 students...
    23:43:11.210 | 122 Pool-1-worker-37 | DEBUG | d.t.c.a.a.c.u.util.UserUtilService   : 1 students generated. Generate 1 tutors...
    23:43:11.218 | 122 Pool-1-worker-37 | DEBUG | d.t.c.a.a.c.u.util.UserUtilService   : 1 tutors generated. Generate 1 editors...
    23:43:11.222 | 122 Pool-1-worker-37 | DEBUG | d.t.c.a.a.c.u.util.UserUtilService   : 1 editors generated. Generate 1 instructors...
    23:43:11.227 | 122 Pool-1-worker-37 | DEBUG | d.t.c.a.a.c.u.util.UserUtilService   : 1 instructors generated
    23:43:11.228 | 122 Pool-1-worker-37 | DEBUG | d.t.c.a.a.c.u.util.UserUtilService   : Removing 4 users from all courses...
    23:43:11.231 | 122 Pool-1-worker-37 | DEBUG | d.t.c.a.a.c.u.util.UserUtilService   : Removing 4 users from all courses. Done
    23:43:11.231 | 122 Pool-1-worker-37 | DEBUG | d.t.c.a.a.c.u.util.UserUtilService   : Save 4 users to database...
    23:43:11.238 | 122 Pool-1-worker-37 | DEBUG | d.t.c.a.a.c.u.util.UserUtilService   : Save 4 users to database. Done
    23:43:11.242 | 122 Pool-1-worker-37 | INFO  | i.z.t.d.l.EmbeddedDatabaseReporter   : JDBC URL to connect to 'dataSource': url='jdbc:h2:tcp://localhost:41063/mem:df70fc46-7e57-4cb5-9cd0-c1d90c14afa7;USER=sa', scope='CreateStandardizedCompetency#shouldReturn404'
    23:43:11.244 | 122 Pool-1-worker-37 | DEBUG | d.t.c.a.a.c.s.f.ApiVersionFilter     : Adding Version to Request POST /api/admin/standardized-competencies
    23:43:11.254 | 122 Pool-1-worker-37 | DEBUG | .AdminStandardizedCompetencyResource : REST request to create standardized competency : StandardizedCompetencyRequestDTO[title=Competency, description=description, taxonomy=ANALYZE, knowledgeAreaId=-1000, sourceId=9]
    23:43:11.256 | 122 Pool-1-worker-37 | WARN  | o.z.p.spring.common.AdviceTraits     : Not Found: KnowledgeArea with identifier: "-1000" does not exist
    23:43:11.259 | 122 Pool-1-worker-37 | DEBUG | d.t.c.a.a.c.s.f.ApiVersionFilter     : Adding Version to Request POST /api/admin/standardized-competencies
    23:43:11.262 | 122 Pool-1-worker-37 | DEBUG | .AdminStandardizedCompetencyResource : REST request to create standardized competency : StandardizedCompetencyRequestDTO[title=Competency, description=description, taxonomy=ANALYZE, knowledgeAreaId=12, sourceId=-1000]
    23:43:11.269 | 122 Pool-1-worker-37 | WARN  | o.z.p.spring.common.AdviceTraits     : Not Found: Source with identifier: "-1000" does not exist

  Starting logs for CreateStandardizedCompetency > [1] competencyDTO=StandardizedCompetencyRequestDTO[title=, description=valid description, taxonomy=null, knowledgeAreaId=-1000, sourceId=null]
    23:43:11.302 | 122 Pool-1-worker-37 | DEBUG | d.t.c.a.a.c.u.util.UserUtilService   : Generate 1 students...
    23:43:11.305 | 122 Pool-1-worker-37 | DEBUG | d.t.c.a.a.c.u.util.UserUtilService   : 1 students generated. Generate 1 tutors...
    23:43:11.307 | 122 Pool-1-worker-37 | DEBUG | d.t.c.a.a.c.u.util.UserUtilService   : 1 tutors generated. Generate 1 editors...
    23:43:11.310 | 122 Pool-1-worker-37 | DEBUG | d.t.c.a.a.c.u.util.UserUtilService   : 1 editors generated. Generate 1 instructors...
    23:43:11.313 | 122 Pool-1-worker-37 | DEBUG | d.t.c.a.a.c.u.util.UserUtilService   : 1 instructors generated
    23:43:11.314 | 122 Pool-1-worker-37 | DEBUG | d.t.c.a.a.c.u.util.UserUtilService   : Removing 4 users from all courses...
    23:43:11.315 | 122 Pool-1-worker-37 | DEBUG | d.t.c.a.a.c.u.util.UserUtilService   : Removing 4 users from all courses. Done
    23:43:11.315 | 122 Pool-1-worker-37 | DEBUG | d.t.c.a.a.c.u.util.UserUtilService   : Save 4 users to database...
    23:43:11.326 | 122 Pool-1-worker-37 | DEBUG | d.t.c.a.a.c.u.util.UserUtilService   : Save 4 users to database. Done
    23:43:11.328 | 122 Pool-1-worker-37 | INFO  | i.z.t.d.l.EmbeddedDatabaseReporter   : JDBC URL to connect to 'dataSource': url='jdbc:h2:tcp://localhost:41063/mem:df70fc46-7e57-4cb5-9cd0-c1d90c14afa7;USER=sa', scope='CreateStandardizedCompetency#shouldReturnBadRequest'
    23:43:11.330 | 122 Pool-1-worker-37 | DEBUG | d.t.c.a.a.c.s.f.ApiVersionFilter     : Adding Version to Request POST /api/admin/standardized-competencies
    23:43:11.334 | 122 Pool-1-worker-37 | WARN  | o.z.p.spring.common.AdviceTraits     : Bad Request: Validation failed for argument [0] in public org.springframework.http.ResponseEntity<de.tum.cit.aet.artemis.atlas.dto.standardizedCompetency.StandardizedCompetencyResultDTO> de.tum.cit.aet.artemis.atlas.web.admin.AdminStandardizedCompetencyResource.createStandardizedCompetency(de.tum.cit.aet.artemis.atlas.dto.standardizedCompetency.StandardizedCompetencyRequestDTO) throws java.net.URISyntaxException: [Field error in object 'standardizedCompetencyRequestDTO' on field 'title': rejected value [null]; codes [NotNull.standardizedCompetencyRequestDTO.title,NotNull.title,NotNull.java.lang.String,NotNull]; arguments [org.springframework.context.support.DefaultMessageSourceResolvable: codes [standardizedCompetencyRequestDTO.title,title]; arguments []; default message [title]]; default message [must not be null]] 

  Starting logs for CreateStandardizedCompetency > [2] competencyDTO=StandardizedCompetencyRequestDTO[title=null, description=valid description, taxonomy=null, knowledgeAreaId=-1000, sourceId=null]
    23:43:11.371 | 122 Pool-1-worker-37 | DEBUG | d.t.c.a.a.c.u.util.UserUtilService   : Generate 1 students...
    23:43:11.377 | 122 Pool-1-worker-37 | DEBUG | d.t.c.a.a.c.u.util.UserUtilService   : 1 students generated. Generate 1 tutors...
    23:43:11.383 | 122 Pool-1-worker-37 | DEBUG | d.t.c.a.a.c.u.util.UserUtilService   : 1 tutors generated. Generate 1 editors...
    23:43:11.389 | 122 Pool-1-worker-37 | DEBUG | d.t.c.a.a.c.u.util.UserUtilService   : 1 editors generated. Generate 1 instructors...
    23:43:11.397 | 122 Pool-1-worker-37 | DEBUG | d.t.c.a.a.c.u.util.UserUtilService   : 1 instructors generated
    23:43:11.399 | 122 Pool-1-worker-37 | DEBUG | d.t.c.a.a.c.u.util.UserUtilService   : Removing 4 users from all courses...
    23:43:11.399 | 122 Pool-1-worker-37 | DEBUG | d.t.c.a.a.c.u.util.UserUtilService   : Removing 4 users from all courses. Done
    23:43:11.399 | 122 Pool-1-worker-37 | DEBUG | d.t.c.a.a.c.u.util.UserUtilService   : Save 4 users to database...
    23:43:11.414 | 122 Pool-1-worker-37 | DEBUG | d.t.c.a.a.c.u.util.UserUtilService   : Save 4 users to database. Done
    23:43:11.415 | 122 Pool-1-worker-37 | INFO  | i.z.t.d.l.EmbeddedDatabaseReporter   : JDBC URL to connect to 'dataSource': url='jdbc:h2:tcp://localhost:41063/mem:df70fc46-7e57-4cb5-9cd0-c1d90c14afa7;USER=sa', scope='CreateStandardizedCompetency#shouldReturnBadRequest'
    23:43:11.422 | 122 Pool-1-worker-37 | DEBUG | d.t.c.a.a.c.s.f.ApiVersionFilter     : Adding Version to Request POST /api/admin/standardized-competencies
    23:43:11.423 | 122 Pool-1-worker-37 | WARN  | o.z.p.spring.common.AdviceTraits     : Bad Request: Validation failed for argument [0] in public org.springframework.http.ResponseEntity<de.tum.cit.aet.artemis.atlas.dto.standardizedCompetency.StandardizedCompetencyResultDTO> de.tum.cit.aet.artemis.atlas.web.admin.AdminStandardizedCompetencyResource.createStandardizedCompetency(de.tum.cit.aet.artemis.atlas.dto.standardizedCompetency.StandardizedCompetencyRequestDTO) throws java.net.URISyntaxException: [Field error in object 'standardizedCompetencyRequestDTO' on field 'title': rejected value [null]; codes [NotNull.standardizedCompetencyRequestDTO.title,NotNull.title,NotNull.java.lang.String,NotNull]; arguments [org.springframework.context.support.DefaultMessageSourceResolvable: codes [standardizedCompetencyRequestDTO.title,title]; arguments []; default message [title]]; default message [must not be null]] 

  Starting logs for CreateStandardizedCompetency > [3] competencyDTO=StandardizedCompetencyRequestDTO[title=0000000000000000000000000000000000000000000000000000000000000000000000000000000000000000000000000000000000000000000000000000000000000000000000000000000000000000000000000000000000000000000000000000000000000000000000000000000000000000000000000000000000000000, description=valid description, taxonomy=null, knowledgeAreaId=-1000, sourceId=null]
    23:43:11.478 | 122 Pool-1-worker-37 | DEBUG | d.t.c.a.a.c.u.util.UserUtilService   : Generate 1 students...
    23:43:11.483 | 122 Pool-1-worker-37 | DEBUG | d.t.c.a.a.c.u.util.UserUtilService   : 1 students generated. Generate 1 tutors...
    23:43:11.486 | 122 Pool-1-worker-37 | DEBUG | d.t.c.a.a.c.u.util.UserUtilService   : 1 tutors generated. Generate 1 editors...
    23:43:11.489 | 122 Pool-1-worker-37 | DEBUG | d.t.c.a.a.c.u.util.UserUtilService   : 1 editors generated. Generate 1 instructors...
    23:43:11.491 | 122 Pool-1-worker-37 | DEBUG | d.t.c.a.a.c.u.util.UserUtilService   : 1 instructors generated
    23:43:11.493 | 122 Pool-1-worker-37 | DEBUG | d.t.c.a.a.c.u.util.UserUtilService   : Removing 4 users from all courses...
    23:43:11.494 | 122 Pool-1-worker-37 | DEBUG | d.t.c.a.a.c.u.util.UserUtilService   : Removing 4 users from all courses. Done
    23:43:11.494 | 122 Pool-1-worker-37 | DEBUG | d.t.c.a.a.c.u.util.UserUtilService   : Save 4 users to database...
    23:43:11.499 | 122 Pool-1-worker-37 | DEBUG | d.t.c.a.a.c.u.util.UserUtilService   : Save 4 users to database. Done
    23:43:11.500 | 122 Pool-1-worker-37 | INFO  | i.z.t.d.l.EmbeddedDatabaseReporter   : JDBC URL to connect to 'dataSource': url='jdbc:h2:tcp://localhost:41063/mem:df70fc46-7e57-4cb5-9cd0-c1d90c14afa7;USER=sa', scope='CreateStandardizedCompetency#shouldReturnBadRequest'
    23:43:11.501 | 122 Pool-1-worker-37 | DEBUG | d.t.c.a.a.c.s.f.ApiVersionFilter     : Adding Version to Request POST /api/admin/standardized-competencies
    23:43:11.502 | 122 Pool-1-worker-37 | WARN  | o.z.p.spring.common.AdviceTraits     : Bad Request: Validation failed for argument [0] in public org.springframework.http.ResponseEntity<de.tum.cit.aet.artemis.atlas.dto.standardizedCompetency.StandardizedCompetencyResultDTO> de.tum.cit.aet.artemis.atlas.web.admin.AdminStandardizedCompetencyResource.createStandardizedCompetency(de.tum.cit.aet.artemis.atlas.dto.standardizedCompetency.StandardizedCompetencyRequestDTO) throws java.net.URISyntaxException: [Field error in object 'standardizedCompetencyRequestDTO' on field 'title': rejected value [0000000000000000000000000000000000000000000000000000000000000000000000000000000000000000000000000000000000000000000000000000000000000000000000000000000000000000000000000000000000000000000000000000000000000000000000000000000000000000000000000000000000000000]; codes [Size.standardizedCompetencyRequestDTO.title,Size.title,Size.java.lang.String,Size]; arguments [org.springframework.context.support.DefaultMessageSourceResolvable: codes [standardizedCompetencyRequestDTO.title,title]; arguments []; default message [title],255,1]; default message [size must be between 1 and 255]] 

  Starting logs for CreateStandardizedCompetency > [4] competencyDTO=StandardizedCompetencyRequestDTO[title=valid title, description=000000000000000000000000000000000000000000000000000000000000000000000000000000000000000000000000000000000000000000000000000000000000000000000000000000000000000000000000000000000000000000000000000000000000000000000000000000000000000000000000000000000000000000000000000000000000000000000000000000000000000000000000000000000000000000000000000000000000000000000000000000000000000000000000000000000000000000000000000000000000000000000000000000000000000â€¦
    23:43:11.526 | 122 Pool-1-worker-37 | DEBUG | d.t.c.a.a.c.u.util.UserUtilService   : Generate 1 students...
    23:43:11.533 | 122 Pool-1-worker-37 | DEBUG | d.t.c.a.a.c.u.util.UserUtilService   : 1 students generated. Generate 1 tutors...
    23:43:11.536 | 122 Pool-1-worker-37 | DEBUG | d.t.c.a.a.c.u.util.UserUtilService   : 1 tutors generated. Generate 1 editors...
    23:43:11.539 | 122 Pool-1-worker-37 | DEBUG | d.t.c.a.a.c.u.util.UserUtilService   : 1 editors generated. Generate 1 instructors...
    23:43:11.543 | 122 Pool-1-worker-37 | DEBUG | d.t.c.a.a.c.u.util.UserUtilService   : 1 instructors generated
    23:43:11.544 | 122 Pool-1-worker-37 | DEBUG | d.t.c.a.a.c.u.util.UserUtilService   : Removing 4 users from all courses...
    23:43:11.545 | 122 Pool-1-worker-37 | DEBUG | d.t.c.a.a.c.u.util.UserUtilService   : Removing 4 users from all courses. Done
    23:43:11.545 | 122 Pool-1-worker-37 | DEBUG | d.t.c.a.a.c.u.util.UserUtilService   : Save 4 users to database...
    23:43:11.555 | 122 Pool-1-worker-37 | DEBUG | d.t.c.a.a.c.u.util.UserUtilService   : Save 4 users to database. Done
    23:43:11.558 | 122 Pool-1-worker-37 | INFO  | i.z.t.d.l.EmbeddedDatabaseReporter   : JDBC URL to connect to 'dataSource': url='jdbc:h2:tcp://localhost:41063/mem:df70fc46-7e57-4cb5-9cd0-c1d90c14afa7;USER=sa', scope='CreateStandardizedCompetency#shouldReturnBadRequest'
    23:43:11.559 | 122 Pool-1-worker-37 | DEBUG | d.t.c.a.a.c.s.f.ApiVersionFilter     : Adding Version to Request POST /api/admin/standardized-competencies
    23:43:11.564 | 122 Pool-1-worker-37 | WARN  | o.z.p.spring.common.AdviceTraits     : Bad Request: Validation failed for argument [0] in public org.springframework.http.ResponseEntity<de.tum.cit.aet.artemis.atlas.dto.standardizedCompetency.StandardizedCompetencyResultDTO> de.tum.cit.aet.artemis.atlas.web.admin.AdminStandardizedCompetencyResource.createStandardizedCompetency(de.tum.cit.aet.artemis.atlas.dto.standardizedCompetency.StandardizedCompetencyRequestDTO) throws java.net.URISyntaxException: [Field error in object 'standardizedCompetencyRequestDTO' on field 'description': rejected value [000000000000000000000000000000000000000000000000000000000000000000000000000000000000000000000000000000000000000000000000000000000000000000000000000000000000000000000000000000000000000000000000000000000000000000000000000000000000000000000000000000000000000000000000000000000000000000000000000000000000000000000000000000000000000000000000000000000000000000000000000000000000000000000000000000000000000000000000000000000000000000000000000000000000000000000000000000000000000000000000000000000000000000000000000000000000000000000000000000000000000000000000000000000000000000000000000000000000000000000000000000000000000000000000000000000000000000000000000000000000000000000000000000000000000000000000000000000000000000000000000000000000000000000000000000000000000000000000000000000000000000000000000000000000000000000000000000000000000000000000000000000000000000000000000000000000000000000000000000000000000000000000000000000000000000000000000000000000000000000000000000000000000000000000000000000000000000000000000000000000000000000000000000000000000000000000000000000000000000000000000000000000000000000000000000000000000000000000000000000000000000000000000000000000000000000000000000000000000000000000000000000000000000000000000000000000000000000000000000000000000000000000000000000000000000000000000000000000000000000000000000000000000000000000000000000000000000000000000000000000000000000000000000000000000000000000000000000000000000000000000000000000000000000000000000000000000000000000000000000000000000000000000000000000000000000000000000000000000000000000000000000000000000000000000000000000000000000000000000000000000000000000000000000000000000000000000000000000000000000000000000000000000000000000000000000000000000000000000000000000000000000000000000000000000000000000000000000000000000000000000000000000000000000000000000000000000000000000000000000000000000000000000000000000000000000000000000000000000000000000000000000000000000000000000000000000000000000000000000000000000000000000000000000]; codes [Size.standardizedCompetencyRequestDTO.description,Size.description,Size.java.lang.String,Size]; arguments [org.springframework.context.support.DefaultMessageSourceResolvable: codes [standardizedCompetencyRequestDTO.description,description]; arguments []; default message [description],2000,0]; default message [size must be between 0 and 2000]] 

  Starting logs for CreateStandardizedCompetency > [5] competencyDTO=StandardizedCompetencyRequestDTO[title=valid title, description=valid description, taxonomy=null, knowledgeAreaId=null, sourceId=null]
    23:43:11.591 | 122 Pool-1-worker-37 | DEBUG | d.t.c.a.a.c.u.util.UserUtilService   : Generate 1 students...
    23:43:11.594 | 122 Pool-1-worker-37 | DEBUG | d.t.c.a.a.c.u.util.UserUtilService   : 1 students generated. Generate 1 tutors...
    23:43:11.597 | 122 Pool-1-worker-37 | DEBUG | d.t.c.a.a.c.u.util.UserUtilService   : 1 tutors generated. Generate 1 editors...
    23:43:11.600 | 122 Pool-1-worker-37 | DEBUG | d.t.c.a.a.c.u.util.UserUtilService   : 1 editors generated. Generate 1 instructors...
    23:43:11.602 | 122 Pool-1-worker-37 | DEBUG | d.t.c.a.a.c.u.util.UserUtilService   : 1 instructors generated
    23:43:11.604 | 122 Pool-1-worker-37 | DEBUG | d.t.c.a.a.c.u.util.UserUtilService   : Removing 4 users from all courses...
    23:43:11.604 | 122 Pool-1-worker-37 | DEBUG | d.t.c.a.a.c.u.util.UserUtilService   : Removing 4 users from all courses. Done
    23:43:11.605 | 122 Pool-1-worker-37 | DEBUG | d.t.c.a.a.c.u.util.UserUtilService   : Save 4 users to database...
    23:43:11.608 | 122 Pool-1-worker-37 | DEBUG | d.t.c.a.a.c.u.util.UserUtilService   : Save 4 users to database. Done
    23:43:11.609 | 122 Pool-1-worker-37 | INFO  | i.z.t.d.l.EmbeddedDatabaseReporter   : JDBC URL to connect to 'dataSource': url='jdbc:h2:tcp://localhost:41063/mem:df70fc46-7e57-4cb5-9cd0-c1d90c14afa7;USER=sa', scope='CreateStandardizedCompetency#shouldReturnBadRequest'
    23:43:11.610 | 122 Pool-1-worker-37 | DEBUG | d.t.c.a.a.c.s.f.ApiVersionFilter     : Adding Version to Request POST /api/admin/standardized-competencies
    23:43:11.612 | 122 Pool-1-worker-37 | WARN  | o.z.p.spring.common.AdviceTraits     : Bad Request: Validation failed for argument [0] in public org.springframework.http.ResponseEntity<de.tum.cit.aet.artemis.atlas.dto.standardizedCompetency.StandardizedCompetencyResultDTO> de.tum.cit.aet.artemis.atlas.web.admin.AdminStandardizedCompetencyResource.createStandardizedCompetency(de.tum.cit.aet.artemis.atlas.dto.standardizedCompetency.StandardizedCompetencyRequestDTO) throws java.net.URISyntaxException: [Field error in object 'standardizedCompetencyRequestDTO' on field 'knowledgeAreaId': rejected value [null]; codes [NotNull.standardizedCompetencyRequestDTO.knowledgeAreaId,NotNull.knowledgeAreaId,NotNull.java.lang.Long,NotNull]; arguments [org.springframework.context.support.DefaultMessageSourceResolvable: codes [standardizedCompetencyRequestDTO.knowledgeAreaId,knowledgeAreaId]; arguments []; default message [knowledgeAreaId]]; default message [must not be null]] 

  Starting logs for CreateStandardizedCompetency > shouldCreateCompetency()
    23:43:11.627 | 122 Pool-1-worker-37 | DEBUG | d.t.c.a.a.c.u.util.UserUtilService   : Generate 1 students...
    23:43:11.630 | 122 Pool-1-worker-37 | DEBUG | d.t.c.a.a.c.u.util.UserUtilService   : 1 students generated. Generate 1 tutors...
    23:43:11.633 | 122 Pool-1-worker-37 | DEBUG | d.t.c.a.a.c.u.util.UserUtilService   : 1 tutors generated. Generate 1 editors...
    23:43:11.635 | 122 Pool-1-worker-37 | DEBUG | d.t.c.a.a.c.u.util.UserUtilService   : 1 editors generated. Generate 1 instructors...
    23:43:11.638 | 122 Pool-1-worker-37 | DEBUG | d.t.c.a.a.c.u.util.UserUtilService   : 1 instructors generated
    23:43:11.639 | 122 Pool-1-worker-37 | DEBUG | d.t.c.a.a.c.u.util.UserUtilService   : Removing 4 users from all courses...
    23:43:11.640 | 122 Pool-1-worker-37 | DEBUG | d.t.c.a.a.c.u.util.UserUtilService   : Removing 4 users from all courses. Done
    23:43:11.640 | 122 Pool-1-worker-37 | DEBUG | d.t.c.a.a.c.u.util.UserUtilService   : Save 4 users to database...
    23:43:11.644 | 122 Pool-1-worker-37 | DEBUG | d.t.c.a.a.c.u.util.UserUtilService   : Save 4 users to database. Done
    23:43:11.645 | 122 Pool-1-worker-37 | INFO  | i.z.t.d.l.EmbeddedDatabaseReporter   : JDBC URL to connect to 'dataSource': url='jdbc:h2:tcp://localhost:41063/mem:df70fc46-7e57-4cb5-9cd0-c1d90c14afa7;USER=sa', scope='CreateStandardizedCompetency#shouldCreateCompetency'
    23:43:11.646 | 122 Pool-1-worker-37 | DEBUG | d.t.c.a.a.c.s.f.ApiVersionFilter     : Adding Version to Request POST /api/admin/standardized-competencies
    23:43:11.647 | 122 Pool-1-worker-37 | DEBUG | .AdminStandardizedCompetencyResource : REST request to create standardized competency : StandardizedCompetencyRequestDTO[title=Competency, description=description, taxonomy=ANALYZE, knowledgeAreaId=18, sourceId=15]

Finished logs for CreateStandardizedCompetency
]]></system-out>
  <system-err><![CDATA[]]></system-err>
</testsuite>
