<?xml version="1.0" encoding="UTF-8"?>
<testsuite name="de.tum.cit.aet.artemis.fileupload.architecture.FileUploadServiceArchitectureTest" tests="5" skipped="0" failures="0" errors="0" timestamp="2025-02-14T23:39:57" hostname="fv-az1721-502" time="0.062">
  <properties/>
  <testcase name="testCorrectAsyncCalls()" classname="de.tum.cit.aet.artemis.fileupload.architecture.FileUploadServiceArchitectureTest" time="0.012"/>
  <testcase name="shouldBeNamedService()" classname="de.tum.cit.aet.artemis.fileupload.architecture.FileUploadServiceArchitectureTest" time="0.002"/>
  <testcase name="testCorrectServiceAnnotation()" classname="de.tum.cit.aet.artemis.fileupload.architecture.FileUploadServiceArchitectureTest" time="0.018"/>
  <testcase name="shouldBeInServicePackage()" classname="de.tum.cit.aet.artemis.fileupload.architecture.FileUploadServiceArchitectureTest" time="0.006"/>
  <testcase name="testNoWrongServiceImports()" classname="de.tum.cit.aet.artemis.fileupload.architecture.FileUploadServiceArchitectureTest" time="0.022"/>
  <system-out><![CDATA[
Starting logs for FileUploadServiceArchitectureTest

  Starting logs for FileUploadServiceArchitectureTest > testCorrectAsyncCalls()

  Starting logs for FileUploadServiceArchitectureTest > shouldBeNamedService()

  Starting logs for FileUploadServiceArchitectureTest > testCorrectServiceAnnotation()

  Starting logs for FileUploadServiceArchitectureTest > shouldBeInServicePackage()

  Starting logs for FileUploadServiceArchitectureTest > testNoWrongServiceImports()

Finished logs for FileUploadServiceArchitectureTest
]]></system-out>
  <system-err><![CDATA[]]></system-err>
</testsuite>
