<?xml version="1.0" encoding="UTF-8"?>
<testsuite name="de.tum.cit.aet.artemis.modeling.architecture.ModelingCodeStyleArchitectureTest" tests="1" skipped="0" failures="0" errors="0" timestamp="2025-02-14T23:40:01" hostname="fv-az1721-502" time="0.012">
  <properties/>
  <testcase name="testDTOImplementations()" classname="de.tum.cit.aet.artemis.modeling.architecture.ModelingCodeStyleArchitectureTest" time="0.012"/>
  <system-out><![CDATA[
Starting logs for ModelingCodeStyleArchitectureTest

  Starting logs for ModelingCodeStyleArchitectureTest > testDTOImplementations()
    23:40:01.818 |  27 nPool-1-worker-1 | INFO  | .a.s.a.m.AbstractModuleCodeStyleTest : Current number of DTO classes: 0
    23:40:01.818 |  27 nPool-1-worker-1 | INFO  | .a.s.a.m.AbstractModuleCodeStyleTest : Current DTO classes: []
    23:40:01.824 |  27 nPool-1-worker-1 | INFO  | .a.s.a.m.AbstractModuleCodeStyleTest : Current number of DTOs that do not end with "DTO": 0
    23:40:01.824 |  27 nPool-1-worker-1 | INFO  | .a.s.a.m.AbstractModuleCodeStyleTest : Current DTOs that do not end with "DTO": []

Finished logs for ModelingCodeStyleArchitectureTest
]]></system-out>
  <system-err><![CDATA[]]></system-err>
</testsuite>
