<?xml version="1.0" encoding="UTF-8"?>
<testsuite name="de.tum.cit.aet.artemis.modeling.compass.umlmodel.communication.UMLCommunicationDiagramTest" tests="6" skipped="0" failures="0" errors="0" timestamp="2025-02-14T23:40:04" hostname="fv-az1721-502" time="0.06">
  <properties/>
  <testcase name="similarityCommunicationDiagram_v3_EqualModels()" classname="de.tum.cit.aet.artemis.modeling.compass.umlmodel.communication.UMLCommunicationDiagramTest" time="0.026"/>
  <testcase name="parseCommunicationDiagramModelCorrectly_v3()" classname="de.tum.cit.aet.artemis.modeling.compass.umlmodel.communication.UMLCommunicationDiagramTest" time="0.002"/>
  <testcase name="similarityCommunicationDiagram_v3_DifferentModels()" classname="de.tum.cit.aet.artemis.modeling.compass.umlmodel.communication.UMLCommunicationDiagramTest" time="0.003"/>
  <testcase name="parseCommunicationDiagramModelCorrectly()" classname="de.tum.cit.aet.artemis.modeling.compass.umlmodel.communication.UMLCommunicationDiagramTest" time="0.002"/>
  <testcase name="similarityCommunicationDiagram_EqualModels()" classname="de.tum.cit.aet.artemis.modeling.compass.umlmodel.communication.UMLCommunicationDiagramTest" time="0.016"/>
  <testcase name="similarityCommunicationDiagram_DifferentModels()" classname="de.tum.cit.aet.artemis.modeling.compass.umlmodel.communication.UMLCommunicationDiagramTest" time="0.01"/>
  <system-out><![CDATA[
Starting logs for UMLCommunicationDiagramTest

  Starting logs for UMLCommunicationDiagramTest > similarityCommunicationDiagram_v3_EqualModels()
    23:40:04.579 |  27 nPool-1-worker-1 | DEBUG | s.ModelingPlagiarismDetectionService : Build UML diagram from json
    23:40:04.592 |  27 nPool-1-worker-1 | DEBUG | s.ModelingPlagiarismDetectionService : Build UML diagram from json
    23:40:04.596 |  27 nPool-1-worker-1 | INFO  | s.ModelingPlagiarismDetectionService : Found 2 modeling submissions with at least 1 elements to compare
    23:40:04.598 |  27 nPool-1-worker-1 | DEBUG | s.ModelingPlagiarismDetectionService : Compare result 0 with 1: 1.0
    23:40:04.598 |  27 nPool-1-worker-1 | INFO  | s.ModelingPlagiarismDetectionService : Found similar models 0 with 1: 1.0
    23:40:04.598 |  27 nPool-1-worker-1 | INFO  | s.ModelingPlagiarismDetectionService : Found 1 similar modeling submission combinations (>0.8)
    23:40:04.598 |  27 nPool-1-worker-1 | DEBUG | s.ModelingPlagiarismDetectionService : Build UML diagram from json
    23:40:04.600 |  27 nPool-1-worker-1 | DEBUG | s.ModelingPlagiarismDetectionService : Build UML diagram from json
    23:40:04.601 |  27 nPool-1-worker-1 | INFO  | s.ModelingPlagiarismDetectionService : Found 2 modeling submissions with at least 1 elements to compare
    23:40:04.601 |  27 nPool-1-worker-1 | DEBUG | s.ModelingPlagiarismDetectionService : Compare result 0 with 1: 0.9999999999999999
    23:40:04.601 |  27 nPool-1-worker-1 | INFO  | s.ModelingPlagiarismDetectionService : Found similar models 0 with 1: 0.9999999999999999
    23:40:04.602 |  27 nPool-1-worker-1 | INFO  | s.ModelingPlagiarismDetectionService : Found 1 similar modeling submission combinations (>0.8)

  Starting logs for UMLCommunicationDiagramTest > parseCommunicationDiagramModelCorrectly_v3()

  Starting logs for UMLCommunicationDiagramTest > similarityCommunicationDiagram_v3_DifferentModels()
    23:40:04.605 |  27 nPool-1-worker-1 | DEBUG | s.ModelingPlagiarismDetectionService : Build UML diagram from json
    23:40:04.606 |  27 nPool-1-worker-1 | DEBUG | s.ModelingPlagiarismDetectionService : Build UML diagram from json
    23:40:04.607 |  27 nPool-1-worker-1 | INFO  | s.ModelingPlagiarismDetectionService : Found 2 modeling submissions with at least 1 elements to compare
    23:40:04.608 |  27 nPool-1-worker-1 | DEBUG | s.ModelingPlagiarismDetectionService : Compare result 0 with 1: 0.22535000000000002
    23:40:04.608 |  27 nPool-1-worker-1 | INFO  | s.ModelingPlagiarismDetectionService : Found similar models 0 with 1: 0.22535000000000002
    23:40:04.608 |  27 nPool-1-worker-1 | INFO  | s.ModelingPlagiarismDetectionService : Found 1 similar modeling submission combinations (>0.0)

  Starting logs for UMLCommunicationDiagramTest > parseCommunicationDiagramModelCorrectly()

  Starting logs for UMLCommunicationDiagramTest > similarityCommunicationDiagram_EqualModels()
    23:40:04.611 |  27 nPool-1-worker-1 | DEBUG | s.ModelingPlagiarismDetectionService : Build UML diagram from json
    23:40:04.611 |  27 nPool-1-worker-1 | DEBUG | s.ModelingPlagiarismDetectionService : Build UML diagram from json
    23:40:04.612 |  27 nPool-1-worker-1 | INFO  | s.ModelingPlagiarismDetectionService : Found 2 modeling submissions with at least 1 elements to compare
    23:40:04.620 |  27 nPool-1-worker-1 | DEBUG | s.ModelingPlagiarismDetectionService : Compare result 0 with 1: 1.0
    23:40:04.620 |  27 nPool-1-worker-1 | INFO  | s.ModelingPlagiarismDetectionService : Found similar models 0 with 1: 1.0
    23:40:04.620 |  27 nPool-1-worker-1 | INFO  | s.ModelingPlagiarismDetectionService : Found 1 similar modeling submission combinations (>0.8)
    23:40:04.620 |  27 nPool-1-worker-1 | DEBUG | s.ModelingPlagiarismDetectionService : Build UML diagram from json
    23:40:04.621 |  27 nPool-1-worker-1 | DEBUG | s.ModelingPlagiarismDetectionService : Build UML diagram from json
    23:40:04.622 |  27 nPool-1-worker-1 | INFO  | s.ModelingPlagiarismDetectionService : Found 2 modeling submissions with at least 1 elements to compare
    23:40:04.622 |  27 nPool-1-worker-1 | DEBUG | s.ModelingPlagiarismDetectionService : Compare result 0 with 1: 0.9999999999999999
    23:40:04.622 |  27 nPool-1-worker-1 | INFO  | s.ModelingPlagiarismDetectionService : Found similar models 0 with 1: 0.9999999999999999
    23:40:04.623 |  27 nPool-1-worker-1 | INFO  | s.ModelingPlagiarismDetectionService : Found 1 similar modeling submission combinations (>0.8)

  Starting logs for UMLCommunicationDiagramTest > similarityCommunicationDiagram_DifferentModels()
    23:40:04.627 |  27 nPool-1-worker-1 | DEBUG | s.ModelingPlagiarismDetectionService : Build UML diagram from json
    23:40:04.630 |  27 nPool-1-worker-1 | DEBUG | s.ModelingPlagiarismDetectionService : Build UML diagram from json
    23:40:04.631 |  27 nPool-1-worker-1 | INFO  | s.ModelingPlagiarismDetectionService : Found 2 modeling submissions with at least 1 elements to compare
    23:40:04.633 |  27 nPool-1-worker-1 | DEBUG | s.ModelingPlagiarismDetectionService : Compare result 0 with 1: 0.22413750000000002
    23:40:04.633 |  27 nPool-1-worker-1 | INFO  | s.ModelingPlagiarismDetectionService : Found similar models 0 with 1: 0.22413750000000002
    23:40:04.636 |  27 nPool-1-worker-1 | INFO  | s.ModelingPlagiarismDetectionService : Found 1 similar modeling submission combinations (>0.0)

Finished logs for UMLCommunicationDiagramTest
]]></system-out>
  <system-err><![CDATA[]]></system-err>
</testsuite>
