<?xml version="1.0" encoding="UTF-8"?>
<testsuite name="de.tum.cit.aet.artemis.exam.service.ExamAccessServiceTest" tests="27" skipped="0" failures="0" errors="0" timestamp="2025-02-14T23:45:44" hostname="fv-az1721-502" time="2.594">
  <properties/>
  <testcase name="testCheckCourseAndExamAndStudentExamAccess_notFound()" classname="de.tum.cit.aet.artemis.exam.service.ExamAccessServiceTest" time="0.056"/>
  <testcase name="testCheckCourseAccess_asTutorWithCourseAccess()" classname="de.tum.cit.aet.artemis.exam.service.ExamAccessServiceTest" time="0.069"/>
  <testcase name="testCheckCourseAccess_asInstructorWithoutCourseAccess()" classname="de.tum.cit.aet.artemis.exam.service.ExamAccessServiceTest" time="0.067"/>
  <testcase name="testCheckAndGetCourseAndExamAccessForConduction_isStudentInCourse()" classname="de.tum.cit.aet.artemis.exam.service.ExamAccessServiceTest" time="0.068"/>
  <testcase name="testCheckAndGetCourseAndExamAccessForConduction_registeredUser_studentExamPresent()" classname="de.tum.cit.aet.artemis.exam.service.ExamAccessServiceTest" time="0.063"/>
  <testcase name="testCheckCourseAndExamAccess()" classname="de.tum.cit.aet.artemis.exam.service.ExamAccessServiceTest" time="0.063"/>
  <testcase name="testCheckAndGetCourseAndExamAccessForConduction_registeredUser_noStudentExamPresent_examHasEnded()" classname="de.tum.cit.aet.artemis.exam.service.ExamAccessServiceTest" time="0.142"/>
  <testcase name="testCheckCourseAccess_asInstructorWithCourseAccess()" classname="de.tum.cit.aet.artemis.exam.service.ExamAccessServiceTest" time="0.076"/>
  <testcase name="testCheckCourseAndExamAndExerciseGroupAccess()" classname="de.tum.cit.aet.artemis.exam.service.ExamAccessServiceTest" time="0.071"/>
  <testcase name="testGetExamInCourseElseThrow_success_studentOrCreateStudentExamPresent()" classname="de.tum.cit.aet.artemis.exam.service.ExamAccessServiceTest" time="0.075"/>
  <testcase name="testCheckCourseAndExamAccess_conflict()" classname="de.tum.cit.aet.artemis.exam.service.ExamAccessServiceTest" time="0.087"/>
  <testcase name="testCheckAndGetCourseAndExamAccessForConduction_registeredUser_noStudentExamPresent_examCanBeStarted()" classname="de.tum.cit.aet.artemis.exam.service.ExamAccessServiceTest" time="0.086"/>
  <testcase name="testCheckCourseAndExamAndExerciseGroupAccess_badRequest()" classname="de.tum.cit.aet.artemis.exam.service.ExamAccessServiceTest" time="0.074"/>
  <testcase name="testCheckAndGetCourseAndExamAccessForConduction_examIsVisible()" classname="de.tum.cit.aet.artemis.exam.service.ExamAccessServiceTest" time="0.077"/>
  <testcase name="testCheckCourseAndExamAndStudentExamAccess_conflict()" classname="de.tum.cit.aet.artemis.exam.service.ExamAccessServiceTest" time="0.091"/>
  <testcase name="testCheckAndGetCourseAndExamAccessForConduction_examBelongsToCourse()" classname="de.tum.cit.aet.artemis.exam.service.ExamAccessServiceTest" time="0.107"/>
  <testcase name="testCheckAndGetCourseAndExamAccessForConduction_notRegisteredUser()" classname="de.tum.cit.aet.artemis.exam.service.ExamAccessServiceTest" time="0.086"/>
  <testcase name="testGetOrCreateStudentExamElseThrow_notVisible()" classname="de.tum.cit.aet.artemis.exam.service.ExamAccessServiceTest" time="0.09"/>
  <testcase name="testCheckAndGetCourseAndExamAccessForConduction_registeredUser_noStudentExamPresent_examCannotBeStarted()" classname="de.tum.cit.aet.artemis.exam.service.ExamAccessServiceTest" time="0.173"/>
  <testcase name="testCheckCourseAccess_asTutor()" classname="de.tum.cit.aet.artemis.exam.service.ExamAccessServiceTest" time="0.122"/>
  <testcase name="testGetOrCreateStudentExamAccess()" classname="de.tum.cit.aet.artemis.exam.service.ExamAccessServiceTest" time="0.095"/>
  <testcase name="testGetOrCreateStudentExamElseThrow_tutor_skipAlert()" classname="de.tum.cit.aet.artemis.exam.service.ExamAccessServiceTest" time="0.145"/>
  <testcase name="testCheckCourseAccess_asStudent()" classname="de.tum.cit.aet.artemis.exam.service.ExamAccessServiceTest" time="0.139"/>
  <testcase name="testCheckCourseAndExamAndStudentExamAccess()" classname="de.tum.cit.aet.artemis.exam.service.ExamAccessServiceTest" time="0.084"/>
  <testcase name="testCheckCourseAndExamAccess_notFound()" classname="de.tum.cit.aet.artemis.exam.service.ExamAccessServiceTest" time="0.112"/>
  <testcase name="testCheckAndGetCourseAndExamAccessForConduction_examExists()" classname="de.tum.cit.aet.artemis.exam.service.ExamAccessServiceTest" time="0.082"/>
  <testcase name="testCheckCourseAccess_asEditor()" classname="de.tum.cit.aet.artemis.exam.service.ExamAccessServiceTest" time="0.15"/>
  <system-out><![CDATA[
Starting logs for ExamAccessServiceTest

  Starting logs for ExamAccessServiceTest > testCheckCourseAndExamAndStudentExamAccess_notFound()
    23:45:44.550 | 372 ool-1-worker-136 | DEBUG | d.t.c.a.a.c.u.util.UserUtilService   : Generate 2 students...
    23:45:44.553 | 372 ool-1-worker-136 | DEBUG | d.t.c.a.a.c.u.util.UserUtilService   : 2 students generated. Generate 1 tutors...
    23:45:44.555 | 372 ool-1-worker-136 | DEBUG | d.t.c.a.a.c.u.util.UserUtilService   : 1 tutors generated. Generate 1 editors...
    23:45:44.557 | 372 ool-1-worker-136 | DEBUG | d.t.c.a.a.c.u.util.UserUtilService   : 1 editors generated. Generate 2 instructors...
    23:45:44.559 | 372 ool-1-worker-136 | DEBUG | d.t.c.a.a.c.u.util.UserUtilService   : 2 instructors generated
    23:45:44.561 | 372 ool-1-worker-136 | DEBUG | d.t.c.a.a.c.u.util.UserUtilService   : Removing 3 users from all courses...
    23:45:44.562 | 372 ool-1-worker-136 | DEBUG | d.t.c.a.a.c.u.util.UserUtilService   : Removing 3 users from all courses. Done
    23:45:44.562 | 372 ool-1-worker-136 | DEBUG | d.t.c.a.a.c.u.util.UserUtilService   : Save 6 users to database...
    23:45:44.564 | 372 ool-1-worker-136 | DEBUG | d.t.c.a.a.c.u.util.UserUtilService   : Save 6 users to database. Done
    23:45:44.591 | 372 ool-1-worker-136 | INFO  | i.z.t.d.l.EmbeddedDatabaseReporter   : JDBC URL to connect to 'dataSource': url='jdbc:h2:tcp://localhost:41063/mem:df70fc46-7e57-4cb5-9cd0-c1d90c14afa7;USER=sa', scope='ExamAccessServiceTest#testCheckCourseAndExamAndStudentExamAccess_notFound'

  Starting logs for ExamAccessServiceTest > testCheckCourseAccess_asTutorWithCourseAccess()
    23:45:44.605 | 372 ool-1-worker-136 | DEBUG | d.t.c.a.a.c.u.util.UserUtilService   : Generate 2 students...
    23:45:44.609 | 372 ool-1-worker-136 | DEBUG | d.t.c.a.a.c.u.util.UserUtilService   : 2 students generated. Generate 1 tutors...
    23:45:44.612 | 372 ool-1-worker-136 | DEBUG | d.t.c.a.a.c.u.util.UserUtilService   : 1 tutors generated. Generate 1 editors...
    23:45:44.615 | 372 ool-1-worker-136 | DEBUG | d.t.c.a.a.c.u.util.UserUtilService   : 1 editors generated. Generate 2 instructors...
    23:45:44.619 | 372 ool-1-worker-136 | DEBUG | d.t.c.a.a.c.u.util.UserUtilService   : 2 instructors generated
    23:45:44.620 | 372 ool-1-worker-136 | DEBUG | d.t.c.a.a.c.u.util.UserUtilService   : Removing 6 users from all courses...
    23:45:44.622 | 372 ool-1-worker-136 | DEBUG | d.t.c.a.a.c.u.util.UserUtilService   : Removing 6 users from all courses. Done
    23:45:44.622 | 372 ool-1-worker-136 | DEBUG | d.t.c.a.a.c.u.util.UserUtilService   : Save 6 users to database...
    23:45:44.634 | 372 ool-1-worker-136 | DEBUG | d.t.c.a.a.c.u.util.UserUtilService   : Save 6 users to database. Done
    23:45:44.660 | 372 ool-1-worker-136 | INFO  | i.z.t.d.l.EmbeddedDatabaseReporter   : JDBC URL to connect to 'dataSource': url='jdbc:h2:tcp://localhost:41063/mem:df70fc46-7e57-4cb5-9cd0-c1d90c14afa7;USER=sa', scope='ExamAccessServiceTest#testCheckCourseAccess_asTutorWithCourseAccess'

  Starting logs for ExamAccessServiceTest > testCheckCourseAccess_asInstructorWithoutCourseAccess()
    23:45:44.677 | 372 ool-1-worker-136 | DEBUG | d.t.c.a.a.c.u.util.UserUtilService   : Generate 2 students...
    23:45:44.681 | 372 ool-1-worker-136 | DEBUG | d.t.c.a.a.c.u.util.UserUtilService   : 2 students generated. Generate 1 tutors...
    23:45:44.683 | 372 ool-1-worker-136 | DEBUG | d.t.c.a.a.c.u.util.UserUtilService   : 1 tutors generated. Generate 1 editors...
    23:45:44.685 | 372 ool-1-worker-136 | DEBUG | d.t.c.a.a.c.u.util.UserUtilService   : 1 editors generated. Generate 2 instructors...
    23:45:44.689 | 372 ool-1-worker-136 | DEBUG | d.t.c.a.a.c.u.util.UserUtilService   : 2 instructors generated
    23:45:44.690 | 372 ool-1-worker-136 | DEBUG | d.t.c.a.a.c.u.util.UserUtilService   : Removing 6 users from all courses...
    23:45:44.691 | 372 ool-1-worker-136 | DEBUG | d.t.c.a.a.c.u.util.UserUtilService   : Removing 6 users from all courses. Done
    23:45:44.691 | 372 ool-1-worker-136 | DEBUG | d.t.c.a.a.c.u.util.UserUtilService   : Save 6 users to database...
    23:45:44.697 | 372 ool-1-worker-136 | DEBUG | d.t.c.a.a.c.u.util.UserUtilService   : Save 6 users to database. Done
    23:45:44.723 | 372 ool-1-worker-136 | INFO  | i.z.t.d.l.EmbeddedDatabaseReporter   : JDBC URL to connect to 'dataSource': url='jdbc:h2:tcp://localhost:41063/mem:df70fc46-7e57-4cb5-9cd0-c1d90c14afa7;USER=sa', scope='ExamAccessServiceTest#testCheckCourseAccess_asInstructorWithoutCourseAccess'

  Starting logs for ExamAccessServiceTest > testCheckAndGetCourseAndExamAccessForConduction_isStudentInCourse()
    23:45:44.744 | 372 ool-1-worker-136 | DEBUG | d.t.c.a.a.c.u.util.UserUtilService   : Generate 2 students...
    23:45:44.748 | 372 ool-1-worker-136 | DEBUG | d.t.c.a.a.c.u.util.UserUtilService   : 2 students generated. Generate 1 tutors...
    23:45:44.751 | 372 ool-1-worker-136 | DEBUG | d.t.c.a.a.c.u.util.UserUtilService   : 1 tutors generated. Generate 1 editors...
    23:45:44.753 | 372 ool-1-worker-136 | DEBUG | d.t.c.a.a.c.u.util.UserUtilService   : 1 editors generated. Generate 2 instructors...
    23:45:44.757 | 372 ool-1-worker-136 | DEBUG | d.t.c.a.a.c.u.util.UserUtilService   : 2 instructors generated
    23:45:44.759 | 372 ool-1-worker-136 | DEBUG | d.t.c.a.a.c.u.util.UserUtilService   : Removing 6 users from all courses...
    23:45:44.760 | 372 ool-1-worker-136 | DEBUG | d.t.c.a.a.c.u.util.UserUtilService   : Removing 6 users from all courses. Done
    23:45:44.760 | 372 ool-1-worker-136 | DEBUG | d.t.c.a.a.c.u.util.UserUtilService   : Save 6 users to database...
    23:45:44.767 | 372 ool-1-worker-136 | DEBUG | d.t.c.a.a.c.u.util.UserUtilService   : Save 6 users to database. Done
    23:45:44.793 | 372 ool-1-worker-136 | INFO  | i.z.t.d.l.EmbeddedDatabaseReporter   : JDBC URL to connect to 'dataSource': url='jdbc:h2:tcp://localhost:41063/mem:df70fc46-7e57-4cb5-9cd0-c1d90c14afa7;USER=sa', scope='ExamAccessServiceTest#testCheckAndGetCourseAndExamAccessForConduction_isStudentInCourse'

  Starting logs for ExamAccessServiceTest > testCheckAndGetCourseAndExamAccessForConduction_registeredUser_studentExamPresent()
    23:45:44.814 | 372 ool-1-worker-136 | DEBUG | d.t.c.a.a.c.u.util.UserUtilService   : Generate 2 students...
    23:45:44.818 | 372 ool-1-worker-136 | DEBUG | d.t.c.a.a.c.u.util.UserUtilService   : 2 students generated. Generate 1 tutors...
    23:45:44.820 | 372 ool-1-worker-136 | DEBUG | d.t.c.a.a.c.u.util.UserUtilService   : 1 tutors generated. Generate 1 editors...
    23:45:44.823 | 372 ool-1-worker-136 | DEBUG | d.t.c.a.a.c.u.util.UserUtilService   : 1 editors generated. Generate 2 instructors...
    23:45:44.827 | 372 ool-1-worker-136 | DEBUG | d.t.c.a.a.c.u.util.UserUtilService   : 2 instructors generated
    23:45:44.828 | 372 ool-1-worker-136 | DEBUG | d.t.c.a.a.c.u.util.UserUtilService   : Removing 6 users from all courses...
    23:45:44.829 | 372 ool-1-worker-136 | DEBUG | d.t.c.a.a.c.u.util.UserUtilService   : Removing 6 users from all courses. Done
    23:45:44.829 | 372 ool-1-worker-136 | DEBUG | d.t.c.a.a.c.u.util.UserUtilService   : Save 6 users to database...
    23:45:44.836 | 372 ool-1-worker-136 | DEBUG | d.t.c.a.a.c.u.util.UserUtilService   : Save 6 users to database. Done
    23:45:44.863 | 372 ool-1-worker-136 | INFO  | i.z.t.d.l.EmbeddedDatabaseReporter   : JDBC URL to connect to 'dataSource': url='jdbc:h2:tcp://localhost:41063/mem:df70fc46-7e57-4cb5-9cd0-c1d90c14afa7;USER=sa', scope='ExamAccessServiceTest#testCheckAndGetCourseAndExamAccessForConduction_registeredUser_studentExamPresent'

  Starting logs for ExamAccessServiceTest > testCheckCourseAndExamAccess()
    23:45:44.878 | 372 ool-1-worker-136 | DEBUG | d.t.c.a.a.c.u.util.UserUtilService   : Generate 2 students...
    23:45:44.881 | 372 ool-1-worker-136 | DEBUG | d.t.c.a.a.c.u.util.UserUtilService   : 2 students generated. Generate 1 tutors...
    23:45:44.884 | 372 ool-1-worker-136 | DEBUG | d.t.c.a.a.c.u.util.UserUtilService   : 1 tutors generated. Generate 1 editors...
    23:45:44.887 | 372 ool-1-worker-136 | DEBUG | d.t.c.a.a.c.u.util.UserUtilService   : 1 editors generated. Generate 2 instructors...
    23:45:44.890 | 372 ool-1-worker-136 | DEBUG | d.t.c.a.a.c.u.util.UserUtilService   : 2 instructors generated
    23:45:44.892 | 372 ool-1-worker-136 | DEBUG | d.t.c.a.a.c.u.util.UserUtilService   : Removing 6 users from all courses...
    23:45:44.893 | 372 ool-1-worker-136 | DEBUG | d.t.c.a.a.c.u.util.UserUtilService   : Removing 6 users from all courses. Done
    23:45:44.893 | 372 ool-1-worker-136 | DEBUG | d.t.c.a.a.c.u.util.UserUtilService   : Save 6 users to database...
    23:45:44.900 | 372 ool-1-worker-136 | DEBUG | d.t.c.a.a.c.u.util.UserUtilService   : Save 6 users to database. Done
    23:45:44.926 | 372 ool-1-worker-136 | INFO  | i.z.t.d.l.EmbeddedDatabaseReporter   : JDBC URL to connect to 'dataSource': url='jdbc:h2:tcp://localhost:41063/mem:df70fc46-7e57-4cb5-9cd0-c1d90c14afa7;USER=sa', scope='ExamAccessServiceTest#testCheckCourseAndExamAccess'

  Starting logs for ExamAccessServiceTest > testCheckAndGetCourseAndExamAccessForConduction_registeredUser_noStudentExamPresent_examHasEnded()
    23:45:44.942 | 372 ool-1-worker-136 | DEBUG | d.t.c.a.a.c.u.util.UserUtilService   : Generate 2 students...
    23:45:44.946 | 372 ool-1-worker-136 | DEBUG | d.t.c.a.a.c.u.util.UserUtilService   : 2 students generated. Generate 1 tutors...
    23:45:44.949 | 372 ool-1-worker-136 | DEBUG | d.t.c.a.a.c.u.util.UserUtilService   : 1 tutors generated. Generate 1 editors...
    23:45:44.951 | 372 ool-1-worker-136 | DEBUG | d.t.c.a.a.c.u.util.UserUtilService   : 1 editors generated. Generate 2 instructors...
    23:45:44.955 | 372 ool-1-worker-136 | DEBUG | d.t.c.a.a.c.u.util.UserUtilService   : 2 instructors generated
    23:45:44.957 | 372 ool-1-worker-136 | DEBUG | d.t.c.a.a.c.u.util.UserUtilService   : Removing 6 users from all courses...
    23:45:44.958 | 372 ool-1-worker-136 | DEBUG | d.t.c.a.a.c.u.util.UserUtilService   : Removing 6 users from all courses. Done
    23:45:44.958 | 372 ool-1-worker-136 | DEBUG | d.t.c.a.a.c.u.util.UserUtilService   : Save 6 users to database...
    23:45:44.969 | 372 ool-1-worker-136 | DEBUG | d.t.c.a.a.c.u.util.UserUtilService   : Save 6 users to database. Done
    23:45:44.982 | 566 localvc.event-13 | DEBUG | a.a.b.s.SharedQueueProcessingService : Build job completed: BuildJobQueueItem[id=20261739576743984, name=SHORT53C73BE505404043100AC2F00C039353CE8FTSTEXC-LOCALVCCIINTSTUDENT1, buildAgent=BuildAgentDTO[name=artemis-build-agent-test, memberAddress=[127.0.0.1]:5703, displayName=artemis-build-agent-test], participationId=2026, courseId=991, exerciseId=2608, retryCount=0, priority=1, status=null, repositoryInfo=RepositoryInfo[repositoryName=short53c73be505404043100ac2f00c039353ce8ftstexc-localvcciintstudent1, repositoryType=user, triggeredByPushTo=user, assignmentRepositoryUri=http://localhost:49152/git/SHORT53C73BE505404043100AC2F00C039353CE8FTSTEXC/short53c73be505404043100ac2f00c039353ce8ftstexc-localvcciintstudent1.git, testRepositoryUri=http://localhost:49152/git/SHORT53C73BE505404043100AC2F00C039353CE8FTSTEXC/short53c73be505404043100ac2f00c039353ce8ftstexc-tests.git, solutionRepositoryUri=null, auxiliaryRepositoryUris=[Ljava.lang.String;@6563dbcc, auxiliaryRepositoryCheckoutDirectories=[Ljava.lang.String;@3c589caf], jobTimingInfo=JobTimingInfo[submissionDate=2025-02-14T23:45:43.984518859Z[Etc/UTC], buildStartDate=2025-02-14T23:45:43.991385682Z[Etc/UTC], buildCompletionDate=null, estimatedCompletionDate=2025-02-14T23:46:02.991380122Z[Etc/UTC], estimatedDuration=19], buildConfig=BuildConfig[buildScript=#!/bin/bash
cd /var/tmp/testing-dir
chmod +x ./gradlew
./gradlew clean test
, dockerImage=dummy-docker-image:latest, commitHashToBuild=3e90ae9fef2e44ffb41451a080bdaa6a44ad6848, assignmentCommitHash=3e90ae9fef2e44ffb41451a080bdaa6a44ad6848, testCommitHash=0582754c87aae13e640312855ce7dbe490ecb50c, branch=main, programmingLanguage=JAVA, projectType=PLAIN_GRADLE, scaEnabled=false, sequentialTestRunsEnabled=false, resultPaths=[/var/tmp/testing-dir/**/test-results/test/*.xml], timeoutSeconds=0, assignmentCheckoutPath=null, testCheckoutPath=null, solutionCheckoutPath=null, dockerRunConfig=null], submissionResult=null]
    23:45:44.987 | 566 localvc.event-13 | DEBUG | a.a.b.s.SharedQueueProcessingService : Currently processing jobs on this node: 0, active threads in Pool: 0, maximum pool size of thread executor : 1
    23:45:44.988 | 566 localvc.event-13 | DEBUG | s.l.LocalCIWebsocketMessagingService : Sending message on topic /topic/admin/queued-jobs: []
    23:45:44.988 | 566 localvc.event-13 | DEBUG | s.l.LocalCIWebsocketMessagingService : Sending message on topic /topic/courses/991/queued-jobs: []
    23:45:44.988 | 566 localvc.event-13 | DEBUG | a.a.b.s.SharedQueueProcessingService : CIBuildJobQueueItem removed from queue: BuildJobQueueItem[id=20261739576743984, name=SHORT53C73BE505404043100AC2F00C039353CE8FTSTEXC-LOCALVCCIINTSTUDENT1, buildAgent=BuildAgentDTO[name=null, memberAddress=null, displayName=null], participationId=2026, courseId=991, exerciseId=2608, retryCount=0, priority=1, status=null, repositoryInfo=RepositoryInfo[repositoryName=short53c73be505404043100ac2f00c039353ce8ftstexc-localvcciintstudent1, repositoryType=user, triggeredByPushTo=user, assignmentRepositoryUri=http://localhost:49152/git/SHORT53C73BE505404043100AC2F00C039353CE8FTSTEXC/short53c73be505404043100ac2f00c039353ce8ftstexc-localvcciintstudent1.git, testRepositoryUri=http://localhost:49152/git/SHORT53C73BE505404043100AC2F00C039353CE8FTSTEXC/short53c73be505404043100ac2f00c039353ce8ftstexc-tests.git, solutionRepositoryUri=null, auxiliaryRepositoryUris=[Ljava.lang.String;@601a4a8c, auxiliaryRepositoryCheckoutDirectories=[Ljava.lang.String;@64363c6a], jobTimingInfo=JobTimingInfo[submissionDate=2025-02-14T23:45:43.984518859Z[Etc/UTC], buildStartDate=null, buildCompletionDate=null, estimatedCompletionDate=null, estimatedDuration=19], buildConfig=BuildConfig[buildScript=#!/bin/bash
cd /var/tmp/testing-dir
chmod +x ./gradlew
./gradlew clean test
, dockerImage=dummy-docker-image:latest, commitHashToBuild=3e90ae9fef2e44ffb41451a080bdaa6a44ad6848, assignmentCommitHash=3e90ae9fef2e44ffb41451a080bdaa6a44ad6848, testCommitHash=0582754c87aae13e640312855ce7dbe490ecb50c, branch=main, programmingLanguage=JAVA, projectType=PLAIN_GRADLE, scaEnabled=false, sequentialTestRunsEnabled=false, resultPaths=[/var/tmp/testing-dir/**/test-results/test/*.xml], timeoutSeconds=0, assignmentCheckoutPath=null, testCheckoutPath=null, solutionCheckoutPath=null, dockerRunConfig=null], submissionResult=null]
    23:45:44.989 | 566 localvc.event-13 | DEBUG | s.l.LocalCIWebsocketMessagingService : Sending message on topic /topic/admin/queued-jobs: []
    23:45:44.989 | 566 localvc.event-13 | DEBUG | s.l.LocalCIWebsocketMessagingService : Sending message on topic /topic/courses/991/queued-jobs: []
    23:45:44.989 | 566 localvc.event-13 | DEBUG | a.p.s.l.LocalCIQueueWebsocketService : CIBuildJobQueueItem added to processing jobs: BuildJobQueueItem[id=20261739576743984, name=SHORT53C73BE505404043100AC2F00C039353CE8FTSTEXC-LOCALVCCIINTSTUDENT1, buildAgent=BuildAgentDTO[name=artemis-build-agent-test, memberAddress=[127.0.0.1]:5703, displayName=artemis-build-agent-test], participationId=2026, courseId=991, exerciseId=2608, retryCount=0, priority=1, status=null, repositoryInfo=RepositoryInfo[repositoryName=short53c73be505404043100ac2f00c039353ce8ftstexc-localvcciintstudent1, repositoryType=user, triggeredByPushTo=user, assignmentRepositoryUri=http://localhost:49152/git/SHORT53C73BE505404043100AC2F00C039353CE8FTSTEXC/short53c73be505404043100ac2f00c039353ce8ftstexc-localvcciintstudent1.git, testRepositoryUri=http://localhost:49152/git/SHORT53C73BE505404043100AC2F00C039353CE8FTSTEXC/short53c73be505404043100ac2f00c039353ce8ftstexc-tests.git, solutionRepositoryUri=null, auxiliaryRepositoryUris=[Ljava.lang.String;@6f96b0fe, auxiliaryRepositoryCheckoutDirectories=[Ljava.lang.String;@3a16140a], jobTimingInfo=JobTimingInfo[submissionDate=2025-02-14T23:45:43.984518859Z[Etc/UTC], buildStartDate=2025-02-14T23:45:43.991385682Z[Etc/UTC], buildCompletionDate=null, estimatedCompletionDate=2025-02-14T23:46:02.991380122Z[Etc/UTC], estimatedDuration=19], buildConfig=BuildConfig[buildScript=#!/bin/bash
cd /var/tmp/testing-dir
chmod +x ./gradlew
./gradlew clean test
, dockerImage=dummy-docker-image:latest, commitHashToBuild=3e90ae9fef2e44ffb41451a080bdaa6a44ad6848, assignmentCommitHash=3e90ae9fef2e44ffb41451a080bdaa6a44ad6848, testCommitHash=0582754c87aae13e640312855ce7dbe490ecb50c, branch=main, programmingLanguage=JAVA, projectType=PLAIN_GRADLE, scaEnabled=false, sequentialTestRunsEnabled=false, resultPaths=[/var/tmp/testing-dir/**/test-results/test/*.xml], timeoutSeconds=0, assignmentCheckoutPath=null, testCheckoutPath=null, solutionCheckoutPath=null, dockerRunConfig=null], submissionResult=null]
    23:45:44.989 | 566 localvc.event-13 | DEBUG | s.l.LocalCIWebsocketMessagingService : Sending message on topic /topic/admin/running-jobs: []
    23:45:44.989 | 566 localvc.event-13 | DEBUG | s.l.LocalCIWebsocketMessagingService : Sending message on topic /topic/courses/991/running-jobs: []
    23:45:44.995 | 566 localvc.event-13 | DEBUG | a.p.s.l.LocalCIQueueWebsocketService : Build agent updated: BuildAgentInformation[buildAgent=BuildAgentDTO[name=artemis-build-agent-test, memberAddress=[127.0.0.1]:5703, displayName=artemis-build-agent-test], maxNumberOfConcurrentBuildJobs=1, numberOfCurrentBuildJobs=1, runningBuildJobs=[BuildJobQueueItem[id=20261739576743984, name=SHORT53C73BE505404043100AC2F00C039353CE8FTSTEXC-LOCALVCCIINTSTUDENT1, buildAgent=BuildAgentDTO[name=artemis-build-agent-test, memberAddress=[127.0.0.1]:5703, displayName=artemis-build-agent-test], participationId=2026, courseId=991, exerciseId=2608, retryCount=0, priority=1, status=null, repositoryInfo=RepositoryInfo[repositoryName=short53c73be505404043100ac2f00c039353ce8ftstexc-localvcciintstudent1, repositoryType=user, triggeredByPushTo=user, assignmentRepositoryUri=http://localhost:49152/git/SHORT53C73BE505404043100AC2F00C039353CE8FTSTEXC/short53c73be505404043100ac2f00c039353ce8ftstexc-localvcciintstudent1.git, testRepositoryUri=http://localhost:49152/git/SHORT53C73BE505404043100AC2F00C039353CE8FTSTEXC/short53c73be505404043100ac2f00c039353ce8ftstexc-tests.git, solutionRepositoryUri=null, auxiliaryRepositoryUris=[Ljava.lang.String;@7de7e95e, auxiliaryRepositoryCheckoutDirectories=[Ljava.lang.String;@baf6673], jobTimingInfo=JobTimingInfo[submissionDate=2025-02-14T23:45:43.984518859Z[Etc/UTC], buildStartDate=2025-02-14T23:45:43.991385682Z[Etc/UTC], buildCompletionDate=null, estimatedCompletionDate=2025-02-14T23:46:02.991380122Z[Etc/UTC], estimatedDuration=19], buildConfig=BuildConfig[buildScript=#!/bin/bash
cd /var/tmp/testing-dir
chmod +x ./gradlew
./gradlew clean test
, dockerImage=dummy-docker-image:latest, commitHashToBuild=3e90ae9fef2e44ffb41451a080bdaa6a44ad6848, assignmentCommitHash=3e90ae9fef2e44ffb41451a080bdaa6a44ad6848, testCommitHash=0582754c87aae13e640312855ce7dbe490ecb50c, branch=main, programmingLanguage=JAVA, projectType=PLAIN_GRADLE, scaEnabled=false, sequentialTestRunsEnabled=false, resultPaths=[/var/tmp/testing-dir/**/test-results/test/*.xml], timeoutSeconds=0, assignmentCheckoutPath=null, testCheckoutPath=null, solutionCheckoutPath=null, dockerRunConfig=null], submissionResult=null]], status=ACTIVE, recentBuildJobs=[BuildJobQueueItem[id=19141739576708030, name=SHORT5F02A8F400311042E70858306EB148073CFDTSTEXC-LOCALVCINTSTUDENT1, buildAgent=BuildAgentDTO[name=artemis-build-agent-test, memberAddress=[127.0.0.1]:5703, displayName=artemis-build-agent-test], participationId=1914, courseId=947, exerciseId=2564, retryCount=0, priority=2, status=FAILED, repositoryInfo=RepositoryInfo[repositoryName=short5f02a8f400311042e70858306eb148073cfdtstexc-localvcintstudent1, repositoryType=user, triggeredByPushTo=user, assignmentRepositoryUri=http://localhost:49152/git/SHORT5F02A8F400311042E70858306EB148073CFDTSTEXC/short5f02a8f400311042e70858306eb148073cfdtstexc-localvcintstudent1.git, testRepositoryUri=http://localhost:49152/git/SHORT5F02A8F400311042E70858306EB148073CFDTSTEXC/short5f02a8f400311042e70858306eb148073cfdtstexc-tests.git, solutionRepositoryUri=null, auxiliaryRepositoryUris=[Ljava.lang.String;@2d15ad7a, auxiliaryRepositoryCheckoutDirectories=[Ljava.lang.String;@7d84f443], jobTimingInfo=JobTimingInfo[submissionDate=2025-02-14T23:45:08.030118216Z[Etc/UTC], buildStartDate=2025-02-14T23:45:08.041011412Z[Etc/UTC], buildCompletionDate=2025-02-14T23:45:08.054603331Z[Etc/UTC], estimatedCompletionDate=2025-02-14T23:45:27.041005080Z[Etc/UTC], estimatedDuration=19], buildConfig=BuildConfig[buildScript=#!/bin/bash
cd /var/tmp/testing-dir
chmod +x ./gradlew
./gradlew clean test
, dockerImage=dummy-docker-image:latest, commitHashToBuild=6e7146cac5059504aa9d170ec3fa23aec740bb51, assignmentCommitHash=6e7146cac5059504aa9d170ec3fa23aec740bb51, testCommitHash=931e5303581c7a2f01339ba603cfafbfe668b901, branch=main, programmingLanguage=JAVA, projectType=PLAIN_GRADLE, scaEnabled=false, sequentialTestRunsEnabled=false, resultPaths=[/var/tmp/testing-dir/**/test-results/test/*.xml], timeoutSeconds=0, assignmentCheckoutPath=null, testCheckoutPath=null, solutionCheckoutPath=null, dockerRunConfig=null], submissionResult=ResultDTO[id=622, completionDate=2025-02-14T23:45:08.054683681Z[Etc/UTC], successful=false, score=0.0, rated=true, submission=SubmissionDTO[id=814, submitted=true, type=MANUAL, exampleSubmission=null, submissionDate=2025-02-14T23:45:08.016200Z, commitHash=6e7146cac5059504aa9d170ec3fa23aec740bb51, buildFailed=true, buildArtifact=false, participation=ParticipationDTO[id=1914, testRun=false, type=programming, submissionCount=null, exercise=ParticipationExerciseDTO[id=2564, exerciseType=PROGRAMMING, type=programming, assessmentType=AUTOMATIC, dueDate=2025-02-16T23:45:07.324348Z, assessmentDueDate=null, maxPoints=42.0, course=CourseDTO[id=947, accuracyOfScores=1]]], submissionExerciseType=programming, isProcessing=false, buildStartDate=null, estimatedCompletionDate=null], participation=ParticipationDTO[id=1914, testRun=false, type=programming, submissionCount=null, exercise=ParticipationExerciseDTO[id=2564, exerciseType=PROGRAMMING, type=programming, assessmentType=AUTOMATIC, dueDate=2025-02-16T23:45:07.324348Z, assessmentDueDate=null, maxPoints=42.0, course=CourseDTO[id=947, accuracyOfScores=1]]], feedbacks=[], assessmentType=AUTOMATIC, hasComplaint=null, exampleResult=null, testCaseCount=0, passedTestCaseCount=0, codeIssueCount=0]], BuildJobQueueItem[id=19361739576711303, name=SHORT9AFDAE3804CA304DDF0889A0CB0F56104A86TSTEXC-LOCALVCINTSTUDENT1, buildAgent=BuildAgentDTO[name=artemis-build-agent-test, memberAddress=[127.0.0.1]:5703, displayName=artemis-build-agent-test], participationId=1936, courseId=956, exerciseId=2573, retryCount=0, priority=2, status=FAILED, repositoryInfo=RepositoryInfo[repositoryName=short9afdae3804ca304ddf0889a0cb0f56104a86tstexc-localvcintstudent1, repositoryType=user, triggeredByPushTo=user, assignmentRepositoryUri=http://localhost:49152/git/SHORT9AFDAE3804CA304DDF0889A0CB0F56104A86TSTEXC/short9afdae3804ca304ddf0889a0cb0f56104a86tstexc-localvcintstudent1.git, testRepositoryUri=http://localhost:49152/git/SHORT9AFDAE3804CA304DDF0889A0CB0F56104A86TSTEXC/short9afdae3804ca304ddf0889a0cb0f56104a86tstexc-tests.git, solutionRepositoryUri=null, auxiliaryRepositoryUris=[Ljava.lang.String;@3f6b5fb4, auxiliaryRepositoryCheckoutDirectories=[Ljava.lang.String;@4f072ad4], jobTimingInfo=JobTimingInfo[submissionDate=2025-02-14T23:45:11.303805653Z[Etc/UTC], buildStartDate=2025-02-14T23:45:11.310981356Z[Etc/UTC], buildCompletionDate=2025-02-14T23:45:11.319178384Z[Etc/UTC], estimatedCompletionDate=2025-02-14T23:45:30.310974944Z[Etc/UTC], estimatedDuration=19], buildConfig=BuildConfig[buildScript=#!/bin/bash
cd /var/tmp/testing-dir
chmod +x ./gradlew
./gradlew clean test
, dockerImage=dummy-docker-image:latest, commitHashToBuild=a1099e378cffde441ef85f9b12577ca174b8e1e4, assignmentCommitHash=a1099e378cffde441ef85f9b12577ca174b8e1e4, testCommitHash=bd38d61c299ab11a1dea82a3ca5493fe04d97d47, branch=main, programmingLanguage=JAVA, projectType=PLAIN_GRADLE, scaEnabled=false, sequentialTestRunsEnabled=false, resultPaths=[/var/tmp/testing-dir/**/test-results/test/*.xml], timeoutSeconds=0, assignmentCheckoutPath=null, testCheckoutPath=null, solutionCheckoutPath=null, dockerRunConfig=null], submissionResult=ResultDTO[id=623, completionDate=2025-02-14T23:45:11.319278430Z[Etc/UTC], successful=false, score=0.0, rated=true, submission=SubmissionDTO[id=815, submitted=true, type=MANUAL, exampleSubmission=null, submissionDate=2025-02-14T23:45:11.294386Z, commitHash=a1099e378cffde441ef85f9b12577ca174b8e1e4, buildFailed=true, buildArtifact=false, participation=ParticipationDTO[id=1936, testRun=false, type=programming, submissionCount=null, exercise=ParticipationExerciseDTO[id=2573, exerciseType=PROGRAMMING, type=programming, assessmentType=AUTOMATIC, dueDate=2025-02-16T23:45:10.996982Z, assessmentDueDate=null, maxPoints=42.0, course=CourseDTO[id=956, accuracyOfScores=1]]], submissionExerciseType=programming, isProcessing=false, buildStartDate=null, estimatedCompletionDate=null], participation=ParticipationDTO[id=1936, testRun=false, type=programming, submissionCount=null, exercise=ParticipationExerciseDTO[id=2573, exerciseType=PROGRAMMING, type=programming, assessmentType=AUTOMATIC, dueDate=2025-02-16T23:45:10.996982Z, assessmentDueDate=null, maxPoints=42.0, course=CourseDTO[id=956, accuracyOfScores=1]]], feedbacks=[], assessmentType=AUTOMATIC, hasComplaint=null, exampleResult=null, testCaseCount=0, passedTestCaseCount=0, codeIssueCount=0]], BuildJobQueueItem[id=19351739576711674, name=SHORT9AFDAE3804CA304DDF0889A0CB0F56104A86TSTEXC-BASE, buildAgent=BuildAgentDTO[name=artemis-build-agent-test, memberAddress=[127.0.0.1]:5703, displayName=artemis-build-agent-test], participationId=1935, courseId=956, exerciseId=2573, retryCount=0, priority=2, status=FAILED, repositoryInfo=RepositoryInfo[repositoryName=short9afdae3804ca304ddf0889a0cb0f56104a86tstexc-exercise, repositoryType=exercise, triggeredByPushTo=exercise, assignmentRepositoryUri=http://localhost:49152/git/SHORT9AFDAE3804CA304DDF0889A0CB0F56104A86TSTEXC/short9afdae3804ca304ddf0889a0cb0f56104a86tstexc-exercise.git, testRepositoryUri=http://localhost:49152/git/SHORT9AFDAE3804CA304DDF0889A0CB0F56104A86TSTEXC/short9afdae3804ca304ddf0889a0cb0f56104a86tstexc-tests.git, solutionRepositoryUri=null, auxiliaryRepositoryUris=[Ljava.lang.String;@4f792033, auxiliaryRepositoryCheckoutDirectories=[Ljava.lang.String;@1585e373], jobTimingInfo=JobTimingInfo[submissionDate=2025-02-14T23:45:11.674556681Z[Etc/UTC], buildStartDate=2025-02-14T23:45:11.677776879Z[Etc/UTC], buildCompletionDate=2025-02-14T23:45:11.688097378Z[Etc/UTC], estimatedCompletionDate=2025-02-14T23:45:30.677771620Z[Etc/UTC], estimatedDuration=19], buildConfig=BuildConfig[buildScript=#!/bin/bash
cd /var/tmp/testing-dir
chmod +x ./gradlew
./gradlew clean test
, dockerImage=dummy-docker-image:latest, commitHashToBuild=a1099e378cffde441ef85f9b12577ca174b8e1e4, assignmentCommitHash=a1099e378cffde441ef85f9b12577ca174b8e1e4, testCommitHash=bd38d61c299ab11a1dea82a3ca5493fe04d97d47, branch=main, programmingLanguage=JAVA, projectType=PLAIN_GRADLE, scaEnabled=false, sequentialTestRunsEnabled=false, resultPaths=[/var/tmp/testing-dir/**/test-results/test/*.xml], timeoutSeconds=0, assignmentCheckoutPath=null, testCheckoutPath=null, solutionCheckoutPath=null, dockerRunConfig=null], submissionResult=ResultDTO[id=624, completionDate=2025-02-14T23:45:11.688214837Z[Etc/UTC], successful=false, score=0.0, rated=true, submission=SubmissionDTO[id=816, submitted=true, type=MANUAL, exampleSubmission=null, submissionDate=2025-02-14T23:45:11.656934Z, commitHash=a1099e378cffde441ef85f9b12577ca174b8e1e4, buildFailed=true, buildArtifact=false, participation=ParticipationDTO[id=1935, testRun=false, type=template, submissionCount=null, exercise=ParticipationExerciseDTO[id=2573, exerciseType=PROGRAMMING, type=programming, assessmentType=AUTOMATIC, dueDate=2025-02-16T23:45:10.996982Z, assessmentDueDate=null, maxPoints=42.0, course=CourseDTO[id=956, accuracyOfScores=1]]], submissionExerciseType=programming, isProcessing=false, buildStartDate=null, estimatedCompletionDate=null], participation=ParticipationDTO[id=1935, testRun=false, type=template, submissionCount=null, exercise=ParticipationExerciseDTO[id=2573, exerciseType=PROGRAMMING, type=programming, assessmentType=AUTOMATIC, dueDate=2025-02-16T23:45:10.996982Z, assessmentDueDate=null, maxPoints=42.0, course=CourseDTO[id=956, accuracyOfScores=1]]], feedbacks=[], assessmentType=AUTOMATIC, hasComplaint=null, exampleResult=null, testCaseCount=0, passedTestCaseCount=0, codeIssueCount=0]], BuildJobQueueItem[id=19341739576712112, name=SHORT9AFDAE3804CA304DDF0889A0CB0F56104A86TSTEXC-SOLUTION, buildAgent=BuildAgentDTO[name=artemis-build-agent-test, memberAddress=[127.0.0.1]:5703, displayName=artemis-build-agent-test], participationId=1934, courseId=956, exerciseId=2573, retryCount=0, priority=2, status=FAILED, repositoryInfo=RepositoryInfo[repositoryName=short9afdae3804ca304ddf0889a0cb0f56104a86tstexc-solution, repositoryType=solution, triggeredByPushTo=solution, assignmentRepositoryUri=http://localhost:49152/git/SHORT9AFDAE3804CA304DDF0889A0CB0F56104A86TSTEXC/short9afdae3804ca304ddf0889a0cb0f56104a86tstexc-solution.git, testRepositoryUri=http://localhost:49152/git/SHORT9AFDAE3804CA304DDF0889A0CB0F56104A86TSTEXC/short9afdae3804ca304ddf0889a0cb0f56104a86tstexc-tests.git, solutionRepositoryUri=null, auxiliaryRepositoryUris=[Ljava.lang.String;@70f69888, auxiliaryRepositoryCheckoutDirectories=[Ljava.lang.String;@6d14dc8], jobTimingInfo=JobTimingInfo[submissionDate=2025-02-14T23:45:12.112332872Z[Etc/UTC], buildStartDate=2025-02-14T23:45:12.121617114Z[Etc/UTC], buildCompletionDate=2025-02-14T23:45:12.127931701Z[Etc/UTC], estimatedCompletionDate=2025-02-14T23:45:31.121609600Z[Etc/UTC], estimatedDuration=19], buildConfig=BuildConfig[buildScript=#!/bin/bash
cd /var/tmp/testing-dir
chmod +x ./gradlew
./gradlew clean test
, dockerImage=dummy-docker-image:latest, commitHashToBuild=a1099e378cffde441ef85f9b12577ca174b8e1e4, assignmentCommitHash=a1099e378cffde441ef85f9b12577ca174b8e1e4, testCommitHash=bd38d61c299ab11a1dea82a3ca5493fe04d97d47, branch=main, programmingLanguage=JAVA, projectType=PLAIN_GRADLE, scaEnabled=false, sequentialTestRunsEnabled=false, resultPaths=[/var/tmp/testing-dir/**/test-results/test/*.xml], timeoutSeconds=0, assignmentCheckoutPath=null, testCheckoutPath=null, solutionCheckoutPath=null, dockerRunConfig=null], submissionResult=ResultDTO[id=625, completionDate=2025-02-14T23:45:12.128011800Z[Etc/UTC], successful=false, score=0.0, rated=true, submission=SubmissionDTO[id=817, submitted=true, type=MANUAL, exampleSubmission=null, submissionDate=2025-02-14T23:45:12.098737Z, commitHash=a1099e378cffde441ef85f9b12577ca174b8e1e4, buildFailed=true, buildArtifact=false, participation=ParticipationDTO[id=1934, testRun=false, type=solution, submissionCount=null, exercise=ParticipationExerciseDTO[id=2573, exerciseType=PROGRAMMING, type=programming, assessmentType=AUTOMATIC, dueDate=2025-02-16T23:45:10.996982Z, assessmentDueDate=null, maxPoints=42.0, course=CourseDTO[id=956, accuracyOfScores=1]]], submissionExerciseType=programming, isProcessing=false, buildStartDate=null, estimatedCompletionDate=null], participation=ParticipationDTO[id=1934, testRun=false, type=solution, submissionCount=null, exercise=ParticipationExerciseDTO[id=2573, exerciseType=PROGRAMMING, type=programming, assessmentType=AUTOMATIC, dueDate=2025-02-16T23:45:10.996982Z, assessmentDueDate=null, maxPoints=42.0, course=CourseDTO[id=956, accuracyOfScores=1]]], feedbacks=[], assessmentType=AUTOMATIC, hasComplaint=null, exampleResult=null, testCaseCount=0, passedTestCaseCount=0, codeIssueCount=0]], BuildJobQueueItem[id=19341739576713025, name=SHORT9AFDAE3804CA304DDF0889A0CB0F56104A86TSTEXC-SOLUTION, buildAgent=BuildAgentDTO[name=artemis-build-agent-test, memberAddress=[127.0.0.1]:5703, displayName=artemis-build-agent-test], participationId=1934, courseId=956, exerciseId=2573, retryCount=0, priority=2, status=FAILED, repositoryInfo=RepositoryInfo[repositoryName=short9afdae3804ca304ddf0889a0cb0f56104a86tstexc-solution, repositoryType=solution, triggeredByPushTo=tests, assignmentRepositoryUri=http://localhost:49152/git/SHORT9AFDAE3804CA304DDF0889A0CB0F56104A86TSTEXC/short9afdae3804ca304ddf0889a0cb0f56104a86tstexc-solution.git, testRepositoryUri=http://localhost:49152/git/SHORT9AFDAE3804CA304DDF0889A0CB0F56104A86TSTEXC/short9afdae3804ca304ddf0889a0cb0f56104a86tstexc-tests.git, solutionRepositoryUri=null, auxiliaryRepositoryUris=[Ljava.lang.String;@2f8d99, auxiliaryRepositoryCheckoutDirectories=[Ljava.lang.String;@3a0b7894], jobTimingInfo=JobTimingInfo[submissionDate=2025-02-14T23:45:13.025319671Z[Etc/UTC], buildStartDate=2025-02-14T23:45:13.040293146Z[Etc/UTC], buildCompletionDate=2025-02-14T23:45:13.053032917Z[Etc/UTC], estimatedCompletionDate=2025-02-14T23:45:32.040285703Z[Etc/UTC], estimatedDuration=19], buildConfig=BuildConfig[buildScript=#!/bin/bash
cd /var/tmp/testing-dir
chmod +x ./gradlew
./gradlew clean test
, dockerImage=dummy-docker-image:latest, commitHashToBuild=784f8f0049d2a1a54f21c67dd772bea86715267a, assignmentCommitHash=a1099e378cffde441ef85f9b12577ca174b8e1e4, testCommitHash=784f8f0049d2a1a54f21c67dd772bea86715267a, branch=main, programmingLanguage=JAVA, projectType=PLAIN_GRADLE, scaEnabled=false, sequentialTestRunsEnabled=false, resultPaths=[/var/tmp/testing-dir/**/test-results/test/*.xml], timeoutSeconds=0, assignmentCheckoutPath=null, testCheckoutPath=null, solutionCheckoutPath=null, dockerRunConfig=null], submissionResult=ResultDTO[id=626, completionDate=2025-02-14T23:45:13.053131811Z[Etc/UTC], successful=false, score=0.0, rated=true, submission=SubmissionDTO[id=818, submitted=true, type=TEST, exampleSubmission=null, submissionDate=2025-02-14T23:45:13.005779Z, commitHash=784f8f0049d2a1a54f21c67dd772bea86715267a, buildFailed=true, buildArtifact=false, participation=ParticipationDTO[id=1934, testRun=false, type=solution, submissionCount=null, exercise=ParticipationExerciseDTO[id=2573, exerciseType=PROGRAMMING, type=programming, assessmentType=AUTOMATIC, dueDate=2025-02-16T23:45:10.996982Z, assessmentDueDate=null, maxPoints=42.0, course=CourseDTO[id=956, accuracyOfScores=1]]], submissionExerciseType=programming, isProcessing=false, buildStartDate=null, estimatedCompletionDate=null], participation=ParticipationDTO[id=1934, testRun=false, type=solution, submissionCount=null, exercise=ParticipationExerciseDTO[id=2573, exerciseType=PROGRAMMING, type=programming, assessmentType=AUTOMATIC, dueDate=2025-02-16T23:45:10.996982Z, assessmentDueDate=null, maxPoints=42.0, course=CourseDTO[id=956, accuracyOfScores=1]]], feedbacks=[], assessmentType=AUTOMATIC, hasComplaint=null, exampleResult=null, testCaseCount=0, passedTestCaseCount=0, codeIssueCount=0]], BuildJobQueueItem[id=19581739576715555, name=SHORTC1A3F9FC03D2304B4308FA20AF16D54AAA49TSTEXC-LOCALVCSSHINTSTUDENT1, buildAgent=BuildAgentDTO[name=artemis-build-agent-test, memberAddress=[127.0.0.1]:5703, displayName=artemis-build-agent-test], participationId=1958, courseId=965, exerciseId=2582, retryCount=0, priority=2, status=FAILED, repositoryInfo=RepositoryInfo[repositoryName=shortc1a3f9fc03d2304b4308fa20af16d54aaa49tstexc-localvcsshintstudent1, repositoryType=user, triggeredByPushTo=user, assignmentRepositoryUri=http://localhost:49152/git/SHORTC1A3F9FC03D2304B4308FA20AF16D54AAA49TSTEXC/shortc1a3f9fc03d2304b4308fa20af16d54aaa49tstexc-localvcsshintstudent1.git, testRepositoryUri=http://localhost:49152/git/SHORTC1A3F9FC03D2304B4308FA20AF16D54AAA49TSTEXC/shortc1a3f9fc03d2304b4308fa20af16d54aaa49tstexc-tests.git, solutionRepositoryUri=null, auxiliaryRepositoryUris=[Ljava.lang.String;@7efd9585, auxiliaryRepositoryCheckoutDirectories=[Ljava.lang.String;@72ce389f], jobTimingInfo=JobTimingInfo[submissionDate=2025-02-14T23:45:15.555989584Z[Etc/UTC], buildStartDate=2025-02-14T23:45:15.568477627Z[Etc/UTC], buildCompletionDate=2025-02-14T23:45:15.579021148Z[Etc/UTC], estimatedCompletionDate=2025-02-14T23:45:34.568443924Z[Etc/UTC], estimatedDuration=19], buildConfig=BuildConfig[buildScript=#!/bin/bash
cd /var/tmp/testing-dir
chmod +x ./gradlew
./gradlew clean test
, dockerImage=dummy-docker-image:latest, commitHashToBuild=ca76dac20e040e6609db02fd7fedd56bf58829d7, assignmentCommitHash=ca76dac20e040e6609db02fd7fedd56bf58829d7, testCommitHash=bd0d58c226dc63bfa4bc9052870589952c0a1f83, branch=main, programmingLanguage=JAVA, projectType=PLAIN_GRADLE, scaEnabled=false, sequentialTestRunsEnabled=false, resultPaths=[/var/tmp/testing-dir/**/test-results/test/*.xml], timeoutSeconds=0, assignmentCheckoutPath=null, testCheckoutPath=null, solutionCheckoutPath=null, dockerRunConfig=null], submissionResult=ResultDTO[id=627, completionDate=2025-02-14T23:45:15.579119131Z[Etc/UTC], successful=false, score=0.0, rated=true, submission=SubmissionDTO[id=820, submitted=true, type=MANUAL, exampleSubmission=null, submissionDate=2025-02-14T23:45:15.548349Z, commitHash=ca76dac20e040e6609db02fd7fedd56bf58829d7, buildFailed=true, buildArtifact=false, participation=ParticipationDTO[id=1958, testRun=false, type=programming, submissionCount=null, exercise=ParticipationExerciseDTO[id=2582, exerciseType=PROGRAMMING, type=programming, assessmentType=AUTOMATIC, dueDate=2025-02-16T23:45:15.103512Z, assessmentDueDate=null, maxPoints=42.0, course=CourseDTO[id=965, accuracyOfScores=1]]], submissionExerciseType=programming, isProcessing=false, buildStartDate=null, estimatedCompletionDate=null], participation=ParticipationDTO[id=1958, testRun=false, type=programming, submissionCount=null, exercise=ParticipationExerciseDTO[id=2582, exerciseType=PROGRAMMING, type=programming, assessmentType=AUTOMATIC, dueDate=2025-02-16T23:45:15.103512Z, assessmentDueDate=null, maxPoints=42.0, course=CourseDTO[id=965, accuracyOfScores=1]]], feedbacks=[], assessmentType=AUTOMATIC, hasComplaint=null, exampleResult=null, testCaseCount=0, passedTestCaseCount=0, codeIssueCount=0]], BuildJobQueueItem[id=19801739576719393, name=SHORTB2A6C58B0D447045380A858075B170A5B7C6TSTEXC-LOCALVCSSHINTSTUDENT1, buildAgent=BuildAgentDTO[name=artemis-build-agent-test, memberAddress=[127.0.0.1]:5703, displayName=artemis-build-agent-test], participationId=1980, courseId=974, exerciseId=2591, retryCount=0, priority=2, status=FAILED, repositoryInfo=RepositoryInfo[repositoryName=shortb2a6c58b0d447045380a858075b170a5b7c6tstexc-localvcsshintstudent1, repositoryType=user, triggeredByPushTo=user, assignmentRepositoryUri=http://localhost:49152/git/SHORTB2A6C58B0D447045380A858075B170A5B7C6TSTEXC/shortb2a6c58b0d447045380a858075b170a5b7c6tstexc-localvcsshintstudent1.git, testRepositoryUri=http://localhost:49152/git/SHORTB2A6C58B0D447045380A858075B170A5B7C6TSTEXC/shortb2a6c58b0d447045380a858075b170a5b7c6tstexc-tests.git, solutionRepositoryUri=null, auxiliaryRepositoryUris=[Ljava.lang.String;@e71301a, auxiliaryRepositoryCheckoutDirectories=[Ljava.lang.String;@6fdf3698], jobTimingInfo=JobTimingInfo[submissionDate=2025-02-14T23:45:19.393259829Z[Etc/UTC], buildStartDate=2025-02-14T23:45:19.405438171Z[Etc/UTC], buildCompletionDate=2025-02-14T23:45:19.414070673Z[Etc/UTC], estimatedCompletionDate=2025-02-14T23:45:38.405431569Z[Etc/UTC], estimatedDuration=19], buildConfig=BuildConfig[buildScript=#!/bin/bash
cd /var/tmp/testing-dir
chmod +x ./gradlew
./gradlew clean test
, dockerImage=dummy-docker-image:latest, commitHashToBuild=363cdbf709a9fff149f813ab848ee800a675cc77, assignmentCommitHash=363cdbf709a9fff149f813ab848ee800a675cc77, testCommitHash=a5e046ece417b2e538f21f816e2524dab61e0d10, branch=main, programmingLanguage=JAVA, projectType=PLAIN_GRADLE, scaEnabled=false, sequentialTestRunsEnabled=false, resultPaths=[/var/tmp/testing-dir/**/test-results/test/*.xml], timeoutSeconds=0, assignmentCheckoutPath=null, testCheckoutPath=null, solutionCheckoutPath=null, dockerRunConfig=null], submissionResult=ResultDTO[id=628, completionDate=2025-02-14T23:45:19.414171040Z[Etc/UTC], successful=false, score=0.0, rated=true, submission=SubmissionDTO[id=821, submitted=true, type=MANUAL, exampleSubmission=null, submissionDate=2025-02-14T23:45:19.376840Z, commitHash=363cdbf709a9fff149f813ab848ee800a675cc77, buildFailed=true, buildArtifact=false, participation=ParticipationDTO[id=1980, testRun=false, type=programming, submissionCount=null, exercise=ParticipationExerciseDTO[id=2591, exerciseType=PROGRAMMING, type=programming, assessmentType=AUTOMATIC, dueDate=2025-02-16T23:45:18.950569Z, assessmentDueDate=null, maxPoints=42.0, course=CourseDTO[id=974, accuracyOfScores=1]]], submissionExerciseType=programming, isProcessing=false, buildStartDate=null, estimatedCompletionDate=null], participation=ParticipationDTO[id=1980, testRun=false, type=programming, submissionCount=null, exercise=ParticipationExerciseDTO[id=2591, exerciseType=PROGRAMMING, type=programming, assessmentType=AUTOMATIC, dueDate=2025-02-16T23:45:18.950569Z, assessmentDueDate=null, maxPoints=42.0, course=CourseDTO[id=974, accuracyOfScores=1]]], feedbacks=[], assessmentType=AUTOMATIC, hasComplaint=null, exampleResult=null, testCaseCount=0, passedTestCaseCount=0, codeIssueCount=0]], BuildJobQueueItem[id=19791739576719787, name=SHORTB2A6C58B0D447045380A858075B170A5B7C6TSTEXC-BASE, buildAgent=BuildAgentDTO[name=artemis-build-agent-test, memberAddress=[127.0.0.1]:5703, displayName=artemis-build-agent-test], participationId=1979, courseId=974, exerciseId=2591, retryCount=0, priority=2, status=FAILED, repositoryInfo=RepositoryInfo[repositoryName=shortb2a6c58b0d447045380a858075b170a5b7c6tstexc-exercise, repositoryType=exercise, triggeredByPushTo=exercise, assignmentRepositoryUri=http://localhost:49152/git/SHORTB2A6C58B0D447045380A858075B170A5B7C6TSTEXC/shortb2a6c58b0d447045380a858075b170a5b7c6tstexc-exercise.git, testRepositoryUri=http://localhost:49152/git/SHORTB2A6C58B0D447045380A858075B170A5B7C6TSTEXC/shortb2a6c58b0d447045380a858075b170a5b7c6tstexc-tests.git, solutionRepositoryUri=null, auxiliaryRepositoryUris=[Ljava.lang.String;@7d9cc75b, auxiliaryRepositoryCheckoutDirectories=[Ljava.lang.String;@7e9512b7], jobTimingInfo=JobTimingInfo[submissionDate=2025-02-14T23:45:19.787985058Z[Etc/UTC], buildStartDate=2025-02-14T23:45:19.796327417Z[Etc/UTC], buildCompletionDate=2025-02-14T23:45:19.799750982Z[Etc/UTC], estimatedCompletionDate=2025-02-14T23:45:38.796319082Z[Etc/UTC], estimatedDuration=19], buildConfig=BuildConfig[buildScript=#!/bin/bash
cd /var/tmp/testing-dir
chmod +x ./gradlew
./gradlew clean test
, dockerImage=dummy-docker-image:latest, commitHashToBuild=363cdbf709a9fff149f813ab848ee800a675cc77, assignmentCommitHash=363cdbf709a9fff149f813ab848ee800a675cc77, testCommitHash=a5e046ece417b2e538f21f816e2524dab61e0d10, branch=main, programmingLanguage=JAVA, projectType=PLAIN_GRADLE, scaEnabled=false, sequentialTestRunsEnabled=false, resultPaths=[/var/tmp/testing-dir/**/test-results/test/*.xml], timeoutSeconds=0, assignmentCheckoutPath=null, testCheckoutPath=null, solutionCheckoutPath=null, dockerRunConfig=null], submissionResult=ResultDTO[id=629, completionDate=2025-02-14T23:45:19.799820341Z[Etc/UTC], successful=false, score=0.0, rated=true, submission=SubmissionDTO[id=822, submitted=true, type=MANUAL, exampleSubmission=null, submissionDate=2025-02-14T23:45:19.775952Z, commitHash=363cdbf709a9fff149f813ab848ee800a675cc77, buildFailed=true, buildArtifact=false, participation=ParticipationDTO[id=1979, testRun=false, type=template, submissionCount=null, exercise=ParticipationExerciseDTO[id=2591, exerciseType=PROGRAMMING, type=programming, assessmentType=AUTOMATIC, dueDate=2025-02-16T23:45:18.950569Z, assessmentDueDate=null, maxPoints=42.0, course=CourseDTO[id=974, accuracyOfScores=1]]], submissionExerciseType=programming, isProcessing=false, buildStartDate=null, estimatedCompletionDate=null], participation=ParticipationDTO[id=1979, testRun=false, type=template, submissionCount=null, exercise=ParticipationExerciseDTO[id=2591, exerciseType=PROGRAMMING, type=programming, assessmentType=AUTOMATIC, dueDate=2025-02-16T23:45:18.950569Z, assessmentDueDate=null, maxPoints=42.0, course=CourseDTO[id=974, accuracyOfScores=1]]], feedbacks=[], assessmentType=AUTOMATIC, hasComplaint=null, exampleResult=null, testCaseCount=0, passedTestCaseCount=0, codeIssueCount=0]], BuildJobQueueItem[id=19781739576720235, name=SHORTB2A6C58B0D447045380A858075B170A5B7C6TSTEXC-SOLUTION, buildAgent=BuildAgentDTO[name=artemis-build-agent-test, memberAddress=[127.0.0.1]:5703, displayName=artemis-build-agent-test], participationId=1978, courseId=974, exerciseId=2591, retryCount=0, priority=2, status=FAILED, repositoryInfo=RepositoryInfo[repositoryName=shortb2a6c58b0d447045380a858075b170a5b7c6tstexc-solution, repositoryType=solution, triggeredByPushTo=solution, assignmentRepositoryUri=http://localhost:49152/git/SHORTB2A6C58B0D447045380A858075B170A5B7C6TSTEXC/shortb2a6c58b0d447045380a858075b170a5b7c6tstexc-solution.git, testRepositoryUri=http://localhost:49152/git/SHORTB2A6C58B0D447045380A858075B170A5B7C6TSTEXC/shortb2a6c58b0d447045380a858075b170a5b7c6tstexc-tests.git, solutionRepositoryUri=null, auxiliaryRepositoryUris=[Ljava.lang.String;@79631c9f, auxiliaryRepositoryCheckoutDirectories=[Ljava.lang.String;@6f1e9edd], jobTimingInfo=JobTimingInfo[submissionDate=2025-02-14T23:45:20.235272325Z[Etc/UTC], buildStartDate=2025-02-14T23:45:20.243033812Z[Etc/UTC], buildCompletionDate=2025-02-14T23:45:20.250721018Z[Etc/UTC], estimatedCompletionDate=2025-02-14T23:45:39.243026949Z[Etc/UTC], estimatedDuration=19], buildConfig=BuildConfig[buildScript=#!/bin/bash
cd /var/tmp/testing-dir
chmod +x ./gradlew
./gradlew clean test
, dockerImage=dummy-docker-image:latest, commitHashToBuild=c710d0e68c9c7db8cda7d1a278308de2b9642cc0, assignmentCommitHash=c710d0e68c9c7db8cda7d1a278308de2b9642cc0, testCommitHash=a5e046ece417b2e538f21f816e2524dab61e0d10, branch=main, programmingLanguage=JAVA, projectType=PLAIN_GRADLE, scaEnabled=false, sequentialTestRunsEnabled=false, resultPaths=[/var/tmp/testing-dir/**/test-results/test/*.xml], timeoutSeconds=0, assignmentCheckoutPath=null, testCheckoutPath=null, solutionCheckoutPath=null, dockerRunConfig=null], submissionResult=ResultDTO[id=630, completionDate=2025-02-14T23:45:20.250809893Z[Etc/UTC], successful=false, score=0.0, rated=true, submission=SubmissionDTO[id=823, submitted=true, type=MANUAL, exampleSubmission=null, submissionDate=2025-02-14T23:45:20.211707Z, commitHash=c710d0e68c9c7db8cda7d1a278308de2b9642cc0, buildFailed=true, buildArtifact=false, participation=ParticipationDTO[id=1978, testRun=false, type=solution, submissionCount=null, exercise=ParticipationExerciseDTO[id=2591, exerciseType=PROGRAMMING, type=programming, assessmentType=AUTOMATIC, dueDate=2025-02-16T23:45:18.950569Z, assessmentDueDate=null, maxPoints=42.0, course=CourseDTO[id=974, accuracyOfScores=1]]], submissionExerciseType=programming, isProcessing=false, buildStartDate=null, estimatedCompletionDate=null], participation=ParticipationDTO[id=1978, testRun=false, type=solution, submissionCount=null, exercise=ParticipationExerciseDTO[id=2591, exerciseType=PROGRAMMING, type=programming, assessmentType=AUTOMATIC, dueDate=2025-02-16T23:45:18.950569Z, assessmentDueDate=null, maxPoints=42.0, course=CourseDTO[id=974, accuracyOfScores=1]]], feedbacks=[], assessmentType=AUTOMATIC, hasComplaint=null, exampleResult=null, testCaseCount=0, passedTestCaseCount=0, codeIssueCount=0]], BuildJobQueueItem[id=19781739576720802, name=SHORTB2A6C58B0D447045380A858075B170A5B7C6TSTEXC-SOLUTION, buildAgent=BuildAgentDTO[name=artemis-build-agent-test, memberAddress=[127.0.0.1]:5703, displayName=artemis-build-agent-test], participationId=1978, courseId=974, exerciseId=2591, retryCount=0, priority=2, status=FAILED, repositoryInfo=RepositoryInfo[repositoryName=shortb2a6c58b0d447045380a858075b170a5b7c6tstexc-solution, repositoryType=solution, triggeredByPushTo=tests, assignmentRepositoryUri=http://localhost:49152/git/SHORTB2A6C58B0D447045380A858075B170A5B7C6TSTEXC/shortb2a6c58b0d447045380a858075b170a5b7c6tstexc-solution.git, testRepositoryUri=http://localhost:49152/git/SHORTB2A6C58B0D447045380A858075B170A5B7C6TSTEXC/shortb2a6c58b0d447045380a858075b170a5b7c6tstexc-tests.git, solutionRepositoryUri=null, auxiliaryRepositoryUris=[Ljava.lang.String;@74a33a7a, auxiliaryRepositoryCheckoutDirectories=[Ljava.lang.String;@22f58ef3], jobTimingInfo=JobTimingInfo[submissionDate=2025-02-14T23:45:20.802935026Z[Etc/UTC], buildStartDate=2025-02-14T23:45:20.809306435Z[Etc/UTC], buildCompletionDate=2025-02-14T23:45:20.822452342Z[Etc/UTC], estimatedCompletionDate=2025-02-14T23:45:39.809298491Z[Etc/UTC], estimatedDuration=19], buildConfig=BuildConfig[buildScript=#!/bin/bash
cd /var/tmp/testing-dir
chmod +x ./gradlew
./gradlew clean test
, dockerImage=dummy-docker-image:latest, commitHashToBuild=c710d0e68c9c7db8cda7d1a278308de2b9642cc0, assignmentCommitHash=c710d0e68c9c7db8cda7d1a278308de2b9642cc0, testCommitHash=c710d0e68c9c7db8cda7d1a278308de2b9642cc0, branch=main, programmingLanguage=JAVA, projectType=PLAIN_GRADLE, scaEnabled=false, sequentialTestRunsEnabled=false, resultPaths=[/var/tmp/testing-dir/**/test-results/test/*.xml], timeoutSeconds=0, assignmentCheckoutPath=null, testCheckoutPath=null, solutionCheckoutPath=null, dockerRunConfig=null], submissionResult=ResultDTO[id=631, completionDate=2025-02-14T23:45:20.822527362Z[Etc/UTC], successful=false, score=0.0, rated=true, submission=SubmissionDTO[id=824, submitted=true, type=TEST, exampleSubmission=null, submissionDate=2025-02-14T23:45:20.791240Z, commitHash=c710d0e68c9c7db8cda7d1a278308de2b9642cc0, buildFailed=true, buildArtifact=false, participation=ParticipationDTO[id=1978, testRun=false, type=solution, submissionCount=null, exercise=ParticipationExerciseDTO[id=2591, exerciseType=PROGRAMMING, type=programming, assessmentType=AUTOMATIC, dueDate=2025-02-16T23:45:18.950569Z, assessmentDueDate=null, maxPoints=42.0, course=CourseDTO[id=974, accuracyOfScores=1]]], submissionExerciseType=programming, isProcessing=false, buildStartDate=null, estimatedCompletionDate=null], participation=ParticipationDTO[id=1978, testRun=false, type=solution, submissionCount=null, exercise=ParticipationExerciseDTO[id=2591, exerciseType=PROGRAMMING, type=programming, assessmentType=AUTOMATIC, dueDate=2025-02-16T23:45:18.950569Z, assessmentDueDate=null, maxPoints=42.0, course=CourseDTO[id=974, accuracyOfScores=1]]], feedbacks=[], assessmentType=AUTOMATIC, hasComplaint=null, exampleResult=null, testCaseCount=0, passedTestCaseCount=0, codeIssueCount=0]], BuildJobQueueItem[id=20061739576732554, name=SHORT94A899E303D7504C5D0840704DAAFA3DFF4DTSTEXC-LOCALVCCIINTINSTRUCTOR1, buildAgent=BuildAgentDTO[name=artemis-build-agent-test, memberAddress=[127.0.0.1]:5703, displayName=artemis-build-agent-test], participationId=2006, courseId=984, exerciseId=2601, retryCount=0, priority=2, status=SUCCESSFUL, repositoryInfo=RepositoryInfo[repositoryName=short94a899e303d7504c5d0840704daafa3dff4dtstexc-localvcciintinstructor1, repositoryType=user, triggeredByPushTo=user, assignmentRepositoryUri=http://localhost:49152/git/SHORT94A899E303D7504C5D0840704DAAFA3DFF4DTSTEXC/short94a899e303d7504c5d0840704daafa3dff4dtstexc-localvcciintinstructor1.git, testRepositoryUri=http://localhost:49152/git/SHORT94A899E303D7504C5D0840704DAAFA3DFF4DTSTEXC/short94a899e303d7504c5d0840704daafa3dff4dtstexc-tests.git, solutionRepositoryUri=null, auxiliaryRepositoryUris=[Ljava.lang.String;@4393f9d6, auxiliaryRepositoryCheckoutDirectories=[Ljava.lang.String;@58606f0f], jobTimingInfo=JobTimingInfo[submissionDate=2025-02-14T23:45:32.554795798Z[Etc/UTC], buildStartDate=2025-02-14T23:45:32.567287465Z[Etc/UTC], buildCompletionDate=2025-02-14T23:45:34.535226768Z[Etc/UTC], estimatedCompletionDate=2025-02-14T23:45:51.567257960Z[Etc/UTC], estimatedDuration=19], buildConfig=BuildConfig[buildScript=#!/bin/bash
cd /var/tmp/testing-dir
chmod +x ./gradlew
./gradlew clean test
, dockerImage=dummy-docker-image:latest, commitHashToBuild=ca2dbc0ae87edf7035058a6a17c0ea60e90a290f, assignmentCommitHash=ca2dbc0ae87edf7035058a6a17c0ea60e90a290f, testCommitHash=0207f6f98af5fbb66ad68455f3fc3cf128af8ae9, branch=main, programmingLanguage=JAVA, projectType=PLAIN_GRADLE, scaEnabled=false, sequentialTestRunsEnabled=false, resultPaths=[/var/tmp/testing-dir/**/test-results/test/*.xml], timeoutSeconds=0, assignmentCheckoutPath=null, testCheckoutPath=null, solutionCheckoutPath=null, dockerRunConfig=null], submissionResult=ResultDTO[id=632, completionDate=2025-02-14T23:45:34.504415716Z[Etc/UTC], successful=false, score=7.7, rated=false, submission=SubmissionDTO[id=826, submitted=true, type=MANUAL, exampleSubmission=null, submissionDate=2025-02-14T23:45:32.541533Z, commitHash=ca2dbc0ae87edf7035058a6a17c0ea60e90a290f, buildFailed=false, buildArtifact=false, participation=ParticipationDTO[id=2006, testRun=true, type=programming, submissionCount=null, exercise=ParticipationExerciseDTO[id=2601, exerciseType=PROGRAMMING, type=programming, assessmentType=AUTOMATIC, dueDate=2025-02-16T23:45:31.864042Z, assessmentDueDate=null, maxPoints=42.0, course=CourseDTO[id=984, accuracyOfScores=1]]], submissionExerciseType=programming, isProcessing=false, buildStartDate=null, estimatedCompletionDate=null], participation=ParticipationDTO[id=2006, testRun=true, type=programming, submissionCount=null, exercise=ParticipationExerciseDTO[id=2601, exerciseType=PROGRAMMING, type=programming, assessmentType=AUTOMATIC, dueDate=2025-02-16T23:45:31.864042Z, assessmentDueDate=null, maxPoints=42.0, course=CourseDTO[id=984, accuracyOfScores=1]]], feedbacks=[FeedbackDTO[id=920, text=null, detailText=The exercise expects a class with the name Context in the package testpackage. You did not implement the class in the exercise., hasLongFeedbackText=false, reference=null, credits=0.0, positive=false, type=AUTOMATIC, visibility=ALWAYS, testCase=TestCaseDTO[testName=null, id=1357]], FeedbackDTO[id=921, text=null, detailText=The exercise expects a class with the name Policy in the package testpackage. You did not implement the class in the exercise., hasLongFeedbackText=false, reference=null, credits=0.0, positive=false, type=AUTOMATIC, visibility=ALWAYS, testCase=TestCaseDTO[testName=null, id=1358]], FeedbackDTO[id=922, text=null, detailText=The exercise expects a class with the name SortStrategy in the package testpackage. You did not implement the class in the exercise., hasLongFeedbackText=false, reference=null, credits=0.0, positive=false, type=AUTOMATIC, visibility=ALWAYS, testCase=TestCaseDTO[testName=null, id=1359]], FeedbackDTO[id=923, text=null, detailText=The class 'MergeSort' does not implement the interface 'SortStrategy' as expected. Implement the interface and its methods., hasLongFeedbackText=false, reference=null, credits=0.0, positive=false, type=AUTOMATIC, visibility=ALWAYS, testCase=TestCaseDTO[testName=null, id=1354]], FeedbackDTO[id=924, text=null, detailText=The exercise expects a class with the name SortStrategy in the package testpackage. You did not implement the class in the exercise., hasLongFeedbackText=false, reference=null, credits=0.0, positive=false, type=AUTOMATIC, visibility=ALWAYS, testCase=TestCaseDTO[testName=null, id=1351]], FeedbackDTO[id=925, text=null, detailText=The class 'BubbleSort' does not implement the interface 'SortStrategy' as expected. Implement the interface and its methods., hasLongFeedbackText=false, reference=null, credits=0.0, positive=false, type=AUTOMATIC, visibility=ALWAYS, testCase=TestCaseDTO[testName=null, id=1355]], FeedbackDTO[id=926, text=null, detailText=MergeSort does not sort correctly, hasLongFeedbackText=false, reference=null, credits=0.0, positive=false, type=AUTOMATIC, visibility=ALWAYS, testCase=TestCaseDTO[testName=null, id=1360]], FeedbackDTO[id=927, text=null, detailText=The class 'Context' was not found within the submission. Make sure to implement it properly., hasLongFeedbackText=false, reference=null, credits=0.0, positive=false, type=AUTOMATIC, visibility=ALWAYS, testCase=TestCaseDTO[testName=null, id=1361]], FeedbackDTO[id=928, text=null, detailText=The class 'Context' was not found within the submission. Make sure to implement it properly., hasLongFeedbackText=false, reference=null, credits=0.0, positive=false, type=AUTOMATIC, visibility=ALWAYS, testCase=TestCaseDTO[testName=null, id=1362]], FeedbackDTO[id=929, text=null, detailText=The exercise expects a class with the name Policy in the package testpackage. You did not implement the class in the exercise., hasLongFeedbackText=false, reference=null, credits=0.0, positive=false, type=AUTOMATIC, visibility=ALWAYS, testCase=TestCaseDTO[testName=null, id=1356]], FeedbackDTO[id=930, text=null, detailText=The exercise expects a class with the name Context in the package testpackage. You did not implement the class in the exercise., hasLongFeedbackText=false, reference=null, credits=0.0, positive=false, type=AUTOMATIC, visibility=ALWAYS, testCase=TestCaseDTO[testName=null, id=1352]], FeedbackDTO[id=931, text=null, detailText=The exercise expects a class with the name Policy in the package testpackage. You did not implement the class in the exercise., hasLongFeedbackText=false, reference=null, credits=0.0, positive=false, type=AUTOMATIC, visibility=ALWAYS, testCase=TestCaseDTO[testName=null, id=1353]], FeedbackDTO[id=932, text=null, detailText=null, hasLongFeedbackText=false, reference=null, credits=3.230769230769231, positive=true, type=AUTOMATIC, visibility=ALWAYS, testCase=TestCaseDTO[testName=null, id=1363]]], assessmentType=AUTOMATIC, hasComplaint=null, exampleResult=null, testCaseCount=13, passedTestCaseCount=1, codeIssueCount=0]], BuildJobQueueItem[id=20111739576737317, name=SHORTD49A6DAE04F9E049850BD5601663FD17A5B7TSTEXC-BASE, buildAgent=BuildAgentDTO[name=artemis-build-agent-test, memberAddress=[127.0.0.1]:5703, displayName=artemis-build-agent-test], participationId=2011, courseId=986, exerciseId=2603, retryCount=0, priority=2, status=SUCCESSFUL, repositoryInfo=RepositoryInfo[repositoryName=shortd49a6dae04f9e049850bd5601663fd17a5b7tstexc-exercise, repositoryType=exercise, triggeredByPushTo=exercise, assignmentRepositoryUri=http://localhost:49152/git/SHORTD49A6DAE04F9E049850BD5601663FD17A5B7TSTEXC/shortd49a6dae04f9e049850bd5601663fd17a5b7tstexc-exercise.git, testRepositoryUri=http://localhost:49152/git/SHORTD49A6DAE04F9E049850BD5601663FD17A5B7TSTEXC/shortd49a6dae04f9e049850bd5601663fd17a5b7tstexc-tests.git, solutionRepositoryUri=null, auxiliaryRepositoryUris=[Ljava.lang.String;@35fdfe93, auxiliaryRepositoryCheckoutDirectories=[Ljava.lang.String;@3b717cc9], jobTimingInfo=JobTimingInfo[submissionDate=2025-02-14T23:45:37.317968648Z[Etc/UTC], buildStartDate=2025-02-14T23:45:37.324534774Z[Etc/UTC], buildCompletionDate=2025-02-14T23:45:38.527225461Z[Etc/UTC], estimatedCompletionDate=2025-02-14T23:45:56.324506331Z[Etc/UTC], estimatedDuration=19], buildConfig=BuildConfig[buildScript=#!/bin/bash
cd /var/tmp/testing-dir
chmod +x ./gradlew
./gradlew clean test
, dockerImage=dummy-docker-image:latest, commitHashToBuild=c795243c185829bbefa399f45dcbcfac22311b2f, assignmentCommitHash=c795243c185829bbefa399f45dcbcfac22311b2f, testCommitHash=fa8b162170bf767d852e05e0eb7a128efa2e1f34, branch=main, programmingLanguage=JAVA, projectType=PLAIN_GRADLE, scaEnabled=false, sequentialTestRunsEnabled=false, resultPaths=[/var/tmp/testing-dir/**/test-results/test/*.xml], timeoutSeconds=0, assignmentCheckoutPath=null, testCheckoutPath=null, solutionCheckoutPath=null, dockerRunConfig=null], submissionResult=ResultDTO[id=633, completionDate=2025-02-14T23:45:38.476795726Z[Etc/UTC], successful=false, score=0.0, rated=true, submission=SubmissionDTO[id=827, submitted=true, type=MANUAL, exampleSubmission=null, submissionDate=2025-02-14T23:45:37.303401Z, commitHash=c795243c185829bbefa399f45dcbcfac22311b2f, buildFailed=false, buildArtifact=false, participation=ParticipationDTO[id=2011, testRun=false, type=template, submissionCount=null, exercise=ParticipationExerciseDTO[id=2603, exerciseType=PROGRAMMING, type=programming, assessmentType=AUTOMATIC, dueDate=2025-02-16T23:45:36.830269Z, assessmentDueDate=null, maxPoints=42.0, course=CourseDTO[id=986, accuracyOfScores=1]]], submissionExerciseType=programming, isProcessing=false, buildStartDate=null, estimatedCompletionDate=null], participation=ParticipationDTO[id=2011, testRun=false, type=template, submissionCount=null, exercise=ParticipationExerciseDTO[id=2603, exerciseType=PROGRAMMING, type=programming, assessmentType=AUTOMATIC, dueDate=2025-02-16T23:45:36.830269Z, assessmentDueDate=null, maxPoints=42.0, course=CourseDTO[id=986, accuracyOfScores=1]]], feedbacks=[FeedbackDTO[id=933, text=null, detailText=The exercise expects a class with the name Context in the package testpackage. You did not implement the class in the exercise., hasLongFeedbackText=false, reference=null, credits=0.0, positive=false, type=AUTOMATIC, visibility=ALWAYS, testCase=TestCaseDTO[testName=testMethods[Context], id=1383]], FeedbackDTO[id=934, text=null, detailText=The exercise expects a class with the name Policy in the package testpackage. You did not implement the class in the exercise., hasLongFeedbackText=false, reference=null, credits=0.0, positive=false, type=AUTOMATIC, visibility=ALWAYS, testCase=TestCaseDTO[testName=testMethods[Policy], id=1384]], FeedbackDTO[id=935, text=null, detailText=The exercise expects a class with the name SortStrategy in the package testpackage. You did not implement the class in the exercise., hasLongFeedbackText=false, reference=null, credits=0.0, positive=false, type=AUTOMATIC, visibility=ALWAYS, testCase=TestCaseDTO[testName=testMethods[SortStrategy], id=1385]], FeedbackDTO[id=936, text=null, detailText=The class 'MergeSort' does not implement the interface 'SortStrategy' as expected. Implement the interface and its methods., hasLongFeedbackText=false, reference=null, credits=0.0, positive=false, type=AUTOMATIC, visibility=ALWAYS, testCase=TestCaseDTO[testName=testClass[MergeSort], id=1380]], FeedbackDTO[id=937, text=null, detailText=The exercise expects a class with the name SortStrategy in the package testpackage. You did not implement the class in the exercise., hasLongFeedbackText=false, reference=null, credits=0.0, positive=false, type=AUTOMATIC, visibility=ALWAYS, testCase=TestCaseDTO[testName=testClass[SortStrategy], id=1377]], FeedbackDTO[id=938, text=null, detailText=The class 'BubbleSort' does not implement the interface 'SortStrategy' as expected. Implement the interface and its methods., hasLongFeedbackText=false, reference=null, credits=0.0, positive=false, type=AUTOMATIC, visibility=ALWAYS, testCase=TestCaseDTO[testName=testClass[BubbleSort], id=1381]], FeedbackDTO[id=939, text=null, detailText=MergeSort does not sort correctly, hasLongFeedbackText=false, reference=null, credits=0.0, positive=false, type=AUTOMATIC, visibility=ALWAYS, testCase=TestCaseDTO[testName=testMergeSort(), id=1386]], FeedbackDTO[id=940, text=null, detailText=The class 'Context' was not found within the submission. Make sure to implement it properly., hasLongFeedbackText=false, reference=null, credits=0.0, positive=false, type=AUTOMATIC, visibility=ALWAYS, testCase=TestCaseDTO[testName=testUseBubbleSortForSmallList(), id=1387]], FeedbackDTO[id=941, text=null, detailText=BubbleSort does not sort correctly, hasLongFeedbackText=false, reference=null, credits=0.0, positive=false, type=AUTOMATIC, visibility=ALWAYS, testCase=TestCaseDTO[testName=testBubbleSort(), id=1389]], FeedbackDTO[id=942, text=null, detailText=The class 'Context' was not found within the submission. Make sure to implement it properly., hasLongFeedbackText=false, reference=null, credits=0.0, positive=false, type=AUTOMATIC, visibility=ALWAYS, testCase=TestCaseDTO[testName=testUseMergeSortForBigList(), id=1388]], FeedbackDTO[id=943, text=null, detailText=The exercise expects a class with the name Policy in the package testpackage. You did not implement the class in the exercise., hasLongFeedbackText=false, reference=null, credits=0.0, positive=false, type=AUTOMATIC, visibility=ALWAYS, testCase=TestCaseDTO[testName=testConstructors[Policy], id=1382]], FeedbackDTO[id=944, text=null, detailText=The exercise expects a class with the name Context in the package testpackage. You did not implement the class in the exercise., hasLongFeedbackText=false, reference=null, credits=0.0, positive=false, type=AUTOMATIC, visibility=ALWAYS, testCase=TestCaseDTO[testName=testAttributes[Context], id=1378]], FeedbackDTO[id=945, text=null, detailText=The exercise expects a class with the name Policy in the package testpackage. You did not implement the class in the exercise., hasLongFeedbackText=false, reference=null, credits=0.0, positive=false, type=AUTOMATIC, visibility=ALWAYS, testCase=TestCaseDTO[testName=testAttributes[Policy], id=1379]]], assessmentType=AUTOMATIC, hasComplaint=null, exampleResult=null, testCaseCount=13, passedTestCaseCount=0, codeIssueCount=0]], BuildJobQueueItem[id=20171739576740018, name=SHORT7914AFA00ADC3047140B99D01AC07810CE44TSTEXC-LOCALVCCIINTSTUDENT1, buildAgent=BuildAgentDTO[name=artemis-build-agent-test, memberAddress=[127.0.0.1]:5703, displayName=artemis-build-agent-test], participationId=2017, courseId=988, exerciseId=2605, retryCount=0, priority=2, status=SUCCESSFUL, repositoryInfo=RepositoryInfo[repositoryName=short7914afa00adc3047140b99d01ac07810ce44tstexc-practice-localvcciintstudent1, repositoryType=user, triggeredByPushTo=user, assignmentRepositoryUri=http://localhost:49152/git/SHORT7914AFA00ADC3047140B99D01AC07810CE44TSTEXC/short7914afa00adc3047140b99d01ac07810ce44tstexc-practice-localvcciintstudent1.git, testRepositoryUri=http://localhost:49152/git/SHORT7914AFA00ADC3047140B99D01AC07810CE44TSTEXC/short7914afa00adc3047140b99d01ac07810ce44tstexc-tests.git, solutionRepositoryUri=null, auxiliaryRepositoryUris=[Ljava.lang.String;@67f07f38, auxiliaryRepositoryCheckoutDirectories=[Ljava.lang.String;@3cb37cde], jobTimingInfo=JobTimingInfo[submissionDate=2025-02-14T23:45:40.018961253Z[Etc/UTC], buildStartDate=2025-02-14T23:45:40.029742701Z[Etc/UTC], buildCompletionDate=2025-02-14T23:45:41.150208242Z[Etc/UTC], estimatedCompletionDate=2025-02-14T23:45:59.029734065Z[Etc/UTC], estimatedDuration=19], buildConfig=BuildConfig[buildScript=#!/bin/bash
cd /var/tmp/testing-dir
chmod +x ./gradlew
./gradlew clean test
, dockerImage=dummy-docker-image:latest, commitHashToBuild=d80b57877989b971e83ccdb4863c8a7023c76266, assignmentCommitHash=d80b57877989b971e83ccdb4863c8a7023c76266, testCommitHash=327b116890c92b1312314341f43f21ef13ecf7d7, branch=main, programmingLanguage=JAVA, projectType=PLAIN_GRADLE, scaEnabled=false, sequentialTestRunsEnabled=false, resultPaths=[/var/tmp/testing-dir/**/test-results/test/*.xml], timeoutSeconds=0, assignmentCheckoutPath=null, testCheckoutPath=null, solutionCheckoutPath=null, dockerRunConfig=null], submissionResult=ResultDTO[id=634, completionDate=2025-02-14T23:45:41.120192603Z[Etc/UTC], successful=false, score=7.7, rated=false, submission=SubmissionDTO[id=828, submitted=true, type=MANUAL, exampleSubmission=null, submissionDate=2025-02-14T23:45:40.008666Z, commitHash=d80b57877989b971e83ccdb4863c8a7023c76266, buildFailed=false, buildArtifact=false, participation=ParticipationDTO[id=2017, testRun=true, type=programming, submissionCount=null, exercise=ParticipationExerciseDTO[id=2605, exerciseType=PROGRAMMING, type=programming, assessmentType=AUTOMATIC, dueDate=2025-02-16T23:45:39.523500Z, assessmentDueDate=null, maxPoints=42.0, course=CourseDTO[id=988, accuracyOfScores=1]]], submissionExerciseType=programming, isProcessing=false, buildStartDate=null, estimatedCompletionDate=null], participation=ParticipationDTO[id=2017, testRun=true, type=programming, submissionCount=null, exercise=ParticipationExerciseDTO[id=2605, exerciseType=PROGRAMMING, type=programming, assessmentType=AUTOMATIC, dueDate=2025-02-16T23:45:39.523500Z, assessmentDueDate=null, maxPoints=42.0, course=CourseDTO[id=988, accuracyOfScores=1]]], feedbacks=[FeedbackDTO[id=946, text=null, detailText=The exercise expects a class with the name Context in the package testpackage. You did not implement the class in the exercise., hasLongFeedbackText=false, reference=null, credits=0.0, positive=false, type=AUTOMATIC, visibility=ALWAYS, testCase=TestCaseDTO[testName=null, id=1409]], FeedbackDTO[id=947, text=null, detailText=The exercise expects a class with the name Policy in the package testpackage. You did not implement the class in the exercise., hasLongFeedbackText=false, reference=null, credits=0.0, positive=false, type=AUTOMATIC, visibility=ALWAYS, testCase=TestCaseDTO[testName=null, id=1410]], FeedbackDTO[id=948, text=null, detailText=The exercise expects a class with the name SortStrategy in the package testpackage. You did not implement the class in the exercise., hasLongFeedbackText=false, reference=null, credits=0.0, positive=false, type=AUTOMATIC, visibility=ALWAYS, testCase=TestCaseDTO[testName=null, id=1411]], FeedbackDTO[id=949, text=null, detailText=The class 'MergeSort' does not implement the interface 'SortStrategy' as expected. Implement the interface and its methods., hasLongFeedbackText=false, reference=null, credits=0.0, positive=false, type=AUTOMATIC, visibility=ALWAYS, testCase=TestCaseDTO[testName=null, id=1406]], FeedbackDTO[id=950, text=null, detailText=The exercise expects a class with the name SortStrategy in the package testpackage. You did not implement the class in the exercise., hasLongFeedbackText=false, reference=null, credits=0.0, positive=false, type=AUTOMATIC, visibility=ALWAYS, testCase=TestCaseDTO[testName=null, id=1403]], FeedbackDTO[id=951, text=null, detailText=The class 'BubbleSort' does not implement the interface 'SortStrategy' as expected. Implement the interface and its methods., hasLongFeedbackText=false, reference=null, credits=0.0, positive=false, type=AUTOMATIC, visibility=ALWAYS, testCase=TestCaseDTO[testName=null, id=1407]], FeedbackDTO[id=952, text=null, detailText=MergeSort does not sort correctly, hasLongFeedbackText=false, reference=null, credits=0.0, positive=false, type=AUTOMATIC, visibility=ALWAYS, testCase=TestCaseDTO[testName=null, id=1412]], FeedbackDTO[id=953, text=null, detailText=The class 'Context' was not found within the submission. Make sure to implement it properly., hasLongFeedbackText=false, reference=null, credits=0.0, positive=false, type=AUTOMATIC, visibility=ALWAYS, testCase=TestCaseDTO[testName=null, id=1413]], FeedbackDTO[id=954, text=null, detailText=The class 'Context' was not found within the submission. Make sure to implement it properly., hasLongFeedbackText=false, reference=null, credits=0.0, positive=false, type=AUTOMATIC, visibility=ALWAYS, testCase=TestCaseDTO[testName=null, id=1414]], FeedbackDTO[id=955, text=null, detailText=The exercise expects a class with the name Policy in the package testpackage. You did not implement the class in the exercise., hasLongFeedbackText=false, reference=null, credits=0.0, positive=false, type=AUTOMATIC, visibility=ALWAYS, testCase=TestCaseDTO[testName=null, id=1408]], FeedbackDTO[id=956, text=null, detailText=The exercise expects a class with the name Context in the package testpackage. You did not implement the class in the exercise., hasLongFeedbackText=false, reference=null, credits=0.0, positive=false, type=AUTOMATIC, visibility=ALWAYS, testCase=TestCaseDTO[testName=null, id=1404]], FeedbackDTO[id=957, text=null, detailText=The exercise expects a class with the name Policy in the package testpackage. You did not implement the class in the exercise., hasLongFeedbackText=false, reference=null, credits=0.0, positive=false, type=AUTOMATIC, visibility=ALWAYS, testCase=TestCaseDTO[testName=null, id=1405]], FeedbackDTO[id=958, text=null, detailText=null, hasLongFeedbackText=false, reference=null, credits=3.230769230769231, positive=true, type=AUTOMATIC, visibility=ALWAYS, testCase=TestCaseDTO[testName=null, id=1415]]], assessmentType=AUTOMATIC, hasComplaint=null, exampleResult=null, testCaseCount=13, passedTestCaseCount=1, codeIssueCount=0]]], publicSshKey=ssh-rsa AAAAB3NzaC1yc2EAAAADAQABAAACAQCOPdMsxRE2jFJ/UEa5/LsBxtwzJcrh3/rYBCQvcMeVpiRfhzQPWu7mrt/G2Ew+i+vRloGH9aqKg6dd1liRncao53Zmd/ePxoatXePNhmzTfkCkcSkTUz7B+QMjkoDDV5jwuFPD6mF3JkhuzSi64n9Zy905t4w2IhVcjM2mL3eYNjiCXt6Qpq3Pkt7dM/Ksw1nxnvuiIALuJLB3FTkXkHqq3PJav+9HSq2r6ZaWgekneaGxlQlb+U+Vy3XOuArKAzK8c8i+0bR+AHiTG6ncYXt7ax3U+TdlDTF7OLP3umwaYjs1NBXOHwG42pevvpKn2fqavZZozk+M05jXLx3bq0O7itxfErWc7etky8qYPyyIMF/txQIVLd78+Ze4d7Y60t5MGbXM5cGE6fFif5fEJwgswXD+BrG0cafz1CTatjSKFdvp8Vp4VszXhHDan1PrP6JEFJ5Cc5GDmLRZPCFa3vL9f5qXgf4bkqKN8MYeEujwJE5nMRWoiJVNakix2bcrrneQMBlnYeYZVWXXXUusAQBzl4NgddC1umZpihZkL1b1MffZAUW3EGEXi7KHnllQhkTLLsQ8ntMgbylqaJKStqaXlLvdeRJcEnUuiFCrHEVVbXRFZR7XVDZ02CE5o3MuaRPty8Kh+jRTF3COlAckHwYEJCNNJvXFgb2CNXL4mjzYDw== test@localhost]
    23:45:45.040 | 566 localvc.event-13 | DEBUG | s.l.LocalCIWebsocketMessagingService : Sending message on topic /topic/admin/build-agents: [BuildAgentInformation[buildAgent=BuildAgentDTO[name=artemis-build-agent-test, memberAddress=[127.0.0.1]:5703, displayName=artemis-build-agent-test], maxNumberOfConcurrentBuildJobs=1, numberOfCurrentBuildJobs=0, runningBuildJobs=[], status=IDLE, recentBuildJobs=null, publicSshKey=null]]
    23:45:45.046 | 566 localvc.event-13 | DEBUG | s.l.LocalCIWebsocketMessagingService : Sending message on topic /topic/admin/build-agent/artemis-build-agent-test: BuildAgentInformation[buildAgent=BuildAgentDTO[name=artemis-build-agent-test, memberAddress=[127.0.0.1]:5703, displayName=artemis-build-agent-test], maxNumberOfConcurrentBuildJobs=1, numberOfCurrentBuildJobs=0, runningBuildJobs=[], status=IDLE, recentBuildJobs=[BuildJobQueueItem[id=19141739576708030, name=SHORT5F02A8F400311042E70858306EB148073CFDTSTEXC-LOCALVCINTSTUDENT1, buildAgent=BuildAgentDTO[name=artemis-build-agent-test, memberAddress=[127.0.0.1]:5703, displayName=artemis-build-agent-test], participationId=1914, courseId=947, exerciseId=2564, retryCount=0, priority=2, status=FAILED, repositoryInfo=RepositoryInfo[repositoryName=short5f02a8f400311042e70858306eb148073cfdtstexc-localvcintstudent1, repositoryType=user, triggeredByPushTo=user, assignmentRepositoryUri=http://localhost:49152/git/SHORT5F02A8F400311042E70858306EB148073CFDTSTEXC/short5f02a8f400311042e70858306eb148073cfdtstexc-localvcintstudent1.git, testRepositoryUri=http://localhost:49152/git/SHORT5F02A8F400311042E70858306EB148073CFDTSTEXC/short5f02a8f400311042e70858306eb148073cfdtstexc-tests.git, solutionRepositoryUri=null, auxiliaryRepositoryUris=[Ljava.lang.String;@32aa07d3, auxiliaryRepositoryCheckoutDirectories=[Ljava.lang.String;@1558c8d4], jobTimingInfo=JobTimingInfo[submissionDate=2025-02-14T23:45:08.030118216Z[Etc/UTC], buildStartDate=2025-02-14T23:45:08.041011412Z[Etc/UTC], buildCompletionDate=2025-02-14T23:45:08.054603331Z[Etc/UTC], estimatedCompletionDate=2025-02-14T23:45:27.041005080Z[Etc/UTC], estimatedDuration=19], buildConfig=BuildConfig[buildScript=#!/bin/bash
cd /var/tmp/testing-dir
chmod +x ./gradlew
./gradlew clean test
, dockerImage=dummy-docker-image:latest, commitHashToBuild=6e7146cac5059504aa9d170ec3fa23aec740bb51, assignmentCommitHash=6e7146cac5059504aa9d170ec3fa23aec740bb51, testCommitHash=931e5303581c7a2f01339ba603cfafbfe668b901, branch=main, programmingLanguage=JAVA, projectType=PLAIN_GRADLE, scaEnabled=false, sequentialTestRunsEnabled=false, resultPaths=[/var/tmp/testing-dir/**/test-results/test/*.xml], timeoutSeconds=0, assignmentCheckoutPath=null, testCheckoutPath=null, solutionCheckoutPath=null, dockerRunConfig=null], submissionResult=ResultDTO[id=622, completionDate=2025-02-14T23:45:08.054683681Z[Etc/UTC], successful=false, score=0.0, rated=true, submission=SubmissionDTO[id=814, submitted=true, type=MANUAL, exampleSubmission=null, submissionDate=2025-02-14T23:45:08.016200Z, commitHash=6e7146cac5059504aa9d170ec3fa23aec740bb51, buildFailed=true, buildArtifact=false, participation=ParticipationDTO[id=1914, testRun=false, type=programming, submissionCount=null, exercise=ParticipationExerciseDTO[id=2564, exerciseType=PROGRAMMING, type=programming, assessmentType=AUTOMATIC, dueDate=2025-02-16T23:45:07.324348Z, assessmentDueDate=null, maxPoints=42.0, course=CourseDTO[id=947, accuracyOfScores=1]]], submissionExerciseType=programming, isProcessing=false, buildStartDate=null, estimatedCompletionDate=null], participation=ParticipationDTO[id=1914, testRun=false, type=programming, submissionCount=null, exercise=ParticipationExerciseDTO[id=2564, exerciseType=PROGRAMMING, type=programming, assessmentType=AUTOMATIC, dueDate=2025-02-16T23:45:07.324348Z, assessmentDueDate=null, maxPoints=42.0, course=CourseDTO[id=947, accuracyOfScores=1]]], feedbacks=[], assessmentType=AUTOMATIC, hasComplaint=null, exampleResult=null, testCaseCount=0, passedTestCaseCount=0, codeIssueCount=0]], BuildJobQueueItem[id=19361739576711303, name=SHORT9AFDAE3804CA304DDF0889A0CB0F56104A86TSTEXC-LOCALVCINTSTUDENT1, buildAgent=BuildAgentDTO[name=artemis-build-agent-test, memberAddress=[127.0.0.1]:5703, displayName=artemis-build-agent-test], participationId=1936, courseId=956, exerciseId=2573, retryCount=0, priority=2, status=FAILED, repositoryInfo=RepositoryInfo[repositoryName=short9afdae3804ca304ddf0889a0cb0f56104a86tstexc-localvcintstudent1, repositoryType=user, triggeredByPushTo=user, assignmentRepositoryUri=http://localhost:49152/git/SHORT9AFDAE3804CA304DDF0889A0CB0F56104A86TSTEXC/short9afdae3804ca304ddf0889a0cb0f56104a86tstexc-localvcintstudent1.git, testRepositoryUri=http://localhost:49152/git/SHORT9AFDAE3804CA304DDF0889A0CB0F56104A86TSTEXC/short9afdae3804ca304ddf0889a0cb0f56104a86tstexc-tests.git, solutionRepositoryUri=null, auxiliaryRepositoryUris=[Ljava.lang.String;@737b733e, auxiliaryRepositoryCheckoutDirectories=[Ljava.lang.String;@188bbd96], jobTimingInfo=JobTimingInfo[submissionDate=2025-02-14T23:45:11.303805653Z[Etc/UTC], buildStartDate=2025-02-14T23:45:11.310981356Z[Etc/UTC], buildCompletionDate=2025-02-14T23:45:11.319178384Z[Etc/UTC], estimatedCompletionDate=2025-02-14T23:45:30.310974944Z[Etc/UTC], estimatedDuration=19], buildConfig=BuildConfig[buildScript=#!/bin/bash
cd /var/tmp/testing-dir
chmod +x ./gradlew
./gradlew clean test
, dockerImage=dummy-docker-image:latest, commitHashToBuild=a1099e378cffde441ef85f9b12577ca174b8e1e4, assignmentCommitHash=a1099e378cffde441ef85f9b12577ca174b8e1e4, testCommitHash=bd38d61c299ab11a1dea82a3ca5493fe04d97d47, branch=main, programmingLanguage=JAVA, projectType=PLAIN_GRADLE, scaEnabled=false, sequentialTestRunsEnabled=false, resultPaths=[/var/tmp/testing-dir/**/test-results/test/*.xml], timeoutSeconds=0, assignmentCheckoutPath=null, testCheckoutPath=null, solutionCheckoutPath=null, dockerRunConfig=null], submissionResult=ResultDTO[id=623, completionDate=2025-02-14T23:45:11.319278430Z[Etc/UTC], successful=false, score=0.0, rated=true, submission=SubmissionDTO[id=815, submitted=true, type=MANUAL, exampleSubmission=null, submissionDate=2025-02-14T23:45:11.294386Z, commitHash=a1099e378cffde441ef85f9b12577ca174b8e1e4, buildFailed=true, buildArtifact=false, participation=ParticipationDTO[id=1936, testRun=false, type=programming, submissionCount=null, exercise=ParticipationExerciseDTO[id=2573, exerciseType=PROGRAMMING, type=programming, assessmentType=AUTOMATIC, dueDate=2025-02-16T23:45:10.996982Z, assessmentDueDate=null, maxPoints=42.0, course=CourseDTO[id=956, accuracyOfScores=1]]], submissionExerciseType=programming, isProcessing=false, buildStartDate=null, estimatedCompletionDate=null], participation=ParticipationDTO[id=1936, testRun=false, type=programming, submissionCount=null, exercise=ParticipationExerciseDTO[id=2573, exerciseType=PROGRAMMING, type=programming, assessmentType=AUTOMATIC, dueDate=2025-02-16T23:45:10.996982Z, assessmentDueDate=null, maxPoints=42.0, course=CourseDTO[id=956, accuracyOfScores=1]]], feedbacks=[], assessmentType=AUTOMATIC, hasComplaint=null, exampleResult=null, testCaseCount=0, passedTestCaseCount=0, codeIssueCount=0]], BuildJobQueueItem[id=19351739576711674, name=SHORT9AFDAE3804CA304DDF0889A0CB0F56104A86TSTEXC-BASE, buildAgent=BuildAgentDTO[name=artemis-build-agent-test, memberAddress=[127.0.0.1]:5703, displayName=artemis-build-agent-test], participationId=1935, courseId=956, exerciseId=2573, retryCount=0, priority=2, status=FAILED, repositoryInfo=RepositoryInfo[repositoryName=short9afdae3804ca304ddf0889a0cb0f56104a86tstexc-exercise, repositoryType=exercise, triggeredByPushTo=exercise, assignmentRepositoryUri=http://localhost:49152/git/SHORT9AFDAE3804CA304DDF0889A0CB0F56104A86TSTEXC/short9afdae3804ca304ddf0889a0cb0f56104a86tstexc-exercise.git, testRepositoryUri=http://localhost:49152/git/SHORT9AFDAE3804CA304DDF0889A0CB0F56104A86TSTEXC/short9afdae3804ca304ddf0889a0cb0f56104a86tstexc-tests.git, solutionRepositoryUri=null, auxiliaryRepositoryUris=[Ljava.lang.String;@7afdb5cb, auxiliaryRepositoryCheckoutDirectories=[Ljava.lang.String;@2930dc28], jobTimingInfo=JobTimingInfo[submissionDate=2025-02-14T23:45:11.674556681Z[Etc/UTC], buildStartDate=2025-02-14T23:45:11.677776879Z[Etc/UTC], buildCompletionDate=2025-02-14T23:45:11.688097378Z[Etc/UTC], estimatedCompletionDate=2025-02-14T23:45:30.677771620Z[Etc/UTC], estimatedDuration=19], buildConfig=BuildConfig[buildScript=#!/bin/bash
cd /var/tmp/testing-dir
chmod +x ./gradlew
./gradlew clean test
, dockerImage=dummy-docker-image:latest, commitHashToBuild=a1099e378cffde441ef85f9b12577ca174b8e1e4, assignmentCommitHash=a1099e378cffde441ef85f9b12577ca174b8e1e4, testCommitHash=bd38d61c299ab11a1dea82a3ca5493fe04d97d47, branch=main, programmingLanguage=JAVA, projectType=PLAIN_GRADLE, scaEnabled=false, sequentialTestRunsEnabled=false, resultPaths=[/var/tmp/testing-dir/**/test-results/test/*.xml], timeoutSeconds=0, assignmentCheckoutPath=null, testCheckoutPath=null, solutionCheckoutPath=null, dockerRunConfig=null], submissionResult=ResultDTO[id=624, completionDate=2025-02-14T23:45:11.688214837Z[Etc/UTC], successful=false, score=0.0, rated=true, submission=SubmissionDTO[id=816, submitted=true, type=MANUAL, exampleSubmission=null, submissionDate=2025-02-14T23:45:11.656934Z, commitHash=a1099e378cffde441ef85f9b12577ca174b8e1e4, buildFailed=true, buildArtifact=false, participation=ParticipationDTO[id=1935, testRun=false, type=template, submissionCount=null, exercise=ParticipationExerciseDTO[id=2573, exerciseType=PROGRAMMING, type=programming, assessmentType=AUTOMATIC, dueDate=2025-02-16T23:45:10.996982Z, assessmentDueDate=null, maxPoints=42.0, course=CourseDTO[id=956, accuracyOfScores=1]]], submissionExerciseType=programming, isProcessing=false, buildStartDate=null, estimatedCompletionDate=null], participation=ParticipationDTO[id=1935, testRun=false, type=template, submissionCount=null, exercise=ParticipationExerciseDTO[id=2573, exerciseType=PROGRAMMING, type=programming, assessmentType=AUTOMATIC, dueDate=2025-02-16T23:45:10.996982Z, assessmentDueDate=null, maxPoints=42.0, course=CourseDTO[id=956, accuracyOfScores=1]]], feedbacks=[], assessmentType=AUTOMATIC, hasComplaint=null, exampleResult=null, testCaseCount=0, passedTestCaseCount=0, codeIssueCount=0]], BuildJobQueueItem[id=19341739576712112, name=SHORT9AFDAE3804CA304DDF0889A0CB0F56104A86TSTEXC-SOLUTION, buildAgent=BuildAgentDTO[name=artemis-build-agent-test, memberAddress=[127.0.0.1]:5703, displayName=artemis-build-agent-test], participationId=1934, courseId=956, exerciseId=2573, retryCount=0, priority=2, status=FAILED, repositoryInfo=RepositoryInfo[repositoryName=short9afdae3804ca304ddf0889a0cb0f56104a86tstexc-solution, repositoryType=solution, triggeredByPushTo=solution, assignmentRepositoryUri=http://localhost:49152/git/SHORT9AFDAE3804CA304DDF0889A0CB0F56104A86TSTEXC/short9afdae3804ca304ddf0889a0cb0f56104a86tstexc-solution.git, testRepositoryUri=http://localhost:49152/git/SHORT9AFDAE3804CA304DDF0889A0CB0F56104A86TSTEXC/short9afdae3804ca304ddf0889a0cb0f56104a86tstexc-tests.git, solutionRepositoryUri=null, auxiliaryRepositoryUris=[Ljava.lang.String;@17ab8b3, auxiliaryRepositoryCheckoutDirectories=[Ljava.lang.String;@4458c207], jobTimingInfo=JobTimingInfo[submissionDate=2025-02-14T23:45:12.112332872Z[Etc/UTC], buildStartDate=2025-02-14T23:45:12.121617114Z[Etc/UTC], buildCompletionDate=2025-02-14T23:45:12.127931701Z[Etc/UTC], estimatedCompletionDate=2025-02-14T23:45:31.121609600Z[Etc/UTC], estimatedDuration=19], buildConfig=BuildConfig[buildScript=#!/bin/bash
cd /var/tmp/testing-dir
chmod +x ./gradlew
./gradlew clean test
, dockerImage=dummy-docker-image:latest, commitHashToBuild=a1099e378cffde441ef85f9b12577ca174b8e1e4, assignmentCommitHash=a1099e378cffde441ef85f9b12577ca174b8e1e4, testCommitHash=bd38d61c299ab11a1dea82a3ca5493fe04d97d47, branch=main, programmingLanguage=JAVA, projectType=PLAIN_GRADLE, scaEnabled=false, sequentialTestRunsEnabled=false, resultPaths=[/var/tmp/testing-dir/**/test-results/test/*.xml], timeoutSeconds=0, assignmentCheckoutPath=null, testCheckoutPath=null, solutionCheckoutPath=null, dockerRunConfig=null], submissionResult=ResultDTO[id=625, completionDate=2025-02-14T23:45:12.128011800Z[Etc/UTC], successful=false, score=0.0, rated=true, submission=SubmissionDTO[id=817, submitted=true, type=MANUAL, exampleSubmission=null, submissionDate=2025-02-14T23:45:12.098737Z, commitHash=a1099e378cffde441ef85f9b12577ca174b8e1e4, buildFailed=true, buildArtifact=false, participation=ParticipationDTO[id=1934, testRun=false, type=solution, submissionCount=null, exercise=ParticipationExerciseDTO[id=2573, exerciseType=PROGRAMMING, type=programming, assessmentType=AUTOMATIC, dueDate=2025-02-16T23:45:10.996982Z, assessmentDueDate=null, maxPoints=42.0, course=CourseDTO[id=956, accuracyOfScores=1]]], submissionExerciseType=programming, isProcessing=false, buildStartDate=null, estimatedCompletionDate=null], participation=ParticipationDTO[id=1934, testRun=false, type=solution, submissionCount=null, exercise=ParticipationExerciseDTO[id=2573, exerciseType=PROGRAMMING, type=programming, assessmentType=AUTOMATIC, dueDate=2025-02-16T23:45:10.996982Z, assessmentDueDate=null, maxPoints=42.0, course=CourseDTO[id=956, accuracyOfScores=1]]], feedbacks=[], assessmentType=AUTOMATIC, hasComplaint=null, exampleResult=null, testCaseCount=0, passedTestCaseCount=0, codeIssueCount=0]], BuildJobQueueItem[id=19341739576713025, name=SHORT9AFDAE3804CA304DDF0889A0CB0F56104A86TSTEXC-SOLUTION, buildAgent=BuildAgentDTO[name=artemis-build-agent-test, memberAddress=[127.0.0.1]:5703, displayName=artemis-build-agent-test], participationId=1934, courseId=956, exerciseId=2573, retryCount=0, priority=2, status=FAILED, repositoryInfo=RepositoryInfo[repositoryName=short9afdae3804ca304ddf0889a0cb0f56104a86tstexc-solution, repositoryType=solution, triggeredByPushTo=tests, assignmentRepositoryUri=http://localhost:49152/git/SHORT9AFDAE3804CA304DDF0889A0CB0F56104A86TSTEXC/short9afdae3804ca304ddf0889a0cb0f56104a86tstexc-solution.git, testRepositoryUri=http://localhost:49152/git/SHORT9AFDAE3804CA304DDF0889A0CB0F56104A86TSTEXC/short9afdae3804ca304ddf0889a0cb0f56104a86tstexc-tests.git, solutionRepositoryUri=null, auxiliaryRepositoryUris=[Ljava.lang.String;@531c64aa, auxiliaryRepositoryCheckoutDirectories=[Ljava.lang.String;@7c62337d], jobTimingInfo=JobTimingInfo[submissionDate=2025-02-14T23:45:13.025319671Z[Etc/UTC], buildStartDate=2025-02-14T23:45:13.040293146Z[Etc/UTC], buildCompletionDate=2025-02-14T23:45:13.053032917Z[Etc/UTC], estimatedCompletionDate=2025-02-14T23:45:32.040285703Z[Etc/UTC], estimatedDuration=19], buildConfig=BuildConfig[buildScript=#!/bin/bash
cd /var/tmp/testing-dir
chmod +x ./gradlew
./gradlew clean test
, dockerImage=dummy-docker-image:latest, commitHashToBuild=784f8f0049d2a1a54f21c67dd772bea86715267a, assignmentCommitHash=a1099e378cffde441ef85f9b12577ca174b8e1e4, testCommitHash=784f8f0049d2a1a54f21c67dd772bea86715267a, branch=main, programmingLanguage=JAVA, projectType=PLAIN_GRADLE, scaEnabled=false, sequentialTestRunsEnabled=false, resultPaths=[/var/tmp/testing-dir/**/test-results/test/*.xml], timeoutSeconds=0, assignmentCheckoutPath=null, testCheckoutPath=null, solutionCheckoutPath=null, dockerRunConfig=null], submissionResult=ResultDTO[id=626, completionDate=2025-02-14T23:45:13.053131811Z[Etc/UTC], successful=false, score=0.0, rated=true, submission=SubmissionDTO[id=818, submitted=true, type=TEST, exampleSubmission=null, submissionDate=2025-02-14T23:45:13.005779Z, commitHash=784f8f0049d2a1a54f21c67dd772bea86715267a, buildFailed=true, buildArtifact=false, participation=ParticipationDTO[id=1934, testRun=false, type=solution, submissionCount=null, exercise=ParticipationExerciseDTO[id=2573, exerciseType=PROGRAMMING, type=programming, assessmentType=AUTOMATIC, dueDate=2025-02-16T23:45:10.996982Z, assessmentDueDate=null, maxPoints=42.0, course=CourseDTO[id=956, accuracyOfScores=1]]], submissionExerciseType=programming, isProcessing=false, buildStartDate=null, estimatedCompletionDate=null], participation=ParticipationDTO[id=1934, testRun=false, type=solution, submissionCount=null, exercise=ParticipationExerciseDTO[id=2573, exerciseType=PROGRAMMING, type=programming, assessmentType=AUTOMATIC, dueDate=2025-02-16T23:45:10.996982Z, assessmentDueDate=null, maxPoints=42.0, course=CourseDTO[id=956, accuracyOfScores=1]]], feedbacks=[], assessmentType=AUTOMATIC, hasComplaint=null, exampleResult=null, testCaseCount=0, passedTestCaseCount=0, codeIssueCount=0]], BuildJobQueueItem[id=19581739576715555, name=SHORTC1A3F9FC03D2304B4308FA20AF16D54AAA49TSTEXC-LOCALVCSSHINTSTUDENT1, buildAgent=BuildAgentDTO[name=artemis-build-agent-test, memberAddress=[127.0.0.1]:5703, displayName=artemis-build-agent-test], participationId=1958, courseId=965, exerciseId=2582, retryCount=0, priority=2, status=FAILED, repositoryInfo=RepositoryInfo[repositoryName=shortc1a3f9fc03d2304b4308fa20af16d54aaa49tstexc-localvcsshintstudent1, repositoryType=user, triggeredByPushTo=user, assignmentRepositoryUri=http://localhost:49152/git/SHORTC1A3F9FC03D2304B4308FA20AF16D54AAA49TSTEXC/shortc1a3f9fc03d2304b4308fa20af16d54aaa49tstexc-localvcsshintstudent1.git, testRepositoryUri=http://localhost:49152/git/SHORTC1A3F9FC03D2304B4308FA20AF16D54AAA49TSTEXC/shortc1a3f9fc03d2304b4308fa20af16d54aaa49tstexc-tests.git, solutionRepositoryUri=null, auxiliaryRepositoryUris=[Ljava.lang.String;@2889a362, auxiliaryRepositoryCheckoutDirectories=[Ljava.lang.String;@2ac3148e], jobTimingInfo=JobTimingInfo[submissionDate=2025-02-14T23:45:15.555989584Z[Etc/UTC], buildStartDate=2025-02-14T23:45:15.568477627Z[Etc/UTC], buildCompletionDate=2025-02-14T23:45:15.579021148Z[Etc/UTC], estimatedCompletionDate=2025-02-14T23:45:34.568443924Z[Etc/UTC], estimatedDuration=19], buildConfig=BuildConfig[buildScript=#!/bin/bash
cd /var/tmp/testing-dir
chmod +x ./gradlew
./gradlew clean test
, dockerImage=dummy-docker-image:latest, commitHashToBuild=ca76dac20e040e6609db02fd7fedd56bf58829d7, assignmentCommitHash=ca76dac20e040e6609db02fd7fedd56bf58829d7, testCommitHash=bd0d58c226dc63bfa4bc9052870589952c0a1f83, branch=main, programmingLanguage=JAVA, projectType=PLAIN_GRADLE, scaEnabled=false, sequentialTestRunsEnabled=false, resultPaths=[/var/tmp/testing-dir/**/test-results/test/*.xml], timeoutSeconds=0, assignmentCheckoutPath=null, testCheckoutPath=null, solutionCheckoutPath=null, dockerRunConfig=null], submissionResult=ResultDTO[id=627, completionDate=2025-02-14T23:45:15.579119131Z[Etc/UTC], successful=false, score=0.0, rated=true, submission=SubmissionDTO[id=820, submitted=true, type=MANUAL, exampleSubmission=null, submissionDate=2025-02-14T23:45:15.548349Z, commitHash=ca76dac20e040e6609db02fd7fedd56bf58829d7, buildFailed=true, buildArtifact=false, participation=ParticipationDTO[id=1958, testRun=false, type=programming, submissionCount=null, exercise=ParticipationExerciseDTO[id=2582, exerciseType=PROGRAMMING, type=programming, assessmentType=AUTOMATIC, dueDate=2025-02-16T23:45:15.103512Z, assessmentDueDate=null, maxPoints=42.0, course=CourseDTO[id=965, accuracyOfScores=1]]], submissionExerciseType=programming, isProcessing=false, buildStartDate=null, estimatedCompletionDate=null], participation=ParticipationDTO[id=1958, testRun=false, type=programming, submissionCount=null, exercise=ParticipationExerciseDTO[id=2582, exerciseType=PROGRAMMING, type=programming, assessmentType=AUTOMATIC, dueDate=2025-02-16T23:45:15.103512Z, assessmentDueDate=null, maxPoints=42.0, course=CourseDTO[id=965, accuracyOfScores=1]]], feedbacks=[], assessmentType=AUTOMATIC, hasComplaint=null, exampleResult=null, testCaseCount=0, passedTestCaseCount=0, codeIssueCount=0]], BuildJobQueueItem[id=19801739576719393, name=SHORTB2A6C58B0D447045380A858075B170A5B7C6TSTEXC-LOCALVCSSHINTSTUDENT1, buildAgent=BuildAgentDTO[name=artemis-build-agent-test, memberAddress=[127.0.0.1]:5703, displayName=artemis-build-agent-test], participationId=1980, courseId=974, exerciseId=2591, retryCount=0, priority=2, status=FAILED, repositoryInfo=RepositoryInfo[repositoryName=shortb2a6c58b0d447045380a858075b170a5b7c6tstexc-localvcsshintstudent1, repositoryType=user, triggeredByPushTo=user, assignmentRepositoryUri=http://localhost:49152/git/SHORTB2A6C58B0D447045380A858075B170A5B7C6TSTEXC/shortb2a6c58b0d447045380a858075b170a5b7c6tstexc-localvcsshintstudent1.git, testRepositoryUri=http://localhost:49152/git/SHORTB2A6C58B0D447045380A858075B170A5B7C6TSTEXC/shortb2a6c58b0d447045380a858075b170a5b7c6tstexc-tests.git, solutionRepositoryUri=null, auxiliaryRepositoryUris=[Ljava.lang.String;@1aca1c48, auxiliaryRepositoryCheckoutDirectories=[Ljava.lang.String;@775e3db7], jobTimingInfo=JobTimingInfo[submissionDate=2025-02-14T23:45:19.393259829Z[Etc/UTC], buildStartDate=2025-02-14T23:45:19.405438171Z[Etc/UTC], buildCompletionDate=2025-02-14T23:45:19.414070673Z[Etc/UTC], estimatedCompletionDate=2025-02-14T23:45:38.405431569Z[Etc/UTC], estimatedDuration=19], buildConfig=BuildConfig[buildScript=#!/bin/bash
cd /var/tmp/testing-dir
chmod +x ./gradlew
./gradlew clean test
, dockerImage=dummy-docker-image:latest, commitHashToBuild=363cdbf709a9fff149f813ab848ee800a675cc77, assignmentCommitHash=363cdbf709a9fff149f813ab848ee800a675cc77, testCommitHash=a5e046ece417b2e538f21f816e2524dab61e0d10, branch=main, programmingLanguage=JAVA, projectType=PLAIN_GRADLE, scaEnabled=false, sequentialTestRunsEnabled=false, resultPaths=[/var/tmp/testing-dir/**/test-results/test/*.xml], timeoutSeconds=0, assignmentCheckoutPath=null, testCheckoutPath=null, solutionCheckoutPath=null, dockerRunConfig=null], submissionResult=ResultDTO[id=628, completionDate=2025-02-14T23:45:19.414171040Z[Etc/UTC], successful=false, score=0.0, rated=true, submission=SubmissionDTO[id=821, submitted=true, type=MANUAL, exampleSubmission=null, submissionDate=2025-02-14T23:45:19.376840Z, commitHash=363cdbf709a9fff149f813ab848ee800a675cc77, buildFailed=true, buildArtifact=false, participation=ParticipationDTO[id=1980, testRun=false, type=programming, submissionCount=null, exercise=ParticipationExerciseDTO[id=2591, exerciseType=PROGRAMMING, type=programming, assessmentType=AUTOMATIC, dueDate=2025-02-16T23:45:18.950569Z, assessmentDueDate=null, maxPoints=42.0, course=CourseDTO[id=974, accuracyOfScores=1]]], submissionExerciseType=programming, isProcessing=false, buildStartDate=null, estimatedCompletionDate=null], participation=ParticipationDTO[id=1980, testRun=false, type=programming, submissionCount=null, exercise=ParticipationExerciseDTO[id=2591, exerciseType=PROGRAMMING, type=programming, assessmentType=AUTOMATIC, dueDate=2025-02-16T23:45:18.950569Z, assessmentDueDate=null, maxPoints=42.0, course=CourseDTO[id=974, accuracyOfScores=1]]], feedbacks=[], assessmentType=AUTOMATIC, hasComplaint=null, exampleResult=null, testCaseCount=0, passedTestCaseCount=0, codeIssueCount=0]], BuildJobQueueItem[id=19791739576719787, name=SHORTB2A6C58B0D447045380A858075B170A5B7C6TSTEXC-BASE, buildAgent=BuildAgentDTO[name=artemis-build-agent-test, memberAddress=[127.0.0.1]:5703, displayName=artemis-build-agent-test], participationId=1979, courseId=974, exerciseId=2591, retryCount=0, priority=2, status=FAILED, repositoryInfo=RepositoryInfo[repositoryName=shortb2a6c58b0d447045380a858075b170a5b7c6tstexc-exercise, repositoryType=exercise, triggeredByPushTo=exercise, assignmentRepositoryUri=http://localhost:49152/git/SHORTB2A6C58B0D447045380A858075B170A5B7C6TSTEXC/shortb2a6c58b0d447045380a858075b170a5b7c6tstexc-exercise.git, testRepositoryUri=http://localhost:49152/git/SHORTB2A6C58B0D447045380A858075B170A5B7C6TSTEXC/shortb2a6c58b0d447045380a858075b170a5b7c6tstexc-tests.git, solutionRepositoryUri=null, auxiliaryRepositoryUris=[Ljava.lang.String;@12a9128d, auxiliaryRepositoryCheckoutDirectories=[Ljava.lang.String;@20fc1332], jobTimingInfo=JobTimingInfo[submissionDate=2025-02-14T23:45:19.787985058Z[Etc/UTC], buildStartDate=2025-02-14T23:45:19.796327417Z[Etc/UTC], buildCompletionDate=2025-02-14T23:45:19.799750982Z[Etc/UTC], estimatedCompletionDate=2025-02-14T23:45:38.796319082Z[Etc/UTC], estimatedDuration=19], buildConfig=BuildConfig[buildScript=#!/bin/bash
cd /var/tmp/testing-dir
chmod +x ./gradlew
./gradlew clean test
, dockerImage=dummy-docker-image:latest, commitHashToBuild=363cdbf709a9fff149f813ab848ee800a675cc77, assignmentCommitHash=363cdbf709a9fff149f813ab848ee800a675cc77, testCommitHash=a5e046ece417b2e538f21f816e2524dab61e0d10, branch=main, programmingLanguage=JAVA, projectType=PLAIN_GRADLE, scaEnabled=false, sequentialTestRunsEnabled=false, resultPaths=[/var/tmp/testing-dir/**/test-results/test/*.xml], timeoutSeconds=0, assignmentCheckoutPath=null, testCheckoutPath=null, solutionCheckoutPath=null, dockerRunConfig=null], submissionResult=ResultDTO[id=629, completionDate=2025-02-14T23:45:19.799820341Z[Etc/UTC], successful=false, score=0.0, rated=true, submission=SubmissionDTO[id=822, submitted=true, type=MANUAL, exampleSubmission=null, submissionDate=2025-02-14T23:45:19.775952Z, commitHash=363cdbf709a9fff149f813ab848ee800a675cc77, buildFailed=true, buildArtifact=false, participation=ParticipationDTO[id=1979, testRun=false, type=template, submissionCount=null, exercise=ParticipationExerciseDTO[id=2591, exerciseType=PROGRAMMING, type=programming, assessmentType=AUTOMATIC, dueDate=2025-02-16T23:45:18.950569Z, assessmentDueDate=null, maxPoints=42.0, course=CourseDTO[id=974, accuracyOfScores=1]]], submissionExerciseType=programming, isProcessing=false, buildStartDate=null, estimatedCompletionDate=null], participation=ParticipationDTO[id=1979, testRun=false, type=template, submissionCount=null, exercise=ParticipationExerciseDTO[id=2591, exerciseType=PROGRAMMING, type=programming, assessmentType=AUTOMATIC, dueDate=2025-02-16T23:45:18.950569Z, assessmentDueDate=null, maxPoints=42.0, course=CourseDTO[id=974, accuracyOfScores=1]]], feedbacks=[], assessmentType=AUTOMATIC, hasComplaint=null, exampleResult=null, testCaseCount=0, passedTestCaseCount=0, codeIssueCount=0]], BuildJobQueueItem[id=19781739576720235, name=SHORTB2A6C58B0D447045380A858075B170A5B7C6TSTEXC-SOLUTION, buildAgent=BuildAgentDTO[name=artemis-build-agent-test, memberAddress=[127.0.0.1]:5703, displayName=artemis-build-agent-test], participationId=1978, courseId=974, exerciseId=2591, retryCount=0, priority=2, status=FAILED, repositoryInfo=RepositoryInfo[repositoryName=shortb2a6c58b0d447045380a858075b170a5b7c6tstexc-solution, repositoryType=solution, triggeredByPushTo=solution, assignmentRepositoryUri=http://localhost:49152/git/SHORTB2A6C58B0D447045380A858075B170A5B7C6TSTEXC/shortb2a6c58b0d447045380a858075b170a5b7c6tstexc-solution.git, testRepositoryUri=http://localhost:49152/git/SHORTB2A6C58B0D447045380A858075B170A5B7C6TSTEXC/shortb2a6c58b0d447045380a858075b170a5b7c6tstexc-tests.git, solutionRepositoryUri=null, auxiliaryRepositoryUris=[Ljava.lang.String;@6a9e6339, auxiliaryRepositoryCheckoutDirectories=[Ljava.lang.String;@6cab5858], jobTimingInfo=JobTimingInfo[submissionDate=2025-02-14T23:45:20.235272325Z[Etc/UTC], buildStartDate=2025-02-14T23:45:20.243033812Z[Etc/UTC], buildCompletionDate=2025-02-14T23:45:20.250721018Z[Etc/UTC], estimatedCompletionDate=2025-02-14T23:45:39.243026949Z[Etc/UTC], estimatedDuration=19], buildConfig=BuildConfig[buildScript=#!/bin/bash
cd /var/tmp/testing-dir
chmod +x ./gradlew
./gradlew clean test
, dockerImage=dummy-docker-image:latest, commitHashToBuild=c710d0e68c9c7db8cda7d1a278308de2b9642cc0, assignmentCommitHash=c710d0e68c9c7db8cda7d1a278308de2b9642cc0, testCommitHash=a5e046ece417b2e538f21f816e2524dab61e0d10, branch=main, programmingLanguage=JAVA, projectType=PLAIN_GRADLE, scaEnabled=false, sequentialTestRunsEnabled=false, resultPaths=[/var/tmp/testing-dir/**/test-results/test/*.xml], timeoutSeconds=0, assignmentCheckoutPath=null, testCheckoutPath=null, solutionCheckoutPath=null, dockerRunConfig=null], submissionResult=ResultDTO[id=630, completionDate=2025-02-14T23:45:20.250809893Z[Etc/UTC], successful=false, score=0.0, rated=true, submission=SubmissionDTO[id=823, submitted=true, type=MANUAL, exampleSubmission=null, submissionDate=2025-02-14T23:45:20.211707Z, commitHash=c710d0e68c9c7db8cda7d1a278308de2b9642cc0, buildFailed=true, buildArtifact=false, participation=ParticipationDTO[id=1978, testRun=false, type=solution, submissionCount=null, exercise=ParticipationExerciseDTO[id=2591, exerciseType=PROGRAMMING, type=programming, assessmentType=AUTOMATIC, dueDate=2025-02-16T23:45:18.950569Z, assessmentDueDate=null, maxPoints=42.0, course=CourseDTO[id=974, accuracyOfScores=1]]], submissionExerciseType=programming, isProcessing=false, buildStartDate=null, estimatedCompletionDate=null], participation=ParticipationDTO[id=1978, testRun=false, type=solution, submissionCount=null, exercise=ParticipationExerciseDTO[id=2591, exerciseType=PROGRAMMING, type=programming, assessmentType=AUTOMATIC, dueDate=2025-02-16T23:45:18.950569Z, assessmentDueDate=null, maxPoints=42.0, course=CourseDTO[id=974, accuracyOfScores=1]]], feedbacks=[], assessmentType=AUTOMATIC, hasComplaint=null, exampleResult=null, testCaseCount=0, passedTestCaseCount=0, codeIssueCount=0]], BuildJobQueueItem[id=19781739576720802, name=SHORTB2A6C58B0D447045380A858075B170A5B7C6TSTEXC-SOLUTION, buildAgent=BuildAgentDTO[name=artemis-build-agent-test, memberAddress=[127.0.0.1]:5703, displayName=artemis-build-agent-test], participationId=1978, courseId=974, exerciseId=2591, retryCount=0, priority=2, status=FAILED, repositoryInfo=RepositoryInfo[repositoryName=shortb2a6c58b0d447045380a858075b170a5b7c6tstexc-solution, repositoryType=solution, triggeredByPushTo=tests, assignmentRepositoryUri=http://localhost:49152/git/SHORTB2A6C58B0D447045380A858075B170A5B7C6TSTEXC/shortb2a6c58b0d447045380a858075b170a5b7c6tstexc-solution.git, testRepositoryUri=http://localhost:49152/git/SHORTB2A6C58B0D447045380A858075B170A5B7C6TSTEXC/shortb2a6c58b0d447045380a858075b170a5b7c6tstexc-tests.git, solutionRepositoryUri=null, auxiliaryRepositoryUris=[Ljava.lang.String;@36cc023a, auxiliaryRepositoryCheckoutDirectories=[Ljava.lang.String;@7669f252], jobTimingInfo=JobTimingInfo[submissionDate=2025-02-14T23:45:20.802935026Z[Etc/UTC], buildStartDate=2025-02-14T23:45:20.809306435Z[Etc/UTC], buildCompletionDate=2025-02-14T23:45:20.822452342Z[Etc/UTC], estimatedCompletionDate=2025-02-14T23:45:39.809298491Z[Etc/UTC], estimatedDuration=19], buildConfig=BuildConfig[buildScript=#!/bin/bash
cd /var/tmp/testing-dir
chmod +x ./gradlew
./gradlew clean test
, dockerImage=dummy-docker-image:latest, commitHashToBuild=c710d0e68c9c7db8cda7d1a278308de2b9642cc0, assignmentCommitHash=c710d0e68c9c7db8cda7d1a278308de2b9642cc0, testCommitHash=c710d0e68c9c7db8cda7d1a278308de2b9642cc0, branch=main, programmingLanguage=JAVA, projectType=PLAIN_GRADLE, scaEnabled=false, sequentialTestRunsEnabled=false, resultPaths=[/var/tmp/testing-dir/**/test-results/test/*.xml], timeoutSeconds=0, assignmentCheckoutPath=null, testCheckoutPath=null, solutionCheckoutPath=null, dockerRunConfig=null], submissionResult=ResultDTO[id=631, completionDate=2025-02-14T23:45:20.822527362Z[Etc/UTC], successful=false, score=0.0, rated=true, submission=SubmissionDTO[id=824, submitted=true, type=TEST, exampleSubmission=null, submissionDate=2025-02-14T23:45:20.791240Z, commitHash=c710d0e68c9c7db8cda7d1a278308de2b9642cc0, buildFailed=true, buildArtifact=false, participation=ParticipationDTO[id=1978, testRun=false, type=solution, submissionCount=null, exercise=ParticipationExerciseDTO[id=2591, exerciseType=PROGRAMMING, type=programming, assessmentType=AUTOMATIC, dueDate=2025-02-16T23:45:18.950569Z, assessmentDueDate=null, maxPoints=42.0, course=CourseDTO[id=974, accuracyOfScores=1]]], submissionExerciseType=programming, isProcessing=false, buildStartDate=null, estimatedCompletionDate=null], participation=ParticipationDTO[id=1978, testRun=false, type=solution, submissionCount=null, exercise=ParticipationExerciseDTO[id=2591, exerciseType=PROGRAMMING, type=programming, assessmentType=AUTOMATIC, dueDate=2025-02-16T23:45:18.950569Z, assessmentDueDate=null, maxPoints=42.0, course=CourseDTO[id=974, accuracyOfScores=1]]], feedbacks=[], assessmentType=AUTOMATIC, hasComplaint=null, exampleResult=null, testCaseCount=0, passedTestCaseCount=0, codeIssueCount=0]], BuildJobQueueItem[id=20061739576732554, name=SHORT94A899E303D7504C5D0840704DAAFA3DFF4DTSTEXC-LOCALVCCIINTINSTRUCTOR1, buildAgent=BuildAgentDTO[name=artemis-build-agent-test, memberAddress=[127.0.0.1]:5703, displayName=artemis-build-agent-test], participationId=2006, courseId=984, exerciseId=2601, retryCount=0, priority=2, status=SUCCESSFUL, repositoryInfo=RepositoryInfo[repositoryName=short94a899e303d7504c5d0840704daafa3dff4dtstexc-localvcciintinstructor1, repositoryType=user, triggeredByPushTo=user, assignmentRepositoryUri=http://localhost:49152/git/SHORT94A899E303D7504C5D0840704DAAFA3DFF4DTSTEXC/short94a899e303d7504c5d0840704daafa3dff4dtstexc-localvcciintinstructor1.git, testRepositoryUri=http://localhost:49152/git/SHORT94A899E303D7504C5D0840704DAAFA3DFF4DTSTEXC/short94a899e303d7504c5d0840704daafa3dff4dtstexc-tests.git, solutionRepositoryUri=null, auxiliaryRepositoryUris=[Ljava.lang.String;@6f77d00d, auxiliaryRepositoryCheckoutDirectories=[Ljava.lang.String;@59a83c23], jobTimingInfo=JobTimingInfo[submissionDate=2025-02-14T23:45:32.554795798Z[Etc/UTC], buildStartDate=2025-02-14T23:45:32.567287465Z[Etc/UTC], buildCompletionDate=2025-02-14T23:45:34.535226768Z[Etc/UTC], estimatedCompletionDate=2025-02-14T23:45:51.567257960Z[Etc/UTC], estimatedDuration=19], buildConfig=BuildConfig[buildScript=#!/bin/bash
cd /var/tmp/testing-dir
chmod +x ./gradlew
./gradlew clean test
, dockerImage=dummy-docker-image:latest, commitHashToBuild=ca2dbc0ae87edf7035058a6a17c0ea60e90a290f, assignmentCommitHash=ca2dbc0ae87edf7035058a6a17c0ea60e90a290f, testCommitHash=0207f6f98af5fbb66ad68455f3fc3cf128af8ae9, branch=main, programmingLanguage=JAVA, projectType=PLAIN_GRADLE, scaEnabled=false, sequentialTestRunsEnabled=false, resultPaths=[/var/tmp/testing-dir/**/test-results/test/*.xml], timeoutSeconds=0, assignmentCheckoutPath=null, testCheckoutPath=null, solutionCheckoutPath=null, dockerRunConfig=null], submissionResult=ResultDTO[id=632, completionDate=2025-02-14T23:45:34.504415716Z[Etc/UTC], successful=false, score=7.7, rated=false, submission=SubmissionDTO[id=826, submitted=true, type=MANUAL, exampleSubmission=null, submissionDate=2025-02-14T23:45:32.541533Z, commitHash=ca2dbc0ae87edf7035058a6a17c0ea60e90a290f, buildFailed=false, buildArtifact=false, participation=ParticipationDTO[id=2006, testRun=true, type=programming, submissionCount=null, exercise=ParticipationExerciseDTO[id=2601, exerciseType=PROGRAMMING, type=programming, assessmentType=AUTOMATIC, dueDate=2025-02-16T23:45:31.864042Z, assessmentDueDate=null, maxPoints=42.0, course=CourseDTO[id=984, accuracyOfScores=1]]], submissionExerciseType=programming, isProcessing=false, buildStartDate=null, estimatedCompletionDate=null], participation=ParticipationDTO[id=2006, testRun=true, type=programming, submissionCount=null, exercise=ParticipationExerciseDTO[id=2601, exerciseType=PROGRAMMING, type=programming, assessmentType=AUTOMATIC, dueDate=2025-02-16T23:45:31.864042Z, assessmentDueDate=null, maxPoints=42.0, course=CourseDTO[id=984, accuracyOfScores=1]]], feedbacks=[FeedbackDTO[id=920, text=null, detailText=The exercise expects a class with the name Context in the package testpackage. You did not implement the class in the exercise., hasLongFeedbackText=false, reference=null, credits=0.0, positive=false, type=AUTOMATIC, visibility=ALWAYS, testCase=TestCaseDTO[testName=null, id=1357]], FeedbackDTO[id=921, text=null, detailText=The exercise expects a class with the name Policy in the package testpackage. You did not implement the class in the exercise., hasLongFeedbackText=false, reference=null, credits=0.0, positive=false, type=AUTOMATIC, visibility=ALWAYS, testCase=TestCaseDTO[testName=null, id=1358]], FeedbackDTO[id=922, text=null, detailText=The exercise expects a class with the name SortStrategy in the package testpackage. You did not implement the class in the exercise., hasLongFeedbackText=false, reference=null, credits=0.0, positive=false, type=AUTOMATIC, visibility=ALWAYS, testCase=TestCaseDTO[testName=null, id=1359]], FeedbackDTO[id=923, text=null, detailText=The class 'MergeSort' does not implement the interface 'SortStrategy' as expected. Implement the interface and its methods., hasLongFeedbackText=false, reference=null, credits=0.0, positive=false, type=AUTOMATIC, visibility=ALWAYS, testCase=TestCaseDTO[testName=null, id=1354]], FeedbackDTO[id=924, text=null, detailText=The exercise expects a class with the name SortStrategy in the package testpackage. You did not implement the class in the exercise., hasLongFeedbackText=false, reference=null, credits=0.0, positive=false, type=AUTOMATIC, visibility=ALWAYS, testCase=TestCaseDTO[testName=null, id=1351]], FeedbackDTO[id=925, text=null, detailText=The class 'BubbleSort' does not implement the interface 'SortStrategy' as expected. Implement the interface and its methods., hasLongFeedbackText=false, reference=null, credits=0.0, positive=false, type=AUTOMATIC, visibility=ALWAYS, testCase=TestCaseDTO[testName=null, id=1355]], FeedbackDTO[id=926, text=null, detailText=MergeSort does not sort correctly, hasLongFeedbackText=false, reference=null, credits=0.0, positive=false, type=AUTOMATIC, visibility=ALWAYS, testCase=TestCaseDTO[testName=null, id=1360]], FeedbackDTO[id=927, text=null, detailText=The class 'Context' was not found within the submission. Make sure to implement it properly., hasLongFeedbackText=false, reference=null, credits=0.0, positive=false, type=AUTOMATIC, visibility=ALWAYS, testCase=TestCaseDTO[testName=null, id=1361]], FeedbackDTO[id=928, text=null, detailText=The class 'Context' was not found within the submission. Make sure to implement it properly., hasLongFeedbackText=false, reference=null, credits=0.0, positive=false, type=AUTOMATIC, visibility=ALWAYS, testCase=TestCaseDTO[testName=null, id=1362]], FeedbackDTO[id=929, text=null, detailText=The exercise expects a class with the name Policy in the package testpackage. You did not implement the class in the exercise., hasLongFeedbackText=false, reference=null, credits=0.0, positive=false, type=AUTOMATIC, visibility=ALWAYS, testCase=TestCaseDTO[testName=null, id=1356]], FeedbackDTO[id=930, text=null, detailText=The exercise expects a class with the name Context in the package testpackage. You did not implement the class in the exercise., hasLongFeedbackText=false, reference=null, credits=0.0, positive=false, type=AUTOMATIC, visibility=ALWAYS, testCase=TestCaseDTO[testName=null, id=1352]], FeedbackDTO[id=931, text=null, detailText=The exercise expects a class with the name Policy in the package testpackage. You did not implement the class in the exercise., hasLongFeedbackText=false, reference=null, credits=0.0, positive=false, type=AUTOMATIC, visibility=ALWAYS, testCase=TestCaseDTO[testName=null, id=1353]], FeedbackDTO[id=932, text=null, detailText=null, hasLongFeedbackText=false, reference=null, credits=3.230769230769231, positive=true, type=AUTOMATIC, visibility=ALWAYS, testCase=TestCaseDTO[testName=null, id=1363]]], assessmentType=AUTOMATIC, hasComplaint=null, exampleResult=null, testCaseCount=13, passedTestCaseCount=1, codeIssueCount=0]], BuildJobQueueItem[id=20111739576737317, name=SHORTD49A6DAE04F9E049850BD5601663FD17A5B7TSTEXC-BASE, buildAgent=BuildAgentDTO[name=artemis-build-agent-test, memberAddress=[127.0.0.1]:5703, displayName=artemis-build-agent-test], participationId=2011, courseId=986, exerciseId=2603, retryCount=0, priority=2, status=SUCCESSFUL, repositoryInfo=RepositoryInfo[repositoryName=shortd49a6dae04f9e049850bd5601663fd17a5b7tstexc-exercise, repositoryType=exercise, triggeredByPushTo=exercise, assignmentRepositoryUri=http://localhost:49152/git/SHORTD49A6DAE04F9E049850BD5601663FD17A5B7TSTEXC/shortd49a6dae04f9e049850bd5601663fd17a5b7tstexc-exercise.git, testRepositoryUri=http://localhost:49152/git/SHORTD49A6DAE04F9E049850BD5601663FD17A5B7TSTEXC/shortd49a6dae04f9e049850bd5601663fd17a5b7tstexc-tests.git, solutionRepositoryUri=null, auxiliaryRepositoryUris=[Ljava.lang.String;@fa338fe, auxiliaryRepositoryCheckoutDirectories=[Ljava.lang.String;@3661b03a], jobTimingInfo=JobTimingInfo[submissionDate=2025-02-14T23:45:37.317968648Z[Etc/UTC], buildStartDate=2025-02-14T23:45:37.324534774Z[Etc/UTC], buildCompletionDate=2025-02-14T23:45:38.527225461Z[Etc/UTC], estimatedCompletionDate=2025-02-14T23:45:56.324506331Z[Etc/UTC], estimatedDuration=19], buildConfig=BuildConfig[buildScript=#!/bin/bash
cd /var/tmp/testing-dir
chmod +x ./gradlew
./gradlew clean test
, dockerImage=dummy-docker-image:latest, commitHashToBuild=c795243c185829bbefa399f45dcbcfac22311b2f, assignmentCommitHash=c795243c185829bbefa399f45dcbcfac22311b2f, testCommitHash=fa8b162170bf767d852e05e0eb7a128efa2e1f34, branch=main, programmingLanguage=JAVA, projectType=PLAIN_GRADLE, scaEnabled=false, sequentialTestRunsEnabled=false, resultPaths=[/var/tmp/testing-dir/**/test-results/test/*.xml], timeoutSeconds=0, assignmentCheckoutPath=null, testCheckoutPath=null, solutionCheckoutPath=null, dockerRunConfig=null], submissionResult=ResultDTO[id=633, completionDate=2025-02-14T23:45:38.476795726Z[Etc/UTC], successful=false, score=0.0, rated=true, submission=SubmissionDTO[id=827, submitted=true, type=MANUAL, exampleSubmission=null, submissionDate=2025-02-14T23:45:37.303401Z, commitHash=c795243c185829bbefa399f45dcbcfac22311b2f, buildFailed=false, buildArtifact=false, participation=ParticipationDTO[id=2011, testRun=false, type=template, submissionCount=null, exercise=ParticipationExerciseDTO[id=2603, exerciseType=PROGRAMMING, type=programming, assessmentType=AUTOMATIC, dueDate=2025-02-16T23:45:36.830269Z, assessmentDueDate=null, maxPoints=42.0, course=CourseDTO[id=986, accuracyOfScores=1]]], submissionExerciseType=programming, isProcessing=false, buildStartDate=null, estimatedCompletionDate=null], participation=ParticipationDTO[id=2011, testRun=false, type=template, submissionCount=null, exercise=ParticipationExerciseDTO[id=2603, exerciseType=PROGRAMMING, type=programming, assessmentType=AUTOMATIC, dueDate=2025-02-16T23:45:36.830269Z, assessmentDueDate=null, maxPoints=42.0, course=CourseDTO[id=986, accuracyOfScores=1]]], feedbacks=[FeedbackDTO[id=933, text=null, detailText=The exercise expects a class with the name Context in the package testpackage. You did not implement the class in the exercise., hasLongFeedbackText=false, reference=null, credits=0.0, positive=false, type=AUTOMATIC, visibility=ALWAYS, testCase=TestCaseDTO[testName=testMethods[Context], id=1383]], FeedbackDTO[id=934, text=null, detailText=The exercise expects a class with the name Policy in the package testpackage. You did not implement the class in the exercise., hasLongFeedbackText=false, reference=null, credits=0.0, positive=false, type=AUTOMATIC, visibility=ALWAYS, testCase=TestCaseDTO[testName=testMethods[Policy], id=1384]], FeedbackDTO[id=935, text=null, detailText=The exercise expects a class with the name SortStrategy in the package testpackage. You did not implement the class in the exercise., hasLongFeedbackText=false, reference=null, credits=0.0, positive=false, type=AUTOMATIC, visibility=ALWAYS, testCase=TestCaseDTO[testName=testMethods[SortStrategy], id=1385]], FeedbackDTO[id=936, text=null, detailText=The class 'MergeSort' does not implement the interface 'SortStrategy' as expected. Implement the interface and its methods., hasLongFeedbackText=false, reference=null, credits=0.0, positive=false, type=AUTOMATIC, visibility=ALWAYS, testCase=TestCaseDTO[testName=testClass[MergeSort], id=1380]], FeedbackDTO[id=937, text=null, detailText=The exercise expects a class with the name SortStrategy in the package testpackage. You did not implement the class in the exercise., hasLongFeedbackText=false, reference=null, credits=0.0, positive=false, type=AUTOMATIC, visibility=ALWAYS, testCase=TestCaseDTO[testName=testClass[SortStrategy], id=1377]], FeedbackDTO[id=938, text=null, detailText=The class 'BubbleSort' does not implement the interface 'SortStrategy' as expected. Implement the interface and its methods., hasLongFeedbackText=false, reference=null, credits=0.0, positive=false, type=AUTOMATIC, visibility=ALWAYS, testCase=TestCaseDTO[testName=testClass[BubbleSort], id=1381]], FeedbackDTO[id=939, text=null, detailText=MergeSort does not sort correctly, hasLongFeedbackText=false, reference=null, credits=0.0, positive=false, type=AUTOMATIC, visibility=ALWAYS, testCase=TestCaseDTO[testName=testMergeSort(), id=1386]], FeedbackDTO[id=940, text=null, detailText=The class 'Context' was not found within the submission. Make sure to implement it properly., hasLongFeedbackText=false, reference=null, credits=0.0, positive=false, type=AUTOMATIC, visibility=ALWAYS, testCase=TestCaseDTO[testName=testUseBubbleSortForSmallList(), id=1387]], FeedbackDTO[id=941, text=null, detailText=BubbleSort does not sort correctly, hasLongFeedbackText=false, reference=null, credits=0.0, positive=false, type=AUTOMATIC, visibility=ALWAYS, testCase=TestCaseDTO[testName=testBubbleSort(), id=1389]], FeedbackDTO[id=942, text=null, detailText=The class 'Context' was not found within the submission. Make sure to implement it properly., hasLongFeedbackText=false, reference=null, credits=0.0, positive=false, type=AUTOMATIC, visibility=ALWAYS, testCase=TestCaseDTO[testName=testUseMergeSortForBigList(), id=1388]], FeedbackDTO[id=943, text=null, detailText=The exercise expects a class with the name Policy in the package testpackage. You did not implement the class in the exercise., hasLongFeedbackText=false, reference=null, credits=0.0, positive=false, type=AUTOMATIC, visibility=ALWAYS, testCase=TestCaseDTO[testName=testConstructors[Policy], id=1382]], FeedbackDTO[id=944, text=null, detailText=The exercise expects a class with the name Context in the package testpackage. You did not implement the class in the exercise., hasLongFeedbackText=false, reference=null, credits=0.0, positive=false, type=AUTOMATIC, visibility=ALWAYS, testCase=TestCaseDTO[testName=testAttributes[Context], id=1378]], FeedbackDTO[id=945, text=null, detailText=The exercise expects a class with the name Policy in the package testpackage. You did not implement the class in the exercise., hasLongFeedbackText=false, reference=null, credits=0.0, positive=false, type=AUTOMATIC, visibility=ALWAYS, testCase=TestCaseDTO[testName=testAttributes[Policy], id=1379]]], assessmentType=AUTOMATIC, hasComplaint=null, exampleResult=null, testCaseCount=13, passedTestCaseCount=0, codeIssueCount=0]], BuildJobQueueItem[id=20171739576740018, name=SHORT7914AFA00ADC3047140B99D01AC07810CE44TSTEXC-LOCALVCCIINTSTUDENT1, buildAgent=BuildAgentDTO[name=artemis-build-agent-test, memberAddress=[127.0.0.1]:5703, displayName=artemis-build-agent-test], participationId=2017, courseId=988, exerciseId=2605, retryCount=0, priority=2, status=SUCCESSFUL, repositoryInfo=RepositoryInfo[repositoryName=short7914afa00adc3047140b99d01ac07810ce44tstexc-practice-localvcciintstudent1, repositoryType=user, triggeredByPushTo=user, assignmentRepositoryUri=http://localhost:49152/git/SHORT7914AFA00ADC3047140B99D01AC07810CE44TSTEXC/short7914afa00adc3047140b99d01ac07810ce44tstexc-practice-localvcciintstudent1.git, testRepositoryUri=http://localhost:49152/git/SHORT7914AFA00ADC3047140B99D01AC07810CE44TSTEXC/short7914afa00adc3047140b99d01ac07810ce44tstexc-tests.git, solutionRepositoryUri=null, auxiliaryRepositoryUris=[Ljava.lang.String;@67c7e943, auxiliaryRepositoryCheckoutDirectories=[Ljava.lang.String;@7f9698bc], jobTimingInfo=JobTimingInfo[submissionDate=2025-02-14T23:45:40.018961253Z[Etc/UTC], buildStartDate=2025-02-14T23:45:40.029742701Z[Etc/UTC], buildCompletionDate=2025-02-14T23:45:41.150208242Z[Etc/UTC], estimatedCompletionDate=2025-02-14T23:45:59.029734065Z[Etc/UTC], estimatedDuration=19], buildConfig=BuildConfig[buildScript=#!/bin/bash
cd /var/tmp/testing-dir
chmod +x ./gradlew
./gradlew clean test
, dockerImage=dummy-docker-image:latest, commitHashToBuild=d80b57877989b971e83ccdb4863c8a7023c76266, assignmentCommitHash=d80b57877989b971e83ccdb4863c8a7023c76266, testCommitHash=327b116890c92b1312314341f43f21ef13ecf7d7, branch=main, programmingLanguage=JAVA, projectType=PLAIN_GRADLE, scaEnabled=false, sequentialTestRunsEnabled=false, resultPaths=[/var/tmp/testing-dir/**/test-results/test/*.xml], timeoutSeconds=0, assignmentCheckoutPath=null, testCheckoutPath=null, solutionCheckoutPath=null, dockerRunConfig=null], submissionResult=ResultDTO[id=634, completionDate=2025-02-14T23:45:41.120192603Z[Etc/UTC], successful=false, score=7.7, rated=false, submission=SubmissionDTO[id=828, submitted=true, type=MANUAL, exampleSubmission=null, submissionDate=2025-02-14T23:45:40.008666Z, commitHash=d80b57877989b971e83ccdb4863c8a7023c76266, buildFailed=false, buildArtifact=false, participation=ParticipationDTO[id=2017, testRun=true, type=programming, submissionCount=null, exercise=ParticipationExerciseDTO[id=2605, exerciseType=PROGRAMMING, type=programming, assessmentType=AUTOMATIC, dueDate=2025-02-16T23:45:39.523500Z, assessmentDueDate=null, maxPoints=42.0, course=CourseDTO[id=988, accuracyOfScores=1]]], submissionExerciseType=programming, isProcessing=false, buildStartDate=null, estimatedCompletionDate=null], participation=ParticipationDTO[id=2017, testRun=true, type=programming, submissionCount=null, exercise=ParticipationExerciseDTO[id=2605, exerciseType=PROGRAMMING, type=programming, assessmentType=AUTOMATIC, dueDate=2025-02-16T23:45:39.523500Z, assessmentDueDate=null, maxPoints=42.0, course=CourseDTO[id=988, accuracyOfScores=1]]], feedbacks=[FeedbackDTO[id=946, text=null, detailText=The exercise expects a class with the name Context in the package testpackage. You did not implement the class in the exercise., hasLongFeedbackText=false, reference=null, credits=0.0, positive=false, type=AUTOMATIC, visibility=ALWAYS, testCase=TestCaseDTO[testName=null, id=1409]], FeedbackDTO[id=947, text=null, detailText=The exercise expects a class with the name Policy in the package testpackage. You did not implement the class in the exercise., hasLongFeedbackText=false, reference=null, credits=0.0, positive=false, type=AUTOMATIC, visibility=ALWAYS, testCase=TestCaseDTO[testName=null, id=1410]], FeedbackDTO[id=948, text=null, detailText=The exercise expects a class with the name SortStrategy in the package testpackage. You did not implement the class in the exercise., hasLongFeedbackText=false, reference=null, credits=0.0, positive=false, type=AUTOMATIC, visibility=ALWAYS, testCase=TestCaseDTO[testName=null, id=1411]], FeedbackDTO[id=949, text=null, detailText=The class 'MergeSort' does not implement the interface 'SortStrategy' as expected. Implement the interface and its methods., hasLongFeedbackText=false, reference=null, credits=0.0, positive=false, type=AUTOMATIC, visibility=ALWAYS, testCase=TestCaseDTO[testName=null, id=1406]], FeedbackDTO[id=950, text=null, detailText=The exercise expects a class with the name SortStrategy in the package testpackage. You did not implement the class in the exercise., hasLongFeedbackText=false, reference=null, credits=0.0, positive=false, type=AUTOMATIC, visibility=ALWAYS, testCase=TestCaseDTO[testName=null, id=1403]], FeedbackDTO[id=951, text=null, detailText=The class 'BubbleSort' does not implement the interface 'SortStrategy' as expected. Implement the interface and its methods., hasLongFeedbackText=false, reference=null, credits=0.0, positive=false, type=AUTOMATIC, visibility=ALWAYS, testCase=TestCaseDTO[testName=null, id=1407]], FeedbackDTO[id=952, text=null, detailText=MergeSort does not sort correctly, hasLongFeedbackText=false, reference=null, credits=0.0, positive=false, type=AUTOMATIC, visibility=ALWAYS, testCase=TestCaseDTO[testName=null, id=1412]], FeedbackDTO[id=953, text=null, detailText=The class 'Context' was not found within the submission. Make sure to implement it properly., hasLongFeedbackText=false, reference=null, credits=0.0, positive=false, type=AUTOMATIC, visibility=ALWAYS, testCase=TestCaseDTO[testName=null, id=1413]], FeedbackDTO[id=954, text=null, detailText=The class 'Context' was not found within the submission. Make sure to implement it properly., hasLongFeedbackText=false, reference=null, credits=0.0, positive=false, type=AUTOMATIC, visibility=ALWAYS, testCase=TestCaseDTO[testName=null, id=1414]], FeedbackDTO[id=955, text=null, detailText=The exercise expects a class with the name Policy in the package testpackage. You did not implement the class in the exercise., hasLongFeedbackText=false, reference=null, credits=0.0, positive=false, type=AUTOMATIC, visibility=ALWAYS, testCase=TestCaseDTO[testName=null, id=1408]], FeedbackDTO[id=956, text=null, detailText=The exercise expects a class with the name Context in the package testpackage. You did not implement the class in the exercise., hasLongFeedbackText=false, reference=null, credits=0.0, positive=false, type=AUTOMATIC, visibility=ALWAYS, testCase=TestCaseDTO[testName=null, id=1404]], FeedbackDTO[id=957, text=null, detailText=The exercise expects a class with the name Policy in the package testpackage. You did not implement the class in the exercise., hasLongFeedbackText=false, reference=null, credits=0.0, positive=false, type=AUTOMATIC, visibility=ALWAYS, testCase=TestCaseDTO[testName=null, id=1405]], FeedbackDTO[id=958, text=null, detailText=null, hasLongFeedbackText=false, reference=null, credits=3.230769230769231, positive=true, type=AUTOMATIC, visibility=ALWAYS, testCase=TestCaseDTO[testName=null, id=1415]]], assessmentType=AUTOMATIC, hasComplaint=null, exampleResult=null, testCaseCount=13, passedTestCaseCount=1, codeIssueCount=0]], BuildJobQueueItem[id=20261739576743984, name=SHORT53C73BE505404043100AC2F00C039353CE8FTSTEXC-LOCALVCCIINTSTUDENT1, buildAgent=BuildAgentDTO[name=artemis-build-agent-test, memberAddress=[127.0.0.1]:5703, displayName=artemis-build-agent-test], participationId=2026, courseId=991, exerciseId=2608, retryCount=0, priority=1, status=SUCCESSFUL, repositoryInfo=RepositoryInfo[repositoryName=short53c73be505404043100ac2f00c039353ce8ftstexc-localvcciintstudent1, repositoryType=user, triggeredByPushTo=user, assignmentRepositoryUri=http://localhost:49152/git/SHORT53C73BE505404043100AC2F00C039353CE8FTSTEXC/short53c73be505404043100ac2f00c039353ce8ftstexc-localvcciintstudent1.git, testRepositoryUri=http://localhost:49152/git/SHORT53C73BE505404043100AC2F00C039353CE8FTSTEXC/short53c73be505404043100ac2f00c039353ce8ftstexc-tests.git, solutionRepositoryUri=null, auxiliaryRepositoryUris=[Ljava.lang.String;@69642b78, auxiliaryRepositoryCheckoutDirectories=[Ljava.lang.String;@523fa60e], jobTimingInfo=JobTimingInfo[submissionDate=2025-02-14T23:45:43.984518859Z[Etc/UTC], buildStartDate=2025-02-14T23:45:43.991385682Z[Etc/UTC], buildCompletionDate=2025-02-14T23:45:44.982059928Z[Etc/UTC], estimatedCompletionDate=2025-02-14T23:46:02.991380122Z[Etc/UTC], estimatedDuration=19], buildConfig=BuildConfig[buildScript=#!/bin/bash
cd /var/tmp/testing-dir
chmod +x ./gradlew
./gradlew clean test
, dockerImage=dummy-docker-image:latest, commitHashToBuild=3e90ae9fef2e44ffb41451a080bdaa6a44ad6848, assignmentCommitHash=3e90ae9fef2e44ffb41451a080bdaa6a44ad6848, testCommitHash=0582754c87aae13e640312855ce7dbe490ecb50c, branch=main, programmingLanguage=JAVA, projectType=PLAIN_GRADLE, scaEnabled=false, sequentialTestRunsEnabled=false, resultPaths=[/var/tmp/testing-dir/**/test-results/test/*.xml], timeoutSeconds=0, assignmentCheckoutPath=null, testCheckoutPath=null, solutionCheckoutPath=null, dockerRunConfig=null], submissionResult=null]], publicSshKey=ssh-rsa AAAAB3NzaC1yc2EAAAADAQABAAACAQCOPdMsxRE2jFJ/UEa5/LsBxtwzJcrh3/rYBCQvcMeVpiRfhzQPWu7mrt/G2Ew+i+vRloGH9aqKg6dd1liRncao53Zmd/ePxoatXePNhmzTfkCkcSkTUz7B+QMjkoDDV5jwuFPD6mF3JkhuzSi64n9Zy905t4w2IhVcjM2mL3eYNjiCXt6Qpq3Pkt7dM/Ksw1nxnvuiIALuJLB3FTkXkHqq3PJav+9HSq2r6ZaWgekneaGxlQlb+U+Vy3XOuArKAzK8c8i+0bR+AHiTG6ncYXt7ax3U+TdlDTF7OLP3umwaYjs1NBXOHwG42pevvpKn2fqavZZozk+M05jXLx3bq0O7itxfErWc7etky8qYPyyIMF/txQIVLd78+Ze4d7Y60t5MGbXM5cGE6fFif5fEJwgswXD+BrG0cafz1CTatjSKFdvp8Vp4VszXhHDan1PrP6JEFJ5Cc5GDmLRZPCFa3vL9f5qXgf4bkqKN8MYeEujwJE5nMRWoiJVNakix2bcrrneQMBlnYeYZVWXXXUusAQBzl4NgddC1umZpihZkL1b1MffZAUW3EGEXi7KHnllQhkTLLsQ8ntMgbylqaJKStqaXlLvdeRJcEnUuiFCrHEVVbXRFZR7XVDZ02CE5o3MuaRPty8Kh+jRTF3COlAckHwYEJCNNJvXFgb2CNXL4mjzYDw== test@localhost]
    23:45:45.055 | 372 ool-1-worker-136 | INFO  | i.z.t.d.l.EmbeddedDatabaseReporter   : JDBC URL to connect to 'dataSource': url='jdbc:h2:tcp://localhost:41063/mem:df70fc46-7e57-4cb5-9cd0-c1d90c14afa7;USER=sa', scope='ExamAccessServiceTest#testCheckAndGetCourseAndExamAccessForConduction_registeredUser_noStudentExamPresent_examHasEnded'
    23:45:45.055 | 566 localvc.event-13 | DEBUG | a.p.s.l.SharedQueueManagementService : Build agent updated: null
    23:45:45.057 | 566 localvc.event-13 | DEBUG | p.s.l.LocalCIResultProcessingService : Result of build job with id 20261739576743984 added to queue
    23:45:45.060 | 566 localvc.event-13 | INFO  | p.s.l.LocalCIResultProcessingService : Processing build job result with id 20261739576743984
    23:45:45.061 | 566 localvc.event-13 | DEBUG | p.s.l.LocalCIResultProcessingService : Build jobs waiting in queue: 0
    23:45:45.061 | 566 localvc.event-13 | DEBUG | p.s.l.LocalCIResultProcessingService : Queued build jobs: []
    23:45:45.065 | 566 localvc.event-13 | DEBUG | .s.ProgrammingExerciseGradingService : Received new build result (NEW) for participation 2026

  Starting logs for ExamAccessServiceTest > testCheckCourseAccess_asInstructorWithCourseAccess()
    23:45:45.090 | 372 ool-1-worker-136 | DEBUG | d.t.c.a.a.c.u.util.UserUtilService   : Generate 2 students...
    23:45:45.094 | 372 ool-1-worker-136 | DEBUG | d.t.c.a.a.c.u.util.UserUtilService   : 2 students generated. Generate 1 tutors...
    23:45:45.097 | 372 ool-1-worker-136 | DEBUG | d.t.c.a.a.c.u.util.UserUtilService   : 1 tutors generated. Generate 1 editors...
    23:45:45.100 | 372 ool-1-worker-136 | DEBUG | d.t.c.a.a.c.u.util.UserUtilService   : 1 editors generated. Generate 2 instructors...
    23:45:45.104 | 372 ool-1-worker-136 | DEBUG | d.t.c.a.a.c.u.util.UserUtilService   : 2 instructors generated
    23:45:45.106 | 372 ool-1-worker-136 | DEBUG | d.t.c.a.a.c.u.util.UserUtilService   : Removing 6 users from all courses...
    23:45:45.107 | 372 ool-1-worker-136 | DEBUG | d.t.c.a.a.c.u.util.UserUtilService   : Removing 6 users from all courses. Done
    23:45:45.107 | 372 ool-1-worker-136 | DEBUG | d.t.c.a.a.c.u.util.UserUtilService   : Save 6 users to database...
    23:45:45.116 | 372 ool-1-worker-136 | DEBUG | d.t.c.a.a.c.u.util.UserUtilService   : Save 6 users to database. Done
    23:45:45.138 | 566 localvc.event-13 | DEBUG | .c.s.m.InstanceMessageReceiveService : Received schedule participant score for exercise 2608 and participant 238 (result to be deleted: null)
    23:45:45.138 | 566 localvc.event-13 | DEBUG | .a.s.ParticipantScoreScheduleService : Scheduled task for exercise 2608 and participant 238 at 2025-02-14T23:45:45.188858022Z[Etc/UTC].
    23:45:45.139 | 566 localvc.event-13 | DEBUG | .a.a.p.s.ProgrammingMessagingService : Send result to client over websocket. Result: Result{id635, completionDate=2025-02-14T23:45:44.961313737Z[Etc/UTC], successful=false, score=7.7, rated=true, assessmentType=AUTOMATIC, hasComplaint=null, testCaseCount=13, passedTestCaseCount=1, codeIssueCount=0}, Submission: ProgrammingSubmission{commitHash='3e90ae9fef2e44ffb41451a080bdaa6a44ad6848', buildFailed=false, buildArtifact=false, type=MANUAL}, Participation: ProgrammingExerciseStudentParticipation{id=2026, repositoryUri='http://localhost:49152/git/SHORT53C73BE505404043100AC2F00C039353CE8FTSTEXC/short53c73be505404043100ac2f00c039353ce8ftstexc-localvcciintstudent1.git', buildPlanId='SHORT53C73BE505404043100AC2F00C039353CE8FTSTEXC-LOCALVCCIINTSTUDENT1', initializationState='INITIALIZED', initializationDate='2025-02-14T23:45:43.762756Z', individualDueDate=null', presentationScore=null}
    23:45:45.145 | 372 ool-1-worker-136 | INFO  | i.z.t.d.l.EmbeddedDatabaseReporter   : JDBC URL to connect to 'dataSource': url='jdbc:h2:tcp://localhost:41063/mem:df70fc46-7e57-4cb5-9cd0-c1d90c14afa7;USER=sa', scope='ExamAccessServiceTest#testCheckCourseAccess_asInstructorWithCourseAccess'
    23:45:45.155 | 566 localvc.event-13 | DEBUG | d.t.c.a.a.p.s.BuildLogEntryService   : Saved build logs for build job 20261739576743984 to file /tmp/build-logs/short53c73be505404043100ac2f00c039353ce8f/TSTEXC/20261739576743984.log
    23:45:45.155 | 566 localvc.event-13 | DEBUG | a.p.s.l.LocalCIQueueWebsocketService : CIBuildJobQueueItem removed from processing jobs: BuildJobQueueItem[id=20261739576743984, name=SHORT53C73BE505404043100AC2F00C039353CE8FTSTEXC-LOCALVCCIINTSTUDENT1, buildAgent=BuildAgentDTO[name=artemis-build-agent-test, memberAddress=[127.0.0.1]:5703, displayName=artemis-build-agent-test], participationId=2026, courseId=991, exerciseId=2608, retryCount=0, priority=1, status=null, repositoryInfo=RepositoryInfo[repositoryName=short53c73be505404043100ac2f00c039353ce8ftstexc-localvcciintstudent1, repositoryType=user, triggeredByPushTo=user, assignmentRepositoryUri=http://localhost:49152/git/SHORT53C73BE505404043100AC2F00C039353CE8FTSTEXC/short53c73be505404043100ac2f00c039353ce8ftstexc-localvcciintstudent1.git, testRepositoryUri=http://localhost:49152/git/SHORT53C73BE505404043100AC2F00C039353CE8FTSTEXC/short53c73be505404043100ac2f00c039353ce8ftstexc-tests.git, solutionRepositoryUri=null, auxiliaryRepositoryUris=[Ljava.lang.String;@39d3fe6, auxiliaryRepositoryCheckoutDirectories=[Ljava.lang.String;@5558537f], jobTimingInfo=JobTimingInfo[submissionDate=2025-02-14T23:45:43.984518859Z[Etc/UTC], buildStartDate=2025-02-14T23:45:43.991385682Z[Etc/UTC], buildCompletionDate=null, estimatedCompletionDate=2025-02-14T23:46:02.991380122Z[Etc/UTC], estimatedDuration=19], buildConfig=BuildConfig[buildScript=#!/bin/bash
cd /var/tmp/testing-dir
chmod +x ./gradlew
./gradlew clean test
, dockerImage=dummy-docker-image:latest, commitHashToBuild=3e90ae9fef2e44ffb41451a080bdaa6a44ad6848, assignmentCommitHash=3e90ae9fef2e44ffb41451a080bdaa6a44ad6848, testCommitHash=0582754c87aae13e640312855ce7dbe490ecb50c, branch=main, programmingLanguage=JAVA, projectType=PLAIN_GRADLE, scaEnabled=false, sequentialTestRunsEnabled=false, resultPaths=[/var/tmp/testing-dir/**/test-results/test/*.xml], timeoutSeconds=0, assignmentCheckoutPath=null, testCheckoutPath=null, solutionCheckoutPath=null, dockerRunConfig=null], submissionResult=null]
    23:45:45.156 | 566 localvc.event-13 | DEBUG | s.l.LocalCIWebsocketMessagingService : Sending message on topic /topic/admin/running-jobs: []
    23:45:45.159 | 566 localvc.event-13 | DEBUG | s.l.LocalCIWebsocketMessagingService : Sending message on topic /topic/courses/991/running-jobs: []
    23:45:45.159 | 566 localvc.event-13 | DEBUG | a.p.s.l.LocalCIQueueWebsocketService : Build agent updated: BuildAgentInformation[buildAgent=BuildAgentDTO[name=artemis-build-agent-test, memberAddress=[127.0.0.1]:5703, displayName=artemis-build-agent-test], maxNumberOfConcurrentBuildJobs=1, numberOfCurrentBuildJobs=0, runningBuildJobs=[], status=IDLE, recentBuildJobs=[BuildJobQueueItem[id=19141739576708030, name=SHORT5F02A8F400311042E70858306EB148073CFDTSTEXC-LOCALVCINTSTUDENT1, buildAgent=BuildAgentDTO[name=artemis-build-agent-test, memberAddress=[127.0.0.1]:5703, displayName=artemis-build-agent-test], participationId=1914, courseId=947, exerciseId=2564, retryCount=0, priority=2, status=FAILED, repositoryInfo=RepositoryInfo[repositoryName=short5f02a8f400311042e70858306eb148073cfdtstexc-localvcintstudent1, repositoryType=user, triggeredByPushTo=user, assignmentRepositoryUri=http://localhost:49152/git/SHORT5F02A8F400311042E70858306EB148073CFDTSTEXC/short5f02a8f400311042e70858306eb148073cfdtstexc-localvcintstudent1.git, testRepositoryUri=http://localhost:49152/git/SHORT5F02A8F400311042E70858306EB148073CFDTSTEXC/short5f02a8f400311042e70858306eb148073cfdtstexc-tests.git, solutionRepositoryUri=null, auxiliaryRepositoryUris=[Ljava.lang.String;@1ba04ec0, auxiliaryRepositoryCheckoutDirectories=[Ljava.lang.String;@c742560], jobTimingInfo=JobTimingInfo[submissionDate=2025-02-14T23:45:08.030118216Z[Etc/UTC], buildStartDate=2025-02-14T23:45:08.041011412Z[Etc/UTC], buildCompletionDate=2025-02-14T23:45:08.054603331Z[Etc/UTC], estimatedCompletionDate=2025-02-14T23:45:27.041005080Z[Etc/UTC], estimatedDuration=19], buildConfig=BuildConfig[buildScript=#!/bin/bash
cd /var/tmp/testing-dir
chmod +x ./gradlew
./gradlew clean test
, dockerImage=dummy-docker-image:latest, commitHashToBuild=6e7146cac5059504aa9d170ec3fa23aec740bb51, assignmentCommitHash=6e7146cac5059504aa9d170ec3fa23aec740bb51, testCommitHash=931e5303581c7a2f01339ba603cfafbfe668b901, branch=main, programmingLanguage=JAVA, projectType=PLAIN_GRADLE, scaEnabled=false, sequentialTestRunsEnabled=false, resultPaths=[/var/tmp/testing-dir/**/test-results/test/*.xml], timeoutSeconds=0, assignmentCheckoutPath=null, testCheckoutPath=null, solutionCheckoutPath=null, dockerRunConfig=null], submissionResult=ResultDTO[id=622, completionDate=2025-02-14T23:45:08.054683681Z[Etc/UTC], successful=false, score=0.0, rated=true, submission=SubmissionDTO[id=814, submitted=true, type=MANUAL, exampleSubmission=null, submissionDate=2025-02-14T23:45:08.016200Z, commitHash=6e7146cac5059504aa9d170ec3fa23aec740bb51, buildFailed=true, buildArtifact=false, participation=ParticipationDTO[id=1914, testRun=false, type=programming, submissionCount=null, exercise=ParticipationExerciseDTO[id=2564, exerciseType=PROGRAMMING, type=programming, assessmentType=AUTOMATIC, dueDate=2025-02-16T23:45:07.324348Z, assessmentDueDate=null, maxPoints=42.0, course=CourseDTO[id=947, accuracyOfScores=1]]], submissionExerciseType=programming, isProcessing=false, buildStartDate=null, estimatedCompletionDate=null], participation=ParticipationDTO[id=1914, testRun=false, type=programming, submissionCount=null, exercise=ParticipationExerciseDTO[id=2564, exerciseType=PROGRAMMING, type=programming, assessmentType=AUTOMATIC, dueDate=2025-02-16T23:45:07.324348Z, assessmentDueDate=null, maxPoints=42.0, course=CourseDTO[id=947, accuracyOfScores=1]]], feedbacks=[], assessmentType=AUTOMATIC, hasComplaint=null, exampleResult=null, testCaseCount=0, passedTestCaseCount=0, codeIssueCount=0]], BuildJobQueueItem[id=19361739576711303, name=SHORT9AFDAE3804CA304DDF0889A0CB0F56104A86TSTEXC-LOCALVCINTSTUDENT1, buildAgent=BuildAgentDTO[name=artemis-build-agent-test, memberAddress=[127.0.0.1]:5703, displayName=artemis-build-agent-test], participationId=1936, courseId=956, exerciseId=2573, retryCount=0, priority=2, status=FAILED, repositoryInfo=RepositoryInfo[repositoryName=short9afdae3804ca304ddf0889a0cb0f56104a86tstexc-localvcintstudent1, repositoryType=user, triggeredByPushTo=user, assignmentRepositoryUri=http://localhost:49152/git/SHORT9AFDAE3804CA304DDF0889A0CB0F56104A86TSTEXC/short9afdae3804ca304ddf0889a0cb0f56104a86tstexc-localvcintstudent1.git, testRepositoryUri=http://localhost:49152/git/SHORT9AFDAE3804CA304DDF0889A0CB0F56104A86TSTEXC/short9afdae3804ca304ddf0889a0cb0f56104a86tstexc-tests.git, solutionRepositoryUri=null, auxiliaryRepositoryUris=[Ljava.lang.String;@4637dd06, auxiliaryRepositoryCheckoutDirectories=[Ljava.lang.String;@76c7c811], jobTimingInfo=JobTimingInfo[submissionDate=2025-02-14T23:45:11.303805653Z[Etc/UTC], buildStartDate=2025-02-14T23:45:11.310981356Z[Etc/UTC], buildCompletionDate=2025-02-14T23:45:11.319178384Z[Etc/UTC], estimatedCompletionDate=2025-02-14T23:45:30.310974944Z[Etc/UTC], estimatedDuration=19], buildConfig=BuildConfig[buildScript=#!/bin/bash
cd /var/tmp/testing-dir
chmod +x ./gradlew
./gradlew clean test
, dockerImage=dummy-docker-image:latest, commitHashToBuild=a1099e378cffde441ef85f9b12577ca174b8e1e4, assignmentCommitHash=a1099e378cffde441ef85f9b12577ca174b8e1e4, testCommitHash=bd38d61c299ab11a1dea82a3ca5493fe04d97d47, branch=main, programmingLanguage=JAVA, projectType=PLAIN_GRADLE, scaEnabled=false, sequentialTestRunsEnabled=false, resultPaths=[/var/tmp/testing-dir/**/test-results/test/*.xml], timeoutSeconds=0, assignmentCheckoutPath=null, testCheckoutPath=null, solutionCheckoutPath=null, dockerRunConfig=null], submissionResult=ResultDTO[id=623, completionDate=2025-02-14T23:45:11.319278430Z[Etc/UTC], successful=false, score=0.0, rated=true, submission=SubmissionDTO[id=815, submitted=true, type=MANUAL, exampleSubmission=null, submissionDate=2025-02-14T23:45:11.294386Z, commitHash=a1099e378cffde441ef85f9b12577ca174b8e1e4, buildFailed=true, buildArtifact=false, participation=ParticipationDTO[id=1936, testRun=false, type=programming, submissionCount=null, exercise=ParticipationExerciseDTO[id=2573, exerciseType=PROGRAMMING, type=programming, assessmentType=AUTOMATIC, dueDate=2025-02-16T23:45:10.996982Z, assessmentDueDate=null, maxPoints=42.0, course=CourseDTO[id=956, accuracyOfScores=1]]], submissionExerciseType=programming, isProcessing=false, buildStartDate=null, estimatedCompletionDate=null], participation=ParticipationDTO[id=1936, testRun=false, type=programming, submissionCount=null, exercise=ParticipationExerciseDTO[id=2573, exerciseType=PROGRAMMING, type=programming, assessmentType=AUTOMATIC, dueDate=2025-02-16T23:45:10.996982Z, assessmentDueDate=null, maxPoints=42.0, course=CourseDTO[id=956, accuracyOfScores=1]]], feedbacks=[], assessmentType=AUTOMATIC, hasComplaint=null, exampleResult=null, testCaseCount=0, passedTestCaseCount=0, codeIssueCount=0]], BuildJobQueueItem[id=19351739576711674, name=SHORT9AFDAE3804CA304DDF0889A0CB0F56104A86TSTEXC-BASE, buildAgent=BuildAgentDTO[name=artemis-build-agent-test, memberAddress=[127.0.0.1]:5703, displayName=artemis-build-agent-test], participationId=1935, courseId=956, exerciseId=2573, retryCount=0, priority=2, status=FAILED, repositoryInfo=RepositoryInfo[repositoryName=short9afdae3804ca304ddf0889a0cb0f56104a86tstexc-exercise, repositoryType=exercise, triggeredByPushTo=exercise, assignmentRepositoryUri=http://localhost:49152/git/SHORT9AFDAE3804CA304DDF0889A0CB0F56104A86TSTEXC/short9afdae3804ca304ddf0889a0cb0f56104a86tstexc-exercise.git, testRepositoryUri=http://localhost:49152/git/SHORT9AFDAE3804CA304DDF0889A0CB0F56104A86TSTEXC/short9afdae3804ca304ddf0889a0cb0f56104a86tstexc-tests.git, solutionRepositoryUri=null, auxiliaryRepositoryUris=[Ljava.lang.String;@6f084e47, auxiliaryRepositoryCheckoutDirectories=[Ljava.lang.String;@42fa29e3], jobTimingInfo=JobTimingInfo[submissionDate=2025-02-14T23:45:11.674556681Z[Etc/UTC], buildStartDate=2025-02-14T23:45:11.677776879Z[Etc/UTC], buildCompletionDate=2025-02-14T23:45:11.688097378Z[Etc/UTC], estimatedCompletionDate=2025-02-14T23:45:30.677771620Z[Etc/UTC], estimatedDuration=19], buildConfig=BuildConfig[buildScript=#!/bin/bash
cd /var/tmp/testing-dir
chmod +x ./gradlew
./gradlew clean test
, dockerImage=dummy-docker-image:latest, commitHashToBuild=a1099e378cffde441ef85f9b12577ca174b8e1e4, assignmentCommitHash=a1099e378cffde441ef85f9b12577ca174b8e1e4, testCommitHash=bd38d61c299ab11a1dea82a3ca5493fe04d97d47, branch=main, programmingLanguage=JAVA, projectType=PLAIN_GRADLE, scaEnabled=false, sequentialTestRunsEnabled=false, resultPaths=[/var/tmp/testing-dir/**/test-results/test/*.xml], timeoutSeconds=0, assignmentCheckoutPath=null, testCheckoutPath=null, solutionCheckoutPath=null, dockerRunConfig=null], submissionResult=ResultDTO[id=624, completionDate=2025-02-14T23:45:11.688214837Z[Etc/UTC], successful=false, score=0.0, rated=true, submission=SubmissionDTO[id=816, submitted=true, type=MANUAL, exampleSubmission=null, submissionDate=2025-02-14T23:45:11.656934Z, commitHash=a1099e378cffde441ef85f9b12577ca174b8e1e4, buildFailed=true, buildArtifact=false, participation=ParticipationDTO[id=1935, testRun=false, type=template, submissionCount=null, exercise=ParticipationExerciseDTO[id=2573, exerciseType=PROGRAMMING, type=programming, assessmentType=AUTOMATIC, dueDate=2025-02-16T23:45:10.996982Z, assessmentDueDate=null, maxPoints=42.0, course=CourseDTO[id=956, accuracyOfScores=1]]], submissionExerciseType=programming, isProcessing=false, buildStartDate=null, estimatedCompletionDate=null], participation=ParticipationDTO[id=1935, testRun=false, type=template, submissionCount=null, exercise=ParticipationExerciseDTO[id=2573, exerciseType=PROGRAMMING, type=programming, assessmentType=AUTOMATIC, dueDate=2025-02-16T23:45:10.996982Z, assessmentDueDate=null, maxPoints=42.0, course=CourseDTO[id=956, accuracyOfScores=1]]], feedbacks=[], assessmentType=AUTOMATIC, hasComplaint=null, exampleResult=null, testCaseCount=0, passedTestCaseCount=0, codeIssueCount=0]], BuildJobQueueItem[id=19341739576712112, name=SHORT9AFDAE3804CA304DDF0889A0CB0F56104A86TSTEXC-SOLUTION, buildAgent=BuildAgentDTO[name=artemis-build-agent-test, memberAddress=[127.0.0.1]:5703, displayName=artemis-build-agent-test], participationId=1934, courseId=956, exerciseId=2573, retryCount=0, priority=2, status=FAILED, repositoryInfo=RepositoryInfo[repositoryName=short9afdae3804ca304ddf0889a0cb0f56104a86tstexc-solution, repositoryType=solution, triggeredByPushTo=solution, assignmentRepositoryUri=http://localhost:49152/git/SHORT9AFDAE3804CA304DDF0889A0CB0F56104A86TSTEXC/short9afdae3804ca304ddf0889a0cb0f56104a86tstexc-solution.git, testRepositoryUri=http://localhost:49152/git/SHORT9AFDAE3804CA304DDF0889A0CB0F56104A86TSTEXC/short9afdae3804ca304ddf0889a0cb0f56104a86tstexc-tests.git, solutionRepositoryUri=null, auxiliaryRepositoryUris=[Ljava.lang.String;@3a5d1357, auxiliaryRepositoryCheckoutDirectories=[Ljava.lang.String;@7212d34d], jobTimingInfo=JobTimingInfo[submissionDate=2025-02-14T23:45:12.112332872Z[Etc/UTC], buildStartDate=2025-02-14T23:45:12.121617114Z[Etc/UTC], buildCompletionDate=2025-02-14T23:45:12.127931701Z[Etc/UTC], estimatedCompletionDate=2025-02-14T23:45:31.121609600Z[Etc/UTC], estimatedDuration=19], buildConfig=BuildConfig[buildScript=#!/bin/bash
cd /var/tmp/testing-dir
chmod +x ./gradlew
./gradlew clean test
, dockerImage=dummy-docker-image:latest, commitHashToBuild=a1099e378cffde441ef85f9b12577ca174b8e1e4, assignmentCommitHash=a1099e378cffde441ef85f9b12577ca174b8e1e4, testCommitHash=bd38d61c299ab11a1dea82a3ca5493fe04d97d47, branch=main, programmingLanguage=JAVA, projectType=PLAIN_GRADLE, scaEnabled=false, sequentialTestRunsEnabled=false, resultPaths=[/var/tmp/testing-dir/**/test-results/test/*.xml], timeoutSeconds=0, assignmentCheckoutPath=null, testCheckoutPath=null, solutionCheckoutPath=null, dockerRunConfig=null], submissionResult=ResultDTO[id=625, completionDate=2025-02-14T23:45:12.128011800Z[Etc/UTC], successful=false, score=0.0, rated=true, submission=SubmissionDTO[id=817, submitted=true, type=MANUAL, exampleSubmission=null, submissionDate=2025-02-14T23:45:12.098737Z, commitHash=a1099e378cffde441ef85f9b12577ca174b8e1e4, buildFailed=true, buildArtifact=false, participation=ParticipationDTO[id=1934, testRun=false, type=solution, submissionCount=null, exercise=ParticipationExerciseDTO[id=2573, exerciseType=PROGRAMMING, type=programming, assessmentType=AUTOMATIC, dueDate=2025-02-16T23:45:10.996982Z, assessmentDueDate=null, maxPoints=42.0, course=CourseDTO[id=956, accuracyOfScores=1]]], submissionExerciseType=programming, isProcessing=false, buildStartDate=null, estimatedCompletionDate=null], participation=ParticipationDTO[id=1934, testRun=false, type=solution, submissionCount=null, exercise=ParticipationExerciseDTO[id=2573, exerciseType=PROGRAMMING, type=programming, assessmentType=AUTOMATIC, dueDate=2025-02-16T23:45:10.996982Z, assessmentDueDate=null, maxPoints=42.0, course=CourseDTO[id=956, accuracyOfScores=1]]], feedbacks=[], assessmentType=AUTOMATIC, hasComplaint=null, exampleResult=null, testCaseCount=0, passedTestCaseCount=0, codeIssueCount=0]], BuildJobQueueItem[id=19341739576713025, name=SHORT9AFDAE3804CA304DDF0889A0CB0F56104A86TSTEXC-SOLUTION, buildAgent=BuildAgentDTO[name=artemis-build-agent-test, memberAddress=[127.0.0.1]:5703, displayName=artemis-build-agent-test], participationId=1934, courseId=956, exerciseId=2573, retryCount=0, priority=2, status=FAILED, repositoryInfo=RepositoryInfo[repositoryName=short9afdae3804ca304ddf0889a0cb0f56104a86tstexc-solution, repositoryType=solution, triggeredByPushTo=tests, assignmentRepositoryUri=http://localhost:49152/git/SHORT9AFDAE3804CA304DDF0889A0CB0F56104A86TSTEXC/short9afdae3804ca304ddf0889a0cb0f56104a86tstexc-solution.git, testRepositoryUri=http://localhost:49152/git/SHORT9AFDAE3804CA304DDF0889A0CB0F56104A86TSTEXC/short9afdae3804ca304ddf0889a0cb0f56104a86tstexc-tests.git, solutionRepositoryUri=null, auxiliaryRepositoryUris=[Ljava.lang.String;@5fc5c13e, auxiliaryRepositoryCheckoutDirectories=[Ljava.lang.String;@4ce34e14], jobTimingInfo=JobTimingInfo[submissionDate=2025-02-14T23:45:13.025319671Z[Etc/UTC], buildStartDate=2025-02-14T23:45:13.040293146Z[Etc/UTC], buildCompletionDate=2025-02-14T23:45:13.053032917Z[Etc/UTC], estimatedCompletionDate=2025-02-14T23:45:32.040285703Z[Etc/UTC], estimatedDuration=19], buildConfig=BuildConfig[buildScript=#!/bin/bash
cd /var/tmp/testing-dir
chmod +x ./gradlew
./gradlew clean test
, dockerImage=dummy-docker-image:latest, commitHashToBuild=784f8f0049d2a1a54f21c67dd772bea86715267a, assignmentCommitHash=a1099e378cffde441ef85f9b12577ca174b8e1e4, testCommitHash=784f8f0049d2a1a54f21c67dd772bea86715267a, branch=main, programmingLanguage=JAVA, projectType=PLAIN_GRADLE, scaEnabled=false, sequentialTestRunsEnabled=false, resultPaths=[/var/tmp/testing-dir/**/test-results/test/*.xml], timeoutSeconds=0, assignmentCheckoutPath=null, testCheckoutPath=null, solutionCheckoutPath=null, dockerRunConfig=null], submissionResult=ResultDTO[id=626, completionDate=2025-02-14T23:45:13.053131811Z[Etc/UTC], successful=false, score=0.0, rated=true, submission=SubmissionDTO[id=818, submitted=true, type=TEST, exampleSubmission=null, submissionDate=2025-02-14T23:45:13.005779Z, commitHash=784f8f0049d2a1a54f21c67dd772bea86715267a, buildFailed=true, buildArtifact=false, participation=ParticipationDTO[id=1934, testRun=false, type=solution, submissionCount=null, exercise=ParticipationExerciseDTO[id=2573, exerciseType=PROGRAMMING, type=programming, assessmentType=AUTOMATIC, dueDate=2025-02-16T23:45:10.996982Z, assessmentDueDate=null, maxPoints=42.0, course=CourseDTO[id=956, accuracyOfScores=1]]], submissionExerciseType=programming, isProcessing=false, buildStartDate=null, estimatedCompletionDate=null], participation=ParticipationDTO[id=1934, testRun=false, type=solution, submissionCount=null, exercise=ParticipationExerciseDTO[id=2573, exerciseType=PROGRAMMING, type=programming, assessmentType=AUTOMATIC, dueDate=2025-02-16T23:45:10.996982Z, assessmentDueDate=null, maxPoints=42.0, course=CourseDTO[id=956, accuracyOfScores=1]]], feedbacks=[], assessmentType=AUTOMATIC, hasComplaint=null, exampleResult=null, testCaseCount=0, passedTestCaseCount=0, codeIssueCount=0]], BuildJobQueueItem[id=19581739576715555, name=SHORTC1A3F9FC03D2304B4308FA20AF16D54AAA49TSTEXC-LOCALVCSSHINTSTUDENT1, buildAgent=BuildAgentDTO[name=artemis-build-agent-test, memberAddress=[127.0.0.1]:5703, displayName=artemis-build-agent-test], participationId=1958, courseId=965, exerciseId=2582, retryCount=0, priority=2, status=FAILED, repositoryInfo=RepositoryInfo[repositoryName=shortc1a3f9fc03d2304b4308fa20af16d54aaa49tstexc-localvcsshintstudent1, repositoryType=user, triggeredByPushTo=user, assignmentRepositoryUri=http://localhost:49152/git/SHORTC1A3F9FC03D2304B4308FA20AF16D54AAA49TSTEXC/shortc1a3f9fc03d2304b4308fa20af16d54aaa49tstexc-localvcsshintstudent1.git, testRepositoryUri=http://localhost:49152/git/SHORTC1A3F9FC03D2304B4308FA20AF16D54AAA49TSTEXC/shortc1a3f9fc03d2304b4308fa20af16d54aaa49tstexc-tests.git, solutionRepositoryUri=null, auxiliaryRepositoryUris=[Ljava.lang.String;@1ef63b74, auxiliaryRepositoryCheckoutDirectories=[Ljava.lang.String;@7a1a0b5c], jobTimingInfo=JobTimingInfo[submissionDate=2025-02-14T23:45:15.555989584Z[Etc/UTC], buildStartDate=2025-02-14T23:45:15.568477627Z[Etc/UTC], buildCompletionDate=2025-02-14T23:45:15.579021148Z[Etc/UTC], estimatedCompletionDate=2025-02-14T23:45:34.568443924Z[Etc/UTC], estimatedDuration=19], buildConfig=BuildConfig[buildScript=#!/bin/bash
cd /var/tmp/testing-dir
chmod +x ./gradlew
./gradlew clean test
, dockerImage=dummy-docker-image:latest, commitHashToBuild=ca76dac20e040e6609db02fd7fedd56bf58829d7, assignmentCommitHash=ca76dac20e040e6609db02fd7fedd56bf58829d7, testCommitHash=bd0d58c226dc63bfa4bc9052870589952c0a1f83, branch=main, programmingLanguage=JAVA, projectType=PLAIN_GRADLE, scaEnabled=false, sequentialTestRunsEnabled=false, resultPaths=[/var/tmp/testing-dir/**/test-results/test/*.xml], timeoutSeconds=0, assignmentCheckoutPath=null, testCheckoutPath=null, solutionCheckoutPath=null, dockerRunConfig=null], submissionResult=ResultDTO[id=627, completionDate=2025-02-14T23:45:15.579119131Z[Etc/UTC], successful=false, score=0.0, rated=true, submission=SubmissionDTO[id=820, submitted=true, type=MANUAL, exampleSubmission=null, submissionDate=2025-02-14T23:45:15.548349Z, commitHash=ca76dac20e040e6609db02fd7fedd56bf58829d7, buildFailed=true, buildArtifact=false, participation=ParticipationDTO[id=1958, testRun=false, type=programming, submissionCount=null, exercise=ParticipationExerciseDTO[id=2582, exerciseType=PROGRAMMING, type=programming, assessmentType=AUTOMATIC, dueDate=2025-02-16T23:45:15.103512Z, assessmentDueDate=null, maxPoints=42.0, course=CourseDTO[id=965, accuracyOfScores=1]]], submissionExerciseType=programming, isProcessing=false, buildStartDate=null, estimatedCompletionDate=null], participation=ParticipationDTO[id=1958, testRun=false, type=programming, submissionCount=null, exercise=ParticipationExerciseDTO[id=2582, exerciseType=PROGRAMMING, type=programming, assessmentType=AUTOMATIC, dueDate=2025-02-16T23:45:15.103512Z, assessmentDueDate=null, maxPoints=42.0, course=CourseDTO[id=965, accuracyOfScores=1]]], feedbacks=[], assessmentType=AUTOMATIC, hasComplaint=null, exampleResult=null, testCaseCount=0, passedTestCaseCount=0, codeIssueCount=0]], BuildJobQueueItem[id=19801739576719393, name=SHORTB2A6C58B0D447045380A858075B170A5B7C6TSTEXC-LOCALVCSSHINTSTUDENT1, buildAgent=BuildAgentDTO[name=artemis-build-agent-test, memberAddress=[127.0.0.1]:5703, displayName=artemis-build-agent-test], participationId=1980, courseId=974, exerciseId=2591, retryCount=0, priority=2, status=FAILED, repositoryInfo=RepositoryInfo[repositoryName=shortb2a6c58b0d447045380a858075b170a5b7c6tstexc-localvcsshintstudent1, repositoryType=user, triggeredByPushTo=user, assignmentRepositoryUri=http://localhost:49152/git/SHORTB2A6C58B0D447045380A858075B170A5B7C6TSTEXC/shortb2a6c58b0d447045380a858075b170a5b7c6tstexc-localvcsshintstudent1.git, testRepositoryUri=http://localhost:49152/git/SHORTB2A6C58B0D447045380A858075B170A5B7C6TSTEXC/shortb2a6c58b0d447045380a858075b170a5b7c6tstexc-tests.git, solutionRepositoryUri=null, auxiliaryRepositoryUris=[Ljava.lang.String;@ba7f910, auxiliaryRepositoryCheckoutDirectories=[Ljava.lang.String;@5de2859e], jobTimingInfo=JobTimingInfo[submissionDate=2025-02-14T23:45:19.393259829Z[Etc/UTC], buildStartDate=2025-02-14T23:45:19.405438171Z[Etc/UTC], buildCompletionDate=2025-02-14T23:45:19.414070673Z[Etc/UTC], estimatedCompletionDate=2025-02-14T23:45:38.405431569Z[Etc/UTC], estimatedDuration=19], buildConfig=BuildConfig[buildScript=#!/bin/bash
cd /var/tmp/testing-dir
chmod +x ./gradlew
./gradlew clean test
, dockerImage=dummy-docker-image:latest, commitHashToBuild=363cdbf709a9fff149f813ab848ee800a675cc77, assignmentCommitHash=363cdbf709a9fff149f813ab848ee800a675cc77, testCommitHash=a5e046ece417b2e538f21f816e2524dab61e0d10, branch=main, programmingLanguage=JAVA, projectType=PLAIN_GRADLE, scaEnabled=false, sequentialTestRunsEnabled=false, resultPaths=[/var/tmp/testing-dir/**/test-results/test/*.xml], timeoutSeconds=0, assignmentCheckoutPath=null, testCheckoutPath=null, solutionCheckoutPath=null, dockerRunConfig=null], submissionResult=ResultDTO[id=628, completionDate=2025-02-14T23:45:19.414171040Z[Etc/UTC], successful=false, score=0.0, rated=true, submission=SubmissionDTO[id=821, submitted=true, type=MANUAL, exampleSubmission=null, submissionDate=2025-02-14T23:45:19.376840Z, commitHash=363cdbf709a9fff149f813ab848ee800a675cc77, buildFailed=true, buildArtifact=false, participation=ParticipationDTO[id=1980, testRun=false, type=programming, submissionCount=null, exercise=ParticipationExerciseDTO[id=2591, exerciseType=PROGRAMMING, type=programming, assessmentType=AUTOMATIC, dueDate=2025-02-16T23:45:18.950569Z, assessmentDueDate=null, maxPoints=42.0, course=CourseDTO[id=974, accuracyOfScores=1]]], submissionExerciseType=programming, isProcessing=false, buildStartDate=null, estimatedCompletionDate=null], participation=ParticipationDTO[id=1980, testRun=false, type=programming, submissionCount=null, exercise=ParticipationExerciseDTO[id=2591, exerciseType=PROGRAMMING, type=programming, assessmentType=AUTOMATIC, dueDate=2025-02-16T23:45:18.950569Z, assessmentDueDate=null, maxPoints=42.0, course=CourseDTO[id=974, accuracyOfScores=1]]], feedbacks=[], assessmentType=AUTOMATIC, hasComplaint=null, exampleResult=null, testCaseCount=0, passedTestCaseCount=0, codeIssueCount=0]], BuildJobQueueItem[id=19791739576719787, name=SHORTB2A6C58B0D447045380A858075B170A5B7C6TSTEXC-BASE, buildAgent=BuildAgentDTO[name=artemis-build-agent-test, memberAddress=[127.0.0.1]:5703, displayName=artemis-build-agent-test], participationId=1979, courseId=974, exerciseId=2591, retryCount=0, priority=2, status=FAILED, repositoryInfo=RepositoryInfo[repositoryName=shortb2a6c58b0d447045380a858075b170a5b7c6tstexc-exercise, repositoryType=exercise, triggeredByPushTo=exercise, assignmentRepositoryUri=http://localhost:49152/git/SHORTB2A6C58B0D447045380A858075B170A5B7C6TSTEXC/shortb2a6c58b0d447045380a858075b170a5b7c6tstexc-exercise.git, testRepositoryUri=http://localhost:49152/git/SHORTB2A6C58B0D447045380A858075B170A5B7C6TSTEXC/shortb2a6c58b0d447045380a858075b170a5b7c6tstexc-tests.git, solutionRepositoryUri=null, auxiliaryRepositoryUris=[Ljava.lang.String;@726028cd, auxiliaryRepositoryCheckoutDirectories=[Ljava.lang.String;@588a8d36], jobTimingInfo=JobTimingInfo[submissionDate=2025-02-14T23:45:19.787985058Z[Etc/UTC], buildStartDate=2025-02-14T23:45:19.796327417Z[Etc/UTC], buildCompletionDate=2025-02-14T23:45:19.799750982Z[Etc/UTC], estimatedCompletionDate=2025-02-14T23:45:38.796319082Z[Etc/UTC], estimatedDuration=19], buildConfig=BuildConfig[buildScript=#!/bin/bash
cd /var/tmp/testing-dir
chmod +x ./gradlew
./gradlew clean test
, dockerImage=dummy-docker-image:latest, commitHashToBuild=363cdbf709a9fff149f813ab848ee800a675cc77, assignmentCommitHash=363cdbf709a9fff149f813ab848ee800a675cc77, testCommitHash=a5e046ece417b2e538f21f816e2524dab61e0d10, branch=main, programmingLanguage=JAVA, projectType=PLAIN_GRADLE, scaEnabled=false, sequentialTestRunsEnabled=false, resultPaths=[/var/tmp/testing-dir/**/test-results/test/*.xml], timeoutSeconds=0, assignmentCheckoutPath=null, testCheckoutPath=null, solutionCheckoutPath=null, dockerRunConfig=null], submissionResult=ResultDTO[id=629, completionDate=2025-02-14T23:45:19.799820341Z[Etc/UTC], successful=false, score=0.0, rated=true, submission=SubmissionDTO[id=822, submitted=true, type=MANUAL, exampleSubmission=null, submissionDate=2025-02-14T23:45:19.775952Z, commitHash=363cdbf709a9fff149f813ab848ee800a675cc77, buildFailed=true, buildArtifact=false, participation=ParticipationDTO[id=1979, testRun=false, type=template, submissionCount=null, exercise=ParticipationExerciseDTO[id=2591, exerciseType=PROGRAMMING, type=programming, assessmentType=AUTOMATIC, dueDate=2025-02-16T23:45:18.950569Z, assessmentDueDate=null, maxPoints=42.0, course=CourseDTO[id=974, accuracyOfScores=1]]], submissionExerciseType=programming, isProcessing=false, buildStartDate=null, estimatedCompletionDate=null], participation=ParticipationDTO[id=1979, testRun=false, type=template, submissionCount=null, exercise=ParticipationExerciseDTO[id=2591, exerciseType=PROGRAMMING, type=programming, assessmentType=AUTOMATIC, dueDate=2025-02-16T23:45:18.950569Z, assessmentDueDate=null, maxPoints=42.0, course=CourseDTO[id=974, accuracyOfScores=1]]], feedbacks=[], assessmentType=AUTOMATIC, hasComplaint=null, exampleResult=null, testCaseCount=0, passedTestCaseCount=0, codeIssueCount=0]], BuildJobQueueItem[id=19781739576720235, name=SHORTB2A6C58B0D447045380A858075B170A5B7C6TSTEXC-SOLUTION, buildAgent=BuildAgentDTO[name=artemis-build-agent-test, memberAddress=[127.0.0.1]:5703, displayName=artemis-build-agent-test], participationId=1978, courseId=974, exerciseId=2591, retryCount=0, priority=2, status=FAILED, repositoryInfo=RepositoryInfo[repositoryName=shortb2a6c58b0d447045380a858075b170a5b7c6tstexc-solution, repositoryType=solution, triggeredByPushTo=solution, assignmentRepositoryUri=http://localhost:49152/git/SHORTB2A6C58B0D447045380A858075B170A5B7C6TSTEXC/shortb2a6c58b0d447045380a858075b170a5b7c6tstexc-solution.git, testRepositoryUri=http://localhost:49152/git/SHORTB2A6C58B0D447045380A858075B170A5B7C6TSTEXC/shortb2a6c58b0d447045380a858075b170a5b7c6tstexc-tests.git, solutionRepositoryUri=null, auxiliaryRepositoryUris=[Ljava.lang.String;@6cd1804e, auxiliaryRepositoryCheckoutDirectories=[Ljava.lang.String;@25d6263f], jobTimingInfo=JobTimingInfo[submissionDate=2025-02-14T23:45:20.235272325Z[Etc/UTC], buildStartDate=2025-02-14T23:45:20.243033812Z[Etc/UTC], buildCompletionDate=2025-02-14T23:45:20.250721018Z[Etc/UTC], estimatedCompletionDate=2025-02-14T23:45:39.243026949Z[Etc/UTC], estimatedDuration=19], buildConfig=BuildConfig[buildScript=#!/bin/bash
cd /var/tmp/testing-dir
chmod +x ./gradlew
./gradlew clean test
, dockerImage=dummy-docker-image:latest, commitHashToBuild=c710d0e68c9c7db8cda7d1a278308de2b9642cc0, assignmentCommitHash=c710d0e68c9c7db8cda7d1a278308de2b9642cc0, testCommitHash=a5e046ece417b2e538f21f816e2524dab61e0d10, branch=main, programmingLanguage=JAVA, projectType=PLAIN_GRADLE, scaEnabled=false, sequentialTestRunsEnabled=false, resultPaths=[/var/tmp/testing-dir/**/test-results/test/*.xml], timeoutSeconds=0, assignmentCheckoutPath=null, testCheckoutPath=null, solutionCheckoutPath=null, dockerRunConfig=null], submissionResult=ResultDTO[id=630, completionDate=2025-02-14T23:45:20.250809893Z[Etc/UTC], successful=false, score=0.0, rated=true, submission=SubmissionDTO[id=823, submitted=true, type=MANUAL, exampleSubmission=null, submissionDate=2025-02-14T23:45:20.211707Z, commitHash=c710d0e68c9c7db8cda7d1a278308de2b9642cc0, buildFailed=true, buildArtifact=false, participation=ParticipationDTO[id=1978, testRun=false, type=solution, submissionCount=null, exercise=ParticipationExerciseDTO[id=2591, exerciseType=PROGRAMMING, type=programming, assessmentType=AUTOMATIC, dueDate=2025-02-16T23:45:18.950569Z, assessmentDueDate=null, maxPoints=42.0, course=CourseDTO[id=974, accuracyOfScores=1]]], submissionExerciseType=programming, isProcessing=false, buildStartDate=null, estimatedCompletionDate=null], participation=ParticipationDTO[id=1978, testRun=false, type=solution, submissionCount=null, exercise=ParticipationExerciseDTO[id=2591, exerciseType=PROGRAMMING, type=programming, assessmentType=AUTOMATIC, dueDate=2025-02-16T23:45:18.950569Z, assessmentDueDate=null, maxPoints=42.0, course=CourseDTO[id=974, accuracyOfScores=1]]], feedbacks=[], assessmentType=AUTOMATIC, hasComplaint=null, exampleResult=null, testCaseCount=0, passedTestCaseCount=0, codeIssueCount=0]], BuildJobQueueItem[id=19781739576720802, name=SHORTB2A6C58B0D447045380A858075B170A5B7C6TSTEXC-SOLUTION, buildAgent=BuildAgentDTO[name=artemis-build-agent-test, memberAddress=[127.0.0.1]:5703, displayName=artemis-build-agent-test], participationId=1978, courseId=974, exerciseId=2591, retryCount=0, priority=2, status=FAILED, repositoryInfo=RepositoryInfo[repositoryName=shortb2a6c58b0d447045380a858075b170a5b7c6tstexc-solution, repositoryType=solution, triggeredByPushTo=tests, assignmentRepositoryUri=http://localhost:49152/git/SHORTB2A6C58B0D447045380A858075B170A5B7C6TSTEXC/shortb2a6c58b0d447045380a858075b170a5b7c6tstexc-solution.git, testRepositoryUri=http://localhost:49152/git/SHORTB2A6C58B0D447045380A858075B170A5B7C6TSTEXC/shortb2a6c58b0d447045380a858075b170a5b7c6tstexc-tests.git, solutionRepositoryUri=null, auxiliaryRepositoryUris=[Ljava.lang.String;@56834408, auxiliaryRepositoryCheckoutDirectories=[Ljava.lang.String;@5aec90d3], jobTimingInfo=JobTimingInfo[submissionDate=2025-02-14T23:45:20.802935026Z[Etc/UTC], buildStartDate=2025-02-14T23:45:20.809306435Z[Etc/UTC], buildCompletionDate=2025-02-14T23:45:20.822452342Z[Etc/UTC], estimatedCompletionDate=2025-02-14T23:45:39.809298491Z[Etc/UTC], estimatedDuration=19], buildConfig=BuildConfig[buildScript=#!/bin/bash
cd /var/tmp/testing-dir
chmod +x ./gradlew
./gradlew clean test
, dockerImage=dummy-docker-image:latest, commitHashToBuild=c710d0e68c9c7db8cda7d1a278308de2b9642cc0, assignmentCommitHash=c710d0e68c9c7db8cda7d1a278308de2b9642cc0, testCommitHash=c710d0e68c9c7db8cda7d1a278308de2b9642cc0, branch=main, programmingLanguage=JAVA, projectType=PLAIN_GRADLE, scaEnabled=false, sequentialTestRunsEnabled=false, resultPaths=[/var/tmp/testing-dir/**/test-results/test/*.xml], timeoutSeconds=0, assignmentCheckoutPath=null, testCheckoutPath=null, solutionCheckoutPath=null, dockerRunConfig=null], submissionResult=ResultDTO[id=631, completionDate=2025-02-14T23:45:20.822527362Z[Etc/UTC], successful=false, score=0.0, rated=true, submission=SubmissionDTO[id=824, submitted=true, type=TEST, exampleSubmission=null, submissionDate=2025-02-14T23:45:20.791240Z, commitHash=c710d0e68c9c7db8cda7d1a278308de2b9642cc0, buildFailed=true, buildArtifact=false, participation=ParticipationDTO[id=1978, testRun=false, type=solution, submissionCount=null, exercise=ParticipationExerciseDTO[id=2591, exerciseType=PROGRAMMING, type=programming, assessmentType=AUTOMATIC, dueDate=2025-02-16T23:45:18.950569Z, assessmentDueDate=null, maxPoints=42.0, course=CourseDTO[id=974, accuracyOfScores=1]]], submissionExerciseType=programming, isProcessing=false, buildStartDate=null, estimatedCompletionDate=null], participation=ParticipationDTO[id=1978, testRun=false, type=solution, submissionCount=null, exercise=ParticipationExerciseDTO[id=2591, exerciseType=PROGRAMMING, type=programming, assessmentType=AUTOMATIC, dueDate=2025-02-16T23:45:18.950569Z, assessmentDueDate=null, maxPoints=42.0, course=CourseDTO[id=974, accuracyOfScores=1]]], feedbacks=[], assessmentType=AUTOMATIC, hasComplaint=null, exampleResult=null, testCaseCount=0, passedTestCaseCount=0, codeIssueCount=0]], BuildJobQueueItem[id=20061739576732554, name=SHORT94A899E303D7504C5D0840704DAAFA3DFF4DTSTEXC-LOCALVCCIINTINSTRUCTOR1, buildAgent=BuildAgentDTO[name=artemis-build-agent-test, memberAddress=[127.0.0.1]:5703, displayName=artemis-build-agent-test], participationId=2006, courseId=984, exerciseId=2601, retryCount=0, priority=2, status=SUCCESSFUL, repositoryInfo=RepositoryInfo[repositoryName=short94a899e303d7504c5d0840704daafa3dff4dtstexc-localvcciintinstructor1, repositoryType=user, triggeredByPushTo=user, assignmentRepositoryUri=http://localhost:49152/git/SHORT94A899E303D7504C5D0840704DAAFA3DFF4DTSTEXC/short94a899e303d7504c5d0840704daafa3dff4dtstexc-localvcciintinstructor1.git, testRepositoryUri=http://localhost:49152/git/SHORT94A899E303D7504C5D0840704DAAFA3DFF4DTSTEXC/short94a899e303d7504c5d0840704daafa3dff4dtstexc-tests.git, solutionRepositoryUri=null, auxiliaryRepositoryUris=[Ljava.lang.String;@3a5fa830, auxiliaryRepositoryCheckoutDirectories=[Ljava.lang.String;@2e2c869a], jobTimingInfo=JobTimingInfo[submissionDate=2025-02-14T23:45:32.554795798Z[Etc/UTC], buildStartDate=2025-02-14T23:45:32.567287465Z[Etc/UTC], buildCompletionDate=2025-02-14T23:45:34.535226768Z[Etc/UTC], estimatedCompletionDate=2025-02-14T23:45:51.567257960Z[Etc/UTC], estimatedDuration=19], buildConfig=BuildConfig[buildScript=#!/bin/bash
cd /var/tmp/testing-dir
chmod +x ./gradlew
./gradlew clean test
, dockerImage=dummy-docker-image:latest, commitHashToBuild=ca2dbc0ae87edf7035058a6a17c0ea60e90a290f, assignmentCommitHash=ca2dbc0ae87edf7035058a6a17c0ea60e90a290f, testCommitHash=0207f6f98af5fbb66ad68455f3fc3cf128af8ae9, branch=main, programmingLanguage=JAVA, projectType=PLAIN_GRADLE, scaEnabled=false, sequentialTestRunsEnabled=false, resultPaths=[/var/tmp/testing-dir/**/test-results/test/*.xml], timeoutSeconds=0, assignmentCheckoutPath=null, testCheckoutPath=null, solutionCheckoutPath=null, dockerRunConfig=null], submissionResult=ResultDTO[id=632, completionDate=2025-02-14T23:45:34.504415716Z[Etc/UTC], successful=false, score=7.7, rated=false, submission=SubmissionDTO[id=826, submitted=true, type=MANUAL, exampleSubmission=null, submissionDate=2025-02-14T23:45:32.541533Z, commitHash=ca2dbc0ae87edf7035058a6a17c0ea60e90a290f, buildFailed=false, buildArtifact=false, participation=ParticipationDTO[id=2006, testRun=true, type=programming, submissionCount=null, exercise=ParticipationExerciseDTO[id=2601, exerciseType=PROGRAMMING, type=programming, assessmentType=AUTOMATIC, dueDate=2025-02-16T23:45:31.864042Z, assessmentDueDate=null, maxPoints=42.0, course=CourseDTO[id=984, accuracyOfScores=1]]], submissionExerciseType=programming, isProcessing=false, buildStartDate=null, estimatedCompletionDate=null], participation=ParticipationDTO[id=2006, testRun=true, type=programming, submissionCount=null, exercise=ParticipationExerciseDTO[id=2601, exerciseType=PROGRAMMING, type=programming, assessmentType=AUTOMATIC, dueDate=2025-02-16T23:45:31.864042Z, assessmentDueDate=null, maxPoints=42.0, course=CourseDTO[id=984, accuracyOfScores=1]]], feedbacks=[FeedbackDTO[id=920, text=null, detailText=The exercise expects a class with the name Context in the package testpackage. You did not implement the class in the exercise., hasLongFeedbackText=false, reference=null, credits=0.0, positive=false, type=AUTOMATIC, visibility=ALWAYS, testCase=TestCaseDTO[testName=null, id=1357]], FeedbackDTO[id=921, text=null, detailText=The exercise expects a class with the name Policy in the package testpackage. You did not implement the class in the exercise., hasLongFeedbackText=false, reference=null, credits=0.0, positive=false, type=AUTOMATIC, visibility=ALWAYS, testCase=TestCaseDTO[testName=null, id=1358]], FeedbackDTO[id=922, text=null, detailText=The exercise expects a class with the name SortStrategy in the package testpackage. You did not implement the class in the exercise., hasLongFeedbackText=false, reference=null, credits=0.0, positive=false, type=AUTOMATIC, visibility=ALWAYS, testCase=TestCaseDTO[testName=null, id=1359]], FeedbackDTO[id=923, text=null, detailText=The class 'MergeSort' does not implement the interface 'SortStrategy' as expected. Implement the interface and its methods., hasLongFeedbackText=false, reference=null, credits=0.0, positive=false, type=AUTOMATIC, visibility=ALWAYS, testCase=TestCaseDTO[testName=null, id=1354]], FeedbackDTO[id=924, text=null, detailText=The exercise expects a class with the name SortStrategy in the package testpackage. You did not implement the class in the exercise., hasLongFeedbackText=false, reference=null, credits=0.0, positive=false, type=AUTOMATIC, visibility=ALWAYS, testCase=TestCaseDTO[testName=null, id=1351]], FeedbackDTO[id=925, text=null, detailText=The class 'BubbleSort' does not implement the interface 'SortStrategy' as expected. Implement the interface and its methods., hasLongFeedbackText=false, reference=null, credits=0.0, positive=false, type=AUTOMATIC, visibility=ALWAYS, testCase=TestCaseDTO[testName=null, id=1355]], FeedbackDTO[id=926, text=null, detailText=MergeSort does not sort correctly, hasLongFeedbackText=false, reference=null, credits=0.0, positive=false, type=AUTOMATIC, visibility=ALWAYS, testCase=TestCaseDTO[testName=null, id=1360]], FeedbackDTO[id=927, text=null, detailText=The class 'Context' was not found within the submission. Make sure to implement it properly., hasLongFeedbackText=false, reference=null, credits=0.0, positive=false, type=AUTOMATIC, visibility=ALWAYS, testCase=TestCaseDTO[testName=null, id=1361]], FeedbackDTO[id=928, text=null, detailText=The class 'Context' was not found within the submission. Make sure to implement it properly., hasLongFeedbackText=false, reference=null, credits=0.0, positive=false, type=AUTOMATIC, visibility=ALWAYS, testCase=TestCaseDTO[testName=null, id=1362]], FeedbackDTO[id=929, text=null, detailText=The exercise expects a class with the name Policy in the package testpackage. You did not implement the class in the exercise., hasLongFeedbackText=false, reference=null, credits=0.0, positive=false, type=AUTOMATIC, visibility=ALWAYS, testCase=TestCaseDTO[testName=null, id=1356]], FeedbackDTO[id=930, text=null, detailText=The exercise expects a class with the name Context in the package testpackage. You did not implement the class in the exercise., hasLongFeedbackText=false, reference=null, credits=0.0, positive=false, type=AUTOMATIC, visibility=ALWAYS, testCase=TestCaseDTO[testName=null, id=1352]], FeedbackDTO[id=931, text=null, detailText=The exercise expects a class with the name Policy in the package testpackage. You did not implement the class in the exercise., hasLongFeedbackText=false, reference=null, credits=0.0, positive=false, type=AUTOMATIC, visibility=ALWAYS, testCase=TestCaseDTO[testName=null, id=1353]], FeedbackDTO[id=932, text=null, detailText=null, hasLongFeedbackText=false, reference=null, credits=3.230769230769231, positive=true, type=AUTOMATIC, visibility=ALWAYS, testCase=TestCaseDTO[testName=null, id=1363]]], assessmentType=AUTOMATIC, hasComplaint=null, exampleResult=null, testCaseCount=13, passedTestCaseCount=1, codeIssueCount=0]], BuildJobQueueItem[id=20111739576737317, name=SHORTD49A6DAE04F9E049850BD5601663FD17A5B7TSTEXC-BASE, buildAgent=BuildAgentDTO[name=artemis-build-agent-test, memberAddress=[127.0.0.1]:5703, displayName=artemis-build-agent-test], participationId=2011, courseId=986, exerciseId=2603, retryCount=0, priority=2, status=SUCCESSFUL, repositoryInfo=RepositoryInfo[repositoryName=shortd49a6dae04f9e049850bd5601663fd17a5b7tstexc-exercise, repositoryType=exercise, triggeredByPushTo=exercise, assignmentRepositoryUri=http://localhost:49152/git/SHORTD49A6DAE04F9E049850BD5601663FD17A5B7TSTEXC/shortd49a6dae04f9e049850bd5601663fd17a5b7tstexc-exercise.git, testRepositoryUri=http://localhost:49152/git/SHORTD49A6DAE04F9E049850BD5601663FD17A5B7TSTEXC/shortd49a6dae04f9e049850bd5601663fd17a5b7tstexc-tests.git, solutionRepositoryUri=null, auxiliaryRepositoryUris=[Ljava.lang.String;@62c32453, auxiliaryRepositoryCheckoutDirectories=[Ljava.lang.String;@5c174ad0], jobTimingInfo=JobTimingInfo[submissionDate=2025-02-14T23:45:37.317968648Z[Etc/UTC], buildStartDate=2025-02-14T23:45:37.324534774Z[Etc/UTC], buildCompletionDate=2025-02-14T23:45:38.527225461Z[Etc/UTC], estimatedCompletionDate=2025-02-14T23:45:56.324506331Z[Etc/UTC], estimatedDuration=19], buildConfig=BuildConfig[buildScript=#!/bin/bash
cd /var/tmp/testing-dir
chmod +x ./gradlew
./gradlew clean test
, dockerImage=dummy-docker-image:latest, commitHashToBuild=c795243c185829bbefa399f45dcbcfac22311b2f, assignmentCommitHash=c795243c185829bbefa399f45dcbcfac22311b2f, testCommitHash=fa8b162170bf767d852e05e0eb7a128efa2e1f34, branch=main, programmingLanguage=JAVA, projectType=PLAIN_GRADLE, scaEnabled=false, sequentialTestRunsEnabled=false, resultPaths=[/var/tmp/testing-dir/**/test-results/test/*.xml], timeoutSeconds=0, assignmentCheckoutPath=null, testCheckoutPath=null, solutionCheckoutPath=null, dockerRunConfig=null], submissionResult=ResultDTO[id=633, completionDate=2025-02-14T23:45:38.476795726Z[Etc/UTC], successful=false, score=0.0, rated=true, submission=SubmissionDTO[id=827, submitted=true, type=MANUAL, exampleSubmission=null, submissionDate=2025-02-14T23:45:37.303401Z, commitHash=c795243c185829bbefa399f45dcbcfac22311b2f, buildFailed=false, buildArtifact=false, participation=ParticipationDTO[id=2011, testRun=false, type=template, submissionCount=null, exercise=ParticipationExerciseDTO[id=2603, exerciseType=PROGRAMMING, type=programming, assessmentType=AUTOMATIC, dueDate=2025-02-16T23:45:36.830269Z, assessmentDueDate=null, maxPoints=42.0, course=CourseDTO[id=986, accuracyOfScores=1]]], submissionExerciseType=programming, isProcessing=false, buildStartDate=null, estimatedCompletionDate=null], participation=ParticipationDTO[id=2011, testRun=false, type=template, submissionCount=null, exercise=ParticipationExerciseDTO[id=2603, exerciseType=PROGRAMMING, type=programming, assessmentType=AUTOMATIC, dueDate=2025-02-16T23:45:36.830269Z, assessmentDueDate=null, maxPoints=42.0, course=CourseDTO[id=986, accuracyOfScores=1]]], feedbacks=[FeedbackDTO[id=933, text=null, detailText=The exercise expects a class with the name Context in the package testpackage. You did not implement the class in the exercise., hasLongFeedbackText=false, reference=null, credits=0.0, positive=false, type=AUTOMATIC, visibility=ALWAYS, testCase=TestCaseDTO[testName=testMethods[Context], id=1383]], FeedbackDTO[id=934, text=null, detailText=The exercise expects a class with the name Policy in the package testpackage. You did not implement the class in the exercise., hasLongFeedbackText=false, reference=null, credits=0.0, positive=false, type=AUTOMATIC, visibility=ALWAYS, testCase=TestCaseDTO[testName=testMethods[Policy], id=1384]], FeedbackDTO[id=935, text=null, detailText=The exercise expects a class with the name SortStrategy in the package testpackage. You did not implement the class in the exercise., hasLongFeedbackText=false, reference=null, credits=0.0, positive=false, type=AUTOMATIC, visibility=ALWAYS, testCase=TestCaseDTO[testName=testMethods[SortStrategy], id=1385]], FeedbackDTO[id=936, text=null, detailText=The class 'MergeSort' does not implement the interface 'SortStrategy' as expected. Implement the interface and its methods., hasLongFeedbackText=false, reference=null, credits=0.0, positive=false, type=AUTOMATIC, visibility=ALWAYS, testCase=TestCaseDTO[testName=testClass[MergeSort], id=1380]], FeedbackDTO[id=937, text=null, detailText=The exercise expects a class with the name SortStrategy in the package testpackage. You did not implement the class in the exercise., hasLongFeedbackText=false, reference=null, credits=0.0, positive=false, type=AUTOMATIC, visibility=ALWAYS, testCase=TestCaseDTO[testName=testClass[SortStrategy], id=1377]], FeedbackDTO[id=938, text=null, detailText=The class 'BubbleSort' does not implement the interface 'SortStrategy' as expected. Implement the interface and its methods., hasLongFeedbackText=false, reference=null, credits=0.0, positive=false, type=AUTOMATIC, visibility=ALWAYS, testCase=TestCaseDTO[testName=testClass[BubbleSort], id=1381]], FeedbackDTO[id=939, text=null, detailText=MergeSort does not sort correctly, hasLongFeedbackText=false, reference=null, credits=0.0, positive=false, type=AUTOMATIC, visibility=ALWAYS, testCase=TestCaseDTO[testName=testMergeSort(), id=1386]], FeedbackDTO[id=940, text=null, detailText=The class 'Context' was not found within the submission. Make sure to implement it properly., hasLongFeedbackText=false, reference=null, credits=0.0, positive=false, type=AUTOMATIC, visibility=ALWAYS, testCase=TestCaseDTO[testName=testUseBubbleSortForSmallList(), id=1387]], FeedbackDTO[id=941, text=null, detailText=BubbleSort does not sort correctly, hasLongFeedbackText=false, reference=null, credits=0.0, positive=false, type=AUTOMATIC, visibility=ALWAYS, testCase=TestCaseDTO[testName=testBubbleSort(), id=1389]], FeedbackDTO[id=942, text=null, detailText=The class 'Context' was not found within the submission. Make sure to implement it properly., hasLongFeedbackText=false, reference=null, credits=0.0, positive=false, type=AUTOMATIC, visibility=ALWAYS, testCase=TestCaseDTO[testName=testUseMergeSortForBigList(), id=1388]], FeedbackDTO[id=943, text=null, detailText=The exercise expects a class with the name Policy in the package testpackage. You did not implement the class in the exercise., hasLongFeedbackText=false, reference=null, credits=0.0, positive=false, type=AUTOMATIC, visibility=ALWAYS, testCase=TestCaseDTO[testName=testConstructors[Policy], id=1382]], FeedbackDTO[id=944, text=null, detailText=The exercise expects a class with the name Context in the package testpackage. You did not implement the class in the exercise., hasLongFeedbackText=false, reference=null, credits=0.0, positive=false, type=AUTOMATIC, visibility=ALWAYS, testCase=TestCaseDTO[testName=testAttributes[Context], id=1378]], FeedbackDTO[id=945, text=null, detailText=The exercise expects a class with the name Policy in the package testpackage. You did not implement the class in the exercise., hasLongFeedbackText=false, reference=null, credits=0.0, positive=false, type=AUTOMATIC, visibility=ALWAYS, testCase=TestCaseDTO[testName=testAttributes[Policy], id=1379]]], assessmentType=AUTOMATIC, hasComplaint=null, exampleResult=null, testCaseCount=13, passedTestCaseCount=0, codeIssueCount=0]], BuildJobQueueItem[id=20171739576740018, name=SHORT7914AFA00ADC3047140B99D01AC07810CE44TSTEXC-LOCALVCCIINTSTUDENT1, buildAgent=BuildAgentDTO[name=artemis-build-agent-test, memberAddress=[127.0.0.1]:5703, displayName=artemis-build-agent-test], participationId=2017, courseId=988, exerciseId=2605, retryCount=0, priority=2, status=SUCCESSFUL, repositoryInfo=RepositoryInfo[repositoryName=short7914afa00adc3047140b99d01ac07810ce44tstexc-practice-localvcciintstudent1, repositoryType=user, triggeredByPushTo=user, assignmentRepositoryUri=http://localhost:49152/git/SHORT7914AFA00ADC3047140B99D01AC07810CE44TSTEXC/short7914afa00adc3047140b99d01ac07810ce44tstexc-practice-localvcciintstudent1.git, testRepositoryUri=http://localhost:49152/git/SHORT7914AFA00ADC3047140B99D01AC07810CE44TSTEXC/short7914afa00adc3047140b99d01ac07810ce44tstexc-tests.git, solutionRepositoryUri=null, auxiliaryRepositoryUris=[Ljava.lang.String;@1b4e674a, auxiliaryRepositoryCheckoutDirectories=[Ljava.lang.String;@511c3aef], jobTimingInfo=JobTimingInfo[submissionDate=2025-02-14T23:45:40.018961253Z[Etc/UTC], buildStartDate=2025-02-14T23:45:40.029742701Z[Etc/UTC], buildCompletionDate=2025-02-14T23:45:41.150208242Z[Etc/UTC], estimatedCompletionDate=2025-02-14T23:45:59.029734065Z[Etc/UTC], estimatedDuration=19], buildConfig=BuildConfig[buildScript=#!/bin/bash
cd /var/tmp/testing-dir
chmod +x ./gradlew
./gradlew clean test
, dockerImage=dummy-docker-image:latest, commitHashToBuild=d80b57877989b971e83ccdb4863c8a7023c76266, assignmentCommitHash=d80b57877989b971e83ccdb4863c8a7023c76266, testCommitHash=327b116890c92b1312314341f43f21ef13ecf7d7, branch=main, programmingLanguage=JAVA, projectType=PLAIN_GRADLE, scaEnabled=false, sequentialTestRunsEnabled=false, resultPaths=[/var/tmp/testing-dir/**/test-results/test/*.xml], timeoutSeconds=0, assignmentCheckoutPath=null, testCheckoutPath=null, solutionCheckoutPath=null, dockerRunConfig=null], submissionResult=ResultDTO[id=634, completionDate=2025-02-14T23:45:41.120192603Z[Etc/UTC], successful=false, score=7.7, rated=false, submission=SubmissionDTO[id=828, submitted=true, type=MANUAL, exampleSubmission=null, submissionDate=2025-02-14T23:45:40.008666Z, commitHash=d80b57877989b971e83ccdb4863c8a7023c76266, buildFailed=false, buildArtifact=false, participation=ParticipationDTO[id=2017, testRun=true, type=programming, submissionCount=null, exercise=ParticipationExerciseDTO[id=2605, exerciseType=PROGRAMMING, type=programming, assessmentType=AUTOMATIC, dueDate=2025-02-16T23:45:39.523500Z, assessmentDueDate=null, maxPoints=42.0, course=CourseDTO[id=988, accuracyOfScores=1]]], submissionExerciseType=programming, isProcessing=false, buildStartDate=null, estimatedCompletionDate=null], participation=ParticipationDTO[id=2017, testRun=true, type=programming, submissionCount=null, exercise=ParticipationExerciseDTO[id=2605, exerciseType=PROGRAMMING, type=programming, assessmentType=AUTOMATIC, dueDate=2025-02-16T23:45:39.523500Z, assessmentDueDate=null, maxPoints=42.0, course=CourseDTO[id=988, accuracyOfScores=1]]], feedbacks=[FeedbackDTO[id=946, text=null, detailText=The exercise expects a class with the name Context in the package testpackage. You did not implement the class in the exercise., hasLongFeedbackText=false, reference=null, credits=0.0, positive=false, type=AUTOMATIC, visibility=ALWAYS, testCase=TestCaseDTO[testName=null, id=1409]], FeedbackDTO[id=947, text=null, detailText=The exercise expects a class with the name Policy in the package testpackage. You did not implement the class in the exercise., hasLongFeedbackText=false, reference=null, credits=0.0, positive=false, type=AUTOMATIC, visibility=ALWAYS, testCase=TestCaseDTO[testName=null, id=1410]], FeedbackDTO[id=948, text=null, detailText=The exercise expects a class with the name SortStrategy in the package testpackage. You did not implement the class in the exercise., hasLongFeedbackText=false, reference=null, credits=0.0, positive=false, type=AUTOMATIC, visibility=ALWAYS, testCase=TestCaseDTO[testName=null, id=1411]], FeedbackDTO[id=949, text=null, detailText=The class 'MergeSort' does not implement the interface 'SortStrategy' as expected. Implement the interface and its methods., hasLongFeedbackText=false, reference=null, credits=0.0, positive=false, type=AUTOMATIC, visibility=ALWAYS, testCase=TestCaseDTO[testName=null, id=1406]], FeedbackDTO[id=950, text=null, detailText=The exercise expects a class with the name SortStrategy in the package testpackage. You did not implement the class in the exercise., hasLongFeedbackText=false, reference=null, credits=0.0, positive=false, type=AUTOMATIC, visibility=ALWAYS, testCase=TestCaseDTO[testName=null, id=1403]], FeedbackDTO[id=951, text=null, detailText=The class 'BubbleSort' does not implement the interface 'SortStrategy' as expected. Implement the interface and its methods., hasLongFeedbackText=false, reference=null, credits=0.0, positive=false, type=AUTOMATIC, visibility=ALWAYS, testCase=TestCaseDTO[testName=null, id=1407]], FeedbackDTO[id=952, text=null, detailText=MergeSort does not sort correctly, hasLongFeedbackText=false, reference=null, credits=0.0, positive=false, type=AUTOMATIC, visibility=ALWAYS, testCase=TestCaseDTO[testName=null, id=1412]], FeedbackDTO[id=953, text=null, detailText=The class 'Context' was not found within the submission. Make sure to implement it properly., hasLongFeedbackText=false, reference=null, credits=0.0, positive=false, type=AUTOMATIC, visibility=ALWAYS, testCase=TestCaseDTO[testName=null, id=1413]], FeedbackDTO[id=954, text=null, detailText=The class 'Context' was not found within the submission. Make sure to implement it properly., hasLongFeedbackText=false, reference=null, credits=0.0, positive=false, type=AUTOMATIC, visibility=ALWAYS, testCase=TestCaseDTO[testName=null, id=1414]], FeedbackDTO[id=955, text=null, detailText=The exercise expects a class with the name Policy in the package testpackage. You did not implement the class in the exercise., hasLongFeedbackText=false, reference=null, credits=0.0, positive=false, type=AUTOMATIC, visibility=ALWAYS, testCase=TestCaseDTO[testName=null, id=1408]], FeedbackDTO[id=956, text=null, detailText=The exercise expects a class with the name Context in the package testpackage. You did not implement the class in the exercise., hasLongFeedbackText=false, reference=null, credits=0.0, positive=false, type=AUTOMATIC, visibility=ALWAYS, testCase=TestCaseDTO[testName=null, id=1404]], FeedbackDTO[id=957, text=null, detailText=The exercise expects a class with the name Policy in the package testpackage. You did not implement the class in the exercise., hasLongFeedbackText=false, reference=null, credits=0.0, positive=false, type=AUTOMATIC, visibility=ALWAYS, testCase=TestCaseDTO[testName=null, id=1405]], FeedbackDTO[id=958, text=null, detailText=null, hasLongFeedbackText=false, reference=null, credits=3.230769230769231, positive=true, type=AUTOMATIC, visibility=ALWAYS, testCase=TestCaseDTO[testName=null, id=1415]]], assessmentType=AUTOMATIC, hasComplaint=null, exampleResult=null, testCaseCount=13, passedTestCaseCount=1, codeIssueCount=0]], BuildJobQueueItem[id=20261739576743984, name=SHORT53C73BE505404043100AC2F00C039353CE8FTSTEXC-LOCALVCCIINTSTUDENT1, buildAgent=BuildAgentDTO[name=artemis-build-agent-test, memberAddress=[127.0.0.1]:5703, displayName=artemis-build-agent-test], participationId=2026, courseId=991, exerciseId=2608, retryCount=0, priority=1, status=SUCCESSFUL, repositoryInfo=RepositoryInfo[repositoryName=short53c73be505404043100ac2f00c039353ce8ftstexc-localvcciintstudent1, repositoryType=user, triggeredByPushTo=user, assignmentRepositoryUri=http://localhost:49152/git/SHORT53C73BE505404043100AC2F00C039353CE8FTSTEXC/short53c73be505404043100ac2f00c039353ce8ftstexc-localvcciintstudent1.git, testRepositoryUri=http://localhost:49152/git/SHORT53C73BE505404043100AC2F00C039353CE8FTSTEXC/short53c73be505404043100ac2f00c039353ce8ftstexc-tests.git, solutionRepositoryUri=null, auxiliaryRepositoryUris=[Ljava.lang.String;@2a867d23, auxiliaryRepositoryCheckoutDirectories=[Ljava.lang.String;@4ca1e369], jobTimingInfo=JobTimingInfo[submissionDate=2025-02-14T23:45:43.984518859Z[Etc/UTC], buildStartDate=2025-02-14T23:45:43.991385682Z[Etc/UTC], buildCompletionDate=2025-02-14T23:45:44.982059928Z[Etc/UTC], estimatedCompletionDate=2025-02-14T23:46:02.991380122Z[Etc/UTC], estimatedDuration=19], buildConfig=BuildConfig[buildScript=#!/bin/bash
cd /var/tmp/testing-dir
chmod +x ./gradlew
./gradlew clean test
, dockerImage=dummy-docker-image:latest, commitHashToBuild=3e90ae9fef2e44ffb41451a080bdaa6a44ad6848, assignmentCommitHash=3e90ae9fef2e44ffb41451a080bdaa6a44ad6848, testCommitHash=0582754c87aae13e640312855ce7dbe490ecb50c, branch=main, programmingLanguage=JAVA, projectType=PLAIN_GRADLE, scaEnabled=false, sequentialTestRunsEnabled=false, resultPaths=[/var/tmp/testing-dir/**/test-results/test/*.xml], timeoutSeconds=0, assignmentCheckoutPath=null, testCheckoutPath=null, solutionCheckoutPath=null, dockerRunConfig=null], submissionResult=null]], publicSshKey=ssh-rsa AAAAB3NzaC1yc2EAAAADAQABAAACAQCOPdMsxRE2jFJ/UEa5/LsBxtwzJcrh3/rYBCQvcMeVpiRfhzQPWu7mrt/G2Ew+i+vRloGH9aqKg6dd1liRncao53Zmd/ePxoatXePNhmzTfkCkcSkTUz7B+QMjkoDDV5jwuFPD6mF3JkhuzSi64n9Zy905t4w2IhVcjM2mL3eYNjiCXt6Qpq3Pkt7dM/Ksw1nxnvuiIALuJLB3FTkXkHqq3PJav+9HSq2r6ZaWgekneaGxlQlb+U+Vy3XOuArKAzK8c8i+0bR+AHiTG6ncYXt7ax3U+TdlDTF7OLP3umwaYjs1NBXOHwG42pevvpKn2fqavZZozk+M05jXLx3bq0O7itxfErWc7etky8qYPyyIMF/txQIVLd78+Ze4d7Y60t5MGbXM5cGE6fFif5fEJwgswXD+BrG0cafz1CTatjSKFdvp8Vp4VszXhHDan1PrP6JEFJ5Cc5GDmLRZPCFa3vL9f5qXgf4bkqKN8MYeEujwJE5nMRWoiJVNakix2bcrrneQMBlnYeYZVWXXXUusAQBzl4NgddC1umZpihZkL1b1MffZAUW3EGEXi7KHnllQhkTLLsQ8ntMgbylqaJKStqaXlLvdeRJcEnUuiFCrHEVVbXRFZR7XVDZ02CE5o3MuaRPty8Kh+jRTF3COlAckHwYEJCNNJvXFgb2CNXL4mjzYDw== test@localhost]

  Starting logs for ExamAccessServiceTest > testCheckCourseAndExamAndExerciseGroupAccess()
    23:45:45.161 | 566 localvc.event-13 | DEBUG | s.l.LocalCIWebsocketMessagingService : Sending message on topic /topic/admin/build-agents: [BuildAgentInformation[buildAgent=BuildAgentDTO[name=artemis-build-agent-test, memberAddress=[127.0.0.1]:5703, displayName=artemis-build-agent-test], maxNumberOfConcurrentBuildJobs=1, numberOfCurrentBuildJobs=0, runningBuildJobs=[], status=IDLE, recentBuildJobs=null, publicSshKey=null]]
    23:45:45.162 | 566 localvc.event-13 | DEBUG | s.l.LocalCIWebsocketMessagingService : Sending message on topic /topic/admin/build-agent/artemis-build-agent-test: BuildAgentInformation[buildAgent=BuildAgentDTO[name=artemis-build-agent-test, memberAddress=[127.0.0.1]:5703, displayName=artemis-build-agent-test], maxNumberOfConcurrentBuildJobs=1, numberOfCurrentBuildJobs=0, runningBuildJobs=[], status=IDLE, recentBuildJobs=[BuildJobQueueItem[id=19141739576708030, name=SHORT5F02A8F400311042E70858306EB148073CFDTSTEXC-LOCALVCINTSTUDENT1, buildAgent=BuildAgentDTO[name=artemis-build-agent-test, memberAddress=[127.0.0.1]:5703, displayName=artemis-build-agent-test], participationId=1914, courseId=947, exerciseId=2564, retryCount=0, priority=2, status=FAILED, repositoryInfo=RepositoryInfo[repositoryName=short5f02a8f400311042e70858306eb148073cfdtstexc-localvcintstudent1, repositoryType=user, triggeredByPushTo=user, assignmentRepositoryUri=http://localhost:49152/git/SHORT5F02A8F400311042E70858306EB148073CFDTSTEXC/short5f02a8f400311042e70858306eb148073cfdtstexc-localvcintstudent1.git, testRepositoryUri=http://localhost:49152/git/SHORT5F02A8F400311042E70858306EB148073CFDTSTEXC/short5f02a8f400311042e70858306eb148073cfdtstexc-tests.git, solutionRepositoryUri=null, auxiliaryRepositoryUris=[Ljava.lang.String;@d303c74, auxiliaryRepositoryCheckoutDirectories=[Ljava.lang.String;@4e493c10], jobTimingInfo=JobTimingInfo[submissionDate=2025-02-14T23:45:08.030118216Z[Etc/UTC], buildStartDate=2025-02-14T23:45:08.041011412Z[Etc/UTC], buildCompletionDate=2025-02-14T23:45:08.054603331Z[Etc/UTC], estimatedCompletionDate=2025-02-14T23:45:27.041005080Z[Etc/UTC], estimatedDuration=19], buildConfig=BuildConfig[buildScript=#!/bin/bash
cd /var/tmp/testing-dir
chmod +x ./gradlew
./gradlew clean test
, dockerImage=dummy-docker-image:latest, commitHashToBuild=6e7146cac5059504aa9d170ec3fa23aec740bb51, assignmentCommitHash=6e7146cac5059504aa9d170ec3fa23aec740bb51, testCommitHash=931e5303581c7a2f01339ba603cfafbfe668b901, branch=main, programmingLanguage=JAVA, projectType=PLAIN_GRADLE, scaEnabled=false, sequentialTestRunsEnabled=false, resultPaths=[/var/tmp/testing-dir/**/test-results/test/*.xml], timeoutSeconds=0, assignmentCheckoutPath=null, testCheckoutPath=null, solutionCheckoutPath=null, dockerRunConfig=null], submissionResult=ResultDTO[id=622, completionDate=2025-02-14T23:45:08.054683681Z[Etc/UTC], successful=false, score=0.0, rated=true, submission=SubmissionDTO[id=814, submitted=true, type=MANUAL, exampleSubmission=null, submissionDate=2025-02-14T23:45:08.016200Z, commitHash=6e7146cac5059504aa9d170ec3fa23aec740bb51, buildFailed=true, buildArtifact=false, participation=ParticipationDTO[id=1914, testRun=false, type=programming, submissionCount=null, exercise=ParticipationExerciseDTO[id=2564, exerciseType=PROGRAMMING, type=programming, assessmentType=AUTOMATIC, dueDate=2025-02-16T23:45:07.324348Z, assessmentDueDate=null, maxPoints=42.0, course=CourseDTO[id=947, accuracyOfScores=1]]], submissionExerciseType=programming, isProcessing=false, buildStartDate=null, estimatedCompletionDate=null], participation=ParticipationDTO[id=1914, testRun=false, type=programming, submissionCount=null, exercise=ParticipationExerciseDTO[id=2564, exerciseType=PROGRAMMING, type=programming, assessmentType=AUTOMATIC, dueDate=2025-02-16T23:45:07.324348Z, assessmentDueDate=null, maxPoints=42.0, course=CourseDTO[id=947, accuracyOfScores=1]]], feedbacks=[], assessmentType=AUTOMATIC, hasComplaint=null, exampleResult=null, testCaseCount=0, passedTestCaseCount=0, codeIssueCount=0]], BuildJobQueueItem[id=19361739576711303, name=SHORT9AFDAE3804CA304DDF0889A0CB0F56104A86TSTEXC-LOCALVCINTSTUDENT1, buildAgent=BuildAgentDTO[name=artemis-build-agent-test, memberAddress=[127.0.0.1]:5703, displayName=artemis-build-agent-test], participationId=1936, courseId=956, exerciseId=2573, retryCount=0, priority=2, status=FAILED, repositoryInfo=RepositoryInfo[repositoryName=short9afdae3804ca304ddf0889a0cb0f56104a86tstexc-localvcintstudent1, repositoryType=user, triggeredByPushTo=user, assignmentRepositoryUri=http://localhost:49152/git/SHORT9AFDAE3804CA304DDF0889A0CB0F56104A86TSTEXC/short9afdae3804ca304ddf0889a0cb0f56104a86tstexc-localvcintstudent1.git, testRepositoryUri=http://localhost:49152/git/SHORT9AFDAE3804CA304DDF0889A0CB0F56104A86TSTEXC/short9afdae3804ca304ddf0889a0cb0f56104a86tstexc-tests.git, solutionRepositoryUri=null, auxiliaryRepositoryUris=[Ljava.lang.String;@7717de0, auxiliaryRepositoryCheckoutDirectories=[Ljava.lang.String;@22376ac0], jobTimingInfo=JobTimingInfo[submissionDate=2025-02-14T23:45:11.303805653Z[Etc/UTC], buildStartDate=2025-02-14T23:45:11.310981356Z[Etc/UTC], buildCompletionDate=2025-02-14T23:45:11.319178384Z[Etc/UTC], estimatedCompletionDate=2025-02-14T23:45:30.310974944Z[Etc/UTC], estimatedDuration=19], buildConfig=BuildConfig[buildScript=#!/bin/bash
cd /var/tmp/testing-dir
chmod +x ./gradlew
./gradlew clean test
, dockerImage=dummy-docker-image:latest, commitHashToBuild=a1099e378cffde441ef85f9b12577ca174b8e1e4, assignmentCommitHash=a1099e378cffde441ef85f9b12577ca174b8e1e4, testCommitHash=bd38d61c299ab11a1dea82a3ca5493fe04d97d47, branch=main, programmingLanguage=JAVA, projectType=PLAIN_GRADLE, scaEnabled=false, sequentialTestRunsEnabled=false, resultPaths=[/var/tmp/testing-dir/**/test-results/test/*.xml], timeoutSeconds=0, assignmentCheckoutPath=null, testCheckoutPath=null, solutionCheckoutPath=null, dockerRunConfig=null], submissionResult=ResultDTO[id=623, completionDate=2025-02-14T23:45:11.319278430Z[Etc/UTC], successful=false, score=0.0, rated=true, submission=SubmissionDTO[id=815, submitted=true, type=MANUAL, exampleSubmission=null, submissionDate=2025-02-14T23:45:11.294386Z, commitHash=a1099e378cffde441ef85f9b12577ca174b8e1e4, buildFailed=true, buildArtifact=false, participation=ParticipationDTO[id=1936, testRun=false, type=programming, submissionCount=null, exercise=ParticipationExerciseDTO[id=2573, exerciseType=PROGRAMMING, type=programming, assessmentType=AUTOMATIC, dueDate=2025-02-16T23:45:10.996982Z, assessmentDueDate=null, maxPoints=42.0, course=CourseDTO[id=956, accuracyOfScores=1]]], submissionExerciseType=programming, isProcessing=false, buildStartDate=null, estimatedCompletionDate=null], participation=ParticipationDTO[id=1936, testRun=false, type=programming, submissionCount=null, exercise=ParticipationExerciseDTO[id=2573, exerciseType=PROGRAMMING, type=programming, assessmentType=AUTOMATIC, dueDate=2025-02-16T23:45:10.996982Z, assessmentDueDate=null, maxPoints=42.0, course=CourseDTO[id=956, accuracyOfScores=1]]], feedbacks=[], assessmentType=AUTOMATIC, hasComplaint=null, exampleResult=null, testCaseCount=0, passedTestCaseCount=0, codeIssueCount=0]], BuildJobQueueItem[id=19351739576711674, name=SHORT9AFDAE3804CA304DDF0889A0CB0F56104A86TSTEXC-BASE, buildAgent=BuildAgentDTO[name=artemis-build-agent-test, memberAddress=[127.0.0.1]:5703, displayName=artemis-build-agent-test], participationId=1935, courseId=956, exerciseId=2573, retryCount=0, priority=2, status=FAILED, repositoryInfo=RepositoryInfo[repositoryName=short9afdae3804ca304ddf0889a0cb0f56104a86tstexc-exercise, repositoryType=exercise, triggeredByPushTo=exercise, assignmentRepositoryUri=http://localhost:49152/git/SHORT9AFDAE3804CA304DDF0889A0CB0F56104A86TSTEXC/short9afdae3804ca304ddf0889a0cb0f56104a86tstexc-exercise.git, testRepositoryUri=http://localhost:49152/git/SHORT9AFDAE3804CA304DDF0889A0CB0F56104A86TSTEXC/short9afdae3804ca304ddf0889a0cb0f56104a86tstexc-tests.git, solutionRepositoryUri=null, auxiliaryRepositoryUris=[Ljava.lang.String;@2ee8316e, auxiliaryRepositoryCheckoutDirectories=[Ljava.lang.String;@2946311f], jobTimingInfo=JobTimingInfo[submissionDate=2025-02-14T23:45:11.674556681Z[Etc/UTC], buildStartDate=2025-02-14T23:45:11.677776879Z[Etc/UTC], buildCompletionDate=2025-02-14T23:45:11.688097378Z[Etc/UTC], estimatedCompletionDate=2025-02-14T23:45:30.677771620Z[Etc/UTC], estimatedDuration=19], buildConfig=BuildConfig[buildScript=#!/bin/bash
cd /var/tmp/testing-dir
chmod +x ./gradlew
./gradlew clean test
, dockerImage=dummy-docker-image:latest, commitHashToBuild=a1099e378cffde441ef85f9b12577ca174b8e1e4, assignmentCommitHash=a1099e378cffde441ef85f9b12577ca174b8e1e4, testCommitHash=bd38d61c299ab11a1dea82a3ca5493fe04d97d47, branch=main, programmingLanguage=JAVA, projectType=PLAIN_GRADLE, scaEnabled=false, sequentialTestRunsEnabled=false, resultPaths=[/var/tmp/testing-dir/**/test-results/test/*.xml], timeoutSeconds=0, assignmentCheckoutPath=null, testCheckoutPath=null, solutionCheckoutPath=null, dockerRunConfig=null], submissionResult=ResultDTO[id=624, completionDate=2025-02-14T23:45:11.688214837Z[Etc/UTC], successful=false, score=0.0, rated=true, submission=SubmissionDTO[id=816, submitted=true, type=MANUAL, exampleSubmission=null, submissionDate=2025-02-14T23:45:11.656934Z, commitHash=a1099e378cffde441ef85f9b12577ca174b8e1e4, buildFailed=true, buildArtifact=false, participation=ParticipationDTO[id=1935, testRun=false, type=template, submissionCount=null, exercise=ParticipationExerciseDTO[id=2573, exerciseType=PROGRAMMING, type=programming, assessmentType=AUTOMATIC, dueDate=2025-02-16T23:45:10.996982Z, assessmentDueDate=null, maxPoints=42.0, course=CourseDTO[id=956, accuracyOfScores=1]]], submissionExerciseType=programming, isProcessing=false, buildStartDate=null, estimatedCompletionDate=null], participation=ParticipationDTO[id=1935, testRun=false, type=template, submissionCount=null, exercise=ParticipationExerciseDTO[id=2573, exerciseType=PROGRAMMING, type=programming, assessmentType=AUTOMATIC, dueDate=2025-02-16T23:45:10.996982Z, assessmentDueDate=null, maxPoints=42.0, course=CourseDTO[id=956, accuracyOfScores=1]]], feedbacks=[], assessmentType=AUTOMATIC, hasComplaint=null, exampleResult=null, testCaseCount=0, passedTestCaseCount=0, codeIssueCount=0]], BuildJobQueueItem[id=19341739576712112, name=SHORT9AFDAE3804CA304DDF0889A0CB0F56104A86TSTEXC-SOLUTION, buildAgent=BuildAgentDTO[name=artemis-build-agent-test, memberAddress=[127.0.0.1]:5703, displayName=artemis-build-agent-test], participationId=1934, courseId=956, exerciseId=2573, retryCount=0, priority=2, status=FAILED, repositoryInfo=RepositoryInfo[repositoryName=short9afdae3804ca304ddf0889a0cb0f56104a86tstexc-solution, repositoryType=solution, triggeredByPushTo=solution, assignmentRepositoryUri=http://localhost:49152/git/SHORT9AFDAE3804CA304DDF0889A0CB0F56104A86TSTEXC/short9afdae3804ca304ddf0889a0cb0f56104a86tstexc-solution.git, testRepositoryUri=http://localhost:49152/git/SHORT9AFDAE3804CA304DDF0889A0CB0F56104A86TSTEXC/short9afdae3804ca304ddf0889a0cb0f56104a86tstexc-tests.git, solutionRepositoryUri=null, auxiliaryRepositoryUris=[Ljava.lang.String;@25d4c7aa, auxiliaryRepositoryCheckoutDirectories=[Ljava.lang.String;@3cacd8ba], jobTimingInfo=JobTimingInfo[submissionDate=2025-02-14T23:45:12.112332872Z[Etc/UTC], buildStartDate=2025-02-14T23:45:12.121617114Z[Etc/UTC], buildCompletionDate=2025-02-14T23:45:12.127931701Z[Etc/UTC], estimatedCompletionDate=2025-02-14T23:45:31.121609600Z[Etc/UTC], estimatedDuration=19], buildConfig=BuildConfig[buildScript=#!/bin/bash
cd /var/tmp/testing-dir
chmod +x ./gradlew
./gradlew clean test
, dockerImage=dummy-docker-image:latest, commitHashToBuild=a1099e378cffde441ef85f9b12577ca174b8e1e4, assignmentCommitHash=a1099e378cffde441ef85f9b12577ca174b8e1e4, testCommitHash=bd38d61c299ab11a1dea82a3ca5493fe04d97d47, branch=main, programmingLanguage=JAVA, projectType=PLAIN_GRADLE, scaEnabled=false, sequentialTestRunsEnabled=false, resultPaths=[/var/tmp/testing-dir/**/test-results/test/*.xml], timeoutSeconds=0, assignmentCheckoutPath=null, testCheckoutPath=null, solutionCheckoutPath=null, dockerRunConfig=null], submissionResult=ResultDTO[id=625, completionDate=2025-02-14T23:45:12.128011800Z[Etc/UTC], successful=false, score=0.0, rated=true, submission=SubmissionDTO[id=817, submitted=true, type=MANUAL, exampleSubmission=null, submissionDate=2025-02-14T23:45:12.098737Z, commitHash=a1099e378cffde441ef85f9b12577ca174b8e1e4, buildFailed=true, buildArtifact=false, participation=ParticipationDTO[id=1934, testRun=false, type=solution, submissionCount=null, exercise=ParticipationExerciseDTO[id=2573, exerciseType=PROGRAMMING, type=programming, assessmentType=AUTOMATIC, dueDate=2025-02-16T23:45:10.996982Z, assessmentDueDate=null, maxPoints=42.0, course=CourseDTO[id=956, accuracyOfScores=1]]], submissionExerciseType=programming, isProcessing=false, buildStartDate=null, estimatedCompletionDate=null], participation=ParticipationDTO[id=1934, testRun=false, type=solution, submissionCount=null, exercise=ParticipationExerciseDTO[id=2573, exerciseType=PROGRAMMING, type=programming, assessmentType=AUTOMATIC, dueDate=2025-02-16T23:45:10.996982Z, assessmentDueDate=null, maxPoints=42.0, course=CourseDTO[id=956, accuracyOfScores=1]]], feedbacks=[], assessmentType=AUTOMATIC, hasComplaint=null, exampleResult=null, testCaseCount=0, passedTestCaseCount=0, codeIssueCount=0]], BuildJobQueueItem[id=19341739576713025, name=SHORT9AFDAE3804CA304DDF0889A0CB0F56104A86TSTEXC-SOLUTION, buildAgent=BuildAgentDTO[name=artemis-build-agent-test, memberAddress=[127.0.0.1]:5703, displayName=artemis-build-agent-test], participationId=1934, courseId=956, exerciseId=2573, retryCount=0, priority=2, status=FAILED, repositoryInfo=RepositoryInfo[repositoryName=short9afdae3804ca304ddf0889a0cb0f56104a86tstexc-solution, repositoryType=solution, triggeredByPushTo=tests, assignmentRepositoryUri=http://localhost:49152/git/SHORT9AFDAE3804CA304DDF0889A0CB0F56104A86TSTEXC/short9afdae3804ca304ddf0889a0cb0f56104a86tstexc-solution.git, testRepositoryUri=http://localhost:49152/git/SHORT9AFDAE3804CA304DDF0889A0CB0F56104A86TSTEXC/short9afdae3804ca304ddf0889a0cb0f56104a86tstexc-tests.git, solutionRepositoryUri=null, auxiliaryRepositoryUris=[Ljava.lang.String;@5320ed00, auxiliaryRepositoryCheckoutDirectories=[Ljava.lang.String;@4b76e0b2], jobTimingInfo=JobTimingInfo[submissionDate=2025-02-14T23:45:13.025319671Z[Etc/UTC], buildStartDate=2025-02-14T23:45:13.040293146Z[Etc/UTC], buildCompletionDate=2025-02-14T23:45:13.053032917Z[Etc/UTC], estimatedCompletionDate=2025-02-14T23:45:32.040285703Z[Etc/UTC], estimatedDuration=19], buildConfig=BuildConfig[buildScript=#!/bin/bash
cd /var/tmp/testing-dir
chmod +x ./gradlew
./gradlew clean test
, dockerImage=dummy-docker-image:latest, commitHashToBuild=784f8f0049d2a1a54f21c67dd772bea86715267a, assignmentCommitHash=a1099e378cffde441ef85f9b12577ca174b8e1e4, testCommitHash=784f8f0049d2a1a54f21c67dd772bea86715267a, branch=main, programmingLanguage=JAVA, projectType=PLAIN_GRADLE, scaEnabled=false, sequentialTestRunsEnabled=false, resultPaths=[/var/tmp/testing-dir/**/test-results/test/*.xml], timeoutSeconds=0, assignmentCheckoutPath=null, testCheckoutPath=null, solutionCheckoutPath=null, dockerRunConfig=null], submissionResult=ResultDTO[id=626, completionDate=2025-02-14T23:45:13.053131811Z[Etc/UTC], successful=false, score=0.0, rated=true, submission=SubmissionDTO[id=818, submitted=true, type=TEST, exampleSubmission=null, submissionDate=2025-02-14T23:45:13.005779Z, commitHash=784f8f0049d2a1a54f21c67dd772bea86715267a, buildFailed=true, buildArtifact=false, participation=ParticipationDTO[id=1934, testRun=false, type=solution, submissionCount=null, exercise=ParticipationExerciseDTO[id=2573, exerciseType=PROGRAMMING, type=programming, assessmentType=AUTOMATIC, dueDate=2025-02-16T23:45:10.996982Z, assessmentDueDate=null, maxPoints=42.0, course=CourseDTO[id=956, accuracyOfScores=1]]], submissionExerciseType=programming, isProcessing=false, buildStartDate=null, estimatedCompletionDate=null], participation=ParticipationDTO[id=1934, testRun=false, type=solution, submissionCount=null, exercise=ParticipationExerciseDTO[id=2573, exerciseType=PROGRAMMING, type=programming, assessmentType=AUTOMATIC, dueDate=2025-02-16T23:45:10.996982Z, assessmentDueDate=null, maxPoints=42.0, course=CourseDTO[id=956, accuracyOfScores=1]]], feedbacks=[], assessmentType=AUTOMATIC, hasComplaint=null, exampleResult=null, testCaseCount=0, passedTestCaseCount=0, codeIssueCount=0]], BuildJobQueueItem[id=19581739576715555, name=SHORTC1A3F9FC03D2304B4308FA20AF16D54AAA49TSTEXC-LOCALVCSSHINTSTUDENT1, buildAgent=BuildAgentDTO[name=artemis-build-agent-test, memberAddress=[127.0.0.1]:5703, displayName=artemis-build-agent-test], participationId=1958, courseId=965, exerciseId=2582, retryCount=0, priority=2, status=FAILED, repositoryInfo=RepositoryInfo[repositoryName=shortc1a3f9fc03d2304b4308fa20af16d54aaa49tstexc-localvcsshintstudent1, repositoryType=user, triggeredByPushTo=user, assignmentRepositoryUri=http://localhost:49152/git/SHORTC1A3F9FC03D2304B4308FA20AF16D54AAA49TSTEXC/shortc1a3f9fc03d2304b4308fa20af16d54aaa49tstexc-localvcsshintstudent1.git, testRepositoryUri=http://localhost:49152/git/SHORTC1A3F9FC03D2304B4308FA20AF16D54AAA49TSTEXC/shortc1a3f9fc03d2304b4308fa20af16d54aaa49tstexc-tests.git, solutionRepositoryUri=null, auxiliaryRepositoryUris=[Ljava.lang.String;@489c87e1, auxiliaryRepositoryCheckoutDirectories=[Ljava.lang.String;@122fff40], jobTimingInfo=JobTimingInfo[submissionDate=2025-02-14T23:45:15.555989584Z[Etc/UTC], buildStartDate=2025-02-14T23:45:15.568477627Z[Etc/UTC], buildCompletionDate=2025-02-14T23:45:15.579021148Z[Etc/UTC], estimatedCompletionDate=2025-02-14T23:45:34.568443924Z[Etc/UTC], estimatedDuration=19], buildConfig=BuildConfig[buildScript=#!/bin/bash
cd /var/tmp/testing-dir
chmod +x ./gradlew
./gradlew clean test
, dockerImage=dummy-docker-image:latest, commitHashToBuild=ca76dac20e040e6609db02fd7fedd56bf58829d7, assignmentCommitHash=ca76dac20e040e6609db02fd7fedd56bf58829d7, testCommitHash=bd0d58c226dc63bfa4bc9052870589952c0a1f83, branch=main, programmingLanguage=JAVA, projectType=PLAIN_GRADLE, scaEnabled=false, sequentialTestRunsEnabled=false, resultPaths=[/var/tmp/testing-dir/**/test-results/test/*.xml], timeoutSeconds=0, assignmentCheckoutPath=null, testCheckoutPath=null, solutionCheckoutPath=null, dockerRunConfig=null], submissionResult=ResultDTO[id=627, completionDate=2025-02-14T23:45:15.579119131Z[Etc/UTC], successful=false, score=0.0, rated=true, submission=SubmissionDTO[id=820, submitted=true, type=MANUAL, exampleSubmission=null, submissionDate=2025-02-14T23:45:15.548349Z, commitHash=ca76dac20e040e6609db02fd7fedd56bf58829d7, buildFailed=true, buildArtifact=false, participation=ParticipationDTO[id=1958, testRun=false, type=programming, submissionCount=null, exercise=ParticipationExerciseDTO[id=2582, exerciseType=PROGRAMMING, type=programming, assessmentType=AUTOMATIC, dueDate=2025-02-16T23:45:15.103512Z, assessmentDueDate=null, maxPoints=42.0, course=CourseDTO[id=965, accuracyOfScores=1]]], submissionExerciseType=programming, isProcessing=false, buildStartDate=null, estimatedCompletionDate=null], participation=ParticipationDTO[id=1958, testRun=false, type=programming, submissionCount=null, exercise=ParticipationExerciseDTO[id=2582, exerciseType=PROGRAMMING, type=programming, assessmentType=AUTOMATIC, dueDate=2025-02-16T23:45:15.103512Z, assessmentDueDate=null, maxPoints=42.0, course=CourseDTO[id=965, accuracyOfScores=1]]], feedbacks=[], assessmentType=AUTOMATIC, hasComplaint=null, exampleResult=null, testCaseCount=0, passedTestCaseCount=0, codeIssueCount=0]], BuildJobQueueItem[id=19801739576719393, name=SHORTB2A6C58B0D447045380A858075B170A5B7C6TSTEXC-LOCALVCSSHINTSTUDENT1, buildAgent=BuildAgentDTO[name=artemis-build-agent-test, memberAddress=[127.0.0.1]:5703, displayName=artemis-build-agent-test], participationId=1980, courseId=974, exerciseId=2591, retryCount=0, priority=2, status=FAILED, repositoryInfo=RepositoryInfo[repositoryName=shortb2a6c58b0d447045380a858075b170a5b7c6tstexc-localvcsshintstudent1, repositoryType=user, triggeredByPushTo=user, assignmentRepositoryUri=http://localhost:49152/git/SHORTB2A6C58B0D447045380A858075B170A5B7C6TSTEXC/shortb2a6c58b0d447045380a858075b170a5b7c6tstexc-localvcsshintstudent1.git, testRepositoryUri=http://localhost:49152/git/SHORTB2A6C58B0D447045380A858075B170A5B7C6TSTEXC/shortb2a6c58b0d447045380a858075b170a5b7c6tstexc-tests.git, solutionRepositoryUri=null, auxiliaryRepositoryUris=[Ljava.lang.String;@463358e8, auxiliaryRepositoryCheckoutDirectories=[Ljava.lang.String;@3a3c53ec], jobTimingInfo=JobTimingInfo[submissionDate=2025-02-14T23:45:19.393259829Z[Etc/UTC], buildStartDate=2025-02-14T23:45:19.405438171Z[Etc/UTC], buildCompletionDate=2025-02-14T23:45:19.414070673Z[Etc/UTC], estimatedCompletionDate=2025-02-14T23:45:38.405431569Z[Etc/UTC], estimatedDuration=19], buildConfig=BuildConfig[buildScript=#!/bin/bash
cd /var/tmp/testing-dir
chmod +x ./gradlew
./gradlew clean test
, dockerImage=dummy-docker-image:latest, commitHashToBuild=363cdbf709a9fff149f813ab848ee800a675cc77, assignmentCommitHash=363cdbf709a9fff149f813ab848ee800a675cc77, testCommitHash=a5e046ece417b2e538f21f816e2524dab61e0d10, branch=main, programmingLanguage=JAVA, projectType=PLAIN_GRADLE, scaEnabled=false, sequentialTestRunsEnabled=false, resultPaths=[/var/tmp/testing-dir/**/test-results/test/*.xml], timeoutSeconds=0, assignmentCheckoutPath=null, testCheckoutPath=null, solutionCheckoutPath=null, dockerRunConfig=null], submissionResult=ResultDTO[id=628, completionDate=2025-02-14T23:45:19.414171040Z[Etc/UTC], successful=false, score=0.0, rated=true, submission=SubmissionDTO[id=821, submitted=true, type=MANUAL, exampleSubmission=null, submissionDate=2025-02-14T23:45:19.376840Z, commitHash=363cdbf709a9fff149f813ab848ee800a675cc77, buildFailed=true, buildArtifact=false, participation=ParticipationDTO[id=1980, testRun=false, type=programming, submissionCount=null, exercise=ParticipationExerciseDTO[id=2591, exerciseType=PROGRAMMING, type=programming, assessmentType=AUTOMATIC, dueDate=2025-02-16T23:45:18.950569Z, assessmentDueDate=null, maxPoints=42.0, course=CourseDTO[id=974, accuracyOfScores=1]]], submissionExerciseType=programming, isProcessing=false, buildStartDate=null, estimatedCompletionDate=null], participation=ParticipationDTO[id=1980, testRun=false, type=programming, submissionCount=null, exercise=ParticipationExerciseDTO[id=2591, exerciseType=PROGRAMMING, type=programming, assessmentType=AUTOMATIC, dueDate=2025-02-16T23:45:18.950569Z, assessmentDueDate=null, maxPoints=42.0, course=CourseDTO[id=974, accuracyOfScores=1]]], feedbacks=[], assessmentType=AUTOMATIC, hasComplaint=null, exampleResult=null, testCaseCount=0, passedTestCaseCount=0, codeIssueCount=0]], BuildJobQueueItem[id=19791739576719787, name=SHORTB2A6C58B0D447045380A858075B170A5B7C6TSTEXC-BASE, buildAgent=BuildAgentDTO[name=artemis-build-agent-test, memberAddress=[127.0.0.1]:5703, displayName=artemis-build-agent-test], participationId=1979, courseId=974, exerciseId=2591, retryCount=0, priority=2, status=FAILED, repositoryInfo=RepositoryInfo[repositoryName=shortb2a6c58b0d447045380a858075b170a5b7c6tstexc-exercise, repositoryType=exercise, triggeredByPushTo=exercise, assignmentRepositoryUri=http://localhost:49152/git/SHORTB2A6C58B0D447045380A858075B170A5B7C6TSTEXC/shortb2a6c58b0d447045380a858075b170a5b7c6tstexc-exercise.git, testRepositoryUri=http://localhost:49152/git/SHORTB2A6C58B0D447045380A858075B170A5B7C6TSTEXC/shortb2a6c58b0d447045380a858075b170a5b7c6tstexc-tests.git, solutionRepositoryUri=null, auxiliaryRepositoryUris=[Ljava.lang.String;@16b378c5, auxiliaryRepositoryCheckoutDirectories=[Ljava.lang.String;@7b0b50ac], jobTimingInfo=JobTimingInfo[submissionDate=2025-02-14T23:45:19.787985058Z[Etc/UTC], buildStartDate=2025-02-14T23:45:19.796327417Z[Etc/UTC], buildCompletionDate=2025-02-14T23:45:19.799750982Z[Etc/UTC], estimatedCompletionDate=2025-02-14T23:45:38.796319082Z[Etc/UTC], estimatedDuration=19], buildConfig=BuildConfig[buildScript=#!/bin/bash
cd /var/tmp/testing-dir
chmod +x ./gradlew
./gradlew clean test
, dockerImage=dummy-docker-image:latest, commitHashToBuild=363cdbf709a9fff149f813ab848ee800a675cc77, assignmentCommitHash=363cdbf709a9fff149f813ab848ee800a675cc77, testCommitHash=a5e046ece417b2e538f21f816e2524dab61e0d10, branch=main, programmingLanguage=JAVA, projectType=PLAIN_GRADLE, scaEnabled=false, sequentialTestRunsEnabled=false, resultPaths=[/var/tmp/testing-dir/**/test-results/test/*.xml], timeoutSeconds=0, assignmentCheckoutPath=null, testCheckoutPath=null, solutionCheckoutPath=null, dockerRunConfig=null], submissionResult=ResultDTO[id=629, completionDate=2025-02-14T23:45:19.799820341Z[Etc/UTC], successful=false, score=0.0, rated=true, submission=SubmissionDTO[id=822, submitted=true, type=MANUAL, exampleSubmission=null, submissionDate=2025-02-14T23:45:19.775952Z, commitHash=363cdbf709a9fff149f813ab848ee800a675cc77, buildFailed=true, buildArtifact=false, participation=ParticipationDTO[id=1979, testRun=false, type=template, submissionCount=null, exercise=ParticipationExerciseDTO[id=2591, exerciseType=PROGRAMMING, type=programming, assessmentType=AUTOMATIC, dueDate=2025-02-16T23:45:18.950569Z, assessmentDueDate=null, maxPoints=42.0, course=CourseDTO[id=974, accuracyOfScores=1]]], submissionExerciseType=programming, isProcessing=false, buildStartDate=null, estimatedCompletionDate=null], participation=ParticipationDTO[id=1979, testRun=false, type=template, submissionCount=null, exercise=ParticipationExerciseDTO[id=2591, exerciseType=PROGRAMMING, type=programming, assessmentType=AUTOMATIC, dueDate=2025-02-16T23:45:18.950569Z, assessmentDueDate=null, maxPoints=42.0, course=CourseDTO[id=974, accuracyOfScores=1]]], feedbacks=[], assessmentType=AUTOMATIC, hasComplaint=null, exampleResult=null, testCaseCount=0, passedTestCaseCount=0, codeIssueCount=0]], BuildJobQueueItem[id=19781739576720235, name=SHORTB2A6C58B0D447045380A858075B170A5B7C6TSTEXC-SOLUTION, buildAgent=BuildAgentDTO[name=artemis-build-agent-test, memberAddress=[127.0.0.1]:5703, displayName=artemis-build-agent-test], participationId=1978, courseId=974, exerciseId=2591, retryCount=0, priority=2, status=FAILED, repositoryInfo=RepositoryInfo[repositoryName=shortb2a6c58b0d447045380a858075b170a5b7c6tstexc-solution, repositoryType=solution, triggeredByPushTo=solution, assignmentRepositoryUri=http://localhost:49152/git/SHORTB2A6C58B0D447045380A858075B170A5B7C6TSTEXC/shortb2a6c58b0d447045380a858075b170a5b7c6tstexc-solution.git, testRepositoryUri=http://localhost:49152/git/SHORTB2A6C58B0D447045380A858075B170A5B7C6TSTEXC/shortb2a6c58b0d447045380a858075b170a5b7c6tstexc-tests.git, solutionRepositoryUri=null, auxiliaryRepositoryUris=[Ljava.lang.String;@2723b33d, auxiliaryRepositoryCheckoutDirectories=[Ljava.lang.String;@7f583706], jobTimingInfo=JobTimingInfo[submissionDate=2025-02-14T23:45:20.235272325Z[Etc/UTC], buildStartDate=2025-02-14T23:45:20.243033812Z[Etc/UTC], buildCompletionDate=2025-02-14T23:45:20.250721018Z[Etc/UTC], estimatedCompletionDate=2025-02-14T23:45:39.243026949Z[Etc/UTC], estimatedDuration=19], buildConfig=BuildConfig[buildScript=#!/bin/bash
cd /var/tmp/testing-dir
chmod +x ./gradlew
./gradlew clean test
, dockerImage=dummy-docker-image:latest, commitHashToBuild=c710d0e68c9c7db8cda7d1a278308de2b9642cc0, assignmentCommitHash=c710d0e68c9c7db8cda7d1a278308de2b9642cc0, testCommitHash=a5e046ece417b2e538f21f816e2524dab61e0d10, branch=main, programmingLanguage=JAVA, projectType=PLAIN_GRADLE, scaEnabled=false, sequentialTestRunsEnabled=false, resultPaths=[/var/tmp/testing-dir/**/test-results/test/*.xml], timeoutSeconds=0, assignmentCheckoutPath=null, testCheckoutPath=null, solutionCheckoutPath=null, dockerRunConfig=null], submissionResult=ResultDTO[id=630, completionDate=2025-02-14T23:45:20.250809893Z[Etc/UTC], successful=false, score=0.0, rated=true, submission=SubmissionDTO[id=823, submitted=true, type=MANUAL, exampleSubmission=null, submissionDate=2025-02-14T23:45:20.211707Z, commitHash=c710d0e68c9c7db8cda7d1a278308de2b9642cc0, buildFailed=true, buildArtifact=false, participation=ParticipationDTO[id=1978, testRun=false, type=solution, submissionCount=null, exercise=ParticipationExerciseDTO[id=2591, exerciseType=PROGRAMMING, type=programming, assessmentType=AUTOMATIC, dueDate=2025-02-16T23:45:18.950569Z, assessmentDueDate=null, maxPoints=42.0, course=CourseDTO[id=974, accuracyOfScores=1]]], submissionExerciseType=programming, isProcessing=false, buildStartDate=null, estimatedCompletionDate=null], participation=ParticipationDTO[id=1978, testRun=false, type=solution, submissionCount=null, exercise=ParticipationExerciseDTO[id=2591, exerciseType=PROGRAMMING, type=programming, assessmentType=AUTOMATIC, dueDate=2025-02-16T23:45:18.950569Z, assessmentDueDate=null, maxPoints=42.0, course=CourseDTO[id=974, accuracyOfScores=1]]], feedbacks=[], assessmentType=AUTOMATIC, hasComplaint=null, exampleResult=null, testCaseCount=0, passedTestCaseCount=0, codeIssueCount=0]], BuildJobQueueItem[id=19781739576720802, name=SHORTB2A6C58B0D447045380A858075B170A5B7C6TSTEXC-SOLUTION, buildAgent=BuildAgentDTO[name=artemis-build-agent-test, memberAddress=[127.0.0.1]:5703, displayName=artemis-build-agent-test], participationId=1978, courseId=974, exerciseId=2591, retryCount=0, priority=2, status=FAILED, repositoryInfo=RepositoryInfo[repositoryName=shortb2a6c58b0d447045380a858075b170a5b7c6tstexc-solution, repositoryType=solution, triggeredByPushTo=tests, assignmentRepositoryUri=http://localhost:49152/git/SHORTB2A6C58B0D447045380A858075B170A5B7C6TSTEXC/shortb2a6c58b0d447045380a858075b170a5b7c6tstexc-solution.git, testRepositoryUri=http://localhost:49152/git/SHORTB2A6C58B0D447045380A858075B170A5B7C6TSTEXC/shortb2a6c58b0d447045380a858075b170a5b7c6tstexc-tests.git, solutionRepositoryUri=null, auxiliaryRepositoryUris=[Ljava.lang.String;@72a01d78, auxiliaryRepositoryCheckoutDirectories=[Ljava.lang.String;@530fbdb0], jobTimingInfo=JobTimingInfo[submissionDate=2025-02-14T23:45:20.802935026Z[Etc/UTC], buildStartDate=2025-02-14T23:45:20.809306435Z[Etc/UTC], buildCompletionDate=2025-02-14T23:45:20.822452342Z[Etc/UTC], estimatedCompletionDate=2025-02-14T23:45:39.809298491Z[Etc/UTC], estimatedDuration=19], buildConfig=BuildConfig[buildScript=#!/bin/bash
cd /var/tmp/testing-dir
chmod +x ./gradlew
./gradlew clean test
, dockerImage=dummy-docker-image:latest, commitHashToBuild=c710d0e68c9c7db8cda7d1a278308de2b9642cc0, assignmentCommitHash=c710d0e68c9c7db8cda7d1a278308de2b9642cc0, testCommitHash=c710d0e68c9c7db8cda7d1a278308de2b9642cc0, branch=main, programmingLanguage=JAVA, projectType=PLAIN_GRADLE, scaEnabled=false, sequentialTestRunsEnabled=false, resultPaths=[/var/tmp/testing-dir/**/test-results/test/*.xml], timeoutSeconds=0, assignmentCheckoutPath=null, testCheckoutPath=null, solutionCheckoutPath=null, dockerRunConfig=null], submissionResult=ResultDTO[id=631, completionDate=2025-02-14T23:45:20.822527362Z[Etc/UTC], successful=false, score=0.0, rated=true, submission=SubmissionDTO[id=824, submitted=true, type=TEST, exampleSubmission=null, submissionDate=2025-02-14T23:45:20.791240Z, commitHash=c710d0e68c9c7db8cda7d1a278308de2b9642cc0, buildFailed=true, buildArtifact=false, participation=ParticipationDTO[id=1978, testRun=false, type=solution, submissionCount=null, exercise=ParticipationExerciseDTO[id=2591, exerciseType=PROGRAMMING, type=programming, assessmentType=AUTOMATIC, dueDate=2025-02-16T23:45:18.950569Z, assessmentDueDate=null, maxPoints=42.0, course=CourseDTO[id=974, accuracyOfScores=1]]], submissionExerciseType=programming, isProcessing=false, buildStartDate=null, estimatedCompletionDate=null], participation=ParticipationDTO[id=1978, testRun=false, type=solution, submissionCount=null, exercise=ParticipationExerciseDTO[id=2591, exerciseType=PROGRAMMING, type=programming, assessmentType=AUTOMATIC, dueDate=2025-02-16T23:45:18.950569Z, assessmentDueDate=null, maxPoints=42.0, course=CourseDTO[id=974, accuracyOfScores=1]]], feedbacks=[], assessmentType=AUTOMATIC, hasComplaint=null, exampleResult=null, testCaseCount=0, passedTestCaseCount=0, codeIssueCount=0]], BuildJobQueueItem[id=20061739576732554, name=SHORT94A899E303D7504C5D0840704DAAFA3DFF4DTSTEXC-LOCALVCCIINTINSTRUCTOR1, buildAgent=BuildAgentDTO[name=artemis-build-agent-test, memberAddress=[127.0.0.1]:5703, displayName=artemis-build-agent-test], participationId=2006, courseId=984, exerciseId=2601, retryCount=0, priority=2, status=SUCCESSFUL, repositoryInfo=RepositoryInfo[repositoryName=short94a899e303d7504c5d0840704daafa3dff4dtstexc-localvcciintinstructor1, repositoryType=user, triggeredByPushTo=user, assignmentRepositoryUri=http://localhost:49152/git/SHORT94A899E303D7504C5D0840704DAAFA3DFF4DTSTEXC/short94a899e303d7504c5d0840704daafa3dff4dtstexc-localvcciintinstructor1.git, testRepositoryUri=http://localhost:49152/git/SHORT94A899E303D7504C5D0840704DAAFA3DFF4DTSTEXC/short94a899e303d7504c5d0840704daafa3dff4dtstexc-tests.git, solutionRepositoryUri=null, auxiliaryRepositoryUris=[Ljava.lang.String;@690f46b7, auxiliaryRepositoryCheckoutDirectories=[Ljava.lang.String;@5751ac97], jobTimingInfo=JobTimingInfo[submissionDate=2025-02-14T23:45:32.554795798Z[Etc/UTC], buildStartDate=2025-02-14T23:45:32.567287465Z[Etc/UTC], buildCompletionDate=2025-02-14T23:45:34.535226768Z[Etc/UTC], estimatedCompletionDate=2025-02-14T23:45:51.567257960Z[Etc/UTC], estimatedDuration=19], buildConfig=BuildConfig[buildScript=#!/bin/bash
cd /var/tmp/testing-dir
chmod +x ./gradlew
./gradlew clean test
, dockerImage=dummy-docker-image:latest, commitHashToBuild=ca2dbc0ae87edf7035058a6a17c0ea60e90a290f, assignmentCommitHash=ca2dbc0ae87edf7035058a6a17c0ea60e90a290f, testCommitHash=0207f6f98af5fbb66ad68455f3fc3cf128af8ae9, branch=main, programmingLanguage=JAVA, projectType=PLAIN_GRADLE, scaEnabled=false, sequentialTestRunsEnabled=false, resultPaths=[/var/tmp/testing-dir/**/test-results/test/*.xml], timeoutSeconds=0, assignmentCheckoutPath=null, testCheckoutPath=null, solutionCheckoutPath=null, dockerRunConfig=null], submissionResult=ResultDTO[id=632, completionDate=2025-02-14T23:45:34.504415716Z[Etc/UTC], successful=false, score=7.7, rated=false, submission=SubmissionDTO[id=826, submitted=true, type=MANUAL, exampleSubmission=null, submissionDate=2025-02-14T23:45:32.541533Z, commitHash=ca2dbc0ae87edf7035058a6a17c0ea60e90a290f, buildFailed=false, buildArtifact=false, participation=ParticipationDTO[id=2006, testRun=true, type=programming, submissionCount=null, exercise=ParticipationExerciseDTO[id=2601, exerciseType=PROGRAMMING, type=programming, assessmentType=AUTOMATIC, dueDate=2025-02-16T23:45:31.864042Z, assessmentDueDate=null, maxPoints=42.0, course=CourseDTO[id=984, accuracyOfScores=1]]], submissionExerciseType=programming, isProcessing=false, buildStartDate=null, estimatedCompletionDate=null], participation=ParticipationDTO[id=2006, testRun=true, type=programming, submissionCount=null, exercise=ParticipationExerciseDTO[id=2601, exerciseType=PROGRAMMING, type=programming, assessmentType=AUTOMATIC, dueDate=2025-02-16T23:45:31.864042Z, assessmentDueDate=null, maxPoints=42.0, course=CourseDTO[id=984, accuracyOfScores=1]]], feedbacks=[FeedbackDTO[id=920, text=null, detailText=The exercise expects a class with the name Context in the package testpackage. You did not implement the class in the exercise., hasLongFeedbackText=false, reference=null, credits=0.0, positive=false, type=AUTOMATIC, visibility=ALWAYS, testCase=TestCaseDTO[testName=null, id=1357]], FeedbackDTO[id=921, text=null, detailText=The exercise expects a class with the name Policy in the package testpackage. You did not implement the class in the exercise., hasLongFeedbackText=false, reference=null, credits=0.0, positive=false, type=AUTOMATIC, visibility=ALWAYS, testCase=TestCaseDTO[testName=null, id=1358]], FeedbackDTO[id=922, text=null, detailText=The exercise expects a class with the name SortStrategy in the package testpackage. You did not implement the class in the exercise., hasLongFeedbackText=false, reference=null, credits=0.0, positive=false, type=AUTOMATIC, visibility=ALWAYS, testCase=TestCaseDTO[testName=null, id=1359]], FeedbackDTO[id=923, text=null, detailText=The class 'MergeSort' does not implement the interface 'SortStrategy' as expected. Implement the interface and its methods., hasLongFeedbackText=false, reference=null, credits=0.0, positive=false, type=AUTOMATIC, visibility=ALWAYS, testCase=TestCaseDTO[testName=null, id=1354]], FeedbackDTO[id=924, text=null, detailText=The exercise expects a class with the name SortStrategy in the package testpackage. You did not implement the class in the exercise., hasLongFeedbackText=false, reference=null, credits=0.0, positive=false, type=AUTOMATIC, visibility=ALWAYS, testCase=TestCaseDTO[testName=null, id=1351]], FeedbackDTO[id=925, text=null, detailText=The class 'BubbleSort' does not implement the interface 'SortStrategy' as expected. Implement the interface and its methods., hasLongFeedbackText=false, reference=null, credits=0.0, positive=false, type=AUTOMATIC, visibility=ALWAYS, testCase=TestCaseDTO[testName=null, id=1355]], FeedbackDTO[id=926, text=null, detailText=MergeSort does not sort correctly, hasLongFeedbackText=false, reference=null, credits=0.0, positive=false, type=AUTOMATIC, visibility=ALWAYS, testCase=TestCaseDTO[testName=null, id=1360]], FeedbackDTO[id=927, text=null, detailText=The class 'Context' was not found within the submission. Make sure to implement it properly., hasLongFeedbackText=false, reference=null, credits=0.0, positive=false, type=AUTOMATIC, visibility=ALWAYS, testCase=TestCaseDTO[testName=null, id=1361]], FeedbackDTO[id=928, text=null, detailText=The class 'Context' was not found within the submission. Make sure to implement it properly., hasLongFeedbackText=false, reference=null, credits=0.0, positive=false, type=AUTOMATIC, visibility=ALWAYS, testCase=TestCaseDTO[testName=null, id=1362]], FeedbackDTO[id=929, text=null, detailText=The exercise expects a class with the name Policy in the package testpackage. You did not implement the class in the exercise., hasLongFeedbackText=false, reference=null, credits=0.0, positive=false, type=AUTOMATIC, visibility=ALWAYS, testCase=TestCaseDTO[testName=null, id=1356]], FeedbackDTO[id=930, text=null, detailText=The exercise expects a class with the name Context in the package testpackage. You did not implement the class in the exercise., hasLongFeedbackText=false, reference=null, credits=0.0, positive=false, type=AUTOMATIC, visibility=ALWAYS, testCase=TestCaseDTO[testName=null, id=1352]], FeedbackDTO[id=931, text=null, detailText=The exercise expects a class with the name Policy in the package testpackage. You did not implement the class in the exercise., hasLongFeedbackText=false, reference=null, credits=0.0, positive=false, type=AUTOMATIC, visibility=ALWAYS, testCase=TestCaseDTO[testName=null, id=1353]], FeedbackDTO[id=932, text=null, detailText=null, hasLongFeedbackText=false, reference=null, credits=3.230769230769231, positive=true, type=AUTOMATIC, visibility=ALWAYS, testCase=TestCaseDTO[testName=null, id=1363]]], assessmentType=AUTOMATIC, hasComplaint=null, exampleResult=null, testCaseCount=13, passedTestCaseCount=1, codeIssueCount=0]], BuildJobQueueItem[id=20111739576737317, name=SHORTD49A6DAE04F9E049850BD5601663FD17A5B7TSTEXC-BASE, buildAgent=BuildAgentDTO[name=artemis-build-agent-test, memberAddress=[127.0.0.1]:5703, displayName=artemis-build-agent-test], participationId=2011, courseId=986, exerciseId=2603, retryCount=0, priority=2, status=SUCCESSFUL, repositoryInfo=RepositoryInfo[repositoryName=shortd49a6dae04f9e049850bd5601663fd17a5b7tstexc-exercise, repositoryType=exercise, triggeredByPushTo=exercise, assignmentRepositoryUri=http://localhost:49152/git/SHORTD49A6DAE04F9E049850BD5601663FD17A5B7TSTEXC/shortd49a6dae04f9e049850bd5601663fd17a5b7tstexc-exercise.git, testRepositoryUri=http://localhost:49152/git/SHORTD49A6DAE04F9E049850BD5601663FD17A5B7TSTEXC/shortd49a6dae04f9e049850bd5601663fd17a5b7tstexc-tests.git, solutionRepositoryUri=null, auxiliaryRepositoryUris=[Ljava.lang.String;@25e820d8, auxiliaryRepositoryCheckoutDirectories=[Ljava.lang.String;@ba4fbe8], jobTimingInfo=JobTimingInfo[submissionDate=2025-02-14T23:45:37.317968648Z[Etc/UTC], buildStartDate=2025-02-14T23:45:37.324534774Z[Etc/UTC], buildCompletionDate=2025-02-14T23:45:38.527225461Z[Etc/UTC], estimatedCompletionDate=2025-02-14T23:45:56.324506331Z[Etc/UTC], estimatedDuration=19], buildConfig=BuildConfig[buildScript=#!/bin/bash
cd /var/tmp/testing-dir
chmod +x ./gradlew
./gradlew clean test
, dockerImage=dummy-docker-image:latest, commitHashToBuild=c795243c185829bbefa399f45dcbcfac22311b2f, assignmentCommitHash=c795243c185829bbefa399f45dcbcfac22311b2f, testCommitHash=fa8b162170bf767d852e05e0eb7a128efa2e1f34, branch=main, programmingLanguage=JAVA, projectType=PLAIN_GRADLE, scaEnabled=false, sequentialTestRunsEnabled=false, resultPaths=[/var/tmp/testing-dir/**/test-results/test/*.xml], timeoutSeconds=0, assignmentCheckoutPath=null, testCheckoutPath=null, solutionCheckoutPath=null, dockerRunConfig=null], submissionResult=ResultDTO[id=633, completionDate=2025-02-14T23:45:38.476795726Z[Etc/UTC], successful=false, score=0.0, rated=true, submission=SubmissionDTO[id=827, submitted=true, type=MANUAL, exampleSubmission=null, submissionDate=2025-02-14T23:45:37.303401Z, commitHash=c795243c185829bbefa399f45dcbcfac22311b2f, buildFailed=false, buildArtifact=false, participation=ParticipationDTO[id=2011, testRun=false, type=template, submissionCount=null, exercise=ParticipationExerciseDTO[id=2603, exerciseType=PROGRAMMING, type=programming, assessmentType=AUTOMATIC, dueDate=2025-02-16T23:45:36.830269Z, assessmentDueDate=null, maxPoints=42.0, course=CourseDTO[id=986, accuracyOfScores=1]]], submissionExerciseType=programming, isProcessing=false, buildStartDate=null, estimatedCompletionDate=null], participation=ParticipationDTO[id=2011, testRun=false, type=template, submissionCount=null, exercise=ParticipationExerciseDTO[id=2603, exerciseType=PROGRAMMING, type=programming, assessmentType=AUTOMATIC, dueDate=2025-02-16T23:45:36.830269Z, assessmentDueDate=null, maxPoints=42.0, course=CourseDTO[id=986, accuracyOfScores=1]]], feedbacks=[FeedbackDTO[id=933, text=null, detailText=The exercise expects a class with the name Context in the package testpackage. You did not implement the class in the exercise., hasLongFeedbackText=false, reference=null, credits=0.0, positive=false, type=AUTOMATIC, visibility=ALWAYS, testCase=TestCaseDTO[testName=testMethods[Context], id=1383]], FeedbackDTO[id=934, text=null, detailText=The exercise expects a class with the name Policy in the package testpackage. You did not implement the class in the exercise., hasLongFeedbackText=false, reference=null, credits=0.0, positive=false, type=AUTOMATIC, visibility=ALWAYS, testCase=TestCaseDTO[testName=testMethods[Policy], id=1384]], FeedbackDTO[id=935, text=null, detailText=The exercise expects a class with the name SortStrategy in the package testpackage. You did not implement the class in the exercise., hasLongFeedbackText=false, reference=null, credits=0.0, positive=false, type=AUTOMATIC, visibility=ALWAYS, testCase=TestCaseDTO[testName=testMethods[SortStrategy], id=1385]], FeedbackDTO[id=936, text=null, detailText=The class 'MergeSort' does not implement the interface 'SortStrategy' as expected. Implement the interface and its methods., hasLongFeedbackText=false, reference=null, credits=0.0, positive=false, type=AUTOMATIC, visibility=ALWAYS, testCase=TestCaseDTO[testName=testClass[MergeSort], id=1380]], FeedbackDTO[id=937, text=null, detailText=The exercise expects a class with the name SortStrategy in the package testpackage. You did not implement the class in the exercise., hasLongFeedbackText=false, reference=null, credits=0.0, positive=false, type=AUTOMATIC, visibility=ALWAYS, testCase=TestCaseDTO[testName=testClass[SortStrategy], id=1377]], FeedbackDTO[id=938, text=null, detailText=The class 'BubbleSort' does not implement the interface 'SortStrategy' as expected. Implement the interface and its methods., hasLongFeedbackText=false, reference=null, credits=0.0, positive=false, type=AUTOMATIC, visibility=ALWAYS, testCase=TestCaseDTO[testName=testClass[BubbleSort], id=1381]], FeedbackDTO[id=939, text=null, detailText=MergeSort does not sort correctly, hasLongFeedbackText=false, reference=null, credits=0.0, positive=false, type=AUTOMATIC, visibility=ALWAYS, testCase=TestCaseDTO[testName=testMergeSort(), id=1386]], FeedbackDTO[id=940, text=null, detailText=The class 'Context' was not found within the submission. Make sure to implement it properly., hasLongFeedbackText=false, reference=null, credits=0.0, positive=false, type=AUTOMATIC, visibility=ALWAYS, testCase=TestCaseDTO[testName=testUseBubbleSortForSmallList(), id=1387]], FeedbackDTO[id=941, text=null, detailText=BubbleSort does not sort correctly, hasLongFeedbackText=false, reference=null, credits=0.0, positive=false, type=AUTOMATIC, visibility=ALWAYS, testCase=TestCaseDTO[testName=testBubbleSort(), id=1389]], FeedbackDTO[id=942, text=null, detailText=The class 'Context' was not found within the submission. Make sure to implement it properly., hasLongFeedbackText=false, reference=null, credits=0.0, positive=false, type=AUTOMATIC, visibility=ALWAYS, testCase=TestCaseDTO[testName=testUseMergeSortForBigList(), id=1388]], FeedbackDTO[id=943, text=null, detailText=The exercise expects a class with the name Policy in the package testpackage. You did not implement the class in the exercise., hasLongFeedbackText=false, reference=null, credits=0.0, positive=false, type=AUTOMATIC, visibility=ALWAYS, testCase=TestCaseDTO[testName=testConstructors[Policy], id=1382]], FeedbackDTO[id=944, text=null, detailText=The exercise expects a class with the name Context in the package testpackage. You did not implement the class in the exercise., hasLongFeedbackText=false, reference=null, credits=0.0, positive=false, type=AUTOMATIC, visibility=ALWAYS, testCase=TestCaseDTO[testName=testAttributes[Context], id=1378]], FeedbackDTO[id=945, text=null, detailText=The exercise expects a class with the name Policy in the package testpackage. You did not implement the class in the exercise., hasLongFeedbackText=false, reference=null, credits=0.0, positive=false, type=AUTOMATIC, visibility=ALWAYS, testCase=TestCaseDTO[testName=testAttributes[Policy], id=1379]]], assessmentType=AUTOMATIC, hasComplaint=null, exampleResult=null, testCaseCount=13, passedTestCaseCount=0, codeIssueCount=0]], BuildJobQueueItem[id=20171739576740018, name=SHORT7914AFA00ADC3047140B99D01AC07810CE44TSTEXC-LOCALVCCIINTSTUDENT1, buildAgent=BuildAgentDTO[name=artemis-build-agent-test, memberAddress=[127.0.0.1]:5703, displayName=artemis-build-agent-test], participationId=2017, courseId=988, exerciseId=2605, retryCount=0, priority=2, status=SUCCESSFUL, repositoryInfo=RepositoryInfo[repositoryName=short7914afa00adc3047140b99d01ac07810ce44tstexc-practice-localvcciintstudent1, repositoryType=user, triggeredByPushTo=user, assignmentRepositoryUri=http://localhost:49152/git/SHORT7914AFA00ADC3047140B99D01AC07810CE44TSTEXC/short7914afa00adc3047140b99d01ac07810ce44tstexc-practice-localvcciintstudent1.git, testRepositoryUri=http://localhost:49152/git/SHORT7914AFA00ADC3047140B99D01AC07810CE44TSTEXC/short7914afa00adc3047140b99d01ac07810ce44tstexc-tests.git, solutionRepositoryUri=null, auxiliaryRepositoryUris=[Ljava.lang.String;@188d2ed5, auxiliaryRepositoryCheckoutDirectories=[Ljava.lang.String;@42e21c47], jobTimingInfo=JobTimingInfo[submissionDate=2025-02-14T23:45:40.018961253Z[Etc/UTC], buildStartDate=2025-02-14T23:45:40.029742701Z[Etc/UTC], buildCompletionDate=2025-02-14T23:45:41.150208242Z[Etc/UTC], estimatedCompletionDate=2025-02-14T23:45:59.029734065Z[Etc/UTC], estimatedDuration=19], buildConfig=BuildConfig[buildScript=#!/bin/bash
cd /var/tmp/testing-dir
chmod +x ./gradlew
./gradlew clean test
, dockerImage=dummy-docker-image:latest, commitHashToBuild=d80b57877989b971e83ccdb4863c8a7023c76266, assignmentCommitHash=d80b57877989b971e83ccdb4863c8a7023c76266, testCommitHash=327b116890c92b1312314341f43f21ef13ecf7d7, branch=main, programmingLanguage=JAVA, projectType=PLAIN_GRADLE, scaEnabled=false, sequentialTestRunsEnabled=false, resultPaths=[/var/tmp/testing-dir/**/test-results/test/*.xml], timeoutSeconds=0, assignmentCheckoutPath=null, testCheckoutPath=null, solutionCheckoutPath=null, dockerRunConfig=null], submissionResult=ResultDTO[id=634, completionDate=2025-02-14T23:45:41.120192603Z[Etc/UTC], successful=false, score=7.7, rated=false, submission=SubmissionDTO[id=828, submitted=true, type=MANUAL, exampleSubmission=null, submissionDate=2025-02-14T23:45:40.008666Z, commitHash=d80b57877989b971e83ccdb4863c8a7023c76266, buildFailed=false, buildArtifact=false, participation=ParticipationDTO[id=2017, testRun=true, type=programming, submissionCount=null, exercise=ParticipationExerciseDTO[id=2605, exerciseType=PROGRAMMING, type=programming, assessmentType=AUTOMATIC, dueDate=2025-02-16T23:45:39.523500Z, assessmentDueDate=null, maxPoints=42.0, course=CourseDTO[id=988, accuracyOfScores=1]]], submissionExerciseType=programming, isProcessing=false, buildStartDate=null, estimatedCompletionDate=null], participation=ParticipationDTO[id=2017, testRun=true, type=programming, submissionCount=null, exercise=ParticipationExerciseDTO[id=2605, exerciseType=PROGRAMMING, type=programming, assessmentType=AUTOMATIC, dueDate=2025-02-16T23:45:39.523500Z, assessmentDueDate=null, maxPoints=42.0, course=CourseDTO[id=988, accuracyOfScores=1]]], feedbacks=[FeedbackDTO[id=946, text=null, detailText=The exercise expects a class with the name Context in the package testpackage. You did not implement the class in the exercise., hasLongFeedbackText=false, reference=null, credits=0.0, positive=false, type=AUTOMATIC, visibility=ALWAYS, testCase=TestCaseDTO[testName=null, id=1409]], FeedbackDTO[id=947, text=null, detailText=The exercise expects a class with the name Policy in the package testpackage. You did not implement the class in the exercise., hasLongFeedbackText=false, reference=null, credits=0.0, positive=false, type=AUTOMATIC, visibility=ALWAYS, testCase=TestCaseDTO[testName=null, id=1410]], FeedbackDTO[id=948, text=null, detailText=The exercise expects a class with the name SortStrategy in the package testpackage. You did not implement the class in the exercise., hasLongFeedbackText=false, reference=null, credits=0.0, positive=false, type=AUTOMATIC, visibility=ALWAYS, testCase=TestCaseDTO[testName=null, id=1411]], FeedbackDTO[id=949, text=null, detailText=The class 'MergeSort' does not implement the interface 'SortStrategy' as expected. Implement the interface and its methods., hasLongFeedbackText=false, reference=null, credits=0.0, positive=false, type=AUTOMATIC, visibility=ALWAYS, testCase=TestCaseDTO[testName=null, id=1406]], FeedbackDTO[id=950, text=null, detailText=The exercise expects a class with the name SortStrategy in the package testpackage. You did not implement the class in the exercise., hasLongFeedbackText=false, reference=null, credits=0.0, positive=false, type=AUTOMATIC, visibility=ALWAYS, testCase=TestCaseDTO[testName=null, id=1403]], FeedbackDTO[id=951, text=null, detailText=The class 'BubbleSort' does not implement the interface 'SortStrategy' as expected. Implement the interface and its methods., hasLongFeedbackText=false, reference=null, credits=0.0, positive=false, type=AUTOMATIC, visibility=ALWAYS, testCase=TestCaseDTO[testName=null, id=1407]], FeedbackDTO[id=952, text=null, detailText=MergeSort does not sort correctly, hasLongFeedbackText=false, reference=null, credits=0.0, positive=false, type=AUTOMATIC, visibility=ALWAYS, testCase=TestCaseDTO[testName=null, id=1412]], FeedbackDTO[id=953, text=null, detailText=The class 'Context' was not found within the submission. Make sure to implement it properly., hasLongFeedbackText=false, reference=null, credits=0.0, positive=false, type=AUTOMATIC, visibility=ALWAYS, testCase=TestCaseDTO[testName=null, id=1413]], FeedbackDTO[id=954, text=null, detailText=The class 'Context' was not found within the submission. Make sure to implement it properly., hasLongFeedbackText=false, reference=null, credits=0.0, positive=false, type=AUTOMATIC, visibility=ALWAYS, testCase=TestCaseDTO[testName=null, id=1414]], FeedbackDTO[id=955, text=null, detailText=The exercise expects a class with the name Policy in the package testpackage. You did not implement the class in the exercise., hasLongFeedbackText=false, reference=null, credits=0.0, positive=false, type=AUTOMATIC, visibility=ALWAYS, testCase=TestCaseDTO[testName=null, id=1408]], FeedbackDTO[id=956, text=null, detailText=The exercise expects a class with the name Context in the package testpackage. You did not implement the class in the exercise., hasLongFeedbackText=false, reference=null, credits=0.0, positive=false, type=AUTOMATIC, visibility=ALWAYS, testCase=TestCaseDTO[testName=null, id=1404]], FeedbackDTO[id=957, text=null, detailText=The exercise expects a class with the name Policy in the package testpackage. You did not implement the class in the exercise., hasLongFeedbackText=false, reference=null, credits=0.0, positive=false, type=AUTOMATIC, visibility=ALWAYS, testCase=TestCaseDTO[testName=null, id=1405]], FeedbackDTO[id=958, text=null, detailText=null, hasLongFeedbackText=false, reference=null, credits=3.230769230769231, positive=true, type=AUTOMATIC, visibility=ALWAYS, testCase=TestCaseDTO[testName=null, id=1415]]], assessmentType=AUTOMATIC, hasComplaint=null, exampleResult=null, testCaseCount=13, passedTestCaseCount=1, codeIssueCount=0]], BuildJobQueueItem[id=20261739576743984, name=SHORT53C73BE505404043100AC2F00C039353CE8FTSTEXC-LOCALVCCIINTSTUDENT1, buildAgent=BuildAgentDTO[name=artemis-build-agent-test, memberAddress=[127.0.0.1]:5703, displayName=artemis-build-agent-test], participationId=2026, courseId=991, exerciseId=2608, retryCount=0, priority=1, status=SUCCESSFUL, repositoryInfo=RepositoryInfo[repositoryName=short53c73be505404043100ac2f00c039353ce8ftstexc-localvcciintstudent1, repositoryType=user, triggeredByPushTo=user, assignmentRepositoryUri=http://localhost:49152/git/SHORT53C73BE505404043100AC2F00C039353CE8FTSTEXC/short53c73be505404043100ac2f00c039353ce8ftstexc-localvcciintstudent1.git, testRepositoryUri=http://localhost:49152/git/SHORT53C73BE505404043100AC2F00C039353CE8FTSTEXC/short53c73be505404043100ac2f00c039353ce8ftstexc-tests.git, solutionRepositoryUri=null, auxiliaryRepositoryUris=[Ljava.lang.String;@26680a23, auxiliaryRepositoryCheckoutDirectories=[Ljava.lang.String;@abfdebd], jobTimingInfo=JobTimingInfo[submissionDate=2025-02-14T23:45:43.984518859Z[Etc/UTC], buildStartDate=2025-02-14T23:45:43.991385682Z[Etc/UTC], buildCompletionDate=2025-02-14T23:45:44.982059928Z[Etc/UTC], estimatedCompletionDate=2025-02-14T23:46:02.991380122Z[Etc/UTC], estimatedDuration=19], buildConfig=BuildConfig[buildScript=#!/bin/bash
cd /var/tmp/testing-dir
chmod +x ./gradlew
./gradlew clean test
, dockerImage=dummy-docker-image:latest, commitHashToBuild=3e90ae9fef2e44ffb41451a080bdaa6a44ad6848, assignmentCommitHash=3e90ae9fef2e44ffb41451a080bdaa6a44ad6848, testCommitHash=0582754c87aae13e640312855ce7dbe490ecb50c, branch=main, programmingLanguage=JAVA, projectType=PLAIN_GRADLE, scaEnabled=false, sequentialTestRunsEnabled=false, resultPaths=[/var/tmp/testing-dir/**/test-results/test/*.xml], timeoutSeconds=0, assignmentCheckoutPath=null, testCheckoutPath=null, solutionCheckoutPath=null, dockerRunConfig=null], submissionResult=ResultDTO[id=635, completionDate=2025-02-14T23:45:44.961313737Z[Etc/UTC], successful=false, score=7.7, rated=true, submission=SubmissionDTO[id=829, submitted=true, type=MANUAL, exampleSubmission=null, submissionDate=2025-02-14T23:45:43.967766Z, commitHash=3e90ae9fef2e44ffb41451a080bdaa6a44ad6848, buildFailed=false, buildArtifact=false, participation=ParticipationDTO[id=2026, testRun=false, type=programming, submissionCount=null, exercise=ParticipationExerciseDTO[id=2608, exerciseType=PROGRAMMING, type=programming, assessmentType=AUTOMATIC, dueDate=2025-02-16T23:45:43.597978Z, assessmentDueDate=null, maxPoints=42.0, course=CourseDTO[id=991, accuracyOfScores=1]]], submissionExerciseType=programming, isProcessing=false, buildStartDate=null, estimatedCompletionDate=null], participation=ParticipationDTO[id=2026, testRun=false, type=programming, submissionCount=null, exercise=ParticipationExerciseDTO[id=2608, exerciseType=PROGRAMMING, type=programming, assessmentType=AUTOMATIC, dueDate=2025-02-16T23:45:43.597978Z, assessmentDueDate=null, maxPoints=42.0, course=CourseDTO[id=991, accuracyOfScores=1]]], feedbacks=[FeedbackDTO[id=959, text=null, detailText=The exercise expects a class with the name Context in the package testpackage. You did not implement the class in the exercise., hasLongFeedbackText=false, reference=null, credits=0.0, positive=false, type=AUTOMATIC, visibility=ALWAYS, testCase=TestCaseDTO[testName=null, id=1448]], FeedbackDTO[id=960, text=null, detailText=The exercise expects a class with the name Policy in the package testpackage. You did not implement the class in the exercise., hasLongFeedbackText=false, reference=null, credits=0.0, positive=false, type=AUTOMATIC, visibility=ALWAYS, testCase=TestCaseDTO[testName=null, id=1449]], FeedbackDTO[id=961, text=null, detailText=The exercise expects a class with the name SortStrategy in the package testpackage. You did not implement the class in the exercise., hasLongFeedbackText=false, reference=null, credits=0.0, positive=false, type=AUTOMATIC, visibility=ALWAYS, testCase=TestCaseDTO[testName=null, id=1450]], FeedbackDTO[id=962, text=null, detailText=The class 'MergeSort' does not implement the interface 'SortStrategy' as expected. Implement the interface and its methods., hasLongFeedbackText=false, reference=null, credits=0.0, positive=false, type=AUTOMATIC, visibility=ALWAYS, testCase=TestCaseDTO[testName=null, id=1445]], FeedbackDTO[id=963, text=null, detailText=The exercise expects a class with the name SortStrategy in the package testpackage. You did not implement the class in the exercise., hasLongFeedbackText=false, reference=null, credits=0.0, positive=false, type=AUTOMATIC, visibility=ALWAYS, testCase=TestCaseDTO[testName=null, id=1442]], FeedbackDTO[id=964, text=null, detailText=The class 'BubbleSort' does not implement the interface 'SortStrategy' as expected. Implement the interface and its methods., hasLongFeedbackText=false, reference=null, credits=0.0, positive=false, type=AUTOMATIC, visibility=ALWAYS, testCase=TestCaseDTO[testName=null, id=1446]], FeedbackDTO[id=965, text=null, detailText=MergeSort does not sort correctly, hasLongFeedbackText=false, reference=null, credits=0.0, positive=false, type=AUTOMATIC, visibility=ALWAYS, testCase=TestCaseDTO[testName=null, id=1451]], FeedbackDTO[id=966, text=null, detailText=The class 'Context' was not found within the submission. Make sure to implement it properly., hasLongFeedbackText=false, reference=null, credits=0.0, positive=false, type=AUTOMATIC, visibility=ALWAYS, testCase=TestCaseDTO[testName=null, id=1452]], FeedbackDTO[id=967, text=null, detailText=The class 'Context' was not found within the submission. Make sure to implement it properly., hasLongFeedbackText=false, reference=null, credits=0.0, positive=false, type=AUTOMATIC, visibility=ALWAYS, testCase=TestCaseDTO[testName=null, id=1453]], FeedbackDTO[id=968, text=null, detailText=The exercise expects a class with the name Policy in the package testpackage. You did not implement the class in the exercise., hasLongFeedbackText=false, reference=null, credits=0.0, positive=false, type=AUTOMATIC, visibility=ALWAYS, testCase=TestCaseDTO[testName=null, id=1447]], FeedbackDTO[id=969, text=null, detailText=The exercise expects a class with the name Context in the package testpackage. You did not implement the class in the exercise., hasLongFeedbackText=false, reference=null, credits=0.0, positive=false, type=AUTOMATIC, visibility=ALWAYS, testCase=TestCaseDTO[testName=null, id=1443]], FeedbackDTO[id=970, text=null, detailText=The exercise expects a class with the name Policy in the package testpackage. You did not implement the class in the exercise., hasLongFeedbackText=false, reference=null, credits=0.0, positive=false, type=AUTOMATIC, visibility=ALWAYS, testCase=TestCaseDTO[testName=null, id=1444]], FeedbackDTO[id=971, text=null, detailText=null, hasLongFeedbackText=false, reference=null, credits=3.230769230769231, positive=true, type=AUTOMATIC, visibility=ALWAYS, testCase=TestCaseDTO[testName=null, id=1454]]], assessmentType=AUTOMATIC, hasComplaint=null, exampleResult=null, testCaseCount=13, passedTestCaseCount=1, codeIssueCount=0]]], publicSshKey=ssh-rsa AAAAB3NzaC1yc2EAAAADAQABAAACAQCOPdMsxRE2jFJ/UEa5/LsBxtwzJcrh3/rYBCQvcMeVpiRfhzQPWu7mrt/G2Ew+i+vRloGH9aqKg6dd1liRncao53Zmd/ePxoatXePNhmzTfkCkcSkTUz7B+QMjkoDDV5jwuFPD6mF3JkhuzSi64n9Zy905t4w2IhVcjM2mL3eYNjiCXt6Qpq3Pkt7dM/Ksw1nxnvuiIALuJLB3FTkXkHqq3PJav+9HSq2r6ZaWgekneaGxlQlb+U+Vy3XOuArKAzK8c8i+0bR+AHiTG6ncYXt7ax3U+TdlDTF7OLP3umwaYjs1NBXOHwG42pevvpKn2fqavZZozk+M05jXLx3bq0O7itxfErWc7etky8qYPyyIMF/txQIVLd78+Ze4d7Y60t5MGbXM5cGE6fFif5fEJwgswXD+BrG0cafz1CTatjSKFdvp8Vp4VszXhHDan1PrP6JEFJ5Cc5GDmLRZPCFa3vL9f5qXgf4bkqKN8MYeEujwJE5nMRWoiJVNakix2bcrrneQMBlnYeYZVWXXXUusAQBzl4NgddC1umZpihZkL1b1MffZAUW3EGEXi7KHnllQhkTLLsQ8ntMgbylqaJKStqaXlLvdeRJcEnUuiFCrHEVVbXRFZR7XVDZ02CE5o3MuaRPty8Kh+jRTF3COlAckHwYEJCNNJvXFgb2CNXL4mjzYDw== test@localhost]
    23:45:45.163 | 566 localvc.event-13 | DEBUG | a.p.s.l.SharedQueueManagementService : Build agent updated: null
    23:45:45.165 | 372 ool-1-worker-136 | DEBUG | d.t.c.a.a.c.u.util.UserUtilService   : Generate 2 students...
    23:45:45.168 | 566 localvc.event-13 | DEBUG | a.p.s.l.LocalCIQueueWebsocketService : Build agent updated: BuildAgentInformation[buildAgent=BuildAgentDTO[name=artemis-build-agent-test, memberAddress=[127.0.0.1]:5703, displayName=artemis-build-agent-test], maxNumberOfConcurrentBuildJobs=1, numberOfCurrentBuildJobs=0, runningBuildJobs=[], status=IDLE, recentBuildJobs=[BuildJobQueueItem[id=19141739576708030, name=SHORT5F02A8F400311042E70858306EB148073CFDTSTEXC-LOCALVCINTSTUDENT1, buildAgent=BuildAgentDTO[name=artemis-build-agent-test, memberAddress=[127.0.0.1]:5703, displayName=artemis-build-agent-test], participationId=1914, courseId=947, exerciseId=2564, retryCount=0, priority=2, status=FAILED, repositoryInfo=RepositoryInfo[repositoryName=short5f02a8f400311042e70858306eb148073cfdtstexc-localvcintstudent1, repositoryType=user, triggeredByPushTo=user, assignmentRepositoryUri=http://localhost:49152/git/SHORT5F02A8F400311042E70858306EB148073CFDTSTEXC/short5f02a8f400311042e70858306eb148073cfdtstexc-localvcintstudent1.git, testRepositoryUri=http://localhost:49152/git/SHORT5F02A8F400311042E70858306EB148073CFDTSTEXC/short5f02a8f400311042e70858306eb148073cfdtstexc-tests.git, solutionRepositoryUri=null, auxiliaryRepositoryUris=[Ljava.lang.String;@296799ac, auxiliaryRepositoryCheckoutDirectories=[Ljava.lang.String;@4fb8b7b1], jobTimingInfo=JobTimingInfo[submissionDate=2025-02-14T23:45:08.030118216Z[Etc/UTC], buildStartDate=2025-02-14T23:45:08.041011412Z[Etc/UTC], buildCompletionDate=2025-02-14T23:45:08.054603331Z[Etc/UTC], estimatedCompletionDate=2025-02-14T23:45:27.041005080Z[Etc/UTC], estimatedDuration=19], buildConfig=BuildConfig[buildScript=#!/bin/bash
cd /var/tmp/testing-dir
chmod +x ./gradlew
./gradlew clean test
, dockerImage=dummy-docker-image:latest, commitHashToBuild=6e7146cac5059504aa9d170ec3fa23aec740bb51, assignmentCommitHash=6e7146cac5059504aa9d170ec3fa23aec740bb51, testCommitHash=931e5303581c7a2f01339ba603cfafbfe668b901, branch=main, programmingLanguage=JAVA, projectType=PLAIN_GRADLE, scaEnabled=false, sequentialTestRunsEnabled=false, resultPaths=[/var/tmp/testing-dir/**/test-results/test/*.xml], timeoutSeconds=0, assignmentCheckoutPath=null, testCheckoutPath=null, solutionCheckoutPath=null, dockerRunConfig=null], submissionResult=ResultDTO[id=622, completionDate=2025-02-14T23:45:08.054683681Z[Etc/UTC], successful=false, score=0.0, rated=true, submission=SubmissionDTO[id=814, submitted=true, type=MANUAL, exampleSubmission=null, submissionDate=2025-02-14T23:45:08.016200Z, commitHash=6e7146cac5059504aa9d170ec3fa23aec740bb51, buildFailed=true, buildArtifact=false, participation=ParticipationDTO[id=1914, testRun=false, type=programming, submissionCount=null, exercise=ParticipationExerciseDTO[id=2564, exerciseType=PROGRAMMING, type=programming, assessmentType=AUTOMATIC, dueDate=2025-02-16T23:45:07.324348Z, assessmentDueDate=null, maxPoints=42.0, course=CourseDTO[id=947, accuracyOfScores=1]]], submissionExerciseType=programming, isProcessing=false, buildStartDate=null, estimatedCompletionDate=null], participation=ParticipationDTO[id=1914, testRun=false, type=programming, submissionCount=null, exercise=ParticipationExerciseDTO[id=2564, exerciseType=PROGRAMMING, type=programming, assessmentType=AUTOMATIC, dueDate=2025-02-16T23:45:07.324348Z, assessmentDueDate=null, maxPoints=42.0, course=CourseDTO[id=947, accuracyOfScores=1]]], feedbacks=[], assessmentType=AUTOMATIC, hasComplaint=null, exampleResult=null, testCaseCount=0, passedTestCaseCount=0, codeIssueCount=0]], BuildJobQueueItem[id=19361739576711303, name=SHORT9AFDAE3804CA304DDF0889A0CB0F56104A86TSTEXC-LOCALVCINTSTUDENT1, buildAgent=BuildAgentDTO[name=artemis-build-agent-test, memberAddress=[127.0.0.1]:5703, displayName=artemis-build-agent-test], participationId=1936, courseId=956, exerciseId=2573, retryCount=0, priority=2, status=FAILED, repositoryInfo=RepositoryInfo[repositoryName=short9afdae3804ca304ddf0889a0cb0f56104a86tstexc-localvcintstudent1, repositoryType=user, triggeredByPushTo=user, assignmentRepositoryUri=http://localhost:49152/git/SHORT9AFDAE3804CA304DDF0889A0CB0F56104A86TSTEXC/short9afdae3804ca304ddf0889a0cb0f56104a86tstexc-localvcintstudent1.git, testRepositoryUri=http://localhost:49152/git/SHORT9AFDAE3804CA304DDF0889A0CB0F56104A86TSTEXC/short9afdae3804ca304ddf0889a0cb0f56104a86tstexc-tests.git, solutionRepositoryUri=null, auxiliaryRepositoryUris=[Ljava.lang.String;@3b06d2cd, auxiliaryRepositoryCheckoutDirectories=[Ljava.lang.String;@6df01f7e], jobTimingInfo=JobTimingInfo[submissionDate=2025-02-14T23:45:11.303805653Z[Etc/UTC], buildStartDate=2025-02-14T23:45:11.310981356Z[Etc/UTC], buildCompletionDate=2025-02-14T23:45:11.319178384Z[Etc/UTC], estimatedCompletionDate=2025-02-14T23:45:30.310974944Z[Etc/UTC], estimatedDuration=19], buildConfig=BuildConfig[buildScript=#!/bin/bash
cd /var/tmp/testing-dir
chmod +x ./gradlew
./gradlew clean test
, dockerImage=dummy-docker-image:latest, commitHashToBuild=a1099e378cffde441ef85f9b12577ca174b8e1e4, assignmentCommitHash=a1099e378cffde441ef85f9b12577ca174b8e1e4, testCommitHash=bd38d61c299ab11a1dea82a3ca5493fe04d97d47, branch=main, programmingLanguage=JAVA, projectType=PLAIN_GRADLE, scaEnabled=false, sequentialTestRunsEnabled=false, resultPaths=[/var/tmp/testing-dir/**/test-results/test/*.xml], timeoutSeconds=0, assignmentCheckoutPath=null, testCheckoutPath=null, solutionCheckoutPath=null, dockerRunConfig=null], submissionResult=ResultDTO[id=623, completionDate=2025-02-14T23:45:11.319278430Z[Etc/UTC], successful=false, score=0.0, rated=true, submission=SubmissionDTO[id=815, submitted=true, type=MANUAL, exampleSubmission=null, submissionDate=2025-02-14T23:45:11.294386Z, commitHash=a1099e378cffde441ef85f9b12577ca174b8e1e4, buildFailed=true, buildArtifact=false, participation=ParticipationDTO[id=1936, testRun=false, type=programming, submissionCount=null, exercise=ParticipationExerciseDTO[id=2573, exerciseType=PROGRAMMING, type=programming, assessmentType=AUTOMATIC, dueDate=2025-02-16T23:45:10.996982Z, assessmentDueDate=null, maxPoints=42.0, course=CourseDTO[id=956, accuracyOfScores=1]]], submissionExerciseType=programming, isProcessing=false, buildStartDate=null, estimatedCompletionDate=null], participation=ParticipationDTO[id=1936, testRun=false, type=programming, submissionCount=null, exercise=ParticipationExerciseDTO[id=2573, exerciseType=PROGRAMMING, type=programming, assessmentType=AUTOMATIC, dueDate=2025-02-16T23:45:10.996982Z, assessmentDueDate=null, maxPoints=42.0, course=CourseDTO[id=956, accuracyOfScores=1]]], feedbacks=[], assessmentType=AUTOMATIC, hasComplaint=null, exampleResult=null, testCaseCount=0, passedTestCaseCount=0, codeIssueCount=0]], BuildJobQueueItem[id=19351739576711674, name=SHORT9AFDAE3804CA304DDF0889A0CB0F56104A86TSTEXC-BASE, buildAgent=BuildAgentDTO[name=artemis-build-agent-test, memberAddress=[127.0.0.1]:5703, displayName=artemis-build-agent-test], participationId=1935, courseId=956, exerciseId=2573, retryCount=0, priority=2, status=FAILED, repositoryInfo=RepositoryInfo[repositoryName=short9afdae3804ca304ddf0889a0cb0f56104a86tstexc-exercise, repositoryType=exercise, triggeredByPushTo=exercise, assignmentRepositoryUri=http://localhost:49152/git/SHORT9AFDAE3804CA304DDF0889A0CB0F56104A86TSTEXC/short9afdae3804ca304ddf0889a0cb0f56104a86tstexc-exercise.git, testRepositoryUri=http://localhost:49152/git/SHORT9AFDAE3804CA304DDF0889A0CB0F56104A86TSTEXC/short9afdae3804ca304ddf0889a0cb0f56104a86tstexc-tests.git, solutionRepositoryUri=null, auxiliaryRepositoryUris=[Ljava.lang.String;@784f4195, auxiliaryRepositoryCheckoutDirectories=[Ljava.lang.String;@72407412], jobTimingInfo=JobTimingInfo[submissionDate=2025-02-14T23:45:11.674556681Z[Etc/UTC], buildStartDate=2025-02-14T23:45:11.677776879Z[Etc/UTC], buildCompletionDate=2025-02-14T23:45:11.688097378Z[Etc/UTC], estimatedCompletionDate=2025-02-14T23:45:30.677771620Z[Etc/UTC], estimatedDuration=19], buildConfig=BuildConfig[buildScript=#!/bin/bash
cd /var/tmp/testing-dir
chmod +x ./gradlew
./gradlew clean test
, dockerImage=dummy-docker-image:latest, commitHashToBuild=a1099e378cffde441ef85f9b12577ca174b8e1e4, assignmentCommitHash=a1099e378cffde441ef85f9b12577ca174b8e1e4, testCommitHash=bd38d61c299ab11a1dea82a3ca5493fe04d97d47, branch=main, programmingLanguage=JAVA, projectType=PLAIN_GRADLE, scaEnabled=false, sequentialTestRunsEnabled=false, resultPaths=[/var/tmp/testing-dir/**/test-results/test/*.xml], timeoutSeconds=0, assignmentCheckoutPath=null, testCheckoutPath=null, solutionCheckoutPath=null, dockerRunConfig=null], submissionResult=ResultDTO[id=624, completionDate=2025-02-14T23:45:11.688214837Z[Etc/UTC], successful=false, score=0.0, rated=true, submission=SubmissionDTO[id=816, submitted=true, type=MANUAL, exampleSubmission=null, submissionDate=2025-02-14T23:45:11.656934Z, commitHash=a1099e378cffde441ef85f9b12577ca174b8e1e4, buildFailed=true, buildArtifact=false, participation=ParticipationDTO[id=1935, testRun=false, type=template, submissionCount=null, exercise=ParticipationExerciseDTO[id=2573, exerciseType=PROGRAMMING, type=programming, assessmentType=AUTOMATIC, dueDate=2025-02-16T23:45:10.996982Z, assessmentDueDate=null, maxPoints=42.0, course=CourseDTO[id=956, accuracyOfScores=1]]], submissionExerciseType=programming, isProcessing=false, buildStartDate=null, estimatedCompletionDate=null], participation=ParticipationDTO[id=1935, testRun=false, type=template, submissionCount=null, exercise=ParticipationExerciseDTO[id=2573, exerciseType=PROGRAMMING, type=programming, assessmentType=AUTOMATIC, dueDate=2025-02-16T23:45:10.996982Z, assessmentDueDate=null, maxPoints=42.0, course=CourseDTO[id=956, accuracyOfScores=1]]], feedbacks=[], assessmentType=AUTOMATIC, hasComplaint=null, exampleResult=null, testCaseCount=0, passedTestCaseCount=0, codeIssueCount=0]], BuildJobQueueItem[id=19341739576712112, name=SHORT9AFDAE3804CA304DDF0889A0CB0F56104A86TSTEXC-SOLUTION, buildAgent=BuildAgentDTO[name=artemis-build-agent-test, memberAddress=[127.0.0.1]:5703, displayName=artemis-build-agent-test], participationId=1934, courseId=956, exerciseId=2573, retryCount=0, priority=2, status=FAILED, repositoryInfo=RepositoryInfo[repositoryName=short9afdae3804ca304ddf0889a0cb0f56104a86tstexc-solution, repositoryType=solution, triggeredByPushTo=solution, assignmentRepositoryUri=http://localhost:49152/git/SHORT9AFDAE3804CA304DDF0889A0CB0F56104A86TSTEXC/short9afdae3804ca304ddf0889a0cb0f56104a86tstexc-solution.git, testRepositoryUri=http://localhost:49152/git/SHORT9AFDAE3804CA304DDF0889A0CB0F56104A86TSTEXC/short9afdae3804ca304ddf0889a0cb0f56104a86tstexc-tests.git, solutionRepositoryUri=null, auxiliaryRepositoryUris=[Ljava.lang.String;@7fdd502d, auxiliaryRepositoryCheckoutDirectories=[Ljava.lang.String;@123bbb47], jobTimingInfo=JobTimingInfo[submissionDate=2025-02-14T23:45:12.112332872Z[Etc/UTC], buildStartDate=2025-02-14T23:45:12.121617114Z[Etc/UTC], buildCompletionDate=2025-02-14T23:45:12.127931701Z[Etc/UTC], estimatedCompletionDate=2025-02-14T23:45:31.121609600Z[Etc/UTC], estimatedDuration=19], buildConfig=BuildConfig[buildScript=#!/bin/bash
cd /var/tmp/testing-dir
chmod +x ./gradlew
./gradlew clean test
, dockerImage=dummy-docker-image:latest, commitHashToBuild=a1099e378cffde441ef85f9b12577ca174b8e1e4, assignmentCommitHash=a1099e378cffde441ef85f9b12577ca174b8e1e4, testCommitHash=bd38d61c299ab11a1dea82a3ca5493fe04d97d47, branch=main, programmingLanguage=JAVA, projectType=PLAIN_GRADLE, scaEnabled=false, sequentialTestRunsEnabled=false, resultPaths=[/var/tmp/testing-dir/**/test-results/test/*.xml], timeoutSeconds=0, assignmentCheckoutPath=null, testCheckoutPath=null, solutionCheckoutPath=null, dockerRunConfig=null], submissionResult=ResultDTO[id=625, completionDate=2025-02-14T23:45:12.128011800Z[Etc/UTC], successful=false, score=0.0, rated=true, submission=SubmissionDTO[id=817, submitted=true, type=MANUAL, exampleSubmission=null, submissionDate=2025-02-14T23:45:12.098737Z, commitHash=a1099e378cffde441ef85f9b12577ca174b8e1e4, buildFailed=true, buildArtifact=false, participation=ParticipationDTO[id=1934, testRun=false, type=solution, submissionCount=null, exercise=ParticipationExerciseDTO[id=2573, exerciseType=PROGRAMMING, type=programming, assessmentType=AUTOMATIC, dueDate=2025-02-16T23:45:10.996982Z, assessmentDueDate=null, maxPoints=42.0, course=CourseDTO[id=956, accuracyOfScores=1]]], submissionExerciseType=programming, isProcessing=false, buildStartDate=null, estimatedCompletionDate=null], participation=ParticipationDTO[id=1934, testRun=false, type=solution, submissionCount=null, exercise=ParticipationExerciseDTO[id=2573, exerciseType=PROGRAMMING, type=programming, assessmentType=AUTOMATIC, dueDate=2025-02-16T23:45:10.996982Z, assessmentDueDate=null, maxPoints=42.0, course=CourseDTO[id=956, accuracyOfScores=1]]], feedbacks=[], assessmentType=AUTOMATIC, hasComplaint=null, exampleResult=null, testCaseCount=0, passedTestCaseCount=0, codeIssueCount=0]], BuildJobQueueItem[id=19341739576713025, name=SHORT9AFDAE3804CA304DDF0889A0CB0F56104A86TSTEXC-SOLUTION, buildAgent=BuildAgentDTO[name=artemis-build-agent-test, memberAddress=[127.0.0.1]:5703, displayName=artemis-build-agent-test], participationId=1934, courseId=956, exerciseId=2573, retryCount=0, priority=2, status=FAILED, repositoryInfo=RepositoryInfo[repositoryName=short9afdae3804ca304ddf0889a0cb0f56104a86tstexc-solution, repositoryType=solution, triggeredByPushTo=tests, assignmentRepositoryUri=http://localhost:49152/git/SHORT9AFDAE3804CA304DDF0889A0CB0F56104A86TSTEXC/short9afdae3804ca304ddf0889a0cb0f56104a86tstexc-solution.git, testRepositoryUri=http://localhost:49152/git/SHORT9AFDAE3804CA304DDF0889A0CB0F56104A86TSTEXC/short9afdae3804ca304ddf0889a0cb0f56104a86tstexc-tests.git, solutionRepositoryUri=null, auxiliaryRepositoryUris=[Ljava.lang.String;@107a037c, auxiliaryRepositoryCheckoutDirectories=[Ljava.lang.String;@61eb1585], jobTimingInfo=JobTimingInfo[submissionDate=2025-02-14T23:45:13.025319671Z[Etc/UTC], buildStartDate=2025-02-14T23:45:13.040293146Z[Etc/UTC], buildCompletionDate=2025-02-14T23:45:13.053032917Z[Etc/UTC], estimatedCompletionDate=2025-02-14T23:45:32.040285703Z[Etc/UTC], estimatedDuration=19], buildConfig=BuildConfig[buildScript=#!/bin/bash
cd /var/tmp/testing-dir
chmod +x ./gradlew
./gradlew clean test
, dockerImage=dummy-docker-image:latest, commitHashToBuild=784f8f0049d2a1a54f21c67dd772bea86715267a, assignmentCommitHash=a1099e378cffde441ef85f9b12577ca174b8e1e4, testCommitHash=784f8f0049d2a1a54f21c67dd772bea86715267a, branch=main, programmingLanguage=JAVA, projectType=PLAIN_GRADLE, scaEnabled=false, sequentialTestRunsEnabled=false, resultPaths=[/var/tmp/testing-dir/**/test-results/test/*.xml], timeoutSeconds=0, assignmentCheckoutPath=null, testCheckoutPath=null, solutionCheckoutPath=null, dockerRunConfig=null], submissionResult=ResultDTO[id=626, completionDate=2025-02-14T23:45:13.053131811Z[Etc/UTC], successful=false, score=0.0, rated=true, submission=SubmissionDTO[id=818, submitted=true, type=TEST, exampleSubmission=null, submissionDate=2025-02-14T23:45:13.005779Z, commitHash=784f8f0049d2a1a54f21c67dd772bea86715267a, buildFailed=true, buildArtifact=false, participation=ParticipationDTO[id=1934, testRun=false, type=solution, submissionCount=null, exercise=ParticipationExerciseDTO[id=2573, exerciseType=PROGRAMMING, type=programming, assessmentType=AUTOMATIC, dueDate=2025-02-16T23:45:10.996982Z, assessmentDueDate=null, maxPoints=42.0, course=CourseDTO[id=956, accuracyOfScores=1]]], submissionExerciseType=programming, isProcessing=false, buildStartDate=null, estimatedCompletionDate=null], participation=ParticipationDTO[id=1934, testRun=false, type=solution, submissionCount=null, exercise=ParticipationExerciseDTO[id=2573, exerciseType=PROGRAMMING, type=programming, assessmentType=AUTOMATIC, dueDate=2025-02-16T23:45:10.996982Z, assessmentDueDate=null, maxPoints=42.0, course=CourseDTO[id=956, accuracyOfScores=1]]], feedbacks=[], assessmentType=AUTOMATIC, hasComplaint=null, exampleResult=null, testCaseCount=0, passedTestCaseCount=0, codeIssueCount=0]], BuildJobQueueItem[id=19581739576715555, name=SHORTC1A3F9FC03D2304B4308FA20AF16D54AAA49TSTEXC-LOCALVCSSHINTSTUDENT1, buildAgent=BuildAgentDTO[name=artemis-build-agent-test, memberAddress=[127.0.0.1]:5703, displayName=artemis-build-agent-test], participationId=1958, courseId=965, exerciseId=2582, retryCount=0, priority=2, status=FAILED, repositoryInfo=RepositoryInfo[repositoryName=shortc1a3f9fc03d2304b4308fa20af16d54aaa49tstexc-localvcsshintstudent1, repositoryType=user, triggeredByPushTo=user, assignmentRepositoryUri=http://localhost:49152/git/SHORTC1A3F9FC03D2304B4308FA20AF16D54AAA49TSTEXC/shortc1a3f9fc03d2304b4308fa20af16d54aaa49tstexc-localvcsshintstudent1.git, testRepositoryUri=http://localhost:49152/git/SHORTC1A3F9FC03D2304B4308FA20AF16D54AAA49TSTEXC/shortc1a3f9fc03d2304b4308fa20af16d54aaa49tstexc-tests.git, solutionRepositoryUri=null, auxiliaryRepositoryUris=[Ljava.lang.String;@74226dad, auxiliaryRepositoryCheckoutDirectories=[Ljava.lang.String;@3b8c01ed], jobTimingInfo=JobTimingInfo[submissionDate=2025-02-14T23:45:15.555989584Z[Etc/UTC], buildStartDate=2025-02-14T23:45:15.568477627Z[Etc/UTC], buildCompletionDate=2025-02-14T23:45:15.579021148Z[Etc/UTC], estimatedCompletionDate=2025-02-14T23:45:34.568443924Z[Etc/UTC], estimatedDuration=19], buildConfig=BuildConfig[buildScript=#!/bin/bash
cd /var/tmp/testing-dir
chmod +x ./gradlew
./gradlew clean test
, dockerImage=dummy-docker-image:latest, commitHashToBuild=ca76dac20e040e6609db02fd7fedd56bf58829d7, assignmentCommitHash=ca76dac20e040e6609db02fd7fedd56bf58829d7, testCommitHash=bd0d58c226dc63bfa4bc9052870589952c0a1f83, branch=main, programmingLanguage=JAVA, projectType=PLAIN_GRADLE, scaEnabled=false, sequentialTestRunsEnabled=false, resultPaths=[/var/tmp/testing-dir/**/test-results/test/*.xml], timeoutSeconds=0, assignmentCheckoutPath=null, testCheckoutPath=null, solutionCheckoutPath=null, dockerRunConfig=null], submissionResult=ResultDTO[id=627, completionDate=2025-02-14T23:45:15.579119131Z[Etc/UTC], successful=false, score=0.0, rated=true, submission=SubmissionDTO[id=820, submitted=true, type=MANUAL, exampleSubmission=null, submissionDate=2025-02-14T23:45:15.548349Z, commitHash=ca76dac20e040e6609db02fd7fedd56bf58829d7, buildFailed=true, buildArtifact=false, participation=ParticipationDTO[id=1958, testRun=false, type=programming, submissionCount=null, exercise=ParticipationExerciseDTO[id=2582, exerciseType=PROGRAMMING, type=programming, assessmentType=AUTOMATIC, dueDate=2025-02-16T23:45:15.103512Z, assessmentDueDate=null, maxPoints=42.0, course=CourseDTO[id=965, accuracyOfScores=1]]], submissionExerciseType=programming, isProcessing=false, buildStartDate=null, estimatedCompletionDate=null], participation=ParticipationDTO[id=1958, testRun=false, type=programming, submissionCount=null, exercise=ParticipationExerciseDTO[id=2582, exerciseType=PROGRAMMING, type=programming, assessmentType=AUTOMATIC, dueDate=2025-02-16T23:45:15.103512Z, assessmentDueDate=null, maxPoints=42.0, course=CourseDTO[id=965, accuracyOfScores=1]]], feedbacks=[], assessmentType=AUTOMATIC, hasComplaint=null, exampleResult=null, testCaseCount=0, passedTestCaseCount=0, codeIssueCount=0]], BuildJobQueueItem[id=19801739576719393, name=SHORTB2A6C58B0D447045380A858075B170A5B7C6TSTEXC-LOCALVCSSHINTSTUDENT1, buildAgent=BuildAgentDTO[name=artemis-build-agent-test, memberAddress=[127.0.0.1]:5703, displayName=artemis-build-agent-test], participationId=1980, courseId=974, exerciseId=2591, retryCount=0, priority=2, status=FAILED, repositoryInfo=RepositoryInfo[repositoryName=shortb2a6c58b0d447045380a858075b170a5b7c6tstexc-localvcsshintstudent1, repositoryType=user, triggeredByPushTo=user, assignmentRepositoryUri=http://localhost:49152/git/SHORTB2A6C58B0D447045380A858075B170A5B7C6TSTEXC/shortb2a6c58b0d447045380a858075b170a5b7c6tstexc-localvcsshintstudent1.git, testRepositoryUri=http://localhost:49152/git/SHORTB2A6C58B0D447045380A858075B170A5B7C6TSTEXC/shortb2a6c58b0d447045380a858075b170a5b7c6tstexc-tests.git, solutionRepositoryUri=null, auxiliaryRepositoryUris=[Ljava.lang.String;@7bad8403, auxiliaryRepositoryCheckoutDirectories=[Ljava.lang.String;@4253f1ce], jobTimingInfo=JobTimingInfo[submissionDate=2025-02-14T23:45:19.393259829Z[Etc/UTC], buildStartDate=2025-02-14T23:45:19.405438171Z[Etc/UTC], buildCompletionDate=2025-02-14T23:45:19.414070673Z[Etc/UTC], estimatedCompletionDate=2025-02-14T23:45:38.405431569Z[Etc/UTC], estimatedDuration=19], buildConfig=BuildConfig[buildScript=#!/bin/bash
cd /var/tmp/testing-dir
chmod +x ./gradlew
./gradlew clean test
, dockerImage=dummy-docker-image:latest, commitHashToBuild=363cdbf709a9fff149f813ab848ee800a675cc77, assignmentCommitHash=363cdbf709a9fff149f813ab848ee800a675cc77, testCommitHash=a5e046ece417b2e538f21f816e2524dab61e0d10, branch=main, programmingLanguage=JAVA, projectType=PLAIN_GRADLE, scaEnabled=false, sequentialTestRunsEnabled=false, resultPaths=[/var/tmp/testing-dir/**/test-results/test/*.xml], timeoutSeconds=0, assignmentCheckoutPath=null, testCheckoutPath=null, solutionCheckoutPath=null, dockerRunConfig=null], submissionResult=ResultDTO[id=628, completionDate=2025-02-14T23:45:19.414171040Z[Etc/UTC], successful=false, score=0.0, rated=true, submission=SubmissionDTO[id=821, submitted=true, type=MANUAL, exampleSubmission=null, submissionDate=2025-02-14T23:45:19.376840Z, commitHash=363cdbf709a9fff149f813ab848ee800a675cc77, buildFailed=true, buildArtifact=false, participation=ParticipationDTO[id=1980, testRun=false, type=programming, submissionCount=null, exercise=ParticipationExerciseDTO[id=2591, exerciseType=PROGRAMMING, type=programming, assessmentType=AUTOMATIC, dueDate=2025-02-16T23:45:18.950569Z, assessmentDueDate=null, maxPoints=42.0, course=CourseDTO[id=974, accuracyOfScores=1]]], submissionExerciseType=programming, isProcessing=false, buildStartDate=null, estimatedCompletionDate=null], participation=ParticipationDTO[id=1980, testRun=false, type=programming, submissionCount=null, exercise=ParticipationExerciseDTO[id=2591, exerciseType=PROGRAMMING, type=programming, assessmentType=AUTOMATIC, dueDate=2025-02-16T23:45:18.950569Z, assessmentDueDate=null, maxPoints=42.0, course=CourseDTO[id=974, accuracyOfScores=1]]], feedbacks=[], assessmentType=AUTOMATIC, hasComplaint=null, exampleResult=null, testCaseCount=0, passedTestCaseCount=0, codeIssueCount=0]], BuildJobQueueItem[id=19791739576719787, name=SHORTB2A6C58B0D447045380A858075B170A5B7C6TSTEXC-BASE, buildAgent=BuildAgentDTO[name=artemis-build-agent-test, memberAddress=[127.0.0.1]:5703, displayName=artemis-build-agent-test], participationId=1979, courseId=974, exerciseId=2591, retryCount=0, priority=2, status=FAILED, repositoryInfo=RepositoryInfo[repositoryName=shortb2a6c58b0d447045380a858075b170a5b7c6tstexc-exercise, repositoryType=exercise, triggeredByPushTo=exercise, assignmentRepositoryUri=http://localhost:49152/git/SHORTB2A6C58B0D447045380A858075B170A5B7C6TSTEXC/shortb2a6c58b0d447045380a858075b170a5b7c6tstexc-exercise.git, testRepositoryUri=http://localhost:49152/git/SHORTB2A6C58B0D447045380A858075B170A5B7C6TSTEXC/shortb2a6c58b0d447045380a858075b170a5b7c6tstexc-tests.git, solutionRepositoryUri=null, auxiliaryRepositoryUris=[Ljava.lang.String;@257ba32c, auxiliaryRepositoryCheckoutDirectories=[Ljava.lang.String;@7ea35d07], jobTimingInfo=JobTimingInfo[submissionDate=2025-02-14T23:45:19.787985058Z[Etc/UTC], buildStartDate=2025-02-14T23:45:19.796327417Z[Etc/UTC], buildCompletionDate=2025-02-14T23:45:19.799750982Z[Etc/UTC], estimatedCompletionDate=2025-02-14T23:45:38.796319082Z[Etc/UTC], estimatedDuration=19], buildConfig=BuildConfig[buildScript=#!/bin/bash
cd /var/tmp/testing-dir
chmod +x ./gradlew
./gradlew clean test
, dockerImage=dummy-docker-image:latest, commitHashToBuild=363cdbf709a9fff149f813ab848ee800a675cc77, assignmentCommitHash=363cdbf709a9fff149f813ab848ee800a675cc77, testCommitHash=a5e046ece417b2e538f21f816e2524dab61e0d10, branch=main, programmingLanguage=JAVA, projectType=PLAIN_GRADLE, scaEnabled=false, sequentialTestRunsEnabled=false, resultPaths=[/var/tmp/testing-dir/**/test-results/test/*.xml], timeoutSeconds=0, assignmentCheckoutPath=null, testCheckoutPath=null, solutionCheckoutPath=null, dockerRunConfig=null], submissionResult=ResultDTO[id=629, completionDate=2025-02-14T23:45:19.799820341Z[Etc/UTC], successful=false, score=0.0, rated=true, submission=SubmissionDTO[id=822, submitted=true, type=MANUAL, exampleSubmission=null, submissionDate=2025-02-14T23:45:19.775952Z, commitHash=363cdbf709a9fff149f813ab848ee800a675cc77, buildFailed=true, buildArtifact=false, participation=ParticipationDTO[id=1979, testRun=false, type=template, submissionCount=null, exercise=ParticipationExerciseDTO[id=2591, exerciseType=PROGRAMMING, type=programming, assessmentType=AUTOMATIC, dueDate=2025-02-16T23:45:18.950569Z, assessmentDueDate=null, maxPoints=42.0, course=CourseDTO[id=974, accuracyOfScores=1]]], submissionExerciseType=programming, isProcessing=false, buildStartDate=null, estimatedCompletionDate=null], participation=ParticipationDTO[id=1979, testRun=false, type=template, submissionCount=null, exercise=ParticipationExerciseDTO[id=2591, exerciseType=PROGRAMMING, type=programming, assessmentType=AUTOMATIC, dueDate=2025-02-16T23:45:18.950569Z, assessmentDueDate=null, maxPoints=42.0, course=CourseDTO[id=974, accuracyOfScores=1]]], feedbacks=[], assessmentType=AUTOMATIC, hasComplaint=null, exampleResult=null, testCaseCount=0, passedTestCaseCount=0, codeIssueCount=0]], BuildJobQueueItem[id=19781739576720235, name=SHORTB2A6C58B0D447045380A858075B170A5B7C6TSTEXC-SOLUTION, buildAgent=BuildAgentDTO[name=artemis-build-agent-test, memberAddress=[127.0.0.1]:5703, displayName=artemis-build-agent-test], participationId=1978, courseId=974, exerciseId=2591, retryCount=0, priority=2, status=FAILED, repositoryInfo=RepositoryInfo[repositoryName=shortb2a6c58b0d447045380a858075b170a5b7c6tstexc-solution, repositoryType=solution, triggeredByPushTo=solution, assignmentRepositoryUri=http://localhost:49152/git/SHORTB2A6C58B0D447045380A858075B170A5B7C6TSTEXC/shortb2a6c58b0d447045380a858075b170a5b7c6tstexc-solution.git, testRepositoryUri=http://localhost:49152/git/SHORTB2A6C58B0D447045380A858075B170A5B7C6TSTEXC/shortb2a6c58b0d447045380a858075b170a5b7c6tstexc-tests.git, solutionRepositoryUri=null, auxiliaryRepositoryUris=[Ljava.lang.String;@6939534c, auxiliaryRepositoryCheckoutDirectories=[Ljava.lang.String;@34b91224], jobTimingInfo=JobTimingInfo[submissionDate=2025-02-14T23:45:20.235272325Z[Etc/UTC], buildStartDate=2025-02-14T23:45:20.243033812Z[Etc/UTC], buildCompletionDate=2025-02-14T23:45:20.250721018Z[Etc/UTC], estimatedCompletionDate=2025-02-14T23:45:39.243026949Z[Etc/UTC], estimatedDuration=19], buildConfig=BuildConfig[buildScript=#!/bin/bash
cd /var/tmp/testing-dir
chmod +x ./gradlew
./gradlew clean test
, dockerImage=dummy-docker-image:latest, commitHashToBuild=c710d0e68c9c7db8cda7d1a278308de2b9642cc0, assignmentCommitHash=c710d0e68c9c7db8cda7d1a278308de2b9642cc0, testCommitHash=a5e046ece417b2e538f21f816e2524dab61e0d10, branch=main, programmingLanguage=JAVA, projectType=PLAIN_GRADLE, scaEnabled=false, sequentialTestRunsEnabled=false, resultPaths=[/var/tmp/testing-dir/**/test-results/test/*.xml], timeoutSeconds=0, assignmentCheckoutPath=null, testCheckoutPath=null, solutionCheckoutPath=null, dockerRunConfig=null], submissionResult=ResultDTO[id=630, completionDate=2025-02-14T23:45:20.250809893Z[Etc/UTC], successful=false, score=0.0, rated=true, submission=SubmissionDTO[id=823, submitted=true, type=MANUAL, exampleSubmission=null, submissionDate=2025-02-14T23:45:20.211707Z, commitHash=c710d0e68c9c7db8cda7d1a278308de2b9642cc0, buildFailed=true, buildArtifact=false, participation=ParticipationDTO[id=1978, testRun=false, type=solution, submissionCount=null, exercise=ParticipationExerciseDTO[id=2591, exerciseType=PROGRAMMING, type=programming, assessmentType=AUTOMATIC, dueDate=2025-02-16T23:45:18.950569Z, assessmentDueDate=null, maxPoints=42.0, course=CourseDTO[id=974, accuracyOfScores=1]]], submissionExerciseType=programming, isProcessing=false, buildStartDate=null, estimatedCompletionDate=null], participation=ParticipationDTO[id=1978, testRun=false, type=solution, submissionCount=null, exercise=ParticipationExerciseDTO[id=2591, exerciseType=PROGRAMMING, type=programming, assessmentType=AUTOMATIC, dueDate=2025-02-16T23:45:18.950569Z, assessmentDueDate=null, maxPoints=42.0, course=CourseDTO[id=974, accuracyOfScores=1]]], feedbacks=[], assessmentType=AUTOMATIC, hasComplaint=null, exampleResult=null, testCaseCount=0, passedTestCaseCount=0, codeIssueCount=0]], BuildJobQueueItem[id=19781739576720802, name=SHORTB2A6C58B0D447045380A858075B170A5B7C6TSTEXC-SOLUTION, buildAgent=BuildAgentDTO[name=artemis-build-agent-test, memberAddress=[127.0.0.1]:5703, displayName=artemis-build-agent-test], participationId=1978, courseId=974, exerciseId=2591, retryCount=0, priority=2, status=FAILED, repositoryInfo=RepositoryInfo[repositoryName=shortb2a6c58b0d447045380a858075b170a5b7c6tstexc-solution, repositoryType=solution, triggeredByPushTo=tests, assignmentRepositoryUri=http://localhost:49152/git/SHORTB2A6C58B0D447045380A858075B170A5B7C6TSTEXC/shortb2a6c58b0d447045380a858075b170a5b7c6tstexc-solution.git, testRepositoryUri=http://localhost:49152/git/SHORTB2A6C58B0D447045380A858075B170A5B7C6TSTEXC/shortb2a6c58b0d447045380a858075b170a5b7c6tstexc-tests.git, solutionRepositoryUri=null, auxiliaryRepositoryUris=[Ljava.lang.String;@4ca3a55c, auxiliaryRepositoryCheckoutDirectories=[Ljava.lang.String;@280c92aa], jobTimingInfo=JobTimingInfo[submissionDate=2025-02-14T23:45:20.802935026Z[Etc/UTC], buildStartDate=2025-02-14T23:45:20.809306435Z[Etc/UTC], buildCompletionDate=2025-02-14T23:45:20.822452342Z[Etc/UTC], estimatedCompletionDate=2025-02-14T23:45:39.809298491Z[Etc/UTC], estimatedDuration=19], buildConfig=BuildConfig[buildScript=#!/bin/bash
cd /var/tmp/testing-dir
chmod +x ./gradlew
./gradlew clean test
, dockerImage=dummy-docker-image:latest, commitHashToBuild=c710d0e68c9c7db8cda7d1a278308de2b9642cc0, assignmentCommitHash=c710d0e68c9c7db8cda7d1a278308de2b9642cc0, testCommitHash=c710d0e68c9c7db8cda7d1a278308de2b9642cc0, branch=main, programmingLanguage=JAVA, projectType=PLAIN_GRADLE, scaEnabled=false, sequentialTestRunsEnabled=false, resultPaths=[/var/tmp/testing-dir/**/test-results/test/*.xml], timeoutSeconds=0, assignmentCheckoutPath=null, testCheckoutPath=null, solutionCheckoutPath=null, dockerRunConfig=null], submissionResult=ResultDTO[id=631, completionDate=2025-02-14T23:45:20.822527362Z[Etc/UTC], successful=false, score=0.0, rated=true, submission=SubmissionDTO[id=824, submitted=true, type=TEST, exampleSubmission=null, submissionDate=2025-02-14T23:45:20.791240Z, commitHash=c710d0e68c9c7db8cda7d1a278308de2b9642cc0, buildFailed=true, buildArtifact=false, participation=ParticipationDTO[id=1978, testRun=false, type=solution, submissionCount=null, exercise=ParticipationExerciseDTO[id=2591, exerciseType=PROGRAMMING, type=programming, assessmentType=AUTOMATIC, dueDate=2025-02-16T23:45:18.950569Z, assessmentDueDate=null, maxPoints=42.0, course=CourseDTO[id=974, accuracyOfScores=1]]], submissionExerciseType=programming, isProcessing=false, buildStartDate=null, estimatedCompletionDate=null], participation=ParticipationDTO[id=1978, testRun=false, type=solution, submissionCount=null, exercise=ParticipationExerciseDTO[id=2591, exerciseType=PROGRAMMING, type=programming, assessmentType=AUTOMATIC, dueDate=2025-02-16T23:45:18.950569Z, assessmentDueDate=null, maxPoints=42.0, course=CourseDTO[id=974, accuracyOfScores=1]]], feedbacks=[], assessmentType=AUTOMATIC, hasComplaint=null, exampleResult=null, testCaseCount=0, passedTestCaseCount=0, codeIssueCount=0]], BuildJobQueueItem[id=20061739576732554, name=SHORT94A899E303D7504C5D0840704DAAFA3DFF4DTSTEXC-LOCALVCCIINTINSTRUCTOR1, buildAgent=BuildAgentDTO[name=artemis-build-agent-test, memberAddress=[127.0.0.1]:5703, displayName=artemis-build-agent-test], participationId=2006, courseId=984, exerciseId=2601, retryCount=0, priority=2, status=SUCCESSFUL, repositoryInfo=RepositoryInfo[repositoryName=short94a899e303d7504c5d0840704daafa3dff4dtstexc-localvcciintinstructor1, repositoryType=user, triggeredByPushTo=user, assignmentRepositoryUri=http://localhost:49152/git/SHORT94A899E303D7504C5D0840704DAAFA3DFF4DTSTEXC/short94a899e303d7504c5d0840704daafa3dff4dtstexc-localvcciintinstructor1.git, testRepositoryUri=http://localhost:49152/git/SHORT94A899E303D7504C5D0840704DAAFA3DFF4DTSTEXC/short94a899e303d7504c5d0840704daafa3dff4dtstexc-tests.git, solutionRepositoryUri=null, auxiliaryRepositoryUris=[Ljava.lang.String;@b8c07d4, auxiliaryRepositoryCheckoutDirectories=[Ljava.lang.String;@77d81cb3], jobTimingInfo=JobTimingInfo[submissionDate=2025-02-14T23:45:32.554795798Z[Etc/UTC], buildStartDate=2025-02-14T23:45:32.567287465Z[Etc/UTC], buildCompletionDate=2025-02-14T23:45:34.535226768Z[Etc/UTC], estimatedCompletionDate=2025-02-14T23:45:51.567257960Z[Etc/UTC], estimatedDuration=19], buildConfig=BuildConfig[buildScript=#!/bin/bash
cd /var/tmp/testing-dir
chmod +x ./gradlew
./gradlew clean test
, dockerImage=dummy-docker-image:latest, commitHashToBuild=ca2dbc0ae87edf7035058a6a17c0ea60e90a290f, assignmentCommitHash=ca2dbc0ae87edf7035058a6a17c0ea60e90a290f, testCommitHash=0207f6f98af5fbb66ad68455f3fc3cf128af8ae9, branch=main, programmingLanguage=JAVA, projectType=PLAIN_GRADLE, scaEnabled=false, sequentialTestRunsEnabled=false, resultPaths=[/var/tmp/testing-dir/**/test-results/test/*.xml], timeoutSeconds=0, assignmentCheckoutPath=null, testCheckoutPath=null, solutionCheckoutPath=null, dockerRunConfig=null], submissionResult=ResultDTO[id=632, completionDate=2025-02-14T23:45:34.504415716Z[Etc/UTC], successful=false, score=7.7, rated=false, submission=SubmissionDTO[id=826, submitted=true, type=MANUAL, exampleSubmission=null, submissionDate=2025-02-14T23:45:32.541533Z, commitHash=ca2dbc0ae87edf7035058a6a17c0ea60e90a290f, buildFailed=false, buildArtifact=false, participation=ParticipationDTO[id=2006, testRun=true, type=programming, submissionCount=null, exercise=ParticipationExerciseDTO[id=2601, exerciseType=PROGRAMMING, type=programming, assessmentType=AUTOMATIC, dueDate=2025-02-16T23:45:31.864042Z, assessmentDueDate=null, maxPoints=42.0, course=CourseDTO[id=984, accuracyOfScores=1]]], submissionExerciseType=programming, isProcessing=false, buildStartDate=null, estimatedCompletionDate=null], participation=ParticipationDTO[id=2006, testRun=true, type=programming, submissionCount=null, exercise=ParticipationExerciseDTO[id=2601, exerciseType=PROGRAMMING, type=programming, assessmentType=AUTOMATIC, dueDate=2025-02-16T23:45:31.864042Z, assessmentDueDate=null, maxPoints=42.0, course=CourseDTO[id=984, accuracyOfScores=1]]], feedbacks=[FeedbackDTO[id=920, text=null, detailText=The exercise expects a class with the name Context in the package testpackage. You did not implement the class in the exercise., hasLongFeedbackText=false, reference=null, credits=0.0, positive=false, type=AUTOMATIC, visibility=ALWAYS, testCase=TestCaseDTO[testName=null, id=1357]], FeedbackDTO[id=921, text=null, detailText=The exercise expects a class with the name Policy in the package testpackage. You did not implement the class in the exercise., hasLongFeedbackText=false, reference=null, credits=0.0, positive=false, type=AUTOMATIC, visibility=ALWAYS, testCase=TestCaseDTO[testName=null, id=1358]], FeedbackDTO[id=922, text=null, detailText=The exercise expects a class with the name SortStrategy in the package testpackage. You did not implement the class in the exercise., hasLongFeedbackText=false, reference=null, credits=0.0, positive=false, type=AUTOMATIC, visibility=ALWAYS, testCase=TestCaseDTO[testName=null, id=1359]], FeedbackDTO[id=923, text=null, detailText=The class 'MergeSort' does not implement the interface 'SortStrategy' as expected. Implement the interface and its methods., hasLongFeedbackText=false, reference=null, credits=0.0, positive=false, type=AUTOMATIC, visibility=ALWAYS, testCase=TestCaseDTO[testName=null, id=1354]], FeedbackDTO[id=924, text=null, detailText=The exercise expects a class with the name SortStrategy in the package testpackage. You did not implement the class in the exercise., hasLongFeedbackText=false, reference=null, credits=0.0, positive=false, type=AUTOMATIC, visibility=ALWAYS, testCase=TestCaseDTO[testName=null, id=1351]], FeedbackDTO[id=925, text=null, detailText=The class 'BubbleSort' does not implement the interface 'SortStrategy' as expected. Implement the interface and its methods., hasLongFeedbackText=false, reference=null, credits=0.0, positive=false, type=AUTOMATIC, visibility=ALWAYS, testCase=TestCaseDTO[testName=null, id=1355]], FeedbackDTO[id=926, text=null, detailText=MergeSort does not sort correctly, hasLongFeedbackText=false, reference=null, credits=0.0, positive=false, type=AUTOMATIC, visibility=ALWAYS, testCase=TestCaseDTO[testName=null, id=1360]], FeedbackDTO[id=927, text=null, detailText=The class 'Context' was not found within the submission. Make sure to implement it properly., hasLongFeedbackText=false, reference=null, credits=0.0, positive=false, type=AUTOMATIC, visibility=ALWAYS, testCase=TestCaseDTO[testName=null, id=1361]], FeedbackDTO[id=928, text=null, detailText=The class 'Context' was not found within the submission. Make sure to implement it properly., hasLongFeedbackText=false, reference=null, credits=0.0, positive=false, type=AUTOMATIC, visibility=ALWAYS, testCase=TestCaseDTO[testName=null, id=1362]], FeedbackDTO[id=929, text=null, detailText=The exercise expects a class with the name Policy in the package testpackage. You did not implement the class in the exercise., hasLongFeedbackText=false, reference=null, credits=0.0, positive=false, type=AUTOMATIC, visibility=ALWAYS, testCase=TestCaseDTO[testName=null, id=1356]], FeedbackDTO[id=930, text=null, detailText=The exercise expects a class with the name Context in the package testpackage. You did not implement the class in the exercise., hasLongFeedbackText=false, reference=null, credits=0.0, positive=false, type=AUTOMATIC, visibility=ALWAYS, testCase=TestCaseDTO[testName=null, id=1352]], FeedbackDTO[id=931, text=null, detailText=The exercise expects a class with the name Policy in the package testpackage. You did not implement the class in the exercise., hasLongFeedbackText=false, reference=null, credits=0.0, positive=false, type=AUTOMATIC, visibility=ALWAYS, testCase=TestCaseDTO[testName=null, id=1353]], FeedbackDTO[id=932, text=null, detailText=null, hasLongFeedbackText=false, reference=null, credits=3.230769230769231, positive=true, type=AUTOMATIC, visibility=ALWAYS, testCase=TestCaseDTO[testName=null, id=1363]]], assessmentType=AUTOMATIC, hasComplaint=null, exampleResult=null, testCaseCount=13, passedTestCaseCount=1, codeIssueCount=0]], BuildJobQueueItem[id=20111739576737317, name=SHORTD49A6DAE04F9E049850BD5601663FD17A5B7TSTEXC-BASE, buildAgent=BuildAgentDTO[name=artemis-build-agent-test, memberAddress=[127.0.0.1]:5703, displayName=artemis-build-agent-test], participationId=2011, courseId=986, exerciseId=2603, retryCount=0, priority=2, status=SUCCESSFUL, repositoryInfo=RepositoryInfo[repositoryName=shortd49a6dae04f9e049850bd5601663fd17a5b7tstexc-exercise, repositoryType=exercise, triggeredByPushTo=exercise, assignmentRepositoryUri=http://localhost:49152/git/SHORTD49A6DAE04F9E049850BD5601663FD17A5B7TSTEXC/shortd49a6dae04f9e049850bd5601663fd17a5b7tstexc-exercise.git, testRepositoryUri=http://localhost:49152/git/SHORTD49A6DAE04F9E049850BD5601663FD17A5B7TSTEXC/shortd49a6dae04f9e049850bd5601663fd17a5b7tstexc-tests.git, solutionRepositoryUri=null, auxiliaryRepositoryUris=[Ljava.lang.String;@2680de51, auxiliaryRepositoryCheckoutDirectories=[Ljava.lang.String;@6a5591e9], jobTimingInfo=JobTimingInfo[submissionDate=2025-02-14T23:45:37.317968648Z[Etc/UTC], buildStartDate=2025-02-14T23:45:37.324534774Z[Etc/UTC], buildCompletionDate=2025-02-14T23:45:38.527225461Z[Etc/UTC], estimatedCompletionDate=2025-02-14T23:45:56.324506331Z[Etc/UTC], estimatedDuration=19], buildConfig=BuildConfig[buildScript=#!/bin/bash
cd /var/tmp/testing-dir
chmod +x ./gradlew
./gradlew clean test
, dockerImage=dummy-docker-image:latest, commitHashToBuild=c795243c185829bbefa399f45dcbcfac22311b2f, assignmentCommitHash=c795243c185829bbefa399f45dcbcfac22311b2f, testCommitHash=fa8b162170bf767d852e05e0eb7a128efa2e1f34, branch=main, programmingLanguage=JAVA, projectType=PLAIN_GRADLE, scaEnabled=false, sequentialTestRunsEnabled=false, resultPaths=[/var/tmp/testing-dir/**/test-results/test/*.xml], timeoutSeconds=0, assignmentCheckoutPath=null, testCheckoutPath=null, solutionCheckoutPath=null, dockerRunConfig=null], submissionResult=ResultDTO[id=633, completionDate=2025-02-14T23:45:38.476795726Z[Etc/UTC], successful=false, score=0.0, rated=true, submission=SubmissionDTO[id=827, submitted=true, type=MANUAL, exampleSubmission=null, submissionDate=2025-02-14T23:45:37.303401Z, commitHash=c795243c185829bbefa399f45dcbcfac22311b2f, buildFailed=false, buildArtifact=false, participation=ParticipationDTO[id=2011, testRun=false, type=template, submissionCount=null, exercise=ParticipationExerciseDTO[id=2603, exerciseType=PROGRAMMING, type=programming, assessmentType=AUTOMATIC, dueDate=2025-02-16T23:45:36.830269Z, assessmentDueDate=null, maxPoints=42.0, course=CourseDTO[id=986, accuracyOfScores=1]]], submissionExerciseType=programming, isProcessing=false, buildStartDate=null, estimatedCompletionDate=null], participation=ParticipationDTO[id=2011, testRun=false, type=template, submissionCount=null, exercise=ParticipationExerciseDTO[id=2603, exerciseType=PROGRAMMING, type=programming, assessmentType=AUTOMATIC, dueDate=2025-02-16T23:45:36.830269Z, assessmentDueDate=null, maxPoints=42.0, course=CourseDTO[id=986, accuracyOfScores=1]]], feedbacks=[FeedbackDTO[id=933, text=null, detailText=The exercise expects a class with the name Context in the package testpackage. You did not implement the class in the exercise., hasLongFeedbackText=false, reference=null, credits=0.0, positive=false, type=AUTOMATIC, visibility=ALWAYS, testCase=TestCaseDTO[testName=testMethods[Context], id=1383]], FeedbackDTO[id=934, text=null, detailText=The exercise expects a class with the name Policy in the package testpackage. You did not implement the class in the exercise., hasLongFeedbackText=false, reference=null, credits=0.0, positive=false, type=AUTOMATIC, visibility=ALWAYS, testCase=TestCaseDTO[testName=testMethods[Policy], id=1384]], FeedbackDTO[id=935, text=null, detailText=The exercise expects a class with the name SortStrategy in the package testpackage. You did not implement the class in the exercise., hasLongFeedbackText=false, reference=null, credits=0.0, positive=false, type=AUTOMATIC, visibility=ALWAYS, testCase=TestCaseDTO[testName=testMethods[SortStrategy], id=1385]], FeedbackDTO[id=936, text=null, detailText=The class 'MergeSort' does not implement the interface 'SortStrategy' as expected. Implement the interface and its methods., hasLongFeedbackText=false, reference=null, credits=0.0, positive=false, type=AUTOMATIC, visibility=ALWAYS, testCase=TestCaseDTO[testName=testClass[MergeSort], id=1380]], FeedbackDTO[id=937, text=null, detailText=The exercise expects a class with the name SortStrategy in the package testpackage. You did not implement the class in the exercise., hasLongFeedbackText=false, reference=null, credits=0.0, positive=false, type=AUTOMATIC, visibility=ALWAYS, testCase=TestCaseDTO[testName=testClass[SortStrategy], id=1377]], FeedbackDTO[id=938, text=null, detailText=The class 'BubbleSort' does not implement the interface 'SortStrategy' as expected. Implement the interface and its methods., hasLongFeedbackText=false, reference=null, credits=0.0, positive=false, type=AUTOMATIC, visibility=ALWAYS, testCase=TestCaseDTO[testName=testClass[BubbleSort], id=1381]], FeedbackDTO[id=939, text=null, detailText=MergeSort does not sort correctly, hasLongFeedbackText=false, reference=null, credits=0.0, positive=false, type=AUTOMATIC, visibility=ALWAYS, testCase=TestCaseDTO[testName=testMergeSort(), id=1386]], FeedbackDTO[id=940, text=null, detailText=The class 'Context' was not found within the submission. Make sure to implement it properly., hasLongFeedbackText=false, reference=null, credits=0.0, positive=false, type=AUTOMATIC, visibility=ALWAYS, testCase=TestCaseDTO[testName=testUseBubbleSortForSmallList(), id=1387]], FeedbackDTO[id=941, text=null, detailText=BubbleSort does not sort correctly, hasLongFeedbackText=false, reference=null, credits=0.0, positive=false, type=AUTOMATIC, visibility=ALWAYS, testCase=TestCaseDTO[testName=testBubbleSort(), id=1389]], FeedbackDTO[id=942, text=null, detailText=The class 'Context' was not found within the submission. Make sure to implement it properly., hasLongFeedbackText=false, reference=null, credits=0.0, positive=false, type=AUTOMATIC, visibility=ALWAYS, testCase=TestCaseDTO[testName=testUseMergeSortForBigList(), id=1388]], FeedbackDTO[id=943, text=null, detailText=The exercise expects a class with the name Policy in the package testpackage. You did not implement the class in the exercise., hasLongFeedbackText=false, reference=null, credits=0.0, positive=false, type=AUTOMATIC, visibility=ALWAYS, testCase=TestCaseDTO[testName=testConstructors[Policy], id=1382]], FeedbackDTO[id=944, text=null, detailText=The exercise expects a class with the name Context in the package testpackage. You did not implement the class in the exercise., hasLongFeedbackText=false, reference=null, credits=0.0, positive=false, type=AUTOMATIC, visibility=ALWAYS, testCase=TestCaseDTO[testName=testAttributes[Context], id=1378]], FeedbackDTO[id=945, text=null, detailText=The exercise expects a class with the name Policy in the package testpackage. You did not implement the class in the exercise., hasLongFeedbackText=false, reference=null, credits=0.0, positive=false, type=AUTOMATIC, visibility=ALWAYS, testCase=TestCaseDTO[testName=testAttributes[Policy], id=1379]]], assessmentType=AUTOMATIC, hasComplaint=null, exampleResult=null, testCaseCount=13, passedTestCaseCount=0, codeIssueCount=0]], BuildJobQueueItem[id=20171739576740018, name=SHORT7914AFA00ADC3047140B99D01AC07810CE44TSTEXC-LOCALVCCIINTSTUDENT1, buildAgent=BuildAgentDTO[name=artemis-build-agent-test, memberAddress=[127.0.0.1]:5703, displayName=artemis-build-agent-test], participationId=2017, courseId=988, exerciseId=2605, retryCount=0, priority=2, status=SUCCESSFUL, repositoryInfo=RepositoryInfo[repositoryName=short7914afa00adc3047140b99d01ac07810ce44tstexc-practice-localvcciintstudent1, repositoryType=user, triggeredByPushTo=user, assignmentRepositoryUri=http://localhost:49152/git/SHORT7914AFA00ADC3047140B99D01AC07810CE44TSTEXC/short7914afa00adc3047140b99d01ac07810ce44tstexc-practice-localvcciintstudent1.git, testRepositoryUri=http://localhost:49152/git/SHORT7914AFA00ADC3047140B99D01AC07810CE44TSTEXC/short7914afa00adc3047140b99d01ac07810ce44tstexc-tests.git, solutionRepositoryUri=null, auxiliaryRepositoryUris=[Ljava.lang.String;@18c99d0, auxiliaryRepositoryCheckoutDirectories=[Ljava.lang.String;@360630d6], jobTimingInfo=JobTimingInfo[submissionDate=2025-02-14T23:45:40.018961253Z[Etc/UTC], buildStartDate=2025-02-14T23:45:40.029742701Z[Etc/UTC], buildCompletionDate=2025-02-14T23:45:41.150208242Z[Etc/UTC], estimatedCompletionDate=2025-02-14T23:45:59.029734065Z[Etc/UTC], estimatedDuration=19], buildConfig=BuildConfig[buildScript=#!/bin/bash
cd /var/tmp/testing-dir
chmod +x ./gradlew
./gradlew clean test
, dockerImage=dummy-docker-image:latest, commitHashToBuild=d80b57877989b971e83ccdb4863c8a7023c76266, assignmentCommitHash=d80b57877989b971e83ccdb4863c8a7023c76266, testCommitHash=327b116890c92b1312314341f43f21ef13ecf7d7, branch=main, programmingLanguage=JAVA, projectType=PLAIN_GRADLE, scaEnabled=false, sequentialTestRunsEnabled=false, resultPaths=[/var/tmp/testing-dir/**/test-results/test/*.xml], timeoutSeconds=0, assignmentCheckoutPath=null, testCheckoutPath=null, solutionCheckoutPath=null, dockerRunConfig=null], submissionResult=ResultDTO[id=634, completionDate=2025-02-14T23:45:41.120192603Z[Etc/UTC], successful=false, score=7.7, rated=false, submission=SubmissionDTO[id=828, submitted=true, type=MANUAL, exampleSubmission=null, submissionDate=2025-02-14T23:45:40.008666Z, commitHash=d80b57877989b971e83ccdb4863c8a7023c76266, buildFailed=false, buildArtifact=false, participation=ParticipationDTO[id=2017, testRun=true, type=programming, submissionCount=null, exercise=ParticipationExerciseDTO[id=2605, exerciseType=PROGRAMMING, type=programming, assessmentType=AUTOMATIC, dueDate=2025-02-16T23:45:39.523500Z, assessmentDueDate=null, maxPoints=42.0, course=CourseDTO[id=988, accuracyOfScores=1]]], submissionExerciseType=programming, isProcessing=false, buildStartDate=null, estimatedCompletionDate=null], participation=ParticipationDTO[id=2017, testRun=true, type=programming, submissionCount=null, exercise=ParticipationExerciseDTO[id=2605, exerciseType=PROGRAMMING, type=programming, assessmentType=AUTOMATIC, dueDate=2025-02-16T23:45:39.523500Z, assessmentDueDate=null, maxPoints=42.0, course=CourseDTO[id=988, accuracyOfScores=1]]], feedbacks=[FeedbackDTO[id=946, text=null, detailText=The exercise expects a class with the name Context in the package testpackage. You did not implement the class in the exercise., hasLongFeedbackText=false, reference=null, credits=0.0, positive=false, type=AUTOMATIC, visibility=ALWAYS, testCase=TestCaseDTO[testName=null, id=1409]], FeedbackDTO[id=947, text=null, detailText=The exercise expects a class with the name Policy in the package testpackage. You did not implement the class in the exercise., hasLongFeedbackText=false, reference=null, credits=0.0, positive=false, type=AUTOMATIC, visibility=ALWAYS, testCase=TestCaseDTO[testName=null, id=1410]], FeedbackDTO[id=948, text=null, detailText=The exercise expects a class with the name SortStrategy in the package testpackage. You did not implement the class in the exercise., hasLongFeedbackText=false, reference=null, credits=0.0, positive=false, type=AUTOMATIC, visibility=ALWAYS, testCase=TestCaseDTO[testName=null, id=1411]], FeedbackDTO[id=949, text=null, detailText=The class 'MergeSort' does not implement the interface 'SortStrategy' as expected. Implement the interface and its methods., hasLongFeedbackText=false, reference=null, credits=0.0, positive=false, type=AUTOMATIC, visibility=ALWAYS, testCase=TestCaseDTO[testName=null, id=1406]], FeedbackDTO[id=950, text=null, detailText=The exercise expects a class with the name SortStrategy in the package testpackage. You did not implement the class in the exercise., hasLongFeedbackText=false, reference=null, credits=0.0, positive=false, type=AUTOMATIC, visibility=ALWAYS, testCase=TestCaseDTO[testName=null, id=1403]], FeedbackDTO[id=951, text=null, detailText=The class 'BubbleSort' does not implement the interface 'SortStrategy' as expected. Implement the interface and its methods., hasLongFeedbackText=false, reference=null, credits=0.0, positive=false, type=AUTOMATIC, visibility=ALWAYS, testCase=TestCaseDTO[testName=null, id=1407]], FeedbackDTO[id=952, text=null, detailText=MergeSort does not sort correctly, hasLongFeedbackText=false, reference=null, credits=0.0, positive=false, type=AUTOMATIC, visibility=ALWAYS, testCase=TestCaseDTO[testName=null, id=1412]], FeedbackDTO[id=953, text=null, detailText=The class 'Context' was not found within the submission. Make sure to implement it properly., hasLongFeedbackText=false, reference=null, credits=0.0, positive=false, type=AUTOMATIC, visibility=ALWAYS, testCase=TestCaseDTO[testName=null, id=1413]], FeedbackDTO[id=954, text=null, detailText=The class 'Context' was not found within the submission. Make sure to implement it properly., hasLongFeedbackText=false, reference=null, credits=0.0, positive=false, type=AUTOMATIC, visibility=ALWAYS, testCase=TestCaseDTO[testName=null, id=1414]], FeedbackDTO[id=955, text=null, detailText=The exercise expects a class with the name Policy in the package testpackage. You did not implement the class in the exercise., hasLongFeedbackText=false, reference=null, credits=0.0, positive=false, type=AUTOMATIC, visibility=ALWAYS, testCase=TestCaseDTO[testName=null, id=1408]], FeedbackDTO[id=956, text=null, detailText=The exercise expects a class with the name Context in the package testpackage. You did not implement the class in the exercise., hasLongFeedbackText=false, reference=null, credits=0.0, positive=false, type=AUTOMATIC, visibility=ALWAYS, testCase=TestCaseDTO[testName=null, id=1404]], FeedbackDTO[id=957, text=null, detailText=The exercise expects a class with the name Policy in the package testpackage. You did not implement the class in the exercise., hasLongFeedbackText=false, reference=null, credits=0.0, positive=false, type=AUTOMATIC, visibility=ALWAYS, testCase=TestCaseDTO[testName=null, id=1405]], FeedbackDTO[id=958, text=null, detailText=null, hasLongFeedbackText=false, reference=null, credits=3.230769230769231, positive=true, type=AUTOMATIC, visibility=ALWAYS, testCase=TestCaseDTO[testName=null, id=1415]]], assessmentType=AUTOMATIC, hasComplaint=null, exampleResult=null, testCaseCount=13, passedTestCaseCount=1, codeIssueCount=0]], BuildJobQueueItem[id=20261739576743984, name=SHORT53C73BE505404043100AC2F00C039353CE8FTSTEXC-LOCALVCCIINTSTUDENT1, buildAgent=BuildAgentDTO[name=artemis-build-agent-test, memberAddress=[127.0.0.1]:5703, displayName=artemis-build-agent-test], participationId=2026, courseId=991, exerciseId=2608, retryCount=0, priority=1, status=SUCCESSFUL, repositoryInfo=RepositoryInfo[repositoryName=short53c73be505404043100ac2f00c039353ce8ftstexc-localvcciintstudent1, repositoryType=user, triggeredByPushTo=user, assignmentRepositoryUri=http://localhost:49152/git/SHORT53C73BE505404043100AC2F00C039353CE8FTSTEXC/short53c73be505404043100ac2f00c039353ce8ftstexc-localvcciintstudent1.git, testRepositoryUri=http://localhost:49152/git/SHORT53C73BE505404043100AC2F00C039353CE8FTSTEXC/short53c73be505404043100ac2f00c039353ce8ftstexc-tests.git, solutionRepositoryUri=null, auxiliaryRepositoryUris=[Ljava.lang.String;@16d41211, auxiliaryRepositoryCheckoutDirectories=[Ljava.lang.String;@504803fb], jobTimingInfo=JobTimingInfo[submissionDate=2025-02-14T23:45:43.984518859Z[Etc/UTC], buildStartDate=2025-02-14T23:45:43.991385682Z[Etc/UTC], buildCompletionDate=2025-02-14T23:45:44.982059928Z[Etc/UTC], estimatedCompletionDate=2025-02-14T23:46:02.991380122Z[Etc/UTC], estimatedDuration=19], buildConfig=BuildConfig[buildScript=#!/bin/bash
cd /var/tmp/testing-dir
chmod +x ./gradlew
./gradlew clean test
, dockerImage=dummy-docker-image:latest, commitHashToBuild=3e90ae9fef2e44ffb41451a080bdaa6a44ad6848, assignmentCommitHash=3e90ae9fef2e44ffb41451a080bdaa6a44ad6848, testCommitHash=0582754c87aae13e640312855ce7dbe490ecb50c, branch=main, programmingLanguage=JAVA, projectType=PLAIN_GRADLE, scaEnabled=false, sequentialTestRunsEnabled=false, resultPaths=[/var/tmp/testing-dir/**/test-results/test/*.xml], timeoutSeconds=0, assignmentCheckoutPath=null, testCheckoutPath=null, solutionCheckoutPath=null, dockerRunConfig=null], submissionResult=ResultDTO[id=635, completionDate=2025-02-14T23:45:44.961313737Z[Etc/UTC], successful=false, score=7.7, rated=true, submission=SubmissionDTO[id=829, submitted=true, type=MANUAL, exampleSubmission=null, submissionDate=2025-02-14T23:45:43.967766Z, commitHash=3e90ae9fef2e44ffb41451a080bdaa6a44ad6848, buildFailed=false, buildArtifact=false, participation=ParticipationDTO[id=2026, testRun=false, type=programming, submissionCount=null, exercise=ParticipationExerciseDTO[id=2608, exerciseType=PROGRAMMING, type=programming, assessmentType=AUTOMATIC, dueDate=2025-02-16T23:45:43.597978Z, assessmentDueDate=null, maxPoints=42.0, course=CourseDTO[id=991, accuracyOfScores=1]]], submissionExerciseType=programming, isProcessing=false, buildStartDate=null, estimatedCompletionDate=null], participation=ParticipationDTO[id=2026, testRun=false, type=programming, submissionCount=null, exercise=ParticipationExerciseDTO[id=2608, exerciseType=PROGRAMMING, type=programming, assessmentType=AUTOMATIC, dueDate=2025-02-16T23:45:43.597978Z, assessmentDueDate=null, maxPoints=42.0, course=CourseDTO[id=991, accuracyOfScores=1]]], feedbacks=[FeedbackDTO[id=959, text=null, detailText=The exercise expects a class with the name Context in the package testpackage. You did not implement the class in the exercise., hasLongFeedbackText=false, reference=null, credits=0.0, positive=false, type=AUTOMATIC, visibility=ALWAYS, testCase=TestCaseDTO[testName=null, id=1448]], FeedbackDTO[id=960, text=null, detailText=The exercise expects a class with the name Policy in the package testpackage. You did not implement the class in the exercise., hasLongFeedbackText=false, reference=null, credits=0.0, positive=false, type=AUTOMATIC, visibility=ALWAYS, testCase=TestCaseDTO[testName=null, id=1449]], FeedbackDTO[id=961, text=null, detailText=The exercise expects a class with the name SortStrategy in the package testpackage. You did not implement the class in the exercise., hasLongFeedbackText=false, reference=null, credits=0.0, positive=false, type=AUTOMATIC, visibility=ALWAYS, testCase=TestCaseDTO[testName=null, id=1450]], FeedbackDTO[id=962, text=null, detailText=The class 'MergeSort' does not implement the interface 'SortStrategy' as expected. Implement the interface and its methods., hasLongFeedbackText=false, reference=null, credits=0.0, positive=false, type=AUTOMATIC, visibility=ALWAYS, testCase=TestCaseDTO[testName=null, id=1445]], FeedbackDTO[id=963, text=null, detailText=The exercise expects a class with the name SortStrategy in the package testpackage. You did not implement the class in the exercise., hasLongFeedbackText=false, reference=null, credits=0.0, positive=false, type=AUTOMATIC, visibility=ALWAYS, testCase=TestCaseDTO[testName=null, id=1442]], FeedbackDTO[id=964, text=null, detailText=The class 'BubbleSort' does not implement the interface 'SortStrategy' as expected. Implement the interface and its methods., hasLongFeedbackText=false, reference=null, credits=0.0, positive=false, type=AUTOMATIC, visibility=ALWAYS, testCase=TestCaseDTO[testName=null, id=1446]], FeedbackDTO[id=965, text=null, detailText=MergeSort does not sort correctly, hasLongFeedbackText=false, reference=null, credits=0.0, positive=false, type=AUTOMATIC, visibility=ALWAYS, testCase=TestCaseDTO[testName=null, id=1451]], FeedbackDTO[id=966, text=null, detailText=The class 'Context' was not found within the submission. Make sure to implement it properly., hasLongFeedbackText=false, reference=null, credits=0.0, positive=false, type=AUTOMATIC, visibility=ALWAYS, testCase=TestCaseDTO[testName=null, id=1452]], FeedbackDTO[id=967, text=null, detailText=The class 'Context' was not found within the submission. Make sure to implement it properly., hasLongFeedbackText=false, reference=null, credits=0.0, positive=false, type=AUTOMATIC, visibility=ALWAYS, testCase=TestCaseDTO[testName=null, id=1453]], FeedbackDTO[id=968, text=null, detailText=The exercise expects a class with the name Policy in the package testpackage. You did not implement the class in the exercise., hasLongFeedbackText=false, reference=null, credits=0.0, positive=false, type=AUTOMATIC, visibility=ALWAYS, testCase=TestCaseDTO[testName=null, id=1447]], FeedbackDTO[id=969, text=null, detailText=The exercise expects a class with the name Context in the package testpackage. You did not implement the class in the exercise., hasLongFeedbackText=false, reference=null, credits=0.0, positive=false, type=AUTOMATIC, visibility=ALWAYS, testCase=TestCaseDTO[testName=null, id=1443]], FeedbackDTO[id=970, text=null, detailText=The exercise expects a class with the name Policy in the package testpackage. You did not implement the class in the exercise., hasLongFeedbackText=false, reference=null, credits=0.0, positive=false, type=AUTOMATIC, visibility=ALWAYS, testCase=TestCaseDTO[testName=null, id=1444]], FeedbackDTO[id=971, text=null, detailText=null, hasLongFeedbackText=false, reference=null, credits=3.230769230769231, positive=true, type=AUTOMATIC, visibility=ALWAYS, testCase=TestCaseDTO[testName=null, id=1454]]], assessmentType=AUTOMATIC, hasComplaint=null, exampleResult=null, testCaseCount=13, passedTestCaseCount=1, codeIssueCount=0]]], publicSshKey=ssh-rsa AAAAB3NzaC1yc2EAAAADAQABAAACAQCOPdMsxRE2jFJ/UEa5/LsBxtwzJcrh3/rYBCQvcMeVpiRfhzQPWu7mrt/G2Ew+i+vRloGH9aqKg6dd1liRncao53Zmd/ePxoatXePNhmzTfkCkcSkTUz7B+QMjkoDDV5jwuFPD6mF3JkhuzSi64n9Zy905t4w2IhVcjM2mL3eYNjiCXt6Qpq3Pkt7dM/Ksw1nxnvuiIALuJLB3FTkXkHqq3PJav+9HSq2r6ZaWgekneaGxlQlb+U+Vy3XOuArKAzK8c8i+0bR+AHiTG6ncYXt7ax3U+TdlDTF7OLP3umwaYjs1NBXOHwG42pevvpKn2fqavZZozk+M05jXLx3bq0O7itxfErWc7etky8qYPyyIMF/txQIVLd78+Ze4d7Y60t5MGbXM5cGE6fFif5fEJwgswXD+BrG0cafz1CTatjSKFdvp8Vp4VszXhHDan1PrP6JEFJ5Cc5GDmLRZPCFa3vL9f5qXgf4bkqKN8MYeEujwJE5nMRWoiJVNakix2bcrrneQMBlnYeYZVWXXXUusAQBzl4NgddC1umZpihZkL1b1MffZAUW3EGEXi7KHnllQhkTLLsQ8ntMgbylqaJKStqaXlLvdeRJcEnUuiFCrHEVVbXRFZR7XVDZ02CE5o3MuaRPty8Kh+jRTF3COlAckHwYEJCNNJvXFgb2CNXL4mjzYDw== test@localhost]
    23:45:45.170 | 372 ool-1-worker-136 | DEBUG | d.t.c.a.a.c.u.util.UserUtilService   : 2 students generated. Generate 1 tutors...
    23:45:45.172 | 566 localvc.event-13 | DEBUG | s.l.LocalCIWebsocketMessagingService : Sending message on topic /topic/admin/build-agents: [BuildAgentInformation[buildAgent=BuildAgentDTO[name=artemis-build-agent-test, memberAddress=[127.0.0.1]:5703, displayName=artemis-build-agent-test], maxNumberOfConcurrentBuildJobs=1, numberOfCurrentBuildJobs=0, runningBuildJobs=[], status=IDLE, recentBuildJobs=null, publicSshKey=null]]
    23:45:45.173 | 372 ool-1-worker-136 | DEBUG | d.t.c.a.a.c.u.util.UserUtilService   : 1 tutors generated. Generate 1 editors...
    23:45:45.173 | 566 localvc.event-13 | DEBUG | s.l.LocalCIWebsocketMessagingService : Sending message on topic /topic/admin/build-agent/artemis-build-agent-test: BuildAgentInformation[buildAgent=BuildAgentDTO[name=artemis-build-agent-test, memberAddress=[127.0.0.1]:5703, displayName=artemis-build-agent-test], maxNumberOfConcurrentBuildJobs=1, numberOfCurrentBuildJobs=0, runningBuildJobs=[], status=IDLE, recentBuildJobs=[BuildJobQueueItem[id=19141739576708030, name=SHORT5F02A8F400311042E70858306EB148073CFDTSTEXC-LOCALVCINTSTUDENT1, buildAgent=BuildAgentDTO[name=artemis-build-agent-test, memberAddress=[127.0.0.1]:5703, displayName=artemis-build-agent-test], participationId=1914, courseId=947, exerciseId=2564, retryCount=0, priority=2, status=FAILED, repositoryInfo=RepositoryInfo[repositoryName=short5f02a8f400311042e70858306eb148073cfdtstexc-localvcintstudent1, repositoryType=user, triggeredByPushTo=user, assignmentRepositoryUri=http://localhost:49152/git/SHORT5F02A8F400311042E70858306EB148073CFDTSTEXC/short5f02a8f400311042e70858306eb148073cfdtstexc-localvcintstudent1.git, testRepositoryUri=http://localhost:49152/git/SHORT5F02A8F400311042E70858306EB148073CFDTSTEXC/short5f02a8f400311042e70858306eb148073cfdtstexc-tests.git, solutionRepositoryUri=null, auxiliaryRepositoryUris=[Ljava.lang.String;@41a9c16, auxiliaryRepositoryCheckoutDirectories=[Ljava.lang.String;@14dd10b5], jobTimingInfo=JobTimingInfo[submissionDate=2025-02-14T23:45:08.030118216Z[Etc/UTC], buildStartDate=2025-02-14T23:45:08.041011412Z[Etc/UTC], buildCompletionDate=2025-02-14T23:45:08.054603331Z[Etc/UTC], estimatedCompletionDate=2025-02-14T23:45:27.041005080Z[Etc/UTC], estimatedDuration=19], buildConfig=BuildConfig[buildScript=#!/bin/bash
cd /var/tmp/testing-dir
chmod +x ./gradlew
./gradlew clean test
, dockerImage=dummy-docker-image:latest, commitHashToBuild=6e7146cac5059504aa9d170ec3fa23aec740bb51, assignmentCommitHash=6e7146cac5059504aa9d170ec3fa23aec740bb51, testCommitHash=931e5303581c7a2f01339ba603cfafbfe668b901, branch=main, programmingLanguage=JAVA, projectType=PLAIN_GRADLE, scaEnabled=false, sequentialTestRunsEnabled=false, resultPaths=[/var/tmp/testing-dir/**/test-results/test/*.xml], timeoutSeconds=0, assignmentCheckoutPath=null, testCheckoutPath=null, solutionCheckoutPath=null, dockerRunConfig=null], submissionResult=ResultDTO[id=622, completionDate=2025-02-14T23:45:08.054683681Z[Etc/UTC], successful=false, score=0.0, rated=true, submission=SubmissionDTO[id=814, submitted=true, type=MANUAL, exampleSubmission=null, submissionDate=2025-02-14T23:45:08.016200Z, commitHash=6e7146cac5059504aa9d170ec3fa23aec740bb51, buildFailed=true, buildArtifact=false, participation=ParticipationDTO[id=1914, testRun=false, type=programming, submissionCount=null, exercise=ParticipationExerciseDTO[id=2564, exerciseType=PROGRAMMING, type=programming, assessmentType=AUTOMATIC, dueDate=2025-02-16T23:45:07.324348Z, assessmentDueDate=null, maxPoints=42.0, course=CourseDTO[id=947, accuracyOfScores=1]]], submissionExerciseType=programming, isProcessing=false, buildStartDate=null, estimatedCompletionDate=null], participation=ParticipationDTO[id=1914, testRun=false, type=programming, submissionCount=null, exercise=ParticipationExerciseDTO[id=2564, exerciseType=PROGRAMMING, type=programming, assessmentType=AUTOMATIC, dueDate=2025-02-16T23:45:07.324348Z, assessmentDueDate=null, maxPoints=42.0, course=CourseDTO[id=947, accuracyOfScores=1]]], feedbacks=[], assessmentType=AUTOMATIC, hasComplaint=null, exampleResult=null, testCaseCount=0, passedTestCaseCount=0, codeIssueCount=0]], BuildJobQueueItem[id=19361739576711303, name=SHORT9AFDAE3804CA304DDF0889A0CB0F56104A86TSTEXC-LOCALVCINTSTUDENT1, buildAgent=BuildAgentDTO[name=artemis-build-agent-test, memberAddress=[127.0.0.1]:5703, displayName=artemis-build-agent-test], participationId=1936, courseId=956, exerciseId=2573, retryCount=0, priority=2, status=FAILED, repositoryInfo=RepositoryInfo[repositoryName=short9afdae3804ca304ddf0889a0cb0f56104a86tstexc-localvcintstudent1, repositoryType=user, triggeredByPushTo=user, assignmentRepositoryUri=http://localhost:49152/git/SHORT9AFDAE3804CA304DDF0889A0CB0F56104A86TSTEXC/short9afdae3804ca304ddf0889a0cb0f56104a86tstexc-localvcintstudent1.git, testRepositoryUri=http://localhost:49152/git/SHORT9AFDAE3804CA304DDF0889A0CB0F56104A86TSTEXC/short9afdae3804ca304ddf0889a0cb0f56104a86tstexc-tests.git, solutionRepositoryUri=null, auxiliaryRepositoryUris=[Ljava.lang.String;@5b6c668f, auxiliaryRepositoryCheckoutDirectories=[Ljava.lang.String;@2b52f7f6], jobTimingInfo=JobTimingInfo[submissionDate=2025-02-14T23:45:11.303805653Z[Etc/UTC], buildStartDate=2025-02-14T23:45:11.310981356Z[Etc/UTC], buildCompletionDate=2025-02-14T23:45:11.319178384Z[Etc/UTC], estimatedCompletionDate=2025-02-14T23:45:30.310974944Z[Etc/UTC], estimatedDuration=19], buildConfig=BuildConfig[buildScript=#!/bin/bash
cd /var/tmp/testing-dir
chmod +x ./gradlew
./gradlew clean test
, dockerImage=dummy-docker-image:latest, commitHashToBuild=a1099e378cffde441ef85f9b12577ca174b8e1e4, assignmentCommitHash=a1099e378cffde441ef85f9b12577ca174b8e1e4, testCommitHash=bd38d61c299ab11a1dea82a3ca5493fe04d97d47, branch=main, programmingLanguage=JAVA, projectType=PLAIN_GRADLE, scaEnabled=false, sequentialTestRunsEnabled=false, resultPaths=[/var/tmp/testing-dir/**/test-results/test/*.xml], timeoutSeconds=0, assignmentCheckoutPath=null, testCheckoutPath=null, solutionCheckoutPath=null, dockerRunConfig=null], submissionResult=ResultDTO[id=623, completionDate=2025-02-14T23:45:11.319278430Z[Etc/UTC], successful=false, score=0.0, rated=true, submission=SubmissionDTO[id=815, submitted=true, type=MANUAL, exampleSubmission=null, submissionDate=2025-02-14T23:45:11.294386Z, commitHash=a1099e378cffde441ef85f9b12577ca174b8e1e4, buildFailed=true, buildArtifact=false, participation=ParticipationDTO[id=1936, testRun=false, type=programming, submissionCount=null, exercise=ParticipationExerciseDTO[id=2573, exerciseType=PROGRAMMING, type=programming, assessmentType=AUTOMATIC, dueDate=2025-02-16T23:45:10.996982Z, assessmentDueDate=null, maxPoints=42.0, course=CourseDTO[id=956, accuracyOfScores=1]]], submissionExerciseType=programming, isProcessing=false, buildStartDate=null, estimatedCompletionDate=null], participation=ParticipationDTO[id=1936, testRun=false, type=programming, submissionCount=null, exercise=ParticipationExerciseDTO[id=2573, exerciseType=PROGRAMMING, type=programming, assessmentType=AUTOMATIC, dueDate=2025-02-16T23:45:10.996982Z, assessmentDueDate=null, maxPoints=42.0, course=CourseDTO[id=956, accuracyOfScores=1]]], feedbacks=[], assessmentType=AUTOMATIC, hasComplaint=null, exampleResult=null, testCaseCount=0, passedTestCaseCount=0, codeIssueCount=0]], BuildJobQueueItem[id=19351739576711674, name=SHORT9AFDAE3804CA304DDF0889A0CB0F56104A86TSTEXC-BASE, buildAgent=BuildAgentDTO[name=artemis-build-agent-test, memberAddress=[127.0.0.1]:5703, displayName=artemis-build-agent-test], participationId=1935, courseId=956, exerciseId=2573, retryCount=0, priority=2, status=FAILED, repositoryInfo=RepositoryInfo[repositoryName=short9afdae3804ca304ddf0889a0cb0f56104a86tstexc-exercise, repositoryType=exercise, triggeredByPushTo=exercise, assignmentRepositoryUri=http://localhost:49152/git/SHORT9AFDAE3804CA304DDF0889A0CB0F56104A86TSTEXC/short9afdae3804ca304ddf0889a0cb0f56104a86tstexc-exercise.git, testRepositoryUri=http://localhost:49152/git/SHORT9AFDAE3804CA304DDF0889A0CB0F56104A86TSTEXC/short9afdae3804ca304ddf0889a0cb0f56104a86tstexc-tests.git, solutionRepositoryUri=null, auxiliaryRepositoryUris=[Ljava.lang.String;@7b7834a6, auxiliaryRepositoryCheckoutDirectories=[Ljava.lang.String;@75cdbc4], jobTimingInfo=JobTimingInfo[submissionDate=2025-02-14T23:45:11.674556681Z[Etc/UTC], buildStartDate=2025-02-14T23:45:11.677776879Z[Etc/UTC], buildCompletionDate=2025-02-14T23:45:11.688097378Z[Etc/UTC], estimatedCompletionDate=2025-02-14T23:45:30.677771620Z[Etc/UTC], estimatedDuration=19], buildConfig=BuildConfig[buildScript=#!/bin/bash
cd /var/tmp/testing-dir
chmod +x ./gradlew
./gradlew clean test
, dockerImage=dummy-docker-image:latest, commitHashToBuild=a1099e378cffde441ef85f9b12577ca174b8e1e4, assignmentCommitHash=a1099e378cffde441ef85f9b12577ca174b8e1e4, testCommitHash=bd38d61c299ab11a1dea82a3ca5493fe04d97d47, branch=main, programmingLanguage=JAVA, projectType=PLAIN_GRADLE, scaEnabled=false, sequentialTestRunsEnabled=false, resultPaths=[/var/tmp/testing-dir/**/test-results/test/*.xml], timeoutSeconds=0, assignmentCheckoutPath=null, testCheckoutPath=null, solutionCheckoutPath=null, dockerRunConfig=null], submissionResult=ResultDTO[id=624, completionDate=2025-02-14T23:45:11.688214837Z[Etc/UTC], successful=false, score=0.0, rated=true, submission=SubmissionDTO[id=816, submitted=true, type=MANUAL, exampleSubmission=null, submissionDate=2025-02-14T23:45:11.656934Z, commitHash=a1099e378cffde441ef85f9b12577ca174b8e1e4, buildFailed=true, buildArtifact=false, participation=ParticipationDTO[id=1935, testRun=false, type=template, submissionCount=null, exercise=ParticipationExerciseDTO[id=2573, exerciseType=PROGRAMMING, type=programming, assessmentType=AUTOMATIC, dueDate=2025-02-16T23:45:10.996982Z, assessmentDueDate=null, maxPoints=42.0, course=CourseDTO[id=956, accuracyOfScores=1]]], submissionExerciseType=programming, isProcessing=false, buildStartDate=null, estimatedCompletionDate=null], participation=ParticipationDTO[id=1935, testRun=false, type=template, submissionCount=null, exercise=ParticipationExerciseDTO[id=2573, exerciseType=PROGRAMMING, type=programming, assessmentType=AUTOMATIC, dueDate=2025-02-16T23:45:10.996982Z, assessmentDueDate=null, maxPoints=42.0, course=CourseDTO[id=956, accuracyOfScores=1]]], feedbacks=[], assessmentType=AUTOMATIC, hasComplaint=null, exampleResult=null, testCaseCount=0, passedTestCaseCount=0, codeIssueCount=0]], BuildJobQueueItem[id=19341739576712112, name=SHORT9AFDAE3804CA304DDF0889A0CB0F56104A86TSTEXC-SOLUTION, buildAgent=BuildAgentDTO[name=artemis-build-agent-test, memberAddress=[127.0.0.1]:5703, displayName=artemis-build-agent-test], participationId=1934, courseId=956, exerciseId=2573, retryCount=0, priority=2, status=FAILED, repositoryInfo=RepositoryInfo[repositoryName=short9afdae3804ca304ddf0889a0cb0f56104a86tstexc-solution, repositoryType=solution, triggeredByPushTo=solution, assignmentRepositoryUri=http://localhost:49152/git/SHORT9AFDAE3804CA304DDF0889A0CB0F56104A86TSTEXC/short9afdae3804ca304ddf0889a0cb0f56104a86tstexc-solution.git, testRepositoryUri=http://localhost:49152/git/SHORT9AFDAE3804CA304DDF0889A0CB0F56104A86TSTEXC/short9afdae3804ca304ddf0889a0cb0f56104a86tstexc-tests.git, solutionRepositoryUri=null, auxiliaryRepositoryUris=[Ljava.lang.String;@3fbc9dbe, auxiliaryRepositoryCheckoutDirectories=[Ljava.lang.String;@36d20f8], jobTimingInfo=JobTimingInfo[submissionDate=2025-02-14T23:45:12.112332872Z[Etc/UTC], buildStartDate=2025-02-14T23:45:12.121617114Z[Etc/UTC], buildCompletionDate=2025-02-14T23:45:12.127931701Z[Etc/UTC], estimatedCompletionDate=2025-02-14T23:45:31.121609600Z[Etc/UTC], estimatedDuration=19], buildConfig=BuildConfig[buildScript=#!/bin/bash
cd /var/tmp/testing-dir
chmod +x ./gradlew
./gradlew clean test
, dockerImage=dummy-docker-image:latest, commitHashToBuild=a1099e378cffde441ef85f9b12577ca174b8e1e4, assignmentCommitHash=a1099e378cffde441ef85f9b12577ca174b8e1e4, testCommitHash=bd38d61c299ab11a1dea82a3ca5493fe04d97d47, branch=main, programmingLanguage=JAVA, projectType=PLAIN_GRADLE, scaEnabled=false, sequentialTestRunsEnabled=false, resultPaths=[/var/tmp/testing-dir/**/test-results/test/*.xml], timeoutSeconds=0, assignmentCheckoutPath=null, testCheckoutPath=null, solutionCheckoutPath=null, dockerRunConfig=null], submissionResult=ResultDTO[id=625, completionDate=2025-02-14T23:45:12.128011800Z[Etc/UTC], successful=false, score=0.0, rated=true, submission=SubmissionDTO[id=817, submitted=true, type=MANUAL, exampleSubmission=null, submissionDate=2025-02-14T23:45:12.098737Z, commitHash=a1099e378cffde441ef85f9b12577ca174b8e1e4, buildFailed=true, buildArtifact=false, participation=ParticipationDTO[id=1934, testRun=false, type=solution, submissionCount=null, exercise=ParticipationExerciseDTO[id=2573, exerciseType=PROGRAMMING, type=programming, assessmentType=AUTOMATIC, dueDate=2025-02-16T23:45:10.996982Z, assessmentDueDate=null, maxPoints=42.0, course=CourseDTO[id=956, accuracyOfScores=1]]], submissionExerciseType=programming, isProcessing=false, buildStartDate=null, estimatedCompletionDate=null], participation=ParticipationDTO[id=1934, testRun=false, type=solution, submissionCount=null, exercise=ParticipationExerciseDTO[id=2573, exerciseType=PROGRAMMING, type=programming, assessmentType=AUTOMATIC, dueDate=2025-02-16T23:45:10.996982Z, assessmentDueDate=null, maxPoints=42.0, course=CourseDTO[id=956, accuracyOfScores=1]]], feedbacks=[], assessmentType=AUTOMATIC, hasComplaint=null, exampleResult=null, testCaseCount=0, passedTestCaseCount=0, codeIssueCount=0]], BuildJobQueueItem[id=19341739576713025, name=SHORT9AFDAE3804CA304DDF0889A0CB0F56104A86TSTEXC-SOLUTION, buildAgent=BuildAgentDTO[name=artemis-build-agent-test, memberAddress=[127.0.0.1]:5703, displayName=artemis-build-agent-test], participationId=1934, courseId=956, exerciseId=2573, retryCount=0, priority=2, status=FAILED, repositoryInfo=RepositoryInfo[repositoryName=short9afdae3804ca304ddf0889a0cb0f56104a86tstexc-solution, repositoryType=solution, triggeredByPushTo=tests, assignmentRepositoryUri=http://localhost:49152/git/SHORT9AFDAE3804CA304DDF0889A0CB0F56104A86TSTEXC/short9afdae3804ca304ddf0889a0cb0f56104a86tstexc-solution.git, testRepositoryUri=http://localhost:49152/git/SHORT9AFDAE3804CA304DDF0889A0CB0F56104A86TSTEXC/short9afdae3804ca304ddf0889a0cb0f56104a86tstexc-tests.git, solutionRepositoryUri=null, auxiliaryRepositoryUris=[Ljava.lang.String;@390ae937, auxiliaryRepositoryCheckoutDirectories=[Ljava.lang.String;@58699729], jobTimingInfo=JobTimingInfo[submissionDate=2025-02-14T23:45:13.025319671Z[Etc/UTC], buildStartDate=2025-02-14T23:45:13.040293146Z[Etc/UTC], buildCompletionDate=2025-02-14T23:45:13.053032917Z[Etc/UTC], estimatedCompletionDate=2025-02-14T23:45:32.040285703Z[Etc/UTC], estimatedDuration=19], buildConfig=BuildConfig[buildScript=#!/bin/bash
cd /var/tmp/testing-dir
chmod +x ./gradlew
./gradlew clean test
, dockerImage=dummy-docker-image:latest, commitHashToBuild=784f8f0049d2a1a54f21c67dd772bea86715267a, assignmentCommitHash=a1099e378cffde441ef85f9b12577ca174b8e1e4, testCommitHash=784f8f0049d2a1a54f21c67dd772bea86715267a, branch=main, programmingLanguage=JAVA, projectType=PLAIN_GRADLE, scaEnabled=false, sequentialTestRunsEnabled=false, resultPaths=[/var/tmp/testing-dir/**/test-results/test/*.xml], timeoutSeconds=0, assignmentCheckoutPath=null, testCheckoutPath=null, solutionCheckoutPath=null, dockerRunConfig=null], submissionResult=ResultDTO[id=626, completionDate=2025-02-14T23:45:13.053131811Z[Etc/UTC], successful=false, score=0.0, rated=true, submission=SubmissionDTO[id=818, submitted=true, type=TEST, exampleSubmission=null, submissionDate=2025-02-14T23:45:13.005779Z, commitHash=784f8f0049d2a1a54f21c67dd772bea86715267a, buildFailed=true, buildArtifact=false, participation=ParticipationDTO[id=1934, testRun=false, type=solution, submissionCount=null, exercise=ParticipationExerciseDTO[id=2573, exerciseType=PROGRAMMING, type=programming, assessmentType=AUTOMATIC, dueDate=2025-02-16T23:45:10.996982Z, assessmentDueDate=null, maxPoints=42.0, course=CourseDTO[id=956, accuracyOfScores=1]]], submissionExerciseType=programming, isProcessing=false, buildStartDate=null, estimatedCompletionDate=null], participation=ParticipationDTO[id=1934, testRun=false, type=solution, submissionCount=null, exercise=ParticipationExerciseDTO[id=2573, exerciseType=PROGRAMMING, type=programming, assessmentType=AUTOMATIC, dueDate=2025-02-16T23:45:10.996982Z, assessmentDueDate=null, maxPoints=42.0, course=CourseDTO[id=956, accuracyOfScores=1]]], feedbacks=[], assessmentType=AUTOMATIC, hasComplaint=null, exampleResult=null, testCaseCount=0, passedTestCaseCount=0, codeIssueCount=0]], BuildJobQueueItem[id=19581739576715555, name=SHORTC1A3F9FC03D2304B4308FA20AF16D54AAA49TSTEXC-LOCALVCSSHINTSTUDENT1, buildAgent=BuildAgentDTO[name=artemis-build-agent-test, memberAddress=[127.0.0.1]:5703, displayName=artemis-build-agent-test], participationId=1958, courseId=965, exerciseId=2582, retryCount=0, priority=2, status=FAILED, repositoryInfo=RepositoryInfo[repositoryName=shortc1a3f9fc03d2304b4308fa20af16d54aaa49tstexc-localvcsshintstudent1, repositoryType=user, triggeredByPushTo=user, assignmentRepositoryUri=http://localhost:49152/git/SHORTC1A3F9FC03D2304B4308FA20AF16D54AAA49TSTEXC/shortc1a3f9fc03d2304b4308fa20af16d54aaa49tstexc-localvcsshintstudent1.git, testRepositoryUri=http://localhost:49152/git/SHORTC1A3F9FC03D2304B4308FA20AF16D54AAA49TSTEXC/shortc1a3f9fc03d2304b4308fa20af16d54aaa49tstexc-tests.git, solutionRepositoryUri=null, auxiliaryRepositoryUris=[Ljava.lang.String;@363b0f7, auxiliaryRepositoryCheckoutDirectories=[Ljava.lang.String;@69e32a83], jobTimingInfo=JobTimingInfo[submissionDate=2025-02-14T23:45:15.555989584Z[Etc/UTC], buildStartDate=2025-02-14T23:45:15.568477627Z[Etc/UTC], buildCompletionDate=2025-02-14T23:45:15.579021148Z[Etc/UTC], estimatedCompletionDate=2025-02-14T23:45:34.568443924Z[Etc/UTC], estimatedDuration=19], buildConfig=BuildConfig[buildScript=#!/bin/bash
cd /var/tmp/testing-dir
chmod +x ./gradlew
./gradlew clean test
, dockerImage=dummy-docker-image:latest, commitHashToBuild=ca76dac20e040e6609db02fd7fedd56bf58829d7, assignmentCommitHash=ca76dac20e040e6609db02fd7fedd56bf58829d7, testCommitHash=bd0d58c226dc63bfa4bc9052870589952c0a1f83, branch=main, programmingLanguage=JAVA, projectType=PLAIN_GRADLE, scaEnabled=false, sequentialTestRunsEnabled=false, resultPaths=[/var/tmp/testing-dir/**/test-results/test/*.xml], timeoutSeconds=0, assignmentCheckoutPath=null, testCheckoutPath=null, solutionCheckoutPath=null, dockerRunConfig=null], submissionResult=ResultDTO[id=627, completionDate=2025-02-14T23:45:15.579119131Z[Etc/UTC], successful=false, score=0.0, rated=true, submission=SubmissionDTO[id=820, submitted=true, type=MANUAL, exampleSubmission=null, submissionDate=2025-02-14T23:45:15.548349Z, commitHash=ca76dac20e040e6609db02fd7fedd56bf58829d7, buildFailed=true, buildArtifact=false, participation=ParticipationDTO[id=1958, testRun=false, type=programming, submissionCount=null, exercise=ParticipationExerciseDTO[id=2582, exerciseType=PROGRAMMING, type=programming, assessmentType=AUTOMATIC, dueDate=2025-02-16T23:45:15.103512Z, assessmentDueDate=null, maxPoints=42.0, course=CourseDTO[id=965, accuracyOfScores=1]]], submissionExerciseType=programming, isProcessing=false, buildStartDate=null, estimatedCompletionDate=null], participation=ParticipationDTO[id=1958, testRun=false, type=programming, submissionCount=null, exercise=ParticipationExerciseDTO[id=2582, exerciseType=PROGRAMMING, type=programming, assessmentType=AUTOMATIC, dueDate=2025-02-16T23:45:15.103512Z, assessmentDueDate=null, maxPoints=42.0, course=CourseDTO[id=965, accuracyOfScores=1]]], feedbacks=[], assessmentType=AUTOMATIC, hasComplaint=null, exampleResult=null, testCaseCount=0, passedTestCaseCount=0, codeIssueCount=0]], BuildJobQueueItem[id=19801739576719393, name=SHORTB2A6C58B0D447045380A858075B170A5B7C6TSTEXC-LOCALVCSSHINTSTUDENT1, buildAgent=BuildAgentDTO[name=artemis-build-agent-test, memberAddress=[127.0.0.1]:5703, displayName=artemis-build-agent-test], participationId=1980, courseId=974, exerciseId=2591, retryCount=0, priority=2, status=FAILED, repositoryInfo=RepositoryInfo[repositoryName=shortb2a6c58b0d447045380a858075b170a5b7c6tstexc-localvcsshintstudent1, repositoryType=user, triggeredByPushTo=user, assignmentRepositoryUri=http://localhost:49152/git/SHORTB2A6C58B0D447045380A858075B170A5B7C6TSTEXC/shortb2a6c58b0d447045380a858075b170a5b7c6tstexc-localvcsshintstudent1.git, testRepositoryUri=http://localhost:49152/git/SHORTB2A6C58B0D447045380A858075B170A5B7C6TSTEXC/shortb2a6c58b0d447045380a858075b170a5b7c6tstexc-tests.git, solutionRepositoryUri=null, auxiliaryRepositoryUris=[Ljava.lang.String;@7ce35d9, auxiliaryRepositoryCheckoutDirectories=[Ljava.lang.String;@138a3ad6], jobTimingInfo=JobTimingInfo[submissionDate=2025-02-14T23:45:19.393259829Z[Etc/UTC], buildStartDate=2025-02-14T23:45:19.405438171Z[Etc/UTC], buildCompletionDate=2025-02-14T23:45:19.414070673Z[Etc/UTC], estimatedCompletionDate=2025-02-14T23:45:38.405431569Z[Etc/UTC], estimatedDuration=19], buildConfig=BuildConfig[buildScript=#!/bin/bash
cd /var/tmp/testing-dir
chmod +x ./gradlew
./gradlew clean test
, dockerImage=dummy-docker-image:latest, commitHashToBuild=363cdbf709a9fff149f813ab848ee800a675cc77, assignmentCommitHash=363cdbf709a9fff149f813ab848ee800a675cc77, testCommitHash=a5e046ece417b2e538f21f816e2524dab61e0d10, branch=main, programmingLanguage=JAVA, projectType=PLAIN_GRADLE, scaEnabled=false, sequentialTestRunsEnabled=false, resultPaths=[/var/tmp/testing-dir/**/test-results/test/*.xml], timeoutSeconds=0, assignmentCheckoutPath=null, testCheckoutPath=null, solutionCheckoutPath=null, dockerRunConfig=null], submissionResult=ResultDTO[id=628, completionDate=2025-02-14T23:45:19.414171040Z[Etc/UTC], successful=false, score=0.0, rated=true, submission=SubmissionDTO[id=821, submitted=true, type=MANUAL, exampleSubmission=null, submissionDate=2025-02-14T23:45:19.376840Z, commitHash=363cdbf709a9fff149f813ab848ee800a675cc77, buildFailed=true, buildArtifact=false, participation=ParticipationDTO[id=1980, testRun=false, type=programming, submissionCount=null, exercise=ParticipationExerciseDTO[id=2591, exerciseType=PROGRAMMING, type=programming, assessmentType=AUTOMATIC, dueDate=2025-02-16T23:45:18.950569Z, assessmentDueDate=null, maxPoints=42.0, course=CourseDTO[id=974, accuracyOfScores=1]]], submissionExerciseType=programming, isProcessing=false, buildStartDate=null, estimatedCompletionDate=null], participation=ParticipationDTO[id=1980, testRun=false, type=programming, submissionCount=null, exercise=ParticipationExerciseDTO[id=2591, exerciseType=PROGRAMMING, type=programming, assessmentType=AUTOMATIC, dueDate=2025-02-16T23:45:18.950569Z, assessmentDueDate=null, maxPoints=42.0, course=CourseDTO[id=974, accuracyOfScores=1]]], feedbacks=[], assessmentType=AUTOMATIC, hasComplaint=null, exampleResult=null, testCaseCount=0, passedTestCaseCount=0, codeIssueCount=0]], BuildJobQueueItem[id=19791739576719787, name=SHORTB2A6C58B0D447045380A858075B170A5B7C6TSTEXC-BASE, buildAgent=BuildAgentDTO[name=artemis-build-agent-test, memberAddress=[127.0.0.1]:5703, displayName=artemis-build-agent-test], participationId=1979, courseId=974, exerciseId=2591, retryCount=0, priority=2, status=FAILED, repositoryInfo=RepositoryInfo[repositoryName=shortb2a6c58b0d447045380a858075b170a5b7c6tstexc-exercise, repositoryType=exercise, triggeredByPushTo=exercise, assignmentRepositoryUri=http://localhost:49152/git/SHORTB2A6C58B0D447045380A858075B170A5B7C6TSTEXC/shortb2a6c58b0d447045380a858075b170a5b7c6tstexc-exercise.git, testRepositoryUri=http://localhost:49152/git/SHORTB2A6C58B0D447045380A858075B170A5B7C6TSTEXC/shortb2a6c58b0d447045380a858075b170a5b7c6tstexc-tests.git, solutionRepositoryUri=null, auxiliaryRepositoryUris=[Ljava.lang.String;@df0c458, auxiliaryRepositoryCheckoutDirectories=[Ljava.lang.String;@7d374057], jobTimingInfo=JobTimingInfo[submissionDate=2025-02-14T23:45:19.787985058Z[Etc/UTC], buildStartDate=2025-02-14T23:45:19.796327417Z[Etc/UTC], buildCompletionDate=2025-02-14T23:45:19.799750982Z[Etc/UTC], estimatedCompletionDate=2025-02-14T23:45:38.796319082Z[Etc/UTC], estimatedDuration=19], buildConfig=BuildConfig[buildScript=#!/bin/bash
cd /var/tmp/testing-dir
chmod +x ./gradlew
./gradlew clean test
, dockerImage=dummy-docker-image:latest, commitHashToBuild=363cdbf709a9fff149f813ab848ee800a675cc77, assignmentCommitHash=363cdbf709a9fff149f813ab848ee800a675cc77, testCommitHash=a5e046ece417b2e538f21f816e2524dab61e0d10, branch=main, programmingLanguage=JAVA, projectType=PLAIN_GRADLE, scaEnabled=false, sequentialTestRunsEnabled=false, resultPaths=[/var/tmp/testing-dir/**/test-results/test/*.xml], timeoutSeconds=0, assignmentCheckoutPath=null, testCheckoutPath=null, solutionCheckoutPath=null, dockerRunConfig=null], submissionResult=ResultDTO[id=629, completionDate=2025-02-14T23:45:19.799820341Z[Etc/UTC], successful=false, score=0.0, rated=true, submission=SubmissionDTO[id=822, submitted=true, type=MANUAL, exampleSubmission=null, submissionDate=2025-02-14T23:45:19.775952Z, commitHash=363cdbf709a9fff149f813ab848ee800a675cc77, buildFailed=true, buildArtifact=false, participation=ParticipationDTO[id=1979, testRun=false, type=template, submissionCount=null, exercise=ParticipationExerciseDTO[id=2591, exerciseType=PROGRAMMING, type=programming, assessmentType=AUTOMATIC, dueDate=2025-02-16T23:45:18.950569Z, assessmentDueDate=null, maxPoints=42.0, course=CourseDTO[id=974, accuracyOfScores=1]]], submissionExerciseType=programming, isProcessing=false, buildStartDate=null, estimatedCompletionDate=null], participation=ParticipationDTO[id=1979, testRun=false, type=template, submissionCount=null, exercise=ParticipationExerciseDTO[id=2591, exerciseType=PROGRAMMING, type=programming, assessmentType=AUTOMATIC, dueDate=2025-02-16T23:45:18.950569Z, assessmentDueDate=null, maxPoints=42.0, course=CourseDTO[id=974, accuracyOfScores=1]]], feedbacks=[], assessmentType=AUTOMATIC, hasComplaint=null, exampleResult=null, testCaseCount=0, passedTestCaseCount=0, codeIssueCount=0]], BuildJobQueueItem[id=19781739576720235, name=SHORTB2A6C58B0D447045380A858075B170A5B7C6TSTEXC-SOLUTION, buildAgent=BuildAgentDTO[name=artemis-build-agent-test, memberAddress=[127.0.0.1]:5703, displayName=artemis-build-agent-test], participationId=1978, courseId=974, exerciseId=2591, retryCount=0, priority=2, status=FAILED, repositoryInfo=RepositoryInfo[repositoryName=shortb2a6c58b0d447045380a858075b170a5b7c6tstexc-solution, repositoryType=solution, triggeredByPushTo=solution, assignmentRepositoryUri=http://localhost:49152/git/SHORTB2A6C58B0D447045380A858075B170A5B7C6TSTEXC/shortb2a6c58b0d447045380a858075b170a5b7c6tstexc-solution.git, testRepositoryUri=http://localhost:49152/git/SHORTB2A6C58B0D447045380A858075B170A5B7C6TSTEXC/shortb2a6c58b0d447045380a858075b170a5b7c6tstexc-tests.git, solutionRepositoryUri=null, auxiliaryRepositoryUris=[Ljava.lang.String;@b21d2d5, auxiliaryRepositoryCheckoutDirectories=[Ljava.lang.String;@49bf05ed], jobTimingInfo=JobTimingInfo[submissionDate=2025-02-14T23:45:20.235272325Z[Etc/UTC], buildStartDate=2025-02-14T23:45:20.243033812Z[Etc/UTC], buildCompletionDate=2025-02-14T23:45:20.250721018Z[Etc/UTC], estimatedCompletionDate=2025-02-14T23:45:39.243026949Z[Etc/UTC], estimatedDuration=19], buildConfig=BuildConfig[buildScript=#!/bin/bash
cd /var/tmp/testing-dir
chmod +x ./gradlew
./gradlew clean test
, dockerImage=dummy-docker-image:latest, commitHashToBuild=c710d0e68c9c7db8cda7d1a278308de2b9642cc0, assignmentCommitHash=c710d0e68c9c7db8cda7d1a278308de2b9642cc0, testCommitHash=a5e046ece417b2e538f21f816e2524dab61e0d10, branch=main, programmingLanguage=JAVA, projectType=PLAIN_GRADLE, scaEnabled=false, sequentialTestRunsEnabled=false, resultPaths=[/var/tmp/testing-dir/**/test-results/test/*.xml], timeoutSeconds=0, assignmentCheckoutPath=null, testCheckoutPath=null, solutionCheckoutPath=null, dockerRunConfig=null], submissionResult=ResultDTO[id=630, completionDate=2025-02-14T23:45:20.250809893Z[Etc/UTC], successful=false, score=0.0, rated=true, submission=SubmissionDTO[id=823, submitted=true, type=MANUAL, exampleSubmission=null, submissionDate=2025-02-14T23:45:20.211707Z, commitHash=c710d0e68c9c7db8cda7d1a278308de2b9642cc0, buildFailed=true, buildArtifact=false, participation=ParticipationDTO[id=1978, testRun=false, type=solution, submissionCount=null, exercise=ParticipationExerciseDTO[id=2591, exerciseType=PROGRAMMING, type=programming, assessmentType=AUTOMATIC, dueDate=2025-02-16T23:45:18.950569Z, assessmentDueDate=null, maxPoints=42.0, course=CourseDTO[id=974, accuracyOfScores=1]]], submissionExerciseType=programming, isProcessing=false, buildStartDate=null, estimatedCompletionDate=null], participation=ParticipationDTO[id=1978, testRun=false, type=solution, submissionCount=null, exercise=ParticipationExerciseDTO[id=2591, exerciseType=PROGRAMMING, type=programming, assessmentType=AUTOMATIC, dueDate=2025-02-16T23:45:18.950569Z, assessmentDueDate=null, maxPoints=42.0, course=CourseDTO[id=974, accuracyOfScores=1]]], feedbacks=[], assessmentType=AUTOMATIC, hasComplaint=null, exampleResult=null, testCaseCount=0, passedTestCaseCount=0, codeIssueCount=0]], BuildJobQueueItem[id=19781739576720802, name=SHORTB2A6C58B0D447045380A858075B170A5B7C6TSTEXC-SOLUTION, buildAgent=BuildAgentDTO[name=artemis-build-agent-test, memberAddress=[127.0.0.1]:5703, displayName=artemis-build-agent-test], participationId=1978, courseId=974, exerciseId=2591, retryCount=0, priority=2, status=FAILED, repositoryInfo=RepositoryInfo[repositoryName=shortb2a6c58b0d447045380a858075b170a5b7c6tstexc-solution, repositoryType=solution, triggeredByPushTo=tests, assignmentRepositoryUri=http://localhost:49152/git/SHORTB2A6C58B0D447045380A858075B170A5B7C6TSTEXC/shortb2a6c58b0d447045380a858075b170a5b7c6tstexc-solution.git, testRepositoryUri=http://localhost:49152/git/SHORTB2A6C58B0D447045380A858075B170A5B7C6TSTEXC/shortb2a6c58b0d447045380a858075b170a5b7c6tstexc-tests.git, solutionRepositoryUri=null, auxiliaryRepositoryUris=[Ljava.lang.String;@42e6ca86, auxiliaryRepositoryCheckoutDirectories=[Ljava.lang.String;@5140f75], jobTimingInfo=JobTimingInfo[submissionDate=2025-02-14T23:45:20.802935026Z[Etc/UTC], buildStartDate=2025-02-14T23:45:20.809306435Z[Etc/UTC], buildCompletionDate=2025-02-14T23:45:20.822452342Z[Etc/UTC], estimatedCompletionDate=2025-02-14T23:45:39.809298491Z[Etc/UTC], estimatedDuration=19], buildConfig=BuildConfig[buildScript=#!/bin/bash
cd /var/tmp/testing-dir
chmod +x ./gradlew
./gradlew clean test
, dockerImage=dummy-docker-image:latest, commitHashToBuild=c710d0e68c9c7db8cda7d1a278308de2b9642cc0, assignmentCommitHash=c710d0e68c9c7db8cda7d1a278308de2b9642cc0, testCommitHash=c710d0e68c9c7db8cda7d1a278308de2b9642cc0, branch=main, programmingLanguage=JAVA, projectType=PLAIN_GRADLE, scaEnabled=false, sequentialTestRunsEnabled=false, resultPaths=[/var/tmp/testing-dir/**/test-results/test/*.xml], timeoutSeconds=0, assignmentCheckoutPath=null, testCheckoutPath=null, solutionCheckoutPath=null, dockerRunConfig=null], submissionResult=ResultDTO[id=631, completionDate=2025-02-14T23:45:20.822527362Z[Etc/UTC], successful=false, score=0.0, rated=true, submission=SubmissionDTO[id=824, submitted=true, type=TEST, exampleSubmission=null, submissionDate=2025-02-14T23:45:20.791240Z, commitHash=c710d0e68c9c7db8cda7d1a278308de2b9642cc0, buildFailed=true, buildArtifact=false, participation=ParticipationDTO[id=1978, testRun=false, type=solution, submissionCount=null, exercise=ParticipationExerciseDTO[id=2591, exerciseType=PROGRAMMING, type=programming, assessmentType=AUTOMATIC, dueDate=2025-02-16T23:45:18.950569Z, assessmentDueDate=null, maxPoints=42.0, course=CourseDTO[id=974, accuracyOfScores=1]]], submissionExerciseType=programming, isProcessing=false, buildStartDate=null, estimatedCompletionDate=null], participation=ParticipationDTO[id=1978, testRun=false, type=solution, submissionCount=null, exercise=ParticipationExerciseDTO[id=2591, exerciseType=PROGRAMMING, type=programming, assessmentType=AUTOMATIC, dueDate=2025-02-16T23:45:18.950569Z, assessmentDueDate=null, maxPoints=42.0, course=CourseDTO[id=974, accuracyOfScores=1]]], feedbacks=[], assessmentType=AUTOMATIC, hasComplaint=null, exampleResult=null, testCaseCount=0, passedTestCaseCount=0, codeIssueCount=0]], BuildJobQueueItem[id=20061739576732554, name=SHORT94A899E303D7504C5D0840704DAAFA3DFF4DTSTEXC-LOCALVCCIINTINSTRUCTOR1, buildAgent=BuildAgentDTO[name=artemis-build-agent-test, memberAddress=[127.0.0.1]:5703, displayName=artemis-build-agent-test], participationId=2006, courseId=984, exerciseId=2601, retryCount=0, priority=2, status=SUCCESSFUL, repositoryInfo=RepositoryInfo[repositoryName=short94a899e303d7504c5d0840704daafa3dff4dtstexc-localvcciintinstructor1, repositoryType=user, triggeredByPushTo=user, assignmentRepositoryUri=http://localhost:49152/git/SHORT94A899E303D7504C5D0840704DAAFA3DFF4DTSTEXC/short94a899e303d7504c5d0840704daafa3dff4dtstexc-localvcciintinstructor1.git, testRepositoryUri=http://localhost:49152/git/SHORT94A899E303D7504C5D0840704DAAFA3DFF4DTSTEXC/short94a899e303d7504c5d0840704daafa3dff4dtstexc-tests.git, solutionRepositoryUri=null, auxiliaryRepositoryUris=[Ljava.lang.String;@a6d278, auxiliaryRepositoryCheckoutDirectories=[Ljava.lang.String;@31073fec], jobTimingInfo=JobTimingInfo[submissionDate=2025-02-14T23:45:32.554795798Z[Etc/UTC], buildStartDate=2025-02-14T23:45:32.567287465Z[Etc/UTC], buildCompletionDate=2025-02-14T23:45:34.535226768Z[Etc/UTC], estimatedCompletionDate=2025-02-14T23:45:51.567257960Z[Etc/UTC], estimatedDuration=19], buildConfig=BuildConfig[buildScript=#!/bin/bash
cd /var/tmp/testing-dir
chmod +x ./gradlew
./gradlew clean test
, dockerImage=dummy-docker-image:latest, commitHashToBuild=ca2dbc0ae87edf7035058a6a17c0ea60e90a290f, assignmentCommitHash=ca2dbc0ae87edf7035058a6a17c0ea60e90a290f, testCommitHash=0207f6f98af5fbb66ad68455f3fc3cf128af8ae9, branch=main, programmingLanguage=JAVA, projectType=PLAIN_GRADLE, scaEnabled=false, sequentialTestRunsEnabled=false, resultPaths=[/var/tmp/testing-dir/**/test-results/test/*.xml], timeoutSeconds=0, assignmentCheckoutPath=null, testCheckoutPath=null, solutionCheckoutPath=null, dockerRunConfig=null], submissionResult=ResultDTO[id=632, completionDate=2025-02-14T23:45:34.504415716Z[Etc/UTC], successful=false, score=7.7, rated=false, submission=SubmissionDTO[id=826, submitted=true, type=MANUAL, exampleSubmission=null, submissionDate=2025-02-14T23:45:32.541533Z, commitHash=ca2dbc0ae87edf7035058a6a17c0ea60e90a290f, buildFailed=false, buildArtifact=false, participation=ParticipationDTO[id=2006, testRun=true, type=programming, submissionCount=null, exercise=ParticipationExerciseDTO[id=2601, exerciseType=PROGRAMMING, type=programming, assessmentType=AUTOMATIC, dueDate=2025-02-16T23:45:31.864042Z, assessmentDueDate=null, maxPoints=42.0, course=CourseDTO[id=984, accuracyOfScores=1]]], submissionExerciseType=programming, isProcessing=false, buildStartDate=null, estimatedCompletionDate=null], participation=ParticipationDTO[id=2006, testRun=true, type=programming, submissionCount=null, exercise=ParticipationExerciseDTO[id=2601, exerciseType=PROGRAMMING, type=programming, assessmentType=AUTOMATIC, dueDate=2025-02-16T23:45:31.864042Z, assessmentDueDate=null, maxPoints=42.0, course=CourseDTO[id=984, accuracyOfScores=1]]], feedbacks=[FeedbackDTO[id=920, text=null, detailText=The exercise expects a class with the name Context in the package testpackage. You did not implement the class in the exercise., hasLongFeedbackText=false, reference=null, credits=0.0, positive=false, type=AUTOMATIC, visibility=ALWAYS, testCase=TestCaseDTO[testName=null, id=1357]], FeedbackDTO[id=921, text=null, detailText=The exercise expects a class with the name Policy in the package testpackage. You did not implement the class in the exercise., hasLongFeedbackText=false, reference=null, credits=0.0, positive=false, type=AUTOMATIC, visibility=ALWAYS, testCase=TestCaseDTO[testName=null, id=1358]], FeedbackDTO[id=922, text=null, detailText=The exercise expects a class with the name SortStrategy in the package testpackage. You did not implement the class in the exercise., hasLongFeedbackText=false, reference=null, credits=0.0, positive=false, type=AUTOMATIC, visibility=ALWAYS, testCase=TestCaseDTO[testName=null, id=1359]], FeedbackDTO[id=923, text=null, detailText=The class 'MergeSort' does not implement the interface 'SortStrategy' as expected. Implement the interface and its methods., hasLongFeedbackText=false, reference=null, credits=0.0, positive=false, type=AUTOMATIC, visibility=ALWAYS, testCase=TestCaseDTO[testName=null, id=1354]], FeedbackDTO[id=924, text=null, detailText=The exercise expects a class with the name SortStrategy in the package testpackage. You did not implement the class in the exercise., hasLongFeedbackText=false, reference=null, credits=0.0, positive=false, type=AUTOMATIC, visibility=ALWAYS, testCase=TestCaseDTO[testName=null, id=1351]], FeedbackDTO[id=925, text=null, detailText=The class 'BubbleSort' does not implement the interface 'SortStrategy' as expected. Implement the interface and its methods., hasLongFeedbackText=false, reference=null, credits=0.0, positive=false, type=AUTOMATIC, visibility=ALWAYS, testCase=TestCaseDTO[testName=null, id=1355]], FeedbackDTO[id=926, text=null, detailText=MergeSort does not sort correctly, hasLongFeedbackText=false, reference=null, credits=0.0, positive=false, type=AUTOMATIC, visibility=ALWAYS, testCase=TestCaseDTO[testName=null, id=1360]], FeedbackDTO[id=927, text=null, detailText=The class 'Context' was not found within the submission. Make sure to implement it properly., hasLongFeedbackText=false, reference=null, credits=0.0, positive=false, type=AUTOMATIC, visibility=ALWAYS, testCase=TestCaseDTO[testName=null, id=1361]], FeedbackDTO[id=928, text=null, detailText=The class 'Context' was not found within the submission. Make sure to implement it properly., hasLongFeedbackText=false, reference=null, credits=0.0, positive=false, type=AUTOMATIC, visibility=ALWAYS, testCase=TestCaseDTO[testName=null, id=1362]], FeedbackDTO[id=929, text=null, detailText=The exercise expects a class with the name Policy in the package testpackage. You did not implement the class in the exercise., hasLongFeedbackText=false, reference=null, credits=0.0, positive=false, type=AUTOMATIC, visibility=ALWAYS, testCase=TestCaseDTO[testName=null, id=1356]], FeedbackDTO[id=930, text=null, detailText=The exercise expects a class with the name Context in the package testpackage. You did not implement the class in the exercise., hasLongFeedbackText=false, reference=null, credits=0.0, positive=false, type=AUTOMATIC, visibility=ALWAYS, testCase=TestCaseDTO[testName=null, id=1352]], FeedbackDTO[id=931, text=null, detailText=The exercise expects a class with the name Policy in the package testpackage. You did not implement the class in the exercise., hasLongFeedbackText=false, reference=null, credits=0.0, positive=false, type=AUTOMATIC, visibility=ALWAYS, testCase=TestCaseDTO[testName=null, id=1353]], FeedbackDTO[id=932, text=null, detailText=null, hasLongFeedbackText=false, reference=null, credits=3.230769230769231, positive=true, type=AUTOMATIC, visibility=ALWAYS, testCase=TestCaseDTO[testName=null, id=1363]]], assessmentType=AUTOMATIC, hasComplaint=null, exampleResult=null, testCaseCount=13, passedTestCaseCount=1, codeIssueCount=0]], BuildJobQueueItem[id=20111739576737317, name=SHORTD49A6DAE04F9E049850BD5601663FD17A5B7TSTEXC-BASE, buildAgent=BuildAgentDTO[name=artemis-build-agent-test, memberAddress=[127.0.0.1]:5703, displayName=artemis-build-agent-test], participationId=2011, courseId=986, exerciseId=2603, retryCount=0, priority=2, status=SUCCESSFUL, repositoryInfo=RepositoryInfo[repositoryName=shortd49a6dae04f9e049850bd5601663fd17a5b7tstexc-exercise, repositoryType=exercise, triggeredByPushTo=exercise, assignmentRepositoryUri=http://localhost:49152/git/SHORTD49A6DAE04F9E049850BD5601663FD17A5B7TSTEXC/shortd49a6dae04f9e049850bd5601663fd17a5b7tstexc-exercise.git, testRepositoryUri=http://localhost:49152/git/SHORTD49A6DAE04F9E049850BD5601663FD17A5B7TSTEXC/shortd49a6dae04f9e049850bd5601663fd17a5b7tstexc-tests.git, solutionRepositoryUri=null, auxiliaryRepositoryUris=[Ljava.lang.String;@45c161b0, auxiliaryRepositoryCheckoutDirectories=[Ljava.lang.String;@608bb1da], jobTimingInfo=JobTimingInfo[submissionDate=2025-02-14T23:45:37.317968648Z[Etc/UTC], buildStartDate=2025-02-14T23:45:37.324534774Z[Etc/UTC], buildCompletionDate=2025-02-14T23:45:38.527225461Z[Etc/UTC], estimatedCompletionDate=2025-02-14T23:45:56.324506331Z[Etc/UTC], estimatedDuration=19], buildConfig=BuildConfig[buildScript=#!/bin/bash
cd /var/tmp/testing-dir
chmod +x ./gradlew
./gradlew clean test
, dockerImage=dummy-docker-image:latest, commitHashToBuild=c795243c185829bbefa399f45dcbcfac22311b2f, assignmentCommitHash=c795243c185829bbefa399f45dcbcfac22311b2f, testCommitHash=fa8b162170bf767d852e05e0eb7a128efa2e1f34, branch=main, programmingLanguage=JAVA, projectType=PLAIN_GRADLE, scaEnabled=false, sequentialTestRunsEnabled=false, resultPaths=[/var/tmp/testing-dir/**/test-results/test/*.xml], timeoutSeconds=0, assignmentCheckoutPath=null, testCheckoutPath=null, solutionCheckoutPath=null, dockerRunConfig=null], submissionResult=ResultDTO[id=633, completionDate=2025-02-14T23:45:38.476795726Z[Etc/UTC], successful=false, score=0.0, rated=true, submission=SubmissionDTO[id=827, submitted=true, type=MANUAL, exampleSubmission=null, submissionDate=2025-02-14T23:45:37.303401Z, commitHash=c795243c185829bbefa399f45dcbcfac22311b2f, buildFailed=false, buildArtifact=false, participation=ParticipationDTO[id=2011, testRun=false, type=template, submissionCount=null, exercise=ParticipationExerciseDTO[id=2603, exerciseType=PROGRAMMING, type=programming, assessmentType=AUTOMATIC, dueDate=2025-02-16T23:45:36.830269Z, assessmentDueDate=null, maxPoints=42.0, course=CourseDTO[id=986, accuracyOfScores=1]]], submissionExerciseType=programming, isProcessing=false, buildStartDate=null, estimatedCompletionDate=null], participation=ParticipationDTO[id=2011, testRun=false, type=template, submissionCount=null, exercise=ParticipationExerciseDTO[id=2603, exerciseType=PROGRAMMING, type=programming, assessmentType=AUTOMATIC, dueDate=2025-02-16T23:45:36.830269Z, assessmentDueDate=null, maxPoints=42.0, course=CourseDTO[id=986, accuracyOfScores=1]]], feedbacks=[FeedbackDTO[id=933, text=null, detailText=The exercise expects a class with the name Context in the package testpackage. You did not implement the class in the exercise., hasLongFeedbackText=false, reference=null, credits=0.0, positive=false, type=AUTOMATIC, visibility=ALWAYS, testCase=TestCaseDTO[testName=testMethods[Context], id=1383]], FeedbackDTO[id=934, text=null, detailText=The exercise expects a class with the name Policy in the package testpackage. You did not implement the class in the exercise., hasLongFeedbackText=false, reference=null, credits=0.0, positive=false, type=AUTOMATIC, visibility=ALWAYS, testCase=TestCaseDTO[testName=testMethods[Policy], id=1384]], FeedbackDTO[id=935, text=null, detailText=The exercise expects a class with the name SortStrategy in the package testpackage. You did not implement the class in the exercise., hasLongFeedbackText=false, reference=null, credits=0.0, positive=false, type=AUTOMATIC, visibility=ALWAYS, testCase=TestCaseDTO[testName=testMethods[SortStrategy], id=1385]], FeedbackDTO[id=936, text=null, detailText=The class 'MergeSort' does not implement the interface 'SortStrategy' as expected. Implement the interface and its methods., hasLongFeedbackText=false, reference=null, credits=0.0, positive=false, type=AUTOMATIC, visibility=ALWAYS, testCase=TestCaseDTO[testName=testClass[MergeSort], id=1380]], FeedbackDTO[id=937, text=null, detailText=The exercise expects a class with the name SortStrategy in the package testpackage. You did not implement the class in the exercise., hasLongFeedbackText=false, reference=null, credits=0.0, positive=false, type=AUTOMATIC, visibility=ALWAYS, testCase=TestCaseDTO[testName=testClass[SortStrategy], id=1377]], FeedbackDTO[id=938, text=null, detailText=The class 'BubbleSort' does not implement the interface 'SortStrategy' as expected. Implement the interface and its methods., hasLongFeedbackText=false, reference=null, credits=0.0, positive=false, type=AUTOMATIC, visibility=ALWAYS, testCase=TestCaseDTO[testName=testClass[BubbleSort], id=1381]], FeedbackDTO[id=939, text=null, detailText=MergeSort does not sort correctly, hasLongFeedbackText=false, reference=null, credits=0.0, positive=false, type=AUTOMATIC, visibility=ALWAYS, testCase=TestCaseDTO[testName=testMergeSort(), id=1386]], FeedbackDTO[id=940, text=null, detailText=The class 'Context' was not found within the submission. Make sure to implement it properly., hasLongFeedbackText=false, reference=null, credits=0.0, positive=false, type=AUTOMATIC, visibility=ALWAYS, testCase=TestCaseDTO[testName=testUseBubbleSortForSmallList(), id=1387]], FeedbackDTO[id=941, text=null, detailText=BubbleSort does not sort correctly, hasLongFeedbackText=false, reference=null, credits=0.0, positive=false, type=AUTOMATIC, visibility=ALWAYS, testCase=TestCaseDTO[testName=testBubbleSort(), id=1389]], FeedbackDTO[id=942, text=null, detailText=The class 'Context' was not found within the submission. Make sure to implement it properly., hasLongFeedbackText=false, reference=null, credits=0.0, positive=false, type=AUTOMATIC, visibility=ALWAYS, testCase=TestCaseDTO[testName=testUseMergeSortForBigList(), id=1388]], FeedbackDTO[id=943, text=null, detailText=The exercise expects a class with the name Policy in the package testpackage. You did not implement the class in the exercise., hasLongFeedbackText=false, reference=null, credits=0.0, positive=false, type=AUTOMATIC, visibility=ALWAYS, testCase=TestCaseDTO[testName=testConstructors[Policy], id=1382]], FeedbackDTO[id=944, text=null, detailText=The exercise expects a class with the name Context in the package testpackage. You did not implement the class in the exercise., hasLongFeedbackText=false, reference=null, credits=0.0, positive=false, type=AUTOMATIC, visibility=ALWAYS, testCase=TestCaseDTO[testName=testAttributes[Context], id=1378]], FeedbackDTO[id=945, text=null, detailText=The exercise expects a class with the name Policy in the package testpackage. You did not implement the class in the exercise., hasLongFeedbackText=false, reference=null, credits=0.0, positive=false, type=AUTOMATIC, visibility=ALWAYS, testCase=TestCaseDTO[testName=testAttributes[Policy], id=1379]]], assessmentType=AUTOMATIC, hasComplaint=null, exampleResult=null, testCaseCount=13, passedTestCaseCount=0, codeIssueCount=0]], BuildJobQueueItem[id=20171739576740018, name=SHORT7914AFA00ADC3047140B99D01AC07810CE44TSTEXC-LOCALVCCIINTSTUDENT1, buildAgent=BuildAgentDTO[name=artemis-build-agent-test, memberAddress=[127.0.0.1]:5703, displayName=artemis-build-agent-test], participationId=2017, courseId=988, exerciseId=2605, retryCount=0, priority=2, status=SUCCESSFUL, repositoryInfo=RepositoryInfo[repositoryName=short7914afa00adc3047140b99d01ac07810ce44tstexc-practice-localvcciintstudent1, repositoryType=user, triggeredByPushTo=user, assignmentRepositoryUri=http://localhost:49152/git/SHORT7914AFA00ADC3047140B99D01AC07810CE44TSTEXC/short7914afa00adc3047140b99d01ac07810ce44tstexc-practice-localvcciintstudent1.git, testRepositoryUri=http://localhost:49152/git/SHORT7914AFA00ADC3047140B99D01AC07810CE44TSTEXC/short7914afa00adc3047140b99d01ac07810ce44tstexc-tests.git, solutionRepositoryUri=null, auxiliaryRepositoryUris=[Ljava.lang.String;@56088aa1, auxiliaryRepositoryCheckoutDirectories=[Ljava.lang.String;@5e7827d3], jobTimingInfo=JobTimingInfo[submissionDate=2025-02-14T23:45:40.018961253Z[Etc/UTC], buildStartDate=2025-02-14T23:45:40.029742701Z[Etc/UTC], buildCompletionDate=2025-02-14T23:45:41.150208242Z[Etc/UTC], estimatedCompletionDate=2025-02-14T23:45:59.029734065Z[Etc/UTC], estimatedDuration=19], buildConfig=BuildConfig[buildScript=#!/bin/bash
cd /var/tmp/testing-dir
chmod +x ./gradlew
./gradlew clean test
, dockerImage=dummy-docker-image:latest, commitHashToBuild=d80b57877989b971e83ccdb4863c8a7023c76266, assignmentCommitHash=d80b57877989b971e83ccdb4863c8a7023c76266, testCommitHash=327b116890c92b1312314341f43f21ef13ecf7d7, branch=main, programmingLanguage=JAVA, projectType=PLAIN_GRADLE, scaEnabled=false, sequentialTestRunsEnabled=false, resultPaths=[/var/tmp/testing-dir/**/test-results/test/*.xml], timeoutSeconds=0, assignmentCheckoutPath=null, testCheckoutPath=null, solutionCheckoutPath=null, dockerRunConfig=null], submissionResult=ResultDTO[id=634, completionDate=2025-02-14T23:45:41.120192603Z[Etc/UTC], successful=false, score=7.7, rated=false, submission=SubmissionDTO[id=828, submitted=true, type=MANUAL, exampleSubmission=null, submissionDate=2025-02-14T23:45:40.008666Z, commitHash=d80b57877989b971e83ccdb4863c8a7023c76266, buildFailed=false, buildArtifact=false, participation=ParticipationDTO[id=2017, testRun=true, type=programming, submissionCount=null, exercise=ParticipationExerciseDTO[id=2605, exerciseType=PROGRAMMING, type=programming, assessmentType=AUTOMATIC, dueDate=2025-02-16T23:45:39.523500Z, assessmentDueDate=null, maxPoints=42.0, course=CourseDTO[id=988, accuracyOfScores=1]]], submissionExerciseType=programming, isProcessing=false, buildStartDate=null, estimatedCompletionDate=null], participation=ParticipationDTO[id=2017, testRun=true, type=programming, submissionCount=null, exercise=ParticipationExerciseDTO[id=2605, exerciseType=PROGRAMMING, type=programming, assessmentType=AUTOMATIC, dueDate=2025-02-16T23:45:39.523500Z, assessmentDueDate=null, maxPoints=42.0, course=CourseDTO[id=988, accuracyOfScores=1]]], feedbacks=[FeedbackDTO[id=946, text=null, detailText=The exercise expects a class with the name Context in the package testpackage. You did not implement the class in the exercise., hasLongFeedbackText=false, reference=null, credits=0.0, positive=false, type=AUTOMATIC, visibility=ALWAYS, testCase=TestCaseDTO[testName=null, id=1409]], FeedbackDTO[id=947, text=null, detailText=The exercise expects a class with the name Policy in the package testpackage. You did not implement the class in the exercise., hasLongFeedbackText=false, reference=null, credits=0.0, positive=false, type=AUTOMATIC, visibility=ALWAYS, testCase=TestCaseDTO[testName=null, id=1410]], FeedbackDTO[id=948, text=null, detailText=The exercise expects a class with the name SortStrategy in the package testpackage. You did not implement the class in the exercise., hasLongFeedbackText=false, reference=null, credits=0.0, positive=false, type=AUTOMATIC, visibility=ALWAYS, testCase=TestCaseDTO[testName=null, id=1411]], FeedbackDTO[id=949, text=null, detailText=The class 'MergeSort' does not implement the interface 'SortStrategy' as expected. Implement the interface and its methods., hasLongFeedbackText=false, reference=null, credits=0.0, positive=false, type=AUTOMATIC, visibility=ALWAYS, testCase=TestCaseDTO[testName=null, id=1406]], FeedbackDTO[id=950, text=null, detailText=The exercise expects a class with the name SortStrategy in the package testpackage. You did not implement the class in the exercise., hasLongFeedbackText=false, reference=null, credits=0.0, positive=false, type=AUTOMATIC, visibility=ALWAYS, testCase=TestCaseDTO[testName=null, id=1403]], FeedbackDTO[id=951, text=null, detailText=The class 'BubbleSort' does not implement the interface 'SortStrategy' as expected. Implement the interface and its methods., hasLongFeedbackText=false, reference=null, credits=0.0, positive=false, type=AUTOMATIC, visibility=ALWAYS, testCase=TestCaseDTO[testName=null, id=1407]], FeedbackDTO[id=952, text=null, detailText=MergeSort does not sort correctly, hasLongFeedbackText=false, reference=null, credits=0.0, positive=false, type=AUTOMATIC, visibility=ALWAYS, testCase=TestCaseDTO[testName=null, id=1412]], FeedbackDTO[id=953, text=null, detailText=The class 'Context' was not found within the submission. Make sure to implement it properly., hasLongFeedbackText=false, reference=null, credits=0.0, positive=false, type=AUTOMATIC, visibility=ALWAYS, testCase=TestCaseDTO[testName=null, id=1413]], FeedbackDTO[id=954, text=null, detailText=The class 'Context' was not found within the submission. Make sure to implement it properly., hasLongFeedbackText=false, reference=null, credits=0.0, positive=false, type=AUTOMATIC, visibility=ALWAYS, testCase=TestCaseDTO[testName=null, id=1414]], FeedbackDTO[id=955, text=null, detailText=The exercise expects a class with the name Policy in the package testpackage. You did not implement the class in the exercise., hasLongFeedbackText=false, reference=null, credits=0.0, positive=false, type=AUTOMATIC, visibility=ALWAYS, testCase=TestCaseDTO[testName=null, id=1408]], FeedbackDTO[id=956, text=null, detailText=The exercise expects a class with the name Context in the package testpackage. You did not implement the class in the exercise., hasLongFeedbackText=false, reference=null, credits=0.0, positive=false, type=AUTOMATIC, visibility=ALWAYS, testCase=TestCaseDTO[testName=null, id=1404]], FeedbackDTO[id=957, text=null, detailText=The exercise expects a class with the name Policy in the package testpackage. You did not implement the class in the exercise., hasLongFeedbackText=false, reference=null, credits=0.0, positive=false, type=AUTOMATIC, visibility=ALWAYS, testCase=TestCaseDTO[testName=null, id=1405]], FeedbackDTO[id=958, text=null, detailText=null, hasLongFeedbackText=false, reference=null, credits=3.230769230769231, positive=true, type=AUTOMATIC, visibility=ALWAYS, testCase=TestCaseDTO[testName=null, id=1415]]], assessmentType=AUTOMATIC, hasComplaint=null, exampleResult=null, testCaseCount=13, passedTestCaseCount=1, codeIssueCount=0]], BuildJobQueueItem[id=20261739576743984, name=SHORT53C73BE505404043100AC2F00C039353CE8FTSTEXC-LOCALVCCIINTSTUDENT1, buildAgent=BuildAgentDTO[name=artemis-build-agent-test, memberAddress=[127.0.0.1]:5703, displayName=artemis-build-agent-test], participationId=2026, courseId=991, exerciseId=2608, retryCount=0, priority=1, status=SUCCESSFUL, repositoryInfo=RepositoryInfo[repositoryName=short53c73be505404043100ac2f00c039353ce8ftstexc-localvcciintstudent1, repositoryType=user, triggeredByPushTo=user, assignmentRepositoryUri=http://localhost:49152/git/SHORT53C73BE505404043100AC2F00C039353CE8FTSTEXC/short53c73be505404043100ac2f00c039353ce8ftstexc-localvcciintstudent1.git, testRepositoryUri=http://localhost:49152/git/SHORT53C73BE505404043100AC2F00C039353CE8FTSTEXC/short53c73be505404043100ac2f00c039353ce8ftstexc-tests.git, solutionRepositoryUri=null, auxiliaryRepositoryUris=[Ljava.lang.String;@107a114d, auxiliaryRepositoryCheckoutDirectories=[Ljava.lang.String;@2dc277f9], jobTimingInfo=JobTimingInfo[submissionDate=2025-02-14T23:45:43.984518859Z[Etc/UTC], buildStartDate=2025-02-14T23:45:43.991385682Z[Etc/UTC], buildCompletionDate=2025-02-14T23:45:44.982059928Z[Etc/UTC], estimatedCompletionDate=2025-02-14T23:46:02.991380122Z[Etc/UTC], estimatedDuration=19], buildConfig=BuildConfig[buildScript=#!/bin/bash
cd /var/tmp/testing-dir
chmod +x ./gradlew
./gradlew clean test
, dockerImage=dummy-docker-image:latest, commitHashToBuild=3e90ae9fef2e44ffb41451a080bdaa6a44ad6848, assignmentCommitHash=3e90ae9fef2e44ffb41451a080bdaa6a44ad6848, testCommitHash=0582754c87aae13e640312855ce7dbe490ecb50c, branch=main, programmingLanguage=JAVA, projectType=PLAIN_GRADLE, scaEnabled=false, sequentialTestRunsEnabled=false, resultPaths=[/var/tmp/testing-dir/**/test-results/test/*.xml], timeoutSeconds=0, assignmentCheckoutPath=null, testCheckoutPath=null, solutionCheckoutPath=null, dockerRunConfig=null], submissionResult=ResultDTO[id=635, completionDate=2025-02-14T23:45:44.961313737Z[Etc/UTC], successful=false, score=7.7, rated=true, submission=SubmissionDTO[id=829, submitted=true, type=MANUAL, exampleSubmission=null, submissionDate=2025-02-14T23:45:43.967766Z, commitHash=3e90ae9fef2e44ffb41451a080bdaa6a44ad6848, buildFailed=false, buildArtifact=false, participation=ParticipationDTO[id=2026, testRun=false, type=programming, submissionCount=null, exercise=ParticipationExerciseDTO[id=2608, exerciseType=PROGRAMMING, type=programming, assessmentType=AUTOMATIC, dueDate=2025-02-16T23:45:43.597978Z, assessmentDueDate=null, maxPoints=42.0, course=CourseDTO[id=991, accuracyOfScores=1]]], submissionExerciseType=programming, isProcessing=false, buildStartDate=null, estimatedCompletionDate=null], participation=ParticipationDTO[id=2026, testRun=false, type=programming, submissionCount=null, exercise=ParticipationExerciseDTO[id=2608, exerciseType=PROGRAMMING, type=programming, assessmentType=AUTOMATIC, dueDate=2025-02-16T23:45:43.597978Z, assessmentDueDate=null, maxPoints=42.0, course=CourseDTO[id=991, accuracyOfScores=1]]], feedbacks=[FeedbackDTO[id=959, text=null, detailText=The exercise expects a class with the name Context in the package testpackage. You did not implement the class in the exercise., hasLongFeedbackText=false, reference=null, credits=0.0, positive=false, type=AUTOMATIC, visibility=ALWAYS, testCase=TestCaseDTO[testName=null, id=1448]], FeedbackDTO[id=960, text=null, detailText=The exercise expects a class with the name Policy in the package testpackage. You did not implement the class in the exercise., hasLongFeedbackText=false, reference=null, credits=0.0, positive=false, type=AUTOMATIC, visibility=ALWAYS, testCase=TestCaseDTO[testName=null, id=1449]], FeedbackDTO[id=961, text=null, detailText=The exercise expects a class with the name SortStrategy in the package testpackage. You did not implement the class in the exercise., hasLongFeedbackText=false, reference=null, credits=0.0, positive=false, type=AUTOMATIC, visibility=ALWAYS, testCase=TestCaseDTO[testName=null, id=1450]], FeedbackDTO[id=962, text=null, detailText=The class 'MergeSort' does not implement the interface 'SortStrategy' as expected. Implement the interface and its methods., hasLongFeedbackText=false, reference=null, credits=0.0, positive=false, type=AUTOMATIC, visibility=ALWAYS, testCase=TestCaseDTO[testName=null, id=1445]], FeedbackDTO[id=963, text=null, detailText=The exercise expects a class with the name SortStrategy in the package testpackage. You did not implement the class in the exercise., hasLongFeedbackText=false, reference=null, credits=0.0, positive=false, type=AUTOMATIC, visibility=ALWAYS, testCase=TestCaseDTO[testName=null, id=1442]], FeedbackDTO[id=964, text=null, detailText=The class 'BubbleSort' does not implement the interface 'SortStrategy' as expected. Implement the interface and its methods., hasLongFeedbackText=false, reference=null, credits=0.0, positive=false, type=AUTOMATIC, visibility=ALWAYS, testCase=TestCaseDTO[testName=null, id=1446]], FeedbackDTO[id=965, text=null, detailText=MergeSort does not sort correctly, hasLongFeedbackText=false, reference=null, credits=0.0, positive=false, type=AUTOMATIC, visibility=ALWAYS, testCase=TestCaseDTO[testName=null, id=1451]], FeedbackDTO[id=966, text=null, detailText=The class 'Context' was not found within the submission. Make sure to implement it properly., hasLongFeedbackText=false, reference=null, credits=0.0, positive=false, type=AUTOMATIC, visibility=ALWAYS, testCase=TestCaseDTO[testName=null, id=1452]], FeedbackDTO[id=967, text=null, detailText=The class 'Context' was not found within the submission. Make sure to implement it properly., hasLongFeedbackText=false, reference=null, credits=0.0, positive=false, type=AUTOMATIC, visibility=ALWAYS, testCase=TestCaseDTO[testName=null, id=1453]], FeedbackDTO[id=968, text=null, detailText=The exercise expects a class with the name Policy in the package testpackage. You did not implement the class in the exercise., hasLongFeedbackText=false, reference=null, credits=0.0, positive=false, type=AUTOMATIC, visibility=ALWAYS, testCase=TestCaseDTO[testName=null, id=1447]], FeedbackDTO[id=969, text=null, detailText=The exercise expects a class with the name Context in the package testpackage. You did not implement the class in the exercise., hasLongFeedbackText=false, reference=null, credits=0.0, positive=false, type=AUTOMATIC, visibility=ALWAYS, testCase=TestCaseDTO[testName=null, id=1443]], FeedbackDTO[id=970, text=null, detailText=The exercise expects a class with the name Policy in the package testpackage. You did not implement the class in the exercise., hasLongFeedbackText=false, reference=null, credits=0.0, positive=false, type=AUTOMATIC, visibility=ALWAYS, testCase=TestCaseDTO[testName=null, id=1444]], FeedbackDTO[id=971, text=null, detailText=null, hasLongFeedbackText=false, reference=null, credits=3.230769230769231, positive=true, type=AUTOMATIC, visibility=ALWAYS, testCase=TestCaseDTO[testName=null, id=1454]]], assessmentType=AUTOMATIC, hasComplaint=null, exampleResult=null, testCaseCount=13, passedTestCaseCount=1, codeIssueCount=0]]], publicSshKey=ssh-rsa AAAAB3NzaC1yc2EAAAADAQABAAACAQCOPdMsxRE2jFJ/UEa5/LsBxtwzJcrh3/rYBCQvcMeVpiRfhzQPWu7mrt/G2Ew+i+vRloGH9aqKg6dd1liRncao53Zmd/ePxoatXePNhmzTfkCkcSkTUz7B+QMjkoDDV5jwuFPD6mF3JkhuzSi64n9Zy905t4w2IhVcjM2mL3eYNjiCXt6Qpq3Pkt7dM/Ksw1nxnvuiIALuJLB3FTkXkHqq3PJav+9HSq2r6ZaWgekneaGxlQlb+U+Vy3XOuArKAzK8c8i+0bR+AHiTG6ncYXt7ax3U+TdlDTF7OLP3umwaYjs1NBXOHwG42pevvpKn2fqavZZozk+M05jXLx3bq0O7itxfErWc7etky8qYPyyIMF/txQIVLd78+Ze4d7Y60t5MGbXM5cGE6fFif5fEJwgswXD+BrG0cafz1CTatjSKFdvp8Vp4VszXhHDan1PrP6JEFJ5Cc5GDmLRZPCFa3vL9f5qXgf4bkqKN8MYeEujwJE5nMRWoiJVNakix2bcrrneQMBlnYeYZVWXXXUusAQBzl4NgddC1umZpihZkL1b1MffZAUW3EGEXi7KHnllQhkTLLsQ8ntMgbylqaJKStqaXlLvdeRJcEnUuiFCrHEVVbXRFZR7XVDZ02CE5o3MuaRPty8Kh+jRTF3COlAckHwYEJCNNJvXFgb2CNXL4mjzYDw== test@localhost]
    23:45:45.176 | 372 ool-1-worker-136 | DEBUG | d.t.c.a.a.c.u.util.UserUtilService   : 1 editors generated. Generate 2 instructors...
    23:45:45.177 | 566 localvc.event-13 | DEBUG | a.p.s.l.SharedQueueManagementService : Build agent updated: null
    23:45:45.181 | 372 ool-1-worker-136 | DEBUG | d.t.c.a.a.c.u.util.UserUtilService   : 2 instructors generated
    23:45:45.183 | 372 ool-1-worker-136 | DEBUG | d.t.c.a.a.c.u.util.UserUtilService   : Removing 6 users from all courses...
    23:45:45.184 | 372 ool-1-worker-136 | DEBUG | d.t.c.a.a.c.u.util.UserUtilService   : Removing 6 users from all courses. Done
    23:45:45.184 | 372 ool-1-worker-136 | DEBUG | d.t.c.a.a.c.u.util.UserUtilService   : Save 6 users to database...
    23:45:45.193 | 372 ool-1-worker-136 | DEBUG | d.t.c.a.a.c.u.util.UserUtilService   : Save 6 users to database. Done
    23:45:45.222 | 372 ool-1-worker-136 | INFO  | i.z.t.d.l.EmbeddedDatabaseReporter   : JDBC URL to connect to 'dataSource': url='jdbc:h2:tcp://localhost:41063/mem:df70fc46-7e57-4cb5-9cd0-c1d90c14afa7;USER=sa', scope='ExamAccessServiceTest#testCheckCourseAndExamAndExerciseGroupAccess'

  Starting logs for ExamAccessServiceTest > testGetExamInCourseElseThrow_success_studentOrCreateStudentExamPresent()
    23:45:45.237 | 372 ool-1-worker-136 | DEBUG | d.t.c.a.a.c.u.util.UserUtilService   : Generate 2 students...
    23:45:45.242 | 372 ool-1-worker-136 | DEBUG | d.t.c.a.a.c.u.util.UserUtilService   : 2 students generated. Generate 1 tutors...
    23:45:45.244 | 372 ool-1-worker-136 | DEBUG | d.t.c.a.a.c.u.util.UserUtilService   : 1 tutors generated. Generate 1 editors...
    23:45:45.247 | 372 ool-1-worker-136 | DEBUG | d.t.c.a.a.c.u.util.UserUtilService   : 1 editors generated. Generate 2 instructors...
    23:45:45.251 | 372 ool-1-worker-136 | DEBUG | d.t.c.a.a.c.u.util.UserUtilService   : 2 instructors generated
    23:45:45.253 | 372 ool-1-worker-136 | DEBUG | d.t.c.a.a.c.u.util.UserUtilService   : Removing 6 users from all courses...
    23:45:45.254 | 372 ool-1-worker-136 | DEBUG | d.t.c.a.a.c.u.util.UserUtilService   : Removing 6 users from all courses. Done
    23:45:45.254 | 372 ool-1-worker-136 | DEBUG | d.t.c.a.a.c.u.util.UserUtilService   : Save 6 users to database...
    23:45:45.263 | 372 ool-1-worker-136 | DEBUG | d.t.c.a.a.c.u.util.UserUtilService   : Save 6 users to database. Done
    23:45:45.293 | 372 ool-1-worker-136 | INFO  | i.z.t.d.l.EmbeddedDatabaseReporter   : JDBC URL to connect to 'dataSource': url='jdbc:h2:tcp://localhost:41063/mem:df70fc46-7e57-4cb5-9cd0-c1d90c14afa7;USER=sa', scope='ExamAccessServiceTest#testGetExamInCourseElseThrow_success_studentOrCreateStudentExamPresent'

  Starting logs for ExamAccessServiceTest > testCheckCourseAndExamAccess_conflict()
    23:45:45.315 | 372 ool-1-worker-136 | DEBUG | d.t.c.a.a.c.u.util.UserUtilService   : Generate 2 students...
    23:45:45.319 | 372 ool-1-worker-136 | DEBUG | d.t.c.a.a.c.u.util.UserUtilService   : 2 students generated. Generate 1 tutors...
    23:45:45.322 | 372 ool-1-worker-136 | DEBUG | d.t.c.a.a.c.u.util.UserUtilService   : 1 tutors generated. Generate 1 editors...
    23:45:45.325 | 372 ool-1-worker-136 | DEBUG | d.t.c.a.a.c.u.util.UserUtilService   : 1 editors generated. Generate 2 instructors...
    23:45:45.329 | 372 ool-1-worker-136 | DEBUG | d.t.c.a.a.c.u.util.UserUtilService   : 2 instructors generated
    23:45:45.331 | 372 ool-1-worker-136 | DEBUG | d.t.c.a.a.c.u.util.UserUtilService   : Removing 6 users from all courses...
    23:45:45.332 | 372 ool-1-worker-136 | DEBUG | d.t.c.a.a.c.u.util.UserUtilService   : Removing 6 users from all courses. Done
    23:45:45.332 | 372 ool-1-worker-136 | DEBUG | d.t.c.a.a.c.u.util.UserUtilService   : Save 6 users to database...
    23:45:45.343 | 372 ool-1-worker-136 | DEBUG | d.t.c.a.a.c.u.util.UserUtilService   : Save 6 users to database. Done
    23:45:45.372 | 372 ool-1-worker-136 | INFO  | i.z.t.d.l.EmbeddedDatabaseReporter   : JDBC URL to connect to 'dataSource': url='jdbc:h2:tcp://localhost:41063/mem:df70fc46-7e57-4cb5-9cd0-c1d90c14afa7;USER=sa', scope='ExamAccessServiceTest#testCheckCourseAndExamAccess_conflict'

  Starting logs for ExamAccessServiceTest > testCheckAndGetCourseAndExamAccessForConduction_registeredUser_noStudentExamPresent_examCanBeStarted()
    23:45:45.408 | 372 ool-1-worker-136 | DEBUG | d.t.c.a.a.c.u.util.UserUtilService   : Generate 2 students...
    23:45:45.418 | 372 ool-1-worker-136 | DEBUG | d.t.c.a.a.c.u.util.UserUtilService   : 2 students generated. Generate 1 tutors...
    23:45:45.421 | 372 ool-1-worker-136 | DEBUG | d.t.c.a.a.c.u.util.UserUtilService   : 1 tutors generated. Generate 1 editors...
    23:45:45.424 | 372 ool-1-worker-136 | DEBUG | d.t.c.a.a.c.u.util.UserUtilService   : 1 editors generated. Generate 2 instructors...
    23:45:45.427 | 372 ool-1-worker-136 | DEBUG | d.t.c.a.a.c.u.util.UserUtilService   : 2 instructors generated
    23:45:45.429 | 372 ool-1-worker-136 | DEBUG | d.t.c.a.a.c.u.util.UserUtilService   : Removing 6 users from all courses...
    23:45:45.430 | 372 ool-1-worker-136 | DEBUG | d.t.c.a.a.c.u.util.UserUtilService   : Removing 6 users from all courses. Done
    23:45:45.430 | 372 ool-1-worker-136 | DEBUG | d.t.c.a.a.c.u.util.UserUtilService   : Save 6 users to database...
    23:45:45.439 | 372 ool-1-worker-136 | DEBUG | d.t.c.a.a.c.u.util.UserUtilService   : Save 6 users to database. Done
    23:45:45.467 | 372 ool-1-worker-136 | INFO  | i.z.t.d.l.EmbeddedDatabaseReporter   : JDBC URL to connect to 'dataSource': url='jdbc:h2:tcp://localhost:41063/mem:df70fc46-7e57-4cb5-9cd0-c1d90c14afa7;USER=sa', scope='ExamAccessServiceTest#testCheckAndGetCourseAndExamAccessForConduction_registeredUser_noStudentExamPresent_examCanBeStarted'
    23:45:45.477 | 372 ool-1-worker-136 | INFO  | d.t.c.a.a.e.s.StudentExamService     : Generated 1 student exam for 377 in 1.54ms for exam 266

  Starting logs for ExamAccessServiceTest > testCheckCourseAndExamAndExerciseGroupAccess_badRequest()
    23:45:45.490 | 372 ool-1-worker-136 | DEBUG | d.t.c.a.a.c.u.util.UserUtilService   : Generate 2 students...
    23:45:45.494 | 372 ool-1-worker-136 | DEBUG | d.t.c.a.a.c.u.util.UserUtilService   : 2 students generated. Generate 1 tutors...
    23:45:45.497 | 372 ool-1-worker-136 | DEBUG | d.t.c.a.a.c.u.util.UserUtilService   : 1 tutors generated. Generate 1 editors...
    23:45:45.500 | 372 ool-1-worker-136 | DEBUG | d.t.c.a.a.c.u.util.UserUtilService   : 1 editors generated. Generate 2 instructors...
    23:45:45.503 | 372 ool-1-worker-136 | DEBUG | d.t.c.a.a.c.u.util.UserUtilService   : 2 instructors generated
    23:45:45.505 | 372 ool-1-worker-136 | DEBUG | d.t.c.a.a.c.u.util.UserUtilService   : Removing 6 users from all courses...
    23:45:45.506 | 372 ool-1-worker-136 | DEBUG | d.t.c.a.a.c.u.util.UserUtilService   : Removing 6 users from all courses. Done
    23:45:45.506 | 372 ool-1-worker-136 | DEBUG | d.t.c.a.a.c.u.util.UserUtilService   : Save 6 users to database...
    23:45:45.519 | 372 ool-1-worker-136 | DEBUG | d.t.c.a.a.c.u.util.UserUtilService   : Save 6 users to database. Done
    23:45:45.549 | 372 ool-1-worker-136 | INFO  | i.z.t.d.l.EmbeddedDatabaseReporter   : JDBC URL to connect to 'dataSource': url='jdbc:h2:tcp://localhost:41063/mem:df70fc46-7e57-4cb5-9cd0-c1d90c14afa7;USER=sa', scope='ExamAccessServiceTest#testCheckCourseAndExamAndExerciseGroupAccess_badRequest'

  Starting logs for ExamAccessServiceTest > testCheckAndGetCourseAndExamAccessForConduction_examIsVisible()
    23:45:45.565 | 372 ool-1-worker-136 | DEBUG | d.t.c.a.a.c.u.util.UserUtilService   : Generate 2 students...
    23:45:45.569 | 372 ool-1-worker-136 | DEBUG | d.t.c.a.a.c.u.util.UserUtilService   : 2 students generated. Generate 1 tutors...
    23:45:45.572 | 372 ool-1-worker-136 | DEBUG | d.t.c.a.a.c.u.util.UserUtilService   : 1 tutors generated. Generate 1 editors...
    23:45:45.575 | 372 ool-1-worker-136 | DEBUG | d.t.c.a.a.c.u.util.UserUtilService   : 1 editors generated. Generate 2 instructors...
    23:45:45.578 | 372 ool-1-worker-136 | DEBUG | d.t.c.a.a.c.u.util.UserUtilService   : 2 instructors generated
    23:45:45.580 | 372 ool-1-worker-136 | DEBUG | d.t.c.a.a.c.u.util.UserUtilService   : Removing 6 users from all courses...
    23:45:45.581 | 372 ool-1-worker-136 | DEBUG | d.t.c.a.a.c.u.util.UserUtilService   : Removing 6 users from all courses. Done
    23:45:45.581 | 372 ool-1-worker-136 | DEBUG | d.t.c.a.a.c.u.util.UserUtilService   : Save 6 users to database...
    23:45:45.593 | 372 ool-1-worker-136 | DEBUG | d.t.c.a.a.c.u.util.UserUtilService   : Save 6 users to database. Done
    23:45:45.626 | 372 ool-1-worker-136 | INFO  | i.z.t.d.l.EmbeddedDatabaseReporter   : JDBC URL to connect to 'dataSource': url='jdbc:h2:tcp://localhost:41063/mem:df70fc46-7e57-4cb5-9cd0-c1d90c14afa7;USER=sa', scope='ExamAccessServiceTest#testCheckAndGetCourseAndExamAccessForConduction_examIsVisible'

  Starting logs for ExamAccessServiceTest > testCheckCourseAndExamAndStudentExamAccess_conflict()
    23:45:45.643 | 372 ool-1-worker-136 | DEBUG | d.t.c.a.a.c.u.util.UserUtilService   : Generate 2 students...
    23:45:45.647 | 372 ool-1-worker-136 | DEBUG | d.t.c.a.a.c.u.util.UserUtilService   : 2 students generated. Generate 1 tutors...
    23:45:45.650 | 372 ool-1-worker-136 | DEBUG | d.t.c.a.a.c.u.util.UserUtilService   : 1 tutors generated. Generate 1 editors...
    23:45:45.652 | 372 ool-1-worker-136 | DEBUG | d.t.c.a.a.c.u.util.UserUtilService   : 1 editors generated. Generate 2 instructors...
    23:45:45.656 | 372 ool-1-worker-136 | DEBUG | d.t.c.a.a.c.u.util.UserUtilService   : 2 instructors generated
    23:45:45.658 | 372 ool-1-worker-136 | DEBUG | d.t.c.a.a.c.u.util.UserUtilService   : Removing 6 users from all courses...
    23:45:45.659 | 372 ool-1-worker-136 | DEBUG | d.t.c.a.a.c.u.util.UserUtilService   : Removing 6 users from all courses. Done
    23:45:45.659 | 372 ool-1-worker-136 | DEBUG | d.t.c.a.a.c.u.util.UserUtilService   : Save 6 users to database...
    23:45:45.671 | 372 ool-1-worker-136 | DEBUG | d.t.c.a.a.c.u.util.UserUtilService   : Save 6 users to database. Done
    23:45:45.708 | 372 ool-1-worker-136 | INFO  | i.z.t.d.l.EmbeddedDatabaseReporter   : JDBC URL to connect to 'dataSource': url='jdbc:h2:tcp://localhost:41063/mem:df70fc46-7e57-4cb5-9cd0-c1d90c14afa7;USER=sa', scope='ExamAccessServiceTest#testCheckCourseAndExamAndStudentExamAccess_conflict'

  Starting logs for ExamAccessServiceTest > testCheckAndGetCourseAndExamAccessForConduction_examBelongsToCourse()
    23:45:45.741 | 372 ool-1-worker-136 | DEBUG | d.t.c.a.a.c.u.util.UserUtilService   : Generate 2 students...
    23:45:45.748 | 372 ool-1-worker-136 | DEBUG | d.t.c.a.a.c.u.util.UserUtilService   : 2 students generated. Generate 1 tutors...
    23:45:45.754 | 372 ool-1-worker-136 | DEBUG | d.t.c.a.a.c.u.util.UserUtilService   : 1 tutors generated. Generate 1 editors...
    23:45:45.758 | 372 ool-1-worker-136 | DEBUG | d.t.c.a.a.c.u.util.UserUtilService   : 1 editors generated. Generate 2 instructors...
    23:45:45.765 | 372 ool-1-worker-136 | DEBUG | d.t.c.a.a.c.u.util.UserUtilService   : 2 instructors generated
    23:45:45.769 | 372 ool-1-worker-136 | DEBUG | d.t.c.a.a.c.u.util.UserUtilService   : Removing 6 users from all courses...
    23:45:45.770 | 372 ool-1-worker-136 | DEBUG | d.t.c.a.a.c.u.util.UserUtilService   : Removing 6 users from all courses. Done
    23:45:45.770 | 372 ool-1-worker-136 | DEBUG | d.t.c.a.a.c.u.util.UserUtilService   : Save 6 users to database...
    23:45:45.792 | 372 ool-1-worker-136 | DEBUG | d.t.c.a.a.c.u.util.UserUtilService   : Save 6 users to database. Done
    23:45:45.823 | 372 ool-1-worker-136 | INFO  | i.z.t.d.l.EmbeddedDatabaseReporter   : JDBC URL to connect to 'dataSource': url='jdbc:h2:tcp://localhost:41063/mem:df70fc46-7e57-4cb5-9cd0-c1d90c14afa7;USER=sa', scope='ExamAccessServiceTest#testCheckAndGetCourseAndExamAccessForConduction_examBelongsToCourse'

  Starting logs for ExamAccessServiceTest > testCheckAndGetCourseAndExamAccessForConduction_notRegisteredUser()
    23:45:45.844 | 372 ool-1-worker-136 | DEBUG | d.t.c.a.a.c.u.util.UserUtilService   : Generate 2 students...
    23:45:45.847 | 372 ool-1-worker-136 | DEBUG | d.t.c.a.a.c.u.util.UserUtilService   : 2 students generated. Generate 1 tutors...
    23:45:45.850 | 372 ool-1-worker-136 | DEBUG | d.t.c.a.a.c.u.util.UserUtilService   : 1 tutors generated. Generate 1 editors...
    23:45:45.853 | 372 ool-1-worker-136 | DEBUG | d.t.c.a.a.c.u.util.UserUtilService   : 1 editors generated. Generate 2 instructors...
    23:45:45.856 | 372 ool-1-worker-136 | DEBUG | d.t.c.a.a.c.u.util.UserUtilService   : 2 instructors generated
    23:45:45.858 | 372 ool-1-worker-136 | DEBUG | d.t.c.a.a.c.u.util.UserUtilService   : Removing 6 users from all courses...
    23:45:45.859 | 372 ool-1-worker-136 | DEBUG | d.t.c.a.a.c.u.util.UserUtilService   : Removing 6 users from all courses. Done
    23:45:45.859 | 372 ool-1-worker-136 | DEBUG | d.t.c.a.a.c.u.util.UserUtilService   : Save 6 users to database...
    23:45:45.869 | 372 ool-1-worker-136 | DEBUG | d.t.c.a.a.c.u.util.UserUtilService   : Save 6 users to database. Done
    23:45:45.912 | 372 ool-1-worker-136 | INFO  | i.z.t.d.l.EmbeddedDatabaseReporter   : JDBC URL to connect to 'dataSource': url='jdbc:h2:tcp://localhost:41063/mem:df70fc46-7e57-4cb5-9cd0-c1d90c14afa7;USER=sa', scope='ExamAccessServiceTest#testCheckAndGetCourseAndExamAccessForConduction_notRegisteredUser'

  Starting logs for ExamAccessServiceTest > testGetOrCreateStudentExamElseThrow_notVisible()
    23:45:45.930 | 372 ool-1-worker-136 | DEBUG | d.t.c.a.a.c.u.util.UserUtilService   : Generate 2 students...
    23:45:45.934 | 372 ool-1-worker-136 | DEBUG | d.t.c.a.a.c.u.util.UserUtilService   : 2 students generated. Generate 1 tutors...
    23:45:45.939 | 372 ool-1-worker-136 | DEBUG | d.t.c.a.a.c.u.util.UserUtilService   : 1 tutors generated. Generate 1 editors...
    23:45:45.942 | 372 ool-1-worker-136 | DEBUG | d.t.c.a.a.c.u.util.UserUtilService   : 1 editors generated. Generate 2 instructors...
    23:45:45.947 | 372 ool-1-worker-136 | DEBUG | d.t.c.a.a.c.u.util.UserUtilService   : 2 instructors generated
    23:45:45.949 | 372 ool-1-worker-136 | DEBUG | d.t.c.a.a.c.u.util.UserUtilService   : Removing 6 users from all courses...
    23:45:45.951 | 372 ool-1-worker-136 | DEBUG | d.t.c.a.a.c.u.util.UserUtilService   : Removing 6 users from all courses. Done
    23:45:45.951 | 372 ool-1-worker-136 | DEBUG | d.t.c.a.a.c.u.util.UserUtilService   : Save 6 users to database...
    23:45:45.964 | 372 ool-1-worker-136 | DEBUG | d.t.c.a.a.c.u.util.UserUtilService   : Save 6 users to database. Done
    23:45:45.997 | 372 ool-1-worker-136 | INFO  | i.z.t.d.l.EmbeddedDatabaseReporter   : JDBC URL to connect to 'dataSource': url='jdbc:h2:tcp://localhost:41063/mem:df70fc46-7e57-4cb5-9cd0-c1d90c14afa7;USER=sa', scope='ExamAccessServiceTest#testGetOrCreateStudentExamElseThrow_notVisible'

  Starting logs for ExamAccessServiceTest > testCheckAndGetCourseAndExamAccessForConduction_registeredUser_noStudentExamPresent_examCannotBeStarted()
    23:45:46.031 | 372 ool-1-worker-136 | DEBUG | d.t.c.a.a.c.u.util.UserUtilService   : Generate 2 students...
    23:45:46.043 | 372 ool-1-worker-136 | DEBUG | d.t.c.a.a.c.u.util.UserUtilService   : 2 students generated. Generate 1 tutors...
    23:45:46.048 | 372 ool-1-worker-136 | DEBUG | d.t.c.a.a.c.u.util.UserUtilService   : 1 tutors generated. Generate 1 editors...
    23:45:46.055 | 372 ool-1-worker-136 | DEBUG | d.t.c.a.a.c.u.util.UserUtilService   : 1 editors generated. Generate 2 instructors...
    23:45:46.062 | 372 ool-1-worker-136 | DEBUG | d.t.c.a.a.c.u.util.UserUtilService   : 2 instructors generated
    23:45:46.063 | 372 ool-1-worker-136 | DEBUG | d.t.c.a.a.c.u.util.UserUtilService   : Removing 6 users from all courses...
    23:45:46.068 | 372 ool-1-worker-136 | DEBUG | d.t.c.a.a.c.u.util.UserUtilService   : Removing 6 users from all courses. Done
    23:45:46.068 | 372 ool-1-worker-136 | DEBUG | d.t.c.a.a.c.u.util.UserUtilService   : Save 6 users to database...
    23:45:46.094 | 372 ool-1-worker-136 | DEBUG | d.t.c.a.a.c.u.util.UserUtilService   : Save 6 users to database. Done
    23:45:46.168 | 372 ool-1-worker-136 | INFO  | i.z.t.d.l.EmbeddedDatabaseReporter   : JDBC URL to connect to 'dataSource': url='jdbc:h2:tcp://localhost:41063/mem:df70fc46-7e57-4cb5-9cd0-c1d90c14afa7;USER=sa', scope='ExamAccessServiceTest#testCheckAndGetCourseAndExamAccessForConduction_registeredUser_noStudentExamPresent_examCannotBeStarted'

  Starting logs for ExamAccessServiceTest > testCheckCourseAccess_asTutor()
    23:45:46.198 | 372 ool-1-worker-136 | DEBUG | d.t.c.a.a.c.u.util.UserUtilService   : Generate 2 students...
    23:45:46.202 | 372 ool-1-worker-136 | DEBUG | d.t.c.a.a.c.u.util.UserUtilService   : 2 students generated. Generate 1 tutors...
    23:45:46.204 | 372 ool-1-worker-136 | DEBUG | d.t.c.a.a.c.u.util.UserUtilService   : 1 tutors generated. Generate 1 editors...
    23:45:46.207 | 372 ool-1-worker-136 | DEBUG | d.t.c.a.a.c.u.util.UserUtilService   : 1 editors generated. Generate 2 instructors...
    23:45:46.214 | 372 ool-1-worker-136 | DEBUG | d.t.c.a.a.c.u.util.UserUtilService   : 2 instructors generated
    23:45:46.219 | 372 ool-1-worker-136 | DEBUG | d.t.c.a.a.c.u.util.UserUtilService   : Removing 6 users from all courses...
    23:45:46.220 | 372 ool-1-worker-136 | DEBUG | d.t.c.a.a.c.u.util.UserUtilService   : Removing 6 users from all courses. Done
    23:45:46.220 | 372 ool-1-worker-136 | DEBUG | d.t.c.a.a.c.u.util.UserUtilService   : Save 6 users to database...
    23:45:46.246 | 372 ool-1-worker-136 | DEBUG | d.t.c.a.a.c.u.util.UserUtilService   : Save 6 users to database. Done
    23:45:46.297 | 372 ool-1-worker-136 | INFO  | i.z.t.d.l.EmbeddedDatabaseReporter   : JDBC URL to connect to 'dataSource': url='jdbc:h2:tcp://localhost:41063/mem:df70fc46-7e57-4cb5-9cd0-c1d90c14afa7;USER=sa', scope='ExamAccessServiceTest#testCheckCourseAccess_asTutor'

  Starting logs for ExamAccessServiceTest > testGetOrCreateStudentExamAccess()
    23:45:46.319 | 372 ool-1-worker-136 | DEBUG | d.t.c.a.a.c.u.util.UserUtilService   : Generate 2 students...
    23:45:46.323 | 372 ool-1-worker-136 | DEBUG | d.t.c.a.a.c.u.util.UserUtilService   : 2 students generated. Generate 1 tutors...
    23:45:46.326 | 372 ool-1-worker-136 | DEBUG | d.t.c.a.a.c.u.util.UserUtilService   : 1 tutors generated. Generate 1 editors...
    23:45:46.329 | 372 ool-1-worker-136 | DEBUG | d.t.c.a.a.c.u.util.UserUtilService   : 1 editors generated. Generate 2 instructors...
    23:45:46.335 | 372 ool-1-worker-136 | DEBUG | d.t.c.a.a.c.u.util.UserUtilService   : 2 instructors generated
    23:45:46.337 | 372 ool-1-worker-136 | DEBUG | d.t.c.a.a.c.u.util.UserUtilService   : Removing 6 users from all courses...
    23:45:46.338 | 372 ool-1-worker-136 | DEBUG | d.t.c.a.a.c.u.util.UserUtilService   : Removing 6 users from all courses. Done
    23:45:46.338 | 372 ool-1-worker-136 | DEBUG | d.t.c.a.a.c.u.util.UserUtilService   : Save 6 users to database...
    23:45:46.355 | 372 ool-1-worker-136 | DEBUG | d.t.c.a.a.c.u.util.UserUtilService   : Save 6 users to database. Done
    23:45:46.386 | 372 ool-1-worker-136 | INFO  | i.z.t.d.l.EmbeddedDatabaseReporter   : JDBC URL to connect to 'dataSource': url='jdbc:h2:tcp://localhost:41063/mem:df70fc46-7e57-4cb5-9cd0-c1d90c14afa7;USER=sa', scope='ExamAccessServiceTest#testGetOrCreateStudentExamAccess'

  Starting logs for ExamAccessServiceTest > testGetOrCreateStudentExamElseThrow_tutor_skipAlert()
    23:45:46.424 | 372 ool-1-worker-136 | DEBUG | d.t.c.a.a.c.u.util.UserUtilService   : Generate 2 students...
    23:45:46.436 | 372 ool-1-worker-136 | DEBUG | d.t.c.a.a.c.u.util.UserUtilService   : 2 students generated. Generate 1 tutors...
    23:45:46.442 | 372 ool-1-worker-136 | DEBUG | d.t.c.a.a.c.u.util.UserUtilService   : 1 tutors generated. Generate 1 editors...
    23:45:46.448 | 372 ool-1-worker-136 | DEBUG | d.t.c.a.a.c.u.util.UserUtilService   : 1 editors generated. Generate 2 instructors...
    23:45:46.464 | 372 ool-1-worker-136 | DEBUG | d.t.c.a.a.c.u.util.UserUtilService   : 2 instructors generated
    23:45:46.468 | 372 ool-1-worker-136 | DEBUG | d.t.c.a.a.c.u.util.UserUtilService   : Removing 5 users from all courses...
    23:45:46.469 | 372 ool-1-worker-136 | DEBUG | d.t.c.a.a.c.u.util.UserUtilService   : Removing 5 users from all courses. Done
    23:45:46.469 | 372 ool-1-worker-136 | DEBUG | d.t.c.a.a.c.u.util.UserUtilService   : Save 6 users to database...
    23:45:46.497 | 372 ool-1-worker-136 | DEBUG | d.t.c.a.a.c.u.util.UserUtilService   : Save 6 users to database. Done
    23:45:46.544 | 372 ool-1-worker-136 | INFO  | i.z.t.d.l.EmbeddedDatabaseReporter   : JDBC URL to connect to 'dataSource': url='jdbc:h2:tcp://localhost:41063/mem:df70fc46-7e57-4cb5-9cd0-c1d90c14afa7;USER=sa', scope='ExamAccessServiceTest#testGetOrCreateStudentExamElseThrow_tutor_skipAlert'

  Starting logs for ExamAccessServiceTest > testCheckCourseAccess_asStudent()
    23:45:46.563 | 372 ool-1-worker-136 | DEBUG | d.t.c.a.a.c.u.util.UserUtilService   : Generate 2 students...
    23:45:46.568 | 372 ool-1-worker-136 | DEBUG | d.t.c.a.a.c.u.util.UserUtilService   : 2 students generated. Generate 1 tutors...
    23:45:46.570 | 372 ool-1-worker-136 | DEBUG | d.t.c.a.a.c.u.util.UserUtilService   : 1 tutors generated. Generate 1 editors...
    23:45:46.576 | 372 ool-1-worker-136 | DEBUG | d.t.c.a.a.c.u.util.UserUtilService   : 1 editors generated. Generate 2 instructors...
    23:45:46.586 | 372 ool-1-worker-136 | DEBUG | d.t.c.a.a.c.u.util.UserUtilService   : 2 instructors generated
    23:45:46.588 | 372 ool-1-worker-136 | DEBUG | d.t.c.a.a.c.u.util.UserUtilService   : Removing 6 users from all courses...
    23:45:46.592 | 372 ool-1-worker-136 | DEBUG | d.t.c.a.a.c.u.util.UserUtilService   : Removing 6 users from all courses. Done
    23:45:46.592 | 372 ool-1-worker-136 | DEBUG | d.t.c.a.a.c.u.util.UserUtilService   : Save 6 users to database...
    23:45:46.616 | 372 ool-1-worker-136 | DEBUG | d.t.c.a.a.c.u.util.UserUtilService   : Save 6 users to database. Done
    23:45:46.677 | 372 ool-1-worker-136 | INFO  | i.z.t.d.l.EmbeddedDatabaseReporter   : JDBC URL to connect to 'dataSource': url='jdbc:h2:tcp://localhost:41063/mem:df70fc46-7e57-4cb5-9cd0-c1d90c14afa7;USER=sa', scope='ExamAccessServiceTest#testCheckCourseAccess_asStudent'

  Starting logs for ExamAccessServiceTest > testCheckCourseAndExamAndStudentExamAccess()
    23:45:46.705 | 372 ool-1-worker-136 | DEBUG | d.t.c.a.a.c.u.util.UserUtilService   : Generate 2 students...
    23:45:46.709 | 372 ool-1-worker-136 | DEBUG | d.t.c.a.a.c.u.util.UserUtilService   : 2 students generated. Generate 1 tutors...
    23:45:46.712 | 372 ool-1-worker-136 | DEBUG | d.t.c.a.a.c.u.util.UserUtilService   : 1 tutors generated. Generate 1 editors...
    23:45:46.714 | 372 ool-1-worker-136 | DEBUG | d.t.c.a.a.c.u.util.UserUtilService   : 1 editors generated. Generate 2 instructors...
    23:45:46.718 | 372 ool-1-worker-136 | DEBUG | d.t.c.a.a.c.u.util.UserUtilService   : 2 instructors generated
    23:45:46.720 | 372 ool-1-worker-136 | DEBUG | d.t.c.a.a.c.u.util.UserUtilService   : Removing 6 users from all courses...
    23:45:46.721 | 372 ool-1-worker-136 | DEBUG | d.t.c.a.a.c.u.util.UserUtilService   : Removing 6 users from all courses. Done
    23:45:46.721 | 372 ool-1-worker-136 | DEBUG | d.t.c.a.a.c.u.util.UserUtilService   : Save 6 users to database...
    23:45:46.736 | 372 ool-1-worker-136 | DEBUG | d.t.c.a.a.c.u.util.UserUtilService   : Save 6 users to database. Done
    23:45:46.769 | 372 ool-1-worker-136 | INFO  | i.z.t.d.l.EmbeddedDatabaseReporter   : JDBC URL to connect to 'dataSource': url='jdbc:h2:tcp://localhost:41063/mem:df70fc46-7e57-4cb5-9cd0-c1d90c14afa7;USER=sa', scope='ExamAccessServiceTest#testCheckCourseAndExamAndStudentExamAccess'

  Starting logs for ExamAccessServiceTest > testCheckCourseAndExamAccess_notFound()
    23:45:46.790 | 372 ool-1-worker-136 | DEBUG | d.t.c.a.a.c.u.util.UserUtilService   : Generate 2 students...
    23:45:46.794 | 372 ool-1-worker-136 | DEBUG | d.t.c.a.a.c.u.util.UserUtilService   : 2 students generated. Generate 1 tutors...
    23:45:46.797 | 372 ool-1-worker-136 | DEBUG | d.t.c.a.a.c.u.util.UserUtilService   : 1 tutors generated. Generate 1 editors...
    23:45:46.800 | 372 ool-1-worker-136 | DEBUG | d.t.c.a.a.c.u.util.UserUtilService   : 1 editors generated. Generate 2 instructors...
    23:45:46.804 | 372 ool-1-worker-136 | DEBUG | d.t.c.a.a.c.u.util.UserUtilService   : 2 instructors generated
    23:45:46.805 | 372 ool-1-worker-136 | DEBUG | d.t.c.a.a.c.u.util.UserUtilService   : Removing 6 users from all courses...
    23:45:46.807 | 372 ool-1-worker-136 | DEBUG | d.t.c.a.a.c.u.util.UserUtilService   : Removing 6 users from all courses. Done
    23:45:46.807 | 372 ool-1-worker-136 | DEBUG | d.t.c.a.a.c.u.util.UserUtilService   : Save 6 users to database...
    23:45:46.822 | 372 ool-1-worker-136 | DEBUG | d.t.c.a.a.c.u.util.UserUtilService   : Save 6 users to database. Done
    23:45:46.874 | 372 ool-1-worker-136 | INFO  | i.z.t.d.l.EmbeddedDatabaseReporter   : JDBC URL to connect to 'dataSource': url='jdbc:h2:tcp://localhost:41063/mem:df70fc46-7e57-4cb5-9cd0-c1d90c14afa7;USER=sa', scope='ExamAccessServiceTest#testCheckCourseAndExamAccess_notFound'
    23:45:46.895 | 566 localvc.event-13 | DEBUG | a.a.b.s.SharedQueueProcessingService : CIBuildJobQueueItem added to queue: BuildJobQueueItem[id=20271739576746886, name=SHORT0FC863930E92904248098A506171F81CF6CFTSTEXC-SOLUTION, buildAgent=BuildAgentDTO[name=null, memberAddress=null, displayName=null], participationId=2027, courseId=992, exerciseId=2609, retryCount=0, priority=2, status=null, repositoryInfo=RepositoryInfo[repositoryName=short0fc863930e92904248098a506171f81cf6cftstexc-solution, repositoryType=solution, triggeredByPushTo=auxiliary, assignmentRepositoryUri=http://localhost:49152/git/SHORT0FC863930E92904248098A506171F81CF6CFTSTEXC/short0fc863930e92904248098a506171f81cf6cftstexc-solution.git, testRepositoryUri=http://localhost:49152/git/SHORT0FC863930E92904248098A506171F81CF6CFTSTEXC/short0fc863930e92904248098a506171f81cf6cftstexc-tests.git, solutionRepositoryUri=null, auxiliaryRepositoryUris=[Ljava.lang.String;@20d453ff, auxiliaryRepositoryCheckoutDirectories=[Ljava.lang.String;@60e4ced1], jobTimingInfo=JobTimingInfo[submissionDate=2025-02-14T23:45:46.886984066Z[Etc/UTC], buildStartDate=null, buildCompletionDate=null, estimatedCompletionDate=null, estimatedDuration=19], buildConfig=BuildConfig[buildScript=#!/bin/bash
cd /var/tmp/testing-dir
chmod +x ./gradlew
./gradlew clean test
, dockerImage=dummy-docker-image:latest, commitHashToBuild=null, assignmentCommitHash=115a2e943bee242fdad360b50d8ad5f30792577e, testCommitHash=9b3a9bd71a0d80e5bbc42204c319ed3d1d4f0d6d, branch=main, programmingLanguage=JAVA, projectType=PLAIN_GRADLE, scaEnabled=false, sequentialTestRunsEnabled=false, resultPaths=[/var/tmp/testing-dir/**/test-results/test/*.xml], timeoutSeconds=0, assignmentCheckoutPath=null, testCheckoutPath=null, solutionCheckoutPath=null, dockerRunConfig=null], submissionResult=null]
    23:45:46.895 | 566 localvc.event-13 | DEBUG | a.a.b.s.SharedQueueProcessingService : Current queued items: 1
    23:45:46.895 | 566 localvc.event-13 | DEBUG | a.a.b.s.SharedQueueProcessingService : Currently processing jobs on this node: 0, active threads in Pool: 0, maximum pool size of thread executor : 1
    23:45:46.897 | 566 localvc.event-13 | DEBUG | a.a.b.s.SharedQueueProcessingService : Currently processing jobs on this node: 0, active threads in Pool: 0, maximum pool size of thread executor : 1
    23:45:46.898 | 564 localvc.event-11 | DEBUG | a.p.s.l.LocalCIQueueWebsocketService : CIBuildJobQueueItem added to processing jobs: BuildJobQueueItem[id=20271739576746886, name=SHORT0FC863930E92904248098A506171F81CF6CFTSTEXC-SOLUTION, buildAgent=BuildAgentDTO[name=artemis-build-agent-test, memberAddress=[127.0.0.1]:5703, displayName=artemis-build-agent-test], participationId=2027, courseId=992, exerciseId=2609, retryCount=0, priority=2, status=null, repositoryInfo=RepositoryInfo[repositoryName=short0fc863930e92904248098a506171f81cf6cftstexc-solution, repositoryType=solution, triggeredByPushTo=auxiliary, assignmentRepositoryUri=http://localhost:49152/git/SHORT0FC863930E92904248098A506171F81CF6CFTSTEXC/short0fc863930e92904248098a506171f81cf6cftstexc-solution.git, testRepositoryUri=http://localhost:49152/git/SHORT0FC863930E92904248098A506171F81CF6CFTSTEXC/short0fc863930e92904248098a506171f81cf6cftstexc-tests.git, solutionRepositoryUri=null, auxiliaryRepositoryUris=[Ljava.lang.String;@299d336e, auxiliaryRepositoryCheckoutDirectories=[Ljava.lang.String;@214ccf48], jobTimingInfo=JobTimingInfo[submissionDate=2025-02-14T23:45:46.886984066Z[Etc/UTC], buildStartDate=2025-02-14T23:45:46.897709578Z[Etc/UTC], buildCompletionDate=null, estimatedCompletionDate=2025-02-14T23:46:05.897701272Z[Etc/UTC], estimatedDuration=19], buildConfig=BuildConfig[buildScript=#!/bin/bash
cd /var/tmp/testing-dir
chmod +x ./gradlew
./gradlew clean test
, dockerImage=dummy-docker-image:latest, commitHashToBuild=null, assignmentCommitHash=115a2e943bee242fdad360b50d8ad5f30792577e, testCommitHash=9b3a9bd71a0d80e5bbc42204c319ed3d1d4f0d6d, branch=main, programmingLanguage=JAVA, projectType=PLAIN_GRADLE, scaEnabled=false, sequentialTestRunsEnabled=false, resultPaths=[/var/tmp/testing-dir/**/test-results/test/*.xml], timeoutSeconds=0, assignmentCheckoutPath=null, testCheckoutPath=null, solutionCheckoutPath=null, dockerRunConfig=null], submissionResult=null]
    23:45:46.898 | 564 localvc.event-11 | DEBUG | s.l.LocalCIWebsocketMessagingService : Sending message on topic /topic/admin/running-jobs: [BuildJobQueueItem[id=20271739576746886, name=SHORT0FC863930E92904248098A506171F81CF6CFTSTEXC-SOLUTION, buildAgent=BuildAgentDTO[name=artemis-build-agent-test, memberAddress=[127.0.0.1]:5703, displayName=artemis-build-agent-test], participationId=2027, courseId=992, exerciseId=2609, retryCount=0, priority=2, status=null, repositoryInfo=RepositoryInfo[repositoryName=short0fc863930e92904248098a506171f81cf6cftstexc-solution, repositoryType=solution, triggeredByPushTo=auxiliary, assignmentRepositoryUri=, testRepositoryUri=, solutionRepositoryUri=, auxiliaryRepositoryUris=null, auxiliaryRepositoryCheckoutDirectories=null], jobTimingInfo=JobTimingInfo[submissionDate=2025-02-14T23:45:46.886984066Z[Etc/UTC], buildStartDate=2025-02-14T23:45:46.897709578Z[Etc/UTC], buildCompletionDate=null, estimatedCompletionDate=2025-02-14T23:46:05.897701272Z[Etc/UTC], estimatedDuration=19], buildConfig=BuildConfig[buildScript=, dockerImage=, commitHashToBuild=null, assignmentCommitHash=, testCommitHash=, branch=, programmingLanguage=null, projectType=null, scaEnabled=false, sequentialTestRunsEnabled=false, resultPaths=null, timeoutSeconds=0, assignmentCheckoutPath=, testCheckoutPath=, solutionCheckoutPath=, dockerRunConfig=null], submissionResult=null]]
    23:45:46.898 | 564 localvc.event-11 | DEBUG | s.l.LocalCIWebsocketMessagingService : Sending message on topic /topic/courses/992/running-jobs: [BuildJobQueueItem[id=20271739576746886, name=SHORT0FC863930E92904248098A506171F81CF6CFTSTEXC-SOLUTION, buildAgent=BuildAgentDTO[name=artemis-build-agent-test, memberAddress=[127.0.0.1]:5703, displayName=artemis-build-agent-test], participationId=2027, courseId=992, exerciseId=2609, retryCount=0, priority=2, status=null, repositoryInfo=RepositoryInfo[repositoryName=short0fc863930e92904248098a506171f81cf6cftstexc-solution, repositoryType=solution, triggeredByPushTo=auxiliary, assignmentRepositoryUri=, testRepositoryUri=, solutionRepositoryUri=, auxiliaryRepositoryUris=null, auxiliaryRepositoryCheckoutDirectories=null], jobTimingInfo=JobTimingInfo[submissionDate=2025-02-14T23:45:46.886984066Z[Etc/UTC], buildStartDate=2025-02-14T23:45:46.897709578Z[Etc/UTC], buildCompletionDate=null, estimatedCompletionDate=2025-02-14T23:46:05.897701272Z[Etc/UTC], estimatedDuration=19], buildConfig=BuildConfig[buildScript=, dockerImage=, commitHashToBuild=null, assignmentCommitHash=, testCommitHash=, branch=, programmingLanguage=null, projectType=null, scaEnabled=false, sequentialTestRunsEnabled=false, resultPaths=null, timeoutSeconds=0, assignmentCheckoutPath=, testCheckoutPath=, solutionCheckoutPath=, dockerRunConfig=null], submissionResult=null]]
    23:45:46.904 | 566 localvc.event-13 | INFO  | a.a.b.s.SharedQueueProcessingService : Processing build job: BuildJobQueueItem[id=20271739576746886, name=SHORT0FC863930E92904248098A506171F81CF6CFTSTEXC-SOLUTION, buildAgent=BuildAgentDTO[name=artemis-build-agent-test, memberAddress=[127.0.0.1]:5703, displayName=artemis-build-agent-test], participationId=2027, courseId=992, exerciseId=2609, retryCount=0, priority=2, status=null, repositoryInfo=RepositoryInfo[repositoryName=short0fc863930e92904248098a506171f81cf6cftstexc-solution, repositoryType=solution, triggeredByPushTo=auxiliary, assignmentRepositoryUri=http://localhost:49152/git/SHORT0FC863930E92904248098A506171F81CF6CFTSTEXC/short0fc863930e92904248098a506171f81cf6cftstexc-solution.git, testRepositoryUri=http://localhost:49152/git/SHORT0FC863930E92904248098A506171F81CF6CFTSTEXC/short0fc863930e92904248098a506171f81cf6cftstexc-tests.git, solutionRepositoryUri=null, auxiliaryRepositoryUris=[Ljava.lang.String;@1c1bc439, auxiliaryRepositoryCheckoutDirectories=[Ljava.lang.String;@417819ee], jobTimingInfo=JobTimingInfo[submissionDate=2025-02-14T23:45:46.886984066Z[Etc/UTC], buildStartDate=2025-02-14T23:45:46.897709578Z[Etc/UTC], buildCompletionDate=null, estimatedCompletionDate=2025-02-14T23:46:05.897701272Z[Etc/UTC], estimatedDuration=19], buildConfig=BuildConfig[buildScript=#!/bin/bash
cd /var/tmp/testing-dir
chmod +x ./gradlew
./gradlew clean test
, dockerImage=dummy-docker-image:latest, commitHashToBuild=null, assignmentCommitHash=115a2e943bee242fdad360b50d8ad5f30792577e, testCommitHash=9b3a9bd71a0d80e5bbc42204c319ed3d1d4f0d6d, branch=main, programmingLanguage=JAVA, projectType=PLAIN_GRADLE, scaEnabled=false, sequentialTestRunsEnabled=false, resultPaths=[/var/tmp/testing-dir/**/test-results/test/*.xml], timeoutSeconds=0, assignmentCheckoutPath=null, testCheckoutPath=null, solutionCheckoutPath=null, dockerRunConfig=null], submissionResult=null]

  Starting logs for ExamAccessServiceTest > testCheckAndGetCourseAndExamAccessForConduction_examExists()
    23:45:46.911 | 372 ool-1-worker-136 | DEBUG | d.t.c.a.a.c.u.util.UserUtilService   : Generate 2 students...
    23:45:46.915 | 372 ool-1-worker-136 | DEBUG | d.t.c.a.a.c.u.util.UserUtilService   : 2 students generated. Generate 1 tutors...
    23:45:46.918 | 372 ool-1-worker-136 | DEBUG | d.t.c.a.a.c.u.util.UserUtilService   : 1 tutors generated. Generate 1 editors...
    23:45:46.921 | 372 ool-1-worker-136 | DEBUG | d.t.c.a.a.c.u.util.UserUtilService   : 1 editors generated. Generate 2 instructors...
    23:45:46.925 | 372 ool-1-worker-136 | DEBUG | d.t.c.a.a.c.u.util.UserUtilService   : 2 instructors generated
    23:45:46.927 | 372 ool-1-worker-136 | DEBUG | d.t.c.a.a.c.u.util.UserUtilService   : Removing 6 users from all courses...
    23:45:46.930 | 372 ool-1-worker-136 | DEBUG | d.t.c.a.a.c.u.util.UserUtilService   : Removing 6 users from all courses. Done
    23:45:46.930 | 372 ool-1-worker-136 | DEBUG | d.t.c.a.a.c.u.util.UserUtilService   : Save 6 users to database...
    23:45:46.946 | 372 ool-1-worker-136 | DEBUG | d.t.c.a.a.c.u.util.UserUtilService   : Save 6 users to database. Done
    23:45:46.976 | 372 ool-1-worker-136 | INFO  | i.z.t.d.l.EmbeddedDatabaseReporter   : JDBC URL to connect to 'dataSource': url='jdbc:h2:tcp://localhost:41063/mem:df70fc46-7e57-4cb5-9cd0-c1d90c14afa7;USER=sa', scope='ExamAccessServiceTest#testCheckAndGetCourseAndExamAccessForConduction_examExists'

  Starting logs for ExamAccessServiceTest > testCheckCourseAccess_asEditor()
    23:45:46.993 | 372 ool-1-worker-136 | DEBUG | d.t.c.a.a.c.u.util.UserUtilService   : Generate 2 students...
    23:45:47.001 | 372 ool-1-worker-136 | DEBUG | d.t.c.a.a.c.u.util.UserUtilService   : 2 students generated. Generate 1 tutors...
    23:45:47.006 | 372 ool-1-worker-136 | DEBUG | d.t.c.a.a.c.u.util.UserUtilService   : 1 tutors generated. Generate 1 editors...
    23:45:47.015 | 372 ool-1-worker-136 | DEBUG | d.t.c.a.a.c.u.util.UserUtilService   : 1 editors generated. Generate 2 instructors...
    23:45:47.022 | 372 ool-1-worker-136 | DEBUG | d.t.c.a.a.c.u.util.UserUtilService   : 2 instructors generated
    23:45:47.027 | 372 ool-1-worker-136 | DEBUG | d.t.c.a.a.c.u.util.UserUtilService   : Removing 6 users from all courses...
    23:45:47.028 | 372 ool-1-worker-136 | DEBUG | d.t.c.a.a.c.u.util.UserUtilService   : Removing 6 users from all courses. Done
    23:45:47.028 | 372 ool-1-worker-136 | DEBUG | d.t.c.a.a.c.u.util.UserUtilService   : Save 6 users to database...
    23:45:47.068 | 372 ool-1-worker-136 | DEBUG | d.t.c.a.a.c.u.util.UserUtilService   : Save 6 users to database. Done
    23:45:47.112 | 372 ool-1-worker-136 | INFO  | i.z.t.d.l.EmbeddedDatabaseReporter   : JDBC URL to connect to 'dataSource': url='jdbc:h2:tcp://localhost:41063/mem:df70fc46-7e57-4cb5-9cd0-c1d90c14afa7;USER=sa', scope='ExamAccessServiceTest#testCheckCourseAccess_asEditor'

Finished logs for ExamAccessServiceTest
]]></system-out>
  <system-err><![CDATA[]]></system-err>
</testsuite>
