<?xml version="1.0" encoding="UTF-8"?>
<testsuite name="de.tum.cit.aet.artemis.text.TextComparisonTest" tests="1" skipped="0" failures="0" errors="0" timestamp="2025-02-14T23:46:32" hostname="fv-az1721-502" time="0.0">
  <properties/>
  <testcase name="compareSubmittedAnswers()" classname="de.tum.cit.aet.artemis.text.TextComparisonTest" time="0.0"/>
  <system-out><![CDATA[
Starting logs for TextComparisonTest

  Starting logs for TextComparisonTest > compareSubmittedAnswers()

Finished logs for TextComparisonTest
]]></system-out>
  <system-err><![CDATA[]]></system-err>
</testsuite>
