<?xml version="1.0" encoding="UTF-8"?>
<testsuite name="de.tum.cit.aet.artemis.tutorialgroup.TutorialGroupSessionIntegrationTest" tests="30" skipped="0" failures="0" errors="0" timestamp="2025-02-14T23:48:34" hostname="fv-az1721-502" time="2.471">
  <properties/>
  <testcase name="createNewSession_asInstructor_shouldCreateSession()" classname="de.tum.cit.aet.artemis.tutorialgroup.TutorialGroupSessionIntegrationTest" time="0.084"/>
  <testcase name="createNewSession_asEditor_shouldForbidSession()" classname="de.tum.cit.aet.artemis.tutorialgroup.TutorialGroupSessionIntegrationTest" time="0.052"/>
  <testcase name="activateCancelledSession_asEditor_shouldReturnForbidden()" classname="de.tum.cit.aet.artemis.tutorialgroup.TutorialGroupSessionIntegrationTest" time="0.051"/>
  <testcase name="updateSession_individualSession_shouldStillBeDisconnectedFromSchedule()" classname="de.tum.cit.aet.artemis.tutorialgroup.TutorialGroupSessionIntegrationTest" time="0.054"/>
  <testcase name="updateSession_nowOnTutorialGroupFreeDay_shouldUpdateAsCancelled()" classname="de.tum.cit.aet.artemis.tutorialgroup.TutorialGroupSessionIntegrationTest" time="0.054"/>
  <testcase name="updateAttendanceCount_asNotTutorOfGroup_shouldReturnForbidden()" classname="de.tum.cit.aet.artemis.tutorialgroup.TutorialGroupSessionIntegrationTest" time="0.104"/>
  <testcase name="createNewSession_onTutorialGroupFreeDay_shouldCreateAsCancelled()" classname="de.tum.cit.aet.artemis.tutorialgroup.TutorialGroupSessionIntegrationTest" time="0.081"/>
  <testcase name="updateSession_asNotTutorOfGroup_shouldReturnForbidden()" classname="de.tum.cit.aet.artemis.tutorialgroup.TutorialGroupSessionIntegrationTest" time="0.109"/>
  <testcase name="createNewSession_asTutorOfGroup_shouldCreateSession()" classname="de.tum.cit.aet.artemis.tutorialgroup.TutorialGroupSessionIntegrationTest" time="0.13"/>
  <testcase name="deleteSession_scheduledSession_shouldBeDeleted()" classname="de.tum.cit.aet.artemis.tutorialgroup.TutorialGroupSessionIntegrationTest" time="0.184"/>
  <testcase name="activateCancelledSession_asNotTutorOfGroup_shouldReturnForbidden()" classname="de.tum.cit.aet.artemis.tutorialgroup.TutorialGroupSessionIntegrationTest" time="0.106"/>
  <testcase name="cancelSession_asInstructor_shouldCancelSession()" classname="de.tum.cit.aet.artemis.tutorialgroup.TutorialGroupSessionIntegrationTest" time="0.057"/>
  <testcase name="cancelSession_asTutorOfGroup_shouldCancelSession()" classname="de.tum.cit.aet.artemis.tutorialgroup.TutorialGroupSessionIntegrationTest" time="0.075"/>
  <testcase name="updateAttendanceCount_asTutor_shouldUpdateAttendanceCount()" classname="de.tum.cit.aet.artemis.tutorialgroup.TutorialGroupSessionIntegrationTest" time="0.059"/>
  <testcase name="deleteSession_asEditor_shouldReturnForbidden()" classname="de.tum.cit.aet.artemis.tutorialgroup.TutorialGroupSessionIntegrationTest" time="0.057"/>
  <testcase name="cancelSession_asEditor_shouldReturnForbidden()" classname="de.tum.cit.aet.artemis.tutorialgroup.TutorialGroupSessionIntegrationTest" time="0.101"/>
  <testcase name="updateSession_scheduledSession_shouldBeDisconnectedFromSchedule()" classname="de.tum.cit.aet.artemis.tutorialgroup.TutorialGroupSessionIntegrationTest" time="0.165"/>
  <testcase name="getOneOfCourse_asUser_shouldReturnTutorialGroupSession()" classname="de.tum.cit.aet.artemis.tutorialgroup.TutorialGroupSessionIntegrationTest" time="0.057"/>
  <testcase name="activateCancelledSession_asTutorOfGroup_shouldActivateSession()" classname="de.tum.cit.aet.artemis.tutorialgroup.TutorialGroupSessionIntegrationTest" time="0.058"/>
  <testcase name="createNewSession_asNotTutorOfGroup_shouldForbidSession()" classname="de.tum.cit.aet.artemis.tutorialgroup.TutorialGroupSessionIntegrationTest" time="0.079"/>
  <testcase name="updateSession_wasCancelled_shouldNowBeActiveAgain()" classname="de.tum.cit.aet.artemis.tutorialgroup.TutorialGroupSessionIntegrationTest" time="0.108"/>
  <testcase name="updateSession_nowOverlapsWithPreviousTimeOfSameSession_shouldUpdateCorrectly()" classname="de.tum.cit.aet.artemis.tutorialgroup.TutorialGroupSessionIntegrationTest" time="0.06"/>
  <testcase name="createNewSession_overlapsWithExistingSession_shouldReturnBadRequest()" classname="de.tum.cit.aet.artemis.tutorialgroup.TutorialGroupSessionIntegrationTest" time="0.055"/>
  <testcase name="cancelSession_asNotTutorOfGroup_shouldReturnForbidden()" classname="de.tum.cit.aet.artemis.tutorialgroup.TutorialGroupSessionIntegrationTest" time="0.109"/>
  <testcase name="activateCancelledSession_asInstructor_shouldActivateSession()" classname="de.tum.cit.aet.artemis.tutorialgroup.TutorialGroupSessionIntegrationTest" time="0.058"/>
  <testcase name="deleteSession_asNotTutorOfGroup_shouldReturnForbidden()" classname="de.tum.cit.aet.artemis.tutorialgroup.TutorialGroupSessionIntegrationTest" time="0.053"/>
  <testcase name="updateSession_nowOverlapsWithOtherSession_shouldReturnBadRequest()" classname="de.tum.cit.aet.artemis.tutorialgroup.TutorialGroupSessionIntegrationTest" time="0.055"/>
  <testcase name="updateAttendanceCount_belowMinOrAboveMax_shouldReturnBadRequest()" classname="de.tum.cit.aet.artemis.tutorialgroup.TutorialGroupSessionIntegrationTest" time="0.065"/>
  <testcase name="deleteSession_individualSession_shouldBeDeleted()" classname="de.tum.cit.aet.artemis.tutorialgroup.TutorialGroupSessionIntegrationTest" time="0.065"/>
  <testcase name="updateSession_asEditor_shouldReturnForbidden()" classname="de.tum.cit.aet.artemis.tutorialgroup.TutorialGroupSessionIntegrationTest" time="0.065"/>
  <system-out><![CDATA[[INFO] /tmp/testLocalRepo13293838197966424854/assignment/src/de/test/Client.java: /tmp/testLocalRepo13293838197966424854/assignment/src/de/test/Client.java uses or overrides a deprecated API.
[INFO] /tmp/testLocalRepo13293838197966424854/assignment/src/de/test/Client.java: Recompile with -Xlint:deprecation for details.
[INFO] 
[INFO] --- enforcer:3.4.1:enforce (enforce-no-student-code-in-trusted-packages) @ c158e41e-2bc5-4031-b355-35c851ab1d47-Tests ---
[INFO] Rule 0: org.apache.maven.enforcer.rules.files.RequireFilesDontExist passed
[INFO] 
[INFO] --- resources:3.3.1:testResources (default-testResources) @ c158e41e-2bc5-4031-b355-35c851ab1d47-Tests ---
[INFO] Copying 7 resources from test to target/test-classes
[INFO] 
[INFO] --- compiler:3.13.0:testCompile (default-testCompile) @ c158e41e-2bc5-4031-b355-35c851ab1d47-Tests ---
[INFO] Recompiling the module because of changed dependency.
[INFO] Compiling 5 source files with javac [debug target 17] to target/test-classes
[INFO] 
[INFO] --- surefire:3.2.5:test (default-test) @ c158e41e-2bc5-4031-b355-35c851ab1d47-Tests ---
[INFO] Using auto detected provider org.apache.maven.surefire.junitplatform.JUnitPlatformProvider
[INFO] 
[INFO] -------------------------------------------------------
[INFO]  T E S T S
[INFO] -------------------------------------------------------
[INFO] Running de.test.ConstructorTest

Starting logs for TutorialGroupSessionIntegrationTest

  Starting logs for TutorialGroupSessionIntegrationTest > createNewSession_asInstructor_shouldCreateSession()
    23:48:34.144 | 113 Pool-1-worker-28 | DEBUG | d.t.c.a.a.c.u.util.UserUtilService   : Generate 1 students...
    23:48:34.146 | 113 Pool-1-worker-28 | DEBUG | d.t.c.a.a.c.u.util.UserUtilService   : 1 students generated. Generate 2 tutors...
    23:48:34.148 | 113 Pool-1-worker-28 | DEBUG | d.t.c.a.a.c.u.util.UserUtilService   : 2 tutors generated. Generate 1 editors...
    23:48:34.150 | 113 Pool-1-worker-28 | DEBUG | d.t.c.a.a.c.u.util.UserUtilService   : 1 editors generated. Generate 1 instructors...
    23:48:34.152 | 113 Pool-1-worker-28 | DEBUG | d.t.c.a.a.c.u.util.UserUtilService   : 1 instructors generated
    23:48:34.154 | 113 Pool-1-worker-28 | DEBUG | d.t.c.a.a.c.u.util.UserUtilService   : Removing 2 users from all courses...
    23:48:34.154 | 113 Pool-1-worker-28 | DEBUG | d.t.c.a.a.c.u.util.UserUtilService   : Removing 2 users from all courses. Done
    23:48:34.154 | 113 Pool-1-worker-28 | DEBUG | d.t.c.a.a.c.u.util.UserUtilService   : Save 5 users to database...
    23:48:34.156 | 113 Pool-1-worker-28 | DEBUG | d.t.c.a.a.c.u.util.UserUtilService   : Save 5 users to database. Done
    23:48:34.159 | 113 Pool-1-worker-28 | INFO  | i.z.t.d.l.EmbeddedDatabaseReporter   : JDBC URL to connect to 'dataSource': url='jdbc:h2:tcp://localhost:41063/mem:df70fc46-7e57-4cb5-9cd0-c1d90c14afa7;USER=sa', scope='TutorialGroupSessionIntegrationTest#createNewSession_asInstructor_shouldCreateSession'
    23:48:34.161 | 113 Pool-1-worker-28 | DEBUG | d.t.c.a.a.c.s.f.ApiVersionFilter     : Adding Version to Request POST /api/courses/3287/tutorial-groups/251/sessions
    23:48:34.176 | 113 Pool-1-worker-28 | DEBUG | a.a.t.w.TutorialGroupSessionResource : REST request to create TutorialGroupSession: TutorialGroupSessionDTO[date=2022-08-01, startTime=10:00, endTime=12:00, location=LoremIpsum] for tutorial group: 251

  Starting logs for TutorialGroupSessionIntegrationTest > createNewSession_asEditor_shouldForbidSession()
    23:48:34.230 | 113 Pool-1-worker-28 | DEBUG | d.t.c.a.a.c.u.util.UserUtilService   : Generate 1 students...
    23:48:34.233 | 113 Pool-1-worker-28 | DEBUG | d.t.c.a.a.c.u.util.UserUtilService   : 1 students generated. Generate 2 tutors...
    23:48:34.237 | 113 Pool-1-worker-28 | DEBUG | d.t.c.a.a.c.u.util.UserUtilService   : 2 tutors generated. Generate 1 editors...
    23:48:34.240 | 113 Pool-1-worker-28 | DEBUG | d.t.c.a.a.c.u.util.UserUtilService   : 1 editors generated. Generate 1 instructors...
    23:48:34.242 | 113 Pool-1-worker-28 | DEBUG | d.t.c.a.a.c.u.util.UserUtilService   : 1 instructors generated
    23:48:34.245 | 113 Pool-1-worker-28 | DEBUG | d.t.c.a.a.c.u.util.UserUtilService   : Removing 5 users from all courses...
    23:48:34.246 | 113 Pool-1-worker-28 | DEBUG | d.t.c.a.a.c.u.util.UserUtilService   : Removing 5 users from all courses. Done
    23:48:34.246 | 113 Pool-1-worker-28 | DEBUG | d.t.c.a.a.c.u.util.UserUtilService   : Save 5 users to database...
    23:48:34.256 | 113 Pool-1-worker-28 | DEBUG | d.t.c.a.a.c.u.util.UserUtilService   : Save 5 users to database. Done
    23:48:34.258 | 113 Pool-1-worker-28 | INFO  | i.z.t.d.l.EmbeddedDatabaseReporter   : JDBC URL to connect to 'dataSource': url='jdbc:h2:tcp://localhost:41063/mem:df70fc46-7e57-4cb5-9cd0-c1d90c14afa7;USER=sa', scope='TutorialGroupSessionIntegrationTest#createNewSession_asEditor_shouldForbidSession'
    23:48:34.260 | 113 Pool-1-worker-28 | DEBUG | d.t.c.a.a.c.s.f.ApiVersionFilter     : Adding Version to Request POST /api/courses/3288/tutorial-groups/252/sessions
    23:48:34.261 | 113 Pool-1-worker-28 | WARN  | o.z.p.spring.common.AdviceTraits     : Forbidden: Access Denied

  Starting logs for TutorialGroupSessionIntegrationTest > activateCancelledSession_asEditor_shouldReturnForbidden()
    23:48:34.283 | 113 Pool-1-worker-28 | DEBUG | d.t.c.a.a.c.u.util.UserUtilService   : Generate 1 students...
    23:48:34.286 | 113 Pool-1-worker-28 | DEBUG | d.t.c.a.a.c.u.util.UserUtilService   : 1 students generated. Generate 2 tutors...
    23:48:34.289 | 113 Pool-1-worker-28 | DEBUG | d.t.c.a.a.c.u.util.UserUtilService   : 2 tutors generated. Generate 1 editors...
    23:48:34.292 | 113 Pool-1-worker-28 | DEBUG | d.t.c.a.a.c.u.util.UserUtilService   : 1 editors generated. Generate 1 instructors...
    23:48:34.294 | 113 Pool-1-worker-28 | DEBUG | d.t.c.a.a.c.u.util.UserUtilService   : 1 instructors generated
    23:48:34.296 | 113 Pool-1-worker-28 | DEBUG | d.t.c.a.a.c.u.util.UserUtilService   : Removing 5 users from all courses...
    23:48:34.297 | 113 Pool-1-worker-28 | DEBUG | d.t.c.a.a.c.u.util.UserUtilService   : Removing 5 users from all courses. Done
    23:48:34.297 | 113 Pool-1-worker-28 | DEBUG | d.t.c.a.a.c.u.util.UserUtilService   : Save 5 users to database...
    23:48:34.302 | 113 Pool-1-worker-28 | DEBUG | d.t.c.a.a.c.u.util.UserUtilService   : Save 5 users to database. Done
    23:48:34.305 | 113 Pool-1-worker-28 | INFO  | i.z.t.d.l.EmbeddedDatabaseReporter   : JDBC URL to connect to 'dataSource': url='jdbc:h2:tcp://localhost:41063/mem:df70fc46-7e57-4cb5-9cd0-c1d90c14afa7;USER=sa', scope='TutorialGroupSessionIntegrationTest#activateCancelledSession_asEditor_shouldReturnForbidden'
    23:48:34.309 | 113 Pool-1-worker-28 | DEBUG | d.t.c.a.a.c.s.f.ApiVersionFilter     : Adding Version to Request POST /api/courses/3289/tutorial-groups/253/sessions/138/activate
    23:48:34.311 | 113 Pool-1-worker-28 | DEBUG | a.a.t.w.TutorialGroupSessionResource : REST request to activate session: 138 of tutorial group: 253 of course 3289
    23:48:34.314 | 113 Pool-1-worker-28 | WARN  | o.z.p.spring.common.AdviceTraits     : Forbidden: The user is not allowed to modify the sessions of tutorial group: 253

  Starting logs for TutorialGroupSessionIntegrationTest > updateSession_individualSession_shouldStillBeDisconnectedFromSchedule()
    23:48:34.336 | 113 Pool-1-worker-28 | DEBUG | d.t.c.a.a.c.u.util.UserUtilService   : Generate 1 students...
    23:48:34.339 | 113 Pool-1-worker-28 | DEBUG | d.t.c.a.a.c.u.util.UserUtilService   : 1 students generated. Generate 2 tutors...
    23:48:34.343 | 113 Pool-1-worker-28 | DEBUG | d.t.c.a.a.c.u.util.UserUtilService   : 2 tutors generated. Generate 1 editors...
    23:48:34.345 | 113 Pool-1-worker-28 | DEBUG | d.t.c.a.a.c.u.util.UserUtilService   : 1 editors generated. Generate 1 instructors...
    23:48:34.348 | 113 Pool-1-worker-28 | DEBUG | d.t.c.a.a.c.u.util.UserUtilService   : 1 instructors generated
    23:48:34.350 | 113 Pool-1-worker-28 | DEBUG | d.t.c.a.a.c.u.util.UserUtilService   : Removing 5 users from all courses...
    23:48:34.351 | 113 Pool-1-worker-28 | DEBUG | d.t.c.a.a.c.u.util.UserUtilService   : Removing 5 users from all courses. Done
    23:48:34.351 | 113 Pool-1-worker-28 | DEBUG | d.t.c.a.a.c.u.util.UserUtilService   : Save 5 users to database...
    23:48:34.355 | 113 Pool-1-worker-28 | DEBUG | d.t.c.a.a.c.u.util.UserUtilService   : Save 5 users to database. Done
    23:48:34.358 | 113 Pool-1-worker-28 | INFO  | i.z.t.d.l.EmbeddedDatabaseReporter   : JDBC URL to connect to 'dataSource': url='jdbc:h2:tcp://localhost:41063/mem:df70fc46-7e57-4cb5-9cd0-c1d90c14afa7;USER=sa', scope='TutorialGroupSessionIntegrationTest#updateSession_individualSession_shouldStillBeDisconnectedFromSchedule'
    23:48:34.360 | 113 Pool-1-worker-28 | DEBUG | d.t.c.a.a.c.s.f.ApiVersionFilter     : Adding Version to Request PUT /api/courses/3290/tutorial-groups/254/sessions/139
    23:48:34.362 | 113 Pool-1-worker-28 | DEBUG | a.a.t.w.TutorialGroupSessionResource : REST request to update session: 139 of tutorial group: 254 of course 3290

  Starting logs for TutorialGroupSessionIntegrationTest > updateSession_nowOnTutorialGroupFreeDay_shouldUpdateAsCancelled()
    23:48:34.392 | 113 Pool-1-worker-28 | DEBUG | d.t.c.a.a.c.u.util.UserUtilService   : Generate 1 students...
    23:48:34.395 | 113 Pool-1-worker-28 | DEBUG | d.t.c.a.a.c.u.util.UserUtilService   : 1 students generated. Generate 2 tutors...
    23:48:34.399 | 113 Pool-1-worker-28 | DEBUG | d.t.c.a.a.c.u.util.UserUtilService   : 2 tutors generated. Generate 1 editors...
    23:48:34.401 | 113 Pool-1-worker-28 | DEBUG | d.t.c.a.a.c.u.util.UserUtilService   : 1 editors generated. Generate 1 instructors...
    23:48:34.404 | 113 Pool-1-worker-28 | DEBUG | d.t.c.a.a.c.u.util.UserUtilService   : 1 instructors generated
    23:48:34.406 | 113 Pool-1-worker-28 | DEBUG | d.t.c.a.a.c.u.util.UserUtilService   : Removing 5 users from all courses...
    23:48:34.407 | 113 Pool-1-worker-28 | DEBUG | d.t.c.a.a.c.u.util.UserUtilService   : Removing 5 users from all courses. Done
    23:48:34.407 | 113 Pool-1-worker-28 | DEBUG | d.t.c.a.a.c.u.util.UserUtilService   : Save 5 users to database...
    23:48:34.411 | 113 Pool-1-worker-28 | DEBUG | d.t.c.a.a.c.u.util.UserUtilService   : Save 5 users to database. Done
    23:48:34.414 | 113 Pool-1-worker-28 | INFO  | i.z.t.d.l.EmbeddedDatabaseReporter   : JDBC URL to connect to 'dataSource': url='jdbc:h2:tcp://localhost:41063/mem:df70fc46-7e57-4cb5-9cd0-c1d90c14afa7;USER=sa', scope='TutorialGroupSessionIntegrationTest#updateSession_nowOnTutorialGroupFreeDay_shouldUpdateAsCancelled'
    23:48:34.417 | 113 Pool-1-worker-28 | DEBUG | d.t.c.a.a.c.s.f.ApiVersionFilter     : Adding Version to Request PUT /api/courses/3291/tutorial-groups/255/sessions/140
    23:48:34.418 | 113 Pool-1-worker-28 | DEBUG | a.a.t.w.TutorialGroupSessionResource : REST request to update session: 140 of tutorial group: 255 of course 3291

  Starting logs for TutorialGroupSessionIntegrationTest > updateAttendanceCount_asNotTutorOfGroup_shouldReturnForbidden()
    23:48:34.448 | 113 Pool-1-worker-28 | DEBUG | d.t.c.a.a.c.u.util.UserUtilService   : Generate 1 students...
    23:48:34.450 | 113 Pool-1-worker-28 | DEBUG | d.t.c.a.a.c.u.util.UserUtilService   : 1 students generated. Generate 2 tutors...
    23:48:34.454 | 113 Pool-1-worker-28 | DEBUG | d.t.c.a.a.c.u.util.UserUtilService   : 2 tutors generated. Generate 1 editors...
    23:48:34.457 | 113 Pool-1-worker-28 | DEBUG | d.t.c.a.a.c.u.util.UserUtilService   : 1 editors generated. Generate 1 instructors...
    23:48:34.459 | 113 Pool-1-worker-28 | DEBUG | d.t.c.a.a.c.u.util.UserUtilService   : 1 instructors generated
    23:48:34.461 | 113 Pool-1-worker-28 | DEBUG | d.t.c.a.a.c.u.util.UserUtilService   : Removing 5 users from all courses...
    23:48:34.462 | 113 Pool-1-worker-28 | DEBUG | d.t.c.a.a.c.u.util.UserUtilService   : Removing 5 users from all courses. Done
    23:48:34.462 | 113 Pool-1-worker-28 | DEBUG | d.t.c.a.a.c.u.util.UserUtilService   : Save 5 users to database...
    23:48:34.467 | 113 Pool-1-worker-28 | DEBUG | d.t.c.a.a.c.u.util.UserUtilService   : Save 5 users to database. Done
    23:48:34.470 | 113 Pool-1-worker-28 | INFO  | i.z.t.d.l.EmbeddedDatabaseReporter   : JDBC URL to connect to 'dataSource': url='jdbc:h2:tcp://localhost:41063/mem:df70fc46-7e57-4cb5-9cd0-c1d90c14afa7;USER=sa', scope='TutorialGroupSessionIntegrationTest#updateAttendanceCount_asNotTutorOfGroup_shouldReturnForbidden'
    23:48:34.472 | 113 Pool-1-worker-28 | DEBUG | d.t.c.a.a.c.s.f.ApiVersionFilter     : Adding Version to Request PATCH /api/courses/3292/tutorial-groups/256/sessions/141/attendance-count
    23:48:34.513 | 113 Pool-1-worker-28 | DEBUG | a.a.t.w.TutorialGroupSessionResource : REST request to update attendance count of session: 141 of tutorial group: 256 of course 3292 to 20
    23:48:34.520 | 113 Pool-1-worker-28 | WARN  | o.z.p.spring.common.AdviceTraits     : Forbidden: The user is not allowed to modify the sessions of tutorial group: 256

  Starting logs for TutorialGroupSessionIntegrationTest > createNewSession_onTutorialGroupFreeDay_shouldCreateAsCancelled()
    23:48:34.576 | 113 Pool-1-worker-28 | DEBUG | d.t.c.a.a.c.u.util.UserUtilService   : Generate 1 students...
    23:48:34.582 | 113 Pool-1-worker-28 | DEBUG | d.t.c.a.a.c.u.util.UserUtilService   : 1 students generated. Generate 2 tutors...
    23:48:34.589 | 113 Pool-1-worker-28 | DEBUG | d.t.c.a.a.c.u.util.UserUtilService   : 2 tutors generated. Generate 1 editors...
    23:48:34.595 | 113 Pool-1-worker-28 | DEBUG | d.t.c.a.a.c.u.util.UserUtilService   : 1 editors generated. Generate 1 instructors...
    23:48:34.598 | 113 Pool-1-worker-28 | DEBUG | d.t.c.a.a.c.u.util.UserUtilService   : 1 instructors generated
    23:48:34.600 | 113 Pool-1-worker-28 | DEBUG | d.t.c.a.a.c.u.util.UserUtilService   : Removing 5 users from all courses...
    23:48:34.601 | 113 Pool-1-worker-28 | DEBUG | d.t.c.a.a.c.u.util.UserUtilService   : Removing 5 users from all courses. Done
    23:48:34.601 | 113 Pool-1-worker-28 | DEBUG | d.t.c.a.a.c.u.util.UserUtilService   : Save 5 users to database...
    23:48:34.607 | 113 Pool-1-worker-28 | DEBUG | d.t.c.a.a.c.u.util.UserUtilService   : Save 5 users to database. Done
    23:48:34.609 | 113 Pool-1-worker-28 | INFO  | i.z.t.d.l.EmbeddedDatabaseReporter   : JDBC URL to connect to 'dataSource': url='jdbc:h2:tcp://localhost:41063/mem:df70fc46-7e57-4cb5-9cd0-c1d90c14afa7;USER=sa', scope='TutorialGroupSessionIntegrationTest#createNewSession_onTutorialGroupFreeDay_shouldCreateAsCancelled'
    23:48:34.611 | 113 Pool-1-worker-28 | DEBUG | d.t.c.a.a.c.s.f.ApiVersionFilter     : Adding Version to Request POST /api/courses/3293/tutorial-groups/257/sessions
    23:48:34.612 | 113 Pool-1-worker-28 | DEBUG | a.a.t.w.TutorialGroupSessionResource : REST request to create TutorialGroupSession: TutorialGroupSessionDTO[date=2022-08-01, startTime=10:00, endTime=12:00, location=LoremIpsum] for tutorial group: 257

  Starting logs for TutorialGroupSessionIntegrationTest > updateSession_asNotTutorOfGroup_shouldReturnForbidden()
    23:48:34.657 | 113 Pool-1-worker-28 | DEBUG | d.t.c.a.a.c.u.util.UserUtilService   : Generate 1 students...
    23:48:34.663 | 113 Pool-1-worker-28 | DEBUG | d.t.c.a.a.c.u.util.UserUtilService   : 1 students generated. Generate 2 tutors...
    23:48:34.670 | 113 Pool-1-worker-28 | DEBUG | d.t.c.a.a.c.u.util.UserUtilService   : 2 tutors generated. Generate 1 editors...
    23:48:34.676 | 113 Pool-1-worker-28 | DEBUG | d.t.c.a.a.c.u.util.UserUtilService   : 1 editors generated. Generate 1 instructors...
    23:48:34.682 | 113 Pool-1-worker-28 | DEBUG | d.t.c.a.a.c.u.util.UserUtilService   : 1 instructors generated
    23:48:34.687 | 113 Pool-1-worker-28 | DEBUG | d.t.c.a.a.c.u.util.UserUtilService   : Removing 5 users from all courses...
    23:48:34.688 | 113 Pool-1-worker-28 | DEBUG | d.t.c.a.a.c.u.util.UserUtilService   : Removing 5 users from all courses. Done
    23:48:34.688 | 113 Pool-1-worker-28 | DEBUG | d.t.c.a.a.c.u.util.UserUtilService   : Save 5 users to database...
    23:48:34.700 | 113 Pool-1-worker-28 | DEBUG | d.t.c.a.a.c.u.util.UserUtilService   : Save 5 users to database. Done
    23:48:34.705 | 113 Pool-1-worker-28 | INFO  | i.z.t.d.l.EmbeddedDatabaseReporter   : JDBC URL to connect to 'dataSource': url='jdbc:h2:tcp://localhost:41063/mem:df70fc46-7e57-4cb5-9cd0-c1d90c14afa7;USER=sa', scope='TutorialGroupSessionIntegrationTest#updateSession_asNotTutorOfGroup_shouldReturnForbidden'
    23:48:34.712 | 113 Pool-1-worker-28 | DEBUG | d.t.c.a.a.c.s.f.ApiVersionFilter     : Adding Version to Request PUT /api/courses/3294/tutorial-groups/258/sessions/143
    23:48:34.713 | 113 Pool-1-worker-28 | DEBUG | a.a.t.w.TutorialGroupSessionResource : REST request to update session: 143 of tutorial group: 258 of course 3294
    23:48:34.719 | 113 Pool-1-worker-28 | WARN  | o.z.p.spring.common.AdviceTraits     : Forbidden: The user is not allowed to modify the sessions of tutorial group: 258

  Starting logs for TutorialGroupSessionIntegrationTest > createNewSession_asTutorOfGroup_shouldCreateSession()
    23:48:34.769 | 113 Pool-1-worker-28 | DEBUG | d.t.c.a.a.c.u.util.UserUtilService   : Generate 1 students...
    23:48:34.775 | 113 Pool-1-worker-28 | DEBUG | d.t.c.a.a.c.u.util.UserUtilService   : 1 students generated. Generate 2 tutors...
    23:48:34.784 | 113 Pool-1-worker-28 | DEBUG | d.t.c.a.a.c.u.util.UserUtilService   : 2 tutors generated. Generate 1 editors...
    23:48:34.788 | 113 Pool-1-worker-28 | DEBUG | d.t.c.a.a.c.u.util.UserUtilService   : 1 editors generated. Generate 1 instructors...
    23:48:34.793 | 113 Pool-1-worker-28 | DEBUG | d.t.c.a.a.c.u.util.UserUtilService   : 1 instructors generated
    23:48:34.798 | 113 Pool-1-worker-28 | DEBUG | d.t.c.a.a.c.u.util.UserUtilService   : Removing 5 users from all courses...
    23:48:34.798 | 113 Pool-1-worker-28 | DEBUG | d.t.c.a.a.c.u.util.UserUtilService   : Removing 5 users from all courses. Done
    23:48:34.798 | 113 Pool-1-worker-28 | DEBUG | d.t.c.a.a.c.u.util.UserUtilService   : Save 5 users to database...
    23:48:34.809 | 113 Pool-1-worker-28 | DEBUG | d.t.c.a.a.c.u.util.UserUtilService   : Save 5 users to database. Done
    23:48:34.818 | 113 Pool-1-worker-28 | INFO  | i.z.t.d.l.EmbeddedDatabaseReporter   : JDBC URL to connect to 'dataSource': url='jdbc:h2:tcp://localhost:41063/mem:df70fc46-7e57-4cb5-9cd0-c1d90c14afa7;USER=sa', scope='TutorialGroupSessionIntegrationTest#createNewSession_asTutorOfGroup_shouldCreateSession'
    23:48:34.828 | 113 Pool-1-worker-28 | DEBUG | d.t.c.a.a.c.s.f.ApiVersionFilter     : Adding Version to Request POST /api/courses/3295/tutorial-groups/259/sessions
    23:48:34.832 | 113 Pool-1-worker-28 | DEBUG | a.a.t.w.TutorialGroupSessionResource : REST request to create TutorialGroupSession: TutorialGroupSessionDTO[date=2022-08-01, startTime=10:00, endTime=12:00, location=LoremIpsum] for tutorial group: 259

  Starting logs for TutorialGroupSessionIntegrationTest > deleteSession_scheduledSession_shouldBeDeleted()
    23:48:34.900 | 113 Pool-1-worker-28 | DEBUG | d.t.c.a.a.c.u.util.UserUtilService   : Generate 1 students...
    23:48:34.906 | 113 Pool-1-worker-28 | DEBUG | d.t.c.a.a.c.u.util.UserUtilService   : 1 students generated. Generate 2 tutors...
    23:48:34.915 | 113 Pool-1-worker-28 | DEBUG | d.t.c.a.a.c.u.util.UserUtilService   : 2 tutors generated. Generate 1 editors...
    23:48:34.921 | 113 Pool-1-worker-28 | DEBUG | d.t.c.a.a.c.u.util.UserUtilService   : 1 editors generated. Generate 1 instructors...
    23:48:34.923 | 113 Pool-1-worker-28 | DEBUG | d.t.c.a.a.c.u.util.UserUtilService   : 1 instructors generated
    23:48:34.929 | 113 Pool-1-worker-28 | DEBUG | d.t.c.a.a.c.u.util.UserUtilService   : Removing 5 users from all courses...
    23:48:34.930 | 113 Pool-1-worker-28 | DEBUG | d.t.c.a.a.c.u.util.UserUtilService   : Removing 5 users from all courses. Done
    23:48:34.930 | 113 Pool-1-worker-28 | DEBUG | d.t.c.a.a.c.u.util.UserUtilService   : Save 5 users to database...
    23:48:34.941 | 113 Pool-1-worker-28 | DEBUG | d.t.c.a.a.c.u.util.UserUtilService   : Save 5 users to database. Done
    23:48:34.946 | 113 Pool-1-worker-28 | INFO  | i.z.t.d.l.EmbeddedDatabaseReporter   : JDBC URL to connect to 'dataSource': url='jdbc:h2:tcp://localhost:41063/mem:df70fc46-7e57-4cb5-9cd0-c1d90c14afa7;USER=sa', scope='TutorialGroupSessionIntegrationTest#deleteSession_scheduledSession_shouldBeDeleted'
    23:48:34.951 | 113 Pool-1-worker-28 | DEBUG | d.t.c.a.a.c.s.f.ApiVersionFilter     : Adding Version to Request POST /api/courses/3296/tutorial-groups
    23:48:34.952 | 113 Pool-1-worker-28 | DEBUG | d.t.c.a.a.t.w.TutorialGroupResource  : REST request to create TutorialGroup: de.tum.cit.aet.artemis.tutorialgroup.domain.TutorialGroup@0 in course: 3296
    23:48:34.975 | 113 Pool-1-worker-28 | DEBUG | utorialGroupChannelManagementService : Created channel with id 1671 for tutorial group with id 261
    23:48:34.980 | 113 Pool-1-worker-28 | DEBUG | utorialGroupChannelManagementService : Added channel with id 1671 to tutorial group with id 261
    23:48:34.986 | 113 Pool-1-worker-28 | DEBUG | utorialGroupChannelManagementService : Added users with ids [] to the channel with id 1671 of the tutorial group with id 261
    23:48:34.997 | 113 Pool-1-worker-28 | DEBUG | utorialGroupChannelManagementService : Added teaching assistant with id 759 to the channel with id 1671 of the tutorial group with id 261
    23:48:35.010 | 113 Pool-1-worker-28 | DEBUG | utorialGroupChannelManagementService : Granted teaching assistant with id 759 moderator role for the channel with id 1671 of the tutorial group with id 261
    23:48:35.010 | 113 Pool-1-worker-28 | DEBUG | utorialGroupChannelManagementService : Setup channel for tutorial group with id 261 with channel id 1671
    23:48:35.022 | 113 Pool-1-worker-28 | DEBUG | d.t.c.a.a.c.s.f.ApiVersionFilter     : Adding Version to Request DELETE /api/courses/3296/tutorial-groups/261/sessions/145
    23:48:35.029 | 113 Pool-1-worker-28 | DEBUG | a.a.t.w.TutorialGroupSessionResource : REST request to delete session: 145 of tutorial group: 261 of course 3296

  Starting logs for TutorialGroupSessionIntegrationTest > activateCancelledSession_asNotTutorOfGroup_shouldReturnForbidden()
    23:48:35.083 | 113 Pool-1-worker-28 | DEBUG | d.t.c.a.a.c.u.util.UserUtilService   : Generate 1 students...
    23:48:35.088 | 113 Pool-1-worker-28 | DEBUG | d.t.c.a.a.c.u.util.UserUtilService   : 1 students generated. Generate 2 tutors...
    23:48:35.097 | 113 Pool-1-worker-28 | DEBUG | d.t.c.a.a.c.u.util.UserUtilService   : 2 tutors generated. Generate 1 editors...
    23:48:35.102 | 113 Pool-1-worker-28 | DEBUG | d.t.c.a.a.c.u.util.UserUtilService   : 1 editors generated. Generate 1 instructors...
    23:48:35.104 | 113 Pool-1-worker-28 | DEBUG | d.t.c.a.a.c.u.util.UserUtilService   : 1 instructors generated
    23:48:35.112 | 113 Pool-1-worker-28 | DEBUG | d.t.c.a.a.c.u.util.UserUtilService   : Removing 5 users from all courses...
    23:48:35.113 | 113 Pool-1-worker-28 | DEBUG | d.t.c.a.a.c.u.util.UserUtilService   : Removing 5 users from all courses. Done
    23:48:35.113 | 113 Pool-1-worker-28 | DEBUG | d.t.c.a.a.c.u.util.UserUtilService   : Save 5 users to database...
    23:48:35.124 | 113 Pool-1-worker-28 | DEBUG | d.t.c.a.a.c.u.util.UserUtilService   : Save 5 users to database. Done
    23:48:35.129 | 113 Pool-1-worker-28 | INFO  | i.z.t.d.l.EmbeddedDatabaseReporter   : JDBC URL to connect to 'dataSource': url='jdbc:h2:tcp://localhost:41063/mem:df70fc46-7e57-4cb5-9cd0-c1d90c14afa7;USER=sa', scope='TutorialGroupSessionIntegrationTest#activateCancelledSession_asNotTutorOfGroup_shouldReturnForbidden'
    23:48:35.138 | 113 Pool-1-worker-28 | DEBUG | d.t.c.a.a.c.s.f.ApiVersionFilter     : Adding Version to Request POST /api/courses/3297/tutorial-groups/262/sessions/147/activate
    23:48:35.139 | 113 Pool-1-worker-28 | DEBUG | a.a.t.w.TutorialGroupSessionResource : REST request to activate session: 147 of tutorial group: 262 of course 3297
    23:48:35.144 | 113 Pool-1-worker-28 | WARN  | o.z.p.spring.common.AdviceTraits     : Forbidden: The user is not allowed to modify the sessions of tutorial group: 262

  Starting logs for TutorialGroupSessionIntegrationTest > cancelSession_asInstructor_shouldCancelSession()
    23:48:35.177 | 113 Pool-1-worker-28 | DEBUG | d.t.c.a.a.c.u.util.UserUtilService   : Generate 1 students...
    23:48:35.180 | 113 Pool-1-worker-28 | DEBUG | d.t.c.a.a.c.u.util.UserUtilService   : 1 students generated. Generate 2 tutors...
    23:48:35.184 | 113 Pool-1-worker-28 | DEBUG | d.t.c.a.a.c.u.util.UserUtilService   : 2 tutors generated. Generate 1 editors...
    23:48:35.187 | 113 Pool-1-worker-28 | DEBUG | d.t.c.a.a.c.u.util.UserUtilService   : 1 editors generated. Generate 1 instructors...
    23:48:35.189 | 113 Pool-1-worker-28 | DEBUG | d.t.c.a.a.c.u.util.UserUtilService   : 1 instructors generated
    23:48:35.192 | 113 Pool-1-worker-28 | DEBUG | d.t.c.a.a.c.u.util.UserUtilService   : Removing 5 users from all courses...
    23:48:35.193 | 113 Pool-1-worker-28 | DEBUG | d.t.c.a.a.c.u.util.UserUtilService   : Removing 5 users from all courses. Done
    23:48:35.193 | 113 Pool-1-worker-28 | DEBUG | d.t.c.a.a.c.u.util.UserUtilService   : Save 5 users to database...
    23:48:35.199 | 113 Pool-1-worker-28 | DEBUG | d.t.c.a.a.c.u.util.UserUtilService   : Save 5 users to database. Done
    23:48:35.202 | 113 Pool-1-worker-28 | INFO  | i.z.t.d.l.EmbeddedDatabaseReporter   : JDBC URL to connect to 'dataSource': url='jdbc:h2:tcp://localhost:41063/mem:df70fc46-7e57-4cb5-9cd0-c1d90c14afa7;USER=sa', scope='TutorialGroupSessionIntegrationTest#cancelSession_asInstructor_shouldCancelSession'
    23:48:35.205 | 113 Pool-1-worker-28 | DEBUG | d.t.c.a.a.c.s.f.ApiVersionFilter     : Adding Version to Request POST /api/courses/3298/tutorial-groups/263/sessions/148/cancel
    23:48:35.207 | 113 Pool-1-worker-28 | DEBUG | a.a.t.w.TutorialGroupSessionResource : REST request to cancel session: 148 of tutorial group: 263 of course 3298

  Starting logs for TutorialGroupSessionIntegrationTest > cancelSession_asTutorOfGroup_shouldCancelSession()
    23:48:35.235 | 113 Pool-1-worker-28 | DEBUG | d.t.c.a.a.c.u.util.UserUtilService   : Generate 1 students...
    23:48:35.238 | 113 Pool-1-worker-28 | DEBUG | d.t.c.a.a.c.u.util.UserUtilService   : 1 students generated. Generate 2 tutors...
    23:48:35.242 | 113 Pool-1-worker-28 | DEBUG | d.t.c.a.a.c.u.util.UserUtilService   : 2 tutors generated. Generate 1 editors...
    23:48:35.244 | 113 Pool-1-worker-28 | DEBUG | d.t.c.a.a.c.u.util.UserUtilService   : 1 editors generated. Generate 1 instructors...
    23:48:35.249 | 113 Pool-1-worker-28 | DEBUG | d.t.c.a.a.c.u.util.UserUtilService   : 1 instructors generated
    23:48:35.251 | 113 Pool-1-worker-28 | DEBUG | d.t.c.a.a.c.u.util.UserUtilService   : Removing 5 users from all courses...
    23:48:35.255 | 113 Pool-1-worker-28 | DEBUG | d.t.c.a.a.c.u.util.UserUtilService   : Removing 5 users from all courses. Done
    23:48:35.255 | 113 Pool-1-worker-28 | DEBUG | d.t.c.a.a.c.u.util.UserUtilService   : Save 5 users to database...
    23:48:35.267 | 113 Pool-1-worker-28 | DEBUG | d.t.c.a.a.c.u.util.UserUtilService   : Save 5 users to database. Done
    23:48:35.272 | 113 Pool-1-worker-28 | INFO  | i.z.t.d.l.EmbeddedDatabaseReporter   : JDBC URL to connect to 'dataSource': url='jdbc:h2:tcp://localhost:41063/mem:df70fc46-7e57-4cb5-9cd0-c1d90c14afa7;USER=sa', scope='TutorialGroupSessionIntegrationTest#cancelSession_asTutorOfGroup_shouldCancelSession'
    23:48:35.276 | 113 Pool-1-worker-28 | DEBUG | d.t.c.a.a.c.s.f.ApiVersionFilter     : Adding Version to Request POST /api/courses/3299/tutorial-groups/264/sessions/149/cancel
    23:48:35.279 | 113 Pool-1-worker-28 | DEBUG | a.a.t.w.TutorialGroupSessionResource : REST request to cancel session: 149 of tutorial group: 264 of course 3299

  Starting logs for TutorialGroupSessionIntegrationTest > updateAttendanceCount_asTutor_shouldUpdateAttendanceCount()
    23:48:35.312 | 113 Pool-1-worker-28 | DEBUG | d.t.c.a.a.c.u.util.UserUtilService   : Generate 1 students...
    23:48:35.315 | 113 Pool-1-worker-28 | DEBUG | d.t.c.a.a.c.u.util.UserUtilService   : 1 students generated. Generate 2 tutors...
    23:48:35.319 | 113 Pool-1-worker-28 | DEBUG | d.t.c.a.a.c.u.util.UserUtilService   : 2 tutors generated. Generate 1 editors...
    23:48:35.321 | 113 Pool-1-worker-28 | DEBUG | d.t.c.a.a.c.u.util.UserUtilService   : 1 editors generated. Generate 1 instructors...
    23:48:35.324 | 113 Pool-1-worker-28 | DEBUG | d.t.c.a.a.c.u.util.UserUtilService   : 1 instructors generated
    23:48:35.326 | 113 Pool-1-worker-28 | DEBUG | d.t.c.a.a.c.u.util.UserUtilService   : Removing 5 users from all courses...
    23:48:35.327 | 113 Pool-1-worker-28 | DEBUG | d.t.c.a.a.c.u.util.UserUtilService   : Removing 5 users from all courses. Done
    23:48:35.327 | 113 Pool-1-worker-28 | DEBUG | d.t.c.a.a.c.u.util.UserUtilService   : Save 5 users to database...
    23:48:35.333 | 113 Pool-1-worker-28 | DEBUG | d.t.c.a.a.c.u.util.UserUtilService   : Save 5 users to database. Done
    23:48:35.335 | 113 Pool-1-worker-28 | INFO  | i.z.t.d.l.EmbeddedDatabaseReporter   : JDBC URL to connect to 'dataSource': url='jdbc:h2:tcp://localhost:41063/mem:df70fc46-7e57-4cb5-9cd0-c1d90c14afa7;USER=sa', scope='TutorialGroupSessionIntegrationTest#updateAttendanceCount_asTutor_shouldUpdateAttendanceCount'
    23:48:35.338 | 113 Pool-1-worker-28 | DEBUG | d.t.c.a.a.c.s.f.ApiVersionFilter     : Adding Version to Request PATCH /api/courses/3300/tutorial-groups/265/sessions/150/attendance-count
    23:48:35.339 | 113 Pool-1-worker-28 | DEBUG | a.a.t.w.TutorialGroupSessionResource : REST request to update attendance count of session: 150 of tutorial group: 265 of course 3300 to 20
    23:48:35.345 | 113 Pool-1-worker-28 | DEBUG | d.t.c.a.a.c.s.f.ApiVersionFilter     : Adding Version to Request PATCH /api/courses/3300/tutorial-groups/265/sessions/150/attendance-count
    23:48:35.346 | 113 Pool-1-worker-28 | DEBUG | a.a.t.w.TutorialGroupSessionResource : REST request to update attendance count of session: 150 of tutorial group: 265 of course 3300 to null

  Starting logs for TutorialGroupSessionIntegrationTest > deleteSession_asEditor_shouldReturnForbidden()
    23:48:35.376 | 113 Pool-1-worker-28 | DEBUG | d.t.c.a.a.c.u.util.UserUtilService   : Generate 1 students...
    23:48:35.381 | 113 Pool-1-worker-28 | DEBUG | d.t.c.a.a.c.u.util.UserUtilService   : 1 students generated. Generate 2 tutors...
    23:48:35.385 | 113 Pool-1-worker-28 | DEBUG | d.t.c.a.a.c.u.util.UserUtilService   : 2 tutors generated. Generate 1 editors...
    23:48:35.388 | 113 Pool-1-worker-28 | DEBUG | d.t.c.a.a.c.u.util.UserUtilService   : 1 editors generated. Generate 1 instructors...
    23:48:35.391 | 113 Pool-1-worker-28 | DEBUG | d.t.c.a.a.c.u.util.UserUtilService   : 1 instructors generated
    23:48:35.393 | 113 Pool-1-worker-28 | DEBUG | d.t.c.a.a.c.u.util.UserUtilService   : Removing 5 users from all courses...
    23:48:35.394 | 113 Pool-1-worker-28 | DEBUG | d.t.c.a.a.c.u.util.UserUtilService   : Removing 5 users from all courses. Done
    23:48:35.394 | 113 Pool-1-worker-28 | DEBUG | d.t.c.a.a.c.u.util.UserUtilService   : Save 5 users to database...
    23:48:35.400 | 113 Pool-1-worker-28 | DEBUG | d.t.c.a.a.c.u.util.UserUtilService   : Save 5 users to database. Done
    23:48:35.402 | 113 Pool-1-worker-28 | INFO  | i.z.t.d.l.EmbeddedDatabaseReporter   : JDBC URL to connect to 'dataSource': url='jdbc:h2:tcp://localhost:41063/mem:df70fc46-7e57-4cb5-9cd0-c1d90c14afa7;USER=sa', scope='TutorialGroupSessionIntegrationTest#deleteSession_asEditor_shouldReturnForbidden'
    23:48:35.405 | 113 Pool-1-worker-28 | DEBUG | d.t.c.a.a.c.s.f.ApiVersionFilter     : Adding Version to Request DELETE /api/courses/3301/tutorial-groups/266/sessions/151
    23:48:35.406 | 113 Pool-1-worker-28 | DEBUG | a.a.t.w.TutorialGroupSessionResource : REST request to delete session: 151 of tutorial group: 266 of course 3301
    23:48:35.409 | 113 Pool-1-worker-28 | WARN  | o.z.p.spring.common.AdviceTraits     : Forbidden: The user is not allowed to change the registrations of tutorial group: 266

  Starting logs for TutorialGroupSessionIntegrationTest > cancelSession_asEditor_shouldReturnForbidden()
    23:48:35.439 | 113 Pool-1-worker-28 | DEBUG | d.t.c.a.a.c.u.util.UserUtilService   : Generate 1 students...
    23:48:35.442 | 113 Pool-1-worker-28 | DEBUG | d.t.c.a.a.c.u.util.UserUtilService   : 1 students generated. Generate 2 tutors...
    23:48:35.449 | 113 Pool-1-worker-28 | DEBUG | d.t.c.a.a.c.u.util.UserUtilService   : 2 tutors generated. Generate 1 editors...
    23:48:35.455 | 113 Pool-1-worker-28 | DEBUG | d.t.c.a.a.c.u.util.UserUtilService   : 1 editors generated. Generate 1 instructors...
    23:48:35.460 | 113 Pool-1-worker-28 | DEBUG | d.t.c.a.a.c.u.util.UserUtilService   : 1 instructors generated
    23:48:35.465 | 113 Pool-1-worker-28 | DEBUG | d.t.c.a.a.c.u.util.UserUtilService   : Removing 5 users from all courses...
    23:48:35.466 | 113 Pool-1-worker-28 | DEBUG | d.t.c.a.a.c.u.util.UserUtilService   : Removing 5 users from all courses. Done
    23:48:35.466 | 113 Pool-1-worker-28 | DEBUG | d.t.c.a.a.c.u.util.UserUtilService   : Save 5 users to database...
    23:48:35.483 | 113 Pool-1-worker-28 | DEBUG | d.t.c.a.a.c.u.util.UserUtilService   : Save 5 users to database. Done
    23:48:35.488 | 113 Pool-1-worker-28 | INFO  | i.z.t.d.l.EmbeddedDatabaseReporter   : JDBC URL to connect to 'dataSource': url='jdbc:h2:tcp://localhost:41063/mem:df70fc46-7e57-4cb5-9cd0-c1d90c14afa7;USER=sa', scope='TutorialGroupSessionIntegrationTest#cancelSession_asEditor_shouldReturnForbidden'
    23:48:35.495 | 113 Pool-1-worker-28 | DEBUG | d.t.c.a.a.c.s.f.ApiVersionFilter     : Adding Version to Request POST /api/courses/3302/tutorial-groups/267/sessions/152/cancel
    23:48:35.497 | 113 Pool-1-worker-28 | DEBUG | a.a.t.w.TutorialGroupSessionResource : REST request to cancel session: 152 of tutorial group: 267 of course 3302
    23:48:35.505 | 113 Pool-1-worker-28 | WARN  | o.z.p.spring.common.AdviceTraits     : Forbidden: The user is not allowed to modify the sessions of tutorial group: 267

  Starting logs for TutorialGroupSessionIntegrationTest > updateSession_scheduledSession_shouldBeDisconnectedFromSchedule()
    23:48:35.555 | 113 Pool-1-worker-28 | DEBUG | d.t.c.a.a.c.u.util.UserUtilService   : Generate 1 students...
    23:48:35.559 | 113 Pool-1-worker-28 | DEBUG | d.t.c.a.a.c.u.util.UserUtilService   : 1 students generated. Generate 2 tutors...
    23:48:35.568 | 113 Pool-1-worker-28 | DEBUG | d.t.c.a.a.c.u.util.UserUtilService   : 2 tutors generated. Generate 1 editors...
    23:48:35.573 | 113 Pool-1-worker-28 | DEBUG | d.t.c.a.a.c.u.util.UserUtilService   : 1 editors generated. Generate 1 instructors...
    23:48:35.578 | 113 Pool-1-worker-28 | DEBUG | d.t.c.a.a.c.u.util.UserUtilService   : 1 instructors generated
    23:48:35.584 | 113 Pool-1-worker-28 | DEBUG | d.t.c.a.a.c.u.util.UserUtilService   : Removing 5 users from all courses...
    23:48:35.585 | 113 Pool-1-worker-28 | DEBUG | d.t.c.a.a.c.u.util.UserUtilService   : Removing 5 users from all courses. Done
    23:48:35.585 | 113 Pool-1-worker-28 | DEBUG | d.t.c.a.a.c.u.util.UserUtilService   : Save 5 users to database...
    23:48:35.604 | 113 Pool-1-worker-28 | DEBUG | d.t.c.a.a.c.u.util.UserUtilService   : Save 5 users to database. Done
    23:48:35.619 | 113 Pool-1-worker-28 | INFO  | i.z.t.d.l.EmbeddedDatabaseReporter   : JDBC URL to connect to 'dataSource': url='jdbc:h2:tcp://localhost:41063/mem:df70fc46-7e57-4cb5-9cd0-c1d90c14afa7;USER=sa', scope='TutorialGroupSessionIntegrationTest#updateSession_scheduledSession_shouldBeDisconnectedFromSchedule'
    23:48:35.627 | 113 Pool-1-worker-28 | DEBUG | d.t.c.a.a.c.s.f.ApiVersionFilter     : Adding Version to Request POST /api/courses/3303/tutorial-groups
    23:48:35.634 | 113 Pool-1-worker-28 | DEBUG | d.t.c.a.a.t.w.TutorialGroupResource  : REST request to create TutorialGroup: de.tum.cit.aet.artemis.tutorialgroup.domain.TutorialGroup@0 in course: 3303
    23:48:35.647 | 113 Pool-1-worker-28 | DEBUG | utorialGroupChannelManagementService : Created channel with id 1672 for tutorial group with id 269
    23:48:35.650 | 113 Pool-1-worker-28 | DEBUG | utorialGroupChannelManagementService : Added channel with id 1672 to tutorial group with id 269
    23:48:35.651 | 113 Pool-1-worker-28 | DEBUG | utorialGroupChannelManagementService : Added users with ids [] to the channel with id 1672 of the tutorial group with id 269
    23:48:35.656 | 113 Pool-1-worker-28 | DEBUG | utorialGroupChannelManagementService : Added teaching assistant with id 759 to the channel with id 1672 of the tutorial group with id 269
    23:48:35.663 | 113 Pool-1-worker-28 | DEBUG | utorialGroupChannelManagementService : Granted teaching assistant with id 759 moderator role for the channel with id 1672 of the tutorial group with id 269
    23:48:35.663 | 113 Pool-1-worker-28 | DEBUG | utorialGroupChannelManagementService : Setup channel for tutorial group with id 269 with channel id 1672
    23:48:35.669 | 113 Pool-1-worker-28 | DEBUG | d.t.c.a.a.c.s.f.ApiVersionFilter     : Adding Version to Request PUT /api/courses/3303/tutorial-groups/269/sessions/153
    23:48:35.670 | 113 Pool-1-worker-28 | DEBUG | a.a.t.w.TutorialGroupSessionResource : REST request to update session: 153 of tutorial group: 269 of course 3303

  Starting logs for TutorialGroupSessionIntegrationTest > getOneOfCourse_asUser_shouldReturnTutorialGroupSession()
    23:48:35.706 | 113 Pool-1-worker-28 | DEBUG | d.t.c.a.a.c.u.util.UserUtilService   : Generate 1 students...
    23:48:35.709 | 113 Pool-1-worker-28 | DEBUG | d.t.c.a.a.c.u.util.UserUtilService   : 1 students generated. Generate 2 tutors...
    23:48:35.713 | 113 Pool-1-worker-28 | DEBUG | d.t.c.a.a.c.u.util.UserUtilService   : 2 tutors generated. Generate 1 editors...
    23:48:35.716 | 113 Pool-1-worker-28 | DEBUG | d.t.c.a.a.c.u.util.UserUtilService   : 1 editors generated. Generate 1 instructors...
    23:48:35.719 | 113 Pool-1-worker-28 | DEBUG | d.t.c.a.a.c.u.util.UserUtilService   : 1 instructors generated
    23:48:35.721 | 113 Pool-1-worker-28 | DEBUG | d.t.c.a.a.c.u.util.UserUtilService   : Removing 5 users from all courses...
    23:48:35.722 | 113 Pool-1-worker-28 | DEBUG | d.t.c.a.a.c.u.util.UserUtilService   : Removing 5 users from all courses. Done
    23:48:35.722 | 113 Pool-1-worker-28 | DEBUG | d.t.c.a.a.c.u.util.UserUtilService   : Save 5 users to database...
    23:48:35.730 | 113 Pool-1-worker-28 | DEBUG | d.t.c.a.a.c.u.util.UserUtilService   : Save 5 users to database. Done
    23:48:35.732 | 113 Pool-1-worker-28 | INFO  | i.z.t.d.l.EmbeddedDatabaseReporter   : JDBC URL to connect to 'dataSource': url='jdbc:h2:tcp://localhost:41063/mem:df70fc46-7e57-4cb5-9cd0-c1d90c14afa7;USER=sa', scope='TutorialGroupSessionIntegrationTest#getOneOfCourse_asUser_shouldReturnTutorialGroupSession'
    23:48:35.735 | 113 Pool-1-worker-28 | DEBUG | d.t.c.a.a.c.s.f.ApiVersionFilter     : Adding Version to Request GET /api/courses/3304/tutorial-groups/270/sessions/155
    23:48:35.737 | 113 Pool-1-worker-28 | DEBUG | a.a.t.w.TutorialGroupSessionResource : REST request to get session: 155 of tutorial group: 270 of course 3304

  Starting logs for TutorialGroupSessionIntegrationTest > activateCancelledSession_asTutorOfGroup_shouldActivateSession()
    23:48:35.765 | 113 Pool-1-worker-28 | DEBUG | d.t.c.a.a.c.u.util.UserUtilService   : Generate 1 students...
    23:48:35.768 | 113 Pool-1-worker-28 | DEBUG | d.t.c.a.a.c.u.util.UserUtilService   : 1 students generated. Generate 2 tutors...
    23:48:35.772 | 113 Pool-1-worker-28 | DEBUG | d.t.c.a.a.c.u.util.UserUtilService   : 2 tutors generated. Generate 1 editors...
    23:48:35.775 | 113 Pool-1-worker-28 | DEBUG | d.t.c.a.a.c.u.util.UserUtilService   : 1 editors generated. Generate 1 instructors...
    23:48:35.778 | 113 Pool-1-worker-28 | DEBUG | d.t.c.a.a.c.u.util.UserUtilService   : 1 instructors generated
    23:48:35.780 | 113 Pool-1-worker-28 | DEBUG | d.t.c.a.a.c.u.util.UserUtilService   : Removing 5 users from all courses...
    23:48:35.781 | 113 Pool-1-worker-28 | DEBUG | d.t.c.a.a.c.u.util.UserUtilService   : Removing 5 users from all courses. Done
    23:48:35.781 | 113 Pool-1-worker-28 | DEBUG | d.t.c.a.a.c.u.util.UserUtilService   : Save 5 users to database...
    23:48:35.788 | 113 Pool-1-worker-28 | DEBUG | d.t.c.a.a.c.u.util.UserUtilService   : Save 5 users to database. Done
    23:48:35.791 | 113 Pool-1-worker-28 | INFO  | i.z.t.d.l.EmbeddedDatabaseReporter   : JDBC URL to connect to 'dataSource': url='jdbc:h2:tcp://localhost:41063/mem:df70fc46-7e57-4cb5-9cd0-c1d90c14afa7;USER=sa', scope='TutorialGroupSessionIntegrationTest#activateCancelledSession_asTutorOfGroup_shouldActivateSession'
    23:48:35.796 | 113 Pool-1-worker-28 | DEBUG | d.t.c.a.a.c.s.f.ApiVersionFilter     : Adding Version to Request POST /api/courses/3305/tutorial-groups/271/sessions/156/activate
    23:48:35.796 | 113 Pool-1-worker-28 | DEBUG | a.a.t.w.TutorialGroupSessionResource : REST request to activate session: 156 of tutorial group: 271 of course 3305

  Starting logs for TutorialGroupSessionIntegrationTest > createNewSession_asNotTutorOfGroup_shouldForbidSession()
    23:48:35.825 | 113 Pool-1-worker-28 | DEBUG | d.t.c.a.a.c.u.util.UserUtilService   : Generate 1 students...
    23:48:35.828 | 113 Pool-1-worker-28 | DEBUG | d.t.c.a.a.c.u.util.UserUtilService   : 1 students generated. Generate 2 tutors...
    23:48:35.832 | 113 Pool-1-worker-28 | DEBUG | d.t.c.a.a.c.u.util.UserUtilService   : 2 tutors generated. Generate 1 editors...
    23:48:35.834 | 113 Pool-1-worker-28 | DEBUG | d.t.c.a.a.c.u.util.UserUtilService   : 1 editors generated. Generate 1 instructors...
    23:48:35.837 | 113 Pool-1-worker-28 | DEBUG | d.t.c.a.a.c.u.util.UserUtilService   : 1 instructors generated
    23:48:35.840 | 113 Pool-1-worker-28 | DEBUG | d.t.c.a.a.c.u.util.UserUtilService   : Removing 5 users from all courses...
    23:48:35.841 | 113 Pool-1-worker-28 | DEBUG | d.t.c.a.a.c.u.util.UserUtilService   : Removing 5 users from all courses. Done
    23:48:35.841 | 113 Pool-1-worker-28 | DEBUG | d.t.c.a.a.c.u.util.UserUtilService   : Save 5 users to database...
    23:48:35.861 | 113 Pool-1-worker-28 | DEBUG | d.t.c.a.a.c.u.util.UserUtilService   : Save 5 users to database. Done
    23:48:35.867 | 113 Pool-1-worker-28 | INFO  | i.z.t.d.l.EmbeddedDatabaseReporter   : JDBC URL to connect to 'dataSource': url='jdbc:h2:tcp://localhost:41063/mem:df70fc46-7e57-4cb5-9cd0-c1d90c14afa7;USER=sa', scope='TutorialGroupSessionIntegrationTest#createNewSession_asNotTutorOfGroup_shouldForbidSession'
    23:48:35.868 | 113 Pool-1-worker-28 | DEBUG | d.t.c.a.a.c.s.f.ApiVersionFilter     : Adding Version to Request POST /api/courses/3306/tutorial-groups/272/sessions
    23:48:35.870 | 113 Pool-1-worker-28 | DEBUG | a.a.t.w.TutorialGroupSessionResource : REST request to create TutorialGroupSession: TutorialGroupSessionDTO[date=2022-08-01, startTime=10:00, endTime=12:00, location=LoremIpsum] for tutorial group: 272
    23:48:35.877 | 113 Pool-1-worker-28 | WARN  | o.z.p.spring.common.AdviceTraits     : Forbidden: The user is not allowed to modify the sessions of tutorial group: 272

  Starting logs for TutorialGroupSessionIntegrationTest > updateSession_wasCancelled_shouldNowBeActiveAgain()
    23:48:35.916 | 113 Pool-1-worker-28 | DEBUG | d.t.c.a.a.c.u.util.UserUtilService   : Generate 1 students...
    23:48:35.922 | 113 Pool-1-worker-28 | DEBUG | d.t.c.a.a.c.u.util.UserUtilService   : 1 students generated. Generate 2 tutors...
    23:48:35.926 | 113 Pool-1-worker-28 | DEBUG | d.t.c.a.a.c.u.util.UserUtilService   : 2 tutors generated. Generate 1 editors...
    23:48:35.929 | 113 Pool-1-worker-28 | DEBUG | d.t.c.a.a.c.u.util.UserUtilService   : 1 editors generated. Generate 1 instructors...
    23:48:35.932 | 113 Pool-1-worker-28 | DEBUG | d.t.c.a.a.c.u.util.UserUtilService   : 1 instructors generated
    23:48:35.942 | 113 Pool-1-worker-28 | DEBUG | d.t.c.a.a.c.u.util.UserUtilService   : Removing 5 users from all courses...
    23:48:35.945 | 113 Pool-1-worker-28 | DEBUG | d.t.c.a.a.c.u.util.UserUtilService   : Removing 5 users from all courses. Done
    23:48:35.945 | 113 Pool-1-worker-28 | DEBUG | d.t.c.a.a.c.u.util.UserUtilService   : Save 5 users to database...
    23:48:35.966 | 113 Pool-1-worker-28 | DEBUG | d.t.c.a.a.c.u.util.UserUtilService   : Save 5 users to database. Done
    23:48:35.970 | 113 Pool-1-worker-28 | INFO  | i.z.t.d.l.EmbeddedDatabaseReporter   : JDBC URL to connect to 'dataSource': url='jdbc:h2:tcp://localhost:41063/mem:df70fc46-7e57-4cb5-9cd0-c1d90c14afa7;USER=sa', scope='TutorialGroupSessionIntegrationTest#updateSession_wasCancelled_shouldNowBeActiveAgain'
    23:48:35.979 | 113 Pool-1-worker-28 | DEBUG | d.t.c.a.a.c.s.f.ApiVersionFilter     : Adding Version to Request PUT /api/courses/3307/tutorial-groups/273/sessions/157
    23:48:35.983 | 113 Pool-1-worker-28 | DEBUG | a.a.t.w.TutorialGroupSessionResource : REST request to update session: 157 of tutorial group: 273 of course 3307

  Starting logs for TutorialGroupSessionIntegrationTest > updateSession_nowOverlapsWithPreviousTimeOfSameSession_shouldUpdateCorrectly()
    23:48:36.016 | 113 Pool-1-worker-28 | DEBUG | d.t.c.a.a.c.u.util.UserUtilService   : Generate 1 students...
    23:48:36.019 | 113 Pool-1-worker-28 | DEBUG | d.t.c.a.a.c.u.util.UserUtilService   : 1 students generated. Generate 2 tutors...
    23:48:36.023 | 113 Pool-1-worker-28 | DEBUG | d.t.c.a.a.c.u.util.UserUtilService   : 2 tutors generated. Generate 1 editors...
    23:48:36.026 | 113 Pool-1-worker-28 | DEBUG | d.t.c.a.a.c.u.util.UserUtilService   : 1 editors generated. Generate 1 instructors...
    23:48:36.028 | 113 Pool-1-worker-28 | DEBUG | d.t.c.a.a.c.u.util.UserUtilService   : 1 instructors generated
    23:48:36.031 | 113 Pool-1-worker-28 | DEBUG | d.t.c.a.a.c.u.util.UserUtilService   : Removing 5 users from all courses...
    23:48:36.032 | 113 Pool-1-worker-28 | DEBUG | d.t.c.a.a.c.u.util.UserUtilService   : Removing 5 users from all courses. Done
    23:48:36.032 | 113 Pool-1-worker-28 | DEBUG | d.t.c.a.a.c.u.util.UserUtilService   : Save 5 users to database...
    23:48:36.039 | 113 Pool-1-worker-28 | DEBUG | d.t.c.a.a.c.u.util.UserUtilService   : Save 5 users to database. Done
    23:48:36.042 | 113 Pool-1-worker-28 | INFO  | i.z.t.d.l.EmbeddedDatabaseReporter   : JDBC URL to connect to 'dataSource': url='jdbc:h2:tcp://localhost:41063/mem:df70fc46-7e57-4cb5-9cd0-c1d90c14afa7;USER=sa', scope='TutorialGroupSessionIntegrationTest#updateSession_nowOverlapsWithPreviousTimeOfSameSession_shouldUpdateCorrectly'
    23:48:36.045 | 113 Pool-1-worker-28 | DEBUG | d.t.c.a.a.c.s.f.ApiVersionFilter     : Adding Version to Request PUT /api/courses/3308/tutorial-groups/274/sessions/158
    23:48:36.046 | 113 Pool-1-worker-28 | DEBUG | a.a.t.w.TutorialGroupSessionResource : REST request to update session: 158 of tutorial group: 274 of course 3308

  Starting logs for TutorialGroupSessionIntegrationTest > createNewSession_overlapsWithExistingSession_shouldReturnBadRequest()
    23:48:36.079 | 113 Pool-1-worker-28 | DEBUG | d.t.c.a.a.c.u.util.UserUtilService   : Generate 1 students...
    23:48:36.082 | 113 Pool-1-worker-28 | DEBUG | d.t.c.a.a.c.u.util.UserUtilService   : 1 students generated. Generate 2 tutors...
    23:48:36.085 | 113 Pool-1-worker-28 | DEBUG | d.t.c.a.a.c.u.util.UserUtilService   : 2 tutors generated. Generate 1 editors...
    23:48:36.088 | 113 Pool-1-worker-28 | DEBUG | d.t.c.a.a.c.u.util.UserUtilService   : 1 editors generated. Generate 1 instructors...
    23:48:36.090 | 113 Pool-1-worker-28 | DEBUG | d.t.c.a.a.c.u.util.UserUtilService   : 1 instructors generated
    23:48:36.092 | 113 Pool-1-worker-28 | DEBUG | d.t.c.a.a.c.u.util.UserUtilService   : Removing 5 users from all courses...
    23:48:36.093 | 113 Pool-1-worker-28 | DEBUG | d.t.c.a.a.c.u.util.UserUtilService   : Removing 5 users from all courses. Done
    23:48:36.093 | 113 Pool-1-worker-28 | DEBUG | d.t.c.a.a.c.u.util.UserUtilService   : Save 5 users to database...
    23:48:36.099 | 113 Pool-1-worker-28 | DEBUG | d.t.c.a.a.c.u.util.UserUtilService   : Save 5 users to database. Done
    23:48:36.102 | 113 Pool-1-worker-28 | INFO  | i.z.t.d.l.EmbeddedDatabaseReporter   : JDBC URL to connect to 'dataSource': url='jdbc:h2:tcp://localhost:41063/mem:df70fc46-7e57-4cb5-9cd0-c1d90c14afa7;USER=sa', scope='TutorialGroupSessionIntegrationTest#createNewSession_overlapsWithExistingSession_shouldReturnBadRequest'
    23:48:36.104 | 113 Pool-1-worker-28 | DEBUG | d.t.c.a.a.c.s.f.ApiVersionFilter     : Adding Version to Request POST /api/courses/3309/tutorial-groups/275/sessions
    23:48:36.105 | 113 Pool-1-worker-28 | DEBUG | a.a.t.w.TutorialGroupSessionResource : REST request to create TutorialGroupSession: TutorialGroupSessionDTO[date=2022-08-01, startTime=10:00, endTime=12:00, location=LoremIpsum] for tutorial group: 275
    23:48:36.111 | 113 Pool-1-worker-28 | ERROR | tech.jhipster.web.util.HeaderUtil    : Entity processing failed, Session overlaps with an existing session
    23:48:36.111 | 113 Pool-1-worker-28 | WARN  | o.z.p.spring.common.AdviceTraits     : Bad Request: Session overlaps with an existing session

  Starting logs for TutorialGroupSessionIntegrationTest > cancelSession_asNotTutorOfGroup_shouldReturnForbidden()
    23:48:36.192 | 113 Pool-1-worker-28 | DEBUG | d.t.c.a.a.c.u.util.UserUtilService   : Generate 1 students...
    23:48:36.195 | 113 Pool-1-worker-28 | DEBUG | d.t.c.a.a.c.u.util.UserUtilService   : 1 students generated. Generate 2 tutors...
    23:48:36.199 | 113 Pool-1-worker-28 | DEBUG | d.t.c.a.a.c.u.util.UserUtilService   : 2 tutors generated. Generate 1 editors...
    23:48:36.202 | 113 Pool-1-worker-28 | DEBUG | d.t.c.a.a.c.u.util.UserUtilService   : 1 editors generated. Generate 1 instructors...
    23:48:36.204 | 113 Pool-1-worker-28 | DEBUG | d.t.c.a.a.c.u.util.UserUtilService   : 1 instructors generated
    23:48:36.206 | 113 Pool-1-worker-28 | DEBUG | d.t.c.a.a.c.u.util.UserUtilService   : Removing 5 users from all courses...
    23:48:36.207 | 113 Pool-1-worker-28 | DEBUG | d.t.c.a.a.c.u.util.UserUtilService   : Removing 5 users from all courses. Done
    23:48:36.207 | 113 Pool-1-worker-28 | DEBUG | d.t.c.a.a.c.u.util.UserUtilService   : Save 5 users to database...
    23:48:36.214 | 113 Pool-1-worker-28 | DEBUG | d.t.c.a.a.c.u.util.UserUtilService   : Save 5 users to database. Done
    23:48:36.216 | 113 Pool-1-worker-28 | INFO  | i.z.t.d.l.EmbeddedDatabaseReporter   : JDBC URL to connect to 'dataSource': url='jdbc:h2:tcp://localhost:41063/mem:df70fc46-7e57-4cb5-9cd0-c1d90c14afa7;USER=sa', scope='TutorialGroupSessionIntegrationTest#cancelSession_asNotTutorOfGroup_shouldReturnForbidden'
    23:48:36.220 | 113 Pool-1-worker-28 | DEBUG | d.t.c.a.a.c.s.f.ApiVersionFilter     : Adding Version to Request POST /api/courses/3310/tutorial-groups/276/sessions/160/cancel
    23:48:36.220 | 113 Pool-1-worker-28 | DEBUG | a.a.t.w.TutorialGroupSessionResource : REST request to cancel session: 160 of tutorial group: 276 of course 3310
    23:48:36.223 | 113 Pool-1-worker-28 | WARN  | o.z.p.spring.common.AdviceTraits     : Forbidden: The user is not allowed to modify the sessions of tutorial group: 276

  Starting logs for TutorialGroupSessionIntegrationTest > activateCancelledSession_asInstructor_shouldActivateSession()
    23:48:36.245 | 113 Pool-1-worker-28 | DEBUG | d.t.c.a.a.c.u.util.UserUtilService   : Generate 1 students...
    23:48:36.248 | 113 Pool-1-worker-28 | DEBUG | d.t.c.a.a.c.u.util.UserUtilService   : 1 students generated. Generate 2 tutors...
    23:48:36.253 | 113 Pool-1-worker-28 | DEBUG | d.t.c.a.a.c.u.util.UserUtilService   : 2 tutors generated. Generate 1 editors...
    23:48:36.256 | 113 Pool-1-worker-28 | DEBUG | d.t.c.a.a.c.u.util.UserUtilService   : 1 editors generated. Generate 1 instructors...
    23:48:36.259 | 113 Pool-1-worker-28 | DEBUG | d.t.c.a.a.c.u.util.UserUtilService   : 1 instructors generated
    23:48:36.261 | 113 Pool-1-worker-28 | DEBUG | d.t.c.a.a.c.u.util.UserUtilService   : Removing 5 users from all courses...
    23:48:36.262 | 113 Pool-1-worker-28 | DEBUG | d.t.c.a.a.c.u.util.UserUtilService   : Removing 5 users from all courses. Done
    23:48:36.262 | 113 Pool-1-worker-28 | DEBUG | d.t.c.a.a.c.u.util.UserUtilService   : Save 5 users to database...
    23:48:36.271 | 113 Pool-1-worker-28 | DEBUG | d.t.c.a.a.c.u.util.UserUtilService   : Save 5 users to database. Done
    23:48:36.273 | 113 Pool-1-worker-28 | INFO  | i.z.t.d.l.EmbeddedDatabaseReporter   : JDBC URL to connect to 'dataSource': url='jdbc:h2:tcp://localhost:41063/mem:df70fc46-7e57-4cb5-9cd0-c1d90c14afa7;USER=sa', scope='TutorialGroupSessionIntegrationTest#activateCancelledSession_asInstructor_shouldActivateSession'
    23:48:36.278 | 113 Pool-1-worker-28 | DEBUG | d.t.c.a.a.c.s.f.ApiVersionFilter     : Adding Version to Request POST /api/courses/3311/tutorial-groups/277/sessions/161/activate
    23:48:36.278 | 113 Pool-1-worker-28 | DEBUG | a.a.t.w.TutorialGroupSessionResource : REST request to activate session: 161 of tutorial group: 277 of course 3311

  Starting logs for TutorialGroupSessionIntegrationTest > deleteSession_asNotTutorOfGroup_shouldReturnForbidden()
    23:48:36.306 | 113 Pool-1-worker-28 | DEBUG | d.t.c.a.a.c.u.util.UserUtilService   : Generate 1 students...
    23:48:36.309 | 113 Pool-1-worker-28 | DEBUG | d.t.c.a.a.c.u.util.UserUtilService   : 1 students generated. Generate 2 tutors...
    23:48:36.313 | 113 Pool-1-worker-28 | DEBUG | d.t.c.a.a.c.u.util.UserUtilService   : 2 tutors generated. Generate 1 editors...
    23:48:36.316 | 113 Pool-1-worker-28 | DEBUG | d.t.c.a.a.c.u.util.UserUtilService   : 1 editors generated. Generate 1 instructors...
    23:48:36.319 | 113 Pool-1-worker-28 | DEBUG | d.t.c.a.a.c.u.util.UserUtilService   : 1 instructors generated
    23:48:36.321 | 113 Pool-1-worker-28 | DEBUG | d.t.c.a.a.c.u.util.UserUtilService   : Removing 5 users from all courses...
    23:48:36.322 | 113 Pool-1-worker-28 | DEBUG | d.t.c.a.a.c.u.util.UserUtilService   : Removing 5 users from all courses. Done
    23:48:36.322 | 113 Pool-1-worker-28 | DEBUG | d.t.c.a.a.c.u.util.UserUtilService   : Save 5 users to database...
    23:48:36.330 | 113 Pool-1-worker-28 | DEBUG | d.t.c.a.a.c.u.util.UserUtilService   : Save 5 users to database. Done
    23:48:36.332 | 113 Pool-1-worker-28 | INFO  | i.z.t.d.l.EmbeddedDatabaseReporter   : JDBC URL to connect to 'dataSource': url='jdbc:h2:tcp://localhost:41063/mem:df70fc46-7e57-4cb5-9cd0-c1d90c14afa7;USER=sa', scope='TutorialGroupSessionIntegrationTest#deleteSession_asNotTutorOfGroup_shouldReturnForbidden'
    23:48:36.334 | 113 Pool-1-worker-28 | DEBUG | d.t.c.a.a.c.s.f.ApiVersionFilter     : Adding Version to Request DELETE /api/courses/3312/tutorial-groups/278/sessions/162
    23:48:36.335 | 113 Pool-1-worker-28 | DEBUG | a.a.t.w.TutorialGroupSessionResource : REST request to delete session: 162 of tutorial group: 278 of course 3312
    23:48:36.338 | 113 Pool-1-worker-28 | WARN  | o.z.p.spring.common.AdviceTraits     : Forbidden: The user is not allowed to change the registrations of tutorial group: 278

  Starting logs for TutorialGroupSessionIntegrationTest > updateSession_nowOverlapsWithOtherSession_shouldReturnBadRequest()
    23:48:36.359 | 113 Pool-1-worker-28 | DEBUG | d.t.c.a.a.c.u.util.UserUtilService   : Generate 1 students...
    23:48:36.362 | 113 Pool-1-worker-28 | DEBUG | d.t.c.a.a.c.u.util.UserUtilService   : 1 students generated. Generate 2 tutors...
    23:48:36.365 | 113 Pool-1-worker-28 | DEBUG | d.t.c.a.a.c.u.util.UserUtilService   : 2 tutors generated. Generate 1 editors...
    23:48:36.367 | 113 Pool-1-worker-28 | DEBUG | d.t.c.a.a.c.u.util.UserUtilService   : 1 editors generated. Generate 1 instructors...
    23:48:36.370 | 113 Pool-1-worker-28 | DEBUG | d.t.c.a.a.c.u.util.UserUtilService   : 1 instructors generated
    23:48:36.371 | 113 Pool-1-worker-28 | DEBUG | d.t.c.a.a.c.u.util.UserUtilService   : Removing 5 users from all courses...
    23:48:36.372 | 113 Pool-1-worker-28 | DEBUG | d.t.c.a.a.c.u.util.UserUtilService   : Removing 5 users from all courses. Done
    23:48:36.372 | 113 Pool-1-worker-28 | DEBUG | d.t.c.a.a.c.u.util.UserUtilService   : Save 5 users to database...
    23:48:36.380 | 113 Pool-1-worker-28 | DEBUG | d.t.c.a.a.c.u.util.UserUtilService   : Save 5 users to database. Done
    23:48:36.382 | 113 Pool-1-worker-28 | INFO  | i.z.t.d.l.EmbeddedDatabaseReporter   : JDBC URL to connect to 'dataSource': url='jdbc:h2:tcp://localhost:41063/mem:df70fc46-7e57-4cb5-9cd0-c1d90c14afa7;USER=sa', scope='TutorialGroupSessionIntegrationTest#updateSession_nowOverlapsWithOtherSession_shouldReturnBadRequest'
    23:48:36.386 | 113 Pool-1-worker-28 | DEBUG | d.t.c.a.a.c.s.f.ApiVersionFilter     : Adding Version to Request PUT /api/courses/3313/tutorial-groups/279/sessions/163
    23:48:36.387 | 113 Pool-1-worker-28 | DEBUG | a.a.t.w.TutorialGroupSessionResource : REST request to update session: 163 of tutorial group: 279 of course 3313
    23:48:36.392 | 113 Pool-1-worker-28 | ERROR | tech.jhipster.web.util.HeaderUtil    : Entity processing failed, Session overlaps with an existing session
    23:48:36.392 | 113 Pool-1-worker-28 | WARN  | o.z.p.spring.common.AdviceTraits     : Bad Request: Session overlaps with an existing session

  Starting logs for TutorialGroupSessionIntegrationTest > updateAttendanceCount_belowMinOrAboveMax_shouldReturnBadRequest()
    23:48:36.416 | 113 Pool-1-worker-28 | DEBUG | d.t.c.a.a.c.u.util.UserUtilService   : Generate 1 students...
    23:48:36.419 | 113 Pool-1-worker-28 | DEBUG | d.t.c.a.a.c.u.util.UserUtilService   : 1 students generated. Generate 2 tutors...
    23:48:36.424 | 113 Pool-1-worker-28 | DEBUG | d.t.c.a.a.c.u.util.UserUtilService   : 2 tutors generated. Generate 1 editors...
    23:48:36.426 | 113 Pool-1-worker-28 | DEBUG | d.t.c.a.a.c.u.util.UserUtilService   : 1 editors generated. Generate 1 instructors...
    23:48:36.429 | 113 Pool-1-worker-28 | DEBUG | d.t.c.a.a.c.u.util.UserUtilService   : 1 instructors generated
    23:48:36.432 | 113 Pool-1-worker-28 | DEBUG | d.t.c.a.a.c.u.util.UserUtilService   : Removing 5 users from all courses...
    23:48:36.433 | 113 Pool-1-worker-28 | DEBUG | d.t.c.a.a.c.u.util.UserUtilService   : Removing 5 users from all courses. Done
    23:48:36.433 | 113 Pool-1-worker-28 | DEBUG | d.t.c.a.a.c.u.util.UserUtilService   : Save 5 users to database...
    23:48:36.441 | 113 Pool-1-worker-28 | DEBUG | d.t.c.a.a.c.u.util.UserUtilService   : Save 5 users to database. Done
    23:48:36.444 | 113 Pool-1-worker-28 | INFO  | i.z.t.d.l.EmbeddedDatabaseReporter   : JDBC URL to connect to 'dataSource': url='jdbc:h2:tcp://localhost:41063/mem:df70fc46-7e57-4cb5-9cd0-c1d90c14afa7;USER=sa', scope='TutorialGroupSessionIntegrationTest#updateAttendanceCount_belowMinOrAboveMax_shouldReturnBadRequest'
    23:48:36.447 | 113 Pool-1-worker-28 | DEBUG | d.t.c.a.a.c.s.f.ApiVersionFilter     : Adding Version to Request PATCH /api/courses/3314/tutorial-groups/280/sessions/165/attendance-count
    23:48:36.455 | 113 Pool-1-worker-28 | WARN  | o.z.p.spring.common.AdviceTraits     : Bad Request: 400 BAD_REQUEST "Validation failure"
    23:48:36.457 | 113 Pool-1-worker-28 | DEBUG | d.t.c.a.a.c.s.f.ApiVersionFilter     : Adding Version to Request PATCH /api/courses/3314/tutorial-groups/280/sessions/165/attendance-count
    23:48:36.459 | 113 Pool-1-worker-28 | WARN  | o.z.p.spring.common.AdviceTraits     : Bad Request: 400 BAD_REQUEST "Validation failure"

  Starting logs for TutorialGroupSessionIntegrationTest > deleteSession_individualSession_shouldBeDeleted()
    23:48:36.485 | 113 Pool-1-worker-28 | DEBUG | d.t.c.a.a.c.u.util.UserUtilService   : Generate 1 students...
    23:48:36.488 | 113 Pool-1-worker-28 | DEBUG | d.t.c.a.a.c.u.util.UserUtilService   : 1 students generated. Generate 2 tutors...
    23:48:36.492 | 113 Pool-1-worker-28 | DEBUG | d.t.c.a.a.c.u.util.UserUtilService   : 2 tutors generated. Generate 1 editors...
    23:48:36.495 | 113 Pool-1-worker-28 | DEBUG | d.t.c.a.a.c.u.util.UserUtilService   : 1 editors generated. Generate 1 instructors...
    23:48:36.497 | 113 Pool-1-worker-28 | DEBUG | d.t.c.a.a.c.u.util.UserUtilService   : 1 instructors generated
    23:48:36.500 | 113 Pool-1-worker-28 | DEBUG | d.t.c.a.a.c.u.util.UserUtilService   : Removing 5 users from all courses...
    23:48:36.501 | 113 Pool-1-worker-28 | DEBUG | d.t.c.a.a.c.u.util.UserUtilService   : Removing 5 users from all courses. Done
    23:48:36.501 | 113 Pool-1-worker-28 | DEBUG | d.t.c.a.a.c.u.util.UserUtilService   : Save 5 users to database...
    23:48:36.513 | 113 Pool-1-worker-28 | DEBUG | d.t.c.a.a.c.u.util.UserUtilService   : Save 5 users to database. Done
    23:48:36.519 | 113 Pool-1-worker-28 | INFO  | i.z.t.d.l.EmbeddedDatabaseReporter   : JDBC URL to connect to 'dataSource': url='jdbc:h2:tcp://localhost:41063/mem:df70fc46-7e57-4cb5-9cd0-c1d90c14afa7;USER=sa', scope='TutorialGroupSessionIntegrationTest#deleteSession_individualSession_shouldBeDeleted'
    23:48:36.523 | 113 Pool-1-worker-28 | DEBUG | d.t.c.a.a.c.s.f.ApiVersionFilter     : Adding Version to Request DELETE /api/courses/3315/tutorial-groups/281/sessions/166
    23:48:36.523 | 113 Pool-1-worker-28 | DEBUG | a.a.t.w.TutorialGroupSessionResource : REST request to delete session: 166 of tutorial group: 281 of course 3315

  Starting logs for TutorialGroupSessionIntegrationTest > updateSession_asEditor_shouldReturnForbidden()
    23:48:36.553 | 113 Pool-1-worker-28 | DEBUG | d.t.c.a.a.c.u.util.UserUtilService   : Generate 1 students...
    23:48:36.557 | 113 Pool-1-worker-28 | DEBUG | d.t.c.a.a.c.u.util.UserUtilService   : 1 students generated. Generate 2 tutors...
    23:48:36.561 | 113 Pool-1-worker-28 | DEBUG | d.t.c.a.a.c.u.util.UserUtilService   : 2 tutors generated. Generate 1 editors...
    23:48:36.564 | 113 Pool-1-worker-28 | DEBUG | d.t.c.a.a.c.u.util.UserUtilService   : 1 editors generated. Generate 1 instructors...
    23:48:36.569 | 113 Pool-1-worker-28 | DEBUG | d.t.c.a.a.c.u.util.UserUtilService   : 1 instructors generated
    23:48:36.572 | 113 Pool-1-worker-28 | DEBUG | d.t.c.a.a.c.u.util.UserUtilService   : Removing 5 users from all courses...
    23:48:36.573 | 113 Pool-1-worker-28 | DEBUG | d.t.c.a.a.c.u.util.UserUtilService   : Removing 5 users from all courses. Done
    23:48:36.573 | 113 Pool-1-worker-28 | DEBUG | d.t.c.a.a.c.u.util.UserUtilService   : Save 5 users to database...
    23:48:36.583 | 113 Pool-1-worker-28 | DEBUG | d.t.c.a.a.c.u.util.UserUtilService   : Save 5 users to database. Done
    23:48:36.586 | 113 Pool-1-worker-28 | INFO  | i.z.t.d.l.EmbeddedDatabaseReporter   : JDBC URL to connect to 'dataSource': url='jdbc:h2:tcp://localhost:41063/mem:df70fc46-7e57-4cb5-9cd0-c1d90c14afa7;USER=sa', scope='TutorialGroupSessionIntegrationTest#updateSession_asEditor_shouldReturnForbidden'
    23:48:36.589 | 113 Pool-1-worker-28 | DEBUG | d.t.c.a.a.c.s.f.ApiVersionFilter     : Adding Version to Request PUT /api/courses/3316/tutorial-groups/282/sessions/167
    23:48:36.590 | 113 Pool-1-worker-28 | DEBUG | a.a.t.w.TutorialGroupSessionResource : REST request to update session: 167 of tutorial group: 282 of course 3316
    23:48:36.593 | 113 Pool-1-worker-28 | WARN  | o.z.p.spring.common.AdviceTraits     : Forbidden: The user is not allowed to modify the sessions of tutorial group: 282

Finished logs for TutorialGroupSessionIntegrationTest
]]></system-out>
  <system-err><![CDATA[]]></system-err>
</testsuite>
