<?xml version="1.0" encoding="UTF-8"?>
<testsuite name="de.tum.cit.aet.artemis.atlas.competency.CourseCompetencyIntegrationTest$GetCourseCompetencyTitles" tests="1" skipped="0" failures="0" errors="0" timestamp="2025-02-14T23:43:05" hostname="fv-az1721-502" time="0.102">
  <properties/>
  <testcase name="shouldGetCourseCompetencyTitles()" classname="de.tum.cit.aet.artemis.atlas.competency.CourseCompetencyIntegrationTest$GetCourseCompetencyTitles" time="0.102"/>
  <system-out><![CDATA[
Starting logs for GetCourseCompetencyTitles

  Starting logs for GetCourseCompetencyTitles > shouldGetCourseCompetencyTitles()
    23:43:05.235 | 120 Pool-1-worker-35 | DEBUG | d.t.c.a.a.c.u.util.UserUtilService   : Generate 2 students...
    23:43:05.241 | 120 Pool-1-worker-35 | DEBUG | d.t.c.a.a.c.u.util.UserUtilService   : 2 students generated. Generate 1 tutors...
    23:43:05.244 | 120 Pool-1-worker-35 | DEBUG | d.t.c.a.a.c.u.util.UserUtilService   : 1 tutors generated. Generate 1 editors...
    23:43:05.247 | 120 Pool-1-worker-35 | DEBUG | d.t.c.a.a.c.u.util.UserUtilService   : 1 editors generated. Generate 1 instructors...
    23:43:05.249 | 120 Pool-1-worker-35 | DEBUG | d.t.c.a.a.c.u.util.UserUtilService   : 1 instructors generated
    23:43:05.251 | 120 Pool-1-worker-35 | DEBUG | d.t.c.a.a.c.u.util.UserUtilService   : Removing 5 users from all courses...
    23:43:05.251 | 120 Pool-1-worker-35 | DEBUG | d.t.c.a.a.c.u.util.UserUtilService   : Removing 5 users from all courses. Done
    23:43:05.251 | 120 Pool-1-worker-35 | DEBUG | d.t.c.a.a.c.u.util.UserUtilService   : Save 5 users to database...
    23:43:05.257 | 120 Pool-1-worker-35 | DEBUG | d.t.c.a.a.c.u.util.UserUtilService   : Save 5 users to database. Done
    23:43:05.294 | 120 Pool-1-worker-35 | INFO  | i.z.t.d.l.EmbeddedDatabaseReporter   : JDBC URL to connect to 'dataSource': url='jdbc:h2:tcp://localhost:41063/mem:df70fc46-7e57-4cb5-9cd0-c1d90c14afa7;USER=sa', scope='GetCourseCompetencyTitles#shouldGetCourseCompetencyTitles'
    23:43:05.303 | 120 Pool-1-worker-35 | DEBUG | d.t.c.a.a.c.s.f.ApiVersionFilter     : Adding Version to Request GET /api/courses/649/course-competencies/titles

Finished logs for GetCourseCompetencyTitles
]]></system-out>
  <system-err><![CDATA[]]></system-err>
</testsuite>
