<?xml version="1.0" encoding="UTF-8"?>
<testsuite name="de.tum.cit.aet.artemis.modeling.ModelingComparisonTest" tests="1" skipped="0" failures="0" errors="0" timestamp="2025-02-14T23:40:01" hostname="fv-az1721-502" time="0.001">
  <properties/>
  <testcase name="compareSubmittedAnswers()" classname="de.tum.cit.aet.artemis.modeling.ModelingComparisonTest" time="0.001"/>
  <system-out><![CDATA[
Starting logs for ModelingComparisonTest

  Starting logs for ModelingComparisonTest > compareSubmittedAnswers()

Finished logs for ModelingComparisonTest
]]></system-out>
  <system-err><![CDATA[]]></system-err>
</testsuite>
