<?xml version="1.0" encoding="UTF-8"?>
<testsuite name="de.tum.cit.aet.artemis.programming.ProgrammingExerciseServiceIntegrationTest" tests="17" skipped="0" failures="0" errors="0" timestamp="2025-02-14T23:44:50" hostname="fv-az1721-502" time="3.707">
  <properties/>
  <testcase name="testInstructorSearchTermMatchesId()" classname="de.tum.cit.aet.artemis.programming.ProgrammingExerciseServiceIntegrationTest" time="0.222"/>
  <testcase name="importExercise_tutor_forbidden()" classname="de.tum.cit.aet.artemis.programming.ProgrammingExerciseServiceIntegrationTest" time="0.154"/>
  <testcase name="testNoBuildPlanAccessSecretForImportedExercise()" classname="de.tum.cit.aet.artemis.programming.ProgrammingExerciseServiceIntegrationTest" time="0.211"/>
  <testcase name="testInstructorGetsResultsFromOwningCoursesNotEmpty()" classname="de.tum.cit.aet.artemis.programming.ProgrammingExerciseServiceIntegrationTest" time="0.255"/>
  <testcase name="testCourseAndExamFiltersAsInstructor(boolean) [1] withSCA=false" classname="de.tum.cit.aet.artemis.programming.ProgrammingExerciseServiceIntegrationTest" time="0.468"/>
  <testcase name="testCourseAndExamFiltersAsInstructor(boolean) [2] withSCA=true" classname="de.tum.cit.aet.artemis.programming.ProgrammingExerciseServiceIntegrationTest" time="0.484"/>
  <testcase name="importExercise_user_forbidden()" classname="de.tum.cit.aet.artemis.programming.ProgrammingExerciseServiceIntegrationTest" time="0.104"/>
  <testcase name="testInstructorGetsResultsOnlyFromOwningCourses()" classname="de.tum.cit.aet.artemis.programming.ProgrammingExerciseServiceIntegrationTest" time="0.13"/>
  <testcase name="importProgrammingExerciseBasisWithSubmissionPolicy(SubmissionPolicy) [1] submissionPolicy=LockRepositoryPolicy{id=null, submissionLimit=5, active=true}" classname="de.tum.cit.aet.artemis.programming.ProgrammingExerciseServiceIntegrationTest" time="0.138"/>
  <testcase name="importProgrammingExerciseBasisWithSubmissionPolicy(SubmissionPolicy) [2] submissionPolicy=SubmissionPenaltyPolicy{id=null, submissionLimit=5, active=true, exceedingPenalty=3.00}" classname="de.tum.cit.aet.artemis.programming.ProgrammingExerciseServiceIntegrationTest" time="0.131"/>
  <testcase name="testSearchProgrammingExercisesWithProperSearchTerm()" classname="de.tum.cit.aet.artemis.programming.ProgrammingExerciseServiceIntegrationTest" time="0.236"/>
  <testcase name="testAdminGetsResultsFromAllCourses()" classname="de.tum.cit.aet.artemis.programming.ProgrammingExerciseServiceIntegrationTest" time="0.12"/>
  <testcase name="testDifferentBuildPlanAccessSecretForImportedExercise()" classname="de.tum.cit.aet.artemis.programming.ProgrammingExerciseServiceIntegrationTest" time="0.088"/>
  <testcase name="importProgrammingExerciseBasis_baseReferencesGotCloned()" classname="de.tum.cit.aet.artemis.programming.ProgrammingExerciseServiceIntegrationTest" time="0.131"/>
  <testcase name="testAdminSearchTermMatchesId()" classname="de.tum.cit.aet.artemis.programming.ProgrammingExerciseServiceIntegrationTest" time="0.153"/>
  <testcase name="testCourseAndExamFiltersAsAdmin(boolean) [1] withSCA=false" classname="de.tum.cit.aet.artemis.programming.ProgrammingExerciseServiceIntegrationTest" time="0.344"/>
  <testcase name="testCourseAndExamFiltersAsAdmin(boolean) [2] withSCA=true" classname="de.tum.cit.aet.artemis.programming.ProgrammingExerciseServiceIntegrationTest" time="0.279"/>
  <system-out><![CDATA[
Starting logs for ProgrammingExerciseServiceIntegrationTest

  Starting logs for ProgrammingExerciseServiceIntegrationTest > testInstructorSearchTermMatchesId()
    23:44:50.070 | 458 ool-1-worker-222 | DEBUG | d.t.c.a.a.c.u.util.UserUtilService   : Generate 1 students...
    23:44:50.075 | 458 ool-1-worker-222 | DEBUG | d.t.c.a.a.c.u.util.UserUtilService   : 1 students generated. Generate 1 tutors...
    23:44:50.079 | 458 ool-1-worker-222 | DEBUG | d.t.c.a.a.c.u.util.UserUtilService   : 1 tutors generated. Generate 0 editors...
    23:44:50.083 | 458 ool-1-worker-222 | DEBUG | d.t.c.a.a.c.u.util.UserUtilService   : 0 editors generated. Generate 1 instructors...
    23:44:50.085 | 458 ool-1-worker-222 | DEBUG | d.t.c.a.a.c.u.util.UserUtilService   : 1 instructors generated
    23:44:50.089 | 458 ool-1-worker-222 | DEBUG | d.t.c.a.a.c.u.util.UserUtilService   : Removing 9 users from all courses...
    23:44:50.091 | 458 ool-1-worker-222 | DEBUG | d.t.c.a.a.c.u.util.UserUtilService   : Removing 9 users from all courses. Done
    23:44:50.091 | 458 ool-1-worker-222 | DEBUG | d.t.c.a.a.c.u.util.UserUtilService   : Save 3 users to database...
    23:44:50.095 | 458 ool-1-worker-222 | DEBUG | d.t.c.a.a.c.u.util.UserUtilService   : Save 3 users to database. Done
    23:44:50.172 | 458 ool-1-worker-222 | INFO  | i.z.t.d.l.EmbeddedDatabaseReporter   : JDBC URL to connect to 'dataSource': url='jdbc:h2:tcp://localhost:41063/mem:f240edcd-27ce-47a3-b4ab-a6a00c154135;USER=sa', scope='ProgrammingExerciseServiceIntegrationTest#testInstructorSearchTermMatchesId'
    23:44:50.172 | 458 ool-1-worker-222 | DEBUG | d.t.c.a.a.c.u.util.UserUtilService   : Generate 1 students...
    23:44:50.179 | 458 ool-1-worker-222 | DEBUG | d.t.c.a.a.c.u.util.UserUtilService   : 1 students generated. Generate 1 tutors...
    23:44:50.188 | 458 ool-1-worker-222 | DEBUG | d.t.c.a.a.c.u.util.UserUtilService   : 1 tutors generated. Generate 0 editors...
    23:44:50.189 | 458 ool-1-worker-222 | DEBUG | d.t.c.a.a.c.u.util.UserUtilService   : 0 editors generated. Generate 1 instructors...
    23:44:50.195 | 458 ool-1-worker-222 | DEBUG | d.t.c.a.a.c.u.util.UserUtilService   : 1 instructors generated
    23:44:50.200 | 458 ool-1-worker-222 | DEBUG | d.t.c.a.a.c.u.util.UserUtilService   : Removing 4 users from all courses...
    23:44:50.201 | 458 ool-1-worker-222 | DEBUG | d.t.c.a.a.c.u.util.UserUtilService   : Removing 4 users from all courses. Done
    23:44:50.201 | 458 ool-1-worker-222 | DEBUG | d.t.c.a.a.c.u.util.UserUtilService   : Save 3 users to database...
    23:44:50.214 | 458 ool-1-worker-222 | DEBUG | d.t.c.a.a.c.u.util.UserUtilService   : Save 3 users to database. Done
    23:44:50.224 | 458 ool-1-worker-222 | DEBUG | d.t.c.a.a.c.s.f.ApiVersionFilter     : Adding Version to Request GET /api/programming-exercises

  Starting logs for ProgrammingExerciseServiceIntegrationTest > importExercise_tutor_forbidden()
    23:44:50.299 | 458 ool-1-worker-222 | DEBUG | d.t.c.a.a.c.u.util.UserUtilService   : Generate 1 students...
    23:44:50.306 | 458 ool-1-worker-222 | DEBUG | d.t.c.a.a.c.u.util.UserUtilService   : 1 students generated. Generate 1 tutors...
    23:44:50.312 | 458 ool-1-worker-222 | DEBUG | d.t.c.a.a.c.u.util.UserUtilService   : 1 tutors generated. Generate 0 editors...
    23:44:50.316 | 458 ool-1-worker-222 | DEBUG | d.t.c.a.a.c.u.util.UserUtilService   : 0 editors generated. Generate 1 instructors...
    23:44:50.322 | 458 ool-1-worker-222 | DEBUG | d.t.c.a.a.c.u.util.UserUtilService   : 1 instructors generated
    23:44:50.324 | 458 ool-1-worker-222 | DEBUG | d.t.c.a.a.c.u.util.UserUtilService   : Removing 3 users from all courses...
    23:44:50.325 | 458 ool-1-worker-222 | DEBUG | d.t.c.a.a.c.u.util.UserUtilService   : Removing 3 users from all courses. Done
    23:44:50.325 | 458 ool-1-worker-222 | DEBUG | d.t.c.a.a.c.u.util.UserUtilService   : Save 3 users to database...
    23:44:50.328 | 458 ool-1-worker-222 | DEBUG | d.t.c.a.a.c.u.util.UserUtilService   : Save 3 users to database. Done
    23:44:50.403 | 458 ool-1-worker-222 | INFO  | i.z.t.d.l.EmbeddedDatabaseReporter   : JDBC URL to connect to 'dataSource': url='jdbc:h2:tcp://localhost:41063/mem:f240edcd-27ce-47a3-b4ab-a6a00c154135;USER=sa', scope='ProgrammingExerciseServiceIntegrationTest#importExercise_tutor_forbidden'
    23:44:50.404 | 458 ool-1-worker-222 | DEBUG | d.t.c.a.a.c.s.f.ApiVersionFilter     : Adding Version to Request POST /api/programming-exercises/import/2412
    23:44:50.415 | 458 ool-1-worker-222 | WARN  | o.z.p.spring.common.AdviceTraits     : Forbidden: Access Denied

  Starting logs for ProgrammingExerciseServiceIntegrationTest > testNoBuildPlanAccessSecretForImportedExercise()
    23:44:50.473 | 458 ool-1-worker-222 | DEBUG | d.t.c.a.a.c.u.util.UserUtilService   : Generate 1 students...
    23:44:50.483 | 458 ool-1-worker-222 | DEBUG | d.t.c.a.a.c.u.util.UserUtilService   : 1 students generated. Generate 1 tutors...
    23:44:50.489 | 458 ool-1-worker-222 | DEBUG | d.t.c.a.a.c.u.util.UserUtilService   : 1 tutors generated. Generate 0 editors...
    23:44:50.490 | 458 ool-1-worker-222 | DEBUG | d.t.c.a.a.c.u.util.UserUtilService   : 0 editors generated. Generate 1 instructors...
    23:44:50.499 | 458 ool-1-worker-222 | DEBUG | d.t.c.a.a.c.u.util.UserUtilService   : 1 instructors generated
    23:44:50.501 | 458 ool-1-worker-222 | DEBUG | d.t.c.a.a.c.u.util.UserUtilService   : Removing 4 users from all courses...
    23:44:50.501 | 458 ool-1-worker-222 | DEBUG | d.t.c.a.a.c.u.util.UserUtilService   : Removing 4 users from all courses. Done
    23:44:50.502 | 458 ool-1-worker-222 | DEBUG | d.t.c.a.a.c.u.util.UserUtilService   : Save 3 users to database...
    23:44:50.513 | 458 ool-1-worker-222 | DEBUG | d.t.c.a.a.c.u.util.UserUtilService   : Save 3 users to database. Done
    23:44:50.592 | 458 ool-1-worker-222 | INFO  | i.z.t.d.l.EmbeddedDatabaseReporter   : JDBC URL to connect to 'dataSource': url='jdbc:h2:tcp://localhost:41063/mem:f240edcd-27ce-47a3-b4ab-a6a00c154135;USER=sa', scope='ProgrammingExerciseServiceIntegrationTest#testNoBuildPlanAccessSecretForImportedExercise'

  Starting logs for ProgrammingExerciseServiceIntegrationTest > testInstructorGetsResultsFromOwningCoursesNotEmpty()
    23:44:50.675 | 458 ool-1-worker-222 | DEBUG | d.t.c.a.a.c.u.util.UserUtilService   : Generate 1 students...
    23:44:50.681 | 458 ool-1-worker-222 | DEBUG | d.t.c.a.a.c.u.util.UserUtilService   : 1 students generated. Generate 1 tutors...
    23:44:50.687 | 458 ool-1-worker-222 | DEBUG | d.t.c.a.a.c.u.util.UserUtilService   : 1 tutors generated. Generate 0 editors...
    23:44:50.689 | 458 ool-1-worker-222 | DEBUG | d.t.c.a.a.c.u.util.UserUtilService   : 0 editors generated. Generate 1 instructors...
    23:44:50.762 | 458 ool-1-worker-222 | DEBUG | d.t.c.a.a.c.u.util.UserUtilService   : 1 instructors generated
    23:44:50.767 | 458 ool-1-worker-222 | DEBUG | d.t.c.a.a.c.u.util.UserUtilService   : Removing 4 users from all courses...
    23:44:50.768 | 458 ool-1-worker-222 | DEBUG | d.t.c.a.a.c.u.util.UserUtilService   : Removing 4 users from all courses. Done
    23:44:50.768 | 458 ool-1-worker-222 | DEBUG | d.t.c.a.a.c.u.util.UserUtilService   : Save 3 users to database...
    23:44:50.778 | 458 ool-1-worker-222 | DEBUG | d.t.c.a.a.c.u.util.UserUtilService   : Save 3 users to database. Done
    23:44:50.852 | 458 ool-1-worker-222 | INFO  | i.z.t.d.l.EmbeddedDatabaseReporter   : JDBC URL to connect to 'dataSource': url='jdbc:h2:tcp://localhost:41063/mem:f240edcd-27ce-47a3-b4ab-a6a00c154135;USER=sa', scope='ProgrammingExerciseServiceIntegrationTest#testInstructorGetsResultsFromOwningCoursesNotEmpty'
    23:44:50.859 | 458 ool-1-worker-222 | DEBUG | d.t.c.a.a.c.s.f.ApiVersionFilter     : Adding Version to Request GET /api/programming-exercises

  Starting logs for ProgrammingExerciseServiceIntegrationTest > testCourseAndExamFiltersAsInstructor(boolean) [1] withSCA=false
    23:44:50.936 | 458 ool-1-worker-222 | DEBUG | d.t.c.a.a.c.u.util.UserUtilService   : Generate 1 students...
    23:44:50.942 | 458 ool-1-worker-222 | DEBUG | d.t.c.a.a.c.u.util.UserUtilService   : 1 students generated. Generate 1 tutors...
    23:44:50.946 | 458 ool-1-worker-222 | DEBUG | d.t.c.a.a.c.u.util.UserUtilService   : 1 tutors generated. Generate 0 editors...
    23:44:50.951 | 458 ool-1-worker-222 | DEBUG | d.t.c.a.a.c.u.util.UserUtilService   : 0 editors generated. Generate 1 instructors...
    23:44:50.956 | 458 ool-1-worker-222 | DEBUG | d.t.c.a.a.c.u.util.UserUtilService   : 1 instructors generated
    23:44:50.957 | 458 ool-1-worker-222 | DEBUG | d.t.c.a.a.c.u.util.UserUtilService   : Removing 4 users from all courses...
    23:44:50.958 | 458 ool-1-worker-222 | DEBUG | d.t.c.a.a.c.u.util.UserUtilService   : Removing 4 users from all courses. Done
    23:44:50.958 | 458 ool-1-worker-222 | DEBUG | d.t.c.a.a.c.u.util.UserUtilService   : Save 3 users to database...
    23:44:50.963 | 458 ool-1-worker-222 | DEBUG | d.t.c.a.a.c.u.util.UserUtilService   : Save 3 users to database. Done
    23:44:51.031 | 458 ool-1-worker-222 | INFO  | i.z.t.d.l.EmbeddedDatabaseReporter   : JDBC URL to connect to 'dataSource': url='jdbc:h2:tcp://localhost:41063/mem:f240edcd-27ce-47a3-b4ab-a6a00c154135;USER=sa', scope='ProgrammingExerciseServiceIntegrationTest#testCourseAndExamFiltersAsInstructor'
    23:44:51.090 | 458 ool-1-worker-222 | DEBUG | d.t.c.a.a.c.s.f.ApiVersionFilter     : Adding Version to Request GET /api/programming-exercises
    23:44:51.112 | 458 ool-1-worker-222 | DEBUG | d.t.c.a.a.c.s.f.ApiVersionFilter     : Adding Version to Request GET /api/programming-exercises
    23:44:51.134 | 458 ool-1-worker-222 | DEBUG | d.t.c.a.a.c.s.f.ApiVersionFilter     : Adding Version to Request GET /api/programming-exercises
    23:44:51.145 | 458 ool-1-worker-222 | DEBUG | d.t.c.a.a.c.s.f.ApiVersionFilter     : Adding Version to Request GET /api/programming-exercises
    23:44:51.160 | 458 ool-1-worker-222 | DEBUG | d.t.c.a.a.c.s.f.ApiVersionFilter     : Adding Version to Request GET /api/programming-exercises
    23:44:51.179 | 458 ool-1-worker-222 | DEBUG | d.t.c.a.a.c.s.f.ApiVersionFilter     : Adding Version to Request GET /api/programming-exercises
    23:44:51.193 | 458 ool-1-worker-222 | DEBUG | d.t.c.a.a.c.s.f.ApiVersionFilter     : Adding Version to Request GET /api/programming-exercises
    23:44:51.201 | 458 ool-1-worker-222 | DEBUG | d.t.c.a.a.c.s.f.ApiVersionFilter     : Adding Version to Request GET /api/programming-exercises
    23:44:51.211 | 458 ool-1-worker-222 | DEBUG | d.t.c.a.a.c.s.f.ApiVersionFilter     : Adding Version to Request GET /api/programming-exercises
    23:44:51.219 | 458 ool-1-worker-222 | DEBUG | d.t.c.a.a.c.s.f.ApiVersionFilter     : Adding Version to Request GET /api/programming-exercises
    23:44:51.234 | 458 ool-1-worker-222 | DEBUG | d.t.c.a.a.c.s.f.ApiVersionFilter     : Adding Version to Request GET /api/programming-exercises
    23:44:51.253 | 458 ool-1-worker-222 | DEBUG | d.t.c.a.a.c.s.f.ApiVersionFilter     : Adding Version to Request GET /api/programming-exercises
    23:44:51.271 | 458 ool-1-worker-222 | DEBUG | d.t.c.a.a.c.s.f.ApiVersionFilter     : Adding Version to Request GET /api/programming-exercises
    23:44:51.283 | 458 ool-1-worker-222 | DEBUG | d.t.c.a.a.c.s.f.ApiVersionFilter     : Adding Version to Request GET /api/programming-exercises
    23:44:51.299 | 458 ool-1-worker-222 | DEBUG | d.t.c.a.a.c.s.f.ApiVersionFilter     : Adding Version to Request GET /api/programming-exercises
    23:44:51.321 | 458 ool-1-worker-222 | DEBUG | d.t.c.a.a.c.s.f.ApiVersionFilter     : Adding Version to Request GET /api/programming-exercises
    23:44:51.350 | 458 ool-1-worker-222 | DEBUG | d.t.c.a.a.c.s.f.ApiVersionFilter     : Adding Version to Request GET /api/programming-exercises/with-sca

  Starting logs for ProgrammingExerciseServiceIntegrationTest > testCourseAndExamFiltersAsInstructor(boolean) [2] withSCA=true
    23:44:51.407 | 458 ool-1-worker-222 | DEBUG | d.t.c.a.a.c.u.util.UserUtilService   : Generate 1 students...
    23:44:51.414 | 458 ool-1-worker-222 | DEBUG | d.t.c.a.a.c.u.util.UserUtilService   : 1 students generated. Generate 1 tutors...
    23:44:51.419 | 458 ool-1-worker-222 | DEBUG | d.t.c.a.a.c.u.util.UserUtilService   : 1 tutors generated. Generate 0 editors...
    23:44:51.422 | 458 ool-1-worker-222 | DEBUG | d.t.c.a.a.c.u.util.UserUtilService   : 0 editors generated. Generate 1 instructors...
    23:44:51.428 | 458 ool-1-worker-222 | DEBUG | d.t.c.a.a.c.u.util.UserUtilService   : 1 instructors generated
    23:44:51.430 | 458 ool-1-worker-222 | DEBUG | d.t.c.a.a.c.u.util.UserUtilService   : Removing 4 users from all courses...
    23:44:51.432 | 458 ool-1-worker-222 | DEBUG | d.t.c.a.a.c.u.util.UserUtilService   : Removing 4 users from all courses. Done
    23:44:51.432 | 458 ool-1-worker-222 | DEBUG | d.t.c.a.a.c.u.util.UserUtilService   : Save 3 users to database...
    23:44:51.438 | 458 ool-1-worker-222 | DEBUG | d.t.c.a.a.c.u.util.UserUtilService   : Save 3 users to database. Done
    23:44:51.507 | 458 ool-1-worker-222 | INFO  | i.z.t.d.l.EmbeddedDatabaseReporter   : JDBC URL to connect to 'dataSource': url='jdbc:h2:tcp://localhost:41063/mem:f240edcd-27ce-47a3-b4ab-a6a00c154135;USER=sa', scope='ProgrammingExerciseServiceIntegrationTest#testCourseAndExamFiltersAsInstructor'
    23:44:51.569 | 458 ool-1-worker-222 | DEBUG | d.t.c.a.a.c.s.f.ApiVersionFilter     : Adding Version to Request GET /api/programming-exercises
    23:44:51.589 | 458 ool-1-worker-222 | DEBUG | d.t.c.a.a.c.s.f.ApiVersionFilter     : Adding Version to Request GET /api/programming-exercises
    23:44:51.608 | 458 ool-1-worker-222 | DEBUG | d.t.c.a.a.c.s.f.ApiVersionFilter     : Adding Version to Request GET /api/programming-exercises
    23:44:51.616 | 458 ool-1-worker-222 | DEBUG | d.t.c.a.a.c.s.f.ApiVersionFilter     : Adding Version to Request GET /api/programming-exercises
    23:44:51.632 | 458 ool-1-worker-222 | DEBUG | d.t.c.a.a.c.s.f.ApiVersionFilter     : Adding Version to Request GET /api/programming-exercises
    23:44:51.647 | 458 ool-1-worker-222 | DEBUG | d.t.c.a.a.c.s.f.ApiVersionFilter     : Adding Version to Request GET /api/programming-exercises
    23:44:51.664 | 458 ool-1-worker-222 | DEBUG | d.t.c.a.a.c.s.f.ApiVersionFilter     : Adding Version to Request GET /api/programming-exercises
    23:44:51.680 | 458 ool-1-worker-222 | DEBUG | d.t.c.a.a.c.s.f.ApiVersionFilter     : Adding Version to Request GET /api/programming-exercises
    23:44:51.697 | 458 ool-1-worker-222 | DEBUG | d.t.c.a.a.c.s.f.ApiVersionFilter     : Adding Version to Request GET /api/programming-exercises
    23:44:51.719 | 458 ool-1-worker-222 | DEBUG | d.t.c.a.a.c.s.f.ApiVersionFilter     : Adding Version to Request GET /api/programming-exercises
    23:44:51.735 | 458 ool-1-worker-222 | DEBUG | d.t.c.a.a.c.s.f.ApiVersionFilter     : Adding Version to Request GET /api/programming-exercises
    23:44:51.750 | 458 ool-1-worker-222 | DEBUG | d.t.c.a.a.c.s.f.ApiVersionFilter     : Adding Version to Request GET /api/programming-exercises
    23:44:51.773 | 458 ool-1-worker-222 | DEBUG | d.t.c.a.a.c.s.f.ApiVersionFilter     : Adding Version to Request GET /api/programming-exercises
    23:44:51.791 | 458 ool-1-worker-222 | DEBUG | d.t.c.a.a.c.s.f.ApiVersionFilter     : Adding Version to Request GET /api/programming-exercises
    23:44:51.808 | 458 ool-1-worker-222 | DEBUG | d.t.c.a.a.c.s.f.ApiVersionFilter     : Adding Version to Request GET /api/programming-exercises
    23:44:51.826 | 458 ool-1-worker-222 | DEBUG | d.t.c.a.a.c.s.f.ApiVersionFilter     : Adding Version to Request GET /api/programming-exercises
    23:44:51.848 | 458 ool-1-worker-222 | DEBUG | d.t.c.a.a.c.s.f.ApiVersionFilter     : Adding Version to Request GET /api/programming-exercises/with-sca

  Starting logs for ProgrammingExerciseServiceIntegrationTest > importExercise_user_forbidden()
    23:44:51.889 | 458 ool-1-worker-222 | DEBUG | d.t.c.a.a.c.u.util.UserUtilService   : Generate 1 students...
    23:44:51.894 | 458 ool-1-worker-222 | DEBUG | d.t.c.a.a.c.u.util.UserUtilService   : 1 students generated. Generate 1 tutors...
    23:44:51.898 | 458 ool-1-worker-222 | DEBUG | d.t.c.a.a.c.u.util.UserUtilService   : 1 tutors generated. Generate 0 editors...
    23:44:51.900 | 458 ool-1-worker-222 | DEBUG | d.t.c.a.a.c.u.util.UserUtilService   : 0 editors generated. Generate 1 instructors...
    23:44:51.904 | 458 ool-1-worker-222 | DEBUG | d.t.c.a.a.c.u.util.UserUtilService   : 1 instructors generated
    23:44:51.905 | 458 ool-1-worker-222 | DEBUG | d.t.c.a.a.c.u.util.UserUtilService   : Removing 4 users from all courses...
    23:44:51.906 | 458 ool-1-worker-222 | DEBUG | d.t.c.a.a.c.u.util.UserUtilService   : Removing 4 users from all courses. Done
    23:44:51.906 | 458 ool-1-worker-222 | DEBUG | d.t.c.a.a.c.u.util.UserUtilService   : Save 3 users to database...
    23:44:51.909 | 458 ool-1-worker-222 | DEBUG | d.t.c.a.a.c.u.util.UserUtilService   : Save 3 users to database. Done
    23:44:51.967 | 458 ool-1-worker-222 | INFO  | i.z.t.d.l.EmbeddedDatabaseReporter   : JDBC URL to connect to 'dataSource': url='jdbc:h2:tcp://localhost:41063/mem:f240edcd-27ce-47a3-b4ab-a6a00c154135;USER=sa', scope='ProgrammingExerciseServiceIntegrationTest#importExercise_user_forbidden'
    23:44:51.969 | 458 ool-1-worker-222 | DEBUG | d.t.c.a.a.c.s.f.ApiVersionFilter     : Adding Version to Request POST /api/programming-exercises/import/2422
    23:44:51.971 | 458 ool-1-worker-222 | WARN  | o.z.p.spring.common.AdviceTraits     : Forbidden: Access Denied

  Starting logs for ProgrammingExerciseServiceIntegrationTest > testInstructorGetsResultsOnlyFromOwningCourses()
    23:44:51.999 | 458 ool-1-worker-222 | DEBUG | d.t.c.a.a.c.u.util.UserUtilService   : Generate 1 students...
    23:44:52.005 | 458 ool-1-worker-222 | DEBUG | d.t.c.a.a.c.u.util.UserUtilService   : 1 students generated. Generate 1 tutors...
    23:44:52.011 | 458 ool-1-worker-222 | DEBUG | d.t.c.a.a.c.u.util.UserUtilService   : 1 tutors generated. Generate 0 editors...
    23:44:52.012 | 458 ool-1-worker-222 | DEBUG | d.t.c.a.a.c.u.util.UserUtilService   : 0 editors generated. Generate 1 instructors...
    23:44:52.016 | 458 ool-1-worker-222 | DEBUG | d.t.c.a.a.c.u.util.UserUtilService   : 1 instructors generated
    23:44:52.017 | 458 ool-1-worker-222 | DEBUG | d.t.c.a.a.c.u.util.UserUtilService   : Removing 4 users from all courses...
    23:44:52.020 | 458 ool-1-worker-222 | DEBUG | d.t.c.a.a.c.u.util.UserUtilService   : Removing 4 users from all courses. Done
    23:44:52.020 | 458 ool-1-worker-222 | DEBUG | d.t.c.a.a.c.u.util.UserUtilService   : Save 3 users to database...
    23:44:52.023 | 458 ool-1-worker-222 | DEBUG | d.t.c.a.a.c.u.util.UserUtilService   : Save 3 users to database. Done
    23:44:52.083 | 458 ool-1-worker-222 | INFO  | i.z.t.d.l.EmbeddedDatabaseReporter   : JDBC URL to connect to 'dataSource': url='jdbc:h2:tcp://localhost:41063/mem:f240edcd-27ce-47a3-b4ab-a6a00c154135;USER=sa', scope='ProgrammingExerciseServiceIntegrationTest#testInstructorGetsResultsOnlyFromOwningCourses'
    23:44:52.084 | 458 ool-1-worker-222 | DEBUG | d.t.c.a.a.c.s.f.ApiVersionFilter     : Adding Version to Request GET /api/programming-exercises

  Starting logs for ProgrammingExerciseServiceIntegrationTest > importProgrammingExerciseBasisWithSubmissionPolicy(SubmissionPolicy) [1] submissionPolicy=LockRepositoryPolicy{id=null, submissionLimit=5, active=true}
    23:44:52.127 | 458 ool-1-worker-222 | DEBUG | d.t.c.a.a.c.u.util.UserUtilService   : Generate 1 students...
    23:44:52.130 | 458 ool-1-worker-222 | DEBUG | d.t.c.a.a.c.u.util.UserUtilService   : 1 students generated. Generate 1 tutors...
    23:44:52.132 | 458 ool-1-worker-222 | DEBUG | d.t.c.a.a.c.u.util.UserUtilService   : 1 tutors generated. Generate 0 editors...
    23:44:52.134 | 458 ool-1-worker-222 | DEBUG | d.t.c.a.a.c.u.util.UserUtilService   : 0 editors generated. Generate 1 instructors...
    23:44:52.137 | 458 ool-1-worker-222 | DEBUG | d.t.c.a.a.c.u.util.UserUtilService   : 1 instructors generated
    23:44:52.138 | 458 ool-1-worker-222 | DEBUG | d.t.c.a.a.c.u.util.UserUtilService   : Removing 4 users from all courses...
    23:44:52.139 | 458 ool-1-worker-222 | DEBUG | d.t.c.a.a.c.u.util.UserUtilService   : Removing 4 users from all courses. Done
    23:44:52.139 | 458 ool-1-worker-222 | DEBUG | d.t.c.a.a.c.u.util.UserUtilService   : Save 3 users to database...
    23:44:52.142 | 458 ool-1-worker-222 | DEBUG | d.t.c.a.a.c.u.util.UserUtilService   : Save 3 users to database. Done
    23:44:52.207 | 458 ool-1-worker-222 | INFO  | i.z.t.d.l.EmbeddedDatabaseReporter   : JDBC URL to connect to 'dataSource': url='jdbc:h2:tcp://localhost:41063/mem:f240edcd-27ce-47a3-b4ab-a6a00c154135;USER=sa', scope='ProgrammingExerciseServiceIntegrationTest#importProgrammingExerciseBasisWithSubmissionPolicy'

  Starting logs for ProgrammingExerciseServiceIntegrationTest > importProgrammingExerciseBasisWithSubmissionPolicy(SubmissionPolicy) [2] submissionPolicy=SubmissionPenaltyPolicy{id=null, submissionLimit=5, active=true, exceedingPenalty=3.00}
    23:44:52.272 | 458 ool-1-worker-222 | DEBUG | d.t.c.a.a.c.u.util.UserUtilService   : Generate 1 students...
    23:44:52.277 | 458 ool-1-worker-222 | DEBUG | d.t.c.a.a.c.u.util.UserUtilService   : 1 students generated. Generate 1 tutors...
    23:44:52.285 | 458 ool-1-worker-222 | DEBUG | d.t.c.a.a.c.u.util.UserUtilService   : 1 tutors generated. Generate 0 editors...
    23:44:52.286 | 458 ool-1-worker-222 | DEBUG | d.t.c.a.a.c.u.util.UserUtilService   : 0 editors generated. Generate 1 instructors...
    23:44:52.289 | 458 ool-1-worker-222 | DEBUG | d.t.c.a.a.c.u.util.UserUtilService   : 1 instructors generated
    23:44:52.290 | 458 ool-1-worker-222 | DEBUG | d.t.c.a.a.c.u.util.UserUtilService   : Removing 4 users from all courses...
    23:44:52.291 | 458 ool-1-worker-222 | DEBUG | d.t.c.a.a.c.u.util.UserUtilService   : Removing 4 users from all courses. Done
    23:44:52.291 | 458 ool-1-worker-222 | DEBUG | d.t.c.a.a.c.u.util.UserUtilService   : Save 3 users to database...
    23:44:52.294 | 458 ool-1-worker-222 | DEBUG | d.t.c.a.a.c.u.util.UserUtilService   : Save 3 users to database. Done
    23:44:52.332 | 458 ool-1-worker-222 | INFO  | i.z.t.d.l.EmbeddedDatabaseReporter   : JDBC URL to connect to 'dataSource': url='jdbc:h2:tcp://localhost:41063/mem:f240edcd-27ce-47a3-b4ab-a6a00c154135;USER=sa', scope='ProgrammingExerciseServiceIntegrationTest#importProgrammingExerciseBasisWithSubmissionPolicy'

  Starting logs for ProgrammingExerciseServiceIntegrationTest > testSearchProgrammingExercisesWithProperSearchTerm()
    23:44:52.407 | 458 ool-1-worker-222 | DEBUG | d.t.c.a.a.c.u.util.UserUtilService   : Generate 1 students...
    23:44:52.412 | 458 ool-1-worker-222 | DEBUG | d.t.c.a.a.c.u.util.UserUtilService   : 1 students generated. Generate 1 tutors...
    23:44:52.418 | 458 ool-1-worker-222 | DEBUG | d.t.c.a.a.c.u.util.UserUtilService   : 1 tutors generated. Generate 0 editors...
    23:44:52.422 | 458 ool-1-worker-222 | DEBUG | d.t.c.a.a.c.u.util.UserUtilService   : 0 editors generated. Generate 1 instructors...
    23:44:52.428 | 458 ool-1-worker-222 | DEBUG | d.t.c.a.a.c.u.util.UserUtilService   : 1 instructors generated
    23:44:52.429 | 458 ool-1-worker-222 | DEBUG | d.t.c.a.a.c.u.util.UserUtilService   : Removing 4 users from all courses...
    23:44:52.430 | 458 ool-1-worker-222 | DEBUG | d.t.c.a.a.c.u.util.UserUtilService   : Removing 4 users from all courses. Done
    23:44:52.430 | 458 ool-1-worker-222 | DEBUG | d.t.c.a.a.c.u.util.UserUtilService   : Save 3 users to database...
    23:44:52.439 | 458 ool-1-worker-222 | DEBUG | d.t.c.a.a.c.u.util.UserUtilService   : Save 3 users to database. Done
    23:44:52.500 | 458 ool-1-worker-222 | INFO  | i.z.t.d.l.EmbeddedDatabaseReporter   : JDBC URL to connect to 'dataSource': url='jdbc:h2:tcp://localhost:41063/mem:f240edcd-27ce-47a3-b4ab-a6a00c154135;USER=sa', scope='ProgrammingExerciseServiceIntegrationTest#testSearchProgrammingExercisesWithProperSearchTerm'
    23:44:52.575 | 458 ool-1-worker-222 | DEBUG | d.t.c.a.a.c.s.f.ApiVersionFilter     : Adding Version to Request GET /api/programming-exercises
    23:44:52.593 | 458 ool-1-worker-222 | DEBUG | d.t.c.a.a.c.s.f.ApiVersionFilter     : Adding Version to Request GET /api/programming-exercises
    23:44:52.617 | 458 ool-1-worker-222 | DEBUG | d.t.c.a.a.c.s.f.ApiVersionFilter     : Adding Version to Request GET /api/programming-exercises

  Starting logs for ProgrammingExerciseServiceIntegrationTest > testAdminGetsResultsFromAllCourses()
    23:44:52.643 | 458 ool-1-worker-222 | DEBUG | d.t.c.a.a.c.u.util.UserUtilService   : Generate 1 students...
    23:44:52.647 | 458 ool-1-worker-222 | DEBUG | d.t.c.a.a.c.u.util.UserUtilService   : 1 students generated. Generate 1 tutors...
    23:44:52.649 | 458 ool-1-worker-222 | DEBUG | d.t.c.a.a.c.u.util.UserUtilService   : 1 tutors generated. Generate 0 editors...
    23:44:52.651 | 458 ool-1-worker-222 | DEBUG | d.t.c.a.a.c.u.util.UserUtilService   : 0 editors generated. Generate 1 instructors...
    23:44:52.653 | 458 ool-1-worker-222 | DEBUG | d.t.c.a.a.c.u.util.UserUtilService   : 1 instructors generated
    23:44:52.655 | 458 ool-1-worker-222 | DEBUG | d.t.c.a.a.c.u.util.UserUtilService   : Removing 4 users from all courses...
    23:44:52.655 | 458 ool-1-worker-222 | DEBUG | d.t.c.a.a.c.u.util.UserUtilService   : Removing 4 users from all courses. Done
    23:44:52.655 | 458 ool-1-worker-222 | DEBUG | d.t.c.a.a.c.u.util.UserUtilService   : Save 3 users to database...
    23:44:52.658 | 458 ool-1-worker-222 | DEBUG | d.t.c.a.a.c.u.util.UserUtilService   : Save 3 users to database. Done
    23:44:52.698 | 458 ool-1-worker-222 | INFO  | i.z.t.d.l.EmbeddedDatabaseReporter   : JDBC URL to connect to 'dataSource': url='jdbc:h2:tcp://localhost:41063/mem:f240edcd-27ce-47a3-b4ab-a6a00c154135;USER=sa', scope='ProgrammingExerciseServiceIntegrationTest#testAdminGetsResultsFromAllCourses'
    23:44:52.700 | 458 ool-1-worker-222 | INFO  | .c.a.a.c.s.TitleCacheEvictionService : Evicted entry '2432' from title cache 'exerciseTitle'
    23:44:52.727 | 458 ool-1-worker-222 | INFO  | .c.a.a.c.s.TitleCacheEvictionService : Evicted entry '2433' from title cache 'exerciseTitle'
    23:44:52.728 | 458 ool-1-worker-222 | DEBUG | d.t.c.a.a.c.s.f.ApiVersionFilter     : Adding Version to Request GET /api/programming-exercises

  Starting logs for ProgrammingExerciseServiceIntegrationTest > testDifferentBuildPlanAccessSecretForImportedExercise()
    23:44:52.766 | 458 ool-1-worker-222 | DEBUG | d.t.c.a.a.c.u.util.UserUtilService   : Generate 1 students...
    23:44:52.769 | 458 ool-1-worker-222 | DEBUG | d.t.c.a.a.c.u.util.UserUtilService   : 1 students generated. Generate 1 tutors...
    23:44:52.771 | 458 ool-1-worker-222 | DEBUG | d.t.c.a.a.c.u.util.UserUtilService   : 1 tutors generated. Generate 0 editors...
    23:44:52.773 | 458 ool-1-worker-222 | DEBUG | d.t.c.a.a.c.u.util.UserUtilService   : 0 editors generated. Generate 1 instructors...
    23:44:52.776 | 458 ool-1-worker-222 | DEBUG | d.t.c.a.a.c.u.util.UserUtilService   : 1 instructors generated
    23:44:52.777 | 458 ool-1-worker-222 | DEBUG | d.t.c.a.a.c.u.util.UserUtilService   : Removing 4 users from all courses...
    23:44:52.778 | 458 ool-1-worker-222 | DEBUG | d.t.c.a.a.c.u.util.UserUtilService   : Removing 4 users from all courses. Done
    23:44:52.778 | 458 ool-1-worker-222 | DEBUG | d.t.c.a.a.c.u.util.UserUtilService   : Save 3 users to database...
    23:44:52.781 | 458 ool-1-worker-222 | DEBUG | d.t.c.a.a.c.u.util.UserUtilService   : Save 3 users to database. Done
    23:44:52.816 | 458 ool-1-worker-222 | INFO  | i.z.t.d.l.EmbeddedDatabaseReporter   : JDBC URL to connect to 'dataSource': url='jdbc:h2:tcp://localhost:41063/mem:f240edcd-27ce-47a3-b4ab-a6a00c154135;USER=sa', scope='ProgrammingExerciseServiceIntegrationTest#testDifferentBuildPlanAccessSecretForImportedExercise'

  Starting logs for ProgrammingExerciseServiceIntegrationTest > importProgrammingExerciseBasis_baseReferencesGotCloned()
    23:44:52.856 | 458 ool-1-worker-222 | DEBUG | d.t.c.a.a.c.u.util.UserUtilService   : Generate 1 students...
    23:44:52.860 | 458 ool-1-worker-222 | DEBUG | d.t.c.a.a.c.u.util.UserUtilService   : 1 students generated. Generate 1 tutors...
    23:44:52.862 | 458 ool-1-worker-222 | DEBUG | d.t.c.a.a.c.u.util.UserUtilService   : 1 tutors generated. Generate 0 editors...
    23:44:52.864 | 458 ool-1-worker-222 | DEBUG | d.t.c.a.a.c.u.util.UserUtilService   : 0 editors generated. Generate 1 instructors...
    23:44:52.866 | 458 ool-1-worker-222 | DEBUG | d.t.c.a.a.c.u.util.UserUtilService   : 1 instructors generated
    23:44:52.868 | 458 ool-1-worker-222 | DEBUG | d.t.c.a.a.c.u.util.UserUtilService   : Removing 4 users from all courses...
    23:44:52.868 | 458 ool-1-worker-222 | DEBUG | d.t.c.a.a.c.u.util.UserUtilService   : Removing 4 users from all courses. Done
    23:44:52.868 | 458 ool-1-worker-222 | DEBUG | d.t.c.a.a.c.u.util.UserUtilService   : Save 3 users to database...
    23:44:52.872 | 458 ool-1-worker-222 | DEBUG | d.t.c.a.a.c.u.util.UserUtilService   : Save 3 users to database. Done
    23:44:52.921 | 458 ool-1-worker-222 | INFO  | i.z.t.d.l.EmbeddedDatabaseReporter   : JDBC URL to connect to 'dataSource': url='jdbc:h2:tcp://localhost:41063/mem:f240edcd-27ce-47a3-b4ab-a6a00c154135;USER=sa', scope='ProgrammingExerciseServiceIntegrationTest#importProgrammingExerciseBasis_baseReferencesGotCloned'

  Starting logs for ProgrammingExerciseServiceIntegrationTest > testAdminSearchTermMatchesId()
    23:44:52.995 | 458 ool-1-worker-222 | DEBUG | d.t.c.a.a.c.u.util.UserUtilService   : Generate 1 students...
    23:44:53.001 | 458 ool-1-worker-222 | DEBUG | d.t.c.a.a.c.u.util.UserUtilService   : 1 students generated. Generate 1 tutors...
    23:44:53.006 | 458 ool-1-worker-222 | DEBUG | d.t.c.a.a.c.u.util.UserUtilService   : 1 tutors generated. Generate 0 editors...
    23:44:53.007 | 458 ool-1-worker-222 | DEBUG | d.t.c.a.a.c.u.util.UserUtilService   : 0 editors generated. Generate 1 instructors...
    23:44:53.013 | 458 ool-1-worker-222 | DEBUG | d.t.c.a.a.c.u.util.UserUtilService   : 1 instructors generated
    23:44:53.015 | 458 ool-1-worker-222 | DEBUG | d.t.c.a.a.c.u.util.UserUtilService   : Removing 4 users from all courses...
    23:44:53.015 | 458 ool-1-worker-222 | DEBUG | d.t.c.a.a.c.u.util.UserUtilService   : Removing 4 users from all courses. Done
    23:44:53.015 | 458 ool-1-worker-222 | DEBUG | d.t.c.a.a.c.u.util.UserUtilService   : Save 3 users to database...
    23:44:53.018 | 458 ool-1-worker-222 | DEBUG | d.t.c.a.a.c.u.util.UserUtilService   : Save 3 users to database. Done
    23:44:53.052 | 458 ool-1-worker-222 | INFO  | i.z.t.d.l.EmbeddedDatabaseReporter   : JDBC URL to connect to 'dataSource': url='jdbc:h2:tcp://localhost:41063/mem:f240edcd-27ce-47a3-b4ab-a6a00c154135;USER=sa', scope='ProgrammingExerciseServiceIntegrationTest#testAdminSearchTermMatchesId'
    23:44:53.052 | 458 ool-1-worker-222 | DEBUG | d.t.c.a.a.c.u.util.UserUtilService   : Generate 1 students...
    23:44:53.055 | 458 ool-1-worker-222 | DEBUG | d.t.c.a.a.c.u.util.UserUtilService   : 1 students generated. Generate 1 tutors...
    23:44:53.057 | 458 ool-1-worker-222 | DEBUG | d.t.c.a.a.c.u.util.UserUtilService   : 1 tutors generated. Generate 0 editors...
    23:44:53.097 | 458 ool-1-worker-222 | DEBUG | d.t.c.a.a.c.u.util.UserUtilService   : 0 editors generated. Generate 1 instructors...
    23:44:53.100 | 458 ool-1-worker-222 | DEBUG | d.t.c.a.a.c.u.util.UserUtilService   : 1 instructors generated
    23:44:53.102 | 458 ool-1-worker-222 | DEBUG | d.t.c.a.a.c.u.util.UserUtilService   : Removing 4 users from all courses...
    23:44:53.102 | 458 ool-1-worker-222 | DEBUG | d.t.c.a.a.c.u.util.UserUtilService   : Removing 4 users from all courses. Done
    23:44:53.102 | 458 ool-1-worker-222 | DEBUG | d.t.c.a.a.c.u.util.UserUtilService   : Save 3 users to database...
    23:44:53.105 | 458 ool-1-worker-222 | DEBUG | d.t.c.a.a.c.u.util.UserUtilService   : Save 3 users to database. Done
    23:44:53.108 | 458 ool-1-worker-222 | DEBUG | d.t.c.a.a.c.s.f.ApiVersionFilter     : Adding Version to Request GET /api/programming-exercises

  Starting logs for ProgrammingExerciseServiceIntegrationTest > testCourseAndExamFiltersAsAdmin(boolean) [1] withSCA=false
    23:44:53.151 | 458 ool-1-worker-222 | DEBUG | d.t.c.a.a.c.u.util.UserUtilService   : Generate 1 students...
    23:44:53.157 | 458 ool-1-worker-222 | DEBUG | d.t.c.a.a.c.u.util.UserUtilService   : 1 students generated. Generate 1 tutors...
    23:44:53.164 | 458 ool-1-worker-222 | DEBUG | d.t.c.a.a.c.u.util.UserUtilService   : 1 tutors generated. Generate 0 editors...
    23:44:53.165 | 458 ool-1-worker-222 | DEBUG | d.t.c.a.a.c.u.util.UserUtilService   : 0 editors generated. Generate 1 instructors...
    23:44:53.171 | 458 ool-1-worker-222 | DEBUG | d.t.c.a.a.c.u.util.UserUtilService   : 1 instructors generated
    23:44:53.174 | 458 ool-1-worker-222 | DEBUG | d.t.c.a.a.c.u.util.UserUtilService   : Removing 3 users from all courses...
    23:44:53.175 | 458 ool-1-worker-222 | DEBUG | d.t.c.a.a.c.u.util.UserUtilService   : Removing 3 users from all courses. Done
    23:44:53.175 | 458 ool-1-worker-222 | DEBUG | d.t.c.a.a.c.u.util.UserUtilService   : Save 3 users to database...
    23:44:53.184 | 458 ool-1-worker-222 | DEBUG | d.t.c.a.a.c.u.util.UserUtilService   : Save 3 users to database. Done
    23:44:53.267 | 458 ool-1-worker-222 | INFO  | i.z.t.d.l.EmbeddedDatabaseReporter   : JDBC URL to connect to 'dataSource': url='jdbc:h2:tcp://localhost:41063/mem:f240edcd-27ce-47a3-b4ab-a6a00c154135;USER=sa', scope='ProgrammingExerciseServiceIntegrationTest#testCourseAndExamFiltersAsAdmin'
    23:44:53.297 | 458 ool-1-worker-222 | DEBUG | d.t.c.a.a.c.s.f.ApiVersionFilter     : Adding Version to Request GET /api/programming-exercises
    23:44:53.306 | 458 ool-1-worker-222 | DEBUG | d.t.c.a.a.c.s.f.ApiVersionFilter     : Adding Version to Request GET /api/programming-exercises
    23:44:53.315 | 458 ool-1-worker-222 | DEBUG | d.t.c.a.a.c.s.f.ApiVersionFilter     : Adding Version to Request GET /api/programming-exercises
    23:44:53.317 | 458 ool-1-worker-222 | DEBUG | d.t.c.a.a.c.s.f.ApiVersionFilter     : Adding Version to Request GET /api/programming-exercises
    23:44:53.324 | 458 ool-1-worker-222 | DEBUG | d.t.c.a.a.c.s.f.ApiVersionFilter     : Adding Version to Request GET /api/programming-exercises
    23:44:53.330 | 458 ool-1-worker-222 | DEBUG | d.t.c.a.a.c.s.f.ApiVersionFilter     : Adding Version to Request GET /api/programming-exercises
    23:44:53.336 | 458 ool-1-worker-222 | DEBUG | d.t.c.a.a.c.s.f.ApiVersionFilter     : Adding Version to Request GET /api/programming-exercises
    23:44:53.342 | 458 ool-1-worker-222 | DEBUG | d.t.c.a.a.c.s.f.ApiVersionFilter     : Adding Version to Request GET /api/programming-exercises
    23:44:53.354 | 458 ool-1-worker-222 | DEBUG | d.t.c.a.a.c.s.f.ApiVersionFilter     : Adding Version to Request GET /api/programming-exercises
    23:44:53.372 | 458 ool-1-worker-222 | DEBUG | d.t.c.a.a.c.s.f.ApiVersionFilter     : Adding Version to Request GET /api/programming-exercises
    23:44:53.385 | 458 ool-1-worker-222 | DEBUG | d.t.c.a.a.c.s.f.ApiVersionFilter     : Adding Version to Request GET /api/programming-exercises
    23:44:53.397 | 458 ool-1-worker-222 | DEBUG | d.t.c.a.a.c.s.f.ApiVersionFilter     : Adding Version to Request GET /api/programming-exercises
    23:44:53.415 | 458 ool-1-worker-222 | DEBUG | d.t.c.a.a.c.s.f.ApiVersionFilter     : Adding Version to Request GET /api/programming-exercises
    23:44:53.429 | 458 ool-1-worker-222 | DEBUG | d.t.c.a.a.c.s.f.ApiVersionFilter     : Adding Version to Request GET /api/programming-exercises
    23:44:53.440 | 458 ool-1-worker-222 | DEBUG | d.t.c.a.a.c.s.f.ApiVersionFilter     : Adding Version to Request GET /api/programming-exercises
    23:44:53.458 | 458 ool-1-worker-222 | DEBUG | d.t.c.a.a.c.s.f.ApiVersionFilter     : Adding Version to Request GET /api/programming-exercises
    23:44:53.470 | 458 ool-1-worker-222 | DEBUG | d.t.c.a.a.c.s.f.ApiVersionFilter     : Adding Version to Request GET /api/programming-exercises/with-sca

  Starting logs for ProgrammingExerciseServiceIntegrationTest > testCourseAndExamFiltersAsAdmin(boolean) [2] withSCA=true
    23:44:53.492 | 458 ool-1-worker-222 | DEBUG | d.t.c.a.a.c.u.util.UserUtilService   : Generate 1 students...
    23:44:53.495 | 458 ool-1-worker-222 | DEBUG | d.t.c.a.a.c.u.util.UserUtilService   : 1 students generated. Generate 1 tutors...
    23:44:53.498 | 458 ool-1-worker-222 | DEBUG | d.t.c.a.a.c.u.util.UserUtilService   : 1 tutors generated. Generate 0 editors...
    23:44:53.499 | 458 ool-1-worker-222 | DEBUG | d.t.c.a.a.c.u.util.UserUtilService   : 0 editors generated. Generate 1 instructors...
    23:44:53.508 | 458 ool-1-worker-222 | DEBUG | d.t.c.a.a.c.u.util.UserUtilService   : 1 instructors generated
    23:44:53.509 | 458 ool-1-worker-222 | DEBUG | d.t.c.a.a.c.u.util.UserUtilService   : Removing 4 users from all courses...
    23:44:53.510 | 458 ool-1-worker-222 | DEBUG | d.t.c.a.a.c.u.util.UserUtilService   : Removing 4 users from all courses. Done
    23:44:53.510 | 458 ool-1-worker-222 | DEBUG | d.t.c.a.a.c.u.util.UserUtilService   : Save 3 users to database...
    23:44:53.519 | 458 ool-1-worker-222 | DEBUG | d.t.c.a.a.c.u.util.UserUtilService   : Save 3 users to database. Done
    23:44:53.588 | 458 ool-1-worker-222 | INFO  | i.z.t.d.l.EmbeddedDatabaseReporter   : JDBC URL to connect to 'dataSource': url='jdbc:h2:tcp://localhost:41063/mem:f240edcd-27ce-47a3-b4ab-a6a00c154135;USER=sa', scope='ProgrammingExerciseServiceIntegrationTest#testCourseAndExamFiltersAsAdmin'
    23:44:53.623 | 458 ool-1-worker-222 | DEBUG | d.t.c.a.a.c.s.f.ApiVersionFilter     : Adding Version to Request GET /api/programming-exercises
    23:44:53.632 | 458 ool-1-worker-222 | DEBUG | d.t.c.a.a.c.s.f.ApiVersionFilter     : Adding Version to Request GET /api/programming-exercises
    23:44:53.640 | 458 ool-1-worker-222 | DEBUG | d.t.c.a.a.c.s.f.ApiVersionFilter     : Adding Version to Request GET /api/programming-exercises
    23:44:53.642 | 458 ool-1-worker-222 | DEBUG | d.t.c.a.a.c.s.f.ApiVersionFilter     : Adding Version to Request GET /api/programming-exercises
    23:44:53.649 | 458 ool-1-worker-222 | DEBUG | d.t.c.a.a.c.s.f.ApiVersionFilter     : Adding Version to Request GET /api/programming-exercises
    23:44:53.654 | 458 ool-1-worker-222 | DEBUG | d.t.c.a.a.c.s.f.ApiVersionFilter     : Adding Version to Request GET /api/programming-exercises
    23:44:53.660 | 458 ool-1-worker-222 | DEBUG | d.t.c.a.a.c.s.f.ApiVersionFilter     : Adding Version to Request GET /api/programming-exercises
    23:44:53.666 | 458 ool-1-worker-222 | DEBUG | d.t.c.a.a.c.s.f.ApiVersionFilter     : Adding Version to Request GET /api/programming-exercises
    23:44:53.674 | 458 ool-1-worker-222 | DEBUG | d.t.c.a.a.c.s.f.ApiVersionFilter     : Adding Version to Request GET /api/programming-exercises
    23:44:53.683 | 458 ool-1-worker-222 | DEBUG | d.t.c.a.a.c.s.f.ApiVersionFilter     : Adding Version to Request GET /api/programming-exercises
    23:44:53.693 | 458 ool-1-worker-222 | DEBUG | d.t.c.a.a.c.s.f.ApiVersionFilter     : Adding Version to Request GET /api/programming-exercises
    23:44:53.699 | 458 ool-1-worker-222 | DEBUG | d.t.c.a.a.c.s.f.ApiVersionFilter     : Adding Version to Request GET /api/programming-exercises
    23:44:53.710 | 458 ool-1-worker-222 | DEBUG | d.t.c.a.a.c.s.f.ApiVersionFilter     : Adding Version to Request GET /api/programming-exercises
    23:44:53.726 | 458 ool-1-worker-222 | DEBUG | d.t.c.a.a.c.s.f.ApiVersionFilter     : Adding Version to Request GET /api/programming-exercises
    23:44:53.734 | 458 ool-1-worker-222 | DEBUG | d.t.c.a.a.c.s.f.ApiVersionFilter     : Adding Version to Request GET /api/programming-exercises
    23:44:53.743 | 458 ool-1-worker-222 | DEBUG | d.t.c.a.a.c.s.f.ApiVersionFilter     : Adding Version to Request GET /api/programming-exercises
    23:44:53.751 | 458 ool-1-worker-222 | DEBUG | d.t.c.a.a.c.s.f.ApiVersionFilter     : Adding Version to Request GET /api/programming-exercises/with-sca

Finished logs for ProgrammingExerciseServiceIntegrationTest
]]></system-out>
  <system-err><![CDATA[]]></system-err>
</testsuite>
