<?xml version="1.0" encoding="UTF-8"?>
<testsuite name="de.tum.cit.aet.artemis.communication.notification.SingleUserNotificationServiceTest" tests="25" skipped="0" failures="0" errors="0" timestamp="2025-02-14T23:44:13" hostname="fv-az1721-502" time="1.922">
  <properties/>
  <testcase name="testNotifyUserAboutFinalPlagiarismState()" classname="de.tum.cit.aet.artemis.communication.notification.SingleUserNotificationServiceTest" time="0.114"/>
  <testcase name="testConversationNotificationsOneToOneChatCreation()" classname="de.tum.cit.aet.artemis.communication.notification.SingleUserNotificationServiceTest" time="0.08"/>
  <testcase name="[1] notificationType=CONVERSATION_ADD_USER_GROUP_CHAT, expectedTitle=artemisApp.singleUserNotification.title.addUserGroupChat" classname="de.tum.cit.aet.artemis.communication.notification.SingleUserNotificationServiceTest" time="0.072"/>
  <testcase name="[2] notificationType=CONVERSATION_REMOVE_USER_GROUP_CHAT, expectedTitle=artemisApp.singleUserNotification.title.removeUserGroupChat" classname="de.tum.cit.aet.artemis.communication.notification.SingleUserNotificationServiceTest" time="0.072"/>
  <testcase name="testNotifyUsersAboutAssessedExerciseSubmission()" classname="de.tum.cit.aet.artemis.communication.notification.SingleUserNotificationServiceTest" time="0.143"/>
  <testcase name="testConversationNotificationsGroupChatCreation()" classname="de.tum.cit.aet.artemis.communication.notification.SingleUserNotificationServiceTest" time="0.072"/>
  <testcase name="testTutorialGroupNotifications_tutorDeregistration()" classname="de.tum.cit.aet.artemis.communication.notification.SingleUserNotificationServiceTest" time="0.088"/>
  <testcase name="testTutorialGroupNotifications_tutorRegistration()" classname="de.tum.cit.aet.artemis.communication.notification.SingleUserNotificationServiceTest" time="0.042"/>
  <testcase name="testDataExportNotification_dataExportCreated()" classname="de.tum.cit.aet.artemis.communication.notification.SingleUserNotificationServiceTest" time="0.049"/>
  <testcase name="testSendNoNotificationOrEmailWhenSettingsAreDeactivated()" classname="de.tum.cit.aet.artemis.communication.notification.SingleUserNotificationServiceTest" time="0.07"/>
  <testcase name="testTutorialGroupNotifications_groupUnassigned()" classname="de.tum.cit.aet.artemis.communication.notification.SingleUserNotificationServiceTest" time="0.077"/>
  <testcase name="testTutorialGroupNotifications_groupAssigned()" classname="de.tum.cit.aet.artemis.communication.notification.SingleUserNotificationServiceTest" time="0.084"/>
  <testcase name="testTutorialGroupNotifications_studentDeregistration()" classname="de.tum.cit.aet.artemis.communication.notification.SingleUserNotificationServiceTest" time="0.088"/>
  <testcase name="testCheckNotificationForAssessmentExerciseSubmission_futureAssessmentDueDate()" classname="de.tum.cit.aet.artemis.communication.notification.SingleUserNotificationServiceTest" time="0.052"/>
  <testcase name="testDataExportNotification_dataExportFailed()" classname="de.tum.cit.aet.artemis.communication.notification.SingleUserNotificationServiceTest" time="0.088"/>
  <testcase name="testTutorialGroupNotifications_studentRegistration()" classname="de.tum.cit.aet.artemis.communication.notification.SingleUserNotificationServiceTest" time="0.062"/>
  <testcase name="testNotifyUserAboutNewPossiblePlagiarismCase()" classname="de.tum.cit.aet.artemis.communication.notification.SingleUserNotificationServiceTest" time="0.088"/>
  <testcase name="testConversationNotificationsNewMessageReply()" classname="de.tum.cit.aet.artemis.communication.notification.SingleUserNotificationServiceTest" time="0.076"/>
  <testcase name="[1] notificationType=CONVERSATION_ADD_USER_CHANNEL, expectedTitle=artemisApp.singleUserNotification.title.addUserChannel" classname="de.tum.cit.aet.artemis.communication.notification.SingleUserNotificationServiceTest" time="0.07"/>
  <testcase name="[2] notificationType=CONVERSATION_REMOVE_USER_CHANNEL, expectedTitle=artemisApp.singleUserNotification.title.removeUserChannel" classname="de.tum.cit.aet.artemis.communication.notification.SingleUserNotificationServiceTest" time="0.039"/>
  <testcase name="[3] notificationType=CONVERSATION_DELETE_CHANNEL, expectedTitle=artemisApp.singleUserNotification.title.deleteChannel" classname="de.tum.cit.aet.artemis.communication.notification.SingleUserNotificationServiceTest" time="0.035"/>
  <testcase name="testTutorialGroupNotifications_tutorRegistrationMultiple()" classname="de.tum.cit.aet.artemis.communication.notification.SingleUserNotificationServiceTest" time="0.058"/>
  <testcase name="testCheckNotificationForAssessmentExerciseSubmission_pastAssessmentDueDate()" classname="de.tum.cit.aet.artemis.communication.notification.SingleUserNotificationServiceTest" time="0.074"/>
  <testcase name="testNotifyUserAboutAssessedExerciseSubmission()" classname="de.tum.cit.aet.artemis.communication.notification.SingleUserNotificationServiceTest" time="0.085"/>
  <testcase name="testNotifyUserAboutSuccessfulFileUploadSubmission()" classname="de.tum.cit.aet.artemis.communication.notification.SingleUserNotificationServiceTest" time="0.055"/>
  <system-out><![CDATA[
Starting logs for SingleUserNotificationServiceTest

  Starting logs for SingleUserNotificationServiceTest > testNotifyUserAboutFinalPlagiarismState()
    23:44:13.834 | 171 Pool-1-worker-64 | DEBUG | d.t.c.a.a.c.u.util.UserUtilService   : Generate 3 students...
    23:44:13.840 | 171 Pool-1-worker-64 | DEBUG | d.t.c.a.a.c.u.util.UserUtilService   : 3 students generated. Generate 0 tutors...
    23:44:13.843 | 171 Pool-1-worker-64 | DEBUG | d.t.c.a.a.c.u.util.UserUtilService   : 0 tutors generated. Generate 0 editors...
    23:44:13.845 | 171 Pool-1-worker-64 | DEBUG | d.t.c.a.a.c.u.util.UserUtilService   : 0 editors generated. Generate 0 instructors...
    23:44:13.847 | 171 Pool-1-worker-64 | DEBUG | d.t.c.a.a.c.u.util.UserUtilService   : 0 instructors generated
    23:44:13.849 | 171 Pool-1-worker-64 | DEBUG | d.t.c.a.a.c.u.util.UserUtilService   : Removing 5 users from all courses...
    23:44:13.853 | 171 Pool-1-worker-64 | DEBUG | d.t.c.a.a.c.u.util.UserUtilService   : Removing 5 users from all courses. Done
    23:44:13.853 | 171 Pool-1-worker-64 | DEBUG | d.t.c.a.a.c.u.util.UserUtilService   : Save 3 users to database...
    23:44:13.857 | 171 Pool-1-worker-64 | DEBUG | d.t.c.a.a.c.u.util.UserUtilService   : Save 3 users to database. Done
    23:44:13.863 | 171 Pool-1-worker-64 | INFO  | i.z.t.d.l.EmbeddedDatabaseReporter   : JDBC URL to connect to 'dataSource': url='jdbc:h2:tcp://localhost:41063/mem:df70fc46-7e57-4cb5-9cd0-c1d90c14afa7;USER=sa', scope='SingleUserNotificationServiceTest#testNotifyUserAboutFinalPlagiarismState'
    23:44:13.874 | 171 Pool-1-worker-64 | DEBUG | d.t.c.a.a.c.s.n.MailService          : Sending 'PLAGIARISM_CASE_VERDICT_STUDENT' notification email to 'singleusernotificationstudent1@test.de'
    23:44:13.914 | 621 artemis-task-1   | DEBUG | d.t.c.a.a.c.s.n.MailSendingService   : Send email[multipart 'false' and html 'true'] to 'User{login='singleusernotificationstudent1', firstName='singleusernotificationstudent1First', lastName='singleusernotificationstudent1Last', email='singleusernotificationstudent1@test.de', imageUrl='null', activated='true', langKey='en', activationKey='null'}' with subject 'Verdict for your plagiarism case'
    23:44:13.915 | 621 artemis-task-1   | INFO  | d.t.c.a.a.c.s.n.MailSendingService   : Sent email with subject 'Verdict for your plagiarism case' to User 'User{login='singleusernotificationstudent1', firstName='singleusernotificationstudent1First', lastName='singleusernotificationstudent1Last', email='singleusernotificationstudent1@test.de', imageUrl='null', activated='true', langKey='en', activationKey='null'}'

  Starting logs for SingleUserNotificationServiceTest > testConversationNotificationsOneToOneChatCreation()
    23:44:13.946 | 171 Pool-1-worker-64 | DEBUG | d.t.c.a.a.c.u.util.UserUtilService   : Generate 3 students...
    23:44:13.954 | 171 Pool-1-worker-64 | DEBUG | d.t.c.a.a.c.u.util.UserUtilService   : 3 students generated. Generate 0 tutors...
    23:44:13.961 | 171 Pool-1-worker-64 | DEBUG | d.t.c.a.a.c.u.util.UserUtilService   : 0 tutors generated. Generate 0 editors...
    23:44:13.963 | 171 Pool-1-worker-64 | DEBUG | d.t.c.a.a.c.u.util.UserUtilService   : 0 editors generated. Generate 0 instructors...
    23:44:13.964 | 171 Pool-1-worker-64 | DEBUG | d.t.c.a.a.c.u.util.UserUtilService   : 0 instructors generated
    23:44:13.966 | 171 Pool-1-worker-64 | DEBUG | d.t.c.a.a.c.u.util.UserUtilService   : Removing 3 users from all courses...
    23:44:13.971 | 171 Pool-1-worker-64 | DEBUG | d.t.c.a.a.c.u.util.UserUtilService   : Removing 3 users from all courses. Done
    23:44:13.971 | 171 Pool-1-worker-64 | DEBUG | d.t.c.a.a.c.u.util.UserUtilService   : Save 3 users to database...
    23:44:13.985 | 171 Pool-1-worker-64 | DEBUG | d.t.c.a.a.c.u.util.UserUtilService   : Save 3 users to database. Done
    23:44:13.991 | 171 Pool-1-worker-64 | INFO  | i.z.t.d.l.EmbeddedDatabaseReporter   : JDBC URL to connect to 'dataSource': url='jdbc:h2:tcp://localhost:41063/mem:df70fc46-7e57-4cb5-9cd0-c1d90c14afa7;USER=sa', scope='SingleUserNotificationServiceTest#testConversationNotificationsOneToOneChatCreation'

  Starting logs for SingleUserNotificationServiceTest > [1] notificationType=CONVERSATION_ADD_USER_GROUP_CHAT, expectedTitle=artemisApp.singleUserNotification.title.addUserGroupChat
    23:44:14.036 | 171 Pool-1-worker-64 | DEBUG | d.t.c.a.a.c.u.util.UserUtilService   : Generate 3 students...
    23:44:14.045 | 171 Pool-1-worker-64 | DEBUG | d.t.c.a.a.c.u.util.UserUtilService   : 3 students generated. Generate 0 tutors...
    23:44:14.046 | 171 Pool-1-worker-64 | DEBUG | d.t.c.a.a.c.u.util.UserUtilService   : 0 tutors generated. Generate 0 editors...
    23:44:14.050 | 171 Pool-1-worker-64 | DEBUG | d.t.c.a.a.c.u.util.UserUtilService   : 0 editors generated. Generate 0 instructors...
    23:44:14.052 | 171 Pool-1-worker-64 | DEBUG | d.t.c.a.a.c.u.util.UserUtilService   : 0 instructors generated
    23:44:14.056 | 171 Pool-1-worker-64 | DEBUG | d.t.c.a.a.c.u.util.UserUtilService   : Removing 3 users from all courses...
    23:44:14.058 | 171 Pool-1-worker-64 | DEBUG | d.t.c.a.a.c.u.util.UserUtilService   : Removing 3 users from all courses. Done
    23:44:14.058 | 171 Pool-1-worker-64 | DEBUG | d.t.c.a.a.c.u.util.UserUtilService   : Save 3 users to database...
    23:44:14.066 | 171 Pool-1-worker-64 | DEBUG | d.t.c.a.a.c.u.util.UserUtilService   : Save 3 users to database. Done
    23:44:14.072 | 171 Pool-1-worker-64 | INFO  | i.z.t.d.l.EmbeddedDatabaseReporter   : JDBC URL to connect to 'dataSource': url='jdbc:h2:tcp://localhost:41063/mem:df70fc46-7e57-4cb5-9cd0-c1d90c14afa7;USER=sa', scope='SingleUserNotificationServiceTest#testConversationNotificationsGroupChatAddAndRemoveUsers'

  Starting logs for SingleUserNotificationServiceTest > [2] notificationType=CONVERSATION_REMOVE_USER_GROUP_CHAT, expectedTitle=artemisApp.singleUserNotification.title.removeUserGroupChat
    23:44:14.114 | 171 Pool-1-worker-64 | DEBUG | d.t.c.a.a.c.u.util.UserUtilService   : Generate 3 students...
    23:44:14.126 | 171 Pool-1-worker-64 | DEBUG | d.t.c.a.a.c.u.util.UserUtilService   : 3 students generated. Generate 0 tutors...
    23:44:14.129 | 171 Pool-1-worker-64 | DEBUG | d.t.c.a.a.c.u.util.UserUtilService   : 0 tutors generated. Generate 0 editors...
    23:44:14.130 | 171 Pool-1-worker-64 | DEBUG | d.t.c.a.a.c.u.util.UserUtilService   : 0 editors generated. Generate 0 instructors...
    23:44:14.134 | 171 Pool-1-worker-64 | DEBUG | d.t.c.a.a.c.u.util.UserUtilService   : 0 instructors generated
    23:44:14.135 | 171 Pool-1-worker-64 | DEBUG | d.t.c.a.a.c.u.util.UserUtilService   : Removing 3 users from all courses...
    23:44:14.140 | 171 Pool-1-worker-64 | DEBUG | d.t.c.a.a.c.u.util.UserUtilService   : Removing 3 users from all courses. Done
    23:44:14.140 | 171 Pool-1-worker-64 | DEBUG | d.t.c.a.a.c.u.util.UserUtilService   : Save 3 users to database...
    23:44:14.146 | 171 Pool-1-worker-64 | DEBUG | d.t.c.a.a.c.u.util.UserUtilService   : Save 3 users to database. Done
    23:44:14.151 | 171 Pool-1-worker-64 | INFO  | i.z.t.d.l.EmbeddedDatabaseReporter   : JDBC URL to connect to 'dataSource': url='jdbc:h2:tcp://localhost:41063/mem:df70fc46-7e57-4cb5-9cd0-c1d90c14afa7;USER=sa', scope='SingleUserNotificationServiceTest#testConversationNotificationsGroupChatAddAndRemoveUsers'

  Starting logs for SingleUserNotificationServiceTest > testNotifyUsersAboutAssessedExerciseSubmission()
    23:44:14.193 | 171 Pool-1-worker-64 | DEBUG | d.t.c.a.a.c.u.util.UserUtilService   : Generate 3 students...
    23:44:14.201 | 171 Pool-1-worker-64 | DEBUG | d.t.c.a.a.c.u.util.UserUtilService   : 3 students generated. Generate 0 tutors...
    23:44:14.202 | 171 Pool-1-worker-64 | DEBUG | d.t.c.a.a.c.u.util.UserUtilService   : 0 tutors generated. Generate 0 editors...
    23:44:14.207 | 171 Pool-1-worker-64 | DEBUG | d.t.c.a.a.c.u.util.UserUtilService   : 0 editors generated. Generate 0 instructors...
    23:44:14.208 | 171 Pool-1-worker-64 | DEBUG | d.t.c.a.a.c.u.util.UserUtilService   : 0 instructors generated
    23:44:14.212 | 171 Pool-1-worker-64 | DEBUG | d.t.c.a.a.c.u.util.UserUtilService   : Removing 3 users from all courses...
    23:44:14.213 | 171 Pool-1-worker-64 | DEBUG | d.t.c.a.a.c.u.util.UserUtilService   : Removing 3 users from all courses. Done
    23:44:14.213 | 171 Pool-1-worker-64 | DEBUG | d.t.c.a.a.c.u.util.UserUtilService   : Save 3 users to database...
    23:44:14.222 | 171 Pool-1-worker-64 | DEBUG | d.t.c.a.a.c.u.util.UserUtilService   : Save 3 users to database. Done
    23:44:14.228 | 171 Pool-1-worker-64 | INFO  | i.z.t.d.l.EmbeddedDatabaseReporter   : JDBC URL to connect to 'dataSource': url='jdbc:h2:tcp://localhost:41063/mem:df70fc46-7e57-4cb5-9cd0-c1d90c14afa7;USER=sa', scope='SingleUserNotificationServiceTest#testNotifyUsersAboutAssessedExerciseSubmission'
    23:44:14.252 | 171 Pool-1-worker-64 | DEBUG | .c.s.m.InstanceMessageReceiveService : Received schedule participant score for exercise 1425 and participant 239 (result to be deleted: null)
    23:44:14.252 | 171 Pool-1-worker-64 | DEBUG | .a.s.ParticipantScoreScheduleService : Scheduled task for exercise 1425 and participant 239 at 2025-02-14T23:44:14.352588976Z[Etc/UTC].
    23:44:14.268 | 171 Pool-1-worker-64 | DEBUG | .c.s.m.InstanceMessageReceiveService : Received schedule participant score for exercise 1425 and participant 240 (result to be deleted: null)
    23:44:14.268 | 171 Pool-1-worker-64 | DEBUG | .a.s.ParticipantScoreScheduleService : Scheduled task for exercise 1425 and participant 240 at 2025-02-14T23:44:14.368539841Z[Etc/UTC].
    23:44:14.280 | 171 Pool-1-worker-64 | DEBUG | .c.s.m.InstanceMessageReceiveService : Received schedule participant score for exercise 1425 and participant 240 (result to be deleted: null)
    23:44:14.280 | 171 Pool-1-worker-64 | DEBUG | .a.s.ParticipantScoreScheduleService : Scheduled task for exercise 1425 and participant 240 at 2025-02-14T23:44:14.380550529Z[Etc/UTC].

  Starting logs for SingleUserNotificationServiceTest > testConversationNotificationsGroupChatCreation()
    23:44:14.331 | 171 Pool-1-worker-64 | DEBUG | d.t.c.a.a.c.u.util.UserUtilService   : Generate 3 students...
    23:44:14.339 | 171 Pool-1-worker-64 | DEBUG | d.t.c.a.a.c.u.util.UserUtilService   : 3 students generated. Generate 0 tutors...
    23:44:14.343 | 171 Pool-1-worker-64 | DEBUG | d.t.c.a.a.c.u.util.UserUtilService   : 0 tutors generated. Generate 0 editors...
    23:44:14.347 | 171 Pool-1-worker-64 | DEBUG | d.t.c.a.a.c.u.util.UserUtilService   : 0 editors generated. Generate 0 instructors...
    23:44:14.348 | 171 Pool-1-worker-64 | DEBUG | d.t.c.a.a.c.u.util.UserUtilService   : 0 instructors generated
    23:44:14.350 | 171 Pool-1-worker-64 | DEBUG | d.t.c.a.a.c.u.util.UserUtilService   : Removing 3 users from all courses...
    23:44:14.354 | 171 Pool-1-worker-64 | DEBUG | d.t.c.a.a.c.u.util.UserUtilService   : Removing 3 users from all courses. Done
    23:44:14.354 | 171 Pool-1-worker-64 | DEBUG | d.t.c.a.a.c.u.util.UserUtilService   : Save 3 users to database...
    23:44:14.360 | 171 Pool-1-worker-64 | DEBUG | d.t.c.a.a.c.u.util.UserUtilService   : Save 3 users to database. Done
    23:44:14.366 | 171 Pool-1-worker-64 | INFO  | i.z.t.d.l.EmbeddedDatabaseReporter   : JDBC URL to connect to 'dataSource': url='jdbc:h2:tcp://localhost:41063/mem:df70fc46-7e57-4cb5-9cd0-c1d90c14afa7;USER=sa', scope='SingleUserNotificationServiceTest#testConversationNotificationsGroupChatCreation'

  Starting logs for SingleUserNotificationServiceTest > testTutorialGroupNotifications_tutorDeregistration()
    23:44:14.399 | 171 Pool-1-worker-64 | DEBUG | d.t.c.a.a.c.u.util.UserUtilService   : Generate 3 students...
    23:44:14.404 | 171 Pool-1-worker-64 | DEBUG | d.t.c.a.a.c.u.util.UserUtilService   : 3 students generated. Generate 0 tutors...
    23:44:14.406 | 171 Pool-1-worker-64 | DEBUG | d.t.c.a.a.c.u.util.UserUtilService   : 0 tutors generated. Generate 0 editors...
    23:44:14.407 | 171 Pool-1-worker-64 | DEBUG | d.t.c.a.a.c.u.util.UserUtilService   : 0 editors generated. Generate 0 instructors...
    23:44:14.408 | 171 Pool-1-worker-64 | DEBUG | d.t.c.a.a.c.u.util.UserUtilService   : 0 instructors generated
    23:44:14.410 | 171 Pool-1-worker-64 | DEBUG | d.t.c.a.a.c.u.util.UserUtilService   : Removing 3 users from all courses...
    23:44:14.411 | 171 Pool-1-worker-64 | DEBUG | d.t.c.a.a.c.u.util.UserUtilService   : Removing 3 users from all courses. Done
    23:44:14.411 | 171 Pool-1-worker-64 | DEBUG | d.t.c.a.a.c.u.util.UserUtilService   : Save 3 users to database...
    23:44:14.414 | 171 Pool-1-worker-64 | DEBUG | d.t.c.a.a.c.u.util.UserUtilService   : Save 3 users to database. Done
    23:44:14.417 | 171 Pool-1-worker-64 | INFO  | i.z.t.d.l.EmbeddedDatabaseReporter   : JDBC URL to connect to 'dataSource': url='jdbc:h2:tcp://localhost:41063/mem:df70fc46-7e57-4cb5-9cd0-c1d90c14afa7;USER=sa', scope='SingleUserNotificationServiceTest#testTutorialGroupNotifications_tutorDeregistration'
    23:44:14.427 | 171 Pool-1-worker-64 | DEBUG | d.t.c.a.a.c.s.n.MailService          : Sending 'TUTORIAL_GROUP_DEREGISTRATION_TUTOR' notification email to 'singleusernotificationstudent2@test.de'
    23:44:14.454 | 621 artemis-task-1   | DEBUG | d.t.c.a.a.c.s.n.MailSendingService   : Send email[multipart 'false' and html 'true'] to 'User{login='singleusernotificationstudent2', firstName='singleusernotificationstudent2First', lastName='singleusernotificationstudent2Last', email='singleusernotificationstudent2@test.de', imageUrl='null', activated='true', langKey='en', activationKey='null'}' with subject 'A student has been deregistered from your tutorial group'
    23:44:14.454 | 621 artemis-task-1   | INFO  | d.t.c.a.a.c.s.n.MailSendingService   : Sent email with subject 'A student has been deregistered from your tutorial group' to User 'User{login='singleusernotificationstudent2', firstName='singleusernotificationstudent2First', lastName='singleusernotificationstudent2Last', email='singleusernotificationstudent2@test.de', imageUrl='null', activated='true', langKey='en', activationKey='null'}'

  Starting logs for SingleUserNotificationServiceTest > testTutorialGroupNotifications_tutorRegistration()
    23:44:14.490 | 171 Pool-1-worker-64 | DEBUG | d.t.c.a.a.c.u.util.UserUtilService   : Generate 3 students...
    23:44:14.495 | 171 Pool-1-worker-64 | DEBUG | d.t.c.a.a.c.u.util.UserUtilService   : 3 students generated. Generate 0 tutors...
    23:44:14.496 | 171 Pool-1-worker-64 | DEBUG | d.t.c.a.a.c.u.util.UserUtilService   : 0 tutors generated. Generate 0 editors...
    23:44:14.497 | 171 Pool-1-worker-64 | DEBUG | d.t.c.a.a.c.u.util.UserUtilService   : 0 editors generated. Generate 0 instructors...
    23:44:14.499 | 171 Pool-1-worker-64 | DEBUG | d.t.c.a.a.c.u.util.UserUtilService   : 0 instructors generated
    23:44:14.500 | 171 Pool-1-worker-64 | DEBUG | d.t.c.a.a.c.u.util.UserUtilService   : Removing 3 users from all courses...
    23:44:14.501 | 171 Pool-1-worker-64 | DEBUG | d.t.c.a.a.c.u.util.UserUtilService   : Removing 3 users from all courses. Done
    23:44:14.501 | 171 Pool-1-worker-64 | DEBUG | d.t.c.a.a.c.u.util.UserUtilService   : Save 3 users to database...
    23:44:14.504 | 171 Pool-1-worker-64 | DEBUG | d.t.c.a.a.c.u.util.UserUtilService   : Save 3 users to database. Done
    23:44:14.507 | 171 Pool-1-worker-64 | INFO  | i.z.t.d.l.EmbeddedDatabaseReporter   : JDBC URL to connect to 'dataSource': url='jdbc:h2:tcp://localhost:41063/mem:df70fc46-7e57-4cb5-9cd0-c1d90c14afa7;USER=sa', scope='SingleUserNotificationServiceTest#testTutorialGroupNotifications_tutorRegistration'
    23:44:14.511 | 171 Pool-1-worker-64 | DEBUG | d.t.c.a.a.c.s.n.MailService          : Sending 'TUTORIAL_GROUP_REGISTRATION_TUTOR' notification email to 'singleusernotificationstudent2@test.de'
    23:44:14.514 | 621 artemis-task-1   | DEBUG | d.t.c.a.a.c.s.n.MailSendingService   : Send email[multipart 'false' and html 'true'] to 'User{login='singleusernotificationstudent2', firstName='singleusernotificationstudent2First', lastName='singleusernotificationstudent2Last', email='singleusernotificationstudent2@test.de', imageUrl='null', activated='true', langKey='en', activationKey='null'}' with subject 'A student has been registered to your tutorial group'
    23:44:14.515 | 621 artemis-task-1   | INFO  | d.t.c.a.a.c.s.n.MailSendingService   : Sent email with subject 'A student has been registered to your tutorial group' to User 'User{login='singleusernotificationstudent2', firstName='singleusernotificationstudent2First', lastName='singleusernotificationstudent2Last', email='singleusernotificationstudent2@test.de', imageUrl='null', activated='true', langKey='en', activationKey='null'}'

  Starting logs for SingleUserNotificationServiceTest > testDataExportNotification_dataExportCreated()
    23:44:14.533 | 171 Pool-1-worker-64 | DEBUG | d.t.c.a.a.c.u.util.UserUtilService   : Generate 3 students...
    23:44:14.539 | 171 Pool-1-worker-64 | DEBUG | d.t.c.a.a.c.u.util.UserUtilService   : 3 students generated. Generate 0 tutors...
    23:44:14.541 | 171 Pool-1-worker-64 | DEBUG | d.t.c.a.a.c.u.util.UserUtilService   : 0 tutors generated. Generate 0 editors...
    23:44:14.542 | 171 Pool-1-worker-64 | DEBUG | d.t.c.a.a.c.u.util.UserUtilService   : 0 editors generated. Generate 0 instructors...
    23:44:14.543 | 171 Pool-1-worker-64 | DEBUG | d.t.c.a.a.c.u.util.UserUtilService   : 0 instructors generated
    23:44:14.545 | 171 Pool-1-worker-64 | DEBUG | d.t.c.a.a.c.u.util.UserUtilService   : Removing 3 users from all courses...
    23:44:14.546 | 171 Pool-1-worker-64 | DEBUG | d.t.c.a.a.c.u.util.UserUtilService   : Removing 3 users from all courses. Done
    23:44:14.546 | 171 Pool-1-worker-64 | DEBUG | d.t.c.a.a.c.u.util.UserUtilService   : Save 3 users to database...
    23:44:14.550 | 171 Pool-1-worker-64 | DEBUG | d.t.c.a.a.c.u.util.UserUtilService   : Save 3 users to database. Done
    23:44:14.553 | 171 Pool-1-worker-64 | INFO  | i.z.t.d.l.EmbeddedDatabaseReporter   : JDBC URL to connect to 'dataSource': url='jdbc:h2:tcp://localhost:41063/mem:df70fc46-7e57-4cb5-9cd0-c1d90c14afa7;USER=sa', scope='SingleUserNotificationServiceTest#testDataExportNotification_dataExportCreated'
    23:44:14.557 | 171 Pool-1-worker-64 | DEBUG | d.t.c.a.a.c.s.n.MailService          : Sending 'DATA_EXPORT_CREATED' notification email to 'singleusernotificationstudent1@test.de'
    23:44:14.566 | 621 artemis-task-1   | DEBUG | d.t.c.a.a.c.s.n.MailSendingService   : Send email[multipart 'false' and html 'true'] to 'User{login='singleusernotificationstudent1', firstName='singleusernotificationstudent1First', lastName='singleusernotificationstudent1Last', email='singleusernotificationstudent1@test.de', imageUrl='null', activated='true', langKey='en', activationKey='null'}' with subject 'Your Artemis data export has been successfully created'
    23:44:14.566 | 621 artemis-task-1   | INFO  | d.t.c.a.a.c.s.n.MailSendingService   : Sent email with subject 'Your Artemis data export has been successfully created' to User 'User{login='singleusernotificationstudent1', firstName='singleusernotificationstudent1First', lastName='singleusernotificationstudent1Last', email='singleusernotificationstudent1@test.de', imageUrl='null', activated='true', langKey='en', activationKey='null'}'

  Starting logs for SingleUserNotificationServiceTest > testSendNoNotificationOrEmailWhenSettingsAreDeactivated()
    23:44:14.587 | 171 Pool-1-worker-64 | DEBUG | d.t.c.a.a.c.u.util.UserUtilService   : Generate 3 students...
    23:44:14.598 | 171 Pool-1-worker-64 | DEBUG | d.t.c.a.a.c.u.util.UserUtilService   : 3 students generated. Generate 0 tutors...
    23:44:14.599 | 171 Pool-1-worker-64 | DEBUG | d.t.c.a.a.c.u.util.UserUtilService   : 0 tutors generated. Generate 0 editors...
    23:44:14.602 | 171 Pool-1-worker-64 | DEBUG | d.t.c.a.a.c.u.util.UserUtilService   : 0 editors generated. Generate 0 instructors...
    23:44:14.605 | 171 Pool-1-worker-64 | DEBUG | d.t.c.a.a.c.u.util.UserUtilService   : 0 instructors generated
    23:44:14.609 | 171 Pool-1-worker-64 | DEBUG | d.t.c.a.a.c.u.util.UserUtilService   : Removing 3 users from all courses...
    23:44:14.610 | 171 Pool-1-worker-64 | DEBUG | d.t.c.a.a.c.u.util.UserUtilService   : Removing 3 users from all courses. Done
    23:44:14.610 | 171 Pool-1-worker-64 | DEBUG | d.t.c.a.a.c.u.util.UserUtilService   : Save 3 users to database...
    23:44:14.616 | 171 Pool-1-worker-64 | DEBUG | d.t.c.a.a.c.u.util.UserUtilService   : Save 3 users to database. Done
    23:44:14.622 | 171 Pool-1-worker-64 | INFO  | i.z.t.d.l.EmbeddedDatabaseReporter   : JDBC URL to connect to 'dataSource': url='jdbc:h2:tcp://localhost:41063/mem:df70fc46-7e57-4cb5-9cd0-c1d90c14afa7;USER=sa', scope='SingleUserNotificationServiceTest#testSendNoNotificationOrEmailWhenSettingsAreDeactivated'

  Starting logs for SingleUserNotificationServiceTest > testTutorialGroupNotifications_groupUnassigned()
    23:44:14.668 | 171 Pool-1-worker-64 | DEBUG | d.t.c.a.a.c.u.util.UserUtilService   : Generate 3 students...
    23:44:14.677 | 171 Pool-1-worker-64 | DEBUG | d.t.c.a.a.c.u.util.UserUtilService   : 3 students generated. Generate 0 tutors...
    23:44:14.678 | 171 Pool-1-worker-64 | DEBUG | d.t.c.a.a.c.u.util.UserUtilService   : 0 tutors generated. Generate 0 editors...
    23:44:14.680 | 171 Pool-1-worker-64 | DEBUG | d.t.c.a.a.c.u.util.UserUtilService   : 0 editors generated. Generate 0 instructors...
    23:44:14.681 | 171 Pool-1-worker-64 | DEBUG | d.t.c.a.a.c.u.util.UserUtilService   : 0 instructors generated
    23:44:14.683 | 171 Pool-1-worker-64 | DEBUG | d.t.c.a.a.c.u.util.UserUtilService   : Removing 3 users from all courses...
    23:44:14.684 | 171 Pool-1-worker-64 | DEBUG | d.t.c.a.a.c.u.util.UserUtilService   : Removing 3 users from all courses. Done
    23:44:14.684 | 171 Pool-1-worker-64 | DEBUG | d.t.c.a.a.c.u.util.UserUtilService   : Save 3 users to database...
    23:44:14.687 | 171 Pool-1-worker-64 | DEBUG | d.t.c.a.a.c.u.util.UserUtilService   : Save 3 users to database. Done
    23:44:14.690 | 171 Pool-1-worker-64 | INFO  | i.z.t.d.l.EmbeddedDatabaseReporter   : JDBC URL to connect to 'dataSource': url='jdbc:h2:tcp://localhost:41063/mem:df70fc46-7e57-4cb5-9cd0-c1d90c14afa7;USER=sa', scope='SingleUserNotificationServiceTest#testTutorialGroupNotifications_groupUnassigned'
    23:44:14.694 | 171 Pool-1-worker-64 | DEBUG | d.t.c.a.a.c.s.n.MailService          : Sending 'TUTORIAL_GROUP_UNASSIGNED' notification email to 'singleusernotificationstudent2@test.de'
    23:44:14.697 | 621 artemis-task-1   | DEBUG | d.t.c.a.a.c.s.n.MailSendingService   : Send email[multipart 'false' and html 'true'] to 'User{login='singleusernotificationstudent2', firstName='singleusernotificationstudent2First', lastName='singleusernotificationstudent2Last', email='singleusernotificationstudent2@test.de', imageUrl='null', activated='true', langKey='en', activationKey='null'}' with subject 'You have been unassigned from leading a tutorial group'
    23:44:14.697 | 621 artemis-task-1   | INFO  | d.t.c.a.a.c.s.n.MailSendingService   : Sent email with subject 'You have been unassigned from leading a tutorial group' to User 'User{login='singleusernotificationstudent2', firstName='singleusernotificationstudent2First', lastName='singleusernotificationstudent2Last', email='singleusernotificationstudent2@test.de', imageUrl='null', activated='true', langKey='en', activationKey='null'}'

  Starting logs for SingleUserNotificationServiceTest > testTutorialGroupNotifications_groupAssigned()
    23:44:14.746 | 171 Pool-1-worker-64 | DEBUG | d.t.c.a.a.c.u.util.UserUtilService   : Generate 3 students...
    23:44:14.759 | 171 Pool-1-worker-64 | DEBUG | d.t.c.a.a.c.u.util.UserUtilService   : 3 students generated. Generate 0 tutors...
    23:44:14.762 | 171 Pool-1-worker-64 | DEBUG | d.t.c.a.a.c.u.util.UserUtilService   : 0 tutors generated. Generate 0 editors...
    23:44:14.764 | 171 Pool-1-worker-64 | DEBUG | d.t.c.a.a.c.u.util.UserUtilService   : 0 editors generated. Generate 0 instructors...
    23:44:14.766 | 171 Pool-1-worker-64 | DEBUG | d.t.c.a.a.c.u.util.UserUtilService   : 0 instructors generated
    23:44:14.771 | 171 Pool-1-worker-64 | DEBUG | d.t.c.a.a.c.u.util.UserUtilService   : Removing 3 users from all courses...
    23:44:14.773 | 171 Pool-1-worker-64 | DEBUG | d.t.c.a.a.c.u.util.UserUtilService   : Removing 3 users from all courses. Done
    23:44:14.773 | 171 Pool-1-worker-64 | DEBUG | d.t.c.a.a.c.u.util.UserUtilService   : Save 3 users to database...
    23:44:14.777 | 171 Pool-1-worker-64 | DEBUG | d.t.c.a.a.c.u.util.UserUtilService   : Save 3 users to database. Done
    23:44:14.783 | 171 Pool-1-worker-64 | INFO  | i.z.t.d.l.EmbeddedDatabaseReporter   : JDBC URL to connect to 'dataSource': url='jdbc:h2:tcp://localhost:41063/mem:df70fc46-7e57-4cb5-9cd0-c1d90c14afa7;USER=sa', scope='SingleUserNotificationServiceTest#testTutorialGroupNotifications_groupAssigned'
    23:44:14.794 | 171 Pool-1-worker-64 | DEBUG | d.t.c.a.a.c.s.n.MailService          : Sending 'TUTORIAL_GROUP_ASSIGNED' notification email to 'singleusernotificationstudent2@test.de'
    23:44:14.799 | 621 artemis-task-1   | DEBUG | d.t.c.a.a.c.s.n.MailSendingService   : Send email[multipart 'false' and html 'true'] to 'User{login='singleusernotificationstudent2', firstName='singleusernotificationstudent2First', lastName='singleusernotificationstudent2Last', email='singleusernotificationstudent2@test.de', imageUrl='null', activated='true', langKey='en', activationKey='null'}' with subject 'You have been assigned to lead a tutorial group'
    23:44:14.799 | 621 artemis-task-1   | INFO  | d.t.c.a.a.c.s.n.MailSendingService   : Sent email with subject 'You have been assigned to lead a tutorial group' to User 'User{login='singleusernotificationstudent2', firstName='singleusernotificationstudent2First', lastName='singleusernotificationstudent2Last', email='singleusernotificationstudent2@test.de', imageUrl='null', activated='true', langKey='en', activationKey='null'}'

  Starting logs for SingleUserNotificationServiceTest > testTutorialGroupNotifications_studentDeregistration()
    23:44:14.840 | 171 Pool-1-worker-64 | DEBUG | d.t.c.a.a.c.u.util.UserUtilService   : Generate 3 students...
    23:44:14.848 | 171 Pool-1-worker-64 | DEBUG | d.t.c.a.a.c.u.util.UserUtilService   : 3 students generated. Generate 0 tutors...
    23:44:14.850 | 171 Pool-1-worker-64 | DEBUG | d.t.c.a.a.c.u.util.UserUtilService   : 0 tutors generated. Generate 0 editors...
    23:44:14.854 | 171 Pool-1-worker-64 | DEBUG | d.t.c.a.a.c.u.util.UserUtilService   : 0 editors generated. Generate 0 instructors...
    23:44:14.858 | 171 Pool-1-worker-64 | DEBUG | d.t.c.a.a.c.u.util.UserUtilService   : 0 instructors generated
    23:44:14.861 | 171 Pool-1-worker-64 | DEBUG | d.t.c.a.a.c.u.util.UserUtilService   : Removing 3 users from all courses...
    23:44:14.862 | 171 Pool-1-worker-64 | DEBUG | d.t.c.a.a.c.u.util.UserUtilService   : Removing 3 users from all courses. Done
    23:44:14.862 | 171 Pool-1-worker-64 | DEBUG | d.t.c.a.a.c.u.util.UserUtilService   : Save 3 users to database...
    23:44:14.870 | 171 Pool-1-worker-64 | DEBUG | d.t.c.a.a.c.u.util.UserUtilService   : Save 3 users to database. Done
    23:44:14.875 | 171 Pool-1-worker-64 | INFO  | i.z.t.d.l.EmbeddedDatabaseReporter   : JDBC URL to connect to 'dataSource': url='jdbc:h2:tcp://localhost:41063/mem:df70fc46-7e57-4cb5-9cd0-c1d90c14afa7;USER=sa', scope='SingleUserNotificationServiceTest#testTutorialGroupNotifications_studentDeregistration'
    23:44:14.883 | 171 Pool-1-worker-64 | DEBUG | d.t.c.a.a.c.s.n.MailService          : Sending 'TUTORIAL_GROUP_DEREGISTRATION_STUDENT' notification email to 'singleusernotificationstudent1@test.de'
    23:44:14.894 | 621 artemis-task-1   | DEBUG | d.t.c.a.a.c.s.n.MailSendingService   : Send email[multipart 'false' and html 'true'] to 'User{login='singleusernotificationstudent1', firstName='singleusernotificationstudent1First', lastName='singleusernotificationstudent1Last', email='singleusernotificationstudent1@test.de', imageUrl='null', activated='true', langKey='en', activationKey='null'}' with subject 'You have been deregistered from a tutorial group'
    23:44:14.894 | 621 artemis-task-1   | INFO  | d.t.c.a.a.c.s.n.MailSendingService   : Sent email with subject 'You have been deregistered from a tutorial group' to User 'User{login='singleusernotificationstudent1', firstName='singleusernotificationstudent1First', lastName='singleusernotificationstudent1Last', email='singleusernotificationstudent1@test.de', imageUrl='null', activated='true', langKey='en', activationKey='null'}'

  Starting logs for SingleUserNotificationServiceTest > testCheckNotificationForAssessmentExerciseSubmission_futureAssessmentDueDate()
    23:44:14.927 | 171 Pool-1-worker-64 | DEBUG | d.t.c.a.a.c.u.util.UserUtilService   : Generate 3 students...
    23:44:14.935 | 171 Pool-1-worker-64 | DEBUG | d.t.c.a.a.c.u.util.UserUtilService   : 3 students generated. Generate 0 tutors...
    23:44:14.937 | 171 Pool-1-worker-64 | DEBUG | d.t.c.a.a.c.u.util.UserUtilService   : 0 tutors generated. Generate 0 editors...
    23:44:14.938 | 171 Pool-1-worker-64 | DEBUG | d.t.c.a.a.c.u.util.UserUtilService   : 0 editors generated. Generate 0 instructors...
    23:44:14.939 | 171 Pool-1-worker-64 | DEBUG | d.t.c.a.a.c.u.util.UserUtilService   : 0 instructors generated
    23:44:14.941 | 171 Pool-1-worker-64 | DEBUG | d.t.c.a.a.c.u.util.UserUtilService   : Removing 3 users from all courses...
    23:44:14.942 | 171 Pool-1-worker-64 | DEBUG | d.t.c.a.a.c.u.util.UserUtilService   : Removing 3 users from all courses. Done
    23:44:14.942 | 171 Pool-1-worker-64 | DEBUG | d.t.c.a.a.c.u.util.UserUtilService   : Save 3 users to database...
    23:44:14.945 | 171 Pool-1-worker-64 | DEBUG | d.t.c.a.a.c.u.util.UserUtilService   : Save 3 users to database. Done
    23:44:14.947 | 171 Pool-1-worker-64 | INFO  | i.z.t.d.l.EmbeddedDatabaseReporter   : JDBC URL to connect to 'dataSource': url='jdbc:h2:tcp://localhost:41063/mem:df70fc46-7e57-4cb5-9cd0-c1d90c14afa7;USER=sa', scope='SingleUserNotificationServiceTest#testCheckNotificationForAssessmentExerciseSubmission_futureAssessmentDueDate'

  Starting logs for SingleUserNotificationServiceTest > testDataExportNotification_dataExportFailed()
    23:44:14.979 | 171 Pool-1-worker-64 | DEBUG | d.t.c.a.a.c.u.util.UserUtilService   : Generate 3 students...
    23:44:14.987 | 171 Pool-1-worker-64 | DEBUG | d.t.c.a.a.c.u.util.UserUtilService   : 3 students generated. Generate 0 tutors...
    23:44:14.992 | 171 Pool-1-worker-64 | DEBUG | d.t.c.a.a.c.u.util.UserUtilService   : 0 tutors generated. Generate 0 editors...
    23:44:14.993 | 171 Pool-1-worker-64 | DEBUG | d.t.c.a.a.c.u.util.UserUtilService   : 0 editors generated. Generate 0 instructors...
    23:44:14.997 | 171 Pool-1-worker-64 | DEBUG | d.t.c.a.a.c.u.util.UserUtilService   : 0 instructors generated
    23:44:15.002 | 171 Pool-1-worker-64 | DEBUG | d.t.c.a.a.c.u.util.UserUtilService   : Removing 3 users from all courses...
    23:44:15.002 | 171 Pool-1-worker-64 | DEBUG | d.t.c.a.a.c.u.util.UserUtilService   : Removing 3 users from all courses. Done
    23:44:15.002 | 171 Pool-1-worker-64 | DEBUG | d.t.c.a.a.c.u.util.UserUtilService   : Save 3 users to database...
    23:44:15.009 | 171 Pool-1-worker-64 | DEBUG | d.t.c.a.a.c.u.util.UserUtilService   : Save 3 users to database. Done
    23:44:15.015 | 171 Pool-1-worker-64 | INFO  | i.z.t.d.l.EmbeddedDatabaseReporter   : JDBC URL to connect to 'dataSource': url='jdbc:h2:tcp://localhost:41063/mem:df70fc46-7e57-4cb5-9cd0-c1d90c14afa7;USER=sa', scope='SingleUserNotificationServiceTest#testDataExportNotification_dataExportFailed'
    23:44:15.020 | 171 Pool-1-worker-64 | DEBUG | d.t.c.a.a.c.s.n.MailService          : Sending 'DATA_EXPORT_FAILED' notification email to 'singleusernotificationstudent1@test.de'
    23:44:15.035 | 621 artemis-task-1   | DEBUG | d.t.c.a.a.c.s.n.MailSendingService   : Send email[multipart 'false' and html 'true'] to 'User{login='singleusernotificationstudent1', firstName='singleusernotificationstudent1First', lastName='singleusernotificationstudent1Last', email='singleusernotificationstudent1@test.de', imageUrl='null', activated='true', langKey='en', activationKey='null'}' with subject 'Your Artemis data export could not be created'
    23:44:15.035 | 621 artemis-task-1   | INFO  | d.t.c.a.a.c.s.n.MailSendingService   : Sent email with subject 'Your Artemis data export could not be created' to User 'User{login='singleusernotificationstudent1', firstName='singleusernotificationstudent1First', lastName='singleusernotificationstudent1Last', email='singleusernotificationstudent1@test.de', imageUrl='null', activated='true', langKey='en', activationKey='null'}'

  Starting logs for SingleUserNotificationServiceTest > testTutorialGroupNotifications_studentRegistration()
    23:44:15.069 | 171 Pool-1-worker-64 | DEBUG | d.t.c.a.a.c.u.util.UserUtilService   : Generate 3 students...
    23:44:15.074 | 171 Pool-1-worker-64 | DEBUG | d.t.c.a.a.c.u.util.UserUtilService   : 3 students generated. Generate 0 tutors...
    23:44:15.075 | 171 Pool-1-worker-64 | DEBUG | d.t.c.a.a.c.u.util.UserUtilService   : 0 tutors generated. Generate 0 editors...
    23:44:15.077 | 171 Pool-1-worker-64 | DEBUG | d.t.c.a.a.c.u.util.UserUtilService   : 0 editors generated. Generate 0 instructors...
    23:44:15.078 | 171 Pool-1-worker-64 | DEBUG | d.t.c.a.a.c.u.util.UserUtilService   : 0 instructors generated
    23:44:15.080 | 171 Pool-1-worker-64 | DEBUG | d.t.c.a.a.c.u.util.UserUtilService   : Removing 3 users from all courses...
    23:44:15.080 | 171 Pool-1-worker-64 | DEBUG | d.t.c.a.a.c.u.util.UserUtilService   : Removing 3 users from all courses. Done
    23:44:15.080 | 171 Pool-1-worker-64 | DEBUG | d.t.c.a.a.c.u.util.UserUtilService   : Save 3 users to database...
    23:44:15.083 | 171 Pool-1-worker-64 | DEBUG | d.t.c.a.a.c.u.util.UserUtilService   : Save 3 users to database. Done
    23:44:15.086 | 171 Pool-1-worker-64 | INFO  | i.z.t.d.l.EmbeddedDatabaseReporter   : JDBC URL to connect to 'dataSource': url='jdbc:h2:tcp://localhost:41063/mem:df70fc46-7e57-4cb5-9cd0-c1d90c14afa7;USER=sa', scope='SingleUserNotificationServiceTest#testTutorialGroupNotifications_studentRegistration'
    23:44:15.091 | 171 Pool-1-worker-64 | DEBUG | d.t.c.a.a.c.s.n.MailService          : Sending 'TUTORIAL_GROUP_REGISTRATION_STUDENT' notification email to 'singleusernotificationstudent1@test.de'
    23:44:15.094 | 621 artemis-task-1   | DEBUG | d.t.c.a.a.c.s.n.MailSendingService   : Send email[multipart 'false' and html 'true'] to 'User{login='singleusernotificationstudent1', firstName='singleusernotificationstudent1First', lastName='singleusernotificationstudent1Last', email='singleusernotificationstudent1@test.de', imageUrl='null', activated='true', langKey='en', activationKey='null'}' with subject 'You have been registered to a tutorial group'
    23:44:15.095 | 621 artemis-task-1   | INFO  | d.t.c.a.a.c.s.n.MailSendingService   : Sent email with subject 'You have been registered to a tutorial group' to User 'User{login='singleusernotificationstudent1', firstName='singleusernotificationstudent1First', lastName='singleusernotificationstudent1Last', email='singleusernotificationstudent1@test.de', imageUrl='null', activated='true', langKey='en', activationKey='null'}'

  Starting logs for SingleUserNotificationServiceTest > testNotifyUserAboutNewPossiblePlagiarismCase()
    23:44:15.139 | 171 Pool-1-worker-64 | DEBUG | d.t.c.a.a.c.u.util.UserUtilService   : Generate 3 students...
    23:44:15.147 | 171 Pool-1-worker-64 | DEBUG | d.t.c.a.a.c.u.util.UserUtilService   : 3 students generated. Generate 0 tutors...
    23:44:15.152 | 171 Pool-1-worker-64 | DEBUG | d.t.c.a.a.c.u.util.UserUtilService   : 0 tutors generated. Generate 0 editors...
    23:44:15.153 | 171 Pool-1-worker-64 | DEBUG | d.t.c.a.a.c.u.util.UserUtilService   : 0 editors generated. Generate 0 instructors...
    23:44:15.157 | 171 Pool-1-worker-64 | DEBUG | d.t.c.a.a.c.u.util.UserUtilService   : 0 instructors generated
    23:44:15.159 | 171 Pool-1-worker-64 | DEBUG | d.t.c.a.a.c.u.util.UserUtilService   : Removing 3 users from all courses...
    23:44:15.160 | 171 Pool-1-worker-64 | DEBUG | d.t.c.a.a.c.u.util.UserUtilService   : Removing 3 users from all courses. Done
    23:44:15.160 | 171 Pool-1-worker-64 | DEBUG | d.t.c.a.a.c.u.util.UserUtilService   : Save 3 users to database...
    23:44:15.168 | 171 Pool-1-worker-64 | DEBUG | d.t.c.a.a.c.u.util.UserUtilService   : Save 3 users to database. Done
    23:44:15.174 | 171 Pool-1-worker-64 | INFO  | i.z.t.d.l.EmbeddedDatabaseReporter   : JDBC URL to connect to 'dataSource': url='jdbc:h2:tcp://localhost:41063/mem:df70fc46-7e57-4cb5-9cd0-c1d90c14afa7;USER=sa', scope='SingleUserNotificationServiceTest#testNotifyUserAboutNewPossiblePlagiarismCase'
    23:44:15.182 | 171 Pool-1-worker-64 | DEBUG | d.t.c.a.a.c.s.n.MailService          : Sending 'NEW_PLAGIARISM_CASE_STUDENT' notification email to 'singleusernotificationstudent1@test.de'
    23:44:15.194 | 621 artemis-task-1   | DEBUG | d.t.c.a.a.c.s.n.MailSendingService   : Send email[multipart 'false' and html 'true'] to 'User{login='singleusernotificationstudent1', firstName='singleusernotificationstudent1First', lastName='singleusernotificationstudent1Last', email='singleusernotificationstudent1@test.de', imageUrl='null', activated='true', langKey='en', activationKey='null'}' with subject 'New Plagiarism Case: Exercise "Test New Plagiarism" in the course "course title"'
    23:44:15.195 | 621 artemis-task-1   | INFO  | d.t.c.a.a.c.s.n.MailSendingService   : Sent email with subject 'New Plagiarism Case: Exercise "Test New Plagiarism" in the course "course title"' to User 'User{login='singleusernotificationstudent1', firstName='singleusernotificationstudent1First', lastName='singleusernotificationstudent1Last', email='singleusernotificationstudent1@test.de', imageUrl='null', activated='true', langKey='en', activationKey='null'}'

  Starting logs for SingleUserNotificationServiceTest > testConversationNotificationsNewMessageReply()
    23:44:15.228 | 171 Pool-1-worker-64 | DEBUG | d.t.c.a.a.c.u.util.UserUtilService   : Generate 3 students...
    23:44:15.238 | 171 Pool-1-worker-64 | DEBUG | d.t.c.a.a.c.u.util.UserUtilService   : 3 students generated. Generate 0 tutors...
    23:44:15.243 | 171 Pool-1-worker-64 | DEBUG | d.t.c.a.a.c.u.util.UserUtilService   : 0 tutors generated. Generate 0 editors...
    23:44:15.244 | 171 Pool-1-worker-64 | DEBUG | d.t.c.a.a.c.u.util.UserUtilService   : 0 editors generated. Generate 0 instructors...
    23:44:15.248 | 171 Pool-1-worker-64 | DEBUG | d.t.c.a.a.c.u.util.UserUtilService   : 0 instructors generated
    23:44:15.250 | 171 Pool-1-worker-64 | DEBUG | d.t.c.a.a.c.u.util.UserUtilService   : Removing 3 users from all courses...
    23:44:15.254 | 171 Pool-1-worker-64 | DEBUG | d.t.c.a.a.c.u.util.UserUtilService   : Removing 3 users from all courses. Done
    23:44:15.254 | 171 Pool-1-worker-64 | DEBUG | d.t.c.a.a.c.u.util.UserUtilService   : Save 3 users to database...
    23:44:15.258 | 171 Pool-1-worker-64 | DEBUG | d.t.c.a.a.c.u.util.UserUtilService   : Save 3 users to database. Done
    23:44:15.266 | 171 Pool-1-worker-64 | INFO  | i.z.t.d.l.EmbeddedDatabaseReporter   : JDBC URL to connect to 'dataSource': url='jdbc:h2:tcp://localhost:41063/mem:df70fc46-7e57-4cb5-9cd0-c1d90c14afa7;USER=sa', scope='SingleUserNotificationServiceTest#testConversationNotificationsNewMessageReply'

  Starting logs for SingleUserNotificationServiceTest > [1] notificationType=CONVERSATION_ADD_USER_CHANNEL, expectedTitle=artemisApp.singleUserNotification.title.addUserChannel
    23:44:15.312 | 171 Pool-1-worker-64 | DEBUG | d.t.c.a.a.c.u.util.UserUtilService   : Generate 3 students...
    23:44:15.323 | 171 Pool-1-worker-64 | DEBUG | d.t.c.a.a.c.u.util.UserUtilService   : 3 students generated. Generate 0 tutors...
    23:44:15.328 | 171 Pool-1-worker-64 | DEBUG | d.t.c.a.a.c.u.util.UserUtilService   : 0 tutors generated. Generate 0 editors...
    23:44:15.332 | 171 Pool-1-worker-64 | DEBUG | d.t.c.a.a.c.u.util.UserUtilService   : 0 editors generated. Generate 0 instructors...
    23:44:15.333 | 171 Pool-1-worker-64 | DEBUG | d.t.c.a.a.c.u.util.UserUtilService   : 0 instructors generated
    23:44:15.335 | 171 Pool-1-worker-64 | DEBUG | d.t.c.a.a.c.u.util.UserUtilService   : Removing 3 users from all courses...
    23:44:15.337 | 171 Pool-1-worker-64 | DEBUG | d.t.c.a.a.c.u.util.UserUtilService   : Removing 3 users from all courses. Done
    23:44:15.337 | 171 Pool-1-worker-64 | DEBUG | d.t.c.a.a.c.u.util.UserUtilService   : Save 3 users to database...
    23:44:15.343 | 171 Pool-1-worker-64 | DEBUG | d.t.c.a.a.c.u.util.UserUtilService   : Save 3 users to database. Done
    23:44:15.350 | 171 Pool-1-worker-64 | INFO  | i.z.t.d.l.EmbeddedDatabaseReporter   : JDBC URL to connect to 'dataSource': url='jdbc:h2:tcp://localhost:41063/mem:df70fc46-7e57-4cb5-9cd0-c1d90c14afa7;USER=sa', scope='SingleUserNotificationServiceTest#testConversationNotificationsChannel'

  Starting logs for SingleUserNotificationServiceTest > [2] notificationType=CONVERSATION_REMOVE_USER_CHANNEL, expectedTitle=artemisApp.singleUserNotification.title.removeUserChannel
    23:44:15.383 | 171 Pool-1-worker-64 | DEBUG | d.t.c.a.a.c.u.util.UserUtilService   : Generate 3 students...
    23:44:15.388 | 171 Pool-1-worker-64 | DEBUG | d.t.c.a.a.c.u.util.UserUtilService   : 3 students generated. Generate 0 tutors...
    23:44:15.389 | 171 Pool-1-worker-64 | DEBUG | d.t.c.a.a.c.u.util.UserUtilService   : 0 tutors generated. Generate 0 editors...
    23:44:15.391 | 171 Pool-1-worker-64 | DEBUG | d.t.c.a.a.c.u.util.UserUtilService   : 0 editors generated. Generate 0 instructors...
    23:44:15.392 | 171 Pool-1-worker-64 | DEBUG | d.t.c.a.a.c.u.util.UserUtilService   : 0 instructors generated
    23:44:15.394 | 171 Pool-1-worker-64 | DEBUG | d.t.c.a.a.c.u.util.UserUtilService   : Removing 3 users from all courses...
    23:44:15.394 | 171 Pool-1-worker-64 | DEBUG | d.t.c.a.a.c.u.util.UserUtilService   : Removing 3 users from all courses. Done
    23:44:15.394 | 171 Pool-1-worker-64 | DEBUG | d.t.c.a.a.c.u.util.UserUtilService   : Save 3 users to database...
    23:44:15.398 | 171 Pool-1-worker-64 | DEBUG | d.t.c.a.a.c.u.util.UserUtilService   : Save 3 users to database. Done
    23:44:15.401 | 171 Pool-1-worker-64 | INFO  | i.z.t.d.l.EmbeddedDatabaseReporter   : JDBC URL to connect to 'dataSource': url='jdbc:h2:tcp://localhost:41063/mem:df70fc46-7e57-4cb5-9cd0-c1d90c14afa7;USER=sa', scope='SingleUserNotificationServiceTest#testConversationNotificationsChannel'

  Starting logs for SingleUserNotificationServiceTest > [3] notificationType=CONVERSATION_DELETE_CHANNEL, expectedTitle=artemisApp.singleUserNotification.title.deleteChannel
    23:44:15.420 | 171 Pool-1-worker-64 | DEBUG | d.t.c.a.a.c.u.util.UserUtilService   : Generate 3 students...
    23:44:15.425 | 171 Pool-1-worker-64 | DEBUG | d.t.c.a.a.c.u.util.UserUtilService   : 3 students generated. Generate 0 tutors...
    23:44:15.426 | 171 Pool-1-worker-64 | DEBUG | d.t.c.a.a.c.u.util.UserUtilService   : 0 tutors generated. Generate 0 editors...
    23:44:15.428 | 171 Pool-1-worker-64 | DEBUG | d.t.c.a.a.c.u.util.UserUtilService   : 0 editors generated. Generate 0 instructors...
    23:44:15.429 | 171 Pool-1-worker-64 | DEBUG | d.t.c.a.a.c.u.util.UserUtilService   : 0 instructors generated
    23:44:15.431 | 171 Pool-1-worker-64 | DEBUG | d.t.c.a.a.c.u.util.UserUtilService   : Removing 3 users from all courses...
    23:44:15.432 | 171 Pool-1-worker-64 | DEBUG | d.t.c.a.a.c.u.util.UserUtilService   : Removing 3 users from all courses. Done
    23:44:15.432 | 171 Pool-1-worker-64 | DEBUG | d.t.c.a.a.c.u.util.UserUtilService   : Save 3 users to database...
    23:44:15.435 | 171 Pool-1-worker-64 | DEBUG | d.t.c.a.a.c.u.util.UserUtilService   : Save 3 users to database. Done
    23:44:15.438 | 171 Pool-1-worker-64 | INFO  | i.z.t.d.l.EmbeddedDatabaseReporter   : JDBC URL to connect to 'dataSource': url='jdbc:h2:tcp://localhost:41063/mem:df70fc46-7e57-4cb5-9cd0-c1d90c14afa7;USER=sa', scope='SingleUserNotificationServiceTest#testConversationNotificationsChannel'

  Starting logs for SingleUserNotificationServiceTest > testTutorialGroupNotifications_tutorRegistrationMultiple()
    23:44:15.458 | 171 Pool-1-worker-64 | DEBUG | d.t.c.a.a.c.u.util.UserUtilService   : Generate 3 students...
    23:44:15.464 | 171 Pool-1-worker-64 | DEBUG | d.t.c.a.a.c.u.util.UserUtilService   : 3 students generated. Generate 0 tutors...
    23:44:15.465 | 171 Pool-1-worker-64 | DEBUG | d.t.c.a.a.c.u.util.UserUtilService   : 0 tutors generated. Generate 0 editors...
    23:44:15.467 | 171 Pool-1-worker-64 | DEBUG | d.t.c.a.a.c.u.util.UserUtilService   : 0 editors generated. Generate 0 instructors...
    23:44:15.468 | 171 Pool-1-worker-64 | DEBUG | d.t.c.a.a.c.u.util.UserUtilService   : 0 instructors generated
    23:44:15.470 | 171 Pool-1-worker-64 | DEBUG | d.t.c.a.a.c.u.util.UserUtilService   : Removing 3 users from all courses...
    23:44:15.470 | 171 Pool-1-worker-64 | DEBUG | d.t.c.a.a.c.u.util.UserUtilService   : Removing 3 users from all courses. Done
    23:44:15.470 | 171 Pool-1-worker-64 | DEBUG | d.t.c.a.a.c.u.util.UserUtilService   : Save 3 users to database...
    23:44:15.473 | 171 Pool-1-worker-64 | DEBUG | d.t.c.a.a.c.u.util.UserUtilService   : Save 3 users to database. Done
    23:44:15.477 | 171 Pool-1-worker-64 | INFO  | i.z.t.d.l.EmbeddedDatabaseReporter   : JDBC URL to connect to 'dataSource': url='jdbc:h2:tcp://localhost:41063/mem:df70fc46-7e57-4cb5-9cd0-c1d90c14afa7;USER=sa', scope='SingleUserNotificationServiceTest#testTutorialGroupNotifications_tutorRegistrationMultiple'
    23:44:15.481 | 171 Pool-1-worker-64 | DEBUG | d.t.c.a.a.c.s.n.MailService          : Sending 'TUTORIAL_GROUP_MULTIPLE_REGISTRATION_TUTOR' notification email to 'singleusernotificationstudent2@test.de'
    23:44:15.485 | 621 artemis-task-1   | DEBUG | d.t.c.a.a.c.s.n.MailSendingService   : Send email[multipart 'false' and html 'true'] to 'User{login='singleusernotificationstudent2', firstName='singleusernotificationstudent2First', lastName='singleusernotificationstudent2Last', email='singleusernotificationstudent2@test.de', imageUrl='null', activated='true', langKey='en', activationKey='null'}' with subject 'Multiple students have been registered to your tutorial group'
    23:44:15.485 | 621 artemis-task-1   | INFO  | d.t.c.a.a.c.s.n.MailSendingService   : Sent email with subject 'Multiple students have been registered to your tutorial group' to User 'User{login='singleusernotificationstudent2', firstName='singleusernotificationstudent2First', lastName='singleusernotificationstudent2Last', email='singleusernotificationstudent2@test.de', imageUrl='null', activated='true', langKey='en', activationKey='null'}'

  Starting logs for SingleUserNotificationServiceTest > testCheckNotificationForAssessmentExerciseSubmission_pastAssessmentDueDate()
    23:44:15.527 | 171 Pool-1-worker-64 | DEBUG | d.t.c.a.a.c.u.util.UserUtilService   : Generate 3 students...
    23:44:15.538 | 171 Pool-1-worker-64 | DEBUG | d.t.c.a.a.c.u.util.UserUtilService   : 3 students generated. Generate 0 tutors...
    23:44:15.540 | 171 Pool-1-worker-64 | DEBUG | d.t.c.a.a.c.u.util.UserUtilService   : 0 tutors generated. Generate 0 editors...
    23:44:15.544 | 171 Pool-1-worker-64 | DEBUG | d.t.c.a.a.c.u.util.UserUtilService   : 0 editors generated. Generate 0 instructors...
    23:44:15.545 | 171 Pool-1-worker-64 | DEBUG | d.t.c.a.a.c.u.util.UserUtilService   : 0 instructors generated
    23:44:15.550 | 171 Pool-1-worker-64 | DEBUG | d.t.c.a.a.c.u.util.UserUtilService   : Removing 3 users from all courses...
    23:44:15.550 | 171 Pool-1-worker-64 | DEBUG | d.t.c.a.a.c.u.util.UserUtilService   : Removing 3 users from all courses. Done
    23:44:15.550 | 171 Pool-1-worker-64 | DEBUG | d.t.c.a.a.c.u.util.UserUtilService   : Save 3 users to database...
    23:44:15.556 | 171 Pool-1-worker-64 | DEBUG | d.t.c.a.a.c.u.util.UserUtilService   : Save 3 users to database. Done
    23:44:15.562 | 171 Pool-1-worker-64 | INFO  | i.z.t.d.l.EmbeddedDatabaseReporter   : JDBC URL to connect to 'dataSource': url='jdbc:h2:tcp://localhost:41063/mem:df70fc46-7e57-4cb5-9cd0-c1d90c14afa7;USER=sa', scope='SingleUserNotificationServiceTest#testCheckNotificationForAssessmentExerciseSubmission_pastAssessmentDueDate'

  Starting logs for SingleUserNotificationServiceTest > testNotifyUserAboutAssessedExerciseSubmission()
    23:44:15.603 | 171 Pool-1-worker-64 | DEBUG | d.t.c.a.a.c.u.util.UserUtilService   : Generate 3 students...
    23:44:15.608 | 171 Pool-1-worker-64 | DEBUG | d.t.c.a.a.c.u.util.UserUtilService   : 3 students generated. Generate 0 tutors...
    23:44:15.610 | 171 Pool-1-worker-64 | DEBUG | d.t.c.a.a.c.u.util.UserUtilService   : 0 tutors generated. Generate 0 editors...
    23:44:15.611 | 171 Pool-1-worker-64 | DEBUG | d.t.c.a.a.c.u.util.UserUtilService   : 0 editors generated. Generate 0 instructors...
    23:44:15.613 | 171 Pool-1-worker-64 | DEBUG | d.t.c.a.a.c.u.util.UserUtilService   : 0 instructors generated
    23:44:15.617 | 171 Pool-1-worker-64 | DEBUG | d.t.c.a.a.c.u.util.UserUtilService   : Removing 3 users from all courses...
    23:44:15.618 | 171 Pool-1-worker-64 | DEBUG | d.t.c.a.a.c.u.util.UserUtilService   : Removing 3 users from all courses. Done
    23:44:15.618 | 171 Pool-1-worker-64 | DEBUG | d.t.c.a.a.c.u.util.UserUtilService   : Save 3 users to database...
    23:44:15.623 | 171 Pool-1-worker-64 | DEBUG | d.t.c.a.a.c.u.util.UserUtilService   : Save 3 users to database. Done
    23:44:15.627 | 171 Pool-1-worker-64 | INFO  | i.z.t.d.l.EmbeddedDatabaseReporter   : JDBC URL to connect to 'dataSource': url='jdbc:h2:tcp://localhost:41063/mem:df70fc46-7e57-4cb5-9cd0-c1d90c14afa7;USER=sa', scope='SingleUserNotificationServiceTest#testNotifyUserAboutAssessedExerciseSubmission'
    23:44:15.630 | 171 Pool-1-worker-64 | DEBUG | d.t.c.a.a.c.s.n.MailService          : Sending 'EXERCISE_SUBMISSION_ASSESSED' notification email to 'singleusernotificationstudent1@test.de'
    23:44:15.647 | 621 artemis-task-1   | DEBUG | d.t.c.a.a.c.s.n.MailSendingService   : Send email[multipart 'false' and html 'true'] to 'User{login='singleusernotificationstudent1', firstName='singleusernotificationstudent1First', lastName='singleusernotificationstudent1Last', email='singleusernotificationstudent1@test.de', imageUrl='null', activated='true', langKey='en', activationKey='null'}' with subject 'Exercise Submission Assessed'
    23:44:15.648 | 621 artemis-task-1   | INFO  | d.t.c.a.a.c.s.n.MailSendingService   : Sent email with subject 'Exercise Submission Assessed' to User 'User{login='singleusernotificationstudent1', firstName='singleusernotificationstudent1First', lastName='singleusernotificationstudent1Last', email='singleusernotificationstudent1@test.de', imageUrl='null', activated='true', langKey='en', activationKey='null'}'

  Starting logs for SingleUserNotificationServiceTest > testNotifyUserAboutSuccessfulFileUploadSubmission()
    23:44:15.689 | 171 Pool-1-worker-64 | DEBUG | d.t.c.a.a.c.u.util.UserUtilService   : Generate 3 students...
    23:44:15.700 | 171 Pool-1-worker-64 | DEBUG | d.t.c.a.a.c.u.util.UserUtilService   : 3 students generated. Generate 0 tutors...
    23:44:15.701 | 171 Pool-1-worker-64 | DEBUG | d.t.c.a.a.c.u.util.UserUtilService   : 0 tutors generated. Generate 0 editors...
    23:44:15.703 | 171 Pool-1-worker-64 | DEBUG | d.t.c.a.a.c.u.util.UserUtilService   : 0 editors generated. Generate 0 instructors...
    23:44:15.704 | 171 Pool-1-worker-64 | DEBUG | d.t.c.a.a.c.u.util.UserUtilService   : 0 instructors generated
    23:44:15.705 | 171 Pool-1-worker-64 | DEBUG | d.t.c.a.a.c.u.util.UserUtilService   : Removing 3 users from all courses...
    23:44:15.706 | 171 Pool-1-worker-64 | DEBUG | d.t.c.a.a.c.u.util.UserUtilService   : Removing 3 users from all courses. Done
    23:44:15.706 | 171 Pool-1-worker-64 | DEBUG | d.t.c.a.a.c.u.util.UserUtilService   : Save 3 users to database...
    23:44:15.709 | 171 Pool-1-worker-64 | DEBUG | d.t.c.a.a.c.u.util.UserUtilService   : Save 3 users to database. Done
    23:44:15.713 | 171 Pool-1-worker-64 | INFO  | i.z.t.d.l.EmbeddedDatabaseReporter   : JDBC URL to connect to 'dataSource': url='jdbc:h2:tcp://localhost:41063/mem:df70fc46-7e57-4cb5-9cd0-c1d90c14afa7;USER=sa', scope='SingleUserNotificationServiceTest#testNotifyUserAboutSuccessfulFileUploadSubmission'
    23:44:15.716 | 171 Pool-1-worker-64 | DEBUG | d.t.c.a.a.c.s.n.MailService          : Sending 'FILE_SUBMISSION_SUCCESSFUL' notification email to 'singleusernotificationstudent1@test.de'
    23:44:15.726 | 621 artemis-task-1   | DEBUG | d.t.c.a.a.c.s.n.MailSendingService   : Send email[multipart 'false' and html 'true'] to 'User{login='singleusernotificationstudent1', firstName='singleusernotificationstudent1First', lastName='singleusernotificationstudent1Last', email='singleusernotificationstudent1@test.de', imageUrl='null', activated='true', langKey='en', activationKey='null'}' with subject 'File submission successful'
    23:44:15.727 | 621 artemis-task-1   | INFO  | d.t.c.a.a.c.s.n.MailSendingService   : Sent email with subject 'File submission successful' to User 'User{login='singleusernotificationstudent1', firstName='singleusernotificationstudent1First', lastName='singleusernotificationstudent1Last', email='singleusernotificationstudent1@test.de', imageUrl='null', activated='true', langKey='en', activationKey='null'}'

Finished logs for SingleUserNotificationServiceTest
]]></system-out>
  <system-err><![CDATA[]]></system-err>
</testsuite>
