<?xml version="1.0" encoding="UTF-8"?>
<testsuite name="de.tum.cit.aet.artemis.communication.notifications.service.TutorialGroupNotificationServiceTest" tests="3" skipped="0" failures="0" errors="0" timestamp="2025-02-14T23:44:16" hostname="fv-az1721-502" time="0.467">
  <properties/>
  <testcase name="notifyAboutTutorialGroupDeletion_shouldSaveAndSend()" classname="de.tum.cit.aet.artemis.communication.notifications.service.TutorialGroupNotificationServiceTest" time="0.153"/>
  <testcase name="[1] contactTutor=true" classname="de.tum.cit.aet.artemis.communication.notifications.service.TutorialGroupNotificationServiceTest" time="0.185"/>
  <testcase name="[2] contactTutor=false" classname="de.tum.cit.aet.artemis.communication.notifications.service.TutorialGroupNotificationServiceTest" time="0.124"/>
  <system-out><![CDATA[
Starting logs for TutorialGroupNotificationServiceTest

  Starting logs for TutorialGroupNotificationServiceTest > notifyAboutTutorialGroupDeletion_shouldSaveAndSend()
    23:44:16.334 | 174 Pool-1-worker-67 | DEBUG | d.t.c.a.a.c.u.util.UserUtilService   : Generate 5 students...
    23:44:16.343 | 174 Pool-1-worker-67 | DEBUG | d.t.c.a.a.c.u.util.UserUtilService   : 5 students generated. Generate 1 tutors...
    23:44:16.348 | 174 Pool-1-worker-67 | DEBUG | d.t.c.a.a.c.u.util.UserUtilService   : 1 tutors generated. Generate 0 editors...
    23:44:16.350 | 174 Pool-1-worker-67 | DEBUG | d.t.c.a.a.c.u.util.UserUtilService   : 0 editors generated. Generate 1 instructors...
    23:44:16.355 | 174 Pool-1-worker-67 | DEBUG | d.t.c.a.a.c.u.util.UserUtilService   : 1 instructors generated
    23:44:16.358 | 174 Pool-1-worker-67 | DEBUG | d.t.c.a.a.c.u.util.UserUtilService   : Removing 4 users from all courses...
    23:44:16.359 | 174 Pool-1-worker-67 | DEBUG | d.t.c.a.a.c.u.util.UserUtilService   : Removing 4 users from all courses. Done
    23:44:16.359 | 174 Pool-1-worker-67 | DEBUG | d.t.c.a.a.c.u.util.UserUtilService   : Save 7 users to database...
    23:44:16.365 | 174 Pool-1-worker-67 | DEBUG | d.t.c.a.a.c.u.util.UserUtilService   : Save 7 users to database. Done
    23:44:16.388 | 174 Pool-1-worker-67 | INFO  | i.z.t.d.l.EmbeddedDatabaseReporter   : JDBC URL to connect to 'dataSource': url='jdbc:h2:tcp://localhost:41063/mem:df70fc46-7e57-4cb5-9cd0-c1d90c14afa7;USER=sa', scope='TutorialGroupNotificationServiceTest#notifyAboutTutorialGroupDeletion_shouldSaveAndSend'
    23:44:16.419 | 621 artemis-task-1   | DEBUG | d.t.c.a.a.c.s.n.MailService          : Sending 'TUTORIAL_GROUP_DELETED' notification email to 'tutorialgroupnotifservicestudent1@test.de'
    23:44:16.437 | 621 artemis-task-1   | DEBUG | d.t.c.a.a.c.s.n.MailService          : Sending 'TUTORIAL_GROUP_DELETED' notification email to 'tutorialgroupnotifservicestudent2@test.de'
    23:44:16.439 | 621 artemis-task-1   | DEBUG | d.t.c.a.a.c.s.n.MailService          : Sending 'TUTORIAL_GROUP_DELETED' notification email to 'tutorialgroupnotifservicestudent3@test.de'
    23:44:16.443 | 621 artemis-task-1   | DEBUG | d.t.c.a.a.c.s.n.MailService          : Sending 'TUTORIAL_GROUP_DELETED' notification email to 'tutorialgroupnotifservicestudent4@test.de'
    23:44:16.444 | 621 artemis-task-1   | DEBUG | d.t.c.a.a.c.s.n.MailService          : Sending 'TUTORIAL_GROUP_DELETED' notification email to 'tutorialgroupnotifservicestudent5@test.de'
    23:44:16.445 | 621 artemis-task-1   | DEBUG | d.t.c.a.a.c.s.n.MailService          : Sending 'TUTORIAL_GROUP_DELETED' notification email to 'tutorialgroupnotifservicetutor1@test.de'
    23:44:16.448 | 621 artemis-task-1   | DEBUG | d.t.c.a.a.c.s.n.MailSendingService   : Send email[multipart 'false' and html 'true'] to 'User{login='tutorialgroupnotifservicestudent1', firstName='tutorialgroupnotifservicestudent1First', lastName='tutorialgroupnotifservicestudent1Last', email='tutorialgroupnotifservicestudent1@test.de', imageUrl='null', activated='true', langKey='en', activationKey='null'}' with subject 'Tutorial Group deleted'
    23:44:16.449 | 621 artemis-task-1   | INFO  | d.t.c.a.a.c.s.n.MailSendingService   : Sent email with subject 'Tutorial Group deleted' to User 'User{login='tutorialgroupnotifservicestudent1', firstName='tutorialgroupnotifservicestudent1First', lastName='tutorialgroupnotifservicestudent1Last', email='tutorialgroupnotifservicestudent1@test.de', imageUrl='null', activated='true', langKey='en', activationKey='null'}'
    23:44:16.449 | 621 artemis-task-1   | DEBUG | d.t.c.a.a.c.s.n.MailSendingService   : Send email[multipart 'false' and html 'true'] to 'User{login='tutorialgroupnotifservicestudent2', firstName='tutorialgroupnotifservicestudent2First', lastName='tutorialgroupnotifservicestudent2Last', email='tutorialgroupnotifservicestudent2@test.de', imageUrl='null', activated='true', langKey='en', activationKey='null'}' with subject 'Tutorial Group deleted'
    23:44:16.449 | 621 artemis-task-1   | INFO  | d.t.c.a.a.c.s.n.MailSendingService   : Sent email with subject 'Tutorial Group deleted' to User 'User{login='tutorialgroupnotifservicestudent2', firstName='tutorialgroupnotifservicestudent2First', lastName='tutorialgroupnotifservicestudent2Last', email='tutorialgroupnotifservicestudent2@test.de', imageUrl='null', activated='true', langKey='en', activationKey='null'}'
    23:44:16.449 | 621 artemis-task-1   | DEBUG | d.t.c.a.a.c.s.n.MailSendingService   : Send email[multipart 'false' and html 'true'] to 'User{login='tutorialgroupnotifservicestudent3', firstName='tutorialgroupnotifservicestudent3First', lastName='tutorialgroupnotifservicestudent3Last', email='tutorialgroupnotifservicestudent3@test.de', imageUrl='null', activated='true', langKey='en', activationKey='null'}' with subject 'Tutorial Group deleted'
    23:44:16.450 | 621 artemis-task-1   | INFO  | d.t.c.a.a.c.s.n.MailSendingService   : Sent email with subject 'Tutorial Group deleted' to User 'User{login='tutorialgroupnotifservicestudent3', firstName='tutorialgroupnotifservicestudent3First', lastName='tutorialgroupnotifservicestudent3Last', email='tutorialgroupnotifservicestudent3@test.de', imageUrl='null', activated='true', langKey='en', activationKey='null'}'
    23:44:16.450 | 621 artemis-task-1   | DEBUG | d.t.c.a.a.c.s.n.MailSendingService   : Send email[multipart 'false' and html 'true'] to 'User{login='tutorialgroupnotifservicestudent4', firstName='tutorialgroupnotifservicestudent4First', lastName='tutorialgroupnotifservicestudent4Last', email='tutorialgroupnotifservicestudent4@test.de', imageUrl='null', activated='true', langKey='en', activationKey='null'}' with subject 'Tutorial Group deleted'
    23:44:16.450 | 621 artemis-task-1   | INFO  | d.t.c.a.a.c.s.n.MailSendingService   : Sent email with subject 'Tutorial Group deleted' to User 'User{login='tutorialgroupnotifservicestudent4', firstName='tutorialgroupnotifservicestudent4First', lastName='tutorialgroupnotifservicestudent4Last', email='tutorialgroupnotifservicestudent4@test.de', imageUrl='null', activated='true', langKey='en', activationKey='null'}'
    23:44:16.450 | 621 artemis-task-1   | DEBUG | d.t.c.a.a.c.s.n.MailSendingService   : Send email[multipart 'false' and html 'true'] to 'User{login='tutorialgroupnotifservicestudent5', firstName='tutorialgroupnotifservicestudent5First', lastName='tutorialgroupnotifservicestudent5Last', email='tutorialgroupnotifservicestudent5@test.de', imageUrl='null', activated='true', langKey='en', activationKey='null'}' with subject 'Tutorial Group deleted'
    23:44:16.451 | 621 artemis-task-1   | INFO  | d.t.c.a.a.c.s.n.MailSendingService   : Sent email with subject 'Tutorial Group deleted' to User 'User{login='tutorialgroupnotifservicestudent5', firstName='tutorialgroupnotifservicestudent5First', lastName='tutorialgroupnotifservicestudent5Last', email='tutorialgroupnotifservicestudent5@test.de', imageUrl='null', activated='true', langKey='en', activationKey='null'}'
    23:44:16.451 | 621 artemis-task-1   | DEBUG | d.t.c.a.a.c.s.n.MailSendingService   : Send email[multipart 'false' and html 'true'] to 'User{login='tutorialgroupnotifservicetutor1', firstName='tutorialgroupnotifservicetutor1First', lastName='tutorialgroupnotifservicetutor1Last', email='tutorialgroupnotifservicetutor1@test.de', imageUrl='null', activated='true', langKey='en', activationKey='null'}' with subject 'Tutorial Group deleted'
    23:44:16.451 | 621 artemis-task-1   | INFO  | d.t.c.a.a.c.s.n.MailSendingService   : Sent email with subject 'Tutorial Group deleted' to User 'User{login='tutorialgroupnotifservicetutor1', firstName='tutorialgroupnotifservicetutor1First', lastName='tutorialgroupnotifservicetutor1Last', email='tutorialgroupnotifservicetutor1@test.de', imageUrl='null', activated='true', langKey='en', activationKey='null'}'

  Starting logs for TutorialGroupNotificationServiceTest > [1] contactTutor=true
    23:44:16.496 | 174 Pool-1-worker-67 | DEBUG | d.t.c.a.a.c.u.util.UserUtilService   : Generate 5 students...
    23:44:16.512 | 174 Pool-1-worker-67 | DEBUG | d.t.c.a.a.c.u.util.UserUtilService   : 5 students generated. Generate 1 tutors...
    23:44:16.517 | 174 Pool-1-worker-67 | DEBUG | d.t.c.a.a.c.u.util.UserUtilService   : 1 tutors generated. Generate 0 editors...
    23:44:16.519 | 174 Pool-1-worker-67 | DEBUG | d.t.c.a.a.c.u.util.UserUtilService   : 0 editors generated. Generate 1 instructors...
    23:44:16.553 | 174 Pool-1-worker-67 | DEBUG | d.t.c.a.a.c.u.util.UserUtilService   : 1 instructors generated
    23:44:16.554 | 174 Pool-1-worker-67 | DEBUG | d.t.c.a.a.c.u.util.UserUtilService   : Removing 7 users from all courses...
    23:44:16.555 | 174 Pool-1-worker-67 | DEBUG | d.t.c.a.a.c.u.util.UserUtilService   : Removing 7 users from all courses. Done
    23:44:16.555 | 174 Pool-1-worker-67 | DEBUG | d.t.c.a.a.c.u.util.UserUtilService   : Save 7 users to database...
    23:44:16.572 | 174 Pool-1-worker-67 | DEBUG | d.t.c.a.a.c.u.util.UserUtilService   : Save 7 users to database. Done
    23:44:16.583 | 174 Pool-1-worker-67 | INFO  | i.z.t.d.l.EmbeddedDatabaseReporter   : JDBC URL to connect to 'dataSource': url='jdbc:h2:tcp://localhost:41063/mem:df70fc46-7e57-4cb5-9cd0-c1d90c14afa7;USER=sa', scope='TutorialGroupNotificationServiceTest#notifyAboutTutorialGroupUpdate_shouldSaveAndSend'
    23:44:16.594 | 621 artemis-task-1   | DEBUG | d.t.c.a.a.c.s.n.MailService          : Sending 'TUTORIAL_GROUP_UPDATED' notification email to 'tutorialgroupnotifservicestudent1@test.de'
    23:44:16.616 | 621 artemis-task-1   | DEBUG | d.t.c.a.a.c.s.n.MailService          : Sending 'TUTORIAL_GROUP_UPDATED' notification email to 'tutorialgroupnotifservicestudent2@test.de'
    23:44:16.624 | 621 artemis-task-1   | DEBUG | d.t.c.a.a.c.s.n.MailService          : Sending 'TUTORIAL_GROUP_UPDATED' notification email to 'tutorialgroupnotifservicestudent3@test.de'
    23:44:16.627 | 621 artemis-task-1   | DEBUG | d.t.c.a.a.c.s.n.MailService          : Sending 'TUTORIAL_GROUP_UPDATED' notification email to 'tutorialgroupnotifservicestudent4@test.de'
    23:44:16.629 | 621 artemis-task-1   | DEBUG | d.t.c.a.a.c.s.n.MailService          : Sending 'TUTORIAL_GROUP_UPDATED' notification email to 'tutorialgroupnotifservicestudent5@test.de'
    23:44:16.634 | 621 artemis-task-1   | DEBUG | d.t.c.a.a.c.s.n.MailService          : Sending 'TUTORIAL_GROUP_UPDATED' notification email to 'tutorialgroupnotifservicetutor1@test.de'
    23:44:16.640 | 621 artemis-task-1   | DEBUG | d.t.c.a.a.c.s.n.MailSendingService   : Send email[multipart 'false' and html 'true'] to 'User{login='tutorialgroupnotifservicestudent1', firstName='tutorialgroupnotifservicestudent1First', lastName='tutorialgroupnotifservicestudent1Last', email='tutorialgroupnotifservicestudent1@test.de', imageUrl='null', activated='true', langKey='en', activationKey='null'}' with subject 'Tutorial Group updated'
    23:44:16.643 | 621 artemis-task-1   | INFO  | d.t.c.a.a.c.s.n.MailSendingService   : Sent email with subject 'Tutorial Group updated' to User 'User{login='tutorialgroupnotifservicestudent1', firstName='tutorialgroupnotifservicestudent1First', lastName='tutorialgroupnotifservicestudent1Last', email='tutorialgroupnotifservicestudent1@test.de', imageUrl='null', activated='true', langKey='en', activationKey='null'}'
    23:44:16.643 | 621 artemis-task-1   | DEBUG | d.t.c.a.a.c.s.n.MailSendingService   : Send email[multipart 'false' and html 'true'] to 'User{login='tutorialgroupnotifservicestudent2', firstName='tutorialgroupnotifservicestudent2First', lastName='tutorialgroupnotifservicestudent2Last', email='tutorialgroupnotifservicestudent2@test.de', imageUrl='null', activated='true', langKey='en', activationKey='null'}' with subject 'Tutorial Group updated'
    23:44:16.643 | 621 artemis-task-1   | INFO  | d.t.c.a.a.c.s.n.MailSendingService   : Sent email with subject 'Tutorial Group updated' to User 'User{login='tutorialgroupnotifservicestudent2', firstName='tutorialgroupnotifservicestudent2First', lastName='tutorialgroupnotifservicestudent2Last', email='tutorialgroupnotifservicestudent2@test.de', imageUrl='null', activated='true', langKey='en', activationKey='null'}'
    23:44:16.643 | 621 artemis-task-1   | DEBUG | d.t.c.a.a.c.s.n.MailSendingService   : Send email[multipart 'false' and html 'true'] to 'User{login='tutorialgroupnotifservicestudent3', firstName='tutorialgroupnotifservicestudent3First', lastName='tutorialgroupnotifservicestudent3Last', email='tutorialgroupnotifservicestudent3@test.de', imageUrl='null', activated='true', langKey='en', activationKey='null'}' with subject 'Tutorial Group updated'
    23:44:16.644 | 621 artemis-task-1   | INFO  | d.t.c.a.a.c.s.n.MailSendingService   : Sent email with subject 'Tutorial Group updated' to User 'User{login='tutorialgroupnotifservicestudent3', firstName='tutorialgroupnotifservicestudent3First', lastName='tutorialgroupnotifservicestudent3Last', email='tutorialgroupnotifservicestudent3@test.de', imageUrl='null', activated='true', langKey='en', activationKey='null'}'
    23:44:16.644 | 621 artemis-task-1   | DEBUG | d.t.c.a.a.c.s.n.MailSendingService   : Send email[multipart 'false' and html 'true'] to 'User{login='tutorialgroupnotifservicestudent4', firstName='tutorialgroupnotifservicestudent4First', lastName='tutorialgroupnotifservicestudent4Last', email='tutorialgroupnotifservicestudent4@test.de', imageUrl='null', activated='true', langKey='en', activationKey='null'}' with subject 'Tutorial Group updated'
    23:44:16.644 | 621 artemis-task-1   | INFO  | d.t.c.a.a.c.s.n.MailSendingService   : Sent email with subject 'Tutorial Group updated' to User 'User{login='tutorialgroupnotifservicestudent4', firstName='tutorialgroupnotifservicestudent4First', lastName='tutorialgroupnotifservicestudent4Last', email='tutorialgroupnotifservicestudent4@test.de', imageUrl='null', activated='true', langKey='en', activationKey='null'}'
    23:44:16.644 | 621 artemis-task-1   | DEBUG | d.t.c.a.a.c.s.n.MailSendingService   : Send email[multipart 'false' and html 'true'] to 'User{login='tutorialgroupnotifservicestudent5', firstName='tutorialgroupnotifservicestudent5First', lastName='tutorialgroupnotifservicestudent5Last', email='tutorialgroupnotifservicestudent5@test.de', imageUrl='null', activated='true', langKey='en', activationKey='null'}' with subject 'Tutorial Group updated'
    23:44:16.644 | 621 artemis-task-1   | INFO  | d.t.c.a.a.c.s.n.MailSendingService   : Sent email with subject 'Tutorial Group updated' to User 'User{login='tutorialgroupnotifservicestudent5', firstName='tutorialgroupnotifservicestudent5First', lastName='tutorialgroupnotifservicestudent5Last', email='tutorialgroupnotifservicestudent5@test.de', imageUrl='null', activated='true', langKey='en', activationKey='null'}'
    23:44:16.644 | 621 artemis-task-1   | DEBUG | d.t.c.a.a.c.s.n.MailSendingService   : Send email[multipart 'false' and html 'true'] to 'User{login='tutorialgroupnotifservicetutor1', firstName='tutorialgroupnotifservicetutor1First', lastName='tutorialgroupnotifservicetutor1Last', email='tutorialgroupnotifservicetutor1@test.de', imageUrl='null', activated='true', langKey='en', activationKey='null'}' with subject 'Tutorial Group updated'
    23:44:16.644 | 621 artemis-task-1   | INFO  | d.t.c.a.a.c.s.n.MailSendingService   : Sent email with subject 'Tutorial Group updated' to User 'User{login='tutorialgroupnotifservicetutor1', firstName='tutorialgroupnotifservicetutor1First', lastName='tutorialgroupnotifservicetutor1Last', email='tutorialgroupnotifservicetutor1@test.de', imageUrl='null', activated='true', langKey='en', activationKey='null'}'

  Starting logs for TutorialGroupNotificationServiceTest > [2] contactTutor=false
    23:44:16.690 | 174 Pool-1-worker-67 | DEBUG | d.t.c.a.a.c.u.util.UserUtilService   : Generate 5 students...
    23:44:16.708 | 174 Pool-1-worker-67 | DEBUG | d.t.c.a.a.c.u.util.UserUtilService   : 5 students generated. Generate 1 tutors...
    23:44:16.714 | 174 Pool-1-worker-67 | DEBUG | d.t.c.a.a.c.u.util.UserUtilService   : 1 tutors generated. Generate 0 editors...
    23:44:16.718 | 174 Pool-1-worker-67 | DEBUG | d.t.c.a.a.c.u.util.UserUtilService   : 0 editors generated. Generate 1 instructors...
    23:44:16.723 | 174 Pool-1-worker-67 | DEBUG | d.t.c.a.a.c.u.util.UserUtilService   : 1 instructors generated
    23:44:16.725 | 174 Pool-1-worker-67 | DEBUG | d.t.c.a.a.c.u.util.UserUtilService   : Removing 7 users from all courses...
    23:44:16.729 | 174 Pool-1-worker-67 | DEBUG | d.t.c.a.a.c.u.util.UserUtilService   : Removing 7 users from all courses. Done
    23:44:16.729 | 174 Pool-1-worker-67 | DEBUG | d.t.c.a.a.c.u.util.UserUtilService   : Save 7 users to database...
    23:44:16.741 | 174 Pool-1-worker-67 | DEBUG | d.t.c.a.a.c.u.util.UserUtilService   : Save 7 users to database. Done
    23:44:16.753 | 174 Pool-1-worker-67 | INFO  | i.z.t.d.l.EmbeddedDatabaseReporter   : JDBC URL to connect to 'dataSource': url='jdbc:h2:tcp://localhost:41063/mem:df70fc46-7e57-4cb5-9cd0-c1d90c14afa7;USER=sa', scope='TutorialGroupNotificationServiceTest#notifyAboutTutorialGroupUpdate_shouldSaveAndSend'
    23:44:16.766 | 621 artemis-task-1   | DEBUG | d.t.c.a.a.c.s.n.MailService          : Sending 'TUTORIAL_GROUP_UPDATED' notification email to 'tutorialgroupnotifservicestudent1@test.de'
    23:44:16.768 | 621 artemis-task-1   | DEBUG | d.t.c.a.a.c.s.n.MailService          : Sending 'TUTORIAL_GROUP_UPDATED' notification email to 'tutorialgroupnotifservicestudent2@test.de'
    23:44:16.770 | 621 artemis-task-1   | DEBUG | d.t.c.a.a.c.s.n.MailService          : Sending 'TUTORIAL_GROUP_UPDATED' notification email to 'tutorialgroupnotifservicestudent3@test.de'
    23:44:16.771 | 621 artemis-task-1   | DEBUG | d.t.c.a.a.c.s.n.MailService          : Sending 'TUTORIAL_GROUP_UPDATED' notification email to 'tutorialgroupnotifservicestudent4@test.de'
    23:44:16.773 | 621 artemis-task-1   | DEBUG | d.t.c.a.a.c.s.n.MailService          : Sending 'TUTORIAL_GROUP_UPDATED' notification email to 'tutorialgroupnotifservicestudent5@test.de'
    23:44:16.780 | 621 artemis-task-1   | DEBUG | d.t.c.a.a.c.s.n.MailSendingService   : Send email[multipart 'false' and html 'true'] to 'User{login='tutorialgroupnotifservicestudent1', firstName='tutorialgroupnotifservicestudent1First', lastName='tutorialgroupnotifservicestudent1Last', email='tutorialgroupnotifservicestudent1@test.de', imageUrl='null', activated='true', langKey='en', activationKey='null'}' with subject 'Tutorial Group updated'
    23:44:16.781 | 621 artemis-task-1   | INFO  | d.t.c.a.a.c.s.n.MailSendingService   : Sent email with subject 'Tutorial Group updated' to User 'User{login='tutorialgroupnotifservicestudent1', firstName='tutorialgroupnotifservicestudent1First', lastName='tutorialgroupnotifservicestudent1Last', email='tutorialgroupnotifservicestudent1@test.de', imageUrl='null', activated='true', langKey='en', activationKey='null'}'
    23:44:16.781 | 621 artemis-task-1   | DEBUG | d.t.c.a.a.c.s.n.MailSendingService   : Send email[multipart 'false' and html 'true'] to 'User{login='tutorialgroupnotifservicestudent2', firstName='tutorialgroupnotifservicestudent2First', lastName='tutorialgroupnotifservicestudent2Last', email='tutorialgroupnotifservicestudent2@test.de', imageUrl='null', activated='true', langKey='en', activationKey='null'}' with subject 'Tutorial Group updated'
    23:44:16.781 | 621 artemis-task-1   | INFO  | d.t.c.a.a.c.s.n.MailSendingService   : Sent email with subject 'Tutorial Group updated' to User 'User{login='tutorialgroupnotifservicestudent2', firstName='tutorialgroupnotifservicestudent2First', lastName='tutorialgroupnotifservicestudent2Last', email='tutorialgroupnotifservicestudent2@test.de', imageUrl='null', activated='true', langKey='en', activationKey='null'}'
    23:44:16.781 | 621 artemis-task-1   | DEBUG | d.t.c.a.a.c.s.n.MailSendingService   : Send email[multipart 'false' and html 'true'] to 'User{login='tutorialgroupnotifservicestudent3', firstName='tutorialgroupnotifservicestudent3First', lastName='tutorialgroupnotifservicestudent3Last', email='tutorialgroupnotifservicestudent3@test.de', imageUrl='null', activated='true', langKey='en', activationKey='null'}' with subject 'Tutorial Group updated'
    23:44:16.781 | 621 artemis-task-1   | INFO  | d.t.c.a.a.c.s.n.MailSendingService   : Sent email with subject 'Tutorial Group updated' to User 'User{login='tutorialgroupnotifservicestudent3', firstName='tutorialgroupnotifservicestudent3First', lastName='tutorialgroupnotifservicestudent3Last', email='tutorialgroupnotifservicestudent3@test.de', imageUrl='null', activated='true', langKey='en', activationKey='null'}'
    23:44:16.781 | 621 artemis-task-1   | DEBUG | d.t.c.a.a.c.s.n.MailSendingService   : Send email[multipart 'false' and html 'true'] to 'User{login='tutorialgroupnotifservicestudent4', firstName='tutorialgroupnotifservicestudent4First', lastName='tutorialgroupnotifservicestudent4Last', email='tutorialgroupnotifservicestudent4@test.de', imageUrl='null', activated='true', langKey='en', activationKey='null'}' with subject 'Tutorial Group updated'
    23:44:16.782 | 621 artemis-task-1   | INFO  | d.t.c.a.a.c.s.n.MailSendingService   : Sent email with subject 'Tutorial Group updated' to User 'User{login='tutorialgroupnotifservicestudent4', firstName='tutorialgroupnotifservicestudent4First', lastName='tutorialgroupnotifservicestudent4Last', email='tutorialgroupnotifservicestudent4@test.de', imageUrl='null', activated='true', langKey='en', activationKey='null'}'
    23:44:16.782 | 621 artemis-task-1   | DEBUG | d.t.c.a.a.c.s.n.MailSendingService   : Send email[multipart 'false' and html 'true'] to 'User{login='tutorialgroupnotifservicestudent5', firstName='tutorialgroupnotifservicestudent5First', lastName='tutorialgroupnotifservicestudent5Last', email='tutorialgroupnotifservicestudent5@test.de', imageUrl='null', activated='true', langKey='en', activationKey='null'}' with subject 'Tutorial Group updated'
    23:44:16.782 | 621 artemis-task-1   | INFO  | d.t.c.a.a.c.s.n.MailSendingService   : Sent email with subject 'Tutorial Group updated' to User 'User{login='tutorialgroupnotifservicestudent5', firstName='tutorialgroupnotifservicestudent5First', lastName='tutorialgroupnotifservicestudent5Last', email='tutorialgroupnotifservicestudent5@test.de', imageUrl='null', activated='true', langKey='en', activationKey='null'}'

Finished logs for TutorialGroupNotificationServiceTest
]]></system-out>
  <system-err><![CDATA[]]></system-err>
</testsuite>
