<?xml version="1.0" encoding="UTF-8"?>
<testsuite name="de.tum.cit.aet.artemis.atlas.competency.CompetencyJolIntegrationTest$SetJudgementOfLearning" tests="5" skipped="0" failures="0" errors="0" timestamp="2025-02-14T23:43:00" hostname="fv-az1721-502" time="0.454">
  <properties/>
  <testcase name="shouldReturnBadRequestForInvalidValue()" classname="de.tum.cit.aet.artemis.atlas.competency.CompetencyJolIntegrationTest$SetJudgementOfLearning" time="0.062"/>
  <testcase name="shouldCreateJOL()" classname="de.tum.cit.aet.artemis.atlas.competency.CompetencyJolIntegrationTest$SetJudgementOfLearning" time="0.145"/>
  <testcase name="shouldReturnBadRequestForCompetencyNotInCourse()" classname="de.tum.cit.aet.artemis.atlas.competency.CompetencyJolIntegrationTest$SetJudgementOfLearning" time="0.045"/>
  <testcase name="shouldReturnForbiddenForStudentNotInCourse()" classname="de.tum.cit.aet.artemis.atlas.competency.CompetencyJolIntegrationTest$SetJudgementOfLearning" time="0.102"/>
  <testcase name="shouldUpdateJOL()" classname="de.tum.cit.aet.artemis.atlas.competency.CompetencyJolIntegrationTest$SetJudgementOfLearning" time="0.088"/>
  <system-out><![CDATA[
Starting logs for SetJudgementOfLearning

  Starting logs for SetJudgementOfLearning > shouldReturnBadRequestForInvalidValue()
    23:43:00.466 | 119 Pool-1-worker-34 | DEBUG | d.t.c.a.a.c.u.util.UserUtilService   : Generate 1 students...
    23:43:00.469 | 119 Pool-1-worker-34 | DEBUG | d.t.c.a.a.c.u.util.UserUtilService   : 1 students generated. Generate 0 tutors...
    23:43:00.471 | 119 Pool-1-worker-34 | DEBUG | d.t.c.a.a.c.u.util.UserUtilService   : 0 tutors generated. Generate 0 editors...
    23:43:00.472 | 119 Pool-1-worker-34 | DEBUG | d.t.c.a.a.c.u.util.UserUtilService   : 0 editors generated. Generate 0 instructors...
    23:43:00.473 | 119 Pool-1-worker-34 | DEBUG | d.t.c.a.a.c.u.util.UserUtilService   : 0 instructors generated
    23:43:00.474 | 119 Pool-1-worker-34 | DEBUG | d.t.c.a.a.c.u.util.UserUtilService   : Removing 2 users from all courses...
    23:43:00.475 | 119 Pool-1-worker-34 | DEBUG | d.t.c.a.a.c.u.util.UserUtilService   : Removing 2 users from all courses. Done
    23:43:00.475 | 119 Pool-1-worker-34 | DEBUG | d.t.c.a.a.c.u.util.UserUtilService   : Save 1 users to database...
    23:43:00.480 | 119 Pool-1-worker-34 | DEBUG | d.t.c.a.a.c.u.util.UserUtilService   : Save 1 users to database. Done
    23:43:00.496 | 119 Pool-1-worker-34 | INFO  | i.z.t.d.l.EmbeddedDatabaseReporter   : JDBC URL to connect to 'dataSource': url='jdbc:h2:tcp://localhost:41063/mem:df70fc46-7e57-4cb5-9cd0-c1d90c14afa7;USER=sa', scope='SetJudgementOfLearning#shouldReturnBadRequestForInvalidValue'
    23:43:00.502 | 119 Pool-1-worker-34 | DEBUG | d.t.c.a.a.c.s.f.ApiVersionFilter     : Adding Version to Request PUT /api/courses/589/course-competencies/101/jol/123
    23:43:00.507 | 119 Pool-1-worker-34 | DEBUG | t.c.a.a.a.w.CourseCompetencyResource : REST request to set judgement of learning for competency: 101
    23:43:00.510 | 119 Pool-1-worker-34 | ERROR | tech.jhipster.web.util.HeaderUtil    : Entity processing failed, Invalid judgement of learning value
    23:43:00.510 | 119 Pool-1-worker-34 | WARN  | o.z.p.spring.common.AdviceTraits     : Bad Request: Invalid judgement of learning value

  Starting logs for SetJudgementOfLearning > shouldCreateJOL()
    23:43:00.584 | 119 Pool-1-worker-34 | DEBUG | d.t.c.a.a.c.u.util.UserUtilService   : Generate 1 students...
    23:43:00.588 | 119 Pool-1-worker-34 | DEBUG | d.t.c.a.a.c.u.util.UserUtilService   : 1 students generated. Generate 0 tutors...
    23:43:00.590 | 119 Pool-1-worker-34 | DEBUG | d.t.c.a.a.c.u.util.UserUtilService   : 0 tutors generated. Generate 0 editors...
    23:43:00.594 | 119 Pool-1-worker-34 | DEBUG | d.t.c.a.a.c.u.util.UserUtilService   : 0 editors generated. Generate 0 instructors...
    23:43:00.595 | 119 Pool-1-worker-34 | DEBUG | d.t.c.a.a.c.u.util.UserUtilService   : 0 instructors generated
    23:43:00.599 | 119 Pool-1-worker-34 | DEBUG | d.t.c.a.a.c.u.util.UserUtilService   : Removing 2 users from all courses...
    23:43:00.599 | 119 Pool-1-worker-34 | DEBUG | d.t.c.a.a.c.u.util.UserUtilService   : Removing 2 users from all courses. Done
    23:43:00.599 | 119 Pool-1-worker-34 | DEBUG | d.t.c.a.a.c.u.util.UserUtilService   : Save 1 users to database...
    23:43:00.604 | 119 Pool-1-worker-34 | DEBUG | d.t.c.a.a.c.u.util.UserUtilService   : Save 1 users to database. Done
    23:43:00.616 | 119 Pool-1-worker-34 | INFO  | i.z.t.d.l.EmbeddedDatabaseReporter   : JDBC URL to connect to 'dataSource': url='jdbc:h2:tcp://localhost:41063/mem:df70fc46-7e57-4cb5-9cd0-c1d90c14afa7;USER=sa', scope='SetJudgementOfLearning#shouldCreateJOL'
    23:43:00.622 | 119 Pool-1-worker-34 | DEBUG | d.t.c.a.a.c.s.f.ApiVersionFilter     : Adding Version to Request PUT /api/courses/590/course-competencies/105/jol/3
    23:43:00.627 | 119 Pool-1-worker-34 | DEBUG | t.c.a.a.a.w.CourseCompetencyResource : REST request to set judgement of learning for competency: 105

  Starting logs for SetJudgementOfLearning > shouldReturnBadRequestForCompetencyNotInCourse()
    23:43:00.681 | 119 Pool-1-worker-34 | DEBUG | d.t.c.a.a.c.u.util.UserUtilService   : Generate 1 students...
    23:43:00.684 | 119 Pool-1-worker-34 | DEBUG | d.t.c.a.a.c.u.util.UserUtilService   : 1 students generated. Generate 0 tutors...
    23:43:00.685 | 119 Pool-1-worker-34 | DEBUG | d.t.c.a.a.c.u.util.UserUtilService   : 0 tutors generated. Generate 0 editors...
    23:43:00.686 | 119 Pool-1-worker-34 | DEBUG | d.t.c.a.a.c.u.util.UserUtilService   : 0 editors generated. Generate 0 instructors...
    23:43:00.688 | 119 Pool-1-worker-34 | DEBUG | d.t.c.a.a.c.u.util.UserUtilService   : 0 instructors generated
    23:43:00.689 | 119 Pool-1-worker-34 | DEBUG | d.t.c.a.a.c.u.util.UserUtilService   : Removing 2 users from all courses...
    23:43:00.689 | 119 Pool-1-worker-34 | DEBUG | d.t.c.a.a.c.u.util.UserUtilService   : Removing 2 users from all courses. Done
    23:43:00.689 | 119 Pool-1-worker-34 | DEBUG | d.t.c.a.a.c.u.util.UserUtilService   : Save 1 users to database...
    23:43:00.693 | 119 Pool-1-worker-34 | DEBUG | d.t.c.a.a.c.u.util.UserUtilService   : Save 1 users to database. Done
    23:43:00.703 | 119 Pool-1-worker-34 | INFO  | i.z.t.d.l.EmbeddedDatabaseReporter   : JDBC URL to connect to 'dataSource': url='jdbc:h2:tcp://localhost:41063/mem:df70fc46-7e57-4cb5-9cd0-c1d90c14afa7;USER=sa', scope='SetJudgementOfLearning#shouldReturnBadRequestForCompetencyNotInCourse'
    23:43:00.704 | 119 Pool-1-worker-34 | DEBUG | d.t.c.a.a.c.s.f.ApiVersionFilter     : Adding Version to Request PUT /api/courses/591/course-competencies/112/jol/3
    23:43:00.706 | 119 Pool-1-worker-34 | DEBUG | t.c.a.a.a.w.CourseCompetencyResource : REST request to set judgement of learning for competency: 112
    23:43:00.708 | 119 Pool-1-worker-34 | ERROR | tech.jhipster.web.util.HeaderUtil    : Entity processing failed, The competency does not belong to the course
    23:43:00.708 | 119 Pool-1-worker-34 | WARN  | o.z.p.spring.common.AdviceTraits     : Bad Request: The competency does not belong to the course

  Starting logs for SetJudgementOfLearning > shouldReturnForbiddenForStudentNotInCourse()
    23:43:00.735 | 119 Pool-1-worker-34 | DEBUG | d.t.c.a.a.c.u.util.UserUtilService   : Generate 1 students...
    23:43:00.738 | 119 Pool-1-worker-34 | DEBUG | d.t.c.a.a.c.u.util.UserUtilService   : 1 students generated. Generate 0 tutors...
    23:43:00.740 | 119 Pool-1-worker-34 | DEBUG | d.t.c.a.a.c.u.util.UserUtilService   : 0 tutors generated. Generate 0 editors...
    23:43:00.741 | 119 Pool-1-worker-34 | DEBUG | d.t.c.a.a.c.u.util.UserUtilService   : 0 editors generated. Generate 0 instructors...
    23:43:00.748 | 119 Pool-1-worker-34 | DEBUG | d.t.c.a.a.c.u.util.UserUtilService   : 0 instructors generated
    23:43:00.750 | 119 Pool-1-worker-34 | DEBUG | d.t.c.a.a.c.u.util.UserUtilService   : Removing 2 users from all courses...
    23:43:00.751 | 119 Pool-1-worker-34 | DEBUG | d.t.c.a.a.c.u.util.UserUtilService   : Removing 2 users from all courses. Done
    23:43:00.751 | 119 Pool-1-worker-34 | DEBUG | d.t.c.a.a.c.u.util.UserUtilService   : Save 1 users to database...
    23:43:00.755 | 119 Pool-1-worker-34 | DEBUG | d.t.c.a.a.c.u.util.UserUtilService   : Save 1 users to database. Done
    23:43:00.781 | 119 Pool-1-worker-34 | INFO  | i.z.t.d.l.EmbeddedDatabaseReporter   : JDBC URL to connect to 'dataSource': url='jdbc:h2:tcp://localhost:41063/mem:df70fc46-7e57-4cb5-9cd0-c1d90c14afa7;USER=sa', scope='SetJudgementOfLearning#shouldReturnForbiddenForStudentNotInCourse'
    23:43:00.786 | 119 Pool-1-worker-34 | DEBUG | d.t.c.a.a.c.s.f.ApiVersionFilter     : Adding Version to Request PUT /api/courses/592/course-competencies/113/jol/3
    23:43:00.792 | 119 Pool-1-worker-34 | WARN  | o.z.p.spring.common.AdviceTraits     : Forbidden: You are not allowed to access the Course with id 592

  Starting logs for SetJudgementOfLearning > shouldUpdateJOL()
    23:43:00.844 | 119 Pool-1-worker-34 | DEBUG | d.t.c.a.a.c.u.util.UserUtilService   : Generate 1 students...
    23:43:00.847 | 119 Pool-1-worker-34 | DEBUG | d.t.c.a.a.c.u.util.UserUtilService   : 1 students generated. Generate 0 tutors...
    23:43:00.849 | 119 Pool-1-worker-34 | DEBUG | d.t.c.a.a.c.u.util.UserUtilService   : 0 tutors generated. Generate 0 editors...
    23:43:00.850 | 119 Pool-1-worker-34 | DEBUG | d.t.c.a.a.c.u.util.UserUtilService   : 0 editors generated. Generate 0 instructors...
    23:43:00.852 | 119 Pool-1-worker-34 | DEBUG | d.t.c.a.a.c.u.util.UserUtilService   : 0 instructors generated
    23:43:00.857 | 119 Pool-1-worker-34 | DEBUG | d.t.c.a.a.c.u.util.UserUtilService   : Removing 2 users from all courses...
    23:43:00.858 | 119 Pool-1-worker-34 | DEBUG | d.t.c.a.a.c.u.util.UserUtilService   : Removing 2 users from all courses. Done
    23:43:00.858 | 119 Pool-1-worker-34 | DEBUG | d.t.c.a.a.c.u.util.UserUtilService   : Save 1 users to database...
    23:43:00.869 | 119 Pool-1-worker-34 | DEBUG | d.t.c.a.a.c.u.util.UserUtilService   : Save 1 users to database. Done
    23:43:00.890 | 119 Pool-1-worker-34 | INFO  | i.z.t.d.l.EmbeddedDatabaseReporter   : JDBC URL to connect to 'dataSource': url='jdbc:h2:tcp://localhost:41063/mem:df70fc46-7e57-4cb5-9cd0-c1d90c14afa7;USER=sa', scope='SetJudgementOfLearning#shouldUpdateJOL'
    23:43:00.891 | 119 Pool-1-worker-34 | DEBUG | d.t.c.a.a.c.s.f.ApiVersionFilter     : Adding Version to Request PUT /api/courses/593/course-competencies/117/jol/3
    23:43:00.893 | 119 Pool-1-worker-34 | DEBUG | t.c.a.a.a.w.CourseCompetencyResource : REST request to set judgement of learning for competency: 117
    23:43:00.903 | 566 localvc.event-13 | DEBUG | a.a.b.s.SharedQueueProcessingService : CIBuildJobQueueItem added to queue: BuildJobQueueItem[id=4771739576580898, name=SHORT51E611E30D6B60466F0B8BA0AA97F58888C2TSTEXC-LOCALCIINTSTUDENT1, buildAgent=BuildAgentDTO[name=null, memberAddress=null, displayName=null], participationId=477, courseId=152, exerciseId=303, retryCount=0, priority=2, status=null, repositoryInfo=RepositoryInfo[repositoryName=short51e611e30d6b60466f0b8ba0aa97f58888c2tstexc-localciintstudent1, repositoryType=user, triggeredByPushTo=user, assignmentRepositoryUri=http://localhost:49152/git/SHORT51E611E30D6B60466F0B8BA0AA97F58888C2TSTEXC/short51e611e30d6b60466f0b8ba0aa97f58888c2tstexc-localciintstudent1.git, testRepositoryUri=http://localhost:49152/git/SHORT51E611E30D6B60466F0B8BA0AA97F58888C2TSTEXC/short51e611e30d6b60466f0b8ba0aa97f58888c2tstexc-tests.git, solutionRepositoryUri=null, auxiliaryRepositoryUris=[Ljava.lang.String;@3f7c7780, auxiliaryRepositoryCheckoutDirectories=[Ljava.lang.String;@4af98ff9], jobTimingInfo=JobTimingInfo[submissionDate=2025-02-14T23:43:00.898532688Z[Etc/UTC], buildStartDate=null, buildCompletionDate=null, estimatedCompletionDate=null, estimatedDuration=19], buildConfig=BuildConfig[buildScript=#!/bin/bash
cd /var/tmp/testing-dir
chmod +x ./gradlew
./gradlew clean test
, dockerImage=dummy-docker-image:latest, commitHashToBuild=8f3057cbd462f5e3de4e6ba85115f60d8dbb5aea, assignmentCommitHash=8f3057cbd462f5e3de4e6ba85115f60d8dbb5aea, testCommitHash=8f3057cbd462f5e3de4e6ba85115f60d8dbb5aea, branch=main, programmingLanguage=JAVA, projectType=PLAIN_GRADLE, scaEnabled=true, sequentialTestRunsEnabled=false, resultPaths=[/var/tmp/testing-dir/**/test-results/test/*.xml], timeoutSeconds=0, assignmentCheckoutPath=null, testCheckoutPath=null, solutionCheckoutPath=null, dockerRunConfig=null], submissionResult=null]
    23:43:00.904 | 566 localvc.event-13 | DEBUG | a.a.b.s.SharedQueueProcessingService : Current queued items: 1
    23:43:00.904 | 566 localvc.event-13 | DEBUG | a.a.b.s.SharedQueueProcessingService : Currently processing jobs on this node: 0, active threads in Pool: 0, maximum pool size of thread executor : 1
    23:43:00.905 | 566 localvc.event-13 | DEBUG | a.a.b.s.SharedQueueProcessingService : Currently processing jobs on this node: 0, active threads in Pool: 0, maximum pool size of thread executor : 1

Finished logs for SetJudgementOfLearning
]]></system-out>
  <system-err><![CDATA[]]></system-err>
</testsuite>
