<?xml version="1.0" encoding="UTF-8"?>
<testsuite name="de.tum.cit.aet.artemis.exercise.service.TeamWebsocketServiceTest" tests="5" skipped="0" failures="0" errors="0" timestamp="2025-02-14T23:46:15" hostname="fv-az1721-502" time="1.224">
  <properties/>
  <testcase name="testSendTeamAssignmentUpdateOnTeamCreate()" classname="de.tum.cit.aet.artemis.exercise.service.TeamWebsocketServiceTest" time="0.106"/>
  <testcase name="testSendTeamAssignmentUpdateOnTeamDelete()" classname="de.tum.cit.aet.artemis.exercise.service.TeamWebsocketServiceTest" time="0.735"/>
  <testcase name="testSendTeamAssignmentUpdateOnTeamImport()" classname="de.tum.cit.aet.artemis.exercise.service.TeamWebsocketServiceTest" time="0.219"/>
  <testcase name="testSendTeamAssignmentUpdateOnAddStudentToTeam()" classname="de.tum.cit.aet.artemis.exercise.service.TeamWebsocketServiceTest" time="0.09"/>
  <testcase name="testSendTeamAssignmentUpdateOnRemoveStudentFromTeam()" classname="de.tum.cit.aet.artemis.exercise.service.TeamWebsocketServiceTest" time="0.068"/>
  <system-out><![CDATA[, dockerImage=dummy-docker-image:latest, commitHashToBuild=d80b57877989b971e83ccdb4863c8a7023c76266, assignmentCommitHash=d80b57877989b971e83ccdb4863c8a7023c76266, testCommitHash=327b116890c92b1312314341f43f21ef13ecf7d7, branch=main, programmingLanguage=JAVA, projectType=PLAIN_GRADLE, scaEnabled=false, sequentialTestRunsEnabled=false, resultPaths=[/var/tmp/testing-dir/**/test-results/test/*.xml], timeoutSeconds=0, assignmentCheckoutPath=null, testCheckoutPath=null, solutionCheckoutPath=null, dockerRunConfig=null], submissionResult=ResultDTO[id=634, completionDate=2025-02-14T23:45:41.120192603Z[Etc/UTC], successful=false, score=7.7, rated=false, submission=SubmissionDTO[id=828, submitted=true, type=MANUAL, exampleSubmission=null, submissionDate=2025-02-14T23:45:40.008666Z, commitHash=d80b57877989b971e83ccdb4863c8a7023c76266, buildFailed=false, buildArtifact=false, participation=ParticipationDTO[id=2017, testRun=true, type=programming, submissionCount=null, exercise=ParticipationExerciseDTO[id=2605, exerciseType=PROGRAMMING, type=programming, assessmentType=AUTOMATIC, dueDate=2025-02-16T23:45:39.523500Z, assessmentDueDate=null, maxPoints=42.0, course=CourseDTO[id=988, accuracyOfScores=1]]], submissionExerciseType=programming, isProcessing=false, buildStartDate=null, estimatedCompletionDate=null], participation=ParticipationDTO[id=2017, testRun=true, type=programming, submissionCount=null, exercise=ParticipationExerciseDTO[id=2605, exerciseType=PROGRAMMING, type=programming, assessmentType=AUTOMATIC, dueDate=2025-02-16T23:45:39.523500Z, assessmentDueDate=null, maxPoints=42.0, course=CourseDTO[id=988, accuracyOfScores=1]]], feedbacks=[FeedbackDTO[id=946, text=null, detailText=The exercise expects a class with the name Context in the package testpackage. You did not implement the class in the exercise., hasLongFeedbackText=false, reference=null, credits=0.0, positive=false, type=AUTOMATIC, visibility=ALWAYS, testCase=TestCaseDTO[testName=null, id=1409]], FeedbackDTO[id=947, text=null, detailText=The exercise expects a class with the name Policy in the package testpackage. You did not implement the class in the exercise., hasLongFeedbackText=false, reference=null, credits=0.0, positive=false, type=AUTOMATIC, visibility=ALWAYS, testCase=TestCaseDTO[testName=null, id=1410]], FeedbackDTO[id=948, text=null, detailText=The exercise expects a class with the name SortStrategy in the package testpackage. You did not implement the class in the exercise., hasLongFeedbackText=false, reference=null, credits=0.0, positive=false, type=AUTOMATIC, visibility=ALWAYS, testCase=TestCaseDTO[testName=null, id=1411]], FeedbackDTO[id=949, text=null, detailText=The class 'MergeSort' does not implement the interface 'SortStrategy' as expected. Implement the interface and its methods., hasLongFeedbackText=false, reference=null, credits=0.0, positive=false, type=AUTOMATIC, visibility=ALWAYS, testCase=TestCaseDTO[testName=null, id=1406]], FeedbackDTO[id=950, text=null, detailText=The exercise expects a class with the name SortStrategy in the package testpackage. You did not implement the class in the exercise., hasLongFeedbackText=false, reference=null, credits=0.0, positive=false, type=AUTOMATIC, visibility=ALWAYS, testCase=TestCaseDTO[testName=null, id=1403]], FeedbackDTO[id=951, text=null, detailText=The class 'BubbleSort' does not implement the interface 'SortStrategy' as expected. Implement the interface and its methods., hasLongFeedbackText=false, reference=null, credits=0.0, positive=false, type=AUTOMATIC, visibility=ALWAYS, testCase=TestCaseDTO[testName=null, id=1407]], FeedbackDTO[id=952, text=null, detailText=MergeSort does not sort correctly, hasLongFeedbackText=false, reference=null, credits=0.0, positive=false, type=AUTOMATIC, visibility=ALWAYS, testCase=TestCaseDTO[testName=null, id=1412]], FeedbackDTO[id=953, text=null, detailText=The class 'Context' was not found within the submission. Make sure to implement it properly., hasLongFeedbackText=false, reference=null, credits=0.0, positive=false, type=AUTOMATIC, visibility=ALWAYS, testCase=TestCaseDTO[testName=null, id=1413]], FeedbackDTO[id=954, text=null, detailText=The class 'Context' was not found within the submission. Make sure to implement it properly., hasLongFeedbackText=false, reference=null, credits=0.0, positive=false, type=AUTOMATIC, visibility=ALWAYS, testCase=TestCaseDTO[testName=null, id=1414]], FeedbackDTO[id=955, text=null, detailText=The exercise expects a class with the name Policy in the package testpackage. You did not implement the class in the exercise., hasLongFeedbackText=false, reference=null, credits=0.0, positive=false, type=AUTOMATIC, visibility=ALWAYS, testCase=TestCaseDTO[testName=null, id=1408]], FeedbackDTO[id=956, text=null, detailText=The exercise expects a class with the name Context in the package testpackage. You did not implement the class in the exercise., hasLongFeedbackText=false, reference=null, credits=0.0, positive=false, type=AUTOMATIC, visibility=ALWAYS, testCase=TestCaseDTO[testName=null, id=1404]], FeedbackDTO[id=957, text=null, detailText=The exercise expects a class with the name Policy in the package testpackage. You did not implement the class in the exercise., hasLongFeedbackText=false, reference=null, credits=0.0, positive=false, type=AUTOMATIC, visibility=ALWAYS, testCase=TestCaseDTO[testName=null, id=1405]], FeedbackDTO[id=958, text=null, detailText=null, hasLongFeedbackText=false, reference=null, credits=3.230769230769231, positive=true, type=AUTOMATIC, visibility=ALWAYS, testCase=TestCaseDTO[testName=null, id=1415]]], assessmentType=AUTOMATIC, hasComplaint=null, exampleResult=null, testCaseCount=13, passedTestCaseCount=1, codeIssueCount=0]], BuildJobQueueItem[id=20261739576743984, name=SHORT53C73BE505404043100AC2F00C039353CE8FTSTEXC-LOCALVCCIINTSTUDENT1, buildAgent=BuildAgentDTO[name=artemis-build-agent-test, memberAddress=[127.0.0.1]:5703, displayName=artemis-build-agent-test], participationId=2026, courseId=991, exerciseId=2608, retryCount=0, priority=1, status=SUCCESSFUL, repositoryInfo=RepositoryInfo[repositoryName=short53c73be505404043100ac2f00c039353ce8ftstexc-localvcciintstudent1, repositoryType=user, triggeredByPushTo=user, assignmentRepositoryUri=http://localhost:49152/git/SHORT53C73BE505404043100AC2F00C039353CE8FTSTEXC/short53c73be505404043100ac2f00c039353ce8ftstexc-localvcciintstudent1.git, testRepositoryUri=http://localhost:49152/git/SHORT53C73BE505404043100AC2F00C039353CE8FTSTEXC/short53c73be505404043100ac2f00c039353ce8ftstexc-tests.git, solutionRepositoryUri=null, auxiliaryRepositoryUris=[Ljava.lang.String;@45df03ef, auxiliaryRepositoryCheckoutDirectories=[Ljava.lang.String;@446a2e05], jobTimingInfo=JobTimingInfo[submissionDate=2025-02-14T23:45:43.984518859Z[Etc/UTC], buildStartDate=2025-02-14T23:45:43.991385682Z[Etc/UTC], buildCompletionDate=2025-02-14T23:45:44.982059928Z[Etc/UTC], estimatedCompletionDate=2025-02-14T23:46:02.991380122Z[Etc/UTC], estimatedDuration=19], buildConfig=BuildConfig[buildScript=#!/bin/bash
cd /var/tmp/testing-dir
chmod +x ./gradlew
./gradlew clean test
, dockerImage=dummy-docker-image:latest, commitHashToBuild=3e90ae9fef2e44ffb41451a080bdaa6a44ad6848, assignmentCommitHash=3e90ae9fef2e44ffb41451a080bdaa6a44ad6848, testCommitHash=0582754c87aae13e640312855ce7dbe490ecb50c, branch=main, programmingLanguage=JAVA, projectType=PLAIN_GRADLE, scaEnabled=false, sequentialTestRunsEnabled=false, resultPaths=[/var/tmp/testing-dir/**/test-results/test/*.xml], timeoutSeconds=0, assignmentCheckoutPath=null, testCheckoutPath=null, solutionCheckoutPath=null, dockerRunConfig=null], submissionResult=ResultDTO[id=635, completionDate=2025-02-14T23:45:44.961313737Z[Etc/UTC], successful=false, score=7.7, rated=true, submission=SubmissionDTO[id=829, submitted=true, type=MANUAL, exampleSubmission=null, submissionDate=2025-02-14T23:45:43.967766Z, commitHash=3e90ae9fef2e44ffb41451a080bdaa6a44ad6848, buildFailed=false, buildArtifact=false, participation=ParticipationDTO[id=2026, testRun=false, type=programming, submissionCount=null, exercise=ParticipationExerciseDTO[id=2608, exerciseType=PROGRAMMING, type=programming, assessmentType=AUTOMATIC, dueDate=2025-02-16T23:45:43.597978Z, assessmentDueDate=null, maxPoints=42.0, course=CourseDTO[id=991, accuracyOfScores=1]]], submissionExerciseType=programming, isProcessing=false, buildStartDate=null, estimatedCompletionDate=null], participation=ParticipationDTO[id=2026, testRun=false, type=programming, submissionCount=null, exercise=ParticipationExerciseDTO[id=2608, exerciseType=PROGRAMMING, type=programming, assessmentType=AUTOMATIC, dueDate=2025-02-16T23:45:43.597978Z, assessmentDueDate=null, maxPoints=42.0, course=CourseDTO[id=991, accuracyOfScores=1]]], feedbacks=[FeedbackDTO[id=959, text=null, detailText=The exercise expects a class with the name Context in the package testpackage. You did not implement the class in the exercise., hasLongFeedbackText=false, reference=null, credits=0.0, positive=false, type=AUTOMATIC, visibility=ALWAYS, testCase=TestCaseDTO[testName=null, id=1448]], FeedbackDTO[id=960, text=null, detailText=The exercise expects a class with the name Policy in the package testpackage. You did not implement the class in the exercise., hasLongFeedbackText=false, reference=null, credits=0.0, positive=false, type=AUTOMATIC, visibility=ALWAYS, testCase=TestCaseDTO[testName=null, id=1449]], FeedbackDTO[id=961, text=null, detailText=The exercise expects a class with the name SortStrategy in the package testpackage. You did not implement the class in the exercise., hasLongFeedbackText=false, reference=null, credits=0.0, positive=false, type=AUTOMATIC, visibility=ALWAYS, testCase=TestCaseDTO[testName=null, id=1450]], FeedbackDTO[id=962, text=null, detailText=The class 'MergeSort' does not implement the interface 'SortStrategy' as expected. Implement the interface and its methods., hasLongFeedbackText=false, reference=null, credits=0.0, positive=false, type=AUTOMATIC, visibility=ALWAYS, testCase=TestCaseDTO[testName=null, id=1445]], FeedbackDTO[id=963, text=null, detailText=The exercise expects a class with the name SortStrategy in the package testpackage. You did not implement the class in the exercise., hasLongFeedbackText=false, reference=null, credits=0.0, positive=false, type=AUTOMATIC, visibility=ALWAYS, testCase=TestCaseDTO[testName=null, id=1442]], FeedbackDTO[id=964, text=null, detailText=The class 'BubbleSort' does not implement the interface 'SortStrategy' as expected. Implement the interface and its methods., hasLongFeedbackText=false, reference=null, credits=0.0, positive=false, type=AUTOMATIC, visibility=ALWAYS, testCase=TestCaseDTO[testName=null, id=1446]], FeedbackDTO[id=965, text=null, detailText=MergeSort does not sort correctly, hasLongFeedbackText=false, reference=null, credits=0.0, positive=false, type=AUTOMATIC, visibility=ALWAYS, testCase=TestCaseDTO[testName=null, id=1451]], FeedbackDTO[id=966, text=null, detailText=The class 'Context' was not found within the submission. Make sure to implement it properly., hasLongFeedbackText=false, reference=null, credits=0.0, positive=false, type=AUTOMATIC, visibility=ALWAYS, testCase=TestCaseDTO[testName=null, id=1452]], FeedbackDTO[id=967, text=null, detailText=The class 'Context' was not found within the submission. Make sure to implement it properly., hasLongFeedbackText=false, reference=null, credits=0.0, positive=false, type=AUTOMATIC, visibility=ALWAYS, testCase=TestCaseDTO[testName=null, id=1453]], FeedbackDTO[id=968, text=null, detailText=The exercise expects a class with the name Policy in the package testpackage. You did not implement the class in the exercise., hasLongFeedbackText=false, reference=null, credits=0.0, positive=false, type=AUTOMATIC, visibility=ALWAYS, testCase=TestCaseDTO[testName=null, id=1447]], FeedbackDTO[id=969, text=null, detailText=The exercise expects a class with the name Context in the package testpackage. You did not implement the class in the exercise., hasLongFeedbackText=false, reference=null, credits=0.0, positive=false, type=AUTOMATIC, visibility=ALWAYS, testCase=TestCaseDTO[testName=null, id=1443]], FeedbackDTO[id=970, text=null, detailText=The exercise expects a class with the name Policy in the package testpackage. You did not implement the class in the exercise., hasLongFeedbackText=false, reference=null, credits=0.0, positive=false, type=AUTOMATIC, visibility=ALWAYS, testCase=TestCaseDTO[testName=null, id=1444]], FeedbackDTO[id=971, text=null, detailText=null, hasLongFeedbackText=false, reference=null, credits=3.230769230769231, positive=true, type=AUTOMATIC, visibility=ALWAYS, testCase=TestCaseDTO[testName=null, id=1454]]], assessmentType=AUTOMATIC, hasComplaint=null, exampleResult=null, testCaseCount=13, passedTestCaseCount=1, codeIssueCount=0]], BuildJobQueueItem[id=20271739576746886, name=SHORT0FC863930E92904248098A506171F81CF6CFTSTEXC-SOLUTION, buildAgent=BuildAgentDTO[name=artemis-build-agent-test, memberAddress=[127.0.0.1]:5703, displayName=artemis-build-agent-test], participationId=2027, courseId=992, exerciseId=2609, retryCount=0, priority=2, status=SUCCESSFUL, repositoryInfo=RepositoryInfo[repositoryName=short0fc863930e92904248098a506171f81cf6cftstexc-solution, repositoryType=solution, triggeredByPushTo=auxiliary, assignmentRepositoryUri=http://localhost:49152/git/SHORT0FC863930E92904248098A506171F81CF6CFTSTEXC/short0fc863930e92904248098a506171f81cf6cftstexc-solution.git, testRepositoryUri=http://localhost:49152/git/SHORT0FC863930E92904248098A506171F81CF6CFTSTEXC/short0fc863930e92904248098a506171f81cf6cftstexc-tests.git, solutionRepositoryUri=null, auxiliaryRepositoryUris=[Ljava.lang.String;@56b1a1af, auxiliaryRepositoryCheckoutDirectories=[Ljava.lang.String;@1e9c94b9], jobTimingInfo=JobTimingInfo[submissionDate=2025-02-14T23:45:46.886984066Z[Etc/UTC], buildStartDate=2025-02-14T23:45:46.897709578Z[Etc/UTC], buildCompletionDate=2025-02-14T23:45:48.628460156Z[Etc/UTC], estimatedCompletionDate=2025-02-14T23:46:05.897701272Z[Etc/UTC], estimatedDuration=19], buildConfig=BuildConfig[buildScript=#!/bin/bash
cd /var/tmp/testing-dir
chmod +x ./gradlew
./gradlew clean test
, dockerImage=dummy-docker-image:latest, commitHashToBuild=null, assignmentCommitHash=115a2e943bee242fdad360b50d8ad5f30792577e, testCommitHash=9b3a9bd71a0d80e5bbc42204c319ed3d1d4f0d6d, branch=main, programmingLanguage=JAVA, projectType=PLAIN_GRADLE, scaEnabled=false, sequentialTestRunsEnabled=false, resultPaths=[/var/tmp/testing-dir/**/test-results/test/*.xml], timeoutSeconds=0, assignmentCheckoutPath=null, testCheckoutPath=null, solutionCheckoutPath=null, dockerRunConfig=null], submissionResult=ResultDTO[id=636, completionDate=2025-02-14T23:45:48.593370968Z[Etc/UTC], successful=true, score=100.0, rated=true, submission=SubmissionDTO[id=830, submitted=true, type=TEST, exampleSubmission=null, submissionDate=2025-02-14T23:45:46.873671Z, commitHash=9b3a9bd71a0d80e5bbc42204c319ed3d1d4f0d6d, buildFailed=false, buildArtifact=false, participation=ParticipationDTO[id=2027, testRun=false, type=solution, submissionCount=null, exercise=ParticipationExerciseDTO[id=2609, exerciseType=PROGRAMMING, type=programming, assessmentType=AUTOMATIC, dueDate=2025-02-16T23:45:46.386304Z, assessmentDueDate=null, maxPoints=42.0, course=CourseDTO[id=992, accuracyOfScores=1]]], submissionExerciseType=programming, isProcessing=false, buildStartDate=null, estimatedCompletionDate=null], participation=ParticipationDTO[id=2027, testRun=false, type=solution, submissionCount=null, exercise=ParticipationExerciseDTO[id=2609, exerciseType=PROGRAMMING, type=programming, assessmentType=AUTOMATIC, dueDate=2025-02-16T23:45:46.386304Z, assessmentDueDate=null, maxPoints=42.0, course=CourseDTO[id=992, accuracyOfScores=1]]], feedbacks=[FeedbackDTO[id=972, text=null, detailText=null, hasLongFeedbackText=false, reference=null, credits=3.230769230769231, positive=true, type=AUTOMATIC, visibility=ALWAYS, testCase=TestCaseDTO[testName=testMethods[Context], id=1461]], FeedbackDTO[id=973, text=null, detailText=null, hasLongFeedbackText=false, reference=null, credits=3.230769230769231, positive=true, type=AUTOMATIC, visibility=ALWAYS, testCase=TestCaseDTO[testName=testMethods[Policy], id=1462]], FeedbackDTO[id=974, text=null, detailText=null, hasLongFeedbackText=false, reference=null, credits=3.230769230769231, positive=true, type=AUTOMATIC, visibility=ALWAYS, testCase=TestCaseDTO[testName=testMethods[SortStrategy], id=1463]], FeedbackDTO[id=975, text=null, detailText=null, hasLongFeedbackText=false, reference=null, credits=3.230769230769231, positive=true, type=AUTOMATIC, visibility=ALWAYS, testCase=TestCaseDTO[testName=testClass[MergeSort], id=1458]], FeedbackDTO[id=976, text=null, detailText=null, hasLongFeedbackText=false, reference=null, credits=3.230769230769231, positive=true, type=AUTOMATIC, visibility=ALWAYS, testCase=TestCaseDTO[testName=testClass[SortStrategy], id=1455]], FeedbackDTO[id=977, text=null, detailText=null, hasLongFeedbackText=false, reference=null, credits=3.230769230769231, positive=true, type=AUTOMATIC, visibility=ALWAYS, testCase=TestCaseDTO[testName=testClass[BubbleSort], id=1459]], FeedbackDTO[id=978, text=null, detailText=null, hasLongFeedbackText=false, reference=null, credits=3.230769230769231, positive=true, type=AUTOMATIC, visibility=ALWAYS, testCase=TestCaseDTO[testName=testMergeSort(), id=1464]], FeedbackDTO[id=979, text=null, detailText=null, hasLongFeedbackText=false, reference=null, credits=3.230769230769231, positive=true, type=AUTOMATIC, visibility=ALWAYS, testCase=TestCaseDTO[testName=testUseBubbleSortForSmallList(), id=1465]], FeedbackDTO[id=980, text=null, detailText=null, hasLongFeedbackText=false, reference=null, credits=3.230769230769231, positive=true, type=AUTOMATIC, visibility=ALWAYS, testCase=TestCaseDTO[testName=testBubbleSort(), id=1467]], FeedbackDTO[id=981, text=null, detailText=null, hasLongFeedbackText=false, reference=null, credits=3.230769230769231, positive=true, type=AUTOMATIC, visibility=ALWAYS, testCase=TestCaseDTO[testName=testUseMergeSortForBigList(), id=1466]], FeedbackDTO[id=982, text=null, detailText=null, hasLongFeedbackText=false, reference=null, credits=3.230769230769231, positive=true, type=AUTOMATIC, visibility=ALWAYS, testCase=TestCaseDTO[testName=testConstructors[Policy], id=1460]], FeedbackDTO[id=983, text=null, detailText=null, hasLongFeedbackText=false, reference=null, credits=3.230769230769231, positive=true, type=AUTOMATIC, visibility=ALWAYS, testCase=TestCaseDTO[testName=testAttributes[Context], id=1456]], FeedbackDTO[id=984, text=null, detailText=null, hasLongFeedbackText=false, reference=null, credits=3.230769230769231, positive=true, type=AUTOMATIC, visibility=ALWAYS, testCase=TestCaseDTO[testName=testAttributes[Policy], id=1457]]], assessmentType=AUTOMATIC, hasComplaint=null, exampleResult=null, testCaseCount=13, passedTestCaseCount=13, codeIssueCount=0]], BuildJobQueueItem[id=20281739576748768, name=SHORT0FC863930E92904248098A506171F81CF6CFTSTEXC-BASE, buildAgent=BuildAgentDTO[name=artemis-build-agent-test, memberAddress=[127.0.0.1]:5703, displayName=artemis-build-agent-test], participationId=2028, courseId=992, exerciseId=2609, retryCount=0, priority=2, status=SUCCESSFUL, repositoryInfo=RepositoryInfo[repositoryName=short0fc863930e92904248098a506171f81cf6cftstexc-exercise, repositoryType=exercise, triggeredByPushTo=auxiliary, assignmentRepositoryUri=http://localhost:49152/git/SHORT0FC863930E92904248098A506171F81CF6CFTSTEXC/short0fc863930e92904248098a506171f81cf6cftstexc-exercise.git, testRepositoryUri=http://localhost:49152/git/SHORT0FC863930E92904248098A506171F81CF6CFTSTEXC/short0fc863930e92904248098a506171f81cf6cftstexc-tests.git, solutionRepositoryUri=null, auxiliaryRepositoryUris=[Ljava.lang.String;@23613cfe, auxiliaryRepositoryCheckoutDirectories=[Ljava.lang.String;@36ee3491], jobTimingInfo=JobTimingInfo[submissionDate=2025-02-14T23:45:48.768063548Z[Etc/UTC], buildStartDate=2025-02-14T23:45:48.802531989Z[Etc/UTC], buildCompletionDate=2025-02-14T23:45:50.482681367Z[Etc/UTC], estimatedCompletionDate=2025-02-14T23:45:50.802523092Z[Etc/UTC], estimatedDuration=2], buildConfig=BuildConfig[buildScript=#!/bin/bash
cd /var/tmp/testing-dir
chmod +x ./gradlew
./gradlew clean test
, dockerImage=dummy-docker-image:latest, commitHashToBuild=9b3a9bd71a0d80e5bbc42204c319ed3d1d4f0d6d, assignmentCommitHash=115a2e943bee242fdad360b50d8ad5f30792577e, testCommitHash=9b3a9bd71a0d80e5bbc42204c319ed3d1d4f0d6d, branch=main, programmingLanguage=JAVA, projectType=PLAIN_GRADLE, scaEnabled=false, sequentialTestRunsEnabled=false, resultPaths=[/var/tmp/testing-dir/**/test-results/test/*.xml], timeoutSeconds=0, assignmentCheckoutPath=null, testCheckoutPath=null, solutionCheckoutPath=null, dockerRunConfig=null], submissionResult=ResultDTO[id=637, completionDate=2025-02-14T23:45:50.449084694Z[Etc/UTC], successful=false, score=0.0, rated=true, submission=SubmissionDTO[id=831, submitted=true, type=TEST, exampleSubmission=null, submissionDate=2025-02-14T23:45:48.761177Z, commitHash=9b3a9bd71a0d80e5bbc42204c319ed3d1d4f0d6d, buildFailed=false, buildArtifact=false, participation=ParticipationDTO[id=2028, testRun=false, type=template, submissionCount=null, exercise=ParticipationExerciseDTO[id=2609, exerciseType=PROGRAMMING, type=programming, assessmentType=AUTOMATIC, dueDate=2025-02-16T23:45:46.386304Z, assessmentDueDate=null, maxPoints=42.0, course=CourseDTO[id=992, accuracyOfScores=1]]], submissionExerciseType=programming, isProcessing=false, buildStartDate=null, estimatedCompletionDate=null], participation=ParticipationDTO[id=2028, testRun=false, type=template, submissionCount=null, exercise=ParticipationExerciseDTO[id=2609, exerciseType=PROGRAMMING, type=programming, assessmentType=AUTOMATIC, dueDate=2025-02-16T23:45:46.386304Z, assessmentDueDate=null, maxPoints=42.0, course=CourseDTO[id=992, accuracyOfScores=1]]], feedbacks=[FeedbackDTO[id=985, text=null, detailText=The exercise expects a class with the name Context in the package testpackage. You did not implement the class in the exercise., hasLongFeedbackText=false, reference=null, credits=0.0, positive=false, type=AUTOMATIC, visibility=ALWAYS, testCase=TestCaseDTO[testName=testMethods[Context], id=1461]], FeedbackDTO[id=986, text=null, detailText=The exercise expects a class with the name Policy in the package testpackage. You did not implement the class in the exercise., hasLongFeedbackText=false, reference=null, credits=0.0, positive=false, type=AUTOMATIC, visibility=ALWAYS, testCase=TestCaseDTO[testName=testMethods[Policy], id=1462]], FeedbackDTO[id=987, text=null, detailText=The exercise expects a class with the name SortStrategy in the package testpackage. You did not implement the class in the exercise., hasLongFeedbackText=false, reference=null, credits=0.0, positive=false, type=AUTOMATIC, visibility=ALWAYS, testCase=TestCaseDTO[testName=testMethods[SortStrategy], id=1463]], FeedbackDTO[id=988, text=null, detailText=The class 'MergeSort' does not implement the interface 'SortStrategy' as expected. Implement the interface and its methods., hasLongFeedbackText=false, reference=null, credits=0.0, positive=false, type=AUTOMATIC, visibility=ALWAYS, testCase=TestCaseDTO[testName=testClass[MergeSort], id=1458]], FeedbackDTO[id=989, text=null, detailText=The exercise expects a class with the name SortStrategy in the package testpackage. You did not implement the class in the exercise., hasLongFeedbackText=false, reference=null, credits=0.0, positive=false, type=AUTOMATIC, visibility=ALWAYS, testCase=TestCaseDTO[testName=testClass[SortStrategy], id=1455]], FeedbackDTO[id=990, text=null, detailText=The class 'BubbleSort' does not implement the interface 'SortStrategy' as expected. Implement the interface and its methods., hasLongFeedbackText=false, reference=null, credits=0.0, positive=false, type=AUTOMATIC, visibility=ALWAYS, testCase=TestCaseDTO[testName=testClass[BubbleSort], id=1459]], FeedbackDTO[id=991, text=null, detailText=MergeSort does not sort correctly, hasLongFeedbackText=false, reference=null, credits=0.0, positive=false, type=AUTOMATIC, visibility=ALWAYS, testCase=TestCaseDTO[testName=testMergeSort(), id=1464]], FeedbackDTO[id=992, text=null, detailText=The class 'Context' was not found within the submission. Make sure to implement it properly., hasLongFeedbackText=false, reference=null, credits=0.0, positive=false, type=AUTOMATIC, visibility=ALWAYS, testCase=TestCaseDTO[testName=testUseBubbleSortForSmallList(), id=1465]], FeedbackDTO[id=993, text=null, detailText=BubbleSort does not sort correctly, hasLongFeedbackText=false, reference=null, credits=0.0, positive=false, type=AUTOMATIC, visibility=ALWAYS, testCase=TestCaseDTO[testName=testBubbleSort(), id=1467]], FeedbackDTO[id=994, text=null, detailText=The class 'Context' was not found within the submission. Make sure to implement it properly., hasLongFeedbackText=false, reference=null, credits=0.0, positive=false, type=AUTOMATIC, visibility=ALWAYS, testCase=TestCaseDTO[testName=testUseMergeSortForBigList(), id=1466]], FeedbackDTO[id=995, text=null, detailText=The exercise expects a class with the name Policy in the package testpackage. You did not implement the class in the exercise., hasLongFeedbackText=false, reference=null, credits=0.0, positive=false, type=AUTOMATIC, visibility=ALWAYS, testCase=TestCaseDTO[testName=testConstructors[Policy], id=1460]], FeedbackDTO[id=996, text=null, detailText=The exercise expects a class with the name Context in the package testpackage. You did not implement the class in the exercise., hasLongFeedbackText=false, reference=null, credits=0.0, positive=false, type=AUTOMATIC, visibility=ALWAYS, testCase=TestCaseDTO[testName=testAttributes[Context], id=1456]], FeedbackDTO[id=997, text=null, detailText=The exercise expects a class with the name Policy in the package testpackage. You did not implement the class in the exercise., hasLongFeedbackText=false, reference=null, credits=0.0, positive=false, type=AUTOMATIC, visibility=ALWAYS, testCase=TestCaseDTO[testName=testAttributes[Policy], id=1457]]], assessmentType=AUTOMATIC, hasComplaint=null, exampleResult=null, testCaseCount=13, passedTestCaseCount=0, codeIssueCount=0]], BuildJobQueueItem[id=20291739576751299, name=SHORT716C2EC10B19B049C80A2F00B97EAB20B2A9TSTEXC-SOLUTION, buildAgent=BuildAgentDTO[name=artemis-build-agent-test, memberAddress=[127.0.0.1]:5703, displayName=artemis-build-agent-test], participationId=2029, courseId=993, exerciseId=2610, retryCount=0, priority=2, status=SUCCESSFUL, repositoryInfo=RepositoryInfo[repositoryName=short716c2ec10b19b049c80a2f00b97eab20b2a9tstexc-solution, repositoryType=solution, triggeredByPushTo=tests, assignmentRepositoryUri=http://localhost:49152/git/SHORT716C2EC10B19B049C80A2F00B97EAB20B2A9TSTEXC/short716c2ec10b19b049c80a2f00b97eab20b2a9tstexc-solution.git, testRepositoryUri=http://localhost:49152/git/SHORT716C2EC10B19B049C80A2F00B97EAB20B2A9TSTEXC/short716c2ec10b19b049c80a2f00b97eab20b2a9tstexc-tests.git, solutionRepositoryUri=null, auxiliaryRepositoryUris=[Ljava.lang.String;@6d09573a, auxiliaryRepositoryCheckoutDirectories=[Ljava.lang.String;@174a3f7e], jobTimingInfo=JobTimingInfo[submissionDate=2025-02-14T23:45:51.299892174Z[Etc/UTC], buildStartDate=2025-02-14T23:45:51.314028505Z[Etc/UTC], buildCompletionDate=2025-02-14T23:45:52.158312850Z[Etc/UTC], estimatedCompletionDate=2025-02-14T23:46:10.314021752Z[Etc/UTC], estimatedDuration=19], buildConfig=BuildConfig[buildScript=#!/bin/bash
cd /var/tmp/testing-dir
chmod +x ./gradlew
./gradlew clean test
, dockerImage=dummy-docker-image:latest, commitHashToBuild=1e531733ed6e9237f710b528d1eb0b7beac565fd, assignmentCommitHash=815e279f12ad296b4f24c44134a07293c04c010f, testCommitHash=1e531733ed6e9237f710b528d1eb0b7beac565fd, branch=main, programmingLanguage=JAVA, projectType=PLAIN_GRADLE, scaEnabled=false, sequentialTestRunsEnabled=false, resultPaths=[/var/tmp/testing-dir/**/test-results/test/*.xml], timeoutSeconds=0, assignmentCheckoutPath=null, testCheckoutPath=null, solutionCheckoutPath=null, dockerRunConfig=null], submissionResult=ResultDTO[id=638, completionDate=2025-02-14T23:45:52.146826070Z[Etc/UTC], successful=true, score=100.0, rated=true, submission=SubmissionDTO[id=832, submitted=true, type=TEST, exampleSubmission=null, submissionDate=2025-02-14T23:45:51.275713Z, commitHash=1e531733ed6e9237f710b528d1eb0b7beac565fd, buildFailed=false, buildArtifact=false, participation=ParticipationDTO[id=2029, testRun=false, type=solution, submissionCount=null, exercise=ParticipationExerciseDTO[id=2610, exerciseType=PROGRAMMING, type=programming, assessmentType=AUTOMATIC, dueDate=2025-02-16T23:45:50.869093Z, assessmentDueDate=null, maxPoints=42.0, course=CourseDTO[id=993, accuracyOfScores=1]]], submissionExerciseType=programming, isProcessing=false, buildStartDate=null, estimatedCompletionDate=null], participation=ParticipationDTO[id=2029, testRun=false, type=solution, submissionCount=null, exercise=ParticipationExerciseDTO[id=2610, exerciseType=PROGRAMMING, type=programming, assessmentType=AUTOMATIC, dueDate=2025-02-16T23:45:50.869093Z, assessmentDueDate=null, maxPoints=42.0, course=CourseDTO[id=993, accuracyOfScores=1]]], feedbacks=[FeedbackDTO[id=998, text=null, detailText=null, hasLongFeedbackText=false, reference=null, credits=3.230769230769231, positive=true, type=AUTOMATIC, visibility=ALWAYS, testCase=TestCaseDTO[testName=testMethods[Context], id=1474]], FeedbackDTO[id=999, text=null, detailText=null, hasLongFeedbackText=false, reference=null, credits=3.230769230769231, positive=true, type=AUTOMATIC, visibility=ALWAYS, testCase=TestCaseDTO[testName=testMethods[Policy], id=1475]], FeedbackDTO[id=1000, text=null, detailText=null, hasLongFeedbackText=false, reference=null, credits=3.230769230769231, positive=true, type=AUTOMATIC, visibility=ALWAYS, testCase=TestCaseDTO[testName=testMethods[SortStrategy], id=1476]], FeedbackDTO[id=1001, text=null, detailText=null, hasLongFeedbackText=false, reference=null, credits=3.230769230769231, positive=true, type=AUTOMATIC, visibility=ALWAYS, testCase=TestCaseDTO[testName=testClass[MergeSort], id=1471]], FeedbackDTO[id=1002, text=null, detailText=null, hasLongFeedbackText=false, reference=null, credits=3.230769230769231, positive=true, type=AUTOMATIC, visibility=ALWAYS, testCase=TestCaseDTO[testName=testClass[SortStrategy], id=1468]], FeedbackDTO[id=1003, text=null, detailText=null, hasLongFeedbackText=false, reference=null, credits=3.230769230769231, positive=true, type=AUTOMATIC, visibility=ALWAYS, testCase=TestCaseDTO[testName=testClass[BubbleSort], id=1472]], FeedbackDTO[id=1004, text=null, detailText=null, hasLongFeedbackText=false, reference=null, credits=3.230769230769231, positive=true, type=AUTOMATIC, visibility=ALWAYS, testCase=TestCaseDTO[testName=testMergeSort(), id=1477]], FeedbackDTO[id=1005, text=null, detailText=null, hasLongFeedbackText=false, reference=null, credits=3.230769230769231, positive=true, type=AUTOMATIC, visibility=ALWAYS, testCase=TestCaseDTO[testName=testUseBubbleSortForSmallList(), id=1478]], FeedbackDTO[id=1006, text=null, detailText=null, hasLongFeedbackText=false, reference=null, credits=3.230769230769231, positive=true, type=AUTOMATIC, visibility=ALWAYS, testCase=TestCaseDTO[testName=testBubbleSort(), id=1480]], FeedbackDTO[id=1007, text=null, detailText=null, hasLongFeedbackText=false, reference=null, credits=3.230769230769231, positive=true, type=AUTOMATIC, visibility=ALWAYS, testCase=TestCaseDTO[testName=testUseMergeSortForBigList(), id=1479]], FeedbackDTO[id=1008, text=null, detailText=null, hasLongFeedbackText=false, reference=null, credits=3.230769230769231, positive=true, type=AUTOMATIC, visibility=ALWAYS, testCase=TestCaseDTO[testName=testConstructors[Policy], id=1473]], FeedbackDTO[id=1009, text=null, detailText=null, hasLongFeedbackText=false, reference=null, credits=3.230769230769231, positive=true, type=AUTOMATIC, visibility=ALWAYS, testCase=TestCaseDTO[testName=testAttributes[Context], id=1469]], FeedbackDTO[id=1010, text=null, detailText=null, hasLongFeedbackText=false, reference=null, credits=3.230769230769231, positive=true, type=AUTOMATIC, visibility=ALWAYS, testCase=TestCaseDTO[testName=testAttributes[Policy], id=1470]]], assessmentType=AUTOMATIC, hasComplaint=null, exampleResult=null, testCaseCount=13, passedTestCaseCount=13, codeIssueCount=0]], BuildJobQueueItem[id=20301739576752239, name=SHORT716C2EC10B19B049C80A2F00B97EAB20B2A9TSTEXC-BASE, buildAgent=BuildAgentDTO[name=artemis-build-agent-test, memberAddress=[127.0.0.1]:5703, displayName=artemis-build-agent-test], participationId=2030, courseId=993, exerciseId=2610, retryCount=0, priority=2, status=SUCCESSFUL, repositoryInfo=RepositoryInfo[repositoryName=short716c2ec10b19b049c80a2f00b97eab20b2a9tstexc-exercise, repositoryType=exercise, triggeredByPushTo=tests, assignmentRepositoryUri=http://localhost:49152/git/SHORT716C2EC10B19B049C80A2F00B97EAB20B2A9TSTEXC/short716c2ec10b19b049c80a2f00b97eab20b2a9tstexc-exercise.git, testRepositoryUri=http://localhost:49152/git/SHORT716C2EC10B19B049C80A2F00B97EAB20B2A9TSTEXC/short716c2ec10b19b049c80a2f00b97eab20b2a9tstexc-tests.git, solutionRepositoryUri=null, auxiliaryRepositoryUris=[Ljava.lang.String;@3d6677a5, auxiliaryRepositoryCheckoutDirectories=[Ljava.lang.String;@7a6b9624], jobTimingInfo=JobTimingInfo[submissionDate=2025-02-14T23:45:52.239402475Z[Etc/UTC], buildStartDate=2025-02-14T23:45:52.258713639Z[Etc/UTC], buildCompletionDate=2025-02-14T23:45:53.238773956Z[Etc/UTC], estimatedCompletionDate=2025-02-14T23:45:53.258707428Z[Etc/UTC], estimatedDuration=1], buildConfig=BuildConfig[buildScript=#!/bin/bash
cd /var/tmp/testing-dir
chmod +x ./gradlew
./gradlew clean test
, dockerImage=dummy-docker-image:latest, commitHashToBuild=1e531733ed6e9237f710b528d1eb0b7beac565fd, assignmentCommitHash=815e279f12ad296b4f24c44134a07293c04c010f, testCommitHash=1e531733ed6e9237f710b528d1eb0b7beac565fd, branch=main, programmingLanguage=JAVA, projectType=PLAIN_GRADLE, scaEnabled=false, sequentialTestRunsEnabled=false, resultPaths=[/var/tmp/testing-dir/**/test-results/test/*.xml], timeoutSeconds=0, assignmentCheckoutPath=null, testCheckoutPath=null, solutionCheckoutPath=null, dockerRunConfig=null], submissionResult=ResultDTO[id=639, completionDate=2025-02-14T23:45:53.225806205Z[Etc/UTC], successful=false, score=0.0, rated=true, submission=SubmissionDTO[id=833, submitted=true, type=TEST, exampleSubmission=null, submissionDate=2025-02-14T23:45:52.237179Z, commitHash=1e531733ed6e9237f710b528d1eb0b7beac565fd, buildFailed=false, buildArtifact=false, participation=ParticipationDTO[id=2030, testRun=false, type=template, submissionCount=null, exercise=ParticipationExerciseDTO[id=2610, exerciseType=PROGRAMMING, type=programming, assessmentType=AUTOMATIC, dueDate=2025-02-16T23:45:50.869093Z, assessmentDueDate=null, maxPoints=42.0, course=CourseDTO[id=993, accuracyOfScores=1]]], submissionExerciseType=programming, isProcessing=false, buildStartDate=null, estimatedCompletionDate=null], participation=ParticipationDTO[id=2030, testRun=false, type=template, submissionCount=null, exercise=ParticipationExerciseDTO[id=2610, exerciseType=PROGRAMMING, type=programming, assessmentType=AUTOMATIC, dueDate=2025-02-16T23:45:50.869093Z, assessmentDueDate=null, maxPoints=42.0, course=CourseDTO[id=993, accuracyOfScores=1]]], feedbacks=[FeedbackDTO[id=1011, text=null, detailText=The exercise expects a class with the name Context in the package testpackage. You did not implement the class in the exercise., hasLongFeedbackText=false, reference=null, credits=0.0, positive=false, type=AUTOMATIC, visibility=ALWAYS, testCase=TestCaseDTO[testName=testMethods[Context], id=1474]], FeedbackDTO[id=1012, text=null, detailText=The exercise expects a class with the name Policy in the package testpackage. You did not implement the class in the exercise., hasLongFeedbackText=false, reference=null, credits=0.0, positive=false, type=AUTOMATIC, visibility=ALWAYS, testCase=TestCaseDTO[testName=testMethods[Policy], id=1475]], FeedbackDTO[id=1013, text=null, detailText=The exercise expects a class with the name SortStrategy in the package testpackage. You did not implement the class in the exercise., hasLongFeedbackText=false, reference=null, credits=0.0, positive=false, type=AUTOMATIC, visibility=ALWAYS, testCase=TestCaseDTO[testName=testMethods[SortStrategy], id=1476]], FeedbackDTO[id=1014, text=null, detailText=The class 'MergeSort' does not implement the interface 'SortStrategy' as expected. Implement the interface and its methods., hasLongFeedbackText=false, reference=null, credits=0.0, positive=false, type=AUTOMATIC, visibility=ALWAYS, testCase=TestCaseDTO[testName=testClass[MergeSort], id=1471]], FeedbackDTO[id=1015, text=null, detailText=The exercise expects a class with the name SortStrategy in the package testpackage. You did not implement the class in the exercise., hasLongFeedbackText=false, reference=null, credits=0.0, positive=false, type=AUTOMATIC, visibility=ALWAYS, testCase=TestCaseDTO[testName=testClass[SortStrategy], id=1468]], FeedbackDTO[id=1016, text=null, detailText=The class 'BubbleSort' does not implement the interface 'SortStrategy' as expected. Implement the interface and its methods., hasLongFeedbackText=false, reference=null, credits=0.0, positive=false, type=AUTOMATIC, visibility=ALWAYS, testCase=TestCaseDTO[testName=testClass[BubbleSort], id=1472]], FeedbackDTO[id=1017, text=null, detailText=MergeSort does not sort correctly, hasLongFeedbackText=false, reference=null, credits=0.0, positive=false, type=AUTOMATIC, visibility=ALWAYS, testCase=TestCaseDTO[testName=testMergeSort(), id=1477]], FeedbackDTO[id=1018, text=null, detailText=The class 'Context' was not found within the submission. Make sure to implement it properly., hasLongFeedbackText=false, reference=null, credits=0.0, positive=false, type=AUTOMATIC, visibility=ALWAYS, testCase=TestCaseDTO[testName=testUseBubbleSortForSmallList(), id=1478]], FeedbackDTO[id=1019, text=null, detailText=BubbleSort does not sort correctly, hasLongFeedbackText=false, reference=null, credits=0.0, positive=false, type=AUTOMATIC, visibility=ALWAYS, testCase=TestCaseDTO[testName=testBubbleSort(), id=1480]], FeedbackDTO[id=1020, text=null, detailText=The class 'Context' was not found within the submission. Make sure to implement it properly., hasLongFeedbackText=false, reference=null, credits=0.0, positive=false, type=AUTOMATIC, visibility=ALWAYS, testCase=TestCaseDTO[testName=testUseMergeSortForBigList(), id=1479]], FeedbackDTO[id=1021, text=null, detailText=The exercise expects a class with the name Policy in the package testpackage. You did not implement the class in the exercise., hasLongFeedbackText=false, reference=null, credits=0.0, positive=false, type=AUTOMATIC, visibility=ALWAYS, testCase=TestCaseDTO[testName=testConstructors[Policy], id=1473]], FeedbackDTO[id=1022, text=null, detailText=The exercise expects a class with the name Context in the package testpackage. You did not implement the class in the exercise., hasLongFeedbackText=false, reference=null, credits=0.0, positive=false, type=AUTOMATIC, visibility=ALWAYS, testCase=TestCaseDTO[testName=testAttributes[Context], id=1469]], FeedbackDTO[id=1023, text=null, detailText=The exercise expects a class with the name Policy in the package testpackage. You did not implement the class in the exercise., hasLongFeedbackText=false, reference=null, credits=0.0, positive=false, type=AUTOMATIC, visibility=ALWAYS, testCase=TestCaseDTO[testName=testAttributes[Policy], id=1470]]], assessmentType=AUTOMATIC, hasComplaint=null, exampleResult=null, testCaseCount=13, passedTestCaseCount=0, codeIssueCount=0]], BuildJobQueueItem[id=20391739576754750, name=SHORT3A680734092E404EF80A4C60FBC1E408F7D0TSTEXC-LOCALVCCIINTSTUDENT1, buildAgent=BuildAgentDTO[name=artemis-build-agent-test, memberAddress=[127.0.0.1]:5703, displayName=artemis-build-agent-test], participationId=2039, courseId=996, exerciseId=2613, retryCount=0, priority=2, status=SUCCESSFUL, repositoryInfo=RepositoryInfo[repositoryName=short3a680734092e404ef80a4c60fbc1e408f7d0tstexc-localvcciintstudent1, repositoryType=user, triggeredByPushTo=user, assignmentRepositoryUri=http://localhost:49152/git/SHORT3A680734092E404EF80A4C60FBC1E408F7D0TSTEXC/short3a680734092e404ef80a4c60fbc1e408f7d0tstexc-localvcciintstudent1.git, testRepositoryUri=http://localhost:49152/git/SHORT3A680734092E404EF80A4C60FBC1E408F7D0TSTEXC/short3a680734092e404ef80a4c60fbc1e408f7d0tstexc-tests.git, solutionRepositoryUri=null, auxiliaryRepositoryUris=[Ljava.lang.String;@5dfcbed4, auxiliaryRepositoryCheckoutDirectories=[Ljava.lang.String;@1b0bdbda], jobTimingInfo=JobTimingInfo[submissionDate=2025-02-14T23:45:54.750657185Z[Etc/UTC], buildStartDate=2025-02-14T23:45:54.765232948Z[Etc/UTC], buildCompletionDate=2025-02-14T23:45:55.645844970Z[Etc/UTC], estimatedCompletionDate=2025-02-14T23:46:13.765225363Z[Etc/UTC], estimatedDuration=19], buildConfig=BuildConfig[buildScript=#!/bin/bash
cd /var/tmp/testing-dir
chmod +x ./gradlew
./gradlew clean test
, dockerImage=dummy-docker-image:latest, commitHashToBuild=9344436f8d5a5ce3aa40215562db211ed501371f, assignmentCommitHash=9344436f8d5a5ce3aa40215562db211ed501371f, testCommitHash=ff421c3651ec230fed2f20f72c2901ae372be06a, branch=main, programmingLanguage=JAVA, projectType=PLAIN_GRADLE, scaEnabled=false, sequentialTestRunsEnabled=false, resultPaths=[/var/tmp/testing-dir/**/test-results/test/*.xml], timeoutSeconds=0, assignmentCheckoutPath=null, testCheckoutPath=null, solutionCheckoutPath=null, dockerRunConfig=null], submissionResult=ResultDTO[id=640, completionDate=2025-02-14T23:45:55.628250079Z[Etc/UTC], successful=false, score=7.7, rated=true, submission=SubmissionDTO[id=834, submitted=true, type=MANUAL, exampleSubmission=null, submissionDate=2025-02-14T23:45:54.732007Z, commitHash=9344436f8d5a5ce3aa40215562db211ed501371f, buildFailed=false, buildArtifact=false, participation=ParticipationDTO[id=2039, testRun=false, type=programming, submissionCount=null, exercise=ParticipationExerciseDTO[id=2613, exerciseType=PROGRAMMING, type=programming, assessmentType=AUTOMATIC, dueDate=2025-02-16T23:45:54.546562Z, assessmentDueDate=null, maxPoints=42.0, course=CourseDTO[id=996, accuracyOfScores=1]]], submissionExerciseType=programming, isProcessing=false, buildStartDate=null, estimatedCompletionDate=null], participation=ParticipationDTO[id=2039, testRun=false, type=programming, submissionCount=null, exercise=ParticipationExerciseDTO[id=2613, exerciseType=PROGRAMMING, type=programming, assessmentType=AUTOMATIC, dueDate=2025-02-16T23:45:54.546562Z, assessmentDueDate=null, maxPoints=42.0, course=CourseDTO[id=996, accuracyOfScores=1]]], feedbacks=[FeedbackDTO[id=1024, text=null, detailText=The exercise expects a class with the name Context in the package testpackage. You did not implement the class in the exercise., hasLongFeedbackText=false, reference=null, credits=0.0, positive=false, type=AUTOMATIC, visibility=ALWAYS, testCase=TestCaseDTO[testName=null, id=1513]], FeedbackDTO[id=1025, text=null, detailText=The exercise expects a class with the name Policy in the package testpackage. You did not implement the class in the exercise., hasLongFeedbackText=false, reference=null, credits=0.0, positive=false, type=AUTOMATIC, visibility=ALWAYS, testCase=TestCaseDTO[testName=null, id=1514]], FeedbackDTO[id=1026, text=null, detailText=The exercise expects a class with the name SortStrategy in the package testpackage. You did not implement the class in the exercise., hasLongFeedbackText=false, reference=null, credits=0.0, positive=false, type=AUTOMATIC, visibility=ALWAYS, testCase=TestCaseDTO[testName=null, id=1515]], FeedbackDTO[id=1027, text=null, detailText=The class 'MergeSort' does not implement the interface 'SortStrategy' as expected. Implement the interface and its methods., hasLongFeedbackText=false, reference=null, credits=0.0, positive=false, type=AUTOMATIC, visibility=ALWAYS, testCase=TestCaseDTO[testName=null, id=1510]], FeedbackDTO[id=1028, text=null, detailText=The exercise expects a class with the name SortStrategy in the package testpackage. You did not implement the class in the exercise., hasLongFeedbackText=false, reference=null, credits=0.0, positive=false, type=AUTOMATIC, visibility=ALWAYS, testCase=TestCaseDTO[testName=null, id=1507]], FeedbackDTO[id=1029, text=null, detailText=The class 'BubbleSort' does not implement the interface 'SortStrategy' as expected. Implement the interface and its methods., hasLongFeedbackText=false, reference=null, credits=0.0, positive=false, type=AUTOMATIC, visibility=ALWAYS, testCase=TestCaseDTO[testName=null, id=1511]], FeedbackDTO[id=1030, text=null, detailText=MergeSort does not sort correctly, hasLongFeedbackText=false, reference=null, credits=0.0, positive=false, type=AUTOMATIC, visibility=ALWAYS, testCase=TestCaseDTO[testName=null, id=1516]], FeedbackDTO[id=1031, text=null, detailText=The class 'Context' was not found within the submission. Make sure to implement it properly., hasLongFeedbackText=false, reference=null, credits=0.0, positive=false, type=AUTOMATIC, visibility=ALWAYS, testCase=TestCaseDTO[testName=null, id=1517]], FeedbackDTO[id=1032, text=null, detailText=The class 'Context' was not found within the submission. Make sure to implement it properly., hasLongFeedbackText=false, reference=null, credits=0.0, positive=false, type=AUTOMATIC, visibility=ALWAYS, testCase=TestCaseDTO[testName=null, id=1518]], FeedbackDTO[id=1033, text=null, detailText=The exercise expects a class with the name Policy in the package testpackage. You did not implement the class in the exercise., hasLongFeedbackText=false, reference=null, credits=0.0, positive=false, type=AUTOMATIC, visibility=ALWAYS, testCase=TestCaseDTO[testName=null, id=1512]], FeedbackDTO[id=1034, text=null, detailText=The exercise expects a class with the name Context in the package testpackage. You did not implement the class in the exercise., hasLongFeedbackText=false, reference=null, credits=0.0, positive=false, type=AUTOMATIC, visibility=ALWAYS, testCase=TestCaseDTO[testName=null, id=1508]], FeedbackDTO[id=1035, text=null, detailText=The exercise expects a class with the name Policy in the package testpackage. You did not implement the class in the exercise., hasLongFeedbackText=false, reference=null, credits=0.0, positive=false, type=AUTOMATIC, visibility=ALWAYS, testCase=TestCaseDTO[testName=null, id=1509]], FeedbackDTO[id=1036, text=null, detailText=null, hasLongFeedbackText=false, reference=null, credits=3.230769230769231, positive=true, type=AUTOMATIC, visibility=ALWAYS, testCase=TestCaseDTO[testName=null, id=1519]]], assessmentType=AUTOMATIC, hasComplaint=null, exampleResult=null, testCaseCount=13, passedTestCaseCount=1, codeIssueCount=0]], BuildJobQueueItem[id=20431739576757232, name=SHORT3945BC5E092B90459B0A7F006DF5F64347FDTSTEXC-SOLUTION, buildAgent=BuildAgentDTO[name=artemis-build-agent-test, memberAddress=[127.0.0.1]:5703, displayName=artemis-build-agent-test], participationId=2043, courseId=998, exerciseId=2615, retryCount=0, priority=2, status=SUCCESSFUL, repositoryInfo=RepositoryInfo[repositoryName=short3945bc5e092b90459b0a7f006df5f64347fdtstexc-solution, repositoryType=solution, triggeredByPushTo=solution, assignmentRepositoryUri=http://localhost:49152/git/SHORT3945BC5E092B90459B0A7F006DF5F64347FDTSTEXC/short3945bc5e092b90459b0a7f006df5f64347fdtstexc-solution.git, testRepositoryUri=http://localhost:49152/git/SHORT3945BC5E092B90459B0A7F006DF5F64347FDTSTEXC/short3945bc5e092b90459b0a7f006df5f64347fdtstexc-tests.git, solutionRepositoryUri=null, auxiliaryRepositoryUris=[Ljava.lang.String;@155e4c41, auxiliaryRepositoryCheckoutDirectories=[Ljava.lang.String;@33222278], jobTimingInfo=JobTimingInfo[submissionDate=2025-02-14T23:45:57.232907777Z[Etc/UTC], buildStartDate=2025-02-14T23:45:57.240437339Z[Etc/UTC], buildCompletionDate=2025-02-14T23:45:58.062328619Z[Etc/UTC], estimatedCompletionDate=2025-02-14T23:46:16.240428743Z[Etc/UTC], estimatedDuration=19], buildConfig=BuildConfig[buildScript=#!/bin/bash
cd /var/tmp/testing-dir
chmod +x ./gradlew
./gradlew clean test
, dockerImage=dummy-docker-image:latest, commitHashToBuild=c315388a235502fd958ae3c7ffbbbbf126a8fe21, assignmentCommitHash=c315388a235502fd958ae3c7ffbbbbf126a8fe21, testCommitHash=28488095271179f4eface46480ec45511f50df5d, branch=main, programmingLanguage=JAVA, projectType=PLAIN_GRADLE, scaEnabled=false, sequentialTestRunsEnabled=false, resultPaths=[/var/tmp/testing-dir/**/test-results/test/*.xml], timeoutSeconds=0, assignmentCheckoutPath=null, testCheckoutPath=null, solutionCheckoutPath=null, dockerRunConfig=null], submissionResult=ResultDTO[id=641, completionDate=2025-02-14T23:45:58.032353400Z[Etc/UTC], successful=true, score=100.0, rated=true, submission=SubmissionDTO[id=835, submitted=true, type=MANUAL, exampleSubmission=null, submissionDate=2025-02-14T23:45:57.222714Z, commitHash=c315388a235502fd958ae3c7ffbbbbf126a8fe21, buildFailed=false, buildArtifact=false, participation=ParticipationDTO[id=2043, testRun=false, type=solution, submissionCount=null, exercise=ParticipationExerciseDTO[id=2615, exerciseType=PROGRAMMING, type=programming, assessmentType=AUTOMATIC, dueDate=2025-02-16T23:45:56.808788Z, assessmentDueDate=null, maxPoints=42.0, course=CourseDTO[id=998, accuracyOfScores=1]]], submissionExerciseType=programming, isProcessing=false, buildStartDate=null, estimatedCompletionDate=null], participation=ParticipationDTO[id=2043, testRun=false, type=solution, submissionCount=null, exercise=ParticipationExerciseDTO[id=2615, exerciseType=PROGRAMMING, type=programming, assessmentType=AUTOMATIC, dueDate=2025-02-16T23:45:56.808788Z, assessmentDueDate=null, maxPoints=42.0, course=CourseDTO[id=998, accuracyOfScores=1]]], feedbacks=[FeedbackDTO[id=1037, text=null, detailText=null, hasLongFeedbackText=false, reference=null, credits=3.230769230769231, positive=true, type=AUTOMATIC, visibility=ALWAYS, testCase=TestCaseDTO[testName=testMethods[Context], id=1539]], FeedbackDTO[id=1038, text=null, detailText=null, hasLongFeedbackText=false, reference=null, credits=3.230769230769231, positive=true, type=AUTOMATIC, visibility=ALWAYS, testCase=TestCaseDTO[testName=testMethods[Policy], id=1540]], FeedbackDTO[id=1039, text=null, detailText=null, hasLongFeedbackText=false, reference=null, credits=3.230769230769231, positive=true, type=AUTOMATIC, visibility=ALWAYS, testCase=TestCaseDTO[testName=testMethods[SortStrategy], id=1541]], FeedbackDTO[id=1040, text=null, detailText=null, hasLongFeedbackText=false, reference=null, credits=3.230769230769231, positive=true, type=AUTOMATIC, visibility=ALWAYS, testCase=TestCaseDTO[testName=testClass[MergeSort], id=1536]], FeedbackDTO[id=1041, text=null, detailText=null, hasLongFeedbackText=false, reference=null, credits=3.230769230769231, positive=true, type=AUTOMATIC, visibility=ALWAYS, testCase=TestCaseDTO[testName=testClass[SortStrategy], id=1533]], FeedbackDTO[id=1042, text=null, detailText=null, hasLongFeedbackText=false, reference=null, credits=3.230769230769231, positive=true, type=AUTOMATIC, visibility=ALWAYS, testCase=TestCaseDTO[testName=testClass[BubbleSort], id=1537]], FeedbackDTO[id=1043, text=null, detailText=null, hasLongFeedbackText=false, reference=null, credits=3.230769230769231, positive=true, type=AUTOMATIC, visibility=ALWAYS, testCase=TestCaseDTO[testName=testMergeSort(), id=1542]], FeedbackDTO[id=1044, text=null, detailText=null, hasLongFeedbackText=false, reference=null, credits=3.230769230769231, positive=true, type=AUTOMATIC, visibility=ALWAYS, testCase=TestCaseDTO[testName=testUseBubbleSortForSmallList(), id=1543]], FeedbackDTO[id=1045, text=null, detailText=null, hasLongFeedbackText=false, reference=null, credits=3.230769230769231, positive=true, type=AUTOMATIC, visibility=ALWAYS, testCase=TestCaseDTO[testName=testBubbleSort(), id=1545]], FeedbackDTO[id=1046, text=null, detailText=null, hasLongFeedbackText=false, reference=null, credits=3.230769230769231, positive=true, type=AUTOMATIC, visibility=ALWAYS, testCase=TestCaseDTO[testName=testUseMergeSortForBigList(), id=1544]], FeedbackDTO[id=1047, text=null, detailText=null, hasLongFeedbackText=false, reference=null, credits=3.230769230769231, positive=true, type=AUTOMATIC, visibility=ALWAYS, testCase=TestCaseDTO[testName=testConstructors[Policy], id=1538]], FeedbackDTO[id=1048, text=null, detailText=null, hasLongFeedbackText=false, reference=null, credits=3.230769230769231, positive=true, type=AUTOMATIC, visibility=ALWAYS, testCase=TestCaseDTO[testName=testAttributes[Context], id=1534]], FeedbackDTO[id=1049, text=null, detailText=null, hasLongFeedbackText=false, reference=null, credits=3.230769230769231, positive=true, type=AUTOMATIC, visibility=ALWAYS, testCase=TestCaseDTO[testName=testAttributes[Policy], id=1535]]], assessmentType=AUTOMATIC, hasComplaint=null, exampleResult=null, testCaseCount=13, passedTestCaseCount=13, codeIssueCount=0]], BuildJobQueueItem[id=20471739576759335, name=SHORT07624A260BD060493708A050BB6FAE261DD5TSTEXC-LOCALVCCIINTSTUDENT1, buildAgent=BuildAgentDTO[name=artemis-build-agent-test, memberAddress=[127.0.0.1]:5703, displayName=artemis-build-agent-test], participationId=2047, courseId=999, exerciseId=2616, retryCount=0, priority=2, status=SUCCESSFUL, repositoryInfo=RepositoryInfo[repositoryName=short07624a260bd060493708a050bb6fae261dd5tstexc-localvcciintstudent1, repositoryType=user, triggeredByPushTo=user, assignmentRepositoryUri=http://localhost:49152/git/SHORT07624A260BD060493708A050BB6FAE261DD5TSTEXC/short07624a260bd060493708a050bb6fae261dd5tstexc-localvcciintstudent1.git, testRepositoryUri=http://localhost:49152/git/SHORT07624A260BD060493708A050BB6FAE261DD5TSTEXC/short07624a260bd060493708a050bb6fae261dd5tstexc-tests.git, solutionRepositoryUri=null, auxiliaryRepositoryUris=[Ljava.lang.String;@b1020d6, auxiliaryRepositoryCheckoutDirectories=[Ljava.lang.String;@4e00ef65], jobTimingInfo=JobTimingInfo[submissionDate=2025-02-14T23:45:59.335772293Z[Etc/UTC], buildStartDate=2025-02-14T23:45:59.344175895Z[Etc/UTC], buildCompletionDate=2025-02-14T23:46:00.603413500Z[Etc/UTC], estimatedCompletionDate=2025-02-14T23:46:18.344169813Z[Etc/UTC], estimatedDuration=19], buildConfig=BuildConfig[buildScript=#!/bin/bash
cd /var/tmp/testing-dir
chmod +x ./gradlew
./gradlew clean test
, dockerImage=dummy-docker-image:latest, commitHashToBuild=18a07c7296dd70e3280c5bdcec7fccd0be6b8148, assignmentCommitHash=18a07c7296dd70e3280c5bdcec7fccd0be6b8148, testCommitHash=d654a233667bae063bb900e455fd2da456e10333, branch=main, programmingLanguage=JAVA, projectType=PLAIN_GRADLE, scaEnabled=false, sequentialTestRunsEnabled=false, resultPaths=[/var/tmp/testing-dir/**/test-results/test/*.xml], timeoutSeconds=0, assignmentCheckoutPath=null, testCheckoutPath=null, solutionCheckoutPath=null, dockerRunConfig=null], submissionResult=ResultDTO[id=642, completionDate=2025-02-14T23:46:00.583368808Z[Etc/UTC], successful=false, score=7.7, rated=true, submission=SubmissionDTO[id=836, submitted=true, type=MANUAL, exampleSubmission=null, submissionDate=2025-02-14T23:45:59.324416Z, commitHash=18a07c7296dd70e3280c5bdcec7fccd0be6b8148, buildFailed=false, buildArtifact=false, participation=ParticipationDTO[id=2047, testRun=false, type=programming, submissionCount=null, exercise=ParticipationExerciseDTO[id=2616, exerciseType=PROGRAMMING, type=programming, assessmentType=AUTOMATIC, dueDate=2025-02-16T23:45:58.958237Z, assessmentDueDate=null, maxPoints=42.0, course=CourseDTO[id=999, accuracyOfScores=1]]], submissionExerciseType=programming, isProcessing=false, buildStartDate=null, estimatedCompletionDate=null], participation=ParticipationDTO[id=2047, testRun=false, type=programming, submissionCount=null, exercise=ParticipationExerciseDTO[id=2616, exerciseType=PROGRAMMING, type=programming, assessmentType=AUTOMATIC, dueDate=2025-02-16T23:45:58.958237Z, assessmentDueDate=null, maxPoints=42.0, course=CourseDTO[id=999, accuracyOfScores=1]]], feedbacks=[FeedbackDTO[id=1050, text=null, detailText=The exercise expects a class with the name Context in the package testpackage. You did not implement the class in the exercise., hasLongFeedbackText=false, reference=null, credits=0.0, positive=false, type=AUTOMATIC, visibility=ALWAYS, testCase=TestCaseDTO[testName=null, id=1552]], FeedbackDTO[id=1051, text=null, detailText=The exercise expects a class with the name Policy in the package testpackage. You did not implement the class in the exercise., hasLongFeedbackText=false, reference=null, credits=0.0, positive=false, type=AUTOMATIC, visibility=ALWAYS, testCase=TestCaseDTO[testName=null, id=1553]], FeedbackDTO[id=1052, text=null, detailText=The exercise expects a class with the name SortStrategy in the package testpackage. You did not implement the class in the exercise., hasLongFeedbackText=false, reference=null, credits=0.0, positive=false, type=AUTOMATIC, visibility=ALWAYS, testCase=TestCaseDTO[testName=null, id=1554]], FeedbackDTO[id=1053, text=null, detailText=The class 'MergeSort' does not implement the interface 'SortStrategy' as expected. Implement the interface and its methods., hasLongFeedbackText=false, reference=null, credits=0.0, positive=false, type=AUTOMATIC, visibility=ALWAYS, testCase=TestCaseDTO[testName=null, id=1549]], FeedbackDTO[id=1054, text=null, detailText=The exercise expects a class with the name SortStrategy in the package testpackage. You did not implement the class in the exercise., hasLongFeedbackText=false, reference=null, credits=0.0, positive=false, type=AUTOMATIC, visibility=ALWAYS, testCase=TestCaseDTO[testName=null, id=1546]], FeedbackDTO[id=1055, text=null, detailText=The class 'BubbleSort' does not implement the interface 'SortStrategy' as expected. Implement the interface and its methods., hasLongFeedbackText=false, reference=null, credits=0.0, positive=false, type=AUTOMATIC, visibility=ALWAYS, testCase=TestCaseDTO[testName=null, id=1550]], FeedbackDTO[id=1056, text=null, detailText=MergeSort does not sort correctly, hasLongFeedbackText=false, reference=null, credits=0.0, positive=false, type=AUTOMATIC, visibility=ALWAYS, testCase=TestCaseDTO[testName=null, id=1555]], FeedbackDTO[id=1057, text=null, detailText=The class 'Context' was not found within the submission. Make sure to implement it properly., hasLongFeedbackText=false, reference=null, credits=0.0, positive=false, type=AUTOMATIC, visibility=ALWAYS, testCase=TestCaseDTO[testName=null, id=1556]], FeedbackDTO[id=1058, text=null, detailText=The class 'Context' was not found within the submission. Make sure to implement it properly., hasLongFeedbackText=false, reference=null, credits=0.0, positive=false, type=AUTOMATIC, visibility=ALWAYS, testCase=TestCaseDTO[testName=null, id=1557]], FeedbackDTO[id=1059, text=null, detailText=The exercise expects a class with the name Policy in the package testpackage. You did not implement the class in the exercise., hasLongFeedbackText=false, reference=null, credits=0.0, positive=false, type=AUTOMATIC, visibility=ALWAYS, testCase=TestCaseDTO[testName=null, id=1551]], FeedbackDTO[id=1060, text=null, detailText=The exercise expects a class with the name Context in the package testpackage. You did not implement the class in the exercise., hasLongFeedbackText=false, reference=null, credits=0.0, positive=false, type=AUTOMATIC, visibility=ALWAYS, testCase=TestCaseDTO[testName=null, id=1547]], FeedbackDTO[id=1061, text=null, detailText=The exercise expects a class with the name Policy in the package testpackage. You did not implement the class in the exercise., hasLongFeedbackText=false, reference=null, credits=0.0, positive=false, type=AUTOMATIC, visibility=ALWAYS, testCase=TestCaseDTO[testName=null, id=1548]], FeedbackDTO[id=1062, text=null, detailText=null, hasLongFeedbackText=false, reference=null, credits=3.230769230769231, positive=true, type=AUTOMATIC, visibility=ALWAYS, testCase=TestCaseDTO[testName=null, id=1558]]], assessmentType=AUTOMATIC, hasComplaint=null, exampleResult=null, testCaseCount=13, passedTestCaseCount=1, codeIssueCount=0]], BuildJobQueueItem[id=20631739576764096, name=SHORT4DC244B40E51904DBF09D1D07EFB51569A98T9E7-BASE, buildAgent=BuildAgentDTO[name=artemis-build-agent-test, memberAddress=[127.0.0.1]:5703, displayName=artemis-build-agent-test], participationId=2063, courseId=1004, exerciseId=2622, retryCount=0, priority=2, status=SUCCESSFUL, repositoryInfo=RepositoryInfo[repositoryName=short4dc244b40e51904dbf09d1d07efb51569a98t9e7-exercise, repositoryType=exercise, triggeredByPushTo=exercise, assignmentRepositoryUri=http://localhost:49152/git/SHORT4DC244B40E51904DBF09D1D07EFB51569A98T9E7/short4dc244b40e51904dbf09d1d07efb51569a98t9e7-exercise.git, testRepositoryUri=http://localhost:49152/git/SHORT4DC244B40E51904DBF09D1D07EFB51569A98T9E7/short4dc244b40e51904dbf09d1d07efb51569a98t9e7-tests.git, solutionRepositoryUri=null, auxiliaryRepositoryUris=[Ljava.lang.String;@29db9ea0, auxiliaryRepositoryCheckoutDirectories=[Ljava.lang.String;@b485801], jobTimingInfo=JobTimingInfo[submissionDate=2025-02-14T23:46:04.096728486Z[Etc/UTC], buildStartDate=2025-02-14T23:46:04.102262636Z[Etc/UTC], buildCompletionDate=2025-02-14T23:46:05.226227728Z[Etc/UTC], estimatedCompletionDate=2025-02-14T23:46:23.102258508Z[Etc/UTC], estimatedDuration=19], buildConfig=BuildConfig[buildScript=#!/bin/bash
cd /var/tmp/testing-dir
Some script, dockerImage=dummy-docker-image, commitHashToBuild=null, assignmentCommitHash=c012d390834ea02544e9b3baca8f528ff58cb582, testCommitHash=106892b5032dbcc929f32d283777eb646a0a7ab0, branch=main, programmingLanguage=JAVA, projectType=PLAIN_GRADLE, scaEnabled=false, sequentialTestRunsEnabled=false, resultPaths=[/var/tmp/testing-dir/**/test-results/test/*.xml], timeoutSeconds=0, assignmentCheckoutPath=null, testCheckoutPath=null, solutionCheckoutPath=null, dockerRunConfig=null], submissionResult=ResultDTO[id=643, completionDate=2025-02-14T23:46:05.207991505Z[Etc/UTC], successful=false, score=0.0, rated=true, submission=SubmissionDTO[id=838, submitted=false, type=INSTRUCTOR, exampleSubmission=null, submissionDate=2025-02-14T23:46:04.057795Z, commitHash=c012d390834ea02544e9b3baca8f528ff58cb582, buildFailed=false, buildArtifact=false, participation=ParticipationDTO[id=2063, testRun=false, type=template, submissionCount=null, exercise=ParticipationExerciseDTO[id=2622, exerciseType=PROGRAMMING, type=programming, assessmentType=SEMI_AUTOMATIC, dueDate=2025-02-21T23:46:03.542650Z, assessmentDueDate=null, maxPoints=5.0, course=CourseDTO[id=1004, accuracyOfScores=1]]], submissionExerciseType=programming, isProcessing=false, buildStartDate=null, estimatedCompletionDate=null], participation=ParticipationDTO[id=2063, testRun=false, type=template, submissionCount=null, exercise=ParticipationExerciseDTO[id=2622, exerciseType=PROGRAMMING, type=programming, assessmentType=SEMI_AUTOMATIC, dueDate=2025-02-21T23:46:03.542650Z, assessmentDueDate=null, maxPoints=5.0, course=CourseDTO[id=1004, accuracyOfScores=1]]], feedbacks=[FeedbackDTO[id=1063, text=testMethods[Context], detailText=The exercise expects a class with the name Context in the package testpackage. You did not implement the class in the exercise., hasLongFeedbackText=false, reference=null, credits=null, positive=false, type=AUTOMATIC, visibility=null, testCase=null], FeedbackDTO[id=1064, text=testMethods[Policy], detailText=The exercise expects a class with the name Policy in the package testpackage. You did not implement the class in the exercise., hasLongFeedbackText=false, reference=null, credits=null, positive=false, type=AUTOMATIC, visibility=null, testCase=null], FeedbackDTO[id=1065, text=testMethods[SortStrategy], detailText=The exercise expects a class with the name SortStrategy in the package testpackage. You did not implement the class in the exercise., hasLongFeedbackText=false, reference=null, credits=null, positive=false, type=AUTOMATIC, visibility=null, testCase=null], FeedbackDTO[id=1066, text=testClass[MergeSort], detailText=The class 'MergeSort' does not implement the interface 'SortStrategy' as expected. Implement the interface and its methods., hasLongFeedbackText=false, reference=null, credits=null, positive=false, type=AUTOMATIC, visibility=null, testCase=null], FeedbackDTO[id=1067, text=testClass[SortStrategy], detailText=The exercise expects a class with the name SortStrategy in the package testpackage. You did not implement the class in the exercise., hasLongFeedbackText=false, reference=null, credits=null, positive=false, type=AUTOMATIC, visibility=null, testCase=null], FeedbackDTO[id=1068, text=testClass[BubbleSort], detailText=The class 'BubbleSort' does not implement the interface 'SortStrategy' as expected. Implement the interface and its methods., hasLongFeedbackText=false, reference=null, credits=null, positive=false, type=AUTOMATIC, visibility=null, testCase=null], FeedbackDTO[id=1069, text=testMergeSort(), detailText=MergeSort does not sort correctly, hasLongFeedbackText=false, reference=null, credits=null, positive=false, type=AUTOMATIC, visibility=null, testCase=null], FeedbackDTO[id=1070, text=testUseBubbleSortForSmallList(), detailText=The class 'Context' was not found within the submission. Make sure to implement it properly., hasLongFeedbackText=false, reference=null, credits=null, positive=false, type=AUTOMATIC, visibility=null, testCase=null], FeedbackDTO[id=1071, text=testBubbleSort(), detailText=BubbleSort does not sort correctly, hasLongFeedbackText=false, reference=null, credits=null, positive=false, type=AUTOMATIC, visibility=null, testCase=null], FeedbackDTO[id=1072, text=testUseMergeSortForBigList(), detailText=The class 'Context' was not found within the submission. Make sure to implement it properly., hasLongFeedbackText=false, reference=null, credits=null, positive=false, type=AUTOMATIC, visibility=null, testCase=null], FeedbackDTO[id=1073, text=testConstructors[Policy], detailText=The exercise expects a class with the name Policy in the package testpackage. You did not implement the class in the exercise., hasLongFeedbackText=false, reference=null, credits=null, positive=false, type=AUTOMATIC, visibility=null, testCase=null], FeedbackDTO[id=1074, text=testAttributes[Context], detailText=The exercise expects a class with the name Context in the package testpackage. You did not implement the class in the exercise., hasLongFeedbackText=false, reference=null, credits=null, positive=false, type=AUTOMATIC, visibility=null, testCase=null], FeedbackDTO[id=1075, text=testAttributes[Policy], detailText=The exercise expects a class with the name Policy in the package testpackage. You did not implement the class in the exercise., hasLongFeedbackText=false, reference=null, credits=null, positive=false, type=AUTOMATIC, visibility=null, testCase=null]], assessmentType=AUTOMATIC, hasComplaint=null, exampleResult=null, testCaseCount=13, passedTestCaseCount=0, codeIssueCount=0]], BuildJobQueueItem[id=20641739576764112, name=SHORT4DC244B40E51904DBF09D1D07EFB51569A98T9E7-SOLUTION, buildAgent=BuildAgentDTO[name=artemis-build-agent-test, memberAddress=[127.0.0.1]:5703, displayName=artemis-build-agent-test], participationId=2064, courseId=1004, exerciseId=2622, retryCount=0, priority=2, status=SUCCESSFUL, repositoryInfo=RepositoryInfo[repositoryName=short4dc244b40e51904dbf09d1d07efb51569a98t9e7-solution, repositoryType=solution, triggeredByPushTo=solution, assignmentRepositoryUri=http://localhost:49152/git/SHORT4DC244B40E51904DBF09D1D07EFB51569A98T9E7/short4dc244b40e51904dbf09d1d07efb51569a98t9e7-solution.git, testRepositoryUri=http://localhost:49152/git/SHORT4DC244B40E51904DBF09D1D07EFB51569A98T9E7/short4dc244b40e51904dbf09d1d07efb51569a98t9e7-tests.git, solutionRepositoryUri=null, auxiliaryRepositoryUris=[Ljava.lang.String;@154df2e, auxiliaryRepositoryCheckoutDirectories=[Ljava.lang.String;@486663a6], jobTimingInfo=JobTimingInfo[submissionDate=2025-02-14T23:46:04.112126913Z[Etc/UTC], buildStartDate=2025-02-14T23:46:05.232264507Z[Etc/UTC], buildCompletionDate=2025-02-14T23:46:06.182915498Z[Etc/UTC], estimatedCompletionDate=2025-02-14T23:46:24.232260149Z[Etc/UTC], estimatedDuration=19], buildConfig=BuildConfig[buildScript=#!/bin/bash
cd /var/tmp/testing-dir
Some script, dockerImage=dummy-docker-image, commitHashToBuild=null, assignmentCommitHash=221330b9b164316cadedcd1505ff3260d90e6691, testCommitHash=106892b5032dbcc929f32d283777eb646a0a7ab0, branch=main, programmingLanguage=JAVA, projectType=PLAIN_GRADLE, scaEnabled=false, sequentialTestRunsEnabled=false, resultPaths=[/var/tmp/testing-dir/**/test-results/test/*.xml], timeoutSeconds=0, assignmentCheckoutPath=null, testCheckoutPath=null, solutionCheckoutPath=null, dockerRunConfig=null], submissionResult=ResultDTO[id=644, completionDate=2025-02-14T23:46:06.169385846Z[Etc/UTC], successful=true, score=100.0, rated=true, submission=SubmissionDTO[id=837, submitted=false, type=INSTRUCTOR, exampleSubmission=null, submissionDate=2025-02-14T23:46:04.038689Z, commitHash=221330b9b164316cadedcd1505ff3260d90e6691, buildFailed=false, buildArtifact=false, participation=ParticipationDTO[id=2064, testRun=false, type=solution, submissionCount=null, exercise=ParticipationExerciseDTO[id=2622, exerciseType=PROGRAMMING, type=programming, assessmentType=SEMI_AUTOMATIC, dueDate=2025-02-21T23:46:03.542650Z, assessmentDueDate=null, maxPoints=5.0, course=CourseDTO[id=1004, accuracyOfScores=1]]], submissionExerciseType=programming, isProcessing=false, buildStartDate=null, estimatedCompletionDate=null], participation=ParticipationDTO[id=2064, testRun=false, type=solution, submissionCount=null, exercise=ParticipationExerciseDTO[id=2622, exerciseType=PROGRAMMING, type=programming, assessmentType=SEMI_AUTOMATIC, dueDate=2025-02-21T23:46:03.542650Z, assessmentDueDate=null, maxPoints=5.0, course=CourseDTO[id=1004, accuracyOfScores=1]]], feedbacks=[FeedbackDTO[id=1076, text=null, detailText=null, hasLongFeedbackText=false, reference=null, credits=0.38461538461538464, positive=true, type=AUTOMATIC, visibility=ALWAYS, testCase=TestCaseDTO[testName=testMethods[Context], id=1612]], FeedbackDTO[id=1077, text=null, detailText=null, hasLongFeedbackText=false, reference=null, credits=0.38461538461538464, positive=true, type=AUTOMATIC, visibility=ALWAYS, testCase=TestCaseDTO[testName=testMethods[Policy], id=1611]], FeedbackDTO[id=1078, text=null, detailText=null, hasLongFeedbackText=false, reference=null, credits=0.38461538461538464, positive=true, type=AUTOMATIC, visibility=ALWAYS, testCase=TestCaseDTO[testName=testMethods[SortStrategy], id=1613]], FeedbackDTO[id=1079, text=null, detailText=null, hasLongFeedbackText=false, reference=null, credits=0.38461538461538464, positive=true, type=AUTOMATIC, visibility=ALWAYS, testCase=TestCaseDTO[testName=testClass[MergeSort], id=1614]], FeedbackDTO[id=1080, text=null, detailText=null, hasLongFeedbackText=false, reference=null, credits=0.38461538461538464, positive=true, type=AUTOMATIC, visibility=ALWAYS, testCase=TestCaseDTO[testName=testClass[SortStrategy], id=1617]], FeedbackDTO[id=1081, text=null, detailText=null, hasLongFeedbackText=false, reference=null, credits=0.38461538461538464, positive=true, type=AUTOMATIC, visibility=ALWAYS, testCase=TestCaseDTO[testName=testClass[BubbleSort], id=1618]], FeedbackDTO[id=1082, text=null, detailText=null, hasLongFeedbackText=false, reference=null, credits=0.38461538461538464, positive=true, type=AUTOMATIC, visibility=ALWAYS, testCase=TestCaseDTO[testName=testMergeSort(), id=1620]], FeedbackDTO[id=1083, text=null, detailText=null, hasLongFeedbackText=false, reference=null, credits=0.38461538461538464, positive=true, type=AUTOMATIC, visibility=ALWAYS, testCase=TestCaseDTO[testName=testUseBubbleSortForSmallList(), id=1622]], FeedbackDTO[id=1084, text=null, detailText=null, hasLongFeedbackText=false, reference=null, credits=0.38461538461538464, positive=true, type=AUTOMATIC, visibility=ALWAYS, testCase=TestCaseDTO[testName=testBubbleSort(), id=1615]], FeedbackDTO[id=1085, text=null, detailText=null, hasLongFeedbackText=false, reference=null, credits=0.38461538461538464, positive=true, type=AUTOMATIC, visibility=ALWAYS, testCase=TestCaseDTO[testName=testUseMergeSortForBigList(), id=1619]], FeedbackDTO[id=1086, text=null, detailText=null, hasLongFeedbackText=false, reference=null, credits=0.38461538461538464, positive=true, type=AUTOMATIC, visibility=ALWAYS, testCase=TestCaseDTO[testName=testConstructors[Policy], id=1623]], FeedbackDTO[id=1087, text=null, detailText=null, hasLongFeedbackText=false, reference=null, credits=0.38461538461538464, positive=true, type=AUTOMATIC, visibility=ALWAYS, testCase=TestCaseDTO[testName=testAttributes[Context], id=1616]], FeedbackDTO[id=1088, text=null, detailText=null, hasLongFeedbackText=false, reference=null, credits=0.38461538461538464, positive=true, type=AUTOMATIC, visibility=ALWAYS, testCase=TestCaseDTO[testName=testAttributes[Policy], id=1621]]], assessmentType=AUTOMATIC, hasComplaint=null, exampleResult=null, testCaseCount=13, passedTestCaseCount=13, codeIssueCount=0]]], publicSshKey=ssh-rsa AAAAB3NzaC1yc2EAAAADAQABAAACAQCOPdMsxRE2jFJ/UEa5/LsBxtwzJcrh3/rYBCQvcMeVpiRfhzQPWu7mrt/G2Ew+i+vRloGH9aqKg6dd1liRncao53Zmd/ePxoatXePNhmzTfkCkcSkTUz7B+QMjkoDDV5jwuFPD6mF3JkhuzSi64n9Zy905t4w2IhVcjM2mL3eYNjiCXt6Qpq3Pkt7dM/Ksw1nxnvuiIALuJLB3FTkXkHqq3PJav+9HSq2r6ZaWgekneaGxlQlb+U+Vy3XOuArKAzK8c8i+0bR+AHiTG6ncYXt7ax3U+TdlDTF7OLP3umwaYjs1NBXOHwG42pevvpKn2fqavZZozk+M05jXLx3bq0O7itxfErWc7etky8qYPyyIMF/txQIVLd78+Ze4d7Y60t5MGbXM5cGE6fFif5fEJwgswXD+BrG0cafz1CTatjSKFdvp8Vp4VszXhHDan1PrP6JEFJ5Cc5GDmLRZPCFa3vL9f5qXgf4bkqKN8MYeEujwJE5nMRWoiJVNakix2bcrrneQMBlnYeYZVWXXXUusAQBzl4NgddC1umZpihZkL1b1MffZAUW3EGEXi7KHnllQhkTLLsQ8ntMgbylqaJKStqaXlLvdeRJcEnUuiFCrHEVVbXRFZR7XVDZ02CE5o3MuaRPty8Kh+jRTF3COlAckHwYEJCNNJvXFgb2CNXL4mjzYDw== test@localhost]
    23:46:12.608 | 566 localvc.event-13 | DEBUG | s.l.LocalCIWebsocketMessagingService : Sending message on topic /topic/admin/build-agents: [BuildAgentInformation[buildAgent=BuildAgentDTO[name=artemis-build-agent-test, memberAddress=[127.0.0.1]:5703, displayName=artemis-build-agent-test], maxNumberOfConcurrentBuildJobs=1, numberOfCurrentBuildJobs=0, runningBuildJobs=[], status=IDLE, recentBuildJobs=null, publicSshKey=null]]
    23:46:12.609 | 588 artemis-task-1   | DEBUG | d.t.c.a.a.c.c.w.GzipMessageConverter : Compressed message payload from 255 to 232 (saved 9.0% payload size)
    23:46:12.610 | 566 localvc.event-13 | DEBUG | s.l.LocalCIWebsocketMessagingService : Sending message on topic /topic/admin/build-agent/artemis-build-agent-test: BuildAgentInformation[buildAgent=BuildAgentDTO[name=artemis-build-agent-test, memberAddress=[127.0.0.1]:5703, displayName=artemis-build-agent-test], maxNumberOfConcurrentBuildJobs=1, numberOfCurrentBuildJobs=0, runningBuildJobs=[], status=IDLE, recentBuildJobs=[BuildJobQueueItem[id=19581739576715555, name=SHORTC1A3F9FC03D2304B4308FA20AF16D54AAA49TSTEXC-LOCALVCSSHINTSTUDENT1, buildAgent=BuildAgentDTO[name=artemis-build-agent-test, memberAddress=[127.0.0.1]:5703, displayName=artemis-build-agent-test], participationId=1958, courseId=965, exerciseId=2582, retryCount=0, priority=2, status=FAILED, repositoryInfo=RepositoryInfo[repositoryName=shortc1a3f9fc03d2304b4308fa20af16d54aaa49tstexc-localvcsshintstudent1, repositoryType=user, triggeredByPushTo=user, assignmentRepositoryUri=http://localhost:49152/git/SHORTC1A3F9FC03D2304B4308FA20AF16D54AAA49TSTEXC/shortc1a3f9fc03d2304b4308fa20af16d54aaa49tstexc-localvcsshintstudent1.git, testRepositoryUri=http://localhost:49152/git/SHORTC1A3F9FC03D2304B4308FA20AF16D54AAA49TSTEXC/shortc1a3f9fc03d2304b4308fa20af16d54aaa49tstexc-tests.git, solutionRepositoryUri=null, auxiliaryRepositoryUris=[Ljava.lang.String;@53f6097c, auxiliaryRepositoryCheckoutDirectories=[Ljava.lang.String;@28f63bf7], jobTimingInfo=JobTimingInfo[submissionDate=2025-02-14T23:45:15.555989584Z[Etc/UTC], buildStartDate=2025-02-14T23:45:15.568477627Z[Etc/UTC], buildCompletionDate=2025-02-14T23:45:15.579021148Z[Etc/UTC], estimatedCompletionDate=2025-02-14T23:45:34.568443924Z[Etc/UTC], estimatedDuration=19], buildConfig=BuildConfig[buildScript=#!/bin/bash
cd /var/tmp/testing-dir
chmod +x ./gradlew
./gradlew clean test
, dockerImage=dummy-docker-image:latest, commitHashToBuild=ca76dac20e040e6609db02fd7fedd56bf58829d7, assignmentCommitHash=ca76dac20e040e6609db02fd7fedd56bf58829d7, testCommitHash=bd0d58c226dc63bfa4bc9052870589952c0a1f83, branch=main, programmingLanguage=JAVA, projectType=PLAIN_GRADLE, scaEnabled=false, sequentialTestRunsEnabled=false, resultPaths=[/var/tmp/testing-dir/**/test-results/test/*.xml], timeoutSeconds=0, assignmentCheckoutPath=null, testCheckoutPath=null, solutionCheckoutPath=null, dockerRunConfig=null], submissionResult=ResultDTO[id=627, completionDate=2025-02-14T23:45:15.579119131Z[Etc/UTC], successful=false, score=0.0, rated=true, submission=SubmissionDTO[id=820, submitted=true, type=MANUAL, exampleSubmission=null, submissionDate=2025-02-14T23:45:15.548349Z, commitHash=ca76dac20e040e6609db02fd7fedd56bf58829d7, buildFailed=true, buildArtifact=false, participation=ParticipationDTO[id=1958, testRun=false, type=programming, submissionCount=null, exercise=ParticipationExerciseDTO[id=2582, exerciseType=PROGRAMMING, type=programming, assessmentType=AUTOMATIC, dueDate=2025-02-16T23:45:15.103512Z, assessmentDueDate=null, maxPoints=42.0, course=CourseDTO[id=965, accuracyOfScores=1]]], submissionExerciseType=programming, isProcessing=false, buildStartDate=null, estimatedCompletionDate=null], participation=ParticipationDTO[id=1958, testRun=false, type=programming, submissionCount=null, exercise=ParticipationExerciseDTO[id=2582, exerciseType=PROGRAMMING, type=programming, assessmentType=AUTOMATIC, dueDate=2025-02-16T23:45:15.103512Z, assessmentDueDate=null, maxPoints=42.0, course=CourseDTO[id=965, accuracyOfScores=1]]], feedbacks=[], assessmentType=AUTOMATIC, hasComplaint=null, exampleResult=null, testCaseCount=0, passedTestCaseCount=0, codeIssueCount=0]], BuildJobQueueItem[id=19801739576719393, name=SHORTB2A6C58B0D447045380A858075B170A5B7C6TSTEXC-LOCALVCSSHINTSTUDENT1, buildAgent=BuildAgentDTO[name=artemis-build-agent-test, memberAddress=[127.0.0.1]:5703, displayName=artemis-build-agent-test], participationId=1980, courseId=974, exerciseId=2591, retryCount=0, priority=2, status=FAILED, repositoryInfo=RepositoryInfo[repositoryName=shortb2a6c58b0d447045380a858075b170a5b7c6tstexc-localvcsshintstudent1, repositoryType=user, triggeredByPushTo=user, assignmentRepositoryUri=http://localhost:49152/git/SHORTB2A6C58B0D447045380A858075B170A5B7C6TSTEXC/shortb2a6c58b0d447045380a858075b170a5b7c6tstexc-localvcsshintstudent1.git, testRepositoryUri=http://localhost:49152/git/SHORTB2A6C58B0D447045380A858075B170A5B7C6TSTEXC/shortb2a6c58b0d447045380a858075b170a5b7c6tstexc-tests.git, solutionRepositoryUri=null, auxiliaryRepositoryUris=[Ljava.lang.String;@7bccbd07, auxiliaryRepositoryCheckoutDirectories=[Ljava.lang.String;@6f8f7009], jobTimingInfo=JobTimingInfo[submissionDate=2025-02-14T23:45:19.393259829Z[Etc/UTC], buildStartDate=2025-02-14T23:45:19.405438171Z[Etc/UTC], buildCompletionDate=2025-02-14T23:45:19.414070673Z[Etc/UTC], estimatedCompletionDate=2025-02-14T23:45:38.405431569Z[Etc/UTC], estimatedDuration=19], buildConfig=BuildConfig[buildScript=#!/bin/bash
cd /var/tmp/testing-dir
chmod +x ./gradlew
./gradlew clean test
, dockerImage=dummy-docker-image:latest, commitHashToBuild=363cdbf709a9fff149f813ab848ee800a675cc77, assignmentCommitHash=363cdbf709a9fff149f813ab848ee800a675cc77, testCommitHash=a5e046ece417b2e538f21f816e2524dab61e0d10, branch=main, programmingLanguage=JAVA, projectType=PLAIN_GRADLE, scaEnabled=false, sequentialTestRunsEnabled=false, resultPaths=[/var/tmp/testing-dir/**/test-results/test/*.xml], timeoutSeconds=0, assignmentCheckoutPath=null, testCheckoutPath=null, solutionCheckoutPath=null, dockerRunConfig=null], submissionResult=ResultDTO[id=628, completionDate=2025-02-14T23:45:19.414171040Z[Etc/UTC], successful=false, score=0.0, rated=true, submission=SubmissionDTO[id=821, submitted=true, type=MANUAL, exampleSubmission=null, submissionDate=2025-02-14T23:45:19.376840Z, commitHash=363cdbf709a9fff149f813ab848ee800a675cc77, buildFailed=true, buildArtifact=false, participation=ParticipationDTO[id=1980, testRun=false, type=programming, submissionCount=null, exercise=ParticipationExerciseDTO[id=2591, exerciseType=PROGRAMMING, type=programming, assessmentType=AUTOMATIC, dueDate=2025-02-16T23:45:18.950569Z, assessmentDueDate=null, maxPoints=42.0, course=CourseDTO[id=974, accuracyOfScores=1]]], submissionExerciseType=programming, isProcessing=false, buildStartDate=null, estimatedCompletionDate=null], participation=ParticipationDTO[id=1980, testRun=false, type=programming, submissionCount=null, exercise=ParticipationExerciseDTO[id=2591, exerciseType=PROGRAMMING, type=programming, assessmentType=AUTOMATIC, dueDate=2025-02-16T23:45:18.950569Z, assessmentDueDate=null, maxPoints=42.0, course=CourseDTO[id=974, accuracyOfScores=1]]], feedbacks=[], assessmentType=AUTOMATIC, hasComplaint=null, exampleResult=null, testCaseCount=0, passedTestCaseCount=0, codeIssueCount=0]], BuildJobQueueItem[id=19791739576719787, name=SHORTB2A6C58B0D447045380A858075B170A5B7C6TSTEXC-BASE, buildAgent=BuildAgentDTO[name=artemis-build-agent-test, memberAddress=[127.0.0.1]:5703, displayName=artemis-build-agent-test], participationId=1979, courseId=974, exerciseId=2591, retryCount=0, priority=2, status=FAILED, repositoryInfo=RepositoryInfo[repositoryName=shortb2a6c58b0d447045380a858075b170a5b7c6tstexc-exercise, repositoryType=exercise, triggeredByPushTo=exercise, assignmentRepositoryUri=http://localhost:49152/git/SHORTB2A6C58B0D447045380A858075B170A5B7C6TSTEXC/shortb2a6c58b0d447045380a858075b170a5b7c6tstexc-exercise.git, testRepositoryUri=http://localhost:49152/git/SHORTB2A6C58B0D447045380A858075B170A5B7C6TSTEXC/shortb2a6c58b0d447045380a858075b170a5b7c6tstexc-tests.git, solutionRepositoryUri=null, auxiliaryRepositoryUris=[Ljava.lang.String;@c51396d, auxiliaryRepositoryCheckoutDirectories=[Ljava.lang.String;@15618293], jobTimingInfo=JobTimingInfo[submissionDate=2025-02-14T23:45:19.787985058Z[Etc/UTC], buildStartDate=2025-02-14T23:45:19.796327417Z[Etc/UTC], buildCompletionDate=2025-02-14T23:45:19.799750982Z[Etc/UTC], estimatedCompletionDate=2025-02-14T23:45:38.796319082Z[Etc/UTC], estimatedDuration=19], buildConfig=BuildConfig[buildScript=#!/bin/bash
cd /var/tmp/testing-dir
chmod +x ./gradlew
./gradlew clean test
, dockerImage=dummy-docker-image:latest, commitHashToBuild=363cdbf709a9fff149f813ab848ee800a675cc77, assignmentCommitHash=363cdbf709a9fff149f813ab848ee800a675cc77, testCommitHash=a5e046ece417b2e538f21f816e2524dab61e0d10, branch=main, programmingLanguage=JAVA, projectType=PLAIN_GRADLE, scaEnabled=false, sequentialTestRunsEnabled=false, resultPaths=[/var/tmp/testing-dir/**/test-results/test/*.xml], timeoutSeconds=0, assignmentCheckoutPath=null, testCheckoutPath=null, solutionCheckoutPath=null, dockerRunConfig=null], submissionResult=ResultDTO[id=629, completionDate=2025-02-14T23:45:19.799820341Z[Etc/UTC], successful=false, score=0.0, rated=true, submission=SubmissionDTO[id=822, submitted=true, type=MANUAL, exampleSubmission=null, submissionDate=2025-02-14T23:45:19.775952Z, commitHash=363cdbf709a9fff149f813ab848ee800a675cc77, buildFailed=true, buildArtifact=false, participation=ParticipationDTO[id=1979, testRun=false, type=template, submissionCount=null, exercise=ParticipationExerciseDTO[id=2591, exerciseType=PROGRAMMING, type=programming, assessmentType=AUTOMATIC, dueDate=2025-02-16T23:45:18.950569Z, assessmentDueDate=null, maxPoints=42.0, course=CourseDTO[id=974, accuracyOfScores=1]]], submissionExerciseType=programming, isProcessing=false, buildStartDate=null, estimatedCompletionDate=null], participation=ParticipationDTO[id=1979, testRun=false, type=template, submissionCount=null, exercise=ParticipationExerciseDTO[id=2591, exerciseType=PROGRAMMING, type=programming, assessmentType=AUTOMATIC, dueDate=2025-02-16T23:45:18.950569Z, assessmentDueDate=null, maxPoints=42.0, course=CourseDTO[id=974, accuracyOfScores=1]]], feedbacks=[], assessmentType=AUTOMATIC, hasComplaint=null, exampleResult=null, testCaseCount=0, passedTestCaseCount=0, codeIssueCount=0]], BuildJobQueueItem[id=19781739576720235, name=SHORTB2A6C58B0D447045380A858075B170A5B7C6TSTEXC-SOLUTION, buildAgent=BuildAgentDTO[name=artemis-build-agent-test, memberAddress=[127.0.0.1]:5703, displayName=artemis-build-agent-test], participationId=1978, courseId=974, exerciseId=2591, retryCount=0, priority=2, status=FAILED, repositoryInfo=RepositoryInfo[repositoryName=shortb2a6c58b0d447045380a858075b170a5b7c6tstexc-solution, repositoryType=solution, triggeredByPushTo=solution, assignmentRepositoryUri=http://localhost:49152/git/SHORTB2A6C58B0D447045380A858075B170A5B7C6TSTEXC/shortb2a6c58b0d447045380a858075b170a5b7c6tstexc-solution.git, testRepositoryUri=http://localhost:49152/git/SHORTB2A6C58B0D447045380A858075B170A5B7C6TSTEXC/shortb2a6c58b0d447045380a858075b170a5b7c6tstexc-tests.git, solutionRepositoryUri=null, auxiliaryRepositoryUris=[Ljava.lang.String;@b5b31bd, auxiliaryRepositoryCheckoutDirectories=[Ljava.lang.String;@1fc017e7], jobTimingInfo=JobTimingInfo[submissionDate=2025-02-14T23:45:20.235272325Z[Etc/UTC], buildStartDate=2025-02-14T23:45:20.243033812Z[Etc/UTC], buildCompletionDate=2025-02-14T23:45:20.250721018Z[Etc/UTC], estimatedCompletionDate=2025-02-14T23:45:39.243026949Z[Etc/UTC], estimatedDuration=19], buildConfig=BuildConfig[buildScript=#!/bin/bash
cd /var/tmp/testing-dir
chmod +x ./gradlew
./gradlew clean test
, dockerImage=dummy-docker-image:latest, commitHashToBuild=c710d0e68c9c7db8cda7d1a278308de2b9642cc0, assignmentCommitHash=c710d0e68c9c7db8cda7d1a278308de2b9642cc0, testCommitHash=a5e046ece417b2e538f21f816e2524dab61e0d10, branch=main, programmingLanguage=JAVA, projectType=PLAIN_GRADLE, scaEnabled=false, sequentialTestRunsEnabled=false, resultPaths=[/var/tmp/testing-dir/**/test-results/test/*.xml], timeoutSeconds=0, assignmentCheckoutPath=null, testCheckoutPath=null, solutionCheckoutPath=null, dockerRunConfig=null], submissionResult=ResultDTO[id=630, completionDate=2025-02-14T23:45:20.250809893Z[Etc/UTC], successful=false, score=0.0, rated=true, submission=SubmissionDTO[id=823, submitted=true, type=MANUAL, exampleSubmission=null, submissionDate=2025-02-14T23:45:20.211707Z, commitHash=c710d0e68c9c7db8cda7d1a278308de2b9642cc0, buildFailed=true, buildArtifact=false, participation=ParticipationDTO[id=1978, testRun=false, type=solution, submissionCount=null, exercise=ParticipationExerciseDTO[id=2591, exerciseType=PROGRAMMING, type=programming, assessmentType=AUTOMATIC, dueDate=2025-02-16T23:45:18.950569Z, assessmentDueDate=null, maxPoints=42.0, course=CourseDTO[id=974, accuracyOfScores=1]]], submissionExerciseType=programming, isProcessing=false, buildStartDate=null, estimatedCompletionDate=null], participation=ParticipationDTO[id=1978, testRun=false, type=solution, submissionCount=null, exercise=ParticipationExerciseDTO[id=2591, exerciseType=PROGRAMMING, type=programming, assessmentType=AUTOMATIC, dueDate=2025-02-16T23:45:18.950569Z, assessmentDueDate=null, maxPoints=42.0, course=CourseDTO[id=974, accuracyOfScores=1]]], feedbacks=[], assessmentType=AUTOMATIC, hasComplaint=null, exampleResult=null, testCaseCount=0, passedTestCaseCount=0, codeIssueCount=0]], BuildJobQueueItem[id=19781739576720802, name=SHORTB2A6C58B0D447045380A858075B170A5B7C6TSTEXC-SOLUTION, buildAgent=BuildAgentDTO[name=artemis-build-agent-test, memberAddress=[127.0.0.1]:5703, displayName=artemis-build-agent-test], participationId=1978, courseId=974, exerciseId=2591, retryCount=0, priority=2, status=FAILED, repositoryInfo=RepositoryInfo[repositoryName=shortb2a6c58b0d447045380a858075b170a5b7c6tstexc-solution, repositoryType=solution, triggeredByPushTo=tests, assignmentRepositoryUri=http://localhost:49152/git/SHORTB2A6C58B0D447045380A858075B170A5B7C6TSTEXC/shortb2a6c58b0d447045380a858075b170a5b7c6tstexc-solution.git, testRepositoryUri=http://localhost:49152/git/SHORTB2A6C58B0D447045380A858075B170A5B7C6TSTEXC/shortb2a6c58b0d447045380a858075b170a5b7c6tstexc-tests.git, solutionRepositoryUri=null, auxiliaryRepositoryUris=[Ljava.lang.String;@1a5fdf23, auxiliaryRepositoryCheckoutDirectories=[Ljava.lang.String;@3b3b3e1], jobTimingInfo=JobTimingInfo[submissionDate=2025-02-14T23:45:20.802935026Z[Etc/UTC], buildStartDate=2025-02-14T23:45:20.809306435Z[Etc/UTC], buildCompletionDate=2025-02-14T23:45:20.822452342Z[Etc/UTC], estimatedCompletionDate=2025-02-14T23:45:39.809298491Z[Etc/UTC], estimatedDuration=19], buildConfig=BuildConfig[buildScript=#!/bin/bash
cd /var/tmp/testing-dir
chmod +x ./gradlew
./gradlew clean test
, dockerImage=dummy-docker-image:latest, commitHashToBuild=c710d0e68c9c7db8cda7d1a278308de2b9642cc0, assignmentCommitHash=c710d0e68c9c7db8cda7d1a278308de2b9642cc0, testCommitHash=c710d0e68c9c7db8cda7d1a278308de2b9642cc0, branch=main, programmingLanguage=JAVA, projectType=PLAIN_GRADLE, scaEnabled=false, sequentialTestRunsEnabled=false, resultPaths=[/var/tmp/testing-dir/**/test-results/test/*.xml], timeoutSeconds=0, assignmentCheckoutPath=null, testCheckoutPath=null, solutionCheckoutPath=null, dockerRunConfig=null], submissionResult=ResultDTO[id=631, completionDate=2025-02-14T23:45:20.822527362Z[Etc/UTC], successful=false, score=0.0, rated=true, submission=SubmissionDTO[id=824, submitted=true, type=TEST, exampleSubmission=null, submissionDate=2025-02-14T23:45:20.791240Z, commitHash=c710d0e68c9c7db8cda7d1a278308de2b9642cc0, buildFailed=true, buildArtifact=false, participation=ParticipationDTO[id=1978, testRun=false, type=solution, submissionCount=null, exercise=ParticipationExerciseDTO[id=2591, exerciseType=PROGRAMMING, type=programming, assessmentType=AUTOMATIC, dueDate=2025-02-16T23:45:18.950569Z, assessmentDueDate=null, maxPoints=42.0, course=CourseDTO[id=974, accuracyOfScores=1]]], submissionExerciseType=programming, isProcessing=false, buildStartDate=null, estimatedCompletionDate=null], participation=ParticipationDTO[id=1978, testRun=false, type=solution, submissionCount=null, exercise=ParticipationExerciseDTO[id=2591, exerciseType=PROGRAMMING, type=programming, assessmentType=AUTOMATIC, dueDate=2025-02-16T23:45:18.950569Z, assessmentDueDate=null, maxPoints=42.0, course=CourseDTO[id=974, accuracyOfScores=1]]], feedbacks=[], assessmentType=AUTOMATIC, hasComplaint=null, exampleResult=null, testCaseCount=0, passedTestCaseCount=0, codeIssueCount=0]], BuildJobQueueItem[id=20061739576732554, name=SHORT94A899E303D7504C5D0840704DAAFA3DFF4DTSTEXC-LOCALVCCIINTINSTRUCTOR1, buildAgent=BuildAgentDTO[name=artemis-build-agent-test, memberAddress=[127.0.0.1]:5703, displayName=artemis-build-agent-test], participationId=2006, courseId=984, exerciseId=2601, retryCount=0, priority=2, status=SUCCESSFUL, repositoryInfo=RepositoryInfo[repositoryName=short94a899e303d7504c5d0840704daafa3dff4dtstexc-localvcciintinstructor1, repositoryType=user, triggeredByPushTo=user, assignmentRepositoryUri=http://localhost:49152/git/SHORT94A899E303D7504C5D0840704DAAFA3DFF4DTSTEXC/short94a899e303d7504c5d0840704daafa3dff4dtstexc-localvcciintinstructor1.git, testRepositoryUri=http://localhost:49152/git/SHORT94A899E303D7504C5D0840704DAAFA3DFF4DTSTEXC/short94a899e303d7504c5d0840704daafa3dff4dtstexc-tests.git, solutionRepositoryUri=null, auxiliaryRepositoryUris=[Ljava.lang.String;@5137acf3, auxiliaryRepositoryCheckoutDirectories=[Ljava.lang.String;@4e57e61d], jobTimingInfo=JobTimingInfo[submissionDate=2025-02-14T23:45:32.554795798Z[Etc/UTC], buildStartDate=2025-02-14T23:45:32.567287465Z[Etc/UTC], buildCompletionDate=2025-02-14T23:45:34.535226768Z[Etc/UTC], estimatedCompletionDate=2025-02-14T23:45:51.567257960Z[Etc/UTC], estimatedDuration=19], buildConfig=BuildConfig[buildScript=#!/bin/bash
cd /var/tmp/testing-dir
chmod +x ./gradlew
./gradlew clean test
, dockerImage=dummy-docker-image:latest, commitHashToBuild=ca2dbc0ae87edf7035058a6a17c0ea60e90a290f, assignmentCommitHash=ca2dbc0ae87edf7035058a6a17c0ea60e90a290f, testCommitHash=0207f6f98af5fbb66ad68455f3fc3cf128af8ae9, branch=main, programmingLanguage=JAVA, projectType=PLAIN_GRADLE, scaEnabled=false, sequentialTestRunsEnabled=false, resultPaths=[/var/tmp/testing-dir/**/test-results/test/*.xml], timeoutSeconds=0, assignmentCheckoutPath=null, testCheckoutPath=null, solutionCheckoutPath=null, dockerRunConfig=null], submissionResult=ResultDTO[id=632, completionDate=2025-02-14T23:45:34.504415716Z[Etc/UTC], successful=false, score=7.7, rated=false, submission=SubmissionDTO[id=826, submitted=true, type=MANUAL, exampleSubmission=null, submissionDate=2025-02-14T23:45:32.541533Z, commitHash=ca2dbc0ae87edf7035058a6a17c0ea60e90a290f, buildFailed=false, buildArtifact=false, participation=ParticipationDTO[id=2006, testRun=true, type=programming, submissionCount=null, exercise=ParticipationExerciseDTO[id=2601, exerciseType=PROGRAMMING, type=programming, assessmentType=AUTOMATIC, dueDate=2025-02-16T23:45:31.864042Z, assessmentDueDate=null, maxPoints=42.0, course=CourseDTO[id=984, accuracyOfScores=1]]], submissionExerciseType=programming, isProcessing=false, buildStartDate=null, estimatedCompletionDate=null], participation=ParticipationDTO[id=2006, testRun=true, type=programming, submissionCount=null, exercise=ParticipationExerciseDTO[id=2601, exerciseType=PROGRAMMING, type=programming, assessmentType=AUTOMATIC, dueDate=2025-02-16T23:45:31.864042Z, assessmentDueDate=null, maxPoints=42.0, course=CourseDTO[id=984, accuracyOfScores=1]]], feedbacks=[FeedbackDTO[id=920, text=null, detailText=The exercise expects a class with the name Context in the package testpackage. You did not implement the class in the exercise., hasLongFeedbackText=false, reference=null, credits=0.0, positive=false, type=AUTOMATIC, visibility=ALWAYS, testCase=TestCaseDTO[testName=null, id=1357]], FeedbackDTO[id=921, text=null, detailText=The exercise expects a class with the name Policy in the package testpackage. You did not implement the class in the exercise., hasLongFeedbackText=false, reference=null, credits=0.0, positive=false, type=AUTOMATIC, visibility=ALWAYS, testCase=TestCaseDTO[testName=null, id=1358]], FeedbackDTO[id=922, text=null, detailText=The exercise expects a class with the name SortStrategy in the package testpackage. You did not implement the class in the exercise., hasLongFeedbackText=false, reference=null, credits=0.0, positive=false, type=AUTOMATIC, visibility=ALWAYS, testCase=TestCaseDTO[testName=null, id=1359]], FeedbackDTO[id=923, text=null, detailText=The class 'MergeSort' does not implement the interface 'SortStrategy' as expected. Implement the interface and its methods., hasLongFeedbackText=false, reference=null, credits=0.0, positive=false, type=AUTOMATIC, visibility=ALWAYS, testCase=TestCaseDTO[testName=null, id=1354]], FeedbackDTO[id=924, text=null, detailText=The exercise expects a class with the name SortStrategy in the package testpackage. You did not implement the class in the exercise., hasLongFeedbackText=false, reference=null, credits=0.0, positive=false, type=AUTOMATIC, visibility=ALWAYS, testCase=TestCaseDTO[testName=null, id=1351]], FeedbackDTO[id=925, text=null, detailText=The class 'BubbleSort' does not implement the interface 'SortStrategy' as expected. Implement the interface and its methods., hasLongFeedbackText=false, reference=null, credits=0.0, positive=false, type=AUTOMATIC, visibility=ALWAYS, testCase=TestCaseDTO[testName=null, id=1355]], FeedbackDTO[id=926, text=null, detailText=MergeSort does not sort correctly, hasLongFeedbackText=false, reference=null, credits=0.0, positive=false, type=AUTOMATIC, visibility=ALWAYS, testCase=TestCaseDTO[testName=null, id=1360]], FeedbackDTO[id=927, text=null, detailText=The class 'Context' was not found within the submission. Make sure to implement it properly., hasLongFeedbackText=false, reference=null, credits=0.0, positive=false, type=AUTOMATIC, visibility=ALWAYS, testCase=TestCaseDTO[testName=null, id=1361]], FeedbackDTO[id=928, text=null, detailText=The class 'Context' was not found within the submission. Make sure to implement it properly., hasLongFeedbackText=false, reference=null, credits=0.0, positive=false, type=AUTOMATIC, visibility=ALWAYS, testCase=TestCaseDTO[testName=null, id=1362]], FeedbackDTO[id=929, text=null, detailText=The exercise expects a class with the name Policy in the package testpackage. You did not implement the class in the exercise., hasLongFeedbackText=false, reference=null, credits=0.0, positive=false, type=AUTOMATIC, visibility=ALWAYS, testCase=TestCaseDTO[testName=null, id=1356]], FeedbackDTO[id=930, text=null, detailText=The exercise expects a class with the name Context in the package testpackage. You did not implement the class in the exercise., hasLongFeedbackText=false, reference=null, credits=0.0, positive=false, type=AUTOMATIC, visibility=ALWAYS, testCase=TestCaseDTO[testName=null, id=1352]], FeedbackDTO[id=931, text=null, detailText=The exercise expects a class with the name Policy in the package testpackage. You did not implement the class in the exercise., hasLongFeedbackText=false, reference=null, credits=0.0, positive=false, type=AUTOMATIC, visibility=ALWAYS, testCase=TestCaseDTO[testName=null, id=1353]], FeedbackDTO[id=932, text=null, detailText=null, hasLongFeedbackText=false, reference=null, credits=3.230769230769231, positive=true, type=AUTOMATIC, visibility=ALWAYS, testCase=TestCaseDTO[testName=null, id=1363]]], assessmentType=AUTOMATIC, hasComplaint=null, exampleResult=null, testCaseCount=13, passedTestCaseCount=1, codeIssueCount=0]], BuildJobQueueItem[id=20111739576737317, name=SHORTD49A6DAE04F9E049850BD5601663FD17A5B7TSTEXC-BASE, buildAgent=BuildAgentDTO[name=artemis-build-agent-test, memberAddress=[127.0.0.1]:5703, displayName=artemis-build-agent-test], participationId=2011, courseId=986, exerciseId=2603, retryCount=0, priority=2, status=SUCCESSFUL, repositoryInfo=RepositoryInfo[repositoryName=shortd49a6dae04f9e049850bd5601663fd17a5b7tstexc-exercise, repositoryType=exercise, triggeredByPushTo=exercise, assignmentRepositoryUri=http://localhost:49152/git/SHORTD49A6DAE04F9E049850BD5601663FD17A5B7TSTEXC/shortd49a6dae04f9e049850bd5601663fd17a5b7tstexc-exercise.git, testRepositoryUri=http://localhost:49152/git/SHORTD49A6DAE04F9E049850BD5601663FD17A5B7TSTEXC/shortd49a6dae04f9e049850bd5601663fd17a5b7tstexc-tests.git, solutionRepositoryUri=null, auxiliaryRepositoryUris=[Ljava.lang.String;@2a159e33, auxiliaryRepositoryCheckoutDirectories=[Ljava.lang.String;@34270c2b], jobTimingInfo=JobTimingInfo[submissionDate=2025-02-14T23:45:37.317968648Z[Etc/UTC], buildStartDate=2025-02-14T23:45:37.324534774Z[Etc/UTC], buildCompletionDate=2025-02-14T23:45:38.527225461Z[Etc/UTC], estimatedCompletionDate=2025-02-14T23:45:56.324506331Z[Etc/UTC], estimatedDuration=19], buildConfig=BuildConfig[buildScript=#!/bin/bash
cd /var/tmp/testing-dir
chmod +x ./gradlew
./gradlew clean test
, dockerImage=dummy-docker-image:latest, commitHashToBuild=c795243c185829bbefa399f45dcbcfac22311b2f, assignmentCommitHash=c795243c185829bbefa399f45dcbcfac22311b2f, testCommitHash=fa8b162170bf767d852e05e0eb7a128efa2e1f34, branch=main, programmingLanguage=JAVA, projectType=PLAIN_GRADLE, scaEnabled=false, sequentialTestRunsEnabled=false, resultPaths=[/var/tmp/testing-dir/**/test-results/test/*.xml], timeoutSeconds=0, assignmentCheckoutPath=null, testCheckoutPath=null, solutionCheckoutPath=null, dockerRunConfig=null], submissionResult=ResultDTO[id=633, completionDate=2025-02-14T23:45:38.476795726Z[Etc/UTC], successful=false, score=0.0, rated=true, submission=SubmissionDTO[id=827, submitted=true, type=MANUAL, exampleSubmission=null, submissionDate=2025-02-14T23:45:37.303401Z, commitHash=c795243c185829bbefa399f45dcbcfac22311b2f, buildFailed=false, buildArtifact=false, participation=ParticipationDTO[id=2011, testRun=false, type=template, submissionCount=null, exercise=ParticipationExerciseDTO[id=2603, exerciseType=PROGRAMMING, type=programming, assessmentType=AUTOMATIC, dueDate=2025-02-16T23:45:36.830269Z, assessmentDueDate=null, maxPoints=42.0, course=CourseDTO[id=986, accuracyOfScores=1]]], submissionExerciseType=programming, isProcessing=false, buildStartDate=null, estimatedCompletionDate=null], participation=ParticipationDTO[id=2011, testRun=false, type=template, submissionCount=null, exercise=ParticipationExerciseDTO[id=2603, exerciseType=PROGRAMMING, type=programming, assessmentType=AUTOMATIC, dueDate=2025-02-16T23:45:36.830269Z, assessmentDueDate=null, maxPoints=42.0, course=CourseDTO[id=986, accuracyOfScores=1]]], feedbacks=[FeedbackDTO[id=933, text=null, detailText=The exercise expects a class with the name Context in the package testpackage. You did not implement the class in the exercise., hasLongFeedbackText=false, reference=null, credits=0.0, positive=false, type=AUTOMATIC, visibility=ALWAYS, testCase=TestCaseDTO[testName=testMethods[Context], id=1383]], FeedbackDTO[id=934, text=null, detailText=The exercise expects a class with the name Policy in the package testpackage. You did not implement the class in the exercise., hasLongFeedbackText=false, reference=null, credits=0.0, positive=false, type=AUTOMATIC, visibility=ALWAYS, testCase=TestCaseDTO[testName=testMethods[Policy], id=1384]], FeedbackDTO[id=935, text=null, detailText=The exercise expects a class with the name SortStrategy in the package testpackage. You did not implement the class in the exercise., hasLongFeedbackText=false, reference=null, credits=0.0, positive=false, type=AUTOMATIC, visibility=ALWAYS, testCase=TestCaseDTO[testName=testMethods[SortStrategy], id=1385]], FeedbackDTO[id=936, text=null, detailText=The class 'MergeSort' does not implement the interface 'SortStrategy' as expected. Implement the interface and its methods., hasLongFeedbackText=false, reference=null, credits=0.0, positive=false, type=AUTOMATIC, visibility=ALWAYS, testCase=TestCaseDTO[testName=testClass[MergeSort], id=1380]], FeedbackDTO[id=937, text=null, detailText=The exercise expects a class with the name SortStrategy in the package testpackage. You did not implement the class in the exercise., hasLongFeedbackText=false, reference=null, credits=0.0, positive=false, type=AUTOMATIC, visibility=ALWAYS, testCase=TestCaseDTO[testName=testClass[SortStrategy], id=1377]], FeedbackDTO[id=938, text=null, detailText=The class 'BubbleSort' does not implement the interface 'SortStrategy' as expected. Implement the interface and its methods., hasLongFeedbackText=false, reference=null, credits=0.0, positive=false, type=AUTOMATIC, visibility=ALWAYS, testCase=TestCaseDTO[testName=testClass[BubbleSort], id=1381]], FeedbackDTO[id=939, text=null, detailText=MergeSort does not sort correctly, hasLongFeedbackText=false, reference=null, credits=0.0, positive=false, type=AUTOMATIC, visibility=ALWAYS, testCase=TestCaseDTO[testName=testMergeSort(), id=1386]], FeedbackDTO[id=940, text=null, detailText=The class 'Context' was not found within the submission. Make sure to implement it properly., hasLongFeedbackText=false, reference=null, credits=0.0, positive=false, type=AUTOMATIC, visibility=ALWAYS, testCase=TestCaseDTO[testName=testUseBubbleSortForSmallList(), id=1387]], FeedbackDTO[id=941, text=null, detailText=BubbleSort does not sort correctly, hasLongFeedbackText=false, reference=null, credits=0.0, positive=false, type=AUTOMATIC, visibility=ALWAYS, testCase=TestCaseDTO[testName=testBubbleSort(), id=1389]], FeedbackDTO[id=942, text=null, detailText=The class 'Context' was not found within the submission. Make sure to implement it properly., hasLongFeedbackText=false, reference=null, credits=0.0, positive=false, type=AUTOMATIC, visibility=ALWAYS, testCase=TestCaseDTO[testName=testUseMergeSortForBigList(), id=1388]], FeedbackDTO[id=943, text=null, detailText=The exercise expects a class with the name Policy in the package testpackage. You did not implement the class in the exercise., hasLongFeedbackText=false, reference=null, credits=0.0, positive=false, type=AUTOMATIC, visibility=ALWAYS, testCase=TestCaseDTO[testName=testConstructors[Policy], id=1382]], FeedbackDTO[id=944, text=null, detailText=The exercise expects a class with the name Context in the package testpackage. You did not implement the class in the exercise., hasLongFeedbackText=false, reference=null, credits=0.0, positive=false, type=AUTOMATIC, visibility=ALWAYS, testCase=TestCaseDTO[testName=testAttributes[Context], id=1378]], FeedbackDTO[id=945, text=null, detailText=The exercise expects a class with the name Policy in the package testpackage. You did not implement the class in the exercise., hasLongFeedbackText=false, reference=null, credits=0.0, positive=false, type=AUTOMATIC, visibility=ALWAYS, testCase=TestCaseDTO[testName=testAttributes[Policy], id=1379]]], assessmentType=AUTOMATIC, hasComplaint=null, exampleResult=null, testCaseCount=13, passedTestCaseCount=0, codeIssueCount=0]], BuildJobQueueItem[id=20171739576740018, name=SHORT7914AFA00ADC3047140B99D01AC07810CE44TSTEXC-LOCALVCCIINTSTUDENT1, buildAgent=BuildAgentDTO[name=artemis-build-agent-test, memberAddress=[127.0.0.1]:5703, displayName=artemis-build-agent-test], participationId=2017, courseId=988, exerciseId=2605, retryCount=0, priority=2, status=SUCCESSFUL, repositoryInfo=RepositoryInfo[repositoryName=short7914afa00adc3047140b99d01ac07810ce44tstexc-practice-localvcciintstudent1, repositoryType=user, triggeredByPushTo=user, assignmentRepositoryUri=http://localhost:49152/git/SHORT7914AFA00ADC3047140B99D01AC07810CE44TSTEXC/short7914afa00adc3047140b99d01ac07810ce44tstexc-practice-localvcciintstudent1.git, testRepositoryUri=http://localhost:49152/git/SHORT7914AFA00ADC3047140B99D01AC07810CE44TSTEXC/short7914afa00adc3047140b99d01ac07810ce44tstexc-tests.git, solutionRepositoryUri=null, auxiliaryRepositoryUris=[Ljava.lang.String;@581b6e68, auxiliaryRepositoryCheckoutDirectories=[Ljava.lang.String;@290d0c78], jobTimingInfo=JobTimingInfo[submissionDate=2025-02-14T23:45:40.018961253Z[Etc/UTC], buildStartDate=2025-02-14T23:45:40.029742701Z[Etc/UTC], buildCompletionDate=2025-02-14T23:45:41.150208242Z[Etc/UTC], estimatedCompletionDate=2025-02-14T23:45:59.029734065Z[Etc/UTC], estimatedDuration=19], buildConfig=BuildConfig[buildScript=#!/bin/bash
cd /var/tmp/testing-dir
chmod +x ./gradlew
./gradlew clean test
, dockerImage=dummy-docker-image:latest, commitHashToBuild=d80b57877989b971e83ccdb4863c8a7023c76266, assignmentCommitHash=d80b57877989b971e83ccdb4863c8a7023c76266, testCommitHash=327b116890c92b1312314341f43f21ef13ecf7d7, branch=main, programmingLanguage=JAVA, projectType=PLAIN_GRADLE, scaEnabled=false, sequentialTestRunsEnabled=false, resultPaths=[/var/tmp/testing-dir/**/test-results/test/*.xml], timeoutSeconds=0, assignmentCheckoutPath=null, testCheckoutPath=null, solutionCheckoutPath=null, dockerRunConfig=null], submissionResult=ResultDTO[id=634, completionDate=2025-02-14T23:45:41.120192603Z[Etc/UTC], successful=false, score=7.7, rated=false, submission=SubmissionDTO[id=828, submitted=true, type=MANUAL, exampleSubmission=null, submissionDate=2025-02-14T23:45:40.008666Z, commitHash=d80b57877989b971e83ccdb4863c8a7023c76266, buildFailed=false, buildArtifact=false, participation=ParticipationDTO[id=2017, testRun=true, type=programming, submissionCount=null, exercise=ParticipationExerciseDTO[id=2605, exerciseType=PROGRAMMING, type=programming, assessmentType=AUTOMATIC, dueDate=2025-02-16T23:45:39.523500Z, assessmentDueDate=null, maxPoints=42.0, course=CourseDTO[id=988, accuracyOfScores=1]]], submissionExerciseType=programming, isProcessing=false, buildStartDate=null, estimatedCompletionDate=null], participation=ParticipationDTO[id=2017, testRun=true, type=programming, submissionCount=null, exercise=ParticipationExerciseDTO[id=2605, exerciseType=PROGRAMMING, type=programming, assessmentType=AUTOMATIC, dueDate=2025-02-16T23:45:39.523500Z, assessmentDueDate=null, maxPoints=42.0, course=CourseDTO[id=988, accuracyOfScores=1]]], feedbacks=[FeedbackDTO[id=946, text=null, detailText=The exercise expects a class with the name Context in the package testpackage. You did not implement the class in the exercise., hasLongFeedbackText=false, reference=null, credits=0.0, positive=false, type=AUTOMATIC, visibility=ALWAYS, testCase=TestCaseDTO[testName=null, id=1409]], FeedbackDTO[id=947, text=null, detailText=The exercise expects a class with the name Policy in the package testpackage. You did not implement the class in the exercise., hasLongFeedbackText=false, reference=null, credits=0.0, positive=false, type=AUTOMATIC, visibility=ALWAYS, testCase=TestCaseDTO[testName=null, id=1410]], FeedbackDTO[id=948, text=null, detailText=The exercise expects a class with the name SortStrategy in the package testpackage. You did not implement the class in the exercise., hasLongFeedbackText=false, reference=null, credits=0.0, positive=false, type=AUTOMATIC, visibility=ALWAYS, testCase=TestCaseDTO[testName=null, id=1411]], FeedbackDTO[id=949, text=null, detailText=The class 'MergeSort' does not implement the interface 'SortStrategy' as expected. Implement the interface and its methods., hasLongFeedbackText=false, reference=null, credits=0.0, positive=false, type=AUTOMATIC, visibility=ALWAYS, testCase=TestCaseDTO[testName=null, id=1406]], FeedbackDTO[id=950, text=null, detailText=The exercise expects a class with the name SortStrategy in the package testpackage. You did not implement the class in the exercise., hasLongFeedbackText=false, reference=null, credits=0.0, positive=false, type=AUTOMATIC, visibility=ALWAYS, testCase=TestCaseDTO[testName=null, id=1403]], FeedbackDTO[id=951, text=null, detailText=The class 'BubbleSort' does not implement the interface 'SortStrategy' as expected. Implement the interface and its methods., hasLongFeedbackText=false, reference=null, credits=0.0, positive=false, type=AUTOMATIC, visibility=ALWAYS, testCase=TestCaseDTO[testName=null, id=1407]], FeedbackDTO[id=952, text=null, detailText=MergeSort does not sort correctly, hasLongFeedbackText=false, reference=null, credits=0.0, positive=false, type=AUTOMATIC, visibility=ALWAYS, testCase=TestCaseDTO[testName=null, id=1412]], FeedbackDTO[id=953, text=null, detailText=The class 'Context' was not found within the submission. Make sure to implement it properly., hasLongFeedbackText=false, reference=null, credits=0.0, positive=false, type=AUTOMATIC, visibility=ALWAYS, testCase=TestCaseDTO[testName=null, id=1413]], FeedbackDTO[id=954, text=null, detailText=The class 'Context' was not found within the submission. Make sure to implement it properly., hasLongFeedbackText=false, reference=null, credits=0.0, positive=false, type=AUTOMATIC, visibility=ALWAYS, testCase=TestCaseDTO[testName=null, id=1414]], FeedbackDTO[id=955, text=null, detailText=The exercise expects a class with the name Policy in the package testpackage. You did not implement the class in the exercise., hasLongFeedbackText=false, reference=null, credits=0.0, positive=false, type=AUTOMATIC, visibility=ALWAYS, testCase=TestCaseDTO[testName=null, id=1408]], FeedbackDTO[id=956, text=null, detailText=The exercise expects a class with the name Context in the package testpackage. You did not implement the class in the exercise., hasLongFeedbackText=false, reference=null, credits=0.0, positive=false, type=AUTOMATIC, visibility=ALWAYS, testCase=TestCaseDTO[testName=null, id=1404]], FeedbackDTO[id=957, text=null, detailText=The exercise expects a class with the name Policy in the package testpackage. You did not implement the class in the exercise., hasLongFeedbackText=false, reference=null, credits=0.0, positive=false, type=AUTOMATIC, visibility=ALWAYS, testCase=TestCaseDTO[testName=null, id=1405]], FeedbackDTO[id=958, text=null, detailText=null, hasLongFeedbackText=false, reference=null, credits=3.230769230769231, positive=true, type=AUTOMATIC, visibility=ALWAYS, testCase=TestCaseDTO[testName=null, id=1415]]], assessmentType=AUTOMATIC, hasComplaint=null, exampleResult=null, testCaseCount=13, passedTestCaseCount=1, codeIssueCount=0]], BuildJobQueueItem[id=20261739576743984, name=SHORT53C73BE505404043100AC2F00C039353CE8FTSTEXC-LOCALVCCIINTSTUDENT1, buildAgent=BuildAgentDTO[name=artemis-build-agent-test, memberAddress=[127.0.0.1]:5703, displayName=artemis-build-agent-test], participationId=2026, courseId=991, exerciseId=2608, retryCount=0, priority=1, status=SUCCESSFUL, repositoryInfo=RepositoryInfo[repositoryName=short53c73be505404043100ac2f00c039353ce8ftstexc-localvcciintstudent1, repositoryType=user, triggeredByPushTo=user, assignmentRepositoryUri=http://localhost:49152/git/SHORT53C73BE505404043100AC2F00C039353CE8FTSTEXC/short53c73be505404043100ac2f00c039353ce8ftstexc-localvcciintstudent1.git, testRepositoryUri=http://localhost:49152/git/SHORT53C73BE505404043100AC2F00C039353CE8FTSTEXC/short53c73be505404043100ac2f00c039353ce8ftstexc-tests.git, solutionRepositoryUri=null, auxiliaryRepositoryUris=[Ljava.lang.String;@2f6feb6c, auxiliaryRepositoryCheckoutDirectories=[Ljava.lang.String;@2325ecfe], jobTimingInfo=JobTimingInfo[submissionDate=2025-02-14T23:45:43.984518859Z[Etc/UTC], buildStartDate=2025-02-14T23:45:43.991385682Z[Etc/UTC], buildCompletionDate=2025-02-14T23:45:44.982059928Z[Etc/UTC], estimatedCompletionDate=2025-02-14T23:46:02.991380122Z[Etc/UTC], estimatedDuration=19], buildConfig=BuildConfig[buildScript=#!/bin/bash
cd /var/tmp/testing-dir
chmod +x ./gradlew
./gradlew clean test
, dockerImage=dummy-docker-image:latest, commitHashToBuild=3e90ae9fef2e44ffb41451a080bdaa6a44ad6848, assignmentCommitHash=3e90ae9fef2e44ffb41451a080bdaa6a44ad6848, testCommitHash=0582754c87aae13e640312855ce7dbe490ecb50c, branch=main, programmingLanguage=JAVA, projectType=PLAIN_GRADLE, scaEnabled=false, sequentialTestRunsEnabled=false, resultPaths=[/var/tmp/testing-dir/**/test-results/test/*.xml], timeoutSeconds=0, assignmentCheckoutPath=null, testCheckoutPath=null, solutionCheckoutPath=null, dockerRunConfig=null], submissionResult=ResultDTO[id=635, completionDate=2025-02-14T23:45:44.961313737Z[Etc/UTC], successful=false, score=7.7, rated=true, submission=SubmissionDTO[id=829, submitted=true, type=MANUAL, exampleSubmission=null, submissionDate=2025-02-14T23:45:43.967766Z, commitHash=3e90ae9fef2e44ffb41451a080bdaa6a44ad6848, buildFailed=false, buildArtifact=false, participation=ParticipationDTO[id=2026, testRun=false, type=programming, submissionCount=null, exercise=ParticipationExerciseDTO[id=2608, exerciseType=PROGRAMMING, type=programming, assessmentType=AUTOMATIC, dueDate=2025-02-16T23:45:43.597978Z, assessmentDueDate=null, maxPoints=42.0, course=CourseDTO[id=991, accuracyOfScores=1]]], submissionExerciseType=programming, isProcessing=false, buildStartDate=null, estimatedCompletionDate=null], participation=ParticipationDTO[id=2026, testRun=false, type=programming, submissionCount=null, exercise=ParticipationExerciseDTO[id=2608, exerciseType=PROGRAMMING, type=programming, assessmentType=AUTOMATIC, dueDate=2025-02-16T23:45:43.597978Z, assessmentDueDate=null, maxPoints=42.0, course=CourseDTO[id=991, accuracyOfScores=1]]], feedbacks=[FeedbackDTO[id=959, text=null, detailText=The exercise expects a class with the name Context in the package testpackage. You did not implement the class in the exercise., hasLongFeedbackText=false, reference=null, credits=0.0, positive=false, type=AUTOMATIC, visibility=ALWAYS, testCase=TestCaseDTO[testName=null, id=1448]], FeedbackDTO[id=960, text=null, detailText=The exercise expects a class with the name Policy in the package testpackage. You did not implement the class in the exercise., hasLongFeedbackText=false, reference=null, credits=0.0, positive=false, type=AUTOMATIC, visibility=ALWAYS, testCase=TestCaseDTO[testName=null, id=1449]], FeedbackDTO[id=961, text=null, detailText=The exercise expects a class with the name SortStrategy in the package testpackage. You did not implement the class in the exercise., hasLongFeedbackText=false, reference=null, credits=0.0, positive=false, type=AUTOMATIC, visibility=ALWAYS, testCase=TestCaseDTO[testName=null, id=1450]], FeedbackDTO[id=962, text=null, detailText=The class 'MergeSort' does not implement the interface 'SortStrategy' as expected. Implement the interface and its methods., hasLongFeedbackText=false, reference=null, credits=0.0, positive=false, type=AUTOMATIC, visibility=ALWAYS, testCase=TestCaseDTO[testName=null, id=1445]], FeedbackDTO[id=963, text=null, detailText=The exercise expects a class with the name SortStrategy in the package testpackage. You did not implement the class in the exercise., hasLongFeedbackText=false, reference=null, credits=0.0, positive=false, type=AUTOMATIC, visibility=ALWAYS, testCase=TestCaseDTO[testName=null, id=1442]], FeedbackDTO[id=964, text=null, detailText=The class 'BubbleSort' does not implement the interface 'SortStrategy' as expected. Implement the interface and its methods., hasLongFeedbackText=false, reference=null, credits=0.0, positive=false, type=AUTOMATIC, visibility=ALWAYS, testCase=TestCaseDTO[testName=null, id=1446]], FeedbackDTO[id=965, text=null, detailText=MergeSort does not sort correctly, hasLongFeedbackText=false, reference=null, credits=0.0, positive=false, type=AUTOMATIC, visibility=ALWAYS, testCase=TestCaseDTO[testName=null, id=1451]], FeedbackDTO[id=966, text=null, detailText=The class 'Context' was not found within the submission. Make sure to implement it properly., hasLongFeedbackText=false, reference=null, credits=0.0, positive=false, type=AUTOMATIC, visibility=ALWAYS, testCase=TestCaseDTO[testName=null, id=1452]], FeedbackDTO[id=967, text=null, detailText=The class 'Context' was not found within the submission. Make sure to implement it properly., hasLongFeedbackText=false, reference=null, credits=0.0, positive=false, type=AUTOMATIC, visibility=ALWAYS, testCase=TestCaseDTO[testName=null, id=1453]], FeedbackDTO[id=968, text=null, detailText=The exercise expects a class with the name Policy in the package testpackage. You did not implement the class in the exercise., hasLongFeedbackText=false, reference=null, credits=0.0, positive=false, type=AUTOMATIC, visibility=ALWAYS, testCase=TestCaseDTO[testName=null, id=1447]], FeedbackDTO[id=969, text=null, detailText=The exercise expects a class with the name Context in the package testpackage. You did not implement the class in the exercise., hasLongFeedbackText=false, reference=null, credits=0.0, positive=false, type=AUTOMATIC, visibility=ALWAYS, testCase=TestCaseDTO[testName=null, id=1443]], FeedbackDTO[id=970, text=null, detailText=The exercise expects a class with the name Policy in the package testpackage. You did not implement the class in the exercise., hasLongFeedbackText=false, reference=null, credits=0.0, positive=false, type=AUTOMATIC, visibility=ALWAYS, testCase=TestCaseDTO[testName=null, id=1444]], FeedbackDTO[id=971, text=null, detailText=null, hasLongFeedbackText=false, reference=null, credits=3.230769230769231, positive=true, type=AUTOMATIC, visibility=ALWAYS, testCase=TestCaseDTO[testName=null, id=1454]]], assessmentType=AUTOMATIC, hasComplaint=null, exampleResult=null, testCaseCount=13, passedTestCaseCount=1, codeIssueCount=0]], BuildJobQueueItem[id=20271739576746886, name=SHORT0FC863930E92904248098A506171F81CF6CFTSTEXC-SOLUTION, buildAgent=BuildAgentDTO[name=artemis-build-agent-test, memberAddress=[127.0.0.1]:5703, displayName=artemis-build-agent-test], participationId=2027, courseId=992, exerciseId=2609, retryCount=0, priority=2, status=SUCCESSFUL, repositoryInfo=RepositoryInfo[repositoryName=short0fc863930e92904248098a506171f81cf6cftstexc-solution, repositoryType=solution, triggeredByPushTo=auxiliary, assignmentRepositoryUri=http://localhost:49152/git/SHORT0FC863930E92904248098A506171F81CF6CFTSTEXC/short0fc863930e92904248098a506171f81cf6cftstexc-solution.git, testRepositoryUri=http://localhost:49152/git/SHORT0FC863930E92904248098A506171F81CF6CFTSTEXC/short0fc863930e92904248098a506171f81cf6cftstexc-tests.git, solutionRepositoryUri=null, auxiliaryRepositoryUris=[Ljava.lang.String;@20cebedc, auxiliaryRepositoryCheckoutDirectories=[Ljava.lang.String;@61e11871], jobTimingInfo=JobTimingInfo[submissionDate=2025-02-14T23:45:46.886984066Z[Etc/UTC], buildStartDate=2025-02-14T23:45:46.897709578Z[Etc/UTC], buildCompletionDate=2025-02-14T23:45:48.628460156Z[Etc/UTC], estimatedCompletionDate=2025-02-14T23:46:05.897701272Z[Etc/UTC], estimatedDuration=19], buildConfig=BuildConfig[buildScript=#!/bin/bash
cd /var/tmp/testing-dir
chmod +x ./gradlew
./gradlew clean test
, dockerImage=dummy-docker-image:latest, commitHashToBuild=null, assignmentCommitHash=115a2e943bee242fdad360b50d8ad5f30792577e, testCommitHash=9b3a9bd71a0d80e5bbc42204c319ed3d1d4f0d6d, branch=main, programmingLanguage=JAVA, projectType=PLAIN_GRADLE, scaEnabled=false, sequentialTestRunsEnabled=false, resultPaths=[/var/tmp/testing-dir/**/test-results/test/*.xml], timeoutSeconds=0, assignmentCheckoutPath=null, testCheckoutPath=null, solutionCheckoutPath=null, dockerRunConfig=null], submissionResult=ResultDTO[id=636, completionDate=2025-02-14T23:45:48.593370968Z[Etc/UTC], successful=true, score=100.0, rated=true, submission=SubmissionDTO[id=830, submitted=true, type=TEST, exampleSubmission=null, submissionDate=2025-02-14T23:45:46.873671Z, commitHash=9b3a9bd71a0d80e5bbc42204c319ed3d1d4f0d6d, buildFailed=false, buildArtifact=false, participation=ParticipationDTO[id=2027, testRun=false, type=solution, submissionCount=null, exercise=ParticipationExerciseDTO[id=2609, exerciseType=PROGRAMMING, type=programming, assessmentType=AUTOMATIC, dueDate=2025-02-16T23:45:46.386304Z, assessmentDueDate=null, maxPoints=42.0, course=CourseDTO[id=992, accuracyOfScores=1]]], submissionExerciseType=programming, isProcessing=false, buildStartDate=null, estimatedCompletionDate=null], participation=ParticipationDTO[id=2027, testRun=false, type=solution, submissionCount=null, exercise=ParticipationExerciseDTO[id=2609, exerciseType=PROGRAMMING, type=programming, assessmentType=AUTOMATIC, dueDate=2025-02-16T23:45:46.386304Z, assessmentDueDate=null, maxPoints=42.0, course=CourseDTO[id=992, accuracyOfScores=1]]], feedbacks=[FeedbackDTO[id=972, text=null, detailText=null, hasLongFeedbackText=false, reference=null, credits=3.230769230769231, positive=true, type=AUTOMATIC, visibility=ALWAYS, testCase=TestCaseDTO[testName=testMethods[Context], id=1461]], FeedbackDTO[id=973, text=null, detailText=null, hasLongFeedbackText=false, reference=null, credits=3.230769230769231, positive=true, type=AUTOMATIC, visibility=ALWAYS, testCase=TestCaseDTO[testName=testMethods[Policy], id=1462]], FeedbackDTO[id=974, text=null, detailText=null, hasLongFeedbackText=false, reference=null, credits=3.230769230769231, positive=true, type=AUTOMATIC, visibility=ALWAYS, testCase=TestCaseDTO[testName=testMethods[SortStrategy], id=1463]], FeedbackDTO[id=975, text=null, detailText=null, hasLongFeedbackText=false, reference=null, credits=3.230769230769231, positive=true, type=AUTOMATIC, visibility=ALWAYS, testCase=TestCaseDTO[testName=testClass[MergeSort], id=1458]], FeedbackDTO[id=976, text=null, detailText=null, hasLongFeedbackText=false, reference=null, credits=3.230769230769231, positive=true, type=AUTOMATIC, visibility=ALWAYS, testCase=TestCaseDTO[testName=testClass[SortStrategy], id=1455]], FeedbackDTO[id=977, text=null, detailText=null, hasLongFeedbackText=false, reference=null, credits=3.230769230769231, positive=true, type=AUTOMATIC, visibility=ALWAYS, testCase=TestCaseDTO[testName=testClass[BubbleSort], id=1459]], FeedbackDTO[id=978, text=null, detailText=null, hasLongFeedbackText=false, reference=null, credits=3.230769230769231, positive=true, type=AUTOMATIC, visibility=ALWAYS, testCase=TestCaseDTO[testName=testMergeSort(), id=1464]], FeedbackDTO[id=979, text=null, detailText=null, hasLongFeedbackText=false, reference=null, credits=3.230769230769231, positive=true, type=AUTOMATIC, visibility=ALWAYS, testCase=TestCaseDTO[testName=testUseBubbleSortForSmallList(), id=1465]], FeedbackDTO[id=980, text=null, detailText=null, hasLongFeedbackText=false, reference=null, credits=3.230769230769231, positive=true, type=AUTOMATIC, visibility=ALWAYS, testCase=TestCaseDTO[testName=testBubbleSort(), id=1467]], FeedbackDTO[id=981, text=null, detailText=null, hasLongFeedbackText=false, reference=null, credits=3.230769230769231, positive=true, type=AUTOMATIC, visibility=ALWAYS, testCase=TestCaseDTO[testName=testUseMergeSortForBigList(), id=1466]], FeedbackDTO[id=982, text=null, detailText=null, hasLongFeedbackText=false, reference=null, credits=3.230769230769231, positive=true, type=AUTOMATIC, visibility=ALWAYS, testCase=TestCaseDTO[testName=testConstructors[Policy], id=1460]], FeedbackDTO[id=983, text=null, detailText=null, hasLongFeedbackText=false, reference=null, credits=3.230769230769231, positive=true, type=AUTOMATIC, visibility=ALWAYS, testCase=TestCaseDTO[testName=testAttributes[Context], id=1456]], FeedbackDTO[id=984, text=null, detailText=null, hasLongFeedbackText=false, reference=null, credits=3.230769230769231, positive=true, type=AUTOMATIC, visibility=ALWAYS, testCase=TestCaseDTO[testName=testAttributes[Policy], id=1457]]], assessmentType=AUTOMATIC, hasComplaint=null, exampleResult=null, testCaseCount=13, passedTestCaseCount=13, codeIssueCount=0]], BuildJobQueueItem[id=20281739576748768, name=SHORT0FC863930E92904248098A506171F81CF6CFTSTEXC-BASE, buildAgent=BuildAgentDTO[name=artemis-build-agent-test, memberAddress=[127.0.0.1]:5703, displayName=artemis-build-agent-test], participationId=2028, courseId=992, exerciseId=2609, retryCount=0, priority=2, status=SUCCESSFUL, repositoryInfo=RepositoryInfo[repositoryName=short0fc863930e92904248098a506171f81cf6cftstexc-exercise, repositoryType=exercise, triggeredByPushTo=auxiliary, assignmentRepositoryUri=http://localhost:49152/git/SHORT0FC863930E92904248098A506171F81CF6CFTSTEXC/short0fc863930e92904248098a506171f81cf6cftstexc-exercise.git, testRepositoryUri=http://localhost:49152/git/SHORT0FC863930E92904248098A506171F81CF6CFTSTEXC/short0fc863930e92904248098a506171f81cf6cftstexc-tests.git, solutionRepositoryUri=null, auxiliaryRepositoryUris=[Ljava.lang.String;@3105abaa, auxiliaryRepositoryCheckoutDirectories=[Ljava.lang.String;@3dcbe368], jobTimingInfo=JobTimingInfo[submissionDate=2025-02-14T23:45:48.768063548Z[Etc/UTC], buildStartDate=2025-02-14T23:45:48.802531989Z[Etc/UTC], buildCompletionDate=2025-02-14T23:45:50.482681367Z[Etc/UTC], estimatedCompletionDate=2025-02-14T23:45:50.802523092Z[Etc/UTC], estimatedDuration=2], buildConfig=BuildConfig[buildScript=#!/bin/bash
cd /var/tmp/testing-dir
chmod +x ./gradlew
./gradlew clean test
, dockerImage=dummy-docker-image:latest, commitHashToBuild=9b3a9bd71a0d80e5bbc42204c319ed3d1d4f0d6d, assignmentCommitHash=115a2e943bee242fdad360b50d8ad5f30792577e, testCommitHash=9b3a9bd71a0d80e5bbc42204c319ed3d1d4f0d6d, branch=main, programmingLanguage=JAVA, projectType=PLAIN_GRADLE, scaEnabled=false, sequentialTestRunsEnabled=false, resultPaths=[/var/tmp/testing-dir/**/test-results/test/*.xml], timeoutSeconds=0, assignmentCheckoutPath=null, testCheckoutPath=null, solutionCheckoutPath=null, dockerRunConfig=null], submissionResult=ResultDTO[id=637, completionDate=2025-02-14T23:45:50.449084694Z[Etc/UTC], successful=false, score=0.0, rated=true, submission=SubmissionDTO[id=831, submitted=true, type=TEST, exampleSubmission=null, submissionDate=2025-02-14T23:45:48.761177Z, commitHash=9b3a9bd71a0d80e5bbc42204c319ed3d1d4f0d6d, buildFailed=false, buildArtifact=false, participation=ParticipationDTO[id=2028, testRun=false, type=template, submissionCount=null, exercise=ParticipationExerciseDTO[id=2609, exerciseType=PROGRAMMING, type=programming, assessmentType=AUTOMATIC, dueDate=2025-02-16T23:45:46.386304Z, assessmentDueDate=null, maxPoints=42.0, course=CourseDTO[id=992, accuracyOfScores=1]]], submissionExerciseType=programming, isProcessing=false, buildStartDate=null, estimatedCompletionDate=null], participation=ParticipationDTO[id=2028, testRun=false, type=template, submissionCount=null, exercise=ParticipationExerciseDTO[id=2609, exerciseType=PROGRAMMING, type=programming, assessmentType=AUTOMATIC, dueDate=2025-02-16T23:45:46.386304Z, assessmentDueDate=null, maxPoints=42.0, course=CourseDTO[id=992, accuracyOfScores=1]]], feedbacks=[FeedbackDTO[id=985, text=null, detailText=The exercise expects a class with the name Context in the package testpackage. You did not implement the class in the exercise., hasLongFeedbackText=false, reference=null, credits=0.0, positive=false, type=AUTOMATIC, visibility=ALWAYS, testCase=TestCaseDTO[testName=testMethods[Context], id=1461]], FeedbackDTO[id=986, text=null, detailText=The exercise expects a class with the name Policy in the package testpackage. You did not implement the class in the exercise., hasLongFeedbackText=false, reference=null, credits=0.0, positive=false, type=AUTOMATIC, visibility=ALWAYS, testCase=TestCaseDTO[testName=testMethods[Policy], id=1462]], FeedbackDTO[id=987, text=null, detailText=The exercise expects a class with the name SortStrategy in the package testpackage. You did not implement the class in the exercise., hasLongFeedbackText=false, reference=null, credits=0.0, positive=false, type=AUTOMATIC, visibility=ALWAYS, testCase=TestCaseDTO[testName=testMethods[SortStrategy], id=1463]], FeedbackDTO[id=988, text=null, detailText=The class 'MergeSort' does not implement the interface 'SortStrategy' as expected. Implement the interface and its methods., hasLongFeedbackText=false, reference=null, credits=0.0, positive=false, type=AUTOMATIC, visibility=ALWAYS, testCase=TestCaseDTO[testName=testClass[MergeSort], id=1458]], FeedbackDTO[id=989, text=null, detailText=The exercise expects a class with the name SortStrategy in the package testpackage. You did not implement the class in the exercise., hasLongFeedbackText=false, reference=null, credits=0.0, positive=false, type=AUTOMATIC, visibility=ALWAYS, testCase=TestCaseDTO[testName=testClass[SortStrategy], id=1455]], FeedbackDTO[id=990, text=null, detailText=The class 'BubbleSort' does not implement the interface 'SortStrategy' as expected. Implement the interface and its methods., hasLongFeedbackText=false, reference=null, credits=0.0, positive=false, type=AUTOMATIC, visibility=ALWAYS, testCase=TestCaseDTO[testName=testClass[BubbleSort], id=1459]], FeedbackDTO[id=991, text=null, detailText=MergeSort does not sort correctly, hasLongFeedbackText=false, reference=null, credits=0.0, positive=false, type=AUTOMATIC, visibility=ALWAYS, testCase=TestCaseDTO[testName=testMergeSort(), id=1464]], FeedbackDTO[id=992, text=null, detailText=The class 'Context' was not found within the submission. Make sure to implement it properly., hasLongFeedbackText=false, reference=null, credits=0.0, positive=false, type=AUTOMATIC, visibility=ALWAYS, testCase=TestCaseDTO[testName=testUseBubbleSortForSmallList(), id=1465]], FeedbackDTO[id=993, text=null, detailText=BubbleSort does not sort correctly, hasLongFeedbackText=false, reference=null, credits=0.0, positive=false, type=AUTOMATIC, visibility=ALWAYS, testCase=TestCaseDTO[testName=testBubbleSort(), id=1467]], FeedbackDTO[id=994, text=null, detailText=The class 'Context' was not found within the submission. Make sure to implement it properly., hasLongFeedbackText=false, reference=null, credits=0.0, positive=false, type=AUTOMATIC, visibility=ALWAYS, testCase=TestCaseDTO[testName=testUseMergeSortForBigList(), id=1466]], FeedbackDTO[id=995, text=null, detailText=The exercise expects a class with the name Policy in the package testpackage. You did not implement the class in the exercise., hasLongFeedbackText=false, reference=null, credits=0.0, positive=false, type=AUTOMATIC, visibility=ALWAYS, testCase=TestCaseDTO[testName=testConstructors[Policy], id=1460]], FeedbackDTO[id=996, text=null, detailText=The exercise expects a class with the name Context in the package testpackage. You did not implement the class in the exercise., hasLongFeedbackText=false, reference=null, credits=0.0, positive=false, type=AUTOMATIC, visibility=ALWAYS, testCase=TestCaseDTO[testName=testAttributes[Context], id=1456]], FeedbackDTO[id=997, text=null, detailText=The exercise expects a class with the name Policy in the package testpackage. You did not implement the class in the exercise., hasLongFeedbackText=false, reference=null, credits=0.0, positive=false, type=AUTOMATIC, visibility=ALWAYS, testCase=TestCaseDTO[testName=testAttributes[Policy], id=1457]]], assessmentType=AUTOMATIC, hasComplaint=null, exampleResult=null, testCaseCount=13, passedTestCaseCount=0, codeIssueCount=0]], BuildJobQueueItem[id=20291739576751299, name=SHORT716C2EC10B19B049C80A2F00B97EAB20B2A9TSTEXC-SOLUTION, buildAgent=BuildAgentDTO[name=artemis-build-agent-test, memberAddress=[127.0.0.1]:5703, displayName=artemis-build-agent-test], participationId=2029, courseId=993, exerciseId=2610, retryCount=0, priority=2, status=SUCCESSFUL, repositoryInfo=RepositoryInfo[repositoryName=short716c2ec10b19b049c80a2f00b97eab20b2a9tstexc-solution, repositoryType=solution, triggeredByPushTo=tests, assignmentRepositoryUri=http://localhost:49152/git/SHORT716C2EC10B19B049C80A2F00B97EAB20B2A9TSTEXC/short716c2ec10b19b049c80a2f00b97eab20b2a9tstexc-solution.git, testRepositoryUri=http://localhost:49152/git/SHORT716C2EC10B19B049C80A2F00B97EAB20B2A9TSTEXC/short716c2ec10b19b049c80a2f00b97eab20b2a9tstexc-tests.git, solutionRepositoryUri=null, auxiliaryRepositoryUris=[Ljava.lang.String;@68a68253, auxiliaryRepositoryCheckoutDirectories=[Ljava.lang.String;@1ed3da6], jobTimingInfo=JobTimingInfo[submissionDate=2025-02-14T23:45:51.299892174Z[Etc/UTC], buildStartDate=2025-02-14T23:45:51.314028505Z[Etc/UTC], buildCompletionDate=2025-02-14T23:45:52.158312850Z[Etc/UTC], estimatedCompletionDate=2025-02-14T23:46:10.314021752Z[Etc/UTC], estimatedDuration=19], buildConfig=BuildConfig[buildScript=#!/bin/bash
cd /var/tmp/testing-dir
chmod +x ./gradlew
./gradlew clean test
, dockerImage=dummy-docker-image:latest, commitHashToBuild=1e531733ed6e9237f710b528d1eb0b7beac565fd, assignmentCommitHash=815e279f12ad296b4f24c44134a07293c04c010f, testCommitHash=1e531733ed6e9237f710b528d1eb0b7beac565fd, branch=main, programmingLanguage=JAVA, projectType=PLAIN_GRADLE, scaEnabled=false, sequentialTestRunsEnabled=false, resultPaths=[/var/tmp/testing-dir/**/test-results/test/*.xml], timeoutSeconds=0, assignmentCheckoutPath=null, testCheckoutPath=null, solutionCheckoutPath=null, dockerRunConfig=null], submissionResult=ResultDTO[id=638, completionDate=2025-02-14T23:45:52.146826070Z[Etc/UTC], successful=true, score=100.0, rated=true, submission=SubmissionDTO[id=832, submitted=true, type=TEST, exampleSubmission=null, submissionDate=2025-02-14T23:45:51.275713Z, commitHash=1e531733ed6e9237f710b528d1eb0b7beac565fd, buildFailed=false, buildArtifact=false, participation=ParticipationDTO[id=2029, testRun=false, type=solution, submissionCount=null, exercise=ParticipationExerciseDTO[id=2610, exerciseType=PROGRAMMING, type=programming, assessmentType=AUTOMATIC, dueDate=2025-02-16T23:45:50.869093Z, assessmentDueDate=null, maxPoints=42.0, course=CourseDTO[id=993, accuracyOfScores=1]]], submissionExerciseType=programming, isProcessing=false, buildStartDate=null, estimatedCompletionDate=null], participation=ParticipationDTO[id=2029, testRun=false, type=solution, submissionCount=null, exercise=ParticipationExerciseDTO[id=2610, exerciseType=PROGRAMMING, type=programming, assessmentType=AUTOMATIC, dueDate=2025-02-16T23:45:50.869093Z, assessmentDueDate=null, maxPoints=42.0, course=CourseDTO[id=993, accuracyOfScores=1]]], feedbacks=[FeedbackDTO[id=998, text=null, detailText=null, hasLongFeedbackText=false, reference=null, credits=3.230769230769231, positive=true, type=AUTOMATIC, visibility=ALWAYS, testCase=TestCaseDTO[testName=testMethods[Context], id=1474]], FeedbackDTO[id=999, text=null, detailText=null, hasLongFeedbackText=false, reference=null, credits=3.230769230769231, positive=true, type=AUTOMATIC, visibility=ALWAYS, testCase=TestCaseDTO[testName=testMethods[Policy], id=1475]], FeedbackDTO[id=1000, text=null, detailText=null, hasLongFeedbackText=false, reference=null, credits=3.230769230769231, positive=true, type=AUTOMATIC, visibility=ALWAYS, testCase=TestCaseDTO[testName=testMethods[SortStrategy], id=1476]], FeedbackDTO[id=1001, text=null, detailText=null, hasLongFeedbackText=false, reference=null, credits=3.230769230769231, positive=true, type=AUTOMATIC, visibility=ALWAYS, testCase=TestCaseDTO[testName=testClass[MergeSort], id=1471]], FeedbackDTO[id=1002, text=null, detailText=null, hasLongFeedbackText=false, reference=null, credits=3.230769230769231, positive=true, type=AUTOMATIC, visibility=ALWAYS, testCase=TestCaseDTO[testName=testClass[SortStrategy], id=1468]], FeedbackDTO[id=1003, text=null, detailText=null, hasLongFeedbackText=false, reference=null, credits=3.230769230769231, positive=true, type=AUTOMATIC, visibility=ALWAYS, testCase=TestCaseDTO[testName=testClass[BubbleSort], id=1472]], FeedbackDTO[id=1004, text=null, detailText=null, hasLongFeedbackText=false, reference=null, credits=3.230769230769231, positive=true, type=AUTOMATIC, visibility=ALWAYS, testCase=TestCaseDTO[testName=testMergeSort(), id=1477]], FeedbackDTO[id=1005, text=null, detailText=null, hasLongFeedbackText=false, reference=null, credits=3.230769230769231, positive=true, type=AUTOMATIC, visibility=ALWAYS, testCase=TestCaseDTO[testName=testUseBubbleSortForSmallList(), id=1478]], FeedbackDTO[id=1006, text=null, detailText=null, hasLongFeedbackText=false, reference=null, credits=3.230769230769231, positive=true, type=AUTOMATIC, visibility=ALWAYS, testCase=TestCaseDTO[testName=testBubbleSort(), id=1480]], FeedbackDTO[id=1007, text=null, detailText=null, hasLongFeedbackText=false, reference=null, credits=3.230769230769231, positive=true, type=AUTOMATIC, visibility=ALWAYS, testCase=TestCaseDTO[testName=testUseMergeSortForBigList(), id=1479]], FeedbackDTO[id=1008, text=null, detailText=null, hasLongFeedbackText=false, reference=null, credits=3.230769230769231, positive=true, type=AUTOMATIC, visibility=ALWAYS, testCase=TestCaseDTO[testName=testConstructors[Policy], id=1473]], FeedbackDTO[id=1009, text=null, detailText=null, hasLongFeedbackText=false, reference=null, credits=3.230769230769231, positive=true, type=AUTOMATIC, visibility=ALWAYS, testCase=TestCaseDTO[testName=testAttributes[Context], id=1469]], FeedbackDTO[id=1010, text=null, detailText=null, hasLongFeedbackText=false, reference=null, credits=3.230769230769231, positive=true, type=AUTOMATIC, visibility=ALWAYS, testCase=TestCaseDTO[testName=testAttributes[Policy], id=1470]]], assessmentType=AUTOMATIC, hasComplaint=null, exampleResult=null, testCaseCount=13, passedTestCaseCount=13, codeIssueCount=0]], BuildJobQueueItem[id=20301739576752239, name=SHORT716C2EC10B19B049C80A2F00B97EAB20B2A9TSTEXC-BASE, buildAgent=BuildAgentDTO[name=artemis-build-agent-test, memberAddress=[127.0.0.1]:5703, displayName=artemis-build-agent-test], participationId=2030, courseId=993, exerciseId=2610, retryCount=0, priority=2, status=SUCCESSFUL, repositoryInfo=RepositoryInfo[repositoryName=short716c2ec10b19b049c80a2f00b97eab20b2a9tstexc-exercise, repositoryType=exercise, triggeredByPushTo=tests, assignmentRepositoryUri=http://localhost:49152/git/SHORT716C2EC10B19B049C80A2F00B97EAB20B2A9TSTEXC/short716c2ec10b19b049c80a2f00b97eab20b2a9tstexc-exercise.git, testRepositoryUri=http://localhost:49152/git/SHORT716C2EC10B19B049C80A2F00B97EAB20B2A9TSTEXC/short716c2ec10b19b049c80a2f00b97eab20b2a9tstexc-tests.git, solutionRepositoryUri=null, auxiliaryRepositoryUris=[Ljava.lang.String;@1d299eca, auxiliaryRepositoryCheckoutDirectories=[Ljava.lang.String;@7f9bfea4], jobTimingInfo=JobTimingInfo[submissionDate=2025-02-14T23:45:52.239402475Z[Etc/UTC], buildStartDate=2025-02-14T23:45:52.258713639Z[Etc/UTC], buildCompletionDate=2025-02-14T23:45:53.238773956Z[Etc/UTC], estimatedCompletionDate=2025-02-14T23:45:53.258707428Z[Etc/UTC], estimatedDuration=1], buildConfig=BuildConfig[buildScript=#!/bin/bash
cd /var/tmp/testing-dir
chmod +x ./gradlew
./gradlew clean test
, dockerImage=dummy-docker-image:latest, commitHashToBuild=1e531733ed6e9237f710b528d1eb0b7beac565fd, assignmentCommitHash=815e279f12ad296b4f24c44134a07293c04c010f, testCommitHash=1e531733ed6e9237f710b528d1eb0b7beac565fd, branch=main, programmingLanguage=JAVA, projectType=PLAIN_GRADLE, scaEnabled=false, sequentialTestRunsEnabled=false, resultPaths=[/var/tmp/testing-dir/**/test-results/test/*.xml], timeoutSeconds=0, assignmentCheckoutPath=null, testCheckoutPath=null, solutionCheckoutPath=null, dockerRunConfig=null], submissionResult=ResultDTO[id=639, completionDate=2025-02-14T23:45:53.225806205Z[Etc/UTC], successful=false, score=0.0, rated=true, submission=SubmissionDTO[id=833, submitted=true, type=TEST, exampleSubmission=null, submissionDate=2025-02-14T23:45:52.237179Z, commitHash=1e531733ed6e9237f710b528d1eb0b7beac565fd, buildFailed=false, buildArtifact=false, participation=ParticipationDTO[id=2030, testRun=false, type=template, submissionCount=null, exercise=ParticipationExerciseDTO[id=2610, exerciseType=PROGRAMMING, type=programming, assessmentType=AUTOMATIC, dueDate=2025-02-16T23:45:50.869093Z, assessmentDueDate=null, maxPoints=42.0, course=CourseDTO[id=993, accuracyOfScores=1]]], submissionExerciseType=programming, isProcessing=false, buildStartDate=null, estimatedCompletionDate=null], participation=ParticipationDTO[id=2030, testRun=false, type=template, submissionCount=null, exercise=ParticipationExerciseDTO[id=2610, exerciseType=PROGRAMMING, type=programming, assessmentType=AUTOMATIC, dueDate=2025-02-16T23:45:50.869093Z, assessmentDueDate=null, maxPoints=42.0, course=CourseDTO[id=993, accuracyOfScores=1]]], feedbacks=[FeedbackDTO[id=1011, text=null, detailText=The exercise expects a class with the name Context in the package testpackage. You did not implement the class in the exercise., hasLongFeedbackText=false, reference=null, credits=0.0, positive=false, type=AUTOMATIC, visibility=ALWAYS, testCase=TestCaseDTO[testName=testMethods[Context], id=1474]], FeedbackDTO[id=1012, text=null, detailText=The exercise expects a class with the name Policy in the package testpackage. You did not implement the class in the exercise., hasLongFeedbackText=false, reference=null, credits=0.0, positive=false, type=AUTOMATIC, visibility=ALWAYS, testCase=TestCaseDTO[testName=testMethods[Policy], id=1475]], FeedbackDTO[id=1013, text=null, detailText=The exercise expects a class with the name SortStrategy in the package testpackage. You did not implement the class in the exercise., hasLongFeedbackText=false, reference=null, credits=0.0, positive=false, type=AUTOMATIC, visibility=ALWAYS, testCase=TestCaseDTO[testName=testMethods[SortStrategy], id=1476]], FeedbackDTO[id=1014, text=null, detailText=The class 'MergeSort' does not implement the interface 'SortStrategy' as expected. Implement the interface and its methods., hasLongFeedbackText=false, reference=null, credits=0.0, positive=false, type=AUTOMATIC, visibility=ALWAYS, testCase=TestCaseDTO[testName=testClass[MergeSort], id=1471]], FeedbackDTO[id=1015, text=null, detailText=The exercise expects a class with the name SortStrategy in the package testpackage. You did not implement the class in the exercise., hasLongFeedbackText=false, reference=null, credits=0.0, positive=false, type=AUTOMATIC, visibility=ALWAYS, testCase=TestCaseDTO[testName=testClass[SortStrategy], id=1468]], FeedbackDTO[id=1016, text=null, detailText=The class 'BubbleSort' does not implement the interface 'SortStrategy' as expected. Implement the interface and its methods., hasLongFeedbackText=false, reference=null, credits=0.0, positive=false, type=AUTOMATIC, visibility=ALWAYS, testCase=TestCaseDTO[testName=testClass[BubbleSort], id=1472]], FeedbackDTO[id=1017, text=null, detailText=MergeSort does not sort correctly, hasLongFeedbackText=false, reference=null, credits=0.0, positive=false, type=AUTOMATIC, visibility=ALWAYS, testCase=TestCaseDTO[testName=testMergeSort(), id=1477]], FeedbackDTO[id=1018, text=null, detailText=The class 'Context' was not found within the submission. Make sure to implement it properly., hasLongFeedbackText=false, reference=null, credits=0.0, positive=false, type=AUTOMATIC, visibility=ALWAYS, testCase=TestCaseDTO[testName=testUseBubbleSortForSmallList(), id=1478]], FeedbackDTO[id=1019, text=null, detailText=BubbleSort does not sort correctly, hasLongFeedbackText=false, reference=null, credits=0.0, positive=false, type=AUTOMATIC, visibility=ALWAYS, testCase=TestCaseDTO[testName=testBubbleSort(), id=1480]], FeedbackDTO[id=1020, text=null, detailText=The class 'Context' was not found within the submission. Make sure to implement it properly., hasLongFeedbackText=false, reference=null, credits=0.0, positive=false, type=AUTOMATIC, visibility=ALWAYS, testCase=TestCaseDTO[testName=testUseMergeSortForBigList(), id=1479]], FeedbackDTO[id=1021, text=null, detailText=The exercise expects a class with the name Policy in the package testpackage. You did not implement the class in the exercise., hasLongFeedbackText=false, reference=null, credits=0.0, positive=false, type=AUTOMATIC, visibility=ALWAYS, testCase=TestCaseDTO[testName=testConstructors[Policy], id=1473]], FeedbackDTO[id=1022, text=null, detailText=The exercise expects a class with the name Context in the package testpackage. You did not implement the class in the exercise., hasLongFeedbackText=false, reference=null, credits=0.0, positive=false, type=AUTOMATIC, visibility=ALWAYS, testCase=TestCaseDTO[testName=testAttributes[Context], id=1469]], FeedbackDTO[id=1023, text=null, detailText=The exercise expects a class with the name Policy in the package testpackage. You did not implement the class in the exercise., hasLongFeedbackText=false, reference=null, credits=0.0, positive=false, type=AUTOMATIC, visibility=ALWAYS, testCase=TestCaseDTO[testName=testAttributes[Policy], id=1470]]], assessmentType=AUTOMATIC, hasComplaint=null, exampleResult=null, testCaseCount=13, passedTestCaseCount=0, codeIssueCount=0]], BuildJobQueueItem[id=20391739576754750, name=SHORT3A680734092E404EF80A4C60FBC1E408F7D0TSTEXC-LOCALVCCIINTSTUDENT1, buildAgent=BuildAgentDTO[name=artemis-build-agent-test, memberAddress=[127.0.0.1]:5703, displayName=artemis-build-agent-test], participationId=2039, courseId=996, exerciseId=2613, retryCount=0, priority=2, status=SUCCESSFUL, repositoryInfo=RepositoryInfo[repositoryName=short3a680734092e404ef80a4c60fbc1e408f7d0tstexc-localvcciintstudent1, repositoryType=user, triggeredByPushTo=user, assignmentRepositoryUri=http://localhost:49152/git/SHORT3A680734092E404EF80A4C60FBC1E408F7D0TSTEXC/short3a680734092e404ef80a4c60fbc1e408f7d0tstexc-localvcciintstudent1.git, testRepositoryUri=http://localhost:49152/git/SHORT3A680734092E404EF80A4C60FBC1E408F7D0TSTEXC/short3a680734092e404ef80a4c60fbc1e408f7d0tstexc-tests.git, solutionRepositoryUri=null, auxiliaryRepositoryUris=[Ljava.lang.String;@23734f1e, auxiliaryRepositoryCheckoutDirectories=[Ljava.lang.String;@4b1b56db], jobTimingInfo=JobTimingInfo[submissionDate=2025-02-14T23:45:54.750657185Z[Etc/UTC], buildStartDate=2025-02-14T23:45:54.765232948Z[Etc/UTC], buildCompletionDate=2025-02-14T23:45:55.645844970Z[Etc/UTC], estimatedCompletionDate=2025-02-14T23:46:13.765225363Z[Etc/UTC], estimatedDuration=19], buildConfig=BuildConfig[buildScript=#!/bin/bash
cd /var/tmp/testing-dir
chmod +x ./gradlew
./gradlew clean test
, dockerImage=dummy-docker-image:latest, commitHashToBuild=9344436f8d5a5ce3aa40215562db211ed501371f, assignmentCommitHash=9344436f8d5a5ce3aa40215562db211ed501371f, testCommitHash=ff421c3651ec230fed2f20f72c2901ae372be06a, branch=main, programmingLanguage=JAVA, projectType=PLAIN_GRADLE, scaEnabled=false, sequentialTestRunsEnabled=false, resultPaths=[/var/tmp/testing-dir/**/test-results/test/*.xml], timeoutSeconds=0, assignmentCheckoutPath=null, testCheckoutPath=null, solutionCheckoutPath=null, dockerRunConfig=null], submissionResult=ResultDTO[id=640, completionDate=2025-02-14T23:45:55.628250079Z[Etc/UTC], successful=false, score=7.7, rated=true, submission=SubmissionDTO[id=834, submitted=true, type=MANUAL, exampleSubmission=null, submissionDate=2025-02-14T23:45:54.732007Z, commitHash=9344436f8d5a5ce3aa40215562db211ed501371f, buildFailed=false, buildArtifact=false, participation=ParticipationDTO[id=2039, testRun=false, type=programming, submissionCount=null, exercise=ParticipationExerciseDTO[id=2613, exerciseType=PROGRAMMING, type=programming, assessmentType=AUTOMATIC, dueDate=2025-02-16T23:45:54.546562Z, assessmentDueDate=null, maxPoints=42.0, course=CourseDTO[id=996, accuracyOfScores=1]]], submissionExerciseType=programming, isProcessing=false, buildStartDate=null, estimatedCompletionDate=null], participation=ParticipationDTO[id=2039, testRun=false, type=programming, submissionCount=null, exercise=ParticipationExerciseDTO[id=2613, exerciseType=PROGRAMMING, type=programming, assessmentType=AUTOMATIC, dueDate=2025-02-16T23:45:54.546562Z, assessmentDueDate=null, maxPoints=42.0, course=CourseDTO[id=996, accuracyOfScores=1]]], feedbacks=[FeedbackDTO[id=1024, text=null, detailText=The exercise expects a class with the name Context in the package testpackage. You did not implement the class in the exercise., hasLongFeedbackText=false, reference=null, credits=0.0, positive=false, type=AUTOMATIC, visibility=ALWAYS, testCase=TestCaseDTO[testName=null, id=1513]], FeedbackDTO[id=1025, text=null, detailText=The exercise expects a class with the name Policy in the package testpackage. You did not implement the class in the exercise., hasLongFeedbackText=false, reference=null, credits=0.0, positive=false, type=AUTOMATIC, visibility=ALWAYS, testCase=TestCaseDTO[testName=null, id=1514]], FeedbackDTO[id=1026, text=null, detailText=The exercise expects a class with the name SortStrategy in the package testpackage. You did not implement the class in the exercise., hasLongFeedbackText=false, reference=null, credits=0.0, positive=false, type=AUTOMATIC, visibility=ALWAYS, testCase=TestCaseDTO[testName=null, id=1515]], FeedbackDTO[id=1027, text=null, detailText=The class 'MergeSort' does not implement the interface 'SortStrategy' as expected. Implement the interface and its methods., hasLongFeedbackText=false, reference=null, credits=0.0, positive=false, type=AUTOMATIC, visibility=ALWAYS, testCase=TestCaseDTO[testName=null, id=1510]], FeedbackDTO[id=1028, text=null, detailText=The exercise expects a class with the name SortStrategy in the package testpackage. You did not implement the class in the exercise., hasLongFeedbackText=false, reference=null, credits=0.0, positive=false, type=AUTOMATIC, visibility=ALWAYS, testCase=TestCaseDTO[testName=null, id=1507]], FeedbackDTO[id=1029, text=null, detailText=The class 'BubbleSort' does not implement the interface 'SortStrategy' as expected. Implement the interface and its methods., hasLongFeedbackText=false, reference=null, credits=0.0, positive=false, type=AUTOMATIC, visibility=ALWAYS, testCase=TestCaseDTO[testName=null, id=1511]], FeedbackDTO[id=1030, text=null, detailText=MergeSort does not sort correctly, hasLongFeedbackText=false, reference=null, credits=0.0, positive=false, type=AUTOMATIC, visibility=ALWAYS, testCase=TestCaseDTO[testName=null, id=1516]], FeedbackDTO[id=1031, text=null, detailText=The class 'Context' was not found within the submission. Make sure to implement it properly., hasLongFeedbackText=false, reference=null, credits=0.0, positive=false, type=AUTOMATIC, visibility=ALWAYS, testCase=TestCaseDTO[testName=null, id=1517]], FeedbackDTO[id=1032, text=null, detailText=The class 'Context' was not found within the submission. Make sure to implement it properly., hasLongFeedbackText=false, reference=null, credits=0.0, positive=false, type=AUTOMATIC, visibility=ALWAYS, testCase=TestCaseDTO[testName=null, id=1518]], FeedbackDTO[id=1033, text=null, detailText=The exercise expects a class with the name Policy in the package testpackage. You did not implement the class in the exercise., hasLongFeedbackText=false, reference=null, credits=0.0, positive=false, type=AUTOMATIC, visibility=ALWAYS, testCase=TestCaseDTO[testName=null, id=1512]], FeedbackDTO[id=1034, text=null, detailText=The exercise expects a class with the name Context in the package testpackage. You did not implement the class in the exercise., hasLongFeedbackText=false, reference=null, credits=0.0, positive=false, type=AUTOMATIC, visibility=ALWAYS, testCase=TestCaseDTO[testName=null, id=1508]], FeedbackDTO[id=1035, text=null, detailText=The exercise expects a class with the name Policy in the package testpackage. You did not implement the class in the exercise., hasLongFeedbackText=false, reference=null, credits=0.0, positive=false, type=AUTOMATIC, visibility=ALWAYS, testCase=TestCaseDTO[testName=null, id=1509]], FeedbackDTO[id=1036, text=null, detailText=null, hasLongFeedbackText=false, reference=null, credits=3.230769230769231, positive=true, type=AUTOMATIC, visibility=ALWAYS, testCase=TestCaseDTO[testName=null, id=1519]]], assessmentType=AUTOMATIC, hasComplaint=null, exampleResult=null, testCaseCount=13, passedTestCaseCount=1, codeIssueCount=0]], BuildJobQueueItem[id=20431739576757232, name=SHORT3945BC5E092B90459B0A7F006DF5F64347FDTSTEXC-SOLUTION, buildAgent=BuildAgentDTO[name=artemis-build-agent-test, memberAddress=[127.0.0.1]:5703, displayName=artemis-build-agent-test], participationId=2043, courseId=998, exerciseId=2615, retryCount=0, priority=2, status=SUCCESSFUL, repositoryInfo=RepositoryInfo[repositoryName=short3945bc5e092b90459b0a7f006df5f64347fdtstexc-solution, repositoryType=solution, triggeredByPushTo=solution, assignmentRepositoryUri=http://localhost:49152/git/SHORT3945BC5E092B90459B0A7F006DF5F64347FDTSTEXC/short3945bc5e092b90459b0a7f006df5f64347fdtstexc-solution.git, testRepositoryUri=http://localhost:49152/git/SHORT3945BC5E092B90459B0A7F006DF5F64347FDTSTEXC/short3945bc5e092b90459b0a7f006df5f64347fdtstexc-tests.git, solutionRepositoryUri=null, auxiliaryRepositoryUris=[Ljava.lang.String;@1a155ebc, auxiliaryRepositoryCheckoutDirectories=[Ljava.lang.String;@3a5bed84], jobTimingInfo=JobTimingInfo[submissionDate=2025-02-14T23:45:57.232907777Z[Etc/UTC], buildStartDate=2025-02-14T23:45:57.240437339Z[Etc/UTC], buildCompletionDate=2025-02-14T23:45:58.062328619Z[Etc/UTC], estimatedCompletionDate=2025-02-14T23:46:16.240428743Z[Etc/UTC], estimatedDuration=19], buildConfig=BuildConfig[buildScript=#!/bin/bash
cd /var/tmp/testing-dir
chmod +x ./gradlew
./gradlew clean test
, dockerImage=dummy-docker-image:latest, commitHashToBuild=c315388a235502fd958ae3c7ffbbbbf126a8fe21, assignmentCommitHash=c315388a235502fd958ae3c7ffbbbbf126a8fe21, testCommitHash=28488095271179f4eface46480ec45511f50df5d, branch=main, programmingLanguage=JAVA, projectType=PLAIN_GRADLE, scaEnabled=false, sequentialTestRunsEnabled=false, resultPaths=[/var/tmp/testing-dir/**/test-results/test/*.xml], timeoutSeconds=0, assignmentCheckoutPath=null, testCheckoutPath=null, solutionCheckoutPath=null, dockerRunConfig=null], submissionResult=ResultDTO[id=641, completionDate=2025-02-14T23:45:58.032353400Z[Etc/UTC], successful=true, score=100.0, rated=true, submission=SubmissionDTO[id=835, submitted=true, type=MANUAL, exampleSubmission=null, submissionDate=2025-02-14T23:45:57.222714Z, commitHash=c315388a235502fd958ae3c7ffbbbbf126a8fe21, buildFailed=false, buildArtifact=false, participation=ParticipationDTO[id=2043, testRun=false, type=solution, submissionCount=null, exercise=ParticipationExerciseDTO[id=2615, exerciseType=PROGRAMMING, type=programming, assessmentType=AUTOMATIC, dueDate=2025-02-16T23:45:56.808788Z, assessmentDueDate=null, maxPoints=42.0, course=CourseDTO[id=998, accuracyOfScores=1]]], submissionExerciseType=programming, isProcessing=false, buildStartDate=null, estimatedCompletionDate=null], participation=ParticipationDTO[id=2043, testRun=false, type=solution, submissionCount=null, exercise=ParticipationExerciseDTO[id=2615, exerciseType=PROGRAMMING, type=programming, assessmentType=AUTOMATIC, dueDate=2025-02-16T23:45:56.808788Z, assessmentDueDate=null, maxPoints=42.0, course=CourseDTO[id=998, accuracyOfScores=1]]], feedbacks=[FeedbackDTO[id=1037, text=null, detailText=null, hasLongFeedbackText=false, reference=null, credits=3.230769230769231, positive=true, type=AUTOMATIC, visibility=ALWAYS, testCase=TestCaseDTO[testName=testMethods[Context], id=1539]], FeedbackDTO[id=1038, text=null, detailText=null, hasLongFeedbackText=false, reference=null, credits=3.230769230769231, positive=true, type=AUTOMATIC, visibility=ALWAYS, testCase=TestCaseDTO[testName=testMethods[Policy], id=1540]], FeedbackDTO[id=1039, text=null, detailText=null, hasLongFeedbackText=false, reference=null, credits=3.230769230769231, positive=true, type=AUTOMATIC, visibility=ALWAYS, testCase=TestCaseDTO[testName=testMethods[SortStrategy], id=1541]], FeedbackDTO[id=1040, text=null, detailText=null, hasLongFeedbackText=false, reference=null, credits=3.230769230769231, positive=true, type=AUTOMATIC, visibility=ALWAYS, testCase=TestCaseDTO[testName=testClass[MergeSort], id=1536]], FeedbackDTO[id=1041, text=null, detailText=null, hasLongFeedbackText=false, reference=null, credits=3.230769230769231, positive=true, type=AUTOMATIC, visibility=ALWAYS, testCase=TestCaseDTO[testName=testClass[SortStrategy], id=1533]], FeedbackDTO[id=1042, text=null, detailText=null, hasLongFeedbackText=false, reference=null, credits=3.230769230769231, positive=true, type=AUTOMATIC, visibility=ALWAYS, testCase=TestCaseDTO[testName=testClass[BubbleSort], id=1537]], FeedbackDTO[id=1043, text=null, detailText=null, hasLongFeedbackText=false, reference=null, credits=3.230769230769231, positive=true, type=AUTOMATIC, visibility=ALWAYS, testCase=TestCaseDTO[testName=testMergeSort(), id=1542]], FeedbackDTO[id=1044, text=null, detailText=null, hasLongFeedbackText=false, reference=null, credits=3.230769230769231, positive=true, type=AUTOMATIC, visibility=ALWAYS, testCase=TestCaseDTO[testName=testUseBubbleSortForSmallList(), id=1543]], FeedbackDTO[id=1045, text=null, detailText=null, hasLongFeedbackText=false, reference=null, credits=3.230769230769231, positive=true, type=AUTOMATIC, visibility=ALWAYS, testCase=TestCaseDTO[testName=testBubbleSort(), id=1545]], FeedbackDTO[id=1046, text=null, detailText=null, hasLongFeedbackText=false, reference=null, credits=3.230769230769231, positive=true, type=AUTOMATIC, visibility=ALWAYS, testCase=TestCaseDTO[testName=testUseMergeSortForBigList(), id=1544]], FeedbackDTO[id=1047, text=null, detailText=null, hasLongFeedbackText=false, reference=null, credits=3.230769230769231, positive=true, type=AUTOMATIC, visibility=ALWAYS, testCase=TestCaseDTO[testName=testConstructors[Policy], id=1538]], FeedbackDTO[id=1048, text=null, detailText=null, hasLongFeedbackText=false, reference=null, credits=3.230769230769231, positive=true, type=AUTOMATIC, visibility=ALWAYS, testCase=TestCaseDTO[testName=testAttributes[Context], id=1534]], FeedbackDTO[id=1049, text=null, detailText=null, hasLongFeedbackText=false, reference=null, credits=3.230769230769231, positive=true, type=AUTOMATIC, visibility=ALWAYS, testCase=TestCaseDTO[testName=testAttributes[Policy], id=1535]]], assessmentType=AUTOMATIC, hasComplaint=null, exampleResult=null, testCaseCount=13, passedTestCaseCount=13, codeIssueCount=0]], BuildJobQueueItem[id=20471739576759335, name=SHORT07624A260BD060493708A050BB6FAE261DD5TSTEXC-LOCALVCCIINTSTUDENT1, buildAgent=BuildAgentDTO[name=artemis-build-agent-test, memberAddress=[127.0.0.1]:5703, displayName=artemis-build-agent-test], participationId=2047, courseId=999, exerciseId=2616, retryCount=0, priority=2, status=SUCCESSFUL, repositoryInfo=RepositoryInfo[repositoryName=short07624a260bd060493708a050bb6fae261dd5tstexc-localvcciintstudent1, repositoryType=user, triggeredByPushTo=user, assignmentRepositoryUri=http://localhost:49152/git/SHORT07624A260BD060493708A050BB6FAE261DD5TSTEXC/short07624a260bd060493708a050bb6fae261dd5tstexc-localvcciintstudent1.git, testRepositoryUri=http://localhost:49152/git/SHORT07624A260BD060493708A050BB6FAE261DD5TSTEXC/short07624a260bd060493708a050bb6fae261dd5tstexc-tests.git, solutionRepositoryUri=null, auxiliaryRepositoryUris=[Ljava.lang.String;@3695e6e, auxiliaryRepositoryCheckoutDirectories=[Ljava.lang.String;@12d57d56], jobTimingInfo=JobTimingInfo[submissionDate=2025-02-14T23:45:59.335772293Z[Etc/UTC], buildStartDate=2025-02-14T23:45:59.344175895Z[Etc/UTC], buildCompletionDate=2025-02-14T23:46:00.603413500Z[Etc/UTC], estimatedCompletionDate=2025-02-14T23:46:18.344169813Z[Etc/UTC], estimatedDuration=19], buildConfig=BuildConfig[buildScript=#!/bin/bash
cd /var/tmp/testing-dir
chmod +x ./gradlew
./gradlew clean test
, dockerImage=dummy-docker-image:latest, commitHashToBuild=18a07c7296dd70e3280c5bdcec7fccd0be6b8148, assignmentCommitHash=18a07c7296dd70e3280c5bdcec7fccd0be6b8148, testCommitHash=d654a233667bae063bb900e455fd2da456e10333, branch=main, programmingLanguage=JAVA, projectType=PLAIN_GRADLE, scaEnabled=false, sequentialTestRunsEnabled=false, resultPaths=[/var/tmp/testing-dir/**/test-results/test/*.xml], timeoutSeconds=0, assignmentCheckoutPath=null, testCheckoutPath=null, solutionCheckoutPath=null, dockerRunConfig=null], submissionResult=ResultDTO[id=642, completionDate=2025-02-14T23:46:00.583368808Z[Etc/UTC], successful=false, score=7.7, rated=true, submission=SubmissionDTO[id=836, submitted=true, type=MANUAL, exampleSubmission=null, submissionDate=2025-02-14T23:45:59.324416Z, commitHash=18a07c7296dd70e3280c5bdcec7fccd0be6b8148, buildFailed=false, buildArtifact=false, participation=ParticipationDTO[id=2047, testRun=false, type=programming, submissionCount=null, exercise=ParticipationExerciseDTO[id=2616, exerciseType=PROGRAMMING, type=programming, assessmentType=AUTOMATIC, dueDate=2025-02-16T23:45:58.958237Z, assessmentDueDate=null, maxPoints=42.0, course=CourseDTO[id=999, accuracyOfScores=1]]], submissionExerciseType=programming, isProcessing=false, buildStartDate=null, estimatedCompletionDate=null], participation=ParticipationDTO[id=2047, testRun=false, type=programming, submissionCount=null, exercise=ParticipationExerciseDTO[id=2616, exerciseType=PROGRAMMING, type=programming, assessmentType=AUTOMATIC, dueDate=2025-02-16T23:45:58.958237Z, assessmentDueDate=null, maxPoints=42.0, course=CourseDTO[id=999, accuracyOfScores=1]]], feedbacks=[FeedbackDTO[id=1050, text=null, detailText=The exercise expects a class with the name Context in the package testpackage. You did not implement the class in the exercise., hasLongFeedbackText=false, reference=null, credits=0.0, positive=false, type=AUTOMATIC, visibility=ALWAYS, testCase=TestCaseDTO[testName=null, id=1552]], FeedbackDTO[id=1051, text=null, detailText=The exercise expects a class with the name Policy in the package testpackage. You did not implement the class in the exercise., hasLongFeedbackText=false, reference=null, credits=0.0, positive=false, type=AUTOMATIC, visibility=ALWAYS, testCase=TestCaseDTO[testName=null, id=1553]], FeedbackDTO[id=1052, text=null, detailText=The exercise expects a class with the name SortStrategy in the package testpackage. You did not implement the class in the exercise., hasLongFeedbackText=false, reference=null, credits=0.0, positive=false, type=AUTOMATIC, visibility=ALWAYS, testCase=TestCaseDTO[testName=null, id=1554]], FeedbackDTO[id=1053, text=null, detailText=The class 'MergeSort' does not implement the interface 'SortStrategy' as expected. Implement the interface and its methods., hasLongFeedbackText=false, reference=null, credits=0.0, positive=false, type=AUTOMATIC, visibility=ALWAYS, testCase=TestCaseDTO[testName=null, id=1549]], FeedbackDTO[id=1054, text=null, detailText=The exercise expects a class with the name SortStrategy in the package testpackage. You did not implement the class in the exercise., hasLongFeedbackText=false, reference=null, credits=0.0, positive=false, type=AUTOMATIC, visibility=ALWAYS, testCase=TestCaseDTO[testName=null, id=1546]], FeedbackDTO[id=1055, text=null, detailText=The class 'BubbleSort' does not implement the interface 'SortStrategy' as expected. Implement the interface and its methods., hasLongFeedbackText=false, reference=null, credits=0.0, positive=false, type=AUTOMATIC, visibility=ALWAYS, testCase=TestCaseDTO[testName=null, id=1550]], FeedbackDTO[id=1056, text=null, detailText=MergeSort does not sort correctly, hasLongFeedbackText=false, reference=null, credits=0.0, positive=false, type=AUTOMATIC, visibility=ALWAYS, testCase=TestCaseDTO[testName=null, id=1555]], FeedbackDTO[id=1057, text=null, detailText=The class 'Context' was not found within the submission. Make sure to implement it properly., hasLongFeedbackText=false, reference=null, credits=0.0, positive=false, type=AUTOMATIC, visibility=ALWAYS, testCase=TestCaseDTO[testName=null, id=1556]], FeedbackDTO[id=1058, text=null, detailText=The class 'Context' was not found within the submission. Make sure to implement it properly., hasLongFeedbackText=false, reference=null, credits=0.0, positive=false, type=AUTOMATIC, visibility=ALWAYS, testCase=TestCaseDTO[testName=null, id=1557]], FeedbackDTO[id=1059, text=null, detailText=The exercise expects a class with the name Policy in the package testpackage. You did not implement the class in the exercise., hasLongFeedbackText=false, reference=null, credits=0.0, positive=false, type=AUTOMATIC, visibility=ALWAYS, testCase=TestCaseDTO[testName=null, id=1551]], FeedbackDTO[id=1060, text=null, detailText=The exercise expects a class with the name Context in the package testpackage. You did not implement the class in the exercise., hasLongFeedbackText=false, reference=null, credits=0.0, positive=false, type=AUTOMATIC, visibility=ALWAYS, testCase=TestCaseDTO[testName=null, id=1547]], FeedbackDTO[id=1061, text=null, detailText=The exercise expects a class with the name Policy in the package testpackage. You did not implement the class in the exercise., hasLongFeedbackText=false, reference=null, credits=0.0, positive=false, type=AUTOMATIC, visibility=ALWAYS, testCase=TestCaseDTO[testName=null, id=1548]], FeedbackDTO[id=1062, text=null, detailText=null, hasLongFeedbackText=false, reference=null, credits=3.230769230769231, positive=true, type=AUTOMATIC, visibility=ALWAYS, testCase=TestCaseDTO[testName=null, id=1558]]], assessmentType=AUTOMATIC, hasComplaint=null, exampleResult=null, testCaseCount=13, passedTestCaseCount=1, codeIssueCount=0]], BuildJobQueueItem[id=20631739576764096, name=SHORT4DC244B40E51904DBF09D1D07EFB51569A98T9E7-BASE, buildAgent=BuildAgentDTO[name=artemis-build-agent-test, memberAddress=[127.0.0.1]:5703, displayName=artemis-build-agent-test], participationId=2063, courseId=1004, exerciseId=2622, retryCount=0, priority=2, status=SUCCESSFUL, repositoryInfo=RepositoryInfo[repositoryName=short4dc244b40e51904dbf09d1d07efb51569a98t9e7-exercise, repositoryType=exercise, triggeredByPushTo=exercise, assignmentRepositoryUri=http://localhost:49152/git/SHORT4DC244B40E51904DBF09D1D07EFB51569A98T9E7/short4dc244b40e51904dbf09d1d07efb51569a98t9e7-exercise.git, testRepositoryUri=http://localhost:49152/git/SHORT4DC244B40E51904DBF09D1D07EFB51569A98T9E7/short4dc244b40e51904dbf09d1d07efb51569a98t9e7-tests.git, solutionRepositoryUri=null, auxiliaryRepositoryUris=[Ljava.lang.String;@2285210e, auxiliaryRepositoryCheckoutDirectories=[Ljava.lang.String;@4757cf17], jobTimingInfo=JobTimingInfo[submissionDate=2025-02-14T23:46:04.096728486Z[Etc/UTC], buildStartDate=2025-02-14T23:46:04.102262636Z[Etc/UTC], buildCompletionDate=2025-02-14T23:46:05.226227728Z[Etc/UTC], estimatedCompletionDate=2025-02-14T23:46:23.102258508Z[Etc/UTC], estimatedDuration=19], buildConfig=BuildConfig[buildScript=#!/bin/bash
cd /var/tmp/testing-dir
Some script, dockerImage=dummy-docker-image, commitHashToBuild=null, assignmentCommitHash=c012d390834ea02544e9b3baca8f528ff58cb582, testCommitHash=106892b5032dbcc929f32d283777eb646a0a7ab0, branch=main, programmingLanguage=JAVA, projectType=PLAIN_GRADLE, scaEnabled=false, sequentialTestRunsEnabled=false, resultPaths=[/var/tmp/testing-dir/**/test-results/test/*.xml], timeoutSeconds=0, assignmentCheckoutPath=null, testCheckoutPath=null, solutionCheckoutPath=null, dockerRunConfig=null], submissionResult=ResultDTO[id=643, completionDate=2025-02-14T23:46:05.207991505Z[Etc/UTC], successful=false, score=0.0, rated=true, submission=SubmissionDTO[id=838, submitted=false, type=INSTRUCTOR, exampleSubmission=null, submissionDate=2025-02-14T23:46:04.057795Z, commitHash=c012d390834ea02544e9b3baca8f528ff58cb582, buildFailed=false, buildArtifact=false, participation=ParticipationDTO[id=2063, testRun=false, type=template, submissionCount=null, exercise=ParticipationExerciseDTO[id=2622, exerciseType=PROGRAMMING, type=programming, assessmentType=SEMI_AUTOMATIC, dueDate=2025-02-21T23:46:03.542650Z, assessmentDueDate=null, maxPoints=5.0, course=CourseDTO[id=1004, accuracyOfScores=1]]], submissionExerciseType=programming, isProcessing=false, buildStartDate=null, estimatedCompletionDate=null], participation=ParticipationDTO[id=2063, testRun=false, type=template, submissionCount=null, exercise=ParticipationExerciseDTO[id=2622, exerciseType=PROGRAMMING, type=programming, assessmentType=SEMI_AUTOMATIC, dueDate=2025-02-21T23:46:03.542650Z, assessmentDueDate=null, maxPoints=5.0, course=CourseDTO[id=1004, accuracyOfScores=1]]], feedbacks=[FeedbackDTO[id=1063, text=testMethods[Context], detailText=The exercise expects a class with the name Context in the package testpackage. You did not implement the class in the exercise., hasLongFeedbackText=false, reference=null, credits=null, positive=false, type=AUTOMATIC, visibility=null, testCase=null], FeedbackDTO[id=1064, text=testMethods[Policy], detailText=The exercise expects a class with the name Policy in the package testpackage. You did not implement the class in the exercise., hasLongFeedbackText=false, reference=null, credits=null, positive=false, type=AUTOMATIC, visibility=null, testCase=null], FeedbackDTO[id=1065, text=testMethods[SortStrategy], detailText=The exercise expects a class with the name SortStrategy in the package testpackage. You did not implement the class in the exercise., hasLongFeedbackText=false, reference=null, credits=null, positive=false, type=AUTOMATIC, visibility=null, testCase=null], FeedbackDTO[id=1066, text=testClass[MergeSort], detailText=The class 'MergeSort' does not implement the interface 'SortStrategy' as expected. Implement the interface and its methods., hasLongFeedbackText=false, reference=null, credits=null, positive=false, type=AUTOMATIC, visibility=null, testCase=null], FeedbackDTO[id=1067, text=testClass[SortStrategy], detailText=The exercise expects a class with the name SortStrategy in the package testpackage. You did not implement the class in the exercise., hasLongFeedbackText=false, reference=null, credits=null, positive=false, type=AUTOMATIC, visibility=null, testCase=null], FeedbackDTO[id=1068, text=testClass[BubbleSort], detailText=The class 'BubbleSort' does not implement the interface 'SortStrategy' as expected. Implement the interface and its methods., hasLongFeedbackText=false, reference=null, credits=null, positive=false, type=AUTOMATIC, visibility=null, testCase=null], FeedbackDTO[id=1069, text=testMergeSort(), detailText=MergeSort does not sort correctly, hasLongFeedbackText=false, reference=null, credits=null, positive=false, type=AUTOMATIC, visibility=null, testCase=null], FeedbackDTO[id=1070, text=testUseBubbleSortForSmallList(), detailText=The class 'Context' was not found within the submission. Make sure to implement it properly., hasLongFeedbackText=false, reference=null, credits=null, positive=false, type=AUTOMATIC, visibility=null, testCase=null], FeedbackDTO[id=1071, text=testBubbleSort(), detailText=BubbleSort does not sort correctly, hasLongFeedbackText=false, reference=null, credits=null, positive=false, type=AUTOMATIC, visibility=null, testCase=null], FeedbackDTO[id=1072, text=testUseMergeSortForBigList(), detailText=The class 'Context' was not found within the submission. Make sure to implement it properly., hasLongFeedbackText=false, reference=null, credits=null, positive=false, type=AUTOMATIC, visibility=null, testCase=null], FeedbackDTO[id=1073, text=testConstructors[Policy], detailText=The exercise expects a class with the name Policy in the package testpackage. You did not implement the class in the exercise., hasLongFeedbackText=false, reference=null, credits=null, positive=false, type=AUTOMATIC, visibility=null, testCase=null], FeedbackDTO[id=1074, text=testAttributes[Context], detailText=The exercise expects a class with the name Context in the package testpackage. You did not implement the class in the exercise., hasLongFeedbackText=false, reference=null, credits=null, positive=false, type=AUTOMATIC, visibility=null, testCase=null], FeedbackDTO[id=1075, text=testAttributes[Policy], detailText=The exercise expects a class with the name Policy in the package testpackage. You did not implement the class in the exercise., hasLongFeedbackText=false, reference=null, credits=null, positive=false, type=AUTOMATIC, visibility=null, testCase=null]], assessmentType=AUTOMATIC, hasComplaint=null, exampleResult=null, testCaseCount=13, passedTestCaseCount=0, codeIssueCount=0]], BuildJobQueueItem[id=20641739576764112, name=SHORT4DC244B40E51904DBF09D1D07EFB51569A98T9E7-SOLUTION, buildAgent=BuildAgentDTO[name=artemis-build-agent-test, memberAddress=[127.0.0.1]:5703, displayName=artemis-build-agent-test], participationId=2064, courseId=1004, exerciseId=2622, retryCount=0, priority=2, status=SUCCESSFUL, repositoryInfo=RepositoryInfo[repositoryName=short4dc244b40e51904dbf09d1d07efb51569a98t9e7-solution, repositoryType=solution, triggeredByPushTo=solution, assignmentRepositoryUri=http://localhost:49152/git/SHORT4DC244B40E51904DBF09D1D07EFB51569A98T9E7/short4dc244b40e51904dbf09d1d07efb51569a98t9e7-solution.git, testRepositoryUri=http://localhost:49152/git/SHORT4DC244B40E51904DBF09D1D07EFB51569A98T9E7/short4dc244b40e51904dbf09d1d07efb51569a98t9e7-tests.git, solutionRepositoryUri=null, auxiliaryRepositoryUris=[Ljava.lang.String;@e8473bd, auxiliaryRepositoryCheckoutDirectories=[Ljava.lang.String;@370280f6], jobTimingInfo=JobTimingInfo[submissionDate=2025-02-14T23:46:04.112126913Z[Etc/UTC], buildStartDate=2025-02-14T23:46:05.232264507Z[Etc/UTC], buildCompletionDate=2025-02-14T23:46:06.182915498Z[Etc/UTC], estimatedCompletionDate=2025-02-14T23:46:24.232260149Z[Etc/UTC], estimatedDuration=19], buildConfig=BuildConfig[buildScript=#!/bin/bash
cd /var/tmp/testing-dir
Some script, dockerImage=dummy-docker-image, commitHashToBuild=null, assignmentCommitHash=221330b9b164316cadedcd1505ff3260d90e6691, testCommitHash=106892b5032dbcc929f32d283777eb646a0a7ab0, branch=main, programmingLanguage=JAVA, projectType=PLAIN_GRADLE, scaEnabled=false, sequentialTestRunsEnabled=false, resultPaths=[/var/tmp/testing-dir/**/test-results/test/*.xml], timeoutSeconds=0, assignmentCheckoutPath=null, testCheckoutPath=null, solutionCheckoutPath=null, dockerRunConfig=null], submissionResult=ResultDTO[id=644, completionDate=2025-02-14T23:46:06.169385846Z[Etc/UTC], successful=true, score=100.0, rated=true, submission=SubmissionDTO[id=837, submitted=false, type=INSTRUCTOR, exampleSubmission=null, submissionDate=2025-02-14T23:46:04.038689Z, commitHash=221330b9b164316cadedcd1505ff3260d90e6691, buildFailed=false, buildArtifact=false, participation=ParticipationDTO[id=2064, testRun=false, type=solution, submissionCount=null, exercise=ParticipationExerciseDTO[id=2622, exerciseType=PROGRAMMING, type=programming, assessmentType=SEMI_AUTOMATIC, dueDate=2025-02-21T23:46:03.542650Z, assessmentDueDate=null, maxPoints=5.0, course=CourseDTO[id=1004, accuracyOfScores=1]]], submissionExerciseType=programming, isProcessing=false, buildStartDate=null, estimatedCompletionDate=null], participation=ParticipationDTO[id=2064, testRun=false, type=solution, submissionCount=null, exercise=ParticipationExerciseDTO[id=2622, exerciseType=PROGRAMMING, type=programming, assessmentType=SEMI_AUTOMATIC, dueDate=2025-02-21T23:46:03.542650Z, assessmentDueDate=null, maxPoints=5.0, course=CourseDTO[id=1004, accuracyOfScores=1]]], feedbacks=[FeedbackDTO[id=1076, text=null, detailText=null, hasLongFeedbackText=false, reference=null, credits=0.38461538461538464, positive=true, type=AUTOMATIC, visibility=ALWAYS, testCase=TestCaseDTO[testName=testMethods[Context], id=1612]], FeedbackDTO[id=1077, text=null, detailText=null, hasLongFeedbackText=false, reference=null, credits=0.38461538461538464, positive=true, type=AUTOMATIC, visibility=ALWAYS, testCase=TestCaseDTO[testName=testMethods[Policy], id=1611]], FeedbackDTO[id=1078, text=null, detailText=null, hasLongFeedbackText=false, reference=null, credits=0.38461538461538464, positive=true, type=AUTOMATIC, visibility=ALWAYS, testCase=TestCaseDTO[testName=testMethods[SortStrategy], id=1613]], FeedbackDTO[id=1079, text=null, detailText=null, hasLongFeedbackText=false, reference=null, credits=0.38461538461538464, positive=true, type=AUTOMATIC, visibility=ALWAYS, testCase=TestCaseDTO[testName=testClass[MergeSort], id=1614]], FeedbackDTO[id=1080, text=null, detailText=null, hasLongFeedbackText=false, reference=null, credits=0.38461538461538464, positive=true, type=AUTOMATIC, visibility=ALWAYS, testCase=TestCaseDTO[testName=testClass[SortStrategy], id=1617]], FeedbackDTO[id=1081, text=null, detailText=null, hasLongFeedbackText=false, reference=null, credits=0.38461538461538464, positive=true, type=AUTOMATIC, visibility=ALWAYS, testCase=TestCaseDTO[testName=testClass[BubbleSort], id=1618]], FeedbackDTO[id=1082, text=null, detailText=null, hasLongFeedbackText=false, reference=null, credits=0.38461538461538464, positive=true, type=AUTOMATIC, visibility=ALWAYS, testCase=TestCaseDTO[testName=testMergeSort(), id=1620]], FeedbackDTO[id=1083, text=null, detailText=null, hasLongFeedbackText=false, reference=null, credits=0.38461538461538464, positive=true, type=AUTOMATIC, visibility=ALWAYS, testCase=TestCaseDTO[testName=testUseBubbleSortForSmallList(), id=1622]], FeedbackDTO[id=1084, text=null, detailText=null, hasLongFeedbackText=false, reference=null, credits=0.38461538461538464, positive=true, type=AUTOMATIC, visibility=ALWAYS, testCase=TestCaseDTO[testName=testBubbleSort(), id=1615]], FeedbackDTO[id=1085, text=null, detailText=null, hasLongFeedbackText=false, reference=null, credits=0.38461538461538464, positive=true, type=AUTOMATIC, visibility=ALWAYS, testCase=TestCaseDTO[testName=testUseMergeSortForBigList(), id=1619]], FeedbackDTO[id=1086, text=null, detailText=null, hasLongFeedbackText=false, reference=null, credits=0.38461538461538464, positive=true, type=AUTOMATIC, visibility=ALWAYS, testCase=TestCaseDTO[testName=testConstructors[Policy], id=1623]], FeedbackDTO[id=1087, text=null, detailText=null, hasLongFeedbackText=false, reference=null, credits=0.38461538461538464, positive=true, type=AUTOMATIC, visibility=ALWAYS, testCase=TestCaseDTO[testName=testAttributes[Context], id=1616]], FeedbackDTO[id=1088, text=null, detailText=null, hasLongFeedbackText=false, reference=null, credits=0.38461538461538464, positive=true, type=AUTOMATIC, visibility=ALWAYS, testCase=TestCaseDTO[testName=testAttributes[Policy], id=1621]]], assessmentType=AUTOMATIC, hasComplaint=null, exampleResult=null, testCaseCount=13, passedTestCaseCount=13, codeIssueCount=0]], BuildJobQueueItem[id=20711739576769873, name=SHORT119ADC0203685047B60A48204B1EA14EB29EIMPORTED-BASE, buildAgent=BuildAgentDTO[name=artemis-build-agent-test, memberAddress=[127.0.0.1]:5703, displayName=artemis-build-agent-test], participationId=2071, courseId=1007, exerciseId=2625, retryCount=0, priority=2, status=SUCCESSFUL, repositoryInfo=RepositoryInfo[repositoryName=short119adc0203685047b60a48204b1ea14eb29eimported-exercise, repositoryType=exercise, triggeredByPushTo=exercise, assignmentRepositoryUri=http://localhost:49152/git/SHORT119ADC0203685047B60A48204B1EA14EB29EIMPORTED/short119adc0203685047b60a48204b1ea14eb29eimported-exercise.git, testRepositoryUri=http://localhost:49152/git/SHORT119ADC0203685047B60A48204B1EA14EB29EIMPORTED/short119adc0203685047b60a48204b1ea14eb29eimported-tests.git, solutionRepositoryUri=null, auxiliaryRepositoryUris=[Ljava.lang.String;@3c044a49, auxiliaryRepositoryCheckoutDirectories=[Ljava.lang.String;@45d215a9], jobTimingInfo=JobTimingInfo[submissionDate=2025-02-14T23:46:09.873880717Z[Etc/UTC], buildStartDate=2025-02-14T23:46:09.877078790Z[Etc/UTC], buildCompletionDate=2025-02-14T23:46:11.190344481Z[Etc/UTC], estimatedCompletionDate=2025-02-14T23:46:28.877074652Z[Etc/UTC], estimatedDuration=19], buildConfig=BuildConfig[buildScript=#!/bin/bash
cd /var/tmp/testing-dir
chmod +x ./gradlew
./gradlew clean test
, dockerImage=dummy-docker-image, commitHashToBuild=null, assignmentCommitHash=fdf5d18917d97180fa8cd8dbe85fef02e40bdd6d, testCommitHash=fdf5d18917d97180fa8cd8dbe85fef02e40bdd6d, branch=main, programmingLanguage=JAVA, projectType=PLAIN_GRADLE, scaEnabled=false, sequentialTestRunsEnabled=false, resultPaths=[/var/tmp/testing-dir/**/test-results/test/*.xml], timeoutSeconds=0, assignmentCheckoutPath=null, testCheckoutPath=null, solutionCheckoutPath=null, dockerRunConfig=null], submissionResult=null], BuildJobQueueItem[id=20721739576769890, name=SHORT119ADC0203685047B60A48204B1EA14EB29EIMPORTED-SOLUTION, buildAgent=BuildAgentDTO[name=artemis-build-agent-test, memberAddress=[127.0.0.1]:5703, displayName=artemis-build-agent-test], participationId=2072, courseId=1007, exerciseId=2625, retryCount=0, priority=2, status=SUCCESSFUL, repositoryInfo=RepositoryInfo[repositoryName=short119adc0203685047b60a48204b1ea14eb29eimported-solution, repositoryType=solution, triggeredByPushTo=solution, assignmentRepositoryUri=http://localhost:49152/git/SHORT119ADC0203685047B60A48204B1EA14EB29EIMPORTED/short119adc0203685047b60a48204b1ea14eb29eimported-solution.git, testRepositoryUri=http://localhost:49152/git/SHORT119ADC0203685047B60A48204B1EA14EB29EIMPORTED/short119adc0203685047b60a48204b1ea14eb29eimported-tests.git, solutionRepositoryUri=null, auxiliaryRepositoryUris=[Ljava.lang.String;@68e68f35, auxiliaryRepositoryCheckoutDirectories=[Ljava.lang.String;@4b40a7ef], jobTimingInfo=JobTimingInfo[submissionDate=2025-02-14T23:46:09.890822804Z[Etc/UTC], buildStartDate=2025-02-14T23:46:11.208247329Z[Etc/UTC], buildCompletionDate=2025-02-14T23:46:12.589293923Z[Etc/UTC], estimatedCompletionDate=2025-02-14T23:46:30.208240637Z[Etc/UTC], estimatedDuration=19], buildConfig=BuildConfig[buildScript=#!/bin/bash
cd /var/tmp/testing-dir
chmod +x ./gradlew
./gradlew clean test
, dockerImage=dummy-docker-image, commitHashToBuild=null, assignmentCommitHash=fdf5d18917d97180fa8cd8dbe85fef02e40bdd6d, testCommitHash=fdf5d18917d97180fa8cd8dbe85fef02e40bdd6d, branch=main, programmingLanguage=JAVA, projectType=PLAIN_GRADLE, scaEnabled=false, sequentialTestRunsEnabled=false, resultPaths=[/var/tmp/testing-dir/**/test-results/test/*.xml], timeoutSeconds=0, assignmentCheckoutPath=null, testCheckoutPath=null, solutionCheckoutPath=null, dockerRunConfig=null], submissionResult=null]], publicSshKey=ssh-rsa AAAAB3NzaC1yc2EAAAADAQABAAACAQCOPdMsxRE2jFJ/UEa5/LsBxtwzJcrh3/rYBCQvcMeVpiRfhzQPWu7mrt/G2Ew+i+vRloGH9aqKg6dd1liRncao53Zmd/ePxoatXePNhmzTfkCkcSkTUz7B+QMjkoDDV5jwuFPD6mF3JkhuzSi64n9Zy905t4w2IhVcjM2mL3eYNjiCXt6Qpq3Pkt7dM/Ksw1nxnvuiIALuJLB3FTkXkHqq3PJav+9HSq2r6ZaWgekneaGxlQlb+U+Vy3XOuArKAzK8c8i+0bR+AHiTG6ncYXt7ax3U+TdlDTF7OLP3umwaYjs1NBXOHwG42pevvpKn2fqavZZozk+M05jXLx3bq0O7itxfErWc7etky8qYPyyIMF/txQIVLd78+Ze4d7Y60t5MGbXM5cGE6fFif5fEJwgswXD+BrG0cafz1CTatjSKFdvp8Vp4VszXhHDan1PrP6JEFJ5Cc5GDmLRZPCFa3vL9f5qXgf4bkqKN8MYeEujwJE5nMRWoiJVNakix2bcrrneQMBlnYeYZVWXXXUusAQBzl4NgddC1umZpihZkL1b1MffZAUW3EGEXi7KHnllQhkTLLsQ8ntMgbylqaJKStqaXlLvdeRJcEnUuiFCrHEVVbXRFZR7XVDZ02CE5o3MuaRPty8Kh+jRTF3COlAckHwYEJCNNJvXFgb2CNXL4mjzYDw== test@localhost]
    23:46:12.614 | 566 localvc.event-13 | DEBUG | a.p.s.l.SharedQueueManagementService : Build agent updated: null
    23:46:12.620 | 566 localvc.event-13 | DEBUG | s.l.LocalCIWebsocketMessagingService : Sending message on topic /topic/admin/queued-jobs: []
    23:46:12.620 | 566 localvc.event-13 | DEBUG | s.l.LocalCIWebsocketMessagingService : Sending message on topic /topic/courses/1007/queued-jobs: []
    23:46:12.620 | 566 localvc.event-13 | DEBUG | a.a.b.s.SharedQueueProcessingService : CIBuildJobQueueItem added to queue: BuildJobQueueItem[id=20721739576769890, name=SHORT119ADC0203685047B60A48204B1EA14EB29EIMPORTED-SOLUTION, buildAgent=BuildAgentDTO[name=null, memberAddress=null, displayName=null], participationId=2072, courseId=1007, exerciseId=2625, retryCount=0, priority=2, status=null, repositoryInfo=RepositoryInfo[repositoryName=short119adc0203685047b60a48204b1ea14eb29eimported-solution, repositoryType=solution, triggeredByPushTo=solution, assignmentRepositoryUri=http://localhost:49152/git/SHORT119ADC0203685047B60A48204B1EA14EB29EIMPORTED/short119adc0203685047b60a48204b1ea14eb29eimported-solution.git, testRepositoryUri=http://localhost:49152/git/SHORT119ADC0203685047B60A48204B1EA14EB29EIMPORTED/short119adc0203685047b60a48204b1ea14eb29eimported-tests.git, solutionRepositoryUri=null, auxiliaryRepositoryUris=[Ljava.lang.String;@1250d133, auxiliaryRepositoryCheckoutDirectories=[Ljava.lang.String;@9c872f], jobTimingInfo=JobTimingInfo[submissionDate=2025-02-14T23:46:09.890822804Z[Etc/UTC], buildStartDate=null, buildCompletionDate=null, estimatedCompletionDate=null, estimatedDuration=19], buildConfig=BuildConfig[buildScript=#!/bin/bash
cd /var/tmp/testing-dir
chmod +x ./gradlew
./gradlew clean test
, dockerImage=dummy-docker-image, commitHashToBuild=null, assignmentCommitHash=fdf5d18917d97180fa8cd8dbe85fef02e40bdd6d, testCommitHash=fdf5d18917d97180fa8cd8dbe85fef02e40bdd6d, branch=main, programmingLanguage=JAVA, projectType=PLAIN_GRADLE, scaEnabled=false, sequentialTestRunsEnabled=false, resultPaths=[/var/tmp/testing-dir/**/test-results/test/*.xml], timeoutSeconds=0, assignmentCheckoutPath=null, testCheckoutPath=null, solutionCheckoutPath=null, dockerRunConfig=null], submissionResult=null]
    23:46:12.620 | 566 localvc.event-13 | DEBUG | a.a.b.s.SharedQueueProcessingService : Current queued items: 0
    23:46:12.620 | 566 localvc.event-13 | DEBUG | a.a.b.s.SharedQueueProcessingService : Currently processing jobs on this node: 0, active threads in Pool: 0, maximum pool size of thread executor : 1
    23:46:12.621 | 566 localvc.event-13 | DEBUG | p.s.l.LocalCIResultProcessingService : Result of build job with id 20711739576769873 added to queue
    23:46:12.621 | 566 localvc.event-13 | INFO  | p.s.l.LocalCIResultProcessingService : Processing build job result with id 20711739576769873
    23:46:12.621 | 566 localvc.event-13 | DEBUG | p.s.l.LocalCIResultProcessingService : Build jobs waiting in queue: 1
    23:46:12.621 | 566 localvc.event-13 | DEBUG | p.s.l.LocalCIResultProcessingService : Queued build jobs: [20721739576769890]
    23:46:12.622 | 588 artemis-task-1   | DEBUG | d.t.c.a.a.c.c.w.GzipMessageConverter : Compressed message payload from 130594 to 12400 (saved 90.5% payload size)
    23:46:12.626 | 566 localvc.event-13 | DEBUG | .s.ProgrammingExerciseGradingService : Received new build result (NEW) for participation 2071
    23:46:12.627 | 600 taskScheduler-1  | DEBUG | a.a.b.s.SharedQueueProcessingService : Currently processing jobs on this node: 0, active threads in Pool: 0, maximum pool size of thread executor : 1
    23:46:12.634 | 566 localvc.event-13 | WARN  | .s.ProgrammingExerciseGradingService : Could not find pending ProgrammingSubmission for Commit Hash fdf5d18917d97180fa8cd8dbe85fef02e40bdd6d (Participation 2071, Build Plan SHORT119ADC0203685047B60A48204B1EA14EB29EIMPORTED-BASE). Will create a new one subsequently...
    23:46:12.701 | 566 localvc.event-13 | DEBUG | .a.a.p.s.ProgrammingMessagingService : Send result to client over websocket. Result: Result{id645, completionDate=2025-02-14T23:46:11.157476754Z[Etc/UTC], successful=false, score=0.0, rated=true, assessmentType=AUTOMATIC, hasComplaint=null, testCaseCount=13, passedTestCaseCount=0, codeIssueCount=0}, Submission: ProgrammingSubmission{commitHash='fdf5d18917d97180fa8cd8dbe85fef02e40bdd6d', buildFailed=false, buildArtifact=false, type=MANUAL}, Participation: TemplateProgrammingExerciseParticipation{id=2071, repositoryUri='http://localhost:49152/git/SHORT119ADC0203685047B60A48204B1EA14EB29EIMPORTED/short119adc0203685047b60a48204b1ea14eb29eimported-exercise.git', buildPlanId='SHORT119ADC0203685047B60A48204B1EA14EB29EIMPORTED-BASE}
    23:46:12.716 | 566 localvc.event-13 | DEBUG | d.t.c.a.a.p.s.BuildLogEntryService   : Saved build logs for build job 20711739576769873 to file /tmp/build-logs/short119adc0203685047b60a48204b1ea14eb29e/imported/20711739576769873.log
    23:46:12.717 | 566 localvc.event-13 | DEBUG | a.p.s.l.LocalCIQueueWebsocketService : Build agent updated: BuildAgentInformation[buildAgent=BuildAgentDTO[name=artemis-build-agent-test, memberAddress=[127.0.0.1]:5703, displayName=artemis-build-agent-test], maxNumberOfConcurrentBuildJobs=1, numberOfCurrentBuildJobs=0, runningBuildJobs=[], status=IDLE, recentBuildJobs=[BuildJobQueueItem[id=19341739576713025, name=SHORT9AFDAE3804CA304DDF0889A0CB0F56104A86TSTEXC-SOLUTION, buildAgent=BuildAgentDTO[name=artemis-build-agent-test, memberAddress=[127.0.0.1]:5703, displayName=artemis-build-agent-test], participationId=1934, courseId=956, exerciseId=2573, retryCount=0, priority=2, status=FAILED, repositoryInfo=RepositoryInfo[repositoryName=short9afdae3804ca304ddf0889a0cb0f56104a86tstexc-solution, repositoryType=solution, triggeredByPushTo=tests, assignmentRepositoryUri=http://localhost:49152/git/SHORT9AFDAE3804CA304DDF0889A0CB0F56104A86TSTEXC/short9afdae3804ca304ddf0889a0cb0f56104a86tstexc-solution.git, testRepositoryUri=http://localhost:49152/git/SHORT9AFDAE3804CA304DDF0889A0CB0F56104A86TSTEXC/short9afdae3804ca304ddf0889a0cb0f56104a86tstexc-tests.git, solutionRepositoryUri=null, auxiliaryRepositoryUris=[Ljava.lang.String;@7a05c7fc, auxiliaryRepositoryCheckoutDirectories=[Ljava.lang.String;@5933660], jobTimingInfo=JobTimingInfo[submissionDate=2025-02-14T23:45:13.025319671Z[Etc/UTC], buildStartDate=2025-02-14T23:45:13.040293146Z[Etc/UTC], buildCompletionDate=2025-02-14T23:45:13.053032917Z[Etc/UTC], estimatedCompletionDate=2025-02-14T23:45:32.040285703Z[Etc/UTC], estimatedDuration=19], buildConfig=BuildConfig[buildScript=#!/bin/bash
cd /var/tmp/testing-dir
chmod +x ./gradlew
./gradlew clean test
, dockerImage=dummy-docker-image:latest, commitHashToBuild=784f8f0049d2a1a54f21c67dd772bea86715267a, assignmentCommitHash=a1099e378cffde441ef85f9b12577ca174b8e1e4, testCommitHash=784f8f0049d2a1a54f21c67dd772bea86715267a, branch=main, programmingLanguage=JAVA, projectType=PLAIN_GRADLE, scaEnabled=false, sequentialTestRunsEnabled=false, resultPaths=[/var/tmp/testing-dir/**/test-results/test/*.xml], timeoutSeconds=0, assignmentCheckoutPath=null, testCheckoutPath=null, solutionCheckoutPath=null, dockerRunConfig=null], submissionResult=ResultDTO[id=626, completionDate=2025-02-14T23:45:13.053131811Z[Etc/UTC], successful=false, score=0.0, rated=true, submission=SubmissionDTO[id=818, submitted=true, type=TEST, exampleSubmission=null, submissionDate=2025-02-14T23:45:13.005779Z, commitHash=784f8f0049d2a1a54f21c67dd772bea86715267a, buildFailed=true, buildArtifact=false, participation=ParticipationDTO[id=1934, testRun=false, type=solution, submissionCount=null, exercise=ParticipationExerciseDTO[id=2573, exerciseType=PROGRAMMING, type=programming, assessmentType=AUTOMATIC, dueDate=2025-02-16T23:45:10.996982Z, assessmentDueDate=null, maxPoints=42.0, course=CourseDTO[id=956, accuracyOfScores=1]]], submissionExerciseType=programming, isProcessing=false, buildStartDate=null, estimatedCompletionDate=null], participation=ParticipationDTO[id=1934, testRun=false, type=solution, submissionCount=null, exercise=ParticipationExerciseDTO[id=2573, exerciseType=PROGRAMMING, type=programming, assessmentType=AUTOMATIC, dueDate=2025-02-16T23:45:10.996982Z, assessmentDueDate=null, maxPoints=42.0, course=CourseDTO[id=956, accuracyOfScores=1]]], feedbacks=[], assessmentType=AUTOMATIC, hasComplaint=null, exampleResult=null, testCaseCount=0, passedTestCaseCount=0, codeIssueCount=0]], BuildJobQueueItem[id=19581739576715555, name=SHORTC1A3F9FC03D2304B4308FA20AF16D54AAA49TSTEXC-LOCALVCSSHINTSTUDENT1, buildAgent=BuildAgentDTO[name=artemis-build-agent-test, memberAddress=[127.0.0.1]:5703, displayName=artemis-build-agent-test], participationId=1958, courseId=965, exerciseId=2582, retryCount=0, priority=2, status=FAILED, repositoryInfo=RepositoryInfo[repositoryName=shortc1a3f9fc03d2304b4308fa20af16d54aaa49tstexc-localvcsshintstudent1, repositoryType=user, triggeredByPushTo=user, assignmentRepositoryUri=http://localhost:49152/git/SHORTC1A3F9FC03D2304B4308FA20AF16D54AAA49TSTEXC/shortc1a3f9fc03d2304b4308fa20af16d54aaa49tstexc-localvcsshintstudent1.git, testRepositoryUri=http://localhost:49152/git/SHORTC1A3F9FC03D2304B4308FA20AF16D54AAA49TSTEXC/shortc1a3f9fc03d2304b4308fa20af16d54aaa49tstexc-tests.git, solutionRepositoryUri=null, auxiliaryRepositoryUris=[Ljava.lang.String;@18afdfb3, auxiliaryRepositoryCheckoutDirectories=[Ljava.lang.String;@259d78f4], jobTimingInfo=JobTimingInfo[submissionDate=2025-02-14T23:45:15.555989584Z[Etc/UTC], buildStartDate=2025-02-14T23:45:15.568477627Z[Etc/UTC], buildCompletionDate=2025-02-14T23:45:15.579021148Z[Etc/UTC], estimatedCompletionDate=2025-02-14T23:45:34.568443924Z[Etc/UTC], estimatedDuration=19], buildConfig=BuildConfig[buildScript=#!/bin/bash
cd /var/tmp/testing-dir
chmod +x ./gradlew
./gradlew clean test
, dockerImage=dummy-docker-image:latest, commitHashToBuild=ca76dac20e040e6609db02fd7fedd56bf58829d7, assignmentCommitHash=ca76dac20e040e6609db02fd7fedd56bf58829d7, testCommitHash=bd0d58c226dc63bfa4bc9052870589952c0a1f83, branch=main, programmingLanguage=JAVA, projectType=PLAIN_GRADLE, scaEnabled=false, sequentialTestRunsEnabled=false, resultPaths=[/var/tmp/testing-dir/**/test-results/test/*.xml], timeoutSeconds=0, assignmentCheckoutPath=null, testCheckoutPath=null, solutionCheckoutPath=null, dockerRunConfig=null], submissionResult=ResultDTO[id=627, completionDate=2025-02-14T23:45:15.579119131Z[Etc/UTC], successful=false, score=0.0, rated=true, submission=SubmissionDTO[id=820, submitted=true, type=MANUAL, exampleSubmission=null, submissionDate=2025-02-14T23:45:15.548349Z, commitHash=ca76dac20e040e6609db02fd7fedd56bf58829d7, buildFailed=true, buildArtifact=false, participation=ParticipationDTO[id=1958, testRun=false, type=programming, submissionCount=null, exercise=ParticipationExerciseDTO[id=2582, exerciseType=PROGRAMMING, type=programming, assessmentType=AUTOMATIC, dueDate=2025-02-16T23:45:15.103512Z, assessmentDueDate=null, maxPoints=42.0, course=CourseDTO[id=965, accuracyOfScores=1]]], submissionExerciseType=programming, isProcessing=false, buildStartDate=null, estimatedCompletionDate=null], participation=ParticipationDTO[id=1958, testRun=false, type=programming, submissionCount=null, exercise=ParticipationExerciseDTO[id=2582, exerciseType=PROGRAMMING, type=programming, assessmentType=AUTOMATIC, dueDate=2025-02-16T23:45:15.103512Z, assessmentDueDate=null, maxPoints=42.0, course=CourseDTO[id=965, accuracyOfScores=1]]], feedbacks=[], assessmentType=AUTOMATIC, hasComplaint=null, exampleResult=null, testCaseCount=0, passedTestCaseCount=0, codeIssueCount=0]], BuildJobQueueItem[id=19801739576719393, name=SHORTB2A6C58B0D447045380A858075B170A5B7C6TSTEXC-LOCALVCSSHINTSTUDENT1, buildAgent=BuildAgentDTO[name=artemis-build-agent-test, memberAddress=[127.0.0.1]:5703, displayName=artemis-build-agent-test], participationId=1980, courseId=974, exerciseId=2591, retryCount=0, priority=2, status=FAILED, repositoryInfo=RepositoryInfo[repositoryName=shortb2a6c58b0d447045380a858075b170a5b7c6tstexc-localvcsshintstudent1, repositoryType=user, triggeredByPushTo=user, assignmentRepositoryUri=http://localhost:49152/git/SHORTB2A6C58B0D447045380A858075B170A5B7C6TSTEXC/shortb2a6c58b0d447045380a858075b170a5b7c6tstexc-localvcsshintstudent1.git, testRepositoryUri=http://localhost:49152/git/SHORTB2A6C58B0D447045380A858075B170A5B7C6TSTEXC/shortb2a6c58b0d447045380a858075b170a5b7c6tstexc-tests.git, solutionRepositoryUri=null, auxiliaryRepositoryUris=[Ljava.lang.String;@71f3719c, auxiliaryRepositoryCheckoutDirectories=[Ljava.lang.String;@6dcf79f4], jobTimingInfo=JobTimingInfo[submissionDate=2025-02-14T23:45:19.393259829Z[Etc/UTC], buildStartDate=2025-02-14T23:45:19.405438171Z[Etc/UTC], buildCompletionDate=2025-02-14T23:45:19.414070673Z[Etc/UTC], estimatedCompletionDate=2025-02-14T23:45:38.405431569Z[Etc/UTC], estimatedDuration=19], buildConfig=BuildConfig[buildScript=#!/bin/bash
cd /var/tmp/testing-dir
chmod +x ./gradlew
./gradlew clean test
, dockerImage=dummy-docker-image:latest, commitHashToBuild=363cdbf709a9fff149f813ab848ee800a675cc77, assignmentCommitHash=363cdbf709a9fff149f813ab848ee800a675cc77, testCommitHash=a5e046ece417b2e538f21f816e2524dab61e0d10, branch=main, programmingLanguage=JAVA, projectType=PLAIN_GRADLE, scaEnabled=false, sequentialTestRunsEnabled=false, resultPaths=[/var/tmp/testing-dir/**/test-results/test/*.xml], timeoutSeconds=0, assignmentCheckoutPath=null, testCheckoutPath=null, solutionCheckoutPath=null, dockerRunConfig=null], submissionResult=ResultDTO[id=628, completionDate=2025-02-14T23:45:19.414171040Z[Etc/UTC], successful=false, score=0.0, rated=true, submission=SubmissionDTO[id=821, submitted=true, type=MANUAL, exampleSubmission=null, submissionDate=2025-02-14T23:45:19.376840Z, commitHash=363cdbf709a9fff149f813ab848ee800a675cc77, buildFailed=true, buildArtifact=false, participation=ParticipationDTO[id=1980, testRun=false, type=programming, submissionCount=null, exercise=ParticipationExerciseDTO[id=2591, exerciseType=PROGRAMMING, type=programming, assessmentType=AUTOMATIC, dueDate=2025-02-16T23:45:18.950569Z, assessmentDueDate=null, maxPoints=42.0, course=CourseDTO[id=974, accuracyOfScores=1]]], submissionExerciseType=programming, isProcessing=false, buildStartDate=null, estimatedCompletionDate=null], participation=ParticipationDTO[id=1980, testRun=false, type=programming, submissionCount=null, exercise=ParticipationExerciseDTO[id=2591, exerciseType=PROGRAMMING, type=programming, assessmentType=AUTOMATIC, dueDate=2025-02-16T23:45:18.950569Z, assessmentDueDate=null, maxPoints=42.0, course=CourseDTO[id=974, accuracyOfScores=1]]], feedbacks=[], assessmentType=AUTOMATIC, hasComplaint=null, exampleResult=null, testCaseCount=0, passedTestCaseCount=0, codeIssueCount=0]], BuildJobQueueItem[id=19791739576719787, name=SHORTB2A6C58B0D447045380A858075B170A5B7C6TSTEXC-BASE, buildAgent=BuildAgentDTO[name=artemis-build-agent-test, memberAddress=[127.0.0.1]:5703, displayName=artemis-build-agent-test], participationId=1979, courseId=974, exerciseId=2591, retryCount=0, priority=2, status=FAILED, repositoryInfo=RepositoryInfo[repositoryName=shortb2a6c58b0d447045380a858075b170a5b7c6tstexc-exercise, repositoryType=exercise, triggeredByPushTo=exercise, assignmentRepositoryUri=http://localhost:49152/git/SHORTB2A6C58B0D447045380A858075B170A5B7C6TSTEXC/shortb2a6c58b0d447045380a858075b170a5b7c6tstexc-exercise.git, testRepositoryUri=http://localhost:49152/git/SHORTB2A6C58B0D447045380A858075B170A5B7C6TSTEXC/shortb2a6c58b0d447045380a858075b170a5b7c6tstexc-tests.git, solutionRepositoryUri=null, auxiliaryRepositoryUris=[Ljava.lang.String;@b7b71b9, auxiliaryRepositoryCheckoutDirectories=[Ljava.lang.String;@456ff2fa], jobTimingInfo=JobTimingInfo[submissionDate=2025-02-14T23:45:19.787985058Z[Etc/UTC], buildStartDate=2025-02-14T23:45:19.796327417Z[Etc/UTC], buildCompletionDate=2025-02-14T23:45:19.799750982Z[Etc/UTC], estimatedCompletionDate=2025-02-14T23:45:38.796319082Z[Etc/UTC], estimatedDuration=19], buildConfig=BuildConfig[buildScript=#!/bin/bash
cd /var/tmp/testing-dir
chmod +x ./gradlew
./gradlew clean test
, dockerImage=dummy-docker-image:latest, commitHashToBuild=363cdbf709a9fff149f813ab848ee800a675cc77, assignmentCommitHash=363cdbf709a9fff149f813ab848ee800a675cc77, testCommitHash=a5e046ece417b2e538f21f816e2524dab61e0d10, branch=main, programmingLanguage=JAVA, projectType=PLAIN_GRADLE, scaEnabled=false, sequentialTestRunsEnabled=false, resultPaths=[/var/tmp/testing-dir/**/test-results/test/*.xml], timeoutSeconds=0, assignmentCheckoutPath=null, testCheckoutPath=null, solutionCheckoutPath=null, dockerRunConfig=null], submissionResult=ResultDTO[id=629, completionDate=2025-02-14T23:45:19.799820341Z[Etc/UTC], successful=false, score=0.0, rated=true, submission=SubmissionDTO[id=822, submitted=true, type=MANUAL, exampleSubmission=null, submissionDate=2025-02-14T23:45:19.775952Z, commitHash=363cdbf709a9fff149f813ab848ee800a675cc77, buildFailed=true, buildArtifact=false, participation=ParticipationDTO[id=1979, testRun=false, type=template, submissionCount=null, exercise=ParticipationExerciseDTO[id=2591, exerciseType=PROGRAMMING, type=programming, assessmentType=AUTOMATIC, dueDate=2025-02-16T23:45:18.950569Z, assessmentDueDate=null, maxPoints=42.0, course=CourseDTO[id=974, accuracyOfScores=1]]], submissionExerciseType=programming, isProcessing=false, buildStartDate=null, estimatedCompletionDate=null], participation=ParticipationDTO[id=1979, testRun=false, type=template, submissionCount=null, exercise=ParticipationExerciseDTO[id=2591, exerciseType=PROGRAMMING, type=programming, assessmentType=AUTOMATIC, dueDate=2025-02-16T23:45:18.950569Z, assessmentDueDate=null, maxPoints=42.0, course=CourseDTO[id=974, accuracyOfScores=1]]], feedbacks=[], assessmentType=AUTOMATIC, hasComplaint=null, exampleResult=null, testCaseCount=0, passedTestCaseCount=0, codeIssueCount=0]], BuildJobQueueItem[id=19781739576720235, name=SHORTB2A6C58B0D447045380A858075B170A5B7C6TSTEXC-SOLUTION, buildAgent=BuildAgentDTO[name=artemis-build-agent-test, memberAddress=[127.0.0.1]:5703, displayName=artemis-build-agent-test], participationId=1978, courseId=974, exerciseId=2591, retryCount=0, priority=2, status=FAILED, repositoryInfo=RepositoryInfo[repositoryName=shortb2a6c58b0d447045380a858075b170a5b7c6tstexc-solution, repositoryType=solution, triggeredByPushTo=solution, assignmentRepositoryUri=http://localhost:49152/git/SHORTB2A6C58B0D447045380A858075B170A5B7C6TSTEXC/shortb2a6c58b0d447045380a858075b170a5b7c6tstexc-solution.git, testRepositoryUri=http://localhost:49152/git/SHORTB2A6C58B0D447045380A858075B170A5B7C6TSTEXC/shortb2a6c58b0d447045380a858075b170a5b7c6tstexc-tests.git, solutionRepositoryUri=null, auxiliaryRepositoryUris=[Ljava.lang.String;@2f7a145a, auxiliaryRepositoryCheckoutDirectories=[Ljava.lang.String;@39ecc898], jobTimingInfo=JobTimingInfo[submissionDate=2025-02-14T23:45:20.235272325Z[Etc/UTC], buildStartDate=2025-02-14T23:45:20.243033812Z[Etc/UTC], buildCompletionDate=2025-02-14T23:45:20.250721018Z[Etc/UTC], estimatedCompletionDate=2025-02-14T23:45:39.243026949Z[Etc/UTC], estimatedDuration=19], buildConfig=BuildConfig[buildScript=#!/bin/bash
cd /var/tmp/testing-dir
chmod +x ./gradlew
./gradlew clean test
, dockerImage=dummy-docker-image:latest, commitHashToBuild=c710d0e68c9c7db8cda7d1a278308de2b9642cc0, assignmentCommitHash=c710d0e68c9c7db8cda7d1a278308de2b9642cc0, testCommitHash=a5e046ece417b2e538f21f816e2524dab61e0d10, branch=main, programmingLanguage=JAVA, projectType=PLAIN_GRADLE, scaEnabled=false, sequentialTestRunsEnabled=false, resultPaths=[/var/tmp/testing-dir/**/test-results/test/*.xml], timeoutSeconds=0, assignmentCheckoutPath=null, testCheckoutPath=null, solutionCheckoutPath=null, dockerRunConfig=null], submissionResult=ResultDTO[id=630, completionDate=2025-02-14T23:45:20.250809893Z[Etc/UTC], successful=false, score=0.0, rated=true, submission=SubmissionDTO[id=823, submitted=true, type=MANUAL, exampleSubmission=null, submissionDate=2025-02-14T23:45:20.211707Z, commitHash=c710d0e68c9c7db8cda7d1a278308de2b9642cc0, buildFailed=true, buildArtifact=false, participation=ParticipationDTO[id=1978, testRun=false, type=solution, submissionCount=null, exercise=ParticipationExerciseDTO[id=2591, exerciseType=PROGRAMMING, type=programming, assessmentType=AUTOMATIC, dueDate=2025-02-16T23:45:18.950569Z, assessmentDueDate=null, maxPoints=42.0, course=CourseDTO[id=974, accuracyOfScores=1]]], submissionExerciseType=programming, isProcessing=false, buildStartDate=null, estimatedCompletionDate=null], participation=ParticipationDTO[id=1978, testRun=false, type=solution, submissionCount=null, exercise=ParticipationExerciseDTO[id=2591, exerciseType=PROGRAMMING, type=programming, assessmentType=AUTOMATIC, dueDate=2025-02-16T23:45:18.950569Z, assessmentDueDate=null, maxPoints=42.0, course=CourseDTO[id=974, accuracyOfScores=1]]], feedbacks=[], assessmentType=AUTOMATIC, hasComplaint=null, exampleResult=null, testCaseCount=0, passedTestCaseCount=0, codeIssueCount=0]], BuildJobQueueItem[id=19781739576720802, name=SHORTB2A6C58B0D447045380A858075B170A5B7C6TSTEXC-SOLUTION, buildAgent=BuildAgentDTO[name=artemis-build-agent-test, memberAddress=[127.0.0.1]:5703, displayName=artemis-build-agent-test], participationId=1978, courseId=974, exerciseId=2591, retryCount=0, priority=2, status=FAILED, repositoryInfo=RepositoryInfo[repositoryName=shortb2a6c58b0d447045380a858075b170a5b7c6tstexc-solution, repositoryType=solution, triggeredByPushTo=tests, assignmentRepositoryUri=http://localhost:49152/git/SHORTB2A6C58B0D447045380A858075B170A5B7C6TSTEXC/shortb2a6c58b0d447045380a858075b170a5b7c6tstexc-solution.git, testRepositoryUri=http://localhost:49152/git/SHORTB2A6C58B0D447045380A858075B170A5B7C6TSTEXC/shortb2a6c58b0d447045380a858075b170a5b7c6tstexc-tests.git, solutionRepositoryUri=null, auxiliaryRepositoryUris=[Ljava.lang.String;@69ca90a5, auxiliaryRepositoryCheckoutDirectories=[Ljava.lang.String;@53084744], jobTimingInfo=JobTimingInfo[submissionDate=2025-02-14T23:45:20.802935026Z[Etc/UTC], buildStartDate=2025-02-14T23:45:20.809306435Z[Etc/UTC], buildCompletionDate=2025-02-14T23:45:20.822452342Z[Etc/UTC], estimatedCompletionDate=2025-02-14T23:45:39.809298491Z[Etc/UTC], estimatedDuration=19], buildConfig=BuildConfig[buildScript=#!/bin/bash
cd /var/tmp/testing-dir
chmod +x ./gradlew
./gradlew clean test
, dockerImage=dummy-docker-image:latest, commitHashToBuild=c710d0e68c9c7db8cda7d1a278308de2b9642cc0, assignmentCommitHash=c710d0e68c9c7db8cda7d1a278308de2b9642cc0, testCommitHash=c710d0e68c9c7db8cda7d1a278308de2b9642cc0, branch=main, programmingLanguage=JAVA, projectType=PLAIN_GRADLE, scaEnabled=false, sequentialTestRunsEnabled=false, resultPaths=[/var/tmp/testing-dir/**/test-results/test/*.xml], timeoutSeconds=0, assignmentCheckoutPath=null, testCheckoutPath=null, solutionCheckoutPath=null, dockerRunConfig=null], submissionResult=ResultDTO[id=631, completionDate=2025-02-14T23:45:20.822527362Z[Etc/UTC], successful=false, score=0.0, rated=true, submission=SubmissionDTO[id=824, submitted=true, type=TEST, exampleSubmission=null, submissionDate=2025-02-14T23:45:20.791240Z, commitHash=c710d0e68c9c7db8cda7d1a278308de2b9642cc0, buildFailed=true, buildArtifact=false, participation=ParticipationDTO[id=1978, testRun=false, type=solution, submissionCount=null, exercise=ParticipationExerciseDTO[id=2591, exerciseType=PROGRAMMING, type=programming, assessmentType=AUTOMATIC, dueDate=2025-02-16T23:45:18.950569Z, assessmentDueDate=null, maxPoints=42.0, course=CourseDTO[id=974, accuracyOfScores=1]]], submissionExerciseType=programming, isProcessing=false, buildStartDate=null, estimatedCompletionDate=null], participation=ParticipationDTO[id=1978, testRun=false, type=solution, submissionCount=null, exercise=ParticipationExerciseDTO[id=2591, exerciseType=PROGRAMMING, type=programming, assessmentType=AUTOMATIC, dueDate=2025-02-16T23:45:18.950569Z, assessmentDueDate=null, maxPoints=42.0, course=CourseDTO[id=974, accuracyOfScores=1]]], feedbacks=[], assessmentType=AUTOMATIC, hasComplaint=null, exampleResult=null, testCaseCount=0, passedTestCaseCount=0, codeIssueCount=0]], BuildJobQueueItem[id=20061739576732554, name=SHORT94A899E303D7504C5D0840704DAAFA3DFF4DTSTEXC-LOCALVCCIINTINSTRUCTOR1, buildAgent=BuildAgentDTO[name=artemis-build-agent-test, memberAddress=[127.0.0.1]:5703, displayName=artemis-build-agent-test], participationId=2006, courseId=984, exerciseId=2601, retryCount=0, priority=2, status=SUCCESSFUL, repositoryInfo=RepositoryInfo[repositoryName=short94a899e303d7504c5d0840704daafa3dff4dtstexc-localvcciintinstructor1, repositoryType=user, triggeredByPushTo=user, assignmentRepositoryUri=http://localhost:49152/git/SHORT94A899E303D7504C5D0840704DAAFA3DFF4DTSTEXC/short94a899e303d7504c5d0840704daafa3dff4dtstexc-localvcciintinstructor1.git, testRepositoryUri=http://localhost:49152/git/SHORT94A899E303D7504C5D0840704DAAFA3DFF4DTSTEXC/short94a899e303d7504c5d0840704daafa3dff4dtstexc-tests.git, solutionRepositoryUri=null, auxiliaryRepositoryUris=[Ljava.lang.String;@2c2f51bb, auxiliaryRepositoryCheckoutDirectories=[Ljava.lang.String;@7358e4ae], jobTimingInfo=JobTimingInfo[submissionDate=2025-02-14T23:45:32.554795798Z[Etc/UTC], buildStartDate=2025-02-14T23:45:32.567287465Z[Etc/UTC], buildCompletionDate=2025-02-14T23:45:34.535226768Z[Etc/UTC], estimatedCompletionDate=2025-02-14T23:45:51.567257960Z[Etc/UTC], estimatedDuration=19], buildConfig=BuildConfig[buildScript=#!/bin/bash
cd /var/tmp/testing-dir
chmod +x ./gradlew
./gradlew clean test
, dockerImage=dummy-docker-image:latest, commitHashToBuild=ca2dbc0ae87edf7035058a6a17c0ea60e90a290f, assignmentCommitHash=ca2dbc0ae87edf7035058a6a17c0ea60e90a290f, testCommitHash=0207f6f98af5fbb66ad68455f3fc3cf128af8ae9, branch=main, programmingLanguage=JAVA, projectType=PLAIN_GRADLE, scaEnabled=false, sequentialTestRunsEnabled=false, resultPaths=[/var/tmp/testing-dir/**/test-results/test/*.xml], timeoutSeconds=0, assignmentCheckoutPath=null, testCheckoutPath=null, solutionCheckoutPath=null, dockerRunConfig=null], submissionResult=ResultDTO[id=632, completionDate=2025-02-14T23:45:34.504415716Z[Etc/UTC], successful=false, score=7.7, rated=false, submission=SubmissionDTO[id=826, submitted=true, type=MANUAL, exampleSubmission=null, submissionDate=2025-02-14T23:45:32.541533Z, commitHash=ca2dbc0ae87edf7035058a6a17c0ea60e90a290f, buildFailed=false, buildArtifact=false, participation=ParticipationDTO[id=2006, testRun=true, type=programming, submissionCount=null, exercise=ParticipationExerciseDTO[id=2601, exerciseType=PROGRAMMING, type=programming, assessmentType=AUTOMATIC, dueDate=2025-02-16T23:45:31.864042Z, assessmentDueDate=null, maxPoints=42.0, course=CourseDTO[id=984, accuracyOfScores=1]]], submissionExerciseType=programming, isProcessing=false, buildStartDate=null, estimatedCompletionDate=null], participation=ParticipationDTO[id=2006, testRun=true, type=programming, submissionCount=null, exercise=ParticipationExerciseDTO[id=2601, exerciseType=PROGRAMMING, type=programming, assessmentType=AUTOMATIC, dueDate=2025-02-16T23:45:31.864042Z, assessmentDueDate=null, maxPoints=42.0, course=CourseDTO[id=984, accuracyOfScores=1]]], feedbacks=[FeedbackDTO[id=920, text=null, detailText=The exercise expects a class with the name Context in the package testpackage. You did not implement the class in the exercise., hasLongFeedbackText=false, reference=null, credits=0.0, positive=false, type=AUTOMATIC, visibility=ALWAYS, testCase=TestCaseDTO[testName=null, id=1357]], FeedbackDTO[id=921, text=null, detailText=The exercise expects a class with the name Policy in the package testpackage. You did not implement the class in the exercise., hasLongFeedbackText=false, reference=null, credits=0.0, positive=false, type=AUTOMATIC, visibility=ALWAYS, testCase=TestCaseDTO[testName=null, id=1358]], FeedbackDTO[id=922, text=null, detailText=The exercise expects a class with the name SortStrategy in the package testpackage. You did not implement the class in the exercise., hasLongFeedbackText=false, reference=null, credits=0.0, positive=false, type=AUTOMATIC, visibility=ALWAYS, testCase=TestCaseDTO[testName=null, id=1359]], FeedbackDTO[id=923, text=null, detailText=The class 'MergeSort' does not implement the interface 'SortStrategy' as expected. Implement the interface and its methods., hasLongFeedbackText=false, reference=null, credits=0.0, positive=false, type=AUTOMATIC, visibility=ALWAYS, testCase=TestCaseDTO[testName=null, id=1354]], FeedbackDTO[id=924, text=null, detailText=The exercise expects a class with the name SortStrategy in the package testpackage. You did not implement the class in the exercise., hasLongFeedbackText=false, reference=null, credits=0.0, positive=false, type=AUTOMATIC, visibility=ALWAYS, testCase=TestCaseDTO[testName=null, id=1351]], FeedbackDTO[id=925, text=null, detailText=The class 'BubbleSort' does not implement the interface 'SortStrategy' as expected. Implement the interface and its methods., hasLongFeedbackText=false, reference=null, credits=0.0, positive=false, type=AUTOMATIC, visibility=ALWAYS, testCase=TestCaseDTO[testName=null, id=1355]], FeedbackDTO[id=926, text=null, detailText=MergeSort does not sort correctly, hasLongFeedbackText=false, reference=null, credits=0.0, positive=false, type=AUTOMATIC, visibility=ALWAYS, testCase=TestCaseDTO[testName=null, id=1360]], FeedbackDTO[id=927, text=null, detailText=The class 'Context' was not found within the submission. Make sure to implement it properly., hasLongFeedbackText=false, reference=null, credits=0.0, positive=false, type=AUTOMATIC, visibility=ALWAYS, testCase=TestCaseDTO[testName=null, id=1361]], FeedbackDTO[id=928, text=null, detailText=The class 'Context' was not found within the submission. Make sure to implement it properly., hasLongFeedbackText=false, reference=null, credits=0.0, positive=false, type=AUTOMATIC, visibility=ALWAYS, testCase=TestCaseDTO[testName=null, id=1362]], FeedbackDTO[id=929, text=null, detailText=The exercise expects a class with the name Policy in the package testpackage. You did not implement the class in the exercise., hasLongFeedbackText=false, reference=null, credits=0.0, positive=false, type=AUTOMATIC, visibility=ALWAYS, testCase=TestCaseDTO[testName=null, id=1356]], FeedbackDTO[id=930, text=null, detailText=The exercise expects a class with the name Context in the package testpackage. You did not implement the class in the exercise., hasLongFeedbackText=false, reference=null, credits=0.0, positive=false, type=AUTOMATIC, visibility=ALWAYS, testCase=TestCaseDTO[testName=null, id=1352]], FeedbackDTO[id=931, text=null, detailText=The exercise expects a class with the name Policy in the package testpackage. You did not implement the class in the exercise., hasLongFeedbackText=false, reference=null, credits=0.0, positive=false, type=AUTOMATIC, visibility=ALWAYS, testCase=TestCaseDTO[testName=null, id=1353]], FeedbackDTO[id=932, text=null, detailText=null, hasLongFeedbackText=false, reference=null, credits=3.230769230769231, positive=true, type=AUTOMATIC, visibility=ALWAYS, testCase=TestCaseDTO[testName=null, id=1363]]], assessmentType=AUTOMATIC, hasComplaint=null, exampleResult=null, testCaseCount=13, passedTestCaseCount=1, codeIssueCount=0]], BuildJobQueueItem[id=20111739576737317, name=SHORTD49A6DAE04F9E049850BD5601663FD17A5B7TSTEXC-BASE, buildAgent=BuildAgentDTO[name=artemis-build-agent-test, memberAddress=[127.0.0.1]:5703, displayName=artemis-build-agent-test], participationId=2011, courseId=986, exerciseId=2603, retryCount=0, priority=2, status=SUCCESSFUL, repositoryInfo=RepositoryInfo[repositoryName=shortd49a6dae04f9e049850bd5601663fd17a5b7tstexc-exercise, repositoryType=exercise, triggeredByPushTo=exercise, assignmentRepositoryUri=http://localhost:49152/git/SHORTD49A6DAE04F9E049850BD5601663FD17A5B7TSTEXC/shortd49a6dae04f9e049850bd5601663fd17a5b7tstexc-exercise.git, testRepositoryUri=http://localhost:49152/git/SHORTD49A6DAE04F9E049850BD5601663FD17A5B7TSTEXC/shortd49a6dae04f9e049850bd5601663fd17a5b7tstexc-tests.git, solutionRepositoryUri=null, auxiliaryRepositoryUris=[Ljava.lang.String;@4e2a1dd8, auxiliaryRepositoryCheckoutDirectories=[Ljava.lang.String;@5f09413e], jobTimingInfo=JobTimingInfo[submissionDate=2025-02-14T23:45:37.317968648Z[Etc/UTC], buildStartDate=2025-02-14T23:45:37.324534774Z[Etc/UTC], buildCompletionDate=2025-02-14T23:45:38.527225461Z[Etc/UTC], estimatedCompletionDate=2025-02-14T23:45:56.324506331Z[Etc/UTC], estimatedDuration=19], buildConfig=BuildConfig[buildScript=#!/bin/bash
cd /var/tmp/testing-dir
chmod +x ./gradlew
./gradlew clean test
, dockerImage=dummy-docker-image:latest, commitHashToBuild=c795243c185829bbefa399f45dcbcfac22311b2f, assignmentCommitHash=c795243c185829bbefa399f45dcbcfac22311b2f, testCommitHash=fa8b162170bf767d852e05e0eb7a128efa2e1f34, branch=main, programmingLanguage=JAVA, projectType=PLAIN_GRADLE, scaEnabled=false, sequentialTestRunsEnabled=false, resultPaths=[/var/tmp/testing-dir/**/test-results/test/*.xml], timeoutSeconds=0, assignmentCheckoutPath=null, testCheckoutPath=null, solutionCheckoutPath=null, dockerRunConfig=null], submissionResult=ResultDTO[id=633, completionDate=2025-02-14T23:45:38.476795726Z[Etc/UTC], successful=false, score=0.0, rated=true, submission=SubmissionDTO[id=827, submitted=true, type=MANUAL, exampleSubmission=null, submissionDate=2025-02-14T23:45:37.303401Z, commitHash=c795243c185829bbefa399f45dcbcfac22311b2f, buildFailed=false, buildArtifact=false, participation=ParticipationDTO[id=2011, testRun=false, type=template, submissionCount=null, exercise=ParticipationExerciseDTO[id=2603, exerciseType=PROGRAMMING, type=programming, assessmentType=AUTOMATIC, dueDate=2025-02-16T23:45:36.830269Z, assessmentDueDate=null, maxPoints=42.0, course=CourseDTO[id=986, accuracyOfScores=1]]], submissionExerciseType=programming, isProcessing=false, buildStartDate=null, estimatedCompletionDate=null], participation=ParticipationDTO[id=2011, testRun=false, type=template, submissionCount=null, exercise=ParticipationExerciseDTO[id=2603, exerciseType=PROGRAMMING, type=programming, assessmentType=AUTOMATIC, dueDate=2025-02-16T23:45:36.830269Z, assessmentDueDate=null, maxPoints=42.0, course=CourseDTO[id=986, accuracyOfScores=1]]], feedbacks=[FeedbackDTO[id=933, text=null, detailText=The exercise expects a class with the name Context in the package testpackage. You did not implement the class in the exercise., hasLongFeedbackText=false, reference=null, credits=0.0, positive=false, type=AUTOMATIC, visibility=ALWAYS, testCase=TestCaseDTO[testName=testMethods[Context], id=1383]], FeedbackDTO[id=934, text=null, detailText=The exercise expects a class with the name Policy in the package testpackage. You did not implement the class in the exercise., hasLongFeedbackText=false, reference=null, credits=0.0, positive=false, type=AUTOMATIC, visibility=ALWAYS, testCase=TestCaseDTO[testName=testMethods[Policy], id=1384]], FeedbackDTO[id=935, text=null, detailText=The exercise expects a class with the name SortStrategy in the package testpackage. You did not implement the class in the exercise., hasLongFeedbackText=false, reference=null, credits=0.0, positive=false, type=AUTOMATIC, visibility=ALWAYS, testCase=TestCaseDTO[testName=testMethods[SortStrategy], id=1385]], FeedbackDTO[id=936, text=null, detailText=The class 'MergeSort' does not implement the interface 'SortStrategy' as expected. Implement the interface and its methods., hasLongFeedbackText=false, reference=null, credits=0.0, positive=false, type=AUTOMATIC, visibility=ALWAYS, testCase=TestCaseDTO[testName=testClass[MergeSort], id=1380]], FeedbackDTO[id=937, text=null, detailText=The exercise expects a class with the name SortStrategy in the package testpackage. You did not implement the class in the exercise., hasLongFeedbackText=false, reference=null, credits=0.0, positive=false, type=AUTOMATIC, visibility=ALWAYS, testCase=TestCaseDTO[testName=testClass[SortStrategy], id=1377]], FeedbackDTO[id=938, text=null, detailText=The class 'BubbleSort' does not implement the interface 'SortStrategy' as expected. Implement the interface and its methods., hasLongFeedbackText=false, reference=null, credits=0.0, positive=false, type=AUTOMATIC, visibility=ALWAYS, testCase=TestCaseDTO[testName=testClass[BubbleSort], id=1381]], FeedbackDTO[id=939, text=null, detailText=MergeSort does not sort correctly, hasLongFeedbackText=false, reference=null, credits=0.0, positive=false, type=AUTOMATIC, visibility=ALWAYS, testCase=TestCaseDTO[testName=testMergeSort(), id=1386]], FeedbackDTO[id=940, text=null, detailText=The class 'Context' was not found within the submission. Make sure to implement it properly., hasLongFeedbackText=false, reference=null, credits=0.0, positive=false, type=AUTOMATIC, visibility=ALWAYS, testCase=TestCaseDTO[testName=testUseBubbleSortForSmallList(), id=1387]], FeedbackDTO[id=941, text=null, detailText=BubbleSort does not sort correctly, hasLongFeedbackText=false, reference=null, credits=0.0, positive=false, type=AUTOMATIC, visibility=ALWAYS, testCase=TestCaseDTO[testName=testBubbleSort(), id=1389]], FeedbackDTO[id=942, text=null, detailText=The class 'Context' was not found within the submission. Make sure to implement it properly., hasLongFeedbackText=false, reference=null, credits=0.0, positive=false, type=AUTOMATIC, visibility=ALWAYS, testCase=TestCaseDTO[testName=testUseMergeSortForBigList(), id=1388]], FeedbackDTO[id=943, text=null, detailText=The exercise expects a class with the name Policy in the package testpackage. You did not implement the class in the exercise., hasLongFeedbackText=false, reference=null, credits=0.0, positive=false, type=AUTOMATIC, visibility=ALWAYS, testCase=TestCaseDTO[testName=testConstructors[Policy], id=1382]], FeedbackDTO[id=944, text=null, detailText=The exercise expects a class with the name Context in the package testpackage. You did not implement the class in the exercise., hasLongFeedbackText=false, reference=null, credits=0.0, positive=false, type=AUTOMATIC, visibility=ALWAYS, testCase=TestCaseDTO[testName=testAttributes[Context], id=1378]], FeedbackDTO[id=945, text=null, detailText=The exercise expects a class with the name Policy in the package testpackage. You did not implement the class in the exercise., hasLongFeedbackText=false, reference=null, credits=0.0, positive=false, type=AUTOMATIC, visibility=ALWAYS, testCase=TestCaseDTO[testName=testAttributes[Policy], id=1379]]], assessmentType=AUTOMATIC, hasComplaint=null, exampleResult=null, testCaseCount=13, passedTestCaseCount=0, codeIssueCount=0]], BuildJobQueueItem[id=20171739576740018, name=SHORT7914AFA00ADC3047140B99D01AC07810CE44TSTEXC-LOCALVCCIINTSTUDENT1, buildAgent=BuildAgentDTO[name=artemis-build-agent-test, memberAddress=[127.0.0.1]:5703, displayName=artemis-build-agent-test], participationId=2017, courseId=988, exerciseId=2605, retryCount=0, priority=2, status=SUCCESSFUL, repositoryInfo=RepositoryInfo[repositoryName=short7914afa00adc3047140b99d01ac07810ce44tstexc-practice-localvcciintstudent1, repositoryType=user, triggeredByPushTo=user, assignmentRepositoryUri=http://localhost:49152/git/SHORT7914AFA00ADC3047140B99D01AC07810CE44TSTEXC/short7914afa00adc3047140b99d01ac07810ce44tstexc-practice-localvcciintstudent1.git, testRepositoryUri=http://localhost:49152/git/SHORT7914AFA00ADC3047140B99D01AC07810CE44TSTEXC/short7914afa00adc3047140b99d01ac07810ce44tstexc-tests.git, solutionRepositoryUri=null, auxiliaryRepositoryUris=[Ljava.lang.String;@97d61ed, auxiliaryRepositoryCheckoutDirectories=[Ljava.lang.String;@3db499f8], jobTimingInfo=JobTimingInfo[submissionDate=2025-02-14T23:45:40.018961253Z[Etc/UTC], buildStartDate=2025-02-14T23:45:40.029742701Z[Etc/UTC], buildCompletionDate=2025-02-14T23:45:41.150208242Z[Etc/UTC], estimatedCompletionDate=2025-02-14T23:45:59.029734065Z[Etc/UTC], estimatedDuration=19], buildConfig=BuildConfig[buildScript=#!/bin/bash
cd /var/tmp/testing-dir
chmod +x ./gradlew
./gradlew clean test
, dockerImage=dummy-docker-image:latest, commitHashToBuild=d80b57877989b971e83ccdb4863c8a7023c76266, assignmentCommitHash=d80b57877989b971e83ccdb4863c8a7023c76266, testCommitHash=327b116890c92b1312314341f43f21ef13ecf7d7, branch=main, programmingLanguage=JAVA, projectType=PLAIN_GRADLE, scaEnabled=false, sequentialTestRunsEnabled=false, resultPaths=[/var/tmp/testing-dir/**/test-results/test/*.xml], timeoutSeconds=0, assignmentCheckoutPath=null, testCheckoutPath=null, solutionCheckoutPath=null, dockerRunConfig=null], submissionResult=ResultDTO[id=634, completionDate=2025-02-14T23:45:41.120192603Z[Etc/UTC], successful=false, score=7.7, rated=false, submission=SubmissionDTO[id=828, submitted=true, type=MANUAL, exampleSubmission=null, submissionDate=2025-02-14T23:45:40.008666Z, commitHash=d80b57877989b971e83ccdb4863c8a7023c76266, buildFailed=false, buildArtifact=false, participation=ParticipationDTO[id=2017, testRun=true, type=programming, submissionCount=null, exercise=ParticipationExerciseDTO[id=2605, exerciseType=PROGRAMMING, type=programming, assessmentType=AUTOMATIC, dueDate=2025-02-16T23:45:39.523500Z, assessmentDueDate=null, maxPoints=42.0, course=CourseDTO[id=988, accuracyOfScores=1]]], submissionExerciseType=programming, isProcessing=false, buildStartDate=null, estimatedCompletionDate=null], participation=ParticipationDTO[id=2017, testRun=true, type=programming, submissionCount=null, exercise=ParticipationExerciseDTO[id=2605, exerciseType=PROGRAMMING, type=programming, assessmentType=AUTOMATIC, dueDate=2025-02-16T23:45:39.523500Z, assessmentDueDate=null, maxPoints=42.0, course=CourseDTO[id=988, accuracyOfScores=1]]], feedbacks=[FeedbackDTO[id=946, text=null, detailText=The exercise expects a class with the name Context in the package testpackage. You did not implement the class in the exercise., hasLongFeedbackText=false, reference=null, credits=0.0, positive=false, type=AUTOMATIC, visibility=ALWAYS, testCase=TestCaseDTO[testName=null, id=1409]], FeedbackDTO[id=947, text=null, detailText=The exercise expects a class with the name Policy in the package testpackage. You did not implement the class in the exercise., hasLongFeedbackText=false, reference=null, credits=0.0, positive=false, type=AUTOMATIC, visibility=ALWAYS, testCase=TestCaseDTO[testName=null, id=1410]], FeedbackDTO[id=948, text=null, detailText=The exercise expects a class with the name SortStrategy in the package testpackage. You did not implement the class in the exercise., hasLongFeedbackText=false, reference=null, credits=0.0, positive=false, type=AUTOMATIC, visibility=ALWAYS, testCase=TestCaseDTO[testName=null, id=1411]], FeedbackDTO[id=949, text=null, detailText=The class 'MergeSort' does not implement the interface 'SortStrategy' as expected. Implement the interface and its methods., hasLongFeedbackText=false, reference=null, credits=0.0, positive=false, type=AUTOMATIC, visibility=ALWAYS, testCase=TestCaseDTO[testName=null, id=1406]], FeedbackDTO[id=950, text=null, detailText=The exercise expects a class with the name SortStrategy in the package testpackage. You did not implement the class in the exercise., hasLongFeedbackText=false, reference=null, credits=0.0, positive=false, type=AUTOMATIC, visibility=ALWAYS, testCase=TestCaseDTO[testName=null, id=1403]], FeedbackDTO[id=951, text=null, detailText=The class 'BubbleSort' does not implement the interface 'SortStrategy' as expected. Implement the interface and its methods., hasLongFeedbackText=false, reference=null, credits=0.0, positive=false, type=AUTOMATIC, visibility=ALWAYS, testCase=TestCaseDTO[testName=null, id=1407]], FeedbackDTO[id=952, text=null, detailText=MergeSort does not sort correctly, hasLongFeedbackText=false, reference=null, credits=0.0, positive=false, type=AUTOMATIC, visibility=ALWAYS, testCase=TestCaseDTO[testName=null, id=1412]], FeedbackDTO[id=953, text=null, detailText=The class 'Context' was not found within the submission. Make sure to implement it properly., hasLongFeedbackText=false, reference=null, credits=0.0, positive=false, type=AUTOMATIC, visibility=ALWAYS, testCase=TestCaseDTO[testName=null, id=1413]], FeedbackDTO[id=954, text=null, detailText=The class 'Context' was not found within the submission. Make sure to implement it properly., hasLongFeedbackText=false, reference=null, credits=0.0, positive=false, type=AUTOMATIC, visibility=ALWAYS, testCase=TestCaseDTO[testName=null, id=1414]], FeedbackDTO[id=955, text=null, detailText=The exercise expects a class with the name Policy in the package testpackage. You did not implement the class in the exercise., hasLongFeedbackText=false, reference=null, credits=0.0, positive=false, type=AUTOMATIC, visibility=ALWAYS, testCase=TestCaseDTO[testName=null, id=1408]], FeedbackDTO[id=956, text=null, detailText=The exercise expects a class with the name Context in the package testpackage. You did not implement the class in the exercise., hasLongFeedbackText=false, reference=null, credits=0.0, positive=false, type=AUTOMATIC, visibility=ALWAYS, testCase=TestCaseDTO[testName=null, id=1404]], FeedbackDTO[id=957, text=null, detailText=The exercise expects a class with the name Policy in the package testpackage. You did not implement the class in the exercise., hasLongFeedbackText=false, reference=null, credits=0.0, positive=false, type=AUTOMATIC, visibility=ALWAYS, testCase=TestCaseDTO[testName=null, id=1405]], FeedbackDTO[id=958, text=null, detailText=null, hasLongFeedbackText=false, reference=null, credits=3.230769230769231, positive=true, type=AUTOMATIC, visibility=ALWAYS, testCase=TestCaseDTO[testName=null, id=1415]]], assessmentType=AUTOMATIC, hasComplaint=null, exampleResult=null, testCaseCount=13, passedTestCaseCount=1, codeIssueCount=0]], BuildJobQueueItem[id=20261739576743984, name=SHORT53C73BE505404043100AC2F00C039353CE8FTSTEXC-LOCALVCCIINTSTUDENT1, buildAgent=BuildAgentDTO[name=artemis-build-agent-test, memberAddress=[127.0.0.1]:5703, displayName=artemis-build-agent-test], participationId=2026, courseId=991, exerciseId=2608, retryCount=0, priority=1, status=SUCCESSFUL, repositoryInfo=RepositoryInfo[repositoryName=short53c73be505404043100ac2f00c039353ce8ftstexc-localvcciintstudent1, repositoryType=user, triggeredByPushTo=user, assignmentRepositoryUri=http://localhost:49152/git/SHORT53C73BE505404043100AC2F00C039353CE8FTSTEXC/short53c73be505404043100ac2f00c039353ce8ftstexc-localvcciintstudent1.git, testRepositoryUri=http://localhost:49152/git/SHORT53C73BE505404043100AC2F00C039353CE8FTSTEXC/short53c73be505404043100ac2f00c039353ce8ftstexc-tests.git, solutionRepositoryUri=null, auxiliaryRepositoryUris=[Ljava.lang.String;@236e874b, auxiliaryRepositoryCheckoutDirectories=[Ljava.lang.String;@367b32a9], jobTimingInfo=JobTimingInfo[submissionDate=2025-02-14T23:45:43.984518859Z[Etc/UTC], buildStartDate=2025-02-14T23:45:43.991385682Z[Etc/UTC], buildCompletionDate=2025-02-14T23:45:44.982059928Z[Etc/UTC], estimatedCompletionDate=2025-02-14T23:46:02.991380122Z[Etc/UTC], estimatedDuration=19], buildConfig=BuildConfig[buildScript=#!/bin/bash
cd /var/tmp/testing-dir
chmod +x ./gradlew
./gradlew clean test
, dockerImage=dummy-docker-image:latest, commitHashToBuild=3e90ae9fef2e44ffb41451a080bdaa6a44ad6848, assignmentCommitHash=3e90ae9fef2e44ffb41451a080bdaa6a44ad6848, testCommitHash=0582754c87aae13e640312855ce7dbe490ecb50c, branch=main, programmingLanguage=JAVA, projectType=PLAIN_GRADLE, scaEnabled=false, sequentialTestRunsEnabled=false, resultPaths=[/var/tmp/testing-dir/**/test-results/test/*.xml], timeoutSeconds=0, assignmentCheckoutPath=null, testCheckoutPath=null, solutionCheckoutPath=null, dockerRunConfig=null], submissionResult=ResultDTO[id=635, completionDate=2025-02-14T23:45:44.961313737Z[Etc/UTC], successful=false, score=7.7, rated=true, submission=SubmissionDTO[id=829, submitted=true, type=MANUAL, exampleSubmission=null, submissionDate=2025-02-14T23:45:43.967766Z, commitHash=3e90ae9fef2e44ffb41451a080bdaa6a44ad6848, buildFailed=false, buildArtifact=false, participation=ParticipationDTO[id=2026, testRun=false, type=programming, submissionCount=null, exercise=ParticipationExerciseDTO[id=2608, exerciseType=PROGRAMMING, type=programming, assessmentType=AUTOMATIC, dueDate=2025-02-16T23:45:43.597978Z, assessmentDueDate=null, maxPoints=42.0, course=CourseDTO[id=991, accuracyOfScores=1]]], submissionExerciseType=programming, isProcessing=false, buildStartDate=null, estimatedCompletionDate=null], participation=ParticipationDTO[id=2026, testRun=false, type=programming, submissionCount=null, exercise=ParticipationExerciseDTO[id=2608, exerciseType=PROGRAMMING, type=programming, assessmentType=AUTOMATIC, dueDate=2025-02-16T23:45:43.597978Z, assessmentDueDate=null, maxPoints=42.0, course=CourseDTO[id=991, accuracyOfScores=1]]], feedbacks=[FeedbackDTO[id=959, text=null, detailText=The exercise expects a class with the name Context in the package testpackage. You did not implement the class in the exercise., hasLongFeedbackText=false, reference=null, credits=0.0, positive=false, type=AUTOMATIC, visibility=ALWAYS, testCase=TestCaseDTO[testName=null, id=1448]], FeedbackDTO[id=960, text=null, detailText=The exercise expects a class with the name Policy in the package testpackage. You did not implement the class in the exercise., hasLongFeedbackText=false, reference=null, credits=0.0, positive=false, type=AUTOMATIC, visibility=ALWAYS, testCase=TestCaseDTO[testName=null, id=1449]], FeedbackDTO[id=961, text=null, detailText=The exercise expects a class with the name SortStrategy in the package testpackage. You did not implement the class in the exercise., hasLongFeedbackText=false, reference=null, credits=0.0, positive=false, type=AUTOMATIC, visibility=ALWAYS, testCase=TestCaseDTO[testName=null, id=1450]], FeedbackDTO[id=962, text=null, detailText=The class 'MergeSort' does not implement the interface 'SortStrategy' as expected. Implement the interface and its methods., hasLongFeedbackText=false, reference=null, credits=0.0, positive=false, type=AUTOMATIC, visibility=ALWAYS, testCase=TestCaseDTO[testName=null, id=1445]], FeedbackDTO[id=963, text=null, detailText=The exercise expects a class with the name SortStrategy in the package testpackage. You did not implement the class in the exercise., hasLongFeedbackText=false, reference=null, credits=0.0, positive=false, type=AUTOMATIC, visibility=ALWAYS, testCase=TestCaseDTO[testName=null, id=1442]], FeedbackDTO[id=964, text=null, detailText=The class 'BubbleSort' does not implement the interface 'SortStrategy' as expected. Implement the interface and its methods., hasLongFeedbackText=false, reference=null, credits=0.0, positive=false, type=AUTOMATIC, visibility=ALWAYS, testCase=TestCaseDTO[testName=null, id=1446]], FeedbackDTO[id=965, text=null, detailText=MergeSort does not sort correctly, hasLongFeedbackText=false, reference=null, credits=0.0, positive=false, type=AUTOMATIC, visibility=ALWAYS, testCase=TestCaseDTO[testName=null, id=1451]], FeedbackDTO[id=966, text=null, detailText=The class 'Context' was not found within the submission. Make sure to implement it properly., hasLongFeedbackText=false, reference=null, credits=0.0, positive=false, type=AUTOMATIC, visibility=ALWAYS, testCase=TestCaseDTO[testName=null, id=1452]], FeedbackDTO[id=967, text=null, detailText=The class 'Context' was not found within the submission. Make sure to implement it properly., hasLongFeedbackText=false, reference=null, credits=0.0, positive=false, type=AUTOMATIC, visibility=ALWAYS, testCase=TestCaseDTO[testName=null, id=1453]], FeedbackDTO[id=968, text=null, detailText=The exercise expects a class with the name Policy in the package testpackage. You did not implement the class in the exercise., hasLongFeedbackText=false, reference=null, credits=0.0, positive=false, type=AUTOMATIC, visibility=ALWAYS, testCase=TestCaseDTO[testName=null, id=1447]], FeedbackDTO[id=969, text=null, detailText=The exercise expects a class with the name Context in the package testpackage. You did not implement the class in the exercise., hasLongFeedbackText=false, reference=null, credits=0.0, positive=false, type=AUTOMATIC, visibility=ALWAYS, testCase=TestCaseDTO[testName=null, id=1443]], FeedbackDTO[id=970, text=null, detailText=The exercise expects a class with the name Policy in the package testpackage. You did not implement the class in the exercise., hasLongFeedbackText=false, reference=null, credits=0.0, positive=false, type=AUTOMATIC, visibility=ALWAYS, testCase=TestCaseDTO[testName=null, id=1444]], FeedbackDTO[id=971, text=null, detailText=null, hasLongFeedbackText=false, reference=null, credits=3.230769230769231, positive=true, type=AUTOMATIC, visibility=ALWAYS, testCase=TestCaseDTO[testName=null, id=1454]]], assessmentType=AUTOMATIC, hasComplaint=null, exampleResult=null, testCaseCount=13, passedTestCaseCount=1, codeIssueCount=0]], BuildJobQueueItem[id=20271739576746886, name=SHORT0FC863930E92904248098A506171F81CF6CFTSTEXC-SOLUTION, buildAgent=BuildAgentDTO[name=artemis-build-agent-test, memberAddress=[127.0.0.1]:5703, displayName=artemis-build-agent-test], participationId=2027, courseId=992, exerciseId=2609, retryCount=0, priority=2, status=SUCCESSFUL, repositoryInfo=RepositoryInfo[repositoryName=short0fc863930e92904248098a506171f81cf6cftstexc-solution, repositoryType=solution, triggeredByPushTo=auxiliary, assignmentRepositoryUri=http://localhost:49152/git/SHORT0FC863930E92904248098A506171F81CF6CFTSTEXC/short0fc863930e92904248098a506171f81cf6cftstexc-solution.git, testRepositoryUri=http://localhost:49152/git/SHORT0FC863930E92904248098A506171F81CF6CFTSTEXC/short0fc863930e92904248098a506171f81cf6cftstexc-tests.git, solutionRepositoryUri=null, auxiliaryRepositoryUris=[Ljava.lang.String;@546b4f82, auxiliaryRepositoryCheckoutDirectories=[Ljava.lang.String;@4d8967ae], jobTimingInfo=JobTimingInfo[submissionDate=2025-02-14T23:45:46.886984066Z[Etc/UTC], buildStartDate=2025-02-14T23:45:46.897709578Z[Etc/UTC], buildCompletionDate=2025-02-14T23:45:48.628460156Z[Etc/UTC], estimatedCompletionDate=2025-02-14T23:46:05.897701272Z[Etc/UTC], estimatedDuration=19], buildConfig=BuildConfig[buildScript=#!/bin/bash
cd /var/tmp/testing-dir
chmod +x ./gradlew
./gradlew clean test
, dockerImage=dummy-docker-image:latest, commitHashToBuild=null, assignmentCommitHash=115a2e943bee242fdad360b50d8ad5f30792577e, testCommitHash=9b3a9bd71a0d80e5bbc42204c319ed3d1d4f0d6d, branch=main, programmingLanguage=JAVA, projectType=PLAIN_GRADLE, scaEnabled=false, sequentialTestRunsEnabled=false, resultPaths=[/var/tmp/testing-dir/**/test-results/test/*.xml], timeoutSeconds=0, assignmentCheckoutPath=null, testCheckoutPath=null, solutionCheckoutPath=null, dockerRunConfig=null], submissionResult=ResultDTO[id=636, completionDate=2025-02-14T23:45:48.593370968Z[Etc/UTC], successful=true, score=100.0, rated=true, submission=SubmissionDTO[id=830, submitted=true, type=TEST, exampleSubmission=null, submissionDate=2025-02-14T23:45:46.873671Z, commitHash=9b3a9bd71a0d80e5bbc42204c319ed3d1d4f0d6d, buildFailed=false, buildArtifact=false, participation=ParticipationDTO[id=2027, testRun=false, type=solution, submissionCount=null, exercise=ParticipationExerciseDTO[id=2609, exerciseType=PROGRAMMING, type=programming, assessmentType=AUTOMATIC, dueDate=2025-02-16T23:45:46.386304Z, assessmentDueDate=null, maxPoints=42.0, course=CourseDTO[id=992, accuracyOfScores=1]]], submissionExerciseType=programming, isProcessing=false, buildStartDate=null, estimatedCompletionDate=null], participation=ParticipationDTO[id=2027, testRun=false, type=solution, submissionCount=null, exercise=ParticipationExerciseDTO[id=2609, exerciseType=PROGRAMMING, type=programming, assessmentType=AUTOMATIC, dueDate=2025-02-16T23:45:46.386304Z, assessmentDueDate=null, maxPoints=42.0, course=CourseDTO[id=992, accuracyOfScores=1]]], feedbacks=[FeedbackDTO[id=972, text=null, detailText=null, hasLongFeedbackText=false, reference=null, credits=3.230769230769231, positive=true, type=AUTOMATIC, visibility=ALWAYS, testCase=TestCaseDTO[testName=testMethods[Context], id=1461]], FeedbackDTO[id=973, text=null, detailText=null, hasLongFeedbackText=false, reference=null, credits=3.230769230769231, positive=true, type=AUTOMATIC, visibility=ALWAYS, testCase=TestCaseDTO[testName=testMethods[Policy], id=1462]], FeedbackDTO[id=974, text=null, detailText=null, hasLongFeedbackText=false, reference=null, credits=3.230769230769231, positive=true, type=AUTOMATIC, visibility=ALWAYS, testCase=TestCaseDTO[testName=testMethods[SortStrategy], id=1463]], FeedbackDTO[id=975, text=null, detailText=null, hasLongFeedbackText=false, reference=null, credits=3.230769230769231, positive=true, type=AUTOMATIC, visibility=ALWAYS, testCase=TestCaseDTO[testName=testClass[MergeSort], id=1458]], FeedbackDTO[id=976, text=null, detailText=null, hasLongFeedbackText=false, reference=null, credits=3.230769230769231, positive=true, type=AUTOMATIC, visibility=ALWAYS, testCase=TestCaseDTO[testName=testClass[SortStrategy], id=1455]], FeedbackDTO[id=977, text=null, detailText=null, hasLongFeedbackText=false, reference=null, credits=3.230769230769231, positive=true, type=AUTOMATIC, visibility=ALWAYS, testCase=TestCaseDTO[testName=testClass[BubbleSort], id=1459]], FeedbackDTO[id=978, text=null, detailText=null, hasLongFeedbackText=false, reference=null, credits=3.230769230769231, positive=true, type=AUTOMATIC, visibility=ALWAYS, testCase=TestCaseDTO[testName=testMergeSort(), id=1464]], FeedbackDTO[id=979, text=null, detailText=null, hasLongFeedbackText=false, reference=null, credits=3.230769230769231, positive=true, type=AUTOMATIC, visibility=ALWAYS, testCase=TestCaseDTO[testName=testUseBubbleSortForSmallList(), id=1465]], FeedbackDTO[id=980, text=null, detailText=null, hasLongFeedbackText=false, reference=null, credits=3.230769230769231, positive=true, type=AUTOMATIC, visibility=ALWAYS, testCase=TestCaseDTO[testName=testBubbleSort(), id=1467]], FeedbackDTO[id=981, text=null, detailText=null, hasLongFeedbackText=false, reference=null, credits=3.230769230769231, positive=true, type=AUTOMATIC, visibility=ALWAYS, testCase=TestCaseDTO[testName=testUseMergeSortForBigList(), id=1466]], FeedbackDTO[id=982, text=null, detailText=null, hasLongFeedbackText=false, reference=null, credits=3.230769230769231, positive=true, type=AUTOMATIC, visibility=ALWAYS, testCase=TestCaseDTO[testName=testConstructors[Policy], id=1460]], FeedbackDTO[id=983, text=null, detailText=null, hasLongFeedbackText=false, reference=null, credits=3.230769230769231, positive=true, type=AUTOMATIC, visibility=ALWAYS, testCase=TestCaseDTO[testName=testAttributes[Context], id=1456]], FeedbackDTO[id=984, text=null, detailText=null, hasLongFeedbackText=false, reference=null, credits=3.230769230769231, positive=true, type=AUTOMATIC, visibility=ALWAYS, testCase=TestCaseDTO[testName=testAttributes[Policy], id=1457]]], assessmentType=AUTOMATIC, hasComplaint=null, exampleResult=null, testCaseCount=13, passedTestCaseCount=13, codeIssueCount=0]], BuildJobQueueItem[id=20281739576748768, name=SHORT0FC863930E92904248098A506171F81CF6CFTSTEXC-BASE, buildAgent=BuildAgentDTO[name=artemis-build-agent-test, memberAddress=[127.0.0.1]:5703, displayName=artemis-build-agent-test], participationId=2028, courseId=992, exerciseId=2609, retryCount=0, priority=2, status=SUCCESSFUL, repositoryInfo=RepositoryInfo[repositoryName=short0fc863930e92904248098a506171f81cf6cftstexc-exercise, repositoryType=exercise, triggeredByPushTo=auxiliary, assignmentRepositoryUri=http://localhost:49152/git/SHORT0FC863930E92904248098A506171F81CF6CFTSTEXC/short0fc863930e92904248098a506171f81cf6cftstexc-exercise.git, testRepositoryUri=http://localhost:49152/git/SHORT0FC863930E92904248098A506171F81CF6CFTSTEXC/short0fc863930e92904248098a506171f81cf6cftstexc-tests.git, solutionRepositoryUri=null, auxiliaryRepositoryUris=[Ljava.lang.String;@1a8af58b, auxiliaryRepositoryCheckoutDirectories=[Ljava.lang.String;@758b7209], jobTimingInfo=JobTimingInfo[submissionDate=2025-02-14T23:45:48.768063548Z[Etc/UTC], buildStartDate=2025-02-14T23:45:48.802531989Z[Etc/UTC], buildCompletionDate=2025-02-14T23:45:50.482681367Z[Etc/UTC], estimatedCompletionDate=2025-02-14T23:45:50.802523092Z[Etc/UTC], estimatedDuration=2], buildConfig=BuildConfig[buildScript=#!/bin/bash
cd /var/tmp/testing-dir
chmod +x ./gradlew
./gradlew clean test
, dockerImage=dummy-docker-image:latest, commitHashToBuild=9b3a9bd71a0d80e5bbc42204c319ed3d1d4f0d6d, assignmentCommitHash=115a2e943bee242fdad360b50d8ad5f30792577e, testCommitHash=9b3a9bd71a0d80e5bbc42204c319ed3d1d4f0d6d, branch=main, programmingLanguage=JAVA, projectType=PLAIN_GRADLE, scaEnabled=false, sequentialTestRunsEnabled=false, resultPaths=[/var/tmp/testing-dir/**/test-results/test/*.xml], timeoutSeconds=0, assignmentCheckoutPath=null, testCheckoutPath=null, solutionCheckoutPath=null, dockerRunConfig=null], submissionResult=ResultDTO[id=637, completionDate=2025-02-14T23:45:50.449084694Z[Etc/UTC], successful=false, score=0.0, rated=true, submission=SubmissionDTO[id=831, submitted=true, type=TEST, exampleSubmission=null, submissionDate=2025-02-14T23:45:48.761177Z, commitHash=9b3a9bd71a0d80e5bbc42204c319ed3d1d4f0d6d, buildFailed=false, buildArtifact=false, participation=ParticipationDTO[id=2028, testRun=false, type=template, submissionCount=null, exercise=ParticipationExerciseDTO[id=2609, exerciseType=PROGRAMMING, type=programming, assessmentType=AUTOMATIC, dueDate=2025-02-16T23:45:46.386304Z, assessmentDueDate=null, maxPoints=42.0, course=CourseDTO[id=992, accuracyOfScores=1]]], submissionExerciseType=programming, isProcessing=false, buildStartDate=null, estimatedCompletionDate=null], participation=ParticipationDTO[id=2028, testRun=false, type=template, submissionCount=null, exercise=ParticipationExerciseDTO[id=2609, exerciseType=PROGRAMMING, type=programming, assessmentType=AUTOMATIC, dueDate=2025-02-16T23:45:46.386304Z, assessmentDueDate=null, maxPoints=42.0, course=CourseDTO[id=992, accuracyOfScores=1]]], feedbacks=[FeedbackDTO[id=985, text=null, detailText=The exercise expects a class with the name Context in the package testpackage. You did not implement the class in the exercise., hasLongFeedbackText=false, reference=null, credits=0.0, positive=false, type=AUTOMATIC, visibility=ALWAYS, testCase=TestCaseDTO[testName=testMethods[Context], id=1461]], FeedbackDTO[id=986, text=null, detailText=The exercise expects a class with the name Policy in the package testpackage. You did not implement the class in the exercise., hasLongFeedbackText=false, reference=null, credits=0.0, positive=false, type=AUTOMATIC, visibility=ALWAYS, testCase=TestCaseDTO[testName=testMethods[Policy], id=1462]], FeedbackDTO[id=987, text=null, detailText=The exercise expects a class with the name SortStrategy in the package testpackage. You did not implement the class in the exercise., hasLongFeedbackText=false, reference=null, credits=0.0, positive=false, type=AUTOMATIC, visibility=ALWAYS, testCase=TestCaseDTO[testName=testMethods[SortStrategy], id=1463]], FeedbackDTO[id=988, text=null, detailText=The class 'MergeSort' does not implement the interface 'SortStrategy' as expected. Implement the interface and its methods., hasLongFeedbackText=false, reference=null, credits=0.0, positive=false, type=AUTOMATIC, visibility=ALWAYS, testCase=TestCaseDTO[testName=testClass[MergeSort], id=1458]], FeedbackDTO[id=989, text=null, detailText=The exercise expects a class with the name SortStrategy in the package testpackage. You did not implement the class in the exercise., hasLongFeedbackText=false, reference=null, credits=0.0, positive=false, type=AUTOMATIC, visibility=ALWAYS, testCase=TestCaseDTO[testName=testClass[SortStrategy], id=1455]], FeedbackDTO[id=990, text=null, detailText=The class 'BubbleSort' does not implement the interface 'SortStrategy' as expected. Implement the interface and its methods., hasLongFeedbackText=false, reference=null, credits=0.0, positive=false, type=AUTOMATIC, visibility=ALWAYS, testCase=TestCaseDTO[testName=testClass[BubbleSort], id=1459]], FeedbackDTO[id=991, text=null, detailText=MergeSort does not sort correctly, hasLongFeedbackText=false, reference=null, credits=0.0, positive=false, type=AUTOMATIC, visibility=ALWAYS, testCase=TestCaseDTO[testName=testMergeSort(), id=1464]], FeedbackDTO[id=992, text=null, detailText=The class 'Context' was not found within the submission. Make sure to implement it properly., hasLongFeedbackText=false, reference=null, credits=0.0, positive=false, type=AUTOMATIC, visibility=ALWAYS, testCase=TestCaseDTO[testName=testUseBubbleSortForSmallList(), id=1465]], FeedbackDTO[id=993, text=null, detailText=BubbleSort does not sort correctly, hasLongFeedbackText=false, reference=null, credits=0.0, positive=false, type=AUTOMATIC, visibility=ALWAYS, testCase=TestCaseDTO[testName=testBubbleSort(), id=1467]], FeedbackDTO[id=994, text=null, detailText=The class 'Context' was not found within the submission. Make sure to implement it properly., hasLongFeedbackText=false, reference=null, credits=0.0, positive=false, type=AUTOMATIC, visibility=ALWAYS, testCase=TestCaseDTO[testName=testUseMergeSortForBigList(), id=1466]], FeedbackDTO[id=995, text=null, detailText=The exercise expects a class with the name Policy in the package testpackage. You did not implement the class in the exercise., hasLongFeedbackText=false, reference=null, credits=0.0, positive=false, type=AUTOMATIC, visibility=ALWAYS, testCase=TestCaseDTO[testName=testConstructors[Policy], id=1460]], FeedbackDTO[id=996, text=null, detailText=The exercise expects a class with the name Context in the package testpackage. You did not implement the class in the exercise., hasLongFeedbackText=false, reference=null, credits=0.0, positive=false, type=AUTOMATIC, visibility=ALWAYS, testCase=TestCaseDTO[testName=testAttributes[Context], id=1456]], FeedbackDTO[id=997, text=null, detailText=The exercise expects a class with the name Policy in the package testpackage. You did not implement the class in the exercise., hasLongFeedbackText=false, reference=null, credits=0.0, positive=false, type=AUTOMATIC, visibility=ALWAYS, testCase=TestCaseDTO[testName=testAttributes[Policy], id=1457]]], assessmentType=AUTOMATIC, hasComplaint=null, exampleResult=null, testCaseCount=13, passedTestCaseCount=0, codeIssueCount=0]], BuildJobQueueItem[id=20291739576751299, name=SHORT716C2EC10B19B049C80A2F00B97EAB20B2A9TSTEXC-SOLUTION, buildAgent=BuildAgentDTO[name=artemis-build-agent-test, memberAddress=[127.0.0.1]:5703, displayName=artemis-build-agent-test], participationId=2029, courseId=993, exerciseId=2610, retryCount=0, priority=2, status=SUCCESSFUL, repositoryInfo=RepositoryInfo[repositoryName=short716c2ec10b19b049c80a2f00b97eab20b2a9tstexc-solution, repositoryType=solution, triggeredByPushTo=tests, assignmentRepositoryUri=http://localhost:49152/git/SHORT716C2EC10B19B049C80A2F00B97EAB20B2A9TSTEXC/short716c2ec10b19b049c80a2f00b97eab20b2a9tstexc-solution.git, testRepositoryUri=http://localhost:49152/git/SHORT716C2EC10B19B049C80A2F00B97EAB20B2A9TSTEXC/short716c2ec10b19b049c80a2f00b97eab20b2a9tstexc-tests.git, solutionRepositoryUri=null, auxiliaryRepositoryUris=[Ljava.lang.String;@7b923465, auxiliaryRepositoryCheckoutDirectories=[Ljava.lang.String;@7da098ae], jobTimingInfo=JobTimingInfo[submissionDate=2025-02-14T23:45:51.299892174Z[Etc/UTC], buildStartDate=2025-02-14T23:45:51.314028505Z[Etc/UTC], buildCompletionDate=2025-02-14T23:45:52.158312850Z[Etc/UTC], estimatedCompletionDate=2025-02-14T23:46:10.314021752Z[Etc/UTC], estimatedDuration=19], buildConfig=BuildConfig[buildScript=#!/bin/bash
cd /var/tmp/testing-dir
chmod +x ./gradlew
./gradlew clean test
, dockerImage=dummy-docker-image:latest, commitHashToBuild=1e531733ed6e9237f710b528d1eb0b7beac565fd, assignmentCommitHash=815e279f12ad296b4f24c44134a07293c04c010f, testCommitHash=1e531733ed6e9237f710b528d1eb0b7beac565fd, branch=main, programmingLanguage=JAVA, projectType=PLAIN_GRADLE, scaEnabled=false, sequentialTestRunsEnabled=false, resultPaths=[/var/tmp/testing-dir/**/test-results/test/*.xml], timeoutSeconds=0, assignmentCheckoutPath=null, testCheckoutPath=null, solutionCheckoutPath=null, dockerRunConfig=null], submissionResult=ResultDTO[id=638, completionDate=2025-02-14T23:45:52.146826070Z[Etc/UTC], successful=true, score=100.0, rated=true, submission=SubmissionDTO[id=832, submitted=true, type=TEST, exampleSubmission=null, submissionDate=2025-02-14T23:45:51.275713Z, commitHash=1e531733ed6e9237f710b528d1eb0b7beac565fd, buildFailed=false, buildArtifact=false, participation=ParticipationDTO[id=2029, testRun=false, type=solution, submissionCount=null, exercise=ParticipationExerciseDTO[id=2610, exerciseType=PROGRAMMING, type=programming, assessmentType=AUTOMATIC, dueDate=2025-02-16T23:45:50.869093Z, assessmentDueDate=null, maxPoints=42.0, course=CourseDTO[id=993, accuracyOfScores=1]]], submissionExerciseType=programming, isProcessing=false, buildStartDate=null, estimatedCompletionDate=null], participation=ParticipationDTO[id=2029, testRun=false, type=solution, submissionCount=null, exercise=ParticipationExerciseDTO[id=2610, exerciseType=PROGRAMMING, type=programming, assessmentType=AUTOMATIC, dueDate=2025-02-16T23:45:50.869093Z, assessmentDueDate=null, maxPoints=42.0, course=CourseDTO[id=993, accuracyOfScores=1]]], feedbacks=[FeedbackDTO[id=998, text=null, detailText=null, hasLongFeedbackText=false, reference=null, credits=3.230769230769231, positive=true, type=AUTOMATIC, visibility=ALWAYS, testCase=TestCaseDTO[testName=testMethods[Context], id=1474]], FeedbackDTO[id=999, text=null, detailText=null, hasLongFeedbackText=false, reference=null, credits=3.230769230769231, positive=true, type=AUTOMATIC, visibility=ALWAYS, testCase=TestCaseDTO[testName=testMethods[Policy], id=1475]], FeedbackDTO[id=1000, text=null, detailText=null, hasLongFeedbackText=false, reference=null, credits=3.230769230769231, positive=true, type=AUTOMATIC, visibility=ALWAYS, testCase=TestCaseDTO[testName=testMethods[SortStrategy], id=1476]], FeedbackDTO[id=1001, text=null, detailText=null, hasLongFeedbackText=false, reference=null, credits=3.230769230769231, positive=true, type=AUTOMATIC, visibility=ALWAYS, testCase=TestCaseDTO[testName=testClass[MergeSort], id=1471]], FeedbackDTO[id=1002, text=null, detailText=null, hasLongFeedbackText=false, reference=null, credits=3.230769230769231, positive=true, type=AUTOMATIC, visibility=ALWAYS, testCase=TestCaseDTO[testName=testClass[SortStrategy], id=1468]], FeedbackDTO[id=1003, text=null, detailText=null, hasLongFeedbackText=false, reference=null, credits=3.230769230769231, positive=true, type=AUTOMATIC, visibility=ALWAYS, testCase=TestCaseDTO[testName=testClass[BubbleSort], id=1472]], FeedbackDTO[id=1004, text=null, detailText=null, hasLongFeedbackText=false, reference=null, credits=3.230769230769231, positive=true, type=AUTOMATIC, visibility=ALWAYS, testCase=TestCaseDTO[testName=testMergeSort(), id=1477]], FeedbackDTO[id=1005, text=null, detailText=null, hasLongFeedbackText=false, reference=null, credits=3.230769230769231, positive=true, type=AUTOMATIC, visibility=ALWAYS, testCase=TestCaseDTO[testName=testUseBubbleSortForSmallList(), id=1478]], FeedbackDTO[id=1006, text=null, detailText=null, hasLongFeedbackText=false, reference=null, credits=3.230769230769231, positive=true, type=AUTOMATIC, visibility=ALWAYS, testCase=TestCaseDTO[testName=testBubbleSort(), id=1480]], FeedbackDTO[id=1007, text=null, detailText=null, hasLongFeedbackText=false, reference=null, credits=3.230769230769231, positive=true, type=AUTOMATIC, visibility=ALWAYS, testCase=TestCaseDTO[testName=testUseMergeSortForBigList(), id=1479]], FeedbackDTO[id=1008, text=null, detailText=null, hasLongFeedbackText=false, reference=null, credits=3.230769230769231, positive=true, type=AUTOMATIC, visibility=ALWAYS, testCase=TestCaseDTO[testName=testConstructors[Policy], id=1473]], FeedbackDTO[id=1009, text=null, detailText=null, hasLongFeedbackText=false, reference=null, credits=3.230769230769231, positive=true, type=AUTOMATIC, visibility=ALWAYS, testCase=TestCaseDTO[testName=testAttributes[Context], id=1469]], FeedbackDTO[id=1010, text=null, detailText=null, hasLongFeedbackText=false, reference=null, credits=3.230769230769231, positive=true, type=AUTOMATIC, visibility=ALWAYS, testCase=TestCaseDTO[testName=testAttributes[Policy], id=1470]]], assessmentType=AUTOMATIC, hasComplaint=null, exampleResult=null, testCaseCount=13, passedTestCaseCount=13, codeIssueCount=0]], BuildJobQueueItem[id=20301739576752239, name=SHORT716C2EC10B19B049C80A2F00B97EAB20B2A9TSTEXC-BASE, buildAgent=BuildAgentDTO[name=artemis-build-agent-test, memberAddress=[127.0.0.1]:5703, displayName=artemis-build-agent-test], participationId=2030, courseId=993, exerciseId=2610, retryCount=0, priority=2, status=SUCCESSFUL, repositoryInfo=RepositoryInfo[repositoryName=short716c2ec10b19b049c80a2f00b97eab20b2a9tstexc-exercise, repositoryType=exercise, triggeredByPushTo=tests, assignmentRepositoryUri=http://localhost:49152/git/SHORT716C2EC10B19B049C80A2F00B97EAB20B2A9TSTEXC/short716c2ec10b19b049c80a2f00b97eab20b2a9tstexc-exercise.git, testRepositoryUri=http://localhost:49152/git/SHORT716C2EC10B19B049C80A2F00B97EAB20B2A9TSTEXC/short716c2ec10b19b049c80a2f00b97eab20b2a9tstexc-tests.git, solutionRepositoryUri=null, auxiliaryRepositoryUris=[Ljava.lang.String;@304b0c3c, auxiliaryRepositoryCheckoutDirectories=[Ljava.lang.String;@1e7e2b06], jobTimingInfo=JobTimingInfo[submissionDate=2025-02-14T23:45:52.239402475Z[Etc/UTC], buildStartDate=2025-02-14T23:45:52.258713639Z[Etc/UTC], buildCompletionDate=2025-02-14T23:45:53.238773956Z[Etc/UTC], estimatedCompletionDate=2025-02-14T23:45:53.258707428Z[Etc/UTC], estimatedDuration=1], buildConfig=BuildConfig[buildScript=#!/bin/bash
cd /var/tmp/testing-dir
chmod +x ./gradlew
./gradlew clean test
, dockerImage=dummy-docker-image:latest, commitHashToBuild=1e531733ed6e9237f710b528d1eb0b7beac565fd, assignmentCommitHash=815e279f12ad296b4f24c44134a07293c04c010f, testCommitHash=1e531733ed6e9237f710b528d1eb0b7beac565fd, branch=main, programmingLanguage=JAVA, projectType=PLAIN_GRADLE, scaEnabled=false, sequentialTestRunsEnabled=false, resultPaths=[/var/tmp/testing-dir/**/test-results/test/*.xml], timeoutSeconds=0, assignmentCheckoutPath=null, testCheckoutPath=null, solutionCheckoutPath=null, dockerRunConfig=null], submissionResult=ResultDTO[id=639, completionDate=2025-02-14T23:45:53.225806205Z[Etc/UTC], successful=false, score=0.0, rated=true, submission=SubmissionDTO[id=833, submitted=true, type=TEST, exampleSubmission=null, submissionDate=2025-02-14T23:45:52.237179Z, commitHash=1e531733ed6e9237f710b528d1eb0b7beac565fd, buildFailed=false, buildArtifact=false, participation=ParticipationDTO[id=2030, testRun=false, type=template, submissionCount=null, exercise=ParticipationExerciseDTO[id=2610, exerciseType=PROGRAMMING, type=programming, assessmentType=AUTOMATIC, dueDate=2025-02-16T23:45:50.869093Z, assessmentDueDate=null, maxPoints=42.0, course=CourseDTO[id=993, accuracyOfScores=1]]], submissionExerciseType=programming, isProcessing=false, buildStartDate=null, estimatedCompletionDate=null], participation=ParticipationDTO[id=2030, testRun=false, type=template, submissionCount=null, exercise=ParticipationExerciseDTO[id=2610, exerciseType=PROGRAMMING, type=programming, assessmentType=AUTOMATIC, dueDate=2025-02-16T23:45:50.869093Z, assessmentDueDate=null, maxPoints=42.0, course=CourseDTO[id=993, accuracyOfScores=1]]], feedbacks=[FeedbackDTO[id=1011, text=null, detailText=The exercise expects a class with the name Context in the package testpackage. You did not implement the class in the exercise., hasLongFeedbackText=false, reference=null, credits=0.0, positive=false, type=AUTOMATIC, visibility=ALWAYS, testCase=TestCaseDTO[testName=testMethods[Context], id=1474]], FeedbackDTO[id=1012, text=null, detailText=The exercise expects a class with the name Policy in the package testpackage. You did not implement the class in the exercise., hasLongFeedbackText=false, reference=null, credits=0.0, positive=false, type=AUTOMATIC, visibility=ALWAYS, testCase=TestCaseDTO[testName=testMethods[Policy], id=1475]], FeedbackDTO[id=1013, text=null, detailText=The exercise expects a class with the name SortStrategy in the package testpackage. You did not implement the class in the exercise., hasLongFeedbackText=false, reference=null, credits=0.0, positive=false, type=AUTOMATIC, visibility=ALWAYS, testCase=TestCaseDTO[testName=testMethods[SortStrategy], id=1476]], FeedbackDTO[id=1014, text=null, detailText=The class 'MergeSort' does not implement the interface 'SortStrategy' as expected. Implement the interface and its methods., hasLongFeedbackText=false, reference=null, credits=0.0, positive=false, type=AUTOMATIC, visibility=ALWAYS, testCase=TestCaseDTO[testName=testClass[MergeSort], id=1471]], FeedbackDTO[id=1015, text=null, detailText=The exercise expects a class with the name SortStrategy in the package testpackage. You did not implement the class in the exercise., hasLongFeedbackText=false, reference=null, credits=0.0, positive=false, type=AUTOMATIC, visibility=ALWAYS, testCase=TestCaseDTO[testName=testClass[SortStrategy], id=1468]], FeedbackDTO[id=1016, text=null, detailText=The class 'BubbleSort' does not implement the interface 'SortStrategy' as expected. Implement the interface and its methods., hasLongFeedbackText=false, reference=null, credits=0.0, positive=false, type=AUTOMATIC, visibility=ALWAYS, testCase=TestCaseDTO[testName=testClass[BubbleSort], id=1472]], FeedbackDTO[id=1017, text=null, detailText=MergeSort does not sort correctly, hasLongFeedbackText=false, reference=null, credits=0.0, positive=false, type=AUTOMATIC, visibility=ALWAYS, testCase=TestCaseDTO[testName=testMergeSort(), id=1477]], FeedbackDTO[id=1018, text=null, detailText=The class 'Context' was not found within the submission. Make sure to implement it properly., hasLongFeedbackText=false, reference=null, credits=0.0, positive=false, type=AUTOMATIC, visibility=ALWAYS, testCase=TestCaseDTO[testName=testUseBubbleSortForSmallList(), id=1478]], FeedbackDTO[id=1019, text=null, detailText=BubbleSort does not sort correctly, hasLongFeedbackText=false, reference=null, credits=0.0, positive=false, type=AUTOMATIC, visibility=ALWAYS, testCase=TestCaseDTO[testName=testBubbleSort(), id=1480]], FeedbackDTO[id=1020, text=null, detailText=The class 'Context' was not found within the submission. Make sure to implement it properly., hasLongFeedbackText=false, reference=null, credits=0.0, positive=false, type=AUTOMATIC, visibility=ALWAYS, testCase=TestCaseDTO[testName=testUseMergeSortForBigList(), id=1479]], FeedbackDTO[id=1021, text=null, detailText=The exercise expects a class with the name Policy in the package testpackage. You did not implement the class in the exercise., hasLongFeedbackText=false, reference=null, credits=0.0, positive=false, type=AUTOMATIC, visibility=ALWAYS, testCase=TestCaseDTO[testName=testConstructors[Policy], id=1473]], FeedbackDTO[id=1022, text=null, detailText=The exercise expects a class with the name Context in the package testpackage. You did not implement the class in the exercise., hasLongFeedbackText=false, reference=null, credits=0.0, positive=false, type=AUTOMATIC, visibility=ALWAYS, testCase=TestCaseDTO[testName=testAttributes[Context], id=1469]], FeedbackDTO[id=1023, text=null, detailText=The exercise expects a class with the name Policy in the package testpackage. You did not implement the class in the exercise., hasLongFeedbackText=false, reference=null, credits=0.0, positive=false, type=AUTOMATIC, visibility=ALWAYS, testCase=TestCaseDTO[testName=testAttributes[Policy], id=1470]]], assessmentType=AUTOMATIC, hasComplaint=null, exampleResult=null, testCaseCount=13, passedTestCaseCount=0, codeIssueCount=0]], BuildJobQueueItem[id=20391739576754750, name=SHORT3A680734092E404EF80A4C60FBC1E408F7D0TSTEXC-LOCALVCCIINTSTUDENT1, buildAgent=BuildAgentDTO[name=artemis-build-agent-test, memberAddress=[127.0.0.1]:5703, displayName=artemis-build-agent-test], participationId=2039, courseId=996, exerciseId=2613, retryCount=0, priority=2, status=SUCCESSFUL, repositoryInfo=RepositoryInfo[repositoryName=short3a680734092e404ef80a4c60fbc1e408f7d0tstexc-localvcciintstudent1, repositoryType=user, triggeredByPushTo=user, assignmentRepositoryUri=http://localhost:49152/git/SHORT3A680734092E404EF80A4C60FBC1E408F7D0TSTEXC/short3a680734092e404ef80a4c60fbc1e408f7d0tstexc-localvcciintstudent1.git, testRepositoryUri=http://localhost:49152/git/SHORT3A680734092E404EF80A4C60FBC1E408F7D0TSTEXC/short3a680734092e404ef80a4c60fbc1e408f7d0tstexc-tests.git, solutionRepositoryUri=null, auxiliaryRepositoryUris=[Ljava.lang.String;@74a505b0, auxiliaryRepositoryCheckoutDirectories=[Ljava.lang.String;@d399662], jobTimingInfo=JobTimingInfo[submissionDate=2025-02-14T23:45:54.750657185Z[Etc/UTC], buildStartDate=2025-02-14T23:45:54.765232948Z[Etc/UTC], buildCompletionDate=2025-02-14T23:45:55.645844970Z[Etc/UTC], estimatedCompletionDate=2025-02-14T23:46:13.765225363Z[Etc/UTC], estimatedDuration=19], buildConfig=BuildConfig[buildScript=#!/bin/bash
cd /var/tmp/testing-dir
chmod +x ./gradlew
./gradlew clean test
, dockerImage=dummy-docker-image:latest, commitHashToBuild=9344436f8d5a5ce3aa40215562db211ed501371f, assignmentCommitHash=9344436f8d5a5ce3aa40215562db211ed501371f, testCommitHash=ff421c3651ec230fed2f20f72c2901ae372be06a, branch=main, programmingLanguage=JAVA, projectType=PLAIN_GRADLE, scaEnabled=false, sequentialTestRunsEnabled=false, resultPaths=[/var/tmp/testing-dir/**/test-results/test/*.xml], timeoutSeconds=0, assignmentCheckoutPath=null, testCheckoutPath=null, solutionCheckoutPath=null, dockerRunConfig=null], submissionResult=ResultDTO[id=640, completionDate=2025-02-14T23:45:55.628250079Z[Etc/UTC], successful=false, score=7.7, rated=true, submission=SubmissionDTO[id=834, submitted=true, type=MANUAL, exampleSubmission=null, submissionDate=2025-02-14T23:45:54.732007Z, commitHash=9344436f8d5a5ce3aa40215562db211ed501371f, buildFailed=false, buildArtifact=false, participation=ParticipationDTO[id=2039, testRun=false, type=programming, submissionCount=null, exercise=ParticipationExerciseDTO[id=2613, exerciseType=PROGRAMMING, type=programming, assessmentType=AUTOMATIC, dueDate=2025-02-16T23:45:54.546562Z, assessmentDueDate=null, maxPoints=42.0, course=CourseDTO[id=996, accuracyOfScores=1]]], submissionExerciseType=programming, isProcessing=false, buildStartDate=null, estimatedCompletionDate=null], participation=ParticipationDTO[id=2039, testRun=false, type=programming, submissionCount=null, exercise=ParticipationExerciseDTO[id=2613, exerciseType=PROGRAMMING, type=programming, assessmentType=AUTOMATIC, dueDate=2025-02-16T23:45:54.546562Z, assessmentDueDate=null, maxPoints=42.0, course=CourseDTO[id=996, accuracyOfScores=1]]], feedbacks=[FeedbackDTO[id=1024, text=null, detailText=The exercise expects a class with the name Context in the package testpackage. You did not implement the class in the exercise., hasLongFeedbackText=false, reference=null, credits=0.0, positive=false, type=AUTOMATIC, visibility=ALWAYS, testCase=TestCaseDTO[testName=null, id=1513]], FeedbackDTO[id=1025, text=null, detailText=The exercise expects a class with the name Policy in the package testpackage. You did not implement the class in the exercise., hasLongFeedbackText=false, reference=null, credits=0.0, positive=false, type=AUTOMATIC, visibility=ALWAYS, testCase=TestCaseDTO[testName=null, id=1514]], FeedbackDTO[id=1026, text=null, detailText=The exercise expects a class with the name SortStrategy in the package testpackage. You did not implement the class in the exercise., hasLongFeedbackText=false, reference=null, credits=0.0, positive=false, type=AUTOMATIC, visibility=ALWAYS, testCase=TestCaseDTO[testName=null, id=1515]], FeedbackDTO[id=1027, text=null, detailText=The class 'MergeSort' does not implement the interface 'SortStrategy' as expected. Implement the interface and its methods., hasLongFeedbackText=false, reference=null, credits=0.0, positive=false, type=AUTOMATIC, visibility=ALWAYS, testCase=TestCaseDTO[testName=null, id=1510]], FeedbackDTO[id=1028, text=null, detailText=The exercise expects a class with the name SortStrategy in the package testpackage. You did not implement the class in the exercise., hasLongFeedbackText=false, reference=null, credits=0.0, positive=false, type=AUTOMATIC, visibility=ALWAYS, testCase=TestCaseDTO[testName=null, id=1507]], FeedbackDTO[id=1029, text=null, detailText=The class 'BubbleSort' does not implement the interface 'SortStrategy' as expected. Implement the interface and its methods., hasLongFeedbackText=false, reference=null, credits=0.0, positive=false, type=AUTOMATIC, visibility=ALWAYS, testCase=TestCaseDTO[testName=null, id=1511]], FeedbackDTO[id=1030, text=null, detailText=MergeSort does not sort correctly, hasLongFeedbackText=false, reference=null, credits=0.0, positive=false, type=AUTOMATIC, visibility=ALWAYS, testCase=TestCaseDTO[testName=null, id=1516]], FeedbackDTO[id=1031, text=null, detailText=The class 'Context' was not found within the submission. Make sure to implement it properly., hasLongFeedbackText=false, reference=null, credits=0.0, positive=false, type=AUTOMATIC, visibility=ALWAYS, testCase=TestCaseDTO[testName=null, id=1517]], FeedbackDTO[id=1032, text=null, detailText=The class 'Context' was not found within the submission. Make sure to implement it properly., hasLongFeedbackText=false, reference=null, credits=0.0, positive=false, type=AUTOMATIC, visibility=ALWAYS, testCase=TestCaseDTO[testName=null, id=1518]], FeedbackDTO[id=1033, text=null, detailText=The exercise expects a class with the name Policy in the package testpackage. You did not implement the class in the exercise., hasLongFeedbackText=false, reference=null, credits=0.0, positive=false, type=AUTOMATIC, visibility=ALWAYS, testCase=TestCaseDTO[testName=null, id=1512]], FeedbackDTO[id=1034, text=null, detailText=The exercise expects a class with the name Context in the package testpackage. You did not implement the class in the exercise., hasLongFeedbackText=false, reference=null, credits=0.0, positive=false, type=AUTOMATIC, visibility=ALWAYS, testCase=TestCaseDTO[testName=null, id=1508]], FeedbackDTO[id=1035, text=null, detailText=The exercise expects a class with the name Policy in the package testpackage. You did not implement the class in the exercise., hasLongFeedbackText=false, reference=null, credits=0.0, positive=false, type=AUTOMATIC, visibility=ALWAYS, testCase=TestCaseDTO[testName=null, id=1509]], FeedbackDTO[id=1036, text=null, detailText=null, hasLongFeedbackText=false, reference=null, credits=3.230769230769231, positive=true, type=AUTOMATIC, visibility=ALWAYS, testCase=TestCaseDTO[testName=null, id=1519]]], assessmentType=AUTOMATIC, hasComplaint=null, exampleResult=null, testCaseCount=13, passedTestCaseCount=1, codeIssueCount=0]], BuildJobQueueItem[id=20431739576757232, name=SHORT3945BC5E092B90459B0A7F006DF5F64347FDTSTEXC-SOLUTION, buildAgent=BuildAgentDTO[name=artemis-build-agent-test, memberAddress=[127.0.0.1]:5703, displayName=artemis-build-agent-test], participationId=2043, courseId=998, exerciseId=2615, retryCount=0, priority=2, status=SUCCESSFUL, repositoryInfo=RepositoryInfo[repositoryName=short3945bc5e092b90459b0a7f006df5f64347fdtstexc-solution, repositoryType=solution, triggeredByPushTo=solution, assignmentRepositoryUri=http://localhost:49152/git/SHORT3945BC5E092B90459B0A7F006DF5F64347FDTSTEXC/short3945bc5e092b90459b0a7f006df5f64347fdtstexc-solution.git, testRepositoryUri=http://localhost:49152/git/SHORT3945BC5E092B90459B0A7F006DF5F64347FDTSTEXC/short3945bc5e092b90459b0a7f006df5f64347fdtstexc-tests.git, solutionRepositoryUri=null, auxiliaryRepositoryUris=[Ljava.lang.String;@657b5115, auxiliaryRepositoryCheckoutDirectories=[Ljava.lang.String;@ab260a7], jobTimingInfo=JobTimingInfo[submissionDate=2025-02-14T23:45:57.232907777Z[Etc/UTC], buildStartDate=2025-02-14T23:45:57.240437339Z[Etc/UTC], buildCompletionDate=2025-02-14T23:45:58.062328619Z[Etc/UTC], estimatedCompletionDate=2025-02-14T23:46:16.240428743Z[Etc/UTC], estimatedDuration=19], buildConfig=BuildConfig[buildScript=#!/bin/bash
cd /var/tmp/testing-dir
chmod +x ./gradlew
./gradlew clean test
, dockerImage=dummy-docker-image:latest, commitHashToBuild=c315388a235502fd958ae3c7ffbbbbf126a8fe21, assignmentCommitHash=c315388a235502fd958ae3c7ffbbbbf126a8fe21, testCommitHash=28488095271179f4eface46480ec45511f50df5d, branch=main, programmingLanguage=JAVA, projectType=PLAIN_GRADLE, scaEnabled=false, sequentialTestRunsEnabled=false, resultPaths=[/var/tmp/testing-dir/**/test-results/test/*.xml], timeoutSeconds=0, assignmentCheckoutPath=null, testCheckoutPath=null, solutionCheckoutPath=null, dockerRunConfig=null], submissionResult=ResultDTO[id=641, completionDate=2025-02-14T23:45:58.032353400Z[Etc/UTC], successful=true, score=100.0, rated=true, submission=SubmissionDTO[id=835, submitted=true, type=MANUAL, exampleSubmission=null, submissionDate=2025-02-14T23:45:57.222714Z, commitHash=c315388a235502fd958ae3c7ffbbbbf126a8fe21, buildFailed=false, buildArtifact=false, participation=ParticipationDTO[id=2043, testRun=false, type=solution, submissionCount=null, exercise=ParticipationExerciseDTO[id=2615, exerciseType=PROGRAMMING, type=programming, assessmentType=AUTOMATIC, dueDate=2025-02-16T23:45:56.808788Z, assessmentDueDate=null, maxPoints=42.0, course=CourseDTO[id=998, accuracyOfScores=1]]], submissionExerciseType=programming, isProcessing=false, buildStartDate=null, estimatedCompletionDate=null], participation=ParticipationDTO[id=2043, testRun=false, type=solution, submissionCount=null, exercise=ParticipationExerciseDTO[id=2615, exerciseType=PROGRAMMING, type=programming, assessmentType=AUTOMATIC, dueDate=2025-02-16T23:45:56.808788Z, assessmentDueDate=null, maxPoints=42.0, course=CourseDTO[id=998, accuracyOfScores=1]]], feedbacks=[FeedbackDTO[id=1037, text=null, detailText=null, hasLongFeedbackText=false, reference=null, credits=3.230769230769231, positive=true, type=AUTOMATIC, visibility=ALWAYS, testCase=TestCaseDTO[testName=testMethods[Context], id=1539]], FeedbackDTO[id=1038, text=null, detailText=null, hasLongFeedbackText=false, reference=null, credits=3.230769230769231, positive=true, type=AUTOMATIC, visibility=ALWAYS, testCase=TestCaseDTO[testName=testMethods[Policy], id=1540]], FeedbackDTO[id=1039, text=null, detailText=null, hasLongFeedbackText=false, reference=null, credits=3.230769230769231, positive=true, type=AUTOMATIC, visibility=ALWAYS, testCase=TestCaseDTO[testName=testMethods[SortStrategy], id=1541]], FeedbackDTO[id=1040, text=null, detailText=null, hasLongFeedbackText=false, reference=null, credits=3.230769230769231, positive=true, type=AUTOMATIC, visibility=ALWAYS, testCase=TestCaseDTO[testName=testClass[MergeSort], id=1536]], FeedbackDTO[id=1041, text=null, detailText=null, hasLongFeedbackText=false, reference=null, credits=3.230769230769231, positive=true, type=AUTOMATIC, visibility=ALWAYS, testCase=TestCaseDTO[testName=testClass[SortStrategy], id=1533]], FeedbackDTO[id=1042, text=null, detailText=null, hasLongFeedbackText=false, reference=null, credits=3.230769230769231, positive=true, type=AUTOMATIC, visibility=ALWAYS, testCase=TestCaseDTO[testName=testClass[BubbleSort], id=1537]], FeedbackDTO[id=1043, text=null, detailText=null, hasLongFeedbackText=false, reference=null, credits=3.230769230769231, positive=true, type=AUTOMATIC, visibility=ALWAYS, testCase=TestCaseDTO[testName=testMergeSort(), id=1542]], FeedbackDTO[id=1044, text=null, detailText=null, hasLongFeedbackText=false, reference=null, credits=3.230769230769231, positive=true, type=AUTOMATIC, visibility=ALWAYS, testCase=TestCaseDTO[testName=testUseBubbleSortForSmallList(), id=1543]], FeedbackDTO[id=1045, text=null, detailText=null, hasLongFeedbackText=false, reference=null, credits=3.230769230769231, positive=true, type=AUTOMATIC, visibility=ALWAYS, testCase=TestCaseDTO[testName=testBubbleSort(), id=1545]], FeedbackDTO[id=1046, text=null, detailText=null, hasLongFeedbackText=false, reference=null, credits=3.230769230769231, positive=true, type=AUTOMATIC, visibility=ALWAYS, testCase=TestCaseDTO[testName=testUseMergeSortForBigList(), id=1544]], FeedbackDTO[id=1047, text=null, detailText=null, hasLongFeedbackText=false, reference=null, credits=3.230769230769231, positive=true, type=AUTOMATIC, visibility=ALWAYS, testCase=TestCaseDTO[testName=testConstructors[Policy], id=1538]], FeedbackDTO[id=1048, text=null, detailText=null, hasLongFeedbackText=false, reference=null, credits=3.230769230769231, positive=true, type=AUTOMATIC, visibility=ALWAYS, testCase=TestCaseDTO[testName=testAttributes[Context], id=1534]], FeedbackDTO[id=1049, text=null, detailText=null, hasLongFeedbackText=false, reference=null, credits=3.230769230769231, positive=true, type=AUTOMATIC, visibility=ALWAYS, testCase=TestCaseDTO[testName=testAttributes[Policy], id=1535]]], assessmentType=AUTOMATIC, hasComplaint=null, exampleResult=null, testCaseCount=13, passedTestCaseCount=13, codeIssueCount=0]], BuildJobQueueItem[id=20471739576759335, name=SHORT07624A260BD060493708A050BB6FAE261DD5TSTEXC-LOCALVCCIINTSTUDENT1, buildAgent=BuildAgentDTO[name=artemis-build-agent-test, memberAddress=[127.0.0.1]:5703, displayName=artemis-build-agent-test], participationId=2047, courseId=999, exerciseId=2616, retryCount=0, priority=2, status=SUCCESSFUL, repositoryInfo=RepositoryInfo[repositoryName=short07624a260bd060493708a050bb6fae261dd5tstexc-localvcciintstudent1, repositoryType=user, triggeredByPushTo=user, assignmentRepositoryUri=http://localhost:49152/git/SHORT07624A260BD060493708A050BB6FAE261DD5TSTEXC/short07624a260bd060493708a050bb6fae261dd5tstexc-localvcciintstudent1.git, testRepositoryUri=http://localhost:49152/git/SHORT07624A260BD060493708A050BB6FAE261DD5TSTEXC/short07624a260bd060493708a050bb6fae261dd5tstexc-tests.git, solutionRepositoryUri=null, auxiliaryRepositoryUris=[Ljava.lang.String;@56e67cc4, auxiliaryRepositoryCheckoutDirectories=[Ljava.lang.String;@17ad7afc], jobTimingInfo=JobTimingInfo[submissionDate=2025-02-14T23:45:59.335772293Z[Etc/UTC], buildStartDate=2025-02-14T23:45:59.344175895Z[Etc/UTC], buildCompletionDate=2025-02-14T23:46:00.603413500Z[Etc/UTC], estimatedCompletionDate=2025-02-14T23:46:18.344169813Z[Etc/UTC], estimatedDuration=19], buildConfig=BuildConfig[buildScript=#!/bin/bash
cd /var/tmp/testing-dir
chmod +x ./gradlew
./gradlew clean test
, dockerImage=dummy-docker-image:latest, commitHashToBuild=18a07c7296dd70e3280c5bdcec7fccd0be6b8148, assignmentCommitHash=18a07c7296dd70e3280c5bdcec7fccd0be6b8148, testCommitHash=d654a233667bae063bb900e455fd2da456e10333, branch=main, programmingLanguage=JAVA, projectType=PLAIN_GRADLE, scaEnabled=false, sequentialTestRunsEnabled=false, resultPaths=[/var/tmp/testing-dir/**/test-results/test/*.xml], timeoutSeconds=0, assignmentCheckoutPath=null, testCheckoutPath=null, solutionCheckoutPath=null, dockerRunConfig=null], submissionResult=ResultDTO[id=642, completionDate=2025-02-14T23:46:00.583368808Z[Etc/UTC], successful=false, score=7.7, rated=true, submission=SubmissionDTO[id=836, submitted=true, type=MANUAL, exampleSubmission=null, submissionDate=2025-02-14T23:45:59.324416Z, commitHash=18a07c7296dd70e3280c5bdcec7fccd0be6b8148, buildFailed=false, buildArtifact=false, participation=ParticipationDTO[id=2047, testRun=false, type=programming, submissionCount=null, exercise=ParticipationExerciseDTO[id=2616, exerciseType=PROGRAMMING, type=programming, assessmentType=AUTOMATIC, dueDate=2025-02-16T23:45:58.958237Z, assessmentDueDate=null, maxPoints=42.0, course=CourseDTO[id=999, accuracyOfScores=1]]], submissionExerciseType=programming, isProcessing=false, buildStartDate=null, estimatedCompletionDate=null], participation=ParticipationDTO[id=2047, testRun=false, type=programming, submissionCount=null, exercise=ParticipationExerciseDTO[id=2616, exerciseType=PROGRAMMING, type=programming, assessmentType=AUTOMATIC, dueDate=2025-02-16T23:45:58.958237Z, assessmentDueDate=null, maxPoints=42.0, course=CourseDTO[id=999, accuracyOfScores=1]]], feedbacks=[FeedbackDTO[id=1050, text=null, detailText=The exercise expects a class with the name Context in the package testpackage. You did not implement the class in the exercise., hasLongFeedbackText=false, reference=null, credits=0.0, positive=false, type=AUTOMATIC, visibility=ALWAYS, testCase=TestCaseDTO[testName=null, id=1552]], FeedbackDTO[id=1051, text=null, detailText=The exercise expects a class with the name Policy in the package testpackage. You did not implement the class in the exercise., hasLongFeedbackText=false, reference=null, credits=0.0, positive=false, type=AUTOMATIC, visibility=ALWAYS, testCase=TestCaseDTO[testName=null, id=1553]], FeedbackDTO[id=1052, text=null, detailText=The exercise expects a class with the name SortStrategy in the package testpackage. You did not implement the class in the exercise., hasLongFeedbackText=false, reference=null, credits=0.0, positive=false, type=AUTOMATIC, visibility=ALWAYS, testCase=TestCaseDTO[testName=null, id=1554]], FeedbackDTO[id=1053, text=null, detailText=The class 'MergeSort' does not implement the interface 'SortStrategy' as expected. Implement the interface and its methods., hasLongFeedbackText=false, reference=null, credits=0.0, positive=false, type=AUTOMATIC, visibility=ALWAYS, testCase=TestCaseDTO[testName=null, id=1549]], FeedbackDTO[id=1054, text=null, detailText=The exercise expects a class with the name SortStrategy in the package testpackage. You did not implement the class in the exercise., hasLongFeedbackText=false, reference=null, credits=0.0, positive=false, type=AUTOMATIC, visibility=ALWAYS, testCase=TestCaseDTO[testName=null, id=1546]], FeedbackDTO[id=1055, text=null, detailText=The class 'BubbleSort' does not implement the interface 'SortStrategy' as expected. Implement the interface and its methods., hasLongFeedbackText=false, reference=null, credits=0.0, positive=false, type=AUTOMATIC, visibility=ALWAYS, testCase=TestCaseDTO[testName=null, id=1550]], FeedbackDTO[id=1056, text=null, detailText=MergeSort does not sort correctly, hasLongFeedbackText=false, reference=null, credits=0.0, positive=false, type=AUTOMATIC, visibility=ALWAYS, testCase=TestCaseDTO[testName=null, id=1555]], FeedbackDTO[id=1057, text=null, detailText=The class 'Context' was not found within the submission. Make sure to implement it properly., hasLongFeedbackText=false, reference=null, credits=0.0, positive=false, type=AUTOMATIC, visibility=ALWAYS, testCase=TestCaseDTO[testName=null, id=1556]], FeedbackDTO[id=1058, text=null, detailText=The class 'Context' was not found within the submission. Make sure to implement it properly., hasLongFeedbackText=false, reference=null, credits=0.0, positive=false, type=AUTOMATIC, visibility=ALWAYS, testCase=TestCaseDTO[testName=null, id=1557]], FeedbackDTO[id=1059, text=null, detailText=The exercise expects a class with the name Policy in the package testpackage. You did not implement the class in the exercise., hasLongFeedbackText=false, reference=null, credits=0.0, positive=false, type=AUTOMATIC, visibility=ALWAYS, testCase=TestCaseDTO[testName=null, id=1551]], FeedbackDTO[id=1060, text=null, detailText=The exercise expects a class with the name Context in the package testpackage. You did not implement the class in the exercise., hasLongFeedbackText=false, reference=null, credits=0.0, positive=false, type=AUTOMATIC, visibility=ALWAYS, testCase=TestCaseDTO[testName=null, id=1547]], FeedbackDTO[id=1061, text=null, detailText=The exercise expects a class with the name Policy in the package testpackage. You did not implement the class in the exercise., hasLongFeedbackText=false, reference=null, credits=0.0, positive=false, type=AUTOMATIC, visibility=ALWAYS, testCase=TestCaseDTO[testName=null, id=1548]], FeedbackDTO[id=1062, text=null, detailText=null, hasLongFeedbackText=false, reference=null, credits=3.230769230769231, positive=true, type=AUTOMATIC, visibility=ALWAYS, testCase=TestCaseDTO[testName=null, id=1558]]], assessmentType=AUTOMATIC, hasComplaint=null, exampleResult=null, testCaseCount=13, passedTestCaseCount=1, codeIssueCount=0]], BuildJobQueueItem[id=20631739576764096, name=SHORT4DC244B40E51904DBF09D1D07EFB51569A98T9E7-BASE, buildAgent=BuildAgentDTO[name=artemis-build-agent-test, memberAddress=[127.0.0.1]:5703, displayName=artemis-build-agent-test], participationId=2063, courseId=1004, exerciseId=2622, retryCount=0, priority=2, status=SUCCESSFUL, repositoryInfo=RepositoryInfo[repositoryName=short4dc244b40e51904dbf09d1d07efb51569a98t9e7-exercise, repositoryType=exercise, triggeredByPushTo=exercise, assignmentRepositoryUri=http://localhost:49152/git/SHORT4DC244B40E51904DBF09D1D07EFB51569A98T9E7/short4dc244b40e51904dbf09d1d07efb51569a98t9e7-exercise.git, testRepositoryUri=http://localhost:49152/git/SHORT4DC244B40E51904DBF09D1D07EFB51569A98T9E7/short4dc244b40e51904dbf09d1d07efb51569a98t9e7-tests.git, solutionRepositoryUri=null, auxiliaryRepositoryUris=[Ljava.lang.String;@28e162e5, auxiliaryRepositoryCheckoutDirectories=[Ljava.lang.String;@314f8806], jobTimingInfo=JobTimingInfo[submissionDate=2025-02-14T23:46:04.096728486Z[Etc/UTC], buildStartDate=2025-02-14T23:46:04.102262636Z[Etc/UTC], buildCompletionDate=2025-02-14T23:46:05.226227728Z[Etc/UTC], estimatedCompletionDate=2025-02-14T23:46:23.102258508Z[Etc/UTC], estimatedDuration=19], buildConfig=BuildConfig[buildScript=#!/bin/bash
cd /var/tmp/testing-dir
Some script, dockerImage=dummy-docker-image, commitHashToBuild=null, assignmentCommitHash=c012d390834ea02544e9b3baca8f528ff58cb582, testCommitHash=106892b5032dbcc929f32d283777eb646a0a7ab0, branch=main, programmingLanguage=JAVA, projectType=PLAIN_GRADLE, scaEnabled=false, sequentialTestRunsEnabled=false, resultPaths=[/var/tmp/testing-dir/**/test-results/test/*.xml], timeoutSeconds=0, assignmentCheckoutPath=null, testCheckoutPath=null, solutionCheckoutPath=null, dockerRunConfig=null], submissionResult=ResultDTO[id=643, completionDate=2025-02-14T23:46:05.207991505Z[Etc/UTC], successful=false, score=0.0, rated=true, submission=SubmissionDTO[id=838, submitted=false, type=INSTRUCTOR, exampleSubmission=null, submissionDate=2025-02-14T23:46:04.057795Z, commitHash=c012d390834ea02544e9b3baca8f528ff58cb582, buildFailed=false, buildArtifact=false, participation=ParticipationDTO[id=2063, testRun=false, type=template, submissionCount=null, exercise=ParticipationExerciseDTO[id=2622, exerciseType=PROGRAMMING, type=programming, assessmentType=SEMI_AUTOMATIC, dueDate=2025-02-21T23:46:03.542650Z, assessmentDueDate=null, maxPoints=5.0, course=CourseDTO[id=1004, accuracyOfScores=1]]], submissionExerciseType=programming, isProcessing=false, buildStartDate=null, estimatedCompletionDate=null], participation=ParticipationDTO[id=2063, testRun=false, type=template, submissionCount=null, exercise=ParticipationExerciseDTO[id=2622, exerciseType=PROGRAMMING, type=programming, assessmentType=SEMI_AUTOMATIC, dueDate=2025-02-21T23:46:03.542650Z, assessmentDueDate=null, maxPoints=5.0, course=CourseDTO[id=1004, accuracyOfScores=1]]], feedbacks=[FeedbackDTO[id=1063, text=testMethods[Context], detailText=The exercise expects a class with the name Context in the package testpackage. You did not implement the class in the exercise., hasLongFeedbackText=false, reference=null, credits=null, positive=false, type=AUTOMATIC, visibility=null, testCase=null], FeedbackDTO[id=1064, text=testMethods[Policy], detailText=The exercise expects a class with the name Policy in the package testpackage. You did not implement the class in the exercise., hasLongFeedbackText=false, reference=null, credits=null, positive=false, type=AUTOMATIC, visibility=null, testCase=null], FeedbackDTO[id=1065, text=testMethods[SortStrategy], detailText=The exercise expects a class with the name SortStrategy in the package testpackage. You did not implement the class in the exercise., hasLongFeedbackText=false, reference=null, credits=null, positive=false, type=AUTOMATIC, visibility=null, testCase=null], FeedbackDTO[id=1066, text=testClass[MergeSort], detailText=The class 'MergeSort' does not implement the interface 'SortStrategy' as expected. Implement the interface and its methods., hasLongFeedbackText=false, reference=null, credits=null, positive=false, type=AUTOMATIC, visibility=null, testCase=null], FeedbackDTO[id=1067, text=testClass[SortStrategy], detailText=The exercise expects a class with the name SortStrategy in the package testpackage. You did not implement the class in the exercise., hasLongFeedbackText=false, reference=null, credits=null, positive=false, type=AUTOMATIC, visibility=null, testCase=null], FeedbackDTO[id=1068, text=testClass[BubbleSort], detailText=The class 'BubbleSort' does not implement the interface 'SortStrategy' as expected. Implement the interface and its methods., hasLongFeedbackText=false, reference=null, credits=null, positive=false, type=AUTOMATIC, visibility=null, testCase=null], FeedbackDTO[id=1069, text=testMergeSort(), detailText=MergeSort does not sort correctly, hasLongFeedbackText=false, reference=null, credits=null, positive=false, type=AUTOMATIC, visibility=null, testCase=null], FeedbackDTO[id=1070, text=testUseBubbleSortForSmallList(), detailText=The class 'Context' was not found within the submission. Make sure to implement it properly., hasLongFeedbackText=false, reference=null, credits=null, positive=false, type=AUTOMATIC, visibility=null, testCase=null], FeedbackDTO[id=1071, text=testBubbleSort(), detailText=BubbleSort does not sort correctly, hasLongFeedbackText=false, reference=null, credits=null, positive=false, type=AUTOMATIC, visibility=null, testCase=null], FeedbackDTO[id=1072, text=testUseMergeSortForBigList(), detailText=The class 'Context' was not found within the submission. Make sure to implement it properly., hasLongFeedbackText=false, reference=null, credits=null, positive=false, type=AUTOMATIC, visibility=null, testCase=null], FeedbackDTO[id=1073, text=testConstructors[Policy], detailText=The exercise expects a class with the name Policy in the package testpackage. You did not implement the class in the exercise., hasLongFeedbackText=false, reference=null, credits=null, positive=false, type=AUTOMATIC, visibility=null, testCase=null], FeedbackDTO[id=1074, text=testAttributes[Context], detailText=The exercise expects a class with the name Context in the package testpackage. You did not implement the class in the exercise., hasLongFeedbackText=false, reference=null, credits=null, positive=false, type=AUTOMATIC, visibility=null, testCase=null], FeedbackDTO[id=1075, text=testAttributes[Policy], detailText=The exercise expects a class with the name Policy in the package testpackage. You did not implement the class in the exercise., hasLongFeedbackText=false, reference=null, credits=null, positive=false, type=AUTOMATIC, visibility=null, testCase=null]], assessmentType=AUTOMATIC, hasComplaint=null, exampleResult=null, testCaseCount=13, passedTestCaseCount=0, codeIssueCount=0]], BuildJobQueueItem[id=20641739576764112, name=SHORT4DC244B40E51904DBF09D1D07EFB51569A98T9E7-SOLUTION, buildAgent=BuildAgentDTO[name=artemis-build-agent-test, memberAddress=[127.0.0.1]:5703, displayName=artemis-build-agent-test], participationId=2064, courseId=1004, exerciseId=2622, retryCount=0, priority=2, status=SUCCESSFUL, repositoryInfo=RepositoryInfo[repositoryName=short4dc244b40e51904dbf09d1d07efb51569a98t9e7-solution, repositoryType=solution, triggeredByPushTo=solution, assignmentRepositoryUri=http://localhost:49152/git/SHORT4DC244B40E51904DBF09D1D07EFB51569A98T9E7/short4dc244b40e51904dbf09d1d07efb51569a98t9e7-solution.git, testRepositoryUri=http://localhost:49152/git/SHORT4DC244B40E51904DBF09D1D07EFB51569A98T9E7/short4dc244b40e51904dbf09d1d07efb51569a98t9e7-tests.git, solutionRepositoryUri=null, auxiliaryRepositoryUris=[Ljava.lang.String;@542ad2b7, auxiliaryRepositoryCheckoutDirectories=[Ljava.lang.String;@28ac3854], jobTimingInfo=JobTimingInfo[submissionDate=2025-02-14T23:46:04.112126913Z[Etc/UTC], buildStartDate=2025-02-14T23:46:05.232264507Z[Etc/UTC], buildCompletionDate=2025-02-14T23:46:06.182915498Z[Etc/UTC], estimatedCompletionDate=2025-02-14T23:46:24.232260149Z[Etc/UTC], estimatedDuration=19], buildConfig=BuildConfig[buildScript=#!/bin/bash
cd /var/tmp/testing-dir
Some script, dockerImage=dummy-docker-image, commitHashToBuild=null, assignmentCommitHash=221330b9b164316cadedcd1505ff3260d90e6691, testCommitHash=106892b5032dbcc929f32d283777eb646a0a7ab0, branch=main, programmingLanguage=JAVA, projectType=PLAIN_GRADLE, scaEnabled=false, sequentialTestRunsEnabled=false, resultPaths=[/var/tmp/testing-dir/**/test-results/test/*.xml], timeoutSeconds=0, assignmentCheckoutPath=null, testCheckoutPath=null, solutionCheckoutPath=null, dockerRunConfig=null], submissionResult=ResultDTO[id=644, completionDate=2025-02-14T23:46:06.169385846Z[Etc/UTC], successful=true, score=100.0, rated=true, submission=SubmissionDTO[id=837, submitted=false, type=INSTRUCTOR, exampleSubmission=null, submissionDate=2025-02-14T23:46:04.038689Z, commitHash=221330b9b164316cadedcd1505ff3260d90e6691, buildFailed=false, buildArtifact=false, participation=ParticipationDTO[id=2064, testRun=false, type=solution, submissionCount=null, exercise=ParticipationExerciseDTO[id=2622, exerciseType=PROGRAMMING, type=programming, assessmentType=SEMI_AUTOMATIC, dueDate=2025-02-21T23:46:03.542650Z, assessmentDueDate=null, maxPoints=5.0, course=CourseDTO[id=1004, accuracyOfScores=1]]], submissionExerciseType=programming, isProcessing=false, buildStartDate=null, estimatedCompletionDate=null], participation=ParticipationDTO[id=2064, testRun=false, type=solution, submissionCount=null, exercise=ParticipationExerciseDTO[id=2622, exerciseType=PROGRAMMING, type=programming, assessmentType=SEMI_AUTOMATIC, dueDate=2025-02-21T23:46:03.542650Z, assessmentDueDate=null, maxPoints=5.0, course=CourseDTO[id=1004, accuracyOfScores=1]]], feedbacks=[FeedbackDTO[id=1076, text=null, detailText=null, hasLongFeedbackText=false, reference=null, credits=0.38461538461538464, positive=true, type=AUTOMATIC, visibility=ALWAYS, testCase=TestCaseDTO[testName=testMethods[Context], id=1612]], FeedbackDTO[id=1077, text=null, detailText=null, hasLongFeedbackText=false, reference=null, credits=0.38461538461538464, positive=true, type=AUTOMATIC, visibility=ALWAYS, testCase=TestCaseDTO[testName=testMethods[Policy], id=1611]], FeedbackDTO[id=1078, text=null, detailText=null, hasLongFeedbackText=false, reference=null, credits=0.38461538461538464, positive=true, type=AUTOMATIC, visibility=ALWAYS, testCase=TestCaseDTO[testName=testMethods[SortStrategy], id=1613]], FeedbackDTO[id=1079, text=null, detailText=null, hasLongFeedbackText=false, reference=null, credits=0.38461538461538464, positive=true, type=AUTOMATIC, visibility=ALWAYS, testCase=TestCaseDTO[testName=testClass[MergeSort], id=1614]], FeedbackDTO[id=1080, text=null, detailText=null, hasLongFeedbackText=false, reference=null, credits=0.38461538461538464, positive=true, type=AUTOMATIC, visibility=ALWAYS, testCase=TestCaseDTO[testName=testClass[SortStrategy], id=1617]], FeedbackDTO[id=1081, text=null, detailText=null, hasLongFeedbackText=false, reference=null, credits=0.38461538461538464, positive=true, type=AUTOMATIC, visibility=ALWAYS, testCase=TestCaseDTO[testName=testClass[BubbleSort], id=1618]], FeedbackDTO[id=1082, text=null, detailText=null, hasLongFeedbackText=false, reference=null, credits=0.38461538461538464, positive=true, type=AUTOMATIC, visibility=ALWAYS, testCase=TestCaseDTO[testName=testMergeSort(), id=1620]], FeedbackDTO[id=1083, text=null, detailText=null, hasLongFeedbackText=false, reference=null, credits=0.38461538461538464, positive=true, type=AUTOMATIC, visibility=ALWAYS, testCase=TestCaseDTO[testName=testUseBubbleSortForSmallList(), id=1622]], FeedbackDTO[id=1084, text=null, detailText=null, hasLongFeedbackText=false, reference=null, credits=0.38461538461538464, positive=true, type=AUTOMATIC, visibility=ALWAYS, testCase=TestCaseDTO[testName=testBubbleSort(), id=1615]], FeedbackDTO[id=1085, text=null, detailText=null, hasLongFeedbackText=false, reference=null, credits=0.38461538461538464, positive=true, type=AUTOMATIC, visibility=ALWAYS, testCase=TestCaseDTO[testName=testUseMergeSortForBigList(), id=1619]], FeedbackDTO[id=1086, text=null, detailText=null, hasLongFeedbackText=false, reference=null, credits=0.38461538461538464, positive=true, type=AUTOMATIC, visibility=ALWAYS, testCase=TestCaseDTO[testName=testConstructors[Policy], id=1623]], FeedbackDTO[id=1087, text=null, detailText=null, hasLongFeedbackText=false, reference=null, credits=0.38461538461538464, positive=true, type=AUTOMATIC, visibility=ALWAYS, testCase=TestCaseDTO[testName=testAttributes[Context], id=1616]], FeedbackDTO[id=1088, text=null, detailText=null, hasLongFeedbackText=false, reference=null, credits=0.38461538461538464, positive=true, type=AUTOMATIC, visibility=ALWAYS, testCase=TestCaseDTO[testName=testAttributes[Policy], id=1621]]], assessmentType=AUTOMATIC, hasComplaint=null, exampleResult=null, testCaseCount=13, passedTestCaseCount=13, codeIssueCount=0]], BuildJobQueueItem[id=20711739576769873, name=SHORT119ADC0203685047B60A48204B1EA14EB29EIMPORTED-BASE, buildAgent=BuildAgentDTO[name=artemis-build-agent-test, memberAddress=[127.0.0.1]:5703, displayName=artemis-build-agent-test], participationId=2071, courseId=1007, exerciseId=2625, retryCount=0, priority=2, status=SUCCESSFUL, repositoryInfo=RepositoryInfo[repositoryName=short119adc0203685047b60a48204b1ea14eb29eimported-exercise, repositoryType=exercise, triggeredByPushTo=exercise, assignmentRepositoryUri=http://localhost:49152/git/SHORT119ADC0203685047B60A48204B1EA14EB29EIMPORTED/short119adc0203685047b60a48204b1ea14eb29eimported-exercise.git, testRepositoryUri=http://localhost:49152/git/SHORT119ADC0203685047B60A48204B1EA14EB29EIMPORTED/short119adc0203685047b60a48204b1ea14eb29eimported-tests.git, solutionRepositoryUri=null, auxiliaryRepositoryUris=[Ljava.lang.String;@b7991ee, auxiliaryRepositoryCheckoutDirectories=[Ljava.lang.String;@463b373f], jobTimingInfo=JobTimingInfo[submissionDate=2025-02-14T23:46:09.873880717Z[Etc/UTC], buildStartDate=2025-02-14T23:46:09.877078790Z[Etc/UTC], buildCompletionDate=2025-02-14T23:46:11.190344481Z[Etc/UTC], estimatedCompletionDate=2025-02-14T23:46:28.877074652Z[Etc/UTC], estimatedDuration=19], buildConfig=BuildConfig[buildScript=#!/bin/bash
cd /var/tmp/testing-dir
chmod +x ./gradlew
./gradlew clean test
, dockerImage=dummy-docker-image, commitHashToBuild=null, assignmentCommitHash=fdf5d18917d97180fa8cd8dbe85fef02e40bdd6d, testCommitHash=fdf5d18917d97180fa8cd8dbe85fef02e40bdd6d, branch=main, programmingLanguage=JAVA, projectType=PLAIN_GRADLE, scaEnabled=false, sequentialTestRunsEnabled=false, resultPaths=[/var/tmp/testing-dir/**/test-results/test/*.xml], timeoutSeconds=0, assignmentCheckoutPath=null, testCheckoutPath=null, solutionCheckoutPath=null, dockerRunConfig=null], submissionResult=null]], publicSshKey=ssh-rsa AAAAB3NzaC1yc2EAAAADAQABAAACAQCOPdMsxRE2jFJ/UEa5/LsBxtwzJcrh3/rYBCQvcMeVpiRfhzQPWu7mrt/G2Ew+i+vRloGH9aqKg6dd1liRncao53Zmd/ePxoatXePNhmzTfkCkcSkTUz7B+QMjkoDDV5jwuFPD6mF3JkhuzSi64n9Zy905t4w2IhVcjM2mL3eYNjiCXt6Qpq3Pkt7dM/Ksw1nxnvuiIALuJLB3FTkXkHqq3PJav+9HSq2r6ZaWgekneaGxlQlb+U+Vy3XOuArKAzK8c8i+0bR+AHiTG6ncYXt7ax3U+TdlDTF7OLP3umwaYjs1NBXOHwG42pevvpKn2fqavZZozk+M05jXLx3bq0O7itxfErWc7etky8qYPyyIMF/txQIVLd78+Ze4d7Y60t5MGbXM5cGE6fFif5fEJwgswXD+BrG0cafz1CTatjSKFdvp8Vp4VszXhHDan1PrP6JEFJ5Cc5GDmLRZPCFa3vL9f5qXgf4bkqKN8MYeEujwJE5nMRWoiJVNakix2bcrrneQMBlnYeYZVWXXXUusAQBzl4NgddC1umZpihZkL1b1MffZAUW3EGEXi7KHnllQhkTLLsQ8ntMgbylqaJKStqaXlLvdeRJcEnUuiFCrHEVVbXRFZR7XVDZ02CE5o3MuaRPty8Kh+jRTF3COlAckHwYEJCNNJvXFgb2CNXL4mjzYDw== test@localhost]
    23:46:12.721 | 566 localvc.event-13 | DEBUG | s.l.LocalCIWebsocketMessagingService : Sending message on topic /topic/admin/build-agents: [BuildAgentInformation[buildAgent=BuildAgentDTO[name=artemis-build-agent-test, memberAddress=[127.0.0.1]:5703, displayName=artemis-build-agent-test], maxNumberOfConcurrentBuildJobs=1, numberOfCurrentBuildJobs=0, runningBuildJobs=[], status=IDLE, recentBuildJobs=null, publicSshKey=null]]
    23:46:12.721 | 588 artemis-task-1   | DEBUG | d.t.c.a.a.c.c.w.GzipMessageConverter : Compressed message payload from 255 to 232 (saved 9.0% payload size)
    23:46:12.722 | 566 localvc.event-13 | DEBUG | s.l.LocalCIWebsocketMessagingService : Sending message on topic /topic/admin/build-agent/artemis-build-agent-test: BuildAgentInformation[buildAgent=BuildAgentDTO[name=artemis-build-agent-test, memberAddress=[127.0.0.1]:5703, displayName=artemis-build-agent-test], maxNumberOfConcurrentBuildJobs=1, numberOfCurrentBuildJobs=0, runningBuildJobs=[], status=IDLE, recentBuildJobs=[BuildJobQueueItem[id=19581739576715555, name=SHORTC1A3F9FC03D2304B4308FA20AF16D54AAA49TSTEXC-LOCALVCSSHINTSTUDENT1, buildAgent=BuildAgentDTO[name=artemis-build-agent-test, memberAddress=[127.0.0.1]:5703, displayName=artemis-build-agent-test], participationId=1958, courseId=965, exerciseId=2582, retryCount=0, priority=2, status=FAILED, repositoryInfo=RepositoryInfo[repositoryName=shortc1a3f9fc03d2304b4308fa20af16d54aaa49tstexc-localvcsshintstudent1, repositoryType=user, triggeredByPushTo=user, assignmentRepositoryUri=http://localhost:49152/git/SHORTC1A3F9FC03D2304B4308FA20AF16D54AAA49TSTEXC/shortc1a3f9fc03d2304b4308fa20af16d54aaa49tstexc-localvcsshintstudent1.git, testRepositoryUri=http://localhost:49152/git/SHORTC1A3F9FC03D2304B4308FA20AF16D54AAA49TSTEXC/shortc1a3f9fc03d2304b4308fa20af16d54aaa49tstexc-tests.git, solutionRepositoryUri=null, auxiliaryRepositoryUris=[Ljava.lang.String;@4a9002d2, auxiliaryRepositoryCheckoutDirectories=[Ljava.lang.String;@550d4670], jobTimingInfo=JobTimingInfo[submissionDate=2025-02-14T23:45:15.555989584Z[Etc/UTC], buildStartDate=2025-02-14T23:45:15.568477627Z[Etc/UTC], buildCompletionDate=2025-02-14T23:45:15.579021148Z[Etc/UTC], estimatedCompletionDate=2025-02-14T23:45:34.568443924Z[Etc/UTC], estimatedDuration=19], buildConfig=BuildConfig[buildScript=#!/bin/bash
cd /var/tmp/testing-dir
chmod +x ./gradlew
./gradlew clean test
, dockerImage=dummy-docker-image:latest, commitHashToBuild=ca76dac20e040e6609db02fd7fedd56bf58829d7, assignmentCommitHash=ca76dac20e040e6609db02fd7fedd56bf58829d7, testCommitHash=bd0d58c226dc63bfa4bc9052870589952c0a1f83, branch=main, programmingLanguage=JAVA, projectType=PLAIN_GRADLE, scaEnabled=false, sequentialTestRunsEnabled=false, resultPaths=[/var/tmp/testing-dir/**/test-results/test/*.xml], timeoutSeconds=0, assignmentCheckoutPath=null, testCheckoutPath=null, solutionCheckoutPath=null, dockerRunConfig=null], submissionResult=ResultDTO[id=627, completionDate=2025-02-14T23:45:15.579119131Z[Etc/UTC], successful=false, score=0.0, rated=true, submission=SubmissionDTO[id=820, submitted=true, type=MANUAL, exampleSubmission=null, submissionDate=2025-02-14T23:45:15.548349Z, commitHash=ca76dac20e040e6609db02fd7fedd56bf58829d7, buildFailed=true, buildArtifact=false, participation=ParticipationDTO[id=1958, testRun=false, type=programming, submissionCount=null, exercise=ParticipationExerciseDTO[id=2582, exerciseType=PROGRAMMING, type=programming, assessmentType=AUTOMATIC, dueDate=2025-02-16T23:45:15.103512Z, assessmentDueDate=null, maxPoints=42.0, course=CourseDTO[id=965, accuracyOfScores=1]]], submissionExerciseType=programming, isProcessing=false, buildStartDate=null, estimatedCompletionDate=null], participation=ParticipationDTO[id=1958, testRun=false, type=programming, submissionCount=null, exercise=ParticipationExerciseDTO[id=2582, exerciseType=PROGRAMMING, type=programming, assessmentType=AUTOMATIC, dueDate=2025-02-16T23:45:15.103512Z, assessmentDueDate=null, maxPoints=42.0, course=CourseDTO[id=965, accuracyOfScores=1]]], feedbacks=[], assessmentType=AUTOMATIC, hasComplaint=null, exampleResult=null, testCaseCount=0, passedTestCaseCount=0, codeIssueCount=0]], BuildJobQueueItem[id=19801739576719393, name=SHORTB2A6C58B0D447045380A858075B170A5B7C6TSTEXC-LOCALVCSSHINTSTUDENT1, buildAgent=BuildAgentDTO[name=artemis-build-agent-test, memberAddress=[127.0.0.1]:5703, displayName=artemis-build-agent-test], participationId=1980, courseId=974, exerciseId=2591, retryCount=0, priority=2, status=FAILED, repositoryInfo=RepositoryInfo[repositoryName=shortb2a6c58b0d447045380a858075b170a5b7c6tstexc-localvcsshintstudent1, repositoryType=user, triggeredByPushTo=user, assignmentRepositoryUri=http://localhost:49152/git/SHORTB2A6C58B0D447045380A858075B170A5B7C6TSTEXC/shortb2a6c58b0d447045380a858075b170a5b7c6tstexc-localvcsshintstudent1.git, testRepositoryUri=http://localhost:49152/git/SHORTB2A6C58B0D447045380A858075B170A5B7C6TSTEXC/shortb2a6c58b0d447045380a858075b170a5b7c6tstexc-tests.git, solutionRepositoryUri=null, auxiliaryRepositoryUris=[Ljava.lang.String;@26a9c926, auxiliaryRepositoryCheckoutDirectories=[Ljava.lang.String;@232e8356], jobTimingInfo=JobTimingInfo[submissionDate=2025-02-14T23:45:19.393259829Z[Etc/UTC], buildStartDate=2025-02-14T23:45:19.405438171Z[Etc/UTC], buildCompletionDate=2025-02-14T23:45:19.414070673Z[Etc/UTC], estimatedCompletionDate=2025-02-14T23:45:38.405431569Z[Etc/UTC], estimatedDuration=19], buildConfig=BuildConfig[buildScript=#!/bin/bash
cd /var/tmp/testing-dir
chmod +x ./gradlew
./gradlew clean test
, dockerImage=dummy-docker-image:latest, commitHashToBuild=363cdbf709a9fff149f813ab848ee800a675cc77, assignmentCommitHash=363cdbf709a9fff149f813ab848ee800a675cc77, testCommitHash=a5e046ece417b2e538f21f816e2524dab61e0d10, branch=main, programmingLanguage=JAVA, projectType=PLAIN_GRADLE, scaEnabled=false, sequentialTestRunsEnabled=false, resultPaths=[/var/tmp/testing-dir/**/test-results/test/*.xml], timeoutSeconds=0, assignmentCheckoutPath=null, testCheckoutPath=null, solutionCheckoutPath=null, dockerRunConfig=null], submissionResult=ResultDTO[id=628, completionDate=2025-02-14T23:45:19.414171040Z[Etc/UTC], successful=false, score=0.0, rated=true, submission=SubmissionDTO[id=821, submitted=true, type=MANUAL, exampleSubmission=null, submissionDate=2025-02-14T23:45:19.376840Z, commitHash=363cdbf709a9fff149f813ab848ee800a675cc77, buildFailed=true, buildArtifact=false, participation=ParticipationDTO[id=1980, testRun=false, type=programming, submissionCount=null, exercise=ParticipationExerciseDTO[id=2591, exerciseType=PROGRAMMING, type=programming, assessmentType=AUTOMATIC, dueDate=2025-02-16T23:45:18.950569Z, assessmentDueDate=null, maxPoints=42.0, course=CourseDTO[id=974, accuracyOfScores=1]]], submissionExerciseType=programming, isProcessing=false, buildStartDate=null, estimatedCompletionDate=null], participation=ParticipationDTO[id=1980, testRun=false, type=programming, submissionCount=null, exercise=ParticipationExerciseDTO[id=2591, exerciseType=PROGRAMMING, type=programming, assessmentType=AUTOMATIC, dueDate=2025-02-16T23:45:18.950569Z, assessmentDueDate=null, maxPoints=42.0, course=CourseDTO[id=974, accuracyOfScores=1]]], feedbacks=[], assessmentType=AUTOMATIC, hasComplaint=null, exampleResult=null, testCaseCount=0, passedTestCaseCount=0, codeIssueCount=0]], BuildJobQueueItem[id=19791739576719787, name=SHORTB2A6C58B0D447045380A858075B170A5B7C6TSTEXC-BASE, buildAgent=BuildAgentDTO[name=artemis-build-agent-test, memberAddress=[127.0.0.1]:5703, displayName=artemis-build-agent-test], participationId=1979, courseId=974, exerciseId=2591, retryCount=0, priority=2, status=FAILED, repositoryInfo=RepositoryInfo[repositoryName=shortb2a6c58b0d447045380a858075b170a5b7c6tstexc-exercise, repositoryType=exercise, triggeredByPushTo=exercise, assignmentRepositoryUri=http://localhost:49152/git/SHORTB2A6C58B0D447045380A858075B170A5B7C6TSTEXC/shortb2a6c58b0d447045380a858075b170a5b7c6tstexc-exercise.git, testRepositoryUri=http://localhost:49152/git/SHORTB2A6C58B0D447045380A858075B170A5B7C6TSTEXC/shortb2a6c58b0d447045380a858075b170a5b7c6tstexc-tests.git, solutionRepositoryUri=null, auxiliaryRepositoryUris=[Ljava.lang.String;@69628373, auxiliaryRepositoryCheckoutDirectories=[Ljava.lang.String;@566376e9], jobTimingInfo=JobTimingInfo[submissionDate=2025-02-14T23:45:19.787985058Z[Etc/UTC], buildStartDate=2025-02-14T23:45:19.796327417Z[Etc/UTC], buildCompletionDate=2025-02-14T23:45:19.799750982Z[Etc/UTC], estimatedCompletionDate=2025-02-14T23:45:38.796319082Z[Etc/UTC], estimatedDuration=19], buildConfig=BuildConfig[buildScript=#!/bin/bash
cd /var/tmp/testing-dir
chmod +x ./gradlew
./gradlew clean test
, dockerImage=dummy-docker-image:latest, commitHashToBuild=363cdbf709a9fff149f813ab848ee800a675cc77, assignmentCommitHash=363cdbf709a9fff149f813ab848ee800a675cc77, testCommitHash=a5e046ece417b2e538f21f816e2524dab61e0d10, branch=main, programmingLanguage=JAVA, projectType=PLAIN_GRADLE, scaEnabled=false, sequentialTestRunsEnabled=false, resultPaths=[/var/tmp/testing-dir/**/test-results/test/*.xml], timeoutSeconds=0, assignmentCheckoutPath=null, testCheckoutPath=null, solutionCheckoutPath=null, dockerRunConfig=null], submissionResult=ResultDTO[id=629, completionDate=2025-02-14T23:45:19.799820341Z[Etc/UTC], successful=false, score=0.0, rated=true, submission=SubmissionDTO[id=822, submitted=true, type=MANUAL, exampleSubmission=null, submissionDate=2025-02-14T23:45:19.775952Z, commitHash=363cdbf709a9fff149f813ab848ee800a675cc77, buildFailed=true, buildArtifact=false, participation=ParticipationDTO[id=1979, testRun=false, type=template, submissionCount=null, exercise=ParticipationExerciseDTO[id=2591, exerciseType=PROGRAMMING, type=programming, assessmentType=AUTOMATIC, dueDate=2025-02-16T23:45:18.950569Z, assessmentDueDate=null, maxPoints=42.0, course=CourseDTO[id=974, accuracyOfScores=1]]], submissionExerciseType=programming, isProcessing=false, buildStartDate=null, estimatedCompletionDate=null], participation=ParticipationDTO[id=1979, testRun=false, type=template, submissionCount=null, exercise=ParticipationExerciseDTO[id=2591, exerciseType=PROGRAMMING, type=programming, assessmentType=AUTOMATIC, dueDate=2025-02-16T23:45:18.950569Z, assessmentDueDate=null, maxPoints=42.0, course=CourseDTO[id=974, accuracyOfScores=1]]], feedbacks=[], assessmentType=AUTOMATIC, hasComplaint=null, exampleResult=null, testCaseCount=0, passedTestCaseCount=0, codeIssueCount=0]], BuildJobQueueItem[id=19781739576720235, name=SHORTB2A6C58B0D447045380A858075B170A5B7C6TSTEXC-SOLUTION, buildAgent=BuildAgentDTO[name=artemis-build-agent-test, memberAddress=[127.0.0.1]:5703, displayName=artemis-build-agent-test], participationId=1978, courseId=974, exerciseId=2591, retryCount=0, priority=2, status=FAILED, repositoryInfo=RepositoryInfo[repositoryName=shortb2a6c58b0d447045380a858075b170a5b7c6tstexc-solution, repositoryType=solution, triggeredByPushTo=solution, assignmentRepositoryUri=http://localhost:49152/git/SHORTB2A6C58B0D447045380A858075B170A5B7C6TSTEXC/shortb2a6c58b0d447045380a858075b170a5b7c6tstexc-solution.git, testRepositoryUri=http://localhost:49152/git/SHORTB2A6C58B0D447045380A858075B170A5B7C6TSTEXC/shortb2a6c58b0d447045380a858075b170a5b7c6tstexc-tests.git, solutionRepositoryUri=null, auxiliaryRepositoryUris=[Ljava.lang.String;@3e6b65fa, auxiliaryRepositoryCheckoutDirectories=[Ljava.lang.String;@69887552], jobTimingInfo=JobTimingInfo[submissionDate=2025-02-14T23:45:20.235272325Z[Etc/UTC], buildStartDate=2025-02-14T23:45:20.243033812Z[Etc/UTC], buildCompletionDate=2025-02-14T23:45:20.250721018Z[Etc/UTC], estimatedCompletionDate=2025-02-14T23:45:39.243026949Z[Etc/UTC], estimatedDuration=19], buildConfig=BuildConfig[buildScript=#!/bin/bash
cd /var/tmp/testing-dir
chmod +x ./gradlew
./gradlew clean test
, dockerImage=dummy-docker-image:latest, commitHashToBuild=c710d0e68c9c7db8cda7d1a278308de2b9642cc0, assignmentCommitHash=c710d0e68c9c7db8cda7d1a278308de2b9642cc0, testCommitHash=a5e046ece417b2e538f21f816e2524dab61e0d10, branch=main, programmingLanguage=JAVA, projectType=PLAIN_GRADLE, scaEnabled=false, sequentialTestRunsEnabled=false, resultPaths=[/var/tmp/testing-dir/**/test-results/test/*.xml], timeoutSeconds=0, assignmentCheckoutPath=null, testCheckoutPath=null, solutionCheckoutPath=null, dockerRunConfig=null], submissionResult=ResultDTO[id=630, completionDate=2025-02-14T23:45:20.250809893Z[Etc/UTC], successful=false, score=0.0, rated=true, submission=SubmissionDTO[id=823, submitted=true, type=MANUAL, exampleSubmission=null, submissionDate=2025-02-14T23:45:20.211707Z, commitHash=c710d0e68c9c7db8cda7d1a278308de2b9642cc0, buildFailed=true, buildArtifact=false, participation=ParticipationDTO[id=1978, testRun=false, type=solution, submissionCount=null, exercise=ParticipationExerciseDTO[id=2591, exerciseType=PROGRAMMING, type=programming, assessmentType=AUTOMATIC, dueDate=2025-02-16T23:45:18.950569Z, assessmentDueDate=null, maxPoints=42.0, course=CourseDTO[id=974, accuracyOfScores=1]]], submissionExerciseType=programming, isProcessing=false, buildStartDate=null, estimatedCompletionDate=null], participation=ParticipationDTO[id=1978, testRun=false, type=solution, submissionCount=null, exercise=ParticipationExerciseDTO[id=2591, exerciseType=PROGRAMMING, type=programming, assessmentType=AUTOMATIC, dueDate=2025-02-16T23:45:18.950569Z, assessmentDueDate=null, maxPoints=42.0, course=CourseDTO[id=974, accuracyOfScores=1]]], feedbacks=[], assessmentType=AUTOMATIC, hasComplaint=null, exampleResult=null, testCaseCount=0, passedTestCaseCount=0, codeIssueCount=0]], BuildJobQueueItem[id=19781739576720802, name=SHORTB2A6C58B0D447045380A858075B170A5B7C6TSTEXC-SOLUTION, buildAgent=BuildAgentDTO[name=artemis-build-agent-test, memberAddress=[127.0.0.1]:5703, displayName=artemis-build-agent-test], participationId=1978, courseId=974, exerciseId=2591, retryCount=0, priority=2, status=FAILED, repositoryInfo=RepositoryInfo[repositoryName=shortb2a6c58b0d447045380a858075b170a5b7c6tstexc-solution, repositoryType=solution, triggeredByPushTo=tests, assignmentRepositoryUri=http://localhost:49152/git/SHORTB2A6C58B0D447045380A858075B170A5B7C6TSTEXC/shortb2a6c58b0d447045380a858075b170a5b7c6tstexc-solution.git, testRepositoryUri=http://localhost:49152/git/SHORTB2A6C58B0D447045380A858075B170A5B7C6TSTEXC/shortb2a6c58b0d447045380a858075b170a5b7c6tstexc-tests.git, solutionRepositoryUri=null, auxiliaryRepositoryUris=[Ljava.lang.String;@148c1a0b, auxiliaryRepositoryCheckoutDirectories=[Ljava.lang.String;@5915f24d], jobTimingInfo=JobTimingInfo[submissionDate=2025-02-14T23:45:20.802935026Z[Etc/UTC], buildStartDate=2025-02-14T23:45:20.809306435Z[Etc/UTC], buildCompletionDate=2025-02-14T23:45:20.822452342Z[Etc/UTC], estimatedCompletionDate=2025-02-14T23:45:39.809298491Z[Etc/UTC], estimatedDuration=19], buildConfig=BuildConfig[buildScript=#!/bin/bash
cd /var/tmp/testing-dir
chmod +x ./gradlew
./gradlew clean test
, dockerImage=dummy-docker-image:latest, commitHashToBuild=c710d0e68c9c7db8cda7d1a278308de2b9642cc0, assignmentCommitHash=c710d0e68c9c7db8cda7d1a278308de2b9642cc0, testCommitHash=c710d0e68c9c7db8cda7d1a278308de2b9642cc0, branch=main, programmingLanguage=JAVA, projectType=PLAIN_GRADLE, scaEnabled=false, sequentialTestRunsEnabled=false, resultPaths=[/var/tmp/testing-dir/**/test-results/test/*.xml], timeoutSeconds=0, assignmentCheckoutPath=null, testCheckoutPath=null, solutionCheckoutPath=null, dockerRunConfig=null], submissionResult=ResultDTO[id=631, completionDate=2025-02-14T23:45:20.822527362Z[Etc/UTC], successful=false, score=0.0, rated=true, submission=SubmissionDTO[id=824, submitted=true, type=TEST, exampleSubmission=null, submissionDate=2025-02-14T23:45:20.791240Z, commitHash=c710d0e68c9c7db8cda7d1a278308de2b9642cc0, buildFailed=true, buildArtifact=false, participation=ParticipationDTO[id=1978, testRun=false, type=solution, submissionCount=null, exercise=ParticipationExerciseDTO[id=2591, exerciseType=PROGRAMMING, type=programming, assessmentType=AUTOMATIC, dueDate=2025-02-16T23:45:18.950569Z, assessmentDueDate=null, maxPoints=42.0, course=CourseDTO[id=974, accuracyOfScores=1]]], submissionExerciseType=programming, isProcessing=false, buildStartDate=null, estimatedCompletionDate=null], participation=ParticipationDTO[id=1978, testRun=false, type=solution, submissionCount=null, exercise=ParticipationExerciseDTO[id=2591, exerciseType=PROGRAMMING, type=programming, assessmentType=AUTOMATIC, dueDate=2025-02-16T23:45:18.950569Z, assessmentDueDate=null, maxPoints=42.0, course=CourseDTO[id=974, accuracyOfScores=1]]], feedbacks=[], assessmentType=AUTOMATIC, hasComplaint=null, exampleResult=null, testCaseCount=0, passedTestCaseCount=0, codeIssueCount=0]], BuildJobQueueItem[id=20061739576732554, name=SHORT94A899E303D7504C5D0840704DAAFA3DFF4DTSTEXC-LOCALVCCIINTINSTRUCTOR1, buildAgent=BuildAgentDTO[name=artemis-build-agent-test, memberAddress=[127.0.0.1]:5703, displayName=artemis-build-agent-test], participationId=2006, courseId=984, exerciseId=2601, retryCount=0, priority=2, status=SUCCESSFUL, repositoryInfo=RepositoryInfo[repositoryName=short94a899e303d7504c5d0840704daafa3dff4dtstexc-localvcciintinstructor1, repositoryType=user, triggeredByPushTo=user, assignmentRepositoryUri=http://localhost:49152/git/SHORT94A899E303D7504C5D0840704DAAFA3DFF4DTSTEXC/short94a899e303d7504c5d0840704daafa3dff4dtstexc-localvcciintinstructor1.git, testRepositoryUri=http://localhost:49152/git/SHORT94A899E303D7504C5D0840704DAAFA3DFF4DTSTEXC/short94a899e303d7504c5d0840704daafa3dff4dtstexc-tests.git, solutionRepositoryUri=null, auxiliaryRepositoryUris=[Ljava.lang.String;@3cb40820, auxiliaryRepositoryCheckoutDirectories=[Ljava.lang.String;@16bcd801], jobTimingInfo=JobTimingInfo[submissionDate=2025-02-14T23:45:32.554795798Z[Etc/UTC], buildStartDate=2025-02-14T23:45:32.567287465Z[Etc/UTC], buildCompletionDate=2025-02-14T23:45:34.535226768Z[Etc/UTC], estimatedCompletionDate=2025-02-14T23:45:51.567257960Z[Etc/UTC], estimatedDuration=19], buildConfig=BuildConfig[buildScript=#!/bin/bash
cd /var/tmp/testing-dir
chmod +x ./gradlew
./gradlew clean test
, dockerImage=dummy-docker-image:latest, commitHashToBuild=ca2dbc0ae87edf7035058a6a17c0ea60e90a290f, assignmentCommitHash=ca2dbc0ae87edf7035058a6a17c0ea60e90a290f, testCommitHash=0207f6f98af5fbb66ad68455f3fc3cf128af8ae9, branch=main, programmingLanguage=JAVA, projectType=PLAIN_GRADLE, scaEnabled=false, sequentialTestRunsEnabled=false, resultPaths=[/var/tmp/testing-dir/**/test-results/test/*.xml], timeoutSeconds=0, assignmentCheckoutPath=null, testCheckoutPath=null, solutionCheckoutPath=null, dockerRunConfig=null], submissionResult=ResultDTO[id=632, completionDate=2025-02-14T23:45:34.504415716Z[Etc/UTC], successful=false, score=7.7, rated=false, submission=SubmissionDTO[id=826, submitted=true, type=MANUAL, exampleSubmission=null, submissionDate=2025-02-14T23:45:32.541533Z, commitHash=ca2dbc0ae87edf7035058a6a17c0ea60e90a290f, buildFailed=false, buildArtifact=false, participation=ParticipationDTO[id=2006, testRun=true, type=programming, submissionCount=null, exercise=ParticipationExerciseDTO[id=2601, exerciseType=PROGRAMMING, type=programming, assessmentType=AUTOMATIC, dueDate=2025-02-16T23:45:31.864042Z, assessmentDueDate=null, maxPoints=42.0, course=CourseDTO[id=984, accuracyOfScores=1]]], submissionExerciseType=programming, isProcessing=false, buildStartDate=null, estimatedCompletionDate=null], participation=ParticipationDTO[id=2006, testRun=true, type=programming, submissionCount=null, exercise=ParticipationExerciseDTO[id=2601, exerciseType=PROGRAMMING, type=programming, assessmentType=AUTOMATIC, dueDate=2025-02-16T23:45:31.864042Z, assessmentDueDate=null, maxPoints=42.0, course=CourseDTO[id=984, accuracyOfScores=1]]], feedbacks=[FeedbackDTO[id=920, text=null, detailText=The exercise expects a class with the name Context in the package testpackage. You did not implement the class in the exercise., hasLongFeedbackText=false, reference=null, credits=0.0, positive=false, type=AUTOMATIC, visibility=ALWAYS, testCase=TestCaseDTO[testName=null, id=1357]], FeedbackDTO[id=921, text=null, detailText=The exercise expects a class with the name Policy in the package testpackage. You did not implement the class in the exercise., hasLongFeedbackText=false, reference=null, credits=0.0, positive=false, type=AUTOMATIC, visibility=ALWAYS, testCase=TestCaseDTO[testName=null, id=1358]], FeedbackDTO[id=922, text=null, detailText=The exercise expects a class with the name SortStrategy in the package testpackage. You did not implement the class in the exercise., hasLongFeedbackText=false, reference=null, credits=0.0, positive=false, type=AUTOMATIC, visibility=ALWAYS, testCase=TestCaseDTO[testName=null, id=1359]], FeedbackDTO[id=923, text=null, detailText=The class 'MergeSort' does not implement the interface 'SortStrategy' as expected. Implement the interface and its methods., hasLongFeedbackText=false, reference=null, credits=0.0, positive=false, type=AUTOMATIC, visibility=ALWAYS, testCase=TestCaseDTO[testName=null, id=1354]], FeedbackDTO[id=924, text=null, detailText=The exercise expects a class with the name SortStrategy in the package testpackage. You did not implement the class in the exercise., hasLongFeedbackText=false, reference=null, credits=0.0, positive=false, type=AUTOMATIC, visibility=ALWAYS, testCase=TestCaseDTO[testName=null, id=1351]], FeedbackDTO[id=925, text=null, detailText=The class 'BubbleSort' does not implement the interface 'SortStrategy' as expected. Implement the interface and its methods., hasLongFeedbackText=false, reference=null, credits=0.0, positive=false, type=AUTOMATIC, visibility=ALWAYS, testCase=TestCaseDTO[testName=null, id=1355]], FeedbackDTO[id=926, text=null, detailText=MergeSort does not sort correctly, hasLongFeedbackText=false, reference=null, credits=0.0, positive=false, type=AUTOMATIC, visibility=ALWAYS, testCase=TestCaseDTO[testName=null, id=1360]], FeedbackDTO[id=927, text=null, detailText=The class 'Context' was not found within the submission. Make sure to implement it properly., hasLongFeedbackText=false, reference=null, credits=0.0, positive=false, type=AUTOMATIC, visibility=ALWAYS, testCase=TestCaseDTO[testName=null, id=1361]], FeedbackDTO[id=928, text=null, detailText=The class 'Context' was not found within the submission. Make sure to implement it properly., hasLongFeedbackText=false, reference=null, credits=0.0, positive=false, type=AUTOMATIC, visibility=ALWAYS, testCase=TestCaseDTO[testName=null, id=1362]], FeedbackDTO[id=929, text=null, detailText=The exercise expects a class with the name Policy in the package testpackage. You did not implement the class in the exercise., hasLongFeedbackText=false, reference=null, credits=0.0, positive=false, type=AUTOMATIC, visibility=ALWAYS, testCase=TestCaseDTO[testName=null, id=1356]], FeedbackDTO[id=930, text=null, detailText=The exercise expects a class with the name Context in the package testpackage. You did not implement the class in the exercise., hasLongFeedbackText=false, reference=null, credits=0.0, positive=false, type=AUTOMATIC, visibility=ALWAYS, testCase=TestCaseDTO[testName=null, id=1352]], FeedbackDTO[id=931, text=null, detailText=The exercise expects a class with the name Policy in the package testpackage. You did not implement the class in the exercise., hasLongFeedbackText=false, reference=null, credits=0.0, positive=false, type=AUTOMATIC, visibility=ALWAYS, testCase=TestCaseDTO[testName=null, id=1353]], FeedbackDTO[id=932, text=null, detailText=null, hasLongFeedbackText=false, reference=null, credits=3.230769230769231, positive=true, type=AUTOMATIC, visibility=ALWAYS, testCase=TestCaseDTO[testName=null, id=1363]]], assessmentType=AUTOMATIC, hasComplaint=null, exampleResult=null, testCaseCount=13, passedTestCaseCount=1, codeIssueCount=0]], BuildJobQueueItem[id=20111739576737317, name=SHORTD49A6DAE04F9E049850BD5601663FD17A5B7TSTEXC-BASE, buildAgent=BuildAgentDTO[name=artemis-build-agent-test, memberAddress=[127.0.0.1]:5703, displayName=artemis-build-agent-test], participationId=2011, courseId=986, exerciseId=2603, retryCount=0, priority=2, status=SUCCESSFUL, repositoryInfo=RepositoryInfo[repositoryName=shortd49a6dae04f9e049850bd5601663fd17a5b7tstexc-exercise, repositoryType=exercise, triggeredByPushTo=exercise, assignmentRepositoryUri=http://localhost:49152/git/SHORTD49A6DAE04F9E049850BD5601663FD17A5B7TSTEXC/shortd49a6dae04f9e049850bd5601663fd17a5b7tstexc-exercise.git, testRepositoryUri=http://localhost:49152/git/SHORTD49A6DAE04F9E049850BD5601663FD17A5B7TSTEXC/shortd49a6dae04f9e049850bd5601663fd17a5b7tstexc-tests.git, solutionRepositoryUri=null, auxiliaryRepositoryUris=[Ljava.lang.String;@6294d49f, auxiliaryRepositoryCheckoutDirectories=[Ljava.lang.String;@14e5d51a], jobTimingInfo=JobTimingInfo[submissionDate=2025-02-14T23:45:37.317968648Z[Etc/UTC], buildStartDate=2025-02-14T23:45:37.324534774Z[Etc/UTC], buildCompletionDate=2025-02-14T23:45:38.527225461Z[Etc/UTC], estimatedCompletionDate=2025-02-14T23:45:56.324506331Z[Etc/UTC], estimatedDuration=19], buildConfig=BuildConfig[buildScript=#!/bin/bash
cd /var/tmp/testing-dir
chmod +x ./gradlew
./gradlew clean test
, dockerImage=dummy-docker-image:latest, commitHashToBuild=c795243c185829bbefa399f45dcbcfac22311b2f, assignmentCommitHash=c795243c185829bbefa399f45dcbcfac22311b2f, testCommitHash=fa8b162170bf767d852e05e0eb7a128efa2e1f34, branch=main, programmingLanguage=JAVA, projectType=PLAIN_GRADLE, scaEnabled=false, sequentialTestRunsEnabled=false, resultPaths=[/var/tmp/testing-dir/**/test-results/test/*.xml], timeoutSeconds=0, assignmentCheckoutPath=null, testCheckoutPath=null, solutionCheckoutPath=null, dockerRunConfig=null], submissionResult=ResultDTO[id=633, completionDate=2025-02-14T23:45:38.476795726Z[Etc/UTC], successful=false, score=0.0, rated=true, submission=SubmissionDTO[id=827, submitted=true, type=MANUAL, exampleSubmission=null, submissionDate=2025-02-14T23:45:37.303401Z, commitHash=c795243c185829bbefa399f45dcbcfac22311b2f, buildFailed=false, buildArtifact=false, participation=ParticipationDTO[id=2011, testRun=false, type=template, submissionCount=null, exercise=ParticipationExerciseDTO[id=2603, exerciseType=PROGRAMMING, type=programming, assessmentType=AUTOMATIC, dueDate=2025-02-16T23:45:36.830269Z, assessmentDueDate=null, maxPoints=42.0, course=CourseDTO[id=986, accuracyOfScores=1]]], submissionExerciseType=programming, isProcessing=false, buildStartDate=null, estimatedCompletionDate=null], participation=ParticipationDTO[id=2011, testRun=false, type=template, submissionCount=null, exercise=ParticipationExerciseDTO[id=2603, exerciseType=PROGRAMMING, type=programming, assessmentType=AUTOMATIC, dueDate=2025-02-16T23:45:36.830269Z, assessmentDueDate=null, maxPoints=42.0, course=CourseDTO[id=986, accuracyOfScores=1]]], feedbacks=[FeedbackDTO[id=933, text=null, detailText=The exercise expects a class with the name Context in the package testpackage. You did not implement the class in the exercise., hasLongFeedbackText=false, reference=null, credits=0.0, positive=false, type=AUTOMATIC, visibility=ALWAYS, testCase=TestCaseDTO[testName=testMethods[Context], id=1383]], FeedbackDTO[id=934, text=null, detailText=The exercise expects a class with the name Policy in the package testpackage. You did not implement the class in the exercise., hasLongFeedbackText=false, reference=null, credits=0.0, positive=false, type=AUTOMATIC, visibility=ALWAYS, testCase=TestCaseDTO[testName=testMethods[Policy], id=1384]], FeedbackDTO[id=935, text=null, detailText=The exercise expects a class with the name SortStrategy in the package testpackage. You did not implement the class in the exercise., hasLongFeedbackText=false, reference=null, credits=0.0, positive=false, type=AUTOMATIC, visibility=ALWAYS, testCase=TestCaseDTO[testName=testMethods[SortStrategy], id=1385]], FeedbackDTO[id=936, text=null, detailText=The class 'MergeSort' does not implement the interface 'SortStrategy' as expected. Implement the interface and its methods., hasLongFeedbackText=false, reference=null, credits=0.0, positive=false, type=AUTOMATIC, visibility=ALWAYS, testCase=TestCaseDTO[testName=testClass[MergeSort], id=1380]], FeedbackDTO[id=937, text=null, detailText=The exercise expects a class with the name SortStrategy in the package testpackage. You did not implement the class in the exercise., hasLongFeedbackText=false, reference=null, credits=0.0, positive=false, type=AUTOMATIC, visibility=ALWAYS, testCase=TestCaseDTO[testName=testClass[SortStrategy], id=1377]], FeedbackDTO[id=938, text=null, detailText=The class 'BubbleSort' does not implement the interface 'SortStrategy' as expected. Implement the interface and its methods., hasLongFeedbackText=false, reference=null, credits=0.0, positive=false, type=AUTOMATIC, visibility=ALWAYS, testCase=TestCaseDTO[testName=testClass[BubbleSort], id=1381]], FeedbackDTO[id=939, text=null, detailText=MergeSort does not sort correctly, hasLongFeedbackText=false, reference=null, credits=0.0, positive=false, type=AUTOMATIC, visibility=ALWAYS, testCase=TestCaseDTO[testName=testMergeSort(), id=1386]], FeedbackDTO[id=940, text=null, detailText=The class 'Context' was not found within the submission. Make sure to implement it properly., hasLongFeedbackText=false, reference=null, credits=0.0, positive=false, type=AUTOMATIC, visibility=ALWAYS, testCase=TestCaseDTO[testName=testUseBubbleSortForSmallList(), id=1387]], FeedbackDTO[id=941, text=null, detailText=BubbleSort does not sort correctly, hasLongFeedbackText=false, reference=null, credits=0.0, positive=false, type=AUTOMATIC, visibility=ALWAYS, testCase=TestCaseDTO[testName=testBubbleSort(), id=1389]], FeedbackDTO[id=942, text=null, detailText=The class 'Context' was not found within the submission. Make sure to implement it properly., hasLongFeedbackText=false, reference=null, credits=0.0, positive=false, type=AUTOMATIC, visibility=ALWAYS, testCase=TestCaseDTO[testName=testUseMergeSortForBigList(), id=1388]], FeedbackDTO[id=943, text=null, detailText=The exercise expects a class with the name Policy in the package testpackage. You did not implement the class in the exercise., hasLongFeedbackText=false, reference=null, credits=0.0, positive=false, type=AUTOMATIC, visibility=ALWAYS, testCase=TestCaseDTO[testName=testConstructors[Policy], id=1382]], FeedbackDTO[id=944, text=null, detailText=The exercise expects a class with the name Context in the package testpackage. You did not implement the class in the exercise., hasLongFeedbackText=false, reference=null, credits=0.0, positive=false, type=AUTOMATIC, visibility=ALWAYS, testCase=TestCaseDTO[testName=testAttributes[Context], id=1378]], FeedbackDTO[id=945, text=null, detailText=The exercise expects a class with the name Policy in the package testpackage. You did not implement the class in the exercise., hasLongFeedbackText=false, reference=null, credits=0.0, positive=false, type=AUTOMATIC, visibility=ALWAYS, testCase=TestCaseDTO[testName=testAttributes[Policy], id=1379]]], assessmentType=AUTOMATIC, hasComplaint=null, exampleResult=null, testCaseCount=13, passedTestCaseCount=0, codeIssueCount=0]], BuildJobQueueItem[id=20171739576740018, name=SHORT7914AFA00ADC3047140B99D01AC07810CE44TSTEXC-LOCALVCCIINTSTUDENT1, buildAgent=BuildAgentDTO[name=artemis-build-agent-test, memberAddress=[127.0.0.1]:5703, displayName=artemis-build-agent-test], participationId=2017, courseId=988, exerciseId=2605, retryCount=0, priority=2, status=SUCCESSFUL, repositoryInfo=RepositoryInfo[repositoryName=short7914afa00adc3047140b99d01ac07810ce44tstexc-practice-localvcciintstudent1, repositoryType=user, triggeredByPushTo=user, assignmentRepositoryUri=http://localhost:49152/git/SHORT7914AFA00ADC3047140B99D01AC07810CE44TSTEXC/short7914afa00adc3047140b99d01ac07810ce44tstexc-practice-localvcciintstudent1.git, testRepositoryUri=http://localhost:49152/git/SHORT7914AFA00ADC3047140B99D01AC07810CE44TSTEXC/short7914afa00adc3047140b99d01ac07810ce44tstexc-tests.git, solutionRepositoryUri=null, auxiliaryRepositoryUris=[Ljava.lang.String;@80c2aae, auxiliaryRepositoryCheckoutDirectories=[Ljava.lang.String;@7800877e], jobTimingInfo=JobTimingInfo[submissionDate=2025-02-14T23:45:40.018961253Z[Etc/UTC], buildStartDate=2025-02-14T23:45:40.029742701Z[Etc/UTC], buildCompletionDate=2025-02-14T23:45:41.150208242Z[Etc/UTC], estimatedCompletionDate=2025-02-14T23:45:59.029734065Z[Etc/UTC], estimatedDuration=19], buildConfig=BuildConfig[buildScript=#!/bin/bash
cd /var/tmp/testing-dir
chmod +x ./gradlew
./gradlew clean test
, dockerImage=dummy-docker-image:latest, commitHashToBuild=d80b57877989b971e83ccdb4863c8a7023c76266, assignmentCommitHash=d80b57877989b971e83ccdb4863c8a7023c76266, testCommitHash=327b116890c92b1312314341f43f21ef13ecf7d7, branch=main, programmingLanguage=JAVA, projectType=PLAIN_GRADLE, scaEnabled=false, sequentialTestRunsEnabled=false, resultPaths=[/var/tmp/testing-dir/**/test-results/test/*.xml], timeoutSeconds=0, assignmentCheckoutPath=null, testCheckoutPath=null, solutionCheckoutPath=null, dockerRunConfig=null], submissionResult=ResultDTO[id=634, completionDate=2025-02-14T23:45:41.120192603Z[Etc/UTC], successful=false, score=7.7, rated=false, submission=SubmissionDTO[id=828, submitted=true, type=MANUAL, exampleSubmission=null, submissionDate=2025-02-14T23:45:40.008666Z, commitHash=d80b57877989b971e83ccdb4863c8a7023c76266, buildFailed=false, buildArtifact=false, participation=ParticipationDTO[id=2017, testRun=true, type=programming, submissionCount=null, exercise=ParticipationExerciseDTO[id=2605, exerciseType=PROGRAMMING, type=programming, assessmentType=AUTOMATIC, dueDate=2025-02-16T23:45:39.523500Z, assessmentDueDate=null, maxPoints=42.0, course=CourseDTO[id=988, accuracyOfScores=1]]], submissionExerciseType=programming, isProcessing=false, buildStartDate=null, estimatedCompletionDate=null], participation=ParticipationDTO[id=2017, testRun=true, type=programming, submissionCount=null, exercise=ParticipationExerciseDTO[id=2605, exerciseType=PROGRAMMING, type=programming, assessmentType=AUTOMATIC, dueDate=2025-02-16T23:45:39.523500Z, assessmentDueDate=null, maxPoints=42.0, course=CourseDTO[id=988, accuracyOfScores=1]]], feedbacks=[FeedbackDTO[id=946, text=null, detailText=The exercise expects a class with the name Context in the package testpackage. You did not implement the class in the exercise., hasLongFeedbackText=false, reference=null, credits=0.0, positive=false, type=AUTOMATIC, visibility=ALWAYS, testCase=TestCaseDTO[testName=null, id=1409]], FeedbackDTO[id=947, text=null, detailText=The exercise expects a class with the name Policy in the package testpackage. You did not implement the class in the exercise., hasLongFeedbackText=false, reference=null, credits=0.0, positive=false, type=AUTOMATIC, visibility=ALWAYS, testCase=TestCaseDTO[testName=null, id=1410]], FeedbackDTO[id=948, text=null, detailText=The exercise expects a class with the name SortStrategy in the package testpackage. You did not implement the class in the exercise., hasLongFeedbackText=false, reference=null, credits=0.0, positive=false, type=AUTOMATIC, visibility=ALWAYS, testCase=TestCaseDTO[testName=null, id=1411]], FeedbackDTO[id=949, text=null, detailText=The class 'MergeSort' does not implement the interface 'SortStrategy' as expected. Implement the interface and its methods., hasLongFeedbackText=false, reference=null, credits=0.0, positive=false, type=AUTOMATIC, visibility=ALWAYS, testCase=TestCaseDTO[testName=null, id=1406]], FeedbackDTO[id=950, text=null, detailText=The exercise expects a class with the name SortStrategy in the package testpackage. You did not implement the class in the exercise., hasLongFeedbackText=false, reference=null, credits=0.0, positive=false, type=AUTOMATIC, visibility=ALWAYS, testCase=TestCaseDTO[testName=null, id=1403]], FeedbackDTO[id=951, text=null, detailText=The class 'BubbleSort' does not implement the interface 'SortStrategy' as expected. Implement the interface and its methods., hasLongFeedbackText=false, reference=null, credits=0.0, positive=false, type=AUTOMATIC, visibility=ALWAYS, testCase=TestCaseDTO[testName=null, id=1407]], FeedbackDTO[id=952, text=null, detailText=MergeSort does not sort correctly, hasLongFeedbackText=false, reference=null, credits=0.0, positive=false, type=AUTOMATIC, visibility=ALWAYS, testCase=TestCaseDTO[testName=null, id=1412]], FeedbackDTO[id=953, text=null, detailText=The class 'Context' was not found within the submission. Make sure to implement it properly., hasLongFeedbackText=false, reference=null, credits=0.0, positive=false, type=AUTOMATIC, visibility=ALWAYS, testCase=TestCaseDTO[testName=null, id=1413]], FeedbackDTO[id=954, text=null, detailText=The class 'Context' was not found within the submission. Make sure to implement it properly., hasLongFeedbackText=false, reference=null, credits=0.0, positive=false, type=AUTOMATIC, visibility=ALWAYS, testCase=TestCaseDTO[testName=null, id=1414]], FeedbackDTO[id=955, text=null, detailText=The exercise expects a class with the name Policy in the package testpackage. You did not implement the class in the exercise., hasLongFeedbackText=false, reference=null, credits=0.0, positive=false, type=AUTOMATIC, visibility=ALWAYS, testCase=TestCaseDTO[testName=null, id=1408]], FeedbackDTO[id=956, text=null, detailText=The exercise expects a class with the name Context in the package testpackage. You did not implement the class in the exercise., hasLongFeedbackText=false, reference=null, credits=0.0, positive=false, type=AUTOMATIC, visibility=ALWAYS, testCase=TestCaseDTO[testName=null, id=1404]], FeedbackDTO[id=957, text=null, detailText=The exercise expects a class with the name Policy in the package testpackage. You did not implement the class in the exercise., hasLongFeedbackText=false, reference=null, credits=0.0, positive=false, type=AUTOMATIC, visibility=ALWAYS, testCase=TestCaseDTO[testName=null, id=1405]], FeedbackDTO[id=958, text=null, detailText=null, hasLongFeedbackText=false, reference=null, credits=3.230769230769231, positive=true, type=AUTOMATIC, visibility=ALWAYS, testCase=TestCaseDTO[testName=null, id=1415]]], assessmentType=AUTOMATIC, hasComplaint=null, exampleResult=null, testCaseCount=13, passedTestCaseCount=1, codeIssueCount=0]], BuildJobQueueItem[id=20261739576743984, name=SHORT53C73BE505404043100AC2F00C039353CE8FTSTEXC-LOCALVCCIINTSTUDENT1, buildAgent=BuildAgentDTO[name=artemis-build-agent-test, memberAddress=[127.0.0.1]:5703, displayName=artemis-build-agent-test], participationId=2026, courseId=991, exerciseId=2608, retryCount=0, priority=1, status=SUCCESSFUL, repositoryInfo=RepositoryInfo[repositoryName=short53c73be505404043100ac2f00c039353ce8ftstexc-localvcciintstudent1, repositoryType=user, triggeredByPushTo=user, assignmentRepositoryUri=http://localhost:49152/git/SHORT53C73BE505404043100AC2F00C039353CE8FTSTEXC/short53c73be505404043100ac2f00c039353ce8ftstexc-localvcciintstudent1.git, testRepositoryUri=http://localhost:49152/git/SHORT53C73BE505404043100AC2F00C039353CE8FTSTEXC/short53c73be505404043100ac2f00c039353ce8ftstexc-tests.git, solutionRepositoryUri=null, auxiliaryRepositoryUris=[Ljava.lang.String;@3c7494cd, auxiliaryRepositoryCheckoutDirectories=[Ljava.lang.String;@603db5c], jobTimingInfo=JobTimingInfo[submissionDate=2025-02-14T23:45:43.984518859Z[Etc/UTC], buildStartDate=2025-02-14T23:45:43.991385682Z[Etc/UTC], buildCompletionDate=2025-02-14T23:45:44.982059928Z[Etc/UTC], estimatedCompletionDate=2025-02-14T23:46:02.991380122Z[Etc/UTC], estimatedDuration=19], buildConfig=BuildConfig[buildScript=#!/bin/bash
cd /var/tmp/testing-dir
chmod +x ./gradlew
./gradlew clean test
, dockerImage=dummy-docker-image:latest, commitHashToBuild=3e90ae9fef2e44ffb41451a080bdaa6a44ad6848, assignmentCommitHash=3e90ae9fef2e44ffb41451a080bdaa6a44ad6848, testCommitHash=0582754c87aae13e640312855ce7dbe490ecb50c, branch=main, programmingLanguage=JAVA, projectType=PLAIN_GRADLE, scaEnabled=false, sequentialTestRunsEnabled=false, resultPaths=[/var/tmp/testing-dir/**/test-results/test/*.xml], timeoutSeconds=0, assignmentCheckoutPath=null, testCheckoutPath=null, solutionCheckoutPath=null, dockerRunConfig=null], submissionResult=ResultDTO[id=635, completionDate=2025-02-14T23:45:44.961313737Z[Etc/UTC], successful=false, score=7.7, rated=true, submission=SubmissionDTO[id=829, submitted=true, type=MANUAL, exampleSubmission=null, submissionDate=2025-02-14T23:45:43.967766Z, commitHash=3e90ae9fef2e44ffb41451a080bdaa6a44ad6848, buildFailed=false, buildArtifact=false, participation=ParticipationDTO[id=2026, testRun=false, type=programming, submissionCount=null, exercise=ParticipationExerciseDTO[id=2608, exerciseType=PROGRAMMING, type=programming, assessmentType=AUTOMATIC, dueDate=2025-02-16T23:45:43.597978Z, assessmentDueDate=null, maxPoints=42.0, course=CourseDTO[id=991, accuracyOfScores=1]]], submissionExerciseType=programming, isProcessing=false, buildStartDate=null, estimatedCompletionDate=null], participation=ParticipationDTO[id=2026, testRun=false, type=programming, submissionCount=null, exercise=ParticipationExerciseDTO[id=2608, exerciseType=PROGRAMMING, type=programming, assessmentType=AUTOMATIC, dueDate=2025-02-16T23:45:43.597978Z, assessmentDueDate=null, maxPoints=42.0, course=CourseDTO[id=991, accuracyOfScores=1]]], feedbacks=[FeedbackDTO[id=959, text=null, detailText=The exercise expects a class with the name Context in the package testpackage. You did not implement the class in the exercise., hasLongFeedbackText=false, reference=null, credits=0.0, positive=false, type=AUTOMATIC, visibility=ALWAYS, testCase=TestCaseDTO[testName=null, id=1448]], FeedbackDTO[id=960, text=null, detailText=The exercise expects a class with the name Policy in the package testpackage. You did not implement the class in the exercise., hasLongFeedbackText=false, reference=null, credits=0.0, positive=false, type=AUTOMATIC, visibility=ALWAYS, testCase=TestCaseDTO[testName=null, id=1449]], FeedbackDTO[id=961, text=null, detailText=The exercise expects a class with the name SortStrategy in the package testpackage. You did not implement the class in the exercise., hasLongFeedbackText=false, reference=null, credits=0.0, positive=false, type=AUTOMATIC, visibility=ALWAYS, testCase=TestCaseDTO[testName=null, id=1450]], FeedbackDTO[id=962, text=null, detailText=The class 'MergeSort' does not implement the interface 'SortStrategy' as expected. Implement the interface and its methods., hasLongFeedbackText=false, reference=null, credits=0.0, positive=false, type=AUTOMATIC, visibility=ALWAYS, testCase=TestCaseDTO[testName=null, id=1445]], FeedbackDTO[id=963, text=null, detailText=The exercise expects a class with the name SortStrategy in the package testpackage. You did not implement the class in the exercise., hasLongFeedbackText=false, reference=null, credits=0.0, positive=false, type=AUTOMATIC, visibility=ALWAYS, testCase=TestCaseDTO[testName=null, id=1442]], FeedbackDTO[id=964, text=null, detailText=The class 'BubbleSort' does not implement the interface 'SortStrategy' as expected. Implement the interface and its methods., hasLongFeedbackText=false, reference=null, credits=0.0, positive=false, type=AUTOMATIC, visibility=ALWAYS, testCase=TestCaseDTO[testName=null, id=1446]], FeedbackDTO[id=965, text=null, detailText=MergeSort does not sort correctly, hasLongFeedbackText=false, reference=null, credits=0.0, positive=false, type=AUTOMATIC, visibility=ALWAYS, testCase=TestCaseDTO[testName=null, id=1451]], FeedbackDTO[id=966, text=null, detailText=The class 'Context' was not found within the submission. Make sure to implement it properly., hasLongFeedbackText=false, reference=null, credits=0.0, positive=false, type=AUTOMATIC, visibility=ALWAYS, testCase=TestCaseDTO[testName=null, id=1452]], FeedbackDTO[id=967, text=null, detailText=The class 'Context' was not found within the submission. Make sure to implement it properly., hasLongFeedbackText=false, reference=null, credits=0.0, positive=false, type=AUTOMATIC, visibility=ALWAYS, testCase=TestCaseDTO[testName=null, id=1453]], FeedbackDTO[id=968, text=null, detailText=The exercise expects a class with the name Policy in the package testpackage. You did not implement the class in the exercise., hasLongFeedbackText=false, reference=null, credits=0.0, positive=false, type=AUTOMATIC, visibility=ALWAYS, testCase=TestCaseDTO[testName=null, id=1447]], FeedbackDTO[id=969, text=null, detailText=The exercise expects a class with the name Context in the package testpackage. You did not implement the class in the exercise., hasLongFeedbackText=false, reference=null, credits=0.0, positive=false, type=AUTOMATIC, visibility=ALWAYS, testCase=TestCaseDTO[testName=null, id=1443]], FeedbackDTO[id=970, text=null, detailText=The exercise expects a class with the name Policy in the package testpackage. You did not implement the class in the exercise., hasLongFeedbackText=false, reference=null, credits=0.0, positive=false, type=AUTOMATIC, visibility=ALWAYS, testCase=TestCaseDTO[testName=null, id=1444]], FeedbackDTO[id=971, text=null, detailText=null, hasLongFeedbackText=false, reference=null, credits=3.230769230769231, positive=true, type=AUTOMATIC, visibility=ALWAYS, testCase=TestCaseDTO[testName=null, id=1454]]], assessmentType=AUTOMATIC, hasComplaint=null, exampleResult=null, testCaseCount=13, passedTestCaseCount=1, codeIssueCount=0]], BuildJobQueueItem[id=20271739576746886, name=SHORT0FC863930E92904248098A506171F81CF6CFTSTEXC-SOLUTION, buildAgent=BuildAgentDTO[name=artemis-build-agent-test, memberAddress=[127.0.0.1]:5703, displayName=artemis-build-agent-test], participationId=2027, courseId=992, exerciseId=2609, retryCount=0, priority=2, status=SUCCESSFUL, repositoryInfo=RepositoryInfo[repositoryName=short0fc863930e92904248098a506171f81cf6cftstexc-solution, repositoryType=solution, triggeredByPushTo=auxiliary, assignmentRepositoryUri=http://localhost:49152/git/SHORT0FC863930E92904248098A506171F81CF6CFTSTEXC/short0fc863930e92904248098a506171f81cf6cftstexc-solution.git, testRepositoryUri=http://localhost:49152/git/SHORT0FC863930E92904248098A506171F81CF6CFTSTEXC/short0fc863930e92904248098a506171f81cf6cftstexc-tests.git, solutionRepositoryUri=null, auxiliaryRepositoryUris=[Ljava.lang.String;@6f33d868, auxiliaryRepositoryCheckoutDirectories=[Ljava.lang.String;@13749987], jobTimingInfo=JobTimingInfo[submissionDate=2025-02-14T23:45:46.886984066Z[Etc/UTC], buildStartDate=2025-02-14T23:45:46.897709578Z[Etc/UTC], buildCompletionDate=2025-02-14T23:45:48.628460156Z[Etc/UTC], estimatedCompletionDate=2025-02-14T23:46:05.897701272Z[Etc/UTC], estimatedDuration=19], buildConfig=BuildConfig[buildScript=#!/bin/bash
cd /var/tmp/testing-dir
chmod +x ./gradlew
./gradlew clean test
, dockerImage=dummy-docker-image:latest, commitHashToBuild=null, assignmentCommitHash=115a2e943bee242fdad360b50d8ad5f30792577e, testCommitHash=9b3a9bd71a0d80e5bbc42204c319ed3d1d4f0d6d, branch=main, programmingLanguage=JAVA, projectType=PLAIN_GRADLE, scaEnabled=false, sequentialTestRunsEnabled=false, resultPaths=[/var/tmp/testing-dir/**/test-results/test/*.xml], timeoutSeconds=0, assignmentCheckoutPath=null, testCheckoutPath=null, solutionCheckoutPath=null, dockerRunConfig=null], submissionResult=ResultDTO[id=636, completionDate=2025-02-14T23:45:48.593370968Z[Etc/UTC], successful=true, score=100.0, rated=true, submission=SubmissionDTO[id=830, submitted=true, type=TEST, exampleSubmission=null, submissionDate=2025-02-14T23:45:46.873671Z, commitHash=9b3a9bd71a0d80e5bbc42204c319ed3d1d4f0d6d, buildFailed=false, buildArtifact=false, participation=ParticipationDTO[id=2027, testRun=false, type=solution, submissionCount=null, exercise=ParticipationExerciseDTO[id=2609, exerciseType=PROGRAMMING, type=programming, assessmentType=AUTOMATIC, dueDate=2025-02-16T23:45:46.386304Z, assessmentDueDate=null, maxPoints=42.0, course=CourseDTO[id=992, accuracyOfScores=1]]], submissionExerciseType=programming, isProcessing=false, buildStartDate=null, estimatedCompletionDate=null], participation=ParticipationDTO[id=2027, testRun=false, type=solution, submissionCount=null, exercise=ParticipationExerciseDTO[id=2609, exerciseType=PROGRAMMING, type=programming, assessmentType=AUTOMATIC, dueDate=2025-02-16T23:45:46.386304Z, assessmentDueDate=null, maxPoints=42.0, course=CourseDTO[id=992, accuracyOfScores=1]]], feedbacks=[FeedbackDTO[id=972, text=null, detailText=null, hasLongFeedbackText=false, reference=null, credits=3.230769230769231, positive=true, type=AUTOMATIC, visibility=ALWAYS, testCase=TestCaseDTO[testName=testMethods[Context], id=1461]], FeedbackDTO[id=973, text=null, detailText=null, hasLongFeedbackText=false, reference=null, credits=3.230769230769231, positive=true, type=AUTOMATIC, visibility=ALWAYS, testCase=TestCaseDTO[testName=testMethods[Policy], id=1462]], FeedbackDTO[id=974, text=null, detailText=null, hasLongFeedbackText=false, reference=null, credits=3.230769230769231, positive=true, type=AUTOMATIC, visibility=ALWAYS, testCase=TestCaseDTO[testName=testMethods[SortStrategy], id=1463]], FeedbackDTO[id=975, text=null, detailText=null, hasLongFeedbackText=false, reference=null, credits=3.230769230769231, positive=true, type=AUTOMATIC, visibility=ALWAYS, testCase=TestCaseDTO[testName=testClass[MergeSort], id=1458]], FeedbackDTO[id=976, text=null, detailText=null, hasLongFeedbackText=false, reference=null, credits=3.230769230769231, positive=true, type=AUTOMATIC, visibility=ALWAYS, testCase=TestCaseDTO[testName=testClass[SortStrategy], id=1455]], FeedbackDTO[id=977, text=null, detailText=null, hasLongFeedbackText=false, reference=null, credits=3.230769230769231, positive=true, type=AUTOMATIC, visibility=ALWAYS, testCase=TestCaseDTO[testName=testClass[BubbleSort], id=1459]], FeedbackDTO[id=978, text=null, detailText=null, hasLongFeedbackText=false, reference=null, credits=3.230769230769231, positive=true, type=AUTOMATIC, visibility=ALWAYS, testCase=TestCaseDTO[testName=testMergeSort(), id=1464]], FeedbackDTO[id=979, text=null, detailText=null, hasLongFeedbackText=false, reference=null, credits=3.230769230769231, positive=true, type=AUTOMATIC, visibility=ALWAYS, testCase=TestCaseDTO[testName=testUseBubbleSortForSmallList(), id=1465]], FeedbackDTO[id=980, text=null, detailText=null, hasLongFeedbackText=false, reference=null, credits=3.230769230769231, positive=true, type=AUTOMATIC, visibility=ALWAYS, testCase=TestCaseDTO[testName=testBubbleSort(), id=1467]], FeedbackDTO[id=981, text=null, detailText=null, hasLongFeedbackText=false, reference=null, credits=3.230769230769231, positive=true, type=AUTOMATIC, visibility=ALWAYS, testCase=TestCaseDTO[testName=testUseMergeSortForBigList(), id=1466]], FeedbackDTO[id=982, text=null, detailText=null, hasLongFeedbackText=false, reference=null, credits=3.230769230769231, positive=true, type=AUTOMATIC, visibility=ALWAYS, testCase=TestCaseDTO[testName=testConstructors[Policy], id=1460]], FeedbackDTO[id=983, text=null, detailText=null, hasLongFeedbackText=false, reference=null, credits=3.230769230769231, positive=true, type=AUTOMATIC, visibility=ALWAYS, testCase=TestCaseDTO[testName=testAttributes[Context], id=1456]], FeedbackDTO[id=984, text=null, detailText=null, hasLongFeedbackText=false, reference=null, credits=3.230769230769231, positive=true, type=AUTOMATIC, visibility=ALWAYS, testCase=TestCaseDTO[testName=testAttributes[Policy], id=1457]]], assessmentType=AUTOMATIC, hasComplaint=null, exampleResult=null, testCaseCount=13, passedTestCaseCount=13, codeIssueCount=0]], BuildJobQueueItem[id=20281739576748768, name=SHORT0FC863930E92904248098A506171F81CF6CFTSTEXC-BASE, buildAgent=BuildAgentDTO[name=artemis-build-agent-test, memberAddress=[127.0.0.1]:5703, displayName=artemis-build-agent-test], participationId=2028, courseId=992, exerciseId=2609, retryCount=0, priority=2, status=SUCCESSFUL, repositoryInfo=RepositoryInfo[repositoryName=short0fc863930e92904248098a506171f81cf6cftstexc-exercise, repositoryType=exercise, triggeredByPushTo=auxiliary, assignmentRepositoryUri=http://localhost:49152/git/SHORT0FC863930E92904248098A506171F81CF6CFTSTEXC/short0fc863930e92904248098a506171f81cf6cftstexc-exercise.git, testRepositoryUri=http://localhost:49152/git/SHORT0FC863930E92904248098A506171F81CF6CFTSTEXC/short0fc863930e92904248098a506171f81cf6cftstexc-tests.git, solutionRepositoryUri=null, auxiliaryRepositoryUris=[Ljava.lang.String;@b3eb5d8, auxiliaryRepositoryCheckoutDirectories=[Ljava.lang.String;@13ff46d8], jobTimingInfo=JobTimingInfo[submissionDate=2025-02-14T23:45:48.768063548Z[Etc/UTC], buildStartDate=2025-02-14T23:45:48.802531989Z[Etc/UTC], buildCompletionDate=2025-02-14T23:45:50.482681367Z[Etc/UTC], estimatedCompletionDate=2025-02-14T23:45:50.802523092Z[Etc/UTC], estimatedDuration=2], buildConfig=BuildConfig[buildScript=#!/bin/bash
cd /var/tmp/testing-dir
chmod +x ./gradlew
./gradlew clean test
, dockerImage=dummy-docker-image:latest, commitHashToBuild=9b3a9bd71a0d80e5bbc42204c319ed3d1d4f0d6d, assignmentCommitHash=115a2e943bee242fdad360b50d8ad5f30792577e, testCommitHash=9b3a9bd71a0d80e5bbc42204c319ed3d1d4f0d6d, branch=main, programmingLanguage=JAVA, projectType=PLAIN_GRADLE, scaEnabled=false, sequentialTestRunsEnabled=false, resultPaths=[/var/tmp/testing-dir/**/test-results/test/*.xml], timeoutSeconds=0, assignmentCheckoutPath=null, testCheckoutPath=null, solutionCheckoutPath=null, dockerRunConfig=null], submissionResult=ResultDTO[id=637, completionDate=2025-02-14T23:45:50.449084694Z[Etc/UTC], successful=false, score=0.0, rated=true, submission=SubmissionDTO[id=831, submitted=true, type=TEST, exampleSubmission=null, submissionDate=2025-02-14T23:45:48.761177Z, commitHash=9b3a9bd71a0d80e5bbc42204c319ed3d1d4f0d6d, buildFailed=false, buildArtifact=false, participation=ParticipationDTO[id=2028, testRun=false, type=template, submissionCount=null, exercise=ParticipationExerciseDTO[id=2609, exerciseType=PROGRAMMING, type=programming, assessmentType=AUTOMATIC, dueDate=2025-02-16T23:45:46.386304Z, assessmentDueDate=null, maxPoints=42.0, course=CourseDTO[id=992, accuracyOfScores=1]]], submissionExerciseType=programming, isProcessing=false, buildStartDate=null, estimatedCompletionDate=null], participation=ParticipationDTO[id=2028, testRun=false, type=template, submissionCount=null, exercise=ParticipationExerciseDTO[id=2609, exerciseType=PROGRAMMING, type=programming, assessmentType=AUTOMATIC, dueDate=2025-02-16T23:45:46.386304Z, assessmentDueDate=null, maxPoints=42.0, course=CourseDTO[id=992, accuracyOfScores=1]]], feedbacks=[FeedbackDTO[id=985, text=null, detailText=The exercise expects a class with the name Context in the package testpackage. You did not implement the class in the exercise., hasLongFeedbackText=false, reference=null, credits=0.0, positive=false, type=AUTOMATIC, visibility=ALWAYS, testCase=TestCaseDTO[testName=testMethods[Context], id=1461]], FeedbackDTO[id=986, text=null, detailText=The exercise expects a class with the name Policy in the package testpackage. You did not implement the class in the exercise., hasLongFeedbackText=false, reference=null, credits=0.0, positive=false, type=AUTOMATIC, visibility=ALWAYS, testCase=TestCaseDTO[testName=testMethods[Policy], id=1462]], FeedbackDTO[id=987, text=null, detailText=The exercise expects a class with the name SortStrategy in the package testpackage. You did not implement the class in the exercise., hasLongFeedbackText=false, reference=null, credits=0.0, positive=false, type=AUTOMATIC, visibility=ALWAYS, testCase=TestCaseDTO[testName=testMethods[SortStrategy], id=1463]], FeedbackDTO[id=988, text=null, detailText=The class 'MergeSort' does not implement the interface 'SortStrategy' as expected. Implement the interface and its methods., hasLongFeedbackText=false, reference=null, credits=0.0, positive=false, type=AUTOMATIC, visibility=ALWAYS, testCase=TestCaseDTO[testName=testClass[MergeSort], id=1458]], FeedbackDTO[id=989, text=null, detailText=The exercise expects a class with the name SortStrategy in the package testpackage. You did not implement the class in the exercise., hasLongFeedbackText=false, reference=null, credits=0.0, positive=false, type=AUTOMATIC, visibility=ALWAYS, testCase=TestCaseDTO[testName=testClass[SortStrategy], id=1455]], FeedbackDTO[id=990, text=null, detailText=The class 'BubbleSort' does not implement the interface 'SortStrategy' as expected. Implement the interface and its methods., hasLongFeedbackText=false, reference=null, credits=0.0, positive=false, type=AUTOMATIC, visibility=ALWAYS, testCase=TestCaseDTO[testName=testClass[BubbleSort], id=1459]], FeedbackDTO[id=991, text=null, detailText=MergeSort does not sort correctly, hasLongFeedbackText=false, reference=null, credits=0.0, positive=false, type=AUTOMATIC, visibility=ALWAYS, testCase=TestCaseDTO[testName=testMergeSort(), id=1464]], FeedbackDTO[id=992, text=null, detailText=The class 'Context' was not found within the submission. Make sure to implement it properly., hasLongFeedbackText=false, reference=null, credits=0.0, positive=false, type=AUTOMATIC, visibility=ALWAYS, testCase=TestCaseDTO[testName=testUseBubbleSortForSmallList(), id=1465]], FeedbackDTO[id=993, text=null, detailText=BubbleSort does not sort correctly, hasLongFeedbackText=false, reference=null, credits=0.0, positive=false, type=AUTOMATIC, visibility=ALWAYS, testCase=TestCaseDTO[testName=testBubbleSort(), id=1467]], FeedbackDTO[id=994, text=null, detailText=The class 'Context' was not found within the submission. Make sure to implement it properly., hasLongFeedbackText=false, reference=null, credits=0.0, positive=false, type=AUTOMATIC, visibility=ALWAYS, testCase=TestCaseDTO[testName=testUseMergeSortForBigList(), id=1466]], FeedbackDTO[id=995, text=null, detailText=The exercise expects a class with the name Policy in the package testpackage. You did not implement the class in the exercise., hasLongFeedbackText=false, reference=null, credits=0.0, positive=false, type=AUTOMATIC, visibility=ALWAYS, testCase=TestCaseDTO[testName=testConstructors[Policy], id=1460]], FeedbackDTO[id=996, text=null, detailText=The exercise expects a class with the name Context in the package testpackage. You did not implement the class in the exercise., hasLongFeedbackText=false, reference=null, credits=0.0, positive=false, type=AUTOMATIC, visibility=ALWAYS, testCase=TestCaseDTO[testName=testAttributes[Context], id=1456]], FeedbackDTO[id=997, text=null, detailText=The exercise expects a class with the name Policy in the package testpackage. You did not implement the class in the exercise., hasLongFeedbackText=false, reference=null, credits=0.0, positive=false, type=AUTOMATIC, visibility=ALWAYS, testCase=TestCaseDTO[testName=testAttributes[Policy], id=1457]]], assessmentType=AUTOMATIC, hasComplaint=null, exampleResult=null, testCaseCount=13, passedTestCaseCount=0, codeIssueCount=0]], BuildJobQueueItem[id=20291739576751299, name=SHORT716C2EC10B19B049C80A2F00B97EAB20B2A9TSTEXC-SOLUTION, buildAgent=BuildAgentDTO[name=artemis-build-agent-test, memberAddress=[127.0.0.1]:5703, displayName=artemis-build-agent-test], participationId=2029, courseId=993, exerciseId=2610, retryCount=0, priority=2, status=SUCCESSFUL, repositoryInfo=RepositoryInfo[repositoryName=short716c2ec10b19b049c80a2f00b97eab20b2a9tstexc-solution, repositoryType=solution, triggeredByPushTo=tests, assignmentRepositoryUri=http://localhost:49152/git/SHORT716C2EC10B19B049C80A2F00B97EAB20B2A9TSTEXC/short716c2ec10b19b049c80a2f00b97eab20b2a9tstexc-solution.git, testRepositoryUri=http://localhost:49152/git/SHORT716C2EC10B19B049C80A2F00B97EAB20B2A9TSTEXC/short716c2ec10b19b049c80a2f00b97eab20b2a9tstexc-tests.git, solutionRepositoryUri=null, auxiliaryRepositoryUris=[Ljava.lang.String;@62fe3c57, auxiliaryRepositoryCheckoutDirectories=[Ljava.lang.String;@55f1292e], jobTimingInfo=JobTimingInfo[submissionDate=2025-02-14T23:45:51.299892174Z[Etc/UTC], buildStartDate=2025-02-14T23:45:51.314028505Z[Etc/UTC], buildCompletionDate=2025-02-14T23:45:52.158312850Z[Etc/UTC], estimatedCompletionDate=2025-02-14T23:46:10.314021752Z[Etc/UTC], estimatedDuration=19], buildConfig=BuildConfig[buildScript=#!/bin/bash
cd /var/tmp/testing-dir
chmod +x ./gradlew
./gradlew clean test
, dockerImage=dummy-docker-image:latest, commitHashToBuild=1e531733ed6e9237f710b528d1eb0b7beac565fd, assignmentCommitHash=815e279f12ad296b4f24c44134a07293c04c010f, testCommitHash=1e531733ed6e9237f710b528d1eb0b7beac565fd, branch=main, programmingLanguage=JAVA, projectType=PLAIN_GRADLE, scaEnabled=false, sequentialTestRunsEnabled=false, resultPaths=[/var/tmp/testing-dir/**/test-results/test/*.xml], timeoutSeconds=0, assignmentCheckoutPath=null, testCheckoutPath=null, solutionCheckoutPath=null, dockerRunConfig=null], submissionResult=ResultDTO[id=638, completionDate=2025-02-14T23:45:52.146826070Z[Etc/UTC], successful=true, score=100.0, rated=true, submission=SubmissionDTO[id=832, submitted=true, type=TEST, exampleSubmission=null, submissionDate=2025-02-14T23:45:51.275713Z, commitHash=1e531733ed6e9237f710b528d1eb0b7beac565fd, buildFailed=false, buildArtifact=false, participation=ParticipationDTO[id=2029, testRun=false, type=solution, submissionCount=null, exercise=ParticipationExerciseDTO[id=2610, exerciseType=PROGRAMMING, type=programming, assessmentType=AUTOMATIC, dueDate=2025-02-16T23:45:50.869093Z, assessmentDueDate=null, maxPoints=42.0, course=CourseDTO[id=993, accuracyOfScores=1]]], submissionExerciseType=programming, isProcessing=false, buildStartDate=null, estimatedCompletionDate=null], participation=ParticipationDTO[id=2029, testRun=false, type=solution, submissionCount=null, exercise=ParticipationExerciseDTO[id=2610, exerciseType=PROGRAMMING, type=programming, assessmentType=AUTOMATIC, dueDate=2025-02-16T23:45:50.869093Z, assessmentDueDate=null, maxPoints=42.0, course=CourseDTO[id=993, accuracyOfScores=1]]], feedbacks=[FeedbackDTO[id=998, text=null, detailText=null, hasLongFeedbackText=false, reference=null, credits=3.230769230769231, positive=true, type=AUTOMATIC, visibility=ALWAYS, testCase=TestCaseDTO[testName=testMethods[Context], id=1474]], FeedbackDTO[id=999, text=null, detailText=null, hasLongFeedbackText=false, reference=null, credits=3.230769230769231, positive=true, type=AUTOMATIC, visibility=ALWAYS, testCase=TestCaseDTO[testName=testMethods[Policy], id=1475]], FeedbackDTO[id=1000, text=null, detailText=null, hasLongFeedbackText=false, reference=null, credits=3.230769230769231, positive=true, type=AUTOMATIC, visibility=ALWAYS, testCase=TestCaseDTO[testName=testMethods[SortStrategy], id=1476]], FeedbackDTO[id=1001, text=null, detailText=null, hasLongFeedbackText=false, reference=null, credits=3.230769230769231, positive=true, type=AUTOMATIC, visibility=ALWAYS, testCase=TestCaseDTO[testName=testClass[MergeSort], id=1471]], FeedbackDTO[id=1002, text=null, detailText=null, hasLongFeedbackText=false, reference=null, credits=3.230769230769231, positive=true, type=AUTOMATIC, visibility=ALWAYS, testCase=TestCaseDTO[testName=testClass[SortStrategy], id=1468]], FeedbackDTO[id=1003, text=null, detailText=null, hasLongFeedbackText=false, reference=null, credits=3.230769230769231, positive=true, type=AUTOMATIC, visibility=ALWAYS, testCase=TestCaseDTO[testName=testClass[BubbleSort], id=1472]], FeedbackDTO[id=1004, text=null, detailText=null, hasLongFeedbackText=false, reference=null, credits=3.230769230769231, positive=true, type=AUTOMATIC, visibility=ALWAYS, testCase=TestCaseDTO[testName=testMergeSort(), id=1477]], FeedbackDTO[id=1005, text=null, detailText=null, hasLongFeedbackText=false, reference=null, credits=3.230769230769231, positive=true, type=AUTOMATIC, visibility=ALWAYS, testCase=TestCaseDTO[testName=testUseBubbleSortForSmallList(), id=1478]], FeedbackDTO[id=1006, text=null, detailText=null, hasLongFeedbackText=false, reference=null, credits=3.230769230769231, positive=true, type=AUTOMATIC, visibility=ALWAYS, testCase=TestCaseDTO[testName=testBubbleSort(), id=1480]], FeedbackDTO[id=1007, text=null, detailText=null, hasLongFeedbackText=false, reference=null, credits=3.230769230769231, positive=true, type=AUTOMATIC, visibility=ALWAYS, testCase=TestCaseDTO[testName=testUseMergeSortForBigList(), id=1479]], FeedbackDTO[id=1008, text=null, detailText=null, hasLongFeedbackText=false, reference=null, credits=3.230769230769231, positive=true, type=AUTOMATIC, visibility=ALWAYS, testCase=TestCaseDTO[testName=testConstructors[Policy], id=1473]], FeedbackDTO[id=1009, text=null, detailText=null, hasLongFeedbackText=false, reference=null, credits=3.230769230769231, positive=true, type=AUTOMATIC, visibility=ALWAYS, testCase=TestCaseDTO[testName=testAttributes[Context], id=1469]], FeedbackDTO[id=1010, text=null, detailText=null, hasLongFeedbackText=false, reference=null, credits=3.230769230769231, positive=true, type=AUTOMATIC, visibility=ALWAYS, testCase=TestCaseDTO[testName=testAttributes[Policy], id=1470]]], assessmentType=AUTOMATIC, hasComplaint=null, exampleResult=null, testCaseCount=13, passedTestCaseCount=13, codeIssueCount=0]], BuildJobQueueItem[id=20301739576752239, name=SHORT716C2EC10B19B049C80A2F00B97EAB20B2A9TSTEXC-BASE, buildAgent=BuildAgentDTO[name=artemis-build-agent-test, memberAddress=[127.0.0.1]:5703, displayName=artemis-build-agent-test], participationId=2030, courseId=993, exerciseId=2610, retryCount=0, priority=2, status=SUCCESSFUL, repositoryInfo=RepositoryInfo[repositoryName=short716c2ec10b19b049c80a2f00b97eab20b2a9tstexc-exercise, repositoryType=exercise, triggeredByPushTo=tests, assignmentRepositoryUri=http://localhost:49152/git/SHORT716C2EC10B19B049C80A2F00B97EAB20B2A9TSTEXC/short716c2ec10b19b049c80a2f00b97eab20b2a9tstexc-exercise.git, testRepositoryUri=http://localhost:49152/git/SHORT716C2EC10B19B049C80A2F00B97EAB20B2A9TSTEXC/short716c2ec10b19b049c80a2f00b97eab20b2a9tstexc-tests.git, solutionRepositoryUri=null, auxiliaryRepositoryUris=[Ljava.lang.String;@2b1fd63d, auxiliaryRepositoryCheckoutDirectories=[Ljava.lang.String;@42bf8c00], jobTimingInfo=JobTimingInfo[submissionDate=2025-02-14T23:45:52.239402475Z[Etc/UTC], buildStartDate=2025-02-14T23:45:52.258713639Z[Etc/UTC], buildCompletionDate=2025-02-14T23:45:53.238773956Z[Etc/UTC], estimatedCompletionDate=2025-02-14T23:45:53.258707428Z[Etc/UTC], estimatedDuration=1], buildConfig=BuildConfig[buildScript=#!/bin/bash
cd /var/tmp/testing-dir
chmod +x ./gradlew
./gradlew clean test
, dockerImage=dummy-docker-image:latest, commitHashToBuild=1e531733ed6e9237f710b528d1eb0b7beac565fd, assignmentCommitHash=815e279f12ad296b4f24c44134a07293c04c010f, testCommitHash=1e531733ed6e9237f710b528d1eb0b7beac565fd, branch=main, programmingLanguage=JAVA, projectType=PLAIN_GRADLE, scaEnabled=false, sequentialTestRunsEnabled=false, resultPaths=[/var/tmp/testing-dir/**/test-results/test/*.xml], timeoutSeconds=0, assignmentCheckoutPath=null, testCheckoutPath=null, solutionCheckoutPath=null, dockerRunConfig=null], submissionResult=ResultDTO[id=639, completionDate=2025-02-14T23:45:53.225806205Z[Etc/UTC], successful=false, score=0.0, rated=true, submission=SubmissionDTO[id=833, submitted=true, type=TEST, exampleSubmission=null, submissionDate=2025-02-14T23:45:52.237179Z, commitHash=1e531733ed6e9237f710b528d1eb0b7beac565fd, buildFailed=false, buildArtifact=false, participation=ParticipationDTO[id=2030, testRun=false, type=template, submissionCount=null, exercise=ParticipationExerciseDTO[id=2610, exerciseType=PROGRAMMING, type=programming, assessmentType=AUTOMATIC, dueDate=2025-02-16T23:45:50.869093Z, assessmentDueDate=null, maxPoints=42.0, course=CourseDTO[id=993, accuracyOfScores=1]]], submissionExerciseType=programming, isProcessing=false, buildStartDate=null, estimatedCompletionDate=null], participation=ParticipationDTO[id=2030, testRun=false, type=template, submissionCount=null, exercise=ParticipationExerciseDTO[id=2610, exerciseType=PROGRAMMING, type=programming, assessmentType=AUTOMATIC, dueDate=2025-02-16T23:45:50.869093Z, assessmentDueDate=null, maxPoints=42.0, course=CourseDTO[id=993, accuracyOfScores=1]]], feedbacks=[FeedbackDTO[id=1011, text=null, detailText=The exercise expects a class with the name Context in the package testpackage. You did not implement the class in the exercise., hasLongFeedbackText=false, reference=null, credits=0.0, positive=false, type=AUTOMATIC, visibility=ALWAYS, testCase=TestCaseDTO[testName=testMethods[Context], id=1474]], FeedbackDTO[id=1012, text=null, detailText=The exercise expects a class with the name Policy in the package testpackage. You did not implement the class in the exercise., hasLongFeedbackText=false, reference=null, credits=0.0, positive=false, type=AUTOMATIC, visibility=ALWAYS, testCase=TestCaseDTO[testName=testMethods[Policy], id=1475]], FeedbackDTO[id=1013, text=null, detailText=The exercise expects a class with the name SortStrategy in the package testpackage. You did not implement the class in the exercise., hasLongFeedbackText=false, reference=null, credits=0.0, positive=false, type=AUTOMATIC, visibility=ALWAYS, testCase=TestCaseDTO[testName=testMethods[SortStrategy], id=1476]], FeedbackDTO[id=1014, text=null, detailText=The class 'MergeSort' does not implement the interface 'SortStrategy' as expected. Implement the interface and its methods., hasLongFeedbackText=false, reference=null, credits=0.0, positive=false, type=AUTOMATIC, visibility=ALWAYS, testCase=TestCaseDTO[testName=testClass[MergeSort], id=1471]], FeedbackDTO[id=1015, text=null, detailText=The exercise expects a class with the name SortStrategy in the package testpackage. You did not implement the class in the exercise., hasLongFeedbackText=false, reference=null, credits=0.0, positive=false, type=AUTOMATIC, visibility=ALWAYS, testCase=TestCaseDTO[testName=testClass[SortStrategy], id=1468]], FeedbackDTO[id=1016, text=null, detailText=The class 'BubbleSort' does not implement the interface 'SortStrategy' as expected. Implement the interface and its methods., hasLongFeedbackText=false, reference=null, credits=0.0, positive=false, type=AUTOMATIC, visibility=ALWAYS, testCase=TestCaseDTO[testName=testClass[BubbleSort], id=1472]], FeedbackDTO[id=1017, text=null, detailText=MergeSort does not sort correctly, hasLongFeedbackText=false, reference=null, credits=0.0, positive=false, type=AUTOMATIC, visibility=ALWAYS, testCase=TestCaseDTO[testName=testMergeSort(), id=1477]], FeedbackDTO[id=1018, text=null, detailText=The class 'Context' was not found within the submission. Make sure to implement it properly., hasLongFeedbackText=false, reference=null, credits=0.0, positive=false, type=AUTOMATIC, visibility=ALWAYS, testCase=TestCaseDTO[testName=testUseBubbleSortForSmallList(), id=1478]], FeedbackDTO[id=1019, text=null, detailText=BubbleSort does not sort correctly, hasLongFeedbackText=false, reference=null, credits=0.0, positive=false, type=AUTOMATIC, visibility=ALWAYS, testCase=TestCaseDTO[testName=testBubbleSort(), id=1480]], FeedbackDTO[id=1020, text=null, detailText=The class 'Context' was not found within the submission. Make sure to implement it properly., hasLongFeedbackText=false, reference=null, credits=0.0, positive=false, type=AUTOMATIC, visibility=ALWAYS, testCase=TestCaseDTO[testName=testUseMergeSortForBigList(), id=1479]], FeedbackDTO[id=1021, text=null, detailText=The exercise expects a class with the name Policy in the package testpackage. You did not implement the class in the exercise., hasLongFeedbackText=false, reference=null, credits=0.0, positive=false, type=AUTOMATIC, visibility=ALWAYS, testCase=TestCaseDTO[testName=testConstructors[Policy], id=1473]], FeedbackDTO[id=1022, text=null, detailText=The exercise expects a class with the name Context in the package testpackage. You did not implement the class in the exercise., hasLongFeedbackText=false, reference=null, credits=0.0, positive=false, type=AUTOMATIC, visibility=ALWAYS, testCase=TestCaseDTO[testName=testAttributes[Context], id=1469]], FeedbackDTO[id=1023, text=null, detailText=The exercise expects a class with the name Policy in the package testpackage. You did not implement the class in the exercise., hasLongFeedbackText=false, reference=null, credits=0.0, positive=false, type=AUTOMATIC, visibility=ALWAYS, testCase=TestCaseDTO[testName=testAttributes[Policy], id=1470]]], assessmentType=AUTOMATIC, hasComplaint=null, exampleResult=null, testCaseCount=13, passedTestCaseCount=0, codeIssueCount=0]], BuildJobQueueItem[id=20391739576754750, name=SHORT3A680734092E404EF80A4C60FBC1E408F7D0TSTEXC-LOCALVCCIINTSTUDENT1, buildAgent=BuildAgentDTO[name=artemis-build-agent-test, memberAddress=[127.0.0.1]:5703, displayName=artemis-build-agent-test], participationId=2039, courseId=996, exerciseId=2613, retryCount=0, priority=2, status=SUCCESSFUL, repositoryInfo=RepositoryInfo[repositoryName=short3a680734092e404ef80a4c60fbc1e408f7d0tstexc-localvcciintstudent1, repositoryType=user, triggeredByPushTo=user, assignmentRepositoryUri=http://localhost:49152/git/SHORT3A680734092E404EF80A4C60FBC1E408F7D0TSTEXC/short3a680734092e404ef80a4c60fbc1e408f7d0tstexc-localvcciintstudent1.git, testRepositoryUri=http://localhost:49152/git/SHORT3A680734092E404EF80A4C60FBC1E408F7D0TSTEXC/short3a680734092e404ef80a4c60fbc1e408f7d0tstexc-tests.git, solutionRepositoryUri=null, auxiliaryRepositoryUris=[Ljava.lang.String;@51300c84, auxiliaryRepositoryCheckoutDirectories=[Ljava.lang.String;@dd4e7d5], jobTimingInfo=JobTimingInfo[submissionDate=2025-02-14T23:45:54.750657185Z[Etc/UTC], buildStartDate=2025-02-14T23:45:54.765232948Z[Etc/UTC], buildCompletionDate=2025-02-14T23:45:55.645844970Z[Etc/UTC], estimatedCompletionDate=2025-02-14T23:46:13.765225363Z[Etc/UTC], estimatedDuration=19], buildConfig=BuildConfig[buildScript=#!/bin/bash
cd /var/tmp/testing-dir
chmod +x ./gradlew
./gradlew clean test
, dockerImage=dummy-docker-image:latest, commitHashToBuild=9344436f8d5a5ce3aa40215562db211ed501371f, assignmentCommitHash=9344436f8d5a5ce3aa40215562db211ed501371f, testCommitHash=ff421c3651ec230fed2f20f72c2901ae372be06a, branch=main, programmingLanguage=JAVA, projectType=PLAIN_GRADLE, scaEnabled=false, sequentialTestRunsEnabled=false, resultPaths=[/var/tmp/testing-dir/**/test-results/test/*.xml], timeoutSeconds=0, assignmentCheckoutPath=null, testCheckoutPath=null, solutionCheckoutPath=null, dockerRunConfig=null], submissionResult=ResultDTO[id=640, completionDate=2025-02-14T23:45:55.628250079Z[Etc/UTC], successful=false, score=7.7, rated=true, submission=SubmissionDTO[id=834, submitted=true, type=MANUAL, exampleSubmission=null, submissionDate=2025-02-14T23:45:54.732007Z, commitHash=9344436f8d5a5ce3aa40215562db211ed501371f, buildFailed=false, buildArtifact=false, participation=ParticipationDTO[id=2039, testRun=false, type=programming, submissionCount=null, exercise=ParticipationExerciseDTO[id=2613, exerciseType=PROGRAMMING, type=programming, assessmentType=AUTOMATIC, dueDate=2025-02-16T23:45:54.546562Z, assessmentDueDate=null, maxPoints=42.0, course=CourseDTO[id=996, accuracyOfScores=1]]], submissionExerciseType=programming, isProcessing=false, buildStartDate=null, estimatedCompletionDate=null], participation=ParticipationDTO[id=2039, testRun=false, type=programming, submissionCount=null, exercise=ParticipationExerciseDTO[id=2613, exerciseType=PROGRAMMING, type=programming, assessmentType=AUTOMATIC, dueDate=2025-02-16T23:45:54.546562Z, assessmentDueDate=null, maxPoints=42.0, course=CourseDTO[id=996, accuracyOfScores=1]]], feedbacks=[FeedbackDTO[id=1024, text=null, detailText=The exercise expects a class with the name Context in the package testpackage. You did not implement the class in the exercise., hasLongFeedbackText=false, reference=null, credits=0.0, positive=false, type=AUTOMATIC, visibility=ALWAYS, testCase=TestCaseDTO[testName=null, id=1513]], FeedbackDTO[id=1025, text=null, detailText=The exercise expects a class with the name Policy in the package testpackage. You did not implement the class in the exercise., hasLongFeedbackText=false, reference=null, credits=0.0, positive=false, type=AUTOMATIC, visibility=ALWAYS, testCase=TestCaseDTO[testName=null, id=1514]], FeedbackDTO[id=1026, text=null, detailText=The exercise expects a class with the name SortStrategy in the package testpackage. You did not implement the class in the exercise., hasLongFeedbackText=false, reference=null, credits=0.0, positive=false, type=AUTOMATIC, visibility=ALWAYS, testCase=TestCaseDTO[testName=null, id=1515]], FeedbackDTO[id=1027, text=null, detailText=The class 'MergeSort' does not implement the interface 'SortStrategy' as expected. Implement the interface and its methods., hasLongFeedbackText=false, reference=null, credits=0.0, positive=false, type=AUTOMATIC, visibility=ALWAYS, testCase=TestCaseDTO[testName=null, id=1510]], FeedbackDTO[id=1028, text=null, detailText=The exercise expects a class with the name SortStrategy in the package testpackage. You did not implement the class in the exercise., hasLongFeedbackText=false, reference=null, credits=0.0, positive=false, type=AUTOMATIC, visibility=ALWAYS, testCase=TestCaseDTO[testName=null, id=1507]], FeedbackDTO[id=1029, text=null, detailText=The class 'BubbleSort' does not implement the interface 'SortStrategy' as expected. Implement the interface and its methods., hasLongFeedbackText=false, reference=null, credits=0.0, positive=false, type=AUTOMATIC, visibility=ALWAYS, testCase=TestCaseDTO[testName=null, id=1511]], FeedbackDTO[id=1030, text=null, detailText=MergeSort does not sort correctly, hasLongFeedbackText=false, reference=null, credits=0.0, positive=false, type=AUTOMATIC, visibility=ALWAYS, testCase=TestCaseDTO[testName=null, id=1516]], FeedbackDTO[id=1031, text=null, detailText=The class 'Context' was not found within the submission. Make sure to implement it properly., hasLongFeedbackText=false, reference=null, credits=0.0, positive=false, type=AUTOMATIC, visibility=ALWAYS, testCase=TestCaseDTO[testName=null, id=1517]], FeedbackDTO[id=1032, text=null, detailText=The class 'Context' was not found within the submission. Make sure to implement it properly., hasLongFeedbackText=false, reference=null, credits=0.0, positive=false, type=AUTOMATIC, visibility=ALWAYS, testCase=TestCaseDTO[testName=null, id=1518]], FeedbackDTO[id=1033, text=null, detailText=The exercise expects a class with the name Policy in the package testpackage. You did not implement the class in the exercise., hasLongFeedbackText=false, reference=null, credits=0.0, positive=false, type=AUTOMATIC, visibility=ALWAYS, testCase=TestCaseDTO[testName=null, id=1512]], FeedbackDTO[id=1034, text=null, detailText=The exercise expects a class with the name Context in the package testpackage. You did not implement the class in the exercise., hasLongFeedbackText=false, reference=null, credits=0.0, positive=false, type=AUTOMATIC, visibility=ALWAYS, testCase=TestCaseDTO[testName=null, id=1508]], FeedbackDTO[id=1035, text=null, detailText=The exercise expects a class with the name Policy in the package testpackage. You did not implement the class in the exercise., hasLongFeedbackText=false, reference=null, credits=0.0, positive=false, type=AUTOMATIC, visibility=ALWAYS, testCase=TestCaseDTO[testName=null, id=1509]], FeedbackDTO[id=1036, text=null, detailText=null, hasLongFeedbackText=false, reference=null, credits=3.230769230769231, positive=true, type=AUTOMATIC, visibility=ALWAYS, testCase=TestCaseDTO[testName=null, id=1519]]], assessmentType=AUTOMATIC, hasComplaint=null, exampleResult=null, testCaseCount=13, passedTestCaseCount=1, codeIssueCount=0]], BuildJobQueueItem[id=20431739576757232, name=SHORT3945BC5E092B90459B0A7F006DF5F64347FDTSTEXC-SOLUTION, buildAgent=BuildAgentDTO[name=artemis-build-agent-test, memberAddress=[127.0.0.1]:5703, displayName=artemis-build-agent-test], participationId=2043, courseId=998, exerciseId=2615, retryCount=0, priority=2, status=SUCCESSFUL, repositoryInfo=RepositoryInfo[repositoryName=short3945bc5e092b90459b0a7f006df5f64347fdtstexc-solution, repositoryType=solution, triggeredByPushTo=solution, assignmentRepositoryUri=http://localhost:49152/git/SHORT3945BC5E092B90459B0A7F006DF5F64347FDTSTEXC/short3945bc5e092b90459b0a7f006df5f64347fdtstexc-solution.git, testRepositoryUri=http://localhost:49152/git/SHORT3945BC5E092B90459B0A7F006DF5F64347FDTSTEXC/short3945bc5e092b90459b0a7f006df5f64347fdtstexc-tests.git, solutionRepositoryUri=null, auxiliaryRepositoryUris=[Ljava.lang.String;@582f766c, auxiliaryRepositoryCheckoutDirectories=[Ljava.lang.String;@66ce2ee5], jobTimingInfo=JobTimingInfo[submissionDate=2025-02-14T23:45:57.232907777Z[Etc/UTC], buildStartDate=2025-02-14T23:45:57.240437339Z[Etc/UTC], buildCompletionDate=2025-02-14T23:45:58.062328619Z[Etc/UTC], estimatedCompletionDate=2025-02-14T23:46:16.240428743Z[Etc/UTC], estimatedDuration=19], buildConfig=BuildConfig[buildScript=#!/bin/bash
cd /var/tmp/testing-dir
chmod +x ./gradlew
./gradlew clean test
, dockerImage=dummy-docker-image:latest, commitHashToBuild=c315388a235502fd958ae3c7ffbbbbf126a8fe21, assignmentCommitHash=c315388a235502fd958ae3c7ffbbbbf126a8fe21, testCommitHash=28488095271179f4eface46480ec45511f50df5d, branch=main, programmingLanguage=JAVA, projectType=PLAIN_GRADLE, scaEnabled=false, sequentialTestRunsEnabled=false, resultPaths=[/var/tmp/testing-dir/**/test-results/test/*.xml], timeoutSeconds=0, assignmentCheckoutPath=null, testCheckoutPath=null, solutionCheckoutPath=null, dockerRunConfig=null], submissionResult=ResultDTO[id=641, completionDate=2025-02-14T23:45:58.032353400Z[Etc/UTC], successful=true, score=100.0, rated=true, submission=SubmissionDTO[id=835, submitted=true, type=MANUAL, exampleSubmission=null, submissionDate=2025-02-14T23:45:57.222714Z, commitHash=c315388a235502fd958ae3c7ffbbbbf126a8fe21, buildFailed=false, buildArtifact=false, participation=ParticipationDTO[id=2043, testRun=false, type=solution, submissionCount=null, exercise=ParticipationExerciseDTO[id=2615, exerciseType=PROGRAMMING, type=programming, assessmentType=AUTOMATIC, dueDate=2025-02-16T23:45:56.808788Z, assessmentDueDate=null, maxPoints=42.0, course=CourseDTO[id=998, accuracyOfScores=1]]], submissionExerciseType=programming, isProcessing=false, buildStartDate=null, estimatedCompletionDate=null], participation=ParticipationDTO[id=2043, testRun=false, type=solution, submissionCount=null, exercise=ParticipationExerciseDTO[id=2615, exerciseType=PROGRAMMING, type=programming, assessmentType=AUTOMATIC, dueDate=2025-02-16T23:45:56.808788Z, assessmentDueDate=null, maxPoints=42.0, course=CourseDTO[id=998, accuracyOfScores=1]]], feedbacks=[FeedbackDTO[id=1037, text=null, detailText=null, hasLongFeedbackText=false, reference=null, credits=3.230769230769231, positive=true, type=AUTOMATIC, visibility=ALWAYS, testCase=TestCaseDTO[testName=testMethods[Context], id=1539]], FeedbackDTO[id=1038, text=null, detailText=null, hasLongFeedbackText=false, reference=null, credits=3.230769230769231, positive=true, type=AUTOMATIC, visibility=ALWAYS, testCase=TestCaseDTO[testName=testMethods[Policy], id=1540]], FeedbackDTO[id=1039, text=null, detailText=null, hasLongFeedbackText=false, reference=null, credits=3.230769230769231, positive=true, type=AUTOMATIC, visibility=ALWAYS, testCase=TestCaseDTO[testName=testMethods[SortStrategy], id=1541]], FeedbackDTO[id=1040, text=null, detailText=null, hasLongFeedbackText=false, reference=null, credits=3.230769230769231, positive=true, type=AUTOMATIC, visibility=ALWAYS, testCase=TestCaseDTO[testName=testClass[MergeSort], id=1536]], FeedbackDTO[id=1041, text=null, detailText=null, hasLongFeedbackText=false, reference=null, credits=3.230769230769231, positive=true, type=AUTOMATIC, visibility=ALWAYS, testCase=TestCaseDTO[testName=testClass[SortStrategy], id=1533]], FeedbackDTO[id=1042, text=null, detailText=null, hasLongFeedbackText=false, reference=null, credits=3.230769230769231, positive=true, type=AUTOMATIC, visibility=ALWAYS, testCase=TestCaseDTO[testName=testClass[BubbleSort], id=1537]], FeedbackDTO[id=1043, text=null, detailText=null, hasLongFeedbackText=false, reference=null, credits=3.230769230769231, positive=true, type=AUTOMATIC, visibility=ALWAYS, testCase=TestCaseDTO[testName=testMergeSort(), id=1542]], FeedbackDTO[id=1044, text=null, detailText=null, hasLongFeedbackText=false, reference=null, credits=3.230769230769231, positive=true, type=AUTOMATIC, visibility=ALWAYS, testCase=TestCaseDTO[testName=testUseBubbleSortForSmallList(), id=1543]], FeedbackDTO[id=1045, text=null, detailText=null, hasLongFeedbackText=false, reference=null, credits=3.230769230769231, positive=true, type=AUTOMATIC, visibility=ALWAYS, testCase=TestCaseDTO[testName=testBubbleSort(), id=1545]], FeedbackDTO[id=1046, text=null, detailText=null, hasLongFeedbackText=false, reference=null, credits=3.230769230769231, positive=true, type=AUTOMATIC, visibility=ALWAYS, testCase=TestCaseDTO[testName=testUseMergeSortForBigList(), id=1544]], FeedbackDTO[id=1047, text=null, detailText=null, hasLongFeedbackText=false, reference=null, credits=3.230769230769231, positive=true, type=AUTOMATIC, visibility=ALWAYS, testCase=TestCaseDTO[testName=testConstructors[Policy], id=1538]], FeedbackDTO[id=1048, text=null, detailText=null, hasLongFeedbackText=false, reference=null, credits=3.230769230769231, positive=true, type=AUTOMATIC, visibility=ALWAYS, testCase=TestCaseDTO[testName=testAttributes[Context], id=1534]], FeedbackDTO[id=1049, text=null, detailText=null, hasLongFeedbackText=false, reference=null, credits=3.230769230769231, positive=true, type=AUTOMATIC, visibility=ALWAYS, testCase=TestCaseDTO[testName=testAttributes[Policy], id=1535]]], assessmentType=AUTOMATIC, hasComplaint=null, exampleResult=null, testCaseCount=13, passedTestCaseCount=13, codeIssueCount=0]], BuildJobQueueItem[id=20471739576759335, name=SHORT07624A260BD060493708A050BB6FAE261DD5TSTEXC-LOCALVCCIINTSTUDENT1, buildAgent=BuildAgentDTO[name=artemis-build-agent-test, memberAddress=[127.0.0.1]:5703, displayName=artemis-build-agent-test], participationId=2047, courseId=999, exerciseId=2616, retryCount=0, priority=2, status=SUCCESSFUL, repositoryInfo=RepositoryInfo[repositoryName=short07624a260bd060493708a050bb6fae261dd5tstexc-localvcciintstudent1, repositoryType=user, triggeredByPushTo=user, assignmentRepositoryUri=http://localhost:49152/git/SHORT07624A260BD060493708A050BB6FAE261DD5TSTEXC/short07624a260bd060493708a050bb6fae261dd5tstexc-localvcciintstudent1.git, testRepositoryUri=http://localhost:49152/git/SHORT07624A260BD060493708A050BB6FAE261DD5TSTEXC/short07624a260bd060493708a050bb6fae261dd5tstexc-tests.git, solutionRepositoryUri=null, auxiliaryRepositoryUris=[Ljava.lang.String;@374b5a94, auxiliaryRepositoryCheckoutDirectories=[Ljava.lang.String;@1d0be9e7], jobTimingInfo=JobTimingInfo[submissionDate=2025-02-14T23:45:59.335772293Z[Etc/UTC], buildStartDate=2025-02-14T23:45:59.344175895Z[Etc/UTC], buildCompletionDate=2025-02-14T23:46:00.603413500Z[Etc/UTC], estimatedCompletionDate=2025-02-14T23:46:18.344169813Z[Etc/UTC], estimatedDuration=19], buildConfig=BuildConfig[buildScript=#!/bin/bash
cd /var/tmp/testing-dir
chmod +x ./gradlew
./gradlew clean test
, dockerImage=dummy-docker-image:latest, commitHashToBuild=18a07c7296dd70e3280c5bdcec7fccd0be6b8148, assignmentCommitHash=18a07c7296dd70e3280c5bdcec7fccd0be6b8148, testCommitHash=d654a233667bae063bb900e455fd2da456e10333, branch=main, programmingLanguage=JAVA, projectType=PLAIN_GRADLE, scaEnabled=false, sequentialTestRunsEnabled=false, resultPaths=[/var/tmp/testing-dir/**/test-results/test/*.xml], timeoutSeconds=0, assignmentCheckoutPath=null, testCheckoutPath=null, solutionCheckoutPath=null, dockerRunConfig=null], submissionResult=ResultDTO[id=642, completionDate=2025-02-14T23:46:00.583368808Z[Etc/UTC], successful=false, score=7.7, rated=true, submission=SubmissionDTO[id=836, submitted=true, type=MANUAL, exampleSubmission=null, submissionDate=2025-02-14T23:45:59.324416Z, commitHash=18a07c7296dd70e3280c5bdcec7fccd0be6b8148, buildFailed=false, buildArtifact=false, participation=ParticipationDTO[id=2047, testRun=false, type=programming, submissionCount=null, exercise=ParticipationExerciseDTO[id=2616, exerciseType=PROGRAMMING, type=programming, assessmentType=AUTOMATIC, dueDate=2025-02-16T23:45:58.958237Z, assessmentDueDate=null, maxPoints=42.0, course=CourseDTO[id=999, accuracyOfScores=1]]], submissionExerciseType=programming, isProcessing=false, buildStartDate=null, estimatedCompletionDate=null], participation=ParticipationDTO[id=2047, testRun=false, type=programming, submissionCount=null, exercise=ParticipationExerciseDTO[id=2616, exerciseType=PROGRAMMING, type=programming, assessmentType=AUTOMATIC, dueDate=2025-02-16T23:45:58.958237Z, assessmentDueDate=null, maxPoints=42.0, course=CourseDTO[id=999, accuracyOfScores=1]]], feedbacks=[FeedbackDTO[id=1050, text=null, detailText=The exercise expects a class with the name Context in the package testpackage. You did not implement the class in the exercise., hasLongFeedbackText=false, reference=null, credits=0.0, positive=false, type=AUTOMATIC, visibility=ALWAYS, testCase=TestCaseDTO[testName=null, id=1552]], FeedbackDTO[id=1051, text=null, detailText=The exercise expects a class with the name Policy in the package testpackage. You did not implement the class in the exercise., hasLongFeedbackText=false, reference=null, credits=0.0, positive=false, type=AUTOMATIC, visibility=ALWAYS, testCase=TestCaseDTO[testName=null, id=1553]], FeedbackDTO[id=1052, text=null, detailText=The exercise expects a class with the name SortStrategy in the package testpackage. You did not implement the class in the exercise., hasLongFeedbackText=false, reference=null, credits=0.0, positive=false, type=AUTOMATIC, visibility=ALWAYS, testCase=TestCaseDTO[testName=null, id=1554]], FeedbackDTO[id=1053, text=null, detailText=The class 'MergeSort' does not implement the interface 'SortStrategy' as expected. Implement the interface and its methods., hasLongFeedbackText=false, reference=null, credits=0.0, positive=false, type=AUTOMATIC, visibility=ALWAYS, testCase=TestCaseDTO[testName=null, id=1549]], FeedbackDTO[id=1054, text=null, detailText=The exercise expects a class with the name SortStrategy in the package testpackage. You did not implement the class in the exercise., hasLongFeedbackText=false, reference=null, credits=0.0, positive=false, type=AUTOMATIC, visibility=ALWAYS, testCase=TestCaseDTO[testName=null, id=1546]], FeedbackDTO[id=1055, text=null, detailText=The class 'BubbleSort' does not implement the interface 'SortStrategy' as expected. Implement the interface and its methods., hasLongFeedbackText=false, reference=null, credits=0.0, positive=false, type=AUTOMATIC, visibility=ALWAYS, testCase=TestCaseDTO[testName=null, id=1550]], FeedbackDTO[id=1056, text=null, detailText=MergeSort does not sort correctly, hasLongFeedbackText=false, reference=null, credits=0.0, positive=false, type=AUTOMATIC, visibility=ALWAYS, testCase=TestCaseDTO[testName=null, id=1555]], FeedbackDTO[id=1057, text=null, detailText=The class 'Context' was not found within the submission. Make sure to implement it properly., hasLongFeedbackText=false, reference=null, credits=0.0, positive=false, type=AUTOMATIC, visibility=ALWAYS, testCase=TestCaseDTO[testName=null, id=1556]], FeedbackDTO[id=1058, text=null, detailText=The class 'Context' was not found within the submission. Make sure to implement it properly., hasLongFeedbackText=false, reference=null, credits=0.0, positive=false, type=AUTOMATIC, visibility=ALWAYS, testCase=TestCaseDTO[testName=null, id=1557]], FeedbackDTO[id=1059, text=null, detailText=The exercise expects a class with the name Policy in the package testpackage. You did not implement the class in the exercise., hasLongFeedbackText=false, reference=null, credits=0.0, positive=false, type=AUTOMATIC, visibility=ALWAYS, testCase=TestCaseDTO[testName=null, id=1551]], FeedbackDTO[id=1060, text=null, detailText=The exercise expects a class with the name Context in the package testpackage. You did not implement the class in the exercise., hasLongFeedbackText=false, reference=null, credits=0.0, positive=false, type=AUTOMATIC, visibility=ALWAYS, testCase=TestCaseDTO[testName=null, id=1547]], FeedbackDTO[id=1061, text=null, detailText=The exercise expects a class with the name Policy in the package testpackage. You did not implement the class in the exercise., hasLongFeedbackText=false, reference=null, credits=0.0, positive=false, type=AUTOMATIC, visibility=ALWAYS, testCase=TestCaseDTO[testName=null, id=1548]], FeedbackDTO[id=1062, text=null, detailText=null, hasLongFeedbackText=false, reference=null, credits=3.230769230769231, positive=true, type=AUTOMATIC, visibility=ALWAYS, testCase=TestCaseDTO[testName=null, id=1558]]], assessmentType=AUTOMATIC, hasComplaint=null, exampleResult=null, testCaseCount=13, passedTestCaseCount=1, codeIssueCount=0]], BuildJobQueueItem[id=20631739576764096, name=SHORT4DC244B40E51904DBF09D1D07EFB51569A98T9E7-BASE, buildAgent=BuildAgentDTO[name=artemis-build-agent-test, memberAddress=[127.0.0.1]:5703, displayName=artemis-build-agent-test], participationId=2063, courseId=1004, exerciseId=2622, retryCount=0, priority=2, status=SUCCESSFUL, repositoryInfo=RepositoryInfo[repositoryName=short4dc244b40e51904dbf09d1d07efb51569a98t9e7-exercise, repositoryType=exercise, triggeredByPushTo=exercise, assignmentRepositoryUri=http://localhost:49152/git/SHORT4DC244B40E51904DBF09D1D07EFB51569A98T9E7/short4dc244b40e51904dbf09d1d07efb51569a98t9e7-exercise.git, testRepositoryUri=http://localhost:49152/git/SHORT4DC244B40E51904DBF09D1D07EFB51569A98T9E7/short4dc244b40e51904dbf09d1d07efb51569a98t9e7-tests.git, solutionRepositoryUri=null, auxiliaryRepositoryUris=[Ljava.lang.String;@3eb4603c, auxiliaryRepositoryCheckoutDirectories=[Ljava.lang.String;@291ad809], jobTimingInfo=JobTimingInfo[submissionDate=2025-02-14T23:46:04.096728486Z[Etc/UTC], buildStartDate=2025-02-14T23:46:04.102262636Z[Etc/UTC], buildCompletionDate=2025-02-14T23:46:05.226227728Z[Etc/UTC], estimatedCompletionDate=2025-02-14T23:46:23.102258508Z[Etc/UTC], estimatedDuration=19], buildConfig=BuildConfig[buildScript=#!/bin/bash
cd /var/tmp/testing-dir
Some script, dockerImage=dummy-docker-image, commitHashToBuild=null, assignmentCommitHash=c012d390834ea02544e9b3baca8f528ff58cb582, testCommitHash=106892b5032dbcc929f32d283777eb646a0a7ab0, branch=main, programmingLanguage=JAVA, projectType=PLAIN_GRADLE, scaEnabled=false, sequentialTestRunsEnabled=false, resultPaths=[/var/tmp/testing-dir/**/test-results/test/*.xml], timeoutSeconds=0, assignmentCheckoutPath=null, testCheckoutPath=null, solutionCheckoutPath=null, dockerRunConfig=null], submissionResult=ResultDTO[id=643, completionDate=2025-02-14T23:46:05.207991505Z[Etc/UTC], successful=false, score=0.0, rated=true, submission=SubmissionDTO[id=838, submitted=false, type=INSTRUCTOR, exampleSubmission=null, submissionDate=2025-02-14T23:46:04.057795Z, commitHash=c012d390834ea02544e9b3baca8f528ff58cb582, buildFailed=false, buildArtifact=false, participation=ParticipationDTO[id=2063, testRun=false, type=template, submissionCount=null, exercise=ParticipationExerciseDTO[id=2622, exerciseType=PROGRAMMING, type=programming, assessmentType=SEMI_AUTOMATIC, dueDate=2025-02-21T23:46:03.542650Z, assessmentDueDate=null, maxPoints=5.0, course=CourseDTO[id=1004, accuracyOfScores=1]]], submissionExerciseType=programming, isProcessing=false, buildStartDate=null, estimatedCompletionDate=null], participation=ParticipationDTO[id=2063, testRun=false, type=template, submissionCount=null, exercise=ParticipationExerciseDTO[id=2622, exerciseType=PROGRAMMING, type=programming, assessmentType=SEMI_AUTOMATIC, dueDate=2025-02-21T23:46:03.542650Z, assessmentDueDate=null, maxPoints=5.0, course=CourseDTO[id=1004, accuracyOfScores=1]]], feedbacks=[FeedbackDTO[id=1063, text=testMethods[Context], detailText=The exercise expects a class with the name Context in the package testpackage. You did not implement the class in the exercise., hasLongFeedbackText=false, reference=null, credits=null, positive=false, type=AUTOMATIC, visibility=null, testCase=null], FeedbackDTO[id=1064, text=testMethods[Policy], detailText=The exercise expects a class with the name Policy in the package testpackage. You did not implement the class in the exercise., hasLongFeedbackText=false, reference=null, credits=null, positive=false, type=AUTOMATIC, visibility=null, testCase=null], FeedbackDTO[id=1065, text=testMethods[SortStrategy], detailText=The exercise expects a class with the name SortStrategy in the package testpackage. You did not implement the class in the exercise., hasLongFeedbackText=false, reference=null, credits=null, positive=false, type=AUTOMATIC, visibility=null, testCase=null], FeedbackDTO[id=1066, text=testClass[MergeSort], detailText=The class 'MergeSort' does not implement the interface 'SortStrategy' as expected. Implement the interface and its methods., hasLongFeedbackText=false, reference=null, credits=null, positive=false, type=AUTOMATIC, visibility=null, testCase=null], FeedbackDTO[id=1067, text=testClass[SortStrategy], detailText=The exercise expects a class with the name SortStrategy in the package testpackage. You did not implement the class in the exercise., hasLongFeedbackText=false, reference=null, credits=null, positive=false, type=AUTOMATIC, visibility=null, testCase=null], FeedbackDTO[id=1068, text=testClass[BubbleSort], detailText=The class 'BubbleSort' does not implement the interface 'SortStrategy' as expected. Implement the interface and its methods., hasLongFeedbackText=false, reference=null, credits=null, positive=false, type=AUTOMATIC, visibility=null, testCase=null], FeedbackDTO[id=1069, text=testMergeSort(), detailText=MergeSort does not sort correctly, hasLongFeedbackText=false, reference=null, credits=null, positive=false, type=AUTOMATIC, visibility=null, testCase=null], FeedbackDTO[id=1070, text=testUseBubbleSortForSmallList(), detailText=The class 'Context' was not found within the submission. Make sure to implement it properly., hasLongFeedbackText=false, reference=null, credits=null, positive=false, type=AUTOMATIC, visibility=null, testCase=null], FeedbackDTO[id=1071, text=testBubbleSort(), detailText=BubbleSort does not sort correctly, hasLongFeedbackText=false, reference=null, credits=null, positive=false, type=AUTOMATIC, visibility=null, testCase=null], FeedbackDTO[id=1072, text=testUseMergeSortForBigList(), detailText=The class 'Context' was not found within the submission. Make sure to implement it properly., hasLongFeedbackText=false, reference=null, credits=null, positive=false, type=AUTOMATIC, visibility=null, testCase=null], FeedbackDTO[id=1073, text=testConstructors[Policy], detailText=The exercise expects a class with the name Policy in the package testpackage. You did not implement the class in the exercise., hasLongFeedbackText=false, reference=null, credits=null, positive=false, type=AUTOMATIC, visibility=null, testCase=null], FeedbackDTO[id=1074, text=testAttributes[Context], detailText=The exercise expects a class with the name Context in the package testpackage. You did not implement the class in the exercise., hasLongFeedbackText=false, reference=null, credits=null, positive=false, type=AUTOMATIC, visibility=null, testCase=null], FeedbackDTO[id=1075, text=testAttributes[Policy], detailText=The exercise expects a class with the name Policy in the package testpackage. You did not implement the class in the exercise., hasLongFeedbackText=false, reference=null, credits=null, positive=false, type=AUTOMATIC, visibility=null, testCase=null]], assessmentType=AUTOMATIC, hasComplaint=null, exampleResult=null, testCaseCount=13, passedTestCaseCount=0, codeIssueCount=0]], BuildJobQueueItem[id=20641739576764112, name=SHORT4DC244B40E51904DBF09D1D07EFB51569A98T9E7-SOLUTION, buildAgent=BuildAgentDTO[name=artemis-build-agent-test, memberAddress=[127.0.0.1]:5703, displayName=artemis-build-agent-test], participationId=2064, courseId=1004, exerciseId=2622, retryCount=0, priority=2, status=SUCCESSFUL, repositoryInfo=RepositoryInfo[repositoryName=short4dc244b40e51904dbf09d1d07efb51569a98t9e7-solution, repositoryType=solution, triggeredByPushTo=solution, assignmentRepositoryUri=http://localhost:49152/git/SHORT4DC244B40E51904DBF09D1D07EFB51569A98T9E7/short4dc244b40e51904dbf09d1d07efb51569a98t9e7-solution.git, testRepositoryUri=http://localhost:49152/git/SHORT4DC244B40E51904DBF09D1D07EFB51569A98T9E7/short4dc244b40e51904dbf09d1d07efb51569a98t9e7-tests.git, solutionRepositoryUri=null, auxiliaryRepositoryUris=[Ljava.lang.String;@4468b844, auxiliaryRepositoryCheckoutDirectories=[Ljava.lang.String;@66e35ff], jobTimingInfo=JobTimingInfo[submissionDate=2025-02-14T23:46:04.112126913Z[Etc/UTC], buildStartDate=2025-02-14T23:46:05.232264507Z[Etc/UTC], buildCompletionDate=2025-02-14T23:46:06.182915498Z[Etc/UTC], estimatedCompletionDate=2025-02-14T23:46:24.232260149Z[Etc/UTC], estimatedDuration=19], buildConfig=BuildConfig[buildScript=#!/bin/bash
cd /var/tmp/testing-dir
Some script, dockerImage=dummy-docker-image, commitHashToBuild=null, assignmentCommitHash=221330b9b164316cadedcd1505ff3260d90e6691, testCommitHash=106892b5032dbcc929f32d283777eb646a0a7ab0, branch=main, programmingLanguage=JAVA, projectType=PLAIN_GRADLE, scaEnabled=false, sequentialTestRunsEnabled=false, resultPaths=[/var/tmp/testing-dir/**/test-results/test/*.xml], timeoutSeconds=0, assignmentCheckoutPath=null, testCheckoutPath=null, solutionCheckoutPath=null, dockerRunConfig=null], submissionResult=ResultDTO[id=644, completionDate=2025-02-14T23:46:06.169385846Z[Etc/UTC], successful=true, score=100.0, rated=true, submission=SubmissionDTO[id=837, submitted=false, type=INSTRUCTOR, exampleSubmission=null, submissionDate=2025-02-14T23:46:04.038689Z, commitHash=221330b9b164316cadedcd1505ff3260d90e6691, buildFailed=false, buildArtifact=false, participation=ParticipationDTO[id=2064, testRun=false, type=solution, submissionCount=null, exercise=ParticipationExerciseDTO[id=2622, exerciseType=PROGRAMMING, type=programming, assessmentType=SEMI_AUTOMATIC, dueDate=2025-02-21T23:46:03.542650Z, assessmentDueDate=null, maxPoints=5.0, course=CourseDTO[id=1004, accuracyOfScores=1]]], submissionExerciseType=programming, isProcessing=false, buildStartDate=null, estimatedCompletionDate=null], participation=ParticipationDTO[id=2064, testRun=false, type=solution, submissionCount=null, exercise=ParticipationExerciseDTO[id=2622, exerciseType=PROGRAMMING, type=programming, assessmentType=SEMI_AUTOMATIC, dueDate=2025-02-21T23:46:03.542650Z, assessmentDueDate=null, maxPoints=5.0, course=CourseDTO[id=1004, accuracyOfScores=1]]], feedbacks=[FeedbackDTO[id=1076, text=null, detailText=null, hasLongFeedbackText=false, reference=null, credits=0.38461538461538464, positive=true, type=AUTOMATIC, visibility=ALWAYS, testCase=TestCaseDTO[testName=testMethods[Context], id=1612]], FeedbackDTO[id=1077, text=null, detailText=null, hasLongFeedbackText=false, reference=null, credits=0.38461538461538464, positive=true, type=AUTOMATIC, visibility=ALWAYS, testCase=TestCaseDTO[testName=testMethods[Policy], id=1611]], FeedbackDTO[id=1078, text=null, detailText=null, hasLongFeedbackText=false, reference=null, credits=0.38461538461538464, positive=true, type=AUTOMATIC, visibility=ALWAYS, testCase=TestCaseDTO[testName=testMethods[SortStrategy], id=1613]], FeedbackDTO[id=1079, text=null, detailText=null, hasLongFeedbackText=false, reference=null, credits=0.38461538461538464, positive=true, type=AUTOMATIC, visibility=ALWAYS, testCase=TestCaseDTO[testName=testClass[MergeSort], id=1614]], FeedbackDTO[id=1080, text=null, detailText=null, hasLongFeedbackText=false, reference=null, credits=0.38461538461538464, positive=true, type=AUTOMATIC, visibility=ALWAYS, testCase=TestCaseDTO[testName=testClass[SortStrategy], id=1617]], FeedbackDTO[id=1081, text=null, detailText=null, hasLongFeedbackText=false, reference=null, credits=0.38461538461538464, positive=true, type=AUTOMATIC, visibility=ALWAYS, testCase=TestCaseDTO[testName=testClass[BubbleSort], id=1618]], FeedbackDTO[id=1082, text=null, detailText=null, hasLongFeedbackText=false, reference=null, credits=0.38461538461538464, positive=true, type=AUTOMATIC, visibility=ALWAYS, testCase=TestCaseDTO[testName=testMergeSort(), id=1620]], FeedbackDTO[id=1083, text=null, detailText=null, hasLongFeedbackText=false, reference=null, credits=0.38461538461538464, positive=true, type=AUTOMATIC, visibility=ALWAYS, testCase=TestCaseDTO[testName=testUseBubbleSortForSmallList(), id=1622]], FeedbackDTO[id=1084, text=null, detailText=null, hasLongFeedbackText=false, reference=null, credits=0.38461538461538464, positive=true, type=AUTOMATIC, visibility=ALWAYS, testCase=TestCaseDTO[testName=testBubbleSort(), id=1615]], FeedbackDTO[id=1085, text=null, detailText=null, hasLongFeedbackText=false, reference=null, credits=0.38461538461538464, positive=true, type=AUTOMATIC, visibility=ALWAYS, testCase=TestCaseDTO[testName=testUseMergeSortForBigList(), id=1619]], FeedbackDTO[id=1086, text=null, detailText=null, hasLongFeedbackText=false, reference=null, credits=0.38461538461538464, positive=true, type=AUTOMATIC, visibility=ALWAYS, testCase=TestCaseDTO[testName=testConstructors[Policy], id=1623]], FeedbackDTO[id=1087, text=null, detailText=null, hasLongFeedbackText=false, reference=null, credits=0.38461538461538464, positive=true, type=AUTOMATIC, visibility=ALWAYS, testCase=TestCaseDTO[testName=testAttributes[Context], id=1616]], FeedbackDTO[id=1088, text=null, detailText=null, hasLongFeedbackText=false, reference=null, credits=0.38461538461538464, positive=true, type=AUTOMATIC, visibility=ALWAYS, testCase=TestCaseDTO[testName=testAttributes[Policy], id=1621]]], assessmentType=AUTOMATIC, hasComplaint=null, exampleResult=null, testCaseCount=13, passedTestCaseCount=13, codeIssueCount=0]], BuildJobQueueItem[id=20711739576769873, name=SHORT119ADC0203685047B60A48204B1EA14EB29EIMPORTED-BASE, buildAgent=BuildAgentDTO[name=artemis-build-agent-test, memberAddress=[127.0.0.1]:5703, displayName=artemis-build-agent-test], participationId=2071, courseId=1007, exerciseId=2625, retryCount=0, priority=2, status=SUCCESSFUL, repositoryInfo=RepositoryInfo[repositoryName=short119adc0203685047b60a48204b1ea14eb29eimported-exercise, repositoryType=exercise, triggeredByPushTo=exercise, assignmentRepositoryUri=http://localhost:49152/git/SHORT119ADC0203685047B60A48204B1EA14EB29EIMPORTED/short119adc0203685047b60a48204b1ea14eb29eimported-exercise.git, testRepositoryUri=http://localhost:49152/git/SHORT119ADC0203685047B60A48204B1EA14EB29EIMPORTED/short119adc0203685047b60a48204b1ea14eb29eimported-tests.git, solutionRepositoryUri=null, auxiliaryRepositoryUris=[Ljava.lang.String;@1b46108e, auxiliaryRepositoryCheckoutDirectories=[Ljava.lang.String;@6463597f], jobTimingInfo=JobTimingInfo[submissionDate=2025-02-14T23:46:09.873880717Z[Etc/UTC], buildStartDate=2025-02-14T23:46:09.877078790Z[Etc/UTC], buildCompletionDate=2025-02-14T23:46:11.190344481Z[Etc/UTC], estimatedCompletionDate=2025-02-14T23:46:28.877074652Z[Etc/UTC], estimatedDuration=19], buildConfig=BuildConfig[buildScript=#!/bin/bash
cd /var/tmp/testing-dir
chmod +x ./gradlew
./gradlew clean test
, dockerImage=dummy-docker-image, commitHashToBuild=null, assignmentCommitHash=fdf5d18917d97180fa8cd8dbe85fef02e40bdd6d, testCommitHash=fdf5d18917d97180fa8cd8dbe85fef02e40bdd6d, branch=main, programmingLanguage=JAVA, projectType=PLAIN_GRADLE, scaEnabled=false, sequentialTestRunsEnabled=false, resultPaths=[/var/tmp/testing-dir/**/test-results/test/*.xml], timeoutSeconds=0, assignmentCheckoutPath=null, testCheckoutPath=null, solutionCheckoutPath=null, dockerRunConfig=null], submissionResult=ResultDTO[id=645, completionDate=2025-02-14T23:46:11.157476754Z[Etc/UTC], successful=false, score=0.0, rated=true, submission=SubmissionDTO[id=839, submitted=true, type=MANUAL, exampleSubmission=null, submissionDate=2025-02-14T23:46:07.288584092Z[Etc/UTC], commitHash=fdf5d18917d97180fa8cd8dbe85fef02e40bdd6d, buildFailed=false, buildArtifact=false, participation=ParticipationDTO[id=2071, testRun=false, type=template, submissionCount=null, exercise=ParticipationExerciseDTO[id=2625, exerciseType=PROGRAMMING, type=programming, assessmentType=AUTOMATIC, dueDate=2025-02-16T23:46:09.110273Z, assessmentDueDate=null, maxPoints=42.0, course=CourseDTO[id=1007, accuracyOfScores=1]]], submissionExerciseType=programming, isProcessing=false, buildStartDate=null, estimatedCompletionDate=null], participation=ParticipationDTO[id=2071, testRun=false, type=template, submissionCount=null, exercise=ParticipationExerciseDTO[id=2625, exerciseType=PROGRAMMING, type=programming, assessmentType=AUTOMATIC, dueDate=2025-02-16T23:46:09.110273Z, assessmentDueDate=null, maxPoints=42.0, course=CourseDTO[id=1007, accuracyOfScores=1]]], feedbacks=[FeedbackDTO[id=1089, text=testMethods[Context], detailText=The exercise expects a class with the name Context in the package testpackage. You did not implement the class in the exercise., hasLongFeedbackText=false, reference=null, credits=null, positive=false, type=AUTOMATIC, visibility=null, testCase=null], FeedbackDTO[id=1090, text=testMethods[Policy], detailText=The exercise expects a class with the name Policy in the package testpackage. You did not implement the class in the exercise., hasLongFeedbackText=false, reference=null, credits=null, positive=false, type=AUTOMATIC, visibility=null, testCase=null], FeedbackDTO[id=1091, text=testMethods[SortStrategy], detailText=The exercise expects a class with the name SortStrategy in the package testpackage. You did not implement the class in the exercise., hasLongFeedbackText=false, reference=null, credits=null, positive=false, type=AUTOMATIC, visibility=null, testCase=null], FeedbackDTO[id=1092, text=testClass[MergeSort], detailText=The class 'MergeSort' does not implement the interface 'SortStrategy' as expected. Implement the interface and its methods., hasLongFeedbackText=false, reference=null, credits=null, positive=false, type=AUTOMATIC, visibility=null, testCase=null], FeedbackDTO[id=1093, text=testClass[SortStrategy], detailText=The exercise expects a class with the name SortStrategy in the package testpackage. You did not implement the class in the exercise., hasLongFeedbackText=false, reference=null, credits=null, positive=false, type=AUTOMATIC, visibility=null, testCase=null], FeedbackDTO[id=1094, text=testClass[BubbleSort], detailText=The class 'BubbleSort' does not implement the interface 'SortStrategy' as expected. Implement the interface and its methods., hasLongFeedbackText=false, reference=null, credits=null, positive=false, type=AUTOMATIC, visibility=null, testCase=null], FeedbackDTO[id=1095, text=testMergeSort(), detailText=MergeSort does not sort correctly, hasLongFeedbackText=false, reference=null, credits=null, positive=false, type=AUTOMATIC, visibility=null, testCase=null], FeedbackDTO[id=1096, text=testUseBubbleSortForSmallList(), detailText=The class 'Context' was not found within the submission. Make sure to implement it properly., hasLongFeedbackText=false, reference=null, credits=null, positive=false, type=AUTOMATIC, visibility=null, testCase=null], FeedbackDTO[id=1097, text=testBubbleSort(), detailText=BubbleSort does not sort correctly, hasLongFeedbackText=false, reference=null, credits=null, positive=false, type=AUTOMATIC, visibility=null, testCase=null], FeedbackDTO[id=1098, text=testUseMergeSortForBigList(), detailText=The class 'Context' was not found within the submission. Make sure to implement it properly., hasLongFeedbackText=false, reference=null, credits=null, positive=false, type=AUTOMATIC, visibility=null, testCase=null], FeedbackDTO[id=1099, text=testConstructors[Policy], detailText=The exercise expects a class with the name Policy in the package testpackage. You did not implement the class in the exercise., hasLongFeedbackText=false, reference=null, credits=null, positive=false, type=AUTOMATIC, visibility=null, testCase=null], FeedbackDTO[id=1100, text=testAttributes[Context], detailText=The exercise expects a class with the name Context in the package testpackage. You did not implement the class in the exercise., hasLongFeedbackText=false, reference=null, credits=null, positive=false, type=AUTOMATIC, visibility=null, testCase=null], FeedbackDTO[id=1101, text=testAttributes[Policy], detailText=The exercise expects a class with the name Policy in the package testpackage. You did not implement the class in the exercise., hasLongFeedbackText=false, reference=null, credits=null, positive=false, type=AUTOMATIC, visibility=null, testCase=null]], assessmentType=AUTOMATIC, hasComplaint=null, exampleResult=null, testCaseCount=13, passedTestCaseCount=0, codeIssueCount=0]], BuildJobQueueItem[id=20721739576769890, name=SHORT119ADC0203685047B60A48204B1EA14EB29EIMPORTED-SOLUTION, buildAgent=BuildAgentDTO[name=artemis-build-agent-test, memberAddress=[127.0.0.1]:5703, displayName=artemis-build-agent-test], participationId=2072, courseId=1007, exerciseId=2625, retryCount=0, priority=2, status=SUCCESSFUL, repositoryInfo=RepositoryInfo[repositoryName=short119adc0203685047b60a48204b1ea14eb29eimported-solution, repositoryType=solution, triggeredByPushTo=solution, assignmentRepositoryUri=http://localhost:49152/git/SHORT119ADC0203685047B60A48204B1EA14EB29EIMPORTED/short119adc0203685047b60a48204b1ea14eb29eimported-solution.git, testRepositoryUri=http://localhost:49152/git/SHORT119ADC0203685047B60A48204B1EA14EB29EIMPORTED/short119adc0203685047b60a48204b1ea14eb29eimported-tests.git, solutionRepositoryUri=null, auxiliaryRepositoryUris=[Ljava.lang.String;@6548772f, auxiliaryRepositoryCheckoutDirectories=[Ljava.lang.String;@127e77b4], jobTimingInfo=JobTimingInfo[submissionDate=2025-02-14T23:46:09.890822804Z[Etc/UTC], buildStartDate=2025-02-14T23:46:11.208247329Z[Etc/UTC], buildCompletionDate=2025-02-14T23:46:12.589293923Z[Etc/UTC], estimatedCompletionDate=2025-02-14T23:46:30.208240637Z[Etc/UTC], estimatedDuration=19], buildConfig=BuildConfig[buildScript=#!/bin/bash
cd /var/tmp/testing-dir
chmod +x ./gradlew
./gradlew clean test
, dockerImage=dummy-docker-image, commitHashToBuild=null, assignmentCommitHash=fdf5d18917d97180fa8cd8dbe85fef02e40bdd6d, testCommitHash=fdf5d18917d97180fa8cd8dbe85fef02e40bdd6d, branch=main, programmingLanguage=JAVA, projectType=PLAIN_GRADLE, scaEnabled=false, sequentialTestRunsEnabled=false, resultPaths=[/var/tmp/testing-dir/**/test-results/test/*.xml], timeoutSeconds=0, assignmentCheckoutPath=null, testCheckoutPath=null, solutionCheckoutPath=null, dockerRunConfig=null], submissionResult=null]], publicSshKey=ssh-rsa AAAAB3NzaC1yc2EAAAADAQABAAACAQCOPdMsxRE2jFJ/UEa5/LsBxtwzJcrh3/rYBCQvcMeVpiRfhzQPWu7mrt/G2Ew+i+vRloGH9aqKg6dd1liRncao53Zmd/ePxoatXePNhmzTfkCkcSkTUz7B+QMjkoDDV5jwuFPD6mF3JkhuzSi64n9Zy905t4w2IhVcjM2mL3eYNjiCXt6Qpq3Pkt7dM/Ksw1nxnvuiIALuJLB3FTkXkHqq3PJav+9HSq2r6ZaWgekneaGxlQlb+U+Vy3XOuArKAzK8c8i+0bR+AHiTG6ncYXt7ax3U+TdlDTF7OLP3umwaYjs1NBXOHwG42pevvpKn2fqavZZozk+M05jXLx3bq0O7itxfErWc7etky8qYPyyIMF/txQIVLd78+Ze4d7Y60t5MGbXM5cGE6fFif5fEJwgswXD+BrG0cafz1CTatjSKFdvp8Vp4VszXhHDan1PrP6JEFJ5Cc5GDmLRZPCFa3vL9f5qXgf4bkqKN8MYeEujwJE5nMRWoiJVNakix2bcrrneQMBlnYeYZVWXXXUusAQBzl4NgddC1umZpihZkL1b1MffZAUW3EGEXi7KHnllQhkTLLsQ8ntMgbylqaJKStqaXlLvdeRJcEnUuiFCrHEVVbXRFZR7XVDZ02CE5o3MuaRPty8Kh+jRTF3COlAckHwYEJCNNJvXFgb2CNXL4mjzYDw== test@localhost]
    23:46:12.728 | 566 localvc.event-13 | DEBUG | a.p.s.l.SharedQueueManagementService : Build agent updated: null
    23:46:12.730 | 566 localvc.event-13 | DEBUG | s.l.LocalCIWebsocketMessagingService : Sending message on topic /topic/admin/queued-jobs: []
    23:46:12.730 | 566 localvc.event-13 | DEBUG | s.l.LocalCIWebsocketMessagingService : Sending message on topic /topic/courses/1007/queued-jobs: []
    23:46:12.730 | 566 localvc.event-13 | DEBUG | a.a.b.s.SharedQueueProcessingService : CIBuildJobQueueItem removed from queue: BuildJobQueueItem[id=20721739576769890, name=SHORT119ADC0203685047B60A48204B1EA14EB29EIMPORTED-SOLUTION, buildAgent=BuildAgentDTO[name=null, memberAddress=null, displayName=null], participationId=2072, courseId=1007, exerciseId=2625, retryCount=0, priority=2, status=null, repositoryInfo=RepositoryInfo[repositoryName=short119adc0203685047b60a48204b1ea14eb29eimported-solution, repositoryType=solution, triggeredByPushTo=solution, assignmentRepositoryUri=http://localhost:49152/git/SHORT119ADC0203685047B60A48204B1EA14EB29EIMPORTED/short119adc0203685047b60a48204b1ea14eb29eimported-solution.git, testRepositoryUri=http://localhost:49152/git/SHORT119ADC0203685047B60A48204B1EA14EB29EIMPORTED/short119adc0203685047b60a48204b1ea14eb29eimported-tests.git, solutionRepositoryUri=null, auxiliaryRepositoryUris=[Ljava.lang.String;@b43760, auxiliaryRepositoryCheckoutDirectories=[Ljava.lang.String;@71cf70c], jobTimingInfo=JobTimingInfo[submissionDate=2025-02-14T23:46:09.890822804Z[Etc/UTC], buildStartDate=null, buildCompletionDate=null, estimatedCompletionDate=null, estimatedDuration=19], buildConfig=BuildConfig[buildScript=#!/bin/bash
cd /var/tmp/testing-dir
chmod +x ./gradlew
./gradlew clean test
, dockerImage=dummy-docker-image, commitHashToBuild=null, assignmentCommitHash=fdf5d18917d97180fa8cd8dbe85fef02e40bdd6d, testCommitHash=fdf5d18917d97180fa8cd8dbe85fef02e40bdd6d, branch=main, programmingLanguage=JAVA, projectType=PLAIN_GRADLE, scaEnabled=false, sequentialTestRunsEnabled=false, resultPaths=[/var/tmp/testing-dir/**/test-results/test/*.xml], timeoutSeconds=0, assignmentCheckoutPath=null, testCheckoutPath=null, solutionCheckoutPath=null, dockerRunConfig=null], submissionResult=null]
    23:46:12.730 | 566 localvc.event-13 | DEBUG | a.p.s.l.LocalCIQueueWebsocketService : CIBuildJobQueueItem added to processing jobs: BuildJobQueueItem[id=20721739576769890, name=SHORT119ADC0203685047B60A48204B1EA14EB29EIMPORTED-SOLUTION, buildAgent=BuildAgentDTO[name=artemis-build-agent-test, memberAddress=[127.0.0.1]:5703, displayName=artemis-build-agent-test], participationId=2072, courseId=1007, exerciseId=2625, retryCount=0, priority=2, status=null, repositoryInfo=RepositoryInfo[repositoryName=short119adc0203685047b60a48204b1ea14eb29eimported-solution, repositoryType=solution, triggeredByPushTo=solution, assignmentRepositoryUri=http://localhost:49152/git/SHORT119ADC0203685047B60A48204B1EA14EB29EIMPORTED/short119adc0203685047b60a48204b1ea14eb29eimported-solution.git, testRepositoryUri=http://localhost:49152/git/SHORT119ADC0203685047B60A48204B1EA14EB29EIMPORTED/short119adc0203685047b60a48204b1ea14eb29eimported-tests.git, solutionRepositoryUri=null, auxiliaryRepositoryUris=[Ljava.lang.String;@4e5be807, auxiliaryRepositoryCheckoutDirectories=[Ljava.lang.String;@1ee4a9ca], jobTimingInfo=JobTimingInfo[submissionDate=2025-02-14T23:46:09.890822804Z[Etc/UTC], buildStartDate=2025-02-14T23:46:11.208247329Z[Etc/UTC], buildCompletionDate=null, estimatedCompletionDate=2025-02-14T23:46:30.208240637Z[Etc/UTC], estimatedDuration=19], buildConfig=BuildConfig[buildScript=#!/bin/bash
cd /var/tmp/testing-dir
chmod +x ./gradlew
./gradlew clean test
, dockerImage=dummy-docker-image, commitHashToBuild=null, assignmentCommitHash=fdf5d18917d97180fa8cd8dbe85fef02e40bdd6d, testCommitHash=fdf5d18917d97180fa8cd8dbe85fef02e40bdd6d, branch=main, programmingLanguage=JAVA, projectType=PLAIN_GRADLE, scaEnabled=false, sequentialTestRunsEnabled=false, resultPaths=[/var/tmp/testing-dir/**/test-results/test/*.xml], timeoutSeconds=0, assignmentCheckoutPath=null, testCheckoutPath=null, solutionCheckoutPath=null, dockerRunConfig=null], submissionResult=null]
    23:46:12.730 | 566 localvc.event-13 | DEBUG | s.l.LocalCIWebsocketMessagingService : Sending message on topic /topic/admin/running-jobs: []
    23:46:12.730 | 566 localvc.event-13 | DEBUG | s.l.LocalCIWebsocketMessagingService : Sending message on topic /topic/courses/1007/running-jobs: []
    23:46:12.734 | 588 artemis-task-1   | DEBUG | d.t.c.a.a.c.c.w.GzipMessageConverter : Compressed message payload from 136237 to 12680 (saved 90.7% payload size)
    23:46:12.739 | 566 localvc.event-13 | DEBUG | a.p.s.l.LocalCIQueueWebsocketService : Build agent updated: BuildAgentInformation[buildAgent=BuildAgentDTO[name=artemis-build-agent-test, memberAddress=[127.0.0.1]:5703, displayName=artemis-build-agent-test], maxNumberOfConcurrentBuildJobs=1, numberOfCurrentBuildJobs=1, runningBuildJobs=[BuildJobQueueItem[id=20721739576769890, name=SHORT119ADC0203685047B60A48204B1EA14EB29EIMPORTED-SOLUTION, buildAgent=BuildAgentDTO[name=artemis-build-agent-test, memberAddress=[127.0.0.1]:5703, displayName=artemis-build-agent-test], participationId=2072, courseId=1007, exerciseId=2625, retryCount=0, priority=2, status=null, repositoryInfo=RepositoryInfo[repositoryName=short119adc0203685047b60a48204b1ea14eb29eimported-solution, repositoryType=solution, triggeredByPushTo=solution, assignmentRepositoryUri=http://localhost:49152/git/SHORT119ADC0203685047B60A48204B1EA14EB29EIMPORTED/short119adc0203685047b60a48204b1ea14eb29eimported-solution.git, testRepositoryUri=http://localhost:49152/git/SHORT119ADC0203685047B60A48204B1EA14EB29EIMPORTED/short119adc0203685047b60a48204b1ea14eb29eimported-tests.git, solutionRepositoryUri=null, auxiliaryRepositoryUris=[Ljava.lang.String;@188ffe74, auxiliaryRepositoryCheckoutDirectories=[Ljava.lang.String;@60400d3b], jobTimingInfo=JobTimingInfo[submissionDate=2025-02-14T23:46:09.890822804Z[Etc/UTC], buildStartDate=2025-02-14T23:46:11.208247329Z[Etc/UTC], buildCompletionDate=null, estimatedCompletionDate=2025-02-14T23:46:30.208240637Z[Etc/UTC], estimatedDuration=19], buildConfig=BuildConfig[buildScript=#!/bin/bash
cd /var/tmp/testing-dir
chmod +x ./gradlew
./gradlew clean test
, dockerImage=dummy-docker-image, commitHashToBuild=null, assignmentCommitHash=fdf5d18917d97180fa8cd8dbe85fef02e40bdd6d, testCommitHash=fdf5d18917d97180fa8cd8dbe85fef02e40bdd6d, branch=main, programmingLanguage=JAVA, projectType=PLAIN_GRADLE, scaEnabled=false, sequentialTestRunsEnabled=false, resultPaths=[/var/tmp/testing-dir/**/test-results/test/*.xml], timeoutSeconds=0, assignmentCheckoutPath=null, testCheckoutPath=null, solutionCheckoutPath=null, dockerRunConfig=null], submissionResult=null]], status=ACTIVE, recentBuildJobs=[BuildJobQueueItem[id=19341739576713025, name=SHORT9AFDAE3804CA304DDF0889A0CB0F56104A86TSTEXC-SOLUTION, buildAgent=BuildAgentDTO[name=artemis-build-agent-test, memberAddress=[127.0.0.1]:5703, displayName=artemis-build-agent-test], participationId=1934, courseId=956, exerciseId=2573, retryCount=0, priority=2, status=FAILED, repositoryInfo=RepositoryInfo[repositoryName=short9afdae3804ca304ddf0889a0cb0f56104a86tstexc-solution, repositoryType=solution, triggeredByPushTo=tests, assignmentRepositoryUri=http://localhost:49152/git/SHORT9AFDAE3804CA304DDF0889A0CB0F56104A86TSTEXC/short9afdae3804ca304ddf0889a0cb0f56104a86tstexc-solution.git, testRepositoryUri=http://localhost:49152/git/SHORT9AFDAE3804CA304DDF0889A0CB0F56104A86TSTEXC/short9afdae3804ca304ddf0889a0cb0f56104a86tstexc-tests.git, solutionRepositoryUri=null, auxiliaryRepositoryUris=[Ljava.lang.String;@45957270, auxiliaryRepositoryCheckoutDirectories=[Ljava.lang.String;@5089a383], jobTimingInfo=JobTimingInfo[submissionDate=2025-02-14T23:45:13.025319671Z[Etc/UTC], buildStartDate=2025-02-14T23:45:13.040293146Z[Etc/UTC], buildCompletionDate=2025-02-14T23:45:13.053032917Z[Etc/UTC], estimatedCompletionDate=2025-02-14T23:45:32.040285703Z[Etc/UTC], estimatedDuration=19], buildConfig=BuildConfig[buildScript=#!/bin/bash
cd /var/tmp/testing-dir
chmod +x ./gradlew
./gradlew clean test
, dockerImage=dummy-docker-image:latest, commitHashToBuild=784f8f0049d2a1a54f21c67dd772bea86715267a, assignmentCommitHash=a1099e378cffde441ef85f9b12577ca174b8e1e4, testCommitHash=784f8f0049d2a1a54f21c67dd772bea86715267a, branch=main, programmingLanguage=JAVA, projectType=PLAIN_GRADLE, scaEnabled=false, sequentialTestRunsEnabled=false, resultPaths=[/var/tmp/testing-dir/**/test-results/test/*.xml], timeoutSeconds=0, assignmentCheckoutPath=null, testCheckoutPath=null, solutionCheckoutPath=null, dockerRunConfig=null], submissionResult=ResultDTO[id=626, completionDate=2025-02-14T23:45:13.053131811Z[Etc/UTC], successful=false, score=0.0, rated=true, submission=SubmissionDTO[id=818, submitted=true, type=TEST, exampleSubmission=null, submissionDate=2025-02-14T23:45:13.005779Z, commitHash=784f8f0049d2a1a54f21c67dd772bea86715267a, buildFailed=true, buildArtifact=false, participation=ParticipationDTO[id=1934, testRun=false, type=solution, submissionCount=null, exercise=ParticipationExerciseDTO[id=2573, exerciseType=PROGRAMMING, type=programming, assessmentType=AUTOMATIC, dueDate=2025-02-16T23:45:10.996982Z, assessmentDueDate=null, maxPoints=42.0, course=CourseDTO[id=956, accuracyOfScores=1]]], submissionExerciseType=programming, isProcessing=false, buildStartDate=null, estimatedCompletionDate=null], participation=ParticipationDTO[id=1934, testRun=false, type=solution, submissionCount=null, exercise=ParticipationExerciseDTO[id=2573, exerciseType=PROGRAMMING, type=programming, assessmentType=AUTOMATIC, dueDate=2025-02-16T23:45:10.996982Z, assessmentDueDate=null, maxPoints=42.0, course=CourseDTO[id=956, accuracyOfScores=1]]], feedbacks=[], assessmentType=AUTOMATIC, hasComplaint=null, exampleResult=null, testCaseCount=0, passedTestCaseCount=0, codeIssueCount=0]], BuildJobQueueItem[id=19581739576715555, name=SHORTC1A3F9FC03D2304B4308FA20AF16D54AAA49TSTEXC-LOCALVCSSHINTSTUDENT1, buildAgent=BuildAgentDTO[name=artemis-build-agent-test, memberAddress=[127.0.0.1]:5703, displayName=artemis-build-agent-test], participationId=1958, courseId=965, exerciseId=2582, retryCount=0, priority=2, status=FAILED, repositoryInfo=RepositoryInfo[repositoryName=shortc1a3f9fc03d2304b4308fa20af16d54aaa49tstexc-localvcsshintstudent1, repositoryType=user, triggeredByPushTo=user, assignmentRepositoryUri=http://localhost:49152/git/SHORTC1A3F9FC03D2304B4308FA20AF16D54AAA49TSTEXC/shortc1a3f9fc03d2304b4308fa20af16d54aaa49tstexc-localvcsshintstudent1.git, testRepositoryUri=http://localhost:49152/git/SHORTC1A3F9FC03D2304B4308FA20AF16D54AAA49TSTEXC/shortc1a3f9fc03d2304b4308fa20af16d54aaa49tstexc-tests.git, solutionRepositoryUri=null, auxiliaryRepositoryUris=[Ljava.lang.String;@37928bb8, auxiliaryRepositoryCheckoutDirectories=[Ljava.lang.String;@57db71a4], jobTimingInfo=JobTimingInfo[submissionDate=2025-02-14T23:45:15.555989584Z[Etc/UTC], buildStartDate=2025-02-14T23:45:15.568477627Z[Etc/UTC], buildCompletionDate=2025-02-14T23:45:15.579021148Z[Etc/UTC], estimatedCompletionDate=2025-02-14T23:45:34.568443924Z[Etc/UTC], estimatedDuration=19], buildConfig=BuildConfig[buildScript=#!/bin/bash
cd /var/tmp/testing-dir
chmod +x ./gradlew
./gradlew clean test
, dockerImage=dummy-docker-image:latest, commitHashToBuild=ca76dac20e040e6609db02fd7fedd56bf58829d7, assignmentCommitHash=ca76dac20e040e6609db02fd7fedd56bf58829d7, testCommitHash=bd0d58c226dc63bfa4bc9052870589952c0a1f83, branch=main, programmingLanguage=JAVA, projectType=PLAIN_GRADLE, scaEnabled=false, sequentialTestRunsEnabled=false, resultPaths=[/var/tmp/testing-dir/**/test-results/test/*.xml], timeoutSeconds=0, assignmentCheckoutPath=null, testCheckoutPath=null, solutionCheckoutPath=null, dockerRunConfig=null], submissionResult=ResultDTO[id=627, completionDate=2025-02-14T23:45:15.579119131Z[Etc/UTC], successful=false, score=0.0, rated=true, submission=SubmissionDTO[id=820, submitted=true, type=MANUAL, exampleSubmission=null, submissionDate=2025-02-14T23:45:15.548349Z, commitHash=ca76dac20e040e6609db02fd7fedd56bf58829d7, buildFailed=true, buildArtifact=false, participation=ParticipationDTO[id=1958, testRun=false, type=programming, submissionCount=null, exercise=ParticipationExerciseDTO[id=2582, exerciseType=PROGRAMMING, type=programming, assessmentType=AUTOMATIC, dueDate=2025-02-16T23:45:15.103512Z, assessmentDueDate=null, maxPoints=42.0, course=CourseDTO[id=965, accuracyOfScores=1]]], submissionExerciseType=programming, isProcessing=false, buildStartDate=null, estimatedCompletionDate=null], participation=ParticipationDTO[id=1958, testRun=false, type=programming, submissionCount=null, exercise=ParticipationExerciseDTO[id=2582, exerciseType=PROGRAMMING, type=programming, assessmentType=AUTOMATIC, dueDate=2025-02-16T23:45:15.103512Z, assessmentDueDate=null, maxPoints=42.0, course=CourseDTO[id=965, accuracyOfScores=1]]], feedbacks=[], assessmentType=AUTOMATIC, hasComplaint=null, exampleResult=null, testCaseCount=0, passedTestCaseCount=0, codeIssueCount=0]], BuildJobQueueItem[id=19801739576719393, name=SHORTB2A6C58B0D447045380A858075B170A5B7C6TSTEXC-LOCALVCSSHINTSTUDENT1, buildAgent=BuildAgentDTO[name=artemis-build-agent-test, memberAddress=[127.0.0.1]:5703, displayName=artemis-build-agent-test], participationId=1980, courseId=974, exerciseId=2591, retryCount=0, priority=2, status=FAILED, repositoryInfo=RepositoryInfo[repositoryName=shortb2a6c58b0d447045380a858075b170a5b7c6tstexc-localvcsshintstudent1, repositoryType=user, triggeredByPushTo=user, assignmentRepositoryUri=http://localhost:49152/git/SHORTB2A6C58B0D447045380A858075B170A5B7C6TSTEXC/shortb2a6c58b0d447045380a858075b170a5b7c6tstexc-localvcsshintstudent1.git, testRepositoryUri=http://localhost:49152/git/SHORTB2A6C58B0D447045380A858075B170A5B7C6TSTEXC/shortb2a6c58b0d447045380a858075b170a5b7c6tstexc-tests.git, solutionRepositoryUri=null, auxiliaryRepositoryUris=[Ljava.lang.String;@39338fdd, auxiliaryRepositoryCheckoutDirectories=[Ljava.lang.String;@24bbb6c3], jobTimingInfo=JobTimingInfo[submissionDate=2025-02-14T23:45:19.393259829Z[Etc/UTC], buildStartDate=2025-02-14T23:45:19.405438171Z[Etc/UTC], buildCompletionDate=2025-02-14T23:45:19.414070673Z[Etc/UTC], estimatedCompletionDate=2025-02-14T23:45:38.405431569Z[Etc/UTC], estimatedDuration=19], buildConfig=BuildConfig[buildScript=#!/bin/bash
cd /var/tmp/testing-dir
chmod +x ./gradlew
./gradlew clean test
, dockerImage=dummy-docker-image:latest, commitHashToBuild=363cdbf709a9fff149f813ab848ee800a675cc77, assignmentCommitHash=363cdbf709a9fff149f813ab848ee800a675cc77, testCommitHash=a5e046ece417b2e538f21f816e2524dab61e0d10, branch=main, programmingLanguage=JAVA, projectType=PLAIN_GRADLE, scaEnabled=false, sequentialTestRunsEnabled=false, resultPaths=[/var/tmp/testing-dir/**/test-results/test/*.xml], timeoutSeconds=0, assignmentCheckoutPath=null, testCheckoutPath=null, solutionCheckoutPath=null, dockerRunConfig=null], submissionResult=ResultDTO[id=628, completionDate=2025-02-14T23:45:19.414171040Z[Etc/UTC], successful=false, score=0.0, rated=true, submission=SubmissionDTO[id=821, submitted=true, type=MANUAL, exampleSubmission=null, submissionDate=2025-02-14T23:45:19.376840Z, commitHash=363cdbf709a9fff149f813ab848ee800a675cc77, buildFailed=true, buildArtifact=false, participation=ParticipationDTO[id=1980, testRun=false, type=programming, submissionCount=null, exercise=ParticipationExerciseDTO[id=2591, exerciseType=PROGRAMMING, type=programming, assessmentType=AUTOMATIC, dueDate=2025-02-16T23:45:18.950569Z, assessmentDueDate=null, maxPoints=42.0, course=CourseDTO[id=974, accuracyOfScores=1]]], submissionExerciseType=programming, isProcessing=false, buildStartDate=null, estimatedCompletionDate=null], participation=ParticipationDTO[id=1980, testRun=false, type=programming, submissionCount=null, exercise=ParticipationExerciseDTO[id=2591, exerciseType=PROGRAMMING, type=programming, assessmentType=AUTOMATIC, dueDate=2025-02-16T23:45:18.950569Z, assessmentDueDate=null, maxPoints=42.0, course=CourseDTO[id=974, accuracyOfScores=1]]], feedbacks=[], assessmentType=AUTOMATIC, hasComplaint=null, exampleResult=null, testCaseCount=0, passedTestCaseCount=0, codeIssueCount=0]], BuildJobQueueItem[id=19791739576719787, name=SHORTB2A6C58B0D447045380A858075B170A5B7C6TSTEXC-BASE, buildAgent=BuildAgentDTO[name=artemis-build-agent-test, memberAddress=[127.0.0.1]:5703, displayName=artemis-build-agent-test], participationId=1979, courseId=974, exerciseId=2591, retryCount=0, priority=2, status=FAILED, repositoryInfo=RepositoryInfo[repositoryName=shortb2a6c58b0d447045380a858075b170a5b7c6tstexc-exercise, repositoryType=exercise, triggeredByPushTo=exercise, assignmentRepositoryUri=http://localhost:49152/git/SHORTB2A6C58B0D447045380A858075B170A5B7C6TSTEXC/shortb2a6c58b0d447045380a858075b170a5b7c6tstexc-exercise.git, testRepositoryUri=http://localhost:49152/git/SHORTB2A6C58B0D447045380A858075B170A5B7C6TSTEXC/shortb2a6c58b0d447045380a858075b170a5b7c6tstexc-tests.git, solutionRepositoryUri=null, auxiliaryRepositoryUris=[Ljava.lang.String;@7d726a7, auxiliaryRepositoryCheckoutDirectories=[Ljava.lang.String;@b0d21a8], jobTimingInfo=JobTimingInfo[submissionDate=2025-02-14T23:45:19.787985058Z[Etc/UTC], buildStartDate=2025-02-14T23:45:19.796327417Z[Etc/UTC], buildCompletionDate=2025-02-14T23:45:19.799750982Z[Etc/UTC], estimatedCompletionDate=2025-02-14T23:45:38.796319082Z[Etc/UTC], estimatedDuration=19], buildConfig=BuildConfig[buildScript=#!/bin/bash
cd /var/tmp/testing-dir
chmod +x ./gradlew
./gradlew clean test
, dockerImage=dummy-docker-image:latest, commitHashToBuild=363cdbf709a9fff149f813ab848ee800a675cc77, assignmentCommitHash=363cdbf709a9fff149f813ab848ee800a675cc77, testCommitHash=a5e046ece417b2e538f21f816e2524dab61e0d10, branch=main, programmingLanguage=JAVA, projectType=PLAIN_GRADLE, scaEnabled=false, sequentialTestRunsEnabled=false, resultPaths=[/var/tmp/testing-dir/**/test-results/test/*.xml], timeoutSeconds=0, assignmentCheckoutPath=null, testCheckoutPath=null, solutionCheckoutPath=null, dockerRunConfig=null], submissionResult=ResultDTO[id=629, completionDate=2025-02-14T23:45:19.799820341Z[Etc/UTC], successful=false, score=0.0, rated=true, submission=SubmissionDTO[id=822, submitted=true, type=MANUAL, exampleSubmission=null, submissionDate=2025-02-14T23:45:19.775952Z, commitHash=363cdbf709a9fff149f813ab848ee800a675cc77, buildFailed=true, buildArtifact=false, participation=ParticipationDTO[id=1979, testRun=false, type=template, submissionCount=null, exercise=ParticipationExerciseDTO[id=2591, exerciseType=PROGRAMMING, type=programming, assessmentType=AUTOMATIC, dueDate=2025-02-16T23:45:18.950569Z, assessmentDueDate=null, maxPoints=42.0, course=CourseDTO[id=974, accuracyOfScores=1]]], submissionExerciseType=programming, isProcessing=false, buildStartDate=null, estimatedCompletionDate=null], participation=ParticipationDTO[id=1979, testRun=false, type=template, submissionCount=null, exercise=ParticipationExerciseDTO[id=2591, exerciseType=PROGRAMMING, type=programming, assessmentType=AUTOMATIC, dueDate=2025-02-16T23:45:18.950569Z, assessmentDueDate=null, maxPoints=42.0, course=CourseDTO[id=974, accuracyOfScores=1]]], feedbacks=[], assessmentType=AUTOMATIC, hasComplaint=null, exampleResult=null, testCaseCount=0, passedTestCaseCount=0, codeIssueCount=0]], BuildJobQueueItem[id=19781739576720235, name=SHORTB2A6C58B0D447045380A858075B170A5B7C6TSTEXC-SOLUTION, buildAgent=BuildAgentDTO[name=artemis-build-agent-test, memberAddress=[127.0.0.1]:5703, displayName=artemis-build-agent-test], participationId=1978, courseId=974, exerciseId=2591, retryCount=0, priority=2, status=FAILED, repositoryInfo=RepositoryInfo[repositoryName=shortb2a6c58b0d447045380a858075b170a5b7c6tstexc-solution, repositoryType=solution, triggeredByPushTo=solution, assignmentRepositoryUri=http://localhost:49152/git/SHORTB2A6C58B0D447045380A858075B170A5B7C6TSTEXC/shortb2a6c58b0d447045380a858075b170a5b7c6tstexc-solution.git, testRepositoryUri=http://localhost:49152/git/SHORTB2A6C58B0D447045380A858075B170A5B7C6TSTEXC/shortb2a6c58b0d447045380a858075b170a5b7c6tstexc-tests.git, solutionRepositoryUri=null, auxiliaryRepositoryUris=[Ljava.lang.String;@2e651a73, auxiliaryRepositoryCheckoutDirectories=[Ljava.lang.String;@5711acd2], jobTimingInfo=JobTimingInfo[submissionDate=2025-02-14T23:45:20.235272325Z[Etc/UTC], buildStartDate=2025-02-14T23:45:20.243033812Z[Etc/UTC], buildCompletionDate=2025-02-14T23:45:20.250721018Z[Etc/UTC], estimatedCompletionDate=2025-02-14T23:45:39.243026949Z[Etc/UTC], estimatedDuration=19], buildConfig=BuildConfig[buildScript=#!/bin/bash
cd /var/tmp/testing-dir
chmod +x ./gradlew
./gradlew clean test
, dockerImage=dummy-docker-image:latest, commitHashToBuild=c710d0e68c9c7db8cda7d1a278308de2b9642cc0, assignmentCommitHash=c710d0e68c9c7db8cda7d1a278308de2b9642cc0, testCommitHash=a5e046ece417b2e538f21f816e2524dab61e0d10, branch=main, programmingLanguage=JAVA, projectType=PLAIN_GRADLE, scaEnabled=false, sequentialTestRunsEnabled=false, resultPaths=[/var/tmp/testing-dir/**/test-results/test/*.xml], timeoutSeconds=0, assignmentCheckoutPath=null, testCheckoutPath=null, solutionCheckoutPath=null, dockerRunConfig=null], submissionResult=ResultDTO[id=630, completionDate=2025-02-14T23:45:20.250809893Z[Etc/UTC], successful=false, score=0.0, rated=true, submission=SubmissionDTO[id=823, submitted=true, type=MANUAL, exampleSubmission=null, submissionDate=2025-02-14T23:45:20.211707Z, commitHash=c710d0e68c9c7db8cda7d1a278308de2b9642cc0, buildFailed=true, buildArtifact=false, participation=ParticipationDTO[id=1978, testRun=false, type=solution, submissionCount=null, exercise=ParticipationExerciseDTO[id=2591, exerciseType=PROGRAMMING, type=programming, assessmentType=AUTOMATIC, dueDate=2025-02-16T23:45:18.950569Z, assessmentDueDate=null, maxPoints=42.0, course=CourseDTO[id=974, accuracyOfScores=1]]], submissionExerciseType=programming, isProcessing=false, buildStartDate=null, estimatedCompletionDate=null], participation=ParticipationDTO[id=1978, testRun=false, type=solution, submissionCount=null, exercise=ParticipationExerciseDTO[id=2591, exerciseType=PROGRAMMING, type=programming, assessmentType=AUTOMATIC, dueDate=2025-02-16T23:45:18.950569Z, assessmentDueDate=null, maxPoints=42.0, course=CourseDTO[id=974, accuracyOfScores=1]]], feedbacks=[], assessmentType=AUTOMATIC, hasComplaint=null, exampleResult=null, testCaseCount=0, passedTestCaseCount=0, codeIssueCount=0]], BuildJobQueueItem[id=19781739576720802, name=SHORTB2A6C58B0D447045380A858075B170A5B7C6TSTEXC-SOLUTION, buildAgent=BuildAgentDTO[name=artemis-build-agent-test, memberAddress=[127.0.0.1]:5703, displayName=artemis-build-agent-test], participationId=1978, courseId=974, exerciseId=2591, retryCount=0, priority=2, status=FAILED, repositoryInfo=RepositoryInfo[repositoryName=shortb2a6c58b0d447045380a858075b170a5b7c6tstexc-solution, repositoryType=solution, triggeredByPushTo=tests, assignmentRepositoryUri=http://localhost:49152/git/SHORTB2A6C58B0D447045380A858075B170A5B7C6TSTEXC/shortb2a6c58b0d447045380a858075b170a5b7c6tstexc-solution.git, testRepositoryUri=http://localhost:49152/git/SHORTB2A6C58B0D447045380A858075B170A5B7C6TSTEXC/shortb2a6c58b0d447045380a858075b170a5b7c6tstexc-tests.git, solutionRepositoryUri=null, auxiliaryRepositoryUris=[Ljava.lang.String;@694d4a89, auxiliaryRepositoryCheckoutDirectories=[Ljava.lang.String;@baf2669], jobTimingInfo=JobTimingInfo[submissionDate=2025-02-14T23:45:20.802935026Z[Etc/UTC], buildStartDate=2025-02-14T23:45:20.809306435Z[Etc/UTC], buildCompletionDate=2025-02-14T23:45:20.822452342Z[Etc/UTC], estimatedCompletionDate=2025-02-14T23:45:39.809298491Z[Etc/UTC], estimatedDuration=19], buildConfig=BuildConfig[buildScript=#!/bin/bash
cd /var/tmp/testing-dir
chmod +x ./gradlew
./gradlew clean test
, dockerImage=dummy-docker-image:latest, commitHashToBuild=c710d0e68c9c7db8cda7d1a278308de2b9642cc0, assignmentCommitHash=c710d0e68c9c7db8cda7d1a278308de2b9642cc0, testCommitHash=c710d0e68c9c7db8cda7d1a278308de2b9642cc0, branch=main, programmingLanguage=JAVA, projectType=PLAIN_GRADLE, scaEnabled=false, sequentialTestRunsEnabled=false, resultPaths=[/var/tmp/testing-dir/**/test-results/test/*.xml], timeoutSeconds=0, assignmentCheckoutPath=null, testCheckoutPath=null, solutionCheckoutPath=null, dockerRunConfig=null], submissionResult=ResultDTO[id=631, completionDate=2025-02-14T23:45:20.822527362Z[Etc/UTC], successful=false, score=0.0, rated=true, submission=SubmissionDTO[id=824, submitted=true, type=TEST, exampleSubmission=null, submissionDate=2025-02-14T23:45:20.791240Z, commitHash=c710d0e68c9c7db8cda7d1a278308de2b9642cc0, buildFailed=true, buildArtifact=false, participation=ParticipationDTO[id=1978, testRun=false, type=solution, submissionCount=null, exercise=ParticipationExerciseDTO[id=2591, exerciseType=PROGRAMMING, type=programming, assessmentType=AUTOMATIC, dueDate=2025-02-16T23:45:18.950569Z, assessmentDueDate=null, maxPoints=42.0, course=CourseDTO[id=974, accuracyOfScores=1]]], submissionExerciseType=programming, isProcessing=false, buildStartDate=null, estimatedCompletionDate=null], participation=ParticipationDTO[id=1978, testRun=false, type=solution, submissionCount=null, exercise=ParticipationExerciseDTO[id=2591, exerciseType=PROGRAMMING, type=programming, assessmentType=AUTOMATIC, dueDate=2025-02-16T23:45:18.950569Z, assessmentDueDate=null, maxPoints=42.0, course=CourseDTO[id=974, accuracyOfScores=1]]], feedbacks=[], assessmentType=AUTOMATIC, hasComplaint=null, exampleResult=null, testCaseCount=0, passedTestCaseCount=0, codeIssueCount=0]], BuildJobQueueItem[id=20061739576732554, name=SHORT94A899E303D7504C5D0840704DAAFA3DFF4DTSTEXC-LOCALVCCIINTINSTRUCTOR1, buildAgent=BuildAgentDTO[name=artemis-build-agent-test, memberAddress=[127.0.0.1]:5703, displayName=artemis-build-agent-test], participationId=2006, courseId=984, exerciseId=2601, retryCount=0, priority=2, status=SUCCESSFUL, repositoryInfo=RepositoryInfo[repositoryName=short94a899e303d7504c5d0840704daafa3dff4dtstexc-localvcciintinstructor1, repositoryType=user, triggeredByPushTo=user, assignmentRepositoryUri=http://localhost:49152/git/SHORT94A899E303D7504C5D0840704DAAFA3DFF4DTSTEXC/short94a899e303d7504c5d0840704daafa3dff4dtstexc-localvcciintinstructor1.git, testRepositoryUri=http://localhost:49152/git/SHORT94A899E303D7504C5D0840704DAAFA3DFF4DTSTEXC/short94a899e303d7504c5d0840704daafa3dff4dtstexc-tests.git, solutionRepositoryUri=null, auxiliaryRepositoryUris=[Ljava.lang.String;@d9f03ed, auxiliaryRepositoryCheckoutDirectories=[Ljava.lang.String;@57b249b0], jobTimingInfo=JobTimingInfo[submissionDate=2025-02-14T23:45:32.554795798Z[Etc/UTC], buildStartDate=2025-02-14T23:45:32.567287465Z[Etc/UTC], buildCompletionDate=2025-02-14T23:45:34.535226768Z[Etc/UTC], estimatedCompletionDate=2025-02-14T23:45:51.567257960Z[Etc/UTC], estimatedDuration=19], buildConfig=BuildConfig[buildScript=#!/bin/bash
cd /var/tmp/testing-dir
chmod +x ./gradlew
./gradlew clean test
, dockerImage=dummy-docker-image:latest, commitHashToBuild=ca2dbc0ae87edf7035058a6a17c0ea60e90a290f, assignmentCommitHash=ca2dbc0ae87edf7035058a6a17c0ea60e90a290f, testCommitHash=0207f6f98af5fbb66ad68455f3fc3cf128af8ae9, branch=main, programmingLanguage=JAVA, projectType=PLAIN_GRADLE, scaEnabled=false, sequentialTestRunsEnabled=false, resultPaths=[/var/tmp/testing-dir/**/test-results/test/*.xml], timeoutSeconds=0, assignmentCheckoutPath=null, testCheckoutPath=null, solutionCheckoutPath=null, dockerRunConfig=null], submissionResult=ResultDTO[id=632, completionDate=2025-02-14T23:45:34.504415716Z[Etc/UTC], successful=false, score=7.7, rated=false, submission=SubmissionDTO[id=826, submitted=true, type=MANUAL, exampleSubmission=null, submissionDate=2025-02-14T23:45:32.541533Z, commitHash=ca2dbc0ae87edf7035058a6a17c0ea60e90a290f, buildFailed=false, buildArtifact=false, participation=ParticipationDTO[id=2006, testRun=true, type=programming, submissionCount=null, exercise=ParticipationExerciseDTO[id=2601, exerciseType=PROGRAMMING, type=programming, assessmentType=AUTOMATIC, dueDate=2025-02-16T23:45:31.864042Z, assessmentDueDate=null, maxPoints=42.0, course=CourseDTO[id=984, accuracyOfScores=1]]], submissionExerciseType=programming, isProcessing=false, buildStartDate=null, estimatedCompletionDate=null], participation=ParticipationDTO[id=2006, testRun=true, type=programming, submissionCount=null, exercise=ParticipationExerciseDTO[id=2601, exerciseType=PROGRAMMING, type=programming, assessmentType=AUTOMATIC, dueDate=2025-02-16T23:45:31.864042Z, assessmentDueDate=null, maxPoints=42.0, course=CourseDTO[id=984, accuracyOfScores=1]]], feedbacks=[FeedbackDTO[id=920, text=null, detailText=The exercise expects a class with the name Context in the package testpackage. You did not implement the class in the exercise., hasLongFeedbackText=false, reference=null, credits=0.0, positive=false, type=AUTOMATIC, visibility=ALWAYS, testCase=TestCaseDTO[testName=null, id=1357]], FeedbackDTO[id=921, text=null, detailText=The exercise expects a class with the name Policy in the package testpackage. You did not implement the class in the exercise., hasLongFeedbackText=false, reference=null, credits=0.0, positive=false, type=AUTOMATIC, visibility=ALWAYS, testCase=TestCaseDTO[testName=null, id=1358]], FeedbackDTO[id=922, text=null, detailText=The exercise expects a class with the name SortStrategy in the package testpackage. You did not implement the class in the exercise., hasLongFeedbackText=false, reference=null, credits=0.0, positive=false, type=AUTOMATIC, visibility=ALWAYS, testCase=TestCaseDTO[testName=null, id=1359]], FeedbackDTO[id=923, text=null, detailText=The class 'MergeSort' does not implement the interface 'SortStrategy' as expected. Implement the interface and its methods., hasLongFeedbackText=false, reference=null, credits=0.0, positive=false, type=AUTOMATIC, visibility=ALWAYS, testCase=TestCaseDTO[testName=null, id=1354]], FeedbackDTO[id=924, text=null, detailText=The exercise expects a class with the name SortStrategy in the package testpackage. You did not implement the class in the exercise., hasLongFeedbackText=false, reference=null, credits=0.0, positive=false, type=AUTOMATIC, visibility=ALWAYS, testCase=TestCaseDTO[testName=null, id=1351]], FeedbackDTO[id=925, text=null, detailText=The class 'BubbleSort' does not implement the interface 'SortStrategy' as expected. Implement the interface and its methods., hasLongFeedbackText=false, reference=null, credits=0.0, positive=false, type=AUTOMATIC, visibility=ALWAYS, testCase=TestCaseDTO[testName=null, id=1355]], FeedbackDTO[id=926, text=null, detailText=MergeSort does not sort correctly, hasLongFeedbackText=false, reference=null, credits=0.0, positive=false, type=AUTOMATIC, visibility=ALWAYS, testCase=TestCaseDTO[testName=null, id=1360]], FeedbackDTO[id=927, text=null, detailText=The class 'Context' was not found within the submission. Make sure to implement it properly., hasLongFeedbackText=false, reference=null, credits=0.0, positive=false, type=AUTOMATIC, visibility=ALWAYS, testCase=TestCaseDTO[testName=null, id=1361]], FeedbackDTO[id=928, text=null, detailText=The class 'Context' was not found within the submission. Make sure to implement it properly., hasLongFeedbackText=false, reference=null, credits=0.0, positive=false, type=AUTOMATIC, visibility=ALWAYS, testCase=TestCaseDTO[testName=null, id=1362]], FeedbackDTO[id=929, text=null, detailText=The exercise expects a class with the name Policy in the package testpackage. You did not implement the class in the exercise., hasLongFeedbackText=false, reference=null, credits=0.0, positive=false, type=AUTOMATIC, visibility=ALWAYS, testCase=TestCaseDTO[testName=null, id=1356]], FeedbackDTO[id=930, text=null, detailText=The exercise expects a class with the name Context in the package testpackage. You did not implement the class in the exercise., hasLongFeedbackText=false, reference=null, credits=0.0, positive=false, type=AUTOMATIC, visibility=ALWAYS, testCase=TestCaseDTO[testName=null, id=1352]], FeedbackDTO[id=931, text=null, detailText=The exercise expects a class with the name Policy in the package testpackage. You did not implement the class in the exercise., hasLongFeedbackText=false, reference=null, credits=0.0, positive=false, type=AUTOMATIC, visibility=ALWAYS, testCase=TestCaseDTO[testName=null, id=1353]], FeedbackDTO[id=932, text=null, detailText=null, hasLongFeedbackText=false, reference=null, credits=3.230769230769231, positive=true, type=AUTOMATIC, visibility=ALWAYS, testCase=TestCaseDTO[testName=null, id=1363]]], assessmentType=AUTOMATIC, hasComplaint=null, exampleResult=null, testCaseCount=13, passedTestCaseCount=1, codeIssueCount=0]], BuildJobQueueItem[id=20111739576737317, name=SHORTD49A6DAE04F9E049850BD5601663FD17A5B7TSTEXC-BASE, buildAgent=BuildAgentDTO[name=artemis-build-agent-test, memberAddress=[127.0.0.1]:5703, displayName=artemis-build-agent-test], participationId=2011, courseId=986, exerciseId=2603, retryCount=0, priority=2, status=SUCCESSFUL, repositoryInfo=RepositoryInfo[repositoryName=shortd49a6dae04f9e049850bd5601663fd17a5b7tstexc-exercise, repositoryType=exercise, triggeredByPushTo=exercise, assignmentRepositoryUri=http://localhost:49152/git/SHORTD49A6DAE04F9E049850BD5601663FD17A5B7TSTEXC/shortd49a6dae04f9e049850bd5601663fd17a5b7tstexc-exercise.git, testRepositoryUri=http://localhost:49152/git/SHORTD49A6DAE04F9E049850BD5601663FD17A5B7TSTEXC/shortd49a6dae04f9e049850bd5601663fd17a5b7tstexc-tests.git, solutionRepositoryUri=null, auxiliaryRepositoryUris=[Ljava.lang.String;@54a858cd, auxiliaryRepositoryCheckoutDirectories=[Ljava.lang.String;@26c6a05f], jobTimingInfo=JobTimingInfo[submissionDate=2025-02-14T23:45:37.317968648Z[Etc/UTC], buildStartDate=2025-02-14T23:45:37.324534774Z[Etc/UTC], buildCompletionDate=2025-02-14T23:45:38.527225461Z[Etc/UTC], estimatedCompletionDate=2025-02-14T23:45:56.324506331Z[Etc/UTC], estimatedDuration=19], buildConfig=BuildConfig[buildScript=#!/bin/bash
cd /var/tmp/testing-dir
chmod +x ./gradlew
./gradlew clean test
, dockerImage=dummy-docker-image:latest, commitHashToBuild=c795243c185829bbefa399f45dcbcfac22311b2f, assignmentCommitHash=c795243c185829bbefa399f45dcbcfac22311b2f, testCommitHash=fa8b162170bf767d852e05e0eb7a128efa2e1f34, branch=main, programmingLanguage=JAVA, projectType=PLAIN_GRADLE, scaEnabled=false, sequentialTestRunsEnabled=false, resultPaths=[/var/tmp/testing-dir/**/test-results/test/*.xml], timeoutSeconds=0, assignmentCheckoutPath=null, testCheckoutPath=null, solutionCheckoutPath=null, dockerRunConfig=null], submissionResult=ResultDTO[id=633, completionDate=2025-02-14T23:45:38.476795726Z[Etc/UTC], successful=false, score=0.0, rated=true, submission=SubmissionDTO[id=827, submitted=true, type=MANUAL, exampleSubmission=null, submissionDate=2025-02-14T23:45:37.303401Z, commitHash=c795243c185829bbefa399f45dcbcfac22311b2f, buildFailed=false, buildArtifact=false, participation=ParticipationDTO[id=2011, testRun=false, type=template, submissionCount=null, exercise=ParticipationExerciseDTO[id=2603, exerciseType=PROGRAMMING, type=programming, assessmentType=AUTOMATIC, dueDate=2025-02-16T23:45:36.830269Z, assessmentDueDate=null, maxPoints=42.0, course=CourseDTO[id=986, accuracyOfScores=1]]], submissionExerciseType=programming, isProcessing=false, buildStartDate=null, estimatedCompletionDate=null], participation=ParticipationDTO[id=2011, testRun=false, type=template, submissionCount=null, exercise=ParticipationExerciseDTO[id=2603, exerciseType=PROGRAMMING, type=programming, assessmentType=AUTOMATIC, dueDate=2025-02-16T23:45:36.830269Z, assessmentDueDate=null, maxPoints=42.0, course=CourseDTO[id=986, accuracyOfScores=1]]], feedbacks=[FeedbackDTO[id=933, text=null, detailText=The exercise expects a class with the name Context in the package testpackage. You did not implement the class in the exercise., hasLongFeedbackText=false, reference=null, credits=0.0, positive=false, type=AUTOMATIC, visibility=ALWAYS, testCase=TestCaseDTO[testName=testMethods[Context], id=1383]], FeedbackDTO[id=934, text=null, detailText=The exercise expects a class with the name Policy in the package testpackage. You did not implement the class in the exercise., hasLongFeedbackText=false, reference=null, credits=0.0, positive=false, type=AUTOMATIC, visibility=ALWAYS, testCase=TestCaseDTO[testName=testMethods[Policy], id=1384]], FeedbackDTO[id=935, text=null, detailText=The exercise expects a class with the name SortStrategy in the package testpackage. You did not implement the class in the exercise., hasLongFeedbackText=false, reference=null, credits=0.0, positive=false, type=AUTOMATIC, visibility=ALWAYS, testCase=TestCaseDTO[testName=testMethods[SortStrategy], id=1385]], FeedbackDTO[id=936, text=null, detailText=The class 'MergeSort' does not implement the interface 'SortStrategy' as expected. Implement the interface and its methods., hasLongFeedbackText=false, reference=null, credits=0.0, positive=false, type=AUTOMATIC, visibility=ALWAYS, testCase=TestCaseDTO[testName=testClass[MergeSort], id=1380]], FeedbackDTO[id=937, text=null, detailText=The exercise expects a class with the name SortStrategy in the package testpackage. You did not implement the class in the exercise., hasLongFeedbackText=false, reference=null, credits=0.0, positive=false, type=AUTOMATIC, visibility=ALWAYS, testCase=TestCaseDTO[testName=testClass[SortStrategy], id=1377]], FeedbackDTO[id=938, text=null, detailText=The class 'BubbleSort' does not implement the interface 'SortStrategy' as expected. Implement the interface and its methods., hasLongFeedbackText=false, reference=null, credits=0.0, positive=false, type=AUTOMATIC, visibility=ALWAYS, testCase=TestCaseDTO[testName=testClass[BubbleSort], id=1381]], FeedbackDTO[id=939, text=null, detailText=MergeSort does not sort correctly, hasLongFeedbackText=false, reference=null, credits=0.0, positive=false, type=AUTOMATIC, visibility=ALWAYS, testCase=TestCaseDTO[testName=testMergeSort(), id=1386]], FeedbackDTO[id=940, text=null, detailText=The class 'Context' was not found within the submission. Make sure to implement it properly., hasLongFeedbackText=false, reference=null, credits=0.0, positive=false, type=AUTOMATIC, visibility=ALWAYS, testCase=TestCaseDTO[testName=testUseBubbleSortForSmallList(), id=1387]], FeedbackDTO[id=941, text=null, detailText=BubbleSort does not sort correctly, hasLongFeedbackText=false, reference=null, credits=0.0, positive=false, type=AUTOMATIC, visibility=ALWAYS, testCase=TestCaseDTO[testName=testBubbleSort(), id=1389]], FeedbackDTO[id=942, text=null, detailText=The class 'Context' was not found within the submission. Make sure to implement it properly., hasLongFeedbackText=false, reference=null, credits=0.0, positive=false, type=AUTOMATIC, visibility=ALWAYS, testCase=TestCaseDTO[testName=testUseMergeSortForBigList(), id=1388]], FeedbackDTO[id=943, text=null, detailText=The exercise expects a class with the name Policy in the package testpackage. You did not implement the class in the exercise., hasLongFeedbackText=false, reference=null, credits=0.0, positive=false, type=AUTOMATIC, visibility=ALWAYS, testCase=TestCaseDTO[testName=testConstructors[Policy], id=1382]], FeedbackDTO[id=944, text=null, detailText=The exercise expects a class with the name Context in the package testpackage. You did not implement the class in the exercise., hasLongFeedbackText=false, reference=null, credits=0.0, positive=false, type=AUTOMATIC, visibility=ALWAYS, testCase=TestCaseDTO[testName=testAttributes[Context], id=1378]], FeedbackDTO[id=945, text=null, detailText=The exercise expects a class with the name Policy in the package testpackage. You did not implement the class in the exercise., hasLongFeedbackText=false, reference=null, credits=0.0, positive=false, type=AUTOMATIC, visibility=ALWAYS, testCase=TestCaseDTO[testName=testAttributes[Policy], id=1379]]], assessmentType=AUTOMATIC, hasComplaint=null, exampleResult=null, testCaseCount=13, passedTestCaseCount=0, codeIssueCount=0]], BuildJobQueueItem[id=20171739576740018, name=SHORT7914AFA00ADC3047140B99D01AC07810CE44TSTEXC-LOCALVCCIINTSTUDENT1, buildAgent=BuildAgentDTO[name=artemis-build-agent-test, memberAddress=[127.0.0.1]:5703, displayName=artemis-build-agent-test], participationId=2017, courseId=988, exerciseId=2605, retryCount=0, priority=2, status=SUCCESSFUL, repositoryInfo=RepositoryInfo[repositoryName=short7914afa00adc3047140b99d01ac07810ce44tstexc-practice-localvcciintstudent1, repositoryType=user, triggeredByPushTo=user, assignmentRepositoryUri=http://localhost:49152/git/SHORT7914AFA00ADC3047140B99D01AC07810CE44TSTEXC/short7914afa00adc3047140b99d01ac07810ce44tstexc-practice-localvcciintstudent1.git, testRepositoryUri=http://localhost:49152/git/SHORT7914AFA00ADC3047140B99D01AC07810CE44TSTEXC/short7914afa00adc3047140b99d01ac07810ce44tstexc-tests.git, solutionRepositoryUri=null, auxiliaryRepositoryUris=[Ljava.lang.String;@53b35f01, auxiliaryRepositoryCheckoutDirectories=[Ljava.lang.String;@1689630e], jobTimingInfo=JobTimingInfo[submissionDate=2025-02-14T23:45:40.018961253Z[Etc/UTC], buildStartDate=2025-02-14T23:45:40.029742701Z[Etc/UTC], buildCompletionDate=2025-02-14T23:45:41.150208242Z[Etc/UTC], estimatedCompletionDate=2025-02-14T23:45:59.029734065Z[Etc/UTC], estimatedDuration=19], buildConfig=BuildConfig[buildScript=#!/bin/bash
cd /var/tmp/testing-dir
chmod +x ./gradlew
./gradlew clean test
, dockerImage=dummy-docker-image:latest, commitHashToBuild=d80b57877989b971e83ccdb4863c8a7023c76266, assignmentCommitHash=d80b57877989b971e83ccdb4863c8a7023c76266, testCommitHash=327b116890c92b1312314341f43f21ef13ecf7d7, branch=main, programmingLanguage=JAVA, projectType=PLAIN_GRADLE, scaEnabled=false, sequentialTestRunsEnabled=false, resultPaths=[/var/tmp/testing-dir/**/test-results/test/*.xml], timeoutSeconds=0, assignmentCheckoutPath=null, testCheckoutPath=null, solutionCheckoutPath=null, dockerRunConfig=null], submissionResult=ResultDTO[id=634, completionDate=2025-02-14T23:45:41.120192603Z[Etc/UTC], successful=false, score=7.7, rated=false, submission=SubmissionDTO[id=828, submitted=true, type=MANUAL, exampleSubmission=null, submissionDate=2025-02-14T23:45:40.008666Z, commitHash=d80b57877989b971e83ccdb4863c8a7023c76266, buildFailed=false, buildArtifact=false, participation=ParticipationDTO[id=2017, testRun=true, type=programming, submissionCount=null, exercise=ParticipationExerciseDTO[id=2605, exerciseType=PROGRAMMING, type=programming, assessmentType=AUTOMATIC, dueDate=2025-02-16T23:45:39.523500Z, assessmentDueDate=null, maxPoints=42.0, course=CourseDTO[id=988, accuracyOfScores=1]]], submissionExerciseType=programming, isProcessing=false, buildStartDate=null, estimatedCompletionDate=null], participation=ParticipationDTO[id=2017, testRun=true, type=programming, submissionCount=null, exercise=ParticipationExerciseDTO[id=2605, exerciseType=PROGRAMMING, type=programming, assessmentType=AUTOMATIC, dueDate=2025-02-16T23:45:39.523500Z, assessmentDueDate=null, maxPoints=42.0, course=CourseDTO[id=988, accuracyOfScores=1]]], feedbacks=[FeedbackDTO[id=946, text=null, detailText=The exercise expects a class with the name Context in the package testpackage. You did not implement the class in the exercise., hasLongFeedbackText=false, reference=null, credits=0.0, positive=false, type=AUTOMATIC, visibility=ALWAYS, testCase=TestCaseDTO[testName=null, id=1409]], FeedbackDTO[id=947, text=null, detailText=The exercise expects a class with the name Policy in the package testpackage. You did not implement the class in the exercise., hasLongFeedbackText=false, reference=null, credits=0.0, positive=false, type=AUTOMATIC, visibility=ALWAYS, testCase=TestCaseDTO[testName=null, id=1410]], FeedbackDTO[id=948, text=null, detailText=The exercise expects a class with the name SortStrategy in the package testpackage. You did not implement the class in the exercise., hasLongFeedbackText=false, reference=null, credits=0.0, positive=false, type=AUTOMATIC, visibility=ALWAYS, testCase=TestCaseDTO[testName=null, id=1411]], FeedbackDTO[id=949, text=null, detailText=The class 'MergeSort' does not implement the interface 'SortStrategy' as expected. Implement the interface and its methods., hasLongFeedbackText=false, reference=null, credits=0.0, positive=false, type=AUTOMATIC, visibility=ALWAYS, testCase=TestCaseDTO[testName=null, id=1406]], FeedbackDTO[id=950, text=null, detailText=The exercise expects a class with the name SortStrategy in the package testpackage. You did not implement the class in the exercise., hasLongFeedbackText=false, reference=null, credits=0.0, positive=false, type=AUTOMATIC, visibility=ALWAYS, testCase=TestCaseDTO[testName=null, id=1403]], FeedbackDTO[id=951, text=null, detailText=The class 'BubbleSort' does not implement the interface 'SortStrategy' as expected. Implement the interface and its methods., hasLongFeedbackText=false, reference=null, credits=0.0, positive=false, type=AUTOMATIC, visibility=ALWAYS, testCase=TestCaseDTO[testName=null, id=1407]], FeedbackDTO[id=952, text=null, detailText=MergeSort does not sort correctly, hasLongFeedbackText=false, reference=null, credits=0.0, positive=false, type=AUTOMATIC, visibility=ALWAYS, testCase=TestCaseDTO[testName=null, id=1412]], FeedbackDTO[id=953, text=null, detailText=The class 'Context' was not found within the submission. Make sure to implement it properly., hasLongFeedbackText=false, reference=null, credits=0.0, positive=false, type=AUTOMATIC, visibility=ALWAYS, testCase=TestCaseDTO[testName=null, id=1413]], FeedbackDTO[id=954, text=null, detailText=The class 'Context' was not found within the submission. Make sure to implement it properly., hasLongFeedbackText=false, reference=null, credits=0.0, positive=false, type=AUTOMATIC, visibility=ALWAYS, testCase=TestCaseDTO[testName=null, id=1414]], FeedbackDTO[id=955, text=null, detailText=The exercise expects a class with the name Policy in the package testpackage. You did not implement the class in the exercise., hasLongFeedbackText=false, reference=null, credits=0.0, positive=false, type=AUTOMATIC, visibility=ALWAYS, testCase=TestCaseDTO[testName=null, id=1408]], FeedbackDTO[id=956, text=null, detailText=The exercise expects a class with the name Context in the package testpackage. You did not implement the class in the exercise., hasLongFeedbackText=false, reference=null, credits=0.0, positive=false, type=AUTOMATIC, visibility=ALWAYS, testCase=TestCaseDTO[testName=null, id=1404]], FeedbackDTO[id=957, text=null, detailText=The exercise expects a class with the name Policy in the package testpackage. You did not implement the class in the exercise., hasLongFeedbackText=false, reference=null, credits=0.0, positive=false, type=AUTOMATIC, visibility=ALWAYS, testCase=TestCaseDTO[testName=null, id=1405]], FeedbackDTO[id=958, text=null, detailText=null, hasLongFeedbackText=false, reference=null, credits=3.230769230769231, positive=true, type=AUTOMATIC, visibility=ALWAYS, testCase=TestCaseDTO[testName=null, id=1415]]], assessmentType=AUTOMATIC, hasComplaint=null, exampleResult=null, testCaseCount=13, passedTestCaseCount=1, codeIssueCount=0]], BuildJobQueueItem[id=20261739576743984, name=SHORT53C73BE505404043100AC2F00C039353CE8FTSTEXC-LOCALVCCIINTSTUDENT1, buildAgent=BuildAgentDTO[name=artemis-build-agent-test, memberAddress=[127.0.0.1]:5703, displayName=artemis-build-agent-test], participationId=2026, courseId=991, exerciseId=2608, retryCount=0, priority=1, status=SUCCESSFUL, repositoryInfo=RepositoryInfo[repositoryName=short53c73be505404043100ac2f00c039353ce8ftstexc-localvcciintstudent1, repositoryType=user, triggeredByPushTo=user, assignmentRepositoryUri=http://localhost:49152/git/SHORT53C73BE505404043100AC2F00C039353CE8FTSTEXC/short53c73be505404043100ac2f00c039353ce8ftstexc-localvcciintstudent1.git, testRepositoryUri=http://localhost:49152/git/SHORT53C73BE505404043100AC2F00C039353CE8FTSTEXC/short53c73be505404043100ac2f00c039353ce8ftstexc-tests.git, solutionRepositoryUri=null, auxiliaryRepositoryUris=[Ljava.lang.String;@f12f22, auxiliaryRepositoryCheckoutDirectories=[Ljava.lang.String;@13a6a33b], jobTimingInfo=JobTimingInfo[submissionDate=2025-02-14T23:45:43.984518859Z[Etc/UTC], buildStartDate=2025-02-14T23:45:43.991385682Z[Etc/UTC], buildCompletionDate=2025-02-14T23:45:44.982059928Z[Etc/UTC], estimatedCompletionDate=2025-02-14T23:46:02.991380122Z[Etc/UTC], estimatedDuration=19], buildConfig=BuildConfig[buildScript=#!/bin/bash
cd /var/tmp/testing-dir
chmod +x ./gradlew
./gradlew clean test
, dockerImage=dummy-docker-image:latest, commitHashToBuild=3e90ae9fef2e44ffb41451a080bdaa6a44ad6848, assignmentCommitHash=3e90ae9fef2e44ffb41451a080bdaa6a44ad6848, testCommitHash=0582754c87aae13e640312855ce7dbe490ecb50c, branch=main, programmingLanguage=JAVA, projectType=PLAIN_GRADLE, scaEnabled=false, sequentialTestRunsEnabled=false, resultPaths=[/var/tmp/testing-dir/**/test-results/test/*.xml], timeoutSeconds=0, assignmentCheckoutPath=null, testCheckoutPath=null, solutionCheckoutPath=null, dockerRunConfig=null], submissionResult=ResultDTO[id=635, completionDate=2025-02-14T23:45:44.961313737Z[Etc/UTC], successful=false, score=7.7, rated=true, submission=SubmissionDTO[id=829, submitted=true, type=MANUAL, exampleSubmission=null, submissionDate=2025-02-14T23:45:43.967766Z, commitHash=3e90ae9fef2e44ffb41451a080bdaa6a44ad6848, buildFailed=false, buildArtifact=false, participation=ParticipationDTO[id=2026, testRun=false, type=programming, submissionCount=null, exercise=ParticipationExerciseDTO[id=2608, exerciseType=PROGRAMMING, type=programming, assessmentType=AUTOMATIC, dueDate=2025-02-16T23:45:43.597978Z, assessmentDueDate=null, maxPoints=42.0, course=CourseDTO[id=991, accuracyOfScores=1]]], submissionExerciseType=programming, isProcessing=false, buildStartDate=null, estimatedCompletionDate=null], participation=ParticipationDTO[id=2026, testRun=false, type=programming, submissionCount=null, exercise=ParticipationExerciseDTO[id=2608, exerciseType=PROGRAMMING, type=programming, assessmentType=AUTOMATIC, dueDate=2025-02-16T23:45:43.597978Z, assessmentDueDate=null, maxPoints=42.0, course=CourseDTO[id=991, accuracyOfScores=1]]], feedbacks=[FeedbackDTO[id=959, text=null, detailText=The exercise expects a class with the name Context in the package testpackage. You did not implement the class in the exercise., hasLongFeedbackText=false, reference=null, credits=0.0, positive=false, type=AUTOMATIC, visibility=ALWAYS, testCase=TestCaseDTO[testName=null, id=1448]], FeedbackDTO[id=960, text=null, detailText=The exercise expects a class with the name Policy in the package testpackage. You did not implement the class in the exercise., hasLongFeedbackText=false, reference=null, credits=0.0, positive=false, type=AUTOMATIC, visibility=ALWAYS, testCase=TestCaseDTO[testName=null, id=1449]], FeedbackDTO[id=961, text=null, detailText=The exercise expects a class with the name SortStrategy in the package testpackage. You did not implement the class in the exercise., hasLongFeedbackText=false, reference=null, credits=0.0, positive=false, type=AUTOMATIC, visibility=ALWAYS, testCase=TestCaseDTO[testName=null, id=1450]], FeedbackDTO[id=962, text=null, detailText=The class 'MergeSort' does not implement the interface 'SortStrategy' as expected. Implement the interface and its methods., hasLongFeedbackText=false, reference=null, credits=0.0, positive=false, type=AUTOMATIC, visibility=ALWAYS, testCase=TestCaseDTO[testName=null, id=1445]], FeedbackDTO[id=963, text=null, detailText=The exercise expects a class with the name SortStrategy in the package testpackage. You did not implement the class in the exercise., hasLongFeedbackText=false, reference=null, credits=0.0, positive=false, type=AUTOMATIC, visibility=ALWAYS, testCase=TestCaseDTO[testName=null, id=1442]], FeedbackDTO[id=964, text=null, detailText=The class 'BubbleSort' does not implement the interface 'SortStrategy' as expected. Implement the interface and its methods., hasLongFeedbackText=false, reference=null, credits=0.0, positive=false, type=AUTOMATIC, visibility=ALWAYS, testCase=TestCaseDTO[testName=null, id=1446]], FeedbackDTO[id=965, text=null, detailText=MergeSort does not sort correctly, hasLongFeedbackText=false, reference=null, credits=0.0, positive=false, type=AUTOMATIC, visibility=ALWAYS, testCase=TestCaseDTO[testName=null, id=1451]], FeedbackDTO[id=966, text=null, detailText=The class 'Context' was not found within the submission. Make sure to implement it properly., hasLongFeedbackText=false, reference=null, credits=0.0, positive=false, type=AUTOMATIC, visibility=ALWAYS, testCase=TestCaseDTO[testName=null, id=1452]], FeedbackDTO[id=967, text=null, detailText=The class 'Context' was not found within the submission. Make sure to implement it properly., hasLongFeedbackText=false, reference=null, credits=0.0, positive=false, type=AUTOMATIC, visibility=ALWAYS, testCase=TestCaseDTO[testName=null, id=1453]], FeedbackDTO[id=968, text=null, detailText=The exercise expects a class with the name Policy in the package testpackage. You did not implement the class in the exercise., hasLongFeedbackText=false, reference=null, credits=0.0, positive=false, type=AUTOMATIC, visibility=ALWAYS, testCase=TestCaseDTO[testName=null, id=1447]], FeedbackDTO[id=969, text=null, detailText=The exercise expects a class with the name Context in the package testpackage. You did not implement the class in the exercise., hasLongFeedbackText=false, reference=null, credits=0.0, positive=false, type=AUTOMATIC, visibility=ALWAYS, testCase=TestCaseDTO[testName=null, id=1443]], FeedbackDTO[id=970, text=null, detailText=The exercise expects a class with the name Policy in the package testpackage. You did not implement the class in the exercise., hasLongFeedbackText=false, reference=null, credits=0.0, positive=false, type=AUTOMATIC, visibility=ALWAYS, testCase=TestCaseDTO[testName=null, id=1444]], FeedbackDTO[id=971, text=null, detailText=null, hasLongFeedbackText=false, reference=null, credits=3.230769230769231, positive=true, type=AUTOMATIC, visibility=ALWAYS, testCase=TestCaseDTO[testName=null, id=1454]]], assessmentType=AUTOMATIC, hasComplaint=null, exampleResult=null, testCaseCount=13, passedTestCaseCount=1, codeIssueCount=0]], BuildJobQueueItem[id=20271739576746886, name=SHORT0FC863930E92904248098A506171F81CF6CFTSTEXC-SOLUTION, buildAgent=BuildAgentDTO[name=artemis-build-agent-test, memberAddress=[127.0.0.1]:5703, displayName=artemis-build-agent-test], participationId=2027, courseId=992, exerciseId=2609, retryCount=0, priority=2, status=SUCCESSFUL, repositoryInfo=RepositoryInfo[repositoryName=short0fc863930e92904248098a506171f81cf6cftstexc-solution, repositoryType=solution, triggeredByPushTo=auxiliary, assignmentRepositoryUri=http://localhost:49152/git/SHORT0FC863930E92904248098A506171F81CF6CFTSTEXC/short0fc863930e92904248098a506171f81cf6cftstexc-solution.git, testRepositoryUri=http://localhost:49152/git/SHORT0FC863930E92904248098A506171F81CF6CFTSTEXC/short0fc863930e92904248098a506171f81cf6cftstexc-tests.git, solutionRepositoryUri=null, auxiliaryRepositoryUris=[Ljava.lang.String;@5a24bd19, auxiliaryRepositoryCheckoutDirectories=[Ljava.lang.String;@7682440], jobTimingInfo=JobTimingInfo[submissionDate=2025-02-14T23:45:46.886984066Z[Etc/UTC], buildStartDate=2025-02-14T23:45:46.897709578Z[Etc/UTC], buildCompletionDate=2025-02-14T23:45:48.628460156Z[Etc/UTC], estimatedCompletionDate=2025-02-14T23:46:05.897701272Z[Etc/UTC], estimatedDuration=19], buildConfig=BuildConfig[buildScript=#!/bin/bash
cd /var/tmp/testing-dir
chmod +x ./gradlew
./gradlew clean test
, dockerImage=dummy-docker-image:latest, commitHashToBuild=null, assignmentCommitHash=115a2e943bee242fdad360b50d8ad5f30792577e, testCommitHash=9b3a9bd71a0d80e5bbc42204c319ed3d1d4f0d6d, branch=main, programmingLanguage=JAVA, projectType=PLAIN_GRADLE, scaEnabled=false, sequentialTestRunsEnabled=false, resultPaths=[/var/tmp/testing-dir/**/test-results/test/*.xml], timeoutSeconds=0, assignmentCheckoutPath=null, testCheckoutPath=null, solutionCheckoutPath=null, dockerRunConfig=null], submissionResult=ResultDTO[id=636, completionDate=2025-02-14T23:45:48.593370968Z[Etc/UTC], successful=true, score=100.0, rated=true, submission=SubmissionDTO[id=830, submitted=true, type=TEST, exampleSubmission=null, submissionDate=2025-02-14T23:45:46.873671Z, commitHash=9b3a9bd71a0d80e5bbc42204c319ed3d1d4f0d6d, buildFailed=false, buildArtifact=false, participation=ParticipationDTO[id=2027, testRun=false, type=solution, submissionCount=null, exercise=ParticipationExerciseDTO[id=2609, exerciseType=PROGRAMMING, type=programming, assessmentType=AUTOMATIC, dueDate=2025-02-16T23:45:46.386304Z, assessmentDueDate=null, maxPoints=42.0, course=CourseDTO[id=992, accuracyOfScores=1]]], submissionExerciseType=programming, isProcessing=false, buildStartDate=null, estimatedCompletionDate=null], participation=ParticipationDTO[id=2027, testRun=false, type=solution, submissionCount=null, exercise=ParticipationExerciseDTO[id=2609, exerciseType=PROGRAMMING, type=programming, assessmentType=AUTOMATIC, dueDate=2025-02-16T23:45:46.386304Z, assessmentDueDate=null, maxPoints=42.0, course=CourseDTO[id=992, accuracyOfScores=1]]], feedbacks=[FeedbackDTO[id=972, text=null, detailText=null, hasLongFeedbackText=false, reference=null, credits=3.230769230769231, positive=true, type=AUTOMATIC, visibility=ALWAYS, testCase=TestCaseDTO[testName=testMethods[Context], id=1461]], FeedbackDTO[id=973, text=null, detailText=null, hasLongFeedbackText=false, reference=null, credits=3.230769230769231, positive=true, type=AUTOMATIC, visibility=ALWAYS, testCase=TestCaseDTO[testName=testMethods[Policy], id=1462]], FeedbackDTO[id=974, text=null, detailText=null, hasLongFeedbackText=false, reference=null, credits=3.230769230769231, positive=true, type=AUTOMATIC, visibility=ALWAYS, testCase=TestCaseDTO[testName=testMethods[SortStrategy], id=1463]], FeedbackDTO[id=975, text=null, detailText=null, hasLongFeedbackText=false, reference=null, credits=3.230769230769231, positive=true, type=AUTOMATIC, visibility=ALWAYS, testCase=TestCaseDTO[testName=testClass[MergeSort], id=1458]], FeedbackDTO[id=976, text=null, detailText=null, hasLongFeedbackText=false, reference=null, credits=3.230769230769231, positive=true, type=AUTOMATIC, visibility=ALWAYS, testCase=TestCaseDTO[testName=testClass[SortStrategy], id=1455]], FeedbackDTO[id=977, text=null, detailText=null, hasLongFeedbackText=false, reference=null, credits=3.230769230769231, positive=true, type=AUTOMATIC, visibility=ALWAYS, testCase=TestCaseDTO[testName=testClass[BubbleSort], id=1459]], FeedbackDTO[id=978, text=null, detailText=null, hasLongFeedbackText=false, reference=null, credits=3.230769230769231, positive=true, type=AUTOMATIC, visibility=ALWAYS, testCase=TestCaseDTO[testName=testMergeSort(), id=1464]], FeedbackDTO[id=979, text=null, detailText=null, hasLongFeedbackText=false, reference=null, credits=3.230769230769231, positive=true, type=AUTOMATIC, visibility=ALWAYS, testCase=TestCaseDTO[testName=testUseBubbleSortForSmallList(), id=1465]], FeedbackDTO[id=980, text=null, detailText=null, hasLongFeedbackText=false, reference=null, credits=3.230769230769231, positive=true, type=AUTOMATIC, visibility=ALWAYS, testCase=TestCaseDTO[testName=testBubbleSort(), id=1467]], FeedbackDTO[id=981, text=null, detailText=null, hasLongFeedbackText=false, reference=null, credits=3.230769230769231, positive=true, type=AUTOMATIC, visibility=ALWAYS, testCase=TestCaseDTO[testName=testUseMergeSortForBigList(), id=1466]], FeedbackDTO[id=982, text=null, detailText=null, hasLongFeedbackText=false, reference=null, credits=3.230769230769231, positive=true, type=AUTOMATIC, visibility=ALWAYS, testCase=TestCaseDTO[testName=testConstructors[Policy], id=1460]], FeedbackDTO[id=983, text=null, detailText=null, hasLongFeedbackText=false, reference=null, credits=3.230769230769231, positive=true, type=AUTOMATIC, visibility=ALWAYS, testCase=TestCaseDTO[testName=testAttributes[Context], id=1456]], FeedbackDTO[id=984, text=null, detailText=null, hasLongFeedbackText=false, reference=null, credits=3.230769230769231, positive=true, type=AUTOMATIC, visibility=ALWAYS, testCase=TestCaseDTO[testName=testAttributes[Policy], id=1457]]], assessmentType=AUTOMATIC, hasComplaint=null, exampleResult=null, testCaseCount=13, passedTestCaseCount=13, codeIssueCount=0]], BuildJobQueueItem[id=20281739576748768, name=SHORT0FC863930E92904248098A506171F81CF6CFTSTEXC-BASE, buildAgent=BuildAgentDTO[name=artemis-build-agent-test, memberAddress=[127.0.0.1]:5703, displayName=artemis-build-agent-test], participationId=2028, courseId=992, exerciseId=2609, retryCount=0, priority=2, status=SUCCESSFUL, repositoryInfo=RepositoryInfo[repositoryName=short0fc863930e92904248098a506171f81cf6cftstexc-exercise, repositoryType=exercise, triggeredByPushTo=auxiliary, assignmentRepositoryUri=http://localhost:49152/git/SHORT0FC863930E92904248098A506171F81CF6CFTSTEXC/short0fc863930e92904248098a506171f81cf6cftstexc-exercise.git, testRepositoryUri=http://localhost:49152/git/SHORT0FC863930E92904248098A506171F81CF6CFTSTEXC/short0fc863930e92904248098a506171f81cf6cftstexc-tests.git, solutionRepositoryUri=null, auxiliaryRepositoryUris=[Ljava.lang.String;@ee993b0, auxiliaryRepositoryCheckoutDirectories=[Ljava.lang.String;@2870562d], jobTimingInfo=JobTimingInfo[submissionDate=2025-02-14T23:45:48.768063548Z[Etc/UTC], buildStartDate=2025-02-14T23:45:48.802531989Z[Etc/UTC], buildCompletionDate=2025-02-14T23:45:50.482681367Z[Etc/UTC], estimatedCompletionDate=2025-02-14T23:45:50.802523092Z[Etc/UTC], estimatedDuration=2], buildConfig=BuildConfig[buildScript=#!/bin/bash
cd /var/tmp/testing-dir
chmod +x ./gradlew
./gradlew clean test
, dockerImage=dummy-docker-image:latest, commitHashToBuild=9b3a9bd71a0d80e5bbc42204c319ed3d1d4f0d6d, assignmentCommitHash=115a2e943bee242fdad360b50d8ad5f30792577e, testCommitHash=9b3a9bd71a0d80e5bbc42204c319ed3d1d4f0d6d, branch=main, programmingLanguage=JAVA, projectType=PLAIN_GRADLE, scaEnabled=false, sequentialTestRunsEnabled=false, resultPaths=[/var/tmp/testing-dir/**/test-results/test/*.xml], timeoutSeconds=0, assignmentCheckoutPath=null, testCheckoutPath=null, solutionCheckoutPath=null, dockerRunConfig=null], submissionResult=ResultDTO[id=637, completionDate=2025-02-14T23:45:50.449084694Z[Etc/UTC], successful=false, score=0.0, rated=true, submission=SubmissionDTO[id=831, submitted=true, type=TEST, exampleSubmission=null, submissionDate=2025-02-14T23:45:48.761177Z, commitHash=9b3a9bd71a0d80e5bbc42204c319ed3d1d4f0d6d, buildFailed=false, buildArtifact=false, participation=ParticipationDTO[id=2028, testRun=false, type=template, submissionCount=null, exercise=ParticipationExerciseDTO[id=2609, exerciseType=PROGRAMMING, type=programming, assessmentType=AUTOMATIC, dueDate=2025-02-16T23:45:46.386304Z, assessmentDueDate=null, maxPoints=42.0, course=CourseDTO[id=992, accuracyOfScores=1]]], submissionExerciseType=programming, isProcessing=false, buildStartDate=null, estimatedCompletionDate=null], participation=ParticipationDTO[id=2028, testRun=false, type=template, submissionCount=null, exercise=ParticipationExerciseDTO[id=2609, exerciseType=PROGRAMMING, type=programming, assessmentType=AUTOMATIC, dueDate=2025-02-16T23:45:46.386304Z, assessmentDueDate=null, maxPoints=42.0, course=CourseDTO[id=992, accuracyOfScores=1]]], feedbacks=[FeedbackDTO[id=985, text=null, detailText=The exercise expects a class with the name Context in the package testpackage. You did not implement the class in the exercise., hasLongFeedbackText=false, reference=null, credits=0.0, positive=false, type=AUTOMATIC, visibility=ALWAYS, testCase=TestCaseDTO[testName=testMethods[Context], id=1461]], FeedbackDTO[id=986, text=null, detailText=The exercise expects a class with the name Policy in the package testpackage. You did not implement the class in the exercise., hasLongFeedbackText=false, reference=null, credits=0.0, positive=false, type=AUTOMATIC, visibility=ALWAYS, testCase=TestCaseDTO[testName=testMethods[Policy], id=1462]], FeedbackDTO[id=987, text=null, detailText=The exercise expects a class with the name SortStrategy in the package testpackage. You did not implement the class in the exercise., hasLongFeedbackText=false, reference=null, credits=0.0, positive=false, type=AUTOMATIC, visibility=ALWAYS, testCase=TestCaseDTO[testName=testMethods[SortStrategy], id=1463]], FeedbackDTO[id=988, text=null, detailText=The class 'MergeSort' does not implement the interface 'SortStrategy' as expected. Implement the interface and its methods., hasLongFeedbackText=false, reference=null, credits=0.0, positive=false, type=AUTOMATIC, visibility=ALWAYS, testCase=TestCaseDTO[testName=testClass[MergeSort], id=1458]], FeedbackDTO[id=989, text=null, detailText=The exercise expects a class with the name SortStrategy in the package testpackage. You did not implement the class in the exercise., hasLongFeedbackText=false, reference=null, credits=0.0, positive=false, type=AUTOMATIC, visibility=ALWAYS, testCase=TestCaseDTO[testName=testClass[SortStrategy], id=1455]], FeedbackDTO[id=990, text=null, detailText=The class 'BubbleSort' does not implement the interface 'SortStrategy' as expected. Implement the interface and its methods., hasLongFeedbackText=false, reference=null, credits=0.0, positive=false, type=AUTOMATIC, visibility=ALWAYS, testCase=TestCaseDTO[testName=testClass[BubbleSort], id=1459]], FeedbackDTO[id=991, text=null, detailText=MergeSort does not sort correctly, hasLongFeedbackText=false, reference=null, credits=0.0, positive=false, type=AUTOMATIC, visibility=ALWAYS, testCase=TestCaseDTO[testName=testMergeSort(), id=1464]], FeedbackDTO[id=992, text=null, detailText=The class 'Context' was not found within the submission. Make sure to implement it properly., hasLongFeedbackText=false, reference=null, credits=0.0, positive=false, type=AUTOMATIC, visibility=ALWAYS, testCase=TestCaseDTO[testName=testUseBubbleSortForSmallList(), id=1465]], FeedbackDTO[id=993, text=null, detailText=BubbleSort does not sort correctly, hasLongFeedbackText=false, reference=null, credits=0.0, positive=false, type=AUTOMATIC, visibility=ALWAYS, testCase=TestCaseDTO[testName=testBubbleSort(), id=1467]], FeedbackDTO[id=994, text=null, detailText=The class 'Context' was not found within the submission. Make sure to implement it properly., hasLongFeedbackText=false, reference=null, credits=0.0, positive=false, type=AUTOMATIC, visibility=ALWAYS, testCase=TestCaseDTO[testName=testUseMergeSortForBigList(), id=1466]], FeedbackDTO[id=995, text=null, detailText=The exercise expects a class with the name Policy in the package testpackage. You did not implement the class in the exercise., hasLongFeedbackText=false, reference=null, credits=0.0, positive=false, type=AUTOMATIC, visibility=ALWAYS, testCase=TestCaseDTO[testName=testConstructors[Policy], id=1460]], FeedbackDTO[id=996, text=null, detailText=The exercise expects a class with the name Context in the package testpackage. You did not implement the class in the exercise., hasLongFeedbackText=false, reference=null, credits=0.0, positive=false, type=AUTOMATIC, visibility=ALWAYS, testCase=TestCaseDTO[testName=testAttributes[Context], id=1456]], FeedbackDTO[id=997, text=null, detailText=The exercise expects a class with the name Policy in the package testpackage. You did not implement the class in the exercise., hasLongFeedbackText=false, reference=null, credits=0.0, positive=false, type=AUTOMATIC, visibility=ALWAYS, testCase=TestCaseDTO[testName=testAttributes[Policy], id=1457]]], assessmentType=AUTOMATIC, hasComplaint=null, exampleResult=null, testCaseCount=13, passedTestCaseCount=0, codeIssueCount=0]], BuildJobQueueItem[id=20291739576751299, name=SHORT716C2EC10B19B049C80A2F00B97EAB20B2A9TSTEXC-SOLUTION, buildAgent=BuildAgentDTO[name=artemis-build-agent-test, memberAddress=[127.0.0.1]:5703, displayName=artemis-build-agent-test], participationId=2029, courseId=993, exerciseId=2610, retryCount=0, priority=2, status=SUCCESSFUL, repositoryInfo=RepositoryInfo[repositoryName=short716c2ec10b19b049c80a2f00b97eab20b2a9tstexc-solution, repositoryType=solution, triggeredByPushTo=tests, assignmentRepositoryUri=http://localhost:49152/git/SHORT716C2EC10B19B049C80A2F00B97EAB20B2A9TSTEXC/short716c2ec10b19b049c80a2f00b97eab20b2a9tstexc-solution.git, testRepositoryUri=http://localhost:49152/git/SHORT716C2EC10B19B049C80A2F00B97EAB20B2A9TSTEXC/short716c2ec10b19b049c80a2f00b97eab20b2a9tstexc-tests.git, solutionRepositoryUri=null, auxiliaryRepositoryUris=[Ljava.lang.String;@5743ea4f, auxiliaryRepositoryCheckoutDirectories=[Ljava.lang.String;@114f9ec3], jobTimingInfo=JobTimingInfo[submissionDate=2025-02-14T23:45:51.299892174Z[Etc/UTC], buildStartDate=2025-02-14T23:45:51.314028505Z[Etc/UTC], buildCompletionDate=2025-02-14T23:45:52.158312850Z[Etc/UTC], estimatedCompletionDate=2025-02-14T23:46:10.314021752Z[Etc/UTC], estimatedDuration=19], buildConfig=BuildConfig[buildScript=#!/bin/bash
cd /var/tmp/testing-dir
chmod +x ./gradlew
./gradlew clean test
, dockerImage=dummy-docker-image:latest, commitHashToBuild=1e531733ed6e9237f710b528d1eb0b7beac565fd, assignmentCommitHash=815e279f12ad296b4f24c44134a07293c04c010f, testCommitHash=1e531733ed6e9237f710b528d1eb0b7beac565fd, branch=main, programmingLanguage=JAVA, projectType=PLAIN_GRADLE, scaEnabled=false, sequentialTestRunsEnabled=false, resultPaths=[/var/tmp/testing-dir/**/test-results/test/*.xml], timeoutSeconds=0, assignmentCheckoutPath=null, testCheckoutPath=null, solutionCheckoutPath=null, dockerRunConfig=null], submissionResult=ResultDTO[id=638, completionDate=2025-02-14T23:45:52.146826070Z[Etc/UTC], successful=true, score=100.0, rated=true, submission=SubmissionDTO[id=832, submitted=true, type=TEST, exampleSubmission=null, submissionDate=2025-02-14T23:45:51.275713Z, commitHash=1e531733ed6e9237f710b528d1eb0b7beac565fd, buildFailed=false, buildArtifact=false, participation=ParticipationDTO[id=2029, testRun=false, type=solution, submissionCount=null, exercise=ParticipationExerciseDTO[id=2610, exerciseType=PROGRAMMING, type=programming, assessmentType=AUTOMATIC, dueDate=2025-02-16T23:45:50.869093Z, assessmentDueDate=null, maxPoints=42.0, course=CourseDTO[id=993, accuracyOfScores=1]]], submissionExerciseType=programming, isProcessing=false, buildStartDate=null, estimatedCompletionDate=null], participation=ParticipationDTO[id=2029, testRun=false, type=solution, submissionCount=null, exercise=ParticipationExerciseDTO[id=2610, exerciseType=PROGRAMMING, type=programming, assessmentType=AUTOMATIC, dueDate=2025-02-16T23:45:50.869093Z, assessmentDueDate=null, maxPoints=42.0, course=CourseDTO[id=993, accuracyOfScores=1]]], feedbacks=[FeedbackDTO[id=998, text=null, detailText=null, hasLongFeedbackText=false, reference=null, credits=3.230769230769231, positive=true, type=AUTOMATIC, visibility=ALWAYS, testCase=TestCaseDTO[testName=testMethods[Context], id=1474]], FeedbackDTO[id=999, text=null, detailText=null, hasLongFeedbackText=false, reference=null, credits=3.230769230769231, positive=true, type=AUTOMATIC, visibility=ALWAYS, testCase=TestCaseDTO[testName=testMethods[Policy], id=1475]], FeedbackDTO[id=1000, text=null, detailText=null, hasLongFeedbackText=false, reference=null, credits=3.230769230769231, positive=true, type=AUTOMATIC, visibility=ALWAYS, testCase=TestCaseDTO[testName=testMethods[SortStrategy], id=1476]], FeedbackDTO[id=1001, text=null, detailText=null, hasLongFeedbackText=false, reference=null, credits=3.230769230769231, positive=true, type=AUTOMATIC, visibility=ALWAYS, testCase=TestCaseDTO[testName=testClass[MergeSort], id=1471]], FeedbackDTO[id=1002, text=null, detailText=null, hasLongFeedbackText=false, reference=null, credits=3.230769230769231, positive=true, type=AUTOMATIC, visibility=ALWAYS, testCase=TestCaseDTO[testName=testClass[SortStrategy], id=1468]], FeedbackDTO[id=1003, text=null, detailText=null, hasLongFeedbackText=false, reference=null, credits=3.230769230769231, positive=true, type=AUTOMATIC, visibility=ALWAYS, testCase=TestCaseDTO[testName=testClass[BubbleSort], id=1472]], FeedbackDTO[id=1004, text=null, detailText=null, hasLongFeedbackText=false, reference=null, credits=3.230769230769231, positive=true, type=AUTOMATIC, visibility=ALWAYS, testCase=TestCaseDTO[testName=testMergeSort(), id=1477]], FeedbackDTO[id=1005, text=null, detailText=null, hasLongFeedbackText=false, reference=null, credits=3.230769230769231, positive=true, type=AUTOMATIC, visibility=ALWAYS, testCase=TestCaseDTO[testName=testUseBubbleSortForSmallList(), id=1478]], FeedbackDTO[id=1006, text=null, detailText=null, hasLongFeedbackText=false, reference=null, credits=3.230769230769231, positive=true, type=AUTOMATIC, visibility=ALWAYS, testCase=TestCaseDTO[testName=testBubbleSort(), id=1480]], FeedbackDTO[id=1007, text=null, detailText=null, hasLongFeedbackText=false, reference=null, credits=3.230769230769231, positive=true, type=AUTOMATIC, visibility=ALWAYS, testCase=TestCaseDTO[testName=testUseMergeSortForBigList(), id=1479]], FeedbackDTO[id=1008, text=null, detailText=null, hasLongFeedbackText=false, reference=null, credits=3.230769230769231, positive=true, type=AUTOMATIC, visibility=ALWAYS, testCase=TestCaseDTO[testName=testConstructors[Policy], id=1473]], FeedbackDTO[id=1009, text=null, detailText=null, hasLongFeedbackText=false, reference=null, credits=3.230769230769231, positive=true, type=AUTOMATIC, visibility=ALWAYS, testCase=TestCaseDTO[testName=testAttributes[Context], id=1469]], FeedbackDTO[id=1010, text=null, detailText=null, hasLongFeedbackText=false, reference=null, credits=3.230769230769231, positive=true, type=AUTOMATIC, visibility=ALWAYS, testCase=TestCaseDTO[testName=testAttributes[Policy], id=1470]]], assessmentType=AUTOMATIC, hasComplaint=null, exampleResult=null, testCaseCount=13, passedTestCaseCount=13, codeIssueCount=0]], BuildJobQueueItem[id=20301739576752239, name=SHORT716C2EC10B19B049C80A2F00B97EAB20B2A9TSTEXC-BASE, buildAgent=BuildAgentDTO[name=artemis-build-agent-test, memberAddress=[127.0.0.1]:5703, displayName=artemis-build-agent-test], participationId=2030, courseId=993, exerciseId=2610, retryCount=0, priority=2, status=SUCCESSFUL, repositoryInfo=RepositoryInfo[repositoryName=short716c2ec10b19b049c80a2f00b97eab20b2a9tstexc-exercise, repositoryType=exercise, triggeredByPushTo=tests, assignmentRepositoryUri=http://localhost:49152/git/SHORT716C2EC10B19B049C80A2F00B97EAB20B2A9TSTEXC/short716c2ec10b19b049c80a2f00b97eab20b2a9tstexc-exercise.git, testRepositoryUri=http://localhost:49152/git/SHORT716C2EC10B19B049C80A2F00B97EAB20B2A9TSTEXC/short716c2ec10b19b049c80a2f00b97eab20b2a9tstexc-tests.git, solutionRepositoryUri=null, auxiliaryRepositoryUris=[Ljava.lang.String;@5379eb49, auxiliaryRepositoryCheckoutDirectories=[Ljava.lang.String;@79120e35], jobTimingInfo=JobTimingInfo[submissionDate=2025-02-14T23:45:52.239402475Z[Etc/UTC], buildStartDate=2025-02-14T23:45:52.258713639Z[Etc/UTC], buildCompletionDate=2025-02-14T23:45:53.238773956Z[Etc/UTC], estimatedCompletionDate=2025-02-14T23:45:53.258707428Z[Etc/UTC], estimatedDuration=1], buildConfig=BuildConfig[buildScript=#!/bin/bash
cd /var/tmp/testing-dir
chmod +x ./gradlew
./gradlew clean test
, dockerImage=dummy-docker-image:latest, commitHashToBuild=1e531733ed6e9237f710b528d1eb0b7beac565fd, assignmentCommitHash=815e279f12ad296b4f24c44134a07293c04c010f, testCommitHash=1e531733ed6e9237f710b528d1eb0b7beac565fd, branch=main, programmingLanguage=JAVA, projectType=PLAIN_GRADLE, scaEnabled=false, sequentialTestRunsEnabled=false, resultPaths=[/var/tmp/testing-dir/**/test-results/test/*.xml], timeoutSeconds=0, assignmentCheckoutPath=null, testCheckoutPath=null, solutionCheckoutPath=null, dockerRunConfig=null], submissionResult=ResultDTO[id=639, completionDate=2025-02-14T23:45:53.225806205Z[Etc/UTC], successful=false, score=0.0, rated=true, submission=SubmissionDTO[id=833, submitted=true, type=TEST, exampleSubmission=null, submissionDate=2025-02-14T23:45:52.237179Z, commitHash=1e531733ed6e9237f710b528d1eb0b7beac565fd, buildFailed=false, buildArtifact=false, participation=ParticipationDTO[id=2030, testRun=false, type=template, submissionCount=null, exercise=ParticipationExerciseDTO[id=2610, exerciseType=PROGRAMMING, type=programming, assessmentType=AUTOMATIC, dueDate=2025-02-16T23:45:50.869093Z, assessmentDueDate=null, maxPoints=42.0, course=CourseDTO[id=993, accuracyOfScores=1]]], submissionExerciseType=programming, isProcessing=false, buildStartDate=null, estimatedCompletionDate=null], participation=ParticipationDTO[id=2030, testRun=false, type=template, submissionCount=null, exercise=ParticipationExerciseDTO[id=2610, exerciseType=PROGRAMMING, type=programming, assessmentType=AUTOMATIC, dueDate=2025-02-16T23:45:50.869093Z, assessmentDueDate=null, maxPoints=42.0, course=CourseDTO[id=993, accuracyOfScores=1]]], feedbacks=[FeedbackDTO[id=1011, text=null, detailText=The exercise expects a class with the name Context in the package testpackage. You did not implement the class in the exercise., hasLongFeedbackText=false, reference=null, credits=0.0, positive=false, type=AUTOMATIC, visibility=ALWAYS, testCase=TestCaseDTO[testName=testMethods[Context], id=1474]], FeedbackDTO[id=1012, text=null, detailText=The exercise expects a class with the name Policy in the package testpackage. You did not implement the class in the exercise., hasLongFeedbackText=false, reference=null, credits=0.0, positive=false, type=AUTOMATIC, visibility=ALWAYS, testCase=TestCaseDTO[testName=testMethods[Policy], id=1475]], FeedbackDTO[id=1013, text=null, detailText=The exercise expects a class with the name SortStrategy in the package testpackage. You did not implement the class in the exercise., hasLongFeedbackText=false, reference=null, credits=0.0, positive=false, type=AUTOMATIC, visibility=ALWAYS, testCase=TestCaseDTO[testName=testMethods[SortStrategy], id=1476]], FeedbackDTO[id=1014, text=null, detailText=The class 'MergeSort' does not implement the interface 'SortStrategy' as expected. Implement the interface and its methods., hasLongFeedbackText=false, reference=null, credits=0.0, positive=false, type=AUTOMATIC, visibility=ALWAYS, testCase=TestCaseDTO[testName=testClass[MergeSort], id=1471]], FeedbackDTO[id=1015, text=null, detailText=The exercise expects a class with the name SortStrategy in the package testpackage. You did not implement the class in the exercise., hasLongFeedbackText=false, reference=null, credits=0.0, positive=false, type=AUTOMATIC, visibility=ALWAYS, testCase=TestCaseDTO[testName=testClass[SortStrategy], id=1468]], FeedbackDTO[id=1016, text=null, detailText=The class 'BubbleSort' does not implement the interface 'SortStrategy' as expected. Implement the interface and its methods., hasLongFeedbackText=false, reference=null, credits=0.0, positive=false, type=AUTOMATIC, visibility=ALWAYS, testCase=TestCaseDTO[testName=testClass[BubbleSort], id=1472]], FeedbackDTO[id=1017, text=null, detailText=MergeSort does not sort correctly, hasLongFeedbackText=false, reference=null, credits=0.0, positive=false, type=AUTOMATIC, visibility=ALWAYS, testCase=TestCaseDTO[testName=testMergeSort(), id=1477]], FeedbackDTO[id=1018, text=null, detailText=The class 'Context' was not found within the submission. Make sure to implement it properly., hasLongFeedbackText=false, reference=null, credits=0.0, positive=false, type=AUTOMATIC, visibility=ALWAYS, testCase=TestCaseDTO[testName=testUseBubbleSortForSmallList(), id=1478]], FeedbackDTO[id=1019, text=null, detailText=BubbleSort does not sort correctly, hasLongFeedbackText=false, reference=null, credits=0.0, positive=false, type=AUTOMATIC, visibility=ALWAYS, testCase=TestCaseDTO[testName=testBubbleSort(), id=1480]], FeedbackDTO[id=1020, text=null, detailText=The class 'Context' was not found within the submission. Make sure to implement it properly., hasLongFeedbackText=false, reference=null, credits=0.0, positive=false, type=AUTOMATIC, visibility=ALWAYS, testCase=TestCaseDTO[testName=testUseMergeSortForBigList(), id=1479]], FeedbackDTO[id=1021, text=null, detailText=The exercise expects a class with the name Policy in the package testpackage. You did not implement the class in the exercise., hasLongFeedbackText=false, reference=null, credits=0.0, positive=false, type=AUTOMATIC, visibility=ALWAYS, testCase=TestCaseDTO[testName=testConstructors[Policy], id=1473]], FeedbackDTO[id=1022, text=null, detailText=The exercise expects a class with the name Context in the package testpackage. You did not implement the class in the exercise., hasLongFeedbackText=false, reference=null, credits=0.0, positive=false, type=AUTOMATIC, visibility=ALWAYS, testCase=TestCaseDTO[testName=testAttributes[Context], id=1469]], FeedbackDTO[id=1023, text=null, detailText=The exercise expects a class with the name Policy in the package testpackage. You did not implement the class in the exercise., hasLongFeedbackText=false, reference=null, credits=0.0, positive=false, type=AUTOMATIC, visibility=ALWAYS, testCase=TestCaseDTO[testName=testAttributes[Policy], id=1470]]], assessmentType=AUTOMATIC, hasComplaint=null, exampleResult=null, testCaseCount=13, passedTestCaseCount=0, codeIssueCount=0]], BuildJobQueueItem[id=20391739576754750, name=SHORT3A680734092E404EF80A4C60FBC1E408F7D0TSTEXC-LOCALVCCIINTSTUDENT1, buildAgent=BuildAgentDTO[name=artemis-build-agent-test, memberAddress=[127.0.0.1]:5703, displayName=artemis-build-agent-test], participationId=2039, courseId=996, exerciseId=2613, retryCount=0, priority=2, status=SUCCESSFUL, repositoryInfo=RepositoryInfo[repositoryName=short3a680734092e404ef80a4c60fbc1e408f7d0tstexc-localvcciintstudent1, repositoryType=user, triggeredByPushTo=user, assignmentRepositoryUri=http://localhost:49152/git/SHORT3A680734092E404EF80A4C60FBC1E408F7D0TSTEXC/short3a680734092e404ef80a4c60fbc1e408f7d0tstexc-localvcciintstudent1.git, testRepositoryUri=http://localhost:49152/git/SHORT3A680734092E404EF80A4C60FBC1E408F7D0TSTEXC/short3a680734092e404ef80a4c60fbc1e408f7d0tstexc-tests.git, solutionRepositoryUri=null, auxiliaryRepositoryUris=[Ljava.lang.String;@31cb82ca, auxiliaryRepositoryCheckoutDirectories=[Ljava.lang.String;@5c9fabb6], jobTimingInfo=JobTimingInfo[submissionDate=2025-02-14T23:45:54.750657185Z[Etc/UTC], buildStartDate=2025-02-14T23:45:54.765232948Z[Etc/UTC], buildCompletionDate=2025-02-14T23:45:55.645844970Z[Etc/UTC], estimatedCompletionDate=2025-02-14T23:46:13.765225363Z[Etc/UTC], estimatedDuration=19], buildConfig=BuildConfig[buildScript=#!/bin/bash
cd /var/tmp/testing-dir
chmod +x ./gradlew
./gradlew clean test
, dockerImage=dummy-docker-image:latest, commitHashToBuild=9344436f8d5a5ce3aa40215562db211ed501371f, assignmentCommitHash=9344436f8d5a5ce3aa40215562db211ed501371f, testCommitHash=ff421c3651ec230fed2f20f72c2901ae372be06a, branch=main, programmingLanguage=JAVA, projectType=PLAIN_GRADLE, scaEnabled=false, sequentialTestRunsEnabled=false, resultPaths=[/var/tmp/testing-dir/**/test-results/test/*.xml], timeoutSeconds=0, assignmentCheckoutPath=null, testCheckoutPath=null, solutionCheckoutPath=null, dockerRunConfig=null], submissionResult=ResultDTO[id=640, completionDate=2025-02-14T23:45:55.628250079Z[Etc/UTC], successful=false, score=7.7, rated=true, submission=SubmissionDTO[id=834, submitted=true, type=MANUAL, exampleSubmission=null, submissionDate=2025-02-14T23:45:54.732007Z, commitHash=9344436f8d5a5ce3aa40215562db211ed501371f, buildFailed=false, buildArtifact=false, participation=ParticipationDTO[id=2039, testRun=false, type=programming, submissionCount=null, exercise=ParticipationExerciseDTO[id=2613, exerciseType=PROGRAMMING, type=programming, assessmentType=AUTOMATIC, dueDate=2025-02-16T23:45:54.546562Z, assessmentDueDate=null, maxPoints=42.0, course=CourseDTO[id=996, accuracyOfScores=1]]], submissionExerciseType=programming, isProcessing=false, buildStartDate=null, estimatedCompletionDate=null], participation=ParticipationDTO[id=2039, testRun=false, type=programming, submissionCount=null, exercise=ParticipationExerciseDTO[id=2613, exerciseType=PROGRAMMING, type=programming, assessmentType=AUTOMATIC, dueDate=2025-02-16T23:45:54.546562Z, assessmentDueDate=null, maxPoints=42.0, course=CourseDTO[id=996, accuracyOfScores=1]]], feedbacks=[FeedbackDTO[id=1024, text=null, detailText=The exercise expects a class with the name Context in the package testpackage. You did not implement the class in the exercise., hasLongFeedbackText=false, reference=null, credits=0.0, positive=false, type=AUTOMATIC, visibility=ALWAYS, testCase=TestCaseDTO[testName=null, id=1513]], FeedbackDTO[id=1025, text=null, detailText=The exercise expects a class with the name Policy in the package testpackage. You did not implement the class in the exercise., hasLongFeedbackText=false, reference=null, credits=0.0, positive=false, type=AUTOMATIC, visibility=ALWAYS, testCase=TestCaseDTO[testName=null, id=1514]], FeedbackDTO[id=1026, text=null, detailText=The exercise expects a class with the name SortStrategy in the package testpackage. You did not implement the class in the exercise., hasLongFeedbackText=false, reference=null, credits=0.0, positive=false, type=AUTOMATIC, visibility=ALWAYS, testCase=TestCaseDTO[testName=null, id=1515]], FeedbackDTO[id=1027, text=null, detailText=The class 'MergeSort' does not implement the interface 'SortStrategy' as expected. Implement the interface and its methods., hasLongFeedbackText=false, reference=null, credits=0.0, positive=false, type=AUTOMATIC, visibility=ALWAYS, testCase=TestCaseDTO[testName=null, id=1510]], FeedbackDTO[id=1028, text=null, detailText=The exercise expects a class with the name SortStrategy in the package testpackage. You did not implement the class in the exercise., hasLongFeedbackText=false, reference=null, credits=0.0, positive=false, type=AUTOMATIC, visibility=ALWAYS, testCase=TestCaseDTO[testName=null, id=1507]], FeedbackDTO[id=1029, text=null, detailText=The class 'BubbleSort' does not implement the interface 'SortStrategy' as expected. Implement the interface and its methods., hasLongFeedbackText=false, reference=null, credits=0.0, positive=false, type=AUTOMATIC, visibility=ALWAYS, testCase=TestCaseDTO[testName=null, id=1511]], FeedbackDTO[id=1030, text=null, detailText=MergeSort does not sort correctly, hasLongFeedbackText=false, reference=null, credits=0.0, positive=false, type=AUTOMATIC, visibility=ALWAYS, testCase=TestCaseDTO[testName=null, id=1516]], FeedbackDTO[id=1031, text=null, detailText=The class 'Context' was not found within the submission. Make sure to implement it properly., hasLongFeedbackText=false, reference=null, credits=0.0, positive=false, type=AUTOMATIC, visibility=ALWAYS, testCase=TestCaseDTO[testName=null, id=1517]], FeedbackDTO[id=1032, text=null, detailText=The class 'Context' was not found within the submission. Make sure to implement it properly., hasLongFeedbackText=false, reference=null, credits=0.0, positive=false, type=AUTOMATIC, visibility=ALWAYS, testCase=TestCaseDTO[testName=null, id=1518]], FeedbackDTO[id=1033, text=null, detailText=The exercise expects a class with the name Policy in the package testpackage. You did not implement the class in the exercise., hasLongFeedbackText=false, reference=null, credits=0.0, positive=false, type=AUTOMATIC, visibility=ALWAYS, testCase=TestCaseDTO[testName=null, id=1512]], FeedbackDTO[id=1034, text=null, detailText=The exercise expects a class with the name Context in the package testpackage. You did not implement the class in the exercise., hasLongFeedbackText=false, reference=null, credits=0.0, positive=false, type=AUTOMATIC, visibility=ALWAYS, testCase=TestCaseDTO[testName=null, id=1508]], FeedbackDTO[id=1035, text=null, detailText=The exercise expects a class with the name Policy in the package testpackage. You did not implement the class in the exercise., hasLongFeedbackText=false, reference=null, credits=0.0, positive=false, type=AUTOMATIC, visibility=ALWAYS, testCase=TestCaseDTO[testName=null, id=1509]], FeedbackDTO[id=1036, text=null, detailText=null, hasLongFeedbackText=false, reference=null, credits=3.230769230769231, positive=true, type=AUTOMATIC, visibility=ALWAYS, testCase=TestCaseDTO[testName=null, id=1519]]], assessmentType=AUTOMATIC, hasComplaint=null, exampleResult=null, testCaseCount=13, passedTestCaseCount=1, codeIssueCount=0]], BuildJobQueueItem[id=20431739576757232, name=SHORT3945BC5E092B90459B0A7F006DF5F64347FDTSTEXC-SOLUTION, buildAgent=BuildAgentDTO[name=artemis-build-agent-test, memberAddress=[127.0.0.1]:5703, displayName=artemis-build-agent-test], participationId=2043, courseId=998, exerciseId=2615, retryCount=0, priority=2, status=SUCCESSFUL, repositoryInfo=RepositoryInfo[repositoryName=short3945bc5e092b90459b0a7f006df5f64347fdtstexc-solution, repositoryType=solution, triggeredByPushTo=solution, assignmentRepositoryUri=http://localhost:49152/git/SHORT3945BC5E092B90459B0A7F006DF5F64347FDTSTEXC/short3945bc5e092b90459b0a7f006df5f64347fdtstexc-solution.git, testRepositoryUri=http://localhost:49152/git/SHORT3945BC5E092B90459B0A7F006DF5F64347FDTSTEXC/short3945bc5e092b90459b0a7f006df5f64347fdtstexc-tests.git, solutionRepositoryUri=null, auxiliaryRepositoryUris=[Ljava.lang.String;@40a020cf, auxiliaryRepositoryCheckoutDirectories=[Ljava.lang.String;@292aed48], jobTimingInfo=JobTimingInfo[submissionDate=2025-02-14T23:45:57.232907777Z[Etc/UTC], buildStartDate=2025-02-14T23:45:57.240437339Z[Etc/UTC], buildCompletionDate=2025-02-14T23:45:58.062328619Z[Etc/UTC], estimatedCompletionDate=2025-02-14T23:46:16.240428743Z[Etc/UTC], estimatedDuration=19], buildConfig=BuildConfig[buildScript=#!/bin/bash
cd /var/tmp/testing-dir
chmod +x ./gradlew
./gradlew clean test
, dockerImage=dummy-docker-image:latest, commitHashToBuild=c315388a235502fd958ae3c7ffbbbbf126a8fe21, assignmentCommitHash=c315388a235502fd958ae3c7ffbbbbf126a8fe21, testCommitHash=28488095271179f4eface46480ec45511f50df5d, branch=main, programmingLanguage=JAVA, projectType=PLAIN_GRADLE, scaEnabled=false, sequentialTestRunsEnabled=false, resultPaths=[/var/tmp/testing-dir/**/test-results/test/*.xml], timeoutSeconds=0, assignmentCheckoutPath=null, testCheckoutPath=null, solutionCheckoutPath=null, dockerRunConfig=null], submissionResult=ResultDTO[id=641, completionDate=2025-02-14T23:45:58.032353400Z[Etc/UTC], successful=true, score=100.0, rated=true, submission=SubmissionDTO[id=835, submitted=true, type=MANUAL, exampleSubmission=null, submissionDate=2025-02-14T23:45:57.222714Z, commitHash=c315388a235502fd958ae3c7ffbbbbf126a8fe21, buildFailed=false, buildArtifact=false, participation=ParticipationDTO[id=2043, testRun=false, type=solution, submissionCount=null, exercise=ParticipationExerciseDTO[id=2615, exerciseType=PROGRAMMING, type=programming, assessmentType=AUTOMATIC, dueDate=2025-02-16T23:45:56.808788Z, assessmentDueDate=null, maxPoints=42.0, course=CourseDTO[id=998, accuracyOfScores=1]]], submissionExerciseType=programming, isProcessing=false, buildStartDate=null, estimatedCompletionDate=null], participation=ParticipationDTO[id=2043, testRun=false, type=solution, submissionCount=null, exercise=ParticipationExerciseDTO[id=2615, exerciseType=PROGRAMMING, type=programming, assessmentType=AUTOMATIC, dueDate=2025-02-16T23:45:56.808788Z, assessmentDueDate=null, maxPoints=42.0, course=CourseDTO[id=998, accuracyOfScores=1]]], feedbacks=[FeedbackDTO[id=1037, text=null, detailText=null, hasLongFeedbackText=false, reference=null, credits=3.230769230769231, positive=true, type=AUTOMATIC, visibility=ALWAYS, testCase=TestCaseDTO[testName=testMethods[Context], id=1539]], FeedbackDTO[id=1038, text=null, detailText=null, hasLongFeedbackText=false, reference=null, credits=3.230769230769231, positive=true, type=AUTOMATIC, visibility=ALWAYS, testCase=TestCaseDTO[testName=testMethods[Policy], id=1540]], FeedbackDTO[id=1039, text=null, detailText=null, hasLongFeedbackText=false, reference=null, credits=3.230769230769231, positive=true, type=AUTOMATIC, visibility=ALWAYS, testCase=TestCaseDTO[testName=testMethods[SortStrategy], id=1541]], FeedbackDTO[id=1040, text=null, detailText=null, hasLongFeedbackText=false, reference=null, credits=3.230769230769231, positive=true, type=AUTOMATIC, visibility=ALWAYS, testCase=TestCaseDTO[testName=testClass[MergeSort], id=1536]], FeedbackDTO[id=1041, text=null, detailText=null, hasLongFeedbackText=false, reference=null, credits=3.230769230769231, positive=true, type=AUTOMATIC, visibility=ALWAYS, testCase=TestCaseDTO[testName=testClass[SortStrategy], id=1533]], FeedbackDTO[id=1042, text=null, detailText=null, hasLongFeedbackText=false, reference=null, credits=3.230769230769231, positive=true, type=AUTOMATIC, visibility=ALWAYS, testCase=TestCaseDTO[testName=testClass[BubbleSort], id=1537]], FeedbackDTO[id=1043, text=null, detailText=null, hasLongFeedbackText=false, reference=null, credits=3.230769230769231, positive=true, type=AUTOMATIC, visibility=ALWAYS, testCase=TestCaseDTO[testName=testMergeSort(), id=1542]], FeedbackDTO[id=1044, text=null, detailText=null, hasLongFeedbackText=false, reference=null, credits=3.230769230769231, positive=true, type=AUTOMATIC, visibility=ALWAYS, testCase=TestCaseDTO[testName=testUseBubbleSortForSmallList(), id=1543]], FeedbackDTO[id=1045, text=null, detailText=null, hasLongFeedbackText=false, reference=null, credits=3.230769230769231, positive=true, type=AUTOMATIC, visibility=ALWAYS, testCase=TestCaseDTO[testName=testBubbleSort(), id=1545]], FeedbackDTO[id=1046, text=null, detailText=null, hasLongFeedbackText=false, reference=null, credits=3.230769230769231, positive=true, type=AUTOMATIC, visibility=ALWAYS, testCase=TestCaseDTO[testName=testUseMergeSortForBigList(), id=1544]], FeedbackDTO[id=1047, text=null, detailText=null, hasLongFeedbackText=false, reference=null, credits=3.230769230769231, positive=true, type=AUTOMATIC, visibility=ALWAYS, testCase=TestCaseDTO[testName=testConstructors[Policy], id=1538]], FeedbackDTO[id=1048, text=null, detailText=null, hasLongFeedbackText=false, reference=null, credits=3.230769230769231, positive=true, type=AUTOMATIC, visibility=ALWAYS, testCase=TestCaseDTO[testName=testAttributes[Context], id=1534]], FeedbackDTO[id=1049, text=null, detailText=null, hasLongFeedbackText=false, reference=null, credits=3.230769230769231, positive=true, type=AUTOMATIC, visibility=ALWAYS, testCase=TestCaseDTO[testName=testAttributes[Policy], id=1535]]], assessmentType=AUTOMATIC, hasComplaint=null, exampleResult=null, testCaseCount=13, passedTestCaseCount=13, codeIssueCount=0]], BuildJobQueueItem[id=20471739576759335, name=SHORT07624A260BD060493708A050BB6FAE261DD5TSTEXC-LOCALVCCIINTSTUDENT1, buildAgent=BuildAgentDTO[name=artemis-build-agent-test, memberAddress=[127.0.0.1]:5703, displayName=artemis-build-agent-test], participationId=2047, courseId=999, exerciseId=2616, retryCount=0, priority=2, status=SUCCESSFUL, repositoryInfo=RepositoryInfo[repositoryName=short07624a260bd060493708a050bb6fae261dd5tstexc-localvcciintstudent1, repositoryType=user, triggeredByPushTo=user, assignmentRepositoryUri=http://localhost:49152/git/SHORT07624A260BD060493708A050BB6FAE261DD5TSTEXC/short07624a260bd060493708a050bb6fae261dd5tstexc-localvcciintstudent1.git, testRepositoryUri=http://localhost:49152/git/SHORT07624A260BD060493708A050BB6FAE261DD5TSTEXC/short07624a260bd060493708a050bb6fae261dd5tstexc-tests.git, solutionRepositoryUri=null, auxiliaryRepositoryUris=[Ljava.lang.String;@441af775, auxiliaryRepositoryCheckoutDirectories=[Ljava.lang.String;@6579265b], jobTimingInfo=JobTimingInfo[submissionDate=2025-02-14T23:45:59.335772293Z[Etc/UTC], buildStartDate=2025-02-14T23:45:59.344175895Z[Etc/UTC], buildCompletionDate=2025-02-14T23:46:00.603413500Z[Etc/UTC], estimatedCompletionDate=2025-02-14T23:46:18.344169813Z[Etc/UTC], estimatedDuration=19], buildConfig=BuildConfig[buildScript=#!/bin/bash
cd /var/tmp/testing-dir
chmod +x ./gradlew
./gradlew clean test
, dockerImage=dummy-docker-image:latest, commitHashToBuild=18a07c7296dd70e3280c5bdcec7fccd0be6b8148, assignmentCommitHash=18a07c7296dd70e3280c5bdcec7fccd0be6b8148, testCommitHash=d654a233667bae063bb900e455fd2da456e10333, branch=main, programmingLanguage=JAVA, projectType=PLAIN_GRADLE, scaEnabled=false, sequentialTestRunsEnabled=false, resultPaths=[/var/tmp/testing-dir/**/test-results/test/*.xml], timeoutSeconds=0, assignmentCheckoutPath=null, testCheckoutPath=null, solutionCheckoutPath=null, dockerRunConfig=null], submissionResult=ResultDTO[id=642, completionDate=2025-02-14T23:46:00.583368808Z[Etc/UTC], successful=false, score=7.7, rated=true, submission=SubmissionDTO[id=836, submitted=true, type=MANUAL, exampleSubmission=null, submissionDate=2025-02-14T23:45:59.324416Z, commitHash=18a07c7296dd70e3280c5bdcec7fccd0be6b8148, buildFailed=false, buildArtifact=false, participation=ParticipationDTO[id=2047, testRun=false, type=programming, submissionCount=null, exercise=ParticipationExerciseDTO[id=2616, exerciseType=PROGRAMMING, type=programming, assessmentType=AUTOMATIC, dueDate=2025-02-16T23:45:58.958237Z, assessmentDueDate=null, maxPoints=42.0, course=CourseDTO[id=999, accuracyOfScores=1]]], submissionExerciseType=programming, isProcessing=false, buildStartDate=null, estimatedCompletionDate=null], participation=ParticipationDTO[id=2047, testRun=false, type=programming, submissionCount=null, exercise=ParticipationExerciseDTO[id=2616, exerciseType=PROGRAMMING, type=programming, assessmentType=AUTOMATIC, dueDate=2025-02-16T23:45:58.958237Z, assessmentDueDate=null, maxPoints=42.0, course=CourseDTO[id=999, accuracyOfScores=1]]], feedbacks=[FeedbackDTO[id=1050, text=null, detailText=The exercise expects a class with the name Context in the package testpackage. You did not implement the class in the exercise., hasLongFeedbackText=false, reference=null, credits=0.0, positive=false, type=AUTOMATIC, visibility=ALWAYS, testCase=TestCaseDTO[testName=null, id=1552]], FeedbackDTO[id=1051, text=null, detailText=The exercise expects a class with the name Policy in the package testpackage. You did not implement the class in the exercise., hasLongFeedbackText=false, reference=null, credits=0.0, positive=false, type=AUTOMATIC, visibility=ALWAYS, testCase=TestCaseDTO[testName=null, id=1553]], FeedbackDTO[id=1052, text=null, detailText=The exercise expects a class with the name SortStrategy in the package testpackage. You did not implement the class in the exercise., hasLongFeedbackText=false, reference=null, credits=0.0, positive=false, type=AUTOMATIC, visibility=ALWAYS, testCase=TestCaseDTO[testName=null, id=1554]], FeedbackDTO[id=1053, text=null, detailText=The class 'MergeSort' does not implement the interface 'SortStrategy' as expected. Implement the interface and its methods., hasLongFeedbackText=false, reference=null, credits=0.0, positive=false, type=AUTOMATIC, visibility=ALWAYS, testCase=TestCaseDTO[testName=null, id=1549]], FeedbackDTO[id=1054, text=null, detailText=The exercise expects a class with the name SortStrategy in the package testpackage. You did not implement the class in the exercise., hasLongFeedbackText=false, reference=null, credits=0.0, positive=false, type=AUTOMATIC, visibility=ALWAYS, testCase=TestCaseDTO[testName=null, id=1546]], FeedbackDTO[id=1055, text=null, detailText=The class 'BubbleSort' does not implement the interface 'SortStrategy' as expected. Implement the interface and its methods., hasLongFeedbackText=false, reference=null, credits=0.0, positive=false, type=AUTOMATIC, visibility=ALWAYS, testCase=TestCaseDTO[testName=null, id=1550]], FeedbackDTO[id=1056, text=null, detailText=MergeSort does not sort correctly, hasLongFeedbackText=false, reference=null, credits=0.0, positive=false, type=AUTOMATIC, visibility=ALWAYS, testCase=TestCaseDTO[testName=null, id=1555]], FeedbackDTO[id=1057, text=null, detailText=The class 'Context' was not found within the submission. Make sure to implement it properly., hasLongFeedbackText=false, reference=null, credits=0.0, positive=false, type=AUTOMATIC, visibility=ALWAYS, testCase=TestCaseDTO[testName=null, id=1556]], FeedbackDTO[id=1058, text=null, detailText=The class 'Context' was not found within the submission. Make sure to implement it properly., hasLongFeedbackText=false, reference=null, credits=0.0, positive=false, type=AUTOMATIC, visibility=ALWAYS, testCase=TestCaseDTO[testName=null, id=1557]], FeedbackDTO[id=1059, text=null, detailText=The exercise expects a class with the name Policy in the package testpackage. You did not implement the class in the exercise., hasLongFeedbackText=false, reference=null, credits=0.0, positive=false, type=AUTOMATIC, visibility=ALWAYS, testCase=TestCaseDTO[testName=null, id=1551]], FeedbackDTO[id=1060, text=null, detailText=The exercise expects a class with the name Context in the package testpackage. You did not implement the class in the exercise., hasLongFeedbackText=false, reference=null, credits=0.0, positive=false, type=AUTOMATIC, visibility=ALWAYS, testCase=TestCaseDTO[testName=null, id=1547]], FeedbackDTO[id=1061, text=null, detailText=The exercise expects a class with the name Policy in the package testpackage. You did not implement the class in the exercise., hasLongFeedbackText=false, reference=null, credits=0.0, positive=false, type=AUTOMATIC, visibility=ALWAYS, testCase=TestCaseDTO[testName=null, id=1548]], FeedbackDTO[id=1062, text=null, detailText=null, hasLongFeedbackText=false, reference=null, credits=3.230769230769231, positive=true, type=AUTOMATIC, visibility=ALWAYS, testCase=TestCaseDTO[testName=null, id=1558]]], assessmentType=AUTOMATIC, hasComplaint=null, exampleResult=null, testCaseCount=13, passedTestCaseCount=1, codeIssueCount=0]], BuildJobQueueItem[id=20631739576764096, name=SHORT4DC244B40E51904DBF09D1D07EFB51569A98T9E7-BASE, buildAgent=BuildAgentDTO[name=artemis-build-agent-test, memberAddress=[127.0.0.1]:5703, displayName=artemis-build-agent-test], participationId=2063, courseId=1004, exerciseId=2622, retryCount=0, priority=2, status=SUCCESSFUL, repositoryInfo=RepositoryInfo[repositoryName=short4dc244b40e51904dbf09d1d07efb51569a98t9e7-exercise, repositoryType=exercise, triggeredByPushTo=exercise, assignmentRepositoryUri=http://localhost:49152/git/SHORT4DC244B40E51904DBF09D1D07EFB51569A98T9E7/short4dc244b40e51904dbf09d1d07efb51569a98t9e7-exercise.git, testRepositoryUri=http://localhost:49152/git/SHORT4DC244B40E51904DBF09D1D07EFB51569A98T9E7/short4dc244b40e51904dbf09d1d07efb51569a98t9e7-tests.git, solutionRepositoryUri=null, auxiliaryRepositoryUris=[Ljava.lang.String;@249ec463, auxiliaryRepositoryCheckoutDirectories=[Ljava.lang.String;@5a203d15], jobTimingInfo=JobTimingInfo[submissionDate=2025-02-14T23:46:04.096728486Z[Etc/UTC], buildStartDate=2025-02-14T23:46:04.102262636Z[Etc/UTC], buildCompletionDate=2025-02-14T23:46:05.226227728Z[Etc/UTC], estimatedCompletionDate=2025-02-14T23:46:23.102258508Z[Etc/UTC], estimatedDuration=19], buildConfig=BuildConfig[buildScript=#!/bin/bash
cd /var/tmp/testing-dir
Some script, dockerImage=dummy-docker-image, commitHashToBuild=null, assignmentCommitHash=c012d390834ea02544e9b3baca8f528ff58cb582, testCommitHash=106892b5032dbcc929f32d283777eb646a0a7ab0, branch=main, programmingLanguage=JAVA, projectType=PLAIN_GRADLE, scaEnabled=false, sequentialTestRunsEnabled=false, resultPaths=[/var/tmp/testing-dir/**/test-results/test/*.xml], timeoutSeconds=0, assignmentCheckoutPath=null, testCheckoutPath=null, solutionCheckoutPath=null, dockerRunConfig=null], submissionResult=ResultDTO[id=643, completionDate=2025-02-14T23:46:05.207991505Z[Etc/UTC], successful=false, score=0.0, rated=true, submission=SubmissionDTO[id=838, submitted=false, type=INSTRUCTOR, exampleSubmission=null, submissionDate=2025-02-14T23:46:04.057795Z, commitHash=c012d390834ea02544e9b3baca8f528ff58cb582, buildFailed=false, buildArtifact=false, participation=ParticipationDTO[id=2063, testRun=false, type=template, submissionCount=null, exercise=ParticipationExerciseDTO[id=2622, exerciseType=PROGRAMMING, type=programming, assessmentType=SEMI_AUTOMATIC, dueDate=2025-02-21T23:46:03.542650Z, assessmentDueDate=null, maxPoints=5.0, course=CourseDTO[id=1004, accuracyOfScores=1]]], submissionExerciseType=programming, isProcessing=false, buildStartDate=null, estimatedCompletionDate=null], participation=ParticipationDTO[id=2063, testRun=false, type=template, submissionCount=null, exercise=ParticipationExerciseDTO[id=2622, exerciseType=PROGRAMMING, type=programming, assessmentType=SEMI_AUTOMATIC, dueDate=2025-02-21T23:46:03.542650Z, assessmentDueDate=null, maxPoints=5.0, course=CourseDTO[id=1004, accuracyOfScores=1]]], feedbacks=[FeedbackDTO[id=1063, text=testMethods[Context], detailText=The exercise expects a class with the name Context in the package testpackage. You did not implement the class in the exercise., hasLongFeedbackText=false, reference=null, credits=null, positive=false, type=AUTOMATIC, visibility=null, testCase=null], FeedbackDTO[id=1064, text=testMethods[Policy], detailText=The exercise expects a class with the name Policy in the package testpackage. You did not implement the class in the exercise., hasLongFeedbackText=false, reference=null, credits=null, positive=false, type=AUTOMATIC, visibility=null, testCase=null], FeedbackDTO[id=1065, text=testMethods[SortStrategy], detailText=The exercise expects a class with the name SortStrategy in the package testpackage. You did not implement the class in the exercise., hasLongFeedbackText=false, reference=null, credits=null, positive=false, type=AUTOMATIC, visibility=null, testCase=null], FeedbackDTO[id=1066, text=testClass[MergeSort], detailText=The class 'MergeSort' does not implement the interface 'SortStrategy' as expected. Implement the interface and its methods., hasLongFeedbackText=false, reference=null, credits=null, positive=false, type=AUTOMATIC, visibility=null, testCase=null], FeedbackDTO[id=1067, text=testClass[SortStrategy], detailText=The exercise expects a class with the name SortStrategy in the package testpackage. You did not implement the class in the exercise., hasLongFeedbackText=false, reference=null, credits=null, positive=false, type=AUTOMATIC, visibility=null, testCase=null], FeedbackDTO[id=1068, text=testClass[BubbleSort], detailText=The class 'BubbleSort' does not implement the interface 'SortStrategy' as expected. Implement the interface and its methods., hasLongFeedbackText=false, reference=null, credits=null, positive=false, type=AUTOMATIC, visibility=null, testCase=null], FeedbackDTO[id=1069, text=testMergeSort(), detailText=MergeSort does not sort correctly, hasLongFeedbackText=false, reference=null, credits=null, positive=false, type=AUTOMATIC, visibility=null, testCase=null], FeedbackDTO[id=1070, text=testUseBubbleSortForSmallList(), detailText=The class 'Context' was not found within the submission. Make sure to implement it properly., hasLongFeedbackText=false, reference=null, credits=null, positive=false, type=AUTOMATIC, visibility=null, testCase=null], FeedbackDTO[id=1071, text=testBubbleSort(), detailText=BubbleSort does not sort correctly, hasLongFeedbackText=false, reference=null, credits=null, positive=false, type=AUTOMATIC, visibility=null, testCase=null], FeedbackDTO[id=1072, text=testUseMergeSortForBigList(), detailText=The class 'Context' was not found within the submission. Make sure to implement it properly., hasLongFeedbackText=false, reference=null, credits=null, positive=false, type=AUTOMATIC, visibility=null, testCase=null], FeedbackDTO[id=1073, text=testConstructors[Policy], detailText=The exercise expects a class with the name Policy in the package testpackage. You did not implement the class in the exercise., hasLongFeedbackText=false, reference=null, credits=null, positive=false, type=AUTOMATIC, visibility=null, testCase=null], FeedbackDTO[id=1074, text=testAttributes[Context], detailText=The exercise expects a class with the name Context in the package testpackage. You did not implement the class in the exercise., hasLongFeedbackText=false, reference=null, credits=null, positive=false, type=AUTOMATIC, visibility=null, testCase=null], FeedbackDTO[id=1075, text=testAttributes[Policy], detailText=The exercise expects a class with the name Policy in the package testpackage. You did not implement the class in the exercise., hasLongFeedbackText=false, reference=null, credits=null, positive=false, type=AUTOMATIC, visibility=null, testCase=null]], assessmentType=AUTOMATIC, hasComplaint=null, exampleResult=null, testCaseCount=13, passedTestCaseCount=0, codeIssueCount=0]], BuildJobQueueItem[id=20641739576764112, name=SHORT4DC244B40E51904DBF09D1D07EFB51569A98T9E7-SOLUTION, buildAgent=BuildAgentDTO[name=artemis-build-agent-test, memberAddress=[127.0.0.1]:5703, displayName=artemis-build-agent-test], participationId=2064, courseId=1004, exerciseId=2622, retryCount=0, priority=2, status=SUCCESSFUL, repositoryInfo=RepositoryInfo[repositoryName=short4dc244b40e51904dbf09d1d07efb51569a98t9e7-solution, repositoryType=solution, triggeredByPushTo=solution, assignmentRepositoryUri=http://localhost:49152/git/SHORT4DC244B40E51904DBF09D1D07EFB51569A98T9E7/short4dc244b40e51904dbf09d1d07efb51569a98t9e7-solution.git, testRepositoryUri=http://localhost:49152/git/SHORT4DC244B40E51904DBF09D1D07EFB51569A98T9E7/short4dc244b40e51904dbf09d1d07efb51569a98t9e7-tests.git, solutionRepositoryUri=null, auxiliaryRepositoryUris=[Ljava.lang.String;@4912c87b, auxiliaryRepositoryCheckoutDirectories=[Ljava.lang.String;@657564fc], jobTimingInfo=JobTimingInfo[submissionDate=2025-02-14T23:46:04.112126913Z[Etc/UTC], buildStartDate=2025-02-14T23:46:05.232264507Z[Etc/UTC], buildCompletionDate=2025-02-14T23:46:06.182915498Z[Etc/UTC], estimatedCompletionDate=2025-02-14T23:46:24.232260149Z[Etc/UTC], estimatedDuration=19], buildConfig=BuildConfig[buildScript=#!/bin/bash
cd /var/tmp/testing-dir
Some script, dockerImage=dummy-docker-image, commitHashToBuild=null, assignmentCommitHash=221330b9b164316cadedcd1505ff3260d90e6691, testCommitHash=106892b5032dbcc929f32d283777eb646a0a7ab0, branch=main, programmingLanguage=JAVA, projectType=PLAIN_GRADLE, scaEnabled=false, sequentialTestRunsEnabled=false, resultPaths=[/var/tmp/testing-dir/**/test-results/test/*.xml], timeoutSeconds=0, assignmentCheckoutPath=null, testCheckoutPath=null, solutionCheckoutPath=null, dockerRunConfig=null], submissionResult=ResultDTO[id=644, completionDate=2025-02-14T23:46:06.169385846Z[Etc/UTC], successful=true, score=100.0, rated=true, submission=SubmissionDTO[id=837, submitted=false, type=INSTRUCTOR, exampleSubmission=null, submissionDate=2025-02-14T23:46:04.038689Z, commitHash=221330b9b164316cadedcd1505ff3260d90e6691, buildFailed=false, buildArtifact=false, participation=ParticipationDTO[id=2064, testRun=false, type=solution, submissionCount=null, exercise=ParticipationExerciseDTO[id=2622, exerciseType=PROGRAMMING, type=programming, assessmentType=SEMI_AUTOMATIC, dueDate=2025-02-21T23:46:03.542650Z, assessmentDueDate=null, maxPoints=5.0, course=CourseDTO[id=1004, accuracyOfScores=1]]], submissionExerciseType=programming, isProcessing=false, buildStartDate=null, estimatedCompletionDate=null], participation=ParticipationDTO[id=2064, testRun=false, type=solution, submissionCount=null, exercise=ParticipationExerciseDTO[id=2622, exerciseType=PROGRAMMING, type=programming, assessmentType=SEMI_AUTOMATIC, dueDate=2025-02-21T23:46:03.542650Z, assessmentDueDate=null, maxPoints=5.0, course=CourseDTO[id=1004, accuracyOfScores=1]]], feedbacks=[FeedbackDTO[id=1076, text=null, detailText=null, hasLongFeedbackText=false, reference=null, credits=0.38461538461538464, positive=true, type=AUTOMATIC, visibility=ALWAYS, testCase=TestCaseDTO[testName=testMethods[Context], id=1612]], FeedbackDTO[id=1077, text=null, detailText=null, hasLongFeedbackText=false, reference=null, credits=0.38461538461538464, positive=true, type=AUTOMATIC, visibility=ALWAYS, testCase=TestCaseDTO[testName=testMethods[Policy], id=1611]], FeedbackDTO[id=1078, text=null, detailText=null, hasLongFeedbackText=false, reference=null, credits=0.38461538461538464, positive=true, type=AUTOMATIC, visibility=ALWAYS, testCase=TestCaseDTO[testName=testMethods[SortStrategy], id=1613]], FeedbackDTO[id=1079, text=null, detailText=null, hasLongFeedbackText=false, reference=null, credits=0.38461538461538464, positive=true, type=AUTOMATIC, visibility=ALWAYS, testCase=TestCaseDTO[testName=testClass[MergeSort], id=1614]], FeedbackDTO[id=1080, text=null, detailText=null, hasLongFeedbackText=false, reference=null, credits=0.38461538461538464, positive=true, type=AUTOMATIC, visibility=ALWAYS, testCase=TestCaseDTO[testName=testClass[SortStrategy], id=1617]], FeedbackDTO[id=1081, text=null, detailText=null, hasLongFeedbackText=false, reference=null, credits=0.38461538461538464, positive=true, type=AUTOMATIC, visibility=ALWAYS, testCase=TestCaseDTO[testName=testClass[BubbleSort], id=1618]], FeedbackDTO[id=1082, text=null, detailText=null, hasLongFeedbackText=false, reference=null, credits=0.38461538461538464, positive=true, type=AUTOMATIC, visibility=ALWAYS, testCase=TestCaseDTO[testName=testMergeSort(), id=1620]], FeedbackDTO[id=1083, text=null, detailText=null, hasLongFeedbackText=false, reference=null, credits=0.38461538461538464, positive=true, type=AUTOMATIC, visibility=ALWAYS, testCase=TestCaseDTO[testName=testUseBubbleSortForSmallList(), id=1622]], FeedbackDTO[id=1084, text=null, detailText=null, hasLongFeedbackText=false, reference=null, credits=0.38461538461538464, positive=true, type=AUTOMATIC, visibility=ALWAYS, testCase=TestCaseDTO[testName=testBubbleSort(), id=1615]], FeedbackDTO[id=1085, text=null, detailText=null, hasLongFeedbackText=false, reference=null, credits=0.38461538461538464, positive=true, type=AUTOMATIC, visibility=ALWAYS, testCase=TestCaseDTO[testName=testUseMergeSortForBigList(), id=1619]], FeedbackDTO[id=1086, text=null, detailText=null, hasLongFeedbackText=false, reference=null, credits=0.38461538461538464, positive=true, type=AUTOMATIC, visibility=ALWAYS, testCase=TestCaseDTO[testName=testConstructors[Policy], id=1623]], FeedbackDTO[id=1087, text=null, detailText=null, hasLongFeedbackText=false, reference=null, credits=0.38461538461538464, positive=true, type=AUTOMATIC, visibility=ALWAYS, testCase=TestCaseDTO[testName=testAttributes[Context], id=1616]], FeedbackDTO[id=1088, text=null, detailText=null, hasLongFeedbackText=false, reference=null, credits=0.38461538461538464, positive=true, type=AUTOMATIC, visibility=ALWAYS, testCase=TestCaseDTO[testName=testAttributes[Policy], id=1621]]], assessmentType=AUTOMATIC, hasComplaint=null, exampleResult=null, testCaseCount=13, passedTestCaseCount=13, codeIssueCount=0]], BuildJobQueueItem[id=20711739576769873, name=SHORT119ADC0203685047B60A48204B1EA14EB29EIMPORTED-BASE, buildAgent=BuildAgentDTO[name=artemis-build-agent-test, memberAddress=[127.0.0.1]:5703, displayName=artemis-build-agent-test], participationId=2071, courseId=1007, exerciseId=2625, retryCount=0, priority=2, status=SUCCESSFUL, repositoryInfo=RepositoryInfo[repositoryName=short119adc0203685047b60a48204b1ea14eb29eimported-exercise, repositoryType=exercise, triggeredByPushTo=exercise, assignmentRepositoryUri=http://localhost:49152/git/SHORT119ADC0203685047B60A48204B1EA14EB29EIMPORTED/short119adc0203685047b60a48204b1ea14eb29eimported-exercise.git, testRepositoryUri=http://localhost:49152/git/SHORT119ADC0203685047B60A48204B1EA14EB29EIMPORTED/short119adc0203685047b60a48204b1ea14eb29eimported-tests.git, solutionRepositoryUri=null, auxiliaryRepositoryUris=[Ljava.lang.String;@379a19ed, auxiliaryRepositoryCheckoutDirectories=[Ljava.lang.String;@6c09529e], jobTimingInfo=JobTimingInfo[submissionDate=2025-02-14T23:46:09.873880717Z[Etc/UTC], buildStartDate=2025-02-14T23:46:09.877078790Z[Etc/UTC], buildCompletionDate=2025-02-14T23:46:11.190344481Z[Etc/UTC], estimatedCompletionDate=2025-02-14T23:46:28.877074652Z[Etc/UTC], estimatedDuration=19], buildConfig=BuildConfig[buildScript=#!/bin/bash
cd /var/tmp/testing-dir
chmod +x ./gradlew
./gradlew clean test
, dockerImage=dummy-docker-image, commitHashToBuild=null, assignmentCommitHash=fdf5d18917d97180fa8cd8dbe85fef02e40bdd6d, testCommitHash=fdf5d18917d97180fa8cd8dbe85fef02e40bdd6d, branch=main, programmingLanguage=JAVA, projectType=PLAIN_GRADLE, scaEnabled=false, sequentialTestRunsEnabled=false, resultPaths=[/var/tmp/testing-dir/**/test-results/test/*.xml], timeoutSeconds=0, assignmentCheckoutPath=null, testCheckoutPath=null, solutionCheckoutPath=null, dockerRunConfig=null], submissionResult=null]], publicSshKey=ssh-rsa AAAAB3NzaC1yc2EAAAADAQABAAACAQCOPdMsxRE2jFJ/UEa5/LsBxtwzJcrh3/rYBCQvcMeVpiRfhzQPWu7mrt/G2Ew+i+vRloGH9aqKg6dd1liRncao53Zmd/ePxoatXePNhmzTfkCkcSkTUz7B+QMjkoDDV5jwuFPD6mF3JkhuzSi64n9Zy905t4w2IhVcjM2mL3eYNjiCXt6Qpq3Pkt7dM/Ksw1nxnvuiIALuJLB3FTkXkHqq3PJav+9HSq2r6ZaWgekneaGxlQlb+U+Vy3XOuArKAzK8c8i+0bR+AHiTG6ncYXt7ax3U+TdlDTF7OLP3umwaYjs1NBXOHwG42pevvpKn2fqavZZozk+M05jXLx3bq0O7itxfErWc7etky8qYPyyIMF/txQIVLd78+Ze4d7Y60t5MGbXM5cGE6fFif5fEJwgswXD+BrG0cafz1CTatjSKFdvp8Vp4VszXhHDan1PrP6JEFJ5Cc5GDmLRZPCFa3vL9f5qXgf4bkqKN8MYeEujwJE5nMRWoiJVNakix2bcrrneQMBlnYeYZVWXXXUusAQBzl4NgddC1umZpihZkL1b1MffZAUW3EGEXi7KHnllQhkTLLsQ8ntMgbylqaJKStqaXlLvdeRJcEnUuiFCrHEVVbXRFZR7XVDZ02CE5o3MuaRPty8Kh+jRTF3COlAckHwYEJCNNJvXFgb2CNXL4mjzYDw== test@localhost]
    23:46:12.741 | 566 localvc.event-13 | DEBUG | s.l.LocalCIWebsocketMessagingService : Sending message on topic /topic/admin/build-agents: [BuildAgentInformation[buildAgent=BuildAgentDTO[name=artemis-build-agent-test, memberAddress=[127.0.0.1]:5703, displayName=artemis-build-agent-test], maxNumberOfConcurrentBuildJobs=1, numberOfCurrentBuildJobs=0, runningBuildJobs=[], status=IDLE, recentBuildJobs=null, publicSshKey=null]]
    23:46:12.742 | 588 artemis-task-1   | DEBUG | d.t.c.a.a.c.c.w.GzipMessageConverter : Compressed message payload from 255 to 232 (saved 9.0% payload size)
    23:46:12.742 | 566 localvc.event-13 | DEBUG | s.l.LocalCIWebsocketMessagingService : Sending message on topic /topic/admin/build-agent/artemis-build-agent-test: BuildAgentInformation[buildAgent=BuildAgentDTO[name=artemis-build-agent-test, memberAddress=[127.0.0.1]:5703, displayName=artemis-build-agent-test], maxNumberOfConcurrentBuildJobs=1, numberOfCurrentBuildJobs=0, runningBuildJobs=[], status=IDLE, recentBuildJobs=[BuildJobQueueItem[id=19581739576715555, name=SHORTC1A3F9FC03D2304B4308FA20AF16D54AAA49TSTEXC-LOCALVCSSHINTSTUDENT1, buildAgent=BuildAgentDTO[name=artemis-build-agent-test, memberAddress=[127.0.0.1]:5703, displayName=artemis-build-agent-test], participationId=1958, courseId=965, exerciseId=2582, retryCount=0, priority=2, status=FAILED, repositoryInfo=RepositoryInfo[repositoryName=shortc1a3f9fc03d2304b4308fa20af16d54aaa49tstexc-localvcsshintstudent1, repositoryType=user, triggeredByPushTo=user, assignmentRepositoryUri=http://localhost:49152/git/SHORTC1A3F9FC03D2304B4308FA20AF16D54AAA49TSTEXC/shortc1a3f9fc03d2304b4308fa20af16d54aaa49tstexc-localvcsshintstudent1.git, testRepositoryUri=http://localhost:49152/git/SHORTC1A3F9FC03D2304B4308FA20AF16D54AAA49TSTEXC/shortc1a3f9fc03d2304b4308fa20af16d54aaa49tstexc-tests.git, solutionRepositoryUri=null, auxiliaryRepositoryUris=[Ljava.lang.String;@1a29f553, auxiliaryRepositoryCheckoutDirectories=[Ljava.lang.String;@3c12d92a], jobTimingInfo=JobTimingInfo[submissionDate=2025-02-14T23:45:15.555989584Z[Etc/UTC], buildStartDate=2025-02-14T23:45:15.568477627Z[Etc/UTC], buildCompletionDate=2025-02-14T23:45:15.579021148Z[Etc/UTC], estimatedCompletionDate=2025-02-14T23:45:34.568443924Z[Etc/UTC], estimatedDuration=19], buildConfig=BuildConfig[buildScript=#!/bin/bash
cd /var/tmp/testing-dir
chmod +x ./gradlew
./gradlew clean test
, dockerImage=dummy-docker-image:latest, commitHashToBuild=ca76dac20e040e6609db02fd7fedd56bf58829d7, assignmentCommitHash=ca76dac20e040e6609db02fd7fedd56bf58829d7, testCommitHash=bd0d58c226dc63bfa4bc9052870589952c0a1f83, branch=main, programmingLanguage=JAVA, projectType=PLAIN_GRADLE, scaEnabled=false, sequentialTestRunsEnabled=false, resultPaths=[/var/tmp/testing-dir/**/test-results/test/*.xml], timeoutSeconds=0, assignmentCheckoutPath=null, testCheckoutPath=null, solutionCheckoutPath=null, dockerRunConfig=null], submissionResult=ResultDTO[id=627, completionDate=2025-02-14T23:45:15.579119131Z[Etc/UTC], successful=false, score=0.0, rated=true, submission=SubmissionDTO[id=820, submitted=true, type=MANUAL, exampleSubmission=null, submissionDate=2025-02-14T23:45:15.548349Z, commitHash=ca76dac20e040e6609db02fd7fedd56bf58829d7, buildFailed=true, buildArtifact=false, participation=ParticipationDTO[id=1958, testRun=false, type=programming, submissionCount=null, exercise=ParticipationExerciseDTO[id=2582, exerciseType=PROGRAMMING, type=programming, assessmentType=AUTOMATIC, dueDate=2025-02-16T23:45:15.103512Z, assessmentDueDate=null, maxPoints=42.0, course=CourseDTO[id=965, accuracyOfScores=1]]], submissionExerciseType=programming, isProcessing=false, buildStartDate=null, estimatedCompletionDate=null], participation=ParticipationDTO[id=1958, testRun=false, type=programming, submissionCount=null, exercise=ParticipationExerciseDTO[id=2582, exerciseType=PROGRAMMING, type=programming, assessmentType=AUTOMATIC, dueDate=2025-02-16T23:45:15.103512Z, assessmentDueDate=null, maxPoints=42.0, course=CourseDTO[id=965, accuracyOfScores=1]]], feedbacks=[], assessmentType=AUTOMATIC, hasComplaint=null, exampleResult=null, testCaseCount=0, passedTestCaseCount=0, codeIssueCount=0]], BuildJobQueueItem[id=19801739576719393, name=SHORTB2A6C58B0D447045380A858075B170A5B7C6TSTEXC-LOCALVCSSHINTSTUDENT1, buildAgent=BuildAgentDTO[name=artemis-build-agent-test, memberAddress=[127.0.0.1]:5703, displayName=artemis-build-agent-test], participationId=1980, courseId=974, exerciseId=2591, retryCount=0, priority=2, status=FAILED, repositoryInfo=RepositoryInfo[repositoryName=shortb2a6c58b0d447045380a858075b170a5b7c6tstexc-localvcsshintstudent1, repositoryType=user, triggeredByPushTo=user, assignmentRepositoryUri=http://localhost:49152/git/SHORTB2A6C58B0D447045380A858075B170A5B7C6TSTEXC/shortb2a6c58b0d447045380a858075b170a5b7c6tstexc-localvcsshintstudent1.git, testRepositoryUri=http://localhost:49152/git/SHORTB2A6C58B0D447045380A858075B170A5B7C6TSTEXC/shortb2a6c58b0d447045380a858075b170a5b7c6tstexc-tests.git, solutionRepositoryUri=null, auxiliaryRepositoryUris=[Ljava.lang.String;@37ed0472, auxiliaryRepositoryCheckoutDirectories=[Ljava.lang.String;@14a6d44d], jobTimingInfo=JobTimingInfo[submissionDate=2025-02-14T23:45:19.393259829Z[Etc/UTC], buildStartDate=2025-02-14T23:45:19.405438171Z[Etc/UTC], buildCompletionDate=2025-02-14T23:45:19.414070673Z[Etc/UTC], estimatedCompletionDate=2025-02-14T23:45:38.405431569Z[Etc/UTC], estimatedDuration=19], buildConfig=BuildConfig[buildScript=#!/bin/bash
cd /var/tmp/testing-dir
chmod +x ./gradlew
./gradlew clean test
, dockerImage=dummy-docker-image:latest, commitHashToBuild=363cdbf709a9fff149f813ab848ee800a675cc77, assignmentCommitHash=363cdbf709a9fff149f813ab848ee800a675cc77, testCommitHash=a5e046ece417b2e538f21f816e2524dab61e0d10, branch=main, programmingLanguage=JAVA, projectType=PLAIN_GRADLE, scaEnabled=false, sequentialTestRunsEnabled=false, resultPaths=[/var/tmp/testing-dir/**/test-results/test/*.xml], timeoutSeconds=0, assignmentCheckoutPath=null, testCheckoutPath=null, solutionCheckoutPath=null, dockerRunConfig=null], submissionResult=ResultDTO[id=628, completionDate=2025-02-14T23:45:19.414171040Z[Etc/UTC], successful=false, score=0.0, rated=true, submission=SubmissionDTO[id=821, submitted=true, type=MANUAL, exampleSubmission=null, submissionDate=2025-02-14T23:45:19.376840Z, commitHash=363cdbf709a9fff149f813ab848ee800a675cc77, buildFailed=true, buildArtifact=false, participation=ParticipationDTO[id=1980, testRun=false, type=programming, submissionCount=null, exercise=ParticipationExerciseDTO[id=2591, exerciseType=PROGRAMMING, type=programming, assessmentType=AUTOMATIC, dueDate=2025-02-16T23:45:18.950569Z, assessmentDueDate=null, maxPoints=42.0, course=CourseDTO[id=974, accuracyOfScores=1]]], submissionExerciseType=programming, isProcessing=false, buildStartDate=null, estimatedCompletionDate=null], participation=ParticipationDTO[id=1980, testRun=false, type=programming, submissionCount=null, exercise=ParticipationExerciseDTO[id=2591, exerciseType=PROGRAMMING, type=programming, assessmentType=AUTOMATIC, dueDate=2025-02-16T23:45:18.950569Z, assessmentDueDate=null, maxPoints=42.0, course=CourseDTO[id=974, accuracyOfScores=1]]], feedbacks=[], assessmentType=AUTOMATIC, hasComplaint=null, exampleResult=null, testCaseCount=0, passedTestCaseCount=0, codeIssueCount=0]], BuildJobQueueItem[id=19791739576719787, name=SHORTB2A6C58B0D447045380A858075B170A5B7C6TSTEXC-BASE, buildAgent=BuildAgentDTO[name=artemis-build-agent-test, memberAddress=[127.0.0.1]:5703, displayName=artemis-build-agent-test], participationId=1979, courseId=974, exerciseId=2591, retryCount=0, priority=2, status=FAILED, repositoryInfo=RepositoryInfo[repositoryName=shortb2a6c58b0d447045380a858075b170a5b7c6tstexc-exercise, repositoryType=exercise, triggeredByPushTo=exercise, assignmentRepositoryUri=http://localhost:49152/git/SHORTB2A6C58B0D447045380A858075B170A5B7C6TSTEXC/shortb2a6c58b0d447045380a858075b170a5b7c6tstexc-exercise.git, testRepositoryUri=http://localhost:49152/git/SHORTB2A6C58B0D447045380A858075B170A5B7C6TSTEXC/shortb2a6c58b0d447045380a858075b170a5b7c6tstexc-tests.git, solutionRepositoryUri=null, auxiliaryRepositoryUris=[Ljava.lang.String;@41f028e7, auxiliaryRepositoryCheckoutDirectories=[Ljava.lang.String;@6b81727a], jobTimingInfo=JobTimingInfo[submissionDate=2025-02-14T23:45:19.787985058Z[Etc/UTC], buildStartDate=2025-02-14T23:45:19.796327417Z[Etc/UTC], buildCompletionDate=2025-02-14T23:45:19.799750982Z[Etc/UTC], estimatedCompletionDate=2025-02-14T23:45:38.796319082Z[Etc/UTC], estimatedDuration=19], buildConfig=BuildConfig[buildScript=#!/bin/bash
cd /var/tmp/testing-dir
chmod +x ./gradlew
./gradlew clean test
, dockerImage=dummy-docker-image:latest, commitHashToBuild=363cdbf709a9fff149f813ab848ee800a675cc77, assignmentCommitHash=363cdbf709a9fff149f813ab848ee800a675cc77, testCommitHash=a5e046ece417b2e538f21f816e2524dab61e0d10, branch=main, programmingLanguage=JAVA, projectType=PLAIN_GRADLE, scaEnabled=false, sequentialTestRunsEnabled=false, resultPaths=[/var/tmp/testing-dir/**/test-results/test/*.xml], timeoutSeconds=0, assignmentCheckoutPath=null, testCheckoutPath=null, solutionCheckoutPath=null, dockerRunConfig=null], submissionResult=ResultDTO[id=629, completionDate=2025-02-14T23:45:19.799820341Z[Etc/UTC], successful=false, score=0.0, rated=true, submission=SubmissionDTO[id=822, submitted=true, type=MANUAL, exampleSubmission=null, submissionDate=2025-02-14T23:45:19.775952Z, commitHash=363cdbf709a9fff149f813ab848ee800a675cc77, buildFailed=true, buildArtifact=false, participation=ParticipationDTO[id=1979, testRun=false, type=template, submissionCount=null, exercise=ParticipationExerciseDTO[id=2591, exerciseType=PROGRAMMING, type=programming, assessmentType=AUTOMATIC, dueDate=2025-02-16T23:45:18.950569Z, assessmentDueDate=null, maxPoints=42.0, course=CourseDTO[id=974, accuracyOfScores=1]]], submissionExerciseType=programming, isProcessing=false, buildStartDate=null, estimatedCompletionDate=null], participation=ParticipationDTO[id=1979, testRun=false, type=template, submissionCount=null, exercise=ParticipationExerciseDTO[id=2591, exerciseType=PROGRAMMING, type=programming, assessmentType=AUTOMATIC, dueDate=2025-02-16T23:45:18.950569Z, assessmentDueDate=null, maxPoints=42.0, course=CourseDTO[id=974, accuracyOfScores=1]]], feedbacks=[], assessmentType=AUTOMATIC, hasComplaint=null, exampleResult=null, testCaseCount=0, passedTestCaseCount=0, codeIssueCount=0]], BuildJobQueueItem[id=19781739576720235, name=SHORTB2A6C58B0D447045380A858075B170A5B7C6TSTEXC-SOLUTION, buildAgent=BuildAgentDTO[name=artemis-build-agent-test, memberAddress=[127.0.0.1]:5703, displayName=artemis-build-agent-test], participationId=1978, courseId=974, exerciseId=2591, retryCount=0, priority=2, status=FAILED, repositoryInfo=RepositoryInfo[repositoryName=shortb2a6c58b0d447045380a858075b170a5b7c6tstexc-solution, repositoryType=solution, triggeredByPushTo=solution, assignmentRepositoryUri=http://localhost:49152/git/SHORTB2A6C58B0D447045380A858075B170A5B7C6TSTEXC/shortb2a6c58b0d447045380a858075b170a5b7c6tstexc-solution.git, testRepositoryUri=http://localhost:49152/git/SHORTB2A6C58B0D447045380A858075B170A5B7C6TSTEXC/shortb2a6c58b0d447045380a858075b170a5b7c6tstexc-tests.git, solutionRepositoryUri=null, auxiliaryRepositoryUris=[Ljava.lang.String;@349035ec, auxiliaryRepositoryCheckoutDirectories=[Ljava.lang.String;@16368b8f], jobTimingInfo=JobTimingInfo[submissionDate=2025-02-14T23:45:20.235272325Z[Etc/UTC], buildStartDate=2025-02-14T23:45:20.243033812Z[Etc/UTC], buildCompletionDate=2025-02-14T23:45:20.250721018Z[Etc/UTC], estimatedCompletionDate=2025-02-14T23:45:39.243026949Z[Etc/UTC], estimatedDuration=19], buildConfig=BuildConfig[buildScript=#!/bin/bash
cd /var/tmp/testing-dir
chmod +x ./gradlew
./gradlew clean test
, dockerImage=dummy-docker-image:latest, commitHashToBuild=c710d0e68c9c7db8cda7d1a278308de2b9642cc0, assignmentCommitHash=c710d0e68c9c7db8cda7d1a278308de2b9642cc0, testCommitHash=a5e046ece417b2e538f21f816e2524dab61e0d10, branch=main, programmingLanguage=JAVA, projectType=PLAIN_GRADLE, scaEnabled=false, sequentialTestRunsEnabled=false, resultPaths=[/var/tmp/testing-dir/**/test-results/test/*.xml], timeoutSeconds=0, assignmentCheckoutPath=null, testCheckoutPath=null, solutionCheckoutPath=null, dockerRunConfig=null], submissionResult=ResultDTO[id=630, completionDate=2025-02-14T23:45:20.250809893Z[Etc/UTC], successful=false, score=0.0, rated=true, submission=SubmissionDTO[id=823, submitted=true, type=MANUAL, exampleSubmission=null, submissionDate=2025-02-14T23:45:20.211707Z, commitHash=c710d0e68c9c7db8cda7d1a278308de2b9642cc0, buildFailed=true, buildArtifact=false, participation=ParticipationDTO[id=1978, testRun=false, type=solution, submissionCount=null, exercise=ParticipationExerciseDTO[id=2591, exerciseType=PROGRAMMING, type=programming, assessmentType=AUTOMATIC, dueDate=2025-02-16T23:45:18.950569Z, assessmentDueDate=null, maxPoints=42.0, course=CourseDTO[id=974, accuracyOfScores=1]]], submissionExerciseType=programming, isProcessing=false, buildStartDate=null, estimatedCompletionDate=null], participation=ParticipationDTO[id=1978, testRun=false, type=solution, submissionCount=null, exercise=ParticipationExerciseDTO[id=2591, exerciseType=PROGRAMMING, type=programming, assessmentType=AUTOMATIC, dueDate=2025-02-16T23:45:18.950569Z, assessmentDueDate=null, maxPoints=42.0, course=CourseDTO[id=974, accuracyOfScores=1]]], feedbacks=[], assessmentType=AUTOMATIC, hasComplaint=null, exampleResult=null, testCaseCount=0, passedTestCaseCount=0, codeIssueCount=0]], BuildJobQueueItem[id=19781739576720802, name=SHORTB2A6C58B0D447045380A858075B170A5B7C6TSTEXC-SOLUTION, buildAgent=BuildAgentDTO[name=artemis-build-agent-test, memberAddress=[127.0.0.1]:5703, displayName=artemis-build-agent-test], participationId=1978, courseId=974, exerciseId=2591, retryCount=0, priority=2, status=FAILED, repositoryInfo=RepositoryInfo[repositoryName=shortb2a6c58b0d447045380a858075b170a5b7c6tstexc-solution, repositoryType=solution, triggeredByPushTo=tests, assignmentRepositoryUri=http://localhost:49152/git/SHORTB2A6C58B0D447045380A858075B170A5B7C6TSTEXC/shortb2a6c58b0d447045380a858075b170a5b7c6tstexc-solution.git, testRepositoryUri=http://localhost:49152/git/SHORTB2A6C58B0D447045380A858075B170A5B7C6TSTEXC/shortb2a6c58b0d447045380a858075b170a5b7c6tstexc-tests.git, solutionRepositoryUri=null, auxiliaryRepositoryUris=[Ljava.lang.String;@56413ebe, auxiliaryRepositoryCheckoutDirectories=[Ljava.lang.String;@36b384ae], jobTimingInfo=JobTimingInfo[submissionDate=2025-02-14T23:45:20.802935026Z[Etc/UTC], buildStartDate=2025-02-14T23:45:20.809306435Z[Etc/UTC], buildCompletionDate=2025-02-14T23:45:20.822452342Z[Etc/UTC], estimatedCompletionDate=2025-02-14T23:45:39.809298491Z[Etc/UTC], estimatedDuration=19], buildConfig=BuildConfig[buildScript=#!/bin/bash
cd /var/tmp/testing-dir
chmod +x ./gradlew
./gradlew clean test
, dockerImage=dummy-docker-image:latest, commitHashToBuild=c710d0e68c9c7db8cda7d1a278308de2b9642cc0, assignmentCommitHash=c710d0e68c9c7db8cda7d1a278308de2b9642cc0, testCommitHash=c710d0e68c9c7db8cda7d1a278308de2b9642cc0, branch=main, programmingLanguage=JAVA, projectType=PLAIN_GRADLE, scaEnabled=false, sequentialTestRunsEnabled=false, resultPaths=[/var/tmp/testing-dir/**/test-results/test/*.xml], timeoutSeconds=0, assignmentCheckoutPath=null, testCheckoutPath=null, solutionCheckoutPath=null, dockerRunConfig=null], submissionResult=ResultDTO[id=631, completionDate=2025-02-14T23:45:20.822527362Z[Etc/UTC], successful=false, score=0.0, rated=true, submission=SubmissionDTO[id=824, submitted=true, type=TEST, exampleSubmission=null, submissionDate=2025-02-14T23:45:20.791240Z, commitHash=c710d0e68c9c7db8cda7d1a278308de2b9642cc0, buildFailed=true, buildArtifact=false, participation=ParticipationDTO[id=1978, testRun=false, type=solution, submissionCount=null, exercise=ParticipationExerciseDTO[id=2591, exerciseType=PROGRAMMING, type=programming, assessmentType=AUTOMATIC, dueDate=2025-02-16T23:45:18.950569Z, assessmentDueDate=null, maxPoints=42.0, course=CourseDTO[id=974, accuracyOfScores=1]]], submissionExerciseType=programming, isProcessing=false, buildStartDate=null, estimatedCompletionDate=null], participation=ParticipationDTO[id=1978, testRun=false, type=solution, submissionCount=null, exercise=ParticipationExerciseDTO[id=2591, exerciseType=PROGRAMMING, type=programming, assessmentType=AUTOMATIC, dueDate=2025-02-16T23:45:18.950569Z, assessmentDueDate=null, maxPoints=42.0, course=CourseDTO[id=974, accuracyOfScores=1]]], feedbacks=[], assessmentType=AUTOMATIC, hasComplaint=null, exampleResult=null, testCaseCount=0, passedTestCaseCount=0, codeIssueCount=0]], BuildJobQueueItem[id=20061739576732554, name=SHORT94A899E303D7504C5D0840704DAAFA3DFF4DTSTEXC-LOCALVCCIINTINSTRUCTOR1, buildAgent=BuildAgentDTO[name=artemis-build-agent-test, memberAddress=[127.0.0.1]:5703, displayName=artemis-build-agent-test], participationId=2006, courseId=984, exerciseId=2601, retryCount=0, priority=2, status=SUCCESSFUL, repositoryInfo=RepositoryInfo[repositoryName=short94a899e303d7504c5d0840704daafa3dff4dtstexc-localvcciintinstructor1, repositoryType=user, triggeredByPushTo=user, assignmentRepositoryUri=http://localhost:49152/git/SHORT94A899E303D7504C5D0840704DAAFA3DFF4DTSTEXC/short94a899e303d7504c5d0840704daafa3dff4dtstexc-localvcciintinstructor1.git, testRepositoryUri=http://localhost:49152/git/SHORT94A899E303D7504C5D0840704DAAFA3DFF4DTSTEXC/short94a899e303d7504c5d0840704daafa3dff4dtstexc-tests.git, solutionRepositoryUri=null, auxiliaryRepositoryUris=[Ljava.lang.String;@339f8c1, auxiliaryRepositoryCheckoutDirectories=[Ljava.lang.String;@217161da], jobTimingInfo=JobTimingInfo[submissionDate=2025-02-14T23:45:32.554795798Z[Etc/UTC], buildStartDate=2025-02-14T23:45:32.567287465Z[Etc/UTC], buildCompletionDate=2025-02-14T23:45:34.535226768Z[Etc/UTC], estimatedCompletionDate=2025-02-14T23:45:51.567257960Z[Etc/UTC], estimatedDuration=19], buildConfig=BuildConfig[buildScript=#!/bin/bash
cd /var/tmp/testing-dir
chmod +x ./gradlew
./gradlew clean test
, dockerImage=dummy-docker-image:latest, commitHashToBuild=ca2dbc0ae87edf7035058a6a17c0ea60e90a290f, assignmentCommitHash=ca2dbc0ae87edf7035058a6a17c0ea60e90a290f, testCommitHash=0207f6f98af5fbb66ad68455f3fc3cf128af8ae9, branch=main, programmingLanguage=JAVA, projectType=PLAIN_GRADLE, scaEnabled=false, sequentialTestRunsEnabled=false, resultPaths=[/var/tmp/testing-dir/**/test-results/test/*.xml], timeoutSeconds=0, assignmentCheckoutPath=null, testCheckoutPath=null, solutionCheckoutPath=null, dockerRunConfig=null], submissionResult=ResultDTO[id=632, completionDate=2025-02-14T23:45:34.504415716Z[Etc/UTC], successful=false, score=7.7, rated=false, submission=SubmissionDTO[id=826, submitted=true, type=MANUAL, exampleSubmission=null, submissionDate=2025-02-14T23:45:32.541533Z, commitHash=ca2dbc0ae87edf7035058a6a17c0ea60e90a290f, buildFailed=false, buildArtifact=false, participation=ParticipationDTO[id=2006, testRun=true, type=programming, submissionCount=null, exercise=ParticipationExerciseDTO[id=2601, exerciseType=PROGRAMMING, type=programming, assessmentType=AUTOMATIC, dueDate=2025-02-16T23:45:31.864042Z, assessmentDueDate=null, maxPoints=42.0, course=CourseDTO[id=984, accuracyOfScores=1]]], submissionExerciseType=programming, isProcessing=false, buildStartDate=null, estimatedCompletionDate=null], participation=ParticipationDTO[id=2006, testRun=true, type=programming, submissionCount=null, exercise=ParticipationExerciseDTO[id=2601, exerciseType=PROGRAMMING, type=programming, assessmentType=AUTOMATIC, dueDate=2025-02-16T23:45:31.864042Z, assessmentDueDate=null, maxPoints=42.0, course=CourseDTO[id=984, accuracyOfScores=1]]], feedbacks=[FeedbackDTO[id=920, text=null, detailText=The exercise expects a class with the name Context in the package testpackage. You did not implement the class in the exercise., hasLongFeedbackText=false, reference=null, credits=0.0, positive=false, type=AUTOMATIC, visibility=ALWAYS, testCase=TestCaseDTO[testName=null, id=1357]], FeedbackDTO[id=921, text=null, detailText=The exercise expects a class with the name Policy in the package testpackage. You did not implement the class in the exercise., hasLongFeedbackText=false, reference=null, credits=0.0, positive=false, type=AUTOMATIC, visibility=ALWAYS, testCase=TestCaseDTO[testName=null, id=1358]], FeedbackDTO[id=922, text=null, detailText=The exercise expects a class with the name SortStrategy in the package testpackage. You did not implement the class in the exercise., hasLongFeedbackText=false, reference=null, credits=0.0, positive=false, type=AUTOMATIC, visibility=ALWAYS, testCase=TestCaseDTO[testName=null, id=1359]], FeedbackDTO[id=923, text=null, detailText=The class 'MergeSort' does not implement the interface 'SortStrategy' as expected. Implement the interface and its methods., hasLongFeedbackText=false, reference=null, credits=0.0, positive=false, type=AUTOMATIC, visibility=ALWAYS, testCase=TestCaseDTO[testName=null, id=1354]], FeedbackDTO[id=924, text=null, detailText=The exercise expects a class with the name SortStrategy in the package testpackage. You did not implement the class in the exercise., hasLongFeedbackText=false, reference=null, credits=0.0, positive=false, type=AUTOMATIC, visibility=ALWAYS, testCase=TestCaseDTO[testName=null, id=1351]], FeedbackDTO[id=925, text=null, detailText=The class 'BubbleSort' does not implement the interface 'SortStrategy' as expected. Implement the interface and its methods., hasLongFeedbackText=false, reference=null, credits=0.0, positive=false, type=AUTOMATIC, visibility=ALWAYS, testCase=TestCaseDTO[testName=null, id=1355]], FeedbackDTO[id=926, text=null, detailText=MergeSort does not sort correctly, hasLongFeedbackText=false, reference=null, credits=0.0, positive=false, type=AUTOMATIC, visibility=ALWAYS, testCase=TestCaseDTO[testName=null, id=1360]], FeedbackDTO[id=927, text=null, detailText=The class 'Context' was not found within the submission. Make sure to implement it properly., hasLongFeedbackText=false, reference=null, credits=0.0, positive=false, type=AUTOMATIC, visibility=ALWAYS, testCase=TestCaseDTO[testName=null, id=1361]], FeedbackDTO[id=928, text=null, detailText=The class 'Context' was not found within the submission. Make sure to implement it properly., hasLongFeedbackText=false, reference=null, credits=0.0, positive=false, type=AUTOMATIC, visibility=ALWAYS, testCase=TestCaseDTO[testName=null, id=1362]], FeedbackDTO[id=929, text=null, detailText=The exercise expects a class with the name Policy in the package testpackage. You did not implement the class in the exercise., hasLongFeedbackText=false, reference=null, credits=0.0, positive=false, type=AUTOMATIC, visibility=ALWAYS, testCase=TestCaseDTO[testName=null, id=1356]], FeedbackDTO[id=930, text=null, detailText=The exercise expects a class with the name Context in the package testpackage. You did not implement the class in the exercise., hasLongFeedbackText=false, reference=null, credits=0.0, positive=false, type=AUTOMATIC, visibility=ALWAYS, testCase=TestCaseDTO[testName=null, id=1352]], FeedbackDTO[id=931, text=null, detailText=The exercise expects a class with the name Policy in the package testpackage. You did not implement the class in the exercise., hasLongFeedbackText=false, reference=null, credits=0.0, positive=false, type=AUTOMATIC, visibility=ALWAYS, testCase=TestCaseDTO[testName=null, id=1353]], FeedbackDTO[id=932, text=null, detailText=null, hasLongFeedbackText=false, reference=null, credits=3.230769230769231, positive=true, type=AUTOMATIC, visibility=ALWAYS, testCase=TestCaseDTO[testName=null, id=1363]]], assessmentType=AUTOMATIC, hasComplaint=null, exampleResult=null, testCaseCount=13, passedTestCaseCount=1, codeIssueCount=0]], BuildJobQueueItem[id=20111739576737317, name=SHORTD49A6DAE04F9E049850BD5601663FD17A5B7TSTEXC-BASE, buildAgent=BuildAgentDTO[name=artemis-build-agent-test, memberAddress=[127.0.0.1]:5703, displayName=artemis-build-agent-test], participationId=2011, courseId=986, exerciseId=2603, retryCount=0, priority=2, status=SUCCESSFUL, repositoryInfo=RepositoryInfo[repositoryName=shortd49a6dae04f9e049850bd5601663fd17a5b7tstexc-exercise, repositoryType=exercise, triggeredByPushTo=exercise, assignmentRepositoryUri=http://localhost:49152/git/SHORTD49A6DAE04F9E049850BD5601663FD17A5B7TSTEXC/shortd49a6dae04f9e049850bd5601663fd17a5b7tstexc-exercise.git, testRepositoryUri=http://localhost:49152/git/SHORTD49A6DAE04F9E049850BD5601663FD17A5B7TSTEXC/shortd49a6dae04f9e049850bd5601663fd17a5b7tstexc-tests.git, solutionRepositoryUri=null, auxiliaryRepositoryUris=[Ljava.lang.String;@7e9a1f84, auxiliaryRepositoryCheckoutDirectories=[Ljava.lang.String;@5426720d], jobTimingInfo=JobTimingInfo[submissionDate=2025-02-14T23:45:37.317968648Z[Etc/UTC], buildStartDate=2025-02-14T23:45:37.324534774Z[Etc/UTC], buildCompletionDate=2025-02-14T23:45:38.527225461Z[Etc/UTC], estimatedCompletionDate=2025-02-14T23:45:56.324506331Z[Etc/UTC], estimatedDuration=19], buildConfig=BuildConfig[buildScript=#!/bin/bash
cd /var/tmp/testing-dir
chmod +x ./gradlew
./gradlew clean test
, dockerImage=dummy-docker-image:latest, commitHashToBuild=c795243c185829bbefa399f45dcbcfac22311b2f, assignmentCommitHash=c795243c185829bbefa399f45dcbcfac22311b2f, testCommitHash=fa8b162170bf767d852e05e0eb7a128efa2e1f34, branch=main, programmingLanguage=JAVA, projectType=PLAIN_GRADLE, scaEnabled=false, sequentialTestRunsEnabled=false, resultPaths=[/var/tmp/testing-dir/**/test-results/test/*.xml], timeoutSeconds=0, assignmentCheckoutPath=null, testCheckoutPath=null, solutionCheckoutPath=null, dockerRunConfig=null], submissionResult=ResultDTO[id=633, completionDate=2025-02-14T23:45:38.476795726Z[Etc/UTC], successful=false, score=0.0, rated=true, submission=SubmissionDTO[id=827, submitted=true, type=MANUAL, exampleSubmission=null, submissionDate=2025-02-14T23:45:37.303401Z, commitHash=c795243c185829bbefa399f45dcbcfac22311b2f, buildFailed=false, buildArtifact=false, participation=ParticipationDTO[id=2011, testRun=false, type=template, submissionCount=null, exercise=ParticipationExerciseDTO[id=2603, exerciseType=PROGRAMMING, type=programming, assessmentType=AUTOMATIC, dueDate=2025-02-16T23:45:36.830269Z, assessmentDueDate=null, maxPoints=42.0, course=CourseDTO[id=986, accuracyOfScores=1]]], submissionExerciseType=programming, isProcessing=false, buildStartDate=null, estimatedCompletionDate=null], participation=ParticipationDTO[id=2011, testRun=false, type=template, submissionCount=null, exercise=ParticipationExerciseDTO[id=2603, exerciseType=PROGRAMMING, type=programming, assessmentType=AUTOMATIC, dueDate=2025-02-16T23:45:36.830269Z, assessmentDueDate=null, maxPoints=42.0, course=CourseDTO[id=986, accuracyOfScores=1]]], feedbacks=[FeedbackDTO[id=933, text=null, detailText=The exercise expects a class with the name Context in the package testpackage. You did not implement the class in the exercise., hasLongFeedbackText=false, reference=null, credits=0.0, positive=false, type=AUTOMATIC, visibility=ALWAYS, testCase=TestCaseDTO[testName=testMethods[Context], id=1383]], FeedbackDTO[id=934, text=null, detailText=The exercise expects a class with the name Policy in the package testpackage. You did not implement the class in the exercise., hasLongFeedbackText=false, reference=null, credits=0.0, positive=false, type=AUTOMATIC, visibility=ALWAYS, testCase=TestCaseDTO[testName=testMethods[Policy], id=1384]], FeedbackDTO[id=935, text=null, detailText=The exercise expects a class with the name SortStrategy in the package testpackage. You did not implement the class in the exercise., hasLongFeedbackText=false, reference=null, credits=0.0, positive=false, type=AUTOMATIC, visibility=ALWAYS, testCase=TestCaseDTO[testName=testMethods[SortStrategy], id=1385]], FeedbackDTO[id=936, text=null, detailText=The class 'MergeSort' does not implement the interface 'SortStrategy' as expected. Implement the interface and its methods., hasLongFeedbackText=false, reference=null, credits=0.0, positive=false, type=AUTOMATIC, visibility=ALWAYS, testCase=TestCaseDTO[testName=testClass[MergeSort], id=1380]], FeedbackDTO[id=937, text=null, detailText=The exercise expects a class with the name SortStrategy in the package testpackage. You did not implement the class in the exercise., hasLongFeedbackText=false, reference=null, credits=0.0, positive=false, type=AUTOMATIC, visibility=ALWAYS, testCase=TestCaseDTO[testName=testClass[SortStrategy], id=1377]], FeedbackDTO[id=938, text=null, detailText=The class 'BubbleSort' does not implement the interface 'SortStrategy' as expected. Implement the interface and its methods., hasLongFeedbackText=false, reference=null, credits=0.0, positive=false, type=AUTOMATIC, visibility=ALWAYS, testCase=TestCaseDTO[testName=testClass[BubbleSort], id=1381]], FeedbackDTO[id=939, text=null, detailText=MergeSort does not sort correctly, hasLongFeedbackText=false, reference=null, credits=0.0, positive=false, type=AUTOMATIC, visibility=ALWAYS, testCase=TestCaseDTO[testName=testMergeSort(), id=1386]], FeedbackDTO[id=940, text=null, detailText=The class 'Context' was not found within the submission. Make sure to implement it properly., hasLongFeedbackText=false, reference=null, credits=0.0, positive=false, type=AUTOMATIC, visibility=ALWAYS, testCase=TestCaseDTO[testName=testUseBubbleSortForSmallList(), id=1387]], FeedbackDTO[id=941, text=null, detailText=BubbleSort does not sort correctly, hasLongFeedbackText=false, reference=null, credits=0.0, positive=false, type=AUTOMATIC, visibility=ALWAYS, testCase=TestCaseDTO[testName=testBubbleSort(), id=1389]], FeedbackDTO[id=942, text=null, detailText=The class 'Context' was not found within the submission. Make sure to implement it properly., hasLongFeedbackText=false, reference=null, credits=0.0, positive=false, type=AUTOMATIC, visibility=ALWAYS, testCase=TestCaseDTO[testName=testUseMergeSortForBigList(), id=1388]], FeedbackDTO[id=943, text=null, detailText=The exercise expects a class with the name Policy in the package testpackage. You did not implement the class in the exercise., hasLongFeedbackText=false, reference=null, credits=0.0, positive=false, type=AUTOMATIC, visibility=ALWAYS, testCase=TestCaseDTO[testName=testConstructors[Policy], id=1382]], FeedbackDTO[id=944, text=null, detailText=The exercise expects a class with the name Context in the package testpackage. You did not implement the class in the exercise., hasLongFeedbackText=false, reference=null, credits=0.0, positive=false, type=AUTOMATIC, visibility=ALWAYS, testCase=TestCaseDTO[testName=testAttributes[Context], id=1378]], FeedbackDTO[id=945, text=null, detailText=The exercise expects a class with the name Policy in the package testpackage. You did not implement the class in the exercise., hasLongFeedbackText=false, reference=null, credits=0.0, positive=false, type=AUTOMATIC, visibility=ALWAYS, testCase=TestCaseDTO[testName=testAttributes[Policy], id=1379]]], assessmentType=AUTOMATIC, hasComplaint=null, exampleResult=null, testCaseCount=13, passedTestCaseCount=0, codeIssueCount=0]], BuildJobQueueItem[id=20171739576740018, name=SHORT7914AFA00ADC3047140B99D01AC07810CE44TSTEXC-LOCALVCCIINTSTUDENT1, buildAgent=BuildAgentDTO[name=artemis-build-agent-test, memberAddress=[127.0.0.1]:5703, displayName=artemis-build-agent-test], participationId=2017, courseId=988, exerciseId=2605, retryCount=0, priority=2, status=SUCCESSFUL, repositoryInfo=RepositoryInfo[repositoryName=short7914afa00adc3047140b99d01ac07810ce44tstexc-practice-localvcciintstudent1, repositoryType=user, triggeredByPushTo=user, assignmentRepositoryUri=http://localhost:49152/git/SHORT7914AFA00ADC3047140B99D01AC07810CE44TSTEXC/short7914afa00adc3047140b99d01ac07810ce44tstexc-practice-localvcciintstudent1.git, testRepositoryUri=http://localhost:49152/git/SHORT7914AFA00ADC3047140B99D01AC07810CE44TSTEXC/short7914afa00adc3047140b99d01ac07810ce44tstexc-tests.git, solutionRepositoryUri=null, auxiliaryRepositoryUris=[Ljava.lang.String;@181577b8, auxiliaryRepositoryCheckoutDirectories=[Ljava.lang.String;@32c0aad1], jobTimingInfo=JobTimingInfo[submissionDate=2025-02-14T23:45:40.018961253Z[Etc/UTC], buildStartDate=2025-02-14T23:45:40.029742701Z[Etc/UTC], buildCompletionDate=2025-02-14T23:45:41.150208242Z[Etc/UTC], estimatedCompletionDate=2025-02-14T23:45:59.029734065Z[Etc/UTC], estimatedDuration=19], buildConfig=BuildConfig[buildScript=#!/bin/bash
cd /var/tmp/testing-dir
chmod +x ./gradlew
./gradlew clean test
, dockerImage=dummy-docker-image:latest, commitHashToBuild=d80b57877989b971e83ccdb4863c8a7023c76266, assignmentCommitHash=d80b57877989b971e83ccdb4863c8a7023c76266, testCommitHash=327b116890c92b1312314341f43f21ef13ecf7d7, branch=main, programmingLanguage=JAVA, projectType=PLAIN_GRADLE, scaEnabled=false, sequentialTestRunsEnabled=false, resultPaths=[/var/tmp/testing-dir/**/test-results/test/*.xml], timeoutSeconds=0, assignmentCheckoutPath=null, testCheckoutPath=null, solutionCheckoutPath=null, dockerRunConfig=null], submissionResult=ResultDTO[id=634, completionDate=2025-02-14T23:45:41.120192603Z[Etc/UTC], successful=false, score=7.7, rated=false, submission=SubmissionDTO[id=828, submitted=true, type=MANUAL, exampleSubmission=null, submissionDate=2025-02-14T23:45:40.008666Z, commitHash=d80b57877989b971e83ccdb4863c8a7023c76266, buildFailed=false, buildArtifact=false, participation=ParticipationDTO[id=2017, testRun=true, type=programming, submissionCount=null, exercise=ParticipationExerciseDTO[id=2605, exerciseType=PROGRAMMING, type=programming, assessmentType=AUTOMATIC, dueDate=2025-02-16T23:45:39.523500Z, assessmentDueDate=null, maxPoints=42.0, course=CourseDTO[id=988, accuracyOfScores=1]]], submissionExerciseType=programming, isProcessing=false, buildStartDate=null, estimatedCompletionDate=null], participation=ParticipationDTO[id=2017, testRun=true, type=programming, submissionCount=null, exercise=ParticipationExerciseDTO[id=2605, exerciseType=PROGRAMMING, type=programming, assessmentType=AUTOMATIC, dueDate=2025-02-16T23:45:39.523500Z, assessmentDueDate=null, maxPoints=42.0, course=CourseDTO[id=988, accuracyOfScores=1]]], feedbacks=[FeedbackDTO[id=946, text=null, detailText=The exercise expects a class with the name Context in the package testpackage. You did not implement the class in the exercise., hasLongFeedbackText=false, reference=null, credits=0.0, positive=false, type=AUTOMATIC, visibility=ALWAYS, testCase=TestCaseDTO[testName=null, id=1409]], FeedbackDTO[id=947, text=null, detailText=The exercise expects a class with the name Policy in the package testpackage. You did not implement the class in the exercise., hasLongFeedbackText=false, reference=null, credits=0.0, positive=false, type=AUTOMATIC, visibility=ALWAYS, testCase=TestCaseDTO[testName=null, id=1410]], FeedbackDTO[id=948, text=null, detailText=The exercise expects a class with the name SortStrategy in the package testpackage. You did not implement the class in the exercise., hasLongFeedbackText=false, reference=null, credits=0.0, positive=false, type=AUTOMATIC, visibility=ALWAYS, testCase=TestCaseDTO[testName=null, id=1411]], FeedbackDTO[id=949, text=null, detailText=The class 'MergeSort' does not implement the interface 'SortStrategy' as expected. Implement the interface and its methods., hasLongFeedbackText=false, reference=null, credits=0.0, positive=false, type=AUTOMATIC, visibility=ALWAYS, testCase=TestCaseDTO[testName=null, id=1406]], FeedbackDTO[id=950, text=null, detailText=The exercise expects a class with the name SortStrategy in the package testpackage. You did not implement the class in the exercise., hasLongFeedbackText=false, reference=null, credits=0.0, positive=false, type=AUTOMATIC, visibility=ALWAYS, testCase=TestCaseDTO[testName=null, id=1403]], FeedbackDTO[id=951, text=null, detailText=The class 'BubbleSort' does not implement the interface 'SortStrategy' as expected. Implement the interface and its methods., hasLongFeedbackText=false, reference=null, credits=0.0, positive=false, type=AUTOMATIC, visibility=ALWAYS, testCase=TestCaseDTO[testName=null, id=1407]], FeedbackDTO[id=952, text=null, detailText=MergeSort does not sort correctly, hasLongFeedbackText=false, reference=null, credits=0.0, positive=false, type=AUTOMATIC, visibility=ALWAYS, testCase=TestCaseDTO[testName=null, id=1412]], FeedbackDTO[id=953, text=null, detailText=The class 'Context' was not found within the submission. Make sure to implement it properly., hasLongFeedbackText=false, reference=null, credits=0.0, positive=false, type=AUTOMATIC, visibility=ALWAYS, testCase=TestCaseDTO[testName=null, id=1413]], FeedbackDTO[id=954, text=null, detailText=The class 'Context' was not found within the submission. Make sure to implement it properly., hasLongFeedbackText=false, reference=null, credits=0.0, positive=false, type=AUTOMATIC, visibility=ALWAYS, testCase=TestCaseDTO[testName=null, id=1414]], FeedbackDTO[id=955, text=null, detailText=The exercise expects a class with the name Policy in the package testpackage. You did not implement the class in the exercise., hasLongFeedbackText=false, reference=null, credits=0.0, positive=false, type=AUTOMATIC, visibility=ALWAYS, testCase=TestCaseDTO[testName=null, id=1408]], FeedbackDTO[id=956, text=null, detailText=The exercise expects a class with the name Context in the package testpackage. You did not implement the class in the exercise., hasLongFeedbackText=false, reference=null, credits=0.0, positive=false, type=AUTOMATIC, visibility=ALWAYS, testCase=TestCaseDTO[testName=null, id=1404]], FeedbackDTO[id=957, text=null, detailText=The exercise expects a class with the name Policy in the package testpackage. You did not implement the class in the exercise., hasLongFeedbackText=false, reference=null, credits=0.0, positive=false, type=AUTOMATIC, visibility=ALWAYS, testCase=TestCaseDTO[testName=null, id=1405]], FeedbackDTO[id=958, text=null, detailText=null, hasLongFeedbackText=false, reference=null, credits=3.230769230769231, positive=true, type=AUTOMATIC, visibility=ALWAYS, testCase=TestCaseDTO[testName=null, id=1415]]], assessmentType=AUTOMATIC, hasComplaint=null, exampleResult=null, testCaseCount=13, passedTestCaseCount=1, codeIssueCount=0]], BuildJobQueueItem[id=20261739576743984, name=SHORT53C73BE505404043100AC2F00C039353CE8FTSTEXC-LOCALVCCIINTSTUDENT1, buildAgent=BuildAgentDTO[name=artemis-build-agent-test, memberAddress=[127.0.0.1]:5703, displayName=artemis-build-agent-test], participationId=2026, courseId=991, exerciseId=2608, retryCount=0, priority=1, status=SUCCESSFUL, repositoryInfo=RepositoryInfo[repositoryName=short53c73be505404043100ac2f00c039353ce8ftstexc-localvcciintstudent1, repositoryType=user, triggeredByPushTo=user, assignmentRepositoryUri=http://localhost:49152/git/SHORT53C73BE505404043100AC2F00C039353CE8FTSTEXC/short53c73be505404043100ac2f00c039353ce8ftstexc-localvcciintstudent1.git, testRepositoryUri=http://localhost:49152/git/SHORT53C73BE505404043100AC2F00C039353CE8FTSTEXC/short53c73be505404043100ac2f00c039353ce8ftstexc-tests.git, solutionRepositoryUri=null, auxiliaryRepositoryUris=[Ljava.lang.String;@1c08f532, auxiliaryRepositoryCheckoutDirectories=[Ljava.lang.String;@7bd94aa4], jobTimingInfo=JobTimingInfo[submissionDate=2025-02-14T23:45:43.984518859Z[Etc/UTC], buildStartDate=2025-02-14T23:45:43.991385682Z[Etc/UTC], buildCompletionDate=2025-02-14T23:45:44.982059928Z[Etc/UTC], estimatedCompletionDate=2025-02-14T23:46:02.991380122Z[Etc/UTC], estimatedDuration=19], buildConfig=BuildConfig[buildScript=#!/bin/bash
cd /var/tmp/testing-dir
chmod +x ./gradlew
./gradlew clean test
, dockerImage=dummy-docker-image:latest, commitHashToBuild=3e90ae9fef2e44ffb41451a080bdaa6a44ad6848, assignmentCommitHash=3e90ae9fef2e44ffb41451a080bdaa6a44ad6848, testCommitHash=0582754c87aae13e640312855ce7dbe490ecb50c, branch=main, programmingLanguage=JAVA, projectType=PLAIN_GRADLE, scaEnabled=false, sequentialTestRunsEnabled=false, resultPaths=[/var/tmp/testing-dir/**/test-results/test/*.xml], timeoutSeconds=0, assignmentCheckoutPath=null, testCheckoutPath=null, solutionCheckoutPath=null, dockerRunConfig=null], submissionResult=ResultDTO[id=635, completionDate=2025-02-14T23:45:44.961313737Z[Etc/UTC], successful=false, score=7.7, rated=true, submission=SubmissionDTO[id=829, submitted=true, type=MANUAL, exampleSubmission=null, submissionDate=2025-02-14T23:45:43.967766Z, commitHash=3e90ae9fef2e44ffb41451a080bdaa6a44ad6848, buildFailed=false, buildArtifact=false, participation=ParticipationDTO[id=2026, testRun=false, type=programming, submissionCount=null, exercise=ParticipationExerciseDTO[id=2608, exerciseType=PROGRAMMING, type=programming, assessmentType=AUTOMATIC, dueDate=2025-02-16T23:45:43.597978Z, assessmentDueDate=null, maxPoints=42.0, course=CourseDTO[id=991, accuracyOfScores=1]]], submissionExerciseType=programming, isProcessing=false, buildStartDate=null, estimatedCompletionDate=null], participation=ParticipationDTO[id=2026, testRun=false, type=programming, submissionCount=null, exercise=ParticipationExerciseDTO[id=2608, exerciseType=PROGRAMMING, type=programming, assessmentType=AUTOMATIC, dueDate=2025-02-16T23:45:43.597978Z, assessmentDueDate=null, maxPoints=42.0, course=CourseDTO[id=991, accuracyOfScores=1]]], feedbacks=[FeedbackDTO[id=959, text=null, detailText=The exercise expects a class with the name Context in the package testpackage. You did not implement the class in the exercise., hasLongFeedbackText=false, reference=null, credits=0.0, positive=false, type=AUTOMATIC, visibility=ALWAYS, testCase=TestCaseDTO[testName=null, id=1448]], FeedbackDTO[id=960, text=null, detailText=The exercise expects a class with the name Policy in the package testpackage. You did not implement the class in the exercise., hasLongFeedbackText=false, reference=null, credits=0.0, positive=false, type=AUTOMATIC, visibility=ALWAYS, testCase=TestCaseDTO[testName=null, id=1449]], FeedbackDTO[id=961, text=null, detailText=The exercise expects a class with the name SortStrategy in the package testpackage. You did not implement the class in the exercise., hasLongFeedbackText=false, reference=null, credits=0.0, positive=false, type=AUTOMATIC, visibility=ALWAYS, testCase=TestCaseDTO[testName=null, id=1450]], FeedbackDTO[id=962, text=null, detailText=The class 'MergeSort' does not implement the interface 'SortStrategy' as expected. Implement the interface and its methods., hasLongFeedbackText=false, reference=null, credits=0.0, positive=false, type=AUTOMATIC, visibility=ALWAYS, testCase=TestCaseDTO[testName=null, id=1445]], FeedbackDTO[id=963, text=null, detailText=The exercise expects a class with the name SortStrategy in the package testpackage. You did not implement the class in the exercise., hasLongFeedbackText=false, reference=null, credits=0.0, positive=false, type=AUTOMATIC, visibility=ALWAYS, testCase=TestCaseDTO[testName=null, id=1442]], FeedbackDTO[id=964, text=null, detailText=The class 'BubbleSort' does not implement the interface 'SortStrategy' as expected. Implement the interface and its methods., hasLongFeedbackText=false, reference=null, credits=0.0, positive=false, type=AUTOMATIC, visibility=ALWAYS, testCase=TestCaseDTO[testName=null, id=1446]], FeedbackDTO[id=965, text=null, detailText=MergeSort does not sort correctly, hasLongFeedbackText=false, reference=null, credits=0.0, positive=false, type=AUTOMATIC, visibility=ALWAYS, testCase=TestCaseDTO[testName=null, id=1451]], FeedbackDTO[id=966, text=null, detailText=The class 'Context' was not found within the submission. Make sure to implement it properly., hasLongFeedbackText=false, reference=null, credits=0.0, positive=false, type=AUTOMATIC, visibility=ALWAYS, testCase=TestCaseDTO[testName=null, id=1452]], FeedbackDTO[id=967, text=null, detailText=The class 'Context' was not found within the submission. Make sure to implement it properly., hasLongFeedbackText=false, reference=null, credits=0.0, positive=false, type=AUTOMATIC, visibility=ALWAYS, testCase=TestCaseDTO[testName=null, id=1453]], FeedbackDTO[id=968, text=null, detailText=The exercise expects a class with the name Policy in the package testpackage. You did not implement the class in the exercise., hasLongFeedbackText=false, reference=null, credits=0.0, positive=false, type=AUTOMATIC, visibility=ALWAYS, testCase=TestCaseDTO[testName=null, id=1447]], FeedbackDTO[id=969, text=null, detailText=The exercise expects a class with the name Context in the package testpackage. You did not implement the class in the exercise., hasLongFeedbackText=false, reference=null, credits=0.0, positive=false, type=AUTOMATIC, visibility=ALWAYS, testCase=TestCaseDTO[testName=null, id=1443]], FeedbackDTO[id=970, text=null, detailText=The exercise expects a class with the name Policy in the package testpackage. You did not implement the class in the exercise., hasLongFeedbackText=false, reference=null, credits=0.0, positive=false, type=AUTOMATIC, visibility=ALWAYS, testCase=TestCaseDTO[testName=null, id=1444]], FeedbackDTO[id=971, text=null, detailText=null, hasLongFeedbackText=false, reference=null, credits=3.230769230769231, positive=true, type=AUTOMATIC, visibility=ALWAYS, testCase=TestCaseDTO[testName=null, id=1454]]], assessmentType=AUTOMATIC, hasComplaint=null, exampleResult=null, testCaseCount=13, passedTestCaseCount=1, codeIssueCount=0]], BuildJobQueueItem[id=20271739576746886, name=SHORT0FC863930E92904248098A506171F81CF6CFTSTEXC-SOLUTION, buildAgent=BuildAgentDTO[name=artemis-build-agent-test, memberAddress=[127.0.0.1]:5703, displayName=artemis-build-agent-test], participationId=2027, courseId=992, exerciseId=2609, retryCount=0, priority=2, status=SUCCESSFUL, repositoryInfo=RepositoryInfo[repositoryName=short0fc863930e92904248098a506171f81cf6cftstexc-solution, repositoryType=solution, triggeredByPushTo=auxiliary, assignmentRepositoryUri=http://localhost:49152/git/SHORT0FC863930E92904248098A506171F81CF6CFTSTEXC/short0fc863930e92904248098a506171f81cf6cftstexc-solution.git, testRepositoryUri=http://localhost:49152/git/SHORT0FC863930E92904248098A506171F81CF6CFTSTEXC/short0fc863930e92904248098a506171f81cf6cftstexc-tests.git, solutionRepositoryUri=null, auxiliaryRepositoryUris=[Ljava.lang.String;@48424ad0, auxiliaryRepositoryCheckoutDirectories=[Ljava.lang.String;@7fe3e72b], jobTimingInfo=JobTimingInfo[submissionDate=2025-02-14T23:45:46.886984066Z[Etc/UTC], buildStartDate=2025-02-14T23:45:46.897709578Z[Etc/UTC], buildCompletionDate=2025-02-14T23:45:48.628460156Z[Etc/UTC], estimatedCompletionDate=2025-02-14T23:46:05.897701272Z[Etc/UTC], estimatedDuration=19], buildConfig=BuildConfig[buildScript=#!/bin/bash
cd /var/tmp/testing-dir
chmod +x ./gradlew
./gradlew clean test
, dockerImage=dummy-docker-image:latest, commitHashToBuild=null, assignmentCommitHash=115a2e943bee242fdad360b50d8ad5f30792577e, testCommitHash=9b3a9bd71a0d80e5bbc42204c319ed3d1d4f0d6d, branch=main, programmingLanguage=JAVA, projectType=PLAIN_GRADLE, scaEnabled=false, sequentialTestRunsEnabled=false, resultPaths=[/var/tmp/testing-dir/**/test-results/test/*.xml], timeoutSeconds=0, assignmentCheckoutPath=null, testCheckoutPath=null, solutionCheckoutPath=null, dockerRunConfig=null], submissionResult=ResultDTO[id=636, completionDate=2025-02-14T23:45:48.593370968Z[Etc/UTC], successful=true, score=100.0, rated=true, submission=SubmissionDTO[id=830, submitted=true, type=TEST, exampleSubmission=null, submissionDate=2025-02-14T23:45:46.873671Z, commitHash=9b3a9bd71a0d80e5bbc42204c319ed3d1d4f0d6d, buildFailed=false, buildArtifact=false, participation=ParticipationDTO[id=2027, testRun=false, type=solution, submissionCount=null, exercise=ParticipationExerciseDTO[id=2609, exerciseType=PROGRAMMING, type=programming, assessmentType=AUTOMATIC, dueDate=2025-02-16T23:45:46.386304Z, assessmentDueDate=null, maxPoints=42.0, course=CourseDTO[id=992, accuracyOfScores=1]]], submissionExerciseType=programming, isProcessing=false, buildStartDate=null, estimatedCompletionDate=null], participation=ParticipationDTO[id=2027, testRun=false, type=solution, submissionCount=null, exercise=ParticipationExerciseDTO[id=2609, exerciseType=PROGRAMMING, type=programming, assessmentType=AUTOMATIC, dueDate=2025-02-16T23:45:46.386304Z, assessmentDueDate=null, maxPoints=42.0, course=CourseDTO[id=992, accuracyOfScores=1]]], feedbacks=[FeedbackDTO[id=972, text=null, detailText=null, hasLongFeedbackText=false, reference=null, credits=3.230769230769231, positive=true, type=AUTOMATIC, visibility=ALWAYS, testCase=TestCaseDTO[testName=testMethods[Context], id=1461]], FeedbackDTO[id=973, text=null, detailText=null, hasLongFeedbackText=false, reference=null, credits=3.230769230769231, positive=true, type=AUTOMATIC, visibility=ALWAYS, testCase=TestCaseDTO[testName=testMethods[Policy], id=1462]], FeedbackDTO[id=974, text=null, detailText=null, hasLongFeedbackText=false, reference=null, credits=3.230769230769231, positive=true, type=AUTOMATIC, visibility=ALWAYS, testCase=TestCaseDTO[testName=testMethods[SortStrategy], id=1463]], FeedbackDTO[id=975, text=null, detailText=null, hasLongFeedbackText=false, reference=null, credits=3.230769230769231, positive=true, type=AUTOMATIC, visibility=ALWAYS, testCase=TestCaseDTO[testName=testClass[MergeSort], id=1458]], FeedbackDTO[id=976, text=null, detailText=null, hasLongFeedbackText=false, reference=null, credits=3.230769230769231, positive=true, type=AUTOMATIC, visibility=ALWAYS, testCase=TestCaseDTO[testName=testClass[SortStrategy], id=1455]], FeedbackDTO[id=977, text=null, detailText=null, hasLongFeedbackText=false, reference=null, credits=3.230769230769231, positive=true, type=AUTOMATIC, visibility=ALWAYS, testCase=TestCaseDTO[testName=testClass[BubbleSort], id=1459]], FeedbackDTO[id=978, text=null, detailText=null, hasLongFeedbackText=false, reference=null, credits=3.230769230769231, positive=true, type=AUTOMATIC, visibility=ALWAYS, testCase=TestCaseDTO[testName=testMergeSort(), id=1464]], FeedbackDTO[id=979, text=null, detailText=null, hasLongFeedbackText=false, reference=null, credits=3.230769230769231, positive=true, type=AUTOMATIC, visibility=ALWAYS, testCase=TestCaseDTO[testName=testUseBubbleSortForSmallList(), id=1465]], FeedbackDTO[id=980, text=null, detailText=null, hasLongFeedbackText=false, reference=null, credits=3.230769230769231, positive=true, type=AUTOMATIC, visibility=ALWAYS, testCase=TestCaseDTO[testName=testBubbleSort(), id=1467]], FeedbackDTO[id=981, text=null, detailText=null, hasLongFeedbackText=false, reference=null, credits=3.230769230769231, positive=true, type=AUTOMATIC, visibility=ALWAYS, testCase=TestCaseDTO[testName=testUseMergeSortForBigList(), id=1466]], FeedbackDTO[id=982, text=null, detailText=null, hasLongFeedbackText=false, reference=null, credits=3.230769230769231, positive=true, type=AUTOMATIC, visibility=ALWAYS, testCase=TestCaseDTO[testName=testConstructors[Policy], id=1460]], FeedbackDTO[id=983, text=null, detailText=null, hasLongFeedbackText=false, reference=null, credits=3.230769230769231, positive=true, type=AUTOMATIC, visibility=ALWAYS, testCase=TestCaseDTO[testName=testAttributes[Context], id=1456]], FeedbackDTO[id=984, text=null, detailText=null, hasLongFeedbackText=false, reference=null, credits=3.230769230769231, positive=true, type=AUTOMATIC, visibility=ALWAYS, testCase=TestCaseDTO[testName=testAttributes[Policy], id=1457]]], assessmentType=AUTOMATIC, hasComplaint=null, exampleResult=null, testCaseCount=13, passedTestCaseCount=13, codeIssueCount=0]], BuildJobQueueItem[id=20281739576748768, name=SHORT0FC863930E92904248098A506171F81CF6CFTSTEXC-BASE, buildAgent=BuildAgentDTO[name=artemis-build-agent-test, memberAddress=[127.0.0.1]:5703, displayName=artemis-build-agent-test], participationId=2028, courseId=992, exerciseId=2609, retryCount=0, priority=2, status=SUCCESSFUL, repositoryInfo=RepositoryInfo[repositoryName=short0fc863930e92904248098a506171f81cf6cftstexc-exercise, repositoryType=exercise, triggeredByPushTo=auxiliary, assignmentRepositoryUri=http://localhost:49152/git/SHORT0FC863930E92904248098A506171F81CF6CFTSTEXC/short0fc863930e92904248098a506171f81cf6cftstexc-exercise.git, testRepositoryUri=http://localhost:49152/git/SHORT0FC863930E92904248098A506171F81CF6CFTSTEXC/short0fc863930e92904248098a506171f81cf6cftstexc-tests.git, solutionRepositoryUri=null, auxiliaryRepositoryUris=[Ljava.lang.String;@24993c80, auxiliaryRepositoryCheckoutDirectories=[Ljava.lang.String;@1524dedd], jobTimingInfo=JobTimingInfo[submissionDate=2025-02-14T23:45:48.768063548Z[Etc/UTC], buildStartDate=2025-02-14T23:45:48.802531989Z[Etc/UTC], buildCompletionDate=2025-02-14T23:45:50.482681367Z[Etc/UTC], estimatedCompletionDate=2025-02-14T23:45:50.802523092Z[Etc/UTC], estimatedDuration=2], buildConfig=BuildConfig[buildScript=#!/bin/bash
cd /var/tmp/testing-dir
chmod +x ./gradlew
./gradlew clean test
, dockerImage=dummy-docker-image:latest, commitHashToBuild=9b3a9bd71a0d80e5bbc42204c319ed3d1d4f0d6d, assignmentCommitHash=115a2e943bee242fdad360b50d8ad5f30792577e, testCommitHash=9b3a9bd71a0d80e5bbc42204c319ed3d1d4f0d6d, branch=main, programmingLanguage=JAVA, projectType=PLAIN_GRADLE, scaEnabled=false, sequentialTestRunsEnabled=false, resultPaths=[/var/tmp/testing-dir/**/test-results/test/*.xml], timeoutSeconds=0, assignmentCheckoutPath=null, testCheckoutPath=null, solutionCheckoutPath=null, dockerRunConfig=null], submissionResult=ResultDTO[id=637, completionDate=2025-02-14T23:45:50.449084694Z[Etc/UTC], successful=false, score=0.0, rated=true, submission=SubmissionDTO[id=831, submitted=true, type=TEST, exampleSubmission=null, submissionDate=2025-02-14T23:45:48.761177Z, commitHash=9b3a9bd71a0d80e5bbc42204c319ed3d1d4f0d6d, buildFailed=false, buildArtifact=false, participation=ParticipationDTO[id=2028, testRun=false, type=template, submissionCount=null, exercise=ParticipationExerciseDTO[id=2609, exerciseType=PROGRAMMING, type=programming, assessmentType=AUTOMATIC, dueDate=2025-02-16T23:45:46.386304Z, assessmentDueDate=null, maxPoints=42.0, course=CourseDTO[id=992, accuracyOfScores=1]]], submissionExerciseType=programming, isProcessing=false, buildStartDate=null, estimatedCompletionDate=null], participation=ParticipationDTO[id=2028, testRun=false, type=template, submissionCount=null, exercise=ParticipationExerciseDTO[id=2609, exerciseType=PROGRAMMING, type=programming, assessmentType=AUTOMATIC, dueDate=2025-02-16T23:45:46.386304Z, assessmentDueDate=null, maxPoints=42.0, course=CourseDTO[id=992, accuracyOfScores=1]]], feedbacks=[FeedbackDTO[id=985, text=null, detailText=The exercise expects a class with the name Context in the package testpackage. You did not implement the class in the exercise., hasLongFeedbackText=false, reference=null, credits=0.0, positive=false, type=AUTOMATIC, visibility=ALWAYS, testCase=TestCaseDTO[testName=testMethods[Context], id=1461]], FeedbackDTO[id=986, text=null, detailText=The exercise expects a class with the name Policy in the package testpackage. You did not implement the class in the exercise., hasLongFeedbackText=false, reference=null, credits=0.0, positive=false, type=AUTOMATIC, visibility=ALWAYS, testCase=TestCaseDTO[testName=testMethods[Policy], id=1462]], FeedbackDTO[id=987, text=null, detailText=The exercise expects a class with the name SortStrategy in the package testpackage. You did not implement the class in the exercise., hasLongFeedbackText=false, reference=null, credits=0.0, positive=false, type=AUTOMATIC, visibility=ALWAYS, testCase=TestCaseDTO[testName=testMethods[SortStrategy], id=1463]], FeedbackDTO[id=988, text=null, detailText=The class 'MergeSort' does not implement the interface 'SortStrategy' as expected. Implement the interface and its methods., hasLongFeedbackText=false, reference=null, credits=0.0, positive=false, type=AUTOMATIC, visibility=ALWAYS, testCase=TestCaseDTO[testName=testClass[MergeSort], id=1458]], FeedbackDTO[id=989, text=null, detailText=The exercise expects a class with the name SortStrategy in the package testpackage. You did not implement the class in the exercise., hasLongFeedbackText=false, reference=null, credits=0.0, positive=false, type=AUTOMATIC, visibility=ALWAYS, testCase=TestCaseDTO[testName=testClass[SortStrategy], id=1455]], FeedbackDTO[id=990, text=null, detailText=The class 'BubbleSort' does not implement the interface 'SortStrategy' as expected. Implement the interface and its methods., hasLongFeedbackText=false, reference=null, credits=0.0, positive=false, type=AUTOMATIC, visibility=ALWAYS, testCase=TestCaseDTO[testName=testClass[BubbleSort], id=1459]], FeedbackDTO[id=991, text=null, detailText=MergeSort does not sort correctly, hasLongFeedbackText=false, reference=null, credits=0.0, positive=false, type=AUTOMATIC, visibility=ALWAYS, testCase=TestCaseDTO[testName=testMergeSort(), id=1464]], FeedbackDTO[id=992, text=null, detailText=The class 'Context' was not found within the submission. Make sure to implement it properly., hasLongFeedbackText=false, reference=null, credits=0.0, positive=false, type=AUTOMATIC, visibility=ALWAYS, testCase=TestCaseDTO[testName=testUseBubbleSortForSmallList(), id=1465]], FeedbackDTO[id=993, text=null, detailText=BubbleSort does not sort correctly, hasLongFeedbackText=false, reference=null, credits=0.0, positive=false, type=AUTOMATIC, visibility=ALWAYS, testCase=TestCaseDTO[testName=testBubbleSort(), id=1467]], FeedbackDTO[id=994, text=null, detailText=The class 'Context' was not found within the submission. Make sure to implement it properly., hasLongFeedbackText=false, reference=null, credits=0.0, positive=false, type=AUTOMATIC, visibility=ALWAYS, testCase=TestCaseDTO[testName=testUseMergeSortForBigList(), id=1466]], FeedbackDTO[id=995, text=null, detailText=The exercise expects a class with the name Policy in the package testpackage. You did not implement the class in the exercise., hasLongFeedbackText=false, reference=null, credits=0.0, positive=false, type=AUTOMATIC, visibility=ALWAYS, testCase=TestCaseDTO[testName=testConstructors[Policy], id=1460]], FeedbackDTO[id=996, text=null, detailText=The exercise expects a class with the name Context in the package testpackage. You did not implement the class in the exercise., hasLongFeedbackText=false, reference=null, credits=0.0, positive=false, type=AUTOMATIC, visibility=ALWAYS, testCase=TestCaseDTO[testName=testAttributes[Context], id=1456]], FeedbackDTO[id=997, text=null, detailText=The exercise expects a class with the name Policy in the package testpackage. You did not implement the class in the exercise., hasLongFeedbackText=false, reference=null, credits=0.0, positive=false, type=AUTOMATIC, visibility=ALWAYS, testCase=TestCaseDTO[testName=testAttributes[Policy], id=1457]]], assessmentType=AUTOMATIC, hasComplaint=null, exampleResult=null, testCaseCount=13, passedTestCaseCount=0, codeIssueCount=0]], BuildJobQueueItem[id=20291739576751299, name=SHORT716C2EC10B19B049C80A2F00B97EAB20B2A9TSTEXC-SOLUTION, buildAgent=BuildAgentDTO[name=artemis-build-agent-test, memberAddress=[127.0.0.1]:5703, displayName=artemis-build-agent-test], participationId=2029, courseId=993, exerciseId=2610, retryCount=0, priority=2, status=SUCCESSFUL, repositoryInfo=RepositoryInfo[repositoryName=short716c2ec10b19b049c80a2f00b97eab20b2a9tstexc-solution, repositoryType=solution, triggeredByPushTo=tests, assignmentRepositoryUri=http://localhost:49152/git/SHORT716C2EC10B19B049C80A2F00B97EAB20B2A9TSTEXC/short716c2ec10b19b049c80a2f00b97eab20b2a9tstexc-solution.git, testRepositoryUri=http://localhost:49152/git/SHORT716C2EC10B19B049C80A2F00B97EAB20B2A9TSTEXC/short716c2ec10b19b049c80a2f00b97eab20b2a9tstexc-tests.git, solutionRepositoryUri=null, auxiliaryRepositoryUris=[Ljava.lang.String;@4fea0263, auxiliaryRepositoryCheckoutDirectories=[Ljava.lang.String;@2fd07e0a], jobTimingInfo=JobTimingInfo[submissionDate=2025-02-14T23:45:51.299892174Z[Etc/UTC], buildStartDate=2025-02-14T23:45:51.314028505Z[Etc/UTC], buildCompletionDate=2025-02-14T23:45:52.158312850Z[Etc/UTC], estimatedCompletionDate=2025-02-14T23:46:10.314021752Z[Etc/UTC], estimatedDuration=19], buildConfig=BuildConfig[buildScript=#!/bin/bash
cd /var/tmp/testing-dir
chmod +x ./gradlew
./gradlew clean test
, dockerImage=dummy-docker-image:latest, commitHashToBuild=1e531733ed6e9237f710b528d1eb0b7beac565fd, assignmentCommitHash=815e279f12ad296b4f24c44134a07293c04c010f, testCommitHash=1e531733ed6e9237f710b528d1eb0b7beac565fd, branch=main, programmingLanguage=JAVA, projectType=PLAIN_GRADLE, scaEnabled=false, sequentialTestRunsEnabled=false, resultPaths=[/var/tmp/testing-dir/**/test-results/test/*.xml], timeoutSeconds=0, assignmentCheckoutPath=null, testCheckoutPath=null, solutionCheckoutPath=null, dockerRunConfig=null], submissionResult=ResultDTO[id=638, completionDate=2025-02-14T23:45:52.146826070Z[Etc/UTC], successful=true, score=100.0, rated=true, submission=SubmissionDTO[id=832, submitted=true, type=TEST, exampleSubmission=null, submissionDate=2025-02-14T23:45:51.275713Z, commitHash=1e531733ed6e9237f710b528d1eb0b7beac565fd, buildFailed=false, buildArtifact=false, participation=ParticipationDTO[id=2029, testRun=false, type=solution, submissionCount=null, exercise=ParticipationExerciseDTO[id=2610, exerciseType=PROGRAMMING, type=programming, assessmentType=AUTOMATIC, dueDate=2025-02-16T23:45:50.869093Z, assessmentDueDate=null, maxPoints=42.0, course=CourseDTO[id=993, accuracyOfScores=1]]], submissionExerciseType=programming, isProcessing=false, buildStartDate=null, estimatedCompletionDate=null], participation=ParticipationDTO[id=2029, testRun=false, type=solution, submissionCount=null, exercise=ParticipationExerciseDTO[id=2610, exerciseType=PROGRAMMING, type=programming, assessmentType=AUTOMATIC, dueDate=2025-02-16T23:45:50.869093Z, assessmentDueDate=null, maxPoints=42.0, course=CourseDTO[id=993, accuracyOfScores=1]]], feedbacks=[FeedbackDTO[id=998, text=null, detailText=null, hasLongFeedbackText=false, reference=null, credits=3.230769230769231, positive=true, type=AUTOMATIC, visibility=ALWAYS, testCase=TestCaseDTO[testName=testMethods[Context], id=1474]], FeedbackDTO[id=999, text=null, detailText=null, hasLongFeedbackText=false, reference=null, credits=3.230769230769231, positive=true, type=AUTOMATIC, visibility=ALWAYS, testCase=TestCaseDTO[testName=testMethods[Policy], id=1475]], FeedbackDTO[id=1000, text=null, detailText=null, hasLongFeedbackText=false, reference=null, credits=3.230769230769231, positive=true, type=AUTOMATIC, visibility=ALWAYS, testCase=TestCaseDTO[testName=testMethods[SortStrategy], id=1476]], FeedbackDTO[id=1001, text=null, detailText=null, hasLongFeedbackText=false, reference=null, credits=3.230769230769231, positive=true, type=AUTOMATIC, visibility=ALWAYS, testCase=TestCaseDTO[testName=testClass[MergeSort], id=1471]], FeedbackDTO[id=1002, text=null, detailText=null, hasLongFeedbackText=false, reference=null, credits=3.230769230769231, positive=true, type=AUTOMATIC, visibility=ALWAYS, testCase=TestCaseDTO[testName=testClass[SortStrategy], id=1468]], FeedbackDTO[id=1003, text=null, detailText=null, hasLongFeedbackText=false, reference=null, credits=3.230769230769231, positive=true, type=AUTOMATIC, visibility=ALWAYS, testCase=TestCaseDTO[testName=testClass[BubbleSort], id=1472]], FeedbackDTO[id=1004, text=null, detailText=null, hasLongFeedbackText=false, reference=null, credits=3.230769230769231, positive=true, type=AUTOMATIC, visibility=ALWAYS, testCase=TestCaseDTO[testName=testMergeSort(), id=1477]], FeedbackDTO[id=1005, text=null, detailText=null, hasLongFeedbackText=false, reference=null, credits=3.230769230769231, positive=true, type=AUTOMATIC, visibility=ALWAYS, testCase=TestCaseDTO[testName=testUseBubbleSortForSmallList(), id=1478]], FeedbackDTO[id=1006, text=null, detailText=null, hasLongFeedbackText=false, reference=null, credits=3.230769230769231, positive=true, type=AUTOMATIC, visibility=ALWAYS, testCase=TestCaseDTO[testName=testBubbleSort(), id=1480]], FeedbackDTO[id=1007, text=null, detailText=null, hasLongFeedbackText=false, reference=null, credits=3.230769230769231, positive=true, type=AUTOMATIC, visibility=ALWAYS, testCase=TestCaseDTO[testName=testUseMergeSortForBigList(), id=1479]], FeedbackDTO[id=1008, text=null, detailText=null, hasLongFeedbackText=false, reference=null, credits=3.230769230769231, positive=true, type=AUTOMATIC, visibility=ALWAYS, testCase=TestCaseDTO[testName=testConstructors[Policy], id=1473]], FeedbackDTO[id=1009, text=null, detailText=null, hasLongFeedbackText=false, reference=null, credits=3.230769230769231, positive=true, type=AUTOMATIC, visibility=ALWAYS, testCase=TestCaseDTO[testName=testAttributes[Context], id=1469]], FeedbackDTO[id=1010, text=null, detailText=null, hasLongFeedbackText=false, reference=null, credits=3.230769230769231, positive=true, type=AUTOMATIC, visibility=ALWAYS, testCase=TestCaseDTO[testName=testAttributes[Policy], id=1470]]], assessmentType=AUTOMATIC, hasComplaint=null, exampleResult=null, testCaseCount=13, passedTestCaseCount=13, codeIssueCount=0]], BuildJobQueueItem[id=20301739576752239, name=SHORT716C2EC10B19B049C80A2F00B97EAB20B2A9TSTEXC-BASE, buildAgent=BuildAgentDTO[name=artemis-build-agent-test, memberAddress=[127.0.0.1]:5703, displayName=artemis-build-agent-test], participationId=2030, courseId=993, exerciseId=2610, retryCount=0, priority=2, status=SUCCESSFUL, repositoryInfo=RepositoryInfo[repositoryName=short716c2ec10b19b049c80a2f00b97eab20b2a9tstexc-exercise, repositoryType=exercise, triggeredByPushTo=tests, assignmentRepositoryUri=http://localhost:49152/git/SHORT716C2EC10B19B049C80A2F00B97EAB20B2A9TSTEXC/short716c2ec10b19b049c80a2f00b97eab20b2a9tstexc-exercise.git, testRepositoryUri=http://localhost:49152/git/SHORT716C2EC10B19B049C80A2F00B97EAB20B2A9TSTEXC/short716c2ec10b19b049c80a2f00b97eab20b2a9tstexc-tests.git, solutionRepositoryUri=null, auxiliaryRepositoryUris=[Ljava.lang.String;@42403a4c, auxiliaryRepositoryCheckoutDirectories=[Ljava.lang.String;@71a1c6ef], jobTimingInfo=JobTimingInfo[submissionDate=2025-02-14T23:45:52.239402475Z[Etc/UTC], buildStartDate=2025-02-14T23:45:52.258713639Z[Etc/UTC], buildCompletionDate=2025-02-14T23:45:53.238773956Z[Etc/UTC], estimatedCompletionDate=2025-02-14T23:45:53.258707428Z[Etc/UTC], estimatedDuration=1], buildConfig=BuildConfig[buildScript=#!/bin/bash
cd /var/tmp/testing-dir
chmod +x ./gradlew
./gradlew clean test
, dockerImage=dummy-docker-image:latest, commitHashToBuild=1e531733ed6e9237f710b528d1eb0b7beac565fd, assignmentCommitHash=815e279f12ad296b4f24c44134a07293c04c010f, testCommitHash=1e531733ed6e9237f710b528d1eb0b7beac565fd, branch=main, programmingLanguage=JAVA, projectType=PLAIN_GRADLE, scaEnabled=false, sequentialTestRunsEnabled=false, resultPaths=[/var/tmp/testing-dir/**/test-results/test/*.xml], timeoutSeconds=0, assignmentCheckoutPath=null, testCheckoutPath=null, solutionCheckoutPath=null, dockerRunConfig=null], submissionResult=ResultDTO[id=639, completionDate=2025-02-14T23:45:53.225806205Z[Etc/UTC], successful=false, score=0.0, rated=true, submission=SubmissionDTO[id=833, submitted=true, type=TEST, exampleSubmission=null, submissionDate=2025-02-14T23:45:52.237179Z, commitHash=1e531733ed6e9237f710b528d1eb0b7beac565fd, buildFailed=false, buildArtifact=false, participation=ParticipationDTO[id=2030, testRun=false, type=template, submissionCount=null, exercise=ParticipationExerciseDTO[id=2610, exerciseType=PROGRAMMING, type=programming, assessmentType=AUTOMATIC, dueDate=2025-02-16T23:45:50.869093Z, assessmentDueDate=null, maxPoints=42.0, course=CourseDTO[id=993, accuracyOfScores=1]]], submissionExerciseType=programming, isProcessing=false, buildStartDate=null, estimatedCompletionDate=null], participation=ParticipationDTO[id=2030, testRun=false, type=template, submissionCount=null, exercise=ParticipationExerciseDTO[id=2610, exerciseType=PROGRAMMING, type=programming, assessmentType=AUTOMATIC, dueDate=2025-02-16T23:45:50.869093Z, assessmentDueDate=null, maxPoints=42.0, course=CourseDTO[id=993, accuracyOfScores=1]]], feedbacks=[FeedbackDTO[id=1011, text=null, detailText=The exercise expects a class with the name Context in the package testpackage. You did not implement the class in the exercise., hasLongFeedbackText=false, reference=null, credits=0.0, positive=false, type=AUTOMATIC, visibility=ALWAYS, testCase=TestCaseDTO[testName=testMethods[Context], id=1474]], FeedbackDTO[id=1012, text=null, detailText=The exercise expects a class with the name Policy in the package testpackage. You did not implement the class in the exercise., hasLongFeedbackText=false, reference=null, credits=0.0, positive=false, type=AUTOMATIC, visibility=ALWAYS, testCase=TestCaseDTO[testName=testMethods[Policy], id=1475]], FeedbackDTO[id=1013, text=null, detailText=The exercise expects a class with the name SortStrategy in the package testpackage. You did not implement the class in the exercise., hasLongFeedbackText=false, reference=null, credits=0.0, positive=false, type=AUTOMATIC, visibility=ALWAYS, testCase=TestCaseDTO[testName=testMethods[SortStrategy], id=1476]], FeedbackDTO[id=1014, text=null, detailText=The class 'MergeSort' does not implement the interface 'SortStrategy' as expected. Implement the interface and its methods., hasLongFeedbackText=false, reference=null, credits=0.0, positive=false, type=AUTOMATIC, visibility=ALWAYS, testCase=TestCaseDTO[testName=testClass[MergeSort], id=1471]], FeedbackDTO[id=1015, text=null, detailText=The exercise expects a class with the name SortStrategy in the package testpackage. You did not implement the class in the exercise., hasLongFeedbackText=false, reference=null, credits=0.0, positive=false, type=AUTOMATIC, visibility=ALWAYS, testCase=TestCaseDTO[testName=testClass[SortStrategy], id=1468]], FeedbackDTO[id=1016, text=null, detailText=The class 'BubbleSort' does not implement the interface 'SortStrategy' as expected. Implement the interface and its methods., hasLongFeedbackText=false, reference=null, credits=0.0, positive=false, type=AUTOMATIC, visibility=ALWAYS, testCase=TestCaseDTO[testName=testClass[BubbleSort], id=1472]], FeedbackDTO[id=1017, text=null, detailText=MergeSort does not sort correctly, hasLongFeedbackText=false, reference=null, credits=0.0, positive=false, type=AUTOMATIC, visibility=ALWAYS, testCase=TestCaseDTO[testName=testMergeSort(), id=1477]], FeedbackDTO[id=1018, text=null, detailText=The class 'Context' was not found within the submission. Make sure to implement it properly., hasLongFeedbackText=false, reference=null, credits=0.0, positive=false, type=AUTOMATIC, visibility=ALWAYS, testCase=TestCaseDTO[testName=testUseBubbleSortForSmallList(), id=1478]], FeedbackDTO[id=1019, text=null, detailText=BubbleSort does not sort correctly, hasLongFeedbackText=false, reference=null, credits=0.0, positive=false, type=AUTOMATIC, visibility=ALWAYS, testCase=TestCaseDTO[testName=testBubbleSort(), id=1480]], FeedbackDTO[id=1020, text=null, detailText=The class 'Context' was not found within the submission. Make sure to implement it properly., hasLongFeedbackText=false, reference=null, credits=0.0, positive=false, type=AUTOMATIC, visibility=ALWAYS, testCase=TestCaseDTO[testName=testUseMergeSortForBigList(), id=1479]], FeedbackDTO[id=1021, text=null, detailText=The exercise expects a class with the name Policy in the package testpackage. You did not implement the class in the exercise., hasLongFeedbackText=false, reference=null, credits=0.0, positive=false, type=AUTOMATIC, visibility=ALWAYS, testCase=TestCaseDTO[testName=testConstructors[Policy], id=1473]], FeedbackDTO[id=1022, text=null, detailText=The exercise expects a class with the name Context in the package testpackage. You did not implement the class in the exercise., hasLongFeedbackText=false, reference=null, credits=0.0, positive=false, type=AUTOMATIC, visibility=ALWAYS, testCase=TestCaseDTO[testName=testAttributes[Context], id=1469]], FeedbackDTO[id=1023, text=null, detailText=The exercise expects a class with the name Policy in the package testpackage. You did not implement the class in the exercise., hasLongFeedbackText=false, reference=null, credits=0.0, positive=false, type=AUTOMATIC, visibility=ALWAYS, testCase=TestCaseDTO[testName=testAttributes[Policy], id=1470]]], assessmentType=AUTOMATIC, hasComplaint=null, exampleResult=null, testCaseCount=13, passedTestCaseCount=0, codeIssueCount=0]], BuildJobQueueItem[id=20391739576754750, name=SHORT3A680734092E404EF80A4C60FBC1E408F7D0TSTEXC-LOCALVCCIINTSTUDENT1, buildAgent=BuildAgentDTO[name=artemis-build-agent-test, memberAddress=[127.0.0.1]:5703, displayName=artemis-build-agent-test], participationId=2039, courseId=996, exerciseId=2613, retryCount=0, priority=2, status=SUCCESSFUL, repositoryInfo=RepositoryInfo[repositoryName=short3a680734092e404ef80a4c60fbc1e408f7d0tstexc-localvcciintstudent1, repositoryType=user, triggeredByPushTo=user, assignmentRepositoryUri=http://localhost:49152/git/SHORT3A680734092E404EF80A4C60FBC1E408F7D0TSTEXC/short3a680734092e404ef80a4c60fbc1e408f7d0tstexc-localvcciintstudent1.git, testRepositoryUri=http://localhost:49152/git/SHORT3A680734092E404EF80A4C60FBC1E408F7D0TSTEXC/short3a680734092e404ef80a4c60fbc1e408f7d0tstexc-tests.git, solutionRepositoryUri=null, auxiliaryRepositoryUris=[Ljava.lang.String;@6ec73ba2, auxiliaryRepositoryCheckoutDirectories=[Ljava.lang.String;@424b385e], jobTimingInfo=JobTimingInfo[submissionDate=2025-02-14T23:45:54.750657185Z[Etc/UTC], buildStartDate=2025-02-14T23:45:54.765232948Z[Etc/UTC], buildCompletionDate=2025-02-14T23:45:55.645844970Z[Etc/UTC], estimatedCompletionDate=2025-02-14T23:46:13.765225363Z[Etc/UTC], estimatedDuration=19], buildConfig=BuildConfig[buildScript=#!/bin/bash
cd /var/tmp/testing-dir
chmod +x ./gradlew
./gradlew clean test
, dockerImage=dummy-docker-image:latest, commitHashToBuild=9344436f8d5a5ce3aa40215562db211ed501371f, assignmentCommitHash=9344436f8d5a5ce3aa40215562db211ed501371f, testCommitHash=ff421c3651ec230fed2f20f72c2901ae372be06a, branch=main, programmingLanguage=JAVA, projectType=PLAIN_GRADLE, scaEnabled=false, sequentialTestRunsEnabled=false, resultPaths=[/var/tmp/testing-dir/**/test-results/test/*.xml], timeoutSeconds=0, assignmentCheckoutPath=null, testCheckoutPath=null, solutionCheckoutPath=null, dockerRunConfig=null], submissionResult=ResultDTO[id=640, completionDate=2025-02-14T23:45:55.628250079Z[Etc/UTC], successful=false, score=7.7, rated=true, submission=SubmissionDTO[id=834, submitted=true, type=MANUAL, exampleSubmission=null, submissionDate=2025-02-14T23:45:54.732007Z, commitHash=9344436f8d5a5ce3aa40215562db211ed501371f, buildFailed=false, buildArtifact=false, participation=ParticipationDTO[id=2039, testRun=false, type=programming, submissionCount=null, exercise=ParticipationExerciseDTO[id=2613, exerciseType=PROGRAMMING, type=programming, assessmentType=AUTOMATIC, dueDate=2025-02-16T23:45:54.546562Z, assessmentDueDate=null, maxPoints=42.0, course=CourseDTO[id=996, accuracyOfScores=1]]], submissionExerciseType=programming, isProcessing=false, buildStartDate=null, estimatedCompletionDate=null], participation=ParticipationDTO[id=2039, testRun=false, type=programming, submissionCount=null, exercise=ParticipationExerciseDTO[id=2613, exerciseType=PROGRAMMING, type=programming, assessmentType=AUTOMATIC, dueDate=2025-02-16T23:45:54.546562Z, assessmentDueDate=null, maxPoints=42.0, course=CourseDTO[id=996, accuracyOfScores=1]]], feedbacks=[FeedbackDTO[id=1024, text=null, detailText=The exercise expects a class with the name Context in the package testpackage. You did not implement the class in the exercise., hasLongFeedbackText=false, reference=null, credits=0.0, positive=false, type=AUTOMATIC, visibility=ALWAYS, testCase=TestCaseDTO[testName=null, id=1513]], FeedbackDTO[id=1025, text=null, detailText=The exercise expects a class with the name Policy in the package testpackage. You did not implement the class in the exercise., hasLongFeedbackText=false, reference=null, credits=0.0, positive=false, type=AUTOMATIC, visibility=ALWAYS, testCase=TestCaseDTO[testName=null, id=1514]], FeedbackDTO[id=1026, text=null, detailText=The exercise expects a class with the name SortStrategy in the package testpackage. You did not implement the class in the exercise., hasLongFeedbackText=false, reference=null, credits=0.0, positive=false, type=AUTOMATIC, visibility=ALWAYS, testCase=TestCaseDTO[testName=null, id=1515]], FeedbackDTO[id=1027, text=null, detailText=The class 'MergeSort' does not implement the interface 'SortStrategy' as expected. Implement the interface and its methods., hasLongFeedbackText=false, reference=null, credits=0.0, positive=false, type=AUTOMATIC, visibility=ALWAYS, testCase=TestCaseDTO[testName=null, id=1510]], FeedbackDTO[id=1028, text=null, detailText=The exercise expects a class with the name SortStrategy in the package testpackage. You did not implement the class in the exercise., hasLongFeedbackText=false, reference=null, credits=0.0, positive=false, type=AUTOMATIC, visibility=ALWAYS, testCase=TestCaseDTO[testName=null, id=1507]], FeedbackDTO[id=1029, text=null, detailText=The class 'BubbleSort' does not implement the interface 'SortStrategy' as expected. Implement the interface and its methods., hasLongFeedbackText=false, reference=null, credits=0.0, positive=false, type=AUTOMATIC, visibility=ALWAYS, testCase=TestCaseDTO[testName=null, id=1511]], FeedbackDTO[id=1030, text=null, detailText=MergeSort does not sort correctly, hasLongFeedbackText=false, reference=null, credits=0.0, positive=false, type=AUTOMATIC, visibility=ALWAYS, testCase=TestCaseDTO[testName=null, id=1516]], FeedbackDTO[id=1031, text=null, detailText=The class 'Context' was not found within the submission. Make sure to implement it properly., hasLongFeedbackText=false, reference=null, credits=0.0, positive=false, type=AUTOMATIC, visibility=ALWAYS, testCase=TestCaseDTO[testName=null, id=1517]], FeedbackDTO[id=1032, text=null, detailText=The class 'Context' was not found within the submission. Make sure to implement it properly., hasLongFeedbackText=false, reference=null, credits=0.0, positive=false, type=AUTOMATIC, visibility=ALWAYS, testCase=TestCaseDTO[testName=null, id=1518]], FeedbackDTO[id=1033, text=null, detailText=The exercise expects a class with the name Policy in the package testpackage. You did not implement the class in the exercise., hasLongFeedbackText=false, reference=null, credits=0.0, positive=false, type=AUTOMATIC, visibility=ALWAYS, testCase=TestCaseDTO[testName=null, id=1512]], FeedbackDTO[id=1034, text=null, detailText=The exercise expects a class with the name Context in the package testpackage. You did not implement the class in the exercise., hasLongFeedbackText=false, reference=null, credits=0.0, positive=false, type=AUTOMATIC, visibility=ALWAYS, testCase=TestCaseDTO[testName=null, id=1508]], FeedbackDTO[id=1035, text=null, detailText=The exercise expects a class with the name Policy in the package testpackage. You did not implement the class in the exercise., hasLongFeedbackText=false, reference=null, credits=0.0, positive=false, type=AUTOMATIC, visibility=ALWAYS, testCase=TestCaseDTO[testName=null, id=1509]], FeedbackDTO[id=1036, text=null, detailText=null, hasLongFeedbackText=false, reference=null, credits=3.230769230769231, positive=true, type=AUTOMATIC, visibility=ALWAYS, testCase=TestCaseDTO[testName=null, id=1519]]], assessmentType=AUTOMATIC, hasComplaint=null, exampleResult=null, testCaseCount=13, passedTestCaseCount=1, codeIssueCount=0]], BuildJobQueueItem[id=20431739576757232, name=SHORT3945BC5E092B90459B0A7F006DF5F64347FDTSTEXC-SOLUTION, buildAgent=BuildAgentDTO[name=artemis-build-agent-test, memberAddress=[127.0.0.1]:5703, displayName=artemis-build-agent-test], participationId=2043, courseId=998, exerciseId=2615, retryCount=0, priority=2, status=SUCCESSFUL, repositoryInfo=RepositoryInfo[repositoryName=short3945bc5e092b90459b0a7f006df5f64347fdtstexc-solution, repositoryType=solution, triggeredByPushTo=solution, assignmentRepositoryUri=http://localhost:49152/git/SHORT3945BC5E092B90459B0A7F006DF5F64347FDTSTEXC/short3945bc5e092b90459b0a7f006df5f64347fdtstexc-solution.git, testRepositoryUri=http://localhost:49152/git/SHORT3945BC5E092B90459B0A7F006DF5F64347FDTSTEXC/short3945bc5e092b90459b0a7f006df5f64347fdtstexc-tests.git, solutionRepositoryUri=null, auxiliaryRepositoryUris=[Ljava.lang.String;@11ae801, auxiliaryRepositoryCheckoutDirectories=[Ljava.lang.String;@7e73c073], jobTimingInfo=JobTimingInfo[submissionDate=2025-02-14T23:45:57.232907777Z[Etc/UTC], buildStartDate=2025-02-14T23:45:57.240437339Z[Etc/UTC], buildCompletionDate=2025-02-14T23:45:58.062328619Z[Etc/UTC], estimatedCompletionDate=2025-02-14T23:46:16.240428743Z[Etc/UTC], estimatedDuration=19], buildConfig=BuildConfig[buildScript=#!/bin/bash
cd /var/tmp/testing-dir
chmod +x ./gradlew
./gradlew clean test
, dockerImage=dummy-docker-image:latest, commitHashToBuild=c315388a235502fd958ae3c7ffbbbbf126a8fe21, assignmentCommitHash=c315388a235502fd958ae3c7ffbbbbf126a8fe21, testCommitHash=28488095271179f4eface46480ec45511f50df5d, branch=main, programmingLanguage=JAVA, projectType=PLAIN_GRADLE, scaEnabled=false, sequentialTestRunsEnabled=false, resultPaths=[/var/tmp/testing-dir/**/test-results/test/*.xml], timeoutSeconds=0, assignmentCheckoutPath=null, testCheckoutPath=null, solutionCheckoutPath=null, dockerRunConfig=null], submissionResult=ResultDTO[id=641, completionDate=2025-02-14T23:45:58.032353400Z[Etc/UTC], successful=true, score=100.0, rated=true, submission=SubmissionDTO[id=835, submitted=true, type=MANUAL, exampleSubmission=null, submissionDate=2025-02-14T23:45:57.222714Z, commitHash=c315388a235502fd958ae3c7ffbbbbf126a8fe21, buildFailed=false, buildArtifact=false, participation=ParticipationDTO[id=2043, testRun=false, type=solution, submissionCount=null, exercise=ParticipationExerciseDTO[id=2615, exerciseType=PROGRAMMING, type=programming, assessmentType=AUTOMATIC, dueDate=2025-02-16T23:45:56.808788Z, assessmentDueDate=null, maxPoints=42.0, course=CourseDTO[id=998, accuracyOfScores=1]]], submissionExerciseType=programming, isProcessing=false, buildStartDate=null, estimatedCompletionDate=null], participation=ParticipationDTO[id=2043, testRun=false, type=solution, submissionCount=null, exercise=ParticipationExerciseDTO[id=2615, exerciseType=PROGRAMMING, type=programming, assessmentType=AUTOMATIC, dueDate=2025-02-16T23:45:56.808788Z, assessmentDueDate=null, maxPoints=42.0, course=CourseDTO[id=998, accuracyOfScores=1]]], feedbacks=[FeedbackDTO[id=1037, text=null, detailText=null, hasLongFeedbackText=false, reference=null, credits=3.230769230769231, positive=true, type=AUTOMATIC, visibility=ALWAYS, testCase=TestCaseDTO[testName=testMethods[Context], id=1539]], FeedbackDTO[id=1038, text=null, detailText=null, hasLongFeedbackText=false, reference=null, credits=3.230769230769231, positive=true, type=AUTOMATIC, visibility=ALWAYS, testCase=TestCaseDTO[testName=testMethods[Policy], id=1540]], FeedbackDTO[id=1039, text=null, detailText=null, hasLongFeedbackText=false, reference=null, credits=3.230769230769231, positive=true, type=AUTOMATIC, visibility=ALWAYS, testCase=TestCaseDTO[testName=testMethods[SortStrategy], id=1541]], FeedbackDTO[id=1040, text=null, detailText=null, hasLongFeedbackText=false, reference=null, credits=3.230769230769231, positive=true, type=AUTOMATIC, visibility=ALWAYS, testCase=TestCaseDTO[testName=testClass[MergeSort], id=1536]], FeedbackDTO[id=1041, text=null, detailText=null, hasLongFeedbackText=false, reference=null, credits=3.230769230769231, positive=true, type=AUTOMATIC, visibility=ALWAYS, testCase=TestCaseDTO[testName=testClass[SortStrategy], id=1533]], FeedbackDTO[id=1042, text=null, detailText=null, hasLongFeedbackText=false, reference=null, credits=3.230769230769231, positive=true, type=AUTOMATIC, visibility=ALWAYS, testCase=TestCaseDTO[testName=testClass[BubbleSort], id=1537]], FeedbackDTO[id=1043, text=null, detailText=null, hasLongFeedbackText=false, reference=null, credits=3.230769230769231, positive=true, type=AUTOMATIC, visibility=ALWAYS, testCase=TestCaseDTO[testName=testMergeSort(), id=1542]], FeedbackDTO[id=1044, text=null, detailText=null, hasLongFeedbackText=false, reference=null, credits=3.230769230769231, positive=true, type=AUTOMATIC, visibility=ALWAYS, testCase=TestCaseDTO[testName=testUseBubbleSortForSmallList(), id=1543]], FeedbackDTO[id=1045, text=null, detailText=null, hasLongFeedbackText=false, reference=null, credits=3.230769230769231, positive=true, type=AUTOMATIC, visibility=ALWAYS, testCase=TestCaseDTO[testName=testBubbleSort(), id=1545]], FeedbackDTO[id=1046, text=null, detailText=null, hasLongFeedbackText=false, reference=null, credits=3.230769230769231, positive=true, type=AUTOMATIC, visibility=ALWAYS, testCase=TestCaseDTO[testName=testUseMergeSortForBigList(), id=1544]], FeedbackDTO[id=1047, text=null, detailText=null, hasLongFeedbackText=false, reference=null, credits=3.230769230769231, positive=true, type=AUTOMATIC, visibility=ALWAYS, testCase=TestCaseDTO[testName=testConstructors[Policy], id=1538]], FeedbackDTO[id=1048, text=null, detailText=null, hasLongFeedbackText=false, reference=null, credits=3.230769230769231, positive=true, type=AUTOMATIC, visibility=ALWAYS, testCase=TestCaseDTO[testName=testAttributes[Context], id=1534]], FeedbackDTO[id=1049, text=null, detailText=null, hasLongFeedbackText=false, reference=null, credits=3.230769230769231, positive=true, type=AUTOMATIC, visibility=ALWAYS, testCase=TestCaseDTO[testName=testAttributes[Policy], id=1535]]], assessmentType=AUTOMATIC, hasComplaint=null, exampleResult=null, testCaseCount=13, passedTestCaseCount=13, codeIssueCount=0]], BuildJobQueueItem[id=20471739576759335, name=SHORT07624A260BD060493708A050BB6FAE261DD5TSTEXC-LOCALVCCIINTSTUDENT1, buildAgent=BuildAgentDTO[name=artemis-build-agent-test, memberAddress=[127.0.0.1]:5703, displayName=artemis-build-agent-test], participationId=2047, courseId=999, exerciseId=2616, retryCount=0, priority=2, status=SUCCESSFUL, repositoryInfo=RepositoryInfo[repositoryName=short07624a260bd060493708a050bb6fae261dd5tstexc-localvcciintstudent1, repositoryType=user, triggeredByPushTo=user, assignmentRepositoryUri=http://localhost:49152/git/SHORT07624A260BD060493708A050BB6FAE261DD5TSTEXC/short07624a260bd060493708a050bb6fae261dd5tstexc-localvcciintstudent1.git, testRepositoryUri=http://localhost:49152/git/SHORT07624A260BD060493708A050BB6FAE261DD5TSTEXC/short07624a260bd060493708a050bb6fae261dd5tstexc-tests.git, solutionRepositoryUri=null, auxiliaryRepositoryUris=[Ljava.lang.String;@293eee34, auxiliaryRepositoryCheckoutDirectories=[Ljava.lang.String;@322cba85], jobTimingInfo=JobTimingInfo[submissionDate=2025-02-14T23:45:59.335772293Z[Etc/UTC], buildStartDate=2025-02-14T23:45:59.344175895Z[Etc/UTC], buildCompletionDate=2025-02-14T23:46:00.603413500Z[Etc/UTC], estimatedCompletionDate=2025-02-14T23:46:18.344169813Z[Etc/UTC], estimatedDuration=19], buildConfig=BuildConfig[buildScript=#!/bin/bash
cd /var/tmp/testing-dir
chmod +x ./gradlew
./gradlew clean test
, dockerImage=dummy-docker-image:latest, commitHashToBuild=18a07c7296dd70e3280c5bdcec7fccd0be6b8148, assignmentCommitHash=18a07c7296dd70e3280c5bdcec7fccd0be6b8148, testCommitHash=d654a233667bae063bb900e455fd2da456e10333, branch=main, programmingLanguage=JAVA, projectType=PLAIN_GRADLE, scaEnabled=false, sequentialTestRunsEnabled=false, resultPaths=[/var/tmp/testing-dir/**/test-results/test/*.xml], timeoutSeconds=0, assignmentCheckoutPath=null, testCheckoutPath=null, solutionCheckoutPath=null, dockerRunConfig=null], submissionResult=ResultDTO[id=642, completionDate=2025-02-14T23:46:00.583368808Z[Etc/UTC], successful=false, score=7.7, rated=true, submission=SubmissionDTO[id=836, submitted=true, type=MANUAL, exampleSubmission=null, submissionDate=2025-02-14T23:45:59.324416Z, commitHash=18a07c7296dd70e3280c5bdcec7fccd0be6b8148, buildFailed=false, buildArtifact=false, participation=ParticipationDTO[id=2047, testRun=false, type=programming, submissionCount=null, exercise=ParticipationExerciseDTO[id=2616, exerciseType=PROGRAMMING, type=programming, assessmentType=AUTOMATIC, dueDate=2025-02-16T23:45:58.958237Z, assessmentDueDate=null, maxPoints=42.0, course=CourseDTO[id=999, accuracyOfScores=1]]], submissionExerciseType=programming, isProcessing=false, buildStartDate=null, estimatedCompletionDate=null], participation=ParticipationDTO[id=2047, testRun=false, type=programming, submissionCount=null, exercise=ParticipationExerciseDTO[id=2616, exerciseType=PROGRAMMING, type=programming, assessmentType=AUTOMATIC, dueDate=2025-02-16T23:45:58.958237Z, assessmentDueDate=null, maxPoints=42.0, course=CourseDTO[id=999, accuracyOfScores=1]]], feedbacks=[FeedbackDTO[id=1050, text=null, detailText=The exercise expects a class with the name Context in the package testpackage. You did not implement the class in the exercise., hasLongFeedbackText=false, reference=null, credits=0.0, positive=false, type=AUTOMATIC, visibility=ALWAYS, testCase=TestCaseDTO[testName=null, id=1552]], FeedbackDTO[id=1051, text=null, detailText=The exercise expects a class with the name Policy in the package testpackage. You did not implement the class in the exercise., hasLongFeedbackText=false, reference=null, credits=0.0, positive=false, type=AUTOMATIC, visibility=ALWAYS, testCase=TestCaseDTO[testName=null, id=1553]], FeedbackDTO[id=1052, text=null, detailText=The exercise expects a class with the name SortStrategy in the package testpackage. You did not implement the class in the exercise., hasLongFeedbackText=false, reference=null, credits=0.0, positive=false, type=AUTOMATIC, visibility=ALWAYS, testCase=TestCaseDTO[testName=null, id=1554]], FeedbackDTO[id=1053, text=null, detailText=The class 'MergeSort' does not implement the interface 'SortStrategy' as expected. Implement the interface and its methods., hasLongFeedbackText=false, reference=null, credits=0.0, positive=false, type=AUTOMATIC, visibility=ALWAYS, testCase=TestCaseDTO[testName=null, id=1549]], FeedbackDTO[id=1054, text=null, detailText=The exercise expects a class with the name SortStrategy in the package testpackage. You did not implement the class in the exercise., hasLongFeedbackText=false, reference=null, credits=0.0, positive=false, type=AUTOMATIC, visibility=ALWAYS, testCase=TestCaseDTO[testName=null, id=1546]], FeedbackDTO[id=1055, text=null, detailText=The class 'BubbleSort' does not implement the interface 'SortStrategy' as expected. Implement the interface and its methods., hasLongFeedbackText=false, reference=null, credits=0.0, positive=false, type=AUTOMATIC, visibility=ALWAYS, testCase=TestCaseDTO[testName=null, id=1550]], FeedbackDTO[id=1056, text=null, detailText=MergeSort does not sort correctly, hasLongFeedbackText=false, reference=null, credits=0.0, positive=false, type=AUTOMATIC, visibility=ALWAYS, testCase=TestCaseDTO[testName=null, id=1555]], FeedbackDTO[id=1057, text=null, detailText=The class 'Context' was not found within the submission. Make sure to implement it properly., hasLongFeedbackText=false, reference=null, credits=0.0, positive=false, type=AUTOMATIC, visibility=ALWAYS, testCase=TestCaseDTO[testName=null, id=1556]], FeedbackDTO[id=1058, text=null, detailText=The class 'Context' was not found within the submission. Make sure to implement it properly., hasLongFeedbackText=false, reference=null, credits=0.0, positive=false, type=AUTOMATIC, visibility=ALWAYS, testCase=TestCaseDTO[testName=null, id=1557]], FeedbackDTO[id=1059, text=null, detailText=The exercise expects a class with the name Policy in the package testpackage. You did not implement the class in the exercise., hasLongFeedbackText=false, reference=null, credits=0.0, positive=false, type=AUTOMATIC, visibility=ALWAYS, testCase=TestCaseDTO[testName=null, id=1551]], FeedbackDTO[id=1060, text=null, detailText=The exercise expects a class with the name Context in the package testpackage. You did not implement the class in the exercise., hasLongFeedbackText=false, reference=null, credits=0.0, positive=false, type=AUTOMATIC, visibility=ALWAYS, testCase=TestCaseDTO[testName=null, id=1547]], FeedbackDTO[id=1061, text=null, detailText=The exercise expects a class with the name Policy in the package testpackage. You did not implement the class in the exercise., hasLongFeedbackText=false, reference=null, credits=0.0, positive=false, type=AUTOMATIC, visibility=ALWAYS, testCase=TestCaseDTO[testName=null, id=1548]], FeedbackDTO[id=1062, text=null, detailText=null, hasLongFeedbackText=false, reference=null, credits=3.230769230769231, positive=true, type=AUTOMATIC, visibility=ALWAYS, testCase=TestCaseDTO[testName=null, id=1558]]], assessmentType=AUTOMATIC, hasComplaint=null, exampleResult=null, testCaseCount=13, passedTestCaseCount=1, codeIssueCount=0]], BuildJobQueueItem[id=20631739576764096, name=SHORT4DC244B40E51904DBF09D1D07EFB51569A98T9E7-BASE, buildAgent=BuildAgentDTO[name=artemis-build-agent-test, memberAddress=[127.0.0.1]:5703, displayName=artemis-build-agent-test], participationId=2063, courseId=1004, exerciseId=2622, retryCount=0, priority=2, status=SUCCESSFUL, repositoryInfo=RepositoryInfo[repositoryName=short4dc244b40e51904dbf09d1d07efb51569a98t9e7-exercise, repositoryType=exercise, triggeredByPushTo=exercise, assignmentRepositoryUri=http://localhost:49152/git/SHORT4DC244B40E51904DBF09D1D07EFB51569A98T9E7/short4dc244b40e51904dbf09d1d07efb51569a98t9e7-exercise.git, testRepositoryUri=http://localhost:49152/git/SHORT4DC244B40E51904DBF09D1D07EFB51569A98T9E7/short4dc244b40e51904dbf09d1d07efb51569a98t9e7-tests.git, solutionRepositoryUri=null, auxiliaryRepositoryUris=[Ljava.lang.String;@64a00621, auxiliaryRepositoryCheckoutDirectories=[Ljava.lang.String;@4b0329e], jobTimingInfo=JobTimingInfo[submissionDate=2025-02-14T23:46:04.096728486Z[Etc/UTC], buildStartDate=2025-02-14T23:46:04.102262636Z[Etc/UTC], buildCompletionDate=2025-02-14T23:46:05.226227728Z[Etc/UTC], estimatedCompletionDate=2025-02-14T23:46:23.102258508Z[Etc/UTC], estimatedDuration=19], buildConfig=BuildConfig[buildScript=#!/bin/bash
cd /var/tmp/testing-dir
Some script, dockerImage=dummy-docker-image, commitHashToBuild=null, assignmentCommitHash=c012d390834ea02544e9b3baca8f528ff58cb582, testCommitHash=106892b5032dbcc929f32d283777eb646a0a7ab0, branch=main, programmingLanguage=JAVA, projectType=PLAIN_GRADLE, scaEnabled=false, sequentialTestRunsEnabled=false, resultPaths=[/var/tmp/testing-dir/**/test-results/test/*.xml], timeoutSeconds=0, assignmentCheckoutPath=null, testCheckoutPath=null, solutionCheckoutPath=null, dockerRunConfig=null], submissionResult=ResultDTO[id=643, completionDate=2025-02-14T23:46:05.207991505Z[Etc/UTC], successful=false, score=0.0, rated=true, submission=SubmissionDTO[id=838, submitted=false, type=INSTRUCTOR, exampleSubmission=null, submissionDate=2025-02-14T23:46:04.057795Z, commitHash=c012d390834ea02544e9b3baca8f528ff58cb582, buildFailed=false, buildArtifact=false, participation=ParticipationDTO[id=2063, testRun=false, type=template, submissionCount=null, exercise=ParticipationExerciseDTO[id=2622, exerciseType=PROGRAMMING, type=programming, assessmentType=SEMI_AUTOMATIC, dueDate=2025-02-21T23:46:03.542650Z, assessmentDueDate=null, maxPoints=5.0, course=CourseDTO[id=1004, accuracyOfScores=1]]], submissionExerciseType=programming, isProcessing=false, buildStartDate=null, estimatedCompletionDate=null], participation=ParticipationDTO[id=2063, testRun=false, type=template, submissionCount=null, exercise=ParticipationExerciseDTO[id=2622, exerciseType=PROGRAMMING, type=programming, assessmentType=SEMI_AUTOMATIC, dueDate=2025-02-21T23:46:03.542650Z, assessmentDueDate=null, maxPoints=5.0, course=CourseDTO[id=1004, accuracyOfScores=1]]], feedbacks=[FeedbackDTO[id=1063, text=testMethods[Context], detailText=The exercise expects a class with the name Context in the package testpackage. You did not implement the class in the exercise., hasLongFeedbackText=false, reference=null, credits=null, positive=false, type=AUTOMATIC, visibility=null, testCase=null], FeedbackDTO[id=1064, text=testMethods[Policy], detailText=The exercise expects a class with the name Policy in the package testpackage. You did not implement the class in the exercise., hasLongFeedbackText=false, reference=null, credits=null, positive=false, type=AUTOMATIC, visibility=null, testCase=null], FeedbackDTO[id=1065, text=testMethods[SortStrategy], detailText=The exercise expects a class with the name SortStrategy in the package testpackage. You did not implement the class in the exercise., hasLongFeedbackText=false, reference=null, credits=null, positive=false, type=AUTOMATIC, visibility=null, testCase=null], FeedbackDTO[id=1066, text=testClass[MergeSort], detailText=The class 'MergeSort' does not implement the interface 'SortStrategy' as expected. Implement the interface and its methods., hasLongFeedbackText=false, reference=null, credits=null, positive=false, type=AUTOMATIC, visibility=null, testCase=null], FeedbackDTO[id=1067, text=testClass[SortStrategy], detailText=The exercise expects a class with the name SortStrategy in the package testpackage. You did not implement the class in the exercise., hasLongFeedbackText=false, reference=null, credits=null, positive=false, type=AUTOMATIC, visibility=null, testCase=null], FeedbackDTO[id=1068, text=testClass[BubbleSort], detailText=The class 'BubbleSort' does not implement the interface 'SortStrategy' as expected. Implement the interface and its methods., hasLongFeedbackText=false, reference=null, credits=null, positive=false, type=AUTOMATIC, visibility=null, testCase=null], FeedbackDTO[id=1069, text=testMergeSort(), detailText=MergeSort does not sort correctly, hasLongFeedbackText=false, reference=null, credits=null, positive=false, type=AUTOMATIC, visibility=null, testCase=null], FeedbackDTO[id=1070, text=testUseBubbleSortForSmallList(), detailText=The class 'Context' was not found within the submission. Make sure to implement it properly., hasLongFeedbackText=false, reference=null, credits=null, positive=false, type=AUTOMATIC, visibility=null, testCase=null], FeedbackDTO[id=1071, text=testBubbleSort(), detailText=BubbleSort does not sort correctly, hasLongFeedbackText=false, reference=null, credits=null, positive=false, type=AUTOMATIC, visibility=null, testCase=null], FeedbackDTO[id=1072, text=testUseMergeSortForBigList(), detailText=The class 'Context' was not found within the submission. Make sure to implement it properly., hasLongFeedbackText=false, reference=null, credits=null, positive=false, type=AUTOMATIC, visibility=null, testCase=null], FeedbackDTO[id=1073, text=testConstructors[Policy], detailText=The exercise expects a class with the name Policy in the package testpackage. You did not implement the class in the exercise., hasLongFeedbackText=false, reference=null, credits=null, positive=false, type=AUTOMATIC, visibility=null, testCase=null], FeedbackDTO[id=1074, text=testAttributes[Context], detailText=The exercise expects a class with the name Context in the package testpackage. You did not implement the class in the exercise., hasLongFeedbackText=false, reference=null, credits=null, positive=false, type=AUTOMATIC, visibility=null, testCase=null], FeedbackDTO[id=1075, text=testAttributes[Policy], detailText=The exercise expects a class with the name Policy in the package testpackage. You did not implement the class in the exercise., hasLongFeedbackText=false, reference=null, credits=null, positive=false, type=AUTOMATIC, visibility=null, testCase=null]], assessmentType=AUTOMATIC, hasComplaint=null, exampleResult=null, testCaseCount=13, passedTestCaseCount=0, codeIssueCount=0]], BuildJobQueueItem[id=20641739576764112, name=SHORT4DC244B40E51904DBF09D1D07EFB51569A98T9E7-SOLUTION, buildAgent=BuildAgentDTO[name=artemis-build-agent-test, memberAddress=[127.0.0.1]:5703, displayName=artemis-build-agent-test], participationId=2064, courseId=1004, exerciseId=2622, retryCount=0, priority=2, status=SUCCESSFUL, repositoryInfo=RepositoryInfo[repositoryName=short4dc244b40e51904dbf09d1d07efb51569a98t9e7-solution, repositoryType=solution, triggeredByPushTo=solution, assignmentRepositoryUri=http://localhost:49152/git/SHORT4DC244B40E51904DBF09D1D07EFB51569A98T9E7/short4dc244b40e51904dbf09d1d07efb51569a98t9e7-solution.git, testRepositoryUri=http://localhost:49152/git/SHORT4DC244B40E51904DBF09D1D07EFB51569A98T9E7/short4dc244b40e51904dbf09d1d07efb51569a98t9e7-tests.git, solutionRepositoryUri=null, auxiliaryRepositoryUris=[Ljava.lang.String;@5aa12372, auxiliaryRepositoryCheckoutDirectories=[Ljava.lang.String;@d0e5231], jobTimingInfo=JobTimingInfo[submissionDate=2025-02-14T23:46:04.112126913Z[Etc/UTC], buildStartDate=2025-02-14T23:46:05.232264507Z[Etc/UTC], buildCompletionDate=2025-02-14T23:46:06.182915498Z[Etc/UTC], estimatedCompletionDate=2025-02-14T23:46:24.232260149Z[Etc/UTC], estimatedDuration=19], buildConfig=BuildConfig[buildScript=#!/bin/bash
cd /var/tmp/testing-dir
Some script, dockerImage=dummy-docker-image, commitHashToBuild=null, assignmentCommitHash=221330b9b164316cadedcd1505ff3260d90e6691, testCommitHash=106892b5032dbcc929f32d283777eb646a0a7ab0, branch=main, programmingLanguage=JAVA, projectType=PLAIN_GRADLE, scaEnabled=false, sequentialTestRunsEnabled=false, resultPaths=[/var/tmp/testing-dir/**/test-results/test/*.xml], timeoutSeconds=0, assignmentCheckoutPath=null, testCheckoutPath=null, solutionCheckoutPath=null, dockerRunConfig=null], submissionResult=ResultDTO[id=644, completionDate=2025-02-14T23:46:06.169385846Z[Etc/UTC], successful=true, score=100.0, rated=true, submission=SubmissionDTO[id=837, submitted=false, type=INSTRUCTOR, exampleSubmission=null, submissionDate=2025-02-14T23:46:04.038689Z, commitHash=221330b9b164316cadedcd1505ff3260d90e6691, buildFailed=false, buildArtifact=false, participation=ParticipationDTO[id=2064, testRun=false, type=solution, submissionCount=null, exercise=ParticipationExerciseDTO[id=2622, exerciseType=PROGRAMMING, type=programming, assessmentType=SEMI_AUTOMATIC, dueDate=2025-02-21T23:46:03.542650Z, assessmentDueDate=null, maxPoints=5.0, course=CourseDTO[id=1004, accuracyOfScores=1]]], submissionExerciseType=programming, isProcessing=false, buildStartDate=null, estimatedCompletionDate=null], participation=ParticipationDTO[id=2064, testRun=false, type=solution, submissionCount=null, exercise=ParticipationExerciseDTO[id=2622, exerciseType=PROGRAMMING, type=programming, assessmentType=SEMI_AUTOMATIC, dueDate=2025-02-21T23:46:03.542650Z, assessmentDueDate=null, maxPoints=5.0, course=CourseDTO[id=1004, accuracyOfScores=1]]], feedbacks=[FeedbackDTO[id=1076, text=null, detailText=null, hasLongFeedbackText=false, reference=null, credits=0.38461538461538464, positive=true, type=AUTOMATIC, visibility=ALWAYS, testCase=TestCaseDTO[testName=testMethods[Context], id=1612]], FeedbackDTO[id=1077, text=null, detailText=null, hasLongFeedbackText=false, reference=null, credits=0.38461538461538464, positive=true, type=AUTOMATIC, visibility=ALWAYS, testCase=TestCaseDTO[testName=testMethods[Policy], id=1611]], FeedbackDTO[id=1078, text=null, detailText=null, hasLongFeedbackText=false, reference=null, credits=0.38461538461538464, positive=true, type=AUTOMATIC, visibility=ALWAYS, testCase=TestCaseDTO[testName=testMethods[SortStrategy], id=1613]], FeedbackDTO[id=1079, text=null, detailText=null, hasLongFeedbackText=false, reference=null, credits=0.38461538461538464, positive=true, type=AUTOMATIC, visibility=ALWAYS, testCase=TestCaseDTO[testName=testClass[MergeSort], id=1614]], FeedbackDTO[id=1080, text=null, detailText=null, hasLongFeedbackText=false, reference=null, credits=0.38461538461538464, positive=true, type=AUTOMATIC, visibility=ALWAYS, testCase=TestCaseDTO[testName=testClass[SortStrategy], id=1617]], FeedbackDTO[id=1081, text=null, detailText=null, hasLongFeedbackText=false, reference=null, credits=0.38461538461538464, positive=true, type=AUTOMATIC, visibility=ALWAYS, testCase=TestCaseDTO[testName=testClass[BubbleSort], id=1618]], FeedbackDTO[id=1082, text=null, detailText=null, hasLongFeedbackText=false, reference=null, credits=0.38461538461538464, positive=true, type=AUTOMATIC, visibility=ALWAYS, testCase=TestCaseDTO[testName=testMergeSort(), id=1620]], FeedbackDTO[id=1083, text=null, detailText=null, hasLongFeedbackText=false, reference=null, credits=0.38461538461538464, positive=true, type=AUTOMATIC, visibility=ALWAYS, testCase=TestCaseDTO[testName=testUseBubbleSortForSmallList(), id=1622]], FeedbackDTO[id=1084, text=null, detailText=null, hasLongFeedbackText=false, reference=null, credits=0.38461538461538464, positive=true, type=AUTOMATIC, visibility=ALWAYS, testCase=TestCaseDTO[testName=testBubbleSort(), id=1615]], FeedbackDTO[id=1085, text=null, detailText=null, hasLongFeedbackText=false, reference=null, credits=0.38461538461538464, positive=true, type=AUTOMATIC, visibility=ALWAYS, testCase=TestCaseDTO[testName=testUseMergeSortForBigList(), id=1619]], FeedbackDTO[id=1086, text=null, detailText=null, hasLongFeedbackText=false, reference=null, credits=0.38461538461538464, positive=true, type=AUTOMATIC, visibility=ALWAYS, testCase=TestCaseDTO[testName=testConstructors[Policy], id=1623]], FeedbackDTO[id=1087, text=null, detailText=null, hasLongFeedbackText=false, reference=null, credits=0.38461538461538464, positive=true, type=AUTOMATIC, visibility=ALWAYS, testCase=TestCaseDTO[testName=testAttributes[Context], id=1616]], FeedbackDTO[id=1088, text=null, detailText=null, hasLongFeedbackText=false, reference=null, credits=0.38461538461538464, positive=true, type=AUTOMATIC, visibility=ALWAYS, testCase=TestCaseDTO[testName=testAttributes[Policy], id=1621]]], assessmentType=AUTOMATIC, hasComplaint=null, exampleResult=null, testCaseCount=13, passedTestCaseCount=13, codeIssueCount=0]], BuildJobQueueItem[id=20711739576769873, name=SHORT119ADC0203685047B60A48204B1EA14EB29EIMPORTED-BASE, buildAgent=BuildAgentDTO[name=artemis-build-agent-test, memberAddress=[127.0.0.1]:5703, displayName=artemis-build-agent-test], participationId=2071, courseId=1007, exerciseId=2625, retryCount=0, priority=2, status=SUCCESSFUL, repositoryInfo=RepositoryInfo[repositoryName=short119adc0203685047b60a48204b1ea14eb29eimported-exercise, repositoryType=exercise, triggeredByPushTo=exercise, assignmentRepositoryUri=http://localhost:49152/git/SHORT119ADC0203685047B60A48204B1EA14EB29EIMPORTED/short119adc0203685047b60a48204b1ea14eb29eimported-exercise.git, testRepositoryUri=http://localhost:49152/git/SHORT119ADC0203685047B60A48204B1EA14EB29EIMPORTED/short119adc0203685047b60a48204b1ea14eb29eimported-tests.git, solutionRepositoryUri=null, auxiliaryRepositoryUris=[Ljava.lang.String;@697bdcbf, auxiliaryRepositoryCheckoutDirectories=[Ljava.lang.String;@6c5a37cc], jobTimingInfo=JobTimingInfo[submissionDate=2025-02-14T23:46:09.873880717Z[Etc/UTC], buildStartDate=2025-02-14T23:46:09.877078790Z[Etc/UTC], buildCompletionDate=2025-02-14T23:46:11.190344481Z[Etc/UTC], estimatedCompletionDate=2025-02-14T23:46:28.877074652Z[Etc/UTC], estimatedDuration=19], buildConfig=BuildConfig[buildScript=#!/bin/bash
cd /var/tmp/testing-dir
chmod +x ./gradlew
./gradlew clean test
, dockerImage=dummy-docker-image, commitHashToBuild=null, assignmentCommitHash=fdf5d18917d97180fa8cd8dbe85fef02e40bdd6d, testCommitHash=fdf5d18917d97180fa8cd8dbe85fef02e40bdd6d, branch=main, programmingLanguage=JAVA, projectType=PLAIN_GRADLE, scaEnabled=false, sequentialTestRunsEnabled=false, resultPaths=[/var/tmp/testing-dir/**/test-results/test/*.xml], timeoutSeconds=0, assignmentCheckoutPath=null, testCheckoutPath=null, solutionCheckoutPath=null, dockerRunConfig=null], submissionResult=ResultDTO[id=645, completionDate=2025-02-14T23:46:11.157476754Z[Etc/UTC], successful=false, score=0.0, rated=true, submission=SubmissionDTO[id=839, submitted=true, type=MANUAL, exampleSubmission=null, submissionDate=2025-02-14T23:46:07.288584092Z[Etc/UTC], commitHash=fdf5d18917d97180fa8cd8dbe85fef02e40bdd6d, buildFailed=false, buildArtifact=false, participation=ParticipationDTO[id=2071, testRun=false, type=template, submissionCount=null, exercise=ParticipationExerciseDTO[id=2625, exerciseType=PROGRAMMING, type=programming, assessmentType=AUTOMATIC, dueDate=2025-02-16T23:46:09.110273Z, assessmentDueDate=null, maxPoints=42.0, course=CourseDTO[id=1007, accuracyOfScores=1]]], submissionExerciseType=programming, isProcessing=false, buildStartDate=null, estimatedCompletionDate=null], participation=ParticipationDTO[id=2071, testRun=false, type=template, submissionCount=null, exercise=ParticipationExerciseDTO[id=2625, exerciseType=PROGRAMMING, type=programming, assessmentType=AUTOMATIC, dueDate=2025-02-16T23:46:09.110273Z, assessmentDueDate=null, maxPoints=42.0, course=CourseDTO[id=1007, accuracyOfScores=1]]], feedbacks=[FeedbackDTO[id=1089, text=testMethods[Context], detailText=The exercise expects a class with the name Context in the package testpackage. You did not implement the class in the exercise., hasLongFeedbackText=false, reference=null, credits=null, positive=false, type=AUTOMATIC, visibility=null, testCase=null], FeedbackDTO[id=1090, text=testMethods[Policy], detailText=The exercise expects a class with the name Policy in the package testpackage. You did not implement the class in the exercise., hasLongFeedbackText=false, reference=null, credits=null, positive=false, type=AUTOMATIC, visibility=null, testCase=null], FeedbackDTO[id=1091, text=testMethods[SortStrategy], detailText=The exercise expects a class with the name SortStrategy in the package testpackage. You did not implement the class in the exercise., hasLongFeedbackText=false, reference=null, credits=null, positive=false, type=AUTOMATIC, visibility=null, testCase=null], FeedbackDTO[id=1092, text=testClass[MergeSort], detailText=The class 'MergeSort' does not implement the interface 'SortStrategy' as expected. Implement the interface and its methods., hasLongFeedbackText=false, reference=null, credits=null, positive=false, type=AUTOMATIC, visibility=null, testCase=null], FeedbackDTO[id=1093, text=testClass[SortStrategy], detailText=The exercise expects a class with the name SortStrategy in the package testpackage. You did not implement the class in the exercise., hasLongFeedbackText=false, reference=null, credits=null, positive=false, type=AUTOMATIC, visibility=null, testCase=null], FeedbackDTO[id=1094, text=testClass[BubbleSort], detailText=The class 'BubbleSort' does not implement the interface 'SortStrategy' as expected. Implement the interface and its methods., hasLongFeedbackText=false, reference=null, credits=null, positive=false, type=AUTOMATIC, visibility=null, testCase=null], FeedbackDTO[id=1095, text=testMergeSort(), detailText=MergeSort does not sort correctly, hasLongFeedbackText=false, reference=null, credits=null, positive=false, type=AUTOMATIC, visibility=null, testCase=null], FeedbackDTO[id=1096, text=testUseBubbleSortForSmallList(), detailText=The class 'Context' was not found within the submission. Make sure to implement it properly., hasLongFeedbackText=false, reference=null, credits=null, positive=false, type=AUTOMATIC, visibility=null, testCase=null], FeedbackDTO[id=1097, text=testBubbleSort(), detailText=BubbleSort does not sort correctly, hasLongFeedbackText=false, reference=null, credits=null, positive=false, type=AUTOMATIC, visibility=null, testCase=null], FeedbackDTO[id=1098, text=testUseMergeSortForBigList(), detailText=The class 'Context' was not found within the submission. Make sure to implement it properly., hasLongFeedbackText=false, reference=null, credits=null, positive=false, type=AUTOMATIC, visibility=null, testCase=null], FeedbackDTO[id=1099, text=testConstructors[Policy], detailText=The exercise expects a class with the name Policy in the package testpackage. You did not implement the class in the exercise., hasLongFeedbackText=false, reference=null, credits=null, positive=false, type=AUTOMATIC, visibility=null, testCase=null], FeedbackDTO[id=1100, text=testAttributes[Context], detailText=The exercise expects a class with the name Context in the package testpackage. You did not implement the class in the exercise., hasLongFeedbackText=false, reference=null, credits=null, positive=false, type=AUTOMATIC, visibility=null, testCase=null], FeedbackDTO[id=1101, text=testAttributes[Policy], detailText=The exercise expects a class with the name Policy in the package testpackage. You did not implement the class in the exercise., hasLongFeedbackText=false, reference=null, credits=null, positive=false, type=AUTOMATIC, visibility=null, testCase=null]], assessmentType=AUTOMATIC, hasComplaint=null, exampleResult=null, testCaseCount=13, passedTestCaseCount=0, codeIssueCount=0]], BuildJobQueueItem[id=20721739576769890, name=SHORT119ADC0203685047B60A48204B1EA14EB29EIMPORTED-SOLUTION, buildAgent=BuildAgentDTO[name=artemis-build-agent-test, memberAddress=[127.0.0.1]:5703, displayName=artemis-build-agent-test], participationId=2072, courseId=1007, exerciseId=2625, retryCount=0, priority=2, status=SUCCESSFUL, repositoryInfo=RepositoryInfo[repositoryName=short119adc0203685047b60a48204b1ea14eb29eimported-solution, repositoryType=solution, triggeredByPushTo=solution, assignmentRepositoryUri=http://localhost:49152/git/SHORT119ADC0203685047B60A48204B1EA14EB29EIMPORTED/short119adc0203685047b60a48204b1ea14eb29eimported-solution.git, testRepositoryUri=http://localhost:49152/git/SHORT119ADC0203685047B60A48204B1EA14EB29EIMPORTED/short119adc0203685047b60a48204b1ea14eb29eimported-tests.git, solutionRepositoryUri=null, auxiliaryRepositoryUris=[Ljava.lang.String;@3f333386, auxiliaryRepositoryCheckoutDirectories=[Ljava.lang.String;@4053618b], jobTimingInfo=JobTimingInfo[submissionDate=2025-02-14T23:46:09.890822804Z[Etc/UTC], buildStartDate=2025-02-14T23:46:11.208247329Z[Etc/UTC], buildCompletionDate=2025-02-14T23:46:12.589293923Z[Etc/UTC], estimatedCompletionDate=2025-02-14T23:46:30.208240637Z[Etc/UTC], estimatedDuration=19], buildConfig=BuildConfig[buildScript=#!/bin/bash
cd /var/tmp/testing-dir
chmod +x ./gradlew
./gradlew clean test
, dockerImage=dummy-docker-image, commitHashToBuild=null, assignmentCommitHash=fdf5d18917d97180fa8cd8dbe85fef02e40bdd6d, testCommitHash=fdf5d18917d97180fa8cd8dbe85fef02e40bdd6d, branch=main, programmingLanguage=JAVA, projectType=PLAIN_GRADLE, scaEnabled=false, sequentialTestRunsEnabled=false, resultPaths=[/var/tmp/testing-dir/**/test-results/test/*.xml], timeoutSeconds=0, assignmentCheckoutPath=null, testCheckoutPath=null, solutionCheckoutPath=null, dockerRunConfig=null], submissionResult=null]], publicSshKey=ssh-rsa AAAAB3NzaC1yc2EAAAADAQABAAACAQCOPdMsxRE2jFJ/UEa5/LsBxtwzJcrh3/rYBCQvcMeVpiRfhzQPWu7mrt/G2Ew+i+vRloGH9aqKg6dd1liRncao53Zmd/ePxoatXePNhmzTfkCkcSkTUz7B+QMjkoDDV5jwuFPD6mF3JkhuzSi64n9Zy905t4w2IhVcjM2mL3eYNjiCXt6Qpq3Pkt7dM/Ksw1nxnvuiIALuJLB3FTkXkHqq3PJav+9HSq2r6ZaWgekneaGxlQlb+U+Vy3XOuArKAzK8c8i+0bR+AHiTG6ncYXt7ax3U+TdlDTF7OLP3umwaYjs1NBXOHwG42pevvpKn2fqavZZozk+M05jXLx3bq0O7itxfErWc7etky8qYPyyIMF/txQIVLd78+Ze4d7Y60t5MGbXM5cGE6fFif5fEJwgswXD+BrG0cafz1CTatjSKFdvp8Vp4VszXhHDan1PrP6JEFJ5Cc5GDmLRZPCFa3vL9f5qXgf4bkqKN8MYeEujwJE5nMRWoiJVNakix2bcrrneQMBlnYeYZVWXXXUusAQBzl4NgddC1umZpihZkL1b1MffZAUW3EGEXi7KHnllQhkTLLsQ8ntMgbylqaJKStqaXlLvdeRJcEnUuiFCrHEVVbXRFZR7XVDZ02CE5o3MuaRPty8Kh+jRTF3COlAckHwYEJCNNJvXFgb2CNXL4mjzYDw== test@localhost]
    23:46:12.746 | 566 localvc.event-13 | DEBUG | a.p.s.l.SharedQueueManagementService : Build agent updated: null
    23:46:12.756 | 588 artemis-task-1   | DEBUG | d.t.c.a.a.c.c.w.GzipMessageConverter : Compressed message payload from 136237 to 12680 (saved 90.7% payload size)
    23:46:12.756 | 566 localvc.event-13 | DEBUG | p.s.l.LocalCIResultProcessingService : Result of build job with id 20721739576769890 added to queue
    23:46:12.756 | 566 localvc.event-13 | INFO  | p.s.l.LocalCIResultProcessingService : Processing build job result with id 20721739576769890
    23:46:12.756 | 566 localvc.event-13 | DEBUG | p.s.l.LocalCIResultProcessingService : Build jobs waiting in queue: 0
    23:46:12.756 | 566 localvc.event-13 | DEBUG | p.s.l.LocalCIResultProcessingService : Queued build jobs: []
    23:46:12.765 | 566 localvc.event-13 | DEBUG | .s.ProgrammingExerciseGradingService : Received new build result (NEW) for participation 2072
    23:46:12.779 | 566 localvc.event-13 | WARN  | .s.ProgrammingExerciseGradingService : Could not find pending ProgrammingSubmission for Commit Hash fdf5d18917d97180fa8cd8dbe85fef02e40bdd6d (Participation 2072, Build Plan SHORT119ADC0203685047B60A48204B1EA14EB29EIMPORTED-SOLUTION). Will create a new one subsequently...
    23:46:12.850 | 566 localvc.event-13 | DEBUG | .a.a.p.s.ProgrammingMessagingService : Send result to client over websocket. Result: Result{id646, completionDate=2025-02-14T23:46:12.549974956Z[Etc/UTC], successful=true, score=100.0, rated=true, assessmentType=AUTOMATIC, hasComplaint=null, testCaseCount=13, passedTestCaseCount=13, codeIssueCount=0}, Submission: ProgrammingSubmission{commitHash='fdf5d18917d97180fa8cd8dbe85fef02e40bdd6d', buildFailed=false, buildArtifact=false, type=MANUAL}, Participation: SolutionProgrammingExerciseParticipation{id=2072, repositoryUri='http://localhost:49152/git/SHORT119ADC0203685047B60A48204B1EA14EB29EIMPORTED/short119adc0203685047b60a48204b1ea14eb29eimported-solution.git', buildPlanId='SHORT119ADC0203685047B60A48204B1EA14EB29EIMPORTED-SOLUTION}
    23:46:12.860 | 566 localvc.event-13 | DEBUG | d.t.c.a.a.p.s.BuildLogEntryService   : Saved build logs for build job 20721739576769890 to file /tmp/build-logs/short119adc0203685047b60a48204b1ea14eb29e/imported/20721739576769890.log
    23:46:12.860 | 566 localvc.event-13 | DEBUG | a.p.s.l.LocalCIQueueWebsocketService : CIBuildJobQueueItem removed from processing jobs: BuildJobQueueItem[id=20721739576769890, name=SHORT119ADC0203685047B60A48204B1EA14EB29EIMPORTED-SOLUTION, buildAgent=BuildAgentDTO[name=artemis-build-agent-test, memberAddress=[127.0.0.1]:5703, displayName=artemis-build-agent-test], participationId=2072, courseId=1007, exerciseId=2625, retryCount=0, priority=2, status=null, repositoryInfo=RepositoryInfo[repositoryName=short119adc0203685047b60a48204b1ea14eb29eimported-solution, repositoryType=solution, triggeredByPushTo=solution, assignmentRepositoryUri=http://localhost:49152/git/SHORT119ADC0203685047B60A48204B1EA14EB29EIMPORTED/short119adc0203685047b60a48204b1ea14eb29eimported-solution.git, testRepositoryUri=http://localhost:49152/git/SHORT119ADC0203685047B60A48204B1EA14EB29EIMPORTED/short119adc0203685047b60a48204b1ea14eb29eimported-tests.git, solutionRepositoryUri=null, auxiliaryRepositoryUris=[Ljava.lang.String;@100e8ae1, auxiliaryRepositoryCheckoutDirectories=[Ljava.lang.String;@51af8d8b], jobTimingInfo=JobTimingInfo[submissionDate=2025-02-14T23:46:09.890822804Z[Etc/UTC], buildStartDate=2025-02-14T23:46:11.208247329Z[Etc/UTC], buildCompletionDate=null, estimatedCompletionDate=2025-02-14T23:46:30.208240637Z[Etc/UTC], estimatedDuration=19], buildConfig=BuildConfig[buildScript=#!/bin/bash
cd /var/tmp/testing-dir
chmod +x ./gradlew
./gradlew clean test
, dockerImage=dummy-docker-image, commitHashToBuild=null, assignmentCommitHash=fdf5d18917d97180fa8cd8dbe85fef02e40bdd6d, testCommitHash=fdf5d18917d97180fa8cd8dbe85fef02e40bdd6d, branch=main, programmingLanguage=JAVA, projectType=PLAIN_GRADLE, scaEnabled=false, sequentialTestRunsEnabled=false, resultPaths=[/var/tmp/testing-dir/**/test-results/test/*.xml], timeoutSeconds=0, assignmentCheckoutPath=null, testCheckoutPath=null, solutionCheckoutPath=null, dockerRunConfig=null], submissionResult=null]
    23:46:12.860 | 566 localvc.event-13 | DEBUG | s.l.LocalCIWebsocketMessagingService : Sending message on topic /topic/admin/running-jobs: []
    23:46:12.860 | 566 localvc.event-13 | DEBUG | s.l.LocalCIWebsocketMessagingService : Sending message on topic /topic/courses/1007/running-jobs: []
    23:46:12.862 | 566 localvc.event-13 | DEBUG | a.p.s.l.LocalCIQueueWebsocketService : Build agent updated: BuildAgentInformation[buildAgent=BuildAgentDTO[name=artemis-build-agent-test, memberAddress=[127.0.0.1]:5703, displayName=artemis-build-agent-test], maxNumberOfConcurrentBuildJobs=1, numberOfCurrentBuildJobs=0, runningBuildJobs=[], status=IDLE, recentBuildJobs=[BuildJobQueueItem[id=19581739576715555, name=SHORTC1A3F9FC03D2304B4308FA20AF16D54AAA49TSTEXC-LOCALVCSSHINTSTUDENT1, buildAgent=BuildAgentDTO[name=artemis-build-agent-test, memberAddress=[127.0.0.1]:5703, displayName=artemis-build-agent-test], participationId=1958, courseId=965, exerciseId=2582, retryCount=0, priority=2, status=FAILED, repositoryInfo=RepositoryInfo[repositoryName=shortc1a3f9fc03d2304b4308fa20af16d54aaa49tstexc-localvcsshintstudent1, repositoryType=user, triggeredByPushTo=user, assignmentRepositoryUri=http://localhost:49152/git/SHORTC1A3F9FC03D2304B4308FA20AF16D54AAA49TSTEXC/shortc1a3f9fc03d2304b4308fa20af16d54aaa49tstexc-localvcsshintstudent1.git, testRepositoryUri=http://localhost:49152/git/SHORTC1A3F9FC03D2304B4308FA20AF16D54AAA49TSTEXC/shortc1a3f9fc03d2304b4308fa20af16d54aaa49tstexc-tests.git, solutionRepositoryUri=null, auxiliaryRepositoryUris=[Ljava.lang.String;@dcff89a, auxiliaryRepositoryCheckoutDirectories=[Ljava.lang.String;@20a1ff7d], jobTimingInfo=JobTimingInfo[submissionDate=2025-02-14T23:45:15.555989584Z[Etc/UTC], buildStartDate=2025-02-14T23:45:15.568477627Z[Etc/UTC], buildCompletionDate=2025-02-14T23:45:15.579021148Z[Etc/UTC], estimatedCompletionDate=2025-02-14T23:45:34.568443924Z[Etc/UTC], estimatedDuration=19], buildConfig=BuildConfig[buildScript=#!/bin/bash
cd /var/tmp/testing-dir
chmod +x ./gradlew
./gradlew clean test
, dockerImage=dummy-docker-image:latest, commitHashToBuild=ca76dac20e040e6609db02fd7fedd56bf58829d7, assignmentCommitHash=ca76dac20e040e6609db02fd7fedd56bf58829d7, testCommitHash=bd0d58c226dc63bfa4bc9052870589952c0a1f83, branch=main, programmingLanguage=JAVA, projectType=PLAIN_GRADLE, scaEnabled=false, sequentialTestRunsEnabled=false, resultPaths=[/var/tmp/testing-dir/**/test-results/test/*.xml], timeoutSeconds=0, assignmentCheckoutPath=null, testCheckoutPath=null, solutionCheckoutPath=null, dockerRunConfig=null], submissionResult=ResultDTO[id=627, completionDate=2025-02-14T23:45:15.579119131Z[Etc/UTC], successful=false, score=0.0, rated=true, submission=SubmissionDTO[id=820, submitted=true, type=MANUAL, exampleSubmission=null, submissionDate=2025-02-14T23:45:15.548349Z, commitHash=ca76dac20e040e6609db02fd7fedd56bf58829d7, buildFailed=true, buildArtifact=false, participation=ParticipationDTO[id=1958, testRun=false, type=programming, submissionCount=null, exercise=ParticipationExerciseDTO[id=2582, exerciseType=PROGRAMMING, type=programming, assessmentType=AUTOMATIC, dueDate=2025-02-16T23:45:15.103512Z, assessmentDueDate=null, maxPoints=42.0, course=CourseDTO[id=965, accuracyOfScores=1]]], submissionExerciseType=programming, isProcessing=false, buildStartDate=null, estimatedCompletionDate=null], participation=ParticipationDTO[id=1958, testRun=false, type=programming, submissionCount=null, exercise=ParticipationExerciseDTO[id=2582, exerciseType=PROGRAMMING, type=programming, assessmentType=AUTOMATIC, dueDate=2025-02-16T23:45:15.103512Z, assessmentDueDate=null, maxPoints=42.0, course=CourseDTO[id=965, accuracyOfScores=1]]], feedbacks=[], assessmentType=AUTOMATIC, hasComplaint=null, exampleResult=null, testCaseCount=0, passedTestCaseCount=0, codeIssueCount=0]], BuildJobQueueItem[id=19801739576719393, name=SHORTB2A6C58B0D447045380A858075B170A5B7C6TSTEXC-LOCALVCSSHINTSTUDENT1, buildAgent=BuildAgentDTO[name=artemis-build-agent-test, memberAddress=[127.0.0.1]:5703, displayName=artemis-build-agent-test], participationId=1980, courseId=974, exerciseId=2591, retryCount=0, priority=2, status=FAILED, repositoryInfo=RepositoryInfo[repositoryName=shortb2a6c58b0d447045380a858075b170a5b7c6tstexc-localvcsshintstudent1, repositoryType=user, triggeredByPushTo=user, assignmentRepositoryUri=http://localhost:49152/git/SHORTB2A6C58B0D447045380A858075B170A5B7C6TSTEXC/shortb2a6c58b0d447045380a858075b170a5b7c6tstexc-localvcsshintstudent1.git, testRepositoryUri=http://localhost:49152/git/SHORTB2A6C58B0D447045380A858075B170A5B7C6TSTEXC/shortb2a6c58b0d447045380a858075b170a5b7c6tstexc-tests.git, solutionRepositoryUri=null, auxiliaryRepositoryUris=[Ljava.lang.String;@69c56186, auxiliaryRepositoryCheckoutDirectories=[Ljava.lang.String;@11b96e7f], jobTimingInfo=JobTimingInfo[submissionDate=2025-02-14T23:45:19.393259829Z[Etc/UTC], buildStartDate=2025-02-14T23:45:19.405438171Z[Etc/UTC], buildCompletionDate=2025-02-14T23:45:19.414070673Z[Etc/UTC], estimatedCompletionDate=2025-02-14T23:45:38.405431569Z[Etc/UTC], estimatedDuration=19], buildConfig=BuildConfig[buildScript=#!/bin/bash
cd /var/tmp/testing-dir
chmod +x ./gradlew
./gradlew clean test
, dockerImage=dummy-docker-image:latest, commitHashToBuild=363cdbf709a9fff149f813ab848ee800a675cc77, assignmentCommitHash=363cdbf709a9fff149f813ab848ee800a675cc77, testCommitHash=a5e046ece417b2e538f21f816e2524dab61e0d10, branch=main, programmingLanguage=JAVA, projectType=PLAIN_GRADLE, scaEnabled=false, sequentialTestRunsEnabled=false, resultPaths=[/var/tmp/testing-dir/**/test-results/test/*.xml], timeoutSeconds=0, assignmentCheckoutPath=null, testCheckoutPath=null, solutionCheckoutPath=null, dockerRunConfig=null], submissionResult=ResultDTO[id=628, completionDate=2025-02-14T23:45:19.414171040Z[Etc/UTC], successful=false, score=0.0, rated=true, submission=SubmissionDTO[id=821, submitted=true, type=MANUAL, exampleSubmission=null, submissionDate=2025-02-14T23:45:19.376840Z, commitHash=363cdbf709a9fff149f813ab848ee800a675cc77, buildFailed=true, buildArtifact=false, participation=ParticipationDTO[id=1980, testRun=false, type=programming, submissionCount=null, exercise=ParticipationExerciseDTO[id=2591, exerciseType=PROGRAMMING, type=programming, assessmentType=AUTOMATIC, dueDate=2025-02-16T23:45:18.950569Z, assessmentDueDate=null, maxPoints=42.0, course=CourseDTO[id=974, accuracyOfScores=1]]], submissionExerciseType=programming, isProcessing=false, buildStartDate=null, estimatedCompletionDate=null], participation=ParticipationDTO[id=1980, testRun=false, type=programming, submissionCount=null, exercise=ParticipationExerciseDTO[id=2591, exerciseType=PROGRAMMING, type=programming, assessmentType=AUTOMATIC, dueDate=2025-02-16T23:45:18.950569Z, assessmentDueDate=null, maxPoints=42.0, course=CourseDTO[id=974, accuracyOfScores=1]]], feedbacks=[], assessmentType=AUTOMATIC, hasComplaint=null, exampleResult=null, testCaseCount=0, passedTestCaseCount=0, codeIssueCount=0]], BuildJobQueueItem[id=19791739576719787, name=SHORTB2A6C58B0D447045380A858075B170A5B7C6TSTEXC-BASE, buildAgent=BuildAgentDTO[name=artemis-build-agent-test, memberAddress=[127.0.0.1]:5703, displayName=artemis-build-agent-test], participationId=1979, courseId=974, exerciseId=2591, retryCount=0, priority=2, status=FAILED, repositoryInfo=RepositoryInfo[repositoryName=shortb2a6c58b0d447045380a858075b170a5b7c6tstexc-exercise, repositoryType=exercise, triggeredByPushTo=exercise, assignmentRepositoryUri=http://localhost:49152/git/SHORTB2A6C58B0D447045380A858075B170A5B7C6TSTEXC/shortb2a6c58b0d447045380a858075b170a5b7c6tstexc-exercise.git, testRepositoryUri=http://localhost:49152/git/SHORTB2A6C58B0D447045380A858075B170A5B7C6TSTEXC/shortb2a6c58b0d447045380a858075b170a5b7c6tstexc-tests.git, solutionRepositoryUri=null, auxiliaryRepositoryUris=[Ljava.lang.String;@63404ffa, auxiliaryRepositoryCheckoutDirectories=[Ljava.lang.String;@4c351ef8], jobTimingInfo=JobTimingInfo[submissionDate=2025-02-14T23:45:19.787985058Z[Etc/UTC], buildStartDate=2025-02-14T23:45:19.796327417Z[Etc/UTC], buildCompletionDate=2025-02-14T23:45:19.799750982Z[Etc/UTC], estimatedCompletionDate=2025-02-14T23:45:38.796319082Z[Etc/UTC], estimatedDuration=19], buildConfig=BuildConfig[buildScript=#!/bin/bash
cd /var/tmp/testing-dir
chmod +x ./gradlew
./gradlew clean test
, dockerImage=dummy-docker-image:latest, commitHashToBuild=363cdbf709a9fff149f813ab848ee800a675cc77, assignmentCommitHash=363cdbf709a9fff149f813ab848ee800a675cc77, testCommitHash=a5e046ece417b2e538f21f816e2524dab61e0d10, branch=main, programmingLanguage=JAVA, projectType=PLAIN_GRADLE, scaEnabled=false, sequentialTestRunsEnabled=false, resultPaths=[/var/tmp/testing-dir/**/test-results/test/*.xml], timeoutSeconds=0, assignmentCheckoutPath=null, testCheckoutPath=null, solutionCheckoutPath=null, dockerRunConfig=null], submissionResult=ResultDTO[id=629, completionDate=2025-02-14T23:45:19.799820341Z[Etc/UTC], successful=false, score=0.0, rated=true, submission=SubmissionDTO[id=822, submitted=true, type=MANUAL, exampleSubmission=null, submissionDate=2025-02-14T23:45:19.775952Z, commitHash=363cdbf709a9fff149f813ab848ee800a675cc77, buildFailed=true, buildArtifact=false, participation=ParticipationDTO[id=1979, testRun=false, type=template, submissionCount=null, exercise=ParticipationExerciseDTO[id=2591, exerciseType=PROGRAMMING, type=programming, assessmentType=AUTOMATIC, dueDate=2025-02-16T23:45:18.950569Z, assessmentDueDate=null, maxPoints=42.0, course=CourseDTO[id=974, accuracyOfScores=1]]], submissionExerciseType=programming, isProcessing=false, buildStartDate=null, estimatedCompletionDate=null], participation=ParticipationDTO[id=1979, testRun=false, type=template, submissionCount=null, exercise=ParticipationExerciseDTO[id=2591, exerciseType=PROGRAMMING, type=programming, assessmentType=AUTOMATIC, dueDate=2025-02-16T23:45:18.950569Z, assessmentDueDate=null, maxPoints=42.0, course=CourseDTO[id=974, accuracyOfScores=1]]], feedbacks=[], assessmentType=AUTOMATIC, hasComplaint=null, exampleResult=null, testCaseCount=0, passedTestCaseCount=0, codeIssueCount=0]], BuildJobQueueItem[id=19781739576720235, name=SHORTB2A6C58B0D447045380A858075B170A5B7C6TSTEXC-SOLUTION, buildAgent=BuildAgentDTO[name=artemis-build-agent-test, memberAddress=[127.0.0.1]:5703, displayName=artemis-build-agent-test], participationId=1978, courseId=974, exerciseId=2591, retryCount=0, priority=2, status=FAILED, repositoryInfo=RepositoryInfo[repositoryName=shortb2a6c58b0d447045380a858075b170a5b7c6tstexc-solution, repositoryType=solution, triggeredByPushTo=solution, assignmentRepositoryUri=http://localhost:49152/git/SHORTB2A6C58B0D447045380A858075B170A5B7C6TSTEXC/shortb2a6c58b0d447045380a858075b170a5b7c6tstexc-solution.git, testRepositoryUri=http://localhost:49152/git/SHORTB2A6C58B0D447045380A858075B170A5B7C6TSTEXC/shortb2a6c58b0d447045380a858075b170a5b7c6tstexc-tests.git, solutionRepositoryUri=null, auxiliaryRepositoryUris=[Ljava.lang.String;@ebe9fa9, auxiliaryRepositoryCheckoutDirectories=[Ljava.lang.String;@54aed297], jobTimingInfo=JobTimingInfo[submissionDate=2025-02-14T23:45:20.235272325Z[Etc/UTC], buildStartDate=2025-02-14T23:45:20.243033812Z[Etc/UTC], buildCompletionDate=2025-02-14T23:45:20.250721018Z[Etc/UTC], estimatedCompletionDate=2025-02-14T23:45:39.243026949Z[Etc/UTC], estimatedDuration=19], buildConfig=BuildConfig[buildScript=#!/bin/bash
cd /var/tmp/testing-dir
chmod +x ./gradlew
./gradlew clean test
, dockerImage=dummy-docker-image:latest, commitHashToBuild=c710d0e68c9c7db8cda7d1a278308de2b9642cc0, assignmentCommitHash=c710d0e68c9c7db8cda7d1a278308de2b9642cc0, testCommitHash=a5e046ece417b2e538f21f816e2524dab61e0d10, branch=main, programmingLanguage=JAVA, projectType=PLAIN_GRADLE, scaEnabled=false, sequentialTestRunsEnabled=false, resultPaths=[/var/tmp/testing-dir/**/test-results/test/*.xml], timeoutSeconds=0, assignmentCheckoutPath=null, testCheckoutPath=null, solutionCheckoutPath=null, dockerRunConfig=null], submissionResult=ResultDTO[id=630, completionDate=2025-02-14T23:45:20.250809893Z[Etc/UTC], successful=false, score=0.0, rated=true, submission=SubmissionDTO[id=823, submitted=true, type=MANUAL, exampleSubmission=null, submissionDate=2025-02-14T23:45:20.211707Z, commitHash=c710d0e68c9c7db8cda7d1a278308de2b9642cc0, buildFailed=true, buildArtifact=false, participation=ParticipationDTO[id=1978, testRun=false, type=solution, submissionCount=null, exercise=ParticipationExerciseDTO[id=2591, exerciseType=PROGRAMMING, type=programming, assessmentType=AUTOMATIC, dueDate=2025-02-16T23:45:18.950569Z, assessmentDueDate=null, maxPoints=42.0, course=CourseDTO[id=974, accuracyOfScores=1]]], submissionExerciseType=programming, isProcessing=false, buildStartDate=null, estimatedCompletionDate=null], participation=ParticipationDTO[id=1978, testRun=false, type=solution, submissionCount=null, exercise=ParticipationExerciseDTO[id=2591, exerciseType=PROGRAMMING, type=programming, assessmentType=AUTOMATIC, dueDate=2025-02-16T23:45:18.950569Z, assessmentDueDate=null, maxPoints=42.0, course=CourseDTO[id=974, accuracyOfScores=1]]], feedbacks=[], assessmentType=AUTOMATIC, hasComplaint=null, exampleResult=null, testCaseCount=0, passedTestCaseCount=0, codeIssueCount=0]], BuildJobQueueItem[id=19781739576720802, name=SHORTB2A6C58B0D447045380A858075B170A5B7C6TSTEXC-SOLUTION, buildAgent=BuildAgentDTO[name=artemis-build-agent-test, memberAddress=[127.0.0.1]:5703, displayName=artemis-build-agent-test], participationId=1978, courseId=974, exerciseId=2591, retryCount=0, priority=2, status=FAILED, repositoryInfo=RepositoryInfo[repositoryName=shortb2a6c58b0d447045380a858075b170a5b7c6tstexc-solution, repositoryType=solution, triggeredByPushTo=tests, assignmentRepositoryUri=http://localhost:49152/git/SHORTB2A6C58B0D447045380A858075B170A5B7C6TSTEXC/shortb2a6c58b0d447045380a858075b170a5b7c6tstexc-solution.git, testRepositoryUri=http://localhost:49152/git/SHORTB2A6C58B0D447045380A858075B170A5B7C6TSTEXC/shortb2a6c58b0d447045380a858075b170a5b7c6tstexc-tests.git, solutionRepositoryUri=null, auxiliaryRepositoryUris=[Ljava.lang.String;@35707867, auxiliaryRepositoryCheckoutDirectories=[Ljava.lang.String;@51d672ef], jobTimingInfo=JobTimingInfo[submissionDate=2025-02-14T23:45:20.802935026Z[Etc/UTC], buildStartDate=2025-02-14T23:45:20.809306435Z[Etc/UTC], buildCompletionDate=2025-02-14T23:45:20.822452342Z[Etc/UTC], estimatedCompletionDate=2025-02-14T23:45:39.809298491Z[Etc/UTC], estimatedDuration=19], buildConfig=BuildConfig[buildScript=#!/bin/bash
cd /var/tmp/testing-dir
chmod +x ./gradlew
./gradlew clean test
, dockerImage=dummy-docker-image:latest, commitHashToBuild=c710d0e68c9c7db8cda7d1a278308de2b9642cc0, assignmentCommitHash=c710d0e68c9c7db8cda7d1a278308de2b9642cc0, testCommitHash=c710d0e68c9c7db8cda7d1a278308de2b9642cc0, branch=main, programmingLanguage=JAVA, projectType=PLAIN_GRADLE, scaEnabled=false, sequentialTestRunsEnabled=false, resultPaths=[/var/tmp/testing-dir/**/test-results/test/*.xml], timeoutSeconds=0, assignmentCheckoutPath=null, testCheckoutPath=null, solutionCheckoutPath=null, dockerRunConfig=null], submissionResult=ResultDTO[id=631, completionDate=2025-02-14T23:45:20.822527362Z[Etc/UTC], successful=false, score=0.0, rated=true, submission=SubmissionDTO[id=824, submitted=true, type=TEST, exampleSubmission=null, submissionDate=2025-02-14T23:45:20.791240Z, commitHash=c710d0e68c9c7db8cda7d1a278308de2b9642cc0, buildFailed=true, buildArtifact=false, participation=ParticipationDTO[id=1978, testRun=false, type=solution, submissionCount=null, exercise=ParticipationExerciseDTO[id=2591, exerciseType=PROGRAMMING, type=programming, assessmentType=AUTOMATIC, dueDate=2025-02-16T23:45:18.950569Z, assessmentDueDate=null, maxPoints=42.0, course=CourseDTO[id=974, accuracyOfScores=1]]], submissionExerciseType=programming, isProcessing=false, buildStartDate=null, estimatedCompletionDate=null], participation=ParticipationDTO[id=1978, testRun=false, type=solution, submissionCount=null, exercise=ParticipationExerciseDTO[id=2591, exerciseType=PROGRAMMING, type=programming, assessmentType=AUTOMATIC, dueDate=2025-02-16T23:45:18.950569Z, assessmentDueDate=null, maxPoints=42.0, course=CourseDTO[id=974, accuracyOfScores=1]]], feedbacks=[], assessmentType=AUTOMATIC, hasComplaint=null, exampleResult=null, testCaseCount=0, passedTestCaseCount=0, codeIssueCount=0]], BuildJobQueueItem[id=20061739576732554, name=SHORT94A899E303D7504C5D0840704DAAFA3DFF4DTSTEXC-LOCALVCCIINTINSTRUCTOR1, buildAgent=BuildAgentDTO[name=artemis-build-agent-test, memberAddress=[127.0.0.1]:5703, displayName=artemis-build-agent-test], participationId=2006, courseId=984, exerciseId=2601, retryCount=0, priority=2, status=SUCCESSFUL, repositoryInfo=RepositoryInfo[repositoryName=short94a899e303d7504c5d0840704daafa3dff4dtstexc-localvcciintinstructor1, repositoryType=user, triggeredByPushTo=user, assignmentRepositoryUri=http://localhost:49152/git/SHORT94A899E303D7504C5D0840704DAAFA3DFF4DTSTEXC/short94a899e303d7504c5d0840704daafa3dff4dtstexc-localvcciintinstructor1.git, testRepositoryUri=http://localhost:49152/git/SHORT94A899E303D7504C5D0840704DAAFA3DFF4DTSTEXC/short94a899e303d7504c5d0840704daafa3dff4dtstexc-tests.git, solutionRepositoryUri=null, auxiliaryRepositoryUris=[Ljava.lang.String;@2beffcab, auxiliaryRepositoryCheckoutDirectories=[Ljava.lang.String;@9f7b92b], jobTimingInfo=JobTimingInfo[submissionDate=2025-02-14T23:45:32.554795798Z[Etc/UTC], buildStartDate=2025-02-14T23:45:32.567287465Z[Etc/UTC], buildCompletionDate=2025-02-14T23:45:34.535226768Z[Etc/UTC], estimatedCompletionDate=2025-02-14T23:45:51.567257960Z[Etc/UTC], estimatedDuration=19], buildConfig=BuildConfig[buildScript=#!/bin/bash
cd /var/tmp/testing-dir
chmod +x ./gradlew
./gradlew clean test
, dockerImage=dummy-docker-image:latest, commitHashToBuild=ca2dbc0ae87edf7035058a6a17c0ea60e90a290f, assignmentCommitHash=ca2dbc0ae87edf7035058a6a17c0ea60e90a290f, testCommitHash=0207f6f98af5fbb66ad68455f3fc3cf128af8ae9, branch=main, programmingLanguage=JAVA, projectType=PLAIN_GRADLE, scaEnabled=false, sequentialTestRunsEnabled=false, resultPaths=[/var/tmp/testing-dir/**/test-results/test/*.xml], timeoutSeconds=0, assignmentCheckoutPath=null, testCheckoutPath=null, solutionCheckoutPath=null, dockerRunConfig=null], submissionResult=ResultDTO[id=632, completionDate=2025-02-14T23:45:34.504415716Z[Etc/UTC], successful=false, score=7.7, rated=false, submission=SubmissionDTO[id=826, submitted=true, type=MANUAL, exampleSubmission=null, submissionDate=2025-02-14T23:45:32.541533Z, commitHash=ca2dbc0ae87edf7035058a6a17c0ea60e90a290f, buildFailed=false, buildArtifact=false, participation=ParticipationDTO[id=2006, testRun=true, type=programming, submissionCount=null, exercise=ParticipationExerciseDTO[id=2601, exerciseType=PROGRAMMING, type=programming, assessmentType=AUTOMATIC, dueDate=2025-02-16T23:45:31.864042Z, assessmentDueDate=null, maxPoints=42.0, course=CourseDTO[id=984, accuracyOfScores=1]]], submissionExerciseType=programming, isProcessing=false, buildStartDate=null, estimatedCompletionDate=null], participation=ParticipationDTO[id=2006, testRun=true, type=programming, submissionCount=null, exercise=ParticipationExerciseDTO[id=2601, exerciseType=PROGRAMMING, type=programming, assessmentType=AUTOMATIC, dueDate=2025-02-16T23:45:31.864042Z, assessmentDueDate=null, maxPoints=42.0, course=CourseDTO[id=984, accuracyOfScores=1]]], feedbacks=[FeedbackDTO[id=920, text=null, detailText=The exercise expects a class with the name Context in the package testpackage. You did not implement the class in the exercise., hasLongFeedbackText=false, reference=null, credits=0.0, positive=false, type=AUTOMATIC, visibility=ALWAYS, testCase=TestCaseDTO[testName=null, id=1357]], FeedbackDTO[id=921, text=null, detailText=The exercise expects a class with the name Policy in the package testpackage. You did not implement the class in the exercise., hasLongFeedbackText=false, reference=null, credits=0.0, positive=false, type=AUTOMATIC, visibility=ALWAYS, testCase=TestCaseDTO[testName=null, id=1358]], FeedbackDTO[id=922, text=null, detailText=The exercise expects a class with the name SortStrategy in the package testpackage. You did not implement the class in the exercise., hasLongFeedbackText=false, reference=null, credits=0.0, positive=false, type=AUTOMATIC, visibility=ALWAYS, testCase=TestCaseDTO[testName=null, id=1359]], FeedbackDTO[id=923, text=null, detailText=The class 'MergeSort' does not implement the interface 'SortStrategy' as expected. Implement the interface and its methods., hasLongFeedbackText=false, reference=null, credits=0.0, positive=false, type=AUTOMATIC, visibility=ALWAYS, testCase=TestCaseDTO[testName=null, id=1354]], FeedbackDTO[id=924, text=null, detailText=The exercise expects a class with the name SortStrategy in the package testpackage. You did not implement the class in the exercise., hasLongFeedbackText=false, reference=null, credits=0.0, positive=false, type=AUTOMATIC, visibility=ALWAYS, testCase=TestCaseDTO[testName=null, id=1351]], FeedbackDTO[id=925, text=null, detailText=The class 'BubbleSort' does not implement the interface 'SortStrategy' as expected. Implement the interface and its methods., hasLongFeedbackText=false, reference=null, credits=0.0, positive=false, type=AUTOMATIC, visibility=ALWAYS, testCase=TestCaseDTO[testName=null, id=1355]], FeedbackDTO[id=926, text=null, detailText=MergeSort does not sort correctly, hasLongFeedbackText=false, reference=null, credits=0.0, positive=false, type=AUTOMATIC, visibility=ALWAYS, testCase=TestCaseDTO[testName=null, id=1360]], FeedbackDTO[id=927, text=null, detailText=The class 'Context' was not found within the submission. Make sure to implement it properly., hasLongFeedbackText=false, reference=null, credits=0.0, positive=false, type=AUTOMATIC, visibility=ALWAYS, testCase=TestCaseDTO[testName=null, id=1361]], FeedbackDTO[id=928, text=null, detailText=The class 'Context' was not found within the submission. Make sure to implement it properly., hasLongFeedbackText=false, reference=null, credits=0.0, positive=false, type=AUTOMATIC, visibility=ALWAYS, testCase=TestCaseDTO[testName=null, id=1362]], FeedbackDTO[id=929, text=null, detailText=The exercise expects a class with the name Policy in the package testpackage. You did not implement the class in the exercise., hasLongFeedbackText=false, reference=null, credits=0.0, positive=false, type=AUTOMATIC, visibility=ALWAYS, testCase=TestCaseDTO[testName=null, id=1356]], FeedbackDTO[id=930, text=null, detailText=The exercise expects a class with the name Context in the package testpackage. You did not implement the class in the exercise., hasLongFeedbackText=false, reference=null, credits=0.0, positive=false, type=AUTOMATIC, visibility=ALWAYS, testCase=TestCaseDTO[testName=null, id=1352]], FeedbackDTO[id=931, text=null, detailText=The exercise expects a class with the name Policy in the package testpackage. You did not implement the class in the exercise., hasLongFeedbackText=false, reference=null, credits=0.0, positive=false, type=AUTOMATIC, visibility=ALWAYS, testCase=TestCaseDTO[testName=null, id=1353]], FeedbackDTO[id=932, text=null, detailText=null, hasLongFeedbackText=false, reference=null, credits=3.230769230769231, positive=true, type=AUTOMATIC, visibility=ALWAYS, testCase=TestCaseDTO[testName=null, id=1363]]], assessmentType=AUTOMATIC, hasComplaint=null, exampleResult=null, testCaseCount=13, passedTestCaseCount=1, codeIssueCount=0]], BuildJobQueueItem[id=20111739576737317, name=SHORTD49A6DAE04F9E049850BD5601663FD17A5B7TSTEXC-BASE, buildAgent=BuildAgentDTO[name=artemis-build-agent-test, memberAddress=[127.0.0.1]:5703, displayName=artemis-build-agent-test], participationId=2011, courseId=986, exerciseId=2603, retryCount=0, priority=2, status=SUCCESSFUL, repositoryInfo=RepositoryInfo[repositoryName=shortd49a6dae04f9e049850bd5601663fd17a5b7tstexc-exercise, repositoryType=exercise, triggeredByPushTo=exercise, assignmentRepositoryUri=http://localhost:49152/git/SHORTD49A6DAE04F9E049850BD5601663FD17A5B7TSTEXC/shortd49a6dae04f9e049850bd5601663fd17a5b7tstexc-exercise.git, testRepositoryUri=http://localhost:49152/git/SHORTD49A6DAE04F9E049850BD5601663FD17A5B7TSTEXC/shortd49a6dae04f9e049850bd5601663fd17a5b7tstexc-tests.git, solutionRepositoryUri=null, auxiliaryRepositoryUris=[Ljava.lang.String;@3f725b32, auxiliaryRepositoryCheckoutDirectories=[Ljava.lang.String;@5d510739], jobTimingInfo=JobTimingInfo[submissionDate=2025-02-14T23:45:37.317968648Z[Etc/UTC], buildStartDate=2025-02-14T23:45:37.324534774Z[Etc/UTC], buildCompletionDate=2025-02-14T23:45:38.527225461Z[Etc/UTC], estimatedCompletionDate=2025-02-14T23:45:56.324506331Z[Etc/UTC], estimatedDuration=19], buildConfig=BuildConfig[buildScript=#!/bin/bash
cd /var/tmp/testing-dir
chmod +x ./gradlew
./gradlew clean test
, dockerImage=dummy-docker-image:latest, commitHashToBuild=c795243c185829bbefa399f45dcbcfac22311b2f, assignmentCommitHash=c795243c185829bbefa399f45dcbcfac22311b2f, testCommitHash=fa8b162170bf767d852e05e0eb7a128efa2e1f34, branch=main, programmingLanguage=JAVA, projectType=PLAIN_GRADLE, scaEnabled=false, sequentialTestRunsEnabled=false, resultPaths=[/var/tmp/testing-dir/**/test-results/test/*.xml], timeoutSeconds=0, assignmentCheckoutPath=null, testCheckoutPath=null, solutionCheckoutPath=null, dockerRunConfig=null], submissionResult=ResultDTO[id=633, completionDate=2025-02-14T23:45:38.476795726Z[Etc/UTC], successful=false, score=0.0, rated=true, submission=SubmissionDTO[id=827, submitted=true, type=MANUAL, exampleSubmission=null, submissionDate=2025-02-14T23:45:37.303401Z, commitHash=c795243c185829bbefa399f45dcbcfac22311b2f, buildFailed=false, buildArtifact=false, participation=ParticipationDTO[id=2011, testRun=false, type=template, submissionCount=null, exercise=ParticipationExerciseDTO[id=2603, exerciseType=PROGRAMMING, type=programming, assessmentType=AUTOMATIC, dueDate=2025-02-16T23:45:36.830269Z, assessmentDueDate=null, maxPoints=42.0, course=CourseDTO[id=986, accuracyOfScores=1]]], submissionExerciseType=programming, isProcessing=false, buildStartDate=null, estimatedCompletionDate=null], participation=ParticipationDTO[id=2011, testRun=false, type=template, submissionCount=null, exercise=ParticipationExerciseDTO[id=2603, exerciseType=PROGRAMMING, type=programming, assessmentType=AUTOMATIC, dueDate=2025-02-16T23:45:36.830269Z, assessmentDueDate=null, maxPoints=42.0, course=CourseDTO[id=986, accuracyOfScores=1]]], feedbacks=[FeedbackDTO[id=933, text=null, detailText=The exercise expects a class with the name Context in the package testpackage. You did not implement the class in the exercise., hasLongFeedbackText=false, reference=null, credits=0.0, positive=false, type=AUTOMATIC, visibility=ALWAYS, testCase=TestCaseDTO[testName=testMethods[Context], id=1383]], FeedbackDTO[id=934, text=null, detailText=The exercise expects a class with the name Policy in the package testpackage. You did not implement the class in the exercise., hasLongFeedbackText=false, reference=null, credits=0.0, positive=false, type=AUTOMATIC, visibility=ALWAYS, testCase=TestCaseDTO[testName=testMethods[Policy], id=1384]], FeedbackDTO[id=935, text=null, detailText=The exercise expects a class with the name SortStrategy in the package testpackage. You did not implement the class in the exercise., hasLongFeedbackText=false, reference=null, credits=0.0, positive=false, type=AUTOMATIC, visibility=ALWAYS, testCase=TestCaseDTO[testName=testMethods[SortStrategy], id=1385]], FeedbackDTO[id=936, text=null, detailText=The class 'MergeSort' does not implement the interface 'SortStrategy' as expected. Implement the interface and its methods., hasLongFeedbackText=false, reference=null, credits=0.0, positive=false, type=AUTOMATIC, visibility=ALWAYS, testCase=TestCaseDTO[testName=testClass[MergeSort], id=1380]], FeedbackDTO[id=937, text=null, detailText=The exercise expects a class with the name SortStrategy in the package testpackage. You did not implement the class in the exercise., hasLongFeedbackText=false, reference=null, credits=0.0, positive=false, type=AUTOMATIC, visibility=ALWAYS, testCase=TestCaseDTO[testName=testClass[SortStrategy], id=1377]], FeedbackDTO[id=938, text=null, detailText=The class 'BubbleSort' does not implement the interface 'SortStrategy' as expected. Implement the interface and its methods., hasLongFeedbackText=false, reference=null, credits=0.0, positive=false, type=AUTOMATIC, visibility=ALWAYS, testCase=TestCaseDTO[testName=testClass[BubbleSort], id=1381]], FeedbackDTO[id=939, text=null, detailText=MergeSort does not sort correctly, hasLongFeedbackText=false, reference=null, credits=0.0, positive=false, type=AUTOMATIC, visibility=ALWAYS, testCase=TestCaseDTO[testName=testMergeSort(), id=1386]], FeedbackDTO[id=940, text=null, detailText=The class 'Context' was not found within the submission. Make sure to implement it properly., hasLongFeedbackText=false, reference=null, credits=0.0, positive=false, type=AUTOMATIC, visibility=ALWAYS, testCase=TestCaseDTO[testName=testUseBubbleSortForSmallList(), id=1387]], FeedbackDTO[id=941, text=null, detailText=BubbleSort does not sort correctly, hasLongFeedbackText=false, reference=null, credits=0.0, positive=false, type=AUTOMATIC, visibility=ALWAYS, testCase=TestCaseDTO[testName=testBubbleSort(), id=1389]], FeedbackDTO[id=942, text=null, detailText=The class 'Context' was not found within the submission. Make sure to implement it properly., hasLongFeedbackText=false, reference=null, credits=0.0, positive=false, type=AUTOMATIC, visibility=ALWAYS, testCase=TestCaseDTO[testName=testUseMergeSortForBigList(), id=1388]], FeedbackDTO[id=943, text=null, detailText=The exercise expects a class with the name Policy in the package testpackage. You did not implement the class in the exercise., hasLongFeedbackText=false, reference=null, credits=0.0, positive=false, type=AUTOMATIC, visibility=ALWAYS, testCase=TestCaseDTO[testName=testConstructors[Policy], id=1382]], FeedbackDTO[id=944, text=null, detailText=The exercise expects a class with the name Context in the package testpackage. You did not implement the class in the exercise., hasLongFeedbackText=false, reference=null, credits=0.0, positive=false, type=AUTOMATIC, visibility=ALWAYS, testCase=TestCaseDTO[testName=testAttributes[Context], id=1378]], FeedbackDTO[id=945, text=null, detailText=The exercise expects a class with the name Policy in the package testpackage. You did not implement the class in the exercise., hasLongFeedbackText=false, reference=null, credits=0.0, positive=false, type=AUTOMATIC, visibility=ALWAYS, testCase=TestCaseDTO[testName=testAttributes[Policy], id=1379]]], assessmentType=AUTOMATIC, hasComplaint=null, exampleResult=null, testCaseCount=13, passedTestCaseCount=0, codeIssueCount=0]], BuildJobQueueItem[id=20171739576740018, name=SHORT7914AFA00ADC3047140B99D01AC07810CE44TSTEXC-LOCALVCCIINTSTUDENT1, buildAgent=BuildAgentDTO[name=artemis-build-agent-test, memberAddress=[127.0.0.1]:5703, displayName=artemis-build-agent-test], participationId=2017, courseId=988, exerciseId=2605, retryCount=0, priority=2, status=SUCCESSFUL, repositoryInfo=RepositoryInfo[repositoryName=short7914afa00adc3047140b99d01ac07810ce44tstexc-practice-localvcciintstudent1, repositoryType=user, triggeredByPushTo=user, assignmentRepositoryUri=http://localhost:49152/git/SHORT7914AFA00ADC3047140B99D01AC07810CE44TSTEXC/short7914afa00adc3047140b99d01ac07810ce44tstexc-practice-localvcciintstudent1.git, testRepositoryUri=http://localhost:49152/git/SHORT7914AFA00ADC3047140B99D01AC07810CE44TSTEXC/short7914afa00adc3047140b99d01ac07810ce44tstexc-tests.git, solutionRepositoryUri=null, auxiliaryRepositoryUris=[Ljava.lang.String;@98fb29c, auxiliaryRepositoryCheckoutDirectories=[Ljava.lang.String;@3d856c67], jobTimingInfo=JobTimingInfo[submissionDate=2025-02-14T23:45:40.018961253Z[Etc/UTC], buildStartDate=2025-02-14T23:45:40.029742701Z[Etc/UTC], buildCompletionDate=2025-02-14T23:45:41.150208242Z[Etc/UTC], estimatedCompletionDate=2025-02-14T23:45:59.029734065Z[Etc/UTC], estimatedDuration=19], buildConfig=BuildConfig[buildScript=#!/bin/bash
cd /var/tmp/testing-dir
chmod +x ./gradlew
./gradlew clean test
, dockerImage=dummy-docker-image:latest, commitHashToBuild=d80b57877989b971e83ccdb4863c8a7023c76266, assignmentCommitHash=d80b57877989b971e83ccdb4863c8a7023c76266, testCommitHash=327b116890c92b1312314341f43f21ef13ecf7d7, branch=main, programmingLanguage=JAVA, projectType=PLAIN_GRADLE, scaEnabled=false, sequentialTestRunsEnabled=false, resultPaths=[/var/tmp/testing-dir/**/test-results/test/*.xml], timeoutSeconds=0, assignmentCheckoutPath=null, testCheckoutPath=null, solutionCheckoutPath=null, dockerRunConfig=null], submissionResult=ResultDTO[id=634, completionDate=2025-02-14T23:45:41.120192603Z[Etc/UTC], successful=false, score=7.7, rated=false, submission=SubmissionDTO[id=828, submitted=true, type=MANUAL, exampleSubmission=null, submissionDate=2025-02-14T23:45:40.008666Z, commitHash=d80b57877989b971e83ccdb4863c8a7023c76266, buildFailed=false, buildArtifact=false, participation=ParticipationDTO[id=2017, testRun=true, type=programming, submissionCount=null, exercise=ParticipationExerciseDTO[id=2605, exerciseType=PROGRAMMING, type=programming, assessmentType=AUTOMATIC, dueDate=2025-02-16T23:45:39.523500Z, assessmentDueDate=null, maxPoints=42.0, course=CourseDTO[id=988, accuracyOfScores=1]]], submissionExerciseType=programming, isProcessing=false, buildStartDate=null, estimatedCompletionDate=null], participation=ParticipationDTO[id=2017, testRun=true, type=programming, submissionCount=null, exercise=ParticipationExerciseDTO[id=2605, exerciseType=PROGRAMMING, type=programming, assessmentType=AUTOMATIC, dueDate=2025-02-16T23:45:39.523500Z, assessmentDueDate=null, maxPoints=42.0, course=CourseDTO[id=988, accuracyOfScores=1]]], feedbacks=[FeedbackDTO[id=946, text=null, detailText=The exercise expects a class with the name Context in the package testpackage. You did not implement the class in the exercise., hasLongFeedbackText=false, reference=null, credits=0.0, positive=false, type=AUTOMATIC, visibility=ALWAYS, testCase=TestCaseDTO[testName=null, id=1409]], FeedbackDTO[id=947, text=null, detailText=The exercise expects a class with the name Policy in the package testpackage. You did not implement the class in the exercise., hasLongFeedbackText=false, reference=null, credits=0.0, positive=false, type=AUTOMATIC, visibility=ALWAYS, testCase=TestCaseDTO[testName=null, id=1410]], FeedbackDTO[id=948, text=null, detailText=The exercise expects a class with the name SortStrategy in the package testpackage. You did not implement the class in the exercise., hasLongFeedbackText=false, reference=null, credits=0.0, positive=false, type=AUTOMATIC, visibility=ALWAYS, testCase=TestCaseDTO[testName=null, id=1411]], FeedbackDTO[id=949, text=null, detailText=The class 'MergeSort' does not implement the interface 'SortStrategy' as expected. Implement the interface and its methods., hasLongFeedbackText=false, reference=null, credits=0.0, positive=false, type=AUTOMATIC, visibility=ALWAYS, testCase=TestCaseDTO[testName=null, id=1406]], FeedbackDTO[id=950, text=null, detailText=The exercise expects a class with the name SortStrategy in the package testpackage. You did not implement the class in the exercise., hasLongFeedbackText=false, reference=null, credits=0.0, positive=false, type=AUTOMATIC, visibility=ALWAYS, testCase=TestCaseDTO[testName=null, id=1403]], FeedbackDTO[id=951, text=null, detailText=The class 'BubbleSort' does not implement the interface 'SortStrategy' as expected. Implement the interface and its methods., hasLongFeedbackText=false, reference=null, credits=0.0, positive=false, type=AUTOMATIC, visibility=ALWAYS, testCase=TestCaseDTO[testName=null, id=1407]], FeedbackDTO[id=952, text=null, detailText=MergeSort does not sort correctly, hasLongFeedbackText=false, reference=null, credits=0.0, positive=false, type=AUTOMATIC, visibility=ALWAYS, testCase=TestCaseDTO[testName=null, id=1412]], FeedbackDTO[id=953, text=null, detailText=The class 'Context' was not found within the submission. Make sure to implement it properly., hasLongFeedbackText=false, reference=null, credits=0.0, positive=false, type=AUTOMATIC, visibility=ALWAYS, testCase=TestCaseDTO[testName=null, id=1413]], FeedbackDTO[id=954, text=null, detailText=The class 'Context' was not found within the submission. Make sure to implement it properly., hasLongFeedbackText=false, reference=null, credits=0.0, positive=false, type=AUTOMATIC, visibility=ALWAYS, testCase=TestCaseDTO[testName=null, id=1414]], FeedbackDTO[id=955, text=null, detailText=The exercise expects a class with the name Policy in the package testpackage. You did not implement the class in the exercise., hasLongFeedbackText=false, reference=null, credits=0.0, positive=false, type=AUTOMATIC, visibility=ALWAYS, testCase=TestCaseDTO[testName=null, id=1408]], FeedbackDTO[id=956, text=null, detailText=The exercise expects a class with the name Context in the package testpackage. You did not implement the class in the exercise., hasLongFeedbackText=false, reference=null, credits=0.0, positive=false, type=AUTOMATIC, visibility=ALWAYS, testCase=TestCaseDTO[testName=null, id=1404]], FeedbackDTO[id=957, text=null, detailText=The exercise expects a class with the name Policy in the package testpackage. You did not implement the class in the exercise., hasLongFeedbackText=false, reference=null, credits=0.0, positive=false, type=AUTOMATIC, visibility=ALWAYS, testCase=TestCaseDTO[testName=null, id=1405]], FeedbackDTO[id=958, text=null, detailText=null, hasLongFeedbackText=false, reference=null, credits=3.230769230769231, positive=true, type=AUTOMATIC, visibility=ALWAYS, testCase=TestCaseDTO[testName=null, id=1415]]], assessmentType=AUTOMATIC, hasComplaint=null, exampleResult=null, testCaseCount=13, passedTestCaseCount=1, codeIssueCount=0]], BuildJobQueueItem[id=20261739576743984, name=SHORT53C73BE505404043100AC2F00C039353CE8FTSTEXC-LOCALVCCIINTSTUDENT1, buildAgent=BuildAgentDTO[name=artemis-build-agent-test, memberAddress=[127.0.0.1]:5703, displayName=artemis-build-agent-test], participationId=2026, courseId=991, exerciseId=2608, retryCount=0, priority=1, status=SUCCESSFUL, repositoryInfo=RepositoryInfo[repositoryName=short53c73be505404043100ac2f00c039353ce8ftstexc-localvcciintstudent1, repositoryType=user, triggeredByPushTo=user, assignmentRepositoryUri=http://localhost:49152/git/SHORT53C73BE505404043100AC2F00C039353CE8FTSTEXC/short53c73be505404043100ac2f00c039353ce8ftstexc-localvcciintstudent1.git, testRepositoryUri=http://localhost:49152/git/SHORT53C73BE505404043100AC2F00C039353CE8FTSTEXC/short53c73be505404043100ac2f00c039353ce8ftstexc-tests.git, solutionRepositoryUri=null, auxiliaryRepositoryUris=[Ljava.lang.String;@10030b2e, auxiliaryRepositoryCheckoutDirectories=[Ljava.lang.String;@453eaed8], jobTimingInfo=JobTimingInfo[submissionDate=2025-02-14T23:45:43.984518859Z[Etc/UTC], buildStartDate=2025-02-14T23:45:43.991385682Z[Etc/UTC], buildCompletionDate=2025-02-14T23:45:44.982059928Z[Etc/UTC], estimatedCompletionDate=2025-02-14T23:46:02.991380122Z[Etc/UTC], estimatedDuration=19], buildConfig=BuildConfig[buildScript=#!/bin/bash
cd /var/tmp/testing-dir
chmod +x ./gradlew
./gradlew clean test
, dockerImage=dummy-docker-image:latest, commitHashToBuild=3e90ae9fef2e44ffb41451a080bdaa6a44ad6848, assignmentCommitHash=3e90ae9fef2e44ffb41451a080bdaa6a44ad6848, testCommitHash=0582754c87aae13e640312855ce7dbe490ecb50c, branch=main, programmingLanguage=JAVA, projectType=PLAIN_GRADLE, scaEnabled=false, sequentialTestRunsEnabled=false, resultPaths=[/var/tmp/testing-dir/**/test-results/test/*.xml], timeoutSeconds=0, assignmentCheckoutPath=null, testCheckoutPath=null, solutionCheckoutPath=null, dockerRunConfig=null], submissionResult=ResultDTO[id=635, completionDate=2025-02-14T23:45:44.961313737Z[Etc/UTC], successful=false, score=7.7, rated=true, submission=SubmissionDTO[id=829, submitted=true, type=MANUAL, exampleSubmission=null, submissionDate=2025-02-14T23:45:43.967766Z, commitHash=3e90ae9fef2e44ffb41451a080bdaa6a44ad6848, buildFailed=false, buildArtifact=false, participation=ParticipationDTO[id=2026, testRun=false, type=programming, submissionCount=null, exercise=ParticipationExerciseDTO[id=2608, exerciseType=PROGRAMMING, type=programming, assessmentType=AUTOMATIC, dueDate=2025-02-16T23:45:43.597978Z, assessmentDueDate=null, maxPoints=42.0, course=CourseDTO[id=991, accuracyOfScores=1]]], submissionExerciseType=programming, isProcessing=false, buildStartDate=null, estimatedCompletionDate=null], participation=ParticipationDTO[id=2026, testRun=false, type=programming, submissionCount=null, exercise=ParticipationExerciseDTO[id=2608, exerciseType=PROGRAMMING, type=programming, assessmentType=AUTOMATIC, dueDate=2025-02-16T23:45:43.597978Z, assessmentDueDate=null, maxPoints=42.0, course=CourseDTO[id=991, accuracyOfScores=1]]], feedbacks=[FeedbackDTO[id=959, text=null, detailText=The exercise expects a class with the name Context in the package testpackage. You did not implement the class in the exercise., hasLongFeedbackText=false, reference=null, credits=0.0, positive=false, type=AUTOMATIC, visibility=ALWAYS, testCase=TestCaseDTO[testName=null, id=1448]], FeedbackDTO[id=960, text=null, detailText=The exercise expects a class with the name Policy in the package testpackage. You did not implement the class in the exercise., hasLongFeedbackText=false, reference=null, credits=0.0, positive=false, type=AUTOMATIC, visibility=ALWAYS, testCase=TestCaseDTO[testName=null, id=1449]], FeedbackDTO[id=961, text=null, detailText=The exercise expects a class with the name SortStrategy in the package testpackage. You did not implement the class in the exercise., hasLongFeedbackText=false, reference=null, credits=0.0, positive=false, type=AUTOMATIC, visibility=ALWAYS, testCase=TestCaseDTO[testName=null, id=1450]], FeedbackDTO[id=962, text=null, detailText=The class 'MergeSort' does not implement the interface 'SortStrategy' as expected. Implement the interface and its methods., hasLongFeedbackText=false, reference=null, credits=0.0, positive=false, type=AUTOMATIC, visibility=ALWAYS, testCase=TestCaseDTO[testName=null, id=1445]], FeedbackDTO[id=963, text=null, detailText=The exercise expects a class with the name SortStrategy in the package testpackage. You did not implement the class in the exercise., hasLongFeedbackText=false, reference=null, credits=0.0, positive=false, type=AUTOMATIC, visibility=ALWAYS, testCase=TestCaseDTO[testName=null, id=1442]], FeedbackDTO[id=964, text=null, detailText=The class 'BubbleSort' does not implement the interface 'SortStrategy' as expected. Implement the interface and its methods., hasLongFeedbackText=false, reference=null, credits=0.0, positive=false, type=AUTOMATIC, visibility=ALWAYS, testCase=TestCaseDTO[testName=null, id=1446]], FeedbackDTO[id=965, text=null, detailText=MergeSort does not sort correctly, hasLongFeedbackText=false, reference=null, credits=0.0, positive=false, type=AUTOMATIC, visibility=ALWAYS, testCase=TestCaseDTO[testName=null, id=1451]], FeedbackDTO[id=966, text=null, detailText=The class 'Context' was not found within the submission. Make sure to implement it properly., hasLongFeedbackText=false, reference=null, credits=0.0, positive=false, type=AUTOMATIC, visibility=ALWAYS, testCase=TestCaseDTO[testName=null, id=1452]], FeedbackDTO[id=967, text=null, detailText=The class 'Context' was not found within the submission. Make sure to implement it properly., hasLongFeedbackText=false, reference=null, credits=0.0, positive=false, type=AUTOMATIC, visibility=ALWAYS, testCase=TestCaseDTO[testName=null, id=1453]], FeedbackDTO[id=968, text=null, detailText=The exercise expects a class with the name Policy in the package testpackage. You did not implement the class in the exercise., hasLongFeedbackText=false, reference=null, credits=0.0, positive=false, type=AUTOMATIC, visibility=ALWAYS, testCase=TestCaseDTO[testName=null, id=1447]], FeedbackDTO[id=969, text=null, detailText=The exercise expects a class with the name Context in the package testpackage. You did not implement the class in the exercise., hasLongFeedbackText=false, reference=null, credits=0.0, positive=false, type=AUTOMATIC, visibility=ALWAYS, testCase=TestCaseDTO[testName=null, id=1443]], FeedbackDTO[id=970, text=null, detailText=The exercise expects a class with the name Policy in the package testpackage. You did not implement the class in the exercise., hasLongFeedbackText=false, reference=null, credits=0.0, positive=false, type=AUTOMATIC, visibility=ALWAYS, testCase=TestCaseDTO[testName=null, id=1444]], FeedbackDTO[id=971, text=null, detailText=null, hasLongFeedbackText=false, reference=null, credits=3.230769230769231, positive=true, type=AUTOMATIC, visibility=ALWAYS, testCase=TestCaseDTO[testName=null, id=1454]]], assessmentType=AUTOMATIC, hasComplaint=null, exampleResult=null, testCaseCount=13, passedTestCaseCount=1, codeIssueCount=0]], BuildJobQueueItem[id=20271739576746886, name=SHORT0FC863930E92904248098A506171F81CF6CFTSTEXC-SOLUTION, buildAgent=BuildAgentDTO[name=artemis-build-agent-test, memberAddress=[127.0.0.1]:5703, displayName=artemis-build-agent-test], participationId=2027, courseId=992, exerciseId=2609, retryCount=0, priority=2, status=SUCCESSFUL, repositoryInfo=RepositoryInfo[repositoryName=short0fc863930e92904248098a506171f81cf6cftstexc-solution, repositoryType=solution, triggeredByPushTo=auxiliary, assignmentRepositoryUri=http://localhost:49152/git/SHORT0FC863930E92904248098A506171F81CF6CFTSTEXC/short0fc863930e92904248098a506171f81cf6cftstexc-solution.git, testRepositoryUri=http://localhost:49152/git/SHORT0FC863930E92904248098A506171F81CF6CFTSTEXC/short0fc863930e92904248098a506171f81cf6cftstexc-tests.git, solutionRepositoryUri=null, auxiliaryRepositoryUris=[Ljava.lang.String;@3151efb1, auxiliaryRepositoryCheckoutDirectories=[Ljava.lang.String;@27a15ba8], jobTimingInfo=JobTimingInfo[submissionDate=2025-02-14T23:45:46.886984066Z[Etc/UTC], buildStartDate=2025-02-14T23:45:46.897709578Z[Etc/UTC], buildCompletionDate=2025-02-14T23:45:48.628460156Z[Etc/UTC], estimatedCompletionDate=2025-02-14T23:46:05.897701272Z[Etc/UTC], estimatedDuration=19], buildConfig=BuildConfig[buildScript=#!/bin/bash
cd /var/tmp/testing-dir
chmod +x ./gradlew
./gradlew clean test
, dockerImage=dummy-docker-image:latest, commitHashToBuild=null, assignmentCommitHash=115a2e943bee242fdad360b50d8ad5f30792577e, testCommitHash=9b3a9bd71a0d80e5bbc42204c319ed3d1d4f0d6d, branch=main, programmingLanguage=JAVA, projectType=PLAIN_GRADLE, scaEnabled=false, sequentialTestRunsEnabled=false, resultPaths=[/var/tmp/testing-dir/**/test-results/test/*.xml], timeoutSeconds=0, assignmentCheckoutPath=null, testCheckoutPath=null, solutionCheckoutPath=null, dockerRunConfig=null], submissionResult=ResultDTO[id=636, completionDate=2025-02-14T23:45:48.593370968Z[Etc/UTC], successful=true, score=100.0, rated=true, submission=SubmissionDTO[id=830, submitted=true, type=TEST, exampleSubmission=null, submissionDate=2025-02-14T23:45:46.873671Z, commitHash=9b3a9bd71a0d80e5bbc42204c319ed3d1d4f0d6d, buildFailed=false, buildArtifact=false, participation=ParticipationDTO[id=2027, testRun=false, type=solution, submissionCount=null, exercise=ParticipationExerciseDTO[id=2609, exerciseType=PROGRAMMING, type=programming, assessmentType=AUTOMATIC, dueDate=2025-02-16T23:45:46.386304Z, assessmentDueDate=null, maxPoints=42.0, course=CourseDTO[id=992, accuracyOfScores=1]]], submissionExerciseType=programming, isProcessing=false, buildStartDate=null, estimatedCompletionDate=null], participation=ParticipationDTO[id=2027, testRun=false, type=solution, submissionCount=null, exercise=ParticipationExerciseDTO[id=2609, exerciseType=PROGRAMMING, type=programming, assessmentType=AUTOMATIC, dueDate=2025-02-16T23:45:46.386304Z, assessmentDueDate=null, maxPoints=42.0, course=CourseDTO[id=992, accuracyOfScores=1]]], feedbacks=[FeedbackDTO[id=972, text=null, detailText=null, hasLongFeedbackText=false, reference=null, credits=3.230769230769231, positive=true, type=AUTOMATIC, visibility=ALWAYS, testCase=TestCaseDTO[testName=testMethods[Context], id=1461]], FeedbackDTO[id=973, text=null, detailText=null, hasLongFeedbackText=false, reference=null, credits=3.230769230769231, positive=true, type=AUTOMATIC, visibility=ALWAYS, testCase=TestCaseDTO[testName=testMethods[Policy], id=1462]], FeedbackDTO[id=974, text=null, detailText=null, hasLongFeedbackText=false, reference=null, credits=3.230769230769231, positive=true, type=AUTOMATIC, visibility=ALWAYS, testCase=TestCaseDTO[testName=testMethods[SortStrategy], id=1463]], FeedbackDTO[id=975, text=null, detailText=null, hasLongFeedbackText=false, reference=null, credits=3.230769230769231, positive=true, type=AUTOMATIC, visibility=ALWAYS, testCase=TestCaseDTO[testName=testClass[MergeSort], id=1458]], FeedbackDTO[id=976, text=null, detailText=null, hasLongFeedbackText=false, reference=null, credits=3.230769230769231, positive=true, type=AUTOMATIC, visibility=ALWAYS, testCase=TestCaseDTO[testName=testClass[SortStrategy], id=1455]], FeedbackDTO[id=977, text=null, detailText=null, hasLongFeedbackText=false, reference=null, credits=3.230769230769231, positive=true, type=AUTOMATIC, visibility=ALWAYS, testCase=TestCaseDTO[testName=testClass[BubbleSort], id=1459]], FeedbackDTO[id=978, text=null, detailText=null, hasLongFeedbackText=false, reference=null, credits=3.230769230769231, positive=true, type=AUTOMATIC, visibility=ALWAYS, testCase=TestCaseDTO[testName=testMergeSort(), id=1464]], FeedbackDTO[id=979, text=null, detailText=null, hasLongFeedbackText=false, reference=null, credits=3.230769230769231, positive=true, type=AUTOMATIC, visibility=ALWAYS, testCase=TestCaseDTO[testName=testUseBubbleSortForSmallList(), id=1465]], FeedbackDTO[id=980, text=null, detailText=null, hasLongFeedbackText=false, reference=null, credits=3.230769230769231, positive=true, type=AUTOMATIC, visibility=ALWAYS, testCase=TestCaseDTO[testName=testBubbleSort(), id=1467]], FeedbackDTO[id=981, text=null, detailText=null, hasLongFeedbackText=false, reference=null, credits=3.230769230769231, positive=true, type=AUTOMATIC, visibility=ALWAYS, testCase=TestCaseDTO[testName=testUseMergeSortForBigList(), id=1466]], FeedbackDTO[id=982, text=null, detailText=null, hasLongFeedbackText=false, reference=null, credits=3.230769230769231, positive=true, type=AUTOMATIC, visibility=ALWAYS, testCase=TestCaseDTO[testName=testConstructors[Policy], id=1460]], FeedbackDTO[id=983, text=null, detailText=null, hasLongFeedbackText=false, reference=null, credits=3.230769230769231, positive=true, type=AUTOMATIC, visibility=ALWAYS, testCase=TestCaseDTO[testName=testAttributes[Context], id=1456]], FeedbackDTO[id=984, text=null, detailText=null, hasLongFeedbackText=false, reference=null, credits=3.230769230769231, positive=true, type=AUTOMATIC, visibility=ALWAYS, testCase=TestCaseDTO[testName=testAttributes[Policy], id=1457]]], assessmentType=AUTOMATIC, hasComplaint=null, exampleResult=null, testCaseCount=13, passedTestCaseCount=13, codeIssueCount=0]], BuildJobQueueItem[id=20281739576748768, name=SHORT0FC863930E92904248098A506171F81CF6CFTSTEXC-BASE, buildAgent=BuildAgentDTO[name=artemis-build-agent-test, memberAddress=[127.0.0.1]:5703, displayName=artemis-build-agent-test], participationId=2028, courseId=992, exerciseId=2609, retryCount=0, priority=2, status=SUCCESSFUL, repositoryInfo=RepositoryInfo[repositoryName=short0fc863930e92904248098a506171f81cf6cftstexc-exercise, repositoryType=exercise, triggeredByPushTo=auxiliary, assignmentRepositoryUri=http://localhost:49152/git/SHORT0FC863930E92904248098A506171F81CF6CFTSTEXC/short0fc863930e92904248098a506171f81cf6cftstexc-exercise.git, testRepositoryUri=http://localhost:49152/git/SHORT0FC863930E92904248098A506171F81CF6CFTSTEXC/short0fc863930e92904248098a506171f81cf6cftstexc-tests.git, solutionRepositoryUri=null, auxiliaryRepositoryUris=[Ljava.lang.String;@2ff37e09, auxiliaryRepositoryCheckoutDirectories=[Ljava.lang.String;@1f0b5d41], jobTimingInfo=JobTimingInfo[submissionDate=2025-02-14T23:45:48.768063548Z[Etc/UTC], buildStartDate=2025-02-14T23:45:48.802531989Z[Etc/UTC], buildCompletionDate=2025-02-14T23:45:50.482681367Z[Etc/UTC], estimatedCompletionDate=2025-02-14T23:45:50.802523092Z[Etc/UTC], estimatedDuration=2], buildConfig=BuildConfig[buildScript=#!/bin/bash
cd /var/tmp/testing-dir
chmod +x ./gradlew
./gradlew clean test
, dockerImage=dummy-docker-image:latest, commitHashToBuild=9b3a9bd71a0d80e5bbc42204c319ed3d1d4f0d6d, assignmentCommitHash=115a2e943bee242fdad360b50d8ad5f30792577e, testCommitHash=9b3a9bd71a0d80e5bbc42204c319ed3d1d4f0d6d, branch=main, programmingLanguage=JAVA, projectType=PLAIN_GRADLE, scaEnabled=false, sequentialTestRunsEnabled=false, resultPaths=[/var/tmp/testing-dir/**/test-results/test/*.xml], timeoutSeconds=0, assignmentCheckoutPath=null, testCheckoutPath=null, solutionCheckoutPath=null, dockerRunConfig=null], submissionResult=ResultDTO[id=637, completionDate=2025-02-14T23:45:50.449084694Z[Etc/UTC], successful=false, score=0.0, rated=true, submission=SubmissionDTO[id=831, submitted=true, type=TEST, exampleSubmission=null, submissionDate=2025-02-14T23:45:48.761177Z, commitHash=9b3a9bd71a0d80e5bbc42204c319ed3d1d4f0d6d, buildFailed=false, buildArtifact=false, participation=ParticipationDTO[id=2028, testRun=false, type=template, submissionCount=null, exercise=ParticipationExerciseDTO[id=2609, exerciseType=PROGRAMMING, type=programming, assessmentType=AUTOMATIC, dueDate=2025-02-16T23:45:46.386304Z, assessmentDueDate=null, maxPoints=42.0, course=CourseDTO[id=992, accuracyOfScores=1]]], submissionExerciseType=programming, isProcessing=false, buildStartDate=null, estimatedCompletionDate=null], participation=ParticipationDTO[id=2028, testRun=false, type=template, submissionCount=null, exercise=ParticipationExerciseDTO[id=2609, exerciseType=PROGRAMMING, type=programming, assessmentType=AUTOMATIC, dueDate=2025-02-16T23:45:46.386304Z, assessmentDueDate=null, maxPoints=42.0, course=CourseDTO[id=992, accuracyOfScores=1]]], feedbacks=[FeedbackDTO[id=985, text=null, detailText=The exercise expects a class with the name Context in the package testpackage. You did not implement the class in the exercise., hasLongFeedbackText=false, reference=null, credits=0.0, positive=false, type=AUTOMATIC, visibility=ALWAYS, testCase=TestCaseDTO[testName=testMethods[Context], id=1461]], FeedbackDTO[id=986, text=null, detailText=The exercise expects a class with the name Policy in the package testpackage. You did not implement the class in the exercise., hasLongFeedbackText=false, reference=null, credits=0.0, positive=false, type=AUTOMATIC, visibility=ALWAYS, testCase=TestCaseDTO[testName=testMethods[Policy], id=1462]], FeedbackDTO[id=987, text=null, detailText=The exercise expects a class with the name SortStrategy in the package testpackage. You did not implement the class in the exercise., hasLongFeedbackText=false, reference=null, credits=0.0, positive=false, type=AUTOMATIC, visibility=ALWAYS, testCase=TestCaseDTO[testName=testMethods[SortStrategy], id=1463]], FeedbackDTO[id=988, text=null, detailText=The class 'MergeSort' does not implement the interface 'SortStrategy' as expected. Implement the interface and its methods., hasLongFeedbackText=false, reference=null, credits=0.0, positive=false, type=AUTOMATIC, visibility=ALWAYS, testCase=TestCaseDTO[testName=testClass[MergeSort], id=1458]], FeedbackDTO[id=989, text=null, detailText=The exercise expects a class with the name SortStrategy in the package testpackage. You did not implement the class in the exercise., hasLongFeedbackText=false, reference=null, credits=0.0, positive=false, type=AUTOMATIC, visibility=ALWAYS, testCase=TestCaseDTO[testName=testClass[SortStrategy], id=1455]], FeedbackDTO[id=990, text=null, detailText=The class 'BubbleSort' does not implement the interface 'SortStrategy' as expected. Implement the interface and its methods., hasLongFeedbackText=false, reference=null, credits=0.0, positive=false, type=AUTOMATIC, visibility=ALWAYS, testCase=TestCaseDTO[testName=testClass[BubbleSort], id=1459]], FeedbackDTO[id=991, text=null, detailText=MergeSort does not sort correctly, hasLongFeedbackText=false, reference=null, credits=0.0, positive=false, type=AUTOMATIC, visibility=ALWAYS, testCase=TestCaseDTO[testName=testMergeSort(), id=1464]], FeedbackDTO[id=992, text=null, detailText=The class 'Context' was not found within the submission. Make sure to implement it properly., hasLongFeedbackText=false, reference=null, credits=0.0, positive=false, type=AUTOMATIC, visibility=ALWAYS, testCase=TestCaseDTO[testName=testUseBubbleSortForSmallList(), id=1465]], FeedbackDTO[id=993, text=null, detailText=BubbleSort does not sort correctly, hasLongFeedbackText=false, reference=null, credits=0.0, positive=false, type=AUTOMATIC, visibility=ALWAYS, testCase=TestCaseDTO[testName=testBubbleSort(), id=1467]], FeedbackDTO[id=994, text=null, detailText=The class 'Context' was not found within the submission. Make sure to implement it properly., hasLongFeedbackText=false, reference=null, credits=0.0, positive=false, type=AUTOMATIC, visibility=ALWAYS, testCase=TestCaseDTO[testName=testUseMergeSortForBigList(), id=1466]], FeedbackDTO[id=995, text=null, detailText=The exercise expects a class with the name Policy in the package testpackage. You did not implement the class in the exercise., hasLongFeedbackText=false, reference=null, credits=0.0, positive=false, type=AUTOMATIC, visibility=ALWAYS, testCase=TestCaseDTO[testName=testConstructors[Policy], id=1460]], FeedbackDTO[id=996, text=null, detailText=The exercise expects a class with the name Context in the package testpackage. You did not implement the class in the exercise., hasLongFeedbackText=false, reference=null, credits=0.0, positive=false, type=AUTOMATIC, visibility=ALWAYS, testCase=TestCaseDTO[testName=testAttributes[Context], id=1456]], FeedbackDTO[id=997, text=null, detailText=The exercise expects a class with the name Policy in the package testpackage. You did not implement the class in the exercise., hasLongFeedbackText=false, reference=null, credits=0.0, positive=false, type=AUTOMATIC, visibility=ALWAYS, testCase=TestCaseDTO[testName=testAttributes[Policy], id=1457]]], assessmentType=AUTOMATIC, hasComplaint=null, exampleResult=null, testCaseCount=13, passedTestCaseCount=0, codeIssueCount=0]], BuildJobQueueItem[id=20291739576751299, name=SHORT716C2EC10B19B049C80A2F00B97EAB20B2A9TSTEXC-SOLUTION, buildAgent=BuildAgentDTO[name=artemis-build-agent-test, memberAddress=[127.0.0.1]:5703, displayName=artemis-build-agent-test], participationId=2029, courseId=993, exerciseId=2610, retryCount=0, priority=2, status=SUCCESSFUL, repositoryInfo=RepositoryInfo[repositoryName=short716c2ec10b19b049c80a2f00b97eab20b2a9tstexc-solution, repositoryType=solution, triggeredByPushTo=tests, assignmentRepositoryUri=http://localhost:49152/git/SHORT716C2EC10B19B049C80A2F00B97EAB20B2A9TSTEXC/short716c2ec10b19b049c80a2f00b97eab20b2a9tstexc-solution.git, testRepositoryUri=http://localhost:49152/git/SHORT716C2EC10B19B049C80A2F00B97EAB20B2A9TSTEXC/short716c2ec10b19b049c80a2f00b97eab20b2a9tstexc-tests.git, solutionRepositoryUri=null, auxiliaryRepositoryUris=[Ljava.lang.String;@21990576, auxiliaryRepositoryCheckoutDirectories=[Ljava.lang.String;@cc866f6], jobTimingInfo=JobTimingInfo[submissionDate=2025-02-14T23:45:51.299892174Z[Etc/UTC], buildStartDate=2025-02-14T23:45:51.314028505Z[Etc/UTC], buildCompletionDate=2025-02-14T23:45:52.158312850Z[Etc/UTC], estimatedCompletionDate=2025-02-14T23:46:10.314021752Z[Etc/UTC], estimatedDuration=19], buildConfig=BuildConfig[buildScript=#!/bin/bash
cd /var/tmp/testing-dir
chmod +x ./gradlew
./gradlew clean test
, dockerImage=dummy-docker-image:latest, commitHashToBuild=1e531733ed6e9237f710b528d1eb0b7beac565fd, assignmentCommitHash=815e279f12ad296b4f24c44134a07293c04c010f, testCommitHash=1e531733ed6e9237f710b528d1eb0b7beac565fd, branch=main, programmingLanguage=JAVA, projectType=PLAIN_GRADLE, scaEnabled=false, sequentialTestRunsEnabled=false, resultPaths=[/var/tmp/testing-dir/**/test-results/test/*.xml], timeoutSeconds=0, assignmentCheckoutPath=null, testCheckoutPath=null, solutionCheckoutPath=null, dockerRunConfig=null], submissionResult=ResultDTO[id=638, completionDate=2025-02-14T23:45:52.146826070Z[Etc/UTC], successful=true, score=100.0, rated=true, submission=SubmissionDTO[id=832, submitted=true, type=TEST, exampleSubmission=null, submissionDate=2025-02-14T23:45:51.275713Z, commitHash=1e531733ed6e9237f710b528d1eb0b7beac565fd, buildFailed=false, buildArtifact=false, participation=ParticipationDTO[id=2029, testRun=false, type=solution, submissionCount=null, exercise=ParticipationExerciseDTO[id=2610, exerciseType=PROGRAMMING, type=programming, assessmentType=AUTOMATIC, dueDate=2025-02-16T23:45:50.869093Z, assessmentDueDate=null, maxPoints=42.0, course=CourseDTO[id=993, accuracyOfScores=1]]], submissionExerciseType=programming, isProcessing=false, buildStartDate=null, estimatedCompletionDate=null], participation=ParticipationDTO[id=2029, testRun=false, type=solution, submissionCount=null, exercise=ParticipationExerciseDTO[id=2610, exerciseType=PROGRAMMING, type=programming, assessmentType=AUTOMATIC, dueDate=2025-02-16T23:45:50.869093Z, assessmentDueDate=null, maxPoints=42.0, course=CourseDTO[id=993, accuracyOfScores=1]]], feedbacks=[FeedbackDTO[id=998, text=null, detailText=null, hasLongFeedbackText=false, reference=null, credits=3.230769230769231, positive=true, type=AUTOMATIC, visibility=ALWAYS, testCase=TestCaseDTO[testName=testMethods[Context], id=1474]], FeedbackDTO[id=999, text=null, detailText=null, hasLongFeedbackText=false, reference=null, credits=3.230769230769231, positive=true, type=AUTOMATIC, visibility=ALWAYS, testCase=TestCaseDTO[testName=testMethods[Policy], id=1475]], FeedbackDTO[id=1000, text=null, detailText=null, hasLongFeedbackText=false, reference=null, credits=3.230769230769231, positive=true, type=AUTOMATIC, visibility=ALWAYS, testCase=TestCaseDTO[testName=testMethods[SortStrategy], id=1476]], FeedbackDTO[id=1001, text=null, detailText=null, hasLongFeedbackText=false, reference=null, credits=3.230769230769231, positive=true, type=AUTOMATIC, visibility=ALWAYS, testCase=TestCaseDTO[testName=testClass[MergeSort], id=1471]], FeedbackDTO[id=1002, text=null, detailText=null, hasLongFeedbackText=false, reference=null, credits=3.230769230769231, positive=true, type=AUTOMATIC, visibility=ALWAYS, testCase=TestCaseDTO[testName=testClass[SortStrategy], id=1468]], FeedbackDTO[id=1003, text=null, detailText=null, hasLongFeedbackText=false, reference=null, credits=3.230769230769231, positive=true, type=AUTOMATIC, visibility=ALWAYS, testCase=TestCaseDTO[testName=testClass[BubbleSort], id=1472]], FeedbackDTO[id=1004, text=null, detailText=null, hasLongFeedbackText=false, reference=null, credits=3.230769230769231, positive=true, type=AUTOMATIC, visibility=ALWAYS, testCase=TestCaseDTO[testName=testMergeSort(), id=1477]], FeedbackDTO[id=1005, text=null, detailText=null, hasLongFeedbackText=false, reference=null, credits=3.230769230769231, positive=true, type=AUTOMATIC, visibility=ALWAYS, testCase=TestCaseDTO[testName=testUseBubbleSortForSmallList(), id=1478]], FeedbackDTO[id=1006, text=null, detailText=null, hasLongFeedbackText=false, reference=null, credits=3.230769230769231, positive=true, type=AUTOMATIC, visibility=ALWAYS, testCase=TestCaseDTO[testName=testBubbleSort(), id=1480]], FeedbackDTO[id=1007, text=null, detailText=null, hasLongFeedbackText=false, reference=null, credits=3.230769230769231, positive=true, type=AUTOMATIC, visibility=ALWAYS, testCase=TestCaseDTO[testName=testUseMergeSortForBigList(), id=1479]], FeedbackDTO[id=1008, text=null, detailText=null, hasLongFeedbackText=false, reference=null, credits=3.230769230769231, positive=true, type=AUTOMATIC, visibility=ALWAYS, testCase=TestCaseDTO[testName=testConstructors[Policy], id=1473]], FeedbackDTO[id=1009, text=null, detailText=null, hasLongFeedbackText=false, reference=null, credits=3.230769230769231, positive=true, type=AUTOMATIC, visibility=ALWAYS, testCase=TestCaseDTO[testName=testAttributes[Context], id=1469]], FeedbackDTO[id=1010, text=null, detailText=null, hasLongFeedbackText=false, reference=null, credits=3.230769230769231, positive=true, type=AUTOMATIC, visibility=ALWAYS, testCase=TestCaseDTO[testName=testAttributes[Policy], id=1470]]], assessmentType=AUTOMATIC, hasComplaint=null, exampleResult=null, testCaseCount=13, passedTestCaseCount=13, codeIssueCount=0]], BuildJobQueueItem[id=20301739576752239, name=SHORT716C2EC10B19B049C80A2F00B97EAB20B2A9TSTEXC-BASE, buildAgent=BuildAgentDTO[name=artemis-build-agent-test, memberAddress=[127.0.0.1]:5703, displayName=artemis-build-agent-test], participationId=2030, courseId=993, exerciseId=2610, retryCount=0, priority=2, status=SUCCESSFUL, repositoryInfo=RepositoryInfo[repositoryName=short716c2ec10b19b049c80a2f00b97eab20b2a9tstexc-exercise, repositoryType=exercise, triggeredByPushTo=tests, assignmentRepositoryUri=http://localhost:49152/git/SHORT716C2EC10B19B049C80A2F00B97EAB20B2A9TSTEXC/short716c2ec10b19b049c80a2f00b97eab20b2a9tstexc-exercise.git, testRepositoryUri=http://localhost:49152/git/SHORT716C2EC10B19B049C80A2F00B97EAB20B2A9TSTEXC/short716c2ec10b19b049c80a2f00b97eab20b2a9tstexc-tests.git, solutionRepositoryUri=null, auxiliaryRepositoryUris=[Ljava.lang.String;@387f5250, auxiliaryRepositoryCheckoutDirectories=[Ljava.lang.String;@7d5bf14b], jobTimingInfo=JobTimingInfo[submissionDate=2025-02-14T23:45:52.239402475Z[Etc/UTC], buildStartDate=2025-02-14T23:45:52.258713639Z[Etc/UTC], buildCompletionDate=2025-02-14T23:45:53.238773956Z[Etc/UTC], estimatedCompletionDate=2025-02-14T23:45:53.258707428Z[Etc/UTC], estimatedDuration=1], buildConfig=BuildConfig[buildScript=#!/bin/bash
cd /var/tmp/testing-dir
chmod +x ./gradlew
./gradlew clean test
, dockerImage=dummy-docker-image:latest, commitHashToBuild=1e531733ed6e9237f710b528d1eb0b7beac565fd, assignmentCommitHash=815e279f12ad296b4f24c44134a07293c04c010f, testCommitHash=1e531733ed6e9237f710b528d1eb0b7beac565fd, branch=main, programmingLanguage=JAVA, projectType=PLAIN_GRADLE, scaEnabled=false, sequentialTestRunsEnabled=false, resultPaths=[/var/tmp/testing-dir/**/test-results/test/*.xml], timeoutSeconds=0, assignmentCheckoutPath=null, testCheckoutPath=null, solutionCheckoutPath=null, dockerRunConfig=null], submissionResult=ResultDTO[id=639, completionDate=2025-02-14T23:45:53.225806205Z[Etc/UTC], successful=false, score=0.0, rated=true, submission=SubmissionDTO[id=833, submitted=true, type=TEST, exampleSubmission=null, submissionDate=2025-02-14T23:45:52.237179Z, commitHash=1e531733ed6e9237f710b528d1eb0b7beac565fd, buildFailed=false, buildArtifact=false, participation=ParticipationDTO[id=2030, testRun=false, type=template, submissionCount=null, exercise=ParticipationExerciseDTO[id=2610, exerciseType=PROGRAMMING, type=programming, assessmentType=AUTOMATIC, dueDate=2025-02-16T23:45:50.869093Z, assessmentDueDate=null, maxPoints=42.0, course=CourseDTO[id=993, accuracyOfScores=1]]], submissionExerciseType=programming, isProcessing=false, buildStartDate=null, estimatedCompletionDate=null], participation=ParticipationDTO[id=2030, testRun=false, type=template, submissionCount=null, exercise=ParticipationExerciseDTO[id=2610, exerciseType=PROGRAMMING, type=programming, assessmentType=AUTOMATIC, dueDate=2025-02-16T23:45:50.869093Z, assessmentDueDate=null, maxPoints=42.0, course=CourseDTO[id=993, accuracyOfScores=1]]], feedbacks=[FeedbackDTO[id=1011, text=null, detailText=The exercise expects a class with the name Context in the package testpackage. You did not implement the class in the exercise., hasLongFeedbackText=false, reference=null, credits=0.0, positive=false, type=AUTOMATIC, visibility=ALWAYS, testCase=TestCaseDTO[testName=testMethods[Context], id=1474]], FeedbackDTO[id=1012, text=null, detailText=The exercise expects a class with the name Policy in the package testpackage. You did not implement the class in the exercise., hasLongFeedbackText=false, reference=null, credits=0.0, positive=false, type=AUTOMATIC, visibility=ALWAYS, testCase=TestCaseDTO[testName=testMethods[Policy], id=1475]], FeedbackDTO[id=1013, text=null, detailText=The exercise expects a class with the name SortStrategy in the package testpackage. You did not implement the class in the exercise., hasLongFeedbackText=false, reference=null, credits=0.0, positive=false, type=AUTOMATIC, visibility=ALWAYS, testCase=TestCaseDTO[testName=testMethods[SortStrategy], id=1476]], FeedbackDTO[id=1014, text=null, detailText=The class 'MergeSort' does not implement the interface 'SortStrategy' as expected. Implement the interface and its methods., hasLongFeedbackText=false, reference=null, credits=0.0, positive=false, type=AUTOMATIC, visibility=ALWAYS, testCase=TestCaseDTO[testName=testClass[MergeSort], id=1471]], FeedbackDTO[id=1015, text=null, detailText=The exercise expects a class with the name SortStrategy in the package testpackage. You did not implement the class in the exercise., hasLongFeedbackText=false, reference=null, credits=0.0, positive=false, type=AUTOMATIC, visibility=ALWAYS, testCase=TestCaseDTO[testName=testClass[SortStrategy], id=1468]], FeedbackDTO[id=1016, text=null, detailText=The class 'BubbleSort' does not implement the interface 'SortStrategy' as expected. Implement the interface and its methods., hasLongFeedbackText=false, reference=null, credits=0.0, positive=false, type=AUTOMATIC, visibility=ALWAYS, testCase=TestCaseDTO[testName=testClass[BubbleSort], id=1472]], FeedbackDTO[id=1017, text=null, detailText=MergeSort does not sort correctly, hasLongFeedbackText=false, reference=null, credits=0.0, positive=false, type=AUTOMATIC, visibility=ALWAYS, testCase=TestCaseDTO[testName=testMergeSort(), id=1477]], FeedbackDTO[id=1018, text=null, detailText=The class 'Context' was not found within the submission. Make sure to implement it properly., hasLongFeedbackText=false, reference=null, credits=0.0, positive=false, type=AUTOMATIC, visibility=ALWAYS, testCase=TestCaseDTO[testName=testUseBubbleSortForSmallList(), id=1478]], FeedbackDTO[id=1019, text=null, detailText=BubbleSort does not sort correctly, hasLongFeedbackText=false, reference=null, credits=0.0, positive=false, type=AUTOMATIC, visibility=ALWAYS, testCase=TestCaseDTO[testName=testBubbleSort(), id=1480]], FeedbackDTO[id=1020, text=null, detailText=The class 'Context' was not found within the submission. Make sure to implement it properly., hasLongFeedbackText=false, reference=null, credits=0.0, positive=false, type=AUTOMATIC, visibility=ALWAYS, testCase=TestCaseDTO[testName=testUseMergeSortForBigList(), id=1479]], FeedbackDTO[id=1021, text=null, detailText=The exercise expects a class with the name Policy in the package testpackage. You did not implement the class in the exercise., hasLongFeedbackText=false, reference=null, credits=0.0, positive=false, type=AUTOMATIC, visibility=ALWAYS, testCase=TestCaseDTO[testName=testConstructors[Policy], id=1473]], FeedbackDTO[id=1022, text=null, detailText=The exercise expects a class with the name Context in the package testpackage. You did not implement the class in the exercise., hasLongFeedbackText=false, reference=null, credits=0.0, positive=false, type=AUTOMATIC, visibility=ALWAYS, testCase=TestCaseDTO[testName=testAttributes[Context], id=1469]], FeedbackDTO[id=1023, text=null, detailText=The exercise expects a class with the name Policy in the package testpackage. You did not implement the class in the exercise., hasLongFeedbackText=false, reference=null, credits=0.0, positive=false, type=AUTOMATIC, visibility=ALWAYS, testCase=TestCaseDTO[testName=testAttributes[Policy], id=1470]]], assessmentType=AUTOMATIC, hasComplaint=null, exampleResult=null, testCaseCount=13, passedTestCaseCount=0, codeIssueCount=0]], BuildJobQueueItem[id=20391739576754750, name=SHORT3A680734092E404EF80A4C60FBC1E408F7D0TSTEXC-LOCALVCCIINTSTUDENT1, buildAgent=BuildAgentDTO[name=artemis-build-agent-test, memberAddress=[127.0.0.1]:5703, displayName=artemis-build-agent-test], participationId=2039, courseId=996, exerciseId=2613, retryCount=0, priority=2, status=SUCCESSFUL, repositoryInfo=RepositoryInfo[repositoryName=short3a680734092e404ef80a4c60fbc1e408f7d0tstexc-localvcciintstudent1, repositoryType=user, triggeredByPushTo=user, assignmentRepositoryUri=http://localhost:49152/git/SHORT3A680734092E404EF80A4C60FBC1E408F7D0TSTEXC/short3a680734092e404ef80a4c60fbc1e408f7d0tstexc-localvcciintstudent1.git, testRepositoryUri=http://localhost:49152/git/SHORT3A680734092E404EF80A4C60FBC1E408F7D0TSTEXC/short3a680734092e404ef80a4c60fbc1e408f7d0tstexc-tests.git, solutionRepositoryUri=null, auxiliaryRepositoryUris=[Ljava.lang.String;@1400f923, auxiliaryRepositoryCheckoutDirectories=[Ljava.lang.String;@5bb0c283], jobTimingInfo=JobTimingInfo[submissionDate=2025-02-14T23:45:54.750657185Z[Etc/UTC], buildStartDate=2025-02-14T23:45:54.765232948Z[Etc/UTC], buildCompletionDate=2025-02-14T23:45:55.645844970Z[Etc/UTC], estimatedCompletionDate=2025-02-14T23:46:13.765225363Z[Etc/UTC], estimatedDuration=19], buildConfig=BuildConfig[buildScript=#!/bin/bash
cd /var/tmp/testing-dir
chmod +x ./gradlew
./gradlew clean test
, dockerImage=dummy-docker-image:latest, commitHashToBuild=9344436f8d5a5ce3aa40215562db211ed501371f, assignmentCommitHash=9344436f8d5a5ce3aa40215562db211ed501371f, testCommitHash=ff421c3651ec230fed2f20f72c2901ae372be06a, branch=main, programmingLanguage=JAVA, projectType=PLAIN_GRADLE, scaEnabled=false, sequentialTestRunsEnabled=false, resultPaths=[/var/tmp/testing-dir/**/test-results/test/*.xml], timeoutSeconds=0, assignmentCheckoutPath=null, testCheckoutPath=null, solutionCheckoutPath=null, dockerRunConfig=null], submissionResult=ResultDTO[id=640, completionDate=2025-02-14T23:45:55.628250079Z[Etc/UTC], successful=false, score=7.7, rated=true, submission=SubmissionDTO[id=834, submitted=true, type=MANUAL, exampleSubmission=null, submissionDate=2025-02-14T23:45:54.732007Z, commitHash=9344436f8d5a5ce3aa40215562db211ed501371f, buildFailed=false, buildArtifact=false, participation=ParticipationDTO[id=2039, testRun=false, type=programming, submissionCount=null, exercise=ParticipationExerciseDTO[id=2613, exerciseType=PROGRAMMING, type=programming, assessmentType=AUTOMATIC, dueDate=2025-02-16T23:45:54.546562Z, assessmentDueDate=null, maxPoints=42.0, course=CourseDTO[id=996, accuracyOfScores=1]]], submissionExerciseType=programming, isProcessing=false, buildStartDate=null, estimatedCompletionDate=null], participation=ParticipationDTO[id=2039, testRun=false, type=programming, submissionCount=null, exercise=ParticipationExerciseDTO[id=2613, exerciseType=PROGRAMMING, type=programming, assessmentType=AUTOMATIC, dueDate=2025-02-16T23:45:54.546562Z, assessmentDueDate=null, maxPoints=42.0, course=CourseDTO[id=996, accuracyOfScores=1]]], feedbacks=[FeedbackDTO[id=1024, text=null, detailText=The exercise expects a class with the name Context in the package testpackage. You did not implement the class in the exercise., hasLongFeedbackText=false, reference=null, credits=0.0, positive=false, type=AUTOMATIC, visibility=ALWAYS, testCase=TestCaseDTO[testName=null, id=1513]], FeedbackDTO[id=1025, text=null, detailText=The exercise expects a class with the name Policy in the package testpackage. You did not implement the class in the exercise., hasLongFeedbackText=false, reference=null, credits=0.0, positive=false, type=AUTOMATIC, visibility=ALWAYS, testCase=TestCaseDTO[testName=null, id=1514]], FeedbackDTO[id=1026, text=null, detailText=The exercise expects a class with the name SortStrategy in the package testpackage. You did not implement the class in the exercise., hasLongFeedbackText=false, reference=null, credits=0.0, positive=false, type=AUTOMATIC, visibility=ALWAYS, testCase=TestCaseDTO[testName=null, id=1515]], FeedbackDTO[id=1027, text=null, detailText=The class 'MergeSort' does not implement the interface 'SortStrategy' as expected. Implement the interface and its methods., hasLongFeedbackText=false, reference=null, credits=0.0, positive=false, type=AUTOMATIC, visibility=ALWAYS, testCase=TestCaseDTO[testName=null, id=1510]], FeedbackDTO[id=1028, text=null, detailText=The exercise expects a class with the name SortStrategy in the package testpackage. You did not implement the class in the exercise., hasLongFeedbackText=false, reference=null, credits=0.0, positive=false, type=AUTOMATIC, visibility=ALWAYS, testCase=TestCaseDTO[testName=null, id=1507]], FeedbackDTO[id=1029, text=null, detailText=The class 'BubbleSort' does not implement the interface 'SortStrategy' as expected. Implement the interface and its methods., hasLongFeedbackText=false, reference=null, credits=0.0, positive=false, type=AUTOMATIC, visibility=ALWAYS, testCase=TestCaseDTO[testName=null, id=1511]], FeedbackDTO[id=1030, text=null, detailText=MergeSort does not sort correctly, hasLongFeedbackText=false, reference=null, credits=0.0, positive=false, type=AUTOMATIC, visibility=ALWAYS, testCase=TestCaseDTO[testName=null, id=1516]], FeedbackDTO[id=1031, text=null, detailText=The class 'Context' was not found within the submission. Make sure to implement it properly., hasLongFeedbackText=false, reference=null, credits=0.0, positive=false, type=AUTOMATIC, visibility=ALWAYS, testCase=TestCaseDTO[testName=null, id=1517]], FeedbackDTO[id=1032, text=null, detailText=The class 'Context' was not found within the submission. Make sure to implement it properly., hasLongFeedbackText=false, reference=null, credits=0.0, positive=false, type=AUTOMATIC, visibility=ALWAYS, testCase=TestCaseDTO[testName=null, id=1518]], FeedbackDTO[id=1033, text=null, detailText=The exercise expects a class with the name Policy in the package testpackage. You did not implement the class in the exercise., hasLongFeedbackText=false, reference=null, credits=0.0, positive=false, type=AUTOMATIC, visibility=ALWAYS, testCase=TestCaseDTO[testName=null, id=1512]], FeedbackDTO[id=1034, text=null, detailText=The exercise expects a class with the name Context in the package testpackage. You did not implement the class in the exercise., hasLongFeedbackText=false, reference=null, credits=0.0, positive=false, type=AUTOMATIC, visibility=ALWAYS, testCase=TestCaseDTO[testName=null, id=1508]], FeedbackDTO[id=1035, text=null, detailText=The exercise expects a class with the name Policy in the package testpackage. You did not implement the class in the exercise., hasLongFeedbackText=false, reference=null, credits=0.0, positive=false, type=AUTOMATIC, visibility=ALWAYS, testCase=TestCaseDTO[testName=null, id=1509]], FeedbackDTO[id=1036, text=null, detailText=null, hasLongFeedbackText=false, reference=null, credits=3.230769230769231, positive=true, type=AUTOMATIC, visibility=ALWAYS, testCase=TestCaseDTO[testName=null, id=1519]]], assessmentType=AUTOMATIC, hasComplaint=null, exampleResult=null, testCaseCount=13, passedTestCaseCount=1, codeIssueCount=0]], BuildJobQueueItem[id=20431739576757232, name=SHORT3945BC5E092B90459B0A7F006DF5F64347FDTSTEXC-SOLUTION, buildAgent=BuildAgentDTO[name=artemis-build-agent-test, memberAddress=[127.0.0.1]:5703, displayName=artemis-build-agent-test], participationId=2043, courseId=998, exerciseId=2615, retryCount=0, priority=2, status=SUCCESSFUL, repositoryInfo=RepositoryInfo[repositoryName=short3945bc5e092b90459b0a7f006df5f64347fdtstexc-solution, repositoryType=solution, triggeredByPushTo=solution, assignmentRepositoryUri=http://localhost:49152/git/SHORT3945BC5E092B90459B0A7F006DF5F64347FDTSTEXC/short3945bc5e092b90459b0a7f006df5f64347fdtstexc-solution.git, testRepositoryUri=http://localhost:49152/git/SHORT3945BC5E092B90459B0A7F006DF5F64347FDTSTEXC/short3945bc5e092b90459b0a7f006df5f64347fdtstexc-tests.git, solutionRepositoryUri=null, auxiliaryRepositoryUris=[Ljava.lang.String;@191fe677, auxiliaryRepositoryCheckoutDirectories=[Ljava.lang.String;@3b6c8db6], jobTimingInfo=JobTimingInfo[submissionDate=2025-02-14T23:45:57.232907777Z[Etc/UTC], buildStartDate=2025-02-14T23:45:57.240437339Z[Etc/UTC], buildCompletionDate=2025-02-14T23:45:58.062328619Z[Etc/UTC], estimatedCompletionDate=2025-02-14T23:46:16.240428743Z[Etc/UTC], estimatedDuration=19], buildConfig=BuildConfig[buildScript=#!/bin/bash
cd /var/tmp/testing-dir
chmod +x ./gradlew
./gradlew clean test
, dockerImage=dummy-docker-image:latest, commitHashToBuild=c315388a235502fd958ae3c7ffbbbbf126a8fe21, assignmentCommitHash=c315388a235502fd958ae3c7ffbbbbf126a8fe21, testCommitHash=28488095271179f4eface46480ec45511f50df5d, branch=main, programmingLanguage=JAVA, projectType=PLAIN_GRADLE, scaEnabled=false, sequentialTestRunsEnabled=false, resultPaths=[/var/tmp/testing-dir/**/test-results/test/*.xml], timeoutSeconds=0, assignmentCheckoutPath=null, testCheckoutPath=null, solutionCheckoutPath=null, dockerRunConfig=null], submissionResult=ResultDTO[id=641, completionDate=2025-02-14T23:45:58.032353400Z[Etc/UTC], successful=true, score=100.0, rated=true, submission=SubmissionDTO[id=835, submitted=true, type=MANUAL, exampleSubmission=null, submissionDate=2025-02-14T23:45:57.222714Z, commitHash=c315388a235502fd958ae3c7ffbbbbf126a8fe21, buildFailed=false, buildArtifact=false, participation=ParticipationDTO[id=2043, testRun=false, type=solution, submissionCount=null, exercise=ParticipationExerciseDTO[id=2615, exerciseType=PROGRAMMING, type=programming, assessmentType=AUTOMATIC, dueDate=2025-02-16T23:45:56.808788Z, assessmentDueDate=null, maxPoints=42.0, course=CourseDTO[id=998, accuracyOfScores=1]]], submissionExerciseType=programming, isProcessing=false, buildStartDate=null, estimatedCompletionDate=null], participation=ParticipationDTO[id=2043, testRun=false, type=solution, submissionCount=null, exercise=ParticipationExerciseDTO[id=2615, exerciseType=PROGRAMMING, type=programming, assessmentType=AUTOMATIC, dueDate=2025-02-16T23:45:56.808788Z, assessmentDueDate=null, maxPoints=42.0, course=CourseDTO[id=998, accuracyOfScores=1]]], feedbacks=[FeedbackDTO[id=1037, text=null, detailText=null, hasLongFeedbackText=false, reference=null, credits=3.230769230769231, positive=true, type=AUTOMATIC, visibility=ALWAYS, testCase=TestCaseDTO[testName=testMethods[Context], id=1539]], FeedbackDTO[id=1038, text=null, detailText=null, hasLongFeedbackText=false, reference=null, credits=3.230769230769231, positive=true, type=AUTOMATIC, visibility=ALWAYS, testCase=TestCaseDTO[testName=testMethods[Policy], id=1540]], FeedbackDTO[id=1039, text=null, detailText=null, hasLongFeedbackText=false, reference=null, credits=3.230769230769231, positive=true, type=AUTOMATIC, visibility=ALWAYS, testCase=TestCaseDTO[testName=testMethods[SortStrategy], id=1541]], FeedbackDTO[id=1040, text=null, detailText=null, hasLongFeedbackText=false, reference=null, credits=3.230769230769231, positive=true, type=AUTOMATIC, visibility=ALWAYS, testCase=TestCaseDTO[testName=testClass[MergeSort], id=1536]], FeedbackDTO[id=1041, text=null, detailText=null, hasLongFeedbackText=false, reference=null, credits=3.230769230769231, positive=true, type=AUTOMATIC, visibility=ALWAYS, testCase=TestCaseDTO[testName=testClass[SortStrategy], id=1533]], FeedbackDTO[id=1042, text=null, detailText=null, hasLongFeedbackText=false, reference=null, credits=3.230769230769231, positive=true, type=AUTOMATIC, visibility=ALWAYS, testCase=TestCaseDTO[testName=testClass[BubbleSort], id=1537]], FeedbackDTO[id=1043, text=null, detailText=null, hasLongFeedbackText=false, reference=null, credits=3.230769230769231, positive=true, type=AUTOMATIC, visibility=ALWAYS, testCase=TestCaseDTO[testName=testMergeSort(), id=1542]], FeedbackDTO[id=1044, text=null, detailText=null, hasLongFeedbackText=false, reference=null, credits=3.230769230769231, positive=true, type=AUTOMATIC, visibility=ALWAYS, testCase=TestCaseDTO[testName=testUseBubbleSortForSmallList(), id=1543]], FeedbackDTO[id=1045, text=null, detailText=null, hasLongFeedbackText=false, reference=null, credits=3.230769230769231, positive=true, type=AUTOMATIC, visibility=ALWAYS, testCase=TestCaseDTO[testName=testBubbleSort(), id=1545]], FeedbackDTO[id=1046, text=null, detailText=null, hasLongFeedbackText=false, reference=null, credits=3.230769230769231, positive=true, type=AUTOMATIC, visibility=ALWAYS, testCase=TestCaseDTO[testName=testUseMergeSortForBigList(), id=1544]], FeedbackDTO[id=1047, text=null, detailText=null, hasLongFeedbackText=false, reference=null, credits=3.230769230769231, positive=true, type=AUTOMATIC, visibility=ALWAYS, testCase=TestCaseDTO[testName=testConstructors[Policy], id=1538]], FeedbackDTO[id=1048, text=null, detailText=null, hasLongFeedbackText=false, reference=null, credits=3.230769230769231, positive=true, type=AUTOMATIC, visibility=ALWAYS, testCase=TestCaseDTO[testName=testAttributes[Context], id=1534]], FeedbackDTO[id=1049, text=null, detailText=null, hasLongFeedbackText=false, reference=null, credits=3.230769230769231, positive=true, type=AUTOMATIC, visibility=ALWAYS, testCase=TestCaseDTO[testName=testAttributes[Policy], id=1535]]], assessmentType=AUTOMATIC, hasComplaint=null, exampleResult=null, testCaseCount=13, passedTestCaseCount=13, codeIssueCount=0]], BuildJobQueueItem[id=20471739576759335, name=SHORT07624A260BD060493708A050BB6FAE261DD5TSTEXC-LOCALVCCIINTSTUDENT1, buildAgent=BuildAgentDTO[name=artemis-build-agent-test, memberAddress=[127.0.0.1]:5703, displayName=artemis-build-agent-test], participationId=2047, courseId=999, exerciseId=2616, retryCount=0, priority=2, status=SUCCESSFUL, repositoryInfo=RepositoryInfo[repositoryName=short07624a260bd060493708a050bb6fae261dd5tstexc-localvcciintstudent1, repositoryType=user, triggeredByPushTo=user, assignmentRepositoryUri=http://localhost:49152/git/SHORT07624A260BD060493708A050BB6FAE261DD5TSTEXC/short07624a260bd060493708a050bb6fae261dd5tstexc-localvcciintstudent1.git, testRepositoryUri=http://localhost:49152/git/SHORT07624A260BD060493708A050BB6FAE261DD5TSTEXC/short07624a260bd060493708a050bb6fae261dd5tstexc-tests.git, solutionRepositoryUri=null, auxiliaryRepositoryUris=[Ljava.lang.String;@2836a219, auxiliaryRepositoryCheckoutDirectories=[Ljava.lang.String;@75cfc946], jobTimingInfo=JobTimingInfo[submissionDate=2025-02-14T23:45:59.335772293Z[Etc/UTC], buildStartDate=2025-02-14T23:45:59.344175895Z[Etc/UTC], buildCompletionDate=2025-02-14T23:46:00.603413500Z[Etc/UTC], estimatedCompletionDate=2025-02-14T23:46:18.344169813Z[Etc/UTC], estimatedDuration=19], buildConfig=BuildConfig[buildScript=#!/bin/bash
cd /var/tmp/testing-dir
chmod +x ./gradlew
./gradlew clean test
, dockerImage=dummy-docker-image:latest, commitHashToBuild=18a07c7296dd70e3280c5bdcec7fccd0be6b8148, assignmentCommitHash=18a07c7296dd70e3280c5bdcec7fccd0be6b8148, testCommitHash=d654a233667bae063bb900e455fd2da456e10333, branch=main, programmingLanguage=JAVA, projectType=PLAIN_GRADLE, scaEnabled=false, sequentialTestRunsEnabled=false, resultPaths=[/var/tmp/testing-dir/**/test-results/test/*.xml], timeoutSeconds=0, assignmentCheckoutPath=null, testCheckoutPath=null, solutionCheckoutPath=null, dockerRunConfig=null], submissionResult=ResultDTO[id=642, completionDate=2025-02-14T23:46:00.583368808Z[Etc/UTC], successful=false, score=7.7, rated=true, submission=SubmissionDTO[id=836, submitted=true, type=MANUAL, exampleSubmission=null, submissionDate=2025-02-14T23:45:59.324416Z, commitHash=18a07c7296dd70e3280c5bdcec7fccd0be6b8148, buildFailed=false, buildArtifact=false, participation=ParticipationDTO[id=2047, testRun=false, type=programming, submissionCount=null, exercise=ParticipationExerciseDTO[id=2616, exerciseType=PROGRAMMING, type=programming, assessmentType=AUTOMATIC, dueDate=2025-02-16T23:45:58.958237Z, assessmentDueDate=null, maxPoints=42.0, course=CourseDTO[id=999, accuracyOfScores=1]]], submissionExerciseType=programming, isProcessing=false, buildStartDate=null, estimatedCompletionDate=null], participation=ParticipationDTO[id=2047, testRun=false, type=programming, submissionCount=null, exercise=ParticipationExerciseDTO[id=2616, exerciseType=PROGRAMMING, type=programming, assessmentType=AUTOMATIC, dueDate=2025-02-16T23:45:58.958237Z, assessmentDueDate=null, maxPoints=42.0, course=CourseDTO[id=999, accuracyOfScores=1]]], feedbacks=[FeedbackDTO[id=1050, text=null, detailText=The exercise expects a class with the name Context in the package testpackage. You did not implement the class in the exercise., hasLongFeedbackText=false, reference=null, credits=0.0, positive=false, type=AUTOMATIC, visibility=ALWAYS, testCase=TestCaseDTO[testName=null, id=1552]], FeedbackDTO[id=1051, text=null, detailText=The exercise expects a class with the name Policy in the package testpackage. You did not implement the class in the exercise., hasLongFeedbackText=false, reference=null, credits=0.0, positive=false, type=AUTOMATIC, visibility=ALWAYS, testCase=TestCaseDTO[testName=null, id=1553]], FeedbackDTO[id=1052, text=null, detailText=The exercise expects a class with the name SortStrategy in the package testpackage. You did not implement the class in the exercise., hasLongFeedbackText=false, reference=null, credits=0.0, positive=false, type=AUTOMATIC, visibility=ALWAYS, testCase=TestCaseDTO[testName=null, id=1554]], FeedbackDTO[id=1053, text=null, detailText=The class 'MergeSort' does not implement the interface 'SortStrategy' as expected. Implement the interface and its methods., hasLongFeedbackText=false, reference=null, credits=0.0, positive=false, type=AUTOMATIC, visibility=ALWAYS, testCase=TestCaseDTO[testName=null, id=1549]], FeedbackDTO[id=1054, text=null, detailText=The exercise expects a class with the name SortStrategy in the package testpackage. You did not implement the class in the exercise., hasLongFeedbackText=false, reference=null, credits=0.0, positive=false, type=AUTOMATIC, visibility=ALWAYS, testCase=TestCaseDTO[testName=null, id=1546]], FeedbackDTO[id=1055, text=null, detailText=The class 'BubbleSort' does not implement the interface 'SortStrategy' as expected. Implement the interface and its methods., hasLongFeedbackText=false, reference=null, credits=0.0, positive=false, type=AUTOMATIC, visibility=ALWAYS, testCase=TestCaseDTO[testName=null, id=1550]], FeedbackDTO[id=1056, text=null, detailText=MergeSort does not sort correctly, hasLongFeedbackText=false, reference=null, credits=0.0, positive=false, type=AUTOMATIC, visibility=ALWAYS, testCase=TestCaseDTO[testName=null, id=1555]], FeedbackDTO[id=1057, text=null, detailText=The class 'Context' was not found within the submission. Make sure to implement it properly., hasLongFeedbackText=false, reference=null, credits=0.0, positive=false, type=AUTOMATIC, visibility=ALWAYS, testCase=TestCaseDTO[testName=null, id=1556]], FeedbackDTO[id=1058, text=null, detailText=The class 'Context' was not found within the submission. Make sure to implement it properly., hasLongFeedbackText=false, reference=null, credits=0.0, positive=false, type=AUTOMATIC, visibility=ALWAYS, testCase=TestCaseDTO[testName=null, id=1557]], FeedbackDTO[id=1059, text=null, detailText=The exercise expects a class with the name Policy in the package testpackage. You did not implement the class in the exercise., hasLongFeedbackText=false, reference=null, credits=0.0, positive=false, type=AUTOMATIC, visibility=ALWAYS, testCase=TestCaseDTO[testName=null, id=1551]], FeedbackDTO[id=1060, text=null, detailText=The exercise expects a class with the name Context in the package testpackage. You did not implement the class in the exercise., hasLongFeedbackText=false, reference=null, credits=0.0, positive=false, type=AUTOMATIC, visibility=ALWAYS, testCase=TestCaseDTO[testName=null, id=1547]], FeedbackDTO[id=1061, text=null, detailText=The exercise expects a class with the name Policy in the package testpackage. You did not implement the class in the exercise., hasLongFeedbackText=false, reference=null, credits=0.0, positive=false, type=AUTOMATIC, visibility=ALWAYS, testCase=TestCaseDTO[testName=null, id=1548]], FeedbackDTO[id=1062, text=null, detailText=null, hasLongFeedbackText=false, reference=null, credits=3.230769230769231, positive=true, type=AUTOMATIC, visibility=ALWAYS, testCase=TestCaseDTO[testName=null, id=1558]]], assessmentType=AUTOMATIC, hasComplaint=null, exampleResult=null, testCaseCount=13, passedTestCaseCount=1, codeIssueCount=0]], BuildJobQueueItem[id=20631739576764096, name=SHORT4DC244B40E51904DBF09D1D07EFB51569A98T9E7-BASE, buildAgent=BuildAgentDTO[name=artemis-build-agent-test, memberAddress=[127.0.0.1]:5703, displayName=artemis-build-agent-test], participationId=2063, courseId=1004, exerciseId=2622, retryCount=0, priority=2, status=SUCCESSFUL, repositoryInfo=RepositoryInfo[repositoryName=short4dc244b40e51904dbf09d1d07efb51569a98t9e7-exercise, repositoryType=exercise, triggeredByPushTo=exercise, assignmentRepositoryUri=http://localhost:49152/git/SHORT4DC244B40E51904DBF09D1D07EFB51569A98T9E7/short4dc244b40e51904dbf09d1d07efb51569a98t9e7-exercise.git, testRepositoryUri=http://localhost:49152/git/SHORT4DC244B40E51904DBF09D1D07EFB51569A98T9E7/short4dc244b40e51904dbf09d1d07efb51569a98t9e7-tests.git, solutionRepositoryUri=null, auxiliaryRepositoryUris=[Ljava.lang.String;@1385a5d6, auxiliaryRepositoryCheckoutDirectories=[Ljava.lang.String;@4cdb8b2d], jobTimingInfo=JobTimingInfo[submissionDate=2025-02-14T23:46:04.096728486Z[Etc/UTC], buildStartDate=2025-02-14T23:46:04.102262636Z[Etc/UTC], buildCompletionDate=2025-02-14T23:46:05.226227728Z[Etc/UTC], estimatedCompletionDate=2025-02-14T23:46:23.102258508Z[Etc/UTC], estimatedDuration=19], buildConfig=BuildConfig[buildScript=#!/bin/bash
cd /var/tmp/testing-dir
Some script, dockerImage=dummy-docker-image, commitHashToBuild=null, assignmentCommitHash=c012d390834ea02544e9b3baca8f528ff58cb582, testCommitHash=106892b5032dbcc929f32d283777eb646a0a7ab0, branch=main, programmingLanguage=JAVA, projectType=PLAIN_GRADLE, scaEnabled=false, sequentialTestRunsEnabled=false, resultPaths=[/var/tmp/testing-dir/**/test-results/test/*.xml], timeoutSeconds=0, assignmentCheckoutPath=null, testCheckoutPath=null, solutionCheckoutPath=null, dockerRunConfig=null], submissionResult=ResultDTO[id=643, completionDate=2025-02-14T23:46:05.207991505Z[Etc/UTC], successful=false, score=0.0, rated=true, submission=SubmissionDTO[id=838, submitted=false, type=INSTRUCTOR, exampleSubmission=null, submissionDate=2025-02-14T23:46:04.057795Z, commitHash=c012d390834ea02544e9b3baca8f528ff58cb582, buildFailed=false, buildArtifact=false, participation=ParticipationDTO[id=2063, testRun=false, type=template, submissionCount=null, exercise=ParticipationExerciseDTO[id=2622, exerciseType=PROGRAMMING, type=programming, assessmentType=SEMI_AUTOMATIC, dueDate=2025-02-21T23:46:03.542650Z, assessmentDueDate=null, maxPoints=5.0, course=CourseDTO[id=1004, accuracyOfScores=1]]], submissionExerciseType=programming, isProcessing=false, buildStartDate=null, estimatedCompletionDate=null], participation=ParticipationDTO[id=2063, testRun=false, type=template, submissionCount=null, exercise=ParticipationExerciseDTO[id=2622, exerciseType=PROGRAMMING, type=programming, assessmentType=SEMI_AUTOMATIC, dueDate=2025-02-21T23:46:03.542650Z, assessmentDueDate=null, maxPoints=5.0, course=CourseDTO[id=1004, accuracyOfScores=1]]], feedbacks=[FeedbackDTO[id=1063, text=testMethods[Context], detailText=The exercise expects a class with the name Context in the package testpackage. You did not implement the class in the exercise., hasLongFeedbackText=false, reference=null, credits=null, positive=false, type=AUTOMATIC, visibility=null, testCase=null], FeedbackDTO[id=1064, text=testMethods[Policy], detailText=The exercise expects a class with the name Policy in the package testpackage. You did not implement the class in the exercise., hasLongFeedbackText=false, reference=null, credits=null, positive=false, type=AUTOMATIC, visibility=null, testCase=null], FeedbackDTO[id=1065, text=testMethods[SortStrategy], detailText=The exercise expects a class with the name SortStrategy in the package testpackage. You did not implement the class in the exercise., hasLongFeedbackText=false, reference=null, credits=null, positive=false, type=AUTOMATIC, visibility=null, testCase=null], FeedbackDTO[id=1066, text=testClass[MergeSort], detailText=The class 'MergeSort' does not implement the interface 'SortStrategy' as expected. Implement the interface and its methods., hasLongFeedbackText=false, reference=null, credits=null, positive=false, type=AUTOMATIC, visibility=null, testCase=null], FeedbackDTO[id=1067, text=testClass[SortStrategy], detailText=The exercise expects a class with the name SortStrategy in the package testpackage. You did not implement the class in the exercise., hasLongFeedbackText=false, reference=null, credits=null, positive=false, type=AUTOMATIC, visibility=null, testCase=null], FeedbackDTO[id=1068, text=testClass[BubbleSort], detailText=The class 'BubbleSort' does not implement the interface 'SortStrategy' as expected. Implement the interface and its methods., hasLongFeedbackText=false, reference=null, credits=null, positive=false, type=AUTOMATIC, visibility=null, testCase=null], FeedbackDTO[id=1069, text=testMergeSort(), detailText=MergeSort does not sort correctly, hasLongFeedbackText=false, reference=null, credits=null, positive=false, type=AUTOMATIC, visibility=null, testCase=null], FeedbackDTO[id=1070, text=testUseBubbleSortForSmallList(), detailText=The class 'Context' was not found within the submission. Make sure to implement it properly., hasLongFeedbackText=false, reference=null, credits=null, positive=false, type=AUTOMATIC, visibility=null, testCase=null], FeedbackDTO[id=1071, text=testBubbleSort(), detailText=BubbleSort does not sort correctly, hasLongFeedbackText=false, reference=null, credits=null, positive=false, type=AUTOMATIC, visibility=null, testCase=null], FeedbackDTO[id=1072, text=testUseMergeSortForBigList(), detailText=The class 'Context' was not found within the submission. Make sure to implement it properly., hasLongFeedbackText=false, reference=null, credits=null, positive=false, type=AUTOMATIC, visibility=null, testCase=null], FeedbackDTO[id=1073, text=testConstructors[Policy], detailText=The exercise expects a class with the name Policy in the package testpackage. You did not implement the class in the exercise., hasLongFeedbackText=false, reference=null, credits=null, positive=false, type=AUTOMATIC, visibility=null, testCase=null], FeedbackDTO[id=1074, text=testAttributes[Context], detailText=The exercise expects a class with the name Context in the package testpackage. You did not implement the class in the exercise., hasLongFeedbackText=false, reference=null, credits=null, positive=false, type=AUTOMATIC, visibility=null, testCase=null], FeedbackDTO[id=1075, text=testAttributes[Policy], detailText=The exercise expects a class with the name Policy in the package testpackage. You did not implement the class in the exercise., hasLongFeedbackText=false, reference=null, credits=null, positive=false, type=AUTOMATIC, visibility=null, testCase=null]], assessmentType=AUTOMATIC, hasComplaint=null, exampleResult=null, testCaseCount=13, passedTestCaseCount=0, codeIssueCount=0]], BuildJobQueueItem[id=20641739576764112, name=SHORT4DC244B40E51904DBF09D1D07EFB51569A98T9E7-SOLUTION, buildAgent=BuildAgentDTO[name=artemis-build-agent-test, memberAddress=[127.0.0.1]:5703, displayName=artemis-build-agent-test], participationId=2064, courseId=1004, exerciseId=2622, retryCount=0, priority=2, status=SUCCESSFUL, repositoryInfo=RepositoryInfo[repositoryName=short4dc244b40e51904dbf09d1d07efb51569a98t9e7-solution, repositoryType=solution, triggeredByPushTo=solution, assignmentRepositoryUri=http://localhost:49152/git/SHORT4DC244B40E51904DBF09D1D07EFB51569A98T9E7/short4dc244b40e51904dbf09d1d07efb51569a98t9e7-solution.git, testRepositoryUri=http://localhost:49152/git/SHORT4DC244B40E51904DBF09D1D07EFB51569A98T9E7/short4dc244b40e51904dbf09d1d07efb51569a98t9e7-tests.git, solutionRepositoryUri=null, auxiliaryRepositoryUris=[Ljava.lang.String;@51e0dec5, auxiliaryRepositoryCheckoutDirectories=[Ljava.lang.String;@5aeeb846], jobTimingInfo=JobTimingInfo[submissionDate=2025-02-14T23:46:04.112126913Z[Etc/UTC], buildStartDate=2025-02-14T23:46:05.232264507Z[Etc/UTC], buildCompletionDate=2025-02-14T23:46:06.182915498Z[Etc/UTC], estimatedCompletionDate=2025-02-14T23:46:24.232260149Z[Etc/UTC], estimatedDuration=19], buildConfig=BuildConfig[buildScript=#!/bin/bash
cd /var/tmp/testing-dir
Some script, dockerImage=dummy-docker-image, commitHashToBuild=null, assignmentCommitHash=221330b9b164316cadedcd1505ff3260d90e6691, testCommitHash=106892b5032dbcc929f32d283777eb646a0a7ab0, branch=main, programmingLanguage=JAVA, projectType=PLAIN_GRADLE, scaEnabled=false, sequentialTestRunsEnabled=false, resultPaths=[/var/tmp/testing-dir/**/test-results/test/*.xml], timeoutSeconds=0, assignmentCheckoutPath=null, testCheckoutPath=null, solutionCheckoutPath=null, dockerRunConfig=null], submissionResult=ResultDTO[id=644, completionDate=2025-02-14T23:46:06.169385846Z[Etc/UTC], successful=true, score=100.0, rated=true, submission=SubmissionDTO[id=837, submitted=false, type=INSTRUCTOR, exampleSubmission=null, submissionDate=2025-02-14T23:46:04.038689Z, commitHash=221330b9b164316cadedcd1505ff3260d90e6691, buildFailed=false, buildArtifact=false, participation=ParticipationDTO[id=2064, testRun=false, type=solution, submissionCount=null, exercise=ParticipationExerciseDTO[id=2622, exerciseType=PROGRAMMING, type=programming, assessmentType=SEMI_AUTOMATIC, dueDate=2025-02-21T23:46:03.542650Z, assessmentDueDate=null, maxPoints=5.0, course=CourseDTO[id=1004, accuracyOfScores=1]]], submissionExerciseType=programming, isProcessing=false, buildStartDate=null, estimatedCompletionDate=null], participation=ParticipationDTO[id=2064, testRun=false, type=solution, submissionCount=null, exercise=ParticipationExerciseDTO[id=2622, exerciseType=PROGRAMMING, type=programming, assessmentType=SEMI_AUTOMATIC, dueDate=2025-02-21T23:46:03.542650Z, assessmentDueDate=null, maxPoints=5.0, course=CourseDTO[id=1004, accuracyOfScores=1]]], feedbacks=[FeedbackDTO[id=1076, text=null, detailText=null, hasLongFeedbackText=false, reference=null, credits=0.38461538461538464, positive=true, type=AUTOMATIC, visibility=ALWAYS, testCase=TestCaseDTO[testName=testMethods[Context], id=1612]], FeedbackDTO[id=1077, text=null, detailText=null, hasLongFeedbackText=false, reference=null, credits=0.38461538461538464, positive=true, type=AUTOMATIC, visibility=ALWAYS, testCase=TestCaseDTO[testName=testMethods[Policy], id=1611]], FeedbackDTO[id=1078, text=null, detailText=null, hasLongFeedbackText=false, reference=null, credits=0.38461538461538464, positive=true, type=AUTOMATIC, visibility=ALWAYS, testCase=TestCaseDTO[testName=testMethods[SortStrategy], id=1613]], FeedbackDTO[id=1079, text=null, detailText=null, hasLongFeedbackText=false, reference=null, credits=0.38461538461538464, positive=true, type=AUTOMATIC, visibility=ALWAYS, testCase=TestCaseDTO[testName=testClass[MergeSort], id=1614]], FeedbackDTO[id=1080, text=null, detailText=null, hasLongFeedbackText=false, reference=null, credits=0.38461538461538464, positive=true, type=AUTOMATIC, visibility=ALWAYS, testCase=TestCaseDTO[testName=testClass[SortStrategy], id=1617]], FeedbackDTO[id=1081, text=null, detailText=null, hasLongFeedbackText=false, reference=null, credits=0.38461538461538464, positive=true, type=AUTOMATIC, visibility=ALWAYS, testCase=TestCaseDTO[testName=testClass[BubbleSort], id=1618]], FeedbackDTO[id=1082, text=null, detailText=null, hasLongFeedbackText=false, reference=null, credits=0.38461538461538464, positive=true, type=AUTOMATIC, visibility=ALWAYS, testCase=TestCaseDTO[testName=testMergeSort(), id=1620]], FeedbackDTO[id=1083, text=null, detailText=null, hasLongFeedbackText=false, reference=null, credits=0.38461538461538464, positive=true, type=AUTOMATIC, visibility=ALWAYS, testCase=TestCaseDTO[testName=testUseBubbleSortForSmallList(), id=1622]], FeedbackDTO[id=1084, text=null, detailText=null, hasLongFeedbackText=false, reference=null, credits=0.38461538461538464, positive=true, type=AUTOMATIC, visibility=ALWAYS, testCase=TestCaseDTO[testName=testBubbleSort(), id=1615]], FeedbackDTO[id=1085, text=null, detailText=null, hasLongFeedbackText=false, reference=null, credits=0.38461538461538464, positive=true, type=AUTOMATIC, visibility=ALWAYS, testCase=TestCaseDTO[testName=testUseMergeSortForBigList(), id=1619]], FeedbackDTO[id=1086, text=null, detailText=null, hasLongFeedbackText=false, reference=null, credits=0.38461538461538464, positive=true, type=AUTOMATIC, visibility=ALWAYS, testCase=TestCaseDTO[testName=testConstructors[Policy], id=1623]], FeedbackDTO[id=1087, text=null, detailText=null, hasLongFeedbackText=false, reference=null, credits=0.38461538461538464, positive=true, type=AUTOMATIC, visibility=ALWAYS, testCase=TestCaseDTO[testName=testAttributes[Context], id=1616]], FeedbackDTO[id=1088, text=null, detailText=null, hasLongFeedbackText=false, reference=null, credits=0.38461538461538464, positive=true, type=AUTOMATIC, visibility=ALWAYS, testCase=TestCaseDTO[testName=testAttributes[Policy], id=1621]]], assessmentType=AUTOMATIC, hasComplaint=null, exampleResult=null, testCaseCount=13, passedTestCaseCount=13, codeIssueCount=0]], BuildJobQueueItem[id=20711739576769873, name=SHORT119ADC0203685047B60A48204B1EA14EB29EIMPORTED-BASE, buildAgent=BuildAgentDTO[name=artemis-build-agent-test, memberAddress=[127.0.0.1]:5703, displayName=artemis-build-agent-test], participationId=2071, courseId=1007, exerciseId=2625, retryCount=0, priority=2, status=SUCCESSFUL, repositoryInfo=RepositoryInfo[repositoryName=short119adc0203685047b60a48204b1ea14eb29eimported-exercise, repositoryType=exercise, triggeredByPushTo=exercise, assignmentRepositoryUri=http://localhost:49152/git/SHORT119ADC0203685047B60A48204B1EA14EB29EIMPORTED/short119adc0203685047b60a48204b1ea14eb29eimported-exercise.git, testRepositoryUri=http://localhost:49152/git/SHORT119ADC0203685047B60A48204B1EA14EB29EIMPORTED/short119adc0203685047b60a48204b1ea14eb29eimported-tests.git, solutionRepositoryUri=null, auxiliaryRepositoryUris=[Ljava.lang.String;@64fb0dd8, auxiliaryRepositoryCheckoutDirectories=[Ljava.lang.String;@74697089], jobTimingInfo=JobTimingInfo[submissionDate=2025-02-14T23:46:09.873880717Z[Etc/UTC], buildStartDate=2025-02-14T23:46:09.877078790Z[Etc/UTC], buildCompletionDate=2025-02-14T23:46:11.190344481Z[Etc/UTC], estimatedCompletionDate=2025-02-14T23:46:28.877074652Z[Etc/UTC], estimatedDuration=19], buildConfig=BuildConfig[buildScript=#!/bin/bash
cd /var/tmp/testing-dir
chmod +x ./gradlew
./gradlew clean test
, dockerImage=dummy-docker-image, commitHashToBuild=null, assignmentCommitHash=fdf5d18917d97180fa8cd8dbe85fef02e40bdd6d, testCommitHash=fdf5d18917d97180fa8cd8dbe85fef02e40bdd6d, branch=main, programmingLanguage=JAVA, projectType=PLAIN_GRADLE, scaEnabled=false, sequentialTestRunsEnabled=false, resultPaths=[/var/tmp/testing-dir/**/test-results/test/*.xml], timeoutSeconds=0, assignmentCheckoutPath=null, testCheckoutPath=null, solutionCheckoutPath=null, dockerRunConfig=null], submissionResult=null], BuildJobQueueItem[id=20721739576769890, name=SHORT119ADC0203685047B60A48204B1EA14EB29EIMPORTED-SOLUTION, buildAgent=BuildAgentDTO[name=artemis-build-agent-test, memberAddress=[127.0.0.1]:5703, displayName=artemis-build-agent-test], participationId=2072, courseId=1007, exerciseId=2625, retryCount=0, priority=2, status=SUCCESSFUL, repositoryInfo=RepositoryInfo[repositoryName=short119adc0203685047b60a48204b1ea14eb29eimported-solution, repositoryType=solution, triggeredByPushTo=solution, assignmentRepositoryUri=http://localhost:49152/git/SHORT119ADC0203685047B60A48204B1EA14EB29EIMPORTED/short119adc0203685047b60a48204b1ea14eb29eimported-solution.git, testRepositoryUri=http://localhost:49152/git/SHORT119ADC0203685047B60A48204B1EA14EB29EIMPORTED/short119adc0203685047b60a48204b1ea14eb29eimported-tests.git, solutionRepositoryUri=null, auxiliaryRepositoryUris=[Ljava.lang.String;@23a88e37, auxiliaryRepositoryCheckoutDirectories=[Ljava.lang.String;@cab2e8c], jobTimingInfo=JobTimingInfo[submissionDate=2025-02-14T23:46:09.890822804Z[Etc/UTC], buildStartDate=2025-02-14T23:46:11.208247329Z[Etc/UTC], buildCompletionDate=2025-02-14T23:46:12.589293923Z[Etc/UTC], estimatedCompletionDate=2025-02-14T23:46:30.208240637Z[Etc/UTC], estimatedDuration=19], buildConfig=BuildConfig[buildScript=#!/bin/bash
cd /var/tmp/testing-dir
chmod +x ./gradlew
./gradlew clean test
, dockerImage=dummy-docker-image, commitHashToBuild=null, assignmentCommitHash=fdf5d18917d97180fa8cd8dbe85fef02e40bdd6d, testCommitHash=fdf5d18917d97180fa8cd8dbe85fef02e40bdd6d, branch=main, programmingLanguage=JAVA, projectType=PLAIN_GRADLE, scaEnabled=false, sequentialTestRunsEnabled=false, resultPaths=[/var/tmp/testing-dir/**/test-results/test/*.xml], timeoutSeconds=0, assignmentCheckoutPath=null, testCheckoutPath=null, solutionCheckoutPath=null, dockerRunConfig=null], submissionResult=null]], publicSshKey=ssh-rsa AAAAB3NzaC1yc2EAAAADAQABAAACAQCOPdMsxRE2jFJ/UEa5/LsBxtwzJcrh3/rYBCQvcMeVpiRfhzQPWu7mrt/G2Ew+i+vRloGH9aqKg6dd1liRncao53Zmd/ePxoatXePNhmzTfkCkcSkTUz7B+QMjkoDDV5jwuFPD6mF3JkhuzSi64n9Zy905t4w2IhVcjM2mL3eYNjiCXt6Qpq3Pkt7dM/Ksw1nxnvuiIALuJLB3FTkXkHqq3PJav+9HSq2r6ZaWgekneaGxlQlb+U+Vy3XOuArKAzK8c8i+0bR+AHiTG6ncYXt7ax3U+TdlDTF7OLP3umwaYjs1NBXOHwG42pevvpKn2fqavZZozk+M05jXLx3bq0O7itxfErWc7etky8qYPyyIMF/txQIVLd78+Ze4d7Y60t5MGbXM5cGE6fFif5fEJwgswXD+BrG0cafz1CTatjSKFdvp8Vp4VszXhHDan1PrP6JEFJ5Cc5GDmLRZPCFa3vL9f5qXgf4bkqKN8MYeEujwJE5nMRWoiJVNakix2bcrrneQMBlnYeYZVWXXXUusAQBzl4NgddC1umZpihZkL1b1MffZAUW3EGEXi7KHnllQhkTLLsQ8ntMgbylqaJKStqaXlLvdeRJcEnUuiFCrHEVVbXRFZR7XVDZ02CE5o3MuaRPty8Kh+jRTF3COlAckHwYEJCNNJvXFgb2CNXL4mjzYDw== test@localhost]
    23:46:12.865 | 566 localvc.event-13 | DEBUG | s.l.LocalCIWebsocketMessagingService : Sending message on topic /topic/admin/build-agents: [BuildAgentInformation[buildAgent=BuildAgentDTO[name=artemis-build-agent-test, memberAddress=[127.0.0.1]:5703, displayName=artemis-build-agent-test], maxNumberOfConcurrentBuildJobs=1, numberOfCurrentBuildJobs=0, runningBuildJobs=[], status=IDLE, recentBuildJobs=null, publicSshKey=null]]
    23:46:12.866 | 588 artemis-task-1   | DEBUG | d.t.c.a.a.c.c.w.GzipMessageConverter : Compressed message payload from 255 to 232 (saved 9.0% payload size)
    23:46:12.869 | 566 localvc.event-13 | DEBUG | s.l.LocalCIWebsocketMessagingService : Sending message on topic /topic/admin/build-agent/artemis-build-agent-test: BuildAgentInformation[buildAgent=BuildAgentDTO[name=artemis-build-agent-test, memberAddress=[127.0.0.1]:5703, displayName=artemis-build-agent-test], maxNumberOfConcurrentBuildJobs=1, numberOfCurrentBuildJobs=0, runningBuildJobs=[], status=IDLE, recentBuildJobs=[BuildJobQueueItem[id=19581739576715555, name=SHORTC1A3F9FC03D2304B4308FA20AF16D54AAA49TSTEXC-LOCALVCSSHINTSTUDENT1, buildAgent=BuildAgentDTO[name=artemis-build-agent-test, memberAddress=[127.0.0.1]:5703, displayName=artemis-build-agent-test], participationId=1958, courseId=965, exerciseId=2582, retryCount=0, priority=2, status=FAILED, repositoryInfo=RepositoryInfo[repositoryName=shortc1a3f9fc03d2304b4308fa20af16d54aaa49tstexc-localvcsshintstudent1, repositoryType=user, triggeredByPushTo=user, assignmentRepositoryUri=http://localhost:49152/git/SHORTC1A3F9FC03D2304B4308FA20AF16D54AAA49TSTEXC/shortc1a3f9fc03d2304b4308fa20af16d54aaa49tstexc-localvcsshintstudent1.git, testRepositoryUri=http://localhost:49152/git/SHORTC1A3F9FC03D2304B4308FA20AF16D54AAA49TSTEXC/shortc1a3f9fc03d2304b4308fa20af16d54aaa49tstexc-tests.git, solutionRepositoryUri=null, auxiliaryRepositoryUris=[Ljava.lang.String;@68ee5a56, auxiliaryRepositoryCheckoutDirectories=[Ljava.lang.String;@3d64d689], jobTimingInfo=JobTimingInfo[submissionDate=2025-02-14T23:45:15.555989584Z[Etc/UTC], buildStartDate=2025-02-14T23:45:15.568477627Z[Etc/UTC], buildCompletionDate=2025-02-14T23:45:15.579021148Z[Etc/UTC], estimatedCompletionDate=2025-02-14T23:45:34.568443924Z[Etc/UTC], estimatedDuration=19], buildConfig=BuildConfig[buildScript=#!/bin/bash
cd /var/tmp/testing-dir
chmod +x ./gradlew
./gradlew clean test
, dockerImage=dummy-docker-image:latest, commitHashToBuild=ca76dac20e040e6609db02fd7fedd56bf58829d7, assignmentCommitHash=ca76dac20e040e6609db02fd7fedd56bf58829d7, testCommitHash=bd0d58c226dc63bfa4bc9052870589952c0a1f83, branch=main, programmingLanguage=JAVA, projectType=PLAIN_GRADLE, scaEnabled=false, sequentialTestRunsEnabled=false, resultPaths=[/var/tmp/testing-dir/**/test-results/test/*.xml], timeoutSeconds=0, assignmentCheckoutPath=null, testCheckoutPath=null, solutionCheckoutPath=null, dockerRunConfig=null], submissionResult=ResultDTO[id=627, completionDate=2025-02-14T23:45:15.579119131Z[Etc/UTC], successful=false, score=0.0, rated=true, submission=SubmissionDTO[id=820, submitted=true, type=MANUAL, exampleSubmission=null, submissionDate=2025-02-14T23:45:15.548349Z, commitHash=ca76dac20e040e6609db02fd7fedd56bf58829d7, buildFailed=true, buildArtifact=false, participation=ParticipationDTO[id=1958, testRun=false, type=programming, submissionCount=null, exercise=ParticipationExerciseDTO[id=2582, exerciseType=PROGRAMMING, type=programming, assessmentType=AUTOMATIC, dueDate=2025-02-16T23:45:15.103512Z, assessmentDueDate=null, maxPoints=42.0, course=CourseDTO[id=965, accuracyOfScores=1]]], submissionExerciseType=programming, isProcessing=false, buildStartDate=null, estimatedCompletionDate=null], participation=ParticipationDTO[id=1958, testRun=false, type=programming, submissionCount=null, exercise=ParticipationExerciseDTO[id=2582, exerciseType=PROGRAMMING, type=programming, assessmentType=AUTOMATIC, dueDate=2025-02-16T23:45:15.103512Z, assessmentDueDate=null, maxPoints=42.0, course=CourseDTO[id=965, accuracyOfScores=1]]], feedbacks=[], assessmentType=AUTOMATIC, hasComplaint=null, exampleResult=null, testCaseCount=0, passedTestCaseCount=0, codeIssueCount=0]], BuildJobQueueItem[id=19801739576719393, name=SHORTB2A6C58B0D447045380A858075B170A5B7C6TSTEXC-LOCALVCSSHINTSTUDENT1, buildAgent=BuildAgentDTO[name=artemis-build-agent-test, memberAddress=[127.0.0.1]:5703, displayName=artemis-build-agent-test], participationId=1980, courseId=974, exerciseId=2591, retryCount=0, priority=2, status=FAILED, repositoryInfo=RepositoryInfo[repositoryName=shortb2a6c58b0d447045380a858075b170a5b7c6tstexc-localvcsshintstudent1, repositoryType=user, triggeredByPushTo=user, assignmentRepositoryUri=http://localhost:49152/git/SHORTB2A6C58B0D447045380A858075B170A5B7C6TSTEXC/shortb2a6c58b0d447045380a858075b170a5b7c6tstexc-localvcsshintstudent1.git, testRepositoryUri=http://localhost:49152/git/SHORTB2A6C58B0D447045380A858075B170A5B7C6TSTEXC/shortb2a6c58b0d447045380a858075b170a5b7c6tstexc-tests.git, solutionRepositoryUri=null, auxiliaryRepositoryUris=[Ljava.lang.String;@1efd6c3e, auxiliaryRepositoryCheckoutDirectories=[Ljava.lang.String;@14824610], jobTimingInfo=JobTimingInfo[submissionDate=2025-02-14T23:45:19.393259829Z[Etc/UTC], buildStartDate=2025-02-14T23:45:19.405438171Z[Etc/UTC], buildCompletionDate=2025-02-14T23:45:19.414070673Z[Etc/UTC], estimatedCompletionDate=2025-02-14T23:45:38.405431569Z[Etc/UTC], estimatedDuration=19], buildConfig=BuildConfig[buildScript=#!/bin/bash
cd /var/tmp/testing-dir
chmod +x ./gradlew
./gradlew clean test
, dockerImage=dummy-docker-image:latest, commitHashToBuild=363cdbf709a9fff149f813ab848ee800a675cc77, assignmentCommitHash=363cdbf709a9fff149f813ab848ee800a675cc77, testCommitHash=a5e046ece417b2e538f21f816e2524dab61e0d10, branch=main, programmingLanguage=JAVA, projectType=PLAIN_GRADLE, scaEnabled=false, sequentialTestRunsEnabled=false, resultPaths=[/var/tmp/testing-dir/**/test-results/test/*.xml], timeoutSeconds=0, assignmentCheckoutPath=null, testCheckoutPath=null, solutionCheckoutPath=null, dockerRunConfig=null], submissionResult=ResultDTO[id=628, completionDate=2025-02-14T23:45:19.414171040Z[Etc/UTC], successful=false, score=0.0, rated=true, submission=SubmissionDTO[id=821, submitted=true, type=MANUAL, exampleSubmission=null, submissionDate=2025-02-14T23:45:19.376840Z, commitHash=363cdbf709a9fff149f813ab848ee800a675cc77, buildFailed=true, buildArtifact=false, participation=ParticipationDTO[id=1980, testRun=false, type=programming, submissionCount=null, exercise=ParticipationExerciseDTO[id=2591, exerciseType=PROGRAMMING, type=programming, assessmentType=AUTOMATIC, dueDate=2025-02-16T23:45:18.950569Z, assessmentDueDate=null, maxPoints=42.0, course=CourseDTO[id=974, accuracyOfScores=1]]], submissionExerciseType=programming, isProcessing=false, buildStartDate=null, estimatedCompletionDate=null], participation=ParticipationDTO[id=1980, testRun=false, type=programming, submissionCount=null, exercise=ParticipationExerciseDTO[id=2591, exerciseType=PROGRAMMING, type=programming, assessmentType=AUTOMATIC, dueDate=2025-02-16T23:45:18.950569Z, assessmentDueDate=null, maxPoints=42.0, course=CourseDTO[id=974, accuracyOfScores=1]]], feedbacks=[], assessmentType=AUTOMATIC, hasComplaint=null, exampleResult=null, testCaseCount=0, passedTestCaseCount=0, codeIssueCount=0]], BuildJobQueueItem[id=19791739576719787, name=SHORTB2A6C58B0D447045380A858075B170A5B7C6TSTEXC-BASE, buildAgent=BuildAgentDTO[name=artemis-build-agent-test, memberAddress=[127.0.0.1]:5703, displayName=artemis-build-agent-test], participationId=1979, courseId=974, exerciseId=2591, retryCount=0, priority=2, status=FAILED, repositoryInfo=RepositoryInfo[repositoryName=shortb2a6c58b0d447045380a858075b170a5b7c6tstexc-exercise, repositoryType=exercise, triggeredByPushTo=exercise, assignmentRepositoryUri=http://localhost:49152/git/SHORTB2A6C58B0D447045380A858075B170A5B7C6TSTEXC/shortb2a6c58b0d447045380a858075b170a5b7c6tstexc-exercise.git, testRepositoryUri=http://localhost:49152/git/SHORTB2A6C58B0D447045380A858075B170A5B7C6TSTEXC/shortb2a6c58b0d447045380a858075b170a5b7c6tstexc-tests.git, solutionRepositoryUri=null, auxiliaryRepositoryUris=[Ljava.lang.String;@e24823c, auxiliaryRepositoryCheckoutDirectories=[Ljava.lang.String;@156fcdef], jobTimingInfo=JobTimingInfo[submissionDate=2025-02-14T23:45:19.787985058Z[Etc/UTC], buildStartDate=2025-02-14T23:45:19.796327417Z[Etc/UTC], buildCompletionDate=2025-02-14T23:45:19.799750982Z[Etc/UTC], estimatedCompletionDate=2025-02-14T23:45:38.796319082Z[Etc/UTC], estimatedDuration=19], buildConfig=BuildConfig[buildScript=#!/bin/bash
cd /var/tmp/testing-dir
chmod +x ./gradlew
./gradlew clean test
, dockerImage=dummy-docker-image:latest, commitHashToBuild=363cdbf709a9fff149f813ab848ee800a675cc77, assignmentCommitHash=363cdbf709a9fff149f813ab848ee800a675cc77, testCommitHash=a5e046ece417b2e538f21f816e2524dab61e0d10, branch=main, programmingLanguage=JAVA, projectType=PLAIN_GRADLE, scaEnabled=false, sequentialTestRunsEnabled=false, resultPaths=[/var/tmp/testing-dir/**/test-results/test/*.xml], timeoutSeconds=0, assignmentCheckoutPath=null, testCheckoutPath=null, solutionCheckoutPath=null, dockerRunConfig=null], submissionResult=ResultDTO[id=629, completionDate=2025-02-14T23:45:19.799820341Z[Etc/UTC], successful=false, score=0.0, rated=true, submission=SubmissionDTO[id=822, submitted=true, type=MANUAL, exampleSubmission=null, submissionDate=2025-02-14T23:45:19.775952Z, commitHash=363cdbf709a9fff149f813ab848ee800a675cc77, buildFailed=true, buildArtifact=false, participation=ParticipationDTO[id=1979, testRun=false, type=template, submissionCount=null, exercise=ParticipationExerciseDTO[id=2591, exerciseType=PROGRAMMING, type=programming, assessmentType=AUTOMATIC, dueDate=2025-02-16T23:45:18.950569Z, assessmentDueDate=null, maxPoints=42.0, course=CourseDTO[id=974, accuracyOfScores=1]]], submissionExerciseType=programming, isProcessing=false, buildStartDate=null, estimatedCompletionDate=null], participation=ParticipationDTO[id=1979, testRun=false, type=template, submissionCount=null, exercise=ParticipationExerciseDTO[id=2591, exerciseType=PROGRAMMING, type=programming, assessmentType=AUTOMATIC, dueDate=2025-02-16T23:45:18.950569Z, assessmentDueDate=null, maxPoints=42.0, course=CourseDTO[id=974, accuracyOfScores=1]]], feedbacks=[], assessmentType=AUTOMATIC, hasComplaint=null, exampleResult=null, testCaseCount=0, passedTestCaseCount=0, codeIssueCount=0]], BuildJobQueueItem[id=19781739576720235, name=SHORTB2A6C58B0D447045380A858075B170A5B7C6TSTEXC-SOLUTION, buildAgent=BuildAgentDTO[name=artemis-build-agent-test, memberAddress=[127.0.0.1]:5703, displayName=artemis-build-agent-test], participationId=1978, courseId=974, exerciseId=2591, retryCount=0, priority=2, status=FAILED, repositoryInfo=RepositoryInfo[repositoryName=shortb2a6c58b0d447045380a858075b170a5b7c6tstexc-solution, repositoryType=solution, triggeredByPushTo=solution, assignmentRepositoryUri=http://localhost:49152/git/SHORTB2A6C58B0D447045380A858075B170A5B7C6TSTEXC/shortb2a6c58b0d447045380a858075b170a5b7c6tstexc-solution.git, testRepositoryUri=http://localhost:49152/git/SHORTB2A6C58B0D447045380A858075B170A5B7C6TSTEXC/shortb2a6c58b0d447045380a858075b170a5b7c6tstexc-tests.git, solutionRepositoryUri=null, auxiliaryRepositoryUris=[Ljava.lang.String;@6086dfe0, auxiliaryRepositoryCheckoutDirectories=[Ljava.lang.String;@66b2b726], jobTimingInfo=JobTimingInfo[submissionDate=2025-02-14T23:45:20.235272325Z[Etc/UTC], buildStartDate=2025-02-14T23:45:20.243033812Z[Etc/UTC], buildCompletionDate=2025-02-14T23:45:20.250721018Z[Etc/UTC], estimatedCompletionDate=2025-02-14T23:45:39.243026949Z[Etc/UTC], estimatedDuration=19], buildConfig=BuildConfig[buildScript=#!/bin/bash
cd /var/tmp/testing-dir
chmod +x ./gradlew
./gradlew clean test
, dockerImage=dummy-docker-image:latest, commitHashToBuild=c710d0e68c9c7db8cda7d1a278308de2b9642cc0, assignmentCommitHash=c710d0e68c9c7db8cda7d1a278308de2b9642cc0, testCommitHash=a5e046ece417b2e538f21f816e2524dab61e0d10, branch=main, programmingLanguage=JAVA, projectType=PLAIN_GRADLE, scaEnabled=false, sequentialTestRunsEnabled=false, resultPaths=[/var/tmp/testing-dir/**/test-results/test/*.xml], timeoutSeconds=0, assignmentCheckoutPath=null, testCheckoutPath=null, solutionCheckoutPath=null, dockerRunConfig=null], submissionResult=ResultDTO[id=630, completionDate=2025-02-14T23:45:20.250809893Z[Etc/UTC], successful=false, score=0.0, rated=true, submission=SubmissionDTO[id=823, submitted=true, type=MANUAL, exampleSubmission=null, submissionDate=2025-02-14T23:45:20.211707Z, commitHash=c710d0e68c9c7db8cda7d1a278308de2b9642cc0, buildFailed=true, buildArtifact=false, participation=ParticipationDTO[id=1978, testRun=false, type=solution, submissionCount=null, exercise=ParticipationExerciseDTO[id=2591, exerciseType=PROGRAMMING, type=programming, assessmentType=AUTOMATIC, dueDate=2025-02-16T23:45:18.950569Z, assessmentDueDate=null, maxPoints=42.0, course=CourseDTO[id=974, accuracyOfScores=1]]], submissionExerciseType=programming, isProcessing=false, buildStartDate=null, estimatedCompletionDate=null], participation=ParticipationDTO[id=1978, testRun=false, type=solution, submissionCount=null, exercise=ParticipationExerciseDTO[id=2591, exerciseType=PROGRAMMING, type=programming, assessmentType=AUTOMATIC, dueDate=2025-02-16T23:45:18.950569Z, assessmentDueDate=null, maxPoints=42.0, course=CourseDTO[id=974, accuracyOfScores=1]]], feedbacks=[], assessmentType=AUTOMATIC, hasComplaint=null, exampleResult=null, testCaseCount=0, passedTestCaseCount=0, codeIssueCount=0]], BuildJobQueueItem[id=19781739576720802, name=SHORTB2A6C58B0D447045380A858075B170A5B7C6TSTEXC-SOLUTION, buildAgent=BuildAgentDTO[name=artemis-build-agent-test, memberAddress=[127.0.0.1]:5703, displayName=artemis-build-agent-test], participationId=1978, courseId=974, exerciseId=2591, retryCount=0, priority=2, status=FAILED, repositoryInfo=RepositoryInfo[repositoryName=shortb2a6c58b0d447045380a858075b170a5b7c6tstexc-solution, repositoryType=solution, triggeredByPushTo=tests, assignmentRepositoryUri=http://localhost:49152/git/SHORTB2A6C58B0D447045380A858075B170A5B7C6TSTEXC/shortb2a6c58b0d447045380a858075b170a5b7c6tstexc-solution.git, testRepositoryUri=http://localhost:49152/git/SHORTB2A6C58B0D447045380A858075B170A5B7C6TSTEXC/shortb2a6c58b0d447045380a858075b170a5b7c6tstexc-tests.git, solutionRepositoryUri=null, auxiliaryRepositoryUris=[Ljava.lang.String;@4cadecae, auxiliaryRepositoryCheckoutDirectories=[Ljava.lang.String;@27465061], jobTimingInfo=JobTimingInfo[submissionDate=2025-02-14T23:45:20.802935026Z[Etc/UTC], buildStartDate=2025-02-14T23:45:20.809306435Z[Etc/UTC], buildCompletionDate=2025-02-14T23:45:20.822452342Z[Etc/UTC], estimatedCompletionDate=2025-02-14T23:45:39.809298491Z[Etc/UTC], estimatedDuration=19], buildConfig=BuildConfig[buildScript=#!/bin/bash
cd /var/tmp/testing-dir
chmod +x ./gradlew
./gradlew clean test
, dockerImage=dummy-docker-image:latest, commitHashToBuild=c710d0e68c9c7db8cda7d1a278308de2b9642cc0, assignmentCommitHash=c710d0e68c9c7db8cda7d1a278308de2b9642cc0, testCommitHash=c710d0e68c9c7db8cda7d1a278308de2b9642cc0, branch=main, programmingLanguage=JAVA, projectType=PLAIN_GRADLE, scaEnabled=false, sequentialTestRunsEnabled=false, resultPaths=[/var/tmp/testing-dir/**/test-results/test/*.xml], timeoutSeconds=0, assignmentCheckoutPath=null, testCheckoutPath=null, solutionCheckoutPath=null, dockerRunConfig=null], submissionResult=ResultDTO[id=631, completionDate=2025-02-14T23:45:20.822527362Z[Etc/UTC], successful=false, score=0.0, rated=true, submission=SubmissionDTO[id=824, submitted=true, type=TEST, exampleSubmission=null, submissionDate=2025-02-14T23:45:20.791240Z, commitHash=c710d0e68c9c7db8cda7d1a278308de2b9642cc0, buildFailed=true, buildArtifact=false, participation=ParticipationDTO[id=1978, testRun=false, type=solution, submissionCount=null, exercise=ParticipationExerciseDTO[id=2591, exerciseType=PROGRAMMING, type=programming, assessmentType=AUTOMATIC, dueDate=2025-02-16T23:45:18.950569Z, assessmentDueDate=null, maxPoints=42.0, course=CourseDTO[id=974, accuracyOfScores=1]]], submissionExerciseType=programming, isProcessing=false, buildStartDate=null, estimatedCompletionDate=null], participation=ParticipationDTO[id=1978, testRun=false, type=solution, submissionCount=null, exercise=ParticipationExerciseDTO[id=2591, exerciseType=PROGRAMMING, type=programming, assessmentType=AUTOMATIC, dueDate=2025-02-16T23:45:18.950569Z, assessmentDueDate=null, maxPoints=42.0, course=CourseDTO[id=974, accuracyOfScores=1]]], feedbacks=[], assessmentType=AUTOMATIC, hasComplaint=null, exampleResult=null, testCaseCount=0, passedTestCaseCount=0, codeIssueCount=0]], BuildJobQueueItem[id=20061739576732554, name=SHORT94A899E303D7504C5D0840704DAAFA3DFF4DTSTEXC-LOCALVCCIINTINSTRUCTOR1, buildAgent=BuildAgentDTO[name=artemis-build-agent-test, memberAddress=[127.0.0.1]:5703, displayName=artemis-build-agent-test], participationId=2006, courseId=984, exerciseId=2601, retryCount=0, priority=2, status=SUCCESSFUL, repositoryInfo=RepositoryInfo[repositoryName=short94a899e303d7504c5d0840704daafa3dff4dtstexc-localvcciintinstructor1, repositoryType=user, triggeredByPushTo=user, assignmentRepositoryUri=http://localhost:49152/git/SHORT94A899E303D7504C5D0840704DAAFA3DFF4DTSTEXC/short94a899e303d7504c5d0840704daafa3dff4dtstexc-localvcciintinstructor1.git, testRepositoryUri=http://localhost:49152/git/SHORT94A899E303D7504C5D0840704DAAFA3DFF4DTSTEXC/short94a899e303d7504c5d0840704daafa3dff4dtstexc-tests.git, solutionRepositoryUri=null, auxiliaryRepositoryUris=[Ljava.lang.String;@71e9e2b6, auxiliaryRepositoryCheckoutDirectories=[Ljava.lang.String;@211602a], jobTimingInfo=JobTimingInfo[submissionDate=2025-02-14T23:45:32.554795798Z[Etc/UTC], buildStartDate=2025-02-14T23:45:32.567287465Z[Etc/UTC], buildCompletionDate=2025-02-14T23:45:34.535226768Z[Etc/UTC], estimatedCompletionDate=2025-02-14T23:45:51.567257960Z[Etc/UTC], estimatedDuration=19], buildConfig=BuildConfig[buildScript=#!/bin/bash
cd /var/tmp/testing-dir
chmod +x ./gradlew
./gradlew clean test
, dockerImage=dummy-docker-image:latest, commitHashToBuild=ca2dbc0ae87edf7035058a6a17c0ea60e90a290f, assignmentCommitHash=ca2dbc0ae87edf7035058a6a17c0ea60e90a290f, testCommitHash=0207f6f98af5fbb66ad68455f3fc3cf128af8ae9, branch=main, programmingLanguage=JAVA, projectType=PLAIN_GRADLE, scaEnabled=false, sequentialTestRunsEnabled=false, resultPaths=[/var/tmp/testing-dir/**/test-results/test/*.xml], timeoutSeconds=0, assignmentCheckoutPath=null, testCheckoutPath=null, solutionCheckoutPath=null, dockerRunConfig=null], submissionResult=ResultDTO[id=632, completionDate=2025-02-14T23:45:34.504415716Z[Etc/UTC], successful=false, score=7.7, rated=false, submission=SubmissionDTO[id=826, submitted=true, type=MANUAL, exampleSubmission=null, submissionDate=2025-02-14T23:45:32.541533Z, commitHash=ca2dbc0ae87edf7035058a6a17c0ea60e90a290f, buildFailed=false, buildArtifact=false, participation=ParticipationDTO[id=2006, testRun=true, type=programming, submissionCount=null, exercise=ParticipationExerciseDTO[id=2601, exerciseType=PROGRAMMING, type=programming, assessmentType=AUTOMATIC, dueDate=2025-02-16T23:45:31.864042Z, assessmentDueDate=null, maxPoints=42.0, course=CourseDTO[id=984, accuracyOfScores=1]]], submissionExerciseType=programming, isProcessing=false, buildStartDate=null, estimatedCompletionDate=null], participation=ParticipationDTO[id=2006, testRun=true, type=programming, submissionCount=null, exercise=ParticipationExerciseDTO[id=2601, exerciseType=PROGRAMMING, type=programming, assessmentType=AUTOMATIC, dueDate=2025-02-16T23:45:31.864042Z, assessmentDueDate=null, maxPoints=42.0, course=CourseDTO[id=984, accuracyOfScores=1]]], feedbacks=[FeedbackDTO[id=920, text=null, detailText=The exercise expects a class with the name Context in the package testpackage. You did not implement the class in the exercise., hasLongFeedbackText=false, reference=null, credits=0.0, positive=false, type=AUTOMATIC, visibility=ALWAYS, testCase=TestCaseDTO[testName=null, id=1357]], FeedbackDTO[id=921, text=null, detailText=The exercise expects a class with the name Policy in the package testpackage. You did not implement the class in the exercise., hasLongFeedbackText=false, reference=null, credits=0.0, positive=false, type=AUTOMATIC, visibility=ALWAYS, testCase=TestCaseDTO[testName=null, id=1358]], FeedbackDTO[id=922, text=null, detailText=The exercise expects a class with the name SortStrategy in the package testpackage. You did not implement the class in the exercise., hasLongFeedbackText=false, reference=null, credits=0.0, positive=false, type=AUTOMATIC, visibility=ALWAYS, testCase=TestCaseDTO[testName=null, id=1359]], FeedbackDTO[id=923, text=null, detailText=The class 'MergeSort' does not implement the interface 'SortStrategy' as expected. Implement the interface and its methods., hasLongFeedbackText=false, reference=null, credits=0.0, positive=false, type=AUTOMATIC, visibility=ALWAYS, testCase=TestCaseDTO[testName=null, id=1354]], FeedbackDTO[id=924, text=null, detailText=The exercise expects a class with the name SortStrategy in the package testpackage. You did not implement the class in the exercise., hasLongFeedbackText=false, reference=null, credits=0.0, positive=false, type=AUTOMATIC, visibility=ALWAYS, testCase=TestCaseDTO[testName=null, id=1351]], FeedbackDTO[id=925, text=null, detailText=The class 'BubbleSort' does not implement the interface 'SortStrategy' as expected. Implement the interface and its methods., hasLongFeedbackText=false, reference=null, credits=0.0, positive=false, type=AUTOMATIC, visibility=ALWAYS, testCase=TestCaseDTO[testName=null, id=1355]], FeedbackDTO[id=926, text=null, detailText=MergeSort does not sort correctly, hasLongFeedbackText=false, reference=null, credits=0.0, positive=false, type=AUTOMATIC, visibility=ALWAYS, testCase=TestCaseDTO[testName=null, id=1360]], FeedbackDTO[id=927, text=null, detailText=The class 'Context' was not found within the submission. Make sure to implement it properly., hasLongFeedbackText=false, reference=null, credits=0.0, positive=false, type=AUTOMATIC, visibility=ALWAYS, testCase=TestCaseDTO[testName=null, id=1361]], FeedbackDTO[id=928, text=null, detailText=The class 'Context' was not found within the submission. Make sure to implement it properly., hasLongFeedbackText=false, reference=null, credits=0.0, positive=false, type=AUTOMATIC, visibility=ALWAYS, testCase=TestCaseDTO[testName=null, id=1362]], FeedbackDTO[id=929, text=null, detailText=The exercise expects a class with the name Policy in the package testpackage. You did not implement the class in the exercise., hasLongFeedbackText=false, reference=null, credits=0.0, positive=false, type=AUTOMATIC, visibility=ALWAYS, testCase=TestCaseDTO[testName=null, id=1356]], FeedbackDTO[id=930, text=null, detailText=The exercise expects a class with the name Context in the package testpackage. You did not implement the class in the exercise., hasLongFeedbackText=false, reference=null, credits=0.0, positive=false, type=AUTOMATIC, visibility=ALWAYS, testCase=TestCaseDTO[testName=null, id=1352]], FeedbackDTO[id=931, text=null, detailText=The exercise expects a class with the name Policy in the package testpackage. You did not implement the class in the exercise., hasLongFeedbackText=false, reference=null, credits=0.0, positive=false, type=AUTOMATIC, visibility=ALWAYS, testCase=TestCaseDTO[testName=null, id=1353]], FeedbackDTO[id=932, text=null, detailText=null, hasLongFeedbackText=false, reference=null, credits=3.230769230769231, positive=true, type=AUTOMATIC, visibility=ALWAYS, testCase=TestCaseDTO[testName=null, id=1363]]], assessmentType=AUTOMATIC, hasComplaint=null, exampleResult=null, testCaseCount=13, passedTestCaseCount=1, codeIssueCount=0]], BuildJobQueueItem[id=20111739576737317, name=SHORTD49A6DAE04F9E049850BD5601663FD17A5B7TSTEXC-BASE, buildAgent=BuildAgentDTO[name=artemis-build-agent-test, memberAddress=[127.0.0.1]:5703, displayName=artemis-build-agent-test], participationId=2011, courseId=986, exerciseId=2603, retryCount=0, priority=2, status=SUCCESSFUL, repositoryInfo=RepositoryInfo[repositoryName=shortd49a6dae04f9e049850bd5601663fd17a5b7tstexc-exercise, repositoryType=exercise, triggeredByPushTo=exercise, assignmentRepositoryUri=http://localhost:49152/git/SHORTD49A6DAE04F9E049850BD5601663FD17A5B7TSTEXC/shortd49a6dae04f9e049850bd5601663fd17a5b7tstexc-exercise.git, testRepositoryUri=http://localhost:49152/git/SHORTD49A6DAE04F9E049850BD5601663FD17A5B7TSTEXC/shortd49a6dae04f9e049850bd5601663fd17a5b7tstexc-tests.git, solutionRepositoryUri=null, auxiliaryRepositoryUris=[Ljava.lang.String;@21fa245a, auxiliaryRepositoryCheckoutDirectories=[Ljava.lang.String;@34aaad5c], jobTimingInfo=JobTimingInfo[submissionDate=2025-02-14T23:45:37.317968648Z[Etc/UTC], buildStartDate=2025-02-14T23:45:37.324534774Z[Etc/UTC], buildCompletionDate=2025-02-14T23:45:38.527225461Z[Etc/UTC], estimatedCompletionDate=2025-02-14T23:45:56.324506331Z[Etc/UTC], estimatedDuration=19], buildConfig=BuildConfig[buildScript=#!/bin/bash
cd /var/tmp/testing-dir
chmod +x ./gradlew
./gradlew clean test
, dockerImage=dummy-docker-image:latest, commitHashToBuild=c795243c185829bbefa399f45dcbcfac22311b2f, assignmentCommitHash=c795243c185829bbefa399f45dcbcfac22311b2f, testCommitHash=fa8b162170bf767d852e05e0eb7a128efa2e1f34, branch=main, programmingLanguage=JAVA, projectType=PLAIN_GRADLE, scaEnabled=false, sequentialTestRunsEnabled=false, resultPaths=[/var/tmp/testing-dir/**/test-results/test/*.xml], timeoutSeconds=0, assignmentCheckoutPath=null, testCheckoutPath=null, solutionCheckoutPath=null, dockerRunConfig=null], submissionResult=ResultDTO[id=633, completionDate=2025-02-14T23:45:38.476795726Z[Etc/UTC], successful=false, score=0.0, rated=true, submission=SubmissionDTO[id=827, submitted=true, type=MANUAL, exampleSubmission=null, submissionDate=2025-02-14T23:45:37.303401Z, commitHash=c795243c185829bbefa399f45dcbcfac22311b2f, buildFailed=false, buildArtifact=false, participation=ParticipationDTO[id=2011, testRun=false, type=template, submissionCount=null, exercise=ParticipationExerciseDTO[id=2603, exerciseType=PROGRAMMING, type=programming, assessmentType=AUTOMATIC, dueDate=2025-02-16T23:45:36.830269Z, assessmentDueDate=null, maxPoints=42.0, course=CourseDTO[id=986, accuracyOfScores=1]]], submissionExerciseType=programming, isProcessing=false, buildStartDate=null, estimatedCompletionDate=null], participation=ParticipationDTO[id=2011, testRun=false, type=template, submissionCount=null, exercise=ParticipationExerciseDTO[id=2603, exerciseType=PROGRAMMING, type=programming, assessmentType=AUTOMATIC, dueDate=2025-02-16T23:45:36.830269Z, assessmentDueDate=null, maxPoints=42.0, course=CourseDTO[id=986, accuracyOfScores=1]]], feedbacks=[FeedbackDTO[id=933, text=null, detailText=The exercise expects a class with the name Context in the package testpackage. You did not implement the class in the exercise., hasLongFeedbackText=false, reference=null, credits=0.0, positive=false, type=AUTOMATIC, visibility=ALWAYS, testCase=TestCaseDTO[testName=testMethods[Context], id=1383]], FeedbackDTO[id=934, text=null, detailText=The exercise expects a class with the name Policy in the package testpackage. You did not implement the class in the exercise., hasLongFeedbackText=false, reference=null, credits=0.0, positive=false, type=AUTOMATIC, visibility=ALWAYS, testCase=TestCaseDTO[testName=testMethods[Policy], id=1384]], FeedbackDTO[id=935, text=null, detailText=The exercise expects a class with the name SortStrategy in the package testpackage. You did not implement the class in the exercise., hasLongFeedbackText=false, reference=null, credits=0.0, positive=false, type=AUTOMATIC, visibility=ALWAYS, testCase=TestCaseDTO[testName=testMethods[SortStrategy], id=1385]], FeedbackDTO[id=936, text=null, detailText=The class 'MergeSort' does not implement the interface 'SortStrategy' as expected. Implement the interface and its methods., hasLongFeedbackText=false, reference=null, credits=0.0, positive=false, type=AUTOMATIC, visibility=ALWAYS, testCase=TestCaseDTO[testName=testClass[MergeSort], id=1380]], FeedbackDTO[id=937, text=null, detailText=The exercise expects a class with the name SortStrategy in the package testpackage. You did not implement the class in the exercise., hasLongFeedbackText=false, reference=null, credits=0.0, positive=false, type=AUTOMATIC, visibility=ALWAYS, testCase=TestCaseDTO[testName=testClass[SortStrategy], id=1377]], FeedbackDTO[id=938, text=null, detailText=The class 'BubbleSort' does not implement the interface 'SortStrategy' as expected. Implement the interface and its methods., hasLongFeedbackText=false, reference=null, credits=0.0, positive=false, type=AUTOMATIC, visibility=ALWAYS, testCase=TestCaseDTO[testName=testClass[BubbleSort], id=1381]], FeedbackDTO[id=939, text=null, detailText=MergeSort does not sort correctly, hasLongFeedbackText=false, reference=null, credits=0.0, positive=false, type=AUTOMATIC, visibility=ALWAYS, testCase=TestCaseDTO[testName=testMergeSort(), id=1386]], FeedbackDTO[id=940, text=null, detailText=The class 'Context' was not found within the submission. Make sure to implement it properly., hasLongFeedbackText=false, reference=null, credits=0.0, positive=false, type=AUTOMATIC, visibility=ALWAYS, testCase=TestCaseDTO[testName=testUseBubbleSortForSmallList(), id=1387]], FeedbackDTO[id=941, text=null, detailText=BubbleSort does not sort correctly, hasLongFeedbackText=false, reference=null, credits=0.0, positive=false, type=AUTOMATIC, visibility=ALWAYS, testCase=TestCaseDTO[testName=testBubbleSort(), id=1389]], FeedbackDTO[id=942, text=null, detailText=The class 'Context' was not found within the submission. Make sure to implement it properly., hasLongFeedbackText=false, reference=null, credits=0.0, positive=false, type=AUTOMATIC, visibility=ALWAYS, testCase=TestCaseDTO[testName=testUseMergeSortForBigList(), id=1388]], FeedbackDTO[id=943, text=null, detailText=The exercise expects a class with the name Policy in the package testpackage. You did not implement the class in the exercise., hasLongFeedbackText=false, reference=null, credits=0.0, positive=false, type=AUTOMATIC, visibility=ALWAYS, testCase=TestCaseDTO[testName=testConstructors[Policy], id=1382]], FeedbackDTO[id=944, text=null, detailText=The exercise expects a class with the name Context in the package testpackage. You did not implement the class in the exercise., hasLongFeedbackText=false, reference=null, credits=0.0, positive=false, type=AUTOMATIC, visibility=ALWAYS, testCase=TestCaseDTO[testName=testAttributes[Context], id=1378]], FeedbackDTO[id=945, text=null, detailText=The exercise expects a class with the name Policy in the package testpackage. You did not implement the class in the exercise., hasLongFeedbackText=false, reference=null, credits=0.0, positive=false, type=AUTOMATIC, visibility=ALWAYS, testCase=TestCaseDTO[testName=testAttributes[Policy], id=1379]]], assessmentType=AUTOMATIC, hasComplaint=null, exampleResult=null, testCaseCount=13, passedTestCaseCount=0, codeIssueCount=0]], BuildJobQueueItem[id=20171739576740018, name=SHORT7914AFA00ADC3047140B99D01AC07810CE44TSTEXC-LOCALVCCIINTSTUDENT1, buildAgent=BuildAgentDTO[name=artemis-build-agent-test, memberAddress=[127.0.0.1]:5703, displayName=artemis-build-agent-test], participationId=2017, courseId=988, exerciseId=2605, retryCount=0, priority=2, status=SUCCESSFUL, repositoryInfo=RepositoryInfo[repositoryName=short7914afa00adc3047140b99d01ac07810ce44tstexc-practice-localvcciintstudent1, repositoryType=user, triggeredByPushTo=user, assignmentRepositoryUri=http://localhost:49152/git/SHORT7914AFA00ADC3047140B99D01AC07810CE44TSTEXC/short7914afa00adc3047140b99d01ac07810ce44tstexc-practice-localvcciintstudent1.git, testRepositoryUri=http://localhost:49152/git/SHORT7914AFA00ADC3047140B99D01AC07810CE44TSTEXC/short7914afa00adc3047140b99d01ac07810ce44tstexc-tests.git, solutionRepositoryUri=null, auxiliaryRepositoryUris=[Ljava.lang.String;@a68052d, auxiliaryRepositoryCheckoutDirectories=[Ljava.lang.String;@371247a], jobTimingInfo=JobTimingInfo[submissionDate=2025-02-14T23:45:40.018961253Z[Etc/UTC], buildStartDate=2025-02-14T23:45:40.029742701Z[Etc/UTC], buildCompletionDate=2025-02-14T23:45:41.150208242Z[Etc/UTC], estimatedCompletionDate=2025-02-14T23:45:59.029734065Z[Etc/UTC], estimatedDuration=19], buildConfig=BuildConfig[buildScript=#!/bin/bash
cd /var/tmp/testing-dir
chmod +x ./gradlew
./gradlew clean test
, dockerImage=dummy-docker-image:latest, commitHashToBuild=d80b57877989b971e83ccdb4863c8a7023c76266, assignmentCommitHash=d80b57877989b971e83ccdb4863c8a7023c76266, testCommitHash=327b116890c92b1312314341f43f21ef13ecf7d7, branch=main, programmingLanguage=JAVA, projectType=PLAIN_GRADLE, scaEnabled=false, sequentialTestRunsEnabled=false, resultPaths=[/var/tmp/testing-dir/**/test-results/test/*.xml], timeoutSeconds=0, assignmentCheckoutPath=null, testCheckoutPath=null, solutionCheckoutPath=null, dockerRunConfig=null], submissionResult=ResultDTO[id=634, completionDate=2025-02-14T23:45:41.120192603Z[Etc/UTC], successful=false, score=7.7, rated=false, submission=SubmissionDTO[id=828, submitted=true, type=MANUAL, exampleSubmission=null, submissionDate=2025-02-14T23:45:40.008666Z, commitHash=d80b57877989b971e83ccdb4863c8a7023c76266, buildFailed=false, buildArtifact=false, participation=ParticipationDTO[id=2017, testRun=true, type=programming, submissionCount=null, exercise=ParticipationExerciseDTO[id=2605, exerciseType=PROGRAMMING, type=programming, assessmentType=AUTOMATIC, dueDate=2025-02-16T23:45:39.523500Z, assessmentDueDate=null, maxPoints=42.0, course=CourseDTO[id=988, accuracyOfScores=1]]], submissionExerciseType=programming, isProcessing=false, buildStartDate=null, estimatedCompletionDate=null], participation=ParticipationDTO[id=2017, testRun=true, type=programming, submissionCount=null, exercise=ParticipationExerciseDTO[id=2605, exerciseType=PROGRAMMING, type=programming, assessmentType=AUTOMATIC, dueDate=2025-02-16T23:45:39.523500Z, assessmentDueDate=null, maxPoints=42.0, course=CourseDTO[id=988, accuracyOfScores=1]]], feedbacks=[FeedbackDTO[id=946, text=null, detailText=The exercise expects a class with the name Context in the package testpackage. You did not implement the class in the exercise., hasLongFeedbackText=false, reference=null, credits=0.0, positive=false, type=AUTOMATIC, visibility=ALWAYS, testCase=TestCaseDTO[testName=null, id=1409]], FeedbackDTO[id=947, text=null, detailText=The exercise expects a class with the name Policy in the package testpackage. You did not implement the class in the exercise., hasLongFeedbackText=false, reference=null, credits=0.0, positive=false, type=AUTOMATIC, visibility=ALWAYS, testCase=TestCaseDTO[testName=null, id=1410]], FeedbackDTO[id=948, text=null, detailText=The exercise expects a class with the name SortStrategy in the package testpackage. You did not implement the class in the exercise., hasLongFeedbackText=false, reference=null, credits=0.0, positive=false, type=AUTOMATIC, visibility=ALWAYS, testCase=TestCaseDTO[testName=null, id=1411]], FeedbackDTO[id=949, text=null, detailText=The class 'MergeSort' does not implement the interface 'SortStrategy' as expected. Implement the interface and its methods., hasLongFeedbackText=false, reference=null, credits=0.0, positive=false, type=AUTOMATIC, visibility=ALWAYS, testCase=TestCaseDTO[testName=null, id=1406]], FeedbackDTO[id=950, text=null, detailText=The exercise expects a class with the name SortStrategy in the package testpackage. You did not implement the class in the exercise., hasLongFeedbackText=false, reference=null, credits=0.0, positive=false, type=AUTOMATIC, visibility=ALWAYS, testCase=TestCaseDTO[testName=null, id=1403]], FeedbackDTO[id=951, text=null, detailText=The class 'BubbleSort' does not implement the interface 'SortStrategy' as expected. Implement the interface and its methods., hasLongFeedbackText=false, reference=null, credits=0.0, positive=false, type=AUTOMATIC, visibility=ALWAYS, testCase=TestCaseDTO[testName=null, id=1407]], FeedbackDTO[id=952, text=null, detailText=MergeSort does not sort correctly, hasLongFeedbackText=false, reference=null, credits=0.0, positive=false, type=AUTOMATIC, visibility=ALWAYS, testCase=TestCaseDTO[testName=null, id=1412]], FeedbackDTO[id=953, text=null, detailText=The class 'Context' was not found within the submission. Make sure to implement it properly., hasLongFeedbackText=false, reference=null, credits=0.0, positive=false, type=AUTOMATIC, visibility=ALWAYS, testCase=TestCaseDTO[testName=null, id=1413]], FeedbackDTO[id=954, text=null, detailText=The class 'Context' was not found within the submission. Make sure to implement it properly., hasLongFeedbackText=false, reference=null, credits=0.0, positive=false, type=AUTOMATIC, visibility=ALWAYS, testCase=TestCaseDTO[testName=null, id=1414]], FeedbackDTO[id=955, text=null, detailText=The exercise expects a class with the name Policy in the package testpackage. You did not implement the class in the exercise., hasLongFeedbackText=false, reference=null, credits=0.0, positive=false, type=AUTOMATIC, visibility=ALWAYS, testCase=TestCaseDTO[testName=null, id=1408]], FeedbackDTO[id=956, text=null, detailText=The exercise expects a class with the name Context in the package testpackage. You did not implement the class in the exercise., hasLongFeedbackText=false, reference=null, credits=0.0, positive=false, type=AUTOMATIC, visibility=ALWAYS, testCase=TestCaseDTO[testName=null, id=1404]], FeedbackDTO[id=957, text=null, detailText=The exercise expects a class with the name Policy in the package testpackage. You did not implement the class in the exercise., hasLongFeedbackText=false, reference=null, credits=0.0, positive=false, type=AUTOMATIC, visibility=ALWAYS, testCase=TestCaseDTO[testName=null, id=1405]], FeedbackDTO[id=958, text=null, detailText=null, hasLongFeedbackText=false, reference=null, credits=3.230769230769231, positive=true, type=AUTOMATIC, visibility=ALWAYS, testCase=TestCaseDTO[testName=null, id=1415]]], assessmentType=AUTOMATIC, hasComplaint=null, exampleResult=null, testCaseCount=13, passedTestCaseCount=1, codeIssueCount=0]], BuildJobQueueItem[id=20261739576743984, name=SHORT53C73BE505404043100AC2F00C039353CE8FTSTEXC-LOCALVCCIINTSTUDENT1, buildAgent=BuildAgentDTO[name=artemis-build-agent-test, memberAddress=[127.0.0.1]:5703, displayName=artemis-build-agent-test], participationId=2026, courseId=991, exerciseId=2608, retryCount=0, priority=1, status=SUCCESSFUL, repositoryInfo=RepositoryInfo[repositoryName=short53c73be505404043100ac2f00c039353ce8ftstexc-localvcciintstudent1, repositoryType=user, triggeredByPushTo=user, assignmentRepositoryUri=http://localhost:49152/git/SHORT53C73BE505404043100AC2F00C039353CE8FTSTEXC/short53c73be505404043100ac2f00c039353ce8ftstexc-localvcciintstudent1.git, testRepositoryUri=http://localhost:49152/git/SHORT53C73BE505404043100AC2F00C039353CE8FTSTEXC/short53c73be505404043100ac2f00c039353ce8ftstexc-tests.git, solutionRepositoryUri=null, auxiliaryRepositoryUris=[Ljava.lang.String;@73d908ba, auxiliaryRepositoryCheckoutDirectories=[Ljava.lang.String;@12788bd0], jobTimingInfo=JobTimingInfo[submissionDate=2025-02-14T23:45:43.984518859Z[Etc/UTC], buildStartDate=2025-02-14T23:45:43.991385682Z[Etc/UTC], buildCompletionDate=2025-02-14T23:45:44.982059928Z[Etc/UTC], estimatedCompletionDate=2025-02-14T23:46:02.991380122Z[Etc/UTC], estimatedDuration=19], buildConfig=BuildConfig[buildScript=#!/bin/bash
cd /var/tmp/testing-dir
chmod +x ./gradlew
./gradlew clean test
, dockerImage=dummy-docker-image:latest, commitHashToBuild=3e90ae9fef2e44ffb41451a080bdaa6a44ad6848, assignmentCommitHash=3e90ae9fef2e44ffb41451a080bdaa6a44ad6848, testCommitHash=0582754c87aae13e640312855ce7dbe490ecb50c, branch=main, programmingLanguage=JAVA, projectType=PLAIN_GRADLE, scaEnabled=false, sequentialTestRunsEnabled=false, resultPaths=[/var/tmp/testing-dir/**/test-results/test/*.xml], timeoutSeconds=0, assignmentCheckoutPath=null, testCheckoutPath=null, solutionCheckoutPath=null, dockerRunConfig=null], submissionResult=ResultDTO[id=635, completionDate=2025-02-14T23:45:44.961313737Z[Etc/UTC], successful=false, score=7.7, rated=true, submission=SubmissionDTO[id=829, submitted=true, type=MANUAL, exampleSubmission=null, submissionDate=2025-02-14T23:45:43.967766Z, commitHash=3e90ae9fef2e44ffb41451a080bdaa6a44ad6848, buildFailed=false, buildArtifact=false, participation=ParticipationDTO[id=2026, testRun=false, type=programming, submissionCount=null, exercise=ParticipationExerciseDTO[id=2608, exerciseType=PROGRAMMING, type=programming, assessmentType=AUTOMATIC, dueDate=2025-02-16T23:45:43.597978Z, assessmentDueDate=null, maxPoints=42.0, course=CourseDTO[id=991, accuracyOfScores=1]]], submissionExerciseType=programming, isProcessing=false, buildStartDate=null, estimatedCompletionDate=null], participation=ParticipationDTO[id=2026, testRun=false, type=programming, submissionCount=null, exercise=ParticipationExerciseDTO[id=2608, exerciseType=PROGRAMMING, type=programming, assessmentType=AUTOMATIC, dueDate=2025-02-16T23:45:43.597978Z, assessmentDueDate=null, maxPoints=42.0, course=CourseDTO[id=991, accuracyOfScores=1]]], feedbacks=[FeedbackDTO[id=959, text=null, detailText=The exercise expects a class with the name Context in the package testpackage. You did not implement the class in the exercise., hasLongFeedbackText=false, reference=null, credits=0.0, positive=false, type=AUTOMATIC, visibility=ALWAYS, testCase=TestCaseDTO[testName=null, id=1448]], FeedbackDTO[id=960, text=null, detailText=The exercise expects a class with the name Policy in the package testpackage. You did not implement the class in the exercise., hasLongFeedbackText=false, reference=null, credits=0.0, positive=false, type=AUTOMATIC, visibility=ALWAYS, testCase=TestCaseDTO[testName=null, id=1449]], FeedbackDTO[id=961, text=null, detailText=The exercise expects a class with the name SortStrategy in the package testpackage. You did not implement the class in the exercise., hasLongFeedbackText=false, reference=null, credits=0.0, positive=false, type=AUTOMATIC, visibility=ALWAYS, testCase=TestCaseDTO[testName=null, id=1450]], FeedbackDTO[id=962, text=null, detailText=The class 'MergeSort' does not implement the interface 'SortStrategy' as expected. Implement the interface and its methods., hasLongFeedbackText=false, reference=null, credits=0.0, positive=false, type=AUTOMATIC, visibility=ALWAYS, testCase=TestCaseDTO[testName=null, id=1445]], FeedbackDTO[id=963, text=null, detailText=The exercise expects a class with the name SortStrategy in the package testpackage. You did not implement the class in the exercise., hasLongFeedbackText=false, reference=null, credits=0.0, positive=false, type=AUTOMATIC, visibility=ALWAYS, testCase=TestCaseDTO[testName=null, id=1442]], FeedbackDTO[id=964, text=null, detailText=The class 'BubbleSort' does not implement the interface 'SortStrategy' as expected. Implement the interface and its methods., hasLongFeedbackText=false, reference=null, credits=0.0, positive=false, type=AUTOMATIC, visibility=ALWAYS, testCase=TestCaseDTO[testName=null, id=1446]], FeedbackDTO[id=965, text=null, detailText=MergeSort does not sort correctly, hasLongFeedbackText=false, reference=null, credits=0.0, positive=false, type=AUTOMATIC, visibility=ALWAYS, testCase=TestCaseDTO[testName=null, id=1451]], FeedbackDTO[id=966, text=null, detailText=The class 'Context' was not found within the submission. Make sure to implement it properly., hasLongFeedbackText=false, reference=null, credits=0.0, positive=false, type=AUTOMATIC, visibility=ALWAYS, testCase=TestCaseDTO[testName=null, id=1452]], FeedbackDTO[id=967, text=null, detailText=The class 'Context' was not found within the submission. Make sure to implement it properly., hasLongFeedbackText=false, reference=null, credits=0.0, positive=false, type=AUTOMATIC, visibility=ALWAYS, testCase=TestCaseDTO[testName=null, id=1453]], FeedbackDTO[id=968, text=null, detailText=The exercise expects a class with the name Policy in the package testpackage. You did not implement the class in the exercise., hasLongFeedbackText=false, reference=null, credits=0.0, positive=false, type=AUTOMATIC, visibility=ALWAYS, testCase=TestCaseDTO[testName=null, id=1447]], FeedbackDTO[id=969, text=null, detailText=The exercise expects a class with the name Context in the package testpackage. You did not implement the class in the exercise., hasLongFeedbackText=false, reference=null, credits=0.0, positive=false, type=AUTOMATIC, visibility=ALWAYS, testCase=TestCaseDTO[testName=null, id=1443]], FeedbackDTO[id=970, text=null, detailText=The exercise expects a class with the name Policy in the package testpackage. You did not implement the class in the exercise., hasLongFeedbackText=false, reference=null, credits=0.0, positive=false, type=AUTOMATIC, visibility=ALWAYS, testCase=TestCaseDTO[testName=null, id=1444]], FeedbackDTO[id=971, text=null, detailText=null, hasLongFeedbackText=false, reference=null, credits=3.230769230769231, positive=true, type=AUTOMATIC, visibility=ALWAYS, testCase=TestCaseDTO[testName=null, id=1454]]], assessmentType=AUTOMATIC, hasComplaint=null, exampleResult=null, testCaseCount=13, passedTestCaseCount=1, codeIssueCount=0]], BuildJobQueueItem[id=20271739576746886, name=SHORT0FC863930E92904248098A506171F81CF6CFTSTEXC-SOLUTION, buildAgent=BuildAgentDTO[name=artemis-build-agent-test, memberAddress=[127.0.0.1]:5703, displayName=artemis-build-agent-test], participationId=2027, courseId=992, exerciseId=2609, retryCount=0, priority=2, status=SUCCESSFUL, repositoryInfo=RepositoryInfo[repositoryName=short0fc863930e92904248098a506171f81cf6cftstexc-solution, repositoryType=solution, triggeredByPushTo=auxiliary, assignmentRepositoryUri=http://localhost:49152/git/SHORT0FC863930E92904248098A506171F81CF6CFTSTEXC/short0fc863930e92904248098a506171f81cf6cftstexc-solution.git, testRepositoryUri=http://localhost:49152/git/SHORT0FC863930E92904248098A506171F81CF6CFTSTEXC/short0fc863930e92904248098a506171f81cf6cftstexc-tests.git, solutionRepositoryUri=null, auxiliaryRepositoryUris=[Ljava.lang.String;@5873a5df, auxiliaryRepositoryCheckoutDirectories=[Ljava.lang.String;@52ab085f], jobTimingInfo=JobTimingInfo[submissionDate=2025-02-14T23:45:46.886984066Z[Etc/UTC], buildStartDate=2025-02-14T23:45:46.897709578Z[Etc/UTC], buildCompletionDate=2025-02-14T23:45:48.628460156Z[Etc/UTC], estimatedCompletionDate=2025-02-14T23:46:05.897701272Z[Etc/UTC], estimatedDuration=19], buildConfig=BuildConfig[buildScript=#!/bin/bash
cd /var/tmp/testing-dir
chmod +x ./gradlew
./gradlew clean test
, dockerImage=dummy-docker-image:latest, commitHashToBuild=null, assignmentCommitHash=115a2e943bee242fdad360b50d8ad5f30792577e, testCommitHash=9b3a9bd71a0d80e5bbc42204c319ed3d1d4f0d6d, branch=main, programmingLanguage=JAVA, projectType=PLAIN_GRADLE, scaEnabled=false, sequentialTestRunsEnabled=false, resultPaths=[/var/tmp/testing-dir/**/test-results/test/*.xml], timeoutSeconds=0, assignmentCheckoutPath=null, testCheckoutPath=null, solutionCheckoutPath=null, dockerRunConfig=null], submissionResult=ResultDTO[id=636, completionDate=2025-02-14T23:45:48.593370968Z[Etc/UTC], successful=true, score=100.0, rated=true, submission=SubmissionDTO[id=830, submitted=true, type=TEST, exampleSubmission=null, submissionDate=2025-02-14T23:45:46.873671Z, commitHash=9b3a9bd71a0d80e5bbc42204c319ed3d1d4f0d6d, buildFailed=false, buildArtifact=false, participation=ParticipationDTO[id=2027, testRun=false, type=solution, submissionCount=null, exercise=ParticipationExerciseDTO[id=2609, exerciseType=PROGRAMMING, type=programming, assessmentType=AUTOMATIC, dueDate=2025-02-16T23:45:46.386304Z, assessmentDueDate=null, maxPoints=42.0, course=CourseDTO[id=992, accuracyOfScores=1]]], submissionExerciseType=programming, isProcessing=false, buildStartDate=null, estimatedCompletionDate=null], participation=ParticipationDTO[id=2027, testRun=false, type=solution, submissionCount=null, exercise=ParticipationExerciseDTO[id=2609, exerciseType=PROGRAMMING, type=programming, assessmentType=AUTOMATIC, dueDate=2025-02-16T23:45:46.386304Z, assessmentDueDate=null, maxPoints=42.0, course=CourseDTO[id=992, accuracyOfScores=1]]], feedbacks=[FeedbackDTO[id=972, text=null, detailText=null, hasLongFeedbackText=false, reference=null, credits=3.230769230769231, positive=true, type=AUTOMATIC, visibility=ALWAYS, testCase=TestCaseDTO[testName=testMethods[Context], id=1461]], FeedbackDTO[id=973, text=null, detailText=null, hasLongFeedbackText=false, reference=null, credits=3.230769230769231, positive=true, type=AUTOMATIC, visibility=ALWAYS, testCase=TestCaseDTO[testName=testMethods[Policy], id=1462]], FeedbackDTO[id=974, text=null, detailText=null, hasLongFeedbackText=false, reference=null, credits=3.230769230769231, positive=true, type=AUTOMATIC, visibility=ALWAYS, testCase=TestCaseDTO[testName=testMethods[SortStrategy], id=1463]], FeedbackDTO[id=975, text=null, detailText=null, hasLongFeedbackText=false, reference=null, credits=3.230769230769231, positive=true, type=AUTOMATIC, visibility=ALWAYS, testCase=TestCaseDTO[testName=testClass[MergeSort], id=1458]], FeedbackDTO[id=976, text=null, detailText=null, hasLongFeedbackText=false, reference=null, credits=3.230769230769231, positive=true, type=AUTOMATIC, visibility=ALWAYS, testCase=TestCaseDTO[testName=testClass[SortStrategy], id=1455]], FeedbackDTO[id=977, text=null, detailText=null, hasLongFeedbackText=false, reference=null, credits=3.230769230769231, positive=true, type=AUTOMATIC, visibility=ALWAYS, testCase=TestCaseDTO[testName=testClass[BubbleSort], id=1459]], FeedbackDTO[id=978, text=null, detailText=null, hasLongFeedbackText=false, reference=null, credits=3.230769230769231, positive=true, type=AUTOMATIC, visibility=ALWAYS, testCase=TestCaseDTO[testName=testMergeSort(), id=1464]], FeedbackDTO[id=979, text=null, detailText=null, hasLongFeedbackText=false, reference=null, credits=3.230769230769231, positive=true, type=AUTOMATIC, visibility=ALWAYS, testCase=TestCaseDTO[testName=testUseBubbleSortForSmallList(), id=1465]], FeedbackDTO[id=980, text=null, detailText=null, hasLongFeedbackText=false, reference=null, credits=3.230769230769231, positive=true, type=AUTOMATIC, visibility=ALWAYS, testCase=TestCaseDTO[testName=testBubbleSort(), id=1467]], FeedbackDTO[id=981, text=null, detailText=null, hasLongFeedbackText=false, reference=null, credits=3.230769230769231, positive=true, type=AUTOMATIC, visibility=ALWAYS, testCase=TestCaseDTO[testName=testUseMergeSortForBigList(), id=1466]], FeedbackDTO[id=982, text=null, detailText=null, hasLongFeedbackText=false, reference=null, credits=3.230769230769231, positive=true, type=AUTOMATIC, visibility=ALWAYS, testCase=TestCaseDTO[testName=testConstructors[Policy], id=1460]], FeedbackDTO[id=983, text=null, detailText=null, hasLongFeedbackText=false, reference=null, credits=3.230769230769231, positive=true, type=AUTOMATIC, visibility=ALWAYS, testCase=TestCaseDTO[testName=testAttributes[Context], id=1456]], FeedbackDTO[id=984, text=null, detailText=null, hasLongFeedbackText=false, reference=null, credits=3.230769230769231, positive=true, type=AUTOMATIC, visibility=ALWAYS, testCase=TestCaseDTO[testName=testAttributes[Policy], id=1457]]], assessmentType=AUTOMATIC, hasComplaint=null, exampleResult=null, testCaseCount=13, passedTestCaseCount=13, codeIssueCount=0]], BuildJobQueueItem[id=20281739576748768, name=SHORT0FC863930E92904248098A506171F81CF6CFTSTEXC-BASE, buildAgent=BuildAgentDTO[name=artemis-build-agent-test, memberAddress=[127.0.0.1]:5703, displayName=artemis-build-agent-test], participationId=2028, courseId=992, exerciseId=2609, retryCount=0, priority=2, status=SUCCESSFUL, repositoryInfo=RepositoryInfo[repositoryName=short0fc863930e92904248098a506171f81cf6cftstexc-exercise, repositoryType=exercise, triggeredByPushTo=auxiliary, assignmentRepositoryUri=http://localhost:49152/git/SHORT0FC863930E92904248098A506171F81CF6CFTSTEXC/short0fc863930e92904248098a506171f81cf6cftstexc-exercise.git, testRepositoryUri=http://localhost:49152/git/SHORT0FC863930E92904248098A506171F81CF6CFTSTEXC/short0fc863930e92904248098a506171f81cf6cftstexc-tests.git, solutionRepositoryUri=null, auxiliaryRepositoryUris=[Ljava.lang.String;@698c5668, auxiliaryRepositoryCheckoutDirectories=[Ljava.lang.String;@3f7c7682], jobTimingInfo=JobTimingInfo[submissionDate=2025-02-14T23:45:48.768063548Z[Etc/UTC], buildStartDate=2025-02-14T23:45:48.802531989Z[Etc/UTC], buildCompletionDate=2025-02-14T23:45:50.482681367Z[Etc/UTC], estimatedCompletionDate=2025-02-14T23:45:50.802523092Z[Etc/UTC], estimatedDuration=2], buildConfig=BuildConfig[buildScript=#!/bin/bash
cd /var/tmp/testing-dir
chmod +x ./gradlew
./gradlew clean test
, dockerImage=dummy-docker-image:latest, commitHashToBuild=9b3a9bd71a0d80e5bbc42204c319ed3d1d4f0d6d, assignmentCommitHash=115a2e943bee242fdad360b50d8ad5f30792577e, testCommitHash=9b3a9bd71a0d80e5bbc42204c319ed3d1d4f0d6d, branch=main, programmingLanguage=JAVA, projectType=PLAIN_GRADLE, scaEnabled=false, sequentialTestRunsEnabled=false, resultPaths=[/var/tmp/testing-dir/**/test-results/test/*.xml], timeoutSeconds=0, assignmentCheckoutPath=null, testCheckoutPath=null, solutionCheckoutPath=null, dockerRunConfig=null], submissionResult=ResultDTO[id=637, completionDate=2025-02-14T23:45:50.449084694Z[Etc/UTC], successful=false, score=0.0, rated=true, submission=SubmissionDTO[id=831, submitted=true, type=TEST, exampleSubmission=null, submissionDate=2025-02-14T23:45:48.761177Z, commitHash=9b3a9bd71a0d80e5bbc42204c319ed3d1d4f0d6d, buildFailed=false, buildArtifact=false, participation=ParticipationDTO[id=2028, testRun=false, type=template, submissionCount=null, exercise=ParticipationExerciseDTO[id=2609, exerciseType=PROGRAMMING, type=programming, assessmentType=AUTOMATIC, dueDate=2025-02-16T23:45:46.386304Z, assessmentDueDate=null, maxPoints=42.0, course=CourseDTO[id=992, accuracyOfScores=1]]], submissionExerciseType=programming, isProcessing=false, buildStartDate=null, estimatedCompletionDate=null], participation=ParticipationDTO[id=2028, testRun=false, type=template, submissionCount=null, exercise=ParticipationExerciseDTO[id=2609, exerciseType=PROGRAMMING, type=programming, assessmentType=AUTOMATIC, dueDate=2025-02-16T23:45:46.386304Z, assessmentDueDate=null, maxPoints=42.0, course=CourseDTO[id=992, accuracyOfScores=1]]], feedbacks=[FeedbackDTO[id=985, text=null, detailText=The exercise expects a class with the name Context in the package testpackage. You did not implement the class in the exercise., hasLongFeedbackText=false, reference=null, credits=0.0, positive=false, type=AUTOMATIC, visibility=ALWAYS, testCase=TestCaseDTO[testName=testMethods[Context], id=1461]], FeedbackDTO[id=986, text=null, detailText=The exercise expects a class with the name Policy in the package testpackage. You did not implement the class in the exercise., hasLongFeedbackText=false, reference=null, credits=0.0, positive=false, type=AUTOMATIC, visibility=ALWAYS, testCase=TestCaseDTO[testName=testMethods[Policy], id=1462]], FeedbackDTO[id=987, text=null, detailText=The exercise expects a class with the name SortStrategy in the package testpackage. You did not implement the class in the exercise., hasLongFeedbackText=false, reference=null, credits=0.0, positive=false, type=AUTOMATIC, visibility=ALWAYS, testCase=TestCaseDTO[testName=testMethods[SortStrategy], id=1463]], FeedbackDTO[id=988, text=null, detailText=The class 'MergeSort' does not implement the interface 'SortStrategy' as expected. Implement the interface and its methods., hasLongFeedbackText=false, reference=null, credits=0.0, positive=false, type=AUTOMATIC, visibility=ALWAYS, testCase=TestCaseDTO[testName=testClass[MergeSort], id=1458]], FeedbackDTO[id=989, text=null, detailText=The exercise expects a class with the name SortStrategy in the package testpackage. You did not implement the class in the exercise., hasLongFeedbackText=false, reference=null, credits=0.0, positive=false, type=AUTOMATIC, visibility=ALWAYS, testCase=TestCaseDTO[testName=testClass[SortStrategy], id=1455]], FeedbackDTO[id=990, text=null, detailText=The class 'BubbleSort' does not implement the interface 'SortStrategy' as expected. Implement the interface and its methods., hasLongFeedbackText=false, reference=null, credits=0.0, positive=false, type=AUTOMATIC, visibility=ALWAYS, testCase=TestCaseDTO[testName=testClass[BubbleSort], id=1459]], FeedbackDTO[id=991, text=null, detailText=MergeSort does not sort correctly, hasLongFeedbackText=false, reference=null, credits=0.0, positive=false, type=AUTOMATIC, visibility=ALWAYS, testCase=TestCaseDTO[testName=testMergeSort(), id=1464]], FeedbackDTO[id=992, text=null, detailText=The class 'Context' was not found within the submission. Make sure to implement it properly., hasLongFeedbackText=false, reference=null, credits=0.0, positive=false, type=AUTOMATIC, visibility=ALWAYS, testCase=TestCaseDTO[testName=testUseBubbleSortForSmallList(), id=1465]], FeedbackDTO[id=993, text=null, detailText=BubbleSort does not sort correctly, hasLongFeedbackText=false, reference=null, credits=0.0, positive=false, type=AUTOMATIC, visibility=ALWAYS, testCase=TestCaseDTO[testName=testBubbleSort(), id=1467]], FeedbackDTO[id=994, text=null, detailText=The class 'Context' was not found within the submission. Make sure to implement it properly., hasLongFeedbackText=false, reference=null, credits=0.0, positive=false, type=AUTOMATIC, visibility=ALWAYS, testCase=TestCaseDTO[testName=testUseMergeSortForBigList(), id=1466]], FeedbackDTO[id=995, text=null, detailText=The exercise expects a class with the name Policy in the package testpackage. You did not implement the class in the exercise., hasLongFeedbackText=false, reference=null, credits=0.0, positive=false, type=AUTOMATIC, visibility=ALWAYS, testCase=TestCaseDTO[testName=testConstructors[Policy], id=1460]], FeedbackDTO[id=996, text=null, detailText=The exercise expects a class with the name Context in the package testpackage. You did not implement the class in the exercise., hasLongFeedbackText=false, reference=null, credits=0.0, positive=false, type=AUTOMATIC, visibility=ALWAYS, testCase=TestCaseDTO[testName=testAttributes[Context], id=1456]], FeedbackDTO[id=997, text=null, detailText=The exercise expects a class with the name Policy in the package testpackage. You did not implement the class in the exercise., hasLongFeedbackText=false, reference=null, credits=0.0, positive=false, type=AUTOMATIC, visibility=ALWAYS, testCase=TestCaseDTO[testName=testAttributes[Policy], id=1457]]], assessmentType=AUTOMATIC, hasComplaint=null, exampleResult=null, testCaseCount=13, passedTestCaseCount=0, codeIssueCount=0]], BuildJobQueueItem[id=20291739576751299, name=SHORT716C2EC10B19B049C80A2F00B97EAB20B2A9TSTEXC-SOLUTION, buildAgent=BuildAgentDTO[name=artemis-build-agent-test, memberAddress=[127.0.0.1]:5703, displayName=artemis-build-agent-test], participationId=2029, courseId=993, exerciseId=2610, retryCount=0, priority=2, status=SUCCESSFUL, repositoryInfo=RepositoryInfo[repositoryName=short716c2ec10b19b049c80a2f00b97eab20b2a9tstexc-solution, repositoryType=solution, triggeredByPushTo=tests, assignmentRepositoryUri=http://localhost:49152/git/SHORT716C2EC10B19B049C80A2F00B97EAB20B2A9TSTEXC/short716c2ec10b19b049c80a2f00b97eab20b2a9tstexc-solution.git, testRepositoryUri=http://localhost:49152/git/SHORT716C2EC10B19B049C80A2F00B97EAB20B2A9TSTEXC/short716c2ec10b19b049c80a2f00b97eab20b2a9tstexc-tests.git, solutionRepositoryUri=null, auxiliaryRepositoryUris=[Ljava.lang.String;@7ae461ef, auxiliaryRepositoryCheckoutDirectories=[Ljava.lang.String;@7087771c], jobTimingInfo=JobTimingInfo[submissionDate=2025-02-14T23:45:51.299892174Z[Etc/UTC], buildStartDate=2025-02-14T23:45:51.314028505Z[Etc/UTC], buildCompletionDate=2025-02-14T23:45:52.158312850Z[Etc/UTC], estimatedCompletionDate=2025-02-14T23:46:10.314021752Z[Etc/UTC], estimatedDuration=19], buildConfig=BuildConfig[buildScript=#!/bin/bash
cd /var/tmp/testing-dir
chmod +x ./gradlew
./gradlew clean test
, dockerImage=dummy-docker-image:latest, commitHashToBuild=1e531733ed6e9237f710b528d1eb0b7beac565fd, assignmentCommitHash=815e279f12ad296b4f24c44134a07293c04c010f, testCommitHash=1e531733ed6e9237f710b528d1eb0b7beac565fd, branch=main, programmingLanguage=JAVA, projectType=PLAIN_GRADLE, scaEnabled=false, sequentialTestRunsEnabled=false, resultPaths=[/var/tmp/testing-dir/**/test-results/test/*.xml], timeoutSeconds=0, assignmentCheckoutPath=null, testCheckoutPath=null, solutionCheckoutPath=null, dockerRunConfig=null], submissionResult=ResultDTO[id=638, completionDate=2025-02-14T23:45:52.146826070Z[Etc/UTC], successful=true, score=100.0, rated=true, submission=SubmissionDTO[id=832, submitted=true, type=TEST, exampleSubmission=null, submissionDate=2025-02-14T23:45:51.275713Z, commitHash=1e531733ed6e9237f710b528d1eb0b7beac565fd, buildFailed=false, buildArtifact=false, participation=ParticipationDTO[id=2029, testRun=false, type=solution, submissionCount=null, exercise=ParticipationExerciseDTO[id=2610, exerciseType=PROGRAMMING, type=programming, assessmentType=AUTOMATIC, dueDate=2025-02-16T23:45:50.869093Z, assessmentDueDate=null, maxPoints=42.0, course=CourseDTO[id=993, accuracyOfScores=1]]], submissionExerciseType=programming, isProcessing=false, buildStartDate=null, estimatedCompletionDate=null], participation=ParticipationDTO[id=2029, testRun=false, type=solution, submissionCount=null, exercise=ParticipationExerciseDTO[id=2610, exerciseType=PROGRAMMING, type=programming, assessmentType=AUTOMATIC, dueDate=2025-02-16T23:45:50.869093Z, assessmentDueDate=null, maxPoints=42.0, course=CourseDTO[id=993, accuracyOfScores=1]]], feedbacks=[FeedbackDTO[id=998, text=null, detailText=null, hasLongFeedbackText=false, reference=null, credits=3.230769230769231, positive=true, type=AUTOMATIC, visibility=ALWAYS, testCase=TestCaseDTO[testName=testMethods[Context], id=1474]], FeedbackDTO[id=999, text=null, detailText=null, hasLongFeedbackText=false, reference=null, credits=3.230769230769231, positive=true, type=AUTOMATIC, visibility=ALWAYS, testCase=TestCaseDTO[testName=testMethods[Policy], id=1475]], FeedbackDTO[id=1000, text=null, detailText=null, hasLongFeedbackText=false, reference=null, credits=3.230769230769231, positive=true, type=AUTOMATIC, visibility=ALWAYS, testCase=TestCaseDTO[testName=testMethods[SortStrategy], id=1476]], FeedbackDTO[id=1001, text=null, detailText=null, hasLongFeedbackText=false, reference=null, credits=3.230769230769231, positive=true, type=AUTOMATIC, visibility=ALWAYS, testCase=TestCaseDTO[testName=testClass[MergeSort], id=1471]], FeedbackDTO[id=1002, text=null, detailText=null, hasLongFeedbackText=false, reference=null, credits=3.230769230769231, positive=true, type=AUTOMATIC, visibility=ALWAYS, testCase=TestCaseDTO[testName=testClass[SortStrategy], id=1468]], FeedbackDTO[id=1003, text=null, detailText=null, hasLongFeedbackText=false, reference=null, credits=3.230769230769231, positive=true, type=AUTOMATIC, visibility=ALWAYS, testCase=TestCaseDTO[testName=testClass[BubbleSort], id=1472]], FeedbackDTO[id=1004, text=null, detailText=null, hasLongFeedbackText=false, reference=null, credits=3.230769230769231, positive=true, type=AUTOMATIC, visibility=ALWAYS, testCase=TestCaseDTO[testName=testMergeSort(), id=1477]], FeedbackDTO[id=1005, text=null, detailText=null, hasLongFeedbackText=false, reference=null, credits=3.230769230769231, positive=true, type=AUTOMATIC, visibility=ALWAYS, testCase=TestCaseDTO[testName=testUseBubbleSortForSmallList(), id=1478]], FeedbackDTO[id=1006, text=null, detailText=null, hasLongFeedbackText=false, reference=null, credits=3.230769230769231, positive=true, type=AUTOMATIC, visibility=ALWAYS, testCase=TestCaseDTO[testName=testBubbleSort(), id=1480]], FeedbackDTO[id=1007, text=null, detailText=null, hasLongFeedbackText=false, reference=null, credits=3.230769230769231, positive=true, type=AUTOMATIC, visibility=ALWAYS, testCase=TestCaseDTO[testName=testUseMergeSortForBigList(), id=1479]], FeedbackDTO[id=1008, text=null, detailText=null, hasLongFeedbackText=false, reference=null, credits=3.230769230769231, positive=true, type=AUTOMATIC, visibility=ALWAYS, testCase=TestCaseDTO[testName=testConstructors[Policy], id=1473]], FeedbackDTO[id=1009, text=null, detailText=null, hasLongFeedbackText=false, reference=null, credits=3.230769230769231, positive=true, type=AUTOMATIC, visibility=ALWAYS, testCase=TestCaseDTO[testName=testAttributes[Context], id=1469]], FeedbackDTO[id=1010, text=null, detailText=null, hasLongFeedbackText=false, reference=null, credits=3.230769230769231, positive=true, type=AUTOMATIC, visibility=ALWAYS, testCase=TestCaseDTO[testName=testAttributes[Policy], id=1470]]], assessmentType=AUTOMATIC, hasComplaint=null, exampleResult=null, testCaseCount=13, passedTestCaseCount=13, codeIssueCount=0]], BuildJobQueueItem[id=20301739576752239, name=SHORT716C2EC10B19B049C80A2F00B97EAB20B2A9TSTEXC-BASE, buildAgent=BuildAgentDTO[name=artemis-build-agent-test, memberAddress=[127.0.0.1]:5703, displayName=artemis-build-agent-test], participationId=2030, courseId=993, exerciseId=2610, retryCount=0, priority=2, status=SUCCESSFUL, repositoryInfo=RepositoryInfo[repositoryName=short716c2ec10b19b049c80a2f00b97eab20b2a9tstexc-exercise, repositoryType=exercise, triggeredByPushTo=tests, assignmentRepositoryUri=http://localhost:49152/git/SHORT716C2EC10B19B049C80A2F00B97EAB20B2A9TSTEXC/short716c2ec10b19b049c80a2f00b97eab20b2a9tstexc-exercise.git, testRepositoryUri=http://localhost:49152/git/SHORT716C2EC10B19B049C80A2F00B97EAB20B2A9TSTEXC/short716c2ec10b19b049c80a2f00b97eab20b2a9tstexc-tests.git, solutionRepositoryUri=null, auxiliaryRepositoryUris=[Ljava.lang.String;@7bb34072, auxiliaryRepositoryCheckoutDirectories=[Ljava.lang.String;@2727f1e0], jobTimingInfo=JobTimingInfo[submissionDate=2025-02-14T23:45:52.239402475Z[Etc/UTC], buildStartDate=2025-02-14T23:45:52.258713639Z[Etc/UTC], buildCompletionDate=2025-02-14T23:45:53.238773956Z[Etc/UTC], estimatedCompletionDate=2025-02-14T23:45:53.258707428Z[Etc/UTC], estimatedDuration=1], buildConfig=BuildConfig[buildScript=#!/bin/bash
cd /var/tmp/testing-dir
chmod +x ./gradlew
./gradlew clean test
, dockerImage=dummy-docker-image:latest, commitHashToBuild=1e531733ed6e9237f710b528d1eb0b7beac565fd, assignmentCommitHash=815e279f12ad296b4f24c44134a07293c04c010f, testCommitHash=1e531733ed6e9237f710b528d1eb0b7beac565fd, branch=main, programmingLanguage=JAVA, projectType=PLAIN_GRADLE, scaEnabled=false, sequentialTestRunsEnabled=false, resultPaths=[/var/tmp/testing-dir/**/test-results/test/*.xml], timeoutSeconds=0, assignmentCheckoutPath=null, testCheckoutPath=null, solutionCheckoutPath=null, dockerRunConfig=null], submissionResult=ResultDTO[id=639, completionDate=2025-02-14T23:45:53.225806205Z[Etc/UTC], successful=false, score=0.0, rated=true, submission=SubmissionDTO[id=833, submitted=true, type=TEST, exampleSubmission=null, submissionDate=2025-02-14T23:45:52.237179Z, commitHash=1e531733ed6e9237f710b528d1eb0b7beac565fd, buildFailed=false, buildArtifact=false, participation=ParticipationDTO[id=2030, testRun=false, type=template, submissionCount=null, exercise=ParticipationExerciseDTO[id=2610, exerciseType=PROGRAMMING, type=programming, assessmentType=AUTOMATIC, dueDate=2025-02-16T23:45:50.869093Z, assessmentDueDate=null, maxPoints=42.0, course=CourseDTO[id=993, accuracyOfScores=1]]], submissionExerciseType=programming, isProcessing=false, buildStartDate=null, estimatedCompletionDate=null], participation=ParticipationDTO[id=2030, testRun=false, type=template, submissionCount=null, exercise=ParticipationExerciseDTO[id=2610, exerciseType=PROGRAMMING, type=programming, assessmentType=AUTOMATIC, dueDate=2025-02-16T23:45:50.869093Z, assessmentDueDate=null, maxPoints=42.0, course=CourseDTO[id=993, accuracyOfScores=1]]], feedbacks=[FeedbackDTO[id=1011, text=null, detailText=The exercise expects a class with the name Context in the package testpackage. You did not implement the class in the exercise., hasLongFeedbackText=false, reference=null, credits=0.0, positive=false, type=AUTOMATIC, visibility=ALWAYS, testCase=TestCaseDTO[testName=testMethods[Context], id=1474]], FeedbackDTO[id=1012, text=null, detailText=The exercise expects a class with the name Policy in the package testpackage. You did not implement the class in the exercise., hasLongFeedbackText=false, reference=null, credits=0.0, positive=false, type=AUTOMATIC, visibility=ALWAYS, testCase=TestCaseDTO[testName=testMethods[Policy], id=1475]], FeedbackDTO[id=1013, text=null, detailText=The exercise expects a class with the name SortStrategy in the package testpackage. You did not implement the class in the exercise., hasLongFeedbackText=false, reference=null, credits=0.0, positive=false, type=AUTOMATIC, visibility=ALWAYS, testCase=TestCaseDTO[testName=testMethods[SortStrategy], id=1476]], FeedbackDTO[id=1014, text=null, detailText=The class 'MergeSort' does not implement the interface 'SortStrategy' as expected. Implement the interface and its methods., hasLongFeedbackText=false, reference=null, credits=0.0, positive=false, type=AUTOMATIC, visibility=ALWAYS, testCase=TestCaseDTO[testName=testClass[MergeSort], id=1471]], FeedbackDTO[id=1015, text=null, detailText=The exercise expects a class with the name SortStrategy in the package testpackage. You did not implement the class in the exercise., hasLongFeedbackText=false, reference=null, credits=0.0, positive=false, type=AUTOMATIC, visibility=ALWAYS, testCase=TestCaseDTO[testName=testClass[SortStrategy], id=1468]], FeedbackDTO[id=1016, text=null, detailText=The class 'BubbleSort' does not implement the interface 'SortStrategy' as expected. Implement the interface and its methods., hasLongFeedbackText=false, reference=null, credits=0.0, positive=false, type=AUTOMATIC, visibility=ALWAYS, testCase=TestCaseDTO[testName=testClass[BubbleSort], id=1472]], FeedbackDTO[id=1017, text=null, detailText=MergeSort does not sort correctly, hasLongFeedbackText=false, reference=null, credits=0.0, positive=false, type=AUTOMATIC, visibility=ALWAYS, testCase=TestCaseDTO[testName=testMergeSort(), id=1477]], FeedbackDTO[id=1018, text=null, detailText=The class 'Context' was not found within the submission. Make sure to implement it properly., hasLongFeedbackText=false, reference=null, credits=0.0, positive=false, type=AUTOMATIC, visibility=ALWAYS, testCase=TestCaseDTO[testName=testUseBubbleSortForSmallList(), id=1478]], FeedbackDTO[id=1019, text=null, detailText=BubbleSort does not sort correctly, hasLongFeedbackText=false, reference=null, credits=0.0, positive=false, type=AUTOMATIC, visibility=ALWAYS, testCase=TestCaseDTO[testName=testBubbleSort(), id=1480]], FeedbackDTO[id=1020, text=null, detailText=The class 'Context' was not found within the submission. Make sure to implement it properly., hasLongFeedbackText=false, reference=null, credits=0.0, positive=false, type=AUTOMATIC, visibility=ALWAYS, testCase=TestCaseDTO[testName=testUseMergeSortForBigList(), id=1479]], FeedbackDTO[id=1021, text=null, detailText=The exercise expects a class with the name Policy in the package testpackage. You did not implement the class in the exercise., hasLongFeedbackText=false, reference=null, credits=0.0, positive=false, type=AUTOMATIC, visibility=ALWAYS, testCase=TestCaseDTO[testName=testConstructors[Policy], id=1473]], FeedbackDTO[id=1022, text=null, detailText=The exercise expects a class with the name Context in the package testpackage. You did not implement the class in the exercise., hasLongFeedbackText=false, reference=null, credits=0.0, positive=false, type=AUTOMATIC, visibility=ALWAYS, testCase=TestCaseDTO[testName=testAttributes[Context], id=1469]], FeedbackDTO[id=1023, text=null, detailText=The exercise expects a class with the name Policy in the package testpackage. You did not implement the class in the exercise., hasLongFeedbackText=false, reference=null, credits=0.0, positive=false, type=AUTOMATIC, visibility=ALWAYS, testCase=TestCaseDTO[testName=testAttributes[Policy], id=1470]]], assessmentType=AUTOMATIC, hasComplaint=null, exampleResult=null, testCaseCount=13, passedTestCaseCount=0, codeIssueCount=0]], BuildJobQueueItem[id=20391739576754750, name=SHORT3A680734092E404EF80A4C60FBC1E408F7D0TSTEXC-LOCALVCCIINTSTUDENT1, buildAgent=BuildAgentDTO[name=artemis-build-agent-test, memberAddress=[127.0.0.1]:5703, displayName=artemis-build-agent-test], participationId=2039, courseId=996, exerciseId=2613, retryCount=0, priority=2, status=SUCCESSFUL, repositoryInfo=RepositoryInfo[repositoryName=short3a680734092e404ef80a4c60fbc1e408f7d0tstexc-localvcciintstudent1, repositoryType=user, triggeredByPushTo=user, assignmentRepositoryUri=http://localhost:49152/git/SHORT3A680734092E404EF80A4C60FBC1E408F7D0TSTEXC/short3a680734092e404ef80a4c60fbc1e408f7d0tstexc-localvcciintstudent1.git, testRepositoryUri=http://localhost:49152/git/SHORT3A680734092E404EF80A4C60FBC1E408F7D0TSTEXC/short3a680734092e404ef80a4c60fbc1e408f7d0tstexc-tests.git, solutionRepositoryUri=null, auxiliaryRepositoryUris=[Ljava.lang.String;@7e9517f2, auxiliaryRepositoryCheckoutDirectories=[Ljava.lang.String;@3561a0ab], jobTimingInfo=JobTimingInfo[submissionDate=2025-02-14T23:45:54.750657185Z[Etc/UTC], buildStartDate=2025-02-14T23:45:54.765232948Z[Etc/UTC], buildCompletionDate=2025-02-14T23:45:55.645844970Z[Etc/UTC], estimatedCompletionDate=2025-02-14T23:46:13.765225363Z[Etc/UTC], estimatedDuration=19], buildConfig=BuildConfig[buildScript=#!/bin/bash
cd /var/tmp/testing-dir
chmod +x ./gradlew
./gradlew clean test
, dockerImage=dummy-docker-image:latest, commitHashToBuild=9344436f8d5a5ce3aa40215562db211ed501371f, assignmentCommitHash=9344436f8d5a5ce3aa40215562db211ed501371f, testCommitHash=ff421c3651ec230fed2f20f72c2901ae372be06a, branch=main, programmingLanguage=JAVA, projectType=PLAIN_GRADLE, scaEnabled=false, sequentialTestRunsEnabled=false, resultPaths=[/var/tmp/testing-dir/**/test-results/test/*.xml], timeoutSeconds=0, assignmentCheckoutPath=null, testCheckoutPath=null, solutionCheckoutPath=null, dockerRunConfig=null], submissionResult=ResultDTO[id=640, completionDate=2025-02-14T23:45:55.628250079Z[Etc/UTC], successful=false, score=7.7, rated=true, submission=SubmissionDTO[id=834, submitted=true, type=MANUAL, exampleSubmission=null, submissionDate=2025-02-14T23:45:54.732007Z, commitHash=9344436f8d5a5ce3aa40215562db211ed501371f, buildFailed=false, buildArtifact=false, participation=ParticipationDTO[id=2039, testRun=false, type=programming, submissionCount=null, exercise=ParticipationExerciseDTO[id=2613, exerciseType=PROGRAMMING, type=programming, assessmentType=AUTOMATIC, dueDate=2025-02-16T23:45:54.546562Z, assessmentDueDate=null, maxPoints=42.0, course=CourseDTO[id=996, accuracyOfScores=1]]], submissionExerciseType=programming, isProcessing=false, buildStartDate=null, estimatedCompletionDate=null], participation=ParticipationDTO[id=2039, testRun=false, type=programming, submissionCount=null, exercise=ParticipationExerciseDTO[id=2613, exerciseType=PROGRAMMING, type=programming, assessmentType=AUTOMATIC, dueDate=2025-02-16T23:45:54.546562Z, assessmentDueDate=null, maxPoints=42.0, course=CourseDTO[id=996, accuracyOfScores=1]]], feedbacks=[FeedbackDTO[id=1024, text=null, detailText=The exercise expects a class with the name Context in the package testpackage. You did not implement the class in the exercise., hasLongFeedbackText=false, reference=null, credits=0.0, positive=false, type=AUTOMATIC, visibility=ALWAYS, testCase=TestCaseDTO[testName=null, id=1513]], FeedbackDTO[id=1025, text=null, detailText=The exercise expects a class with the name Policy in the package testpackage. You did not implement the class in the exercise., hasLongFeedbackText=false, reference=null, credits=0.0, positive=false, type=AUTOMATIC, visibility=ALWAYS, testCase=TestCaseDTO[testName=null, id=1514]], FeedbackDTO[id=1026, text=null, detailText=The exercise expects a class with the name SortStrategy in the package testpackage. You did not implement the class in the exercise., hasLongFeedbackText=false, reference=null, credits=0.0, positive=false, type=AUTOMATIC, visibility=ALWAYS, testCase=TestCaseDTO[testName=null, id=1515]], FeedbackDTO[id=1027, text=null, detailText=The class 'MergeSort' does not implement the interface 'SortStrategy' as expected. Implement the interface and its methods., hasLongFeedbackText=false, reference=null, credits=0.0, positive=false, type=AUTOMATIC, visibility=ALWAYS, testCase=TestCaseDTO[testName=null, id=1510]], FeedbackDTO[id=1028, text=null, detailText=The exercise expects a class with the name SortStrategy in the package testpackage. You did not implement the class in the exercise., hasLongFeedbackText=false, reference=null, credits=0.0, positive=false, type=AUTOMATIC, visibility=ALWAYS, testCase=TestCaseDTO[testName=null, id=1507]], FeedbackDTO[id=1029, text=null, detailText=The class 'BubbleSort' does not implement the interface 'SortStrategy' as expected. Implement the interface and its methods., hasLongFeedbackText=false, reference=null, credits=0.0, positive=false, type=AUTOMATIC, visibility=ALWAYS, testCase=TestCaseDTO[testName=null, id=1511]], FeedbackDTO[id=1030, text=null, detailText=MergeSort does not sort correctly, hasLongFeedbackText=false, reference=null, credits=0.0, positive=false, type=AUTOMATIC, visibility=ALWAYS, testCase=TestCaseDTO[testName=null, id=1516]], FeedbackDTO[id=1031, text=null, detailText=The class 'Context' was not found within the submission. Make sure to implement it properly., hasLongFeedbackText=false, reference=null, credits=0.0, positive=false, type=AUTOMATIC, visibility=ALWAYS, testCase=TestCaseDTO[testName=null, id=1517]], FeedbackDTO[id=1032, text=null, detailText=The class 'Context' was not found within the submission. Make sure to implement it properly., hasLongFeedbackText=false, reference=null, credits=0.0, positive=false, type=AUTOMATIC, visibility=ALWAYS, testCase=TestCaseDTO[testName=null, id=1518]], FeedbackDTO[id=1033, text=null, detailText=The exercise expects a class with the name Policy in the package testpackage. You did not implement the class in the exercise., hasLongFeedbackText=false, reference=null, credits=0.0, positive=false, type=AUTOMATIC, visibility=ALWAYS, testCase=TestCaseDTO[testName=null, id=1512]], FeedbackDTO[id=1034, text=null, detailText=The exercise expects a class with the name Context in the package testpackage. You did not implement the class in the exercise., hasLongFeedbackText=false, reference=null, credits=0.0, positive=false, type=AUTOMATIC, visibility=ALWAYS, testCase=TestCaseDTO[testName=null, id=1508]], FeedbackDTO[id=1035, text=null, detailText=The exercise expects a class with the name Policy in the package testpackage. You did not implement the class in the exercise., hasLongFeedbackText=false, reference=null, credits=0.0, positive=false, type=AUTOMATIC, visibility=ALWAYS, testCase=TestCaseDTO[testName=null, id=1509]], FeedbackDTO[id=1036, text=null, detailText=null, hasLongFeedbackText=false, reference=null, credits=3.230769230769231, positive=true, type=AUTOMATIC, visibility=ALWAYS, testCase=TestCaseDTO[testName=null, id=1519]]], assessmentType=AUTOMATIC, hasComplaint=null, exampleResult=null, testCaseCount=13, passedTestCaseCount=1, codeIssueCount=0]], BuildJobQueueItem[id=20431739576757232, name=SHORT3945BC5E092B90459B0A7F006DF5F64347FDTSTEXC-SOLUTION, buildAgent=BuildAgentDTO[name=artemis-build-agent-test, memberAddress=[127.0.0.1]:5703, displayName=artemis-build-agent-test], participationId=2043, courseId=998, exerciseId=2615, retryCount=0, priority=2, status=SUCCESSFUL, repositoryInfo=RepositoryInfo[repositoryName=short3945bc5e092b90459b0a7f006df5f64347fdtstexc-solution, repositoryType=solution, triggeredByPushTo=solution, assignmentRepositoryUri=http://localhost:49152/git/SHORT3945BC5E092B90459B0A7F006DF5F64347FDTSTEXC/short3945bc5e092b90459b0a7f006df5f64347fdtstexc-solution.git, testRepositoryUri=http://localhost:49152/git/SHORT3945BC5E092B90459B0A7F006DF5F64347FDTSTEXC/short3945bc5e092b90459b0a7f006df5f64347fdtstexc-tests.git, solutionRepositoryUri=null, auxiliaryRepositoryUris=[Ljava.lang.String;@54b0c6a5, auxiliaryRepositoryCheckoutDirectories=[Ljava.lang.String;@4c809522], jobTimingInfo=JobTimingInfo[submissionDate=2025-02-14T23:45:57.232907777Z[Etc/UTC], buildStartDate=2025-02-14T23:45:57.240437339Z[Etc/UTC], buildCompletionDate=2025-02-14T23:45:58.062328619Z[Etc/UTC], estimatedCompletionDate=2025-02-14T23:46:16.240428743Z[Etc/UTC], estimatedDuration=19], buildConfig=BuildConfig[buildScript=#!/bin/bash
cd /var/tmp/testing-dir
chmod +x ./gradlew
./gradlew clean test
, dockerImage=dummy-docker-image:latest, commitHashToBuild=c315388a235502fd958ae3c7ffbbbbf126a8fe21, assignmentCommitHash=c315388a235502fd958ae3c7ffbbbbf126a8fe21, testCommitHash=28488095271179f4eface46480ec45511f50df5d, branch=main, programmingLanguage=JAVA, projectType=PLAIN_GRADLE, scaEnabled=false, sequentialTestRunsEnabled=false, resultPaths=[/var/tmp/testing-dir/**/test-results/test/*.xml], timeoutSeconds=0, assignmentCheckoutPath=null, testCheckoutPath=null, solutionCheckoutPath=null, dockerRunConfig=null], submissionResult=ResultDTO[id=641, completionDate=2025-02-14T23:45:58.032353400Z[Etc/UTC], successful=true, score=100.0, rated=true, submission=SubmissionDTO[id=835, submitted=true, type=MANUAL, exampleSubmission=null, submissionDate=2025-02-14T23:45:57.222714Z, commitHash=c315388a235502fd958ae3c7ffbbbbf126a8fe21, buildFailed=false, buildArtifact=false, participation=ParticipationDTO[id=2043, testRun=false, type=solution, submissionCount=null, exercise=ParticipationExerciseDTO[id=2615, exerciseType=PROGRAMMING, type=programming, assessmentType=AUTOMATIC, dueDate=2025-02-16T23:45:56.808788Z, assessmentDueDate=null, maxPoints=42.0, course=CourseDTO[id=998, accuracyOfScores=1]]], submissionExerciseType=programming, isProcessing=false, buildStartDate=null, estimatedCompletionDate=null], participation=ParticipationDTO[id=2043, testRun=false, type=solution, submissionCount=null, exercise=ParticipationExerciseDTO[id=2615, exerciseType=PROGRAMMING, type=programming, assessmentType=AUTOMATIC, dueDate=2025-02-16T23:45:56.808788Z, assessmentDueDate=null, maxPoints=42.0, course=CourseDTO[id=998, accuracyOfScores=1]]], feedbacks=[FeedbackDTO[id=1037, text=null, detailText=null, hasLongFeedbackText=false, reference=null, credits=3.230769230769231, positive=true, type=AUTOMATIC, visibility=ALWAYS, testCase=TestCaseDTO[testName=testMethods[Context], id=1539]], FeedbackDTO[id=1038, text=null, detailText=null, hasLongFeedbackText=false, reference=null, credits=3.230769230769231, positive=true, type=AUTOMATIC, visibility=ALWAYS, testCase=TestCaseDTO[testName=testMethods[Policy], id=1540]], FeedbackDTO[id=1039, text=null, detailText=null, hasLongFeedbackText=false, reference=null, credits=3.230769230769231, positive=true, type=AUTOMATIC, visibility=ALWAYS, testCase=TestCaseDTO[testName=testMethods[SortStrategy], id=1541]], FeedbackDTO[id=1040, text=null, detailText=null, hasLongFeedbackText=false, reference=null, credits=3.230769230769231, positive=true, type=AUTOMATIC, visibility=ALWAYS, testCase=TestCaseDTO[testName=testClass[MergeSort], id=1536]], FeedbackDTO[id=1041, text=null, detailText=null, hasLongFeedbackText=false, reference=null, credits=3.230769230769231, positive=true, type=AUTOMATIC, visibility=ALWAYS, testCase=TestCaseDTO[testName=testClass[SortStrategy], id=1533]], FeedbackDTO[id=1042, text=null, detailText=null, hasLongFeedbackText=false, reference=null, credits=3.230769230769231, positive=true, type=AUTOMATIC, visibility=ALWAYS, testCase=TestCaseDTO[testName=testClass[BubbleSort], id=1537]], FeedbackDTO[id=1043, text=null, detailText=null, hasLongFeedbackText=false, reference=null, credits=3.230769230769231, positive=true, type=AUTOMATIC, visibility=ALWAYS, testCase=TestCaseDTO[testName=testMergeSort(), id=1542]], FeedbackDTO[id=1044, text=null, detailText=null, hasLongFeedbackText=false, reference=null, credits=3.230769230769231, positive=true, type=AUTOMATIC, visibility=ALWAYS, testCase=TestCaseDTO[testName=testUseBubbleSortForSmallList(), id=1543]], FeedbackDTO[id=1045, text=null, detailText=null, hasLongFeedbackText=false, reference=null, credits=3.230769230769231, positive=true, type=AUTOMATIC, visibility=ALWAYS, testCase=TestCaseDTO[testName=testBubbleSort(), id=1545]], FeedbackDTO[id=1046, text=null, detailText=null, hasLongFeedbackText=false, reference=null, credits=3.230769230769231, positive=true, type=AUTOMATIC, visibility=ALWAYS, testCase=TestCaseDTO[testName=testUseMergeSortForBigList(), id=1544]], FeedbackDTO[id=1047, text=null, detailText=null, hasLongFeedbackText=false, reference=null, credits=3.230769230769231, positive=true, type=AUTOMATIC, visibility=ALWAYS, testCase=TestCaseDTO[testName=testConstructors[Policy], id=1538]], FeedbackDTO[id=1048, text=null, detailText=null, hasLongFeedbackText=false, reference=null, credits=3.230769230769231, positive=true, type=AUTOMATIC, visibility=ALWAYS, testCase=TestCaseDTO[testName=testAttributes[Context], id=1534]], FeedbackDTO[id=1049, text=null, detailText=null, hasLongFeedbackText=false, reference=null, credits=3.230769230769231, positive=true, type=AUTOMATIC, visibility=ALWAYS, testCase=TestCaseDTO[testName=testAttributes[Policy], id=1535]]], assessmentType=AUTOMATIC, hasComplaint=null, exampleResult=null, testCaseCount=13, passedTestCaseCount=13, codeIssueCount=0]], BuildJobQueueItem[id=20471739576759335, name=SHORT07624A260BD060493708A050BB6FAE261DD5TSTEXC-LOCALVCCIINTSTUDENT1, buildAgent=BuildAgentDTO[name=artemis-build-agent-test, memberAddress=[127.0.0.1]:5703, displayName=artemis-build-agent-test], participationId=2047, courseId=999, exerciseId=2616, retryCount=0, priority=2, status=SUCCESSFUL, repositoryInfo=RepositoryInfo[repositoryName=short07624a260bd060493708a050bb6fae261dd5tstexc-localvcciintstudent1, repositoryType=user, triggeredByPushTo=user, assignmentRepositoryUri=http://localhost:49152/git/SHORT07624A260BD060493708A050BB6FAE261DD5TSTEXC/short07624a260bd060493708a050bb6fae261dd5tstexc-localvcciintstudent1.git, testRepositoryUri=http://localhost:49152/git/SHORT07624A260BD060493708A050BB6FAE261DD5TSTEXC/short07624a260bd060493708a050bb6fae261dd5tstexc-tests.git, solutionRepositoryUri=null, auxiliaryRepositoryUris=[Ljava.lang.String;@1afc21c7, auxiliaryRepositoryCheckoutDirectories=[Ljava.lang.String;@22a0aecb], jobTimingInfo=JobTimingInfo[submissionDate=2025-02-14T23:45:59.335772293Z[Etc/UTC], buildStartDate=2025-02-14T23:45:59.344175895Z[Etc/UTC], buildCompletionDate=2025-02-14T23:46:00.603413500Z[Etc/UTC], estimatedCompletionDate=2025-02-14T23:46:18.344169813Z[Etc/UTC], estimatedDuration=19], buildConfig=BuildConfig[buildScript=#!/bin/bash
cd /var/tmp/testing-dir
chmod +x ./gradlew
./gradlew clean test
, dockerImage=dummy-docker-image:latest, commitHashToBuild=18a07c7296dd70e3280c5bdcec7fccd0be6b8148, assignmentCommitHash=18a07c7296dd70e3280c5bdcec7fccd0be6b8148, testCommitHash=d654a233667bae063bb900e455fd2da456e10333, branch=main, programmingLanguage=JAVA, projectType=PLAIN_GRADLE, scaEnabled=false, sequentialTestRunsEnabled=false, resultPaths=[/var/tmp/testing-dir/**/test-results/test/*.xml], timeoutSeconds=0, assignmentCheckoutPath=null, testCheckoutPath=null, solutionCheckoutPath=null, dockerRunConfig=null], submissionResult=ResultDTO[id=642, completionDate=2025-02-14T23:46:00.583368808Z[Etc/UTC], successful=false, score=7.7, rated=true, submission=SubmissionDTO[id=836, submitted=true, type=MANUAL, exampleSubmission=null, submissionDate=2025-02-14T23:45:59.324416Z, commitHash=18a07c7296dd70e3280c5bdcec7fccd0be6b8148, buildFailed=false, buildArtifact=false, participation=ParticipationDTO[id=2047, testRun=false, type=programming, submissionCount=null, exercise=ParticipationExerciseDTO[id=2616, exerciseType=PROGRAMMING, type=programming, assessmentType=AUTOMATIC, dueDate=2025-02-16T23:45:58.958237Z, assessmentDueDate=null, maxPoints=42.0, course=CourseDTO[id=999, accuracyOfScores=1]]], submissionExerciseType=programming, isProcessing=false, buildStartDate=null, estimatedCompletionDate=null], participation=ParticipationDTO[id=2047, testRun=false, type=programming, submissionCount=null, exercise=ParticipationExerciseDTO[id=2616, exerciseType=PROGRAMMING, type=programming, assessmentType=AUTOMATIC, dueDate=2025-02-16T23:45:58.958237Z, assessmentDueDate=null, maxPoints=42.0, course=CourseDTO[id=999, accuracyOfScores=1]]], feedbacks=[FeedbackDTO[id=1050, text=null, detailText=The exercise expects a class with the name Context in the package testpackage. You did not implement the class in the exercise., hasLongFeedbackText=false, reference=null, credits=0.0, positive=false, type=AUTOMATIC, visibility=ALWAYS, testCase=TestCaseDTO[testName=null, id=1552]], FeedbackDTO[id=1051, text=null, detailText=The exercise expects a class with the name Policy in the package testpackage. You did not implement the class in the exercise., hasLongFeedbackText=false, reference=null, credits=0.0, positive=false, type=AUTOMATIC, visibility=ALWAYS, testCase=TestCaseDTO[testName=null, id=1553]], FeedbackDTO[id=1052, text=null, detailText=The exercise expects a class with the name SortStrategy in the package testpackage. You did not implement the class in the exercise., hasLongFeedbackText=false, reference=null, credits=0.0, positive=false, type=AUTOMATIC, visibility=ALWAYS, testCase=TestCaseDTO[testName=null, id=1554]], FeedbackDTO[id=1053, text=null, detailText=The class 'MergeSort' does not implement the interface 'SortStrategy' as expected. Implement the interface and its methods., hasLongFeedbackText=false, reference=null, credits=0.0, positive=false, type=AUTOMATIC, visibility=ALWAYS, testCase=TestCaseDTO[testName=null, id=1549]], FeedbackDTO[id=1054, text=null, detailText=The exercise expects a class with the name SortStrategy in the package testpackage. You did not implement the class in the exercise., hasLongFeedbackText=false, reference=null, credits=0.0, positive=false, type=AUTOMATIC, visibility=ALWAYS, testCase=TestCaseDTO[testName=null, id=1546]], FeedbackDTO[id=1055, text=null, detailText=The class 'BubbleSort' does not implement the interface 'SortStrategy' as expected. Implement the interface and its methods., hasLongFeedbackText=false, reference=null, credits=0.0, positive=false, type=AUTOMATIC, visibility=ALWAYS, testCase=TestCaseDTO[testName=null, id=1550]], FeedbackDTO[id=1056, text=null, detailText=MergeSort does not sort correctly, hasLongFeedbackText=false, reference=null, credits=0.0, positive=false, type=AUTOMATIC, visibility=ALWAYS, testCase=TestCaseDTO[testName=null, id=1555]], FeedbackDTO[id=1057, text=null, detailText=The class 'Context' was not found within the submission. Make sure to implement it properly., hasLongFeedbackText=false, reference=null, credits=0.0, positive=false, type=AUTOMATIC, visibility=ALWAYS, testCase=TestCaseDTO[testName=null, id=1556]], FeedbackDTO[id=1058, text=null, detailText=The class 'Context' was not found within the submission. Make sure to implement it properly., hasLongFeedbackText=false, reference=null, credits=0.0, positive=false, type=AUTOMATIC, visibility=ALWAYS, testCase=TestCaseDTO[testName=null, id=1557]], FeedbackDTO[id=1059, text=null, detailText=The exercise expects a class with the name Policy in the package testpackage. You did not implement the class in the exercise., hasLongFeedbackText=false, reference=null, credits=0.0, positive=false, type=AUTOMATIC, visibility=ALWAYS, testCase=TestCaseDTO[testName=null, id=1551]], FeedbackDTO[id=1060, text=null, detailText=The exercise expects a class with the name Context in the package testpackage. You did not implement the class in the exercise., hasLongFeedbackText=false, reference=null, credits=0.0, positive=false, type=AUTOMATIC, visibility=ALWAYS, testCase=TestCaseDTO[testName=null, id=1547]], FeedbackDTO[id=1061, text=null, detailText=The exercise expects a class with the name Policy in the package testpackage. You did not implement the class in the exercise., hasLongFeedbackText=false, reference=null, credits=0.0, positive=false, type=AUTOMATIC, visibility=ALWAYS, testCase=TestCaseDTO[testName=null, id=1548]], FeedbackDTO[id=1062, text=null, detailText=null, hasLongFeedbackText=false, reference=null, credits=3.230769230769231, positive=true, type=AUTOMATIC, visibility=ALWAYS, testCase=TestCaseDTO[testName=null, id=1558]]], assessmentType=AUTOMATIC, hasComplaint=null, exampleResult=null, testCaseCount=13, passedTestCaseCount=1, codeIssueCount=0]], BuildJobQueueItem[id=20631739576764096, name=SHORT4DC244B40E51904DBF09D1D07EFB51569A98T9E7-BASE, buildAgent=BuildAgentDTO[name=artemis-build-agent-test, memberAddress=[127.0.0.1]:5703, displayName=artemis-build-agent-test], participationId=2063, courseId=1004, exerciseId=2622, retryCount=0, priority=2, status=SUCCESSFUL, repositoryInfo=RepositoryInfo[repositoryName=short4dc244b40e51904dbf09d1d07efb51569a98t9e7-exercise, repositoryType=exercise, triggeredByPushTo=exercise, assignmentRepositoryUri=http://localhost:49152/git/SHORT4DC244B40E51904DBF09D1D07EFB51569A98T9E7/short4dc244b40e51904dbf09d1d07efb51569a98t9e7-exercise.git, testRepositoryUri=http://localhost:49152/git/SHORT4DC244B40E51904DBF09D1D07EFB51569A98T9E7/short4dc244b40e51904dbf09d1d07efb51569a98t9e7-tests.git, solutionRepositoryUri=null, auxiliaryRepositoryUris=[Ljava.lang.String;@70f7d1d4, auxiliaryRepositoryCheckoutDirectories=[Ljava.lang.String;@3816736d], jobTimingInfo=JobTimingInfo[submissionDate=2025-02-14T23:46:04.096728486Z[Etc/UTC], buildStartDate=2025-02-14T23:46:04.102262636Z[Etc/UTC], buildCompletionDate=2025-02-14T23:46:05.226227728Z[Etc/UTC], estimatedCompletionDate=2025-02-14T23:46:23.102258508Z[Etc/UTC], estimatedDuration=19], buildConfig=BuildConfig[buildScript=#!/bin/bash
cd /var/tmp/testing-dir
Some script, dockerImage=dummy-docker-image, commitHashToBuild=null, assignmentCommitHash=c012d390834ea02544e9b3baca8f528ff58cb582, testCommitHash=106892b5032dbcc929f32d283777eb646a0a7ab0, branch=main, programmingLanguage=JAVA, projectType=PLAIN_GRADLE, scaEnabled=false, sequentialTestRunsEnabled=false, resultPaths=[/var/tmp/testing-dir/**/test-results/test/*.xml], timeoutSeconds=0, assignmentCheckoutPath=null, testCheckoutPath=null, solutionCheckoutPath=null, dockerRunConfig=null], submissionResult=ResultDTO[id=643, completionDate=2025-02-14T23:46:05.207991505Z[Etc/UTC], successful=false, score=0.0, rated=true, submission=SubmissionDTO[id=838, submitted=false, type=INSTRUCTOR, exampleSubmission=null, submissionDate=2025-02-14T23:46:04.057795Z, commitHash=c012d390834ea02544e9b3baca8f528ff58cb582, buildFailed=false, buildArtifact=false, participation=ParticipationDTO[id=2063, testRun=false, type=template, submissionCount=null, exercise=ParticipationExerciseDTO[id=2622, exerciseType=PROGRAMMING, type=programming, assessmentType=SEMI_AUTOMATIC, dueDate=2025-02-21T23:46:03.542650Z, assessmentDueDate=null, maxPoints=5.0, course=CourseDTO[id=1004, accuracyOfScores=1]]], submissionExerciseType=programming, isProcessing=false, buildStartDate=null, estimatedCompletionDate=null], participation=ParticipationDTO[id=2063, testRun=false, type=template, submissionCount=null, exercise=ParticipationExerciseDTO[id=2622, exerciseType=PROGRAMMING, type=programming, assessmentType=SEMI_AUTOMATIC, dueDate=2025-02-21T23:46:03.542650Z, assessmentDueDate=null, maxPoints=5.0, course=CourseDTO[id=1004, accuracyOfScores=1]]], feedbacks=[FeedbackDTO[id=1063, text=testMethods[Context], detailText=The exercise expects a class with the name Context in the package testpackage. You did not implement the class in the exercise., hasLongFeedbackText=false, reference=null, credits=null, positive=false, type=AUTOMATIC, visibility=null, testCase=null], FeedbackDTO[id=1064, text=testMethods[Policy], detailText=The exercise expects a class with the name Policy in the package testpackage. You did not implement the class in the exercise., hasLongFeedbackText=false, reference=null, credits=null, positive=false, type=AUTOMATIC, visibility=null, testCase=null], FeedbackDTO[id=1065, text=testMethods[SortStrategy], detailText=The exercise expects a class with the name SortStrategy in the package testpackage. You did not implement the class in the exercise., hasLongFeedbackText=false, reference=null, credits=null, positive=false, type=AUTOMATIC, visibility=null, testCase=null], FeedbackDTO[id=1066, text=testClass[MergeSort], detailText=The class 'MergeSort' does not implement the interface 'SortStrategy' as expected. Implement the interface and its methods., hasLongFeedbackText=false, reference=null, credits=null, positive=false, type=AUTOMATIC, visibility=null, testCase=null], FeedbackDTO[id=1067, text=testClass[SortStrategy], detailText=The exercise expects a class with the name SortStrategy in the package testpackage. You did not implement the class in the exercise., hasLongFeedbackText=false, reference=null, credits=null, positive=false, type=AUTOMATIC, visibility=null, testCase=null], FeedbackDTO[id=1068, text=testClass[BubbleSort], detailText=The class 'BubbleSort' does not implement the interface 'SortStrategy' as expected. Implement the interface and its methods., hasLongFeedbackText=false, reference=null, credits=null, positive=false, type=AUTOMATIC, visibility=null, testCase=null], FeedbackDTO[id=1069, text=testMergeSort(), detailText=MergeSort does not sort correctly, hasLongFeedbackText=false, reference=null, credits=null, positive=false, type=AUTOMATIC, visibility=null, testCase=null], FeedbackDTO[id=1070, text=testUseBubbleSortForSmallList(), detailText=The class 'Context' was not found within the submission. Make sure to implement it properly., hasLongFeedbackText=false, reference=null, credits=null, positive=false, type=AUTOMATIC, visibility=null, testCase=null], FeedbackDTO[id=1071, text=testBubbleSort(), detailText=BubbleSort does not sort correctly, hasLongFeedbackText=false, reference=null, credits=null, positive=false, type=AUTOMATIC, visibility=null, testCase=null], FeedbackDTO[id=1072, text=testUseMergeSortForBigList(), detailText=The class 'Context' was not found within the submission. Make sure to implement it properly., hasLongFeedbackText=false, reference=null, credits=null, positive=false, type=AUTOMATIC, visibility=null, testCase=null], FeedbackDTO[id=1073, text=testConstructors[Policy], detailText=The exercise expects a class with the name Policy in the package testpackage. You did not implement the class in the exercise., hasLongFeedbackText=false, reference=null, credits=null, positive=false, type=AUTOMATIC, visibility=null, testCase=null], FeedbackDTO[id=1074, text=testAttributes[Context], detailText=The exercise expects a class with the name Context in the package testpackage. You did not implement the class in the exercise., hasLongFeedbackText=false, reference=null, credits=null, positive=false, type=AUTOMATIC, visibility=null, testCase=null], FeedbackDTO[id=1075, text=testAttributes[Policy], detailText=The exercise expects a class with the name Policy in the package testpackage. You did not implement the class in the exercise., hasLongFeedbackText=false, reference=null, credits=null, positive=false, type=AUTOMATIC, visibility=null, testCase=null]], assessmentType=AUTOMATIC, hasComplaint=null, exampleResult=null, testCaseCount=13, passedTestCaseCount=0, codeIssueCount=0]], BuildJobQueueItem[id=20641739576764112, name=SHORT4DC244B40E51904DBF09D1D07EFB51569A98T9E7-SOLUTION, buildAgent=BuildAgentDTO[name=artemis-build-agent-test, memberAddress=[127.0.0.1]:5703, displayName=artemis-build-agent-test], participationId=2064, courseId=1004, exerciseId=2622, retryCount=0, priority=2, status=SUCCESSFUL, repositoryInfo=RepositoryInfo[repositoryName=short4dc244b40e51904dbf09d1d07efb51569a98t9e7-solution, repositoryType=solution, triggeredByPushTo=solution, assignmentRepositoryUri=http://localhost:49152/git/SHORT4DC244B40E51904DBF09D1D07EFB51569A98T9E7/short4dc244b40e51904dbf09d1d07efb51569a98t9e7-solution.git, testRepositoryUri=http://localhost:49152/git/SHORT4DC244B40E51904DBF09D1D07EFB51569A98T9E7/short4dc244b40e51904dbf09d1d07efb51569a98t9e7-tests.git, solutionRepositoryUri=null, auxiliaryRepositoryUris=[Ljava.lang.String;@439f8fb1, auxiliaryRepositoryCheckoutDirectories=[Ljava.lang.String;@64eeb7ff], jobTimingInfo=JobTimingInfo[submissionDate=2025-02-14T23:46:04.112126913Z[Etc/UTC], buildStartDate=2025-02-14T23:46:05.232264507Z[Etc/UTC], buildCompletionDate=2025-02-14T23:46:06.182915498Z[Etc/UTC], estimatedCompletionDate=2025-02-14T23:46:24.232260149Z[Etc/UTC], estimatedDuration=19], buildConfig=BuildConfig[buildScript=#!/bin/bash
cd /var/tmp/testing-dir
Some script, dockerImage=dummy-docker-image, commitHashToBuild=null, assignmentCommitHash=221330b9b164316cadedcd1505ff3260d90e6691, testCommitHash=106892b5032dbcc929f32d283777eb646a0a7ab0, branch=main, programmingLanguage=JAVA, projectType=PLAIN_GRADLE, scaEnabled=false, sequentialTestRunsEnabled=false, resultPaths=[/var/tmp/testing-dir/**/test-results/test/*.xml], timeoutSeconds=0, assignmentCheckoutPath=null, testCheckoutPath=null, solutionCheckoutPath=null, dockerRunConfig=null], submissionResult=ResultDTO[id=644, completionDate=2025-02-14T23:46:06.169385846Z[Etc/UTC], successful=true, score=100.0, rated=true, submission=SubmissionDTO[id=837, submitted=false, type=INSTRUCTOR, exampleSubmission=null, submissionDate=2025-02-14T23:46:04.038689Z, commitHash=221330b9b164316cadedcd1505ff3260d90e6691, buildFailed=false, buildArtifact=false, participation=ParticipationDTO[id=2064, testRun=false, type=solution, submissionCount=null, exercise=ParticipationExerciseDTO[id=2622, exerciseType=PROGRAMMING, type=programming, assessmentType=SEMI_AUTOMATIC, dueDate=2025-02-21T23:46:03.542650Z, assessmentDueDate=null, maxPoints=5.0, course=CourseDTO[id=1004, accuracyOfScores=1]]], submissionExerciseType=programming, isProcessing=false, buildStartDate=null, estimatedCompletionDate=null], participation=ParticipationDTO[id=2064, testRun=false, type=solution, submissionCount=null, exercise=ParticipationExerciseDTO[id=2622, exerciseType=PROGRAMMING, type=programming, assessmentType=SEMI_AUTOMATIC, dueDate=2025-02-21T23:46:03.542650Z, assessmentDueDate=null, maxPoints=5.0, course=CourseDTO[id=1004, accuracyOfScores=1]]], feedbacks=[FeedbackDTO[id=1076, text=null, detailText=null, hasLongFeedbackText=false, reference=null, credits=0.38461538461538464, positive=true, type=AUTOMATIC, visibility=ALWAYS, testCase=TestCaseDTO[testName=testMethods[Context], id=1612]], FeedbackDTO[id=1077, text=null, detailText=null, hasLongFeedbackText=false, reference=null, credits=0.38461538461538464, positive=true, type=AUTOMATIC, visibility=ALWAYS, testCase=TestCaseDTO[testName=testMethods[Policy], id=1611]], FeedbackDTO[id=1078, text=null, detailText=null, hasLongFeedbackText=false, reference=null, credits=0.38461538461538464, positive=true, type=AUTOMATIC, visibility=ALWAYS, testCase=TestCaseDTO[testName=testMethods[SortStrategy], id=1613]], FeedbackDTO[id=1079, text=null, detailText=null, hasLongFeedbackText=false, reference=null, credits=0.38461538461538464, positive=true, type=AUTOMATIC, visibility=ALWAYS, testCase=TestCaseDTO[testName=testClass[MergeSort], id=1614]], FeedbackDTO[id=1080, text=null, detailText=null, hasLongFeedbackText=false, reference=null, credits=0.38461538461538464, positive=true, type=AUTOMATIC, visibility=ALWAYS, testCase=TestCaseDTO[testName=testClass[SortStrategy], id=1617]], FeedbackDTO[id=1081, text=null, detailText=null, hasLongFeedbackText=false, reference=null, credits=0.38461538461538464, positive=true, type=AUTOMATIC, visibility=ALWAYS, testCase=TestCaseDTO[testName=testClass[BubbleSort], id=1618]], FeedbackDTO[id=1082, text=null, detailText=null, hasLongFeedbackText=false, reference=null, credits=0.38461538461538464, positive=true, type=AUTOMATIC, visibility=ALWAYS, testCase=TestCaseDTO[testName=testMergeSort(), id=1620]], FeedbackDTO[id=1083, text=null, detailText=null, hasLongFeedbackText=false, reference=null, credits=0.38461538461538464, positive=true, type=AUTOMATIC, visibility=ALWAYS, testCase=TestCaseDTO[testName=testUseBubbleSortForSmallList(), id=1622]], FeedbackDTO[id=1084, text=null, detailText=null, hasLongFeedbackText=false, reference=null, credits=0.38461538461538464, positive=true, type=AUTOMATIC, visibility=ALWAYS, testCase=TestCaseDTO[testName=testBubbleSort(), id=1615]], FeedbackDTO[id=1085, text=null, detailText=null, hasLongFeedbackText=false, reference=null, credits=0.38461538461538464, positive=true, type=AUTOMATIC, visibility=ALWAYS, testCase=TestCaseDTO[testName=testUseMergeSortForBigList(), id=1619]], FeedbackDTO[id=1086, text=null, detailText=null, hasLongFeedbackText=false, reference=null, credits=0.38461538461538464, positive=true, type=AUTOMATIC, visibility=ALWAYS, testCase=TestCaseDTO[testName=testConstructors[Policy], id=1623]], FeedbackDTO[id=1087, text=null, detailText=null, hasLongFeedbackText=false, reference=null, credits=0.38461538461538464, positive=true, type=AUTOMATIC, visibility=ALWAYS, testCase=TestCaseDTO[testName=testAttributes[Context], id=1616]], FeedbackDTO[id=1088, text=null, detailText=null, hasLongFeedbackText=false, reference=null, credits=0.38461538461538464, positive=true, type=AUTOMATIC, visibility=ALWAYS, testCase=TestCaseDTO[testName=testAttributes[Policy], id=1621]]], assessmentType=AUTOMATIC, hasComplaint=null, exampleResult=null, testCaseCount=13, passedTestCaseCount=13, codeIssueCount=0]], BuildJobQueueItem[id=20711739576769873, name=SHORT119ADC0203685047B60A48204B1EA14EB29EIMPORTED-BASE, buildAgent=BuildAgentDTO[name=artemis-build-agent-test, memberAddress=[127.0.0.1]:5703, displayName=artemis-build-agent-test], participationId=2071, courseId=1007, exerciseId=2625, retryCount=0, priority=2, status=SUCCESSFUL, repositoryInfo=RepositoryInfo[repositoryName=short119adc0203685047b60a48204b1ea14eb29eimported-exercise, repositoryType=exercise, triggeredByPushTo=exercise, assignmentRepositoryUri=http://localhost:49152/git/SHORT119ADC0203685047B60A48204B1EA14EB29EIMPORTED/short119adc0203685047b60a48204b1ea14eb29eimported-exercise.git, testRepositoryUri=http://localhost:49152/git/SHORT119ADC0203685047B60A48204B1EA14EB29EIMPORTED/short119adc0203685047b60a48204b1ea14eb29eimported-tests.git, solutionRepositoryUri=null, auxiliaryRepositoryUris=[Ljava.lang.String;@2a59b3c7, auxiliaryRepositoryCheckoutDirectories=[Ljava.lang.String;@21df30fa], jobTimingInfo=JobTimingInfo[submissionDate=2025-02-14T23:46:09.873880717Z[Etc/UTC], buildStartDate=2025-02-14T23:46:09.877078790Z[Etc/UTC], buildCompletionDate=2025-02-14T23:46:11.190344481Z[Etc/UTC], estimatedCompletionDate=2025-02-14T23:46:28.877074652Z[Etc/UTC], estimatedDuration=19], buildConfig=BuildConfig[buildScript=#!/bin/bash
cd /var/tmp/testing-dir
chmod +x ./gradlew
./gradlew clean test
, dockerImage=dummy-docker-image, commitHashToBuild=null, assignmentCommitHash=fdf5d18917d97180fa8cd8dbe85fef02e40bdd6d, testCommitHash=fdf5d18917d97180fa8cd8dbe85fef02e40bdd6d, branch=main, programmingLanguage=JAVA, projectType=PLAIN_GRADLE, scaEnabled=false, sequentialTestRunsEnabled=false, resultPaths=[/var/tmp/testing-dir/**/test-results/test/*.xml], timeoutSeconds=0, assignmentCheckoutPath=null, testCheckoutPath=null, solutionCheckoutPath=null, dockerRunConfig=null], submissionResult=ResultDTO[id=645, completionDate=2025-02-14T23:46:11.157476754Z[Etc/UTC], successful=false, score=0.0, rated=true, submission=SubmissionDTO[id=839, submitted=true, type=MANUAL, exampleSubmission=null, submissionDate=2025-02-14T23:46:07.288584092Z[Etc/UTC], commitHash=fdf5d18917d97180fa8cd8dbe85fef02e40bdd6d, buildFailed=false, buildArtifact=false, participation=ParticipationDTO[id=2071, testRun=false, type=template, submissionCount=null, exercise=ParticipationExerciseDTO[id=2625, exerciseType=PROGRAMMING, type=programming, assessmentType=AUTOMATIC, dueDate=2025-02-16T23:46:09.110273Z, assessmentDueDate=null, maxPoints=42.0, course=CourseDTO[id=1007, accuracyOfScores=1]]], submissionExerciseType=programming, isProcessing=false, buildStartDate=null, estimatedCompletionDate=null], participation=ParticipationDTO[id=2071, testRun=false, type=template, submissionCount=null, exercise=ParticipationExerciseDTO[id=2625, exerciseType=PROGRAMMING, type=programming, assessmentType=AUTOMATIC, dueDate=2025-02-16T23:46:09.110273Z, assessmentDueDate=null, maxPoints=42.0, course=CourseDTO[id=1007, accuracyOfScores=1]]], feedbacks=[FeedbackDTO[id=1089, text=testMethods[Context], detailText=The exercise expects a class with the name Context in the package testpackage. You did not implement the class in the exercise., hasLongFeedbackText=false, reference=null, credits=null, positive=false, type=AUTOMATIC, visibility=null, testCase=null], FeedbackDTO[id=1090, text=testMethods[Policy], detailText=The exercise expects a class with the name Policy in the package testpackage. You did not implement the class in the exercise., hasLongFeedbackText=false, reference=null, credits=null, positive=false, type=AUTOMATIC, visibility=null, testCase=null], FeedbackDTO[id=1091, text=testMethods[SortStrategy], detailText=The exercise expects a class with the name SortStrategy in the package testpackage. You did not implement the class in the exercise., hasLongFeedbackText=false, reference=null, credits=null, positive=false, type=AUTOMATIC, visibility=null, testCase=null], FeedbackDTO[id=1092, text=testClass[MergeSort], detailText=The class 'MergeSort' does not implement the interface 'SortStrategy' as expected. Implement the interface and its methods., hasLongFeedbackText=false, reference=null, credits=null, positive=false, type=AUTOMATIC, visibility=null, testCase=null], FeedbackDTO[id=1093, text=testClass[SortStrategy], detailText=The exercise expects a class with the name SortStrategy in the package testpackage. You did not implement the class in the exercise., hasLongFeedbackText=false, reference=null, credits=null, positive=false, type=AUTOMATIC, visibility=null, testCase=null], FeedbackDTO[id=1094, text=testClass[BubbleSort], detailText=The class 'BubbleSort' does not implement the interface 'SortStrategy' as expected. Implement the interface and its methods., hasLongFeedbackText=false, reference=null, credits=null, positive=false, type=AUTOMATIC, visibility=null, testCase=null], FeedbackDTO[id=1095, text=testMergeSort(), detailText=MergeSort does not sort correctly, hasLongFeedbackText=false, reference=null, credits=null, positive=false, type=AUTOMATIC, visibility=null, testCase=null], FeedbackDTO[id=1096, text=testUseBubbleSortForSmallList(), detailText=The class 'Context' was not found within the submission. Make sure to implement it properly., hasLongFeedbackText=false, reference=null, credits=null, positive=false, type=AUTOMATIC, visibility=null, testCase=null], FeedbackDTO[id=1097, text=testBubbleSort(), detailText=BubbleSort does not sort correctly, hasLongFeedbackText=false, reference=null, credits=null, positive=false, type=AUTOMATIC, visibility=null, testCase=null], FeedbackDTO[id=1098, text=testUseMergeSortForBigList(), detailText=The class 'Context' was not found within the submission. Make sure to implement it properly., hasLongFeedbackText=false, reference=null, credits=null, positive=false, type=AUTOMATIC, visibility=null, testCase=null], FeedbackDTO[id=1099, text=testConstructors[Policy], detailText=The exercise expects a class with the name Policy in the package testpackage. You did not implement the class in the exercise., hasLongFeedbackText=false, reference=null, credits=null, positive=false, type=AUTOMATIC, visibility=null, testCase=null], FeedbackDTO[id=1100, text=testAttributes[Context], detailText=The exercise expects a class with the name Context in the package testpackage. You did not implement the class in the exercise., hasLongFeedbackText=false, reference=null, credits=null, positive=false, type=AUTOMATIC, visibility=null, testCase=null], FeedbackDTO[id=1101, text=testAttributes[Policy], detailText=The exercise expects a class with the name Policy in the package testpackage. You did not implement the class in the exercise., hasLongFeedbackText=false, reference=null, credits=null, positive=false, type=AUTOMATIC, visibility=null, testCase=null]], assessmentType=AUTOMATIC, hasComplaint=null, exampleResult=null, testCaseCount=13, passedTestCaseCount=0, codeIssueCount=0]], BuildJobQueueItem[id=20721739576769890, name=SHORT119ADC0203685047B60A48204B1EA14EB29EIMPORTED-SOLUTION, buildAgent=BuildAgentDTO[name=artemis-build-agent-test, memberAddress=[127.0.0.1]:5703, displayName=artemis-build-agent-test], participationId=2072, courseId=1007, exerciseId=2625, retryCount=0, priority=2, status=SUCCESSFUL, repositoryInfo=RepositoryInfo[repositoryName=short119adc0203685047b60a48204b1ea14eb29eimported-solution, repositoryType=solution, triggeredByPushTo=solution, assignmentRepositoryUri=http://localhost:49152/git/SHORT119ADC0203685047B60A48204B1EA14EB29EIMPORTED/short119adc0203685047b60a48204b1ea14eb29eimported-solution.git, testRepositoryUri=http://localhost:49152/git/SHORT119ADC0203685047B60A48204B1EA14EB29EIMPORTED/short119adc0203685047b60a48204b1ea14eb29eimported-tests.git, solutionRepositoryUri=null, auxiliaryRepositoryUris=[Ljava.lang.String;@1e02c177, auxiliaryRepositoryCheckoutDirectories=[Ljava.lang.String;@f42cc07], jobTimingInfo=JobTimingInfo[submissionDate=2025-02-14T23:46:09.890822804Z[Etc/UTC], buildStartDate=2025-02-14T23:46:11.208247329Z[Etc/UTC], buildCompletionDate=2025-02-14T23:46:12.589293923Z[Etc/UTC], estimatedCompletionDate=2025-02-14T23:46:30.208240637Z[Etc/UTC], estimatedDuration=19], buildConfig=BuildConfig[buildScript=#!/bin/bash
cd /var/tmp/testing-dir
chmod +x ./gradlew
./gradlew clean test
, dockerImage=dummy-docker-image, commitHashToBuild=null, assignmentCommitHash=fdf5d18917d97180fa8cd8dbe85fef02e40bdd6d, testCommitHash=fdf5d18917d97180fa8cd8dbe85fef02e40bdd6d, branch=main, programmingLanguage=JAVA, projectType=PLAIN_GRADLE, scaEnabled=false, sequentialTestRunsEnabled=false, resultPaths=[/var/tmp/testing-dir/**/test-results/test/*.xml], timeoutSeconds=0, assignmentCheckoutPath=null, testCheckoutPath=null, solutionCheckoutPath=null, dockerRunConfig=null], submissionResult=ResultDTO[id=646, completionDate=2025-02-14T23:46:12.549974956Z[Etc/UTC], successful=true, score=100.0, rated=true, submission=SubmissionDTO[id=840, submitted=true, type=MANUAL, exampleSubmission=null, submissionDate=2025-02-14T23:46:07.288584092Z[Etc/UTC], commitHash=fdf5d18917d97180fa8cd8dbe85fef02e40bdd6d, buildFailed=false, buildArtifact=false, participation=ParticipationDTO[id=2072, testRun=false, type=solution, submissionCount=null, exercise=ParticipationExerciseDTO[id=2625, exerciseType=PROGRAMMING, type=programming, assessmentType=AUTOMATIC, dueDate=2025-02-16T23:46:09.110273Z, assessmentDueDate=null, maxPoints=42.0, course=CourseDTO[id=1007, accuracyOfScores=1]]], submissionExerciseType=programming, isProcessing=false, buildStartDate=null, estimatedCompletionDate=null], participation=ParticipationDTO[id=2072, testRun=false, type=solution, submissionCount=null, exercise=ParticipationExerciseDTO[id=2625, exerciseType=PROGRAMMING, type=programming, assessmentType=AUTOMATIC, dueDate=2025-02-16T23:46:09.110273Z, assessmentDueDate=null, maxPoints=42.0, course=CourseDTO[id=1007, accuracyOfScores=1]]], feedbacks=[FeedbackDTO[id=1102, text=null, detailText=null, hasLongFeedbackText=false, reference=null, credits=3.230769230769231, positive=true, type=AUTOMATIC, visibility=ALWAYS, testCase=TestCaseDTO[testName=testMethods[Context], id=1624]], FeedbackDTO[id=1103, text=null, detailText=null, hasLongFeedbackText=false, reference=null, credits=3.230769230769231, positive=true, type=AUTOMATIC, visibility=ALWAYS, testCase=TestCaseDTO[testName=testMethods[Policy], id=1625]], FeedbackDTO[id=1104, text=null, detailText=null, hasLongFeedbackText=false, reference=null, credits=3.230769230769231, positive=true, type=AUTOMATIC, visibility=ALWAYS, testCase=TestCaseDTO[testName=testMethods[SortStrategy], id=1626]], FeedbackDTO[id=1105, text=null, detailText=null, hasLongFeedbackText=false, reference=null, credits=3.230769230769231, positive=true, type=AUTOMATIC, visibility=ALWAYS, testCase=TestCaseDTO[testName=testClass[MergeSort], id=1627]], FeedbackDTO[id=1106, text=null, detailText=null, hasLongFeedbackText=false, reference=null, credits=3.230769230769231, positive=true, type=AUTOMATIC, visibility=ALWAYS, testCase=TestCaseDTO[testName=testClass[SortStrategy], id=1628]], FeedbackDTO[id=1107, text=null, detailText=null, hasLongFeedbackText=false, reference=null, credits=3.230769230769231, positive=true, type=AUTOMATIC, visibility=ALWAYS, testCase=TestCaseDTO[testName=testClass[BubbleSort], id=1629]], FeedbackDTO[id=1108, text=null, detailText=null, hasLongFeedbackText=false, reference=null, credits=3.230769230769231, positive=true, type=AUTOMATIC, visibility=ALWAYS, testCase=TestCaseDTO[testName=testMergeSort(), id=1631]], FeedbackDTO[id=1109, text=null, detailText=null, hasLongFeedbackText=false, reference=null, credits=3.230769230769231, positive=true, type=AUTOMATIC, visibility=ALWAYS, testCase=TestCaseDTO[testName=testUseBubbleSortForSmallList(), id=1633]], FeedbackDTO[id=1110, text=null, detailText=null, hasLongFeedbackText=false, reference=null, credits=3.230769230769231, positive=true, type=AUTOMATIC, visibility=ALWAYS, testCase=TestCaseDTO[testName=testBubbleSort(), id=1634]], FeedbackDTO[id=1111, text=null, detailText=null, hasLongFeedbackText=false, reference=null, credits=3.230769230769231, positive=true, type=AUTOMATIC, visibility=ALWAYS, testCase=TestCaseDTO[testName=testUseMergeSortForBigList(), id=1630]], FeedbackDTO[id=1112, text=null, detailText=null, hasLongFeedbackText=false, reference=null, credits=3.230769230769231, positive=true, type=AUTOMATIC, visibility=ALWAYS, testCase=TestCaseDTO[testName=testConstructors[Policy], id=1635]], FeedbackDTO[id=1113, text=null, detailText=null, hasLongFeedbackText=false, reference=null, credits=3.230769230769231, positive=true, type=AUTOMATIC, visibility=ALWAYS, testCase=TestCaseDTO[testName=testAttributes[Context], id=1632]], FeedbackDTO[id=1114, text=null, detailText=null, hasLongFeedbackText=false, reference=null, credits=3.230769230769231, positive=true, type=AUTOMATIC, visibility=ALWAYS, testCase=TestCaseDTO[testName=testAttributes[Policy], id=1636]]], assessmentType=AUTOMATIC, hasComplaint=null, exampleResult=null, testCaseCount=13, passedTestCaseCount=13, codeIssueCount=0]]], publicSshKey=ssh-rsa AAAAB3NzaC1yc2EAAAADAQABAAACAQCOPdMsxRE2jFJ/UEa5/LsBxtwzJcrh3/rYBCQvcMeVpiRfhzQPWu7mrt/G2Ew+i+vRloGH9aqKg6dd1liRncao53Zmd/ePxoatXePNhmzTfkCkcSkTUz7B+QMjkoDDV5jwuFPD6mF3JkhuzSi64n9Zy905t4w2IhVcjM2mL3eYNjiCXt6Qpq3Pkt7dM/Ksw1nxnvuiIALuJLB3FTkXkHqq3PJav+9HSq2r6ZaWgekneaGxlQlb+U+Vy3XOuArKAzK8c8i+0bR+AHiTG6ncYXt7ax3U+TdlDTF7OLP3umwaYjs1NBXOHwG42pevvpKn2fqavZZozk+M05jXLx3bq0O7itxfErWc7etky8qYPyyIMF/txQIVLd78+Ze4d7Y60t5MGbXM5cGE6fFif5fEJwgswXD+BrG0cafz1CTatjSKFdvp8Vp4VszXhHDan1PrP6JEFJ5Cc5GDmLRZPCFa3vL9f5qXgf4bkqKN8MYeEujwJE5nMRWoiJVNakix2bcrrneQMBlnYeYZVWXXXUusAQBzl4NgddC1umZpihZkL1b1MffZAUW3EGEXi7KHnllQhkTLLsQ8ntMgbylqaJKStqaXlLvdeRJcEnUuiFCrHEVVbXRFZR7XVDZ02CE5o3MuaRPty8Kh+jRTF3COlAckHwYEJCNNJvXFgb2CNXL4mjzYDw== test@localhost]
    23:46:12.881 | 566 localvc.event-13 | DEBUG | a.p.s.l.SharedQueueManagementService : Build agent updated: null
    23:46:12.887 | 588 artemis-task-1   | DEBUG | d.t.c.a.a.c.c.w.GzipMessageConverter : Compressed message payload from 141866 to 12972 (saved 90.9% payload size)
    23:46:12.889 | 566 localvc.event-13 | DEBUG | a.p.s.l.LocalCIQueueWebsocketService : Build agent updated: BuildAgentInformation[buildAgent=BuildAgentDTO[name=artemis-build-agent-test, memberAddress=[127.0.0.1]:5703, displayName=artemis-build-agent-test], maxNumberOfConcurrentBuildJobs=1, numberOfCurrentBuildJobs=0, runningBuildJobs=[], status=IDLE, recentBuildJobs=[BuildJobQueueItem[id=19581739576715555, name=SHORTC1A3F9FC03D2304B4308FA20AF16D54AAA49TSTEXC-LOCALVCSSHINTSTUDENT1, buildAgent=BuildAgentDTO[name=artemis-build-agent-test, memberAddress=[127.0.0.1]:5703, displayName=artemis-build-agent-test], participationId=1958, courseId=965, exerciseId=2582, retryCount=0, priority=2, status=FAILED, repositoryInfo=RepositoryInfo[repositoryName=shortc1a3f9fc03d2304b4308fa20af16d54aaa49tstexc-localvcsshintstudent1, repositoryType=user, triggeredByPushTo=user, assignmentRepositoryUri=http://localhost:49152/git/SHORTC1A3F9FC03D2304B4308FA20AF16D54AAA49TSTEXC/shortc1a3f9fc03d2304b4308fa20af16d54aaa49tstexc-localvcsshintstudent1.git, testRepositoryUri=http://localhost:49152/git/SHORTC1A3F9FC03D2304B4308FA20AF16D54AAA49TSTEXC/shortc1a3f9fc03d2304b4308fa20af16d54aaa49tstexc-tests.git, solutionRepositoryUri=null, auxiliaryRepositoryUris=[Ljava.lang.String;@30e234a5, auxiliaryRepositoryCheckoutDirectories=[Ljava.lang.String;@386352b7], jobTimingInfo=JobTimingInfo[submissionDate=2025-02-14T23:45:15.555989584Z[Etc/UTC], buildStartDate=2025-02-14T23:45:15.568477627Z[Etc/UTC], buildCompletionDate=2025-02-14T23:45:15.579021148Z[Etc/UTC], estimatedCompletionDate=2025-02-14T23:45:34.568443924Z[Etc/UTC], estimatedDuration=19], buildConfig=BuildConfig[buildScript=#!/bin/bash
cd /var/tmp/testing-dir
chmod +x ./gradlew
./gradlew clean test
, dockerImage=dummy-docker-image:latest, commitHashToBuild=ca76dac20e040e6609db02fd7fedd56bf58829d7, assignmentCommitHash=ca76dac20e040e6609db02fd7fedd56bf58829d7, testCommitHash=bd0d58c226dc63bfa4bc9052870589952c0a1f83, branch=main, programmingLanguage=JAVA, projectType=PLAIN_GRADLE, scaEnabled=false, sequentialTestRunsEnabled=false, resultPaths=[/var/tmp/testing-dir/**/test-results/test/*.xml], timeoutSeconds=0, assignmentCheckoutPath=null, testCheckoutPath=null, solutionCheckoutPath=null, dockerRunConfig=null], submissionResult=ResultDTO[id=627, completionDate=2025-02-14T23:45:15.579119131Z[Etc/UTC], successful=false, score=0.0, rated=true, submission=SubmissionDTO[id=820, submitted=true, type=MANUAL, exampleSubmission=null, submissionDate=2025-02-14T23:45:15.548349Z, commitHash=ca76dac20e040e6609db02fd7fedd56bf58829d7, buildFailed=true, buildArtifact=false, participation=ParticipationDTO[id=1958, testRun=false, type=programming, submissionCount=null, exercise=ParticipationExerciseDTO[id=2582, exerciseType=PROGRAMMING, type=programming, assessmentType=AUTOMATIC, dueDate=2025-02-16T23:45:15.103512Z, assessmentDueDate=null, maxPoints=42.0, course=CourseDTO[id=965, accuracyOfScores=1]]], submissionExerciseType=programming, isProcessing=false, buildStartDate=null, estimatedCompletionDate=null], participation=ParticipationDTO[id=1958, testRun=false, type=programming, submissionCount=null, exercise=ParticipationExerciseDTO[id=2582, exerciseType=PROGRAMMING, type=programming, assessmentType=AUTOMATIC, dueDate=2025-02-16T23:45:15.103512Z, assessmentDueDate=null, maxPoints=42.0, course=CourseDTO[id=965, accuracyOfScores=1]]], feedbacks=[], assessmentType=AUTOMATIC, hasComplaint=null, exampleResult=null, testCaseCount=0, passedTestCaseCount=0, codeIssueCount=0]], BuildJobQueueItem[id=19801739576719393, name=SHORTB2A6C58B0D447045380A858075B170A5B7C6TSTEXC-LOCALVCSSHINTSTUDENT1, buildAgent=BuildAgentDTO[name=artemis-build-agent-test, memberAddress=[127.0.0.1]:5703, displayName=artemis-build-agent-test], participationId=1980, courseId=974, exerciseId=2591, retryCount=0, priority=2, status=FAILED, repositoryInfo=RepositoryInfo[repositoryName=shortb2a6c58b0d447045380a858075b170a5b7c6tstexc-localvcsshintstudent1, repositoryType=user, triggeredByPushTo=user, assignmentRepositoryUri=http://localhost:49152/git/SHORTB2A6C58B0D447045380A858075B170A5B7C6TSTEXC/shortb2a6c58b0d447045380a858075b170a5b7c6tstexc-localvcsshintstudent1.git, testRepositoryUri=http://localhost:49152/git/SHORTB2A6C58B0D447045380A858075B170A5B7C6TSTEXC/shortb2a6c58b0d447045380a858075b170a5b7c6tstexc-tests.git, solutionRepositoryUri=null, auxiliaryRepositoryUris=[Ljava.lang.String;@21d88348, auxiliaryRepositoryCheckoutDirectories=[Ljava.lang.String;@5d4b7159], jobTimingInfo=JobTimingInfo[submissionDate=2025-02-14T23:45:19.393259829Z[Etc/UTC], buildStartDate=2025-02-14T23:45:19.405438171Z[Etc/UTC], buildCompletionDate=2025-02-14T23:45:19.414070673Z[Etc/UTC], estimatedCompletionDate=2025-02-14T23:45:38.405431569Z[Etc/UTC], estimatedDuration=19], buildConfig=BuildConfig[buildScript=#!/bin/bash
cd /var/tmp/testing-dir
chmod +x ./gradlew
./gradlew clean test
, dockerImage=dummy-docker-image:latest, commitHashToBuild=363cdbf709a9fff149f813ab848ee800a675cc77, assignmentCommitHash=363cdbf709a9fff149f813ab848ee800a675cc77, testCommitHash=a5e046ece417b2e538f21f816e2524dab61e0d10, branch=main, programmingLanguage=JAVA, projectType=PLAIN_GRADLE, scaEnabled=false, sequentialTestRunsEnabled=false, resultPaths=[/var/tmp/testing-dir/**/test-results/test/*.xml], timeoutSeconds=0, assignmentCheckoutPath=null, testCheckoutPath=null, solutionCheckoutPath=null, dockerRunConfig=null], submissionResult=ResultDTO[id=628, completionDate=2025-02-14T23:45:19.414171040Z[Etc/UTC], successful=false, score=0.0, rated=true, submission=SubmissionDTO[id=821, submitted=true, type=MANUAL, exampleSubmission=null, submissionDate=2025-02-14T23:45:19.376840Z, commitHash=363cdbf709a9fff149f813ab848ee800a675cc77, buildFailed=true, buildArtifact=false, participation=ParticipationDTO[id=1980, testRun=false, type=programming, submissionCount=null, exercise=ParticipationExerciseDTO[id=2591, exerciseType=PROGRAMMING, type=programming, assessmentType=AUTOMATIC, dueDate=2025-02-16T23:45:18.950569Z, assessmentDueDate=null, maxPoints=42.0, course=CourseDTO[id=974, accuracyOfScores=1]]], submissionExerciseType=programming, isProcessing=false, buildStartDate=null, estimatedCompletionDate=null], participation=ParticipationDTO[id=1980, testRun=false, type=programming, submissionCount=null, exercise=ParticipationExerciseDTO[id=2591, exerciseType=PROGRAMMING, type=programming, assessmentType=AUTOMATIC, dueDate=2025-02-16T23:45:18.950569Z, assessmentDueDate=null, maxPoints=42.0, course=CourseDTO[id=974, accuracyOfScores=1]]], feedbacks=[], assessmentType=AUTOMATIC, hasComplaint=null, exampleResult=null, testCaseCount=0, passedTestCaseCount=0, codeIssueCount=0]], BuildJobQueueItem[id=19791739576719787, name=SHORTB2A6C58B0D447045380A858075B170A5B7C6TSTEXC-BASE, buildAgent=BuildAgentDTO[name=artemis-build-agent-test, memberAddress=[127.0.0.1]:5703, displayName=artemis-build-agent-test], participationId=1979, courseId=974, exerciseId=2591, retryCount=0, priority=2, status=FAILED, repositoryInfo=RepositoryInfo[repositoryName=shortb2a6c58b0d447045380a858075b170a5b7c6tstexc-exercise, repositoryType=exercise, triggeredByPushTo=exercise, assignmentRepositoryUri=http://localhost:49152/git/SHORTB2A6C58B0D447045380A858075B170A5B7C6TSTEXC/shortb2a6c58b0d447045380a858075b170a5b7c6tstexc-exercise.git, testRepositoryUri=http://localhost:49152/git/SHORTB2A6C58B0D447045380A858075B170A5B7C6TSTEXC/shortb2a6c58b0d447045380a858075b170a5b7c6tstexc-tests.git, solutionRepositoryUri=null, auxiliaryRepositoryUris=[Ljava.lang.String;@7cad2149, auxiliaryRepositoryCheckoutDirectories=[Ljava.lang.String;@5e792281], jobTimingInfo=JobTimingInfo[submissionDate=2025-02-14T23:45:19.787985058Z[Etc/UTC], buildStartDate=2025-02-14T23:45:19.796327417Z[Etc/UTC], buildCompletionDate=2025-02-14T23:45:19.799750982Z[Etc/UTC], estimatedCompletionDate=2025-02-14T23:45:38.796319082Z[Etc/UTC], estimatedDuration=19], buildConfig=BuildConfig[buildScript=#!/bin/bash
cd /var/tmp/testing-dir
chmod +x ./gradlew
./gradlew clean test
, dockerImage=dummy-docker-image:latest, commitHashToBuild=363cdbf709a9fff149f813ab848ee800a675cc77, assignmentCommitHash=363cdbf709a9fff149f813ab848ee800a675cc77, testCommitHash=a5e046ece417b2e538f21f816e2524dab61e0d10, branch=main, programmingLanguage=JAVA, projectType=PLAIN_GRADLE, scaEnabled=false, sequentialTestRunsEnabled=false, resultPaths=[/var/tmp/testing-dir/**/test-results/test/*.xml], timeoutSeconds=0, assignmentCheckoutPath=null, testCheckoutPath=null, solutionCheckoutPath=null, dockerRunConfig=null], submissionResult=ResultDTO[id=629, completionDate=2025-02-14T23:45:19.799820341Z[Etc/UTC], successful=false, score=0.0, rated=true, submission=SubmissionDTO[id=822, submitted=true, type=MANUAL, exampleSubmission=null, submissionDate=2025-02-14T23:45:19.775952Z, commitHash=363cdbf709a9fff149f813ab848ee800a675cc77, buildFailed=true, buildArtifact=false, participation=ParticipationDTO[id=1979, testRun=false, type=template, submissionCount=null, exercise=ParticipationExerciseDTO[id=2591, exerciseType=PROGRAMMING, type=programming, assessmentType=AUTOMATIC, dueDate=2025-02-16T23:45:18.950569Z, assessmentDueDate=null, maxPoints=42.0, course=CourseDTO[id=974, accuracyOfScores=1]]], submissionExerciseType=programming, isProcessing=false, buildStartDate=null, estimatedCompletionDate=null], participation=ParticipationDTO[id=1979, testRun=false, type=template, submissionCount=null, exercise=ParticipationExerciseDTO[id=2591, exerciseType=PROGRAMMING, type=programming, assessmentType=AUTOMATIC, dueDate=2025-02-16T23:45:18.950569Z, assessmentDueDate=null, maxPoints=42.0, course=CourseDTO[id=974, accuracyOfScores=1]]], feedbacks=[], assessmentType=AUTOMATIC, hasComplaint=null, exampleResult=null, testCaseCount=0, passedTestCaseCount=0, codeIssueCount=0]], BuildJobQueueItem[id=19781739576720235, name=SHORTB2A6C58B0D447045380A858075B170A5B7C6TSTEXC-SOLUTION, buildAgent=BuildAgentDTO[name=artemis-build-agent-test, memberAddress=[127.0.0.1]:5703, displayName=artemis-build-agent-test], participationId=1978, courseId=974, exerciseId=2591, retryCount=0, priority=2, status=FAILED, repositoryInfo=RepositoryInfo[repositoryName=shortb2a6c58b0d447045380a858075b170a5b7c6tstexc-solution, repositoryType=solution, triggeredByPushTo=solution, assignmentRepositoryUri=http://localhost:49152/git/SHORTB2A6C58B0D447045380A858075B170A5B7C6TSTEXC/shortb2a6c58b0d447045380a858075b170a5b7c6tstexc-solution.git, testRepositoryUri=http://localhost:49152/git/SHORTB2A6C58B0D447045380A858075B170A5B7C6TSTEXC/shortb2a6c58b0d447045380a858075b170a5b7c6tstexc-tests.git, solutionRepositoryUri=null, auxiliaryRepositoryUris=[Ljava.lang.String;@3bde38c5, auxiliaryRepositoryCheckoutDirectories=[Ljava.lang.String;@3d19575e], jobTimingInfo=JobTimingInfo[submissionDate=2025-02-14T23:45:20.235272325Z[Etc/UTC], buildStartDate=2025-02-14T23:45:20.243033812Z[Etc/UTC], buildCompletionDate=2025-02-14T23:45:20.250721018Z[Etc/UTC], estimatedCompletionDate=2025-02-14T23:45:39.243026949Z[Etc/UTC], estimatedDuration=19], buildConfig=BuildConfig[buildScript=#!/bin/bash
cd /var/tmp/testing-dir
chmod +x ./gradlew
./gradlew clean test
, dockerImage=dummy-docker-image:latest, commitHashToBuild=c710d0e68c9c7db8cda7d1a278308de2b9642cc0, assignmentCommitHash=c710d0e68c9c7db8cda7d1a278308de2b9642cc0, testCommitHash=a5e046ece417b2e538f21f816e2524dab61e0d10, branch=main, programmingLanguage=JAVA, projectType=PLAIN_GRADLE, scaEnabled=false, sequentialTestRunsEnabled=false, resultPaths=[/var/tmp/testing-dir/**/test-results/test/*.xml], timeoutSeconds=0, assignmentCheckoutPath=null, testCheckoutPath=null, solutionCheckoutPath=null, dockerRunConfig=null], submissionResult=ResultDTO[id=630, completionDate=2025-02-14T23:45:20.250809893Z[Etc/UTC], successful=false, score=0.0, rated=true, submission=SubmissionDTO[id=823, submitted=true, type=MANUAL, exampleSubmission=null, submissionDate=2025-02-14T23:45:20.211707Z, commitHash=c710d0e68c9c7db8cda7d1a278308de2b9642cc0, buildFailed=true, buildArtifact=false, participation=ParticipationDTO[id=1978, testRun=false, type=solution, submissionCount=null, exercise=ParticipationExerciseDTO[id=2591, exerciseType=PROGRAMMING, type=programming, assessmentType=AUTOMATIC, dueDate=2025-02-16T23:45:18.950569Z, assessmentDueDate=null, maxPoints=42.0, course=CourseDTO[id=974, accuracyOfScores=1]]], submissionExerciseType=programming, isProcessing=false, buildStartDate=null, estimatedCompletionDate=null], participation=ParticipationDTO[id=1978, testRun=false, type=solution, submissionCount=null, exercise=ParticipationExerciseDTO[id=2591, exerciseType=PROGRAMMING, type=programming, assessmentType=AUTOMATIC, dueDate=2025-02-16T23:45:18.950569Z, assessmentDueDate=null, maxPoints=42.0, course=CourseDTO[id=974, accuracyOfScores=1]]], feedbacks=[], assessmentType=AUTOMATIC, hasComplaint=null, exampleResult=null, testCaseCount=0, passedTestCaseCount=0, codeIssueCount=0]], BuildJobQueueItem[id=19781739576720802, name=SHORTB2A6C58B0D447045380A858075B170A5B7C6TSTEXC-SOLUTION, buildAgent=BuildAgentDTO[name=artemis-build-agent-test, memberAddress=[127.0.0.1]:5703, displayName=artemis-build-agent-test], participationId=1978, courseId=974, exerciseId=2591, retryCount=0, priority=2, status=FAILED, repositoryInfo=RepositoryInfo[repositoryName=shortb2a6c58b0d447045380a858075b170a5b7c6tstexc-solution, repositoryType=solution, triggeredByPushTo=tests, assignmentRepositoryUri=http://localhost:49152/git/SHORTB2A6C58B0D447045380A858075B170A5B7C6TSTEXC/shortb2a6c58b0d447045380a858075b170a5b7c6tstexc-solution.git, testRepositoryUri=http://localhost:49152/git/SHORTB2A6C58B0D447045380A858075B170A5B7C6TSTEXC/shortb2a6c58b0d447045380a858075b170a5b7c6tstexc-tests.git, solutionRepositoryUri=null, auxiliaryRepositoryUris=[Ljava.lang.String;@282b8edd, auxiliaryRepositoryCheckoutDirectories=[Ljava.lang.String;@3f51cc73], jobTimingInfo=JobTimingInfo[submissionDate=2025-02-14T23:45:20.802935026Z[Etc/UTC], buildStartDate=2025-02-14T23:45:20.809306435Z[Etc/UTC], buildCompletionDate=2025-02-14T23:45:20.822452342Z[Etc/UTC], estimatedCompletionDate=2025-02-14T23:45:39.809298491Z[Etc/UTC], estimatedDuration=19], buildConfig=BuildConfig[buildScript=#!/bin/bash
cd /var/tmp/testing-dir
chmod +x ./gradlew
./gradlew clean test
, dockerImage=dummy-docker-image:latest, commitHashToBuild=c710d0e68c9c7db8cda7d1a278308de2b9642cc0, assignmentCommitHash=c710d0e68c9c7db8cda7d1a278308de2b9642cc0, testCommitHash=c710d0e68c9c7db8cda7d1a278308de2b9642cc0, branch=main, programmingLanguage=JAVA, projectType=PLAIN_GRADLE, scaEnabled=false, sequentialTestRunsEnabled=false, resultPaths=[/var/tmp/testing-dir/**/test-results/test/*.xml], timeoutSeconds=0, assignmentCheckoutPath=null, testCheckoutPath=null, solutionCheckoutPath=null, dockerRunConfig=null], submissionResult=ResultDTO[id=631, completionDate=2025-02-14T23:45:20.822527362Z[Etc/UTC], successful=false, score=0.0, rated=true, submission=SubmissionDTO[id=824, submitted=true, type=TEST, exampleSubmission=null, submissionDate=2025-02-14T23:45:20.791240Z, commitHash=c710d0e68c9c7db8cda7d1a278308de2b9642cc0, buildFailed=true, buildArtifact=false, participation=ParticipationDTO[id=1978, testRun=false, type=solution, submissionCount=null, exercise=ParticipationExerciseDTO[id=2591, exerciseType=PROGRAMMING, type=programming, assessmentType=AUTOMATIC, dueDate=2025-02-16T23:45:18.950569Z, assessmentDueDate=null, maxPoints=42.0, course=CourseDTO[id=974, accuracyOfScores=1]]], submissionExerciseType=programming, isProcessing=false, buildStartDate=null, estimatedCompletionDate=null], participation=ParticipationDTO[id=1978, testRun=false, type=solution, submissionCount=null, exercise=ParticipationExerciseDTO[id=2591, exerciseType=PROGRAMMING, type=programming, assessmentType=AUTOMATIC, dueDate=2025-02-16T23:45:18.950569Z, assessmentDueDate=null, maxPoints=42.0, course=CourseDTO[id=974, accuracyOfScores=1]]], feedbacks=[], assessmentType=AUTOMATIC, hasComplaint=null, exampleResult=null, testCaseCount=0, passedTestCaseCount=0, codeIssueCount=0]], BuildJobQueueItem[id=20061739576732554, name=SHORT94A899E303D7504C5D0840704DAAFA3DFF4DTSTEXC-LOCALVCCIINTINSTRUCTOR1, buildAgent=BuildAgentDTO[name=artemis-build-agent-test, memberAddress=[127.0.0.1]:5703, displayName=artemis-build-agent-test], participationId=2006, courseId=984, exerciseId=2601, retryCount=0, priority=2, status=SUCCESSFUL, repositoryInfo=RepositoryInfo[repositoryName=short94a899e303d7504c5d0840704daafa3dff4dtstexc-localvcciintinstructor1, repositoryType=user, triggeredByPushTo=user, assignmentRepositoryUri=http://localhost:49152/git/SHORT94A899E303D7504C5D0840704DAAFA3DFF4DTSTEXC/short94a899e303d7504c5d0840704daafa3dff4dtstexc-localvcciintinstructor1.git, testRepositoryUri=http://localhost:49152/git/SHORT94A899E303D7504C5D0840704DAAFA3DFF4DTSTEXC/short94a899e303d7504c5d0840704daafa3dff4dtstexc-tests.git, solutionRepositoryUri=null, auxiliaryRepositoryUris=[Ljava.lang.String;@7503c34c, auxiliaryRepositoryCheckoutDirectories=[Ljava.lang.String;@2d7c915], jobTimingInfo=JobTimingInfo[submissionDate=2025-02-14T23:45:32.554795798Z[Etc/UTC], buildStartDate=2025-02-14T23:45:32.567287465Z[Etc/UTC], buildCompletionDate=2025-02-14T23:45:34.535226768Z[Etc/UTC], estimatedCompletionDate=2025-02-14T23:45:51.567257960Z[Etc/UTC], estimatedDuration=19], buildConfig=BuildConfig[buildScript=#!/bin/bash
cd /var/tmp/testing-dir
chmod +x ./gradlew
./gradlew clean test
, dockerImage=dummy-docker-image:latest, commitHashToBuild=ca2dbc0ae87edf7035058a6a17c0ea60e90a290f, assignmentCommitHash=ca2dbc0ae87edf7035058a6a17c0ea60e90a290f, testCommitHash=0207f6f98af5fbb66ad68455f3fc3cf128af8ae9, branch=main, programmingLanguage=JAVA, projectType=PLAIN_GRADLE, scaEnabled=false, sequentialTestRunsEnabled=false, resultPaths=[/var/tmp/testing-dir/**/test-results/test/*.xml], timeoutSeconds=0, assignmentCheckoutPath=null, testCheckoutPath=null, solutionCheckoutPath=null, dockerRunConfig=null], submissionResult=ResultDTO[id=632, completionDate=2025-02-14T23:45:34.504415716Z[Etc/UTC], successful=false, score=7.7, rated=false, submission=SubmissionDTO[id=826, submitted=true, type=MANUAL, exampleSubmission=null, submissionDate=2025-02-14T23:45:32.541533Z, commitHash=ca2dbc0ae87edf7035058a6a17c0ea60e90a290f, buildFailed=false, buildArtifact=false, participation=ParticipationDTO[id=2006, testRun=true, type=programming, submissionCount=null, exercise=ParticipationExerciseDTO[id=2601, exerciseType=PROGRAMMING, type=programming, assessmentType=AUTOMATIC, dueDate=2025-02-16T23:45:31.864042Z, assessmentDueDate=null, maxPoints=42.0, course=CourseDTO[id=984, accuracyOfScores=1]]], submissionExerciseType=programming, isProcessing=false, buildStartDate=null, estimatedCompletionDate=null], participation=ParticipationDTO[id=2006, testRun=true, type=programming, submissionCount=null, exercise=ParticipationExerciseDTO[id=2601, exerciseType=PROGRAMMING, type=programming, assessmentType=AUTOMATIC, dueDate=2025-02-16T23:45:31.864042Z, assessmentDueDate=null, maxPoints=42.0, course=CourseDTO[id=984, accuracyOfScores=1]]], feedbacks=[FeedbackDTO[id=920, text=null, detailText=The exercise expects a class with the name Context in the package testpackage. You did not implement the class in the exercise., hasLongFeedbackText=false, reference=null, credits=0.0, positive=false, type=AUTOMATIC, visibility=ALWAYS, testCase=TestCaseDTO[testName=null, id=1357]], FeedbackDTO[id=921, text=null, detailText=The exercise expects a class with the name Policy in the package testpackage. You did not implement the class in the exercise., hasLongFeedbackText=false, reference=null, credits=0.0, positive=false, type=AUTOMATIC, visibility=ALWAYS, testCase=TestCaseDTO[testName=null, id=1358]], FeedbackDTO[id=922, text=null, detailText=The exercise expects a class with the name SortStrategy in the package testpackage. You did not implement the class in the exercise., hasLongFeedbackText=false, reference=null, credits=0.0, positive=false, type=AUTOMATIC, visibility=ALWAYS, testCase=TestCaseDTO[testName=null, id=1359]], FeedbackDTO[id=923, text=null, detailText=The class 'MergeSort' does not implement the interface 'SortStrategy' as expected. Implement the interface and its methods., hasLongFeedbackText=false, reference=null, credits=0.0, positive=false, type=AUTOMATIC, visibility=ALWAYS, testCase=TestCaseDTO[testName=null, id=1354]], FeedbackDTO[id=924, text=null, detailText=The exercise expects a class with the name SortStrategy in the package testpackage. You did not implement the class in the exercise., hasLongFeedbackText=false, reference=null, credits=0.0, positive=false, type=AUTOMATIC, visibility=ALWAYS, testCase=TestCaseDTO[testName=null, id=1351]], FeedbackDTO[id=925, text=null, detailText=The class 'BubbleSort' does not implement the interface 'SortStrategy' as expected. Implement the interface and its methods., hasLongFeedbackText=false, reference=null, credits=0.0, positive=false, type=AUTOMATIC, visibility=ALWAYS, testCase=TestCaseDTO[testName=null, id=1355]], FeedbackDTO[id=926, text=null, detailText=MergeSort does not sort correctly, hasLongFeedbackText=false, reference=null, credits=0.0, positive=false, type=AUTOMATIC, visibility=ALWAYS, testCase=TestCaseDTO[testName=null, id=1360]], FeedbackDTO[id=927, text=null, detailText=The class 'Context' was not found within the submission. Make sure to implement it properly., hasLongFeedbackText=false, reference=null, credits=0.0, positive=false, type=AUTOMATIC, visibility=ALWAYS, testCase=TestCaseDTO[testName=null, id=1361]], FeedbackDTO[id=928, text=null, detailText=The class 'Context' was not found within the submission. Make sure to implement it properly., hasLongFeedbackText=false, reference=null, credits=0.0, positive=false, type=AUTOMATIC, visibility=ALWAYS, testCase=TestCaseDTO[testName=null, id=1362]], FeedbackDTO[id=929, text=null, detailText=The exercise expects a class with the name Policy in the package testpackage. You did not implement the class in the exercise., hasLongFeedbackText=false, reference=null, credits=0.0, positive=false, type=AUTOMATIC, visibility=ALWAYS, testCase=TestCaseDTO[testName=null, id=1356]], FeedbackDTO[id=930, text=null, detailText=The exercise expects a class with the name Context in the package testpackage. You did not implement the class in the exercise., hasLongFeedbackText=false, reference=null, credits=0.0, positive=false, type=AUTOMATIC, visibility=ALWAYS, testCase=TestCaseDTO[testName=null, id=1352]], FeedbackDTO[id=931, text=null, detailText=The exercise expects a class with the name Policy in the package testpackage. You did not implement the class in the exercise., hasLongFeedbackText=false, reference=null, credits=0.0, positive=false, type=AUTOMATIC, visibility=ALWAYS, testCase=TestCaseDTO[testName=null, id=1353]], FeedbackDTO[id=932, text=null, detailText=null, hasLongFeedbackText=false, reference=null, credits=3.230769230769231, positive=true, type=AUTOMATIC, visibility=ALWAYS, testCase=TestCaseDTO[testName=null, id=1363]]], assessmentType=AUTOMATIC, hasComplaint=null, exampleResult=null, testCaseCount=13, passedTestCaseCount=1, codeIssueCount=0]], BuildJobQueueItem[id=20111739576737317, name=SHORTD49A6DAE04F9E049850BD5601663FD17A5B7TSTEXC-BASE, buildAgent=BuildAgentDTO[name=artemis-build-agent-test, memberAddress=[127.0.0.1]:5703, displayName=artemis-build-agent-test], participationId=2011, courseId=986, exerciseId=2603, retryCount=0, priority=2, status=SUCCESSFUL, repositoryInfo=RepositoryInfo[repositoryName=shortd49a6dae04f9e049850bd5601663fd17a5b7tstexc-exercise, repositoryType=exercise, triggeredByPushTo=exercise, assignmentRepositoryUri=http://localhost:49152/git/SHORTD49A6DAE04F9E049850BD5601663FD17A5B7TSTEXC/shortd49a6dae04f9e049850bd5601663fd17a5b7tstexc-exercise.git, testRepositoryUri=http://localhost:49152/git/SHORTD49A6DAE04F9E049850BD5601663FD17A5B7TSTEXC/shortd49a6dae04f9e049850bd5601663fd17a5b7tstexc-tests.git, solutionRepositoryUri=null, auxiliaryRepositoryUris=[Ljava.lang.String;@76fef2f4, auxiliaryRepositoryCheckoutDirectories=[Ljava.lang.String;@477d9a0c], jobTimingInfo=JobTimingInfo[submissionDate=2025-02-14T23:45:37.317968648Z[Etc/UTC], buildStartDate=2025-02-14T23:45:37.324534774Z[Etc/UTC], buildCompletionDate=2025-02-14T23:45:38.527225461Z[Etc/UTC], estimatedCompletionDate=2025-02-14T23:45:56.324506331Z[Etc/UTC], estimatedDuration=19], buildConfig=BuildConfig[buildScript=#!/bin/bash
cd /var/tmp/testing-dir
chmod +x ./gradlew
./gradlew clean test
, dockerImage=dummy-docker-image:latest, commitHashToBuild=c795243c185829bbefa399f45dcbcfac22311b2f, assignmentCommitHash=c795243c185829bbefa399f45dcbcfac22311b2f, testCommitHash=fa8b162170bf767d852e05e0eb7a128efa2e1f34, branch=main, programmingLanguage=JAVA, projectType=PLAIN_GRADLE, scaEnabled=false, sequentialTestRunsEnabled=false, resultPaths=[/var/tmp/testing-dir/**/test-results/test/*.xml], timeoutSeconds=0, assignmentCheckoutPath=null, testCheckoutPath=null, solutionCheckoutPath=null, dockerRunConfig=null], submissionResult=ResultDTO[id=633, completionDate=2025-02-14T23:45:38.476795726Z[Etc/UTC], successful=false, score=0.0, rated=true, submission=SubmissionDTO[id=827, submitted=true, type=MANUAL, exampleSubmission=null, submissionDate=2025-02-14T23:45:37.303401Z, commitHash=c795243c185829bbefa399f45dcbcfac22311b2f, buildFailed=false, buildArtifact=false, participation=ParticipationDTO[id=2011, testRun=false, type=template, submissionCount=null, exercise=ParticipationExerciseDTO[id=2603, exerciseType=PROGRAMMING, type=programming, assessmentType=AUTOMATIC, dueDate=2025-02-16T23:45:36.830269Z, assessmentDueDate=null, maxPoints=42.0, course=CourseDTO[id=986, accuracyOfScores=1]]], submissionExerciseType=programming, isProcessing=false, buildStartDate=null, estimatedCompletionDate=null], participation=ParticipationDTO[id=2011, testRun=false, type=template, submissionCount=null, exercise=ParticipationExerciseDTO[id=2603, exerciseType=PROGRAMMING, type=programming, assessmentType=AUTOMATIC, dueDate=2025-02-16T23:45:36.830269Z, assessmentDueDate=null, maxPoints=42.0, course=CourseDTO[id=986, accuracyOfScores=1]]], feedbacks=[FeedbackDTO[id=933, text=null, detailText=The exercise expects a class with the name Context in the package testpackage. You did not implement the class in the exercise., hasLongFeedbackText=false, reference=null, credits=0.0, positive=false, type=AUTOMATIC, visibility=ALWAYS, testCase=TestCaseDTO[testName=testMethods[Context], id=1383]], FeedbackDTO[id=934, text=null, detailText=The exercise expects a class with the name Policy in the package testpackage. You did not implement the class in the exercise., hasLongFeedbackText=false, reference=null, credits=0.0, positive=false, type=AUTOMATIC, visibility=ALWAYS, testCase=TestCaseDTO[testName=testMethods[Policy], id=1384]], FeedbackDTO[id=935, text=null, detailText=The exercise expects a class with the name SortStrategy in the package testpackage. You did not implement the class in the exercise., hasLongFeedbackText=false, reference=null, credits=0.0, positive=false, type=AUTOMATIC, visibility=ALWAYS, testCase=TestCaseDTO[testName=testMethods[SortStrategy], id=1385]], FeedbackDTO[id=936, text=null, detailText=The class 'MergeSort' does not implement the interface 'SortStrategy' as expected. Implement the interface and its methods., hasLongFeedbackText=false, reference=null, credits=0.0, positive=false, type=AUTOMATIC, visibility=ALWAYS, testCase=TestCaseDTO[testName=testClass[MergeSort], id=1380]], FeedbackDTO[id=937, text=null, detailText=The exercise expects a class with the name SortStrategy in the package testpackage. You did not implement the class in the exercise., hasLongFeedbackText=false, reference=null, credits=0.0, positive=false, type=AUTOMATIC, visibility=ALWAYS, testCase=TestCaseDTO[testName=testClass[SortStrategy], id=1377]], FeedbackDTO[id=938, text=null, detailText=The class 'BubbleSort' does not implement the interface 'SortStrategy' as expected. Implement the interface and its methods., hasLongFeedbackText=false, reference=null, credits=0.0, positive=false, type=AUTOMATIC, visibility=ALWAYS, testCase=TestCaseDTO[testName=testClass[BubbleSort], id=1381]], FeedbackDTO[id=939, text=null, detailText=MergeSort does not sort correctly, hasLongFeedbackText=false, reference=null, credits=0.0, positive=false, type=AUTOMATIC, visibility=ALWAYS, testCase=TestCaseDTO[testName=testMergeSort(), id=1386]], FeedbackDTO[id=940, text=null, detailText=The class 'Context' was not found within the submission. Make sure to implement it properly., hasLongFeedbackText=false, reference=null, credits=0.0, positive=false, type=AUTOMATIC, visibility=ALWAYS, testCase=TestCaseDTO[testName=testUseBubbleSortForSmallList(), id=1387]], FeedbackDTO[id=941, text=null, detailText=BubbleSort does not sort correctly, hasLongFeedbackText=false, reference=null, credits=0.0, positive=false, type=AUTOMATIC, visibility=ALWAYS, testCase=TestCaseDTO[testName=testBubbleSort(), id=1389]], FeedbackDTO[id=942, text=null, detailText=The class 'Context' was not found within the submission. Make sure to implement it properly., hasLongFeedbackText=false, reference=null, credits=0.0, positive=false, type=AUTOMATIC, visibility=ALWAYS, testCase=TestCaseDTO[testName=testUseMergeSortForBigList(), id=1388]], FeedbackDTO[id=943, text=null, detailText=The exercise expects a class with the name Policy in the package testpackage. You did not implement the class in the exercise., hasLongFeedbackText=false, reference=null, credits=0.0, positive=false, type=AUTOMATIC, visibility=ALWAYS, testCase=TestCaseDTO[testName=testConstructors[Policy], id=1382]], FeedbackDTO[id=944, text=null, detailText=The exercise expects a class with the name Context in the package testpackage. You did not implement the class in the exercise., hasLongFeedbackText=false, reference=null, credits=0.0, positive=false, type=AUTOMATIC, visibility=ALWAYS, testCase=TestCaseDTO[testName=testAttributes[Context], id=1378]], FeedbackDTO[id=945, text=null, detailText=The exercise expects a class with the name Policy in the package testpackage. You did not implement the class in the exercise., hasLongFeedbackText=false, reference=null, credits=0.0, positive=false, type=AUTOMATIC, visibility=ALWAYS, testCase=TestCaseDTO[testName=testAttributes[Policy], id=1379]]], assessmentType=AUTOMATIC, hasComplaint=null, exampleResult=null, testCaseCount=13, passedTestCaseCount=0, codeIssueCount=0]], BuildJobQueueItem[id=20171739576740018, name=SHORT7914AFA00ADC3047140B99D01AC07810CE44TSTEXC-LOCALVCCIINTSTUDENT1, buildAgent=BuildAgentDTO[name=artemis-build-agent-test, memberAddress=[127.0.0.1]:5703, displayName=artemis-build-agent-test], participationId=2017, courseId=988, exerciseId=2605, retryCount=0, priority=2, status=SUCCESSFUL, repositoryInfo=RepositoryInfo[repositoryName=short7914afa00adc3047140b99d01ac07810ce44tstexc-practice-localvcciintstudent1, repositoryType=user, triggeredByPushTo=user, assignmentRepositoryUri=http://localhost:49152/git/SHORT7914AFA00ADC3047140B99D01AC07810CE44TSTEXC/short7914afa00adc3047140b99d01ac07810ce44tstexc-practice-localvcciintstudent1.git, testRepositoryUri=http://localhost:49152/git/SHORT7914AFA00ADC3047140B99D01AC07810CE44TSTEXC/short7914afa00adc3047140b99d01ac07810ce44tstexc-tests.git, solutionRepositoryUri=null, auxiliaryRepositoryUris=[Ljava.lang.String;@2c0f380c, auxiliaryRepositoryCheckoutDirectories=[Ljava.lang.String;@102cd3f9], jobTimingInfo=JobTimingInfo[submissionDate=2025-02-14T23:45:40.018961253Z[Etc/UTC], buildStartDate=2025-02-14T23:45:40.029742701Z[Etc/UTC], buildCompletionDate=2025-02-14T23:45:41.150208242Z[Etc/UTC], estimatedCompletionDate=2025-02-14T23:45:59.029734065Z[Etc/UTC], estimatedDuration=19], buildConfig=BuildConfig[buildScript=#!/bin/bash
cd /var/tmp/testing-dir
chmod +x ./gradlew
./gradlew clean test
, dockerImage=dummy-docker-image:latest, commitHashToBuild=d80b57877989b971e83ccdb4863c8a7023c76266, assignmentCommitHash=d80b57877989b971e83ccdb4863c8a7023c76266, testCommitHash=327b116890c92b1312314341f43f21ef13ecf7d7, branch=main, programmingLanguage=JAVA, projectType=PLAIN_GRADLE, scaEnabled=false, sequentialTestRunsEnabled=false, resultPaths=[/var/tmp/testing-dir/**/test-results/test/*.xml], timeoutSeconds=0, assignmentCheckoutPath=null, testCheckoutPath=null, solutionCheckoutPath=null, dockerRunConfig=null], submissionResult=ResultDTO[id=634, completionDate=2025-02-14T23:45:41.120192603Z[Etc/UTC], successful=false, score=7.7, rated=false, submission=SubmissionDTO[id=828, submitted=true, type=MANUAL, exampleSubmission=null, submissionDate=2025-02-14T23:45:40.008666Z, commitHash=d80b57877989b971e83ccdb4863c8a7023c76266, buildFailed=false, buildArtifact=false, participation=ParticipationDTO[id=2017, testRun=true, type=programming, submissionCount=null, exercise=ParticipationExerciseDTO[id=2605, exerciseType=PROGRAMMING, type=programming, assessmentType=AUTOMATIC, dueDate=2025-02-16T23:45:39.523500Z, assessmentDueDate=null, maxPoints=42.0, course=CourseDTO[id=988, accuracyOfScores=1]]], submissionExerciseType=programming, isProcessing=false, buildStartDate=null, estimatedCompletionDate=null], participation=ParticipationDTO[id=2017, testRun=true, type=programming, submissionCount=null, exercise=ParticipationExerciseDTO[id=2605, exerciseType=PROGRAMMING, type=programming, assessmentType=AUTOMATIC, dueDate=2025-02-16T23:45:39.523500Z, assessmentDueDate=null, maxPoints=42.0, course=CourseDTO[id=988, accuracyOfScores=1]]], feedbacks=[FeedbackDTO[id=946, text=null, detailText=The exercise expects a class with the name Context in the package testpackage. You did not implement the class in the exercise., hasLongFeedbackText=false, reference=null, credits=0.0, positive=false, type=AUTOMATIC, visibility=ALWAYS, testCase=TestCaseDTO[testName=null, id=1409]], FeedbackDTO[id=947, text=null, detailText=The exercise expects a class with the name Policy in the package testpackage. You did not implement the class in the exercise., hasLongFeedbackText=false, reference=null, credits=0.0, positive=false, type=AUTOMATIC, visibility=ALWAYS, testCase=TestCaseDTO[testName=null, id=1410]], FeedbackDTO[id=948, text=null, detailText=The exercise expects a class with the name SortStrategy in the package testpackage. You did not implement the class in the exercise., hasLongFeedbackText=false, reference=null, credits=0.0, positive=false, type=AUTOMATIC, visibility=ALWAYS, testCase=TestCaseDTO[testName=null, id=1411]], FeedbackDTO[id=949, text=null, detailText=The class 'MergeSort' does not implement the interface 'SortStrategy' as expected. Implement the interface and its methods., hasLongFeedbackText=false, reference=null, credits=0.0, positive=false, type=AUTOMATIC, visibility=ALWAYS, testCase=TestCaseDTO[testName=null, id=1406]], FeedbackDTO[id=950, text=null, detailText=The exercise expects a class with the name SortStrategy in the package testpackage. You did not implement the class in the exercise., hasLongFeedbackText=false, reference=null, credits=0.0, positive=false, type=AUTOMATIC, visibility=ALWAYS, testCase=TestCaseDTO[testName=null, id=1403]], FeedbackDTO[id=951, text=null, detailText=The class 'BubbleSort' does not implement the interface 'SortStrategy' as expected. Implement the interface and its methods., hasLongFeedbackText=false, reference=null, credits=0.0, positive=false, type=AUTOMATIC, visibility=ALWAYS, testCase=TestCaseDTO[testName=null, id=1407]], FeedbackDTO[id=952, text=null, detailText=MergeSort does not sort correctly, hasLongFeedbackText=false, reference=null, credits=0.0, positive=false, type=AUTOMATIC, visibility=ALWAYS, testCase=TestCaseDTO[testName=null, id=1412]], FeedbackDTO[id=953, text=null, detailText=The class 'Context' was not found within the submission. Make sure to implement it properly., hasLongFeedbackText=false, reference=null, credits=0.0, positive=false, type=AUTOMATIC, visibility=ALWAYS, testCase=TestCaseDTO[testName=null, id=1413]], FeedbackDTO[id=954, text=null, detailText=The class 'Context' was not found within the submission. Make sure to implement it properly., hasLongFeedbackText=false, reference=null, credits=0.0, positive=false, type=AUTOMATIC, visibility=ALWAYS, testCase=TestCaseDTO[testName=null, id=1414]], FeedbackDTO[id=955, text=null, detailText=The exercise expects a class with the name Policy in the package testpackage. You did not implement the class in the exercise., hasLongFeedbackText=false, reference=null, credits=0.0, positive=false, type=AUTOMATIC, visibility=ALWAYS, testCase=TestCaseDTO[testName=null, id=1408]], FeedbackDTO[id=956, text=null, detailText=The exercise expects a class with the name Context in the package testpackage. You did not implement the class in the exercise., hasLongFeedbackText=false, reference=null, credits=0.0, positive=false, type=AUTOMATIC, visibility=ALWAYS, testCase=TestCaseDTO[testName=null, id=1404]], FeedbackDTO[id=957, text=null, detailText=The exercise expects a class with the name Policy in the package testpackage. You did not implement the class in the exercise., hasLongFeedbackText=false, reference=null, credits=0.0, positive=false, type=AUTOMATIC, visibility=ALWAYS, testCase=TestCaseDTO[testName=null, id=1405]], FeedbackDTO[id=958, text=null, detailText=null, hasLongFeedbackText=false, reference=null, credits=3.230769230769231, positive=true, type=AUTOMATIC, visibility=ALWAYS, testCase=TestCaseDTO[testName=null, id=1415]]], assessmentType=AUTOMATIC, hasComplaint=null, exampleResult=null, testCaseCount=13, passedTestCaseCount=1, codeIssueCount=0]], BuildJobQueueItem[id=20261739576743984, name=SHORT53C73BE505404043100AC2F00C039353CE8FTSTEXC-LOCALVCCIINTSTUDENT1, buildAgent=BuildAgentDTO[name=artemis-build-agent-test, memberAddress=[127.0.0.1]:5703, displayName=artemis-build-agent-test], participationId=2026, courseId=991, exerciseId=2608, retryCount=0, priority=1, status=SUCCESSFUL, repositoryInfo=RepositoryInfo[repositoryName=short53c73be505404043100ac2f00c039353ce8ftstexc-localvcciintstudent1, repositoryType=user, triggeredByPushTo=user, assignmentRepositoryUri=http://localhost:49152/git/SHORT53C73BE505404043100AC2F00C039353CE8FTSTEXC/short53c73be505404043100ac2f00c039353ce8ftstexc-localvcciintstudent1.git, testRepositoryUri=http://localhost:49152/git/SHORT53C73BE505404043100AC2F00C039353CE8FTSTEXC/short53c73be505404043100ac2f00c039353ce8ftstexc-tests.git, solutionRepositoryUri=null, auxiliaryRepositoryUris=[Ljava.lang.String;@11c4ea5a, auxiliaryRepositoryCheckoutDirectories=[Ljava.lang.String;@3a42af94], jobTimingInfo=JobTimingInfo[submissionDate=2025-02-14T23:45:43.984518859Z[Etc/UTC], buildStartDate=2025-02-14T23:45:43.991385682Z[Etc/UTC], buildCompletionDate=2025-02-14T23:45:44.982059928Z[Etc/UTC], estimatedCompletionDate=2025-02-14T23:46:02.991380122Z[Etc/UTC], estimatedDuration=19], buildConfig=BuildConfig[buildScript=#!/bin/bash
cd /var/tmp/testing-dir
chmod +x ./gradlew
./gradlew clean test
, dockerImage=dummy-docker-image:latest, commitHashToBuild=3e90ae9fef2e44ffb41451a080bdaa6a44ad6848, assignmentCommitHash=3e90ae9fef2e44ffb41451a080bdaa6a44ad6848, testCommitHash=0582754c87aae13e640312855ce7dbe490ecb50c, branch=main, programmingLanguage=JAVA, projectType=PLAIN_GRADLE, scaEnabled=false, sequentialTestRunsEnabled=false, resultPaths=[/var/tmp/testing-dir/**/test-results/test/*.xml], timeoutSeconds=0, assignmentCheckoutPath=null, testCheckoutPath=null, solutionCheckoutPath=null, dockerRunConfig=null], submissionResult=ResultDTO[id=635, completionDate=2025-02-14T23:45:44.961313737Z[Etc/UTC], successful=false, score=7.7, rated=true, submission=SubmissionDTO[id=829, submitted=true, type=MANUAL, exampleSubmission=null, submissionDate=2025-02-14T23:45:43.967766Z, commitHash=3e90ae9fef2e44ffb41451a080bdaa6a44ad6848, buildFailed=false, buildArtifact=false, participation=ParticipationDTO[id=2026, testRun=false, type=programming, submissionCount=null, exercise=ParticipationExerciseDTO[id=2608, exerciseType=PROGRAMMING, type=programming, assessmentType=AUTOMATIC, dueDate=2025-02-16T23:45:43.597978Z, assessmentDueDate=null, maxPoints=42.0, course=CourseDTO[id=991, accuracyOfScores=1]]], submissionExerciseType=programming, isProcessing=false, buildStartDate=null, estimatedCompletionDate=null], participation=ParticipationDTO[id=2026, testRun=false, type=programming, submissionCount=null, exercise=ParticipationExerciseDTO[id=2608, exerciseType=PROGRAMMING, type=programming, assessmentType=AUTOMATIC, dueDate=2025-02-16T23:45:43.597978Z, assessmentDueDate=null, maxPoints=42.0, course=CourseDTO[id=991, accuracyOfScores=1]]], feedbacks=[FeedbackDTO[id=959, text=null, detailText=The exercise expects a class with the name Context in the package testpackage. You did not implement the class in the exercise., hasLongFeedbackText=false, reference=null, credits=0.0, positive=false, type=AUTOMATIC, visibility=ALWAYS, testCase=TestCaseDTO[testName=null, id=1448]], FeedbackDTO[id=960, text=null, detailText=The exercise expects a class with the name Policy in the package testpackage. You did not implement the class in the exercise., hasLongFeedbackText=false, reference=null, credits=0.0, positive=false, type=AUTOMATIC, visibility=ALWAYS, testCase=TestCaseDTO[testName=null, id=1449]], FeedbackDTO[id=961, text=null, detailText=The exercise expects a class with the name SortStrategy in the package testpackage. You did not implement the class in the exercise., hasLongFeedbackText=false, reference=null, credits=0.0, positive=false, type=AUTOMATIC, visibility=ALWAYS, testCase=TestCaseDTO[testName=null, id=1450]], FeedbackDTO[id=962, text=null, detailText=The class 'MergeSort' does not implement the interface 'SortStrategy' as expected. Implement the interface and its methods., hasLongFeedbackText=false, reference=null, credits=0.0, positive=false, type=AUTOMATIC, visibility=ALWAYS, testCase=TestCaseDTO[testName=null, id=1445]], FeedbackDTO[id=963, text=null, detailText=The exercise expects a class with the name SortStrategy in the package testpackage. You did not implement the class in the exercise., hasLongFeedbackText=false, reference=null, credits=0.0, positive=false, type=AUTOMATIC, visibility=ALWAYS, testCase=TestCaseDTO[testName=null, id=1442]], FeedbackDTO[id=964, text=null, detailText=The class 'BubbleSort' does not implement the interface 'SortStrategy' as expected. Implement the interface and its methods., hasLongFeedbackText=false, reference=null, credits=0.0, positive=false, type=AUTOMATIC, visibility=ALWAYS, testCase=TestCaseDTO[testName=null, id=1446]], FeedbackDTO[id=965, text=null, detailText=MergeSort does not sort correctly, hasLongFeedbackText=false, reference=null, credits=0.0, positive=false, type=AUTOMATIC, visibility=ALWAYS, testCase=TestCaseDTO[testName=null, id=1451]], FeedbackDTO[id=966, text=null, detailText=The class 'Context' was not found within the submission. Make sure to implement it properly., hasLongFeedbackText=false, reference=null, credits=0.0, positive=false, type=AUTOMATIC, visibility=ALWAYS, testCase=TestCaseDTO[testName=null, id=1452]], FeedbackDTO[id=967, text=null, detailText=The class 'Context' was not found within the submission. Make sure to implement it properly., hasLongFeedbackText=false, reference=null, credits=0.0, positive=false, type=AUTOMATIC, visibility=ALWAYS, testCase=TestCaseDTO[testName=null, id=1453]], FeedbackDTO[id=968, text=null, detailText=The exercise expects a class with the name Policy in the package testpackage. You did not implement the class in the exercise., hasLongFeedbackText=false, reference=null, credits=0.0, positive=false, type=AUTOMATIC, visibility=ALWAYS, testCase=TestCaseDTO[testName=null, id=1447]], FeedbackDTO[id=969, text=null, detailText=The exercise expects a class with the name Context in the package testpackage. You did not implement the class in the exercise., hasLongFeedbackText=false, reference=null, credits=0.0, positive=false, type=AUTOMATIC, visibility=ALWAYS, testCase=TestCaseDTO[testName=null, id=1443]], FeedbackDTO[id=970, text=null, detailText=The exercise expects a class with the name Policy in the package testpackage. You did not implement the class in the exercise., hasLongFeedbackText=false, reference=null, credits=0.0, positive=false, type=AUTOMATIC, visibility=ALWAYS, testCase=TestCaseDTO[testName=null, id=1444]], FeedbackDTO[id=971, text=null, detailText=null, hasLongFeedbackText=false, reference=null, credits=3.230769230769231, positive=true, type=AUTOMATIC, visibility=ALWAYS, testCase=TestCaseDTO[testName=null, id=1454]]], assessmentType=AUTOMATIC, hasComplaint=null, exampleResult=null, testCaseCount=13, passedTestCaseCount=1, codeIssueCount=0]], BuildJobQueueItem[id=20271739576746886, name=SHORT0FC863930E92904248098A506171F81CF6CFTSTEXC-SOLUTION, buildAgent=BuildAgentDTO[name=artemis-build-agent-test, memberAddress=[127.0.0.1]:5703, displayName=artemis-build-agent-test], participationId=2027, courseId=992, exerciseId=2609, retryCount=0, priority=2, status=SUCCESSFUL, repositoryInfo=RepositoryInfo[repositoryName=short0fc863930e92904248098a506171f81cf6cftstexc-solution, repositoryType=solution, triggeredByPushTo=auxiliary, assignmentRepositoryUri=http://localhost:49152/git/SHORT0FC863930E92904248098A506171F81CF6CFTSTEXC/short0fc863930e92904248098a506171f81cf6cftstexc-solution.git, testRepositoryUri=http://localhost:49152/git/SHORT0FC863930E92904248098A506171F81CF6CFTSTEXC/short0fc863930e92904248098a506171f81cf6cftstexc-tests.git, solutionRepositoryUri=null, auxiliaryRepositoryUris=[Ljava.lang.String;@6f582f88, auxiliaryRepositoryCheckoutDirectories=[Ljava.lang.String;@199d8a81], jobTimingInfo=JobTimingInfo[submissionDate=2025-02-14T23:45:46.886984066Z[Etc/UTC], buildStartDate=2025-02-14T23:45:46.897709578Z[Etc/UTC], buildCompletionDate=2025-02-14T23:45:48.628460156Z[Etc/UTC], estimatedCompletionDate=2025-02-14T23:46:05.897701272Z[Etc/UTC], estimatedDuration=19], buildConfig=BuildConfig[buildScript=#!/bin/bash
cd /var/tmp/testing-dir
chmod +x ./gradlew
./gradlew clean test
, dockerImage=dummy-docker-image:latest, commitHashToBuild=null, assignmentCommitHash=115a2e943bee242fdad360b50d8ad5f30792577e, testCommitHash=9b3a9bd71a0d80e5bbc42204c319ed3d1d4f0d6d, branch=main, programmingLanguage=JAVA, projectType=PLAIN_GRADLE, scaEnabled=false, sequentialTestRunsEnabled=false, resultPaths=[/var/tmp/testing-dir/**/test-results/test/*.xml], timeoutSeconds=0, assignmentCheckoutPath=null, testCheckoutPath=null, solutionCheckoutPath=null, dockerRunConfig=null], submissionResult=ResultDTO[id=636, completionDate=2025-02-14T23:45:48.593370968Z[Etc/UTC], successful=true, score=100.0, rated=true, submission=SubmissionDTO[id=830, submitted=true, type=TEST, exampleSubmission=null, submissionDate=2025-02-14T23:45:46.873671Z, commitHash=9b3a9bd71a0d80e5bbc42204c319ed3d1d4f0d6d, buildFailed=false, buildArtifact=false, participation=ParticipationDTO[id=2027, testRun=false, type=solution, submissionCount=null, exercise=ParticipationExerciseDTO[id=2609, exerciseType=PROGRAMMING, type=programming, assessmentType=AUTOMATIC, dueDate=2025-02-16T23:45:46.386304Z, assessmentDueDate=null, maxPoints=42.0, course=CourseDTO[id=992, accuracyOfScores=1]]], submissionExerciseType=programming, isProcessing=false, buildStartDate=null, estimatedCompletionDate=null], participation=ParticipationDTO[id=2027, testRun=false, type=solution, submissionCount=null, exercise=ParticipationExerciseDTO[id=2609, exerciseType=PROGRAMMING, type=programming, assessmentType=AUTOMATIC, dueDate=2025-02-16T23:45:46.386304Z, assessmentDueDate=null, maxPoints=42.0, course=CourseDTO[id=992, accuracyOfScores=1]]], feedbacks=[FeedbackDTO[id=972, text=null, detailText=null, hasLongFeedbackText=false, reference=null, credits=3.230769230769231, positive=true, type=AUTOMATIC, visibility=ALWAYS, testCase=TestCaseDTO[testName=testMethods[Context], id=1461]], FeedbackDTO[id=973, text=null, detailText=null, hasLongFeedbackText=false, reference=null, credits=3.230769230769231, positive=true, type=AUTOMATIC, visibility=ALWAYS, testCase=TestCaseDTO[testName=testMethods[Policy], id=1462]], FeedbackDTO[id=974, text=null, detailText=null, hasLongFeedbackText=false, reference=null, credits=3.230769230769231, positive=true, type=AUTOMATIC, visibility=ALWAYS, testCase=TestCaseDTO[testName=testMethods[SortStrategy], id=1463]], FeedbackDTO[id=975, text=null, detailText=null, hasLongFeedbackText=false, reference=null, credits=3.230769230769231, positive=true, type=AUTOMATIC, visibility=ALWAYS, testCase=TestCaseDTO[testName=testClass[MergeSort], id=1458]], FeedbackDTO[id=976, text=null, detailText=null, hasLongFeedbackText=false, reference=null, credits=3.230769230769231, positive=true, type=AUTOMATIC, visibility=ALWAYS, testCase=TestCaseDTO[testName=testClass[SortStrategy], id=1455]], FeedbackDTO[id=977, text=null, detailText=null, hasLongFeedbackText=false, reference=null, credits=3.230769230769231, positive=true, type=AUTOMATIC, visibility=ALWAYS, testCase=TestCaseDTO[testName=testClass[BubbleSort], id=1459]], FeedbackDTO[id=978, text=null, detailText=null, hasLongFeedbackText=false, reference=null, credits=3.230769230769231, positive=true, type=AUTOMATIC, visibility=ALWAYS, testCase=TestCaseDTO[testName=testMergeSort(), id=1464]], FeedbackDTO[id=979, text=null, detailText=null, hasLongFeedbackText=false, reference=null, credits=3.230769230769231, positive=true, type=AUTOMATIC, visibility=ALWAYS, testCase=TestCaseDTO[testName=testUseBubbleSortForSmallList(), id=1465]], FeedbackDTO[id=980, text=null, detailText=null, hasLongFeedbackText=false, reference=null, credits=3.230769230769231, positive=true, type=AUTOMATIC, visibility=ALWAYS, testCase=TestCaseDTO[testName=testBubbleSort(), id=1467]], FeedbackDTO[id=981, text=null, detailText=null, hasLongFeedbackText=false, reference=null, credits=3.230769230769231, positive=true, type=AUTOMATIC, visibility=ALWAYS, testCase=TestCaseDTO[testName=testUseMergeSortForBigList(), id=1466]], FeedbackDTO[id=982, text=null, detailText=null, hasLongFeedbackText=false, reference=null, credits=3.230769230769231, positive=true, type=AUTOMATIC, visibility=ALWAYS, testCase=TestCaseDTO[testName=testConstructors[Policy], id=1460]], FeedbackDTO[id=983, text=null, detailText=null, hasLongFeedbackText=false, reference=null, credits=3.230769230769231, positive=true, type=AUTOMATIC, visibility=ALWAYS, testCase=TestCaseDTO[testName=testAttributes[Context], id=1456]], FeedbackDTO[id=984, text=null, detailText=null, hasLongFeedbackText=false, reference=null, credits=3.230769230769231, positive=true, type=AUTOMATIC, visibility=ALWAYS, testCase=TestCaseDTO[testName=testAttributes[Policy], id=1457]]], assessmentType=AUTOMATIC, hasComplaint=null, exampleResult=null, testCaseCount=13, passedTestCaseCount=13, codeIssueCount=0]], BuildJobQueueItem[id=20281739576748768, name=SHORT0FC863930E92904248098A506171F81CF6CFTSTEXC-BASE, buildAgent=BuildAgentDTO[name=artemis-build-agent-test, memberAddress=[127.0.0.1]:5703, displayName=artemis-build-agent-test], participationId=2028, courseId=992, exerciseId=2609, retryCount=0, priority=2, status=SUCCESSFUL, repositoryInfo=RepositoryInfo[repositoryName=short0fc863930e92904248098a506171f81cf6cftstexc-exercise, repositoryType=exercise, triggeredByPushTo=auxiliary, assignmentRepositoryUri=http://localhost:49152/git/SHORT0FC863930E92904248098A506171F81CF6CFTSTEXC/short0fc863930e92904248098a506171f81cf6cftstexc-exercise.git, testRepositoryUri=http://localhost:49152/git/SHORT0FC863930E92904248098A506171F81CF6CFTSTEXC/short0fc863930e92904248098a506171f81cf6cftstexc-tests.git, solutionRepositoryUri=null, auxiliaryRepositoryUris=[Ljava.lang.String;@2fbd25d2, auxiliaryRepositoryCheckoutDirectories=[Ljava.lang.String;@2c01be], jobTimingInfo=JobTimingInfo[submissionDate=2025-02-14T23:45:48.768063548Z[Etc/UTC], buildStartDate=2025-02-14T23:45:48.802531989Z[Etc/UTC], buildCompletionDate=2025-02-14T23:45:50.482681367Z[Etc/UTC], estimatedCompletionDate=2025-02-14T23:45:50.802523092Z[Etc/UTC], estimatedDuration=2], buildConfig=BuildConfig[buildScript=#!/bin/bash
cd /var/tmp/testing-dir
chmod +x ./gradlew
./gradlew clean test
, dockerImage=dummy-docker-image:latest, commitHashToBuild=9b3a9bd71a0d80e5bbc42204c319ed3d1d4f0d6d, assignmentCommitHash=115a2e943bee242fdad360b50d8ad5f30792577e, testCommitHash=9b3a9bd71a0d80e5bbc42204c319ed3d1d4f0d6d, branch=main, programmingLanguage=JAVA, projectType=PLAIN_GRADLE, scaEnabled=false, sequentialTestRunsEnabled=false, resultPaths=[/var/tmp/testing-dir/**/test-results/test/*.xml], timeoutSeconds=0, assignmentCheckoutPath=null, testCheckoutPath=null, solutionCheckoutPath=null, dockerRunConfig=null], submissionResult=ResultDTO[id=637, completionDate=2025-02-14T23:45:50.449084694Z[Etc/UTC], successful=false, score=0.0, rated=true, submission=SubmissionDTO[id=831, submitted=true, type=TEST, exampleSubmission=null, submissionDate=2025-02-14T23:45:48.761177Z, commitHash=9b3a9bd71a0d80e5bbc42204c319ed3d1d4f0d6d, buildFailed=false, buildArtifact=false, participation=ParticipationDTO[id=2028, testRun=false, type=template, submissionCount=null, exercise=ParticipationExerciseDTO[id=2609, exerciseType=PROGRAMMING, type=programming, assessmentType=AUTOMATIC, dueDate=2025-02-16T23:45:46.386304Z, assessmentDueDate=null, maxPoints=42.0, course=CourseDTO[id=992, accuracyOfScores=1]]], submissionExerciseType=programming, isProcessing=false, buildStartDate=null, estimatedCompletionDate=null], participation=ParticipationDTO[id=2028, testRun=false, type=template, submissionCount=null, exercise=ParticipationExerciseDTO[id=2609, exerciseType=PROGRAMMING, type=programming, assessmentType=AUTOMATIC, dueDate=2025-02-16T23:45:46.386304Z, assessmentDueDate=null, maxPoints=42.0, course=CourseDTO[id=992, accuracyOfScores=1]]], feedbacks=[FeedbackDTO[id=985, text=null, detailText=The exercise expects a class with the name Context in the package testpackage. You did not implement the class in the exercise., hasLongFeedbackText=false, reference=null, credits=0.0, positive=false, type=AUTOMATIC, visibility=ALWAYS, testCase=TestCaseDTO[testName=testMethods[Context], id=1461]], FeedbackDTO[id=986, text=null, detailText=The exercise expects a class with the name Policy in the package testpackage. You did not implement the class in the exercise., hasLongFeedbackText=false, reference=null, credits=0.0, positive=false, type=AUTOMATIC, visibility=ALWAYS, testCase=TestCaseDTO[testName=testMethods[Policy], id=1462]], FeedbackDTO[id=987, text=null, detailText=The exercise expects a class with the name SortStrategy in the package testpackage. You did not implement the class in the exercise., hasLongFeedbackText=false, reference=null, credits=0.0, positive=false, type=AUTOMATIC, visibility=ALWAYS, testCase=TestCaseDTO[testName=testMethods[SortStrategy], id=1463]], FeedbackDTO[id=988, text=null, detailText=The class 'MergeSort' does not implement the interface 'SortStrategy' as expected. Implement the interface and its methods., hasLongFeedbackText=false, reference=null, credits=0.0, positive=false, type=AUTOMATIC, visibility=ALWAYS, testCase=TestCaseDTO[testName=testClass[MergeSort], id=1458]], FeedbackDTO[id=989, text=null, detailText=The exercise expects a class with the name SortStrategy in the package testpackage. You did not implement the class in the exercise., hasLongFeedbackText=false, reference=null, credits=0.0, positive=false, type=AUTOMATIC, visibility=ALWAYS, testCase=TestCaseDTO[testName=testClass[SortStrategy], id=1455]], FeedbackDTO[id=990, text=null, detailText=The class 'BubbleSort' does not implement the interface 'SortStrategy' as expected. Implement the interface and its methods., hasLongFeedbackText=false, reference=null, credits=0.0, positive=false, type=AUTOMATIC, visibility=ALWAYS, testCase=TestCaseDTO[testName=testClass[BubbleSort], id=1459]], FeedbackDTO[id=991, text=null, detailText=MergeSort does not sort correctly, hasLongFeedbackText=false, reference=null, credits=0.0, positive=false, type=AUTOMATIC, visibility=ALWAYS, testCase=TestCaseDTO[testName=testMergeSort(), id=1464]], FeedbackDTO[id=992, text=null, detailText=The class 'Context' was not found within the submission. Make sure to implement it properly., hasLongFeedbackText=false, reference=null, credits=0.0, positive=false, type=AUTOMATIC, visibility=ALWAYS, testCase=TestCaseDTO[testName=testUseBubbleSortForSmallList(), id=1465]], FeedbackDTO[id=993, text=null, detailText=BubbleSort does not sort correctly, hasLongFeedbackText=false, reference=null, credits=0.0, positive=false, type=AUTOMATIC, visibility=ALWAYS, testCase=TestCaseDTO[testName=testBubbleSort(), id=1467]], FeedbackDTO[id=994, text=null, detailText=The class 'Context' was not found within the submission. Make sure to implement it properly., hasLongFeedbackText=false, reference=null, credits=0.0, positive=false, type=AUTOMATIC, visibility=ALWAYS, testCase=TestCaseDTO[testName=testUseMergeSortForBigList(), id=1466]], FeedbackDTO[id=995, text=null, detailText=The exercise expects a class with the name Policy in the package testpackage. You did not implement the class in the exercise., hasLongFeedbackText=false, reference=null, credits=0.0, positive=false, type=AUTOMATIC, visibility=ALWAYS, testCase=TestCaseDTO[testName=testConstructors[Policy], id=1460]], FeedbackDTO[id=996, text=null, detailText=The exercise expects a class with the name Context in the package testpackage. You did not implement the class in the exercise., hasLongFeedbackText=false, reference=null, credits=0.0, positive=false, type=AUTOMATIC, visibility=ALWAYS, testCase=TestCaseDTO[testName=testAttributes[Context], id=1456]], FeedbackDTO[id=997, text=null, detailText=The exercise expects a class with the name Policy in the package testpackage. You did not implement the class in the exercise., hasLongFeedbackText=false, reference=null, credits=0.0, positive=false, type=AUTOMATIC, visibility=ALWAYS, testCase=TestCaseDTO[testName=testAttributes[Policy], id=1457]]], assessmentType=AUTOMATIC, hasComplaint=null, exampleResult=null, testCaseCount=13, passedTestCaseCount=0, codeIssueCount=0]], BuildJobQueueItem[id=20291739576751299, name=SHORT716C2EC10B19B049C80A2F00B97EAB20B2A9TSTEXC-SOLUTION, buildAgent=BuildAgentDTO[name=artemis-build-agent-test, memberAddress=[127.0.0.1]:5703, displayName=artemis-build-agent-test], participationId=2029, courseId=993, exerciseId=2610, retryCount=0, priority=2, status=SUCCESSFUL, repositoryInfo=RepositoryInfo[repositoryName=short716c2ec10b19b049c80a2f00b97eab20b2a9tstexc-solution, repositoryType=solution, triggeredByPushTo=tests, assignmentRepositoryUri=http://localhost:49152/git/SHORT716C2EC10B19B049C80A2F00B97EAB20B2A9TSTEXC/short716c2ec10b19b049c80a2f00b97eab20b2a9tstexc-solution.git, testRepositoryUri=http://localhost:49152/git/SHORT716C2EC10B19B049C80A2F00B97EAB20B2A9TSTEXC/short716c2ec10b19b049c80a2f00b97eab20b2a9tstexc-tests.git, solutionRepositoryUri=null, auxiliaryRepositoryUris=[Ljava.lang.String;@2ea64a5c, auxiliaryRepositoryCheckoutDirectories=[Ljava.lang.String;@5b9a148b], jobTimingInfo=JobTimingInfo[submissionDate=2025-02-14T23:45:51.299892174Z[Etc/UTC], buildStartDate=2025-02-14T23:45:51.314028505Z[Etc/UTC], buildCompletionDate=2025-02-14T23:45:52.158312850Z[Etc/UTC], estimatedCompletionDate=2025-02-14T23:46:10.314021752Z[Etc/UTC], estimatedDuration=19], buildConfig=BuildConfig[buildScript=#!/bin/bash
cd /var/tmp/testing-dir
chmod +x ./gradlew
./gradlew clean test
, dockerImage=dummy-docker-image:latest, commitHashToBuild=1e531733ed6e9237f710b528d1eb0b7beac565fd, assignmentCommitHash=815e279f12ad296b4f24c44134a07293c04c010f, testCommitHash=1e531733ed6e9237f710b528d1eb0b7beac565fd, branch=main, programmingLanguage=JAVA, projectType=PLAIN_GRADLE, scaEnabled=false, sequentialTestRunsEnabled=false, resultPaths=[/var/tmp/testing-dir/**/test-results/test/*.xml], timeoutSeconds=0, assignmentCheckoutPath=null, testCheckoutPath=null, solutionCheckoutPath=null, dockerRunConfig=null], submissionResult=ResultDTO[id=638, completionDate=2025-02-14T23:45:52.146826070Z[Etc/UTC], successful=true, score=100.0, rated=true, submission=SubmissionDTO[id=832, submitted=true, type=TEST, exampleSubmission=null, submissionDate=2025-02-14T23:45:51.275713Z, commitHash=1e531733ed6e9237f710b528d1eb0b7beac565fd, buildFailed=false, buildArtifact=false, participation=ParticipationDTO[id=2029, testRun=false, type=solution, submissionCount=null, exercise=ParticipationExerciseDTO[id=2610, exerciseType=PROGRAMMING, type=programming, assessmentType=AUTOMATIC, dueDate=2025-02-16T23:45:50.869093Z, assessmentDueDate=null, maxPoints=42.0, course=CourseDTO[id=993, accuracyOfScores=1]]], submissionExerciseType=programming, isProcessing=false, buildStartDate=null, estimatedCompletionDate=null], participation=ParticipationDTO[id=2029, testRun=false, type=solution, submissionCount=null, exercise=ParticipationExerciseDTO[id=2610, exerciseType=PROGRAMMING, type=programming, assessmentType=AUTOMATIC, dueDate=2025-02-16T23:45:50.869093Z, assessmentDueDate=null, maxPoints=42.0, course=CourseDTO[id=993, accuracyOfScores=1]]], feedbacks=[FeedbackDTO[id=998, text=null, detailText=null, hasLongFeedbackText=false, reference=null, credits=3.230769230769231, positive=true, type=AUTOMATIC, visibility=ALWAYS, testCase=TestCaseDTO[testName=testMethods[Context], id=1474]], FeedbackDTO[id=999, text=null, detailText=null, hasLongFeedbackText=false, reference=null, credits=3.230769230769231, positive=true, type=AUTOMATIC, visibility=ALWAYS, testCase=TestCaseDTO[testName=testMethods[Policy], id=1475]], FeedbackDTO[id=1000, text=null, detailText=null, hasLongFeedbackText=false, reference=null, credits=3.230769230769231, positive=true, type=AUTOMATIC, visibility=ALWAYS, testCase=TestCaseDTO[testName=testMethods[SortStrategy], id=1476]], FeedbackDTO[id=1001, text=null, detailText=null, hasLongFeedbackText=false, reference=null, credits=3.230769230769231, positive=true, type=AUTOMATIC, visibility=ALWAYS, testCase=TestCaseDTO[testName=testClass[MergeSort], id=1471]], FeedbackDTO[id=1002, text=null, detailText=null, hasLongFeedbackText=false, reference=null, credits=3.230769230769231, positive=true, type=AUTOMATIC, visibility=ALWAYS, testCase=TestCaseDTO[testName=testClass[SortStrategy], id=1468]], FeedbackDTO[id=1003, text=null, detailText=null, hasLongFeedbackText=false, reference=null, credits=3.230769230769231, positive=true, type=AUTOMATIC, visibility=ALWAYS, testCase=TestCaseDTO[testName=testClass[BubbleSort], id=1472]], FeedbackDTO[id=1004, text=null, detailText=null, hasLongFeedbackText=false, reference=null, credits=3.230769230769231, positive=true, type=AUTOMATIC, visibility=ALWAYS, testCase=TestCaseDTO[testName=testMergeSort(), id=1477]], FeedbackDTO[id=1005, text=null, detailText=null, hasLongFeedbackText=false, reference=null, credits=3.230769230769231, positive=true, type=AUTOMATIC, visibility=ALWAYS, testCase=TestCaseDTO[testName=testUseBubbleSortForSmallList(), id=1478]], FeedbackDTO[id=1006, text=null, detailText=null, hasLongFeedbackText=false, reference=null, credits=3.230769230769231, positive=true, type=AUTOMATIC, visibility=ALWAYS, testCase=TestCaseDTO[testName=testBubbleSort(), id=1480]], FeedbackDTO[id=1007, text=null, detailText=null, hasLongFeedbackText=false, reference=null, credits=3.230769230769231, positive=true, type=AUTOMATIC, visibility=ALWAYS, testCase=TestCaseDTO[testName=testUseMergeSortForBigList(), id=1479]], FeedbackDTO[id=1008, text=null, detailText=null, hasLongFeedbackText=false, reference=null, credits=3.230769230769231, positive=true, type=AUTOMATIC, visibility=ALWAYS, testCase=TestCaseDTO[testName=testConstructors[Policy], id=1473]], FeedbackDTO[id=1009, text=null, detailText=null, hasLongFeedbackText=false, reference=null, credits=3.230769230769231, positive=true, type=AUTOMATIC, visibility=ALWAYS, testCase=TestCaseDTO[testName=testAttributes[Context], id=1469]], FeedbackDTO[id=1010, text=null, detailText=null, hasLongFeedbackText=false, reference=null, credits=3.230769230769231, positive=true, type=AUTOMATIC, visibility=ALWAYS, testCase=TestCaseDTO[testName=testAttributes[Policy], id=1470]]], assessmentType=AUTOMATIC, hasComplaint=null, exampleResult=null, testCaseCount=13, passedTestCaseCount=13, codeIssueCount=0]], BuildJobQueueItem[id=20301739576752239, name=SHORT716C2EC10B19B049C80A2F00B97EAB20B2A9TSTEXC-BASE, buildAgent=BuildAgentDTO[name=artemis-build-agent-test, memberAddress=[127.0.0.1]:5703, displayName=artemis-build-agent-test], participationId=2030, courseId=993, exerciseId=2610, retryCount=0, priority=2, status=SUCCESSFUL, repositoryInfo=RepositoryInfo[repositoryName=short716c2ec10b19b049c80a2f00b97eab20b2a9tstexc-exercise, repositoryType=exercise, triggeredByPushTo=tests, assignmentRepositoryUri=http://localhost:49152/git/SHORT716C2EC10B19B049C80A2F00B97EAB20B2A9TSTEXC/short716c2ec10b19b049c80a2f00b97eab20b2a9tstexc-exercise.git, testRepositoryUri=http://localhost:49152/git/SHORT716C2EC10B19B049C80A2F00B97EAB20B2A9TSTEXC/short716c2ec10b19b049c80a2f00b97eab20b2a9tstexc-tests.git, solutionRepositoryUri=null, auxiliaryRepositoryUris=[Ljava.lang.String;@1d4f399f, auxiliaryRepositoryCheckoutDirectories=[Ljava.lang.String;@7d0eea79], jobTimingInfo=JobTimingInfo[submissionDate=2025-02-14T23:45:52.239402475Z[Etc/UTC], buildStartDate=2025-02-14T23:45:52.258713639Z[Etc/UTC], buildCompletionDate=2025-02-14T23:45:53.238773956Z[Etc/UTC], estimatedCompletionDate=2025-02-14T23:45:53.258707428Z[Etc/UTC], estimatedDuration=1], buildConfig=BuildConfig[buildScript=#!/bin/bash
cd /var/tmp/testing-dir
chmod +x ./gradlew
./gradlew clean test
, dockerImage=dummy-docker-image:latest, commitHashToBuild=1e531733ed6e9237f710b528d1eb0b7beac565fd, assignmentCommitHash=815e279f12ad296b4f24c44134a07293c04c010f, testCommitHash=1e531733ed6e9237f710b528d1eb0b7beac565fd, branch=main, programmingLanguage=JAVA, projectType=PLAIN_GRADLE, scaEnabled=false, sequentialTestRunsEnabled=false, resultPaths=[/var/tmp/testing-dir/**/test-results/test/*.xml], timeoutSeconds=0, assignmentCheckoutPath=null, testCheckoutPath=null, solutionCheckoutPath=null, dockerRunConfig=null], submissionResult=ResultDTO[id=639, completionDate=2025-02-14T23:45:53.225806205Z[Etc/UTC], successful=false, score=0.0, rated=true, submission=SubmissionDTO[id=833, submitted=true, type=TEST, exampleSubmission=null, submissionDate=2025-02-14T23:45:52.237179Z, commitHash=1e531733ed6e9237f710b528d1eb0b7beac565fd, buildFailed=false, buildArtifact=false, participation=ParticipationDTO[id=2030, testRun=false, type=template, submissionCount=null, exercise=ParticipationExerciseDTO[id=2610, exerciseType=PROGRAMMING, type=programming, assessmentType=AUTOMATIC, dueDate=2025-02-16T23:45:50.869093Z, assessmentDueDate=null, maxPoints=42.0, course=CourseDTO[id=993, accuracyOfScores=1]]], submissionExerciseType=programming, isProcessing=false, buildStartDate=null, estimatedCompletionDate=null], participation=ParticipationDTO[id=2030, testRun=false, type=template, submissionCount=null, exercise=ParticipationExerciseDTO[id=2610, exerciseType=PROGRAMMING, type=programming, assessmentType=AUTOMATIC, dueDate=2025-02-16T23:45:50.869093Z, assessmentDueDate=null, maxPoints=42.0, course=CourseDTO[id=993, accuracyOfScores=1]]], feedbacks=[FeedbackDTO[id=1011, text=null, detailText=The exercise expects a class with the name Context in the package testpackage. You did not implement the class in the exercise., hasLongFeedbackText=false, reference=null, credits=0.0, positive=false, type=AUTOMATIC, visibility=ALWAYS, testCase=TestCaseDTO[testName=testMethods[Context], id=1474]], FeedbackDTO[id=1012, text=null, detailText=The exercise expects a class with the name Policy in the package testpackage. You did not implement the class in the exercise., hasLongFeedbackText=false, reference=null, credits=0.0, positive=false, type=AUTOMATIC, visibility=ALWAYS, testCase=TestCaseDTO[testName=testMethods[Policy], id=1475]], FeedbackDTO[id=1013, text=null, detailText=The exercise expects a class with the name SortStrategy in the package testpackage. You did not implement the class in the exercise., hasLongFeedbackText=false, reference=null, credits=0.0, positive=false, type=AUTOMATIC, visibility=ALWAYS, testCase=TestCaseDTO[testName=testMethods[SortStrategy], id=1476]], FeedbackDTO[id=1014, text=null, detailText=The class 'MergeSort' does not implement the interface 'SortStrategy' as expected. Implement the interface and its methods., hasLongFeedbackText=false, reference=null, credits=0.0, positive=false, type=AUTOMATIC, visibility=ALWAYS, testCase=TestCaseDTO[testName=testClass[MergeSort], id=1471]], FeedbackDTO[id=1015, text=null, detailText=The exercise expects a class with the name SortStrategy in the package testpackage. You did not implement the class in the exercise., hasLongFeedbackText=false, reference=null, credits=0.0, positive=false, type=AUTOMATIC, visibility=ALWAYS, testCase=TestCaseDTO[testName=testClass[SortStrategy], id=1468]], FeedbackDTO[id=1016, text=null, detailText=The class 'BubbleSort' does not implement the interface 'SortStrategy' as expected. Implement the interface and its methods., hasLongFeedbackText=false, reference=null, credits=0.0, positive=false, type=AUTOMATIC, visibility=ALWAYS, testCase=TestCaseDTO[testName=testClass[BubbleSort], id=1472]], FeedbackDTO[id=1017, text=null, detailText=MergeSort does not sort correctly, hasLongFeedbackText=false, reference=null, credits=0.0, positive=false, type=AUTOMATIC, visibility=ALWAYS, testCase=TestCaseDTO[testName=testMergeSort(), id=1477]], FeedbackDTO[id=1018, text=null, detailText=The class 'Context' was not found within the submission. Make sure to implement it properly., hasLongFeedbackText=false, reference=null, credits=0.0, positive=false, type=AUTOMATIC, visibility=ALWAYS, testCase=TestCaseDTO[testName=testUseBubbleSortForSmallList(), id=1478]], FeedbackDTO[id=1019, text=null, detailText=BubbleSort does not sort correctly, hasLongFeedbackText=false, reference=null, credits=0.0, positive=false, type=AUTOMATIC, visibility=ALWAYS, testCase=TestCaseDTO[testName=testBubbleSort(), id=1480]], FeedbackDTO[id=1020, text=null, detailText=The class 'Context' was not found within the submission. Make sure to implement it properly., hasLongFeedbackText=false, reference=null, credits=0.0, positive=false, type=AUTOMATIC, visibility=ALWAYS, testCase=TestCaseDTO[testName=testUseMergeSortForBigList(), id=1479]], FeedbackDTO[id=1021, text=null, detailText=The exercise expects a class with the name Policy in the package testpackage. You did not implement the class in the exercise., hasLongFeedbackText=false, reference=null, credits=0.0, positive=false, type=AUTOMATIC, visibility=ALWAYS, testCase=TestCaseDTO[testName=testConstructors[Policy], id=1473]], FeedbackDTO[id=1022, text=null, detailText=The exercise expects a class with the name Context in the package testpackage. You did not implement the class in the exercise., hasLongFeedbackText=false, reference=null, credits=0.0, positive=false, type=AUTOMATIC, visibility=ALWAYS, testCase=TestCaseDTO[testName=testAttributes[Context], id=1469]], FeedbackDTO[id=1023, text=null, detailText=The exercise expects a class with the name Policy in the package testpackage. You did not implement the class in the exercise., hasLongFeedbackText=false, reference=null, credits=0.0, positive=false, type=AUTOMATIC, visibility=ALWAYS, testCase=TestCaseDTO[testName=testAttributes[Policy], id=1470]]], assessmentType=AUTOMATIC, hasComplaint=null, exampleResult=null, testCaseCount=13, passedTestCaseCount=0, codeIssueCount=0]], BuildJobQueueItem[id=20391739576754750, name=SHORT3A680734092E404EF80A4C60FBC1E408F7D0TSTEXC-LOCALVCCIINTSTUDENT1, buildAgent=BuildAgentDTO[name=artemis-build-agent-test, memberAddress=[127.0.0.1]:5703, displayName=artemis-build-agent-test], participationId=2039, courseId=996, exerciseId=2613, retryCount=0, priority=2, status=SUCCESSFUL, repositoryInfo=RepositoryInfo[repositoryName=short3a680734092e404ef80a4c60fbc1e408f7d0tstexc-localvcciintstudent1, repositoryType=user, triggeredByPushTo=user, assignmentRepositoryUri=http://localhost:49152/git/SHORT3A680734092E404EF80A4C60FBC1E408F7D0TSTEXC/short3a680734092e404ef80a4c60fbc1e408f7d0tstexc-localvcciintstudent1.git, testRepositoryUri=http://localhost:49152/git/SHORT3A680734092E404EF80A4C60FBC1E408F7D0TSTEXC/short3a680734092e404ef80a4c60fbc1e408f7d0tstexc-tests.git, solutionRepositoryUri=null, auxiliaryRepositoryUris=[Ljava.lang.String;@6166bb2e, auxiliaryRepositoryCheckoutDirectories=[Ljava.lang.String;@6ad3d5c5], jobTimingInfo=JobTimingInfo[submissionDate=2025-02-14T23:45:54.750657185Z[Etc/UTC], buildStartDate=2025-02-14T23:45:54.765232948Z[Etc/UTC], buildCompletionDate=2025-02-14T23:45:55.645844970Z[Etc/UTC], estimatedCompletionDate=2025-02-14T23:46:13.765225363Z[Etc/UTC], estimatedDuration=19], buildConfig=BuildConfig[buildScript=#!/bin/bash
cd /var/tmp/testing-dir
chmod +x ./gradlew
./gradlew clean test
, dockerImage=dummy-docker-image:latest, commitHashToBuild=9344436f8d5a5ce3aa40215562db211ed501371f, assignmentCommitHash=9344436f8d5a5ce3aa40215562db211ed501371f, testCommitHash=ff421c3651ec230fed2f20f72c2901ae372be06a, branch=main, programmingLanguage=JAVA, projectType=PLAIN_GRADLE, scaEnabled=false, sequentialTestRunsEnabled=false, resultPaths=[/var/tmp/testing-dir/**/test-results/test/*.xml], timeoutSeconds=0, assignmentCheckoutPath=null, testCheckoutPath=null, solutionCheckoutPath=null, dockerRunConfig=null], submissionResult=ResultDTO[id=640, completionDate=2025-02-14T23:45:55.628250079Z[Etc/UTC], successful=false, score=7.7, rated=true, submission=SubmissionDTO[id=834, submitted=true, type=MANUAL, exampleSubmission=null, submissionDate=2025-02-14T23:45:54.732007Z, commitHash=9344436f8d5a5ce3aa40215562db211ed501371f, buildFailed=false, buildArtifact=false, participation=ParticipationDTO[id=2039, testRun=false, type=programming, submissionCount=null, exercise=ParticipationExerciseDTO[id=2613, exerciseType=PROGRAMMING, type=programming, assessmentType=AUTOMATIC, dueDate=2025-02-16T23:45:54.546562Z, assessmentDueDate=null, maxPoints=42.0, course=CourseDTO[id=996, accuracyOfScores=1]]], submissionExerciseType=programming, isProcessing=false, buildStartDate=null, estimatedCompletionDate=null], participation=ParticipationDTO[id=2039, testRun=false, type=programming, submissionCount=null, exercise=ParticipationExerciseDTO[id=2613, exerciseType=PROGRAMMING, type=programming, assessmentType=AUTOMATIC, dueDate=2025-02-16T23:45:54.546562Z, assessmentDueDate=null, maxPoints=42.0, course=CourseDTO[id=996, accuracyOfScores=1]]], feedbacks=[FeedbackDTO[id=1024, text=null, detailText=The exercise expects a class with the name Context in the package testpackage. You did not implement the class in the exercise., hasLongFeedbackText=false, reference=null, credits=0.0, positive=false, type=AUTOMATIC, visibility=ALWAYS, testCase=TestCaseDTO[testName=null, id=1513]], FeedbackDTO[id=1025, text=null, detailText=The exercise expects a class with the name Policy in the package testpackage. You did not implement the class in the exercise., hasLongFeedbackText=false, reference=null, credits=0.0, positive=false, type=AUTOMATIC, visibility=ALWAYS, testCase=TestCaseDTO[testName=null, id=1514]], FeedbackDTO[id=1026, text=null, detailText=The exercise expects a class with the name SortStrategy in the package testpackage. You did not implement the class in the exercise., hasLongFeedbackText=false, reference=null, credits=0.0, positive=false, type=AUTOMATIC, visibility=ALWAYS, testCase=TestCaseDTO[testName=null, id=1515]], FeedbackDTO[id=1027, text=null, detailText=The class 'MergeSort' does not implement the interface 'SortStrategy' as expected. Implement the interface and its methods., hasLongFeedbackText=false, reference=null, credits=0.0, positive=false, type=AUTOMATIC, visibility=ALWAYS, testCase=TestCaseDTO[testName=null, id=1510]], FeedbackDTO[id=1028, text=null, detailText=The exercise expects a class with the name SortStrategy in the package testpackage. You did not implement the class in the exercise., hasLongFeedbackText=false, reference=null, credits=0.0, positive=false, type=AUTOMATIC, visibility=ALWAYS, testCase=TestCaseDTO[testName=null, id=1507]], FeedbackDTO[id=1029, text=null, detailText=The class 'BubbleSort' does not implement the interface 'SortStrategy' as expected. Implement the interface and its methods., hasLongFeedbackText=false, reference=null, credits=0.0, positive=false, type=AUTOMATIC, visibility=ALWAYS, testCase=TestCaseDTO[testName=null, id=1511]], FeedbackDTO[id=1030, text=null, detailText=MergeSort does not sort correctly, hasLongFeedbackText=false, reference=null, credits=0.0, positive=false, type=AUTOMATIC, visibility=ALWAYS, testCase=TestCaseDTO[testName=null, id=1516]], FeedbackDTO[id=1031, text=null, detailText=The class 'Context' was not found within the submission. Make sure to implement it properly., hasLongFeedbackText=false, reference=null, credits=0.0, positive=false, type=AUTOMATIC, visibility=ALWAYS, testCase=TestCaseDTO[testName=null, id=1517]], FeedbackDTO[id=1032, text=null, detailText=The class 'Context' was not found within the submission. Make sure to implement it properly., hasLongFeedbackText=false, reference=null, credits=0.0, positive=false, type=AUTOMATIC, visibility=ALWAYS, testCase=TestCaseDTO[testName=null, id=1518]], FeedbackDTO[id=1033, text=null, detailText=The exercise expects a class with the name Policy in the package testpackage. You did not implement the class in the exercise., hasLongFeedbackText=false, reference=null, credits=0.0, positive=false, type=AUTOMATIC, visibility=ALWAYS, testCase=TestCaseDTO[testName=null, id=1512]], FeedbackDTO[id=1034, text=null, detailText=The exercise expects a class with the name Context in the package testpackage. You did not implement the class in the exercise., hasLongFeedbackText=false, reference=null, credits=0.0, positive=false, type=AUTOMATIC, visibility=ALWAYS, testCase=TestCaseDTO[testName=null, id=1508]], FeedbackDTO[id=1035, text=null, detailText=The exercise expects a class with the name Policy in the package testpackage. You did not implement the class in the exercise., hasLongFeedbackText=false, reference=null, credits=0.0, positive=false, type=AUTOMATIC, visibility=ALWAYS, testCase=TestCaseDTO[testName=null, id=1509]], FeedbackDTO[id=1036, text=null, detailText=null, hasLongFeedbackText=false, reference=null, credits=3.230769230769231, positive=true, type=AUTOMATIC, visibility=ALWAYS, testCase=TestCaseDTO[testName=null, id=1519]]], assessmentType=AUTOMATIC, hasComplaint=null, exampleResult=null, testCaseCount=13, passedTestCaseCount=1, codeIssueCount=0]], BuildJobQueueItem[id=20431739576757232, name=SHORT3945BC5E092B90459B0A7F006DF5F64347FDTSTEXC-SOLUTION, buildAgent=BuildAgentDTO[name=artemis-build-agent-test, memberAddress=[127.0.0.1]:5703, displayName=artemis-build-agent-test], participationId=2043, courseId=998, exerciseId=2615, retryCount=0, priority=2, status=SUCCESSFUL, repositoryInfo=RepositoryInfo[repositoryName=short3945bc5e092b90459b0a7f006df5f64347fdtstexc-solution, repositoryType=solution, triggeredByPushTo=solution, assignmentRepositoryUri=http://localhost:49152/git/SHORT3945BC5E092B90459B0A7F006DF5F64347FDTSTEXC/short3945bc5e092b90459b0a7f006df5f64347fdtstexc-solution.git, testRepositoryUri=http://localhost:49152/git/SHORT3945BC5E092B90459B0A7F006DF5F64347FDTSTEXC/short3945bc5e092b90459b0a7f006df5f64347fdtstexc-tests.git, solutionRepositoryUri=null, auxiliaryRepositoryUris=[Ljava.lang.String;@e349ac1, auxiliaryRepositoryCheckoutDirectories=[Ljava.lang.String;@463e45c], jobTimingInfo=JobTimingInfo[submissionDate=2025-02-14T23:45:57.232907777Z[Etc/UTC], buildStartDate=2025-02-14T23:45:57.240437339Z[Etc/UTC], buildCompletionDate=2025-02-14T23:45:58.062328619Z[Etc/UTC], estimatedCompletionDate=2025-02-14T23:46:16.240428743Z[Etc/UTC], estimatedDuration=19], buildConfig=BuildConfig[buildScript=#!/bin/bash
cd /var/tmp/testing-dir
chmod +x ./gradlew
./gradlew clean test
, dockerImage=dummy-docker-image:latest, commitHashToBuild=c315388a235502fd958ae3c7ffbbbbf126a8fe21, assignmentCommitHash=c315388a235502fd958ae3c7ffbbbbf126a8fe21, testCommitHash=28488095271179f4eface46480ec45511f50df5d, branch=main, programmingLanguage=JAVA, projectType=PLAIN_GRADLE, scaEnabled=false, sequentialTestRunsEnabled=false, resultPaths=[/var/tmp/testing-dir/**/test-results/test/*.xml], timeoutSeconds=0, assignmentCheckoutPath=null, testCheckoutPath=null, solutionCheckoutPath=null, dockerRunConfig=null], submissionResult=ResultDTO[id=641, completionDate=2025-02-14T23:45:58.032353400Z[Etc/UTC], successful=true, score=100.0, rated=true, submission=SubmissionDTO[id=835, submitted=true, type=MANUAL, exampleSubmission=null, submissionDate=2025-02-14T23:45:57.222714Z, commitHash=c315388a235502fd958ae3c7ffbbbbf126a8fe21, buildFailed=false, buildArtifact=false, participation=ParticipationDTO[id=2043, testRun=false, type=solution, submissionCount=null, exercise=ParticipationExerciseDTO[id=2615, exerciseType=PROGRAMMING, type=programming, assessmentType=AUTOMATIC, dueDate=2025-02-16T23:45:56.808788Z, assessmentDueDate=null, maxPoints=42.0, course=CourseDTO[id=998, accuracyOfScores=1]]], submissionExerciseType=programming, isProcessing=false, buildStartDate=null, estimatedCompletionDate=null], participation=ParticipationDTO[id=2043, testRun=false, type=solution, submissionCount=null, exercise=ParticipationExerciseDTO[id=2615, exerciseType=PROGRAMMING, type=programming, assessmentType=AUTOMATIC, dueDate=2025-02-16T23:45:56.808788Z, assessmentDueDate=null, maxPoints=42.0, course=CourseDTO[id=998, accuracyOfScores=1]]], feedbacks=[FeedbackDTO[id=1037, text=null, detailText=null, hasLongFeedbackText=false, reference=null, credits=3.230769230769231, positive=true, type=AUTOMATIC, visibility=ALWAYS, testCase=TestCaseDTO[testName=testMethods[Context], id=1539]], FeedbackDTO[id=1038, text=null, detailText=null, hasLongFeedbackText=false, reference=null, credits=3.230769230769231, positive=true, type=AUTOMATIC, visibility=ALWAYS, testCase=TestCaseDTO[testName=testMethods[Policy], id=1540]], FeedbackDTO[id=1039, text=null, detailText=null, hasLongFeedbackText=false, reference=null, credits=3.230769230769231, positive=true, type=AUTOMATIC, visibility=ALWAYS, testCase=TestCaseDTO[testName=testMethods[SortStrategy], id=1541]], FeedbackDTO[id=1040, text=null, detailText=null, hasLongFeedbackText=false, reference=null, credits=3.230769230769231, positive=true, type=AUTOMATIC, visibility=ALWAYS, testCase=TestCaseDTO[testName=testClass[MergeSort], id=1536]], FeedbackDTO[id=1041, text=null, detailText=null, hasLongFeedbackText=false, reference=null, credits=3.230769230769231, positive=true, type=AUTOMATIC, visibility=ALWAYS, testCase=TestCaseDTO[testName=testClass[SortStrategy], id=1533]], FeedbackDTO[id=1042, text=null, detailText=null, hasLongFeedbackText=false, reference=null, credits=3.230769230769231, positive=true, type=AUTOMATIC, visibility=ALWAYS, testCase=TestCaseDTO[testName=testClass[BubbleSort], id=1537]], FeedbackDTO[id=1043, text=null, detailText=null, hasLongFeedbackText=false, reference=null, credits=3.230769230769231, positive=true, type=AUTOMATIC, visibility=ALWAYS, testCase=TestCaseDTO[testName=testMergeSort(), id=1542]], FeedbackDTO[id=1044, text=null, detailText=null, hasLongFeedbackText=false, reference=null, credits=3.230769230769231, positive=true, type=AUTOMATIC, visibility=ALWAYS, testCase=TestCaseDTO[testName=testUseBubbleSortForSmallList(), id=1543]], FeedbackDTO[id=1045, text=null, detailText=null, hasLongFeedbackText=false, reference=null, credits=3.230769230769231, positive=true, type=AUTOMATIC, visibility=ALWAYS, testCase=TestCaseDTO[testName=testBubbleSort(), id=1545]], FeedbackDTO[id=1046, text=null, detailText=null, hasLongFeedbackText=false, reference=null, credits=3.230769230769231, positive=true, type=AUTOMATIC, visibility=ALWAYS, testCase=TestCaseDTO[testName=testUseMergeSortForBigList(), id=1544]], FeedbackDTO[id=1047, text=null, detailText=null, hasLongFeedbackText=false, reference=null, credits=3.230769230769231, positive=true, type=AUTOMATIC, visibility=ALWAYS, testCase=TestCaseDTO[testName=testConstructors[Policy], id=1538]], FeedbackDTO[id=1048, text=null, detailText=null, hasLongFeedbackText=false, reference=null, credits=3.230769230769231, positive=true, type=AUTOMATIC, visibility=ALWAYS, testCase=TestCaseDTO[testName=testAttributes[Context], id=1534]], FeedbackDTO[id=1049, text=null, detailText=null, hasLongFeedbackText=false, reference=null, credits=3.230769230769231, positive=true, type=AUTOMATIC, visibility=ALWAYS, testCase=TestCaseDTO[testName=testAttributes[Policy], id=1535]]], assessmentType=AUTOMATIC, hasComplaint=null, exampleResult=null, testCaseCount=13, passedTestCaseCount=13, codeIssueCount=0]], BuildJobQueueItem[id=20471739576759335, name=SHORT07624A260BD060493708A050BB6FAE261DD5TSTEXC-LOCALVCCIINTSTUDENT1, buildAgent=BuildAgentDTO[name=artemis-build-agent-test, memberAddress=[127.0.0.1]:5703, displayName=artemis-build-agent-test], participationId=2047, courseId=999, exerciseId=2616, retryCount=0, priority=2, status=SUCCESSFUL, repositoryInfo=RepositoryInfo[repositoryName=short07624a260bd060493708a050bb6fae261dd5tstexc-localvcciintstudent1, repositoryType=user, triggeredByPushTo=user, assignmentRepositoryUri=http://localhost:49152/git/SHORT07624A260BD060493708A050BB6FAE261DD5TSTEXC/short07624a260bd060493708a050bb6fae261dd5tstexc-localvcciintstudent1.git, testRepositoryUri=http://localhost:49152/git/SHORT07624A260BD060493708A050BB6FAE261DD5TSTEXC/short07624a260bd060493708a050bb6fae261dd5tstexc-tests.git, solutionRepositoryUri=null, auxiliaryRepositoryUris=[Ljava.lang.String;@50089035, auxiliaryRepositoryCheckoutDirectories=[Ljava.lang.String;@24810a0c], jobTimingInfo=JobTimingInfo[submissionDate=2025-02-14T23:45:59.335772293Z[Etc/UTC], buildStartDate=2025-02-14T23:45:59.344175895Z[Etc/UTC], buildCompletionDate=2025-02-14T23:46:00.603413500Z[Etc/UTC], estimatedCompletionDate=2025-02-14T23:46:18.344169813Z[Etc/UTC], estimatedDuration=19], buildConfig=BuildConfig[buildScript=#!/bin/bash
cd /var/tmp/testing-dir
chmod +x ./gradlew
./gradlew clean test
, dockerImage=dummy-docker-image:latest, commitHashToBuild=18a07c7296dd70e3280c5bdcec7fccd0be6b8148, assignmentCommitHash=18a07c7296dd70e3280c5bdcec7fccd0be6b8148, testCommitHash=d654a233667bae063bb900e455fd2da456e10333, branch=main, programmingLanguage=JAVA, projectType=PLAIN_GRADLE, scaEnabled=false, sequentialTestRunsEnabled=false, resultPaths=[/var/tmp/testing-dir/**/test-results/test/*.xml], timeoutSeconds=0, assignmentCheckoutPath=null, testCheckoutPath=null, solutionCheckoutPath=null, dockerRunConfig=null], submissionResult=ResultDTO[id=642, completionDate=2025-02-14T23:46:00.583368808Z[Etc/UTC], successful=false, score=7.7, rated=true, submission=SubmissionDTO[id=836, submitted=true, type=MANUAL, exampleSubmission=null, submissionDate=2025-02-14T23:45:59.324416Z, commitHash=18a07c7296dd70e3280c5bdcec7fccd0be6b8148, buildFailed=false, buildArtifact=false, participation=ParticipationDTO[id=2047, testRun=false, type=programming, submissionCount=null, exercise=ParticipationExerciseDTO[id=2616, exerciseType=PROGRAMMING, type=programming, assessmentType=AUTOMATIC, dueDate=2025-02-16T23:45:58.958237Z, assessmentDueDate=null, maxPoints=42.0, course=CourseDTO[id=999, accuracyOfScores=1]]], submissionExerciseType=programming, isProcessing=false, buildStartDate=null, estimatedCompletionDate=null], participation=ParticipationDTO[id=2047, testRun=false, type=programming, submissionCount=null, exercise=ParticipationExerciseDTO[id=2616, exerciseType=PROGRAMMING, type=programming, assessmentType=AUTOMATIC, dueDate=2025-02-16T23:45:58.958237Z, assessmentDueDate=null, maxPoints=42.0, course=CourseDTO[id=999, accuracyOfScores=1]]], feedbacks=[FeedbackDTO[id=1050, text=null, detailText=The exercise expects a class with the name Context in the package testpackage. You did not implement the class in the exercise., hasLongFeedbackText=false, reference=null, credits=0.0, positive=false, type=AUTOMATIC, visibility=ALWAYS, testCase=TestCaseDTO[testName=null, id=1552]], FeedbackDTO[id=1051, text=null, detailText=The exercise expects a class with the name Policy in the package testpackage. You did not implement the class in the exercise., hasLongFeedbackText=false, reference=null, credits=0.0, positive=false, type=AUTOMATIC, visibility=ALWAYS, testCase=TestCaseDTO[testName=null, id=1553]], FeedbackDTO[id=1052, text=null, detailText=The exercise expects a class with the name SortStrategy in the package testpackage. You did not implement the class in the exercise., hasLongFeedbackText=false, reference=null, credits=0.0, positive=false, type=AUTOMATIC, visibility=ALWAYS, testCase=TestCaseDTO[testName=null, id=1554]], FeedbackDTO[id=1053, text=null, detailText=The class 'MergeSort' does not implement the interface 'SortStrategy' as expected. Implement the interface and its methods., hasLongFeedbackText=false, reference=null, credits=0.0, positive=false, type=AUTOMATIC, visibility=ALWAYS, testCase=TestCaseDTO[testName=null, id=1549]], FeedbackDTO[id=1054, text=null, detailText=The exercise expects a class with the name SortStrategy in the package testpackage. You did not implement the class in the exercise., hasLongFeedbackText=false, reference=null, credits=0.0, positive=false, type=AUTOMATIC, visibility=ALWAYS, testCase=TestCaseDTO[testName=null, id=1546]], FeedbackDTO[id=1055, text=null, detailText=The class 'BubbleSort' does not implement the interface 'SortStrategy' as expected. Implement the interface and its methods., hasLongFeedbackText=false, reference=null, credits=0.0, positive=false, type=AUTOMATIC, visibility=ALWAYS, testCase=TestCaseDTO[testName=null, id=1550]], FeedbackDTO[id=1056, text=null, detailText=MergeSort does not sort correctly, hasLongFeedbackText=false, reference=null, credits=0.0, positive=false, type=AUTOMATIC, visibility=ALWAYS, testCase=TestCaseDTO[testName=null, id=1555]], FeedbackDTO[id=1057, text=null, detailText=The class 'Context' was not found within the submission. Make sure to implement it properly., hasLongFeedbackText=false, reference=null, credits=0.0, positive=false, type=AUTOMATIC, visibility=ALWAYS, testCase=TestCaseDTO[testName=null, id=1556]], FeedbackDTO[id=1058, text=null, detailText=The class 'Context' was not found within the submission. Make sure to implement it properly., hasLongFeedbackText=false, reference=null, credits=0.0, positive=false, type=AUTOMATIC, visibility=ALWAYS, testCase=TestCaseDTO[testName=null, id=1557]], FeedbackDTO[id=1059, text=null, detailText=The exercise expects a class with the name Policy in the package testpackage. You did not implement the class in the exercise., hasLongFeedbackText=false, reference=null, credits=0.0, positive=false, type=AUTOMATIC, visibility=ALWAYS, testCase=TestCaseDTO[testName=null, id=1551]], FeedbackDTO[id=1060, text=null, detailText=The exercise expects a class with the name Context in the package testpackage. You did not implement the class in the exercise., hasLongFeedbackText=false, reference=null, credits=0.0, positive=false, type=AUTOMATIC, visibility=ALWAYS, testCase=TestCaseDTO[testName=null, id=1547]], FeedbackDTO[id=1061, text=null, detailText=The exercise expects a class with the name Policy in the package testpackage. You did not implement the class in the exercise., hasLongFeedbackText=false, reference=null, credits=0.0, positive=false, type=AUTOMATIC, visibility=ALWAYS, testCase=TestCaseDTO[testName=null, id=1548]], FeedbackDTO[id=1062, text=null, detailText=null, hasLongFeedbackText=false, reference=null, credits=3.230769230769231, positive=true, type=AUTOMATIC, visibility=ALWAYS, testCase=TestCaseDTO[testName=null, id=1558]]], assessmentType=AUTOMATIC, hasComplaint=null, exampleResult=null, testCaseCount=13, passedTestCaseCount=1, codeIssueCount=0]], BuildJobQueueItem[id=20631739576764096, name=SHORT4DC244B40E51904DBF09D1D07EFB51569A98T9E7-BASE, buildAgent=BuildAgentDTO[name=artemis-build-agent-test, memberAddress=[127.0.0.1]:5703, displayName=artemis-build-agent-test], participationId=2063, courseId=1004, exerciseId=2622, retryCount=0, priority=2, status=SUCCESSFUL, repositoryInfo=RepositoryInfo[repositoryName=short4dc244b40e51904dbf09d1d07efb51569a98t9e7-exercise, repositoryType=exercise, triggeredByPushTo=exercise, assignmentRepositoryUri=http://localhost:49152/git/SHORT4DC244B40E51904DBF09D1D07EFB51569A98T9E7/short4dc244b40e51904dbf09d1d07efb51569a98t9e7-exercise.git, testRepositoryUri=http://localhost:49152/git/SHORT4DC244B40E51904DBF09D1D07EFB51569A98T9E7/short4dc244b40e51904dbf09d1d07efb51569a98t9e7-tests.git, solutionRepositoryUri=null, auxiliaryRepositoryUris=[Ljava.lang.String;@ec97ecf, auxiliaryRepositoryCheckoutDirectories=[Ljava.lang.String;@15932a4e], jobTimingInfo=JobTimingInfo[submissionDate=2025-02-14T23:46:04.096728486Z[Etc/UTC], buildStartDate=2025-02-14T23:46:04.102262636Z[Etc/UTC], buildCompletionDate=2025-02-14T23:46:05.226227728Z[Etc/UTC], estimatedCompletionDate=2025-02-14T23:46:23.102258508Z[Etc/UTC], estimatedDuration=19], buildConfig=BuildConfig[buildScript=#!/bin/bash
cd /var/tmp/testing-dir
Some script, dockerImage=dummy-docker-image, commitHashToBuild=null, assignmentCommitHash=c012d390834ea02544e9b3baca8f528ff58cb582, testCommitHash=106892b5032dbcc929f32d283777eb646a0a7ab0, branch=main, programmingLanguage=JAVA, projectType=PLAIN_GRADLE, scaEnabled=false, sequentialTestRunsEnabled=false, resultPaths=[/var/tmp/testing-dir/**/test-results/test/*.xml], timeoutSeconds=0, assignmentCheckoutPath=null, testCheckoutPath=null, solutionCheckoutPath=null, dockerRunConfig=null], submissionResult=ResultDTO[id=643, completionDate=2025-02-14T23:46:05.207991505Z[Etc/UTC], successful=false, score=0.0, rated=true, submission=SubmissionDTO[id=838, submitted=false, type=INSTRUCTOR, exampleSubmission=null, submissionDate=2025-02-14T23:46:04.057795Z, commitHash=c012d390834ea02544e9b3baca8f528ff58cb582, buildFailed=false, buildArtifact=false, participation=ParticipationDTO[id=2063, testRun=false, type=template, submissionCount=null, exercise=ParticipationExerciseDTO[id=2622, exerciseType=PROGRAMMING, type=programming, assessmentType=SEMI_AUTOMATIC, dueDate=2025-02-21T23:46:03.542650Z, assessmentDueDate=null, maxPoints=5.0, course=CourseDTO[id=1004, accuracyOfScores=1]]], submissionExerciseType=programming, isProcessing=false, buildStartDate=null, estimatedCompletionDate=null], participation=ParticipationDTO[id=2063, testRun=false, type=template, submissionCount=null, exercise=ParticipationExerciseDTO[id=2622, exerciseType=PROGRAMMING, type=programming, assessmentType=SEMI_AUTOMATIC, dueDate=2025-02-21T23:46:03.542650Z, assessmentDueDate=null, maxPoints=5.0, course=CourseDTO[id=1004, accuracyOfScores=1]]], feedbacks=[FeedbackDTO[id=1063, text=testMethods[Context], detailText=The exercise expects a class with the name Context in the package testpackage. You did not implement the class in the exercise., hasLongFeedbackText=false, reference=null, credits=null, positive=false, type=AUTOMATIC, visibility=null, testCase=null], FeedbackDTO[id=1064, text=testMethods[Policy], detailText=The exercise expects a class with the name Policy in the package testpackage. You did not implement the class in the exercise., hasLongFeedbackText=false, reference=null, credits=null, positive=false, type=AUTOMATIC, visibility=null, testCase=null], FeedbackDTO[id=1065, text=testMethods[SortStrategy], detailText=The exercise expects a class with the name SortStrategy in the package testpackage. You did not implement the class in the exercise., hasLongFeedbackText=false, reference=null, credits=null, positive=false, type=AUTOMATIC, visibility=null, testCase=null], FeedbackDTO[id=1066, text=testClass[MergeSort], detailText=The class 'MergeSort' does not implement the interface 'SortStrategy' as expected. Implement the interface and its methods., hasLongFeedbackText=false, reference=null, credits=null, positive=false, type=AUTOMATIC, visibility=null, testCase=null], FeedbackDTO[id=1067, text=testClass[SortStrategy], detailText=The exercise expects a class with the name SortStrategy in the package testpackage. You did not implement the class in the exercise., hasLongFeedbackText=false, reference=null, credits=null, positive=false, type=AUTOMATIC, visibility=null, testCase=null], FeedbackDTO[id=1068, text=testClass[BubbleSort], detailText=The class 'BubbleSort' does not implement the interface 'SortStrategy' as expected. Implement the interface and its methods., hasLongFeedbackText=false, reference=null, credits=null, positive=false, type=AUTOMATIC, visibility=null, testCase=null], FeedbackDTO[id=1069, text=testMergeSort(), detailText=MergeSort does not sort correctly, hasLongFeedbackText=false, reference=null, credits=null, positive=false, type=AUTOMATIC, visibility=null, testCase=null], FeedbackDTO[id=1070, text=testUseBubbleSortForSmallList(), detailText=The class 'Context' was not found within the submission. Make sure to implement it properly., hasLongFeedbackText=false, reference=null, credits=null, positive=false, type=AUTOMATIC, visibility=null, testCase=null], FeedbackDTO[id=1071, text=testBubbleSort(), detailText=BubbleSort does not sort correctly, hasLongFeedbackText=false, reference=null, credits=null, positive=false, type=AUTOMATIC, visibility=null, testCase=null], FeedbackDTO[id=1072, text=testUseMergeSortForBigList(), detailText=The class 'Context' was not found within the submission. Make sure to implement it properly., hasLongFeedbackText=false, reference=null, credits=null, positive=false, type=AUTOMATIC, visibility=null, testCase=null], FeedbackDTO[id=1073, text=testConstructors[Policy], detailText=The exercise expects a class with the name Policy in the package testpackage. You did not implement the class in the exercise., hasLongFeedbackText=false, reference=null, credits=null, positive=false, type=AUTOMATIC, visibility=null, testCase=null], FeedbackDTO[id=1074, text=testAttributes[Context], detailText=The exercise expects a class with the name Context in the package testpackage. You did not implement the class in the exercise., hasLongFeedbackText=false, reference=null, credits=null, positive=false, type=AUTOMATIC, visibility=null, testCase=null], FeedbackDTO[id=1075, text=testAttributes[Policy], detailText=The exercise expects a class with the name Policy in the package testpackage. You did not implement the class in the exercise., hasLongFeedbackText=false, reference=null, credits=null, positive=false, type=AUTOMATIC, visibility=null, testCase=null]], assessmentType=AUTOMATIC, hasComplaint=null, exampleResult=null, testCaseCount=13, passedTestCaseCount=0, codeIssueCount=0]], BuildJobQueueItem[id=20641739576764112, name=SHORT4DC244B40E51904DBF09D1D07EFB51569A98T9E7-SOLUTION, buildAgent=BuildAgentDTO[name=artemis-build-agent-test, memberAddress=[127.0.0.1]:5703, displayName=artemis-build-agent-test], participationId=2064, courseId=1004, exerciseId=2622, retryCount=0, priority=2, status=SUCCESSFUL, repositoryInfo=RepositoryInfo[repositoryName=short4dc244b40e51904dbf09d1d07efb51569a98t9e7-solution, repositoryType=solution, triggeredByPushTo=solution, assignmentRepositoryUri=http://localhost:49152/git/SHORT4DC244B40E51904DBF09D1D07EFB51569A98T9E7/short4dc244b40e51904dbf09d1d07efb51569a98t9e7-solution.git, testRepositoryUri=http://localhost:49152/git/SHORT4DC244B40E51904DBF09D1D07EFB51569A98T9E7/short4dc244b40e51904dbf09d1d07efb51569a98t9e7-tests.git, solutionRepositoryUri=null, auxiliaryRepositoryUris=[Ljava.lang.String;@18e89f1, auxiliaryRepositoryCheckoutDirectories=[Ljava.lang.String;@2d7332a6], jobTimingInfo=JobTimingInfo[submissionDate=2025-02-14T23:46:04.112126913Z[Etc/UTC], buildStartDate=2025-02-14T23:46:05.232264507Z[Etc/UTC], buildCompletionDate=2025-02-14T23:46:06.182915498Z[Etc/UTC], estimatedCompletionDate=2025-02-14T23:46:24.232260149Z[Etc/UTC], estimatedDuration=19], buildConfig=BuildConfig[buildScript=#!/bin/bash
cd /var/tmp/testing-dir
Some script, dockerImage=dummy-docker-image, commitHashToBuild=null, assignmentCommitHash=221330b9b164316cadedcd1505ff3260d90e6691, testCommitHash=106892b5032dbcc929f32d283777eb646a0a7ab0, branch=main, programmingLanguage=JAVA, projectType=PLAIN_GRADLE, scaEnabled=false, sequentialTestRunsEnabled=false, resultPaths=[/var/tmp/testing-dir/**/test-results/test/*.xml], timeoutSeconds=0, assignmentCheckoutPath=null, testCheckoutPath=null, solutionCheckoutPath=null, dockerRunConfig=null], submissionResult=ResultDTO[id=644, completionDate=2025-02-14T23:46:06.169385846Z[Etc/UTC], successful=true, score=100.0, rated=true, submission=SubmissionDTO[id=837, submitted=false, type=INSTRUCTOR, exampleSubmission=null, submissionDate=2025-02-14T23:46:04.038689Z, commitHash=221330b9b164316cadedcd1505ff3260d90e6691, buildFailed=false, buildArtifact=false, participation=ParticipationDTO[id=2064, testRun=false, type=solution, submissionCount=null, exercise=ParticipationExerciseDTO[id=2622, exerciseType=PROGRAMMING, type=programming, assessmentType=SEMI_AUTOMATIC, dueDate=2025-02-21T23:46:03.542650Z, assessmentDueDate=null, maxPoints=5.0, course=CourseDTO[id=1004, accuracyOfScores=1]]], submissionExerciseType=programming, isProcessing=false, buildStartDate=null, estimatedCompletionDate=null], participation=ParticipationDTO[id=2064, testRun=false, type=solution, submissionCount=null, exercise=ParticipationExerciseDTO[id=2622, exerciseType=PROGRAMMING, type=programming, assessmentType=SEMI_AUTOMATIC, dueDate=2025-02-21T23:46:03.542650Z, assessmentDueDate=null, maxPoints=5.0, course=CourseDTO[id=1004, accuracyOfScores=1]]], feedbacks=[FeedbackDTO[id=1076, text=null, detailText=null, hasLongFeedbackText=false, reference=null, credits=0.38461538461538464, positive=true, type=AUTOMATIC, visibility=ALWAYS, testCase=TestCaseDTO[testName=testMethods[Context], id=1612]], FeedbackDTO[id=1077, text=null, detailText=null, hasLongFeedbackText=false, reference=null, credits=0.38461538461538464, positive=true, type=AUTOMATIC, visibility=ALWAYS, testCase=TestCaseDTO[testName=testMethods[Policy], id=1611]], FeedbackDTO[id=1078, text=null, detailText=null, hasLongFeedbackText=false, reference=null, credits=0.38461538461538464, positive=true, type=AUTOMATIC, visibility=ALWAYS, testCase=TestCaseDTO[testName=testMethods[SortStrategy], id=1613]], FeedbackDTO[id=1079, text=null, detailText=null, hasLongFeedbackText=false, reference=null, credits=0.38461538461538464, positive=true, type=AUTOMATIC, visibility=ALWAYS, testCase=TestCaseDTO[testName=testClass[MergeSort], id=1614]], FeedbackDTO[id=1080, text=null, detailText=null, hasLongFeedbackText=false, reference=null, credits=0.38461538461538464, positive=true, type=AUTOMATIC, visibility=ALWAYS, testCase=TestCaseDTO[testName=testClass[SortStrategy], id=1617]], FeedbackDTO[id=1081, text=null, detailText=null, hasLongFeedbackText=false, reference=null, credits=0.38461538461538464, positive=true, type=AUTOMATIC, visibility=ALWAYS, testCase=TestCaseDTO[testName=testClass[BubbleSort], id=1618]], FeedbackDTO[id=1082, text=null, detailText=null, hasLongFeedbackText=false, reference=null, credits=0.38461538461538464, positive=true, type=AUTOMATIC, visibility=ALWAYS, testCase=TestCaseDTO[testName=testMergeSort(), id=1620]], FeedbackDTO[id=1083, text=null, detailText=null, hasLongFeedbackText=false, reference=null, credits=0.38461538461538464, positive=true, type=AUTOMATIC, visibility=ALWAYS, testCase=TestCaseDTO[testName=testUseBubbleSortForSmallList(), id=1622]], FeedbackDTO[id=1084, text=null, detailText=null, hasLongFeedbackText=false, reference=null, credits=0.38461538461538464, positive=true, type=AUTOMATIC, visibility=ALWAYS, testCase=TestCaseDTO[testName=testBubbleSort(), id=1615]], FeedbackDTO[id=1085, text=null, detailText=null, hasLongFeedbackText=false, reference=null, credits=0.38461538461538464, positive=true, type=AUTOMATIC, visibility=ALWAYS, testCase=TestCaseDTO[testName=testUseMergeSortForBigList(), id=1619]], FeedbackDTO[id=1086, text=null, detailText=null, hasLongFeedbackText=false, reference=null, credits=0.38461538461538464, positive=true, type=AUTOMATIC, visibility=ALWAYS, testCase=TestCaseDTO[testName=testConstructors[Policy], id=1623]], FeedbackDTO[id=1087, text=null, detailText=null, hasLongFeedbackText=false, reference=null, credits=0.38461538461538464, positive=true, type=AUTOMATIC, visibility=ALWAYS, testCase=TestCaseDTO[testName=testAttributes[Context], id=1616]], FeedbackDTO[id=1088, text=null, detailText=null, hasLongFeedbackText=false, reference=null, credits=0.38461538461538464, positive=true, type=AUTOMATIC, visibility=ALWAYS, testCase=TestCaseDTO[testName=testAttributes[Policy], id=1621]]], assessmentType=AUTOMATIC, hasComplaint=null, exampleResult=null, testCaseCount=13, passedTestCaseCount=13, codeIssueCount=0]], BuildJobQueueItem[id=20711739576769873, name=SHORT119ADC0203685047B60A48204B1EA14EB29EIMPORTED-BASE, buildAgent=BuildAgentDTO[name=artemis-build-agent-test, memberAddress=[127.0.0.1]:5703, displayName=artemis-build-agent-test], participationId=2071, courseId=1007, exerciseId=2625, retryCount=0, priority=2, status=SUCCESSFUL, repositoryInfo=RepositoryInfo[repositoryName=short119adc0203685047b60a48204b1ea14eb29eimported-exercise, repositoryType=exercise, triggeredByPushTo=exercise, assignmentRepositoryUri=http://localhost:49152/git/SHORT119ADC0203685047B60A48204B1EA14EB29EIMPORTED/short119adc0203685047b60a48204b1ea14eb29eimported-exercise.git, testRepositoryUri=http://localhost:49152/git/SHORT119ADC0203685047B60A48204B1EA14EB29EIMPORTED/short119adc0203685047b60a48204b1ea14eb29eimported-tests.git, solutionRepositoryUri=null, auxiliaryRepositoryUris=[Ljava.lang.String;@68890ec1, auxiliaryRepositoryCheckoutDirectories=[Ljava.lang.String;@644488c4], jobTimingInfo=JobTimingInfo[submissionDate=2025-02-14T23:46:09.873880717Z[Etc/UTC], buildStartDate=2025-02-14T23:46:09.877078790Z[Etc/UTC], buildCompletionDate=2025-02-14T23:46:11.190344481Z[Etc/UTC], estimatedCompletionDate=2025-02-14T23:46:28.877074652Z[Etc/UTC], estimatedDuration=19], buildConfig=BuildConfig[buildScript=#!/bin/bash
cd /var/tmp/testing-dir
chmod +x ./gradlew
./gradlew clean test
, dockerImage=dummy-docker-image, commitHashToBuild=null, assignmentCommitHash=fdf5d18917d97180fa8cd8dbe85fef02e40bdd6d, testCommitHash=fdf5d18917d97180fa8cd8dbe85fef02e40bdd6d, branch=main, programmingLanguage=JAVA, projectType=PLAIN_GRADLE, scaEnabled=false, sequentialTestRunsEnabled=false, resultPaths=[/var/tmp/testing-dir/**/test-results/test/*.xml], timeoutSeconds=0, assignmentCheckoutPath=null, testCheckoutPath=null, solutionCheckoutPath=null, dockerRunConfig=null], submissionResult=ResultDTO[id=645, completionDate=2025-02-14T23:46:11.157476754Z[Etc/UTC], successful=false, score=0.0, rated=true, submission=SubmissionDTO[id=839, submitted=true, type=MANUAL, exampleSubmission=null, submissionDate=2025-02-14T23:46:07.288584092Z[Etc/UTC], commitHash=fdf5d18917d97180fa8cd8dbe85fef02e40bdd6d, buildFailed=false, buildArtifact=false, participation=ParticipationDTO[id=2071, testRun=false, type=template, submissionCount=null, exercise=ParticipationExerciseDTO[id=2625, exerciseType=PROGRAMMING, type=programming, assessmentType=AUTOMATIC, dueDate=2025-02-16T23:46:09.110273Z, assessmentDueDate=null, maxPoints=42.0, course=CourseDTO[id=1007, accuracyOfScores=1]]], submissionExerciseType=programming, isProcessing=false, buildStartDate=null, estimatedCompletionDate=null], participation=ParticipationDTO[id=2071, testRun=false, type=template, submissionCount=null, exercise=ParticipationExerciseDTO[id=2625, exerciseType=PROGRAMMING, type=programming, assessmentType=AUTOMATIC, dueDate=2025-02-16T23:46:09.110273Z, assessmentDueDate=null, maxPoints=42.0, course=CourseDTO[id=1007, accuracyOfScores=1]]], feedbacks=[FeedbackDTO[id=1089, text=testMethods[Context], detailText=The exercise expects a class with the name Context in the package testpackage. You did not implement the class in the exercise., hasLongFeedbackText=false, reference=null, credits=null, positive=false, type=AUTOMATIC, visibility=null, testCase=null], FeedbackDTO[id=1090, text=testMethods[Policy], detailText=The exercise expects a class with the name Policy in the package testpackage. You did not implement the class in the exercise., hasLongFeedbackText=false, reference=null, credits=null, positive=false, type=AUTOMATIC, visibility=null, testCase=null], FeedbackDTO[id=1091, text=testMethods[SortStrategy], detailText=The exercise expects a class with the name SortStrategy in the package testpackage. You did not implement the class in the exercise., hasLongFeedbackText=false, reference=null, credits=null, positive=false, type=AUTOMATIC, visibility=null, testCase=null], FeedbackDTO[id=1092, text=testClass[MergeSort], detailText=The class 'MergeSort' does not implement the interface 'SortStrategy' as expected. Implement the interface and its methods., hasLongFeedbackText=false, reference=null, credits=null, positive=false, type=AUTOMATIC, visibility=null, testCase=null], FeedbackDTO[id=1093, text=testClass[SortStrategy], detailText=The exercise expects a class with the name SortStrategy in the package testpackage. You did not implement the class in the exercise., hasLongFeedbackText=false, reference=null, credits=null, positive=false, type=AUTOMATIC, visibility=null, testCase=null], FeedbackDTO[id=1094, text=testClass[BubbleSort], detailText=The class 'BubbleSort' does not implement the interface 'SortStrategy' as expected. Implement the interface and its methods., hasLongFeedbackText=false, reference=null, credits=null, positive=false, type=AUTOMATIC, visibility=null, testCase=null], FeedbackDTO[id=1095, text=testMergeSort(), detailText=MergeSort does not sort correctly, hasLongFeedbackText=false, reference=null, credits=null, positive=false, type=AUTOMATIC, visibility=null, testCase=null], FeedbackDTO[id=1096, text=testUseBubbleSortForSmallList(), detailText=The class 'Context' was not found within the submission. Make sure to implement it properly., hasLongFeedbackText=false, reference=null, credits=null, positive=false, type=AUTOMATIC, visibility=null, testCase=null], FeedbackDTO[id=1097, text=testBubbleSort(), detailText=BubbleSort does not sort correctly, hasLongFeedbackText=false, reference=null, credits=null, positive=false, type=AUTOMATIC, visibility=null, testCase=null], FeedbackDTO[id=1098, text=testUseMergeSortForBigList(), detailText=The class 'Context' was not found within the submission. Make sure to implement it properly., hasLongFeedbackText=false, reference=null, credits=null, positive=false, type=AUTOMATIC, visibility=null, testCase=null], FeedbackDTO[id=1099, text=testConstructors[Policy], detailText=The exercise expects a class with the name Policy in the package testpackage. You did not implement the class in the exercise., hasLongFeedbackText=false, reference=null, credits=null, positive=false, type=AUTOMATIC, visibility=null, testCase=null], FeedbackDTO[id=1100, text=testAttributes[Context], detailText=The exercise expects a class with the name Context in the package testpackage. You did not implement the class in the exercise., hasLongFeedbackText=false, reference=null, credits=null, positive=false, type=AUTOMATIC, visibility=null, testCase=null], FeedbackDTO[id=1101, text=testAttributes[Policy], detailText=The exercise expects a class with the name Policy in the package testpackage. You did not implement the class in the exercise., hasLongFeedbackText=false, reference=null, credits=null, positive=false, type=AUTOMATIC, visibility=null, testCase=null]], assessmentType=AUTOMATIC, hasComplaint=null, exampleResult=null, testCaseCount=13, passedTestCaseCount=0, codeIssueCount=0]], BuildJobQueueItem[id=20721739576769890, name=SHORT119ADC0203685047B60A48204B1EA14EB29EIMPORTED-SOLUTION, buildAgent=BuildAgentDTO[name=artemis-build-agent-test, memberAddress=[127.0.0.1]:5703, displayName=artemis-build-agent-test], participationId=2072, courseId=1007, exerciseId=2625, retryCount=0, priority=2, status=SUCCESSFUL, repositoryInfo=RepositoryInfo[repositoryName=short119adc0203685047b60a48204b1ea14eb29eimported-solution, repositoryType=solution, triggeredByPushTo=solution, assignmentRepositoryUri=http://localhost:49152/git/SHORT119ADC0203685047B60A48204B1EA14EB29EIMPORTED/short119adc0203685047b60a48204b1ea14eb29eimported-solution.git, testRepositoryUri=http://localhost:49152/git/SHORT119ADC0203685047B60A48204B1EA14EB29EIMPORTED/short119adc0203685047b60a48204b1ea14eb29eimported-tests.git, solutionRepositoryUri=null, auxiliaryRepositoryUris=[Ljava.lang.String;@11f054bc, auxiliaryRepositoryCheckoutDirectories=[Ljava.lang.String;@25a2a226], jobTimingInfo=JobTimingInfo[submissionDate=2025-02-14T23:46:09.890822804Z[Etc/UTC], buildStartDate=2025-02-14T23:46:11.208247329Z[Etc/UTC], buildCompletionDate=2025-02-14T23:46:12.589293923Z[Etc/UTC], estimatedCompletionDate=2025-02-14T23:46:30.208240637Z[Etc/UTC], estimatedDuration=19], buildConfig=BuildConfig[buildScript=#!/bin/bash
cd /var/tmp/testing-dir
chmod +x ./gradlew
./gradlew clean test
, dockerImage=dummy-docker-image, commitHashToBuild=null, assignmentCommitHash=fdf5d18917d97180fa8cd8dbe85fef02e40bdd6d, testCommitHash=fdf5d18917d97180fa8cd8dbe85fef02e40bdd6d, branch=main, programmingLanguage=JAVA, projectType=PLAIN_GRADLE, scaEnabled=false, sequentialTestRunsEnabled=false, resultPaths=[/var/tmp/testing-dir/**/test-results/test/*.xml], timeoutSeconds=0, assignmentCheckoutPath=null, testCheckoutPath=null, solutionCheckoutPath=null, dockerRunConfig=null], submissionResult=null]], publicSshKey=ssh-rsa AAAAB3NzaC1yc2EAAAADAQABAAACAQCOPdMsxRE2jFJ/UEa5/LsBxtwzJcrh3/rYBCQvcMeVpiRfhzQPWu7mrt/G2Ew+i+vRloGH9aqKg6dd1liRncao53Zmd/ePxoatXePNhmzTfkCkcSkTUz7B+QMjkoDDV5jwuFPD6mF3JkhuzSi64n9Zy905t4w2IhVcjM2mL3eYNjiCXt6Qpq3Pkt7dM/Ksw1nxnvuiIALuJLB3FTkXkHqq3PJav+9HSq2r6ZaWgekneaGxlQlb+U+Vy3XOuArKAzK8c8i+0bR+AHiTG6ncYXt7ax3U+TdlDTF7OLP3umwaYjs1NBXOHwG42pevvpKn2fqavZZozk+M05jXLx3bq0O7itxfErWc7etky8qYPyyIMF/txQIVLd78+Ze4d7Y60t5MGbXM5cGE6fFif5fEJwgswXD+BrG0cafz1CTatjSKFdvp8Vp4VszXhHDan1PrP6JEFJ5Cc5GDmLRZPCFa3vL9f5qXgf4bkqKN8MYeEujwJE5nMRWoiJVNakix2bcrrneQMBlnYeYZVWXXXUusAQBzl4NgddC1umZpihZkL1b1MffZAUW3EGEXi7KHnllQhkTLLsQ8ntMgbylqaJKStqaXlLvdeRJcEnUuiFCrHEVVbXRFZR7XVDZ02CE5o3MuaRPty8Kh+jRTF3COlAckHwYEJCNNJvXFgb2CNXL4mjzYDw== test@localhost]
    23:46:12.893 | 566 localvc.event-13 | DEBUG | s.l.LocalCIWebsocketMessagingService : Sending message on topic /topic/admin/build-agents: [BuildAgentInformation[buildAgent=BuildAgentDTO[name=artemis-build-agent-test, memberAddress=[127.0.0.1]:5703, displayName=artemis-build-agent-test], maxNumberOfConcurrentBuildJobs=1, numberOfCurrentBuildJobs=0, runningBuildJobs=[], status=IDLE, recentBuildJobs=null, publicSshKey=null]]
    23:46:12.895 | 566 localvc.event-13 | DEBUG | s.l.LocalCIWebsocketMessagingService : Sending message on topic /topic/admin/build-agent/artemis-build-agent-test: BuildAgentInformation[buildAgent=BuildAgentDTO[name=artemis-build-agent-test, memberAddress=[127.0.0.1]:5703, displayName=artemis-build-agent-test], maxNumberOfConcurrentBuildJobs=1, numberOfCurrentBuildJobs=0, runningBuildJobs=[], status=IDLE, recentBuildJobs=[BuildJobQueueItem[id=19581739576715555, name=SHORTC1A3F9FC03D2304B4308FA20AF16D54AAA49TSTEXC-LOCALVCSSHINTSTUDENT1, buildAgent=BuildAgentDTO[name=artemis-build-agent-test, memberAddress=[127.0.0.1]:5703, displayName=artemis-build-agent-test], participationId=1958, courseId=965, exerciseId=2582, retryCount=0, priority=2, status=FAILED, repositoryInfo=RepositoryInfo[repositoryName=shortc1a3f9fc03d2304b4308fa20af16d54aaa49tstexc-localvcsshintstudent1, repositoryType=user, triggeredByPushTo=user, assignmentRepositoryUri=http://localhost:49152/git/SHORTC1A3F9FC03D2304B4308FA20AF16D54AAA49TSTEXC/shortc1a3f9fc03d2304b4308fa20af16d54aaa49tstexc-localvcsshintstudent1.git, testRepositoryUri=http://localhost:49152/git/SHORTC1A3F9FC03D2304B4308FA20AF16D54AAA49TSTEXC/shortc1a3f9fc03d2304b4308fa20af16d54aaa49tstexc-tests.git, solutionRepositoryUri=null, auxiliaryRepositoryUris=[Ljava.lang.String;@56790c29, auxiliaryRepositoryCheckoutDirectories=[Ljava.lang.String;@66fa2752], jobTimingInfo=JobTimingInfo[submissionDate=2025-02-14T23:45:15.555989584Z[Etc/UTC], buildStartDate=2025-02-14T23:45:15.568477627Z[Etc/UTC], buildCompletionDate=2025-02-14T23:45:15.579021148Z[Etc/UTC], estimatedCompletionDate=2025-02-14T23:45:34.568443924Z[Etc/UTC], estimatedDuration=19], buildConfig=BuildConfig[buildScript=#!/bin/bash
cd /var/tmp/testing-dir
chmod +x ./gradlew
./gradlew clean test
, dockerImage=dummy-docker-image:latest, commitHashToBuild=ca76dac20e040e6609db02fd7fedd56bf58829d7, assignmentCommitHash=ca76dac20e040e6609db02fd7fedd56bf58829d7, testCommitHash=bd0d58c226dc63bfa4bc9052870589952c0a1f83, branch=main, programmingLanguage=JAVA, projectType=PLAIN_GRADLE, scaEnabled=false, sequentialTestRunsEnabled=false, resultPaths=[/var/tmp/testing-dir/**/test-results/test/*.xml], timeoutSeconds=0, assignmentCheckoutPath=null, testCheckoutPath=null, solutionCheckoutPath=null, dockerRunConfig=null], submissionResult=ResultDTO[id=627, completionDate=2025-02-14T23:45:15.579119131Z[Etc/UTC], successful=false, score=0.0, rated=true, submission=SubmissionDTO[id=820, submitted=true, type=MANUAL, exampleSubmission=null, submissionDate=2025-02-14T23:45:15.548349Z, commitHash=ca76dac20e040e6609db02fd7fedd56bf58829d7, buildFailed=true, buildArtifact=false, participation=ParticipationDTO[id=1958, testRun=false, type=programming, submissionCount=null, exercise=ParticipationExerciseDTO[id=2582, exerciseType=PROGRAMMING, type=programming, assessmentType=AUTOMATIC, dueDate=2025-02-16T23:45:15.103512Z, assessmentDueDate=null, maxPoints=42.0, course=CourseDTO[id=965, accuracyOfScores=1]]], submissionExerciseType=programming, isProcessing=false, buildStartDate=null, estimatedCompletionDate=null], participation=ParticipationDTO[id=1958, testRun=false, type=programming, submissionCount=null, exercise=ParticipationExerciseDTO[id=2582, exerciseType=PROGRAMMING, type=programming, assessmentType=AUTOMATIC, dueDate=2025-02-16T23:45:15.103512Z, assessmentDueDate=null, maxPoints=42.0, course=CourseDTO[id=965, accuracyOfScores=1]]], feedbacks=[], assessmentType=AUTOMATIC, hasComplaint=null, exampleResult=null, testCaseCount=0, passedTestCaseCount=0, codeIssueCount=0]], BuildJobQueueItem[id=19801739576719393, name=SHORTB2A6C58B0D447045380A858075B170A5B7C6TSTEXC-LOCALVCSSHINTSTUDENT1, buildAgent=BuildAgentDTO[name=artemis-build-agent-test, memberAddress=[127.0.0.1]:5703, displayName=artemis-build-agent-test], participationId=1980, courseId=974, exerciseId=2591, retryCount=0, priority=2, status=FAILED, repositoryInfo=RepositoryInfo[repositoryName=shortb2a6c58b0d447045380a858075b170a5b7c6tstexc-localvcsshintstudent1, repositoryType=user, triggeredByPushTo=user, assignmentRepositoryUri=http://localhost:49152/git/SHORTB2A6C58B0D447045380A858075B170A5B7C6TSTEXC/shortb2a6c58b0d447045380a858075b170a5b7c6tstexc-localvcsshintstudent1.git, testRepositoryUri=http://localhost:49152/git/SHORTB2A6C58B0D447045380A858075B170A5B7C6TSTEXC/shortb2a6c58b0d447045380a858075b170a5b7c6tstexc-tests.git, solutionRepositoryUri=null, auxiliaryRepositoryUris=[Ljava.lang.String;@992db2f, auxiliaryRepositoryCheckoutDirectories=[Ljava.lang.String;@333b1c4e], jobTimingInfo=JobTimingInfo[submissionDate=2025-02-14T23:45:19.393259829Z[Etc/UTC], buildStartDate=2025-02-14T23:45:19.405438171Z[Etc/UTC], buildCompletionDate=2025-02-14T23:45:19.414070673Z[Etc/UTC], estimatedCompletionDate=2025-02-14T23:45:38.405431569Z[Etc/UTC], estimatedDuration=19], buildConfig=BuildConfig[buildScript=#!/bin/bash
cd /var/tmp/testing-dir
chmod +x ./gradlew
./gradlew clean test
, dockerImage=dummy-docker-image:latest, commitHashToBuild=363cdbf709a9fff149f813ab848ee800a675cc77, assignmentCommitHash=363cdbf709a9fff149f813ab848ee800a675cc77, testCommitHash=a5e046ece417b2e538f21f816e2524dab61e0d10, branch=main, programmingLanguage=JAVA, projectType=PLAIN_GRADLE, scaEnabled=false, sequentialTestRunsEnabled=false, resultPaths=[/var/tmp/testing-dir/**/test-results/test/*.xml], timeoutSeconds=0, assignmentCheckoutPath=null, testCheckoutPath=null, solutionCheckoutPath=null, dockerRunConfig=null], submissionResult=ResultDTO[id=628, completionDate=2025-02-14T23:45:19.414171040Z[Etc/UTC], successful=false, score=0.0, rated=true, submission=SubmissionDTO[id=821, submitted=true, type=MANUAL, exampleSubmission=null, submissionDate=2025-02-14T23:45:19.376840Z, commitHash=363cdbf709a9fff149f813ab848ee800a675cc77, buildFailed=true, buildArtifact=false, participation=ParticipationDTO[id=1980, testRun=false, type=programming, submissionCount=null, exercise=ParticipationExerciseDTO[id=2591, exerciseType=PROGRAMMING, type=programming, assessmentType=AUTOMATIC, dueDate=2025-02-16T23:45:18.950569Z, assessmentDueDate=null, maxPoints=42.0, course=CourseDTO[id=974, accuracyOfScores=1]]], submissionExerciseType=programming, isProcessing=false, buildStartDate=null, estimatedCompletionDate=null], participation=ParticipationDTO[id=1980, testRun=false, type=programming, submissionCount=null, exercise=ParticipationExerciseDTO[id=2591, exerciseType=PROGRAMMING, type=programming, assessmentType=AUTOMATIC, dueDate=2025-02-16T23:45:18.950569Z, assessmentDueDate=null, maxPoints=42.0, course=CourseDTO[id=974, accuracyOfScores=1]]], feedbacks=[], assessmentType=AUTOMATIC, hasComplaint=null, exampleResult=null, testCaseCount=0, passedTestCaseCount=0, codeIssueCount=0]], BuildJobQueueItem[id=19791739576719787, name=SHORTB2A6C58B0D447045380A858075B170A5B7C6TSTEXC-BASE, buildAgent=BuildAgentDTO[name=artemis-build-agent-test, memberAddress=[127.0.0.1]:5703, displayName=artemis-build-agent-test], participationId=1979, courseId=974, exerciseId=2591, retryCount=0, priority=2, status=FAILED, repositoryInfo=RepositoryInfo[repositoryName=shortb2a6c58b0d447045380a858075b170a5b7c6tstexc-exercise, repositoryType=exercise, triggeredByPushTo=exercise, assignmentRepositoryUri=http://localhost:49152/git/SHORTB2A6C58B0D447045380A858075B170A5B7C6TSTEXC/shortb2a6c58b0d447045380a858075b170a5b7c6tstexc-exercise.git, testRepositoryUri=http://localhost:49152/git/SHORTB2A6C58B0D447045380A858075B170A5B7C6TSTEXC/shortb2a6c58b0d447045380a858075b170a5b7c6tstexc-tests.git, solutionRepositoryUri=null, auxiliaryRepositoryUris=[Ljava.lang.String;@2dbd5644, auxiliaryRepositoryCheckoutDirectories=[Ljava.lang.String;@1aca2416], jobTimingInfo=JobTimingInfo[submissionDate=2025-02-14T23:45:19.787985058Z[Etc/UTC], buildStartDate=2025-02-14T23:45:19.796327417Z[Etc/UTC], buildCompletionDate=2025-02-14T23:45:19.799750982Z[Etc/UTC], estimatedCompletionDate=2025-02-14T23:45:38.796319082Z[Etc/UTC], estimatedDuration=19], buildConfig=BuildConfig[buildScript=#!/bin/bash
cd /var/tmp/testing-dir
chmod +x ./gradlew
./gradlew clean test
, dockerImage=dummy-docker-image:latest, commitHashToBuild=363cdbf709a9fff149f813ab848ee800a675cc77, assignmentCommitHash=363cdbf709a9fff149f813ab848ee800a675cc77, testCommitHash=a5e046ece417b2e538f21f816e2524dab61e0d10, branch=main, programmingLanguage=JAVA, projectType=PLAIN_GRADLE, scaEnabled=false, sequentialTestRunsEnabled=false, resultPaths=[/var/tmp/testing-dir/**/test-results/test/*.xml], timeoutSeconds=0, assignmentCheckoutPath=null, testCheckoutPath=null, solutionCheckoutPath=null, dockerRunConfig=null], submissionResult=ResultDTO[id=629, completionDate=2025-02-14T23:45:19.799820341Z[Etc/UTC], successful=false, score=0.0, rated=true, submission=SubmissionDTO[id=822, submitted=true, type=MANUAL, exampleSubmission=null, submissionDate=2025-02-14T23:45:19.775952Z, commitHash=363cdbf709a9fff149f813ab848ee800a675cc77, buildFailed=true, buildArtifact=false, participation=ParticipationDTO[id=1979, testRun=false, type=template, submissionCount=null, exercise=ParticipationExerciseDTO[id=2591, exerciseType=PROGRAMMING, type=programming, assessmentType=AUTOMATIC, dueDate=2025-02-16T23:45:18.950569Z, assessmentDueDate=null, maxPoints=42.0, course=CourseDTO[id=974, accuracyOfScores=1]]], submissionExerciseType=programming, isProcessing=false, buildStartDate=null, estimatedCompletionDate=null], participation=ParticipationDTO[id=1979, testRun=false, type=template, submissionCount=null, exercise=ParticipationExerciseDTO[id=2591, exerciseType=PROGRAMMING, type=programming, assessmentType=AUTOMATIC, dueDate=2025-02-16T23:45:18.950569Z, assessmentDueDate=null, maxPoints=42.0, course=CourseDTO[id=974, accuracyOfScores=1]]], feedbacks=[], assessmentType=AUTOMATIC, hasComplaint=null, exampleResult=null, testCaseCount=0, passedTestCaseCount=0, codeIssueCount=0]], BuildJobQueueItem[id=19781739576720235, name=SHORTB2A6C58B0D447045380A858075B170A5B7C6TSTEXC-SOLUTION, buildAgent=BuildAgentDTO[name=artemis-build-agent-test, memberAddress=[127.0.0.1]:5703, displayName=artemis-build-agent-test], participationId=1978, courseId=974, exerciseId=2591, retryCount=0, priority=2, status=FAILED, repositoryInfo=RepositoryInfo[repositoryName=shortb2a6c58b0d447045380a858075b170a5b7c6tstexc-solution, repositoryType=solution, triggeredByPushTo=solution, assignmentRepositoryUri=http://localhost:49152/git/SHORTB2A6C58B0D447045380A858075B170A5B7C6TSTEXC/shortb2a6c58b0d447045380a858075b170a5b7c6tstexc-solution.git, testRepositoryUri=http://localhost:49152/git/SHORTB2A6C58B0D447045380A858075B170A5B7C6TSTEXC/shortb2a6c58b0d447045380a858075b170a5b7c6tstexc-tests.git, solutionRepositoryUri=null, auxiliaryRepositoryUris=[Ljava.lang.String;@51edfc3, auxiliaryRepositoryCheckoutDirectories=[Ljava.lang.String;@6eac6a42], jobTimingInfo=JobTimingInfo[submissionDate=2025-02-14T23:45:20.235272325Z[Etc/UTC], buildStartDate=2025-02-14T23:45:20.243033812Z[Etc/UTC], buildCompletionDate=2025-02-14T23:45:20.250721018Z[Etc/UTC], estimatedCompletionDate=2025-02-14T23:45:39.243026949Z[Etc/UTC], estimatedDuration=19], buildConfig=BuildConfig[buildScript=#!/bin/bash
cd /var/tmp/testing-dir
chmod +x ./gradlew
./gradlew clean test
, dockerImage=dummy-docker-image:latest, commitHashToBuild=c710d0e68c9c7db8cda7d1a278308de2b9642cc0, assignmentCommitHash=c710d0e68c9c7db8cda7d1a278308de2b9642cc0, testCommitHash=a5e046ece417b2e538f21f816e2524dab61e0d10, branch=main, programmingLanguage=JAVA, projectType=PLAIN_GRADLE, scaEnabled=false, sequentialTestRunsEnabled=false, resultPaths=[/var/tmp/testing-dir/**/test-results/test/*.xml], timeoutSeconds=0, assignmentCheckoutPath=null, testCheckoutPath=null, solutionCheckoutPath=null, dockerRunConfig=null], submissionResult=ResultDTO[id=630, completionDate=2025-02-14T23:45:20.250809893Z[Etc/UTC], successful=false, score=0.0, rated=true, submission=SubmissionDTO[id=823, submitted=true, type=MANUAL, exampleSubmission=null, submissionDate=2025-02-14T23:45:20.211707Z, commitHash=c710d0e68c9c7db8cda7d1a278308de2b9642cc0, buildFailed=true, buildArtifact=false, participation=ParticipationDTO[id=1978, testRun=false, type=solution, submissionCount=null, exercise=ParticipationExerciseDTO[id=2591, exerciseType=PROGRAMMING, type=programming, assessmentType=AUTOMATIC, dueDate=2025-02-16T23:45:18.950569Z, assessmentDueDate=null, maxPoints=42.0, course=CourseDTO[id=974, accuracyOfScores=1]]], submissionExerciseType=programming, isProcessing=false, buildStartDate=null, estimatedCompletionDate=null], participation=ParticipationDTO[id=1978, testRun=false, type=solution, submissionCount=null, exercise=ParticipationExerciseDTO[id=2591, exerciseType=PROGRAMMING, type=programming, assessmentType=AUTOMATIC, dueDate=2025-02-16T23:45:18.950569Z, assessmentDueDate=null, maxPoints=42.0, course=CourseDTO[id=974, accuracyOfScores=1]]], feedbacks=[], assessmentType=AUTOMATIC, hasComplaint=null, exampleResult=null, testCaseCount=0, passedTestCaseCount=0, codeIssueCount=0]], BuildJobQueueItem[id=19781739576720802, name=SHORTB2A6C58B0D447045380A858075B170A5B7C6TSTEXC-SOLUTION, buildAgent=BuildAgentDTO[name=artemis-build-agent-test, memberAddress=[127.0.0.1]:5703, displayName=artemis-build-agent-test], participationId=1978, courseId=974, exerciseId=2591, retryCount=0, priority=2, status=FAILED, repositoryInfo=RepositoryInfo[repositoryName=shortb2a6c58b0d447045380a858075b170a5b7c6tstexc-solution, repositoryType=solution, triggeredByPushTo=tests, assignmentRepositoryUri=http://localhost:49152/git/SHORTB2A6C58B0D447045380A858075B170A5B7C6TSTEXC/shortb2a6c58b0d447045380a858075b170a5b7c6tstexc-solution.git, testRepositoryUri=http://localhost:49152/git/SHORTB2A6C58B0D447045380A858075B170A5B7C6TSTEXC/shortb2a6c58b0d447045380a858075b170a5b7c6tstexc-tests.git, solutionRepositoryUri=null, auxiliaryRepositoryUris=[Ljava.lang.String;@29641ea5, auxiliaryRepositoryCheckoutDirectories=[Ljava.lang.String;@6245750b], jobTimingInfo=JobTimingInfo[submissionDate=2025-02-14T23:45:20.802935026Z[Etc/UTC], buildStartDate=2025-02-14T23:45:20.809306435Z[Etc/UTC], buildCompletionDate=2025-02-14T23:45:20.822452342Z[Etc/UTC], estimatedCompletionDate=2025-02-14T23:45:39.809298491Z[Etc/UTC], estimatedDuration=19], buildConfig=BuildConfig[buildScript=#!/bin/bash
cd /var/tmp/testing-dir
chmod +x ./gradlew
./gradlew clean test
, dockerImage=dummy-docker-image:latest, commitHashToBuild=c710d0e68c9c7db8cda7d1a278308de2b9642cc0, assignmentCommitHash=c710d0e68c9c7db8cda7d1a278308de2b9642cc0, testCommitHash=c710d0e68c9c7db8cda7d1a278308de2b9642cc0, branch=main, programmingLanguage=JAVA, projectType=PLAIN_GRADLE, scaEnabled=false, sequentialTestRunsEnabled=false, resultPaths=[/var/tmp/testing-dir/**/test-results/test/*.xml], timeoutSeconds=0, assignmentCheckoutPath=null, testCheckoutPath=null, solutionCheckoutPath=null, dockerRunConfig=null], submissionResult=ResultDTO[id=631, completionDate=2025-02-14T23:45:20.822527362Z[Etc/UTC], successful=false, score=0.0, rated=true, submission=SubmissionDTO[id=824, submitted=true, type=TEST, exampleSubmission=null, submissionDate=2025-02-14T23:45:20.791240Z, commitHash=c710d0e68c9c7db8cda7d1a278308de2b9642cc0, buildFailed=true, buildArtifact=false, participation=ParticipationDTO[id=1978, testRun=false, type=solution, submissionCount=null, exercise=ParticipationExerciseDTO[id=2591, exerciseType=PROGRAMMING, type=programming, assessmentType=AUTOMATIC, dueDate=2025-02-16T23:45:18.950569Z, assessmentDueDate=null, maxPoints=42.0, course=CourseDTO[id=974, accuracyOfScores=1]]], submissionExerciseType=programming, isProcessing=false, buildStartDate=null, estimatedCompletionDate=null], participation=ParticipationDTO[id=1978, testRun=false, type=solution, submissionCount=null, exercise=ParticipationExerciseDTO[id=2591, exerciseType=PROGRAMMING, type=programming, assessmentType=AUTOMATIC, dueDate=2025-02-16T23:45:18.950569Z, assessmentDueDate=null, maxPoints=42.0, course=CourseDTO[id=974, accuracyOfScores=1]]], feedbacks=[], assessmentType=AUTOMATIC, hasComplaint=null, exampleResult=null, testCaseCount=0, passedTestCaseCount=0, codeIssueCount=0]], BuildJobQueueItem[id=20061739576732554, name=SHORT94A899E303D7504C5D0840704DAAFA3DFF4DTSTEXC-LOCALVCCIINTINSTRUCTOR1, buildAgent=BuildAgentDTO[name=artemis-build-agent-test, memberAddress=[127.0.0.1]:5703, displayName=artemis-build-agent-test], participationId=2006, courseId=984, exerciseId=2601, retryCount=0, priority=2, status=SUCCESSFUL, repositoryInfo=RepositoryInfo[repositoryName=short94a899e303d7504c5d0840704daafa3dff4dtstexc-localvcciintinstructor1, repositoryType=user, triggeredByPushTo=user, assignmentRepositoryUri=http://localhost:49152/git/SHORT94A899E303D7504C5D0840704DAAFA3DFF4DTSTEXC/short94a899e303d7504c5d0840704daafa3dff4dtstexc-localvcciintinstructor1.git, testRepositoryUri=http://localhost:49152/git/SHORT94A899E303D7504C5D0840704DAAFA3DFF4DTSTEXC/short94a899e303d7504c5d0840704daafa3dff4dtstexc-tests.git, solutionRepositoryUri=null, auxiliaryRepositoryUris=[Ljava.lang.String;@11565e47, auxiliaryRepositoryCheckoutDirectories=[Ljava.lang.String;@1ca5c855], jobTimingInfo=JobTimingInfo[submissionDate=2025-02-14T23:45:32.554795798Z[Etc/UTC], buildStartDate=2025-02-14T23:45:32.567287465Z[Etc/UTC], buildCompletionDate=2025-02-14T23:45:34.535226768Z[Etc/UTC], estimatedCompletionDate=2025-02-14T23:45:51.567257960Z[Etc/UTC], estimatedDuration=19], buildConfig=BuildConfig[buildScript=#!/bin/bash
cd /var/tmp/testing-dir
chmod +x ./gradlew
./gradlew clean test
, dockerImage=dummy-docker-image:latest, commitHashToBuild=ca2dbc0ae87edf7035058a6a17c0ea60e90a290f, assignmentCommitHash=ca2dbc0ae87edf7035058a6a17c0ea60e90a290f, testCommitHash=0207f6f98af5fbb66ad68455f3fc3cf128af8ae9, branch=main, programmingLanguage=JAVA, projectType=PLAIN_GRADLE, scaEnabled=false, sequentialTestRunsEnabled=false, resultPaths=[/var/tmp/testing-dir/**/test-results/test/*.xml], timeoutSeconds=0, assignmentCheckoutPath=null, testCheckoutPath=null, solutionCheckoutPath=null, dockerRunConfig=null], submissionResult=ResultDTO[id=632, completionDate=2025-02-14T23:45:34.504415716Z[Etc/UTC], successful=false, score=7.7, rated=false, submission=SubmissionDTO[id=826, submitted=true, type=MANUAL, exampleSubmission=null, submissionDate=2025-02-14T23:45:32.541533Z, commitHash=ca2dbc0ae87edf7035058a6a17c0ea60e90a290f, buildFailed=false, buildArtifact=false, participation=ParticipationDTO[id=2006, testRun=true, type=programming, submissionCount=null, exercise=ParticipationExerciseDTO[id=2601, exerciseType=PROGRAMMING, type=programming, assessmentType=AUTOMATIC, dueDate=2025-02-16T23:45:31.864042Z, assessmentDueDate=null, maxPoints=42.0, course=CourseDTO[id=984, accuracyOfScores=1]]], submissionExerciseType=programming, isProcessing=false, buildStartDate=null, estimatedCompletionDate=null], participation=ParticipationDTO[id=2006, testRun=true, type=programming, submissionCount=null, exercise=ParticipationExerciseDTO[id=2601, exerciseType=PROGRAMMING, type=programming, assessmentType=AUTOMATIC, dueDate=2025-02-16T23:45:31.864042Z, assessmentDueDate=null, maxPoints=42.0, course=CourseDTO[id=984, accuracyOfScores=1]]], feedbacks=[FeedbackDTO[id=920, text=null, detailText=The exercise expects a class with the name Context in the package testpackage. You did not implement the class in the exercise., hasLongFeedbackText=false, reference=null, credits=0.0, positive=false, type=AUTOMATIC, visibility=ALWAYS, testCase=TestCaseDTO[testName=null, id=1357]], FeedbackDTO[id=921, text=null, detailText=The exercise expects a class with the name Policy in the package testpackage. You did not implement the class in the exercise., hasLongFeedbackText=false, reference=null, credits=0.0, positive=false, type=AUTOMATIC, visibility=ALWAYS, testCase=TestCaseDTO[testName=null, id=1358]], FeedbackDTO[id=922, text=null, detailText=The exercise expects a class with the name SortStrategy in the package testpackage. You did not implement the class in the exercise., hasLongFeedbackText=false, reference=null, credits=0.0, positive=false, type=AUTOMATIC, visibility=ALWAYS, testCase=TestCaseDTO[testName=null, id=1359]], FeedbackDTO[id=923, text=null, detailText=The class 'MergeSort' does not implement the interface 'SortStrategy' as expected. Implement the interface and its methods., hasLongFeedbackText=false, reference=null, credits=0.0, positive=false, type=AUTOMATIC, visibility=ALWAYS, testCase=TestCaseDTO[testName=null, id=1354]], FeedbackDTO[id=924, text=null, detailText=The exercise expects a class with the name SortStrategy in the package testpackage. You did not implement the class in the exercise., hasLongFeedbackText=false, reference=null, credits=0.0, positive=false, type=AUTOMATIC, visibility=ALWAYS, testCase=TestCaseDTO[testName=null, id=1351]], FeedbackDTO[id=925, text=null, detailText=The class 'BubbleSort' does not implement the interface 'SortStrategy' as expected. Implement the interface and its methods., hasLongFeedbackText=false, reference=null, credits=0.0, positive=false, type=AUTOMATIC, visibility=ALWAYS, testCase=TestCaseDTO[testName=null, id=1355]], FeedbackDTO[id=926, text=null, detailText=MergeSort does not sort correctly, hasLongFeedbackText=false, reference=null, credits=0.0, positive=false, type=AUTOMATIC, visibility=ALWAYS, testCase=TestCaseDTO[testName=null, id=1360]], FeedbackDTO[id=927, text=null, detailText=The class 'Context' was not found within the submission. Make sure to implement it properly., hasLongFeedbackText=false, reference=null, credits=0.0, positive=false, type=AUTOMATIC, visibility=ALWAYS, testCase=TestCaseDTO[testName=null, id=1361]], FeedbackDTO[id=928, text=null, detailText=The class 'Context' was not found within the submission. Make sure to implement it properly., hasLongFeedbackText=false, reference=null, credits=0.0, positive=false, type=AUTOMATIC, visibility=ALWAYS, testCase=TestCaseDTO[testName=null, id=1362]], FeedbackDTO[id=929, text=null, detailText=The exercise expects a class with the name Policy in the package testpackage. You did not implement the class in the exercise., hasLongFeedbackText=false, reference=null, credits=0.0, positive=false, type=AUTOMATIC, visibility=ALWAYS, testCase=TestCaseDTO[testName=null, id=1356]], FeedbackDTO[id=930, text=null, detailText=The exercise expects a class with the name Context in the package testpackage. You did not implement the class in the exercise., hasLongFeedbackText=false, reference=null, credits=0.0, positive=false, type=AUTOMATIC, visibility=ALWAYS, testCase=TestCaseDTO[testName=null, id=1352]], FeedbackDTO[id=931, text=null, detailText=The exercise expects a class with the name Policy in the package testpackage. You did not implement the class in the exercise., hasLongFeedbackText=false, reference=null, credits=0.0, positive=false, type=AUTOMATIC, visibility=ALWAYS, testCase=TestCaseDTO[testName=null, id=1353]], FeedbackDTO[id=932, text=null, detailText=null, hasLongFeedbackText=false, reference=null, credits=3.230769230769231, positive=true, type=AUTOMATIC, visibility=ALWAYS, testCase=TestCaseDTO[testName=null, id=1363]]], assessmentType=AUTOMATIC, hasComplaint=null, exampleResult=null, testCaseCount=13, passedTestCaseCount=1, codeIssueCount=0]], BuildJobQueueItem[id=20111739576737317, name=SHORTD49A6DAE04F9E049850BD5601663FD17A5B7TSTEXC-BASE, buildAgent=BuildAgentDTO[name=artemis-build-agent-test, memberAddress=[127.0.0.1]:5703, displayName=artemis-build-agent-test], participationId=2011, courseId=986, exerciseId=2603, retryCount=0, priority=2, status=SUCCESSFUL, repositoryInfo=RepositoryInfo[repositoryName=shortd49a6dae04f9e049850bd5601663fd17a5b7tstexc-exercise, repositoryType=exercise, triggeredByPushTo=exercise, assignmentRepositoryUri=http://localhost:49152/git/SHORTD49A6DAE04F9E049850BD5601663FD17A5B7TSTEXC/shortd49a6dae04f9e049850bd5601663fd17a5b7tstexc-exercise.git, testRepositoryUri=http://localhost:49152/git/SHORTD49A6DAE04F9E049850BD5601663FD17A5B7TSTEXC/shortd49a6dae04f9e049850bd5601663fd17a5b7tstexc-tests.git, solutionRepositoryUri=null, auxiliaryRepositoryUris=[Ljava.lang.String;@15bd7c52, auxiliaryRepositoryCheckoutDirectories=[Ljava.lang.String;@5c19bec3], jobTimingInfo=JobTimingInfo[submissionDate=2025-02-14T23:45:37.317968648Z[Etc/UTC], buildStartDate=2025-02-14T23:45:37.324534774Z[Etc/UTC], buildCompletionDate=2025-02-14T23:45:38.527225461Z[Etc/UTC], estimatedCompletionDate=2025-02-14T23:45:56.324506331Z[Etc/UTC], estimatedDuration=19], buildConfig=BuildConfig[buildScript=#!/bin/bash
cd /var/tmp/testing-dir
chmod +x ./gradlew
./gradlew clean test
, dockerImage=dummy-docker-image:latest, commitHashToBuild=c795243c185829bbefa399f45dcbcfac22311b2f, assignmentCommitHash=c795243c185829bbefa399f45dcbcfac22311b2f, testCommitHash=fa8b162170bf767d852e05e0eb7a128efa2e1f34, branch=main, programmingLanguage=JAVA, projectType=PLAIN_GRADLE, scaEnabled=false, sequentialTestRunsEnabled=false, resultPaths=[/var/tmp/testing-dir/**/test-results/test/*.xml], timeoutSeconds=0, assignmentCheckoutPath=null, testCheckoutPath=null, solutionCheckoutPath=null, dockerRunConfig=null], submissionResult=ResultDTO[id=633, completionDate=2025-02-14T23:45:38.476795726Z[Etc/UTC], successful=false, score=0.0, rated=true, submission=SubmissionDTO[id=827, submitted=true, type=MANUAL, exampleSubmission=null, submissionDate=2025-02-14T23:45:37.303401Z, commitHash=c795243c185829bbefa399f45dcbcfac22311b2f, buildFailed=false, buildArtifact=false, participation=ParticipationDTO[id=2011, testRun=false, type=template, submissionCount=null, exercise=ParticipationExerciseDTO[id=2603, exerciseType=PROGRAMMING, type=programming, assessmentType=AUTOMATIC, dueDate=2025-02-16T23:45:36.830269Z, assessmentDueDate=null, maxPoints=42.0, course=CourseDTO[id=986, accuracyOfScores=1]]], submissionExerciseType=programming, isProcessing=false, buildStartDate=null, estimatedCompletionDate=null], participation=ParticipationDTO[id=2011, testRun=false, type=template, submissionCount=null, exercise=ParticipationExerciseDTO[id=2603, exerciseType=PROGRAMMING, type=programming, assessmentType=AUTOMATIC, dueDate=2025-02-16T23:45:36.830269Z, assessmentDueDate=null, maxPoints=42.0, course=CourseDTO[id=986, accuracyOfScores=1]]], feedbacks=[FeedbackDTO[id=933, text=null, detailText=The exercise expects a class with the name Context in the package testpackage. You did not implement the class in the exercise., hasLongFeedbackText=false, reference=null, credits=0.0, positive=false, type=AUTOMATIC, visibility=ALWAYS, testCase=TestCaseDTO[testName=testMethods[Context], id=1383]], FeedbackDTO[id=934, text=null, detailText=The exercise expects a class with the name Policy in the package testpackage. You did not implement the class in the exercise., hasLongFeedbackText=false, reference=null, credits=0.0, positive=false, type=AUTOMATIC, visibility=ALWAYS, testCase=TestCaseDTO[testName=testMethods[Policy], id=1384]], FeedbackDTO[id=935, text=null, detailText=The exercise expects a class with the name SortStrategy in the package testpackage. You did not implement the class in the exercise., hasLongFeedbackText=false, reference=null, credits=0.0, positive=false, type=AUTOMATIC, visibility=ALWAYS, testCase=TestCaseDTO[testName=testMethods[SortStrategy], id=1385]], FeedbackDTO[id=936, text=null, detailText=The class 'MergeSort' does not implement the interface 'SortStrategy' as expected. Implement the interface and its methods., hasLongFeedbackText=false, reference=null, credits=0.0, positive=false, type=AUTOMATIC, visibility=ALWAYS, testCase=TestCaseDTO[testName=testClass[MergeSort], id=1380]], FeedbackDTO[id=937, text=null, detailText=The exercise expects a class with the name SortStrategy in the package testpackage. You did not implement the class in the exercise., hasLongFeedbackText=false, reference=null, credits=0.0, positive=false, type=AUTOMATIC, visibility=ALWAYS, testCase=TestCaseDTO[testName=testClass[SortStrategy], id=1377]], FeedbackDTO[id=938, text=null, detailText=The class 'BubbleSort' does not implement the interface 'SortStrategy' as expected. Implement the interface and its methods., hasLongFeedbackText=false, reference=null, credits=0.0, positive=false, type=AUTOMATIC, visibility=ALWAYS, testCase=TestCaseDTO[testName=testClass[BubbleSort], id=1381]], FeedbackDTO[id=939, text=null, detailText=MergeSort does not sort correctly, hasLongFeedbackText=false, reference=null, credits=0.0, positive=false, type=AUTOMATIC, visibility=ALWAYS, testCase=TestCaseDTO[testName=testMergeSort(), id=1386]], FeedbackDTO[id=940, text=null, detailText=The class 'Context' was not found within the submission. Make sure to implement it properly., hasLongFeedbackText=false, reference=null, credits=0.0, positive=false, type=AUTOMATIC, visibility=ALWAYS, testCase=TestCaseDTO[testName=testUseBubbleSortForSmallList(), id=1387]], FeedbackDTO[id=941, text=null, detailText=BubbleSort does not sort correctly, hasLongFeedbackText=false, reference=null, credits=0.0, positive=false, type=AUTOMATIC, visibility=ALWAYS, testCase=TestCaseDTO[testName=testBubbleSort(), id=1389]], FeedbackDTO[id=942, text=null, detailText=The class 'Context' was not found within the submission. Make sure to implement it properly., hasLongFeedbackText=false, reference=null, credits=0.0, positive=false, type=AUTOMATIC, visibility=ALWAYS, testCase=TestCaseDTO[testName=testUseMergeSortForBigList(), id=1388]], FeedbackDTO[id=943, text=null, detailText=The exercise expects a class with the name Policy in the package testpackage. You did not implement the class in the exercise., hasLongFeedbackText=false, reference=null, credits=0.0, positive=false, type=AUTOMATIC, visibility=ALWAYS, testCase=TestCaseDTO[testName=testConstructors[Policy], id=1382]], FeedbackDTO[id=944, text=null, detailText=The exercise expects a class with the name Context in the package testpackage. You did not implement the class in the exercise., hasLongFeedbackText=false, reference=null, credits=0.0, positive=false, type=AUTOMATIC, visibility=ALWAYS, testCase=TestCaseDTO[testName=testAttributes[Context], id=1378]], FeedbackDTO[id=945, text=null, detailText=The exercise expects a class with the name Policy in the package testpackage. You did not implement the class in the exercise., hasLongFeedbackText=false, reference=null, credits=0.0, positive=false, type=AUTOMATIC, visibility=ALWAYS, testCase=TestCaseDTO[testName=testAttributes[Policy], id=1379]]], assessmentType=AUTOMATIC, hasComplaint=null, exampleResult=null, testCaseCount=13, passedTestCaseCount=0, codeIssueCount=0]], BuildJobQueueItem[id=20171739576740018, name=SHORT7914AFA00ADC3047140B99D01AC07810CE44TSTEXC-LOCALVCCIINTSTUDENT1, buildAgent=BuildAgentDTO[name=artemis-build-agent-test, memberAddress=[127.0.0.1]:5703, displayName=artemis-build-agent-test], participationId=2017, courseId=988, exerciseId=2605, retryCount=0, priority=2, status=SUCCESSFUL, repositoryInfo=RepositoryInfo[repositoryName=short7914afa00adc3047140b99d01ac07810ce44tstexc-practice-localvcciintstudent1, repositoryType=user, triggeredByPushTo=user, assignmentRepositoryUri=http://localhost:49152/git/SHORT7914AFA00ADC3047140B99D01AC07810CE44TSTEXC/short7914afa00adc3047140b99d01ac07810ce44tstexc-practice-localvcciintstudent1.git, testRepositoryUri=http://localhost:49152/git/SHORT7914AFA00ADC3047140B99D01AC07810CE44TSTEXC/short7914afa00adc3047140b99d01ac07810ce44tstexc-tests.git, solutionRepositoryUri=null, auxiliaryRepositoryUris=[Ljava.lang.String;@7f9e7761, auxiliaryRepositoryCheckoutDirectories=[Ljava.lang.String;@4dcbffa7], jobTimingInfo=JobTimingInfo[submissionDate=2025-02-14T23:45:40.018961253Z[Etc/UTC], buildStartDate=2025-02-14T23:45:40.029742701Z[Etc/UTC], buildCompletionDate=2025-02-14T23:45:41.150208242Z[Etc/UTC], estimatedCompletionDate=2025-02-14T23:45:59.029734065Z[Etc/UTC], estimatedDuration=19], buildConfig=BuildConfig[buildScript=#!/bin/bash
cd /var/tmp/testing-dir
chmod +x ./gradlew
./gradlew clean test
, dockerImage=dummy-docker-image:latest, commitHashToBuild=d80b57877989b971e83ccdb4863c8a7023c76266, assignmentCommitHash=d80b57877989b971e83ccdb4863c8a7023c76266, testCommitHash=327b116890c92b1312314341f43f21ef13ecf7d7, branch=main, programmingLanguage=JAVA, projectType=PLAIN_GRADLE, scaEnabled=false, sequentialTestRunsEnabled=false, resultPaths=[/var/tmp/testing-dir/**/test-results/test/*.xml], timeoutSeconds=0, assignmentCheckoutPath=null, testCheckoutPath=null, solutionCheckoutPath=null, dockerRunConfig=null], submissionResult=ResultDTO[id=634, completionDate=2025-02-14T23:45:41.120192603Z[Etc/UTC], successful=false, score=7.7, rated=false, submission=SubmissionDTO[id=828, submitted=true, type=MANUAL, exampleSubmission=null, submissionDate=2025-02-14T23:45:40.008666Z, commitHash=d80b57877989b971e83ccdb4863c8a7023c76266, buildFailed=false, buildArtifact=false, participation=ParticipationDTO[id=2017, testRun=true, type=programming, submissionCount=null, exercise=ParticipationExerciseDTO[id=2605, exerciseType=PROGRAMMING, type=programming, assessmentType=AUTOMATIC, dueDate=2025-02-16T23:45:39.523500Z, assessmentDueDate=null, maxPoints=42.0, course=CourseDTO[id=988, accuracyOfScores=1]]], submissionExerciseType=programming, isProcessing=false, buildStartDate=null, estimatedCompletionDate=null], participation=ParticipationDTO[id=2017, testRun=true, type=programming, submissionCount=null, exercise=ParticipationExerciseDTO[id=2605, exerciseType=PROGRAMMING, type=programming, assessmentType=AUTOMATIC, dueDate=2025-02-16T23:45:39.523500Z, assessmentDueDate=null, maxPoints=42.0, course=CourseDTO[id=988, accuracyOfScores=1]]], feedbacks=[FeedbackDTO[id=946, text=null, detailText=The exercise expects a class with the name Context in the package testpackage. You did not implement the class in the exercise., hasLongFeedbackText=false, reference=null, credits=0.0, positive=false, type=AUTOMATIC, visibility=ALWAYS, testCase=TestCaseDTO[testName=null, id=1409]], FeedbackDTO[id=947, text=null, detailText=The exercise expects a class with the name Policy in the package testpackage. You did not implement the class in the exercise., hasLongFeedbackText=false, reference=null, credits=0.0, positive=false, type=AUTOMATIC, visibility=ALWAYS, testCase=TestCaseDTO[testName=null, id=1410]], FeedbackDTO[id=948, text=null, detailText=The exercise expects a class with the name SortStrategy in the package testpackage. You did not implement the class in the exercise., hasLongFeedbackText=false, reference=null, credits=0.0, positive=false, type=AUTOMATIC, visibility=ALWAYS, testCase=TestCaseDTO[testName=null, id=1411]], FeedbackDTO[id=949, text=null, detailText=The class 'MergeSort' does not implement the interface 'SortStrategy' as expected. Implement the interface and its methods., hasLongFeedbackText=false, reference=null, credits=0.0, positive=false, type=AUTOMATIC, visibility=ALWAYS, testCase=TestCaseDTO[testName=null, id=1406]], FeedbackDTO[id=950, text=null, detailText=The exercise expects a class with the name SortStrategy in the package testpackage. You did not implement the class in the exercise., hasLongFeedbackText=false, reference=null, credits=0.0, positive=false, type=AUTOMATIC, visibility=ALWAYS, testCase=TestCaseDTO[testName=null, id=1403]], FeedbackDTO[id=951, text=null, detailText=The class 'BubbleSort' does not implement the interface 'SortStrategy' as expected. Implement the interface and its methods., hasLongFeedbackText=false, reference=null, credits=0.0, positive=false, type=AUTOMATIC, visibility=ALWAYS, testCase=TestCaseDTO[testName=null, id=1407]], FeedbackDTO[id=952, text=null, detailText=MergeSort does not sort correctly, hasLongFeedbackText=false, reference=null, credits=0.0, positive=false, type=AUTOMATIC, visibility=ALWAYS, testCase=TestCaseDTO[testName=null, id=1412]], FeedbackDTO[id=953, text=null, detailText=The class 'Context' was not found within the submission. Make sure to implement it properly., hasLongFeedbackText=false, reference=null, credits=0.0, positive=false, type=AUTOMATIC, visibility=ALWAYS, testCase=TestCaseDTO[testName=null, id=1413]], FeedbackDTO[id=954, text=null, detailText=The class 'Context' was not found within the submission. Make sure to implement it properly., hasLongFeedbackText=false, reference=null, credits=0.0, positive=false, type=AUTOMATIC, visibility=ALWAYS, testCase=TestCaseDTO[testName=null, id=1414]], FeedbackDTO[id=955, text=null, detailText=The exercise expects a class with the name Policy in the package testpackage. You did not implement the class in the exercise., hasLongFeedbackText=false, reference=null, credits=0.0, positive=false, type=AUTOMATIC, visibility=ALWAYS, testCase=TestCaseDTO[testName=null, id=1408]], FeedbackDTO[id=956, text=null, detailText=The exercise expects a class with the name Context in the package testpackage. You did not implement the class in the exercise., hasLongFeedbackText=false, reference=null, credits=0.0, positive=false, type=AUTOMATIC, visibility=ALWAYS, testCase=TestCaseDTO[testName=null, id=1404]], FeedbackDTO[id=957, text=null, detailText=The exercise expects a class with the name Policy in the package testpackage. You did not implement the class in the exercise., hasLongFeedbackText=false, reference=null, credits=0.0, positive=false, type=AUTOMATIC, visibility=ALWAYS, testCase=TestCaseDTO[testName=null, id=1405]], FeedbackDTO[id=958, text=null, detailText=null, hasLongFeedbackText=false, reference=null, credits=3.230769230769231, positive=true, type=AUTOMATIC, visibility=ALWAYS, testCase=TestCaseDTO[testName=null, id=1415]]], assessmentType=AUTOMATIC, hasComplaint=null, exampleResult=null, testCaseCount=13, passedTestCaseCount=1, codeIssueCount=0]], BuildJobQueueItem[id=20261739576743984, name=SHORT53C73BE505404043100AC2F00C039353CE8FTSTEXC-LOCALVCCIINTSTUDENT1, buildAgent=BuildAgentDTO[name=artemis-build-agent-test, memberAddress=[127.0.0.1]:5703, displayName=artemis-build-agent-test], participationId=2026, courseId=991, exerciseId=2608, retryCount=0, priority=1, status=SUCCESSFUL, repositoryInfo=RepositoryInfo[repositoryName=short53c73be505404043100ac2f00c039353ce8ftstexc-localvcciintstudent1, repositoryType=user, triggeredByPushTo=user, assignmentRepositoryUri=http://localhost:49152/git/SHORT53C73BE505404043100AC2F00C039353CE8FTSTEXC/short53c73be505404043100ac2f00c039353ce8ftstexc-localvcciintstudent1.git, testRepositoryUri=http://localhost:49152/git/SHORT53C73BE505404043100AC2F00C039353CE8FTSTEXC/short53c73be505404043100ac2f00c039353ce8ftstexc-tests.git, solutionRepositoryUri=null, auxiliaryRepositoryUris=[Ljava.lang.String;@336a55a0, auxiliaryRepositoryCheckoutDirectories=[Ljava.lang.String;@22141aa8], jobTimingInfo=JobTimingInfo[submissionDate=2025-02-14T23:45:43.984518859Z[Etc/UTC], buildStartDate=2025-02-14T23:45:43.991385682Z[Etc/UTC], buildCompletionDate=2025-02-14T23:45:44.982059928Z[Etc/UTC], estimatedCompletionDate=2025-02-14T23:46:02.991380122Z[Etc/UTC], estimatedDuration=19], buildConfig=BuildConfig[buildScript=#!/bin/bash
cd /var/tmp/testing-dir
chmod +x ./gradlew
./gradlew clean test
, dockerImage=dummy-docker-image:latest, commitHashToBuild=3e90ae9fef2e44ffb41451a080bdaa6a44ad6848, assignmentCommitHash=3e90ae9fef2e44ffb41451a080bdaa6a44ad6848, testCommitHash=0582754c87aae13e640312855ce7dbe490ecb50c, branch=main, programmingLanguage=JAVA, projectType=PLAIN_GRADLE, scaEnabled=false, sequentialTestRunsEnabled=false, resultPaths=[/var/tmp/testing-dir/**/test-results/test/*.xml], timeoutSeconds=0, assignmentCheckoutPath=null, testCheckoutPath=null, solutionCheckoutPath=null, dockerRunConfig=null], submissionResult=ResultDTO[id=635, completionDate=2025-02-14T23:45:44.961313737Z[Etc/UTC], successful=false, score=7.7, rated=true, submission=SubmissionDTO[id=829, submitted=true, type=MANUAL, exampleSubmission=null, submissionDate=2025-02-14T23:45:43.967766Z, commitHash=3e90ae9fef2e44ffb41451a080bdaa6a44ad6848, buildFailed=false, buildArtifact=false, participation=ParticipationDTO[id=2026, testRun=false, type=programming, submissionCount=null, exercise=ParticipationExerciseDTO[id=2608, exerciseType=PROGRAMMING, type=programming, assessmentType=AUTOMATIC, dueDate=2025-02-16T23:45:43.597978Z, assessmentDueDate=null, maxPoints=42.0, course=CourseDTO[id=991, accuracyOfScores=1]]], submissionExerciseType=programming, isProcessing=false, buildStartDate=null, estimatedCompletionDate=null], participation=ParticipationDTO[id=2026, testRun=false, type=programming, submissionCount=null, exercise=ParticipationExerciseDTO[id=2608, exerciseType=PROGRAMMING, type=programming, assessmentType=AUTOMATIC, dueDate=2025-02-16T23:45:43.597978Z, assessmentDueDate=null, maxPoints=42.0, course=CourseDTO[id=991, accuracyOfScores=1]]], feedbacks=[FeedbackDTO[id=959, text=null, detailText=The exercise expects a class with the name Context in the package testpackage. You did not implement the class in the exercise., hasLongFeedbackText=false, reference=null, credits=0.0, positive=false, type=AUTOMATIC, visibility=ALWAYS, testCase=TestCaseDTO[testName=null, id=1448]], FeedbackDTO[id=960, text=null, detailText=The exercise expects a class with the name Policy in the package testpackage. You did not implement the class in the exercise., hasLongFeedbackText=false, reference=null, credits=0.0, positive=false, type=AUTOMATIC, visibility=ALWAYS, testCase=TestCaseDTO[testName=null, id=1449]], FeedbackDTO[id=961, text=null, detailText=The exercise expects a class with the name SortStrategy in the package testpackage. You did not implement the class in the exercise., hasLongFeedbackText=false, reference=null, credits=0.0, positive=false, type=AUTOMATIC, visibility=ALWAYS, testCase=TestCaseDTO[testName=null, id=1450]], FeedbackDTO[id=962, text=null, detailText=The class 'MergeSort' does not implement the interface 'SortStrategy' as expected. Implement the interface and its methods., hasLongFeedbackText=false, reference=null, credits=0.0, positive=false, type=AUTOMATIC, visibility=ALWAYS, testCase=TestCaseDTO[testName=null, id=1445]], FeedbackDTO[id=963, text=null, detailText=The exercise expects a class with the name SortStrategy in the package testpackage. You did not implement the class in the exercise., hasLongFeedbackText=false, reference=null, credits=0.0, positive=false, type=AUTOMATIC, visibility=ALWAYS, testCase=TestCaseDTO[testName=null, id=1442]], FeedbackDTO[id=964, text=null, detailText=The class 'BubbleSort' does not implement the interface 'SortStrategy' as expected. Implement the interface and its methods., hasLongFeedbackText=false, reference=null, credits=0.0, positive=false, type=AUTOMATIC, visibility=ALWAYS, testCase=TestCaseDTO[testName=null, id=1446]], FeedbackDTO[id=965, text=null, detailText=MergeSort does not sort correctly, hasLongFeedbackText=false, reference=null, credits=0.0, positive=false, type=AUTOMATIC, visibility=ALWAYS, testCase=TestCaseDTO[testName=null, id=1451]], FeedbackDTO[id=966, text=null, detailText=The class 'Context' was not found within the submission. Make sure to implement it properly., hasLongFeedbackText=false, reference=null, credits=0.0, positive=false, type=AUTOMATIC, visibility=ALWAYS, testCase=TestCaseDTO[testName=null, id=1452]], FeedbackDTO[id=967, text=null, detailText=The class 'Context' was not found within the submission. Make sure to implement it properly., hasLongFeedbackText=false, reference=null, credits=0.0, positive=false, type=AUTOMATIC, visibility=ALWAYS, testCase=TestCaseDTO[testName=null, id=1453]], FeedbackDTO[id=968, text=null, detailText=The exercise expects a class with the name Policy in the package testpackage. You did not implement the class in the exercise., hasLongFeedbackText=false, reference=null, credits=0.0, positive=false, type=AUTOMATIC, visibility=ALWAYS, testCase=TestCaseDTO[testName=null, id=1447]], FeedbackDTO[id=969, text=null, detailText=The exercise expects a class with the name Context in the package testpackage. You did not implement the class in the exercise., hasLongFeedbackText=false, reference=null, credits=0.0, positive=false, type=AUTOMATIC, visibility=ALWAYS, testCase=TestCaseDTO[testName=null, id=1443]], FeedbackDTO[id=970, text=null, detailText=The exercise expects a class with the name Policy in the package testpackage. You did not implement the class in the exercise., hasLongFeedbackText=false, reference=null, credits=0.0, positive=false, type=AUTOMATIC, visibility=ALWAYS, testCase=TestCaseDTO[testName=null, id=1444]], FeedbackDTO[id=971, text=null, detailText=null, hasLongFeedbackText=false, reference=null, credits=3.230769230769231, positive=true, type=AUTOMATIC, visibility=ALWAYS, testCase=TestCaseDTO[testName=null, id=1454]]], assessmentType=AUTOMATIC, hasComplaint=null, exampleResult=null, testCaseCount=13, passedTestCaseCount=1, codeIssueCount=0]], BuildJobQueueItem[id=20271739576746886, name=SHORT0FC863930E92904248098A506171F81CF6CFTSTEXC-SOLUTION, buildAgent=BuildAgentDTO[name=artemis-build-agent-test, memberAddress=[127.0.0.1]:5703, displayName=artemis-build-agent-test], participationId=2027, courseId=992, exerciseId=2609, retryCount=0, priority=2, status=SUCCESSFUL, repositoryInfo=RepositoryInfo[repositoryName=short0fc863930e92904248098a506171f81cf6cftstexc-solution, repositoryType=solution, triggeredByPushTo=auxiliary, assignmentRepositoryUri=http://localhost:49152/git/SHORT0FC863930E92904248098A506171F81CF6CFTSTEXC/short0fc863930e92904248098a506171f81cf6cftstexc-solution.git, testRepositoryUri=http://localhost:49152/git/SHORT0FC863930E92904248098A506171F81CF6CFTSTEXC/short0fc863930e92904248098a506171f81cf6cftstexc-tests.git, solutionRepositoryUri=null, auxiliaryRepositoryUris=[Ljava.lang.String;@2ebd54f4, auxiliaryRepositoryCheckoutDirectories=[Ljava.lang.String;@3c19a043], jobTimingInfo=JobTimingInfo[submissionDate=2025-02-14T23:45:46.886984066Z[Etc/UTC], buildStartDate=2025-02-14T23:45:46.897709578Z[Etc/UTC], buildCompletionDate=2025-02-14T23:45:48.628460156Z[Etc/UTC], estimatedCompletionDate=2025-02-14T23:46:05.897701272Z[Etc/UTC], estimatedDuration=19], buildConfig=BuildConfig[buildScript=#!/bin/bash
cd /var/tmp/testing-dir
chmod +x ./gradlew
./gradlew clean test
, dockerImage=dummy-docker-image:latest, commitHashToBuild=null, assignmentCommitHash=115a2e943bee242fdad360b50d8ad5f30792577e, testCommitHash=9b3a9bd71a0d80e5bbc42204c319ed3d1d4f0d6d, branch=main, programmingLanguage=JAVA, projectType=PLAIN_GRADLE, scaEnabled=false, sequentialTestRunsEnabled=false, resultPaths=[/var/tmp/testing-dir/**/test-results/test/*.xml], timeoutSeconds=0, assignmentCheckoutPath=null, testCheckoutPath=null, solutionCheckoutPath=null, dockerRunConfig=null], submissionResult=ResultDTO[id=636, completionDate=2025-02-14T23:45:48.593370968Z[Etc/UTC], successful=true, score=100.0, rated=true, submission=SubmissionDTO[id=830, submitted=true, type=TEST, exampleSubmission=null, submissionDate=2025-02-14T23:45:46.873671Z, commitHash=9b3a9bd71a0d80e5bbc42204c319ed3d1d4f0d6d, buildFailed=false, buildArtifact=false, participation=ParticipationDTO[id=2027, testRun=false, type=solution, submissionCount=null, exercise=ParticipationExerciseDTO[id=2609, exerciseType=PROGRAMMING, type=programming, assessmentType=AUTOMATIC, dueDate=2025-02-16T23:45:46.386304Z, assessmentDueDate=null, maxPoints=42.0, course=CourseDTO[id=992, accuracyOfScores=1]]], submissionExerciseType=programming, isProcessing=false, buildStartDate=null, estimatedCompletionDate=null], participation=ParticipationDTO[id=2027, testRun=false, type=solution, submissionCount=null, exercise=ParticipationExerciseDTO[id=2609, exerciseType=PROGRAMMING, type=programming, assessmentType=AUTOMATIC, dueDate=2025-02-16T23:45:46.386304Z, assessmentDueDate=null, maxPoints=42.0, course=CourseDTO[id=992, accuracyOfScores=1]]], feedbacks=[FeedbackDTO[id=972, text=null, detailText=null, hasLongFeedbackText=false, reference=null, credits=3.230769230769231, positive=true, type=AUTOMATIC, visibility=ALWAYS, testCase=TestCaseDTO[testName=testMethods[Context], id=1461]], FeedbackDTO[id=973, text=null, detailText=null, hasLongFeedbackText=false, reference=null, credits=3.230769230769231, positive=true, type=AUTOMATIC, visibility=ALWAYS, testCase=TestCaseDTO[testName=testMethods[Policy], id=1462]], FeedbackDTO[id=974, text=null, detailText=null, hasLongFeedbackText=false, reference=null, credits=3.230769230769231, positive=true, type=AUTOMATIC, visibility=ALWAYS, testCase=TestCaseDTO[testName=testMethods[SortStrategy], id=1463]], FeedbackDTO[id=975, text=null, detailText=null, hasLongFeedbackText=false, reference=null, credits=3.230769230769231, positive=true, type=AUTOMATIC, visibility=ALWAYS, testCase=TestCaseDTO[testName=testClass[MergeSort], id=1458]], FeedbackDTO[id=976, text=null, detailText=null, hasLongFeedbackText=false, reference=null, credits=3.230769230769231, positive=true, type=AUTOMATIC, visibility=ALWAYS, testCase=TestCaseDTO[testName=testClass[SortStrategy], id=1455]], FeedbackDTO[id=977, text=null, detailText=null, hasLongFeedbackText=false, reference=null, credits=3.230769230769231, positive=true, type=AUTOMATIC, visibility=ALWAYS, testCase=TestCaseDTO[testName=testClass[BubbleSort], id=1459]], FeedbackDTO[id=978, text=null, detailText=null, hasLongFeedbackText=false, reference=null, credits=3.230769230769231, positive=true, type=AUTOMATIC, visibility=ALWAYS, testCase=TestCaseDTO[testName=testMergeSort(), id=1464]], FeedbackDTO[id=979, text=null, detailText=null, hasLongFeedbackText=false, reference=null, credits=3.230769230769231, positive=true, type=AUTOMATIC, visibility=ALWAYS, testCase=TestCaseDTO[testName=testUseBubbleSortForSmallList(), id=1465]], FeedbackDTO[id=980, text=null, detailText=null, hasLongFeedbackText=false, reference=null, credits=3.230769230769231, positive=true, type=AUTOMATIC, visibility=ALWAYS, testCase=TestCaseDTO[testName=testBubbleSort(), id=1467]], FeedbackDTO[id=981, text=null, detailText=null, hasLongFeedbackText=false, reference=null, credits=3.230769230769231, positive=true, type=AUTOMATIC, visibility=ALWAYS, testCase=TestCaseDTO[testName=testUseMergeSortForBigList(), id=1466]], FeedbackDTO[id=982, text=null, detailText=null, hasLongFeedbackText=false, reference=null, credits=3.230769230769231, positive=true, type=AUTOMATIC, visibility=ALWAYS, testCase=TestCaseDTO[testName=testConstructors[Policy], id=1460]], FeedbackDTO[id=983, text=null, detailText=null, hasLongFeedbackText=false, reference=null, credits=3.230769230769231, positive=true, type=AUTOMATIC, visibility=ALWAYS, testCase=TestCaseDTO[testName=testAttributes[Context], id=1456]], FeedbackDTO[id=984, text=null, detailText=null, hasLongFeedbackText=false, reference=null, credits=3.230769230769231, positive=true, type=AUTOMATIC, visibility=ALWAYS, testCase=TestCaseDTO[testName=testAttributes[Policy], id=1457]]], assessmentType=AUTOMATIC, hasComplaint=null, exampleResult=null, testCaseCount=13, passedTestCaseCount=13, codeIssueCount=0]], BuildJobQueueItem[id=20281739576748768, name=SHORT0FC863930E92904248098A506171F81CF6CFTSTEXC-BASE, buildAgent=BuildAgentDTO[name=artemis-build-agent-test, memberAddress=[127.0.0.1]:5703, displayName=artemis-build-agent-test], participationId=2028, courseId=992, exerciseId=2609, retryCount=0, priority=2, status=SUCCESSFUL, repositoryInfo=RepositoryInfo[repositoryName=short0fc863930e92904248098a506171f81cf6cftstexc-exercise, repositoryType=exercise, triggeredByPushTo=auxiliary, assignmentRepositoryUri=http://localhost:49152/git/SHORT0FC863930E92904248098A506171F81CF6CFTSTEXC/short0fc863930e92904248098a506171f81cf6cftstexc-exercise.git, testRepositoryUri=http://localhost:49152/git/SHORT0FC863930E92904248098A506171F81CF6CFTSTEXC/short0fc863930e92904248098a506171f81cf6cftstexc-tests.git, solutionRepositoryUri=null, auxiliaryRepositoryUris=[Ljava.lang.String;@5dbf2535, auxiliaryRepositoryCheckoutDirectories=[Ljava.lang.String;@5f7ca570], jobTimingInfo=JobTimingInfo[submissionDate=2025-02-14T23:45:48.768063548Z[Etc/UTC], buildStartDate=2025-02-14T23:45:48.802531989Z[Etc/UTC], buildCompletionDate=2025-02-14T23:45:50.482681367Z[Etc/UTC], estimatedCompletionDate=2025-02-14T23:45:50.802523092Z[Etc/UTC], estimatedDuration=2], buildConfig=BuildConfig[buildScript=#!/bin/bash
cd /var/tmp/testing-dir
chmod +x ./gradlew
./gradlew clean test
, dockerImage=dummy-docker-image:latest, commitHashToBuild=9b3a9bd71a0d80e5bbc42204c319ed3d1d4f0d6d, assignmentCommitHash=115a2e943bee242fdad360b50d8ad5f30792577e, testCommitHash=9b3a9bd71a0d80e5bbc42204c319ed3d1d4f0d6d, branch=main, programmingLanguage=JAVA, projectType=PLAIN_GRADLE, scaEnabled=false, sequentialTestRunsEnabled=false, resultPaths=[/var/tmp/testing-dir/**/test-results/test/*.xml], timeoutSeconds=0, assignmentCheckoutPath=null, testCheckoutPath=null, solutionCheckoutPath=null, dockerRunConfig=null], submissionResult=ResultDTO[id=637, completionDate=2025-02-14T23:45:50.449084694Z[Etc/UTC], successful=false, score=0.0, rated=true, submission=SubmissionDTO[id=831, submitted=true, type=TEST, exampleSubmission=null, submissionDate=2025-02-14T23:45:48.761177Z, commitHash=9b3a9bd71a0d80e5bbc42204c319ed3d1d4f0d6d, buildFailed=false, buildArtifact=false, participation=ParticipationDTO[id=2028, testRun=false, type=template, submissionCount=null, exercise=ParticipationExerciseDTO[id=2609, exerciseType=PROGRAMMING, type=programming, assessmentType=AUTOMATIC, dueDate=2025-02-16T23:45:46.386304Z, assessmentDueDate=null, maxPoints=42.0, course=CourseDTO[id=992, accuracyOfScores=1]]], submissionExerciseType=programming, isProcessing=false, buildStartDate=null, estimatedCompletionDate=null], participation=ParticipationDTO[id=2028, testRun=false, type=template, submissionCount=null, exercise=ParticipationExerciseDTO[id=2609, exerciseType=PROGRAMMING, type=programming, assessmentType=AUTOMATIC, dueDate=2025-02-16T23:45:46.386304Z, assessmentDueDate=null, maxPoints=42.0, course=CourseDTO[id=992, accuracyOfScores=1]]], feedbacks=[FeedbackDTO[id=985, text=null, detailText=The exercise expects a class with the name Context in the package testpackage. You did not implement the class in the exercise., hasLongFeedbackText=false, reference=null, credits=0.0, positive=false, type=AUTOMATIC, visibility=ALWAYS, testCase=TestCaseDTO[testName=testMethods[Context], id=1461]], FeedbackDTO[id=986, text=null, detailText=The exercise expects a class with the name Policy in the package testpackage. You did not implement the class in the exercise., hasLongFeedbackText=false, reference=null, credits=0.0, positive=false, type=AUTOMATIC, visibility=ALWAYS, testCase=TestCaseDTO[testName=testMethods[Policy], id=1462]], FeedbackDTO[id=987, text=null, detailText=The exercise expects a class with the name SortStrategy in the package testpackage. You did not implement the class in the exercise., hasLongFeedbackText=false, reference=null, credits=0.0, positive=false, type=AUTOMATIC, visibility=ALWAYS, testCase=TestCaseDTO[testName=testMethods[SortStrategy], id=1463]], FeedbackDTO[id=988, text=null, detailText=The class 'MergeSort' does not implement the interface 'SortStrategy' as expected. Implement the interface and its methods., hasLongFeedbackText=false, reference=null, credits=0.0, positive=false, type=AUTOMATIC, visibility=ALWAYS, testCase=TestCaseDTO[testName=testClass[MergeSort], id=1458]], FeedbackDTO[id=989, text=null, detailText=The exercise expects a class with the name SortStrategy in the package testpackage. You did not implement the class in the exercise., hasLongFeedbackText=false, reference=null, credits=0.0, positive=false, type=AUTOMATIC, visibility=ALWAYS, testCase=TestCaseDTO[testName=testClass[SortStrategy], id=1455]], FeedbackDTO[id=990, text=null, detailText=The class 'BubbleSort' does not implement the interface 'SortStrategy' as expected. Implement the interface and its methods., hasLongFeedbackText=false, reference=null, credits=0.0, positive=false, type=AUTOMATIC, visibility=ALWAYS, testCase=TestCaseDTO[testName=testClass[BubbleSort], id=1459]], FeedbackDTO[id=991, text=null, detailText=MergeSort does not sort correctly, hasLongFeedbackText=false, reference=null, credits=0.0, positive=false, type=AUTOMATIC, visibility=ALWAYS, testCase=TestCaseDTO[testName=testMergeSort(), id=1464]], FeedbackDTO[id=992, text=null, detailText=The class 'Context' was not found within the submission. Make sure to implement it properly., hasLongFeedbackText=false, reference=null, credits=0.0, positive=false, type=AUTOMATIC, visibility=ALWAYS, testCase=TestCaseDTO[testName=testUseBubbleSortForSmallList(), id=1465]], FeedbackDTO[id=993, text=null, detailText=BubbleSort does not sort correctly, hasLongFeedbackText=false, reference=null, credits=0.0, positive=false, type=AUTOMATIC, visibility=ALWAYS, testCase=TestCaseDTO[testName=testBubbleSort(), id=1467]], FeedbackDTO[id=994, text=null, detailText=The class 'Context' was not found within the submission. Make sure to implement it properly., hasLongFeedbackText=false, reference=null, credits=0.0, positive=false, type=AUTOMATIC, visibility=ALWAYS, testCase=TestCaseDTO[testName=testUseMergeSortForBigList(), id=1466]], FeedbackDTO[id=995, text=null, detailText=The exercise expects a class with the name Policy in the package testpackage. You did not implement the class in the exercise., hasLongFeedbackText=false, reference=null, credits=0.0, positive=false, type=AUTOMATIC, visibility=ALWAYS, testCase=TestCaseDTO[testName=testConstructors[Policy], id=1460]], FeedbackDTO[id=996, text=null, detailText=The exercise expects a class with the name Context in the package testpackage. You did not implement the class in the exercise., hasLongFeedbackText=false, reference=null, credits=0.0, positive=false, type=AUTOMATIC, visibility=ALWAYS, testCase=TestCaseDTO[testName=testAttributes[Context], id=1456]], FeedbackDTO[id=997, text=null, detailText=The exercise expects a class with the name Policy in the package testpackage. You did not implement the class in the exercise., hasLongFeedbackText=false, reference=null, credits=0.0, positive=false, type=AUTOMATIC, visibility=ALWAYS, testCase=TestCaseDTO[testName=testAttributes[Policy], id=1457]]], assessmentType=AUTOMATIC, hasComplaint=null, exampleResult=null, testCaseCount=13, passedTestCaseCount=0, codeIssueCount=0]], BuildJobQueueItem[id=20291739576751299, name=SHORT716C2EC10B19B049C80A2F00B97EAB20B2A9TSTEXC-SOLUTION, buildAgent=BuildAgentDTO[name=artemis-build-agent-test, memberAddress=[127.0.0.1]:5703, displayName=artemis-build-agent-test], participationId=2029, courseId=993, exerciseId=2610, retryCount=0, priority=2, status=SUCCESSFUL, repositoryInfo=RepositoryInfo[repositoryName=short716c2ec10b19b049c80a2f00b97eab20b2a9tstexc-solution, repositoryType=solution, triggeredByPushTo=tests, assignmentRepositoryUri=http://localhost:49152/git/SHORT716C2EC10B19B049C80A2F00B97EAB20B2A9TSTEXC/short716c2ec10b19b049c80a2f00b97eab20b2a9tstexc-solution.git, testRepositoryUri=http://localhost:49152/git/SHORT716C2EC10B19B049C80A2F00B97EAB20B2A9TSTEXC/short716c2ec10b19b049c80a2f00b97eab20b2a9tstexc-tests.git, solutionRepositoryUri=null, auxiliaryRepositoryUris=[Ljava.lang.String;@1ba2509f, auxiliaryRepositoryCheckoutDirectories=[Ljava.lang.String;@6ac8f010], jobTimingInfo=JobTimingInfo[submissionDate=2025-02-14T23:45:51.299892174Z[Etc/UTC], buildStartDate=2025-02-14T23:45:51.314028505Z[Etc/UTC], buildCompletionDate=2025-02-14T23:45:52.158312850Z[Etc/UTC], estimatedCompletionDate=2025-02-14T23:46:10.314021752Z[Etc/UTC], estimatedDuration=19], buildConfig=BuildConfig[buildScript=#!/bin/bash
cd /var/tmp/testing-dir
chmod +x ./gradlew
./gradlew clean test
, dockerImage=dummy-docker-image:latest, commitHashToBuild=1e531733ed6e9237f710b528d1eb0b7beac565fd, assignmentCommitHash=815e279f12ad296b4f24c44134a07293c04c010f, testCommitHash=1e531733ed6e9237f710b528d1eb0b7beac565fd, branch=main, programmingLanguage=JAVA, projectType=PLAIN_GRADLE, scaEnabled=false, sequentialTestRunsEnabled=false, resultPaths=[/var/tmp/testing-dir/**/test-results/test/*.xml], timeoutSeconds=0, assignmentCheckoutPath=null, testCheckoutPath=null, solutionCheckoutPath=null, dockerRunConfig=null], submissionResult=ResultDTO[id=638, completionDate=2025-02-14T23:45:52.146826070Z[Etc/UTC], successful=true, score=100.0, rated=true, submission=SubmissionDTO[id=832, submitted=true, type=TEST, exampleSubmission=null, submissionDate=2025-02-14T23:45:51.275713Z, commitHash=1e531733ed6e9237f710b528d1eb0b7beac565fd, buildFailed=false, buildArtifact=false, participation=ParticipationDTO[id=2029, testRun=false, type=solution, submissionCount=null, exercise=ParticipationExerciseDTO[id=2610, exerciseType=PROGRAMMING, type=programming, assessmentType=AUTOMATIC, dueDate=2025-02-16T23:45:50.869093Z, assessmentDueDate=null, maxPoints=42.0, course=CourseDTO[id=993, accuracyOfScores=1]]], submissionExerciseType=programming, isProcessing=false, buildStartDate=null, estimatedCompletionDate=null], participation=ParticipationDTO[id=2029, testRun=false, type=solution, submissionCount=null, exercise=ParticipationExerciseDTO[id=2610, exerciseType=PROGRAMMING, type=programming, assessmentType=AUTOMATIC, dueDate=2025-02-16T23:45:50.869093Z, assessmentDueDate=null, maxPoints=42.0, course=CourseDTO[id=993, accuracyOfScores=1]]], feedbacks=[FeedbackDTO[id=998, text=null, detailText=null, hasLongFeedbackText=false, reference=null, credits=3.230769230769231, positive=true, type=AUTOMATIC, visibility=ALWAYS, testCase=TestCaseDTO[testName=testMethods[Context], id=1474]], FeedbackDTO[id=999, text=null, detailText=null, hasLongFeedbackText=false, reference=null, credits=3.230769230769231, positive=true, type=AUTOMATIC, visibility=ALWAYS, testCase=TestCaseDTO[testName=testMethods[Policy], id=1475]], FeedbackDTO[id=1000, text=null, detailText=null, hasLongFeedbackText=false, reference=null, credits=3.230769230769231, positive=true, type=AUTOMATIC, visibility=ALWAYS, testCase=TestCaseDTO[testName=testMethods[SortStrategy], id=1476]], FeedbackDTO[id=1001, text=null, detailText=null, hasLongFeedbackText=false, reference=null, credits=3.230769230769231, positive=true, type=AUTOMATIC, visibility=ALWAYS, testCase=TestCaseDTO[testName=testClass[MergeSort], id=1471]], FeedbackDTO[id=1002, text=null, detailText=null, hasLongFeedbackText=false, reference=null, credits=3.230769230769231, positive=true, type=AUTOMATIC, visibility=ALWAYS, testCase=TestCaseDTO[testName=testClass[SortStrategy], id=1468]], FeedbackDTO[id=1003, text=null, detailText=null, hasLongFeedbackText=false, reference=null, credits=3.230769230769231, positive=true, type=AUTOMATIC, visibility=ALWAYS, testCase=TestCaseDTO[testName=testClass[BubbleSort], id=1472]], FeedbackDTO[id=1004, text=null, detailText=null, hasLongFeedbackText=false, reference=null, credits=3.230769230769231, positive=true, type=AUTOMATIC, visibility=ALWAYS, testCase=TestCaseDTO[testName=testMergeSort(), id=1477]], FeedbackDTO[id=1005, text=null, detailText=null, hasLongFeedbackText=false, reference=null, credits=3.230769230769231, positive=true, type=AUTOMATIC, visibility=ALWAYS, testCase=TestCaseDTO[testName=testUseBubbleSortForSmallList(), id=1478]], FeedbackDTO[id=1006, text=null, detailText=null, hasLongFeedbackText=false, reference=null, credits=3.230769230769231, positive=true, type=AUTOMATIC, visibility=ALWAYS, testCase=TestCaseDTO[testName=testBubbleSort(), id=1480]], FeedbackDTO[id=1007, text=null, detailText=null, hasLongFeedbackText=false, reference=null, credits=3.230769230769231, positive=true, type=AUTOMATIC, visibility=ALWAYS, testCase=TestCaseDTO[testName=testUseMergeSortForBigList(), id=1479]], FeedbackDTO[id=1008, text=null, detailText=null, hasLongFeedbackText=false, reference=null, credits=3.230769230769231, positive=true, type=AUTOMATIC, visibility=ALWAYS, testCase=TestCaseDTO[testName=testConstructors[Policy], id=1473]], FeedbackDTO[id=1009, text=null, detailText=null, hasLongFeedbackText=false, reference=null, credits=3.230769230769231, positive=true, type=AUTOMATIC, visibility=ALWAYS, testCase=TestCaseDTO[testName=testAttributes[Context], id=1469]], FeedbackDTO[id=1010, text=null, detailText=null, hasLongFeedbackText=false, reference=null, credits=3.230769230769231, positive=true, type=AUTOMATIC, visibility=ALWAYS, testCase=TestCaseDTO[testName=testAttributes[Policy], id=1470]]], assessmentType=AUTOMATIC, hasComplaint=null, exampleResult=null, testCaseCount=13, passedTestCaseCount=13, codeIssueCount=0]], BuildJobQueueItem[id=20301739576752239, name=SHORT716C2EC10B19B049C80A2F00B97EAB20B2A9TSTEXC-BASE, buildAgent=BuildAgentDTO[name=artemis-build-agent-test, memberAddress=[127.0.0.1]:5703, displayName=artemis-build-agent-test], participationId=2030, courseId=993, exerciseId=2610, retryCount=0, priority=2, status=SUCCESSFUL, repositoryInfo=RepositoryInfo[repositoryName=short716c2ec10b19b049c80a2f00b97eab20b2a9tstexc-exercise, repositoryType=exercise, triggeredByPushTo=tests, assignmentRepositoryUri=http://localhost:49152/git/SHORT716C2EC10B19B049C80A2F00B97EAB20B2A9TSTEXC/short716c2ec10b19b049c80a2f00b97eab20b2a9tstexc-exercise.git, testRepositoryUri=http://localhost:49152/git/SHORT716C2EC10B19B049C80A2F00B97EAB20B2A9TSTEXC/short716c2ec10b19b049c80a2f00b97eab20b2a9tstexc-tests.git, solutionRepositoryUri=null, auxiliaryRepositoryUris=[Ljava.lang.String;@4e7ae6f1, auxiliaryRepositoryCheckoutDirectories=[Ljava.lang.String;@74179d6b], jobTimingInfo=JobTimingInfo[submissionDate=2025-02-14T23:45:52.239402475Z[Etc/UTC], buildStartDate=2025-02-14T23:45:52.258713639Z[Etc/UTC], buildCompletionDate=2025-02-14T23:45:53.238773956Z[Etc/UTC], estimatedCompletionDate=2025-02-14T23:45:53.258707428Z[Etc/UTC], estimatedDuration=1], buildConfig=BuildConfig[buildScript=#!/bin/bash
cd /var/tmp/testing-dir
chmod +x ./gradlew
./gradlew clean test
, dockerImage=dummy-docker-image:latest, commitHashToBuild=1e531733ed6e9237f710b528d1eb0b7beac565fd, assignmentCommitHash=815e279f12ad296b4f24c44134a07293c04c010f, testCommitHash=1e531733ed6e9237f710b528d1eb0b7beac565fd, branch=main, programmingLanguage=JAVA, projectType=PLAIN_GRADLE, scaEnabled=false, sequentialTestRunsEnabled=false, resultPaths=[/var/tmp/testing-dir/**/test-results/test/*.xml], timeoutSeconds=0, assignmentCheckoutPath=null, testCheckoutPath=null, solutionCheckoutPath=null, dockerRunConfig=null], submissionResult=ResultDTO[id=639, completionDate=2025-02-14T23:45:53.225806205Z[Etc/UTC], successful=false, score=0.0, rated=true, submission=SubmissionDTO[id=833, submitted=true, type=TEST, exampleSubmission=null, submissionDate=2025-02-14T23:45:52.237179Z, commitHash=1e531733ed6e9237f710b528d1eb0b7beac565fd, buildFailed=false, buildArtifact=false, participation=ParticipationDTO[id=2030, testRun=false, type=template, submissionCount=null, exercise=ParticipationExerciseDTO[id=2610, exerciseType=PROGRAMMING, type=programming, assessmentType=AUTOMATIC, dueDate=2025-02-16T23:45:50.869093Z, assessmentDueDate=null, maxPoints=42.0, course=CourseDTO[id=993, accuracyOfScores=1]]], submissionExerciseType=programming, isProcessing=false, buildStartDate=null, estimatedCompletionDate=null], participation=ParticipationDTO[id=2030, testRun=false, type=template, submissionCount=null, exercise=ParticipationExerciseDTO[id=2610, exerciseType=PROGRAMMING, type=programming, assessmentType=AUTOMATIC, dueDate=2025-02-16T23:45:50.869093Z, assessmentDueDate=null, maxPoints=42.0, course=CourseDTO[id=993, accuracyOfScores=1]]], feedbacks=[FeedbackDTO[id=1011, text=null, detailText=The exercise expects a class with the name Context in the package testpackage. You did not implement the class in the exercise., hasLongFeedbackText=false, reference=null, credits=0.0, positive=false, type=AUTOMATIC, visibility=ALWAYS, testCase=TestCaseDTO[testName=testMethods[Context], id=1474]], FeedbackDTO[id=1012, text=null, detailText=The exercise expects a class with the name Policy in the package testpackage. You did not implement the class in the exercise., hasLongFeedbackText=false, reference=null, credits=0.0, positive=false, type=AUTOMATIC, visibility=ALWAYS, testCase=TestCaseDTO[testName=testMethods[Policy], id=1475]], FeedbackDTO[id=1013, text=null, detailText=The exercise expects a class with the name SortStrategy in the package testpackage. You did not implement the class in the exercise., hasLongFeedbackText=false, reference=null, credits=0.0, positive=false, type=AUTOMATIC, visibility=ALWAYS, testCase=TestCaseDTO[testName=testMethods[SortStrategy], id=1476]], FeedbackDTO[id=1014, text=null, detailText=The class 'MergeSort' does not implement the interface 'SortStrategy' as expected. Implement the interface and its methods., hasLongFeedbackText=false, reference=null, credits=0.0, positive=false, type=AUTOMATIC, visibility=ALWAYS, testCase=TestCaseDTO[testName=testClass[MergeSort], id=1471]], FeedbackDTO[id=1015, text=null, detailText=The exercise expects a class with the name SortStrategy in the package testpackage. You did not implement the class in the exercise., hasLongFeedbackText=false, reference=null, credits=0.0, positive=false, type=AUTOMATIC, visibility=ALWAYS, testCase=TestCaseDTO[testName=testClass[SortStrategy], id=1468]], FeedbackDTO[id=1016, text=null, detailText=The class 'BubbleSort' does not implement the interface 'SortStrategy' as expected. Implement the interface and its methods., hasLongFeedbackText=false, reference=null, credits=0.0, positive=false, type=AUTOMATIC, visibility=ALWAYS, testCase=TestCaseDTO[testName=testClass[BubbleSort], id=1472]], FeedbackDTO[id=1017, text=null, detailText=MergeSort does not sort correctly, hasLongFeedbackText=false, reference=null, credits=0.0, positive=false, type=AUTOMATIC, visibility=ALWAYS, testCase=TestCaseDTO[testName=testMergeSort(), id=1477]], FeedbackDTO[id=1018, text=null, detailText=The class 'Context' was not found within the submission. Make sure to implement it properly., hasLongFeedbackText=false, reference=null, credits=0.0, positive=false, type=AUTOMATIC, visibility=ALWAYS, testCase=TestCaseDTO[testName=testUseBubbleSortForSmallList(), id=1478]], FeedbackDTO[id=1019, text=null, detailText=BubbleSort does not sort correctly, hasLongFeedbackText=false, reference=null, credits=0.0, positive=false, type=AUTOMATIC, visibility=ALWAYS, testCase=TestCaseDTO[testName=testBubbleSort(), id=1480]], FeedbackDTO[id=1020, text=null, detailText=The class 'Context' was not found within the submission. Make sure to implement it properly., hasLongFeedbackText=false, reference=null, credits=0.0, positive=false, type=AUTOMATIC, visibility=ALWAYS, testCase=TestCaseDTO[testName=testUseMergeSortForBigList(), id=1479]], FeedbackDTO[id=1021, text=null, detailText=The exercise expects a class with the name Policy in the package testpackage. You did not implement the class in the exercise., hasLongFeedbackText=false, reference=null, credits=0.0, positive=false, type=AUTOMATIC, visibility=ALWAYS, testCase=TestCaseDTO[testName=testConstructors[Policy], id=1473]], FeedbackDTO[id=1022, text=null, detailText=The exercise expects a class with the name Context in the package testpackage. You did not implement the class in the exercise., hasLongFeedbackText=false, reference=null, credits=0.0, positive=false, type=AUTOMATIC, visibility=ALWAYS, testCase=TestCaseDTO[testName=testAttributes[Context], id=1469]], FeedbackDTO[id=1023, text=null, detailText=The exercise expects a class with the name Policy in the package testpackage. You did not implement the class in the exercise., hasLongFeedbackText=false, reference=null, credits=0.0, positive=false, type=AUTOMATIC, visibility=ALWAYS, testCase=TestCaseDTO[testName=testAttributes[Policy], id=1470]]], assessmentType=AUTOMATIC, hasComplaint=null, exampleResult=null, testCaseCount=13, passedTestCaseCount=0, codeIssueCount=0]], BuildJobQueueItem[id=20391739576754750, name=SHORT3A680734092E404EF80A4C60FBC1E408F7D0TSTEXC-LOCALVCCIINTSTUDENT1, buildAgent=BuildAgentDTO[name=artemis-build-agent-test, memberAddress=[127.0.0.1]:5703, displayName=artemis-build-agent-test], participationId=2039, courseId=996, exerciseId=2613, retryCount=0, priority=2, status=SUCCESSFUL, repositoryInfo=RepositoryInfo[repositoryName=short3a680734092e404ef80a4c60fbc1e408f7d0tstexc-localvcciintstudent1, repositoryType=user, triggeredByPushTo=user, assignmentRepositoryUri=http://localhost:49152/git/SHORT3A680734092E404EF80A4C60FBC1E408F7D0TSTEXC/short3a680734092e404ef80a4c60fbc1e408f7d0tstexc-localvcciintstudent1.git, testRepositoryUri=http://localhost:49152/git/SHORT3A680734092E404EF80A4C60FBC1E408F7D0TSTEXC/short3a680734092e404ef80a4c60fbc1e408f7d0tstexc-tests.git, solutionRepositoryUri=null, auxiliaryRepositoryUris=[Ljava.lang.String;@7d381dde, auxiliaryRepositoryCheckoutDirectories=[Ljava.lang.String;@505d2a19], jobTimingInfo=JobTimingInfo[submissionDate=2025-02-14T23:45:54.750657185Z[Etc/UTC], buildStartDate=2025-02-14T23:45:54.765232948Z[Etc/UTC], buildCompletionDate=2025-02-14T23:45:55.645844970Z[Etc/UTC], estimatedCompletionDate=2025-02-14T23:46:13.765225363Z[Etc/UTC], estimatedDuration=19], buildConfig=BuildConfig[buildScript=#!/bin/bash
cd /var/tmp/testing-dir
chmod +x ./gradlew
./gradlew clean test
, dockerImage=dummy-docker-image:latest, commitHashToBuild=9344436f8d5a5ce3aa40215562db211ed501371f, assignmentCommitHash=9344436f8d5a5ce3aa40215562db211ed501371f, testCommitHash=ff421c3651ec230fed2f20f72c2901ae372be06a, branch=main, programmingLanguage=JAVA, projectType=PLAIN_GRADLE, scaEnabled=false, sequentialTestRunsEnabled=false, resultPaths=[/var/tmp/testing-dir/**/test-results/test/*.xml], timeoutSeconds=0, assignmentCheckoutPath=null, testCheckoutPath=null, solutionCheckoutPath=null, dockerRunConfig=null], submissionResult=ResultDTO[id=640, completionDate=2025-02-14T23:45:55.628250079Z[Etc/UTC], successful=false, score=7.7, rated=true, submission=SubmissionDTO[id=834, submitted=true, type=MANUAL, exampleSubmission=null, submissionDate=2025-02-14T23:45:54.732007Z, commitHash=9344436f8d5a5ce3aa40215562db211ed501371f, buildFailed=false, buildArtifact=false, participation=ParticipationDTO[id=2039, testRun=false, type=programming, submissionCount=null, exercise=ParticipationExerciseDTO[id=2613, exerciseType=PROGRAMMING, type=programming, assessmentType=AUTOMATIC, dueDate=2025-02-16T23:45:54.546562Z, assessmentDueDate=null, maxPoints=42.0, course=CourseDTO[id=996, accuracyOfScores=1]]], submissionExerciseType=programming, isProcessing=false, buildStartDate=null, estimatedCompletionDate=null], participation=ParticipationDTO[id=2039, testRun=false, type=programming, submissionCount=null, exercise=ParticipationExerciseDTO[id=2613, exerciseType=PROGRAMMING, type=programming, assessmentType=AUTOMATIC, dueDate=2025-02-16T23:45:54.546562Z, assessmentDueDate=null, maxPoints=42.0, course=CourseDTO[id=996, accuracyOfScores=1]]], feedbacks=[FeedbackDTO[id=1024, text=null, detailText=The exercise expects a class with the name Context in the package testpackage. You did not implement the class in the exercise., hasLongFeedbackText=false, reference=null, credits=0.0, positive=false, type=AUTOMATIC, visibility=ALWAYS, testCase=TestCaseDTO[testName=null, id=1513]], FeedbackDTO[id=1025, text=null, detailText=The exercise expects a class with the name Policy in the package testpackage. You did not implement the class in the exercise., hasLongFeedbackText=false, reference=null, credits=0.0, positive=false, type=AUTOMATIC, visibility=ALWAYS, testCase=TestCaseDTO[testName=null, id=1514]], FeedbackDTO[id=1026, text=null, detailText=The exercise expects a class with the name SortStrategy in the package testpackage. You did not implement the class in the exercise., hasLongFeedbackText=false, reference=null, credits=0.0, positive=false, type=AUTOMATIC, visibility=ALWAYS, testCase=TestCaseDTO[testName=null, id=1515]], FeedbackDTO[id=1027, text=null, detailText=The class 'MergeSort' does not implement the interface 'SortStrategy' as expected. Implement the interface and its methods., hasLongFeedbackText=false, reference=null, credits=0.0, positive=false, type=AUTOMATIC, visibility=ALWAYS, testCase=TestCaseDTO[testName=null, id=1510]], FeedbackDTO[id=1028, text=null, detailText=The exercise expects a class with the name SortStrategy in the package testpackage. You did not implement the class in the exercise., hasLongFeedbackText=false, reference=null, credits=0.0, positive=false, type=AUTOMATIC, visibility=ALWAYS, testCase=TestCaseDTO[testName=null, id=1507]], FeedbackDTO[id=1029, text=null, detailText=The class 'BubbleSort' does not implement the interface 'SortStrategy' as expected. Implement the interface and its methods., hasLongFeedbackText=false, reference=null, credits=0.0, positive=false, type=AUTOMATIC, visibility=ALWAYS, testCase=TestCaseDTO[testName=null, id=1511]], FeedbackDTO[id=1030, text=null, detailText=MergeSort does not sort correctly, hasLongFeedbackText=false, reference=null, credits=0.0, positive=false, type=AUTOMATIC, visibility=ALWAYS, testCase=TestCaseDTO[testName=null, id=1516]], FeedbackDTO[id=1031, text=null, detailText=The class 'Context' was not found within the submission. Make sure to implement it properly., hasLongFeedbackText=false, reference=null, credits=0.0, positive=false, type=AUTOMATIC, visibility=ALWAYS, testCase=TestCaseDTO[testName=null, id=1517]], FeedbackDTO[id=1032, text=null, detailText=The class 'Context' was not found within the submission. Make sure to implement it properly., hasLongFeedbackText=false, reference=null, credits=0.0, positive=false, type=AUTOMATIC, visibility=ALWAYS, testCase=TestCaseDTO[testName=null, id=1518]], FeedbackDTO[id=1033, text=null, detailText=The exercise expects a class with the name Policy in the package testpackage. You did not implement the class in the exercise., hasLongFeedbackText=false, reference=null, credits=0.0, positive=false, type=AUTOMATIC, visibility=ALWAYS, testCase=TestCaseDTO[testName=null, id=1512]], FeedbackDTO[id=1034, text=null, detailText=The exercise expects a class with the name Context in the package testpackage. You did not implement the class in the exercise., hasLongFeedbackText=false, reference=null, credits=0.0, positive=false, type=AUTOMATIC, visibility=ALWAYS, testCase=TestCaseDTO[testName=null, id=1508]], FeedbackDTO[id=1035, text=null, detailText=The exercise expects a class with the name Policy in the package testpackage. You did not implement the class in the exercise., hasLongFeedbackText=false, reference=null, credits=0.0, positive=false, type=AUTOMATIC, visibility=ALWAYS, testCase=TestCaseDTO[testName=null, id=1509]], FeedbackDTO[id=1036, text=null, detailText=null, hasLongFeedbackText=false, reference=null, credits=3.230769230769231, positive=true, type=AUTOMATIC, visibility=ALWAYS, testCase=TestCaseDTO[testName=null, id=1519]]], assessmentType=AUTOMATIC, hasComplaint=null, exampleResult=null, testCaseCount=13, passedTestCaseCount=1, codeIssueCount=0]], BuildJobQueueItem[id=20431739576757232, name=SHORT3945BC5E092B90459B0A7F006DF5F64347FDTSTEXC-SOLUTION, buildAgent=BuildAgentDTO[name=artemis-build-agent-test, memberAddress=[127.0.0.1]:5703, displayName=artemis-build-agent-test], participationId=2043, courseId=998, exerciseId=2615, retryCount=0, priority=2, status=SUCCESSFUL, repositoryInfo=RepositoryInfo[repositoryName=short3945bc5e092b90459b0a7f006df5f64347fdtstexc-solution, repositoryType=solution, triggeredByPushTo=solution, assignmentRepositoryUri=http://localhost:49152/git/SHORT3945BC5E092B90459B0A7F006DF5F64347FDTSTEXC/short3945bc5e092b90459b0a7f006df5f64347fdtstexc-solution.git, testRepositoryUri=http://localhost:49152/git/SHORT3945BC5E092B90459B0A7F006DF5F64347FDTSTEXC/short3945bc5e092b90459b0a7f006df5f64347fdtstexc-tests.git, solutionRepositoryUri=null, auxiliaryRepositoryUris=[Ljava.lang.String;@4989038d, auxiliaryRepositoryCheckoutDirectories=[Ljava.lang.String;@1bd2312], jobTimingInfo=JobTimingInfo[submissionDate=2025-02-14T23:45:57.232907777Z[Etc/UTC], buildStartDate=2025-02-14T23:45:57.240437339Z[Etc/UTC], buildCompletionDate=2025-02-14T23:45:58.062328619Z[Etc/UTC], estimatedCompletionDate=2025-02-14T23:46:16.240428743Z[Etc/UTC], estimatedDuration=19], buildConfig=BuildConfig[buildScript=#!/bin/bash
cd /var/tmp/testing-dir
chmod +x ./gradlew
./gradlew clean test
, dockerImage=dummy-docker-image:latest, commitHashToBuild=c315388a235502fd958ae3c7ffbbbbf126a8fe21, assignmentCommitHash=c315388a235502fd958ae3c7ffbbbbf126a8fe21, testCommitHash=28488095271179f4eface46480ec45511f50df5d, branch=main, programmingLanguage=JAVA, projectType=PLAIN_GRADLE, scaEnabled=false, sequentialTestRunsEnabled=false, resultPaths=[/var/tmp/testing-dir/**/test-results/test/*.xml], timeoutSeconds=0, assignmentCheckoutPath=null, testCheckoutPath=null, solutionCheckoutPath=null, dockerRunConfig=null], submissionResult=ResultDTO[id=641, completionDate=2025-02-14T23:45:58.032353400Z[Etc/UTC], successful=true, score=100.0, rated=true, submission=SubmissionDTO[id=835, submitted=true, type=MANUAL, exampleSubmission=null, submissionDate=2025-02-14T23:45:57.222714Z, commitHash=c315388a235502fd958ae3c7ffbbbbf126a8fe21, buildFailed=false, buildArtifact=false, participation=ParticipationDTO[id=2043, testRun=false, type=solution, submissionCount=null, exercise=ParticipationExerciseDTO[id=2615, exerciseType=PROGRAMMING, type=programming, assessmentType=AUTOMATIC, dueDate=2025-02-16T23:45:56.808788Z, assessmentDueDate=null, maxPoints=42.0, course=CourseDTO[id=998, accuracyOfScores=1]]], submissionExerciseType=programming, isProcessing=false, buildStartDate=null, estimatedCompletionDate=null], participation=ParticipationDTO[id=2043, testRun=false, type=solution, submissionCount=null, exercise=ParticipationExerciseDTO[id=2615, exerciseType=PROGRAMMING, type=programming, assessmentType=AUTOMATIC, dueDate=2025-02-16T23:45:56.808788Z, assessmentDueDate=null, maxPoints=42.0, course=CourseDTO[id=998, accuracyOfScores=1]]], feedbacks=[FeedbackDTO[id=1037, text=null, detailText=null, hasLongFeedbackText=false, reference=null, credits=3.230769230769231, positive=true, type=AUTOMATIC, visibility=ALWAYS, testCase=TestCaseDTO[testName=testMethods[Context], id=1539]], FeedbackDTO[id=1038, text=null, detailText=null, hasLongFeedbackText=false, reference=null, credits=3.230769230769231, positive=true, type=AUTOMATIC, visibility=ALWAYS, testCase=TestCaseDTO[testName=testMethods[Policy], id=1540]], FeedbackDTO[id=1039, text=null, detailText=null, hasLongFeedbackText=false, reference=null, credits=3.230769230769231, positive=true, type=AUTOMATIC, visibility=ALWAYS, testCase=TestCaseDTO[testName=testMethods[SortStrategy], id=1541]], FeedbackDTO[id=1040, text=null, detailText=null, hasLongFeedbackText=false, reference=null, credits=3.230769230769231, positive=true, type=AUTOMATIC, visibility=ALWAYS, testCase=TestCaseDTO[testName=testClass[MergeSort], id=1536]], FeedbackDTO[id=1041, text=null, detailText=null, hasLongFeedbackText=false, reference=null, credits=3.230769230769231, positive=true, type=AUTOMATIC, visibility=ALWAYS, testCase=TestCaseDTO[testName=testClass[SortStrategy], id=1533]], FeedbackDTO[id=1042, text=null, detailText=null, hasLongFeedbackText=false, reference=null, credits=3.230769230769231, positive=true, type=AUTOMATIC, visibility=ALWAYS, testCase=TestCaseDTO[testName=testClass[BubbleSort], id=1537]], FeedbackDTO[id=1043, text=null, detailText=null, hasLongFeedbackText=false, reference=null, credits=3.230769230769231, positive=true, type=AUTOMATIC, visibility=ALWAYS, testCase=TestCaseDTO[testName=testMergeSort(), id=1542]], FeedbackDTO[id=1044, text=null, detailText=null, hasLongFeedbackText=false, reference=null, credits=3.230769230769231, positive=true, type=AUTOMATIC, visibility=ALWAYS, testCase=TestCaseDTO[testName=testUseBubbleSortForSmallList(), id=1543]], FeedbackDTO[id=1045, text=null, detailText=null, hasLongFeedbackText=false, reference=null, credits=3.230769230769231, positive=true, type=AUTOMATIC, visibility=ALWAYS, testCase=TestCaseDTO[testName=testBubbleSort(), id=1545]], FeedbackDTO[id=1046, text=null, detailText=null, hasLongFeedbackText=false, reference=null, credits=3.230769230769231, positive=true, type=AUTOMATIC, visibility=ALWAYS, testCase=TestCaseDTO[testName=testUseMergeSortForBigList(), id=1544]], FeedbackDTO[id=1047, text=null, detailText=null, hasLongFeedbackText=false, reference=null, credits=3.230769230769231, positive=true, type=AUTOMATIC, visibility=ALWAYS, testCase=TestCaseDTO[testName=testConstructors[Policy], id=1538]], FeedbackDTO[id=1048, text=null, detailText=null, hasLongFeedbackText=false, reference=null, credits=3.230769230769231, positive=true, type=AUTOMATIC, visibility=ALWAYS, testCase=TestCaseDTO[testName=testAttributes[Context], id=1534]], FeedbackDTO[id=1049, text=null, detailText=null, hasLongFeedbackText=false, reference=null, credits=3.230769230769231, positive=true, type=AUTOMATIC, visibility=ALWAYS, testCase=TestCaseDTO[testName=testAttributes[Policy], id=1535]]], assessmentType=AUTOMATIC, hasComplaint=null, exampleResult=null, testCaseCount=13, passedTestCaseCount=13, codeIssueCount=0]], BuildJobQueueItem[id=20471739576759335, name=SHORT07624A260BD060493708A050BB6FAE261DD5TSTEXC-LOCALVCCIINTSTUDENT1, buildAgent=BuildAgentDTO[name=artemis-build-agent-test, memberAddress=[127.0.0.1]:5703, displayName=artemis-build-agent-test], participationId=2047, courseId=999, exerciseId=2616, retryCount=0, priority=2, status=SUCCESSFUL, repositoryInfo=RepositoryInfo[repositoryName=short07624a260bd060493708a050bb6fae261dd5tstexc-localvcciintstudent1, repositoryType=user, triggeredByPushTo=user, assignmentRepositoryUri=http://localhost:49152/git/SHORT07624A260BD060493708A050BB6FAE261DD5TSTEXC/short07624a260bd060493708a050bb6fae261dd5tstexc-localvcciintstudent1.git, testRepositoryUri=http://localhost:49152/git/SHORT07624A260BD060493708A050BB6FAE261DD5TSTEXC/short07624a260bd060493708a050bb6fae261dd5tstexc-tests.git, solutionRepositoryUri=null, auxiliaryRepositoryUris=[Ljava.lang.String;@3cd61816, auxiliaryRepositoryCheckoutDirectories=[Ljava.lang.String;@562e077], jobTimingInfo=JobTimingInfo[submissionDate=2025-02-14T23:45:59.335772293Z[Etc/UTC], buildStartDate=2025-02-14T23:45:59.344175895Z[Etc/UTC], buildCompletionDate=2025-02-14T23:46:00.603413500Z[Etc/UTC], estimatedCompletionDate=2025-02-14T23:46:18.344169813Z[Etc/UTC], estimatedDuration=19], buildConfig=BuildConfig[buildScript=#!/bin/bash
cd /var/tmp/testing-dir
chmod +x ./gradlew
./gradlew clean test
, dockerImage=dummy-docker-image:latest, commitHashToBuild=18a07c7296dd70e3280c5bdcec7fccd0be6b8148, assignmentCommitHash=18a07c7296dd70e3280c5bdcec7fccd0be6b8148, testCommitHash=d654a233667bae063bb900e455fd2da456e10333, branch=main, programmingLanguage=JAVA, projectType=PLAIN_GRADLE, scaEnabled=false, sequentialTestRunsEnabled=false, resultPaths=[/var/tmp/testing-dir/**/test-results/test/*.xml], timeoutSeconds=0, assignmentCheckoutPath=null, testCheckoutPath=null, solutionCheckoutPath=null, dockerRunConfig=null], submissionResult=ResultDTO[id=642, completionDate=2025-02-14T23:46:00.583368808Z[Etc/UTC], successful=false, score=7.7, rated=true, submission=SubmissionDTO[id=836, submitted=true, type=MANUAL, exampleSubmission=null, submissionDate=2025-02-14T23:45:59.324416Z, commitHash=18a07c7296dd70e3280c5bdcec7fccd0be6b8148, buildFailed=false, buildArtifact=false, participation=ParticipationDTO[id=2047, testRun=false, type=programming, submissionCount=null, exercise=ParticipationExerciseDTO[id=2616, exerciseType=PROGRAMMING, type=programming, assessmentType=AUTOMATIC, dueDate=2025-02-16T23:45:58.958237Z, assessmentDueDate=null, maxPoints=42.0, course=CourseDTO[id=999, accuracyOfScores=1]]], submissionExerciseType=programming, isProcessing=false, buildStartDate=null, estimatedCompletionDate=null], participation=ParticipationDTO[id=2047, testRun=false, type=programming, submissionCount=null, exercise=ParticipationExerciseDTO[id=2616, exerciseType=PROGRAMMING, type=programming, assessmentType=AUTOMATIC, dueDate=2025-02-16T23:45:58.958237Z, assessmentDueDate=null, maxPoints=42.0, course=CourseDTO[id=999, accuracyOfScores=1]]], feedbacks=[FeedbackDTO[id=1050, text=null, detailText=The exercise expects a class with the name Context in the package testpackage. You did not implement the class in the exercise., hasLongFeedbackText=false, reference=null, credits=0.0, positive=false, type=AUTOMATIC, visibility=ALWAYS, testCase=TestCaseDTO[testName=null, id=1552]], FeedbackDTO[id=1051, text=null, detailText=The exercise expects a class with the name Policy in the package testpackage. You did not implement the class in the exercise., hasLongFeedbackText=false, reference=null, credits=0.0, positive=false, type=AUTOMATIC, visibility=ALWAYS, testCase=TestCaseDTO[testName=null, id=1553]], FeedbackDTO[id=1052, text=null, detailText=The exercise expects a class with the name SortStrategy in the package testpackage. You did not implement the class in the exercise., hasLongFeedbackText=false, reference=null, credits=0.0, positive=false, type=AUTOMATIC, visibility=ALWAYS, testCase=TestCaseDTO[testName=null, id=1554]], FeedbackDTO[id=1053, text=null, detailText=The class 'MergeSort' does not implement the interface 'SortStrategy' as expected. Implement the interface and its methods., hasLongFeedbackText=false, reference=null, credits=0.0, positive=false, type=AUTOMATIC, visibility=ALWAYS, testCase=TestCaseDTO[testName=null, id=1549]], FeedbackDTO[id=1054, text=null, detailText=The exercise expects a class with the name SortStrategy in the package testpackage. You did not implement the class in the exercise., hasLongFeedbackText=false, reference=null, credits=0.0, positive=false, type=AUTOMATIC, visibility=ALWAYS, testCase=TestCaseDTO[testName=null, id=1546]], FeedbackDTO[id=1055, text=null, detailText=The class 'BubbleSort' does not implement the interface 'SortStrategy' as expected. Implement the interface and its methods., hasLongFeedbackText=false, reference=null, credits=0.0, positive=false, type=AUTOMATIC, visibility=ALWAYS, testCase=TestCaseDTO[testName=null, id=1550]], FeedbackDTO[id=1056, text=null, detailText=MergeSort does not sort correctly, hasLongFeedbackText=false, reference=null, credits=0.0, positive=false, type=AUTOMATIC, visibility=ALWAYS, testCase=TestCaseDTO[testName=null, id=1555]], FeedbackDTO[id=1057, text=null, detailText=The class 'Context' was not found within the submission. Make sure to implement it properly., hasLongFeedbackText=false, reference=null, credits=0.0, positive=false, type=AUTOMATIC, visibility=ALWAYS, testCase=TestCaseDTO[testName=null, id=1556]], FeedbackDTO[id=1058, text=null, detailText=The class 'Context' was not found within the submission. Make sure to implement it properly., hasLongFeedbackText=false, reference=null, credits=0.0, positive=false, type=AUTOMATIC, visibility=ALWAYS, testCase=TestCaseDTO[testName=null, id=1557]], FeedbackDTO[id=1059, text=null, detailText=The exercise expects a class with the name Policy in the package testpackage. You did not implement the class in the exercise., hasLongFeedbackText=false, reference=null, credits=0.0, positive=false, type=AUTOMATIC, visibility=ALWAYS, testCase=TestCaseDTO[testName=null, id=1551]], FeedbackDTO[id=1060, text=null, detailText=The exercise expects a class with the name Context in the package testpackage. You did not implement the class in the exercise., hasLongFeedbackText=false, reference=null, credits=0.0, positive=false, type=AUTOMATIC, visibility=ALWAYS, testCase=TestCaseDTO[testName=null, id=1547]], FeedbackDTO[id=1061, text=null, detailText=The exercise expects a class with the name Policy in the package testpackage. You did not implement the class in the exercise., hasLongFeedbackText=false, reference=null, credits=0.0, positive=false, type=AUTOMATIC, visibility=ALWAYS, testCase=TestCaseDTO[testName=null, id=1548]], FeedbackDTO[id=1062, text=null, detailText=null, hasLongFeedbackText=false, reference=null, credits=3.230769230769231, positive=true, type=AUTOMATIC, visibility=ALWAYS, testCase=TestCaseDTO[testName=null, id=1558]]], assessmentType=AUTOMATIC, hasComplaint=null, exampleResult=null, testCaseCount=13, passedTestCaseCount=1, codeIssueCount=0]], BuildJobQueueItem[id=20631739576764096, name=SHORT4DC244B40E51904DBF09D1D07EFB51569A98T9E7-BASE, buildAgent=BuildAgentDTO[name=artemis-build-agent-test, memberAddress=[127.0.0.1]:5703, displayName=artemis-build-agent-test], participationId=2063, courseId=1004, exerciseId=2622, retryCount=0, priority=2, status=SUCCESSFUL, repositoryInfo=RepositoryInfo[repositoryName=short4dc244b40e51904dbf09d1d07efb51569a98t9e7-exercise, repositoryType=exercise, triggeredByPushTo=exercise, assignmentRepositoryUri=http://localhost:49152/git/SHORT4DC244B40E51904DBF09D1D07EFB51569A98T9E7/short4dc244b40e51904dbf09d1d07efb51569a98t9e7-exercise.git, testRepositoryUri=http://localhost:49152/git/SHORT4DC244B40E51904DBF09D1D07EFB51569A98T9E7/short4dc244b40e51904dbf09d1d07efb51569a98t9e7-tests.git, solutionRepositoryUri=null, auxiliaryRepositoryUris=[Ljava.lang.String;@4761e3d, auxiliaryRepositoryCheckoutDirectories=[Ljava.lang.String;@6c3b1812], jobTimingInfo=JobTimingInfo[submissionDate=2025-02-14T23:46:04.096728486Z[Etc/UTC], buildStartDate=2025-02-14T23:46:04.102262636Z[Etc/UTC], buildCompletionDate=2025-02-14T23:46:05.226227728Z[Etc/UTC], estimatedCompletionDate=2025-02-14T23:46:23.102258508Z[Etc/UTC], estimatedDuration=19], buildConfig=BuildConfig[buildScript=#!/bin/bash
cd /var/tmp/testing-dir
Some script, dockerImage=dummy-docker-image, commitHashToBuild=null, assignmentCommitHash=c012d390834ea02544e9b3baca8f528ff58cb582, testCommitHash=106892b5032dbcc929f32d283777eb646a0a7ab0, branch=main, programmingLanguage=JAVA, projectType=PLAIN_GRADLE, scaEnabled=false, sequentialTestRunsEnabled=false, resultPaths=[/var/tmp/testing-dir/**/test-results/test/*.xml], timeoutSeconds=0, assignmentCheckoutPath=null, testCheckoutPath=null, solutionCheckoutPath=null, dockerRunConfig=null], submissionResult=ResultDTO[id=643, completionDate=2025-02-14T23:46:05.207991505Z[Etc/UTC], successful=false, score=0.0, rated=true, submission=SubmissionDTO[id=838, submitted=false, type=INSTRUCTOR, exampleSubmission=null, submissionDate=2025-02-14T23:46:04.057795Z, commitHash=c012d390834ea02544e9b3baca8f528ff58cb582, buildFailed=false, buildArtifact=false, participation=ParticipationDTO[id=2063, testRun=false, type=template, submissionCount=null, exercise=ParticipationExerciseDTO[id=2622, exerciseType=PROGRAMMING, type=programming, assessmentType=SEMI_AUTOMATIC, dueDate=2025-02-21T23:46:03.542650Z, assessmentDueDate=null, maxPoints=5.0, course=CourseDTO[id=1004, accuracyOfScores=1]]], submissionExerciseType=programming, isProcessing=false, buildStartDate=null, estimatedCompletionDate=null], participation=ParticipationDTO[id=2063, testRun=false, type=template, submissionCount=null, exercise=ParticipationExerciseDTO[id=2622, exerciseType=PROGRAMMING, type=programming, assessmentType=SEMI_AUTOMATIC, dueDate=2025-02-21T23:46:03.542650Z, assessmentDueDate=null, maxPoints=5.0, course=CourseDTO[id=1004, accuracyOfScores=1]]], feedbacks=[FeedbackDTO[id=1063, text=testMethods[Context], detailText=The exercise expects a class with the name Context in the package testpackage. You did not implement the class in the exercise., hasLongFeedbackText=false, reference=null, credits=null, positive=false, type=AUTOMATIC, visibility=null, testCase=null], FeedbackDTO[id=1064, text=testMethods[Policy], detailText=The exercise expects a class with the name Policy in the package testpackage. You did not implement the class in the exercise., hasLongFeedbackText=false, reference=null, credits=null, positive=false, type=AUTOMATIC, visibility=null, testCase=null], FeedbackDTO[id=1065, text=testMethods[SortStrategy], detailText=The exercise expects a class with the name SortStrategy in the package testpackage. You did not implement the class in the exercise., hasLongFeedbackText=false, reference=null, credits=null, positive=false, type=AUTOMATIC, visibility=null, testCase=null], FeedbackDTO[id=1066, text=testClass[MergeSort], detailText=The class 'MergeSort' does not implement the interface 'SortStrategy' as expected. Implement the interface and its methods., hasLongFeedbackText=false, reference=null, credits=null, positive=false, type=AUTOMATIC, visibility=null, testCase=null], FeedbackDTO[id=1067, text=testClass[SortStrategy], detailText=The exercise expects a class with the name SortStrategy in the package testpackage. You did not implement the class in the exercise., hasLongFeedbackText=false, reference=null, credits=null, positive=false, type=AUTOMATIC, visibility=null, testCase=null], FeedbackDTO[id=1068, text=testClass[BubbleSort], detailText=The class 'BubbleSort' does not implement the interface 'SortStrategy' as expected. Implement the interface and its methods., hasLongFeedbackText=false, reference=null, credits=null, positive=false, type=AUTOMATIC, visibility=null, testCase=null], FeedbackDTO[id=1069, text=testMergeSort(), detailText=MergeSort does not sort correctly, hasLongFeedbackText=false, reference=null, credits=null, positive=false, type=AUTOMATIC, visibility=null, testCase=null], FeedbackDTO[id=1070, text=testUseBubbleSortForSmallList(), detailText=The class 'Context' was not found within the submission. Make sure to implement it properly., hasLongFeedbackText=false, reference=null, credits=null, positive=false, type=AUTOMATIC, visibility=null, testCase=null], FeedbackDTO[id=1071, text=testBubbleSort(), detailText=BubbleSort does not sort correctly, hasLongFeedbackText=false, reference=null, credits=null, positive=false, type=AUTOMATIC, visibility=null, testCase=null], FeedbackDTO[id=1072, text=testUseMergeSortForBigList(), detailText=The class 'Context' was not found within the submission. Make sure to implement it properly., hasLongFeedbackText=false, reference=null, credits=null, positive=false, type=AUTOMATIC, visibility=null, testCase=null], FeedbackDTO[id=1073, text=testConstructors[Policy], detailText=The exercise expects a class with the name Policy in the package testpackage. You did not implement the class in the exercise., hasLongFeedbackText=false, reference=null, credits=null, positive=false, type=AUTOMATIC, visibility=null, testCase=null], FeedbackDTO[id=1074, text=testAttributes[Context], detailText=The exercise expects a class with the name Context in the package testpackage. You did not implement the class in the exercise., hasLongFeedbackText=false, reference=null, credits=null, positive=false, type=AUTOMATIC, visibility=null, testCase=null], FeedbackDTO[id=1075, text=testAttributes[Policy], detailText=The exercise expects a class with the name Policy in the package testpackage. You did not implement the class in the exercise., hasLongFeedbackText=false, reference=null, credits=null, positive=false, type=AUTOMATIC, visibility=null, testCase=null]], assessmentType=AUTOMATIC, hasComplaint=null, exampleResult=null, testCaseCount=13, passedTestCaseCount=0, codeIssueCount=0]], BuildJobQueueItem[id=20641739576764112, name=SHORT4DC244B40E51904DBF09D1D07EFB51569A98T9E7-SOLUTION, buildAgent=BuildAgentDTO[name=artemis-build-agent-test, memberAddress=[127.0.0.1]:5703, displayName=artemis-build-agent-test], participationId=2064, courseId=1004, exerciseId=2622, retryCount=0, priority=2, status=SUCCESSFUL, repositoryInfo=RepositoryInfo[repositoryName=short4dc244b40e51904dbf09d1d07efb51569a98t9e7-solution, repositoryType=solution, triggeredByPushTo=solution, assignmentRepositoryUri=http://localhost:49152/git/SHORT4DC244B40E51904DBF09D1D07EFB51569A98T9E7/short4dc244b40e51904dbf09d1d07efb51569a98t9e7-solution.git, testRepositoryUri=http://localhost:49152/git/SHORT4DC244B40E51904DBF09D1D07EFB51569A98T9E7/short4dc244b40e51904dbf09d1d07efb51569a98t9e7-tests.git, solutionRepositoryUri=null, auxiliaryRepositoryUris=[Ljava.lang.String;@6021ab2b, auxiliaryRepositoryCheckoutDirectories=[Ljava.lang.String;@72529e00], jobTimingInfo=JobTimingInfo[submissionDate=2025-02-14T23:46:04.112126913Z[Etc/UTC], buildStartDate=2025-02-14T23:46:05.232264507Z[Etc/UTC], buildCompletionDate=2025-02-14T23:46:06.182915498Z[Etc/UTC], estimatedCompletionDate=2025-02-14T23:46:24.232260149Z[Etc/UTC], estimatedDuration=19], buildConfig=BuildConfig[buildScript=#!/bin/bash
cd /var/tmp/testing-dir
Some script, dockerImage=dummy-docker-image, commitHashToBuild=null, assignmentCommitHash=221330b9b164316cadedcd1505ff3260d90e6691, testCommitHash=106892b5032dbcc929f32d283777eb646a0a7ab0, branch=main, programmingLanguage=JAVA, projectType=PLAIN_GRADLE, scaEnabled=false, sequentialTestRunsEnabled=false, resultPaths=[/var/tmp/testing-dir/**/test-results/test/*.xml], timeoutSeconds=0, assignmentCheckoutPath=null, testCheckoutPath=null, solutionCheckoutPath=null, dockerRunConfig=null], submissionResult=ResultDTO[id=644, completionDate=2025-02-14T23:46:06.169385846Z[Etc/UTC], successful=true, score=100.0, rated=true, submission=SubmissionDTO[id=837, submitted=false, type=INSTRUCTOR, exampleSubmission=null, submissionDate=2025-02-14T23:46:04.038689Z, commitHash=221330b9b164316cadedcd1505ff3260d90e6691, buildFailed=false, buildArtifact=false, participation=ParticipationDTO[id=2064, testRun=false, type=solution, submissionCount=null, exercise=ParticipationExerciseDTO[id=2622, exerciseType=PROGRAMMING, type=programming, assessmentType=SEMI_AUTOMATIC, dueDate=2025-02-21T23:46:03.542650Z, assessmentDueDate=null, maxPoints=5.0, course=CourseDTO[id=1004, accuracyOfScores=1]]], submissionExerciseType=programming, isProcessing=false, buildStartDate=null, estimatedCompletionDate=null], participation=ParticipationDTO[id=2064, testRun=false, type=solution, submissionCount=null, exercise=ParticipationExerciseDTO[id=2622, exerciseType=PROGRAMMING, type=programming, assessmentType=SEMI_AUTOMATIC, dueDate=2025-02-21T23:46:03.542650Z, assessmentDueDate=null, maxPoints=5.0, course=CourseDTO[id=1004, accuracyOfScores=1]]], feedbacks=[FeedbackDTO[id=1076, text=null, detailText=null, hasLongFeedbackText=false, reference=null, credits=0.38461538461538464, positive=true, type=AUTOMATIC, visibility=ALWAYS, testCase=TestCaseDTO[testName=testMethods[Context], id=1612]], FeedbackDTO[id=1077, text=null, detailText=null, hasLongFeedbackText=false, reference=null, credits=0.38461538461538464, positive=true, type=AUTOMATIC, visibility=ALWAYS, testCase=TestCaseDTO[testName=testMethods[Policy], id=1611]], FeedbackDTO[id=1078, text=null, detailText=null, hasLongFeedbackText=false, reference=null, credits=0.38461538461538464, positive=true, type=AUTOMATIC, visibility=ALWAYS, testCase=TestCaseDTO[testName=testMethods[SortStrategy], id=1613]], FeedbackDTO[id=1079, text=null, detailText=null, hasLongFeedbackText=false, reference=null, credits=0.38461538461538464, positive=true, type=AUTOMATIC, visibility=ALWAYS, testCase=TestCaseDTO[testName=testClass[MergeSort], id=1614]], FeedbackDTO[id=1080, text=null, detailText=null, hasLongFeedbackText=false, reference=null, credits=0.38461538461538464, positive=true, type=AUTOMATIC, visibility=ALWAYS, testCase=TestCaseDTO[testName=testClass[SortStrategy], id=1617]], FeedbackDTO[id=1081, text=null, detailText=null, hasLongFeedbackText=false, reference=null, credits=0.38461538461538464, positive=true, type=AUTOMATIC, visibility=ALWAYS, testCase=TestCaseDTO[testName=testClass[BubbleSort], id=1618]], FeedbackDTO[id=1082, text=null, detailText=null, hasLongFeedbackText=false, reference=null, credits=0.38461538461538464, positive=true, type=AUTOMATIC, visibility=ALWAYS, testCase=TestCaseDTO[testName=testMergeSort(), id=1620]], FeedbackDTO[id=1083, text=null, detailText=null, hasLongFeedbackText=false, reference=null, credits=0.38461538461538464, positive=true, type=AUTOMATIC, visibility=ALWAYS, testCase=TestCaseDTO[testName=testUseBubbleSortForSmallList(), id=1622]], FeedbackDTO[id=1084, text=null, detailText=null, hasLongFeedbackText=false, reference=null, credits=0.38461538461538464, positive=true, type=AUTOMATIC, visibility=ALWAYS, testCase=TestCaseDTO[testName=testBubbleSort(), id=1615]], FeedbackDTO[id=1085, text=null, detailText=null, hasLongFeedbackText=false, reference=null, credits=0.38461538461538464, positive=true, type=AUTOMATIC, visibility=ALWAYS, testCase=TestCaseDTO[testName=testUseMergeSortForBigList(), id=1619]], FeedbackDTO[id=1086, text=null, detailText=null, hasLongFeedbackText=false, reference=null, credits=0.38461538461538464, positive=true, type=AUTOMATIC, visibility=ALWAYS, testCase=TestCaseDTO[testName=testConstructors[Policy], id=1623]], FeedbackDTO[id=1087, text=null, detailText=null, hasLongFeedbackText=false, reference=null, credits=0.38461538461538464, positive=true, type=AUTOMATIC, visibility=ALWAYS, testCase=TestCaseDTO[testName=testAttributes[Context], id=1616]], FeedbackDTO[id=1088, text=null, detailText=null, hasLongFeedbackText=false, reference=null, credits=0.38461538461538464, positive=true, type=AUTOMATIC, visibility=ALWAYS, testCase=TestCaseDTO[testName=testAttributes[Policy], id=1621]]], assessmentType=AUTOMATIC, hasComplaint=null, exampleResult=null, testCaseCount=13, passedTestCaseCount=13, codeIssueCount=0]], BuildJobQueueItem[id=20711739576769873, name=SHORT119ADC0203685047B60A48204B1EA14EB29EIMPORTED-BASE, buildAgent=BuildAgentDTO[name=artemis-build-agent-test, memberAddress=[127.0.0.1]:5703, displayName=artemis-build-agent-test], participationId=2071, courseId=1007, exerciseId=2625, retryCount=0, priority=2, status=SUCCESSFUL, repositoryInfo=RepositoryInfo[repositoryName=short119adc0203685047b60a48204b1ea14eb29eimported-exercise, repositoryType=exercise, triggeredByPushTo=exercise, assignmentRepositoryUri=http://localhost:49152/git/SHORT119ADC0203685047B60A48204B1EA14EB29EIMPORTED/short119adc0203685047b60a48204b1ea14eb29eimported-exercise.git, testRepositoryUri=http://localhost:49152/git/SHORT119ADC0203685047B60A48204B1EA14EB29EIMPORTED/short119adc0203685047b60a48204b1ea14eb29eimported-tests.git, solutionRepositoryUri=null, auxiliaryRepositoryUris=[Ljava.lang.String;@46e1e181, auxiliaryRepositoryCheckoutDirectories=[Ljava.lang.String;@72ae9ac7], jobTimingInfo=JobTimingInfo[submissionDate=2025-02-14T23:46:09.873880717Z[Etc/UTC], buildStartDate=2025-02-14T23:46:09.877078790Z[Etc/UTC], buildCompletionDate=2025-02-14T23:46:11.190344481Z[Etc/UTC], estimatedCompletionDate=2025-02-14T23:46:28.877074652Z[Etc/UTC], estimatedDuration=19], buildConfig=BuildConfig[buildScript=#!/bin/bash
cd /var/tmp/testing-dir
chmod +x ./gradlew
./gradlew clean test
, dockerImage=dummy-docker-image, commitHashToBuild=null, assignmentCommitHash=fdf5d18917d97180fa8cd8dbe85fef02e40bdd6d, testCommitHash=fdf5d18917d97180fa8cd8dbe85fef02e40bdd6d, branch=main, programmingLanguage=JAVA, projectType=PLAIN_GRADLE, scaEnabled=false, sequentialTestRunsEnabled=false, resultPaths=[/var/tmp/testing-dir/**/test-results/test/*.xml], timeoutSeconds=0, assignmentCheckoutPath=null, testCheckoutPath=null, solutionCheckoutPath=null, dockerRunConfig=null], submissionResult=ResultDTO[id=645, completionDate=2025-02-14T23:46:11.157476754Z[Etc/UTC], successful=false, score=0.0, rated=true, submission=SubmissionDTO[id=839, submitted=true, type=MANUAL, exampleSubmission=null, submissionDate=2025-02-14T23:46:07.288584092Z[Etc/UTC], commitHash=fdf5d18917d97180fa8cd8dbe85fef02e40bdd6d, buildFailed=false, buildArtifact=false, participation=ParticipationDTO[id=2071, testRun=false, type=template, submissionCount=null, exercise=ParticipationExerciseDTO[id=2625, exerciseType=PROGRAMMING, type=programming, assessmentType=AUTOMATIC, dueDate=2025-02-16T23:46:09.110273Z, assessmentDueDate=null, maxPoints=42.0, course=CourseDTO[id=1007, accuracyOfScores=1]]], submissionExerciseType=programming, isProcessing=false, buildStartDate=null, estimatedCompletionDate=null], participation=ParticipationDTO[id=2071, testRun=false, type=template, submissionCount=null, exercise=ParticipationExerciseDTO[id=2625, exerciseType=PROGRAMMING, type=programming, assessmentType=AUTOMATIC, dueDate=2025-02-16T23:46:09.110273Z, assessmentDueDate=null, maxPoints=42.0, course=CourseDTO[id=1007, accuracyOfScores=1]]], feedbacks=[FeedbackDTO[id=1089, text=testMethods[Context], detailText=The exercise expects a class with the name Context in the package testpackage. You did not implement the class in the exercise., hasLongFeedbackText=false, reference=null, credits=null, positive=false, type=AUTOMATIC, visibility=null, testCase=null], FeedbackDTO[id=1090, text=testMethods[Policy], detailText=The exercise expects a class with the name Policy in the package testpackage. You did not implement the class in the exercise., hasLongFeedbackText=false, reference=null, credits=null, positive=false, type=AUTOMATIC, visibility=null, testCase=null], FeedbackDTO[id=1091, text=testMethods[SortStrategy], detailText=The exercise expects a class with the name SortStrategy in the package testpackage. You did not implement the class in the exercise., hasLongFeedbackText=false, reference=null, credits=null, positive=false, type=AUTOMATIC, visibility=null, testCase=null], FeedbackDTO[id=1092, text=testClass[MergeSort], detailText=The class 'MergeSort' does not implement the interface 'SortStrategy' as expected. Implement the interface and its methods., hasLongFeedbackText=false, reference=null, credits=null, positive=false, type=AUTOMATIC, visibility=null, testCase=null], FeedbackDTO[id=1093, text=testClass[SortStrategy], detailText=The exercise expects a class with the name SortStrategy in the package testpackage. You did not implement the class in the exercise., hasLongFeedbackText=false, reference=null, credits=null, positive=false, type=AUTOMATIC, visibility=null, testCase=null], FeedbackDTO[id=1094, text=testClass[BubbleSort], detailText=The class 'BubbleSort' does not implement the interface 'SortStrategy' as expected. Implement the interface and its methods., hasLongFeedbackText=false, reference=null, credits=null, positive=false, type=AUTOMATIC, visibility=null, testCase=null], FeedbackDTO[id=1095, text=testMergeSort(), detailText=MergeSort does not sort correctly, hasLongFeedbackText=false, reference=null, credits=null, positive=false, type=AUTOMATIC, visibility=null, testCase=null], FeedbackDTO[id=1096, text=testUseBubbleSortForSmallList(), detailText=The class 'Context' was not found within the submission. Make sure to implement it properly., hasLongFeedbackText=false, reference=null, credits=null, positive=false, type=AUTOMATIC, visibility=null, testCase=null], FeedbackDTO[id=1097, text=testBubbleSort(), detailText=BubbleSort does not sort correctly, hasLongFeedbackText=false, reference=null, credits=null, positive=false, type=AUTOMATIC, visibility=null, testCase=null], FeedbackDTO[id=1098, text=testUseMergeSortForBigList(), detailText=The class 'Context' was not found within the submission. Make sure to implement it properly., hasLongFeedbackText=false, reference=null, credits=null, positive=false, type=AUTOMATIC, visibility=null, testCase=null], FeedbackDTO[id=1099, text=testConstructors[Policy], detailText=The exercise expects a class with the name Policy in the package testpackage. You did not implement the class in the exercise., hasLongFeedbackText=false, reference=null, credits=null, positive=false, type=AUTOMATIC, visibility=null, testCase=null], FeedbackDTO[id=1100, text=testAttributes[Context], detailText=The exercise expects a class with the name Context in the package testpackage. You did not implement the class in the exercise., hasLongFeedbackText=false, reference=null, credits=null, positive=false, type=AUTOMATIC, visibility=null, testCase=null], FeedbackDTO[id=1101, text=testAttributes[Policy], detailText=The exercise expects a class with the name Policy in the package testpackage. You did not implement the class in the exercise., hasLongFeedbackText=false, reference=null, credits=null, positive=false, type=AUTOMATIC, visibility=null, testCase=null]], assessmentType=AUTOMATIC, hasComplaint=null, exampleResult=null, testCaseCount=13, passedTestCaseCount=0, codeIssueCount=0]], BuildJobQueueItem[id=20721739576769890, name=SHORT119ADC0203685047B60A48204B1EA14EB29EIMPORTED-SOLUTION, buildAgent=BuildAgentDTO[name=artemis-build-agent-test, memberAddress=[127.0.0.1]:5703, displayName=artemis-build-agent-test], participationId=2072, courseId=1007, exerciseId=2625, retryCount=0, priority=2, status=SUCCESSFUL, repositoryInfo=RepositoryInfo[repositoryName=short119adc0203685047b60a48204b1ea14eb29eimported-solution, repositoryType=solution, triggeredByPushTo=solution, assignmentRepositoryUri=http://localhost:49152/git/SHORT119ADC0203685047B60A48204B1EA14EB29EIMPORTED/short119adc0203685047b60a48204b1ea14eb29eimported-solution.git, testRepositoryUri=http://localhost:49152/git/SHORT119ADC0203685047B60A48204B1EA14EB29EIMPORTED/short119adc0203685047b60a48204b1ea14eb29eimported-tests.git, solutionRepositoryUri=null, auxiliaryRepositoryUris=[Ljava.lang.String;@1fbb0f4a, auxiliaryRepositoryCheckoutDirectories=[Ljava.lang.String;@79ff2023], jobTimingInfo=JobTimingInfo[submissionDate=2025-02-14T23:46:09.890822804Z[Etc/UTC], buildStartDate=2025-02-14T23:46:11.208247329Z[Etc/UTC], buildCompletionDate=2025-02-14T23:46:12.589293923Z[Etc/UTC], estimatedCompletionDate=2025-02-14T23:46:30.208240637Z[Etc/UTC], estimatedDuration=19], buildConfig=BuildConfig[buildScript=#!/bin/bash
cd /var/tmp/testing-dir
chmod +x ./gradlew
./gradlew clean test
, dockerImage=dummy-docker-image, commitHashToBuild=null, assignmentCommitHash=fdf5d18917d97180fa8cd8dbe85fef02e40bdd6d, testCommitHash=fdf5d18917d97180fa8cd8dbe85fef02e40bdd6d, branch=main, programmingLanguage=JAVA, projectType=PLAIN_GRADLE, scaEnabled=false, sequentialTestRunsEnabled=false, resultPaths=[/var/tmp/testing-dir/**/test-results/test/*.xml], timeoutSeconds=0, assignmentCheckoutPath=null, testCheckoutPath=null, solutionCheckoutPath=null, dockerRunConfig=null], submissionResult=ResultDTO[id=646, completionDate=2025-02-14T23:46:12.549974956Z[Etc/UTC], successful=true, score=100.0, rated=true, submission=SubmissionDTO[id=840, submitted=true, type=MANUAL, exampleSubmission=null, submissionDate=2025-02-14T23:46:07.288584092Z[Etc/UTC], commitHash=fdf5d18917d97180fa8cd8dbe85fef02e40bdd6d, buildFailed=false, buildArtifact=false, participation=ParticipationDTO[id=2072, testRun=false, type=solution, submissionCount=null, exercise=ParticipationExerciseDTO[id=2625, exerciseType=PROGRAMMING, type=programming, assessmentType=AUTOMATIC, dueDate=2025-02-16T23:46:09.110273Z, assessmentDueDate=null, maxPoints=42.0, course=CourseDTO[id=1007, accuracyOfScores=1]]], submissionExerciseType=programming, isProcessing=false, buildStartDate=null, estimatedCompletionDate=null], participation=ParticipationDTO[id=2072, testRun=false, type=solution, submissionCount=null, exercise=ParticipationExerciseDTO[id=2625, exerciseType=PROGRAMMING, type=programming, assessmentType=AUTOMATIC, dueDate=2025-02-16T23:46:09.110273Z, assessmentDueDate=null, maxPoints=42.0, course=CourseDTO[id=1007, accuracyOfScores=1]]], feedbacks=[FeedbackDTO[id=1102, text=null, detailText=null, hasLongFeedbackText=false, reference=null, credits=3.230769230769231, positive=true, type=AUTOMATIC, visibility=ALWAYS, testCase=TestCaseDTO[testName=testMethods[Context], id=1624]], FeedbackDTO[id=1103, text=null, detailText=null, hasLongFeedbackText=false, reference=null, credits=3.230769230769231, positive=true, type=AUTOMATIC, visibility=ALWAYS, testCase=TestCaseDTO[testName=testMethods[Policy], id=1625]], FeedbackDTO[id=1104, text=null, detailText=null, hasLongFeedbackText=false, reference=null, credits=3.230769230769231, positive=true, type=AUTOMATIC, visibility=ALWAYS, testCase=TestCaseDTO[testName=testMethods[SortStrategy], id=1626]], FeedbackDTO[id=1105, text=null, detailText=null, hasLongFeedbackText=false, reference=null, credits=3.230769230769231, positive=true, type=AUTOMATIC, visibility=ALWAYS, testCase=TestCaseDTO[testName=testClass[MergeSort], id=1627]], FeedbackDTO[id=1106, text=null, detailText=null, hasLongFeedbackText=false, reference=null, credits=3.230769230769231, positive=true, type=AUTOMATIC, visibility=ALWAYS, testCase=TestCaseDTO[testName=testClass[SortStrategy], id=1628]], FeedbackDTO[id=1107, text=null, detailText=null, hasLongFeedbackText=false, reference=null, credits=3.230769230769231, positive=true, type=AUTOMATIC, visibility=ALWAYS, testCase=TestCaseDTO[testName=testClass[BubbleSort], id=1629]], FeedbackDTO[id=1108, text=null, detailText=null, hasLongFeedbackText=false, reference=null, credits=3.230769230769231, positive=true, type=AUTOMATIC, visibility=ALWAYS, testCase=TestCaseDTO[testName=testMergeSort(), id=1631]], FeedbackDTO[id=1109, text=null, detailText=null, hasLongFeedbackText=false, reference=null, credits=3.230769230769231, positive=true, type=AUTOMATIC, visibility=ALWAYS, testCase=TestCaseDTO[testName=testUseBubbleSortForSmallList(), id=1633]], FeedbackDTO[id=1110, text=null, detailText=null, hasLongFeedbackText=false, reference=null, credits=3.230769230769231, positive=true, type=AUTOMATIC, visibility=ALWAYS, testCase=TestCaseDTO[testName=testBubbleSort(), id=1634]], FeedbackDTO[id=1111, text=null, detailText=null, hasLongFeedbackText=false, reference=null, credits=3.230769230769231, positive=true, type=AUTOMATIC, visibility=ALWAYS, testCase=TestCaseDTO[testName=testUseMergeSortForBigList(), id=1630]], FeedbackDTO[id=1112, text=null, detailText=null, hasLongFeedbackText=false, reference=null, credits=3.230769230769231, positive=true, type=AUTOMATIC, visibility=ALWAYS, testCase=TestCaseDTO[testName=testConstructors[Policy], id=1635]], FeedbackDTO[id=1113, text=null, detailText=null, hasLongFeedbackText=false, reference=null, credits=3.230769230769231, positive=true, type=AUTOMATIC, visibility=ALWAYS, testCase=TestCaseDTO[testName=testAttributes[Context], id=1632]], FeedbackDTO[id=1114, text=null, detailText=null, hasLongFeedbackText=false, reference=null, credits=3.230769230769231, positive=true, type=AUTOMATIC, visibility=ALWAYS, testCase=TestCaseDTO[testName=testAttributes[Policy], id=1636]]], assessmentType=AUTOMATIC, hasComplaint=null, exampleResult=null, testCaseCount=13, passedTestCaseCount=13, codeIssueCount=0]]], publicSshKey=ssh-rsa AAAAB3NzaC1yc2EAAAADAQABAAACAQCOPdMsxRE2jFJ/UEa5/LsBxtwzJcrh3/rYBCQvcMeVpiRfhzQPWu7mrt/G2Ew+i+vRloGH9aqKg6dd1liRncao53Zmd/ePxoatXePNhmzTfkCkcSkTUz7B+QMjkoDDV5jwuFPD6mF3JkhuzSi64n9Zy905t4w2IhVcjM2mL3eYNjiCXt6Qpq3Pkt7dM/Ksw1nxnvuiIALuJLB3FTkXkHqq3PJav+9HSq2r6ZaWgekneaGxlQlb+U+Vy3XOuArKAzK8c8i+0bR+AHiTG6ncYXt7ax3U+TdlDTF7OLP3umwaYjs1NBXOHwG42pevvpKn2fqavZZozk+M05jXLx3bq0O7itxfErWc7etky8qYPyyIMF/txQIVLd78+Ze4d7Y60t5MGbXM5cGE6fFif5fEJwgswXD+BrG0cafz1CTatjSKFdvp8Vp4VszXhHDan1PrP6JEFJ5Cc5GDmLRZPCFa3vL9f5qXgf4bkqKN8MYeEujwJE5nMRWoiJVNakix2bcrrneQMBlnYeYZVWXXXUusAQBzl4NgddC1umZpihZkL1b1MffZAUW3EGEXi7KHnllQhkTLLsQ8ntMgbylqaJKStqaXlLvdeRJcEnUuiFCrHEVVbXRFZR7XVDZ02CE5o3MuaRPty8Kh+jRTF3COlAckHwYEJCNNJvXFgb2CNXL4mjzYDw== test@localhost]
    23:46:12.900 | 588 artemis-task-1   | DEBUG | d.t.c.a.a.c.c.w.GzipMessageConverter : Compressed message payload from 255 to 232 (saved 9.0% payload size)
    23:46:12.901 | 566 localvc.event-13 | DEBUG | a.p.s.l.SharedQueueManagementService : Build agent updated: null
    23:46:12.909 | 566 localvc.event-13 | DEBUG | a.p.s.l.LocalCIQueueWebsocketService : Build agent updated: BuildAgentInformation[buildAgent=BuildAgentDTO[name=artemis-build-agent-test, memberAddress=[127.0.0.1]:5703, displayName=artemis-build-agent-test], maxNumberOfConcurrentBuildJobs=1, numberOfCurrentBuildJobs=0, runningBuildJobs=[], status=IDLE, recentBuildJobs=[BuildJobQueueItem[id=19581739576715555, name=SHORTC1A3F9FC03D2304B4308FA20AF16D54AAA49TSTEXC-LOCALVCSSHINTSTUDENT1, buildAgent=BuildAgentDTO[name=artemis-build-agent-test, memberAddress=[127.0.0.1]:5703, displayName=artemis-build-agent-test], participationId=1958, courseId=965, exerciseId=2582, retryCount=0, priority=2, status=FAILED, repositoryInfo=RepositoryInfo[repositoryName=shortc1a3f9fc03d2304b4308fa20af16d54aaa49tstexc-localvcsshintstudent1, repositoryType=user, triggeredByPushTo=user, assignmentRepositoryUri=http://localhost:49152/git/SHORTC1A3F9FC03D2304B4308FA20AF16D54AAA49TSTEXC/shortc1a3f9fc03d2304b4308fa20af16d54aaa49tstexc-localvcsshintstudent1.git, testRepositoryUri=http://localhost:49152/git/SHORTC1A3F9FC03D2304B4308FA20AF16D54AAA49TSTEXC/shortc1a3f9fc03d2304b4308fa20af16d54aaa49tstexc-tests.git, solutionRepositoryUri=null, auxiliaryRepositoryUris=[Ljava.lang.String;@36a5f71a, auxiliaryRepositoryCheckoutDirectories=[Ljava.lang.String;@71237fdb], jobTimingInfo=JobTimingInfo[submissionDate=2025-02-14T23:45:15.555989584Z[Etc/UTC], buildStartDate=2025-02-14T23:45:15.568477627Z[Etc/UTC], buildCompletionDate=2025-02-14T23:45:15.579021148Z[Etc/UTC], estimatedCompletionDate=2025-02-14T23:45:34.568443924Z[Etc/UTC], estimatedDuration=19], buildConfig=BuildConfig[buildScript=#!/bin/bash
cd /var/tmp/testing-dir
chmod +x ./gradlew
./gradlew clean test
, dockerImage=dummy-docker-image:latest, commitHashToBuild=ca76dac20e040e6609db02fd7fedd56bf58829d7, assignmentCommitHash=ca76dac20e040e6609db02fd7fedd56bf58829d7, testCommitHash=bd0d58c226dc63bfa4bc9052870589952c0a1f83, branch=main, programmingLanguage=JAVA, projectType=PLAIN_GRADLE, scaEnabled=false, sequentialTestRunsEnabled=false, resultPaths=[/var/tmp/testing-dir/**/test-results/test/*.xml], timeoutSeconds=0, assignmentCheckoutPath=null, testCheckoutPath=null, solutionCheckoutPath=null, dockerRunConfig=null], submissionResult=ResultDTO[id=627, completionDate=2025-02-14T23:45:15.579119131Z[Etc/UTC], successful=false, score=0.0, rated=true, submission=SubmissionDTO[id=820, submitted=true, type=MANUAL, exampleSubmission=null, submissionDate=2025-02-14T23:45:15.548349Z, commitHash=ca76dac20e040e6609db02fd7fedd56bf58829d7, buildFailed=true, buildArtifact=false, participation=ParticipationDTO[id=1958, testRun=false, type=programming, submissionCount=null, exercise=ParticipationExerciseDTO[id=2582, exerciseType=PROGRAMMING, type=programming, assessmentType=AUTOMATIC, dueDate=2025-02-16T23:45:15.103512Z, assessmentDueDate=null, maxPoints=42.0, course=CourseDTO[id=965, accuracyOfScores=1]]], submissionExerciseType=programming, isProcessing=false, buildStartDate=null, estimatedCompletionDate=null], participation=ParticipationDTO[id=1958, testRun=false, type=programming, submissionCount=null, exercise=ParticipationExerciseDTO[id=2582, exerciseType=PROGRAMMING, type=programming, assessmentType=AUTOMATIC, dueDate=2025-02-16T23:45:15.103512Z, assessmentDueDate=null, maxPoints=42.0, course=CourseDTO[id=965, accuracyOfScores=1]]], feedbacks=[], assessmentType=AUTOMATIC, hasComplaint=null, exampleResult=null, testCaseCount=0, passedTestCaseCount=0, codeIssueCount=0]], BuildJobQueueItem[id=19801739576719393, name=SHORTB2A6C58B0D447045380A858075B170A5B7C6TSTEXC-LOCALVCSSHINTSTUDENT1, buildAgent=BuildAgentDTO[name=artemis-build-agent-test, memberAddress=[127.0.0.1]:5703, displayName=artemis-build-agent-test], participationId=1980, courseId=974, exerciseId=2591, retryCount=0, priority=2, status=FAILED, repositoryInfo=RepositoryInfo[repositoryName=shortb2a6c58b0d447045380a858075b170a5b7c6tstexc-localvcsshintstudent1, repositoryType=user, triggeredByPushTo=user, assignmentRepositoryUri=http://localhost:49152/git/SHORTB2A6C58B0D447045380A858075B170A5B7C6TSTEXC/shortb2a6c58b0d447045380a858075b170a5b7c6tstexc-localvcsshintstudent1.git, testRepositoryUri=http://localhost:49152/git/SHORTB2A6C58B0D447045380A858075B170A5B7C6TSTEXC/shortb2a6c58b0d447045380a858075b170a5b7c6tstexc-tests.git, solutionRepositoryUri=null, auxiliaryRepositoryUris=[Ljava.lang.String;@715da7e4, auxiliaryRepositoryCheckoutDirectories=[Ljava.lang.String;@18b42230], jobTimingInfo=JobTimingInfo[submissionDate=2025-02-14T23:45:19.393259829Z[Etc/UTC], buildStartDate=2025-02-14T23:45:19.405438171Z[Etc/UTC], buildCompletionDate=2025-02-14T23:45:19.414070673Z[Etc/UTC], estimatedCompletionDate=2025-02-14T23:45:38.405431569Z[Etc/UTC], estimatedDuration=19], buildConfig=BuildConfig[buildScript=#!/bin/bash
cd /var/tmp/testing-dir
chmod +x ./gradlew
./gradlew clean test
, dockerImage=dummy-docker-image:latest, commitHashToBuild=363cdbf709a9fff149f813ab848ee800a675cc77, assignmentCommitHash=363cdbf709a9fff149f813ab848ee800a675cc77, testCommitHash=a5e046ece417b2e538f21f816e2524dab61e0d10, branch=main, programmingLanguage=JAVA, projectType=PLAIN_GRADLE, scaEnabled=false, sequentialTestRunsEnabled=false, resultPaths=[/var/tmp/testing-dir/**/test-results/test/*.xml], timeoutSeconds=0, assignmentCheckoutPath=null, testCheckoutPath=null, solutionCheckoutPath=null, dockerRunConfig=null], submissionResult=ResultDTO[id=628, completionDate=2025-02-14T23:45:19.414171040Z[Etc/UTC], successful=false, score=0.0, rated=true, submission=SubmissionDTO[id=821, submitted=true, type=MANUAL, exampleSubmission=null, submissionDate=2025-02-14T23:45:19.376840Z, commitHash=363cdbf709a9fff149f813ab848ee800a675cc77, buildFailed=true, buildArtifact=false, participation=ParticipationDTO[id=1980, testRun=false, type=programming, submissionCount=null, exercise=ParticipationExerciseDTO[id=2591, exerciseType=PROGRAMMING, type=programming, assessmentType=AUTOMATIC, dueDate=2025-02-16T23:45:18.950569Z, assessmentDueDate=null, maxPoints=42.0, course=CourseDTO[id=974, accuracyOfScores=1]]], submissionExerciseType=programming, isProcessing=false, buildStartDate=null, estimatedCompletionDate=null], participation=ParticipationDTO[id=1980, testRun=false, type=programming, submissionCount=null, exercise=ParticipationExerciseDTO[id=2591, exerciseType=PROGRAMMING, type=programming, assessmentType=AUTOMATIC, dueDate=2025-02-16T23:45:18.950569Z, assessmentDueDate=null, maxPoints=42.0, course=CourseDTO[id=974, accuracyOfScores=1]]], feedbacks=[], assessmentType=AUTOMATIC, hasComplaint=null, exampleResult=null, testCaseCount=0, passedTestCaseCount=0, codeIssueCount=0]], BuildJobQueueItem[id=19791739576719787, name=SHORTB2A6C58B0D447045380A858075B170A5B7C6TSTEXC-BASE, buildAgent=BuildAgentDTO[name=artemis-build-agent-test, memberAddress=[127.0.0.1]:5703, displayName=artemis-build-agent-test], participationId=1979, courseId=974, exerciseId=2591, retryCount=0, priority=2, status=FAILED, repositoryInfo=RepositoryInfo[repositoryName=shortb2a6c58b0d447045380a858075b170a5b7c6tstexc-exercise, repositoryType=exercise, triggeredByPushTo=exercise, assignmentRepositoryUri=http://localhost:49152/git/SHORTB2A6C58B0D447045380A858075B170A5B7C6TSTEXC/shortb2a6c58b0d447045380a858075b170a5b7c6tstexc-exercise.git, testRepositoryUri=http://localhost:49152/git/SHORTB2A6C58B0D447045380A858075B170A5B7C6TSTEXC/shortb2a6c58b0d447045380a858075b170a5b7c6tstexc-tests.git, solutionRepositoryUri=null, auxiliaryRepositoryUris=[Ljava.lang.String;@1300b1b, auxiliaryRepositoryCheckoutDirectories=[Ljava.lang.String;@6b077141], jobTimingInfo=JobTimingInfo[submissionDate=2025-02-14T23:45:19.787985058Z[Etc/UTC], buildStartDate=2025-02-14T23:45:19.796327417Z[Etc/UTC], buildCompletionDate=2025-02-14T23:45:19.799750982Z[Etc/UTC], estimatedCompletionDate=2025-02-14T23:45:38.796319082Z[Etc/UTC], estimatedDuration=19], buildConfig=BuildConfig[buildScript=#!/bin/bash
cd /var/tmp/testing-dir
chmod +x ./gradlew
./gradlew clean test
, dockerImage=dummy-docker-image:latest, commitHashToBuild=363cdbf709a9fff149f813ab848ee800a675cc77, assignmentCommitHash=363cdbf709a9fff149f813ab848ee800a675cc77, testCommitHash=a5e046ece417b2e538f21f816e2524dab61e0d10, branch=main, programmingLanguage=JAVA, projectType=PLAIN_GRADLE, scaEnabled=false, sequentialTestRunsEnabled=false, resultPaths=[/var/tmp/testing-dir/**/test-results/test/*.xml], timeoutSeconds=0, assignmentCheckoutPath=null, testCheckoutPath=null, solutionCheckoutPath=null, dockerRunConfig=null], submissionResult=ResultDTO[id=629, completionDate=2025-02-14T23:45:19.799820341Z[Etc/UTC], successful=false, score=0.0, rated=true, submission=SubmissionDTO[id=822, submitted=true, type=MANUAL, exampleSubmission=null, submissionDate=2025-02-14T23:45:19.775952Z, commitHash=363cdbf709a9fff149f813ab848ee800a675cc77, buildFailed=true, buildArtifact=false, participation=ParticipationDTO[id=1979, testRun=false, type=template, submissionCount=null, exercise=ParticipationExerciseDTO[id=2591, exerciseType=PROGRAMMING, type=programming, assessmentType=AUTOMATIC, dueDate=2025-02-16T23:45:18.950569Z, assessmentDueDate=null, maxPoints=42.0, course=CourseDTO[id=974, accuracyOfScores=1]]], submissionExerciseType=programming, isProcessing=false, buildStartDate=null, estimatedCompletionDate=null], participation=ParticipationDTO[id=1979, testRun=false, type=template, submissionCount=null, exercise=ParticipationExerciseDTO[id=2591, exerciseType=PROGRAMMING, type=programming, assessmentType=AUTOMATIC, dueDate=2025-02-16T23:45:18.950569Z, assessmentDueDate=null, maxPoints=42.0, course=CourseDTO[id=974, accuracyOfScores=1]]], feedbacks=[], assessmentType=AUTOMATIC, hasComplaint=null, exampleResult=null, testCaseCount=0, passedTestCaseCount=0, codeIssueCount=0]], BuildJobQueueItem[id=19781739576720235, name=SHORTB2A6C58B0D447045380A858075B170A5B7C6TSTEXC-SOLUTION, buildAgent=BuildAgentDTO[name=artemis-build-agent-test, memberAddress=[127.0.0.1]:5703, displayName=artemis-build-agent-test], participationId=1978, courseId=974, exerciseId=2591, retryCount=0, priority=2, status=FAILED, repositoryInfo=RepositoryInfo[repositoryName=shortb2a6c58b0d447045380a858075b170a5b7c6tstexc-solution, repositoryType=solution, triggeredByPushTo=solution, assignmentRepositoryUri=http://localhost:49152/git/SHORTB2A6C58B0D447045380A858075B170A5B7C6TSTEXC/shortb2a6c58b0d447045380a858075b170a5b7c6tstexc-solution.git, testRepositoryUri=http://localhost:49152/git/SHORTB2A6C58B0D447045380A858075B170A5B7C6TSTEXC/shortb2a6c58b0d447045380a858075b170a5b7c6tstexc-tests.git, solutionRepositoryUri=null, auxiliaryRepositoryUris=[Ljava.lang.String;@77f98942, auxiliaryRepositoryCheckoutDirectories=[Ljava.lang.String;@4e65802f], jobTimingInfo=JobTimingInfo[submissionDate=2025-02-14T23:45:20.235272325Z[Etc/UTC], buildStartDate=2025-02-14T23:45:20.243033812Z[Etc/UTC], buildCompletionDate=2025-02-14T23:45:20.250721018Z[Etc/UTC], estimatedCompletionDate=2025-02-14T23:45:39.243026949Z[Etc/UTC], estimatedDuration=19], buildConfig=BuildConfig[buildScript=#!/bin/bash
cd /var/tmp/testing-dir
chmod +x ./gradlew
./gradlew clean test
, dockerImage=dummy-docker-image:latest, commitHashToBuild=c710d0e68c9c7db8cda7d1a278308de2b9642cc0, assignmentCommitHash=c710d0e68c9c7db8cda7d1a278308de2b9642cc0, testCommitHash=a5e046ece417b2e538f21f816e2524dab61e0d10, branch=main, programmingLanguage=JAVA, projectType=PLAIN_GRADLE, scaEnabled=false, sequentialTestRunsEnabled=false, resultPaths=[/var/tmp/testing-dir/**/test-results/test/*.xml], timeoutSeconds=0, assignmentCheckoutPath=null, testCheckoutPath=null, solutionCheckoutPath=null, dockerRunConfig=null], submissionResult=ResultDTO[id=630, completionDate=2025-02-14T23:45:20.250809893Z[Etc/UTC], successful=false, score=0.0, rated=true, submission=SubmissionDTO[id=823, submitted=true, type=MANUAL, exampleSubmission=null, submissionDate=2025-02-14T23:45:20.211707Z, commitHash=c710d0e68c9c7db8cda7d1a278308de2b9642cc0, buildFailed=true, buildArtifact=false, participation=ParticipationDTO[id=1978, testRun=false, type=solution, submissionCount=null, exercise=ParticipationExerciseDTO[id=2591, exerciseType=PROGRAMMING, type=programming, assessmentType=AUTOMATIC, dueDate=2025-02-16T23:45:18.950569Z, assessmentDueDate=null, maxPoints=42.0, course=CourseDTO[id=974, accuracyOfScores=1]]], submissionExerciseType=programming, isProcessing=false, buildStartDate=null, estimatedCompletionDate=null], participation=ParticipationDTO[id=1978, testRun=false, type=solution, submissionCount=null, exercise=ParticipationExerciseDTO[id=2591, exerciseType=PROGRAMMING, type=programming, assessmentType=AUTOMATIC, dueDate=2025-02-16T23:45:18.950569Z, assessmentDueDate=null, maxPoints=42.0, course=CourseDTO[id=974, accuracyOfScores=1]]], feedbacks=[], assessmentType=AUTOMATIC, hasComplaint=null, exampleResult=null, testCaseCount=0, passedTestCaseCount=0, codeIssueCount=0]], BuildJobQueueItem[id=19781739576720802, name=SHORTB2A6C58B0D447045380A858075B170A5B7C6TSTEXC-SOLUTION, buildAgent=BuildAgentDTO[name=artemis-build-agent-test, memberAddress=[127.0.0.1]:5703, displayName=artemis-build-agent-test], participationId=1978, courseId=974, exerciseId=2591, retryCount=0, priority=2, status=FAILED, repositoryInfo=RepositoryInfo[repositoryName=shortb2a6c58b0d447045380a858075b170a5b7c6tstexc-solution, repositoryType=solution, triggeredByPushTo=tests, assignmentRepositoryUri=http://localhost:49152/git/SHORTB2A6C58B0D447045380A858075B170A5B7C6TSTEXC/shortb2a6c58b0d447045380a858075b170a5b7c6tstexc-solution.git, testRepositoryUri=http://localhost:49152/git/SHORTB2A6C58B0D447045380A858075B170A5B7C6TSTEXC/shortb2a6c58b0d447045380a858075b170a5b7c6tstexc-tests.git, solutionRepositoryUri=null, auxiliaryRepositoryUris=[Ljava.lang.String;@4f8c322b, auxiliaryRepositoryCheckoutDirectories=[Ljava.lang.String;@1fd1dfe2], jobTimingInfo=JobTimingInfo[submissionDate=2025-02-14T23:45:20.802935026Z[Etc/UTC], buildStartDate=2025-02-14T23:45:20.809306435Z[Etc/UTC], buildCompletionDate=2025-02-14T23:45:20.822452342Z[Etc/UTC], estimatedCompletionDate=2025-02-14T23:45:39.809298491Z[Etc/UTC], estimatedDuration=19], buildConfig=BuildConfig[buildScript=#!/bin/bash
cd /var/tmp/testing-dir
chmod +x ./gradlew
./gradlew clean test
, dockerImage=dummy-docker-image:latest, commitHashToBuild=c710d0e68c9c7db8cda7d1a278308de2b9642cc0, assignmentCommitHash=c710d0e68c9c7db8cda7d1a278308de2b9642cc0, testCommitHash=c710d0e68c9c7db8cda7d1a278308de2b9642cc0, branch=main, programmingLanguage=JAVA, projectType=PLAIN_GRADLE, scaEnabled=false, sequentialTestRunsEnabled=false, resultPaths=[/var/tmp/testing-dir/**/test-results/test/*.xml], timeoutSeconds=0, assignmentCheckoutPath=null, testCheckoutPath=null, solutionCheckoutPath=null, dockerRunConfig=null], submissionResult=ResultDTO[id=631, completionDate=2025-02-14T23:45:20.822527362Z[Etc/UTC], successful=false, score=0.0, rated=true, submission=SubmissionDTO[id=824, submitted=true, type=TEST, exampleSubmission=null, submissionDate=2025-02-14T23:45:20.791240Z, commitHash=c710d0e68c9c7db8cda7d1a278308de2b9642cc0, buildFailed=true, buildArtifact=false, participation=ParticipationDTO[id=1978, testRun=false, type=solution, submissionCount=null, exercise=ParticipationExerciseDTO[id=2591, exerciseType=PROGRAMMING, type=programming, assessmentType=AUTOMATIC, dueDate=2025-02-16T23:45:18.950569Z, assessmentDueDate=null, maxPoints=42.0, course=CourseDTO[id=974, accuracyOfScores=1]]], submissionExerciseType=programming, isProcessing=false, buildStartDate=null, estimatedCompletionDate=null], participation=ParticipationDTO[id=1978, testRun=false, type=solution, submissionCount=null, exercise=ParticipationExerciseDTO[id=2591, exerciseType=PROGRAMMING, type=programming, assessmentType=AUTOMATIC, dueDate=2025-02-16T23:45:18.950569Z, assessmentDueDate=null, maxPoints=42.0, course=CourseDTO[id=974, accuracyOfScores=1]]], feedbacks=[], assessmentType=AUTOMATIC, hasComplaint=null, exampleResult=null, testCaseCount=0, passedTestCaseCount=0, codeIssueCount=0]], BuildJobQueueItem[id=20061739576732554, name=SHORT94A899E303D7504C5D0840704DAAFA3DFF4DTSTEXC-LOCALVCCIINTINSTRUCTOR1, buildAgent=BuildAgentDTO[name=artemis-build-agent-test, memberAddress=[127.0.0.1]:5703, displayName=artemis-build-agent-test], participationId=2006, courseId=984, exerciseId=2601, retryCount=0, priority=2, status=SUCCESSFUL, repositoryInfo=RepositoryInfo[repositoryName=short94a899e303d7504c5d0840704daafa3dff4dtstexc-localvcciintinstructor1, repositoryType=user, triggeredByPushTo=user, assignmentRepositoryUri=http://localhost:49152/git/SHORT94A899E303D7504C5D0840704DAAFA3DFF4DTSTEXC/short94a899e303d7504c5d0840704daafa3dff4dtstexc-localvcciintinstructor1.git, testRepositoryUri=http://localhost:49152/git/SHORT94A899E303D7504C5D0840704DAAFA3DFF4DTSTEXC/short94a899e303d7504c5d0840704daafa3dff4dtstexc-tests.git, solutionRepositoryUri=null, auxiliaryRepositoryUris=[Ljava.lang.String;@24d9f6c3, auxiliaryRepositoryCheckoutDirectories=[Ljava.lang.String;@46df7e8f], jobTimingInfo=JobTimingInfo[submissionDate=2025-02-14T23:45:32.554795798Z[Etc/UTC], buildStartDate=2025-02-14T23:45:32.567287465Z[Etc/UTC], buildCompletionDate=2025-02-14T23:45:34.535226768Z[Etc/UTC], estimatedCompletionDate=2025-02-14T23:45:51.567257960Z[Etc/UTC], estimatedDuration=19], buildConfig=BuildConfig[buildScript=#!/bin/bash
cd /var/tmp/testing-dir
chmod +x ./gradlew
./gradlew clean test
, dockerImage=dummy-docker-image:latest, commitHashToBuild=ca2dbc0ae87edf7035058a6a17c0ea60e90a290f, assignmentCommitHash=ca2dbc0ae87edf7035058a6a17c0ea60e90a290f, testCommitHash=0207f6f98af5fbb66ad68455f3fc3cf128af8ae9, branch=main, programmingLanguage=JAVA, projectType=PLAIN_GRADLE, scaEnabled=false, sequentialTestRunsEnabled=false, resultPaths=[/var/tmp/testing-dir/**/test-results/test/*.xml], timeoutSeconds=0, assignmentCheckoutPath=null, testCheckoutPath=null, solutionCheckoutPath=null, dockerRunConfig=null], submissionResult=ResultDTO[id=632, completionDate=2025-02-14T23:45:34.504415716Z[Etc/UTC], successful=false, score=7.7, rated=false, submission=SubmissionDTO[id=826, submitted=true, type=MANUAL, exampleSubmission=null, submissionDate=2025-02-14T23:45:32.541533Z, commitHash=ca2dbc0ae87edf7035058a6a17c0ea60e90a290f, buildFailed=false, buildArtifact=false, participation=ParticipationDTO[id=2006, testRun=true, type=programming, submissionCount=null, exercise=ParticipationExerciseDTO[id=2601, exerciseType=PROGRAMMING, type=programming, assessmentType=AUTOMATIC, dueDate=2025-02-16T23:45:31.864042Z, assessmentDueDate=null, maxPoints=42.0, course=CourseDTO[id=984, accuracyOfScores=1]]], submissionExerciseType=programming, isProcessing=false, buildStartDate=null, estimatedCompletionDate=null], participation=ParticipationDTO[id=2006, testRun=true, type=programming, submissionCount=null, exercise=ParticipationExerciseDTO[id=2601, exerciseType=PROGRAMMING, type=programming, assessmentType=AUTOMATIC, dueDate=2025-02-16T23:45:31.864042Z, assessmentDueDate=null, maxPoints=42.0, course=CourseDTO[id=984, accuracyOfScores=1]]], feedbacks=[FeedbackDTO[id=920, text=null, detailText=The exercise expects a class with the name Context in the package testpackage. You did not implement the class in the exercise., hasLongFeedbackText=false, reference=null, credits=0.0, positive=false, type=AUTOMATIC, visibility=ALWAYS, testCase=TestCaseDTO[testName=null, id=1357]], FeedbackDTO[id=921, text=null, detailText=The exercise expects a class with the name Policy in the package testpackage. You did not implement the class in the exercise., hasLongFeedbackText=false, reference=null, credits=0.0, positive=false, type=AUTOMATIC, visibility=ALWAYS, testCase=TestCaseDTO[testName=null, id=1358]], FeedbackDTO[id=922, text=null, detailText=The exercise expects a class with the name SortStrategy in the package testpackage. You did not implement the class in the exercise., hasLongFeedbackText=false, reference=null, credits=0.0, positive=false, type=AUTOMATIC, visibility=ALWAYS, testCase=TestCaseDTO[testName=null, id=1359]], FeedbackDTO[id=923, text=null, detailText=The class 'MergeSort' does not implement the interface 'SortStrategy' as expected. Implement the interface and its methods., hasLongFeedbackText=false, reference=null, credits=0.0, positive=false, type=AUTOMATIC, visibility=ALWAYS, testCase=TestCaseDTO[testName=null, id=1354]], FeedbackDTO[id=924, text=null, detailText=The exercise expects a class with the name SortStrategy in the package testpackage. You did not implement the class in the exercise., hasLongFeedbackText=false, reference=null, credits=0.0, positive=false, type=AUTOMATIC, visibility=ALWAYS, testCase=TestCaseDTO[testName=null, id=1351]], FeedbackDTO[id=925, text=null, detailText=The class 'BubbleSort' does not implement the interface 'SortStrategy' as expected. Implement the interface and its methods., hasLongFeedbackText=false, reference=null, credits=0.0, positive=false, type=AUTOMATIC, visibility=ALWAYS, testCase=TestCaseDTO[testName=null, id=1355]], FeedbackDTO[id=926, text=null, detailText=MergeSort does not sort correctly, hasLongFeedbackText=false, reference=null, credits=0.0, positive=false, type=AUTOMATIC, visibility=ALWAYS, testCase=TestCaseDTO[testName=null, id=1360]], FeedbackDTO[id=927, text=null, detailText=The class 'Context' was not found within the submission. Make sure to implement it properly., hasLongFeedbackText=false, reference=null, credits=0.0, positive=false, type=AUTOMATIC, visibility=ALWAYS, testCase=TestCaseDTO[testName=null, id=1361]], FeedbackDTO[id=928, text=null, detailText=The class 'Context' was not found within the submission. Make sure to implement it properly., hasLongFeedbackText=false, reference=null, credits=0.0, positive=false, type=AUTOMATIC, visibility=ALWAYS, testCase=TestCaseDTO[testName=null, id=1362]], FeedbackDTO[id=929, text=null, detailText=The exercise expects a class with the name Policy in the package testpackage. You did not implement the class in the exercise., hasLongFeedbackText=false, reference=null, credits=0.0, positive=false, type=AUTOMATIC, visibility=ALWAYS, testCase=TestCaseDTO[testName=null, id=1356]], FeedbackDTO[id=930, text=null, detailText=The exercise expects a class with the name Context in the package testpackage. You did not implement the class in the exercise., hasLongFeedbackText=false, reference=null, credits=0.0, positive=false, type=AUTOMATIC, visibility=ALWAYS, testCase=TestCaseDTO[testName=null, id=1352]], FeedbackDTO[id=931, text=null, detailText=The exercise expects a class with the name Policy in the package testpackage. You did not implement the class in the exercise., hasLongFeedbackText=false, reference=null, credits=0.0, positive=false, type=AUTOMATIC, visibility=ALWAYS, testCase=TestCaseDTO[testName=null, id=1353]], FeedbackDTO[id=932, text=null, detailText=null, hasLongFeedbackText=false, reference=null, credits=3.230769230769231, positive=true, type=AUTOMATIC, visibility=ALWAYS, testCase=TestCaseDTO[testName=null, id=1363]]], assessmentType=AUTOMATIC, hasComplaint=null, exampleResult=null, testCaseCount=13, passedTestCaseCount=1, codeIssueCount=0]], BuildJobQueueItem[id=20111739576737317, name=SHORTD49A6DAE04F9E049850BD5601663FD17A5B7TSTEXC-BASE, buildAgent=BuildAgentDTO[name=artemis-build-agent-test, memberAddress=[127.0.0.1]:5703, displayName=artemis-build-agent-test], participationId=2011, courseId=986, exerciseId=2603, retryCount=0, priority=2, status=SUCCESSFUL, repositoryInfo=RepositoryInfo[repositoryName=shortd49a6dae04f9e049850bd5601663fd17a5b7tstexc-exercise, repositoryType=exercise, triggeredByPushTo=exercise, assignmentRepositoryUri=http://localhost:49152/git/SHORTD49A6DAE04F9E049850BD5601663FD17A5B7TSTEXC/shortd49a6dae04f9e049850bd5601663fd17a5b7tstexc-exercise.git, testRepositoryUri=http://localhost:49152/git/SHORTD49A6DAE04F9E049850BD5601663FD17A5B7TSTEXC/shortd49a6dae04f9e049850bd5601663fd17a5b7tstexc-tests.git, solutionRepositoryUri=null, auxiliaryRepositoryUris=[Ljava.lang.String;@686c1115, auxiliaryRepositoryCheckoutDirectories=[Ljava.lang.String;@79d3fd35], jobTimingInfo=JobTimingInfo[submissionDate=2025-02-14T23:45:37.317968648Z[Etc/UTC], buildStartDate=2025-02-14T23:45:37.324534774Z[Etc/UTC], buildCompletionDate=2025-02-14T23:45:38.527225461Z[Etc/UTC], estimatedCompletionDate=2025-02-14T23:45:56.324506331Z[Etc/UTC], estimatedDuration=19], buildConfig=BuildConfig[buildScript=#!/bin/bash
cd /var/tmp/testing-dir
chmod +x ./gradlew
./gradlew clean test
, dockerImage=dummy-docker-image:latest, commitHashToBuild=c795243c185829bbefa399f45dcbcfac22311b2f, assignmentCommitHash=c795243c185829bbefa399f45dcbcfac22311b2f, testCommitHash=fa8b162170bf767d852e05e0eb7a128efa2e1f34, branch=main, programmingLanguage=JAVA, projectType=PLAIN_GRADLE, scaEnabled=false, sequentialTestRunsEnabled=false, resultPaths=[/var/tmp/testing-dir/**/test-results/test/*.xml], timeoutSeconds=0, assignmentCheckoutPath=null, testCheckoutPath=null, solutionCheckoutPath=null, dockerRunConfig=null], submissionResult=ResultDTO[id=633, completionDate=2025-02-14T23:45:38.476795726Z[Etc/UTC], successful=false, score=0.0, rated=true, submission=SubmissionDTO[id=827, submitted=true, type=MANUAL, exampleSubmission=null, submissionDate=2025-02-14T23:45:37.303401Z, commitHash=c795243c185829bbefa399f45dcbcfac22311b2f, buildFailed=false, buildArtifact=false, participation=ParticipationDTO[id=2011, testRun=false, type=template, submissionCount=null, exercise=ParticipationExerciseDTO[id=2603, exerciseType=PROGRAMMING, type=programming, assessmentType=AUTOMATIC, dueDate=2025-02-16T23:45:36.830269Z, assessmentDueDate=null, maxPoints=42.0, course=CourseDTO[id=986, accuracyOfScores=1]]], submissionExerciseType=programming, isProcessing=false, buildStartDate=null, estimatedCompletionDate=null], participation=ParticipationDTO[id=2011, testRun=false, type=template, submissionCount=null, exercise=ParticipationExerciseDTO[id=2603, exerciseType=PROGRAMMING, type=programming, assessmentType=AUTOMATIC, dueDate=2025-02-16T23:45:36.830269Z, assessmentDueDate=null, maxPoints=42.0, course=CourseDTO[id=986, accuracyOfScores=1]]], feedbacks=[FeedbackDTO[id=933, text=null, detailText=The exercise expects a class with the name Context in the package testpackage. You did not implement the class in the exercise., hasLongFeedbackText=false, reference=null, credits=0.0, positive=false, type=AUTOMATIC, visibility=ALWAYS, testCase=TestCaseDTO[testName=testMethods[Context], id=1383]], FeedbackDTO[id=934, text=null, detailText=The exercise expects a class with the name Policy in the package testpackage. You did not implement the class in the exercise., hasLongFeedbackText=false, reference=null, credits=0.0, positive=false, type=AUTOMATIC, visibility=ALWAYS, testCase=TestCaseDTO[testName=testMethods[Policy], id=1384]], FeedbackDTO[id=935, text=null, detailText=The exercise expects a class with the name SortStrategy in the package testpackage. You did not implement the class in the exercise., hasLongFeedbackText=false, reference=null, credits=0.0, positive=false, type=AUTOMATIC, visibility=ALWAYS, testCase=TestCaseDTO[testName=testMethods[SortStrategy], id=1385]], FeedbackDTO[id=936, text=null, detailText=The class 'MergeSort' does not implement the interface 'SortStrategy' as expected. Implement the interface and its methods., hasLongFeedbackText=false, reference=null, credits=0.0, positive=false, type=AUTOMATIC, visibility=ALWAYS, testCase=TestCaseDTO[testName=testClass[MergeSort], id=1380]], FeedbackDTO[id=937, text=null, detailText=The exercise expects a class with the name SortStrategy in the package testpackage. You did not implement the class in the exercise., hasLongFeedbackText=false, reference=null, credits=0.0, positive=false, type=AUTOMATIC, visibility=ALWAYS, testCase=TestCaseDTO[testName=testClass[SortStrategy], id=1377]], FeedbackDTO[id=938, text=null, detailText=The class 'BubbleSort' does not implement the interface 'SortStrategy' as expected. Implement the interface and its methods., hasLongFeedbackText=false, reference=null, credits=0.0, positive=false, type=AUTOMATIC, visibility=ALWAYS, testCase=TestCaseDTO[testName=testClass[BubbleSort], id=1381]], FeedbackDTO[id=939, text=null, detailText=MergeSort does not sort correctly, hasLongFeedbackText=false, reference=null, credits=0.0, positive=false, type=AUTOMATIC, visibility=ALWAYS, testCase=TestCaseDTO[testName=testMergeSort(), id=1386]], FeedbackDTO[id=940, text=null, detailText=The class 'Context' was not found within the submission. Make sure to implement it properly., hasLongFeedbackText=false, reference=null, credits=0.0, positive=false, type=AUTOMATIC, visibility=ALWAYS, testCase=TestCaseDTO[testName=testUseBubbleSortForSmallList(), id=1387]], FeedbackDTO[id=941, text=null, detailText=BubbleSort does not sort correctly, hasLongFeedbackText=false, reference=null, credits=0.0, positive=false, type=AUTOMATIC, visibility=ALWAYS, testCase=TestCaseDTO[testName=testBubbleSort(), id=1389]], FeedbackDTO[id=942, text=null, detailText=The class 'Context' was not found within the submission. Make sure to implement it properly., hasLongFeedbackText=false, reference=null, credits=0.0, positive=false, type=AUTOMATIC, visibility=ALWAYS, testCase=TestCaseDTO[testName=testUseMergeSortForBigList(), id=1388]], FeedbackDTO[id=943, text=null, detailText=The exercise expects a class with the name Policy in the package testpackage. You did not implement the class in the exercise., hasLongFeedbackText=false, reference=null, credits=0.0, positive=false, type=AUTOMATIC, visibility=ALWAYS, testCase=TestCaseDTO[testName=testConstructors[Policy], id=1382]], FeedbackDTO[id=944, text=null, detailText=The exercise expects a class with the name Context in the package testpackage. You did not implement the class in the exercise., hasLongFeedbackText=false, reference=null, credits=0.0, positive=false, type=AUTOMATIC, visibility=ALWAYS, testCase=TestCaseDTO[testName=testAttributes[Context], id=1378]], FeedbackDTO[id=945, text=null, detailText=The exercise expects a class with the name Policy in the package testpackage. You did not implement the class in the exercise., hasLongFeedbackText=false, reference=null, credits=0.0, positive=false, type=AUTOMATIC, visibility=ALWAYS, testCase=TestCaseDTO[testName=testAttributes[Policy], id=1379]]], assessmentType=AUTOMATIC, hasComplaint=null, exampleResult=null, testCaseCount=13, passedTestCaseCount=0, codeIssueCount=0]], BuildJobQueueItem[id=20171739576740018, name=SHORT7914AFA00ADC3047140B99D01AC07810CE44TSTEXC-LOCALVCCIINTSTUDENT1, buildAgent=BuildAgentDTO[name=artemis-build-agent-test, memberAddress=[127.0.0.1]:5703, displayName=artemis-build-agent-test], participationId=2017, courseId=988, exerciseId=2605, retryCount=0, priority=2, status=SUCCESSFUL, repositoryInfo=RepositoryInfo[repositoryName=short7914afa00adc3047140b99d01ac07810ce44tstexc-practice-localvcciintstudent1, repositoryType=user, triggeredByPushTo=user, assignmentRepositoryUri=http://localhost:49152/git/SHORT7914AFA00ADC3047140B99D01AC07810CE44TSTEXC/short7914afa00adc3047140b99d01ac07810ce44tstexc-practice-localvcciintstudent1.git, testRepositoryUri=http://localhost:49152/git/SHORT7914AFA00ADC3047140B99D01AC07810CE44TSTEXC/short7914afa00adc3047140b99d01ac07810ce44tstexc-tests.git, solutionRepositoryUri=null, auxiliaryRepositoryUris=[Ljava.lang.String;@12d76322, auxiliaryRepositoryCheckoutDirectories=[Ljava.lang.String;@2fc15cf1], jobTimingInfo=JobTimingInfo[submissionDate=2025-02-14T23:45:40.018961253Z[Etc/UTC], buildStartDate=2025-02-14T23:45:40.029742701Z[Etc/UTC], buildCompletionDate=2025-02-14T23:45:41.150208242Z[Etc/UTC], estimatedCompletionDate=2025-02-14T23:45:59.029734065Z[Etc/UTC], estimatedDuration=19], buildConfig=BuildConfig[buildScript=#!/bin/bash
cd /var/tmp/testing-dir
chmod +x ./gradlew
./gradlew clean test
, dockerImage=dummy-docker-image:latest, commitHashToBuild=d80b57877989b971e83ccdb4863c8a7023c76266, assignmentCommitHash=d80b57877989b971e83ccdb4863c8a7023c76266, testCommitHash=327b116890c92b1312314341f43f21ef13ecf7d7, branch=main, programmingLanguage=JAVA, projectType=PLAIN_GRADLE, scaEnabled=false, sequentialTestRunsEnabled=false, resultPaths=[/var/tmp/testing-dir/**/test-results/test/*.xml], timeoutSeconds=0, assignmentCheckoutPath=null, testCheckoutPath=null, solutionCheckoutPath=null, dockerRunConfig=null], submissionResult=ResultDTO[id=634, completionDate=2025-02-14T23:45:41.120192603Z[Etc/UTC], successful=false, score=7.7, rated=false, submission=SubmissionDTO[id=828, submitted=true, type=MANUAL, exampleSubmission=null, submissionDate=2025-02-14T23:45:40.008666Z, commitHash=d80b57877989b971e83ccdb4863c8a7023c76266, buildFailed=false, buildArtifact=false, participation=ParticipationDTO[id=2017, testRun=true, type=programming, submissionCount=null, exercise=ParticipationExerciseDTO[id=2605, exerciseType=PROGRAMMING, type=programming, assessmentType=AUTOMATIC, dueDate=2025-02-16T23:45:39.523500Z, assessmentDueDate=null, maxPoints=42.0, course=CourseDTO[id=988, accuracyOfScores=1]]], submissionExerciseType=programming, isProcessing=false, buildStartDate=null, estimatedCompletionDate=null], participation=ParticipationDTO[id=2017, testRun=true, type=programming, submissionCount=null, exercise=ParticipationExerciseDTO[id=2605, exerciseType=PROGRAMMING, type=programming, assessmentType=AUTOMATIC, dueDate=2025-02-16T23:45:39.523500Z, assessmentDueDate=null, maxPoints=42.0, course=CourseDTO[id=988, accuracyOfScores=1]]], feedbacks=[FeedbackDTO[id=946, text=null, detailText=The exercise expects a class with the name Context in the package testpackage. You did not implement the class in the exercise., hasLongFeedbackText=false, reference=null, credits=0.0, positive=false, type=AUTOMATIC, visibility=ALWAYS, testCase=TestCaseDTO[testName=null, id=1409]], FeedbackDTO[id=947, text=null, detailText=The exercise expects a class with the name Policy in the package testpackage. You did not implement the class in the exercise., hasLongFeedbackText=false, reference=null, credits=0.0, positive=false, type=AUTOMATIC, visibility=ALWAYS, testCase=TestCaseDTO[testName=null, id=1410]], FeedbackDTO[id=948, text=null, detailText=The exercise expects a class with the name SortStrategy in the package testpackage. You did not implement the class in the exercise., hasLongFeedbackText=false, reference=null, credits=0.0, positive=false, type=AUTOMATIC, visibility=ALWAYS, testCase=TestCaseDTO[testName=null, id=1411]], FeedbackDTO[id=949, text=null, detailText=The class 'MergeSort' does not implement the interface 'SortStrategy' as expected. Implement the interface and its methods., hasLongFeedbackText=false, reference=null, credits=0.0, positive=false, type=AUTOMATIC, visibility=ALWAYS, testCase=TestCaseDTO[testName=null, id=1406]], FeedbackDTO[id=950, text=null, detailText=The exercise expects a class with the name SortStrategy in the package testpackage. You did not implement the class in the exercise., hasLongFeedbackText=false, reference=null, credits=0.0, positive=false, type=AUTOMATIC, visibility=ALWAYS, testCase=TestCaseDTO[testName=null, id=1403]], FeedbackDTO[id=951, text=null, detailText=The class 'BubbleSort' does not implement the interface 'SortStrategy' as expected. Implement the interface and its methods., hasLongFeedbackText=false, reference=null, credits=0.0, positive=false, type=AUTOMATIC, visibility=ALWAYS, testCase=TestCaseDTO[testName=null, id=1407]], FeedbackDTO[id=952, text=null, detailText=MergeSort does not sort correctly, hasLongFeedbackText=false, reference=null, credits=0.0, positive=false, type=AUTOMATIC, visibility=ALWAYS, testCase=TestCaseDTO[testName=null, id=1412]], FeedbackDTO[id=953, text=null, detailText=The class 'Context' was not found within the submission. Make sure to implement it properly., hasLongFeedbackText=false, reference=null, credits=0.0, positive=false, type=AUTOMATIC, visibility=ALWAYS, testCase=TestCaseDTO[testName=null, id=1413]], FeedbackDTO[id=954, text=null, detailText=The class 'Context' was not found within the submission. Make sure to implement it properly., hasLongFeedbackText=false, reference=null, credits=0.0, positive=false, type=AUTOMATIC, visibility=ALWAYS, testCase=TestCaseDTO[testName=null, id=1414]], FeedbackDTO[id=955, text=null, detailText=The exercise expects a class with the name Policy in the package testpackage. You did not implement the class in the exercise., hasLongFeedbackText=false, reference=null, credits=0.0, positive=false, type=AUTOMATIC, visibility=ALWAYS, testCase=TestCaseDTO[testName=null, id=1408]], FeedbackDTO[id=956, text=null, detailText=The exercise expects a class with the name Context in the package testpackage. You did not implement the class in the exercise., hasLongFeedbackText=false, reference=null, credits=0.0, positive=false, type=AUTOMATIC, visibility=ALWAYS, testCase=TestCaseDTO[testName=null, id=1404]], FeedbackDTO[id=957, text=null, detailText=The exercise expects a class with the name Policy in the package testpackage. You did not implement the class in the exercise., hasLongFeedbackText=false, reference=null, credits=0.0, positive=false, type=AUTOMATIC, visibility=ALWAYS, testCase=TestCaseDTO[testName=null, id=1405]], FeedbackDTO[id=958, text=null, detailText=null, hasLongFeedbackText=false, reference=null, credits=3.230769230769231, positive=true, type=AUTOMATIC, visibility=ALWAYS, testCase=TestCaseDTO[testName=null, id=1415]]], assessmentType=AUTOMATIC, hasComplaint=null, exampleResult=null, testCaseCount=13, passedTestCaseCount=1, codeIssueCount=0]], BuildJobQueueItem[id=20261739576743984, name=SHORT53C73BE505404043100AC2F00C039353CE8FTSTEXC-LOCALVCCIINTSTUDENT1, buildAgent=BuildAgentDTO[name=artemis-build-agent-test, memberAddress=[127.0.0.1]:5703, displayName=artemis-build-agent-test], participationId=2026, courseId=991, exerciseId=2608, retryCount=0, priority=1, status=SUCCESSFUL, repositoryInfo=RepositoryInfo[repositoryName=short53c73be505404043100ac2f00c039353ce8ftstexc-localvcciintstudent1, repositoryType=user, triggeredByPushTo=user, assignmentRepositoryUri=http://localhost:49152/git/SHORT53C73BE505404043100AC2F00C039353CE8FTSTEXC/short53c73be505404043100ac2f00c039353ce8ftstexc-localvcciintstudent1.git, testRepositoryUri=http://localhost:49152/git/SHORT53C73BE505404043100AC2F00C039353CE8FTSTEXC/short53c73be505404043100ac2f00c039353ce8ftstexc-tests.git, solutionRepositoryUri=null, auxiliaryRepositoryUris=[Ljava.lang.String;@272d14a5, auxiliaryRepositoryCheckoutDirectories=[Ljava.lang.String;@41716f20], jobTimingInfo=JobTimingInfo[submissionDate=2025-02-14T23:45:43.984518859Z[Etc/UTC], buildStartDate=2025-02-14T23:45:43.991385682Z[Etc/UTC], buildCompletionDate=2025-02-14T23:45:44.982059928Z[Etc/UTC], estimatedCompletionDate=2025-02-14T23:46:02.991380122Z[Etc/UTC], estimatedDuration=19], buildConfig=BuildConfig[buildScript=#!/bin/bash
cd /var/tmp/testing-dir
chmod +x ./gradlew
./gradlew clean test
, dockerImage=dummy-docker-image:latest, commitHashToBuild=3e90ae9fef2e44ffb41451a080bdaa6a44ad6848, assignmentCommitHash=3e90ae9fef2e44ffb41451a080bdaa6a44ad6848, testCommitHash=0582754c87aae13e640312855ce7dbe490ecb50c, branch=main, programmingLanguage=JAVA, projectType=PLAIN_GRADLE, scaEnabled=false, sequentialTestRunsEnabled=false, resultPaths=[/var/tmp/testing-dir/**/test-results/test/*.xml], timeoutSeconds=0, assignmentCheckoutPath=null, testCheckoutPath=null, solutionCheckoutPath=null, dockerRunConfig=null], submissionResult=ResultDTO[id=635, completionDate=2025-02-14T23:45:44.961313737Z[Etc/UTC], successful=false, score=7.7, rated=true, submission=SubmissionDTO[id=829, submitted=true, type=MANUAL, exampleSubmission=null, submissionDate=2025-02-14T23:45:43.967766Z, commitHash=3e90ae9fef2e44ffb41451a080bdaa6a44ad6848, buildFailed=false, buildArtifact=false, participation=ParticipationDTO[id=2026, testRun=false, type=programming, submissionCount=null, exercise=ParticipationExerciseDTO[id=2608, exerciseType=PROGRAMMING, type=programming, assessmentType=AUTOMATIC, dueDate=2025-02-16T23:45:43.597978Z, assessmentDueDate=null, maxPoints=42.0, course=CourseDTO[id=991, accuracyOfScores=1]]], submissionExerciseType=programming, isProcessing=false, buildStartDate=null, estimatedCompletionDate=null], participation=ParticipationDTO[id=2026, testRun=false, type=programming, submissionCount=null, exercise=ParticipationExerciseDTO[id=2608, exerciseType=PROGRAMMING, type=programming, assessmentType=AUTOMATIC, dueDate=2025-02-16T23:45:43.597978Z, assessmentDueDate=null, maxPoints=42.0, course=CourseDTO[id=991, accuracyOfScores=1]]], feedbacks=[FeedbackDTO[id=959, text=null, detailText=The exercise expects a class with the name Context in the package testpackage. You did not implement the class in the exercise., hasLongFeedbackText=false, reference=null, credits=0.0, positive=false, type=AUTOMATIC, visibility=ALWAYS, testCase=TestCaseDTO[testName=null, id=1448]], FeedbackDTO[id=960, text=null, detailText=The exercise expects a class with the name Policy in the package testpackage. You did not implement the class in the exercise., hasLongFeedbackText=false, reference=null, credits=0.0, positive=false, type=AUTOMATIC, visibility=ALWAYS, testCase=TestCaseDTO[testName=null, id=1449]], FeedbackDTO[id=961, text=null, detailText=The exercise expects a class with the name SortStrategy in the package testpackage. You did not implement the class in the exercise., hasLongFeedbackText=false, reference=null, credits=0.0, positive=false, type=AUTOMATIC, visibility=ALWAYS, testCase=TestCaseDTO[testName=null, id=1450]], FeedbackDTO[id=962, text=null, detailText=The class 'MergeSort' does not implement the interface 'SortStrategy' as expected. Implement the interface and its methods., hasLongFeedbackText=false, reference=null, credits=0.0, positive=false, type=AUTOMATIC, visibility=ALWAYS, testCase=TestCaseDTO[testName=null, id=1445]], FeedbackDTO[id=963, text=null, detailText=The exercise expects a class with the name SortStrategy in the package testpackage. You did not implement the class in the exercise., hasLongFeedbackText=false, reference=null, credits=0.0, positive=false, type=AUTOMATIC, visibility=ALWAYS, testCase=TestCaseDTO[testName=null, id=1442]], FeedbackDTO[id=964, text=null, detailText=The class 'BubbleSort' does not implement the interface 'SortStrategy' as expected. Implement the interface and its methods., hasLongFeedbackText=false, reference=null, credits=0.0, positive=false, type=AUTOMATIC, visibility=ALWAYS, testCase=TestCaseDTO[testName=null, id=1446]], FeedbackDTO[id=965, text=null, detailText=MergeSort does not sort correctly, hasLongFeedbackText=false, reference=null, credits=0.0, positive=false, type=AUTOMATIC, visibility=ALWAYS, testCase=TestCaseDTO[testName=null, id=1451]], FeedbackDTO[id=966, text=null, detailText=The class 'Context' was not found within the submission. Make sure to implement it properly., hasLongFeedbackText=false, reference=null, credits=0.0, positive=false, type=AUTOMATIC, visibility=ALWAYS, testCase=TestCaseDTO[testName=null, id=1452]], FeedbackDTO[id=967, text=null, detailText=The class 'Context' was not found within the submission. Make sure to implement it properly., hasLongFeedbackText=false, reference=null, credits=0.0, positive=false, type=AUTOMATIC, visibility=ALWAYS, testCase=TestCaseDTO[testName=null, id=1453]], FeedbackDTO[id=968, text=null, detailText=The exercise expects a class with the name Policy in the package testpackage. You did not implement the class in the exercise., hasLongFeedbackText=false, reference=null, credits=0.0, positive=false, type=AUTOMATIC, visibility=ALWAYS, testCase=TestCaseDTO[testName=null, id=1447]], FeedbackDTO[id=969, text=null, detailText=The exercise expects a class with the name Context in the package testpackage. You did not implement the class in the exercise., hasLongFeedbackText=false, reference=null, credits=0.0, positive=false, type=AUTOMATIC, visibility=ALWAYS, testCase=TestCaseDTO[testName=null, id=1443]], FeedbackDTO[id=970, text=null, detailText=The exercise expects a class with the name Policy in the package testpackage. You did not implement the class in the exercise., hasLongFeedbackText=false, reference=null, credits=0.0, positive=false, type=AUTOMATIC, visibility=ALWAYS, testCase=TestCaseDTO[testName=null, id=1444]], FeedbackDTO[id=971, text=null, detailText=null, hasLongFeedbackText=false, reference=null, credits=3.230769230769231, positive=true, type=AUTOMATIC, visibility=ALWAYS, testCase=TestCaseDTO[testName=null, id=1454]]], assessmentType=AUTOMATIC, hasComplaint=null, exampleResult=null, testCaseCount=13, passedTestCaseCount=1, codeIssueCount=0]], BuildJobQueueItem[id=20271739576746886, name=SHORT0FC863930E92904248098A506171F81CF6CFTSTEXC-SOLUTION, buildAgent=BuildAgentDTO[name=artemis-build-agent-test, memberAddress=[127.0.0.1]:5703, displayName=artemis-build-agent-test], participationId=2027, courseId=992, exerciseId=2609, retryCount=0, priority=2, status=SUCCESSFUL, repositoryInfo=RepositoryInfo[repositoryName=short0fc863930e92904248098a506171f81cf6cftstexc-solution, repositoryType=solution, triggeredByPushTo=auxiliary, assignmentRepositoryUri=http://localhost:49152/git/SHORT0FC863930E92904248098A506171F81CF6CFTSTEXC/short0fc863930e92904248098a506171f81cf6cftstexc-solution.git, testRepositoryUri=http://localhost:49152/git/SHORT0FC863930E92904248098A506171F81CF6CFTSTEXC/short0fc863930e92904248098a506171f81cf6cftstexc-tests.git, solutionRepositoryUri=null, auxiliaryRepositoryUris=[Ljava.lang.String;@6896ca5f, auxiliaryRepositoryCheckoutDirectories=[Ljava.lang.String;@4d152568], jobTimingInfo=JobTimingInfo[submissionDate=2025-02-14T23:45:46.886984066Z[Etc/UTC], buildStartDate=2025-02-14T23:45:46.897709578Z[Etc/UTC], buildCompletionDate=2025-02-14T23:45:48.628460156Z[Etc/UTC], estimatedCompletionDate=2025-02-14T23:46:05.897701272Z[Etc/UTC], estimatedDuration=19], buildConfig=BuildConfig[buildScript=#!/bin/bash
cd /var/tmp/testing-dir
chmod +x ./gradlew
./gradlew clean test
, dockerImage=dummy-docker-image:latest, commitHashToBuild=null, assignmentCommitHash=115a2e943bee242fdad360b50d8ad5f30792577e, testCommitHash=9b3a9bd71a0d80e5bbc42204c319ed3d1d4f0d6d, branch=main, programmingLanguage=JAVA, projectType=PLAIN_GRADLE, scaEnabled=false, sequentialTestRunsEnabled=false, resultPaths=[/var/tmp/testing-dir/**/test-results/test/*.xml], timeoutSeconds=0, assignmentCheckoutPath=null, testCheckoutPath=null, solutionCheckoutPath=null, dockerRunConfig=null], submissionResult=ResultDTO[id=636, completionDate=2025-02-14T23:45:48.593370968Z[Etc/UTC], successful=true, score=100.0, rated=true, submission=SubmissionDTO[id=830, submitted=true, type=TEST, exampleSubmission=null, submissionDate=2025-02-14T23:45:46.873671Z, commitHash=9b3a9bd71a0d80e5bbc42204c319ed3d1d4f0d6d, buildFailed=false, buildArtifact=false, participation=ParticipationDTO[id=2027, testRun=false, type=solution, submissionCount=null, exercise=ParticipationExerciseDTO[id=2609, exerciseType=PROGRAMMING, type=programming, assessmentType=AUTOMATIC, dueDate=2025-02-16T23:45:46.386304Z, assessmentDueDate=null, maxPoints=42.0, course=CourseDTO[id=992, accuracyOfScores=1]]], submissionExerciseType=programming, isProcessing=false, buildStartDate=null, estimatedCompletionDate=null], participation=ParticipationDTO[id=2027, testRun=false, type=solution, submissionCount=null, exercise=ParticipationExerciseDTO[id=2609, exerciseType=PROGRAMMING, type=programming, assessmentType=AUTOMATIC, dueDate=2025-02-16T23:45:46.386304Z, assessmentDueDate=null, maxPoints=42.0, course=CourseDTO[id=992, accuracyOfScores=1]]], feedbacks=[FeedbackDTO[id=972, text=null, detailText=null, hasLongFeedbackText=false, reference=null, credits=3.230769230769231, positive=true, type=AUTOMATIC, visibility=ALWAYS, testCase=TestCaseDTO[testName=testMethods[Context], id=1461]], FeedbackDTO[id=973, text=null, detailText=null, hasLongFeedbackText=false, reference=null, credits=3.230769230769231, positive=true, type=AUTOMATIC, visibility=ALWAYS, testCase=TestCaseDTO[testName=testMethods[Policy], id=1462]], FeedbackDTO[id=974, text=null, detailText=null, hasLongFeedbackText=false, reference=null, credits=3.230769230769231, positive=true, type=AUTOMATIC, visibility=ALWAYS, testCase=TestCaseDTO[testName=testMethods[SortStrategy], id=1463]], FeedbackDTO[id=975, text=null, detailText=null, hasLongFeedbackText=false, reference=null, credits=3.230769230769231, positive=true, type=AUTOMATIC, visibility=ALWAYS, testCase=TestCaseDTO[testName=testClass[MergeSort], id=1458]], FeedbackDTO[id=976, text=null, detailText=null, hasLongFeedbackText=false, reference=null, credits=3.230769230769231, positive=true, type=AUTOMATIC, visibility=ALWAYS, testCase=TestCaseDTO[testName=testClass[SortStrategy], id=1455]], FeedbackDTO[id=977, text=null, detailText=null, hasLongFeedbackText=false, reference=null, credits=3.230769230769231, positive=true, type=AUTOMATIC, visibility=ALWAYS, testCase=TestCaseDTO[testName=testClass[BubbleSort], id=1459]], FeedbackDTO[id=978, text=null, detailText=null, hasLongFeedbackText=false, reference=null, credits=3.230769230769231, positive=true, type=AUTOMATIC, visibility=ALWAYS, testCase=TestCaseDTO[testName=testMergeSort(), id=1464]], FeedbackDTO[id=979, text=null, detailText=null, hasLongFeedbackText=false, reference=null, credits=3.230769230769231, positive=true, type=AUTOMATIC, visibility=ALWAYS, testCase=TestCaseDTO[testName=testUseBubbleSortForSmallList(), id=1465]], FeedbackDTO[id=980, text=null, detailText=null, hasLongFeedbackText=false, reference=null, credits=3.230769230769231, positive=true, type=AUTOMATIC, visibility=ALWAYS, testCase=TestCaseDTO[testName=testBubbleSort(), id=1467]], FeedbackDTO[id=981, text=null, detailText=null, hasLongFeedbackText=false, reference=null, credits=3.230769230769231, positive=true, type=AUTOMATIC, visibility=ALWAYS, testCase=TestCaseDTO[testName=testUseMergeSortForBigList(), id=1466]], FeedbackDTO[id=982, text=null, detailText=null, hasLongFeedbackText=false, reference=null, credits=3.230769230769231, positive=true, type=AUTOMATIC, visibility=ALWAYS, testCase=TestCaseDTO[testName=testConstructors[Policy], id=1460]], FeedbackDTO[id=983, text=null, detailText=null, hasLongFeedbackText=false, reference=null, credits=3.230769230769231, positive=true, type=AUTOMATIC, visibility=ALWAYS, testCase=TestCaseDTO[testName=testAttributes[Context], id=1456]], FeedbackDTO[id=984, text=null, detailText=null, hasLongFeedbackText=false, reference=null, credits=3.230769230769231, positive=true, type=AUTOMATIC, visibility=ALWAYS, testCase=TestCaseDTO[testName=testAttributes[Policy], id=1457]]], assessmentType=AUTOMATIC, hasComplaint=null, exampleResult=null, testCaseCount=13, passedTestCaseCount=13, codeIssueCount=0]], BuildJobQueueItem[id=20281739576748768, name=SHORT0FC863930E92904248098A506171F81CF6CFTSTEXC-BASE, buildAgent=BuildAgentDTO[name=artemis-build-agent-test, memberAddress=[127.0.0.1]:5703, displayName=artemis-build-agent-test], participationId=2028, courseId=992, exerciseId=2609, retryCount=0, priority=2, status=SUCCESSFUL, repositoryInfo=RepositoryInfo[repositoryName=short0fc863930e92904248098a506171f81cf6cftstexc-exercise, repositoryType=exercise, triggeredByPushTo=auxiliary, assignmentRepositoryUri=http://localhost:49152/git/SHORT0FC863930E92904248098A506171F81CF6CFTSTEXC/short0fc863930e92904248098a506171f81cf6cftstexc-exercise.git, testRepositoryUri=http://localhost:49152/git/SHORT0FC863930E92904248098A506171F81CF6CFTSTEXC/short0fc863930e92904248098a506171f81cf6cftstexc-tests.git, solutionRepositoryUri=null, auxiliaryRepositoryUris=[Ljava.lang.String;@2529853, auxiliaryRepositoryCheckoutDirectories=[Ljava.lang.String;@4810ef56], jobTimingInfo=JobTimingInfo[submissionDate=2025-02-14T23:45:48.768063548Z[Etc/UTC], buildStartDate=2025-02-14T23:45:48.802531989Z[Etc/UTC], buildCompletionDate=2025-02-14T23:45:50.482681367Z[Etc/UTC], estimatedCompletionDate=2025-02-14T23:45:50.802523092Z[Etc/UTC], estimatedDuration=2], buildConfig=BuildConfig[buildScript=#!/bin/bash
cd /var/tmp/testing-dir
chmod +x ./gradlew
./gradlew clean test
, dockerImage=dummy-docker-image:latest, commitHashToBuild=9b3a9bd71a0d80e5bbc42204c319ed3d1d4f0d6d, assignmentCommitHash=115a2e943bee242fdad360b50d8ad5f30792577e, testCommitHash=9b3a9bd71a0d80e5bbc42204c319ed3d1d4f0d6d, branch=main, programmingLanguage=JAVA, projectType=PLAIN_GRADLE, scaEnabled=false, sequentialTestRunsEnabled=false, resultPaths=[/var/tmp/testing-dir/**/test-results/test/*.xml], timeoutSeconds=0, assignmentCheckoutPath=null, testCheckoutPath=null, solutionCheckoutPath=null, dockerRunConfig=null], submissionResult=ResultDTO[id=637, completionDate=2025-02-14T23:45:50.449084694Z[Etc/UTC], successful=false, score=0.0, rated=true, submission=SubmissionDTO[id=831, submitted=true, type=TEST, exampleSubmission=null, submissionDate=2025-02-14T23:45:48.761177Z, commitHash=9b3a9bd71a0d80e5bbc42204c319ed3d1d4f0d6d, buildFailed=false, buildArtifact=false, participation=ParticipationDTO[id=2028, testRun=false, type=template, submissionCount=null, exercise=ParticipationExerciseDTO[id=2609, exerciseType=PROGRAMMING, type=programming, assessmentType=AUTOMATIC, dueDate=2025-02-16T23:45:46.386304Z, assessmentDueDate=null, maxPoints=42.0, course=CourseDTO[id=992, accuracyOfScores=1]]], submissionExerciseType=programming, isProcessing=false, buildStartDate=null, estimatedCompletionDate=null], participation=ParticipationDTO[id=2028, testRun=false, type=template, submissionCount=null, exercise=ParticipationExerciseDTO[id=2609, exerciseType=PROGRAMMING, type=programming, assessmentType=AUTOMATIC, dueDate=2025-02-16T23:45:46.386304Z, assessmentDueDate=null, maxPoints=42.0, course=CourseDTO[id=992, accuracyOfScores=1]]], feedbacks=[FeedbackDTO[id=985, text=null, detailText=The exercise expects a class with the name Context in the package testpackage. You did not implement the class in the exercise., hasLongFeedbackText=false, reference=null, credits=0.0, positive=false, type=AUTOMATIC, visibility=ALWAYS, testCase=TestCaseDTO[testName=testMethods[Context], id=1461]], FeedbackDTO[id=986, text=null, detailText=The exercise expects a class with the name Policy in the package testpackage. You did not implement the class in the exercise., hasLongFeedbackText=false, reference=null, credits=0.0, positive=false, type=AUTOMATIC, visibility=ALWAYS, testCase=TestCaseDTO[testName=testMethods[Policy], id=1462]], FeedbackDTO[id=987, text=null, detailText=The exercise expects a class with the name SortStrategy in the package testpackage. You did not implement the class in the exercise., hasLongFeedbackText=false, reference=null, credits=0.0, positive=false, type=AUTOMATIC, visibility=ALWAYS, testCase=TestCaseDTO[testName=testMethods[SortStrategy], id=1463]], FeedbackDTO[id=988, text=null, detailText=The class 'MergeSort' does not implement the interface 'SortStrategy' as expected. Implement the interface and its methods., hasLongFeedbackText=false, reference=null, credits=0.0, positive=false, type=AUTOMATIC, visibility=ALWAYS, testCase=TestCaseDTO[testName=testClass[MergeSort], id=1458]], FeedbackDTO[id=989, text=null, detailText=The exercise expects a class with the name SortStrategy in the package testpackage. You did not implement the class in the exercise., hasLongFeedbackText=false, reference=null, credits=0.0, positive=false, type=AUTOMATIC, visibility=ALWAYS, testCase=TestCaseDTO[testName=testClass[SortStrategy], id=1455]], FeedbackDTO[id=990, text=null, detailText=The class 'BubbleSort' does not implement the interface 'SortStrategy' as expected. Implement the interface and its methods., hasLongFeedbackText=false, reference=null, credits=0.0, positive=false, type=AUTOMATIC, visibility=ALWAYS, testCase=TestCaseDTO[testName=testClass[BubbleSort], id=1459]], FeedbackDTO[id=991, text=null, detailText=MergeSort does not sort correctly, hasLongFeedbackText=false, reference=null, credits=0.0, positive=false, type=AUTOMATIC, visibility=ALWAYS, testCase=TestCaseDTO[testName=testMergeSort(), id=1464]], FeedbackDTO[id=992, text=null, detailText=The class 'Context' was not found within the submission. Make sure to implement it properly., hasLongFeedbackText=false, reference=null, credits=0.0, positive=false, type=AUTOMATIC, visibility=ALWAYS, testCase=TestCaseDTO[testName=testUseBubbleSortForSmallList(), id=1465]], FeedbackDTO[id=993, text=null, detailText=BubbleSort does not sort correctly, hasLongFeedbackText=false, reference=null, credits=0.0, positive=false, type=AUTOMATIC, visibility=ALWAYS, testCase=TestCaseDTO[testName=testBubbleSort(), id=1467]], FeedbackDTO[id=994, text=null, detailText=The class 'Context' was not found within the submission. Make sure to implement it properly., hasLongFeedbackText=false, reference=null, credits=0.0, positive=false, type=AUTOMATIC, visibility=ALWAYS, testCase=TestCaseDTO[testName=testUseMergeSortForBigList(), id=1466]], FeedbackDTO[id=995, text=null, detailText=The exercise expects a class with the name Policy in the package testpackage. You did not implement the class in the exercise., hasLongFeedbackText=false, reference=null, credits=0.0, positive=false, type=AUTOMATIC, visibility=ALWAYS, testCase=TestCaseDTO[testName=testConstructors[Policy], id=1460]], FeedbackDTO[id=996, text=null, detailText=The exercise expects a class with the name Context in the package testpackage. You did not implement the class in the exercise., hasLongFeedbackText=false, reference=null, credits=0.0, positive=false, type=AUTOMATIC, visibility=ALWAYS, testCase=TestCaseDTO[testName=testAttributes[Context], id=1456]], FeedbackDTO[id=997, text=null, detailText=The exercise expects a class with the name Policy in the package testpackage. You did not implement the class in the exercise., hasLongFeedbackText=false, reference=null, credits=0.0, positive=false, type=AUTOMATIC, visibility=ALWAYS, testCase=TestCaseDTO[testName=testAttributes[Policy], id=1457]]], assessmentType=AUTOMATIC, hasComplaint=null, exampleResult=null, testCaseCount=13, passedTestCaseCount=0, codeIssueCount=0]], BuildJobQueueItem[id=20291739576751299, name=SHORT716C2EC10B19B049C80A2F00B97EAB20B2A9TSTEXC-SOLUTION, buildAgent=BuildAgentDTO[name=artemis-build-agent-test, memberAddress=[127.0.0.1]:5703, displayName=artemis-build-agent-test], participationId=2029, courseId=993, exerciseId=2610, retryCount=0, priority=2, status=SUCCESSFUL, repositoryInfo=RepositoryInfo[repositoryName=short716c2ec10b19b049c80a2f00b97eab20b2a9tstexc-solution, repositoryType=solution, triggeredByPushTo=tests, assignmentRepositoryUri=http://localhost:49152/git/SHORT716C2EC10B19B049C80A2F00B97EAB20B2A9TSTEXC/short716c2ec10b19b049c80a2f00b97eab20b2a9tstexc-solution.git, testRepositoryUri=http://localhost:49152/git/SHORT716C2EC10B19B049C80A2F00B97EAB20B2A9TSTEXC/short716c2ec10b19b049c80a2f00b97eab20b2a9tstexc-tests.git, solutionRepositoryUri=null, auxiliaryRepositoryUris=[Ljava.lang.String;@168a0039, auxiliaryRepositoryCheckoutDirectories=[Ljava.lang.String;@725049e5], jobTimingInfo=JobTimingInfo[submissionDate=2025-02-14T23:45:51.299892174Z[Etc/UTC], buildStartDate=2025-02-14T23:45:51.314028505Z[Etc/UTC], buildCompletionDate=2025-02-14T23:45:52.158312850Z[Etc/UTC], estimatedCompletionDate=2025-02-14T23:46:10.314021752Z[Etc/UTC], estimatedDuration=19], buildConfig=BuildConfig[buildScript=#!/bin/bash
cd /var/tmp/testing-dir
chmod +x ./gradlew
./gradlew clean test
, dockerImage=dummy-docker-image:latest, commitHashToBuild=1e531733ed6e9237f710b528d1eb0b7beac565fd, assignmentCommitHash=815e279f12ad296b4f24c44134a07293c04c010f, testCommitHash=1e531733ed6e9237f710b528d1eb0b7beac565fd, branch=main, programmingLanguage=JAVA, projectType=PLAIN_GRADLE, scaEnabled=false, sequentialTestRunsEnabled=false, resultPaths=[/var/tmp/testing-dir/**/test-results/test/*.xml], timeoutSeconds=0, assignmentCheckoutPath=null, testCheckoutPath=null, solutionCheckoutPath=null, dockerRunConfig=null], submissionResult=ResultDTO[id=638, completionDate=2025-02-14T23:45:52.146826070Z[Etc/UTC], successful=true, score=100.0, rated=true, submission=SubmissionDTO[id=832, submitted=true, type=TEST, exampleSubmission=null, submissionDate=2025-02-14T23:45:51.275713Z, commitHash=1e531733ed6e9237f710b528d1eb0b7beac565fd, buildFailed=false, buildArtifact=false, participation=ParticipationDTO[id=2029, testRun=false, type=solution, submissionCount=null, exercise=ParticipationExerciseDTO[id=2610, exerciseType=PROGRAMMING, type=programming, assessmentType=AUTOMATIC, dueDate=2025-02-16T23:45:50.869093Z, assessmentDueDate=null, maxPoints=42.0, course=CourseDTO[id=993, accuracyOfScores=1]]], submissionExerciseType=programming, isProcessing=false, buildStartDate=null, estimatedCompletionDate=null], participation=ParticipationDTO[id=2029, testRun=false, type=solution, submissionCount=null, exercise=ParticipationExerciseDTO[id=2610, exerciseType=PROGRAMMING, type=programming, assessmentType=AUTOMATIC, dueDate=2025-02-16T23:45:50.869093Z, assessmentDueDate=null, maxPoints=42.0, course=CourseDTO[id=993, accuracyOfScores=1]]], feedbacks=[FeedbackDTO[id=998, text=null, detailText=null, hasLongFeedbackText=false, reference=null, credits=3.230769230769231, positive=true, type=AUTOMATIC, visibility=ALWAYS, testCase=TestCaseDTO[testName=testMethods[Context], id=1474]], FeedbackDTO[id=999, text=null, detailText=null, hasLongFeedbackText=false, reference=null, credits=3.230769230769231, positive=true, type=AUTOMATIC, visibility=ALWAYS, testCase=TestCaseDTO[testName=testMethods[Policy], id=1475]], FeedbackDTO[id=1000, text=null, detailText=null, hasLongFeedbackText=false, reference=null, credits=3.230769230769231, positive=true, type=AUTOMATIC, visibility=ALWAYS, testCase=TestCaseDTO[testName=testMethods[SortStrategy], id=1476]], FeedbackDTO[id=1001, text=null, detailText=null, hasLongFeedbackText=false, reference=null, credits=3.230769230769231, positive=true, type=AUTOMATIC, visibility=ALWAYS, testCase=TestCaseDTO[testName=testClass[MergeSort], id=1471]], FeedbackDTO[id=1002, text=null, detailText=null, hasLongFeedbackText=false, reference=null, credits=3.230769230769231, positive=true, type=AUTOMATIC, visibility=ALWAYS, testCase=TestCaseDTO[testName=testClass[SortStrategy], id=1468]], FeedbackDTO[id=1003, text=null, detailText=null, hasLongFeedbackText=false, reference=null, credits=3.230769230769231, positive=true, type=AUTOMATIC, visibility=ALWAYS, testCase=TestCaseDTO[testName=testClass[BubbleSort], id=1472]], FeedbackDTO[id=1004, text=null, detailText=null, hasLongFeedbackText=false, reference=null, credits=3.230769230769231, positive=true, type=AUTOMATIC, visibility=ALWAYS, testCase=TestCaseDTO[testName=testMergeSort(), id=1477]], FeedbackDTO[id=1005, text=null, detailText=null, hasLongFeedbackText=false, reference=null, credits=3.230769230769231, positive=true, type=AUTOMATIC, visibility=ALWAYS, testCase=TestCaseDTO[testName=testUseBubbleSortForSmallList(), id=1478]], FeedbackDTO[id=1006, text=null, detailText=null, hasLongFeedbackText=false, reference=null, credits=3.230769230769231, positive=true, type=AUTOMATIC, visibility=ALWAYS, testCase=TestCaseDTO[testName=testBubbleSort(), id=1480]], FeedbackDTO[id=1007, text=null, detailText=null, hasLongFeedbackText=false, reference=null, credits=3.230769230769231, positive=true, type=AUTOMATIC, visibility=ALWAYS, testCase=TestCaseDTO[testName=testUseMergeSortForBigList(), id=1479]], FeedbackDTO[id=1008, text=null, detailText=null, hasLongFeedbackText=false, reference=null, credits=3.230769230769231, positive=true, type=AUTOMATIC, visibility=ALWAYS, testCase=TestCaseDTO[testName=testConstructors[Policy], id=1473]], FeedbackDTO[id=1009, text=null, detailText=null, hasLongFeedbackText=false, reference=null, credits=3.230769230769231, positive=true, type=AUTOMATIC, visibility=ALWAYS, testCase=TestCaseDTO[testName=testAttributes[Context], id=1469]], FeedbackDTO[id=1010, text=null, detailText=null, hasLongFeedbackText=false, reference=null, credits=3.230769230769231, positive=true, type=AUTOMATIC, visibility=ALWAYS, testCase=TestCaseDTO[testName=testAttributes[Policy], id=1470]]], assessmentType=AUTOMATIC, hasComplaint=null, exampleResult=null, testCaseCount=13, passedTestCaseCount=13, codeIssueCount=0]], BuildJobQueueItem[id=20301739576752239, name=SHORT716C2EC10B19B049C80A2F00B97EAB20B2A9TSTEXC-BASE, buildAgent=BuildAgentDTO[name=artemis-build-agent-test, memberAddress=[127.0.0.1]:5703, displayName=artemis-build-agent-test], participationId=2030, courseId=993, exerciseId=2610, retryCount=0, priority=2, status=SUCCESSFUL, repositoryInfo=RepositoryInfo[repositoryName=short716c2ec10b19b049c80a2f00b97eab20b2a9tstexc-exercise, repositoryType=exercise, triggeredByPushTo=tests, assignmentRepositoryUri=http://localhost:49152/git/SHORT716C2EC10B19B049C80A2F00B97EAB20B2A9TSTEXC/short716c2ec10b19b049c80a2f00b97eab20b2a9tstexc-exercise.git, testRepositoryUri=http://localhost:49152/git/SHORT716C2EC10B19B049C80A2F00B97EAB20B2A9TSTEXC/short716c2ec10b19b049c80a2f00b97eab20b2a9tstexc-tests.git, solutionRepositoryUri=null, auxiliaryRepositoryUris=[Ljava.lang.String;@64d6d7fc, auxiliaryRepositoryCheckoutDirectories=[Ljava.lang.String;@2bf3ee6f], jobTimingInfo=JobTimingInfo[submissionDate=2025-02-14T23:45:52.239402475Z[Etc/UTC], buildStartDate=2025-02-14T23:45:52.258713639Z[Etc/UTC], buildCompletionDate=2025-02-14T23:45:53.238773956Z[Etc/UTC], estimatedCompletionDate=2025-02-14T23:45:53.258707428Z[Etc/UTC], estimatedDuration=1], buildConfig=BuildConfig[buildScript=#!/bin/bash
cd /var/tmp/testing-dir
chmod +x ./gradlew
./gradlew clean test
, dockerImage=dummy-docker-image:latest, commitHashToBuild=1e531733ed6e9237f710b528d1eb0b7beac565fd, assignmentCommitHash=815e279f12ad296b4f24c44134a07293c04c010f, testCommitHash=1e531733ed6e9237f710b528d1eb0b7beac565fd, branch=main, programmingLanguage=JAVA, projectType=PLAIN_GRADLE, scaEnabled=false, sequentialTestRunsEnabled=false, resultPaths=[/var/tmp/testing-dir/**/test-results/test/*.xml], timeoutSeconds=0, assignmentCheckoutPath=null, testCheckoutPath=null, solutionCheckoutPath=null, dockerRunConfig=null], submissionResult=ResultDTO[id=639, completionDate=2025-02-14T23:45:53.225806205Z[Etc/UTC], successful=false, score=0.0, rated=true, submission=SubmissionDTO[id=833, submitted=true, type=TEST, exampleSubmission=null, submissionDate=2025-02-14T23:45:52.237179Z, commitHash=1e531733ed6e9237f710b528d1eb0b7beac565fd, buildFailed=false, buildArtifact=false, participation=ParticipationDTO[id=2030, testRun=false, type=template, submissionCount=null, exercise=ParticipationExerciseDTO[id=2610, exerciseType=PROGRAMMING, type=programming, assessmentType=AUTOMATIC, dueDate=2025-02-16T23:45:50.869093Z, assessmentDueDate=null, maxPoints=42.0, course=CourseDTO[id=993, accuracyOfScores=1]]], submissionExerciseType=programming, isProcessing=false, buildStartDate=null, estimatedCompletionDate=null], participation=ParticipationDTO[id=2030, testRun=false, type=template, submissionCount=null, exercise=ParticipationExerciseDTO[id=2610, exerciseType=PROGRAMMING, type=programming, assessmentType=AUTOMATIC, dueDate=2025-02-16T23:45:50.869093Z, assessmentDueDate=null, maxPoints=42.0, course=CourseDTO[id=993, accuracyOfScores=1]]], feedbacks=[FeedbackDTO[id=1011, text=null, detailText=The exercise expects a class with the name Context in the package testpackage. You did not implement the class in the exercise., hasLongFeedbackText=false, reference=null, credits=0.0, positive=false, type=AUTOMATIC, visibility=ALWAYS, testCase=TestCaseDTO[testName=testMethods[Context], id=1474]], FeedbackDTO[id=1012, text=null, detailText=The exercise expects a class with the name Policy in the package testpackage. You did not implement the class in the exercise., hasLongFeedbackText=false, reference=null, credits=0.0, positive=false, type=AUTOMATIC, visibility=ALWAYS, testCase=TestCaseDTO[testName=testMethods[Policy], id=1475]], FeedbackDTO[id=1013, text=null, detailText=The exercise expects a class with the name SortStrategy in the package testpackage. You did not implement the class in the exercise., hasLongFeedbackText=false, reference=null, credits=0.0, positive=false, type=AUTOMATIC, visibility=ALWAYS, testCase=TestCaseDTO[testName=testMethods[SortStrategy], id=1476]], FeedbackDTO[id=1014, text=null, detailText=The class 'MergeSort' does not implement the interface 'SortStrategy' as expected. Implement the interface and its methods., hasLongFeedbackText=false, reference=null, credits=0.0, positive=false, type=AUTOMATIC, visibility=ALWAYS, testCase=TestCaseDTO[testName=testClass[MergeSort], id=1471]], FeedbackDTO[id=1015, text=null, detailText=The exercise expects a class with the name SortStrategy in the package testpackage. You did not implement the class in the exercise., hasLongFeedbackText=false, reference=null, credits=0.0, positive=false, type=AUTOMATIC, visibility=ALWAYS, testCase=TestCaseDTO[testName=testClass[SortStrategy], id=1468]], FeedbackDTO[id=1016, text=null, detailText=The class 'BubbleSort' does not implement the interface 'SortStrategy' as expected. Implement the interface and its methods., hasLongFeedbackText=false, reference=null, credits=0.0, positive=false, type=AUTOMATIC, visibility=ALWAYS, testCase=TestCaseDTO[testName=testClass[BubbleSort], id=1472]], FeedbackDTO[id=1017, text=null, detailText=MergeSort does not sort correctly, hasLongFeedbackText=false, reference=null, credits=0.0, positive=false, type=AUTOMATIC, visibility=ALWAYS, testCase=TestCaseDTO[testName=testMergeSort(), id=1477]], FeedbackDTO[id=1018, text=null, detailText=The class 'Context' was not found within the submission. Make sure to implement it properly., hasLongFeedbackText=false, reference=null, credits=0.0, positive=false, type=AUTOMATIC, visibility=ALWAYS, testCase=TestCaseDTO[testName=testUseBubbleSortForSmallList(), id=1478]], FeedbackDTO[id=1019, text=null, detailText=BubbleSort does not sort correctly, hasLongFeedbackText=false, reference=null, credits=0.0, positive=false, type=AUTOMATIC, visibility=ALWAYS, testCase=TestCaseDTO[testName=testBubbleSort(), id=1480]], FeedbackDTO[id=1020, text=null, detailText=The class 'Context' was not found within the submission. Make sure to implement it properly., hasLongFeedbackText=false, reference=null, credits=0.0, positive=false, type=AUTOMATIC, visibility=ALWAYS, testCase=TestCaseDTO[testName=testUseMergeSortForBigList(), id=1479]], FeedbackDTO[id=1021, text=null, detailText=The exercise expects a class with the name Policy in the package testpackage. You did not implement the class in the exercise., hasLongFeedbackText=false, reference=null, credits=0.0, positive=false, type=AUTOMATIC, visibility=ALWAYS, testCase=TestCaseDTO[testName=testConstructors[Policy], id=1473]], FeedbackDTO[id=1022, text=null, detailText=The exercise expects a class with the name Context in the package testpackage. You did not implement the class in the exercise., hasLongFeedbackText=false, reference=null, credits=0.0, positive=false, type=AUTOMATIC, visibility=ALWAYS, testCase=TestCaseDTO[testName=testAttributes[Context], id=1469]], FeedbackDTO[id=1023, text=null, detailText=The exercise expects a class with the name Policy in the package testpackage. You did not implement the class in the exercise., hasLongFeedbackText=false, reference=null, credits=0.0, positive=false, type=AUTOMATIC, visibility=ALWAYS, testCase=TestCaseDTO[testName=testAttributes[Policy], id=1470]]], assessmentType=AUTOMATIC, hasComplaint=null, exampleResult=null, testCaseCount=13, passedTestCaseCount=0, codeIssueCount=0]], BuildJobQueueItem[id=20391739576754750, name=SHORT3A680734092E404EF80A4C60FBC1E408F7D0TSTEXC-LOCALVCCIINTSTUDENT1, buildAgent=BuildAgentDTO[name=artemis-build-agent-test, memberAddress=[127.0.0.1]:5703, displayName=artemis-build-agent-test], participationId=2039, courseId=996, exerciseId=2613, retryCount=0, priority=2, status=SUCCESSFUL, repositoryInfo=RepositoryInfo[repositoryName=short3a680734092e404ef80a4c60fbc1e408f7d0tstexc-localvcciintstudent1, repositoryType=user, triggeredByPushTo=user, assignmentRepositoryUri=http://localhost:49152/git/SHORT3A680734092E404EF80A4C60FBC1E408F7D0TSTEXC/short3a680734092e404ef80a4c60fbc1e408f7d0tstexc-localvcciintstudent1.git, testRepositoryUri=http://localhost:49152/git/SHORT3A680734092E404EF80A4C60FBC1E408F7D0TSTEXC/short3a680734092e404ef80a4c60fbc1e408f7d0tstexc-tests.git, solutionRepositoryUri=null, auxiliaryRepositoryUris=[Ljava.lang.String;@6dbea8e0, auxiliaryRepositoryCheckoutDirectories=[Ljava.lang.String;@1d51cbd3], jobTimingInfo=JobTimingInfo[submissionDate=2025-02-14T23:45:54.750657185Z[Etc/UTC], buildStartDate=2025-02-14T23:45:54.765232948Z[Etc/UTC], buildCompletionDate=2025-02-14T23:45:55.645844970Z[Etc/UTC], estimatedCompletionDate=2025-02-14T23:46:13.765225363Z[Etc/UTC], estimatedDuration=19], buildConfig=BuildConfig[buildScript=#!/bin/bash
cd /var/tmp/testing-dir
chmod +x ./gradlew
./gradlew clean test
, dockerImage=dummy-docker-image:latest, commitHashToBuild=9344436f8d5a5ce3aa40215562db211ed501371f, assignmentCommitHash=9344436f8d5a5ce3aa40215562db211ed501371f, testCommitHash=ff421c3651ec230fed2f20f72c2901ae372be06a, branch=main, programmingLanguage=JAVA, projectType=PLAIN_GRADLE, scaEnabled=false, sequentialTestRunsEnabled=false, resultPaths=[/var/tmp/testing-dir/**/test-results/test/*.xml], timeoutSeconds=0, assignmentCheckoutPath=null, testCheckoutPath=null, solutionCheckoutPath=null, dockerRunConfig=null], submissionResult=ResultDTO[id=640, completionDate=2025-02-14T23:45:55.628250079Z[Etc/UTC], successful=false, score=7.7, rated=true, submission=SubmissionDTO[id=834, submitted=true, type=MANUAL, exampleSubmission=null, submissionDate=2025-02-14T23:45:54.732007Z, commitHash=9344436f8d5a5ce3aa40215562db211ed501371f, buildFailed=false, buildArtifact=false, participation=ParticipationDTO[id=2039, testRun=false, type=programming, submissionCount=null, exercise=ParticipationExerciseDTO[id=2613, exerciseType=PROGRAMMING, type=programming, assessmentType=AUTOMATIC, dueDate=2025-02-16T23:45:54.546562Z, assessmentDueDate=null, maxPoints=42.0, course=CourseDTO[id=996, accuracyOfScores=1]]], submissionExerciseType=programming, isProcessing=false, buildStartDate=null, estimatedCompletionDate=null], participation=ParticipationDTO[id=2039, testRun=false, type=programming, submissionCount=null, exercise=ParticipationExerciseDTO[id=2613, exerciseType=PROGRAMMING, type=programming, assessmentType=AUTOMATIC, dueDate=2025-02-16T23:45:54.546562Z, assessmentDueDate=null, maxPoints=42.0, course=CourseDTO[id=996, accuracyOfScores=1]]], feedbacks=[FeedbackDTO[id=1024, text=null, detailText=The exercise expects a class with the name Context in the package testpackage. You did not implement the class in the exercise., hasLongFeedbackText=false, reference=null, credits=0.0, positive=false, type=AUTOMATIC, visibility=ALWAYS, testCase=TestCaseDTO[testName=null, id=1513]], FeedbackDTO[id=1025, text=null, detailText=The exercise expects a class with the name Policy in the package testpackage. You did not implement the class in the exercise., hasLongFeedbackText=false, reference=null, credits=0.0, positive=false, type=AUTOMATIC, visibility=ALWAYS, testCase=TestCaseDTO[testName=null, id=1514]], FeedbackDTO[id=1026, text=null, detailText=The exercise expects a class with the name SortStrategy in the package testpackage. You did not implement the class in the exercise., hasLongFeedbackText=false, reference=null, credits=0.0, positive=false, type=AUTOMATIC, visibility=ALWAYS, testCase=TestCaseDTO[testName=null, id=1515]], FeedbackDTO[id=1027, text=null, detailText=The class 'MergeSort' does not implement the interface 'SortStrategy' as expected. Implement the interface and its methods., hasLongFeedbackText=false, reference=null, credits=0.0, positive=false, type=AUTOMATIC, visibility=ALWAYS, testCase=TestCaseDTO[testName=null, id=1510]], FeedbackDTO[id=1028, text=null, detailText=The exercise expects a class with the name SortStrategy in the package testpackage. You did not implement the class in the exercise., hasLongFeedbackText=false, reference=null, credits=0.0, positive=false, type=AUTOMATIC, visibility=ALWAYS, testCase=TestCaseDTO[testName=null, id=1507]], FeedbackDTO[id=1029, text=null, detailText=The class 'BubbleSort' does not implement the interface 'SortStrategy' as expected. Implement the interface and its methods., hasLongFeedbackText=false, reference=null, credits=0.0, positive=false, type=AUTOMATIC, visibility=ALWAYS, testCase=TestCaseDTO[testName=null, id=1511]], FeedbackDTO[id=1030, text=null, detailText=MergeSort does not sort correctly, hasLongFeedbackText=false, reference=null, credits=0.0, positive=false, type=AUTOMATIC, visibility=ALWAYS, testCase=TestCaseDTO[testName=null, id=1516]], FeedbackDTO[id=1031, text=null, detailText=The class 'Context' was not found within the submission. Make sure to implement it properly., hasLongFeedbackText=false, reference=null, credits=0.0, positive=false, type=AUTOMATIC, visibility=ALWAYS, testCase=TestCaseDTO[testName=null, id=1517]], FeedbackDTO[id=1032, text=null, detailText=The class 'Context' was not found within the submission. Make sure to implement it properly., hasLongFeedbackText=false, reference=null, credits=0.0, positive=false, type=AUTOMATIC, visibility=ALWAYS, testCase=TestCaseDTO[testName=null, id=1518]], FeedbackDTO[id=1033, text=null, detailText=The exercise expects a class with the name Policy in the package testpackage. You did not implement the class in the exercise., hasLongFeedbackText=false, reference=null, credits=0.0, positive=false, type=AUTOMATIC, visibility=ALWAYS, testCase=TestCaseDTO[testName=null, id=1512]], FeedbackDTO[id=1034, text=null, detailText=The exercise expects a class with the name Context in the package testpackage. You did not implement the class in the exercise., hasLongFeedbackText=false, reference=null, credits=0.0, positive=false, type=AUTOMATIC, visibility=ALWAYS, testCase=TestCaseDTO[testName=null, id=1508]], FeedbackDTO[id=1035, text=null, detailText=The exercise expects a class with the name Policy in the package testpackage. You did not implement the class in the exercise., hasLongFeedbackText=false, reference=null, credits=0.0, positive=false, type=AUTOMATIC, visibility=ALWAYS, testCase=TestCaseDTO[testName=null, id=1509]], FeedbackDTO[id=1036, text=null, detailText=null, hasLongFeedbackText=false, reference=null, credits=3.230769230769231, positive=true, type=AUTOMATIC, visibility=ALWAYS, testCase=TestCaseDTO[testName=null, id=1519]]], assessmentType=AUTOMATIC, hasComplaint=null, exampleResult=null, testCaseCount=13, passedTestCaseCount=1, codeIssueCount=0]], BuildJobQueueItem[id=20431739576757232, name=SHORT3945BC5E092B90459B0A7F006DF5F64347FDTSTEXC-SOLUTION, buildAgent=BuildAgentDTO[name=artemis-build-agent-test, memberAddress=[127.0.0.1]:5703, displayName=artemis-build-agent-test], participationId=2043, courseId=998, exerciseId=2615, retryCount=0, priority=2, status=SUCCESSFUL, repositoryInfo=RepositoryInfo[repositoryName=short3945bc5e092b90459b0a7f006df5f64347fdtstexc-solution, repositoryType=solution, triggeredByPushTo=solution, assignmentRepositoryUri=http://localhost:49152/git/SHORT3945BC5E092B90459B0A7F006DF5F64347FDTSTEXC/short3945bc5e092b90459b0a7f006df5f64347fdtstexc-solution.git, testRepositoryUri=http://localhost:49152/git/SHORT3945BC5E092B90459B0A7F006DF5F64347FDTSTEXC/short3945bc5e092b90459b0a7f006df5f64347fdtstexc-tests.git, solutionRepositoryUri=null, auxiliaryRepositoryUris=[Ljava.lang.String;@4fea96b2, auxiliaryRepositoryCheckoutDirectories=[Ljava.lang.String;@7bde99b6], jobTimingInfo=JobTimingInfo[submissionDate=2025-02-14T23:45:57.232907777Z[Etc/UTC], buildStartDate=2025-02-14T23:45:57.240437339Z[Etc/UTC], buildCompletionDate=2025-02-14T23:45:58.062328619Z[Etc/UTC], estimatedCompletionDate=2025-02-14T23:46:16.240428743Z[Etc/UTC], estimatedDuration=19], buildConfig=BuildConfig[buildScript=#!/bin/bash
cd /var/tmp/testing-dir
chmod +x ./gradlew
./gradlew clean test
, dockerImage=dummy-docker-image:latest, commitHashToBuild=c315388a235502fd958ae3c7ffbbbbf126a8fe21, assignmentCommitHash=c315388a235502fd958ae3c7ffbbbbf126a8fe21, testCommitHash=28488095271179f4eface46480ec45511f50df5d, branch=main, programmingLanguage=JAVA, projectType=PLAIN_GRADLE, scaEnabled=false, sequentialTestRunsEnabled=false, resultPaths=[/var/tmp/testing-dir/**/test-results/test/*.xml], timeoutSeconds=0, assignmentCheckoutPath=null, testCheckoutPath=null, solutionCheckoutPath=null, dockerRunConfig=null], submissionResult=ResultDTO[id=641, completionDate=2025-02-14T23:45:58.032353400Z[Etc/UTC], successful=true, score=100.0, rated=true, submission=SubmissionDTO[id=835, submitted=true, type=MANUAL, exampleSubmission=null, submissionDate=2025-02-14T23:45:57.222714Z, commitHash=c315388a235502fd958ae3c7ffbbbbf126a8fe21, buildFailed=false, buildArtifact=false, participation=ParticipationDTO[id=2043, testRun=false, type=solution, submissionCount=null, exercise=ParticipationExerciseDTO[id=2615, exerciseType=PROGRAMMING, type=programming, assessmentType=AUTOMATIC, dueDate=2025-02-16T23:45:56.808788Z, assessmentDueDate=null, maxPoints=42.0, course=CourseDTO[id=998, accuracyOfScores=1]]], submissionExerciseType=programming, isProcessing=false, buildStartDate=null, estimatedCompletionDate=null], participation=ParticipationDTO[id=2043, testRun=false, type=solution, submissionCount=null, exercise=ParticipationExerciseDTO[id=2615, exerciseType=PROGRAMMING, type=programming, assessmentType=AUTOMATIC, dueDate=2025-02-16T23:45:56.808788Z, assessmentDueDate=null, maxPoints=42.0, course=CourseDTO[id=998, accuracyOfScores=1]]], feedbacks=[FeedbackDTO[id=1037, text=null, detailText=null, hasLongFeedbackText=false, reference=null, credits=3.230769230769231, positive=true, type=AUTOMATIC, visibility=ALWAYS, testCase=TestCaseDTO[testName=testMethods[Context], id=1539]], FeedbackDTO[id=1038, text=null, detailText=null, hasLongFeedbackText=false, reference=null, credits=3.230769230769231, positive=true, type=AUTOMATIC, visibility=ALWAYS, testCase=TestCaseDTO[testName=testMethods[Policy], id=1540]], FeedbackDTO[id=1039, text=null, detailText=null, hasLongFeedbackText=false, reference=null, credits=3.230769230769231, positive=true, type=AUTOMATIC, visibility=ALWAYS, testCase=TestCaseDTO[testName=testMethods[SortStrategy], id=1541]], FeedbackDTO[id=1040, text=null, detailText=null, hasLongFeedbackText=false, reference=null, credits=3.230769230769231, positive=true, type=AUTOMATIC, visibility=ALWAYS, testCase=TestCaseDTO[testName=testClass[MergeSort], id=1536]], FeedbackDTO[id=1041, text=null, detailText=null, hasLongFeedbackText=false, reference=null, credits=3.230769230769231, positive=true, type=AUTOMATIC, visibility=ALWAYS, testCase=TestCaseDTO[testName=testClass[SortStrategy], id=1533]], FeedbackDTO[id=1042, text=null, detailText=null, hasLongFeedbackText=false, reference=null, credits=3.230769230769231, positive=true, type=AUTOMATIC, visibility=ALWAYS, testCase=TestCaseDTO[testName=testClass[BubbleSort], id=1537]], FeedbackDTO[id=1043, text=null, detailText=null, hasLongFeedbackText=false, reference=null, credits=3.230769230769231, positive=true, type=AUTOMATIC, visibility=ALWAYS, testCase=TestCaseDTO[testName=testMergeSort(), id=1542]], FeedbackDTO[id=1044, text=null, detailText=null, hasLongFeedbackText=false, reference=null, credits=3.230769230769231, positive=true, type=AUTOMATIC, visibility=ALWAYS, testCase=TestCaseDTO[testName=testUseBubbleSortForSmallList(), id=1543]], FeedbackDTO[id=1045, text=null, detailText=null, hasLongFeedbackText=false, reference=null, credits=3.230769230769231, positive=true, type=AUTOMATIC, visibility=ALWAYS, testCase=TestCaseDTO[testName=testBubbleSort(), id=1545]], FeedbackDTO[id=1046, text=null, detailText=null, hasLongFeedbackText=false, reference=null, credits=3.230769230769231, positive=true, type=AUTOMATIC, visibility=ALWAYS, testCase=TestCaseDTO[testName=testUseMergeSortForBigList(), id=1544]], FeedbackDTO[id=1047, text=null, detailText=null, hasLongFeedbackText=false, reference=null, credits=3.230769230769231, positive=true, type=AUTOMATIC, visibility=ALWAYS, testCase=TestCaseDTO[testName=testConstructors[Policy], id=1538]], FeedbackDTO[id=1048, text=null, detailText=null, hasLongFeedbackText=false, reference=null, credits=3.230769230769231, positive=true, type=AUTOMATIC, visibility=ALWAYS, testCase=TestCaseDTO[testName=testAttributes[Context], id=1534]], FeedbackDTO[id=1049, text=null, detailText=null, hasLongFeedbackText=false, reference=null, credits=3.230769230769231, positive=true, type=AUTOMATIC, visibility=ALWAYS, testCase=TestCaseDTO[testName=testAttributes[Policy], id=1535]]], assessmentType=AUTOMATIC, hasComplaint=null, exampleResult=null, testCaseCount=13, passedTestCaseCount=13, codeIssueCount=0]], BuildJobQueueItem[id=20471739576759335, name=SHORT07624A260BD060493708A050BB6FAE261DD5TSTEXC-LOCALVCCIINTSTUDENT1, buildAgent=BuildAgentDTO[name=artemis-build-agent-test, memberAddress=[127.0.0.1]:5703, displayName=artemis-build-agent-test], participationId=2047, courseId=999, exerciseId=2616, retryCount=0, priority=2, status=SUCCESSFUL, repositoryInfo=RepositoryInfo[repositoryName=short07624a260bd060493708a050bb6fae261dd5tstexc-localvcciintstudent1, repositoryType=user, triggeredByPushTo=user, assignmentRepositoryUri=http://localhost:49152/git/SHORT07624A260BD060493708A050BB6FAE261DD5TSTEXC/short07624a260bd060493708a050bb6fae261dd5tstexc-localvcciintstudent1.git, testRepositoryUri=http://localhost:49152/git/SHORT07624A260BD060493708A050BB6FAE261DD5TSTEXC/short07624a260bd060493708a050bb6fae261dd5tstexc-tests.git, solutionRepositoryUri=null, auxiliaryRepositoryUris=[Ljava.lang.String;@633fc785, auxiliaryRepositoryCheckoutDirectories=[Ljava.lang.String;@70a39762], jobTimingInfo=JobTimingInfo[submissionDate=2025-02-14T23:45:59.335772293Z[Etc/UTC], buildStartDate=2025-02-14T23:45:59.344175895Z[Etc/UTC], buildCompletionDate=2025-02-14T23:46:00.603413500Z[Etc/UTC], estimatedCompletionDate=2025-02-14T23:46:18.344169813Z[Etc/UTC], estimatedDuration=19], buildConfig=BuildConfig[buildScript=#!/bin/bash
cd /var/tmp/testing-dir
chmod +x ./gradlew
./gradlew clean test
, dockerImage=dummy-docker-image:latest, commitHashToBuild=18a07c7296dd70e3280c5bdcec7fccd0be6b8148, assignmentCommitHash=18a07c7296dd70e3280c5bdcec7fccd0be6b8148, testCommitHash=d654a233667bae063bb900e455fd2da456e10333, branch=main, programmingLanguage=JAVA, projectType=PLAIN_GRADLE, scaEnabled=false, sequentialTestRunsEnabled=false, resultPaths=[/var/tmp/testing-dir/**/test-results/test/*.xml], timeoutSeconds=0, assignmentCheckoutPath=null, testCheckoutPath=null, solutionCheckoutPath=null, dockerRunConfig=null], submissionResult=ResultDTO[id=642, completionDate=2025-02-14T23:46:00.583368808Z[Etc/UTC], successful=false, score=7.7, rated=true, submission=SubmissionDTO[id=836, submitted=true, type=MANUAL, exampleSubmission=null, submissionDate=2025-02-14T23:45:59.324416Z, commitHash=18a07c7296dd70e3280c5bdcec7fccd0be6b8148, buildFailed=false, buildArtifact=false, participation=ParticipationDTO[id=2047, testRun=false, type=programming, submissionCount=null, exercise=ParticipationExerciseDTO[id=2616, exerciseType=PROGRAMMING, type=programming, assessmentType=AUTOMATIC, dueDate=2025-02-16T23:45:58.958237Z, assessmentDueDate=null, maxPoints=42.0, course=CourseDTO[id=999, accuracyOfScores=1]]], submissionExerciseType=programming, isProcessing=false, buildStartDate=null, estimatedCompletionDate=null], participation=ParticipationDTO[id=2047, testRun=false, type=programming, submissionCount=null, exercise=ParticipationExerciseDTO[id=2616, exerciseType=PROGRAMMING, type=programming, assessmentType=AUTOMATIC, dueDate=2025-02-16T23:45:58.958237Z, assessmentDueDate=null, maxPoints=42.0, course=CourseDTO[id=999, accuracyOfScores=1]]], feedbacks=[FeedbackDTO[id=1050, text=null, detailText=The exercise expects a class with the name Context in the package testpackage. You did not implement the class in the exercise., hasLongFeedbackText=false, reference=null, credits=0.0, positive=false, type=AUTOMATIC, visibility=ALWAYS, testCase=TestCaseDTO[testName=null, id=1552]], FeedbackDTO[id=1051, text=null, detailText=The exercise expects a class with the name Policy in the package testpackage. You did not implement the class in the exercise., hasLongFeedbackText=false, reference=null, credits=0.0, positive=false, type=AUTOMATIC, visibility=ALWAYS, testCase=TestCaseDTO[testName=null, id=1553]], FeedbackDTO[id=1052, text=null, detailText=The exercise expects a class with the name SortStrategy in the package testpackage. You did not implement the class in the exercise., hasLongFeedbackText=false, reference=null, credits=0.0, positive=false, type=AUTOMATIC, visibility=ALWAYS, testCase=TestCaseDTO[testName=null, id=1554]], FeedbackDTO[id=1053, text=null, detailText=The class 'MergeSort' does not implement the interface 'SortStrategy' as expected. Implement the interface and its methods., hasLongFeedbackText=false, reference=null, credits=0.0, positive=false, type=AUTOMATIC, visibility=ALWAYS, testCase=TestCaseDTO[testName=null, id=1549]], FeedbackDTO[id=1054, text=null, detailText=The exercise expects a class with the name SortStrategy in the package testpackage. You did not implement the class in the exercise., hasLongFeedbackText=false, reference=null, credits=0.0, positive=false, type=AUTOMATIC, visibility=ALWAYS, testCase=TestCaseDTO[testName=null, id=1546]], FeedbackDTO[id=1055, text=null, detailText=The class 'BubbleSort' does not implement the interface 'SortStrategy' as expected. Implement the interface and its methods., hasLongFeedbackText=false, reference=null, credits=0.0, positive=false, type=AUTOMATIC, visibility=ALWAYS, testCase=TestCaseDTO[testName=null, id=1550]], FeedbackDTO[id=1056, text=null, detailText=MergeSort does not sort correctly, hasLongFeedbackText=false, reference=null, credits=0.0, positive=false, type=AUTOMATIC, visibility=ALWAYS, testCase=TestCaseDTO[testName=null, id=1555]], FeedbackDTO[id=1057, text=null, detailText=The class 'Context' was not found within the submission. Make sure to implement it properly., hasLongFeedbackText=false, reference=null, credits=0.0, positive=false, type=AUTOMATIC, visibility=ALWAYS, testCase=TestCaseDTO[testName=null, id=1556]], FeedbackDTO[id=1058, text=null, detailText=The class 'Context' was not found within the submission. Make sure to implement it properly., hasLongFeedbackText=false, reference=null, credits=0.0, positive=false, type=AUTOMATIC, visibility=ALWAYS, testCase=TestCaseDTO[testName=null, id=1557]], FeedbackDTO[id=1059, text=null, detailText=The exercise expects a class with the name Policy in the package testpackage. You did not implement the class in the exercise., hasLongFeedbackText=false, reference=null, credits=0.0, positive=false, type=AUTOMATIC, visibility=ALWAYS, testCase=TestCaseDTO[testName=null, id=1551]], FeedbackDTO[id=1060, text=null, detailText=The exercise expects a class with the name Context in the package testpackage. You did not implement the class in the exercise., hasLongFeedbackText=false, reference=null, credits=0.0, positive=false, type=AUTOMATIC, visibility=ALWAYS, testCase=TestCaseDTO[testName=null, id=1547]], FeedbackDTO[id=1061, text=null, detailText=The exercise expects a class with the name Policy in the package testpackage. You did not implement the class in the exercise., hasLongFeedbackText=false, reference=null, credits=0.0, positive=false, type=AUTOMATIC, visibility=ALWAYS, testCase=TestCaseDTO[testName=null, id=1548]], FeedbackDTO[id=1062, text=null, detailText=null, hasLongFeedbackText=false, reference=null, credits=3.230769230769231, positive=true, type=AUTOMATIC, visibility=ALWAYS, testCase=TestCaseDTO[testName=null, id=1558]]], assessmentType=AUTOMATIC, hasComplaint=null, exampleResult=null, testCaseCount=13, passedTestCaseCount=1, codeIssueCount=0]], BuildJobQueueItem[id=20631739576764096, name=SHORT4DC244B40E51904DBF09D1D07EFB51569A98T9E7-BASE, buildAgent=BuildAgentDTO[name=artemis-build-agent-test, memberAddress=[127.0.0.1]:5703, displayName=artemis-build-agent-test], participationId=2063, courseId=1004, exerciseId=2622, retryCount=0, priority=2, status=SUCCESSFUL, repositoryInfo=RepositoryInfo[repositoryName=short4dc244b40e51904dbf09d1d07efb51569a98t9e7-exercise, repositoryType=exercise, triggeredByPushTo=exercise, assignmentRepositoryUri=http://localhost:49152/git/SHORT4DC244B40E51904DBF09D1D07EFB51569A98T9E7/short4dc244b40e51904dbf09d1d07efb51569a98t9e7-exercise.git, testRepositoryUri=http://localhost:49152/git/SHORT4DC244B40E51904DBF09D1D07EFB51569A98T9E7/short4dc244b40e51904dbf09d1d07efb51569a98t9e7-tests.git, solutionRepositoryUri=null, auxiliaryRepositoryUris=[Ljava.lang.String;@6b67d0c2, auxiliaryRepositoryCheckoutDirectories=[Ljava.lang.String;@64fbe731], jobTimingInfo=JobTimingInfo[submissionDate=2025-02-14T23:46:04.096728486Z[Etc/UTC], buildStartDate=2025-02-14T23:46:04.102262636Z[Etc/UTC], buildCompletionDate=2025-02-14T23:46:05.226227728Z[Etc/UTC], estimatedCompletionDate=2025-02-14T23:46:23.102258508Z[Etc/UTC], estimatedDuration=19], buildConfig=BuildConfig[buildScript=#!/bin/bash
cd /var/tmp/testing-dir
Some script, dockerImage=dummy-docker-image, commitHashToBuild=null, assignmentCommitHash=c012d390834ea02544e9b3baca8f528ff58cb582, testCommitHash=106892b5032dbcc929f32d283777eb646a0a7ab0, branch=main, programmingLanguage=JAVA, projectType=PLAIN_GRADLE, scaEnabled=false, sequentialTestRunsEnabled=false, resultPaths=[/var/tmp/testing-dir/**/test-results/test/*.xml], timeoutSeconds=0, assignmentCheckoutPath=null, testCheckoutPath=null, solutionCheckoutPath=null, dockerRunConfig=null], submissionResult=ResultDTO[id=643, completionDate=2025-02-14T23:46:05.207991505Z[Etc/UTC], successful=false, score=0.0, rated=true, submission=SubmissionDTO[id=838, submitted=false, type=INSTRUCTOR, exampleSubmission=null, submissionDate=2025-02-14T23:46:04.057795Z, commitHash=c012d390834ea02544e9b3baca8f528ff58cb582, buildFailed=false, buildArtifact=false, participation=ParticipationDTO[id=2063, testRun=false, type=template, submissionCount=null, exercise=ParticipationExerciseDTO[id=2622, exerciseType=PROGRAMMING, type=programming, assessmentType=SEMI_AUTOMATIC, dueDate=2025-02-21T23:46:03.542650Z, assessmentDueDate=null, maxPoints=5.0, course=CourseDTO[id=1004, accuracyOfScores=1]]], submissionExerciseType=programming, isProcessing=false, buildStartDate=null, estimatedCompletionDate=null], participation=ParticipationDTO[id=2063, testRun=false, type=template, submissionCount=null, exercise=ParticipationExerciseDTO[id=2622, exerciseType=PROGRAMMING, type=programming, assessmentType=SEMI_AUTOMATIC, dueDate=2025-02-21T23:46:03.542650Z, assessmentDueDate=null, maxPoints=5.0, course=CourseDTO[id=1004, accuracyOfScores=1]]], feedbacks=[FeedbackDTO[id=1063, text=testMethods[Context], detailText=The exercise expects a class with the name Context in the package testpackage. You did not implement the class in the exercise., hasLongFeedbackText=false, reference=null, credits=null, positive=false, type=AUTOMATIC, visibility=null, testCase=null], FeedbackDTO[id=1064, text=testMethods[Policy], detailText=The exercise expects a class with the name Policy in the package testpackage. You did not implement the class in the exercise., hasLongFeedbackText=false, reference=null, credits=null, positive=false, type=AUTOMATIC, visibility=null, testCase=null], FeedbackDTO[id=1065, text=testMethods[SortStrategy], detailText=The exercise expects a class with the name SortStrategy in the package testpackage. You did not implement the class in the exercise., hasLongFeedbackText=false, reference=null, credits=null, positive=false, type=AUTOMATIC, visibility=null, testCase=null], FeedbackDTO[id=1066, text=testClass[MergeSort], detailText=The class 'MergeSort' does not implement the interface 'SortStrategy' as expected. Implement the interface and its methods., hasLongFeedbackText=false, reference=null, credits=null, positive=false, type=AUTOMATIC, visibility=null, testCase=null], FeedbackDTO[id=1067, text=testClass[SortStrategy], detailText=The exercise expects a class with the name SortStrategy in the package testpackage. You did not implement the class in the exercise., hasLongFeedbackText=false, reference=null, credits=null, positive=false, type=AUTOMATIC, visibility=null, testCase=null], FeedbackDTO[id=1068, text=testClass[BubbleSort], detailText=The class 'BubbleSort' does not implement the interface 'SortStrategy' as expected. Implement the interface and its methods., hasLongFeedbackText=false, reference=null, credits=null, positive=false, type=AUTOMATIC, visibility=null, testCase=null], FeedbackDTO[id=1069, text=testMergeSort(), detailText=MergeSort does not sort correctly, hasLongFeedbackText=false, reference=null, credits=null, positive=false, type=AUTOMATIC, visibility=null, testCase=null], FeedbackDTO[id=1070, text=testUseBubbleSortForSmallList(), detailText=The class 'Context' was not found within the submission. Make sure to implement it properly., hasLongFeedbackText=false, reference=null, credits=null, positive=false, type=AUTOMATIC, visibility=null, testCase=null], FeedbackDTO[id=1071, text=testBubbleSort(), detailText=BubbleSort does not sort correctly, hasLongFeedbackText=false, reference=null, credits=null, positive=false, type=AUTOMATIC, visibility=null, testCase=null], FeedbackDTO[id=1072, text=testUseMergeSortForBigList(), detailText=The class 'Context' was not found within the submission. Make sure to implement it properly., hasLongFeedbackText=false, reference=null, credits=null, positive=false, type=AUTOMATIC, visibility=null, testCase=null], FeedbackDTO[id=1073, text=testConstructors[Policy], detailText=The exercise expects a class with the name Policy in the package testpackage. You did not implement the class in the exercise., hasLongFeedbackText=false, reference=null, credits=null, positive=false, type=AUTOMATIC, visibility=null, testCase=null], FeedbackDTO[id=1074, text=testAttributes[Context], detailText=The exercise expects a class with the name Context in the package testpackage. You did not implement the class in the exercise., hasLongFeedbackText=false, reference=null, credits=null, positive=false, type=AUTOMATIC, visibility=null, testCase=null], FeedbackDTO[id=1075, text=testAttributes[Policy], detailText=The exercise expects a class with the name Policy in the package testpackage. You did not implement the class in the exercise., hasLongFeedbackText=false, reference=null, credits=null, positive=false, type=AUTOMATIC, visibility=null, testCase=null]], assessmentType=AUTOMATIC, hasComplaint=null, exampleResult=null, testCaseCount=13, passedTestCaseCount=0, codeIssueCount=0]], BuildJobQueueItem[id=20641739576764112, name=SHORT4DC244B40E51904DBF09D1D07EFB51569A98T9E7-SOLUTION, buildAgent=BuildAgentDTO[name=artemis-build-agent-test, memberAddress=[127.0.0.1]:5703, displayName=artemis-build-agent-test], participationId=2064, courseId=1004, exerciseId=2622, retryCount=0, priority=2, status=SUCCESSFUL, repositoryInfo=RepositoryInfo[repositoryName=short4dc244b40e51904dbf09d1d07efb51569a98t9e7-solution, repositoryType=solution, triggeredByPushTo=solution, assignmentRepositoryUri=http://localhost:49152/git/SHORT4DC244B40E51904DBF09D1D07EFB51569A98T9E7/short4dc244b40e51904dbf09d1d07efb51569a98t9e7-solution.git, testRepositoryUri=http://localhost:49152/git/SHORT4DC244B40E51904DBF09D1D07EFB51569A98T9E7/short4dc244b40e51904dbf09d1d07efb51569a98t9e7-tests.git, solutionRepositoryUri=null, auxiliaryRepositoryUris=[Ljava.lang.String;@796517c4, auxiliaryRepositoryCheckoutDirectories=[Ljava.lang.String;@1591870d], jobTimingInfo=JobTimingInfo[submissionDate=2025-02-14T23:46:04.112126913Z[Etc/UTC], buildStartDate=2025-02-14T23:46:05.232264507Z[Etc/UTC], buildCompletionDate=2025-02-14T23:46:06.182915498Z[Etc/UTC], estimatedCompletionDate=2025-02-14T23:46:24.232260149Z[Etc/UTC], estimatedDuration=19], buildConfig=BuildConfig[buildScript=#!/bin/bash
cd /var/tmp/testing-dir
Some script, dockerImage=dummy-docker-image, commitHashToBuild=null, assignmentCommitHash=221330b9b164316cadedcd1505ff3260d90e6691, testCommitHash=106892b5032dbcc929f32d283777eb646a0a7ab0, branch=main, programmingLanguage=JAVA, projectType=PLAIN_GRADLE, scaEnabled=false, sequentialTestRunsEnabled=false, resultPaths=[/var/tmp/testing-dir/**/test-results/test/*.xml], timeoutSeconds=0, assignmentCheckoutPath=null, testCheckoutPath=null, solutionCheckoutPath=null, dockerRunConfig=null], submissionResult=ResultDTO[id=644, completionDate=2025-02-14T23:46:06.169385846Z[Etc/UTC], successful=true, score=100.0, rated=true, submission=SubmissionDTO[id=837, submitted=false, type=INSTRUCTOR, exampleSubmission=null, submissionDate=2025-02-14T23:46:04.038689Z, commitHash=221330b9b164316cadedcd1505ff3260d90e6691, buildFailed=false, buildArtifact=false, participation=ParticipationDTO[id=2064, testRun=false, type=solution, submissionCount=null, exercise=ParticipationExerciseDTO[id=2622, exerciseType=PROGRAMMING, type=programming, assessmentType=SEMI_AUTOMATIC, dueDate=2025-02-21T23:46:03.542650Z, assessmentDueDate=null, maxPoints=5.0, course=CourseDTO[id=1004, accuracyOfScores=1]]], submissionExerciseType=programming, isProcessing=false, buildStartDate=null, estimatedCompletionDate=null], participation=ParticipationDTO[id=2064, testRun=false, type=solution, submissionCount=null, exercise=ParticipationExerciseDTO[id=2622, exerciseType=PROGRAMMING, type=programming, assessmentType=SEMI_AUTOMATIC, dueDate=2025-02-21T23:46:03.542650Z, assessmentDueDate=null, maxPoints=5.0, course=CourseDTO[id=1004, accuracyOfScores=1]]], feedbacks=[FeedbackDTO[id=1076, text=null, detailText=null, hasLongFeedbackText=false, reference=null, credits=0.38461538461538464, positive=true, type=AUTOMATIC, visibility=ALWAYS, testCase=TestCaseDTO[testName=testMethods[Context], id=1612]], FeedbackDTO[id=1077, text=null, detailText=null, hasLongFeedbackText=false, reference=null, credits=0.38461538461538464, positive=true, type=AUTOMATIC, visibility=ALWAYS, testCase=TestCaseDTO[testName=testMethods[Policy], id=1611]], FeedbackDTO[id=1078, text=null, detailText=null, hasLongFeedbackText=false, reference=null, credits=0.38461538461538464, positive=true, type=AUTOMATIC, visibility=ALWAYS, testCase=TestCaseDTO[testName=testMethods[SortStrategy], id=1613]], FeedbackDTO[id=1079, text=null, detailText=null, hasLongFeedbackText=false, reference=null, credits=0.38461538461538464, positive=true, type=AUTOMATIC, visibility=ALWAYS, testCase=TestCaseDTO[testName=testClass[MergeSort], id=1614]], FeedbackDTO[id=1080, text=null, detailText=null, hasLongFeedbackText=false, reference=null, credits=0.38461538461538464, positive=true, type=AUTOMATIC, visibility=ALWAYS, testCase=TestCaseDTO[testName=testClass[SortStrategy], id=1617]], FeedbackDTO[id=1081, text=null, detailText=null, hasLongFeedbackText=false, reference=null, credits=0.38461538461538464, positive=true, type=AUTOMATIC, visibility=ALWAYS, testCase=TestCaseDTO[testName=testClass[BubbleSort], id=1618]], FeedbackDTO[id=1082, text=null, detailText=null, hasLongFeedbackText=false, reference=null, credits=0.38461538461538464, positive=true, type=AUTOMATIC, visibility=ALWAYS, testCase=TestCaseDTO[testName=testMergeSort(), id=1620]], FeedbackDTO[id=1083, text=null, detailText=null, hasLongFeedbackText=false, reference=null, credits=0.38461538461538464, positive=true, type=AUTOMATIC, visibility=ALWAYS, testCase=TestCaseDTO[testName=testUseBubbleSortForSmallList(), id=1622]], FeedbackDTO[id=1084, text=null, detailText=null, hasLongFeedbackText=false, reference=null, credits=0.38461538461538464, positive=true, type=AUTOMATIC, visibility=ALWAYS, testCase=TestCaseDTO[testName=testBubbleSort(), id=1615]], FeedbackDTO[id=1085, text=null, detailText=null, hasLongFeedbackText=false, reference=null, credits=0.38461538461538464, positive=true, type=AUTOMATIC, visibility=ALWAYS, testCase=TestCaseDTO[testName=testUseMergeSortForBigList(), id=1619]], FeedbackDTO[id=1086, text=null, detailText=null, hasLongFeedbackText=false, reference=null, credits=0.38461538461538464, positive=true, type=AUTOMATIC, visibility=ALWAYS, testCase=TestCaseDTO[testName=testConstructors[Policy], id=1623]], FeedbackDTO[id=1087, text=null, detailText=null, hasLongFeedbackText=false, reference=null, credits=0.38461538461538464, positive=true, type=AUTOMATIC, visibility=ALWAYS, testCase=TestCaseDTO[testName=testAttributes[Context], id=1616]], FeedbackDTO[id=1088, text=null, detailText=null, hasLongFeedbackText=false, reference=null, credits=0.38461538461538464, positive=true, type=AUTOMATIC, visibility=ALWAYS, testCase=TestCaseDTO[testName=testAttributes[Policy], id=1621]]], assessmentType=AUTOMATIC, hasComplaint=null, exampleResult=null, testCaseCount=13, passedTestCaseCount=13, codeIssueCount=0]], BuildJobQueueItem[id=20711739576769873, name=SHORT119ADC0203685047B60A48204B1EA14EB29EIMPORTED-BASE, buildAgent=BuildAgentDTO[name=artemis-build-agent-test, memberAddress=[127.0.0.1]:5703, displayName=artemis-build-agent-test], participationId=2071, courseId=1007, exerciseId=2625, retryCount=0, priority=2, status=SUCCESSFUL, repositoryInfo=RepositoryInfo[repositoryName=short119adc0203685047b60a48204b1ea14eb29eimported-exercise, repositoryType=exercise, triggeredByPushTo=exercise, assignmentRepositoryUri=http://localhost:49152/git/SHORT119ADC0203685047B60A48204B1EA14EB29EIMPORTED/short119adc0203685047b60a48204b1ea14eb29eimported-exercise.git, testRepositoryUri=http://localhost:49152/git/SHORT119ADC0203685047B60A48204B1EA14EB29EIMPORTED/short119adc0203685047b60a48204b1ea14eb29eimported-tests.git, solutionRepositoryUri=null, auxiliaryRepositoryUris=[Ljava.lang.String;@4025b4bd, auxiliaryRepositoryCheckoutDirectories=[Ljava.lang.String;@7bdc01e7], jobTimingInfo=JobTimingInfo[submissionDate=2025-02-14T23:46:09.873880717Z[Etc/UTC], buildStartDate=2025-02-14T23:46:09.877078790Z[Etc/UTC], buildCompletionDate=2025-02-14T23:46:11.190344481Z[Etc/UTC], estimatedCompletionDate=2025-02-14T23:46:28.877074652Z[Etc/UTC], estimatedDuration=19], buildConfig=BuildConfig[buildScript=#!/bin/bash
cd /var/tmp/testing-dir
chmod +x ./gradlew
./gradlew clean test
, dockerImage=dummy-docker-image, commitHashToBuild=null, assignmentCommitHash=fdf5d18917d97180fa8cd8dbe85fef02e40bdd6d, testCommitHash=fdf5d18917d97180fa8cd8dbe85fef02e40bdd6d, branch=main, programmingLanguage=JAVA, projectType=PLAIN_GRADLE, scaEnabled=false, sequentialTestRunsEnabled=false, resultPaths=[/var/tmp/testing-dir/**/test-results/test/*.xml], timeoutSeconds=0, assignmentCheckoutPath=null, testCheckoutPath=null, solutionCheckoutPath=null, dockerRunConfig=null], submissionResult=ResultDTO[id=645, completionDate=2025-02-14T23:46:11.157476754Z[Etc/UTC], successful=false, score=0.0, rated=true, submission=SubmissionDTO[id=839, submitted=true, type=MANUAL, exampleSubmission=null, submissionDate=2025-02-14T23:46:07.288584092Z[Etc/UTC], commitHash=fdf5d18917d97180fa8cd8dbe85fef02e40bdd6d, buildFailed=false, buildArtifact=false, participation=ParticipationDTO[id=2071, testRun=false, type=template, submissionCount=null, exercise=ParticipationExerciseDTO[id=2625, exerciseType=PROGRAMMING, type=programming, assessmentType=AUTOMATIC, dueDate=2025-02-16T23:46:09.110273Z, assessmentDueDate=null, maxPoints=42.0, course=CourseDTO[id=1007, accuracyOfScores=1]]], submissionExerciseType=programming, isProcessing=false, buildStartDate=null, estimatedCompletionDate=null], participation=ParticipationDTO[id=2071, testRun=false, type=template, submissionCount=null, exercise=ParticipationExerciseDTO[id=2625, exerciseType=PROGRAMMING, type=programming, assessmentType=AUTOMATIC, dueDate=2025-02-16T23:46:09.110273Z, assessmentDueDate=null, maxPoints=42.0, course=CourseDTO[id=1007, accuracyOfScores=1]]], feedbacks=[FeedbackDTO[id=1089, text=testMethods[Context], detailText=The exercise expects a class with the name Context in the package testpackage. You did not implement the class in the exercise., hasLongFeedbackText=false, reference=null, credits=null, positive=false, type=AUTOMATIC, visibility=null, testCase=null], FeedbackDTO[id=1090, text=testMethods[Policy], detailText=The exercise expects a class with the name Policy in the package testpackage. You did not implement the class in the exercise., hasLongFeedbackText=false, reference=null, credits=null, positive=false, type=AUTOMATIC, visibility=null, testCase=null], FeedbackDTO[id=1091, text=testMethods[SortStrategy], detailText=The exercise expects a class with the name SortStrategy in the package testpackage. You did not implement the class in the exercise., hasLongFeedbackText=false, reference=null, credits=null, positive=false, type=AUTOMATIC, visibility=null, testCase=null], FeedbackDTO[id=1092, text=testClass[MergeSort], detailText=The class 'MergeSort' does not implement the interface 'SortStrategy' as expected. Implement the interface and its methods., hasLongFeedbackText=false, reference=null, credits=null, positive=false, type=AUTOMATIC, visibility=null, testCase=null], FeedbackDTO[id=1093, text=testClass[SortStrategy], detailText=The exercise expects a class with the name SortStrategy in the package testpackage. You did not implement the class in the exercise., hasLongFeedbackText=false, reference=null, credits=null, positive=false, type=AUTOMATIC, visibility=null, testCase=null], FeedbackDTO[id=1094, text=testClass[BubbleSort], detailText=The class 'BubbleSort' does not implement the interface 'SortStrategy' as expected. Implement the interface and its methods., hasLongFeedbackText=false, reference=null, credits=null, positive=false, type=AUTOMATIC, visibility=null, testCase=null], FeedbackDTO[id=1095, text=testMergeSort(), detailText=MergeSort does not sort correctly, hasLongFeedbackText=false, reference=null, credits=null, positive=false, type=AUTOMATIC, visibility=null, testCase=null], FeedbackDTO[id=1096, text=testUseBubbleSortForSmallList(), detailText=The class 'Context' was not found within the submission. Make sure to implement it properly., hasLongFeedbackText=false, reference=null, credits=null, positive=false, type=AUTOMATIC, visibility=null, testCase=null], FeedbackDTO[id=1097, text=testBubbleSort(), detailText=BubbleSort does not sort correctly, hasLongFeedbackText=false, reference=null, credits=null, positive=false, type=AUTOMATIC, visibility=null, testCase=null], FeedbackDTO[id=1098, text=testUseMergeSortForBigList(), detailText=The class 'Context' was not found within the submission. Make sure to implement it properly., hasLongFeedbackText=false, reference=null, credits=null, positive=false, type=AUTOMATIC, visibility=null, testCase=null], FeedbackDTO[id=1099, text=testConstructors[Policy], detailText=The exercise expects a class with the name Policy in the package testpackage. You did not implement the class in the exercise., hasLongFeedbackText=false, reference=null, credits=null, positive=false, type=AUTOMATIC, visibility=null, testCase=null], FeedbackDTO[id=1100, text=testAttributes[Context], detailText=The exercise expects a class with the name Context in the package testpackage. You did not implement the class in the exercise., hasLongFeedbackText=false, reference=null, credits=null, positive=false, type=AUTOMATIC, visibility=null, testCase=null], FeedbackDTO[id=1101, text=testAttributes[Policy], detailText=The exercise expects a class with the name Policy in the package testpackage. You did not implement the class in the exercise., hasLongFeedbackText=false, reference=null, credits=null, positive=false, type=AUTOMATIC, visibility=null, testCase=null]], assessmentType=AUTOMATIC, hasComplaint=null, exampleResult=null, testCaseCount=13, passedTestCaseCount=0, codeIssueCount=0]], BuildJobQueueItem[id=20721739576769890, name=SHORT119ADC0203685047B60A48204B1EA14EB29EIMPORTED-SOLUTION, buildAgent=BuildAgentDTO[name=artemis-build-agent-test, memberAddress=[127.0.0.1]:5703, displayName=artemis-build-agent-test], participationId=2072, courseId=1007, exerciseId=2625, retryCount=0, priority=2, status=SUCCESSFUL, repositoryInfo=RepositoryInfo[repositoryName=short119adc0203685047b60a48204b1ea14eb29eimported-solution, repositoryType=solution, triggeredByPushTo=solution, assignmentRepositoryUri=http://localhost:49152/git/SHORT119ADC0203685047B60A48204B1EA14EB29EIMPORTED/short119adc0203685047b60a48204b1ea14eb29eimported-solution.git, testRepositoryUri=http://localhost:49152/git/SHORT119ADC0203685047B60A48204B1EA14EB29EIMPORTED/short119adc0203685047b60a48204b1ea14eb29eimported-tests.git, solutionRepositoryUri=null, auxiliaryRepositoryUris=[Ljava.lang.String;@2a56f26f, auxiliaryRepositoryCheckoutDirectories=[Ljava.lang.String;@33e6a1c7], jobTimingInfo=JobTimingInfo[submissionDate=2025-02-14T23:46:09.890822804Z[Etc/UTC], buildStartDate=2025-02-14T23:46:11.208247329Z[Etc/UTC], buildCompletionDate=2025-02-14T23:46:12.589293923Z[Etc/UTC], estimatedCompletionDate=2025-02-14T23:46:30.208240637Z[Etc/UTC], estimatedDuration=19], buildConfig=BuildConfig[buildScript=#!/bin/bash
cd /var/tmp/testing-dir
chmod +x ./gradlew
./gradlew clean test
, dockerImage=dummy-docker-image, commitHashToBuild=null, assignmentCommitHash=fdf5d18917d97180fa8cd8dbe85fef02e40bdd6d, testCommitHash=fdf5d18917d97180fa8cd8dbe85fef02e40bdd6d, branch=main, programmingLanguage=JAVA, projectType=PLAIN_GRADLE, scaEnabled=false, sequentialTestRunsEnabled=false, resultPaths=[/var/tmp/testing-dir/**/test-results/test/*.xml], timeoutSeconds=0, assignmentCheckoutPath=null, testCheckoutPath=null, solutionCheckoutPath=null, dockerRunConfig=null], submissionResult=ResultDTO[id=646, completionDate=2025-02-14T23:46:12.549974956Z[Etc/UTC], successful=true, score=100.0, rated=true, submission=SubmissionDTO[id=840, submitted=true, type=MANUAL, exampleSubmission=null, submissionDate=2025-02-14T23:46:07.288584092Z[Etc/UTC], commitHash=fdf5d18917d97180fa8cd8dbe85fef02e40bdd6d, buildFailed=false, buildArtifact=false, participation=ParticipationDTO[id=2072, testRun=false, type=solution, submissionCount=null, exercise=ParticipationExerciseDTO[id=2625, exerciseType=PROGRAMMING, type=programming, assessmentType=AUTOMATIC, dueDate=2025-02-16T23:46:09.110273Z, assessmentDueDate=null, maxPoints=42.0, course=CourseDTO[id=1007, accuracyOfScores=1]]], submissionExerciseType=programming, isProcessing=false, buildStartDate=null, estimatedCompletionDate=null], participation=ParticipationDTO[id=2072, testRun=false, type=solution, submissionCount=null, exercise=ParticipationExerciseDTO[id=2625, exerciseType=PROGRAMMING, type=programming, assessmentType=AUTOMATIC, dueDate=2025-02-16T23:46:09.110273Z, assessmentDueDate=null, maxPoints=42.0, course=CourseDTO[id=1007, accuracyOfScores=1]]], feedbacks=[FeedbackDTO[id=1102, text=null, detailText=null, hasLongFeedbackText=false, reference=null, credits=3.230769230769231, positive=true, type=AUTOMATIC, visibility=ALWAYS, testCase=TestCaseDTO[testName=testMethods[Context], id=1624]], FeedbackDTO[id=1103, text=null, detailText=null, hasLongFeedbackText=false, reference=null, credits=3.230769230769231, positive=true, type=AUTOMATIC, visibility=ALWAYS, testCase=TestCaseDTO[testName=testMethods[Policy], id=1625]], FeedbackDTO[id=1104, text=null, detailText=null, hasLongFeedbackText=false, reference=null, credits=3.230769230769231, positive=true, type=AUTOMATIC, visibility=ALWAYS, testCase=TestCaseDTO[testName=testMethods[SortStrategy], id=1626]], FeedbackDTO[id=1105, text=null, detailText=null, hasLongFeedbackText=false, reference=null, credits=3.230769230769231, positive=true, type=AUTOMATIC, visibility=ALWAYS, testCase=TestCaseDTO[testName=testClass[MergeSort], id=1627]], FeedbackDTO[id=1106, text=null, detailText=null, hasLongFeedbackText=false, reference=null, credits=3.230769230769231, positive=true, type=AUTOMATIC, visibility=ALWAYS, testCase=TestCaseDTO[testName=testClass[SortStrategy], id=1628]], FeedbackDTO[id=1107, text=null, detailText=null, hasLongFeedbackText=false, reference=null, credits=3.230769230769231, positive=true, type=AUTOMATIC, visibility=ALWAYS, testCase=TestCaseDTO[testName=testClass[BubbleSort], id=1629]], FeedbackDTO[id=1108, text=null, detailText=null, hasLongFeedbackText=false, reference=null, credits=3.230769230769231, positive=true, type=AUTOMATIC, visibility=ALWAYS, testCase=TestCaseDTO[testName=testMergeSort(), id=1631]], FeedbackDTO[id=1109, text=null, detailText=null, hasLongFeedbackText=false, reference=null, credits=3.230769230769231, positive=true, type=AUTOMATIC, visibility=ALWAYS, testCase=TestCaseDTO[testName=testUseBubbleSortForSmallList(), id=1633]], FeedbackDTO[id=1110, text=null, detailText=null, hasLongFeedbackText=false, reference=null, credits=3.230769230769231, positive=true, type=AUTOMATIC, visibility=ALWAYS, testCase=TestCaseDTO[testName=testBubbleSort(), id=1634]], FeedbackDTO[id=1111, text=null, detailText=null, hasLongFeedbackText=false, reference=null, credits=3.230769230769231, positive=true, type=AUTOMATIC, visibility=ALWAYS, testCase=TestCaseDTO[testName=testUseMergeSortForBigList(), id=1630]], FeedbackDTO[id=1112, text=null, detailText=null, hasLongFeedbackText=false, reference=null, credits=3.230769230769231, positive=true, type=AUTOMATIC, visibility=ALWAYS, testCase=TestCaseDTO[testName=testConstructors[Policy], id=1635]], FeedbackDTO[id=1113, text=null, detailText=null, hasLongFeedbackText=false, reference=null, credits=3.230769230769231, positive=true, type=AUTOMATIC, visibility=ALWAYS, testCase=TestCaseDTO[testName=testAttributes[Context], id=1632]], FeedbackDTO[id=1114, text=null, detailText=null, hasLongFeedbackText=false, reference=null, credits=3.230769230769231, positive=true, type=AUTOMATIC, visibility=ALWAYS, testCase=TestCaseDTO[testName=testAttributes[Policy], id=1636]]], assessmentType=AUTOMATIC, hasComplaint=null, exampleResult=null, testCaseCount=13, passedTestCaseCount=13, codeIssueCount=0]]], publicSshKey=ssh-rsa AAAAB3NzaC1yc2EAAAADAQABAAACAQCOPdMsxRE2jFJ/UEa5/LsBxtwzJcrh3/rYBCQvcMeVpiRfhzQPWu7mrt/G2Ew+i+vRloGH9aqKg6dd1liRncao53Zmd/ePxoatXePNhmzTfkCkcSkTUz7B+QMjkoDDV5jwuFPD6mF3JkhuzSi64n9Zy905t4w2IhVcjM2mL3eYNjiCXt6Qpq3Pkt7dM/Ksw1nxnvuiIALuJLB3FTkXkHqq3PJav+9HSq2r6ZaWgekneaGxlQlb+U+Vy3XOuArKAzK8c8i+0bR+AHiTG6ncYXt7ax3U+TdlDTF7OLP3umwaYjs1NBXOHwG42pevvpKn2fqavZZozk+M05jXLx3bq0O7itxfErWc7etky8qYPyyIMF/txQIVLd78+Ze4d7Y60t5MGbXM5cGE6fFif5fEJwgswXD+BrG0cafz1CTatjSKFdvp8Vp4VszXhHDan1PrP6JEFJ5Cc5GDmLRZPCFa3vL9f5qXgf4bkqKN8MYeEujwJE5nMRWoiJVNakix2bcrrneQMBlnYeYZVWXXXUusAQBzl4NgddC1umZpihZkL1b1MffZAUW3EGEXi7KHnllQhkTLLsQ8ntMgbylqaJKStqaXlLvdeRJcEnUuiFCrHEVVbXRFZR7XVDZ02CE5o3MuaRPty8Kh+jRTF3COlAckHwYEJCNNJvXFgb2CNXL4mjzYDw== test@localhost]
    23:46:12.916 | 566 localvc.event-13 | DEBUG | s.l.LocalCIWebsocketMessagingService : Sending message on topic /topic/admin/build-agents: [BuildAgentInformation[buildAgent=BuildAgentDTO[name=artemis-build-agent-test, memberAddress=[127.0.0.1]:5703, displayName=artemis-build-agent-test], maxNumberOfConcurrentBuildJobs=1, numberOfCurrentBuildJobs=0, runningBuildJobs=[], status=IDLE, recentBuildJobs=null, publicSshKey=null]]
    23:46:12.917 | 566 localvc.event-13 | DEBUG | s.l.LocalCIWebsocketMessagingService : Sending message on topic /topic/admin/build-agent/artemis-build-agent-test: BuildAgentInformation[buildAgent=BuildAgentDTO[name=artemis-build-agent-test, memberAddress=[127.0.0.1]:5703, displayName=artemis-build-agent-test], maxNumberOfConcurrentBuildJobs=1, numberOfCurrentBuildJobs=0, runningBuildJobs=[], status=IDLE, recentBuildJobs=[BuildJobQueueItem[id=19581739576715555, name=SHORTC1A3F9FC03D2304B4308FA20AF16D54AAA49TSTEXC-LOCALVCSSHINTSTUDENT1, buildAgent=BuildAgentDTO[name=artemis-build-agent-test, memberAddress=[127.0.0.1]:5703, displayName=artemis-build-agent-test], participationId=1958, courseId=965, exerciseId=2582, retryCount=0, priority=2, status=FAILED, repositoryInfo=RepositoryInfo[repositoryName=shortc1a3f9fc03d2304b4308fa20af16d54aaa49tstexc-localvcsshintstudent1, repositoryType=user, triggeredByPushTo=user, assignmentRepositoryUri=http://localhost:49152/git/SHORTC1A3F9FC03D2304B4308FA20AF16D54AAA49TSTEXC/shortc1a3f9fc03d2304b4308fa20af16d54aaa49tstexc-localvcsshintstudent1.git, testRepositoryUri=http://localhost:49152/git/SHORTC1A3F9FC03D2304B4308FA20AF16D54AAA49TSTEXC/shortc1a3f9fc03d2304b4308fa20af16d54aaa49tstexc-tests.git, solutionRepositoryUri=null, auxiliaryRepositoryUris=[Ljava.lang.String;@589bcd18, auxiliaryRepositoryCheckoutDirectories=[Ljava.lang.String;@5ef5b755], jobTimingInfo=JobTimingInfo[submissionDate=2025-02-14T23:45:15.555989584Z[Etc/UTC], buildStartDate=2025-02-14T23:45:15.568477627Z[Etc/UTC], buildCompletionDate=2025-02-14T23:45:15.579021148Z[Etc/UTC], estimatedCompletionDate=2025-02-14T23:45:34.568443924Z[Etc/UTC], estimatedDuration=19], buildConfig=BuildConfig[buildScript=#!/bin/bash
cd /var/tmp/testing-dir
chmod +x ./gradlew
./gradlew clean test
, dockerImage=dummy-docker-image:latest, commitHashToBuild=ca76dac20e040e6609db02fd7fedd56bf58829d7, assignmentCommitHash=ca76dac20e040e6609db02fd7fedd56bf58829d7, testCommitHash=bd0d58c226dc63bfa4bc9052870589952c0a1f83, branch=main, programmingLanguage=JAVA, projectType=PLAIN_GRADLE, scaEnabled=false, sequentialTestRunsEnabled=false, resultPaths=[/var/tmp/testing-dir/**/test-results/test/*.xml], timeoutSeconds=0, assignmentCheckoutPath=null, testCheckoutPath=null, solutionCheckoutPath=null, dockerRunConfig=null], submissionResult=ResultDTO[id=627, completionDate=2025-02-14T23:45:15.579119131Z[Etc/UTC], successful=false, score=0.0, rated=true, submission=SubmissionDTO[id=820, submitted=true, type=MANUAL, exampleSubmission=null, submissionDate=2025-02-14T23:45:15.548349Z, commitHash=ca76dac20e040e6609db02fd7fedd56bf58829d7, buildFailed=true, buildArtifact=false, participation=ParticipationDTO[id=1958, testRun=false, type=programming, submissionCount=null, exercise=ParticipationExerciseDTO[id=2582, exerciseType=PROGRAMMING, type=programming, assessmentType=AUTOMATIC, dueDate=2025-02-16T23:45:15.103512Z, assessmentDueDate=null, maxPoints=42.0, course=CourseDTO[id=965, accuracyOfScores=1]]], submissionExerciseType=programming, isProcessing=false, buildStartDate=null, estimatedCompletionDate=null], participation=ParticipationDTO[id=1958, testRun=false, type=programming, submissionCount=null, exercise=ParticipationExerciseDTO[id=2582, exerciseType=PROGRAMMING, type=programming, assessmentType=AUTOMATIC, dueDate=2025-02-16T23:45:15.103512Z, assessmentDueDate=null, maxPoints=42.0, course=CourseDTO[id=965, accuracyOfScores=1]]], feedbacks=[], assessmentType=AUTOMATIC, hasComplaint=null, exampleResult=null, testCaseCount=0, passedTestCaseCount=0, codeIssueCount=0]], BuildJobQueueItem[id=19801739576719393, name=SHORTB2A6C58B0D447045380A858075B170A5B7C6TSTEXC-LOCALVCSSHINTSTUDENT1, buildAgent=BuildAgentDTO[name=artemis-build-agent-test, memberAddress=[127.0.0.1]:5703, displayName=artemis-build-agent-test], participationId=1980, courseId=974, exerciseId=2591, retryCount=0, priority=2, status=FAILED, repositoryInfo=RepositoryInfo[repositoryName=shortb2a6c58b0d447045380a858075b170a5b7c6tstexc-localvcsshintstudent1, repositoryType=user, triggeredByPushTo=user, assignmentRepositoryUri=http://localhost:49152/git/SHORTB2A6C58B0D447045380A858075B170A5B7C6TSTEXC/shortb2a6c58b0d447045380a858075b170a5b7c6tstexc-localvcsshintstudent1.git, testRepositoryUri=http://localhost:49152/git/SHORTB2A6C58B0D447045380A858075B170A5B7C6TSTEXC/shortb2a6c58b0d447045380a858075b170a5b7c6tstexc-tests.git, solutionRepositoryUri=null, auxiliaryRepositoryUris=[Ljava.lang.String;@5b21c66a, auxiliaryRepositoryCheckoutDirectories=[Ljava.lang.String;@269ee79], jobTimingInfo=JobTimingInfo[submissionDate=2025-02-14T23:45:19.393259829Z[Etc/UTC], buildStartDate=2025-02-14T23:45:19.405438171Z[Etc/UTC], buildCompletionDate=2025-02-14T23:45:19.414070673Z[Etc/UTC], estimatedCompletionDate=2025-02-14T23:45:38.405431569Z[Etc/UTC], estimatedDuration=19], buildConfig=BuildConfig[buildScript=#!/bin/bash
cd /var/tmp/testing-dir
chmod +x ./gradlew
./gradlew clean test
, dockerImage=dummy-docker-image:latest, commitHashToBuild=363cdbf709a9fff149f813ab848ee800a675cc77, assignmentCommitHash=363cdbf709a9fff149f813ab848ee800a675cc77, testCommitHash=a5e046ece417b2e538f21f816e2524dab61e0d10, branch=main, programmingLanguage=JAVA, projectType=PLAIN_GRADLE, scaEnabled=false, sequentialTestRunsEnabled=false, resultPaths=[/var/tmp/testing-dir/**/test-results/test/*.xml], timeoutSeconds=0, assignmentCheckoutPath=null, testCheckoutPath=null, solutionCheckoutPath=null, dockerRunConfig=null], submissionResult=ResultDTO[id=628, completionDate=2025-02-14T23:45:19.414171040Z[Etc/UTC], successful=false, score=0.0, rated=true, submission=SubmissionDTO[id=821, submitted=true, type=MANUAL, exampleSubmission=null, submissionDate=2025-02-14T23:45:19.376840Z, commitHash=363cdbf709a9fff149f813ab848ee800a675cc77, buildFailed=true, buildArtifact=false, participation=ParticipationDTO[id=1980, testRun=false, type=programming, submissionCount=null, exercise=ParticipationExerciseDTO[id=2591, exerciseType=PROGRAMMING, type=programming, assessmentType=AUTOMATIC, dueDate=2025-02-16T23:45:18.950569Z, assessmentDueDate=null, maxPoints=42.0, course=CourseDTO[id=974, accuracyOfScores=1]]], submissionExerciseType=programming, isProcessing=false, buildStartDate=null, estimatedCompletionDate=null], participation=ParticipationDTO[id=1980, testRun=false, type=programming, submissionCount=null, exercise=ParticipationExerciseDTO[id=2591, exerciseType=PROGRAMMING, type=programming, assessmentType=AUTOMATIC, dueDate=2025-02-16T23:45:18.950569Z, assessmentDueDate=null, maxPoints=42.0, course=CourseDTO[id=974, accuracyOfScores=1]]], feedbacks=[], assessmentType=AUTOMATIC, hasComplaint=null, exampleResult=null, testCaseCount=0, passedTestCaseCount=0, codeIssueCount=0]], BuildJobQueueItem[id=19791739576719787, name=SHORTB2A6C58B0D447045380A858075B170A5B7C6TSTEXC-BASE, buildAgent=BuildAgentDTO[name=artemis-build-agent-test, memberAddress=[127.0.0.1]:5703, displayName=artemis-build-agent-test], participationId=1979, courseId=974, exerciseId=2591, retryCount=0, priority=2, status=FAILED, repositoryInfo=RepositoryInfo[repositoryName=shortb2a6c58b0d447045380a858075b170a5b7c6tstexc-exercise, repositoryType=exercise, triggeredByPushTo=exercise, assignmentRepositoryUri=http://localhost:49152/git/SHORTB2A6C58B0D447045380A858075B170A5B7C6TSTEXC/shortb2a6c58b0d447045380a858075b170a5b7c6tstexc-exercise.git, testRepositoryUri=http://localhost:49152/git/SHORTB2A6C58B0D447045380A858075B170A5B7C6TSTEXC/shortb2a6c58b0d447045380a858075b170a5b7c6tstexc-tests.git, solutionRepositoryUri=null, auxiliaryRepositoryUris=[Ljava.lang.String;@41c0021, auxiliaryRepositoryCheckoutDirectories=[Ljava.lang.String;@772050e8], jobTimingInfo=JobTimingInfo[submissionDate=2025-02-14T23:45:19.787985058Z[Etc/UTC], buildStartDate=2025-02-14T23:45:19.796327417Z[Etc/UTC], buildCompletionDate=2025-02-14T23:45:19.799750982Z[Etc/UTC], estimatedCompletionDate=2025-02-14T23:45:38.796319082Z[Etc/UTC], estimatedDuration=19], buildConfig=BuildConfig[buildScript=#!/bin/bash
cd /var/tmp/testing-dir
chmod +x ./gradlew
./gradlew clean test
, dockerImage=dummy-docker-image:latest, commitHashToBuild=363cdbf709a9fff149f813ab848ee800a675cc77, assignmentCommitHash=363cdbf709a9fff149f813ab848ee800a675cc77, testCommitHash=a5e046ece417b2e538f21f816e2524dab61e0d10, branch=main, programmingLanguage=JAVA, projectType=PLAIN_GRADLE, scaEnabled=false, sequentialTestRunsEnabled=false, resultPaths=[/var/tmp/testing-dir/**/test-results/test/*.xml], timeoutSeconds=0, assignmentCheckoutPath=null, testCheckoutPath=null, solutionCheckoutPath=null, dockerRunConfig=null], submissionResult=ResultDTO[id=629, completionDate=2025-02-14T23:45:19.799820341Z[Etc/UTC], successful=false, score=0.0, rated=true, submission=SubmissionDTO[id=822, submitted=true, type=MANUAL, exampleSubmission=null, submissionDate=2025-02-14T23:45:19.775952Z, commitHash=363cdbf709a9fff149f813ab848ee800a675cc77, buildFailed=true, buildArtifact=false, participation=ParticipationDTO[id=1979, testRun=false, type=template, submissionCount=null, exercise=ParticipationExerciseDTO[id=2591, exerciseType=PROGRAMMING, type=programming, assessmentType=AUTOMATIC, dueDate=2025-02-16T23:45:18.950569Z, assessmentDueDate=null, maxPoints=42.0, course=CourseDTO[id=974, accuracyOfScores=1]]], submissionExerciseType=programming, isProcessing=false, buildStartDate=null, estimatedCompletionDate=null], participation=ParticipationDTO[id=1979, testRun=false, type=template, submissionCount=null, exercise=ParticipationExerciseDTO[id=2591, exerciseType=PROGRAMMING, type=programming, assessmentType=AUTOMATIC, dueDate=2025-02-16T23:45:18.950569Z, assessmentDueDate=null, maxPoints=42.0, course=CourseDTO[id=974, accuracyOfScores=1]]], feedbacks=[], assessmentType=AUTOMATIC, hasComplaint=null, exampleResult=null, testCaseCount=0, passedTestCaseCount=0, codeIssueCount=0]], BuildJobQueueItem[id=19781739576720235, name=SHORTB2A6C58B0D447045380A858075B170A5B7C6TSTEXC-SOLUTION, buildAgent=BuildAgentDTO[name=artemis-build-agent-test, memberAddress=[127.0.0.1]:5703, displayName=artemis-build-agent-test], participationId=1978, courseId=974, exerciseId=2591, retryCount=0, priority=2, status=FAILED, repositoryInfo=RepositoryInfo[repositoryName=shortb2a6c58b0d447045380a858075b170a5b7c6tstexc-solution, repositoryType=solution, triggeredByPushTo=solution, assignmentRepositoryUri=http://localhost:49152/git/SHORTB2A6C58B0D447045380A858075B170A5B7C6TSTEXC/shortb2a6c58b0d447045380a858075b170a5b7c6tstexc-solution.git, testRepositoryUri=http://localhost:49152/git/SHORTB2A6C58B0D447045380A858075B170A5B7C6TSTEXC/shortb2a6c58b0d447045380a858075b170a5b7c6tstexc-tests.git, solutionRepositoryUri=null, auxiliaryRepositoryUris=[Ljava.lang.String;@22e7daf0, auxiliaryRepositoryCheckoutDirectories=[Ljava.lang.String;@6f30f2f3], jobTimingInfo=JobTimingInfo[submissionDate=2025-02-14T23:45:20.235272325Z[Etc/UTC], buildStartDate=2025-02-14T23:45:20.243033812Z[Etc/UTC], buildCompletionDate=2025-02-14T23:45:20.250721018Z[Etc/UTC], estimatedCompletionDate=2025-02-14T23:45:39.243026949Z[Etc/UTC], estimatedDuration=19], buildConfig=BuildConfig[buildScript=#!/bin/bash
cd /var/tmp/testing-dir
chmod +x ./gradlew
./gradlew clean test
, dockerImage=dummy-docker-image:latest, commitHashToBuild=c710d0e68c9c7db8cda7d1a278308de2b9642cc0, assignmentCommitHash=c710d0e68c9c7db8cda7d1a278308de2b9642cc0, testCommitHash=a5e046ece417b2e538f21f816e2524dab61e0d10, branch=main, programmingLanguage=JAVA, projectType=PLAIN_GRADLE, scaEnabled=false, sequentialTestRunsEnabled=false, resultPaths=[/var/tmp/testing-dir/**/test-results/test/*.xml], timeoutSeconds=0, assignmentCheckoutPath=null, testCheckoutPath=null, solutionCheckoutPath=null, dockerRunConfig=null], submissionResult=ResultDTO[id=630, completionDate=2025-02-14T23:45:20.250809893Z[Etc/UTC], successful=false, score=0.0, rated=true, submission=SubmissionDTO[id=823, submitted=true, type=MANUAL, exampleSubmission=null, submissionDate=2025-02-14T23:45:20.211707Z, commitHash=c710d0e68c9c7db8cda7d1a278308de2b9642cc0, buildFailed=true, buildArtifact=false, participation=ParticipationDTO[id=1978, testRun=false, type=solution, submissionCount=null, exercise=ParticipationExerciseDTO[id=2591, exerciseType=PROGRAMMING, type=programming, assessmentType=AUTOMATIC, dueDate=2025-02-16T23:45:18.950569Z, assessmentDueDate=null, maxPoints=42.0, course=CourseDTO[id=974, accuracyOfScores=1]]], submissionExerciseType=programming, isProcessing=false, buildStartDate=null, estimatedCompletionDate=null], participation=ParticipationDTO[id=1978, testRun=false, type=solution, submissionCount=null, exercise=ParticipationExerciseDTO[id=2591, exerciseType=PROGRAMMING, type=programming, assessmentType=AUTOMATIC, dueDate=2025-02-16T23:45:18.950569Z, assessmentDueDate=null, maxPoints=42.0, course=CourseDTO[id=974, accuracyOfScores=1]]], feedbacks=[], assessmentType=AUTOMATIC, hasComplaint=null, exampleResult=null, testCaseCount=0, passedTestCaseCount=0, codeIssueCount=0]], BuildJobQueueItem[id=19781739576720802, name=SHORTB2A6C58B0D447045380A858075B170A5B7C6TSTEXC-SOLUTION, buildAgent=BuildAgentDTO[name=artemis-build-agent-test, memberAddress=[127.0.0.1]:5703, displayName=artemis-build-agent-test], participationId=1978, courseId=974, exerciseId=2591, retryCount=0, priority=2, status=FAILED, repositoryInfo=RepositoryInfo[repositoryName=shortb2a6c58b0d447045380a858075b170a5b7c6tstexc-solution, repositoryType=solution, triggeredByPushTo=tests, assignmentRepositoryUri=http://localhost:49152/git/SHORTB2A6C58B0D447045380A858075B170A5B7C6TSTEXC/shortb2a6c58b0d447045380a858075b170a5b7c6tstexc-solution.git, testRepositoryUri=http://localhost:49152/git/SHORTB2A6C58B0D447045380A858075B170A5B7C6TSTEXC/shortb2a6c58b0d447045380a858075b170a5b7c6tstexc-tests.git, solutionRepositoryUri=null, auxiliaryRepositoryUris=[Ljava.lang.String;@bc9ea3c, auxiliaryRepositoryCheckoutDirectories=[Ljava.lang.String;@7e1b4cbd], jobTimingInfo=JobTimingInfo[submissionDate=2025-02-14T23:45:20.802935026Z[Etc/UTC], buildStartDate=2025-02-14T23:45:20.809306435Z[Etc/UTC], buildCompletionDate=2025-02-14T23:45:20.822452342Z[Etc/UTC], estimatedCompletionDate=2025-02-14T23:45:39.809298491Z[Etc/UTC], estimatedDuration=19], buildConfig=BuildConfig[buildScript=#!/bin/bash
cd /var/tmp/testing-dir
chmod +x ./gradlew
./gradlew clean test
, dockerImage=dummy-docker-image:latest, commitHashToBuild=c710d0e68c9c7db8cda7d1a278308de2b9642cc0, assignmentCommitHash=c710d0e68c9c7db8cda7d1a278308de2b9642cc0, testCommitHash=c710d0e68c9c7db8cda7d1a278308de2b9642cc0, branch=main, programmingLanguage=JAVA, projectType=PLAIN_GRADLE, scaEnabled=false, sequentialTestRunsEnabled=false, resultPaths=[/var/tmp/testing-dir/**/test-results/test/*.xml], timeoutSeconds=0, assignmentCheckoutPath=null, testCheckoutPath=null, solutionCheckoutPath=null, dockerRunConfig=null], submissionResult=ResultDTO[id=631, completionDate=2025-02-14T23:45:20.822527362Z[Etc/UTC], successful=false, score=0.0, rated=true, submission=SubmissionDTO[id=824, submitted=true, type=TEST, exampleSubmission=null, submissionDate=2025-02-14T23:45:20.791240Z, commitHash=c710d0e68c9c7db8cda7d1a278308de2b9642cc0, buildFailed=true, buildArtifact=false, participation=ParticipationDTO[id=1978, testRun=false, type=solution, submissionCount=null, exercise=ParticipationExerciseDTO[id=2591, exerciseType=PROGRAMMING, type=programming, assessmentType=AUTOMATIC, dueDate=2025-02-16T23:45:18.950569Z, assessmentDueDate=null, maxPoints=42.0, course=CourseDTO[id=974, accuracyOfScores=1]]], submissionExerciseType=programming, isProcessing=false, buildStartDate=null, estimatedCompletionDate=null], participation=ParticipationDTO[id=1978, testRun=false, type=solution, submissionCount=null, exercise=ParticipationExerciseDTO[id=2591, exerciseType=PROGRAMMING, type=programming, assessmentType=AUTOMATIC, dueDate=2025-02-16T23:45:18.950569Z, assessmentDueDate=null, maxPoints=42.0, course=CourseDTO[id=974, accuracyOfScores=1]]], feedbacks=[], assessmentType=AUTOMATIC, hasComplaint=null, exampleResult=null, testCaseCount=0, passedTestCaseCount=0, codeIssueCount=0]], BuildJobQueueItem[id=20061739576732554, name=SHORT94A899E303D7504C5D0840704DAAFA3DFF4DTSTEXC-LOCALVCCIINTINSTRUCTOR1, buildAgent=BuildAgentDTO[name=artemis-build-agent-test, memberAddress=[127.0.0.1]:5703, displayName=artemis-build-agent-test], participationId=2006, courseId=984, exerciseId=2601, retryCount=0, priority=2, status=SUCCESSFUL, repositoryInfo=RepositoryInfo[repositoryName=short94a899e303d7504c5d0840704daafa3dff4dtstexc-localvcciintinstructor1, repositoryType=user, triggeredByPushTo=user, assignmentRepositoryUri=http://localhost:49152/git/SHORT94A899E303D7504C5D0840704DAAFA3DFF4DTSTEXC/short94a899e303d7504c5d0840704daafa3dff4dtstexc-localvcciintinstructor1.git, testRepositoryUri=http://localhost:49152/git/SHORT94A899E303D7504C5D0840704DAAFA3DFF4DTSTEXC/short94a899e303d7504c5d0840704daafa3dff4dtstexc-tests.git, solutionRepositoryUri=null, auxiliaryRepositoryUris=[Ljava.lang.String;@62b739d4, auxiliaryRepositoryCheckoutDirectories=[Ljava.lang.String;@af8f81b], jobTimingInfo=JobTimingInfo[submissionDate=2025-02-14T23:45:32.554795798Z[Etc/UTC], buildStartDate=2025-02-14T23:45:32.567287465Z[Etc/UTC], buildCompletionDate=2025-02-14T23:45:34.535226768Z[Etc/UTC], estimatedCompletionDate=2025-02-14T23:45:51.567257960Z[Etc/UTC], estimatedDuration=19], buildConfig=BuildConfig[buildScript=#!/bin/bash
cd /var/tmp/testing-dir
chmod +x ./gradlew
./gradlew clean test
, dockerImage=dummy-docker-image:latest, commitHashToBuild=ca2dbc0ae87edf7035058a6a17c0ea60e90a290f, assignmentCommitHash=ca2dbc0ae87edf7035058a6a17c0ea60e90a290f, testCommitHash=0207f6f98af5fbb66ad68455f3fc3cf128af8ae9, branch=main, programmingLanguage=JAVA, projectType=PLAIN_GRADLE, scaEnabled=false, sequentialTestRunsEnabled=false, resultPaths=[/var/tmp/testing-dir/**/test-results/test/*.xml], timeoutSeconds=0, assignmentCheckoutPath=null, testCheckoutPath=null, solutionCheckoutPath=null, dockerRunConfig=null], submissionResult=ResultDTO[id=632, completionDate=2025-02-14T23:45:34.504415716Z[Etc/UTC], successful=false, score=7.7, rated=false, submission=SubmissionDTO[id=826, submitted=true, type=MANUAL, exampleSubmission=null, submissionDate=2025-02-14T23:45:32.541533Z, commitHash=ca2dbc0ae87edf7035058a6a17c0ea60e90a290f, buildFailed=false, buildArtifact=false, participation=ParticipationDTO[id=2006, testRun=true, type=programming, submissionCount=null, exercise=ParticipationExerciseDTO[id=2601, exerciseType=PROGRAMMING, type=programming, assessmentType=AUTOMATIC, dueDate=2025-02-16T23:45:31.864042Z, assessmentDueDate=null, maxPoints=42.0, course=CourseDTO[id=984, accuracyOfScores=1]]], submissionExerciseType=programming, isProcessing=false, buildStartDate=null, estimatedCompletionDate=null], participation=ParticipationDTO[id=2006, testRun=true, type=programming, submissionCount=null, exercise=ParticipationExerciseDTO[id=2601, exerciseType=PROGRAMMING, type=programming, assessmentType=AUTOMATIC, dueDate=2025-02-16T23:45:31.864042Z, assessmentDueDate=null, maxPoints=42.0, course=CourseDTO[id=984, accuracyOfScores=1]]], feedbacks=[FeedbackDTO[id=920, text=null, detailText=The exercise expects a class with the name Context in the package testpackage. You did not implement the class in the exercise., hasLongFeedbackText=false, reference=null, credits=0.0, positive=false, type=AUTOMATIC, visibility=ALWAYS, testCase=TestCaseDTO[testName=null, id=1357]], FeedbackDTO[id=921, text=null, detailText=The exercise expects a class with the name Policy in the package testpackage. You did not implement the class in the exercise., hasLongFeedbackText=false, reference=null, credits=0.0, positive=false, type=AUTOMATIC, visibility=ALWAYS, testCase=TestCaseDTO[testName=null, id=1358]], FeedbackDTO[id=922, text=null, detailText=The exercise expects a class with the name SortStrategy in the package testpackage. You did not implement the class in the exercise., hasLongFeedbackText=false, reference=null, credits=0.0, positive=false, type=AUTOMATIC, visibility=ALWAYS, testCase=TestCaseDTO[testName=null, id=1359]], FeedbackDTO[id=923, text=null, detailText=The class 'MergeSort' does not implement the interface 'SortStrategy' as expected. Implement the interface and its methods., hasLongFeedbackText=false, reference=null, credits=0.0, positive=false, type=AUTOMATIC, visibility=ALWAYS, testCase=TestCaseDTO[testName=null, id=1354]], FeedbackDTO[id=924, text=null, detailText=The exercise expects a class with the name SortStrategy in the package testpackage. You did not implement the class in the exercise., hasLongFeedbackText=false, reference=null, credits=0.0, positive=false, type=AUTOMATIC, visibility=ALWAYS, testCase=TestCaseDTO[testName=null, id=1351]], FeedbackDTO[id=925, text=null, detailText=The class 'BubbleSort' does not implement the interface 'SortStrategy' as expected. Implement the interface and its methods., hasLongFeedbackText=false, reference=null, credits=0.0, positive=false, type=AUTOMATIC, visibility=ALWAYS, testCase=TestCaseDTO[testName=null, id=1355]], FeedbackDTO[id=926, text=null, detailText=MergeSort does not sort correctly, hasLongFeedbackText=false, reference=null, credits=0.0, positive=false, type=AUTOMATIC, visibility=ALWAYS, testCase=TestCaseDTO[testName=null, id=1360]], FeedbackDTO[id=927, text=null, detailText=The class 'Context' was not found within the submission. Make sure to implement it properly., hasLongFeedbackText=false, reference=null, credits=0.0, positive=false, type=AUTOMATIC, visibility=ALWAYS, testCase=TestCaseDTO[testName=null, id=1361]], FeedbackDTO[id=928, text=null, detailText=The class 'Context' was not found within the submission. Make sure to implement it properly., hasLongFeedbackText=false, reference=null, credits=0.0, positive=false, type=AUTOMATIC, visibility=ALWAYS, testCase=TestCaseDTO[testName=null, id=1362]], FeedbackDTO[id=929, text=null, detailText=The exercise expects a class with the name Policy in the package testpackage. You did not implement the class in the exercise., hasLongFeedbackText=false, reference=null, credits=0.0, positive=false, type=AUTOMATIC, visibility=ALWAYS, testCase=TestCaseDTO[testName=null, id=1356]], FeedbackDTO[id=930, text=null, detailText=The exercise expects a class with the name Context in the package testpackage. You did not implement the class in the exercise., hasLongFeedbackText=false, reference=null, credits=0.0, positive=false, type=AUTOMATIC, visibility=ALWAYS, testCase=TestCaseDTO[testName=null, id=1352]], FeedbackDTO[id=931, text=null, detailText=The exercise expects a class with the name Policy in the package testpackage. You did not implement the class in the exercise., hasLongFeedbackText=false, reference=null, credits=0.0, positive=false, type=AUTOMATIC, visibility=ALWAYS, testCase=TestCaseDTO[testName=null, id=1353]], FeedbackDTO[id=932, text=null, detailText=null, hasLongFeedbackText=false, reference=null, credits=3.230769230769231, positive=true, type=AUTOMATIC, visibility=ALWAYS, testCase=TestCaseDTO[testName=null, id=1363]]], assessmentType=AUTOMATIC, hasComplaint=null, exampleResult=null, testCaseCount=13, passedTestCaseCount=1, codeIssueCount=0]], BuildJobQueueItem[id=20111739576737317, name=SHORTD49A6DAE04F9E049850BD5601663FD17A5B7TSTEXC-BASE, buildAgent=BuildAgentDTO[name=artemis-build-agent-test, memberAddress=[127.0.0.1]:5703, displayName=artemis-build-agent-test], participationId=2011, courseId=986, exerciseId=2603, retryCount=0, priority=2, status=SUCCESSFUL, repositoryInfo=RepositoryInfo[repositoryName=shortd49a6dae04f9e049850bd5601663fd17a5b7tstexc-exercise, repositoryType=exercise, triggeredByPushTo=exercise, assignmentRepositoryUri=http://localhost:49152/git/SHORTD49A6DAE04F9E049850BD5601663FD17A5B7TSTEXC/shortd49a6dae04f9e049850bd5601663fd17a5b7tstexc-exercise.git, testRepositoryUri=http://localhost:49152/git/SHORTD49A6DAE04F9E049850BD5601663FD17A5B7TSTEXC/shortd49a6dae04f9e049850bd5601663fd17a5b7tstexc-tests.git, solutionRepositoryUri=null, auxiliaryRepositoryUris=[Ljava.lang.String;@4ea47b72, auxiliaryRepositoryCheckoutDirectories=[Ljava.lang.String;@6afea8bf], jobTimingInfo=JobTimingInfo[submissionDate=2025-02-14T23:45:37.317968648Z[Etc/UTC], buildStartDate=2025-02-14T23:45:37.324534774Z[Etc/UTC], buildCompletionDate=2025-02-14T23:45:38.527225461Z[Etc/UTC], estimatedCompletionDate=2025-02-14T23:45:56.324506331Z[Etc/UTC], estimatedDuration=19], buildConfig=BuildConfig[buildScript=#!/bin/bash
cd /var/tmp/testing-dir
chmod +x ./gradlew
./gradlew clean test
, dockerImage=dummy-docker-image:latest, commitHashToBuild=c795243c185829bbefa399f45dcbcfac22311b2f, assignmentCommitHash=c795243c185829bbefa399f45dcbcfac22311b2f, testCommitHash=fa8b162170bf767d852e05e0eb7a128efa2e1f34, branch=main, programmingLanguage=JAVA, projectType=PLAIN_GRADLE, scaEnabled=false, sequentialTestRunsEnabled=false, resultPaths=[/var/tmp/testing-dir/**/test-results/test/*.xml], timeoutSeconds=0, assignmentCheckoutPath=null, testCheckoutPath=null, solutionCheckoutPath=null, dockerRunConfig=null], submissionResult=ResultDTO[id=633, completionDate=2025-02-14T23:45:38.476795726Z[Etc/UTC], successful=false, score=0.0, rated=true, submission=SubmissionDTO[id=827, submitted=true, type=MANUAL, exampleSubmission=null, submissionDate=2025-02-14T23:45:37.303401Z, commitHash=c795243c185829bbefa399f45dcbcfac22311b2f, buildFailed=false, buildArtifact=false, participation=ParticipationDTO[id=2011, testRun=false, type=template, submissionCount=null, exercise=ParticipationExerciseDTO[id=2603, exerciseType=PROGRAMMING, type=programming, assessmentType=AUTOMATIC, dueDate=2025-02-16T23:45:36.830269Z, assessmentDueDate=null, maxPoints=42.0, course=CourseDTO[id=986, accuracyOfScores=1]]], submissionExerciseType=programming, isProcessing=false, buildStartDate=null, estimatedCompletionDate=null], participation=ParticipationDTO[id=2011, testRun=false, type=template, submissionCount=null, exercise=ParticipationExerciseDTO[id=2603, exerciseType=PROGRAMMING, type=programming, assessmentType=AUTOMATIC, dueDate=2025-02-16T23:45:36.830269Z, assessmentDueDate=null, maxPoints=42.0, course=CourseDTO[id=986, accuracyOfScores=1]]], feedbacks=[FeedbackDTO[id=933, text=null, detailText=The exercise expects a class with the name Context in the package testpackage. You did not implement the class in the exercise., hasLongFeedbackText=false, reference=null, credits=0.0, positive=false, type=AUTOMATIC, visibility=ALWAYS, testCase=TestCaseDTO[testName=testMethods[Context], id=1383]], FeedbackDTO[id=934, text=null, detailText=The exercise expects a class with the name Policy in the package testpackage. You did not implement the class in the exercise., hasLongFeedbackText=false, reference=null, credits=0.0, positive=false, type=AUTOMATIC, visibility=ALWAYS, testCase=TestCaseDTO[testName=testMethods[Policy], id=1384]], FeedbackDTO[id=935, text=null, detailText=The exercise expects a class with the name SortStrategy in the package testpackage. You did not implement the class in the exercise., hasLongFeedbackText=false, reference=null, credits=0.0, positive=false, type=AUTOMATIC, visibility=ALWAYS, testCase=TestCaseDTO[testName=testMethods[SortStrategy], id=1385]], FeedbackDTO[id=936, text=null, detailText=The class 'MergeSort' does not implement the interface 'SortStrategy' as expected. Implement the interface and its methods., hasLongFeedbackText=false, reference=null, credits=0.0, positive=false, type=AUTOMATIC, visibility=ALWAYS, testCase=TestCaseDTO[testName=testClass[MergeSort], id=1380]], FeedbackDTO[id=937, text=null, detailText=The exercise expects a class with the name SortStrategy in the package testpackage. You did not implement the class in the exercise., hasLongFeedbackText=false, reference=null, credits=0.0, positive=false, type=AUTOMATIC, visibility=ALWAYS, testCase=TestCaseDTO[testName=testClass[SortStrategy], id=1377]], FeedbackDTO[id=938, text=null, detailText=The class 'BubbleSort' does not implement the interface 'SortStrategy' as expected. Implement the interface and its methods., hasLongFeedbackText=false, reference=null, credits=0.0, positive=false, type=AUTOMATIC, visibility=ALWAYS, testCase=TestCaseDTO[testName=testClass[BubbleSort], id=1381]], FeedbackDTO[id=939, text=null, detailText=MergeSort does not sort correctly, hasLongFeedbackText=false, reference=null, credits=0.0, positive=false, type=AUTOMATIC, visibility=ALWAYS, testCase=TestCaseDTO[testName=testMergeSort(), id=1386]], FeedbackDTO[id=940, text=null, detailText=The class 'Context' was not found within the submission. Make sure to implement it properly., hasLongFeedbackText=false, reference=null, credits=0.0, positive=false, type=AUTOMATIC, visibility=ALWAYS, testCase=TestCaseDTO[testName=testUseBubbleSortForSmallList(), id=1387]], FeedbackDTO[id=941, text=null, detailText=BubbleSort does not sort correctly, hasLongFeedbackText=false, reference=null, credits=0.0, positive=false, type=AUTOMATIC, visibility=ALWAYS, testCase=TestCaseDTO[testName=testBubbleSort(), id=1389]], FeedbackDTO[id=942, text=null, detailText=The class 'Context' was not found within the submission. Make sure to implement it properly., hasLongFeedbackText=false, reference=null, credits=0.0, positive=false, type=AUTOMATIC, visibility=ALWAYS, testCase=TestCaseDTO[testName=testUseMergeSortForBigList(), id=1388]], FeedbackDTO[id=943, text=null, detailText=The exercise expects a class with the name Policy in the package testpackage. You did not implement the class in the exercise., hasLongFeedbackText=false, reference=null, credits=0.0, positive=false, type=AUTOMATIC, visibility=ALWAYS, testCase=TestCaseDTO[testName=testConstructors[Policy], id=1382]], FeedbackDTO[id=944, text=null, detailText=The exercise expects a class with the name Context in the package testpackage. You did not implement the class in the exercise., hasLongFeedbackText=false, reference=null, credits=0.0, positive=false, type=AUTOMATIC, visibility=ALWAYS, testCase=TestCaseDTO[testName=testAttributes[Context], id=1378]], FeedbackDTO[id=945, text=null, detailText=The exercise expects a class with the name Policy in the package testpackage. You did not implement the class in the exercise., hasLongFeedbackText=false, reference=null, credits=0.0, positive=false, type=AUTOMATIC, visibility=ALWAYS, testCase=TestCaseDTO[testName=testAttributes[Policy], id=1379]]], assessmentType=AUTOMATIC, hasComplaint=null, exampleResult=null, testCaseCount=13, passedTestCaseCount=0, codeIssueCount=0]], BuildJobQueueItem[id=20171739576740018, name=SHORT7914AFA00ADC3047140B99D01AC07810CE44TSTEXC-LOCALVCCIINTSTUDENT1, buildAgent=BuildAgentDTO[name=artemis-build-agent-test, memberAddress=[127.0.0.1]:5703, displayName=artemis-build-agent-test], participationId=2017, courseId=988, exerciseId=2605, retryCount=0, priority=2, status=SUCCESSFUL, repositoryInfo=RepositoryInfo[repositoryName=short7914afa00adc3047140b99d01ac07810ce44tstexc-practice-localvcciintstudent1, repositoryType=user, triggeredByPushTo=user, assignmentRepositoryUri=http://localhost:49152/git/SHORT7914AFA00ADC3047140B99D01AC07810CE44TSTEXC/short7914afa00adc3047140b99d01ac07810ce44tstexc-practice-localvcciintstudent1.git, testRepositoryUri=http://localhost:49152/git/SHORT7914AFA00ADC3047140B99D01AC07810CE44TSTEXC/short7914afa00adc3047140b99d01ac07810ce44tstexc-tests.git, solutionRepositoryUri=null, auxiliaryRepositoryUris=[Ljava.lang.String;@315c45ad, auxiliaryRepositoryCheckoutDirectories=[Ljava.lang.String;@7c294bbd], jobTimingInfo=JobTimingInfo[submissionDate=2025-02-14T23:45:40.018961253Z[Etc/UTC], buildStartDate=2025-02-14T23:45:40.029742701Z[Etc/UTC], buildCompletionDate=2025-02-14T23:45:41.150208242Z[Etc/UTC], estimatedCompletionDate=2025-02-14T23:45:59.029734065Z[Etc/UTC], estimatedDuration=19], buildConfig=BuildConfig[buildScript=#!/bin/bash
cd /var/tmp/testing-dir
chmod +x ./gradlew
./gradlew clean test
, dockerImage=dummy-docker-image:latest, commitHashToBuild=d80b57877989b971e83ccdb4863c8a7023c76266, assignmentCommitHash=d80b57877989b971e83ccdb4863c8a7023c76266, testCommitHash=327b116890c92b1312314341f43f21ef13ecf7d7, branch=main, programmingLanguage=JAVA, projectType=PLAIN_GRADLE, scaEnabled=false, sequentialTestRunsEnabled=false, resultPaths=[/var/tmp/testing-dir/**/test-results/test/*.xml], timeoutSeconds=0, assignmentCheckoutPath=null, testCheckoutPath=null, solutionCheckoutPath=null, dockerRunConfig=null], submissionResult=ResultDTO[id=634, completionDate=2025-02-14T23:45:41.120192603Z[Etc/UTC], successful=false, score=7.7, rated=false, submission=SubmissionDTO[id=828, submitted=true, type=MANUAL, exampleSubmission=null, submissionDate=2025-02-14T23:45:40.008666Z, commitHash=d80b57877989b971e83ccdb4863c8a7023c76266, buildFailed=false, buildArtifact=false, participation=ParticipationDTO[id=2017, testRun=true, type=programming, submissionCount=null, exercise=ParticipationExerciseDTO[id=2605, exerciseType=PROGRAMMING, type=programming, assessmentType=AUTOMATIC, dueDate=2025-02-16T23:45:39.523500Z, assessmentDueDate=null, maxPoints=42.0, course=CourseDTO[id=988, accuracyOfScores=1]]], submissionExerciseType=programming, isProcessing=false, buildStartDate=null, estimatedCompletionDate=null], participation=ParticipationDTO[id=2017, testRun=true, type=programming, submissionCount=null, exercise=ParticipationExerciseDTO[id=2605, exerciseType=PROGRAMMING, type=programming, assessmentType=AUTOMATIC, dueDate=2025-02-16T23:45:39.523500Z, assessmentDueDate=null, maxPoints=42.0, course=CourseDTO[id=988, accuracyOfScores=1]]], feedbacks=[FeedbackDTO[id=946, text=null, detailText=The exercise expects a class with the name Context in the package testpackage. You did not implement the class in the exercise., hasLongFeedbackText=false, reference=null, credits=0.0, positive=false, type=AUTOMATIC, visibility=ALWAYS, testCase=TestCaseDTO[testName=null, id=1409]], FeedbackDTO[id=947, text=null, detailText=The exercise expects a class with the name Policy in the package testpackage. You did not implement the class in the exercise., hasLongFeedbackText=false, reference=null, credits=0.0, positive=false, type=AUTOMATIC, visibility=ALWAYS, testCase=TestCaseDTO[testName=null, id=1410]], FeedbackDTO[id=948, text=null, detailText=The exercise expects a class with the name SortStrategy in the package testpackage. You did not implement the class in the exercise., hasLongFeedbackText=false, reference=null, credits=0.0, positive=false, type=AUTOMATIC, visibility=ALWAYS, testCase=TestCaseDTO[testName=null, id=1411]], FeedbackDTO[id=949, text=null, detailText=The class 'MergeSort' does not implement the interface 'SortStrategy' as expected. Implement the interface and its methods., hasLongFeedbackText=false, reference=null, credits=0.0, positive=false, type=AUTOMATIC, visibility=ALWAYS, testCase=TestCaseDTO[testName=null, id=1406]], FeedbackDTO[id=950, text=null, detailText=The exercise expects a class with the name SortStrategy in the package testpackage. You did not implement the class in the exercise., hasLongFeedbackText=false, reference=null, credits=0.0, positive=false, type=AUTOMATIC, visibility=ALWAYS, testCase=TestCaseDTO[testName=null, id=1403]], FeedbackDTO[id=951, text=null, detailText=The class 'BubbleSort' does not implement the interface 'SortStrategy' as expected. Implement the interface and its methods., hasLongFeedbackText=false, reference=null, credits=0.0, positive=false, type=AUTOMATIC, visibility=ALWAYS, testCase=TestCaseDTO[testName=null, id=1407]], FeedbackDTO[id=952, text=null, detailText=MergeSort does not sort correctly, hasLongFeedbackText=false, reference=null, credits=0.0, positive=false, type=AUTOMATIC, visibility=ALWAYS, testCase=TestCaseDTO[testName=null, id=1412]], FeedbackDTO[id=953, text=null, detailText=The class 'Context' was not found within the submission. Make sure to implement it properly., hasLongFeedbackText=false, reference=null, credits=0.0, positive=false, type=AUTOMATIC, visibility=ALWAYS, testCase=TestCaseDTO[testName=null, id=1413]], FeedbackDTO[id=954, text=null, detailText=The class 'Context' was not found within the submission. Make sure to implement it properly., hasLongFeedbackText=false, reference=null, credits=0.0, positive=false, type=AUTOMATIC, visibility=ALWAYS, testCase=TestCaseDTO[testName=null, id=1414]], FeedbackDTO[id=955, text=null, detailText=The exercise expects a class with the name Policy in the package testpackage. You did not implement the class in the exercise., hasLongFeedbackText=false, reference=null, credits=0.0, positive=false, type=AUTOMATIC, visibility=ALWAYS, testCase=TestCaseDTO[testName=null, id=1408]], FeedbackDTO[id=956, text=null, detailText=The exercise expects a class with the name Context in the package testpackage. You did not implement the class in the exercise., hasLongFeedbackText=false, reference=null, credits=0.0, positive=false, type=AUTOMATIC, visibility=ALWAYS, testCase=TestCaseDTO[testName=null, id=1404]], FeedbackDTO[id=957, text=null, detailText=The exercise expects a class with the name Policy in the package testpackage. You did not implement the class in the exercise., hasLongFeedbackText=false, reference=null, credits=0.0, positive=false, type=AUTOMATIC, visibility=ALWAYS, testCase=TestCaseDTO[testName=null, id=1405]], FeedbackDTO[id=958, text=null, detailText=null, hasLongFeedbackText=false, reference=null, credits=3.230769230769231, positive=true, type=AUTOMATIC, visibility=ALWAYS, testCase=TestCaseDTO[testName=null, id=1415]]], assessmentType=AUTOMATIC, hasComplaint=null, exampleResult=null, testCaseCount=13, passedTestCaseCount=1, codeIssueCount=0]], BuildJobQueueItem[id=20261739576743984, name=SHORT53C73BE505404043100AC2F00C039353CE8FTSTEXC-LOCALVCCIINTSTUDENT1, buildAgent=BuildAgentDTO[name=artemis-build-agent-test, memberAddress=[127.0.0.1]:5703, displayName=artemis-build-agent-test], participationId=2026, courseId=991, exerciseId=2608, retryCount=0, priority=1, status=SUCCESSFUL, repositoryInfo=RepositoryInfo[repositoryName=short53c73be505404043100ac2f00c039353ce8ftstexc-localvcciintstudent1, repositoryType=user, triggeredByPushTo=user, assignmentRepositoryUri=http://localhost:49152/git/SHORT53C73BE505404043100AC2F00C039353CE8FTSTEXC/short53c73be505404043100ac2f00c039353ce8ftstexc-localvcciintstudent1.git, testRepositoryUri=http://localhost:49152/git/SHORT53C73BE505404043100AC2F00C039353CE8FTSTEXC/short53c73be505404043100ac2f00c039353ce8ftstexc-tests.git, solutionRepositoryUri=null, auxiliaryRepositoryUris=[Ljava.lang.String;@113bc0a1, auxiliaryRepositoryCheckoutDirectories=[Ljava.lang.String;@e1f3969], jobTimingInfo=JobTimingInfo[submissionDate=2025-02-14T23:45:43.984518859Z[Etc/UTC], buildStartDate=2025-02-14T23:45:43.991385682Z[Etc/UTC], buildCompletionDate=2025-02-14T23:45:44.982059928Z[Etc/UTC], estimatedCompletionDate=2025-02-14T23:46:02.991380122Z[Etc/UTC], estimatedDuration=19], buildConfig=BuildConfig[buildScript=#!/bin/bash
cd /var/tmp/testing-dir
chmod +x ./gradlew
./gradlew clean test
, dockerImage=dummy-docker-image:latest, commitHashToBuild=3e90ae9fef2e44ffb41451a080bdaa6a44ad6848, assignmentCommitHash=3e90ae9fef2e44ffb41451a080bdaa6a44ad6848, testCommitHash=0582754c87aae13e640312855ce7dbe490ecb50c, branch=main, programmingLanguage=JAVA, projectType=PLAIN_GRADLE, scaEnabled=false, sequentialTestRunsEnabled=false, resultPaths=[/var/tmp/testing-dir/**/test-results/test/*.xml], timeoutSeconds=0, assignmentCheckoutPath=null, testCheckoutPath=null, solutionCheckoutPath=null, dockerRunConfig=null], submissionResult=ResultDTO[id=635, completionDate=2025-02-14T23:45:44.961313737Z[Etc/UTC], successful=false, score=7.7, rated=true, submission=SubmissionDTO[id=829, submitted=true, type=MANUAL, exampleSubmission=null, submissionDate=2025-02-14T23:45:43.967766Z, commitHash=3e90ae9fef2e44ffb41451a080bdaa6a44ad6848, buildFailed=false, buildArtifact=false, participation=ParticipationDTO[id=2026, testRun=false, type=programming, submissionCount=null, exercise=ParticipationExerciseDTO[id=2608, exerciseType=PROGRAMMING, type=programming, assessmentType=AUTOMATIC, dueDate=2025-02-16T23:45:43.597978Z, assessmentDueDate=null, maxPoints=42.0, course=CourseDTO[id=991, accuracyOfScores=1]]], submissionExerciseType=programming, isProcessing=false, buildStartDate=null, estimatedCompletionDate=null], participation=ParticipationDTO[id=2026, testRun=false, type=programming, submissionCount=null, exercise=ParticipationExerciseDTO[id=2608, exerciseType=PROGRAMMING, type=programming, assessmentType=AUTOMATIC, dueDate=2025-02-16T23:45:43.597978Z, assessmentDueDate=null, maxPoints=42.0, course=CourseDTO[id=991, accuracyOfScores=1]]], feedbacks=[FeedbackDTO[id=959, text=null, detailText=The exercise expects a class with the name Context in the package testpackage. You did not implement the class in the exercise., hasLongFeedbackText=false, reference=null, credits=0.0, positive=false, type=AUTOMATIC, visibility=ALWAYS, testCase=TestCaseDTO[testName=null, id=1448]], FeedbackDTO[id=960, text=null, detailText=The exercise expects a class with the name Policy in the package testpackage. You did not implement the class in the exercise., hasLongFeedbackText=false, reference=null, credits=0.0, positive=false, type=AUTOMATIC, visibility=ALWAYS, testCase=TestCaseDTO[testName=null, id=1449]], FeedbackDTO[id=961, text=null, detailText=The exercise expects a class with the name SortStrategy in the package testpackage. You did not implement the class in the exercise., hasLongFeedbackText=false, reference=null, credits=0.0, positive=false, type=AUTOMATIC, visibility=ALWAYS, testCase=TestCaseDTO[testName=null, id=1450]], FeedbackDTO[id=962, text=null, detailText=The class 'MergeSort' does not implement the interface 'SortStrategy' as expected. Implement the interface and its methods., hasLongFeedbackText=false, reference=null, credits=0.0, positive=false, type=AUTOMATIC, visibility=ALWAYS, testCase=TestCaseDTO[testName=null, id=1445]], FeedbackDTO[id=963, text=null, detailText=The exercise expects a class with the name SortStrategy in the package testpackage. You did not implement the class in the exercise., hasLongFeedbackText=false, reference=null, credits=0.0, positive=false, type=AUTOMATIC, visibility=ALWAYS, testCase=TestCaseDTO[testName=null, id=1442]], FeedbackDTO[id=964, text=null, detailText=The class 'BubbleSort' does not implement the interface 'SortStrategy' as expected. Implement the interface and its methods., hasLongFeedbackText=false, reference=null, credits=0.0, positive=false, type=AUTOMATIC, visibility=ALWAYS, testCase=TestCaseDTO[testName=null, id=1446]], FeedbackDTO[id=965, text=null, detailText=MergeSort does not sort correctly, hasLongFeedbackText=false, reference=null, credits=0.0, positive=false, type=AUTOMATIC, visibility=ALWAYS, testCase=TestCaseDTO[testName=null, id=1451]], FeedbackDTO[id=966, text=null, detailText=The class 'Context' was not found within the submission. Make sure to implement it properly., hasLongFeedbackText=false, reference=null, credits=0.0, positive=false, type=AUTOMATIC, visibility=ALWAYS, testCase=TestCaseDTO[testName=null, id=1452]], FeedbackDTO[id=967, text=null, detailText=The class 'Context' was not found within the submission. Make sure to implement it properly., hasLongFeedbackText=false, reference=null, credits=0.0, positive=false, type=AUTOMATIC, visibility=ALWAYS, testCase=TestCaseDTO[testName=null, id=1453]], FeedbackDTO[id=968, text=null, detailText=The exercise expects a class with the name Policy in the package testpackage. You did not implement the class in the exercise., hasLongFeedbackText=false, reference=null, credits=0.0, positive=false, type=AUTOMATIC, visibility=ALWAYS, testCase=TestCaseDTO[testName=null, id=1447]], FeedbackDTO[id=969, text=null, detailText=The exercise expects a class with the name Context in the package testpackage. You did not implement the class in the exercise., hasLongFeedbackText=false, reference=null, credits=0.0, positive=false, type=AUTOMATIC, visibility=ALWAYS, testCase=TestCaseDTO[testName=null, id=1443]], FeedbackDTO[id=970, text=null, detailText=The exercise expects a class with the name Policy in the package testpackage. You did not implement the class in the exercise., hasLongFeedbackText=false, reference=null, credits=0.0, positive=false, type=AUTOMATIC, visibility=ALWAYS, testCase=TestCaseDTO[testName=null, id=1444]], FeedbackDTO[id=971, text=null, detailText=null, hasLongFeedbackText=false, reference=null, credits=3.230769230769231, positive=true, type=AUTOMATIC, visibility=ALWAYS, testCase=TestCaseDTO[testName=null, id=1454]]], assessmentType=AUTOMATIC, hasComplaint=null, exampleResult=null, testCaseCount=13, passedTestCaseCount=1, codeIssueCount=0]], BuildJobQueueItem[id=20271739576746886, name=SHORT0FC863930E92904248098A506171F81CF6CFTSTEXC-SOLUTION, buildAgent=BuildAgentDTO[name=artemis-build-agent-test, memberAddress=[127.0.0.1]:5703, displayName=artemis-build-agent-test], participationId=2027, courseId=992, exerciseId=2609, retryCount=0, priority=2, status=SUCCESSFUL, repositoryInfo=RepositoryInfo[repositoryName=short0fc863930e92904248098a506171f81cf6cftstexc-solution, repositoryType=solution, triggeredByPushTo=auxiliary, assignmentRepositoryUri=http://localhost:49152/git/SHORT0FC863930E92904248098A506171F81CF6CFTSTEXC/short0fc863930e92904248098a506171f81cf6cftstexc-solution.git, testRepositoryUri=http://localhost:49152/git/SHORT0FC863930E92904248098A506171F81CF6CFTSTEXC/short0fc863930e92904248098a506171f81cf6cftstexc-tests.git, solutionRepositoryUri=null, auxiliaryRepositoryUris=[Ljava.lang.String;@5d3d642a, auxiliaryRepositoryCheckoutDirectories=[Ljava.lang.String;@6bffb893], jobTimingInfo=JobTimingInfo[submissionDate=2025-02-14T23:45:46.886984066Z[Etc/UTC], buildStartDate=2025-02-14T23:45:46.897709578Z[Etc/UTC], buildCompletionDate=2025-02-14T23:45:48.628460156Z[Etc/UTC], estimatedCompletionDate=2025-02-14T23:46:05.897701272Z[Etc/UTC], estimatedDuration=19], buildConfig=BuildConfig[buildScript=#!/bin/bash
cd /var/tmp/testing-dir
chmod +x ./gradlew
./gradlew clean test
, dockerImage=dummy-docker-image:latest, commitHashToBuild=null, assignmentCommitHash=115a2e943bee242fdad360b50d8ad5f30792577e, testCommitHash=9b3a9bd71a0d80e5bbc42204c319ed3d1d4f0d6d, branch=main, programmingLanguage=JAVA, projectType=PLAIN_GRADLE, scaEnabled=false, sequentialTestRunsEnabled=false, resultPaths=[/var/tmp/testing-dir/**/test-results/test/*.xml], timeoutSeconds=0, assignmentCheckoutPath=null, testCheckoutPath=null, solutionCheckoutPath=null, dockerRunConfig=null], submissionResult=ResultDTO[id=636, completionDate=2025-02-14T23:45:48.593370968Z[Etc/UTC], successful=true, score=100.0, rated=true, submission=SubmissionDTO[id=830, submitted=true, type=TEST, exampleSubmission=null, submissionDate=2025-02-14T23:45:46.873671Z, commitHash=9b3a9bd71a0d80e5bbc42204c319ed3d1d4f0d6d, buildFailed=false, buildArtifact=false, participation=ParticipationDTO[id=2027, testRun=false, type=solution, submissionCount=null, exercise=ParticipationExerciseDTO[id=2609, exerciseType=PROGRAMMING, type=programming, assessmentType=AUTOMATIC, dueDate=2025-02-16T23:45:46.386304Z, assessmentDueDate=null, maxPoints=42.0, course=CourseDTO[id=992, accuracyOfScores=1]]], submissionExerciseType=programming, isProcessing=false, buildStartDate=null, estimatedCompletionDate=null], participation=ParticipationDTO[id=2027, testRun=false, type=solution, submissionCount=null, exercise=ParticipationExerciseDTO[id=2609, exerciseType=PROGRAMMING, type=programming, assessmentType=AUTOMATIC, dueDate=2025-02-16T23:45:46.386304Z, assessmentDueDate=null, maxPoints=42.0, course=CourseDTO[id=992, accuracyOfScores=1]]], feedbacks=[FeedbackDTO[id=972, text=null, detailText=null, hasLongFeedbackText=false, reference=null, credits=3.230769230769231, positive=true, type=AUTOMATIC, visibility=ALWAYS, testCase=TestCaseDTO[testName=testMethods[Context], id=1461]], FeedbackDTO[id=973, text=null, detailText=null, hasLongFeedbackText=false, reference=null, credits=3.230769230769231, positive=true, type=AUTOMATIC, visibility=ALWAYS, testCase=TestCaseDTO[testName=testMethods[Policy], id=1462]], FeedbackDTO[id=974, text=null, detailText=null, hasLongFeedbackText=false, reference=null, credits=3.230769230769231, positive=true, type=AUTOMATIC, visibility=ALWAYS, testCase=TestCaseDTO[testName=testMethods[SortStrategy], id=1463]], FeedbackDTO[id=975, text=null, detailText=null, hasLongFeedbackText=false, reference=null, credits=3.230769230769231, positive=true, type=AUTOMATIC, visibility=ALWAYS, testCase=TestCaseDTO[testName=testClass[MergeSort], id=1458]], FeedbackDTO[id=976, text=null, detailText=null, hasLongFeedbackText=false, reference=null, credits=3.230769230769231, positive=true, type=AUTOMATIC, visibility=ALWAYS, testCase=TestCaseDTO[testName=testClass[SortStrategy], id=1455]], FeedbackDTO[id=977, text=null, detailText=null, hasLongFeedbackText=false, reference=null, credits=3.230769230769231, positive=true, type=AUTOMATIC, visibility=ALWAYS, testCase=TestCaseDTO[testName=testClass[BubbleSort], id=1459]], FeedbackDTO[id=978, text=null, detailText=null, hasLongFeedbackText=false, reference=null, credits=3.230769230769231, positive=true, type=AUTOMATIC, visibility=ALWAYS, testCase=TestCaseDTO[testName=testMergeSort(), id=1464]], FeedbackDTO[id=979, text=null, detailText=null, hasLongFeedbackText=false, reference=null, credits=3.230769230769231, positive=true, type=AUTOMATIC, visibility=ALWAYS, testCase=TestCaseDTO[testName=testUseBubbleSortForSmallList(), id=1465]], FeedbackDTO[id=980, text=null, detailText=null, hasLongFeedbackText=false, reference=null, credits=3.230769230769231, positive=true, type=AUTOMATIC, visibility=ALWAYS, testCase=TestCaseDTO[testName=testBubbleSort(), id=1467]], FeedbackDTO[id=981, text=null, detailText=null, hasLongFeedbackText=false, reference=null, credits=3.230769230769231, positive=true, type=AUTOMATIC, visibility=ALWAYS, testCase=TestCaseDTO[testName=testUseMergeSortForBigList(), id=1466]], FeedbackDTO[id=982, text=null, detailText=null, hasLongFeedbackText=false, reference=null, credits=3.230769230769231, positive=true, type=AUTOMATIC, visibility=ALWAYS, testCase=TestCaseDTO[testName=testConstructors[Policy], id=1460]], FeedbackDTO[id=983, text=null, detailText=null, hasLongFeedbackText=false, reference=null, credits=3.230769230769231, positive=true, type=AUTOMATIC, visibility=ALWAYS, testCase=TestCaseDTO[testName=testAttributes[Context], id=1456]], FeedbackDTO[id=984, text=null, detailText=null, hasLongFeedbackText=false, reference=null, credits=3.230769230769231, positive=true, type=AUTOMATIC, visibility=ALWAYS, testCase=TestCaseDTO[testName=testAttributes[Policy], id=1457]]], assessmentType=AUTOMATIC, hasComplaint=null, exampleResult=null, testCaseCount=13, passedTestCaseCount=13, codeIssueCount=0]], BuildJobQueueItem[id=20281739576748768, name=SHORT0FC863930E92904248098A506171F81CF6CFTSTEXC-BASE, buildAgent=BuildAgentDTO[name=artemis-build-agent-test, memberAddress=[127.0.0.1]:5703, displayName=artemis-build-agent-test], participationId=2028, courseId=992, exerciseId=2609, retryCount=0, priority=2, status=SUCCESSFUL, repositoryInfo=RepositoryInfo[repositoryName=short0fc863930e92904248098a506171f81cf6cftstexc-exercise, repositoryType=exercise, triggeredByPushTo=auxiliary, assignmentRepositoryUri=http://localhost:49152/git/SHORT0FC863930E92904248098A506171F81CF6CFTSTEXC/short0fc863930e92904248098a506171f81cf6cftstexc-exercise.git, testRepositoryUri=http://localhost:49152/git/SHORT0FC863930E92904248098A506171F81CF6CFTSTEXC/short0fc863930e92904248098a506171f81cf6cftstexc-tests.git, solutionRepositoryUri=null, auxiliaryRepositoryUris=[Ljava.lang.String;@248e5385, auxiliaryRepositoryCheckoutDirectories=[Ljava.lang.String;@53ade20c], jobTimingInfo=JobTimingInfo[submissionDate=2025-02-14T23:45:48.768063548Z[Etc/UTC], buildStartDate=2025-02-14T23:45:48.802531989Z[Etc/UTC], buildCompletionDate=2025-02-14T23:45:50.482681367Z[Etc/UTC], estimatedCompletionDate=2025-02-14T23:45:50.802523092Z[Etc/UTC], estimatedDuration=2], buildConfig=BuildConfig[buildScript=#!/bin/bash
cd /var/tmp/testing-dir
chmod +x ./gradlew
./gradlew clean test
, dockerImage=dummy-docker-image:latest, commitHashToBuild=9b3a9bd71a0d80e5bbc42204c319ed3d1d4f0d6d, assignmentCommitHash=115a2e943bee242fdad360b50d8ad5f30792577e, testCommitHash=9b3a9bd71a0d80e5bbc42204c319ed3d1d4f0d6d, branch=main, programmingLanguage=JAVA, projectType=PLAIN_GRADLE, scaEnabled=false, sequentialTestRunsEnabled=false, resultPaths=[/var/tmp/testing-dir/**/test-results/test/*.xml], timeoutSeconds=0, assignmentCheckoutPath=null, testCheckoutPath=null, solutionCheckoutPath=null, dockerRunConfig=null], submissionResult=ResultDTO[id=637, completionDate=2025-02-14T23:45:50.449084694Z[Etc/UTC], successful=false, score=0.0, rated=true, submission=SubmissionDTO[id=831, submitted=true, type=TEST, exampleSubmission=null, submissionDate=2025-02-14T23:45:48.761177Z, commitHash=9b3a9bd71a0d80e5bbc42204c319ed3d1d4f0d6d, buildFailed=false, buildArtifact=false, participation=ParticipationDTO[id=2028, testRun=false, type=template, submissionCount=null, exercise=ParticipationExerciseDTO[id=2609, exerciseType=PROGRAMMING, type=programming, assessmentType=AUTOMATIC, dueDate=2025-02-16T23:45:46.386304Z, assessmentDueDate=null, maxPoints=42.0, course=CourseDTO[id=992, accuracyOfScores=1]]], submissionExerciseType=programming, isProcessing=false, buildStartDate=null, estimatedCompletionDate=null], participation=ParticipationDTO[id=2028, testRun=false, type=template, submissionCount=null, exercise=ParticipationExerciseDTO[id=2609, exerciseType=PROGRAMMING, type=programming, assessmentType=AUTOMATIC, dueDate=2025-02-16T23:45:46.386304Z, assessmentDueDate=null, maxPoints=42.0, course=CourseDTO[id=992, accuracyOfScores=1]]], feedbacks=[FeedbackDTO[id=985, text=null, detailText=The exercise expects a class with the name Context in the package testpackage. You did not implement the class in the exercise., hasLongFeedbackText=false, reference=null, credits=0.0, positive=false, type=AUTOMATIC, visibility=ALWAYS, testCase=TestCaseDTO[testName=testMethods[Context], id=1461]], FeedbackDTO[id=986, text=null, detailText=The exercise expects a class with the name Policy in the package testpackage. You did not implement the class in the exercise., hasLongFeedbackText=false, reference=null, credits=0.0, positive=false, type=AUTOMATIC, visibility=ALWAYS, testCase=TestCaseDTO[testName=testMethods[Policy], id=1462]], FeedbackDTO[id=987, text=null, detailText=The exercise expects a class with the name SortStrategy in the package testpackage. You did not implement the class in the exercise., hasLongFeedbackText=false, reference=null, credits=0.0, positive=false, type=AUTOMATIC, visibility=ALWAYS, testCase=TestCaseDTO[testName=testMethods[SortStrategy], id=1463]], FeedbackDTO[id=988, text=null, detailText=The class 'MergeSort' does not implement the interface 'SortStrategy' as expected. Implement the interface and its methods., hasLongFeedbackText=false, reference=null, credits=0.0, positive=false, type=AUTOMATIC, visibility=ALWAYS, testCase=TestCaseDTO[testName=testClass[MergeSort], id=1458]], FeedbackDTO[id=989, text=null, detailText=The exercise expects a class with the name SortStrategy in the package testpackage. You did not implement the class in the exercise., hasLongFeedbackText=false, reference=null, credits=0.0, positive=false, type=AUTOMATIC, visibility=ALWAYS, testCase=TestCaseDTO[testName=testClass[SortStrategy], id=1455]], FeedbackDTO[id=990, text=null, detailText=The class 'BubbleSort' does not implement the interface 'SortStrategy' as expected. Implement the interface and its methods., hasLongFeedbackText=false, reference=null, credits=0.0, positive=false, type=AUTOMATIC, visibility=ALWAYS, testCase=TestCaseDTO[testName=testClass[BubbleSort], id=1459]], FeedbackDTO[id=991, text=null, detailText=MergeSort does not sort correctly, hasLongFeedbackText=false, reference=null, credits=0.0, positive=false, type=AUTOMATIC, visibility=ALWAYS, testCase=TestCaseDTO[testName=testMergeSort(), id=1464]], FeedbackDTO[id=992, text=null, detailText=The class 'Context' was not found within the submission. Make sure to implement it properly., hasLongFeedbackText=false, reference=null, credits=0.0, positive=false, type=AUTOMATIC, visibility=ALWAYS, testCase=TestCaseDTO[testName=testUseBubbleSortForSmallList(), id=1465]], FeedbackDTO[id=993, text=null, detailText=BubbleSort does not sort correctly, hasLongFeedbackText=false, reference=null, credits=0.0, positive=false, type=AUTOMATIC, visibility=ALWAYS, testCase=TestCaseDTO[testName=testBubbleSort(), id=1467]], FeedbackDTO[id=994, text=null, detailText=The class 'Context' was not found within the submission. Make sure to implement it properly., hasLongFeedbackText=false, reference=null, credits=0.0, positive=false, type=AUTOMATIC, visibility=ALWAYS, testCase=TestCaseDTO[testName=testUseMergeSortForBigList(), id=1466]], FeedbackDTO[id=995, text=null, detailText=The exercise expects a class with the name Policy in the package testpackage. You did not implement the class in the exercise., hasLongFeedbackText=false, reference=null, credits=0.0, positive=false, type=AUTOMATIC, visibility=ALWAYS, testCase=TestCaseDTO[testName=testConstructors[Policy], id=1460]], FeedbackDTO[id=996, text=null, detailText=The exercise expects a class with the name Context in the package testpackage. You did not implement the class in the exercise., hasLongFeedbackText=false, reference=null, credits=0.0, positive=false, type=AUTOMATIC, visibility=ALWAYS, testCase=TestCaseDTO[testName=testAttributes[Context], id=1456]], FeedbackDTO[id=997, text=null, detailText=The exercise expects a class with the name Policy in the package testpackage. You did not implement the class in the exercise., hasLongFeedbackText=false, reference=null, credits=0.0, positive=false, type=AUTOMATIC, visibility=ALWAYS, testCase=TestCaseDTO[testName=testAttributes[Policy], id=1457]]], assessmentType=AUTOMATIC, hasComplaint=null, exampleResult=null, testCaseCount=13, passedTestCaseCount=0, codeIssueCount=0]], BuildJobQueueItem[id=20291739576751299, name=SHORT716C2EC10B19B049C80A2F00B97EAB20B2A9TSTEXC-SOLUTION, buildAgent=BuildAgentDTO[name=artemis-build-agent-test, memberAddress=[127.0.0.1]:5703, displayName=artemis-build-agent-test], participationId=2029, courseId=993, exerciseId=2610, retryCount=0, priority=2, status=SUCCESSFUL, repositoryInfo=RepositoryInfo[repositoryName=short716c2ec10b19b049c80a2f00b97eab20b2a9tstexc-solution, repositoryType=solution, triggeredByPushTo=tests, assignmentRepositoryUri=http://localhost:49152/git/SHORT716C2EC10B19B049C80A2F00B97EAB20B2A9TSTEXC/short716c2ec10b19b049c80a2f00b97eab20b2a9tstexc-solution.git, testRepositoryUri=http://localhost:49152/git/SHORT716C2EC10B19B049C80A2F00B97EAB20B2A9TSTEXC/short716c2ec10b19b049c80a2f00b97eab20b2a9tstexc-tests.git, solutionRepositoryUri=null, auxiliaryRepositoryUris=[Ljava.lang.String;@6507c067, auxiliaryRepositoryCheckoutDirectories=[Ljava.lang.String;@732ac774], jobTimingInfo=JobTimingInfo[submissionDate=2025-02-14T23:45:51.299892174Z[Etc/UTC], buildStartDate=2025-02-14T23:45:51.314028505Z[Etc/UTC], buildCompletionDate=2025-02-14T23:45:52.158312850Z[Etc/UTC], estimatedCompletionDate=2025-02-14T23:46:10.314021752Z[Etc/UTC], estimatedDuration=19], buildConfig=BuildConfig[buildScript=#!/bin/bash
cd /var/tmp/testing-dir
chmod +x ./gradlew
./gradlew clean test
, dockerImage=dummy-docker-image:latest, commitHashToBuild=1e531733ed6e9237f710b528d1eb0b7beac565fd, assignmentCommitHash=815e279f12ad296b4f24c44134a07293c04c010f, testCommitHash=1e531733ed6e9237f710b528d1eb0b7beac565fd, branch=main, programmingLanguage=JAVA, projectType=PLAIN_GRADLE, scaEnabled=false, sequentialTestRunsEnabled=false, resultPaths=[/var/tmp/testing-dir/**/test-results/test/*.xml], timeoutSeconds=0, assignmentCheckoutPath=null, testCheckoutPath=null, solutionCheckoutPath=null, dockerRunConfig=null], submissionResult=ResultDTO[id=638, completionDate=2025-02-14T23:45:52.146826070Z[Etc/UTC], successful=true, score=100.0, rated=true, submission=SubmissionDTO[id=832, submitted=true, type=TEST, exampleSubmission=null, submissionDate=2025-02-14T23:45:51.275713Z, commitHash=1e531733ed6e9237f710b528d1eb0b7beac565fd, buildFailed=false, buildArtifact=false, participation=ParticipationDTO[id=2029, testRun=false, type=solution, submissionCount=null, exercise=ParticipationExerciseDTO[id=2610, exerciseType=PROGRAMMING, type=programming, assessmentType=AUTOMATIC, dueDate=2025-02-16T23:45:50.869093Z, assessmentDueDate=null, maxPoints=42.0, course=CourseDTO[id=993, accuracyOfScores=1]]], submissionExerciseType=programming, isProcessing=false, buildStartDate=null, estimatedCompletionDate=null], participation=ParticipationDTO[id=2029, testRun=false, type=solution, submissionCount=null, exercise=ParticipationExerciseDTO[id=2610, exerciseType=PROGRAMMING, type=programming, assessmentType=AUTOMATIC, dueDate=2025-02-16T23:45:50.869093Z, assessmentDueDate=null, maxPoints=42.0, course=CourseDTO[id=993, accuracyOfScores=1]]], feedbacks=[FeedbackDTO[id=998, text=null, detailText=null, hasLongFeedbackText=false, reference=null, credits=3.230769230769231, positive=true, type=AUTOMATIC, visibility=ALWAYS, testCase=TestCaseDTO[testName=testMethods[Context], id=1474]], FeedbackDTO[id=999, text=null, detailText=null, hasLongFeedbackText=false, reference=null, credits=3.230769230769231, positive=true, type=AUTOMATIC, visibility=ALWAYS, testCase=TestCaseDTO[testName=testMethods[Policy], id=1475]], FeedbackDTO[id=1000, text=null, detailText=null, hasLongFeedbackText=false, reference=null, credits=3.230769230769231, positive=true, type=AUTOMATIC, visibility=ALWAYS, testCase=TestCaseDTO[testName=testMethods[SortStrategy], id=1476]], FeedbackDTO[id=1001, text=null, detailText=null, hasLongFeedbackText=false, reference=null, credits=3.230769230769231, positive=true, type=AUTOMATIC, visibility=ALWAYS, testCase=TestCaseDTO[testName=testClass[MergeSort], id=1471]], FeedbackDTO[id=1002, text=null, detailText=null, hasLongFeedbackText=false, reference=null, credits=3.230769230769231, positive=true, type=AUTOMATIC, visibility=ALWAYS, testCase=TestCaseDTO[testName=testClass[SortStrategy], id=1468]], FeedbackDTO[id=1003, text=null, detailText=null, hasLongFeedbackText=false, reference=null, credits=3.230769230769231, positive=true, type=AUTOMATIC, visibility=ALWAYS, testCase=TestCaseDTO[testName=testClass[BubbleSort], id=1472]], FeedbackDTO[id=1004, text=null, detailText=null, hasLongFeedbackText=false, reference=null, credits=3.230769230769231, positive=true, type=AUTOMATIC, visibility=ALWAYS, testCase=TestCaseDTO[testName=testMergeSort(), id=1477]], FeedbackDTO[id=1005, text=null, detailText=null, hasLongFeedbackText=false, reference=null, credits=3.230769230769231, positive=true, type=AUTOMATIC, visibility=ALWAYS, testCase=TestCaseDTO[testName=testUseBubbleSortForSmallList(), id=1478]], FeedbackDTO[id=1006, text=null, detailText=null, hasLongFeedbackText=false, reference=null, credits=3.230769230769231, positive=true, type=AUTOMATIC, visibility=ALWAYS, testCase=TestCaseDTO[testName=testBubbleSort(), id=1480]], FeedbackDTO[id=1007, text=null, detailText=null, hasLongFeedbackText=false, reference=null, credits=3.230769230769231, positive=true, type=AUTOMATIC, visibility=ALWAYS, testCase=TestCaseDTO[testName=testUseMergeSortForBigList(), id=1479]], FeedbackDTO[id=1008, text=null, detailText=null, hasLongFeedbackText=false, reference=null, credits=3.230769230769231, positive=true, type=AUTOMATIC, visibility=ALWAYS, testCase=TestCaseDTO[testName=testConstructors[Policy], id=1473]], FeedbackDTO[id=1009, text=null, detailText=null, hasLongFeedbackText=false, reference=null, credits=3.230769230769231, positive=true, type=AUTOMATIC, visibility=ALWAYS, testCase=TestCaseDTO[testName=testAttributes[Context], id=1469]], FeedbackDTO[id=1010, text=null, detailText=null, hasLongFeedbackText=false, reference=null, credits=3.230769230769231, positive=true, type=AUTOMATIC, visibility=ALWAYS, testCase=TestCaseDTO[testName=testAttributes[Policy], id=1470]]], assessmentType=AUTOMATIC, hasComplaint=null, exampleResult=null, testCaseCount=13, passedTestCaseCount=13, codeIssueCount=0]], BuildJobQueueItem[id=20301739576752239, name=SHORT716C2EC10B19B049C80A2F00B97EAB20B2A9TSTEXC-BASE, buildAgent=BuildAgentDTO[name=artemis-build-agent-test, memberAddress=[127.0.0.1]:5703, displayName=artemis-build-agent-test], participationId=2030, courseId=993, exerciseId=2610, retryCount=0, priority=2, status=SUCCESSFUL, repositoryInfo=RepositoryInfo[repositoryName=short716c2ec10b19b049c80a2f00b97eab20b2a9tstexc-exercise, repositoryType=exercise, triggeredByPushTo=tests, assignmentRepositoryUri=http://localhost:49152/git/SHORT716C2EC10B19B049C80A2F00B97EAB20B2A9TSTEXC/short716c2ec10b19b049c80a2f00b97eab20b2a9tstexc-exercise.git, testRepositoryUri=http://localhost:49152/git/SHORT716C2EC10B19B049C80A2F00B97EAB20B2A9TSTEXC/short716c2ec10b19b049c80a2f00b97eab20b2a9tstexc-tests.git, solutionRepositoryUri=null, auxiliaryRepositoryUris=[Ljava.lang.String;@25eeb0ef, auxiliaryRepositoryCheckoutDirectories=[Ljava.lang.String;@196f8bdc], jobTimingInfo=JobTimingInfo[submissionDate=2025-02-14T23:45:52.239402475Z[Etc/UTC], buildStartDate=2025-02-14T23:45:52.258713639Z[Etc/UTC], buildCompletionDate=2025-02-14T23:45:53.238773956Z[Etc/UTC], estimatedCompletionDate=2025-02-14T23:45:53.258707428Z[Etc/UTC], estimatedDuration=1], buildConfig=BuildConfig[buildScript=#!/bin/bash
cd /var/tmp/testing-dir
chmod +x ./gradlew
./gradlew clean test
, dockerImage=dummy-docker-image:latest, commitHashToBuild=1e531733ed6e9237f710b528d1eb0b7beac565fd, assignmentCommitHash=815e279f12ad296b4f24c44134a07293c04c010f, testCommitHash=1e531733ed6e9237f710b528d1eb0b7beac565fd, branch=main, programmingLanguage=JAVA, projectType=PLAIN_GRADLE, scaEnabled=false, sequentialTestRunsEnabled=false, resultPaths=[/var/tmp/testing-dir/**/test-results/test/*.xml], timeoutSeconds=0, assignmentCheckoutPath=null, testCheckoutPath=null, solutionCheckoutPath=null, dockerRunConfig=null], submissionResult=ResultDTO[id=639, completionDate=2025-02-14T23:45:53.225806205Z[Etc/UTC], successful=false, score=0.0, rated=true, submission=SubmissionDTO[id=833, submitted=true, type=TEST, exampleSubmission=null, submissionDate=2025-02-14T23:45:52.237179Z, commitHash=1e531733ed6e9237f710b528d1eb0b7beac565fd, buildFailed=false, buildArtifact=false, participation=ParticipationDTO[id=2030, testRun=false, type=template, submissionCount=null, exercise=ParticipationExerciseDTO[id=2610, exerciseType=PROGRAMMING, type=programming, assessmentType=AUTOMATIC, dueDate=2025-02-16T23:45:50.869093Z, assessmentDueDate=null, maxPoints=42.0, course=CourseDTO[id=993, accuracyOfScores=1]]], submissionExerciseType=programming, isProcessing=false, buildStartDate=null, estimatedCompletionDate=null], participation=ParticipationDTO[id=2030, testRun=false, type=template, submissionCount=null, exercise=ParticipationExerciseDTO[id=2610, exerciseType=PROGRAMMING, type=programming, assessmentType=AUTOMATIC, dueDate=2025-02-16T23:45:50.869093Z, assessmentDueDate=null, maxPoints=42.0, course=CourseDTO[id=993, accuracyOfScores=1]]], feedbacks=[FeedbackDTO[id=1011, text=null, detailText=The exercise expects a class with the name Context in the package testpackage. You did not implement the class in the exercise., hasLongFeedbackText=false, reference=null, credits=0.0, positive=false, type=AUTOMATIC, visibility=ALWAYS, testCase=TestCaseDTO[testName=testMethods[Context], id=1474]], FeedbackDTO[id=1012, text=null, detailText=The exercise expects a class with the name Policy in the package testpackage. You did not implement the class in the exercise., hasLongFeedbackText=false, reference=null, credits=0.0, positive=false, type=AUTOMATIC, visibility=ALWAYS, testCase=TestCaseDTO[testName=testMethods[Policy], id=1475]], FeedbackDTO[id=1013, text=null, detailText=The exercise expects a class with the name SortStrategy in the package testpackage. You did not implement the class in the exercise., hasLongFeedbackText=false, reference=null, credits=0.0, positive=false, type=AUTOMATIC, visibility=ALWAYS, testCase=TestCaseDTO[testName=testMethods[SortStrategy], id=1476]], FeedbackDTO[id=1014, text=null, detailText=The class 'MergeSort' does not implement the interface 'SortStrategy' as expected. Implement the interface and its methods., hasLongFeedbackText=false, reference=null, credits=0.0, positive=false, type=AUTOMATIC, visibility=ALWAYS, testCase=TestCaseDTO[testName=testClass[MergeSort], id=1471]], FeedbackDTO[id=1015, text=null, detailText=The exercise expects a class with the name SortStrategy in the package testpackage. You did not implement the class in the exercise., hasLongFeedbackText=false, reference=null, credits=0.0, positive=false, type=AUTOMATIC, visibility=ALWAYS, testCase=TestCaseDTO[testName=testClass[SortStrategy], id=1468]], FeedbackDTO[id=1016, text=null, detailText=The class 'BubbleSort' does not implement the interface 'SortStrategy' as expected. Implement the interface and its methods., hasLongFeedbackText=false, reference=null, credits=0.0, positive=false, type=AUTOMATIC, visibility=ALWAYS, testCase=TestCaseDTO[testName=testClass[BubbleSort], id=1472]], FeedbackDTO[id=1017, text=null, detailText=MergeSort does not sort correctly, hasLongFeedbackText=false, reference=null, credits=0.0, positive=false, type=AUTOMATIC, visibility=ALWAYS, testCase=TestCaseDTO[testName=testMergeSort(), id=1477]], FeedbackDTO[id=1018, text=null, detailText=The class 'Context' was not found within the submission. Make sure to implement it properly., hasLongFeedbackText=false, reference=null, credits=0.0, positive=false, type=AUTOMATIC, visibility=ALWAYS, testCase=TestCaseDTO[testName=testUseBubbleSortForSmallList(), id=1478]], FeedbackDTO[id=1019, text=null, detailText=BubbleSort does not sort correctly, hasLongFeedbackText=false, reference=null, credits=0.0, positive=false, type=AUTOMATIC, visibility=ALWAYS, testCase=TestCaseDTO[testName=testBubbleSort(), id=1480]], FeedbackDTO[id=1020, text=null, detailText=The class 'Context' was not found within the submission. Make sure to implement it properly., hasLongFeedbackText=false, reference=null, credits=0.0, positive=false, type=AUTOMATIC, visibility=ALWAYS, testCase=TestCaseDTO[testName=testUseMergeSortForBigList(), id=1479]], FeedbackDTO[id=1021, text=null, detailText=The exercise expects a class with the name Policy in the package testpackage. You did not implement the class in the exercise., hasLongFeedbackText=false, reference=null, credits=0.0, positive=false, type=AUTOMATIC, visibility=ALWAYS, testCase=TestCaseDTO[testName=testConstructors[Policy], id=1473]], FeedbackDTO[id=1022, text=null, detailText=The exercise expects a class with the name Context in the package testpackage. You did not implement the class in the exercise., hasLongFeedbackText=false, reference=null, credits=0.0, positive=false, type=AUTOMATIC, visibility=ALWAYS, testCase=TestCaseDTO[testName=testAttributes[Context], id=1469]], FeedbackDTO[id=1023, text=null, detailText=The exercise expects a class with the name Policy in the package testpackage. You did not implement the class in the exercise., hasLongFeedbackText=false, reference=null, credits=0.0, positive=false, type=AUTOMATIC, visibility=ALWAYS, testCase=TestCaseDTO[testName=testAttributes[Policy], id=1470]]], assessmentType=AUTOMATIC, hasComplaint=null, exampleResult=null, testCaseCount=13, passedTestCaseCount=0, codeIssueCount=0]], BuildJobQueueItem[id=20391739576754750, name=SHORT3A680734092E404EF80A4C60FBC1E408F7D0TSTEXC-LOCALVCCIINTSTUDENT1, buildAgent=BuildAgentDTO[name=artemis-build-agent-test, memberAddress=[127.0.0.1]:5703, displayName=artemis-build-agent-test], participationId=2039, courseId=996, exerciseId=2613, retryCount=0, priority=2, status=SUCCESSFUL, repositoryInfo=RepositoryInfo[repositoryName=short3a680734092e404ef80a4c60fbc1e408f7d0tstexc-localvcciintstudent1, repositoryType=user, triggeredByPushTo=user, assignmentRepositoryUri=http://localhost:49152/git/SHORT3A680734092E404EF80A4C60FBC1E408F7D0TSTEXC/short3a680734092e404ef80a4c60fbc1e408f7d0tstexc-localvcciintstudent1.git, testRepositoryUri=http://localhost:49152/git/SHORT3A680734092E404EF80A4C60FBC1E408F7D0TSTEXC/short3a680734092e404ef80a4c60fbc1e408f7d0tstexc-tests.git, solutionRepositoryUri=null, auxiliaryRepositoryUris=[Ljava.lang.String;@42b0746e, auxiliaryRepositoryCheckoutDirectories=[Ljava.lang.String;@67041a2b], jobTimingInfo=JobTimingInfo[submissionDate=2025-02-14T23:45:54.750657185Z[Etc/UTC], buildStartDate=2025-02-14T23:45:54.765232948Z[Etc/UTC], buildCompletionDate=2025-02-14T23:45:55.645844970Z[Etc/UTC], estimatedCompletionDate=2025-02-14T23:46:13.765225363Z[Etc/UTC], estimatedDuration=19], buildConfig=BuildConfig[buildScript=#!/bin/bash
cd /var/tmp/testing-dir
chmod +x ./gradlew
./gradlew clean test
, dockerImage=dummy-docker-image:latest, commitHashToBuild=9344436f8d5a5ce3aa40215562db211ed501371f, assignmentCommitHash=9344436f8d5a5ce3aa40215562db211ed501371f, testCommitHash=ff421c3651ec230fed2f20f72c2901ae372be06a, branch=main, programmingLanguage=JAVA, projectType=PLAIN_GRADLE, scaEnabled=false, sequentialTestRunsEnabled=false, resultPaths=[/var/tmp/testing-dir/**/test-results/test/*.xml], timeoutSeconds=0, assignmentCheckoutPath=null, testCheckoutPath=null, solutionCheckoutPath=null, dockerRunConfig=null], submissionResult=ResultDTO[id=640, completionDate=2025-02-14T23:45:55.628250079Z[Etc/UTC], successful=false, score=7.7, rated=true, submission=SubmissionDTO[id=834, submitted=true, type=MANUAL, exampleSubmission=null, submissionDate=2025-02-14T23:45:54.732007Z, commitHash=9344436f8d5a5ce3aa40215562db211ed501371f, buildFailed=false, buildArtifact=false, participation=ParticipationDTO[id=2039, testRun=false, type=programming, submissionCount=null, exercise=ParticipationExerciseDTO[id=2613, exerciseType=PROGRAMMING, type=programming, assessmentType=AUTOMATIC, dueDate=2025-02-16T23:45:54.546562Z, assessmentDueDate=null, maxPoints=42.0, course=CourseDTO[id=996, accuracyOfScores=1]]], submissionExerciseType=programming, isProcessing=false, buildStartDate=null, estimatedCompletionDate=null], participation=ParticipationDTO[id=2039, testRun=false, type=programming, submissionCount=null, exercise=ParticipationExerciseDTO[id=2613, exerciseType=PROGRAMMING, type=programming, assessmentType=AUTOMATIC, dueDate=2025-02-16T23:45:54.546562Z, assessmentDueDate=null, maxPoints=42.0, course=CourseDTO[id=996, accuracyOfScores=1]]], feedbacks=[FeedbackDTO[id=1024, text=null, detailText=The exercise expects a class with the name Context in the package testpackage. You did not implement the class in the exercise., hasLongFeedbackText=false, reference=null, credits=0.0, positive=false, type=AUTOMATIC, visibility=ALWAYS, testCase=TestCaseDTO[testName=null, id=1513]], FeedbackDTO[id=1025, text=null, detailText=The exercise expects a class with the name Policy in the package testpackage. You did not implement the class in the exercise., hasLongFeedbackText=false, reference=null, credits=0.0, positive=false, type=AUTOMATIC, visibility=ALWAYS, testCase=TestCaseDTO[testName=null, id=1514]], FeedbackDTO[id=1026, text=null, detailText=The exercise expects a class with the name SortStrategy in the package testpackage. You did not implement the class in the exercise., hasLongFeedbackText=false, reference=null, credits=0.0, positive=false, type=AUTOMATIC, visibility=ALWAYS, testCase=TestCaseDTO[testName=null, id=1515]], FeedbackDTO[id=1027, text=null, detailText=The class 'MergeSort' does not implement the interface 'SortStrategy' as expected. Implement the interface and its methods., hasLongFeedbackText=false, reference=null, credits=0.0, positive=false, type=AUTOMATIC, visibility=ALWAYS, testCase=TestCaseDTO[testName=null, id=1510]], FeedbackDTO[id=1028, text=null, detailText=The exercise expects a class with the name SortStrategy in the package testpackage. You did not implement the class in the exercise., hasLongFeedbackText=false, reference=null, credits=0.0, positive=false, type=AUTOMATIC, visibility=ALWAYS, testCase=TestCaseDTO[testName=null, id=1507]], FeedbackDTO[id=1029, text=null, detailText=The class 'BubbleSort' does not implement the interface 'SortStrategy' as expected. Implement the interface and its methods., hasLongFeedbackText=false, reference=null, credits=0.0, positive=false, type=AUTOMATIC, visibility=ALWAYS, testCase=TestCaseDTO[testName=null, id=1511]], FeedbackDTO[id=1030, text=null, detailText=MergeSort does not sort correctly, hasLongFeedbackText=false, reference=null, credits=0.0, positive=false, type=AUTOMATIC, visibility=ALWAYS, testCase=TestCaseDTO[testName=null, id=1516]], FeedbackDTO[id=1031, text=null, detailText=The class 'Context' was not found within the submission. Make sure to implement it properly., hasLongFeedbackText=false, reference=null, credits=0.0, positive=false, type=AUTOMATIC, visibility=ALWAYS, testCase=TestCaseDTO[testName=null, id=1517]], FeedbackDTO[id=1032, text=null, detailText=The class 'Context' was not found within the submission. Make sure to implement it properly., hasLongFeedbackText=false, reference=null, credits=0.0, positive=false, type=AUTOMATIC, visibility=ALWAYS, testCase=TestCaseDTO[testName=null, id=1518]], FeedbackDTO[id=1033, text=null, detailText=The exercise expects a class with the name Policy in the package testpackage. You did not implement the class in the exercise., hasLongFeedbackText=false, reference=null, credits=0.0, positive=false, type=AUTOMATIC, visibility=ALWAYS, testCase=TestCaseDTO[testName=null, id=1512]], FeedbackDTO[id=1034, text=null, detailText=The exercise expects a class with the name Context in the package testpackage. You did not implement the class in the exercise., hasLongFeedbackText=false, reference=null, credits=0.0, positive=false, type=AUTOMATIC, visibility=ALWAYS, testCase=TestCaseDTO[testName=null, id=1508]], FeedbackDTO[id=1035, text=null, detailText=The exercise expects a class with the name Policy in the package testpackage. You did not implement the class in the exercise., hasLongFeedbackText=false, reference=null, credits=0.0, positive=false, type=AUTOMATIC, visibility=ALWAYS, testCase=TestCaseDTO[testName=null, id=1509]], FeedbackDTO[id=1036, text=null, detailText=null, hasLongFeedbackText=false, reference=null, credits=3.230769230769231, positive=true, type=AUTOMATIC, visibility=ALWAYS, testCase=TestCaseDTO[testName=null, id=1519]]], assessmentType=AUTOMATIC, hasComplaint=null, exampleResult=null, testCaseCount=13, passedTestCaseCount=1, codeIssueCount=0]], BuildJobQueueItem[id=20431739576757232, name=SHORT3945BC5E092B90459B0A7F006DF5F64347FDTSTEXC-SOLUTION, buildAgent=BuildAgentDTO[name=artemis-build-agent-test, memberAddress=[127.0.0.1]:5703, displayName=artemis-build-agent-test], participationId=2043, courseId=998, exerciseId=2615, retryCount=0, priority=2, status=SUCCESSFUL, repositoryInfo=RepositoryInfo[repositoryName=short3945bc5e092b90459b0a7f006df5f64347fdtstexc-solution, repositoryType=solution, triggeredByPushTo=solution, assignmentRepositoryUri=http://localhost:49152/git/SHORT3945BC5E092B90459B0A7F006DF5F64347FDTSTEXC/short3945bc5e092b90459b0a7f006df5f64347fdtstexc-solution.git, testRepositoryUri=http://localhost:49152/git/SHORT3945BC5E092B90459B0A7F006DF5F64347FDTSTEXC/short3945bc5e092b90459b0a7f006df5f64347fdtstexc-tests.git, solutionRepositoryUri=null, auxiliaryRepositoryUris=[Ljava.lang.String;@373db7ec, auxiliaryRepositoryCheckoutDirectories=[Ljava.lang.String;@5269ebbc], jobTimingInfo=JobTimingInfo[submissionDate=2025-02-14T23:45:57.232907777Z[Etc/UTC], buildStartDate=2025-02-14T23:45:57.240437339Z[Etc/UTC], buildCompletionDate=2025-02-14T23:45:58.062328619Z[Etc/UTC], estimatedCompletionDate=2025-02-14T23:46:16.240428743Z[Etc/UTC], estimatedDuration=19], buildConfig=BuildConfig[buildScript=#!/bin/bash
cd /var/tmp/testing-dir
chmod +x ./gradlew
./gradlew clean test
, dockerImage=dummy-docker-image:latest, commitHashToBuild=c315388a235502fd958ae3c7ffbbbbf126a8fe21, assignmentCommitHash=c315388a235502fd958ae3c7ffbbbbf126a8fe21, testCommitHash=28488095271179f4eface46480ec45511f50df5d, branch=main, programmingLanguage=JAVA, projectType=PLAIN_GRADLE, scaEnabled=false, sequentialTestRunsEnabled=false, resultPaths=[/var/tmp/testing-dir/**/test-results/test/*.xml], timeoutSeconds=0, assignmentCheckoutPath=null, testCheckoutPath=null, solutionCheckoutPath=null, dockerRunConfig=null], submissionResult=ResultDTO[id=641, completionDate=2025-02-14T23:45:58.032353400Z[Etc/UTC], successful=true, score=100.0, rated=true, submission=SubmissionDTO[id=835, submitted=true, type=MANUAL, exampleSubmission=null, submissionDate=2025-02-14T23:45:57.222714Z, commitHash=c315388a235502fd958ae3c7ffbbbbf126a8fe21, buildFailed=false, buildArtifact=false, participation=ParticipationDTO[id=2043, testRun=false, type=solution, submissionCount=null, exercise=ParticipationExerciseDTO[id=2615, exerciseType=PROGRAMMING, type=programming, assessmentType=AUTOMATIC, dueDate=2025-02-16T23:45:56.808788Z, assessmentDueDate=null, maxPoints=42.0, course=CourseDTO[id=998, accuracyOfScores=1]]], submissionExerciseType=programming, isProcessing=false, buildStartDate=null, estimatedCompletionDate=null], participation=ParticipationDTO[id=2043, testRun=false, type=solution, submissionCount=null, exercise=ParticipationExerciseDTO[id=2615, exerciseType=PROGRAMMING, type=programming, assessmentType=AUTOMATIC, dueDate=2025-02-16T23:45:56.808788Z, assessmentDueDate=null, maxPoints=42.0, course=CourseDTO[id=998, accuracyOfScores=1]]], feedbacks=[FeedbackDTO[id=1037, text=null, detailText=null, hasLongFeedbackText=false, reference=null, credits=3.230769230769231, positive=true, type=AUTOMATIC, visibility=ALWAYS, testCase=TestCaseDTO[testName=testMethods[Context], id=1539]], FeedbackDTO[id=1038, text=null, detailText=null, hasLongFeedbackText=false, reference=null, credits=3.230769230769231, positive=true, type=AUTOMATIC, visibility=ALWAYS, testCase=TestCaseDTO[testName=testMethods[Policy], id=1540]], FeedbackDTO[id=1039, text=null, detailText=null, hasLongFeedbackText=false, reference=null, credits=3.230769230769231, positive=true, type=AUTOMATIC, visibility=ALWAYS, testCase=TestCaseDTO[testName=testMethods[SortStrategy], id=1541]], FeedbackDTO[id=1040, text=null, detailText=null, hasLongFeedbackText=false, reference=null, credits=3.230769230769231, positive=true, type=AUTOMATIC, visibility=ALWAYS, testCase=TestCaseDTO[testName=testClass[MergeSort], id=1536]], FeedbackDTO[id=1041, text=null, detailText=null, hasLongFeedbackText=false, reference=null, credits=3.230769230769231, positive=true, type=AUTOMATIC, visibility=ALWAYS, testCase=TestCaseDTO[testName=testClass[SortStrategy], id=1533]], FeedbackDTO[id=1042, text=null, detailText=null, hasLongFeedbackText=false, reference=null, credits=3.230769230769231, positive=true, type=AUTOMATIC, visibility=ALWAYS, testCase=TestCaseDTO[testName=testClass[BubbleSort], id=1537]], FeedbackDTO[id=1043, text=null, detailText=null, hasLongFeedbackText=false, reference=null, credits=3.230769230769231, positive=true, type=AUTOMATIC, visibility=ALWAYS, testCase=TestCaseDTO[testName=testMergeSort(), id=1542]], FeedbackDTO[id=1044, text=null, detailText=null, hasLongFeedbackText=false, reference=null, credits=3.230769230769231, positive=true, type=AUTOMATIC, visibility=ALWAYS, testCase=TestCaseDTO[testName=testUseBubbleSortForSmallList(), id=1543]], FeedbackDTO[id=1045, text=null, detailText=null, hasLongFeedbackText=false, reference=null, credits=3.230769230769231, positive=true, type=AUTOMATIC, visibility=ALWAYS, testCase=TestCaseDTO[testName=testBubbleSort(), id=1545]], FeedbackDTO[id=1046, text=null, detailText=null, hasLongFeedbackText=false, reference=null, credits=3.230769230769231, positive=true, type=AUTOMATIC, visibility=ALWAYS, testCase=TestCaseDTO[testName=testUseMergeSortForBigList(), id=1544]], FeedbackDTO[id=1047, text=null, detailText=null, hasLongFeedbackText=false, reference=null, credits=3.230769230769231, positive=true, type=AUTOMATIC, visibility=ALWAYS, testCase=TestCaseDTO[testName=testConstructors[Policy], id=1538]], FeedbackDTO[id=1048, text=null, detailText=null, hasLongFeedbackText=false, reference=null, credits=3.230769230769231, positive=true, type=AUTOMATIC, visibility=ALWAYS, testCase=TestCaseDTO[testName=testAttributes[Context], id=1534]], FeedbackDTO[id=1049, text=null, detailText=null, hasLongFeedbackText=false, reference=null, credits=3.230769230769231, positive=true, type=AUTOMATIC, visibility=ALWAYS, testCase=TestCaseDTO[testName=testAttributes[Policy], id=1535]]], assessmentType=AUTOMATIC, hasComplaint=null, exampleResult=null, testCaseCount=13, passedTestCaseCount=13, codeIssueCount=0]], BuildJobQueueItem[id=20471739576759335, name=SHORT07624A260BD060493708A050BB6FAE261DD5TSTEXC-LOCALVCCIINTSTUDENT1, buildAgent=BuildAgentDTO[name=artemis-build-agent-test, memberAddress=[127.0.0.1]:5703, displayName=artemis-build-agent-test], participationId=2047, courseId=999, exerciseId=2616, retryCount=0, priority=2, status=SUCCESSFUL, repositoryInfo=RepositoryInfo[repositoryName=short07624a260bd060493708a050bb6fae261dd5tstexc-localvcciintstudent1, repositoryType=user, triggeredByPushTo=user, assignmentRepositoryUri=http://localhost:49152/git/SHORT07624A260BD060493708A050BB6FAE261DD5TSTEXC/short07624a260bd060493708a050bb6fae261dd5tstexc-localvcciintstudent1.git, testRepositoryUri=http://localhost:49152/git/SHORT07624A260BD060493708A050BB6FAE261DD5TSTEXC/short07624a260bd060493708a050bb6fae261dd5tstexc-tests.git, solutionRepositoryUri=null, auxiliaryRepositoryUris=[Ljava.lang.String;@133bf69b, auxiliaryRepositoryCheckoutDirectories=[Ljava.lang.String;@54a96395], jobTimingInfo=JobTimingInfo[submissionDate=2025-02-14T23:45:59.335772293Z[Etc/UTC], buildStartDate=2025-02-14T23:45:59.344175895Z[Etc/UTC], buildCompletionDate=2025-02-14T23:46:00.603413500Z[Etc/UTC], estimatedCompletionDate=2025-02-14T23:46:18.344169813Z[Etc/UTC], estimatedDuration=19], buildConfig=BuildConfig[buildScript=#!/bin/bash
cd /var/tmp/testing-dir
chmod +x ./gradlew
./gradlew clean test
, dockerImage=dummy-docker-image:latest, commitHashToBuild=18a07c7296dd70e3280c5bdcec7fccd0be6b8148, assignmentCommitHash=18a07c7296dd70e3280c5bdcec7fccd0be6b8148, testCommitHash=d654a233667bae063bb900e455fd2da456e10333, branch=main, programmingLanguage=JAVA, projectType=PLAIN_GRADLE, scaEnabled=false, sequentialTestRunsEnabled=false, resultPaths=[/var/tmp/testing-dir/**/test-results/test/*.xml], timeoutSeconds=0, assignmentCheckoutPath=null, testCheckoutPath=null, solutionCheckoutPath=null, dockerRunConfig=null], submissionResult=ResultDTO[id=642, completionDate=2025-02-14T23:46:00.583368808Z[Etc/UTC], successful=false, score=7.7, rated=true, submission=SubmissionDTO[id=836, submitted=true, type=MANUAL, exampleSubmission=null, submissionDate=2025-02-14T23:45:59.324416Z, commitHash=18a07c7296dd70e3280c5bdcec7fccd0be6b8148, buildFailed=false, buildArtifact=false, participation=ParticipationDTO[id=2047, testRun=false, type=programming, submissionCount=null, exercise=ParticipationExerciseDTO[id=2616, exerciseType=PROGRAMMING, type=programming, assessmentType=AUTOMATIC, dueDate=2025-02-16T23:45:58.958237Z, assessmentDueDate=null, maxPoints=42.0, course=CourseDTO[id=999, accuracyOfScores=1]]], submissionExerciseType=programming, isProcessing=false, buildStartDate=null, estimatedCompletionDate=null], participation=ParticipationDTO[id=2047, testRun=false, type=programming, submissionCount=null, exercise=ParticipationExerciseDTO[id=2616, exerciseType=PROGRAMMING, type=programming, assessmentType=AUTOMATIC, dueDate=2025-02-16T23:45:58.958237Z, assessmentDueDate=null, maxPoints=42.0, course=CourseDTO[id=999, accuracyOfScores=1]]], feedbacks=[FeedbackDTO[id=1050, text=null, detailText=The exercise expects a class with the name Context in the package testpackage. You did not implement the class in the exercise., hasLongFeedbackText=false, reference=null, credits=0.0, positive=false, type=AUTOMATIC, visibility=ALWAYS, testCase=TestCaseDTO[testName=null, id=1552]], FeedbackDTO[id=1051, text=null, detailText=The exercise expects a class with the name Policy in the package testpackage. You did not implement the class in the exercise., hasLongFeedbackText=false, reference=null, credits=0.0, positive=false, type=AUTOMATIC, visibility=ALWAYS, testCase=TestCaseDTO[testName=null, id=1553]], FeedbackDTO[id=1052, text=null, detailText=The exercise expects a class with the name SortStrategy in the package testpackage. You did not implement the class in the exercise., hasLongFeedbackText=false, reference=null, credits=0.0, positive=false, type=AUTOMATIC, visibility=ALWAYS, testCase=TestCaseDTO[testName=null, id=1554]], FeedbackDTO[id=1053, text=null, detailText=The class 'MergeSort' does not implement the interface 'SortStrategy' as expected. Implement the interface and its methods., hasLongFeedbackText=false, reference=null, credits=0.0, positive=false, type=AUTOMATIC, visibility=ALWAYS, testCase=TestCaseDTO[testName=null, id=1549]], FeedbackDTO[id=1054, text=null, detailText=The exercise expects a class with the name SortStrategy in the package testpackage. You did not implement the class in the exercise., hasLongFeedbackText=false, reference=null, credits=0.0, positive=false, type=AUTOMATIC, visibility=ALWAYS, testCase=TestCaseDTO[testName=null, id=1546]], FeedbackDTO[id=1055, text=null, detailText=The class 'BubbleSort' does not implement the interface 'SortStrategy' as expected. Implement the interface and its methods., hasLongFeedbackText=false, reference=null, credits=0.0, positive=false, type=AUTOMATIC, visibility=ALWAYS, testCase=TestCaseDTO[testName=null, id=1550]], FeedbackDTO[id=1056, text=null, detailText=MergeSort does not sort correctly, hasLongFeedbackText=false, reference=null, credits=0.0, positive=false, type=AUTOMATIC, visibility=ALWAYS, testCase=TestCaseDTO[testName=null, id=1555]], FeedbackDTO[id=1057, text=null, detailText=The class 'Context' was not found within the submission. Make sure to implement it properly., hasLongFeedbackText=false, reference=null, credits=0.0, positive=false, type=AUTOMATIC, visibility=ALWAYS, testCase=TestCaseDTO[testName=null, id=1556]], FeedbackDTO[id=1058, text=null, detailText=The class 'Context' was not found within the submission. Make sure to implement it properly., hasLongFeedbackText=false, reference=null, credits=0.0, positive=false, type=AUTOMATIC, visibility=ALWAYS, testCase=TestCaseDTO[testName=null, id=1557]], FeedbackDTO[id=1059, text=null, detailText=The exercise expects a class with the name Policy in the package testpackage. You did not implement the class in the exercise., hasLongFeedbackText=false, reference=null, credits=0.0, positive=false, type=AUTOMATIC, visibility=ALWAYS, testCase=TestCaseDTO[testName=null, id=1551]], FeedbackDTO[id=1060, text=null, detailText=The exercise expects a class with the name Context in the package testpackage. You did not implement the class in the exercise., hasLongFeedbackText=false, reference=null, credits=0.0, positive=false, type=AUTOMATIC, visibility=ALWAYS, testCase=TestCaseDTO[testName=null, id=1547]], FeedbackDTO[id=1061, text=null, detailText=The exercise expects a class with the name Policy in the package testpackage. You did not implement the class in the exercise., hasLongFeedbackText=false, reference=null, credits=0.0, positive=false, type=AUTOMATIC, visibility=ALWAYS, testCase=TestCaseDTO[testName=null, id=1548]], FeedbackDTO[id=1062, text=null, detailText=null, hasLongFeedbackText=false, reference=null, credits=3.230769230769231, positive=true, type=AUTOMATIC, visibility=ALWAYS, testCase=TestCaseDTO[testName=null, id=1558]]], assessmentType=AUTOMATIC, hasComplaint=null, exampleResult=null, testCaseCount=13, passedTestCaseCount=1, codeIssueCount=0]], BuildJobQueueItem[id=20631739576764096, name=SHORT4DC244B40E51904DBF09D1D07EFB51569A98T9E7-BASE, buildAgent=BuildAgentDTO[name=artemis-build-agent-test, memberAddress=[127.0.0.1]:5703, displayName=artemis-build-agent-test], participationId=2063, courseId=1004, exerciseId=2622, retryCount=0, priority=2, status=SUCCESSFUL, repositoryInfo=RepositoryInfo[repositoryName=short4dc244b40e51904dbf09d1d07efb51569a98t9e7-exercise, repositoryType=exercise, triggeredByPushTo=exercise, assignmentRepositoryUri=http://localhost:49152/git/SHORT4DC244B40E51904DBF09D1D07EFB51569A98T9E7/short4dc244b40e51904dbf09d1d07efb51569a98t9e7-exercise.git, testRepositoryUri=http://localhost:49152/git/SHORT4DC244B40E51904DBF09D1D07EFB51569A98T9E7/short4dc244b40e51904dbf09d1d07efb51569a98t9e7-tests.git, solutionRepositoryUri=null, auxiliaryRepositoryUris=[Ljava.lang.String;@ef13c3b, auxiliaryRepositoryCheckoutDirectories=[Ljava.lang.String;@13d81252], jobTimingInfo=JobTimingInfo[submissionDate=2025-02-14T23:46:04.096728486Z[Etc/UTC], buildStartDate=2025-02-14T23:46:04.102262636Z[Etc/UTC], buildCompletionDate=2025-02-14T23:46:05.226227728Z[Etc/UTC], estimatedCompletionDate=2025-02-14T23:46:23.102258508Z[Etc/UTC], estimatedDuration=19], buildConfig=BuildConfig[buildScript=#!/bin/bash
cd /var/tmp/testing-dir
Some script, dockerImage=dummy-docker-image, commitHashToBuild=null, assignmentCommitHash=c012d390834ea02544e9b3baca8f528ff58cb582, testCommitHash=106892b5032dbcc929f32d283777eb646a0a7ab0, branch=main, programmingLanguage=JAVA, projectType=PLAIN_GRADLE, scaEnabled=false, sequentialTestRunsEnabled=false, resultPaths=[/var/tmp/testing-dir/**/test-results/test/*.xml], timeoutSeconds=0, assignmentCheckoutPath=null, testCheckoutPath=null, solutionCheckoutPath=null, dockerRunConfig=null], submissionResult=ResultDTO[id=643, completionDate=2025-02-14T23:46:05.207991505Z[Etc/UTC], successful=false, score=0.0, rated=true, submission=SubmissionDTO[id=838, submitted=false, type=INSTRUCTOR, exampleSubmission=null, submissionDate=2025-02-14T23:46:04.057795Z, commitHash=c012d390834ea02544e9b3baca8f528ff58cb582, buildFailed=false, buildArtifact=false, participation=ParticipationDTO[id=2063, testRun=false, type=template, submissionCount=null, exercise=ParticipationExerciseDTO[id=2622, exerciseType=PROGRAMMING, type=programming, assessmentType=SEMI_AUTOMATIC, dueDate=2025-02-21T23:46:03.542650Z, assessmentDueDate=null, maxPoints=5.0, course=CourseDTO[id=1004, accuracyOfScores=1]]], submissionExerciseType=programming, isProcessing=false, buildStartDate=null, estimatedCompletionDate=null], participation=ParticipationDTO[id=2063, testRun=false, type=template, submissionCount=null, exercise=ParticipationExerciseDTO[id=2622, exerciseType=PROGRAMMING, type=programming, assessmentType=SEMI_AUTOMATIC, dueDate=2025-02-21T23:46:03.542650Z, assessmentDueDate=null, maxPoints=5.0, course=CourseDTO[id=1004, accuracyOfScores=1]]], feedbacks=[FeedbackDTO[id=1063, text=testMethods[Context], detailText=The exercise expects a class with the name Context in the package testpackage. You did not implement the class in the exercise., hasLongFeedbackText=false, reference=null, credits=null, positive=false, type=AUTOMATIC, visibility=null, testCase=null], FeedbackDTO[id=1064, text=testMethods[Policy], detailText=The exercise expects a class with the name Policy in the package testpackage. You did not implement the class in the exercise., hasLongFeedbackText=false, reference=null, credits=null, positive=false, type=AUTOMATIC, visibility=null, testCase=null], FeedbackDTO[id=1065, text=testMethods[SortStrategy], detailText=The exercise expects a class with the name SortStrategy in the package testpackage. You did not implement the class in the exercise., hasLongFeedbackText=false, reference=null, credits=null, positive=false, type=AUTOMATIC, visibility=null, testCase=null], FeedbackDTO[id=1066, text=testClass[MergeSort], detailText=The class 'MergeSort' does not implement the interface 'SortStrategy' as expected. Implement the interface and its methods., hasLongFeedbackText=false, reference=null, credits=null, positive=false, type=AUTOMATIC, visibility=null, testCase=null], FeedbackDTO[id=1067, text=testClass[SortStrategy], detailText=The exercise expects a class with the name SortStrategy in the package testpackage. You did not implement the class in the exercise., hasLongFeedbackText=false, reference=null, credits=null, positive=false, type=AUTOMATIC, visibility=null, testCase=null], FeedbackDTO[id=1068, text=testClass[BubbleSort], detailText=The class 'BubbleSort' does not implement the interface 'SortStrategy' as expected. Implement the interface and its methods., hasLongFeedbackText=false, reference=null, credits=null, positive=false, type=AUTOMATIC, visibility=null, testCase=null], FeedbackDTO[id=1069, text=testMergeSort(), detailText=MergeSort does not sort correctly, hasLongFeedbackText=false, reference=null, credits=null, positive=false, type=AUTOMATIC, visibility=null, testCase=null], FeedbackDTO[id=1070, text=testUseBubbleSortForSmallList(), detailText=The class 'Context' was not found within the submission. Make sure to implement it properly., hasLongFeedbackText=false, reference=null, credits=null, positive=false, type=AUTOMATIC, visibility=null, testCase=null], FeedbackDTO[id=1071, text=testBubbleSort(), detailText=BubbleSort does not sort correctly, hasLongFeedbackText=false, reference=null, credits=null, positive=false, type=AUTOMATIC, visibility=null, testCase=null], FeedbackDTO[id=1072, text=testUseMergeSortForBigList(), detailText=The class 'Context' was not found within the submission. Make sure to implement it properly., hasLongFeedbackText=false, reference=null, credits=null, positive=false, type=AUTOMATIC, visibility=null, testCase=null], FeedbackDTO[id=1073, text=testConstructors[Policy], detailText=The exercise expects a class with the name Policy in the package testpackage. You did not implement the class in the exercise., hasLongFeedbackText=false, reference=null, credits=null, positive=false, type=AUTOMATIC, visibility=null, testCase=null], FeedbackDTO[id=1074, text=testAttributes[Context], detailText=The exercise expects a class with the name Context in the package testpackage. You did not implement the class in the exercise., hasLongFeedbackText=false, reference=null, credits=null, positive=false, type=AUTOMATIC, visibility=null, testCase=null], FeedbackDTO[id=1075, text=testAttributes[Policy], detailText=The exercise expects a class with the name Policy in the package testpackage. You did not implement the class in the exercise., hasLongFeedbackText=false, reference=null, credits=null, positive=false, type=AUTOMATIC, visibility=null, testCase=null]], assessmentType=AUTOMATIC, hasComplaint=null, exampleResult=null, testCaseCount=13, passedTestCaseCount=0, codeIssueCount=0]], BuildJobQueueItem[id=20641739576764112, name=SHORT4DC244B40E51904DBF09D1D07EFB51569A98T9E7-SOLUTION, buildAgent=BuildAgentDTO[name=artemis-build-agent-test, memberAddress=[127.0.0.1]:5703, displayName=artemis-build-agent-test], participationId=2064, courseId=1004, exerciseId=2622, retryCount=0, priority=2, status=SUCCESSFUL, repositoryInfo=RepositoryInfo[repositoryName=short4dc244b40e51904dbf09d1d07efb51569a98t9e7-solution, repositoryType=solution, triggeredByPushTo=solution, assignmentRepositoryUri=http://localhost:49152/git/SHORT4DC244B40E51904DBF09D1D07EFB51569A98T9E7/short4dc244b40e51904dbf09d1d07efb51569a98t9e7-solution.git, testRepositoryUri=http://localhost:49152/git/SHORT4DC244B40E51904DBF09D1D07EFB51569A98T9E7/short4dc244b40e51904dbf09d1d07efb51569a98t9e7-tests.git, solutionRepositoryUri=null, auxiliaryRepositoryUris=[Ljava.lang.String;@5f9ba19c, auxiliaryRepositoryCheckoutDirectories=[Ljava.lang.String;@4031d431], jobTimingInfo=JobTimingInfo[submissionDate=2025-02-14T23:46:04.112126913Z[Etc/UTC], buildStartDate=2025-02-14T23:46:05.232264507Z[Etc/UTC], buildCompletionDate=2025-02-14T23:46:06.182915498Z[Etc/UTC], estimatedCompletionDate=2025-02-14T23:46:24.232260149Z[Etc/UTC], estimatedDuration=19], buildConfig=BuildConfig[buildScript=#!/bin/bash
cd /var/tmp/testing-dir
Some script, dockerImage=dummy-docker-image, commitHashToBuild=null, assignmentCommitHash=221330b9b164316cadedcd1505ff3260d90e6691, testCommitHash=106892b5032dbcc929f32d283777eb646a0a7ab0, branch=main, programmingLanguage=JAVA, projectType=PLAIN_GRADLE, scaEnabled=false, sequentialTestRunsEnabled=false, resultPaths=[/var/tmp/testing-dir/**/test-results/test/*.xml], timeoutSeconds=0, assignmentCheckoutPath=null, testCheckoutPath=null, solutionCheckoutPath=null, dockerRunConfig=null], submissionResult=ResultDTO[id=644, completionDate=2025-02-14T23:46:06.169385846Z[Etc/UTC], successful=true, score=100.0, rated=true, submission=SubmissionDTO[id=837, submitted=false, type=INSTRUCTOR, exampleSubmission=null, submissionDate=2025-02-14T23:46:04.038689Z, commitHash=221330b9b164316cadedcd1505ff3260d90e6691, buildFailed=false, buildArtifact=false, participation=ParticipationDTO[id=2064, testRun=false, type=solution, submissionCount=null, exercise=ParticipationExerciseDTO[id=2622, exerciseType=PROGRAMMING, type=programming, assessmentType=SEMI_AUTOMATIC, dueDate=2025-02-21T23:46:03.542650Z, assessmentDueDate=null, maxPoints=5.0, course=CourseDTO[id=1004, accuracyOfScores=1]]], submissionExerciseType=programming, isProcessing=false, buildStartDate=null, estimatedCompletionDate=null], participation=ParticipationDTO[id=2064, testRun=false, type=solution, submissionCount=null, exercise=ParticipationExerciseDTO[id=2622, exerciseType=PROGRAMMING, type=programming, assessmentType=SEMI_AUTOMATIC, dueDate=2025-02-21T23:46:03.542650Z, assessmentDueDate=null, maxPoints=5.0, course=CourseDTO[id=1004, accuracyOfScores=1]]], feedbacks=[FeedbackDTO[id=1076, text=null, detailText=null, hasLongFeedbackText=false, reference=null, credits=0.38461538461538464, positive=true, type=AUTOMATIC, visibility=ALWAYS, testCase=TestCaseDTO[testName=testMethods[Context], id=1612]], FeedbackDTO[id=1077, text=null, detailText=null, hasLongFeedbackText=false, reference=null, credits=0.38461538461538464, positive=true, type=AUTOMATIC, visibility=ALWAYS, testCase=TestCaseDTO[testName=testMethods[Policy], id=1611]], FeedbackDTO[id=1078, text=null, detailText=null, hasLongFeedbackText=false, reference=null, credits=0.38461538461538464, positive=true, type=AUTOMATIC, visibility=ALWAYS, testCase=TestCaseDTO[testName=testMethods[SortStrategy], id=1613]], FeedbackDTO[id=1079, text=null, detailText=null, hasLongFeedbackText=false, reference=null, credits=0.38461538461538464, positive=true, type=AUTOMATIC, visibility=ALWAYS, testCase=TestCaseDTO[testName=testClass[MergeSort], id=1614]], FeedbackDTO[id=1080, text=null, detailText=null, hasLongFeedbackText=false, reference=null, credits=0.38461538461538464, positive=true, type=AUTOMATIC, visibility=ALWAYS, testCase=TestCaseDTO[testName=testClass[SortStrategy], id=1617]], FeedbackDTO[id=1081, text=null, detailText=null, hasLongFeedbackText=false, reference=null, credits=0.38461538461538464, positive=true, type=AUTOMATIC, visibility=ALWAYS, testCase=TestCaseDTO[testName=testClass[BubbleSort], id=1618]], FeedbackDTO[id=1082, text=null, detailText=null, hasLongFeedbackText=false, reference=null, credits=0.38461538461538464, positive=true, type=AUTOMATIC, visibility=ALWAYS, testCase=TestCaseDTO[testName=testMergeSort(), id=1620]], FeedbackDTO[id=1083, text=null, detailText=null, hasLongFeedbackText=false, reference=null, credits=0.38461538461538464, positive=true, type=AUTOMATIC, visibility=ALWAYS, testCase=TestCaseDTO[testName=testUseBubbleSortForSmallList(), id=1622]], FeedbackDTO[id=1084, text=null, detailText=null, hasLongFeedbackText=false, reference=null, credits=0.38461538461538464, positive=true, type=AUTOMATIC, visibility=ALWAYS, testCase=TestCaseDTO[testName=testBubbleSort(), id=1615]], FeedbackDTO[id=1085, text=null, detailText=null, hasLongFeedbackText=false, reference=null, credits=0.38461538461538464, positive=true, type=AUTOMATIC, visibility=ALWAYS, testCase=TestCaseDTO[testName=testUseMergeSortForBigList(), id=1619]], FeedbackDTO[id=1086, text=null, detailText=null, hasLongFeedbackText=false, reference=null, credits=0.38461538461538464, positive=true, type=AUTOMATIC, visibility=ALWAYS, testCase=TestCaseDTO[testName=testConstructors[Policy], id=1623]], FeedbackDTO[id=1087, text=null, detailText=null, hasLongFeedbackText=false, reference=null, credits=0.38461538461538464, positive=true, type=AUTOMATIC, visibility=ALWAYS, testCase=TestCaseDTO[testName=testAttributes[Context], id=1616]], FeedbackDTO[id=1088, text=null, detailText=null, hasLongFeedbackText=false, reference=null, credits=0.38461538461538464, positive=true, type=AUTOMATIC, visibility=ALWAYS, testCase=TestCaseDTO[testName=testAttributes[Policy], id=1621]]], assessmentType=AUTOMATIC, hasComplaint=null, exampleResult=null, testCaseCount=13, passedTestCaseCount=13, codeIssueCount=0]], BuildJobQueueItem[id=20711739576769873, name=SHORT119ADC0203685047B60A48204B1EA14EB29EIMPORTED-BASE, buildAgent=BuildAgentDTO[name=artemis-build-agent-test, memberAddress=[127.0.0.1]:5703, displayName=artemis-build-agent-test], participationId=2071, courseId=1007, exerciseId=2625, retryCount=0, priority=2, status=SUCCESSFUL, repositoryInfo=RepositoryInfo[repositoryName=short119adc0203685047b60a48204b1ea14eb29eimported-exercise, repositoryType=exercise, triggeredByPushTo=exercise, assignmentRepositoryUri=http://localhost:49152/git/SHORT119ADC0203685047B60A48204B1EA14EB29EIMPORTED/short119adc0203685047b60a48204b1ea14eb29eimported-exercise.git, testRepositoryUri=http://localhost:49152/git/SHORT119ADC0203685047B60A48204B1EA14EB29EIMPORTED/short119adc0203685047b60a48204b1ea14eb29eimported-tests.git, solutionRepositoryUri=null, auxiliaryRepositoryUris=[Ljava.lang.String;@472628e8, auxiliaryRepositoryCheckoutDirectories=[Ljava.lang.String;@143fe8dc], jobTimingInfo=JobTimingInfo[submissionDate=2025-02-14T23:46:09.873880717Z[Etc/UTC], buildStartDate=2025-02-14T23:46:09.877078790Z[Etc/UTC], buildCompletionDate=2025-02-14T23:46:11.190344481Z[Etc/UTC], estimatedCompletionDate=2025-02-14T23:46:28.877074652Z[Etc/UTC], estimatedDuration=19], buildConfig=BuildConfig[buildScript=#!/bin/bash
cd /var/tmp/testing-dir
chmod +x ./gradlew
./gradlew clean test
, dockerImage=dummy-docker-image, commitHashToBuild=null, assignmentCommitHash=fdf5d18917d97180fa8cd8dbe85fef02e40bdd6d, testCommitHash=fdf5d18917d97180fa8cd8dbe85fef02e40bdd6d, branch=main, programmingLanguage=JAVA, projectType=PLAIN_GRADLE, scaEnabled=false, sequentialTestRunsEnabled=false, resultPaths=[/var/tmp/testing-dir/**/test-results/test/*.xml], timeoutSeconds=0, assignmentCheckoutPath=null, testCheckoutPath=null, solutionCheckoutPath=null, dockerRunConfig=null], submissionResult=ResultDTO[id=645, completionDate=2025-02-14T23:46:11.157476754Z[Etc/UTC], successful=false, score=0.0, rated=true, submission=SubmissionDTO[id=839, submitted=true, type=MANUAL, exampleSubmission=null, submissionDate=2025-02-14T23:46:07.288584092Z[Etc/UTC], commitHash=fdf5d18917d97180fa8cd8dbe85fef02e40bdd6d, buildFailed=false, buildArtifact=false, participation=ParticipationDTO[id=2071, testRun=false, type=template, submissionCount=null, exercise=ParticipationExerciseDTO[id=2625, exerciseType=PROGRAMMING, type=programming, assessmentType=AUTOMATIC, dueDate=2025-02-16T23:46:09.110273Z, assessmentDueDate=null, maxPoints=42.0, course=CourseDTO[id=1007, accuracyOfScores=1]]], submissionExerciseType=programming, isProcessing=false, buildStartDate=null, estimatedCompletionDate=null], participation=ParticipationDTO[id=2071, testRun=false, type=template, submissionCount=null, exercise=ParticipationExerciseDTO[id=2625, exerciseType=PROGRAMMING, type=programming, assessmentType=AUTOMATIC, dueDate=2025-02-16T23:46:09.110273Z, assessmentDueDate=null, maxPoints=42.0, course=CourseDTO[id=1007, accuracyOfScores=1]]], feedbacks=[FeedbackDTO[id=1089, text=testMethods[Context], detailText=The exercise expects a class with the name Context in the package testpackage. You did not implement the class in the exercise., hasLongFeedbackText=false, reference=null, credits=null, positive=false, type=AUTOMATIC, visibility=null, testCase=null], FeedbackDTO[id=1090, text=testMethods[Policy], detailText=The exercise expects a class with the name Policy in the package testpackage. You did not implement the class in the exercise., hasLongFeedbackText=false, reference=null, credits=null, positive=false, type=AUTOMATIC, visibility=null, testCase=null], FeedbackDTO[id=1091, text=testMethods[SortStrategy], detailText=The exercise expects a class with the name SortStrategy in the package testpackage. You did not implement the class in the exercise., hasLongFeedbackText=false, reference=null, credits=null, positive=false, type=AUTOMATIC, visibility=null, testCase=null], FeedbackDTO[id=1092, text=testClass[MergeSort], detailText=The class 'MergeSort' does not implement the interface 'SortStrategy' as expected. Implement the interface and its methods., hasLongFeedbackText=false, reference=null, credits=null, positive=false, type=AUTOMATIC, visibility=null, testCase=null], FeedbackDTO[id=1093, text=testClass[SortStrategy], detailText=The exercise expects a class with the name SortStrategy in the package testpackage. You did not implement the class in the exercise., hasLongFeedbackText=false, reference=null, credits=null, positive=false, type=AUTOMATIC, visibility=null, testCase=null], FeedbackDTO[id=1094, text=testClass[BubbleSort], detailText=The class 'BubbleSort' does not implement the interface 'SortStrategy' as expected. Implement the interface and its methods., hasLongFeedbackText=false, reference=null, credits=null, positive=false, type=AUTOMATIC, visibility=null, testCase=null], FeedbackDTO[id=1095, text=testMergeSort(), detailText=MergeSort does not sort correctly, hasLongFeedbackText=false, reference=null, credits=null, positive=false, type=AUTOMATIC, visibility=null, testCase=null], FeedbackDTO[id=1096, text=testUseBubbleSortForSmallList(), detailText=The class 'Context' was not found within the submission. Make sure to implement it properly., hasLongFeedbackText=false, reference=null, credits=null, positive=false, type=AUTOMATIC, visibility=null, testCase=null], FeedbackDTO[id=1097, text=testBubbleSort(), detailText=BubbleSort does not sort correctly, hasLongFeedbackText=false, reference=null, credits=null, positive=false, type=AUTOMATIC, visibility=null, testCase=null], FeedbackDTO[id=1098, text=testUseMergeSortForBigList(), detailText=The class 'Context' was not found within the submission. Make sure to implement it properly., hasLongFeedbackText=false, reference=null, credits=null, positive=false, type=AUTOMATIC, visibility=null, testCase=null], FeedbackDTO[id=1099, text=testConstructors[Policy], detailText=The exercise expects a class with the name Policy in the package testpackage. You did not implement the class in the exercise., hasLongFeedbackText=false, reference=null, credits=null, positive=false, type=AUTOMATIC, visibility=null, testCase=null], FeedbackDTO[id=1100, text=testAttributes[Context], detailText=The exercise expects a class with the name Context in the package testpackage. You did not implement the class in the exercise., hasLongFeedbackText=false, reference=null, credits=null, positive=false, type=AUTOMATIC, visibility=null, testCase=null], FeedbackDTO[id=1101, text=testAttributes[Policy], detailText=The exercise expects a class with the name Policy in the package testpackage. You did not implement the class in the exercise., hasLongFeedbackText=false, reference=null, credits=null, positive=false, type=AUTOMATIC, visibility=null, testCase=null]], assessmentType=AUTOMATIC, hasComplaint=null, exampleResult=null, testCaseCount=13, passedTestCaseCount=0, codeIssueCount=0]], BuildJobQueueItem[id=20721739576769890, name=SHORT119ADC0203685047B60A48204B1EA14EB29EIMPORTED-SOLUTION, buildAgent=BuildAgentDTO[name=artemis-build-agent-test, memberAddress=[127.0.0.1]:5703, displayName=artemis-build-agent-test], participationId=2072, courseId=1007, exerciseId=2625, retryCount=0, priority=2, status=SUCCESSFUL, repositoryInfo=RepositoryInfo[repositoryName=short119adc0203685047b60a48204b1ea14eb29eimported-solution, repositoryType=solution, triggeredByPushTo=solution, assignmentRepositoryUri=http://localhost:49152/git/SHORT119ADC0203685047B60A48204B1EA14EB29EIMPORTED/short119adc0203685047b60a48204b1ea14eb29eimported-solution.git, testRepositoryUri=http://localhost:49152/git/SHORT119ADC0203685047B60A48204B1EA14EB29EIMPORTED/short119adc0203685047b60a48204b1ea14eb29eimported-tests.git, solutionRepositoryUri=null, auxiliaryRepositoryUris=[Ljava.lang.String;@162a3c86, auxiliaryRepositoryCheckoutDirectories=[Ljava.lang.String;@5874e22e], jobTimingInfo=JobTimingInfo[submissionDate=2025-02-14T23:46:09.890822804Z[Etc/UTC], buildStartDate=2025-02-14T23:46:11.208247329Z[Etc/UTC], buildCompletionDate=2025-02-14T23:46:12.589293923Z[Etc/UTC], estimatedCompletionDate=2025-02-14T23:46:30.208240637Z[Etc/UTC], estimatedDuration=19], buildConfig=BuildConfig[buildScript=#!/bin/bash
cd /var/tmp/testing-dir
chmod +x ./gradlew
./gradlew clean test
, dockerImage=dummy-docker-image, commitHashToBuild=null, assignmentCommitHash=fdf5d18917d97180fa8cd8dbe85fef02e40bdd6d, testCommitHash=fdf5d18917d97180fa8cd8dbe85fef02e40bdd6d, branch=main, programmingLanguage=JAVA, projectType=PLAIN_GRADLE, scaEnabled=false, sequentialTestRunsEnabled=false, resultPaths=[/var/tmp/testing-dir/**/test-results/test/*.xml], timeoutSeconds=0, assignmentCheckoutPath=null, testCheckoutPath=null, solutionCheckoutPath=null, dockerRunConfig=null], submissionResult=ResultDTO[id=646, completionDate=2025-02-14T23:46:12.549974956Z[Etc/UTC], successful=true, score=100.0, rated=true, submission=SubmissionDTO[id=840, submitted=true, type=MANUAL, exampleSubmission=null, submissionDate=2025-02-14T23:46:07.288584092Z[Etc/UTC], commitHash=fdf5d18917d97180fa8cd8dbe85fef02e40bdd6d, buildFailed=false, buildArtifact=false, participation=ParticipationDTO[id=2072, testRun=false, type=solution, submissionCount=null, exercise=ParticipationExerciseDTO[id=2625, exerciseType=PROGRAMMING, type=programming, assessmentType=AUTOMATIC, dueDate=2025-02-16T23:46:09.110273Z, assessmentDueDate=null, maxPoints=42.0, course=CourseDTO[id=1007, accuracyOfScores=1]]], submissionExerciseType=programming, isProcessing=false, buildStartDate=null, estimatedCompletionDate=null], participation=ParticipationDTO[id=2072, testRun=false, type=solution, submissionCount=null, exercise=ParticipationExerciseDTO[id=2625, exerciseType=PROGRAMMING, type=programming, assessmentType=AUTOMATIC, dueDate=2025-02-16T23:46:09.110273Z, assessmentDueDate=null, maxPoints=42.0, course=CourseDTO[id=1007, accuracyOfScores=1]]], feedbacks=[FeedbackDTO[id=1102, text=null, detailText=null, hasLongFeedbackText=false, reference=null, credits=3.230769230769231, positive=true, type=AUTOMATIC, visibility=ALWAYS, testCase=TestCaseDTO[testName=testMethods[Context], id=1624]], FeedbackDTO[id=1103, text=null, detailText=null, hasLongFeedbackText=false, reference=null, credits=3.230769230769231, positive=true, type=AUTOMATIC, visibility=ALWAYS, testCase=TestCaseDTO[testName=testMethods[Policy], id=1625]], FeedbackDTO[id=1104, text=null, detailText=null, hasLongFeedbackText=false, reference=null, credits=3.230769230769231, positive=true, type=AUTOMATIC, visibility=ALWAYS, testCase=TestCaseDTO[testName=testMethods[SortStrategy], id=1626]], FeedbackDTO[id=1105, text=null, detailText=null, hasLongFeedbackText=false, reference=null, credits=3.230769230769231, positive=true, type=AUTOMATIC, visibility=ALWAYS, testCase=TestCaseDTO[testName=testClass[MergeSort], id=1627]], FeedbackDTO[id=1106, text=null, detailText=null, hasLongFeedbackText=false, reference=null, credits=3.230769230769231, positive=true, type=AUTOMATIC, visibility=ALWAYS, testCase=TestCaseDTO[testName=testClass[SortStrategy], id=1628]], FeedbackDTO[id=1107, text=null, detailText=null, hasLongFeedbackText=false, reference=null, credits=3.230769230769231, positive=true, type=AUTOMATIC, visibility=ALWAYS, testCase=TestCaseDTO[testName=testClass[BubbleSort], id=1629]], FeedbackDTO[id=1108, text=null, detailText=null, hasLongFeedbackText=false, reference=null, credits=3.230769230769231, positive=true, type=AUTOMATIC, visibility=ALWAYS, testCase=TestCaseDTO[testName=testMergeSort(), id=1631]], FeedbackDTO[id=1109, text=null, detailText=null, hasLongFeedbackText=false, reference=null, credits=3.230769230769231, positive=true, type=AUTOMATIC, visibility=ALWAYS, testCase=TestCaseDTO[testName=testUseBubbleSortForSmallList(), id=1633]], FeedbackDTO[id=1110, text=null, detailText=null, hasLongFeedbackText=false, reference=null, credits=3.230769230769231, positive=true, type=AUTOMATIC, visibility=ALWAYS, testCase=TestCaseDTO[testName=testBubbleSort(), id=1634]], FeedbackDTO[id=1111, text=null, detailText=null, hasLongFeedbackText=false, reference=null, credits=3.230769230769231, positive=true, type=AUTOMATIC, visibility=ALWAYS, testCase=TestCaseDTO[testName=testUseMergeSortForBigList(), id=1630]], FeedbackDTO[id=1112, text=null, detailText=null, hasLongFeedbackText=false, reference=null, credits=3.230769230769231, positive=true, type=AUTOMATIC, visibility=ALWAYS, testCase=TestCaseDTO[testName=testConstructors[Policy], id=1635]], FeedbackDTO[id=1113, text=null, detailText=null, hasLongFeedbackText=false, reference=null, credits=3.230769230769231, positive=true, type=AUTOMATIC, visibility=ALWAYS, testCase=TestCaseDTO[testName=testAttributes[Context], id=1632]], FeedbackDTO[id=1114, text=null, detailText=null, hasLongFeedbackText=false, reference=null, credits=3.230769230769231, positive=true, type=AUTOMATIC, visibility=ALWAYS, testCase=TestCaseDTO[testName=testAttributes[Policy], id=1636]]], assessmentType=AUTOMATIC, hasComplaint=null, exampleResult=null, testCaseCount=13, passedTestCaseCount=13, codeIssueCount=0]]], publicSshKey=ssh-rsa AAAAB3NzaC1yc2EAAAADAQABAAACAQCOPdMsxRE2jFJ/UEa5/LsBxtwzJcrh3/rYBCQvcMeVpiRfhzQPWu7mrt/G2Ew+i+vRloGH9aqKg6dd1liRncao53Zmd/ePxoatXePNhmzTfkCkcSkTUz7B+QMjkoDDV5jwuFPD6mF3JkhuzSi64n9Zy905t4w2IhVcjM2mL3eYNjiCXt6Qpq3Pkt7dM/Ksw1nxnvuiIALuJLB3FTkXkHqq3PJav+9HSq2r6ZaWgekneaGxlQlb+U+Vy3XOuArKAzK8c8i+0bR+AHiTG6ncYXt7ax3U+TdlDTF7OLP3umwaYjs1NBXOHwG42pevvpKn2fqavZZozk+M05jXLx3bq0O7itxfErWc7etky8qYPyyIMF/txQIVLd78+Ze4d7Y60t5MGbXM5cGE6fFif5fEJwgswXD+BrG0cafz1CTatjSKFdvp8Vp4VszXhHDan1PrP6JEFJ5Cc5GDmLRZPCFa3vL9f5qXgf4bkqKN8MYeEujwJE5nMRWoiJVNakix2bcrrneQMBlnYeYZVWXXXUusAQBzl4NgddC1umZpihZkL1b1MffZAUW3EGEXi7KHnllQhkTLLsQ8ntMgbylqaJKStqaXlLvdeRJcEnUuiFCrHEVVbXRFZR7XVDZ02CE5o3MuaRPty8Kh+jRTF3COlAckHwYEJCNNJvXFgb2CNXL4mjzYDw== test@localhost]
    23:46:12.912 | 588 artemis-task-1   | DEBUG | d.t.c.a.a.c.c.w.GzipMessageConverter : Compressed message payload from 141866 to 12972 (saved 90.9% payload size)
    23:46:12.919 | 588 artemis-task-1   | DEBUG | d.t.c.a.a.c.c.w.GzipMessageConverter : Compressed message payload from 255 to 232 (saved 9.0% payload size)
    23:46:12.927 | 566 localvc.event-13 | DEBUG | a.p.s.l.SharedQueueManagementService : Build agent updated: null
    23:46:12.931 | 588 artemis-task-1   | DEBUG | d.t.c.a.a.c.c.w.GzipMessageConverter : Compressed message payload from 141866 to 12972 (saved 90.9% payload size)
    23:46:12.963 | 601 taskScheduler-2  | DEBUG | a.a.b.s.SharedQueueProcessingService : Currently processing jobs on this node: 0, active threads in Pool: 0, maximum pool size of thread executor : 1
    23:46:13.081 | 199 waitility-thread | DEBUG | .a.s.ParticipantScoreScheduleService : Processing of 2 results and 0 participant scores.
    23:46:13.094 |  27 nPool-1-worker-1 | INFO  | .c.a.a.p.i.LocalVCLocalCITestService : Expected commit hash: null
    23:46:13.094 |  27 nPool-1-worker-1 | INFO  | .c.a.a.p.i.LocalVCLocalCITestService : Submission with commit hash: fdf5d18917d97180fa8cd8dbe85fef02e40bdd6d
    23:46:13.107 | 262 waitility-thread | DEBUG | .a.s.ParticipantScoreScheduleService : Processing of 0 results and 0 participant scores.
    23:46:13.117 |  27 nPool-1-worker-1 | INFO  | .c.a.a.p.i.LocalVCLocalCITestService : Expected commit hash: null
    23:46:13.117 |  27 nPool-1-worker-1 | INFO  | .c.a.a.p.i.LocalVCLocalCITestService : Submission with commit hash: fdf5d18917d97180fa8cd8dbe85fef02e40bdd6d

  Starting logs for ProgrammingExerciseLocalVCLocalCIIntegrationTest > testCreateProgrammingExercise_Invalid_CheckoutPaths()
    23:46:13.193 |  27 nPool-1-worker-1 | DEBUG | d.t.c.a.a.c.u.util.UserUtilService   : Generate 1 students...
    23:46:13.199 |  27 nPool-1-worker-1 | DEBUG | d.t.c.a.a.c.u.util.UserUtilService   : 1 students generated. Generate 1 tutors...
    23:46:13.204 |  27 nPool-1-worker-1 | DEBUG | d.t.c.a.a.c.u.util.UserUtilService   : 1 tutors generated. Generate 1 editors...
    23:46:13.210 |  27 nPool-1-worker-1 | DEBUG | d.t.c.a.a.c.u.util.UserUtilService   : 1 editors generated. Generate 1 instructors...
    23:46:13.216 |  27 nPool-1-worker-1 | DEBUG | d.t.c.a.a.c.u.util.UserUtilService   : 1 instructors generated
    23:46:13.221 |  27 nPool-1-worker-1 | DEBUG | d.t.c.a.a.c.u.util.UserUtilService   : Removing 4 users from all courses...
    23:46:13.222 |  27 nPool-1-worker-1 | DEBUG | d.t.c.a.a.c.u.util.UserUtilService   : Removing 4 users from all courses. Done
    23:46:13.222 |  27 nPool-1-worker-1 | DEBUG | d.t.c.a.a.c.u.util.UserUtilService   : Save 4 users to database...
    23:46:13.228 |  27 nPool-1-worker-1 | DEBUG | d.t.c.a.a.c.u.util.UserUtilService   : Save 4 users to database. Done
    23:46:13.261 |  27 nPool-1-worker-1 | DEBUG | PersonalAccessTokenManagementService : Generate secure vcs access token
    23:46:13.409 |  27 nPool-1-worker-1 | INFO  | i.z.t.d.l.EmbeddedDatabaseReporter   : JDBC URL to connect to 'dataSource': url='jdbc:h2:tcp://localhost:41063/mem:f240edcd-27ce-47a3-b4ab-a6a00c154135;USER=sa', scope='ProgrammingExerciseLocalVCLocalCIIntegrationTest#testCreateProgrammingExercise_Invalid_CheckoutPaths'
    23:46:13.414 |  27 nPool-1-worker-1 | DEBUG | d.t.c.a.a.c.s.f.ApiVersionFilter     : Adding Version to Request POST /api/programming-exercises/setup
    23:46:13.420 |  27 nPool-1-worker-1 | DEBUG | .a.a.p.w.ProgrammingExerciseResource : REST request to setup ProgrammingExercise : ProgrammingExercise{id=null, templateRepositoryUri='null', solutionRepositoryUri='null', templateBuildPlanId='null', solutionBuildPlanId='null', allowOnlineEditor='null', allowOnlineIde='false', programmingLanguage='JAVA', packageName='de.test'', testCasesChanged='false'}
    23:46:13.422 |  27 nPool-1-worker-1 | ERROR | tech.jhipster.web.util.HeaderUtil    : Entity processing failed, The custom checkout paths are invalid
    23:46:13.422 |  27 nPool-1-worker-1 | WARN  | o.z.p.spring.common.AdviceTraits     : Bad Request: The custom checkout paths are invalid

  Starting logs for ProgrammingExerciseLocalVCLocalCIIntegrationTest > testUpdateProgrammingExercise_templateRepositoryUriIsInvalid()
    23:46:13.505 |  27 nPool-1-worker-1 | DEBUG | d.t.c.a.a.c.u.util.UserUtilService   : Generate 1 students...
    23:46:13.514 |  27 nPool-1-worker-1 | DEBUG | d.t.c.a.a.c.u.util.UserUtilService   : 1 students generated. Generate 1 tutors...
    23:46:13.522 |  27 nPool-1-worker-1 | DEBUG | d.t.c.a.a.c.u.util.UserUtilService   : 1 tutors generated. Generate 1 editors...
    23:46:13.525 |  27 nPool-1-worker-1 | DEBUG | d.t.c.a.a.c.u.util.UserUtilService   : 1 editors generated. Generate 1 instructors...
    23:46:13.537 |  27 nPool-1-worker-1 | DEBUG | d.t.c.a.a.c.u.util.UserUtilService   : 1 instructors generated
    23:46:13.543 |  27 nPool-1-worker-1 | DEBUG | d.t.c.a.a.c.u.util.UserUtilService   : Removing 4 users from all courses...
    23:46:13.544 |  27 nPool-1-worker-1 | DEBUG | d.t.c.a.a.c.u.util.UserUtilService   : Removing 4 users from all courses. Done
    23:46:13.544 |  27 nPool-1-worker-1 | DEBUG | d.t.c.a.a.c.u.util.UserUtilService   : Save 4 users to database...
    23:46:13.557 |  27 nPool-1-worker-1 | DEBUG | d.t.c.a.a.c.u.util.UserUtilService   : Save 4 users to database. Done
    23:46:13.615 |  27 nPool-1-worker-1 | DEBUG | PersonalAccessTokenManagementService : Generate secure vcs access token
    23:46:13.820 |  27 nPool-1-worker-1 | INFO  | i.z.t.d.l.EmbeddedDatabaseReporter   : JDBC URL to connect to 'dataSource': url='jdbc:h2:tcp://localhost:41063/mem:f240edcd-27ce-47a3-b4ab-a6a00c154135;USER=sa', scope='ProgrammingExerciseLocalVCLocalCIIntegrationTest#testUpdateProgrammingExercise_templateRepositoryUriIsInvalid'
    23:46:13.822 |  27 nPool-1-worker-1 | DEBUG | d.t.c.a.a.c.s.f.ApiVersionFilter     : Adding Version to Request PUT /api/programming-exercises
    23:46:13.825 |  27 nPool-1-worker-1 | DEBUG | .a.a.p.w.ProgrammingExerciseResource : REST request to update ProgrammingExercise : ProgrammingExercise{id=2627, templateRepositoryUri='http://localhost:9999/some/invalid/url.git', solutionRepositoryUri='http://localhost:49152/git/SHORT50CA8CE10635B04B080866700A3669E4A558TSTEXC/short50ca8ce10635b04b080866700a3669e4a558tstexc-solution.git', templateBuildPlanId='SHORT50CA8CE10635B04B080866700A3669E4A558TSTEXC-BASE', solutionBuildPlanId='SHORT50CA8CE10635B04B080866700A3669E4A558TSTEXC-SOLUTION', allowOnlineEditor='true', allowOnlineIde='false', programmingLanguage='JAVA', packageName='de.test'', testCasesChanged='false'}
    23:46:13.829 |  27 nPool-1-worker-1 | ERROR | tech.jhipster.web.util.HeaderUtil    : Entity processing failed, The Template Repository URI seems to be invalid.
    23:46:13.829 |  27 nPool-1-worker-1 | WARN  | o.z.p.spring.common.AdviceTraits     : Bad Request: The Template Repository URI seems to be invalid.
    23:46:13.833 |  27 nPool-1-worker-1 | DEBUG | d.t.c.a.a.c.s.f.ApiVersionFilter     : Adding Version to Request PUT /api/programming-exercises
    23:46:13.835 |  27 nPool-1-worker-1 | DEBUG | .a.a.p.w.ProgrammingExerciseResource : REST request to update ProgrammingExercise : ProgrammingExercise{id=2627, templateRepositoryUri='http://localhost:49152/invalidUrlMapping/SHORT50CA8CE10635B04B080866700A3669E4A558TSTEXC/short50ca8ce10635b04b080866700a3669e4a558tstexc-exercise.git', solutionRepositoryUri='http://localhost:49152/git/SHORT50CA8CE10635B04B080866700A3669E4A558TSTEXC/short50ca8ce10635b04b080866700a3669e4a558tstexc-solution.git', templateBuildPlanId='SHORT50CA8CE10635B04B080866700A3669E4A558TSTEXC-BASE', solutionBuildPlanId='SHORT50CA8CE10635B04B080866700A3669E4A558TSTEXC-SOLUTION', allowOnlineEditor='true', allowOnlineIde='false', programmingLanguage='JAVA', packageName='de.test'', testCasesChanged='false'}
    23:46:13.839 |  27 nPool-1-worker-1 | ERROR | tech.jhipster.web.util.HeaderUtil    : Entity processing failed, The Template Repository URI seems to be invalid.
    23:46:13.839 |  27 nPool-1-worker-1 | WARN  | o.z.p.spring.common.AdviceTraits     : Bad Request: The Template Repository URI seems to be invalid.

  Starting logs for ProgrammingExerciseLocalVCLocalCIIntegrationTest > testDeleteProgrammingExercise()
    23:46:13.914 |  27 nPool-1-worker-1 | DEBUG | d.t.c.a.a.c.u.util.UserUtilService   : Generate 1 students...
    23:46:13.921 |  27 nPool-1-worker-1 | DEBUG | d.t.c.a.a.c.u.util.UserUtilService   : 1 students generated. Generate 1 tutors...
    23:46:13.929 |  27 nPool-1-worker-1 | DEBUG | d.t.c.a.a.c.u.util.UserUtilService   : 1 tutors generated. Generate 1 editors...
    23:46:13.935 |  27 nPool-1-worker-1 | DEBUG | d.t.c.a.a.c.u.util.UserUtilService   : 1 editors generated. Generate 1 instructors...
    23:46:13.940 |  27 nPool-1-worker-1 | DEBUG | d.t.c.a.a.c.u.util.UserUtilService   : 1 instructors generated
    23:46:13.945 |  27 nPool-1-worker-1 | DEBUG | d.t.c.a.a.c.u.util.UserUtilService   : Removing 4 users from all courses...
    23:46:13.946 |  27 nPool-1-worker-1 | DEBUG | d.t.c.a.a.c.u.util.UserUtilService   : Removing 4 users from all courses. Done
    23:46:13.946 |  27 nPool-1-worker-1 | DEBUG | d.t.c.a.a.c.u.util.UserUtilService   : Save 4 users to database...
    23:46:13.959 |  27 nPool-1-worker-1 | DEBUG | d.t.c.a.a.c.u.util.UserUtilService   : Save 4 users to database. Done
    23:46:14.010 |  27 nPool-1-worker-1 | DEBUG | PersonalAccessTokenManagementService : Generate secure vcs access token
    23:46:14.199 |  27 nPool-1-worker-1 | INFO  | i.z.t.d.l.EmbeddedDatabaseReporter   : JDBC URL to connect to 'dataSource': url='jdbc:h2:tcp://localhost:41063/mem:f240edcd-27ce-47a3-b4ab-a6a00c154135;USER=sa', scope='ProgrammingExerciseLocalVCLocalCIIntegrationTest#testDeleteProgrammingExercise'
    23:46:14.210 |  27 nPool-1-worker-1 | DEBUG | d.t.c.a.a.c.s.f.ApiVersionFilter     : Adding Version to Request DELETE /api/programming-exercises/2628
    23:46:14.211 |  27 nPool-1-worker-1 | INFO  | .a.a.p.w.ProgrammingExerciseResource : REST request to delete ProgrammingExercise : 2628
    23:46:14.218 |  27 nPool-1-worker-1 | INFO  | d.t.c.a.a.e.service.ExerciseService  : User progexlocalvclocalciinstructor1 has requested to delete ProgrammingExercise Programming with id 2628
    23:46:14.219 |  27 nPool-1-worker-1 | INFO  | .t.c.a.a.e.s.ExerciseDeletionService : Request to delete ProgrammingExercise with id 2628
    23:46:14.219 |  27 nPool-1-worker-1 | INFO  | .t.c.a.a.e.s.ExerciseDeletionService : Deleting the channel took 346µs
    23:46:14.224 |  27 nPool-1-worker-1 | INFO  | d.t.c.a.a.e.s.ParticipationService   : Request to delete all 1 participations of exercise with id : 2628
    23:46:14.224 |  27 nPool-1-worker-1 | INFO  | d.t.c.a.a.e.s.ParticipationService   : Request to delete Participation : ProgrammingExerciseStudentParticipation{id=2081, repositoryUri='http://localhost:49152/git/SHORT58E3B33405BD90484B0B87507F8DA7A080AFTSTEXC/short58e3b33405bd90484b0b87507f8da7a080aftstexc-progexlocalvclocalcistudent1.git', buildPlanId='SHORT58E3B33405BD90484B0B87507F8DA7A080AFTSTEXC-PROGEXLOCALVCLOCALCISTUDENT1', initializationState='INITIALIZED', initializationDate='2025-02-14T23:46:14.006561Z', individualDueDate=null', presentationScore=null}
    23:46:14.235 |  27 nPool-1-worker-1 | DEBUG | d.t.c.a.a.e.s.ParticipationService   : Request to delete all results and submissions of participation with id : 2081
    23:46:14.246 |  27 nPool-1-worker-1 | INFO  | .c.s.m.InstanceMessageReceiveService : Received schedule cancel for programming exercise 2628
    23:46:14.246 |  27 nPool-1-worker-1 | INFO  | .c.s.m.InstanceMessageReceiveService : Received schedule cancel for potential Athena exercise 2628
    23:46:14.259 |  27 nPool-1-worker-1 | DEBUG | d.t.c.a.a.e.s.ParticipationService   : Request to delete all results and submissions of participation with id : 2079
    23:46:14.264 |  27 nPool-1-worker-1 | DEBUG | d.t.c.a.a.e.s.ParticipationService   : Request to delete all results and submissions of participation with id : 2080
    23:46:14.269 |  27 nPool-1-worker-1 | DEBUG | c.a.a.p.s.ProgrammingExerciseService : Delete programming exercises with student participations: []
    23:46:14.286 |  27 nPool-1-worker-1 | INFO  | .c.a.a.c.s.TitleCacheEvictionService : Evicted entry '2628' from title cache 'exerciseTitle'
    23:46:14.289 | 588 artemis-task-1   | DEBUG | .a.a.a.s.c.CompetencyProgressService : Updating competency progress for 0 users.
    23:46:14.558 | 570 vc.HealthMonitor | INFO  | c.h.i.diagnostics.HealthMonitor      : [127.0.0.1]:5703 [dev] [5.5.0] processors=4, physical.memory.total=15.6G, physical.memory.free=1.7G, swap.space.total=0, swap.space.free=0, heap.memory.used=3.0G, heap.memory.free=334.8M, heap.memory.total=3.4G, heap.memory.max=6.0G, heap.memory.used/total=90.25%, heap.memory.used/max=50.47%, minor.gc.count=189, minor.gc.time=9033ms, major.gc.count=0, major.gc.time=0ms, unknown.gc.count=82, unknown.gc.time=1642ms, load.process=0.00%, load.system=99.84%, load.systemAverage=6.48, thread.count=500, thread.peakCount=517, cluster.timeDiff=0, event.q.size=0, executor.q.async.size=0, executor.q.client.size=0, executor.q.client.query.size=0, executor.q.client.blocking.size=0, executor.q.query.size=0, executor.q.scheduled.size=0, executor.q.io.size=0, executor.q.system.size=0, executor.q.operations.size=0, executor.q.priorityOperation.size=0, operations.completed.count=22801, executor.q.mapLoad.size=0, executor.q.mapLoadAllKeys.size=0, executor.q.cluster.size=0, executor.q.response.size=0, operations.running.count=0, operations.pending.invocations.percentage=0.00%, operations.pending.invocations.count=0, proxy.count=216, clientEndpoint.count=0, connection.active.count=0, client.connection.count=0, connection.count=0
    23:46:15.124 |  27 nPool-1-worker-1 | INFO  | d.t.c.a.a.p.service.GitService       : GitService will use ssh keys as authentication method to interact with remote git repositories

Finished logs for ProgrammingExerciseLocalVCLocalCIIntegrationTest

Starting logs for TeamWebsocketServiceTest

  Starting logs for TeamWebsocketServiceTest > testSendTeamAssignmentUpdateOnTeamCreate()
    23:46:15.099 | 391 ool-1-worker-155 | DEBUG | d.t.c.a.a.c.u.util.UserUtilService   : Generate 3 students...
    23:46:15.101 | 391 ool-1-worker-155 | DEBUG | d.t.c.a.a.c.u.util.UserUtilService   : 3 students generated. Generate 1 tutors...
    23:46:15.103 | 391 ool-1-worker-155 | DEBUG | d.t.c.a.a.c.u.util.UserUtilService   : 1 tutors generated. Generate 0 editors...
    23:46:15.104 | 391 ool-1-worker-155 | DEBUG | d.t.c.a.a.c.u.util.UserUtilService   : 0 editors generated. Generate 1 instructors...
    23:46:15.106 | 391 ool-1-worker-155 | DEBUG | d.t.c.a.a.c.u.util.UserUtilService   : 1 instructors generated
    23:46:15.108 | 391 ool-1-worker-155 | DEBUG | d.t.c.a.a.c.u.util.UserUtilService   : Removing 6 users from all courses...
    23:46:15.109 | 391 ool-1-worker-155 | DEBUG | d.t.c.a.a.c.u.util.UserUtilService   : Removing 6 users from all courses. Done
    23:46:15.109 | 391 ool-1-worker-155 | DEBUG | d.t.c.a.a.c.u.util.UserUtilService   : Save 5 users to database...
    23:46:15.112 | 391 ool-1-worker-155 | DEBUG | d.t.c.a.a.c.u.util.UserUtilService   : Save 5 users to database. Done
    23:46:15.124 |  27 nPool-1-worker-1 | INFO  | d.t.c.a.a.p.service.GitService       : GitService will use ssh keys as authentication method to interact with remote git repositories

Finished logs for ProgrammingExerciseLocalVCLocalCIIntegrationTest
    23:46:15.140 | 391 ool-1-worker-155 | INFO  | i.z.t.d.l.EmbeddedDatabaseReporter   : JDBC URL to connect to 'dataSource': url='jdbc:h2:tcp://localhost:41063/mem:df70fc46-7e57-4cb5-9cd0-c1d90c14afa7;USER=sa', scope='TeamWebsocketServiceTest#testSendTeamAssignmentUpdateOnTeamCreate'
    23:46:15.146 | 391 ool-1-worker-155 | DEBUG | d.t.c.a.a.c.s.f.ApiVersionFilter     : Adding Version to Request POST /api/exercises/2294/teams
    23:46:15.149 | 391 ool-1-worker-155 | DEBUG | d.t.c.a.a.exercise.web.TeamResource  : REST request to save Team : Team{id=null, name='Team', shortName='team', image='null'}

  Starting logs for TeamWebsocketServiceTest > testSendTeamAssignmentUpdateOnTeamDelete()
    23:46:15.250 | 391 ool-1-worker-155 | DEBUG | d.t.c.a.a.c.u.util.UserUtilService   : Generate 3 students...
    23:46:15.265 | 391 ool-1-worker-155 | DEBUG | d.t.c.a.a.c.u.util.UserUtilService   : 3 students generated. Generate 1 tutors...
    23:46:15.275 | 391 ool-1-worker-155 | DEBUG | d.t.c.a.a.c.u.util.UserUtilService   : 1 tutors generated. Generate 0 editors...
    23:46:15.276 | 391 ool-1-worker-155 | DEBUG | d.t.c.a.a.c.u.util.UserUtilService   : 0 editors generated. Generate 1 instructors...
    23:46:15.552 | 391 ool-1-worker-155 | DEBUG | d.t.c.a.a.c.u.util.UserUtilService   : 1 instructors generated
    23:46:15.553 | 391 ool-1-worker-155 | DEBUG | d.t.c.a.a.c.u.util.UserUtilService   : Removing 5 users from all courses...
    23:46:15.554 | 391 ool-1-worker-155 | DEBUG | d.t.c.a.a.c.u.util.UserUtilService   : Removing 5 users from all courses. Done
    23:46:15.554 | 391 ool-1-worker-155 | DEBUG | d.t.c.a.a.c.u.util.UserUtilService   : Save 5 users to database...
    23:46:15.571 | 391 ool-1-worker-155 | DEBUG | d.t.c.a.a.c.u.util.UserUtilService   : Save 5 users to database. Done
    23:46:15.616 | 391 ool-1-worker-155 | INFO  | i.z.t.d.l.EmbeddedDatabaseReporter   : JDBC URL to connect to 'dataSource': url='jdbc:h2:tcp://localhost:41063/mem:df70fc46-7e57-4cb5-9cd0-c1d90c14afa7;USER=sa', scope='TeamWebsocketServiceTest#testSendTeamAssignmentUpdateOnTeamDelete'
    23:46:15.624 | 391 ool-1-worker-155 | DEBUG | d.t.c.a.a.c.s.f.ApiVersionFilter     : Adding Version to Request DELETE /api/exercises/2296/teams/26
    23:46:15.624 | 391 ool-1-worker-155 | INFO  | d.t.c.a.a.exercise.web.TeamResource  : REST request to delete Team with id 26 in exercise with id 2296
    23:46:15.633 | 391 ool-1-worker-155 | INFO  | d.t.c.a.a.e.s.ParticipationService   : Request to delete all participations of Team with id : 26

  Starting logs for TeamWebsocketServiceTest > testSendTeamAssignmentUpdateOnTeamImport()
    23:46:15.949 | 391 ool-1-worker-155 | DEBUG | d.t.c.a.a.c.u.util.UserUtilService   : Generate 3 students...
    23:46:15.960 | 391 ool-1-worker-155 | DEBUG | d.t.c.a.a.c.u.util.UserUtilService   : 3 students generated. Generate 1 tutors...
    23:46:15.965 | 391 ool-1-worker-155 | DEBUG | d.t.c.a.a.c.u.util.UserUtilService   : 1 tutors generated. Generate 0 editors...
    23:46:15.969 | 391 ool-1-worker-155 | DEBUG | d.t.c.a.a.c.u.util.UserUtilService   : 0 editors generated. Generate 1 instructors...
    23:46:15.975 | 391 ool-1-worker-155 | DEBUG | d.t.c.a.a.c.u.util.UserUtilService   : 1 instructors generated
    23:46:15.977 | 391 ool-1-worker-155 | DEBUG | d.t.c.a.a.c.u.util.UserUtilService   : Removing 5 users from all courses...
    23:46:15.981 | 391 ool-1-worker-155 | DEBUG | d.t.c.a.a.c.u.util.UserUtilService   : Removing 5 users from all courses. Done
    23:46:15.981 | 391 ool-1-worker-155 | DEBUG | d.t.c.a.a.c.u.util.UserUtilService   : Save 5 users to database...
    23:46:15.989 | 391 ool-1-worker-155 | DEBUG | d.t.c.a.a.c.u.util.UserUtilService   : Save 5 users to database. Done
    23:46:16.028 | 391 ool-1-worker-155 | INFO  | i.z.t.d.l.EmbeddedDatabaseReporter   : JDBC URL to connect to 'dataSource': url='jdbc:h2:tcp://localhost:41063/mem:df70fc46-7e57-4cb5-9cd0-c1d90c14afa7;USER=sa', scope='TeamWebsocketServiceTest#testSendTeamAssignmentUpdateOnTeamImport'
    23:46:16.092 | 391 ool-1-worker-155 | DEBUG | d.t.c.a.a.c.s.f.ApiVersionFilter     : Adding Version to Request PUT /api/exercises/2298/teams/import-from-exercise/2299
    23:46:16.093 | 391 ool-1-worker-155 | DEBUG | d.t.c.a.a.exercise.web.TeamResource  : REST request import all teams from source exercise with id 2299 into destination exercise with id 2298
    23:46:16.116 | 391 ool-1-worker-155 | INFO  | d.t.c.a.a.e.s.ParticipationService   : Request to delete all 0 participations of exercise with id : 2298

  Starting logs for TeamWebsocketServiceTest > testSendTeamAssignmentUpdateOnAddStudentToTeam()
    23:46:16.169 | 391 ool-1-worker-155 | DEBUG | d.t.c.a.a.c.u.util.UserUtilService   : Generate 3 students...
    23:46:16.179 | 391 ool-1-worker-155 | DEBUG | d.t.c.a.a.c.u.util.UserUtilService   : 3 students generated. Generate 1 tutors...
    23:46:16.181 | 391 ool-1-worker-155 | DEBUG | d.t.c.a.a.c.u.util.UserUtilService   : 1 tutors generated. Generate 0 editors...
    23:46:16.189 | 391 ool-1-worker-155 | DEBUG | d.t.c.a.a.c.u.util.UserUtilService   : 0 editors generated. Generate 1 instructors...
    23:46:16.194 | 391 ool-1-worker-155 | DEBUG | d.t.c.a.a.c.u.util.UserUtilService   : 1 instructors generated
    23:46:16.196 | 391 ool-1-worker-155 | DEBUG | d.t.c.a.a.c.u.util.UserUtilService   : Removing 10 users from all courses...
    23:46:16.200 | 391 ool-1-worker-155 | DEBUG | d.t.c.a.a.c.u.util.UserUtilService   : Removing 10 users from all courses. Done
    23:46:16.200 | 391 ool-1-worker-155 | DEBUG | d.t.c.a.a.c.u.util.UserUtilService   : Save 5 users to database...
    23:46:16.208 | 391 ool-1-worker-155 | DEBUG | d.t.c.a.a.c.u.util.UserUtilService   : Save 5 users to database. Done
    23:46:16.225 | 391 ool-1-worker-155 | INFO  | i.z.t.d.l.EmbeddedDatabaseReporter   : JDBC URL to connect to 'dataSource': url='jdbc:h2:tcp://localhost:41063/mem:df70fc46-7e57-4cb5-9cd0-c1d90c14afa7;USER=sa', scope='TeamWebsocketServiceTest#testSendTeamAssignmentUpdateOnAddStudentToTeam'
    23:46:16.228 | 391 ool-1-worker-155 | DEBUG | d.t.c.a.a.c.s.f.ApiVersionFilter     : Adding Version to Request PUT /api/exercises/2300/teams/31
    23:46:16.229 | 391 ool-1-worker-155 | DEBUG | d.t.c.a.a.exercise.web.TeamResource  : REST request to update Team : Team{id=31, name='Team', shortName='team', image='null'}

  Starting logs for TeamWebsocketServiceTest > testSendTeamAssignmentUpdateOnRemoveStudentFromTeam()
    23:46:16.253 | 391 ool-1-worker-155 | DEBUG | d.t.c.a.a.c.u.util.UserUtilService   : Generate 3 students...
    23:46:16.259 | 391 ool-1-worker-155 | DEBUG | d.t.c.a.a.c.u.util.UserUtilService   : 3 students generated. Generate 1 tutors...
    23:46:16.261 | 391 ool-1-worker-155 | DEBUG | d.t.c.a.a.c.u.util.UserUtilService   : 1 tutors generated. Generate 0 editors...
    23:46:16.262 | 391 ool-1-worker-155 | DEBUG | d.t.c.a.a.c.u.util.UserUtilService   : 0 editors generated. Generate 1 instructors...
    23:46:16.265 | 391 ool-1-worker-155 | DEBUG | d.t.c.a.a.c.u.util.UserUtilService   : 1 instructors generated
    23:46:16.267 | 391 ool-1-worker-155 | DEBUG | d.t.c.a.a.c.u.util.UserUtilService   : Removing 5 users from all courses...
    23:46:16.268 | 391 ool-1-worker-155 | DEBUG | d.t.c.a.a.c.u.util.UserUtilService   : Removing 5 users from all courses. Done
    23:46:16.268 | 391 ool-1-worker-155 | DEBUG | d.t.c.a.a.c.u.util.UserUtilService   : Save 5 users to database...
    23:46:16.273 | 391 ool-1-worker-155 | DEBUG | d.t.c.a.a.c.u.util.UserUtilService   : Save 5 users to database. Done
    23:46:16.296 | 391 ool-1-worker-155 | INFO  | i.z.t.d.l.EmbeddedDatabaseReporter   : JDBC URL to connect to 'dataSource': url='jdbc:h2:tcp://localhost:41063/mem:df70fc46-7e57-4cb5-9cd0-c1d90c14afa7;USER=sa', scope='TeamWebsocketServiceTest#testSendTeamAssignmentUpdateOnRemoveStudentFromTeam'
    23:46:16.299 | 391 ool-1-worker-155 | DEBUG | d.t.c.a.a.c.s.f.ApiVersionFilter     : Adding Version to Request PUT /api/exercises/2302/teams/32
    23:46:16.300 | 391 ool-1-worker-155 | DEBUG | d.t.c.a.a.exercise.web.TeamResource  : REST request to update Team : Team{id=32, name='Team', shortName='team', image='null'}

Finished logs for TeamWebsocketServiceTest
]]></system-out>
  <system-err><![CDATA[]]></system-err>
</testsuite>
