<?xml version="1.0" encoding="UTF-8"?>
<testsuite name="de.tum.cit.aet.artemis.atlas.competency.StandardizedCompetencyIntegrationTest$StandardizedCompetencyResource" tests="0" skipped="0" failures="0" errors="0" timestamp="1970-01-01T00:00:00" hostname="fv-az1721-502" time="0.0">
  <properties/>
  <system-out><![CDATA[
Starting logs for StandardizedCompetencyResource
    23:43:13.824 | 566 localvc.event-13 | DEBUG | a.a.b.s.SharedQueueProcessingService : CIBuildJobQueueItem added to queue: BuildJobQueueItem[id=4911739576593817, name=SHORT585B2198089880462509B3007867E72DFB7ATSTEXC-LOCALCIINTSTUDENT1, buildAgent=BuildAgentDTO[name=null, memberAddress=null, displayName=null], participationId=491, courseId=157, exerciseId=308, retryCount=0, priority=2, status=null, repositoryInfo=RepositoryInfo[repositoryName=short585b2198089880462509b3007867e72dfb7atstexc-localciintstudent1, repositoryType=user, triggeredByPushTo=user, assignmentRepositoryUri=http://localhost:49152/git/SHORT585B2198089880462509B3007867E72DFB7ATSTEXC/short585b2198089880462509b3007867e72dfb7atstexc-localciintstudent1.git, testRepositoryUri=http://localhost:49152/git/SHORT585B2198089880462509B3007867E72DFB7ATSTEXC/short585b2198089880462509b3007867e72dfb7atstexc-tests.git, solutionRepositoryUri=null, auxiliaryRepositoryUris=[Ljava.lang.String;@73281979, auxiliaryRepositoryCheckoutDirectories=[Ljava.lang.String;@363b866b], jobTimingInfo=JobTimingInfo[submissionDate=2025-02-14T23:43:13.817124706Z[Etc/UTC], buildStartDate=null, buildCompletionDate=null, estimatedCompletionDate=null, estimatedDuration=19], buildConfig=BuildConfig[buildScript=#!/bin/bash
cd /var/tmp/testing-dir
chmod +x ./gradlew
./gradlew clean test
, dockerImage=dummy-docker-image:latest, commitHashToBuild=42077d078a5d5042fe2d4bd8299a990d342fce6e, assignmentCommitHash=42077d078a5d5042fe2d4bd8299a990d342fce6e, testCommitHash=42077d078a5d5042fe2d4bd8299a990d342fce6e, branch=main, programmingLanguage=JAVA, projectType=PLAIN_GRADLE, scaEnabled=false, sequentialTestRunsEnabled=false, resultPaths=[/var/tmp/testing-dir/**/test-results/test/*.xml], timeoutSeconds=0, assignmentCheckoutPath=null, testCheckoutPath=null, solutionCheckoutPath=null, dockerRunConfig=null], submissionResult=null]
    23:43:13.831 | 566 localvc.event-13 | DEBUG | a.a.b.s.SharedQueueProcessingService : Current queued items: 1
    23:43:13.831 | 566 localvc.event-13 | DEBUG | a.a.b.s.SharedQueueProcessingService : Currently processing jobs on this node: 0, active threads in Pool: 0, maximum pool size of thread executor : 1
    23:43:13.832 | 566 localvc.event-13 | DEBUG | a.a.b.s.SharedQueueProcessingService : Currently processing jobs on this node: 0, active threads in Pool: 0, maximum pool size of thread executor : 1
    23:43:13.834 | 568 localvc.event-15 | DEBUG | a.p.s.l.LocalCIQueueWebsocketService : CIBuildJobQueueItem added to processing jobs: BuildJobQueueItem[id=4911739576593817, name=SHORT585B2198089880462509B3007867E72DFB7ATSTEXC-LOCALCIINTSTUDENT1, buildAgent=BuildAgentDTO[name=artemis-build-agent-test, memberAddress=[127.0.0.1]:5703, displayName=artemis-build-agent-test], participationId=491, courseId=157, exerciseId=308, retryCount=0, priority=2, status=null, repositoryInfo=RepositoryInfo[repositoryName=short585b2198089880462509b3007867e72dfb7atstexc-localciintstudent1, repositoryType=user, triggeredByPushTo=user, assignmentRepositoryUri=http://localhost:49152/git/SHORT585B2198089880462509B3007867E72DFB7ATSTEXC/short585b2198089880462509b3007867e72dfb7atstexc-localciintstudent1.git, testRepositoryUri=http://localhost:49152/git/SHORT585B2198089880462509B3007867E72DFB7ATSTEXC/short585b2198089880462509b3007867e72dfb7atstexc-tests.git, solutionRepositoryUri=null, auxiliaryRepositoryUris=[Ljava.lang.String;@74b78f23, auxiliaryRepositoryCheckoutDirectories=[Ljava.lang.String;@46216b22], jobTimingInfo=JobTimingInfo[submissionDate=2025-02-14T23:43:13.817124706Z[Etc/UTC], buildStartDate=2025-02-14T23:43:13.834335931Z[Etc/UTC], buildCompletionDate=null, estimatedCompletionDate=2025-02-14T23:43:32.834326082Z[Etc/UTC], estimatedDuration=19], buildConfig=BuildConfig[buildScript=#!/bin/bash
cd /var/tmp/testing-dir
chmod +x ./gradlew
./gradlew clean test
, dockerImage=dummy-docker-image:latest, commitHashToBuild=42077d078a5d5042fe2d4bd8299a990d342fce6e, assignmentCommitHash=42077d078a5d5042fe2d4bd8299a990d342fce6e, testCommitHash=42077d078a5d5042fe2d4bd8299a990d342fce6e, branch=main, programmingLanguage=JAVA, projectType=PLAIN_GRADLE, scaEnabled=false, sequentialTestRunsEnabled=false, resultPaths=[/var/tmp/testing-dir/**/test-results/test/*.xml], timeoutSeconds=0, assignmentCheckoutPath=null, testCheckoutPath=null, solutionCheckoutPath=null, dockerRunConfig=null], submissionResult=null]
    23:43:13.835 | 568 localvc.event-15 | DEBUG | s.l.LocalCIWebsocketMessagingService : Sending message on topic /topic/admin/running-jobs: [BuildJobQueueItem[id=4911739576593817, name=SHORT585B2198089880462509B3007867E72DFB7ATSTEXC-LOCALCIINTSTUDENT1, buildAgent=BuildAgentDTO[name=artemis-build-agent-test, memberAddress=[127.0.0.1]:5703, displayName=artemis-build-agent-test], participationId=491, courseId=157, exerciseId=308, retryCount=0, priority=2, status=null, repositoryInfo=RepositoryInfo[repositoryName=short585b2198089880462509b3007867e72dfb7atstexc-localciintstudent1, repositoryType=user, triggeredByPushTo=user, assignmentRepositoryUri=, testRepositoryUri=, solutionRepositoryUri=, auxiliaryRepositoryUris=null, auxiliaryRepositoryCheckoutDirectories=null], jobTimingInfo=JobTimingInfo[submissionDate=2025-02-14T23:43:13.817124706Z[Etc/UTC], buildStartDate=2025-02-14T23:43:13.834335931Z[Etc/UTC], buildCompletionDate=null, estimatedCompletionDate=2025-02-14T23:43:32.834326082Z[Etc/UTC], estimatedDuration=19], buildConfig=BuildConfig[buildScript=, dockerImage=, commitHashToBuild=42077d078a5d5042fe2d4bd8299a990d342fce6e, assignmentCommitHash=, testCommitHash=, branch=, programmingLanguage=null, projectType=null, scaEnabled=false, sequentialTestRunsEnabled=false, resultPaths=null, timeoutSeconds=0, assignmentCheckoutPath=, testCheckoutPath=, solutionCheckoutPath=, dockerRunConfig=null], submissionResult=null]]
    23:43:13.835 | 568 localvc.event-15 | DEBUG | s.l.LocalCIWebsocketMessagingService : Sending message on topic /topic/courses/157/running-jobs: [BuildJobQueueItem[id=4911739576593817, name=SHORT585B2198089880462509B3007867E72DFB7ATSTEXC-LOCALCIINTSTUDENT1, buildAgent=BuildAgentDTO[name=artemis-build-agent-test, memberAddress=[127.0.0.1]:5703, displayName=artemis-build-agent-test], participationId=491, courseId=157, exerciseId=308, retryCount=0, priority=2, status=null, repositoryInfo=RepositoryInfo[repositoryName=short585b2198089880462509b3007867e72dfb7atstexc-localciintstudent1, repositoryType=user, triggeredByPushTo=user, assignmentRepositoryUri=, testRepositoryUri=, solutionRepositoryUri=, auxiliaryRepositoryUris=null, auxiliaryRepositoryCheckoutDirectories=null], jobTimingInfo=JobTimingInfo[submissionDate=2025-02-14T23:43:13.817124706Z[Etc/UTC], buildStartDate=2025-02-14T23:43:13.834335931Z[Etc/UTC], buildCompletionDate=null, estimatedCompletionDate=2025-02-14T23:43:32.834326082Z[Etc/UTC], estimatedDuration=19], buildConfig=BuildConfig[buildScript=, dockerImage=, commitHashToBuild=42077d078a5d5042fe2d4bd8299a990d342fce6e, assignmentCommitHash=, testCommitHash=, branch=, programmingLanguage=null, projectType=null, scaEnabled=false, sequentialTestRunsEnabled=false, resultPaths=null, timeoutSeconds=0, assignmentCheckoutPath=, testCheckoutPath=, solutionCheckoutPath=, dockerRunConfig=null], submissionResult=null]]
    23:43:13.848 | 566 localvc.event-13 | INFO  | a.a.b.s.SharedQueueProcessingService : Processing build job: BuildJobQueueItem[id=4911739576593817, name=SHORT585B2198089880462509B3007867E72DFB7ATSTEXC-LOCALCIINTSTUDENT1, buildAgent=BuildAgentDTO[name=artemis-build-agent-test, memberAddress=[127.0.0.1]:5703, displayName=artemis-build-agent-test], participationId=491, courseId=157, exerciseId=308, retryCount=0, priority=2, status=null, repositoryInfo=RepositoryInfo[repositoryName=short585b2198089880462509b3007867e72dfb7atstexc-localciintstudent1, repositoryType=user, triggeredByPushTo=user, assignmentRepositoryUri=http://localhost:49152/git/SHORT585B2198089880462509B3007867E72DFB7ATSTEXC/short585b2198089880462509b3007867e72dfb7atstexc-localciintstudent1.git, testRepositoryUri=http://localhost:49152/git/SHORT585B2198089880462509B3007867E72DFB7ATSTEXC/short585b2198089880462509b3007867e72dfb7atstexc-tests.git, solutionRepositoryUri=null, auxiliaryRepositoryUris=[Ljava.lang.String;@6205841a, auxiliaryRepositoryCheckoutDirectories=[Ljava.lang.String;@4583aea], jobTimingInfo=JobTimingInfo[submissionDate=2025-02-14T23:43:13.817124706Z[Etc/UTC], buildStartDate=2025-02-14T23:43:13.834335931Z[Etc/UTC], buildCompletionDate=null, estimatedCompletionDate=2025-02-14T23:43:32.834326082Z[Etc/UTC], estimatedDuration=19], buildConfig=BuildConfig[buildScript=#!/bin/bash
cd /var/tmp/testing-dir
chmod +x ./gradlew
./gradlew clean test
, dockerImage=dummy-docker-image:latest, commitHashToBuild=42077d078a5d5042fe2d4bd8299a990d342fce6e, assignmentCommitHash=42077d078a5d5042fe2d4bd8299a990d342fce6e, testCommitHash=42077d078a5d5042fe2d4bd8299a990d342fce6e, branch=main, programmingLanguage=JAVA, projectType=PLAIN_GRADLE, scaEnabled=false, sequentialTestRunsEnabled=false, resultPaths=[/var/tmp/testing-dir/**/test-results/test/*.xml], timeoutSeconds=0, assignmentCheckoutPath=null, testCheckoutPath=null, solutionCheckoutPath=null, dockerRunConfig=null], submissionResult=null]

Finished logs for StandardizedCompetencyResource
]]></system-out>
  <system-err><![CDATA[]]></system-err>
</testsuite>
