<?xml version="1.0" encoding="UTF-8"?>
<testsuite name="de.tum.cit.aet.artemis.iris.PyrisEventSystemIntegrationTest" tests="10" skipped="0" failures="0" errors="0" timestamp="2025-02-14T23:43:51" hostname="fv-az1721-502" time="6.836">
  <properties/>
  <testcase name="testShouldNotFireBuildFailedEventWhenEventSettingDisabled()" classname="de.tum.cit.aet.artemis.iris.PyrisEventSystemIntegrationTest" time="0.206"/>
  <testcase name="testShouldNotFireProgressStalledEventForTeamSubmission()" classname="de.tum.cit.aet.artemis.iris.PyrisEventSystemIntegrationTest" time="0.263"/>
  <testcase name="testShouldNotFireProgressStalledEventWithIncreasingScores()" classname="de.tum.cit.aet.artemis.iris.PyrisEventSystemIntegrationTest" time="2.237"/>
  <testcase name="testShouldFireProgressStalledEvent()" classname="de.tum.cit.aet.artemis.iris.PyrisEventSystemIntegrationTest" time="0.338"/>
  <testcase name="testShouldShouldNotFireProgressStalledEventWithExistingSuccessfulSubmission()" classname="de.tum.cit.aet.artemis.iris.PyrisEventSystemIntegrationTest" time="0.329"/>
  <testcase name="testShouldFireBuildFailedEvent()" classname="de.tum.cit.aet.artemis.iris.PyrisEventSystemIntegrationTest" time="0.307"/>
  <testcase name="testShouldNotFireBuildFailedEventForTeamSubmission()" classname="de.tum.cit.aet.artemis.iris.PyrisEventSystemIntegrationTest" time="0.275"/>
  <testcase name="testShouldFireJolEvent()" classname="de.tum.cit.aet.artemis.iris.PyrisEventSystemIntegrationTest" time="0.475"/>
  <testcase name="testShouldNotFireProgressStalledEventWithLessThanThreeSubmissions()" classname="de.tum.cit.aet.artemis.iris.PyrisEventSystemIntegrationTest" time="2.184"/>
  <testcase name="testShouldNotFireProgressStalledEventWithEventDisabled()" classname="de.tum.cit.aet.artemis.iris.PyrisEventSystemIntegrationTest" time="0.2"/>
  <system-out><![CDATA[
Starting logs for PyrisEventSystemIntegrationTest

  Starting logs for PyrisEventSystemIntegrationTest > testShouldNotFireBuildFailedEventWhenEventSettingDisabled()
    23:43:51.985 | 406 ool-1-worker-170 | DEBUG | d.t.c.a.a.c.u.util.UserUtilService   : Generate 2 students...
    23:43:51.988 | 406 ool-1-worker-170 | DEBUG | d.t.c.a.a.c.u.util.UserUtilService   : 2 students generated. Generate 0 tutors...
    23:43:51.989 | 406 ool-1-worker-170 | DEBUG | d.t.c.a.a.c.u.util.UserUtilService   : 0 tutors generated. Generate 0 editors...
    23:43:51.990 | 406 ool-1-worker-170 | DEBUG | d.t.c.a.a.c.u.util.UserUtilService   : 0 editors generated. Generate 1 instructors...
    23:43:51.992 | 406 ool-1-worker-170 | DEBUG | d.t.c.a.a.c.u.util.UserUtilService   : 1 instructors generated
    23:43:51.993 | 406 ool-1-worker-170 | DEBUG | d.t.c.a.a.c.u.util.UserUtilService   : Removing 2 users from all courses...
    23:43:51.996 | 406 ool-1-worker-170 | DEBUG | d.t.c.a.a.c.u.util.UserUtilService   : Removing 2 users from all courses. Done
    23:43:51.996 | 406 ool-1-worker-170 | DEBUG | d.t.c.a.a.c.u.util.UserUtilService   : Save 3 users to database...
    23:43:51.998 | 406 ool-1-worker-170 | DEBUG | d.t.c.a.a.c.u.util.UserUtilService   : Save 3 users to database. Done
    23:43:52.022 | 406 ool-1-worker-170 | DEBUG | PersonalAccessTokenManagementService : Generate secure vcs access token
    23:43:52.154 | 406 ool-1-worker-170 | INFO  | i.z.t.d.l.EmbeddedDatabaseReporter   : JDBC URL to connect to 'dataSource': url='jdbc:h2:tcp://localhost:41063/mem:f240edcd-27ce-47a3-b4ab-a6a00c154135;USER=sa', scope='PyrisEventSystemIntegrationTest#testShouldNotFireBuildFailedEventWhenEventSettingDisabled'

  Starting logs for PyrisEventSystemIntegrationTest > testShouldNotFireProgressStalledEventForTeamSubmission()
    23:43:52.199 | 406 ool-1-worker-170 | DEBUG | d.t.c.a.a.c.u.util.UserUtilService   : Generate 2 students...
    23:43:52.209 | 406 ool-1-worker-170 | DEBUG | d.t.c.a.a.c.u.util.UserUtilService   : 2 students generated. Generate 0 tutors...
    23:43:52.210 | 406 ool-1-worker-170 | DEBUG | d.t.c.a.a.c.u.util.UserUtilService   : 0 tutors generated. Generate 0 editors...
    23:43:52.215 | 406 ool-1-worker-170 | DEBUG | d.t.c.a.a.c.u.util.UserUtilService   : 0 editors generated. Generate 1 instructors...
    23:43:52.217 | 406 ool-1-worker-170 | DEBUG | d.t.c.a.a.c.u.util.UserUtilService   : 1 instructors generated
    23:43:52.222 | 406 ool-1-worker-170 | DEBUG | d.t.c.a.a.c.u.util.UserUtilService   : Removing 3 users from all courses...
    23:43:52.222 | 406 ool-1-worker-170 | DEBUG | d.t.c.a.a.c.u.util.UserUtilService   : Removing 3 users from all courses. Done
    23:43:52.222 | 406 ool-1-worker-170 | DEBUG | d.t.c.a.a.c.u.util.UserUtilService   : Save 3 users to database...
    23:43:52.237 | 406 ool-1-worker-170 | DEBUG | d.t.c.a.a.c.u.util.UserUtilService   : Save 3 users to database. Done
    23:43:52.271 | 406 ool-1-worker-170 | DEBUG | PersonalAccessTokenManagementService : Generate secure vcs access token
    23:43:52.392 | 406 ool-1-worker-170 | INFO  | i.z.t.d.l.EmbeddedDatabaseReporter   : JDBC URL to connect to 'dataSource': url='jdbc:h2:tcp://localhost:41063/mem:f240edcd-27ce-47a3-b4ab-a6a00c154135;USER=sa', scope='PyrisEventSystemIntegrationTest#testShouldNotFireProgressStalledEventForTeamSubmission'
    23:43:52.441 | 406 ool-1-worker-170 | INFO  | i.s.s.IrisExerciseChatSessionService : Scores in the last 3 submissions did not improve for user Team 1

  Starting logs for PyrisEventSystemIntegrationTest > testShouldNotFireProgressStalledEventWithIncreasingScores()
    23:43:52.457 | 406 ool-1-worker-170 | DEBUG | d.t.c.a.a.c.u.util.UserUtilService   : Generate 2 students...
    23:43:52.462 | 406 ool-1-worker-170 | DEBUG | d.t.c.a.a.c.u.util.UserUtilService   : 2 students generated. Generate 0 tutors...
    23:43:52.463 | 406 ool-1-worker-170 | DEBUG | d.t.c.a.a.c.u.util.UserUtilService   : 0 tutors generated. Generate 0 editors...
    23:43:52.465 | 406 ool-1-worker-170 | DEBUG | d.t.c.a.a.c.u.util.UserUtilService   : 0 editors generated. Generate 1 instructors...
    23:43:52.467 | 406 ool-1-worker-170 | DEBUG | d.t.c.a.a.c.u.util.UserUtilService   : 1 instructors generated
    23:43:52.468 | 406 ool-1-worker-170 | DEBUG | d.t.c.a.a.c.u.util.UserUtilService   : Removing 5 users from all courses...
    23:43:52.469 | 406 ool-1-worker-170 | DEBUG | d.t.c.a.a.c.u.util.UserUtilService   : Removing 5 users from all courses. Done
    23:43:52.469 | 406 ool-1-worker-170 | DEBUG | d.t.c.a.a.c.u.util.UserUtilService   : Save 3 users to database...
    23:43:52.473 | 406 ool-1-worker-170 | DEBUG | d.t.c.a.a.c.u.util.UserUtilService   : Save 3 users to database. Done
    23:43:52.503 | 406 ool-1-worker-170 | DEBUG | PersonalAccessTokenManagementService : Generate secure vcs access token
    23:43:52.642 | 406 ool-1-worker-170 | INFO  | i.z.t.d.l.EmbeddedDatabaseReporter   : JDBC URL to connect to 'dataSource': url='jdbc:h2:tcp://localhost:41063/mem:f240edcd-27ce-47a3-b4ab-a6a00c154135;USER=sa', scope='PyrisEventSystemIntegrationTest#testShouldNotFireProgressStalledEventWithIncreasingScores'
    23:43:52.662 | 588 artemis-task-1   | DEBUG | d.t.c.a.a.i.s.p.PyrisEventService    : Starting to process event of type: NewResultEvent
    23:43:52.662 | 588 artemis-task-1   | DEBUG | d.t.c.a.a.i.s.p.PyrisEventService    : Processing NewResultEvent: de.tum.cit.aet.artemis.iris.service.pyris.event.NewResultEvent@44e49acd
    23:43:52.671 | 588 artemis-task-1   | DEBUG | d.t.c.a.a.i.s.p.PyrisEventService    : Successfully processed NewResultEvent
    23:43:54.547 | 570 vc.HealthMonitor | INFO  | c.h.i.diagnostics.HealthMonitor      : [127.0.0.1]:5703 [dev] [5.5.0] processors=4, physical.memory.total=15.6G, physical.memory.free=2.7G, swap.space.total=0, swap.space.free=0, heap.memory.used=1.8G, heap.memory.free=1.2G, heap.memory.total=3.0G, heap.memory.max=6.0G, heap.memory.used/total=60.35%, heap.memory.used/max=30.22%, minor.gc.count=135, minor.gc.time=6970ms, major.gc.count=0, major.gc.time=0ms, unknown.gc.count=60, unknown.gc.time=980ms, load.process=0.00%, load.system=95.37%, load.systemAverage=5.84, thread.count=485, thread.peakCount=500, cluster.timeDiff=0, event.q.size=0, executor.q.async.size=0, executor.q.client.size=0, executor.q.client.query.size=0, executor.q.client.blocking.size=0, executor.q.query.size=0, executor.q.scheduled.size=0, executor.q.io.size=0, executor.q.system.size=0, executor.q.operations.size=0, executor.q.priorityOperation.size=0, operations.completed.count=1491, executor.q.mapLoad.size=0, executor.q.mapLoadAllKeys.size=0, executor.q.cluster.size=0, executor.q.response.size=0, operations.running.count=0, operations.pending.invocations.percentage=0.00%, operations.pending.invocations.count=0, proxy.count=215, clientEndpoint.count=0, connection.active.count=0, client.connection.count=0, connection.count=0

  Starting logs for PyrisEventSystemIntegrationTest > testShouldFireProgressStalledEvent()
    23:43:54.701 | 406 ool-1-worker-170 | DEBUG | d.t.c.a.a.c.u.util.UserUtilService   : Generate 2 students...
    23:43:54.706 | 406 ool-1-worker-170 | DEBUG | d.t.c.a.a.c.u.util.UserUtilService   : 2 students generated. Generate 0 tutors...
    23:43:54.707 | 406 ool-1-worker-170 | DEBUG | d.t.c.a.a.c.u.util.UserUtilService   : 0 tutors generated. Generate 0 editors...
    23:43:54.709 | 406 ool-1-worker-170 | DEBUG | d.t.c.a.a.c.u.util.UserUtilService   : 0 editors generated. Generate 1 instructors...
    23:43:54.711 | 406 ool-1-worker-170 | DEBUG | d.t.c.a.a.c.u.util.UserUtilService   : 1 instructors generated
    23:43:54.713 | 406 ool-1-worker-170 | DEBUG | d.t.c.a.a.c.u.util.UserUtilService   : Removing 3 users from all courses...
    23:43:54.714 | 406 ool-1-worker-170 | DEBUG | d.t.c.a.a.c.u.util.UserUtilService   : Removing 3 users from all courses. Done
    23:43:54.714 | 406 ool-1-worker-170 | DEBUG | d.t.c.a.a.c.u.util.UserUtilService   : Save 3 users to database...
    23:43:54.717 | 406 ool-1-worker-170 | DEBUG | d.t.c.a.a.c.u.util.UserUtilService   : Save 3 users to database. Done
    23:43:54.747 | 406 ool-1-worker-170 | DEBUG | PersonalAccessTokenManagementService : Generate secure vcs access token
    23:43:54.860 | 615 taskScheduler-4  | DEBUG | a.a.b.s.SharedQueueProcessingService : Currently processing jobs on this node: 0, active threads in Pool: 0, maximum pool size of thread executor : 1
    23:43:54.889 | 406 ool-1-worker-170 | INFO  | i.z.t.d.l.EmbeddedDatabaseReporter   : JDBC URL to connect to 'dataSource': url='jdbc:h2:tcp://localhost:41063/mem:f240edcd-27ce-47a3-b4ab-a6a00c154135;USER=sa', scope='PyrisEventSystemIntegrationTest#testShouldFireProgressStalledEvent'
    23:43:54.910 | 588 artemis-task-1   | DEBUG | d.t.c.a.a.i.s.p.PyrisEventService    : Starting to process event of type: NewResultEvent
    23:43:54.910 | 588 artemis-task-1   | DEBUG | d.t.c.a.a.i.s.p.PyrisEventService    : Processing NewResultEvent: de.tum.cit.aet.artemis.iris.service.pyris.event.NewResultEvent@1cab48e8
    23:43:54.923 | 588 artemis-task-1   | INFO  | i.s.s.IrisExerciseChatSessionService : Scores in the last 3 submissions did not improve for user pyriseventsystemintegrationstudent1First pyriseventsystemintegrationstudent1Last
    23:43:54.928 | 588 artemis-task-1   | DEBUG | d.t.c.a.a.i.s.p.PyrisEventService    : Successfully processed NewResultEvent

  Starting logs for PyrisEventSystemIntegrationTest > testShouldShouldNotFireProgressStalledEventWithExistingSuccessfulSubmission()
    23:43:55.038 | 406 ool-1-worker-170 | DEBUG | d.t.c.a.a.c.u.util.UserUtilService   : Generate 2 students...
    23:43:55.042 | 406 ool-1-worker-170 | DEBUG | d.t.c.a.a.c.u.util.UserUtilService   : 2 students generated. Generate 0 tutors...
    23:43:55.044 | 406 ool-1-worker-170 | DEBUG | d.t.c.a.a.c.u.util.UserUtilService   : 0 tutors generated. Generate 0 editors...
    23:43:55.045 | 406 ool-1-worker-170 | DEBUG | d.t.c.a.a.c.u.util.UserUtilService   : 0 editors generated. Generate 1 instructors...
    23:43:55.048 | 406 ool-1-worker-170 | DEBUG | d.t.c.a.a.c.u.util.UserUtilService   : 1 instructors generated
    23:43:55.049 | 406 ool-1-worker-170 | DEBUG | d.t.c.a.a.c.u.util.UserUtilService   : Removing 3 users from all courses...
    23:43:55.050 | 406 ool-1-worker-170 | DEBUG | d.t.c.a.a.c.u.util.UserUtilService   : Removing 3 users from all courses. Done
    23:43:55.050 | 406 ool-1-worker-170 | DEBUG | d.t.c.a.a.c.u.util.UserUtilService   : Save 3 users to database...
    23:43:55.053 | 406 ool-1-worker-170 | DEBUG | d.t.c.a.a.c.u.util.UserUtilService   : Save 3 users to database. Done
    23:43:55.086 | 406 ool-1-worker-170 | DEBUG | PersonalAccessTokenManagementService : Generate secure vcs access token
    23:43:55.214 | 406 ool-1-worker-170 | INFO  | i.z.t.d.l.EmbeddedDatabaseReporter   : JDBC URL to connect to 'dataSource': url='jdbc:h2:tcp://localhost:41063/mem:f240edcd-27ce-47a3-b4ab-a6a00c154135;USER=sa', scope='PyrisEventSystemIntegrationTest#testShouldShouldNotFireProgressStalledEventWithExistingSuccessfulSubmission'
    23:43:55.230 | 588 artemis-task-1   | DEBUG | d.t.c.a.a.i.s.p.PyrisEventService    : Starting to process event of type: NewResultEvent
    23:43:55.230 | 588 artemis-task-1   | DEBUG | d.t.c.a.a.i.s.p.PyrisEventService    : Processing NewResultEvent: de.tum.cit.aet.artemis.iris.service.pyris.event.NewResultEvent@582c53b7
    23:43:55.245 | 588 artemis-task-1   | INFO  | i.s.s.IrisExerciseChatSessionService : Submission was not successful for user pyriseventsystemintegrationstudent1First pyriseventsystemintegrationstudent1Last
    23:43:55.245 | 588 artemis-task-1   | INFO  | i.s.s.IrisExerciseChatSessionService : User pyriseventsystemintegrationstudent1First pyriseventsystemintegrationstudent1Last has already successfully submitted before, so we do not inform Iris about the submission failure
    23:43:55.245 | 588 artemis-task-1   | DEBUG | d.t.c.a.a.i.s.p.PyrisEventService    : Successfully processed NewResultEvent
    23:43:55.245 | 588 artemis-task-1   | DEBUG | d.t.c.a.a.i.s.p.PyrisEventService    : Starting to process event of type: NewResultEvent
    23:43:55.245 | 588 artemis-task-1   | DEBUG | d.t.c.a.a.i.s.p.PyrisEventService    : Processing NewResultEvent: de.tum.cit.aet.artemis.iris.service.pyris.event.NewResultEvent@11b8a984
    23:43:55.253 | 588 artemis-task-1   | INFO  | i.s.s.IrisExerciseChatSessionService : Submission was not successful for user pyriseventsystemintegrationstudent1First pyriseventsystemintegrationstudent1Last
    23:43:55.253 | 588 artemis-task-1   | INFO  | i.s.s.IrisExerciseChatSessionService : User pyriseventsystemintegrationstudent1First pyriseventsystemintegrationstudent1Last has already successfully submitted before, so we do not inform Iris about the submission failure
    23:43:55.253 | 588 artemis-task-1   | DEBUG | d.t.c.a.a.i.s.p.PyrisEventService    : Successfully processed NewResultEvent

  Starting logs for PyrisEventSystemIntegrationTest > testShouldFireBuildFailedEvent()
    23:43:55.370 | 406 ool-1-worker-170 | DEBUG | d.t.c.a.a.c.u.util.UserUtilService   : Generate 2 students...
    23:43:55.374 | 406 ool-1-worker-170 | DEBUG | d.t.c.a.a.c.u.util.UserUtilService   : 2 students generated. Generate 0 tutors...
    23:43:55.375 | 406 ool-1-worker-170 | DEBUG | d.t.c.a.a.c.u.util.UserUtilService   : 0 tutors generated. Generate 0 editors...
    23:43:55.376 | 406 ool-1-worker-170 | DEBUG | d.t.c.a.a.c.u.util.UserUtilService   : 0 editors generated. Generate 1 instructors...
    23:43:55.379 | 406 ool-1-worker-170 | DEBUG | d.t.c.a.a.c.u.util.UserUtilService   : 1 instructors generated
    23:43:55.381 | 406 ool-1-worker-170 | DEBUG | d.t.c.a.a.c.u.util.UserUtilService   : Removing 3 users from all courses...
    23:43:55.381 | 406 ool-1-worker-170 | DEBUG | d.t.c.a.a.c.u.util.UserUtilService   : Removing 3 users from all courses. Done
    23:43:55.381 | 406 ool-1-worker-170 | DEBUG | d.t.c.a.a.c.u.util.UserUtilService   : Save 3 users to database...
    23:43:55.385 | 406 ool-1-worker-170 | DEBUG | d.t.c.a.a.c.u.util.UserUtilService   : Save 3 users to database. Done
    23:43:55.412 | 406 ool-1-worker-170 | DEBUG | PersonalAccessTokenManagementService : Generate secure vcs access token
    23:43:55.548 | 406 ool-1-worker-170 | INFO  | i.z.t.d.l.EmbeddedDatabaseReporter   : JDBC URL to connect to 'dataSource': url='jdbc:h2:tcp://localhost:41063/mem:f240edcd-27ce-47a3-b4ab-a6a00c154135;USER=sa', scope='PyrisEventSystemIntegrationTest#testShouldFireBuildFailedEvent'
    23:43:55.558 | 588 artemis-task-1   | DEBUG | d.t.c.a.a.i.s.p.PyrisEventService    : Starting to process event of type: NewResultEvent
    23:43:55.558 | 588 artemis-task-1   | DEBUG | d.t.c.a.a.i.s.p.PyrisEventService    : Processing NewResultEvent: de.tum.cit.aet.artemis.iris.service.pyris.event.NewResultEvent@211b9a4a
    23:43:55.569 | 588 artemis-task-1   | INFO  | i.s.s.IrisExerciseChatSessionService : Build failed for user pyriseventsystemintegrationstudent1First pyriseventsystemintegrationstudent1Last
    23:43:55.571 | 588 artemis-task-1   | DEBUG | d.t.c.a.a.i.s.p.PyrisEventService    : Successfully processed NewResultEvent

  Starting logs for PyrisEventSystemIntegrationTest > testShouldNotFireBuildFailedEventForTeamSubmission()
    23:43:55.679 | 406 ool-1-worker-170 | DEBUG | d.t.c.a.a.c.u.util.UserUtilService   : Generate 2 students...
    23:43:55.684 | 406 ool-1-worker-170 | DEBUG | d.t.c.a.a.c.u.util.UserUtilService   : 2 students generated. Generate 0 tutors...
    23:43:55.685 | 406 ool-1-worker-170 | DEBUG | d.t.c.a.a.c.u.util.UserUtilService   : 0 tutors generated. Generate 0 editors...
    23:43:55.686 | 406 ool-1-worker-170 | DEBUG | d.t.c.a.a.c.u.util.UserUtilService   : 0 editors generated. Generate 1 instructors...
    23:43:55.689 | 406 ool-1-worker-170 | DEBUG | d.t.c.a.a.c.u.util.UserUtilService   : 1 instructors generated
    23:43:55.691 | 406 ool-1-worker-170 | DEBUG | d.t.c.a.a.c.u.util.UserUtilService   : Removing 3 users from all courses...
    23:43:55.691 | 406 ool-1-worker-170 | DEBUG | d.t.c.a.a.c.u.util.UserUtilService   : Removing 3 users from all courses. Done
    23:43:55.691 | 406 ool-1-worker-170 | DEBUG | d.t.c.a.a.c.u.util.UserUtilService   : Save 3 users to database...
    23:43:55.695 | 406 ool-1-worker-170 | DEBUG | d.t.c.a.a.c.u.util.UserUtilService   : Save 3 users to database. Done
    23:43:55.734 | 406 ool-1-worker-170 | DEBUG | PersonalAccessTokenManagementService : Generate secure vcs access token
    23:43:55.903 | 406 ool-1-worker-170 | INFO  | i.z.t.d.l.EmbeddedDatabaseReporter   : JDBC URL to connect to 'dataSource': url='jdbc:h2:tcp://localhost:41063/mem:f240edcd-27ce-47a3-b4ab-a6a00c154135;USER=sa', scope='PyrisEventSystemIntegrationTest#testShouldNotFireBuildFailedEventForTeamSubmission'

  Starting logs for PyrisEventSystemIntegrationTest > testShouldFireJolEvent()
    23:43:55.957 | 406 ool-1-worker-170 | DEBUG | d.t.c.a.a.c.u.util.UserUtilService   : Generate 2 students...
    23:43:55.961 | 406 ool-1-worker-170 | DEBUG | d.t.c.a.a.c.u.util.UserUtilService   : 2 students generated. Generate 0 tutors...
    23:43:55.962 | 406 ool-1-worker-170 | DEBUG | d.t.c.a.a.c.u.util.UserUtilService   : 0 tutors generated. Generate 0 editors...
    23:43:55.964 | 406 ool-1-worker-170 | DEBUG | d.t.c.a.a.c.u.util.UserUtilService   : 0 editors generated. Generate 1 instructors...
    23:43:55.967 | 406 ool-1-worker-170 | DEBUG | d.t.c.a.a.c.u.util.UserUtilService   : 1 instructors generated
    23:43:55.968 | 406 ool-1-worker-170 | DEBUG | d.t.c.a.a.c.u.util.UserUtilService   : Removing 5 users from all courses...
    23:43:55.969 | 406 ool-1-worker-170 | DEBUG | d.t.c.a.a.c.u.util.UserUtilService   : Removing 5 users from all courses. Done
    23:43:55.969 | 406 ool-1-worker-170 | DEBUG | d.t.c.a.a.c.u.util.UserUtilService   : Save 3 users to database...
    23:43:55.972 | 406 ool-1-worker-170 | DEBUG | d.t.c.a.a.c.u.util.UserUtilService   : Save 3 users to database. Done
    23:43:56.000 | 406 ool-1-worker-170 | DEBUG | PersonalAccessTokenManagementService : Generate secure vcs access token
    23:43:56.102 | 406 ool-1-worker-170 | INFO  | i.z.t.d.l.EmbeddedDatabaseReporter   : JDBC URL to connect to 'dataSource': url='jdbc:h2:tcp://localhost:41063/mem:f240edcd-27ce-47a3-b4ab-a6a00c154135;USER=sa', scope='PyrisEventSystemIntegrationTest#testShouldFireJolEvent'
    23:43:56.115 | 588 artemis-task-1   | DEBUG | d.t.c.a.a.i.s.p.PyrisEventService    : Starting to process event of type: CompetencyJolSetEvent
    23:43:56.115 | 588 artemis-task-1   | DEBUG | d.t.c.a.a.i.s.p.PyrisEventService    : Processing CompetencyJolSetEvent: de.tum.cit.aet.artemis.iris.service.pyris.event.CompetencyJolSetEvent@411cb464
    23:43:56.135 | 588 artemis-task-1   | DEBUG | d.t.c.a.a.i.s.p.PyrisEventService    : Successfully processed CompetencyJolSetEvent

  Starting logs for PyrisEventSystemIntegrationTest > testShouldNotFireProgressStalledEventWithLessThanThreeSubmissions()
    23:43:56.436 | 406 ool-1-worker-170 | DEBUG | d.t.c.a.a.c.u.util.UserUtilService   : Generate 2 students...
    23:43:56.440 | 406 ool-1-worker-170 | DEBUG | d.t.c.a.a.c.u.util.UserUtilService   : 2 students generated. Generate 0 tutors...
    23:43:56.441 | 406 ool-1-worker-170 | DEBUG | d.t.c.a.a.c.u.util.UserUtilService   : 0 tutors generated. Generate 0 editors...
    23:43:56.443 | 406 ool-1-worker-170 | DEBUG | d.t.c.a.a.c.u.util.UserUtilService   : 0 editors generated. Generate 1 instructors...
    23:43:56.446 | 406 ool-1-worker-170 | DEBUG | d.t.c.a.a.c.u.util.UserUtilService   : 1 instructors generated
    23:43:56.447 | 406 ool-1-worker-170 | DEBUG | d.t.c.a.a.c.u.util.UserUtilService   : Removing 3 users from all courses...
    23:43:56.448 | 406 ool-1-worker-170 | DEBUG | d.t.c.a.a.c.u.util.UserUtilService   : Removing 3 users from all courses. Done
    23:43:56.448 | 406 ool-1-worker-170 | DEBUG | d.t.c.a.a.c.u.util.UserUtilService   : Save 3 users to database...
    23:43:56.451 | 406 ool-1-worker-170 | DEBUG | d.t.c.a.a.c.u.util.UserUtilService   : Save 3 users to database. Done
    23:43:56.479 | 406 ool-1-worker-170 | DEBUG | PersonalAccessTokenManagementService : Generate secure vcs access token
    23:43:56.576 | 406 ool-1-worker-170 | INFO  | i.z.t.d.l.EmbeddedDatabaseReporter   : JDBC URL to connect to 'dataSource': url='jdbc:h2:tcp://localhost:41063/mem:f240edcd-27ce-47a3-b4ab-a6a00c154135;USER=sa', scope='PyrisEventSystemIntegrationTest#testShouldNotFireProgressStalledEventWithLessThanThreeSubmissions'
    23:43:56.592 | 588 artemis-task-1   | DEBUG | d.t.c.a.a.i.s.p.PyrisEventService    : Starting to process event of type: NewResultEvent
    23:43:56.592 | 588 artemis-task-1   | DEBUG | d.t.c.a.a.i.s.p.PyrisEventService    : Processing NewResultEvent: de.tum.cit.aet.artemis.iris.service.pyris.event.NewResultEvent@1c3b50a
    23:43:56.600 | 588 artemis-task-1   | INFO  | i.s.s.IrisExerciseChatSessionService : Submission was not successful for user pyriseventsystemintegrationstudent1First pyriseventsystemintegrationstudent1Last
    23:43:56.600 | 588 artemis-task-1   | DEBUG | d.t.c.a.a.i.s.p.PyrisEventService    : Successfully processed NewResultEvent

  Starting logs for PyrisEventSystemIntegrationTest > testShouldNotFireProgressStalledEventWithEventDisabled()
    23:43:58.620 | 406 ool-1-worker-170 | DEBUG | d.t.c.a.a.c.u.util.UserUtilService   : Generate 2 students...
    23:43:58.624 | 406 ool-1-worker-170 | DEBUG | d.t.c.a.a.c.u.util.UserUtilService   : 2 students generated. Generate 0 tutors...
    23:43:58.625 | 406 ool-1-worker-170 | DEBUG | d.t.c.a.a.c.u.util.UserUtilService   : 0 tutors generated. Generate 0 editors...
    23:43:58.626 | 406 ool-1-worker-170 | DEBUG | d.t.c.a.a.c.u.util.UserUtilService   : 0 editors generated. Generate 1 instructors...
    23:43:58.629 | 406 ool-1-worker-170 | DEBUG | d.t.c.a.a.c.u.util.UserUtilService   : 1 instructors generated
    23:43:58.630 | 406 ool-1-worker-170 | DEBUG | d.t.c.a.a.c.u.util.UserUtilService   : Removing 3 users from all courses...
    23:43:58.631 | 406 ool-1-worker-170 | DEBUG | d.t.c.a.a.c.u.util.UserUtilService   : Removing 3 users from all courses. Done
    23:43:58.631 | 406 ool-1-worker-170 | DEBUG | d.t.c.a.a.c.u.util.UserUtilService   : Save 3 users to database...
    23:43:58.634 | 406 ool-1-worker-170 | DEBUG | d.t.c.a.a.c.u.util.UserUtilService   : Save 3 users to database. Done
    23:43:58.669 | 406 ool-1-worker-170 | DEBUG | PersonalAccessTokenManagementService : Generate secure vcs access token
    23:43:58.787 | 406 ool-1-worker-170 | INFO  | i.z.t.d.l.EmbeddedDatabaseReporter   : JDBC URL to connect to 'dataSource': url='jdbc:h2:tcp://localhost:41063/mem:f240edcd-27ce-47a3-b4ab-a6a00c154135;USER=sa', scope='PyrisEventSystemIntegrationTest#testShouldNotFireProgressStalledEventWithEventDisabled'

Finished logs for PyrisEventSystemIntegrationTest
]]></system-out>
  <system-err><![CDATA[]]></system-err>
</testsuite>
