<?xml version="1.0" encoding="UTF-8"?>
<testsuite name="de.tum.cit.aet.artemis.programming.aelous.AeolusTest" tests="4" skipped="0" failures="0" errors="0" timestamp="2025-02-14T23:40:07" hostname="fv-az1721-502" time="0.013">
  <properties/>
  <testcase name="testImageTagCombinations()" classname="de.tum.cit.aet.artemis.programming.aelous.AeolusTest" time="0.003"/>
  <testcase name="testAeolusRepository()" classname="de.tum.cit.aet.artemis.programming.aelous.AeolusTest" time="0.001"/>
  <testcase name="testWindfileGetterAndSetter()" classname="de.tum.cit.aet.artemis.programming.aelous.AeolusTest" time="0.007"/>
  <testcase name="testGetResults()" classname="de.tum.cit.aet.artemis.programming.aelous.AeolusTest" time="0.001"/>
  <system-out><![CDATA[
Starting logs for AeolusTest

  Starting logs for AeolusTest > testImageTagCombinations()

  Starting logs for AeolusTest > testAeolusRepository()

  Starting logs for AeolusTest > testWindfileGetterAndSetter()

  Starting logs for AeolusTest > testGetResults()

Finished logs for AeolusTest
]]></system-out>
  <system-err><![CDATA[]]></system-err>
</testsuite>
