<?xml version="1.0" encoding="UTF-8"?>
<testsuite name="de.tum.cit.aet.artemis.programming.service.JenkinsInternalUriServiceTest" tests="6" skipped="0" failures="0" errors="0" timestamp="2025-02-14T23:49:20" hostname="fv-az1721-502" time="0.428">
  <properties/>
  <testcase name="testGetVcsUrlOnInternalVcsUrlMalformed()" classname="de.tum.cit.aet.artemis.programming.service.JenkinsInternalUriServiceTest" time="0.197"/>
  <testcase name="testGetCiUrlOnInternalCiUrlEmpty()" classname="de.tum.cit.aet.artemis.programming.service.JenkinsInternalUriServiceTest" time="0.01"/>
  <testcase name="testGetUrlOnInternalUrlWithoutPort()" classname="de.tum.cit.aet.artemis.programming.service.JenkinsInternalUriServiceTest" time="0.01"/>
  <testcase name="testGetVcsUrlOnInternalVcsUrlEmpty()" classname="de.tum.cit.aet.artemis.programming.service.JenkinsInternalUriServiceTest" time="0.007"/>
  <testcase name="testGetVcsUrlOnInternalVcsUrl()" classname="de.tum.cit.aet.artemis.programming.service.JenkinsInternalUriServiceTest" time="0.192"/>
  <testcase name="testGetCiUrlOnInternalCiUrl()" classname="de.tum.cit.aet.artemis.programming.service.JenkinsInternalUriServiceTest" time="0.006"/>
  <system-out><![CDATA[
Starting logs for JenkinsInternalUriServiceTest

  Starting logs for JenkinsInternalUriServiceTest > testGetVcsUrlOnInternalVcsUrlMalformed()
    23:49:20.748 | 488 ool-1-worker-252 | INFO  | i.z.t.d.l.EmbeddedDatabaseReporter   : JDBC URL to connect to 'dataSource': url='jdbc:h2:tcp://localhost:41063/mem:736625c0-cf5e-400d-aeaa-8a7eabd6262b;USER=sa', scope='JenkinsInternalUriServiceTest#testGetVcsUrlOnInternalVcsUrlMalformed'
    23:49:20.934 | 488 ool-1-worker-252 | WARN  | d.t.c.a.a.p.s.InternalUrlService     : Cannot replace url http://localhost:80/some-repo.git to Optional[http://1.2.3.4:123]: exception: wrong input. Falling back to original url.

  Starting logs for JenkinsInternalUriServiceTest > testGetCiUrlOnInternalCiUrlEmpty()
    23:49:20.948 | 488 ool-1-worker-252 | INFO  | i.z.t.d.l.EmbeddedDatabaseReporter   : JDBC URL to connect to 'dataSource': url='jdbc:h2:tcp://localhost:41063/mem:736625c0-cf5e-400d-aeaa-8a7eabd6262b;USER=sa', scope='JenkinsInternalUriServiceTest#testGetCiUrlOnInternalCiUrlEmpty'

  Starting logs for JenkinsInternalUriServiceTest > testGetUrlOnInternalUrlWithoutPort()
    23:49:20.958 | 488 ool-1-worker-252 | INFO  | i.z.t.d.l.EmbeddedDatabaseReporter   : JDBC URL to connect to 'dataSource': url='jdbc:h2:tcp://localhost:41063/mem:736625c0-cf5e-400d-aeaa-8a7eabd6262b;USER=sa', scope='JenkinsInternalUriServiceTest#testGetUrlOnInternalUrlWithoutPort'

  Starting logs for JenkinsInternalUriServiceTest > testGetVcsUrlOnInternalVcsUrlEmpty()
    23:49:20.968 | 488 ool-1-worker-252 | INFO  | i.z.t.d.l.EmbeddedDatabaseReporter   : JDBC URL to connect to 'dataSource': url='jdbc:h2:tcp://localhost:41063/mem:736625c0-cf5e-400d-aeaa-8a7eabd6262b;USER=sa', scope='JenkinsInternalUriServiceTest#testGetVcsUrlOnInternalVcsUrlEmpty'

  Starting logs for JenkinsInternalUriServiceTest > testGetVcsUrlOnInternalVcsUrl()
    23:49:20.975 | 488 ool-1-worker-252 | INFO  | i.z.t.d.l.EmbeddedDatabaseReporter   : JDBC URL to connect to 'dataSource': url='jdbc:h2:tcp://localhost:41063/mem:736625c0-cf5e-400d-aeaa-8a7eabd6262b;USER=sa', scope='JenkinsInternalUriServiceTest#testGetVcsUrlOnInternalVcsUrl'
    23:49:21.159 | 488 ool-1-worker-252 | WARN  | d.t.c.a.a.p.s.InternalUrlService     : Cannot replace url to internal url Optional[http://1.2.3.4:123] because the url is null.
    23:49:21.159 | 488 ool-1-worker-252 | WARN  | d.t.c.a.a.p.s.InternalUrlService     : Cannot replace url to internal url Optional[http://1.2.3.4:123] because the url is null.

  Starting logs for JenkinsInternalUriServiceTest > testGetCiUrlOnInternalCiUrl()
    23:49:21.169 | 488 ool-1-worker-252 | INFO  | i.z.t.d.l.EmbeddedDatabaseReporter   : JDBC URL to connect to 'dataSource': url='jdbc:h2:tcp://localhost:41063/mem:736625c0-cf5e-400d-aeaa-8a7eabd6262b;USER=sa', scope='JenkinsInternalUriServiceTest#testGetCiUrlOnInternalCiUrl'

Finished logs for JenkinsInternalUriServiceTest
]]></system-out>
  <system-err><![CDATA[]]></system-err>
</testsuite>
