<?xml version="1.0" encoding="UTF-8"?>
<testsuite name="de.tum.cit.aet.artemis.core.service.AuthorizationCheckServiceTest$IsUserAllowedToUnenrollFromCourseTest" tests="7" skipped="0" failures="0" errors="0" timestamp="2025-02-14T23:42:26" hostname="fv-az1721-502" time="0.465">
  <properties/>
  <testcase name="testIsUserAllowedToUnenrollFromCourseForWrongUnenrollmentEndDate()" classname="de.tum.cit.aet.artemis.core.service.AuthorizationCheckServiceTest$IsUserAllowedToUnenrollFromCourseTest" time="0.041"/>
  <testcase name="testIsUserAllowedToUnenrollFromOnlineCourse()" classname="de.tum.cit.aet.artemis.core.service.AuthorizationCheckServiceTest$IsUserAllowedToUnenrollFromCourseTest" time="0.04"/>
  <testcase name="testIsUserAllowedToUnenrollFromCourseForUnenrollmentEndNotSetAndAllowed()" classname="de.tum.cit.aet.artemis.core.service.AuthorizationCheckServiceTest$IsUserAllowedToUnenrollFromCourseTest" time="0.04"/>
  <testcase name="testIsUserAllowedToUnenrollFromCourseForWrongEndDate()" classname="de.tum.cit.aet.artemis.core.service.AuthorizationCheckServiceTest$IsUserAllowedToUnenrollFromCourseTest" time="0.11"/>
  <testcase name="testIsUserAllowedToUnenrollFromCourseForWrongUnenrollmentStartDate()" classname="de.tum.cit.aet.artemis.core.service.AuthorizationCheckServiceTest$IsUserAllowedToUnenrollFromCourseTest" time="0.082"/>
  <testcase name="testIsUserAllowedToUnenrollFromCourseForUnenrollmentEndSetAndAllowed()" classname="de.tum.cit.aet.artemis.core.service.AuthorizationCheckServiceTest$IsUserAllowedToUnenrollFromCourseTest" time="0.054"/>
  <testcase name="testIsUserAllowedToUnenrollFromCourseForUnenrollmentDisabled()" classname="de.tum.cit.aet.artemis.core.service.AuthorizationCheckServiceTest$IsUserAllowedToUnenrollFromCourseTest" time="0.073"/>
  <system-out><![CDATA[
Starting logs for IsUserAllowedToUnenrollFromCourseTest

  Starting logs for IsUserAllowedToUnenrollFromCourseTest > testIsUserAllowedToUnenrollFromCourseForWrongUnenrollmentEndDate()
    23:42:26.748 | 343 ool-1-worker-107 | DEBUG | d.t.c.a.a.c.u.util.UserUtilService   : Generate 2 students...
    23:42:26.753 | 343 ool-1-worker-107 | DEBUG | d.t.c.a.a.c.u.util.UserUtilService   : 2 students generated. Generate 0 tutors...
    23:42:26.754 | 343 ool-1-worker-107 | DEBUG | d.t.c.a.a.c.u.util.UserUtilService   : 0 tutors generated. Generate 0 editors...
    23:42:26.755 | 343 ool-1-worker-107 | DEBUG | d.t.c.a.a.c.u.util.UserUtilService   : 0 editors generated. Generate 1 instructors...
    23:42:26.758 | 343 ool-1-worker-107 | DEBUG | d.t.c.a.a.c.u.util.UserUtilService   : 1 instructors generated
    23:42:26.760 | 343 ool-1-worker-107 | DEBUG | d.t.c.a.a.c.u.util.UserUtilService   : Removing 3 users from all courses...
    23:42:26.761 | 343 ool-1-worker-107 | DEBUG | d.t.c.a.a.c.u.util.UserUtilService   : Removing 3 users from all courses. Done
    23:42:26.761 | 343 ool-1-worker-107 | DEBUG | d.t.c.a.a.c.u.util.UserUtilService   : Save 3 users to database...
    23:42:26.764 | 343 ool-1-worker-107 | DEBUG | d.t.c.a.a.c.u.util.UserUtilService   : Save 3 users to database. Done
    23:42:26.766 | 343 ool-1-worker-107 | INFO  | i.z.t.d.l.EmbeddedDatabaseReporter   : JDBC URL to connect to 'dataSource': url='jdbc:h2:tcp://localhost:41063/mem:736625c0-cf5e-400d-aeaa-8a7eabd6262b;USER=sa', scope='IsUserAllowedToUnenrollFromCourseTest#testIsUserAllowedToUnenrollFromCourseForWrongUnenrollmentEndDate'

  Starting logs for IsUserAllowedToUnenrollFromCourseTest > testIsUserAllowedToUnenrollFromOnlineCourse()
    23:42:26.791 | 343 ool-1-worker-107 | DEBUG | d.t.c.a.a.c.u.util.UserUtilService   : Generate 2 students...
    23:42:26.795 | 343 ool-1-worker-107 | DEBUG | d.t.c.a.a.c.u.util.UserUtilService   : 2 students generated. Generate 0 tutors...
    23:42:26.796 | 343 ool-1-worker-107 | DEBUG | d.t.c.a.a.c.u.util.UserUtilService   : 0 tutors generated. Generate 0 editors...
    23:42:26.798 | 343 ool-1-worker-107 | DEBUG | d.t.c.a.a.c.u.util.UserUtilService   : 0 editors generated. Generate 1 instructors...
    23:42:26.801 | 343 ool-1-worker-107 | DEBUG | d.t.c.a.a.c.u.util.UserUtilService   : 1 instructors generated
    23:42:26.803 | 343 ool-1-worker-107 | DEBUG | d.t.c.a.a.c.u.util.UserUtilService   : Removing 3 users from all courses...
    23:42:26.804 | 343 ool-1-worker-107 | DEBUG | d.t.c.a.a.c.u.util.UserUtilService   : Removing 3 users from all courses. Done
    23:42:26.804 | 343 ool-1-worker-107 | DEBUG | d.t.c.a.a.c.u.util.UserUtilService   : Save 3 users to database...
    23:42:26.807 | 343 ool-1-worker-107 | DEBUG | d.t.c.a.a.c.u.util.UserUtilService   : Save 3 users to database. Done
    23:42:26.809 | 343 ool-1-worker-107 | INFO  | i.z.t.d.l.EmbeddedDatabaseReporter   : JDBC URL to connect to 'dataSource': url='jdbc:h2:tcp://localhost:41063/mem:736625c0-cf5e-400d-aeaa-8a7eabd6262b;USER=sa', scope='IsUserAllowedToUnenrollFromCourseTest#testIsUserAllowedToUnenrollFromOnlineCourse'

  Starting logs for IsUserAllowedToUnenrollFromCourseTest > testIsUserAllowedToUnenrollFromCourseForUnenrollmentEndNotSetAndAllowed()
    23:42:26.832 | 343 ool-1-worker-107 | DEBUG | d.t.c.a.a.c.u.util.UserUtilService   : Generate 2 students...
    23:42:26.836 | 343 ool-1-worker-107 | DEBUG | d.t.c.a.a.c.u.util.UserUtilService   : 2 students generated. Generate 0 tutors...
    23:42:26.838 | 343 ool-1-worker-107 | DEBUG | d.t.c.a.a.c.u.util.UserUtilService   : 0 tutors generated. Generate 0 editors...
    23:42:26.839 | 343 ool-1-worker-107 | DEBUG | d.t.c.a.a.c.u.util.UserUtilService   : 0 editors generated. Generate 1 instructors...
    23:42:26.842 | 343 ool-1-worker-107 | DEBUG | d.t.c.a.a.c.u.util.UserUtilService   : 1 instructors generated
    23:42:26.844 | 343 ool-1-worker-107 | DEBUG | d.t.c.a.a.c.u.util.UserUtilService   : Removing 3 users from all courses...
    23:42:26.845 | 343 ool-1-worker-107 | DEBUG | d.t.c.a.a.c.u.util.UserUtilService   : Removing 3 users from all courses. Done
    23:42:26.845 | 343 ool-1-worker-107 | DEBUG | d.t.c.a.a.c.u.util.UserUtilService   : Save 3 users to database...
    23:42:26.849 | 343 ool-1-worker-107 | DEBUG | d.t.c.a.a.c.u.util.UserUtilService   : Save 3 users to database. Done
    23:42:26.851 | 343 ool-1-worker-107 | INFO  | i.z.t.d.l.EmbeddedDatabaseReporter   : JDBC URL to connect to 'dataSource': url='jdbc:h2:tcp://localhost:41063/mem:736625c0-cf5e-400d-aeaa-8a7eabd6262b;USER=sa', scope='IsUserAllowedToUnenrollFromCourseTest#testIsUserAllowedToUnenrollFromCourseForUnenrollmentEndNotSetAndAllowed'

  Starting logs for IsUserAllowedToUnenrollFromCourseTest > testIsUserAllowedToUnenrollFromCourseForWrongEndDate()
    23:42:26.874 | 343 ool-1-worker-107 | DEBUG | d.t.c.a.a.c.u.util.UserUtilService   : Generate 2 students...
    23:42:26.878 | 343 ool-1-worker-107 | DEBUG | d.t.c.a.a.c.u.util.UserUtilService   : 2 students generated. Generate 0 tutors...
    23:42:26.880 | 343 ool-1-worker-107 | DEBUG | d.t.c.a.a.c.u.util.UserUtilService   : 0 tutors generated. Generate 0 editors...
    23:42:26.902 | 343 ool-1-worker-107 | DEBUG | d.t.c.a.a.c.u.util.UserUtilService   : 0 editors generated. Generate 1 instructors...
    23:42:26.914 | 343 ool-1-worker-107 | DEBUG | d.t.c.a.a.c.u.util.UserUtilService   : 1 instructors generated
    23:42:26.919 | 343 ool-1-worker-107 | DEBUG | d.t.c.a.a.c.u.util.UserUtilService   : Removing 3 users from all courses...
    23:42:26.923 | 343 ool-1-worker-107 | DEBUG | d.t.c.a.a.c.u.util.UserUtilService   : Removing 3 users from all courses. Done
    23:42:26.923 | 343 ool-1-worker-107 | DEBUG | d.t.c.a.a.c.u.util.UserUtilService   : Save 3 users to database...
    23:42:26.934 | 343 ool-1-worker-107 | DEBUG | d.t.c.a.a.c.u.util.UserUtilService   : Save 3 users to database. Done
    23:42:26.940 | 343 ool-1-worker-107 | INFO  | i.z.t.d.l.EmbeddedDatabaseReporter   : JDBC URL to connect to 'dataSource': url='jdbc:h2:tcp://localhost:41063/mem:736625c0-cf5e-400d-aeaa-8a7eabd6262b;USER=sa', scope='IsUserAllowedToUnenrollFromCourseTest#testIsUserAllowedToUnenrollFromCourseForWrongEndDate'

  Starting logs for IsUserAllowedToUnenrollFromCourseTest > testIsUserAllowedToUnenrollFromCourseForWrongUnenrollmentStartDate()
    23:42:27.011 | 343 ool-1-worker-107 | DEBUG | d.t.c.a.a.c.u.util.UserUtilService   : Generate 2 students...
    23:42:27.022 | 343 ool-1-worker-107 | DEBUG | d.t.c.a.a.c.u.util.UserUtilService   : 2 students generated. Generate 0 tutors...
    23:42:27.023 | 343 ool-1-worker-107 | DEBUG | d.t.c.a.a.c.u.util.UserUtilService   : 0 tutors generated. Generate 0 editors...
    23:42:27.024 | 343 ool-1-worker-107 | DEBUG | d.t.c.a.a.c.u.util.UserUtilService   : 0 editors generated. Generate 1 instructors...
    23:42:27.033 | 343 ool-1-worker-107 | DEBUG | d.t.c.a.a.c.u.util.UserUtilService   : 1 instructors generated
    23:42:27.038 | 343 ool-1-worker-107 | DEBUG | d.t.c.a.a.c.u.util.UserUtilService   : Removing 3 users from all courses...
    23:42:27.043 | 343 ool-1-worker-107 | DEBUG | d.t.c.a.a.c.u.util.UserUtilService   : Removing 3 users from all courses. Done
    23:42:27.043 | 343 ool-1-worker-107 | DEBUG | d.t.c.a.a.c.u.util.UserUtilService   : Save 3 users to database...
    23:42:27.048 | 343 ool-1-worker-107 | DEBUG | d.t.c.a.a.c.u.util.UserUtilService   : Save 3 users to database. Done
    23:42:27.054 | 343 ool-1-worker-107 | INFO  | i.z.t.d.l.EmbeddedDatabaseReporter   : JDBC URL to connect to 'dataSource': url='jdbc:h2:tcp://localhost:41063/mem:736625c0-cf5e-400d-aeaa-8a7eabd6262b;USER=sa', scope='IsUserAllowedToUnenrollFromCourseTest#testIsUserAllowedToUnenrollFromCourseForWrongUnenrollmentStartDate'

  Starting logs for IsUserAllowedToUnenrollFromCourseTest > testIsUserAllowedToUnenrollFromCourseForUnenrollmentEndSetAndAllowed()
    23:42:27.084 | 343 ool-1-worker-107 | DEBUG | d.t.c.a.a.c.u.util.UserUtilService   : Generate 2 students...
    23:42:27.088 | 343 ool-1-worker-107 | DEBUG | d.t.c.a.a.c.u.util.UserUtilService   : 2 students generated. Generate 0 tutors...
    23:42:27.090 | 343 ool-1-worker-107 | DEBUG | d.t.c.a.a.c.u.util.UserUtilService   : 0 tutors generated. Generate 0 editors...
    23:42:27.091 | 343 ool-1-worker-107 | DEBUG | d.t.c.a.a.c.u.util.UserUtilService   : 0 editors generated. Generate 1 instructors...
    23:42:27.094 | 343 ool-1-worker-107 | DEBUG | d.t.c.a.a.c.u.util.UserUtilService   : 1 instructors generated
    23:42:27.096 | 343 ool-1-worker-107 | DEBUG | d.t.c.a.a.c.u.util.UserUtilService   : Removing 3 users from all courses...
    23:42:27.097 | 343 ool-1-worker-107 | DEBUG | d.t.c.a.a.c.u.util.UserUtilService   : Removing 3 users from all courses. Done
    23:42:27.097 | 343 ool-1-worker-107 | DEBUG | d.t.c.a.a.c.u.util.UserUtilService   : Save 3 users to database...
    23:42:27.102 | 343 ool-1-worker-107 | DEBUG | d.t.c.a.a.c.u.util.UserUtilService   : Save 3 users to database. Done
    23:42:27.103 | 343 ool-1-worker-107 | INFO  | i.z.t.d.l.EmbeddedDatabaseReporter   : JDBC URL to connect to 'dataSource': url='jdbc:h2:tcp://localhost:41063/mem:736625c0-cf5e-400d-aeaa-8a7eabd6262b;USER=sa', scope='IsUserAllowedToUnenrollFromCourseTest#testIsUserAllowedToUnenrollFromCourseForUnenrollmentEndSetAndAllowed'

  Starting logs for IsUserAllowedToUnenrollFromCourseTest > testIsUserAllowedToUnenrollFromCourseForUnenrollmentDisabled()
    23:42:27.141 | 343 ool-1-worker-107 | DEBUG | d.t.c.a.a.c.u.util.UserUtilService   : Generate 2 students...
    23:42:27.146 | 343 ool-1-worker-107 | DEBUG | d.t.c.a.a.c.u.util.UserUtilService   : 2 students generated. Generate 0 tutors...
    23:42:27.148 | 343 ool-1-worker-107 | DEBUG | d.t.c.a.a.c.u.util.UserUtilService   : 0 tutors generated. Generate 0 editors...
    23:42:27.149 | 343 ool-1-worker-107 | DEBUG | d.t.c.a.a.c.u.util.UserUtilService   : 0 editors generated. Generate 1 instructors...
    23:42:27.153 | 343 ool-1-worker-107 | DEBUG | d.t.c.a.a.c.u.util.UserUtilService   : 1 instructors generated
    23:42:27.155 | 343 ool-1-worker-107 | DEBUG | d.t.c.a.a.c.u.util.UserUtilService   : Removing 3 users from all courses...
    23:42:27.156 | 343 ool-1-worker-107 | DEBUG | d.t.c.a.a.c.u.util.UserUtilService   : Removing 3 users from all courses. Done
    23:42:27.156 | 343 ool-1-worker-107 | DEBUG | d.t.c.a.a.c.u.util.UserUtilService   : Save 3 users to database...
    23:42:27.167 | 343 ool-1-worker-107 | DEBUG | d.t.c.a.a.c.u.util.UserUtilService   : Save 3 users to database. Done
    23:42:27.169 | 343 ool-1-worker-107 | INFO  | i.z.t.d.l.EmbeddedDatabaseReporter   : JDBC URL to connect to 'dataSource': url='jdbc:h2:tcp://localhost:41063/mem:736625c0-cf5e-400d-aeaa-8a7eabd6262b;USER=sa', scope='IsUserAllowedToUnenrollFromCourseTest#testIsUserAllowedToUnenrollFromCourseForUnenrollmentDisabled'

Finished logs for IsUserAllowedToUnenrollFromCourseTest
]]></system-out>
  <system-err><![CDATA[]]></system-err>
</testsuite>
