<?xml version="1.0" encoding="UTF-8"?>
<testsuite name="de.tum.cit.aet.artemis.programming.service.GitlabCIServiceTest" tests="12" skipped="0" failures="0" errors="0" timestamp="2025-02-14T23:42:16" hostname="fv-az1721-502" time="1.329">
  <properties/>
  <testcase name="testConfigureBuildPlanFails()" classname="de.tum.cit.aet.artemis.programming.service.GitlabCIServiceTest" time="0.118"/>
  <testcase name="testUnsupportedMethods()" classname="de.tum.cit.aet.artemis.programming.service.GitlabCIServiceTest" time="0.103"/>
  <testcase name="testExtractAndPersistBuildLogStatistics()" classname="de.tum.cit.aet.artemis.programming.service.GitlabCIServiceTest" time="0.097"/>
  <testcase name="testCopyBuildPlan()" classname="de.tum.cit.aet.artemis.programming.service.GitlabCIServiceTest" time="0.076"/>
  <testcase name="testGetBuildStatusQueued()" classname="de.tum.cit.aet.artemis.programming.service.GitlabCIServiceTest" time="0.119"/>
  <testcase name="testTriggerBuildFails()" classname="de.tum.cit.aet.artemis.programming.service.GitlabCIServiceTest" time="0.079"/>
  <testcase name="testGetBuildStatusBuilding()" classname="de.tum.cit.aet.artemis.programming.service.GitlabCIServiceTest" time="0.097"/>
  <testcase name="testTriggerBuildSuccess()" classname="de.tum.cit.aet.artemis.programming.service.GitlabCIServiceTest" time="0.131"/>
  <testcase name="testConfigureBuildPlanSuccess()" classname="de.tum.cit.aet.artemis.programming.service.GitlabCIServiceTest" time="0.116"/>
  <testcase name="testGetBuildStatusInactive()" classname="de.tum.cit.aet.artemis.programming.service.GitlabCIServiceTest" time="0.087"/>
  <testcase name="testCreateBuildPlanForExercise()" classname="de.tum.cit.aet.artemis.programming.service.GitlabCIServiceTest" time="0.089"/>
  <testcase name="testHealth()" classname="de.tum.cit.aet.artemis.programming.service.GitlabCIServiceTest" time="0.17"/>
  <system-out><![CDATA[
Starting logs for GitlabCIServiceTest

  Starting logs for GitlabCIServiceTest > testConfigureBuildPlanFails()
    23:42:16.501 | 486 ool-1-worker-250 | DEBUG | d.t.c.a.a.c.u.util.UserUtilService   : Generate 1 students...
    23:42:16.507 | 486 ool-1-worker-250 | DEBUG | d.t.c.a.a.c.u.util.UserUtilService   : 1 students generated. Generate 0 tutors...
    23:42:16.509 | 486 ool-1-worker-250 | DEBUG | d.t.c.a.a.c.u.util.UserUtilService   : 0 tutors generated. Generate 0 editors...
    23:42:16.510 | 486 ool-1-worker-250 | DEBUG | d.t.c.a.a.c.u.util.UserUtilService   : 0 editors generated. Generate 1 instructors...
    23:42:16.515 | 486 ool-1-worker-250 | DEBUG | d.t.c.a.a.c.u.util.UserUtilService   : 1 instructors generated
    23:42:16.517 | 486 ool-1-worker-250 | DEBUG | d.t.c.a.a.c.u.util.UserUtilService   : Removing 5 users from all courses...
    23:42:16.522 | 486 ool-1-worker-250 | DEBUG | d.t.c.a.a.c.u.util.UserUtilService   : Removing 5 users from all courses. Done
    23:42:16.522 | 486 ool-1-worker-250 | DEBUG | d.t.c.a.a.c.u.util.UserUtilService   : Save 2 users to database...
    23:42:16.527 | 486 ool-1-worker-250 | DEBUG | d.t.c.a.a.c.u.util.UserUtilService   : Save 2 users to database. Done
    23:42:16.567 | 486 ool-1-worker-250 | INFO  | i.z.t.d.l.EmbeddedDatabaseReporter   : JDBC URL to connect to 'dataSource': url='jdbc:h2:tcp://localhost:41063/mem:a74bc5d1-02ef-4ef8-8db7-9c0ac1aa8d92;USER=sa', scope='GitlabCIServiceTest#testConfigureBuildPlanFails'

  Starting logs for GitlabCIServiceTest > testUnsupportedMethods()
    23:42:16.605 | 486 ool-1-worker-250 | DEBUG | d.t.c.a.a.c.u.util.UserUtilService   : Generate 1 students...
    23:42:16.608 | 486 ool-1-worker-250 | DEBUG | d.t.c.a.a.c.u.util.UserUtilService   : 1 students generated. Generate 0 tutors...
    23:42:16.609 | 486 ool-1-worker-250 | DEBUG | d.t.c.a.a.c.u.util.UserUtilService   : 0 tutors generated. Generate 0 editors...
    23:42:16.611 | 486 ool-1-worker-250 | DEBUG | d.t.c.a.a.c.u.util.UserUtilService   : 0 editors generated. Generate 1 instructors...
    23:42:16.614 | 486 ool-1-worker-250 | DEBUG | d.t.c.a.a.c.u.util.UserUtilService   : 1 instructors generated
    23:42:16.615 | 486 ool-1-worker-250 | DEBUG | d.t.c.a.a.c.u.util.UserUtilService   : Removing 2 users from all courses...
    23:42:16.616 | 486 ool-1-worker-250 | DEBUG | d.t.c.a.a.c.u.util.UserUtilService   : Removing 2 users from all courses. Done
    23:42:16.616 | 486 ool-1-worker-250 | DEBUG | d.t.c.a.a.c.u.util.UserUtilService   : Save 2 users to database...
    23:42:16.622 | 486 ool-1-worker-250 | DEBUG | d.t.c.a.a.c.u.util.UserUtilService   : Save 2 users to database. Done
    23:42:16.665 | 486 ool-1-worker-250 | INFO  | i.z.t.d.l.EmbeddedDatabaseReporter   : JDBC URL to connect to 'dataSource': url='jdbc:h2:tcp://localhost:41063/mem:a74bc5d1-02ef-4ef8-8db7-9c0ac1aa8d92;USER=sa', scope='GitlabCIServiceTest#testUnsupportedMethods'
    23:42:16.665 | 486 ool-1-worker-250 | DEBUG | d.t.c.a.a.p.s.g.GitLabCIService      : Unsupported action: GitLabCIService.createProjectForExercise()
    23:42:16.665 | 486 ool-1-worker-250 | DEBUG | d.t.c.a.a.p.s.g.GitLabCIService      : Unsupported action: GitLabCIService.removeAllDefaultProjectPermissions()
    23:42:16.665 | 486 ool-1-worker-250 | DEBUG | d.t.c.a.a.p.s.g.GitLabCIService      : Unsupported action: GitLabCIService.givePlanPermissions()
    23:42:16.665 | 486 ool-1-worker-250 | DEBUG | d.t.c.a.a.p.s.g.GitLabCIService      : Unsupported action: GitLabCIService.giveProjectPermissions()
    23:42:16.666 | 486 ool-1-worker-250 | DEBUG | d.t.c.a.a.p.s.g.GitLabCIService      : Unsupported action: GitLabCIService.updatePlanRepository()
    23:42:16.666 | 486 ool-1-worker-250 | DEBUG | d.t.c.a.a.p.s.g.GitLabCIService      : Unsupported action: GitLabCIService.enablePlan()
    23:42:16.666 | 486 ool-1-worker-250 | DEBUG | d.t.c.a.a.p.s.g.GitLabCIService      : Unsupported action: GitLabCIService.deleteBuildPlan()
    23:42:16.666 | 486 ool-1-worker-250 | DEBUG | d.t.c.a.a.p.s.g.GitLabCIService      : Please refer to the repository for deleting the project. The build plan can not be deleted separately.
    23:42:16.666 | 486 ool-1-worker-250 | DEBUG | d.t.c.a.a.p.s.g.GitLabCIService      : Unsupported action: GitLabCIService.deleteBuildPlan()
    23:42:16.666 | 486 ool-1-worker-250 | DEBUG | d.t.c.a.a.p.s.g.GitLabCIService      : Please refer to the repository for deleting the project. The build plan can not be deleted separately.
    23:42:16.666 | 486 ool-1-worker-250 | DEBUG | d.t.c.a.a.p.s.g.GitLabCIService      : Unsupported action: GitLabCIService.getWebHookUrl()
    23:42:16.666 | 486 ool-1-worker-250 | DEBUG | d.t.c.a.a.p.s.g.GitLabCIService      : Unsupported action: GitLabCIService.checkIfProjectExists()
    23:42:16.674 | 486 ool-1-worker-250 | DEBUG | d.t.c.a.a.p.s.g.GitLabCIService      : Unsupported action: GitLabCIService.checkIfBuildPlanExists()
    23:42:16.674 | 486 ool-1-worker-250 | DEBUG | d.t.c.a.a.p.s.g.GitLabCIService      : Unsupported action: GitLabCIService.retrieveLatestArtifact()

  Starting logs for GitlabCIServiceTest > testExtractAndPersistBuildLogStatistics()
    23:42:16.720 | 486 ool-1-worker-250 | DEBUG | d.t.c.a.a.c.u.util.UserUtilService   : Generate 1 students...
    23:42:16.727 | 486 ool-1-worker-250 | DEBUG | d.t.c.a.a.c.u.util.UserUtilService   : 1 students generated. Generate 0 tutors...
    23:42:16.732 | 486 ool-1-worker-250 | DEBUG | d.t.c.a.a.c.u.util.UserUtilService   : 0 tutors generated. Generate 0 editors...
    23:42:16.733 | 486 ool-1-worker-250 | DEBUG | d.t.c.a.a.c.u.util.UserUtilService   : 0 editors generated. Generate 1 instructors...
    23:42:16.740 | 486 ool-1-worker-250 | DEBUG | d.t.c.a.a.c.u.util.UserUtilService   : 1 instructors generated
    23:42:16.742 | 486 ool-1-worker-250 | DEBUG | d.t.c.a.a.c.u.util.UserUtilService   : Removing 2 users from all courses...
    23:42:16.744 | 486 ool-1-worker-250 | DEBUG | d.t.c.a.a.c.u.util.UserUtilService   : Removing 2 users from all courses. Done
    23:42:16.744 | 486 ool-1-worker-250 | DEBUG | d.t.c.a.a.c.u.util.UserUtilService   : Save 2 users to database...
    23:42:16.747 | 486 ool-1-worker-250 | DEBUG | d.t.c.a.a.c.u.util.UserUtilService   : Save 2 users to database. Done
    23:42:16.766 | 486 ool-1-worker-250 | INFO  | i.z.t.d.l.EmbeddedDatabaseReporter   : JDBC URL to connect to 'dataSource': url='jdbc:h2:tcp://localhost:41063/mem:a74bc5d1-02ef-4ef8-8db7-9c0ac1aa8d92;USER=sa', scope='GitlabCIServiceTest#testExtractAndPersistBuildLogStatistics'
    23:42:16.771 | 486 ool-1-worker-250 | DEBUG | PersonalAccessTokenManagementService : Generate secure vcs access token
    23:42:16.781 | 486 ool-1-worker-250 | WARN  | .t.c.a.a.p.s.g.GitLabCIResultService : Received unsupported project type GRADLE_GRADLE for GitLabCIService.extractAndPersistBuildLogStatistics, will not store any build log statistics.
    23:42:16.781 | 486 ool-1-worker-250 | DEBUG | .t.c.a.a.p.s.g.GitLabCIResultService : No build logs statistics extracted for submission 1

  Starting logs for GitlabCIServiceTest > testCopyBuildPlan()
    23:42:16.825 | 486 ool-1-worker-250 | DEBUG | d.t.c.a.a.c.u.util.UserUtilService   : Generate 1 students...
    23:42:16.831 | 486 ool-1-worker-250 | DEBUG | d.t.c.a.a.c.u.util.UserUtilService   : 1 students generated. Generate 0 tutors...
    23:42:16.833 | 486 ool-1-worker-250 | DEBUG | d.t.c.a.a.c.u.util.UserUtilService   : 0 tutors generated. Generate 0 editors...
    23:42:16.837 | 486 ool-1-worker-250 | DEBUG | d.t.c.a.a.c.u.util.UserUtilService   : 0 editors generated. Generate 1 instructors...
    23:42:16.843 | 486 ool-1-worker-250 | DEBUG | d.t.c.a.a.c.u.util.UserUtilService   : 1 instructors generated
    23:42:16.844 | 486 ool-1-worker-250 | DEBUG | d.t.c.a.a.c.u.util.UserUtilService   : Removing 2 users from all courses...
    23:42:16.848 | 486 ool-1-worker-250 | DEBUG | d.t.c.a.a.c.u.util.UserUtilService   : Removing 2 users from all courses. Done
    23:42:16.848 | 486 ool-1-worker-250 | DEBUG | d.t.c.a.a.c.u.util.UserUtilService   : Save 2 users to database...
    23:42:16.855 | 486 ool-1-worker-250 | DEBUG | d.t.c.a.a.c.u.util.UserUtilService   : Save 2 users to database. Done
    23:42:16.873 | 486 ool-1-worker-250 | INFO  | i.z.t.d.l.EmbeddedDatabaseReporter   : JDBC URL to connect to 'dataSource': url='jdbc:h2:tcp://localhost:41063/mem:a74bc5d1-02ef-4ef8-8db7-9c0ac1aa8d92;USER=sa', scope='GitlabCIServiceTest#testCopyBuildPlan'

  Starting logs for GitlabCIServiceTest > testGetBuildStatusQueued()
    23:42:16.894 | 486 ool-1-worker-250 | DEBUG | d.t.c.a.a.c.u.util.UserUtilService   : Generate 1 students...
    23:42:16.900 | 486 ool-1-worker-250 | DEBUG | d.t.c.a.a.c.u.util.UserUtilService   : 1 students generated. Generate 0 tutors...
    23:42:16.904 | 486 ool-1-worker-250 | DEBUG | d.t.c.a.a.c.u.util.UserUtilService   : 0 tutors generated. Generate 0 editors...
    23:42:16.905 | 486 ool-1-worker-250 | DEBUG | d.t.c.a.a.c.u.util.UserUtilService   : 0 editors generated. Generate 1 instructors...
    23:42:16.912 | 486 ool-1-worker-250 | DEBUG | d.t.c.a.a.c.u.util.UserUtilService   : 1 instructors generated
    23:42:16.916 | 486 ool-1-worker-250 | DEBUG | d.t.c.a.a.c.u.util.UserUtilService   : Removing 2 users from all courses...
    23:42:16.917 | 486 ool-1-worker-250 | DEBUG | d.t.c.a.a.c.u.util.UserUtilService   : Removing 2 users from all courses. Done
    23:42:16.917 | 486 ool-1-worker-250 | DEBUG | d.t.c.a.a.c.u.util.UserUtilService   : Save 2 users to database...
    23:42:16.923 | 486 ool-1-worker-250 | DEBUG | d.t.c.a.a.c.u.util.UserUtilService   : Save 2 users to database. Done
    23:42:16.972 | 486 ool-1-worker-250 | INFO  | i.z.t.d.l.EmbeddedDatabaseReporter   : JDBC URL to connect to 'dataSource': url='jdbc:h2:tcp://localhost:41063/mem:a74bc5d1-02ef-4ef8-8db7-9c0ac1aa8d92;USER=sa', scope='GitlabCIServiceTest#testGetBuildStatusQueued'
    23:42:16.983 | 486 ool-1-worker-250 | DEBUG | PersonalAccessTokenManagementService : Generate secure vcs access token

  Starting logs for GitlabCIServiceTest > testTriggerBuildFails()
    23:42:17.016 | 486 ool-1-worker-250 | DEBUG | d.t.c.a.a.c.u.util.UserUtilService   : Generate 1 students...
    23:42:17.020 | 486 ool-1-worker-250 | DEBUG | d.t.c.a.a.c.u.util.UserUtilService   : 1 students generated. Generate 0 tutors...
    23:42:17.021 | 486 ool-1-worker-250 | DEBUG | d.t.c.a.a.c.u.util.UserUtilService   : 0 tutors generated. Generate 0 editors...
    23:42:17.023 | 486 ool-1-worker-250 | DEBUG | d.t.c.a.a.c.u.util.UserUtilService   : 0 editors generated. Generate 1 instructors...
    23:42:17.026 | 486 ool-1-worker-250 | DEBUG | d.t.c.a.a.c.u.util.UserUtilService   : 1 instructors generated
    23:42:17.028 | 486 ool-1-worker-250 | DEBUG | d.t.c.a.a.c.u.util.UserUtilService   : Removing 2 users from all courses...
    23:42:17.028 | 486 ool-1-worker-250 | DEBUG | d.t.c.a.a.c.u.util.UserUtilService   : Removing 2 users from all courses. Done
    23:42:17.028 | 486 ool-1-worker-250 | DEBUG | d.t.c.a.a.c.u.util.UserUtilService   : Save 2 users to database...
    23:42:17.032 | 486 ool-1-worker-250 | DEBUG | d.t.c.a.a.c.u.util.UserUtilService   : Save 2 users to database. Done
    23:42:17.051 | 486 ool-1-worker-250 | INFO  | i.z.t.d.l.EmbeddedDatabaseReporter   : JDBC URL to connect to 'dataSource': url='jdbc:h2:tcp://localhost:41063/mem:a74bc5d1-02ef-4ef8-8db7-9c0ac1aa8d92;USER=sa', scope='GitlabCIServiceTest#testTriggerBuildFails'
    23:42:17.056 | 486 ool-1-worker-250 | DEBUG | PersonalAccessTokenManagementService : Generate secure vcs access token

  Starting logs for GitlabCIServiceTest > testGetBuildStatusBuilding()
    23:42:17.107 | 486 ool-1-worker-250 | DEBUG | d.t.c.a.a.c.u.util.UserUtilService   : Generate 1 students...
    23:42:17.110 | 486 ool-1-worker-250 | DEBUG | d.t.c.a.a.c.u.util.UserUtilService   : 1 students generated. Generate 0 tutors...
    23:42:17.112 | 486 ool-1-worker-250 | DEBUG | d.t.c.a.a.c.u.util.UserUtilService   : 0 tutors generated. Generate 0 editors...
    23:42:17.113 | 486 ool-1-worker-250 | DEBUG | d.t.c.a.a.c.u.util.UserUtilService   : 0 editors generated. Generate 1 instructors...
    23:42:17.117 | 486 ool-1-worker-250 | DEBUG | d.t.c.a.a.c.u.util.UserUtilService   : 1 instructors generated
    23:42:17.118 | 486 ool-1-worker-250 | DEBUG | d.t.c.a.a.c.u.util.UserUtilService   : Removing 2 users from all courses...
    23:42:17.119 | 486 ool-1-worker-250 | DEBUG | d.t.c.a.a.c.u.util.UserUtilService   : Removing 2 users from all courses. Done
    23:42:17.119 | 486 ool-1-worker-250 | DEBUG | d.t.c.a.a.c.u.util.UserUtilService   : Save 2 users to database...
    23:42:17.124 | 486 ool-1-worker-250 | DEBUG | d.t.c.a.a.c.u.util.UserUtilService   : Save 2 users to database. Done
    23:42:17.145 | 486 ool-1-worker-250 | INFO  | i.z.t.d.l.EmbeddedDatabaseReporter   : JDBC URL to connect to 'dataSource': url='jdbc:h2:tcp://localhost:41063/mem:a74bc5d1-02ef-4ef8-8db7-9c0ac1aa8d92;USER=sa', scope='GitlabCIServiceTest#testGetBuildStatusBuilding'
    23:42:17.154 | 486 ool-1-worker-250 | DEBUG | PersonalAccessTokenManagementService : Generate secure vcs access token

  Starting logs for GitlabCIServiceTest > testTriggerBuildSuccess()
    23:42:17.213 | 486 ool-1-worker-250 | DEBUG | d.t.c.a.a.c.u.util.UserUtilService   : Generate 1 students...
    23:42:17.219 | 486 ool-1-worker-250 | DEBUG | d.t.c.a.a.c.u.util.UserUtilService   : 1 students generated. Generate 0 tutors...
    23:42:17.220 | 486 ool-1-worker-250 | DEBUG | d.t.c.a.a.c.u.util.UserUtilService   : 0 tutors generated. Generate 0 editors...
    23:42:17.225 | 486 ool-1-worker-250 | DEBUG | d.t.c.a.a.c.u.util.UserUtilService   : 0 editors generated. Generate 1 instructors...
    23:42:17.231 | 486 ool-1-worker-250 | DEBUG | d.t.c.a.a.c.u.util.UserUtilService   : 1 instructors generated
    23:42:17.232 | 486 ool-1-worker-250 | DEBUG | d.t.c.a.a.c.u.util.UserUtilService   : Removing 2 users from all courses...
    23:42:17.236 | 486 ool-1-worker-250 | DEBUG | d.t.c.a.a.c.u.util.UserUtilService   : Removing 2 users from all courses. Done
    23:42:17.236 | 486 ool-1-worker-250 | DEBUG | d.t.c.a.a.c.u.util.UserUtilService   : Save 2 users to database...
    23:42:17.242 | 486 ool-1-worker-250 | DEBUG | d.t.c.a.a.c.u.util.UserUtilService   : Save 2 users to database. Done
    23:42:17.277 | 486 ool-1-worker-250 | INFO  | i.z.t.d.l.EmbeddedDatabaseReporter   : JDBC URL to connect to 'dataSource': url='jdbc:h2:tcp://localhost:41063/mem:a74bc5d1-02ef-4ef8-8db7-9c0ac1aa8d92;USER=sa', scope='GitlabCIServiceTest#testTriggerBuildSuccess'
    23:42:17.296 | 486 ool-1-worker-250 | DEBUG | PersonalAccessTokenManagementService : Generate secure vcs access token

  Starting logs for GitlabCIServiceTest > testConfigureBuildPlanSuccess()
    23:42:17.351 | 486 ool-1-worker-250 | DEBUG | d.t.c.a.a.c.u.util.UserUtilService   : Generate 1 students...
    23:42:17.364 | 486 ool-1-worker-250 | DEBUG | d.t.c.a.a.c.u.util.UserUtilService   : 1 students generated. Generate 0 tutors...
    23:42:17.367 | 486 ool-1-worker-250 | DEBUG | d.t.c.a.a.c.u.util.UserUtilService   : 0 tutors generated. Generate 0 editors...
    23:42:17.371 | 486 ool-1-worker-250 | DEBUG | d.t.c.a.a.c.u.util.UserUtilService   : 0 editors generated. Generate 1 instructors...
    23:42:17.377 | 486 ool-1-worker-250 | DEBUG | d.t.c.a.a.c.u.util.UserUtilService   : 1 instructors generated
    23:42:17.378 | 486 ool-1-worker-250 | DEBUG | d.t.c.a.a.c.u.util.UserUtilService   : Removing 2 users from all courses...
    23:42:17.382 | 486 ool-1-worker-250 | DEBUG | d.t.c.a.a.c.u.util.UserUtilService   : Removing 2 users from all courses. Done
    23:42:17.382 | 486 ool-1-worker-250 | DEBUG | d.t.c.a.a.c.u.util.UserUtilService   : Save 2 users to database...
    23:42:17.391 | 486 ool-1-worker-250 | DEBUG | d.t.c.a.a.c.u.util.UserUtilService   : Save 2 users to database. Done
    23:42:17.415 | 486 ool-1-worker-250 | INFO  | i.z.t.d.l.EmbeddedDatabaseReporter   : JDBC URL to connect to 'dataSource': url='jdbc:h2:tcp://localhost:41063/mem:a74bc5d1-02ef-4ef8-8db7-9c0ac1aa8d92;USER=sa', scope='GitlabCIServiceTest#testConfigureBuildPlanSuccess'
    23:42:17.424 | 486 ool-1-worker-250 | DEBUG | PersonalAccessTokenManagementService : Generate secure vcs access token

  Starting logs for GitlabCIServiceTest > testGetBuildStatusInactive()
    23:42:17.461 | 486 ool-1-worker-250 | DEBUG | d.t.c.a.a.c.u.util.UserUtilService   : Generate 1 students...
    23:42:17.464 | 486 ool-1-worker-250 | DEBUG | d.t.c.a.a.c.u.util.UserUtilService   : 1 students generated. Generate 0 tutors...
    23:42:17.466 | 486 ool-1-worker-250 | DEBUG | d.t.c.a.a.c.u.util.UserUtilService   : 0 tutors generated. Generate 0 editors...
    23:42:17.468 | 486 ool-1-worker-250 | DEBUG | d.t.c.a.a.c.u.util.UserUtilService   : 0 editors generated. Generate 1 instructors...
    23:42:17.471 | 486 ool-1-worker-250 | DEBUG | d.t.c.a.a.c.u.util.UserUtilService   : 1 instructors generated
    23:42:17.472 | 486 ool-1-worker-250 | DEBUG | d.t.c.a.a.c.u.util.UserUtilService   : Removing 2 users from all courses...
    23:42:17.477 | 486 ool-1-worker-250 | DEBUG | d.t.c.a.a.c.u.util.UserUtilService   : Removing 2 users from all courses. Done
    23:42:17.480 | 486 ool-1-worker-250 | DEBUG | d.t.c.a.a.c.u.util.UserUtilService   : Save 2 users to database...
    23:42:17.487 | 486 ool-1-worker-250 | DEBUG | d.t.c.a.a.c.u.util.UserUtilService   : Save 2 users to database. Done
    23:42:17.523 | 486 ool-1-worker-250 | INFO  | i.z.t.d.l.EmbeddedDatabaseReporter   : JDBC URL to connect to 'dataSource': url='jdbc:h2:tcp://localhost:41063/mem:a74bc5d1-02ef-4ef8-8db7-9c0ac1aa8d92;USER=sa', scope='GitlabCIServiceTest#testGetBuildStatusInactive'
    23:42:17.527 | 486 ool-1-worker-250 | DEBUG | PersonalAccessTokenManagementService : Generate secure vcs access token

  Starting logs for GitlabCIServiceTest > testCreateBuildPlanForExercise()
    23:42:17.551 | 486 ool-1-worker-250 | DEBUG | d.t.c.a.a.c.u.util.UserUtilService   : Generate 1 students...
    23:42:17.555 | 486 ool-1-worker-250 | DEBUG | d.t.c.a.a.c.u.util.UserUtilService   : 1 students generated. Generate 0 tutors...
    23:42:17.556 | 486 ool-1-worker-250 | DEBUG | d.t.c.a.a.c.u.util.UserUtilService   : 0 tutors generated. Generate 0 editors...
    23:42:17.559 | 486 ool-1-worker-250 | DEBUG | d.t.c.a.a.c.u.util.UserUtilService   : 0 editors generated. Generate 1 instructors...
    23:42:17.563 | 486 ool-1-worker-250 | DEBUG | d.t.c.a.a.c.u.util.UserUtilService   : 1 instructors generated
    23:42:17.564 | 486 ool-1-worker-250 | DEBUG | d.t.c.a.a.c.u.util.UserUtilService   : Removing 2 users from all courses...
    23:42:17.565 | 486 ool-1-worker-250 | DEBUG | d.t.c.a.a.c.u.util.UserUtilService   : Removing 2 users from all courses. Done
    23:42:17.565 | 486 ool-1-worker-250 | DEBUG | d.t.c.a.a.c.u.util.UserUtilService   : Save 2 users to database...
    23:42:17.570 | 486 ool-1-worker-250 | DEBUG | d.t.c.a.a.c.u.util.UserUtilService   : Save 2 users to database. Done
    23:42:17.594 | 486 ool-1-worker-250 | INFO  | i.z.t.d.l.EmbeddedDatabaseReporter   : JDBC URL to connect to 'dataSource': url='jdbc:h2:tcp://localhost:41063/mem:a74bc5d1-02ef-4ef8-8db7-9c0ac1aa8d92;USER=sa', scope='GitlabCIServiceTest#testCreateBuildPlanForExercise'
    23:42:17.599 | 486 ool-1-worker-250 | DEBUG | PersonalAccessTokenManagementService : Generate secure vcs access token

  Starting logs for GitlabCIServiceTest > testHealth()
    23:42:17.644 | 486 ool-1-worker-250 | DEBUG | d.t.c.a.a.c.u.util.UserUtilService   : Generate 1 students...
    23:42:17.648 | 486 ool-1-worker-250 | DEBUG | d.t.c.a.a.c.u.util.UserUtilService   : 1 students generated. Generate 0 tutors...
    23:42:17.649 | 486 ool-1-worker-250 | DEBUG | d.t.c.a.a.c.u.util.UserUtilService   : 0 tutors generated. Generate 0 editors...
    23:42:17.650 | 486 ool-1-worker-250 | DEBUG | d.t.c.a.a.c.u.util.UserUtilService   : 0 editors generated. Generate 1 instructors...
    23:42:17.654 | 486 ool-1-worker-250 | DEBUG | d.t.c.a.a.c.u.util.UserUtilService   : 1 instructors generated
    23:42:17.655 | 486 ool-1-worker-250 | DEBUG | d.t.c.a.a.c.u.util.UserUtilService   : Removing 2 users from all courses...
    23:42:17.656 | 486 ool-1-worker-250 | DEBUG | d.t.c.a.a.c.u.util.UserUtilService   : Removing 2 users from all courses. Done
    23:42:17.656 | 486 ool-1-worker-250 | DEBUG | d.t.c.a.a.c.u.util.UserUtilService   : Save 2 users to database...
    23:42:17.659 | 486 ool-1-worker-250 | DEBUG | d.t.c.a.a.c.u.util.UserUtilService   : Save 2 users to database. Done
    23:42:17.702 | 486 ool-1-worker-250 | INFO  | i.z.t.d.l.EmbeddedDatabaseReporter   : JDBC URL to connect to 'dataSource': url='jdbc:h2:tcp://localhost:41063/mem:a74bc5d1-02ef-4ef8-8db7-9c0ac1aa8d92;USER=sa', scope='GitlabCIServiceTest#testHealth'

Finished logs for GitlabCIServiceTest
]]></system-out>
  <system-err><![CDATA[]]></system-err>
</testsuite>
