<?xml version="1.0" encoding="UTF-8"?>
<testsuite name="de.tum.cit.aet.artemis.programming.icl.ProgrammingExerciseLocalVCLocalCIIntegrationTest$TestGetCheckoutDirectories" tests="3" skipped="0" failures="0" errors="0" timestamp="2025-02-14T23:46:14" hostname="fv-az1721-502" time="0.799">
  <properties/>
  <testcase name="testWithNotSupportedProgrammingLanguage()" classname="de.tum.cit.aet.artemis.programming.icl.ProgrammingExerciseLocalVCLocalCIIntegrationTest$TestGetCheckoutDirectories" time="0.251"/>
  <testcase name="testAccessForbidden()" classname="de.tum.cit.aet.artemis.programming.icl.ProgrammingExerciseLocalVCLocalCIIntegrationTest$TestGetCheckoutDirectories" time="0.266"/>
  <testcase name="testWithValidProgrammingLanguage()" classname="de.tum.cit.aet.artemis.programming.icl.ProgrammingExerciseLocalVCLocalCIIntegrationTest$TestGetCheckoutDirectories" time="0.281"/>
  <system-out><![CDATA[
Starting logs for TestGetCheckoutDirectories

  Starting logs for TestGetCheckoutDirectories > testWithNotSupportedProgrammingLanguage()
    23:46:14.332 |  27 nPool-1-worker-1 | DEBUG | d.t.c.a.a.c.u.util.UserUtilService   : Generate 1 students...
    23:46:14.335 |  27 nPool-1-worker-1 | DEBUG | d.t.c.a.a.c.u.util.UserUtilService   : 1 students generated. Generate 1 tutors...
    23:46:14.338 |  27 nPool-1-worker-1 | DEBUG | d.t.c.a.a.c.u.util.UserUtilService   : 1 tutors generated. Generate 1 editors...
    23:46:14.340 |  27 nPool-1-worker-1 | DEBUG | d.t.c.a.a.c.u.util.UserUtilService   : 1 editors generated. Generate 1 instructors...
    23:46:14.345 |  27 nPool-1-worker-1 | DEBUG | d.t.c.a.a.c.u.util.UserUtilService   : 1 instructors generated
    23:46:14.349 |  27 nPool-1-worker-1 | DEBUG | d.t.c.a.a.c.u.util.UserUtilService   : Removing 4 users from all courses...
    23:46:14.349 |  27 nPool-1-worker-1 | DEBUG | d.t.c.a.a.c.u.util.UserUtilService   : Removing 4 users from all courses. Done
    23:46:14.349 |  27 nPool-1-worker-1 | DEBUG | d.t.c.a.a.c.u.util.UserUtilService   : Save 4 users to database...
    23:46:14.358 |  27 nPool-1-worker-1 | DEBUG | d.t.c.a.a.c.u.util.UserUtilService   : Save 4 users to database. Done
    23:46:14.400 |  27 nPool-1-worker-1 | DEBUG | PersonalAccessTokenManagementService : Generate secure vcs access token
    23:46:14.545 |  27 nPool-1-worker-1 | INFO  | i.z.t.d.l.EmbeddedDatabaseReporter   : JDBC URL to connect to 'dataSource': url='jdbc:h2:tcp://localhost:41063/mem:f240edcd-27ce-47a3-b4ab-a6a00c154135;USER=sa', scope='TestGetCheckoutDirectories#testWithNotSupportedProgrammingLanguage'
    23:46:14.546 |  27 nPool-1-worker-1 | DEBUG | d.t.c.a.a.c.s.f.ApiVersionFilter     : Adding Version to Request GET /api/programming-exercises/repository-checkout-directories
    23:46:14.547 |  27 nPool-1-worker-1 | WARN  | o.z.p.spring.common.AdviceTraits     : Bad Request: Method parameter 'programmingLanguage': Failed to convert value of type 'java.lang.String' to required type 'de.tum.cit.aet.artemis.programming.domain.ProgrammingLanguage'; Failed to convert from type [java.lang.String] to type [@org.springframework.web.bind.annotation.RequestParam de.tum.cit.aet.artemis.programming.domain.ProgrammingLanguage] for value [languageThatDoesNotExist]

  Starting logs for TestGetCheckoutDirectories > testAccessForbidden()
    23:46:14.581 |  27 nPool-1-worker-1 | DEBUG | d.t.c.a.a.c.u.util.UserUtilService   : Generate 1 students...
    23:46:14.584 |  27 nPool-1-worker-1 | DEBUG | d.t.c.a.a.c.u.util.UserUtilService   : 1 students generated. Generate 1 tutors...
    23:46:14.586 |  27 nPool-1-worker-1 | DEBUG | d.t.c.a.a.c.u.util.UserUtilService   : 1 tutors generated. Generate 1 editors...
    23:46:14.589 |  27 nPool-1-worker-1 | DEBUG | d.t.c.a.a.c.u.util.UserUtilService   : 1 editors generated. Generate 1 instructors...
    23:46:14.594 |  27 nPool-1-worker-1 | DEBUG | d.t.c.a.a.c.u.util.UserUtilService   : 1 instructors generated
    23:46:14.596 |  27 nPool-1-worker-1 | DEBUG | d.t.c.a.a.c.u.util.UserUtilService   : Removing 4 users from all courses...
    23:46:14.597 |  27 nPool-1-worker-1 | DEBUG | d.t.c.a.a.c.u.util.UserUtilService   : Removing 4 users from all courses. Done
    23:46:14.597 |  27 nPool-1-worker-1 | DEBUG | d.t.c.a.a.c.u.util.UserUtilService   : Save 4 users to database...
    23:46:14.603 |  27 nPool-1-worker-1 | DEBUG | d.t.c.a.a.c.u.util.UserUtilService   : Save 4 users to database. Done
    23:46:14.625 |  27 nPool-1-worker-1 | DEBUG | PersonalAccessTokenManagementService : Generate secure vcs access token
    23:46:14.783 |  27 nPool-1-worker-1 | INFO  | i.z.t.d.l.EmbeddedDatabaseReporter   : JDBC URL to connect to 'dataSource': url='jdbc:h2:tcp://localhost:41063/mem:f240edcd-27ce-47a3-b4ab-a6a00c154135;USER=sa', scope='TestGetCheckoutDirectories#testAccessForbidden'
    23:46:14.784 |  27 nPool-1-worker-1 | DEBUG | d.t.c.a.a.c.s.f.ApiVersionFilter     : Adding Version to Request GET /api/programming-exercises/repository-checkout-directories
    23:46:14.796 |  27 nPool-1-worker-1 | WARN  | o.z.p.spring.common.AdviceTraits     : Forbidden: Access Denied

  Starting logs for TestGetCheckoutDirectories > testWithValidProgrammingLanguage()
    23:46:14.848 |  27 nPool-1-worker-1 | DEBUG | d.t.c.a.a.c.u.util.UserUtilService   : Generate 1 students...
    23:46:14.854 |  27 nPool-1-worker-1 | DEBUG | d.t.c.a.a.c.u.util.UserUtilService   : 1 students generated. Generate 1 tutors...
    23:46:14.860 |  27 nPool-1-worker-1 | DEBUG | d.t.c.a.a.c.u.util.UserUtilService   : 1 tutors generated. Generate 1 editors...
    23:46:14.863 |  27 nPool-1-worker-1 | DEBUG | d.t.c.a.a.c.u.util.UserUtilService   : 1 editors generated. Generate 1 instructors...
    23:46:14.867 |  27 nPool-1-worker-1 | DEBUG | d.t.c.a.a.c.u.util.UserUtilService   : 1 instructors generated
    23:46:14.868 |  27 nPool-1-worker-1 | DEBUG | d.t.c.a.a.c.u.util.UserUtilService   : Removing 4 users from all courses...
    23:46:14.869 |  27 nPool-1-worker-1 | DEBUG | d.t.c.a.a.c.u.util.UserUtilService   : Removing 4 users from all courses. Done
    23:46:14.869 |  27 nPool-1-worker-1 | DEBUG | d.t.c.a.a.c.u.util.UserUtilService   : Save 4 users to database...
    23:46:14.873 |  27 nPool-1-worker-1 | DEBUG | d.t.c.a.a.c.u.util.UserUtilService   : Save 4 users to database. Done
    23:46:14.957 |  27 nPool-1-worker-1 | DEBUG | PersonalAccessTokenManagementService : Generate secure vcs access token
    23:46:15.087 |  27 nPool-1-worker-1 | INFO  | i.z.t.d.l.EmbeddedDatabaseReporter   : JDBC URL to connect to 'dataSource': url='jdbc:h2:tcp://localhost:41063/mem:f240edcd-27ce-47a3-b4ab-a6a00c154135;USER=sa', scope='TestGetCheckoutDirectories#testWithValidProgrammingLanguage'
    23:46:15.092 |  27 nPool-1-worker-1 | DEBUG | d.t.c.a.a.c.s.f.ApiVersionFilter     : Adding Version to Request GET /api/programming-exercises/repository-checkout-directories
    23:46:15.094 |  27 nPool-1-worker-1 | DEBUG | .a.a.p.w.ProgrammingExerciseResource : REST request to get checkout directories for programming language: JAVA

Finished logs for TestGetCheckoutDirectories
]]></system-out>
  <system-err><![CDATA[]]></system-err>
</testsuite>
