<?xml version="1.0" encoding="UTF-8"?>
<testsuite name="de.tum.cit.aet.artemis.modeling.compass.umlmodel.usecase.UMLUseCaseDiagramTest" tests="6" skipped="0" failures="0" errors="0" timestamp="2025-02-14T23:40:05" hostname="fv-az1721-502" time="0.067">
  <properties/>
  <testcase name="similarityUseCaseDiagram_DifferentModels()" classname="de.tum.cit.aet.artemis.modeling.compass.umlmodel.usecase.UMLUseCaseDiagramTest" time="0.011"/>
  <testcase name="parseUseCaseDiagramModelCorrectly()" classname="de.tum.cit.aet.artemis.modeling.compass.umlmodel.usecase.UMLUseCaseDiagramTest" time="0.001"/>
  <testcase name="similarityUseCaseDiagram_v3_DifferentModels()" classname="de.tum.cit.aet.artemis.modeling.compass.umlmodel.usecase.UMLUseCaseDiagramTest" time="0.007"/>
  <testcase name="similarityUseCaseDiagram_EqualModels()" classname="de.tum.cit.aet.artemis.modeling.compass.umlmodel.usecase.UMLUseCaseDiagramTest" time="0.022"/>
  <testcase name="parseUseCaseDiagramModelCorrectly_v3()" classname="de.tum.cit.aet.artemis.modeling.compass.umlmodel.usecase.UMLUseCaseDiagramTest" time="0.006"/>
  <testcase name="similarityUseCaseDiagram_v3_EqualModels()" classname="de.tum.cit.aet.artemis.modeling.compass.umlmodel.usecase.UMLUseCaseDiagramTest" time="0.014"/>
  <system-out><![CDATA[
Starting logs for UMLUseCaseDiagramTest

  Starting logs for UMLUseCaseDiagramTest > similarityUseCaseDiagram_DifferentModels()
    23:40:05.158 |  27 nPool-1-worker-1 | DEBUG | s.ModelingPlagiarismDetectionService : Build UML diagram from json
    23:40:05.163 |  27 nPool-1-worker-1 | DEBUG | s.ModelingPlagiarismDetectionService : Build UML diagram from json
    23:40:05.163 |  27 nPool-1-worker-1 | INFO  | s.ModelingPlagiarismDetectionService : Found 2 modeling submissions with at least 1 elements to compare
    23:40:05.167 |  27 nPool-1-worker-1 | DEBUG | s.ModelingPlagiarismDetectionService : Compare result 0 with 1: 0.18447999999999998
    23:40:05.167 |  27 nPool-1-worker-1 | INFO  | s.ModelingPlagiarismDetectionService : Found similar models 0 with 1: 0.18447999999999998
    23:40:05.167 |  27 nPool-1-worker-1 | INFO  | s.ModelingPlagiarismDetectionService : Found 1 similar modeling submission combinations (>0.0)

  Starting logs for UMLUseCaseDiagramTest > parseUseCaseDiagramModelCorrectly()

  Starting logs for UMLUseCaseDiagramTest > similarityUseCaseDiagram_v3_DifferentModels()
    23:40:05.172 |  27 nPool-1-worker-1 | DEBUG | s.ModelingPlagiarismDetectionService : Build UML diagram from json
    23:40:05.174 |  27 nPool-1-worker-1 | DEBUG | s.ModelingPlagiarismDetectionService : Build UML diagram from json
    23:40:05.174 |  27 nPool-1-worker-1 | INFO  | s.ModelingPlagiarismDetectionService : Found 2 modeling submissions with at least 1 elements to compare
    23:40:05.178 |  27 nPool-1-worker-1 | DEBUG | s.ModelingPlagiarismDetectionService : Compare result 0 with 1: 0.18447999999999998
    23:40:05.178 |  27 nPool-1-worker-1 | INFO  | s.ModelingPlagiarismDetectionService : Found similar models 0 with 1: 0.18447999999999998
    23:40:05.178 |  27 nPool-1-worker-1 | INFO  | s.ModelingPlagiarismDetectionService : Found 1 similar modeling submission combinations (>0.0)

  Starting logs for UMLUseCaseDiagramTest > similarityUseCaseDiagram_EqualModels()
    23:40:05.181 |  27 nPool-1-worker-1 | DEBUG | s.ModelingPlagiarismDetectionService : Build UML diagram from json
    23:40:05.188 |  27 nPool-1-worker-1 | DEBUG | s.ModelingPlagiarismDetectionService : Build UML diagram from json
    23:40:05.190 |  27 nPool-1-worker-1 | INFO  | s.ModelingPlagiarismDetectionService : Found 2 modeling submissions with at least 1 elements to compare
    23:40:05.197 |  27 nPool-1-worker-1 | DEBUG | s.ModelingPlagiarismDetectionService : Compare result 0 with 1: 1.0
    23:40:05.198 |  27 nPool-1-worker-1 | INFO  | s.ModelingPlagiarismDetectionService : Found similar models 0 with 1: 1.0
    23:40:05.198 |  27 nPool-1-worker-1 | INFO  | s.ModelingPlagiarismDetectionService : Found 1 similar modeling submission combinations (>0.8)
    23:40:05.198 |  27 nPool-1-worker-1 | DEBUG | s.ModelingPlagiarismDetectionService : Build UML diagram from json
    23:40:05.200 |  27 nPool-1-worker-1 | DEBUG | s.ModelingPlagiarismDetectionService : Build UML diagram from json
    23:40:05.201 |  27 nPool-1-worker-1 | INFO  | s.ModelingPlagiarismDetectionService : Found 2 modeling submissions with at least 1 elements to compare
    23:40:05.202 |  27 nPool-1-worker-1 | DEBUG | s.ModelingPlagiarismDetectionService : Compare result 0 with 1: 1.0
    23:40:05.202 |  27 nPool-1-worker-1 | INFO  | s.ModelingPlagiarismDetectionService : Found similar models 0 with 1: 1.0
    23:40:05.202 |  27 nPool-1-worker-1 | INFO  | s.ModelingPlagiarismDetectionService : Found 1 similar modeling submission combinations (>0.8)

  Starting logs for UMLUseCaseDiagramTest > parseUseCaseDiagramModelCorrectly_v3()

  Starting logs for UMLUseCaseDiagramTest > similarityUseCaseDiagram_v3_EqualModels()
    23:40:05.209 |  27 nPool-1-worker-1 | DEBUG | s.ModelingPlagiarismDetectionService : Build UML diagram from json
    23:40:05.213 |  27 nPool-1-worker-1 | DEBUG | s.ModelingPlagiarismDetectionService : Build UML diagram from json
    23:40:05.214 |  27 nPool-1-worker-1 | INFO  | s.ModelingPlagiarismDetectionService : Found 2 modeling submissions with at least 1 elements to compare
    23:40:05.220 |  27 nPool-1-worker-1 | DEBUG | s.ModelingPlagiarismDetectionService : Compare result 0 with 1: 1.0
    23:40:05.220 |  27 nPool-1-worker-1 | INFO  | s.ModelingPlagiarismDetectionService : Found similar models 0 with 1: 1.0
    23:40:05.220 |  27 nPool-1-worker-1 | INFO  | s.ModelingPlagiarismDetectionService : Found 1 similar modeling submission combinations (>0.8)
    23:40:05.220 |  27 nPool-1-worker-1 | DEBUG | s.ModelingPlagiarismDetectionService : Build UML diagram from json
    23:40:05.221 |  27 nPool-1-worker-1 | DEBUG | s.ModelingPlagiarismDetectionService : Build UML diagram from json
    23:40:05.221 |  27 nPool-1-worker-1 | INFO  | s.ModelingPlagiarismDetectionService : Found 2 modeling submissions with at least 1 elements to compare
    23:40:05.222 |  27 nPool-1-worker-1 | DEBUG | s.ModelingPlagiarismDetectionService : Compare result 0 with 1: 1.0
    23:40:05.222 |  27 nPool-1-worker-1 | INFO  | s.ModelingPlagiarismDetectionService : Found similar models 0 with 1: 1.0
    23:40:05.222 |  27 nPool-1-worker-1 | INFO  | s.ModelingPlagiarismDetectionService : Found 1 similar modeling submission combinations (>0.8)

Finished logs for UMLUseCaseDiagramTest
]]></system-out>
  <system-err><![CDATA[]]></system-err>
</testsuite>
